<?xml version="1.0" encoding="UTF-8"?>
<testsuite xmlns:xsi="http://www.w3.org/2001/XMLSchema-instance" xsi:noNamespaceSchemaLocation="https://maven.apache.org/surefire/maven-surefire-plugin/xsd/surefire-test-report.xsd" name="org.apache.hadoop.ozone.client.rpc.TestBlockOutputStream" time="611.617" tests="6" errors="0" skipped="0" failures="3">
  <properties>
    <property name="awt.toolkit" value="sun.awt.X11.XToolkit"/>
    <property name="file.encoding.pkg" value="sun.io"/>
    <property name="java.specification.version" value="1.8"/>
    <property name="sun.cpu.isalist" value=""/>
    <property name="sun.jnu.encoding" value="UTF-8"/>
    <property name="java.class.path" value="/workdir/hadoop-ozone/integration-test/target/test-classes:/workdir/hadoop-ozone/integration-test/target/classes:/home/user/.m2/repository/org/apache/hadoop/hadoop-ozone-common/0.5.0-SNAPSHOT/hadoop-ozone-common-0.5.0-SNAPSHOT.jar:/home/user/.m2/repository/org/apache/commons/commons-compress/1.4.1/commons-compress-1.4.1.jar:/home/user/.m2/repository/org/tukaani/xz/1.0/xz-1.0.jar:/home/user/.m2/repository/org/apache/hadoop/hadoop-common/3.2.0/hadoop-common-3.2.0.jar:/home/user/.m2/repository/org/apache/hadoop/hadoop-hdfs/3.2.0/hadoop-hdfs-3.2.0.jar:/home/user/.m2/repository/org/apache/hadoop/hadoop-hdfs-client/3.2.0/hadoop-hdfs-client-3.2.0.jar:/home/user/.m2/repository/com/fasterxml/jackson/core/jackson-annotations/2.9.5/jackson-annotations-2.9.5.jar:/home/user/.m2/repository/org/apache/hadoop/hadoop-hdds-common/0.5.0-SNAPSHOT/hadoop-hdds-common-0.5.0-SNAPSHOT.jar:/home/user/.m2/repository/javax/annotation/javax.annotation-api/1.2/javax.annotation-api-1.2.jar:/home/user/.m2/repository/org/apache/ratis/ratis-server/0.4.0-78e95b9-SNAPSHOT/ratis-server-0.4.0-78e95b9-SNAPSHOT.jar:/home/user/.m2/repository/org/apache/ratis/ratis-thirdparty-misc/0.2.0/ratis-thirdparty-misc-0.2.0.jar:/home/user/.m2/repository/org/apache/ratis/ratis-proto/0.4.0-78e95b9-SNAPSHOT/ratis-proto-0.4.0-78e95b9-SNAPSHOT.jar:/home/user/.m2/repository/org/apache/ratis/ratis-common/0.4.0-78e95b9-SNAPSHOT/ratis-common-0.4.0-78e95b9-SNAPSHOT.jar:/home/user/.m2/repository/org/apache/ratis/ratis-client/0.4.0-78e95b9-SNAPSHOT/ratis-client-0.4.0-78e95b9-SNAPSHOT.jar:/home/user/.m2/repository/org/apache/ratis/ratis-metrics/0.4.0-78e95b9-SNAPSHOT/ratis-metrics-0.4.0-78e95b9-SNAPSHOT.jar:/home/user/.m2/repository/com/github/joshelser/dropwizard-metrics-hadoop-metrics2-reporter/0.1.2/dropwizard-metrics-hadoop-metrics2-reporter-0.1.2.jar:/home/user/.m2/repository/io/dropwizard/metrics/metrics-jvm/3.2.5/metrics-jvm-3.2.5.jar:/home/user/.m2/repository/io/dropwizard/metrics/metrics-ganglia/3.2.5/metrics-ganglia-3.2.5.jar:/home/user/.m2/repository/info/ganglia/gmetric4j/gmetric4j/1.0.7/gmetric4j-1.0.7.jar:/home/user/.m2/repository/org/apache/ratis/ratis-netty/0.4.0-78e95b9-SNAPSHOT/ratis-netty-0.4.0-78e95b9-SNAPSHOT.jar:/home/user/.m2/repository/org/apache/ratis/ratis-grpc/0.4.0-78e95b9-SNAPSHOT/ratis-grpc-0.4.0-78e95b9-SNAPSHOT.jar:/home/user/.m2/repository/org/rocksdb/rocksdbjni/6.0.1/rocksdbjni-6.0.1.jar:/home/user/.m2/repository/org/apache/logging/log4j/log4j-api/2.11.0/log4j-api-2.11.0.jar:/home/user/.m2/repository/org/apache/logging/log4j/log4j-core/2.11.0/log4j-core-2.11.0.jar:/home/user/.m2/repository/com/lmax/disruptor/3.4.2/disruptor-3.4.2.jar:/home/user/.m2/repository/org/apache/commons/commons-pool2/2.6.0/commons-pool2-2.6.0.jar:/home/user/.m2/repository/org/bouncycastle/bcpkix-jdk15on/1.60/bcpkix-jdk15on-1.60.jar:/home/user/.m2/repository/commons-validator/commons-validator/1.6/commons-validator-1.6.jar:/home/user/.m2/repository/commons-digester/commons-digester/1.8.1/commons-digester-1.8.1.jar:/home/user/.m2/repository/io/jaegertracing/jaeger-client/0.33.1/jaeger-client-0.33.1.jar:/home/user/.m2/repository/io/jaegertracing/jaeger-thrift/0.33.1/jaeger-thrift-0.33.1.jar:/home/user/.m2/repository/org/apache/thrift/libthrift/0.11.0/libthrift-0.11.0.jar:/home/user/.m2/repository/com/squareup/okhttp3/okhttp/3.9.0/okhttp-3.9.0.jar:/home/user/.m2/repository/com/squareup/okio/okio/1.13.0/okio-1.13.0.jar:/home/user/.m2/repository/io/jaegertracing/jaeger-core/0.33.1/jaeger-core-0.33.1.jar:/home/user/.m2/repository/io/jaegertracing/jaeger-tracerresolver/0.33.1/jaeger-tracerresolver-0.33.1.jar:/home/user/.m2/repository/io/opentracing/contrib/opentracing-tracerresolver/0.1.5/opentracing-tracerresolver-0.1.5.jar:/home/user/.m2/repository/io/opentracing/opentracing-util/0.31.0/opentracing-util-0.31.0.jar:/home/user/.m2/repository/io/opentracing/opentracing-api/0.31.0/opentracing-api-0.31.0.jar:/home/user/.m2/repository/io/opentracing/opentracing-noop/0.31.0/opentracing-noop-0.31.0.jar:/home/user/.m2/repository/org/apache/hadoop/hadoop-hdds-server-framework/0.5.0-SNAPSHOT/hadoop-hdds-server-framework-0.5.0-SNAPSHOT.jar:/home/user/.m2/repository/org/apache/hadoop/hadoop-hdds-container-service/0.5.0-SNAPSHOT/hadoop-hdds-container-service-0.5.0-SNAPSHOT.jar:/home/user/.m2/repository/org/apache/hadoop/hadoop-hdds-client/0.5.0-SNAPSHOT/hadoop-hdds-client-0.5.0-SNAPSHOT.jar:/home/user/.m2/repository/org/apache/hadoop/hadoop-hdds-tools/0.5.0-SNAPSHOT/hadoop-hdds-tools-0.5.0-SNAPSHOT.jar:/home/user/.m2/repository/org/apache/hadoop/hadoop-hdds-server-scm/0.5.0-SNAPSHOT/hadoop-hdds-server-scm-0.5.0-SNAPSHOT.jar:/home/user/.m2/repository/org/apache/hadoop/hadoop-hdds-docs/0.5.0-SNAPSHOT/hadoop-hdds-docs-0.5.0-SNAPSHOT.jar:/home/user/.m2/repository/io/dropwizard/metrics/metrics-core/3.2.4/metrics-core-3.2.4.jar:/home/user/.m2/repository/org/hamcrest/hamcrest-all/1.3/hamcrest-all-1.3.jar:/home/user/.m2/repository/org/bouncycastle/bcprov-jdk15on/1.60/bcprov-jdk15on-1.60.jar:/home/user/.m2/repository/info/picocli/picocli/3.9.6/picocli-3.9.6.jar:/home/user/.m2/repository/com/google/protobuf/protobuf-java/2.5.0/protobuf-java-2.5.0.jar:/home/user/.m2/repository/com/google/guava/guava/11.0.2/guava-11.0.2.jar:/home/user/.m2/repository/org/apache/hadoop/hadoop-ozone-ozone-manager/0.5.0-SNAPSHOT/hadoop-ozone-ozone-manager-0.5.0-SNAPSHOT.jar:/home/user/.m2/repository/org/apache/hadoop/hadoop-minikdc/3.2.0/hadoop-minikdc-3.2.0.jar:/home/user/.m2/repository/commons-io/commons-io/2.5/commons-io-2.5.jar:/home/user/.m2/repository/org/apache/kerby/kerb-simplekdc/1.0.1/kerb-simplekdc-1.0.1.jar:/home/user/.m2/repository/org/apache/kerby/kerb-client/1.0.1/kerb-client-1.0.1.jar:/home/user/.m2/repository/org/apache/kerby/kerby-config/1.0.1/kerby-config-1.0.1.jar:/home/user/.m2/repository/org/apache/kerby/kerb-core/1.0.1/kerb-core-1.0.1.jar:/home/user/.m2/repository/org/apache/kerby/kerby-pkix/1.0.1/kerby-pkix-1.0.1.jar:/home/user/.m2/repository/org/apache/kerby/kerby-asn1/1.0.1/kerby-asn1-1.0.1.jar:/home/user/.m2/repository/org/apache/kerby/kerby-util/1.0.1/kerby-util-1.0.1.jar:/home/user/.m2/repository/org/apache/kerby/kerb-common/1.0.1/kerb-common-1.0.1.jar:/home/user/.m2/repository/org/apache/kerby/kerb-crypto/1.0.1/kerb-crypto-1.0.1.jar:/home/user/.m2/repository/org/apache/kerby/kerb-util/1.0.1/kerb-util-1.0.1.jar:/home/user/.m2/repository/org/apache/kerby/token-provider/1.0.1/token-provider-1.0.1.jar:/home/user/.m2/repository/org/apache/kerby/kerb-admin/1.0.1/kerb-admin-1.0.1.jar:/home/user/.m2/repository/org/apache/kerby/kerb-server/1.0.1/kerb-server-1.0.1.jar:/home/user/.m2/repository/org/apache/kerby/kerb-identity/1.0.1/kerb-identity-1.0.1.jar:/home/user/.m2/repository/org/apache/kerby/kerby-xdr/1.0.1/kerby-xdr-1.0.1.jar:/home/user/.m2/repository/org/slf4j/slf4j-log4j12/1.7.25/slf4j-log4j12-1.7.25.jar:/home/user/.m2/repository/org/apache/hadoop/hadoop-ozone-s3gateway/0.5.0-SNAPSHOT/hadoop-ozone-s3gateway-0.5.0-SNAPSHOT.jar:/home/user/.m2/repository/org/jboss/weld/servlet/weld-servlet/2.4.7.Final/weld-servlet-2.4.7.Final.jar:/home/user/.m2/repository/org/glassfish/jersey/containers/jersey-container-servlet-core/2.27/jersey-container-servlet-core-2.27.jar:/home/user/.m2/repository/org/glassfish/hk2/external/javax.inject/2.5.0-b42/javax.inject-2.5.0-b42.jar:/home/user/.m2/repository/org/glassfish/jersey/core/jersey-common/2.27/jersey-common-2.27.jar:/home/user/.m2/repository/org/glassfish/hk2/osgi-resource-locator/1.0.1/osgi-resource-locator-1.0.1.jar:/home/user/.m2/repository/javax/ws/rs/javax.ws.rs-api/2.1/javax.ws.rs-api-2.1.jar:/home/user/.m2/repository/org/glassfish/jersey/ext/cdi/jersey-cdi1x/2.27/jersey-cdi1x-2.27.jar:/home/user/.m2/repository/org/glassfish/jersey/inject/jersey-hk2/2.27/jersey-hk2-2.27.jar:/home/user/.m2/repository/org/glassfish/hk2/hk2-locator/2.5.0-b42/hk2-locator-2.5.0-b42.jar:/home/user/.m2/repository/org/javassist/javassist/3.22.0-CR2/javassist-3.22.0-CR2.jar:/home/user/.m2/repository/org/glassfish/hk2/hk2-api/2.5.0/hk2-api-2.5.0.jar:/home/user/.m2/repository/org/glassfish/hk2/external/jakarta.inject/2.5.0/jakarta.inject-2.5.0.jar:/home/user/.m2/repository/org/glassfish/hk2/hk2-utils/2.5.0/hk2-utils-2.5.0.jar:/home/user/.m2/repository/jakarta/annotation/jakarta.annotation-api/1.3.4/jakarta.annotation-api-1.3.4.jar:/home/user/.m2/repository/org/glassfish/hk2/external/aopalliance-repackaged/2.5.0/aopalliance-repackaged-2.5.0.jar:/home/user/.m2/repository/com/fasterxml/jackson/dataformat/jackson-dataformat-xml/2.9.0/jackson-dataformat-xml-2.9.0.jar:/home/user/.m2/repository/com/fasterxml/jackson/core/jackson-core/2.9.5/jackson-core-2.9.5.jar:/home/user/.m2/repository/com/fasterxml/jackson/module/jackson-module-jaxb-annotations/2.9.5/jackson-module-jaxb-annotations-2.9.5.jar:/home/user/.m2/repository/javax/enterprise/cdi-api/1.2/cdi-api-1.2.jar:/home/user/.m2/repository/javax/el/javax.el-api/3.0.0/javax.el-api-3.0.0.jar:/home/user/.m2/repository/javax/interceptor/javax.interceptor-api/1.2/javax.interceptor-api-1.2.jar:/home/user/.m2/repository/javax/inject/javax.inject/1/javax.inject-1.jar:/home/user/.m2/repository/com/sun/xml/bind/jaxb-impl/2.3.0.1/jaxb-impl-2.3.0.1.jar:/home/user/.m2/repository/com/sun/xml/bind/jaxb-core/2.3.0.1/jaxb-core-2.3.0.1.jar:/home/user/.m2/repository/javax/xml/bind/jaxb-api/2.3.0/jaxb-api-2.3.0.jar:/home/user/.m2/repository/javax/activation/activation/1.1.1/activation-1.1.1.jar:/home/user/.m2/repository/org/apache/hadoop/hadoop-ozone-csi/0.5.0-SNAPSHOT/hadoop-ozone-csi-0.5.0-SNAPSHOT.jar:/home/user/.m2/repository/com/google/protobuf/protobuf-java-util/3.5.1/protobuf-java-util-3.5.1.jar:/home/user/.m2/repository/org/apache/hadoop/hadoop-hdds-config/0.5.0-SNAPSHOT/hadoop-hdds-config-0.5.0-SNAPSHOT.jar:/home/user/.m2/repository/io/grpc/grpc-netty/1.17.1/grpc-netty-1.17.1.jar:/home/user/.m2/repository/io/grpc/grpc-core/1.17.1/grpc-core-1.17.1.jar:/home/user/.m2/repository/io/grpc/grpc-context/1.17.1/grpc-context-1.17.1.jar:/home/user/.m2/repository/com/google/errorprone/error_prone_annotations/2.2.0/error_prone_annotations-2.2.0.jar:/home/user/.m2/repository/org/codehaus/mojo/animal-sniffer-annotations/1.17/animal-sniffer-annotations-1.17.jar:/home/user/.m2/repository/io/opencensus/opencensus-api/0.17.0/opencensus-api-0.17.0.jar:/home/user/.m2/repository/io/opencensus/opencensus-contrib-grpc-metrics/0.17.0/opencensus-contrib-grpc-metrics-0.17.0.jar:/home/user/.m2/repository/io/netty/netty-codec-http2/4.1.30.Final/netty-codec-http2-4.1.30.Final.jar:/home/user/.m2/repository/io/netty/netty-codec-http/4.1.30.Final/netty-codec-http-4.1.30.Final.jar:/home/user/.m2/repository/io/netty/netty-codec/4.1.30.Final/netty-codec-4.1.30.Final.jar:/home/user/.m2/repository/io/netty/netty-handler/4.1.30.Final/netty-handler-4.1.30.Final.jar:/home/user/.m2/repository/io/netty/netty-handler-proxy/4.1.30.Final/netty-handler-proxy-4.1.30.Final.jar:/home/user/.m2/repository/io/netty/netty-codec-socks/4.1.30.Final/netty-codec-socks-4.1.30.Final.jar:/home/user/.m2/repository/io/netty/netty-transport-native-epoll/4.1.30.Final/netty-transport-native-epoll-4.1.30.Final.jar:/home/user/.m2/repository/io/netty/netty-common/4.1.30.Final/netty-common-4.1.30.Final.jar:/home/user/.m2/repository/io/netty/netty-buffer/4.1.30.Final/netty-buffer-4.1.30.Final.jar:/home/user/.m2/repository/io/netty/netty-transport/4.1.30.Final/netty-transport-4.1.30.Final.jar:/home/user/.m2/repository/io/netty/netty-resolver/4.1.30.Final/netty-resolver-4.1.30.Final.jar:/home/user/.m2/repository/io/netty/netty-transport-native-unix-common/4.1.30.Final/netty-transport-native-unix-common-4.1.30.Final.jar:/home/user/.m2/repository/io/grpc/grpc-protobuf/1.17.1/grpc-protobuf-1.17.1.jar:/home/user/.m2/repository/com/google/api/grpc/proto-google-common-protos/1.0.0/proto-google-common-protos-1.0.0.jar:/home/user/.m2/repository/io/grpc/grpc-protobuf-lite/1.17.1/grpc-protobuf-lite-1.17.1.jar:/home/user/.m2/repository/io/grpc/grpc-stub/1.17.1/grpc-stub-1.17.1.jar:/home/user/.m2/repository/org/apache/hadoop/hadoop-ozone-recon/0.5.0-SNAPSHOT/hadoop-ozone-recon-0.5.0-SNAPSHOT.jar:/home/user/.m2/repository/org/apache/hadoop/hadoop-ozone-reconcodegen/0.5.0-SNAPSHOT/hadoop-ozone-reconcodegen-0.5.0-SNAPSHOT.jar:/home/user/.m2/repository/com/google/inject/extensions/guice-multibindings/4.0/guice-multibindings-4.0.jar:/home/user/.m2/repository/com/google/inject/guice/4.0/guice-4.0.jar:/home/user/.m2/repository/aopalliance/aopalliance/1.0/aopalliance-1.0.jar:/home/user/.m2/repository/com/google/inject/extensions/guice-servlet/4.0/guice-servlet-4.0.jar:/home/user/.m2/repository/org/glassfish/jersey/containers/jersey-container-servlet/2.27/jersey-container-servlet-2.27.jar:/home/user/.m2/repository/org/glassfish/hk2/guice-bridge/2.5.0/guice-bridge-2.5.0.jar:/home/user/.m2/repository/org/glassfish/jersey/core/jersey-server/2.27/jersey-server-2.27.jar:/home/user/.m2/repository/org/glassfish/jersey/core/jersey-client/2.27/jersey-client-2.27.jar:/home/user/.m2/repository/org/glassfish/jersey/media/jersey-media-jaxb/2.27/jersey-media-jaxb-2.27.jar:/home/user/.m2/repository/javax/validation/validation-api/1.1.0.Final/validation-api-1.1.0.Final.jar:/home/user/.m2/repository/org/glassfish/jersey/media/jersey-media-json-jackson/2.27/jersey-media-json-jackson-2.27.jar:/home/user/.m2/repository/org/glassfish/jersey/ext/jersey-entity-filtering/2.27/jersey-entity-filtering-2.27.jar:/home/user/.m2/repository/com/google/inject/extensions/guice-assistedinject/4.0/guice-assistedinject-4.0.jar:/home/user/.m2/repository/org/jooq/jooq/3.11.10/jooq-3.11.10.jar:/home/user/.m2/repository/org/jooq/jooq-meta/3.11.10/jooq-meta-3.11.10.jar:/home/user/.m2/repository/org/jooq/jooq-codegen/3.11.10/jooq-codegen-3.11.10.jar:/home/user/.m2/repository/com/jolbox/bonecp/0.8.0.RELEASE/bonecp-0.8.0.RELEASE.jar:/home/user/.m2/repository/org/xerial/sqlite-jdbc/3.25.2/sqlite-jdbc-3.25.2.jar:/home/user/.m2/repository/org/springframework/spring-jdbc/5.1.3.RELEASE/spring-jdbc-5.1.3.RELEASE.jar:/home/user/.m2/repository/org/springframework/spring-beans/5.1.3.RELEASE/spring-beans-5.1.3.RELEASE.jar:/home/user/.m2/repository/org/springframework/spring-core/5.1.3.RELEASE/spring-core-5.1.3.RELEASE.jar:/home/user/.m2/repository/org/springframework/spring-jcl/5.1.3.RELEASE/spring-jcl-5.1.3.RELEASE.jar:/home/user/.m2/repository/org/springframework/spring-tx/5.1.3.RELEASE/spring-tx-5.1.3.RELEASE.jar:/home/user/.m2/repository/org/apache/hadoop/hadoop-ozone-client/0.5.0-SNAPSHOT/hadoop-ozone-client-0.5.0-SNAPSHOT.jar:/home/user/.m2/repository/commons-lang/commons-lang/2.6/commons-lang-2.6.jar:/home/user/.m2/repository/org/apache/hadoop/hadoop-ozone-ozone-manager/0.5.0-SNAPSHOT/hadoop-ozone-ozone-manager-0.5.0-SNAPSHOT-tests.jar:/home/user/.m2/repository/junit/junit/4.11/junit-4.11.jar:/home/user/.m2/repository/org/hamcrest/hamcrest-core/1.3/hamcrest-core-1.3.jar:/home/user/.m2/repository/org/openjdk/jmh/jmh-core/1.19/jmh-core-1.19.jar:/home/user/.m2/repository/net/sf/jopt-simple/jopt-simple/4.6/jopt-simple-4.6.jar:/home/user/.m2/repository/org/apache/commons/commons-math3/3.1.1/commons-math3-3.1.1.jar:/home/user/.m2/repository/org/openjdk/jmh/jmh-generator-annprocess/1.19/jmh-generator-annprocess-1.19.jar:/home/user/.m2/repository/org/mockito/mockito-all/1.8.5/mockito-all-1.8.5.jar:/home/user/.m2/repository/org/apache/hadoop/hadoop-kms/3.2.0/hadoop-kms-3.2.0.jar:/home/user/.m2/repository/org/apache/hadoop/hadoop-auth/3.2.0/hadoop-auth-3.2.0.jar:/home/user/.m2/repository/com/nimbusds/nimbus-jose-jwt/4.41.1/nimbus-jose-jwt-4.41.1.jar:/home/user/.m2/repository/com/github/stephenc/jcip/jcip-annotations/1.0-1/jcip-annotations-1.0-1.jar:/home/user/.m2/repository/net/minidev/json-smart/2.3/json-smart-2.3.jar:/home/user/.m2/repository/net/minidev/accessors-smart/1.2/accessors-smart-1.2.jar:/home/user/.m2/repository/org/ow2/asm/asm/5.0.4/asm-5.0.4.jar:/home/user/.m2/repository/org/apache/curator/curator-framework/2.12.0/curator-framework-2.12.0.jar:/home/user/.m2/repository/com/sun/jersey/jersey-core/1.19/jersey-core-1.19.jar:/home/user/.m2/repository/javax/ws/rs/jsr311-api/1.1.1/jsr311-api-1.1.1.jar:/home/user/.m2/repository/com/sun/jersey/jersey-server/1.19/jersey-server-1.19.jar:/home/user/.m2/repository/javax/servlet/javax.servlet-api/3.1.0/javax.servlet-api-3.1.0.jar:/home/user/.m2/repository/org/eclipse/jetty/jetty-server/9.3.24.v20180605/jetty-server-9.3.24.v20180605.jar:/home/user/.m2/repository/org/eclipse/jetty/jetty-http/9.3.24.v20180605/jetty-http-9.3.24.v20180605.jar:/home/user/.m2/repository/org/eclipse/jetty/jetty-io/9.3.24.v20180605/jetty-io-9.3.24.v20180605.jar:/home/user/.m2/repository/org/eclipse/jetty/jetty-webapp/9.3.24.v20180605/jetty-webapp-9.3.24.v20180605.jar:/home/user/.m2/repository/org/eclipse/jetty/jetty-xml/9.3.24.v20180605/jetty-xml-9.3.24.v20180605.jar:/home/user/.m2/repository/log4j/log4j/1.2.17/log4j-1.2.17.jar:/home/user/.m2/repository/org/slf4j/slf4j-api/1.7.25/slf4j-api-1.7.25.jar:/home/user/.m2/repository/org/slf4j/jul-to-slf4j/1.7.25/jul-to-slf4j-1.7.25.jar:/home/user/.m2/repository/org/eclipse/jetty/jetty-util/9.3.24.v20180605/jetty-util-9.3.24.v20180605.jar:/home/user/.m2/repository/com/fasterxml/jackson/core/jackson-databind/2.9.5/jackson-databind-2.9.5.jar:/home/user/.m2/repository/org/apache/hadoop/hadoop-kms/3.2.0/hadoop-kms-3.2.0-tests.jar:/home/user/.m2/repository/org/apache/hadoop/hadoop-hdds-server-scm/0.5.0-SNAPSHOT/hadoop-hdds-server-scm-0.5.0-SNAPSHOT-tests.jar:/home/user/.m2/repository/org/apache/hadoop/hadoop-hdds-container-service/0.5.0-SNAPSHOT/hadoop-hdds-container-service-0.5.0-SNAPSHOT-tests.jar:/home/user/.m2/repository/org/yaml/snakeyaml/1.16/snakeyaml-1.16.jar:/home/user/.m2/repository/org/apache/hadoop/hadoop-common/3.2.0/hadoop-common-3.2.0-tests.jar:/home/user/.m2/repository/org/apache/hadoop/hadoop-annotations/3.2.0/hadoop-annotations-3.2.0.jar:/usr/lib/jvm/java-1.8-openjdk/jre/../lib/tools.jar:/home/user/.m2/repository/commons-cli/commons-cli/1.2/commons-cli-1.2.jar:/home/user/.m2/repository/org/apache/httpcomponents/httpclient/4.5.2/httpclient-4.5.2.jar:/home/user/.m2/repository/org/apache/httpcomponents/httpcore/4.4.4/httpcore-4.4.4.jar:/home/user/.m2/repository/commons-codec/commons-codec/1.11/commons-codec-1.11.jar:/home/user/.m2/repository/commons-net/commons-net/3.6/commons-net-3.6.jar:/home/user/.m2/repository/commons-collections/commons-collections/3.2.2/commons-collections-3.2.2.jar:/home/user/.m2/repository/org/eclipse/jetty/jetty-servlet/9.3.24.v20180605/jetty-servlet-9.3.24.v20180605.jar:/home/user/.m2/repository/org/eclipse/jetty/jetty-security/9.3.24.v20180605/jetty-security-9.3.24.v20180605.jar:/home/user/.m2/repository/javax/servlet/jsp/jsp-api/2.1/jsp-api-2.1.jar:/home/user/.m2/repository/com/sun/jersey/jersey-servlet/1.19/jersey-servlet-1.19.jar:/home/user/.m2/repository/com/sun/jersey/jersey-json/1.19/jersey-json-1.19.jar:/home/user/.m2/repository/org/codehaus/jettison/jettison/1.1/jettison-1.1.jar:/home/user/.m2/repository/org/codehaus/jackson/jackson-core-asl/1.9.13/jackson-core-asl-1.9.13.jar:/home/user/.m2/repository/org/codehaus/jackson/jackson-mapper-asl/1.9.13/jackson-mapper-asl-1.9.13.jar:/home/user/.m2/repository/org/codehaus/jackson/jackson-jaxrs/1.9.13/jackson-jaxrs-1.9.13.jar:/home/user/.m2/repository/org/codehaus/jackson/jackson-xc/1.9.13/jackson-xc-1.9.13.jar:/home/user/.m2/repository/commons-logging/commons-logging/1.1.3/commons-logging-1.1.3.jar:/home/user/.m2/repository/commons-beanutils/commons-beanutils/1.9.3/commons-beanutils-1.9.3.jar:/home/user/.m2/repository/org/apache/commons/commons-configuration2/2.1.1/commons-configuration2-2.1.1.jar:/home/user/.m2/repository/org/apache/commons/commons-lang3/3.7/commons-lang3-3.7.jar:/home/user/.m2/repository/org/apache/commons/commons-text/1.4/commons-text-1.4.jar:/home/user/.m2/repository/org/apache/avro/avro/1.7.7/avro-1.7.7.jar:/home/user/.m2/repository/com/thoughtworks/paranamer/paranamer/2.3/paranamer-2.3.jar:/home/user/.m2/repository/org/xerial/snappy/snappy-java/1.0.5/snappy-java-1.0.5.jar:/home/user/.m2/repository/com/google/re2j/re2j/1.1/re2j-1.1.jar:/home/user/.m2/repository/com/google/code/gson/gson/2.2.4/gson-2.2.4.jar:/home/user/.m2/repository/com/jcraft/jsch/0.1.54/jsch-0.1.54.jar:/home/user/.m2/repository/org/apache/curator/curator-client/2.12.0/curator-client-2.12.0.jar:/home/user/.m2/repository/org/apache/curator/curator-recipes/2.12.0/curator-recipes-2.12.0.jar:/home/user/.m2/repository/com/google/code/findbugs/jsr305/3.0.0/jsr305-3.0.0.jar:/home/user/.m2/repository/org/apache/htrace/htrace-core4/4.1.0-incubating/htrace-core4-4.1.0-incubating.jar:/home/user/.m2/repository/org/apache/zookeeper/zookeeper/3.4.13/zookeeper-3.4.13.jar:/home/user/.m2/repository/org/apache/yetus/audience-annotations/0.5.0/audience-annotations-0.5.0.jar:/home/user/.m2/repository/org/codehaus/woodstox/stax2-api/3.1.4/stax2-api-3.1.4.jar:/home/user/.m2/repository/com/fasterxml/woodstox/woodstox-core/5.0.3/woodstox-core-5.0.3.jar:/home/user/.m2/repository/dnsjava/dnsjava/2.1.7/dnsjava-2.1.7.jar:/home/user/.m2/repository/org/apache/hadoop/hadoop-hdfs/3.2.0/hadoop-hdfs-3.2.0-tests.jar:/home/user/.m2/repository/org/eclipse/jetty/jetty-util-ajax/9.3.24.v20180605/jetty-util-ajax-9.3.24.v20180605.jar:/home/user/.m2/repository/commons-daemon/commons-daemon/1.0.13/commons-daemon-1.0.13.jar:/home/user/.m2/repository/io/netty/netty/3.10.5.Final/netty-3.10.5.Final.jar:/home/user/.m2/repository/io/netty/netty-all/4.0.52.Final/netty-all-4.0.52.Final.jar:/home/user/.m2/repository/org/fusesource/leveldbjni/leveldbjni-all/1.8/leveldbjni-all-1.8.jar:"/>
    <property name="java.vm.vendor" value="IcedTea"/>
    <property name="sun.arch.data.model" value="64"/>
    <property name="test.build.dir" value="/workdir/hadoop-ozone/integration-test/target/test-dir"/>
    <property name="test.cache.data" value=""/>
    <property name="java.vendor.url" value="https://icedtea.classpath.org"/>
    <property name="user.timezone" value=""/>
    <property name="java.vm.specification.version" value="1.8"/>
    <property name="os.name" value="Linux"/>
    <property name="test.build.data" value="/workdir/hadoop-ozone/integration-test/target/test-dir"/>
    <property name="user.country" value="US"/>
    <property name="sun.java.launcher" value="SUN_STANDARD"/>
    <property name="sun.boot.library.path" value="/usr/lib/jvm/java-1.8-openjdk/jre/lib/amd64"/>
    <property name="sun.java.command" value="/workdir/hadoop-ozone/integration-test/target/surefire/surefirebooter6487420139487886224.jar /workdir/hadoop-ozone/integration-test/target/surefire 2019-09-11T01-48-59_506-jvmRun1 surefire3785740164639516943tmp surefire_398963119268060103003tmp"/>
    <property name="test" value="!TestMiniChaosOzoneCluster"/>
    <property name="surefire.test.class.path" value="/workdir/hadoop-ozone/integration-test/target/test-classes:/workdir/hadoop-ozone/integration-test/target/classes:/home/user/.m2/repository/org/apache/hadoop/hadoop-ozone-common/0.5.0-SNAPSHOT/hadoop-ozone-common-0.5.0-SNAPSHOT.jar:/home/user/.m2/repository/org/apache/commons/commons-compress/1.4.1/commons-compress-1.4.1.jar:/home/user/.m2/repository/org/tukaani/xz/1.0/xz-1.0.jar:/home/user/.m2/repository/org/apache/hadoop/hadoop-common/3.2.0/hadoop-common-3.2.0.jar:/home/user/.m2/repository/org/apache/hadoop/hadoop-hdfs/3.2.0/hadoop-hdfs-3.2.0.jar:/home/user/.m2/repository/org/apache/hadoop/hadoop-hdfs-client/3.2.0/hadoop-hdfs-client-3.2.0.jar:/home/user/.m2/repository/com/fasterxml/jackson/core/jackson-annotations/2.9.5/jackson-annotations-2.9.5.jar:/home/user/.m2/repository/org/apache/hadoop/hadoop-hdds-common/0.5.0-SNAPSHOT/hadoop-hdds-common-0.5.0-SNAPSHOT.jar:/home/user/.m2/repository/javax/annotation/javax.annotation-api/1.2/javax.annotation-api-1.2.jar:/home/user/.m2/repository/org/apache/ratis/ratis-server/0.4.0-78e95b9-SNAPSHOT/ratis-server-0.4.0-78e95b9-SNAPSHOT.jar:/home/user/.m2/repository/org/apache/ratis/ratis-thirdparty-misc/0.2.0/ratis-thirdparty-misc-0.2.0.jar:/home/user/.m2/repository/org/apache/ratis/ratis-proto/0.4.0-78e95b9-SNAPSHOT/ratis-proto-0.4.0-78e95b9-SNAPSHOT.jar:/home/user/.m2/repository/org/apache/ratis/ratis-common/0.4.0-78e95b9-SNAPSHOT/ratis-common-0.4.0-78e95b9-SNAPSHOT.jar:/home/user/.m2/repository/org/apache/ratis/ratis-client/0.4.0-78e95b9-SNAPSHOT/ratis-client-0.4.0-78e95b9-SNAPSHOT.jar:/home/user/.m2/repository/org/apache/ratis/ratis-metrics/0.4.0-78e95b9-SNAPSHOT/ratis-metrics-0.4.0-78e95b9-SNAPSHOT.jar:/home/user/.m2/repository/com/github/joshelser/dropwizard-metrics-hadoop-metrics2-reporter/0.1.2/dropwizard-metrics-hadoop-metrics2-reporter-0.1.2.jar:/home/user/.m2/repository/io/dropwizard/metrics/metrics-jvm/3.2.5/metrics-jvm-3.2.5.jar:/home/user/.m2/repository/io/dropwizard/metrics/metrics-ganglia/3.2.5/metrics-ganglia-3.2.5.jar:/home/user/.m2/repository/info/ganglia/gmetric4j/gmetric4j/1.0.7/gmetric4j-1.0.7.jar:/home/user/.m2/repository/org/apache/ratis/ratis-netty/0.4.0-78e95b9-SNAPSHOT/ratis-netty-0.4.0-78e95b9-SNAPSHOT.jar:/home/user/.m2/repository/org/apache/ratis/ratis-grpc/0.4.0-78e95b9-SNAPSHOT/ratis-grpc-0.4.0-78e95b9-SNAPSHOT.jar:/home/user/.m2/repository/org/rocksdb/rocksdbjni/6.0.1/rocksdbjni-6.0.1.jar:/home/user/.m2/repository/org/apache/logging/log4j/log4j-api/2.11.0/log4j-api-2.11.0.jar:/home/user/.m2/repository/org/apache/logging/log4j/log4j-core/2.11.0/log4j-core-2.11.0.jar:/home/user/.m2/repository/com/lmax/disruptor/3.4.2/disruptor-3.4.2.jar:/home/user/.m2/repository/org/apache/commons/commons-pool2/2.6.0/commons-pool2-2.6.0.jar:/home/user/.m2/repository/org/bouncycastle/bcpkix-jdk15on/1.60/bcpkix-jdk15on-1.60.jar:/home/user/.m2/repository/commons-validator/commons-validator/1.6/commons-validator-1.6.jar:/home/user/.m2/repository/commons-digester/commons-digester/1.8.1/commons-digester-1.8.1.jar:/home/user/.m2/repository/io/jaegertracing/jaeger-client/0.33.1/jaeger-client-0.33.1.jar:/home/user/.m2/repository/io/jaegertracing/jaeger-thrift/0.33.1/jaeger-thrift-0.33.1.jar:/home/user/.m2/repository/org/apache/thrift/libthrift/0.11.0/libthrift-0.11.0.jar:/home/user/.m2/repository/com/squareup/okhttp3/okhttp/3.9.0/okhttp-3.9.0.jar:/home/user/.m2/repository/com/squareup/okio/okio/1.13.0/okio-1.13.0.jar:/home/user/.m2/repository/io/jaegertracing/jaeger-core/0.33.1/jaeger-core-0.33.1.jar:/home/user/.m2/repository/io/jaegertracing/jaeger-tracerresolver/0.33.1/jaeger-tracerresolver-0.33.1.jar:/home/user/.m2/repository/io/opentracing/contrib/opentracing-tracerresolver/0.1.5/opentracing-tracerresolver-0.1.5.jar:/home/user/.m2/repository/io/opentracing/opentracing-util/0.31.0/opentracing-util-0.31.0.jar:/home/user/.m2/repository/io/opentracing/opentracing-api/0.31.0/opentracing-api-0.31.0.jar:/home/user/.m2/repository/io/opentracing/opentracing-noop/0.31.0/opentracing-noop-0.31.0.jar:/home/user/.m2/repository/org/apache/hadoop/hadoop-hdds-server-framework/0.5.0-SNAPSHOT/hadoop-hdds-server-framework-0.5.0-SNAPSHOT.jar:/home/user/.m2/repository/org/apache/hadoop/hadoop-hdds-container-service/0.5.0-SNAPSHOT/hadoop-hdds-container-service-0.5.0-SNAPSHOT.jar:/home/user/.m2/repository/org/apache/hadoop/hadoop-hdds-client/0.5.0-SNAPSHOT/hadoop-hdds-client-0.5.0-SNAPSHOT.jar:/home/user/.m2/repository/org/apache/hadoop/hadoop-hdds-tools/0.5.0-SNAPSHOT/hadoop-hdds-tools-0.5.0-SNAPSHOT.jar:/home/user/.m2/repository/org/apache/hadoop/hadoop-hdds-server-scm/0.5.0-SNAPSHOT/hadoop-hdds-server-scm-0.5.0-SNAPSHOT.jar:/home/user/.m2/repository/org/apache/hadoop/hadoop-hdds-docs/0.5.0-SNAPSHOT/hadoop-hdds-docs-0.5.0-SNAPSHOT.jar:/home/user/.m2/repository/io/dropwizard/metrics/metrics-core/3.2.4/metrics-core-3.2.4.jar:/home/user/.m2/repository/org/hamcrest/hamcrest-all/1.3/hamcrest-all-1.3.jar:/home/user/.m2/repository/org/bouncycastle/bcprov-jdk15on/1.60/bcprov-jdk15on-1.60.jar:/home/user/.m2/repository/info/picocli/picocli/3.9.6/picocli-3.9.6.jar:/home/user/.m2/repository/com/google/protobuf/protobuf-java/2.5.0/protobuf-java-2.5.0.jar:/home/user/.m2/repository/com/google/guava/guava/11.0.2/guava-11.0.2.jar:/home/user/.m2/repository/org/apache/hadoop/hadoop-ozone-ozone-manager/0.5.0-SNAPSHOT/hadoop-ozone-ozone-manager-0.5.0-SNAPSHOT.jar:/home/user/.m2/repository/org/apache/hadoop/hadoop-minikdc/3.2.0/hadoop-minikdc-3.2.0.jar:/home/user/.m2/repository/commons-io/commons-io/2.5/commons-io-2.5.jar:/home/user/.m2/repository/org/apache/kerby/kerb-simplekdc/1.0.1/kerb-simplekdc-1.0.1.jar:/home/user/.m2/repository/org/apache/kerby/kerb-client/1.0.1/kerb-client-1.0.1.jar:/home/user/.m2/repository/org/apache/kerby/kerby-config/1.0.1/kerby-config-1.0.1.jar:/home/user/.m2/repository/org/apache/kerby/kerb-core/1.0.1/kerb-core-1.0.1.jar:/home/user/.m2/repository/org/apache/kerby/kerby-pkix/1.0.1/kerby-pkix-1.0.1.jar:/home/user/.m2/repository/org/apache/kerby/kerby-asn1/1.0.1/kerby-asn1-1.0.1.jar:/home/user/.m2/repository/org/apache/kerby/kerby-util/1.0.1/kerby-util-1.0.1.jar:/home/user/.m2/repository/org/apache/kerby/kerb-common/1.0.1/kerb-common-1.0.1.jar:/home/user/.m2/repository/org/apache/kerby/kerb-crypto/1.0.1/kerb-crypto-1.0.1.jar:/home/user/.m2/repository/org/apache/kerby/kerb-util/1.0.1/kerb-util-1.0.1.jar:/home/user/.m2/repository/org/apache/kerby/token-provider/1.0.1/token-provider-1.0.1.jar:/home/user/.m2/repository/org/apache/kerby/kerb-admin/1.0.1/kerb-admin-1.0.1.jar:/home/user/.m2/repository/org/apache/kerby/kerb-server/1.0.1/kerb-server-1.0.1.jar:/home/user/.m2/repository/org/apache/kerby/kerb-identity/1.0.1/kerb-identity-1.0.1.jar:/home/user/.m2/repository/org/apache/kerby/kerby-xdr/1.0.1/kerby-xdr-1.0.1.jar:/home/user/.m2/repository/org/slf4j/slf4j-log4j12/1.7.25/slf4j-log4j12-1.7.25.jar:/home/user/.m2/repository/org/apache/hadoop/hadoop-ozone-s3gateway/0.5.0-SNAPSHOT/hadoop-ozone-s3gateway-0.5.0-SNAPSHOT.jar:/home/user/.m2/repository/org/jboss/weld/servlet/weld-servlet/2.4.7.Final/weld-servlet-2.4.7.Final.jar:/home/user/.m2/repository/org/glassfish/jersey/containers/jersey-container-servlet-core/2.27/jersey-container-servlet-core-2.27.jar:/home/user/.m2/repository/org/glassfish/hk2/external/javax.inject/2.5.0-b42/javax.inject-2.5.0-b42.jar:/home/user/.m2/repository/org/glassfish/jersey/core/jersey-common/2.27/jersey-common-2.27.jar:/home/user/.m2/repository/org/glassfish/hk2/osgi-resource-locator/1.0.1/osgi-resource-locator-1.0.1.jar:/home/user/.m2/repository/javax/ws/rs/javax.ws.rs-api/2.1/javax.ws.rs-api-2.1.jar:/home/user/.m2/repository/org/glassfish/jersey/ext/cdi/jersey-cdi1x/2.27/jersey-cdi1x-2.27.jar:/home/user/.m2/repository/org/glassfish/jersey/inject/jersey-hk2/2.27/jersey-hk2-2.27.jar:/home/user/.m2/repository/org/glassfish/hk2/hk2-locator/2.5.0-b42/hk2-locator-2.5.0-b42.jar:/home/user/.m2/repository/org/javassist/javassist/3.22.0-CR2/javassist-3.22.0-CR2.jar:/home/user/.m2/repository/org/glassfish/hk2/hk2-api/2.5.0/hk2-api-2.5.0.jar:/home/user/.m2/repository/org/glassfish/hk2/external/jakarta.inject/2.5.0/jakarta.inject-2.5.0.jar:/home/user/.m2/repository/org/glassfish/hk2/hk2-utils/2.5.0/hk2-utils-2.5.0.jar:/home/user/.m2/repository/jakarta/annotation/jakarta.annotation-api/1.3.4/jakarta.annotation-api-1.3.4.jar:/home/user/.m2/repository/org/glassfish/hk2/external/aopalliance-repackaged/2.5.0/aopalliance-repackaged-2.5.0.jar:/home/user/.m2/repository/com/fasterxml/jackson/dataformat/jackson-dataformat-xml/2.9.0/jackson-dataformat-xml-2.9.0.jar:/home/user/.m2/repository/com/fasterxml/jackson/core/jackson-core/2.9.5/jackson-core-2.9.5.jar:/home/user/.m2/repository/com/fasterxml/jackson/module/jackson-module-jaxb-annotations/2.9.5/jackson-module-jaxb-annotations-2.9.5.jar:/home/user/.m2/repository/javax/enterprise/cdi-api/1.2/cdi-api-1.2.jar:/home/user/.m2/repository/javax/el/javax.el-api/3.0.0/javax.el-api-3.0.0.jar:/home/user/.m2/repository/javax/interceptor/javax.interceptor-api/1.2/javax.interceptor-api-1.2.jar:/home/user/.m2/repository/javax/inject/javax.inject/1/javax.inject-1.jar:/home/user/.m2/repository/com/sun/xml/bind/jaxb-impl/2.3.0.1/jaxb-impl-2.3.0.1.jar:/home/user/.m2/repository/com/sun/xml/bind/jaxb-core/2.3.0.1/jaxb-core-2.3.0.1.jar:/home/user/.m2/repository/javax/xml/bind/jaxb-api/2.3.0/jaxb-api-2.3.0.jar:/home/user/.m2/repository/javax/activation/activation/1.1.1/activation-1.1.1.jar:/home/user/.m2/repository/org/apache/hadoop/hadoop-ozone-csi/0.5.0-SNAPSHOT/hadoop-ozone-csi-0.5.0-SNAPSHOT.jar:/home/user/.m2/repository/com/google/protobuf/protobuf-java-util/3.5.1/protobuf-java-util-3.5.1.jar:/home/user/.m2/repository/org/apache/hadoop/hadoop-hdds-config/0.5.0-SNAPSHOT/hadoop-hdds-config-0.5.0-SNAPSHOT.jar:/home/user/.m2/repository/io/grpc/grpc-netty/1.17.1/grpc-netty-1.17.1.jar:/home/user/.m2/repository/io/grpc/grpc-core/1.17.1/grpc-core-1.17.1.jar:/home/user/.m2/repository/io/grpc/grpc-context/1.17.1/grpc-context-1.17.1.jar:/home/user/.m2/repository/com/google/errorprone/error_prone_annotations/2.2.0/error_prone_annotations-2.2.0.jar:/home/user/.m2/repository/org/codehaus/mojo/animal-sniffer-annotations/1.17/animal-sniffer-annotations-1.17.jar:/home/user/.m2/repository/io/opencensus/opencensus-api/0.17.0/opencensus-api-0.17.0.jar:/home/user/.m2/repository/io/opencensus/opencensus-contrib-grpc-metrics/0.17.0/opencensus-contrib-grpc-metrics-0.17.0.jar:/home/user/.m2/repository/io/netty/netty-codec-http2/4.1.30.Final/netty-codec-http2-4.1.30.Final.jar:/home/user/.m2/repository/io/netty/netty-codec-http/4.1.30.Final/netty-codec-http-4.1.30.Final.jar:/home/user/.m2/repository/io/netty/netty-codec/4.1.30.Final/netty-codec-4.1.30.Final.jar:/home/user/.m2/repository/io/netty/netty-handler/4.1.30.Final/netty-handler-4.1.30.Final.jar:/home/user/.m2/repository/io/netty/netty-handler-proxy/4.1.30.Final/netty-handler-proxy-4.1.30.Final.jar:/home/user/.m2/repository/io/netty/netty-codec-socks/4.1.30.Final/netty-codec-socks-4.1.30.Final.jar:/home/user/.m2/repository/io/netty/netty-transport-native-epoll/4.1.30.Final/netty-transport-native-epoll-4.1.30.Final.jar:/home/user/.m2/repository/io/netty/netty-common/4.1.30.Final/netty-common-4.1.30.Final.jar:/home/user/.m2/repository/io/netty/netty-buffer/4.1.30.Final/netty-buffer-4.1.30.Final.jar:/home/user/.m2/repository/io/netty/netty-transport/4.1.30.Final/netty-transport-4.1.30.Final.jar:/home/user/.m2/repository/io/netty/netty-resolver/4.1.30.Final/netty-resolver-4.1.30.Final.jar:/home/user/.m2/repository/io/netty/netty-transport-native-unix-common/4.1.30.Final/netty-transport-native-unix-common-4.1.30.Final.jar:/home/user/.m2/repository/io/grpc/grpc-protobuf/1.17.1/grpc-protobuf-1.17.1.jar:/home/user/.m2/repository/com/google/api/grpc/proto-google-common-protos/1.0.0/proto-google-common-protos-1.0.0.jar:/home/user/.m2/repository/io/grpc/grpc-protobuf-lite/1.17.1/grpc-protobuf-lite-1.17.1.jar:/home/user/.m2/repository/io/grpc/grpc-stub/1.17.1/grpc-stub-1.17.1.jar:/home/user/.m2/repository/org/apache/hadoop/hadoop-ozone-recon/0.5.0-SNAPSHOT/hadoop-ozone-recon-0.5.0-SNAPSHOT.jar:/home/user/.m2/repository/org/apache/hadoop/hadoop-ozone-reconcodegen/0.5.0-SNAPSHOT/hadoop-ozone-reconcodegen-0.5.0-SNAPSHOT.jar:/home/user/.m2/repository/com/google/inject/extensions/guice-multibindings/4.0/guice-multibindings-4.0.jar:/home/user/.m2/repository/com/google/inject/guice/4.0/guice-4.0.jar:/home/user/.m2/repository/aopalliance/aopalliance/1.0/aopalliance-1.0.jar:/home/user/.m2/repository/com/google/inject/extensions/guice-servlet/4.0/guice-servlet-4.0.jar:/home/user/.m2/repository/org/glassfish/jersey/containers/jersey-container-servlet/2.27/jersey-container-servlet-2.27.jar:/home/user/.m2/repository/org/glassfish/hk2/guice-bridge/2.5.0/guice-bridge-2.5.0.jar:/home/user/.m2/repository/org/glassfish/jersey/core/jersey-server/2.27/jersey-server-2.27.jar:/home/user/.m2/repository/org/glassfish/jersey/core/jersey-client/2.27/jersey-client-2.27.jar:/home/user/.m2/repository/org/glassfish/jersey/media/jersey-media-jaxb/2.27/jersey-media-jaxb-2.27.jar:/home/user/.m2/repository/javax/validation/validation-api/1.1.0.Final/validation-api-1.1.0.Final.jar:/home/user/.m2/repository/org/glassfish/jersey/media/jersey-media-json-jackson/2.27/jersey-media-json-jackson-2.27.jar:/home/user/.m2/repository/org/glassfish/jersey/ext/jersey-entity-filtering/2.27/jersey-entity-filtering-2.27.jar:/home/user/.m2/repository/com/google/inject/extensions/guice-assistedinject/4.0/guice-assistedinject-4.0.jar:/home/user/.m2/repository/org/jooq/jooq/3.11.10/jooq-3.11.10.jar:/home/user/.m2/repository/org/jooq/jooq-meta/3.11.10/jooq-meta-3.11.10.jar:/home/user/.m2/repository/org/jooq/jooq-codegen/3.11.10/jooq-codegen-3.11.10.jar:/home/user/.m2/repository/com/jolbox/bonecp/0.8.0.RELEASE/bonecp-0.8.0.RELEASE.jar:/home/user/.m2/repository/org/xerial/sqlite-jdbc/3.25.2/sqlite-jdbc-3.25.2.jar:/home/user/.m2/repository/org/springframework/spring-jdbc/5.1.3.RELEASE/spring-jdbc-5.1.3.RELEASE.jar:/home/user/.m2/repository/org/springframework/spring-beans/5.1.3.RELEASE/spring-beans-5.1.3.RELEASE.jar:/home/user/.m2/repository/org/springframework/spring-core/5.1.3.RELEASE/spring-core-5.1.3.RELEASE.jar:/home/user/.m2/repository/org/springframework/spring-jcl/5.1.3.RELEASE/spring-jcl-5.1.3.RELEASE.jar:/home/user/.m2/repository/org/springframework/spring-tx/5.1.3.RELEASE/spring-tx-5.1.3.RELEASE.jar:/home/user/.m2/repository/org/apache/hadoop/hadoop-ozone-client/0.5.0-SNAPSHOT/hadoop-ozone-client-0.5.0-SNAPSHOT.jar:/home/user/.m2/repository/commons-lang/commons-lang/2.6/commons-lang-2.6.jar:/home/user/.m2/repository/org/apache/hadoop/hadoop-ozone-ozone-manager/0.5.0-SNAPSHOT/hadoop-ozone-ozone-manager-0.5.0-SNAPSHOT-tests.jar:/home/user/.m2/repository/junit/junit/4.11/junit-4.11.jar:/home/user/.m2/repository/org/hamcrest/hamcrest-core/1.3/hamcrest-core-1.3.jar:/home/user/.m2/repository/org/openjdk/jmh/jmh-core/1.19/jmh-core-1.19.jar:/home/user/.m2/repository/net/sf/jopt-simple/jopt-simple/4.6/jopt-simple-4.6.jar:/home/user/.m2/repository/org/apache/commons/commons-math3/3.1.1/commons-math3-3.1.1.jar:/home/user/.m2/repository/org/openjdk/jmh/jmh-generator-annprocess/1.19/jmh-generator-annprocess-1.19.jar:/home/user/.m2/repository/org/mockito/mockito-all/1.8.5/mockito-all-1.8.5.jar:/home/user/.m2/repository/org/apache/hadoop/hadoop-kms/3.2.0/hadoop-kms-3.2.0.jar:/home/user/.m2/repository/org/apache/hadoop/hadoop-auth/3.2.0/hadoop-auth-3.2.0.jar:/home/user/.m2/repository/com/nimbusds/nimbus-jose-jwt/4.41.1/nimbus-jose-jwt-4.41.1.jar:/home/user/.m2/repository/com/github/stephenc/jcip/jcip-annotations/1.0-1/jcip-annotations-1.0-1.jar:/home/user/.m2/repository/net/minidev/json-smart/2.3/json-smart-2.3.jar:/home/user/.m2/repository/net/minidev/accessors-smart/1.2/accessors-smart-1.2.jar:/home/user/.m2/repository/org/ow2/asm/asm/5.0.4/asm-5.0.4.jar:/home/user/.m2/repository/org/apache/curator/curator-framework/2.12.0/curator-framework-2.12.0.jar:/home/user/.m2/repository/com/sun/jersey/jersey-core/1.19/jersey-core-1.19.jar:/home/user/.m2/repository/javax/ws/rs/jsr311-api/1.1.1/jsr311-api-1.1.1.jar:/home/user/.m2/repository/com/sun/jersey/jersey-server/1.19/jersey-server-1.19.jar:/home/user/.m2/repository/javax/servlet/javax.servlet-api/3.1.0/javax.servlet-api-3.1.0.jar:/home/user/.m2/repository/org/eclipse/jetty/jetty-server/9.3.24.v20180605/jetty-server-9.3.24.v20180605.jar:/home/user/.m2/repository/org/eclipse/jetty/jetty-http/9.3.24.v20180605/jetty-http-9.3.24.v20180605.jar:/home/user/.m2/repository/org/eclipse/jetty/jetty-io/9.3.24.v20180605/jetty-io-9.3.24.v20180605.jar:/home/user/.m2/repository/org/eclipse/jetty/jetty-webapp/9.3.24.v20180605/jetty-webapp-9.3.24.v20180605.jar:/home/user/.m2/repository/org/eclipse/jetty/jetty-xml/9.3.24.v20180605/jetty-xml-9.3.24.v20180605.jar:/home/user/.m2/repository/log4j/log4j/1.2.17/log4j-1.2.17.jar:/home/user/.m2/repository/org/slf4j/slf4j-api/1.7.25/slf4j-api-1.7.25.jar:/home/user/.m2/repository/org/slf4j/jul-to-slf4j/1.7.25/jul-to-slf4j-1.7.25.jar:/home/user/.m2/repository/org/eclipse/jetty/jetty-util/9.3.24.v20180605/jetty-util-9.3.24.v20180605.jar:/home/user/.m2/repository/com/fasterxml/jackson/core/jackson-databind/2.9.5/jackson-databind-2.9.5.jar:/home/user/.m2/repository/org/apache/hadoop/hadoop-kms/3.2.0/hadoop-kms-3.2.0-tests.jar:/home/user/.m2/repository/org/apache/hadoop/hadoop-hdds-server-scm/0.5.0-SNAPSHOT/hadoop-hdds-server-scm-0.5.0-SNAPSHOT-tests.jar:/home/user/.m2/repository/org/apache/hadoop/hadoop-hdds-container-service/0.5.0-SNAPSHOT/hadoop-hdds-container-service-0.5.0-SNAPSHOT-tests.jar:/home/user/.m2/repository/org/yaml/snakeyaml/1.16/snakeyaml-1.16.jar:/home/user/.m2/repository/org/apache/hadoop/hadoop-common/3.2.0/hadoop-common-3.2.0-tests.jar:/home/user/.m2/repository/org/apache/hadoop/hadoop-annotations/3.2.0/hadoop-annotations-3.2.0.jar:/usr/lib/jvm/java-1.8-openjdk/jre/../lib/tools.jar:/home/user/.m2/repository/commons-cli/commons-cli/1.2/commons-cli-1.2.jar:/home/user/.m2/repository/org/apache/httpcomponents/httpclient/4.5.2/httpclient-4.5.2.jar:/home/user/.m2/repository/org/apache/httpcomponents/httpcore/4.4.4/httpcore-4.4.4.jar:/home/user/.m2/repository/commons-codec/commons-codec/1.11/commons-codec-1.11.jar:/home/user/.m2/repository/commons-net/commons-net/3.6/commons-net-3.6.jar:/home/user/.m2/repository/commons-collections/commons-collections/3.2.2/commons-collections-3.2.2.jar:/home/user/.m2/repository/org/eclipse/jetty/jetty-servlet/9.3.24.v20180605/jetty-servlet-9.3.24.v20180605.jar:/home/user/.m2/repository/org/eclipse/jetty/jetty-security/9.3.24.v20180605/jetty-security-9.3.24.v20180605.jar:/home/user/.m2/repository/javax/servlet/jsp/jsp-api/2.1/jsp-api-2.1.jar:/home/user/.m2/repository/com/sun/jersey/jersey-servlet/1.19/jersey-servlet-1.19.jar:/home/user/.m2/repository/com/sun/jersey/jersey-json/1.19/jersey-json-1.19.jar:/home/user/.m2/repository/org/codehaus/jettison/jettison/1.1/jettison-1.1.jar:/home/user/.m2/repository/org/codehaus/jackson/jackson-core-asl/1.9.13/jackson-core-asl-1.9.13.jar:/home/user/.m2/repository/org/codehaus/jackson/jackson-mapper-asl/1.9.13/jackson-mapper-asl-1.9.13.jar:/home/user/.m2/repository/org/codehaus/jackson/jackson-jaxrs/1.9.13/jackson-jaxrs-1.9.13.jar:/home/user/.m2/repository/org/codehaus/jackson/jackson-xc/1.9.13/jackson-xc-1.9.13.jar:/home/user/.m2/repository/commons-logging/commons-logging/1.1.3/commons-logging-1.1.3.jar:/home/user/.m2/repository/commons-beanutils/commons-beanutils/1.9.3/commons-beanutils-1.9.3.jar:/home/user/.m2/repository/org/apache/commons/commons-configuration2/2.1.1/commons-configuration2-2.1.1.jar:/home/user/.m2/repository/org/apache/commons/commons-lang3/3.7/commons-lang3-3.7.jar:/home/user/.m2/repository/org/apache/commons/commons-text/1.4/commons-text-1.4.jar:/home/user/.m2/repository/org/apache/avro/avro/1.7.7/avro-1.7.7.jar:/home/user/.m2/repository/com/thoughtworks/paranamer/paranamer/2.3/paranamer-2.3.jar:/home/user/.m2/repository/org/xerial/snappy/snappy-java/1.0.5/snappy-java-1.0.5.jar:/home/user/.m2/repository/com/google/re2j/re2j/1.1/re2j-1.1.jar:/home/user/.m2/repository/com/google/code/gson/gson/2.2.4/gson-2.2.4.jar:/home/user/.m2/repository/com/jcraft/jsch/0.1.54/jsch-0.1.54.jar:/home/user/.m2/repository/org/apache/curator/curator-client/2.12.0/curator-client-2.12.0.jar:/home/user/.m2/repository/org/apache/curator/curator-recipes/2.12.0/curator-recipes-2.12.0.jar:/home/user/.m2/repository/com/google/code/findbugs/jsr305/3.0.0/jsr305-3.0.0.jar:/home/user/.m2/repository/org/apache/htrace/htrace-core4/4.1.0-incubating/htrace-core4-4.1.0-incubating.jar:/home/user/.m2/repository/org/apache/zookeeper/zookeeper/3.4.13/zookeeper-3.4.13.jar:/home/user/.m2/repository/org/apache/yetus/audience-annotations/0.5.0/audience-annotations-0.5.0.jar:/home/user/.m2/repository/org/codehaus/woodstox/stax2-api/3.1.4/stax2-api-3.1.4.jar:/home/user/.m2/repository/com/fasterxml/woodstox/woodstox-core/5.0.3/woodstox-core-5.0.3.jar:/home/user/.m2/repository/dnsjava/dnsjava/2.1.7/dnsjava-2.1.7.jar:/home/user/.m2/repository/org/apache/hadoop/hadoop-hdfs/3.2.0/hadoop-hdfs-3.2.0-tests.jar:/home/user/.m2/repository/org/eclipse/jetty/jetty-util-ajax/9.3.24.v20180605/jetty-util-ajax-9.3.24.v20180605.jar:/home/user/.m2/repository/commons-daemon/commons-daemon/1.0.13/commons-daemon-1.0.13.jar:/home/user/.m2/repository/io/netty/netty/3.10.5.Final/netty-3.10.5.Final.jar:/home/user/.m2/repository/io/netty/netty-all/4.0.52.Final/netty-all-4.0.52.Final.jar:/home/user/.m2/repository/org/fusesource/leveldbjni/leveldbjni-all/1.8/leveldbjni-all-1.8.jar:"/>
    <property name="sun.cpu.endian" value="little"/>
    <property name="user.home" value="/home/user"/>
    <property name="user.language" value="en"/>
    <property name="java.specification.vendor" value="Oracle Corporation"/>
    <property name="java.home" value="/usr/lib/jvm/java-1.8-openjdk/jre"/>
    <property name="java.security.krb5.conf" value="/workdir/hadoop-ozone/integration-test/target/test-classes/krb5.conf"/>
    <property name="basedir" value="/workdir/hadoop-ozone/integration-test"/>
    <property name="file.separator" value="/"/>
    <property name="line.separator" value="&#10;"/>
    <property name="java.vm.specification.vendor" value="Oracle Corporation"/>
    <property name="java.specification.name" value="Java Platform API Specification"/>
    <property name="java.awt.graphicsenv" value="sun.awt.X11GraphicsEnvironment"/>
    <property name="surefire.real.class.path" value="/workdir/hadoop-ozone/integration-test/target/surefire/surefirebooter6487420139487886224.jar"/>
    <property name="hadoop.log.dir" value="/workdir/hadoop-ozone/integration-test/target/log"/>
    <property name="sun.boot.class.path" value="/usr/lib/jvm/java-1.8-openjdk/jre/lib/resources.jar:/usr/lib/jvm/java-1.8-openjdk/jre/lib/rt.jar:/usr/lib/jvm/java-1.8-openjdk/jre/lib/sunrsasign.jar:/usr/lib/jvm/java-1.8-openjdk/jre/lib/jsse.jar:/usr/lib/jvm/java-1.8-openjdk/jre/lib/jce.jar:/usr/lib/jvm/java-1.8-openjdk/jre/lib/charsets.jar:/usr/lib/jvm/java-1.8-openjdk/jre/lib/jfr.jar:/usr/lib/jvm/java-1.8-openjdk/jre/classes"/>
    <property name="sun.management.compiler" value="HotSpot 64-Bit Tiered Compilers"/>
    <property name="java.runtime.version" value="1.8.0_212-b04"/>
    <property name="java.net.preferIPv4Stack" value="true"/>
    <property name="user.name" value="jenkins1000"/>
    <property name="path.separator" value=":"/>
    <property name="java.security.egd" value="file:///dev/urandom"/>
    <property name="os.version" value="3.10.0-957.12.2.el7.x86_64"/>
    <property name="java.endorsed.dirs" value="/usr/lib/jvm/java-1.8-openjdk/jre/lib/endorsed"/>
    <property name="java.runtime.name" value="OpenJDK Runtime Environment"/>
    <property name="file.encoding" value="UTF-8"/>
    <property name="java.vm.name" value="OpenJDK 64-Bit Server VM"/>
    <property name="test.build.webapps" value=""/>
    <property name="localRepository" value="/home/user/.m2/repository"/>
    <property name="java.vendor.url.bug" value="https://icedtea.classpath.org/bugzilla"/>
    <property name="java.io.tmpdir" value="/tmp"/>
    <property name="require.test.libhadoop" value=""/>
    <property name="java.version" value="1.8.0_212"/>
    <property name="user.dir" value="/workdir/hadoop-ozone/integration-test"/>
    <property name="os.arch" value="amd64"/>
    <property name="java.vm.specification.name" value="Java Virtual Machine Specification"/>
    <property name="test.build.classes" value="/workdir/hadoop-ozone/integration-test/target/test-classes"/>
    <property name="java.awt.printerjob" value="sun.print.PSPrinterJob"/>
    <property name="sun.os.patch.level" value="unknown"/>
    <property name="hadoop.tmp.dir" value="/workdir/hadoop-ozone/integration-test/target/tmp"/>
    <property name="java.library.path" value="/usr/lib/jvm/java-1.8-openjdk/jre/lib/amd64/server:/usr/lib/jvm/java-1.8-openjdk/jre/lib/amd64:/usr/lib/jvm/java-1.8-openjdk/jre/../lib/amd64:/workdir/hadoop-ozone/integration-test/target/native/target/usr/local/lib:/workdir/hadoop-ozone/integration-test/../../hadoop-common-project/hadoop-common/target/native/target/usr/local/lib:/usr/java/packages/lib/amd64:/usr/lib64:/lib64:/lib:/usr/lib"/>
    <property name="java.vm.info" value="mixed mode"/>
    <property name="java.vendor" value="IcedTea"/>
    <property name="java.vm.version" value="25.212-b04"/>
    <property name="java.ext.dirs" value="/usr/lib/jvm/java-1.8-openjdk/jre/lib/ext:/usr/java/packages/lib/ext"/>
    <property name="sun.io.unicode.encoding" value="UnicodeLittle"/>
    <property name="java.class.version" value="52.0"/>
  </properties>
  <testcase name="testFlushChunk" classname="org.apache.hadoop.ozone.client.rpc.TestBlockOutputStream" time="5.45"/>
  <testcase name="testMultiChunkWrite2" classname="org.apache.hadoop.ozone.client.rpc.TestBlockOutputStream" time="193.081">
    <failure message="expected:&lt;5&gt; but was:&lt;8&gt;" type="java.lang.AssertionError"><![CDATA[java.lang.AssertionError: expected:<5> but was:<8>
	at org.junit.Assert.fail(Assert.java:88)
	at org.junit.Assert.failNotEquals(Assert.java:743)
	at org.junit.Assert.assertEquals(Assert.java:118)
	at org.junit.Assert.assertEquals(Assert.java:555)
	at org.junit.Assert.assertEquals(Assert.java:542)
	at org.apache.hadoop.ozone.client.rpc.TestBlockOutputStream.testMultiChunkWrite2(TestBlockOutputStream.java:466)
	at sun.reflect.NativeMethodAccessorImpl.invoke0(Native Method)
	at sun.reflect.NativeMethodAccessorImpl.invoke(NativeMethodAccessorImpl.java:62)
	at sun.reflect.DelegatingMethodAccessorImpl.invoke(DelegatingMethodAccessorImpl.java:43)
	at java.lang.reflect.Method.invoke(Method.java:498)
	at org.junit.runners.model.FrameworkMethod$1.runReflectiveCall(FrameworkMethod.java:47)
	at org.junit.internal.runners.model.ReflectiveCallable.run(ReflectiveCallable.java:12)
	at org.junit.runners.model.FrameworkMethod.invokeExplosively(FrameworkMethod.java:44)
	at org.junit.internal.runners.statements.InvokeMethod.evaluate(InvokeMethod.java:17)
	at org.junit.runners.ParentRunner.runLeaf(ParentRunner.java:271)
	at org.junit.runners.BlockJUnit4ClassRunner.runChild(BlockJUnit4ClassRunner.java:70)
	at org.junit.runners.BlockJUnit4ClassRunner.runChild(BlockJUnit4ClassRunner.java:50)
	at org.junit.runners.ParentRunner$3.run(ParentRunner.java:238)
	at org.junit.runners.ParentRunner$1.schedule(ParentRunner.java:63)
	at org.junit.runners.ParentRunner.runChildren(ParentRunner.java:236)
	at org.junit.runners.ParentRunner.access$000(ParentRunner.java:53)
	at org.junit.runners.ParentRunner$2.evaluate(ParentRunner.java:229)
	at org.junit.internal.runners.statements.RunBefores.evaluate(RunBefores.java:26)
	at org.junit.internal.runners.statements.RunAfters.evaluate(RunAfters.java:27)
	at org.junit.runners.ParentRunner.run(ParentRunner.java:309)
	at org.apache.maven.surefire.junit4.JUnit4Provider.execute(JUnit4Provider.java:365)
	at org.apache.maven.surefire.junit4.JUnit4Provider.executeWithRerun(JUnit4Provider.java:273)
	at org.apache.maven.surefire.junit4.JUnit4Provider.executeTestSet(JUnit4Provider.java:238)
	at org.apache.maven.surefire.junit4.JUnit4Provider.invoke(JUnit4Provider.java:159)
	at org.apache.maven.surefire.booter.ForkedBooter.invokeProviderInSameClassLoader(ForkedBooter.java:384)
	at org.apache.maven.surefire.booter.ForkedBooter.runSuitesInProcess(ForkedBooter.java:345)
	at org.apache.maven.surefire.booter.ForkedBooter.execute(ForkedBooter.java:126)
	at org.apache.maven.surefire.booter.ForkedBooter.main(ForkedBooter.java:418)
]]></failure>
    <system-out><![CDATA[2019-09-11 02:33:51,854 [java.util.concurrent.ThreadPoolExecutor$Worker@8d44dde[State = -1, empty queue]] WARN  server.GrpcLogAppender (GrpcLogAppender.java:timeoutAppendRequest(200)) - 28f29a4c-baf6-4c40-b523-744acc0a8c83@group-58963DB0E9D1->c53771ff-a4da-40bc-be42-f397952cb81e-GrpcLogAppender: appendEntries Timeout, request=28f29a4c-baf6-4c40-b523-744acc0a8c83->c53771ff-a4da-40bc-be42-f397952cb81e#8-t1, previous=(t:1, i:6), leaderCommit=6, initializing? false, entries: size=1, first=(t:1, i:7), STATEMACHINELOGENTRY, client-253D1AE02840, cid=16
2019-09-11 02:33:51,854 [java.util.concurrent.ThreadPoolExecutor$Worker@26c2ee04[State = -1, empty queue]] WARN  server.GrpcLogAppender (GrpcLogAppender.java:timeoutAppendRequest(200)) - 28f29a4c-baf6-4c40-b523-744acc0a8c83@group-58963DB0E9D1->cccfaecc-560c-4f58-9140-53bb7696e889-GrpcLogAppender: appendEntries Timeout, request=28f29a4c-baf6-4c40-b523-744acc0a8c83->cccfaecc-560c-4f58-9140-53bb7696e889#8-t1, previous=(t:1, i:6), leaderCommit=6, initializing? false, entries: size=1, first=(t:1, i:7), STATEMACHINELOGENTRY, client-253D1AE02840, cid=16
2019-09-11 02:33:51,855 [java.util.concurrent.ThreadPoolExecutor$Worker@8d44dde[State = -1, empty queue]] WARN  server.GrpcLogAppender (GrpcLogAppender.java:timeoutAppendRequest(200)) - 28f29a4c-baf6-4c40-b523-744acc0a8c83@group-58963DB0E9D1->c53771ff-a4da-40bc-be42-f397952cb81e-GrpcLogAppender: appendEntries Timeout, request=28f29a4c-baf6-4c40-b523-744acc0a8c83->c53771ff-a4da-40bc-be42-f397952cb81e#9-t1, previous=(t:1, i:7), leaderCommit=6, initializing? false, entries: size=1, first=(t:1, i:8), STATEMACHINELOGENTRY, client-253D1AE02840, cid=17
2019-09-11 02:33:51,867 [java.util.concurrent.ThreadPoolExecutor$Worker@26c2ee04[State = -1, empty queue]] WARN  server.GrpcLogAppender (GrpcLogAppender.java:timeoutAppendRequest(200)) - 28f29a4c-baf6-4c40-b523-744acc0a8c83@group-58963DB0E9D1->cccfaecc-560c-4f58-9140-53bb7696e889-GrpcLogAppender: appendEntries Timeout, request=28f29a4c-baf6-4c40-b523-744acc0a8c83->cccfaecc-560c-4f58-9140-53bb7696e889#9-t1, previous=(t:1, i:7), leaderCommit=6, initializing? false, entries: size=1, first=(t:1, i:8), STATEMACHINELOGENTRY, client-253D1AE02840, cid=17
2019-09-11 02:33:51,869 [java.util.concurrent.ThreadPoolExecutor$Worker@8d44dde[State = -1, empty queue]] WARN  server.GrpcLogAppender (GrpcLogAppender.java:timeoutAppendRequest(200)) - 28f29a4c-baf6-4c40-b523-744acc0a8c83@group-58963DB0E9D1->c53771ff-a4da-40bc-be42-f397952cb81e-GrpcLogAppender: appendEntries Timeout, request=28f29a4c-baf6-4c40-b523-744acc0a8c83->c53771ff-a4da-40bc-be42-f397952cb81e#10-t1, previous=(t:1, i:8), leaderCommit=6, initializing? false, entries: size=1, first=(t:1, i:9), STATEMACHINELOGENTRY, client-253D1AE02840, cid=18
2019-09-11 02:33:51,872 [java.util.concurrent.ThreadPoolExecutor$Worker@26c2ee04[State = -1, empty queue]] WARN  server.GrpcLogAppender (GrpcLogAppender.java:timeoutAppendRequest(200)) - 28f29a4c-baf6-4c40-b523-744acc0a8c83@group-58963DB0E9D1->cccfaecc-560c-4f58-9140-53bb7696e889-GrpcLogAppender: appendEntries Timeout, request=28f29a4c-baf6-4c40-b523-744acc0a8c83->cccfaecc-560c-4f58-9140-53bb7696e889#10-t1, previous=(t:1, i:8), leaderCommit=6, initializing? false, entries: size=1, first=(t:1, i:9), STATEMACHINELOGENTRY, client-253D1AE02840, cid=18
2019-09-11 02:33:51,874 [java.util.concurrent.ThreadPoolExecutor$Worker@8d44dde[State = -1, empty queue]] WARN  server.GrpcLogAppender (GrpcLogAppender.java:timeoutAppendRequest(200)) - 28f29a4c-baf6-4c40-b523-744acc0a8c83@group-58963DB0E9D1->c53771ff-a4da-40bc-be42-f397952cb81e-GrpcLogAppender: appendEntries Timeout, request=28f29a4c-baf6-4c40-b523-744acc0a8c83->c53771ff-a4da-40bc-be42-f397952cb81e#11-t1, previous=(t:1, i:9), leaderCommit=6, initializing? false, entries: size=1, first=(t:1, i:10), STATEMACHINELOGENTRY, client-253D1AE02840, cid=19
2019-09-11 02:33:51,877 [java.util.concurrent.ThreadPoolExecutor$Worker@26c2ee04[State = -1, empty queue]] WARN  server.GrpcLogAppender (GrpcLogAppender.java:timeoutAppendRequest(200)) - 28f29a4c-baf6-4c40-b523-744acc0a8c83@group-58963DB0E9D1->cccfaecc-560c-4f58-9140-53bb7696e889-GrpcLogAppender: appendEntries Timeout, request=28f29a4c-baf6-4c40-b523-744acc0a8c83->cccfaecc-560c-4f58-9140-53bb7696e889#11-t1, previous=(t:1, i:9), leaderCommit=6, initializing? false, entries: size=1, first=(t:1, i:10), STATEMACHINELOGENTRY, client-253D1AE02840, cid=19
2019-09-11 02:33:51,879 [java.util.concurrent.ThreadPoolExecutor$Worker@8d44dde[State = -1, empty queue]] WARN  server.GrpcLogAppender (GrpcLogAppender.java:timeoutAppendRequest(200)) - 28f29a4c-baf6-4c40-b523-744acc0a8c83@group-58963DB0E9D1->c53771ff-a4da-40bc-be42-f397952cb81e-GrpcLogAppender: appendEntries Timeout, request=28f29a4c-baf6-4c40-b523-744acc0a8c83->c53771ff-a4da-40bc-be42-f397952cb81e#12-t1, previous=(t:1, i:10), leaderCommit=6, initializing? false, entries: size=1, first=(t:1, i:11), STATEMACHINELOGENTRY, client-253D1AE02840, cid=20
2019-09-11 02:33:51,882 [java.util.concurrent.ThreadPoolExecutor$Worker@26c2ee04[State = -1, empty queue]] WARN  server.GrpcLogAppender (GrpcLogAppender.java:timeoutAppendRequest(200)) - 28f29a4c-baf6-4c40-b523-744acc0a8c83@group-58963DB0E9D1->cccfaecc-560c-4f58-9140-53bb7696e889-GrpcLogAppender: appendEntries Timeout, request=28f29a4c-baf6-4c40-b523-744acc0a8c83->cccfaecc-560c-4f58-9140-53bb7696e889#12-t1, previous=(t:1, i:10), leaderCommit=6, initializing? false, entries: size=1, first=(t:1, i:11), STATEMACHINELOGENTRY, client-253D1AE02840, cid=20
2019-09-11 02:33:53,094 [Thread-321] INFO  impl.FollowerState (FollowerState.java:run(106)) - b2d4f6ee-4954-4cdf-b279-be7f6eb00edb:group-B0CDE58656A1 changes to CANDIDATE, lastRpcTime:5051, electionTimeout:5048ms
2019-09-11 02:33:53,097 [Thread-321] INFO  impl.RoleInfo (RoleInfo.java:shutdownFollowerState(121)) - b2d4f6ee-4954-4cdf-b279-be7f6eb00edb: shutdown FollowerState
2019-09-11 02:33:53,097 [Thread-321] INFO  impl.RaftServerImpl (RaftServerImpl.java:setRole(174)) - b2d4f6ee-4954-4cdf-b279-be7f6eb00edb@group-B0CDE58656A1: changes role from  FOLLOWER to CANDIDATE at term 2 for changeToCandidate
2019-09-11 02:33:53,098 [Thread-321] INFO  impl.RoleInfo (RoleInfo.java:updateAndGet(143)) - b2d4f6ee-4954-4cdf-b279-be7f6eb00edb: start LeaderElection
2019-09-11 02:33:53,114 [b2d4f6ee-4954-4cdf-b279-be7f6eb00edb@group-B0CDE58656A1:LeaderElection12] INFO  impl.LeaderElection (LeaderElection.java:askForVotes(182)) - b2d4f6ee-4954-4cdf-b279-be7f6eb00edb@group-B0CDE58656A1:LeaderElection12: begin an election at term 3 for -1: [c8dce954-8119-41e7-a833-85c5e6d5903f:192.168.34.53:32806, ab01173a-19be-438c-b3c9-5768badd1aee:192.168.34.53:34770, b2d4f6ee-4954-4cdf-b279-be7f6eb00edb:192.168.34.53:41456], old=null
2019-09-11 02:33:53,127 [grpc-default-executor-1] INFO  impl.RaftServerImpl (RaftServerImpl.java:setRole(174)) - c8dce954-8119-41e7-a833-85c5e6d5903f@group-B0CDE58656A1: changes role from  FOLLOWER to FOLLOWER at term 3 for recognizeCandidate:b2d4f6ee-4954-4cdf-b279-be7f6eb00edb
2019-09-11 02:33:53,127 [grpc-default-executor-5] INFO  impl.RaftServerImpl (RaftServerImpl.java:setRole(174)) - ab01173a-19be-438c-b3c9-5768badd1aee@group-B0CDE58656A1: changes role from  FOLLOWER to FOLLOWER at term 3 for recognizeCandidate:b2d4f6ee-4954-4cdf-b279-be7f6eb00edb
2019-09-11 02:33:53,128 [grpc-default-executor-1] INFO  impl.RoleInfo (RoleInfo.java:shutdownFollowerState(121)) - c8dce954-8119-41e7-a833-85c5e6d5903f: shutdown FollowerState
2019-09-11 02:33:53,128 [grpc-default-executor-5] INFO  impl.RoleInfo (RoleInfo.java:shutdownFollowerState(121)) - ab01173a-19be-438c-b3c9-5768badd1aee: shutdown FollowerState
2019-09-11 02:33:53,128 [grpc-default-executor-1] INFO  impl.RoleInfo (RoleInfo.java:updateAndGet(143)) - c8dce954-8119-41e7-a833-85c5e6d5903f: start FollowerState
2019-09-11 02:33:53,128 [grpc-default-executor-5] INFO  impl.RoleInfo (RoleInfo.java:updateAndGet(143)) - ab01173a-19be-438c-b3c9-5768badd1aee: start FollowerState
2019-09-11 02:33:53,128 [Thread-329] INFO  impl.FollowerState (FollowerState.java:run(115)) - c8dce954-8119-41e7-a833-85c5e6d5903f: FollowerState was interrupted: java.lang.InterruptedException: sleep interrupted
2019-09-11 02:33:53,129 [Thread-335] INFO  impl.FollowerState (FollowerState.java:run(115)) - ab01173a-19be-438c-b3c9-5768badd1aee: FollowerState was interrupted: java.lang.InterruptedException: sleep interrupted
2019-09-11 02:33:53,139 [b2d4f6ee-4954-4cdf-b279-be7f6eb00edb@group-B0CDE58656A1:LeaderElection12] INFO  impl.LeaderElection (LeaderElection.java:logAndReturn(56)) - b2d4f6ee-4954-4cdf-b279-be7f6eb00edb@group-B0CDE58656A1:LeaderElection12: Election PASSED; received 2 response(s) [b2d4f6ee-4954-4cdf-b279-be7f6eb00edb<-ab01173a-19be-438c-b3c9-5768badd1aee#0:FAIL-t3, b2d4f6ee-4954-4cdf-b279-be7f6eb00edb<-c8dce954-8119-41e7-a833-85c5e6d5903f#0:OK-t3] and 0 exception(s); b2d4f6ee-4954-4cdf-b279-be7f6eb00edb@group-B0CDE58656A1:t3, leader=null, voted=b2d4f6ee-4954-4cdf-b279-be7f6eb00edb, raftlog=b2d4f6ee-4954-4cdf-b279-be7f6eb00edb@group-B0CDE58656A1-SegmentedRaftLog:OPENED:c-1,f-1,i0, conf=-1: [c8dce954-8119-41e7-a833-85c5e6d5903f:192.168.34.53:32806, ab01173a-19be-438c-b3c9-5768badd1aee:192.168.34.53:34770, b2d4f6ee-4954-4cdf-b279-be7f6eb00edb:192.168.34.53:41456], old=null
2019-09-11 02:33:53,139 [b2d4f6ee-4954-4cdf-b279-be7f6eb00edb@group-B0CDE58656A1:LeaderElection12] INFO  impl.RoleInfo (RoleInfo.java:shutdownLeaderElection(134)) - b2d4f6ee-4954-4cdf-b279-be7f6eb00edb: shutdown LeaderElection
2019-09-11 02:33:53,142 [b2d4f6ee-4954-4cdf-b279-be7f6eb00edb@group-B0CDE58656A1:LeaderElection12] INFO  impl.RaftServerImpl (RaftServerImpl.java:setRole(174)) - b2d4f6ee-4954-4cdf-b279-be7f6eb00edb@group-B0CDE58656A1: changes role from CANDIDATE to LEADER at term 3 for changeToLeader
2019-09-11 02:33:53,142 [b2d4f6ee-4954-4cdf-b279-be7f6eb00edb@group-B0CDE58656A1:LeaderElection12] INFO  impl.RaftServerImpl (ServerState.java:setLeader(253)) - b2d4f6ee-4954-4cdf-b279-be7f6eb00edb@group-B0CDE58656A1: change Leader from null to b2d4f6ee-4954-4cdf-b279-be7f6eb00edb at term 3 for becomeLeader, leader elected after 10197ms
2019-09-11 02:33:53,142 [b2d4f6ee-4954-4cdf-b279-be7f6eb00edb@group-B0CDE58656A1:LeaderElection12] INFO  server.RaftServerConfigKeys (ConfUtils.java:logGet(43)) - raft.server.staging.catchup.gap = 1000 (default)
2019-09-11 02:33:53,143 [b2d4f6ee-4954-4cdf-b279-be7f6eb00edb@group-B0CDE58656A1:LeaderElection12] INFO  server.RaftServerConfigKeys (ConfUtils.java:logGet(43)) - raft.server.rpc.sleep.time = 25ms (default)
2019-09-11 02:33:53,143 [b2d4f6ee-4954-4cdf-b279-be7f6eb00edb@group-B0CDE58656A1:LeaderElection12] INFO  server.RaftServerConfigKeys (ConfUtils.java:logGet(43)) - raft.server.write.element-limit = 4096 (default)
2019-09-11 02:33:53,143 [b2d4f6ee-4954-4cdf-b279-be7f6eb00edb@group-B0CDE58656A1:LeaderElection12] INFO  server.RaftServerConfigKeys (ConfUtils.java:logGet(43)) - raft.server.watch.timeout = 10s (default)
2019-09-11 02:33:53,143 [b2d4f6ee-4954-4cdf-b279-be7f6eb00edb@group-B0CDE58656A1:LeaderElection12] INFO  server.RaftServerConfigKeys (ConfUtils.java:logGet(43)) - raft.server.watch.timeout.denomination = 1s (default)
2019-09-11 02:33:53,143 [b2d4f6ee-4954-4cdf-b279-be7f6eb00edb@group-B0CDE58656A1:LeaderElection12] INFO  server.RaftServerConfigKeys (ConfUtils.java:logGet(43)) - raft.server.watch.element-limit = 65536 (default)
2019-09-11 02:33:53,148 [b2d4f6ee-4954-4cdf-b279-be7f6eb00edb@group-B0CDE58656A1:LeaderElection12] INFO  server.RaftServerConfigKeys (ConfUtils.java:logGet(43)) - raft.server.log.appender.snapshot.chunk.size.max = 16MB (=16777216) (default)
2019-09-11 02:33:53,149 [b2d4f6ee-4954-4cdf-b279-be7f6eb00edb@group-B0CDE58656A1:LeaderElection12] INFO  server.RaftServerConfigKeys (ConfUtils.java:logGet(43)) - raft.server.log.appender.buffer.byte-limit = 33554432 (custom)
2019-09-11 02:33:53,149 [b2d4f6ee-4954-4cdf-b279-be7f6eb00edb@group-B0CDE58656A1:LeaderElection12] INFO  server.RaftServerConfigKeys (ConfUtils.java:logGet(43)) - raft.server.log.appender.buffer.element-limit = 1 (custom)
2019-09-11 02:33:53,149 [b2d4f6ee-4954-4cdf-b279-be7f6eb00edb@group-B0CDE58656A1:LeaderElection12] INFO  grpc.GrpcConfigKeys$Server (ConfUtils.java:logGet(43)) - raft.grpc.server.leader.outstanding.appends.max = 128 (default)
2019-09-11 02:33:53,150 [b2d4f6ee-4954-4cdf-b279-be7f6eb00edb@group-B0CDE58656A1:LeaderElection12] INFO  server.RaftServerConfigKeys (ConfUtils.java:logGet(43)) - raft.server.rpc.request.timeout = 3000ms (default)
2019-09-11 02:33:53,150 [b2d4f6ee-4954-4cdf-b279-be7f6eb00edb@group-B0CDE58656A1:LeaderElection12] INFO  server.RaftServerConfigKeys (ConfUtils.java:logGet(43)) - raft.server.log.appender.install.snapshot.enabled = false (custom)
2019-09-11 02:33:53,150 [b2d4f6ee-4954-4cdf-b279-be7f6eb00edb@group-B0CDE58656A1:LeaderElection12] INFO  server.RaftServerConfigKeys (ConfUtils.java:logGet(43)) - raft.server.log.appender.snapshot.chunk.size.max = 16MB (=16777216) (default)
2019-09-11 02:33:53,150 [b2d4f6ee-4954-4cdf-b279-be7f6eb00edb@group-B0CDE58656A1:LeaderElection12] INFO  server.RaftServerConfigKeys (ConfUtils.java:logGet(43)) - raft.server.log.appender.buffer.byte-limit = 33554432 (custom)
2019-09-11 02:33:53,151 [b2d4f6ee-4954-4cdf-b279-be7f6eb00edb@group-B0CDE58656A1:LeaderElection12] INFO  server.RaftServerConfigKeys (ConfUtils.java:logGet(43)) - raft.server.log.appender.buffer.element-limit = 1 (custom)
2019-09-11 02:33:53,151 [b2d4f6ee-4954-4cdf-b279-be7f6eb00edb@group-B0CDE58656A1:LeaderElection12] INFO  grpc.GrpcConfigKeys$Server (ConfUtils.java:logGet(43)) - raft.grpc.server.leader.outstanding.appends.max = 128 (default)
2019-09-11 02:33:53,151 [b2d4f6ee-4954-4cdf-b279-be7f6eb00edb@group-B0CDE58656A1:LeaderElection12] INFO  server.RaftServerConfigKeys (ConfUtils.java:logGet(43)) - raft.server.rpc.request.timeout = 3000ms (default)
2019-09-11 02:33:53,151 [b2d4f6ee-4954-4cdf-b279-be7f6eb00edb@group-B0CDE58656A1:LeaderElection12] INFO  server.RaftServerConfigKeys (ConfUtils.java:logGet(43)) - raft.server.log.appender.install.snapshot.enabled = false (custom)
2019-09-11 02:33:53,152 [b2d4f6ee-4954-4cdf-b279-be7f6eb00edb@group-B0CDE58656A1:LeaderElection12] INFO  impl.RoleInfo (RoleInfo.java:updateAndGet(143)) - b2d4f6ee-4954-4cdf-b279-be7f6eb00edb: start LeaderState
2019-09-11 02:33:53,152 [b2d4f6ee-4954-4cdf-b279-be7f6eb00edb@group-B0CDE58656A1:LeaderElection12] INFO  segmented.SegmentedRaftLogWorker (SegmentedRaftLogWorker.java:startLogSegment(380)) - b2d4f6ee-4954-4cdf-b279-be7f6eb00edb@group-B0CDE58656A1-SegmentedRaftLogWorker: Starting segment from index:0
2019-09-11 02:33:53,153 [b2d4f6ee-4954-4cdf-b279-be7f6eb00edb@group-B0CDE58656A1:LeaderElection12] INFO  impl.RaftServerImpl (ServerState.java:setRaftConf(354)) - b2d4f6ee-4954-4cdf-b279-be7f6eb00edb@group-B0CDE58656A1: set configuration 0: [c8dce954-8119-41e7-a833-85c5e6d5903f:192.168.34.53:32806, ab01173a-19be-438c-b3c9-5768badd1aee:192.168.34.53:34770, b2d4f6ee-4954-4cdf-b279-be7f6eb00edb:192.168.34.53:41456], old=null at 0
2019-09-11 02:33:53,200 [grpc-default-executor-5] INFO  impl.RaftServerImpl (ServerState.java:setLeader(253)) - c8dce954-8119-41e7-a833-85c5e6d5903f@group-B0CDE58656A1: change Leader from null to b2d4f6ee-4954-4cdf-b279-be7f6eb00edb at term 3 for appendEntries, leader elected after 10255ms
2019-09-11 02:33:53,200 [grpc-default-executor-1] INFO  impl.RaftServerImpl (ServerState.java:setLeader(253)) - ab01173a-19be-438c-b3c9-5768badd1aee@group-B0CDE58656A1: change Leader from null to b2d4f6ee-4954-4cdf-b279-be7f6eb00edb at term 3 for appendEntries, leader elected after 5065ms
2019-09-11 02:33:53,208 [grpc-default-executor-1] INFO  impl.RaftServerImpl (ServerState.java:setRaftConf(354)) - c8dce954-8119-41e7-a833-85c5e6d5903f@group-B0CDE58656A1: set configuration 0: [c8dce954-8119-41e7-a833-85c5e6d5903f:192.168.34.53:32806, ab01173a-19be-438c-b3c9-5768badd1aee:192.168.34.53:34770, b2d4f6ee-4954-4cdf-b279-be7f6eb00edb:192.168.34.53:41456], old=null at 0
2019-09-11 02:33:53,208 [grpc-default-executor-5] INFO  impl.RaftServerImpl (ServerState.java:setRaftConf(354)) - ab01173a-19be-438c-b3c9-5768badd1aee@group-B0CDE58656A1: set configuration 0: [c8dce954-8119-41e7-a833-85c5e6d5903f:192.168.34.53:32806, ab01173a-19be-438c-b3c9-5768badd1aee:192.168.34.53:34770, b2d4f6ee-4954-4cdf-b279-be7f6eb00edb:192.168.34.53:41456], old=null at 0
2019-09-11 02:33:53,208 [grpc-default-executor-1] INFO  segmented.SegmentedRaftLogWorker (SegmentedRaftLogWorker.java:startLogSegment(380)) - c8dce954-8119-41e7-a833-85c5e6d5903f@group-B0CDE58656A1-SegmentedRaftLogWorker: Starting segment from index:0
2019-09-11 02:33:53,209 [b2d4f6ee-4954-4cdf-b279-be7f6eb00edb@group-B0CDE58656A1-SegmentedRaftLogWorker] INFO  segmented.SegmentedRaftLogWorker (SegmentedRaftLogWorker.java:execute(569)) - b2d4f6ee-4954-4cdf-b279-be7f6eb00edb@group-B0CDE58656A1-SegmentedRaftLogWorker: created new log segment /workdir/hadoop-ozone/integration-test/target/test-dir/MiniOzoneClusterImpl-3465b5d1-a811-46c9-af46-590ec6677b1b/datanode-4/data/ratis/9c1cbf4e-6e0e-4668-9df6-b0cde58656a1/current/log_inprogress_0
2019-09-11 02:33:53,213 [grpc-default-executor-5] INFO  segmented.SegmentedRaftLogWorker (SegmentedRaftLogWorker.java:truncate(396)) - ab01173a-19be-438c-b3c9-5768badd1aee@group-B0CDE58656A1-SegmentedRaftLogWorker: Truncating segments toTruncate: null
  toDelete: [(0, 0) isOpen? true, length=0, newEndIndex=-1], start index 0
2019-09-11 02:33:53,214 [grpc-default-executor-5] INFO  segmented.SegmentedRaftLogWorker (SegmentedRaftLogWorker.java:startLogSegment(380)) - ab01173a-19be-438c-b3c9-5768badd1aee@group-B0CDE58656A1-SegmentedRaftLogWorker: Starting segment from index:0
2019-09-11 02:33:53,217 [ab01173a-19be-438c-b3c9-5768badd1aee@group-B0CDE58656A1-SegmentedRaftLogWorker] INFO  segmented.SegmentedRaftLogWorker (SegmentedRaftLogWorker.java:execute(633)) - ab01173a-19be-438c-b3c9-5768badd1aee@group-B0CDE58656A1-SegmentedRaftLogWorker: Deleted log file /workdir/hadoop-ozone/integration-test/target/test-dir/MiniOzoneClusterImpl-3465b5d1-a811-46c9-af46-590ec6677b1b/datanode-5/data/ratis/9c1cbf4e-6e0e-4668-9df6-b0cde58656a1/current/log_inprogress_0
2019-09-11 02:33:53,220 [ab01173a-19be-438c-b3c9-5768badd1aee@group-B0CDE58656A1-SegmentedRaftLogWorker] INFO  segmented.SegmentedRaftLogWorker (SegmentedRaftLogWorker.java:lambda$new$0(132)) - ab01173a-19be-438c-b3c9-5768badd1aee@group-B0CDE58656A1-SegmentedRaftLogWorker: flushIndex: setUnconditionally 0 -> -1
2019-09-11 02:33:53,250 [c8dce954-8119-41e7-a833-85c5e6d5903f@group-B0CDE58656A1-SegmentedRaftLogWorker] INFO  segmented.SegmentedRaftLogWorker (SegmentedRaftLogWorker.java:execute(569)) - c8dce954-8119-41e7-a833-85c5e6d5903f@group-B0CDE58656A1-SegmentedRaftLogWorker: created new log segment /workdir/hadoop-ozone/integration-test/target/test-dir/MiniOzoneClusterImpl-3465b5d1-a811-46c9-af46-590ec6677b1b/datanode-1/data/ratis/9c1cbf4e-6e0e-4668-9df6-b0cde58656a1/current/log_inprogress_0
2019-09-11 02:33:53,256 [ab01173a-19be-438c-b3c9-5768badd1aee@group-B0CDE58656A1-SegmentedRaftLogWorker] INFO  segmented.SegmentedRaftLogWorker (SegmentedRaftLogWorker.java:execute(569)) - ab01173a-19be-438c-b3c9-5768badd1aee@group-B0CDE58656A1-SegmentedRaftLogWorker: created new log segment /workdir/hadoop-ozone/integration-test/target/test-dir/MiniOzoneClusterImpl-3465b5d1-a811-46c9-af46-590ec6677b1b/datanode-5/data/ratis/9c1cbf4e-6e0e-4668-9df6-b0cde58656a1/current/log_inprogress_0
2019-09-11 02:33:53,947 [grpc-default-executor-1] INFO  client.GrpcClientProtocolClient (GrpcClientProtocolClient.java:onNext(264)) - client-253D1AE02840->c53771ff-a4da-40bc-be42-f397952cb81e: receive RaftClientReply:client-253D1AE02840->c53771ff-a4da-40bc-be42-f397952cb81e@group-58963DB0E9D1, cid=16, FAILED org.apache.ratis.protocol.NotLeaderException: Server c53771ff-a4da-40bc-be42-f397952cb81e@group-58963DB0E9D1 is not the leader 28f29a4c-baf6-4c40-b523-744acc0a8c83:192.168.34.53:35385, logIndex=0, commits[c53771ff-a4da-40bc-be42-f397952cb81e:c6, cccfaecc-560c-4f58-9140-53bb7696e889:c4, 28f29a4c-baf6-4c40-b523-744acc0a8c83:c6]
2019-09-11 02:33:54,362 [java.util.concurrent.ThreadPoolExecutor$Worker@8d44dde[State = -1, empty queue]] WARN  server.GrpcLogAppender (GrpcLogAppender.java:timeoutAppendRequest(200)) - 28f29a4c-baf6-4c40-b523-744acc0a8c83@group-58963DB0E9D1->c53771ff-a4da-40bc-be42-f397952cb81e-GrpcLogAppender: appendEntries Timeout, request=28f29a4c-baf6-4c40-b523-744acc0a8c83->c53771ff-a4da-40bc-be42-f397952cb81e#13-t1, previous=(t:1, i:11), leaderCommit=6, initializing? false, entries: <empty>
2019-09-11 02:33:54,362 [java.util.concurrent.ThreadPoolExecutor$Worker@26c2ee04[State = -1, empty queue]] WARN  server.GrpcLogAppender (GrpcLogAppender.java:timeoutAppendRequest(200)) - 28f29a4c-baf6-4c40-b523-744acc0a8c83@group-58963DB0E9D1->cccfaecc-560c-4f58-9140-53bb7696e889-GrpcLogAppender: appendEntries Timeout, request=28f29a4c-baf6-4c40-b523-744acc0a8c83->cccfaecc-560c-4f58-9140-53bb7696e889#13-t1, previous=(t:1, i:11), leaderCommit=6, initializing? false, entries: <empty>
2019-09-11 02:33:56,861 [java.util.concurrent.ThreadPoolExecutor$Worker@26c2ee04[State = -1, empty queue]] WARN  server.GrpcLogAppender (GrpcLogAppender.java:timeoutAppendRequest(200)) - 28f29a4c-baf6-4c40-b523-744acc0a8c83@group-58963DB0E9D1->cccfaecc-560c-4f58-9140-53bb7696e889-GrpcLogAppender: appendEntries Timeout, request=28f29a4c-baf6-4c40-b523-744acc0a8c83->cccfaecc-560c-4f58-9140-53bb7696e889#14-t1, previous=(t:1, i:11), leaderCommit=6, initializing? false, entries: <empty>
2019-09-11 02:33:56,861 [java.util.concurrent.ThreadPoolExecutor$Worker@8d44dde[State = -1, empty queue]] WARN  server.GrpcLogAppender (GrpcLogAppender.java:timeoutAppendRequest(200)) - 28f29a4c-baf6-4c40-b523-744acc0a8c83@group-58963DB0E9D1->c53771ff-a4da-40bc-be42-f397952cb81e-GrpcLogAppender: appendEntries Timeout, request=28f29a4c-baf6-4c40-b523-744acc0a8c83->c53771ff-a4da-40bc-be42-f397952cb81e#14-t1, previous=(t:1, i:11), leaderCommit=6, initializing? false, entries: <empty>
2019-09-11 02:33:59,003 [grpc-default-executor-1] INFO  client.GrpcClientProtocolClient (GrpcClientProtocolClient.java:onNext(264)) - client-253D1AE02840->c53771ff-a4da-40bc-be42-f397952cb81e: receive RaftClientReply:client-253D1AE02840->c53771ff-a4da-40bc-be42-f397952cb81e@group-58963DB0E9D1, cid=16, FAILED org.apache.ratis.protocol.NotLeaderException: Server c53771ff-a4da-40bc-be42-f397952cb81e@group-58963DB0E9D1 is not the leader 28f29a4c-baf6-4c40-b523-744acc0a8c83:192.168.34.53:35385, logIndex=0, commits[c53771ff-a4da-40bc-be42-f397952cb81e:c6, cccfaecc-560c-4f58-9140-53bb7696e889:c4, 28f29a4c-baf6-4c40-b523-744acc0a8c83:c6]
2019-09-11 02:33:59,013 [cccfaecc-560c-4f58-9140-53bb7696e889@group-58963DB0E9D1-SegmentedRaftLogWorker] WARN  segmented.SegmentedRaftLogWorker (SegmentedRaftLogWorker.java:getFromFuture(90)) - Timeout 0/~
org.apache.ratis.protocol.TimeoutIOException: Timeout 10s: WriteLog:8: (t:1, i:8), STATEMACHINELOGENTRY, client-253D1AE02840, cid=17-writeStateMachineData
	at org.apache.ratis.util.IOUtils.getFromFuture(IOUtils.java:87)
	at org.apache.ratis.server.raftlog.segmented.SegmentedRaftLogWorker$StateMachineDataPolicy.getFromFuture(SegmentedRaftLogWorker.java:87)
	at org.apache.ratis.server.raftlog.segmented.SegmentedRaftLogWorker$WriteLog.execute(SegmentedRaftLogWorker.java:477)
	at org.apache.ratis.server.raftlog.segmented.SegmentedRaftLogWorker.run(SegmentedRaftLogWorker.java:289)
	at java.lang.Thread.run(Thread.java:748)
Caused by: java.util.concurrent.TimeoutException
	at java.util.concurrent.CompletableFuture.timedGet(CompletableFuture.java:1771)
	at java.util.concurrent.CompletableFuture.get(CompletableFuture.java:1915)
	at org.apache.ratis.util.IOUtils.getFromFuture(IOUtils.java:79)
	... 4 more
2019-09-11 02:33:59,013 [28f29a4c-baf6-4c40-b523-744acc0a8c83@group-58963DB0E9D1-SegmentedRaftLogWorker] WARN  segmented.SegmentedRaftLogWorker (SegmentedRaftLogWorker.java:getFromFuture(90)) - Timeout 0/~
org.apache.ratis.protocol.TimeoutIOException: Timeout 10s: WriteLog:8: (t:1, i:8), STATEMACHINELOGENTRY, client-253D1AE02840, cid=17-writeStateMachineData
	at org.apache.ratis.util.IOUtils.getFromFuture(IOUtils.java:87)
	at org.apache.ratis.server.raftlog.segmented.SegmentedRaftLogWorker$StateMachineDataPolicy.getFromFuture(SegmentedRaftLogWorker.java:87)
	at org.apache.ratis.server.raftlog.segmented.SegmentedRaftLogWorker$WriteLog.execute(SegmentedRaftLogWorker.java:477)
	at org.apache.ratis.server.raftlog.segmented.SegmentedRaftLogWorker.run(SegmentedRaftLogWorker.java:289)
	at java.lang.Thread.run(Thread.java:748)
Caused by: java.util.concurrent.TimeoutException
	at java.util.concurrent.CompletableFuture.timedGet(CompletableFuture.java:1771)
	at java.util.concurrent.CompletableFuture.get(CompletableFuture.java:1915)
	at org.apache.ratis.util.IOUtils.getFromFuture(IOUtils.java:79)
	... 4 more
2019-09-11 02:33:59,013 [c53771ff-a4da-40bc-be42-f397952cb81e@group-58963DB0E9D1-SegmentedRaftLogWorker] WARN  segmented.SegmentedRaftLogWorker (SegmentedRaftLogWorker.java:getFromFuture(90)) - Timeout 0/~
org.apache.ratis.protocol.TimeoutIOException: Timeout 10s: WriteLog:8: (t:1, i:8), STATEMACHINELOGENTRY, client-253D1AE02840, cid=17-writeStateMachineData
	at org.apache.ratis.util.IOUtils.getFromFuture(IOUtils.java:87)
	at org.apache.ratis.server.raftlog.segmented.SegmentedRaftLogWorker$StateMachineDataPolicy.getFromFuture(SegmentedRaftLogWorker.java:87)
	at org.apache.ratis.server.raftlog.segmented.SegmentedRaftLogWorker$WriteLog.execute(SegmentedRaftLogWorker.java:477)
	at org.apache.ratis.server.raftlog.segmented.SegmentedRaftLogWorker.run(SegmentedRaftLogWorker.java:289)
	at java.lang.Thread.run(Thread.java:748)
Caused by: java.util.concurrent.TimeoutException
	at java.util.concurrent.CompletableFuture.timedGet(CompletableFuture.java:1771)
	at java.util.concurrent.CompletableFuture.get(CompletableFuture.java:1915)
	at org.apache.ratis.util.IOUtils.getFromFuture(IOUtils.java:79)
	... 4 more
2019-09-11 02:33:59,362 [java.util.concurrent.ThreadPoolExecutor$Worker@8d44dde[State = -1, empty queue]] WARN  server.GrpcLogAppender (GrpcLogAppender.java:timeoutAppendRequest(200)) - 28f29a4c-baf6-4c40-b523-744acc0a8c83@group-58963DB0E9D1->c53771ff-a4da-40bc-be42-f397952cb81e-GrpcLogAppender: appendEntries Timeout, request=28f29a4c-baf6-4c40-b523-744acc0a8c83->c53771ff-a4da-40bc-be42-f397952cb81e#15-t1, previous=(t:1, i:11), leaderCommit=6, initializing? false, entries: <empty>
2019-09-11 02:33:59,362 [java.util.concurrent.ThreadPoolExecutor$Worker@26c2ee04[State = -1, empty queue]] WARN  server.GrpcLogAppender (GrpcLogAppender.java:timeoutAppendRequest(200)) - 28f29a4c-baf6-4c40-b523-744acc0a8c83@group-58963DB0E9D1->cccfaecc-560c-4f58-9140-53bb7696e889-GrpcLogAppender: appendEntries Timeout, request=28f29a4c-baf6-4c40-b523-744acc0a8c83->cccfaecc-560c-4f58-9140-53bb7696e889#15-t1, previous=(t:1, i:11), leaderCommit=6, initializing? false, entries: <empty>
2019-09-11 02:34:01,863 [java.util.concurrent.ThreadPoolExecutor$Worker@26c2ee04[State = -1, empty queue]] WARN  server.GrpcLogAppender (GrpcLogAppender.java:timeoutAppendRequest(200)) - 28f29a4c-baf6-4c40-b523-744acc0a8c83@group-58963DB0E9D1->cccfaecc-560c-4f58-9140-53bb7696e889-GrpcLogAppender: appendEntries Timeout, request=28f29a4c-baf6-4c40-b523-744acc0a8c83->cccfaecc-560c-4f58-9140-53bb7696e889#16-t1, previous=(t:1, i:11), leaderCommit=6, initializing? false, entries: <empty>
2019-09-11 02:34:01,863 [java.util.concurrent.ThreadPoolExecutor$Worker@8d44dde[State = -1, empty queue]] WARN  server.GrpcLogAppender (GrpcLogAppender.java:timeoutAppendRequest(200)) - 28f29a4c-baf6-4c40-b523-744acc0a8c83@group-58963DB0E9D1->c53771ff-a4da-40bc-be42-f397952cb81e-GrpcLogAppender: appendEntries Timeout, request=28f29a4c-baf6-4c40-b523-744acc0a8c83->c53771ff-a4da-40bc-be42-f397952cb81e#16-t1, previous=(t:1, i:11), leaderCommit=6, initializing? false, entries: <empty>
2019-09-11 02:34:04,057 [grpc-default-executor-1] INFO  client.GrpcClientProtocolClient (GrpcClientProtocolClient.java:onNext(264)) - client-253D1AE02840->c53771ff-a4da-40bc-be42-f397952cb81e: receive RaftClientReply:client-253D1AE02840->c53771ff-a4da-40bc-be42-f397952cb81e@group-58963DB0E9D1, cid=16, FAILED org.apache.ratis.protocol.NotLeaderException: Server c53771ff-a4da-40bc-be42-f397952cb81e@group-58963DB0E9D1 is not the leader 28f29a4c-baf6-4c40-b523-744acc0a8c83:192.168.34.53:35385, logIndex=0, commits[c53771ff-a4da-40bc-be42-f397952cb81e:c6, cccfaecc-560c-4f58-9140-53bb7696e889:c4, 28f29a4c-baf6-4c40-b523-744acc0a8c83:c6]
2019-09-11 02:34:04,364 [java.util.concurrent.ThreadPoolExecutor$Worker@8d44dde[State = -1, empty queue]] WARN  server.GrpcLogAppender (GrpcLogAppender.java:timeoutAppendRequest(200)) - 28f29a4c-baf6-4c40-b523-744acc0a8c83@group-58963DB0E9D1->c53771ff-a4da-40bc-be42-f397952cb81e-GrpcLogAppender: appendEntries Timeout, request=28f29a4c-baf6-4c40-b523-744acc0a8c83->c53771ff-a4da-40bc-be42-f397952cb81e#17-t1, previous=(t:1, i:11), leaderCommit=6, initializing? false, entries: <empty>
2019-09-11 02:34:04,364 [java.util.concurrent.ThreadPoolExecutor$Worker@26c2ee04[State = -1, empty queue]] WARN  server.GrpcLogAppender (GrpcLogAppender.java:timeoutAppendRequest(200)) - 28f29a4c-baf6-4c40-b523-744acc0a8c83@group-58963DB0E9D1->cccfaecc-560c-4f58-9140-53bb7696e889-GrpcLogAppender: appendEntries Timeout, request=28f29a4c-baf6-4c40-b523-744acc0a8c83->cccfaecc-560c-4f58-9140-53bb7696e889#17-t1, previous=(t:1, i:11), leaderCommit=6, initializing? false, entries: <empty>
2019-09-11 02:34:06,865 [java.util.concurrent.ThreadPoolExecutor$Worker@8d44dde[State = -1, empty queue]] WARN  server.GrpcLogAppender (GrpcLogAppender.java:timeoutAppendRequest(200)) - 28f29a4c-baf6-4c40-b523-744acc0a8c83@group-58963DB0E9D1->c53771ff-a4da-40bc-be42-f397952cb81e-GrpcLogAppender: appendEntries Timeout, request=28f29a4c-baf6-4c40-b523-744acc0a8c83->c53771ff-a4da-40bc-be42-f397952cb81e#18-t1, previous=(t:1, i:11), leaderCommit=6, initializing? false, entries: <empty>
2019-09-11 02:34:06,865 [java.util.concurrent.ThreadPoolExecutor$Worker@26c2ee04[State = -1, empty queue]] WARN  server.GrpcLogAppender (GrpcLogAppender.java:timeoutAppendRequest(200)) - 28f29a4c-baf6-4c40-b523-744acc0a8c83@group-58963DB0E9D1->cccfaecc-560c-4f58-9140-53bb7696e889-GrpcLogAppender: appendEntries Timeout, request=28f29a4c-baf6-4c40-b523-744acc0a8c83->cccfaecc-560c-4f58-9140-53bb7696e889#18-t1, previous=(t:1, i:11), leaderCommit=6, initializing? false, entries: <empty>
2019-09-11 02:34:09,021 [cccfaecc-560c-4f58-9140-53bb7696e889@group-58963DB0E9D1-SegmentedRaftLogWorker] WARN  segmented.SegmentedRaftLogWorker (SegmentedRaftLogWorker.java:getFromFuture(90)) - Timeout 1/~
org.apache.ratis.protocol.TimeoutIOException: Timeout 10s: WriteLog:8: (t:1, i:8), STATEMACHINELOGENTRY, client-253D1AE02840, cid=17-writeStateMachineData
	at org.apache.ratis.util.IOUtils.getFromFuture(IOUtils.java:87)
	at org.apache.ratis.server.raftlog.segmented.SegmentedRaftLogWorker$StateMachineDataPolicy.getFromFuture(SegmentedRaftLogWorker.java:87)
	at org.apache.ratis.server.raftlog.segmented.SegmentedRaftLogWorker$WriteLog.execute(SegmentedRaftLogWorker.java:477)
	at org.apache.ratis.server.raftlog.segmented.SegmentedRaftLogWorker.run(SegmentedRaftLogWorker.java:289)
	at java.lang.Thread.run(Thread.java:748)
Caused by: java.util.concurrent.TimeoutException
	at java.util.concurrent.CompletableFuture.timedGet(CompletableFuture.java:1771)
	at java.util.concurrent.CompletableFuture.get(CompletableFuture.java:1915)
	at org.apache.ratis.util.IOUtils.getFromFuture(IOUtils.java:79)
	... 4 more
2019-09-11 02:34:09,023 [28f29a4c-baf6-4c40-b523-744acc0a8c83@group-58963DB0E9D1-SegmentedRaftLogWorker] WARN  segmented.SegmentedRaftLogWorker (SegmentedRaftLogWorker.java:getFromFuture(90)) - Timeout 1/~
org.apache.ratis.protocol.TimeoutIOException: Timeout 10s: WriteLog:8: (t:1, i:8), STATEMACHINELOGENTRY, client-253D1AE02840, cid=17-writeStateMachineData
	at org.apache.ratis.util.IOUtils.getFromFuture(IOUtils.java:87)
	at org.apache.ratis.server.raftlog.segmented.SegmentedRaftLogWorker$StateMachineDataPolicy.getFromFuture(SegmentedRaftLogWorker.java:87)
	at org.apache.ratis.server.raftlog.segmented.SegmentedRaftLogWorker$WriteLog.execute(SegmentedRaftLogWorker.java:477)
	at org.apache.ratis.server.raftlog.segmented.SegmentedRaftLogWorker.run(SegmentedRaftLogWorker.java:289)
	at java.lang.Thread.run(Thread.java:748)
Caused by: java.util.concurrent.TimeoutException
	at java.util.concurrent.CompletableFuture.timedGet(CompletableFuture.java:1771)
	at java.util.concurrent.CompletableFuture.get(CompletableFuture.java:1915)
	at org.apache.ratis.util.IOUtils.getFromFuture(IOUtils.java:79)
	... 4 more
2019-09-11 02:34:09,023 [c53771ff-a4da-40bc-be42-f397952cb81e@group-58963DB0E9D1-SegmentedRaftLogWorker] WARN  segmented.SegmentedRaftLogWorker (SegmentedRaftLogWorker.java:getFromFuture(90)) - Timeout 1/~
org.apache.ratis.protocol.TimeoutIOException: Timeout 10s: WriteLog:8: (t:1, i:8), STATEMACHINELOGENTRY, client-253D1AE02840, cid=17-writeStateMachineData
	at org.apache.ratis.util.IOUtils.getFromFuture(IOUtils.java:87)
	at org.apache.ratis.server.raftlog.segmented.SegmentedRaftLogWorker$StateMachineDataPolicy.getFromFuture(SegmentedRaftLogWorker.java:87)
	at org.apache.ratis.server.raftlog.segmented.SegmentedRaftLogWorker$WriteLog.execute(SegmentedRaftLogWorker.java:477)
	at org.apache.ratis.server.raftlog.segmented.SegmentedRaftLogWorker.run(SegmentedRaftLogWorker.java:289)
	at java.lang.Thread.run(Thread.java:748)
Caused by: java.util.concurrent.TimeoutException
	at java.util.concurrent.CompletableFuture.timedGet(CompletableFuture.java:1771)
	at java.util.concurrent.CompletableFuture.get(CompletableFuture.java:1915)
	at org.apache.ratis.util.IOUtils.getFromFuture(IOUtils.java:79)
	... 4 more
2019-09-11 02:34:09,118 [grpc-default-executor-5] INFO  client.GrpcClientProtocolClient (GrpcClientProtocolClient.java:onNext(264)) - client-253D1AE02840->c53771ff-a4da-40bc-be42-f397952cb81e: receive RaftClientReply:client-253D1AE02840->c53771ff-a4da-40bc-be42-f397952cb81e@group-58963DB0E9D1, cid=16, FAILED org.apache.ratis.protocol.NotLeaderException: Server c53771ff-a4da-40bc-be42-f397952cb81e@group-58963DB0E9D1 is not the leader 28f29a4c-baf6-4c40-b523-744acc0a8c83:192.168.34.53:35385, logIndex=0, commits[c53771ff-a4da-40bc-be42-f397952cb81e:c6, cccfaecc-560c-4f58-9140-53bb7696e889:c4, 28f29a4c-baf6-4c40-b523-744acc0a8c83:c6]
2019-09-11 02:34:09,366 [java.util.concurrent.ThreadPoolExecutor$Worker@8d44dde[State = -1, empty queue]] WARN  server.GrpcLogAppender (GrpcLogAppender.java:timeoutAppendRequest(200)) - 28f29a4c-baf6-4c40-b523-744acc0a8c83@group-58963DB0E9D1->c53771ff-a4da-40bc-be42-f397952cb81e-GrpcLogAppender: appendEntries Timeout, request=28f29a4c-baf6-4c40-b523-744acc0a8c83->c53771ff-a4da-40bc-be42-f397952cb81e#19-t1, previous=(t:1, i:11), leaderCommit=6, initializing? false, entries: <empty>
2019-09-11 02:34:09,366 [java.util.concurrent.ThreadPoolExecutor$Worker@26c2ee04[State = -1, empty queue]] WARN  server.GrpcLogAppender (GrpcLogAppender.java:timeoutAppendRequest(200)) - 28f29a4c-baf6-4c40-b523-744acc0a8c83@group-58963DB0E9D1->cccfaecc-560c-4f58-9140-53bb7696e889-GrpcLogAppender: appendEntries Timeout, request=28f29a4c-baf6-4c40-b523-744acc0a8c83->cccfaecc-560c-4f58-9140-53bb7696e889#19-t1, previous=(t:1, i:11), leaderCommit=6, initializing? false, entries: <empty>
2019-09-11 02:34:11,867 [java.util.concurrent.ThreadPoolExecutor$Worker@8d44dde[State = -1, empty queue]] WARN  server.GrpcLogAppender (GrpcLogAppender.java:timeoutAppendRequest(200)) - 28f29a4c-baf6-4c40-b523-744acc0a8c83@group-58963DB0E9D1->c53771ff-a4da-40bc-be42-f397952cb81e-GrpcLogAppender: appendEntries Timeout, request=28f29a4c-baf6-4c40-b523-744acc0a8c83->c53771ff-a4da-40bc-be42-f397952cb81e#20-t1, previous=(t:1, i:11), leaderCommit=6, initializing? false, entries: <empty>
2019-09-11 02:34:11,867 [java.util.concurrent.ThreadPoolExecutor$Worker@26c2ee04[State = -1, empty queue]] WARN  server.GrpcLogAppender (GrpcLogAppender.java:timeoutAppendRequest(200)) - 28f29a4c-baf6-4c40-b523-744acc0a8c83@group-58963DB0E9D1->cccfaecc-560c-4f58-9140-53bb7696e889-GrpcLogAppender: appendEntries Timeout, request=28f29a4c-baf6-4c40-b523-744acc0a8c83->cccfaecc-560c-4f58-9140-53bb7696e889#20-t1, previous=(t:1, i:11), leaderCommit=6, initializing? false, entries: <empty>
2019-09-11 02:34:14,179 [grpc-default-executor-5] INFO  client.GrpcClientProtocolClient (GrpcClientProtocolClient.java:onNext(264)) - client-253D1AE02840->c53771ff-a4da-40bc-be42-f397952cb81e: receive RaftClientReply:client-253D1AE02840->c53771ff-a4da-40bc-be42-f397952cb81e@group-58963DB0E9D1, cid=16, FAILED org.apache.ratis.protocol.NotLeaderException: Server c53771ff-a4da-40bc-be42-f397952cb81e@group-58963DB0E9D1 is not the leader 28f29a4c-baf6-4c40-b523-744acc0a8c83:192.168.34.53:35385, logIndex=0, commits[c53771ff-a4da-40bc-be42-f397952cb81e:c6, cccfaecc-560c-4f58-9140-53bb7696e889:c4, 28f29a4c-baf6-4c40-b523-744acc0a8c83:c6]
2019-09-11 02:34:14,368 [java.util.concurrent.ThreadPoolExecutor$Worker@8d44dde[State = -1, empty queue]] WARN  server.GrpcLogAppender (GrpcLogAppender.java:timeoutAppendRequest(200)) - 28f29a4c-baf6-4c40-b523-744acc0a8c83@group-58963DB0E9D1->c53771ff-a4da-40bc-be42-f397952cb81e-GrpcLogAppender: appendEntries Timeout, request=28f29a4c-baf6-4c40-b523-744acc0a8c83->c53771ff-a4da-40bc-be42-f397952cb81e#21-t1, previous=(t:1, i:11), leaderCommit=6, initializing? false, entries: <empty>
2019-09-11 02:34:14,368 [java.util.concurrent.ThreadPoolExecutor$Worker@26c2ee04[State = -1, empty queue]] WARN  server.GrpcLogAppender (GrpcLogAppender.java:timeoutAppendRequest(200)) - 28f29a4c-baf6-4c40-b523-744acc0a8c83@group-58963DB0E9D1->cccfaecc-560c-4f58-9140-53bb7696e889-GrpcLogAppender: appendEntries Timeout, request=28f29a4c-baf6-4c40-b523-744acc0a8c83->cccfaecc-560c-4f58-9140-53bb7696e889#21-t1, previous=(t:1, i:11), leaderCommit=6, initializing? false, entries: <empty>
2019-09-11 02:34:16,869 [java.util.concurrent.ThreadPoolExecutor$Worker@8d44dde[State = -1, empty queue]] WARN  server.GrpcLogAppender (GrpcLogAppender.java:timeoutAppendRequest(200)) - 28f29a4c-baf6-4c40-b523-744acc0a8c83@group-58963DB0E9D1->c53771ff-a4da-40bc-be42-f397952cb81e-GrpcLogAppender: appendEntries Timeout, request=28f29a4c-baf6-4c40-b523-744acc0a8c83->c53771ff-a4da-40bc-be42-f397952cb81e#22-t1, previous=(t:1, i:11), leaderCommit=6, initializing? false, entries: <empty>
2019-09-11 02:34:16,869 [java.util.concurrent.ThreadPoolExecutor$Worker@26c2ee04[State = -1, empty queue]] WARN  server.GrpcLogAppender (GrpcLogAppender.java:timeoutAppendRequest(200)) - 28f29a4c-baf6-4c40-b523-744acc0a8c83@group-58963DB0E9D1->cccfaecc-560c-4f58-9140-53bb7696e889-GrpcLogAppender: appendEntries Timeout, request=28f29a4c-baf6-4c40-b523-744acc0a8c83->cccfaecc-560c-4f58-9140-53bb7696e889#22-t1, previous=(t:1, i:11), leaderCommit=6, initializing? false, entries: <empty>
2019-09-11 02:34:19,022 [cccfaecc-560c-4f58-9140-53bb7696e889@group-58963DB0E9D1-SegmentedRaftLogWorker] WARN  segmented.SegmentedRaftLogWorker (SegmentedRaftLogWorker.java:getFromFuture(90)) - Timeout 2/~
org.apache.ratis.protocol.TimeoutIOException: Timeout 10s: WriteLog:8: (t:1, i:8), STATEMACHINELOGENTRY, client-253D1AE02840, cid=17-writeStateMachineData
	at org.apache.ratis.util.IOUtils.getFromFuture(IOUtils.java:87)
	at org.apache.ratis.server.raftlog.segmented.SegmentedRaftLogWorker$StateMachineDataPolicy.getFromFuture(SegmentedRaftLogWorker.java:87)
	at org.apache.ratis.server.raftlog.segmented.SegmentedRaftLogWorker$WriteLog.execute(SegmentedRaftLogWorker.java:477)
	at org.apache.ratis.server.raftlog.segmented.SegmentedRaftLogWorker.run(SegmentedRaftLogWorker.java:289)
	at java.lang.Thread.run(Thread.java:748)
Caused by: java.util.concurrent.TimeoutException
	at java.util.concurrent.CompletableFuture.timedGet(CompletableFuture.java:1771)
	at java.util.concurrent.CompletableFuture.get(CompletableFuture.java:1915)
	at org.apache.ratis.util.IOUtils.getFromFuture(IOUtils.java:79)
	... 4 more
2019-09-11 02:34:19,024 [28f29a4c-baf6-4c40-b523-744acc0a8c83@group-58963DB0E9D1-SegmentedRaftLogWorker] WARN  segmented.SegmentedRaftLogWorker (SegmentedRaftLogWorker.java:getFromFuture(90)) - Timeout 2/~
org.apache.ratis.protocol.TimeoutIOException: Timeout 10s: WriteLog:8: (t:1, i:8), STATEMACHINELOGENTRY, client-253D1AE02840, cid=17-writeStateMachineData
	at org.apache.ratis.util.IOUtils.getFromFuture(IOUtils.java:87)
	at org.apache.ratis.server.raftlog.segmented.SegmentedRaftLogWorker$StateMachineDataPolicy.getFromFuture(SegmentedRaftLogWorker.java:87)
	at org.apache.ratis.server.raftlog.segmented.SegmentedRaftLogWorker$WriteLog.execute(SegmentedRaftLogWorker.java:477)
	at org.apache.ratis.server.raftlog.segmented.SegmentedRaftLogWorker.run(SegmentedRaftLogWorker.java:289)
	at java.lang.Thread.run(Thread.java:748)
Caused by: java.util.concurrent.TimeoutException
	at java.util.concurrent.CompletableFuture.timedGet(CompletableFuture.java:1771)
	at java.util.concurrent.CompletableFuture.get(CompletableFuture.java:1915)
	at org.apache.ratis.util.IOUtils.getFromFuture(IOUtils.java:79)
	... 4 more
2019-09-11 02:34:19,024 [c53771ff-a4da-40bc-be42-f397952cb81e@group-58963DB0E9D1-SegmentedRaftLogWorker] WARN  segmented.SegmentedRaftLogWorker (SegmentedRaftLogWorker.java:getFromFuture(90)) - Timeout 2/~
org.apache.ratis.protocol.TimeoutIOException: Timeout 10s: WriteLog:8: (t:1, i:8), STATEMACHINELOGENTRY, client-253D1AE02840, cid=17-writeStateMachineData
	at org.apache.ratis.util.IOUtils.getFromFuture(IOUtils.java:87)
	at org.apache.ratis.server.raftlog.segmented.SegmentedRaftLogWorker$StateMachineDataPolicy.getFromFuture(SegmentedRaftLogWorker.java:87)
	at org.apache.ratis.server.raftlog.segmented.SegmentedRaftLogWorker$WriteLog.execute(SegmentedRaftLogWorker.java:477)
	at org.apache.ratis.server.raftlog.segmented.SegmentedRaftLogWorker.run(SegmentedRaftLogWorker.java:289)
	at java.lang.Thread.run(Thread.java:748)
Caused by: java.util.concurrent.TimeoutException
	at java.util.concurrent.CompletableFuture.timedGet(CompletableFuture.java:1771)
	at java.util.concurrent.CompletableFuture.get(CompletableFuture.java:1915)
	at org.apache.ratis.util.IOUtils.getFromFuture(IOUtils.java:79)
	... 4 more
2019-09-11 02:34:19,255 [grpc-default-executor-1] INFO  client.GrpcClientProtocolClient (GrpcClientProtocolClient.java:onNext(264)) - client-253D1AE02840->cccfaecc-560c-4f58-9140-53bb7696e889: receive RaftClientReply:client-253D1AE02840->cccfaecc-560c-4f58-9140-53bb7696e889@group-58963DB0E9D1, cid=16, FAILED org.apache.ratis.protocol.NotLeaderException: Server cccfaecc-560c-4f58-9140-53bb7696e889@group-58963DB0E9D1 is not the leader 28f29a4c-baf6-4c40-b523-744acc0a8c83:192.168.34.53:35385, logIndex=0, commits[cccfaecc-560c-4f58-9140-53bb7696e889:c6, c53771ff-a4da-40bc-be42-f397952cb81e:c4, 28f29a4c-baf6-4c40-b523-744acc0a8c83:c6]
2019-09-11 02:34:19,370 [java.util.concurrent.ThreadPoolExecutor$Worker@8d44dde[State = -1, empty queue]] WARN  server.GrpcLogAppender (GrpcLogAppender.java:timeoutAppendRequest(200)) - 28f29a4c-baf6-4c40-b523-744acc0a8c83@group-58963DB0E9D1->c53771ff-a4da-40bc-be42-f397952cb81e-GrpcLogAppender: appendEntries Timeout, request=28f29a4c-baf6-4c40-b523-744acc0a8c83->c53771ff-a4da-40bc-be42-f397952cb81e#23-t1, previous=(t:1, i:11), leaderCommit=6, initializing? false, entries: <empty>
2019-09-11 02:34:19,370 [java.util.concurrent.ThreadPoolExecutor$Worker@26c2ee04[State = -1, empty queue]] WARN  server.GrpcLogAppender (GrpcLogAppender.java:timeoutAppendRequest(200)) - 28f29a4c-baf6-4c40-b523-744acc0a8c83@group-58963DB0E9D1->cccfaecc-560c-4f58-9140-53bb7696e889-GrpcLogAppender: appendEntries Timeout, request=28f29a4c-baf6-4c40-b523-744acc0a8c83->cccfaecc-560c-4f58-9140-53bb7696e889#23-t1, previous=(t:1, i:11), leaderCommit=6, initializing? false, entries: <empty>
2019-09-11 02:34:21,872 [java.util.concurrent.ThreadPoolExecutor$Worker@8d44dde[State = -1, empty queue]] WARN  server.GrpcLogAppender (GrpcLogAppender.java:timeoutAppendRequest(200)) - 28f29a4c-baf6-4c40-b523-744acc0a8c83@group-58963DB0E9D1->c53771ff-a4da-40bc-be42-f397952cb81e-GrpcLogAppender: appendEntries Timeout, request=28f29a4c-baf6-4c40-b523-744acc0a8c83->c53771ff-a4da-40bc-be42-f397952cb81e#24-t1, previous=(t:1, i:11), leaderCommit=6, initializing? false, entries: <empty>
2019-09-11 02:34:21,872 [java.util.concurrent.ThreadPoolExecutor$Worker@26c2ee04[State = -1, empty queue]] WARN  server.GrpcLogAppender (GrpcLogAppender.java:timeoutAppendRequest(200)) - 28f29a4c-baf6-4c40-b523-744acc0a8c83@group-58963DB0E9D1->cccfaecc-560c-4f58-9140-53bb7696e889-GrpcLogAppender: appendEntries Timeout, request=28f29a4c-baf6-4c40-b523-744acc0a8c83->cccfaecc-560c-4f58-9140-53bb7696e889#24-t1, previous=(t:1, i:11), leaderCommit=6, initializing? false, entries: <empty>
2019-09-11 02:34:24,327 [grpc-default-executor-5] INFO  client.GrpcClientProtocolClient (GrpcClientProtocolClient.java:onNext(264)) - client-253D1AE02840->cccfaecc-560c-4f58-9140-53bb7696e889: receive RaftClientReply:client-253D1AE02840->cccfaecc-560c-4f58-9140-53bb7696e889@group-58963DB0E9D1, cid=16, FAILED org.apache.ratis.protocol.NotLeaderException: Server cccfaecc-560c-4f58-9140-53bb7696e889@group-58963DB0E9D1 is not the leader 28f29a4c-baf6-4c40-b523-744acc0a8c83:192.168.34.53:35385, logIndex=0, commits[cccfaecc-560c-4f58-9140-53bb7696e889:c6, c53771ff-a4da-40bc-be42-f397952cb81e:c4, 28f29a4c-baf6-4c40-b523-744acc0a8c83:c6]
2019-09-11 02:34:24,372 [java.util.concurrent.ThreadPoolExecutor$Worker@26c2ee04[State = -1, empty queue]] WARN  server.GrpcLogAppender (GrpcLogAppender.java:timeoutAppendRequest(200)) - 28f29a4c-baf6-4c40-b523-744acc0a8c83@group-58963DB0E9D1->cccfaecc-560c-4f58-9140-53bb7696e889-GrpcLogAppender: appendEntries Timeout, request=28f29a4c-baf6-4c40-b523-744acc0a8c83->cccfaecc-560c-4f58-9140-53bb7696e889#25-t1, previous=(t:1, i:11), leaderCommit=6, initializing? false, entries: <empty>
2019-09-11 02:34:24,372 [java.util.concurrent.ThreadPoolExecutor$Worker@8d44dde[State = -1, empty queue]] WARN  server.GrpcLogAppender (GrpcLogAppender.java:timeoutAppendRequest(200)) - 28f29a4c-baf6-4c40-b523-744acc0a8c83@group-58963DB0E9D1->c53771ff-a4da-40bc-be42-f397952cb81e-GrpcLogAppender: appendEntries Timeout, request=28f29a4c-baf6-4c40-b523-744acc0a8c83->c53771ff-a4da-40bc-be42-f397952cb81e#25-t1, previous=(t:1, i:11), leaderCommit=6, initializing? false, entries: <empty>
2019-09-11 02:34:26,873 [java.util.concurrent.ThreadPoolExecutor$Worker@8d44dde[State = -1, empty queue]] WARN  server.GrpcLogAppender (GrpcLogAppender.java:timeoutAppendRequest(200)) - 28f29a4c-baf6-4c40-b523-744acc0a8c83@group-58963DB0E9D1->c53771ff-a4da-40bc-be42-f397952cb81e-GrpcLogAppender: appendEntries Timeout, request=28f29a4c-baf6-4c40-b523-744acc0a8c83->c53771ff-a4da-40bc-be42-f397952cb81e#26-t1, previous=(t:1, i:11), leaderCommit=6, initializing? false, entries: <empty>
2019-09-11 02:34:26,873 [java.util.concurrent.ThreadPoolExecutor$Worker@26c2ee04[State = -1, empty queue]] WARN  server.GrpcLogAppender (GrpcLogAppender.java:timeoutAppendRequest(200)) - 28f29a4c-baf6-4c40-b523-744acc0a8c83@group-58963DB0E9D1->cccfaecc-560c-4f58-9140-53bb7696e889-GrpcLogAppender: appendEntries Timeout, request=28f29a4c-baf6-4c40-b523-744acc0a8c83->cccfaecc-560c-4f58-9140-53bb7696e889#26-t1, previous=(t:1, i:11), leaderCommit=6, initializing? false, entries: <empty>
2019-09-11 02:34:29,024 [cccfaecc-560c-4f58-9140-53bb7696e889@group-58963DB0E9D1-SegmentedRaftLogWorker] WARN  segmented.SegmentedRaftLogWorker (SegmentedRaftLogWorker.java:getFromFuture(90)) - Timeout 3/~
org.apache.ratis.protocol.TimeoutIOException: Timeout 10s: WriteLog:8: (t:1, i:8), STATEMACHINELOGENTRY, client-253D1AE02840, cid=17-writeStateMachineData
	at org.apache.ratis.util.IOUtils.getFromFuture(IOUtils.java:87)
	at org.apache.ratis.server.raftlog.segmented.SegmentedRaftLogWorker$StateMachineDataPolicy.getFromFuture(SegmentedRaftLogWorker.java:87)
	at org.apache.ratis.server.raftlog.segmented.SegmentedRaftLogWorker$WriteLog.execute(SegmentedRaftLogWorker.java:477)
	at org.apache.ratis.server.raftlog.segmented.SegmentedRaftLogWorker.run(SegmentedRaftLogWorker.java:289)
	at java.lang.Thread.run(Thread.java:748)
Caused by: java.util.concurrent.TimeoutException
	at java.util.concurrent.CompletableFuture.timedGet(CompletableFuture.java:1771)
	at java.util.concurrent.CompletableFuture.get(CompletableFuture.java:1915)
	at org.apache.ratis.util.IOUtils.getFromFuture(IOUtils.java:79)
	... 4 more
2019-09-11 02:34:29,025 [c53771ff-a4da-40bc-be42-f397952cb81e@group-58963DB0E9D1-SegmentedRaftLogWorker] WARN  segmented.SegmentedRaftLogWorker (SegmentedRaftLogWorker.java:getFromFuture(90)) - Timeout 3/~
org.apache.ratis.protocol.TimeoutIOException: Timeout 10s: WriteLog:8: (t:1, i:8), STATEMACHINELOGENTRY, client-253D1AE02840, cid=17-writeStateMachineData
	at org.apache.ratis.util.IOUtils.getFromFuture(IOUtils.java:87)
	at org.apache.ratis.server.raftlog.segmented.SegmentedRaftLogWorker$StateMachineDataPolicy.getFromFuture(SegmentedRaftLogWorker.java:87)
	at org.apache.ratis.server.raftlog.segmented.SegmentedRaftLogWorker$WriteLog.execute(SegmentedRaftLogWorker.java:477)
	at org.apache.ratis.server.raftlog.segmented.SegmentedRaftLogWorker.run(SegmentedRaftLogWorker.java:289)
	at java.lang.Thread.run(Thread.java:748)
Caused by: java.util.concurrent.TimeoutException
	at java.util.concurrent.CompletableFuture.timedGet(CompletableFuture.java:1771)
	at java.util.concurrent.CompletableFuture.get(CompletableFuture.java:1915)
	at org.apache.ratis.util.IOUtils.getFromFuture(IOUtils.java:79)
	... 4 more
2019-09-11 02:34:29,025 [28f29a4c-baf6-4c40-b523-744acc0a8c83@group-58963DB0E9D1-SegmentedRaftLogWorker] WARN  segmented.SegmentedRaftLogWorker (SegmentedRaftLogWorker.java:getFromFuture(90)) - Timeout 3/~
org.apache.ratis.protocol.TimeoutIOException: Timeout 10s: WriteLog:8: (t:1, i:8), STATEMACHINELOGENTRY, client-253D1AE02840, cid=17-writeStateMachineData
	at org.apache.ratis.util.IOUtils.getFromFuture(IOUtils.java:87)
	at org.apache.ratis.server.raftlog.segmented.SegmentedRaftLogWorker$StateMachineDataPolicy.getFromFuture(SegmentedRaftLogWorker.java:87)
	at org.apache.ratis.server.raftlog.segmented.SegmentedRaftLogWorker$WriteLog.execute(SegmentedRaftLogWorker.java:477)
	at org.apache.ratis.server.raftlog.segmented.SegmentedRaftLogWorker.run(SegmentedRaftLogWorker.java:289)
	at java.lang.Thread.run(Thread.java:748)
Caused by: java.util.concurrent.TimeoutException
	at java.util.concurrent.CompletableFuture.timedGet(CompletableFuture.java:1771)
	at java.util.concurrent.CompletableFuture.get(CompletableFuture.java:1915)
	at org.apache.ratis.util.IOUtils.getFromFuture(IOUtils.java:79)
	... 4 more
2019-09-11 02:34:29,374 [java.util.concurrent.ThreadPoolExecutor$Worker@8d44dde[State = -1, empty queue]] WARN  server.GrpcLogAppender (GrpcLogAppender.java:timeoutAppendRequest(200)) - 28f29a4c-baf6-4c40-b523-744acc0a8c83@group-58963DB0E9D1->c53771ff-a4da-40bc-be42-f397952cb81e-GrpcLogAppender: appendEntries Timeout, request=28f29a4c-baf6-4c40-b523-744acc0a8c83->c53771ff-a4da-40bc-be42-f397952cb81e#27-t1, previous=(t:1, i:11), leaderCommit=6, initializing? false, entries: <empty>
2019-09-11 02:34:29,374 [java.util.concurrent.ThreadPoolExecutor$Worker@26c2ee04[State = -1, empty queue]] WARN  server.GrpcLogAppender (GrpcLogAppender.java:timeoutAppendRequest(200)) - 28f29a4c-baf6-4c40-b523-744acc0a8c83@group-58963DB0E9D1->cccfaecc-560c-4f58-9140-53bb7696e889-GrpcLogAppender: appendEntries Timeout, request=28f29a4c-baf6-4c40-b523-744acc0a8c83->cccfaecc-560c-4f58-9140-53bb7696e889#27-t1, previous=(t:1, i:11), leaderCommit=6, initializing? false, entries: <empty>
2019-09-11 02:34:29,413 [grpc-default-executor-1] INFO  client.GrpcClientProtocolClient (GrpcClientProtocolClient.java:onNext(264)) - client-253D1AE02840->c53771ff-a4da-40bc-be42-f397952cb81e: receive RaftClientReply:client-253D1AE02840->c53771ff-a4da-40bc-be42-f397952cb81e@group-58963DB0E9D1, cid=16, FAILED org.apache.ratis.protocol.NotLeaderException: Server c53771ff-a4da-40bc-be42-f397952cb81e@group-58963DB0E9D1 is not the leader 28f29a4c-baf6-4c40-b523-744acc0a8c83:192.168.34.53:35385, logIndex=0, commits[c53771ff-a4da-40bc-be42-f397952cb81e:c6, cccfaecc-560c-4f58-9140-53bb7696e889:c4, 28f29a4c-baf6-4c40-b523-744acc0a8c83:c6]
2019-09-11 02:34:31,875 [java.util.concurrent.ThreadPoolExecutor$Worker@8d44dde[State = -1, empty queue]] WARN  server.GrpcLogAppender (GrpcLogAppender.java:timeoutAppendRequest(200)) - 28f29a4c-baf6-4c40-b523-744acc0a8c83@group-58963DB0E9D1->c53771ff-a4da-40bc-be42-f397952cb81e-GrpcLogAppender: appendEntries Timeout, request=28f29a4c-baf6-4c40-b523-744acc0a8c83->c53771ff-a4da-40bc-be42-f397952cb81e#28-t1, previous=(t:1, i:11), leaderCommit=6, initializing? false, entries: <empty>
2019-09-11 02:34:31,875 [java.util.concurrent.ThreadPoolExecutor$Worker@26c2ee04[State = -1, empty queue]] WARN  server.GrpcLogAppender (GrpcLogAppender.java:timeoutAppendRequest(200)) - 28f29a4c-baf6-4c40-b523-744acc0a8c83@group-58963DB0E9D1->cccfaecc-560c-4f58-9140-53bb7696e889-GrpcLogAppender: appendEntries Timeout, request=28f29a4c-baf6-4c40-b523-744acc0a8c83->cccfaecc-560c-4f58-9140-53bb7696e889#28-t1, previous=(t:1, i:11), leaderCommit=6, initializing? false, entries: <empty>
2019-09-11 02:34:34,376 [java.util.concurrent.ThreadPoolExecutor$Worker@8d44dde[State = -1, empty queue]] WARN  server.GrpcLogAppender (GrpcLogAppender.java:timeoutAppendRequest(200)) - 28f29a4c-baf6-4c40-b523-744acc0a8c83@group-58963DB0E9D1->c53771ff-a4da-40bc-be42-f397952cb81e-GrpcLogAppender: appendEntries Timeout, request=28f29a4c-baf6-4c40-b523-744acc0a8c83->c53771ff-a4da-40bc-be42-f397952cb81e#29-t1, previous=(t:1, i:11), leaderCommit=6, initializing? false, entries: <empty>
2019-09-11 02:34:34,376 [java.util.concurrent.ThreadPoolExecutor$Worker@26c2ee04[State = -1, empty queue]] WARN  server.GrpcLogAppender (GrpcLogAppender.java:timeoutAppendRequest(200)) - 28f29a4c-baf6-4c40-b523-744acc0a8c83@group-58963DB0E9D1->cccfaecc-560c-4f58-9140-53bb7696e889-GrpcLogAppender: appendEntries Timeout, request=28f29a4c-baf6-4c40-b523-744acc0a8c83->cccfaecc-560c-4f58-9140-53bb7696e889#29-t1, previous=(t:1, i:11), leaderCommit=6, initializing? false, entries: <empty>
2019-09-11 02:34:34,495 [grpc-default-executor-1] INFO  client.GrpcClientProtocolClient (GrpcClientProtocolClient.java:onNext(264)) - client-253D1AE02840->cccfaecc-560c-4f58-9140-53bb7696e889: receive RaftClientReply:client-253D1AE02840->cccfaecc-560c-4f58-9140-53bb7696e889@group-58963DB0E9D1, cid=16, FAILED org.apache.ratis.protocol.NotLeaderException: Server cccfaecc-560c-4f58-9140-53bb7696e889@group-58963DB0E9D1 is not the leader 28f29a4c-baf6-4c40-b523-744acc0a8c83:192.168.34.53:35385, logIndex=0, commits[cccfaecc-560c-4f58-9140-53bb7696e889:c6, c53771ff-a4da-40bc-be42-f397952cb81e:c4, 28f29a4c-baf6-4c40-b523-744acc0a8c83:c6]
2019-09-11 02:34:36,877 [java.util.concurrent.ThreadPoolExecutor$Worker@26c2ee04[State = -1, empty queue]] WARN  server.GrpcLogAppender (GrpcLogAppender.java:timeoutAppendRequest(200)) - 28f29a4c-baf6-4c40-b523-744acc0a8c83@group-58963DB0E9D1->cccfaecc-560c-4f58-9140-53bb7696e889-GrpcLogAppender: appendEntries Timeout, request=28f29a4c-baf6-4c40-b523-744acc0a8c83->cccfaecc-560c-4f58-9140-53bb7696e889#30-t1, previous=(t:1, i:11), leaderCommit=6, initializing? false, entries: <empty>
2019-09-11 02:34:36,877 [java.util.concurrent.ThreadPoolExecutor$Worker@8d44dde[State = -1, empty queue]] WARN  server.GrpcLogAppender (GrpcLogAppender.java:timeoutAppendRequest(200)) - 28f29a4c-baf6-4c40-b523-744acc0a8c83@group-58963DB0E9D1->c53771ff-a4da-40bc-be42-f397952cb81e-GrpcLogAppender: appendEntries Timeout, request=28f29a4c-baf6-4c40-b523-744acc0a8c83->c53771ff-a4da-40bc-be42-f397952cb81e#30-t1, previous=(t:1, i:11), leaderCommit=6, initializing? false, entries: <empty>
2019-09-11 02:34:39,026 [cccfaecc-560c-4f58-9140-53bb7696e889@group-58963DB0E9D1-SegmentedRaftLogWorker] WARN  segmented.SegmentedRaftLogWorker (SegmentedRaftLogWorker.java:getFromFuture(90)) - Timeout 4/~
org.apache.ratis.protocol.TimeoutIOException: Timeout 10s: WriteLog:8: (t:1, i:8), STATEMACHINELOGENTRY, client-253D1AE02840, cid=17-writeStateMachineData
	at org.apache.ratis.util.IOUtils.getFromFuture(IOUtils.java:87)
	at org.apache.ratis.server.raftlog.segmented.SegmentedRaftLogWorker$StateMachineDataPolicy.getFromFuture(SegmentedRaftLogWorker.java:87)
	at org.apache.ratis.server.raftlog.segmented.SegmentedRaftLogWorker$WriteLog.execute(SegmentedRaftLogWorker.java:477)
	at org.apache.ratis.server.raftlog.segmented.SegmentedRaftLogWorker.run(SegmentedRaftLogWorker.java:289)
	at java.lang.Thread.run(Thread.java:748)
Caused by: java.util.concurrent.TimeoutException
	at java.util.concurrent.CompletableFuture.timedGet(CompletableFuture.java:1771)
	at java.util.concurrent.CompletableFuture.get(CompletableFuture.java:1915)
	at org.apache.ratis.util.IOUtils.getFromFuture(IOUtils.java:79)
	... 4 more
2019-09-11 02:34:39,027 [c53771ff-a4da-40bc-be42-f397952cb81e@group-58963DB0E9D1-SegmentedRaftLogWorker] WARN  segmented.SegmentedRaftLogWorker (SegmentedRaftLogWorker.java:getFromFuture(90)) - Timeout 4/~
org.apache.ratis.protocol.TimeoutIOException: Timeout 10s: WriteLog:8: (t:1, i:8), STATEMACHINELOGENTRY, client-253D1AE02840, cid=17-writeStateMachineData
	at org.apache.ratis.util.IOUtils.getFromFuture(IOUtils.java:87)
	at org.apache.ratis.server.raftlog.segmented.SegmentedRaftLogWorker$StateMachineDataPolicy.getFromFuture(SegmentedRaftLogWorker.java:87)
	at org.apache.ratis.server.raftlog.segmented.SegmentedRaftLogWorker$WriteLog.execute(SegmentedRaftLogWorker.java:477)
	at org.apache.ratis.server.raftlog.segmented.SegmentedRaftLogWorker.run(SegmentedRaftLogWorker.java:289)
	at java.lang.Thread.run(Thread.java:748)
Caused by: java.util.concurrent.TimeoutException
	at java.util.concurrent.CompletableFuture.timedGet(CompletableFuture.java:1771)
	at java.util.concurrent.CompletableFuture.get(CompletableFuture.java:1915)
	at org.apache.ratis.util.IOUtils.getFromFuture(IOUtils.java:79)
	... 4 more
2019-09-11 02:34:39,027 [28f29a4c-baf6-4c40-b523-744acc0a8c83@group-58963DB0E9D1-SegmentedRaftLogWorker] WARN  segmented.SegmentedRaftLogWorker (SegmentedRaftLogWorker.java:getFromFuture(90)) - Timeout 4/~
org.apache.ratis.protocol.TimeoutIOException: Timeout 10s: WriteLog:8: (t:1, i:8), STATEMACHINELOGENTRY, client-253D1AE02840, cid=17-writeStateMachineData
	at org.apache.ratis.util.IOUtils.getFromFuture(IOUtils.java:87)
	at org.apache.ratis.server.raftlog.segmented.SegmentedRaftLogWorker$StateMachineDataPolicy.getFromFuture(SegmentedRaftLogWorker.java:87)
	at org.apache.ratis.server.raftlog.segmented.SegmentedRaftLogWorker$WriteLog.execute(SegmentedRaftLogWorker.java:477)
	at org.apache.ratis.server.raftlog.segmented.SegmentedRaftLogWorker.run(SegmentedRaftLogWorker.java:289)
	at java.lang.Thread.run(Thread.java:748)
Caused by: java.util.concurrent.TimeoutException
	at java.util.concurrent.CompletableFuture.timedGet(CompletableFuture.java:1771)
	at java.util.concurrent.CompletableFuture.get(CompletableFuture.java:1915)
	at org.apache.ratis.util.IOUtils.getFromFuture(IOUtils.java:79)
	... 4 more
2019-09-11 02:34:39,378 [java.util.concurrent.ThreadPoolExecutor$Worker@8d44dde[State = -1, empty queue]] WARN  server.GrpcLogAppender (GrpcLogAppender.java:timeoutAppendRequest(200)) - 28f29a4c-baf6-4c40-b523-744acc0a8c83@group-58963DB0E9D1->c53771ff-a4da-40bc-be42-f397952cb81e-GrpcLogAppender: appendEntries Timeout, request=28f29a4c-baf6-4c40-b523-744acc0a8c83->c53771ff-a4da-40bc-be42-f397952cb81e#31-t1, previous=(t:1, i:11), leaderCommit=6, initializing? false, entries: <empty>
2019-09-11 02:34:39,378 [java.util.concurrent.ThreadPoolExecutor$Worker@26c2ee04[State = -1, empty queue]] WARN  server.GrpcLogAppender (GrpcLogAppender.java:timeoutAppendRequest(200)) - 28f29a4c-baf6-4c40-b523-744acc0a8c83@group-58963DB0E9D1->cccfaecc-560c-4f58-9140-53bb7696e889-GrpcLogAppender: appendEntries Timeout, request=28f29a4c-baf6-4c40-b523-744acc0a8c83->cccfaecc-560c-4f58-9140-53bb7696e889#31-t1, previous=(t:1, i:11), leaderCommit=6, initializing? false, entries: <empty>
2019-09-11 02:34:39,553 [grpc-default-executor-1] INFO  client.GrpcClientProtocolClient (GrpcClientProtocolClient.java:onNext(264)) - client-253D1AE02840->cccfaecc-560c-4f58-9140-53bb7696e889: receive RaftClientReply:client-253D1AE02840->cccfaecc-560c-4f58-9140-53bb7696e889@group-58963DB0E9D1, cid=16, FAILED org.apache.ratis.protocol.NotLeaderException: Server cccfaecc-560c-4f58-9140-53bb7696e889@group-58963DB0E9D1 is not the leader 28f29a4c-baf6-4c40-b523-744acc0a8c83:192.168.34.53:35385, logIndex=0, commits[cccfaecc-560c-4f58-9140-53bb7696e889:c6, c53771ff-a4da-40bc-be42-f397952cb81e:c4, 28f29a4c-baf6-4c40-b523-744acc0a8c83:c6]
2019-09-11 02:34:41,879 [java.util.concurrent.ThreadPoolExecutor$Worker@26c2ee04[State = -1, empty queue]] WARN  server.GrpcLogAppender (GrpcLogAppender.java:timeoutAppendRequest(200)) - 28f29a4c-baf6-4c40-b523-744acc0a8c83@group-58963DB0E9D1->cccfaecc-560c-4f58-9140-53bb7696e889-GrpcLogAppender: appendEntries Timeout, request=28f29a4c-baf6-4c40-b523-744acc0a8c83->cccfaecc-560c-4f58-9140-53bb7696e889#32-t1, previous=(t:1, i:11), leaderCommit=6, initializing? false, entries: <empty>
2019-09-11 02:34:41,879 [java.util.concurrent.ThreadPoolExecutor$Worker@8d44dde[State = -1, empty queue]] WARN  server.GrpcLogAppender (GrpcLogAppender.java:timeoutAppendRequest(200)) - 28f29a4c-baf6-4c40-b523-744acc0a8c83@group-58963DB0E9D1->c53771ff-a4da-40bc-be42-f397952cb81e-GrpcLogAppender: appendEntries Timeout, request=28f29a4c-baf6-4c40-b523-744acc0a8c83->c53771ff-a4da-40bc-be42-f397952cb81e#32-t1, previous=(t:1, i:11), leaderCommit=6, initializing? false, entries: <empty>
2019-09-11 02:34:44,379 [java.util.concurrent.ThreadPoolExecutor$Worker@8d44dde[State = -1, empty queue]] WARN  server.GrpcLogAppender (GrpcLogAppender.java:timeoutAppendRequest(200)) - 28f29a4c-baf6-4c40-b523-744acc0a8c83@group-58963DB0E9D1->c53771ff-a4da-40bc-be42-f397952cb81e-GrpcLogAppender: appendEntries Timeout, request=28f29a4c-baf6-4c40-b523-744acc0a8c83->c53771ff-a4da-40bc-be42-f397952cb81e#33-t1, previous=(t:1, i:11), leaderCommit=6, initializing? false, entries: <empty>
2019-09-11 02:34:44,379 [java.util.concurrent.ThreadPoolExecutor$Worker@26c2ee04[State = -1, empty queue]] WARN  server.GrpcLogAppender (GrpcLogAppender.java:timeoutAppendRequest(200)) - 28f29a4c-baf6-4c40-b523-744acc0a8c83@group-58963DB0E9D1->cccfaecc-560c-4f58-9140-53bb7696e889-GrpcLogAppender: appendEntries Timeout, request=28f29a4c-baf6-4c40-b523-744acc0a8c83->cccfaecc-560c-4f58-9140-53bb7696e889#33-t1, previous=(t:1, i:11), leaderCommit=6, initializing? false, entries: <empty>
2019-09-11 02:34:44,615 [grpc-default-executor-5] INFO  client.GrpcClientProtocolClient (GrpcClientProtocolClient.java:onNext(264)) - client-253D1AE02840->c53771ff-a4da-40bc-be42-f397952cb81e: receive RaftClientReply:client-253D1AE02840->c53771ff-a4da-40bc-be42-f397952cb81e@group-58963DB0E9D1, cid=16, FAILED org.apache.ratis.protocol.NotLeaderException: Server c53771ff-a4da-40bc-be42-f397952cb81e@group-58963DB0E9D1 is not the leader 28f29a4c-baf6-4c40-b523-744acc0a8c83:192.168.34.53:35385, logIndex=0, commits[c53771ff-a4da-40bc-be42-f397952cb81e:c6, cccfaecc-560c-4f58-9140-53bb7696e889:c4, 28f29a4c-baf6-4c40-b523-744acc0a8c83:c6]
2019-09-11 02:34:46,880 [java.util.concurrent.ThreadPoolExecutor$Worker@8d44dde[State = -1, empty queue]] WARN  server.GrpcLogAppender (GrpcLogAppender.java:timeoutAppendRequest(200)) - 28f29a4c-baf6-4c40-b523-744acc0a8c83@group-58963DB0E9D1->c53771ff-a4da-40bc-be42-f397952cb81e-GrpcLogAppender: appendEntries Timeout, request=28f29a4c-baf6-4c40-b523-744acc0a8c83->c53771ff-a4da-40bc-be42-f397952cb81e#34-t1, previous=(t:1, i:11), leaderCommit=6, initializing? false, entries: <empty>
2019-09-11 02:34:46,880 [java.util.concurrent.ThreadPoolExecutor$Worker@26c2ee04[State = -1, empty queue]] WARN  server.GrpcLogAppender (GrpcLogAppender.java:timeoutAppendRequest(200)) - 28f29a4c-baf6-4c40-b523-744acc0a8c83@group-58963DB0E9D1->cccfaecc-560c-4f58-9140-53bb7696e889-GrpcLogAppender: appendEntries Timeout, request=28f29a4c-baf6-4c40-b523-744acc0a8c83->cccfaecc-560c-4f58-9140-53bb7696e889#34-t1, previous=(t:1, i:11), leaderCommit=6, initializing? false, entries: <empty>
2019-09-11 02:34:49,027 [cccfaecc-560c-4f58-9140-53bb7696e889@group-58963DB0E9D1-SegmentedRaftLogWorker] WARN  segmented.SegmentedRaftLogWorker (SegmentedRaftLogWorker.java:getFromFuture(90)) - Timeout 5/~
org.apache.ratis.protocol.TimeoutIOException: Timeout 10s: WriteLog:8: (t:1, i:8), STATEMACHINELOGENTRY, client-253D1AE02840, cid=17-writeStateMachineData
	at org.apache.ratis.util.IOUtils.getFromFuture(IOUtils.java:87)
	at org.apache.ratis.server.raftlog.segmented.SegmentedRaftLogWorker$StateMachineDataPolicy.getFromFuture(SegmentedRaftLogWorker.java:87)
	at org.apache.ratis.server.raftlog.segmented.SegmentedRaftLogWorker$WriteLog.execute(SegmentedRaftLogWorker.java:477)
	at org.apache.ratis.server.raftlog.segmented.SegmentedRaftLogWorker.run(SegmentedRaftLogWorker.java:289)
	at java.lang.Thread.run(Thread.java:748)
Caused by: java.util.concurrent.TimeoutException
	at java.util.concurrent.CompletableFuture.timedGet(CompletableFuture.java:1771)
	at java.util.concurrent.CompletableFuture.get(CompletableFuture.java:1915)
	at org.apache.ratis.util.IOUtils.getFromFuture(IOUtils.java:79)
	... 4 more
2019-09-11 02:34:49,028 [c53771ff-a4da-40bc-be42-f397952cb81e@group-58963DB0E9D1-SegmentedRaftLogWorker] WARN  segmented.SegmentedRaftLogWorker (SegmentedRaftLogWorker.java:getFromFuture(90)) - Timeout 5/~
org.apache.ratis.protocol.TimeoutIOException: Timeout 10s: WriteLog:8: (t:1, i:8), STATEMACHINELOGENTRY, client-253D1AE02840, cid=17-writeStateMachineData
	at org.apache.ratis.util.IOUtils.getFromFuture(IOUtils.java:87)
	at org.apache.ratis.server.raftlog.segmented.SegmentedRaftLogWorker$StateMachineDataPolicy.getFromFuture(SegmentedRaftLogWorker.java:87)
	at org.apache.ratis.server.raftlog.segmented.SegmentedRaftLogWorker$WriteLog.execute(SegmentedRaftLogWorker.java:477)
	at org.apache.ratis.server.raftlog.segmented.SegmentedRaftLogWorker.run(SegmentedRaftLogWorker.java:289)
	at java.lang.Thread.run(Thread.java:748)
Caused by: java.util.concurrent.TimeoutException
	at java.util.concurrent.CompletableFuture.timedGet(CompletableFuture.java:1771)
	at java.util.concurrent.CompletableFuture.get(CompletableFuture.java:1915)
	at org.apache.ratis.util.IOUtils.getFromFuture(IOUtils.java:79)
	... 4 more
2019-09-11 02:34:49,028 [28f29a4c-baf6-4c40-b523-744acc0a8c83@group-58963DB0E9D1-SegmentedRaftLogWorker] WARN  segmented.SegmentedRaftLogWorker (SegmentedRaftLogWorker.java:getFromFuture(90)) - Timeout 5/~
org.apache.ratis.protocol.TimeoutIOException: Timeout 10s: WriteLog:8: (t:1, i:8), STATEMACHINELOGENTRY, client-253D1AE02840, cid=17-writeStateMachineData
	at org.apache.ratis.util.IOUtils.getFromFuture(IOUtils.java:87)
	at org.apache.ratis.server.raftlog.segmented.SegmentedRaftLogWorker$StateMachineDataPolicy.getFromFuture(SegmentedRaftLogWorker.java:87)
	at org.apache.ratis.server.raftlog.segmented.SegmentedRaftLogWorker$WriteLog.execute(SegmentedRaftLogWorker.java:477)
	at org.apache.ratis.server.raftlog.segmented.SegmentedRaftLogWorker.run(SegmentedRaftLogWorker.java:289)
	at java.lang.Thread.run(Thread.java:748)
Caused by: java.util.concurrent.TimeoutException
	at java.util.concurrent.CompletableFuture.timedGet(CompletableFuture.java:1771)
	at java.util.concurrent.CompletableFuture.get(CompletableFuture.java:1915)
	at org.apache.ratis.util.IOUtils.getFromFuture(IOUtils.java:79)
	... 4 more
2019-09-11 02:34:49,381 [java.util.concurrent.ThreadPoolExecutor$Worker@8d44dde[State = -1, empty queue]] WARN  server.GrpcLogAppender (GrpcLogAppender.java:timeoutAppendRequest(200)) - 28f29a4c-baf6-4c40-b523-744acc0a8c83@group-58963DB0E9D1->c53771ff-a4da-40bc-be42-f397952cb81e-GrpcLogAppender: appendEntries Timeout, request=28f29a4c-baf6-4c40-b523-744acc0a8c83->c53771ff-a4da-40bc-be42-f397952cb81e#35-t1, previous=(t:1, i:11), leaderCommit=6, initializing? false, entries: <empty>
2019-09-11 02:34:49,381 [java.util.concurrent.ThreadPoolExecutor$Worker@26c2ee04[State = -1, empty queue]] WARN  server.GrpcLogAppender (GrpcLogAppender.java:timeoutAppendRequest(200)) - 28f29a4c-baf6-4c40-b523-744acc0a8c83@group-58963DB0E9D1->cccfaecc-560c-4f58-9140-53bb7696e889-GrpcLogAppender: appendEntries Timeout, request=28f29a4c-baf6-4c40-b523-744acc0a8c83->cccfaecc-560c-4f58-9140-53bb7696e889#35-t1, previous=(t:1, i:11), leaderCommit=6, initializing? false, entries: <empty>
2019-09-11 02:34:49,671 [grpc-default-executor-5] INFO  client.GrpcClientProtocolClient (GrpcClientProtocolClient.java:onNext(264)) - client-253D1AE02840->cccfaecc-560c-4f58-9140-53bb7696e889: receive RaftClientReply:client-253D1AE02840->cccfaecc-560c-4f58-9140-53bb7696e889@group-58963DB0E9D1, cid=16, FAILED org.apache.ratis.protocol.NotLeaderException: Server cccfaecc-560c-4f58-9140-53bb7696e889@group-58963DB0E9D1 is not the leader 28f29a4c-baf6-4c40-b523-744acc0a8c83:192.168.34.53:35385, logIndex=0, commits[cccfaecc-560c-4f58-9140-53bb7696e889:c6, c53771ff-a4da-40bc-be42-f397952cb81e:c4, 28f29a4c-baf6-4c40-b523-744acc0a8c83:c6]
2019-09-11 02:34:51,882 [java.util.concurrent.ThreadPoolExecutor$Worker@26c2ee04[State = -1, empty queue]] WARN  server.GrpcLogAppender (GrpcLogAppender.java:timeoutAppendRequest(200)) - 28f29a4c-baf6-4c40-b523-744acc0a8c83@group-58963DB0E9D1->cccfaecc-560c-4f58-9140-53bb7696e889-GrpcLogAppender: appendEntries Timeout, request=28f29a4c-baf6-4c40-b523-744acc0a8c83->cccfaecc-560c-4f58-9140-53bb7696e889#36-t1, previous=(t:1, i:11), leaderCommit=6, initializing? false, entries: <empty>
2019-09-11 02:34:51,882 [java.util.concurrent.ThreadPoolExecutor$Worker@8d44dde[State = -1, empty queue]] WARN  server.GrpcLogAppender (GrpcLogAppender.java:timeoutAppendRequest(200)) - 28f29a4c-baf6-4c40-b523-744acc0a8c83@group-58963DB0E9D1->c53771ff-a4da-40bc-be42-f397952cb81e-GrpcLogAppender: appendEntries Timeout, request=28f29a4c-baf6-4c40-b523-744acc0a8c83->c53771ff-a4da-40bc-be42-f397952cb81e#36-t1, previous=(t:1, i:11), leaderCommit=6, initializing? false, entries: <empty>
2019-09-11 02:34:54,383 [java.util.concurrent.ThreadPoolExecutor$Worker@8d44dde[State = -1, empty queue]] WARN  server.GrpcLogAppender (GrpcLogAppender.java:timeoutAppendRequest(200)) - 28f29a4c-baf6-4c40-b523-744acc0a8c83@group-58963DB0E9D1->c53771ff-a4da-40bc-be42-f397952cb81e-GrpcLogAppender: appendEntries Timeout, request=28f29a4c-baf6-4c40-b523-744acc0a8c83->c53771ff-a4da-40bc-be42-f397952cb81e#37-t1, previous=(t:1, i:11), leaderCommit=6, initializing? false, entries: <empty>
2019-09-11 02:34:54,383 [java.util.concurrent.ThreadPoolExecutor$Worker@26c2ee04[State = -1, empty queue]] WARN  server.GrpcLogAppender (GrpcLogAppender.java:timeoutAppendRequest(200)) - 28f29a4c-baf6-4c40-b523-744acc0a8c83@group-58963DB0E9D1->cccfaecc-560c-4f58-9140-53bb7696e889-GrpcLogAppender: appendEntries Timeout, request=28f29a4c-baf6-4c40-b523-744acc0a8c83->cccfaecc-560c-4f58-9140-53bb7696e889#37-t1, previous=(t:1, i:11), leaderCommit=6, initializing? false, entries: <empty>
2019-09-11 02:34:54,726 [grpc-default-executor-5] INFO  client.GrpcClientProtocolClient (GrpcClientProtocolClient.java:onNext(264)) - client-253D1AE02840->cccfaecc-560c-4f58-9140-53bb7696e889: receive RaftClientReply:client-253D1AE02840->cccfaecc-560c-4f58-9140-53bb7696e889@group-58963DB0E9D1, cid=16, FAILED org.apache.ratis.protocol.NotLeaderException: Server cccfaecc-560c-4f58-9140-53bb7696e889@group-58963DB0E9D1 is not the leader 28f29a4c-baf6-4c40-b523-744acc0a8c83:192.168.34.53:35385, logIndex=0, commits[cccfaecc-560c-4f58-9140-53bb7696e889:c6, c53771ff-a4da-40bc-be42-f397952cb81e:c4, 28f29a4c-baf6-4c40-b523-744acc0a8c83:c6]
2019-09-11 02:34:56,883 [java.util.concurrent.ThreadPoolExecutor$Worker@26c2ee04[State = -1, empty queue]] WARN  server.GrpcLogAppender (GrpcLogAppender.java:timeoutAppendRequest(200)) - 28f29a4c-baf6-4c40-b523-744acc0a8c83@group-58963DB0E9D1->cccfaecc-560c-4f58-9140-53bb7696e889-GrpcLogAppender: appendEntries Timeout, request=28f29a4c-baf6-4c40-b523-744acc0a8c83->cccfaecc-560c-4f58-9140-53bb7696e889#38-t1, previous=(t:1, i:11), leaderCommit=6, initializing? false, entries: <empty>
2019-09-11 02:34:56,883 [java.util.concurrent.ThreadPoolExecutor$Worker@8d44dde[State = -1, empty queue]] WARN  server.GrpcLogAppender (GrpcLogAppender.java:timeoutAppendRequest(200)) - 28f29a4c-baf6-4c40-b523-744acc0a8c83@group-58963DB0E9D1->c53771ff-a4da-40bc-be42-f397952cb81e-GrpcLogAppender: appendEntries Timeout, request=28f29a4c-baf6-4c40-b523-744acc0a8c83->c53771ff-a4da-40bc-be42-f397952cb81e#38-t1, previous=(t:1, i:11), leaderCommit=6, initializing? false, entries: <empty>
2019-09-11 02:34:59,029 [cccfaecc-560c-4f58-9140-53bb7696e889@group-58963DB0E9D1-SegmentedRaftLogWorker] WARN  segmented.SegmentedRaftLogWorker (SegmentedRaftLogWorker.java:getFromFuture(90)) - Timeout 6/~
org.apache.ratis.protocol.TimeoutIOException: Timeout 10s: WriteLog:8: (t:1, i:8), STATEMACHINELOGENTRY, client-253D1AE02840, cid=17-writeStateMachineData
	at org.apache.ratis.util.IOUtils.getFromFuture(IOUtils.java:87)
	at org.apache.ratis.server.raftlog.segmented.SegmentedRaftLogWorker$StateMachineDataPolicy.getFromFuture(SegmentedRaftLogWorker.java:87)
	at org.apache.ratis.server.raftlog.segmented.SegmentedRaftLogWorker$WriteLog.execute(SegmentedRaftLogWorker.java:477)
	at org.apache.ratis.server.raftlog.segmented.SegmentedRaftLogWorker.run(SegmentedRaftLogWorker.java:289)
	at java.lang.Thread.run(Thread.java:748)
Caused by: java.util.concurrent.TimeoutException
	at java.util.concurrent.CompletableFuture.timedGet(CompletableFuture.java:1771)
	at java.util.concurrent.CompletableFuture.get(CompletableFuture.java:1915)
	at org.apache.ratis.util.IOUtils.getFromFuture(IOUtils.java:79)
	... 4 more
2019-09-11 02:34:59,030 [28f29a4c-baf6-4c40-b523-744acc0a8c83@group-58963DB0E9D1-SegmentedRaftLogWorker] WARN  segmented.SegmentedRaftLogWorker (SegmentedRaftLogWorker.java:getFromFuture(90)) - Timeout 6/~
org.apache.ratis.protocol.TimeoutIOException: Timeout 10s: WriteLog:8: (t:1, i:8), STATEMACHINELOGENTRY, client-253D1AE02840, cid=17-writeStateMachineData
	at org.apache.ratis.util.IOUtils.getFromFuture(IOUtils.java:87)
	at org.apache.ratis.server.raftlog.segmented.SegmentedRaftLogWorker$StateMachineDataPolicy.getFromFuture(SegmentedRaftLogWorker.java:87)
	at org.apache.ratis.server.raftlog.segmented.SegmentedRaftLogWorker$WriteLog.execute(SegmentedRaftLogWorker.java:477)
	at org.apache.ratis.server.raftlog.segmented.SegmentedRaftLogWorker.run(SegmentedRaftLogWorker.java:289)
	at java.lang.Thread.run(Thread.java:748)
Caused by: java.util.concurrent.TimeoutException
	at java.util.concurrent.CompletableFuture.timedGet(CompletableFuture.java:1771)
	at java.util.concurrent.CompletableFuture.get(CompletableFuture.java:1915)
	at org.apache.ratis.util.IOUtils.getFromFuture(IOUtils.java:79)
	... 4 more
2019-09-11 02:34:59,029 [c53771ff-a4da-40bc-be42-f397952cb81e@group-58963DB0E9D1-SegmentedRaftLogWorker] WARN  segmented.SegmentedRaftLogWorker (SegmentedRaftLogWorker.java:getFromFuture(90)) - Timeout 6/~
org.apache.ratis.protocol.TimeoutIOException: Timeout 10s: WriteLog:8: (t:1, i:8), STATEMACHINELOGENTRY, client-253D1AE02840, cid=17-writeStateMachineData
	at org.apache.ratis.util.IOUtils.getFromFuture(IOUtils.java:87)
	at org.apache.ratis.server.raftlog.segmented.SegmentedRaftLogWorker$StateMachineDataPolicy.getFromFuture(SegmentedRaftLogWorker.java:87)
	at org.apache.ratis.server.raftlog.segmented.SegmentedRaftLogWorker$WriteLog.execute(SegmentedRaftLogWorker.java:477)
	at org.apache.ratis.server.raftlog.segmented.SegmentedRaftLogWorker.run(SegmentedRaftLogWorker.java:289)
	at java.lang.Thread.run(Thread.java:748)
Caused by: java.util.concurrent.TimeoutException
	at java.util.concurrent.CompletableFuture.timedGet(CompletableFuture.java:1771)
	at java.util.concurrent.CompletableFuture.get(CompletableFuture.java:1915)
	at org.apache.ratis.util.IOUtils.getFromFuture(IOUtils.java:79)
	... 4 more
2019-09-11 02:34:59,384 [java.util.concurrent.ThreadPoolExecutor$Worker@26c2ee04[State = -1, empty queue]] WARN  server.GrpcLogAppender (GrpcLogAppender.java:timeoutAppendRequest(200)) - 28f29a4c-baf6-4c40-b523-744acc0a8c83@group-58963DB0E9D1->cccfaecc-560c-4f58-9140-53bb7696e889-GrpcLogAppender: appendEntries Timeout, request=28f29a4c-baf6-4c40-b523-744acc0a8c83->cccfaecc-560c-4f58-9140-53bb7696e889#39-t1, previous=(t:1, i:11), leaderCommit=6, initializing? false, entries: <empty>
2019-09-11 02:34:59,384 [java.util.concurrent.ThreadPoolExecutor$Worker@8d44dde[State = -1, empty queue]] WARN  server.GrpcLogAppender (GrpcLogAppender.java:timeoutAppendRequest(200)) - 28f29a4c-baf6-4c40-b523-744acc0a8c83@group-58963DB0E9D1->c53771ff-a4da-40bc-be42-f397952cb81e-GrpcLogAppender: appendEntries Timeout, request=28f29a4c-baf6-4c40-b523-744acc0a8c83->c53771ff-a4da-40bc-be42-f397952cb81e#39-t1, previous=(t:1, i:11), leaderCommit=6, initializing? false, entries: <empty>
2019-09-11 02:34:59,799 [grpc-default-executor-5] INFO  client.GrpcClientProtocolClient (GrpcClientProtocolClient.java:onNext(264)) - client-253D1AE02840->cccfaecc-560c-4f58-9140-53bb7696e889: receive RaftClientReply:client-253D1AE02840->cccfaecc-560c-4f58-9140-53bb7696e889@group-58963DB0E9D1, cid=16, FAILED org.apache.ratis.protocol.NotLeaderException: Server cccfaecc-560c-4f58-9140-53bb7696e889@group-58963DB0E9D1 is not the leader 28f29a4c-baf6-4c40-b523-744acc0a8c83:192.168.34.53:35385, logIndex=0, commits[cccfaecc-560c-4f58-9140-53bb7696e889:c6, c53771ff-a4da-40bc-be42-f397952cb81e:c4, 28f29a4c-baf6-4c40-b523-744acc0a8c83:c6]
2019-09-11 02:35:01,885 [java.util.concurrent.ThreadPoolExecutor$Worker@8d44dde[State = -1, empty queue]] WARN  server.GrpcLogAppender (GrpcLogAppender.java:timeoutAppendRequest(200)) - 28f29a4c-baf6-4c40-b523-744acc0a8c83@group-58963DB0E9D1->c53771ff-a4da-40bc-be42-f397952cb81e-GrpcLogAppender: appendEntries Timeout, request=28f29a4c-baf6-4c40-b523-744acc0a8c83->c53771ff-a4da-40bc-be42-f397952cb81e#40-t1, previous=(t:1, i:11), leaderCommit=6, initializing? false, entries: <empty>
2019-09-11 02:35:01,885 [java.util.concurrent.ThreadPoolExecutor$Worker@26c2ee04[State = -1, empty queue]] WARN  server.GrpcLogAppender (GrpcLogAppender.java:timeoutAppendRequest(200)) - 28f29a4c-baf6-4c40-b523-744acc0a8c83@group-58963DB0E9D1->cccfaecc-560c-4f58-9140-53bb7696e889-GrpcLogAppender: appendEntries Timeout, request=28f29a4c-baf6-4c40-b523-744acc0a8c83->cccfaecc-560c-4f58-9140-53bb7696e889#40-t1, previous=(t:1, i:11), leaderCommit=6, initializing? false, entries: <empty>
2019-09-11 02:35:04,386 [java.util.concurrent.ThreadPoolExecutor$Worker@8d44dde[State = -1, empty queue]] WARN  server.GrpcLogAppender (GrpcLogAppender.java:timeoutAppendRequest(200)) - 28f29a4c-baf6-4c40-b523-744acc0a8c83@group-58963DB0E9D1->c53771ff-a4da-40bc-be42-f397952cb81e-GrpcLogAppender: appendEntries Timeout, request=28f29a4c-baf6-4c40-b523-744acc0a8c83->c53771ff-a4da-40bc-be42-f397952cb81e#41-t1, previous=(t:1, i:11), leaderCommit=6, initializing? false, entries: <empty>
2019-09-11 02:35:04,386 [java.util.concurrent.ThreadPoolExecutor$Worker@26c2ee04[State = -1, empty queue]] WARN  server.GrpcLogAppender (GrpcLogAppender.java:timeoutAppendRequest(200)) - 28f29a4c-baf6-4c40-b523-744acc0a8c83@group-58963DB0E9D1->cccfaecc-560c-4f58-9140-53bb7696e889-GrpcLogAppender: appendEntries Timeout, request=28f29a4c-baf6-4c40-b523-744acc0a8c83->cccfaecc-560c-4f58-9140-53bb7696e889#41-t1, previous=(t:1, i:11), leaderCommit=6, initializing? false, entries: <empty>
2019-09-11 02:35:04,866 [grpc-default-executor-1] INFO  client.GrpcClientProtocolClient (GrpcClientProtocolClient.java:onNext(264)) - client-253D1AE02840->c53771ff-a4da-40bc-be42-f397952cb81e: receive RaftClientReply:client-253D1AE02840->c53771ff-a4da-40bc-be42-f397952cb81e@group-58963DB0E9D1, cid=16, FAILED org.apache.ratis.protocol.NotLeaderException: Server c53771ff-a4da-40bc-be42-f397952cb81e@group-58963DB0E9D1 is not the leader 28f29a4c-baf6-4c40-b523-744acc0a8c83:192.168.34.53:35385, logIndex=0, commits[c53771ff-a4da-40bc-be42-f397952cb81e:c6, cccfaecc-560c-4f58-9140-53bb7696e889:c4, 28f29a4c-baf6-4c40-b523-744acc0a8c83:c6]
2019-09-11 02:35:06,887 [java.util.concurrent.ThreadPoolExecutor$Worker@26c2ee04[State = -1, empty queue]] WARN  server.GrpcLogAppender (GrpcLogAppender.java:timeoutAppendRequest(200)) - 28f29a4c-baf6-4c40-b523-744acc0a8c83@group-58963DB0E9D1->cccfaecc-560c-4f58-9140-53bb7696e889-GrpcLogAppender: appendEntries Timeout, request=28f29a4c-baf6-4c40-b523-744acc0a8c83->cccfaecc-560c-4f58-9140-53bb7696e889#42-t1, previous=(t:1, i:11), leaderCommit=6, initializing? false, entries: <empty>
2019-09-11 02:35:06,887 [java.util.concurrent.ThreadPoolExecutor$Worker@8d44dde[State = -1, empty queue]] WARN  server.GrpcLogAppender (GrpcLogAppender.java:timeoutAppendRequest(200)) - 28f29a4c-baf6-4c40-b523-744acc0a8c83@group-58963DB0E9D1->c53771ff-a4da-40bc-be42-f397952cb81e-GrpcLogAppender: appendEntries Timeout, request=28f29a4c-baf6-4c40-b523-744acc0a8c83->c53771ff-a4da-40bc-be42-f397952cb81e#42-t1, previous=(t:1, i:11), leaderCommit=6, initializing? false, entries: <empty>
2019-09-11 02:35:09,031 [cccfaecc-560c-4f58-9140-53bb7696e889@group-58963DB0E9D1-SegmentedRaftLogWorker] WARN  segmented.SegmentedRaftLogWorker (SegmentedRaftLogWorker.java:getFromFuture(90)) - Timeout 7/~
org.apache.ratis.protocol.TimeoutIOException: Timeout 10s: WriteLog:8: (t:1, i:8), STATEMACHINELOGENTRY, client-253D1AE02840, cid=17-writeStateMachineData
	at org.apache.ratis.util.IOUtils.getFromFuture(IOUtils.java:87)
	at org.apache.ratis.server.raftlog.segmented.SegmentedRaftLogWorker$StateMachineDataPolicy.getFromFuture(SegmentedRaftLogWorker.java:87)
	at org.apache.ratis.server.raftlog.segmented.SegmentedRaftLogWorker$WriteLog.execute(SegmentedRaftLogWorker.java:477)
	at org.apache.ratis.server.raftlog.segmented.SegmentedRaftLogWorker.run(SegmentedRaftLogWorker.java:289)
	at java.lang.Thread.run(Thread.java:748)
Caused by: java.util.concurrent.TimeoutException
	at java.util.concurrent.CompletableFuture.timedGet(CompletableFuture.java:1771)
	at java.util.concurrent.CompletableFuture.get(CompletableFuture.java:1915)
	at org.apache.ratis.util.IOUtils.getFromFuture(IOUtils.java:79)
	... 4 more
2019-09-11 02:35:09,055 [28f29a4c-baf6-4c40-b523-744acc0a8c83@group-58963DB0E9D1-SegmentedRaftLogWorker] WARN  segmented.SegmentedRaftLogWorker (SegmentedRaftLogWorker.java:getFromFuture(90)) - Timeout 7/~
org.apache.ratis.protocol.TimeoutIOException: Timeout 10s: WriteLog:8: (t:1, i:8), STATEMACHINELOGENTRY, client-253D1AE02840, cid=17-writeStateMachineData
	at org.apache.ratis.util.IOUtils.getFromFuture(IOUtils.java:87)
	at org.apache.ratis.server.raftlog.segmented.SegmentedRaftLogWorker$StateMachineDataPolicy.getFromFuture(SegmentedRaftLogWorker.java:87)
	at org.apache.ratis.server.raftlog.segmented.SegmentedRaftLogWorker$WriteLog.execute(SegmentedRaftLogWorker.java:477)
	at org.apache.ratis.server.raftlog.segmented.SegmentedRaftLogWorker.run(SegmentedRaftLogWorker.java:289)
	at java.lang.Thread.run(Thread.java:748)
Caused by: java.util.concurrent.TimeoutException
	at java.util.concurrent.CompletableFuture.timedGet(CompletableFuture.java:1771)
	at java.util.concurrent.CompletableFuture.get(CompletableFuture.java:1915)
	at org.apache.ratis.util.IOUtils.getFromFuture(IOUtils.java:79)
	... 4 more
2019-09-11 02:35:09,056 [c53771ff-a4da-40bc-be42-f397952cb81e@group-58963DB0E9D1-SegmentedRaftLogWorker] WARN  segmented.SegmentedRaftLogWorker (SegmentedRaftLogWorker.java:getFromFuture(90)) - Timeout 7/~
org.apache.ratis.protocol.TimeoutIOException: Timeout 10s: WriteLog:8: (t:1, i:8), STATEMACHINELOGENTRY, client-253D1AE02840, cid=17-writeStateMachineData
	at org.apache.ratis.util.IOUtils.getFromFuture(IOUtils.java:87)
	at org.apache.ratis.server.raftlog.segmented.SegmentedRaftLogWorker$StateMachineDataPolicy.getFromFuture(SegmentedRaftLogWorker.java:87)
	at org.apache.ratis.server.raftlog.segmented.SegmentedRaftLogWorker$WriteLog.execute(SegmentedRaftLogWorker.java:477)
	at org.apache.ratis.server.raftlog.segmented.SegmentedRaftLogWorker.run(SegmentedRaftLogWorker.java:289)
	at java.lang.Thread.run(Thread.java:748)
Caused by: java.util.concurrent.TimeoutException
	at java.util.concurrent.CompletableFuture.timedGet(CompletableFuture.java:1771)
	at java.util.concurrent.CompletableFuture.get(CompletableFuture.java:1915)
	at org.apache.ratis.util.IOUtils.getFromFuture(IOUtils.java:79)
	... 4 more
2019-09-11 02:35:09,388 [java.util.concurrent.ThreadPoolExecutor$Worker@26c2ee04[State = -1, empty queue]] WARN  server.GrpcLogAppender (GrpcLogAppender.java:timeoutAppendRequest(200)) - 28f29a4c-baf6-4c40-b523-744acc0a8c83@group-58963DB0E9D1->cccfaecc-560c-4f58-9140-53bb7696e889-GrpcLogAppender: appendEntries Timeout, request=28f29a4c-baf6-4c40-b523-744acc0a8c83->cccfaecc-560c-4f58-9140-53bb7696e889#43-t1, previous=(t:1, i:11), leaderCommit=6, initializing? false, entries: <empty>
2019-09-11 02:35:09,388 [java.util.concurrent.ThreadPoolExecutor$Worker@8d44dde[State = -1, empty queue]] WARN  server.GrpcLogAppender (GrpcLogAppender.java:timeoutAppendRequest(200)) - 28f29a4c-baf6-4c40-b523-744acc0a8c83@group-58963DB0E9D1->c53771ff-a4da-40bc-be42-f397952cb81e-GrpcLogAppender: appendEntries Timeout, request=28f29a4c-baf6-4c40-b523-744acc0a8c83->c53771ff-a4da-40bc-be42-f397952cb81e#43-t1, previous=(t:1, i:11), leaderCommit=6, initializing? false, entries: <empty>
2019-09-11 02:35:09,944 [grpc-default-executor-6] INFO  client.GrpcClientProtocolClient (GrpcClientProtocolClient.java:onNext(264)) - client-253D1AE02840->cccfaecc-560c-4f58-9140-53bb7696e889: receive RaftClientReply:client-253D1AE02840->cccfaecc-560c-4f58-9140-53bb7696e889@group-58963DB0E9D1, cid=16, FAILED org.apache.ratis.protocol.NotLeaderException: Server cccfaecc-560c-4f58-9140-53bb7696e889@group-58963DB0E9D1 is not the leader 28f29a4c-baf6-4c40-b523-744acc0a8c83:192.168.34.53:35385, logIndex=0, commits[cccfaecc-560c-4f58-9140-53bb7696e889:c6, c53771ff-a4da-40bc-be42-f397952cb81e:c4, 28f29a4c-baf6-4c40-b523-744acc0a8c83:c6]
2019-09-11 02:35:11,889 [java.util.concurrent.ThreadPoolExecutor$Worker@8d44dde[State = -1, empty queue]] WARN  server.GrpcLogAppender (GrpcLogAppender.java:timeoutAppendRequest(200)) - 28f29a4c-baf6-4c40-b523-744acc0a8c83@group-58963DB0E9D1->c53771ff-a4da-40bc-be42-f397952cb81e-GrpcLogAppender: appendEntries Timeout, request=28f29a4c-baf6-4c40-b523-744acc0a8c83->c53771ff-a4da-40bc-be42-f397952cb81e#44-t1, previous=(t:1, i:11), leaderCommit=6, initializing? false, entries: <empty>
2019-09-11 02:35:11,889 [java.util.concurrent.ThreadPoolExecutor$Worker@26c2ee04[State = -1, empty queue]] WARN  server.GrpcLogAppender (GrpcLogAppender.java:timeoutAppendRequest(200)) - 28f29a4c-baf6-4c40-b523-744acc0a8c83@group-58963DB0E9D1->cccfaecc-560c-4f58-9140-53bb7696e889-GrpcLogAppender: appendEntries Timeout, request=28f29a4c-baf6-4c40-b523-744acc0a8c83->cccfaecc-560c-4f58-9140-53bb7696e889#44-t1, previous=(t:1, i:11), leaderCommit=6, initializing? false, entries: <empty>
2019-09-11 02:35:14,389 [java.util.concurrent.ThreadPoolExecutor$Worker@26c2ee04[State = -1, empty queue]] WARN  server.GrpcLogAppender (GrpcLogAppender.java:timeoutAppendRequest(200)) - 28f29a4c-baf6-4c40-b523-744acc0a8c83@group-58963DB0E9D1->cccfaecc-560c-4f58-9140-53bb7696e889-GrpcLogAppender: appendEntries Timeout, request=28f29a4c-baf6-4c40-b523-744acc0a8c83->cccfaecc-560c-4f58-9140-53bb7696e889#45-t1, previous=(t:1, i:11), leaderCommit=6, initializing? false, entries: <empty>
2019-09-11 02:35:14,389 [java.util.concurrent.ThreadPoolExecutor$Worker@8d44dde[State = -1, empty queue]] WARN  server.GrpcLogAppender (GrpcLogAppender.java:timeoutAppendRequest(200)) - 28f29a4c-baf6-4c40-b523-744acc0a8c83@group-58963DB0E9D1->c53771ff-a4da-40bc-be42-f397952cb81e-GrpcLogAppender: appendEntries Timeout, request=28f29a4c-baf6-4c40-b523-744acc0a8c83->c53771ff-a4da-40bc-be42-f397952cb81e#45-t1, previous=(t:1, i:11), leaderCommit=6, initializing? false, entries: <empty>
2019-09-11 02:35:15,002 [grpc-default-executor-1] INFO  client.GrpcClientProtocolClient (GrpcClientProtocolClient.java:onNext(264)) - client-253D1AE02840->c53771ff-a4da-40bc-be42-f397952cb81e: receive RaftClientReply:client-253D1AE02840->c53771ff-a4da-40bc-be42-f397952cb81e@group-58963DB0E9D1, cid=16, FAILED org.apache.ratis.protocol.NotLeaderException: Server c53771ff-a4da-40bc-be42-f397952cb81e@group-58963DB0E9D1 is not the leader 28f29a4c-baf6-4c40-b523-744acc0a8c83:192.168.34.53:35385, logIndex=0, commits[c53771ff-a4da-40bc-be42-f397952cb81e:c6, cccfaecc-560c-4f58-9140-53bb7696e889:c4, 28f29a4c-baf6-4c40-b523-744acc0a8c83:c6]
2019-09-11 02:35:16,890 [java.util.concurrent.ThreadPoolExecutor$Worker@8d44dde[State = -1, empty queue]] WARN  server.GrpcLogAppender (GrpcLogAppender.java:timeoutAppendRequest(200)) - 28f29a4c-baf6-4c40-b523-744acc0a8c83@group-58963DB0E9D1->c53771ff-a4da-40bc-be42-f397952cb81e-GrpcLogAppender: appendEntries Timeout, request=28f29a4c-baf6-4c40-b523-744acc0a8c83->c53771ff-a4da-40bc-be42-f397952cb81e#46-t1, previous=(t:1, i:11), leaderCommit=6, initializing? false, entries: <empty>
2019-09-11 02:35:16,890 [java.util.concurrent.ThreadPoolExecutor$Worker@26c2ee04[State = -1, empty queue]] WARN  server.GrpcLogAppender (GrpcLogAppender.java:timeoutAppendRequest(200)) - 28f29a4c-baf6-4c40-b523-744acc0a8c83@group-58963DB0E9D1->cccfaecc-560c-4f58-9140-53bb7696e889-GrpcLogAppender: appendEntries Timeout, request=28f29a4c-baf6-4c40-b523-744acc0a8c83->cccfaecc-560c-4f58-9140-53bb7696e889#46-t1, previous=(t:1, i:11), leaderCommit=6, initializing? false, entries: <empty>
2019-09-11 02:35:19,034 [cccfaecc-560c-4f58-9140-53bb7696e889@group-58963DB0E9D1-SegmentedRaftLogWorker] WARN  segmented.SegmentedRaftLogWorker (SegmentedRaftLogWorker.java:getFromFuture(90)) - Timeout 8/~
org.apache.ratis.protocol.TimeoutIOException: Timeout 10s: WriteLog:8: (t:1, i:8), STATEMACHINELOGENTRY, client-253D1AE02840, cid=17-writeStateMachineData
	at org.apache.ratis.util.IOUtils.getFromFuture(IOUtils.java:87)
	at org.apache.ratis.server.raftlog.segmented.SegmentedRaftLogWorker$StateMachineDataPolicy.getFromFuture(SegmentedRaftLogWorker.java:87)
	at org.apache.ratis.server.raftlog.segmented.SegmentedRaftLogWorker$WriteLog.execute(SegmentedRaftLogWorker.java:477)
	at org.apache.ratis.server.raftlog.segmented.SegmentedRaftLogWorker.run(SegmentedRaftLogWorker.java:289)
	at java.lang.Thread.run(Thread.java:748)
Caused by: java.util.concurrent.TimeoutException
	at java.util.concurrent.CompletableFuture.timedGet(CompletableFuture.java:1771)
	at java.util.concurrent.CompletableFuture.get(CompletableFuture.java:1915)
	at org.apache.ratis.util.IOUtils.getFromFuture(IOUtils.java:79)
	... 4 more
2019-09-11 02:35:19,056 [28f29a4c-baf6-4c40-b523-744acc0a8c83@group-58963DB0E9D1-SegmentedRaftLogWorker] WARN  segmented.SegmentedRaftLogWorker (SegmentedRaftLogWorker.java:getFromFuture(90)) - Timeout 8/~
org.apache.ratis.protocol.TimeoutIOException: Timeout 10s: WriteLog:8: (t:1, i:8), STATEMACHINELOGENTRY, client-253D1AE02840, cid=17-writeStateMachineData
	at org.apache.ratis.util.IOUtils.getFromFuture(IOUtils.java:87)
	at org.apache.ratis.server.raftlog.segmented.SegmentedRaftLogWorker$StateMachineDataPolicy.getFromFuture(SegmentedRaftLogWorker.java:87)
	at org.apache.ratis.server.raftlog.segmented.SegmentedRaftLogWorker$WriteLog.execute(SegmentedRaftLogWorker.java:477)
	at org.apache.ratis.server.raftlog.segmented.SegmentedRaftLogWorker.run(SegmentedRaftLogWorker.java:289)
	at java.lang.Thread.run(Thread.java:748)
Caused by: java.util.concurrent.TimeoutException
	at java.util.concurrent.CompletableFuture.timedGet(CompletableFuture.java:1771)
	at java.util.concurrent.CompletableFuture.get(CompletableFuture.java:1915)
	at org.apache.ratis.util.IOUtils.getFromFuture(IOUtils.java:79)
	... 4 more
2019-09-11 02:35:19,057 [c53771ff-a4da-40bc-be42-f397952cb81e@group-58963DB0E9D1-SegmentedRaftLogWorker] WARN  segmented.SegmentedRaftLogWorker (SegmentedRaftLogWorker.java:getFromFuture(90)) - Timeout 8/~
org.apache.ratis.protocol.TimeoutIOException: Timeout 10s: WriteLog:8: (t:1, i:8), STATEMACHINELOGENTRY, client-253D1AE02840, cid=17-writeStateMachineData
	at org.apache.ratis.util.IOUtils.getFromFuture(IOUtils.java:87)
	at org.apache.ratis.server.raftlog.segmented.SegmentedRaftLogWorker$StateMachineDataPolicy.getFromFuture(SegmentedRaftLogWorker.java:87)
	at org.apache.ratis.server.raftlog.segmented.SegmentedRaftLogWorker$WriteLog.execute(SegmentedRaftLogWorker.java:477)
	at org.apache.ratis.server.raftlog.segmented.SegmentedRaftLogWorker.run(SegmentedRaftLogWorker.java:289)
	at java.lang.Thread.run(Thread.java:748)
Caused by: java.util.concurrent.TimeoutException
	at java.util.concurrent.CompletableFuture.timedGet(CompletableFuture.java:1771)
	at java.util.concurrent.CompletableFuture.get(CompletableFuture.java:1915)
	at org.apache.ratis.util.IOUtils.getFromFuture(IOUtils.java:79)
	... 4 more
2019-09-11 02:35:19,391 [java.util.concurrent.ThreadPoolExecutor$Worker@26c2ee04[State = -1, empty queue]] WARN  server.GrpcLogAppender (GrpcLogAppender.java:timeoutAppendRequest(200)) - 28f29a4c-baf6-4c40-b523-744acc0a8c83@group-58963DB0E9D1->cccfaecc-560c-4f58-9140-53bb7696e889-GrpcLogAppender: appendEntries Timeout, request=28f29a4c-baf6-4c40-b523-744acc0a8c83->cccfaecc-560c-4f58-9140-53bb7696e889#47-t1, previous=(t:1, i:11), leaderCommit=6, initializing? false, entries: <empty>
2019-09-11 02:35:19,391 [java.util.concurrent.ThreadPoolExecutor$Worker@8d44dde[State = -1, empty queue]] WARN  server.GrpcLogAppender (GrpcLogAppender.java:timeoutAppendRequest(200)) - 28f29a4c-baf6-4c40-b523-744acc0a8c83@group-58963DB0E9D1->c53771ff-a4da-40bc-be42-f397952cb81e-GrpcLogAppender: appendEntries Timeout, request=28f29a4c-baf6-4c40-b523-744acc0a8c83->c53771ff-a4da-40bc-be42-f397952cb81e#47-t1, previous=(t:1, i:11), leaderCommit=6, initializing? false, entries: <empty>
2019-09-11 02:35:20,048 [grpc-default-executor-1] INFO  client.GrpcClientProtocolClient (GrpcClientProtocolClient.java:onNext(264)) - client-253D1AE02840->c53771ff-a4da-40bc-be42-f397952cb81e: receive RaftClientReply:client-253D1AE02840->c53771ff-a4da-40bc-be42-f397952cb81e@group-58963DB0E9D1, cid=16, FAILED org.apache.ratis.protocol.NotLeaderException: Server c53771ff-a4da-40bc-be42-f397952cb81e@group-58963DB0E9D1 is not the leader 28f29a4c-baf6-4c40-b523-744acc0a8c83:192.168.34.53:35385, logIndex=0, commits[c53771ff-a4da-40bc-be42-f397952cb81e:c6, cccfaecc-560c-4f58-9140-53bb7696e889:c4, 28f29a4c-baf6-4c40-b523-744acc0a8c83:c6]
2019-09-11 02:35:21,891 [java.util.concurrent.ThreadPoolExecutor$Worker@26c2ee04[State = -1, empty queue]] WARN  server.GrpcLogAppender (GrpcLogAppender.java:timeoutAppendRequest(200)) - 28f29a4c-baf6-4c40-b523-744acc0a8c83@group-58963DB0E9D1->cccfaecc-560c-4f58-9140-53bb7696e889-GrpcLogAppender: appendEntries Timeout, request=28f29a4c-baf6-4c40-b523-744acc0a8c83->cccfaecc-560c-4f58-9140-53bb7696e889#48-t1, previous=(t:1, i:11), leaderCommit=6, initializing? false, entries: <empty>
2019-09-11 02:35:21,891 [java.util.concurrent.ThreadPoolExecutor$Worker@8d44dde[State = -1, empty queue]] WARN  server.GrpcLogAppender (GrpcLogAppender.java:timeoutAppendRequest(200)) - 28f29a4c-baf6-4c40-b523-744acc0a8c83@group-58963DB0E9D1->c53771ff-a4da-40bc-be42-f397952cb81e-GrpcLogAppender: appendEntries Timeout, request=28f29a4c-baf6-4c40-b523-744acc0a8c83->c53771ff-a4da-40bc-be42-f397952cb81e#48-t1, previous=(t:1, i:11), leaderCommit=6, initializing? false, entries: <empty>
2019-09-11 02:35:24,392 [java.util.concurrent.ThreadPoolExecutor$Worker@8d44dde[State = -1, empty queue]] WARN  server.GrpcLogAppender (GrpcLogAppender.java:timeoutAppendRequest(200)) - 28f29a4c-baf6-4c40-b523-744acc0a8c83@group-58963DB0E9D1->c53771ff-a4da-40bc-be42-f397952cb81e-GrpcLogAppender: appendEntries Timeout, request=28f29a4c-baf6-4c40-b523-744acc0a8c83->c53771ff-a4da-40bc-be42-f397952cb81e#49-t1, previous=(t:1, i:11), leaderCommit=6, initializing? false, entries: <empty>
2019-09-11 02:35:24,392 [java.util.concurrent.ThreadPoolExecutor$Worker@26c2ee04[State = -1, empty queue]] WARN  server.GrpcLogAppender (GrpcLogAppender.java:timeoutAppendRequest(200)) - 28f29a4c-baf6-4c40-b523-744acc0a8c83@group-58963DB0E9D1->cccfaecc-560c-4f58-9140-53bb7696e889-GrpcLogAppender: appendEntries Timeout, request=28f29a4c-baf6-4c40-b523-744acc0a8c83->cccfaecc-560c-4f58-9140-53bb7696e889#49-t1, previous=(t:1, i:11), leaderCommit=6, initializing? false, entries: <empty>
2019-09-11 02:35:25,094 [grpc-default-executor-6] INFO  client.GrpcClientProtocolClient (GrpcClientProtocolClient.java:onNext(264)) - client-253D1AE02840->cccfaecc-560c-4f58-9140-53bb7696e889: receive RaftClientReply:client-253D1AE02840->cccfaecc-560c-4f58-9140-53bb7696e889@group-58963DB0E9D1, cid=16, FAILED org.apache.ratis.protocol.NotLeaderException: Server cccfaecc-560c-4f58-9140-53bb7696e889@group-58963DB0E9D1 is not the leader 28f29a4c-baf6-4c40-b523-744acc0a8c83:192.168.34.53:35385, logIndex=0, commits[cccfaecc-560c-4f58-9140-53bb7696e889:c6, c53771ff-a4da-40bc-be42-f397952cb81e:c4, 28f29a4c-baf6-4c40-b523-744acc0a8c83:c6]
2019-09-11 02:35:26,892 [java.util.concurrent.ThreadPoolExecutor$Worker@8d44dde[State = -1, empty queue]] WARN  server.GrpcLogAppender (GrpcLogAppender.java:timeoutAppendRequest(200)) - 28f29a4c-baf6-4c40-b523-744acc0a8c83@group-58963DB0E9D1->c53771ff-a4da-40bc-be42-f397952cb81e-GrpcLogAppender: appendEntries Timeout, request=28f29a4c-baf6-4c40-b523-744acc0a8c83->c53771ff-a4da-40bc-be42-f397952cb81e#50-t1, previous=(t:1, i:11), leaderCommit=6, initializing? false, entries: <empty>
2019-09-11 02:35:26,892 [java.util.concurrent.ThreadPoolExecutor$Worker@26c2ee04[State = -1, empty queue]] WARN  server.GrpcLogAppender (GrpcLogAppender.java:timeoutAppendRequest(200)) - 28f29a4c-baf6-4c40-b523-744acc0a8c83@group-58963DB0E9D1->cccfaecc-560c-4f58-9140-53bb7696e889-GrpcLogAppender: appendEntries Timeout, request=28f29a4c-baf6-4c40-b523-744acc0a8c83->cccfaecc-560c-4f58-9140-53bb7696e889#50-t1, previous=(t:1, i:11), leaderCommit=6, initializing? false, entries: <empty>
2019-09-11 02:35:29,035 [cccfaecc-560c-4f58-9140-53bb7696e889@group-58963DB0E9D1-SegmentedRaftLogWorker] WARN  segmented.SegmentedRaftLogWorker (SegmentedRaftLogWorker.java:getFromFuture(90)) - Timeout 9/~
org.apache.ratis.protocol.TimeoutIOException: Timeout 10s: WriteLog:8: (t:1, i:8), STATEMACHINELOGENTRY, client-253D1AE02840, cid=17-writeStateMachineData
	at org.apache.ratis.util.IOUtils.getFromFuture(IOUtils.java:87)
	at org.apache.ratis.server.raftlog.segmented.SegmentedRaftLogWorker$StateMachineDataPolicy.getFromFuture(SegmentedRaftLogWorker.java:87)
	at org.apache.ratis.server.raftlog.segmented.SegmentedRaftLogWorker$WriteLog.execute(SegmentedRaftLogWorker.java:477)
	at org.apache.ratis.server.raftlog.segmented.SegmentedRaftLogWorker.run(SegmentedRaftLogWorker.java:289)
	at java.lang.Thread.run(Thread.java:748)
Caused by: java.util.concurrent.TimeoutException
	at java.util.concurrent.CompletableFuture.timedGet(CompletableFuture.java:1771)
	at java.util.concurrent.CompletableFuture.get(CompletableFuture.java:1915)
	at org.apache.ratis.util.IOUtils.getFromFuture(IOUtils.java:79)
	... 4 more
2019-09-11 02:35:29,057 [28f29a4c-baf6-4c40-b523-744acc0a8c83@group-58963DB0E9D1-SegmentedRaftLogWorker] WARN  segmented.SegmentedRaftLogWorker (SegmentedRaftLogWorker.java:getFromFuture(90)) - Timeout 9/~
org.apache.ratis.protocol.TimeoutIOException: Timeout 10s: WriteLog:8: (t:1, i:8), STATEMACHINELOGENTRY, client-253D1AE02840, cid=17-writeStateMachineData
	at org.apache.ratis.util.IOUtils.getFromFuture(IOUtils.java:87)
	at org.apache.ratis.server.raftlog.segmented.SegmentedRaftLogWorker$StateMachineDataPolicy.getFromFuture(SegmentedRaftLogWorker.java:87)
	at org.apache.ratis.server.raftlog.segmented.SegmentedRaftLogWorker$WriteLog.execute(SegmentedRaftLogWorker.java:477)
	at org.apache.ratis.server.raftlog.segmented.SegmentedRaftLogWorker.run(SegmentedRaftLogWorker.java:289)
	at java.lang.Thread.run(Thread.java:748)
Caused by: java.util.concurrent.TimeoutException
	at java.util.concurrent.CompletableFuture.timedGet(CompletableFuture.java:1771)
	at java.util.concurrent.CompletableFuture.get(CompletableFuture.java:1915)
	at org.apache.ratis.util.IOUtils.getFromFuture(IOUtils.java:79)
	... 4 more
2019-09-11 02:35:29,058 [c53771ff-a4da-40bc-be42-f397952cb81e@group-58963DB0E9D1-SegmentedRaftLogWorker] WARN  segmented.SegmentedRaftLogWorker (SegmentedRaftLogWorker.java:getFromFuture(90)) - Timeout 9/~
org.apache.ratis.protocol.TimeoutIOException: Timeout 10s: WriteLog:8: (t:1, i:8), STATEMACHINELOGENTRY, client-253D1AE02840, cid=17-writeStateMachineData
	at org.apache.ratis.util.IOUtils.getFromFuture(IOUtils.java:87)
	at org.apache.ratis.server.raftlog.segmented.SegmentedRaftLogWorker$StateMachineDataPolicy.getFromFuture(SegmentedRaftLogWorker.java:87)
	at org.apache.ratis.server.raftlog.segmented.SegmentedRaftLogWorker$WriteLog.execute(SegmentedRaftLogWorker.java:477)
	at org.apache.ratis.server.raftlog.segmented.SegmentedRaftLogWorker.run(SegmentedRaftLogWorker.java:289)
	at java.lang.Thread.run(Thread.java:748)
Caused by: java.util.concurrent.TimeoutException
	at java.util.concurrent.CompletableFuture.timedGet(CompletableFuture.java:1771)
	at java.util.concurrent.CompletableFuture.get(CompletableFuture.java:1915)
	at org.apache.ratis.util.IOUtils.getFromFuture(IOUtils.java:79)
	... 4 more
2019-09-11 02:35:29,393 [java.util.concurrent.ThreadPoolExecutor$Worker@8d44dde[State = -1, empty queue]] WARN  server.GrpcLogAppender (GrpcLogAppender.java:timeoutAppendRequest(200)) - 28f29a4c-baf6-4c40-b523-744acc0a8c83@group-58963DB0E9D1->c53771ff-a4da-40bc-be42-f397952cb81e-GrpcLogAppender: appendEntries Timeout, request=28f29a4c-baf6-4c40-b523-744acc0a8c83->c53771ff-a4da-40bc-be42-f397952cb81e#51-t1, previous=(t:1, i:11), leaderCommit=6, initializing? false, entries: <empty>
2019-09-11 02:35:29,393 [java.util.concurrent.ThreadPoolExecutor$Worker@26c2ee04[State = -1, empty queue]] WARN  server.GrpcLogAppender (GrpcLogAppender.java:timeoutAppendRequest(200)) - 28f29a4c-baf6-4c40-b523-744acc0a8c83@group-58963DB0E9D1->cccfaecc-560c-4f58-9140-53bb7696e889-GrpcLogAppender: appendEntries Timeout, request=28f29a4c-baf6-4c40-b523-744acc0a8c83->cccfaecc-560c-4f58-9140-53bb7696e889#51-t1, previous=(t:1, i:11), leaderCommit=6, initializing? false, entries: <empty>
2019-09-11 02:35:30,166 [grpc-default-executor-6] INFO  client.GrpcClientProtocolClient (GrpcClientProtocolClient.java:onNext(264)) - client-253D1AE02840->cccfaecc-560c-4f58-9140-53bb7696e889: receive RaftClientReply:client-253D1AE02840->cccfaecc-560c-4f58-9140-53bb7696e889@group-58963DB0E9D1, cid=16, FAILED org.apache.ratis.protocol.NotLeaderException: Server cccfaecc-560c-4f58-9140-53bb7696e889@group-58963DB0E9D1 is not the leader 28f29a4c-baf6-4c40-b523-744acc0a8c83:192.168.34.53:35385, logIndex=0, commits[cccfaecc-560c-4f58-9140-53bb7696e889:c6, c53771ff-a4da-40bc-be42-f397952cb81e:c4, 28f29a4c-baf6-4c40-b523-744acc0a8c83:c6]
2019-09-11 02:35:31,894 [java.util.concurrent.ThreadPoolExecutor$Worker@26c2ee04[State = -1, empty queue]] WARN  server.GrpcLogAppender (GrpcLogAppender.java:timeoutAppendRequest(200)) - 28f29a4c-baf6-4c40-b523-744acc0a8c83@group-58963DB0E9D1->cccfaecc-560c-4f58-9140-53bb7696e889-GrpcLogAppender: appendEntries Timeout, request=28f29a4c-baf6-4c40-b523-744acc0a8c83->cccfaecc-560c-4f58-9140-53bb7696e889#52-t1, previous=(t:1, i:11), leaderCommit=6, initializing? false, entries: <empty>
2019-09-11 02:35:31,894 [java.util.concurrent.ThreadPoolExecutor$Worker@8d44dde[State = -1, empty queue]] WARN  server.GrpcLogAppender (GrpcLogAppender.java:timeoutAppendRequest(200)) - 28f29a4c-baf6-4c40-b523-744acc0a8c83@group-58963DB0E9D1->c53771ff-a4da-40bc-be42-f397952cb81e-GrpcLogAppender: appendEntries Timeout, request=28f29a4c-baf6-4c40-b523-744acc0a8c83->c53771ff-a4da-40bc-be42-f397952cb81e#52-t1, previous=(t:1, i:11), leaderCommit=6, initializing? false, entries: <empty>
2019-09-11 02:35:34,394 [java.util.concurrent.ThreadPoolExecutor$Worker@26c2ee04[State = -1, empty queue]] WARN  server.GrpcLogAppender (GrpcLogAppender.java:timeoutAppendRequest(200)) - 28f29a4c-baf6-4c40-b523-744acc0a8c83@group-58963DB0E9D1->cccfaecc-560c-4f58-9140-53bb7696e889-GrpcLogAppender: appendEntries Timeout, request=28f29a4c-baf6-4c40-b523-744acc0a8c83->cccfaecc-560c-4f58-9140-53bb7696e889#53-t1, previous=(t:1, i:11), leaderCommit=6, initializing? false, entries: <empty>
2019-09-11 02:35:34,394 [java.util.concurrent.ThreadPoolExecutor$Worker@8d44dde[State = -1, empty queue]] WARN  server.GrpcLogAppender (GrpcLogAppender.java:timeoutAppendRequest(200)) - 28f29a4c-baf6-4c40-b523-744acc0a8c83@group-58963DB0E9D1->c53771ff-a4da-40bc-be42-f397952cb81e-GrpcLogAppender: appendEntries Timeout, request=28f29a4c-baf6-4c40-b523-744acc0a8c83->c53771ff-a4da-40bc-be42-f397952cb81e#53-t1, previous=(t:1, i:11), leaderCommit=6, initializing? false, entries: <empty>
2019-09-11 02:35:35,214 [grpc-default-executor-6] INFO  client.GrpcClientProtocolClient (GrpcClientProtocolClient.java:onNext(264)) - client-253D1AE02840->c53771ff-a4da-40bc-be42-f397952cb81e: receive RaftClientReply:client-253D1AE02840->c53771ff-a4da-40bc-be42-f397952cb81e@group-58963DB0E9D1, cid=16, FAILED org.apache.ratis.protocol.NotLeaderException: Server c53771ff-a4da-40bc-be42-f397952cb81e@group-58963DB0E9D1 is not the leader 28f29a4c-baf6-4c40-b523-744acc0a8c83:192.168.34.53:35385, logIndex=0, commits[c53771ff-a4da-40bc-be42-f397952cb81e:c6, cccfaecc-560c-4f58-9140-53bb7696e889:c4, 28f29a4c-baf6-4c40-b523-744acc0a8c83:c6]
2019-09-11 02:35:36,895 [java.util.concurrent.ThreadPoolExecutor$Worker@8d44dde[State = -1, empty queue]] WARN  server.GrpcLogAppender (GrpcLogAppender.java:timeoutAppendRequest(200)) - 28f29a4c-baf6-4c40-b523-744acc0a8c83@group-58963DB0E9D1->c53771ff-a4da-40bc-be42-f397952cb81e-GrpcLogAppender: appendEntries Timeout, request=28f29a4c-baf6-4c40-b523-744acc0a8c83->c53771ff-a4da-40bc-be42-f397952cb81e#54-t1, previous=(t:1, i:11), leaderCommit=6, initializing? false, entries: <empty>
2019-09-11 02:35:36,895 [java.util.concurrent.ThreadPoolExecutor$Worker@26c2ee04[State = -1, empty queue]] WARN  server.GrpcLogAppender (GrpcLogAppender.java:timeoutAppendRequest(200)) - 28f29a4c-baf6-4c40-b523-744acc0a8c83@group-58963DB0E9D1->cccfaecc-560c-4f58-9140-53bb7696e889-GrpcLogAppender: appendEntries Timeout, request=28f29a4c-baf6-4c40-b523-744acc0a8c83->cccfaecc-560c-4f58-9140-53bb7696e889#54-t1, previous=(t:1, i:11), leaderCommit=6, initializing? false, entries: <empty>
2019-09-11 02:35:39,037 [cccfaecc-560c-4f58-9140-53bb7696e889@group-58963DB0E9D1-SegmentedRaftLogWorker] WARN  segmented.SegmentedRaftLogWorker (SegmentedRaftLogWorker.java:getFromFuture(90)) - Timeout 10/~
org.apache.ratis.protocol.TimeoutIOException: Timeout 10s: WriteLog:8: (t:1, i:8), STATEMACHINELOGENTRY, client-253D1AE02840, cid=17-writeStateMachineData
	at org.apache.ratis.util.IOUtils.getFromFuture(IOUtils.java:87)
	at org.apache.ratis.server.raftlog.segmented.SegmentedRaftLogWorker$StateMachineDataPolicy.getFromFuture(SegmentedRaftLogWorker.java:87)
	at org.apache.ratis.server.raftlog.segmented.SegmentedRaftLogWorker$WriteLog.execute(SegmentedRaftLogWorker.java:477)
	at org.apache.ratis.server.raftlog.segmented.SegmentedRaftLogWorker.run(SegmentedRaftLogWorker.java:289)
	at java.lang.Thread.run(Thread.java:748)
Caused by: java.util.concurrent.TimeoutException
	at java.util.concurrent.CompletableFuture.timedGet(CompletableFuture.java:1771)
	at java.util.concurrent.CompletableFuture.get(CompletableFuture.java:1915)
	at org.apache.ratis.util.IOUtils.getFromFuture(IOUtils.java:79)
	... 4 more
2019-09-11 02:35:39,058 [28f29a4c-baf6-4c40-b523-744acc0a8c83@group-58963DB0E9D1-SegmentedRaftLogWorker] WARN  segmented.SegmentedRaftLogWorker (SegmentedRaftLogWorker.java:getFromFuture(90)) - Timeout 10/~
org.apache.ratis.protocol.TimeoutIOException: Timeout 10s: WriteLog:8: (t:1, i:8), STATEMACHINELOGENTRY, client-253D1AE02840, cid=17-writeStateMachineData
	at org.apache.ratis.util.IOUtils.getFromFuture(IOUtils.java:87)
	at org.apache.ratis.server.raftlog.segmented.SegmentedRaftLogWorker$StateMachineDataPolicy.getFromFuture(SegmentedRaftLogWorker.java:87)
	at org.apache.ratis.server.raftlog.segmented.SegmentedRaftLogWorker$WriteLog.execute(SegmentedRaftLogWorker.java:477)
	at org.apache.ratis.server.raftlog.segmented.SegmentedRaftLogWorker.run(SegmentedRaftLogWorker.java:289)
	at java.lang.Thread.run(Thread.java:748)
Caused by: java.util.concurrent.TimeoutException
	at java.util.concurrent.CompletableFuture.timedGet(CompletableFuture.java:1771)
	at java.util.concurrent.CompletableFuture.get(CompletableFuture.java:1915)
	at org.apache.ratis.util.IOUtils.getFromFuture(IOUtils.java:79)
	... 4 more
2019-09-11 02:35:39,059 [c53771ff-a4da-40bc-be42-f397952cb81e@group-58963DB0E9D1-SegmentedRaftLogWorker] WARN  segmented.SegmentedRaftLogWorker (SegmentedRaftLogWorker.java:getFromFuture(90)) - Timeout 10/~
org.apache.ratis.protocol.TimeoutIOException: Timeout 10s: WriteLog:8: (t:1, i:8), STATEMACHINELOGENTRY, client-253D1AE02840, cid=17-writeStateMachineData
	at org.apache.ratis.util.IOUtils.getFromFuture(IOUtils.java:87)
	at org.apache.ratis.server.raftlog.segmented.SegmentedRaftLogWorker$StateMachineDataPolicy.getFromFuture(SegmentedRaftLogWorker.java:87)
	at org.apache.ratis.server.raftlog.segmented.SegmentedRaftLogWorker$WriteLog.execute(SegmentedRaftLogWorker.java:477)
	at org.apache.ratis.server.raftlog.segmented.SegmentedRaftLogWorker.run(SegmentedRaftLogWorker.java:289)
	at java.lang.Thread.run(Thread.java:748)
Caused by: java.util.concurrent.TimeoutException
	at java.util.concurrent.CompletableFuture.timedGet(CompletableFuture.java:1771)
	at java.util.concurrent.CompletableFuture.get(CompletableFuture.java:1915)
	at org.apache.ratis.util.IOUtils.getFromFuture(IOUtils.java:79)
	... 4 more
2019-09-11 02:35:39,396 [java.util.concurrent.ThreadPoolExecutor$Worker@26c2ee04[State = -1, empty queue]] WARN  server.GrpcLogAppender (GrpcLogAppender.java:timeoutAppendRequest(200)) - 28f29a4c-baf6-4c40-b523-744acc0a8c83@group-58963DB0E9D1->cccfaecc-560c-4f58-9140-53bb7696e889-GrpcLogAppender: appendEntries Timeout, request=28f29a4c-baf6-4c40-b523-744acc0a8c83->cccfaecc-560c-4f58-9140-53bb7696e889#55-t1, previous=(t:1, i:11), leaderCommit=6, initializing? false, entries: <empty>
2019-09-11 02:35:39,396 [java.util.concurrent.ThreadPoolExecutor$Worker@8d44dde[State = -1, empty queue]] WARN  server.GrpcLogAppender (GrpcLogAppender.java:timeoutAppendRequest(200)) - 28f29a4c-baf6-4c40-b523-744acc0a8c83@group-58963DB0E9D1->c53771ff-a4da-40bc-be42-f397952cb81e-GrpcLogAppender: appendEntries Timeout, request=28f29a4c-baf6-4c40-b523-744acc0a8c83->c53771ff-a4da-40bc-be42-f397952cb81e#55-t1, previous=(t:1, i:11), leaderCommit=6, initializing? false, entries: <empty>
2019-09-11 02:35:40,273 [grpc-default-executor-6] INFO  client.GrpcClientProtocolClient (GrpcClientProtocolClient.java:onNext(264)) - client-253D1AE02840->cccfaecc-560c-4f58-9140-53bb7696e889: receive RaftClientReply:client-253D1AE02840->cccfaecc-560c-4f58-9140-53bb7696e889@group-58963DB0E9D1, cid=16, FAILED org.apache.ratis.protocol.NotLeaderException: Server cccfaecc-560c-4f58-9140-53bb7696e889@group-58963DB0E9D1 is not the leader 28f29a4c-baf6-4c40-b523-744acc0a8c83:192.168.34.53:35385, logIndex=0, commits[cccfaecc-560c-4f58-9140-53bb7696e889:c6, c53771ff-a4da-40bc-be42-f397952cb81e:c4, 28f29a4c-baf6-4c40-b523-744acc0a8c83:c6]
2019-09-11 02:35:41,896 [java.util.concurrent.ThreadPoolExecutor$Worker@8d44dde[State = -1, empty queue]] WARN  server.GrpcLogAppender (GrpcLogAppender.java:timeoutAppendRequest(200)) - 28f29a4c-baf6-4c40-b523-744acc0a8c83@group-58963DB0E9D1->c53771ff-a4da-40bc-be42-f397952cb81e-GrpcLogAppender: appendEntries Timeout, request=28f29a4c-baf6-4c40-b523-744acc0a8c83->c53771ff-a4da-40bc-be42-f397952cb81e#56-t1, previous=(t:1, i:11), leaderCommit=6, initializing? false, entries: <empty>
2019-09-11 02:35:41,896 [java.util.concurrent.ThreadPoolExecutor$Worker@26c2ee04[State = -1, empty queue]] WARN  server.GrpcLogAppender (GrpcLogAppender.java:timeoutAppendRequest(200)) - 28f29a4c-baf6-4c40-b523-744acc0a8c83@group-58963DB0E9D1->cccfaecc-560c-4f58-9140-53bb7696e889-GrpcLogAppender: appendEntries Timeout, request=28f29a4c-baf6-4c40-b523-744acc0a8c83->cccfaecc-560c-4f58-9140-53bb7696e889#56-t1, previous=(t:1, i:11), leaderCommit=6, initializing? false, entries: <empty>
2019-09-11 02:35:44,397 [java.util.concurrent.ThreadPoolExecutor$Worker@8d44dde[State = -1, empty queue]] WARN  server.GrpcLogAppender (GrpcLogAppender.java:timeoutAppendRequest(200)) - 28f29a4c-baf6-4c40-b523-744acc0a8c83@group-58963DB0E9D1->c53771ff-a4da-40bc-be42-f397952cb81e-GrpcLogAppender: appendEntries Timeout, request=28f29a4c-baf6-4c40-b523-744acc0a8c83->c53771ff-a4da-40bc-be42-f397952cb81e#57-t1, previous=(t:1, i:11), leaderCommit=6, initializing? false, entries: <empty>
2019-09-11 02:35:44,397 [java.util.concurrent.ThreadPoolExecutor$Worker@26c2ee04[State = -1, empty queue]] WARN  server.GrpcLogAppender (GrpcLogAppender.java:timeoutAppendRequest(200)) - 28f29a4c-baf6-4c40-b523-744acc0a8c83@group-58963DB0E9D1->cccfaecc-560c-4f58-9140-53bb7696e889-GrpcLogAppender: appendEntries Timeout, request=28f29a4c-baf6-4c40-b523-744acc0a8c83->cccfaecc-560c-4f58-9140-53bb7696e889#57-t1, previous=(t:1, i:11), leaderCommit=6, initializing? false, entries: <empty>
2019-09-11 02:35:45,352 [grpc-default-executor-1] INFO  client.GrpcClientProtocolClient (GrpcClientProtocolClient.java:onNext(264)) - client-253D1AE02840->c53771ff-a4da-40bc-be42-f397952cb81e: receive RaftClientReply:client-253D1AE02840->c53771ff-a4da-40bc-be42-f397952cb81e@group-58963DB0E9D1, cid=16, FAILED org.apache.ratis.protocol.NotLeaderException: Server c53771ff-a4da-40bc-be42-f397952cb81e@group-58963DB0E9D1 is not the leader 28f29a4c-baf6-4c40-b523-744acc0a8c83:192.168.34.53:35385, logIndex=0, commits[c53771ff-a4da-40bc-be42-f397952cb81e:c6, cccfaecc-560c-4f58-9140-53bb7696e889:c4, 28f29a4c-baf6-4c40-b523-744acc0a8c83:c6]
2019-09-11 02:35:46,898 [java.util.concurrent.ThreadPoolExecutor$Worker@8d44dde[State = -1, empty queue]] WARN  server.GrpcLogAppender (GrpcLogAppender.java:timeoutAppendRequest(200)) - 28f29a4c-baf6-4c40-b523-744acc0a8c83@group-58963DB0E9D1->c53771ff-a4da-40bc-be42-f397952cb81e-GrpcLogAppender: appendEntries Timeout, request=28f29a4c-baf6-4c40-b523-744acc0a8c83->c53771ff-a4da-40bc-be42-f397952cb81e#58-t1, previous=(t:1, i:11), leaderCommit=6, initializing? false, entries: <empty>
2019-09-11 02:35:46,898 [java.util.concurrent.ThreadPoolExecutor$Worker@26c2ee04[State = -1, empty queue]] WARN  server.GrpcLogAppender (GrpcLogAppender.java:timeoutAppendRequest(200)) - 28f29a4c-baf6-4c40-b523-744acc0a8c83@group-58963DB0E9D1->cccfaecc-560c-4f58-9140-53bb7696e889-GrpcLogAppender: appendEntries Timeout, request=28f29a4c-baf6-4c40-b523-744acc0a8c83->cccfaecc-560c-4f58-9140-53bb7696e889#58-t1, previous=(t:1, i:11), leaderCommit=6, initializing? false, entries: <empty>
2019-09-11 02:35:48,941 [org.apache.ratis.server.impl.LogAppender$AppenderDaemon$$Lambda$515/1517268026@c643b86] ERROR ratis.XceiverServerRatis (XceiverServerRatis.java:triggerPipelineClose(568)) - pipeline Action CLOSE  on pipeline PipelineID=a15d7450-8b65-4943-81d3-58963db0e9d1.Reason : 28f29a4c-baf6-4c40-b523-744acc0a8c83 has not seen follower/s c53771ff-a4da-40bc-be42-f397952cb81e for 120346ms cccfaecc-560c-4f58-9140-53bb7696e889 for 120353ms
2019-09-11 02:35:48,941 [org.apache.ratis.server.impl.LogAppender$AppenderDaemon$$Lambda$515/1517268026@7b233a05] ERROR ratis.XceiverServerRatis (XceiverServerRatis.java:triggerPipelineClose(568)) - pipeline Action CLOSE  on pipeline PipelineID=a15d7450-8b65-4943-81d3-58963db0e9d1.Reason : 28f29a4c-baf6-4c40-b523-744acc0a8c83 has not seen follower/s c53771ff-a4da-40bc-be42-f397952cb81e for 120346ms cccfaecc-560c-4f58-9140-53bb7696e889 for 120353ms
2019-09-11 02:35:49,019 [EventQueue-PipelineActionsForPipelineActionHandler] ERROR pipeline.PipelineActionHandler (PipelineActionHandler.java:onMessage(60)) - Received pipeline action CLOSE for Pipeline[ Id: a15d7450-8b65-4943-81d3-58963db0e9d1, Nodes: cccfaecc-560c-4f58-9140-53bb7696e889{ip: 192.168.34.53, host: pr-hdds-2107-sbngl-2106859965, networkLocation: /default-rack, certSerialId: null}28f29a4c-baf6-4c40-b523-744acc0a8c83{ip: 192.168.34.53, host: pr-hdds-2107-sbngl-2106859965, networkLocation: /default-rack, certSerialId: null}c53771ff-a4da-40bc-be42-f397952cb81e{ip: 192.168.34.53, host: pr-hdds-2107-sbngl-2106859965, networkLocation: /default-rack, certSerialId: null}, Type:RATIS, Factor:THREE, State:OPEN] from datanode 28f29a4c-baf6-4c40-b523-744acc0a8c83{ip: 192.168.34.53, host: pr-hdds-2107-sbngl-2106859965, networkLocation: /default-rack, certSerialId: null}. Reason : 28f29a4c-baf6-4c40-b523-744acc0a8c83 has not seen follower/s c53771ff-a4da-40bc-be42-f397952cb81e for 120346ms cccfaecc-560c-4f58-9140-53bb7696e889 for 120353ms
2019-09-11 02:35:49,019 [EventQueue-PipelineActionsForPipelineActionHandler] INFO  pipeline.SCMPipelineManager (SCMPipelineManager.java:finalizeAndDestroyPipeline(311)) - destroying pipeline:Pipeline[ Id: a15d7450-8b65-4943-81d3-58963db0e9d1, Nodes: cccfaecc-560c-4f58-9140-53bb7696e889{ip: 192.168.34.53, host: pr-hdds-2107-sbngl-2106859965, networkLocation: /default-rack, certSerialId: null}28f29a4c-baf6-4c40-b523-744acc0a8c83{ip: 192.168.34.53, host: pr-hdds-2107-sbngl-2106859965, networkLocation: /default-rack, certSerialId: null}c53771ff-a4da-40bc-be42-f397952cb81e{ip: 192.168.34.53, host: pr-hdds-2107-sbngl-2106859965, networkLocation: /default-rack, certSerialId: null}, Type:RATIS, Factor:THREE, State:OPEN]
2019-09-11 02:35:49,020 [EventQueue-PipelineActionsForPipelineActionHandler] INFO  pipeline.PipelineStateManager (PipelineStateManager.java:finalizePipeline(123)) - Pipeline Pipeline[ Id: a15d7450-8b65-4943-81d3-58963db0e9d1, Nodes: cccfaecc-560c-4f58-9140-53bb7696e889{ip: 192.168.34.53, host: pr-hdds-2107-sbngl-2106859965, networkLocation: /default-rack, certSerialId: null}28f29a4c-baf6-4c40-b523-744acc0a8c83{ip: 192.168.34.53, host: pr-hdds-2107-sbngl-2106859965, networkLocation: /default-rack, certSerialId: null}c53771ff-a4da-40bc-be42-f397952cb81e{ip: 192.168.34.53, host: pr-hdds-2107-sbngl-2106859965, networkLocation: /default-rack, certSerialId: null}, Type:RATIS, Factor:THREE, State:CLOSED] moved to CLOSED state
2019-09-11 02:35:49,024 [EventQueue-CloseContainerForCloseContainerEventHandler] INFO  container.CloseContainerEventHandler (CloseContainerEventHandler.java:onMessage(61)) - Close container Event triggered for container : #1
2019-09-11 02:35:49,031 [EventQueue-CloseContainerForCloseContainerEventHandler] INFO  container.CloseContainerEventHandler (CloseContainerEventHandler.java:onMessage(61)) - Close container Event triggered for container : #2
2019-09-11 02:35:49,038 [cccfaecc-560c-4f58-9140-53bb7696e889@group-58963DB0E9D1-SegmentedRaftLogWorker] WARN  segmented.SegmentedRaftLogWorker (SegmentedRaftLogWorker.java:getFromFuture(90)) - Timeout 11/~
org.apache.ratis.protocol.TimeoutIOException: Timeout 10s: WriteLog:8: (t:1, i:8), STATEMACHINELOGENTRY, client-253D1AE02840, cid=17-writeStateMachineData
	at org.apache.ratis.util.IOUtils.getFromFuture(IOUtils.java:87)
	at org.apache.ratis.server.raftlog.segmented.SegmentedRaftLogWorker$StateMachineDataPolicy.getFromFuture(SegmentedRaftLogWorker.java:87)
	at org.apache.ratis.server.raftlog.segmented.SegmentedRaftLogWorker$WriteLog.execute(SegmentedRaftLogWorker.java:477)
	at org.apache.ratis.server.raftlog.segmented.SegmentedRaftLogWorker.run(SegmentedRaftLogWorker.java:289)
	at java.lang.Thread.run(Thread.java:748)
Caused by: java.util.concurrent.TimeoutException
	at java.util.concurrent.CompletableFuture.timedGet(CompletableFuture.java:1771)
	at java.util.concurrent.CompletableFuture.get(CompletableFuture.java:1915)
	at org.apache.ratis.util.IOUtils.getFromFuture(IOUtils.java:79)
	... 4 more
2019-09-11 02:35:49,059 [28f29a4c-baf6-4c40-b523-744acc0a8c83@group-58963DB0E9D1-SegmentedRaftLogWorker] WARN  segmented.SegmentedRaftLogWorker (SegmentedRaftLogWorker.java:getFromFuture(90)) - Timeout 11/~
org.apache.ratis.protocol.TimeoutIOException: Timeout 10s: WriteLog:8: (t:1, i:8), STATEMACHINELOGENTRY, client-253D1AE02840, cid=17-writeStateMachineData
	at org.apache.ratis.util.IOUtils.getFromFuture(IOUtils.java:87)
	at org.apache.ratis.server.raftlog.segmented.SegmentedRaftLogWorker$StateMachineDataPolicy.getFromFuture(SegmentedRaftLogWorker.java:87)
	at org.apache.ratis.server.raftlog.segmented.SegmentedRaftLogWorker$WriteLog.execute(SegmentedRaftLogWorker.java:477)
	at org.apache.ratis.server.raftlog.segmented.SegmentedRaftLogWorker.run(SegmentedRaftLogWorker.java:289)
	at java.lang.Thread.run(Thread.java:748)
Caused by: java.util.concurrent.TimeoutException
	at java.util.concurrent.CompletableFuture.timedGet(CompletableFuture.java:1771)
	at java.util.concurrent.CompletableFuture.get(CompletableFuture.java:1915)
	at org.apache.ratis.util.IOUtils.getFromFuture(IOUtils.java:79)
	... 4 more
2019-09-11 02:35:49,060 [c53771ff-a4da-40bc-be42-f397952cb81e@group-58963DB0E9D1-SegmentedRaftLogWorker] WARN  segmented.SegmentedRaftLogWorker (SegmentedRaftLogWorker.java:getFromFuture(90)) - Timeout 11/~
org.apache.ratis.protocol.TimeoutIOException: Timeout 10s: WriteLog:8: (t:1, i:8), STATEMACHINELOGENTRY, client-253D1AE02840, cid=17-writeStateMachineData
	at org.apache.ratis.util.IOUtils.getFromFuture(IOUtils.java:87)
	at org.apache.ratis.server.raftlog.segmented.SegmentedRaftLogWorker$StateMachineDataPolicy.getFromFuture(SegmentedRaftLogWorker.java:87)
	at org.apache.ratis.server.raftlog.segmented.SegmentedRaftLogWorker$WriteLog.execute(SegmentedRaftLogWorker.java:477)
	at org.apache.ratis.server.raftlog.segmented.SegmentedRaftLogWorker.run(SegmentedRaftLogWorker.java:289)
	at java.lang.Thread.run(Thread.java:748)
Caused by: java.util.concurrent.TimeoutException
	at java.util.concurrent.CompletableFuture.timedGet(CompletableFuture.java:1771)
	at java.util.concurrent.CompletableFuture.get(CompletableFuture.java:1915)
	at org.apache.ratis.util.IOUtils.getFromFuture(IOUtils.java:79)
	... 4 more
2019-09-11 02:35:49,398 [java.util.concurrent.ThreadPoolExecutor$Worker@8d44dde[State = -1, empty queue]] WARN  server.GrpcLogAppender (GrpcLogAppender.java:timeoutAppendRequest(200)) - 28f29a4c-baf6-4c40-b523-744acc0a8c83@group-58963DB0E9D1->c53771ff-a4da-40bc-be42-f397952cb81e-GrpcLogAppender: appendEntries Timeout, request=28f29a4c-baf6-4c40-b523-744acc0a8c83->c53771ff-a4da-40bc-be42-f397952cb81e#59-t1, previous=(t:1, i:11), leaderCommit=6, initializing? false, entries: <empty>
2019-09-11 02:35:49,398 [java.util.concurrent.ThreadPoolExecutor$Worker@26c2ee04[State = -1, empty queue]] WARN  server.GrpcLogAppender (GrpcLogAppender.java:timeoutAppendRequest(200)) - 28f29a4c-baf6-4c40-b523-744acc0a8c83@group-58963DB0E9D1->cccfaecc-560c-4f58-9140-53bb7696e889-GrpcLogAppender: appendEntries Timeout, request=28f29a4c-baf6-4c40-b523-744acc0a8c83->cccfaecc-560c-4f58-9140-53bb7696e889#59-t1, previous=(t:1, i:11), leaderCommit=6, initializing? false, entries: <empty>
2019-09-11 02:35:50,408 [grpc-default-executor-5] INFO  client.GrpcClientProtocolClient (GrpcClientProtocolClient.java:onNext(264)) - client-253D1AE02840->c53771ff-a4da-40bc-be42-f397952cb81e: receive RaftClientReply:client-253D1AE02840->c53771ff-a4da-40bc-be42-f397952cb81e@group-58963DB0E9D1, cid=16, FAILED org.apache.ratis.protocol.NotLeaderException: Server c53771ff-a4da-40bc-be42-f397952cb81e@group-58963DB0E9D1 is not the leader 28f29a4c-baf6-4c40-b523-744acc0a8c83:192.168.34.53:35385, logIndex=0, commits[c53771ff-a4da-40bc-be42-f397952cb81e:c6, cccfaecc-560c-4f58-9140-53bb7696e889:c4, 28f29a4c-baf6-4c40-b523-744acc0a8c83:c6]
2019-09-11 02:35:51,037 [org.apache.ratis.server.impl.LogAppender$AppenderDaemon$$Lambda$515/1517268026@c643b86] ERROR ratis.XceiverServerRatis (XceiverServerRatis.java:triggerPipelineClose(568)) - pipeline Action CLOSE  on pipeline PipelineID=a15d7450-8b65-4943-81d3-58963db0e9d1.Reason : 28f29a4c-baf6-4c40-b523-744acc0a8c83 has not seen follower/s c53771ff-a4da-40bc-be42-f397952cb81e for 122463ms cccfaecc-560c-4f58-9140-53bb7696e889 for 122466ms
2019-09-11 02:35:51,037 [org.apache.ratis.server.impl.LogAppender$AppenderDaemon$$Lambda$515/1517268026@7b233a05] ERROR ratis.XceiverServerRatis (XceiverServerRatis.java:triggerPipelineClose(568)) - pipeline Action CLOSE  on pipeline PipelineID=a15d7450-8b65-4943-81d3-58963db0e9d1.Reason : 28f29a4c-baf6-4c40-b523-744acc0a8c83 has not seen follower/s c53771ff-a4da-40bc-be42-f397952cb81e for 122463ms cccfaecc-560c-4f58-9140-53bb7696e889 for 122466ms
2019-09-11 02:35:51,899 [java.util.concurrent.ThreadPoolExecutor$Worker@26c2ee04[State = -1, empty queue]] WARN  server.GrpcLogAppender (GrpcLogAppender.java:timeoutAppendRequest(200)) - 28f29a4c-baf6-4c40-b523-744acc0a8c83@group-58963DB0E9D1->cccfaecc-560c-4f58-9140-53bb7696e889-GrpcLogAppender: appendEntries Timeout, request=28f29a4c-baf6-4c40-b523-744acc0a8c83->cccfaecc-560c-4f58-9140-53bb7696e889#60-t1, previous=(t:1, i:11), leaderCommit=6, initializing? false, entries: <empty>
2019-09-11 02:35:51,899 [java.util.concurrent.ThreadPoolExecutor$Worker@8d44dde[State = -1, empty queue]] WARN  server.GrpcLogAppender (GrpcLogAppender.java:timeoutAppendRequest(200)) - 28f29a4c-baf6-4c40-b523-744acc0a8c83@group-58963DB0E9D1->c53771ff-a4da-40bc-be42-f397952cb81e-GrpcLogAppender: appendEntries Timeout, request=28f29a4c-baf6-4c40-b523-744acc0a8c83->c53771ff-a4da-40bc-be42-f397952cb81e#60-t1, previous=(t:1, i:11), leaderCommit=6, initializing? false, entries: <empty>
2019-09-11 02:35:52,035 [EventQueue-PipelineActionsForPipelineActionHandler] ERROR pipeline.PipelineActionHandler (PipelineActionHandler.java:onMessage(60)) - Received pipeline action CLOSE for Pipeline[ Id: a15d7450-8b65-4943-81d3-58963db0e9d1, Nodes: cccfaecc-560c-4f58-9140-53bb7696e889{ip: 192.168.34.53, host: pr-hdds-2107-sbngl-2106859965, networkLocation: /default-rack, certSerialId: null}28f29a4c-baf6-4c40-b523-744acc0a8c83{ip: 192.168.34.53, host: pr-hdds-2107-sbngl-2106859965, networkLocation: /default-rack, certSerialId: null}c53771ff-a4da-40bc-be42-f397952cb81e{ip: 192.168.34.53, host: pr-hdds-2107-sbngl-2106859965, networkLocation: /default-rack, certSerialId: null}, Type:RATIS, Factor:THREE, State:CLOSED] from datanode 28f29a4c-baf6-4c40-b523-744acc0a8c83{ip: 192.168.34.53, host: pr-hdds-2107-sbngl-2106859965, networkLocation: /default-rack, certSerialId: null}. Reason : 28f29a4c-baf6-4c40-b523-744acc0a8c83 has not seen follower/s c53771ff-a4da-40bc-be42-f397952cb81e for 122463ms cccfaecc-560c-4f58-9140-53bb7696e889 for 122466ms
2019-09-11 02:35:52,036 [EventQueue-PipelineActionsForPipelineActionHandler] INFO  pipeline.SCMPipelineManager (SCMPipelineManager.java:finalizeAndDestroyPipeline(311)) - destroying pipeline:Pipeline[ Id: a15d7450-8b65-4943-81d3-58963db0e9d1, Nodes: cccfaecc-560c-4f58-9140-53bb7696e889{ip: 192.168.34.53, host: pr-hdds-2107-sbngl-2106859965, networkLocation: /default-rack, certSerialId: null}28f29a4c-baf6-4c40-b523-744acc0a8c83{ip: 192.168.34.53, host: pr-hdds-2107-sbngl-2106859965, networkLocation: /default-rack, certSerialId: null}c53771ff-a4da-40bc-be42-f397952cb81e{ip: 192.168.34.53, host: pr-hdds-2107-sbngl-2106859965, networkLocation: /default-rack, certSerialId: null}, Type:RATIS, Factor:THREE, State:CLOSED]
2019-09-11 02:35:53,539 [org.apache.ratis.server.impl.LogAppender$AppenderDaemon$$Lambda$515/1517268026@c643b86] ERROR ratis.XceiverServerRatis (XceiverServerRatis.java:triggerPipelineClose(568)) - pipeline Action CLOSE  on pipeline PipelineID=a15d7450-8b65-4943-81d3-58963db0e9d1.Reason : 28f29a4c-baf6-4c40-b523-744acc0a8c83 has not seen follower/s c53771ff-a4da-40bc-be42-f397952cb81e for 124964ms cccfaecc-560c-4f58-9140-53bb7696e889 for 124967ms
2019-09-11 02:35:53,539 [org.apache.ratis.server.impl.LogAppender$AppenderDaemon$$Lambda$515/1517268026@7b233a05] ERROR ratis.XceiverServerRatis (XceiverServerRatis.java:triggerPipelineClose(568)) - pipeline Action CLOSE  on pipeline PipelineID=a15d7450-8b65-4943-81d3-58963db0e9d1.Reason : 28f29a4c-baf6-4c40-b523-744acc0a8c83 has not seen follower/s c53771ff-a4da-40bc-be42-f397952cb81e for 124964ms cccfaecc-560c-4f58-9140-53bb7696e889 for 124967ms
2019-09-11 02:35:54,035 [EventQueue-PipelineActionsForPipelineActionHandler] ERROR pipeline.PipelineActionHandler (PipelineActionHandler.java:onMessage(60)) - Received pipeline action CLOSE for Pipeline[ Id: a15d7450-8b65-4943-81d3-58963db0e9d1, Nodes: cccfaecc-560c-4f58-9140-53bb7696e889{ip: 192.168.34.53, host: pr-hdds-2107-sbngl-2106859965, networkLocation: /default-rack, certSerialId: null}28f29a4c-baf6-4c40-b523-744acc0a8c83{ip: 192.168.34.53, host: pr-hdds-2107-sbngl-2106859965, networkLocation: /default-rack, certSerialId: null}c53771ff-a4da-40bc-be42-f397952cb81e{ip: 192.168.34.53, host: pr-hdds-2107-sbngl-2106859965, networkLocation: /default-rack, certSerialId: null}, Type:RATIS, Factor:THREE, State:CLOSED] from datanode 28f29a4c-baf6-4c40-b523-744acc0a8c83{ip: 192.168.34.53, host: pr-hdds-2107-sbngl-2106859965, networkLocation: /default-rack, certSerialId: null}. Reason : 28f29a4c-baf6-4c40-b523-744acc0a8c83 has not seen follower/s c53771ff-a4da-40bc-be42-f397952cb81e for 124964ms cccfaecc-560c-4f58-9140-53bb7696e889 for 124967ms
2019-09-11 02:35:54,036 [EventQueue-PipelineActionsForPipelineActionHandler] INFO  pipeline.SCMPipelineManager (SCMPipelineManager.java:finalizeAndDestroyPipeline(311)) - destroying pipeline:Pipeline[ Id: a15d7450-8b65-4943-81d3-58963db0e9d1, Nodes: cccfaecc-560c-4f58-9140-53bb7696e889{ip: 192.168.34.53, host: pr-hdds-2107-sbngl-2106859965, networkLocation: /default-rack, certSerialId: null}28f29a4c-baf6-4c40-b523-744acc0a8c83{ip: 192.168.34.53, host: pr-hdds-2107-sbngl-2106859965, networkLocation: /default-rack, certSerialId: null}c53771ff-a4da-40bc-be42-f397952cb81e{ip: 192.168.34.53, host: pr-hdds-2107-sbngl-2106859965, networkLocation: /default-rack, certSerialId: null}, Type:RATIS, Factor:THREE, State:CLOSED]
2019-09-11 02:35:54,037 [java.util.concurrent.ThreadPoolExecutor$Worker@26c2ee04[State = -1, empty queue]] WARN  server.GrpcLogAppender (GrpcLogAppender.java:timeoutAppendRequest(200)) - 28f29a4c-baf6-4c40-b523-744acc0a8c83@group-58963DB0E9D1->cccfaecc-560c-4f58-9140-53bb7696e889-GrpcLogAppender: appendEntries Timeout, request=28f29a4c-baf6-4c40-b523-744acc0a8c83->cccfaecc-560c-4f58-9140-53bb7696e889#61-t1, previous=(t:1, i:11), leaderCommit=6, initializing? false, entries: size=1, first=(t:1, i:12), STATEMACHINELOGENTRY, client-9E66ED82055A, cid=0
2019-09-11 02:35:54,037 [java.util.concurrent.ThreadPoolExecutor$Worker@8d44dde[State = -1, empty queue]] WARN  server.GrpcLogAppender (GrpcLogAppender.java:timeoutAppendRequest(200)) - 28f29a4c-baf6-4c40-b523-744acc0a8c83@group-58963DB0E9D1->c53771ff-a4da-40bc-be42-f397952cb81e-GrpcLogAppender: appendEntries Timeout, request=28f29a4c-baf6-4c40-b523-744acc0a8c83->c53771ff-a4da-40bc-be42-f397952cb81e#61-t1, previous=(t:1, i:11), leaderCommit=6, initializing? false, entries: size=1, first=(t:1, i:12), STATEMACHINELOGENTRY, client-9E66ED82055A, cid=0
2019-09-11 02:35:55,459 [grpc-default-executor-5] INFO  client.GrpcClientProtocolClient (GrpcClientProtocolClient.java:onNext(264)) - client-253D1AE02840->c53771ff-a4da-40bc-be42-f397952cb81e: receive RaftClientReply:client-253D1AE02840->c53771ff-a4da-40bc-be42-f397952cb81e@group-58963DB0E9D1, cid=16, FAILED org.apache.ratis.protocol.NotLeaderException: Server c53771ff-a4da-40bc-be42-f397952cb81e@group-58963DB0E9D1 is not the leader 28f29a4c-baf6-4c40-b523-744acc0a8c83:192.168.34.53:35385, logIndex=0, commits[c53771ff-a4da-40bc-be42-f397952cb81e:c6, cccfaecc-560c-4f58-9140-53bb7696e889:c4, 28f29a4c-baf6-4c40-b523-744acc0a8c83:c6]
2019-09-11 02:35:56,039 [org.apache.ratis.server.impl.LogAppender$AppenderDaemon$$Lambda$515/1517268026@c643b86] ERROR ratis.XceiverServerRatis (XceiverServerRatis.java:triggerPipelineClose(568)) - pipeline Action CLOSE  on pipeline PipelineID=a15d7450-8b65-4943-81d3-58963db0e9d1.Reason : 28f29a4c-baf6-4c40-b523-744acc0a8c83 has not seen follower/s c53771ff-a4da-40bc-be42-f397952cb81e for 127465ms cccfaecc-560c-4f58-9140-53bb7696e889 for 127468ms
2019-09-11 02:35:56,043 [org.apache.ratis.server.impl.LogAppender$AppenderDaemon$$Lambda$515/1517268026@7b233a05] ERROR ratis.XceiverServerRatis (XceiverServerRatis.java:triggerPipelineClose(568)) - pipeline Action CLOSE  on pipeline PipelineID=a15d7450-8b65-4943-81d3-58963db0e9d1.Reason : 28f29a4c-baf6-4c40-b523-744acc0a8c83 has not seen follower/s c53771ff-a4da-40bc-be42-f397952cb81e for 127469ms cccfaecc-560c-4f58-9140-53bb7696e889 for 127472ms
2019-09-11 02:35:56,538 [java.util.concurrent.ThreadPoolExecutor$Worker@26c2ee04[State = -1, empty queue]] WARN  server.GrpcLogAppender (GrpcLogAppender.java:timeoutAppendRequest(200)) - 28f29a4c-baf6-4c40-b523-744acc0a8c83@group-58963DB0E9D1->cccfaecc-560c-4f58-9140-53bb7696e889-GrpcLogAppender: appendEntries Timeout, request=28f29a4c-baf6-4c40-b523-744acc0a8c83->cccfaecc-560c-4f58-9140-53bb7696e889#62-t1, previous=(t:1, i:12), leaderCommit=6, initializing? false, entries: <empty>
2019-09-11 02:35:56,539 [java.util.concurrent.ThreadPoolExecutor$Worker@8d44dde[State = -1, empty queue]] WARN  server.GrpcLogAppender (GrpcLogAppender.java:timeoutAppendRequest(200)) - 28f29a4c-baf6-4c40-b523-744acc0a8c83@group-58963DB0E9D1->c53771ff-a4da-40bc-be42-f397952cb81e-GrpcLogAppender: appendEntries Timeout, request=28f29a4c-baf6-4c40-b523-744acc0a8c83->c53771ff-a4da-40bc-be42-f397952cb81e#62-t1, previous=(t:1, i:12), leaderCommit=6, initializing? false, entries: <empty>
2019-09-11 02:35:57,039 [EventQueue-PipelineActionsForPipelineActionHandler] ERROR pipeline.PipelineActionHandler (PipelineActionHandler.java:onMessage(60)) - Received pipeline action CLOSE for Pipeline[ Id: a15d7450-8b65-4943-81d3-58963db0e9d1, Nodes: cccfaecc-560c-4f58-9140-53bb7696e889{ip: 192.168.34.53, host: pr-hdds-2107-sbngl-2106859965, networkLocation: /default-rack, certSerialId: null}28f29a4c-baf6-4c40-b523-744acc0a8c83{ip: 192.168.34.53, host: pr-hdds-2107-sbngl-2106859965, networkLocation: /default-rack, certSerialId: null}c53771ff-a4da-40bc-be42-f397952cb81e{ip: 192.168.34.53, host: pr-hdds-2107-sbngl-2106859965, networkLocation: /default-rack, certSerialId: null}, Type:RATIS, Factor:THREE, State:CLOSED] from datanode 28f29a4c-baf6-4c40-b523-744acc0a8c83{ip: 192.168.34.53, host: pr-hdds-2107-sbngl-2106859965, networkLocation: /default-rack, certSerialId: null}. Reason : 28f29a4c-baf6-4c40-b523-744acc0a8c83 has not seen follower/s c53771ff-a4da-40bc-be42-f397952cb81e for 127465ms cccfaecc-560c-4f58-9140-53bb7696e889 for 127468ms
2019-09-11 02:35:57,039 [EventQueue-PipelineActionsForPipelineActionHandler] INFO  pipeline.SCMPipelineManager (SCMPipelineManager.java:finalizeAndDestroyPipeline(311)) - destroying pipeline:Pipeline[ Id: a15d7450-8b65-4943-81d3-58963db0e9d1, Nodes: cccfaecc-560c-4f58-9140-53bb7696e889{ip: 192.168.34.53, host: pr-hdds-2107-sbngl-2106859965, networkLocation: /default-rack, certSerialId: null}28f29a4c-baf6-4c40-b523-744acc0a8c83{ip: 192.168.34.53, host: pr-hdds-2107-sbngl-2106859965, networkLocation: /default-rack, certSerialId: null}c53771ff-a4da-40bc-be42-f397952cb81e{ip: 192.168.34.53, host: pr-hdds-2107-sbngl-2106859965, networkLocation: /default-rack, certSerialId: null}, Type:RATIS, Factor:THREE, State:CLOSED]
2019-09-11 02:35:58,639 [org.apache.ratis.server.impl.LogAppender$AppenderDaemon$$Lambda$515/1517268026@c643b86] ERROR ratis.XceiverServerRatis (XceiverServerRatis.java:triggerPipelineClose(568)) - pipeline Action CLOSE  on pipeline PipelineID=a15d7450-8b65-4943-81d3-58963db0e9d1.Reason : 28f29a4c-baf6-4c40-b523-744acc0a8c83 has not seen follower/s c53771ff-a4da-40bc-be42-f397952cb81e for 130064ms cccfaecc-560c-4f58-9140-53bb7696e889 for 130067ms
2019-09-11 02:35:58,639 [org.apache.ratis.server.impl.LogAppender$AppenderDaemon$$Lambda$515/1517268026@7b233a05] ERROR ratis.XceiverServerRatis (XceiverServerRatis.java:triggerPipelineClose(568)) - pipeline Action CLOSE  on pipeline PipelineID=a15d7450-8b65-4943-81d3-58963db0e9d1.Reason : 28f29a4c-baf6-4c40-b523-744acc0a8c83 has not seen follower/s c53771ff-a4da-40bc-be42-f397952cb81e for 130064ms cccfaecc-560c-4f58-9140-53bb7696e889 for 130067ms
2019-09-11 02:35:59,037 [EventQueue-PipelineActionsForPipelineActionHandler] ERROR pipeline.PipelineActionHandler (PipelineActionHandler.java:onMessage(60)) - Received pipeline action CLOSE for Pipeline[ Id: a15d7450-8b65-4943-81d3-58963db0e9d1, Nodes: cccfaecc-560c-4f58-9140-53bb7696e889{ip: 192.168.34.53, host: pr-hdds-2107-sbngl-2106859965, networkLocation: /default-rack, certSerialId: null}28f29a4c-baf6-4c40-b523-744acc0a8c83{ip: 192.168.34.53, host: pr-hdds-2107-sbngl-2106859965, networkLocation: /default-rack, certSerialId: null}c53771ff-a4da-40bc-be42-f397952cb81e{ip: 192.168.34.53, host: pr-hdds-2107-sbngl-2106859965, networkLocation: /default-rack, certSerialId: null}, Type:RATIS, Factor:THREE, State:CLOSED] from datanode 28f29a4c-baf6-4c40-b523-744acc0a8c83{ip: 192.168.34.53, host: pr-hdds-2107-sbngl-2106859965, networkLocation: /default-rack, certSerialId: null}. Reason : 28f29a4c-baf6-4c40-b523-744acc0a8c83 has not seen follower/s c53771ff-a4da-40bc-be42-f397952cb81e for 130064ms cccfaecc-560c-4f58-9140-53bb7696e889 for 130067ms
2019-09-11 02:35:59,037 [EventQueue-PipelineActionsForPipelineActionHandler] INFO  pipeline.SCMPipelineManager (SCMPipelineManager.java:finalizeAndDestroyPipeline(311)) - destroying pipeline:Pipeline[ Id: a15d7450-8b65-4943-81d3-58963db0e9d1, Nodes: cccfaecc-560c-4f58-9140-53bb7696e889{ip: 192.168.34.53, host: pr-hdds-2107-sbngl-2106859965, networkLocation: /default-rack, certSerialId: null}28f29a4c-baf6-4c40-b523-744acc0a8c83{ip: 192.168.34.53, host: pr-hdds-2107-sbngl-2106859965, networkLocation: /default-rack, certSerialId: null}c53771ff-a4da-40bc-be42-f397952cb81e{ip: 192.168.34.53, host: pr-hdds-2107-sbngl-2106859965, networkLocation: /default-rack, certSerialId: null}, Type:RATIS, Factor:THREE, State:CLOSED]
2019-09-11 02:35:59,039 [java.util.concurrent.ThreadPoolExecutor$Worker@26c2ee04[State = -1, empty queue]] WARN  server.GrpcLogAppender (GrpcLogAppender.java:timeoutAppendRequest(200)) - 28f29a4c-baf6-4c40-b523-744acc0a8c83@group-58963DB0E9D1->cccfaecc-560c-4f58-9140-53bb7696e889-GrpcLogAppender: appendEntries Timeout, request=28f29a4c-baf6-4c40-b523-744acc0a8c83->cccfaecc-560c-4f58-9140-53bb7696e889#63-t1, previous=(t:1, i:12), leaderCommit=6, initializing? false, entries: <empty>
2019-09-11 02:35:59,043 [java.util.concurrent.ThreadPoolExecutor$Worker@8d44dde[State = -1, empty queue]] WARN  server.GrpcLogAppender (GrpcLogAppender.java:timeoutAppendRequest(200)) - 28f29a4c-baf6-4c40-b523-744acc0a8c83@group-58963DB0E9D1->c53771ff-a4da-40bc-be42-f397952cb81e-GrpcLogAppender: appendEntries Timeout, request=28f29a4c-baf6-4c40-b523-744acc0a8c83->c53771ff-a4da-40bc-be42-f397952cb81e#63-t1, previous=(t:1, i:12), leaderCommit=6, initializing? false, entries: <empty>
2019-09-11 02:35:59,046 [cccfaecc-560c-4f58-9140-53bb7696e889@group-58963DB0E9D1-SegmentedRaftLogWorker] WARN  segmented.SegmentedRaftLogWorker (SegmentedRaftLogWorker.java:getFromFuture(90)) - Timeout 12/~
org.apache.ratis.protocol.TimeoutIOException: Timeout 10s: WriteLog:8: (t:1, i:8), STATEMACHINELOGENTRY, client-253D1AE02840, cid=17-writeStateMachineData
	at org.apache.ratis.util.IOUtils.getFromFuture(IOUtils.java:87)
	at org.apache.ratis.server.raftlog.segmented.SegmentedRaftLogWorker$StateMachineDataPolicy.getFromFuture(SegmentedRaftLogWorker.java:87)
	at org.apache.ratis.server.raftlog.segmented.SegmentedRaftLogWorker$WriteLog.execute(SegmentedRaftLogWorker.java:477)
	at org.apache.ratis.server.raftlog.segmented.SegmentedRaftLogWorker.run(SegmentedRaftLogWorker.java:289)
	at java.lang.Thread.run(Thread.java:748)
Caused by: java.util.concurrent.TimeoutException
	at java.util.concurrent.CompletableFuture.timedGet(CompletableFuture.java:1771)
	at java.util.concurrent.CompletableFuture.get(CompletableFuture.java:1915)
	at org.apache.ratis.util.IOUtils.getFromFuture(IOUtils.java:79)
	... 4 more
2019-09-11 02:35:59,060 [28f29a4c-baf6-4c40-b523-744acc0a8c83@group-58963DB0E9D1-SegmentedRaftLogWorker] WARN  segmented.SegmentedRaftLogWorker (SegmentedRaftLogWorker.java:getFromFuture(90)) - Timeout 12/~
org.apache.ratis.protocol.TimeoutIOException: Timeout 10s: WriteLog:8: (t:1, i:8), STATEMACHINELOGENTRY, client-253D1AE02840, cid=17-writeStateMachineData
	at org.apache.ratis.util.IOUtils.getFromFuture(IOUtils.java:87)
	at org.apache.ratis.server.raftlog.segmented.SegmentedRaftLogWorker$StateMachineDataPolicy.getFromFuture(SegmentedRaftLogWorker.java:87)
	at org.apache.ratis.server.raftlog.segmented.SegmentedRaftLogWorker$WriteLog.execute(SegmentedRaftLogWorker.java:477)
	at org.apache.ratis.server.raftlog.segmented.SegmentedRaftLogWorker.run(SegmentedRaftLogWorker.java:289)
	at java.lang.Thread.run(Thread.java:748)
Caused by: java.util.concurrent.TimeoutException
	at java.util.concurrent.CompletableFuture.timedGet(CompletableFuture.java:1771)
	at java.util.concurrent.CompletableFuture.get(CompletableFuture.java:1915)
	at org.apache.ratis.util.IOUtils.getFromFuture(IOUtils.java:79)
	... 4 more
2019-09-11 02:35:59,061 [c53771ff-a4da-40bc-be42-f397952cb81e@group-58963DB0E9D1-SegmentedRaftLogWorker] WARN  segmented.SegmentedRaftLogWorker (SegmentedRaftLogWorker.java:getFromFuture(90)) - Timeout 12/~
org.apache.ratis.protocol.TimeoutIOException: Timeout 10s: WriteLog:8: (t:1, i:8), STATEMACHINELOGENTRY, client-253D1AE02840, cid=17-writeStateMachineData
	at org.apache.ratis.util.IOUtils.getFromFuture(IOUtils.java:87)
	at org.apache.ratis.server.raftlog.segmented.SegmentedRaftLogWorker$StateMachineDataPolicy.getFromFuture(SegmentedRaftLogWorker.java:87)
	at org.apache.ratis.server.raftlog.segmented.SegmentedRaftLogWorker$WriteLog.execute(SegmentedRaftLogWorker.java:477)
	at org.apache.ratis.server.raftlog.segmented.SegmentedRaftLogWorker.run(SegmentedRaftLogWorker.java:289)
	at java.lang.Thread.run(Thread.java:748)
Caused by: java.util.concurrent.TimeoutException
	at java.util.concurrent.CompletableFuture.timedGet(CompletableFuture.java:1771)
	at java.util.concurrent.CompletableFuture.get(CompletableFuture.java:1915)
	at org.apache.ratis.util.IOUtils.getFromFuture(IOUtils.java:79)
	... 4 more
2019-09-11 02:36:00,513 [grpc-default-executor-5] INFO  client.GrpcClientProtocolClient (GrpcClientProtocolClient.java:onNext(264)) - client-253D1AE02840->cccfaecc-560c-4f58-9140-53bb7696e889: receive RaftClientReply:client-253D1AE02840->cccfaecc-560c-4f58-9140-53bb7696e889@group-58963DB0E9D1, cid=16, FAILED org.apache.ratis.protocol.NotLeaderException: Server cccfaecc-560c-4f58-9140-53bb7696e889@group-58963DB0E9D1 is not the leader 28f29a4c-baf6-4c40-b523-744acc0a8c83:192.168.34.53:35385, logIndex=0, commits[cccfaecc-560c-4f58-9140-53bb7696e889:c6, c53771ff-a4da-40bc-be42-f397952cb81e:c4, 28f29a4c-baf6-4c40-b523-744acc0a8c83:c6]
2019-09-11 02:36:01,140 [org.apache.ratis.server.impl.LogAppender$AppenderDaemon$$Lambda$515/1517268026@c643b86] ERROR ratis.XceiverServerRatis (XceiverServerRatis.java:triggerPipelineClose(568)) - pipeline Action CLOSE  on pipeline PipelineID=a15d7450-8b65-4943-81d3-58963db0e9d1.Reason : 28f29a4c-baf6-4c40-b523-744acc0a8c83 has not seen follower/s c53771ff-a4da-40bc-be42-f397952cb81e for 132565ms cccfaecc-560c-4f58-9140-53bb7696e889 for 132569ms
2019-09-11 02:36:01,140 [org.apache.ratis.server.impl.LogAppender$AppenderDaemon$$Lambda$515/1517268026@7b233a05] ERROR ratis.XceiverServerRatis (XceiverServerRatis.java:triggerPipelineClose(568)) - pipeline Action CLOSE  on pipeline PipelineID=a15d7450-8b65-4943-81d3-58963db0e9d1.Reason : 28f29a4c-baf6-4c40-b523-744acc0a8c83 has not seen follower/s c53771ff-a4da-40bc-be42-f397952cb81e for 132565ms cccfaecc-560c-4f58-9140-53bb7696e889 for 132569ms
2019-09-11 02:36:01,638 [java.util.concurrent.ThreadPoolExecutor$Worker@8d44dde[State = -1, empty queue]] WARN  server.GrpcLogAppender (GrpcLogAppender.java:timeoutAppendRequest(200)) - 28f29a4c-baf6-4c40-b523-744acc0a8c83@group-58963DB0E9D1->c53771ff-a4da-40bc-be42-f397952cb81e-GrpcLogAppender: appendEntries Timeout, request=28f29a4c-baf6-4c40-b523-744acc0a8c83->c53771ff-a4da-40bc-be42-f397952cb81e#64-t1, previous=(t:1, i:12), leaderCommit=6, initializing? false, entries: <empty>
2019-09-11 02:36:01,638 [java.util.concurrent.ThreadPoolExecutor$Worker@26c2ee04[State = -1, empty queue]] WARN  server.GrpcLogAppender (GrpcLogAppender.java:timeoutAppendRequest(200)) - 28f29a4c-baf6-4c40-b523-744acc0a8c83@group-58963DB0E9D1->cccfaecc-560c-4f58-9140-53bb7696e889-GrpcLogAppender: appendEntries Timeout, request=28f29a4c-baf6-4c40-b523-744acc0a8c83->cccfaecc-560c-4f58-9140-53bb7696e889#64-t1, previous=(t:1, i:12), leaderCommit=6, initializing? false, entries: <empty>
2019-09-11 02:36:02,037 [EventQueue-PipelineActionsForPipelineActionHandler] ERROR pipeline.PipelineActionHandler (PipelineActionHandler.java:onMessage(60)) - Received pipeline action CLOSE for Pipeline[ Id: a15d7450-8b65-4943-81d3-58963db0e9d1, Nodes: cccfaecc-560c-4f58-9140-53bb7696e889{ip: 192.168.34.53, host: pr-hdds-2107-sbngl-2106859965, networkLocation: /default-rack, certSerialId: null}28f29a4c-baf6-4c40-b523-744acc0a8c83{ip: 192.168.34.53, host: pr-hdds-2107-sbngl-2106859965, networkLocation: /default-rack, certSerialId: null}c53771ff-a4da-40bc-be42-f397952cb81e{ip: 192.168.34.53, host: pr-hdds-2107-sbngl-2106859965, networkLocation: /default-rack, certSerialId: null}, Type:RATIS, Factor:THREE, State:CLOSED] from datanode 28f29a4c-baf6-4c40-b523-744acc0a8c83{ip: 192.168.34.53, host: pr-hdds-2107-sbngl-2106859965, networkLocation: /default-rack, certSerialId: null}. Reason : 28f29a4c-baf6-4c40-b523-744acc0a8c83 has not seen follower/s c53771ff-a4da-40bc-be42-f397952cb81e for 132565ms cccfaecc-560c-4f58-9140-53bb7696e889 for 132569ms
2019-09-11 02:36:02,037 [EventQueue-PipelineActionsForPipelineActionHandler] INFO  pipeline.SCMPipelineManager (SCMPipelineManager.java:finalizeAndDestroyPipeline(311)) - destroying pipeline:Pipeline[ Id: a15d7450-8b65-4943-81d3-58963db0e9d1, Nodes: cccfaecc-560c-4f58-9140-53bb7696e889{ip: 192.168.34.53, host: pr-hdds-2107-sbngl-2106859965, networkLocation: /default-rack, certSerialId: null}28f29a4c-baf6-4c40-b523-744acc0a8c83{ip: 192.168.34.53, host: pr-hdds-2107-sbngl-2106859965, networkLocation: /default-rack, certSerialId: null}c53771ff-a4da-40bc-be42-f397952cb81e{ip: 192.168.34.53, host: pr-hdds-2107-sbngl-2106859965, networkLocation: /default-rack, certSerialId: null}, Type:RATIS, Factor:THREE, State:CLOSED]
2019-09-11 02:36:03,642 [org.apache.ratis.server.impl.LogAppender$AppenderDaemon$$Lambda$515/1517268026@7b233a05] ERROR ratis.XceiverServerRatis (XceiverServerRatis.java:triggerPipelineClose(568)) - pipeline Action CLOSE  on pipeline PipelineID=a15d7450-8b65-4943-81d3-58963db0e9d1.Reason : 28f29a4c-baf6-4c40-b523-744acc0a8c83 has not seen follower/s c53771ff-a4da-40bc-be42-f397952cb81e for 135068ms cccfaecc-560c-4f58-9140-53bb7696e889 for 135071ms
2019-09-11 02:36:03,642 [org.apache.ratis.server.impl.LogAppender$AppenderDaemon$$Lambda$515/1517268026@c643b86] ERROR ratis.XceiverServerRatis (XceiverServerRatis.java:triggerPipelineClose(568)) - pipeline Action CLOSE  on pipeline PipelineID=a15d7450-8b65-4943-81d3-58963db0e9d1.Reason : 28f29a4c-baf6-4c40-b523-744acc0a8c83 has not seen follower/s c53771ff-a4da-40bc-be42-f397952cb81e for 135068ms cccfaecc-560c-4f58-9140-53bb7696e889 for 135071ms
2019-09-11 02:36:04,038 [EventQueue-PipelineActionsForPipelineActionHandler] ERROR pipeline.PipelineActionHandler (PipelineActionHandler.java:onMessage(60)) - Received pipeline action CLOSE for Pipeline[ Id: a15d7450-8b65-4943-81d3-58963db0e9d1, Nodes: cccfaecc-560c-4f58-9140-53bb7696e889{ip: 192.168.34.53, host: pr-hdds-2107-sbngl-2106859965, networkLocation: /default-rack, certSerialId: null}28f29a4c-baf6-4c40-b523-744acc0a8c83{ip: 192.168.34.53, host: pr-hdds-2107-sbngl-2106859965, networkLocation: /default-rack, certSerialId: null}c53771ff-a4da-40bc-be42-f397952cb81e{ip: 192.168.34.53, host: pr-hdds-2107-sbngl-2106859965, networkLocation: /default-rack, certSerialId: null}, Type:RATIS, Factor:THREE, State:CLOSED] from datanode 28f29a4c-baf6-4c40-b523-744acc0a8c83{ip: 192.168.34.53, host: pr-hdds-2107-sbngl-2106859965, networkLocation: /default-rack, certSerialId: null}. Reason : 28f29a4c-baf6-4c40-b523-744acc0a8c83 has not seen follower/s c53771ff-a4da-40bc-be42-f397952cb81e for 135068ms cccfaecc-560c-4f58-9140-53bb7696e889 for 135071ms
2019-09-11 02:36:04,038 [EventQueue-PipelineActionsForPipelineActionHandler] INFO  pipeline.SCMPipelineManager (SCMPipelineManager.java:finalizeAndDestroyPipeline(311)) - destroying pipeline:Pipeline[ Id: a15d7450-8b65-4943-81d3-58963db0e9d1, Nodes: cccfaecc-560c-4f58-9140-53bb7696e889{ip: 192.168.34.53, host: pr-hdds-2107-sbngl-2106859965, networkLocation: /default-rack, certSerialId: null}28f29a4c-baf6-4c40-b523-744acc0a8c83{ip: 192.168.34.53, host: pr-hdds-2107-sbngl-2106859965, networkLocation: /default-rack, certSerialId: null}c53771ff-a4da-40bc-be42-f397952cb81e{ip: 192.168.34.53, host: pr-hdds-2107-sbngl-2106859965, networkLocation: /default-rack, certSerialId: null}, Type:RATIS, Factor:THREE, State:CLOSED]
2019-09-11 02:36:04,140 [java.util.concurrent.ThreadPoolExecutor$Worker@8d44dde[State = -1, empty queue]] WARN  server.GrpcLogAppender (GrpcLogAppender.java:timeoutAppendRequest(200)) - 28f29a4c-baf6-4c40-b523-744acc0a8c83@group-58963DB0E9D1->c53771ff-a4da-40bc-be42-f397952cb81e-GrpcLogAppender: appendEntries Timeout, request=28f29a4c-baf6-4c40-b523-744acc0a8c83->c53771ff-a4da-40bc-be42-f397952cb81e#65-t1, previous=(t:1, i:12), leaderCommit=6, initializing? false, entries: <empty>
2019-09-11 02:36:04,140 [java.util.concurrent.ThreadPoolExecutor$Worker@26c2ee04[State = -1, empty queue]] WARN  server.GrpcLogAppender (GrpcLogAppender.java:timeoutAppendRequest(200)) - 28f29a4c-baf6-4c40-b523-744acc0a8c83@group-58963DB0E9D1->cccfaecc-560c-4f58-9140-53bb7696e889-GrpcLogAppender: appendEntries Timeout, request=28f29a4c-baf6-4c40-b523-744acc0a8c83->cccfaecc-560c-4f58-9140-53bb7696e889#65-t1, previous=(t:1, i:12), leaderCommit=6, initializing? false, entries: <empty>
2019-09-11 02:36:05,566 [grpc-default-executor-7] INFO  client.GrpcClientProtocolClient (GrpcClientProtocolClient.java:onNext(264)) - client-253D1AE02840->c53771ff-a4da-40bc-be42-f397952cb81e: receive RaftClientReply:client-253D1AE02840->c53771ff-a4da-40bc-be42-f397952cb81e@group-58963DB0E9D1, cid=16, FAILED org.apache.ratis.protocol.NotLeaderException: Server c53771ff-a4da-40bc-be42-f397952cb81e@group-58963DB0E9D1 is not the leader 28f29a4c-baf6-4c40-b523-744acc0a8c83:192.168.34.53:35385, logIndex=0, commits[c53771ff-a4da-40bc-be42-f397952cb81e:c6, cccfaecc-560c-4f58-9140-53bb7696e889:c4, 28f29a4c-baf6-4c40-b523-744acc0a8c83:c6]
2019-09-11 02:36:06,143 [org.apache.ratis.server.impl.LogAppender$AppenderDaemon$$Lambda$515/1517268026@7b233a05] ERROR ratis.XceiverServerRatis (XceiverServerRatis.java:triggerPipelineClose(568)) - pipeline Action CLOSE  on pipeline PipelineID=a15d7450-8b65-4943-81d3-58963db0e9d1.Reason : 28f29a4c-baf6-4c40-b523-744acc0a8c83 has not seen follower/s c53771ff-a4da-40bc-be42-f397952cb81e for 137569ms cccfaecc-560c-4f58-9140-53bb7696e889 for 137572ms
2019-09-11 02:36:06,143 [org.apache.ratis.server.impl.LogAppender$AppenderDaemon$$Lambda$515/1517268026@c643b86] ERROR ratis.XceiverServerRatis (XceiverServerRatis.java:triggerPipelineClose(568)) - pipeline Action CLOSE  on pipeline PipelineID=a15d7450-8b65-4943-81d3-58963db0e9d1.Reason : 28f29a4c-baf6-4c40-b523-744acc0a8c83 has not seen follower/s c53771ff-a4da-40bc-be42-f397952cb81e for 137569ms cccfaecc-560c-4f58-9140-53bb7696e889 for 137572ms
2019-09-11 02:36:06,642 [java.util.concurrent.ThreadPoolExecutor$Worker@8d44dde[State = -1, empty queue]] WARN  server.GrpcLogAppender (GrpcLogAppender.java:timeoutAppendRequest(200)) - 28f29a4c-baf6-4c40-b523-744acc0a8c83@group-58963DB0E9D1->c53771ff-a4da-40bc-be42-f397952cb81e-GrpcLogAppender: appendEntries Timeout, request=28f29a4c-baf6-4c40-b523-744acc0a8c83->c53771ff-a4da-40bc-be42-f397952cb81e#66-t1, previous=(t:1, i:12), leaderCommit=6, initializing? false, entries: <empty>
2019-09-11 02:36:06,642 [java.util.concurrent.ThreadPoolExecutor$Worker@26c2ee04[State = -1, empty queue]] WARN  server.GrpcLogAppender (GrpcLogAppender.java:timeoutAppendRequest(200)) - 28f29a4c-baf6-4c40-b523-744acc0a8c83@group-58963DB0E9D1->cccfaecc-560c-4f58-9140-53bb7696e889-GrpcLogAppender: appendEntries Timeout, request=28f29a4c-baf6-4c40-b523-744acc0a8c83->cccfaecc-560c-4f58-9140-53bb7696e889#66-t1, previous=(t:1, i:12), leaderCommit=6, initializing? false, entries: <empty>
2019-09-11 02:36:07,038 [EventQueue-PipelineActionsForPipelineActionHandler] ERROR pipeline.PipelineActionHandler (PipelineActionHandler.java:onMessage(60)) - Received pipeline action CLOSE for Pipeline[ Id: a15d7450-8b65-4943-81d3-58963db0e9d1, Nodes: cccfaecc-560c-4f58-9140-53bb7696e889{ip: 192.168.34.53, host: pr-hdds-2107-sbngl-2106859965, networkLocation: /default-rack, certSerialId: null}28f29a4c-baf6-4c40-b523-744acc0a8c83{ip: 192.168.34.53, host: pr-hdds-2107-sbngl-2106859965, networkLocation: /default-rack, certSerialId: null}c53771ff-a4da-40bc-be42-f397952cb81e{ip: 192.168.34.53, host: pr-hdds-2107-sbngl-2106859965, networkLocation: /default-rack, certSerialId: null}, Type:RATIS, Factor:THREE, State:CLOSED] from datanode 28f29a4c-baf6-4c40-b523-744acc0a8c83{ip: 192.168.34.53, host: pr-hdds-2107-sbngl-2106859965, networkLocation: /default-rack, certSerialId: null}. Reason : 28f29a4c-baf6-4c40-b523-744acc0a8c83 has not seen follower/s c53771ff-a4da-40bc-be42-f397952cb81e for 137569ms cccfaecc-560c-4f58-9140-53bb7696e889 for 137572ms
2019-09-11 02:36:07,038 [EventQueue-PipelineActionsForPipelineActionHandler] INFO  pipeline.SCMPipelineManager (SCMPipelineManager.java:finalizeAndDestroyPipeline(311)) - destroying pipeline:Pipeline[ Id: a15d7450-8b65-4943-81d3-58963db0e9d1, Nodes: cccfaecc-560c-4f58-9140-53bb7696e889{ip: 192.168.34.53, host: pr-hdds-2107-sbngl-2106859965, networkLocation: /default-rack, certSerialId: null}28f29a4c-baf6-4c40-b523-744acc0a8c83{ip: 192.168.34.53, host: pr-hdds-2107-sbngl-2106859965, networkLocation: /default-rack, certSerialId: null}c53771ff-a4da-40bc-be42-f397952cb81e{ip: 192.168.34.53, host: pr-hdds-2107-sbngl-2106859965, networkLocation: /default-rack, certSerialId: null}, Type:RATIS, Factor:THREE, State:CLOSED]
2019-09-11 02:36:08,644 [org.apache.ratis.server.impl.LogAppender$AppenderDaemon$$Lambda$515/1517268026@c643b86] ERROR ratis.XceiverServerRatis (XceiverServerRatis.java:triggerPipelineClose(568)) - pipeline Action CLOSE  on pipeline PipelineID=a15d7450-8b65-4943-81d3-58963db0e9d1.Reason : 28f29a4c-baf6-4c40-b523-744acc0a8c83 has not seen follower/s c53771ff-a4da-40bc-be42-f397952cb81e for 140069ms cccfaecc-560c-4f58-9140-53bb7696e889 for 140073ms
2019-09-11 02:36:08,647 [org.apache.ratis.server.impl.LogAppender$AppenderDaemon$$Lambda$515/1517268026@7b233a05] ERROR ratis.XceiverServerRatis (XceiverServerRatis.java:triggerPipelineClose(568)) - pipeline Action CLOSE  on pipeline PipelineID=a15d7450-8b65-4943-81d3-58963db0e9d1.Reason : 28f29a4c-baf6-4c40-b523-744acc0a8c83 has not seen follower/s c53771ff-a4da-40bc-be42-f397952cb81e for 140073ms cccfaecc-560c-4f58-9140-53bb7696e889 for 140076ms
2019-09-11 02:36:09,038 [EventQueue-PipelineActionsForPipelineActionHandler] ERROR pipeline.PipelineActionHandler (PipelineActionHandler.java:onMessage(60)) - Received pipeline action CLOSE for Pipeline[ Id: a15d7450-8b65-4943-81d3-58963db0e9d1, Nodes: cccfaecc-560c-4f58-9140-53bb7696e889{ip: 192.168.34.53, host: pr-hdds-2107-sbngl-2106859965, networkLocation: /default-rack, certSerialId: null}28f29a4c-baf6-4c40-b523-744acc0a8c83{ip: 192.168.34.53, host: pr-hdds-2107-sbngl-2106859965, networkLocation: /default-rack, certSerialId: null}c53771ff-a4da-40bc-be42-f397952cb81e{ip: 192.168.34.53, host: pr-hdds-2107-sbngl-2106859965, networkLocation: /default-rack, certSerialId: null}, Type:RATIS, Factor:THREE, State:CLOSED] from datanode 28f29a4c-baf6-4c40-b523-744acc0a8c83{ip: 192.168.34.53, host: pr-hdds-2107-sbngl-2106859965, networkLocation: /default-rack, certSerialId: null}. Reason : 28f29a4c-baf6-4c40-b523-744acc0a8c83 has not seen follower/s c53771ff-a4da-40bc-be42-f397952cb81e for 140069ms cccfaecc-560c-4f58-9140-53bb7696e889 for 140073ms
2019-09-11 02:36:09,038 [EventQueue-PipelineActionsForPipelineActionHandler] INFO  pipeline.SCMPipelineManager (SCMPipelineManager.java:finalizeAndDestroyPipeline(311)) - destroying pipeline:Pipeline[ Id: a15d7450-8b65-4943-81d3-58963db0e9d1, Nodes: cccfaecc-560c-4f58-9140-53bb7696e889{ip: 192.168.34.53, host: pr-hdds-2107-sbngl-2106859965, networkLocation: /default-rack, certSerialId: null}28f29a4c-baf6-4c40-b523-744acc0a8c83{ip: 192.168.34.53, host: pr-hdds-2107-sbngl-2106859965, networkLocation: /default-rack, certSerialId: null}c53771ff-a4da-40bc-be42-f397952cb81e{ip: 192.168.34.53, host: pr-hdds-2107-sbngl-2106859965, networkLocation: /default-rack, certSerialId: null}, Type:RATIS, Factor:THREE, State:CLOSED]
2019-09-11 02:36:09,047 [cccfaecc-560c-4f58-9140-53bb7696e889@group-58963DB0E9D1-SegmentedRaftLogWorker] WARN  segmented.SegmentedRaftLogWorker (SegmentedRaftLogWorker.java:getFromFuture(90)) - Timeout 13/~
org.apache.ratis.protocol.TimeoutIOException: Timeout 10s: WriteLog:8: (t:1, i:8), STATEMACHINELOGENTRY, client-253D1AE02840, cid=17-writeStateMachineData
	at org.apache.ratis.util.IOUtils.getFromFuture(IOUtils.java:87)
	at org.apache.ratis.server.raftlog.segmented.SegmentedRaftLogWorker$StateMachineDataPolicy.getFromFuture(SegmentedRaftLogWorker.java:87)
	at org.apache.ratis.server.raftlog.segmented.SegmentedRaftLogWorker$WriteLog.execute(SegmentedRaftLogWorker.java:477)
	at org.apache.ratis.server.raftlog.segmented.SegmentedRaftLogWorker.run(SegmentedRaftLogWorker.java:289)
	at java.lang.Thread.run(Thread.java:748)
Caused by: java.util.concurrent.TimeoutException
	at java.util.concurrent.CompletableFuture.timedGet(CompletableFuture.java:1771)
	at java.util.concurrent.CompletableFuture.get(CompletableFuture.java:1915)
	at org.apache.ratis.util.IOUtils.getFromFuture(IOUtils.java:79)
	... 4 more
2019-09-11 02:36:09,061 [28f29a4c-baf6-4c40-b523-744acc0a8c83@group-58963DB0E9D1-SegmentedRaftLogWorker] WARN  segmented.SegmentedRaftLogWorker (SegmentedRaftLogWorker.java:getFromFuture(90)) - Timeout 13/~
org.apache.ratis.protocol.TimeoutIOException: Timeout 10s: WriteLog:8: (t:1, i:8), STATEMACHINELOGENTRY, client-253D1AE02840, cid=17-writeStateMachineData
	at org.apache.ratis.util.IOUtils.getFromFuture(IOUtils.java:87)
	at org.apache.ratis.server.raftlog.segmented.SegmentedRaftLogWorker$StateMachineDataPolicy.getFromFuture(SegmentedRaftLogWorker.java:87)
	at org.apache.ratis.server.raftlog.segmented.SegmentedRaftLogWorker$WriteLog.execute(SegmentedRaftLogWorker.java:477)
	at org.apache.ratis.server.raftlog.segmented.SegmentedRaftLogWorker.run(SegmentedRaftLogWorker.java:289)
	at java.lang.Thread.run(Thread.java:748)
Caused by: java.util.concurrent.TimeoutException
	at java.util.concurrent.CompletableFuture.timedGet(CompletableFuture.java:1771)
	at java.util.concurrent.CompletableFuture.get(CompletableFuture.java:1915)
	at org.apache.ratis.util.IOUtils.getFromFuture(IOUtils.java:79)
	... 4 more
2019-09-11 02:36:09,075 [c53771ff-a4da-40bc-be42-f397952cb81e@group-58963DB0E9D1-SegmentedRaftLogWorker] WARN  segmented.SegmentedRaftLogWorker (SegmentedRaftLogWorker.java:getFromFuture(90)) - Timeout 13/~
org.apache.ratis.protocol.TimeoutIOException: Timeout 10s: WriteLog:8: (t:1, i:8), STATEMACHINELOGENTRY, client-253D1AE02840, cid=17-writeStateMachineData
	at org.apache.ratis.util.IOUtils.getFromFuture(IOUtils.java:87)
	at org.apache.ratis.server.raftlog.segmented.SegmentedRaftLogWorker$StateMachineDataPolicy.getFromFuture(SegmentedRaftLogWorker.java:87)
	at org.apache.ratis.server.raftlog.segmented.SegmentedRaftLogWorker$WriteLog.execute(SegmentedRaftLogWorker.java:477)
	at org.apache.ratis.server.raftlog.segmented.SegmentedRaftLogWorker.run(SegmentedRaftLogWorker.java:289)
	at java.lang.Thread.run(Thread.java:748)
Caused by: java.util.concurrent.TimeoutException
	at java.util.concurrent.CompletableFuture.timedGet(CompletableFuture.java:1771)
	at java.util.concurrent.CompletableFuture.get(CompletableFuture.java:1915)
	at org.apache.ratis.util.IOUtils.getFromFuture(IOUtils.java:79)
	... 4 more
2019-09-11 02:36:09,143 [java.util.concurrent.ThreadPoolExecutor$Worker@26c2ee04[State = -1, empty queue]] WARN  server.GrpcLogAppender (GrpcLogAppender.java:timeoutAppendRequest(200)) - 28f29a4c-baf6-4c40-b523-744acc0a8c83@group-58963DB0E9D1->cccfaecc-560c-4f58-9140-53bb7696e889-GrpcLogAppender: appendEntries Timeout, request=28f29a4c-baf6-4c40-b523-744acc0a8c83->cccfaecc-560c-4f58-9140-53bb7696e889#67-t1, previous=(t:1, i:12), leaderCommit=6, initializing? false, entries: <empty>
2019-09-11 02:36:09,143 [java.util.concurrent.ThreadPoolExecutor$Worker@8d44dde[State = -1, empty queue]] WARN  server.GrpcLogAppender (GrpcLogAppender.java:timeoutAppendRequest(200)) - 28f29a4c-baf6-4c40-b523-744acc0a8c83@group-58963DB0E9D1->c53771ff-a4da-40bc-be42-f397952cb81e-GrpcLogAppender: appendEntries Timeout, request=28f29a4c-baf6-4c40-b523-744acc0a8c83->c53771ff-a4da-40bc-be42-f397952cb81e#67-t1, previous=(t:1, i:12), leaderCommit=6, initializing? false, entries: <empty>
2019-09-11 02:36:10,633 [grpc-default-executor-7] INFO  client.GrpcClientProtocolClient (GrpcClientProtocolClient.java:onNext(264)) - client-253D1AE02840->cccfaecc-560c-4f58-9140-53bb7696e889: receive RaftClientReply:client-253D1AE02840->cccfaecc-560c-4f58-9140-53bb7696e889@group-58963DB0E9D1, cid=16, FAILED org.apache.ratis.protocol.NotLeaderException: Server cccfaecc-560c-4f58-9140-53bb7696e889@group-58963DB0E9D1 is not the leader 28f29a4c-baf6-4c40-b523-744acc0a8c83:192.168.34.53:35385, logIndex=0, commits[cccfaecc-560c-4f58-9140-53bb7696e889:c6, c53771ff-a4da-40bc-be42-f397952cb81e:c4, 28f29a4c-baf6-4c40-b523-744acc0a8c83:c6]
2019-09-11 02:36:11,145 [org.apache.ratis.server.impl.LogAppender$AppenderDaemon$$Lambda$515/1517268026@c643b86] ERROR ratis.XceiverServerRatis (XceiverServerRatis.java:triggerPipelineClose(568)) - pipeline Action CLOSE  on pipeline PipelineID=a15d7450-8b65-4943-81d3-58963db0e9d1.Reason : 28f29a4c-baf6-4c40-b523-744acc0a8c83 has not seen follower/s c53771ff-a4da-40bc-be42-f397952cb81e for 142571ms cccfaecc-560c-4f58-9140-53bb7696e889 for 142574ms
2019-09-11 02:36:11,148 [org.apache.ratis.server.impl.LogAppender$AppenderDaemon$$Lambda$515/1517268026@7b233a05] ERROR ratis.XceiverServerRatis (XceiverServerRatis.java:triggerPipelineClose(568)) - pipeline Action CLOSE  on pipeline PipelineID=a15d7450-8b65-4943-81d3-58963db0e9d1.Reason : 28f29a4c-baf6-4c40-b523-744acc0a8c83 has not seen follower/s c53771ff-a4da-40bc-be42-f397952cb81e for 142574ms cccfaecc-560c-4f58-9140-53bb7696e889 for 142577ms
2019-09-11 02:36:11,644 [java.util.concurrent.ThreadPoolExecutor$Worker@26c2ee04[State = -1, empty queue]] WARN  server.GrpcLogAppender (GrpcLogAppender.java:timeoutAppendRequest(200)) - 28f29a4c-baf6-4c40-b523-744acc0a8c83@group-58963DB0E9D1->cccfaecc-560c-4f58-9140-53bb7696e889-GrpcLogAppender: appendEntries Timeout, request=28f29a4c-baf6-4c40-b523-744acc0a8c83->cccfaecc-560c-4f58-9140-53bb7696e889#68-t1, previous=(t:1, i:12), leaderCommit=6, initializing? false, entries: <empty>
2019-09-11 02:36:11,647 [java.util.concurrent.ThreadPoolExecutor$Worker@8d44dde[State = -1, empty queue]] WARN  server.GrpcLogAppender (GrpcLogAppender.java:timeoutAppendRequest(200)) - 28f29a4c-baf6-4c40-b523-744acc0a8c83@group-58963DB0E9D1->c53771ff-a4da-40bc-be42-f397952cb81e-GrpcLogAppender: appendEntries Timeout, request=28f29a4c-baf6-4c40-b523-744acc0a8c83->c53771ff-a4da-40bc-be42-f397952cb81e#68-t1, previous=(t:1, i:12), leaderCommit=6, initializing? false, entries: <empty>
2019-09-11 02:36:12,039 [EventQueue-PipelineActionsForPipelineActionHandler] ERROR pipeline.PipelineActionHandler (PipelineActionHandler.java:onMessage(60)) - Received pipeline action CLOSE for Pipeline[ Id: a15d7450-8b65-4943-81d3-58963db0e9d1, Nodes: cccfaecc-560c-4f58-9140-53bb7696e889{ip: 192.168.34.53, host: pr-hdds-2107-sbngl-2106859965, networkLocation: /default-rack, certSerialId: null}28f29a4c-baf6-4c40-b523-744acc0a8c83{ip: 192.168.34.53, host: pr-hdds-2107-sbngl-2106859965, networkLocation: /default-rack, certSerialId: null}c53771ff-a4da-40bc-be42-f397952cb81e{ip: 192.168.34.53, host: pr-hdds-2107-sbngl-2106859965, networkLocation: /default-rack, certSerialId: null}, Type:RATIS, Factor:THREE, State:CLOSED] from datanode 28f29a4c-baf6-4c40-b523-744acc0a8c83{ip: 192.168.34.53, host: pr-hdds-2107-sbngl-2106859965, networkLocation: /default-rack, certSerialId: null}. Reason : 28f29a4c-baf6-4c40-b523-744acc0a8c83 has not seen follower/s c53771ff-a4da-40bc-be42-f397952cb81e for 142571ms cccfaecc-560c-4f58-9140-53bb7696e889 for 142574ms
2019-09-11 02:36:12,039 [EventQueue-PipelineActionsForPipelineActionHandler] INFO  pipeline.SCMPipelineManager (SCMPipelineManager.java:finalizeAndDestroyPipeline(311)) - destroying pipeline:Pipeline[ Id: a15d7450-8b65-4943-81d3-58963db0e9d1, Nodes: cccfaecc-560c-4f58-9140-53bb7696e889{ip: 192.168.34.53, host: pr-hdds-2107-sbngl-2106859965, networkLocation: /default-rack, certSerialId: null}28f29a4c-baf6-4c40-b523-744acc0a8c83{ip: 192.168.34.53, host: pr-hdds-2107-sbngl-2106859965, networkLocation: /default-rack, certSerialId: null}c53771ff-a4da-40bc-be42-f397952cb81e{ip: 192.168.34.53, host: pr-hdds-2107-sbngl-2106859965, networkLocation: /default-rack, certSerialId: null}, Type:RATIS, Factor:THREE, State:CLOSED]
2019-09-11 02:36:13,646 [org.apache.ratis.server.impl.LogAppender$AppenderDaemon$$Lambda$515/1517268026@c643b86] ERROR ratis.XceiverServerRatis (XceiverServerRatis.java:triggerPipelineClose(568)) - pipeline Action CLOSE  on pipeline PipelineID=a15d7450-8b65-4943-81d3-58963db0e9d1.Reason : 28f29a4c-baf6-4c40-b523-744acc0a8c83 has not seen follower/s c53771ff-a4da-40bc-be42-f397952cb81e for 145072ms cccfaecc-560c-4f58-9140-53bb7696e889 for 145075ms
2019-09-11 02:36:13,648 [org.apache.ratis.server.impl.LogAppender$AppenderDaemon$$Lambda$515/1517268026@7b233a05] ERROR ratis.XceiverServerRatis (XceiverServerRatis.java:triggerPipelineClose(568)) - pipeline Action CLOSE  on pipeline PipelineID=a15d7450-8b65-4943-81d3-58963db0e9d1.Reason : 28f29a4c-baf6-4c40-b523-744acc0a8c83 has not seen follower/s c53771ff-a4da-40bc-be42-f397952cb81e for 145074ms cccfaecc-560c-4f58-9140-53bb7696e889 for 145077ms
2019-09-11 02:36:14,039 [EventQueue-PipelineActionsForPipelineActionHandler] ERROR pipeline.PipelineActionHandler (PipelineActionHandler.java:onMessage(60)) - Received pipeline action CLOSE for Pipeline[ Id: a15d7450-8b65-4943-81d3-58963db0e9d1, Nodes: cccfaecc-560c-4f58-9140-53bb7696e889{ip: 192.168.34.53, host: pr-hdds-2107-sbngl-2106859965, networkLocation: /default-rack, certSerialId: null}28f29a4c-baf6-4c40-b523-744acc0a8c83{ip: 192.168.34.53, host: pr-hdds-2107-sbngl-2106859965, networkLocation: /default-rack, certSerialId: null}c53771ff-a4da-40bc-be42-f397952cb81e{ip: 192.168.34.53, host: pr-hdds-2107-sbngl-2106859965, networkLocation: /default-rack, certSerialId: null}, Type:RATIS, Factor:THREE, State:CLOSED] from datanode 28f29a4c-baf6-4c40-b523-744acc0a8c83{ip: 192.168.34.53, host: pr-hdds-2107-sbngl-2106859965, networkLocation: /default-rack, certSerialId: null}. Reason : 28f29a4c-baf6-4c40-b523-744acc0a8c83 has not seen follower/s c53771ff-a4da-40bc-be42-f397952cb81e for 145072ms cccfaecc-560c-4f58-9140-53bb7696e889 for 145075ms
2019-09-11 02:36:14,040 [EventQueue-PipelineActionsForPipelineActionHandler] INFO  pipeline.SCMPipelineManager (SCMPipelineManager.java:finalizeAndDestroyPipeline(311)) - destroying pipeline:Pipeline[ Id: a15d7450-8b65-4943-81d3-58963db0e9d1, Nodes: cccfaecc-560c-4f58-9140-53bb7696e889{ip: 192.168.34.53, host: pr-hdds-2107-sbngl-2106859965, networkLocation: /default-rack, certSerialId: null}28f29a4c-baf6-4c40-b523-744acc0a8c83{ip: 192.168.34.53, host: pr-hdds-2107-sbngl-2106859965, networkLocation: /default-rack, certSerialId: null}c53771ff-a4da-40bc-be42-f397952cb81e{ip: 192.168.34.53, host: pr-hdds-2107-sbngl-2106859965, networkLocation: /default-rack, certSerialId: null}, Type:RATIS, Factor:THREE, State:CLOSED]
2019-09-11 02:36:14,145 [java.util.concurrent.ThreadPoolExecutor$Worker@26c2ee04[State = -1, empty queue]] WARN  server.GrpcLogAppender (GrpcLogAppender.java:timeoutAppendRequest(200)) - 28f29a4c-baf6-4c40-b523-744acc0a8c83@group-58963DB0E9D1->cccfaecc-560c-4f58-9140-53bb7696e889-GrpcLogAppender: appendEntries Timeout, request=28f29a4c-baf6-4c40-b523-744acc0a8c83->cccfaecc-560c-4f58-9140-53bb7696e889#69-t1, previous=(t:1, i:12), leaderCommit=6, initializing? false, entries: <empty>
2019-09-11 02:36:14,148 [java.util.concurrent.ThreadPoolExecutor$Worker@8d44dde[State = -1, empty queue]] WARN  server.GrpcLogAppender (GrpcLogAppender.java:timeoutAppendRequest(200)) - 28f29a4c-baf6-4c40-b523-744acc0a8c83@group-58963DB0E9D1->c53771ff-a4da-40bc-be42-f397952cb81e-GrpcLogAppender: appendEntries Timeout, request=28f29a4c-baf6-4c40-b523-744acc0a8c83->c53771ff-a4da-40bc-be42-f397952cb81e#69-t1, previous=(t:1, i:12), leaderCommit=6, initializing? false, entries: <empty>
2019-09-11 02:36:15,698 [grpc-default-executor-1] INFO  client.GrpcClientProtocolClient (GrpcClientProtocolClient.java:onNext(264)) - client-253D1AE02840->cccfaecc-560c-4f58-9140-53bb7696e889: receive RaftClientReply:client-253D1AE02840->cccfaecc-560c-4f58-9140-53bb7696e889@group-58963DB0E9D1, cid=16, FAILED org.apache.ratis.protocol.NotLeaderException: Server cccfaecc-560c-4f58-9140-53bb7696e889@group-58963DB0E9D1 is not the leader 28f29a4c-baf6-4c40-b523-744acc0a8c83:192.168.34.53:35385, logIndex=0, commits[cccfaecc-560c-4f58-9140-53bb7696e889:c6, c53771ff-a4da-40bc-be42-f397952cb81e:c4, 28f29a4c-baf6-4c40-b523-744acc0a8c83:c6]
2019-09-11 02:36:16,147 [org.apache.ratis.server.impl.LogAppender$AppenderDaemon$$Lambda$515/1517268026@c643b86] ERROR ratis.XceiverServerRatis (XceiverServerRatis.java:triggerPipelineClose(568)) - pipeline Action CLOSE  on pipeline PipelineID=a15d7450-8b65-4943-81d3-58963db0e9d1.Reason : 28f29a4c-baf6-4c40-b523-744acc0a8c83 has not seen follower/s c53771ff-a4da-40bc-be42-f397952cb81e for 147572ms cccfaecc-560c-4f58-9140-53bb7696e889 for 147576ms
2019-09-11 02:36:16,149 [org.apache.ratis.server.impl.LogAppender$AppenderDaemon$$Lambda$515/1517268026@7b233a05] ERROR ratis.XceiverServerRatis (XceiverServerRatis.java:triggerPipelineClose(568)) - pipeline Action CLOSE  on pipeline PipelineID=a15d7450-8b65-4943-81d3-58963db0e9d1.Reason : 28f29a4c-baf6-4c40-b523-744acc0a8c83 has not seen follower/s c53771ff-a4da-40bc-be42-f397952cb81e for 147575ms cccfaecc-560c-4f58-9140-53bb7696e889 for 147578ms
2019-09-11 02:36:16,646 [java.util.concurrent.ThreadPoolExecutor$Worker@26c2ee04[State = -1, empty queue]] WARN  server.GrpcLogAppender (GrpcLogAppender.java:timeoutAppendRequest(200)) - 28f29a4c-baf6-4c40-b523-744acc0a8c83@group-58963DB0E9D1->cccfaecc-560c-4f58-9140-53bb7696e889-GrpcLogAppender: appendEntries Timeout, request=28f29a4c-baf6-4c40-b523-744acc0a8c83->cccfaecc-560c-4f58-9140-53bb7696e889#70-t1, previous=(t:1, i:12), leaderCommit=6, initializing? false, entries: <empty>
2019-09-11 02:36:16,648 [java.util.concurrent.ThreadPoolExecutor$Worker@8d44dde[State = -1, empty queue]] WARN  server.GrpcLogAppender (GrpcLogAppender.java:timeoutAppendRequest(200)) - 28f29a4c-baf6-4c40-b523-744acc0a8c83@group-58963DB0E9D1->c53771ff-a4da-40bc-be42-f397952cb81e-GrpcLogAppender: appendEntries Timeout, request=28f29a4c-baf6-4c40-b523-744acc0a8c83->c53771ff-a4da-40bc-be42-f397952cb81e#70-t1, previous=(t:1, i:12), leaderCommit=6, initializing? false, entries: <empty>
2019-09-11 02:36:17,043 [EventQueue-PipelineActionsForPipelineActionHandler] ERROR pipeline.PipelineActionHandler (PipelineActionHandler.java:onMessage(60)) - Received pipeline action CLOSE for Pipeline[ Id: a15d7450-8b65-4943-81d3-58963db0e9d1, Nodes: cccfaecc-560c-4f58-9140-53bb7696e889{ip: 192.168.34.53, host: pr-hdds-2107-sbngl-2106859965, networkLocation: /default-rack, certSerialId: null}28f29a4c-baf6-4c40-b523-744acc0a8c83{ip: 192.168.34.53, host: pr-hdds-2107-sbngl-2106859965, networkLocation: /default-rack, certSerialId: null}c53771ff-a4da-40bc-be42-f397952cb81e{ip: 192.168.34.53, host: pr-hdds-2107-sbngl-2106859965, networkLocation: /default-rack, certSerialId: null}, Type:RATIS, Factor:THREE, State:CLOSED] from datanode 28f29a4c-baf6-4c40-b523-744acc0a8c83{ip: 192.168.34.53, host: pr-hdds-2107-sbngl-2106859965, networkLocation: /default-rack, certSerialId: null}. Reason : 28f29a4c-baf6-4c40-b523-744acc0a8c83 has not seen follower/s c53771ff-a4da-40bc-be42-f397952cb81e for 147572ms cccfaecc-560c-4f58-9140-53bb7696e889 for 147576ms
2019-09-11 02:36:17,043 [EventQueue-PipelineActionsForPipelineActionHandler] INFO  pipeline.SCMPipelineManager (SCMPipelineManager.java:finalizeAndDestroyPipeline(311)) - destroying pipeline:Pipeline[ Id: a15d7450-8b65-4943-81d3-58963db0e9d1, Nodes: cccfaecc-560c-4f58-9140-53bb7696e889{ip: 192.168.34.53, host: pr-hdds-2107-sbngl-2106859965, networkLocation: /default-rack, certSerialId: null}28f29a4c-baf6-4c40-b523-744acc0a8c83{ip: 192.168.34.53, host: pr-hdds-2107-sbngl-2106859965, networkLocation: /default-rack, certSerialId: null}c53771ff-a4da-40bc-be42-f397952cb81e{ip: 192.168.34.53, host: pr-hdds-2107-sbngl-2106859965, networkLocation: /default-rack, certSerialId: null}, Type:RATIS, Factor:THREE, State:CLOSED]
2019-09-11 02:36:18,650 [org.apache.ratis.server.impl.LogAppender$AppenderDaemon$$Lambda$515/1517268026@c643b86] ERROR ratis.XceiverServerRatis (XceiverServerRatis.java:triggerPipelineClose(568)) - pipeline Action CLOSE  on pipeline PipelineID=a15d7450-8b65-4943-81d3-58963db0e9d1.Reason : 28f29a4c-baf6-4c40-b523-744acc0a8c83 has not seen follower/s c53771ff-a4da-40bc-be42-f397952cb81e for 150075ms cccfaecc-560c-4f58-9140-53bb7696e889 for 150078ms
2019-09-11 02:36:18,650 [org.apache.ratis.server.impl.LogAppender$AppenderDaemon$$Lambda$515/1517268026@7b233a05] ERROR ratis.XceiverServerRatis (XceiverServerRatis.java:triggerPipelineClose(568)) - pipeline Action CLOSE  on pipeline PipelineID=a15d7450-8b65-4943-81d3-58963db0e9d1.Reason : 28f29a4c-baf6-4c40-b523-744acc0a8c83 has not seen follower/s c53771ff-a4da-40bc-be42-f397952cb81e for 150076ms cccfaecc-560c-4f58-9140-53bb7696e889 for 150079ms
2019-09-11 02:36:19,048 [EventQueue-PipelineActionsForPipelineActionHandler] ERROR pipeline.PipelineActionHandler (PipelineActionHandler.java:onMessage(60)) - Received pipeline action CLOSE for Pipeline[ Id: a15d7450-8b65-4943-81d3-58963db0e9d1, Nodes: cccfaecc-560c-4f58-9140-53bb7696e889{ip: 192.168.34.53, host: pr-hdds-2107-sbngl-2106859965, networkLocation: /default-rack, certSerialId: null}28f29a4c-baf6-4c40-b523-744acc0a8c83{ip: 192.168.34.53, host: pr-hdds-2107-sbngl-2106859965, networkLocation: /default-rack, certSerialId: null}c53771ff-a4da-40bc-be42-f397952cb81e{ip: 192.168.34.53, host: pr-hdds-2107-sbngl-2106859965, networkLocation: /default-rack, certSerialId: null}, Type:RATIS, Factor:THREE, State:CLOSED] from datanode 28f29a4c-baf6-4c40-b523-744acc0a8c83{ip: 192.168.34.53, host: pr-hdds-2107-sbngl-2106859965, networkLocation: /default-rack, certSerialId: null}. Reason : 28f29a4c-baf6-4c40-b523-744acc0a8c83 has not seen follower/s c53771ff-a4da-40bc-be42-f397952cb81e for 150075ms cccfaecc-560c-4f58-9140-53bb7696e889 for 150078ms
2019-09-11 02:36:19,049 [EventQueue-PipelineActionsForPipelineActionHandler] INFO  pipeline.SCMPipelineManager (SCMPipelineManager.java:finalizeAndDestroyPipeline(311)) - destroying pipeline:Pipeline[ Id: a15d7450-8b65-4943-81d3-58963db0e9d1, Nodes: cccfaecc-560c-4f58-9140-53bb7696e889{ip: 192.168.34.53, host: pr-hdds-2107-sbngl-2106859965, networkLocation: /default-rack, certSerialId: null}28f29a4c-baf6-4c40-b523-744acc0a8c83{ip: 192.168.34.53, host: pr-hdds-2107-sbngl-2106859965, networkLocation: /default-rack, certSerialId: null}c53771ff-a4da-40bc-be42-f397952cb81e{ip: 192.168.34.53, host: pr-hdds-2107-sbngl-2106859965, networkLocation: /default-rack, certSerialId: null}, Type:RATIS, Factor:THREE, State:CLOSED]
2019-09-11 02:36:19,052 [cccfaecc-560c-4f58-9140-53bb7696e889@group-58963DB0E9D1-SegmentedRaftLogWorker] WARN  segmented.SegmentedRaftLogWorker (SegmentedRaftLogWorker.java:getFromFuture(90)) - Timeout 14/~
org.apache.ratis.protocol.TimeoutIOException: Timeout 10s: WriteLog:8: (t:1, i:8), STATEMACHINELOGENTRY, client-253D1AE02840, cid=17-writeStateMachineData
	at org.apache.ratis.util.IOUtils.getFromFuture(IOUtils.java:87)
	at org.apache.ratis.server.raftlog.segmented.SegmentedRaftLogWorker$StateMachineDataPolicy.getFromFuture(SegmentedRaftLogWorker.java:87)
	at org.apache.ratis.server.raftlog.segmented.SegmentedRaftLogWorker$WriteLog.execute(SegmentedRaftLogWorker.java:477)
	at org.apache.ratis.server.raftlog.segmented.SegmentedRaftLogWorker.run(SegmentedRaftLogWorker.java:289)
	at java.lang.Thread.run(Thread.java:748)
Caused by: java.util.concurrent.TimeoutException
	at java.util.concurrent.CompletableFuture.timedGet(CompletableFuture.java:1771)
	at java.util.concurrent.CompletableFuture.get(CompletableFuture.java:1915)
	at org.apache.ratis.util.IOUtils.getFromFuture(IOUtils.java:79)
	... 4 more
2019-09-11 02:36:19,076 [28f29a4c-baf6-4c40-b523-744acc0a8c83@group-58963DB0E9D1-SegmentedRaftLogWorker] WARN  segmented.SegmentedRaftLogWorker (SegmentedRaftLogWorker.java:getFromFuture(90)) - Timeout 14/~
org.apache.ratis.protocol.TimeoutIOException: Timeout 10s: WriteLog:8: (t:1, i:8), STATEMACHINELOGENTRY, client-253D1AE02840, cid=17-writeStateMachineData
	at org.apache.ratis.util.IOUtils.getFromFuture(IOUtils.java:87)
	at org.apache.ratis.server.raftlog.segmented.SegmentedRaftLogWorker$StateMachineDataPolicy.getFromFuture(SegmentedRaftLogWorker.java:87)
	at org.apache.ratis.server.raftlog.segmented.SegmentedRaftLogWorker$WriteLog.execute(SegmentedRaftLogWorker.java:477)
	at org.apache.ratis.server.raftlog.segmented.SegmentedRaftLogWorker.run(SegmentedRaftLogWorker.java:289)
	at java.lang.Thread.run(Thread.java:748)
Caused by: java.util.concurrent.TimeoutException
	at java.util.concurrent.CompletableFuture.timedGet(CompletableFuture.java:1771)
	at java.util.concurrent.CompletableFuture.get(CompletableFuture.java:1915)
	at org.apache.ratis.util.IOUtils.getFromFuture(IOUtils.java:79)
	... 4 more
2019-09-11 02:36:19,076 [c53771ff-a4da-40bc-be42-f397952cb81e@group-58963DB0E9D1-SegmentedRaftLogWorker] WARN  segmented.SegmentedRaftLogWorker (SegmentedRaftLogWorker.java:getFromFuture(90)) - Timeout 14/~
org.apache.ratis.protocol.TimeoutIOException: Timeout 10s: WriteLog:8: (t:1, i:8), STATEMACHINELOGENTRY, client-253D1AE02840, cid=17-writeStateMachineData
	at org.apache.ratis.util.IOUtils.getFromFuture(IOUtils.java:87)
	at org.apache.ratis.server.raftlog.segmented.SegmentedRaftLogWorker$StateMachineDataPolicy.getFromFuture(SegmentedRaftLogWorker.java:87)
	at org.apache.ratis.server.raftlog.segmented.SegmentedRaftLogWorker$WriteLog.execute(SegmentedRaftLogWorker.java:477)
	at org.apache.ratis.server.raftlog.segmented.SegmentedRaftLogWorker.run(SegmentedRaftLogWorker.java:289)
	at java.lang.Thread.run(Thread.java:748)
Caused by: java.util.concurrent.TimeoutException
	at java.util.concurrent.CompletableFuture.timedGet(CompletableFuture.java:1771)
	at java.util.concurrent.CompletableFuture.get(CompletableFuture.java:1915)
	at org.apache.ratis.util.IOUtils.getFromFuture(IOUtils.java:79)
	... 4 more
2019-09-11 02:36:19,147 [java.util.concurrent.ThreadPoolExecutor$Worker@26c2ee04[State = -1, empty queue]] WARN  server.GrpcLogAppender (GrpcLogAppender.java:timeoutAppendRequest(200)) - 28f29a4c-baf6-4c40-b523-744acc0a8c83@group-58963DB0E9D1->cccfaecc-560c-4f58-9140-53bb7696e889-GrpcLogAppender: appendEntries Timeout, request=28f29a4c-baf6-4c40-b523-744acc0a8c83->cccfaecc-560c-4f58-9140-53bb7696e889#71-t1, previous=(t:1, i:12), leaderCommit=6, initializing? false, entries: <empty>
2019-09-11 02:36:19,149 [java.util.concurrent.ThreadPoolExecutor$Worker@8d44dde[State = -1, empty queue]] WARN  server.GrpcLogAppender (GrpcLogAppender.java:timeoutAppendRequest(200)) - 28f29a4c-baf6-4c40-b523-744acc0a8c83@group-58963DB0E9D1->c53771ff-a4da-40bc-be42-f397952cb81e-GrpcLogAppender: appendEntries Timeout, request=28f29a4c-baf6-4c40-b523-744acc0a8c83->c53771ff-a4da-40bc-be42-f397952cb81e#71-t1, previous=(t:1, i:12), leaderCommit=6, initializing? false, entries: <empty>
2019-09-11 02:36:20,755 [grpc-default-executor-1] INFO  client.GrpcClientProtocolClient (GrpcClientProtocolClient.java:onNext(264)) - client-253D1AE02840->cccfaecc-560c-4f58-9140-53bb7696e889: receive RaftClientReply:client-253D1AE02840->cccfaecc-560c-4f58-9140-53bb7696e889@group-58963DB0E9D1, cid=16, FAILED org.apache.ratis.protocol.NotLeaderException: Server cccfaecc-560c-4f58-9140-53bb7696e889@group-58963DB0E9D1 is not the leader 28f29a4c-baf6-4c40-b523-744acc0a8c83:192.168.34.53:35385, logIndex=0, commits[cccfaecc-560c-4f58-9140-53bb7696e889:c6, c53771ff-a4da-40bc-be42-f397952cb81e:c4, 28f29a4c-baf6-4c40-b523-744acc0a8c83:c6]
2019-09-11 02:36:21,151 [org.apache.ratis.server.impl.LogAppender$AppenderDaemon$$Lambda$515/1517268026@c643b86] ERROR ratis.XceiverServerRatis (XceiverServerRatis.java:triggerPipelineClose(568)) - pipeline Action CLOSE  on pipeline PipelineID=a15d7450-8b65-4943-81d3-58963db0e9d1.Reason : 28f29a4c-baf6-4c40-b523-744acc0a8c83 has not seen follower/s c53771ff-a4da-40bc-be42-f397952cb81e for 152576ms cccfaecc-560c-4f58-9140-53bb7696e889 for 152579ms
2019-09-11 02:36:21,151 [org.apache.ratis.server.impl.LogAppender$AppenderDaemon$$Lambda$515/1517268026@7b233a05] ERROR ratis.XceiverServerRatis (XceiverServerRatis.java:triggerPipelineClose(568)) - pipeline Action CLOSE  on pipeline PipelineID=a15d7450-8b65-4943-81d3-58963db0e9d1.Reason : 28f29a4c-baf6-4c40-b523-744acc0a8c83 has not seen follower/s c53771ff-a4da-40bc-be42-f397952cb81e for 152577ms cccfaecc-560c-4f58-9140-53bb7696e889 for 152580ms
2019-09-11 02:36:21,649 [java.util.concurrent.ThreadPoolExecutor$Worker@26c2ee04[State = -1, empty queue]] WARN  server.GrpcLogAppender (GrpcLogAppender.java:timeoutAppendRequest(200)) - 28f29a4c-baf6-4c40-b523-744acc0a8c83@group-58963DB0E9D1->cccfaecc-560c-4f58-9140-53bb7696e889-GrpcLogAppender: appendEntries Timeout, request=28f29a4c-baf6-4c40-b523-744acc0a8c83->cccfaecc-560c-4f58-9140-53bb7696e889#72-t1, previous=(t:1, i:12), leaderCommit=6, initializing? false, entries: <empty>
2019-09-11 02:36:21,650 [java.util.concurrent.ThreadPoolExecutor$Worker@8d44dde[State = -1, empty queue]] WARN  server.GrpcLogAppender (GrpcLogAppender.java:timeoutAppendRequest(200)) - 28f29a4c-baf6-4c40-b523-744acc0a8c83@group-58963DB0E9D1->c53771ff-a4da-40bc-be42-f397952cb81e-GrpcLogAppender: appendEntries Timeout, request=28f29a4c-baf6-4c40-b523-744acc0a8c83->c53771ff-a4da-40bc-be42-f397952cb81e#72-t1, previous=(t:1, i:12), leaderCommit=6, initializing? false, entries: <empty>
2019-09-11 02:36:22,046 [EventQueue-PipelineActionsForPipelineActionHandler] ERROR pipeline.PipelineActionHandler (PipelineActionHandler.java:onMessage(60)) - Received pipeline action CLOSE for Pipeline[ Id: a15d7450-8b65-4943-81d3-58963db0e9d1, Nodes: cccfaecc-560c-4f58-9140-53bb7696e889{ip: 192.168.34.53, host: pr-hdds-2107-sbngl-2106859965, networkLocation: /default-rack, certSerialId: null}28f29a4c-baf6-4c40-b523-744acc0a8c83{ip: 192.168.34.53, host: pr-hdds-2107-sbngl-2106859965, networkLocation: /default-rack, certSerialId: null}c53771ff-a4da-40bc-be42-f397952cb81e{ip: 192.168.34.53, host: pr-hdds-2107-sbngl-2106859965, networkLocation: /default-rack, certSerialId: null}, Type:RATIS, Factor:THREE, State:CLOSED] from datanode 28f29a4c-baf6-4c40-b523-744acc0a8c83{ip: 192.168.34.53, host: pr-hdds-2107-sbngl-2106859965, networkLocation: /default-rack, certSerialId: null}. Reason : 28f29a4c-baf6-4c40-b523-744acc0a8c83 has not seen follower/s c53771ff-a4da-40bc-be42-f397952cb81e for 152576ms cccfaecc-560c-4f58-9140-53bb7696e889 for 152579ms
2019-09-11 02:36:22,047 [EventQueue-PipelineActionsForPipelineActionHandler] INFO  pipeline.SCMPipelineManager (SCMPipelineManager.java:finalizeAndDestroyPipeline(311)) - destroying pipeline:Pipeline[ Id: a15d7450-8b65-4943-81d3-58963db0e9d1, Nodes: cccfaecc-560c-4f58-9140-53bb7696e889{ip: 192.168.34.53, host: pr-hdds-2107-sbngl-2106859965, networkLocation: /default-rack, certSerialId: null}28f29a4c-baf6-4c40-b523-744acc0a8c83{ip: 192.168.34.53, host: pr-hdds-2107-sbngl-2106859965, networkLocation: /default-rack, certSerialId: null}c53771ff-a4da-40bc-be42-f397952cb81e{ip: 192.168.34.53, host: pr-hdds-2107-sbngl-2106859965, networkLocation: /default-rack, certSerialId: null}, Type:RATIS, Factor:THREE, State:CLOSED]
2019-09-11 02:36:23,651 [org.apache.ratis.server.impl.LogAppender$AppenderDaemon$$Lambda$515/1517268026@c643b86] ERROR ratis.XceiverServerRatis (XceiverServerRatis.java:triggerPipelineClose(568)) - pipeline Action CLOSE  on pipeline PipelineID=a15d7450-8b65-4943-81d3-58963db0e9d1.Reason : 28f29a4c-baf6-4c40-b523-744acc0a8c83 has not seen follower/s c53771ff-a4da-40bc-be42-f397952cb81e for 155077ms cccfaecc-560c-4f58-9140-53bb7696e889 for 155080ms
2019-09-11 02:36:23,652 [org.apache.ratis.server.impl.LogAppender$AppenderDaemon$$Lambda$515/1517268026@7b233a05] ERROR ratis.XceiverServerRatis (XceiverServerRatis.java:triggerPipelineClose(568)) - pipeline Action CLOSE  on pipeline PipelineID=a15d7450-8b65-4943-81d3-58963db0e9d1.Reason : 28f29a4c-baf6-4c40-b523-744acc0a8c83 has not seen follower/s c53771ff-a4da-40bc-be42-f397952cb81e for 155078ms cccfaecc-560c-4f58-9140-53bb7696e889 for 155081ms
2019-09-11 02:36:24,045 [EventQueue-PipelineActionsForPipelineActionHandler] ERROR pipeline.PipelineActionHandler (PipelineActionHandler.java:onMessage(60)) - Received pipeline action CLOSE for Pipeline[ Id: a15d7450-8b65-4943-81d3-58963db0e9d1, Nodes: cccfaecc-560c-4f58-9140-53bb7696e889{ip: 192.168.34.53, host: pr-hdds-2107-sbngl-2106859965, networkLocation: /default-rack, certSerialId: null}28f29a4c-baf6-4c40-b523-744acc0a8c83{ip: 192.168.34.53, host: pr-hdds-2107-sbngl-2106859965, networkLocation: /default-rack, certSerialId: null}c53771ff-a4da-40bc-be42-f397952cb81e{ip: 192.168.34.53, host: pr-hdds-2107-sbngl-2106859965, networkLocation: /default-rack, certSerialId: null}, Type:RATIS, Factor:THREE, State:CLOSED] from datanode 28f29a4c-baf6-4c40-b523-744acc0a8c83{ip: 192.168.34.53, host: pr-hdds-2107-sbngl-2106859965, networkLocation: /default-rack, certSerialId: null}. Reason : 28f29a4c-baf6-4c40-b523-744acc0a8c83 has not seen follower/s c53771ff-a4da-40bc-be42-f397952cb81e for 155077ms cccfaecc-560c-4f58-9140-53bb7696e889 for 155080ms
2019-09-11 02:36:24,045 [EventQueue-PipelineActionsForPipelineActionHandler] INFO  pipeline.SCMPipelineManager (SCMPipelineManager.java:finalizeAndDestroyPipeline(311)) - destroying pipeline:Pipeline[ Id: a15d7450-8b65-4943-81d3-58963db0e9d1, Nodes: cccfaecc-560c-4f58-9140-53bb7696e889{ip: 192.168.34.53, host: pr-hdds-2107-sbngl-2106859965, networkLocation: /default-rack, certSerialId: null}28f29a4c-baf6-4c40-b523-744acc0a8c83{ip: 192.168.34.53, host: pr-hdds-2107-sbngl-2106859965, networkLocation: /default-rack, certSerialId: null}c53771ff-a4da-40bc-be42-f397952cb81e{ip: 192.168.34.53, host: pr-hdds-2107-sbngl-2106859965, networkLocation: /default-rack, certSerialId: null}, Type:RATIS, Factor:THREE, State:CLOSED]
2019-09-11 02:36:24,150 [java.util.concurrent.ThreadPoolExecutor$Worker@26c2ee04[State = -1, empty queue]] WARN  server.GrpcLogAppender (GrpcLogAppender.java:timeoutAppendRequest(200)) - 28f29a4c-baf6-4c40-b523-744acc0a8c83@group-58963DB0E9D1->cccfaecc-560c-4f58-9140-53bb7696e889-GrpcLogAppender: appendEntries Timeout, request=28f29a4c-baf6-4c40-b523-744acc0a8c83->cccfaecc-560c-4f58-9140-53bb7696e889#73-t1, previous=(t:1, i:12), leaderCommit=6, initializing? false, entries: <empty>
2019-09-11 02:36:24,151 [java.util.concurrent.ThreadPoolExecutor$Worker@8d44dde[State = -1, empty queue]] WARN  server.GrpcLogAppender (GrpcLogAppender.java:timeoutAppendRequest(200)) - 28f29a4c-baf6-4c40-b523-744acc0a8c83@group-58963DB0E9D1->c53771ff-a4da-40bc-be42-f397952cb81e-GrpcLogAppender: appendEntries Timeout, request=28f29a4c-baf6-4c40-b523-744acc0a8c83->c53771ff-a4da-40bc-be42-f397952cb81e#73-t1, previous=(t:1, i:12), leaderCommit=6, initializing? false, entries: <empty>
2019-09-11 02:36:25,801 [grpc-default-executor-7] INFO  client.GrpcClientProtocolClient (GrpcClientProtocolClient.java:onNext(264)) - client-253D1AE02840->c53771ff-a4da-40bc-be42-f397952cb81e: receive RaftClientReply:client-253D1AE02840->c53771ff-a4da-40bc-be42-f397952cb81e@group-58963DB0E9D1, cid=16, FAILED org.apache.ratis.protocol.NotLeaderException: Server c53771ff-a4da-40bc-be42-f397952cb81e@group-58963DB0E9D1 is not the leader 28f29a4c-baf6-4c40-b523-744acc0a8c83:192.168.34.53:35385, logIndex=0, commits[c53771ff-a4da-40bc-be42-f397952cb81e:c6, cccfaecc-560c-4f58-9140-53bb7696e889:c4, 28f29a4c-baf6-4c40-b523-744acc0a8c83:c6]
2019-09-11 02:36:26,152 [org.apache.ratis.server.impl.LogAppender$AppenderDaemon$$Lambda$515/1517268026@c643b86] ERROR ratis.XceiverServerRatis (XceiverServerRatis.java:triggerPipelineClose(568)) - pipeline Action CLOSE  on pipeline PipelineID=a15d7450-8b65-4943-81d3-58963db0e9d1.Reason : 28f29a4c-baf6-4c40-b523-744acc0a8c83 has not seen follower/s c53771ff-a4da-40bc-be42-f397952cb81e for 157578ms cccfaecc-560c-4f58-9140-53bb7696e889 for 157581ms
2019-09-11 02:36:26,153 [org.apache.ratis.server.impl.LogAppender$AppenderDaemon$$Lambda$515/1517268026@7b233a05] ERROR ratis.XceiverServerRatis (XceiverServerRatis.java:triggerPipelineClose(568)) - pipeline Action CLOSE  on pipeline PipelineID=a15d7450-8b65-4943-81d3-58963db0e9d1.Reason : 28f29a4c-baf6-4c40-b523-744acc0a8c83 has not seen follower/s c53771ff-a4da-40bc-be42-f397952cb81e for 157579ms cccfaecc-560c-4f58-9140-53bb7696e889 for 157582ms
2019-09-11 02:36:26,651 [java.util.concurrent.ThreadPoolExecutor$Worker@26c2ee04[State = -1, empty queue]] WARN  server.GrpcLogAppender (GrpcLogAppender.java:timeoutAppendRequest(200)) - 28f29a4c-baf6-4c40-b523-744acc0a8c83@group-58963DB0E9D1->cccfaecc-560c-4f58-9140-53bb7696e889-GrpcLogAppender: appendEntries Timeout, request=28f29a4c-baf6-4c40-b523-744acc0a8c83->cccfaecc-560c-4f58-9140-53bb7696e889#74-t1, previous=(t:1, i:12), leaderCommit=6, initializing? false, entries: <empty>
2019-09-11 02:36:26,652 [java.util.concurrent.ThreadPoolExecutor$Worker@8d44dde[State = -1, empty queue]] WARN  server.GrpcLogAppender (GrpcLogAppender.java:timeoutAppendRequest(200)) - 28f29a4c-baf6-4c40-b523-744acc0a8c83@group-58963DB0E9D1->c53771ff-a4da-40bc-be42-f397952cb81e-GrpcLogAppender: appendEntries Timeout, request=28f29a4c-baf6-4c40-b523-744acc0a8c83->c53771ff-a4da-40bc-be42-f397952cb81e#74-t1, previous=(t:1, i:12), leaderCommit=6, initializing? false, entries: <empty>
2019-09-11 02:36:27,046 [EventQueue-PipelineActionsForPipelineActionHandler] ERROR pipeline.PipelineActionHandler (PipelineActionHandler.java:onMessage(60)) - Received pipeline action CLOSE for Pipeline[ Id: a15d7450-8b65-4943-81d3-58963db0e9d1, Nodes: cccfaecc-560c-4f58-9140-53bb7696e889{ip: 192.168.34.53, host: pr-hdds-2107-sbngl-2106859965, networkLocation: /default-rack, certSerialId: null}28f29a4c-baf6-4c40-b523-744acc0a8c83{ip: 192.168.34.53, host: pr-hdds-2107-sbngl-2106859965, networkLocation: /default-rack, certSerialId: null}c53771ff-a4da-40bc-be42-f397952cb81e{ip: 192.168.34.53, host: pr-hdds-2107-sbngl-2106859965, networkLocation: /default-rack, certSerialId: null}, Type:RATIS, Factor:THREE, State:CLOSED] from datanode 28f29a4c-baf6-4c40-b523-744acc0a8c83{ip: 192.168.34.53, host: pr-hdds-2107-sbngl-2106859965, networkLocation: /default-rack, certSerialId: null}. Reason : 28f29a4c-baf6-4c40-b523-744acc0a8c83 has not seen follower/s c53771ff-a4da-40bc-be42-f397952cb81e for 157578ms cccfaecc-560c-4f58-9140-53bb7696e889 for 157581ms
2019-09-11 02:36:27,046 [EventQueue-PipelineActionsForPipelineActionHandler] INFO  pipeline.SCMPipelineManager (SCMPipelineManager.java:finalizeAndDestroyPipeline(311)) - destroying pipeline:Pipeline[ Id: a15d7450-8b65-4943-81d3-58963db0e9d1, Nodes: cccfaecc-560c-4f58-9140-53bb7696e889{ip: 192.168.34.53, host: pr-hdds-2107-sbngl-2106859965, networkLocation: /default-rack, certSerialId: null}28f29a4c-baf6-4c40-b523-744acc0a8c83{ip: 192.168.34.53, host: pr-hdds-2107-sbngl-2106859965, networkLocation: /default-rack, certSerialId: null}c53771ff-a4da-40bc-be42-f397952cb81e{ip: 192.168.34.53, host: pr-hdds-2107-sbngl-2106859965, networkLocation: /default-rack, certSerialId: null}, Type:RATIS, Factor:THREE, State:CLOSED]
2019-09-11 02:36:28,653 [org.apache.ratis.server.impl.LogAppender$AppenderDaemon$$Lambda$515/1517268026@7b233a05] ERROR ratis.XceiverServerRatis (XceiverServerRatis.java:triggerPipelineClose(568)) - pipeline Action CLOSE  on pipeline PipelineID=a15d7450-8b65-4943-81d3-58963db0e9d1.Reason : 28f29a4c-baf6-4c40-b523-744acc0a8c83 has not seen follower/s c53771ff-a4da-40bc-be42-f397952cb81e for 160079ms cccfaecc-560c-4f58-9140-53bb7696e889 for 160082ms
2019-09-11 02:36:28,653 [org.apache.ratis.server.impl.LogAppender$AppenderDaemon$$Lambda$515/1517268026@c643b86] ERROR ratis.XceiverServerRatis (XceiverServerRatis.java:triggerPipelineClose(568)) - pipeline Action CLOSE  on pipeline PipelineID=a15d7450-8b65-4943-81d3-58963db0e9d1.Reason : 28f29a4c-baf6-4c40-b523-744acc0a8c83 has not seen follower/s c53771ff-a4da-40bc-be42-f397952cb81e for 160079ms cccfaecc-560c-4f58-9140-53bb7696e889 for 160082ms
2019-09-11 02:36:29,045 [EventQueue-PipelineActionsForPipelineActionHandler] ERROR pipeline.PipelineActionHandler (PipelineActionHandler.java:onMessage(60)) - Received pipeline action CLOSE for Pipeline[ Id: a15d7450-8b65-4943-81d3-58963db0e9d1, Nodes: cccfaecc-560c-4f58-9140-53bb7696e889{ip: 192.168.34.53, host: pr-hdds-2107-sbngl-2106859965, networkLocation: /default-rack, certSerialId: null}28f29a4c-baf6-4c40-b523-744acc0a8c83{ip: 192.168.34.53, host: pr-hdds-2107-sbngl-2106859965, networkLocation: /default-rack, certSerialId: null}c53771ff-a4da-40bc-be42-f397952cb81e{ip: 192.168.34.53, host: pr-hdds-2107-sbngl-2106859965, networkLocation: /default-rack, certSerialId: null}, Type:RATIS, Factor:THREE, State:CLOSED] from datanode 28f29a4c-baf6-4c40-b523-744acc0a8c83{ip: 192.168.34.53, host: pr-hdds-2107-sbngl-2106859965, networkLocation: /default-rack, certSerialId: null}. Reason : 28f29a4c-baf6-4c40-b523-744acc0a8c83 has not seen follower/s c53771ff-a4da-40bc-be42-f397952cb81e for 160079ms cccfaecc-560c-4f58-9140-53bb7696e889 for 160082ms
2019-09-11 02:36:29,046 [EventQueue-PipelineActionsForPipelineActionHandler] INFO  pipeline.SCMPipelineManager (SCMPipelineManager.java:finalizeAndDestroyPipeline(311)) - destroying pipeline:Pipeline[ Id: a15d7450-8b65-4943-81d3-58963db0e9d1, Nodes: cccfaecc-560c-4f58-9140-53bb7696e889{ip: 192.168.34.53, host: pr-hdds-2107-sbngl-2106859965, networkLocation: /default-rack, certSerialId: null}28f29a4c-baf6-4c40-b523-744acc0a8c83{ip: 192.168.34.53, host: pr-hdds-2107-sbngl-2106859965, networkLocation: /default-rack, certSerialId: null}c53771ff-a4da-40bc-be42-f397952cb81e{ip: 192.168.34.53, host: pr-hdds-2107-sbngl-2106859965, networkLocation: /default-rack, certSerialId: null}, Type:RATIS, Factor:THREE, State:CLOSED]
2019-09-11 02:36:29,053 [cccfaecc-560c-4f58-9140-53bb7696e889@group-58963DB0E9D1-SegmentedRaftLogWorker] WARN  segmented.SegmentedRaftLogWorker (SegmentedRaftLogWorker.java:getFromFuture(90)) - Timeout 15/~
org.apache.ratis.protocol.TimeoutIOException: Timeout 10s: WriteLog:8: (t:1, i:8), STATEMACHINELOGENTRY, client-253D1AE02840, cid=17-writeStateMachineData
	at org.apache.ratis.util.IOUtils.getFromFuture(IOUtils.java:87)
	at org.apache.ratis.server.raftlog.segmented.SegmentedRaftLogWorker$StateMachineDataPolicy.getFromFuture(SegmentedRaftLogWorker.java:87)
	at org.apache.ratis.server.raftlog.segmented.SegmentedRaftLogWorker$WriteLog.execute(SegmentedRaftLogWorker.java:477)
	at org.apache.ratis.server.raftlog.segmented.SegmentedRaftLogWorker.run(SegmentedRaftLogWorker.java:289)
	at java.lang.Thread.run(Thread.java:748)
Caused by: java.util.concurrent.TimeoutException
	at java.util.concurrent.CompletableFuture.timedGet(CompletableFuture.java:1771)
	at java.util.concurrent.CompletableFuture.get(CompletableFuture.java:1915)
	at org.apache.ratis.util.IOUtils.getFromFuture(IOUtils.java:79)
	... 4 more
2019-09-11 02:36:29,077 [28f29a4c-baf6-4c40-b523-744acc0a8c83@group-58963DB0E9D1-SegmentedRaftLogWorker] WARN  segmented.SegmentedRaftLogWorker (SegmentedRaftLogWorker.java:getFromFuture(90)) - Timeout 15/~
org.apache.ratis.protocol.TimeoutIOException: Timeout 10s: WriteLog:8: (t:1, i:8), STATEMACHINELOGENTRY, client-253D1AE02840, cid=17-writeStateMachineData
	at org.apache.ratis.util.IOUtils.getFromFuture(IOUtils.java:87)
	at org.apache.ratis.server.raftlog.segmented.SegmentedRaftLogWorker$StateMachineDataPolicy.getFromFuture(SegmentedRaftLogWorker.java:87)
	at org.apache.ratis.server.raftlog.segmented.SegmentedRaftLogWorker$WriteLog.execute(SegmentedRaftLogWorker.java:477)
	at org.apache.ratis.server.raftlog.segmented.SegmentedRaftLogWorker.run(SegmentedRaftLogWorker.java:289)
	at java.lang.Thread.run(Thread.java:748)
Caused by: java.util.concurrent.TimeoutException
	at java.util.concurrent.CompletableFuture.timedGet(CompletableFuture.java:1771)
	at java.util.concurrent.CompletableFuture.get(CompletableFuture.java:1915)
	at org.apache.ratis.util.IOUtils.getFromFuture(IOUtils.java:79)
	... 4 more
2019-09-11 02:36:29,077 [c53771ff-a4da-40bc-be42-f397952cb81e@group-58963DB0E9D1-SegmentedRaftLogWorker] WARN  segmented.SegmentedRaftLogWorker (SegmentedRaftLogWorker.java:getFromFuture(90)) - Timeout 15/~
org.apache.ratis.protocol.TimeoutIOException: Timeout 10s: WriteLog:8: (t:1, i:8), STATEMACHINELOGENTRY, client-253D1AE02840, cid=17-writeStateMachineData
	at org.apache.ratis.util.IOUtils.getFromFuture(IOUtils.java:87)
	at org.apache.ratis.server.raftlog.segmented.SegmentedRaftLogWorker$StateMachineDataPolicy.getFromFuture(SegmentedRaftLogWorker.java:87)
	at org.apache.ratis.server.raftlog.segmented.SegmentedRaftLogWorker$WriteLog.execute(SegmentedRaftLogWorker.java:477)
	at org.apache.ratis.server.raftlog.segmented.SegmentedRaftLogWorker.run(SegmentedRaftLogWorker.java:289)
	at java.lang.Thread.run(Thread.java:748)
Caused by: java.util.concurrent.TimeoutException
	at java.util.concurrent.CompletableFuture.timedGet(CompletableFuture.java:1771)
	at java.util.concurrent.CompletableFuture.get(CompletableFuture.java:1915)
	at org.apache.ratis.util.IOUtils.getFromFuture(IOUtils.java:79)
	... 4 more
2019-09-11 02:36:29,152 [java.util.concurrent.ThreadPoolExecutor$Worker@26c2ee04[State = -1, empty queue]] WARN  server.GrpcLogAppender (GrpcLogAppender.java:timeoutAppendRequest(200)) - 28f29a4c-baf6-4c40-b523-744acc0a8c83@group-58963DB0E9D1->cccfaecc-560c-4f58-9140-53bb7696e889-GrpcLogAppender: appendEntries Timeout, request=28f29a4c-baf6-4c40-b523-744acc0a8c83->cccfaecc-560c-4f58-9140-53bb7696e889#75-t1, previous=(t:1, i:12), leaderCommit=6, initializing? false, entries: <empty>
2019-09-11 02:36:29,153 [java.util.concurrent.ThreadPoolExecutor$Worker@8d44dde[State = -1, empty queue]] WARN  server.GrpcLogAppender (GrpcLogAppender.java:timeoutAppendRequest(200)) - 28f29a4c-baf6-4c40-b523-744acc0a8c83@group-58963DB0E9D1->c53771ff-a4da-40bc-be42-f397952cb81e-GrpcLogAppender: appendEntries Timeout, request=28f29a4c-baf6-4c40-b523-744acc0a8c83->c53771ff-a4da-40bc-be42-f397952cb81e#75-t1, previous=(t:1, i:12), leaderCommit=6, initializing? false, entries: <empty>
2019-09-11 02:36:30,865 [grpc-default-executor-7] INFO  client.GrpcClientProtocolClient (GrpcClientProtocolClient.java:onNext(264)) - client-253D1AE02840->c53771ff-a4da-40bc-be42-f397952cb81e: receive RaftClientReply:client-253D1AE02840->c53771ff-a4da-40bc-be42-f397952cb81e@group-58963DB0E9D1, cid=16, FAILED org.apache.ratis.protocol.NotLeaderException: Server c53771ff-a4da-40bc-be42-f397952cb81e@group-58963DB0E9D1 is not the leader 28f29a4c-baf6-4c40-b523-744acc0a8c83:192.168.34.53:35385, logIndex=0, commits[c53771ff-a4da-40bc-be42-f397952cb81e:c6, cccfaecc-560c-4f58-9140-53bb7696e889:c4, 28f29a4c-baf6-4c40-b523-744acc0a8c83:c6]
2019-09-11 02:36:31,155 [org.apache.ratis.server.impl.LogAppender$AppenderDaemon$$Lambda$515/1517268026@7b233a05] ERROR ratis.XceiverServerRatis (XceiverServerRatis.java:triggerPipelineClose(568)) - pipeline Action CLOSE  on pipeline PipelineID=a15d7450-8b65-4943-81d3-58963db0e9d1.Reason : 28f29a4c-baf6-4c40-b523-744acc0a8c83 has not seen follower/s c53771ff-a4da-40bc-be42-f397952cb81e for 162581ms cccfaecc-560c-4f58-9140-53bb7696e889 for 162584ms
2019-09-11 02:36:31,155 [org.apache.ratis.server.impl.LogAppender$AppenderDaemon$$Lambda$515/1517268026@c643b86] ERROR ratis.XceiverServerRatis (XceiverServerRatis.java:triggerPipelineClose(568)) - pipeline Action CLOSE  on pipeline PipelineID=a15d7450-8b65-4943-81d3-58963db0e9d1.Reason : 28f29a4c-baf6-4c40-b523-744acc0a8c83 has not seen follower/s c53771ff-a4da-40bc-be42-f397952cb81e for 162581ms cccfaecc-560c-4f58-9140-53bb7696e889 for 162584ms
2019-09-11 02:36:31,654 [java.util.concurrent.ThreadPoolExecutor$Worker@8d44dde[State = -1, empty queue]] WARN  server.GrpcLogAppender (GrpcLogAppender.java:timeoutAppendRequest(200)) - 28f29a4c-baf6-4c40-b523-744acc0a8c83@group-58963DB0E9D1->c53771ff-a4da-40bc-be42-f397952cb81e-GrpcLogAppender: appendEntries Timeout, request=28f29a4c-baf6-4c40-b523-744acc0a8c83->c53771ff-a4da-40bc-be42-f397952cb81e#76-t1, previous=(t:1, i:12), leaderCommit=6, initializing? false, entries: <empty>
2019-09-11 02:36:31,654 [java.util.concurrent.ThreadPoolExecutor$Worker@26c2ee04[State = -1, empty queue]] WARN  server.GrpcLogAppender (GrpcLogAppender.java:timeoutAppendRequest(200)) - 28f29a4c-baf6-4c40-b523-744acc0a8c83@group-58963DB0E9D1->cccfaecc-560c-4f58-9140-53bb7696e889-GrpcLogAppender: appendEntries Timeout, request=28f29a4c-baf6-4c40-b523-744acc0a8c83->cccfaecc-560c-4f58-9140-53bb7696e889#76-t1, previous=(t:1, i:12), leaderCommit=6, initializing? false, entries: <empty>
2019-09-11 02:36:32,047 [EventQueue-PipelineActionsForPipelineActionHandler] ERROR pipeline.PipelineActionHandler (PipelineActionHandler.java:onMessage(60)) - Received pipeline action CLOSE for Pipeline[ Id: a15d7450-8b65-4943-81d3-58963db0e9d1, Nodes: cccfaecc-560c-4f58-9140-53bb7696e889{ip: 192.168.34.53, host: pr-hdds-2107-sbngl-2106859965, networkLocation: /default-rack, certSerialId: null}28f29a4c-baf6-4c40-b523-744acc0a8c83{ip: 192.168.34.53, host: pr-hdds-2107-sbngl-2106859965, networkLocation: /default-rack, certSerialId: null}c53771ff-a4da-40bc-be42-f397952cb81e{ip: 192.168.34.53, host: pr-hdds-2107-sbngl-2106859965, networkLocation: /default-rack, certSerialId: null}, Type:RATIS, Factor:THREE, State:CLOSED] from datanode 28f29a4c-baf6-4c40-b523-744acc0a8c83{ip: 192.168.34.53, host: pr-hdds-2107-sbngl-2106859965, networkLocation: /default-rack, certSerialId: null}. Reason : 28f29a4c-baf6-4c40-b523-744acc0a8c83 has not seen follower/s c53771ff-a4da-40bc-be42-f397952cb81e for 162581ms cccfaecc-560c-4f58-9140-53bb7696e889 for 162584ms
2019-09-11 02:36:32,048 [EventQueue-PipelineActionsForPipelineActionHandler] INFO  pipeline.SCMPipelineManager (SCMPipelineManager.java:finalizeAndDestroyPipeline(311)) - destroying pipeline:Pipeline[ Id: a15d7450-8b65-4943-81d3-58963db0e9d1, Nodes: cccfaecc-560c-4f58-9140-53bb7696e889{ip: 192.168.34.53, host: pr-hdds-2107-sbngl-2106859965, networkLocation: /default-rack, certSerialId: null}28f29a4c-baf6-4c40-b523-744acc0a8c83{ip: 192.168.34.53, host: pr-hdds-2107-sbngl-2106859965, networkLocation: /default-rack, certSerialId: null}c53771ff-a4da-40bc-be42-f397952cb81e{ip: 192.168.34.53, host: pr-hdds-2107-sbngl-2106859965, networkLocation: /default-rack, certSerialId: null}, Type:RATIS, Factor:THREE, State:CLOSED]
2019-09-11 02:36:33,658 [org.apache.ratis.server.impl.LogAppender$AppenderDaemon$$Lambda$515/1517268026@7b233a05] ERROR ratis.XceiverServerRatis (XceiverServerRatis.java:triggerPipelineClose(568)) - pipeline Action CLOSE  on pipeline PipelineID=a15d7450-8b65-4943-81d3-58963db0e9d1.Reason : 28f29a4c-baf6-4c40-b523-744acc0a8c83 has not seen follower/s c53771ff-a4da-40bc-be42-f397952cb81e for 165083ms cccfaecc-560c-4f58-9140-53bb7696e889 for 165086ms
2019-09-11 02:36:33,658 [org.apache.ratis.server.impl.LogAppender$AppenderDaemon$$Lambda$515/1517268026@c643b86] ERROR ratis.XceiverServerRatis (XceiverServerRatis.java:triggerPipelineClose(568)) - pipeline Action CLOSE  on pipeline PipelineID=a15d7450-8b65-4943-81d3-58963db0e9d1.Reason : 28f29a4c-baf6-4c40-b523-744acc0a8c83 has not seen follower/s c53771ff-a4da-40bc-be42-f397952cb81e for 165083ms cccfaecc-560c-4f58-9140-53bb7696e889 for 165086ms
2019-09-11 02:36:34,047 [EventQueue-PipelineActionsForPipelineActionHandler] ERROR pipeline.PipelineActionHandler (PipelineActionHandler.java:onMessage(60)) - Received pipeline action CLOSE for Pipeline[ Id: a15d7450-8b65-4943-81d3-58963db0e9d1, Nodes: cccfaecc-560c-4f58-9140-53bb7696e889{ip: 192.168.34.53, host: pr-hdds-2107-sbngl-2106859965, networkLocation: /default-rack, certSerialId: null}28f29a4c-baf6-4c40-b523-744acc0a8c83{ip: 192.168.34.53, host: pr-hdds-2107-sbngl-2106859965, networkLocation: /default-rack, certSerialId: null}c53771ff-a4da-40bc-be42-f397952cb81e{ip: 192.168.34.53, host: pr-hdds-2107-sbngl-2106859965, networkLocation: /default-rack, certSerialId: null}, Type:RATIS, Factor:THREE, State:CLOSED] from datanode 28f29a4c-baf6-4c40-b523-744acc0a8c83{ip: 192.168.34.53, host: pr-hdds-2107-sbngl-2106859965, networkLocation: /default-rack, certSerialId: null}. Reason : 28f29a4c-baf6-4c40-b523-744acc0a8c83 has not seen follower/s c53771ff-a4da-40bc-be42-f397952cb81e for 165083ms cccfaecc-560c-4f58-9140-53bb7696e889 for 165086ms
2019-09-11 02:36:34,047 [EventQueue-PipelineActionsForPipelineActionHandler] INFO  pipeline.SCMPipelineManager (SCMPipelineManager.java:finalizeAndDestroyPipeline(311)) - destroying pipeline:Pipeline[ Id: a15d7450-8b65-4943-81d3-58963db0e9d1, Nodes: cccfaecc-560c-4f58-9140-53bb7696e889{ip: 192.168.34.53, host: pr-hdds-2107-sbngl-2106859965, networkLocation: /default-rack, certSerialId: null}28f29a4c-baf6-4c40-b523-744acc0a8c83{ip: 192.168.34.53, host: pr-hdds-2107-sbngl-2106859965, networkLocation: /default-rack, certSerialId: null}c53771ff-a4da-40bc-be42-f397952cb81e{ip: 192.168.34.53, host: pr-hdds-2107-sbngl-2106859965, networkLocation: /default-rack, certSerialId: null}, Type:RATIS, Factor:THREE, State:CLOSED]
2019-09-11 02:36:34,155 [java.util.concurrent.ThreadPoolExecutor$Worker@8d44dde[State = -1, empty queue]] WARN  server.GrpcLogAppender (GrpcLogAppender.java:timeoutAppendRequest(200)) - 28f29a4c-baf6-4c40-b523-744acc0a8c83@group-58963DB0E9D1->c53771ff-a4da-40bc-be42-f397952cb81e-GrpcLogAppender: appendEntries Timeout, request=28f29a4c-baf6-4c40-b523-744acc0a8c83->c53771ff-a4da-40bc-be42-f397952cb81e#77-t1, previous=(t:1, i:12), leaderCommit=6, initializing? false, entries: <empty>
2019-09-11 02:36:34,155 [java.util.concurrent.ThreadPoolExecutor$Worker@26c2ee04[State = -1, empty queue]] WARN  server.GrpcLogAppender (GrpcLogAppender.java:timeoutAppendRequest(200)) - 28f29a4c-baf6-4c40-b523-744acc0a8c83@group-58963DB0E9D1->cccfaecc-560c-4f58-9140-53bb7696e889-GrpcLogAppender: appendEntries Timeout, request=28f29a4c-baf6-4c40-b523-744acc0a8c83->cccfaecc-560c-4f58-9140-53bb7696e889#77-t1, previous=(t:1, i:12), leaderCommit=6, initializing? false, entries: <empty>
2019-09-11 02:36:35,935 [grpc-default-executor-7] INFO  client.GrpcClientProtocolClient (GrpcClientProtocolClient.java:onNext(264)) - client-253D1AE02840->cccfaecc-560c-4f58-9140-53bb7696e889: receive RaftClientReply:client-253D1AE02840->cccfaecc-560c-4f58-9140-53bb7696e889@group-58963DB0E9D1, cid=16, FAILED org.apache.ratis.protocol.NotLeaderException: Server cccfaecc-560c-4f58-9140-53bb7696e889@group-58963DB0E9D1 is not the leader 28f29a4c-baf6-4c40-b523-744acc0a8c83:192.168.34.53:35385, logIndex=0, commits[cccfaecc-560c-4f58-9140-53bb7696e889:c6, c53771ff-a4da-40bc-be42-f397952cb81e:c4, 28f29a4c-baf6-4c40-b523-744acc0a8c83:c6]
2019-09-11 02:36:36,159 [org.apache.ratis.server.impl.LogAppender$AppenderDaemon$$Lambda$515/1517268026@c643b86] ERROR ratis.XceiverServerRatis (XceiverServerRatis.java:triggerPipelineClose(568)) - pipeline Action CLOSE  on pipeline PipelineID=a15d7450-8b65-4943-81d3-58963db0e9d1.Reason : 28f29a4c-baf6-4c40-b523-744acc0a8c83 has not seen follower/s c53771ff-a4da-40bc-be42-f397952cb81e for 167585ms cccfaecc-560c-4f58-9140-53bb7696e889 for 167588ms
2019-09-11 02:36:36,159 [org.apache.ratis.server.impl.LogAppender$AppenderDaemon$$Lambda$515/1517268026@7b233a05] ERROR ratis.XceiverServerRatis (XceiverServerRatis.java:triggerPipelineClose(568)) - pipeline Action CLOSE  on pipeline PipelineID=a15d7450-8b65-4943-81d3-58963db0e9d1.Reason : 28f29a4c-baf6-4c40-b523-744acc0a8c83 has not seen follower/s c53771ff-a4da-40bc-be42-f397952cb81e for 167585ms cccfaecc-560c-4f58-9140-53bb7696e889 for 167588ms
2019-09-11 02:36:36,657 [java.util.concurrent.ThreadPoolExecutor$Worker@8d44dde[State = -1, empty queue]] WARN  server.GrpcLogAppender (GrpcLogAppender.java:timeoutAppendRequest(200)) - 28f29a4c-baf6-4c40-b523-744acc0a8c83@group-58963DB0E9D1->c53771ff-a4da-40bc-be42-f397952cb81e-GrpcLogAppender: appendEntries Timeout, request=28f29a4c-baf6-4c40-b523-744acc0a8c83->c53771ff-a4da-40bc-be42-f397952cb81e#78-t1, previous=(t:1, i:12), leaderCommit=6, initializing? false, entries: <empty>
2019-09-11 02:36:36,657 [java.util.concurrent.ThreadPoolExecutor$Worker@26c2ee04[State = -1, empty queue]] WARN  server.GrpcLogAppender (GrpcLogAppender.java:timeoutAppendRequest(200)) - 28f29a4c-baf6-4c40-b523-744acc0a8c83@group-58963DB0E9D1->cccfaecc-560c-4f58-9140-53bb7696e889-GrpcLogAppender: appendEntries Timeout, request=28f29a4c-baf6-4c40-b523-744acc0a8c83->cccfaecc-560c-4f58-9140-53bb7696e889#78-t1, previous=(t:1, i:12), leaderCommit=6, initializing? false, entries: <empty>
2019-09-11 02:36:37,046 [EventQueue-PipelineActionsForPipelineActionHandler] ERROR pipeline.PipelineActionHandler (PipelineActionHandler.java:onMessage(60)) - Received pipeline action CLOSE for Pipeline[ Id: a15d7450-8b65-4943-81d3-58963db0e9d1, Nodes: cccfaecc-560c-4f58-9140-53bb7696e889{ip: 192.168.34.53, host: pr-hdds-2107-sbngl-2106859965, networkLocation: /default-rack, certSerialId: null}28f29a4c-baf6-4c40-b523-744acc0a8c83{ip: 192.168.34.53, host: pr-hdds-2107-sbngl-2106859965, networkLocation: /default-rack, certSerialId: null}c53771ff-a4da-40bc-be42-f397952cb81e{ip: 192.168.34.53, host: pr-hdds-2107-sbngl-2106859965, networkLocation: /default-rack, certSerialId: null}, Type:RATIS, Factor:THREE, State:CLOSED] from datanode 28f29a4c-baf6-4c40-b523-744acc0a8c83{ip: 192.168.34.53, host: pr-hdds-2107-sbngl-2106859965, networkLocation: /default-rack, certSerialId: null}. Reason : 28f29a4c-baf6-4c40-b523-744acc0a8c83 has not seen follower/s c53771ff-a4da-40bc-be42-f397952cb81e for 167585ms cccfaecc-560c-4f58-9140-53bb7696e889 for 167588ms
2019-09-11 02:36:37,047 [EventQueue-PipelineActionsForPipelineActionHandler] INFO  pipeline.SCMPipelineManager (SCMPipelineManager.java:finalizeAndDestroyPipeline(311)) - destroying pipeline:Pipeline[ Id: a15d7450-8b65-4943-81d3-58963db0e9d1, Nodes: cccfaecc-560c-4f58-9140-53bb7696e889{ip: 192.168.34.53, host: pr-hdds-2107-sbngl-2106859965, networkLocation: /default-rack, certSerialId: null}28f29a4c-baf6-4c40-b523-744acc0a8c83{ip: 192.168.34.53, host: pr-hdds-2107-sbngl-2106859965, networkLocation: /default-rack, certSerialId: null}c53771ff-a4da-40bc-be42-f397952cb81e{ip: 192.168.34.53, host: pr-hdds-2107-sbngl-2106859965, networkLocation: /default-rack, certSerialId: null}, Type:RATIS, Factor:THREE, State:CLOSED]
2019-09-11 02:36:38,661 [org.apache.ratis.server.impl.LogAppender$AppenderDaemon$$Lambda$515/1517268026@7b233a05] ERROR ratis.XceiverServerRatis (XceiverServerRatis.java:triggerPipelineClose(568)) - pipeline Action CLOSE  on pipeline PipelineID=a15d7450-8b65-4943-81d3-58963db0e9d1.Reason : 28f29a4c-baf6-4c40-b523-744acc0a8c83 has not seen follower/s c53771ff-a4da-40bc-be42-f397952cb81e for 170086ms cccfaecc-560c-4f58-9140-53bb7696e889 for 170090ms
2019-09-11 02:36:38,661 [org.apache.ratis.server.impl.LogAppender$AppenderDaemon$$Lambda$515/1517268026@c643b86] ERROR ratis.XceiverServerRatis (XceiverServerRatis.java:triggerPipelineClose(568)) - pipeline Action CLOSE  on pipeline PipelineID=a15d7450-8b65-4943-81d3-58963db0e9d1.Reason : 28f29a4c-baf6-4c40-b523-744acc0a8c83 has not seen follower/s c53771ff-a4da-40bc-be42-f397952cb81e for 170086ms cccfaecc-560c-4f58-9140-53bb7696e889 for 170090ms
2019-09-11 02:36:39,049 [EventQueue-PipelineActionsForPipelineActionHandler] ERROR pipeline.PipelineActionHandler (PipelineActionHandler.java:onMessage(60)) - Received pipeline action CLOSE for Pipeline[ Id: a15d7450-8b65-4943-81d3-58963db0e9d1, Nodes: cccfaecc-560c-4f58-9140-53bb7696e889{ip: 192.168.34.53, host: pr-hdds-2107-sbngl-2106859965, networkLocation: /default-rack, certSerialId: null}28f29a4c-baf6-4c40-b523-744acc0a8c83{ip: 192.168.34.53, host: pr-hdds-2107-sbngl-2106859965, networkLocation: /default-rack, certSerialId: null}c53771ff-a4da-40bc-be42-f397952cb81e{ip: 192.168.34.53, host: pr-hdds-2107-sbngl-2106859965, networkLocation: /default-rack, certSerialId: null}, Type:RATIS, Factor:THREE, State:CLOSED] from datanode 28f29a4c-baf6-4c40-b523-744acc0a8c83{ip: 192.168.34.53, host: pr-hdds-2107-sbngl-2106859965, networkLocation: /default-rack, certSerialId: null}. Reason : 28f29a4c-baf6-4c40-b523-744acc0a8c83 has not seen follower/s c53771ff-a4da-40bc-be42-f397952cb81e for 170086ms cccfaecc-560c-4f58-9140-53bb7696e889 for 170090ms
2019-09-11 02:36:39,050 [EventQueue-PipelineActionsForPipelineActionHandler] INFO  pipeline.SCMPipelineManager (SCMPipelineManager.java:finalizeAndDestroyPipeline(311)) - destroying pipeline:Pipeline[ Id: a15d7450-8b65-4943-81d3-58963db0e9d1, Nodes: cccfaecc-560c-4f58-9140-53bb7696e889{ip: 192.168.34.53, host: pr-hdds-2107-sbngl-2106859965, networkLocation: /default-rack, certSerialId: null}28f29a4c-baf6-4c40-b523-744acc0a8c83{ip: 192.168.34.53, host: pr-hdds-2107-sbngl-2106859965, networkLocation: /default-rack, certSerialId: null}c53771ff-a4da-40bc-be42-f397952cb81e{ip: 192.168.34.53, host: pr-hdds-2107-sbngl-2106859965, networkLocation: /default-rack, certSerialId: null}, Type:RATIS, Factor:THREE, State:CLOSED]
2019-09-11 02:36:39,054 [cccfaecc-560c-4f58-9140-53bb7696e889@group-58963DB0E9D1-SegmentedRaftLogWorker] WARN  segmented.SegmentedRaftLogWorker (SegmentedRaftLogWorker.java:getFromFuture(90)) - Timeout 16/~
org.apache.ratis.protocol.TimeoutIOException: Timeout 10s: WriteLog:8: (t:1, i:8), STATEMACHINELOGENTRY, client-253D1AE02840, cid=17-writeStateMachineData
	at org.apache.ratis.util.IOUtils.getFromFuture(IOUtils.java:87)
	at org.apache.ratis.server.raftlog.segmented.SegmentedRaftLogWorker$StateMachineDataPolicy.getFromFuture(SegmentedRaftLogWorker.java:87)
	at org.apache.ratis.server.raftlog.segmented.SegmentedRaftLogWorker$WriteLog.execute(SegmentedRaftLogWorker.java:477)
	at org.apache.ratis.server.raftlog.segmented.SegmentedRaftLogWorker.run(SegmentedRaftLogWorker.java:289)
	at java.lang.Thread.run(Thread.java:748)
Caused by: java.util.concurrent.TimeoutException
	at java.util.concurrent.CompletableFuture.timedGet(CompletableFuture.java:1771)
	at java.util.concurrent.CompletableFuture.get(CompletableFuture.java:1915)
	at org.apache.ratis.util.IOUtils.getFromFuture(IOUtils.java:79)
	... 4 more
2019-09-11 02:36:39,098 [28f29a4c-baf6-4c40-b523-744acc0a8c83@group-58963DB0E9D1-SegmentedRaftLogWorker] WARN  segmented.SegmentedRaftLogWorker (SegmentedRaftLogWorker.java:getFromFuture(90)) - Timeout 16/~
org.apache.ratis.protocol.TimeoutIOException: Timeout 10s: WriteLog:8: (t:1, i:8), STATEMACHINELOGENTRY, client-253D1AE02840, cid=17-writeStateMachineData
	at org.apache.ratis.util.IOUtils.getFromFuture(IOUtils.java:87)
	at org.apache.ratis.server.raftlog.segmented.SegmentedRaftLogWorker$StateMachineDataPolicy.getFromFuture(SegmentedRaftLogWorker.java:87)
	at org.apache.ratis.server.raftlog.segmented.SegmentedRaftLogWorker$WriteLog.execute(SegmentedRaftLogWorker.java:477)
	at org.apache.ratis.server.raftlog.segmented.SegmentedRaftLogWorker.run(SegmentedRaftLogWorker.java:289)
	at java.lang.Thread.run(Thread.java:748)
Caused by: java.util.concurrent.TimeoutException
	at java.util.concurrent.CompletableFuture.timedGet(CompletableFuture.java:1771)
	at java.util.concurrent.CompletableFuture.get(CompletableFuture.java:1915)
	at org.apache.ratis.util.IOUtils.getFromFuture(IOUtils.java:79)
	... 4 more
2019-09-11 02:36:39,099 [c53771ff-a4da-40bc-be42-f397952cb81e@group-58963DB0E9D1-SegmentedRaftLogWorker] WARN  segmented.SegmentedRaftLogWorker (SegmentedRaftLogWorker.java:getFromFuture(90)) - Timeout 16/~
org.apache.ratis.protocol.TimeoutIOException: Timeout 10s: WriteLog:8: (t:1, i:8), STATEMACHINELOGENTRY, client-253D1AE02840, cid=17-writeStateMachineData
	at org.apache.ratis.util.IOUtils.getFromFuture(IOUtils.java:87)
	at org.apache.ratis.server.raftlog.segmented.SegmentedRaftLogWorker$StateMachineDataPolicy.getFromFuture(SegmentedRaftLogWorker.java:87)
	at org.apache.ratis.server.raftlog.segmented.SegmentedRaftLogWorker$WriteLog.execute(SegmentedRaftLogWorker.java:477)
	at org.apache.ratis.server.raftlog.segmented.SegmentedRaftLogWorker.run(SegmentedRaftLogWorker.java:289)
	at java.lang.Thread.run(Thread.java:748)
Caused by: java.util.concurrent.TimeoutException
	at java.util.concurrent.CompletableFuture.timedGet(CompletableFuture.java:1771)
	at java.util.concurrent.CompletableFuture.get(CompletableFuture.java:1915)
	at org.apache.ratis.util.IOUtils.getFromFuture(IOUtils.java:79)
	... 4 more
2019-09-11 02:36:39,159 [java.util.concurrent.ThreadPoolExecutor$Worker@8d44dde[State = -1, empty queue]] WARN  server.GrpcLogAppender (GrpcLogAppender.java:timeoutAppendRequest(200)) - 28f29a4c-baf6-4c40-b523-744acc0a8c83@group-58963DB0E9D1->c53771ff-a4da-40bc-be42-f397952cb81e-GrpcLogAppender: appendEntries Timeout, request=28f29a4c-baf6-4c40-b523-744acc0a8c83->c53771ff-a4da-40bc-be42-f397952cb81e#79-t1, previous=(t:1, i:12), leaderCommit=6, initializing? false, entries: <empty>
2019-09-11 02:36:39,159 [java.util.concurrent.ThreadPoolExecutor$Worker@26c2ee04[State = -1, empty queue]] WARN  server.GrpcLogAppender (GrpcLogAppender.java:timeoutAppendRequest(200)) - 28f29a4c-baf6-4c40-b523-744acc0a8c83@group-58963DB0E9D1->cccfaecc-560c-4f58-9140-53bb7696e889-GrpcLogAppender: appendEntries Timeout, request=28f29a4c-baf6-4c40-b523-744acc0a8c83->cccfaecc-560c-4f58-9140-53bb7696e889#79-t1, previous=(t:1, i:12), leaderCommit=6, initializing? false, entries: <empty>
2019-09-11 02:36:40,997 [grpc-default-executor-1] INFO  client.GrpcClientProtocolClient (GrpcClientProtocolClient.java:onNext(264)) - client-253D1AE02840->cccfaecc-560c-4f58-9140-53bb7696e889: receive RaftClientReply:client-253D1AE02840->cccfaecc-560c-4f58-9140-53bb7696e889@group-58963DB0E9D1, cid=16, FAILED org.apache.ratis.protocol.NotLeaderException: Server cccfaecc-560c-4f58-9140-53bb7696e889@group-58963DB0E9D1 is not the leader 28f29a4c-baf6-4c40-b523-744acc0a8c83:192.168.34.53:35385, logIndex=0, commits[cccfaecc-560c-4f58-9140-53bb7696e889:c6, c53771ff-a4da-40bc-be42-f397952cb81e:c4, 28f29a4c-baf6-4c40-b523-744acc0a8c83:c6]
2019-09-11 02:36:41,161 [org.apache.ratis.server.impl.LogAppender$AppenderDaemon$$Lambda$515/1517268026@c643b86] ERROR ratis.XceiverServerRatis (XceiverServerRatis.java:triggerPipelineClose(568)) - pipeline Action CLOSE  on pipeline PipelineID=a15d7450-8b65-4943-81d3-58963db0e9d1.Reason : 28f29a4c-baf6-4c40-b523-744acc0a8c83 has not seen follower/s c53771ff-a4da-40bc-be42-f397952cb81e for 172587ms cccfaecc-560c-4f58-9140-53bb7696e889 for 172590ms
2019-09-11 02:36:41,162 [org.apache.ratis.server.impl.LogAppender$AppenderDaemon$$Lambda$515/1517268026@7b233a05] ERROR ratis.XceiverServerRatis (XceiverServerRatis.java:triggerPipelineClose(568)) - pipeline Action CLOSE  on pipeline PipelineID=a15d7450-8b65-4943-81d3-58963db0e9d1.Reason : 28f29a4c-baf6-4c40-b523-744acc0a8c83 has not seen follower/s c53771ff-a4da-40bc-be42-f397952cb81e for 172587ms cccfaecc-560c-4f58-9140-53bb7696e889 for 172590ms
2019-09-11 02:36:41,660 [java.util.concurrent.ThreadPoolExecutor$Worker@26c2ee04[State = -1, empty queue]] WARN  server.GrpcLogAppender (GrpcLogAppender.java:timeoutAppendRequest(200)) - 28f29a4c-baf6-4c40-b523-744acc0a8c83@group-58963DB0E9D1->cccfaecc-560c-4f58-9140-53bb7696e889-GrpcLogAppender: appendEntries Timeout, request=28f29a4c-baf6-4c40-b523-744acc0a8c83->cccfaecc-560c-4f58-9140-53bb7696e889#80-t1, previous=(t:1, i:12), leaderCommit=6, initializing? false, entries: <empty>
2019-09-11 02:36:41,660 [java.util.concurrent.ThreadPoolExecutor$Worker@8d44dde[State = -1, empty queue]] WARN  server.GrpcLogAppender (GrpcLogAppender.java:timeoutAppendRequest(200)) - 28f29a4c-baf6-4c40-b523-744acc0a8c83@group-58963DB0E9D1->c53771ff-a4da-40bc-be42-f397952cb81e-GrpcLogAppender: appendEntries Timeout, request=28f29a4c-baf6-4c40-b523-744acc0a8c83->c53771ff-a4da-40bc-be42-f397952cb81e#80-t1, previous=(t:1, i:12), leaderCommit=6, initializing? false, entries: <empty>
2019-09-11 02:36:42,047 [EventQueue-PipelineActionsForPipelineActionHandler] ERROR pipeline.PipelineActionHandler (PipelineActionHandler.java:onMessage(60)) - Received pipeline action CLOSE for Pipeline[ Id: a15d7450-8b65-4943-81d3-58963db0e9d1, Nodes: cccfaecc-560c-4f58-9140-53bb7696e889{ip: 192.168.34.53, host: pr-hdds-2107-sbngl-2106859965, networkLocation: /default-rack, certSerialId: null}28f29a4c-baf6-4c40-b523-744acc0a8c83{ip: 192.168.34.53, host: pr-hdds-2107-sbngl-2106859965, networkLocation: /default-rack, certSerialId: null}c53771ff-a4da-40bc-be42-f397952cb81e{ip: 192.168.34.53, host: pr-hdds-2107-sbngl-2106859965, networkLocation: /default-rack, certSerialId: null}, Type:RATIS, Factor:THREE, State:CLOSED] from datanode 28f29a4c-baf6-4c40-b523-744acc0a8c83{ip: 192.168.34.53, host: pr-hdds-2107-sbngl-2106859965, networkLocation: /default-rack, certSerialId: null}. Reason : 28f29a4c-baf6-4c40-b523-744acc0a8c83 has not seen follower/s c53771ff-a4da-40bc-be42-f397952cb81e for 172587ms cccfaecc-560c-4f58-9140-53bb7696e889 for 172590ms
2019-09-11 02:36:42,047 [EventQueue-PipelineActionsForPipelineActionHandler] INFO  pipeline.SCMPipelineManager (SCMPipelineManager.java:finalizeAndDestroyPipeline(311)) - destroying pipeline:Pipeline[ Id: a15d7450-8b65-4943-81d3-58963db0e9d1, Nodes: cccfaecc-560c-4f58-9140-53bb7696e889{ip: 192.168.34.53, host: pr-hdds-2107-sbngl-2106859965, networkLocation: /default-rack, certSerialId: null}28f29a4c-baf6-4c40-b523-744acc0a8c83{ip: 192.168.34.53, host: pr-hdds-2107-sbngl-2106859965, networkLocation: /default-rack, certSerialId: null}c53771ff-a4da-40bc-be42-f397952cb81e{ip: 192.168.34.53, host: pr-hdds-2107-sbngl-2106859965, networkLocation: /default-rack, certSerialId: null}, Type:RATIS, Factor:THREE, State:CLOSED]
2019-09-11 02:36:43,663 [org.apache.ratis.server.impl.LogAppender$AppenderDaemon$$Lambda$515/1517268026@c643b86] ERROR ratis.XceiverServerRatis (XceiverServerRatis.java:triggerPipelineClose(568)) - pipeline Action CLOSE  on pipeline PipelineID=a15d7450-8b65-4943-81d3-58963db0e9d1.Reason : 28f29a4c-baf6-4c40-b523-744acc0a8c83 has not seen follower/s c53771ff-a4da-40bc-be42-f397952cb81e for 175089ms cccfaecc-560c-4f58-9140-53bb7696e889 for 175092ms
2019-09-11 02:36:43,663 [org.apache.ratis.server.impl.LogAppender$AppenderDaemon$$Lambda$515/1517268026@7b233a05] ERROR ratis.XceiverServerRatis (XceiverServerRatis.java:triggerPipelineClose(568)) - pipeline Action CLOSE  on pipeline PipelineID=a15d7450-8b65-4943-81d3-58963db0e9d1.Reason : 28f29a4c-baf6-4c40-b523-744acc0a8c83 has not seen follower/s c53771ff-a4da-40bc-be42-f397952cb81e for 175089ms cccfaecc-560c-4f58-9140-53bb7696e889 for 175092ms
2019-09-11 02:36:44,047 [EventQueue-PipelineActionsForPipelineActionHandler] ERROR pipeline.PipelineActionHandler (PipelineActionHandler.java:onMessage(60)) - Received pipeline action CLOSE for Pipeline[ Id: a15d7450-8b65-4943-81d3-58963db0e9d1, Nodes: cccfaecc-560c-4f58-9140-53bb7696e889{ip: 192.168.34.53, host: pr-hdds-2107-sbngl-2106859965, networkLocation: /default-rack, certSerialId: null}28f29a4c-baf6-4c40-b523-744acc0a8c83{ip: 192.168.34.53, host: pr-hdds-2107-sbngl-2106859965, networkLocation: /default-rack, certSerialId: null}c53771ff-a4da-40bc-be42-f397952cb81e{ip: 192.168.34.53, host: pr-hdds-2107-sbngl-2106859965, networkLocation: /default-rack, certSerialId: null}, Type:RATIS, Factor:THREE, State:CLOSED] from datanode 28f29a4c-baf6-4c40-b523-744acc0a8c83{ip: 192.168.34.53, host: pr-hdds-2107-sbngl-2106859965, networkLocation: /default-rack, certSerialId: null}. Reason : 28f29a4c-baf6-4c40-b523-744acc0a8c83 has not seen follower/s c53771ff-a4da-40bc-be42-f397952cb81e for 175089ms cccfaecc-560c-4f58-9140-53bb7696e889 for 175092ms
2019-09-11 02:36:44,048 [EventQueue-PipelineActionsForPipelineActionHandler] INFO  pipeline.SCMPipelineManager (SCMPipelineManager.java:finalizeAndDestroyPipeline(311)) - destroying pipeline:Pipeline[ Id: a15d7450-8b65-4943-81d3-58963db0e9d1, Nodes: cccfaecc-560c-4f58-9140-53bb7696e889{ip: 192.168.34.53, host: pr-hdds-2107-sbngl-2106859965, networkLocation: /default-rack, certSerialId: null}28f29a4c-baf6-4c40-b523-744acc0a8c83{ip: 192.168.34.53, host: pr-hdds-2107-sbngl-2106859965, networkLocation: /default-rack, certSerialId: null}c53771ff-a4da-40bc-be42-f397952cb81e{ip: 192.168.34.53, host: pr-hdds-2107-sbngl-2106859965, networkLocation: /default-rack, certSerialId: null}, Type:RATIS, Factor:THREE, State:CLOSED]
2019-09-11 02:36:44,161 [java.util.concurrent.ThreadPoolExecutor$Worker@26c2ee04[State = -1, empty queue]] WARN  server.GrpcLogAppender (GrpcLogAppender.java:timeoutAppendRequest(200)) - 28f29a4c-baf6-4c40-b523-744acc0a8c83@group-58963DB0E9D1->cccfaecc-560c-4f58-9140-53bb7696e889-GrpcLogAppender: appendEntries Timeout, request=28f29a4c-baf6-4c40-b523-744acc0a8c83->cccfaecc-560c-4f58-9140-53bb7696e889#81-t1, previous=(t:1, i:12), leaderCommit=6, initializing? false, entries: <empty>
2019-09-11 02:36:44,162 [java.util.concurrent.ThreadPoolExecutor$Worker@8d44dde[State = -1, empty queue]] WARN  server.GrpcLogAppender (GrpcLogAppender.java:timeoutAppendRequest(200)) - 28f29a4c-baf6-4c40-b523-744acc0a8c83@group-58963DB0E9D1->c53771ff-a4da-40bc-be42-f397952cb81e-GrpcLogAppender: appendEntries Timeout, request=28f29a4c-baf6-4c40-b523-744acc0a8c83->c53771ff-a4da-40bc-be42-f397952cb81e#81-t1, previous=(t:1, i:12), leaderCommit=6, initializing? false, entries: <empty>
2019-09-11 02:36:46,068 [grpc-default-executor-1] INFO  client.GrpcClientProtocolClient (GrpcClientProtocolClient.java:onNext(264)) - client-253D1AE02840->c53771ff-a4da-40bc-be42-f397952cb81e: receive RaftClientReply:client-253D1AE02840->c53771ff-a4da-40bc-be42-f397952cb81e@group-58963DB0E9D1, cid=16, FAILED org.apache.ratis.protocol.NotLeaderException: Server c53771ff-a4da-40bc-be42-f397952cb81e@group-58963DB0E9D1 is not the leader 28f29a4c-baf6-4c40-b523-744acc0a8c83:192.168.34.53:35385, logIndex=0, commits[c53771ff-a4da-40bc-be42-f397952cb81e:c6, cccfaecc-560c-4f58-9140-53bb7696e889:c4, 28f29a4c-baf6-4c40-b523-744acc0a8c83:c6]
2019-09-11 02:36:46,164 [org.apache.ratis.server.impl.LogAppender$AppenderDaemon$$Lambda$515/1517268026@7b233a05] ERROR ratis.XceiverServerRatis (XceiverServerRatis.java:triggerPipelineClose(568)) - pipeline Action CLOSE  on pipeline PipelineID=a15d7450-8b65-4943-81d3-58963db0e9d1.Reason : 28f29a4c-baf6-4c40-b523-744acc0a8c83 has not seen follower/s c53771ff-a4da-40bc-be42-f397952cb81e for 177590ms cccfaecc-560c-4f58-9140-53bb7696e889 for 177593ms
2019-09-11 02:36:46,164 [org.apache.ratis.server.impl.LogAppender$AppenderDaemon$$Lambda$515/1517268026@c643b86] ERROR ratis.XceiverServerRatis (XceiverServerRatis.java:triggerPipelineClose(568)) - pipeline Action CLOSE  on pipeline PipelineID=a15d7450-8b65-4943-81d3-58963db0e9d1.Reason : 28f29a4c-baf6-4c40-b523-744acc0a8c83 has not seen follower/s c53771ff-a4da-40bc-be42-f397952cb81e for 177590ms cccfaecc-560c-4f58-9140-53bb7696e889 for 177593ms
2019-09-11 02:36:46,663 [java.util.concurrent.ThreadPoolExecutor$Worker@8d44dde[State = -1, empty queue]] WARN  server.GrpcLogAppender (GrpcLogAppender.java:timeoutAppendRequest(200)) - 28f29a4c-baf6-4c40-b523-744acc0a8c83@group-58963DB0E9D1->c53771ff-a4da-40bc-be42-f397952cb81e-GrpcLogAppender: appendEntries Timeout, request=28f29a4c-baf6-4c40-b523-744acc0a8c83->c53771ff-a4da-40bc-be42-f397952cb81e#82-t1, previous=(t:1, i:12), leaderCommit=6, initializing? false, entries: <empty>
2019-09-11 02:36:46,663 [java.util.concurrent.ThreadPoolExecutor$Worker@26c2ee04[State = -1, empty queue]] WARN  server.GrpcLogAppender (GrpcLogAppender.java:timeoutAppendRequest(200)) - 28f29a4c-baf6-4c40-b523-744acc0a8c83@group-58963DB0E9D1->cccfaecc-560c-4f58-9140-53bb7696e889-GrpcLogAppender: appendEntries Timeout, request=28f29a4c-baf6-4c40-b523-744acc0a8c83->cccfaecc-560c-4f58-9140-53bb7696e889#82-t1, previous=(t:1, i:12), leaderCommit=6, initializing? false, entries: <empty>
2019-09-11 02:36:47,049 [EventQueue-PipelineActionsForPipelineActionHandler] ERROR pipeline.PipelineActionHandler (PipelineActionHandler.java:onMessage(60)) - Received pipeline action CLOSE for Pipeline[ Id: a15d7450-8b65-4943-81d3-58963db0e9d1, Nodes: cccfaecc-560c-4f58-9140-53bb7696e889{ip: 192.168.34.53, host: pr-hdds-2107-sbngl-2106859965, networkLocation: /default-rack, certSerialId: null}28f29a4c-baf6-4c40-b523-744acc0a8c83{ip: 192.168.34.53, host: pr-hdds-2107-sbngl-2106859965, networkLocation: /default-rack, certSerialId: null}c53771ff-a4da-40bc-be42-f397952cb81e{ip: 192.168.34.53, host: pr-hdds-2107-sbngl-2106859965, networkLocation: /default-rack, certSerialId: null}, Type:RATIS, Factor:THREE, State:CLOSED] from datanode 28f29a4c-baf6-4c40-b523-744acc0a8c83{ip: 192.168.34.53, host: pr-hdds-2107-sbngl-2106859965, networkLocation: /default-rack, certSerialId: null}. Reason : 28f29a4c-baf6-4c40-b523-744acc0a8c83 has not seen follower/s c53771ff-a4da-40bc-be42-f397952cb81e for 177590ms cccfaecc-560c-4f58-9140-53bb7696e889 for 177593ms
2019-09-11 02:36:47,049 [EventQueue-PipelineActionsForPipelineActionHandler] INFO  pipeline.SCMPipelineManager (SCMPipelineManager.java:finalizeAndDestroyPipeline(311)) - destroying pipeline:Pipeline[ Id: a15d7450-8b65-4943-81d3-58963db0e9d1, Nodes: cccfaecc-560c-4f58-9140-53bb7696e889{ip: 192.168.34.53, host: pr-hdds-2107-sbngl-2106859965, networkLocation: /default-rack, certSerialId: null}28f29a4c-baf6-4c40-b523-744acc0a8c83{ip: 192.168.34.53, host: pr-hdds-2107-sbngl-2106859965, networkLocation: /default-rack, certSerialId: null}c53771ff-a4da-40bc-be42-f397952cb81e{ip: 192.168.34.53, host: pr-hdds-2107-sbngl-2106859965, networkLocation: /default-rack, certSerialId: null}, Type:RATIS, Factor:THREE, State:CLOSED]
2019-09-11 02:36:48,666 [org.apache.ratis.server.impl.LogAppender$AppenderDaemon$$Lambda$515/1517268026@c643b86] ERROR ratis.XceiverServerRatis (XceiverServerRatis.java:triggerPipelineClose(568)) - pipeline Action CLOSE  on pipeline PipelineID=a15d7450-8b65-4943-81d3-58963db0e9d1.Reason : 28f29a4c-baf6-4c40-b523-744acc0a8c83 has not seen follower/s c53771ff-a4da-40bc-be42-f397952cb81e for 180092ms cccfaecc-560c-4f58-9140-53bb7696e889 for 180095ms
2019-09-11 02:36:48,666 [org.apache.ratis.server.impl.LogAppender$AppenderDaemon$$Lambda$515/1517268026@7b233a05] ERROR ratis.XceiverServerRatis (XceiverServerRatis.java:triggerPipelineClose(568)) - pipeline Action CLOSE  on pipeline PipelineID=a15d7450-8b65-4943-81d3-58963db0e9d1.Reason : 28f29a4c-baf6-4c40-b523-744acc0a8c83 has not seen follower/s c53771ff-a4da-40bc-be42-f397952cb81e for 180092ms cccfaecc-560c-4f58-9140-53bb7696e889 for 180095ms
2019-09-11 02:36:49,048 [EventQueue-PipelineActionsForPipelineActionHandler] ERROR pipeline.PipelineActionHandler (PipelineActionHandler.java:onMessage(60)) - Received pipeline action CLOSE for Pipeline[ Id: a15d7450-8b65-4943-81d3-58963db0e9d1, Nodes: cccfaecc-560c-4f58-9140-53bb7696e889{ip: 192.168.34.53, host: pr-hdds-2107-sbngl-2106859965, networkLocation: /default-rack, certSerialId: null}28f29a4c-baf6-4c40-b523-744acc0a8c83{ip: 192.168.34.53, host: pr-hdds-2107-sbngl-2106859965, networkLocation: /default-rack, certSerialId: null}c53771ff-a4da-40bc-be42-f397952cb81e{ip: 192.168.34.53, host: pr-hdds-2107-sbngl-2106859965, networkLocation: /default-rack, certSerialId: null}, Type:RATIS, Factor:THREE, State:CLOSED] from datanode 28f29a4c-baf6-4c40-b523-744acc0a8c83{ip: 192.168.34.53, host: pr-hdds-2107-sbngl-2106859965, networkLocation: /default-rack, certSerialId: null}. Reason : 28f29a4c-baf6-4c40-b523-744acc0a8c83 has not seen follower/s c53771ff-a4da-40bc-be42-f397952cb81e for 180092ms cccfaecc-560c-4f58-9140-53bb7696e889 for 180095ms
2019-09-11 02:36:49,049 [EventQueue-PipelineActionsForPipelineActionHandler] INFO  pipeline.SCMPipelineManager (SCMPipelineManager.java:finalizeAndDestroyPipeline(311)) - destroying pipeline:Pipeline[ Id: a15d7450-8b65-4943-81d3-58963db0e9d1, Nodes: cccfaecc-560c-4f58-9140-53bb7696e889{ip: 192.168.34.53, host: pr-hdds-2107-sbngl-2106859965, networkLocation: /default-rack, certSerialId: null}28f29a4c-baf6-4c40-b523-744acc0a8c83{ip: 192.168.34.53, host: pr-hdds-2107-sbngl-2106859965, networkLocation: /default-rack, certSerialId: null}c53771ff-a4da-40bc-be42-f397952cb81e{ip: 192.168.34.53, host: pr-hdds-2107-sbngl-2106859965, networkLocation: /default-rack, certSerialId: null}, Type:RATIS, Factor:THREE, State:CLOSED]
2019-09-11 02:36:49,056 [cccfaecc-560c-4f58-9140-53bb7696e889@group-58963DB0E9D1-SegmentedRaftLogWorker] WARN  segmented.SegmentedRaftLogWorker (SegmentedRaftLogWorker.java:getFromFuture(90)) - Timeout 17/~
org.apache.ratis.protocol.TimeoutIOException: Timeout 10s: WriteLog:8: (t:1, i:8), STATEMACHINELOGENTRY, client-253D1AE02840, cid=17-writeStateMachineData
	at org.apache.ratis.util.IOUtils.getFromFuture(IOUtils.java:87)
	at org.apache.ratis.server.raftlog.segmented.SegmentedRaftLogWorker$StateMachineDataPolicy.getFromFuture(SegmentedRaftLogWorker.java:87)
	at org.apache.ratis.server.raftlog.segmented.SegmentedRaftLogWorker$WriteLog.execute(SegmentedRaftLogWorker.java:477)
	at org.apache.ratis.server.raftlog.segmented.SegmentedRaftLogWorker.run(SegmentedRaftLogWorker.java:289)
	at java.lang.Thread.run(Thread.java:748)
Caused by: java.util.concurrent.TimeoutException
	at java.util.concurrent.CompletableFuture.timedGet(CompletableFuture.java:1771)
	at java.util.concurrent.CompletableFuture.get(CompletableFuture.java:1915)
	at org.apache.ratis.util.IOUtils.getFromFuture(IOUtils.java:79)
	... 4 more
2019-09-11 02:36:49,099 [28f29a4c-baf6-4c40-b523-744acc0a8c83@group-58963DB0E9D1-SegmentedRaftLogWorker] WARN  segmented.SegmentedRaftLogWorker (SegmentedRaftLogWorker.java:getFromFuture(90)) - Timeout 17/~
org.apache.ratis.protocol.TimeoutIOException: Timeout 10s: WriteLog:8: (t:1, i:8), STATEMACHINELOGENTRY, client-253D1AE02840, cid=17-writeStateMachineData
	at org.apache.ratis.util.IOUtils.getFromFuture(IOUtils.java:87)
	at org.apache.ratis.server.raftlog.segmented.SegmentedRaftLogWorker$StateMachineDataPolicy.getFromFuture(SegmentedRaftLogWorker.java:87)
	at org.apache.ratis.server.raftlog.segmented.SegmentedRaftLogWorker$WriteLog.execute(SegmentedRaftLogWorker.java:477)
	at org.apache.ratis.server.raftlog.segmented.SegmentedRaftLogWorker.run(SegmentedRaftLogWorker.java:289)
	at java.lang.Thread.run(Thread.java:748)
Caused by: java.util.concurrent.TimeoutException
	at java.util.concurrent.CompletableFuture.timedGet(CompletableFuture.java:1771)
	at java.util.concurrent.CompletableFuture.get(CompletableFuture.java:1915)
	at org.apache.ratis.util.IOUtils.getFromFuture(IOUtils.java:79)
	... 4 more
2019-09-11 02:36:49,099 [c53771ff-a4da-40bc-be42-f397952cb81e@group-58963DB0E9D1-SegmentedRaftLogWorker] WARN  segmented.SegmentedRaftLogWorker (SegmentedRaftLogWorker.java:getFromFuture(90)) - Timeout 17/~
org.apache.ratis.protocol.TimeoutIOException: Timeout 10s: WriteLog:8: (t:1, i:8), STATEMACHINELOGENTRY, client-253D1AE02840, cid=17-writeStateMachineData
	at org.apache.ratis.util.IOUtils.getFromFuture(IOUtils.java:87)
	at org.apache.ratis.server.raftlog.segmented.SegmentedRaftLogWorker$StateMachineDataPolicy.getFromFuture(SegmentedRaftLogWorker.java:87)
	at org.apache.ratis.server.raftlog.segmented.SegmentedRaftLogWorker$WriteLog.execute(SegmentedRaftLogWorker.java:477)
	at org.apache.ratis.server.raftlog.segmented.SegmentedRaftLogWorker.run(SegmentedRaftLogWorker.java:289)
	at java.lang.Thread.run(Thread.java:748)
Caused by: java.util.concurrent.TimeoutException
	at java.util.concurrent.CompletableFuture.timedGet(CompletableFuture.java:1771)
	at java.util.concurrent.CompletableFuture.get(CompletableFuture.java:1915)
	at org.apache.ratis.util.IOUtils.getFromFuture(IOUtils.java:79)
	... 4 more
2019-09-11 02:36:49,164 [java.util.concurrent.ThreadPoolExecutor$Worker@8d44dde[State = -1, empty queue]] WARN  server.GrpcLogAppender (GrpcLogAppender.java:timeoutAppendRequest(200)) - 28f29a4c-baf6-4c40-b523-744acc0a8c83@group-58963DB0E9D1->c53771ff-a4da-40bc-be42-f397952cb81e-GrpcLogAppender: appendEntries Timeout, request=28f29a4c-baf6-4c40-b523-744acc0a8c83->c53771ff-a4da-40bc-be42-f397952cb81e#83-t1, previous=(t:1, i:12), leaderCommit=6, initializing? false, entries: <empty>
2019-09-11 02:36:49,164 [java.util.concurrent.ThreadPoolExecutor$Worker@26c2ee04[State = -1, empty queue]] WARN  server.GrpcLogAppender (GrpcLogAppender.java:timeoutAppendRequest(200)) - 28f29a4c-baf6-4c40-b523-744acc0a8c83@group-58963DB0E9D1->cccfaecc-560c-4f58-9140-53bb7696e889-GrpcLogAppender: appendEntries Timeout, request=28f29a4c-baf6-4c40-b523-744acc0a8c83->cccfaecc-560c-4f58-9140-53bb7696e889#83-t1, previous=(t:1, i:12), leaderCommit=6, initializing? false, entries: <empty>
2019-09-11 02:36:51,120 [grpc-default-executor-1] INFO  client.GrpcClientProtocolClient (GrpcClientProtocolClient.java:onNext(264)) - client-253D1AE02840->c53771ff-a4da-40bc-be42-f397952cb81e: receive RaftClientReply:client-253D1AE02840->c53771ff-a4da-40bc-be42-f397952cb81e@group-58963DB0E9D1, cid=16, FAILED org.apache.ratis.protocol.NotLeaderException: Server c53771ff-a4da-40bc-be42-f397952cb81e@group-58963DB0E9D1 is not the leader 28f29a4c-baf6-4c40-b523-744acc0a8c83:192.168.34.53:35385, logIndex=0, commits[c53771ff-a4da-40bc-be42-f397952cb81e:c6, cccfaecc-560c-4f58-9140-53bb7696e889:c4, 28f29a4c-baf6-4c40-b523-744acc0a8c83:c6]
2019-09-11 02:36:51,167 [org.apache.ratis.server.impl.LogAppender$AppenderDaemon$$Lambda$515/1517268026@c643b86] ERROR ratis.XceiverServerRatis (XceiverServerRatis.java:triggerPipelineClose(568)) - pipeline Action CLOSE  on pipeline PipelineID=a15d7450-8b65-4943-81d3-58963db0e9d1.Reason : 28f29a4c-baf6-4c40-b523-744acc0a8c83 has not seen follower/s c53771ff-a4da-40bc-be42-f397952cb81e for 182592ms cccfaecc-560c-4f58-9140-53bb7696e889 for 182595ms
2019-09-11 02:36:51,167 [org.apache.ratis.server.impl.LogAppender$AppenderDaemon$$Lambda$515/1517268026@7b233a05] ERROR ratis.XceiverServerRatis (XceiverServerRatis.java:triggerPipelineClose(568)) - pipeline Action CLOSE  on pipeline PipelineID=a15d7450-8b65-4943-81d3-58963db0e9d1.Reason : 28f29a4c-baf6-4c40-b523-744acc0a8c83 has not seen follower/s c53771ff-a4da-40bc-be42-f397952cb81e for 182592ms cccfaecc-560c-4f58-9140-53bb7696e889 for 182595ms
2019-09-11 02:36:51,666 [java.util.concurrent.ThreadPoolExecutor$Worker@26c2ee04[State = -1, empty queue]] WARN  server.GrpcLogAppender (GrpcLogAppender.java:timeoutAppendRequest(200)) - 28f29a4c-baf6-4c40-b523-744acc0a8c83@group-58963DB0E9D1->cccfaecc-560c-4f58-9140-53bb7696e889-GrpcLogAppender: appendEntries Timeout, request=28f29a4c-baf6-4c40-b523-744acc0a8c83->cccfaecc-560c-4f58-9140-53bb7696e889#84-t1, previous=(t:1, i:12), leaderCommit=6, initializing? false, entries: <empty>
2019-09-11 02:36:51,666 [java.util.concurrent.ThreadPoolExecutor$Worker@8d44dde[State = -1, empty queue]] WARN  server.GrpcLogAppender (GrpcLogAppender.java:timeoutAppendRequest(200)) - 28f29a4c-baf6-4c40-b523-744acc0a8c83@group-58963DB0E9D1->c53771ff-a4da-40bc-be42-f397952cb81e-GrpcLogAppender: appendEntries Timeout, request=28f29a4c-baf6-4c40-b523-744acc0a8c83->c53771ff-a4da-40bc-be42-f397952cb81e#84-t1, previous=(t:1, i:12), leaderCommit=6, initializing? false, entries: <empty>
2019-09-11 02:36:52,048 [EventQueue-PipelineActionsForPipelineActionHandler] ERROR pipeline.PipelineActionHandler (PipelineActionHandler.java:onMessage(60)) - Received pipeline action CLOSE for Pipeline[ Id: a15d7450-8b65-4943-81d3-58963db0e9d1, Nodes: cccfaecc-560c-4f58-9140-53bb7696e889{ip: 192.168.34.53, host: pr-hdds-2107-sbngl-2106859965, networkLocation: /default-rack, certSerialId: null}28f29a4c-baf6-4c40-b523-744acc0a8c83{ip: 192.168.34.53, host: pr-hdds-2107-sbngl-2106859965, networkLocation: /default-rack, certSerialId: null}c53771ff-a4da-40bc-be42-f397952cb81e{ip: 192.168.34.53, host: pr-hdds-2107-sbngl-2106859965, networkLocation: /default-rack, certSerialId: null}, Type:RATIS, Factor:THREE, State:CLOSED] from datanode 28f29a4c-baf6-4c40-b523-744acc0a8c83{ip: 192.168.34.53, host: pr-hdds-2107-sbngl-2106859965, networkLocation: /default-rack, certSerialId: null}. Reason : 28f29a4c-baf6-4c40-b523-744acc0a8c83 has not seen follower/s c53771ff-a4da-40bc-be42-f397952cb81e for 182592ms cccfaecc-560c-4f58-9140-53bb7696e889 for 182595ms
2019-09-11 02:36:52,049 [EventQueue-PipelineActionsForPipelineActionHandler] INFO  pipeline.SCMPipelineManager (SCMPipelineManager.java:finalizeAndDestroyPipeline(311)) - destroying pipeline:Pipeline[ Id: a15d7450-8b65-4943-81d3-58963db0e9d1, Nodes: cccfaecc-560c-4f58-9140-53bb7696e889{ip: 192.168.34.53, host: pr-hdds-2107-sbngl-2106859965, networkLocation: /default-rack, certSerialId: null}28f29a4c-baf6-4c40-b523-744acc0a8c83{ip: 192.168.34.53, host: pr-hdds-2107-sbngl-2106859965, networkLocation: /default-rack, certSerialId: null}c53771ff-a4da-40bc-be42-f397952cb81e{ip: 192.168.34.53, host: pr-hdds-2107-sbngl-2106859965, networkLocation: /default-rack, certSerialId: null}, Type:RATIS, Factor:THREE, State:CLOSED]
2019-09-11 02:36:53,669 [org.apache.ratis.server.impl.LogAppender$AppenderDaemon$$Lambda$515/1517268026@7b233a05] ERROR ratis.XceiverServerRatis (XceiverServerRatis.java:triggerPipelineClose(568)) - pipeline Action CLOSE  on pipeline PipelineID=a15d7450-8b65-4943-81d3-58963db0e9d1.Reason : 28f29a4c-baf6-4c40-b523-744acc0a8c83 has not seen follower/s c53771ff-a4da-40bc-be42-f397952cb81e for 185095ms cccfaecc-560c-4f58-9140-53bb7696e889 for 185098ms
2019-09-11 02:36:53,669 [org.apache.ratis.server.impl.LogAppender$AppenderDaemon$$Lambda$515/1517268026@c643b86] ERROR ratis.XceiverServerRatis (XceiverServerRatis.java:triggerPipelineClose(568)) - pipeline Action CLOSE  on pipeline PipelineID=a15d7450-8b65-4943-81d3-58963db0e9d1.Reason : 28f29a4c-baf6-4c40-b523-744acc0a8c83 has not seen follower/s c53771ff-a4da-40bc-be42-f397952cb81e for 185095ms cccfaecc-560c-4f58-9140-53bb7696e889 for 185098ms
2019-09-11 02:36:54,049 [EventQueue-PipelineActionsForPipelineActionHandler] ERROR pipeline.PipelineActionHandler (PipelineActionHandler.java:onMessage(60)) - Received pipeline action CLOSE for Pipeline[ Id: a15d7450-8b65-4943-81d3-58963db0e9d1, Nodes: cccfaecc-560c-4f58-9140-53bb7696e889{ip: 192.168.34.53, host: pr-hdds-2107-sbngl-2106859965, networkLocation: /default-rack, certSerialId: null}28f29a4c-baf6-4c40-b523-744acc0a8c83{ip: 192.168.34.53, host: pr-hdds-2107-sbngl-2106859965, networkLocation: /default-rack, certSerialId: null}c53771ff-a4da-40bc-be42-f397952cb81e{ip: 192.168.34.53, host: pr-hdds-2107-sbngl-2106859965, networkLocation: /default-rack, certSerialId: null}, Type:RATIS, Factor:THREE, State:CLOSED] from datanode 28f29a4c-baf6-4c40-b523-744acc0a8c83{ip: 192.168.34.53, host: pr-hdds-2107-sbngl-2106859965, networkLocation: /default-rack, certSerialId: null}. Reason : 28f29a4c-baf6-4c40-b523-744acc0a8c83 has not seen follower/s c53771ff-a4da-40bc-be42-f397952cb81e for 185095ms cccfaecc-560c-4f58-9140-53bb7696e889 for 185098ms
2019-09-11 02:36:54,049 [EventQueue-PipelineActionsForPipelineActionHandler] INFO  pipeline.SCMPipelineManager (SCMPipelineManager.java:finalizeAndDestroyPipeline(311)) - destroying pipeline:Pipeline[ Id: a15d7450-8b65-4943-81d3-58963db0e9d1, Nodes: cccfaecc-560c-4f58-9140-53bb7696e889{ip: 192.168.34.53, host: pr-hdds-2107-sbngl-2106859965, networkLocation: /default-rack, certSerialId: null}28f29a4c-baf6-4c40-b523-744acc0a8c83{ip: 192.168.34.53, host: pr-hdds-2107-sbngl-2106859965, networkLocation: /default-rack, certSerialId: null}c53771ff-a4da-40bc-be42-f397952cb81e{ip: 192.168.34.53, host: pr-hdds-2107-sbngl-2106859965, networkLocation: /default-rack, certSerialId: null}, Type:RATIS, Factor:THREE, State:CLOSED]
2019-09-11 02:36:54,166 [java.util.concurrent.ThreadPoolExecutor$Worker@26c2ee04[State = -1, empty queue]] WARN  server.GrpcLogAppender (GrpcLogAppender.java:timeoutAppendRequest(200)) - 28f29a4c-baf6-4c40-b523-744acc0a8c83@group-58963DB0E9D1->cccfaecc-560c-4f58-9140-53bb7696e889-GrpcLogAppender: appendEntries Timeout, request=28f29a4c-baf6-4c40-b523-744acc0a8c83->cccfaecc-560c-4f58-9140-53bb7696e889#85-t1, previous=(t:1, i:12), leaderCommit=6, initializing? false, entries: <empty>
2019-09-11 02:36:54,167 [java.util.concurrent.ThreadPoolExecutor$Worker@8d44dde[State = -1, empty queue]] WARN  server.GrpcLogAppender (GrpcLogAppender.java:timeoutAppendRequest(200)) - 28f29a4c-baf6-4c40-b523-744acc0a8c83@group-58963DB0E9D1->c53771ff-a4da-40bc-be42-f397952cb81e-GrpcLogAppender: appendEntries Timeout, request=28f29a4c-baf6-4c40-b523-744acc0a8c83->c53771ff-a4da-40bc-be42-f397952cb81e#85-t1, previous=(t:1, i:12), leaderCommit=6, initializing? false, entries: <empty>
2019-09-11 02:36:55,051 [grpc-default-executor-1] INFO  impl.RaftServerProxy (RaftServerProxy.java:remove(95)) - cccfaecc-560c-4f58-9140-53bb7696e889: remove  FOLLOWER cccfaecc-560c-4f58-9140-53bb7696e889@group-58963DB0E9D1:t1, leader=28f29a4c-baf6-4c40-b523-744acc0a8c83, voted=28f29a4c-baf6-4c40-b523-744acc0a8c83, raftlog=cccfaecc-560c-4f58-9140-53bb7696e889@group-58963DB0E9D1-SegmentedRaftLog:OPENED:c6,f6,i12, conf=0: [c53771ff-a4da-40bc-be42-f397952cb81e:192.168.34.53:37384, cccfaecc-560c-4f58-9140-53bb7696e889:192.168.34.53:43087, 28f29a4c-baf6-4c40-b523-744acc0a8c83:192.168.34.53:35385], old=null RUNNING
2019-09-11 02:36:55,057 [grpc-default-executor-1] INFO  impl.RaftServerImpl (RaftServerImpl.java:lambda$shutdown$3(251)) - cccfaecc-560c-4f58-9140-53bb7696e889@group-58963DB0E9D1: shutdown
2019-09-11 02:36:55,058 [grpc-default-executor-1] INFO  util.JmxRegister (JmxRegister.java:unregister(73)) - Successfully un-registered JMX Bean with object name Ratis:service=RaftServer,group=group-58963DB0E9D1,id=cccfaecc-560c-4f58-9140-53bb7696e889
2019-09-11 02:36:55,058 [grpc-default-executor-1] INFO  impl.RoleInfo (RoleInfo.java:shutdownFollowerState(121)) - cccfaecc-560c-4f58-9140-53bb7696e889: shutdown FollowerState
2019-09-11 02:36:55,058 [grpc-default-executor-1] INFO  impl.StateMachineUpdater (StateMachineUpdater.java:stopAndJoin(125)) - cccfaecc-560c-4f58-9140-53bb7696e889@group-58963DB0E9D1-StateMachineUpdater: set stopIndex = 6
2019-09-11 02:36:55,059 [Thread-311] INFO  impl.FollowerState (FollowerState.java:run(115)) - cccfaecc-560c-4f58-9140-53bb7696e889: FollowerState was interrupted: java.lang.InterruptedException: sleep interrupted
2019-09-11 02:36:55,060 [cccfaecc-560c-4f58-9140-53bb7696e889@group-58963DB0E9D1-StateMachineUpdater] INFO  ratis.ContainerStateMachine (ContainerStateMachine.java:takeSnapshot(289)) - group-58963DB0E9D1: Taking a snapshot at:(t:1, i:4) file /workdir/hadoop-ozone/integration-test/target/test-dir/MiniOzoneClusterImpl-3465b5d1-a811-46c9-af46-590ec6677b1b/datanode-2/data/ratis/a15d7450-8b65-4943-81d3-58963db0e9d1/sm/snapshot.1_4
2019-09-11 02:36:55,103 [cccfaecc-560c-4f58-9140-53bb7696e889@group-58963DB0E9D1-StateMachineUpdater] INFO  ratis.ContainerStateMachine (ContainerStateMachine.java:takeSnapshot(300)) - group-58963DB0E9D1: Finished taking a snapshot at:(t:1, i:4) file:/workdir/hadoop-ozone/integration-test/target/test-dir/MiniOzoneClusterImpl-3465b5d1-a811-46c9-af46-590ec6677b1b/datanode-2/data/ratis/a15d7450-8b65-4943-81d3-58963db0e9d1/sm/snapshot.1_4 time:44
2019-09-11 02:36:55,104 [cccfaecc-560c-4f58-9140-53bb7696e889@group-58963DB0E9D1-StateMachineUpdater] INFO  impl.StateMachineUpdater (StateMachineUpdater.java:takeSnapshot(258)) - cccfaecc-560c-4f58-9140-53bb7696e889@group-58963DB0E9D1-StateMachineUpdater: Took a snapshot at index 4
2019-09-11 02:36:55,105 [cccfaecc-560c-4f58-9140-53bb7696e889@group-58963DB0E9D1-StateMachineUpdater] INFO  impl.StateMachineUpdater (StateMachineUpdater.java:lambda$new$0(83)) - cccfaecc-560c-4f58-9140-53bb7696e889@group-58963DB0E9D1-StateMachineUpdater: snapshotIndex: updateIncreasingly -1 -> 4
2019-09-11 02:36:55,112 [cccfaecc-560c-4f58-9140-53bb7696e889@group-58963DB0E9D1-StateMachineUpdater] INFO  ratis.ContainerStateMachine (ContainerStateMachine.java:takeSnapshot(289)) - group-58963DB0E9D1: Taking a snapshot at:(t:1, i:4) file /workdir/hadoop-ozone/integration-test/target/test-dir/MiniOzoneClusterImpl-3465b5d1-a811-46c9-af46-590ec6677b1b/datanode-2/data/ratis/a15d7450-8b65-4943-81d3-58963db0e9d1/sm/snapshot.1_4
2019-09-11 02:36:55,124 [cccfaecc-560c-4f58-9140-53bb7696e889@group-58963DB0E9D1-StateMachineUpdater] INFO  ratis.ContainerStateMachine (ContainerStateMachine.java:takeSnapshot(300)) - group-58963DB0E9D1: Finished taking a snapshot at:(t:1, i:4) file:/workdir/hadoop-ozone/integration-test/target/test-dir/MiniOzoneClusterImpl-3465b5d1-a811-46c9-af46-590ec6677b1b/datanode-2/data/ratis/a15d7450-8b65-4943-81d3-58963db0e9d1/sm/snapshot.1_4 time:13
2019-09-11 02:36:55,125 [cccfaecc-560c-4f58-9140-53bb7696e889@group-58963DB0E9D1-StateMachineUpdater] INFO  impl.StateMachineUpdater (StateMachineUpdater.java:takeSnapshot(258)) - cccfaecc-560c-4f58-9140-53bb7696e889@group-58963DB0E9D1-StateMachineUpdater: Took a snapshot at index 4
2019-09-11 02:36:55,125 [cccfaecc-560c-4f58-9140-53bb7696e889@group-58963DB0E9D1-StateMachineUpdater] INFO  impl.StateMachineUpdater (StateMachineUpdater.java:lambda$new$0(83)) - cccfaecc-560c-4f58-9140-53bb7696e889@group-58963DB0E9D1-StateMachineUpdater: snapshotIndex: updateIncreasingly 4 -> 4
2019-09-11 02:36:55,125 [grpc-default-executor-1] INFO  impl.RaftServerImpl (ServerState.java:close(385)) - cccfaecc-560c-4f58-9140-53bb7696e889@group-58963DB0E9D1: closes. applyIndex: 6
2019-09-11 02:36:55,129 [cccfaecc-560c-4f58-9140-53bb7696e889@group-58963DB0E9D1-SegmentedRaftLogWorker] ERROR ratis.XceiverServerRatis (XceiverServerRatis.java:triggerPipelineClose(568)) - pipeline Action CLOSE  on pipeline PipelineID=a15d7450-8b65-4943-81d3-58963db0e9d1.Reason : WriteLog:8: (t:1, i:8), STATEMACHINELOGENTRY, client-253D1AE02840, cid=17-writeStateMachineData interrupted.
2019-09-11 02:36:55,131 [EventQueue-PipelineActionsForPipelineActionHandler] ERROR pipeline.PipelineActionHandler (PipelineActionHandler.java:onMessage(60)) - Received pipeline action CLOSE for Pipeline[ Id: a15d7450-8b65-4943-81d3-58963db0e9d1, Nodes: cccfaecc-560c-4f58-9140-53bb7696e889{ip: 192.168.34.53, host: pr-hdds-2107-sbngl-2106859965, networkLocation: /default-rack, certSerialId: null}28f29a4c-baf6-4c40-b523-744acc0a8c83{ip: 192.168.34.53, host: pr-hdds-2107-sbngl-2106859965, networkLocation: /default-rack, certSerialId: null}c53771ff-a4da-40bc-be42-f397952cb81e{ip: 192.168.34.53, host: pr-hdds-2107-sbngl-2106859965, networkLocation: /default-rack, certSerialId: null}, Type:RATIS, Factor:THREE, State:CLOSED] from datanode cccfaecc-560c-4f58-9140-53bb7696e889{ip: 192.168.34.53, host: pr-hdds-2107-sbngl-2106859965, networkLocation: /default-rack, certSerialId: null}. Reason : WriteLog:8: (t:1, i:8), STATEMACHINELOGENTRY, client-253D1AE02840, cid=17-writeStateMachineData interrupted.
2019-09-11 02:36:55,132 [EventQueue-PipelineActionsForPipelineActionHandler] INFO  pipeline.SCMPipelineManager (SCMPipelineManager.java:finalizeAndDestroyPipeline(311)) - destroying pipeline:Pipeline[ Id: a15d7450-8b65-4943-81d3-58963db0e9d1, Nodes: cccfaecc-560c-4f58-9140-53bb7696e889{ip: 192.168.34.53, host: pr-hdds-2107-sbngl-2106859965, networkLocation: /default-rack, certSerialId: null}28f29a4c-baf6-4c40-b523-744acc0a8c83{ip: 192.168.34.53, host: pr-hdds-2107-sbngl-2106859965, networkLocation: /default-rack, certSerialId: null}c53771ff-a4da-40bc-be42-f397952cb81e{ip: 192.168.34.53, host: pr-hdds-2107-sbngl-2106859965, networkLocation: /default-rack, certSerialId: null}, Type:RATIS, Factor:THREE, State:CLOSED]
2019-09-11 02:36:55,142 [grpc-default-executor-1] INFO  segmented.SegmentedRaftLogWorker (SegmentedRaftLogWorker.java:close(228)) - cccfaecc-560c-4f58-9140-53bb7696e889@group-58963DB0E9D1-SegmentedRaftLogWorker close()
2019-09-11 02:36:55,163 [grpc-default-executor-1] INFO  interfaces.Container (KeyValueContainer.java:flushAndSyncDB(386)) - Container 1 is synced with bcsId 4.
2019-09-11 02:36:55,163 [grpc-default-executor-1] INFO  interfaces.Container (KeyValueContainer.java:flushAndSyncDB(386)) - Container 1 is synced with bcsId 4.
2019-09-11 02:36:55,181 [EventQueue-IncrementalContainerReportForIncrementalContainerReportHandler] INFO  container.IncrementalContainerReportHandler (AbstractContainerReportHandler.java:updateContainerState(169)) - Moving container #1 to QUASI_CLOSED state, datanode cccfaecc-560c-4f58-9140-53bb7696e889{ip: 192.168.34.53, host: pr-hdds-2107-sbngl-2106859965, networkLocation: /default-rack, certSerialId: null} reported QUASI_CLOSED replica.
2019-09-11 02:36:55,239 [grpc-default-executor-1] INFO  interfaces.Container (KeyValueContainer.java:flushAndSyncDB(386)) - Container 2 is synced with bcsId 0.
2019-09-11 02:36:55,240 [grpc-default-executor-1] INFO  interfaces.Container (KeyValueContainer.java:flushAndSyncDB(386)) - Container 2 is synced with bcsId 0.
2019-09-11 02:36:55,247 [EventQueue-IncrementalContainerReportForIncrementalContainerReportHandler] INFO  container.IncrementalContainerReportHandler (AbstractContainerReportHandler.java:updateContainerState(169)) - Moving container #2 to QUASI_CLOSED state, datanode cccfaecc-560c-4f58-9140-53bb7696e889{ip: 192.168.34.53, host: pr-hdds-2107-sbngl-2106859965, networkLocation: /default-rack, certSerialId: null} reported QUASI_CLOSED replica.
2019-09-11 02:36:55,258 [grpc-default-executor-1] INFO  impl.RaftServerProxy (RaftServerProxy.java:remove(95)) - 28f29a4c-baf6-4c40-b523-744acc0a8c83: remove    LEADER 28f29a4c-baf6-4c40-b523-744acc0a8c83@group-58963DB0E9D1:t1, leader=28f29a4c-baf6-4c40-b523-744acc0a8c83, voted=28f29a4c-baf6-4c40-b523-744acc0a8c83, raftlog=28f29a4c-baf6-4c40-b523-744acc0a8c83@group-58963DB0E9D1-SegmentedRaftLog:OPENED:c6,f6,i12, conf=0: [c53771ff-a4da-40bc-be42-f397952cb81e:192.168.34.53:37384, cccfaecc-560c-4f58-9140-53bb7696e889:192.168.34.53:43087, 28f29a4c-baf6-4c40-b523-744acc0a8c83:192.168.34.53:35385], old=null RUNNING
2019-09-11 02:36:55,259 [grpc-default-executor-1] INFO  impl.RaftServerImpl (RaftServerImpl.java:lambda$shutdown$3(251)) - 28f29a4c-baf6-4c40-b523-744acc0a8c83@group-58963DB0E9D1: shutdown
2019-09-11 02:36:55,259 [grpc-default-executor-1] INFO  util.JmxRegister (JmxRegister.java:unregister(73)) - Successfully un-registered JMX Bean with object name Ratis:service=RaftServer,group=group-58963DB0E9D1,id=28f29a4c-baf6-4c40-b523-744acc0a8c83
2019-09-11 02:36:55,259 [grpc-default-executor-1] INFO  impl.RoleInfo (RoleInfo.java:shutdownLeaderState(104)) - 28f29a4c-baf6-4c40-b523-744acc0a8c83: shutdown LeaderState
2019-09-11 02:36:55,262 [grpc-default-executor-1] INFO  impl.PendingRequests (PendingRequests.java:sendNotLeaderResponses(202)) - 28f29a4c-baf6-4c40-b523-744acc0a8c83-PendingRequests: sendNotLeaderResponses
2019-09-11 02:36:55,264 [org.apache.ratis.server.impl.LogAppender$AppenderDaemon$$Lambda$515/1517268026@7b233a05] WARN  server.GrpcLogAppender (GrpcLogAppender.java:mayWait(143)) - 28f29a4c-baf6-4c40-b523-744acc0a8c83@group-58963DB0E9D1->c53771ff-a4da-40bc-be42-f397952cb81e-GrpcLogAppender: Wait interrupted by java.lang.InterruptedException
2019-09-11 02:36:55,264 [org.apache.ratis.server.impl.LogAppender$AppenderDaemon$$Lambda$515/1517268026@c643b86] WARN  server.GrpcLogAppender (GrpcLogAppender.java:mayWait(143)) - 28f29a4c-baf6-4c40-b523-744acc0a8c83@group-58963DB0E9D1->cccfaecc-560c-4f58-9140-53bb7696e889-GrpcLogAppender: Wait interrupted by java.lang.InterruptedException
2019-09-11 02:36:55,265 [grpc-default-executor-7] INFO  server.GrpcServerProtocolService (GrpcServerProtocolService.java:onCompleted(113)) - c53771ff-a4da-40bc-be42-f397952cb81e: Completed APPEND_ENTRIES, lastRequest: 28f29a4c-baf6-4c40-b523-744acc0a8c83->c53771ff-a4da-40bc-be42-f397952cb81e#86-t1, previous=(t:1, i:12), leaderCommit=6, initializing? false, entries: <empty>
2019-09-11 02:36:55,265 [grpc-default-executor-6] INFO  server.GrpcServerProtocolService (GrpcServerProtocolService.java:onCompleted(113)) - cccfaecc-560c-4f58-9140-53bb7696e889: Completed APPEND_ENTRIES, lastRequest: 28f29a4c-baf6-4c40-b523-744acc0a8c83->cccfaecc-560c-4f58-9140-53bb7696e889#86-t1, previous=(t:1, i:12), leaderCommit=6, initializing? false, entries: <empty>
2019-09-11 02:36:55,266 [grpc-default-executor-6] INFO  server.GrpcLogAppender (GrpcLogAppender.java:onCompleted(293)) - 28f29a4c-baf6-4c40-b523-744acc0a8c83@group-58963DB0E9D1->c53771ff-a4da-40bc-be42-f397952cb81e-AppendLogResponseHandler: follower responses appendEntries COMPLETED
2019-09-11 02:36:55,266 [grpc-default-executor-7] INFO  server.GrpcLogAppender (GrpcLogAppender.java:onCompleted(293)) - 28f29a4c-baf6-4c40-b523-744acc0a8c83@group-58963DB0E9D1->cccfaecc-560c-4f58-9140-53bb7696e889-AppendLogResponseHandler: follower responses appendEntries COMPLETED
2019-09-11 02:36:55,267 [grpc-default-executor-6] INFO  impl.FollowerInfo (FollowerInfo.java:lambda$new$0(51)) - 28f29a4c-baf6-4c40-b523-744acc0a8c83@group-58963DB0E9D1->c53771ff-a4da-40bc-be42-f397952cb81e: nextIndex: updateUnconditionally 13 -> 7
2019-09-11 02:36:55,267 [grpc-default-executor-7] INFO  impl.FollowerInfo (FollowerInfo.java:lambda$new$0(51)) - 28f29a4c-baf6-4c40-b523-744acc0a8c83@group-58963DB0E9D1->cccfaecc-560c-4f58-9140-53bb7696e889: nextIndex: updateUnconditionally 13 -> 7
2019-09-11 02:36:55,272 [grpc-default-executor-1] INFO  impl.StateMachineUpdater (StateMachineUpdater.java:stopAndJoin(125)) - 28f29a4c-baf6-4c40-b523-744acc0a8c83@group-58963DB0E9D1-StateMachineUpdater: set stopIndex = 6
2019-09-11 02:36:55,272 [28f29a4c-baf6-4c40-b523-744acc0a8c83@group-58963DB0E9D1-StateMachineUpdater] INFO  ratis.ContainerStateMachine (ContainerStateMachine.java:takeSnapshot(289)) - group-58963DB0E9D1: Taking a snapshot at:(t:1, i:6) file /workdir/hadoop-ozone/integration-test/target/test-dir/MiniOzoneClusterImpl-3465b5d1-a811-46c9-af46-590ec6677b1b/datanode-3/data/ratis/a15d7450-8b65-4943-81d3-58963db0e9d1/sm/snapshot.1_6
2019-09-11 02:36:55,273 [Command processor thread] ERROR commandhandler.CloseContainerCommandHandler (CloseContainerCommandHandler.java:handle(125)) - Can't close container #2
java.io.IOException: org.apache.ratis.protocol.GroupMismatchException: 28f29a4c-baf6-4c40-b523-744acc0a8c83: group-58963DB0E9D1 not found.
	at org.apache.hadoop.ozone.container.common.transport.server.ratis.XceiverServerRatis.submitRequest(XceiverServerRatis.java:495)
	at org.apache.hadoop.ozone.container.common.statemachine.commandhandler.CloseContainerCommandHandler.handle(CloseContainerCommandHandler.java:102)
	at org.apache.hadoop.ozone.container.common.statemachine.commandhandler.CommandDispatcher.handle(CommandDispatcher.java:99)
	at org.apache.hadoop.ozone.container.common.statemachine.DatanodeStateMachine.lambda$initCommandHandlerThread$1(DatanodeStateMachine.java:432)
	at java.lang.Thread.run(Thread.java:748)
Caused by: java.util.concurrent.ExecutionException: org.apache.ratis.protocol.GroupMismatchException: 28f29a4c-baf6-4c40-b523-744acc0a8c83: group-58963DB0E9D1 not found.
	at java.util.concurrent.CompletableFuture.reportGet(CompletableFuture.java:357)
	at java.util.concurrent.CompletableFuture.get(CompletableFuture.java:1895)
	at org.apache.hadoop.ozone.container.common.transport.server.ratis.XceiverServerRatis.submitRequest(XceiverServerRatis.java:493)
	... 4 more
Caused by: org.apache.ratis.protocol.GroupMismatchException: 28f29a4c-baf6-4c40-b523-744acc0a8c83: group-58963DB0E9D1 not found.
	at org.apache.ratis.server.impl.RaftServerProxy$ImplMap.get(RaftServerProxy.java:122)
	at org.apache.ratis.server.impl.RaftServerProxy.getImplFuture(RaftServerProxy.java:269)
	at org.apache.ratis.server.impl.RaftServerProxy.submitRequest(RaftServerProxy.java:327)
	at org.apache.ratis.server.impl.RaftServerProxy.submitClientRequestAsync(RaftServerProxy.java:333)
	... 5 more
2019-09-11 02:36:55,275 [28f29a4c-baf6-4c40-b523-744acc0a8c83@group-58963DB0E9D1-StateMachineUpdater] INFO  ratis.ContainerStateMachine (ContainerStateMachine.java:takeSnapshot(300)) - group-58963DB0E9D1: Finished taking a snapshot at:(t:1, i:6) file:/workdir/hadoop-ozone/integration-test/target/test-dir/MiniOzoneClusterImpl-3465b5d1-a811-46c9-af46-590ec6677b1b/datanode-3/data/ratis/a15d7450-8b65-4943-81d3-58963db0e9d1/sm/snapshot.1_6 time:3
2019-09-11 02:36:55,275 [28f29a4c-baf6-4c40-b523-744acc0a8c83@group-58963DB0E9D1-StateMachineUpdater] INFO  impl.StateMachineUpdater (StateMachineUpdater.java:takeSnapshot(258)) - 28f29a4c-baf6-4c40-b523-744acc0a8c83@group-58963DB0E9D1-StateMachineUpdater: Took a snapshot at index 6
2019-09-11 02:36:55,275 [28f29a4c-baf6-4c40-b523-744acc0a8c83@group-58963DB0E9D1-StateMachineUpdater] INFO  impl.StateMachineUpdater (StateMachineUpdater.java:lambda$new$0(83)) - 28f29a4c-baf6-4c40-b523-744acc0a8c83@group-58963DB0E9D1-StateMachineUpdater: snapshotIndex: updateIncreasingly -1 -> 6
2019-09-11 02:36:55,275 [grpc-default-executor-1] INFO  impl.RaftServerImpl (ServerState.java:close(385)) - 28f29a4c-baf6-4c40-b523-744acc0a8c83@group-58963DB0E9D1: closes. applyIndex: 6
2019-09-11 02:36:55,276 [28f29a4c-baf6-4c40-b523-744acc0a8c83@group-58963DB0E9D1-SegmentedRaftLogWorker] ERROR ratis.XceiverServerRatis (XceiverServerRatis.java:triggerPipelineClose(568)) - pipeline Action CLOSE  on pipeline PipelineID=a15d7450-8b65-4943-81d3-58963db0e9d1.Reason : WriteLog:8: (t:1, i:8), STATEMACHINELOGENTRY, client-253D1AE02840, cid=17-writeStateMachineData interrupted.
2019-09-11 02:36:55,278 [EventQueue-PipelineActionsForPipelineActionHandler] ERROR pipeline.PipelineActionHandler (PipelineActionHandler.java:onMessage(60)) - Received pipeline action CLOSE for Pipeline[ Id: a15d7450-8b65-4943-81d3-58963db0e9d1, Nodes: cccfaecc-560c-4f58-9140-53bb7696e889{ip: 192.168.34.53, host: pr-hdds-2107-sbngl-2106859965, networkLocation: /default-rack, certSerialId: null}28f29a4c-baf6-4c40-b523-744acc0a8c83{ip: 192.168.34.53, host: pr-hdds-2107-sbngl-2106859965, networkLocation: /default-rack, certSerialId: null}c53771ff-a4da-40bc-be42-f397952cb81e{ip: 192.168.34.53, host: pr-hdds-2107-sbngl-2106859965, networkLocation: /default-rack, certSerialId: null}, Type:RATIS, Factor:THREE, State:CLOSED] from datanode 28f29a4c-baf6-4c40-b523-744acc0a8c83{ip: 192.168.34.53, host: pr-hdds-2107-sbngl-2106859965, networkLocation: /default-rack, certSerialId: null}. Reason : WriteLog:8: (t:1, i:8), STATEMACHINELOGENTRY, client-253D1AE02840, cid=17-writeStateMachineData interrupted.
2019-09-11 02:36:55,279 [EventQueue-PipelineActionsForPipelineActionHandler] INFO  pipeline.SCMPipelineManager (SCMPipelineManager.java:finalizeAndDestroyPipeline(311)) - destroying pipeline:Pipeline[ Id: a15d7450-8b65-4943-81d3-58963db0e9d1, Nodes: cccfaecc-560c-4f58-9140-53bb7696e889{ip: 192.168.34.53, host: pr-hdds-2107-sbngl-2106859965, networkLocation: /default-rack, certSerialId: null}28f29a4c-baf6-4c40-b523-744acc0a8c83{ip: 192.168.34.53, host: pr-hdds-2107-sbngl-2106859965, networkLocation: /default-rack, certSerialId: null}c53771ff-a4da-40bc-be42-f397952cb81e{ip: 192.168.34.53, host: pr-hdds-2107-sbngl-2106859965, networkLocation: /default-rack, certSerialId: null}, Type:RATIS, Factor:THREE, State:CLOSED]
2019-09-11 02:36:55,279 [grpc-default-executor-1] INFO  segmented.SegmentedRaftLogWorker (SegmentedRaftLogWorker.java:close(228)) - 28f29a4c-baf6-4c40-b523-744acc0a8c83@group-58963DB0E9D1-SegmentedRaftLogWorker close()
2019-09-11 02:36:55,287 [grpc-default-executor-1] INFO  interfaces.Container (KeyValueContainer.java:flushAndSyncDB(386)) - Container 1 is synced with bcsId 4.
2019-09-11 02:36:55,287 [grpc-default-executor-1] INFO  interfaces.Container (KeyValueContainer.java:flushAndSyncDB(386)) - Container 1 is synced with bcsId 4.
2019-09-11 02:36:55,324 [grpc-default-executor-1] INFO  interfaces.Container (KeyValueContainer.java:flushAndSyncDB(386)) - Container 2 is synced with bcsId 0.
2019-09-11 02:36:55,325 [grpc-default-executor-1] INFO  interfaces.Container (KeyValueContainer.java:flushAndSyncDB(386)) - Container 2 is synced with bcsId 0.
2019-09-11 02:36:55,356 [grpc-default-executor-1] INFO  impl.RaftServerProxy (RaftServerProxy.java:remove(95)) - c53771ff-a4da-40bc-be42-f397952cb81e: remove  FOLLOWER c53771ff-a4da-40bc-be42-f397952cb81e@group-58963DB0E9D1:t1, leader=28f29a4c-baf6-4c40-b523-744acc0a8c83, voted=c53771ff-a4da-40bc-be42-f397952cb81e, raftlog=c53771ff-a4da-40bc-be42-f397952cb81e@group-58963DB0E9D1-SegmentedRaftLog:OPENED:c6,f6,i12, conf=0: [c53771ff-a4da-40bc-be42-f397952cb81e:192.168.34.53:37384, cccfaecc-560c-4f58-9140-53bb7696e889:192.168.34.53:43087, 28f29a4c-baf6-4c40-b523-744acc0a8c83:192.168.34.53:35385], old=null RUNNING
2019-09-11 02:36:55,356 [grpc-default-executor-1] INFO  impl.RaftServerImpl (RaftServerImpl.java:lambda$shutdown$3(251)) - c53771ff-a4da-40bc-be42-f397952cb81e@group-58963DB0E9D1: shutdown
2019-09-11 02:36:55,356 [grpc-default-executor-1] INFO  util.JmxRegister (JmxRegister.java:unregister(73)) - Successfully un-registered JMX Bean with object name Ratis:service=RaftServer,group=group-58963DB0E9D1,id=c53771ff-a4da-40bc-be42-f397952cb81e
2019-09-11 02:36:55,356 [grpc-default-executor-1] INFO  impl.RoleInfo (RoleInfo.java:shutdownFollowerState(121)) - c53771ff-a4da-40bc-be42-f397952cb81e: shutdown FollowerState
2019-09-11 02:36:55,357 [grpc-default-executor-1] INFO  impl.StateMachineUpdater (StateMachineUpdater.java:stopAndJoin(125)) - c53771ff-a4da-40bc-be42-f397952cb81e@group-58963DB0E9D1-StateMachineUpdater: set stopIndex = 6
2019-09-11 02:36:55,357 [c53771ff-a4da-40bc-be42-f397952cb81e@group-58963DB0E9D1-StateMachineUpdater] INFO  ratis.ContainerStateMachine (ContainerStateMachine.java:takeSnapshot(289)) - group-58963DB0E9D1: Taking a snapshot at:(t:1, i:4) file /workdir/hadoop-ozone/integration-test/target/test-dir/MiniOzoneClusterImpl-3465b5d1-a811-46c9-af46-590ec6677b1b/datanode-6/data/ratis/a15d7450-8b65-4943-81d3-58963db0e9d1/sm/snapshot.1_4
2019-09-11 02:36:55,357 [Thread-312] INFO  impl.FollowerState (FollowerState.java:run(115)) - c53771ff-a4da-40bc-be42-f397952cb81e: FollowerState was interrupted: java.lang.InterruptedException: sleep interrupted
2019-09-11 02:36:55,371 [c53771ff-a4da-40bc-be42-f397952cb81e@group-58963DB0E9D1-StateMachineUpdater] INFO  ratis.ContainerStateMachine (ContainerStateMachine.java:takeSnapshot(300)) - group-58963DB0E9D1: Finished taking a snapshot at:(t:1, i:4) file:/workdir/hadoop-ozone/integration-test/target/test-dir/MiniOzoneClusterImpl-3465b5d1-a811-46c9-af46-590ec6677b1b/datanode-6/data/ratis/a15d7450-8b65-4943-81d3-58963db0e9d1/sm/snapshot.1_4 time:14
2019-09-11 02:36:55,371 [c53771ff-a4da-40bc-be42-f397952cb81e@group-58963DB0E9D1-StateMachineUpdater] INFO  impl.StateMachineUpdater (StateMachineUpdater.java:takeSnapshot(258)) - c53771ff-a4da-40bc-be42-f397952cb81e@group-58963DB0E9D1-StateMachineUpdater: Took a snapshot at index 4
2019-09-11 02:36:55,371 [c53771ff-a4da-40bc-be42-f397952cb81e@group-58963DB0E9D1-StateMachineUpdater] INFO  impl.StateMachineUpdater (StateMachineUpdater.java:lambda$new$0(83)) - c53771ff-a4da-40bc-be42-f397952cb81e@group-58963DB0E9D1-StateMachineUpdater: snapshotIndex: updateIncreasingly -1 -> 4
2019-09-11 02:36:55,372 [c53771ff-a4da-40bc-be42-f397952cb81e@group-58963DB0E9D1-StateMachineUpdater] INFO  ratis.ContainerStateMachine (ContainerStateMachine.java:takeSnapshot(289)) - group-58963DB0E9D1: Taking a snapshot at:(t:1, i:4) file /workdir/hadoop-ozone/integration-test/target/test-dir/MiniOzoneClusterImpl-3465b5d1-a811-46c9-af46-590ec6677b1b/datanode-6/data/ratis/a15d7450-8b65-4943-81d3-58963db0e9d1/sm/snapshot.1_4
2019-09-11 02:36:55,384 [c53771ff-a4da-40bc-be42-f397952cb81e@group-58963DB0E9D1-StateMachineUpdater] INFO  ratis.ContainerStateMachine (ContainerStateMachine.java:takeSnapshot(300)) - group-58963DB0E9D1: Finished taking a snapshot at:(t:1, i:4) file:/workdir/hadoop-ozone/integration-test/target/test-dir/MiniOzoneClusterImpl-3465b5d1-a811-46c9-af46-590ec6677b1b/datanode-6/data/ratis/a15d7450-8b65-4943-81d3-58963db0e9d1/sm/snapshot.1_4 time:13
2019-09-11 02:36:55,384 [c53771ff-a4da-40bc-be42-f397952cb81e@group-58963DB0E9D1-StateMachineUpdater] INFO  impl.StateMachineUpdater (StateMachineUpdater.java:takeSnapshot(258)) - c53771ff-a4da-40bc-be42-f397952cb81e@group-58963DB0E9D1-StateMachineUpdater: Took a snapshot at index 4
2019-09-11 02:36:55,384 [c53771ff-a4da-40bc-be42-f397952cb81e@group-58963DB0E9D1-StateMachineUpdater] INFO  impl.StateMachineUpdater (StateMachineUpdater.java:lambda$new$0(83)) - c53771ff-a4da-40bc-be42-f397952cb81e@group-58963DB0E9D1-StateMachineUpdater: snapshotIndex: updateIncreasingly 4 -> 4
2019-09-11 02:36:55,385 [grpc-default-executor-1] INFO  impl.RaftServerImpl (ServerState.java:close(385)) - c53771ff-a4da-40bc-be42-f397952cb81e@group-58963DB0E9D1: closes. applyIndex: 6
2019-09-11 02:36:55,395 [c53771ff-a4da-40bc-be42-f397952cb81e@group-58963DB0E9D1-SegmentedRaftLogWorker] ERROR ratis.XceiverServerRatis (XceiverServerRatis.java:triggerPipelineClose(568)) - pipeline Action CLOSE  on pipeline PipelineID=a15d7450-8b65-4943-81d3-58963db0e9d1.Reason : WriteLog:8: (t:1, i:8), STATEMACHINELOGENTRY, client-253D1AE02840, cid=17-writeStateMachineData interrupted.
2019-09-11 02:36:55,399 [EventQueue-PipelineActionsForPipelineActionHandler] ERROR pipeline.PipelineActionHandler (PipelineActionHandler.java:onMessage(60)) - Received pipeline action CLOSE for Pipeline[ Id: a15d7450-8b65-4943-81d3-58963db0e9d1, Nodes: cccfaecc-560c-4f58-9140-53bb7696e889{ip: 192.168.34.53, host: pr-hdds-2107-sbngl-2106859965, networkLocation: /default-rack, certSerialId: null}28f29a4c-baf6-4c40-b523-744acc0a8c83{ip: 192.168.34.53, host: pr-hdds-2107-sbngl-2106859965, networkLocation: /default-rack, certSerialId: null}c53771ff-a4da-40bc-be42-f397952cb81e{ip: 192.168.34.53, host: pr-hdds-2107-sbngl-2106859965, networkLocation: /default-rack, certSerialId: null}, Type:RATIS, Factor:THREE, State:CLOSED] from datanode c53771ff-a4da-40bc-be42-f397952cb81e{ip: 192.168.34.53, host: pr-hdds-2107-sbngl-2106859965, networkLocation: /default-rack, certSerialId: null}. Reason : WriteLog:8: (t:1, i:8), STATEMACHINELOGENTRY, client-253D1AE02840, cid=17-writeStateMachineData interrupted.
2019-09-11 02:36:55,399 [EventQueue-PipelineActionsForPipelineActionHandler] INFO  pipeline.SCMPipelineManager (SCMPipelineManager.java:finalizeAndDestroyPipeline(311)) - destroying pipeline:Pipeline[ Id: a15d7450-8b65-4943-81d3-58963db0e9d1, Nodes: cccfaecc-560c-4f58-9140-53bb7696e889{ip: 192.168.34.53, host: pr-hdds-2107-sbngl-2106859965, networkLocation: /default-rack, certSerialId: null}28f29a4c-baf6-4c40-b523-744acc0a8c83{ip: 192.168.34.53, host: pr-hdds-2107-sbngl-2106859965, networkLocation: /default-rack, certSerialId: null}c53771ff-a4da-40bc-be42-f397952cb81e{ip: 192.168.34.53, host: pr-hdds-2107-sbngl-2106859965, networkLocation: /default-rack, certSerialId: null}, Type:RATIS, Factor:THREE, State:CLOSED]
2019-09-11 02:36:55,409 [grpc-default-executor-1] INFO  segmented.SegmentedRaftLogWorker (SegmentedRaftLogWorker.java:close(228)) - c53771ff-a4da-40bc-be42-f397952cb81e@group-58963DB0E9D1-SegmentedRaftLogWorker close()
2019-09-11 02:36:55,424 [grpc-default-executor-1] INFO  interfaces.Container (KeyValueContainer.java:flushAndSyncDB(386)) - Container 1 is synced with bcsId 4.
2019-09-11 02:36:55,425 [grpc-default-executor-1] INFO  interfaces.Container (KeyValueContainer.java:flushAndSyncDB(386)) - Container 1 is synced with bcsId 4.
2019-09-11 02:36:55,525 [grpc-default-executor-1] INFO  interfaces.Container (KeyValueContainer.java:flushAndSyncDB(386)) - Container 2 is synced with bcsId 0.
2019-09-11 02:36:55,525 [grpc-default-executor-1] INFO  interfaces.Container (KeyValueContainer.java:flushAndSyncDB(386)) - Container 2 is synced with bcsId 0.
2019-09-11 02:36:55,545 [RatisPipelineUtilsThread] INFO  pipeline.PipelineStateManager (PipelineStateManager.java:removePipeline(108)) - Pipeline Pipeline[ Id: a15d7450-8b65-4943-81d3-58963db0e9d1, Nodes: cccfaecc-560c-4f58-9140-53bb7696e889{ip: 192.168.34.53, host: pr-hdds-2107-sbngl-2106859965, networkLocation: /default-rack, certSerialId: null}28f29a4c-baf6-4c40-b523-744acc0a8c83{ip: 192.168.34.53, host: pr-hdds-2107-sbngl-2106859965, networkLocation: /default-rack, certSerialId: null}c53771ff-a4da-40bc-be42-f397952cb81e{ip: 192.168.34.53, host: pr-hdds-2107-sbngl-2106859965, networkLocation: /default-rack, certSerialId: null}, Type:RATIS, Factor:THREE, State:CLOSED] removed from db
2019-09-11 02:36:55,570 [grpc-default-executor-6] INFO  impl.RaftServerProxy (RaftServerProxy.java:addNew(89)) - 28f29a4c-baf6-4c40-b523-744acc0a8c83: addNew group-5FC83EB0E599:[c53771ff-a4da-40bc-be42-f397952cb81e:192.168.34.53:37384, cccfaecc-560c-4f58-9140-53bb7696e889:192.168.34.53:43087, 28f29a4c-baf6-4c40-b523-744acc0a8c83:192.168.34.53:35385] returns group-5FC83EB0E599:java.util.concurrent.CompletableFuture@2cb0595d[Not completed]
2019-09-11 02:36:55,570 [grpc-default-executor-7] INFO  impl.RaftServerProxy (RaftServerProxy.java:addNew(89)) - c53771ff-a4da-40bc-be42-f397952cb81e: addNew group-5FC83EB0E599:[c53771ff-a4da-40bc-be42-f397952cb81e:192.168.34.53:37384, cccfaecc-560c-4f58-9140-53bb7696e889:192.168.34.53:43087, 28f29a4c-baf6-4c40-b523-744acc0a8c83:192.168.34.53:35385] returns group-5FC83EB0E599:java.util.concurrent.CompletableFuture@37eca51e[Not completed]
2019-09-11 02:36:55,570 [grpc-default-executor-1] INFO  impl.RaftServerProxy (RaftServerProxy.java:addNew(89)) - cccfaecc-560c-4f58-9140-53bb7696e889: addNew group-5FC83EB0E599:[c53771ff-a4da-40bc-be42-f397952cb81e:192.168.34.53:37384, cccfaecc-560c-4f58-9140-53bb7696e889:192.168.34.53:43087, 28f29a4c-baf6-4c40-b523-744acc0a8c83:192.168.34.53:35385] returns group-5FC83EB0E599:java.util.concurrent.CompletableFuture@7273e9bb[Not completed]
2019-09-11 02:36:55,574 [pool-57-thread-1] INFO  impl.RaftServerImpl (RaftServerImpl.java:<init>(95)) - 28f29a4c-baf6-4c40-b523-744acc0a8c83: new RaftServerImpl for group-5FC83EB0E599:[c53771ff-a4da-40bc-be42-f397952cb81e:192.168.34.53:37384, cccfaecc-560c-4f58-9140-53bb7696e889:192.168.34.53:43087, 28f29a4c-baf6-4c40-b523-744acc0a8c83:192.168.34.53:35385] with ContainerStateMachine:uninitialized
2019-09-11 02:36:55,574 [pool-57-thread-1] INFO  server.RaftServerConfigKeys (ConfUtils.java:logGet(43)) - raft.server.rpc.timeout.min = 5s (custom)
2019-09-11 02:36:55,574 [pool-57-thread-1] INFO  server.RaftServerConfigKeys (ConfUtils.java:logGet(43)) - raft.server.rpc.timeout.max = 5200ms (custom)
2019-09-11 02:36:55,574 [pool-57-thread-1] INFO  server.RaftServerConfigKeys (ConfUtils.java:logGet(43)) - raft.server.rpcslowness.timeout = 120s (custom)
2019-09-11 02:36:55,574 [pool-57-thread-1] INFO  server.RaftServerConfigKeys (ConfUtils.java:logGet(43)) - raft.server.sleep.deviation.threshold = 300 (default)
2019-09-11 02:36:55,574 [pool-57-thread-1] INFO  server.RaftServerConfigKeys (ConfUtils.java:logGet(43)) - raft.server.log.appender.install.snapshot.enabled = false (custom)
2019-09-11 02:36:55,575 [pool-47-thread-1] INFO  impl.RaftServerImpl (RaftServerImpl.java:<init>(95)) - cccfaecc-560c-4f58-9140-53bb7696e889: new RaftServerImpl for group-5FC83EB0E599:[c53771ff-a4da-40bc-be42-f397952cb81e:192.168.34.53:37384, cccfaecc-560c-4f58-9140-53bb7696e889:192.168.34.53:43087, 28f29a4c-baf6-4c40-b523-744acc0a8c83:192.168.34.53:35385] with ContainerStateMachine:uninitialized
2019-09-11 02:36:55,575 [pool-57-thread-1] INFO  impl.RaftServerImpl (ServerState.java:<init>(103)) - 28f29a4c-baf6-4c40-b523-744acc0a8c83@group-5FC83EB0E599: ConfigurationManager, init=-1: [c53771ff-a4da-40bc-be42-f397952cb81e:192.168.34.53:37384, cccfaecc-560c-4f58-9140-53bb7696e889:192.168.34.53:43087, 28f29a4c-baf6-4c40-b523-744acc0a8c83:192.168.34.53:35385], old=null, confs=<EMPTY_MAP>
2019-09-11 02:36:55,575 [pool-47-thread-1] INFO  server.RaftServerConfigKeys (ConfUtils.java:logGet(43)) - raft.server.rpc.timeout.min = 5s (custom)
2019-09-11 02:36:55,575 [pool-47-thread-1] INFO  server.RaftServerConfigKeys (ConfUtils.java:logGet(43)) - raft.server.rpc.timeout.max = 5200ms (custom)
2019-09-11 02:36:55,575 [pool-47-thread-1] INFO  server.RaftServerConfigKeys (ConfUtils.java:logGet(43)) - raft.server.rpcslowness.timeout = 120s (custom)
2019-09-11 02:36:55,575 [pool-57-thread-1] INFO  server.RaftServerConfigKeys (ConfUtils.java:logGet(43)) - raft.server.storage.dir = [/workdir/hadoop-ozone/integration-test/target/test-dir/MiniOzoneClusterImpl-3465b5d1-a811-46c9-af46-590ec6677b1b/datanode-3/data/ratis] (custom)
2019-09-11 02:36:55,575 [pool-47-thread-1] INFO  server.RaftServerConfigKeys (ConfUtils.java:logGet(43)) - raft.server.sleep.deviation.threshold = 300 (default)
2019-09-11 02:36:55,576 [pool-47-thread-1] INFO  server.RaftServerConfigKeys (ConfUtils.java:logGet(43)) - raft.server.log.appender.install.snapshot.enabled = false (custom)
2019-09-11 02:36:55,576 [pool-47-thread-1] INFO  impl.RaftServerImpl (ServerState.java:<init>(103)) - cccfaecc-560c-4f58-9140-53bb7696e889@group-5FC83EB0E599: ConfigurationManager, init=-1: [c53771ff-a4da-40bc-be42-f397952cb81e:192.168.34.53:37384, cccfaecc-560c-4f58-9140-53bb7696e889:192.168.34.53:43087, 28f29a4c-baf6-4c40-b523-744acc0a8c83:192.168.34.53:35385], old=null, confs=<EMPTY_MAP>
2019-09-11 02:36:55,576 [pool-57-thread-1] INFO  storage.RaftStorageDirectory (RaftStorageDirectory.java:analyzeStorage(246)) - The storage directory /workdir/hadoop-ozone/integration-test/target/test-dir/MiniOzoneClusterImpl-3465b5d1-a811-46c9-af46-590ec6677b1b/datanode-3/data/ratis/e24272a4-7e17-41b5-94a9-5fc83eb0e599 does not exist. Creating ...
2019-09-11 02:36:55,576 [pool-47-thread-1] INFO  server.RaftServerConfigKeys (ConfUtils.java:logGet(43)) - raft.server.storage.dir = [/workdir/hadoop-ozone/integration-test/target/test-dir/MiniOzoneClusterImpl-3465b5d1-a811-46c9-af46-590ec6677b1b/datanode-2/data/ratis] (custom)
2019-09-11 02:36:55,577 [pool-87-thread-1] INFO  impl.RaftServerImpl (RaftServerImpl.java:<init>(95)) - c53771ff-a4da-40bc-be42-f397952cb81e: new RaftServerImpl for group-5FC83EB0E599:[c53771ff-a4da-40bc-be42-f397952cb81e:192.168.34.53:37384, cccfaecc-560c-4f58-9140-53bb7696e889:192.168.34.53:43087, 28f29a4c-baf6-4c40-b523-744acc0a8c83:192.168.34.53:35385] with ContainerStateMachine:uninitialized
2019-09-11 02:36:55,577 [pool-47-thread-1] INFO  storage.RaftStorageDirectory (RaftStorageDirectory.java:analyzeStorage(246)) - The storage directory /workdir/hadoop-ozone/integration-test/target/test-dir/MiniOzoneClusterImpl-3465b5d1-a811-46c9-af46-590ec6677b1b/datanode-2/data/ratis/e24272a4-7e17-41b5-94a9-5fc83eb0e599 does not exist. Creating ...
2019-09-11 02:36:55,577 [pool-87-thread-1] INFO  server.RaftServerConfigKeys (ConfUtils.java:logGet(43)) - raft.server.rpc.timeout.min = 5s (custom)
2019-09-11 02:36:55,577 [pool-87-thread-1] INFO  server.RaftServerConfigKeys (ConfUtils.java:logGet(43)) - raft.server.rpc.timeout.max = 5200ms (custom)
2019-09-11 02:36:55,577 [pool-87-thread-1] INFO  server.RaftServerConfigKeys (ConfUtils.java:logGet(43)) - raft.server.rpcslowness.timeout = 120s (custom)
2019-09-11 02:36:55,578 [pool-87-thread-1] INFO  server.RaftServerConfigKeys (ConfUtils.java:logGet(43)) - raft.server.sleep.deviation.threshold = 300 (default)
2019-09-11 02:36:55,578 [pool-87-thread-1] INFO  server.RaftServerConfigKeys (ConfUtils.java:logGet(43)) - raft.server.log.appender.install.snapshot.enabled = false (custom)
2019-09-11 02:36:55,578 [pool-87-thread-1] INFO  impl.RaftServerImpl (ServerState.java:<init>(103)) - c53771ff-a4da-40bc-be42-f397952cb81e@group-5FC83EB0E599: ConfigurationManager, init=-1: [c53771ff-a4da-40bc-be42-f397952cb81e:192.168.34.53:37384, cccfaecc-560c-4f58-9140-53bb7696e889:192.168.34.53:43087, 28f29a4c-baf6-4c40-b523-744acc0a8c83:192.168.34.53:35385], old=null, confs=<EMPTY_MAP>
2019-09-11 02:36:55,578 [pool-87-thread-1] INFO  server.RaftServerConfigKeys (ConfUtils.java:logGet(43)) - raft.server.storage.dir = [/workdir/hadoop-ozone/integration-test/target/test-dir/MiniOzoneClusterImpl-3465b5d1-a811-46c9-af46-590ec6677b1b/datanode-6/data/ratis] (custom)
2019-09-11 02:36:55,579 [pool-87-thread-1] INFO  storage.RaftStorageDirectory (RaftStorageDirectory.java:analyzeStorage(246)) - The storage directory /workdir/hadoop-ozone/integration-test/target/test-dir/MiniOzoneClusterImpl-3465b5d1-a811-46c9-af46-590ec6677b1b/datanode-6/data/ratis/e24272a4-7e17-41b5-94a9-5fc83eb0e599 does not exist. Creating ...
2019-09-11 02:36:55,581 [pool-47-thread-1] INFO  storage.RaftStorageDirectory (RaftStorageDirectory.java:tryLock(328)) - Lock on /workdir/hadoop-ozone/integration-test/target/test-dir/MiniOzoneClusterImpl-3465b5d1-a811-46c9-af46-590ec6677b1b/datanode-2/data/ratis/e24272a4-7e17-41b5-94a9-5fc83eb0e599/in_use.lock acquired by nodename 11114@pr-hdds-2107-sbngl-2106859965
2019-09-11 02:36:55,581 [pool-57-thread-1] INFO  storage.RaftStorageDirectory (RaftStorageDirectory.java:tryLock(328)) - Lock on /workdir/hadoop-ozone/integration-test/target/test-dir/MiniOzoneClusterImpl-3465b5d1-a811-46c9-af46-590ec6677b1b/datanode-3/data/ratis/e24272a4-7e17-41b5-94a9-5fc83eb0e599/in_use.lock acquired by nodename 11114@pr-hdds-2107-sbngl-2106859965
2019-09-11 02:36:55,583 [pool-87-thread-1] INFO  storage.RaftStorageDirectory (RaftStorageDirectory.java:tryLock(328)) - Lock on /workdir/hadoop-ozone/integration-test/target/test-dir/MiniOzoneClusterImpl-3465b5d1-a811-46c9-af46-590ec6677b1b/datanode-6/data/ratis/e24272a4-7e17-41b5-94a9-5fc83eb0e599/in_use.lock acquired by nodename 11114@pr-hdds-2107-sbngl-2106859965
2019-09-11 02:36:55,614 [pool-57-thread-1] INFO  storage.RaftStorage (RaftStorage.java:format(72)) - Storage directory /workdir/hadoop-ozone/integration-test/target/test-dir/MiniOzoneClusterImpl-3465b5d1-a811-46c9-af46-590ec6677b1b/datanode-3/data/ratis/e24272a4-7e17-41b5-94a9-5fc83eb0e599 has been successfully formatted.
2019-09-11 02:36:55,614 [pool-47-thread-1] INFO  storage.RaftStorage (RaftStorage.java:format(72)) - Storage directory /workdir/hadoop-ozone/integration-test/target/test-dir/MiniOzoneClusterImpl-3465b5d1-a811-46c9-af46-590ec6677b1b/datanode-2/data/ratis/e24272a4-7e17-41b5-94a9-5fc83eb0e599 has been successfully formatted.
2019-09-11 02:36:55,614 [pool-57-thread-1] INFO  ratis.ContainerStateMachine (ContainerStateMachine.java:loadSnapshot(230)) - group-5FC83EB0E599: The snapshot info is null. Setting the last applied indexto:(t:0, i:~)
2019-09-11 02:36:55,614 [pool-47-thread-1] INFO  ratis.ContainerStateMachine (ContainerStateMachine.java:loadSnapshot(230)) - group-5FC83EB0E599: The snapshot info is null. Setting the last applied indexto:(t:0, i:~)
2019-09-11 02:36:55,614 [pool-57-thread-1] INFO  server.RaftServerConfigKeys (ConfUtils.java:logGet(43)) - raft.server.notification.no-leader.timeout = 120s (custom)
2019-09-11 02:36:55,615 [pool-47-thread-1] INFO  server.RaftServerConfigKeys (ConfUtils.java:logGet(43)) - raft.server.notification.no-leader.timeout = 120s (custom)
2019-09-11 02:36:55,615 [pool-57-thread-1] INFO  server.RaftServerConfigKeys (ConfUtils.java:logGet(43)) - raft.server.log.use.memory = false (default)
2019-09-11 02:36:55,615 [pool-47-thread-1] INFO  server.RaftServerConfigKeys (ConfUtils.java:logGet(43)) - raft.server.log.use.memory = false (default)
2019-09-11 02:36:55,615 [pool-57-thread-1] INFO  server.RaftServerConfigKeys (ConfUtils.java:logGet(43)) - raft.server.log.purge.gap = 1000000 (custom)
2019-09-11 02:36:55,615 [pool-47-thread-1] INFO  server.RaftServerConfigKeys (ConfUtils.java:logGet(43)) - raft.server.log.purge.gap = 1000000 (custom)
2019-09-11 02:36:55,616 [pool-57-thread-1] INFO  server.RaftServerConfigKeys (ConfUtils.java:logGet(43)) - raft.server.log.appender.buffer.byte-limit = 33554432 (custom)
2019-09-11 02:36:55,616 [pool-47-thread-1] INFO  server.RaftServerConfigKeys (ConfUtils.java:logGet(43)) - raft.server.log.appender.buffer.byte-limit = 33554432 (custom)
2019-09-11 02:36:55,616 [pool-57-thread-1] INFO  server.RaftServerConfigKeys (ConfUtils.java:logGet(43)) - raft.server.log.segment.size.max = 1048576 (custom)
2019-09-11 02:36:55,616 [pool-47-thread-1] INFO  server.RaftServerConfigKeys (ConfUtils.java:logGet(43)) - raft.server.log.segment.size.max = 1048576 (custom)
2019-09-11 02:36:55,617 [pool-57-thread-1] INFO  server.RaftServerConfigKeys (ConfUtils.java:logGet(43)) - raft.server.log.segment.cache.num.max = 2 (custom)
2019-09-11 02:36:55,617 [pool-47-thread-1] INFO  server.RaftServerConfigKeys (ConfUtils.java:logGet(43)) - raft.server.log.segment.cache.num.max = 2 (custom)
2019-09-11 02:36:55,617 [pool-57-thread-1] INFO  segmented.SegmentedRaftLogWorker (SegmentedRaftLogWorker.java:<init>(172)) - new 28f29a4c-baf6-4c40-b523-744acc0a8c83@group-5FC83EB0E599-SegmentedRaftLogWorker for RaftStorage:Storage Directory /workdir/hadoop-ozone/integration-test/target/test-dir/MiniOzoneClusterImpl-3465b5d1-a811-46c9-af46-590ec6677b1b/datanode-3/data/ratis/e24272a4-7e17-41b5-94a9-5fc83eb0e599
2019-09-11 02:36:55,617 [pool-47-thread-1] INFO  segmented.SegmentedRaftLogWorker (SegmentedRaftLogWorker.java:<init>(172)) - new cccfaecc-560c-4f58-9140-53bb7696e889@group-5FC83EB0E599-SegmentedRaftLogWorker for RaftStorage:Storage Directory /workdir/hadoop-ozone/integration-test/target/test-dir/MiniOzoneClusterImpl-3465b5d1-a811-46c9-af46-590ec6677b1b/datanode-2/data/ratis/e24272a4-7e17-41b5-94a9-5fc83eb0e599
2019-09-11 02:36:55,618 [pool-57-thread-1] INFO  server.RaftServerConfigKeys (ConfUtils.java:logGet(43)) - raft.server.log.queue.byte-limit = 2147483647 (custom)
2019-09-11 02:36:55,618 [pool-47-thread-1] INFO  server.RaftServerConfigKeys (ConfUtils.java:logGet(43)) - raft.server.log.queue.byte-limit = 2147483647 (custom)
2019-09-11 02:36:55,618 [pool-57-thread-1] INFO  server.RaftServerConfigKeys (ConfUtils.java:logGet(43)) - raft.server.log.queue.element-limit = 1024 (custom)
2019-09-11 02:36:55,618 [pool-47-thread-1] INFO  server.RaftServerConfigKeys (ConfUtils.java:logGet(43)) - raft.server.log.queue.element-limit = 1024 (custom)
2019-09-11 02:36:55,618 [pool-57-thread-1] INFO  server.RaftServerConfigKeys (ConfUtils.java:logGet(43)) - raft.server.log.segment.size.max = 1048576 (custom)
2019-09-11 02:36:55,619 [pool-47-thread-1] INFO  server.RaftServerConfigKeys (ConfUtils.java:logGet(43)) - raft.server.log.segment.size.max = 1048576 (custom)
2019-09-11 02:36:55,619 [pool-57-thread-1] INFO  server.RaftServerConfigKeys (ConfUtils.java:logGet(43)) - raft.server.log.preallocated.size = 16384 (custom)
2019-09-11 02:36:55,619 [pool-47-thread-1] INFO  server.RaftServerConfigKeys (ConfUtils.java:logGet(43)) - raft.server.log.preallocated.size = 16384 (custom)
2019-09-11 02:36:55,619 [pool-57-thread-1] INFO  server.RaftServerConfigKeys (ConfUtils.java:logGet(43)) - raft.server.log.write.buffer.size = 33554432 (custom)
2019-09-11 02:36:55,619 [pool-47-thread-1] INFO  server.RaftServerConfigKeys (ConfUtils.java:logGet(43)) - raft.server.log.write.buffer.size = 33554432 (custom)
2019-09-11 02:36:55,620 [pool-57-thread-1] INFO  server.RaftServerConfigKeys (ConfUtils.java:logGet(43)) - raft.server.log.force.sync.num = 128 (default)
2019-09-11 02:36:55,620 [pool-47-thread-1] INFO  server.RaftServerConfigKeys (ConfUtils.java:logGet(43)) - raft.server.log.force.sync.num = 128 (default)
2019-09-11 02:36:55,620 [pool-57-thread-1] INFO  server.RaftServerConfigKeys (ConfUtils.java:logGet(43)) - raft.server.log.statemachine.data.sync = true (default)
2019-09-11 02:36:55,620 [pool-47-thread-1] INFO  server.RaftServerConfigKeys (ConfUtils.java:logGet(43)) - raft.server.log.statemachine.data.sync = true (default)
2019-09-11 02:36:55,621 [pool-57-thread-1] INFO  server.RaftServerConfigKeys (ConfUtils.java:logGet(43)) - raft.server.log.statemachine.data.sync.timeout = 10s (default)
2019-09-11 02:36:55,621 [pool-47-thread-1] INFO  server.RaftServerConfigKeys (ConfUtils.java:logGet(43)) - raft.server.log.statemachine.data.sync.timeout = 10s (default)
2019-09-11 02:36:55,621 [pool-57-thread-1] INFO  server.RaftServerConfigKeys (ConfUtils.java:logGet(43)) - raft.server.log.statemachine.data.sync.timeout.retry = -1 (default)
2019-09-11 02:36:55,621 [pool-47-thread-1] INFO  server.RaftServerConfigKeys (ConfUtils.java:logGet(43)) - raft.server.log.statemachine.data.sync.timeout.retry = -1 (default)
2019-09-11 02:36:55,622 [pool-57-thread-1] INFO  server.RaftServerConfigKeys (ConfUtils.java:logGet(43)) - raft.server.log.statemachine.data.caching.enabled = true (custom)
2019-09-11 02:36:55,622 [pool-47-thread-1] INFO  server.RaftServerConfigKeys (ConfUtils.java:logGet(43)) - raft.server.log.statemachine.data.caching.enabled = true (custom)
2019-09-11 02:36:55,622 [pool-47-thread-1] INFO  segmented.SegmentedRaftLogWorker (SegmentedRaftLogWorker.java:lambda$new$0(132)) - cccfaecc-560c-4f58-9140-53bb7696e889@group-5FC83EB0E599-SegmentedRaftLogWorker: flushIndex: setUnconditionally 0 -> -1
2019-09-11 02:36:55,622 [pool-57-thread-1] INFO  segmented.SegmentedRaftLogWorker (SegmentedRaftLogWorker.java:lambda$new$0(132)) - 28f29a4c-baf6-4c40-b523-744acc0a8c83@group-5FC83EB0E599-SegmentedRaftLogWorker: flushIndex: setUnconditionally 0 -> -1
2019-09-11 02:36:55,623 [pool-47-thread-1] INFO  server.RaftServerConfigKeys (ConfUtils.java:logGet(43)) - raft.server.snapshot.auto.trigger.enabled = true (custom)
2019-09-11 02:36:55,623 [pool-47-thread-1] INFO  server.RaftServerConfigKeys (ConfUtils.java:logGet(43)) - raft.server.snapshot.auto.trigger.threshold = 10000 (custom)
2019-09-11 02:36:55,623 [pool-57-thread-1] INFO  server.RaftServerConfigKeys (ConfUtils.java:logGet(43)) - raft.server.snapshot.auto.trigger.enabled = true (custom)
2019-09-11 02:36:55,623 [pool-47-thread-1] INFO  server.RaftServerConfigKeys (ConfUtils.java:logGet(43)) - raft.server.snapshot.retention.num.files = -1 (default)
2019-09-11 02:36:55,624 [pool-57-thread-1] INFO  server.RaftServerConfigKeys (ConfUtils.java:logGet(43)) - raft.server.snapshot.auto.trigger.threshold = 10000 (custom)
2019-09-11 02:36:55,624 [pool-47-thread-1] INFO  server.RaftServerConfigKeys (ConfUtils.java:logGet(43)) - raft.server.retrycache.expirytime = 600000ms (custom)
2019-09-11 02:36:55,624 [pool-57-thread-1] INFO  server.RaftServerConfigKeys (ConfUtils.java:logGet(43)) - raft.server.snapshot.retention.num.files = -1 (default)
2019-09-11 02:36:55,625 [pool-57-thread-1] INFO  server.RaftServerConfigKeys (ConfUtils.java:logGet(43)) - raft.server.retrycache.expirytime = 600000ms (custom)
2019-09-11 02:36:55,632 [pool-47-thread-1] INFO  impl.RaftServerImpl (RaftServerImpl.java:start(185)) - cccfaecc-560c-4f58-9140-53bb7696e889@group-5FC83EB0E599: start as a follower, conf=-1: [c53771ff-a4da-40bc-be42-f397952cb81e:192.168.34.53:37384, cccfaecc-560c-4f58-9140-53bb7696e889:192.168.34.53:43087, 28f29a4c-baf6-4c40-b523-744acc0a8c83:192.168.34.53:35385], old=null
2019-09-11 02:36:55,632 [pool-57-thread-1] INFO  impl.RaftServerImpl (RaftServerImpl.java:start(185)) - 28f29a4c-baf6-4c40-b523-744acc0a8c83@group-5FC83EB0E599: start as a follower, conf=-1: [c53771ff-a4da-40bc-be42-f397952cb81e:192.168.34.53:37384, cccfaecc-560c-4f58-9140-53bb7696e889:192.168.34.53:43087, 28f29a4c-baf6-4c40-b523-744acc0a8c83:192.168.34.53:35385], old=null
2019-09-11 02:36:55,632 [pool-57-thread-1] INFO  impl.RaftServerImpl (RaftServerImpl.java:setRole(174)) - 28f29a4c-baf6-4c40-b523-744acc0a8c83@group-5FC83EB0E599: changes role from      null to FOLLOWER at term 0 for startAsFollower
2019-09-11 02:36:55,633 [pool-57-thread-1] INFO  impl.RoleInfo (RoleInfo.java:updateAndGet(143)) - 28f29a4c-baf6-4c40-b523-744acc0a8c83: start FollowerState
2019-09-11 02:36:55,632 [pool-47-thread-1] INFO  impl.RaftServerImpl (RaftServerImpl.java:setRole(174)) - cccfaecc-560c-4f58-9140-53bb7696e889@group-5FC83EB0E599: changes role from      null to FOLLOWER at term 0 for startAsFollower
2019-09-11 02:36:55,634 [pool-57-thread-1] INFO  util.JmxRegister (JmxRegister.java:tryRegister(44)) - Successfully registered JMX Bean with object name Ratis:service=RaftServer,group=group-5FC83EB0E599,id=28f29a4c-baf6-4c40-b523-744acc0a8c83
2019-09-11 02:36:55,634 [pool-47-thread-1] INFO  impl.RoleInfo (RoleInfo.java:updateAndGet(143)) - cccfaecc-560c-4f58-9140-53bb7696e889: start FollowerState
2019-09-11 02:36:55,635 [pool-47-thread-1] INFO  util.JmxRegister (JmxRegister.java:tryRegister(44)) - Successfully registered JMX Bean with object name Ratis:service=RaftServer,group=group-5FC83EB0E599,id=cccfaecc-560c-4f58-9140-53bb7696e889
2019-09-11 02:36:55,639 [pool-87-thread-1] INFO  storage.RaftStorage (RaftStorage.java:format(72)) - Storage directory /workdir/hadoop-ozone/integration-test/target/test-dir/MiniOzoneClusterImpl-3465b5d1-a811-46c9-af46-590ec6677b1b/datanode-6/data/ratis/e24272a4-7e17-41b5-94a9-5fc83eb0e599 has been successfully formatted.
2019-09-11 02:36:55,640 [pool-87-thread-1] INFO  ratis.ContainerStateMachine (ContainerStateMachine.java:loadSnapshot(230)) - group-5FC83EB0E599: The snapshot info is null. Setting the last applied indexto:(t:0, i:~)
2019-09-11 02:36:55,640 [pool-87-thread-1] INFO  server.RaftServerConfigKeys (ConfUtils.java:logGet(43)) - raft.server.notification.no-leader.timeout = 120s (custom)
2019-09-11 02:36:55,640 [pool-87-thread-1] INFO  server.RaftServerConfigKeys (ConfUtils.java:logGet(43)) - raft.server.log.use.memory = false (default)
2019-09-11 02:36:55,640 [pool-87-thread-1] INFO  server.RaftServerConfigKeys (ConfUtils.java:logGet(43)) - raft.server.log.purge.gap = 1000000 (custom)
2019-09-11 02:36:55,640 [pool-87-thread-1] INFO  server.RaftServerConfigKeys (ConfUtils.java:logGet(43)) - raft.server.log.appender.buffer.byte-limit = 33554432 (custom)
2019-09-11 02:36:55,640 [pool-87-thread-1] INFO  server.RaftServerConfigKeys (ConfUtils.java:logGet(43)) - raft.server.log.segment.size.max = 1048576 (custom)
2019-09-11 02:36:55,640 [pool-87-thread-1] INFO  server.RaftServerConfigKeys (ConfUtils.java:logGet(43)) - raft.server.log.segment.cache.num.max = 2 (custom)
2019-09-11 02:36:55,641 [pool-87-thread-1] INFO  segmented.SegmentedRaftLogWorker (SegmentedRaftLogWorker.java:<init>(172)) - new c53771ff-a4da-40bc-be42-f397952cb81e@group-5FC83EB0E599-SegmentedRaftLogWorker for RaftStorage:Storage Directory /workdir/hadoop-ozone/integration-test/target/test-dir/MiniOzoneClusterImpl-3465b5d1-a811-46c9-af46-590ec6677b1b/datanode-6/data/ratis/e24272a4-7e17-41b5-94a9-5fc83eb0e599
2019-09-11 02:36:55,641 [pool-87-thread-1] INFO  server.RaftServerConfigKeys (ConfUtils.java:logGet(43)) - raft.server.log.queue.byte-limit = 2147483647 (custom)
2019-09-11 02:36:55,641 [pool-87-thread-1] INFO  server.RaftServerConfigKeys (ConfUtils.java:logGet(43)) - raft.server.log.queue.element-limit = 1024 (custom)
2019-09-11 02:36:55,641 [pool-87-thread-1] INFO  server.RaftServerConfigKeys (ConfUtils.java:logGet(43)) - raft.server.log.segment.size.max = 1048576 (custom)
2019-09-11 02:36:55,641 [pool-87-thread-1] INFO  server.RaftServerConfigKeys (ConfUtils.java:logGet(43)) - raft.server.log.preallocated.size = 16384 (custom)
2019-09-11 02:36:55,641 [pool-87-thread-1] INFO  server.RaftServerConfigKeys (ConfUtils.java:logGet(43)) - raft.server.log.write.buffer.size = 33554432 (custom)
2019-09-11 02:36:55,641 [pool-87-thread-1] INFO  server.RaftServerConfigKeys (ConfUtils.java:logGet(43)) - raft.server.log.force.sync.num = 128 (default)
2019-09-11 02:36:55,641 [pool-87-thread-1] INFO  server.RaftServerConfigKeys (ConfUtils.java:logGet(43)) - raft.server.log.statemachine.data.sync = true (default)
2019-09-11 02:36:55,642 [pool-87-thread-1] INFO  server.RaftServerConfigKeys (ConfUtils.java:logGet(43)) - raft.server.log.statemachine.data.sync.timeout = 10s (default)
2019-09-11 02:36:55,642 [pool-87-thread-1] INFO  server.RaftServerConfigKeys (ConfUtils.java:logGet(43)) - raft.server.log.statemachine.data.sync.timeout.retry = -1 (default)
2019-09-11 02:36:55,642 [pool-87-thread-1] INFO  server.RaftServerConfigKeys (ConfUtils.java:logGet(43)) - raft.server.log.statemachine.data.caching.enabled = true (custom)
2019-09-11 02:36:55,642 [pool-87-thread-1] INFO  segmented.SegmentedRaftLogWorker (SegmentedRaftLogWorker.java:lambda$new$0(132)) - c53771ff-a4da-40bc-be42-f397952cb81e@group-5FC83EB0E599-SegmentedRaftLogWorker: flushIndex: setUnconditionally 0 -> -1
2019-09-11 02:36:55,642 [pool-87-thread-1] INFO  server.RaftServerConfigKeys (ConfUtils.java:logGet(43)) - raft.server.snapshot.auto.trigger.enabled = true (custom)
2019-09-11 02:36:55,643 [pool-87-thread-1] INFO  server.RaftServerConfigKeys (ConfUtils.java:logGet(43)) - raft.server.snapshot.auto.trigger.threshold = 10000 (custom)
2019-09-11 02:36:55,643 [pool-87-thread-1] INFO  server.RaftServerConfigKeys (ConfUtils.java:logGet(43)) - raft.server.snapshot.retention.num.files = -1 (default)
2019-09-11 02:36:55,643 [pool-87-thread-1] INFO  server.RaftServerConfigKeys (ConfUtils.java:logGet(43)) - raft.server.retrycache.expirytime = 600000ms (custom)
2019-09-11 02:36:55,645 [pool-87-thread-1] INFO  impl.RaftServerImpl (RaftServerImpl.java:start(185)) - c53771ff-a4da-40bc-be42-f397952cb81e@group-5FC83EB0E599: start as a follower, conf=-1: [c53771ff-a4da-40bc-be42-f397952cb81e:192.168.34.53:37384, cccfaecc-560c-4f58-9140-53bb7696e889:192.168.34.53:43087, 28f29a4c-baf6-4c40-b523-744acc0a8c83:192.168.34.53:35385], old=null
2019-09-11 02:36:55,646 [pool-87-thread-1] INFO  impl.RaftServerImpl (RaftServerImpl.java:setRole(174)) - c53771ff-a4da-40bc-be42-f397952cb81e@group-5FC83EB0E599: changes role from      null to FOLLOWER at term 0 for startAsFollower
2019-09-11 02:36:55,646 [pool-87-thread-1] INFO  impl.RoleInfo (RoleInfo.java:updateAndGet(143)) - c53771ff-a4da-40bc-be42-f397952cb81e: start FollowerState
2019-09-11 02:36:55,646 [pool-87-thread-1] INFO  util.JmxRegister (JmxRegister.java:tryRegister(44)) - Successfully registered JMX Bean with object name Ratis:service=RaftServer,group=group-5FC83EB0E599,id=c53771ff-a4da-40bc-be42-f397952cb81e
2019-09-11 02:36:55,651 [RatisPipelineUtilsThread] INFO  pipeline.PipelineStateManager (PipelineStateManager.java:addPipeline(56)) - Created pipeline Pipeline[ Id: e24272a4-7e17-41b5-94a9-5fc83eb0e599, Nodes: cccfaecc-560c-4f58-9140-53bb7696e889{ip: 192.168.34.53, host: pr-hdds-2107-sbngl-2106859965, networkLocation: /default-rack, certSerialId: null}28f29a4c-baf6-4c40-b523-744acc0a8c83{ip: 192.168.34.53, host: pr-hdds-2107-sbngl-2106859965, networkLocation: /default-rack, certSerialId: null}c53771ff-a4da-40bc-be42-f397952cb81e{ip: 192.168.34.53, host: pr-hdds-2107-sbngl-2106859965, networkLocation: /default-rack, certSerialId: null}, Type:RATIS, Factor:THREE, State:OPEN]
2019-09-11 02:36:56,194 [main] WARN  io.KeyOutputStream (KeyOutputStream.java:handleException(276)) - Encountered exception java.io.IOException: Unexpected Storage Container Exception: java.util.concurrent.CompletionException: java.util.concurrent.CompletionException: org.apache.ratis.protocol.GroupMismatchException: c53771ff-a4da-40bc-be42-f397952cb81e: group-58963DB0E9D1 not found. on the pipeline Pipeline[ Id: a15d7450-8b65-4943-81d3-58963db0e9d1, Nodes: cccfaecc-560c-4f58-9140-53bb7696e889{ip: 192.168.34.53, host: pr-hdds-2107-sbngl-2106859965, networkLocation: /default-rack, certSerialId: null}28f29a4c-baf6-4c40-b523-744acc0a8c83{ip: 192.168.34.53, host: pr-hdds-2107-sbngl-2106859965, networkLocation: /default-rack, certSerialId: null}c53771ff-a4da-40bc-be42-f397952cb81e{ip: 192.168.34.53, host: pr-hdds-2107-sbngl-2106859965, networkLocation: /default-rack, certSerialId: null}, Type:RATIS, Factor:THREE, State:OPEN]. The last committed block length is 0, uncommitted data length is 250 retry count 0
2019-09-11 02:36:56,262 [grpc-default-executor-1] INFO  client.GrpcClientProtocolClient (GrpcClientProtocolClient.java:onNext(264)) - client-6E43CC49A373->cccfaecc-560c-4f58-9140-53bb7696e889: receive RaftClientReply:client-6E43CC49A373->cccfaecc-560c-4f58-9140-53bb7696e889@group-5FC83EB0E599, cid=27, FAILED org.apache.ratis.protocol.NotLeaderException: Server cccfaecc-560c-4f58-9140-53bb7696e889@group-5FC83EB0E599 is not the leader, logIndex=0, commits[cccfaecc-560c-4f58-9140-53bb7696e889:c-1]
2019-09-11 02:36:57,290 [grpc-default-executor-7] INFO  client.GrpcClientProtocolClient (GrpcClientProtocolClient.java:onNext(264)) - client-6E43CC49A373->c53771ff-a4da-40bc-be42-f397952cb81e: receive RaftClientReply:client-6E43CC49A373->c53771ff-a4da-40bc-be42-f397952cb81e@group-5FC83EB0E599, cid=27, FAILED org.apache.ratis.protocol.NotLeaderException: Server c53771ff-a4da-40bc-be42-f397952cb81e@group-5FC83EB0E599 is not the leader, logIndex=0, commits[c53771ff-a4da-40bc-be42-f397952cb81e:c-1]
2019-09-11 02:36:58,047 [grpc-default-executor-1] INFO  impl.RaftServerProxy (RaftServerProxy.java:remove(95)) - cccfaecc-560c-4f58-9140-53bb7696e889: remove group-58963DB0E9D1:null
2019-09-11 02:36:58,058 [RatisPipelineUtilsThread] WARN  pipeline.RatisPipelineUtils (RatisPipelineUtils.java:destroyPipeline(66)) - Pipeline destroy failed for pipeline=PipelineID=a15d7450-8b65-4943-81d3-58963db0e9d1 dn=cccfaecc-560c-4f58-9140-53bb7696e889{ip: 192.168.34.53, host: pr-hdds-2107-sbngl-2106859965, networkLocation: /default-rack, certSerialId: null}
2019-09-11 02:36:58,067 [grpc-default-executor-1] INFO  impl.RaftServerProxy (RaftServerProxy.java:remove(95)) - 28f29a4c-baf6-4c40-b523-744acc0a8c83: remove group-58963DB0E9D1:null
2019-09-11 02:36:58,075 [RatisPipelineUtilsThread] WARN  pipeline.RatisPipelineUtils (RatisPipelineUtils.java:destroyPipeline(66)) - Pipeline destroy failed for pipeline=PipelineID=a15d7450-8b65-4943-81d3-58963db0e9d1 dn=28f29a4c-baf6-4c40-b523-744acc0a8c83{ip: 192.168.34.53, host: pr-hdds-2107-sbngl-2106859965, networkLocation: /default-rack, certSerialId: null}
2019-09-11 02:36:58,095 [grpc-default-executor-1] INFO  impl.RaftServerProxy (RaftServerProxy.java:remove(95)) - c53771ff-a4da-40bc-be42-f397952cb81e: remove group-58963DB0E9D1:null
2019-09-11 02:36:58,104 [RatisPipelineUtilsThread] WARN  pipeline.RatisPipelineUtils (RatisPipelineUtils.java:destroyPipeline(66)) - Pipeline destroy failed for pipeline=PipelineID=a15d7450-8b65-4943-81d3-58963db0e9d1 dn=c53771ff-a4da-40bc-be42-f397952cb81e{ip: 192.168.34.53, host: pr-hdds-2107-sbngl-2106859965, networkLocation: /default-rack, certSerialId: null}
2019-09-11 02:36:58,104 [RatisPipelineUtilsThread] ERROR pipeline.SCMPipelineManager (Scheduler.java:lambda$schedule$1(70)) - Destroy pipeline failed for pipeline:Pipeline[ Id: a15d7450-8b65-4943-81d3-58963db0e9d1, Nodes: cccfaecc-560c-4f58-9140-53bb7696e889{ip: 192.168.34.53, host: pr-hdds-2107-sbngl-2106859965, networkLocation: /default-rack, certSerialId: null}28f29a4c-baf6-4c40-b523-744acc0a8c83{ip: 192.168.34.53, host: pr-hdds-2107-sbngl-2106859965, networkLocation: /default-rack, certSerialId: null}c53771ff-a4da-40bc-be42-f397952cb81e{ip: 192.168.34.53, host: pr-hdds-2107-sbngl-2106859965, networkLocation: /default-rack, certSerialId: null}, Type:RATIS, Factor:THREE, State:CLOSED]
org.apache.hadoop.hdds.scm.pipeline.PipelineNotFoundException: PipelineID=a15d7450-8b65-4943-81d3-58963db0e9d1 not found
	at org.apache.hadoop.hdds.scm.pipeline.PipelineStateMap.getPipeline(PipelineStateMap.java:132)
	at org.apache.hadoop.hdds.scm.pipeline.PipelineStateMap.removePipeline(PipelineStateMap.java:322)
	at org.apache.hadoop.hdds.scm.pipeline.PipelineStateManager.removePipeline(PipelineStateManager.java:107)
	at org.apache.hadoop.hdds.scm.pipeline.SCMPipelineManager.removePipeline(SCMPipelineManager.java:423)
	at org.apache.hadoop.hdds.scm.pipeline.SCMPipelineManager.destroyPipeline(SCMPipelineManager.java:409)
	at org.apache.hadoop.hdds.scm.pipeline.SCMPipelineManager.lambda$finalizeAndDestroyPipeline$0(SCMPipelineManager.java:318)
	at org.apache.hadoop.utils.Scheduler.lambda$schedule$1(Scheduler.java:68)
	at java.util.concurrent.Executors$RunnableAdapter.call(Executors.java:511)
	at java.util.concurrent.FutureTask.run(FutureTask.java:266)
	at java.util.concurrent.ScheduledThreadPoolExecutor$ScheduledFutureTask.access$201(ScheduledThreadPoolExecutor.java:180)
	at java.util.concurrent.ScheduledThreadPoolExecutor$ScheduledFutureTask.run(ScheduledThreadPoolExecutor.java:293)
	at java.util.concurrent.ThreadPoolExecutor.runWorker(ThreadPoolExecutor.java:1149)
	at java.util.concurrent.ThreadPoolExecutor$Worker.run(ThreadPoolExecutor.java:624)
	at java.lang.Thread.run(Thread.java:748)
2019-09-11 02:36:58,320 [grpc-default-executor-1] INFO  client.GrpcClientProtocolClient (GrpcClientProtocolClient.java:onNext(264)) - client-6E43CC49A373->28f29a4c-baf6-4c40-b523-744acc0a8c83: receive RaftClientReply:client-6E43CC49A373->28f29a4c-baf6-4c40-b523-744acc0a8c83@group-5FC83EB0E599, cid=27, FAILED org.apache.ratis.protocol.NotLeaderException: Server 28f29a4c-baf6-4c40-b523-744acc0a8c83@group-5FC83EB0E599 is not the leader, logIndex=0, commits[28f29a4c-baf6-4c40-b523-744acc0a8c83:c-1]
2019-09-11 02:36:59,352 [grpc-default-executor-1] INFO  client.GrpcClientProtocolClient (GrpcClientProtocolClient.java:onNext(264)) - client-6E43CC49A373->c53771ff-a4da-40bc-be42-f397952cb81e: receive RaftClientReply:client-6E43CC49A373->c53771ff-a4da-40bc-be42-f397952cb81e@group-5FC83EB0E599, cid=27, FAILED org.apache.ratis.protocol.NotLeaderException: Server c53771ff-a4da-40bc-be42-f397952cb81e@group-5FC83EB0E599 is not the leader, logIndex=0, commits[c53771ff-a4da-40bc-be42-f397952cb81e:c-1]
2019-09-11 02:37:00,056 [grpc-default-executor-7] INFO  impl.RaftServerProxy (RaftServerProxy.java:remove(95)) - cccfaecc-560c-4f58-9140-53bb7696e889: remove group-58963DB0E9D1:null
2019-09-11 02:37:00,066 [RatisPipelineUtilsThread] WARN  pipeline.RatisPipelineUtils (RatisPipelineUtils.java:destroyPipeline(66)) - Pipeline destroy failed for pipeline=PipelineID=a15d7450-8b65-4943-81d3-58963db0e9d1 dn=cccfaecc-560c-4f58-9140-53bb7696e889{ip: 192.168.34.53, host: pr-hdds-2107-sbngl-2106859965, networkLocation: /default-rack, certSerialId: null}
2019-09-11 02:37:00,075 [grpc-default-executor-7] INFO  impl.RaftServerProxy (RaftServerProxy.java:remove(95)) - 28f29a4c-baf6-4c40-b523-744acc0a8c83: remove group-58963DB0E9D1:null
2019-09-11 02:37:00,083 [RatisPipelineUtilsThread] WARN  pipeline.RatisPipelineUtils (RatisPipelineUtils.java:destroyPipeline(66)) - Pipeline destroy failed for pipeline=PipelineID=a15d7450-8b65-4943-81d3-58963db0e9d1 dn=28f29a4c-baf6-4c40-b523-744acc0a8c83{ip: 192.168.34.53, host: pr-hdds-2107-sbngl-2106859965, networkLocation: /default-rack, certSerialId: null}
2019-09-11 02:37:00,091 [grpc-default-executor-7] INFO  impl.RaftServerProxy (RaftServerProxy.java:remove(95)) - c53771ff-a4da-40bc-be42-f397952cb81e: remove group-58963DB0E9D1:null
2019-09-11 02:37:00,099 [RatisPipelineUtilsThread] WARN  pipeline.RatisPipelineUtils (RatisPipelineUtils.java:destroyPipeline(66)) - Pipeline destroy failed for pipeline=PipelineID=a15d7450-8b65-4943-81d3-58963db0e9d1 dn=c53771ff-a4da-40bc-be42-f397952cb81e{ip: 192.168.34.53, host: pr-hdds-2107-sbngl-2106859965, networkLocation: /default-rack, certSerialId: null}
2019-09-11 02:37:00,100 [RatisPipelineUtilsThread] ERROR pipeline.SCMPipelineManager (Scheduler.java:lambda$schedule$1(70)) - Destroy pipeline failed for pipeline:Pipeline[ Id: a15d7450-8b65-4943-81d3-58963db0e9d1, Nodes: cccfaecc-560c-4f58-9140-53bb7696e889{ip: 192.168.34.53, host: pr-hdds-2107-sbngl-2106859965, networkLocation: /default-rack, certSerialId: null}28f29a4c-baf6-4c40-b523-744acc0a8c83{ip: 192.168.34.53, host: pr-hdds-2107-sbngl-2106859965, networkLocation: /default-rack, certSerialId: null}c53771ff-a4da-40bc-be42-f397952cb81e{ip: 192.168.34.53, host: pr-hdds-2107-sbngl-2106859965, networkLocation: /default-rack, certSerialId: null}, Type:RATIS, Factor:THREE, State:CLOSED]
org.apache.hadoop.hdds.scm.pipeline.PipelineNotFoundException: PipelineID=a15d7450-8b65-4943-81d3-58963db0e9d1 not found
	at org.apache.hadoop.hdds.scm.pipeline.PipelineStateMap.getPipeline(PipelineStateMap.java:132)
	at org.apache.hadoop.hdds.scm.pipeline.PipelineStateMap.removePipeline(PipelineStateMap.java:322)
	at org.apache.hadoop.hdds.scm.pipeline.PipelineStateManager.removePipeline(PipelineStateManager.java:107)
	at org.apache.hadoop.hdds.scm.pipeline.SCMPipelineManager.removePipeline(SCMPipelineManager.java:423)
	at org.apache.hadoop.hdds.scm.pipeline.SCMPipelineManager.destroyPipeline(SCMPipelineManager.java:409)
	at org.apache.hadoop.hdds.scm.pipeline.SCMPipelineManager.lambda$finalizeAndDestroyPipeline$0(SCMPipelineManager.java:318)
	at org.apache.hadoop.utils.Scheduler.lambda$schedule$1(Scheduler.java:68)
	at java.util.concurrent.Executors$RunnableAdapter.call(Executors.java:511)
	at java.util.concurrent.FutureTask.run(FutureTask.java:266)
	at java.util.concurrent.ScheduledThreadPoolExecutor$ScheduledFutureTask.access$201(ScheduledThreadPoolExecutor.java:180)
	at java.util.concurrent.ScheduledThreadPoolExecutor$ScheduledFutureTask.run(ScheduledThreadPoolExecutor.java:293)
	at java.util.concurrent.ThreadPoolExecutor.runWorker(ThreadPoolExecutor.java:1149)
	at java.util.concurrent.ThreadPoolExecutor$Worker.run(ThreadPoolExecutor.java:624)
	at java.lang.Thread.run(Thread.java:748)
2019-09-11 02:37:00,381 [grpc-default-executor-7] INFO  client.GrpcClientProtocolClient (GrpcClientProtocolClient.java:onNext(264)) - client-6E43CC49A373->cccfaecc-560c-4f58-9140-53bb7696e889: receive RaftClientReply:client-6E43CC49A373->cccfaecc-560c-4f58-9140-53bb7696e889@group-5FC83EB0E599, cid=27, FAILED org.apache.ratis.protocol.NotLeaderException: Server cccfaecc-560c-4f58-9140-53bb7696e889@group-5FC83EB0E599 is not the leader, logIndex=0, commits[cccfaecc-560c-4f58-9140-53bb7696e889:c-1]
2019-09-11 02:37:00,777 [Thread-807] INFO  impl.FollowerState (FollowerState.java:run(106)) - cccfaecc-560c-4f58-9140-53bb7696e889:group-5FC83EB0E599 changes to CANDIDATE, lastRpcTime:5143, electionTimeout:5142ms
2019-09-11 02:37:00,778 [Thread-807] INFO  impl.RoleInfo (RoleInfo.java:shutdownFollowerState(121)) - cccfaecc-560c-4f58-9140-53bb7696e889: shutdown FollowerState
2019-09-11 02:37:00,778 [Thread-807] INFO  impl.RaftServerImpl (RaftServerImpl.java:setRole(174)) - cccfaecc-560c-4f58-9140-53bb7696e889@group-5FC83EB0E599: changes role from  FOLLOWER to CANDIDATE at term 0 for changeToCandidate
2019-09-11 02:37:00,778 [Thread-807] INFO  impl.RoleInfo (RoleInfo.java:updateAndGet(143)) - cccfaecc-560c-4f58-9140-53bb7696e889: start LeaderElection
2019-09-11 02:37:00,796 [Thread-811] INFO  impl.FollowerState (FollowerState.java:run(106)) - c53771ff-a4da-40bc-be42-f397952cb81e:group-5FC83EB0E599 changes to CANDIDATE, lastRpcTime:5148, electionTimeout:5140ms
2019-09-11 02:37:00,797 [Thread-811] INFO  impl.RoleInfo (RoleInfo.java:shutdownFollowerState(121)) - c53771ff-a4da-40bc-be42-f397952cb81e: shutdown FollowerState
2019-09-11 02:37:00,797 [Thread-811] INFO  impl.RaftServerImpl (RaftServerImpl.java:setRole(174)) - c53771ff-a4da-40bc-be42-f397952cb81e@group-5FC83EB0E599: changes role from  FOLLOWER to CANDIDATE at term 0 for changeToCandidate
2019-09-11 02:37:00,797 [Thread-811] INFO  impl.RoleInfo (RoleInfo.java:updateAndGet(143)) - c53771ff-a4da-40bc-be42-f397952cb81e: start LeaderElection
2019-09-11 02:37:00,811 [cccfaecc-560c-4f58-9140-53bb7696e889@group-5FC83EB0E599:LeaderElection13] INFO  impl.LeaderElection (LeaderElection.java:askForVotes(182)) - cccfaecc-560c-4f58-9140-53bb7696e889@group-5FC83EB0E599:LeaderElection13: begin an election at term 1 for -1: [c53771ff-a4da-40bc-be42-f397952cb81e:192.168.34.53:37384, cccfaecc-560c-4f58-9140-53bb7696e889:192.168.34.53:43087, 28f29a4c-baf6-4c40-b523-744acc0a8c83:192.168.34.53:35385], old=null
2019-09-11 02:37:00,811 [c53771ff-a4da-40bc-be42-f397952cb81e@group-5FC83EB0E599:LeaderElection14] INFO  impl.LeaderElection (LeaderElection.java:askForVotes(182)) - c53771ff-a4da-40bc-be42-f397952cb81e@group-5FC83EB0E599:LeaderElection14: begin an election at term 1 for -1: [c53771ff-a4da-40bc-be42-f397952cb81e:192.168.34.53:37384, cccfaecc-560c-4f58-9140-53bb7696e889:192.168.34.53:43087, 28f29a4c-baf6-4c40-b523-744acc0a8c83:192.168.34.53:35385], old=null
2019-09-11 02:37:00,821 [grpc-default-executor-7] INFO  impl.RaftServerImpl (RaftServerImpl.java:setRole(174)) - 28f29a4c-baf6-4c40-b523-744acc0a8c83@group-5FC83EB0E599: changes role from  FOLLOWER to FOLLOWER at term 1 for recognizeCandidate:c53771ff-a4da-40bc-be42-f397952cb81e
2019-09-11 02:37:00,821 [grpc-default-executor-7] INFO  impl.RoleInfo (RoleInfo.java:shutdownFollowerState(121)) - 28f29a4c-baf6-4c40-b523-744acc0a8c83: shutdown FollowerState
2019-09-11 02:37:00,822 [grpc-default-executor-7] INFO  impl.RoleInfo (RoleInfo.java:updateAndGet(143)) - 28f29a4c-baf6-4c40-b523-744acc0a8c83: start FollowerState
2019-09-11 02:37:00,822 [Thread-806] INFO  impl.FollowerState (FollowerState.java:run(115)) - 28f29a4c-baf6-4c40-b523-744acc0a8c83: FollowerState was interrupted: java.lang.InterruptedException: sleep interrupted
2019-09-11 02:37:00,845 [c53771ff-a4da-40bc-be42-f397952cb81e@group-5FC83EB0E599:LeaderElection14] INFO  impl.LeaderElection (LeaderElection.java:logAndReturn(56)) - c53771ff-a4da-40bc-be42-f397952cb81e@group-5FC83EB0E599:LeaderElection14: Election PASSED; received 2 response(s) [c53771ff-a4da-40bc-be42-f397952cb81e<-cccfaecc-560c-4f58-9140-53bb7696e889#0:FAIL-t1, c53771ff-a4da-40bc-be42-f397952cb81e<-28f29a4c-baf6-4c40-b523-744acc0a8c83#0:OK-t1] and 0 exception(s); c53771ff-a4da-40bc-be42-f397952cb81e@group-5FC83EB0E599:t1, leader=null, voted=c53771ff-a4da-40bc-be42-f397952cb81e, raftlog=c53771ff-a4da-40bc-be42-f397952cb81e@group-5FC83EB0E599-SegmentedRaftLog:OPENED:c-1,f-1,i0, conf=-1: [c53771ff-a4da-40bc-be42-f397952cb81e:192.168.34.53:37384, cccfaecc-560c-4f58-9140-53bb7696e889:192.168.34.53:43087, 28f29a4c-baf6-4c40-b523-744acc0a8c83:192.168.34.53:35385], old=null
2019-09-11 02:37:00,845 [cccfaecc-560c-4f58-9140-53bb7696e889@group-5FC83EB0E599:LeaderElection13] INFO  impl.LeaderElection (LeaderElection.java:logAndReturn(56)) - cccfaecc-560c-4f58-9140-53bb7696e889@group-5FC83EB0E599:LeaderElection13: Election REJECTED; received 2 response(s) [cccfaecc-560c-4f58-9140-53bb7696e889<-c53771ff-a4da-40bc-be42-f397952cb81e#0:FAIL-t1, cccfaecc-560c-4f58-9140-53bb7696e889<-28f29a4c-baf6-4c40-b523-744acc0a8c83#0:FAIL-t1] and 0 exception(s); cccfaecc-560c-4f58-9140-53bb7696e889@group-5FC83EB0E599:t1, leader=null, voted=cccfaecc-560c-4f58-9140-53bb7696e889, raftlog=cccfaecc-560c-4f58-9140-53bb7696e889@group-5FC83EB0E599-SegmentedRaftLog:OPENED:c-1,f-1,i0, conf=-1: [c53771ff-a4da-40bc-be42-f397952cb81e:192.168.34.53:37384, cccfaecc-560c-4f58-9140-53bb7696e889:192.168.34.53:43087, 28f29a4c-baf6-4c40-b523-744acc0a8c83:192.168.34.53:35385], old=null
2019-09-11 02:37:00,845 [c53771ff-a4da-40bc-be42-f397952cb81e@group-5FC83EB0E599:LeaderElection14] INFO  impl.RoleInfo (RoleInfo.java:shutdownLeaderElection(134)) - c53771ff-a4da-40bc-be42-f397952cb81e: shutdown LeaderElection
2019-09-11 02:37:00,845 [cccfaecc-560c-4f58-9140-53bb7696e889@group-5FC83EB0E599:LeaderElection13] INFO  impl.RaftServerImpl (RaftServerImpl.java:setRole(174)) - cccfaecc-560c-4f58-9140-53bb7696e889@group-5FC83EB0E599: changes role from CANDIDATE to FOLLOWER at term 1 for DISCOVERED_A_NEW_TERM
2019-09-11 02:37:00,853 [cccfaecc-560c-4f58-9140-53bb7696e889@group-5FC83EB0E599:LeaderElection13] INFO  impl.RoleInfo (RoleInfo.java:shutdownLeaderElection(134)) - cccfaecc-560c-4f58-9140-53bb7696e889: shutdown LeaderElection
2019-09-11 02:37:00,845 [c53771ff-a4da-40bc-be42-f397952cb81e@group-5FC83EB0E599:LeaderElection14] INFO  impl.RaftServerImpl (RaftServerImpl.java:setRole(174)) - c53771ff-a4da-40bc-be42-f397952cb81e@group-5FC83EB0E599: changes role from CANDIDATE to LEADER at term 1 for changeToLeader
2019-09-11 02:37:00,853 [cccfaecc-560c-4f58-9140-53bb7696e889@group-5FC83EB0E599:LeaderElection13] INFO  impl.RoleInfo (RoleInfo.java:updateAndGet(143)) - cccfaecc-560c-4f58-9140-53bb7696e889: start FollowerState
2019-09-11 02:37:00,853 [c53771ff-a4da-40bc-be42-f397952cb81e@group-5FC83EB0E599:LeaderElection14] INFO  impl.RaftServerImpl (ServerState.java:setLeader(253)) - c53771ff-a4da-40bc-be42-f397952cb81e@group-5FC83EB0E599: change Leader from null to c53771ff-a4da-40bc-be42-f397952cb81e at term 1 for becomeLeader, leader elected after 5213ms
2019-09-11 02:37:00,854 [c53771ff-a4da-40bc-be42-f397952cb81e@group-5FC83EB0E599:LeaderElection14] INFO  server.RaftServerConfigKeys (ConfUtils.java:logGet(43)) - raft.server.staging.catchup.gap = 1000 (default)
2019-09-11 02:37:00,854 [c53771ff-a4da-40bc-be42-f397952cb81e@group-5FC83EB0E599:LeaderElection14] INFO  server.RaftServerConfigKeys (ConfUtils.java:logGet(43)) - raft.server.rpc.sleep.time = 25ms (default)
2019-09-11 02:37:00,854 [c53771ff-a4da-40bc-be42-f397952cb81e@group-5FC83EB0E599:LeaderElection14] INFO  server.RaftServerConfigKeys (ConfUtils.java:logGet(43)) - raft.server.write.element-limit = 4096 (default)
2019-09-11 02:37:00,854 [c53771ff-a4da-40bc-be42-f397952cb81e@group-5FC83EB0E599:LeaderElection14] INFO  server.RaftServerConfigKeys (ConfUtils.java:logGet(43)) - raft.server.watch.timeout = 10s (default)
2019-09-11 02:37:00,854 [c53771ff-a4da-40bc-be42-f397952cb81e@group-5FC83EB0E599:LeaderElection14] INFO  server.RaftServerConfigKeys (ConfUtils.java:logGet(43)) - raft.server.watch.timeout.denomination = 1s (default)
2019-09-11 02:37:00,855 [c53771ff-a4da-40bc-be42-f397952cb81e@group-5FC83EB0E599:LeaderElection14] INFO  server.RaftServerConfigKeys (ConfUtils.java:logGet(43)) - raft.server.watch.element-limit = 65536 (default)
2019-09-11 02:37:00,859 [c53771ff-a4da-40bc-be42-f397952cb81e@group-5FC83EB0E599:LeaderElection14] INFO  server.RaftServerConfigKeys (ConfUtils.java:logGet(43)) - raft.server.log.appender.snapshot.chunk.size.max = 16MB (=16777216) (default)
2019-09-11 02:37:00,859 [c53771ff-a4da-40bc-be42-f397952cb81e@group-5FC83EB0E599:LeaderElection14] INFO  server.RaftServerConfigKeys (ConfUtils.java:logGet(43)) - raft.server.log.appender.buffer.byte-limit = 33554432 (custom)
2019-09-11 02:37:00,859 [c53771ff-a4da-40bc-be42-f397952cb81e@group-5FC83EB0E599:LeaderElection14] INFO  server.RaftServerConfigKeys (ConfUtils.java:logGet(43)) - raft.server.log.appender.buffer.element-limit = 1 (custom)
2019-09-11 02:37:00,860 [c53771ff-a4da-40bc-be42-f397952cb81e@group-5FC83EB0E599:LeaderElection14] INFO  grpc.GrpcConfigKeys$Server (ConfUtils.java:logGet(43)) - raft.grpc.server.leader.outstanding.appends.max = 128 (default)
2019-09-11 02:37:00,860 [c53771ff-a4da-40bc-be42-f397952cb81e@group-5FC83EB0E599:LeaderElection14] INFO  server.RaftServerConfigKeys (ConfUtils.java:logGet(43)) - raft.server.rpc.request.timeout = 3000ms (default)
2019-09-11 02:37:00,860 [c53771ff-a4da-40bc-be42-f397952cb81e@group-5FC83EB0E599:LeaderElection14] INFO  server.RaftServerConfigKeys (ConfUtils.java:logGet(43)) - raft.server.log.appender.install.snapshot.enabled = false (custom)
2019-09-11 02:37:00,860 [c53771ff-a4da-40bc-be42-f397952cb81e@group-5FC83EB0E599:LeaderElection14] INFO  server.RaftServerConfigKeys (ConfUtils.java:logGet(43)) - raft.server.log.appender.snapshot.chunk.size.max = 16MB (=16777216) (default)
2019-09-11 02:37:00,861 [c53771ff-a4da-40bc-be42-f397952cb81e@group-5FC83EB0E599:LeaderElection14] INFO  server.RaftServerConfigKeys (ConfUtils.java:logGet(43)) - raft.server.log.appender.buffer.byte-limit = 33554432 (custom)
2019-09-11 02:37:00,861 [c53771ff-a4da-40bc-be42-f397952cb81e@group-5FC83EB0E599:LeaderElection14] INFO  server.RaftServerConfigKeys (ConfUtils.java:logGet(43)) - raft.server.log.appender.buffer.element-limit = 1 (custom)
2019-09-11 02:37:00,861 [c53771ff-a4da-40bc-be42-f397952cb81e@group-5FC83EB0E599:LeaderElection14] INFO  grpc.GrpcConfigKeys$Server (ConfUtils.java:logGet(43)) - raft.grpc.server.leader.outstanding.appends.max = 128 (default)
2019-09-11 02:37:00,861 [c53771ff-a4da-40bc-be42-f397952cb81e@group-5FC83EB0E599:LeaderElection14] INFO  server.RaftServerConfigKeys (ConfUtils.java:logGet(43)) - raft.server.rpc.request.timeout = 3000ms (default)
2019-09-11 02:37:00,861 [c53771ff-a4da-40bc-be42-f397952cb81e@group-5FC83EB0E599:LeaderElection14] INFO  server.RaftServerConfigKeys (ConfUtils.java:logGet(43)) - raft.server.log.appender.install.snapshot.enabled = false (custom)
2019-09-11 02:37:00,862 [c53771ff-a4da-40bc-be42-f397952cb81e@group-5FC83EB0E599:LeaderElection14] INFO  impl.RoleInfo (RoleInfo.java:updateAndGet(143)) - c53771ff-a4da-40bc-be42-f397952cb81e: start LeaderState
2019-09-11 02:37:00,862 [c53771ff-a4da-40bc-be42-f397952cb81e@group-5FC83EB0E599:LeaderElection14] INFO  segmented.SegmentedRaftLogWorker (SegmentedRaftLogWorker.java:startLogSegment(380)) - c53771ff-a4da-40bc-be42-f397952cb81e@group-5FC83EB0E599-SegmentedRaftLogWorker: Starting segment from index:0
2019-09-11 02:37:00,863 [c53771ff-a4da-40bc-be42-f397952cb81e@group-5FC83EB0E599:LeaderElection14] INFO  impl.RaftServerImpl (ServerState.java:setRaftConf(354)) - c53771ff-a4da-40bc-be42-f397952cb81e@group-5FC83EB0E599: set configuration 0: [c53771ff-a4da-40bc-be42-f397952cb81e:192.168.34.53:37384, cccfaecc-560c-4f58-9140-53bb7696e889:192.168.34.53:43087, 28f29a4c-baf6-4c40-b523-744acc0a8c83:192.168.34.53:35385], old=null at 0
2019-09-11 02:37:00,865 [grpc-default-executor-1] INFO  impl.RaftServerImpl (ServerState.java:setLeader(253)) - cccfaecc-560c-4f58-9140-53bb7696e889@group-5FC83EB0E599: change Leader from null to c53771ff-a4da-40bc-be42-f397952cb81e at term 1 for appendEntries, leader elected after 5250ms
2019-09-11 02:37:00,865 [grpc-default-executor-7] INFO  impl.RaftServerImpl (ServerState.java:setLeader(253)) - 28f29a4c-baf6-4c40-b523-744acc0a8c83@group-5FC83EB0E599: change Leader from null to c53771ff-a4da-40bc-be42-f397952cb81e at term 1 for appendEntries, leader elected after 5250ms
2019-09-11 02:37:00,868 [grpc-default-executor-1] INFO  impl.RaftServerImpl (ServerState.java:setRaftConf(354)) - cccfaecc-560c-4f58-9140-53bb7696e889@group-5FC83EB0E599: set configuration 0: [c53771ff-a4da-40bc-be42-f397952cb81e:192.168.34.53:37384, cccfaecc-560c-4f58-9140-53bb7696e889:192.168.34.53:43087, 28f29a4c-baf6-4c40-b523-744acc0a8c83:192.168.34.53:35385], old=null at 0
2019-09-11 02:37:00,868 [grpc-default-executor-7] INFO  impl.RaftServerImpl (ServerState.java:setRaftConf(354)) - 28f29a4c-baf6-4c40-b523-744acc0a8c83@group-5FC83EB0E599: set configuration 0: [c53771ff-a4da-40bc-be42-f397952cb81e:192.168.34.53:37384, cccfaecc-560c-4f58-9140-53bb7696e889:192.168.34.53:43087, 28f29a4c-baf6-4c40-b523-744acc0a8c83:192.168.34.53:35385], old=null at 0
2019-09-11 02:37:00,868 [grpc-default-executor-1] INFO  segmented.SegmentedRaftLogWorker (SegmentedRaftLogWorker.java:startLogSegment(380)) - cccfaecc-560c-4f58-9140-53bb7696e889@group-5FC83EB0E599-SegmentedRaftLogWorker: Starting segment from index:0
2019-09-11 02:37:00,868 [grpc-default-executor-7] INFO  segmented.SegmentedRaftLogWorker (SegmentedRaftLogWorker.java:startLogSegment(380)) - 28f29a4c-baf6-4c40-b523-744acc0a8c83@group-5FC83EB0E599-SegmentedRaftLogWorker: Starting segment from index:0
2019-09-11 02:37:00,910 [28f29a4c-baf6-4c40-b523-744acc0a8c83@group-5FC83EB0E599-SegmentedRaftLogWorker] INFO  segmented.SegmentedRaftLogWorker (SegmentedRaftLogWorker.java:execute(569)) - 28f29a4c-baf6-4c40-b523-744acc0a8c83@group-5FC83EB0E599-SegmentedRaftLogWorker: created new log segment /workdir/hadoop-ozone/integration-test/target/test-dir/MiniOzoneClusterImpl-3465b5d1-a811-46c9-af46-590ec6677b1b/datanode-3/data/ratis/e24272a4-7e17-41b5-94a9-5fc83eb0e599/current/log_inprogress_0
2019-09-11 02:37:00,910 [c53771ff-a4da-40bc-be42-f397952cb81e@group-5FC83EB0E599-SegmentedRaftLogWorker] INFO  segmented.SegmentedRaftLogWorker (SegmentedRaftLogWorker.java:execute(569)) - c53771ff-a4da-40bc-be42-f397952cb81e@group-5FC83EB0E599-SegmentedRaftLogWorker: created new log segment /workdir/hadoop-ozone/integration-test/target/test-dir/MiniOzoneClusterImpl-3465b5d1-a811-46c9-af46-590ec6677b1b/datanode-6/data/ratis/e24272a4-7e17-41b5-94a9-5fc83eb0e599/current/log_inprogress_0
2019-09-11 02:37:00,910 [cccfaecc-560c-4f58-9140-53bb7696e889@group-5FC83EB0E599-SegmentedRaftLogWorker] INFO  segmented.SegmentedRaftLogWorker (SegmentedRaftLogWorker.java:execute(569)) - cccfaecc-560c-4f58-9140-53bb7696e889@group-5FC83EB0E599-SegmentedRaftLogWorker: created new log segment /workdir/hadoop-ozone/integration-test/target/test-dir/MiniOzoneClusterImpl-3465b5d1-a811-46c9-af46-590ec6677b1b/datanode-2/data/ratis/e24272a4-7e17-41b5-94a9-5fc83eb0e599/current/log_inprogress_0
2019-09-11 02:37:01,405 [grpc-default-executor-7] INFO  client.GrpcClientProtocolClient (GrpcClientProtocolClient.java:onNext(264)) - client-6E43CC49A373->28f29a4c-baf6-4c40-b523-744acc0a8c83: receive RaftClientReply:client-6E43CC49A373->28f29a4c-baf6-4c40-b523-744acc0a8c83@group-5FC83EB0E599, cid=27, FAILED org.apache.ratis.protocol.NotLeaderException: Server 28f29a4c-baf6-4c40-b523-744acc0a8c83@group-5FC83EB0E599 is not the leader c53771ff-a4da-40bc-be42-f397952cb81e:192.168.34.53:37384, logIndex=0, commits[28f29a4c-baf6-4c40-b523-744acc0a8c83:c-1, c53771ff-a4da-40bc-be42-f397952cb81e:c-1, cccfaecc-560c-4f58-9140-53bb7696e889:c-1]
2019-09-11 02:37:01,664 [grpc-default-executor-7] INFO  client.GrpcClientProtocolClient (GrpcClientProtocolClient.java:onNext(264)) - client-6E43CC49A373->c53771ff-a4da-40bc-be42-f397952cb81e: receive RaftClientReply:client-6E43CC49A373->c53771ff-a4da-40bc-be42-f397952cb81e@group-5FC83EB0E599, cid=27, SUCCESS, logIndex=1, commits[c53771ff-a4da-40bc-be42-f397952cb81e:c1, cccfaecc-560c-4f58-9140-53bb7696e889:c0, 28f29a4c-baf6-4c40-b523-744acc0a8c83:c0]
2019-09-11 02:37:01,697 [grpc-default-executor-1] INFO  client.GrpcClientProtocolClient (GrpcClientProtocolClient.java:onNext(264)) - client-6E43CC49A373->c53771ff-a4da-40bc-be42-f397952cb81e: receive RaftClientReply:client-6E43CC49A373->c53771ff-a4da-40bc-be42-f397952cb81e@group-5FC83EB0E599, cid=28, SUCCESS, logIndex=3, commits[c53771ff-a4da-40bc-be42-f397952cb81e:c4, cccfaecc-560c-4f58-9140-53bb7696e889:c1, 28f29a4c-baf6-4c40-b523-744acc0a8c83:c1]
2019-09-11 02:37:01,760 [grpc-default-executor-1] INFO  client.GrpcClientProtocolClient (GrpcClientProtocolClient.java:onNext(264)) - client-6E43CC49A373->c53771ff-a4da-40bc-be42-f397952cb81e: receive RaftClientReply:client-6E43CC49A373->c53771ff-a4da-40bc-be42-f397952cb81e@group-5FC83EB0E599, cid=29, SUCCESS, logIndex=4, commits[c53771ff-a4da-40bc-be42-f397952cb81e:c10, cccfaecc-560c-4f58-9140-53bb7696e889:c6, 28f29a4c-baf6-4c40-b523-744acc0a8c83:c6]
2019-09-11 02:37:01,762 [grpc-default-executor-1] INFO  client.GrpcClientProtocolClient (GrpcClientProtocolClient.java:onNext(264)) - client-6E43CC49A373->c53771ff-a4da-40bc-be42-f397952cb81e: receive RaftClientReply:client-6E43CC49A373->c53771ff-a4da-40bc-be42-f397952cb81e@group-5FC83EB0E599, cid=30, SUCCESS, logIndex=5, commits[c53771ff-a4da-40bc-be42-f397952cb81e:c10, cccfaecc-560c-4f58-9140-53bb7696e889:c6, 28f29a4c-baf6-4c40-b523-744acc0a8c83:c6]
2019-09-11 02:37:01,879 [grpc-default-executor-1] INFO  client.GrpcClientProtocolClient (GrpcClientProtocolClient.java:onNext(264)) - client-6E43CC49A373->c53771ff-a4da-40bc-be42-f397952cb81e: receive RaftClientReply:client-6E43CC49A373->c53771ff-a4da-40bc-be42-f397952cb81e@group-5FC83EB0E599, cid=31, SUCCESS, logIndex=6, commits[c53771ff-a4da-40bc-be42-f397952cb81e:c10, cccfaecc-560c-4f58-9140-53bb7696e889:c6, 28f29a4c-baf6-4c40-b523-744acc0a8c83:c6]
]]></system-out>
  </testcase>
  <testcase name="testMultiChunkWrite" classname="org.apache.hadoop.ozone.client.rpc.TestBlockOutputStream" time="0.518"/>
  <testcase name="testFullBufferCondition" classname="org.apache.hadoop.ozone.client.rpc.TestBlockOutputStream" time="187.274">
    <failure type="java.lang.AssertionError">java.lang.AssertionError
	at org.junit.Assert.fail(Assert.java:86)
	at org.junit.Assert.assertTrue(Assert.java:41)
	at org.junit.Assert.assertTrue(Assert.java:52)
	at org.apache.hadoop.ozone.client.rpc.TestBlockOutputStream.testFullBufferCondition(TestBlockOutputStream.java:515)
	at sun.reflect.NativeMethodAccessorImpl.invoke0(Native Method)
	at sun.reflect.NativeMethodAccessorImpl.invoke(NativeMethodAccessorImpl.java:62)
	at sun.reflect.DelegatingMethodAccessorImpl.invoke(DelegatingMethodAccessorImpl.java:43)
	at java.lang.reflect.Method.invoke(Method.java:498)
	at org.junit.runners.model.FrameworkMethod$1.runReflectiveCall(FrameworkMethod.java:47)
	at org.junit.internal.runners.model.ReflectiveCallable.run(ReflectiveCallable.java:12)
	at org.junit.runners.model.FrameworkMethod.invokeExplosively(FrameworkMethod.java:44)
	at org.junit.internal.runners.statements.InvokeMethod.evaluate(InvokeMethod.java:17)
	at org.junit.runners.ParentRunner.runLeaf(ParentRunner.java:271)
	at org.junit.runners.BlockJUnit4ClassRunner.runChild(BlockJUnit4ClassRunner.java:70)
	at org.junit.runners.BlockJUnit4ClassRunner.runChild(BlockJUnit4ClassRunner.java:50)
	at org.junit.runners.ParentRunner$3.run(ParentRunner.java:238)
	at org.junit.runners.ParentRunner$1.schedule(ParentRunner.java:63)
	at org.junit.runners.ParentRunner.runChildren(ParentRunner.java:236)
	at org.junit.runners.ParentRunner.access$000(ParentRunner.java:53)
	at org.junit.runners.ParentRunner$2.evaluate(ParentRunner.java:229)
	at org.junit.internal.runners.statements.RunBefores.evaluate(RunBefores.java:26)
	at org.junit.internal.runners.statements.RunAfters.evaluate(RunAfters.java:27)
	at org.junit.runners.ParentRunner.run(ParentRunner.java:309)
	at org.apache.maven.surefire.junit4.JUnit4Provider.execute(JUnit4Provider.java:365)
	at org.apache.maven.surefire.junit4.JUnit4Provider.executeWithRerun(JUnit4Provider.java:273)
	at org.apache.maven.surefire.junit4.JUnit4Provider.executeTestSet(JUnit4Provider.java:238)
	at org.apache.maven.surefire.junit4.JUnit4Provider.invoke(JUnit4Provider.java:159)
	at org.apache.maven.surefire.booter.ForkedBooter.invokeProviderInSameClassLoader(ForkedBooter.java:384)
	at org.apache.maven.surefire.booter.ForkedBooter.runSuitesInProcess(ForkedBooter.java:345)
	at org.apache.maven.surefire.booter.ForkedBooter.execute(ForkedBooter.java:126)
	at org.apache.maven.surefire.booter.ForkedBooter.main(ForkedBooter.java:418)
</failure>
    <system-out><![CDATA[2019-09-11 02:37:03,058 [grpc-default-executor-6] INFO  impl.RaftServerProxy (RaftServerProxy.java:remove(95)) - cccfaecc-560c-4f58-9140-53bb7696e889: remove group-58963DB0E9D1:null
2019-09-11 02:37:03,071 [RatisPipelineUtilsThread] WARN  pipeline.RatisPipelineUtils (RatisPipelineUtils.java:destroyPipeline(66)) - Pipeline destroy failed for pipeline=PipelineID=a15d7450-8b65-4943-81d3-58963db0e9d1 dn=cccfaecc-560c-4f58-9140-53bb7696e889{ip: 192.168.34.53, host: pr-hdds-2107-sbngl-2106859965, networkLocation: /default-rack, certSerialId: null}
2019-09-11 02:37:03,080 [grpc-default-executor-6] INFO  impl.RaftServerProxy (RaftServerProxy.java:remove(95)) - 28f29a4c-baf6-4c40-b523-744acc0a8c83: remove group-58963DB0E9D1:null
2019-09-11 02:37:03,087 [RatisPipelineUtilsThread] WARN  pipeline.RatisPipelineUtils (RatisPipelineUtils.java:destroyPipeline(66)) - Pipeline destroy failed for pipeline=PipelineID=a15d7450-8b65-4943-81d3-58963db0e9d1 dn=28f29a4c-baf6-4c40-b523-744acc0a8c83{ip: 192.168.34.53, host: pr-hdds-2107-sbngl-2106859965, networkLocation: /default-rack, certSerialId: null}
2019-09-11 02:37:03,094 [grpc-default-executor-6] INFO  impl.RaftServerProxy (RaftServerProxy.java:remove(95)) - c53771ff-a4da-40bc-be42-f397952cb81e: remove group-58963DB0E9D1:null
2019-09-11 02:37:03,101 [RatisPipelineUtilsThread] WARN  pipeline.RatisPipelineUtils (RatisPipelineUtils.java:destroyPipeline(66)) - Pipeline destroy failed for pipeline=PipelineID=a15d7450-8b65-4943-81d3-58963db0e9d1 dn=c53771ff-a4da-40bc-be42-f397952cb81e{ip: 192.168.34.53, host: pr-hdds-2107-sbngl-2106859965, networkLocation: /default-rack, certSerialId: null}
2019-09-11 02:37:03,102 [RatisPipelineUtilsThread] ERROR pipeline.SCMPipelineManager (Scheduler.java:lambda$schedule$1(70)) - Destroy pipeline failed for pipeline:Pipeline[ Id: a15d7450-8b65-4943-81d3-58963db0e9d1, Nodes: cccfaecc-560c-4f58-9140-53bb7696e889{ip: 192.168.34.53, host: pr-hdds-2107-sbngl-2106859965, networkLocation: /default-rack, certSerialId: null}28f29a4c-baf6-4c40-b523-744acc0a8c83{ip: 192.168.34.53, host: pr-hdds-2107-sbngl-2106859965, networkLocation: /default-rack, certSerialId: null}c53771ff-a4da-40bc-be42-f397952cb81e{ip: 192.168.34.53, host: pr-hdds-2107-sbngl-2106859965, networkLocation: /default-rack, certSerialId: null}, Type:RATIS, Factor:THREE, State:CLOSED]
org.apache.hadoop.hdds.scm.pipeline.PipelineNotFoundException: PipelineID=a15d7450-8b65-4943-81d3-58963db0e9d1 not found
	at org.apache.hadoop.hdds.scm.pipeline.PipelineStateMap.getPipeline(PipelineStateMap.java:132)
	at org.apache.hadoop.hdds.scm.pipeline.PipelineStateMap.removePipeline(PipelineStateMap.java:322)
	at org.apache.hadoop.hdds.scm.pipeline.PipelineStateManager.removePipeline(PipelineStateManager.java:107)
	at org.apache.hadoop.hdds.scm.pipeline.SCMPipelineManager.removePipeline(SCMPipelineManager.java:423)
	at org.apache.hadoop.hdds.scm.pipeline.SCMPipelineManager.destroyPipeline(SCMPipelineManager.java:409)
	at org.apache.hadoop.hdds.scm.pipeline.SCMPipelineManager.lambda$finalizeAndDestroyPipeline$0(SCMPipelineManager.java:318)
	at org.apache.hadoop.utils.Scheduler.lambda$schedule$1(Scheduler.java:68)
	at java.util.concurrent.Executors$RunnableAdapter.call(Executors.java:511)
	at java.util.concurrent.FutureTask.run(FutureTask.java:266)
	at java.util.concurrent.ScheduledThreadPoolExecutor$ScheduledFutureTask.access$201(ScheduledThreadPoolExecutor.java:180)
	at java.util.concurrent.ScheduledThreadPoolExecutor$ScheduledFutureTask.run(ScheduledThreadPoolExecutor.java:293)
	at java.util.concurrent.ThreadPoolExecutor.runWorker(ThreadPoolExecutor.java:1149)
	at java.util.concurrent.ThreadPoolExecutor$Worker.run(ThreadPoolExecutor.java:624)
	at java.lang.Thread.run(Thread.java:748)
2019-09-11 02:37:05,051 [grpc-default-executor-7] INFO  impl.RaftServerProxy (RaftServerProxy.java:remove(95)) - cccfaecc-560c-4f58-9140-53bb7696e889: remove group-58963DB0E9D1:null
2019-09-11 02:37:05,058 [RatisPipelineUtilsThread] WARN  pipeline.RatisPipelineUtils (RatisPipelineUtils.java:destroyPipeline(66)) - Pipeline destroy failed for pipeline=PipelineID=a15d7450-8b65-4943-81d3-58963db0e9d1 dn=cccfaecc-560c-4f58-9140-53bb7696e889{ip: 192.168.34.53, host: pr-hdds-2107-sbngl-2106859965, networkLocation: /default-rack, certSerialId: null}
2019-09-11 02:37:05,062 [grpc-default-executor-7] INFO  impl.RaftServerProxy (RaftServerProxy.java:remove(95)) - 28f29a4c-baf6-4c40-b523-744acc0a8c83: remove group-58963DB0E9D1:null
2019-09-11 02:37:05,067 [RatisPipelineUtilsThread] WARN  pipeline.RatisPipelineUtils (RatisPipelineUtils.java:destroyPipeline(66)) - Pipeline destroy failed for pipeline=PipelineID=a15d7450-8b65-4943-81d3-58963db0e9d1 dn=28f29a4c-baf6-4c40-b523-744acc0a8c83{ip: 192.168.34.53, host: pr-hdds-2107-sbngl-2106859965, networkLocation: /default-rack, certSerialId: null}
2019-09-11 02:37:05,076 [grpc-default-executor-7] INFO  impl.RaftServerProxy (RaftServerProxy.java:remove(95)) - c53771ff-a4da-40bc-be42-f397952cb81e: remove group-58963DB0E9D1:null
2019-09-11 02:37:05,085 [RatisPipelineUtilsThread] WARN  pipeline.RatisPipelineUtils (RatisPipelineUtils.java:destroyPipeline(66)) - Pipeline destroy failed for pipeline=PipelineID=a15d7450-8b65-4943-81d3-58963db0e9d1 dn=c53771ff-a4da-40bc-be42-f397952cb81e{ip: 192.168.34.53, host: pr-hdds-2107-sbngl-2106859965, networkLocation: /default-rack, certSerialId: null}
2019-09-11 02:37:05,086 [RatisPipelineUtilsThread] ERROR pipeline.SCMPipelineManager (Scheduler.java:lambda$schedule$1(70)) - Destroy pipeline failed for pipeline:Pipeline[ Id: a15d7450-8b65-4943-81d3-58963db0e9d1, Nodes: cccfaecc-560c-4f58-9140-53bb7696e889{ip: 192.168.34.53, host: pr-hdds-2107-sbngl-2106859965, networkLocation: /default-rack, certSerialId: null}28f29a4c-baf6-4c40-b523-744acc0a8c83{ip: 192.168.34.53, host: pr-hdds-2107-sbngl-2106859965, networkLocation: /default-rack, certSerialId: null}c53771ff-a4da-40bc-be42-f397952cb81e{ip: 192.168.34.53, host: pr-hdds-2107-sbngl-2106859965, networkLocation: /default-rack, certSerialId: null}, Type:RATIS, Factor:THREE, State:CLOSED]
org.apache.hadoop.hdds.scm.pipeline.PipelineNotFoundException: PipelineID=a15d7450-8b65-4943-81d3-58963db0e9d1 not found
	at org.apache.hadoop.hdds.scm.pipeline.PipelineStateMap.getPipeline(PipelineStateMap.java:132)
	at org.apache.hadoop.hdds.scm.pipeline.PipelineStateMap.removePipeline(PipelineStateMap.java:322)
	at org.apache.hadoop.hdds.scm.pipeline.PipelineStateManager.removePipeline(PipelineStateManager.java:107)
	at org.apache.hadoop.hdds.scm.pipeline.SCMPipelineManager.removePipeline(SCMPipelineManager.java:423)
	at org.apache.hadoop.hdds.scm.pipeline.SCMPipelineManager.destroyPipeline(SCMPipelineManager.java:409)
	at org.apache.hadoop.hdds.scm.pipeline.SCMPipelineManager.lambda$finalizeAndDestroyPipeline$0(SCMPipelineManager.java:318)
	at org.apache.hadoop.utils.Scheduler.lambda$schedule$1(Scheduler.java:68)
	at java.util.concurrent.Executors$RunnableAdapter.call(Executors.java:511)
	at java.util.concurrent.FutureTask.run(FutureTask.java:266)
	at java.util.concurrent.ScheduledThreadPoolExecutor$ScheduledFutureTask.access$201(ScheduledThreadPoolExecutor.java:180)
	at java.util.concurrent.ScheduledThreadPoolExecutor$ScheduledFutureTask.run(ScheduledThreadPoolExecutor.java:293)
	at java.util.concurrent.ThreadPoolExecutor.runWorker(ThreadPoolExecutor.java:1149)
	at java.util.concurrent.ThreadPoolExecutor$Worker.run(ThreadPoolExecutor.java:624)
	at java.lang.Thread.run(Thread.java:748)
2019-09-11 02:37:05,449 [java.util.concurrent.ThreadPoolExecutor$Worker@43a4256f[State = -1, empty queue]] WARN  server.GrpcLogAppender (GrpcLogAppender.java:timeoutAppendRequest(200)) - c53771ff-a4da-40bc-be42-f397952cb81e@group-5FC83EB0E599->28f29a4c-baf6-4c40-b523-744acc0a8c83-GrpcLogAppender: appendEntries Timeout, request=c53771ff-a4da-40bc-be42-f397952cb81e->28f29a4c-baf6-4c40-b523-744acc0a8c83#12-t1, previous=(t:1, i:10), leaderCommit=10, initializing? false, entries: size=1, first=(t:1, i:11), STATEMACHINELOGENTRY, client-6E43CC49A373, cid=41
2019-09-11 02:37:05,449 [java.util.concurrent.ThreadPoolExecutor$Worker@f4f9fe6[State = -1, empty queue]] WARN  server.GrpcLogAppender (GrpcLogAppender.java:timeoutAppendRequest(200)) - c53771ff-a4da-40bc-be42-f397952cb81e@group-5FC83EB0E599->cccfaecc-560c-4f58-9140-53bb7696e889-GrpcLogAppender: appendEntries Timeout, request=c53771ff-a4da-40bc-be42-f397952cb81e->cccfaecc-560c-4f58-9140-53bb7696e889#12-t1, previous=(t:1, i:10), leaderCommit=10, initializing? false, entries: size=1, first=(t:1, i:11), STATEMACHINELOGENTRY, client-6E43CC49A373, cid=41
2019-09-11 02:37:05,449 [java.util.concurrent.ThreadPoolExecutor$Worker@f4f9fe6[State = -1, empty queue]] WARN  server.GrpcLogAppender (GrpcLogAppender.java:timeoutAppendRequest(200)) - c53771ff-a4da-40bc-be42-f397952cb81e@group-5FC83EB0E599->cccfaecc-560c-4f58-9140-53bb7696e889-GrpcLogAppender: appendEntries Timeout, request=c53771ff-a4da-40bc-be42-f397952cb81e->cccfaecc-560c-4f58-9140-53bb7696e889#13-t1, previous=(t:1, i:11), leaderCommit=10, initializing? false, entries: size=1, first=(t:1, i:12), STATEMACHINELOGENTRY, client-6E43CC49A373, cid=42
2019-09-11 02:37:05,449 [java.util.concurrent.ThreadPoolExecutor$Worker@43a4256f[State = -1, empty queue]] WARN  server.GrpcLogAppender (GrpcLogAppender.java:timeoutAppendRequest(200)) - c53771ff-a4da-40bc-be42-f397952cb81e@group-5FC83EB0E599->28f29a4c-baf6-4c40-b523-744acc0a8c83-GrpcLogAppender: appendEntries Timeout, request=c53771ff-a4da-40bc-be42-f397952cb81e->28f29a4c-baf6-4c40-b523-744acc0a8c83#13-t1, previous=(t:1, i:11), leaderCommit=10, initializing? false, entries: size=1, first=(t:1, i:12), STATEMACHINELOGENTRY, client-6E43CC49A373, cid=42
2019-09-11 02:37:05,450 [java.util.concurrent.ThreadPoolExecutor$Worker@f4f9fe6[State = -1, empty queue]] WARN  server.GrpcLogAppender (GrpcLogAppender.java:timeoutAppendRequest(200)) - c53771ff-a4da-40bc-be42-f397952cb81e@group-5FC83EB0E599->cccfaecc-560c-4f58-9140-53bb7696e889-GrpcLogAppender: appendEntries Timeout, request=c53771ff-a4da-40bc-be42-f397952cb81e->cccfaecc-560c-4f58-9140-53bb7696e889#14-t1, previous=(t:1, i:12), leaderCommit=10, initializing? false, entries: size=1, first=(t:1, i:13), STATEMACHINELOGENTRY, client-6E43CC49A373, cid=43
2019-09-11 02:37:05,450 [java.util.concurrent.ThreadPoolExecutor$Worker@43a4256f[State = -1, empty queue]] WARN  server.GrpcLogAppender (GrpcLogAppender.java:timeoutAppendRequest(200)) - c53771ff-a4da-40bc-be42-f397952cb81e@group-5FC83EB0E599->28f29a4c-baf6-4c40-b523-744acc0a8c83-GrpcLogAppender: appendEntries Timeout, request=c53771ff-a4da-40bc-be42-f397952cb81e->28f29a4c-baf6-4c40-b523-744acc0a8c83#14-t1, previous=(t:1, i:12), leaderCommit=10, initializing? false, entries: size=1, first=(t:1, i:13), STATEMACHINELOGENTRY, client-6E43CC49A373, cid=43
2019-09-11 02:37:05,451 [java.util.concurrent.ThreadPoolExecutor$Worker@f4f9fe6[State = -1, empty queue]] WARN  server.GrpcLogAppender (GrpcLogAppender.java:timeoutAppendRequest(200)) - c53771ff-a4da-40bc-be42-f397952cb81e@group-5FC83EB0E599->cccfaecc-560c-4f58-9140-53bb7696e889-GrpcLogAppender: appendEntries Timeout, request=c53771ff-a4da-40bc-be42-f397952cb81e->cccfaecc-560c-4f58-9140-53bb7696e889#15-t1, previous=(t:1, i:13), leaderCommit=10, initializing? false, entries: size=1, first=(t:1, i:14), STATEMACHINELOGENTRY, client-6E43CC49A373, cid=44
2019-09-11 02:37:05,451 [java.util.concurrent.ThreadPoolExecutor$Worker@43a4256f[State = -1, empty queue]] WARN  server.GrpcLogAppender (GrpcLogAppender.java:timeoutAppendRequest(200)) - c53771ff-a4da-40bc-be42-f397952cb81e@group-5FC83EB0E599->28f29a4c-baf6-4c40-b523-744acc0a8c83-GrpcLogAppender: appendEntries Timeout, request=c53771ff-a4da-40bc-be42-f397952cb81e->28f29a4c-baf6-4c40-b523-744acc0a8c83#15-t1, previous=(t:1, i:13), leaderCommit=10, initializing? false, entries: size=1, first=(t:1, i:14), STATEMACHINELOGENTRY, client-6E43CC49A373, cid=44
2019-09-11 02:37:05,453 [java.util.concurrent.ThreadPoolExecutor$Worker@43a4256f[State = -1, empty queue]] WARN  server.GrpcLogAppender (GrpcLogAppender.java:timeoutAppendRequest(200)) - c53771ff-a4da-40bc-be42-f397952cb81e@group-5FC83EB0E599->28f29a4c-baf6-4c40-b523-744acc0a8c83-GrpcLogAppender: appendEntries Timeout, request=c53771ff-a4da-40bc-be42-f397952cb81e->28f29a4c-baf6-4c40-b523-744acc0a8c83#16-t1, previous=(t:1, i:14), leaderCommit=10, initializing? false, entries: size=1, first=(t:1, i:15), STATEMACHINELOGENTRY, client-6E43CC49A373, cid=45
2019-09-11 02:37:05,453 [java.util.concurrent.ThreadPoolExecutor$Worker@f4f9fe6[State = -1, empty queue]] WARN  server.GrpcLogAppender (GrpcLogAppender.java:timeoutAppendRequest(200)) - c53771ff-a4da-40bc-be42-f397952cb81e@group-5FC83EB0E599->cccfaecc-560c-4f58-9140-53bb7696e889-GrpcLogAppender: appendEntries Timeout, request=c53771ff-a4da-40bc-be42-f397952cb81e->cccfaecc-560c-4f58-9140-53bb7696e889#16-t1, previous=(t:1, i:14), leaderCommit=10, initializing? false, entries: size=1, first=(t:1, i:15), STATEMACHINELOGENTRY, client-6E43CC49A373, cid=45
2019-09-11 02:37:05,453 [java.util.concurrent.ThreadPoolExecutor$Worker@43a4256f[State = -1, empty queue]] WARN  server.GrpcLogAppender (GrpcLogAppender.java:timeoutAppendRequest(200)) - c53771ff-a4da-40bc-be42-f397952cb81e@group-5FC83EB0E599->28f29a4c-baf6-4c40-b523-744acc0a8c83-GrpcLogAppender: appendEntries Timeout, request=c53771ff-a4da-40bc-be42-f397952cb81e->28f29a4c-baf6-4c40-b523-744acc0a8c83#17-t1, previous=(t:1, i:15), leaderCommit=10, initializing? false, entries: size=1, first=(t:1, i:16), STATEMACHINELOGENTRY, client-6E43CC49A373, cid=46
2019-09-11 02:37:05,453 [java.util.concurrent.ThreadPoolExecutor$Worker@f4f9fe6[State = -1, empty queue]] WARN  server.GrpcLogAppender (GrpcLogAppender.java:timeoutAppendRequest(200)) - c53771ff-a4da-40bc-be42-f397952cb81e@group-5FC83EB0E599->cccfaecc-560c-4f58-9140-53bb7696e889-GrpcLogAppender: appendEntries Timeout, request=c53771ff-a4da-40bc-be42-f397952cb81e->cccfaecc-560c-4f58-9140-53bb7696e889#17-t1, previous=(t:1, i:15), leaderCommit=10, initializing? false, entries: size=1, first=(t:1, i:16), STATEMACHINELOGENTRY, client-6E43CC49A373, cid=46
2019-09-11 02:37:07,478 [grpc-default-executor-6] INFO  client.GrpcClientProtocolClient (GrpcClientProtocolClient.java:onNext(264)) - client-6E43CC49A373->cccfaecc-560c-4f58-9140-53bb7696e889: receive RaftClientReply:client-6E43CC49A373->cccfaecc-560c-4f58-9140-53bb7696e889@group-5FC83EB0E599, cid=41, FAILED org.apache.ratis.protocol.NotLeaderException: Server cccfaecc-560c-4f58-9140-53bb7696e889@group-5FC83EB0E599 is not the leader c53771ff-a4da-40bc-be42-f397952cb81e:192.168.34.53:37384, logIndex=0, commits[cccfaecc-560c-4f58-9140-53bb7696e889:c10, c53771ff-a4da-40bc-be42-f397952cb81e:c10, 28f29a4c-baf6-4c40-b523-744acc0a8c83:c6]
2019-09-11 02:37:07,954 [java.util.concurrent.ThreadPoolExecutor$Worker@43a4256f[State = -1, empty queue]] WARN  server.GrpcLogAppender (GrpcLogAppender.java:timeoutAppendRequest(200)) - c53771ff-a4da-40bc-be42-f397952cb81e@group-5FC83EB0E599->28f29a4c-baf6-4c40-b523-744acc0a8c83-GrpcLogAppender: appendEntries Timeout, request=c53771ff-a4da-40bc-be42-f397952cb81e->28f29a4c-baf6-4c40-b523-744acc0a8c83#18-t1, previous=(t:1, i:16), leaderCommit=10, initializing? false, entries: <empty>
2019-09-11 02:37:07,954 [java.util.concurrent.ThreadPoolExecutor$Worker@f4f9fe6[State = -1, empty queue]] WARN  server.GrpcLogAppender (GrpcLogAppender.java:timeoutAppendRequest(200)) - c53771ff-a4da-40bc-be42-f397952cb81e@group-5FC83EB0E599->cccfaecc-560c-4f58-9140-53bb7696e889-GrpcLogAppender: appendEntries Timeout, request=c53771ff-a4da-40bc-be42-f397952cb81e->cccfaecc-560c-4f58-9140-53bb7696e889#18-t1, previous=(t:1, i:16), leaderCommit=10, initializing? false, entries: <empty>
2019-09-11 02:37:08,047 [grpc-default-executor-6] INFO  impl.RaftServerProxy (RaftServerProxy.java:remove(95)) - cccfaecc-560c-4f58-9140-53bb7696e889: remove group-58963DB0E9D1:null
2019-09-11 02:37:08,061 [RatisPipelineUtilsThread] WARN  pipeline.RatisPipelineUtils (RatisPipelineUtils.java:destroyPipeline(66)) - Pipeline destroy failed for pipeline=PipelineID=a15d7450-8b65-4943-81d3-58963db0e9d1 dn=cccfaecc-560c-4f58-9140-53bb7696e889{ip: 192.168.34.53, host: pr-hdds-2107-sbngl-2106859965, networkLocation: /default-rack, certSerialId: null}
2019-09-11 02:37:08,067 [grpc-default-executor-6] INFO  impl.RaftServerProxy (RaftServerProxy.java:remove(95)) - 28f29a4c-baf6-4c40-b523-744acc0a8c83: remove group-58963DB0E9D1:null
2019-09-11 02:37:08,073 [RatisPipelineUtilsThread] WARN  pipeline.RatisPipelineUtils (RatisPipelineUtils.java:destroyPipeline(66)) - Pipeline destroy failed for pipeline=PipelineID=a15d7450-8b65-4943-81d3-58963db0e9d1 dn=28f29a4c-baf6-4c40-b523-744acc0a8c83{ip: 192.168.34.53, host: pr-hdds-2107-sbngl-2106859965, networkLocation: /default-rack, certSerialId: null}
2019-09-11 02:37:08,077 [grpc-default-executor-6] INFO  impl.RaftServerProxy (RaftServerProxy.java:remove(95)) - c53771ff-a4da-40bc-be42-f397952cb81e: remove group-58963DB0E9D1:null
2019-09-11 02:37:08,082 [RatisPipelineUtilsThread] WARN  pipeline.RatisPipelineUtils (RatisPipelineUtils.java:destroyPipeline(66)) - Pipeline destroy failed for pipeline=PipelineID=a15d7450-8b65-4943-81d3-58963db0e9d1 dn=c53771ff-a4da-40bc-be42-f397952cb81e{ip: 192.168.34.53, host: pr-hdds-2107-sbngl-2106859965, networkLocation: /default-rack, certSerialId: null}
2019-09-11 02:37:08,094 [RatisPipelineUtilsThread] ERROR pipeline.SCMPipelineManager (Scheduler.java:lambda$schedule$1(70)) - Destroy pipeline failed for pipeline:Pipeline[ Id: a15d7450-8b65-4943-81d3-58963db0e9d1, Nodes: cccfaecc-560c-4f58-9140-53bb7696e889{ip: 192.168.34.53, host: pr-hdds-2107-sbngl-2106859965, networkLocation: /default-rack, certSerialId: null}28f29a4c-baf6-4c40-b523-744acc0a8c83{ip: 192.168.34.53, host: pr-hdds-2107-sbngl-2106859965, networkLocation: /default-rack, certSerialId: null}c53771ff-a4da-40bc-be42-f397952cb81e{ip: 192.168.34.53, host: pr-hdds-2107-sbngl-2106859965, networkLocation: /default-rack, certSerialId: null}, Type:RATIS, Factor:THREE, State:CLOSED]
org.apache.hadoop.hdds.scm.pipeline.PipelineNotFoundException: PipelineID=a15d7450-8b65-4943-81d3-58963db0e9d1 not found
	at org.apache.hadoop.hdds.scm.pipeline.PipelineStateMap.getPipeline(PipelineStateMap.java:132)
	at org.apache.hadoop.hdds.scm.pipeline.PipelineStateMap.removePipeline(PipelineStateMap.java:322)
	at org.apache.hadoop.hdds.scm.pipeline.PipelineStateManager.removePipeline(PipelineStateManager.java:107)
	at org.apache.hadoop.hdds.scm.pipeline.SCMPipelineManager.removePipeline(SCMPipelineManager.java:423)
	at org.apache.hadoop.hdds.scm.pipeline.SCMPipelineManager.destroyPipeline(SCMPipelineManager.java:409)
	at org.apache.hadoop.hdds.scm.pipeline.SCMPipelineManager.lambda$finalizeAndDestroyPipeline$0(SCMPipelineManager.java:318)
	at org.apache.hadoop.utils.Scheduler.lambda$schedule$1(Scheduler.java:68)
	at java.util.concurrent.Executors$RunnableAdapter.call(Executors.java:511)
	at java.util.concurrent.FutureTask.run(FutureTask.java:266)
	at java.util.concurrent.ScheduledThreadPoolExecutor$ScheduledFutureTask.access$201(ScheduledThreadPoolExecutor.java:180)
	at java.util.concurrent.ScheduledThreadPoolExecutor$ScheduledFutureTask.run(ScheduledThreadPoolExecutor.java:293)
	at java.util.concurrent.ThreadPoolExecutor.runWorker(ThreadPoolExecutor.java:1149)
	at java.util.concurrent.ThreadPoolExecutor$Worker.run(ThreadPoolExecutor.java:624)
	at java.lang.Thread.run(Thread.java:748)
2019-09-11 02:37:10,047 [grpc-default-executor-7] INFO  impl.RaftServerProxy (RaftServerProxy.java:remove(95)) - cccfaecc-560c-4f58-9140-53bb7696e889: remove group-58963DB0E9D1:null
2019-09-11 02:37:10,055 [RatisPipelineUtilsThread] WARN  pipeline.RatisPipelineUtils (RatisPipelineUtils.java:destroyPipeline(66)) - Pipeline destroy failed for pipeline=PipelineID=a15d7450-8b65-4943-81d3-58963db0e9d1 dn=cccfaecc-560c-4f58-9140-53bb7696e889{ip: 192.168.34.53, host: pr-hdds-2107-sbngl-2106859965, networkLocation: /default-rack, certSerialId: null}
2019-09-11 02:37:10,058 [grpc-default-executor-7] INFO  impl.RaftServerProxy (RaftServerProxy.java:remove(95)) - 28f29a4c-baf6-4c40-b523-744acc0a8c83: remove group-58963DB0E9D1:null
2019-09-11 02:37:10,063 [RatisPipelineUtilsThread] WARN  pipeline.RatisPipelineUtils (RatisPipelineUtils.java:destroyPipeline(66)) - Pipeline destroy failed for pipeline=PipelineID=a15d7450-8b65-4943-81d3-58963db0e9d1 dn=28f29a4c-baf6-4c40-b523-744acc0a8c83{ip: 192.168.34.53, host: pr-hdds-2107-sbngl-2106859965, networkLocation: /default-rack, certSerialId: null}
2019-09-11 02:37:10,066 [grpc-default-executor-7] INFO  impl.RaftServerProxy (RaftServerProxy.java:remove(95)) - c53771ff-a4da-40bc-be42-f397952cb81e: remove group-58963DB0E9D1:null
2019-09-11 02:37:10,079 [RatisPipelineUtilsThread] WARN  pipeline.RatisPipelineUtils (RatisPipelineUtils.java:destroyPipeline(66)) - Pipeline destroy failed for pipeline=PipelineID=a15d7450-8b65-4943-81d3-58963db0e9d1 dn=c53771ff-a4da-40bc-be42-f397952cb81e{ip: 192.168.34.53, host: pr-hdds-2107-sbngl-2106859965, networkLocation: /default-rack, certSerialId: null}
2019-09-11 02:37:10,079 [RatisPipelineUtilsThread] ERROR pipeline.SCMPipelineManager (Scheduler.java:lambda$schedule$1(70)) - Destroy pipeline failed for pipeline:Pipeline[ Id: a15d7450-8b65-4943-81d3-58963db0e9d1, Nodes: cccfaecc-560c-4f58-9140-53bb7696e889{ip: 192.168.34.53, host: pr-hdds-2107-sbngl-2106859965, networkLocation: /default-rack, certSerialId: null}28f29a4c-baf6-4c40-b523-744acc0a8c83{ip: 192.168.34.53, host: pr-hdds-2107-sbngl-2106859965, networkLocation: /default-rack, certSerialId: null}c53771ff-a4da-40bc-be42-f397952cb81e{ip: 192.168.34.53, host: pr-hdds-2107-sbngl-2106859965, networkLocation: /default-rack, certSerialId: null}, Type:RATIS, Factor:THREE, State:CLOSED]
org.apache.hadoop.hdds.scm.pipeline.PipelineNotFoundException: PipelineID=a15d7450-8b65-4943-81d3-58963db0e9d1 not found
	at org.apache.hadoop.hdds.scm.pipeline.PipelineStateMap.getPipeline(PipelineStateMap.java:132)
	at org.apache.hadoop.hdds.scm.pipeline.PipelineStateMap.removePipeline(PipelineStateMap.java:322)
	at org.apache.hadoop.hdds.scm.pipeline.PipelineStateManager.removePipeline(PipelineStateManager.java:107)
	at org.apache.hadoop.hdds.scm.pipeline.SCMPipelineManager.removePipeline(SCMPipelineManager.java:423)
	at org.apache.hadoop.hdds.scm.pipeline.SCMPipelineManager.destroyPipeline(SCMPipelineManager.java:409)
	at org.apache.hadoop.hdds.scm.pipeline.SCMPipelineManager.lambda$finalizeAndDestroyPipeline$0(SCMPipelineManager.java:318)
	at org.apache.hadoop.utils.Scheduler.lambda$schedule$1(Scheduler.java:68)
	at java.util.concurrent.Executors$RunnableAdapter.call(Executors.java:511)
	at java.util.concurrent.FutureTask.run(FutureTask.java:266)
	at java.util.concurrent.ScheduledThreadPoolExecutor$ScheduledFutureTask.access$201(ScheduledThreadPoolExecutor.java:180)
	at java.util.concurrent.ScheduledThreadPoolExecutor$ScheduledFutureTask.run(ScheduledThreadPoolExecutor.java:293)
	at java.util.concurrent.ThreadPoolExecutor.runWorker(ThreadPoolExecutor.java:1149)
	at java.util.concurrent.ThreadPoolExecutor$Worker.run(ThreadPoolExecutor.java:624)
	at java.lang.Thread.run(Thread.java:748)
2019-09-11 02:37:10,454 [java.util.concurrent.ThreadPoolExecutor$Worker@f4f9fe6[State = -1, empty queue]] WARN  server.GrpcLogAppender (GrpcLogAppender.java:timeoutAppendRequest(200)) - c53771ff-a4da-40bc-be42-f397952cb81e@group-5FC83EB0E599->cccfaecc-560c-4f58-9140-53bb7696e889-GrpcLogAppender: appendEntries Timeout, request=c53771ff-a4da-40bc-be42-f397952cb81e->cccfaecc-560c-4f58-9140-53bb7696e889#19-t1, previous=(t:1, i:16), leaderCommit=10, initializing? false, entries: <empty>
2019-09-11 02:37:10,455 [java.util.concurrent.ThreadPoolExecutor$Worker@43a4256f[State = -1, empty queue]] WARN  server.GrpcLogAppender (GrpcLogAppender.java:timeoutAppendRequest(200)) - c53771ff-a4da-40bc-be42-f397952cb81e@group-5FC83EB0E599->28f29a4c-baf6-4c40-b523-744acc0a8c83-GrpcLogAppender: appendEntries Timeout, request=c53771ff-a4da-40bc-be42-f397952cb81e->28f29a4c-baf6-4c40-b523-744acc0a8c83#19-t1, previous=(t:1, i:16), leaderCommit=10, initializing? false, entries: <empty>
2019-09-11 02:37:12,450 [28f29a4c-baf6-4c40-b523-744acc0a8c83@group-5FC83EB0E599-SegmentedRaftLogWorker] WARN  segmented.SegmentedRaftLogWorker (SegmentedRaftLogWorker.java:getFromFuture(90)) - Timeout 0/~
org.apache.ratis.protocol.TimeoutIOException: Timeout 10s: WriteLog:11: (t:1, i:11), STATEMACHINELOGENTRY, client-6E43CC49A373, cid=41-writeStateMachineData
	at org.apache.ratis.util.IOUtils.getFromFuture(IOUtils.java:87)
	at org.apache.ratis.server.raftlog.segmented.SegmentedRaftLogWorker$StateMachineDataPolicy.getFromFuture(SegmentedRaftLogWorker.java:87)
	at org.apache.ratis.server.raftlog.segmented.SegmentedRaftLogWorker$WriteLog.execute(SegmentedRaftLogWorker.java:477)
	at org.apache.ratis.server.raftlog.segmented.SegmentedRaftLogWorker.run(SegmentedRaftLogWorker.java:289)
	at java.lang.Thread.run(Thread.java:748)
Caused by: java.util.concurrent.TimeoutException
	at java.util.concurrent.CompletableFuture.timedGet(CompletableFuture.java:1771)
	at java.util.concurrent.CompletableFuture.get(CompletableFuture.java:1915)
	at org.apache.ratis.util.IOUtils.getFromFuture(IOUtils.java:79)
	... 4 more
2019-09-11 02:37:12,450 [cccfaecc-560c-4f58-9140-53bb7696e889@group-5FC83EB0E599-SegmentedRaftLogWorker] WARN  segmented.SegmentedRaftLogWorker (SegmentedRaftLogWorker.java:getFromFuture(90)) - Timeout 0/~
org.apache.ratis.protocol.TimeoutIOException: Timeout 10s: WriteLog:11: (t:1, i:11), STATEMACHINELOGENTRY, client-6E43CC49A373, cid=41-writeStateMachineData
	at org.apache.ratis.util.IOUtils.getFromFuture(IOUtils.java:87)
	at org.apache.ratis.server.raftlog.segmented.SegmentedRaftLogWorker$StateMachineDataPolicy.getFromFuture(SegmentedRaftLogWorker.java:87)
	at org.apache.ratis.server.raftlog.segmented.SegmentedRaftLogWorker$WriteLog.execute(SegmentedRaftLogWorker.java:477)
	at org.apache.ratis.server.raftlog.segmented.SegmentedRaftLogWorker.run(SegmentedRaftLogWorker.java:289)
	at java.lang.Thread.run(Thread.java:748)
Caused by: java.util.concurrent.TimeoutException
	at java.util.concurrent.CompletableFuture.timedGet(CompletableFuture.java:1771)
	at java.util.concurrent.CompletableFuture.get(CompletableFuture.java:1915)
	at org.apache.ratis.util.IOUtils.getFromFuture(IOUtils.java:79)
	... 4 more
2019-09-11 02:37:12,535 [grpc-default-executor-7] INFO  client.GrpcClientProtocolClient (GrpcClientProtocolClient.java:onNext(264)) - client-6E43CC49A373->cccfaecc-560c-4f58-9140-53bb7696e889: receive RaftClientReply:client-6E43CC49A373->cccfaecc-560c-4f58-9140-53bb7696e889@group-5FC83EB0E599, cid=41, FAILED org.apache.ratis.protocol.NotLeaderException: Server cccfaecc-560c-4f58-9140-53bb7696e889@group-5FC83EB0E599 is not the leader c53771ff-a4da-40bc-be42-f397952cb81e:192.168.34.53:37384, logIndex=0, commits[cccfaecc-560c-4f58-9140-53bb7696e889:c10, c53771ff-a4da-40bc-be42-f397952cb81e:c10, 28f29a4c-baf6-4c40-b523-744acc0a8c83:c6]
2019-09-11 02:37:12,602 [c53771ff-a4da-40bc-be42-f397952cb81e@group-5FC83EB0E599-SegmentedRaftLogWorker] WARN  segmented.SegmentedRaftLogWorker (SegmentedRaftLogWorker.java:getFromFuture(90)) - Timeout 0/~
org.apache.ratis.protocol.TimeoutIOException: Timeout 10s: WriteLog:12: (t:1, i:12), STATEMACHINELOGENTRY, client-6E43CC49A373, cid=42-writeStateMachineData
	at org.apache.ratis.util.IOUtils.getFromFuture(IOUtils.java:87)
	at org.apache.ratis.server.raftlog.segmented.SegmentedRaftLogWorker$StateMachineDataPolicy.getFromFuture(SegmentedRaftLogWorker.java:87)
	at org.apache.ratis.server.raftlog.segmented.SegmentedRaftLogWorker$WriteLog.execute(SegmentedRaftLogWorker.java:477)
	at org.apache.ratis.server.raftlog.segmented.SegmentedRaftLogWorker.run(SegmentedRaftLogWorker.java:289)
	at java.lang.Thread.run(Thread.java:748)
Caused by: java.util.concurrent.TimeoutException
	at java.util.concurrent.CompletableFuture.timedGet(CompletableFuture.java:1771)
	at java.util.concurrent.CompletableFuture.get(CompletableFuture.java:1915)
	at org.apache.ratis.util.IOUtils.getFromFuture(IOUtils.java:79)
	... 4 more
2019-09-11 02:37:12,955 [java.util.concurrent.ThreadPoolExecutor$Worker@f4f9fe6[State = -1, empty queue]] WARN  server.GrpcLogAppender (GrpcLogAppender.java:timeoutAppendRequest(200)) - c53771ff-a4da-40bc-be42-f397952cb81e@group-5FC83EB0E599->cccfaecc-560c-4f58-9140-53bb7696e889-GrpcLogAppender: appendEntries Timeout, request=c53771ff-a4da-40bc-be42-f397952cb81e->cccfaecc-560c-4f58-9140-53bb7696e889#20-t1, previous=(t:1, i:16), leaderCommit=10, initializing? false, entries: <empty>
2019-09-11 02:37:12,955 [java.util.concurrent.ThreadPoolExecutor$Worker@43a4256f[State = -1, empty queue]] WARN  server.GrpcLogAppender (GrpcLogAppender.java:timeoutAppendRequest(200)) - c53771ff-a4da-40bc-be42-f397952cb81e@group-5FC83EB0E599->28f29a4c-baf6-4c40-b523-744acc0a8c83-GrpcLogAppender: appendEntries Timeout, request=c53771ff-a4da-40bc-be42-f397952cb81e->28f29a4c-baf6-4c40-b523-744acc0a8c83#20-t1, previous=(t:1, i:16), leaderCommit=10, initializing? false, entries: <empty>
2019-09-11 02:37:13,046 [grpc-default-executor-1] INFO  impl.RaftServerProxy (RaftServerProxy.java:remove(95)) - cccfaecc-560c-4f58-9140-53bb7696e889: remove group-58963DB0E9D1:null
2019-09-11 02:37:13,055 [RatisPipelineUtilsThread] WARN  pipeline.RatisPipelineUtils (RatisPipelineUtils.java:destroyPipeline(66)) - Pipeline destroy failed for pipeline=PipelineID=a15d7450-8b65-4943-81d3-58963db0e9d1 dn=cccfaecc-560c-4f58-9140-53bb7696e889{ip: 192.168.34.53, host: pr-hdds-2107-sbngl-2106859965, networkLocation: /default-rack, certSerialId: null}
2019-09-11 02:37:13,060 [grpc-default-executor-1] INFO  impl.RaftServerProxy (RaftServerProxy.java:remove(95)) - 28f29a4c-baf6-4c40-b523-744acc0a8c83: remove group-58963DB0E9D1:null
2019-09-11 02:37:13,067 [RatisPipelineUtilsThread] WARN  pipeline.RatisPipelineUtils (RatisPipelineUtils.java:destroyPipeline(66)) - Pipeline destroy failed for pipeline=PipelineID=a15d7450-8b65-4943-81d3-58963db0e9d1 dn=28f29a4c-baf6-4c40-b523-744acc0a8c83{ip: 192.168.34.53, host: pr-hdds-2107-sbngl-2106859965, networkLocation: /default-rack, certSerialId: null}
2019-09-11 02:37:13,071 [grpc-default-executor-7] INFO  impl.RaftServerProxy (RaftServerProxy.java:remove(95)) - c53771ff-a4da-40bc-be42-f397952cb81e: remove group-58963DB0E9D1:null
2019-09-11 02:37:13,078 [RatisPipelineUtilsThread] WARN  pipeline.RatisPipelineUtils (RatisPipelineUtils.java:destroyPipeline(66)) - Pipeline destroy failed for pipeline=PipelineID=a15d7450-8b65-4943-81d3-58963db0e9d1 dn=c53771ff-a4da-40bc-be42-f397952cb81e{ip: 192.168.34.53, host: pr-hdds-2107-sbngl-2106859965, networkLocation: /default-rack, certSerialId: null}
2019-09-11 02:37:13,079 [RatisPipelineUtilsThread] ERROR pipeline.SCMPipelineManager (Scheduler.java:lambda$schedule$1(70)) - Destroy pipeline failed for pipeline:Pipeline[ Id: a15d7450-8b65-4943-81d3-58963db0e9d1, Nodes: cccfaecc-560c-4f58-9140-53bb7696e889{ip: 192.168.34.53, host: pr-hdds-2107-sbngl-2106859965, networkLocation: /default-rack, certSerialId: null}28f29a4c-baf6-4c40-b523-744acc0a8c83{ip: 192.168.34.53, host: pr-hdds-2107-sbngl-2106859965, networkLocation: /default-rack, certSerialId: null}c53771ff-a4da-40bc-be42-f397952cb81e{ip: 192.168.34.53, host: pr-hdds-2107-sbngl-2106859965, networkLocation: /default-rack, certSerialId: null}, Type:RATIS, Factor:THREE, State:CLOSED]
org.apache.hadoop.hdds.scm.pipeline.PipelineNotFoundException: PipelineID=a15d7450-8b65-4943-81d3-58963db0e9d1 not found
	at org.apache.hadoop.hdds.scm.pipeline.PipelineStateMap.getPipeline(PipelineStateMap.java:132)
	at org.apache.hadoop.hdds.scm.pipeline.PipelineStateMap.removePipeline(PipelineStateMap.java:322)
	at org.apache.hadoop.hdds.scm.pipeline.PipelineStateManager.removePipeline(PipelineStateManager.java:107)
	at org.apache.hadoop.hdds.scm.pipeline.SCMPipelineManager.removePipeline(SCMPipelineManager.java:423)
	at org.apache.hadoop.hdds.scm.pipeline.SCMPipelineManager.destroyPipeline(SCMPipelineManager.java:409)
	at org.apache.hadoop.hdds.scm.pipeline.SCMPipelineManager.lambda$finalizeAndDestroyPipeline$0(SCMPipelineManager.java:318)
	at org.apache.hadoop.utils.Scheduler.lambda$schedule$1(Scheduler.java:68)
	at java.util.concurrent.Executors$RunnableAdapter.call(Executors.java:511)
	at java.util.concurrent.FutureTask.run(FutureTask.java:266)
	at java.util.concurrent.ScheduledThreadPoolExecutor$ScheduledFutureTask.access$201(ScheduledThreadPoolExecutor.java:180)
	at java.util.concurrent.ScheduledThreadPoolExecutor$ScheduledFutureTask.run(ScheduledThreadPoolExecutor.java:293)
	at java.util.concurrent.ThreadPoolExecutor.runWorker(ThreadPoolExecutor.java:1149)
	at java.util.concurrent.ThreadPoolExecutor$Worker.run(ThreadPoolExecutor.java:624)
	at java.lang.Thread.run(Thread.java:748)
2019-09-11 02:37:15,043 [grpc-default-executor-1] INFO  impl.RaftServerProxy (RaftServerProxy.java:remove(95)) - cccfaecc-560c-4f58-9140-53bb7696e889: remove group-58963DB0E9D1:null
2019-09-11 02:37:15,050 [RatisPipelineUtilsThread] WARN  pipeline.RatisPipelineUtils (RatisPipelineUtils.java:destroyPipeline(66)) - Pipeline destroy failed for pipeline=PipelineID=a15d7450-8b65-4943-81d3-58963db0e9d1 dn=cccfaecc-560c-4f58-9140-53bb7696e889{ip: 192.168.34.53, host: pr-hdds-2107-sbngl-2106859965, networkLocation: /default-rack, certSerialId: null}
2019-09-11 02:37:15,053 [grpc-default-executor-1] INFO  impl.RaftServerProxy (RaftServerProxy.java:remove(95)) - 28f29a4c-baf6-4c40-b523-744acc0a8c83: remove group-58963DB0E9D1:null
2019-09-11 02:37:15,058 [RatisPipelineUtilsThread] WARN  pipeline.RatisPipelineUtils (RatisPipelineUtils.java:destroyPipeline(66)) - Pipeline destroy failed for pipeline=PipelineID=a15d7450-8b65-4943-81d3-58963db0e9d1 dn=28f29a4c-baf6-4c40-b523-744acc0a8c83{ip: 192.168.34.53, host: pr-hdds-2107-sbngl-2106859965, networkLocation: /default-rack, certSerialId: null}
2019-09-11 02:37:15,062 [grpc-default-executor-1] INFO  impl.RaftServerProxy (RaftServerProxy.java:remove(95)) - c53771ff-a4da-40bc-be42-f397952cb81e: remove group-58963DB0E9D1:null
2019-09-11 02:37:15,066 [RatisPipelineUtilsThread] WARN  pipeline.RatisPipelineUtils (RatisPipelineUtils.java:destroyPipeline(66)) - Pipeline destroy failed for pipeline=PipelineID=a15d7450-8b65-4943-81d3-58963db0e9d1 dn=c53771ff-a4da-40bc-be42-f397952cb81e{ip: 192.168.34.53, host: pr-hdds-2107-sbngl-2106859965, networkLocation: /default-rack, certSerialId: null}
2019-09-11 02:37:15,067 [RatisPipelineUtilsThread] ERROR pipeline.SCMPipelineManager (Scheduler.java:lambda$schedule$1(70)) - Destroy pipeline failed for pipeline:Pipeline[ Id: a15d7450-8b65-4943-81d3-58963db0e9d1, Nodes: cccfaecc-560c-4f58-9140-53bb7696e889{ip: 192.168.34.53, host: pr-hdds-2107-sbngl-2106859965, networkLocation: /default-rack, certSerialId: null}28f29a4c-baf6-4c40-b523-744acc0a8c83{ip: 192.168.34.53, host: pr-hdds-2107-sbngl-2106859965, networkLocation: /default-rack, certSerialId: null}c53771ff-a4da-40bc-be42-f397952cb81e{ip: 192.168.34.53, host: pr-hdds-2107-sbngl-2106859965, networkLocation: /default-rack, certSerialId: null}, Type:RATIS, Factor:THREE, State:CLOSED]
org.apache.hadoop.hdds.scm.pipeline.PipelineNotFoundException: PipelineID=a15d7450-8b65-4943-81d3-58963db0e9d1 not found
	at org.apache.hadoop.hdds.scm.pipeline.PipelineStateMap.getPipeline(PipelineStateMap.java:132)
	at org.apache.hadoop.hdds.scm.pipeline.PipelineStateMap.removePipeline(PipelineStateMap.java:322)
	at org.apache.hadoop.hdds.scm.pipeline.PipelineStateManager.removePipeline(PipelineStateManager.java:107)
	at org.apache.hadoop.hdds.scm.pipeline.SCMPipelineManager.removePipeline(SCMPipelineManager.java:423)
	at org.apache.hadoop.hdds.scm.pipeline.SCMPipelineManager.destroyPipeline(SCMPipelineManager.java:409)
	at org.apache.hadoop.hdds.scm.pipeline.SCMPipelineManager.lambda$finalizeAndDestroyPipeline$0(SCMPipelineManager.java:318)
	at org.apache.hadoop.utils.Scheduler.lambda$schedule$1(Scheduler.java:68)
	at java.util.concurrent.Executors$RunnableAdapter.call(Executors.java:511)
	at java.util.concurrent.FutureTask.run(FutureTask.java:266)
	at java.util.concurrent.ScheduledThreadPoolExecutor$ScheduledFutureTask.access$201(ScheduledThreadPoolExecutor.java:180)
	at java.util.concurrent.ScheduledThreadPoolExecutor$ScheduledFutureTask.run(ScheduledThreadPoolExecutor.java:293)
	at java.util.concurrent.ThreadPoolExecutor.runWorker(ThreadPoolExecutor.java:1149)
	at java.util.concurrent.ThreadPoolExecutor$Worker.run(ThreadPoolExecutor.java:624)
	at java.lang.Thread.run(Thread.java:748)
2019-09-11 02:37:15,455 [java.util.concurrent.ThreadPoolExecutor$Worker@f4f9fe6[State = -1, empty queue]] WARN  server.GrpcLogAppender (GrpcLogAppender.java:timeoutAppendRequest(200)) - c53771ff-a4da-40bc-be42-f397952cb81e@group-5FC83EB0E599->cccfaecc-560c-4f58-9140-53bb7696e889-GrpcLogAppender: appendEntries Timeout, request=c53771ff-a4da-40bc-be42-f397952cb81e->cccfaecc-560c-4f58-9140-53bb7696e889#21-t1, previous=(t:1, i:16), leaderCommit=10, initializing? false, entries: <empty>
2019-09-11 02:37:15,455 [java.util.concurrent.ThreadPoolExecutor$Worker@43a4256f[State = -1, empty queue]] WARN  server.GrpcLogAppender (GrpcLogAppender.java:timeoutAppendRequest(200)) - c53771ff-a4da-40bc-be42-f397952cb81e@group-5FC83EB0E599->28f29a4c-baf6-4c40-b523-744acc0a8c83-GrpcLogAppender: appendEntries Timeout, request=c53771ff-a4da-40bc-be42-f397952cb81e->28f29a4c-baf6-4c40-b523-744acc0a8c83#21-t1, previous=(t:1, i:16), leaderCommit=10, initializing? false, entries: <empty>
2019-09-11 02:37:17,585 [grpc-default-executor-1] INFO  client.GrpcClientProtocolClient (GrpcClientProtocolClient.java:onNext(264)) - client-6E43CC49A373->cccfaecc-560c-4f58-9140-53bb7696e889: receive RaftClientReply:client-6E43CC49A373->cccfaecc-560c-4f58-9140-53bb7696e889@group-5FC83EB0E599, cid=41, FAILED org.apache.ratis.protocol.NotLeaderException: Server cccfaecc-560c-4f58-9140-53bb7696e889@group-5FC83EB0E599 is not the leader c53771ff-a4da-40bc-be42-f397952cb81e:192.168.34.53:37384, logIndex=0, commits[cccfaecc-560c-4f58-9140-53bb7696e889:c10, c53771ff-a4da-40bc-be42-f397952cb81e:c10, 28f29a4c-baf6-4c40-b523-744acc0a8c83:c6]
2019-09-11 02:37:17,956 [java.util.concurrent.ThreadPoolExecutor$Worker@f4f9fe6[State = -1, empty queue]] WARN  server.GrpcLogAppender (GrpcLogAppender.java:timeoutAppendRequest(200)) - c53771ff-a4da-40bc-be42-f397952cb81e@group-5FC83EB0E599->cccfaecc-560c-4f58-9140-53bb7696e889-GrpcLogAppender: appendEntries Timeout, request=c53771ff-a4da-40bc-be42-f397952cb81e->cccfaecc-560c-4f58-9140-53bb7696e889#22-t1, previous=(t:1, i:16), leaderCommit=10, initializing? false, entries: <empty>
2019-09-11 02:37:17,956 [java.util.concurrent.ThreadPoolExecutor$Worker@43a4256f[State = -1, empty queue]] WARN  server.GrpcLogAppender (GrpcLogAppender.java:timeoutAppendRequest(200)) - c53771ff-a4da-40bc-be42-f397952cb81e@group-5FC83EB0E599->28f29a4c-baf6-4c40-b523-744acc0a8c83-GrpcLogAppender: appendEntries Timeout, request=c53771ff-a4da-40bc-be42-f397952cb81e->28f29a4c-baf6-4c40-b523-744acc0a8c83#22-t1, previous=(t:1, i:16), leaderCommit=10, initializing? false, entries: <empty>
2019-09-11 02:37:18,045 [grpc-default-executor-7] INFO  impl.RaftServerProxy (RaftServerProxy.java:remove(95)) - cccfaecc-560c-4f58-9140-53bb7696e889: remove group-58963DB0E9D1:null
2019-09-11 02:37:18,052 [RatisPipelineUtilsThread] WARN  pipeline.RatisPipelineUtils (RatisPipelineUtils.java:destroyPipeline(66)) - Pipeline destroy failed for pipeline=PipelineID=a15d7450-8b65-4943-81d3-58963db0e9d1 dn=cccfaecc-560c-4f58-9140-53bb7696e889{ip: 192.168.34.53, host: pr-hdds-2107-sbngl-2106859965, networkLocation: /default-rack, certSerialId: null}
2019-09-11 02:37:18,056 [grpc-default-executor-7] INFO  impl.RaftServerProxy (RaftServerProxy.java:remove(95)) - 28f29a4c-baf6-4c40-b523-744acc0a8c83: remove group-58963DB0E9D1:null
2019-09-11 02:37:18,062 [RatisPipelineUtilsThread] WARN  pipeline.RatisPipelineUtils (RatisPipelineUtils.java:destroyPipeline(66)) - Pipeline destroy failed for pipeline=PipelineID=a15d7450-8b65-4943-81d3-58963db0e9d1 dn=28f29a4c-baf6-4c40-b523-744acc0a8c83{ip: 192.168.34.53, host: pr-hdds-2107-sbngl-2106859965, networkLocation: /default-rack, certSerialId: null}
2019-09-11 02:37:18,066 [grpc-default-executor-7] INFO  impl.RaftServerProxy (RaftServerProxy.java:remove(95)) - c53771ff-a4da-40bc-be42-f397952cb81e: remove group-58963DB0E9D1:null
2019-09-11 02:37:18,071 [RatisPipelineUtilsThread] WARN  pipeline.RatisPipelineUtils (RatisPipelineUtils.java:destroyPipeline(66)) - Pipeline destroy failed for pipeline=PipelineID=a15d7450-8b65-4943-81d3-58963db0e9d1 dn=c53771ff-a4da-40bc-be42-f397952cb81e{ip: 192.168.34.53, host: pr-hdds-2107-sbngl-2106859965, networkLocation: /default-rack, certSerialId: null}
2019-09-11 02:37:18,072 [RatisPipelineUtilsThread] ERROR pipeline.SCMPipelineManager (Scheduler.java:lambda$schedule$1(70)) - Destroy pipeline failed for pipeline:Pipeline[ Id: a15d7450-8b65-4943-81d3-58963db0e9d1, Nodes: cccfaecc-560c-4f58-9140-53bb7696e889{ip: 192.168.34.53, host: pr-hdds-2107-sbngl-2106859965, networkLocation: /default-rack, certSerialId: null}28f29a4c-baf6-4c40-b523-744acc0a8c83{ip: 192.168.34.53, host: pr-hdds-2107-sbngl-2106859965, networkLocation: /default-rack, certSerialId: null}c53771ff-a4da-40bc-be42-f397952cb81e{ip: 192.168.34.53, host: pr-hdds-2107-sbngl-2106859965, networkLocation: /default-rack, certSerialId: null}, Type:RATIS, Factor:THREE, State:CLOSED]
org.apache.hadoop.hdds.scm.pipeline.PipelineNotFoundException: PipelineID=a15d7450-8b65-4943-81d3-58963db0e9d1 not found
	at org.apache.hadoop.hdds.scm.pipeline.PipelineStateMap.getPipeline(PipelineStateMap.java:132)
	at org.apache.hadoop.hdds.scm.pipeline.PipelineStateMap.removePipeline(PipelineStateMap.java:322)
	at org.apache.hadoop.hdds.scm.pipeline.PipelineStateManager.removePipeline(PipelineStateManager.java:107)
	at org.apache.hadoop.hdds.scm.pipeline.SCMPipelineManager.removePipeline(SCMPipelineManager.java:423)
	at org.apache.hadoop.hdds.scm.pipeline.SCMPipelineManager.destroyPipeline(SCMPipelineManager.java:409)
	at org.apache.hadoop.hdds.scm.pipeline.SCMPipelineManager.lambda$finalizeAndDestroyPipeline$0(SCMPipelineManager.java:318)
	at org.apache.hadoop.utils.Scheduler.lambda$schedule$1(Scheduler.java:68)
	at java.util.concurrent.Executors$RunnableAdapter.call(Executors.java:511)
	at java.util.concurrent.FutureTask.run(FutureTask.java:266)
	at java.util.concurrent.ScheduledThreadPoolExecutor$ScheduledFutureTask.access$201(ScheduledThreadPoolExecutor.java:180)
	at java.util.concurrent.ScheduledThreadPoolExecutor$ScheduledFutureTask.run(ScheduledThreadPoolExecutor.java:293)
	at java.util.concurrent.ThreadPoolExecutor.runWorker(ThreadPoolExecutor.java:1149)
	at java.util.concurrent.ThreadPoolExecutor$Worker.run(ThreadPoolExecutor.java:624)
	at java.lang.Thread.run(Thread.java:748)
2019-09-11 02:37:20,045 [grpc-default-executor-7] INFO  impl.RaftServerProxy (RaftServerProxy.java:remove(95)) - cccfaecc-560c-4f58-9140-53bb7696e889: remove group-58963DB0E9D1:null
2019-09-11 02:37:20,053 [RatisPipelineUtilsThread] WARN  pipeline.RatisPipelineUtils (RatisPipelineUtils.java:destroyPipeline(66)) - Pipeline destroy failed for pipeline=PipelineID=a15d7450-8b65-4943-81d3-58963db0e9d1 dn=cccfaecc-560c-4f58-9140-53bb7696e889{ip: 192.168.34.53, host: pr-hdds-2107-sbngl-2106859965, networkLocation: /default-rack, certSerialId: null}
2019-09-11 02:37:20,056 [grpc-default-executor-7] INFO  impl.RaftServerProxy (RaftServerProxy.java:remove(95)) - 28f29a4c-baf6-4c40-b523-744acc0a8c83: remove group-58963DB0E9D1:null
2019-09-11 02:37:20,062 [RatisPipelineUtilsThread] WARN  pipeline.RatisPipelineUtils (RatisPipelineUtils.java:destroyPipeline(66)) - Pipeline destroy failed for pipeline=PipelineID=a15d7450-8b65-4943-81d3-58963db0e9d1 dn=28f29a4c-baf6-4c40-b523-744acc0a8c83{ip: 192.168.34.53, host: pr-hdds-2107-sbngl-2106859965, networkLocation: /default-rack, certSerialId: null}
2019-09-11 02:37:20,066 [grpc-default-executor-7] INFO  impl.RaftServerProxy (RaftServerProxy.java:remove(95)) - c53771ff-a4da-40bc-be42-f397952cb81e: remove group-58963DB0E9D1:null
2019-09-11 02:37:20,072 [RatisPipelineUtilsThread] WARN  pipeline.RatisPipelineUtils (RatisPipelineUtils.java:destroyPipeline(66)) - Pipeline destroy failed for pipeline=PipelineID=a15d7450-8b65-4943-81d3-58963db0e9d1 dn=c53771ff-a4da-40bc-be42-f397952cb81e{ip: 192.168.34.53, host: pr-hdds-2107-sbngl-2106859965, networkLocation: /default-rack, certSerialId: null}
2019-09-11 02:37:20,072 [RatisPipelineUtilsThread] ERROR pipeline.SCMPipelineManager (Scheduler.java:lambda$schedule$1(70)) - Destroy pipeline failed for pipeline:Pipeline[ Id: a15d7450-8b65-4943-81d3-58963db0e9d1, Nodes: cccfaecc-560c-4f58-9140-53bb7696e889{ip: 192.168.34.53, host: pr-hdds-2107-sbngl-2106859965, networkLocation: /default-rack, certSerialId: null}28f29a4c-baf6-4c40-b523-744acc0a8c83{ip: 192.168.34.53, host: pr-hdds-2107-sbngl-2106859965, networkLocation: /default-rack, certSerialId: null}c53771ff-a4da-40bc-be42-f397952cb81e{ip: 192.168.34.53, host: pr-hdds-2107-sbngl-2106859965, networkLocation: /default-rack, certSerialId: null}, Type:RATIS, Factor:THREE, State:CLOSED]
org.apache.hadoop.hdds.scm.pipeline.PipelineNotFoundException: PipelineID=a15d7450-8b65-4943-81d3-58963db0e9d1 not found
	at org.apache.hadoop.hdds.scm.pipeline.PipelineStateMap.getPipeline(PipelineStateMap.java:132)
	at org.apache.hadoop.hdds.scm.pipeline.PipelineStateMap.removePipeline(PipelineStateMap.java:322)
	at org.apache.hadoop.hdds.scm.pipeline.PipelineStateManager.removePipeline(PipelineStateManager.java:107)
	at org.apache.hadoop.hdds.scm.pipeline.SCMPipelineManager.removePipeline(SCMPipelineManager.java:423)
	at org.apache.hadoop.hdds.scm.pipeline.SCMPipelineManager.destroyPipeline(SCMPipelineManager.java:409)
	at org.apache.hadoop.hdds.scm.pipeline.SCMPipelineManager.lambda$finalizeAndDestroyPipeline$0(SCMPipelineManager.java:318)
	at org.apache.hadoop.utils.Scheduler.lambda$schedule$1(Scheduler.java:68)
	at java.util.concurrent.Executors$RunnableAdapter.call(Executors.java:511)
	at java.util.concurrent.FutureTask.run(FutureTask.java:266)
	at java.util.concurrent.ScheduledThreadPoolExecutor$ScheduledFutureTask.access$201(ScheduledThreadPoolExecutor.java:180)
	at java.util.concurrent.ScheduledThreadPoolExecutor$ScheduledFutureTask.run(ScheduledThreadPoolExecutor.java:293)
	at java.util.concurrent.ThreadPoolExecutor.runWorker(ThreadPoolExecutor.java:1149)
	at java.util.concurrent.ThreadPoolExecutor$Worker.run(ThreadPoolExecutor.java:624)
	at java.lang.Thread.run(Thread.java:748)
2019-09-11 02:37:20,456 [java.util.concurrent.ThreadPoolExecutor$Worker@43a4256f[State = -1, empty queue]] WARN  server.GrpcLogAppender (GrpcLogAppender.java:timeoutAppendRequest(200)) - c53771ff-a4da-40bc-be42-f397952cb81e@group-5FC83EB0E599->28f29a4c-baf6-4c40-b523-744acc0a8c83-GrpcLogAppender: appendEntries Timeout, request=c53771ff-a4da-40bc-be42-f397952cb81e->28f29a4c-baf6-4c40-b523-744acc0a8c83#23-t1, previous=(t:1, i:16), leaderCommit=10, initializing? false, entries: <empty>
2019-09-11 02:37:20,456 [java.util.concurrent.ThreadPoolExecutor$Worker@f4f9fe6[State = -1, empty queue]] WARN  server.GrpcLogAppender (GrpcLogAppender.java:timeoutAppendRequest(200)) - c53771ff-a4da-40bc-be42-f397952cb81e@group-5FC83EB0E599->cccfaecc-560c-4f58-9140-53bb7696e889-GrpcLogAppender: appendEntries Timeout, request=c53771ff-a4da-40bc-be42-f397952cb81e->cccfaecc-560c-4f58-9140-53bb7696e889#23-t1, previous=(t:1, i:16), leaderCommit=10, initializing? false, entries: <empty>
2019-09-11 02:37:22,451 [28f29a4c-baf6-4c40-b523-744acc0a8c83@group-5FC83EB0E599-SegmentedRaftLogWorker] WARN  segmented.SegmentedRaftLogWorker (SegmentedRaftLogWorker.java:getFromFuture(90)) - Timeout 1/~
org.apache.ratis.protocol.TimeoutIOException: Timeout 10s: WriteLog:11: (t:1, i:11), STATEMACHINELOGENTRY, client-6E43CC49A373, cid=41-writeStateMachineData
	at org.apache.ratis.util.IOUtils.getFromFuture(IOUtils.java:87)
	at org.apache.ratis.server.raftlog.segmented.SegmentedRaftLogWorker$StateMachineDataPolicy.getFromFuture(SegmentedRaftLogWorker.java:87)
	at org.apache.ratis.server.raftlog.segmented.SegmentedRaftLogWorker$WriteLog.execute(SegmentedRaftLogWorker.java:477)
	at org.apache.ratis.server.raftlog.segmented.SegmentedRaftLogWorker.run(SegmentedRaftLogWorker.java:289)
	at java.lang.Thread.run(Thread.java:748)
Caused by: java.util.concurrent.TimeoutException
	at java.util.concurrent.CompletableFuture.timedGet(CompletableFuture.java:1771)
	at java.util.concurrent.CompletableFuture.get(CompletableFuture.java:1915)
	at org.apache.ratis.util.IOUtils.getFromFuture(IOUtils.java:79)
	... 4 more
2019-09-11 02:37:22,452 [cccfaecc-560c-4f58-9140-53bb7696e889@group-5FC83EB0E599-SegmentedRaftLogWorker] WARN  segmented.SegmentedRaftLogWorker (SegmentedRaftLogWorker.java:getFromFuture(90)) - Timeout 1/~
org.apache.ratis.protocol.TimeoutIOException: Timeout 10s: WriteLog:11: (t:1, i:11), STATEMACHINELOGENTRY, client-6E43CC49A373, cid=41-writeStateMachineData
	at org.apache.ratis.util.IOUtils.getFromFuture(IOUtils.java:87)
	at org.apache.ratis.server.raftlog.segmented.SegmentedRaftLogWorker$StateMachineDataPolicy.getFromFuture(SegmentedRaftLogWorker.java:87)
	at org.apache.ratis.server.raftlog.segmented.SegmentedRaftLogWorker$WriteLog.execute(SegmentedRaftLogWorker.java:477)
	at org.apache.ratis.server.raftlog.segmented.SegmentedRaftLogWorker.run(SegmentedRaftLogWorker.java:289)
	at java.lang.Thread.run(Thread.java:748)
Caused by: java.util.concurrent.TimeoutException
	at java.util.concurrent.CompletableFuture.timedGet(CompletableFuture.java:1771)
	at java.util.concurrent.CompletableFuture.get(CompletableFuture.java:1915)
	at org.apache.ratis.util.IOUtils.getFromFuture(IOUtils.java:79)
	... 4 more
2019-09-11 02:37:22,603 [c53771ff-a4da-40bc-be42-f397952cb81e@group-5FC83EB0E599-SegmentedRaftLogWorker] WARN  segmented.SegmentedRaftLogWorker (SegmentedRaftLogWorker.java:getFromFuture(90)) - Timeout 1/~
org.apache.ratis.protocol.TimeoutIOException: Timeout 10s: WriteLog:12: (t:1, i:12), STATEMACHINELOGENTRY, client-6E43CC49A373, cid=42-writeStateMachineData
	at org.apache.ratis.util.IOUtils.getFromFuture(IOUtils.java:87)
	at org.apache.ratis.server.raftlog.segmented.SegmentedRaftLogWorker$StateMachineDataPolicy.getFromFuture(SegmentedRaftLogWorker.java:87)
	at org.apache.ratis.server.raftlog.segmented.SegmentedRaftLogWorker$WriteLog.execute(SegmentedRaftLogWorker.java:477)
	at org.apache.ratis.server.raftlog.segmented.SegmentedRaftLogWorker.run(SegmentedRaftLogWorker.java:289)
	at java.lang.Thread.run(Thread.java:748)
Caused by: java.util.concurrent.TimeoutException
	at java.util.concurrent.CompletableFuture.timedGet(CompletableFuture.java:1771)
	at java.util.concurrent.CompletableFuture.get(CompletableFuture.java:1915)
	at org.apache.ratis.util.IOUtils.getFromFuture(IOUtils.java:79)
	... 4 more
2019-09-11 02:37:22,622 [grpc-default-executor-1] INFO  client.GrpcClientProtocolClient (GrpcClientProtocolClient.java:onNext(264)) - client-6E43CC49A373->28f29a4c-baf6-4c40-b523-744acc0a8c83: receive RaftClientReply:client-6E43CC49A373->28f29a4c-baf6-4c40-b523-744acc0a8c83@group-5FC83EB0E599, cid=41, FAILED org.apache.ratis.protocol.NotLeaderException: Server 28f29a4c-baf6-4c40-b523-744acc0a8c83@group-5FC83EB0E599 is not the leader c53771ff-a4da-40bc-be42-f397952cb81e:192.168.34.53:37384, logIndex=0, commits[28f29a4c-baf6-4c40-b523-744acc0a8c83:c10, c53771ff-a4da-40bc-be42-f397952cb81e:c10, cccfaecc-560c-4f58-9140-53bb7696e889:c6]
2019-09-11 02:37:22,956 [java.util.concurrent.ThreadPoolExecutor$Worker@43a4256f[State = -1, empty queue]] WARN  server.GrpcLogAppender (GrpcLogAppender.java:timeoutAppendRequest(200)) - c53771ff-a4da-40bc-be42-f397952cb81e@group-5FC83EB0E599->28f29a4c-baf6-4c40-b523-744acc0a8c83-GrpcLogAppender: appendEntries Timeout, request=c53771ff-a4da-40bc-be42-f397952cb81e->28f29a4c-baf6-4c40-b523-744acc0a8c83#24-t1, previous=(t:1, i:16), leaderCommit=10, initializing? false, entries: <empty>
2019-09-11 02:37:22,956 [java.util.concurrent.ThreadPoolExecutor$Worker@f4f9fe6[State = -1, empty queue]] WARN  server.GrpcLogAppender (GrpcLogAppender.java:timeoutAppendRequest(200)) - c53771ff-a4da-40bc-be42-f397952cb81e@group-5FC83EB0E599->cccfaecc-560c-4f58-9140-53bb7696e889-GrpcLogAppender: appendEntries Timeout, request=c53771ff-a4da-40bc-be42-f397952cb81e->cccfaecc-560c-4f58-9140-53bb7696e889#24-t1, previous=(t:1, i:16), leaderCommit=10, initializing? false, entries: <empty>
2019-09-11 02:37:23,048 [grpc-default-executor-1] INFO  impl.RaftServerProxy (RaftServerProxy.java:remove(95)) - cccfaecc-560c-4f58-9140-53bb7696e889: remove group-58963DB0E9D1:null
2019-09-11 02:37:23,061 [RatisPipelineUtilsThread] WARN  pipeline.RatisPipelineUtils (RatisPipelineUtils.java:destroyPipeline(66)) - Pipeline destroy failed for pipeline=PipelineID=a15d7450-8b65-4943-81d3-58963db0e9d1 dn=cccfaecc-560c-4f58-9140-53bb7696e889{ip: 192.168.34.53, host: pr-hdds-2107-sbngl-2106859965, networkLocation: /default-rack, certSerialId: null}
2019-09-11 02:37:23,065 [grpc-default-executor-1] INFO  impl.RaftServerProxy (RaftServerProxy.java:remove(95)) - 28f29a4c-baf6-4c40-b523-744acc0a8c83: remove group-58963DB0E9D1:null
2019-09-11 02:37:23,071 [RatisPipelineUtilsThread] WARN  pipeline.RatisPipelineUtils (RatisPipelineUtils.java:destroyPipeline(66)) - Pipeline destroy failed for pipeline=PipelineID=a15d7450-8b65-4943-81d3-58963db0e9d1 dn=28f29a4c-baf6-4c40-b523-744acc0a8c83{ip: 192.168.34.53, host: pr-hdds-2107-sbngl-2106859965, networkLocation: /default-rack, certSerialId: null}
2019-09-11 02:37:23,075 [grpc-default-executor-1] INFO  impl.RaftServerProxy (RaftServerProxy.java:remove(95)) - c53771ff-a4da-40bc-be42-f397952cb81e: remove group-58963DB0E9D1:null
2019-09-11 02:37:23,080 [RatisPipelineUtilsThread] WARN  pipeline.RatisPipelineUtils (RatisPipelineUtils.java:destroyPipeline(66)) - Pipeline destroy failed for pipeline=PipelineID=a15d7450-8b65-4943-81d3-58963db0e9d1 dn=c53771ff-a4da-40bc-be42-f397952cb81e{ip: 192.168.34.53, host: pr-hdds-2107-sbngl-2106859965, networkLocation: /default-rack, certSerialId: null}
2019-09-11 02:37:23,080 [RatisPipelineUtilsThread] ERROR pipeline.SCMPipelineManager (Scheduler.java:lambda$schedule$1(70)) - Destroy pipeline failed for pipeline:Pipeline[ Id: a15d7450-8b65-4943-81d3-58963db0e9d1, Nodes: cccfaecc-560c-4f58-9140-53bb7696e889{ip: 192.168.34.53, host: pr-hdds-2107-sbngl-2106859965, networkLocation: /default-rack, certSerialId: null}28f29a4c-baf6-4c40-b523-744acc0a8c83{ip: 192.168.34.53, host: pr-hdds-2107-sbngl-2106859965, networkLocation: /default-rack, certSerialId: null}c53771ff-a4da-40bc-be42-f397952cb81e{ip: 192.168.34.53, host: pr-hdds-2107-sbngl-2106859965, networkLocation: /default-rack, certSerialId: null}, Type:RATIS, Factor:THREE, State:CLOSED]
org.apache.hadoop.hdds.scm.pipeline.PipelineNotFoundException: PipelineID=a15d7450-8b65-4943-81d3-58963db0e9d1 not found
	at org.apache.hadoop.hdds.scm.pipeline.PipelineStateMap.getPipeline(PipelineStateMap.java:132)
	at org.apache.hadoop.hdds.scm.pipeline.PipelineStateMap.removePipeline(PipelineStateMap.java:322)
	at org.apache.hadoop.hdds.scm.pipeline.PipelineStateManager.removePipeline(PipelineStateManager.java:107)
	at org.apache.hadoop.hdds.scm.pipeline.SCMPipelineManager.removePipeline(SCMPipelineManager.java:423)
	at org.apache.hadoop.hdds.scm.pipeline.SCMPipelineManager.destroyPipeline(SCMPipelineManager.java:409)
	at org.apache.hadoop.hdds.scm.pipeline.SCMPipelineManager.lambda$finalizeAndDestroyPipeline$0(SCMPipelineManager.java:318)
	at org.apache.hadoop.utils.Scheduler.lambda$schedule$1(Scheduler.java:68)
	at java.util.concurrent.Executors$RunnableAdapter.call(Executors.java:511)
	at java.util.concurrent.FutureTask.run(FutureTask.java:266)
	at java.util.concurrent.ScheduledThreadPoolExecutor$ScheduledFutureTask.access$201(ScheduledThreadPoolExecutor.java:180)
	at java.util.concurrent.ScheduledThreadPoolExecutor$ScheduledFutureTask.run(ScheduledThreadPoolExecutor.java:293)
	at java.util.concurrent.ThreadPoolExecutor.runWorker(ThreadPoolExecutor.java:1149)
	at java.util.concurrent.ThreadPoolExecutor$Worker.run(ThreadPoolExecutor.java:624)
	at java.lang.Thread.run(Thread.java:748)
2019-09-11 02:37:25,055 [grpc-default-executor-7] INFO  impl.RaftServerProxy (RaftServerProxy.java:remove(95)) - cccfaecc-560c-4f58-9140-53bb7696e889: remove group-58963DB0E9D1:null
2019-09-11 02:37:25,061 [RatisPipelineUtilsThread] WARN  pipeline.RatisPipelineUtils (RatisPipelineUtils.java:destroyPipeline(66)) - Pipeline destroy failed for pipeline=PipelineID=a15d7450-8b65-4943-81d3-58963db0e9d1 dn=cccfaecc-560c-4f58-9140-53bb7696e889{ip: 192.168.34.53, host: pr-hdds-2107-sbngl-2106859965, networkLocation: /default-rack, certSerialId: null}
2019-09-11 02:37:25,064 [grpc-default-executor-7] INFO  impl.RaftServerProxy (RaftServerProxy.java:remove(95)) - 28f29a4c-baf6-4c40-b523-744acc0a8c83: remove group-58963DB0E9D1:null
2019-09-11 02:37:25,069 [RatisPipelineUtilsThread] WARN  pipeline.RatisPipelineUtils (RatisPipelineUtils.java:destroyPipeline(66)) - Pipeline destroy failed for pipeline=PipelineID=a15d7450-8b65-4943-81d3-58963db0e9d1 dn=28f29a4c-baf6-4c40-b523-744acc0a8c83{ip: 192.168.34.53, host: pr-hdds-2107-sbngl-2106859965, networkLocation: /default-rack, certSerialId: null}
2019-09-11 02:37:25,072 [grpc-default-executor-7] INFO  impl.RaftServerProxy (RaftServerProxy.java:remove(95)) - c53771ff-a4da-40bc-be42-f397952cb81e: remove group-58963DB0E9D1:null
2019-09-11 02:37:25,076 [RatisPipelineUtilsThread] WARN  pipeline.RatisPipelineUtils (RatisPipelineUtils.java:destroyPipeline(66)) - Pipeline destroy failed for pipeline=PipelineID=a15d7450-8b65-4943-81d3-58963db0e9d1 dn=c53771ff-a4da-40bc-be42-f397952cb81e{ip: 192.168.34.53, host: pr-hdds-2107-sbngl-2106859965, networkLocation: /default-rack, certSerialId: null}
2019-09-11 02:37:25,076 [RatisPipelineUtilsThread] ERROR pipeline.SCMPipelineManager (Scheduler.java:lambda$schedule$1(70)) - Destroy pipeline failed for pipeline:Pipeline[ Id: a15d7450-8b65-4943-81d3-58963db0e9d1, Nodes: cccfaecc-560c-4f58-9140-53bb7696e889{ip: 192.168.34.53, host: pr-hdds-2107-sbngl-2106859965, networkLocation: /default-rack, certSerialId: null}28f29a4c-baf6-4c40-b523-744acc0a8c83{ip: 192.168.34.53, host: pr-hdds-2107-sbngl-2106859965, networkLocation: /default-rack, certSerialId: null}c53771ff-a4da-40bc-be42-f397952cb81e{ip: 192.168.34.53, host: pr-hdds-2107-sbngl-2106859965, networkLocation: /default-rack, certSerialId: null}, Type:RATIS, Factor:THREE, State:CLOSED]
org.apache.hadoop.hdds.scm.pipeline.PipelineNotFoundException: PipelineID=a15d7450-8b65-4943-81d3-58963db0e9d1 not found
	at org.apache.hadoop.hdds.scm.pipeline.PipelineStateMap.getPipeline(PipelineStateMap.java:132)
	at org.apache.hadoop.hdds.scm.pipeline.PipelineStateMap.removePipeline(PipelineStateMap.java:322)
	at org.apache.hadoop.hdds.scm.pipeline.PipelineStateManager.removePipeline(PipelineStateManager.java:107)
	at org.apache.hadoop.hdds.scm.pipeline.SCMPipelineManager.removePipeline(SCMPipelineManager.java:423)
	at org.apache.hadoop.hdds.scm.pipeline.SCMPipelineManager.destroyPipeline(SCMPipelineManager.java:409)
	at org.apache.hadoop.hdds.scm.pipeline.SCMPipelineManager.lambda$finalizeAndDestroyPipeline$0(SCMPipelineManager.java:318)
	at org.apache.hadoop.utils.Scheduler.lambda$schedule$1(Scheduler.java:68)
	at java.util.concurrent.Executors$RunnableAdapter.call(Executors.java:511)
	at java.util.concurrent.FutureTask.run(FutureTask.java:266)
	at java.util.concurrent.ScheduledThreadPoolExecutor$ScheduledFutureTask.access$201(ScheduledThreadPoolExecutor.java:180)
	at java.util.concurrent.ScheduledThreadPoolExecutor$ScheduledFutureTask.run(ScheduledThreadPoolExecutor.java:293)
	at java.util.concurrent.ThreadPoolExecutor.runWorker(ThreadPoolExecutor.java:1149)
	at java.util.concurrent.ThreadPoolExecutor$Worker.run(ThreadPoolExecutor.java:624)
	at java.lang.Thread.run(Thread.java:748)
2019-09-11 02:37:25,457 [java.util.concurrent.ThreadPoolExecutor$Worker@f4f9fe6[State = -1, empty queue]] WARN  server.GrpcLogAppender (GrpcLogAppender.java:timeoutAppendRequest(200)) - c53771ff-a4da-40bc-be42-f397952cb81e@group-5FC83EB0E599->cccfaecc-560c-4f58-9140-53bb7696e889-GrpcLogAppender: appendEntries Timeout, request=c53771ff-a4da-40bc-be42-f397952cb81e->cccfaecc-560c-4f58-9140-53bb7696e889#25-t1, previous=(t:1, i:16), leaderCommit=10, initializing? false, entries: <empty>
2019-09-11 02:37:25,457 [java.util.concurrent.ThreadPoolExecutor$Worker@43a4256f[State = -1, empty queue]] WARN  server.GrpcLogAppender (GrpcLogAppender.java:timeoutAppendRequest(200)) - c53771ff-a4da-40bc-be42-f397952cb81e@group-5FC83EB0E599->28f29a4c-baf6-4c40-b523-744acc0a8c83-GrpcLogAppender: appendEntries Timeout, request=c53771ff-a4da-40bc-be42-f397952cb81e->28f29a4c-baf6-4c40-b523-744acc0a8c83#25-t1, previous=(t:1, i:16), leaderCommit=10, initializing? false, entries: <empty>
2019-09-11 02:37:27,663 [grpc-default-executor-1] INFO  client.GrpcClientProtocolClient (GrpcClientProtocolClient.java:onNext(264)) - client-6E43CC49A373->cccfaecc-560c-4f58-9140-53bb7696e889: receive RaftClientReply:client-6E43CC49A373->cccfaecc-560c-4f58-9140-53bb7696e889@group-5FC83EB0E599, cid=41, FAILED org.apache.ratis.protocol.NotLeaderException: Server cccfaecc-560c-4f58-9140-53bb7696e889@group-5FC83EB0E599 is not the leader c53771ff-a4da-40bc-be42-f397952cb81e:192.168.34.53:37384, logIndex=0, commits[cccfaecc-560c-4f58-9140-53bb7696e889:c10, c53771ff-a4da-40bc-be42-f397952cb81e:c10, 28f29a4c-baf6-4c40-b523-744acc0a8c83:c6]
2019-09-11 02:37:27,957 [java.util.concurrent.ThreadPoolExecutor$Worker@f4f9fe6[State = -1, empty queue]] WARN  server.GrpcLogAppender (GrpcLogAppender.java:timeoutAppendRequest(200)) - c53771ff-a4da-40bc-be42-f397952cb81e@group-5FC83EB0E599->cccfaecc-560c-4f58-9140-53bb7696e889-GrpcLogAppender: appendEntries Timeout, request=c53771ff-a4da-40bc-be42-f397952cb81e->cccfaecc-560c-4f58-9140-53bb7696e889#26-t1, previous=(t:1, i:16), leaderCommit=10, initializing? false, entries: <empty>
2019-09-11 02:37:27,957 [java.util.concurrent.ThreadPoolExecutor$Worker@43a4256f[State = -1, empty queue]] WARN  server.GrpcLogAppender (GrpcLogAppender.java:timeoutAppendRequest(200)) - c53771ff-a4da-40bc-be42-f397952cb81e@group-5FC83EB0E599->28f29a4c-baf6-4c40-b523-744acc0a8c83-GrpcLogAppender: appendEntries Timeout, request=c53771ff-a4da-40bc-be42-f397952cb81e->28f29a4c-baf6-4c40-b523-744acc0a8c83#26-t1, previous=(t:1, i:16), leaderCommit=10, initializing? false, entries: <empty>
2019-09-11 02:37:28,054 [grpc-default-executor-7] INFO  impl.RaftServerProxy (RaftServerProxy.java:remove(95)) - cccfaecc-560c-4f58-9140-53bb7696e889: remove group-58963DB0E9D1:null
2019-09-11 02:37:28,065 [RatisPipelineUtilsThread] WARN  pipeline.RatisPipelineUtils (RatisPipelineUtils.java:destroyPipeline(66)) - Pipeline destroy failed for pipeline=PipelineID=a15d7450-8b65-4943-81d3-58963db0e9d1 dn=cccfaecc-560c-4f58-9140-53bb7696e889{ip: 192.168.34.53, host: pr-hdds-2107-sbngl-2106859965, networkLocation: /default-rack, certSerialId: null}
2019-09-11 02:37:28,070 [grpc-default-executor-7] INFO  impl.RaftServerProxy (RaftServerProxy.java:remove(95)) - 28f29a4c-baf6-4c40-b523-744acc0a8c83: remove group-58963DB0E9D1:null
2019-09-11 02:37:28,088 [RatisPipelineUtilsThread] WARN  pipeline.RatisPipelineUtils (RatisPipelineUtils.java:destroyPipeline(66)) - Pipeline destroy failed for pipeline=PipelineID=a15d7450-8b65-4943-81d3-58963db0e9d1 dn=28f29a4c-baf6-4c40-b523-744acc0a8c83{ip: 192.168.34.53, host: pr-hdds-2107-sbngl-2106859965, networkLocation: /default-rack, certSerialId: null}
2019-09-11 02:37:28,092 [grpc-default-executor-7] INFO  impl.RaftServerProxy (RaftServerProxy.java:remove(95)) - c53771ff-a4da-40bc-be42-f397952cb81e: remove group-58963DB0E9D1:null
2019-09-11 02:37:28,096 [RatisPipelineUtilsThread] WARN  pipeline.RatisPipelineUtils (RatisPipelineUtils.java:destroyPipeline(66)) - Pipeline destroy failed for pipeline=PipelineID=a15d7450-8b65-4943-81d3-58963db0e9d1 dn=c53771ff-a4da-40bc-be42-f397952cb81e{ip: 192.168.34.53, host: pr-hdds-2107-sbngl-2106859965, networkLocation: /default-rack, certSerialId: null}
2019-09-11 02:37:28,097 [RatisPipelineUtilsThread] ERROR pipeline.SCMPipelineManager (Scheduler.java:lambda$schedule$1(70)) - Destroy pipeline failed for pipeline:Pipeline[ Id: a15d7450-8b65-4943-81d3-58963db0e9d1, Nodes: cccfaecc-560c-4f58-9140-53bb7696e889{ip: 192.168.34.53, host: pr-hdds-2107-sbngl-2106859965, networkLocation: /default-rack, certSerialId: null}28f29a4c-baf6-4c40-b523-744acc0a8c83{ip: 192.168.34.53, host: pr-hdds-2107-sbngl-2106859965, networkLocation: /default-rack, certSerialId: null}c53771ff-a4da-40bc-be42-f397952cb81e{ip: 192.168.34.53, host: pr-hdds-2107-sbngl-2106859965, networkLocation: /default-rack, certSerialId: null}, Type:RATIS, Factor:THREE, State:CLOSED]
org.apache.hadoop.hdds.scm.pipeline.PipelineNotFoundException: PipelineID=a15d7450-8b65-4943-81d3-58963db0e9d1 not found
	at org.apache.hadoop.hdds.scm.pipeline.PipelineStateMap.getPipeline(PipelineStateMap.java:132)
	at org.apache.hadoop.hdds.scm.pipeline.PipelineStateMap.removePipeline(PipelineStateMap.java:322)
	at org.apache.hadoop.hdds.scm.pipeline.PipelineStateManager.removePipeline(PipelineStateManager.java:107)
	at org.apache.hadoop.hdds.scm.pipeline.SCMPipelineManager.removePipeline(SCMPipelineManager.java:423)
	at org.apache.hadoop.hdds.scm.pipeline.SCMPipelineManager.destroyPipeline(SCMPipelineManager.java:409)
	at org.apache.hadoop.hdds.scm.pipeline.SCMPipelineManager.lambda$finalizeAndDestroyPipeline$0(SCMPipelineManager.java:318)
	at org.apache.hadoop.utils.Scheduler.lambda$schedule$1(Scheduler.java:68)
	at java.util.concurrent.Executors$RunnableAdapter.call(Executors.java:511)
	at java.util.concurrent.FutureTask.run(FutureTask.java:266)
	at java.util.concurrent.ScheduledThreadPoolExecutor$ScheduledFutureTask.access$201(ScheduledThreadPoolExecutor.java:180)
	at java.util.concurrent.ScheduledThreadPoolExecutor$ScheduledFutureTask.run(ScheduledThreadPoolExecutor.java:293)
	at java.util.concurrent.ThreadPoolExecutor.runWorker(ThreadPoolExecutor.java:1149)
	at java.util.concurrent.ThreadPoolExecutor$Worker.run(ThreadPoolExecutor.java:624)
	at java.lang.Thread.run(Thread.java:748)
2019-09-11 02:37:30,053 [grpc-default-executor-7] INFO  impl.RaftServerProxy (RaftServerProxy.java:remove(95)) - cccfaecc-560c-4f58-9140-53bb7696e889: remove group-58963DB0E9D1:null
2019-09-11 02:37:30,058 [RatisPipelineUtilsThread] WARN  pipeline.RatisPipelineUtils (RatisPipelineUtils.java:destroyPipeline(66)) - Pipeline destroy failed for pipeline=PipelineID=a15d7450-8b65-4943-81d3-58963db0e9d1 dn=cccfaecc-560c-4f58-9140-53bb7696e889{ip: 192.168.34.53, host: pr-hdds-2107-sbngl-2106859965, networkLocation: /default-rack, certSerialId: null}
2019-09-11 02:37:30,062 [grpc-default-executor-7] INFO  impl.RaftServerProxy (RaftServerProxy.java:remove(95)) - 28f29a4c-baf6-4c40-b523-744acc0a8c83: remove group-58963DB0E9D1:null
2019-09-11 02:37:30,065 [RatisPipelineUtilsThread] WARN  pipeline.RatisPipelineUtils (RatisPipelineUtils.java:destroyPipeline(66)) - Pipeline destroy failed for pipeline=PipelineID=a15d7450-8b65-4943-81d3-58963db0e9d1 dn=28f29a4c-baf6-4c40-b523-744acc0a8c83{ip: 192.168.34.53, host: pr-hdds-2107-sbngl-2106859965, networkLocation: /default-rack, certSerialId: null}
2019-09-11 02:37:30,068 [grpc-default-executor-7] INFO  impl.RaftServerProxy (RaftServerProxy.java:remove(95)) - c53771ff-a4da-40bc-be42-f397952cb81e: remove group-58963DB0E9D1:null
2019-09-11 02:37:30,072 [RatisPipelineUtilsThread] WARN  pipeline.RatisPipelineUtils (RatisPipelineUtils.java:destroyPipeline(66)) - Pipeline destroy failed for pipeline=PipelineID=a15d7450-8b65-4943-81d3-58963db0e9d1 dn=c53771ff-a4da-40bc-be42-f397952cb81e{ip: 192.168.34.53, host: pr-hdds-2107-sbngl-2106859965, networkLocation: /default-rack, certSerialId: null}
2019-09-11 02:37:30,072 [RatisPipelineUtilsThread] ERROR pipeline.SCMPipelineManager (Scheduler.java:lambda$schedule$1(70)) - Destroy pipeline failed for pipeline:Pipeline[ Id: a15d7450-8b65-4943-81d3-58963db0e9d1, Nodes: cccfaecc-560c-4f58-9140-53bb7696e889{ip: 192.168.34.53, host: pr-hdds-2107-sbngl-2106859965, networkLocation: /default-rack, certSerialId: null}28f29a4c-baf6-4c40-b523-744acc0a8c83{ip: 192.168.34.53, host: pr-hdds-2107-sbngl-2106859965, networkLocation: /default-rack, certSerialId: null}c53771ff-a4da-40bc-be42-f397952cb81e{ip: 192.168.34.53, host: pr-hdds-2107-sbngl-2106859965, networkLocation: /default-rack, certSerialId: null}, Type:RATIS, Factor:THREE, State:CLOSED]
org.apache.hadoop.hdds.scm.pipeline.PipelineNotFoundException: PipelineID=a15d7450-8b65-4943-81d3-58963db0e9d1 not found
	at org.apache.hadoop.hdds.scm.pipeline.PipelineStateMap.getPipeline(PipelineStateMap.java:132)
	at org.apache.hadoop.hdds.scm.pipeline.PipelineStateMap.removePipeline(PipelineStateMap.java:322)
	at org.apache.hadoop.hdds.scm.pipeline.PipelineStateManager.removePipeline(PipelineStateManager.java:107)
	at org.apache.hadoop.hdds.scm.pipeline.SCMPipelineManager.removePipeline(SCMPipelineManager.java:423)
	at org.apache.hadoop.hdds.scm.pipeline.SCMPipelineManager.destroyPipeline(SCMPipelineManager.java:409)
	at org.apache.hadoop.hdds.scm.pipeline.SCMPipelineManager.lambda$finalizeAndDestroyPipeline$0(SCMPipelineManager.java:318)
	at org.apache.hadoop.utils.Scheduler.lambda$schedule$1(Scheduler.java:68)
	at java.util.concurrent.Executors$RunnableAdapter.call(Executors.java:511)
	at java.util.concurrent.FutureTask.run(FutureTask.java:266)
	at java.util.concurrent.ScheduledThreadPoolExecutor$ScheduledFutureTask.access$201(ScheduledThreadPoolExecutor.java:180)
	at java.util.concurrent.ScheduledThreadPoolExecutor$ScheduledFutureTask.run(ScheduledThreadPoolExecutor.java:293)
	at java.util.concurrent.ThreadPoolExecutor.runWorker(ThreadPoolExecutor.java:1149)
	at java.util.concurrent.ThreadPoolExecutor$Worker.run(ThreadPoolExecutor.java:624)
	at java.lang.Thread.run(Thread.java:748)
2019-09-11 02:37:30,458 [java.util.concurrent.ThreadPoolExecutor$Worker@f4f9fe6[State = -1, empty queue]] WARN  server.GrpcLogAppender (GrpcLogAppender.java:timeoutAppendRequest(200)) - c53771ff-a4da-40bc-be42-f397952cb81e@group-5FC83EB0E599->cccfaecc-560c-4f58-9140-53bb7696e889-GrpcLogAppender: appendEntries Timeout, request=c53771ff-a4da-40bc-be42-f397952cb81e->cccfaecc-560c-4f58-9140-53bb7696e889#27-t1, previous=(t:1, i:16), leaderCommit=10, initializing? false, entries: <empty>
2019-09-11 02:37:30,458 [java.util.concurrent.ThreadPoolExecutor$Worker@43a4256f[State = -1, empty queue]] WARN  server.GrpcLogAppender (GrpcLogAppender.java:timeoutAppendRequest(200)) - c53771ff-a4da-40bc-be42-f397952cb81e@group-5FC83EB0E599->28f29a4c-baf6-4c40-b523-744acc0a8c83-GrpcLogAppender: appendEntries Timeout, request=c53771ff-a4da-40bc-be42-f397952cb81e->28f29a4c-baf6-4c40-b523-744acc0a8c83#27-t1, previous=(t:1, i:16), leaderCommit=10, initializing? false, entries: <empty>
2019-09-11 02:37:32,452 [28f29a4c-baf6-4c40-b523-744acc0a8c83@group-5FC83EB0E599-SegmentedRaftLogWorker] WARN  segmented.SegmentedRaftLogWorker (SegmentedRaftLogWorker.java:getFromFuture(90)) - Timeout 2/~
org.apache.ratis.protocol.TimeoutIOException: Timeout 10s: WriteLog:11: (t:1, i:11), STATEMACHINELOGENTRY, client-6E43CC49A373, cid=41-writeStateMachineData
	at org.apache.ratis.util.IOUtils.getFromFuture(IOUtils.java:87)
	at org.apache.ratis.server.raftlog.segmented.SegmentedRaftLogWorker$StateMachineDataPolicy.getFromFuture(SegmentedRaftLogWorker.java:87)
	at org.apache.ratis.server.raftlog.segmented.SegmentedRaftLogWorker$WriteLog.execute(SegmentedRaftLogWorker.java:477)
	at org.apache.ratis.server.raftlog.segmented.SegmentedRaftLogWorker.run(SegmentedRaftLogWorker.java:289)
	at java.lang.Thread.run(Thread.java:748)
Caused by: java.util.concurrent.TimeoutException
	at java.util.concurrent.CompletableFuture.timedGet(CompletableFuture.java:1771)
	at java.util.concurrent.CompletableFuture.get(CompletableFuture.java:1915)
	at org.apache.ratis.util.IOUtils.getFromFuture(IOUtils.java:79)
	... 4 more
2019-09-11 02:37:32,453 [cccfaecc-560c-4f58-9140-53bb7696e889@group-5FC83EB0E599-SegmentedRaftLogWorker] WARN  segmented.SegmentedRaftLogWorker (SegmentedRaftLogWorker.java:getFromFuture(90)) - Timeout 2/~
org.apache.ratis.protocol.TimeoutIOException: Timeout 10s: WriteLog:11: (t:1, i:11), STATEMACHINELOGENTRY, client-6E43CC49A373, cid=41-writeStateMachineData
	at org.apache.ratis.util.IOUtils.getFromFuture(IOUtils.java:87)
	at org.apache.ratis.server.raftlog.segmented.SegmentedRaftLogWorker$StateMachineDataPolicy.getFromFuture(SegmentedRaftLogWorker.java:87)
	at org.apache.ratis.server.raftlog.segmented.SegmentedRaftLogWorker$WriteLog.execute(SegmentedRaftLogWorker.java:477)
	at org.apache.ratis.server.raftlog.segmented.SegmentedRaftLogWorker.run(SegmentedRaftLogWorker.java:289)
	at java.lang.Thread.run(Thread.java:748)
Caused by: java.util.concurrent.TimeoutException
	at java.util.concurrent.CompletableFuture.timedGet(CompletableFuture.java:1771)
	at java.util.concurrent.CompletableFuture.get(CompletableFuture.java:1915)
	at org.apache.ratis.util.IOUtils.getFromFuture(IOUtils.java:79)
	... 4 more
2019-09-11 02:37:32,604 [c53771ff-a4da-40bc-be42-f397952cb81e@group-5FC83EB0E599-SegmentedRaftLogWorker] WARN  segmented.SegmentedRaftLogWorker (SegmentedRaftLogWorker.java:getFromFuture(90)) - Timeout 2/~
org.apache.ratis.protocol.TimeoutIOException: Timeout 10s: WriteLog:12: (t:1, i:12), STATEMACHINELOGENTRY, client-6E43CC49A373, cid=42-writeStateMachineData
	at org.apache.ratis.util.IOUtils.getFromFuture(IOUtils.java:87)
	at org.apache.ratis.server.raftlog.segmented.SegmentedRaftLogWorker$StateMachineDataPolicy.getFromFuture(SegmentedRaftLogWorker.java:87)
	at org.apache.ratis.server.raftlog.segmented.SegmentedRaftLogWorker$WriteLog.execute(SegmentedRaftLogWorker.java:477)
	at org.apache.ratis.server.raftlog.segmented.SegmentedRaftLogWorker.run(SegmentedRaftLogWorker.java:289)
	at java.lang.Thread.run(Thread.java:748)
Caused by: java.util.concurrent.TimeoutException
	at java.util.concurrent.CompletableFuture.timedGet(CompletableFuture.java:1771)
	at java.util.concurrent.CompletableFuture.get(CompletableFuture.java:1915)
	at org.apache.ratis.util.IOUtils.getFromFuture(IOUtils.java:79)
	... 4 more
2019-09-11 02:37:32,699 [grpc-default-executor-7] INFO  client.GrpcClientProtocolClient (GrpcClientProtocolClient.java:onNext(264)) - client-6E43CC49A373->28f29a4c-baf6-4c40-b523-744acc0a8c83: receive RaftClientReply:client-6E43CC49A373->28f29a4c-baf6-4c40-b523-744acc0a8c83@group-5FC83EB0E599, cid=41, FAILED org.apache.ratis.protocol.NotLeaderException: Server 28f29a4c-baf6-4c40-b523-744acc0a8c83@group-5FC83EB0E599 is not the leader c53771ff-a4da-40bc-be42-f397952cb81e:192.168.34.53:37384, logIndex=0, commits[28f29a4c-baf6-4c40-b523-744acc0a8c83:c10, c53771ff-a4da-40bc-be42-f397952cb81e:c10, cccfaecc-560c-4f58-9140-53bb7696e889:c6]
2019-09-11 02:37:32,958 [java.util.concurrent.ThreadPoolExecutor$Worker@43a4256f[State = -1, empty queue]] WARN  server.GrpcLogAppender (GrpcLogAppender.java:timeoutAppendRequest(200)) - c53771ff-a4da-40bc-be42-f397952cb81e@group-5FC83EB0E599->28f29a4c-baf6-4c40-b523-744acc0a8c83-GrpcLogAppender: appendEntries Timeout, request=c53771ff-a4da-40bc-be42-f397952cb81e->28f29a4c-baf6-4c40-b523-744acc0a8c83#28-t1, previous=(t:1, i:16), leaderCommit=10, initializing? false, entries: <empty>
2019-09-11 02:37:32,958 [java.util.concurrent.ThreadPoolExecutor$Worker@f4f9fe6[State = -1, empty queue]] WARN  server.GrpcLogAppender (GrpcLogAppender.java:timeoutAppendRequest(200)) - c53771ff-a4da-40bc-be42-f397952cb81e@group-5FC83EB0E599->cccfaecc-560c-4f58-9140-53bb7696e889-GrpcLogAppender: appendEntries Timeout, request=c53771ff-a4da-40bc-be42-f397952cb81e->cccfaecc-560c-4f58-9140-53bb7696e889#28-t1, previous=(t:1, i:16), leaderCommit=10, initializing? false, entries: <empty>
2019-09-11 02:37:33,051 [grpc-default-executor-1] INFO  impl.RaftServerProxy (RaftServerProxy.java:remove(95)) - cccfaecc-560c-4f58-9140-53bb7696e889: remove group-58963DB0E9D1:null
2019-09-11 02:37:33,055 [RatisPipelineUtilsThread] WARN  pipeline.RatisPipelineUtils (RatisPipelineUtils.java:destroyPipeline(66)) - Pipeline destroy failed for pipeline=PipelineID=a15d7450-8b65-4943-81d3-58963db0e9d1 dn=cccfaecc-560c-4f58-9140-53bb7696e889{ip: 192.168.34.53, host: pr-hdds-2107-sbngl-2106859965, networkLocation: /default-rack, certSerialId: null}
2019-09-11 02:37:33,058 [grpc-default-executor-1] INFO  impl.RaftServerProxy (RaftServerProxy.java:remove(95)) - 28f29a4c-baf6-4c40-b523-744acc0a8c83: remove group-58963DB0E9D1:null
2019-09-11 02:37:33,061 [RatisPipelineUtilsThread] WARN  pipeline.RatisPipelineUtils (RatisPipelineUtils.java:destroyPipeline(66)) - Pipeline destroy failed for pipeline=PipelineID=a15d7450-8b65-4943-81d3-58963db0e9d1 dn=28f29a4c-baf6-4c40-b523-744acc0a8c83{ip: 192.168.34.53, host: pr-hdds-2107-sbngl-2106859965, networkLocation: /default-rack, certSerialId: null}
2019-09-11 02:37:33,063 [grpc-default-executor-1] INFO  impl.RaftServerProxy (RaftServerProxy.java:remove(95)) - c53771ff-a4da-40bc-be42-f397952cb81e: remove group-58963DB0E9D1:null
2019-09-11 02:37:33,065 [RatisPipelineUtilsThread] WARN  pipeline.RatisPipelineUtils (RatisPipelineUtils.java:destroyPipeline(66)) - Pipeline destroy failed for pipeline=PipelineID=a15d7450-8b65-4943-81d3-58963db0e9d1 dn=c53771ff-a4da-40bc-be42-f397952cb81e{ip: 192.168.34.53, host: pr-hdds-2107-sbngl-2106859965, networkLocation: /default-rack, certSerialId: null}
2019-09-11 02:37:33,066 [RatisPipelineUtilsThread] ERROR pipeline.SCMPipelineManager (Scheduler.java:lambda$schedule$1(70)) - Destroy pipeline failed for pipeline:Pipeline[ Id: a15d7450-8b65-4943-81d3-58963db0e9d1, Nodes: cccfaecc-560c-4f58-9140-53bb7696e889{ip: 192.168.34.53, host: pr-hdds-2107-sbngl-2106859965, networkLocation: /default-rack, certSerialId: null}28f29a4c-baf6-4c40-b523-744acc0a8c83{ip: 192.168.34.53, host: pr-hdds-2107-sbngl-2106859965, networkLocation: /default-rack, certSerialId: null}c53771ff-a4da-40bc-be42-f397952cb81e{ip: 192.168.34.53, host: pr-hdds-2107-sbngl-2106859965, networkLocation: /default-rack, certSerialId: null}, Type:RATIS, Factor:THREE, State:CLOSED]
org.apache.hadoop.hdds.scm.pipeline.PipelineNotFoundException: PipelineID=a15d7450-8b65-4943-81d3-58963db0e9d1 not found
	at org.apache.hadoop.hdds.scm.pipeline.PipelineStateMap.getPipeline(PipelineStateMap.java:132)
	at org.apache.hadoop.hdds.scm.pipeline.PipelineStateMap.removePipeline(PipelineStateMap.java:322)
	at org.apache.hadoop.hdds.scm.pipeline.PipelineStateManager.removePipeline(PipelineStateManager.java:107)
	at org.apache.hadoop.hdds.scm.pipeline.SCMPipelineManager.removePipeline(SCMPipelineManager.java:423)
	at org.apache.hadoop.hdds.scm.pipeline.SCMPipelineManager.destroyPipeline(SCMPipelineManager.java:409)
	at org.apache.hadoop.hdds.scm.pipeline.SCMPipelineManager.lambda$finalizeAndDestroyPipeline$0(SCMPipelineManager.java:318)
	at org.apache.hadoop.utils.Scheduler.lambda$schedule$1(Scheduler.java:68)
	at java.util.concurrent.Executors$RunnableAdapter.call(Executors.java:511)
	at java.util.concurrent.FutureTask.run(FutureTask.java:266)
	at java.util.concurrent.ScheduledThreadPoolExecutor$ScheduledFutureTask.access$201(ScheduledThreadPoolExecutor.java:180)
	at java.util.concurrent.ScheduledThreadPoolExecutor$ScheduledFutureTask.run(ScheduledThreadPoolExecutor.java:293)
	at java.util.concurrent.ThreadPoolExecutor.runWorker(ThreadPoolExecutor.java:1149)
	at java.util.concurrent.ThreadPoolExecutor$Worker.run(ThreadPoolExecutor.java:624)
	at java.lang.Thread.run(Thread.java:748)
2019-09-11 02:37:35,051 [grpc-default-executor-7] INFO  impl.RaftServerProxy (RaftServerProxy.java:remove(95)) - cccfaecc-560c-4f58-9140-53bb7696e889: remove group-58963DB0E9D1:null
2019-09-11 02:37:35,055 [RatisPipelineUtilsThread] WARN  pipeline.RatisPipelineUtils (RatisPipelineUtils.java:destroyPipeline(66)) - Pipeline destroy failed for pipeline=PipelineID=a15d7450-8b65-4943-81d3-58963db0e9d1 dn=cccfaecc-560c-4f58-9140-53bb7696e889{ip: 192.168.34.53, host: pr-hdds-2107-sbngl-2106859965, networkLocation: /default-rack, certSerialId: null}
2019-09-11 02:37:35,058 [grpc-default-executor-7] INFO  impl.RaftServerProxy (RaftServerProxy.java:remove(95)) - 28f29a4c-baf6-4c40-b523-744acc0a8c83: remove group-58963DB0E9D1:null
2019-09-11 02:37:35,060 [RatisPipelineUtilsThread] WARN  pipeline.RatisPipelineUtils (RatisPipelineUtils.java:destroyPipeline(66)) - Pipeline destroy failed for pipeline=PipelineID=a15d7450-8b65-4943-81d3-58963db0e9d1 dn=28f29a4c-baf6-4c40-b523-744acc0a8c83{ip: 192.168.34.53, host: pr-hdds-2107-sbngl-2106859965, networkLocation: /default-rack, certSerialId: null}
2019-09-11 02:37:35,063 [grpc-default-executor-7] INFO  impl.RaftServerProxy (RaftServerProxy.java:remove(95)) - c53771ff-a4da-40bc-be42-f397952cb81e: remove group-58963DB0E9D1:null
2019-09-11 02:37:35,066 [RatisPipelineUtilsThread] WARN  pipeline.RatisPipelineUtils (RatisPipelineUtils.java:destroyPipeline(66)) - Pipeline destroy failed for pipeline=PipelineID=a15d7450-8b65-4943-81d3-58963db0e9d1 dn=c53771ff-a4da-40bc-be42-f397952cb81e{ip: 192.168.34.53, host: pr-hdds-2107-sbngl-2106859965, networkLocation: /default-rack, certSerialId: null}
2019-09-11 02:37:35,066 [RatisPipelineUtilsThread] ERROR pipeline.SCMPipelineManager (Scheduler.java:lambda$schedule$1(70)) - Destroy pipeline failed for pipeline:Pipeline[ Id: a15d7450-8b65-4943-81d3-58963db0e9d1, Nodes: cccfaecc-560c-4f58-9140-53bb7696e889{ip: 192.168.34.53, host: pr-hdds-2107-sbngl-2106859965, networkLocation: /default-rack, certSerialId: null}28f29a4c-baf6-4c40-b523-744acc0a8c83{ip: 192.168.34.53, host: pr-hdds-2107-sbngl-2106859965, networkLocation: /default-rack, certSerialId: null}c53771ff-a4da-40bc-be42-f397952cb81e{ip: 192.168.34.53, host: pr-hdds-2107-sbngl-2106859965, networkLocation: /default-rack, certSerialId: null}, Type:RATIS, Factor:THREE, State:CLOSED]
org.apache.hadoop.hdds.scm.pipeline.PipelineNotFoundException: PipelineID=a15d7450-8b65-4943-81d3-58963db0e9d1 not found
	at org.apache.hadoop.hdds.scm.pipeline.PipelineStateMap.getPipeline(PipelineStateMap.java:132)
	at org.apache.hadoop.hdds.scm.pipeline.PipelineStateMap.removePipeline(PipelineStateMap.java:322)
	at org.apache.hadoop.hdds.scm.pipeline.PipelineStateManager.removePipeline(PipelineStateManager.java:107)
	at org.apache.hadoop.hdds.scm.pipeline.SCMPipelineManager.removePipeline(SCMPipelineManager.java:423)
	at org.apache.hadoop.hdds.scm.pipeline.SCMPipelineManager.destroyPipeline(SCMPipelineManager.java:409)
	at org.apache.hadoop.hdds.scm.pipeline.SCMPipelineManager.lambda$finalizeAndDestroyPipeline$0(SCMPipelineManager.java:318)
	at org.apache.hadoop.utils.Scheduler.lambda$schedule$1(Scheduler.java:68)
	at java.util.concurrent.Executors$RunnableAdapter.call(Executors.java:511)
	at java.util.concurrent.FutureTask.run(FutureTask.java:266)
	at java.util.concurrent.ScheduledThreadPoolExecutor$ScheduledFutureTask.access$201(ScheduledThreadPoolExecutor.java:180)
	at java.util.concurrent.ScheduledThreadPoolExecutor$ScheduledFutureTask.run(ScheduledThreadPoolExecutor.java:293)
	at java.util.concurrent.ThreadPoolExecutor.runWorker(ThreadPoolExecutor.java:1149)
	at java.util.concurrent.ThreadPoolExecutor$Worker.run(ThreadPoolExecutor.java:624)
	at java.lang.Thread.run(Thread.java:748)
2019-09-11 02:37:35,458 [java.util.concurrent.ThreadPoolExecutor$Worker@43a4256f[State = -1, empty queue]] WARN  server.GrpcLogAppender (GrpcLogAppender.java:timeoutAppendRequest(200)) - c53771ff-a4da-40bc-be42-f397952cb81e@group-5FC83EB0E599->28f29a4c-baf6-4c40-b523-744acc0a8c83-GrpcLogAppender: appendEntries Timeout, request=c53771ff-a4da-40bc-be42-f397952cb81e->28f29a4c-baf6-4c40-b523-744acc0a8c83#29-t1, previous=(t:1, i:16), leaderCommit=10, initializing? false, entries: <empty>
2019-09-11 02:37:35,458 [java.util.concurrent.ThreadPoolExecutor$Worker@f4f9fe6[State = -1, empty queue]] WARN  server.GrpcLogAppender (GrpcLogAppender.java:timeoutAppendRequest(200)) - c53771ff-a4da-40bc-be42-f397952cb81e@group-5FC83EB0E599->cccfaecc-560c-4f58-9140-53bb7696e889-GrpcLogAppender: appendEntries Timeout, request=c53771ff-a4da-40bc-be42-f397952cb81e->cccfaecc-560c-4f58-9140-53bb7696e889#29-t1, previous=(t:1, i:16), leaderCommit=10, initializing? false, entries: <empty>
2019-09-11 02:37:37,737 [grpc-default-executor-7] INFO  client.GrpcClientProtocolClient (GrpcClientProtocolClient.java:onNext(264)) - client-6E43CC49A373->28f29a4c-baf6-4c40-b523-744acc0a8c83: receive RaftClientReply:client-6E43CC49A373->28f29a4c-baf6-4c40-b523-744acc0a8c83@group-5FC83EB0E599, cid=41, FAILED org.apache.ratis.protocol.NotLeaderException: Server 28f29a4c-baf6-4c40-b523-744acc0a8c83@group-5FC83EB0E599 is not the leader c53771ff-a4da-40bc-be42-f397952cb81e:192.168.34.53:37384, logIndex=0, commits[28f29a4c-baf6-4c40-b523-744acc0a8c83:c10, c53771ff-a4da-40bc-be42-f397952cb81e:c10, cccfaecc-560c-4f58-9140-53bb7696e889:c6]
2019-09-11 02:37:37,959 [java.util.concurrent.ThreadPoolExecutor$Worker@f4f9fe6[State = -1, empty queue]] WARN  server.GrpcLogAppender (GrpcLogAppender.java:timeoutAppendRequest(200)) - c53771ff-a4da-40bc-be42-f397952cb81e@group-5FC83EB0E599->cccfaecc-560c-4f58-9140-53bb7696e889-GrpcLogAppender: appendEntries Timeout, request=c53771ff-a4da-40bc-be42-f397952cb81e->cccfaecc-560c-4f58-9140-53bb7696e889#30-t1, previous=(t:1, i:16), leaderCommit=10, initializing? false, entries: <empty>
2019-09-11 02:37:37,959 [java.util.concurrent.ThreadPoolExecutor$Worker@43a4256f[State = -1, empty queue]] WARN  server.GrpcLogAppender (GrpcLogAppender.java:timeoutAppendRequest(200)) - c53771ff-a4da-40bc-be42-f397952cb81e@group-5FC83EB0E599->28f29a4c-baf6-4c40-b523-744acc0a8c83-GrpcLogAppender: appendEntries Timeout, request=c53771ff-a4da-40bc-be42-f397952cb81e->28f29a4c-baf6-4c40-b523-744acc0a8c83#30-t1, previous=(t:1, i:16), leaderCommit=10, initializing? false, entries: <empty>
2019-09-11 02:37:38,053 [grpc-default-executor-7] INFO  impl.RaftServerProxy (RaftServerProxy.java:remove(95)) - cccfaecc-560c-4f58-9140-53bb7696e889: remove group-58963DB0E9D1:null
2019-09-11 02:37:38,056 [RatisPipelineUtilsThread] WARN  pipeline.RatisPipelineUtils (RatisPipelineUtils.java:destroyPipeline(66)) - Pipeline destroy failed for pipeline=PipelineID=a15d7450-8b65-4943-81d3-58963db0e9d1 dn=cccfaecc-560c-4f58-9140-53bb7696e889{ip: 192.168.34.53, host: pr-hdds-2107-sbngl-2106859965, networkLocation: /default-rack, certSerialId: null}
2019-09-11 02:37:38,059 [grpc-default-executor-7] INFO  impl.RaftServerProxy (RaftServerProxy.java:remove(95)) - 28f29a4c-baf6-4c40-b523-744acc0a8c83: remove group-58963DB0E9D1:null
2019-09-11 02:37:38,062 [RatisPipelineUtilsThread] WARN  pipeline.RatisPipelineUtils (RatisPipelineUtils.java:destroyPipeline(66)) - Pipeline destroy failed for pipeline=PipelineID=a15d7450-8b65-4943-81d3-58963db0e9d1 dn=28f29a4c-baf6-4c40-b523-744acc0a8c83{ip: 192.168.34.53, host: pr-hdds-2107-sbngl-2106859965, networkLocation: /default-rack, certSerialId: null}
2019-09-11 02:37:38,065 [grpc-default-executor-7] INFO  impl.RaftServerProxy (RaftServerProxy.java:remove(95)) - c53771ff-a4da-40bc-be42-f397952cb81e: remove group-58963DB0E9D1:null
2019-09-11 02:37:38,067 [RatisPipelineUtilsThread] WARN  pipeline.RatisPipelineUtils (RatisPipelineUtils.java:destroyPipeline(66)) - Pipeline destroy failed for pipeline=PipelineID=a15d7450-8b65-4943-81d3-58963db0e9d1 dn=c53771ff-a4da-40bc-be42-f397952cb81e{ip: 192.168.34.53, host: pr-hdds-2107-sbngl-2106859965, networkLocation: /default-rack, certSerialId: null}
2019-09-11 02:37:38,068 [RatisPipelineUtilsThread] ERROR pipeline.SCMPipelineManager (Scheduler.java:lambda$schedule$1(70)) - Destroy pipeline failed for pipeline:Pipeline[ Id: a15d7450-8b65-4943-81d3-58963db0e9d1, Nodes: cccfaecc-560c-4f58-9140-53bb7696e889{ip: 192.168.34.53, host: pr-hdds-2107-sbngl-2106859965, networkLocation: /default-rack, certSerialId: null}28f29a4c-baf6-4c40-b523-744acc0a8c83{ip: 192.168.34.53, host: pr-hdds-2107-sbngl-2106859965, networkLocation: /default-rack, certSerialId: null}c53771ff-a4da-40bc-be42-f397952cb81e{ip: 192.168.34.53, host: pr-hdds-2107-sbngl-2106859965, networkLocation: /default-rack, certSerialId: null}, Type:RATIS, Factor:THREE, State:CLOSED]
org.apache.hadoop.hdds.scm.pipeline.PipelineNotFoundException: PipelineID=a15d7450-8b65-4943-81d3-58963db0e9d1 not found
	at org.apache.hadoop.hdds.scm.pipeline.PipelineStateMap.getPipeline(PipelineStateMap.java:132)
	at org.apache.hadoop.hdds.scm.pipeline.PipelineStateMap.removePipeline(PipelineStateMap.java:322)
	at org.apache.hadoop.hdds.scm.pipeline.PipelineStateManager.removePipeline(PipelineStateManager.java:107)
	at org.apache.hadoop.hdds.scm.pipeline.SCMPipelineManager.removePipeline(SCMPipelineManager.java:423)
	at org.apache.hadoop.hdds.scm.pipeline.SCMPipelineManager.destroyPipeline(SCMPipelineManager.java:409)
	at org.apache.hadoop.hdds.scm.pipeline.SCMPipelineManager.lambda$finalizeAndDestroyPipeline$0(SCMPipelineManager.java:318)
	at org.apache.hadoop.utils.Scheduler.lambda$schedule$1(Scheduler.java:68)
	at java.util.concurrent.Executors$RunnableAdapter.call(Executors.java:511)
	at java.util.concurrent.FutureTask.run(FutureTask.java:266)
	at java.util.concurrent.ScheduledThreadPoolExecutor$ScheduledFutureTask.access$201(ScheduledThreadPoolExecutor.java:180)
	at java.util.concurrent.ScheduledThreadPoolExecutor$ScheduledFutureTask.run(ScheduledThreadPoolExecutor.java:293)
	at java.util.concurrent.ThreadPoolExecutor.runWorker(ThreadPoolExecutor.java:1149)
	at java.util.concurrent.ThreadPoolExecutor$Worker.run(ThreadPoolExecutor.java:624)
	at java.lang.Thread.run(Thread.java:748)
2019-09-11 02:37:40,055 [grpc-default-executor-1] INFO  impl.RaftServerProxy (RaftServerProxy.java:remove(95)) - cccfaecc-560c-4f58-9140-53bb7696e889: remove group-58963DB0E9D1:null
2019-09-11 02:37:40,059 [RatisPipelineUtilsThread] WARN  pipeline.RatisPipelineUtils (RatisPipelineUtils.java:destroyPipeline(66)) - Pipeline destroy failed for pipeline=PipelineID=a15d7450-8b65-4943-81d3-58963db0e9d1 dn=cccfaecc-560c-4f58-9140-53bb7696e889{ip: 192.168.34.53, host: pr-hdds-2107-sbngl-2106859965, networkLocation: /default-rack, certSerialId: null}
2019-09-11 02:37:40,062 [grpc-default-executor-1] INFO  impl.RaftServerProxy (RaftServerProxy.java:remove(95)) - 28f29a4c-baf6-4c40-b523-744acc0a8c83: remove group-58963DB0E9D1:null
2019-09-11 02:37:40,065 [RatisPipelineUtilsThread] WARN  pipeline.RatisPipelineUtils (RatisPipelineUtils.java:destroyPipeline(66)) - Pipeline destroy failed for pipeline=PipelineID=a15d7450-8b65-4943-81d3-58963db0e9d1 dn=28f29a4c-baf6-4c40-b523-744acc0a8c83{ip: 192.168.34.53, host: pr-hdds-2107-sbngl-2106859965, networkLocation: /default-rack, certSerialId: null}
2019-09-11 02:37:40,068 [grpc-default-executor-1] INFO  impl.RaftServerProxy (RaftServerProxy.java:remove(95)) - c53771ff-a4da-40bc-be42-f397952cb81e: remove group-58963DB0E9D1:null
2019-09-11 02:37:40,070 [RatisPipelineUtilsThread] WARN  pipeline.RatisPipelineUtils (RatisPipelineUtils.java:destroyPipeline(66)) - Pipeline destroy failed for pipeline=PipelineID=a15d7450-8b65-4943-81d3-58963db0e9d1 dn=c53771ff-a4da-40bc-be42-f397952cb81e{ip: 192.168.34.53, host: pr-hdds-2107-sbngl-2106859965, networkLocation: /default-rack, certSerialId: null}
2019-09-11 02:37:40,071 [RatisPipelineUtilsThread] ERROR pipeline.SCMPipelineManager (Scheduler.java:lambda$schedule$1(70)) - Destroy pipeline failed for pipeline:Pipeline[ Id: a15d7450-8b65-4943-81d3-58963db0e9d1, Nodes: cccfaecc-560c-4f58-9140-53bb7696e889{ip: 192.168.34.53, host: pr-hdds-2107-sbngl-2106859965, networkLocation: /default-rack, certSerialId: null}28f29a4c-baf6-4c40-b523-744acc0a8c83{ip: 192.168.34.53, host: pr-hdds-2107-sbngl-2106859965, networkLocation: /default-rack, certSerialId: null}c53771ff-a4da-40bc-be42-f397952cb81e{ip: 192.168.34.53, host: pr-hdds-2107-sbngl-2106859965, networkLocation: /default-rack, certSerialId: null}, Type:RATIS, Factor:THREE, State:CLOSED]
org.apache.hadoop.hdds.scm.pipeline.PipelineNotFoundException: PipelineID=a15d7450-8b65-4943-81d3-58963db0e9d1 not found
	at org.apache.hadoop.hdds.scm.pipeline.PipelineStateMap.getPipeline(PipelineStateMap.java:132)
	at org.apache.hadoop.hdds.scm.pipeline.PipelineStateMap.removePipeline(PipelineStateMap.java:322)
	at org.apache.hadoop.hdds.scm.pipeline.PipelineStateManager.removePipeline(PipelineStateManager.java:107)
	at org.apache.hadoop.hdds.scm.pipeline.SCMPipelineManager.removePipeline(SCMPipelineManager.java:423)
	at org.apache.hadoop.hdds.scm.pipeline.SCMPipelineManager.destroyPipeline(SCMPipelineManager.java:409)
	at org.apache.hadoop.hdds.scm.pipeline.SCMPipelineManager.lambda$finalizeAndDestroyPipeline$0(SCMPipelineManager.java:318)
	at org.apache.hadoop.utils.Scheduler.lambda$schedule$1(Scheduler.java:68)
	at java.util.concurrent.Executors$RunnableAdapter.call(Executors.java:511)
	at java.util.concurrent.FutureTask.run(FutureTask.java:266)
	at java.util.concurrent.ScheduledThreadPoolExecutor$ScheduledFutureTask.access$201(ScheduledThreadPoolExecutor.java:180)
	at java.util.concurrent.ScheduledThreadPoolExecutor$ScheduledFutureTask.run(ScheduledThreadPoolExecutor.java:293)
	at java.util.concurrent.ThreadPoolExecutor.runWorker(ThreadPoolExecutor.java:1149)
	at java.util.concurrent.ThreadPoolExecutor$Worker.run(ThreadPoolExecutor.java:624)
	at java.lang.Thread.run(Thread.java:748)
2019-09-11 02:37:40,459 [java.util.concurrent.ThreadPoolExecutor$Worker@43a4256f[State = -1, empty queue]] WARN  server.GrpcLogAppender (GrpcLogAppender.java:timeoutAppendRequest(200)) - c53771ff-a4da-40bc-be42-f397952cb81e@group-5FC83EB0E599->28f29a4c-baf6-4c40-b523-744acc0a8c83-GrpcLogAppender: appendEntries Timeout, request=c53771ff-a4da-40bc-be42-f397952cb81e->28f29a4c-baf6-4c40-b523-744acc0a8c83#31-t1, previous=(t:1, i:16), leaderCommit=10, initializing? false, entries: <empty>
2019-09-11 02:37:40,459 [java.util.concurrent.ThreadPoolExecutor$Worker@f4f9fe6[State = -1, empty queue]] WARN  server.GrpcLogAppender (GrpcLogAppender.java:timeoutAppendRequest(200)) - c53771ff-a4da-40bc-be42-f397952cb81e@group-5FC83EB0E599->cccfaecc-560c-4f58-9140-53bb7696e889-GrpcLogAppender: appendEntries Timeout, request=c53771ff-a4da-40bc-be42-f397952cb81e->cccfaecc-560c-4f58-9140-53bb7696e889#31-t1, previous=(t:1, i:16), leaderCommit=10, initializing? false, entries: <empty>
2019-09-11 02:37:42,454 [28f29a4c-baf6-4c40-b523-744acc0a8c83@group-5FC83EB0E599-SegmentedRaftLogWorker] WARN  segmented.SegmentedRaftLogWorker (SegmentedRaftLogWorker.java:getFromFuture(90)) - Timeout 3/~
org.apache.ratis.protocol.TimeoutIOException: Timeout 10s: WriteLog:11: (t:1, i:11), STATEMACHINELOGENTRY, client-6E43CC49A373, cid=41-writeStateMachineData
	at org.apache.ratis.util.IOUtils.getFromFuture(IOUtils.java:87)
	at org.apache.ratis.server.raftlog.segmented.SegmentedRaftLogWorker$StateMachineDataPolicy.getFromFuture(SegmentedRaftLogWorker.java:87)
	at org.apache.ratis.server.raftlog.segmented.SegmentedRaftLogWorker$WriteLog.execute(SegmentedRaftLogWorker.java:477)
	at org.apache.ratis.server.raftlog.segmented.SegmentedRaftLogWorker.run(SegmentedRaftLogWorker.java:289)
	at java.lang.Thread.run(Thread.java:748)
Caused by: java.util.concurrent.TimeoutException
	at java.util.concurrent.CompletableFuture.timedGet(CompletableFuture.java:1771)
	at java.util.concurrent.CompletableFuture.get(CompletableFuture.java:1915)
	at org.apache.ratis.util.IOUtils.getFromFuture(IOUtils.java:79)
	... 4 more
2019-09-11 02:37:42,454 [cccfaecc-560c-4f58-9140-53bb7696e889@group-5FC83EB0E599-SegmentedRaftLogWorker] WARN  segmented.SegmentedRaftLogWorker (SegmentedRaftLogWorker.java:getFromFuture(90)) - Timeout 3/~
org.apache.ratis.protocol.TimeoutIOException: Timeout 10s: WriteLog:11: (t:1, i:11), STATEMACHINELOGENTRY, client-6E43CC49A373, cid=41-writeStateMachineData
	at org.apache.ratis.util.IOUtils.getFromFuture(IOUtils.java:87)
	at org.apache.ratis.server.raftlog.segmented.SegmentedRaftLogWorker$StateMachineDataPolicy.getFromFuture(SegmentedRaftLogWorker.java:87)
	at org.apache.ratis.server.raftlog.segmented.SegmentedRaftLogWorker$WriteLog.execute(SegmentedRaftLogWorker.java:477)
	at org.apache.ratis.server.raftlog.segmented.SegmentedRaftLogWorker.run(SegmentedRaftLogWorker.java:289)
	at java.lang.Thread.run(Thread.java:748)
Caused by: java.util.concurrent.TimeoutException
	at java.util.concurrent.CompletableFuture.timedGet(CompletableFuture.java:1771)
	at java.util.concurrent.CompletableFuture.get(CompletableFuture.java:1915)
	at org.apache.ratis.util.IOUtils.getFromFuture(IOUtils.java:79)
	... 4 more
2019-09-11 02:37:42,605 [c53771ff-a4da-40bc-be42-f397952cb81e@group-5FC83EB0E599-SegmentedRaftLogWorker] WARN  segmented.SegmentedRaftLogWorker (SegmentedRaftLogWorker.java:getFromFuture(90)) - Timeout 3/~
org.apache.ratis.protocol.TimeoutIOException: Timeout 10s: WriteLog:12: (t:1, i:12), STATEMACHINELOGENTRY, client-6E43CC49A373, cid=42-writeStateMachineData
	at org.apache.ratis.util.IOUtils.getFromFuture(IOUtils.java:87)
	at org.apache.ratis.server.raftlog.segmented.SegmentedRaftLogWorker$StateMachineDataPolicy.getFromFuture(SegmentedRaftLogWorker.java:87)
	at org.apache.ratis.server.raftlog.segmented.SegmentedRaftLogWorker$WriteLog.execute(SegmentedRaftLogWorker.java:477)
	at org.apache.ratis.server.raftlog.segmented.SegmentedRaftLogWorker.run(SegmentedRaftLogWorker.java:289)
	at java.lang.Thread.run(Thread.java:748)
Caused by: java.util.concurrent.TimeoutException
	at java.util.concurrent.CompletableFuture.timedGet(CompletableFuture.java:1771)
	at java.util.concurrent.CompletableFuture.get(CompletableFuture.java:1915)
	at org.apache.ratis.util.IOUtils.getFromFuture(IOUtils.java:79)
	... 4 more
2019-09-11 02:37:42,778 [grpc-default-executor-1] INFO  client.GrpcClientProtocolClient (GrpcClientProtocolClient.java:onNext(264)) - client-6E43CC49A373->cccfaecc-560c-4f58-9140-53bb7696e889: receive RaftClientReply:client-6E43CC49A373->cccfaecc-560c-4f58-9140-53bb7696e889@group-5FC83EB0E599, cid=41, FAILED org.apache.ratis.protocol.NotLeaderException: Server cccfaecc-560c-4f58-9140-53bb7696e889@group-5FC83EB0E599 is not the leader c53771ff-a4da-40bc-be42-f397952cb81e:192.168.34.53:37384, logIndex=0, commits[cccfaecc-560c-4f58-9140-53bb7696e889:c10, c53771ff-a4da-40bc-be42-f397952cb81e:c10, 28f29a4c-baf6-4c40-b523-744acc0a8c83:c6]
2019-09-11 02:37:42,959 [java.util.concurrent.ThreadPoolExecutor$Worker@43a4256f[State = -1, empty queue]] WARN  server.GrpcLogAppender (GrpcLogAppender.java:timeoutAppendRequest(200)) - c53771ff-a4da-40bc-be42-f397952cb81e@group-5FC83EB0E599->28f29a4c-baf6-4c40-b523-744acc0a8c83-GrpcLogAppender: appendEntries Timeout, request=c53771ff-a4da-40bc-be42-f397952cb81e->28f29a4c-baf6-4c40-b523-744acc0a8c83#32-t1, previous=(t:1, i:16), leaderCommit=10, initializing? false, entries: <empty>
2019-09-11 02:37:42,959 [java.util.concurrent.ThreadPoolExecutor$Worker@f4f9fe6[State = -1, empty queue]] WARN  server.GrpcLogAppender (GrpcLogAppender.java:timeoutAppendRequest(200)) - c53771ff-a4da-40bc-be42-f397952cb81e@group-5FC83EB0E599->cccfaecc-560c-4f58-9140-53bb7696e889-GrpcLogAppender: appendEntries Timeout, request=c53771ff-a4da-40bc-be42-f397952cb81e->cccfaecc-560c-4f58-9140-53bb7696e889#32-t1, previous=(t:1, i:16), leaderCommit=10, initializing? false, entries: <empty>
2019-09-11 02:37:43,052 [grpc-default-executor-7] INFO  impl.RaftServerProxy (RaftServerProxy.java:remove(95)) - cccfaecc-560c-4f58-9140-53bb7696e889: remove group-58963DB0E9D1:null
2019-09-11 02:37:43,055 [RatisPipelineUtilsThread] WARN  pipeline.RatisPipelineUtils (RatisPipelineUtils.java:destroyPipeline(66)) - Pipeline destroy failed for pipeline=PipelineID=a15d7450-8b65-4943-81d3-58963db0e9d1 dn=cccfaecc-560c-4f58-9140-53bb7696e889{ip: 192.168.34.53, host: pr-hdds-2107-sbngl-2106859965, networkLocation: /default-rack, certSerialId: null}
2019-09-11 02:37:43,059 [grpc-default-executor-7] INFO  impl.RaftServerProxy (RaftServerProxy.java:remove(95)) - 28f29a4c-baf6-4c40-b523-744acc0a8c83: remove group-58963DB0E9D1:null
2019-09-11 02:37:43,062 [RatisPipelineUtilsThread] WARN  pipeline.RatisPipelineUtils (RatisPipelineUtils.java:destroyPipeline(66)) - Pipeline destroy failed for pipeline=PipelineID=a15d7450-8b65-4943-81d3-58963db0e9d1 dn=28f29a4c-baf6-4c40-b523-744acc0a8c83{ip: 192.168.34.53, host: pr-hdds-2107-sbngl-2106859965, networkLocation: /default-rack, certSerialId: null}
2019-09-11 02:37:43,066 [grpc-default-executor-7] INFO  impl.RaftServerProxy (RaftServerProxy.java:remove(95)) - c53771ff-a4da-40bc-be42-f397952cb81e: remove group-58963DB0E9D1:null
2019-09-11 02:37:43,069 [RatisPipelineUtilsThread] WARN  pipeline.RatisPipelineUtils (RatisPipelineUtils.java:destroyPipeline(66)) - Pipeline destroy failed for pipeline=PipelineID=a15d7450-8b65-4943-81d3-58963db0e9d1 dn=c53771ff-a4da-40bc-be42-f397952cb81e{ip: 192.168.34.53, host: pr-hdds-2107-sbngl-2106859965, networkLocation: /default-rack, certSerialId: null}
2019-09-11 02:37:43,070 [RatisPipelineUtilsThread] ERROR pipeline.SCMPipelineManager (Scheduler.java:lambda$schedule$1(70)) - Destroy pipeline failed for pipeline:Pipeline[ Id: a15d7450-8b65-4943-81d3-58963db0e9d1, Nodes: cccfaecc-560c-4f58-9140-53bb7696e889{ip: 192.168.34.53, host: pr-hdds-2107-sbngl-2106859965, networkLocation: /default-rack, certSerialId: null}28f29a4c-baf6-4c40-b523-744acc0a8c83{ip: 192.168.34.53, host: pr-hdds-2107-sbngl-2106859965, networkLocation: /default-rack, certSerialId: null}c53771ff-a4da-40bc-be42-f397952cb81e{ip: 192.168.34.53, host: pr-hdds-2107-sbngl-2106859965, networkLocation: /default-rack, certSerialId: null}, Type:RATIS, Factor:THREE, State:CLOSED]
org.apache.hadoop.hdds.scm.pipeline.PipelineNotFoundException: PipelineID=a15d7450-8b65-4943-81d3-58963db0e9d1 not found
	at org.apache.hadoop.hdds.scm.pipeline.PipelineStateMap.getPipeline(PipelineStateMap.java:132)
	at org.apache.hadoop.hdds.scm.pipeline.PipelineStateMap.removePipeline(PipelineStateMap.java:322)
	at org.apache.hadoop.hdds.scm.pipeline.PipelineStateManager.removePipeline(PipelineStateManager.java:107)
	at org.apache.hadoop.hdds.scm.pipeline.SCMPipelineManager.removePipeline(SCMPipelineManager.java:423)
	at org.apache.hadoop.hdds.scm.pipeline.SCMPipelineManager.destroyPipeline(SCMPipelineManager.java:409)
	at org.apache.hadoop.hdds.scm.pipeline.SCMPipelineManager.lambda$finalizeAndDestroyPipeline$0(SCMPipelineManager.java:318)
	at org.apache.hadoop.utils.Scheduler.lambda$schedule$1(Scheduler.java:68)
	at java.util.concurrent.Executors$RunnableAdapter.call(Executors.java:511)
	at java.util.concurrent.FutureTask.run(FutureTask.java:266)
	at java.util.concurrent.ScheduledThreadPoolExecutor$ScheduledFutureTask.access$201(ScheduledThreadPoolExecutor.java:180)
	at java.util.concurrent.ScheduledThreadPoolExecutor$ScheduledFutureTask.run(ScheduledThreadPoolExecutor.java:293)
	at java.util.concurrent.ThreadPoolExecutor.runWorker(ThreadPoolExecutor.java:1149)
	at java.util.concurrent.ThreadPoolExecutor$Worker.run(ThreadPoolExecutor.java:624)
	at java.lang.Thread.run(Thread.java:748)
2019-09-11 02:37:45,055 [grpc-default-executor-1] INFO  impl.RaftServerProxy (RaftServerProxy.java:remove(95)) - cccfaecc-560c-4f58-9140-53bb7696e889: remove group-58963DB0E9D1:null
2019-09-11 02:37:45,058 [RatisPipelineUtilsThread] WARN  pipeline.RatisPipelineUtils (RatisPipelineUtils.java:destroyPipeline(66)) - Pipeline destroy failed for pipeline=PipelineID=a15d7450-8b65-4943-81d3-58963db0e9d1 dn=cccfaecc-560c-4f58-9140-53bb7696e889{ip: 192.168.34.53, host: pr-hdds-2107-sbngl-2106859965, networkLocation: /default-rack, certSerialId: null}
2019-09-11 02:37:45,061 [grpc-default-executor-1] INFO  impl.RaftServerProxy (RaftServerProxy.java:remove(95)) - 28f29a4c-baf6-4c40-b523-744acc0a8c83: remove group-58963DB0E9D1:null
2019-09-11 02:37:45,064 [RatisPipelineUtilsThread] WARN  pipeline.RatisPipelineUtils (RatisPipelineUtils.java:destroyPipeline(66)) - Pipeline destroy failed for pipeline=PipelineID=a15d7450-8b65-4943-81d3-58963db0e9d1 dn=28f29a4c-baf6-4c40-b523-744acc0a8c83{ip: 192.168.34.53, host: pr-hdds-2107-sbngl-2106859965, networkLocation: /default-rack, certSerialId: null}
2019-09-11 02:37:45,067 [grpc-default-executor-1] INFO  impl.RaftServerProxy (RaftServerProxy.java:remove(95)) - c53771ff-a4da-40bc-be42-f397952cb81e: remove group-58963DB0E9D1:null
2019-09-11 02:37:45,070 [RatisPipelineUtilsThread] WARN  pipeline.RatisPipelineUtils (RatisPipelineUtils.java:destroyPipeline(66)) - Pipeline destroy failed for pipeline=PipelineID=a15d7450-8b65-4943-81d3-58963db0e9d1 dn=c53771ff-a4da-40bc-be42-f397952cb81e{ip: 192.168.34.53, host: pr-hdds-2107-sbngl-2106859965, networkLocation: /default-rack, certSerialId: null}
2019-09-11 02:37:45,070 [RatisPipelineUtilsThread] ERROR pipeline.SCMPipelineManager (Scheduler.java:lambda$schedule$1(70)) - Destroy pipeline failed for pipeline:Pipeline[ Id: a15d7450-8b65-4943-81d3-58963db0e9d1, Nodes: cccfaecc-560c-4f58-9140-53bb7696e889{ip: 192.168.34.53, host: pr-hdds-2107-sbngl-2106859965, networkLocation: /default-rack, certSerialId: null}28f29a4c-baf6-4c40-b523-744acc0a8c83{ip: 192.168.34.53, host: pr-hdds-2107-sbngl-2106859965, networkLocation: /default-rack, certSerialId: null}c53771ff-a4da-40bc-be42-f397952cb81e{ip: 192.168.34.53, host: pr-hdds-2107-sbngl-2106859965, networkLocation: /default-rack, certSerialId: null}, Type:RATIS, Factor:THREE, State:CLOSED]
org.apache.hadoop.hdds.scm.pipeline.PipelineNotFoundException: PipelineID=a15d7450-8b65-4943-81d3-58963db0e9d1 not found
	at org.apache.hadoop.hdds.scm.pipeline.PipelineStateMap.getPipeline(PipelineStateMap.java:132)
	at org.apache.hadoop.hdds.scm.pipeline.PipelineStateMap.removePipeline(PipelineStateMap.java:322)
	at org.apache.hadoop.hdds.scm.pipeline.PipelineStateManager.removePipeline(PipelineStateManager.java:107)
	at org.apache.hadoop.hdds.scm.pipeline.SCMPipelineManager.removePipeline(SCMPipelineManager.java:423)
	at org.apache.hadoop.hdds.scm.pipeline.SCMPipelineManager.destroyPipeline(SCMPipelineManager.java:409)
	at org.apache.hadoop.hdds.scm.pipeline.SCMPipelineManager.lambda$finalizeAndDestroyPipeline$0(SCMPipelineManager.java:318)
	at org.apache.hadoop.utils.Scheduler.lambda$schedule$1(Scheduler.java:68)
	at java.util.concurrent.Executors$RunnableAdapter.call(Executors.java:511)
	at java.util.concurrent.FutureTask.run(FutureTask.java:266)
	at java.util.concurrent.ScheduledThreadPoolExecutor$ScheduledFutureTask.access$201(ScheduledThreadPoolExecutor.java:180)
	at java.util.concurrent.ScheduledThreadPoolExecutor$ScheduledFutureTask.run(ScheduledThreadPoolExecutor.java:293)
	at java.util.concurrent.ThreadPoolExecutor.runWorker(ThreadPoolExecutor.java:1149)
	at java.util.concurrent.ThreadPoolExecutor$Worker.run(ThreadPoolExecutor.java:624)
	at java.lang.Thread.run(Thread.java:748)
2019-09-11 02:37:45,459 [java.util.concurrent.ThreadPoolExecutor$Worker@f4f9fe6[State = -1, empty queue]] WARN  server.GrpcLogAppender (GrpcLogAppender.java:timeoutAppendRequest(200)) - c53771ff-a4da-40bc-be42-f397952cb81e@group-5FC83EB0E599->cccfaecc-560c-4f58-9140-53bb7696e889-GrpcLogAppender: appendEntries Timeout, request=c53771ff-a4da-40bc-be42-f397952cb81e->cccfaecc-560c-4f58-9140-53bb7696e889#33-t1, previous=(t:1, i:16), leaderCommit=10, initializing? false, entries: <empty>
2019-09-11 02:37:45,459 [java.util.concurrent.ThreadPoolExecutor$Worker@43a4256f[State = -1, empty queue]] WARN  server.GrpcLogAppender (GrpcLogAppender.java:timeoutAppendRequest(200)) - c53771ff-a4da-40bc-be42-f397952cb81e@group-5FC83EB0E599->28f29a4c-baf6-4c40-b523-744acc0a8c83-GrpcLogAppender: appendEntries Timeout, request=c53771ff-a4da-40bc-be42-f397952cb81e->28f29a4c-baf6-4c40-b523-744acc0a8c83#33-t1, previous=(t:1, i:16), leaderCommit=10, initializing? false, entries: <empty>
2019-09-11 02:37:47,845 [grpc-default-executor-1] INFO  client.GrpcClientProtocolClient (GrpcClientProtocolClient.java:onNext(264)) - client-6E43CC49A373->cccfaecc-560c-4f58-9140-53bb7696e889: receive RaftClientReply:client-6E43CC49A373->cccfaecc-560c-4f58-9140-53bb7696e889@group-5FC83EB0E599, cid=41, FAILED org.apache.ratis.protocol.NotLeaderException: Server cccfaecc-560c-4f58-9140-53bb7696e889@group-5FC83EB0E599 is not the leader c53771ff-a4da-40bc-be42-f397952cb81e:192.168.34.53:37384, logIndex=0, commits[cccfaecc-560c-4f58-9140-53bb7696e889:c10, c53771ff-a4da-40bc-be42-f397952cb81e:c10, 28f29a4c-baf6-4c40-b523-744acc0a8c83:c6]
2019-09-11 02:37:47,960 [java.util.concurrent.ThreadPoolExecutor$Worker@43a4256f[State = -1, empty queue]] WARN  server.GrpcLogAppender (GrpcLogAppender.java:timeoutAppendRequest(200)) - c53771ff-a4da-40bc-be42-f397952cb81e@group-5FC83EB0E599->28f29a4c-baf6-4c40-b523-744acc0a8c83-GrpcLogAppender: appendEntries Timeout, request=c53771ff-a4da-40bc-be42-f397952cb81e->28f29a4c-baf6-4c40-b523-744acc0a8c83#34-t1, previous=(t:1, i:16), leaderCommit=10, initializing? false, entries: <empty>
2019-09-11 02:37:47,960 [java.util.concurrent.ThreadPoolExecutor$Worker@f4f9fe6[State = -1, empty queue]] WARN  server.GrpcLogAppender (GrpcLogAppender.java:timeoutAppendRequest(200)) - c53771ff-a4da-40bc-be42-f397952cb81e@group-5FC83EB0E599->cccfaecc-560c-4f58-9140-53bb7696e889-GrpcLogAppender: appendEntries Timeout, request=c53771ff-a4da-40bc-be42-f397952cb81e->cccfaecc-560c-4f58-9140-53bb7696e889#34-t1, previous=(t:1, i:16), leaderCommit=10, initializing? false, entries: <empty>
2019-09-11 02:37:48,052 [grpc-default-executor-1] INFO  impl.RaftServerProxy (RaftServerProxy.java:remove(95)) - cccfaecc-560c-4f58-9140-53bb7696e889: remove group-58963DB0E9D1:null
2019-09-11 02:37:48,055 [RatisPipelineUtilsThread] WARN  pipeline.RatisPipelineUtils (RatisPipelineUtils.java:destroyPipeline(66)) - Pipeline destroy failed for pipeline=PipelineID=a15d7450-8b65-4943-81d3-58963db0e9d1 dn=cccfaecc-560c-4f58-9140-53bb7696e889{ip: 192.168.34.53, host: pr-hdds-2107-sbngl-2106859965, networkLocation: /default-rack, certSerialId: null}
2019-09-11 02:37:48,058 [grpc-default-executor-1] INFO  impl.RaftServerProxy (RaftServerProxy.java:remove(95)) - 28f29a4c-baf6-4c40-b523-744acc0a8c83: remove group-58963DB0E9D1:null
2019-09-11 02:37:48,061 [RatisPipelineUtilsThread] WARN  pipeline.RatisPipelineUtils (RatisPipelineUtils.java:destroyPipeline(66)) - Pipeline destroy failed for pipeline=PipelineID=a15d7450-8b65-4943-81d3-58963db0e9d1 dn=28f29a4c-baf6-4c40-b523-744acc0a8c83{ip: 192.168.34.53, host: pr-hdds-2107-sbngl-2106859965, networkLocation: /default-rack, certSerialId: null}
2019-09-11 02:37:48,064 [grpc-default-executor-1] INFO  impl.RaftServerProxy (RaftServerProxy.java:remove(95)) - c53771ff-a4da-40bc-be42-f397952cb81e: remove group-58963DB0E9D1:null
2019-09-11 02:37:48,066 [RatisPipelineUtilsThread] WARN  pipeline.RatisPipelineUtils (RatisPipelineUtils.java:destroyPipeline(66)) - Pipeline destroy failed for pipeline=PipelineID=a15d7450-8b65-4943-81d3-58963db0e9d1 dn=c53771ff-a4da-40bc-be42-f397952cb81e{ip: 192.168.34.53, host: pr-hdds-2107-sbngl-2106859965, networkLocation: /default-rack, certSerialId: null}
2019-09-11 02:37:48,067 [RatisPipelineUtilsThread] ERROR pipeline.SCMPipelineManager (Scheduler.java:lambda$schedule$1(70)) - Destroy pipeline failed for pipeline:Pipeline[ Id: a15d7450-8b65-4943-81d3-58963db0e9d1, Nodes: cccfaecc-560c-4f58-9140-53bb7696e889{ip: 192.168.34.53, host: pr-hdds-2107-sbngl-2106859965, networkLocation: /default-rack, certSerialId: null}28f29a4c-baf6-4c40-b523-744acc0a8c83{ip: 192.168.34.53, host: pr-hdds-2107-sbngl-2106859965, networkLocation: /default-rack, certSerialId: null}c53771ff-a4da-40bc-be42-f397952cb81e{ip: 192.168.34.53, host: pr-hdds-2107-sbngl-2106859965, networkLocation: /default-rack, certSerialId: null}, Type:RATIS, Factor:THREE, State:CLOSED]
org.apache.hadoop.hdds.scm.pipeline.PipelineNotFoundException: PipelineID=a15d7450-8b65-4943-81d3-58963db0e9d1 not found
	at org.apache.hadoop.hdds.scm.pipeline.PipelineStateMap.getPipeline(PipelineStateMap.java:132)
	at org.apache.hadoop.hdds.scm.pipeline.PipelineStateMap.removePipeline(PipelineStateMap.java:322)
	at org.apache.hadoop.hdds.scm.pipeline.PipelineStateManager.removePipeline(PipelineStateManager.java:107)
	at org.apache.hadoop.hdds.scm.pipeline.SCMPipelineManager.removePipeline(SCMPipelineManager.java:423)
	at org.apache.hadoop.hdds.scm.pipeline.SCMPipelineManager.destroyPipeline(SCMPipelineManager.java:409)
	at org.apache.hadoop.hdds.scm.pipeline.SCMPipelineManager.lambda$finalizeAndDestroyPipeline$0(SCMPipelineManager.java:318)
	at org.apache.hadoop.utils.Scheduler.lambda$schedule$1(Scheduler.java:68)
	at java.util.concurrent.Executors$RunnableAdapter.call(Executors.java:511)
	at java.util.concurrent.FutureTask.run(FutureTask.java:266)
	at java.util.concurrent.ScheduledThreadPoolExecutor$ScheduledFutureTask.access$201(ScheduledThreadPoolExecutor.java:180)
	at java.util.concurrent.ScheduledThreadPoolExecutor$ScheduledFutureTask.run(ScheduledThreadPoolExecutor.java:293)
	at java.util.concurrent.ThreadPoolExecutor.runWorker(ThreadPoolExecutor.java:1149)
	at java.util.concurrent.ThreadPoolExecutor$Worker.run(ThreadPoolExecutor.java:624)
	at java.lang.Thread.run(Thread.java:748)
2019-09-11 02:37:50,056 [grpc-default-executor-1] INFO  impl.RaftServerProxy (RaftServerProxy.java:remove(95)) - cccfaecc-560c-4f58-9140-53bb7696e889: remove group-58963DB0E9D1:null
2019-09-11 02:37:50,061 [RatisPipelineUtilsThread] WARN  pipeline.RatisPipelineUtils (RatisPipelineUtils.java:destroyPipeline(66)) - Pipeline destroy failed for pipeline=PipelineID=a15d7450-8b65-4943-81d3-58963db0e9d1 dn=cccfaecc-560c-4f58-9140-53bb7696e889{ip: 192.168.34.53, host: pr-hdds-2107-sbngl-2106859965, networkLocation: /default-rack, certSerialId: null}
2019-09-11 02:37:50,064 [grpc-default-executor-1] INFO  impl.RaftServerProxy (RaftServerProxy.java:remove(95)) - 28f29a4c-baf6-4c40-b523-744acc0a8c83: remove group-58963DB0E9D1:null
2019-09-11 02:37:50,066 [RatisPipelineUtilsThread] WARN  pipeline.RatisPipelineUtils (RatisPipelineUtils.java:destroyPipeline(66)) - Pipeline destroy failed for pipeline=PipelineID=a15d7450-8b65-4943-81d3-58963db0e9d1 dn=28f29a4c-baf6-4c40-b523-744acc0a8c83{ip: 192.168.34.53, host: pr-hdds-2107-sbngl-2106859965, networkLocation: /default-rack, certSerialId: null}
2019-09-11 02:37:50,069 [grpc-default-executor-1] INFO  impl.RaftServerProxy (RaftServerProxy.java:remove(95)) - c53771ff-a4da-40bc-be42-f397952cb81e: remove group-58963DB0E9D1:null
2019-09-11 02:37:50,070 [RatisPipelineUtilsThread] WARN  pipeline.RatisPipelineUtils (RatisPipelineUtils.java:destroyPipeline(66)) - Pipeline destroy failed for pipeline=PipelineID=a15d7450-8b65-4943-81d3-58963db0e9d1 dn=c53771ff-a4da-40bc-be42-f397952cb81e{ip: 192.168.34.53, host: pr-hdds-2107-sbngl-2106859965, networkLocation: /default-rack, certSerialId: null}
2019-09-11 02:37:50,071 [RatisPipelineUtilsThread] ERROR pipeline.SCMPipelineManager (Scheduler.java:lambda$schedule$1(70)) - Destroy pipeline failed for pipeline:Pipeline[ Id: a15d7450-8b65-4943-81d3-58963db0e9d1, Nodes: cccfaecc-560c-4f58-9140-53bb7696e889{ip: 192.168.34.53, host: pr-hdds-2107-sbngl-2106859965, networkLocation: /default-rack, certSerialId: null}28f29a4c-baf6-4c40-b523-744acc0a8c83{ip: 192.168.34.53, host: pr-hdds-2107-sbngl-2106859965, networkLocation: /default-rack, certSerialId: null}c53771ff-a4da-40bc-be42-f397952cb81e{ip: 192.168.34.53, host: pr-hdds-2107-sbngl-2106859965, networkLocation: /default-rack, certSerialId: null}, Type:RATIS, Factor:THREE, State:CLOSED]
org.apache.hadoop.hdds.scm.pipeline.PipelineNotFoundException: PipelineID=a15d7450-8b65-4943-81d3-58963db0e9d1 not found
	at org.apache.hadoop.hdds.scm.pipeline.PipelineStateMap.getPipeline(PipelineStateMap.java:132)
	at org.apache.hadoop.hdds.scm.pipeline.PipelineStateMap.removePipeline(PipelineStateMap.java:322)
	at org.apache.hadoop.hdds.scm.pipeline.PipelineStateManager.removePipeline(PipelineStateManager.java:107)
	at org.apache.hadoop.hdds.scm.pipeline.SCMPipelineManager.removePipeline(SCMPipelineManager.java:423)
	at org.apache.hadoop.hdds.scm.pipeline.SCMPipelineManager.destroyPipeline(SCMPipelineManager.java:409)
	at org.apache.hadoop.hdds.scm.pipeline.SCMPipelineManager.lambda$finalizeAndDestroyPipeline$0(SCMPipelineManager.java:318)
	at org.apache.hadoop.utils.Scheduler.lambda$schedule$1(Scheduler.java:68)
	at java.util.concurrent.Executors$RunnableAdapter.call(Executors.java:511)
	at java.util.concurrent.FutureTask.run(FutureTask.java:266)
	at java.util.concurrent.ScheduledThreadPoolExecutor$ScheduledFutureTask.access$201(ScheduledThreadPoolExecutor.java:180)
	at java.util.concurrent.ScheduledThreadPoolExecutor$ScheduledFutureTask.run(ScheduledThreadPoolExecutor.java:293)
	at java.util.concurrent.ThreadPoolExecutor.runWorker(ThreadPoolExecutor.java:1149)
	at java.util.concurrent.ThreadPoolExecutor$Worker.run(ThreadPoolExecutor.java:624)
	at java.lang.Thread.run(Thread.java:748)
2019-09-11 02:37:50,460 [java.util.concurrent.ThreadPoolExecutor$Worker@43a4256f[State = -1, empty queue]] WARN  server.GrpcLogAppender (GrpcLogAppender.java:timeoutAppendRequest(200)) - c53771ff-a4da-40bc-be42-f397952cb81e@group-5FC83EB0E599->28f29a4c-baf6-4c40-b523-744acc0a8c83-GrpcLogAppender: appendEntries Timeout, request=c53771ff-a4da-40bc-be42-f397952cb81e->28f29a4c-baf6-4c40-b523-744acc0a8c83#35-t1, previous=(t:1, i:16), leaderCommit=10, initializing? false, entries: <empty>
2019-09-11 02:37:50,460 [java.util.concurrent.ThreadPoolExecutor$Worker@f4f9fe6[State = -1, empty queue]] WARN  server.GrpcLogAppender (GrpcLogAppender.java:timeoutAppendRequest(200)) - c53771ff-a4da-40bc-be42-f397952cb81e@group-5FC83EB0E599->cccfaecc-560c-4f58-9140-53bb7696e889-GrpcLogAppender: appendEntries Timeout, request=c53771ff-a4da-40bc-be42-f397952cb81e->cccfaecc-560c-4f58-9140-53bb7696e889#35-t1, previous=(t:1, i:16), leaderCommit=10, initializing? false, entries: <empty>
2019-09-11 02:37:52,455 [28f29a4c-baf6-4c40-b523-744acc0a8c83@group-5FC83EB0E599-SegmentedRaftLogWorker] WARN  segmented.SegmentedRaftLogWorker (SegmentedRaftLogWorker.java:getFromFuture(90)) - Timeout 4/~
org.apache.ratis.protocol.TimeoutIOException: Timeout 10s: WriteLog:11: (t:1, i:11), STATEMACHINELOGENTRY, client-6E43CC49A373, cid=41-writeStateMachineData
	at org.apache.ratis.util.IOUtils.getFromFuture(IOUtils.java:87)
	at org.apache.ratis.server.raftlog.segmented.SegmentedRaftLogWorker$StateMachineDataPolicy.getFromFuture(SegmentedRaftLogWorker.java:87)
	at org.apache.ratis.server.raftlog.segmented.SegmentedRaftLogWorker$WriteLog.execute(SegmentedRaftLogWorker.java:477)
	at org.apache.ratis.server.raftlog.segmented.SegmentedRaftLogWorker.run(SegmentedRaftLogWorker.java:289)
	at java.lang.Thread.run(Thread.java:748)
Caused by: java.util.concurrent.TimeoutException
	at java.util.concurrent.CompletableFuture.timedGet(CompletableFuture.java:1771)
	at java.util.concurrent.CompletableFuture.get(CompletableFuture.java:1915)
	at org.apache.ratis.util.IOUtils.getFromFuture(IOUtils.java:79)
	... 4 more
2019-09-11 02:37:52,456 [cccfaecc-560c-4f58-9140-53bb7696e889@group-5FC83EB0E599-SegmentedRaftLogWorker] WARN  segmented.SegmentedRaftLogWorker (SegmentedRaftLogWorker.java:getFromFuture(90)) - Timeout 4/~
org.apache.ratis.protocol.TimeoutIOException: Timeout 10s: WriteLog:11: (t:1, i:11), STATEMACHINELOGENTRY, client-6E43CC49A373, cid=41-writeStateMachineData
	at org.apache.ratis.util.IOUtils.getFromFuture(IOUtils.java:87)
	at org.apache.ratis.server.raftlog.segmented.SegmentedRaftLogWorker$StateMachineDataPolicy.getFromFuture(SegmentedRaftLogWorker.java:87)
	at org.apache.ratis.server.raftlog.segmented.SegmentedRaftLogWorker$WriteLog.execute(SegmentedRaftLogWorker.java:477)
	at org.apache.ratis.server.raftlog.segmented.SegmentedRaftLogWorker.run(SegmentedRaftLogWorker.java:289)
	at java.lang.Thread.run(Thread.java:748)
Caused by: java.util.concurrent.TimeoutException
	at java.util.concurrent.CompletableFuture.timedGet(CompletableFuture.java:1771)
	at java.util.concurrent.CompletableFuture.get(CompletableFuture.java:1915)
	at org.apache.ratis.util.IOUtils.getFromFuture(IOUtils.java:79)
	... 4 more
2019-09-11 02:37:52,605 [c53771ff-a4da-40bc-be42-f397952cb81e@group-5FC83EB0E599-SegmentedRaftLogWorker] WARN  segmented.SegmentedRaftLogWorker (SegmentedRaftLogWorker.java:getFromFuture(90)) - Timeout 4/~
org.apache.ratis.protocol.TimeoutIOException: Timeout 10s: WriteLog:12: (t:1, i:12), STATEMACHINELOGENTRY, client-6E43CC49A373, cid=42-writeStateMachineData
	at org.apache.ratis.util.IOUtils.getFromFuture(IOUtils.java:87)
	at org.apache.ratis.server.raftlog.segmented.SegmentedRaftLogWorker$StateMachineDataPolicy.getFromFuture(SegmentedRaftLogWorker.java:87)
	at org.apache.ratis.server.raftlog.segmented.SegmentedRaftLogWorker$WriteLog.execute(SegmentedRaftLogWorker.java:477)
	at org.apache.ratis.server.raftlog.segmented.SegmentedRaftLogWorker.run(SegmentedRaftLogWorker.java:289)
	at java.lang.Thread.run(Thread.java:748)
Caused by: java.util.concurrent.TimeoutException
	at java.util.concurrent.CompletableFuture.timedGet(CompletableFuture.java:1771)
	at java.util.concurrent.CompletableFuture.get(CompletableFuture.java:1915)
	at org.apache.ratis.util.IOUtils.getFromFuture(IOUtils.java:79)
	... 4 more
2019-09-11 02:37:52,893 [grpc-default-executor-1] INFO  client.GrpcClientProtocolClient (GrpcClientProtocolClient.java:onNext(264)) - client-6E43CC49A373->28f29a4c-baf6-4c40-b523-744acc0a8c83: receive RaftClientReply:client-6E43CC49A373->28f29a4c-baf6-4c40-b523-744acc0a8c83@group-5FC83EB0E599, cid=41, FAILED org.apache.ratis.protocol.NotLeaderException: Server 28f29a4c-baf6-4c40-b523-744acc0a8c83@group-5FC83EB0E599 is not the leader c53771ff-a4da-40bc-be42-f397952cb81e:192.168.34.53:37384, logIndex=0, commits[28f29a4c-baf6-4c40-b523-744acc0a8c83:c10, c53771ff-a4da-40bc-be42-f397952cb81e:c10, cccfaecc-560c-4f58-9140-53bb7696e889:c6]
2019-09-11 02:37:52,961 [java.util.concurrent.ThreadPoolExecutor$Worker@43a4256f[State = -1, empty queue]] WARN  server.GrpcLogAppender (GrpcLogAppender.java:timeoutAppendRequest(200)) - c53771ff-a4da-40bc-be42-f397952cb81e@group-5FC83EB0E599->28f29a4c-baf6-4c40-b523-744acc0a8c83-GrpcLogAppender: appendEntries Timeout, request=c53771ff-a4da-40bc-be42-f397952cb81e->28f29a4c-baf6-4c40-b523-744acc0a8c83#36-t1, previous=(t:1, i:16), leaderCommit=10, initializing? false, entries: <empty>
2019-09-11 02:37:52,961 [java.util.concurrent.ThreadPoolExecutor$Worker@f4f9fe6[State = -1, empty queue]] WARN  server.GrpcLogAppender (GrpcLogAppender.java:timeoutAppendRequest(200)) - c53771ff-a4da-40bc-be42-f397952cb81e@group-5FC83EB0E599->cccfaecc-560c-4f58-9140-53bb7696e889-GrpcLogAppender: appendEntries Timeout, request=c53771ff-a4da-40bc-be42-f397952cb81e->cccfaecc-560c-4f58-9140-53bb7696e889#36-t1, previous=(t:1, i:16), leaderCommit=10, initializing? false, entries: <empty>
2019-09-11 02:37:53,059 [grpc-default-executor-1] INFO  impl.RaftServerProxy (RaftServerProxy.java:remove(95)) - cccfaecc-560c-4f58-9140-53bb7696e889: remove group-58963DB0E9D1:null
2019-09-11 02:37:53,063 [RatisPipelineUtilsThread] WARN  pipeline.RatisPipelineUtils (RatisPipelineUtils.java:destroyPipeline(66)) - Pipeline destroy failed for pipeline=PipelineID=a15d7450-8b65-4943-81d3-58963db0e9d1 dn=cccfaecc-560c-4f58-9140-53bb7696e889{ip: 192.168.34.53, host: pr-hdds-2107-sbngl-2106859965, networkLocation: /default-rack, certSerialId: null}
2019-09-11 02:37:53,067 [grpc-default-executor-1] INFO  impl.RaftServerProxy (RaftServerProxy.java:remove(95)) - 28f29a4c-baf6-4c40-b523-744acc0a8c83: remove group-58963DB0E9D1:null
2019-09-11 02:37:53,070 [RatisPipelineUtilsThread] WARN  pipeline.RatisPipelineUtils (RatisPipelineUtils.java:destroyPipeline(66)) - Pipeline destroy failed for pipeline=PipelineID=a15d7450-8b65-4943-81d3-58963db0e9d1 dn=28f29a4c-baf6-4c40-b523-744acc0a8c83{ip: 192.168.34.53, host: pr-hdds-2107-sbngl-2106859965, networkLocation: /default-rack, certSerialId: null}
2019-09-11 02:37:53,073 [grpc-default-executor-1] INFO  impl.RaftServerProxy (RaftServerProxy.java:remove(95)) - c53771ff-a4da-40bc-be42-f397952cb81e: remove group-58963DB0E9D1:null
2019-09-11 02:37:53,075 [RatisPipelineUtilsThread] WARN  pipeline.RatisPipelineUtils (RatisPipelineUtils.java:destroyPipeline(66)) - Pipeline destroy failed for pipeline=PipelineID=a15d7450-8b65-4943-81d3-58963db0e9d1 dn=c53771ff-a4da-40bc-be42-f397952cb81e{ip: 192.168.34.53, host: pr-hdds-2107-sbngl-2106859965, networkLocation: /default-rack, certSerialId: null}
2019-09-11 02:37:53,076 [RatisPipelineUtilsThread] ERROR pipeline.SCMPipelineManager (Scheduler.java:lambda$schedule$1(70)) - Destroy pipeline failed for pipeline:Pipeline[ Id: a15d7450-8b65-4943-81d3-58963db0e9d1, Nodes: cccfaecc-560c-4f58-9140-53bb7696e889{ip: 192.168.34.53, host: pr-hdds-2107-sbngl-2106859965, networkLocation: /default-rack, certSerialId: null}28f29a4c-baf6-4c40-b523-744acc0a8c83{ip: 192.168.34.53, host: pr-hdds-2107-sbngl-2106859965, networkLocation: /default-rack, certSerialId: null}c53771ff-a4da-40bc-be42-f397952cb81e{ip: 192.168.34.53, host: pr-hdds-2107-sbngl-2106859965, networkLocation: /default-rack, certSerialId: null}, Type:RATIS, Factor:THREE, State:CLOSED]
org.apache.hadoop.hdds.scm.pipeline.PipelineNotFoundException: PipelineID=a15d7450-8b65-4943-81d3-58963db0e9d1 not found
	at org.apache.hadoop.hdds.scm.pipeline.PipelineStateMap.getPipeline(PipelineStateMap.java:132)
	at org.apache.hadoop.hdds.scm.pipeline.PipelineStateMap.removePipeline(PipelineStateMap.java:322)
	at org.apache.hadoop.hdds.scm.pipeline.PipelineStateManager.removePipeline(PipelineStateManager.java:107)
	at org.apache.hadoop.hdds.scm.pipeline.SCMPipelineManager.removePipeline(SCMPipelineManager.java:423)
	at org.apache.hadoop.hdds.scm.pipeline.SCMPipelineManager.destroyPipeline(SCMPipelineManager.java:409)
	at org.apache.hadoop.hdds.scm.pipeline.SCMPipelineManager.lambda$finalizeAndDestroyPipeline$0(SCMPipelineManager.java:318)
	at org.apache.hadoop.utils.Scheduler.lambda$schedule$1(Scheduler.java:68)
	at java.util.concurrent.Executors$RunnableAdapter.call(Executors.java:511)
	at java.util.concurrent.FutureTask.run(FutureTask.java:266)
	at java.util.concurrent.ScheduledThreadPoolExecutor$ScheduledFutureTask.access$201(ScheduledThreadPoolExecutor.java:180)
	at java.util.concurrent.ScheduledThreadPoolExecutor$ScheduledFutureTask.run(ScheduledThreadPoolExecutor.java:293)
	at java.util.concurrent.ThreadPoolExecutor.runWorker(ThreadPoolExecutor.java:1149)
	at java.util.concurrent.ThreadPoolExecutor$Worker.run(ThreadPoolExecutor.java:624)
	at java.lang.Thread.run(Thread.java:748)
2019-09-11 02:37:55,057 [grpc-default-executor-1] INFO  impl.RaftServerProxy (RaftServerProxy.java:remove(95)) - cccfaecc-560c-4f58-9140-53bb7696e889: remove group-58963DB0E9D1:null
2019-09-11 02:37:55,062 [RatisPipelineUtilsThread] WARN  pipeline.RatisPipelineUtils (RatisPipelineUtils.java:destroyPipeline(66)) - Pipeline destroy failed for pipeline=PipelineID=a15d7450-8b65-4943-81d3-58963db0e9d1 dn=cccfaecc-560c-4f58-9140-53bb7696e889{ip: 192.168.34.53, host: pr-hdds-2107-sbngl-2106859965, networkLocation: /default-rack, certSerialId: null}
2019-09-11 02:37:55,066 [grpc-default-executor-1] INFO  impl.RaftServerProxy (RaftServerProxy.java:remove(95)) - 28f29a4c-baf6-4c40-b523-744acc0a8c83: remove group-58963DB0E9D1:null
2019-09-11 02:37:55,070 [RatisPipelineUtilsThread] WARN  pipeline.RatisPipelineUtils (RatisPipelineUtils.java:destroyPipeline(66)) - Pipeline destroy failed for pipeline=PipelineID=a15d7450-8b65-4943-81d3-58963db0e9d1 dn=28f29a4c-baf6-4c40-b523-744acc0a8c83{ip: 192.168.34.53, host: pr-hdds-2107-sbngl-2106859965, networkLocation: /default-rack, certSerialId: null}
2019-09-11 02:37:55,076 [grpc-default-executor-1] INFO  impl.RaftServerProxy (RaftServerProxy.java:remove(95)) - c53771ff-a4da-40bc-be42-f397952cb81e: remove group-58963DB0E9D1:null
2019-09-11 02:37:55,080 [RatisPipelineUtilsThread] WARN  pipeline.RatisPipelineUtils (RatisPipelineUtils.java:destroyPipeline(66)) - Pipeline destroy failed for pipeline=PipelineID=a15d7450-8b65-4943-81d3-58963db0e9d1 dn=c53771ff-a4da-40bc-be42-f397952cb81e{ip: 192.168.34.53, host: pr-hdds-2107-sbngl-2106859965, networkLocation: /default-rack, certSerialId: null}
2019-09-11 02:37:55,080 [RatisPipelineUtilsThread] ERROR pipeline.SCMPipelineManager (Scheduler.java:lambda$schedule$1(70)) - Destroy pipeline failed for pipeline:Pipeline[ Id: a15d7450-8b65-4943-81d3-58963db0e9d1, Nodes: cccfaecc-560c-4f58-9140-53bb7696e889{ip: 192.168.34.53, host: pr-hdds-2107-sbngl-2106859965, networkLocation: /default-rack, certSerialId: null}28f29a4c-baf6-4c40-b523-744acc0a8c83{ip: 192.168.34.53, host: pr-hdds-2107-sbngl-2106859965, networkLocation: /default-rack, certSerialId: null}c53771ff-a4da-40bc-be42-f397952cb81e{ip: 192.168.34.53, host: pr-hdds-2107-sbngl-2106859965, networkLocation: /default-rack, certSerialId: null}, Type:RATIS, Factor:THREE, State:CLOSED]
org.apache.hadoop.hdds.scm.pipeline.PipelineNotFoundException: PipelineID=a15d7450-8b65-4943-81d3-58963db0e9d1 not found
	at org.apache.hadoop.hdds.scm.pipeline.PipelineStateMap.getPipeline(PipelineStateMap.java:132)
	at org.apache.hadoop.hdds.scm.pipeline.PipelineStateMap.removePipeline(PipelineStateMap.java:322)
	at org.apache.hadoop.hdds.scm.pipeline.PipelineStateManager.removePipeline(PipelineStateManager.java:107)
	at org.apache.hadoop.hdds.scm.pipeline.SCMPipelineManager.removePipeline(SCMPipelineManager.java:423)
	at org.apache.hadoop.hdds.scm.pipeline.SCMPipelineManager.destroyPipeline(SCMPipelineManager.java:409)
	at org.apache.hadoop.hdds.scm.pipeline.SCMPipelineManager.lambda$finalizeAndDestroyPipeline$0(SCMPipelineManager.java:318)
	at org.apache.hadoop.utils.Scheduler.lambda$schedule$1(Scheduler.java:68)
	at java.util.concurrent.Executors$RunnableAdapter.call(Executors.java:511)
	at java.util.concurrent.FutureTask.run(FutureTask.java:266)
	at java.util.concurrent.ScheduledThreadPoolExecutor$ScheduledFutureTask.access$201(ScheduledThreadPoolExecutor.java:180)
	at java.util.concurrent.ScheduledThreadPoolExecutor$ScheduledFutureTask.run(ScheduledThreadPoolExecutor.java:293)
	at java.util.concurrent.ThreadPoolExecutor.runWorker(ThreadPoolExecutor.java:1149)
	at java.util.concurrent.ThreadPoolExecutor$Worker.run(ThreadPoolExecutor.java:624)
	at java.lang.Thread.run(Thread.java:748)
2019-09-11 02:37:55,461 [java.util.concurrent.ThreadPoolExecutor$Worker@f4f9fe6[State = -1, empty queue]] WARN  server.GrpcLogAppender (GrpcLogAppender.java:timeoutAppendRequest(200)) - c53771ff-a4da-40bc-be42-f397952cb81e@group-5FC83EB0E599->cccfaecc-560c-4f58-9140-53bb7696e889-GrpcLogAppender: appendEntries Timeout, request=c53771ff-a4da-40bc-be42-f397952cb81e->cccfaecc-560c-4f58-9140-53bb7696e889#37-t1, previous=(t:1, i:16), leaderCommit=10, initializing? false, entries: <empty>
2019-09-11 02:37:55,461 [java.util.concurrent.ThreadPoolExecutor$Worker@43a4256f[State = -1, empty queue]] WARN  server.GrpcLogAppender (GrpcLogAppender.java:timeoutAppendRequest(200)) - c53771ff-a4da-40bc-be42-f397952cb81e@group-5FC83EB0E599->28f29a4c-baf6-4c40-b523-744acc0a8c83-GrpcLogAppender: appendEntries Timeout, request=c53771ff-a4da-40bc-be42-f397952cb81e->28f29a4c-baf6-4c40-b523-744acc0a8c83#37-t1, previous=(t:1, i:16), leaderCommit=10, initializing? false, entries: <empty>
2019-09-11 02:37:57,928 [grpc-default-executor-7] INFO  client.GrpcClientProtocolClient (GrpcClientProtocolClient.java:onNext(264)) - client-6E43CC49A373->cccfaecc-560c-4f58-9140-53bb7696e889: receive RaftClientReply:client-6E43CC49A373->cccfaecc-560c-4f58-9140-53bb7696e889@group-5FC83EB0E599, cid=41, FAILED org.apache.ratis.protocol.NotLeaderException: Server cccfaecc-560c-4f58-9140-53bb7696e889@group-5FC83EB0E599 is not the leader c53771ff-a4da-40bc-be42-f397952cb81e:192.168.34.53:37384, logIndex=0, commits[cccfaecc-560c-4f58-9140-53bb7696e889:c10, c53771ff-a4da-40bc-be42-f397952cb81e:c10, 28f29a4c-baf6-4c40-b523-744acc0a8c83:c6]
2019-09-11 02:37:57,961 [java.util.concurrent.ThreadPoolExecutor$Worker@43a4256f[State = -1, empty queue]] WARN  server.GrpcLogAppender (GrpcLogAppender.java:timeoutAppendRequest(200)) - c53771ff-a4da-40bc-be42-f397952cb81e@group-5FC83EB0E599->28f29a4c-baf6-4c40-b523-744acc0a8c83-GrpcLogAppender: appendEntries Timeout, request=c53771ff-a4da-40bc-be42-f397952cb81e->28f29a4c-baf6-4c40-b523-744acc0a8c83#38-t1, previous=(t:1, i:16), leaderCommit=10, initializing? false, entries: <empty>
2019-09-11 02:37:57,961 [java.util.concurrent.ThreadPoolExecutor$Worker@f4f9fe6[State = -1, empty queue]] WARN  server.GrpcLogAppender (GrpcLogAppender.java:timeoutAppendRequest(200)) - c53771ff-a4da-40bc-be42-f397952cb81e@group-5FC83EB0E599->cccfaecc-560c-4f58-9140-53bb7696e889-GrpcLogAppender: appendEntries Timeout, request=c53771ff-a4da-40bc-be42-f397952cb81e->cccfaecc-560c-4f58-9140-53bb7696e889#38-t1, previous=(t:1, i:16), leaderCommit=10, initializing? false, entries: <empty>
2019-09-11 02:37:58,053 [grpc-default-executor-7] INFO  impl.RaftServerProxy (RaftServerProxy.java:remove(95)) - cccfaecc-560c-4f58-9140-53bb7696e889: remove group-58963DB0E9D1:null
2019-09-11 02:37:58,056 [RatisPipelineUtilsThread] WARN  pipeline.RatisPipelineUtils (RatisPipelineUtils.java:destroyPipeline(66)) - Pipeline destroy failed for pipeline=PipelineID=a15d7450-8b65-4943-81d3-58963db0e9d1 dn=cccfaecc-560c-4f58-9140-53bb7696e889{ip: 192.168.34.53, host: pr-hdds-2107-sbngl-2106859965, networkLocation: /default-rack, certSerialId: null}
2019-09-11 02:37:58,059 [grpc-default-executor-7] INFO  impl.RaftServerProxy (RaftServerProxy.java:remove(95)) - 28f29a4c-baf6-4c40-b523-744acc0a8c83: remove group-58963DB0E9D1:null
2019-09-11 02:37:58,062 [RatisPipelineUtilsThread] WARN  pipeline.RatisPipelineUtils (RatisPipelineUtils.java:destroyPipeline(66)) - Pipeline destroy failed for pipeline=PipelineID=a15d7450-8b65-4943-81d3-58963db0e9d1 dn=28f29a4c-baf6-4c40-b523-744acc0a8c83{ip: 192.168.34.53, host: pr-hdds-2107-sbngl-2106859965, networkLocation: /default-rack, certSerialId: null}
2019-09-11 02:37:58,065 [grpc-default-executor-7] INFO  impl.RaftServerProxy (RaftServerProxy.java:remove(95)) - c53771ff-a4da-40bc-be42-f397952cb81e: remove group-58963DB0E9D1:null
2019-09-11 02:37:58,067 [RatisPipelineUtilsThread] WARN  pipeline.RatisPipelineUtils (RatisPipelineUtils.java:destroyPipeline(66)) - Pipeline destroy failed for pipeline=PipelineID=a15d7450-8b65-4943-81d3-58963db0e9d1 dn=c53771ff-a4da-40bc-be42-f397952cb81e{ip: 192.168.34.53, host: pr-hdds-2107-sbngl-2106859965, networkLocation: /default-rack, certSerialId: null}
2019-09-11 02:37:58,068 [RatisPipelineUtilsThread] ERROR pipeline.SCMPipelineManager (Scheduler.java:lambda$schedule$1(70)) - Destroy pipeline failed for pipeline:Pipeline[ Id: a15d7450-8b65-4943-81d3-58963db0e9d1, Nodes: cccfaecc-560c-4f58-9140-53bb7696e889{ip: 192.168.34.53, host: pr-hdds-2107-sbngl-2106859965, networkLocation: /default-rack, certSerialId: null}28f29a4c-baf6-4c40-b523-744acc0a8c83{ip: 192.168.34.53, host: pr-hdds-2107-sbngl-2106859965, networkLocation: /default-rack, certSerialId: null}c53771ff-a4da-40bc-be42-f397952cb81e{ip: 192.168.34.53, host: pr-hdds-2107-sbngl-2106859965, networkLocation: /default-rack, certSerialId: null}, Type:RATIS, Factor:THREE, State:CLOSED]
org.apache.hadoop.hdds.scm.pipeline.PipelineNotFoundException: PipelineID=a15d7450-8b65-4943-81d3-58963db0e9d1 not found
	at org.apache.hadoop.hdds.scm.pipeline.PipelineStateMap.getPipeline(PipelineStateMap.java:132)
	at org.apache.hadoop.hdds.scm.pipeline.PipelineStateMap.removePipeline(PipelineStateMap.java:322)
	at org.apache.hadoop.hdds.scm.pipeline.PipelineStateManager.removePipeline(PipelineStateManager.java:107)
	at org.apache.hadoop.hdds.scm.pipeline.SCMPipelineManager.removePipeline(SCMPipelineManager.java:423)
	at org.apache.hadoop.hdds.scm.pipeline.SCMPipelineManager.destroyPipeline(SCMPipelineManager.java:409)
	at org.apache.hadoop.hdds.scm.pipeline.SCMPipelineManager.lambda$finalizeAndDestroyPipeline$0(SCMPipelineManager.java:318)
	at org.apache.hadoop.utils.Scheduler.lambda$schedule$1(Scheduler.java:68)
	at java.util.concurrent.Executors$RunnableAdapter.call(Executors.java:511)
	at java.util.concurrent.FutureTask.run(FutureTask.java:266)
	at java.util.concurrent.ScheduledThreadPoolExecutor$ScheduledFutureTask.access$201(ScheduledThreadPoolExecutor.java:180)
	at java.util.concurrent.ScheduledThreadPoolExecutor$ScheduledFutureTask.run(ScheduledThreadPoolExecutor.java:293)
	at java.util.concurrent.ThreadPoolExecutor.runWorker(ThreadPoolExecutor.java:1149)
	at java.util.concurrent.ThreadPoolExecutor$Worker.run(ThreadPoolExecutor.java:624)
	at java.lang.Thread.run(Thread.java:748)
2019-09-11 02:38:00,053 [grpc-default-executor-1] INFO  impl.RaftServerProxy (RaftServerProxy.java:remove(95)) - cccfaecc-560c-4f58-9140-53bb7696e889: remove group-58963DB0E9D1:null
2019-09-11 02:38:00,056 [RatisPipelineUtilsThread] WARN  pipeline.RatisPipelineUtils (RatisPipelineUtils.java:destroyPipeline(66)) - Pipeline destroy failed for pipeline=PipelineID=a15d7450-8b65-4943-81d3-58963db0e9d1 dn=cccfaecc-560c-4f58-9140-53bb7696e889{ip: 192.168.34.53, host: pr-hdds-2107-sbngl-2106859965, networkLocation: /default-rack, certSerialId: null}
2019-09-11 02:38:00,059 [grpc-default-executor-1] INFO  impl.RaftServerProxy (RaftServerProxy.java:remove(95)) - 28f29a4c-baf6-4c40-b523-744acc0a8c83: remove group-58963DB0E9D1:null
2019-09-11 02:38:00,061 [RatisPipelineUtilsThread] WARN  pipeline.RatisPipelineUtils (RatisPipelineUtils.java:destroyPipeline(66)) - Pipeline destroy failed for pipeline=PipelineID=a15d7450-8b65-4943-81d3-58963db0e9d1 dn=28f29a4c-baf6-4c40-b523-744acc0a8c83{ip: 192.168.34.53, host: pr-hdds-2107-sbngl-2106859965, networkLocation: /default-rack, certSerialId: null}
2019-09-11 02:38:00,064 [grpc-default-executor-1] INFO  impl.RaftServerProxy (RaftServerProxy.java:remove(95)) - c53771ff-a4da-40bc-be42-f397952cb81e: remove group-58963DB0E9D1:null
2019-09-11 02:38:00,066 [RatisPipelineUtilsThread] WARN  pipeline.RatisPipelineUtils (RatisPipelineUtils.java:destroyPipeline(66)) - Pipeline destroy failed for pipeline=PipelineID=a15d7450-8b65-4943-81d3-58963db0e9d1 dn=c53771ff-a4da-40bc-be42-f397952cb81e{ip: 192.168.34.53, host: pr-hdds-2107-sbngl-2106859965, networkLocation: /default-rack, certSerialId: null}
2019-09-11 02:38:00,066 [RatisPipelineUtilsThread] ERROR pipeline.SCMPipelineManager (Scheduler.java:lambda$schedule$1(70)) - Destroy pipeline failed for pipeline:Pipeline[ Id: a15d7450-8b65-4943-81d3-58963db0e9d1, Nodes: cccfaecc-560c-4f58-9140-53bb7696e889{ip: 192.168.34.53, host: pr-hdds-2107-sbngl-2106859965, networkLocation: /default-rack, certSerialId: null}28f29a4c-baf6-4c40-b523-744acc0a8c83{ip: 192.168.34.53, host: pr-hdds-2107-sbngl-2106859965, networkLocation: /default-rack, certSerialId: null}c53771ff-a4da-40bc-be42-f397952cb81e{ip: 192.168.34.53, host: pr-hdds-2107-sbngl-2106859965, networkLocation: /default-rack, certSerialId: null}, Type:RATIS, Factor:THREE, State:CLOSED]
org.apache.hadoop.hdds.scm.pipeline.PipelineNotFoundException: PipelineID=a15d7450-8b65-4943-81d3-58963db0e9d1 not found
	at org.apache.hadoop.hdds.scm.pipeline.PipelineStateMap.getPipeline(PipelineStateMap.java:132)
	at org.apache.hadoop.hdds.scm.pipeline.PipelineStateMap.removePipeline(PipelineStateMap.java:322)
	at org.apache.hadoop.hdds.scm.pipeline.PipelineStateManager.removePipeline(PipelineStateManager.java:107)
	at org.apache.hadoop.hdds.scm.pipeline.SCMPipelineManager.removePipeline(SCMPipelineManager.java:423)
	at org.apache.hadoop.hdds.scm.pipeline.SCMPipelineManager.destroyPipeline(SCMPipelineManager.java:409)
	at org.apache.hadoop.hdds.scm.pipeline.SCMPipelineManager.lambda$finalizeAndDestroyPipeline$0(SCMPipelineManager.java:318)
	at org.apache.hadoop.utils.Scheduler.lambda$schedule$1(Scheduler.java:68)
	at java.util.concurrent.Executors$RunnableAdapter.call(Executors.java:511)
	at java.util.concurrent.FutureTask.run(FutureTask.java:266)
	at java.util.concurrent.ScheduledThreadPoolExecutor$ScheduledFutureTask.access$201(ScheduledThreadPoolExecutor.java:180)
	at java.util.concurrent.ScheduledThreadPoolExecutor$ScheduledFutureTask.run(ScheduledThreadPoolExecutor.java:293)
	at java.util.concurrent.ThreadPoolExecutor.runWorker(ThreadPoolExecutor.java:1149)
	at java.util.concurrent.ThreadPoolExecutor$Worker.run(ThreadPoolExecutor.java:624)
	at java.lang.Thread.run(Thread.java:748)
2019-09-11 02:38:00,461 [java.util.concurrent.ThreadPoolExecutor$Worker@43a4256f[State = -1, empty queue]] WARN  server.GrpcLogAppender (GrpcLogAppender.java:timeoutAppendRequest(200)) - c53771ff-a4da-40bc-be42-f397952cb81e@group-5FC83EB0E599->28f29a4c-baf6-4c40-b523-744acc0a8c83-GrpcLogAppender: appendEntries Timeout, request=c53771ff-a4da-40bc-be42-f397952cb81e->28f29a4c-baf6-4c40-b523-744acc0a8c83#39-t1, previous=(t:1, i:16), leaderCommit=10, initializing? false, entries: <empty>
2019-09-11 02:38:00,462 [java.util.concurrent.ThreadPoolExecutor$Worker@f4f9fe6[State = -1, empty queue]] WARN  server.GrpcLogAppender (GrpcLogAppender.java:timeoutAppendRequest(200)) - c53771ff-a4da-40bc-be42-f397952cb81e@group-5FC83EB0E599->cccfaecc-560c-4f58-9140-53bb7696e889-GrpcLogAppender: appendEntries Timeout, request=c53771ff-a4da-40bc-be42-f397952cb81e->cccfaecc-560c-4f58-9140-53bb7696e889#39-t1, previous=(t:1, i:16), leaderCommit=10, initializing? false, entries: <empty>
2019-09-11 02:38:01,137 [grpc-default-executor-1] INFO  impl.RaftServerProxy (RaftServerProxy.java:remove(95)) - cccfaecc-560c-4f58-9140-53bb7696e889: remove group-58963DB0E9D1:null
2019-09-11 02:38:01,139 [RatisPipelineUtilsThread] WARN  pipeline.RatisPipelineUtils (RatisPipelineUtils.java:destroyPipeline(66)) - Pipeline destroy failed for pipeline=PipelineID=a15d7450-8b65-4943-81d3-58963db0e9d1 dn=cccfaecc-560c-4f58-9140-53bb7696e889{ip: 192.168.34.53, host: pr-hdds-2107-sbngl-2106859965, networkLocation: /default-rack, certSerialId: null}
2019-09-11 02:38:01,142 [grpc-default-executor-1] INFO  impl.RaftServerProxy (RaftServerProxy.java:remove(95)) - 28f29a4c-baf6-4c40-b523-744acc0a8c83: remove group-58963DB0E9D1:null
2019-09-11 02:38:01,145 [RatisPipelineUtilsThread] WARN  pipeline.RatisPipelineUtils (RatisPipelineUtils.java:destroyPipeline(66)) - Pipeline destroy failed for pipeline=PipelineID=a15d7450-8b65-4943-81d3-58963db0e9d1 dn=28f29a4c-baf6-4c40-b523-744acc0a8c83{ip: 192.168.34.53, host: pr-hdds-2107-sbngl-2106859965, networkLocation: /default-rack, certSerialId: null}
2019-09-11 02:38:01,147 [grpc-default-executor-1] INFO  impl.RaftServerProxy (RaftServerProxy.java:remove(95)) - c53771ff-a4da-40bc-be42-f397952cb81e: remove group-58963DB0E9D1:null
2019-09-11 02:38:01,149 [RatisPipelineUtilsThread] WARN  pipeline.RatisPipelineUtils (RatisPipelineUtils.java:destroyPipeline(66)) - Pipeline destroy failed for pipeline=PipelineID=a15d7450-8b65-4943-81d3-58963db0e9d1 dn=c53771ff-a4da-40bc-be42-f397952cb81e{ip: 192.168.34.53, host: pr-hdds-2107-sbngl-2106859965, networkLocation: /default-rack, certSerialId: null}
2019-09-11 02:38:01,149 [RatisPipelineUtilsThread] ERROR pipeline.SCMPipelineManager (Scheduler.java:lambda$schedule$1(70)) - Destroy pipeline failed for pipeline:Pipeline[ Id: a15d7450-8b65-4943-81d3-58963db0e9d1, Nodes: cccfaecc-560c-4f58-9140-53bb7696e889{ip: 192.168.34.53, host: pr-hdds-2107-sbngl-2106859965, networkLocation: /default-rack, certSerialId: null}28f29a4c-baf6-4c40-b523-744acc0a8c83{ip: 192.168.34.53, host: pr-hdds-2107-sbngl-2106859965, networkLocation: /default-rack, certSerialId: null}c53771ff-a4da-40bc-be42-f397952cb81e{ip: 192.168.34.53, host: pr-hdds-2107-sbngl-2106859965, networkLocation: /default-rack, certSerialId: null}, Type:RATIS, Factor:THREE, State:CLOSED]
org.apache.hadoop.hdds.scm.pipeline.PipelineNotFoundException: PipelineID=a15d7450-8b65-4943-81d3-58963db0e9d1 not found
	at org.apache.hadoop.hdds.scm.pipeline.PipelineStateMap.getPipeline(PipelineStateMap.java:132)
	at org.apache.hadoop.hdds.scm.pipeline.PipelineStateMap.removePipeline(PipelineStateMap.java:322)
	at org.apache.hadoop.hdds.scm.pipeline.PipelineStateManager.removePipeline(PipelineStateManager.java:107)
	at org.apache.hadoop.hdds.scm.pipeline.SCMPipelineManager.removePipeline(SCMPipelineManager.java:423)
	at org.apache.hadoop.hdds.scm.pipeline.SCMPipelineManager.destroyPipeline(SCMPipelineManager.java:409)
	at org.apache.hadoop.hdds.scm.pipeline.SCMPipelineManager.lambda$finalizeAndDestroyPipeline$0(SCMPipelineManager.java:318)
	at org.apache.hadoop.utils.Scheduler.lambda$schedule$1(Scheduler.java:68)
	at java.util.concurrent.Executors$RunnableAdapter.call(Executors.java:511)
	at java.util.concurrent.FutureTask.run(FutureTask.java:266)
	at java.util.concurrent.ScheduledThreadPoolExecutor$ScheduledFutureTask.access$201(ScheduledThreadPoolExecutor.java:180)
	at java.util.concurrent.ScheduledThreadPoolExecutor$ScheduledFutureTask.run(ScheduledThreadPoolExecutor.java:293)
	at java.util.concurrent.ThreadPoolExecutor.runWorker(ThreadPoolExecutor.java:1149)
	at java.util.concurrent.ThreadPoolExecutor$Worker.run(ThreadPoolExecutor.java:624)
	at java.lang.Thread.run(Thread.java:748)
2019-09-11 02:38:01,283 [grpc-default-executor-1] INFO  impl.RaftServerProxy (RaftServerProxy.java:remove(95)) - cccfaecc-560c-4f58-9140-53bb7696e889: remove group-58963DB0E9D1:null
2019-09-11 02:38:01,286 [RatisPipelineUtilsThread] WARN  pipeline.RatisPipelineUtils (RatisPipelineUtils.java:destroyPipeline(66)) - Pipeline destroy failed for pipeline=PipelineID=a15d7450-8b65-4943-81d3-58963db0e9d1 dn=cccfaecc-560c-4f58-9140-53bb7696e889{ip: 192.168.34.53, host: pr-hdds-2107-sbngl-2106859965, networkLocation: /default-rack, certSerialId: null}
2019-09-11 02:38:01,290 [grpc-default-executor-1] INFO  impl.RaftServerProxy (RaftServerProxy.java:remove(95)) - 28f29a4c-baf6-4c40-b523-744acc0a8c83: remove group-58963DB0E9D1:null
2019-09-11 02:38:01,292 [RatisPipelineUtilsThread] WARN  pipeline.RatisPipelineUtils (RatisPipelineUtils.java:destroyPipeline(66)) - Pipeline destroy failed for pipeline=PipelineID=a15d7450-8b65-4943-81d3-58963db0e9d1 dn=28f29a4c-baf6-4c40-b523-744acc0a8c83{ip: 192.168.34.53, host: pr-hdds-2107-sbngl-2106859965, networkLocation: /default-rack, certSerialId: null}
2019-09-11 02:38:01,295 [grpc-default-executor-1] INFO  impl.RaftServerProxy (RaftServerProxy.java:remove(95)) - c53771ff-a4da-40bc-be42-f397952cb81e: remove group-58963DB0E9D1:null
2019-09-11 02:38:01,297 [RatisPipelineUtilsThread] WARN  pipeline.RatisPipelineUtils (RatisPipelineUtils.java:destroyPipeline(66)) - Pipeline destroy failed for pipeline=PipelineID=a15d7450-8b65-4943-81d3-58963db0e9d1 dn=c53771ff-a4da-40bc-be42-f397952cb81e{ip: 192.168.34.53, host: pr-hdds-2107-sbngl-2106859965, networkLocation: /default-rack, certSerialId: null}
2019-09-11 02:38:01,298 [RatisPipelineUtilsThread] ERROR pipeline.SCMPipelineManager (Scheduler.java:lambda$schedule$1(70)) - Destroy pipeline failed for pipeline:Pipeline[ Id: a15d7450-8b65-4943-81d3-58963db0e9d1, Nodes: cccfaecc-560c-4f58-9140-53bb7696e889{ip: 192.168.34.53, host: pr-hdds-2107-sbngl-2106859965, networkLocation: /default-rack, certSerialId: null}28f29a4c-baf6-4c40-b523-744acc0a8c83{ip: 192.168.34.53, host: pr-hdds-2107-sbngl-2106859965, networkLocation: /default-rack, certSerialId: null}c53771ff-a4da-40bc-be42-f397952cb81e{ip: 192.168.34.53, host: pr-hdds-2107-sbngl-2106859965, networkLocation: /default-rack, certSerialId: null}, Type:RATIS, Factor:THREE, State:CLOSED]
org.apache.hadoop.hdds.scm.pipeline.PipelineNotFoundException: PipelineID=a15d7450-8b65-4943-81d3-58963db0e9d1 not found
	at org.apache.hadoop.hdds.scm.pipeline.PipelineStateMap.getPipeline(PipelineStateMap.java:132)
	at org.apache.hadoop.hdds.scm.pipeline.PipelineStateMap.removePipeline(PipelineStateMap.java:322)
	at org.apache.hadoop.hdds.scm.pipeline.PipelineStateManager.removePipeline(PipelineStateManager.java:107)
	at org.apache.hadoop.hdds.scm.pipeline.SCMPipelineManager.removePipeline(SCMPipelineManager.java:423)
	at org.apache.hadoop.hdds.scm.pipeline.SCMPipelineManager.destroyPipeline(SCMPipelineManager.java:409)
	at org.apache.hadoop.hdds.scm.pipeline.SCMPipelineManager.lambda$finalizeAndDestroyPipeline$0(SCMPipelineManager.java:318)
	at org.apache.hadoop.utils.Scheduler.lambda$schedule$1(Scheduler.java:68)
	at java.util.concurrent.Executors$RunnableAdapter.call(Executors.java:511)
	at java.util.concurrent.FutureTask.run(FutureTask.java:266)
	at java.util.concurrent.ScheduledThreadPoolExecutor$ScheduledFutureTask.access$201(ScheduledThreadPoolExecutor.java:180)
	at java.util.concurrent.ScheduledThreadPoolExecutor$ScheduledFutureTask.run(ScheduledThreadPoolExecutor.java:293)
	at java.util.concurrent.ThreadPoolExecutor.runWorker(ThreadPoolExecutor.java:1149)
	at java.util.concurrent.ThreadPoolExecutor$Worker.run(ThreadPoolExecutor.java:624)
	at java.lang.Thread.run(Thread.java:748)
2019-09-11 02:38:01,404 [grpc-default-executor-1] INFO  impl.RaftServerProxy (RaftServerProxy.java:remove(95)) - cccfaecc-560c-4f58-9140-53bb7696e889: remove group-58963DB0E9D1:null
2019-09-11 02:38:01,407 [RatisPipelineUtilsThread] WARN  pipeline.RatisPipelineUtils (RatisPipelineUtils.java:destroyPipeline(66)) - Pipeline destroy failed for pipeline=PipelineID=a15d7450-8b65-4943-81d3-58963db0e9d1 dn=cccfaecc-560c-4f58-9140-53bb7696e889{ip: 192.168.34.53, host: pr-hdds-2107-sbngl-2106859965, networkLocation: /default-rack, certSerialId: null}
2019-09-11 02:38:01,410 [grpc-default-executor-1] INFO  impl.RaftServerProxy (RaftServerProxy.java:remove(95)) - 28f29a4c-baf6-4c40-b523-744acc0a8c83: remove group-58963DB0E9D1:null
2019-09-11 02:38:01,412 [RatisPipelineUtilsThread] WARN  pipeline.RatisPipelineUtils (RatisPipelineUtils.java:destroyPipeline(66)) - Pipeline destroy failed for pipeline=PipelineID=a15d7450-8b65-4943-81d3-58963db0e9d1 dn=28f29a4c-baf6-4c40-b523-744acc0a8c83{ip: 192.168.34.53, host: pr-hdds-2107-sbngl-2106859965, networkLocation: /default-rack, certSerialId: null}
2019-09-11 02:38:01,415 [grpc-default-executor-1] INFO  impl.RaftServerProxy (RaftServerProxy.java:remove(95)) - c53771ff-a4da-40bc-be42-f397952cb81e: remove group-58963DB0E9D1:null
2019-09-11 02:38:01,417 [RatisPipelineUtilsThread] WARN  pipeline.RatisPipelineUtils (RatisPipelineUtils.java:destroyPipeline(66)) - Pipeline destroy failed for pipeline=PipelineID=a15d7450-8b65-4943-81d3-58963db0e9d1 dn=c53771ff-a4da-40bc-be42-f397952cb81e{ip: 192.168.34.53, host: pr-hdds-2107-sbngl-2106859965, networkLocation: /default-rack, certSerialId: null}
2019-09-11 02:38:01,418 [RatisPipelineUtilsThread] ERROR pipeline.SCMPipelineManager (Scheduler.java:lambda$schedule$1(70)) - Destroy pipeline failed for pipeline:Pipeline[ Id: a15d7450-8b65-4943-81d3-58963db0e9d1, Nodes: cccfaecc-560c-4f58-9140-53bb7696e889{ip: 192.168.34.53, host: pr-hdds-2107-sbngl-2106859965, networkLocation: /default-rack, certSerialId: null}28f29a4c-baf6-4c40-b523-744acc0a8c83{ip: 192.168.34.53, host: pr-hdds-2107-sbngl-2106859965, networkLocation: /default-rack, certSerialId: null}c53771ff-a4da-40bc-be42-f397952cb81e{ip: 192.168.34.53, host: pr-hdds-2107-sbngl-2106859965, networkLocation: /default-rack, certSerialId: null}, Type:RATIS, Factor:THREE, State:CLOSED]
org.apache.hadoop.hdds.scm.pipeline.PipelineNotFoundException: PipelineID=a15d7450-8b65-4943-81d3-58963db0e9d1 not found
	at org.apache.hadoop.hdds.scm.pipeline.PipelineStateMap.getPipeline(PipelineStateMap.java:132)
	at org.apache.hadoop.hdds.scm.pipeline.PipelineStateMap.removePipeline(PipelineStateMap.java:322)
	at org.apache.hadoop.hdds.scm.pipeline.PipelineStateManager.removePipeline(PipelineStateManager.java:107)
	at org.apache.hadoop.hdds.scm.pipeline.SCMPipelineManager.removePipeline(SCMPipelineManager.java:423)
	at org.apache.hadoop.hdds.scm.pipeline.SCMPipelineManager.destroyPipeline(SCMPipelineManager.java:409)
	at org.apache.hadoop.hdds.scm.pipeline.SCMPipelineManager.lambda$finalizeAndDestroyPipeline$0(SCMPipelineManager.java:318)
	at org.apache.hadoop.utils.Scheduler.lambda$schedule$1(Scheduler.java:68)
	at java.util.concurrent.Executors$RunnableAdapter.call(Executors.java:511)
	at java.util.concurrent.FutureTask.run(FutureTask.java:266)
	at java.util.concurrent.ScheduledThreadPoolExecutor$ScheduledFutureTask.access$201(ScheduledThreadPoolExecutor.java:180)
	at java.util.concurrent.ScheduledThreadPoolExecutor$ScheduledFutureTask.run(ScheduledThreadPoolExecutor.java:293)
	at java.util.concurrent.ThreadPoolExecutor.runWorker(ThreadPoolExecutor.java:1149)
	at java.util.concurrent.ThreadPoolExecutor$Worker.run(ThreadPoolExecutor.java:624)
	at java.lang.Thread.run(Thread.java:748)
2019-09-11 02:38:02,457 [28f29a4c-baf6-4c40-b523-744acc0a8c83@group-5FC83EB0E599-SegmentedRaftLogWorker] WARN  segmented.SegmentedRaftLogWorker (SegmentedRaftLogWorker.java:getFromFuture(90)) - Timeout 5/~
org.apache.ratis.protocol.TimeoutIOException: Timeout 10s: WriteLog:11: (t:1, i:11), STATEMACHINELOGENTRY, client-6E43CC49A373, cid=41-writeStateMachineData
	at org.apache.ratis.util.IOUtils.getFromFuture(IOUtils.java:87)
	at org.apache.ratis.server.raftlog.segmented.SegmentedRaftLogWorker$StateMachineDataPolicy.getFromFuture(SegmentedRaftLogWorker.java:87)
	at org.apache.ratis.server.raftlog.segmented.SegmentedRaftLogWorker$WriteLog.execute(SegmentedRaftLogWorker.java:477)
	at org.apache.ratis.server.raftlog.segmented.SegmentedRaftLogWorker.run(SegmentedRaftLogWorker.java:289)
	at java.lang.Thread.run(Thread.java:748)
Caused by: java.util.concurrent.TimeoutException
	at java.util.concurrent.CompletableFuture.timedGet(CompletableFuture.java:1771)
	at java.util.concurrent.CompletableFuture.get(CompletableFuture.java:1915)
	at org.apache.ratis.util.IOUtils.getFromFuture(IOUtils.java:79)
	... 4 more
2019-09-11 02:38:02,457 [cccfaecc-560c-4f58-9140-53bb7696e889@group-5FC83EB0E599-SegmentedRaftLogWorker] WARN  segmented.SegmentedRaftLogWorker (SegmentedRaftLogWorker.java:getFromFuture(90)) - Timeout 5/~
org.apache.ratis.protocol.TimeoutIOException: Timeout 10s: WriteLog:11: (t:1, i:11), STATEMACHINELOGENTRY, client-6E43CC49A373, cid=41-writeStateMachineData
	at org.apache.ratis.util.IOUtils.getFromFuture(IOUtils.java:87)
	at org.apache.ratis.server.raftlog.segmented.SegmentedRaftLogWorker$StateMachineDataPolicy.getFromFuture(SegmentedRaftLogWorker.java:87)
	at org.apache.ratis.server.raftlog.segmented.SegmentedRaftLogWorker$WriteLog.execute(SegmentedRaftLogWorker.java:477)
	at org.apache.ratis.server.raftlog.segmented.SegmentedRaftLogWorker.run(SegmentedRaftLogWorker.java:289)
	at java.lang.Thread.run(Thread.java:748)
Caused by: java.util.concurrent.TimeoutException
	at java.util.concurrent.CompletableFuture.timedGet(CompletableFuture.java:1771)
	at java.util.concurrent.CompletableFuture.get(CompletableFuture.java:1915)
	at org.apache.ratis.util.IOUtils.getFromFuture(IOUtils.java:79)
	... 4 more
2019-09-11 02:38:02,606 [c53771ff-a4da-40bc-be42-f397952cb81e@group-5FC83EB0E599-SegmentedRaftLogWorker] WARN  segmented.SegmentedRaftLogWorker (SegmentedRaftLogWorker.java:getFromFuture(90)) - Timeout 5/~
org.apache.ratis.protocol.TimeoutIOException: Timeout 10s: WriteLog:12: (t:1, i:12), STATEMACHINELOGENTRY, client-6E43CC49A373, cid=42-writeStateMachineData
	at org.apache.ratis.util.IOUtils.getFromFuture(IOUtils.java:87)
	at org.apache.ratis.server.raftlog.segmented.SegmentedRaftLogWorker$StateMachineDataPolicy.getFromFuture(SegmentedRaftLogWorker.java:87)
	at org.apache.ratis.server.raftlog.segmented.SegmentedRaftLogWorker$WriteLog.execute(SegmentedRaftLogWorker.java:477)
	at org.apache.ratis.server.raftlog.segmented.SegmentedRaftLogWorker.run(SegmentedRaftLogWorker.java:289)
	at java.lang.Thread.run(Thread.java:748)
Caused by: java.util.concurrent.TimeoutException
	at java.util.concurrent.CompletableFuture.timedGet(CompletableFuture.java:1771)
	at java.util.concurrent.CompletableFuture.get(CompletableFuture.java:1915)
	at org.apache.ratis.util.IOUtils.getFromFuture(IOUtils.java:79)
	... 4 more
2019-09-11 02:38:02,962 [java.util.concurrent.ThreadPoolExecutor$Worker@43a4256f[State = -1, empty queue]] WARN  server.GrpcLogAppender (GrpcLogAppender.java:timeoutAppendRequest(200)) - c53771ff-a4da-40bc-be42-f397952cb81e@group-5FC83EB0E599->28f29a4c-baf6-4c40-b523-744acc0a8c83-GrpcLogAppender: appendEntries Timeout, request=c53771ff-a4da-40bc-be42-f397952cb81e->28f29a4c-baf6-4c40-b523-744acc0a8c83#40-t1, previous=(t:1, i:16), leaderCommit=10, initializing? false, entries: <empty>
2019-09-11 02:38:02,964 [java.util.concurrent.ThreadPoolExecutor$Worker@f4f9fe6[State = -1, empty queue]] WARN  server.GrpcLogAppender (GrpcLogAppender.java:timeoutAppendRequest(200)) - c53771ff-a4da-40bc-be42-f397952cb81e@group-5FC83EB0E599->cccfaecc-560c-4f58-9140-53bb7696e889-GrpcLogAppender: appendEntries Timeout, request=c53771ff-a4da-40bc-be42-f397952cb81e->cccfaecc-560c-4f58-9140-53bb7696e889#40-t1, previous=(t:1, i:16), leaderCommit=10, initializing? false, entries: <empty>
2019-09-11 02:38:02,966 [grpc-default-executor-7] INFO  client.GrpcClientProtocolClient (GrpcClientProtocolClient.java:onNext(264)) - client-6E43CC49A373->cccfaecc-560c-4f58-9140-53bb7696e889: receive RaftClientReply:client-6E43CC49A373->cccfaecc-560c-4f58-9140-53bb7696e889@group-5FC83EB0E599, cid=41, FAILED org.apache.ratis.protocol.NotLeaderException: Server cccfaecc-560c-4f58-9140-53bb7696e889@group-5FC83EB0E599 is not the leader c53771ff-a4da-40bc-be42-f397952cb81e:192.168.34.53:37384, logIndex=0, commits[cccfaecc-560c-4f58-9140-53bb7696e889:c10, c53771ff-a4da-40bc-be42-f397952cb81e:c10, 28f29a4c-baf6-4c40-b523-744acc0a8c83:c6]
2019-09-11 02:38:05,462 [java.util.concurrent.ThreadPoolExecutor$Worker@43a4256f[State = -1, empty queue]] WARN  server.GrpcLogAppender (GrpcLogAppender.java:timeoutAppendRequest(200)) - c53771ff-a4da-40bc-be42-f397952cb81e@group-5FC83EB0E599->28f29a4c-baf6-4c40-b523-744acc0a8c83-GrpcLogAppender: appendEntries Timeout, request=c53771ff-a4da-40bc-be42-f397952cb81e->28f29a4c-baf6-4c40-b523-744acc0a8c83#41-t1, previous=(t:1, i:16), leaderCommit=10, initializing? false, entries: <empty>
2019-09-11 02:38:05,462 [java.util.concurrent.ThreadPoolExecutor$Worker@f4f9fe6[State = -1, empty queue]] WARN  server.GrpcLogAppender (GrpcLogAppender.java:timeoutAppendRequest(200)) - c53771ff-a4da-40bc-be42-f397952cb81e@group-5FC83EB0E599->cccfaecc-560c-4f58-9140-53bb7696e889-GrpcLogAppender: appendEntries Timeout, request=c53771ff-a4da-40bc-be42-f397952cb81e->cccfaecc-560c-4f58-9140-53bb7696e889#41-t1, previous=(t:1, i:16), leaderCommit=10, initializing? false, entries: <empty>
2019-09-11 02:38:07,962 [java.util.concurrent.ThreadPoolExecutor$Worker@f4f9fe6[State = -1, empty queue]] WARN  server.GrpcLogAppender (GrpcLogAppender.java:timeoutAppendRequest(200)) - c53771ff-a4da-40bc-be42-f397952cb81e@group-5FC83EB0E599->cccfaecc-560c-4f58-9140-53bb7696e889-GrpcLogAppender: appendEntries Timeout, request=c53771ff-a4da-40bc-be42-f397952cb81e->cccfaecc-560c-4f58-9140-53bb7696e889#42-t1, previous=(t:1, i:16), leaderCommit=10, initializing? false, entries: <empty>
2019-09-11 02:38:07,962 [java.util.concurrent.ThreadPoolExecutor$Worker@43a4256f[State = -1, empty queue]] WARN  server.GrpcLogAppender (GrpcLogAppender.java:timeoutAppendRequest(200)) - c53771ff-a4da-40bc-be42-f397952cb81e@group-5FC83EB0E599->28f29a4c-baf6-4c40-b523-744acc0a8c83-GrpcLogAppender: appendEntries Timeout, request=c53771ff-a4da-40bc-be42-f397952cb81e->28f29a4c-baf6-4c40-b523-744acc0a8c83#42-t1, previous=(t:1, i:16), leaderCommit=10, initializing? false, entries: <empty>
2019-09-11 02:38:08,024 [grpc-default-executor-1] INFO  client.GrpcClientProtocolClient (GrpcClientProtocolClient.java:onNext(264)) - client-6E43CC49A373->cccfaecc-560c-4f58-9140-53bb7696e889: receive RaftClientReply:client-6E43CC49A373->cccfaecc-560c-4f58-9140-53bb7696e889@group-5FC83EB0E599, cid=41, FAILED org.apache.ratis.protocol.NotLeaderException: Server cccfaecc-560c-4f58-9140-53bb7696e889@group-5FC83EB0E599 is not the leader c53771ff-a4da-40bc-be42-f397952cb81e:192.168.34.53:37384, logIndex=0, commits[cccfaecc-560c-4f58-9140-53bb7696e889:c10, c53771ff-a4da-40bc-be42-f397952cb81e:c10, 28f29a4c-baf6-4c40-b523-744acc0a8c83:c6]
2019-09-11 02:38:10,463 [java.util.concurrent.ThreadPoolExecutor$Worker@f4f9fe6[State = -1, empty queue]] WARN  server.GrpcLogAppender (GrpcLogAppender.java:timeoutAppendRequest(200)) - c53771ff-a4da-40bc-be42-f397952cb81e@group-5FC83EB0E599->cccfaecc-560c-4f58-9140-53bb7696e889-GrpcLogAppender: appendEntries Timeout, request=c53771ff-a4da-40bc-be42-f397952cb81e->cccfaecc-560c-4f58-9140-53bb7696e889#43-t1, previous=(t:1, i:16), leaderCommit=10, initializing? false, entries: <empty>
2019-09-11 02:38:10,463 [java.util.concurrent.ThreadPoolExecutor$Worker@43a4256f[State = -1, empty queue]] WARN  server.GrpcLogAppender (GrpcLogAppender.java:timeoutAppendRequest(200)) - c53771ff-a4da-40bc-be42-f397952cb81e@group-5FC83EB0E599->28f29a4c-baf6-4c40-b523-744acc0a8c83-GrpcLogAppender: appendEntries Timeout, request=c53771ff-a4da-40bc-be42-f397952cb81e->28f29a4c-baf6-4c40-b523-744acc0a8c83#43-t1, previous=(t:1, i:16), leaderCommit=10, initializing? false, entries: <empty>
2019-09-11 02:38:12,458 [28f29a4c-baf6-4c40-b523-744acc0a8c83@group-5FC83EB0E599-SegmentedRaftLogWorker] WARN  segmented.SegmentedRaftLogWorker (SegmentedRaftLogWorker.java:getFromFuture(90)) - Timeout 6/~
org.apache.ratis.protocol.TimeoutIOException: Timeout 10s: WriteLog:11: (t:1, i:11), STATEMACHINELOGENTRY, client-6E43CC49A373, cid=41-writeStateMachineData
	at org.apache.ratis.util.IOUtils.getFromFuture(IOUtils.java:87)
	at org.apache.ratis.server.raftlog.segmented.SegmentedRaftLogWorker$StateMachineDataPolicy.getFromFuture(SegmentedRaftLogWorker.java:87)
	at org.apache.ratis.server.raftlog.segmented.SegmentedRaftLogWorker$WriteLog.execute(SegmentedRaftLogWorker.java:477)
	at org.apache.ratis.server.raftlog.segmented.SegmentedRaftLogWorker.run(SegmentedRaftLogWorker.java:289)
	at java.lang.Thread.run(Thread.java:748)
Caused by: java.util.concurrent.TimeoutException
	at java.util.concurrent.CompletableFuture.timedGet(CompletableFuture.java:1771)
	at java.util.concurrent.CompletableFuture.get(CompletableFuture.java:1915)
	at org.apache.ratis.util.IOUtils.getFromFuture(IOUtils.java:79)
	... 4 more
2019-09-11 02:38:12,458 [cccfaecc-560c-4f58-9140-53bb7696e889@group-5FC83EB0E599-SegmentedRaftLogWorker] WARN  segmented.SegmentedRaftLogWorker (SegmentedRaftLogWorker.java:getFromFuture(90)) - Timeout 6/~
org.apache.ratis.protocol.TimeoutIOException: Timeout 10s: WriteLog:11: (t:1, i:11), STATEMACHINELOGENTRY, client-6E43CC49A373, cid=41-writeStateMachineData
	at org.apache.ratis.util.IOUtils.getFromFuture(IOUtils.java:87)
	at org.apache.ratis.server.raftlog.segmented.SegmentedRaftLogWorker$StateMachineDataPolicy.getFromFuture(SegmentedRaftLogWorker.java:87)
	at org.apache.ratis.server.raftlog.segmented.SegmentedRaftLogWorker$WriteLog.execute(SegmentedRaftLogWorker.java:477)
	at org.apache.ratis.server.raftlog.segmented.SegmentedRaftLogWorker.run(SegmentedRaftLogWorker.java:289)
	at java.lang.Thread.run(Thread.java:748)
Caused by: java.util.concurrent.TimeoutException
	at java.util.concurrent.CompletableFuture.timedGet(CompletableFuture.java:1771)
	at java.util.concurrent.CompletableFuture.get(CompletableFuture.java:1915)
	at org.apache.ratis.util.IOUtils.getFromFuture(IOUtils.java:79)
	... 4 more
2019-09-11 02:38:12,607 [c53771ff-a4da-40bc-be42-f397952cb81e@group-5FC83EB0E599-SegmentedRaftLogWorker] WARN  segmented.SegmentedRaftLogWorker (SegmentedRaftLogWorker.java:getFromFuture(90)) - Timeout 6/~
org.apache.ratis.protocol.TimeoutIOException: Timeout 10s: WriteLog:12: (t:1, i:12), STATEMACHINELOGENTRY, client-6E43CC49A373, cid=42-writeStateMachineData
	at org.apache.ratis.util.IOUtils.getFromFuture(IOUtils.java:87)
	at org.apache.ratis.server.raftlog.segmented.SegmentedRaftLogWorker$StateMachineDataPolicy.getFromFuture(SegmentedRaftLogWorker.java:87)
	at org.apache.ratis.server.raftlog.segmented.SegmentedRaftLogWorker$WriteLog.execute(SegmentedRaftLogWorker.java:477)
	at org.apache.ratis.server.raftlog.segmented.SegmentedRaftLogWorker.run(SegmentedRaftLogWorker.java:289)
	at java.lang.Thread.run(Thread.java:748)
Caused by: java.util.concurrent.TimeoutException
	at java.util.concurrent.CompletableFuture.timedGet(CompletableFuture.java:1771)
	at java.util.concurrent.CompletableFuture.get(CompletableFuture.java:1915)
	at org.apache.ratis.util.IOUtils.getFromFuture(IOUtils.java:79)
	... 4 more
2019-09-11 02:38:12,963 [java.util.concurrent.ThreadPoolExecutor$Worker@f4f9fe6[State = -1, empty queue]] WARN  server.GrpcLogAppender (GrpcLogAppender.java:timeoutAppendRequest(200)) - c53771ff-a4da-40bc-be42-f397952cb81e@group-5FC83EB0E599->cccfaecc-560c-4f58-9140-53bb7696e889-GrpcLogAppender: appendEntries Timeout, request=c53771ff-a4da-40bc-be42-f397952cb81e->cccfaecc-560c-4f58-9140-53bb7696e889#44-t1, previous=(t:1, i:16), leaderCommit=10, initializing? false, entries: <empty>
2019-09-11 02:38:12,963 [java.util.concurrent.ThreadPoolExecutor$Worker@43a4256f[State = -1, empty queue]] WARN  server.GrpcLogAppender (GrpcLogAppender.java:timeoutAppendRequest(200)) - c53771ff-a4da-40bc-be42-f397952cb81e@group-5FC83EB0E599->28f29a4c-baf6-4c40-b523-744acc0a8c83-GrpcLogAppender: appendEntries Timeout, request=c53771ff-a4da-40bc-be42-f397952cb81e->28f29a4c-baf6-4c40-b523-744acc0a8c83#44-t1, previous=(t:1, i:16), leaderCommit=10, initializing? false, entries: <empty>
2019-09-11 02:38:13,097 [grpc-default-executor-1] INFO  client.GrpcClientProtocolClient (GrpcClientProtocolClient.java:onNext(264)) - client-6E43CC49A373->cccfaecc-560c-4f58-9140-53bb7696e889: receive RaftClientReply:client-6E43CC49A373->cccfaecc-560c-4f58-9140-53bb7696e889@group-5FC83EB0E599, cid=41, FAILED org.apache.ratis.protocol.NotLeaderException: Server cccfaecc-560c-4f58-9140-53bb7696e889@group-5FC83EB0E599 is not the leader c53771ff-a4da-40bc-be42-f397952cb81e:192.168.34.53:37384, logIndex=0, commits[cccfaecc-560c-4f58-9140-53bb7696e889:c10, c53771ff-a4da-40bc-be42-f397952cb81e:c10, 28f29a4c-baf6-4c40-b523-744acc0a8c83:c6]
2019-09-11 02:38:15,482 [java.util.concurrent.ThreadPoolExecutor$Worker@f4f9fe6[State = -1, empty queue]] WARN  server.GrpcLogAppender (GrpcLogAppender.java:timeoutAppendRequest(200)) - c53771ff-a4da-40bc-be42-f397952cb81e@group-5FC83EB0E599->cccfaecc-560c-4f58-9140-53bb7696e889-GrpcLogAppender: appendEntries Timeout, request=c53771ff-a4da-40bc-be42-f397952cb81e->cccfaecc-560c-4f58-9140-53bb7696e889#45-t1, previous=(t:1, i:16), leaderCommit=10, initializing? false, entries: <empty>
2019-09-11 02:38:15,482 [java.util.concurrent.ThreadPoolExecutor$Worker@43a4256f[State = -1, empty queue]] WARN  server.GrpcLogAppender (GrpcLogAppender.java:timeoutAppendRequest(200)) - c53771ff-a4da-40bc-be42-f397952cb81e@group-5FC83EB0E599->28f29a4c-baf6-4c40-b523-744acc0a8c83-GrpcLogAppender: appendEntries Timeout, request=c53771ff-a4da-40bc-be42-f397952cb81e->28f29a4c-baf6-4c40-b523-744acc0a8c83#45-t1, previous=(t:1, i:16), leaderCommit=10, initializing? false, entries: <empty>
2019-09-11 02:38:17,982 [java.util.concurrent.ThreadPoolExecutor$Worker@43a4256f[State = -1, empty queue]] WARN  server.GrpcLogAppender (GrpcLogAppender.java:timeoutAppendRequest(200)) - c53771ff-a4da-40bc-be42-f397952cb81e@group-5FC83EB0E599->28f29a4c-baf6-4c40-b523-744acc0a8c83-GrpcLogAppender: appendEntries Timeout, request=c53771ff-a4da-40bc-be42-f397952cb81e->28f29a4c-baf6-4c40-b523-744acc0a8c83#46-t1, previous=(t:1, i:16), leaderCommit=10, initializing? false, entries: <empty>
2019-09-11 02:38:17,982 [java.util.concurrent.ThreadPoolExecutor$Worker@f4f9fe6[State = -1, empty queue]] WARN  server.GrpcLogAppender (GrpcLogAppender.java:timeoutAppendRequest(200)) - c53771ff-a4da-40bc-be42-f397952cb81e@group-5FC83EB0E599->cccfaecc-560c-4f58-9140-53bb7696e889-GrpcLogAppender: appendEntries Timeout, request=c53771ff-a4da-40bc-be42-f397952cb81e->cccfaecc-560c-4f58-9140-53bb7696e889#46-t1, previous=(t:1, i:16), leaderCommit=10, initializing? false, entries: <empty>
2019-09-11 02:38:18,133 [grpc-default-executor-1] INFO  client.GrpcClientProtocolClient (GrpcClientProtocolClient.java:onNext(264)) - client-6E43CC49A373->cccfaecc-560c-4f58-9140-53bb7696e889: receive RaftClientReply:client-6E43CC49A373->cccfaecc-560c-4f58-9140-53bb7696e889@group-5FC83EB0E599, cid=41, FAILED org.apache.ratis.protocol.NotLeaderException: Server cccfaecc-560c-4f58-9140-53bb7696e889@group-5FC83EB0E599 is not the leader c53771ff-a4da-40bc-be42-f397952cb81e:192.168.34.53:37384, logIndex=0, commits[cccfaecc-560c-4f58-9140-53bb7696e889:c10, c53771ff-a4da-40bc-be42-f397952cb81e:c10, 28f29a4c-baf6-4c40-b523-744acc0a8c83:c6]
2019-09-11 02:38:20,483 [java.util.concurrent.ThreadPoolExecutor$Worker@43a4256f[State = -1, empty queue]] WARN  server.GrpcLogAppender (GrpcLogAppender.java:timeoutAppendRequest(200)) - c53771ff-a4da-40bc-be42-f397952cb81e@group-5FC83EB0E599->28f29a4c-baf6-4c40-b523-744acc0a8c83-GrpcLogAppender: appendEntries Timeout, request=c53771ff-a4da-40bc-be42-f397952cb81e->28f29a4c-baf6-4c40-b523-744acc0a8c83#47-t1, previous=(t:1, i:16), leaderCommit=10, initializing? false, entries: <empty>
2019-09-11 02:38:20,483 [java.util.concurrent.ThreadPoolExecutor$Worker@f4f9fe6[State = -1, empty queue]] WARN  server.GrpcLogAppender (GrpcLogAppender.java:timeoutAppendRequest(200)) - c53771ff-a4da-40bc-be42-f397952cb81e@group-5FC83EB0E599->cccfaecc-560c-4f58-9140-53bb7696e889-GrpcLogAppender: appendEntries Timeout, request=c53771ff-a4da-40bc-be42-f397952cb81e->cccfaecc-560c-4f58-9140-53bb7696e889#47-t1, previous=(t:1, i:16), leaderCommit=10, initializing? false, entries: <empty>
2019-09-11 02:38:22,459 [28f29a4c-baf6-4c40-b523-744acc0a8c83@group-5FC83EB0E599-SegmentedRaftLogWorker] WARN  segmented.SegmentedRaftLogWorker (SegmentedRaftLogWorker.java:getFromFuture(90)) - Timeout 7/~
org.apache.ratis.protocol.TimeoutIOException: Timeout 10s: WriteLog:11: (t:1, i:11), STATEMACHINELOGENTRY, client-6E43CC49A373, cid=41-writeStateMachineData
	at org.apache.ratis.util.IOUtils.getFromFuture(IOUtils.java:87)
	at org.apache.ratis.server.raftlog.segmented.SegmentedRaftLogWorker$StateMachineDataPolicy.getFromFuture(SegmentedRaftLogWorker.java:87)
	at org.apache.ratis.server.raftlog.segmented.SegmentedRaftLogWorker$WriteLog.execute(SegmentedRaftLogWorker.java:477)
	at org.apache.ratis.server.raftlog.segmented.SegmentedRaftLogWorker.run(SegmentedRaftLogWorker.java:289)
	at java.lang.Thread.run(Thread.java:748)
Caused by: java.util.concurrent.TimeoutException
	at java.util.concurrent.CompletableFuture.timedGet(CompletableFuture.java:1771)
	at java.util.concurrent.CompletableFuture.get(CompletableFuture.java:1915)
	at org.apache.ratis.util.IOUtils.getFromFuture(IOUtils.java:79)
	... 4 more
2019-09-11 02:38:22,482 [cccfaecc-560c-4f58-9140-53bb7696e889@group-5FC83EB0E599-SegmentedRaftLogWorker] WARN  segmented.SegmentedRaftLogWorker (SegmentedRaftLogWorker.java:getFromFuture(90)) - Timeout 7/~
org.apache.ratis.protocol.TimeoutIOException: Timeout 10s: WriteLog:11: (t:1, i:11), STATEMACHINELOGENTRY, client-6E43CC49A373, cid=41-writeStateMachineData
	at org.apache.ratis.util.IOUtils.getFromFuture(IOUtils.java:87)
	at org.apache.ratis.server.raftlog.segmented.SegmentedRaftLogWorker$StateMachineDataPolicy.getFromFuture(SegmentedRaftLogWorker.java:87)
	at org.apache.ratis.server.raftlog.segmented.SegmentedRaftLogWorker$WriteLog.execute(SegmentedRaftLogWorker.java:477)
	at org.apache.ratis.server.raftlog.segmented.SegmentedRaftLogWorker.run(SegmentedRaftLogWorker.java:289)
	at java.lang.Thread.run(Thread.java:748)
Caused by: java.util.concurrent.TimeoutException
	at java.util.concurrent.CompletableFuture.timedGet(CompletableFuture.java:1771)
	at java.util.concurrent.CompletableFuture.get(CompletableFuture.java:1915)
	at org.apache.ratis.util.IOUtils.getFromFuture(IOUtils.java:79)
	... 4 more
2019-09-11 02:38:22,608 [c53771ff-a4da-40bc-be42-f397952cb81e@group-5FC83EB0E599-SegmentedRaftLogWorker] WARN  segmented.SegmentedRaftLogWorker (SegmentedRaftLogWorker.java:getFromFuture(90)) - Timeout 7/~
org.apache.ratis.protocol.TimeoutIOException: Timeout 10s: WriteLog:12: (t:1, i:12), STATEMACHINELOGENTRY, client-6E43CC49A373, cid=42-writeStateMachineData
	at org.apache.ratis.util.IOUtils.getFromFuture(IOUtils.java:87)
	at org.apache.ratis.server.raftlog.segmented.SegmentedRaftLogWorker$StateMachineDataPolicy.getFromFuture(SegmentedRaftLogWorker.java:87)
	at org.apache.ratis.server.raftlog.segmented.SegmentedRaftLogWorker$WriteLog.execute(SegmentedRaftLogWorker.java:477)
	at org.apache.ratis.server.raftlog.segmented.SegmentedRaftLogWorker.run(SegmentedRaftLogWorker.java:289)
	at java.lang.Thread.run(Thread.java:748)
Caused by: java.util.concurrent.TimeoutException
	at java.util.concurrent.CompletableFuture.timedGet(CompletableFuture.java:1771)
	at java.util.concurrent.CompletableFuture.get(CompletableFuture.java:1915)
	at org.apache.ratis.util.IOUtils.getFromFuture(IOUtils.java:79)
	... 4 more
2019-09-11 02:38:22,983 [java.util.concurrent.ThreadPoolExecutor$Worker@f4f9fe6[State = -1, empty queue]] WARN  server.GrpcLogAppender (GrpcLogAppender.java:timeoutAppendRequest(200)) - c53771ff-a4da-40bc-be42-f397952cb81e@group-5FC83EB0E599->cccfaecc-560c-4f58-9140-53bb7696e889-GrpcLogAppender: appendEntries Timeout, request=c53771ff-a4da-40bc-be42-f397952cb81e->cccfaecc-560c-4f58-9140-53bb7696e889#48-t1, previous=(t:1, i:16), leaderCommit=10, initializing? false, entries: <empty>
2019-09-11 02:38:22,983 [java.util.concurrent.ThreadPoolExecutor$Worker@43a4256f[State = -1, empty queue]] WARN  server.GrpcLogAppender (GrpcLogAppender.java:timeoutAppendRequest(200)) - c53771ff-a4da-40bc-be42-f397952cb81e@group-5FC83EB0E599->28f29a4c-baf6-4c40-b523-744acc0a8c83-GrpcLogAppender: appendEntries Timeout, request=c53771ff-a4da-40bc-be42-f397952cb81e->28f29a4c-baf6-4c40-b523-744acc0a8c83#48-t1, previous=(t:1, i:16), leaderCommit=10, initializing? false, entries: <empty>
2019-09-11 02:38:23,177 [grpc-default-executor-7] INFO  client.GrpcClientProtocolClient (GrpcClientProtocolClient.java:onNext(264)) - client-6E43CC49A373->cccfaecc-560c-4f58-9140-53bb7696e889: receive RaftClientReply:client-6E43CC49A373->cccfaecc-560c-4f58-9140-53bb7696e889@group-5FC83EB0E599, cid=41, FAILED org.apache.ratis.protocol.NotLeaderException: Server cccfaecc-560c-4f58-9140-53bb7696e889@group-5FC83EB0E599 is not the leader c53771ff-a4da-40bc-be42-f397952cb81e:192.168.34.53:37384, logIndex=0, commits[cccfaecc-560c-4f58-9140-53bb7696e889:c10, c53771ff-a4da-40bc-be42-f397952cb81e:c10, 28f29a4c-baf6-4c40-b523-744acc0a8c83:c6]
2019-09-11 02:38:25,483 [java.util.concurrent.ThreadPoolExecutor$Worker@f4f9fe6[State = -1, empty queue]] WARN  server.GrpcLogAppender (GrpcLogAppender.java:timeoutAppendRequest(200)) - c53771ff-a4da-40bc-be42-f397952cb81e@group-5FC83EB0E599->cccfaecc-560c-4f58-9140-53bb7696e889-GrpcLogAppender: appendEntries Timeout, request=c53771ff-a4da-40bc-be42-f397952cb81e->cccfaecc-560c-4f58-9140-53bb7696e889#49-t1, previous=(t:1, i:16), leaderCommit=10, initializing? false, entries: <empty>
2019-09-11 02:38:25,483 [java.util.concurrent.ThreadPoolExecutor$Worker@43a4256f[State = -1, empty queue]] WARN  server.GrpcLogAppender (GrpcLogAppender.java:timeoutAppendRequest(200)) - c53771ff-a4da-40bc-be42-f397952cb81e@group-5FC83EB0E599->28f29a4c-baf6-4c40-b523-744acc0a8c83-GrpcLogAppender: appendEntries Timeout, request=c53771ff-a4da-40bc-be42-f397952cb81e->28f29a4c-baf6-4c40-b523-744acc0a8c83#49-t1, previous=(t:1, i:16), leaderCommit=10, initializing? false, entries: <empty>
2019-09-11 02:38:27,984 [java.util.concurrent.ThreadPoolExecutor$Worker@43a4256f[State = -1, empty queue]] WARN  server.GrpcLogAppender (GrpcLogAppender.java:timeoutAppendRequest(200)) - c53771ff-a4da-40bc-be42-f397952cb81e@group-5FC83EB0E599->28f29a4c-baf6-4c40-b523-744acc0a8c83-GrpcLogAppender: appendEntries Timeout, request=c53771ff-a4da-40bc-be42-f397952cb81e->28f29a4c-baf6-4c40-b523-744acc0a8c83#50-t1, previous=(t:1, i:16), leaderCommit=10, initializing? false, entries: <empty>
2019-09-11 02:38:27,984 [java.util.concurrent.ThreadPoolExecutor$Worker@f4f9fe6[State = -1, empty queue]] WARN  server.GrpcLogAppender (GrpcLogAppender.java:timeoutAppendRequest(200)) - c53771ff-a4da-40bc-be42-f397952cb81e@group-5FC83EB0E599->cccfaecc-560c-4f58-9140-53bb7696e889-GrpcLogAppender: appendEntries Timeout, request=c53771ff-a4da-40bc-be42-f397952cb81e->cccfaecc-560c-4f58-9140-53bb7696e889#50-t1, previous=(t:1, i:16), leaderCommit=10, initializing? false, entries: <empty>
2019-09-11 02:38:28,209 [grpc-default-executor-1] INFO  client.GrpcClientProtocolClient (GrpcClientProtocolClient.java:onNext(264)) - client-6E43CC49A373->28f29a4c-baf6-4c40-b523-744acc0a8c83: receive RaftClientReply:client-6E43CC49A373->28f29a4c-baf6-4c40-b523-744acc0a8c83@group-5FC83EB0E599, cid=41, FAILED org.apache.ratis.protocol.NotLeaderException: Server 28f29a4c-baf6-4c40-b523-744acc0a8c83@group-5FC83EB0E599 is not the leader c53771ff-a4da-40bc-be42-f397952cb81e:192.168.34.53:37384, logIndex=0, commits[28f29a4c-baf6-4c40-b523-744acc0a8c83:c10, c53771ff-a4da-40bc-be42-f397952cb81e:c10, cccfaecc-560c-4f58-9140-53bb7696e889:c6]
2019-09-11 02:38:30,484 [java.util.concurrent.ThreadPoolExecutor$Worker@f4f9fe6[State = -1, empty queue]] WARN  server.GrpcLogAppender (GrpcLogAppender.java:timeoutAppendRequest(200)) - c53771ff-a4da-40bc-be42-f397952cb81e@group-5FC83EB0E599->cccfaecc-560c-4f58-9140-53bb7696e889-GrpcLogAppender: appendEntries Timeout, request=c53771ff-a4da-40bc-be42-f397952cb81e->cccfaecc-560c-4f58-9140-53bb7696e889#51-t1, previous=(t:1, i:16), leaderCommit=10, initializing? false, entries: <empty>
2019-09-11 02:38:30,484 [java.util.concurrent.ThreadPoolExecutor$Worker@43a4256f[State = -1, empty queue]] WARN  server.GrpcLogAppender (GrpcLogAppender.java:timeoutAppendRequest(200)) - c53771ff-a4da-40bc-be42-f397952cb81e@group-5FC83EB0E599->28f29a4c-baf6-4c40-b523-744acc0a8c83-GrpcLogAppender: appendEntries Timeout, request=c53771ff-a4da-40bc-be42-f397952cb81e->28f29a4c-baf6-4c40-b523-744acc0a8c83#51-t1, previous=(t:1, i:16), leaderCommit=10, initializing? false, entries: <empty>
2019-09-11 02:38:32,461 [28f29a4c-baf6-4c40-b523-744acc0a8c83@group-5FC83EB0E599-SegmentedRaftLogWorker] WARN  segmented.SegmentedRaftLogWorker (SegmentedRaftLogWorker.java:getFromFuture(90)) - Timeout 8/~
org.apache.ratis.protocol.TimeoutIOException: Timeout 10s: WriteLog:11: (t:1, i:11), STATEMACHINELOGENTRY, client-6E43CC49A373, cid=41-writeStateMachineData
	at org.apache.ratis.util.IOUtils.getFromFuture(IOUtils.java:87)
	at org.apache.ratis.server.raftlog.segmented.SegmentedRaftLogWorker$StateMachineDataPolicy.getFromFuture(SegmentedRaftLogWorker.java:87)
	at org.apache.ratis.server.raftlog.segmented.SegmentedRaftLogWorker$WriteLog.execute(SegmentedRaftLogWorker.java:477)
	at org.apache.ratis.server.raftlog.segmented.SegmentedRaftLogWorker.run(SegmentedRaftLogWorker.java:289)
	at java.lang.Thread.run(Thread.java:748)
Caused by: java.util.concurrent.TimeoutException
	at java.util.concurrent.CompletableFuture.timedGet(CompletableFuture.java:1771)
	at java.util.concurrent.CompletableFuture.get(CompletableFuture.java:1915)
	at org.apache.ratis.util.IOUtils.getFromFuture(IOUtils.java:79)
	... 4 more
2019-09-11 02:38:32,483 [cccfaecc-560c-4f58-9140-53bb7696e889@group-5FC83EB0E599-SegmentedRaftLogWorker] WARN  segmented.SegmentedRaftLogWorker (SegmentedRaftLogWorker.java:getFromFuture(90)) - Timeout 8/~
org.apache.ratis.protocol.TimeoutIOException: Timeout 10s: WriteLog:11: (t:1, i:11), STATEMACHINELOGENTRY, client-6E43CC49A373, cid=41-writeStateMachineData
	at org.apache.ratis.util.IOUtils.getFromFuture(IOUtils.java:87)
	at org.apache.ratis.server.raftlog.segmented.SegmentedRaftLogWorker$StateMachineDataPolicy.getFromFuture(SegmentedRaftLogWorker.java:87)
	at org.apache.ratis.server.raftlog.segmented.SegmentedRaftLogWorker$WriteLog.execute(SegmentedRaftLogWorker.java:477)
	at org.apache.ratis.server.raftlog.segmented.SegmentedRaftLogWorker.run(SegmentedRaftLogWorker.java:289)
	at java.lang.Thread.run(Thread.java:748)
Caused by: java.util.concurrent.TimeoutException
	at java.util.concurrent.CompletableFuture.timedGet(CompletableFuture.java:1771)
	at java.util.concurrent.CompletableFuture.get(CompletableFuture.java:1915)
	at org.apache.ratis.util.IOUtils.getFromFuture(IOUtils.java:79)
	... 4 more
2019-09-11 02:38:32,609 [c53771ff-a4da-40bc-be42-f397952cb81e@group-5FC83EB0E599-SegmentedRaftLogWorker] WARN  segmented.SegmentedRaftLogWorker (SegmentedRaftLogWorker.java:getFromFuture(90)) - Timeout 8/~
org.apache.ratis.protocol.TimeoutIOException: Timeout 10s: WriteLog:12: (t:1, i:12), STATEMACHINELOGENTRY, client-6E43CC49A373, cid=42-writeStateMachineData
	at org.apache.ratis.util.IOUtils.getFromFuture(IOUtils.java:87)
	at org.apache.ratis.server.raftlog.segmented.SegmentedRaftLogWorker$StateMachineDataPolicy.getFromFuture(SegmentedRaftLogWorker.java:87)
	at org.apache.ratis.server.raftlog.segmented.SegmentedRaftLogWorker$WriteLog.execute(SegmentedRaftLogWorker.java:477)
	at org.apache.ratis.server.raftlog.segmented.SegmentedRaftLogWorker.run(SegmentedRaftLogWorker.java:289)
	at java.lang.Thread.run(Thread.java:748)
Caused by: java.util.concurrent.TimeoutException
	at java.util.concurrent.CompletableFuture.timedGet(CompletableFuture.java:1771)
	at java.util.concurrent.CompletableFuture.get(CompletableFuture.java:1915)
	at org.apache.ratis.util.IOUtils.getFromFuture(IOUtils.java:79)
	... 4 more
2019-09-11 02:38:32,984 [java.util.concurrent.ThreadPoolExecutor$Worker@f4f9fe6[State = -1, empty queue]] WARN  server.GrpcLogAppender (GrpcLogAppender.java:timeoutAppendRequest(200)) - c53771ff-a4da-40bc-be42-f397952cb81e@group-5FC83EB0E599->cccfaecc-560c-4f58-9140-53bb7696e889-GrpcLogAppender: appendEntries Timeout, request=c53771ff-a4da-40bc-be42-f397952cb81e->cccfaecc-560c-4f58-9140-53bb7696e889#52-t1, previous=(t:1, i:16), leaderCommit=10, initializing? false, entries: <empty>
2019-09-11 02:38:32,984 [java.util.concurrent.ThreadPoolExecutor$Worker@43a4256f[State = -1, empty queue]] WARN  server.GrpcLogAppender (GrpcLogAppender.java:timeoutAppendRequest(200)) - c53771ff-a4da-40bc-be42-f397952cb81e@group-5FC83EB0E599->28f29a4c-baf6-4c40-b523-744acc0a8c83-GrpcLogAppender: appendEntries Timeout, request=c53771ff-a4da-40bc-be42-f397952cb81e->28f29a4c-baf6-4c40-b523-744acc0a8c83#52-t1, previous=(t:1, i:16), leaderCommit=10, initializing? false, entries: <empty>
2019-09-11 02:38:33,242 [grpc-default-executor-1] INFO  client.GrpcClientProtocolClient (GrpcClientProtocolClient.java:onNext(264)) - client-6E43CC49A373->cccfaecc-560c-4f58-9140-53bb7696e889: receive RaftClientReply:client-6E43CC49A373->cccfaecc-560c-4f58-9140-53bb7696e889@group-5FC83EB0E599, cid=41, FAILED org.apache.ratis.protocol.NotLeaderException: Server cccfaecc-560c-4f58-9140-53bb7696e889@group-5FC83EB0E599 is not the leader c53771ff-a4da-40bc-be42-f397952cb81e:192.168.34.53:37384, logIndex=0, commits[cccfaecc-560c-4f58-9140-53bb7696e889:c10, c53771ff-a4da-40bc-be42-f397952cb81e:c10, 28f29a4c-baf6-4c40-b523-744acc0a8c83:c6]
2019-09-11 02:38:35,485 [java.util.concurrent.ThreadPoolExecutor$Worker@f4f9fe6[State = -1, empty queue]] WARN  server.GrpcLogAppender (GrpcLogAppender.java:timeoutAppendRequest(200)) - c53771ff-a4da-40bc-be42-f397952cb81e@group-5FC83EB0E599->cccfaecc-560c-4f58-9140-53bb7696e889-GrpcLogAppender: appendEntries Timeout, request=c53771ff-a4da-40bc-be42-f397952cb81e->cccfaecc-560c-4f58-9140-53bb7696e889#53-t1, previous=(t:1, i:16), leaderCommit=10, initializing? false, entries: <empty>
2019-09-11 02:38:35,485 [java.util.concurrent.ThreadPoolExecutor$Worker@43a4256f[State = -1, empty queue]] WARN  server.GrpcLogAppender (GrpcLogAppender.java:timeoutAppendRequest(200)) - c53771ff-a4da-40bc-be42-f397952cb81e@group-5FC83EB0E599->28f29a4c-baf6-4c40-b523-744acc0a8c83-GrpcLogAppender: appendEntries Timeout, request=c53771ff-a4da-40bc-be42-f397952cb81e->28f29a4c-baf6-4c40-b523-744acc0a8c83#53-t1, previous=(t:1, i:16), leaderCommit=10, initializing? false, entries: <empty>
2019-09-11 02:38:37,985 [java.util.concurrent.ThreadPoolExecutor$Worker@f4f9fe6[State = -1, empty queue]] WARN  server.GrpcLogAppender (GrpcLogAppender.java:timeoutAppendRequest(200)) - c53771ff-a4da-40bc-be42-f397952cb81e@group-5FC83EB0E599->cccfaecc-560c-4f58-9140-53bb7696e889-GrpcLogAppender: appendEntries Timeout, request=c53771ff-a4da-40bc-be42-f397952cb81e->cccfaecc-560c-4f58-9140-53bb7696e889#54-t1, previous=(t:1, i:16), leaderCommit=10, initializing? false, entries: <empty>
2019-09-11 02:38:37,985 [java.util.concurrent.ThreadPoolExecutor$Worker@43a4256f[State = -1, empty queue]] WARN  server.GrpcLogAppender (GrpcLogAppender.java:timeoutAppendRequest(200)) - c53771ff-a4da-40bc-be42-f397952cb81e@group-5FC83EB0E599->28f29a4c-baf6-4c40-b523-744acc0a8c83-GrpcLogAppender: appendEntries Timeout, request=c53771ff-a4da-40bc-be42-f397952cb81e->28f29a4c-baf6-4c40-b523-744acc0a8c83#54-t1, previous=(t:1, i:16), leaderCommit=10, initializing? false, entries: <empty>
2019-09-11 02:38:38,287 [grpc-default-executor-8] INFO  client.GrpcClientProtocolClient (GrpcClientProtocolClient.java:onNext(264)) - client-6E43CC49A373->cccfaecc-560c-4f58-9140-53bb7696e889: receive RaftClientReply:client-6E43CC49A373->cccfaecc-560c-4f58-9140-53bb7696e889@group-5FC83EB0E599, cid=41, FAILED org.apache.ratis.protocol.NotLeaderException: Server cccfaecc-560c-4f58-9140-53bb7696e889@group-5FC83EB0E599 is not the leader c53771ff-a4da-40bc-be42-f397952cb81e:192.168.34.53:37384, logIndex=0, commits[cccfaecc-560c-4f58-9140-53bb7696e889:c10, c53771ff-a4da-40bc-be42-f397952cb81e:c10, 28f29a4c-baf6-4c40-b523-744acc0a8c83:c6]
2019-09-11 02:38:40,485 [java.util.concurrent.ThreadPoolExecutor$Worker@f4f9fe6[State = -1, empty queue]] WARN  server.GrpcLogAppender (GrpcLogAppender.java:timeoutAppendRequest(200)) - c53771ff-a4da-40bc-be42-f397952cb81e@group-5FC83EB0E599->cccfaecc-560c-4f58-9140-53bb7696e889-GrpcLogAppender: appendEntries Timeout, request=c53771ff-a4da-40bc-be42-f397952cb81e->cccfaecc-560c-4f58-9140-53bb7696e889#55-t1, previous=(t:1, i:16), leaderCommit=10, initializing? false, entries: <empty>
2019-09-11 02:38:40,485 [java.util.concurrent.ThreadPoolExecutor$Worker@43a4256f[State = -1, empty queue]] WARN  server.GrpcLogAppender (GrpcLogAppender.java:timeoutAppendRequest(200)) - c53771ff-a4da-40bc-be42-f397952cb81e@group-5FC83EB0E599->28f29a4c-baf6-4c40-b523-744acc0a8c83-GrpcLogAppender: appendEntries Timeout, request=c53771ff-a4da-40bc-be42-f397952cb81e->28f29a4c-baf6-4c40-b523-744acc0a8c83#55-t1, previous=(t:1, i:16), leaderCommit=10, initializing? false, entries: <empty>
2019-09-11 02:38:42,461 [28f29a4c-baf6-4c40-b523-744acc0a8c83@group-5FC83EB0E599-SegmentedRaftLogWorker] WARN  segmented.SegmentedRaftLogWorker (SegmentedRaftLogWorker.java:getFromFuture(90)) - Timeout 9/~
org.apache.ratis.protocol.TimeoutIOException: Timeout 10s: WriteLog:11: (t:1, i:11), STATEMACHINELOGENTRY, client-6E43CC49A373, cid=41-writeStateMachineData
	at org.apache.ratis.util.IOUtils.getFromFuture(IOUtils.java:87)
	at org.apache.ratis.server.raftlog.segmented.SegmentedRaftLogWorker$StateMachineDataPolicy.getFromFuture(SegmentedRaftLogWorker.java:87)
	at org.apache.ratis.server.raftlog.segmented.SegmentedRaftLogWorker$WriteLog.execute(SegmentedRaftLogWorker.java:477)
	at org.apache.ratis.server.raftlog.segmented.SegmentedRaftLogWorker.run(SegmentedRaftLogWorker.java:289)
	at java.lang.Thread.run(Thread.java:748)
Caused by: java.util.concurrent.TimeoutException
	at java.util.concurrent.CompletableFuture.timedGet(CompletableFuture.java:1771)
	at java.util.concurrent.CompletableFuture.get(CompletableFuture.java:1915)
	at org.apache.ratis.util.IOUtils.getFromFuture(IOUtils.java:79)
	... 4 more
2019-09-11 02:38:42,484 [cccfaecc-560c-4f58-9140-53bb7696e889@group-5FC83EB0E599-SegmentedRaftLogWorker] WARN  segmented.SegmentedRaftLogWorker (SegmentedRaftLogWorker.java:getFromFuture(90)) - Timeout 9/~
org.apache.ratis.protocol.TimeoutIOException: Timeout 10s: WriteLog:11: (t:1, i:11), STATEMACHINELOGENTRY, client-6E43CC49A373, cid=41-writeStateMachineData
	at org.apache.ratis.util.IOUtils.getFromFuture(IOUtils.java:87)
	at org.apache.ratis.server.raftlog.segmented.SegmentedRaftLogWorker$StateMachineDataPolicy.getFromFuture(SegmentedRaftLogWorker.java:87)
	at org.apache.ratis.server.raftlog.segmented.SegmentedRaftLogWorker$WriteLog.execute(SegmentedRaftLogWorker.java:477)
	at org.apache.ratis.server.raftlog.segmented.SegmentedRaftLogWorker.run(SegmentedRaftLogWorker.java:289)
	at java.lang.Thread.run(Thread.java:748)
Caused by: java.util.concurrent.TimeoutException
	at java.util.concurrent.CompletableFuture.timedGet(CompletableFuture.java:1771)
	at java.util.concurrent.CompletableFuture.get(CompletableFuture.java:1915)
	at org.apache.ratis.util.IOUtils.getFromFuture(IOUtils.java:79)
	... 4 more
2019-09-11 02:38:42,609 [c53771ff-a4da-40bc-be42-f397952cb81e@group-5FC83EB0E599-SegmentedRaftLogWorker] WARN  segmented.SegmentedRaftLogWorker (SegmentedRaftLogWorker.java:getFromFuture(90)) - Timeout 9/~
org.apache.ratis.protocol.TimeoutIOException: Timeout 10s: WriteLog:12: (t:1, i:12), STATEMACHINELOGENTRY, client-6E43CC49A373, cid=42-writeStateMachineData
	at org.apache.ratis.util.IOUtils.getFromFuture(IOUtils.java:87)
	at org.apache.ratis.server.raftlog.segmented.SegmentedRaftLogWorker$StateMachineDataPolicy.getFromFuture(SegmentedRaftLogWorker.java:87)
	at org.apache.ratis.server.raftlog.segmented.SegmentedRaftLogWorker$WriteLog.execute(SegmentedRaftLogWorker.java:477)
	at org.apache.ratis.server.raftlog.segmented.SegmentedRaftLogWorker.run(SegmentedRaftLogWorker.java:289)
	at java.lang.Thread.run(Thread.java:748)
Caused by: java.util.concurrent.TimeoutException
	at java.util.concurrent.CompletableFuture.timedGet(CompletableFuture.java:1771)
	at java.util.concurrent.CompletableFuture.get(CompletableFuture.java:1915)
	at org.apache.ratis.util.IOUtils.getFromFuture(IOUtils.java:79)
	... 4 more
2019-09-11 02:38:42,985 [java.util.concurrent.ThreadPoolExecutor$Worker@43a4256f[State = -1, empty queue]] WARN  server.GrpcLogAppender (GrpcLogAppender.java:timeoutAppendRequest(200)) - c53771ff-a4da-40bc-be42-f397952cb81e@group-5FC83EB0E599->28f29a4c-baf6-4c40-b523-744acc0a8c83-GrpcLogAppender: appendEntries Timeout, request=c53771ff-a4da-40bc-be42-f397952cb81e->28f29a4c-baf6-4c40-b523-744acc0a8c83#56-t1, previous=(t:1, i:16), leaderCommit=10, initializing? false, entries: <empty>
2019-09-11 02:38:42,985 [java.util.concurrent.ThreadPoolExecutor$Worker@f4f9fe6[State = -1, empty queue]] WARN  server.GrpcLogAppender (GrpcLogAppender.java:timeoutAppendRequest(200)) - c53771ff-a4da-40bc-be42-f397952cb81e@group-5FC83EB0E599->cccfaecc-560c-4f58-9140-53bb7696e889-GrpcLogAppender: appendEntries Timeout, request=c53771ff-a4da-40bc-be42-f397952cb81e->cccfaecc-560c-4f58-9140-53bb7696e889#56-t1, previous=(t:1, i:16), leaderCommit=10, initializing? false, entries: <empty>
2019-09-11 02:38:43,338 [grpc-default-executor-1] INFO  client.GrpcClientProtocolClient (GrpcClientProtocolClient.java:onNext(264)) - client-6E43CC49A373->cccfaecc-560c-4f58-9140-53bb7696e889: receive RaftClientReply:client-6E43CC49A373->cccfaecc-560c-4f58-9140-53bb7696e889@group-5FC83EB0E599, cid=41, FAILED org.apache.ratis.protocol.NotLeaderException: Server cccfaecc-560c-4f58-9140-53bb7696e889@group-5FC83EB0E599 is not the leader c53771ff-a4da-40bc-be42-f397952cb81e:192.168.34.53:37384, logIndex=0, commits[cccfaecc-560c-4f58-9140-53bb7696e889:c10, c53771ff-a4da-40bc-be42-f397952cb81e:c10, 28f29a4c-baf6-4c40-b523-744acc0a8c83:c6]
2019-09-11 02:38:44,110 [ReplicationMonitor] INFO  container.ReplicationManager (ReplicationManager.java:forceCloseContainer(464)) - Force closing container #1 with BCSID 4, which is in QUASI_CLOSED state.
2019-09-11 02:38:44,111 [ReplicationMonitor] INFO  container.ReplicationManager (ReplicationManager.java:sendCloseCommand(659)) - Sending close container command for container #1 to datanode 28f29a4c-baf6-4c40-b523-744acc0a8c83{ip: 192.168.34.53, host: pr-hdds-2107-sbngl-2106859965, networkLocation: /default-rack, certSerialId: null}.
2019-09-11 02:38:44,112 [ReplicationMonitor] INFO  container.ReplicationManager (ReplicationManager.java:sendCloseCommand(659)) - Sending close container command for container #1 to datanode c53771ff-a4da-40bc-be42-f397952cb81e{ip: 192.168.34.53, host: pr-hdds-2107-sbngl-2106859965, networkLocation: /default-rack, certSerialId: null}.
2019-09-11 02:38:44,112 [ReplicationMonitor] INFO  container.ReplicationManager (ReplicationManager.java:sendCloseCommand(659)) - Sending close container command for container #1 to datanode cccfaecc-560c-4f58-9140-53bb7696e889{ip: 192.168.34.53, host: pr-hdds-2107-sbngl-2106859965, networkLocation: /default-rack, certSerialId: null}.
2019-09-11 02:38:44,112 [ReplicationMonitor] INFO  container.ReplicationManager (ReplicationManager.java:forceCloseContainer(464)) - Force closing container #2 with BCSID 0, which is in QUASI_CLOSED state.
2019-09-11 02:38:44,112 [ReplicationMonitor] INFO  container.ReplicationManager (ReplicationManager.java:sendCloseCommand(659)) - Sending close container command for container #2 to datanode cccfaecc-560c-4f58-9140-53bb7696e889{ip: 192.168.34.53, host: pr-hdds-2107-sbngl-2106859965, networkLocation: /default-rack, certSerialId: null}.
2019-09-11 02:38:44,112 [ReplicationMonitor] INFO  container.ReplicationManager (ReplicationManager.java:sendCloseCommand(659)) - Sending close container command for container #2 to datanode 28f29a4c-baf6-4c40-b523-744acc0a8c83{ip: 192.168.34.53, host: pr-hdds-2107-sbngl-2106859965, networkLocation: /default-rack, certSerialId: null}.
2019-09-11 02:38:44,112 [ReplicationMonitor] INFO  container.ReplicationManager (ReplicationManager.java:sendCloseCommand(659)) - Sending close container command for container #2 to datanode c53771ff-a4da-40bc-be42-f397952cb81e{ip: 192.168.34.53, host: pr-hdds-2107-sbngl-2106859965, networkLocation: /default-rack, certSerialId: null}.
2019-09-11 02:38:44,112 [ReplicationMonitor] INFO  container.ReplicationManager (ReplicationManager.java:run(225)) - Replication Monitor Thread took 9 milliseconds for processing 5 containers.
2019-09-11 02:38:45,486 [java.util.concurrent.ThreadPoolExecutor$Worker@43a4256f[State = -1, empty queue]] WARN  server.GrpcLogAppender (GrpcLogAppender.java:timeoutAppendRequest(200)) - c53771ff-a4da-40bc-be42-f397952cb81e@group-5FC83EB0E599->28f29a4c-baf6-4c40-b523-744acc0a8c83-GrpcLogAppender: appendEntries Timeout, request=c53771ff-a4da-40bc-be42-f397952cb81e->28f29a4c-baf6-4c40-b523-744acc0a8c83#57-t1, previous=(t:1, i:16), leaderCommit=10, initializing? false, entries: <empty>
2019-09-11 02:38:45,486 [java.util.concurrent.ThreadPoolExecutor$Worker@f4f9fe6[State = -1, empty queue]] WARN  server.GrpcLogAppender (GrpcLogAppender.java:timeoutAppendRequest(200)) - c53771ff-a4da-40bc-be42-f397952cb81e@group-5FC83EB0E599->cccfaecc-560c-4f58-9140-53bb7696e889-GrpcLogAppender: appendEntries Timeout, request=c53771ff-a4da-40bc-be42-f397952cb81e->cccfaecc-560c-4f58-9140-53bb7696e889#57-t1, previous=(t:1, i:16), leaderCommit=10, initializing? false, entries: <empty>
2019-09-11 02:38:45,614 [Command processor thread] INFO  interfaces.Container (KeyValueContainer.java:flushAndSyncDB(386)) - Container 1 is synced with bcsId 4.
2019-09-11 02:38:45,616 [Command processor thread] INFO  interfaces.Container (KeyValueContainer.java:flushAndSyncDB(386)) - Container 1 is synced with bcsId 4.
2019-09-11 02:38:45,632 [Command processor thread] INFO  interfaces.Container (KeyValueContainer.java:close(335)) - Container 1 is closed with bcsId 4.
2019-09-11 02:38:45,633 [Command processor thread] INFO  interfaces.Container (KeyValueContainer.java:flushAndSyncDB(386)) - Container 2 is synced with bcsId 0.
2019-09-11 02:38:45,633 [Command processor thread] INFO  interfaces.Container (KeyValueContainer.java:flushAndSyncDB(386)) - Container 2 is synced with bcsId 0.
2019-09-11 02:38:45,634 [EventQueue-IncrementalContainerReportForIncrementalContainerReportHandler] INFO  container.IncrementalContainerReportHandler (AbstractContainerReportHandler.java:updateContainerState(202)) - Moving container #1 to CLOSED state, datanode 28f29a4c-baf6-4c40-b523-744acc0a8c83{ip: 192.168.34.53, host: pr-hdds-2107-sbngl-2106859965, networkLocation: /default-rack, certSerialId: null} reported CLOSED replica.
2019-09-11 02:38:45,647 [Command processor thread] INFO  interfaces.Container (KeyValueContainer.java:close(335)) - Container 2 is closed with bcsId 0.
2019-09-11 02:38:45,648 [EventQueue-IncrementalContainerReportForIncrementalContainerReportHandler] INFO  container.IncrementalContainerReportHandler (AbstractContainerReportHandler.java:updateContainerState(202)) - Moving container #2 to CLOSED state, datanode 28f29a4c-baf6-4c40-b523-744acc0a8c83{ip: 192.168.34.53, host: pr-hdds-2107-sbngl-2106859965, networkLocation: /default-rack, certSerialId: null} reported CLOSED replica.
2019-09-11 02:38:46,612 [Command processor thread] INFO  interfaces.Container (KeyValueContainer.java:flushAndSyncDB(386)) - Container 1 is synced with bcsId 4.
2019-09-11 02:38:46,612 [Command processor thread] INFO  interfaces.Container (KeyValueContainer.java:flushAndSyncDB(386)) - Container 1 is synced with bcsId 4.
2019-09-11 02:38:46,615 [Command processor thread] INFO  interfaces.Container (KeyValueContainer.java:flushAndSyncDB(386)) - Container 1 is synced with bcsId 4.
2019-09-11 02:38:46,615 [Command processor thread] INFO  interfaces.Container (KeyValueContainer.java:flushAndSyncDB(386)) - Container 1 is synced with bcsId 4.
2019-09-11 02:38:46,628 [Command processor thread] INFO  interfaces.Container (KeyValueContainer.java:close(335)) - Container 1 is closed with bcsId 4.
2019-09-11 02:38:46,628 [Command processor thread] INFO  interfaces.Container (KeyValueContainer.java:close(335)) - Container 1 is closed with bcsId 4.
2019-09-11 02:38:46,628 [Command processor thread] INFO  interfaces.Container (KeyValueContainer.java:flushAndSyncDB(386)) - Container 2 is synced with bcsId 0.
2019-09-11 02:38:46,628 [Command processor thread] INFO  interfaces.Container (KeyValueContainer.java:flushAndSyncDB(386)) - Container 2 is synced with bcsId 0.
2019-09-11 02:38:46,628 [Command processor thread] INFO  interfaces.Container (KeyValueContainer.java:flushAndSyncDB(386)) - Container 2 is synced with bcsId 0.
2019-09-11 02:38:46,628 [Command processor thread] INFO  interfaces.Container (KeyValueContainer.java:flushAndSyncDB(386)) - Container 2 is synced with bcsId 0.
2019-09-11 02:38:46,643 [Command processor thread] INFO  interfaces.Container (KeyValueContainer.java:close(335)) - Container 2 is closed with bcsId 0.
2019-09-11 02:38:46,643 [Command processor thread] INFO  interfaces.Container (KeyValueContainer.java:close(335)) - Container 2 is closed with bcsId 0.
2019-09-11 02:38:47,986 [java.util.concurrent.ThreadPoolExecutor$Worker@43a4256f[State = -1, empty queue]] WARN  server.GrpcLogAppender (GrpcLogAppender.java:timeoutAppendRequest(200)) - c53771ff-a4da-40bc-be42-f397952cb81e@group-5FC83EB0E599->28f29a4c-baf6-4c40-b523-744acc0a8c83-GrpcLogAppender: appendEntries Timeout, request=c53771ff-a4da-40bc-be42-f397952cb81e->28f29a4c-baf6-4c40-b523-744acc0a8c83#58-t1, previous=(t:1, i:16), leaderCommit=10, initializing? false, entries: <empty>
2019-09-11 02:38:47,986 [java.util.concurrent.ThreadPoolExecutor$Worker@f4f9fe6[State = -1, empty queue]] WARN  server.GrpcLogAppender (GrpcLogAppender.java:timeoutAppendRequest(200)) - c53771ff-a4da-40bc-be42-f397952cb81e@group-5FC83EB0E599->cccfaecc-560c-4f58-9140-53bb7696e889-GrpcLogAppender: appendEntries Timeout, request=c53771ff-a4da-40bc-be42-f397952cb81e->cccfaecc-560c-4f58-9140-53bb7696e889#58-t1, previous=(t:1, i:16), leaderCommit=10, initializing? false, entries: <empty>
2019-09-11 02:38:48,391 [grpc-default-executor-8] INFO  client.GrpcClientProtocolClient (GrpcClientProtocolClient.java:onNext(264)) - client-6E43CC49A373->28f29a4c-baf6-4c40-b523-744acc0a8c83: receive RaftClientReply:client-6E43CC49A373->28f29a4c-baf6-4c40-b523-744acc0a8c83@group-5FC83EB0E599, cid=41, FAILED org.apache.ratis.protocol.NotLeaderException: Server 28f29a4c-baf6-4c40-b523-744acc0a8c83@group-5FC83EB0E599 is not the leader c53771ff-a4da-40bc-be42-f397952cb81e:192.168.34.53:37384, logIndex=0, commits[28f29a4c-baf6-4c40-b523-744acc0a8c83:c10, c53771ff-a4da-40bc-be42-f397952cb81e:c10, cccfaecc-560c-4f58-9140-53bb7696e889:c6]
2019-09-11 02:38:50,487 [java.util.concurrent.ThreadPoolExecutor$Worker@43a4256f[State = -1, empty queue]] WARN  server.GrpcLogAppender (GrpcLogAppender.java:timeoutAppendRequest(200)) - c53771ff-a4da-40bc-be42-f397952cb81e@group-5FC83EB0E599->28f29a4c-baf6-4c40-b523-744acc0a8c83-GrpcLogAppender: appendEntries Timeout, request=c53771ff-a4da-40bc-be42-f397952cb81e->28f29a4c-baf6-4c40-b523-744acc0a8c83#59-t1, previous=(t:1, i:16), leaderCommit=10, initializing? false, entries: <empty>
2019-09-11 02:38:50,487 [java.util.concurrent.ThreadPoolExecutor$Worker@f4f9fe6[State = -1, empty queue]] WARN  server.GrpcLogAppender (GrpcLogAppender.java:timeoutAppendRequest(200)) - c53771ff-a4da-40bc-be42-f397952cb81e@group-5FC83EB0E599->cccfaecc-560c-4f58-9140-53bb7696e889-GrpcLogAppender: appendEntries Timeout, request=c53771ff-a4da-40bc-be42-f397952cb81e->cccfaecc-560c-4f58-9140-53bb7696e889#59-t1, previous=(t:1, i:16), leaderCommit=10, initializing? false, entries: <empty>
2019-09-11 02:38:52,463 [28f29a4c-baf6-4c40-b523-744acc0a8c83@group-5FC83EB0E599-SegmentedRaftLogWorker] WARN  segmented.SegmentedRaftLogWorker (SegmentedRaftLogWorker.java:getFromFuture(90)) - Timeout 10/~
org.apache.ratis.protocol.TimeoutIOException: Timeout 10s: WriteLog:11: (t:1, i:11), STATEMACHINELOGENTRY, client-6E43CC49A373, cid=41-writeStateMachineData
	at org.apache.ratis.util.IOUtils.getFromFuture(IOUtils.java:87)
	at org.apache.ratis.server.raftlog.segmented.SegmentedRaftLogWorker$StateMachineDataPolicy.getFromFuture(SegmentedRaftLogWorker.java:87)
	at org.apache.ratis.server.raftlog.segmented.SegmentedRaftLogWorker$WriteLog.execute(SegmentedRaftLogWorker.java:477)
	at org.apache.ratis.server.raftlog.segmented.SegmentedRaftLogWorker.run(SegmentedRaftLogWorker.java:289)
	at java.lang.Thread.run(Thread.java:748)
Caused by: java.util.concurrent.TimeoutException
	at java.util.concurrent.CompletableFuture.timedGet(CompletableFuture.java:1771)
	at java.util.concurrent.CompletableFuture.get(CompletableFuture.java:1915)
	at org.apache.ratis.util.IOUtils.getFromFuture(IOUtils.java:79)
	... 4 more
2019-09-11 02:38:52,485 [cccfaecc-560c-4f58-9140-53bb7696e889@group-5FC83EB0E599-SegmentedRaftLogWorker] WARN  segmented.SegmentedRaftLogWorker (SegmentedRaftLogWorker.java:getFromFuture(90)) - Timeout 10/~
org.apache.ratis.protocol.TimeoutIOException: Timeout 10s: WriteLog:11: (t:1, i:11), STATEMACHINELOGENTRY, client-6E43CC49A373, cid=41-writeStateMachineData
	at org.apache.ratis.util.IOUtils.getFromFuture(IOUtils.java:87)
	at org.apache.ratis.server.raftlog.segmented.SegmentedRaftLogWorker$StateMachineDataPolicy.getFromFuture(SegmentedRaftLogWorker.java:87)
	at org.apache.ratis.server.raftlog.segmented.SegmentedRaftLogWorker$WriteLog.execute(SegmentedRaftLogWorker.java:477)
	at org.apache.ratis.server.raftlog.segmented.SegmentedRaftLogWorker.run(SegmentedRaftLogWorker.java:289)
	at java.lang.Thread.run(Thread.java:748)
Caused by: java.util.concurrent.TimeoutException
	at java.util.concurrent.CompletableFuture.timedGet(CompletableFuture.java:1771)
	at java.util.concurrent.CompletableFuture.get(CompletableFuture.java:1915)
	at org.apache.ratis.util.IOUtils.getFromFuture(IOUtils.java:79)
	... 4 more
2019-09-11 02:38:52,610 [c53771ff-a4da-40bc-be42-f397952cb81e@group-5FC83EB0E599-SegmentedRaftLogWorker] WARN  segmented.SegmentedRaftLogWorker (SegmentedRaftLogWorker.java:getFromFuture(90)) - Timeout 10/~
org.apache.ratis.protocol.TimeoutIOException: Timeout 10s: WriteLog:12: (t:1, i:12), STATEMACHINELOGENTRY, client-6E43CC49A373, cid=42-writeStateMachineData
	at org.apache.ratis.util.IOUtils.getFromFuture(IOUtils.java:87)
	at org.apache.ratis.server.raftlog.segmented.SegmentedRaftLogWorker$StateMachineDataPolicy.getFromFuture(SegmentedRaftLogWorker.java:87)
	at org.apache.ratis.server.raftlog.segmented.SegmentedRaftLogWorker$WriteLog.execute(SegmentedRaftLogWorker.java:477)
	at org.apache.ratis.server.raftlog.segmented.SegmentedRaftLogWorker.run(SegmentedRaftLogWorker.java:289)
	at java.lang.Thread.run(Thread.java:748)
Caused by: java.util.concurrent.TimeoutException
	at java.util.concurrent.CompletableFuture.timedGet(CompletableFuture.java:1771)
	at java.util.concurrent.CompletableFuture.get(CompletableFuture.java:1915)
	at org.apache.ratis.util.IOUtils.getFromFuture(IOUtils.java:79)
	... 4 more
2019-09-11 02:38:52,987 [java.util.concurrent.ThreadPoolExecutor$Worker@f4f9fe6[State = -1, empty queue]] WARN  server.GrpcLogAppender (GrpcLogAppender.java:timeoutAppendRequest(200)) - c53771ff-a4da-40bc-be42-f397952cb81e@group-5FC83EB0E599->cccfaecc-560c-4f58-9140-53bb7696e889-GrpcLogAppender: appendEntries Timeout, request=c53771ff-a4da-40bc-be42-f397952cb81e->cccfaecc-560c-4f58-9140-53bb7696e889#60-t1, previous=(t:1, i:16), leaderCommit=10, initializing? false, entries: <empty>
2019-09-11 02:38:52,987 [java.util.concurrent.ThreadPoolExecutor$Worker@43a4256f[State = -1, empty queue]] WARN  server.GrpcLogAppender (GrpcLogAppender.java:timeoutAppendRequest(200)) - c53771ff-a4da-40bc-be42-f397952cb81e@group-5FC83EB0E599->28f29a4c-baf6-4c40-b523-744acc0a8c83-GrpcLogAppender: appendEntries Timeout, request=c53771ff-a4da-40bc-be42-f397952cb81e->28f29a4c-baf6-4c40-b523-744acc0a8c83#60-t1, previous=(t:1, i:16), leaderCommit=10, initializing? false, entries: <empty>
2019-09-11 02:38:53,427 [grpc-default-executor-7] INFO  client.GrpcClientProtocolClient (GrpcClientProtocolClient.java:onNext(264)) - client-6E43CC49A373->28f29a4c-baf6-4c40-b523-744acc0a8c83: receive RaftClientReply:client-6E43CC49A373->28f29a4c-baf6-4c40-b523-744acc0a8c83@group-5FC83EB0E599, cid=41, FAILED org.apache.ratis.protocol.NotLeaderException: Server 28f29a4c-baf6-4c40-b523-744acc0a8c83@group-5FC83EB0E599 is not the leader c53771ff-a4da-40bc-be42-f397952cb81e:192.168.34.53:37384, logIndex=0, commits[28f29a4c-baf6-4c40-b523-744acc0a8c83:c10, c53771ff-a4da-40bc-be42-f397952cb81e:c10, cccfaecc-560c-4f58-9140-53bb7696e889:c6]
2019-09-11 02:38:55,487 [java.util.concurrent.ThreadPoolExecutor$Worker@f4f9fe6[State = -1, empty queue]] WARN  server.GrpcLogAppender (GrpcLogAppender.java:timeoutAppendRequest(200)) - c53771ff-a4da-40bc-be42-f397952cb81e@group-5FC83EB0E599->cccfaecc-560c-4f58-9140-53bb7696e889-GrpcLogAppender: appendEntries Timeout, request=c53771ff-a4da-40bc-be42-f397952cb81e->cccfaecc-560c-4f58-9140-53bb7696e889#61-t1, previous=(t:1, i:16), leaderCommit=10, initializing? false, entries: <empty>
2019-09-11 02:38:55,487 [java.util.concurrent.ThreadPoolExecutor$Worker@43a4256f[State = -1, empty queue]] WARN  server.GrpcLogAppender (GrpcLogAppender.java:timeoutAppendRequest(200)) - c53771ff-a4da-40bc-be42-f397952cb81e@group-5FC83EB0E599->28f29a4c-baf6-4c40-b523-744acc0a8c83-GrpcLogAppender: appendEntries Timeout, request=c53771ff-a4da-40bc-be42-f397952cb81e->28f29a4c-baf6-4c40-b523-744acc0a8c83#61-t1, previous=(t:1, i:16), leaderCommit=10, initializing? false, entries: <empty>
2019-09-11 02:38:57,988 [java.util.concurrent.ThreadPoolExecutor$Worker@43a4256f[State = -1, empty queue]] WARN  server.GrpcLogAppender (GrpcLogAppender.java:timeoutAppendRequest(200)) - c53771ff-a4da-40bc-be42-f397952cb81e@group-5FC83EB0E599->28f29a4c-baf6-4c40-b523-744acc0a8c83-GrpcLogAppender: appendEntries Timeout, request=c53771ff-a4da-40bc-be42-f397952cb81e->28f29a4c-baf6-4c40-b523-744acc0a8c83#62-t1, previous=(t:1, i:16), leaderCommit=10, initializing? false, entries: <empty>
2019-09-11 02:38:57,988 [java.util.concurrent.ThreadPoolExecutor$Worker@f4f9fe6[State = -1, empty queue]] WARN  server.GrpcLogAppender (GrpcLogAppender.java:timeoutAppendRequest(200)) - c53771ff-a4da-40bc-be42-f397952cb81e@group-5FC83EB0E599->cccfaecc-560c-4f58-9140-53bb7696e889-GrpcLogAppender: appendEntries Timeout, request=c53771ff-a4da-40bc-be42-f397952cb81e->cccfaecc-560c-4f58-9140-53bb7696e889#62-t1, previous=(t:1, i:16), leaderCommit=10, initializing? false, entries: <empty>
2019-09-11 02:38:58,490 [grpc-default-executor-7] INFO  client.GrpcClientProtocolClient (GrpcClientProtocolClient.java:onNext(264)) - client-6E43CC49A373->cccfaecc-560c-4f58-9140-53bb7696e889: receive RaftClientReply:client-6E43CC49A373->cccfaecc-560c-4f58-9140-53bb7696e889@group-5FC83EB0E599, cid=41, FAILED org.apache.ratis.protocol.NotLeaderException: Server cccfaecc-560c-4f58-9140-53bb7696e889@group-5FC83EB0E599 is not the leader c53771ff-a4da-40bc-be42-f397952cb81e:192.168.34.53:37384, logIndex=0, commits[cccfaecc-560c-4f58-9140-53bb7696e889:c10, c53771ff-a4da-40bc-be42-f397952cb81e:c10, 28f29a4c-baf6-4c40-b523-744acc0a8c83:c6]
2019-09-11 02:39:00,488 [java.util.concurrent.ThreadPoolExecutor$Worker@43a4256f[State = -1, empty queue]] WARN  server.GrpcLogAppender (GrpcLogAppender.java:timeoutAppendRequest(200)) - c53771ff-a4da-40bc-be42-f397952cb81e@group-5FC83EB0E599->28f29a4c-baf6-4c40-b523-744acc0a8c83-GrpcLogAppender: appendEntries Timeout, request=c53771ff-a4da-40bc-be42-f397952cb81e->28f29a4c-baf6-4c40-b523-744acc0a8c83#63-t1, previous=(t:1, i:16), leaderCommit=10, initializing? false, entries: <empty>
2019-09-11 02:39:00,488 [java.util.concurrent.ThreadPoolExecutor$Worker@f4f9fe6[State = -1, empty queue]] WARN  server.GrpcLogAppender (GrpcLogAppender.java:timeoutAppendRequest(200)) - c53771ff-a4da-40bc-be42-f397952cb81e@group-5FC83EB0E599->cccfaecc-560c-4f58-9140-53bb7696e889-GrpcLogAppender: appendEntries Timeout, request=c53771ff-a4da-40bc-be42-f397952cb81e->cccfaecc-560c-4f58-9140-53bb7696e889#63-t1, previous=(t:1, i:16), leaderCommit=10, initializing? false, entries: <empty>
2019-09-11 02:39:02,464 [28f29a4c-baf6-4c40-b523-744acc0a8c83@group-5FC83EB0E599-SegmentedRaftLogWorker] WARN  segmented.SegmentedRaftLogWorker (SegmentedRaftLogWorker.java:getFromFuture(90)) - Timeout 11/~
org.apache.ratis.protocol.TimeoutIOException: Timeout 10s: WriteLog:11: (t:1, i:11), STATEMACHINELOGENTRY, client-6E43CC49A373, cid=41-writeStateMachineData
	at org.apache.ratis.util.IOUtils.getFromFuture(IOUtils.java:87)
	at org.apache.ratis.server.raftlog.segmented.SegmentedRaftLogWorker$StateMachineDataPolicy.getFromFuture(SegmentedRaftLogWorker.java:87)
	at org.apache.ratis.server.raftlog.segmented.SegmentedRaftLogWorker$WriteLog.execute(SegmentedRaftLogWorker.java:477)
	at org.apache.ratis.server.raftlog.segmented.SegmentedRaftLogWorker.run(SegmentedRaftLogWorker.java:289)
	at java.lang.Thread.run(Thread.java:748)
Caused by: java.util.concurrent.TimeoutException
	at java.util.concurrent.CompletableFuture.timedGet(CompletableFuture.java:1771)
	at java.util.concurrent.CompletableFuture.get(CompletableFuture.java:1915)
	at org.apache.ratis.util.IOUtils.getFromFuture(IOUtils.java:79)
	... 4 more
2019-09-11 02:39:02,486 [cccfaecc-560c-4f58-9140-53bb7696e889@group-5FC83EB0E599-SegmentedRaftLogWorker] WARN  segmented.SegmentedRaftLogWorker (SegmentedRaftLogWorker.java:getFromFuture(90)) - Timeout 11/~
org.apache.ratis.protocol.TimeoutIOException: Timeout 10s: WriteLog:11: (t:1, i:11), STATEMACHINELOGENTRY, client-6E43CC49A373, cid=41-writeStateMachineData
	at org.apache.ratis.util.IOUtils.getFromFuture(IOUtils.java:87)
	at org.apache.ratis.server.raftlog.segmented.SegmentedRaftLogWorker$StateMachineDataPolicy.getFromFuture(SegmentedRaftLogWorker.java:87)
	at org.apache.ratis.server.raftlog.segmented.SegmentedRaftLogWorker$WriteLog.execute(SegmentedRaftLogWorker.java:477)
	at org.apache.ratis.server.raftlog.segmented.SegmentedRaftLogWorker.run(SegmentedRaftLogWorker.java:289)
	at java.lang.Thread.run(Thread.java:748)
Caused by: java.util.concurrent.TimeoutException
	at java.util.concurrent.CompletableFuture.timedGet(CompletableFuture.java:1771)
	at java.util.concurrent.CompletableFuture.get(CompletableFuture.java:1915)
	at org.apache.ratis.util.IOUtils.getFromFuture(IOUtils.java:79)
	... 4 more
2019-09-11 02:39:02,489 [org.apache.ratis.server.impl.LogAppender$AppenderDaemon$$Lambda$515/1517268026@39e722d2] ERROR ratis.XceiverServerRatis (XceiverServerRatis.java:triggerPipelineClose(568)) - pipeline Action CLOSE  on pipeline PipelineID=e24272a4-7e17-41b5-94a9-5fc83eb0e599.Reason : c53771ff-a4da-40bc-be42-f397952cb81e has not seen follower/s cccfaecc-560c-4f58-9140-53bb7696e889 for 120772ms 28f29a4c-baf6-4c40-b523-744acc0a8c83 for 120762ms
2019-09-11 02:39:02,489 [org.apache.ratis.server.impl.LogAppender$AppenderDaemon$$Lambda$515/1517268026@21a0e2bc] ERROR ratis.XceiverServerRatis (XceiverServerRatis.java:triggerPipelineClose(568)) - pipeline Action CLOSE  on pipeline PipelineID=e24272a4-7e17-41b5-94a9-5fc83eb0e599.Reason : c53771ff-a4da-40bc-be42-f397952cb81e has not seen follower/s cccfaecc-560c-4f58-9140-53bb7696e889 for 120772ms 28f29a4c-baf6-4c40-b523-744acc0a8c83 for 120762ms
2019-09-11 02:39:02,611 [c53771ff-a4da-40bc-be42-f397952cb81e@group-5FC83EB0E599-SegmentedRaftLogWorker] WARN  segmented.SegmentedRaftLogWorker (SegmentedRaftLogWorker.java:getFromFuture(90)) - Timeout 11/~
org.apache.ratis.protocol.TimeoutIOException: Timeout 10s: WriteLog:12: (t:1, i:12), STATEMACHINELOGENTRY, client-6E43CC49A373, cid=42-writeStateMachineData
	at org.apache.ratis.util.IOUtils.getFromFuture(IOUtils.java:87)
	at org.apache.ratis.server.raftlog.segmented.SegmentedRaftLogWorker$StateMachineDataPolicy.getFromFuture(SegmentedRaftLogWorker.java:87)
	at org.apache.ratis.server.raftlog.segmented.SegmentedRaftLogWorker$WriteLog.execute(SegmentedRaftLogWorker.java:477)
	at org.apache.ratis.server.raftlog.segmented.SegmentedRaftLogWorker.run(SegmentedRaftLogWorker.java:289)
	at java.lang.Thread.run(Thread.java:748)
Caused by: java.util.concurrent.TimeoutException
	at java.util.concurrent.CompletableFuture.timedGet(CompletableFuture.java:1771)
	at java.util.concurrent.CompletableFuture.get(CompletableFuture.java:1915)
	at org.apache.ratis.util.IOUtils.getFromFuture(IOUtils.java:79)
	... 4 more
2019-09-11 02:39:02,647 [EventQueue-PipelineActionsForPipelineActionHandler] ERROR pipeline.PipelineActionHandler (PipelineActionHandler.java:onMessage(60)) - Received pipeline action CLOSE for Pipeline[ Id: e24272a4-7e17-41b5-94a9-5fc83eb0e599, Nodes: cccfaecc-560c-4f58-9140-53bb7696e889{ip: 192.168.34.53, host: pr-hdds-2107-sbngl-2106859965, networkLocation: /default-rack, certSerialId: null}28f29a4c-baf6-4c40-b523-744acc0a8c83{ip: 192.168.34.53, host: pr-hdds-2107-sbngl-2106859965, networkLocation: /default-rack, certSerialId: null}c53771ff-a4da-40bc-be42-f397952cb81e{ip: 192.168.34.53, host: pr-hdds-2107-sbngl-2106859965, networkLocation: /default-rack, certSerialId: null}, Type:RATIS, Factor:THREE, State:OPEN] from datanode c53771ff-a4da-40bc-be42-f397952cb81e{ip: 192.168.34.53, host: pr-hdds-2107-sbngl-2106859965, networkLocation: /default-rack, certSerialId: null}. Reason : c53771ff-a4da-40bc-be42-f397952cb81e has not seen follower/s cccfaecc-560c-4f58-9140-53bb7696e889 for 120772ms 28f29a4c-baf6-4c40-b523-744acc0a8c83 for 120762ms
2019-09-11 02:39:02,647 [EventQueue-PipelineActionsForPipelineActionHandler] INFO  pipeline.SCMPipelineManager (SCMPipelineManager.java:finalizeAndDestroyPipeline(311)) - destroying pipeline:Pipeline[ Id: e24272a4-7e17-41b5-94a9-5fc83eb0e599, Nodes: cccfaecc-560c-4f58-9140-53bb7696e889{ip: 192.168.34.53, host: pr-hdds-2107-sbngl-2106859965, networkLocation: /default-rack, certSerialId: null}28f29a4c-baf6-4c40-b523-744acc0a8c83{ip: 192.168.34.53, host: pr-hdds-2107-sbngl-2106859965, networkLocation: /default-rack, certSerialId: null}c53771ff-a4da-40bc-be42-f397952cb81e{ip: 192.168.34.53, host: pr-hdds-2107-sbngl-2106859965, networkLocation: /default-rack, certSerialId: null}, Type:RATIS, Factor:THREE, State:OPEN]
2019-09-11 02:39:02,648 [EventQueue-PipelineActionsForPipelineActionHandler] INFO  pipeline.PipelineStateManager (PipelineStateManager.java:finalizePipeline(123)) - Pipeline Pipeline[ Id: e24272a4-7e17-41b5-94a9-5fc83eb0e599, Nodes: cccfaecc-560c-4f58-9140-53bb7696e889{ip: 192.168.34.53, host: pr-hdds-2107-sbngl-2106859965, networkLocation: /default-rack, certSerialId: null}28f29a4c-baf6-4c40-b523-744acc0a8c83{ip: 192.168.34.53, host: pr-hdds-2107-sbngl-2106859965, networkLocation: /default-rack, certSerialId: null}c53771ff-a4da-40bc-be42-f397952cb81e{ip: 192.168.34.53, host: pr-hdds-2107-sbngl-2106859965, networkLocation: /default-rack, certSerialId: null}, Type:RATIS, Factor:THREE, State:CLOSED] moved to CLOSED state
2019-09-11 02:39:02,648 [EventQueue-CloseContainerForCloseContainerEventHandler] INFO  container.CloseContainerEventHandler (CloseContainerEventHandler.java:onMessage(61)) - Close container Event triggered for container : #3
2019-09-11 02:39:02,650 [EventQueue-CloseContainerForCloseContainerEventHandler] INFO  container.CloseContainerEventHandler (CloseContainerEventHandler.java:onMessage(61)) - Close container Event triggered for container : #5
2019-09-11 02:39:02,988 [java.util.concurrent.ThreadPoolExecutor$Worker@f4f9fe6[State = -1, empty queue]] WARN  server.GrpcLogAppender (GrpcLogAppender.java:timeoutAppendRequest(200)) - c53771ff-a4da-40bc-be42-f397952cb81e@group-5FC83EB0E599->cccfaecc-560c-4f58-9140-53bb7696e889-GrpcLogAppender: appendEntries Timeout, request=c53771ff-a4da-40bc-be42-f397952cb81e->cccfaecc-560c-4f58-9140-53bb7696e889#64-t1, previous=(t:1, i:16), leaderCommit=10, initializing? false, entries: <empty>
2019-09-11 02:39:02,988 [java.util.concurrent.ThreadPoolExecutor$Worker@43a4256f[State = -1, empty queue]] WARN  server.GrpcLogAppender (GrpcLogAppender.java:timeoutAppendRequest(200)) - c53771ff-a4da-40bc-be42-f397952cb81e@group-5FC83EB0E599->28f29a4c-baf6-4c40-b523-744acc0a8c83-GrpcLogAppender: appendEntries Timeout, request=c53771ff-a4da-40bc-be42-f397952cb81e->28f29a4c-baf6-4c40-b523-744acc0a8c83#64-t1, previous=(t:1, i:16), leaderCommit=10, initializing? false, entries: <empty>
2019-09-11 02:39:03,548 [grpc-default-executor-8] INFO  client.GrpcClientProtocolClient (GrpcClientProtocolClient.java:onNext(264)) - client-6E43CC49A373->28f29a4c-baf6-4c40-b523-744acc0a8c83: receive RaftClientReply:client-6E43CC49A373->28f29a4c-baf6-4c40-b523-744acc0a8c83@group-5FC83EB0E599, cid=41, FAILED org.apache.ratis.protocol.NotLeaderException: Server 28f29a4c-baf6-4c40-b523-744acc0a8c83@group-5FC83EB0E599 is not the leader c53771ff-a4da-40bc-be42-f397952cb81e:192.168.34.53:37384, logIndex=0, commits[28f29a4c-baf6-4c40-b523-744acc0a8c83:c10, c53771ff-a4da-40bc-be42-f397952cb81e:c10, cccfaecc-560c-4f58-9140-53bb7696e889:c6]
2019-09-11 02:39:04,990 [org.apache.ratis.server.impl.LogAppender$AppenderDaemon$$Lambda$515/1517268026@21a0e2bc] ERROR ratis.XceiverServerRatis (XceiverServerRatis.java:triggerPipelineClose(568)) - pipeline Action CLOSE  on pipeline PipelineID=e24272a4-7e17-41b5-94a9-5fc83eb0e599.Reason : c53771ff-a4da-40bc-be42-f397952cb81e has not seen follower/s cccfaecc-560c-4f58-9140-53bb7696e889 for 123273ms 28f29a4c-baf6-4c40-b523-744acc0a8c83 for 123263ms
2019-09-11 02:39:04,990 [org.apache.ratis.server.impl.LogAppender$AppenderDaemon$$Lambda$515/1517268026@39e722d2] ERROR ratis.XceiverServerRatis (XceiverServerRatis.java:triggerPipelineClose(568)) - pipeline Action CLOSE  on pipeline PipelineID=e24272a4-7e17-41b5-94a9-5fc83eb0e599.Reason : c53771ff-a4da-40bc-be42-f397952cb81e has not seen follower/s cccfaecc-560c-4f58-9140-53bb7696e889 for 123273ms 28f29a4c-baf6-4c40-b523-744acc0a8c83 for 123263ms
2019-09-11 02:39:05,489 [java.util.concurrent.ThreadPoolExecutor$Worker@f4f9fe6[State = -1, empty queue]] WARN  server.GrpcLogAppender (GrpcLogAppender.java:timeoutAppendRequest(200)) - c53771ff-a4da-40bc-be42-f397952cb81e@group-5FC83EB0E599->cccfaecc-560c-4f58-9140-53bb7696e889-GrpcLogAppender: appendEntries Timeout, request=c53771ff-a4da-40bc-be42-f397952cb81e->cccfaecc-560c-4f58-9140-53bb7696e889#65-t1, previous=(t:1, i:16), leaderCommit=10, initializing? false, entries: <empty>
2019-09-11 02:39:05,489 [java.util.concurrent.ThreadPoolExecutor$Worker@43a4256f[State = -1, empty queue]] WARN  server.GrpcLogAppender (GrpcLogAppender.java:timeoutAppendRequest(200)) - c53771ff-a4da-40bc-be42-f397952cb81e@group-5FC83EB0E599->28f29a4c-baf6-4c40-b523-744acc0a8c83-GrpcLogAppender: appendEntries Timeout, request=c53771ff-a4da-40bc-be42-f397952cb81e->28f29a4c-baf6-4c40-b523-744acc0a8c83#65-t1, previous=(t:1, i:16), leaderCommit=10, initializing? false, entries: <empty>
2019-09-11 02:39:05,647 [EventQueue-PipelineActionsForPipelineActionHandler] ERROR pipeline.PipelineActionHandler (PipelineActionHandler.java:onMessage(60)) - Received pipeline action CLOSE for Pipeline[ Id: e24272a4-7e17-41b5-94a9-5fc83eb0e599, Nodes: cccfaecc-560c-4f58-9140-53bb7696e889{ip: 192.168.34.53, host: pr-hdds-2107-sbngl-2106859965, networkLocation: /default-rack, certSerialId: null}28f29a4c-baf6-4c40-b523-744acc0a8c83{ip: 192.168.34.53, host: pr-hdds-2107-sbngl-2106859965, networkLocation: /default-rack, certSerialId: null}c53771ff-a4da-40bc-be42-f397952cb81e{ip: 192.168.34.53, host: pr-hdds-2107-sbngl-2106859965, networkLocation: /default-rack, certSerialId: null}, Type:RATIS, Factor:THREE, State:CLOSED] from datanode c53771ff-a4da-40bc-be42-f397952cb81e{ip: 192.168.34.53, host: pr-hdds-2107-sbngl-2106859965, networkLocation: /default-rack, certSerialId: null}. Reason : c53771ff-a4da-40bc-be42-f397952cb81e has not seen follower/s cccfaecc-560c-4f58-9140-53bb7696e889 for 123273ms 28f29a4c-baf6-4c40-b523-744acc0a8c83 for 123263ms
2019-09-11 02:39:05,647 [EventQueue-PipelineActionsForPipelineActionHandler] INFO  pipeline.SCMPipelineManager (SCMPipelineManager.java:finalizeAndDestroyPipeline(311)) - destroying pipeline:Pipeline[ Id: e24272a4-7e17-41b5-94a9-5fc83eb0e599, Nodes: cccfaecc-560c-4f58-9140-53bb7696e889{ip: 192.168.34.53, host: pr-hdds-2107-sbngl-2106859965, networkLocation: /default-rack, certSerialId: null}28f29a4c-baf6-4c40-b523-744acc0a8c83{ip: 192.168.34.53, host: pr-hdds-2107-sbngl-2106859965, networkLocation: /default-rack, certSerialId: null}c53771ff-a4da-40bc-be42-f397952cb81e{ip: 192.168.34.53, host: pr-hdds-2107-sbngl-2106859965, networkLocation: /default-rack, certSerialId: null}, Type:RATIS, Factor:THREE, State:CLOSED]
2019-09-11 02:39:05,679 [org.apache.ratis.server.impl.LogAppender$AppenderDaemon$$Lambda$515/1517268026@21a0e2bc] ERROR ratis.XceiverServerRatis (XceiverServerRatis.java:triggerPipelineClose(568)) - pipeline Action CLOSE  on pipeline PipelineID=e24272a4-7e17-41b5-94a9-5fc83eb0e599.Reason : c53771ff-a4da-40bc-be42-f397952cb81e has not seen follower/s cccfaecc-560c-4f58-9140-53bb7696e889 for 123963ms 28f29a4c-baf6-4c40-b523-744acc0a8c83 for 123952ms
2019-09-11 02:39:05,679 [org.apache.ratis.server.impl.LogAppender$AppenderDaemon$$Lambda$515/1517268026@39e722d2] ERROR ratis.XceiverServerRatis (XceiverServerRatis.java:triggerPipelineClose(568)) - pipeline Action CLOSE  on pipeline PipelineID=e24272a4-7e17-41b5-94a9-5fc83eb0e599.Reason : c53771ff-a4da-40bc-be42-f397952cb81e has not seen follower/s cccfaecc-560c-4f58-9140-53bb7696e889 for 123963ms 28f29a4c-baf6-4c40-b523-744acc0a8c83 for 123952ms
2019-09-11 02:39:06,679 [EventQueue-PipelineActionsForPipelineActionHandler] ERROR pipeline.PipelineActionHandler (PipelineActionHandler.java:onMessage(60)) - Received pipeline action CLOSE for Pipeline[ Id: e24272a4-7e17-41b5-94a9-5fc83eb0e599, Nodes: cccfaecc-560c-4f58-9140-53bb7696e889{ip: 192.168.34.53, host: pr-hdds-2107-sbngl-2106859965, networkLocation: /default-rack, certSerialId: null}28f29a4c-baf6-4c40-b523-744acc0a8c83{ip: 192.168.34.53, host: pr-hdds-2107-sbngl-2106859965, networkLocation: /default-rack, certSerialId: null}c53771ff-a4da-40bc-be42-f397952cb81e{ip: 192.168.34.53, host: pr-hdds-2107-sbngl-2106859965, networkLocation: /default-rack, certSerialId: null}, Type:RATIS, Factor:THREE, State:CLOSED] from datanode c53771ff-a4da-40bc-be42-f397952cb81e{ip: 192.168.34.53, host: pr-hdds-2107-sbngl-2106859965, networkLocation: /default-rack, certSerialId: null}. Reason : c53771ff-a4da-40bc-be42-f397952cb81e has not seen follower/s cccfaecc-560c-4f58-9140-53bb7696e889 for 123963ms 28f29a4c-baf6-4c40-b523-744acc0a8c83 for 123952ms
2019-09-11 02:39:06,680 [EventQueue-PipelineActionsForPipelineActionHandler] INFO  pipeline.SCMPipelineManager (SCMPipelineManager.java:finalizeAndDestroyPipeline(311)) - destroying pipeline:Pipeline[ Id: e24272a4-7e17-41b5-94a9-5fc83eb0e599, Nodes: cccfaecc-560c-4f58-9140-53bb7696e889{ip: 192.168.34.53, host: pr-hdds-2107-sbngl-2106859965, networkLocation: /default-rack, certSerialId: null}28f29a4c-baf6-4c40-b523-744acc0a8c83{ip: 192.168.34.53, host: pr-hdds-2107-sbngl-2106859965, networkLocation: /default-rack, certSerialId: null}c53771ff-a4da-40bc-be42-f397952cb81e{ip: 192.168.34.53, host: pr-hdds-2107-sbngl-2106859965, networkLocation: /default-rack, certSerialId: null}, Type:RATIS, Factor:THREE, State:CLOSED]
2019-09-11 02:39:07,990 [java.util.concurrent.ThreadPoolExecutor$Worker@43a4256f[State = -1, empty queue]] WARN  server.GrpcLogAppender (GrpcLogAppender.java:timeoutAppendRequest(200)) - c53771ff-a4da-40bc-be42-f397952cb81e@group-5FC83EB0E599->28f29a4c-baf6-4c40-b523-744acc0a8c83-GrpcLogAppender: appendEntries Timeout, request=c53771ff-a4da-40bc-be42-f397952cb81e->28f29a4c-baf6-4c40-b523-744acc0a8c83#66-t1, previous=(t:1, i:16), leaderCommit=10, initializing? false, entries: <empty>
2019-09-11 02:39:07,990 [java.util.concurrent.ThreadPoolExecutor$Worker@f4f9fe6[State = -1, empty queue]] WARN  server.GrpcLogAppender (GrpcLogAppender.java:timeoutAppendRequest(200)) - c53771ff-a4da-40bc-be42-f397952cb81e@group-5FC83EB0E599->cccfaecc-560c-4f58-9140-53bb7696e889-GrpcLogAppender: appendEntries Timeout, request=c53771ff-a4da-40bc-be42-f397952cb81e->cccfaecc-560c-4f58-9140-53bb7696e889#66-t1, previous=(t:1, i:16), leaderCommit=10, initializing? false, entries: <empty>
2019-09-11 02:39:08,181 [org.apache.ratis.server.impl.LogAppender$AppenderDaemon$$Lambda$515/1517268026@21a0e2bc] ERROR ratis.XceiverServerRatis (XceiverServerRatis.java:triggerPipelineClose(568)) - pipeline Action CLOSE  on pipeline PipelineID=e24272a4-7e17-41b5-94a9-5fc83eb0e599.Reason : c53771ff-a4da-40bc-be42-f397952cb81e has not seen follower/s cccfaecc-560c-4f58-9140-53bb7696e889 for 126464ms 28f29a4c-baf6-4c40-b523-744acc0a8c83 for 126454ms
2019-09-11 02:39:08,181 [org.apache.ratis.server.impl.LogAppender$AppenderDaemon$$Lambda$515/1517268026@39e722d2] ERROR ratis.XceiverServerRatis (XceiverServerRatis.java:triggerPipelineClose(568)) - pipeline Action CLOSE  on pipeline PipelineID=e24272a4-7e17-41b5-94a9-5fc83eb0e599.Reason : c53771ff-a4da-40bc-be42-f397952cb81e has not seen follower/s cccfaecc-560c-4f58-9140-53bb7696e889 for 126464ms 28f29a4c-baf6-4c40-b523-744acc0a8c83 for 126454ms
2019-09-11 02:39:08,617 [grpc-default-executor-7] INFO  client.GrpcClientProtocolClient (GrpcClientProtocolClient.java:onNext(264)) - client-6E43CC49A373->28f29a4c-baf6-4c40-b523-744acc0a8c83: receive RaftClientReply:client-6E43CC49A373->28f29a4c-baf6-4c40-b523-744acc0a8c83@group-5FC83EB0E599, cid=41, FAILED org.apache.ratis.protocol.NotLeaderException: Server 28f29a4c-baf6-4c40-b523-744acc0a8c83@group-5FC83EB0E599 is not the leader c53771ff-a4da-40bc-be42-f397952cb81e:192.168.34.53:37384, logIndex=0, commits[28f29a4c-baf6-4c40-b523-744acc0a8c83:c10, c53771ff-a4da-40bc-be42-f397952cb81e:c10, cccfaecc-560c-4f58-9140-53bb7696e889:c6]
2019-09-11 02:39:08,678 [EventQueue-PipelineActionsForPipelineActionHandler] ERROR pipeline.PipelineActionHandler (PipelineActionHandler.java:onMessage(60)) - Received pipeline action CLOSE for Pipeline[ Id: e24272a4-7e17-41b5-94a9-5fc83eb0e599, Nodes: cccfaecc-560c-4f58-9140-53bb7696e889{ip: 192.168.34.53, host: pr-hdds-2107-sbngl-2106859965, networkLocation: /default-rack, certSerialId: null}28f29a4c-baf6-4c40-b523-744acc0a8c83{ip: 192.168.34.53, host: pr-hdds-2107-sbngl-2106859965, networkLocation: /default-rack, certSerialId: null}c53771ff-a4da-40bc-be42-f397952cb81e{ip: 192.168.34.53, host: pr-hdds-2107-sbngl-2106859965, networkLocation: /default-rack, certSerialId: null}, Type:RATIS, Factor:THREE, State:CLOSED] from datanode c53771ff-a4da-40bc-be42-f397952cb81e{ip: 192.168.34.53, host: pr-hdds-2107-sbngl-2106859965, networkLocation: /default-rack, certSerialId: null}. Reason : c53771ff-a4da-40bc-be42-f397952cb81e has not seen follower/s cccfaecc-560c-4f58-9140-53bb7696e889 for 126464ms 28f29a4c-baf6-4c40-b523-744acc0a8c83 for 126454ms
2019-09-11 02:39:08,678 [EventQueue-PipelineActionsForPipelineActionHandler] INFO  pipeline.SCMPipelineManager (SCMPipelineManager.java:finalizeAndDestroyPipeline(311)) - destroying pipeline:Pipeline[ Id: e24272a4-7e17-41b5-94a9-5fc83eb0e599, Nodes: cccfaecc-560c-4f58-9140-53bb7696e889{ip: 192.168.34.53, host: pr-hdds-2107-sbngl-2106859965, networkLocation: /default-rack, certSerialId: null}28f29a4c-baf6-4c40-b523-744acc0a8c83{ip: 192.168.34.53, host: pr-hdds-2107-sbngl-2106859965, networkLocation: /default-rack, certSerialId: null}c53771ff-a4da-40bc-be42-f397952cb81e{ip: 192.168.34.53, host: pr-hdds-2107-sbngl-2106859965, networkLocation: /default-rack, certSerialId: null}, Type:RATIS, Factor:THREE, State:CLOSED]
2019-09-11 02:39:08,679 [java.util.concurrent.ThreadPoolExecutor$Worker@f4f9fe6[State = -1, empty queue]] WARN  server.GrpcLogAppender (GrpcLogAppender.java:timeoutAppendRequest(200)) - c53771ff-a4da-40bc-be42-f397952cb81e@group-5FC83EB0E599->cccfaecc-560c-4f58-9140-53bb7696e889-GrpcLogAppender: appendEntries Timeout, request=c53771ff-a4da-40bc-be42-f397952cb81e->cccfaecc-560c-4f58-9140-53bb7696e889#67-t1, previous=(t:1, i:16), leaderCommit=10, initializing? false, entries: size=1, first=(t:1, i:17), STATEMACHINELOGENTRY, client-8D1A1ADF2DAB, cid=9
2019-09-11 02:39:08,679 [java.util.concurrent.ThreadPoolExecutor$Worker@43a4256f[State = -1, empty queue]] WARN  server.GrpcLogAppender (GrpcLogAppender.java:timeoutAppendRequest(200)) - c53771ff-a4da-40bc-be42-f397952cb81e@group-5FC83EB0E599->28f29a4c-baf6-4c40-b523-744acc0a8c83-GrpcLogAppender: appendEntries Timeout, request=c53771ff-a4da-40bc-be42-f397952cb81e->28f29a4c-baf6-4c40-b523-744acc0a8c83#67-t1, previous=(t:1, i:16), leaderCommit=10, initializing? false, entries: size=1, first=(t:1, i:17), STATEMACHINELOGENTRY, client-8D1A1ADF2DAB, cid=9
2019-09-11 02:39:10,681 [org.apache.ratis.server.impl.LogAppender$AppenderDaemon$$Lambda$515/1517268026@39e722d2] ERROR ratis.XceiverServerRatis (XceiverServerRatis.java:triggerPipelineClose(568)) - pipeline Action CLOSE  on pipeline PipelineID=e24272a4-7e17-41b5-94a9-5fc83eb0e599.Reason : c53771ff-a4da-40bc-be42-f397952cb81e has not seen follower/s cccfaecc-560c-4f58-9140-53bb7696e889 for 128965ms 28f29a4c-baf6-4c40-b523-744acc0a8c83 for 128954ms
2019-09-11 02:39:10,681 [org.apache.ratis.server.impl.LogAppender$AppenderDaemon$$Lambda$515/1517268026@21a0e2bc] ERROR ratis.XceiverServerRatis (XceiverServerRatis.java:triggerPipelineClose(568)) - pipeline Action CLOSE  on pipeline PipelineID=e24272a4-7e17-41b5-94a9-5fc83eb0e599.Reason : c53771ff-a4da-40bc-be42-f397952cb81e has not seen follower/s cccfaecc-560c-4f58-9140-53bb7696e889 for 128965ms 28f29a4c-baf6-4c40-b523-744acc0a8c83 for 128954ms
2019-09-11 02:39:11,181 [java.util.concurrent.ThreadPoolExecutor$Worker@f4f9fe6[State = -1, empty queue]] WARN  server.GrpcLogAppender (GrpcLogAppender.java:timeoutAppendRequest(200)) - c53771ff-a4da-40bc-be42-f397952cb81e@group-5FC83EB0E599->cccfaecc-560c-4f58-9140-53bb7696e889-GrpcLogAppender: appendEntries Timeout, request=c53771ff-a4da-40bc-be42-f397952cb81e->cccfaecc-560c-4f58-9140-53bb7696e889#68-t1, previous=(t:1, i:17), leaderCommit=10, initializing? false, entries: <empty>
2019-09-11 02:39:11,181 [java.util.concurrent.ThreadPoolExecutor$Worker@43a4256f[State = -1, empty queue]] WARN  server.GrpcLogAppender (GrpcLogAppender.java:timeoutAppendRequest(200)) - c53771ff-a4da-40bc-be42-f397952cb81e@group-5FC83EB0E599->28f29a4c-baf6-4c40-b523-744acc0a8c83-GrpcLogAppender: appendEntries Timeout, request=c53771ff-a4da-40bc-be42-f397952cb81e->28f29a4c-baf6-4c40-b523-744acc0a8c83#68-t1, previous=(t:1, i:17), leaderCommit=10, initializing? false, entries: <empty>
2019-09-11 02:39:11,678 [EventQueue-PipelineActionsForPipelineActionHandler] ERROR pipeline.PipelineActionHandler (PipelineActionHandler.java:onMessage(60)) - Received pipeline action CLOSE for Pipeline[ Id: e24272a4-7e17-41b5-94a9-5fc83eb0e599, Nodes: cccfaecc-560c-4f58-9140-53bb7696e889{ip: 192.168.34.53, host: pr-hdds-2107-sbngl-2106859965, networkLocation: /default-rack, certSerialId: null}28f29a4c-baf6-4c40-b523-744acc0a8c83{ip: 192.168.34.53, host: pr-hdds-2107-sbngl-2106859965, networkLocation: /default-rack, certSerialId: null}c53771ff-a4da-40bc-be42-f397952cb81e{ip: 192.168.34.53, host: pr-hdds-2107-sbngl-2106859965, networkLocation: /default-rack, certSerialId: null}, Type:RATIS, Factor:THREE, State:CLOSED] from datanode c53771ff-a4da-40bc-be42-f397952cb81e{ip: 192.168.34.53, host: pr-hdds-2107-sbngl-2106859965, networkLocation: /default-rack, certSerialId: null}. Reason : c53771ff-a4da-40bc-be42-f397952cb81e has not seen follower/s cccfaecc-560c-4f58-9140-53bb7696e889 for 128965ms 28f29a4c-baf6-4c40-b523-744acc0a8c83 for 128954ms
2019-09-11 02:39:11,679 [EventQueue-PipelineActionsForPipelineActionHandler] INFO  pipeline.SCMPipelineManager (SCMPipelineManager.java:finalizeAndDestroyPipeline(311)) - destroying pipeline:Pipeline[ Id: e24272a4-7e17-41b5-94a9-5fc83eb0e599, Nodes: cccfaecc-560c-4f58-9140-53bb7696e889{ip: 192.168.34.53, host: pr-hdds-2107-sbngl-2106859965, networkLocation: /default-rack, certSerialId: null}28f29a4c-baf6-4c40-b523-744acc0a8c83{ip: 192.168.34.53, host: pr-hdds-2107-sbngl-2106859965, networkLocation: /default-rack, certSerialId: null}c53771ff-a4da-40bc-be42-f397952cb81e{ip: 192.168.34.53, host: pr-hdds-2107-sbngl-2106859965, networkLocation: /default-rack, certSerialId: null}, Type:RATIS, Factor:THREE, State:CLOSED]
2019-09-11 02:39:12,466 [28f29a4c-baf6-4c40-b523-744acc0a8c83@group-5FC83EB0E599-SegmentedRaftLogWorker] WARN  segmented.SegmentedRaftLogWorker (SegmentedRaftLogWorker.java:getFromFuture(90)) - Timeout 12/~
org.apache.ratis.protocol.TimeoutIOException: Timeout 10s: WriteLog:11: (t:1, i:11), STATEMACHINELOGENTRY, client-6E43CC49A373, cid=41-writeStateMachineData
	at org.apache.ratis.util.IOUtils.getFromFuture(IOUtils.java:87)
	at org.apache.ratis.server.raftlog.segmented.SegmentedRaftLogWorker$StateMachineDataPolicy.getFromFuture(SegmentedRaftLogWorker.java:87)
	at org.apache.ratis.server.raftlog.segmented.SegmentedRaftLogWorker$WriteLog.execute(SegmentedRaftLogWorker.java:477)
	at org.apache.ratis.server.raftlog.segmented.SegmentedRaftLogWorker.run(SegmentedRaftLogWorker.java:289)
	at java.lang.Thread.run(Thread.java:748)
Caused by: java.util.concurrent.TimeoutException
	at java.util.concurrent.CompletableFuture.timedGet(CompletableFuture.java:1771)
	at java.util.concurrent.CompletableFuture.get(CompletableFuture.java:1915)
	at org.apache.ratis.util.IOUtils.getFromFuture(IOUtils.java:79)
	... 4 more
2019-09-11 02:39:12,487 [cccfaecc-560c-4f58-9140-53bb7696e889@group-5FC83EB0E599-SegmentedRaftLogWorker] WARN  segmented.SegmentedRaftLogWorker (SegmentedRaftLogWorker.java:getFromFuture(90)) - Timeout 12/~
org.apache.ratis.protocol.TimeoutIOException: Timeout 10s: WriteLog:11: (t:1, i:11), STATEMACHINELOGENTRY, client-6E43CC49A373, cid=41-writeStateMachineData
	at org.apache.ratis.util.IOUtils.getFromFuture(IOUtils.java:87)
	at org.apache.ratis.server.raftlog.segmented.SegmentedRaftLogWorker$StateMachineDataPolicy.getFromFuture(SegmentedRaftLogWorker.java:87)
	at org.apache.ratis.server.raftlog.segmented.SegmentedRaftLogWorker$WriteLog.execute(SegmentedRaftLogWorker.java:477)
	at org.apache.ratis.server.raftlog.segmented.SegmentedRaftLogWorker.run(SegmentedRaftLogWorker.java:289)
	at java.lang.Thread.run(Thread.java:748)
Caused by: java.util.concurrent.TimeoutException
	at java.util.concurrent.CompletableFuture.timedGet(CompletableFuture.java:1771)
	at java.util.concurrent.CompletableFuture.get(CompletableFuture.java:1915)
	at org.apache.ratis.util.IOUtils.getFromFuture(IOUtils.java:79)
	... 4 more
2019-09-11 02:39:12,612 [c53771ff-a4da-40bc-be42-f397952cb81e@group-5FC83EB0E599-SegmentedRaftLogWorker] WARN  segmented.SegmentedRaftLogWorker (SegmentedRaftLogWorker.java:getFromFuture(90)) - Timeout 12/~
org.apache.ratis.protocol.TimeoutIOException: Timeout 10s: WriteLog:12: (t:1, i:12), STATEMACHINELOGENTRY, client-6E43CC49A373, cid=42-writeStateMachineData
	at org.apache.ratis.util.IOUtils.getFromFuture(IOUtils.java:87)
	at org.apache.ratis.server.raftlog.segmented.SegmentedRaftLogWorker$StateMachineDataPolicy.getFromFuture(SegmentedRaftLogWorker.java:87)
	at org.apache.ratis.server.raftlog.segmented.SegmentedRaftLogWorker$WriteLog.execute(SegmentedRaftLogWorker.java:477)
	at org.apache.ratis.server.raftlog.segmented.SegmentedRaftLogWorker.run(SegmentedRaftLogWorker.java:289)
	at java.lang.Thread.run(Thread.java:748)
Caused by: java.util.concurrent.TimeoutException
	at java.util.concurrent.CompletableFuture.timedGet(CompletableFuture.java:1771)
	at java.util.concurrent.CompletableFuture.get(CompletableFuture.java:1915)
	at org.apache.ratis.util.IOUtils.getFromFuture(IOUtils.java:79)
	... 4 more
2019-09-11 02:39:13,182 [org.apache.ratis.server.impl.LogAppender$AppenderDaemon$$Lambda$515/1517268026@39e722d2] ERROR ratis.XceiverServerRatis (XceiverServerRatis.java:triggerPipelineClose(568)) - pipeline Action CLOSE  on pipeline PipelineID=e24272a4-7e17-41b5-94a9-5fc83eb0e599.Reason : c53771ff-a4da-40bc-be42-f397952cb81e has not seen follower/s cccfaecc-560c-4f58-9140-53bb7696e889 for 131465ms 28f29a4c-baf6-4c40-b523-744acc0a8c83 for 131455ms
2019-09-11 02:39:13,182 [org.apache.ratis.server.impl.LogAppender$AppenderDaemon$$Lambda$515/1517268026@21a0e2bc] ERROR ratis.XceiverServerRatis (XceiverServerRatis.java:triggerPipelineClose(568)) - pipeline Action CLOSE  on pipeline PipelineID=e24272a4-7e17-41b5-94a9-5fc83eb0e599.Reason : c53771ff-a4da-40bc-be42-f397952cb81e has not seen follower/s cccfaecc-560c-4f58-9140-53bb7696e889 for 131465ms 28f29a4c-baf6-4c40-b523-744acc0a8c83 for 131455ms
2019-09-11 02:39:13,667 [grpc-default-executor-8] INFO  client.GrpcClientProtocolClient (GrpcClientProtocolClient.java:onNext(264)) - client-6E43CC49A373->cccfaecc-560c-4f58-9140-53bb7696e889: receive RaftClientReply:client-6E43CC49A373->cccfaecc-560c-4f58-9140-53bb7696e889@group-5FC83EB0E599, cid=41, FAILED org.apache.ratis.protocol.NotLeaderException: Server cccfaecc-560c-4f58-9140-53bb7696e889@group-5FC83EB0E599 is not the leader c53771ff-a4da-40bc-be42-f397952cb81e:192.168.34.53:37384, logIndex=0, commits[cccfaecc-560c-4f58-9140-53bb7696e889:c10, c53771ff-a4da-40bc-be42-f397952cb81e:c10, 28f29a4c-baf6-4c40-b523-744acc0a8c83:c6]
2019-09-11 02:39:13,679 [EventQueue-PipelineActionsForPipelineActionHandler] ERROR pipeline.PipelineActionHandler (PipelineActionHandler.java:onMessage(60)) - Received pipeline action CLOSE for Pipeline[ Id: e24272a4-7e17-41b5-94a9-5fc83eb0e599, Nodes: cccfaecc-560c-4f58-9140-53bb7696e889{ip: 192.168.34.53, host: pr-hdds-2107-sbngl-2106859965, networkLocation: /default-rack, certSerialId: null}28f29a4c-baf6-4c40-b523-744acc0a8c83{ip: 192.168.34.53, host: pr-hdds-2107-sbngl-2106859965, networkLocation: /default-rack, certSerialId: null}c53771ff-a4da-40bc-be42-f397952cb81e{ip: 192.168.34.53, host: pr-hdds-2107-sbngl-2106859965, networkLocation: /default-rack, certSerialId: null}, Type:RATIS, Factor:THREE, State:CLOSED] from datanode c53771ff-a4da-40bc-be42-f397952cb81e{ip: 192.168.34.53, host: pr-hdds-2107-sbngl-2106859965, networkLocation: /default-rack, certSerialId: null}. Reason : c53771ff-a4da-40bc-be42-f397952cb81e has not seen follower/s cccfaecc-560c-4f58-9140-53bb7696e889 for 131465ms 28f29a4c-baf6-4c40-b523-744acc0a8c83 for 131455ms
2019-09-11 02:39:13,679 [EventQueue-PipelineActionsForPipelineActionHandler] INFO  pipeline.SCMPipelineManager (SCMPipelineManager.java:finalizeAndDestroyPipeline(311)) - destroying pipeline:Pipeline[ Id: e24272a4-7e17-41b5-94a9-5fc83eb0e599, Nodes: cccfaecc-560c-4f58-9140-53bb7696e889{ip: 192.168.34.53, host: pr-hdds-2107-sbngl-2106859965, networkLocation: /default-rack, certSerialId: null}28f29a4c-baf6-4c40-b523-744acc0a8c83{ip: 192.168.34.53, host: pr-hdds-2107-sbngl-2106859965, networkLocation: /default-rack, certSerialId: null}c53771ff-a4da-40bc-be42-f397952cb81e{ip: 192.168.34.53, host: pr-hdds-2107-sbngl-2106859965, networkLocation: /default-rack, certSerialId: null}, Type:RATIS, Factor:THREE, State:CLOSED]
2019-09-11 02:39:13,681 [java.util.concurrent.ThreadPoolExecutor$Worker@f4f9fe6[State = -1, empty queue]] WARN  server.GrpcLogAppender (GrpcLogAppender.java:timeoutAppendRequest(200)) - c53771ff-a4da-40bc-be42-f397952cb81e@group-5FC83EB0E599->cccfaecc-560c-4f58-9140-53bb7696e889-GrpcLogAppender: appendEntries Timeout, request=c53771ff-a4da-40bc-be42-f397952cb81e->cccfaecc-560c-4f58-9140-53bb7696e889#69-t1, previous=(t:1, i:17), leaderCommit=10, initializing? false, entries: <empty>
2019-09-11 02:39:13,681 [java.util.concurrent.ThreadPoolExecutor$Worker@43a4256f[State = -1, empty queue]] WARN  server.GrpcLogAppender (GrpcLogAppender.java:timeoutAppendRequest(200)) - c53771ff-a4da-40bc-be42-f397952cb81e@group-5FC83EB0E599->28f29a4c-baf6-4c40-b523-744acc0a8c83-GrpcLogAppender: appendEntries Timeout, request=c53771ff-a4da-40bc-be42-f397952cb81e->28f29a4c-baf6-4c40-b523-744acc0a8c83#69-t1, previous=(t:1, i:17), leaderCommit=10, initializing? false, entries: <empty>
2019-09-11 02:39:15,684 [org.apache.ratis.server.impl.LogAppender$AppenderDaemon$$Lambda$515/1517268026@39e722d2] ERROR ratis.XceiverServerRatis (XceiverServerRatis.java:triggerPipelineClose(568)) - pipeline Action CLOSE  on pipeline PipelineID=e24272a4-7e17-41b5-94a9-5fc83eb0e599.Reason : c53771ff-a4da-40bc-be42-f397952cb81e has not seen follower/s cccfaecc-560c-4f58-9140-53bb7696e889 for 133968ms 28f29a4c-baf6-4c40-b523-744acc0a8c83 for 133957ms
2019-09-11 02:39:15,685 [org.apache.ratis.server.impl.LogAppender$AppenderDaemon$$Lambda$515/1517268026@21a0e2bc] ERROR ratis.XceiverServerRatis (XceiverServerRatis.java:triggerPipelineClose(568)) - pipeline Action CLOSE  on pipeline PipelineID=e24272a4-7e17-41b5-94a9-5fc83eb0e599.Reason : c53771ff-a4da-40bc-be42-f397952cb81e has not seen follower/s cccfaecc-560c-4f58-9140-53bb7696e889 for 133968ms 28f29a4c-baf6-4c40-b523-744acc0a8c83 for 133957ms
2019-09-11 02:39:16,182 [java.util.concurrent.ThreadPoolExecutor$Worker@f4f9fe6[State = -1, empty queue]] WARN  server.GrpcLogAppender (GrpcLogAppender.java:timeoutAppendRequest(200)) - c53771ff-a4da-40bc-be42-f397952cb81e@group-5FC83EB0E599->cccfaecc-560c-4f58-9140-53bb7696e889-GrpcLogAppender: appendEntries Timeout, request=c53771ff-a4da-40bc-be42-f397952cb81e->cccfaecc-560c-4f58-9140-53bb7696e889#70-t1, previous=(t:1, i:17), leaderCommit=10, initializing? false, entries: <empty>
2019-09-11 02:39:16,182 [java.util.concurrent.ThreadPoolExecutor$Worker@43a4256f[State = -1, empty queue]] WARN  server.GrpcLogAppender (GrpcLogAppender.java:timeoutAppendRequest(200)) - c53771ff-a4da-40bc-be42-f397952cb81e@group-5FC83EB0E599->28f29a4c-baf6-4c40-b523-744acc0a8c83-GrpcLogAppender: appendEntries Timeout, request=c53771ff-a4da-40bc-be42-f397952cb81e->28f29a4c-baf6-4c40-b523-744acc0a8c83#70-t1, previous=(t:1, i:17), leaderCommit=10, initializing? false, entries: <empty>
2019-09-11 02:39:16,677 [EventQueue-PipelineActionsForPipelineActionHandler] ERROR pipeline.PipelineActionHandler (PipelineActionHandler.java:onMessage(60)) - Received pipeline action CLOSE for Pipeline[ Id: e24272a4-7e17-41b5-94a9-5fc83eb0e599, Nodes: cccfaecc-560c-4f58-9140-53bb7696e889{ip: 192.168.34.53, host: pr-hdds-2107-sbngl-2106859965, networkLocation: /default-rack, certSerialId: null}28f29a4c-baf6-4c40-b523-744acc0a8c83{ip: 192.168.34.53, host: pr-hdds-2107-sbngl-2106859965, networkLocation: /default-rack, certSerialId: null}c53771ff-a4da-40bc-be42-f397952cb81e{ip: 192.168.34.53, host: pr-hdds-2107-sbngl-2106859965, networkLocation: /default-rack, certSerialId: null}, Type:RATIS, Factor:THREE, State:CLOSED] from datanode c53771ff-a4da-40bc-be42-f397952cb81e{ip: 192.168.34.53, host: pr-hdds-2107-sbngl-2106859965, networkLocation: /default-rack, certSerialId: null}. Reason : c53771ff-a4da-40bc-be42-f397952cb81e has not seen follower/s cccfaecc-560c-4f58-9140-53bb7696e889 for 133968ms 28f29a4c-baf6-4c40-b523-744acc0a8c83 for 133957ms
2019-09-11 02:39:16,677 [EventQueue-PipelineActionsForPipelineActionHandler] INFO  pipeline.SCMPipelineManager (SCMPipelineManager.java:finalizeAndDestroyPipeline(311)) - destroying pipeline:Pipeline[ Id: e24272a4-7e17-41b5-94a9-5fc83eb0e599, Nodes: cccfaecc-560c-4f58-9140-53bb7696e889{ip: 192.168.34.53, host: pr-hdds-2107-sbngl-2106859965, networkLocation: /default-rack, certSerialId: null}28f29a4c-baf6-4c40-b523-744acc0a8c83{ip: 192.168.34.53, host: pr-hdds-2107-sbngl-2106859965, networkLocation: /default-rack, certSerialId: null}c53771ff-a4da-40bc-be42-f397952cb81e{ip: 192.168.34.53, host: pr-hdds-2107-sbngl-2106859965, networkLocation: /default-rack, certSerialId: null}, Type:RATIS, Factor:THREE, State:CLOSED]
2019-09-11 02:39:18,185 [org.apache.ratis.server.impl.LogAppender$AppenderDaemon$$Lambda$515/1517268026@39e722d2] ERROR ratis.XceiverServerRatis (XceiverServerRatis.java:triggerPipelineClose(568)) - pipeline Action CLOSE  on pipeline PipelineID=e24272a4-7e17-41b5-94a9-5fc83eb0e599.Reason : c53771ff-a4da-40bc-be42-f397952cb81e has not seen follower/s cccfaecc-560c-4f58-9140-53bb7696e889 for 136469ms 28f29a4c-baf6-4c40-b523-744acc0a8c83 for 136458ms
2019-09-11 02:39:18,185 [org.apache.ratis.server.impl.LogAppender$AppenderDaemon$$Lambda$515/1517268026@21a0e2bc] ERROR ratis.XceiverServerRatis (XceiverServerRatis.java:triggerPipelineClose(568)) - pipeline Action CLOSE  on pipeline PipelineID=e24272a4-7e17-41b5-94a9-5fc83eb0e599.Reason : c53771ff-a4da-40bc-be42-f397952cb81e has not seen follower/s cccfaecc-560c-4f58-9140-53bb7696e889 for 136469ms 28f29a4c-baf6-4c40-b523-744acc0a8c83 for 136458ms
2019-09-11 02:39:18,677 [EventQueue-PipelineActionsForPipelineActionHandler] ERROR pipeline.PipelineActionHandler (PipelineActionHandler.java:onMessage(60)) - Received pipeline action CLOSE for Pipeline[ Id: e24272a4-7e17-41b5-94a9-5fc83eb0e599, Nodes: cccfaecc-560c-4f58-9140-53bb7696e889{ip: 192.168.34.53, host: pr-hdds-2107-sbngl-2106859965, networkLocation: /default-rack, certSerialId: null}28f29a4c-baf6-4c40-b523-744acc0a8c83{ip: 192.168.34.53, host: pr-hdds-2107-sbngl-2106859965, networkLocation: /default-rack, certSerialId: null}c53771ff-a4da-40bc-be42-f397952cb81e{ip: 192.168.34.53, host: pr-hdds-2107-sbngl-2106859965, networkLocation: /default-rack, certSerialId: null}, Type:RATIS, Factor:THREE, State:CLOSED] from datanode c53771ff-a4da-40bc-be42-f397952cb81e{ip: 192.168.34.53, host: pr-hdds-2107-sbngl-2106859965, networkLocation: /default-rack, certSerialId: null}. Reason : c53771ff-a4da-40bc-be42-f397952cb81e has not seen follower/s cccfaecc-560c-4f58-9140-53bb7696e889 for 136469ms 28f29a4c-baf6-4c40-b523-744acc0a8c83 for 136458ms
2019-09-11 02:39:18,677 [EventQueue-PipelineActionsForPipelineActionHandler] INFO  pipeline.SCMPipelineManager (SCMPipelineManager.java:finalizeAndDestroyPipeline(311)) - destroying pipeline:Pipeline[ Id: e24272a4-7e17-41b5-94a9-5fc83eb0e599, Nodes: cccfaecc-560c-4f58-9140-53bb7696e889{ip: 192.168.34.53, host: pr-hdds-2107-sbngl-2106859965, networkLocation: /default-rack, certSerialId: null}28f29a4c-baf6-4c40-b523-744acc0a8c83{ip: 192.168.34.53, host: pr-hdds-2107-sbngl-2106859965, networkLocation: /default-rack, certSerialId: null}c53771ff-a4da-40bc-be42-f397952cb81e{ip: 192.168.34.53, host: pr-hdds-2107-sbngl-2106859965, networkLocation: /default-rack, certSerialId: null}, Type:RATIS, Factor:THREE, State:CLOSED]
2019-09-11 02:39:18,684 [java.util.concurrent.ThreadPoolExecutor$Worker@43a4256f[State = -1, empty queue]] WARN  server.GrpcLogAppender (GrpcLogAppender.java:timeoutAppendRequest(200)) - c53771ff-a4da-40bc-be42-f397952cb81e@group-5FC83EB0E599->28f29a4c-baf6-4c40-b523-744acc0a8c83-GrpcLogAppender: appendEntries Timeout, request=c53771ff-a4da-40bc-be42-f397952cb81e->28f29a4c-baf6-4c40-b523-744acc0a8c83#71-t1, previous=(t:1, i:17), leaderCommit=10, initializing? false, entries: <empty>
2019-09-11 02:39:18,684 [java.util.concurrent.ThreadPoolExecutor$Worker@f4f9fe6[State = -1, empty queue]] WARN  server.GrpcLogAppender (GrpcLogAppender.java:timeoutAppendRequest(200)) - c53771ff-a4da-40bc-be42-f397952cb81e@group-5FC83EB0E599->cccfaecc-560c-4f58-9140-53bb7696e889-GrpcLogAppender: appendEntries Timeout, request=c53771ff-a4da-40bc-be42-f397952cb81e->cccfaecc-560c-4f58-9140-53bb7696e889#71-t1, previous=(t:1, i:17), leaderCommit=10, initializing? false, entries: <empty>
2019-09-11 02:39:18,718 [grpc-default-executor-7] INFO  client.GrpcClientProtocolClient (GrpcClientProtocolClient.java:onNext(264)) - client-6E43CC49A373->28f29a4c-baf6-4c40-b523-744acc0a8c83: receive RaftClientReply:client-6E43CC49A373->28f29a4c-baf6-4c40-b523-744acc0a8c83@group-5FC83EB0E599, cid=41, FAILED org.apache.ratis.protocol.NotLeaderException: Server 28f29a4c-baf6-4c40-b523-744acc0a8c83@group-5FC83EB0E599 is not the leader c53771ff-a4da-40bc-be42-f397952cb81e:192.168.34.53:37384, logIndex=0, commits[28f29a4c-baf6-4c40-b523-744acc0a8c83:c10, c53771ff-a4da-40bc-be42-f397952cb81e:c10, cccfaecc-560c-4f58-9140-53bb7696e889:c6]
2019-09-11 02:39:20,686 [org.apache.ratis.server.impl.LogAppender$AppenderDaemon$$Lambda$515/1517268026@39e722d2] ERROR ratis.XceiverServerRatis (XceiverServerRatis.java:triggerPipelineClose(568)) - pipeline Action CLOSE  on pipeline PipelineID=e24272a4-7e17-41b5-94a9-5fc83eb0e599.Reason : c53771ff-a4da-40bc-be42-f397952cb81e has not seen follower/s cccfaecc-560c-4f58-9140-53bb7696e889 for 138970ms 28f29a4c-baf6-4c40-b523-744acc0a8c83 for 138959ms
2019-09-11 02:39:20,686 [org.apache.ratis.server.impl.LogAppender$AppenderDaemon$$Lambda$515/1517268026@21a0e2bc] ERROR ratis.XceiverServerRatis (XceiverServerRatis.java:triggerPipelineClose(568)) - pipeline Action CLOSE  on pipeline PipelineID=e24272a4-7e17-41b5-94a9-5fc83eb0e599.Reason : c53771ff-a4da-40bc-be42-f397952cb81e has not seen follower/s cccfaecc-560c-4f58-9140-53bb7696e889 for 138970ms 28f29a4c-baf6-4c40-b523-744acc0a8c83 for 138959ms
2019-09-11 02:39:21,185 [java.util.concurrent.ThreadPoolExecutor$Worker@f4f9fe6[State = -1, empty queue]] WARN  server.GrpcLogAppender (GrpcLogAppender.java:timeoutAppendRequest(200)) - c53771ff-a4da-40bc-be42-f397952cb81e@group-5FC83EB0E599->cccfaecc-560c-4f58-9140-53bb7696e889-GrpcLogAppender: appendEntries Timeout, request=c53771ff-a4da-40bc-be42-f397952cb81e->cccfaecc-560c-4f58-9140-53bb7696e889#72-t1, previous=(t:1, i:17), leaderCommit=10, initializing? false, entries: <empty>
2019-09-11 02:39:21,185 [java.util.concurrent.ThreadPoolExecutor$Worker@43a4256f[State = -1, empty queue]] WARN  server.GrpcLogAppender (GrpcLogAppender.java:timeoutAppendRequest(200)) - c53771ff-a4da-40bc-be42-f397952cb81e@group-5FC83EB0E599->28f29a4c-baf6-4c40-b523-744acc0a8c83-GrpcLogAppender: appendEntries Timeout, request=c53771ff-a4da-40bc-be42-f397952cb81e->28f29a4c-baf6-4c40-b523-744acc0a8c83#72-t1, previous=(t:1, i:17), leaderCommit=10, initializing? false, entries: <empty>
2019-09-11 02:39:21,677 [EventQueue-PipelineActionsForPipelineActionHandler] ERROR pipeline.PipelineActionHandler (PipelineActionHandler.java:onMessage(60)) - Received pipeline action CLOSE for Pipeline[ Id: e24272a4-7e17-41b5-94a9-5fc83eb0e599, Nodes: cccfaecc-560c-4f58-9140-53bb7696e889{ip: 192.168.34.53, host: pr-hdds-2107-sbngl-2106859965, networkLocation: /default-rack, certSerialId: null}28f29a4c-baf6-4c40-b523-744acc0a8c83{ip: 192.168.34.53, host: pr-hdds-2107-sbngl-2106859965, networkLocation: /default-rack, certSerialId: null}c53771ff-a4da-40bc-be42-f397952cb81e{ip: 192.168.34.53, host: pr-hdds-2107-sbngl-2106859965, networkLocation: /default-rack, certSerialId: null}, Type:RATIS, Factor:THREE, State:CLOSED] from datanode c53771ff-a4da-40bc-be42-f397952cb81e{ip: 192.168.34.53, host: pr-hdds-2107-sbngl-2106859965, networkLocation: /default-rack, certSerialId: null}. Reason : c53771ff-a4da-40bc-be42-f397952cb81e has not seen follower/s cccfaecc-560c-4f58-9140-53bb7696e889 for 138970ms 28f29a4c-baf6-4c40-b523-744acc0a8c83 for 138959ms
2019-09-11 02:39:21,678 [EventQueue-PipelineActionsForPipelineActionHandler] INFO  pipeline.SCMPipelineManager (SCMPipelineManager.java:finalizeAndDestroyPipeline(311)) - destroying pipeline:Pipeline[ Id: e24272a4-7e17-41b5-94a9-5fc83eb0e599, Nodes: cccfaecc-560c-4f58-9140-53bb7696e889{ip: 192.168.34.53, host: pr-hdds-2107-sbngl-2106859965, networkLocation: /default-rack, certSerialId: null}28f29a4c-baf6-4c40-b523-744acc0a8c83{ip: 192.168.34.53, host: pr-hdds-2107-sbngl-2106859965, networkLocation: /default-rack, certSerialId: null}c53771ff-a4da-40bc-be42-f397952cb81e{ip: 192.168.34.53, host: pr-hdds-2107-sbngl-2106859965, networkLocation: /default-rack, certSerialId: null}, Type:RATIS, Factor:THREE, State:CLOSED]
2019-09-11 02:39:22,467 [28f29a4c-baf6-4c40-b523-744acc0a8c83@group-5FC83EB0E599-SegmentedRaftLogWorker] WARN  segmented.SegmentedRaftLogWorker (SegmentedRaftLogWorker.java:getFromFuture(90)) - Timeout 13/~
org.apache.ratis.protocol.TimeoutIOException: Timeout 10s: WriteLog:11: (t:1, i:11), STATEMACHINELOGENTRY, client-6E43CC49A373, cid=41-writeStateMachineData
	at org.apache.ratis.util.IOUtils.getFromFuture(IOUtils.java:87)
	at org.apache.ratis.server.raftlog.segmented.SegmentedRaftLogWorker$StateMachineDataPolicy.getFromFuture(SegmentedRaftLogWorker.java:87)
	at org.apache.ratis.server.raftlog.segmented.SegmentedRaftLogWorker$WriteLog.execute(SegmentedRaftLogWorker.java:477)
	at org.apache.ratis.server.raftlog.segmented.SegmentedRaftLogWorker.run(SegmentedRaftLogWorker.java:289)
	at java.lang.Thread.run(Thread.java:748)
Caused by: java.util.concurrent.TimeoutException
	at java.util.concurrent.CompletableFuture.timedGet(CompletableFuture.java:1771)
	at java.util.concurrent.CompletableFuture.get(CompletableFuture.java:1915)
	at org.apache.ratis.util.IOUtils.getFromFuture(IOUtils.java:79)
	... 4 more
2019-09-11 02:39:22,488 [cccfaecc-560c-4f58-9140-53bb7696e889@group-5FC83EB0E599-SegmentedRaftLogWorker] WARN  segmented.SegmentedRaftLogWorker (SegmentedRaftLogWorker.java:getFromFuture(90)) - Timeout 13/~
org.apache.ratis.protocol.TimeoutIOException: Timeout 10s: WriteLog:11: (t:1, i:11), STATEMACHINELOGENTRY, client-6E43CC49A373, cid=41-writeStateMachineData
	at org.apache.ratis.util.IOUtils.getFromFuture(IOUtils.java:87)
	at org.apache.ratis.server.raftlog.segmented.SegmentedRaftLogWorker$StateMachineDataPolicy.getFromFuture(SegmentedRaftLogWorker.java:87)
	at org.apache.ratis.server.raftlog.segmented.SegmentedRaftLogWorker$WriteLog.execute(SegmentedRaftLogWorker.java:477)
	at org.apache.ratis.server.raftlog.segmented.SegmentedRaftLogWorker.run(SegmentedRaftLogWorker.java:289)
	at java.lang.Thread.run(Thread.java:748)
Caused by: java.util.concurrent.TimeoutException
	at java.util.concurrent.CompletableFuture.timedGet(CompletableFuture.java:1771)
	at java.util.concurrent.CompletableFuture.get(CompletableFuture.java:1915)
	at org.apache.ratis.util.IOUtils.getFromFuture(IOUtils.java:79)
	... 4 more
2019-09-11 02:39:22,612 [c53771ff-a4da-40bc-be42-f397952cb81e@group-5FC83EB0E599-SegmentedRaftLogWorker] WARN  segmented.SegmentedRaftLogWorker (SegmentedRaftLogWorker.java:getFromFuture(90)) - Timeout 13/~
org.apache.ratis.protocol.TimeoutIOException: Timeout 10s: WriteLog:12: (t:1, i:12), STATEMACHINELOGENTRY, client-6E43CC49A373, cid=42-writeStateMachineData
	at org.apache.ratis.util.IOUtils.getFromFuture(IOUtils.java:87)
	at org.apache.ratis.server.raftlog.segmented.SegmentedRaftLogWorker$StateMachineDataPolicy.getFromFuture(SegmentedRaftLogWorker.java:87)
	at org.apache.ratis.server.raftlog.segmented.SegmentedRaftLogWorker$WriteLog.execute(SegmentedRaftLogWorker.java:477)
	at org.apache.ratis.server.raftlog.segmented.SegmentedRaftLogWorker.run(SegmentedRaftLogWorker.java:289)
	at java.lang.Thread.run(Thread.java:748)
Caused by: java.util.concurrent.TimeoutException
	at java.util.concurrent.CompletableFuture.timedGet(CompletableFuture.java:1771)
	at java.util.concurrent.CompletableFuture.get(CompletableFuture.java:1915)
	at org.apache.ratis.util.IOUtils.getFromFuture(IOUtils.java:79)
	... 4 more
2019-09-11 02:39:23,187 [org.apache.ratis.server.impl.LogAppender$AppenderDaemon$$Lambda$515/1517268026@39e722d2] ERROR ratis.XceiverServerRatis (XceiverServerRatis.java:triggerPipelineClose(568)) - pipeline Action CLOSE  on pipeline PipelineID=e24272a4-7e17-41b5-94a9-5fc83eb0e599.Reason : c53771ff-a4da-40bc-be42-f397952cb81e has not seen follower/s cccfaecc-560c-4f58-9140-53bb7696e889 for 141471ms 28f29a4c-baf6-4c40-b523-744acc0a8c83 for 141460ms
2019-09-11 02:39:23,187 [org.apache.ratis.server.impl.LogAppender$AppenderDaemon$$Lambda$515/1517268026@21a0e2bc] ERROR ratis.XceiverServerRatis (XceiverServerRatis.java:triggerPipelineClose(568)) - pipeline Action CLOSE  on pipeline PipelineID=e24272a4-7e17-41b5-94a9-5fc83eb0e599.Reason : c53771ff-a4da-40bc-be42-f397952cb81e has not seen follower/s cccfaecc-560c-4f58-9140-53bb7696e889 for 141471ms 28f29a4c-baf6-4c40-b523-744acc0a8c83 for 141460ms
2019-09-11 02:39:23,678 [EventQueue-PipelineActionsForPipelineActionHandler] ERROR pipeline.PipelineActionHandler (PipelineActionHandler.java:onMessage(60)) - Received pipeline action CLOSE for Pipeline[ Id: e24272a4-7e17-41b5-94a9-5fc83eb0e599, Nodes: cccfaecc-560c-4f58-9140-53bb7696e889{ip: 192.168.34.53, host: pr-hdds-2107-sbngl-2106859965, networkLocation: /default-rack, certSerialId: null}28f29a4c-baf6-4c40-b523-744acc0a8c83{ip: 192.168.34.53, host: pr-hdds-2107-sbngl-2106859965, networkLocation: /default-rack, certSerialId: null}c53771ff-a4da-40bc-be42-f397952cb81e{ip: 192.168.34.53, host: pr-hdds-2107-sbngl-2106859965, networkLocation: /default-rack, certSerialId: null}, Type:RATIS, Factor:THREE, State:CLOSED] from datanode c53771ff-a4da-40bc-be42-f397952cb81e{ip: 192.168.34.53, host: pr-hdds-2107-sbngl-2106859965, networkLocation: /default-rack, certSerialId: null}. Reason : c53771ff-a4da-40bc-be42-f397952cb81e has not seen follower/s cccfaecc-560c-4f58-9140-53bb7696e889 for 141471ms 28f29a4c-baf6-4c40-b523-744acc0a8c83 for 141460ms
2019-09-11 02:39:23,678 [EventQueue-PipelineActionsForPipelineActionHandler] INFO  pipeline.SCMPipelineManager (SCMPipelineManager.java:finalizeAndDestroyPipeline(311)) - destroying pipeline:Pipeline[ Id: e24272a4-7e17-41b5-94a9-5fc83eb0e599, Nodes: cccfaecc-560c-4f58-9140-53bb7696e889{ip: 192.168.34.53, host: pr-hdds-2107-sbngl-2106859965, networkLocation: /default-rack, certSerialId: null}28f29a4c-baf6-4c40-b523-744acc0a8c83{ip: 192.168.34.53, host: pr-hdds-2107-sbngl-2106859965, networkLocation: /default-rack, certSerialId: null}c53771ff-a4da-40bc-be42-f397952cb81e{ip: 192.168.34.53, host: pr-hdds-2107-sbngl-2106859965, networkLocation: /default-rack, certSerialId: null}, Type:RATIS, Factor:THREE, State:CLOSED]
2019-09-11 02:39:23,686 [java.util.concurrent.ThreadPoolExecutor$Worker@f4f9fe6[State = -1, empty queue]] WARN  server.GrpcLogAppender (GrpcLogAppender.java:timeoutAppendRequest(200)) - c53771ff-a4da-40bc-be42-f397952cb81e@group-5FC83EB0E599->cccfaecc-560c-4f58-9140-53bb7696e889-GrpcLogAppender: appendEntries Timeout, request=c53771ff-a4da-40bc-be42-f397952cb81e->cccfaecc-560c-4f58-9140-53bb7696e889#73-t1, previous=(t:1, i:17), leaderCommit=10, initializing? false, entries: <empty>
2019-09-11 02:39:23,686 [java.util.concurrent.ThreadPoolExecutor$Worker@43a4256f[State = -1, empty queue]] WARN  server.GrpcLogAppender (GrpcLogAppender.java:timeoutAppendRequest(200)) - c53771ff-a4da-40bc-be42-f397952cb81e@group-5FC83EB0E599->28f29a4c-baf6-4c40-b523-744acc0a8c83-GrpcLogAppender: appendEntries Timeout, request=c53771ff-a4da-40bc-be42-f397952cb81e->28f29a4c-baf6-4c40-b523-744acc0a8c83#73-t1, previous=(t:1, i:17), leaderCommit=10, initializing? false, entries: <empty>
2019-09-11 02:39:23,777 [grpc-default-executor-8] INFO  client.GrpcClientProtocolClient (GrpcClientProtocolClient.java:onNext(264)) - client-6E43CC49A373->28f29a4c-baf6-4c40-b523-744acc0a8c83: receive RaftClientReply:client-6E43CC49A373->28f29a4c-baf6-4c40-b523-744acc0a8c83@group-5FC83EB0E599, cid=41, FAILED org.apache.ratis.protocol.NotLeaderException: Server 28f29a4c-baf6-4c40-b523-744acc0a8c83@group-5FC83EB0E599 is not the leader c53771ff-a4da-40bc-be42-f397952cb81e:192.168.34.53:37384, logIndex=0, commits[28f29a4c-baf6-4c40-b523-744acc0a8c83:c10, c53771ff-a4da-40bc-be42-f397952cb81e:c10, cccfaecc-560c-4f58-9140-53bb7696e889:c6]
2019-09-11 02:39:25,689 [org.apache.ratis.server.impl.LogAppender$AppenderDaemon$$Lambda$515/1517268026@39e722d2] ERROR ratis.XceiverServerRatis (XceiverServerRatis.java:triggerPipelineClose(568)) - pipeline Action CLOSE  on pipeline PipelineID=e24272a4-7e17-41b5-94a9-5fc83eb0e599.Reason : c53771ff-a4da-40bc-be42-f397952cb81e has not seen follower/s cccfaecc-560c-4f58-9140-53bb7696e889 for 143973ms 28f29a4c-baf6-4c40-b523-744acc0a8c83 for 143962ms
2019-09-11 02:39:25,689 [org.apache.ratis.server.impl.LogAppender$AppenderDaemon$$Lambda$515/1517268026@21a0e2bc] ERROR ratis.XceiverServerRatis (XceiverServerRatis.java:triggerPipelineClose(568)) - pipeline Action CLOSE  on pipeline PipelineID=e24272a4-7e17-41b5-94a9-5fc83eb0e599.Reason : c53771ff-a4da-40bc-be42-f397952cb81e has not seen follower/s cccfaecc-560c-4f58-9140-53bb7696e889 for 143973ms 28f29a4c-baf6-4c40-b523-744acc0a8c83 for 143962ms
2019-09-11 02:39:26,187 [java.util.concurrent.ThreadPoolExecutor$Worker@f4f9fe6[State = -1, empty queue]] WARN  server.GrpcLogAppender (GrpcLogAppender.java:timeoutAppendRequest(200)) - c53771ff-a4da-40bc-be42-f397952cb81e@group-5FC83EB0E599->cccfaecc-560c-4f58-9140-53bb7696e889-GrpcLogAppender: appendEntries Timeout, request=c53771ff-a4da-40bc-be42-f397952cb81e->cccfaecc-560c-4f58-9140-53bb7696e889#74-t1, previous=(t:1, i:17), leaderCommit=10, initializing? false, entries: <empty>
2019-09-11 02:39:26,187 [java.util.concurrent.ThreadPoolExecutor$Worker@43a4256f[State = -1, empty queue]] WARN  server.GrpcLogAppender (GrpcLogAppender.java:timeoutAppendRequest(200)) - c53771ff-a4da-40bc-be42-f397952cb81e@group-5FC83EB0E599->28f29a4c-baf6-4c40-b523-744acc0a8c83-GrpcLogAppender: appendEntries Timeout, request=c53771ff-a4da-40bc-be42-f397952cb81e->28f29a4c-baf6-4c40-b523-744acc0a8c83#74-t1, previous=(t:1, i:17), leaderCommit=10, initializing? false, entries: <empty>
2019-09-11 02:39:26,680 [EventQueue-PipelineActionsForPipelineActionHandler] ERROR pipeline.PipelineActionHandler (PipelineActionHandler.java:onMessage(60)) - Received pipeline action CLOSE for Pipeline[ Id: e24272a4-7e17-41b5-94a9-5fc83eb0e599, Nodes: cccfaecc-560c-4f58-9140-53bb7696e889{ip: 192.168.34.53, host: pr-hdds-2107-sbngl-2106859965, networkLocation: /default-rack, certSerialId: null}28f29a4c-baf6-4c40-b523-744acc0a8c83{ip: 192.168.34.53, host: pr-hdds-2107-sbngl-2106859965, networkLocation: /default-rack, certSerialId: null}c53771ff-a4da-40bc-be42-f397952cb81e{ip: 192.168.34.53, host: pr-hdds-2107-sbngl-2106859965, networkLocation: /default-rack, certSerialId: null}, Type:RATIS, Factor:THREE, State:CLOSED] from datanode c53771ff-a4da-40bc-be42-f397952cb81e{ip: 192.168.34.53, host: pr-hdds-2107-sbngl-2106859965, networkLocation: /default-rack, certSerialId: null}. Reason : c53771ff-a4da-40bc-be42-f397952cb81e has not seen follower/s cccfaecc-560c-4f58-9140-53bb7696e889 for 143973ms 28f29a4c-baf6-4c40-b523-744acc0a8c83 for 143962ms
2019-09-11 02:39:26,681 [EventQueue-PipelineActionsForPipelineActionHandler] INFO  pipeline.SCMPipelineManager (SCMPipelineManager.java:finalizeAndDestroyPipeline(311)) - destroying pipeline:Pipeline[ Id: e24272a4-7e17-41b5-94a9-5fc83eb0e599, Nodes: cccfaecc-560c-4f58-9140-53bb7696e889{ip: 192.168.34.53, host: pr-hdds-2107-sbngl-2106859965, networkLocation: /default-rack, certSerialId: null}28f29a4c-baf6-4c40-b523-744acc0a8c83{ip: 192.168.34.53, host: pr-hdds-2107-sbngl-2106859965, networkLocation: /default-rack, certSerialId: null}c53771ff-a4da-40bc-be42-f397952cb81e{ip: 192.168.34.53, host: pr-hdds-2107-sbngl-2106859965, networkLocation: /default-rack, certSerialId: null}, Type:RATIS, Factor:THREE, State:CLOSED]
2019-09-11 02:39:28,191 [org.apache.ratis.server.impl.LogAppender$AppenderDaemon$$Lambda$515/1517268026@39e722d2] ERROR ratis.XceiverServerRatis (XceiverServerRatis.java:triggerPipelineClose(568)) - pipeline Action CLOSE  on pipeline PipelineID=e24272a4-7e17-41b5-94a9-5fc83eb0e599.Reason : c53771ff-a4da-40bc-be42-f397952cb81e has not seen follower/s cccfaecc-560c-4f58-9140-53bb7696e889 for 146474ms 28f29a4c-baf6-4c40-b523-744acc0a8c83 for 146464ms
2019-09-11 02:39:28,191 [org.apache.ratis.server.impl.LogAppender$AppenderDaemon$$Lambda$515/1517268026@21a0e2bc] ERROR ratis.XceiverServerRatis (XceiverServerRatis.java:triggerPipelineClose(568)) - pipeline Action CLOSE  on pipeline PipelineID=e24272a4-7e17-41b5-94a9-5fc83eb0e599.Reason : c53771ff-a4da-40bc-be42-f397952cb81e has not seen follower/s cccfaecc-560c-4f58-9140-53bb7696e889 for 146474ms 28f29a4c-baf6-4c40-b523-744acc0a8c83 for 146464ms
2019-09-11 02:39:28,678 [EventQueue-PipelineActionsForPipelineActionHandler] ERROR pipeline.PipelineActionHandler (PipelineActionHandler.java:onMessage(60)) - Received pipeline action CLOSE for Pipeline[ Id: e24272a4-7e17-41b5-94a9-5fc83eb0e599, Nodes: cccfaecc-560c-4f58-9140-53bb7696e889{ip: 192.168.34.53, host: pr-hdds-2107-sbngl-2106859965, networkLocation: /default-rack, certSerialId: null}28f29a4c-baf6-4c40-b523-744acc0a8c83{ip: 192.168.34.53, host: pr-hdds-2107-sbngl-2106859965, networkLocation: /default-rack, certSerialId: null}c53771ff-a4da-40bc-be42-f397952cb81e{ip: 192.168.34.53, host: pr-hdds-2107-sbngl-2106859965, networkLocation: /default-rack, certSerialId: null}, Type:RATIS, Factor:THREE, State:CLOSED] from datanode c53771ff-a4da-40bc-be42-f397952cb81e{ip: 192.168.34.53, host: pr-hdds-2107-sbngl-2106859965, networkLocation: /default-rack, certSerialId: null}. Reason : c53771ff-a4da-40bc-be42-f397952cb81e has not seen follower/s cccfaecc-560c-4f58-9140-53bb7696e889 for 146474ms 28f29a4c-baf6-4c40-b523-744acc0a8c83 for 146464ms
2019-09-11 02:39:28,679 [EventQueue-PipelineActionsForPipelineActionHandler] INFO  pipeline.SCMPipelineManager (SCMPipelineManager.java:finalizeAndDestroyPipeline(311)) - destroying pipeline:Pipeline[ Id: e24272a4-7e17-41b5-94a9-5fc83eb0e599, Nodes: cccfaecc-560c-4f58-9140-53bb7696e889{ip: 192.168.34.53, host: pr-hdds-2107-sbngl-2106859965, networkLocation: /default-rack, certSerialId: null}28f29a4c-baf6-4c40-b523-744acc0a8c83{ip: 192.168.34.53, host: pr-hdds-2107-sbngl-2106859965, networkLocation: /default-rack, certSerialId: null}c53771ff-a4da-40bc-be42-f397952cb81e{ip: 192.168.34.53, host: pr-hdds-2107-sbngl-2106859965, networkLocation: /default-rack, certSerialId: null}, Type:RATIS, Factor:THREE, State:CLOSED]
2019-09-11 02:39:28,689 [java.util.concurrent.ThreadPoolExecutor$Worker@43a4256f[State = -1, empty queue]] WARN  server.GrpcLogAppender (GrpcLogAppender.java:timeoutAppendRequest(200)) - c53771ff-a4da-40bc-be42-f397952cb81e@group-5FC83EB0E599->28f29a4c-baf6-4c40-b523-744acc0a8c83-GrpcLogAppender: appendEntries Timeout, request=c53771ff-a4da-40bc-be42-f397952cb81e->28f29a4c-baf6-4c40-b523-744acc0a8c83#75-t1, previous=(t:1, i:17), leaderCommit=10, initializing? false, entries: <empty>
2019-09-11 02:39:28,689 [java.util.concurrent.ThreadPoolExecutor$Worker@f4f9fe6[State = -1, empty queue]] WARN  server.GrpcLogAppender (GrpcLogAppender.java:timeoutAppendRequest(200)) - c53771ff-a4da-40bc-be42-f397952cb81e@group-5FC83EB0E599->cccfaecc-560c-4f58-9140-53bb7696e889-GrpcLogAppender: appendEntries Timeout, request=c53771ff-a4da-40bc-be42-f397952cb81e->cccfaecc-560c-4f58-9140-53bb7696e889#75-t1, previous=(t:1, i:17), leaderCommit=10, initializing? false, entries: <empty>
2019-09-11 02:39:28,829 [grpc-default-executor-8] INFO  client.GrpcClientProtocolClient (GrpcClientProtocolClient.java:onNext(264)) - client-6E43CC49A373->28f29a4c-baf6-4c40-b523-744acc0a8c83: receive RaftClientReply:client-6E43CC49A373->28f29a4c-baf6-4c40-b523-744acc0a8c83@group-5FC83EB0E599, cid=41, FAILED org.apache.ratis.protocol.NotLeaderException: Server 28f29a4c-baf6-4c40-b523-744acc0a8c83@group-5FC83EB0E599 is not the leader c53771ff-a4da-40bc-be42-f397952cb81e:192.168.34.53:37384, logIndex=0, commits[28f29a4c-baf6-4c40-b523-744acc0a8c83:c10, c53771ff-a4da-40bc-be42-f397952cb81e:c10, cccfaecc-560c-4f58-9140-53bb7696e889:c6]
2019-09-11 02:39:30,693 [org.apache.ratis.server.impl.LogAppender$AppenderDaemon$$Lambda$515/1517268026@39e722d2] ERROR ratis.XceiverServerRatis (XceiverServerRatis.java:triggerPipelineClose(568)) - pipeline Action CLOSE  on pipeline PipelineID=e24272a4-7e17-41b5-94a9-5fc83eb0e599.Reason : c53771ff-a4da-40bc-be42-f397952cb81e has not seen follower/s cccfaecc-560c-4f58-9140-53bb7696e889 for 148976ms 28f29a4c-baf6-4c40-b523-744acc0a8c83 for 148966ms
2019-09-11 02:39:30,693 [org.apache.ratis.server.impl.LogAppender$AppenderDaemon$$Lambda$515/1517268026@21a0e2bc] ERROR ratis.XceiverServerRatis (XceiverServerRatis.java:triggerPipelineClose(568)) - pipeline Action CLOSE  on pipeline PipelineID=e24272a4-7e17-41b5-94a9-5fc83eb0e599.Reason : c53771ff-a4da-40bc-be42-f397952cb81e has not seen follower/s cccfaecc-560c-4f58-9140-53bb7696e889 for 148976ms 28f29a4c-baf6-4c40-b523-744acc0a8c83 for 148966ms
2019-09-11 02:39:31,191 [java.util.concurrent.ThreadPoolExecutor$Worker@f4f9fe6[State = -1, empty queue]] WARN  server.GrpcLogAppender (GrpcLogAppender.java:timeoutAppendRequest(200)) - c53771ff-a4da-40bc-be42-f397952cb81e@group-5FC83EB0E599->cccfaecc-560c-4f58-9140-53bb7696e889-GrpcLogAppender: appendEntries Timeout, request=c53771ff-a4da-40bc-be42-f397952cb81e->cccfaecc-560c-4f58-9140-53bb7696e889#76-t1, previous=(t:1, i:17), leaderCommit=10, initializing? false, entries: <empty>
2019-09-11 02:39:31,191 [java.util.concurrent.ThreadPoolExecutor$Worker@43a4256f[State = -1, empty queue]] WARN  server.GrpcLogAppender (GrpcLogAppender.java:timeoutAppendRequest(200)) - c53771ff-a4da-40bc-be42-f397952cb81e@group-5FC83EB0E599->28f29a4c-baf6-4c40-b523-744acc0a8c83-GrpcLogAppender: appendEntries Timeout, request=c53771ff-a4da-40bc-be42-f397952cb81e->28f29a4c-baf6-4c40-b523-744acc0a8c83#76-t1, previous=(t:1, i:17), leaderCommit=10, initializing? false, entries: <empty>
2019-09-11 02:39:31,681 [EventQueue-PipelineActionsForPipelineActionHandler] ERROR pipeline.PipelineActionHandler (PipelineActionHandler.java:onMessage(60)) - Received pipeline action CLOSE for Pipeline[ Id: e24272a4-7e17-41b5-94a9-5fc83eb0e599, Nodes: cccfaecc-560c-4f58-9140-53bb7696e889{ip: 192.168.34.53, host: pr-hdds-2107-sbngl-2106859965, networkLocation: /default-rack, certSerialId: null}28f29a4c-baf6-4c40-b523-744acc0a8c83{ip: 192.168.34.53, host: pr-hdds-2107-sbngl-2106859965, networkLocation: /default-rack, certSerialId: null}c53771ff-a4da-40bc-be42-f397952cb81e{ip: 192.168.34.53, host: pr-hdds-2107-sbngl-2106859965, networkLocation: /default-rack, certSerialId: null}, Type:RATIS, Factor:THREE, State:CLOSED] from datanode c53771ff-a4da-40bc-be42-f397952cb81e{ip: 192.168.34.53, host: pr-hdds-2107-sbngl-2106859965, networkLocation: /default-rack, certSerialId: null}. Reason : c53771ff-a4da-40bc-be42-f397952cb81e has not seen follower/s cccfaecc-560c-4f58-9140-53bb7696e889 for 148976ms 28f29a4c-baf6-4c40-b523-744acc0a8c83 for 148966ms
2019-09-11 02:39:31,682 [EventQueue-PipelineActionsForPipelineActionHandler] INFO  pipeline.SCMPipelineManager (SCMPipelineManager.java:finalizeAndDestroyPipeline(311)) - destroying pipeline:Pipeline[ Id: e24272a4-7e17-41b5-94a9-5fc83eb0e599, Nodes: cccfaecc-560c-4f58-9140-53bb7696e889{ip: 192.168.34.53, host: pr-hdds-2107-sbngl-2106859965, networkLocation: /default-rack, certSerialId: null}28f29a4c-baf6-4c40-b523-744acc0a8c83{ip: 192.168.34.53, host: pr-hdds-2107-sbngl-2106859965, networkLocation: /default-rack, certSerialId: null}c53771ff-a4da-40bc-be42-f397952cb81e{ip: 192.168.34.53, host: pr-hdds-2107-sbngl-2106859965, networkLocation: /default-rack, certSerialId: null}, Type:RATIS, Factor:THREE, State:CLOSED]
2019-09-11 02:39:32,468 [28f29a4c-baf6-4c40-b523-744acc0a8c83@group-5FC83EB0E599-SegmentedRaftLogWorker] WARN  segmented.SegmentedRaftLogWorker (SegmentedRaftLogWorker.java:getFromFuture(90)) - Timeout 14/~
org.apache.ratis.protocol.TimeoutIOException: Timeout 10s: WriteLog:11: (t:1, i:11), STATEMACHINELOGENTRY, client-6E43CC49A373, cid=41-writeStateMachineData
	at org.apache.ratis.util.IOUtils.getFromFuture(IOUtils.java:87)
	at org.apache.ratis.server.raftlog.segmented.SegmentedRaftLogWorker$StateMachineDataPolicy.getFromFuture(SegmentedRaftLogWorker.java:87)
	at org.apache.ratis.server.raftlog.segmented.SegmentedRaftLogWorker$WriteLog.execute(SegmentedRaftLogWorker.java:477)
	at org.apache.ratis.server.raftlog.segmented.SegmentedRaftLogWorker.run(SegmentedRaftLogWorker.java:289)
	at java.lang.Thread.run(Thread.java:748)
Caused by: java.util.concurrent.TimeoutException
	at java.util.concurrent.CompletableFuture.timedGet(CompletableFuture.java:1771)
	at java.util.concurrent.CompletableFuture.get(CompletableFuture.java:1915)
	at org.apache.ratis.util.IOUtils.getFromFuture(IOUtils.java:79)
	... 4 more
2019-09-11 02:39:32,489 [cccfaecc-560c-4f58-9140-53bb7696e889@group-5FC83EB0E599-SegmentedRaftLogWorker] WARN  segmented.SegmentedRaftLogWorker (SegmentedRaftLogWorker.java:getFromFuture(90)) - Timeout 14/~
org.apache.ratis.protocol.TimeoutIOException: Timeout 10s: WriteLog:11: (t:1, i:11), STATEMACHINELOGENTRY, client-6E43CC49A373, cid=41-writeStateMachineData
	at org.apache.ratis.util.IOUtils.getFromFuture(IOUtils.java:87)
	at org.apache.ratis.server.raftlog.segmented.SegmentedRaftLogWorker$StateMachineDataPolicy.getFromFuture(SegmentedRaftLogWorker.java:87)
	at org.apache.ratis.server.raftlog.segmented.SegmentedRaftLogWorker$WriteLog.execute(SegmentedRaftLogWorker.java:477)
	at org.apache.ratis.server.raftlog.segmented.SegmentedRaftLogWorker.run(SegmentedRaftLogWorker.java:289)
	at java.lang.Thread.run(Thread.java:748)
Caused by: java.util.concurrent.TimeoutException
	at java.util.concurrent.CompletableFuture.timedGet(CompletableFuture.java:1771)
	at java.util.concurrent.CompletableFuture.get(CompletableFuture.java:1915)
	at org.apache.ratis.util.IOUtils.getFromFuture(IOUtils.java:79)
	... 4 more
2019-09-11 02:39:32,614 [c53771ff-a4da-40bc-be42-f397952cb81e@group-5FC83EB0E599-SegmentedRaftLogWorker] WARN  segmented.SegmentedRaftLogWorker (SegmentedRaftLogWorker.java:getFromFuture(90)) - Timeout 14/~
org.apache.ratis.protocol.TimeoutIOException: Timeout 10s: WriteLog:12: (t:1, i:12), STATEMACHINELOGENTRY, client-6E43CC49A373, cid=42-writeStateMachineData
	at org.apache.ratis.util.IOUtils.getFromFuture(IOUtils.java:87)
	at org.apache.ratis.server.raftlog.segmented.SegmentedRaftLogWorker$StateMachineDataPolicy.getFromFuture(SegmentedRaftLogWorker.java:87)
	at org.apache.ratis.server.raftlog.segmented.SegmentedRaftLogWorker$WriteLog.execute(SegmentedRaftLogWorker.java:477)
	at org.apache.ratis.server.raftlog.segmented.SegmentedRaftLogWorker.run(SegmentedRaftLogWorker.java:289)
	at java.lang.Thread.run(Thread.java:748)
Caused by: java.util.concurrent.TimeoutException
	at java.util.concurrent.CompletableFuture.timedGet(CompletableFuture.java:1771)
	at java.util.concurrent.CompletableFuture.get(CompletableFuture.java:1915)
	at org.apache.ratis.util.IOUtils.getFromFuture(IOUtils.java:79)
	... 4 more
2019-09-11 02:39:33,194 [org.apache.ratis.server.impl.LogAppender$AppenderDaemon$$Lambda$515/1517268026@39e722d2] ERROR ratis.XceiverServerRatis (XceiverServerRatis.java:triggerPipelineClose(568)) - pipeline Action CLOSE  on pipeline PipelineID=e24272a4-7e17-41b5-94a9-5fc83eb0e599.Reason : c53771ff-a4da-40bc-be42-f397952cb81e has not seen follower/s cccfaecc-560c-4f58-9140-53bb7696e889 for 151477ms 28f29a4c-baf6-4c40-b523-744acc0a8c83 for 151466ms
2019-09-11 02:39:33,194 [org.apache.ratis.server.impl.LogAppender$AppenderDaemon$$Lambda$515/1517268026@21a0e2bc] ERROR ratis.XceiverServerRatis (XceiverServerRatis.java:triggerPipelineClose(568)) - pipeline Action CLOSE  on pipeline PipelineID=e24272a4-7e17-41b5-94a9-5fc83eb0e599.Reason : c53771ff-a4da-40bc-be42-f397952cb81e has not seen follower/s cccfaecc-560c-4f58-9140-53bb7696e889 for 151477ms 28f29a4c-baf6-4c40-b523-744acc0a8c83 for 151466ms
2019-09-11 02:39:33,678 [EventQueue-PipelineActionsForPipelineActionHandler] ERROR pipeline.PipelineActionHandler (PipelineActionHandler.java:onMessage(60)) - Received pipeline action CLOSE for Pipeline[ Id: e24272a4-7e17-41b5-94a9-5fc83eb0e599, Nodes: cccfaecc-560c-4f58-9140-53bb7696e889{ip: 192.168.34.53, host: pr-hdds-2107-sbngl-2106859965, networkLocation: /default-rack, certSerialId: null}28f29a4c-baf6-4c40-b523-744acc0a8c83{ip: 192.168.34.53, host: pr-hdds-2107-sbngl-2106859965, networkLocation: /default-rack, certSerialId: null}c53771ff-a4da-40bc-be42-f397952cb81e{ip: 192.168.34.53, host: pr-hdds-2107-sbngl-2106859965, networkLocation: /default-rack, certSerialId: null}, Type:RATIS, Factor:THREE, State:CLOSED] from datanode c53771ff-a4da-40bc-be42-f397952cb81e{ip: 192.168.34.53, host: pr-hdds-2107-sbngl-2106859965, networkLocation: /default-rack, certSerialId: null}. Reason : c53771ff-a4da-40bc-be42-f397952cb81e has not seen follower/s cccfaecc-560c-4f58-9140-53bb7696e889 for 151477ms 28f29a4c-baf6-4c40-b523-744acc0a8c83 for 151466ms
2019-09-11 02:39:33,679 [EventQueue-PipelineActionsForPipelineActionHandler] INFO  pipeline.SCMPipelineManager (SCMPipelineManager.java:finalizeAndDestroyPipeline(311)) - destroying pipeline:Pipeline[ Id: e24272a4-7e17-41b5-94a9-5fc83eb0e599, Nodes: cccfaecc-560c-4f58-9140-53bb7696e889{ip: 192.168.34.53, host: pr-hdds-2107-sbngl-2106859965, networkLocation: /default-rack, certSerialId: null}28f29a4c-baf6-4c40-b523-744acc0a8c83{ip: 192.168.34.53, host: pr-hdds-2107-sbngl-2106859965, networkLocation: /default-rack, certSerialId: null}c53771ff-a4da-40bc-be42-f397952cb81e{ip: 192.168.34.53, host: pr-hdds-2107-sbngl-2106859965, networkLocation: /default-rack, certSerialId: null}, Type:RATIS, Factor:THREE, State:CLOSED]
2019-09-11 02:39:33,692 [java.util.concurrent.ThreadPoolExecutor$Worker@43a4256f[State = -1, empty queue]] WARN  server.GrpcLogAppender (GrpcLogAppender.java:timeoutAppendRequest(200)) - c53771ff-a4da-40bc-be42-f397952cb81e@group-5FC83EB0E599->28f29a4c-baf6-4c40-b523-744acc0a8c83-GrpcLogAppender: appendEntries Timeout, request=c53771ff-a4da-40bc-be42-f397952cb81e->28f29a4c-baf6-4c40-b523-744acc0a8c83#77-t1, previous=(t:1, i:17), leaderCommit=10, initializing? false, entries: <empty>
2019-09-11 02:39:33,692 [java.util.concurrent.ThreadPoolExecutor$Worker@f4f9fe6[State = -1, empty queue]] WARN  server.GrpcLogAppender (GrpcLogAppender.java:timeoutAppendRequest(200)) - c53771ff-a4da-40bc-be42-f397952cb81e@group-5FC83EB0E599->cccfaecc-560c-4f58-9140-53bb7696e889-GrpcLogAppender: appendEntries Timeout, request=c53771ff-a4da-40bc-be42-f397952cb81e->cccfaecc-560c-4f58-9140-53bb7696e889#77-t1, previous=(t:1, i:17), leaderCommit=10, initializing? false, entries: <empty>
2019-09-11 02:39:33,888 [grpc-default-executor-8] INFO  client.GrpcClientProtocolClient (GrpcClientProtocolClient.java:onNext(264)) - client-6E43CC49A373->28f29a4c-baf6-4c40-b523-744acc0a8c83: receive RaftClientReply:client-6E43CC49A373->28f29a4c-baf6-4c40-b523-744acc0a8c83@group-5FC83EB0E599, cid=41, FAILED org.apache.ratis.protocol.NotLeaderException: Server 28f29a4c-baf6-4c40-b523-744acc0a8c83@group-5FC83EB0E599 is not the leader c53771ff-a4da-40bc-be42-f397952cb81e:192.168.34.53:37384, logIndex=0, commits[28f29a4c-baf6-4c40-b523-744acc0a8c83:c10, c53771ff-a4da-40bc-be42-f397952cb81e:c10, cccfaecc-560c-4f58-9140-53bb7696e889:c6]
2019-09-11 02:39:35,694 [org.apache.ratis.server.impl.LogAppender$AppenderDaemon$$Lambda$515/1517268026@21a0e2bc] ERROR ratis.XceiverServerRatis (XceiverServerRatis.java:triggerPipelineClose(568)) - pipeline Action CLOSE  on pipeline PipelineID=e24272a4-7e17-41b5-94a9-5fc83eb0e599.Reason : c53771ff-a4da-40bc-be42-f397952cb81e has not seen follower/s cccfaecc-560c-4f58-9140-53bb7696e889 for 153977ms 28f29a4c-baf6-4c40-b523-744acc0a8c83 for 153967ms
2019-09-11 02:39:35,694 [org.apache.ratis.server.impl.LogAppender$AppenderDaemon$$Lambda$515/1517268026@39e722d2] ERROR ratis.XceiverServerRatis (XceiverServerRatis.java:triggerPipelineClose(568)) - pipeline Action CLOSE  on pipeline PipelineID=e24272a4-7e17-41b5-94a9-5fc83eb0e599.Reason : c53771ff-a4da-40bc-be42-f397952cb81e has not seen follower/s cccfaecc-560c-4f58-9140-53bb7696e889 for 153977ms 28f29a4c-baf6-4c40-b523-744acc0a8c83 for 153967ms
2019-09-11 02:39:36,193 [java.util.concurrent.ThreadPoolExecutor$Worker@43a4256f[State = -1, empty queue]] WARN  server.GrpcLogAppender (GrpcLogAppender.java:timeoutAppendRequest(200)) - c53771ff-a4da-40bc-be42-f397952cb81e@group-5FC83EB0E599->28f29a4c-baf6-4c40-b523-744acc0a8c83-GrpcLogAppender: appendEntries Timeout, request=c53771ff-a4da-40bc-be42-f397952cb81e->28f29a4c-baf6-4c40-b523-744acc0a8c83#78-t1, previous=(t:1, i:17), leaderCommit=10, initializing? false, entries: <empty>
2019-09-11 02:39:36,193 [java.util.concurrent.ThreadPoolExecutor$Worker@f4f9fe6[State = -1, empty queue]] WARN  server.GrpcLogAppender (GrpcLogAppender.java:timeoutAppendRequest(200)) - c53771ff-a4da-40bc-be42-f397952cb81e@group-5FC83EB0E599->cccfaecc-560c-4f58-9140-53bb7696e889-GrpcLogAppender: appendEntries Timeout, request=c53771ff-a4da-40bc-be42-f397952cb81e->cccfaecc-560c-4f58-9140-53bb7696e889#78-t1, previous=(t:1, i:17), leaderCommit=10, initializing? false, entries: <empty>
2019-09-11 02:39:36,678 [EventQueue-PipelineActionsForPipelineActionHandler] ERROR pipeline.PipelineActionHandler (PipelineActionHandler.java:onMessage(60)) - Received pipeline action CLOSE for Pipeline[ Id: e24272a4-7e17-41b5-94a9-5fc83eb0e599, Nodes: cccfaecc-560c-4f58-9140-53bb7696e889{ip: 192.168.34.53, host: pr-hdds-2107-sbngl-2106859965, networkLocation: /default-rack, certSerialId: null}28f29a4c-baf6-4c40-b523-744acc0a8c83{ip: 192.168.34.53, host: pr-hdds-2107-sbngl-2106859965, networkLocation: /default-rack, certSerialId: null}c53771ff-a4da-40bc-be42-f397952cb81e{ip: 192.168.34.53, host: pr-hdds-2107-sbngl-2106859965, networkLocation: /default-rack, certSerialId: null}, Type:RATIS, Factor:THREE, State:CLOSED] from datanode c53771ff-a4da-40bc-be42-f397952cb81e{ip: 192.168.34.53, host: pr-hdds-2107-sbngl-2106859965, networkLocation: /default-rack, certSerialId: null}. Reason : c53771ff-a4da-40bc-be42-f397952cb81e has not seen follower/s cccfaecc-560c-4f58-9140-53bb7696e889 for 153977ms 28f29a4c-baf6-4c40-b523-744acc0a8c83 for 153967ms
2019-09-11 02:39:36,678 [EventQueue-PipelineActionsForPipelineActionHandler] INFO  pipeline.SCMPipelineManager (SCMPipelineManager.java:finalizeAndDestroyPipeline(311)) - destroying pipeline:Pipeline[ Id: e24272a4-7e17-41b5-94a9-5fc83eb0e599, Nodes: cccfaecc-560c-4f58-9140-53bb7696e889{ip: 192.168.34.53, host: pr-hdds-2107-sbngl-2106859965, networkLocation: /default-rack, certSerialId: null}28f29a4c-baf6-4c40-b523-744acc0a8c83{ip: 192.168.34.53, host: pr-hdds-2107-sbngl-2106859965, networkLocation: /default-rack, certSerialId: null}c53771ff-a4da-40bc-be42-f397952cb81e{ip: 192.168.34.53, host: pr-hdds-2107-sbngl-2106859965, networkLocation: /default-rack, certSerialId: null}, Type:RATIS, Factor:THREE, State:CLOSED]
2019-09-11 02:39:38,195 [org.apache.ratis.server.impl.LogAppender$AppenderDaemon$$Lambda$515/1517268026@21a0e2bc] ERROR ratis.XceiverServerRatis (XceiverServerRatis.java:triggerPipelineClose(568)) - pipeline Action CLOSE  on pipeline PipelineID=e24272a4-7e17-41b5-94a9-5fc83eb0e599.Reason : c53771ff-a4da-40bc-be42-f397952cb81e has not seen follower/s cccfaecc-560c-4f58-9140-53bb7696e889 for 156478ms 28f29a4c-baf6-4c40-b523-744acc0a8c83 for 156468ms
2019-09-11 02:39:38,195 [org.apache.ratis.server.impl.LogAppender$AppenderDaemon$$Lambda$515/1517268026@39e722d2] ERROR ratis.XceiverServerRatis (XceiverServerRatis.java:triggerPipelineClose(568)) - pipeline Action CLOSE  on pipeline PipelineID=e24272a4-7e17-41b5-94a9-5fc83eb0e599.Reason : c53771ff-a4da-40bc-be42-f397952cb81e has not seen follower/s cccfaecc-560c-4f58-9140-53bb7696e889 for 156478ms 28f29a4c-baf6-4c40-b523-744acc0a8c83 for 156468ms
2019-09-11 02:39:38,679 [EventQueue-PipelineActionsForPipelineActionHandler] ERROR pipeline.PipelineActionHandler (PipelineActionHandler.java:onMessage(60)) - Received pipeline action CLOSE for Pipeline[ Id: e24272a4-7e17-41b5-94a9-5fc83eb0e599, Nodes: cccfaecc-560c-4f58-9140-53bb7696e889{ip: 192.168.34.53, host: pr-hdds-2107-sbngl-2106859965, networkLocation: /default-rack, certSerialId: null}28f29a4c-baf6-4c40-b523-744acc0a8c83{ip: 192.168.34.53, host: pr-hdds-2107-sbngl-2106859965, networkLocation: /default-rack, certSerialId: null}c53771ff-a4da-40bc-be42-f397952cb81e{ip: 192.168.34.53, host: pr-hdds-2107-sbngl-2106859965, networkLocation: /default-rack, certSerialId: null}, Type:RATIS, Factor:THREE, State:CLOSED] from datanode c53771ff-a4da-40bc-be42-f397952cb81e{ip: 192.168.34.53, host: pr-hdds-2107-sbngl-2106859965, networkLocation: /default-rack, certSerialId: null}. Reason : c53771ff-a4da-40bc-be42-f397952cb81e has not seen follower/s cccfaecc-560c-4f58-9140-53bb7696e889 for 156478ms 28f29a4c-baf6-4c40-b523-744acc0a8c83 for 156468ms
2019-09-11 02:39:38,680 [EventQueue-PipelineActionsForPipelineActionHandler] INFO  pipeline.SCMPipelineManager (SCMPipelineManager.java:finalizeAndDestroyPipeline(311)) - destroying pipeline:Pipeline[ Id: e24272a4-7e17-41b5-94a9-5fc83eb0e599, Nodes: cccfaecc-560c-4f58-9140-53bb7696e889{ip: 192.168.34.53, host: pr-hdds-2107-sbngl-2106859965, networkLocation: /default-rack, certSerialId: null}28f29a4c-baf6-4c40-b523-744acc0a8c83{ip: 192.168.34.53, host: pr-hdds-2107-sbngl-2106859965, networkLocation: /default-rack, certSerialId: null}c53771ff-a4da-40bc-be42-f397952cb81e{ip: 192.168.34.53, host: pr-hdds-2107-sbngl-2106859965, networkLocation: /default-rack, certSerialId: null}, Type:RATIS, Factor:THREE, State:CLOSED]
2019-09-11 02:39:38,694 [java.util.concurrent.ThreadPoolExecutor$Worker@43a4256f[State = -1, empty queue]] WARN  server.GrpcLogAppender (GrpcLogAppender.java:timeoutAppendRequest(200)) - c53771ff-a4da-40bc-be42-f397952cb81e@group-5FC83EB0E599->28f29a4c-baf6-4c40-b523-744acc0a8c83-GrpcLogAppender: appendEntries Timeout, request=c53771ff-a4da-40bc-be42-f397952cb81e->28f29a4c-baf6-4c40-b523-744acc0a8c83#79-t1, previous=(t:1, i:17), leaderCommit=10, initializing? false, entries: <empty>
2019-09-11 02:39:38,694 [java.util.concurrent.ThreadPoolExecutor$Worker@f4f9fe6[State = -1, empty queue]] WARN  server.GrpcLogAppender (GrpcLogAppender.java:timeoutAppendRequest(200)) - c53771ff-a4da-40bc-be42-f397952cb81e@group-5FC83EB0E599->cccfaecc-560c-4f58-9140-53bb7696e889-GrpcLogAppender: appendEntries Timeout, request=c53771ff-a4da-40bc-be42-f397952cb81e->cccfaecc-560c-4f58-9140-53bb7696e889#79-t1, previous=(t:1, i:17), leaderCommit=10, initializing? false, entries: <empty>
2019-09-11 02:39:38,946 [grpc-default-executor-7] INFO  client.GrpcClientProtocolClient (GrpcClientProtocolClient.java:onNext(264)) - client-6E43CC49A373->28f29a4c-baf6-4c40-b523-744acc0a8c83: receive RaftClientReply:client-6E43CC49A373->28f29a4c-baf6-4c40-b523-744acc0a8c83@group-5FC83EB0E599, cid=41, FAILED org.apache.ratis.protocol.NotLeaderException: Server 28f29a4c-baf6-4c40-b523-744acc0a8c83@group-5FC83EB0E599 is not the leader c53771ff-a4da-40bc-be42-f397952cb81e:192.168.34.53:37384, logIndex=0, commits[28f29a4c-baf6-4c40-b523-744acc0a8c83:c10, c53771ff-a4da-40bc-be42-f397952cb81e:c10, cccfaecc-560c-4f58-9140-53bb7696e889:c6]
2019-09-11 02:39:40,696 [org.apache.ratis.server.impl.LogAppender$AppenderDaemon$$Lambda$515/1517268026@21a0e2bc] ERROR ratis.XceiverServerRatis (XceiverServerRatis.java:triggerPipelineClose(568)) - pipeline Action CLOSE  on pipeline PipelineID=e24272a4-7e17-41b5-94a9-5fc83eb0e599.Reason : c53771ff-a4da-40bc-be42-f397952cb81e has not seen follower/s cccfaecc-560c-4f58-9140-53bb7696e889 for 158979ms 28f29a4c-baf6-4c40-b523-744acc0a8c83 for 158969ms
2019-09-11 02:39:40,696 [org.apache.ratis.server.impl.LogAppender$AppenderDaemon$$Lambda$515/1517268026@39e722d2] ERROR ratis.XceiverServerRatis (XceiverServerRatis.java:triggerPipelineClose(568)) - pipeline Action CLOSE  on pipeline PipelineID=e24272a4-7e17-41b5-94a9-5fc83eb0e599.Reason : c53771ff-a4da-40bc-be42-f397952cb81e has not seen follower/s cccfaecc-560c-4f58-9140-53bb7696e889 for 158979ms 28f29a4c-baf6-4c40-b523-744acc0a8c83 for 158969ms
2019-09-11 02:39:41,195 [java.util.concurrent.ThreadPoolExecutor$Worker@43a4256f[State = -1, empty queue]] WARN  server.GrpcLogAppender (GrpcLogAppender.java:timeoutAppendRequest(200)) - c53771ff-a4da-40bc-be42-f397952cb81e@group-5FC83EB0E599->28f29a4c-baf6-4c40-b523-744acc0a8c83-GrpcLogAppender: appendEntries Timeout, request=c53771ff-a4da-40bc-be42-f397952cb81e->28f29a4c-baf6-4c40-b523-744acc0a8c83#80-t1, previous=(t:1, i:17), leaderCommit=10, initializing? false, entries: <empty>
2019-09-11 02:39:41,195 [java.util.concurrent.ThreadPoolExecutor$Worker@f4f9fe6[State = -1, empty queue]] WARN  server.GrpcLogAppender (GrpcLogAppender.java:timeoutAppendRequest(200)) - c53771ff-a4da-40bc-be42-f397952cb81e@group-5FC83EB0E599->cccfaecc-560c-4f58-9140-53bb7696e889-GrpcLogAppender: appendEntries Timeout, request=c53771ff-a4da-40bc-be42-f397952cb81e->cccfaecc-560c-4f58-9140-53bb7696e889#80-t1, previous=(t:1, i:17), leaderCommit=10, initializing? false, entries: <empty>
2019-09-11 02:39:41,680 [EventQueue-PipelineActionsForPipelineActionHandler] ERROR pipeline.PipelineActionHandler (PipelineActionHandler.java:onMessage(60)) - Received pipeline action CLOSE for Pipeline[ Id: e24272a4-7e17-41b5-94a9-5fc83eb0e599, Nodes: cccfaecc-560c-4f58-9140-53bb7696e889{ip: 192.168.34.53, host: pr-hdds-2107-sbngl-2106859965, networkLocation: /default-rack, certSerialId: null}28f29a4c-baf6-4c40-b523-744acc0a8c83{ip: 192.168.34.53, host: pr-hdds-2107-sbngl-2106859965, networkLocation: /default-rack, certSerialId: null}c53771ff-a4da-40bc-be42-f397952cb81e{ip: 192.168.34.53, host: pr-hdds-2107-sbngl-2106859965, networkLocation: /default-rack, certSerialId: null}, Type:RATIS, Factor:THREE, State:CLOSED] from datanode c53771ff-a4da-40bc-be42-f397952cb81e{ip: 192.168.34.53, host: pr-hdds-2107-sbngl-2106859965, networkLocation: /default-rack, certSerialId: null}. Reason : c53771ff-a4da-40bc-be42-f397952cb81e has not seen follower/s cccfaecc-560c-4f58-9140-53bb7696e889 for 158979ms 28f29a4c-baf6-4c40-b523-744acc0a8c83 for 158969ms
2019-09-11 02:39:41,680 [EventQueue-PipelineActionsForPipelineActionHandler] INFO  pipeline.SCMPipelineManager (SCMPipelineManager.java:finalizeAndDestroyPipeline(311)) - destroying pipeline:Pipeline[ Id: e24272a4-7e17-41b5-94a9-5fc83eb0e599, Nodes: cccfaecc-560c-4f58-9140-53bb7696e889{ip: 192.168.34.53, host: pr-hdds-2107-sbngl-2106859965, networkLocation: /default-rack, certSerialId: null}28f29a4c-baf6-4c40-b523-744acc0a8c83{ip: 192.168.34.53, host: pr-hdds-2107-sbngl-2106859965, networkLocation: /default-rack, certSerialId: null}c53771ff-a4da-40bc-be42-f397952cb81e{ip: 192.168.34.53, host: pr-hdds-2107-sbngl-2106859965, networkLocation: /default-rack, certSerialId: null}, Type:RATIS, Factor:THREE, State:CLOSED]
2019-09-11 02:39:42,469 [28f29a4c-baf6-4c40-b523-744acc0a8c83@group-5FC83EB0E599-SegmentedRaftLogWorker] WARN  segmented.SegmentedRaftLogWorker (SegmentedRaftLogWorker.java:getFromFuture(90)) - Timeout 15/~
org.apache.ratis.protocol.TimeoutIOException: Timeout 10s: WriteLog:11: (t:1, i:11), STATEMACHINELOGENTRY, client-6E43CC49A373, cid=41-writeStateMachineData
	at org.apache.ratis.util.IOUtils.getFromFuture(IOUtils.java:87)
	at org.apache.ratis.server.raftlog.segmented.SegmentedRaftLogWorker$StateMachineDataPolicy.getFromFuture(SegmentedRaftLogWorker.java:87)
	at org.apache.ratis.server.raftlog.segmented.SegmentedRaftLogWorker$WriteLog.execute(SegmentedRaftLogWorker.java:477)
	at org.apache.ratis.server.raftlog.segmented.SegmentedRaftLogWorker.run(SegmentedRaftLogWorker.java:289)
	at java.lang.Thread.run(Thread.java:748)
Caused by: java.util.concurrent.TimeoutException
	at java.util.concurrent.CompletableFuture.timedGet(CompletableFuture.java:1771)
	at java.util.concurrent.CompletableFuture.get(CompletableFuture.java:1915)
	at org.apache.ratis.util.IOUtils.getFromFuture(IOUtils.java:79)
	... 4 more
2019-09-11 02:39:42,490 [cccfaecc-560c-4f58-9140-53bb7696e889@group-5FC83EB0E599-SegmentedRaftLogWorker] WARN  segmented.SegmentedRaftLogWorker (SegmentedRaftLogWorker.java:getFromFuture(90)) - Timeout 15/~
org.apache.ratis.protocol.TimeoutIOException: Timeout 10s: WriteLog:11: (t:1, i:11), STATEMACHINELOGENTRY, client-6E43CC49A373, cid=41-writeStateMachineData
	at org.apache.ratis.util.IOUtils.getFromFuture(IOUtils.java:87)
	at org.apache.ratis.server.raftlog.segmented.SegmentedRaftLogWorker$StateMachineDataPolicy.getFromFuture(SegmentedRaftLogWorker.java:87)
	at org.apache.ratis.server.raftlog.segmented.SegmentedRaftLogWorker$WriteLog.execute(SegmentedRaftLogWorker.java:477)
	at org.apache.ratis.server.raftlog.segmented.SegmentedRaftLogWorker.run(SegmentedRaftLogWorker.java:289)
	at java.lang.Thread.run(Thread.java:748)
Caused by: java.util.concurrent.TimeoutException
	at java.util.concurrent.CompletableFuture.timedGet(CompletableFuture.java:1771)
	at java.util.concurrent.CompletableFuture.get(CompletableFuture.java:1915)
	at org.apache.ratis.util.IOUtils.getFromFuture(IOUtils.java:79)
	... 4 more
2019-09-11 02:39:42,615 [c53771ff-a4da-40bc-be42-f397952cb81e@group-5FC83EB0E599-SegmentedRaftLogWorker] WARN  segmented.SegmentedRaftLogWorker (SegmentedRaftLogWorker.java:getFromFuture(90)) - Timeout 15/~
org.apache.ratis.protocol.TimeoutIOException: Timeout 10s: WriteLog:12: (t:1, i:12), STATEMACHINELOGENTRY, client-6E43CC49A373, cid=42-writeStateMachineData
	at org.apache.ratis.util.IOUtils.getFromFuture(IOUtils.java:87)
	at org.apache.ratis.server.raftlog.segmented.SegmentedRaftLogWorker$StateMachineDataPolicy.getFromFuture(SegmentedRaftLogWorker.java:87)
	at org.apache.ratis.server.raftlog.segmented.SegmentedRaftLogWorker$WriteLog.execute(SegmentedRaftLogWorker.java:477)
	at org.apache.ratis.server.raftlog.segmented.SegmentedRaftLogWorker.run(SegmentedRaftLogWorker.java:289)
	at java.lang.Thread.run(Thread.java:748)
Caused by: java.util.concurrent.TimeoutException
	at java.util.concurrent.CompletableFuture.timedGet(CompletableFuture.java:1771)
	at java.util.concurrent.CompletableFuture.get(CompletableFuture.java:1915)
	at org.apache.ratis.util.IOUtils.getFromFuture(IOUtils.java:79)
	... 4 more
2019-09-11 02:39:43,027 [grpc-default-executor-1] INFO  impl.RaftServerProxy (RaftServerProxy.java:addNew(89)) - c53771ff-a4da-40bc-be42-f397952cb81e: addNew group-3F730D6994B2:[c53771ff-a4da-40bc-be42-f397952cb81e:192.168.34.53:37384, cccfaecc-560c-4f58-9140-53bb7696e889:192.168.34.53:43087, 28f29a4c-baf6-4c40-b523-744acc0a8c83:192.168.34.53:35385] returns group-3F730D6994B2:java.util.concurrent.CompletableFuture@2faeaf0c[Not completed]
2019-09-11 02:39:43,027 [grpc-default-executor-7] INFO  impl.RaftServerProxy (RaftServerProxy.java:addNew(89)) - cccfaecc-560c-4f58-9140-53bb7696e889: addNew group-3F730D6994B2:[c53771ff-a4da-40bc-be42-f397952cb81e:192.168.34.53:37384, cccfaecc-560c-4f58-9140-53bb7696e889:192.168.34.53:43087, 28f29a4c-baf6-4c40-b523-744acc0a8c83:192.168.34.53:35385] returns group-3F730D6994B2:java.util.concurrent.CompletableFuture@1b3f04ee[Not completed]
2019-09-11 02:39:43,027 [grpc-default-executor-8] INFO  impl.RaftServerProxy (RaftServerProxy.java:addNew(89)) - 28f29a4c-baf6-4c40-b523-744acc0a8c83: addNew group-3F730D6994B2:[c53771ff-a4da-40bc-be42-f397952cb81e:192.168.34.53:37384, cccfaecc-560c-4f58-9140-53bb7696e889:192.168.34.53:43087, 28f29a4c-baf6-4c40-b523-744acc0a8c83:192.168.34.53:35385] returns group-3F730D6994B2:java.util.concurrent.CompletableFuture@2702ee39[Not completed]
2019-09-11 02:39:43,032 [pool-57-thread-1] INFO  impl.RaftServerImpl (RaftServerImpl.java:<init>(95)) - 28f29a4c-baf6-4c40-b523-744acc0a8c83: new RaftServerImpl for group-3F730D6994B2:[c53771ff-a4da-40bc-be42-f397952cb81e:192.168.34.53:37384, cccfaecc-560c-4f58-9140-53bb7696e889:192.168.34.53:43087, 28f29a4c-baf6-4c40-b523-744acc0a8c83:192.168.34.53:35385] with ContainerStateMachine:uninitialized
2019-09-11 02:39:43,032 [pool-57-thread-1] INFO  server.RaftServerConfigKeys (ConfUtils.java:logGet(43)) - raft.server.rpc.timeout.min = 5s (custom)
2019-09-11 02:39:43,032 [pool-57-thread-1] INFO  server.RaftServerConfigKeys (ConfUtils.java:logGet(43)) - raft.server.rpc.timeout.max = 5200ms (custom)
2019-09-11 02:39:43,032 [pool-57-thread-1] INFO  server.RaftServerConfigKeys (ConfUtils.java:logGet(43)) - raft.server.rpcslowness.timeout = 120s (custom)
2019-09-11 02:39:43,032 [pool-57-thread-1] INFO  server.RaftServerConfigKeys (ConfUtils.java:logGet(43)) - raft.server.sleep.deviation.threshold = 300 (default)
2019-09-11 02:39:43,033 [pool-57-thread-1] INFO  server.RaftServerConfigKeys (ConfUtils.java:logGet(43)) - raft.server.log.appender.install.snapshot.enabled = false (custom)
2019-09-11 02:39:43,033 [pool-57-thread-1] INFO  impl.RaftServerImpl (ServerState.java:<init>(103)) - 28f29a4c-baf6-4c40-b523-744acc0a8c83@group-3F730D6994B2: ConfigurationManager, init=-1: [c53771ff-a4da-40bc-be42-f397952cb81e:192.168.34.53:37384, cccfaecc-560c-4f58-9140-53bb7696e889:192.168.34.53:43087, 28f29a4c-baf6-4c40-b523-744acc0a8c83:192.168.34.53:35385], old=null, confs=<EMPTY_MAP>
2019-09-11 02:39:43,033 [pool-47-thread-1] INFO  impl.RaftServerImpl (RaftServerImpl.java:<init>(95)) - cccfaecc-560c-4f58-9140-53bb7696e889: new RaftServerImpl for group-3F730D6994B2:[c53771ff-a4da-40bc-be42-f397952cb81e:192.168.34.53:37384, cccfaecc-560c-4f58-9140-53bb7696e889:192.168.34.53:43087, 28f29a4c-baf6-4c40-b523-744acc0a8c83:192.168.34.53:35385] with ContainerStateMachine:uninitialized
2019-09-11 02:39:43,033 [pool-57-thread-1] INFO  server.RaftServerConfigKeys (ConfUtils.java:logGet(43)) - raft.server.storage.dir = [/workdir/hadoop-ozone/integration-test/target/test-dir/MiniOzoneClusterImpl-3465b5d1-a811-46c9-af46-590ec6677b1b/datanode-3/data/ratis] (custom)
2019-09-11 02:39:43,034 [pool-47-thread-1] INFO  server.RaftServerConfigKeys (ConfUtils.java:logGet(43)) - raft.server.rpc.timeout.min = 5s (custom)
2019-09-11 02:39:43,034 [pool-47-thread-1] INFO  server.RaftServerConfigKeys (ConfUtils.java:logGet(43)) - raft.server.rpc.timeout.max = 5200ms (custom)
2019-09-11 02:39:43,034 [pool-47-thread-1] INFO  server.RaftServerConfigKeys (ConfUtils.java:logGet(43)) - raft.server.rpcslowness.timeout = 120s (custom)
2019-09-11 02:39:43,034 [pool-47-thread-1] INFO  server.RaftServerConfigKeys (ConfUtils.java:logGet(43)) - raft.server.sleep.deviation.threshold = 300 (default)
2019-09-11 02:39:43,034 [pool-47-thread-1] INFO  server.RaftServerConfigKeys (ConfUtils.java:logGet(43)) - raft.server.log.appender.install.snapshot.enabled = false (custom)
2019-09-11 02:39:43,034 [pool-87-thread-1] INFO  impl.RaftServerImpl (RaftServerImpl.java:<init>(95)) - c53771ff-a4da-40bc-be42-f397952cb81e: new RaftServerImpl for group-3F730D6994B2:[c53771ff-a4da-40bc-be42-f397952cb81e:192.168.34.53:37384, cccfaecc-560c-4f58-9140-53bb7696e889:192.168.34.53:43087, 28f29a4c-baf6-4c40-b523-744acc0a8c83:192.168.34.53:35385] with ContainerStateMachine:uninitialized
2019-09-11 02:39:43,034 [pool-47-thread-1] INFO  impl.RaftServerImpl (ServerState.java:<init>(103)) - cccfaecc-560c-4f58-9140-53bb7696e889@group-3F730D6994B2: ConfigurationManager, init=-1: [c53771ff-a4da-40bc-be42-f397952cb81e:192.168.34.53:37384, cccfaecc-560c-4f58-9140-53bb7696e889:192.168.34.53:43087, 28f29a4c-baf6-4c40-b523-744acc0a8c83:192.168.34.53:35385], old=null, confs=<EMPTY_MAP>
2019-09-11 02:39:43,034 [pool-87-thread-1] INFO  server.RaftServerConfigKeys (ConfUtils.java:logGet(43)) - raft.server.rpc.timeout.min = 5s (custom)
2019-09-11 02:39:43,035 [pool-47-thread-1] INFO  server.RaftServerConfigKeys (ConfUtils.java:logGet(43)) - raft.server.storage.dir = [/workdir/hadoop-ozone/integration-test/target/test-dir/MiniOzoneClusterImpl-3465b5d1-a811-46c9-af46-590ec6677b1b/datanode-2/data/ratis] (custom)
2019-09-11 02:39:43,035 [pool-57-thread-1] INFO  storage.RaftStorageDirectory (RaftStorageDirectory.java:analyzeStorage(246)) - The storage directory /workdir/hadoop-ozone/integration-test/target/test-dir/MiniOzoneClusterImpl-3465b5d1-a811-46c9-af46-590ec6677b1b/datanode-3/data/ratis/161771de-e97c-43e9-8583-3f730d6994b2 does not exist. Creating ...
2019-09-11 02:39:43,035 [pool-87-thread-1] INFO  server.RaftServerConfigKeys (ConfUtils.java:logGet(43)) - raft.server.rpc.timeout.max = 5200ms (custom)
2019-09-11 02:39:43,035 [pool-87-thread-1] INFO  server.RaftServerConfigKeys (ConfUtils.java:logGet(43)) - raft.server.rpcslowness.timeout = 120s (custom)
2019-09-11 02:39:43,035 [pool-47-thread-1] INFO  storage.RaftStorageDirectory (RaftStorageDirectory.java:analyzeStorage(246)) - The storage directory /workdir/hadoop-ozone/integration-test/target/test-dir/MiniOzoneClusterImpl-3465b5d1-a811-46c9-af46-590ec6677b1b/datanode-2/data/ratis/161771de-e97c-43e9-8583-3f730d6994b2 does not exist. Creating ...
2019-09-11 02:39:43,035 [pool-87-thread-1] INFO  server.RaftServerConfigKeys (ConfUtils.java:logGet(43)) - raft.server.sleep.deviation.threshold = 300 (default)
2019-09-11 02:39:43,036 [pool-87-thread-1] INFO  server.RaftServerConfigKeys (ConfUtils.java:logGet(43)) - raft.server.log.appender.install.snapshot.enabled = false (custom)
2019-09-11 02:39:43,036 [pool-87-thread-1] INFO  impl.RaftServerImpl (ServerState.java:<init>(103)) - c53771ff-a4da-40bc-be42-f397952cb81e@group-3F730D6994B2: ConfigurationManager, init=-1: [c53771ff-a4da-40bc-be42-f397952cb81e:192.168.34.53:37384, cccfaecc-560c-4f58-9140-53bb7696e889:192.168.34.53:43087, 28f29a4c-baf6-4c40-b523-744acc0a8c83:192.168.34.53:35385], old=null, confs=<EMPTY_MAP>
2019-09-11 02:39:43,036 [pool-87-thread-1] INFO  server.RaftServerConfigKeys (ConfUtils.java:logGet(43)) - raft.server.storage.dir = [/workdir/hadoop-ozone/integration-test/target/test-dir/MiniOzoneClusterImpl-3465b5d1-a811-46c9-af46-590ec6677b1b/datanode-6/data/ratis] (custom)
2019-09-11 02:39:43,036 [pool-87-thread-1] INFO  storage.RaftStorageDirectory (RaftStorageDirectory.java:analyzeStorage(246)) - The storage directory /workdir/hadoop-ozone/integration-test/target/test-dir/MiniOzoneClusterImpl-3465b5d1-a811-46c9-af46-590ec6677b1b/datanode-6/data/ratis/161771de-e97c-43e9-8583-3f730d6994b2 does not exist. Creating ...
2019-09-11 02:39:43,069 [pool-47-thread-1] INFO  storage.RaftStorageDirectory (RaftStorageDirectory.java:tryLock(328)) - Lock on /workdir/hadoop-ozone/integration-test/target/test-dir/MiniOzoneClusterImpl-3465b5d1-a811-46c9-af46-590ec6677b1b/datanode-2/data/ratis/161771de-e97c-43e9-8583-3f730d6994b2/in_use.lock acquired by nodename 11114@pr-hdds-2107-sbngl-2106859965
2019-09-11 02:39:43,069 [pool-87-thread-1] INFO  storage.RaftStorageDirectory (RaftStorageDirectory.java:tryLock(328)) - Lock on /workdir/hadoop-ozone/integration-test/target/test-dir/MiniOzoneClusterImpl-3465b5d1-a811-46c9-af46-590ec6677b1b/datanode-6/data/ratis/161771de-e97c-43e9-8583-3f730d6994b2/in_use.lock acquired by nodename 11114@pr-hdds-2107-sbngl-2106859965
2019-09-11 02:39:43,069 [pool-57-thread-1] INFO  storage.RaftStorageDirectory (RaftStorageDirectory.java:tryLock(328)) - Lock on /workdir/hadoop-ozone/integration-test/target/test-dir/MiniOzoneClusterImpl-3465b5d1-a811-46c9-af46-590ec6677b1b/datanode-3/data/ratis/161771de-e97c-43e9-8583-3f730d6994b2/in_use.lock acquired by nodename 11114@pr-hdds-2107-sbngl-2106859965
2019-09-11 02:39:43,096 [pool-47-thread-1] INFO  storage.RaftStorage (RaftStorage.java:format(72)) - Storage directory /workdir/hadoop-ozone/integration-test/target/test-dir/MiniOzoneClusterImpl-3465b5d1-a811-46c9-af46-590ec6677b1b/datanode-2/data/ratis/161771de-e97c-43e9-8583-3f730d6994b2 has been successfully formatted.
2019-09-11 02:39:43,096 [pool-57-thread-1] INFO  storage.RaftStorage (RaftStorage.java:format(72)) - Storage directory /workdir/hadoop-ozone/integration-test/target/test-dir/MiniOzoneClusterImpl-3465b5d1-a811-46c9-af46-590ec6677b1b/datanode-3/data/ratis/161771de-e97c-43e9-8583-3f730d6994b2 has been successfully formatted.
2019-09-11 02:39:43,096 [pool-87-thread-1] INFO  storage.RaftStorage (RaftStorage.java:format(72)) - Storage directory /workdir/hadoop-ozone/integration-test/target/test-dir/MiniOzoneClusterImpl-3465b5d1-a811-46c9-af46-590ec6677b1b/datanode-6/data/ratis/161771de-e97c-43e9-8583-3f730d6994b2 has been successfully formatted.
2019-09-11 02:39:43,096 [pool-47-thread-1] INFO  ratis.ContainerStateMachine (ContainerStateMachine.java:loadSnapshot(230)) - group-3F730D6994B2: The snapshot info is null. Setting the last applied indexto:(t:0, i:~)
2019-09-11 02:39:43,096 [pool-87-thread-1] INFO  ratis.ContainerStateMachine (ContainerStateMachine.java:loadSnapshot(230)) - group-3F730D6994B2: The snapshot info is null. Setting the last applied indexto:(t:0, i:~)
2019-09-11 02:39:43,096 [pool-57-thread-1] INFO  ratis.ContainerStateMachine (ContainerStateMachine.java:loadSnapshot(230)) - group-3F730D6994B2: The snapshot info is null. Setting the last applied indexto:(t:0, i:~)
2019-09-11 02:39:43,097 [pool-87-thread-1] INFO  server.RaftServerConfigKeys (ConfUtils.java:logGet(43)) - raft.server.notification.no-leader.timeout = 120s (custom)
2019-09-11 02:39:43,097 [pool-47-thread-1] INFO  server.RaftServerConfigKeys (ConfUtils.java:logGet(43)) - raft.server.notification.no-leader.timeout = 120s (custom)
2019-09-11 02:39:43,097 [pool-87-thread-1] INFO  server.RaftServerConfigKeys (ConfUtils.java:logGet(43)) - raft.server.log.use.memory = false (default)
2019-09-11 02:39:43,097 [pool-57-thread-1] INFO  server.RaftServerConfigKeys (ConfUtils.java:logGet(43)) - raft.server.notification.no-leader.timeout = 120s (custom)
2019-09-11 02:39:43,097 [pool-87-thread-1] INFO  server.RaftServerConfigKeys (ConfUtils.java:logGet(43)) - raft.server.log.purge.gap = 1000000 (custom)
2019-09-11 02:39:43,097 [pool-47-thread-1] INFO  server.RaftServerConfigKeys (ConfUtils.java:logGet(43)) - raft.server.log.use.memory = false (default)
2019-09-11 02:39:43,098 [pool-87-thread-1] INFO  server.RaftServerConfigKeys (ConfUtils.java:logGet(43)) - raft.server.log.appender.buffer.byte-limit = 33554432 (custom)
2019-09-11 02:39:43,098 [pool-57-thread-1] INFO  server.RaftServerConfigKeys (ConfUtils.java:logGet(43)) - raft.server.log.use.memory = false (default)
2019-09-11 02:39:43,098 [pool-87-thread-1] INFO  server.RaftServerConfigKeys (ConfUtils.java:logGet(43)) - raft.server.log.segment.size.max = 1048576 (custom)
2019-09-11 02:39:43,098 [pool-47-thread-1] INFO  server.RaftServerConfigKeys (ConfUtils.java:logGet(43)) - raft.server.log.purge.gap = 1000000 (custom)
2019-09-11 02:39:43,098 [pool-87-thread-1] INFO  server.RaftServerConfigKeys (ConfUtils.java:logGet(43)) - raft.server.log.segment.cache.num.max = 2 (custom)
2019-09-11 02:39:43,098 [pool-57-thread-1] INFO  server.RaftServerConfigKeys (ConfUtils.java:logGet(43)) - raft.server.log.purge.gap = 1000000 (custom)
2019-09-11 02:39:43,099 [pool-87-thread-1] INFO  segmented.SegmentedRaftLogWorker (SegmentedRaftLogWorker.java:<init>(172)) - new c53771ff-a4da-40bc-be42-f397952cb81e@group-3F730D6994B2-SegmentedRaftLogWorker for RaftStorage:Storage Directory /workdir/hadoop-ozone/integration-test/target/test-dir/MiniOzoneClusterImpl-3465b5d1-a811-46c9-af46-590ec6677b1b/datanode-6/data/ratis/161771de-e97c-43e9-8583-3f730d6994b2
2019-09-11 02:39:43,099 [pool-47-thread-1] INFO  server.RaftServerConfigKeys (ConfUtils.java:logGet(43)) - raft.server.log.appender.buffer.byte-limit = 33554432 (custom)
2019-09-11 02:39:43,099 [pool-87-thread-1] INFO  server.RaftServerConfigKeys (ConfUtils.java:logGet(43)) - raft.server.log.queue.byte-limit = 2147483647 (custom)
2019-09-11 02:39:43,099 [pool-57-thread-1] INFO  server.RaftServerConfigKeys (ConfUtils.java:logGet(43)) - raft.server.log.appender.buffer.byte-limit = 33554432 (custom)
2019-09-11 02:39:43,100 [pool-87-thread-1] INFO  server.RaftServerConfigKeys (ConfUtils.java:logGet(43)) - raft.server.log.queue.element-limit = 1024 (custom)
2019-09-11 02:39:43,099 [pool-47-thread-1] INFO  server.RaftServerConfigKeys (ConfUtils.java:logGet(43)) - raft.server.log.segment.size.max = 1048576 (custom)
2019-09-11 02:39:43,100 [pool-87-thread-1] INFO  server.RaftServerConfigKeys (ConfUtils.java:logGet(43)) - raft.server.log.segment.size.max = 1048576 (custom)
2019-09-11 02:39:43,100 [pool-57-thread-1] INFO  server.RaftServerConfigKeys (ConfUtils.java:logGet(43)) - raft.server.log.segment.size.max = 1048576 (custom)
2019-09-11 02:39:43,100 [pool-87-thread-1] INFO  server.RaftServerConfigKeys (ConfUtils.java:logGet(43)) - raft.server.log.preallocated.size = 16384 (custom)
2019-09-11 02:39:43,100 [pool-47-thread-1] INFO  server.RaftServerConfigKeys (ConfUtils.java:logGet(43)) - raft.server.log.segment.cache.num.max = 2 (custom)
2019-09-11 02:39:43,101 [pool-87-thread-1] INFO  server.RaftServerConfigKeys (ConfUtils.java:logGet(43)) - raft.server.log.write.buffer.size = 33554432 (custom)
2019-09-11 02:39:43,101 [pool-57-thread-1] INFO  server.RaftServerConfigKeys (ConfUtils.java:logGet(43)) - raft.server.log.segment.cache.num.max = 2 (custom)
2019-09-11 02:39:43,101 [pool-87-thread-1] INFO  server.RaftServerConfigKeys (ConfUtils.java:logGet(43)) - raft.server.log.force.sync.num = 128 (default)
2019-09-11 02:39:43,101 [pool-47-thread-1] INFO  segmented.SegmentedRaftLogWorker (SegmentedRaftLogWorker.java:<init>(172)) - new cccfaecc-560c-4f58-9140-53bb7696e889@group-3F730D6994B2-SegmentedRaftLogWorker for RaftStorage:Storage Directory /workdir/hadoop-ozone/integration-test/target/test-dir/MiniOzoneClusterImpl-3465b5d1-a811-46c9-af46-590ec6677b1b/datanode-2/data/ratis/161771de-e97c-43e9-8583-3f730d6994b2
2019-09-11 02:39:43,101 [pool-87-thread-1] INFO  server.RaftServerConfigKeys (ConfUtils.java:logGet(43)) - raft.server.log.statemachine.data.sync = true (default)
2019-09-11 02:39:43,101 [pool-57-thread-1] INFO  segmented.SegmentedRaftLogWorker (SegmentedRaftLogWorker.java:<init>(172)) - new 28f29a4c-baf6-4c40-b523-744acc0a8c83@group-3F730D6994B2-SegmentedRaftLogWorker for RaftStorage:Storage Directory /workdir/hadoop-ozone/integration-test/target/test-dir/MiniOzoneClusterImpl-3465b5d1-a811-46c9-af46-590ec6677b1b/datanode-3/data/ratis/161771de-e97c-43e9-8583-3f730d6994b2
2019-09-11 02:39:43,102 [pool-87-thread-1] INFO  server.RaftServerConfigKeys (ConfUtils.java:logGet(43)) - raft.server.log.statemachine.data.sync.timeout = 10s (default)
2019-09-11 02:39:43,102 [pool-47-thread-1] INFO  server.RaftServerConfigKeys (ConfUtils.java:logGet(43)) - raft.server.log.queue.byte-limit = 2147483647 (custom)
2019-09-11 02:39:43,102 [pool-87-thread-1] INFO  server.RaftServerConfigKeys (ConfUtils.java:logGet(43)) - raft.server.log.statemachine.data.sync.timeout.retry = -1 (default)
2019-09-11 02:39:43,102 [pool-57-thread-1] INFO  server.RaftServerConfigKeys (ConfUtils.java:logGet(43)) - raft.server.log.queue.byte-limit = 2147483647 (custom)
2019-09-11 02:39:43,102 [pool-87-thread-1] INFO  server.RaftServerConfigKeys (ConfUtils.java:logGet(43)) - raft.server.log.statemachine.data.caching.enabled = true (custom)
2019-09-11 02:39:43,102 [pool-47-thread-1] INFO  server.RaftServerConfigKeys (ConfUtils.java:logGet(43)) - raft.server.log.queue.element-limit = 1024 (custom)
2019-09-11 02:39:43,103 [pool-57-thread-1] INFO  server.RaftServerConfigKeys (ConfUtils.java:logGet(43)) - raft.server.log.queue.element-limit = 1024 (custom)
2019-09-11 02:39:43,103 [pool-47-thread-1] INFO  server.RaftServerConfigKeys (ConfUtils.java:logGet(43)) - raft.server.log.segment.size.max = 1048576 (custom)
2019-09-11 02:39:43,103 [pool-87-thread-1] INFO  segmented.SegmentedRaftLogWorker (SegmentedRaftLogWorker.java:lambda$new$0(132)) - c53771ff-a4da-40bc-be42-f397952cb81e@group-3F730D6994B2-SegmentedRaftLogWorker: flushIndex: setUnconditionally 0 -> -1
2019-09-11 02:39:43,103 [pool-47-thread-1] INFO  server.RaftServerConfigKeys (ConfUtils.java:logGet(43)) - raft.server.log.preallocated.size = 16384 (custom)
2019-09-11 02:39:43,103 [pool-57-thread-1] INFO  server.RaftServerConfigKeys (ConfUtils.java:logGet(43)) - raft.server.log.segment.size.max = 1048576 (custom)
2019-09-11 02:39:43,104 [pool-87-thread-1] INFO  server.RaftServerConfigKeys (ConfUtils.java:logGet(43)) - raft.server.snapshot.auto.trigger.enabled = true (custom)
2019-09-11 02:39:43,104 [pool-87-thread-1] INFO  server.RaftServerConfigKeys (ConfUtils.java:logGet(43)) - raft.server.snapshot.auto.trigger.threshold = 10000 (custom)
2019-09-11 02:39:43,104 [pool-47-thread-1] INFO  server.RaftServerConfigKeys (ConfUtils.java:logGet(43)) - raft.server.log.write.buffer.size = 33554432 (custom)
2019-09-11 02:39:43,104 [pool-87-thread-1] INFO  server.RaftServerConfigKeys (ConfUtils.java:logGet(43)) - raft.server.snapshot.retention.num.files = -1 (default)
2019-09-11 02:39:43,104 [pool-57-thread-1] INFO  server.RaftServerConfigKeys (ConfUtils.java:logGet(43)) - raft.server.log.preallocated.size = 16384 (custom)
2019-09-11 02:39:43,105 [pool-87-thread-1] INFO  server.RaftServerConfigKeys (ConfUtils.java:logGet(43)) - raft.server.retrycache.expirytime = 600000ms (custom)
2019-09-11 02:39:43,105 [pool-47-thread-1] INFO  server.RaftServerConfigKeys (ConfUtils.java:logGet(43)) - raft.server.log.force.sync.num = 128 (default)
2019-09-11 02:39:43,105 [pool-57-thread-1] INFO  server.RaftServerConfigKeys (ConfUtils.java:logGet(43)) - raft.server.log.write.buffer.size = 33554432 (custom)
2019-09-11 02:39:43,105 [pool-47-thread-1] INFO  server.RaftServerConfigKeys (ConfUtils.java:logGet(43)) - raft.server.log.statemachine.data.sync = true (default)
2019-09-11 02:39:43,106 [pool-57-thread-1] INFO  server.RaftServerConfigKeys (ConfUtils.java:logGet(43)) - raft.server.log.force.sync.num = 128 (default)
2019-09-11 02:39:43,106 [pool-47-thread-1] INFO  server.RaftServerConfigKeys (ConfUtils.java:logGet(43)) - raft.server.log.statemachine.data.sync.timeout = 10s (default)
2019-09-11 02:39:43,106 [pool-57-thread-1] INFO  server.RaftServerConfigKeys (ConfUtils.java:logGet(43)) - raft.server.log.statemachine.data.sync = true (default)
2019-09-11 02:39:43,106 [pool-47-thread-1] INFO  server.RaftServerConfigKeys (ConfUtils.java:logGet(43)) - raft.server.log.statemachine.data.sync.timeout.retry = -1 (default)
2019-09-11 02:39:43,106 [pool-57-thread-1] INFO  server.RaftServerConfigKeys (ConfUtils.java:logGet(43)) - raft.server.log.statemachine.data.sync.timeout = 10s (default)
2019-09-11 02:39:43,107 [pool-47-thread-1] INFO  server.RaftServerConfigKeys (ConfUtils.java:logGet(43)) - raft.server.log.statemachine.data.caching.enabled = true (custom)
2019-09-11 02:39:43,107 [pool-57-thread-1] INFO  server.RaftServerConfigKeys (ConfUtils.java:logGet(43)) - raft.server.log.statemachine.data.sync.timeout.retry = -1 (default)
2019-09-11 02:39:43,107 [pool-47-thread-1] INFO  segmented.SegmentedRaftLogWorker (SegmentedRaftLogWorker.java:lambda$new$0(132)) - cccfaecc-560c-4f58-9140-53bb7696e889@group-3F730D6994B2-SegmentedRaftLogWorker: flushIndex: setUnconditionally 0 -> -1
2019-09-11 02:39:43,107 [pool-57-thread-1] INFO  server.RaftServerConfigKeys (ConfUtils.java:logGet(43)) - raft.server.log.statemachine.data.caching.enabled = true (custom)
2019-09-11 02:39:43,108 [pool-47-thread-1] INFO  server.RaftServerConfigKeys (ConfUtils.java:logGet(43)) - raft.server.snapshot.auto.trigger.enabled = true (custom)
2019-09-11 02:39:43,108 [pool-47-thread-1] INFO  server.RaftServerConfigKeys (ConfUtils.java:logGet(43)) - raft.server.snapshot.auto.trigger.threshold = 10000 (custom)
2019-09-11 02:39:43,108 [pool-57-thread-1] INFO  segmented.SegmentedRaftLogWorker (SegmentedRaftLogWorker.java:lambda$new$0(132)) - 28f29a4c-baf6-4c40-b523-744acc0a8c83@group-3F730D6994B2-SegmentedRaftLogWorker: flushIndex: setUnconditionally 0 -> -1
2019-09-11 02:39:43,108 [pool-47-thread-1] INFO  server.RaftServerConfigKeys (ConfUtils.java:logGet(43)) - raft.server.snapshot.retention.num.files = -1 (default)
2019-09-11 02:39:43,108 [pool-57-thread-1] INFO  server.RaftServerConfigKeys (ConfUtils.java:logGet(43)) - raft.server.snapshot.auto.trigger.enabled = true (custom)
2019-09-11 02:39:43,108 [pool-47-thread-1] INFO  server.RaftServerConfigKeys (ConfUtils.java:logGet(43)) - raft.server.retrycache.expirytime = 600000ms (custom)
2019-09-11 02:39:43,109 [pool-57-thread-1] INFO  server.RaftServerConfigKeys (ConfUtils.java:logGet(43)) - raft.server.snapshot.auto.trigger.threshold = 10000 (custom)
2019-09-11 02:39:43,109 [pool-57-thread-1] INFO  server.RaftServerConfigKeys (ConfUtils.java:logGet(43)) - raft.server.snapshot.retention.num.files = -1 (default)
2019-09-11 02:39:43,109 [pool-57-thread-1] INFO  server.RaftServerConfigKeys (ConfUtils.java:logGet(43)) - raft.server.retrycache.expirytime = 600000ms (custom)
2019-09-11 02:39:43,110 [pool-87-thread-1] INFO  impl.RaftServerImpl (RaftServerImpl.java:start(185)) - c53771ff-a4da-40bc-be42-f397952cb81e@group-3F730D6994B2: start as a follower, conf=-1: [c53771ff-a4da-40bc-be42-f397952cb81e:192.168.34.53:37384, cccfaecc-560c-4f58-9140-53bb7696e889:192.168.34.53:43087, 28f29a4c-baf6-4c40-b523-744acc0a8c83:192.168.34.53:35385], old=null
2019-09-11 02:39:43,110 [pool-87-thread-1] INFO  impl.RaftServerImpl (RaftServerImpl.java:setRole(174)) - c53771ff-a4da-40bc-be42-f397952cb81e@group-3F730D6994B2: changes role from      null to FOLLOWER at term 0 for startAsFollower
2019-09-11 02:39:43,110 [pool-87-thread-1] INFO  impl.RoleInfo (RoleInfo.java:updateAndGet(143)) - c53771ff-a4da-40bc-be42-f397952cb81e: start FollowerState
2019-09-11 02:39:43,111 [pool-87-thread-1] INFO  util.JmxRegister (JmxRegister.java:tryRegister(44)) - Successfully registered JMX Bean with object name Ratis:service=RaftServer,group=group-3F730D6994B2,id=c53771ff-a4da-40bc-be42-f397952cb81e
2019-09-11 02:39:43,113 [pool-47-thread-1] INFO  impl.RaftServerImpl (RaftServerImpl.java:start(185)) - cccfaecc-560c-4f58-9140-53bb7696e889@group-3F730D6994B2: start as a follower, conf=-1: [c53771ff-a4da-40bc-be42-f397952cb81e:192.168.34.53:37384, cccfaecc-560c-4f58-9140-53bb7696e889:192.168.34.53:43087, 28f29a4c-baf6-4c40-b523-744acc0a8c83:192.168.34.53:35385], old=null
2019-09-11 02:39:43,114 [pool-47-thread-1] INFO  impl.RaftServerImpl (RaftServerImpl.java:setRole(174)) - cccfaecc-560c-4f58-9140-53bb7696e889@group-3F730D6994B2: changes role from      null to FOLLOWER at term 0 for startAsFollower
2019-09-11 02:39:43,114 [pool-57-thread-1] INFO  impl.RaftServerImpl (RaftServerImpl.java:start(185)) - 28f29a4c-baf6-4c40-b523-744acc0a8c83@group-3F730D6994B2: start as a follower, conf=-1: [c53771ff-a4da-40bc-be42-f397952cb81e:192.168.34.53:37384, cccfaecc-560c-4f58-9140-53bb7696e889:192.168.34.53:43087, 28f29a4c-baf6-4c40-b523-744acc0a8c83:192.168.34.53:35385], old=null
2019-09-11 02:39:43,114 [pool-47-thread-1] INFO  impl.RoleInfo (RoleInfo.java:updateAndGet(143)) - cccfaecc-560c-4f58-9140-53bb7696e889: start FollowerState
2019-09-11 02:39:43,114 [pool-57-thread-1] INFO  impl.RaftServerImpl (RaftServerImpl.java:setRole(174)) - 28f29a4c-baf6-4c40-b523-744acc0a8c83@group-3F730D6994B2: changes role from      null to FOLLOWER at term 0 for startAsFollower
2019-09-11 02:39:43,114 [pool-57-thread-1] INFO  impl.RoleInfo (RoleInfo.java:updateAndGet(143)) - 28f29a4c-baf6-4c40-b523-744acc0a8c83: start FollowerState
2019-09-11 02:39:43,114 [pool-47-thread-1] INFO  util.JmxRegister (JmxRegister.java:tryRegister(44)) - Successfully registered JMX Bean with object name Ratis:service=RaftServer,group=group-3F730D6994B2,id=cccfaecc-560c-4f58-9140-53bb7696e889
2019-09-11 02:39:43,115 [pool-57-thread-1] INFO  util.JmxRegister (JmxRegister.java:tryRegister(44)) - Successfully registered JMX Bean with object name Ratis:service=RaftServer,group=group-3F730D6994B2,id=28f29a4c-baf6-4c40-b523-744acc0a8c83
2019-09-11 02:39:43,118 [RatisPipelineUtilsThread] INFO  pipeline.PipelineStateManager (PipelineStateManager.java:addPipeline(56)) - Created pipeline Pipeline[ Id: 161771de-e97c-43e9-8583-3f730d6994b2, Nodes: cccfaecc-560c-4f58-9140-53bb7696e889{ip: 192.168.34.53, host: pr-hdds-2107-sbngl-2106859965, networkLocation: /default-rack, certSerialId: null}28f29a4c-baf6-4c40-b523-744acc0a8c83{ip: 192.168.34.53, host: pr-hdds-2107-sbngl-2106859965, networkLocation: /default-rack, certSerialId: null}c53771ff-a4da-40bc-be42-f397952cb81e{ip: 192.168.34.53, host: pr-hdds-2107-sbngl-2106859965, networkLocation: /default-rack, certSerialId: null}, Type:RATIS, Factor:THREE, State:OPEN]
2019-09-11 02:39:43,197 [org.apache.ratis.server.impl.LogAppender$AppenderDaemon$$Lambda$515/1517268026@39e722d2] ERROR ratis.XceiverServerRatis (XceiverServerRatis.java:triggerPipelineClose(568)) - pipeline Action CLOSE  on pipeline PipelineID=e24272a4-7e17-41b5-94a9-5fc83eb0e599.Reason : c53771ff-a4da-40bc-be42-f397952cb81e has not seen follower/s cccfaecc-560c-4f58-9140-53bb7696e889 for 161480ms 28f29a4c-baf6-4c40-b523-744acc0a8c83 for 161470ms
2019-09-11 02:39:43,197 [org.apache.ratis.server.impl.LogAppender$AppenderDaemon$$Lambda$515/1517268026@21a0e2bc] ERROR ratis.XceiverServerRatis (XceiverServerRatis.java:triggerPipelineClose(568)) - pipeline Action CLOSE  on pipeline PipelineID=e24272a4-7e17-41b5-94a9-5fc83eb0e599.Reason : c53771ff-a4da-40bc-be42-f397952cb81e has not seen follower/s cccfaecc-560c-4f58-9140-53bb7696e889 for 161480ms 28f29a4c-baf6-4c40-b523-744acc0a8c83 for 161470ms
2019-09-11 02:39:43,679 [EventQueue-PipelineActionsForPipelineActionHandler] ERROR pipeline.PipelineActionHandler (PipelineActionHandler.java:onMessage(60)) - Received pipeline action CLOSE for Pipeline[ Id: e24272a4-7e17-41b5-94a9-5fc83eb0e599, Nodes: cccfaecc-560c-4f58-9140-53bb7696e889{ip: 192.168.34.53, host: pr-hdds-2107-sbngl-2106859965, networkLocation: /default-rack, certSerialId: null}28f29a4c-baf6-4c40-b523-744acc0a8c83{ip: 192.168.34.53, host: pr-hdds-2107-sbngl-2106859965, networkLocation: /default-rack, certSerialId: null}c53771ff-a4da-40bc-be42-f397952cb81e{ip: 192.168.34.53, host: pr-hdds-2107-sbngl-2106859965, networkLocation: /default-rack, certSerialId: null}, Type:RATIS, Factor:THREE, State:CLOSED] from datanode c53771ff-a4da-40bc-be42-f397952cb81e{ip: 192.168.34.53, host: pr-hdds-2107-sbngl-2106859965, networkLocation: /default-rack, certSerialId: null}. Reason : c53771ff-a4da-40bc-be42-f397952cb81e has not seen follower/s cccfaecc-560c-4f58-9140-53bb7696e889 for 161480ms 28f29a4c-baf6-4c40-b523-744acc0a8c83 for 161470ms
2019-09-11 02:39:43,679 [EventQueue-PipelineActionsForPipelineActionHandler] INFO  pipeline.SCMPipelineManager (SCMPipelineManager.java:finalizeAndDestroyPipeline(311)) - destroying pipeline:Pipeline[ Id: e24272a4-7e17-41b5-94a9-5fc83eb0e599, Nodes: cccfaecc-560c-4f58-9140-53bb7696e889{ip: 192.168.34.53, host: pr-hdds-2107-sbngl-2106859965, networkLocation: /default-rack, certSerialId: null}28f29a4c-baf6-4c40-b523-744acc0a8c83{ip: 192.168.34.53, host: pr-hdds-2107-sbngl-2106859965, networkLocation: /default-rack, certSerialId: null}c53771ff-a4da-40bc-be42-f397952cb81e{ip: 192.168.34.53, host: pr-hdds-2107-sbngl-2106859965, networkLocation: /default-rack, certSerialId: null}, Type:RATIS, Factor:THREE, State:CLOSED]
2019-09-11 02:39:43,696 [java.util.concurrent.ThreadPoolExecutor$Worker@43a4256f[State = -1, empty queue]] WARN  server.GrpcLogAppender (GrpcLogAppender.java:timeoutAppendRequest(200)) - c53771ff-a4da-40bc-be42-f397952cb81e@group-5FC83EB0E599->28f29a4c-baf6-4c40-b523-744acc0a8c83-GrpcLogAppender: appendEntries Timeout, request=c53771ff-a4da-40bc-be42-f397952cb81e->28f29a4c-baf6-4c40-b523-744acc0a8c83#81-t1, previous=(t:1, i:17), leaderCommit=10, initializing? false, entries: <empty>
2019-09-11 02:39:43,696 [java.util.concurrent.ThreadPoolExecutor$Worker@f4f9fe6[State = -1, empty queue]] WARN  server.GrpcLogAppender (GrpcLogAppender.java:timeoutAppendRequest(200)) - c53771ff-a4da-40bc-be42-f397952cb81e@group-5FC83EB0E599->cccfaecc-560c-4f58-9140-53bb7696e889-GrpcLogAppender: appendEntries Timeout, request=c53771ff-a4da-40bc-be42-f397952cb81e->cccfaecc-560c-4f58-9140-53bb7696e889#81-t1, previous=(t:1, i:17), leaderCommit=10, initializing? false, entries: <empty>
2019-09-11 02:39:43,986 [grpc-default-executor-8] INFO  client.GrpcClientProtocolClient (GrpcClientProtocolClient.java:onNext(264)) - client-6E43CC49A373->cccfaecc-560c-4f58-9140-53bb7696e889: receive RaftClientReply:client-6E43CC49A373->cccfaecc-560c-4f58-9140-53bb7696e889@group-5FC83EB0E599, cid=41, FAILED org.apache.ratis.protocol.NotLeaderException: Server cccfaecc-560c-4f58-9140-53bb7696e889@group-5FC83EB0E599 is not the leader c53771ff-a4da-40bc-be42-f397952cb81e:192.168.34.53:37384, logIndex=0, commits[cccfaecc-560c-4f58-9140-53bb7696e889:c10, c53771ff-a4da-40bc-be42-f397952cb81e:c10, 28f29a4c-baf6-4c40-b523-744acc0a8c83:c6]
2019-09-11 02:39:45,697 [org.apache.ratis.server.impl.LogAppender$AppenderDaemon$$Lambda$515/1517268026@21a0e2bc] ERROR ratis.XceiverServerRatis (XceiverServerRatis.java:triggerPipelineClose(568)) - pipeline Action CLOSE  on pipeline PipelineID=e24272a4-7e17-41b5-94a9-5fc83eb0e599.Reason : c53771ff-a4da-40bc-be42-f397952cb81e has not seen follower/s cccfaecc-560c-4f58-9140-53bb7696e889 for 163981ms 28f29a4c-baf6-4c40-b523-744acc0a8c83 for 163970ms
2019-09-11 02:39:45,698 [org.apache.ratis.server.impl.LogAppender$AppenderDaemon$$Lambda$515/1517268026@39e722d2] ERROR ratis.XceiverServerRatis (XceiverServerRatis.java:triggerPipelineClose(568)) - pipeline Action CLOSE  on pipeline PipelineID=e24272a4-7e17-41b5-94a9-5fc83eb0e599.Reason : c53771ff-a4da-40bc-be42-f397952cb81e has not seen follower/s cccfaecc-560c-4f58-9140-53bb7696e889 for 163981ms 28f29a4c-baf6-4c40-b523-744acc0a8c83 for 163971ms
2019-09-11 02:39:46,197 [java.util.concurrent.ThreadPoolExecutor$Worker@43a4256f[State = -1, empty queue]] WARN  server.GrpcLogAppender (GrpcLogAppender.java:timeoutAppendRequest(200)) - c53771ff-a4da-40bc-be42-f397952cb81e@group-5FC83EB0E599->28f29a4c-baf6-4c40-b523-744acc0a8c83-GrpcLogAppender: appendEntries Timeout, request=c53771ff-a4da-40bc-be42-f397952cb81e->28f29a4c-baf6-4c40-b523-744acc0a8c83#82-t1, previous=(t:1, i:17), leaderCommit=10, initializing? false, entries: <empty>
2019-09-11 02:39:46,197 [java.util.concurrent.ThreadPoolExecutor$Worker@f4f9fe6[State = -1, empty queue]] WARN  server.GrpcLogAppender (GrpcLogAppender.java:timeoutAppendRequest(200)) - c53771ff-a4da-40bc-be42-f397952cb81e@group-5FC83EB0E599->cccfaecc-560c-4f58-9140-53bb7696e889-GrpcLogAppender: appendEntries Timeout, request=c53771ff-a4da-40bc-be42-f397952cb81e->cccfaecc-560c-4f58-9140-53bb7696e889#82-t1, previous=(t:1, i:17), leaderCommit=10, initializing? false, entries: <empty>
2019-09-11 02:39:46,683 [EventQueue-PipelineActionsForPipelineActionHandler] ERROR pipeline.PipelineActionHandler (PipelineActionHandler.java:onMessage(60)) - Received pipeline action CLOSE for Pipeline[ Id: e24272a4-7e17-41b5-94a9-5fc83eb0e599, Nodes: cccfaecc-560c-4f58-9140-53bb7696e889{ip: 192.168.34.53, host: pr-hdds-2107-sbngl-2106859965, networkLocation: /default-rack, certSerialId: null}28f29a4c-baf6-4c40-b523-744acc0a8c83{ip: 192.168.34.53, host: pr-hdds-2107-sbngl-2106859965, networkLocation: /default-rack, certSerialId: null}c53771ff-a4da-40bc-be42-f397952cb81e{ip: 192.168.34.53, host: pr-hdds-2107-sbngl-2106859965, networkLocation: /default-rack, certSerialId: null}, Type:RATIS, Factor:THREE, State:CLOSED] from datanode c53771ff-a4da-40bc-be42-f397952cb81e{ip: 192.168.34.53, host: pr-hdds-2107-sbngl-2106859965, networkLocation: /default-rack, certSerialId: null}. Reason : c53771ff-a4da-40bc-be42-f397952cb81e has not seen follower/s cccfaecc-560c-4f58-9140-53bb7696e889 for 163981ms 28f29a4c-baf6-4c40-b523-744acc0a8c83 for 163970ms
2019-09-11 02:39:46,684 [EventQueue-PipelineActionsForPipelineActionHandler] INFO  pipeline.SCMPipelineManager (SCMPipelineManager.java:finalizeAndDestroyPipeline(311)) - destroying pipeline:Pipeline[ Id: e24272a4-7e17-41b5-94a9-5fc83eb0e599, Nodes: cccfaecc-560c-4f58-9140-53bb7696e889{ip: 192.168.34.53, host: pr-hdds-2107-sbngl-2106859965, networkLocation: /default-rack, certSerialId: null}28f29a4c-baf6-4c40-b523-744acc0a8c83{ip: 192.168.34.53, host: pr-hdds-2107-sbngl-2106859965, networkLocation: /default-rack, certSerialId: null}c53771ff-a4da-40bc-be42-f397952cb81e{ip: 192.168.34.53, host: pr-hdds-2107-sbngl-2106859965, networkLocation: /default-rack, certSerialId: null}, Type:RATIS, Factor:THREE, State:CLOSED]
2019-09-11 02:39:48,198 [org.apache.ratis.server.impl.LogAppender$AppenderDaemon$$Lambda$515/1517268026@21a0e2bc] ERROR ratis.XceiverServerRatis (XceiverServerRatis.java:triggerPipelineClose(568)) - pipeline Action CLOSE  on pipeline PipelineID=e24272a4-7e17-41b5-94a9-5fc83eb0e599.Reason : c53771ff-a4da-40bc-be42-f397952cb81e has not seen follower/s cccfaecc-560c-4f58-9140-53bb7696e889 for 166481ms 28f29a4c-baf6-4c40-b523-744acc0a8c83 for 166471ms
2019-09-11 02:39:48,199 [org.apache.ratis.server.impl.LogAppender$AppenderDaemon$$Lambda$515/1517268026@39e722d2] ERROR ratis.XceiverServerRatis (XceiverServerRatis.java:triggerPipelineClose(568)) - pipeline Action CLOSE  on pipeline PipelineID=e24272a4-7e17-41b5-94a9-5fc83eb0e599.Reason : c53771ff-a4da-40bc-be42-f397952cb81e has not seen follower/s cccfaecc-560c-4f58-9140-53bb7696e889 for 166483ms 28f29a4c-baf6-4c40-b523-744acc0a8c83 for 166472ms
2019-09-11 02:39:48,203 [Thread-1365] INFO  impl.FollowerState (FollowerState.java:run(106)) - 28f29a4c-baf6-4c40-b523-744acc0a8c83:group-3F730D6994B2 changes to CANDIDATE, lastRpcTime:5088, electionTimeout:5088ms
2019-09-11 02:39:48,204 [Thread-1365] INFO  impl.RoleInfo (RoleInfo.java:shutdownFollowerState(121)) - 28f29a4c-baf6-4c40-b523-744acc0a8c83: shutdown FollowerState
2019-09-11 02:39:48,204 [Thread-1365] INFO  impl.RaftServerImpl (RaftServerImpl.java:setRole(174)) - 28f29a4c-baf6-4c40-b523-744acc0a8c83@group-3F730D6994B2: changes role from  FOLLOWER to CANDIDATE at term 0 for changeToCandidate
2019-09-11 02:39:48,204 [Thread-1365] INFO  impl.RoleInfo (RoleInfo.java:updateAndGet(143)) - 28f29a4c-baf6-4c40-b523-744acc0a8c83: start LeaderElection
2019-09-11 02:39:48,225 [28f29a4c-baf6-4c40-b523-744acc0a8c83@group-3F730D6994B2:LeaderElection15] INFO  impl.LeaderElection (LeaderElection.java:askForVotes(182)) - 28f29a4c-baf6-4c40-b523-744acc0a8c83@group-3F730D6994B2:LeaderElection15: begin an election at term 1 for -1: [c53771ff-a4da-40bc-be42-f397952cb81e:192.168.34.53:37384, cccfaecc-560c-4f58-9140-53bb7696e889:192.168.34.53:43087, 28f29a4c-baf6-4c40-b523-744acc0a8c83:192.168.34.53:35385], old=null
2019-09-11 02:39:48,235 [grpc-default-executor-7] INFO  impl.RaftServerImpl (RaftServerImpl.java:setRole(174)) - c53771ff-a4da-40bc-be42-f397952cb81e@group-3F730D6994B2: changes role from  FOLLOWER to FOLLOWER at term 1 for recognizeCandidate:28f29a4c-baf6-4c40-b523-744acc0a8c83
2019-09-11 02:39:48,235 [grpc-default-executor-8] INFO  impl.RaftServerImpl (RaftServerImpl.java:setRole(174)) - cccfaecc-560c-4f58-9140-53bb7696e889@group-3F730D6994B2: changes role from  FOLLOWER to FOLLOWER at term 1 for recognizeCandidate:28f29a4c-baf6-4c40-b523-744acc0a8c83
2019-09-11 02:39:48,238 [grpc-default-executor-7] INFO  impl.RoleInfo (RoleInfo.java:shutdownFollowerState(121)) - c53771ff-a4da-40bc-be42-f397952cb81e: shutdown FollowerState
2019-09-11 02:39:48,238 [grpc-default-executor-8] INFO  impl.RoleInfo (RoleInfo.java:shutdownFollowerState(121)) - cccfaecc-560c-4f58-9140-53bb7696e889: shutdown FollowerState
2019-09-11 02:39:48,239 [grpc-default-executor-7] INFO  impl.RoleInfo (RoleInfo.java:updateAndGet(143)) - c53771ff-a4da-40bc-be42-f397952cb81e: start FollowerState
2019-09-11 02:39:48,239 [grpc-default-executor-8] INFO  impl.RoleInfo (RoleInfo.java:updateAndGet(143)) - cccfaecc-560c-4f58-9140-53bb7696e889: start FollowerState
2019-09-11 02:39:48,239 [Thread-1364] INFO  impl.FollowerState (FollowerState.java:run(115)) - cccfaecc-560c-4f58-9140-53bb7696e889: FollowerState was interrupted: java.lang.InterruptedException: sleep interrupted
2019-09-11 02:39:48,258 [28f29a4c-baf6-4c40-b523-744acc0a8c83@group-3F730D6994B2:LeaderElection15] INFO  impl.LeaderElection (LeaderElection.java:logAndReturn(56)) - 28f29a4c-baf6-4c40-b523-744acc0a8c83@group-3F730D6994B2:LeaderElection15: Election PASSED; received 1 response(s) [28f29a4c-baf6-4c40-b523-744acc0a8c83<-cccfaecc-560c-4f58-9140-53bb7696e889#0:OK-t1] and 0 exception(s); 28f29a4c-baf6-4c40-b523-744acc0a8c83@group-3F730D6994B2:t1, leader=null, voted=28f29a4c-baf6-4c40-b523-744acc0a8c83, raftlog=28f29a4c-baf6-4c40-b523-744acc0a8c83@group-3F730D6994B2-SegmentedRaftLog:OPENED:c-1,f-1,i0, conf=-1: [c53771ff-a4da-40bc-be42-f397952cb81e:192.168.34.53:37384, cccfaecc-560c-4f58-9140-53bb7696e889:192.168.34.53:43087, 28f29a4c-baf6-4c40-b523-744acc0a8c83:192.168.34.53:35385], old=null
2019-09-11 02:39:48,259 [28f29a4c-baf6-4c40-b523-744acc0a8c83@group-3F730D6994B2:LeaderElection15] INFO  impl.RoleInfo (RoleInfo.java:shutdownLeaderElection(134)) - 28f29a4c-baf6-4c40-b523-744acc0a8c83: shutdown LeaderElection
2019-09-11 02:39:48,261 [28f29a4c-baf6-4c40-b523-744acc0a8c83@group-3F730D6994B2:LeaderElection15] INFO  impl.RaftServerImpl (RaftServerImpl.java:setRole(174)) - 28f29a4c-baf6-4c40-b523-744acc0a8c83@group-3F730D6994B2: changes role from CANDIDATE to LEADER at term 1 for changeToLeader
2019-09-11 02:39:48,261 [28f29a4c-baf6-4c40-b523-744acc0a8c83@group-3F730D6994B2:LeaderElection15] INFO  impl.RaftServerImpl (ServerState.java:setLeader(253)) - 28f29a4c-baf6-4c40-b523-744acc0a8c83@group-3F730D6994B2: change Leader from null to 28f29a4c-baf6-4c40-b523-744acc0a8c83 at term 1 for becomeLeader, leader elected after 5164ms
2019-09-11 02:39:48,261 [28f29a4c-baf6-4c40-b523-744acc0a8c83@group-3F730D6994B2:LeaderElection15] INFO  server.RaftServerConfigKeys (ConfUtils.java:logGet(43)) - raft.server.staging.catchup.gap = 1000 (default)
2019-09-11 02:39:48,262 [28f29a4c-baf6-4c40-b523-744acc0a8c83@group-3F730D6994B2:LeaderElection15] INFO  server.RaftServerConfigKeys (ConfUtils.java:logGet(43)) - raft.server.rpc.sleep.time = 25ms (default)
2019-09-11 02:39:48,262 [28f29a4c-baf6-4c40-b523-744acc0a8c83@group-3F730D6994B2:LeaderElection15] INFO  server.RaftServerConfigKeys (ConfUtils.java:logGet(43)) - raft.server.write.element-limit = 4096 (default)
2019-09-11 02:39:48,262 [28f29a4c-baf6-4c40-b523-744acc0a8c83@group-3F730D6994B2:LeaderElection15] INFO  server.RaftServerConfigKeys (ConfUtils.java:logGet(43)) - raft.server.watch.timeout = 10s (default)
2019-09-11 02:39:48,262 [28f29a4c-baf6-4c40-b523-744acc0a8c83@group-3F730D6994B2:LeaderElection15] INFO  server.RaftServerConfigKeys (ConfUtils.java:logGet(43)) - raft.server.watch.timeout.denomination = 1s (default)
2019-09-11 02:39:48,262 [28f29a4c-baf6-4c40-b523-744acc0a8c83@group-3F730D6994B2:LeaderElection15] INFO  server.RaftServerConfigKeys (ConfUtils.java:logGet(43)) - raft.server.watch.element-limit = 65536 (default)
2019-09-11 02:39:48,267 [28f29a4c-baf6-4c40-b523-744acc0a8c83@group-3F730D6994B2:LeaderElection15] INFO  server.RaftServerConfigKeys (ConfUtils.java:logGet(43)) - raft.server.log.appender.snapshot.chunk.size.max = 16MB (=16777216) (default)
2019-09-11 02:39:48,267 [28f29a4c-baf6-4c40-b523-744acc0a8c83@group-3F730D6994B2:LeaderElection15] INFO  server.RaftServerConfigKeys (ConfUtils.java:logGet(43)) - raft.server.log.appender.buffer.byte-limit = 33554432 (custom)
2019-09-11 02:39:48,267 [28f29a4c-baf6-4c40-b523-744acc0a8c83@group-3F730D6994B2:LeaderElection15] INFO  server.RaftServerConfigKeys (ConfUtils.java:logGet(43)) - raft.server.log.appender.buffer.element-limit = 1 (custom)
2019-09-11 02:39:48,268 [28f29a4c-baf6-4c40-b523-744acc0a8c83@group-3F730D6994B2:LeaderElection15] INFO  grpc.GrpcConfigKeys$Server (ConfUtils.java:logGet(43)) - raft.grpc.server.leader.outstanding.appends.max = 128 (default)
2019-09-11 02:39:48,268 [28f29a4c-baf6-4c40-b523-744acc0a8c83@group-3F730D6994B2:LeaderElection15] INFO  server.RaftServerConfigKeys (ConfUtils.java:logGet(43)) - raft.server.rpc.request.timeout = 3000ms (default)
2019-09-11 02:39:48,268 [28f29a4c-baf6-4c40-b523-744acc0a8c83@group-3F730D6994B2:LeaderElection15] INFO  server.RaftServerConfigKeys (ConfUtils.java:logGet(43)) - raft.server.log.appender.install.snapshot.enabled = false (custom)
2019-09-11 02:39:48,268 [28f29a4c-baf6-4c40-b523-744acc0a8c83@group-3F730D6994B2:LeaderElection15] INFO  server.RaftServerConfigKeys (ConfUtils.java:logGet(43)) - raft.server.log.appender.snapshot.chunk.size.max = 16MB (=16777216) (default)
2019-09-11 02:39:48,268 [28f29a4c-baf6-4c40-b523-744acc0a8c83@group-3F730D6994B2:LeaderElection15] INFO  server.RaftServerConfigKeys (ConfUtils.java:logGet(43)) - raft.server.log.appender.buffer.byte-limit = 33554432 (custom)
2019-09-11 02:39:48,269 [28f29a4c-baf6-4c40-b523-744acc0a8c83@group-3F730D6994B2:LeaderElection15] INFO  server.RaftServerConfigKeys (ConfUtils.java:logGet(43)) - raft.server.log.appender.buffer.element-limit = 1 (custom)
2019-09-11 02:39:48,269 [28f29a4c-baf6-4c40-b523-744acc0a8c83@group-3F730D6994B2:LeaderElection15] INFO  grpc.GrpcConfigKeys$Server (ConfUtils.java:logGet(43)) - raft.grpc.server.leader.outstanding.appends.max = 128 (default)
2019-09-11 02:39:48,269 [28f29a4c-baf6-4c40-b523-744acc0a8c83@group-3F730D6994B2:LeaderElection15] INFO  server.RaftServerConfigKeys (ConfUtils.java:logGet(43)) - raft.server.rpc.request.timeout = 3000ms (default)
2019-09-11 02:39:48,269 [28f29a4c-baf6-4c40-b523-744acc0a8c83@group-3F730D6994B2:LeaderElection15] INFO  server.RaftServerConfigKeys (ConfUtils.java:logGet(43)) - raft.server.log.appender.install.snapshot.enabled = false (custom)
2019-09-11 02:39:48,270 [28f29a4c-baf6-4c40-b523-744acc0a8c83@group-3F730D6994B2:LeaderElection15] INFO  impl.RoleInfo (RoleInfo.java:updateAndGet(143)) - 28f29a4c-baf6-4c40-b523-744acc0a8c83: start LeaderState
2019-09-11 02:39:48,270 [28f29a4c-baf6-4c40-b523-744acc0a8c83@group-3F730D6994B2:LeaderElection15] INFO  segmented.SegmentedRaftLogWorker (SegmentedRaftLogWorker.java:startLogSegment(380)) - 28f29a4c-baf6-4c40-b523-744acc0a8c83@group-3F730D6994B2-SegmentedRaftLogWorker: Starting segment from index:0
2019-09-11 02:39:48,271 [28f29a4c-baf6-4c40-b523-744acc0a8c83@group-3F730D6994B2:LeaderElection15] INFO  impl.RaftServerImpl (ServerState.java:setRaftConf(354)) - 28f29a4c-baf6-4c40-b523-744acc0a8c83@group-3F730D6994B2: set configuration 0: [c53771ff-a4da-40bc-be42-f397952cb81e:192.168.34.53:37384, cccfaecc-560c-4f58-9140-53bb7696e889:192.168.34.53:43087, 28f29a4c-baf6-4c40-b523-744acc0a8c83:192.168.34.53:35385], old=null at 0
2019-09-11 02:39:48,305 [grpc-default-executor-8] INFO  impl.RaftServerImpl (ServerState.java:setLeader(253)) - c53771ff-a4da-40bc-be42-f397952cb81e@group-3F730D6994B2: change Leader from null to 28f29a4c-baf6-4c40-b523-744acc0a8c83 at term 1 for appendEntries, leader elected after 5208ms
2019-09-11 02:39:48,307 [grpc-default-executor-7] INFO  impl.RaftServerImpl (ServerState.java:setLeader(253)) - cccfaecc-560c-4f58-9140-53bb7696e889@group-3F730D6994B2: change Leader from null to 28f29a4c-baf6-4c40-b523-744acc0a8c83 at term 1 for appendEntries, leader elected after 5210ms
2019-09-11 02:39:48,310 [grpc-default-executor-7] INFO  impl.RaftServerImpl (ServerState.java:setRaftConf(354)) - c53771ff-a4da-40bc-be42-f397952cb81e@group-3F730D6994B2: set configuration 0: [c53771ff-a4da-40bc-be42-f397952cb81e:192.168.34.53:37384, cccfaecc-560c-4f58-9140-53bb7696e889:192.168.34.53:43087, 28f29a4c-baf6-4c40-b523-744acc0a8c83:192.168.34.53:35385], old=null at 0
2019-09-11 02:39:48,310 [grpc-default-executor-8] INFO  impl.RaftServerImpl (ServerState.java:setRaftConf(354)) - cccfaecc-560c-4f58-9140-53bb7696e889@group-3F730D6994B2: set configuration 0: [c53771ff-a4da-40bc-be42-f397952cb81e:192.168.34.53:37384, cccfaecc-560c-4f58-9140-53bb7696e889:192.168.34.53:43087, 28f29a4c-baf6-4c40-b523-744acc0a8c83:192.168.34.53:35385], old=null at 0
2019-09-11 02:39:48,310 [grpc-default-executor-7] INFO  segmented.SegmentedRaftLogWorker (SegmentedRaftLogWorker.java:startLogSegment(380)) - c53771ff-a4da-40bc-be42-f397952cb81e@group-3F730D6994B2-SegmentedRaftLogWorker: Starting segment from index:0
2019-09-11 02:39:48,310 [grpc-default-executor-8] INFO  segmented.SegmentedRaftLogWorker (SegmentedRaftLogWorker.java:startLogSegment(380)) - cccfaecc-560c-4f58-9140-53bb7696e889@group-3F730D6994B2-SegmentedRaftLogWorker: Starting segment from index:0
2019-09-11 02:39:48,329 [28f29a4c-baf6-4c40-b523-744acc0a8c83@group-3F730D6994B2-SegmentedRaftLogWorker] INFO  segmented.SegmentedRaftLogWorker (SegmentedRaftLogWorker.java:execute(569)) - 28f29a4c-baf6-4c40-b523-744acc0a8c83@group-3F730D6994B2-SegmentedRaftLogWorker: created new log segment /workdir/hadoop-ozone/integration-test/target/test-dir/MiniOzoneClusterImpl-3465b5d1-a811-46c9-af46-590ec6677b1b/datanode-3/data/ratis/161771de-e97c-43e9-8583-3f730d6994b2/current/log_inprogress_0
2019-09-11 02:39:48,356 [cccfaecc-560c-4f58-9140-53bb7696e889@group-3F730D6994B2-SegmentedRaftLogWorker] INFO  segmented.SegmentedRaftLogWorker (SegmentedRaftLogWorker.java:execute(569)) - cccfaecc-560c-4f58-9140-53bb7696e889@group-3F730D6994B2-SegmentedRaftLogWorker: created new log segment /workdir/hadoop-ozone/integration-test/target/test-dir/MiniOzoneClusterImpl-3465b5d1-a811-46c9-af46-590ec6677b1b/datanode-2/data/ratis/161771de-e97c-43e9-8583-3f730d6994b2/current/log_inprogress_0
2019-09-11 02:39:48,356 [c53771ff-a4da-40bc-be42-f397952cb81e@group-3F730D6994B2-SegmentedRaftLogWorker] INFO  segmented.SegmentedRaftLogWorker (SegmentedRaftLogWorker.java:execute(569)) - c53771ff-a4da-40bc-be42-f397952cb81e@group-3F730D6994B2-SegmentedRaftLogWorker: created new log segment /workdir/hadoop-ozone/integration-test/target/test-dir/MiniOzoneClusterImpl-3465b5d1-a811-46c9-af46-590ec6677b1b/datanode-6/data/ratis/161771de-e97c-43e9-8583-3f730d6994b2/current/log_inprogress_0
2019-09-11 02:39:48,683 [EventQueue-PipelineActionsForPipelineActionHandler] ERROR pipeline.PipelineActionHandler (PipelineActionHandler.java:onMessage(60)) - Received pipeline action CLOSE for Pipeline[ Id: e24272a4-7e17-41b5-94a9-5fc83eb0e599, Nodes: cccfaecc-560c-4f58-9140-53bb7696e889{ip: 192.168.34.53, host: pr-hdds-2107-sbngl-2106859965, networkLocation: /default-rack, certSerialId: null}28f29a4c-baf6-4c40-b523-744acc0a8c83{ip: 192.168.34.53, host: pr-hdds-2107-sbngl-2106859965, networkLocation: /default-rack, certSerialId: null}c53771ff-a4da-40bc-be42-f397952cb81e{ip: 192.168.34.53, host: pr-hdds-2107-sbngl-2106859965, networkLocation: /default-rack, certSerialId: null}, Type:RATIS, Factor:THREE, State:CLOSED] from datanode c53771ff-a4da-40bc-be42-f397952cb81e{ip: 192.168.34.53, host: pr-hdds-2107-sbngl-2106859965, networkLocation: /default-rack, certSerialId: null}. Reason : c53771ff-a4da-40bc-be42-f397952cb81e has not seen follower/s cccfaecc-560c-4f58-9140-53bb7696e889 for 166481ms 28f29a4c-baf6-4c40-b523-744acc0a8c83 for 166471ms
2019-09-11 02:39:48,684 [EventQueue-PipelineActionsForPipelineActionHandler] INFO  pipeline.SCMPipelineManager (SCMPipelineManager.java:finalizeAndDestroyPipeline(311)) - destroying pipeline:Pipeline[ Id: e24272a4-7e17-41b5-94a9-5fc83eb0e599, Nodes: cccfaecc-560c-4f58-9140-53bb7696e889{ip: 192.168.34.53, host: pr-hdds-2107-sbngl-2106859965, networkLocation: /default-rack, certSerialId: null}28f29a4c-baf6-4c40-b523-744acc0a8c83{ip: 192.168.34.53, host: pr-hdds-2107-sbngl-2106859965, networkLocation: /default-rack, certSerialId: null}c53771ff-a4da-40bc-be42-f397952cb81e{ip: 192.168.34.53, host: pr-hdds-2107-sbngl-2106859965, networkLocation: /default-rack, certSerialId: null}, Type:RATIS, Factor:THREE, State:CLOSED]
2019-09-11 02:39:48,697 [java.util.concurrent.ThreadPoolExecutor$Worker@43a4256f[State = -1, empty queue]] WARN  server.GrpcLogAppender (GrpcLogAppender.java:timeoutAppendRequest(200)) - c53771ff-a4da-40bc-be42-f397952cb81e@group-5FC83EB0E599->28f29a4c-baf6-4c40-b523-744acc0a8c83-GrpcLogAppender: appendEntries Timeout, request=c53771ff-a4da-40bc-be42-f397952cb81e->28f29a4c-baf6-4c40-b523-744acc0a8c83#83-t1, previous=(t:1, i:17), leaderCommit=10, initializing? false, entries: <empty>
2019-09-11 02:39:48,698 [java.util.concurrent.ThreadPoolExecutor$Worker@f4f9fe6[State = -1, empty queue]] WARN  server.GrpcLogAppender (GrpcLogAppender.java:timeoutAppendRequest(200)) - c53771ff-a4da-40bc-be42-f397952cb81e@group-5FC83EB0E599->cccfaecc-560c-4f58-9140-53bb7696e889-GrpcLogAppender: appendEntries Timeout, request=c53771ff-a4da-40bc-be42-f397952cb81e->cccfaecc-560c-4f58-9140-53bb7696e889#83-t1, previous=(t:1, i:17), leaderCommit=10, initializing? false, entries: <empty>
2019-09-11 02:39:49,036 [grpc-default-executor-8] INFO  client.GrpcClientProtocolClient (GrpcClientProtocolClient.java:onNext(264)) - client-6E43CC49A373->28f29a4c-baf6-4c40-b523-744acc0a8c83: receive RaftClientReply:client-6E43CC49A373->28f29a4c-baf6-4c40-b523-744acc0a8c83@group-5FC83EB0E599, cid=41, FAILED org.apache.ratis.protocol.NotLeaderException: Server 28f29a4c-baf6-4c40-b523-744acc0a8c83@group-5FC83EB0E599 is not the leader c53771ff-a4da-40bc-be42-f397952cb81e:192.168.34.53:37384, logIndex=0, commits[28f29a4c-baf6-4c40-b523-744acc0a8c83:c10, c53771ff-a4da-40bc-be42-f397952cb81e:c10, cccfaecc-560c-4f58-9140-53bb7696e889:c6]
2019-09-11 02:39:50,699 [org.apache.ratis.server.impl.LogAppender$AppenderDaemon$$Lambda$515/1517268026@21a0e2bc] ERROR ratis.XceiverServerRatis (XceiverServerRatis.java:triggerPipelineClose(568)) - pipeline Action CLOSE  on pipeline PipelineID=e24272a4-7e17-41b5-94a9-5fc83eb0e599.Reason : c53771ff-a4da-40bc-be42-f397952cb81e has not seen follower/s cccfaecc-560c-4f58-9140-53bb7696e889 for 168982ms 28f29a4c-baf6-4c40-b523-744acc0a8c83 for 168972ms
2019-09-11 02:39:50,700 [org.apache.ratis.server.impl.LogAppender$AppenderDaemon$$Lambda$515/1517268026@39e722d2] ERROR ratis.XceiverServerRatis (XceiverServerRatis.java:triggerPipelineClose(568)) - pipeline Action CLOSE  on pipeline PipelineID=e24272a4-7e17-41b5-94a9-5fc83eb0e599.Reason : c53771ff-a4da-40bc-be42-f397952cb81e has not seen follower/s cccfaecc-560c-4f58-9140-53bb7696e889 for 168983ms 28f29a4c-baf6-4c40-b523-744acc0a8c83 for 168973ms
2019-09-11 02:39:51,198 [java.util.concurrent.ThreadPoolExecutor$Worker@43a4256f[State = -1, empty queue]] WARN  server.GrpcLogAppender (GrpcLogAppender.java:timeoutAppendRequest(200)) - c53771ff-a4da-40bc-be42-f397952cb81e@group-5FC83EB0E599->28f29a4c-baf6-4c40-b523-744acc0a8c83-GrpcLogAppender: appendEntries Timeout, request=c53771ff-a4da-40bc-be42-f397952cb81e->28f29a4c-baf6-4c40-b523-744acc0a8c83#84-t1, previous=(t:1, i:17), leaderCommit=10, initializing? false, entries: <empty>
2019-09-11 02:39:51,199 [java.util.concurrent.ThreadPoolExecutor$Worker@f4f9fe6[State = -1, empty queue]] WARN  server.GrpcLogAppender (GrpcLogAppender.java:timeoutAppendRequest(200)) - c53771ff-a4da-40bc-be42-f397952cb81e@group-5FC83EB0E599->cccfaecc-560c-4f58-9140-53bb7696e889-GrpcLogAppender: appendEntries Timeout, request=c53771ff-a4da-40bc-be42-f397952cb81e->cccfaecc-560c-4f58-9140-53bb7696e889#84-t1, previous=(t:1, i:17), leaderCommit=10, initializing? false, entries: <empty>
2019-09-11 02:39:51,682 [EventQueue-PipelineActionsForPipelineActionHandler] ERROR pipeline.PipelineActionHandler (PipelineActionHandler.java:onMessage(60)) - Received pipeline action CLOSE for Pipeline[ Id: e24272a4-7e17-41b5-94a9-5fc83eb0e599, Nodes: cccfaecc-560c-4f58-9140-53bb7696e889{ip: 192.168.34.53, host: pr-hdds-2107-sbngl-2106859965, networkLocation: /default-rack, certSerialId: null}28f29a4c-baf6-4c40-b523-744acc0a8c83{ip: 192.168.34.53, host: pr-hdds-2107-sbngl-2106859965, networkLocation: /default-rack, certSerialId: null}c53771ff-a4da-40bc-be42-f397952cb81e{ip: 192.168.34.53, host: pr-hdds-2107-sbngl-2106859965, networkLocation: /default-rack, certSerialId: null}, Type:RATIS, Factor:THREE, State:CLOSED] from datanode c53771ff-a4da-40bc-be42-f397952cb81e{ip: 192.168.34.53, host: pr-hdds-2107-sbngl-2106859965, networkLocation: /default-rack, certSerialId: null}. Reason : c53771ff-a4da-40bc-be42-f397952cb81e has not seen follower/s cccfaecc-560c-4f58-9140-53bb7696e889 for 168982ms 28f29a4c-baf6-4c40-b523-744acc0a8c83 for 168972ms
2019-09-11 02:39:51,682 [EventQueue-PipelineActionsForPipelineActionHandler] INFO  pipeline.SCMPipelineManager (SCMPipelineManager.java:finalizeAndDestroyPipeline(311)) - destroying pipeline:Pipeline[ Id: e24272a4-7e17-41b5-94a9-5fc83eb0e599, Nodes: cccfaecc-560c-4f58-9140-53bb7696e889{ip: 192.168.34.53, host: pr-hdds-2107-sbngl-2106859965, networkLocation: /default-rack, certSerialId: null}28f29a4c-baf6-4c40-b523-744acc0a8c83{ip: 192.168.34.53, host: pr-hdds-2107-sbngl-2106859965, networkLocation: /default-rack, certSerialId: null}c53771ff-a4da-40bc-be42-f397952cb81e{ip: 192.168.34.53, host: pr-hdds-2107-sbngl-2106859965, networkLocation: /default-rack, certSerialId: null}, Type:RATIS, Factor:THREE, State:CLOSED]
2019-09-11 02:39:52,471 [28f29a4c-baf6-4c40-b523-744acc0a8c83@group-5FC83EB0E599-SegmentedRaftLogWorker] WARN  segmented.SegmentedRaftLogWorker (SegmentedRaftLogWorker.java:getFromFuture(90)) - Timeout 16/~
org.apache.ratis.protocol.TimeoutIOException: Timeout 10s: WriteLog:11: (t:1, i:11), STATEMACHINELOGENTRY, client-6E43CC49A373, cid=41-writeStateMachineData
	at org.apache.ratis.util.IOUtils.getFromFuture(IOUtils.java:87)
	at org.apache.ratis.server.raftlog.segmented.SegmentedRaftLogWorker$StateMachineDataPolicy.getFromFuture(SegmentedRaftLogWorker.java:87)
	at org.apache.ratis.server.raftlog.segmented.SegmentedRaftLogWorker$WriteLog.execute(SegmentedRaftLogWorker.java:477)
	at org.apache.ratis.server.raftlog.segmented.SegmentedRaftLogWorker.run(SegmentedRaftLogWorker.java:289)
	at java.lang.Thread.run(Thread.java:748)
Caused by: java.util.concurrent.TimeoutException
	at java.util.concurrent.CompletableFuture.timedGet(CompletableFuture.java:1771)
	at java.util.concurrent.CompletableFuture.get(CompletableFuture.java:1915)
	at org.apache.ratis.util.IOUtils.getFromFuture(IOUtils.java:79)
	... 4 more
2019-09-11 02:39:52,522 [cccfaecc-560c-4f58-9140-53bb7696e889@group-5FC83EB0E599-SegmentedRaftLogWorker] WARN  segmented.SegmentedRaftLogWorker (SegmentedRaftLogWorker.java:getFromFuture(90)) - Timeout 16/~
org.apache.ratis.protocol.TimeoutIOException: Timeout 10s: WriteLog:11: (t:1, i:11), STATEMACHINELOGENTRY, client-6E43CC49A373, cid=41-writeStateMachineData
	at org.apache.ratis.util.IOUtils.getFromFuture(IOUtils.java:87)
	at org.apache.ratis.server.raftlog.segmented.SegmentedRaftLogWorker$StateMachineDataPolicy.getFromFuture(SegmentedRaftLogWorker.java:87)
	at org.apache.ratis.server.raftlog.segmented.SegmentedRaftLogWorker$WriteLog.execute(SegmentedRaftLogWorker.java:477)
	at org.apache.ratis.server.raftlog.segmented.SegmentedRaftLogWorker.run(SegmentedRaftLogWorker.java:289)
	at java.lang.Thread.run(Thread.java:748)
Caused by: java.util.concurrent.TimeoutException
	at java.util.concurrent.CompletableFuture.timedGet(CompletableFuture.java:1771)
	at java.util.concurrent.CompletableFuture.get(CompletableFuture.java:1915)
	at org.apache.ratis.util.IOUtils.getFromFuture(IOUtils.java:79)
	... 4 more
2019-09-11 02:39:52,617 [c53771ff-a4da-40bc-be42-f397952cb81e@group-5FC83EB0E599-SegmentedRaftLogWorker] WARN  segmented.SegmentedRaftLogWorker (SegmentedRaftLogWorker.java:getFromFuture(90)) - Timeout 16/~
org.apache.ratis.protocol.TimeoutIOException: Timeout 10s: WriteLog:12: (t:1, i:12), STATEMACHINELOGENTRY, client-6E43CC49A373, cid=42-writeStateMachineData
	at org.apache.ratis.util.IOUtils.getFromFuture(IOUtils.java:87)
	at org.apache.ratis.server.raftlog.segmented.SegmentedRaftLogWorker$StateMachineDataPolicy.getFromFuture(SegmentedRaftLogWorker.java:87)
	at org.apache.ratis.server.raftlog.segmented.SegmentedRaftLogWorker$WriteLog.execute(SegmentedRaftLogWorker.java:477)
	at org.apache.ratis.server.raftlog.segmented.SegmentedRaftLogWorker.run(SegmentedRaftLogWorker.java:289)
	at java.lang.Thread.run(Thread.java:748)
Caused by: java.util.concurrent.TimeoutException
	at java.util.concurrent.CompletableFuture.timedGet(CompletableFuture.java:1771)
	at java.util.concurrent.CompletableFuture.get(CompletableFuture.java:1915)
	at org.apache.ratis.util.IOUtils.getFromFuture(IOUtils.java:79)
	... 4 more
2019-09-11 02:39:53,200 [org.apache.ratis.server.impl.LogAppender$AppenderDaemon$$Lambda$515/1517268026@21a0e2bc] ERROR ratis.XceiverServerRatis (XceiverServerRatis.java:triggerPipelineClose(568)) - pipeline Action CLOSE  on pipeline PipelineID=e24272a4-7e17-41b5-94a9-5fc83eb0e599.Reason : c53771ff-a4da-40bc-be42-f397952cb81e has not seen follower/s cccfaecc-560c-4f58-9140-53bb7696e889 for 171484ms 28f29a4c-baf6-4c40-b523-744acc0a8c83 for 171473ms
2019-09-11 02:39:53,200 [org.apache.ratis.server.impl.LogAppender$AppenderDaemon$$Lambda$515/1517268026@39e722d2] ERROR ratis.XceiverServerRatis (XceiverServerRatis.java:triggerPipelineClose(568)) - pipeline Action CLOSE  on pipeline PipelineID=e24272a4-7e17-41b5-94a9-5fc83eb0e599.Reason : c53771ff-a4da-40bc-be42-f397952cb81e has not seen follower/s cccfaecc-560c-4f58-9140-53bb7696e889 for 171484ms 28f29a4c-baf6-4c40-b523-744acc0a8c83 for 171473ms
2019-09-11 02:39:53,682 [EventQueue-PipelineActionsForPipelineActionHandler] ERROR pipeline.PipelineActionHandler (PipelineActionHandler.java:onMessage(60)) - Received pipeline action CLOSE for Pipeline[ Id: e24272a4-7e17-41b5-94a9-5fc83eb0e599, Nodes: cccfaecc-560c-4f58-9140-53bb7696e889{ip: 192.168.34.53, host: pr-hdds-2107-sbngl-2106859965, networkLocation: /default-rack, certSerialId: null}28f29a4c-baf6-4c40-b523-744acc0a8c83{ip: 192.168.34.53, host: pr-hdds-2107-sbngl-2106859965, networkLocation: /default-rack, certSerialId: null}c53771ff-a4da-40bc-be42-f397952cb81e{ip: 192.168.34.53, host: pr-hdds-2107-sbngl-2106859965, networkLocation: /default-rack, certSerialId: null}, Type:RATIS, Factor:THREE, State:CLOSED] from datanode c53771ff-a4da-40bc-be42-f397952cb81e{ip: 192.168.34.53, host: pr-hdds-2107-sbngl-2106859965, networkLocation: /default-rack, certSerialId: null}. Reason : c53771ff-a4da-40bc-be42-f397952cb81e has not seen follower/s cccfaecc-560c-4f58-9140-53bb7696e889 for 171484ms 28f29a4c-baf6-4c40-b523-744acc0a8c83 for 171473ms
2019-09-11 02:39:53,682 [EventQueue-PipelineActionsForPipelineActionHandler] INFO  pipeline.SCMPipelineManager (SCMPipelineManager.java:finalizeAndDestroyPipeline(311)) - destroying pipeline:Pipeline[ Id: e24272a4-7e17-41b5-94a9-5fc83eb0e599, Nodes: cccfaecc-560c-4f58-9140-53bb7696e889{ip: 192.168.34.53, host: pr-hdds-2107-sbngl-2106859965, networkLocation: /default-rack, certSerialId: null}28f29a4c-baf6-4c40-b523-744acc0a8c83{ip: 192.168.34.53, host: pr-hdds-2107-sbngl-2106859965, networkLocation: /default-rack, certSerialId: null}c53771ff-a4da-40bc-be42-f397952cb81e{ip: 192.168.34.53, host: pr-hdds-2107-sbngl-2106859965, networkLocation: /default-rack, certSerialId: null}, Type:RATIS, Factor:THREE, State:CLOSED]
2019-09-11 02:39:53,699 [java.util.concurrent.ThreadPoolExecutor$Worker@43a4256f[State = -1, empty queue]] WARN  server.GrpcLogAppender (GrpcLogAppender.java:timeoutAppendRequest(200)) - c53771ff-a4da-40bc-be42-f397952cb81e@group-5FC83EB0E599->28f29a4c-baf6-4c40-b523-744acc0a8c83-GrpcLogAppender: appendEntries Timeout, request=c53771ff-a4da-40bc-be42-f397952cb81e->28f29a4c-baf6-4c40-b523-744acc0a8c83#85-t1, previous=(t:1, i:17), leaderCommit=10, initializing? false, entries: <empty>
2019-09-11 02:39:53,700 [java.util.concurrent.ThreadPoolExecutor$Worker@f4f9fe6[State = -1, empty queue]] WARN  server.GrpcLogAppender (GrpcLogAppender.java:timeoutAppendRequest(200)) - c53771ff-a4da-40bc-be42-f397952cb81e@group-5FC83EB0E599->cccfaecc-560c-4f58-9140-53bb7696e889-GrpcLogAppender: appendEntries Timeout, request=c53771ff-a4da-40bc-be42-f397952cb81e->cccfaecc-560c-4f58-9140-53bb7696e889#85-t1, previous=(t:1, i:17), leaderCommit=10, initializing? false, entries: <empty>
2019-09-11 02:39:54,081 [grpc-default-executor-7] INFO  client.GrpcClientProtocolClient (GrpcClientProtocolClient.java:onNext(264)) - client-6E43CC49A373->cccfaecc-560c-4f58-9140-53bb7696e889: receive RaftClientReply:client-6E43CC49A373->cccfaecc-560c-4f58-9140-53bb7696e889@group-5FC83EB0E599, cid=41, FAILED org.apache.ratis.protocol.NotLeaderException: Server cccfaecc-560c-4f58-9140-53bb7696e889@group-5FC83EB0E599 is not the leader c53771ff-a4da-40bc-be42-f397952cb81e:192.168.34.53:37384, logIndex=0, commits[cccfaecc-560c-4f58-9140-53bb7696e889:c10, c53771ff-a4da-40bc-be42-f397952cb81e:c10, 28f29a4c-baf6-4c40-b523-744acc0a8c83:c6]
2019-09-11 02:39:55,701 [org.apache.ratis.server.impl.LogAppender$AppenderDaemon$$Lambda$515/1517268026@21a0e2bc] ERROR ratis.XceiverServerRatis (XceiverServerRatis.java:triggerPipelineClose(568)) - pipeline Action CLOSE  on pipeline PipelineID=e24272a4-7e17-41b5-94a9-5fc83eb0e599.Reason : c53771ff-a4da-40bc-be42-f397952cb81e has not seen follower/s cccfaecc-560c-4f58-9140-53bb7696e889 for 173985ms 28f29a4c-baf6-4c40-b523-744acc0a8c83 for 173974ms
2019-09-11 02:39:55,701 [org.apache.ratis.server.impl.LogAppender$AppenderDaemon$$Lambda$515/1517268026@39e722d2] ERROR ratis.XceiverServerRatis (XceiverServerRatis.java:triggerPipelineClose(568)) - pipeline Action CLOSE  on pipeline PipelineID=e24272a4-7e17-41b5-94a9-5fc83eb0e599.Reason : c53771ff-a4da-40bc-be42-f397952cb81e has not seen follower/s cccfaecc-560c-4f58-9140-53bb7696e889 for 173985ms 28f29a4c-baf6-4c40-b523-744acc0a8c83 for 173974ms
2019-09-11 02:39:56,200 [java.util.concurrent.ThreadPoolExecutor$Worker@43a4256f[State = -1, empty queue]] WARN  server.GrpcLogAppender (GrpcLogAppender.java:timeoutAppendRequest(200)) - c53771ff-a4da-40bc-be42-f397952cb81e@group-5FC83EB0E599->28f29a4c-baf6-4c40-b523-744acc0a8c83-GrpcLogAppender: appendEntries Timeout, request=c53771ff-a4da-40bc-be42-f397952cb81e->28f29a4c-baf6-4c40-b523-744acc0a8c83#86-t1, previous=(t:1, i:17), leaderCommit=10, initializing? false, entries: <empty>
2019-09-11 02:39:56,200 [java.util.concurrent.ThreadPoolExecutor$Worker@f4f9fe6[State = -1, empty queue]] WARN  server.GrpcLogAppender (GrpcLogAppender.java:timeoutAppendRequest(200)) - c53771ff-a4da-40bc-be42-f397952cb81e@group-5FC83EB0E599->cccfaecc-560c-4f58-9140-53bb7696e889-GrpcLogAppender: appendEntries Timeout, request=c53771ff-a4da-40bc-be42-f397952cb81e->cccfaecc-560c-4f58-9140-53bb7696e889#86-t1, previous=(t:1, i:17), leaderCommit=10, initializing? false, entries: <empty>
2019-09-11 02:39:56,682 [EventQueue-PipelineActionsForPipelineActionHandler] ERROR pipeline.PipelineActionHandler (PipelineActionHandler.java:onMessage(60)) - Received pipeline action CLOSE for Pipeline[ Id: e24272a4-7e17-41b5-94a9-5fc83eb0e599, Nodes: cccfaecc-560c-4f58-9140-53bb7696e889{ip: 192.168.34.53, host: pr-hdds-2107-sbngl-2106859965, networkLocation: /default-rack, certSerialId: null}28f29a4c-baf6-4c40-b523-744acc0a8c83{ip: 192.168.34.53, host: pr-hdds-2107-sbngl-2106859965, networkLocation: /default-rack, certSerialId: null}c53771ff-a4da-40bc-be42-f397952cb81e{ip: 192.168.34.53, host: pr-hdds-2107-sbngl-2106859965, networkLocation: /default-rack, certSerialId: null}, Type:RATIS, Factor:THREE, State:CLOSED] from datanode c53771ff-a4da-40bc-be42-f397952cb81e{ip: 192.168.34.53, host: pr-hdds-2107-sbngl-2106859965, networkLocation: /default-rack, certSerialId: null}. Reason : c53771ff-a4da-40bc-be42-f397952cb81e has not seen follower/s cccfaecc-560c-4f58-9140-53bb7696e889 for 173985ms 28f29a4c-baf6-4c40-b523-744acc0a8c83 for 173974ms
2019-09-11 02:39:56,682 [EventQueue-PipelineActionsForPipelineActionHandler] INFO  pipeline.SCMPipelineManager (SCMPipelineManager.java:finalizeAndDestroyPipeline(311)) - destroying pipeline:Pipeline[ Id: e24272a4-7e17-41b5-94a9-5fc83eb0e599, Nodes: cccfaecc-560c-4f58-9140-53bb7696e889{ip: 192.168.34.53, host: pr-hdds-2107-sbngl-2106859965, networkLocation: /default-rack, certSerialId: null}28f29a4c-baf6-4c40-b523-744acc0a8c83{ip: 192.168.34.53, host: pr-hdds-2107-sbngl-2106859965, networkLocation: /default-rack, certSerialId: null}c53771ff-a4da-40bc-be42-f397952cb81e{ip: 192.168.34.53, host: pr-hdds-2107-sbngl-2106859965, networkLocation: /default-rack, certSerialId: null}, Type:RATIS, Factor:THREE, State:CLOSED]
2019-09-11 02:39:58,203 [org.apache.ratis.server.impl.LogAppender$AppenderDaemon$$Lambda$515/1517268026@39e722d2] ERROR ratis.XceiverServerRatis (XceiverServerRatis.java:triggerPipelineClose(568)) - pipeline Action CLOSE  on pipeline PipelineID=e24272a4-7e17-41b5-94a9-5fc83eb0e599.Reason : c53771ff-a4da-40bc-be42-f397952cb81e has not seen follower/s cccfaecc-560c-4f58-9140-53bb7696e889 for 176486ms 28f29a4c-baf6-4c40-b523-744acc0a8c83 for 176476ms
2019-09-11 02:39:58,203 [org.apache.ratis.server.impl.LogAppender$AppenderDaemon$$Lambda$515/1517268026@21a0e2bc] ERROR ratis.XceiverServerRatis (XceiverServerRatis.java:triggerPipelineClose(568)) - pipeline Action CLOSE  on pipeline PipelineID=e24272a4-7e17-41b5-94a9-5fc83eb0e599.Reason : c53771ff-a4da-40bc-be42-f397952cb81e has not seen follower/s cccfaecc-560c-4f58-9140-53bb7696e889 for 176486ms 28f29a4c-baf6-4c40-b523-744acc0a8c83 for 176476ms
2019-09-11 02:39:58,682 [EventQueue-PipelineActionsForPipelineActionHandler] ERROR pipeline.PipelineActionHandler (PipelineActionHandler.java:onMessage(60)) - Received pipeline action CLOSE for Pipeline[ Id: e24272a4-7e17-41b5-94a9-5fc83eb0e599, Nodes: cccfaecc-560c-4f58-9140-53bb7696e889{ip: 192.168.34.53, host: pr-hdds-2107-sbngl-2106859965, networkLocation: /default-rack, certSerialId: null}28f29a4c-baf6-4c40-b523-744acc0a8c83{ip: 192.168.34.53, host: pr-hdds-2107-sbngl-2106859965, networkLocation: /default-rack, certSerialId: null}c53771ff-a4da-40bc-be42-f397952cb81e{ip: 192.168.34.53, host: pr-hdds-2107-sbngl-2106859965, networkLocation: /default-rack, certSerialId: null}, Type:RATIS, Factor:THREE, State:CLOSED] from datanode c53771ff-a4da-40bc-be42-f397952cb81e{ip: 192.168.34.53, host: pr-hdds-2107-sbngl-2106859965, networkLocation: /default-rack, certSerialId: null}. Reason : c53771ff-a4da-40bc-be42-f397952cb81e has not seen follower/s cccfaecc-560c-4f58-9140-53bb7696e889 for 176486ms 28f29a4c-baf6-4c40-b523-744acc0a8c83 for 176476ms
2019-09-11 02:39:58,682 [EventQueue-PipelineActionsForPipelineActionHandler] INFO  pipeline.SCMPipelineManager (SCMPipelineManager.java:finalizeAndDestroyPipeline(311)) - destroying pipeline:Pipeline[ Id: e24272a4-7e17-41b5-94a9-5fc83eb0e599, Nodes: cccfaecc-560c-4f58-9140-53bb7696e889{ip: 192.168.34.53, host: pr-hdds-2107-sbngl-2106859965, networkLocation: /default-rack, certSerialId: null}28f29a4c-baf6-4c40-b523-744acc0a8c83{ip: 192.168.34.53, host: pr-hdds-2107-sbngl-2106859965, networkLocation: /default-rack, certSerialId: null}c53771ff-a4da-40bc-be42-f397952cb81e{ip: 192.168.34.53, host: pr-hdds-2107-sbngl-2106859965, networkLocation: /default-rack, certSerialId: null}, Type:RATIS, Factor:THREE, State:CLOSED]
2019-09-11 02:39:58,701 [java.util.concurrent.ThreadPoolExecutor$Worker@43a4256f[State = -1, empty queue]] WARN  server.GrpcLogAppender (GrpcLogAppender.java:timeoutAppendRequest(200)) - c53771ff-a4da-40bc-be42-f397952cb81e@group-5FC83EB0E599->28f29a4c-baf6-4c40-b523-744acc0a8c83-GrpcLogAppender: appendEntries Timeout, request=c53771ff-a4da-40bc-be42-f397952cb81e->28f29a4c-baf6-4c40-b523-744acc0a8c83#87-t1, previous=(t:1, i:17), leaderCommit=10, initializing? false, entries: <empty>
2019-09-11 02:39:58,701 [java.util.concurrent.ThreadPoolExecutor$Worker@f4f9fe6[State = -1, empty queue]] WARN  server.GrpcLogAppender (GrpcLogAppender.java:timeoutAppendRequest(200)) - c53771ff-a4da-40bc-be42-f397952cb81e@group-5FC83EB0E599->cccfaecc-560c-4f58-9140-53bb7696e889-GrpcLogAppender: appendEntries Timeout, request=c53771ff-a4da-40bc-be42-f397952cb81e->cccfaecc-560c-4f58-9140-53bb7696e889#87-t1, previous=(t:1, i:17), leaderCommit=10, initializing? false, entries: <empty>
2019-09-11 02:39:59,137 [grpc-default-executor-7] INFO  client.GrpcClientProtocolClient (GrpcClientProtocolClient.java:onNext(264)) - client-6E43CC49A373->28f29a4c-baf6-4c40-b523-744acc0a8c83: receive RaftClientReply:client-6E43CC49A373->28f29a4c-baf6-4c40-b523-744acc0a8c83@group-5FC83EB0E599, cid=41, FAILED org.apache.ratis.protocol.NotLeaderException: Server 28f29a4c-baf6-4c40-b523-744acc0a8c83@group-5FC83EB0E599 is not the leader c53771ff-a4da-40bc-be42-f397952cb81e:192.168.34.53:37384, logIndex=0, commits[28f29a4c-baf6-4c40-b523-744acc0a8c83:c10, c53771ff-a4da-40bc-be42-f397952cb81e:c10, cccfaecc-560c-4f58-9140-53bb7696e889:c6]
2019-09-11 02:40:00,703 [org.apache.ratis.server.impl.LogAppender$AppenderDaemon$$Lambda$515/1517268026@39e722d2] ERROR ratis.XceiverServerRatis (XceiverServerRatis.java:triggerPipelineClose(568)) - pipeline Action CLOSE  on pipeline PipelineID=e24272a4-7e17-41b5-94a9-5fc83eb0e599.Reason : c53771ff-a4da-40bc-be42-f397952cb81e has not seen follower/s cccfaecc-560c-4f58-9140-53bb7696e889 for 178987ms 28f29a4c-baf6-4c40-b523-744acc0a8c83 for 178976ms
2019-09-11 02:40:00,703 [org.apache.ratis.server.impl.LogAppender$AppenderDaemon$$Lambda$515/1517268026@21a0e2bc] ERROR ratis.XceiverServerRatis (XceiverServerRatis.java:triggerPipelineClose(568)) - pipeline Action CLOSE  on pipeline PipelineID=e24272a4-7e17-41b5-94a9-5fc83eb0e599.Reason : c53771ff-a4da-40bc-be42-f397952cb81e has not seen follower/s cccfaecc-560c-4f58-9140-53bb7696e889 for 178987ms 28f29a4c-baf6-4c40-b523-744acc0a8c83 for 178976ms
2019-09-11 02:40:01,202 [java.util.concurrent.ThreadPoolExecutor$Worker@43a4256f[State = -1, empty queue]] WARN  server.GrpcLogAppender (GrpcLogAppender.java:timeoutAppendRequest(200)) - c53771ff-a4da-40bc-be42-f397952cb81e@group-5FC83EB0E599->28f29a4c-baf6-4c40-b523-744acc0a8c83-GrpcLogAppender: appendEntries Timeout, request=c53771ff-a4da-40bc-be42-f397952cb81e->28f29a4c-baf6-4c40-b523-744acc0a8c83#88-t1, previous=(t:1, i:17), leaderCommit=10, initializing? false, entries: <empty>
2019-09-11 02:40:01,202 [java.util.concurrent.ThreadPoolExecutor$Worker@f4f9fe6[State = -1, empty queue]] WARN  server.GrpcLogAppender (GrpcLogAppender.java:timeoutAppendRequest(200)) - c53771ff-a4da-40bc-be42-f397952cb81e@group-5FC83EB0E599->cccfaecc-560c-4f58-9140-53bb7696e889-GrpcLogAppender: appendEntries Timeout, request=c53771ff-a4da-40bc-be42-f397952cb81e->cccfaecc-560c-4f58-9140-53bb7696e889#88-t1, previous=(t:1, i:17), leaderCommit=10, initializing? false, entries: <empty>
2019-09-11 02:40:01,682 [EventQueue-PipelineActionsForPipelineActionHandler] ERROR pipeline.PipelineActionHandler (PipelineActionHandler.java:onMessage(60)) - Received pipeline action CLOSE for Pipeline[ Id: e24272a4-7e17-41b5-94a9-5fc83eb0e599, Nodes: cccfaecc-560c-4f58-9140-53bb7696e889{ip: 192.168.34.53, host: pr-hdds-2107-sbngl-2106859965, networkLocation: /default-rack, certSerialId: null}28f29a4c-baf6-4c40-b523-744acc0a8c83{ip: 192.168.34.53, host: pr-hdds-2107-sbngl-2106859965, networkLocation: /default-rack, certSerialId: null}c53771ff-a4da-40bc-be42-f397952cb81e{ip: 192.168.34.53, host: pr-hdds-2107-sbngl-2106859965, networkLocation: /default-rack, certSerialId: null}, Type:RATIS, Factor:THREE, State:CLOSED] from datanode c53771ff-a4da-40bc-be42-f397952cb81e{ip: 192.168.34.53, host: pr-hdds-2107-sbngl-2106859965, networkLocation: /default-rack, certSerialId: null}. Reason : c53771ff-a4da-40bc-be42-f397952cb81e has not seen follower/s cccfaecc-560c-4f58-9140-53bb7696e889 for 178987ms 28f29a4c-baf6-4c40-b523-744acc0a8c83 for 178976ms
2019-09-11 02:40:01,682 [EventQueue-PipelineActionsForPipelineActionHandler] INFO  pipeline.SCMPipelineManager (SCMPipelineManager.java:finalizeAndDestroyPipeline(311)) - destroying pipeline:Pipeline[ Id: e24272a4-7e17-41b5-94a9-5fc83eb0e599, Nodes: cccfaecc-560c-4f58-9140-53bb7696e889{ip: 192.168.34.53, host: pr-hdds-2107-sbngl-2106859965, networkLocation: /default-rack, certSerialId: null}28f29a4c-baf6-4c40-b523-744acc0a8c83{ip: 192.168.34.53, host: pr-hdds-2107-sbngl-2106859965, networkLocation: /default-rack, certSerialId: null}c53771ff-a4da-40bc-be42-f397952cb81e{ip: 192.168.34.53, host: pr-hdds-2107-sbngl-2106859965, networkLocation: /default-rack, certSerialId: null}, Type:RATIS, Factor:THREE, State:CLOSED]
2019-09-11 02:40:02,472 [28f29a4c-baf6-4c40-b523-744acc0a8c83@group-5FC83EB0E599-SegmentedRaftLogWorker] WARN  segmented.SegmentedRaftLogWorker (SegmentedRaftLogWorker.java:getFromFuture(90)) - Timeout 17/~
org.apache.ratis.protocol.TimeoutIOException: Timeout 10s: WriteLog:11: (t:1, i:11), STATEMACHINELOGENTRY, client-6E43CC49A373, cid=41-writeStateMachineData
	at org.apache.ratis.util.IOUtils.getFromFuture(IOUtils.java:87)
	at org.apache.ratis.server.raftlog.segmented.SegmentedRaftLogWorker$StateMachineDataPolicy.getFromFuture(SegmentedRaftLogWorker.java:87)
	at org.apache.ratis.server.raftlog.segmented.SegmentedRaftLogWorker$WriteLog.execute(SegmentedRaftLogWorker.java:477)
	at org.apache.ratis.server.raftlog.segmented.SegmentedRaftLogWorker.run(SegmentedRaftLogWorker.java:289)
	at java.lang.Thread.run(Thread.java:748)
Caused by: java.util.concurrent.TimeoutException
	at java.util.concurrent.CompletableFuture.timedGet(CompletableFuture.java:1771)
	at java.util.concurrent.CompletableFuture.get(CompletableFuture.java:1915)
	at org.apache.ratis.util.IOUtils.getFromFuture(IOUtils.java:79)
	... 4 more
2019-09-11 02:40:02,523 [cccfaecc-560c-4f58-9140-53bb7696e889@group-5FC83EB0E599-SegmentedRaftLogWorker] WARN  segmented.SegmentedRaftLogWorker (SegmentedRaftLogWorker.java:getFromFuture(90)) - Timeout 17/~
org.apache.ratis.protocol.TimeoutIOException: Timeout 10s: WriteLog:11: (t:1, i:11), STATEMACHINELOGENTRY, client-6E43CC49A373, cid=41-writeStateMachineData
	at org.apache.ratis.util.IOUtils.getFromFuture(IOUtils.java:87)
	at org.apache.ratis.server.raftlog.segmented.SegmentedRaftLogWorker$StateMachineDataPolicy.getFromFuture(SegmentedRaftLogWorker.java:87)
	at org.apache.ratis.server.raftlog.segmented.SegmentedRaftLogWorker$WriteLog.execute(SegmentedRaftLogWorker.java:477)
	at org.apache.ratis.server.raftlog.segmented.SegmentedRaftLogWorker.run(SegmentedRaftLogWorker.java:289)
	at java.lang.Thread.run(Thread.java:748)
Caused by: java.util.concurrent.TimeoutException
	at java.util.concurrent.CompletableFuture.timedGet(CompletableFuture.java:1771)
	at java.util.concurrent.CompletableFuture.get(CompletableFuture.java:1915)
	at org.apache.ratis.util.IOUtils.getFromFuture(IOUtils.java:79)
	... 4 more
2019-09-11 02:40:02,618 [c53771ff-a4da-40bc-be42-f397952cb81e@group-5FC83EB0E599-SegmentedRaftLogWorker] WARN  segmented.SegmentedRaftLogWorker (SegmentedRaftLogWorker.java:getFromFuture(90)) - Timeout 17/~
org.apache.ratis.protocol.TimeoutIOException: Timeout 10s: WriteLog:12: (t:1, i:12), STATEMACHINELOGENTRY, client-6E43CC49A373, cid=42-writeStateMachineData
	at org.apache.ratis.util.IOUtils.getFromFuture(IOUtils.java:87)
	at org.apache.ratis.server.raftlog.segmented.SegmentedRaftLogWorker$StateMachineDataPolicy.getFromFuture(SegmentedRaftLogWorker.java:87)
	at org.apache.ratis.server.raftlog.segmented.SegmentedRaftLogWorker$WriteLog.execute(SegmentedRaftLogWorker.java:477)
	at org.apache.ratis.server.raftlog.segmented.SegmentedRaftLogWorker.run(SegmentedRaftLogWorker.java:289)
	at java.lang.Thread.run(Thread.java:748)
Caused by: java.util.concurrent.TimeoutException
	at java.util.concurrent.CompletableFuture.timedGet(CompletableFuture.java:1771)
	at java.util.concurrent.CompletableFuture.get(CompletableFuture.java:1915)
	at org.apache.ratis.util.IOUtils.getFromFuture(IOUtils.java:79)
	... 4 more
2019-09-11 02:40:03,204 [org.apache.ratis.server.impl.LogAppender$AppenderDaemon$$Lambda$515/1517268026@39e722d2] ERROR ratis.XceiverServerRatis (XceiverServerRatis.java:triggerPipelineClose(568)) - pipeline Action CLOSE  on pipeline PipelineID=e24272a4-7e17-41b5-94a9-5fc83eb0e599.Reason : c53771ff-a4da-40bc-be42-f397952cb81e has not seen follower/s cccfaecc-560c-4f58-9140-53bb7696e889 for 181487ms 28f29a4c-baf6-4c40-b523-744acc0a8c83 for 181477ms
2019-09-11 02:40:03,204 [org.apache.ratis.server.impl.LogAppender$AppenderDaemon$$Lambda$515/1517268026@21a0e2bc] ERROR ratis.XceiverServerRatis (XceiverServerRatis.java:triggerPipelineClose(568)) - pipeline Action CLOSE  on pipeline PipelineID=e24272a4-7e17-41b5-94a9-5fc83eb0e599.Reason : c53771ff-a4da-40bc-be42-f397952cb81e has not seen follower/s cccfaecc-560c-4f58-9140-53bb7696e889 for 181488ms 28f29a4c-baf6-4c40-b523-744acc0a8c83 for 181477ms
2019-09-11 02:40:03,682 [EventQueue-PipelineActionsForPipelineActionHandler] ERROR pipeline.PipelineActionHandler (PipelineActionHandler.java:onMessage(60)) - Received pipeline action CLOSE for Pipeline[ Id: e24272a4-7e17-41b5-94a9-5fc83eb0e599, Nodes: cccfaecc-560c-4f58-9140-53bb7696e889{ip: 192.168.34.53, host: pr-hdds-2107-sbngl-2106859965, networkLocation: /default-rack, certSerialId: null}28f29a4c-baf6-4c40-b523-744acc0a8c83{ip: 192.168.34.53, host: pr-hdds-2107-sbngl-2106859965, networkLocation: /default-rack, certSerialId: null}c53771ff-a4da-40bc-be42-f397952cb81e{ip: 192.168.34.53, host: pr-hdds-2107-sbngl-2106859965, networkLocation: /default-rack, certSerialId: null}, Type:RATIS, Factor:THREE, State:CLOSED] from datanode c53771ff-a4da-40bc-be42-f397952cb81e{ip: 192.168.34.53, host: pr-hdds-2107-sbngl-2106859965, networkLocation: /default-rack, certSerialId: null}. Reason : c53771ff-a4da-40bc-be42-f397952cb81e has not seen follower/s cccfaecc-560c-4f58-9140-53bb7696e889 for 181487ms 28f29a4c-baf6-4c40-b523-744acc0a8c83 for 181477ms
2019-09-11 02:40:03,682 [EventQueue-PipelineActionsForPipelineActionHandler] INFO  pipeline.SCMPipelineManager (SCMPipelineManager.java:finalizeAndDestroyPipeline(311)) - destroying pipeline:Pipeline[ Id: e24272a4-7e17-41b5-94a9-5fc83eb0e599, Nodes: cccfaecc-560c-4f58-9140-53bb7696e889{ip: 192.168.34.53, host: pr-hdds-2107-sbngl-2106859965, networkLocation: /default-rack, certSerialId: null}28f29a4c-baf6-4c40-b523-744acc0a8c83{ip: 192.168.34.53, host: pr-hdds-2107-sbngl-2106859965, networkLocation: /default-rack, certSerialId: null}c53771ff-a4da-40bc-be42-f397952cb81e{ip: 192.168.34.53, host: pr-hdds-2107-sbngl-2106859965, networkLocation: /default-rack, certSerialId: null}, Type:RATIS, Factor:THREE, State:CLOSED]
2019-09-11 02:40:03,703 [java.util.concurrent.ThreadPoolExecutor$Worker@f4f9fe6[State = -1, empty queue]] WARN  server.GrpcLogAppender (GrpcLogAppender.java:timeoutAppendRequest(200)) - c53771ff-a4da-40bc-be42-f397952cb81e@group-5FC83EB0E599->cccfaecc-560c-4f58-9140-53bb7696e889-GrpcLogAppender: appendEntries Timeout, request=c53771ff-a4da-40bc-be42-f397952cb81e->cccfaecc-560c-4f58-9140-53bb7696e889#89-t1, previous=(t:1, i:17), leaderCommit=10, initializing? false, entries: <empty>
2019-09-11 02:40:03,703 [java.util.concurrent.ThreadPoolExecutor$Worker@43a4256f[State = -1, empty queue]] WARN  server.GrpcLogAppender (GrpcLogAppender.java:timeoutAppendRequest(200)) - c53771ff-a4da-40bc-be42-f397952cb81e@group-5FC83EB0E599->28f29a4c-baf6-4c40-b523-744acc0a8c83-GrpcLogAppender: appendEntries Timeout, request=c53771ff-a4da-40bc-be42-f397952cb81e->28f29a4c-baf6-4c40-b523-744acc0a8c83#89-t1, previous=(t:1, i:17), leaderCommit=10, initializing? false, entries: <empty>
2019-09-11 02:40:04,191 [grpc-default-executor-8] INFO  client.GrpcClientProtocolClient (GrpcClientProtocolClient.java:onNext(264)) - client-6E43CC49A373->cccfaecc-560c-4f58-9140-53bb7696e889: receive RaftClientReply:client-6E43CC49A373->cccfaecc-560c-4f58-9140-53bb7696e889@group-5FC83EB0E599, cid=41, FAILED org.apache.ratis.protocol.NotLeaderException: Server cccfaecc-560c-4f58-9140-53bb7696e889@group-5FC83EB0E599 is not the leader c53771ff-a4da-40bc-be42-f397952cb81e:192.168.34.53:37384, logIndex=0, commits[cccfaecc-560c-4f58-9140-53bb7696e889:c10, c53771ff-a4da-40bc-be42-f397952cb81e:c10, 28f29a4c-baf6-4c40-b523-744acc0a8c83:c6]
2019-09-11 02:40:05,704 [org.apache.ratis.server.impl.LogAppender$AppenderDaemon$$Lambda$515/1517268026@39e722d2] ERROR ratis.XceiverServerRatis (XceiverServerRatis.java:triggerPipelineClose(568)) - pipeline Action CLOSE  on pipeline PipelineID=e24272a4-7e17-41b5-94a9-5fc83eb0e599.Reason : c53771ff-a4da-40bc-be42-f397952cb81e has not seen follower/s cccfaecc-560c-4f58-9140-53bb7696e889 for 183988ms 28f29a4c-baf6-4c40-b523-744acc0a8c83 for 183977ms
2019-09-11 02:40:05,705 [org.apache.ratis.server.impl.LogAppender$AppenderDaemon$$Lambda$515/1517268026@21a0e2bc] ERROR ratis.XceiverServerRatis (XceiverServerRatis.java:triggerPipelineClose(568)) - pipeline Action CLOSE  on pipeline PipelineID=e24272a4-7e17-41b5-94a9-5fc83eb0e599.Reason : c53771ff-a4da-40bc-be42-f397952cb81e has not seen follower/s cccfaecc-560c-4f58-9140-53bb7696e889 for 183988ms 28f29a4c-baf6-4c40-b523-744acc0a8c83 for 183978ms
2019-09-11 02:40:06,204 [java.util.concurrent.ThreadPoolExecutor$Worker@f4f9fe6[State = -1, empty queue]] WARN  server.GrpcLogAppender (GrpcLogAppender.java:timeoutAppendRequest(200)) - c53771ff-a4da-40bc-be42-f397952cb81e@group-5FC83EB0E599->cccfaecc-560c-4f58-9140-53bb7696e889-GrpcLogAppender: appendEntries Timeout, request=c53771ff-a4da-40bc-be42-f397952cb81e->cccfaecc-560c-4f58-9140-53bb7696e889#90-t1, previous=(t:1, i:17), leaderCommit=10, initializing? false, entries: <empty>
2019-09-11 02:40:06,204 [java.util.concurrent.ThreadPoolExecutor$Worker@43a4256f[State = -1, empty queue]] WARN  server.GrpcLogAppender (GrpcLogAppender.java:timeoutAppendRequest(200)) - c53771ff-a4da-40bc-be42-f397952cb81e@group-5FC83EB0E599->28f29a4c-baf6-4c40-b523-744acc0a8c83-GrpcLogAppender: appendEntries Timeout, request=c53771ff-a4da-40bc-be42-f397952cb81e->28f29a4c-baf6-4c40-b523-744acc0a8c83#90-t1, previous=(t:1, i:17), leaderCommit=10, initializing? false, entries: <empty>
2019-09-11 02:40:06,682 [EventQueue-PipelineActionsForPipelineActionHandler] ERROR pipeline.PipelineActionHandler (PipelineActionHandler.java:onMessage(60)) - Received pipeline action CLOSE for Pipeline[ Id: e24272a4-7e17-41b5-94a9-5fc83eb0e599, Nodes: cccfaecc-560c-4f58-9140-53bb7696e889{ip: 192.168.34.53, host: pr-hdds-2107-sbngl-2106859965, networkLocation: /default-rack, certSerialId: null}28f29a4c-baf6-4c40-b523-744acc0a8c83{ip: 192.168.34.53, host: pr-hdds-2107-sbngl-2106859965, networkLocation: /default-rack, certSerialId: null}c53771ff-a4da-40bc-be42-f397952cb81e{ip: 192.168.34.53, host: pr-hdds-2107-sbngl-2106859965, networkLocation: /default-rack, certSerialId: null}, Type:RATIS, Factor:THREE, State:CLOSED] from datanode c53771ff-a4da-40bc-be42-f397952cb81e{ip: 192.168.34.53, host: pr-hdds-2107-sbngl-2106859965, networkLocation: /default-rack, certSerialId: null}. Reason : c53771ff-a4da-40bc-be42-f397952cb81e has not seen follower/s cccfaecc-560c-4f58-9140-53bb7696e889 for 183988ms 28f29a4c-baf6-4c40-b523-744acc0a8c83 for 183977ms
2019-09-11 02:40:06,682 [EventQueue-PipelineActionsForPipelineActionHandler] INFO  pipeline.SCMPipelineManager (SCMPipelineManager.java:finalizeAndDestroyPipeline(311)) - destroying pipeline:Pipeline[ Id: e24272a4-7e17-41b5-94a9-5fc83eb0e599, Nodes: cccfaecc-560c-4f58-9140-53bb7696e889{ip: 192.168.34.53, host: pr-hdds-2107-sbngl-2106859965, networkLocation: /default-rack, certSerialId: null}28f29a4c-baf6-4c40-b523-744acc0a8c83{ip: 192.168.34.53, host: pr-hdds-2107-sbngl-2106859965, networkLocation: /default-rack, certSerialId: null}c53771ff-a4da-40bc-be42-f397952cb81e{ip: 192.168.34.53, host: pr-hdds-2107-sbngl-2106859965, networkLocation: /default-rack, certSerialId: null}, Type:RATIS, Factor:THREE, State:CLOSED]
2019-09-11 02:40:08,211 [org.apache.ratis.server.impl.LogAppender$AppenderDaemon$$Lambda$515/1517268026@39e722d2] ERROR ratis.XceiverServerRatis (XceiverServerRatis.java:triggerPipelineClose(568)) - pipeline Action CLOSE  on pipeline PipelineID=e24272a4-7e17-41b5-94a9-5fc83eb0e599.Reason : c53771ff-a4da-40bc-be42-f397952cb81e has not seen follower/s cccfaecc-560c-4f58-9140-53bb7696e889 for 186495ms 28f29a4c-baf6-4c40-b523-744acc0a8c83 for 186484ms
2019-09-11 02:40:08,211 [org.apache.ratis.server.impl.LogAppender$AppenderDaemon$$Lambda$515/1517268026@21a0e2bc] ERROR ratis.XceiverServerRatis (XceiverServerRatis.java:triggerPipelineClose(568)) - pipeline Action CLOSE  on pipeline PipelineID=e24272a4-7e17-41b5-94a9-5fc83eb0e599.Reason : c53771ff-a4da-40bc-be42-f397952cb81e has not seen follower/s cccfaecc-560c-4f58-9140-53bb7696e889 for 186495ms 28f29a4c-baf6-4c40-b523-744acc0a8c83 for 186484ms
2019-09-11 02:40:08,657 [grpc-default-executor-8] INFO  impl.RaftServerProxy (RaftServerProxy.java:remove(95)) - cccfaecc-560c-4f58-9140-53bb7696e889: remove  FOLLOWER cccfaecc-560c-4f58-9140-53bb7696e889@group-5FC83EB0E599:t1, leader=c53771ff-a4da-40bc-be42-f397952cb81e, voted=cccfaecc-560c-4f58-9140-53bb7696e889, raftlog=cccfaecc-560c-4f58-9140-53bb7696e889@group-5FC83EB0E599-SegmentedRaftLog:OPENED:c10,f10,i17, conf=0: [c53771ff-a4da-40bc-be42-f397952cb81e:192.168.34.53:37384, cccfaecc-560c-4f58-9140-53bb7696e889:192.168.34.53:43087, 28f29a4c-baf6-4c40-b523-744acc0a8c83:192.168.34.53:35385], old=null RUNNING
2019-09-11 02:40:08,657 [grpc-default-executor-8] INFO  impl.RaftServerImpl (RaftServerImpl.java:lambda$shutdown$3(251)) - cccfaecc-560c-4f58-9140-53bb7696e889@group-5FC83EB0E599: shutdown
2019-09-11 02:40:08,658 [grpc-default-executor-8] INFO  util.JmxRegister (JmxRegister.java:unregister(73)) - Successfully un-registered JMX Bean with object name Ratis:service=RaftServer,group=group-5FC83EB0E599,id=cccfaecc-560c-4f58-9140-53bb7696e889
2019-09-11 02:40:08,658 [grpc-default-executor-8] INFO  impl.RoleInfo (RoleInfo.java:shutdownFollowerState(121)) - cccfaecc-560c-4f58-9140-53bb7696e889: shutdown FollowerState
2019-09-11 02:40:08,658 [grpc-default-executor-8] INFO  impl.StateMachineUpdater (StateMachineUpdater.java:stopAndJoin(125)) - cccfaecc-560c-4f58-9140-53bb7696e889@group-5FC83EB0E599-StateMachineUpdater: set stopIndex = 10
2019-09-11 02:40:08,659 [Thread-844] INFO  impl.FollowerState (FollowerState.java:run(115)) - cccfaecc-560c-4f58-9140-53bb7696e889: FollowerState was interrupted: java.lang.InterruptedException: sleep interrupted
2019-09-11 02:40:08,659 [cccfaecc-560c-4f58-9140-53bb7696e889@group-5FC83EB0E599-StateMachineUpdater] INFO  ratis.ContainerStateMachine (ContainerStateMachine.java:takeSnapshot(289)) - group-5FC83EB0E599: Taking a snapshot at:(t:1, i:6) file /workdir/hadoop-ozone/integration-test/target/test-dir/MiniOzoneClusterImpl-3465b5d1-a811-46c9-af46-590ec6677b1b/datanode-2/data/ratis/e24272a4-7e17-41b5-94a9-5fc83eb0e599/sm/snapshot.1_6
2019-09-11 02:40:08,682 [EventQueue-PipelineActionsForPipelineActionHandler] ERROR pipeline.PipelineActionHandler (PipelineActionHandler.java:onMessage(60)) - Received pipeline action CLOSE for Pipeline[ Id: e24272a4-7e17-41b5-94a9-5fc83eb0e599, Nodes: cccfaecc-560c-4f58-9140-53bb7696e889{ip: 192.168.34.53, host: pr-hdds-2107-sbngl-2106859965, networkLocation: /default-rack, certSerialId: null}28f29a4c-baf6-4c40-b523-744acc0a8c83{ip: 192.168.34.53, host: pr-hdds-2107-sbngl-2106859965, networkLocation: /default-rack, certSerialId: null}c53771ff-a4da-40bc-be42-f397952cb81e{ip: 192.168.34.53, host: pr-hdds-2107-sbngl-2106859965, networkLocation: /default-rack, certSerialId: null}, Type:RATIS, Factor:THREE, State:CLOSED] from datanode c53771ff-a4da-40bc-be42-f397952cb81e{ip: 192.168.34.53, host: pr-hdds-2107-sbngl-2106859965, networkLocation: /default-rack, certSerialId: null}. Reason : c53771ff-a4da-40bc-be42-f397952cb81e has not seen follower/s cccfaecc-560c-4f58-9140-53bb7696e889 for 186495ms 28f29a4c-baf6-4c40-b523-744acc0a8c83 for 186484ms
2019-09-11 02:40:08,682 [EventQueue-PipelineActionsForPipelineActionHandler] INFO  pipeline.SCMPipelineManager (SCMPipelineManager.java:finalizeAndDestroyPipeline(311)) - destroying pipeline:Pipeline[ Id: e24272a4-7e17-41b5-94a9-5fc83eb0e599, Nodes: cccfaecc-560c-4f58-9140-53bb7696e889{ip: 192.168.34.53, host: pr-hdds-2107-sbngl-2106859965, networkLocation: /default-rack, certSerialId: null}28f29a4c-baf6-4c40-b523-744acc0a8c83{ip: 192.168.34.53, host: pr-hdds-2107-sbngl-2106859965, networkLocation: /default-rack, certSerialId: null}c53771ff-a4da-40bc-be42-f397952cb81e{ip: 192.168.34.53, host: pr-hdds-2107-sbngl-2106859965, networkLocation: /default-rack, certSerialId: null}, Type:RATIS, Factor:THREE, State:CLOSED]
2019-09-11 02:40:08,692 [cccfaecc-560c-4f58-9140-53bb7696e889@group-5FC83EB0E599-StateMachineUpdater] INFO  ratis.ContainerStateMachine (ContainerStateMachine.java:takeSnapshot(300)) - group-5FC83EB0E599: Finished taking a snapshot at:(t:1, i:6) file:/workdir/hadoop-ozone/integration-test/target/test-dir/MiniOzoneClusterImpl-3465b5d1-a811-46c9-af46-590ec6677b1b/datanode-2/data/ratis/e24272a4-7e17-41b5-94a9-5fc83eb0e599/sm/snapshot.1_6 time:33
2019-09-11 02:40:08,692 [cccfaecc-560c-4f58-9140-53bb7696e889@group-5FC83EB0E599-StateMachineUpdater] INFO  impl.StateMachineUpdater (StateMachineUpdater.java:takeSnapshot(258)) - cccfaecc-560c-4f58-9140-53bb7696e889@group-5FC83EB0E599-StateMachineUpdater: Took a snapshot at index 6
2019-09-11 02:40:08,692 [cccfaecc-560c-4f58-9140-53bb7696e889@group-5FC83EB0E599-StateMachineUpdater] INFO  impl.StateMachineUpdater (StateMachineUpdater.java:lambda$new$0(83)) - cccfaecc-560c-4f58-9140-53bb7696e889@group-5FC83EB0E599-StateMachineUpdater: snapshotIndex: updateIncreasingly -1 -> 6
2019-09-11 02:40:08,693 [cccfaecc-560c-4f58-9140-53bb7696e889@group-5FC83EB0E599-StateMachineUpdater] INFO  ratis.ContainerStateMachine (ContainerStateMachine.java:takeSnapshot(289)) - group-5FC83EB0E599: Taking a snapshot at:(t:1, i:6) file /workdir/hadoop-ozone/integration-test/target/test-dir/MiniOzoneClusterImpl-3465b5d1-a811-46c9-af46-590ec6677b1b/datanode-2/data/ratis/e24272a4-7e17-41b5-94a9-5fc83eb0e599/sm/snapshot.1_6
2019-09-11 02:40:08,705 [java.util.concurrent.ThreadPoolExecutor$Worker@f4f9fe6[State = -1, empty queue]] WARN  server.GrpcLogAppender (GrpcLogAppender.java:timeoutAppendRequest(200)) - c53771ff-a4da-40bc-be42-f397952cb81e@group-5FC83EB0E599->cccfaecc-560c-4f58-9140-53bb7696e889-GrpcLogAppender: appendEntries Timeout, request=c53771ff-a4da-40bc-be42-f397952cb81e->cccfaecc-560c-4f58-9140-53bb7696e889#91-t1, previous=(t:1, i:17), leaderCommit=10, initializing? false, entries: <empty>
2019-09-11 02:40:08,705 [java.util.concurrent.ThreadPoolExecutor$Worker@43a4256f[State = -1, empty queue]] WARN  server.GrpcLogAppender (GrpcLogAppender.java:timeoutAppendRequest(200)) - c53771ff-a4da-40bc-be42-f397952cb81e@group-5FC83EB0E599->28f29a4c-baf6-4c40-b523-744acc0a8c83-GrpcLogAppender: appendEntries Timeout, request=c53771ff-a4da-40bc-be42-f397952cb81e->28f29a4c-baf6-4c40-b523-744acc0a8c83#91-t1, previous=(t:1, i:17), leaderCommit=10, initializing? false, entries: <empty>
2019-09-11 02:40:08,705 [cccfaecc-560c-4f58-9140-53bb7696e889@group-5FC83EB0E599-StateMachineUpdater] INFO  ratis.ContainerStateMachine (ContainerStateMachine.java:takeSnapshot(300)) - group-5FC83EB0E599: Finished taking a snapshot at:(t:1, i:6) file:/workdir/hadoop-ozone/integration-test/target/test-dir/MiniOzoneClusterImpl-3465b5d1-a811-46c9-af46-590ec6677b1b/datanode-2/data/ratis/e24272a4-7e17-41b5-94a9-5fc83eb0e599/sm/snapshot.1_6 time:12
2019-09-11 02:40:08,705 [cccfaecc-560c-4f58-9140-53bb7696e889@group-5FC83EB0E599-StateMachineUpdater] INFO  impl.StateMachineUpdater (StateMachineUpdater.java:takeSnapshot(258)) - cccfaecc-560c-4f58-9140-53bb7696e889@group-5FC83EB0E599-StateMachineUpdater: Took a snapshot at index 6
2019-09-11 02:40:08,705 [cccfaecc-560c-4f58-9140-53bb7696e889@group-5FC83EB0E599-StateMachineUpdater] INFO  impl.StateMachineUpdater (StateMachineUpdater.java:lambda$new$0(83)) - cccfaecc-560c-4f58-9140-53bb7696e889@group-5FC83EB0E599-StateMachineUpdater: snapshotIndex: updateIncreasingly 6 -> 6
2019-09-11 02:40:08,706 [grpc-default-executor-8] INFO  impl.RaftServerImpl (ServerState.java:close(385)) - cccfaecc-560c-4f58-9140-53bb7696e889@group-5FC83EB0E599: closes. applyIndex: 10
2019-09-11 02:40:08,707 [cccfaecc-560c-4f58-9140-53bb7696e889@group-5FC83EB0E599-SegmentedRaftLogWorker] ERROR ratis.XceiverServerRatis (XceiverServerRatis.java:triggerPipelineClose(568)) - pipeline Action CLOSE  on pipeline PipelineID=e24272a4-7e17-41b5-94a9-5fc83eb0e599.Reason : WriteLog:11: (t:1, i:11), STATEMACHINELOGENTRY, client-6E43CC49A373, cid=41-writeStateMachineData interrupted.
2019-09-11 02:40:08,708 [EventQueue-PipelineActionsForPipelineActionHandler] ERROR pipeline.PipelineActionHandler (PipelineActionHandler.java:onMessage(60)) - Received pipeline action CLOSE for Pipeline[ Id: e24272a4-7e17-41b5-94a9-5fc83eb0e599, Nodes: cccfaecc-560c-4f58-9140-53bb7696e889{ip: 192.168.34.53, host: pr-hdds-2107-sbngl-2106859965, networkLocation: /default-rack, certSerialId: null}28f29a4c-baf6-4c40-b523-744acc0a8c83{ip: 192.168.34.53, host: pr-hdds-2107-sbngl-2106859965, networkLocation: /default-rack, certSerialId: null}c53771ff-a4da-40bc-be42-f397952cb81e{ip: 192.168.34.53, host: pr-hdds-2107-sbngl-2106859965, networkLocation: /default-rack, certSerialId: null}, Type:RATIS, Factor:THREE, State:CLOSED] from datanode cccfaecc-560c-4f58-9140-53bb7696e889{ip: 192.168.34.53, host: pr-hdds-2107-sbngl-2106859965, networkLocation: /default-rack, certSerialId: null}. Reason : WriteLog:11: (t:1, i:11), STATEMACHINELOGENTRY, client-6E43CC49A373, cid=41-writeStateMachineData interrupted.
2019-09-11 02:40:08,710 [EventQueue-PipelineActionsForPipelineActionHandler] INFO  pipeline.SCMPipelineManager (SCMPipelineManager.java:finalizeAndDestroyPipeline(311)) - destroying pipeline:Pipeline[ Id: e24272a4-7e17-41b5-94a9-5fc83eb0e599, Nodes: cccfaecc-560c-4f58-9140-53bb7696e889{ip: 192.168.34.53, host: pr-hdds-2107-sbngl-2106859965, networkLocation: /default-rack, certSerialId: null}28f29a4c-baf6-4c40-b523-744acc0a8c83{ip: 192.168.34.53, host: pr-hdds-2107-sbngl-2106859965, networkLocation: /default-rack, certSerialId: null}c53771ff-a4da-40bc-be42-f397952cb81e{ip: 192.168.34.53, host: pr-hdds-2107-sbngl-2106859965, networkLocation: /default-rack, certSerialId: null}, Type:RATIS, Factor:THREE, State:CLOSED]
2019-09-11 02:40:08,713 [grpc-default-executor-8] INFO  segmented.SegmentedRaftLogWorker (SegmentedRaftLogWorker.java:close(228)) - cccfaecc-560c-4f58-9140-53bb7696e889@group-5FC83EB0E599-SegmentedRaftLogWorker close()
2019-09-11 02:40:08,733 [grpc-default-executor-8] INFO  interfaces.Container (KeyValueContainer.java:flushAndSyncDB(386)) - Container 3 is synced with bcsId 6.
2019-09-11 02:40:08,733 [grpc-default-executor-8] INFO  interfaces.Container (KeyValueContainer.java:flushAndSyncDB(386)) - Container 3 is synced with bcsId 6.
2019-09-11 02:40:08,751 [EventQueue-IncrementalContainerReportForIncrementalContainerReportHandler] INFO  container.IncrementalContainerReportHandler (AbstractContainerReportHandler.java:updateContainerState(169)) - Moving container #3 to QUASI_CLOSED state, datanode cccfaecc-560c-4f58-9140-53bb7696e889{ip: 192.168.34.53, host: pr-hdds-2107-sbngl-2106859965, networkLocation: /default-rack, certSerialId: null} reported QUASI_CLOSED replica.
2019-09-11 02:40:08,793 [grpc-default-executor-8] INFO  interfaces.Container (KeyValueContainer.java:flushAndSyncDB(386)) - Container 5 is synced with bcsId 0.
2019-09-11 02:40:08,793 [grpc-default-executor-8] INFO  interfaces.Container (KeyValueContainer.java:flushAndSyncDB(386)) - Container 5 is synced with bcsId 0.
2019-09-11 02:40:08,800 [EventQueue-IncrementalContainerReportForIncrementalContainerReportHandler] INFO  container.IncrementalContainerReportHandler (AbstractContainerReportHandler.java:updateContainerState(169)) - Moving container #5 to QUASI_CLOSED state, datanode cccfaecc-560c-4f58-9140-53bb7696e889{ip: 192.168.34.53, host: pr-hdds-2107-sbngl-2106859965, networkLocation: /default-rack, certSerialId: null} reported QUASI_CLOSED replica.
2019-09-11 02:40:08,808 [grpc-default-executor-8] INFO  impl.RaftServerProxy (RaftServerProxy.java:remove(95)) - 28f29a4c-baf6-4c40-b523-744acc0a8c83: remove  FOLLOWER 28f29a4c-baf6-4c40-b523-744acc0a8c83@group-5FC83EB0E599:t1, leader=c53771ff-a4da-40bc-be42-f397952cb81e, voted=c53771ff-a4da-40bc-be42-f397952cb81e, raftlog=28f29a4c-baf6-4c40-b523-744acc0a8c83@group-5FC83EB0E599-SegmentedRaftLog:OPENED:c10,f10,i17, conf=0: [c53771ff-a4da-40bc-be42-f397952cb81e:192.168.34.53:37384, cccfaecc-560c-4f58-9140-53bb7696e889:192.168.34.53:43087, 28f29a4c-baf6-4c40-b523-744acc0a8c83:192.168.34.53:35385], old=null RUNNING
2019-09-11 02:40:08,809 [grpc-default-executor-8] INFO  impl.RaftServerImpl (RaftServerImpl.java:lambda$shutdown$3(251)) - 28f29a4c-baf6-4c40-b523-744acc0a8c83@group-5FC83EB0E599: shutdown
2019-09-11 02:40:08,809 [grpc-default-executor-8] INFO  util.JmxRegister (JmxRegister.java:unregister(73)) - Successfully un-registered JMX Bean with object name Ratis:service=RaftServer,group=group-5FC83EB0E599,id=28f29a4c-baf6-4c40-b523-744acc0a8c83
2019-09-11 02:40:08,809 [grpc-default-executor-8] INFO  impl.RoleInfo (RoleInfo.java:shutdownFollowerState(121)) - 28f29a4c-baf6-4c40-b523-744acc0a8c83: shutdown FollowerState
2019-09-11 02:40:08,810 [grpc-default-executor-8] INFO  impl.StateMachineUpdater (StateMachineUpdater.java:stopAndJoin(125)) - 28f29a4c-baf6-4c40-b523-744acc0a8c83@group-5FC83EB0E599-StateMachineUpdater: set stopIndex = 10
2019-09-11 02:40:08,810 [Thread-843] INFO  impl.FollowerState (FollowerState.java:run(115)) - 28f29a4c-baf6-4c40-b523-744acc0a8c83: FollowerState was interrupted: java.lang.InterruptedException: sleep interrupted
2019-09-11 02:40:08,810 [28f29a4c-baf6-4c40-b523-744acc0a8c83@group-5FC83EB0E599-StateMachineUpdater] INFO  ratis.ContainerStateMachine (ContainerStateMachine.java:takeSnapshot(289)) - group-5FC83EB0E599: Taking a snapshot at:(t:1, i:6) file /workdir/hadoop-ozone/integration-test/target/test-dir/MiniOzoneClusterImpl-3465b5d1-a811-46c9-af46-590ec6677b1b/datanode-3/data/ratis/e24272a4-7e17-41b5-94a9-5fc83eb0e599/sm/snapshot.1_6
2019-09-11 02:40:08,822 [28f29a4c-baf6-4c40-b523-744acc0a8c83@group-5FC83EB0E599-StateMachineUpdater] INFO  ratis.ContainerStateMachine (ContainerStateMachine.java:takeSnapshot(300)) - group-5FC83EB0E599: Finished taking a snapshot at:(t:1, i:6) file:/workdir/hadoop-ozone/integration-test/target/test-dir/MiniOzoneClusterImpl-3465b5d1-a811-46c9-af46-590ec6677b1b/datanode-3/data/ratis/e24272a4-7e17-41b5-94a9-5fc83eb0e599/sm/snapshot.1_6 time:12
2019-09-11 02:40:08,822 [28f29a4c-baf6-4c40-b523-744acc0a8c83@group-5FC83EB0E599-StateMachineUpdater] INFO  impl.StateMachineUpdater (StateMachineUpdater.java:takeSnapshot(258)) - 28f29a4c-baf6-4c40-b523-744acc0a8c83@group-5FC83EB0E599-StateMachineUpdater: Took a snapshot at index 6
2019-09-11 02:40:08,822 [28f29a4c-baf6-4c40-b523-744acc0a8c83@group-5FC83EB0E599-StateMachineUpdater] INFO  impl.StateMachineUpdater (StateMachineUpdater.java:lambda$new$0(83)) - 28f29a4c-baf6-4c40-b523-744acc0a8c83@group-5FC83EB0E599-StateMachineUpdater: snapshotIndex: updateIncreasingly -1 -> 6
2019-09-11 02:40:08,823 [28f29a4c-baf6-4c40-b523-744acc0a8c83@group-5FC83EB0E599-StateMachineUpdater] INFO  ratis.ContainerStateMachine (ContainerStateMachine.java:takeSnapshot(289)) - group-5FC83EB0E599: Taking a snapshot at:(t:1, i:6) file /workdir/hadoop-ozone/integration-test/target/test-dir/MiniOzoneClusterImpl-3465b5d1-a811-46c9-af46-590ec6677b1b/datanode-3/data/ratis/e24272a4-7e17-41b5-94a9-5fc83eb0e599/sm/snapshot.1_6
2019-09-11 02:40:08,826 [28f29a4c-baf6-4c40-b523-744acc0a8c83@group-5FC83EB0E599-StateMachineUpdater] INFO  ratis.ContainerStateMachine (ContainerStateMachine.java:takeSnapshot(300)) - group-5FC83EB0E599: Finished taking a snapshot at:(t:1, i:6) file:/workdir/hadoop-ozone/integration-test/target/test-dir/MiniOzoneClusterImpl-3465b5d1-a811-46c9-af46-590ec6677b1b/datanode-3/data/ratis/e24272a4-7e17-41b5-94a9-5fc83eb0e599/sm/snapshot.1_6 time:3
2019-09-11 02:40:08,826 [28f29a4c-baf6-4c40-b523-744acc0a8c83@group-5FC83EB0E599-StateMachineUpdater] INFO  impl.StateMachineUpdater (StateMachineUpdater.java:takeSnapshot(258)) - 28f29a4c-baf6-4c40-b523-744acc0a8c83@group-5FC83EB0E599-StateMachineUpdater: Took a snapshot at index 6
2019-09-11 02:40:08,826 [28f29a4c-baf6-4c40-b523-744acc0a8c83@group-5FC83EB0E599-StateMachineUpdater] INFO  impl.StateMachineUpdater (StateMachineUpdater.java:lambda$new$0(83)) - 28f29a4c-baf6-4c40-b523-744acc0a8c83@group-5FC83EB0E599-StateMachineUpdater: snapshotIndex: updateIncreasingly 6 -> 6
2019-09-11 02:40:08,826 [grpc-default-executor-8] INFO  impl.RaftServerImpl (ServerState.java:close(385)) - 28f29a4c-baf6-4c40-b523-744acc0a8c83@group-5FC83EB0E599: closes. applyIndex: 10
2019-09-11 02:40:08,827 [28f29a4c-baf6-4c40-b523-744acc0a8c83@group-5FC83EB0E599-SegmentedRaftLogWorker] ERROR ratis.XceiverServerRatis (XceiverServerRatis.java:triggerPipelineClose(568)) - pipeline Action CLOSE  on pipeline PipelineID=e24272a4-7e17-41b5-94a9-5fc83eb0e599.Reason : WriteLog:11: (t:1, i:11), STATEMACHINELOGENTRY, client-6E43CC49A373, cid=41-writeStateMachineData interrupted.
2019-09-11 02:40:08,830 [grpc-default-executor-8] INFO  segmented.SegmentedRaftLogWorker (SegmentedRaftLogWorker.java:close(228)) - 28f29a4c-baf6-4c40-b523-744acc0a8c83@group-5FC83EB0E599-SegmentedRaftLogWorker close()
2019-09-11 02:40:08,835 [EventQueue-PipelineActionsForPipelineActionHandler] ERROR pipeline.PipelineActionHandler (PipelineActionHandler.java:onMessage(60)) - Received pipeline action CLOSE for Pipeline[ Id: e24272a4-7e17-41b5-94a9-5fc83eb0e599, Nodes: cccfaecc-560c-4f58-9140-53bb7696e889{ip: 192.168.34.53, host: pr-hdds-2107-sbngl-2106859965, networkLocation: /default-rack, certSerialId: null}28f29a4c-baf6-4c40-b523-744acc0a8c83{ip: 192.168.34.53, host: pr-hdds-2107-sbngl-2106859965, networkLocation: /default-rack, certSerialId: null}c53771ff-a4da-40bc-be42-f397952cb81e{ip: 192.168.34.53, host: pr-hdds-2107-sbngl-2106859965, networkLocation: /default-rack, certSerialId: null}, Type:RATIS, Factor:THREE, State:CLOSED] from datanode 28f29a4c-baf6-4c40-b523-744acc0a8c83{ip: 192.168.34.53, host: pr-hdds-2107-sbngl-2106859965, networkLocation: /default-rack, certSerialId: null}. Reason : WriteLog:11: (t:1, i:11), STATEMACHINELOGENTRY, client-6E43CC49A373, cid=41-writeStateMachineData interrupted.
2019-09-11 02:40:08,835 [EventQueue-PipelineActionsForPipelineActionHandler] INFO  pipeline.SCMPipelineManager (SCMPipelineManager.java:finalizeAndDestroyPipeline(311)) - destroying pipeline:Pipeline[ Id: e24272a4-7e17-41b5-94a9-5fc83eb0e599, Nodes: cccfaecc-560c-4f58-9140-53bb7696e889{ip: 192.168.34.53, host: pr-hdds-2107-sbngl-2106859965, networkLocation: /default-rack, certSerialId: null}28f29a4c-baf6-4c40-b523-744acc0a8c83{ip: 192.168.34.53, host: pr-hdds-2107-sbngl-2106859965, networkLocation: /default-rack, certSerialId: null}c53771ff-a4da-40bc-be42-f397952cb81e{ip: 192.168.34.53, host: pr-hdds-2107-sbngl-2106859965, networkLocation: /default-rack, certSerialId: null}, Type:RATIS, Factor:THREE, State:CLOSED]
2019-09-11 02:40:08,846 [grpc-default-executor-8] INFO  interfaces.Container (KeyValueContainer.java:flushAndSyncDB(386)) - Container 3 is synced with bcsId 6.
2019-09-11 02:40:08,846 [grpc-default-executor-8] INFO  interfaces.Container (KeyValueContainer.java:flushAndSyncDB(386)) - Container 3 is synced with bcsId 6.
2019-09-11 02:40:08,881 [grpc-default-executor-8] INFO  interfaces.Container (KeyValueContainer.java:flushAndSyncDB(386)) - Container 5 is synced with bcsId 0.
2019-09-11 02:40:08,881 [grpc-default-executor-8] INFO  interfaces.Container (KeyValueContainer.java:flushAndSyncDB(386)) - Container 5 is synced with bcsId 0.
2019-09-11 02:40:08,892 [grpc-default-executor-8] INFO  impl.RaftServerProxy (RaftServerProxy.java:remove(95)) - c53771ff-a4da-40bc-be42-f397952cb81e: remove    LEADER c53771ff-a4da-40bc-be42-f397952cb81e@group-5FC83EB0E599:t1, leader=c53771ff-a4da-40bc-be42-f397952cb81e, voted=c53771ff-a4da-40bc-be42-f397952cb81e, raftlog=c53771ff-a4da-40bc-be42-f397952cb81e@group-5FC83EB0E599-SegmentedRaftLog:OPENED:c10,f10,i17, conf=0: [c53771ff-a4da-40bc-be42-f397952cb81e:192.168.34.53:37384, cccfaecc-560c-4f58-9140-53bb7696e889:192.168.34.53:43087, 28f29a4c-baf6-4c40-b523-744acc0a8c83:192.168.34.53:35385], old=null RUNNING
2019-09-11 02:40:08,892 [grpc-default-executor-8] INFO  impl.RaftServerImpl (RaftServerImpl.java:lambda$shutdown$3(251)) - c53771ff-a4da-40bc-be42-f397952cb81e@group-5FC83EB0E599: shutdown
2019-09-11 02:40:08,893 [grpc-default-executor-8] INFO  util.JmxRegister (JmxRegister.java:unregister(73)) - Successfully un-registered JMX Bean with object name Ratis:service=RaftServer,group=group-5FC83EB0E599,id=c53771ff-a4da-40bc-be42-f397952cb81e
2019-09-11 02:40:08,893 [grpc-default-executor-8] INFO  impl.RoleInfo (RoleInfo.java:shutdownLeaderState(104)) - c53771ff-a4da-40bc-be42-f397952cb81e: shutdown LeaderState
2019-09-11 02:40:08,898 [org.apache.ratis.server.impl.LogAppender$AppenderDaemon$$Lambda$515/1517268026@21a0e2bc] WARN  server.GrpcLogAppender (GrpcLogAppender.java:mayWait(143)) - c53771ff-a4da-40bc-be42-f397952cb81e@group-5FC83EB0E599->28f29a4c-baf6-4c40-b523-744acc0a8c83-GrpcLogAppender: Wait interrupted by java.lang.InterruptedException
2019-09-11 02:40:08,898 [org.apache.ratis.server.impl.LogAppender$AppenderDaemon$$Lambda$515/1517268026@39e722d2] WARN  server.GrpcLogAppender (GrpcLogAppender.java:mayWait(143)) - c53771ff-a4da-40bc-be42-f397952cb81e@group-5FC83EB0E599->cccfaecc-560c-4f58-9140-53bb7696e889-GrpcLogAppender: Wait interrupted by java.lang.InterruptedException
2019-09-11 02:40:08,898 [grpc-default-executor-8] INFO  impl.PendingRequests (PendingRequests.java:sendNotLeaderResponses(202)) - c53771ff-a4da-40bc-be42-f397952cb81e-PendingRequests: sendNotLeaderResponses
2019-09-11 02:40:08,899 [grpc-default-executor-9] INFO  server.GrpcServerProtocolService (GrpcServerProtocolService.java:onCompleted(113)) - 28f29a4c-baf6-4c40-b523-744acc0a8c83: Completed APPEND_ENTRIES, lastRequest: c53771ff-a4da-40bc-be42-f397952cb81e->28f29a4c-baf6-4c40-b523-744acc0a8c83#92-t1, previous=(t:1, i:17), leaderCommit=10, initializing? false, entries: <empty>
2019-09-11 02:40:08,899 [grpc-default-executor-1] INFO  server.GrpcServerProtocolService (GrpcServerProtocolService.java:onCompleted(113)) - cccfaecc-560c-4f58-9140-53bb7696e889: Completed APPEND_ENTRIES, lastRequest: c53771ff-a4da-40bc-be42-f397952cb81e->cccfaecc-560c-4f58-9140-53bb7696e889#92-t1, previous=(t:1, i:17), leaderCommit=10, initializing? false, entries: <empty>
2019-09-11 02:40:08,899 [grpc-default-executor-1] INFO  server.GrpcLogAppender (GrpcLogAppender.java:onCompleted(293)) - c53771ff-a4da-40bc-be42-f397952cb81e@group-5FC83EB0E599->28f29a4c-baf6-4c40-b523-744acc0a8c83-AppendLogResponseHandler: follower responses appendEntries COMPLETED
2019-09-11 02:40:08,900 [grpc-default-executor-9] INFO  server.GrpcLogAppender (GrpcLogAppender.java:onCompleted(293)) - c53771ff-a4da-40bc-be42-f397952cb81e@group-5FC83EB0E599->cccfaecc-560c-4f58-9140-53bb7696e889-AppendLogResponseHandler: follower responses appendEntries COMPLETED
2019-09-11 02:40:08,901 [grpc-default-executor-1] INFO  impl.FollowerInfo (FollowerInfo.java:lambda$new$0(51)) - c53771ff-a4da-40bc-be42-f397952cb81e@group-5FC83EB0E599->28f29a4c-baf6-4c40-b523-744acc0a8c83: nextIndex: updateUnconditionally 18 -> 11
2019-09-11 02:40:08,906 [c53771ff-a4da-40bc-be42-f397952cb81e@group-5FC83EB0E599-StateMachineUpdater] INFO  ratis.ContainerStateMachine (ContainerStateMachine.java:takeSnapshot(289)) - group-5FC83EB0E599: Taking a snapshot at:(t:1, i:10) file /workdir/hadoop-ozone/integration-test/target/test-dir/MiniOzoneClusterImpl-3465b5d1-a811-46c9-af46-590ec6677b1b/datanode-6/data/ratis/e24272a4-7e17-41b5-94a9-5fc83eb0e599/sm/snapshot.1_10
2019-09-11 02:40:08,906 [grpc-default-executor-8] INFO  impl.StateMachineUpdater (StateMachineUpdater.java:stopAndJoin(125)) - c53771ff-a4da-40bc-be42-f397952cb81e@group-5FC83EB0E599-StateMachineUpdater: set stopIndex = 10
2019-09-11 02:40:08,901 [grpc-default-executor-9] INFO  impl.FollowerInfo (FollowerInfo.java:lambda$new$0(51)) - c53771ff-a4da-40bc-be42-f397952cb81e@group-5FC83EB0E599->cccfaecc-560c-4f58-9140-53bb7696e889: nextIndex: updateUnconditionally 18 -> 11
2019-09-11 02:40:08,911 [c53771ff-a4da-40bc-be42-f397952cb81e@group-5FC83EB0E599-StateMachineUpdater] INFO  ratis.ContainerStateMachine (ContainerStateMachine.java:takeSnapshot(300)) - group-5FC83EB0E599: Finished taking a snapshot at:(t:1, i:10) file:/workdir/hadoop-ozone/integration-test/target/test-dir/MiniOzoneClusterImpl-3465b5d1-a811-46c9-af46-590ec6677b1b/datanode-6/data/ratis/e24272a4-7e17-41b5-94a9-5fc83eb0e599/sm/snapshot.1_10 time:5
2019-09-11 02:40:08,911 [c53771ff-a4da-40bc-be42-f397952cb81e@group-5FC83EB0E599-StateMachineUpdater] INFO  impl.StateMachineUpdater (StateMachineUpdater.java:takeSnapshot(258)) - c53771ff-a4da-40bc-be42-f397952cb81e@group-5FC83EB0E599-StateMachineUpdater: Took a snapshot at index 10
2019-09-11 02:40:08,911 [c53771ff-a4da-40bc-be42-f397952cb81e@group-5FC83EB0E599-StateMachineUpdater] INFO  impl.StateMachineUpdater (StateMachineUpdater.java:lambda$new$0(83)) - c53771ff-a4da-40bc-be42-f397952cb81e@group-5FC83EB0E599-StateMachineUpdater: snapshotIndex: updateIncreasingly -1 -> 10
2019-09-11 02:40:08,911 [grpc-default-executor-8] INFO  impl.RaftServerImpl (ServerState.java:close(385)) - c53771ff-a4da-40bc-be42-f397952cb81e@group-5FC83EB0E599: closes. applyIndex: 10
2019-09-11 02:40:08,912 [c53771ff-a4da-40bc-be42-f397952cb81e@group-5FC83EB0E599-SegmentedRaftLogWorker] ERROR ratis.XceiverServerRatis (XceiverServerRatis.java:triggerPipelineClose(568)) - pipeline Action CLOSE  on pipeline PipelineID=e24272a4-7e17-41b5-94a9-5fc83eb0e599.Reason : WriteLog:12: (t:1, i:12), STATEMACHINELOGENTRY, client-6E43CC49A373, cid=42-writeStateMachineData interrupted.
2019-09-11 02:40:08,915 [EventQueue-PipelineActionsForPipelineActionHandler] ERROR pipeline.PipelineActionHandler (PipelineActionHandler.java:onMessage(60)) - Received pipeline action CLOSE for Pipeline[ Id: e24272a4-7e17-41b5-94a9-5fc83eb0e599, Nodes: cccfaecc-560c-4f58-9140-53bb7696e889{ip: 192.168.34.53, host: pr-hdds-2107-sbngl-2106859965, networkLocation: /default-rack, certSerialId: null}28f29a4c-baf6-4c40-b523-744acc0a8c83{ip: 192.168.34.53, host: pr-hdds-2107-sbngl-2106859965, networkLocation: /default-rack, certSerialId: null}c53771ff-a4da-40bc-be42-f397952cb81e{ip: 192.168.34.53, host: pr-hdds-2107-sbngl-2106859965, networkLocation: /default-rack, certSerialId: null}, Type:RATIS, Factor:THREE, State:CLOSED] from datanode c53771ff-a4da-40bc-be42-f397952cb81e{ip: 192.168.34.53, host: pr-hdds-2107-sbngl-2106859965, networkLocation: /default-rack, certSerialId: null}. Reason : WriteLog:12: (t:1, i:12), STATEMACHINELOGENTRY, client-6E43CC49A373, cid=42-writeStateMachineData interrupted.
2019-09-11 02:40:08,915 [EventQueue-PipelineActionsForPipelineActionHandler] INFO  pipeline.SCMPipelineManager (SCMPipelineManager.java:finalizeAndDestroyPipeline(311)) - destroying pipeline:Pipeline[ Id: e24272a4-7e17-41b5-94a9-5fc83eb0e599, Nodes: cccfaecc-560c-4f58-9140-53bb7696e889{ip: 192.168.34.53, host: pr-hdds-2107-sbngl-2106859965, networkLocation: /default-rack, certSerialId: null}28f29a4c-baf6-4c40-b523-744acc0a8c83{ip: 192.168.34.53, host: pr-hdds-2107-sbngl-2106859965, networkLocation: /default-rack, certSerialId: null}c53771ff-a4da-40bc-be42-f397952cb81e{ip: 192.168.34.53, host: pr-hdds-2107-sbngl-2106859965, networkLocation: /default-rack, certSerialId: null}, Type:RATIS, Factor:THREE, State:CLOSED]
2019-09-11 02:40:08,915 [Command processor thread] ERROR commandhandler.CloseContainerCommandHandler (CloseContainerCommandHandler.java:handle(125)) - Can't close container #5
java.io.IOException: org.apache.ratis.protocol.GroupMismatchException: c53771ff-a4da-40bc-be42-f397952cb81e: group-5FC83EB0E599 not found.
	at org.apache.hadoop.ozone.container.common.transport.server.ratis.XceiverServerRatis.submitRequest(XceiverServerRatis.java:495)
	at org.apache.hadoop.ozone.container.common.statemachine.commandhandler.CloseContainerCommandHandler.handle(CloseContainerCommandHandler.java:102)
	at org.apache.hadoop.ozone.container.common.statemachine.commandhandler.CommandDispatcher.handle(CommandDispatcher.java:99)
	at org.apache.hadoop.ozone.container.common.statemachine.DatanodeStateMachine.lambda$initCommandHandlerThread$1(DatanodeStateMachine.java:432)
	at java.lang.Thread.run(Thread.java:748)
Caused by: java.util.concurrent.ExecutionException: org.apache.ratis.protocol.GroupMismatchException: c53771ff-a4da-40bc-be42-f397952cb81e: group-5FC83EB0E599 not found.
	at java.util.concurrent.CompletableFuture.reportGet(CompletableFuture.java:357)
	at java.util.concurrent.CompletableFuture.get(CompletableFuture.java:1895)
	at org.apache.hadoop.ozone.container.common.transport.server.ratis.XceiverServerRatis.submitRequest(XceiverServerRatis.java:493)
	... 4 more
Caused by: org.apache.ratis.protocol.GroupMismatchException: c53771ff-a4da-40bc-be42-f397952cb81e: group-5FC83EB0E599 not found.
	at org.apache.ratis.server.impl.RaftServerProxy$ImplMap.get(RaftServerProxy.java:122)
	at org.apache.ratis.server.impl.RaftServerProxy.getImplFuture(RaftServerProxy.java:269)
	at org.apache.ratis.server.impl.RaftServerProxy.submitRequest(RaftServerProxy.java:327)
	at org.apache.ratis.server.impl.RaftServerProxy.submitClientRequestAsync(RaftServerProxy.java:333)
	... 5 more
2019-09-11 02:40:08,917 [grpc-default-executor-8] INFO  segmented.SegmentedRaftLogWorker (SegmentedRaftLogWorker.java:close(228)) - c53771ff-a4da-40bc-be42-f397952cb81e@group-5FC83EB0E599-SegmentedRaftLogWorker close()
2019-09-11 02:40:08,927 [grpc-default-executor-8] INFO  interfaces.Container (KeyValueContainer.java:flushAndSyncDB(386)) - Container 3 is synced with bcsId 6.
2019-09-11 02:40:08,928 [grpc-default-executor-8] INFO  interfaces.Container (KeyValueContainer.java:flushAndSyncDB(386)) - Container 3 is synced with bcsId 6.
2019-09-11 02:40:09,007 [grpc-default-executor-8] INFO  interfaces.Container (KeyValueContainer.java:flushAndSyncDB(386)) - Container 5 is synced with bcsId 0.
2019-09-11 02:40:09,008 [grpc-default-executor-8] INFO  interfaces.Container (KeyValueContainer.java:flushAndSyncDB(386)) - Container 5 is synced with bcsId 0.
2019-09-11 02:40:09,024 [RatisPipelineUtilsThread] INFO  pipeline.PipelineStateManager (PipelineStateManager.java:removePipeline(108)) - Pipeline Pipeline[ Id: e24272a4-7e17-41b5-94a9-5fc83eb0e599, Nodes: cccfaecc-560c-4f58-9140-53bb7696e889{ip: 192.168.34.53, host: pr-hdds-2107-sbngl-2106859965, networkLocation: /default-rack, certSerialId: null}28f29a4c-baf6-4c40-b523-744acc0a8c83{ip: 192.168.34.53, host: pr-hdds-2107-sbngl-2106859965, networkLocation: /default-rack, certSerialId: null}c53771ff-a4da-40bc-be42-f397952cb81e{ip: 192.168.34.53, host: pr-hdds-2107-sbngl-2106859965, networkLocation: /default-rack, certSerialId: null}, Type:RATIS, Factor:THREE, State:CLOSED] removed from db
2019-09-11 02:40:09,241 [main] WARN  io.KeyOutputStream (KeyOutputStream.java:handleException(276)) - Encountered exception java.io.IOException: Unexpected Storage Container Exception: java.util.concurrent.CompletionException: java.util.concurrent.CompletionException: org.apache.ratis.protocol.GroupMismatchException: cccfaecc-560c-4f58-9140-53bb7696e889: group-5FC83EB0E599 not found. on the pipeline Pipeline[ Id: e24272a4-7e17-41b5-94a9-5fc83eb0e599, Nodes: cccfaecc-560c-4f58-9140-53bb7696e889{ip: 192.168.34.53, host: pr-hdds-2107-sbngl-2106859965, networkLocation: /default-rack, certSerialId: null}28f29a4c-baf6-4c40-b523-744acc0a8c83{ip: 192.168.34.53, host: pr-hdds-2107-sbngl-2106859965, networkLocation: /default-rack, certSerialId: null}c53771ff-a4da-40bc-be42-f397952cb81e{ip: 192.168.34.53, host: pr-hdds-2107-sbngl-2106859965, networkLocation: /default-rack, certSerialId: null}, Type:RATIS, Factor:THREE, State:OPEN]. The last committed block length is 0, uncommitted data length is 400 retry count 0
2019-09-11 02:40:09,276 [grpc-default-executor-8] INFO  client.GrpcClientProtocolClient (GrpcClientProtocolClient.java:onNext(264)) - client-1271BDC01022->cccfaecc-560c-4f58-9140-53bb7696e889: receive RaftClientReply:client-1271BDC01022->cccfaecc-560c-4f58-9140-53bb7696e889@group-3F730D6994B2, cid=134, FAILED org.apache.ratis.protocol.NotLeaderException: Server cccfaecc-560c-4f58-9140-53bb7696e889@group-3F730D6994B2 is not the leader 28f29a4c-baf6-4c40-b523-744acc0a8c83:192.168.34.53:35385, logIndex=0, commits[cccfaecc-560c-4f58-9140-53bb7696e889:c0, c53771ff-a4da-40bc-be42-f397952cb81e:c0, 28f29a4c-baf6-4c40-b523-744acc0a8c83:c0]
2019-09-11 02:40:09,502 [grpc-default-executor-8] INFO  client.GrpcClientProtocolClient (GrpcClientProtocolClient.java:onNext(264)) - client-1271BDC01022->28f29a4c-baf6-4c40-b523-744acc0a8c83: receive RaftClientReply:client-1271BDC01022->28f29a4c-baf6-4c40-b523-744acc0a8c83@group-3F730D6994B2, cid=134, SUCCESS, logIndex=1, commits[28f29a4c-baf6-4c40-b523-744acc0a8c83:c1, c53771ff-a4da-40bc-be42-f397952cb81e:c0, cccfaecc-560c-4f58-9140-53bb7696e889:c0]
2019-09-11 02:40:09,538 [grpc-default-executor-8] INFO  client.GrpcClientProtocolClient (GrpcClientProtocolClient.java:onNext(264)) - client-1271BDC01022->28f29a4c-baf6-4c40-b523-744acc0a8c83: receive RaftClientReply:client-1271BDC01022->28f29a4c-baf6-4c40-b523-744acc0a8c83@group-3F730D6994B2, cid=135, SUCCESS, logIndex=3, commits[28f29a4c-baf6-4c40-b523-744acc0a8c83:c5, c53771ff-a4da-40bc-be42-f397952cb81e:c2, cccfaecc-560c-4f58-9140-53bb7696e889:c2]
2019-09-11 02:40:09,598 [grpc-default-executor-8] INFO  client.GrpcClientProtocolClient (GrpcClientProtocolClient.java:onNext(264)) - client-1271BDC01022->28f29a4c-baf6-4c40-b523-744acc0a8c83: receive RaftClientReply:client-1271BDC01022->28f29a4c-baf6-4c40-b523-744acc0a8c83@group-3F730D6994B2, cid=136, SUCCESS, logIndex=4, commits[28f29a4c-baf6-4c40-b523-744acc0a8c83:c12, c53771ff-a4da-40bc-be42-f397952cb81e:c7, cccfaecc-560c-4f58-9140-53bb7696e889:c7]
2019-09-11 02:40:09,602 [grpc-default-executor-8] INFO  client.GrpcClientProtocolClient (GrpcClientProtocolClient.java:onNext(264)) - client-1271BDC01022->28f29a4c-baf6-4c40-b523-744acc0a8c83: receive RaftClientReply:client-1271BDC01022->28f29a4c-baf6-4c40-b523-744acc0a8c83@group-3F730D6994B2, cid=137, SUCCESS, logIndex=5, commits[28f29a4c-baf6-4c40-b523-744acc0a8c83:c12, c53771ff-a4da-40bc-be42-f397952cb81e:c7, cccfaecc-560c-4f58-9140-53bb7696e889:c7]
2019-09-11 02:40:09,602 [grpc-default-executor-8] INFO  client.GrpcClientProtocolClient (GrpcClientProtocolClient.java:onNext(264)) - client-1271BDC01022->28f29a4c-baf6-4c40-b523-744acc0a8c83: receive RaftClientReply:client-1271BDC01022->28f29a4c-baf6-4c40-b523-744acc0a8c83@group-3F730D6994B2, cid=138, SUCCESS, logIndex=6, commits[28f29a4c-baf6-4c40-b523-744acc0a8c83:c12, c53771ff-a4da-40bc-be42-f397952cb81e:c7, cccfaecc-560c-4f58-9140-53bb7696e889:c7]
2019-09-11 02:40:09,703 [grpc-default-executor-8] INFO  client.GrpcClientProtocolClient (GrpcClientProtocolClient.java:onNext(264)) - client-1271BDC01022->28f29a4c-baf6-4c40-b523-744acc0a8c83: receive RaftClientReply:client-1271BDC01022->28f29a4c-baf6-4c40-b523-744acc0a8c83@group-3F730D6994B2, cid=139, SUCCESS, logIndex=7, commits[28f29a4c-baf6-4c40-b523-744acc0a8c83:c12, c53771ff-a4da-40bc-be42-f397952cb81e:c7, cccfaecc-560c-4f58-9140-53bb7696e889:c7]
]]></system-out>
  </testcase>
  <testcase name="testBufferCaching" classname="org.apache.hadoop.ozone.client.rpc.TestBlockOutputStream" time="0.417"/>
  <testcase name="testWriteWithExceedingMaxBufferLimit" classname="org.apache.hadoop.ozone.client.rpc.TestBlockOutputStream" time="192.676">
    <failure message="expected:&lt;23&gt; but was:&lt;27&gt;" type="java.lang.AssertionError"><![CDATA[java.lang.AssertionError: expected:<23> but was:<27>
	at org.junit.Assert.fail(Assert.java:88)
	at org.junit.Assert.failNotEquals(Assert.java:743)
	at org.junit.Assert.assertEquals(Assert.java:118)
	at org.junit.Assert.assertEquals(Assert.java:555)
	at org.junit.Assert.assertEquals(Assert.java:542)
	at org.apache.hadoop.ozone.client.rpc.TestBlockOutputStream.testWriteWithExceedingMaxBufferLimit(TestBlockOutputStream.java:614)
	at sun.reflect.NativeMethodAccessorImpl.invoke0(Native Method)
	at sun.reflect.NativeMethodAccessorImpl.invoke(NativeMethodAccessorImpl.java:62)
	at sun.reflect.DelegatingMethodAccessorImpl.invoke(DelegatingMethodAccessorImpl.java:43)
	at java.lang.reflect.Method.invoke(Method.java:498)
	at org.junit.runners.model.FrameworkMethod$1.runReflectiveCall(FrameworkMethod.java:47)
	at org.junit.internal.runners.model.ReflectiveCallable.run(ReflectiveCallable.java:12)
	at org.junit.runners.model.FrameworkMethod.invokeExplosively(FrameworkMethod.java:44)
	at org.junit.internal.runners.statements.InvokeMethod.evaluate(InvokeMethod.java:17)
	at org.junit.runners.ParentRunner.runLeaf(ParentRunner.java:271)
	at org.junit.runners.BlockJUnit4ClassRunner.runChild(BlockJUnit4ClassRunner.java:70)
	at org.junit.runners.BlockJUnit4ClassRunner.runChild(BlockJUnit4ClassRunner.java:50)
	at org.junit.runners.ParentRunner$3.run(ParentRunner.java:238)
	at org.junit.runners.ParentRunner$1.schedule(ParentRunner.java:63)
	at org.junit.runners.ParentRunner.runChildren(ParentRunner.java:236)
	at org.junit.runners.ParentRunner.access$000(ParentRunner.java:53)
	at org.junit.runners.ParentRunner$2.evaluate(ParentRunner.java:229)
	at org.junit.internal.runners.statements.RunBefores.evaluate(RunBefores.java:26)
	at org.junit.internal.runners.statements.RunAfters.evaluate(RunAfters.java:27)
	at org.junit.runners.ParentRunner.run(ParentRunner.java:309)
	at org.apache.maven.surefire.junit4.JUnit4Provider.execute(JUnit4Provider.java:365)
	at org.apache.maven.surefire.junit4.JUnit4Provider.executeWithRerun(JUnit4Provider.java:273)
	at org.apache.maven.surefire.junit4.JUnit4Provider.executeTestSet(JUnit4Provider.java:238)
	at org.apache.maven.surefire.junit4.JUnit4Provider.invoke(JUnit4Provider.java:159)
	at org.apache.maven.surefire.booter.ForkedBooter.invokeProviderInSameClassLoader(ForkedBooter.java:384)
	at org.apache.maven.surefire.booter.ForkedBooter.runSuitesInProcess(ForkedBooter.java:345)
	at org.apache.maven.surefire.booter.ForkedBooter.execute(ForkedBooter.java:126)
	at org.apache.maven.surefire.booter.ForkedBooter.main(ForkedBooter.java:418)
]]></failure>
    <system-out><![CDATA[2019-09-11 02:40:11,652 [grpc-default-executor-1] INFO  impl.RaftServerProxy (RaftServerProxy.java:remove(95)) - cccfaecc-560c-4f58-9140-53bb7696e889: remove group-5FC83EB0E599:null
2019-09-11 02:40:11,655 [RatisPipelineUtilsThread] WARN  pipeline.RatisPipelineUtils (RatisPipelineUtils.java:destroyPipeline(66)) - Pipeline destroy failed for pipeline=PipelineID=e24272a4-7e17-41b5-94a9-5fc83eb0e599 dn=cccfaecc-560c-4f58-9140-53bb7696e889{ip: 192.168.34.53, host: pr-hdds-2107-sbngl-2106859965, networkLocation: /default-rack, certSerialId: null}
2019-09-11 02:40:11,658 [grpc-default-executor-1] INFO  impl.RaftServerProxy (RaftServerProxy.java:remove(95)) - 28f29a4c-baf6-4c40-b523-744acc0a8c83: remove group-5FC83EB0E599:null
2019-09-11 02:40:11,660 [RatisPipelineUtilsThread] WARN  pipeline.RatisPipelineUtils (RatisPipelineUtils.java:destroyPipeline(66)) - Pipeline destroy failed for pipeline=PipelineID=e24272a4-7e17-41b5-94a9-5fc83eb0e599 dn=28f29a4c-baf6-4c40-b523-744acc0a8c83{ip: 192.168.34.53, host: pr-hdds-2107-sbngl-2106859965, networkLocation: /default-rack, certSerialId: null}
2019-09-11 02:40:11,663 [grpc-default-executor-1] INFO  impl.RaftServerProxy (RaftServerProxy.java:remove(95)) - c53771ff-a4da-40bc-be42-f397952cb81e: remove group-5FC83EB0E599:null
2019-09-11 02:40:11,665 [RatisPipelineUtilsThread] WARN  pipeline.RatisPipelineUtils (RatisPipelineUtils.java:destroyPipeline(66)) - Pipeline destroy failed for pipeline=PipelineID=e24272a4-7e17-41b5-94a9-5fc83eb0e599 dn=c53771ff-a4da-40bc-be42-f397952cb81e{ip: 192.168.34.53, host: pr-hdds-2107-sbngl-2106859965, networkLocation: /default-rack, certSerialId: null}
2019-09-11 02:40:11,665 [RatisPipelineUtilsThread] ERROR pipeline.SCMPipelineManager (Scheduler.java:lambda$schedule$1(70)) - Destroy pipeline failed for pipeline:Pipeline[ Id: e24272a4-7e17-41b5-94a9-5fc83eb0e599, Nodes: cccfaecc-560c-4f58-9140-53bb7696e889{ip: 192.168.34.53, host: pr-hdds-2107-sbngl-2106859965, networkLocation: /default-rack, certSerialId: null}28f29a4c-baf6-4c40-b523-744acc0a8c83{ip: 192.168.34.53, host: pr-hdds-2107-sbngl-2106859965, networkLocation: /default-rack, certSerialId: null}c53771ff-a4da-40bc-be42-f397952cb81e{ip: 192.168.34.53, host: pr-hdds-2107-sbngl-2106859965, networkLocation: /default-rack, certSerialId: null}, Type:RATIS, Factor:THREE, State:CLOSED]
org.apache.hadoop.hdds.scm.pipeline.PipelineNotFoundException: PipelineID=e24272a4-7e17-41b5-94a9-5fc83eb0e599 not found
	at org.apache.hadoop.hdds.scm.pipeline.PipelineStateMap.getPipeline(PipelineStateMap.java:132)
	at org.apache.hadoop.hdds.scm.pipeline.PipelineStateMap.removePipeline(PipelineStateMap.java:322)
	at org.apache.hadoop.hdds.scm.pipeline.PipelineStateManager.removePipeline(PipelineStateManager.java:107)
	at org.apache.hadoop.hdds.scm.pipeline.SCMPipelineManager.removePipeline(SCMPipelineManager.java:423)
	at org.apache.hadoop.hdds.scm.pipeline.SCMPipelineManager.destroyPipeline(SCMPipelineManager.java:409)
	at org.apache.hadoop.hdds.scm.pipeline.SCMPipelineManager.lambda$finalizeAndDestroyPipeline$0(SCMPipelineManager.java:318)
	at org.apache.hadoop.utils.Scheduler.lambda$schedule$1(Scheduler.java:68)
	at java.util.concurrent.Executors$RunnableAdapter.call(Executors.java:511)
	at java.util.concurrent.FutureTask.run(FutureTask.java:266)
	at java.util.concurrent.ScheduledThreadPoolExecutor$ScheduledFutureTask.access$201(ScheduledThreadPoolExecutor.java:180)
	at java.util.concurrent.ScheduledThreadPoolExecutor$ScheduledFutureTask.run(ScheduledThreadPoolExecutor.java:293)
	at java.util.concurrent.ThreadPoolExecutor.runWorker(ThreadPoolExecutor.java:1149)
	at java.util.concurrent.ThreadPoolExecutor$Worker.run(ThreadPoolExecutor.java:624)
	at java.lang.Thread.run(Thread.java:748)
2019-09-11 02:40:12,684 [grpc-default-executor-7] INFO  impl.RaftServerProxy (RaftServerProxy.java:remove(95)) - cccfaecc-560c-4f58-9140-53bb7696e889: remove group-5FC83EB0E599:null
2019-09-11 02:40:12,686 [RatisPipelineUtilsThread] WARN  pipeline.RatisPipelineUtils (RatisPipelineUtils.java:destroyPipeline(66)) - Pipeline destroy failed for pipeline=PipelineID=e24272a4-7e17-41b5-94a9-5fc83eb0e599 dn=cccfaecc-560c-4f58-9140-53bb7696e889{ip: 192.168.34.53, host: pr-hdds-2107-sbngl-2106859965, networkLocation: /default-rack, certSerialId: null}
2019-09-11 02:40:12,689 [grpc-default-executor-7] INFO  impl.RaftServerProxy (RaftServerProxy.java:remove(95)) - 28f29a4c-baf6-4c40-b523-744acc0a8c83: remove group-5FC83EB0E599:null
2019-09-11 02:40:12,692 [RatisPipelineUtilsThread] WARN  pipeline.RatisPipelineUtils (RatisPipelineUtils.java:destroyPipeline(66)) - Pipeline destroy failed for pipeline=PipelineID=e24272a4-7e17-41b5-94a9-5fc83eb0e599 dn=28f29a4c-baf6-4c40-b523-744acc0a8c83{ip: 192.168.34.53, host: pr-hdds-2107-sbngl-2106859965, networkLocation: /default-rack, certSerialId: null}
2019-09-11 02:40:12,695 [grpc-default-executor-7] INFO  impl.RaftServerProxy (RaftServerProxy.java:remove(95)) - c53771ff-a4da-40bc-be42-f397952cb81e: remove group-5FC83EB0E599:null
2019-09-11 02:40:12,697 [RatisPipelineUtilsThread] WARN  pipeline.RatisPipelineUtils (RatisPipelineUtils.java:destroyPipeline(66)) - Pipeline destroy failed for pipeline=PipelineID=e24272a4-7e17-41b5-94a9-5fc83eb0e599 dn=c53771ff-a4da-40bc-be42-f397952cb81e{ip: 192.168.34.53, host: pr-hdds-2107-sbngl-2106859965, networkLocation: /default-rack, certSerialId: null}
2019-09-11 02:40:12,697 [RatisPipelineUtilsThread] ERROR pipeline.SCMPipelineManager (Scheduler.java:lambda$schedule$1(70)) - Destroy pipeline failed for pipeline:Pipeline[ Id: e24272a4-7e17-41b5-94a9-5fc83eb0e599, Nodes: cccfaecc-560c-4f58-9140-53bb7696e889{ip: 192.168.34.53, host: pr-hdds-2107-sbngl-2106859965, networkLocation: /default-rack, certSerialId: null}28f29a4c-baf6-4c40-b523-744acc0a8c83{ip: 192.168.34.53, host: pr-hdds-2107-sbngl-2106859965, networkLocation: /default-rack, certSerialId: null}c53771ff-a4da-40bc-be42-f397952cb81e{ip: 192.168.34.53, host: pr-hdds-2107-sbngl-2106859965, networkLocation: /default-rack, certSerialId: null}, Type:RATIS, Factor:THREE, State:CLOSED]
org.apache.hadoop.hdds.scm.pipeline.PipelineNotFoundException: PipelineID=e24272a4-7e17-41b5-94a9-5fc83eb0e599 not found
	at org.apache.hadoop.hdds.scm.pipeline.PipelineStateMap.getPipeline(PipelineStateMap.java:132)
	at org.apache.hadoop.hdds.scm.pipeline.PipelineStateMap.removePipeline(PipelineStateMap.java:322)
	at org.apache.hadoop.hdds.scm.pipeline.PipelineStateManager.removePipeline(PipelineStateManager.java:107)
	at org.apache.hadoop.hdds.scm.pipeline.SCMPipelineManager.removePipeline(SCMPipelineManager.java:423)
	at org.apache.hadoop.hdds.scm.pipeline.SCMPipelineManager.destroyPipeline(SCMPipelineManager.java:409)
	at org.apache.hadoop.hdds.scm.pipeline.SCMPipelineManager.lambda$finalizeAndDestroyPipeline$0(SCMPipelineManager.java:318)
	at org.apache.hadoop.utils.Scheduler.lambda$schedule$1(Scheduler.java:68)
	at java.util.concurrent.Executors$RunnableAdapter.call(Executors.java:511)
	at java.util.concurrent.FutureTask.run(FutureTask.java:266)
	at java.util.concurrent.ScheduledThreadPoolExecutor$ScheduledFutureTask.access$201(ScheduledThreadPoolExecutor.java:180)
	at java.util.concurrent.ScheduledThreadPoolExecutor$ScheduledFutureTask.run(ScheduledThreadPoolExecutor.java:293)
	at java.util.concurrent.ThreadPoolExecutor.runWorker(ThreadPoolExecutor.java:1149)
	at java.util.concurrent.ThreadPoolExecutor$Worker.run(ThreadPoolExecutor.java:624)
	at java.lang.Thread.run(Thread.java:748)
2019-09-11 02:40:13,139 [java.util.concurrent.ThreadPoolExecutor$Worker@7b4e52e0[State = -1, empty queue]] WARN  server.GrpcLogAppender (GrpcLogAppender.java:timeoutAppendRequest(200)) - 28f29a4c-baf6-4c40-b523-744acc0a8c83@group-3F730D6994B2->c53771ff-a4da-40bc-be42-f397952cb81e-GrpcLogAppender: appendEntries Timeout, request=28f29a4c-baf6-4c40-b523-744acc0a8c83->c53771ff-a4da-40bc-be42-f397952cb81e#25-t1, previous=(t:1, i:15), leaderCommit=15, initializing? false, entries: size=1, first=(t:1, i:16), STATEMACHINELOGENTRY, client-1271BDC01022, cid=142
2019-09-11 02:40:13,139 [java.util.concurrent.ThreadPoolExecutor$Worker@1858f8f2[State = -1, empty queue]] WARN  server.GrpcLogAppender (GrpcLogAppender.java:timeoutAppendRequest(200)) - 28f29a4c-baf6-4c40-b523-744acc0a8c83@group-3F730D6994B2->cccfaecc-560c-4f58-9140-53bb7696e889-GrpcLogAppender: appendEntries Timeout, request=28f29a4c-baf6-4c40-b523-744acc0a8c83->cccfaecc-560c-4f58-9140-53bb7696e889#25-t1, previous=(t:1, i:15), leaderCommit=15, initializing? false, entries: size=1, first=(t:1, i:16), STATEMACHINELOGENTRY, client-1271BDC01022, cid=142
2019-09-11 02:40:13,140 [java.util.concurrent.ThreadPoolExecutor$Worker@7b4e52e0[State = -1, empty queue]] WARN  server.GrpcLogAppender (GrpcLogAppender.java:timeoutAppendRequest(200)) - 28f29a4c-baf6-4c40-b523-744acc0a8c83@group-3F730D6994B2->c53771ff-a4da-40bc-be42-f397952cb81e-GrpcLogAppender: appendEntries Timeout, request=28f29a4c-baf6-4c40-b523-744acc0a8c83->c53771ff-a4da-40bc-be42-f397952cb81e#26-t1, previous=(t:1, i:16), leaderCommit=15, initializing? false, entries: size=1, first=(t:1, i:17), STATEMACHINELOGENTRY, client-1271BDC01022, cid=143
2019-09-11 02:40:13,140 [java.util.concurrent.ThreadPoolExecutor$Worker@1858f8f2[State = -1, empty queue]] WARN  server.GrpcLogAppender (GrpcLogAppender.java:timeoutAppendRequest(200)) - 28f29a4c-baf6-4c40-b523-744acc0a8c83@group-3F730D6994B2->cccfaecc-560c-4f58-9140-53bb7696e889-GrpcLogAppender: appendEntries Timeout, request=28f29a4c-baf6-4c40-b523-744acc0a8c83->cccfaecc-560c-4f58-9140-53bb7696e889#26-t1, previous=(t:1, i:16), leaderCommit=15, initializing? false, entries: size=1, first=(t:1, i:17), STATEMACHINELOGENTRY, client-1271BDC01022, cid=143
2019-09-11 02:40:13,140 [java.util.concurrent.ThreadPoolExecutor$Worker@7b4e52e0[State = -1, empty queue]] WARN  server.GrpcLogAppender (GrpcLogAppender.java:timeoutAppendRequest(200)) - 28f29a4c-baf6-4c40-b523-744acc0a8c83@group-3F730D6994B2->c53771ff-a4da-40bc-be42-f397952cb81e-GrpcLogAppender: appendEntries Timeout, request=28f29a4c-baf6-4c40-b523-744acc0a8c83->c53771ff-a4da-40bc-be42-f397952cb81e#27-t1, previous=(t:1, i:17), leaderCommit=15, initializing? false, entries: size=1, first=(t:1, i:18), STATEMACHINELOGENTRY, client-1271BDC01022, cid=144
2019-09-11 02:40:13,140 [java.util.concurrent.ThreadPoolExecutor$Worker@1858f8f2[State = -1, empty queue]] WARN  server.GrpcLogAppender (GrpcLogAppender.java:timeoutAppendRequest(200)) - 28f29a4c-baf6-4c40-b523-744acc0a8c83@group-3F730D6994B2->cccfaecc-560c-4f58-9140-53bb7696e889-GrpcLogAppender: appendEntries Timeout, request=28f29a4c-baf6-4c40-b523-744acc0a8c83->cccfaecc-560c-4f58-9140-53bb7696e889#27-t1, previous=(t:1, i:17), leaderCommit=15, initializing? false, entries: size=1, first=(t:1, i:18), STATEMACHINELOGENTRY, client-1271BDC01022, cid=144
2019-09-11 02:40:13,141 [java.util.concurrent.ThreadPoolExecutor$Worker@7b4e52e0[State = -1, empty queue]] WARN  server.GrpcLogAppender (GrpcLogAppender.java:timeoutAppendRequest(200)) - 28f29a4c-baf6-4c40-b523-744acc0a8c83@group-3F730D6994B2->c53771ff-a4da-40bc-be42-f397952cb81e-GrpcLogAppender: appendEntries Timeout, request=28f29a4c-baf6-4c40-b523-744acc0a8c83->c53771ff-a4da-40bc-be42-f397952cb81e#28-t1, previous=(t:1, i:18), leaderCommit=15, initializing? false, entries: size=1, first=(t:1, i:19), STATEMACHINELOGENTRY, client-1271BDC01022, cid=145
2019-09-11 02:40:13,141 [java.util.concurrent.ThreadPoolExecutor$Worker@1858f8f2[State = -1, empty queue]] WARN  server.GrpcLogAppender (GrpcLogAppender.java:timeoutAppendRequest(200)) - 28f29a4c-baf6-4c40-b523-744acc0a8c83@group-3F730D6994B2->cccfaecc-560c-4f58-9140-53bb7696e889-GrpcLogAppender: appendEntries Timeout, request=28f29a4c-baf6-4c40-b523-744acc0a8c83->cccfaecc-560c-4f58-9140-53bb7696e889#28-t1, previous=(t:1, i:18), leaderCommit=15, initializing? false, entries: size=1, first=(t:1, i:19), STATEMACHINELOGENTRY, client-1271BDC01022, cid=145
2019-09-11 02:40:13,142 [java.util.concurrent.ThreadPoolExecutor$Worker@1858f8f2[State = -1, empty queue]] WARN  server.GrpcLogAppender (GrpcLogAppender.java:timeoutAppendRequest(200)) - 28f29a4c-baf6-4c40-b523-744acc0a8c83@group-3F730D6994B2->cccfaecc-560c-4f58-9140-53bb7696e889-GrpcLogAppender: appendEntries Timeout, request=28f29a4c-baf6-4c40-b523-744acc0a8c83->cccfaecc-560c-4f58-9140-53bb7696e889#29-t1, previous=(t:1, i:19), leaderCommit=15, initializing? false, entries: size=1, first=(t:1, i:20), STATEMACHINELOGENTRY, client-1271BDC01022, cid=146
2019-09-11 02:40:13,142 [java.util.concurrent.ThreadPoolExecutor$Worker@7b4e52e0[State = -1, empty queue]] WARN  server.GrpcLogAppender (GrpcLogAppender.java:timeoutAppendRequest(200)) - 28f29a4c-baf6-4c40-b523-744acc0a8c83@group-3F730D6994B2->c53771ff-a4da-40bc-be42-f397952cb81e-GrpcLogAppender: appendEntries Timeout, request=28f29a4c-baf6-4c40-b523-744acc0a8c83->c53771ff-a4da-40bc-be42-f397952cb81e#29-t1, previous=(t:1, i:19), leaderCommit=15, initializing? false, entries: size=1, first=(t:1, i:20), STATEMACHINELOGENTRY, client-1271BDC01022, cid=146
2019-09-11 02:40:13,142 [java.util.concurrent.ThreadPoolExecutor$Worker@1858f8f2[State = -1, empty queue]] WARN  server.GrpcLogAppender (GrpcLogAppender.java:timeoutAppendRequest(200)) - 28f29a4c-baf6-4c40-b523-744acc0a8c83@group-3F730D6994B2->cccfaecc-560c-4f58-9140-53bb7696e889-GrpcLogAppender: appendEntries Timeout, request=28f29a4c-baf6-4c40-b523-744acc0a8c83->cccfaecc-560c-4f58-9140-53bb7696e889#30-t1, previous=(t:1, i:20), leaderCommit=15, initializing? false, entries: size=1, first=(t:1, i:21), STATEMACHINELOGENTRY, client-1271BDC01022, cid=147
2019-09-11 02:40:13,143 [java.util.concurrent.ThreadPoolExecutor$Worker@7b4e52e0[State = -1, empty queue]] WARN  server.GrpcLogAppender (GrpcLogAppender.java:timeoutAppendRequest(200)) - 28f29a4c-baf6-4c40-b523-744acc0a8c83@group-3F730D6994B2->c53771ff-a4da-40bc-be42-f397952cb81e-GrpcLogAppender: appendEntries Timeout, request=28f29a4c-baf6-4c40-b523-744acc0a8c83->c53771ff-a4da-40bc-be42-f397952cb81e#30-t1, previous=(t:1, i:20), leaderCommit=15, initializing? false, entries: size=1, first=(t:1, i:21), STATEMACHINELOGENTRY, client-1271BDC01022, cid=147
2019-09-11 02:40:14,687 [grpc-default-executor-7] INFO  impl.RaftServerProxy (RaftServerProxy.java:remove(95)) - cccfaecc-560c-4f58-9140-53bb7696e889: remove group-5FC83EB0E599:null
2019-09-11 02:40:14,691 [RatisPipelineUtilsThread] WARN  pipeline.RatisPipelineUtils (RatisPipelineUtils.java:destroyPipeline(66)) - Pipeline destroy failed for pipeline=PipelineID=e24272a4-7e17-41b5-94a9-5fc83eb0e599 dn=cccfaecc-560c-4f58-9140-53bb7696e889{ip: 192.168.34.53, host: pr-hdds-2107-sbngl-2106859965, networkLocation: /default-rack, certSerialId: null}
2019-09-11 02:40:14,694 [grpc-default-executor-7] INFO  impl.RaftServerProxy (RaftServerProxy.java:remove(95)) - 28f29a4c-baf6-4c40-b523-744acc0a8c83: remove group-5FC83EB0E599:null
2019-09-11 02:40:14,696 [RatisPipelineUtilsThread] WARN  pipeline.RatisPipelineUtils (RatisPipelineUtils.java:destroyPipeline(66)) - Pipeline destroy failed for pipeline=PipelineID=e24272a4-7e17-41b5-94a9-5fc83eb0e599 dn=28f29a4c-baf6-4c40-b523-744acc0a8c83{ip: 192.168.34.53, host: pr-hdds-2107-sbngl-2106859965, networkLocation: /default-rack, certSerialId: null}
2019-09-11 02:40:14,699 [grpc-default-executor-7] INFO  impl.RaftServerProxy (RaftServerProxy.java:remove(95)) - c53771ff-a4da-40bc-be42-f397952cb81e: remove group-5FC83EB0E599:null
2019-09-11 02:40:14,701 [RatisPipelineUtilsThread] WARN  pipeline.RatisPipelineUtils (RatisPipelineUtils.java:destroyPipeline(66)) - Pipeline destroy failed for pipeline=PipelineID=e24272a4-7e17-41b5-94a9-5fc83eb0e599 dn=c53771ff-a4da-40bc-be42-f397952cb81e{ip: 192.168.34.53, host: pr-hdds-2107-sbngl-2106859965, networkLocation: /default-rack, certSerialId: null}
2019-09-11 02:40:14,702 [RatisPipelineUtilsThread] ERROR pipeline.SCMPipelineManager (Scheduler.java:lambda$schedule$1(70)) - Destroy pipeline failed for pipeline:Pipeline[ Id: e24272a4-7e17-41b5-94a9-5fc83eb0e599, Nodes: cccfaecc-560c-4f58-9140-53bb7696e889{ip: 192.168.34.53, host: pr-hdds-2107-sbngl-2106859965, networkLocation: /default-rack, certSerialId: null}28f29a4c-baf6-4c40-b523-744acc0a8c83{ip: 192.168.34.53, host: pr-hdds-2107-sbngl-2106859965, networkLocation: /default-rack, certSerialId: null}c53771ff-a4da-40bc-be42-f397952cb81e{ip: 192.168.34.53, host: pr-hdds-2107-sbngl-2106859965, networkLocation: /default-rack, certSerialId: null}, Type:RATIS, Factor:THREE, State:CLOSED]
org.apache.hadoop.hdds.scm.pipeline.PipelineNotFoundException: PipelineID=e24272a4-7e17-41b5-94a9-5fc83eb0e599 not found
	at org.apache.hadoop.hdds.scm.pipeline.PipelineStateMap.getPipeline(PipelineStateMap.java:132)
	at org.apache.hadoop.hdds.scm.pipeline.PipelineStateMap.removePipeline(PipelineStateMap.java:322)
	at org.apache.hadoop.hdds.scm.pipeline.PipelineStateManager.removePipeline(PipelineStateManager.java:107)
	at org.apache.hadoop.hdds.scm.pipeline.SCMPipelineManager.removePipeline(SCMPipelineManager.java:423)
	at org.apache.hadoop.hdds.scm.pipeline.SCMPipelineManager.destroyPipeline(SCMPipelineManager.java:409)
	at org.apache.hadoop.hdds.scm.pipeline.SCMPipelineManager.lambda$finalizeAndDestroyPipeline$0(SCMPipelineManager.java:318)
	at org.apache.hadoop.utils.Scheduler.lambda$schedule$1(Scheduler.java:68)
	at java.util.concurrent.Executors$RunnableAdapter.call(Executors.java:511)
	at java.util.concurrent.FutureTask.run(FutureTask.java:266)
	at java.util.concurrent.ScheduledThreadPoolExecutor$ScheduledFutureTask.access$201(ScheduledThreadPoolExecutor.java:180)
	at java.util.concurrent.ScheduledThreadPoolExecutor$ScheduledFutureTask.run(ScheduledThreadPoolExecutor.java:293)
	at java.util.concurrent.ThreadPoolExecutor.runWorker(ThreadPoolExecutor.java:1149)
	at java.util.concurrent.ThreadPoolExecutor$Worker.run(ThreadPoolExecutor.java:624)
	at java.lang.Thread.run(Thread.java:748)
2019-09-11 02:40:15,168 [grpc-default-executor-7] INFO  client.GrpcClientProtocolClient (GrpcClientProtocolClient.java:onNext(264)) - client-1271BDC01022->c53771ff-a4da-40bc-be42-f397952cb81e: receive RaftClientReply:client-1271BDC01022->c53771ff-a4da-40bc-be42-f397952cb81e@group-3F730D6994B2, cid=142, FAILED org.apache.ratis.protocol.NotLeaderException: Server c53771ff-a4da-40bc-be42-f397952cb81e@group-3F730D6994B2 is not the leader 28f29a4c-baf6-4c40-b523-744acc0a8c83:192.168.34.53:35385, logIndex=0, commits[c53771ff-a4da-40bc-be42-f397952cb81e:c15, cccfaecc-560c-4f58-9140-53bb7696e889:c14, 28f29a4c-baf6-4c40-b523-744acc0a8c83:c15]
2019-09-11 02:40:15,643 [java.util.concurrent.ThreadPoolExecutor$Worker@7b4e52e0[State = -1, empty queue]] WARN  server.GrpcLogAppender (GrpcLogAppender.java:timeoutAppendRequest(200)) - 28f29a4c-baf6-4c40-b523-744acc0a8c83@group-3F730D6994B2->c53771ff-a4da-40bc-be42-f397952cb81e-GrpcLogAppender: appendEntries Timeout, request=28f29a4c-baf6-4c40-b523-744acc0a8c83->c53771ff-a4da-40bc-be42-f397952cb81e#31-t1, previous=(t:1, i:21), leaderCommit=15, initializing? false, entries: <empty>
2019-09-11 02:40:15,643 [java.util.concurrent.ThreadPoolExecutor$Worker@1858f8f2[State = -1, empty queue]] WARN  server.GrpcLogAppender (GrpcLogAppender.java:timeoutAppendRequest(200)) - 28f29a4c-baf6-4c40-b523-744acc0a8c83@group-3F730D6994B2->cccfaecc-560c-4f58-9140-53bb7696e889-GrpcLogAppender: appendEntries Timeout, request=28f29a4c-baf6-4c40-b523-744acc0a8c83->cccfaecc-560c-4f58-9140-53bb7696e889#31-t1, previous=(t:1, i:21), leaderCommit=15, initializing? false, entries: <empty>
2019-09-11 02:40:17,689 [grpc-default-executor-1] INFO  impl.RaftServerProxy (RaftServerProxy.java:remove(95)) - cccfaecc-560c-4f58-9140-53bb7696e889: remove group-5FC83EB0E599:null
2019-09-11 02:40:17,695 [RatisPipelineUtilsThread] WARN  pipeline.RatisPipelineUtils (RatisPipelineUtils.java:destroyPipeline(66)) - Pipeline destroy failed for pipeline=PipelineID=e24272a4-7e17-41b5-94a9-5fc83eb0e599 dn=cccfaecc-560c-4f58-9140-53bb7696e889{ip: 192.168.34.53, host: pr-hdds-2107-sbngl-2106859965, networkLocation: /default-rack, certSerialId: null}
2019-09-11 02:40:17,698 [grpc-default-executor-1] INFO  impl.RaftServerProxy (RaftServerProxy.java:remove(95)) - 28f29a4c-baf6-4c40-b523-744acc0a8c83: remove group-5FC83EB0E599:null
2019-09-11 02:40:17,700 [RatisPipelineUtilsThread] WARN  pipeline.RatisPipelineUtils (RatisPipelineUtils.java:destroyPipeline(66)) - Pipeline destroy failed for pipeline=PipelineID=e24272a4-7e17-41b5-94a9-5fc83eb0e599 dn=28f29a4c-baf6-4c40-b523-744acc0a8c83{ip: 192.168.34.53, host: pr-hdds-2107-sbngl-2106859965, networkLocation: /default-rack, certSerialId: null}
2019-09-11 02:40:17,703 [grpc-default-executor-1] INFO  impl.RaftServerProxy (RaftServerProxy.java:remove(95)) - c53771ff-a4da-40bc-be42-f397952cb81e: remove group-5FC83EB0E599:null
2019-09-11 02:40:17,705 [RatisPipelineUtilsThread] WARN  pipeline.RatisPipelineUtils (RatisPipelineUtils.java:destroyPipeline(66)) - Pipeline destroy failed for pipeline=PipelineID=e24272a4-7e17-41b5-94a9-5fc83eb0e599 dn=c53771ff-a4da-40bc-be42-f397952cb81e{ip: 192.168.34.53, host: pr-hdds-2107-sbngl-2106859965, networkLocation: /default-rack, certSerialId: null}
2019-09-11 02:40:17,705 [RatisPipelineUtilsThread] ERROR pipeline.SCMPipelineManager (Scheduler.java:lambda$schedule$1(70)) - Destroy pipeline failed for pipeline:Pipeline[ Id: e24272a4-7e17-41b5-94a9-5fc83eb0e599, Nodes: cccfaecc-560c-4f58-9140-53bb7696e889{ip: 192.168.34.53, host: pr-hdds-2107-sbngl-2106859965, networkLocation: /default-rack, certSerialId: null}28f29a4c-baf6-4c40-b523-744acc0a8c83{ip: 192.168.34.53, host: pr-hdds-2107-sbngl-2106859965, networkLocation: /default-rack, certSerialId: null}c53771ff-a4da-40bc-be42-f397952cb81e{ip: 192.168.34.53, host: pr-hdds-2107-sbngl-2106859965, networkLocation: /default-rack, certSerialId: null}, Type:RATIS, Factor:THREE, State:CLOSED]
org.apache.hadoop.hdds.scm.pipeline.PipelineNotFoundException: PipelineID=e24272a4-7e17-41b5-94a9-5fc83eb0e599 not found
	at org.apache.hadoop.hdds.scm.pipeline.PipelineStateMap.getPipeline(PipelineStateMap.java:132)
	at org.apache.hadoop.hdds.scm.pipeline.PipelineStateMap.removePipeline(PipelineStateMap.java:322)
	at org.apache.hadoop.hdds.scm.pipeline.PipelineStateManager.removePipeline(PipelineStateManager.java:107)
	at org.apache.hadoop.hdds.scm.pipeline.SCMPipelineManager.removePipeline(SCMPipelineManager.java:423)
	at org.apache.hadoop.hdds.scm.pipeline.SCMPipelineManager.destroyPipeline(SCMPipelineManager.java:409)
	at org.apache.hadoop.hdds.scm.pipeline.SCMPipelineManager.lambda$finalizeAndDestroyPipeline$0(SCMPipelineManager.java:318)
	at org.apache.hadoop.utils.Scheduler.lambda$schedule$1(Scheduler.java:68)
	at java.util.concurrent.Executors$RunnableAdapter.call(Executors.java:511)
	at java.util.concurrent.FutureTask.run(FutureTask.java:266)
	at java.util.concurrent.ScheduledThreadPoolExecutor$ScheduledFutureTask.access$201(ScheduledThreadPoolExecutor.java:180)
	at java.util.concurrent.ScheduledThreadPoolExecutor$ScheduledFutureTask.run(ScheduledThreadPoolExecutor.java:293)
	at java.util.concurrent.ThreadPoolExecutor.runWorker(ThreadPoolExecutor.java:1149)
	at java.util.concurrent.ThreadPoolExecutor$Worker.run(ThreadPoolExecutor.java:624)
	at java.lang.Thread.run(Thread.java:748)
2019-09-11 02:40:18,144 [java.util.concurrent.ThreadPoolExecutor$Worker@7b4e52e0[State = -1, empty queue]] WARN  server.GrpcLogAppender (GrpcLogAppender.java:timeoutAppendRequest(200)) - 28f29a4c-baf6-4c40-b523-744acc0a8c83@group-3F730D6994B2->c53771ff-a4da-40bc-be42-f397952cb81e-GrpcLogAppender: appendEntries Timeout, request=28f29a4c-baf6-4c40-b523-744acc0a8c83->c53771ff-a4da-40bc-be42-f397952cb81e#32-t1, previous=(t:1, i:21), leaderCommit=15, initializing? false, entries: <empty>
2019-09-11 02:40:18,144 [java.util.concurrent.ThreadPoolExecutor$Worker@1858f8f2[State = -1, empty queue]] WARN  server.GrpcLogAppender (GrpcLogAppender.java:timeoutAppendRequest(200)) - 28f29a4c-baf6-4c40-b523-744acc0a8c83@group-3F730D6994B2->cccfaecc-560c-4f58-9140-53bb7696e889-GrpcLogAppender: appendEntries Timeout, request=28f29a4c-baf6-4c40-b523-744acc0a8c83->cccfaecc-560c-4f58-9140-53bb7696e889#32-t1, previous=(t:1, i:21), leaderCommit=15, initializing? false, entries: <empty>
2019-09-11 02:40:19,688 [grpc-default-executor-1] INFO  impl.RaftServerProxy (RaftServerProxy.java:remove(95)) - cccfaecc-560c-4f58-9140-53bb7696e889: remove group-5FC83EB0E599:null
2019-09-11 02:40:19,691 [RatisPipelineUtilsThread] WARN  pipeline.RatisPipelineUtils (RatisPipelineUtils.java:destroyPipeline(66)) - Pipeline destroy failed for pipeline=PipelineID=e24272a4-7e17-41b5-94a9-5fc83eb0e599 dn=cccfaecc-560c-4f58-9140-53bb7696e889{ip: 192.168.34.53, host: pr-hdds-2107-sbngl-2106859965, networkLocation: /default-rack, certSerialId: null}
2019-09-11 02:40:19,694 [grpc-default-executor-1] INFO  impl.RaftServerProxy (RaftServerProxy.java:remove(95)) - 28f29a4c-baf6-4c40-b523-744acc0a8c83: remove group-5FC83EB0E599:null
2019-09-11 02:40:19,696 [RatisPipelineUtilsThread] WARN  pipeline.RatisPipelineUtils (RatisPipelineUtils.java:destroyPipeline(66)) - Pipeline destroy failed for pipeline=PipelineID=e24272a4-7e17-41b5-94a9-5fc83eb0e599 dn=28f29a4c-baf6-4c40-b523-744acc0a8c83{ip: 192.168.34.53, host: pr-hdds-2107-sbngl-2106859965, networkLocation: /default-rack, certSerialId: null}
2019-09-11 02:40:19,702 [grpc-default-executor-1] INFO  impl.RaftServerProxy (RaftServerProxy.java:remove(95)) - c53771ff-a4da-40bc-be42-f397952cb81e: remove group-5FC83EB0E599:null
2019-09-11 02:40:19,705 [RatisPipelineUtilsThread] WARN  pipeline.RatisPipelineUtils (RatisPipelineUtils.java:destroyPipeline(66)) - Pipeline destroy failed for pipeline=PipelineID=e24272a4-7e17-41b5-94a9-5fc83eb0e599 dn=c53771ff-a4da-40bc-be42-f397952cb81e{ip: 192.168.34.53, host: pr-hdds-2107-sbngl-2106859965, networkLocation: /default-rack, certSerialId: null}
2019-09-11 02:40:19,706 [RatisPipelineUtilsThread] ERROR pipeline.SCMPipelineManager (Scheduler.java:lambda$schedule$1(70)) - Destroy pipeline failed for pipeline:Pipeline[ Id: e24272a4-7e17-41b5-94a9-5fc83eb0e599, Nodes: cccfaecc-560c-4f58-9140-53bb7696e889{ip: 192.168.34.53, host: pr-hdds-2107-sbngl-2106859965, networkLocation: /default-rack, certSerialId: null}28f29a4c-baf6-4c40-b523-744acc0a8c83{ip: 192.168.34.53, host: pr-hdds-2107-sbngl-2106859965, networkLocation: /default-rack, certSerialId: null}c53771ff-a4da-40bc-be42-f397952cb81e{ip: 192.168.34.53, host: pr-hdds-2107-sbngl-2106859965, networkLocation: /default-rack, certSerialId: null}, Type:RATIS, Factor:THREE, State:CLOSED]
org.apache.hadoop.hdds.scm.pipeline.PipelineNotFoundException: PipelineID=e24272a4-7e17-41b5-94a9-5fc83eb0e599 not found
	at org.apache.hadoop.hdds.scm.pipeline.PipelineStateMap.getPipeline(PipelineStateMap.java:132)
	at org.apache.hadoop.hdds.scm.pipeline.PipelineStateMap.removePipeline(PipelineStateMap.java:322)
	at org.apache.hadoop.hdds.scm.pipeline.PipelineStateManager.removePipeline(PipelineStateManager.java:107)
	at org.apache.hadoop.hdds.scm.pipeline.SCMPipelineManager.removePipeline(SCMPipelineManager.java:423)
	at org.apache.hadoop.hdds.scm.pipeline.SCMPipelineManager.destroyPipeline(SCMPipelineManager.java:409)
	at org.apache.hadoop.hdds.scm.pipeline.SCMPipelineManager.lambda$finalizeAndDestroyPipeline$0(SCMPipelineManager.java:318)
	at org.apache.hadoop.utils.Scheduler.lambda$schedule$1(Scheduler.java:68)
	at java.util.concurrent.Executors$RunnableAdapter.call(Executors.java:511)
	at java.util.concurrent.FutureTask.run(FutureTask.java:266)
	at java.util.concurrent.ScheduledThreadPoolExecutor$ScheduledFutureTask.access$201(ScheduledThreadPoolExecutor.java:180)
	at java.util.concurrent.ScheduledThreadPoolExecutor$ScheduledFutureTask.run(ScheduledThreadPoolExecutor.java:293)
	at java.util.concurrent.ThreadPoolExecutor.runWorker(ThreadPoolExecutor.java:1149)
	at java.util.concurrent.ThreadPoolExecutor$Worker.run(ThreadPoolExecutor.java:624)
	at java.lang.Thread.run(Thread.java:748)
2019-09-11 02:40:20,139 [28f29a4c-baf6-4c40-b523-744acc0a8c83@group-3F730D6994B2-SegmentedRaftLogWorker] WARN  segmented.SegmentedRaftLogWorker (SegmentedRaftLogWorker.java:getFromFuture(90)) - Timeout 0/~
org.apache.ratis.protocol.TimeoutIOException: Timeout 10s: WriteLog:16: (t:1, i:16), STATEMACHINELOGENTRY, client-1271BDC01022, cid=142-writeStateMachineData
	at org.apache.ratis.util.IOUtils.getFromFuture(IOUtils.java:87)
	at org.apache.ratis.server.raftlog.segmented.SegmentedRaftLogWorker$StateMachineDataPolicy.getFromFuture(SegmentedRaftLogWorker.java:87)
	at org.apache.ratis.server.raftlog.segmented.SegmentedRaftLogWorker$WriteLog.execute(SegmentedRaftLogWorker.java:477)
	at org.apache.ratis.server.raftlog.segmented.SegmentedRaftLogWorker.run(SegmentedRaftLogWorker.java:289)
	at java.lang.Thread.run(Thread.java:748)
Caused by: java.util.concurrent.TimeoutException
	at java.util.concurrent.CompletableFuture.timedGet(CompletableFuture.java:1771)
	at java.util.concurrent.CompletableFuture.get(CompletableFuture.java:1915)
	at org.apache.ratis.util.IOUtils.getFromFuture(IOUtils.java:79)
	... 4 more
2019-09-11 02:40:20,140 [cccfaecc-560c-4f58-9140-53bb7696e889@group-3F730D6994B2-SegmentedRaftLogWorker] WARN  segmented.SegmentedRaftLogWorker (SegmentedRaftLogWorker.java:getFromFuture(90)) - Timeout 0/~
org.apache.ratis.protocol.TimeoutIOException: Timeout 10s: WriteLog:16: (t:1, i:16), STATEMACHINELOGENTRY, client-1271BDC01022, cid=142-writeStateMachineData
	at org.apache.ratis.util.IOUtils.getFromFuture(IOUtils.java:87)
	at org.apache.ratis.server.raftlog.segmented.SegmentedRaftLogWorker$StateMachineDataPolicy.getFromFuture(SegmentedRaftLogWorker.java:87)
	at org.apache.ratis.server.raftlog.segmented.SegmentedRaftLogWorker$WriteLog.execute(SegmentedRaftLogWorker.java:477)
	at org.apache.ratis.server.raftlog.segmented.SegmentedRaftLogWorker.run(SegmentedRaftLogWorker.java:289)
	at java.lang.Thread.run(Thread.java:748)
Caused by: java.util.concurrent.TimeoutException
	at java.util.concurrent.CompletableFuture.timedGet(CompletableFuture.java:1771)
	at java.util.concurrent.CompletableFuture.get(CompletableFuture.java:1915)
	at org.apache.ratis.util.IOUtils.getFromFuture(IOUtils.java:79)
	... 4 more
2019-09-11 02:40:20,140 [c53771ff-a4da-40bc-be42-f397952cb81e@group-3F730D6994B2-SegmentedRaftLogWorker] WARN  segmented.SegmentedRaftLogWorker (SegmentedRaftLogWorker.java:getFromFuture(90)) - Timeout 0/~
org.apache.ratis.protocol.TimeoutIOException: Timeout 10s: WriteLog:16: (t:1, i:16), STATEMACHINELOGENTRY, client-1271BDC01022, cid=142-writeStateMachineData
	at org.apache.ratis.util.IOUtils.getFromFuture(IOUtils.java:87)
	at org.apache.ratis.server.raftlog.segmented.SegmentedRaftLogWorker$StateMachineDataPolicy.getFromFuture(SegmentedRaftLogWorker.java:87)
	at org.apache.ratis.server.raftlog.segmented.SegmentedRaftLogWorker$WriteLog.execute(SegmentedRaftLogWorker.java:477)
	at org.apache.ratis.server.raftlog.segmented.SegmentedRaftLogWorker.run(SegmentedRaftLogWorker.java:289)
	at java.lang.Thread.run(Thread.java:748)
Caused by: java.util.concurrent.TimeoutException
	at java.util.concurrent.CompletableFuture.timedGet(CompletableFuture.java:1771)
	at java.util.concurrent.CompletableFuture.get(CompletableFuture.java:1915)
	at org.apache.ratis.util.IOUtils.getFromFuture(IOUtils.java:79)
	... 4 more
2019-09-11 02:40:20,208 [grpc-default-executor-7] INFO  client.GrpcClientProtocolClient (GrpcClientProtocolClient.java:onNext(264)) - client-1271BDC01022->c53771ff-a4da-40bc-be42-f397952cb81e: receive RaftClientReply:client-1271BDC01022->c53771ff-a4da-40bc-be42-f397952cb81e@group-3F730D6994B2, cid=142, FAILED org.apache.ratis.protocol.NotLeaderException: Server c53771ff-a4da-40bc-be42-f397952cb81e@group-3F730D6994B2 is not the leader 28f29a4c-baf6-4c40-b523-744acc0a8c83:192.168.34.53:35385, logIndex=0, commits[c53771ff-a4da-40bc-be42-f397952cb81e:c15, cccfaecc-560c-4f58-9140-53bb7696e889:c14, 28f29a4c-baf6-4c40-b523-744acc0a8c83:c15]
2019-09-11 02:40:20,644 [java.util.concurrent.ThreadPoolExecutor$Worker@7b4e52e0[State = -1, empty queue]] WARN  server.GrpcLogAppender (GrpcLogAppender.java:timeoutAppendRequest(200)) - 28f29a4c-baf6-4c40-b523-744acc0a8c83@group-3F730D6994B2->c53771ff-a4da-40bc-be42-f397952cb81e-GrpcLogAppender: appendEntries Timeout, request=28f29a4c-baf6-4c40-b523-744acc0a8c83->c53771ff-a4da-40bc-be42-f397952cb81e#33-t1, previous=(t:1, i:21), leaderCommit=15, initializing? false, entries: <empty>
2019-09-11 02:40:20,644 [java.util.concurrent.ThreadPoolExecutor$Worker@1858f8f2[State = -1, empty queue]] WARN  server.GrpcLogAppender (GrpcLogAppender.java:timeoutAppendRequest(200)) - 28f29a4c-baf6-4c40-b523-744acc0a8c83@group-3F730D6994B2->cccfaecc-560c-4f58-9140-53bb7696e889-GrpcLogAppender: appendEntries Timeout, request=28f29a4c-baf6-4c40-b523-744acc0a8c83->cccfaecc-560c-4f58-9140-53bb7696e889#33-t1, previous=(t:1, i:21), leaderCommit=15, initializing? false, entries: <empty>
2019-09-11 02:40:22,687 [grpc-default-executor-7] INFO  impl.RaftServerProxy (RaftServerProxy.java:remove(95)) - cccfaecc-560c-4f58-9140-53bb7696e889: remove group-5FC83EB0E599:null
2019-09-11 02:40:22,693 [RatisPipelineUtilsThread] WARN  pipeline.RatisPipelineUtils (RatisPipelineUtils.java:destroyPipeline(66)) - Pipeline destroy failed for pipeline=PipelineID=e24272a4-7e17-41b5-94a9-5fc83eb0e599 dn=cccfaecc-560c-4f58-9140-53bb7696e889{ip: 192.168.34.53, host: pr-hdds-2107-sbngl-2106859965, networkLocation: /default-rack, certSerialId: null}
2019-09-11 02:40:22,696 [grpc-default-executor-7] INFO  impl.RaftServerProxy (RaftServerProxy.java:remove(95)) - 28f29a4c-baf6-4c40-b523-744acc0a8c83: remove group-5FC83EB0E599:null
2019-09-11 02:40:22,698 [RatisPipelineUtilsThread] WARN  pipeline.RatisPipelineUtils (RatisPipelineUtils.java:destroyPipeline(66)) - Pipeline destroy failed for pipeline=PipelineID=e24272a4-7e17-41b5-94a9-5fc83eb0e599 dn=28f29a4c-baf6-4c40-b523-744acc0a8c83{ip: 192.168.34.53, host: pr-hdds-2107-sbngl-2106859965, networkLocation: /default-rack, certSerialId: null}
2019-09-11 02:40:22,702 [grpc-default-executor-7] INFO  impl.RaftServerProxy (RaftServerProxy.java:remove(95)) - c53771ff-a4da-40bc-be42-f397952cb81e: remove group-5FC83EB0E599:null
2019-09-11 02:40:22,705 [RatisPipelineUtilsThread] WARN  pipeline.RatisPipelineUtils (RatisPipelineUtils.java:destroyPipeline(66)) - Pipeline destroy failed for pipeline=PipelineID=e24272a4-7e17-41b5-94a9-5fc83eb0e599 dn=c53771ff-a4da-40bc-be42-f397952cb81e{ip: 192.168.34.53, host: pr-hdds-2107-sbngl-2106859965, networkLocation: /default-rack, certSerialId: null}
2019-09-11 02:40:22,705 [RatisPipelineUtilsThread] ERROR pipeline.SCMPipelineManager (Scheduler.java:lambda$schedule$1(70)) - Destroy pipeline failed for pipeline:Pipeline[ Id: e24272a4-7e17-41b5-94a9-5fc83eb0e599, Nodes: cccfaecc-560c-4f58-9140-53bb7696e889{ip: 192.168.34.53, host: pr-hdds-2107-sbngl-2106859965, networkLocation: /default-rack, certSerialId: null}28f29a4c-baf6-4c40-b523-744acc0a8c83{ip: 192.168.34.53, host: pr-hdds-2107-sbngl-2106859965, networkLocation: /default-rack, certSerialId: null}c53771ff-a4da-40bc-be42-f397952cb81e{ip: 192.168.34.53, host: pr-hdds-2107-sbngl-2106859965, networkLocation: /default-rack, certSerialId: null}, Type:RATIS, Factor:THREE, State:CLOSED]
org.apache.hadoop.hdds.scm.pipeline.PipelineNotFoundException: PipelineID=e24272a4-7e17-41b5-94a9-5fc83eb0e599 not found
	at org.apache.hadoop.hdds.scm.pipeline.PipelineStateMap.getPipeline(PipelineStateMap.java:132)
	at org.apache.hadoop.hdds.scm.pipeline.PipelineStateMap.removePipeline(PipelineStateMap.java:322)
	at org.apache.hadoop.hdds.scm.pipeline.PipelineStateManager.removePipeline(PipelineStateManager.java:107)
	at org.apache.hadoop.hdds.scm.pipeline.SCMPipelineManager.removePipeline(SCMPipelineManager.java:423)
	at org.apache.hadoop.hdds.scm.pipeline.SCMPipelineManager.destroyPipeline(SCMPipelineManager.java:409)
	at org.apache.hadoop.hdds.scm.pipeline.SCMPipelineManager.lambda$finalizeAndDestroyPipeline$0(SCMPipelineManager.java:318)
	at org.apache.hadoop.utils.Scheduler.lambda$schedule$1(Scheduler.java:68)
	at java.util.concurrent.Executors$RunnableAdapter.call(Executors.java:511)
	at java.util.concurrent.FutureTask.run(FutureTask.java:266)
	at java.util.concurrent.ScheduledThreadPoolExecutor$ScheduledFutureTask.access$201(ScheduledThreadPoolExecutor.java:180)
	at java.util.concurrent.ScheduledThreadPoolExecutor$ScheduledFutureTask.run(ScheduledThreadPoolExecutor.java:293)
	at java.util.concurrent.ThreadPoolExecutor.runWorker(ThreadPoolExecutor.java:1149)
	at java.util.concurrent.ThreadPoolExecutor$Worker.run(ThreadPoolExecutor.java:624)
	at java.lang.Thread.run(Thread.java:748)
2019-09-11 02:40:23,145 [java.util.concurrent.ThreadPoolExecutor$Worker@7b4e52e0[State = -1, empty queue]] WARN  server.GrpcLogAppender (GrpcLogAppender.java:timeoutAppendRequest(200)) - 28f29a4c-baf6-4c40-b523-744acc0a8c83@group-3F730D6994B2->c53771ff-a4da-40bc-be42-f397952cb81e-GrpcLogAppender: appendEntries Timeout, request=28f29a4c-baf6-4c40-b523-744acc0a8c83->c53771ff-a4da-40bc-be42-f397952cb81e#34-t1, previous=(t:1, i:21), leaderCommit=15, initializing? false, entries: <empty>
2019-09-11 02:40:23,145 [java.util.concurrent.ThreadPoolExecutor$Worker@1858f8f2[State = -1, empty queue]] WARN  server.GrpcLogAppender (GrpcLogAppender.java:timeoutAppendRequest(200)) - 28f29a4c-baf6-4c40-b523-744acc0a8c83@group-3F730D6994B2->cccfaecc-560c-4f58-9140-53bb7696e889-GrpcLogAppender: appendEntries Timeout, request=28f29a4c-baf6-4c40-b523-744acc0a8c83->cccfaecc-560c-4f58-9140-53bb7696e889#34-t1, previous=(t:1, i:21), leaderCommit=15, initializing? false, entries: <empty>
2019-09-11 02:40:24,688 [grpc-default-executor-7] INFO  impl.RaftServerProxy (RaftServerProxy.java:remove(95)) - cccfaecc-560c-4f58-9140-53bb7696e889: remove group-5FC83EB0E599:null
2019-09-11 02:40:24,693 [RatisPipelineUtilsThread] WARN  pipeline.RatisPipelineUtils (RatisPipelineUtils.java:destroyPipeline(66)) - Pipeline destroy failed for pipeline=PipelineID=e24272a4-7e17-41b5-94a9-5fc83eb0e599 dn=cccfaecc-560c-4f58-9140-53bb7696e889{ip: 192.168.34.53, host: pr-hdds-2107-sbngl-2106859965, networkLocation: /default-rack, certSerialId: null}
2019-09-11 02:40:24,695 [grpc-default-executor-7] INFO  impl.RaftServerProxy (RaftServerProxy.java:remove(95)) - 28f29a4c-baf6-4c40-b523-744acc0a8c83: remove group-5FC83EB0E599:null
2019-09-11 02:40:24,698 [RatisPipelineUtilsThread] WARN  pipeline.RatisPipelineUtils (RatisPipelineUtils.java:destroyPipeline(66)) - Pipeline destroy failed for pipeline=PipelineID=e24272a4-7e17-41b5-94a9-5fc83eb0e599 dn=28f29a4c-baf6-4c40-b523-744acc0a8c83{ip: 192.168.34.53, host: pr-hdds-2107-sbngl-2106859965, networkLocation: /default-rack, certSerialId: null}
2019-09-11 02:40:24,700 [grpc-default-executor-7] INFO  impl.RaftServerProxy (RaftServerProxy.java:remove(95)) - c53771ff-a4da-40bc-be42-f397952cb81e: remove group-5FC83EB0E599:null
2019-09-11 02:40:24,702 [RatisPipelineUtilsThread] WARN  pipeline.RatisPipelineUtils (RatisPipelineUtils.java:destroyPipeline(66)) - Pipeline destroy failed for pipeline=PipelineID=e24272a4-7e17-41b5-94a9-5fc83eb0e599 dn=c53771ff-a4da-40bc-be42-f397952cb81e{ip: 192.168.34.53, host: pr-hdds-2107-sbngl-2106859965, networkLocation: /default-rack, certSerialId: null}
2019-09-11 02:40:24,703 [RatisPipelineUtilsThread] ERROR pipeline.SCMPipelineManager (Scheduler.java:lambda$schedule$1(70)) - Destroy pipeline failed for pipeline:Pipeline[ Id: e24272a4-7e17-41b5-94a9-5fc83eb0e599, Nodes: cccfaecc-560c-4f58-9140-53bb7696e889{ip: 192.168.34.53, host: pr-hdds-2107-sbngl-2106859965, networkLocation: /default-rack, certSerialId: null}28f29a4c-baf6-4c40-b523-744acc0a8c83{ip: 192.168.34.53, host: pr-hdds-2107-sbngl-2106859965, networkLocation: /default-rack, certSerialId: null}c53771ff-a4da-40bc-be42-f397952cb81e{ip: 192.168.34.53, host: pr-hdds-2107-sbngl-2106859965, networkLocation: /default-rack, certSerialId: null}, Type:RATIS, Factor:THREE, State:CLOSED]
org.apache.hadoop.hdds.scm.pipeline.PipelineNotFoundException: PipelineID=e24272a4-7e17-41b5-94a9-5fc83eb0e599 not found
	at org.apache.hadoop.hdds.scm.pipeline.PipelineStateMap.getPipeline(PipelineStateMap.java:132)
	at org.apache.hadoop.hdds.scm.pipeline.PipelineStateMap.removePipeline(PipelineStateMap.java:322)
	at org.apache.hadoop.hdds.scm.pipeline.PipelineStateManager.removePipeline(PipelineStateManager.java:107)
	at org.apache.hadoop.hdds.scm.pipeline.SCMPipelineManager.removePipeline(SCMPipelineManager.java:423)
	at org.apache.hadoop.hdds.scm.pipeline.SCMPipelineManager.destroyPipeline(SCMPipelineManager.java:409)
	at org.apache.hadoop.hdds.scm.pipeline.SCMPipelineManager.lambda$finalizeAndDestroyPipeline$0(SCMPipelineManager.java:318)
	at org.apache.hadoop.utils.Scheduler.lambda$schedule$1(Scheduler.java:68)
	at java.util.concurrent.Executors$RunnableAdapter.call(Executors.java:511)
	at java.util.concurrent.FutureTask.run(FutureTask.java:266)
	at java.util.concurrent.ScheduledThreadPoolExecutor$ScheduledFutureTask.access$201(ScheduledThreadPoolExecutor.java:180)
	at java.util.concurrent.ScheduledThreadPoolExecutor$ScheduledFutureTask.run(ScheduledThreadPoolExecutor.java:293)
	at java.util.concurrent.ThreadPoolExecutor.runWorker(ThreadPoolExecutor.java:1149)
	at java.util.concurrent.ThreadPoolExecutor$Worker.run(ThreadPoolExecutor.java:624)
	at java.lang.Thread.run(Thread.java:748)
2019-09-11 02:40:25,246 [grpc-default-executor-7] INFO  client.GrpcClientProtocolClient (GrpcClientProtocolClient.java:onNext(264)) - client-1271BDC01022->cccfaecc-560c-4f58-9140-53bb7696e889: receive RaftClientReply:client-1271BDC01022->cccfaecc-560c-4f58-9140-53bb7696e889@group-3F730D6994B2, cid=142, FAILED org.apache.ratis.protocol.NotLeaderException: Server cccfaecc-560c-4f58-9140-53bb7696e889@group-3F730D6994B2 is not the leader 28f29a4c-baf6-4c40-b523-744acc0a8c83:192.168.34.53:35385, logIndex=0, commits[cccfaecc-560c-4f58-9140-53bb7696e889:c15, c53771ff-a4da-40bc-be42-f397952cb81e:c14, 28f29a4c-baf6-4c40-b523-744acc0a8c83:c15]
2019-09-11 02:40:25,645 [java.util.concurrent.ThreadPoolExecutor$Worker@1858f8f2[State = -1, empty queue]] WARN  server.GrpcLogAppender (GrpcLogAppender.java:timeoutAppendRequest(200)) - 28f29a4c-baf6-4c40-b523-744acc0a8c83@group-3F730D6994B2->cccfaecc-560c-4f58-9140-53bb7696e889-GrpcLogAppender: appendEntries Timeout, request=28f29a4c-baf6-4c40-b523-744acc0a8c83->cccfaecc-560c-4f58-9140-53bb7696e889#35-t1, previous=(t:1, i:21), leaderCommit=15, initializing? false, entries: <empty>
2019-09-11 02:40:25,645 [java.util.concurrent.ThreadPoolExecutor$Worker@7b4e52e0[State = -1, empty queue]] WARN  server.GrpcLogAppender (GrpcLogAppender.java:timeoutAppendRequest(200)) - 28f29a4c-baf6-4c40-b523-744acc0a8c83@group-3F730D6994B2->c53771ff-a4da-40bc-be42-f397952cb81e-GrpcLogAppender: appendEntries Timeout, request=28f29a4c-baf6-4c40-b523-744acc0a8c83->c53771ff-a4da-40bc-be42-f397952cb81e#35-t1, previous=(t:1, i:21), leaderCommit=15, initializing? false, entries: <empty>
2019-09-11 02:40:27,690 [grpc-default-executor-7] INFO  impl.RaftServerProxy (RaftServerProxy.java:remove(95)) - cccfaecc-560c-4f58-9140-53bb7696e889: remove group-5FC83EB0E599:null
2019-09-11 02:40:27,695 [RatisPipelineUtilsThread] WARN  pipeline.RatisPipelineUtils (RatisPipelineUtils.java:destroyPipeline(66)) - Pipeline destroy failed for pipeline=PipelineID=e24272a4-7e17-41b5-94a9-5fc83eb0e599 dn=cccfaecc-560c-4f58-9140-53bb7696e889{ip: 192.168.34.53, host: pr-hdds-2107-sbngl-2106859965, networkLocation: /default-rack, certSerialId: null}
2019-09-11 02:40:27,698 [grpc-default-executor-7] INFO  impl.RaftServerProxy (RaftServerProxy.java:remove(95)) - 28f29a4c-baf6-4c40-b523-744acc0a8c83: remove group-5FC83EB0E599:null
2019-09-11 02:40:27,701 [RatisPipelineUtilsThread] WARN  pipeline.RatisPipelineUtils (RatisPipelineUtils.java:destroyPipeline(66)) - Pipeline destroy failed for pipeline=PipelineID=e24272a4-7e17-41b5-94a9-5fc83eb0e599 dn=28f29a4c-baf6-4c40-b523-744acc0a8c83{ip: 192.168.34.53, host: pr-hdds-2107-sbngl-2106859965, networkLocation: /default-rack, certSerialId: null}
2019-09-11 02:40:27,703 [grpc-default-executor-7] INFO  impl.RaftServerProxy (RaftServerProxy.java:remove(95)) - c53771ff-a4da-40bc-be42-f397952cb81e: remove group-5FC83EB0E599:null
2019-09-11 02:40:27,705 [RatisPipelineUtilsThread] WARN  pipeline.RatisPipelineUtils (RatisPipelineUtils.java:destroyPipeline(66)) - Pipeline destroy failed for pipeline=PipelineID=e24272a4-7e17-41b5-94a9-5fc83eb0e599 dn=c53771ff-a4da-40bc-be42-f397952cb81e{ip: 192.168.34.53, host: pr-hdds-2107-sbngl-2106859965, networkLocation: /default-rack, certSerialId: null}
2019-09-11 02:40:27,706 [RatisPipelineUtilsThread] ERROR pipeline.SCMPipelineManager (Scheduler.java:lambda$schedule$1(70)) - Destroy pipeline failed for pipeline:Pipeline[ Id: e24272a4-7e17-41b5-94a9-5fc83eb0e599, Nodes: cccfaecc-560c-4f58-9140-53bb7696e889{ip: 192.168.34.53, host: pr-hdds-2107-sbngl-2106859965, networkLocation: /default-rack, certSerialId: null}28f29a4c-baf6-4c40-b523-744acc0a8c83{ip: 192.168.34.53, host: pr-hdds-2107-sbngl-2106859965, networkLocation: /default-rack, certSerialId: null}c53771ff-a4da-40bc-be42-f397952cb81e{ip: 192.168.34.53, host: pr-hdds-2107-sbngl-2106859965, networkLocation: /default-rack, certSerialId: null}, Type:RATIS, Factor:THREE, State:CLOSED]
org.apache.hadoop.hdds.scm.pipeline.PipelineNotFoundException: PipelineID=e24272a4-7e17-41b5-94a9-5fc83eb0e599 not found
	at org.apache.hadoop.hdds.scm.pipeline.PipelineStateMap.getPipeline(PipelineStateMap.java:132)
	at org.apache.hadoop.hdds.scm.pipeline.PipelineStateMap.removePipeline(PipelineStateMap.java:322)
	at org.apache.hadoop.hdds.scm.pipeline.PipelineStateManager.removePipeline(PipelineStateManager.java:107)
	at org.apache.hadoop.hdds.scm.pipeline.SCMPipelineManager.removePipeline(SCMPipelineManager.java:423)
	at org.apache.hadoop.hdds.scm.pipeline.SCMPipelineManager.destroyPipeline(SCMPipelineManager.java:409)
	at org.apache.hadoop.hdds.scm.pipeline.SCMPipelineManager.lambda$finalizeAndDestroyPipeline$0(SCMPipelineManager.java:318)
	at org.apache.hadoop.utils.Scheduler.lambda$schedule$1(Scheduler.java:68)
	at java.util.concurrent.Executors$RunnableAdapter.call(Executors.java:511)
	at java.util.concurrent.FutureTask.run(FutureTask.java:266)
	at java.util.concurrent.ScheduledThreadPoolExecutor$ScheduledFutureTask.access$201(ScheduledThreadPoolExecutor.java:180)
	at java.util.concurrent.ScheduledThreadPoolExecutor$ScheduledFutureTask.run(ScheduledThreadPoolExecutor.java:293)
	at java.util.concurrent.ThreadPoolExecutor.runWorker(ThreadPoolExecutor.java:1149)
	at java.util.concurrent.ThreadPoolExecutor$Worker.run(ThreadPoolExecutor.java:624)
	at java.lang.Thread.run(Thread.java:748)
2019-09-11 02:40:28,146 [java.util.concurrent.ThreadPoolExecutor$Worker@7b4e52e0[State = -1, empty queue]] WARN  server.GrpcLogAppender (GrpcLogAppender.java:timeoutAppendRequest(200)) - 28f29a4c-baf6-4c40-b523-744acc0a8c83@group-3F730D6994B2->c53771ff-a4da-40bc-be42-f397952cb81e-GrpcLogAppender: appendEntries Timeout, request=28f29a4c-baf6-4c40-b523-744acc0a8c83->c53771ff-a4da-40bc-be42-f397952cb81e#36-t1, previous=(t:1, i:21), leaderCommit=15, initializing? false, entries: <empty>
2019-09-11 02:40:28,146 [java.util.concurrent.ThreadPoolExecutor$Worker@1858f8f2[State = -1, empty queue]] WARN  server.GrpcLogAppender (GrpcLogAppender.java:timeoutAppendRequest(200)) - 28f29a4c-baf6-4c40-b523-744acc0a8c83@group-3F730D6994B2->cccfaecc-560c-4f58-9140-53bb7696e889-GrpcLogAppender: appendEntries Timeout, request=28f29a4c-baf6-4c40-b523-744acc0a8c83->cccfaecc-560c-4f58-9140-53bb7696e889#36-t1, previous=(t:1, i:21), leaderCommit=15, initializing? false, entries: <empty>
2019-09-11 02:40:29,684 [grpc-default-executor-7] INFO  impl.RaftServerProxy (RaftServerProxy.java:remove(95)) - cccfaecc-560c-4f58-9140-53bb7696e889: remove group-5FC83EB0E599:null
2019-09-11 02:40:29,687 [RatisPipelineUtilsThread] WARN  pipeline.RatisPipelineUtils (RatisPipelineUtils.java:destroyPipeline(66)) - Pipeline destroy failed for pipeline=PipelineID=e24272a4-7e17-41b5-94a9-5fc83eb0e599 dn=cccfaecc-560c-4f58-9140-53bb7696e889{ip: 192.168.34.53, host: pr-hdds-2107-sbngl-2106859965, networkLocation: /default-rack, certSerialId: null}
2019-09-11 02:40:29,690 [grpc-default-executor-7] INFO  impl.RaftServerProxy (RaftServerProxy.java:remove(95)) - 28f29a4c-baf6-4c40-b523-744acc0a8c83: remove group-5FC83EB0E599:null
2019-09-11 02:40:29,692 [RatisPipelineUtilsThread] WARN  pipeline.RatisPipelineUtils (RatisPipelineUtils.java:destroyPipeline(66)) - Pipeline destroy failed for pipeline=PipelineID=e24272a4-7e17-41b5-94a9-5fc83eb0e599 dn=28f29a4c-baf6-4c40-b523-744acc0a8c83{ip: 192.168.34.53, host: pr-hdds-2107-sbngl-2106859965, networkLocation: /default-rack, certSerialId: null}
2019-09-11 02:40:29,695 [grpc-default-executor-7] INFO  impl.RaftServerProxy (RaftServerProxy.java:remove(95)) - c53771ff-a4da-40bc-be42-f397952cb81e: remove group-5FC83EB0E599:null
2019-09-11 02:40:29,697 [RatisPipelineUtilsThread] WARN  pipeline.RatisPipelineUtils (RatisPipelineUtils.java:destroyPipeline(66)) - Pipeline destroy failed for pipeline=PipelineID=e24272a4-7e17-41b5-94a9-5fc83eb0e599 dn=c53771ff-a4da-40bc-be42-f397952cb81e{ip: 192.168.34.53, host: pr-hdds-2107-sbngl-2106859965, networkLocation: /default-rack, certSerialId: null}
2019-09-11 02:40:29,697 [RatisPipelineUtilsThread] ERROR pipeline.SCMPipelineManager (Scheduler.java:lambda$schedule$1(70)) - Destroy pipeline failed for pipeline:Pipeline[ Id: e24272a4-7e17-41b5-94a9-5fc83eb0e599, Nodes: cccfaecc-560c-4f58-9140-53bb7696e889{ip: 192.168.34.53, host: pr-hdds-2107-sbngl-2106859965, networkLocation: /default-rack, certSerialId: null}28f29a4c-baf6-4c40-b523-744acc0a8c83{ip: 192.168.34.53, host: pr-hdds-2107-sbngl-2106859965, networkLocation: /default-rack, certSerialId: null}c53771ff-a4da-40bc-be42-f397952cb81e{ip: 192.168.34.53, host: pr-hdds-2107-sbngl-2106859965, networkLocation: /default-rack, certSerialId: null}, Type:RATIS, Factor:THREE, State:CLOSED]
org.apache.hadoop.hdds.scm.pipeline.PipelineNotFoundException: PipelineID=e24272a4-7e17-41b5-94a9-5fc83eb0e599 not found
	at org.apache.hadoop.hdds.scm.pipeline.PipelineStateMap.getPipeline(PipelineStateMap.java:132)
	at org.apache.hadoop.hdds.scm.pipeline.PipelineStateMap.removePipeline(PipelineStateMap.java:322)
	at org.apache.hadoop.hdds.scm.pipeline.PipelineStateManager.removePipeline(PipelineStateManager.java:107)
	at org.apache.hadoop.hdds.scm.pipeline.SCMPipelineManager.removePipeline(SCMPipelineManager.java:423)
	at org.apache.hadoop.hdds.scm.pipeline.SCMPipelineManager.destroyPipeline(SCMPipelineManager.java:409)
	at org.apache.hadoop.hdds.scm.pipeline.SCMPipelineManager.lambda$finalizeAndDestroyPipeline$0(SCMPipelineManager.java:318)
	at org.apache.hadoop.utils.Scheduler.lambda$schedule$1(Scheduler.java:68)
	at java.util.concurrent.Executors$RunnableAdapter.call(Executors.java:511)
	at java.util.concurrent.FutureTask.run(FutureTask.java:266)
	at java.util.concurrent.ScheduledThreadPoolExecutor$ScheduledFutureTask.access$201(ScheduledThreadPoolExecutor.java:180)
	at java.util.concurrent.ScheduledThreadPoolExecutor$ScheduledFutureTask.run(ScheduledThreadPoolExecutor.java:293)
	at java.util.concurrent.ThreadPoolExecutor.runWorker(ThreadPoolExecutor.java:1149)
	at java.util.concurrent.ThreadPoolExecutor$Worker.run(ThreadPoolExecutor.java:624)
	at java.lang.Thread.run(Thread.java:748)
2019-09-11 02:40:30,140 [28f29a4c-baf6-4c40-b523-744acc0a8c83@group-3F730D6994B2-SegmentedRaftLogWorker] WARN  segmented.SegmentedRaftLogWorker (SegmentedRaftLogWorker.java:getFromFuture(90)) - Timeout 1/~
org.apache.ratis.protocol.TimeoutIOException: Timeout 10s: WriteLog:16: (t:1, i:16), STATEMACHINELOGENTRY, client-1271BDC01022, cid=142-writeStateMachineData
	at org.apache.ratis.util.IOUtils.getFromFuture(IOUtils.java:87)
	at org.apache.ratis.server.raftlog.segmented.SegmentedRaftLogWorker$StateMachineDataPolicy.getFromFuture(SegmentedRaftLogWorker.java:87)
	at org.apache.ratis.server.raftlog.segmented.SegmentedRaftLogWorker$WriteLog.execute(SegmentedRaftLogWorker.java:477)
	at org.apache.ratis.server.raftlog.segmented.SegmentedRaftLogWorker.run(SegmentedRaftLogWorker.java:289)
	at java.lang.Thread.run(Thread.java:748)
Caused by: java.util.concurrent.TimeoutException
	at java.util.concurrent.CompletableFuture.timedGet(CompletableFuture.java:1771)
	at java.util.concurrent.CompletableFuture.get(CompletableFuture.java:1915)
	at org.apache.ratis.util.IOUtils.getFromFuture(IOUtils.java:79)
	... 4 more
2019-09-11 02:40:30,141 [cccfaecc-560c-4f58-9140-53bb7696e889@group-3F730D6994B2-SegmentedRaftLogWorker] WARN  segmented.SegmentedRaftLogWorker (SegmentedRaftLogWorker.java:getFromFuture(90)) - Timeout 1/~
org.apache.ratis.protocol.TimeoutIOException: Timeout 10s: WriteLog:16: (t:1, i:16), STATEMACHINELOGENTRY, client-1271BDC01022, cid=142-writeStateMachineData
	at org.apache.ratis.util.IOUtils.getFromFuture(IOUtils.java:87)
	at org.apache.ratis.server.raftlog.segmented.SegmentedRaftLogWorker$StateMachineDataPolicy.getFromFuture(SegmentedRaftLogWorker.java:87)
	at org.apache.ratis.server.raftlog.segmented.SegmentedRaftLogWorker$WriteLog.execute(SegmentedRaftLogWorker.java:477)
	at org.apache.ratis.server.raftlog.segmented.SegmentedRaftLogWorker.run(SegmentedRaftLogWorker.java:289)
	at java.lang.Thread.run(Thread.java:748)
Caused by: java.util.concurrent.TimeoutException
	at java.util.concurrent.CompletableFuture.timedGet(CompletableFuture.java:1771)
	at java.util.concurrent.CompletableFuture.get(CompletableFuture.java:1915)
	at org.apache.ratis.util.IOUtils.getFromFuture(IOUtils.java:79)
	... 4 more
2019-09-11 02:40:30,141 [c53771ff-a4da-40bc-be42-f397952cb81e@group-3F730D6994B2-SegmentedRaftLogWorker] WARN  segmented.SegmentedRaftLogWorker (SegmentedRaftLogWorker.java:getFromFuture(90)) - Timeout 1/~
org.apache.ratis.protocol.TimeoutIOException: Timeout 10s: WriteLog:16: (t:1, i:16), STATEMACHINELOGENTRY, client-1271BDC01022, cid=142-writeStateMachineData
	at org.apache.ratis.util.IOUtils.getFromFuture(IOUtils.java:87)
	at org.apache.ratis.server.raftlog.segmented.SegmentedRaftLogWorker$StateMachineDataPolicy.getFromFuture(SegmentedRaftLogWorker.java:87)
	at org.apache.ratis.server.raftlog.segmented.SegmentedRaftLogWorker$WriteLog.execute(SegmentedRaftLogWorker.java:477)
	at org.apache.ratis.server.raftlog.segmented.SegmentedRaftLogWorker.run(SegmentedRaftLogWorker.java:289)
	at java.lang.Thread.run(Thread.java:748)
Caused by: java.util.concurrent.TimeoutException
	at java.util.concurrent.CompletableFuture.timedGet(CompletableFuture.java:1771)
	at java.util.concurrent.CompletableFuture.get(CompletableFuture.java:1915)
	at org.apache.ratis.util.IOUtils.getFromFuture(IOUtils.java:79)
	... 4 more
2019-09-11 02:40:30,296 [grpc-default-executor-1] INFO  client.GrpcClientProtocolClient (GrpcClientProtocolClient.java:onNext(264)) - client-1271BDC01022->c53771ff-a4da-40bc-be42-f397952cb81e: receive RaftClientReply:client-1271BDC01022->c53771ff-a4da-40bc-be42-f397952cb81e@group-3F730D6994B2, cid=142, FAILED org.apache.ratis.protocol.NotLeaderException: Server c53771ff-a4da-40bc-be42-f397952cb81e@group-3F730D6994B2 is not the leader 28f29a4c-baf6-4c40-b523-744acc0a8c83:192.168.34.53:35385, logIndex=0, commits[c53771ff-a4da-40bc-be42-f397952cb81e:c15, cccfaecc-560c-4f58-9140-53bb7696e889:c14, 28f29a4c-baf6-4c40-b523-744acc0a8c83:c15]
2019-09-11 02:40:30,646 [java.util.concurrent.ThreadPoolExecutor$Worker@7b4e52e0[State = -1, empty queue]] WARN  server.GrpcLogAppender (GrpcLogAppender.java:timeoutAppendRequest(200)) - 28f29a4c-baf6-4c40-b523-744acc0a8c83@group-3F730D6994B2->c53771ff-a4da-40bc-be42-f397952cb81e-GrpcLogAppender: appendEntries Timeout, request=28f29a4c-baf6-4c40-b523-744acc0a8c83->c53771ff-a4da-40bc-be42-f397952cb81e#37-t1, previous=(t:1, i:21), leaderCommit=15, initializing? false, entries: <empty>
2019-09-11 02:40:30,646 [java.util.concurrent.ThreadPoolExecutor$Worker@1858f8f2[State = -1, empty queue]] WARN  server.GrpcLogAppender (GrpcLogAppender.java:timeoutAppendRequest(200)) - 28f29a4c-baf6-4c40-b523-744acc0a8c83@group-3F730D6994B2->cccfaecc-560c-4f58-9140-53bb7696e889-GrpcLogAppender: appendEntries Timeout, request=28f29a4c-baf6-4c40-b523-744acc0a8c83->cccfaecc-560c-4f58-9140-53bb7696e889#37-t1, previous=(t:1, i:21), leaderCommit=15, initializing? false, entries: <empty>
2019-09-11 02:40:32,690 [grpc-default-executor-7] INFO  impl.RaftServerProxy (RaftServerProxy.java:remove(95)) - cccfaecc-560c-4f58-9140-53bb7696e889: remove group-5FC83EB0E599:null
2019-09-11 02:40:32,695 [RatisPipelineUtilsThread] WARN  pipeline.RatisPipelineUtils (RatisPipelineUtils.java:destroyPipeline(66)) - Pipeline destroy failed for pipeline=PipelineID=e24272a4-7e17-41b5-94a9-5fc83eb0e599 dn=cccfaecc-560c-4f58-9140-53bb7696e889{ip: 192.168.34.53, host: pr-hdds-2107-sbngl-2106859965, networkLocation: /default-rack, certSerialId: null}
2019-09-11 02:40:32,698 [grpc-default-executor-7] INFO  impl.RaftServerProxy (RaftServerProxy.java:remove(95)) - 28f29a4c-baf6-4c40-b523-744acc0a8c83: remove group-5FC83EB0E599:null
2019-09-11 02:40:32,700 [RatisPipelineUtilsThread] WARN  pipeline.RatisPipelineUtils (RatisPipelineUtils.java:destroyPipeline(66)) - Pipeline destroy failed for pipeline=PipelineID=e24272a4-7e17-41b5-94a9-5fc83eb0e599 dn=28f29a4c-baf6-4c40-b523-744acc0a8c83{ip: 192.168.34.53, host: pr-hdds-2107-sbngl-2106859965, networkLocation: /default-rack, certSerialId: null}
2019-09-11 02:40:32,703 [grpc-default-executor-7] INFO  impl.RaftServerProxy (RaftServerProxy.java:remove(95)) - c53771ff-a4da-40bc-be42-f397952cb81e: remove group-5FC83EB0E599:null
2019-09-11 02:40:32,706 [RatisPipelineUtilsThread] WARN  pipeline.RatisPipelineUtils (RatisPipelineUtils.java:destroyPipeline(66)) - Pipeline destroy failed for pipeline=PipelineID=e24272a4-7e17-41b5-94a9-5fc83eb0e599 dn=c53771ff-a4da-40bc-be42-f397952cb81e{ip: 192.168.34.53, host: pr-hdds-2107-sbngl-2106859965, networkLocation: /default-rack, certSerialId: null}
2019-09-11 02:40:32,707 [RatisPipelineUtilsThread] ERROR pipeline.SCMPipelineManager (Scheduler.java:lambda$schedule$1(70)) - Destroy pipeline failed for pipeline:Pipeline[ Id: e24272a4-7e17-41b5-94a9-5fc83eb0e599, Nodes: cccfaecc-560c-4f58-9140-53bb7696e889{ip: 192.168.34.53, host: pr-hdds-2107-sbngl-2106859965, networkLocation: /default-rack, certSerialId: null}28f29a4c-baf6-4c40-b523-744acc0a8c83{ip: 192.168.34.53, host: pr-hdds-2107-sbngl-2106859965, networkLocation: /default-rack, certSerialId: null}c53771ff-a4da-40bc-be42-f397952cb81e{ip: 192.168.34.53, host: pr-hdds-2107-sbngl-2106859965, networkLocation: /default-rack, certSerialId: null}, Type:RATIS, Factor:THREE, State:CLOSED]
org.apache.hadoop.hdds.scm.pipeline.PipelineNotFoundException: PipelineID=e24272a4-7e17-41b5-94a9-5fc83eb0e599 not found
	at org.apache.hadoop.hdds.scm.pipeline.PipelineStateMap.getPipeline(PipelineStateMap.java:132)
	at org.apache.hadoop.hdds.scm.pipeline.PipelineStateMap.removePipeline(PipelineStateMap.java:322)
	at org.apache.hadoop.hdds.scm.pipeline.PipelineStateManager.removePipeline(PipelineStateManager.java:107)
	at org.apache.hadoop.hdds.scm.pipeline.SCMPipelineManager.removePipeline(SCMPipelineManager.java:423)
	at org.apache.hadoop.hdds.scm.pipeline.SCMPipelineManager.destroyPipeline(SCMPipelineManager.java:409)
	at org.apache.hadoop.hdds.scm.pipeline.SCMPipelineManager.lambda$finalizeAndDestroyPipeline$0(SCMPipelineManager.java:318)
	at org.apache.hadoop.utils.Scheduler.lambda$schedule$1(Scheduler.java:68)
	at java.util.concurrent.Executors$RunnableAdapter.call(Executors.java:511)
	at java.util.concurrent.FutureTask.run(FutureTask.java:266)
	at java.util.concurrent.ScheduledThreadPoolExecutor$ScheduledFutureTask.access$201(ScheduledThreadPoolExecutor.java:180)
	at java.util.concurrent.ScheduledThreadPoolExecutor$ScheduledFutureTask.run(ScheduledThreadPoolExecutor.java:293)
	at java.util.concurrent.ThreadPoolExecutor.runWorker(ThreadPoolExecutor.java:1149)
	at java.util.concurrent.ThreadPoolExecutor$Worker.run(ThreadPoolExecutor.java:624)
	at java.lang.Thread.run(Thread.java:748)
2019-09-11 02:40:33,147 [java.util.concurrent.ThreadPoolExecutor$Worker@7b4e52e0[State = -1, empty queue]] WARN  server.GrpcLogAppender (GrpcLogAppender.java:timeoutAppendRequest(200)) - 28f29a4c-baf6-4c40-b523-744acc0a8c83@group-3F730D6994B2->c53771ff-a4da-40bc-be42-f397952cb81e-GrpcLogAppender: appendEntries Timeout, request=28f29a4c-baf6-4c40-b523-744acc0a8c83->c53771ff-a4da-40bc-be42-f397952cb81e#38-t1, previous=(t:1, i:21), leaderCommit=15, initializing? false, entries: <empty>
2019-09-11 02:40:33,147 [java.util.concurrent.ThreadPoolExecutor$Worker@1858f8f2[State = -1, empty queue]] WARN  server.GrpcLogAppender (GrpcLogAppender.java:timeoutAppendRequest(200)) - 28f29a4c-baf6-4c40-b523-744acc0a8c83@group-3F730D6994B2->cccfaecc-560c-4f58-9140-53bb7696e889-GrpcLogAppender: appendEntries Timeout, request=28f29a4c-baf6-4c40-b523-744acc0a8c83->cccfaecc-560c-4f58-9140-53bb7696e889#38-t1, previous=(t:1, i:21), leaderCommit=15, initializing? false, entries: <empty>
2019-09-11 02:40:34,685 [grpc-default-executor-7] INFO  impl.RaftServerProxy (RaftServerProxy.java:remove(95)) - cccfaecc-560c-4f58-9140-53bb7696e889: remove group-5FC83EB0E599:null
2019-09-11 02:40:34,688 [RatisPipelineUtilsThread] WARN  pipeline.RatisPipelineUtils (RatisPipelineUtils.java:destroyPipeline(66)) - Pipeline destroy failed for pipeline=PipelineID=e24272a4-7e17-41b5-94a9-5fc83eb0e599 dn=cccfaecc-560c-4f58-9140-53bb7696e889{ip: 192.168.34.53, host: pr-hdds-2107-sbngl-2106859965, networkLocation: /default-rack, certSerialId: null}
2019-09-11 02:40:34,691 [grpc-default-executor-7] INFO  impl.RaftServerProxy (RaftServerProxy.java:remove(95)) - 28f29a4c-baf6-4c40-b523-744acc0a8c83: remove group-5FC83EB0E599:null
2019-09-11 02:40:34,693 [RatisPipelineUtilsThread] WARN  pipeline.RatisPipelineUtils (RatisPipelineUtils.java:destroyPipeline(66)) - Pipeline destroy failed for pipeline=PipelineID=e24272a4-7e17-41b5-94a9-5fc83eb0e599 dn=28f29a4c-baf6-4c40-b523-744acc0a8c83{ip: 192.168.34.53, host: pr-hdds-2107-sbngl-2106859965, networkLocation: /default-rack, certSerialId: null}
2019-09-11 02:40:34,696 [grpc-default-executor-7] INFO  impl.RaftServerProxy (RaftServerProxy.java:remove(95)) - c53771ff-a4da-40bc-be42-f397952cb81e: remove group-5FC83EB0E599:null
2019-09-11 02:40:34,698 [RatisPipelineUtilsThread] WARN  pipeline.RatisPipelineUtils (RatisPipelineUtils.java:destroyPipeline(66)) - Pipeline destroy failed for pipeline=PipelineID=e24272a4-7e17-41b5-94a9-5fc83eb0e599 dn=c53771ff-a4da-40bc-be42-f397952cb81e{ip: 192.168.34.53, host: pr-hdds-2107-sbngl-2106859965, networkLocation: /default-rack, certSerialId: null}
2019-09-11 02:40:34,698 [RatisPipelineUtilsThread] ERROR pipeline.SCMPipelineManager (Scheduler.java:lambda$schedule$1(70)) - Destroy pipeline failed for pipeline:Pipeline[ Id: e24272a4-7e17-41b5-94a9-5fc83eb0e599, Nodes: cccfaecc-560c-4f58-9140-53bb7696e889{ip: 192.168.34.53, host: pr-hdds-2107-sbngl-2106859965, networkLocation: /default-rack, certSerialId: null}28f29a4c-baf6-4c40-b523-744acc0a8c83{ip: 192.168.34.53, host: pr-hdds-2107-sbngl-2106859965, networkLocation: /default-rack, certSerialId: null}c53771ff-a4da-40bc-be42-f397952cb81e{ip: 192.168.34.53, host: pr-hdds-2107-sbngl-2106859965, networkLocation: /default-rack, certSerialId: null}, Type:RATIS, Factor:THREE, State:CLOSED]
org.apache.hadoop.hdds.scm.pipeline.PipelineNotFoundException: PipelineID=e24272a4-7e17-41b5-94a9-5fc83eb0e599 not found
	at org.apache.hadoop.hdds.scm.pipeline.PipelineStateMap.getPipeline(PipelineStateMap.java:132)
	at org.apache.hadoop.hdds.scm.pipeline.PipelineStateMap.removePipeline(PipelineStateMap.java:322)
	at org.apache.hadoop.hdds.scm.pipeline.PipelineStateManager.removePipeline(PipelineStateManager.java:107)
	at org.apache.hadoop.hdds.scm.pipeline.SCMPipelineManager.removePipeline(SCMPipelineManager.java:423)
	at org.apache.hadoop.hdds.scm.pipeline.SCMPipelineManager.destroyPipeline(SCMPipelineManager.java:409)
	at org.apache.hadoop.hdds.scm.pipeline.SCMPipelineManager.lambda$finalizeAndDestroyPipeline$0(SCMPipelineManager.java:318)
	at org.apache.hadoop.utils.Scheduler.lambda$schedule$1(Scheduler.java:68)
	at java.util.concurrent.Executors$RunnableAdapter.call(Executors.java:511)
	at java.util.concurrent.FutureTask.run(FutureTask.java:266)
	at java.util.concurrent.ScheduledThreadPoolExecutor$ScheduledFutureTask.access$201(ScheduledThreadPoolExecutor.java:180)
	at java.util.concurrent.ScheduledThreadPoolExecutor$ScheduledFutureTask.run(ScheduledThreadPoolExecutor.java:293)
	at java.util.concurrent.ThreadPoolExecutor.runWorker(ThreadPoolExecutor.java:1149)
	at java.util.concurrent.ThreadPoolExecutor$Worker.run(ThreadPoolExecutor.java:624)
	at java.lang.Thread.run(Thread.java:748)
2019-09-11 02:40:35,368 [grpc-default-executor-7] INFO  client.GrpcClientProtocolClient (GrpcClientProtocolClient.java:onNext(264)) - client-1271BDC01022->cccfaecc-560c-4f58-9140-53bb7696e889: receive RaftClientReply:client-1271BDC01022->cccfaecc-560c-4f58-9140-53bb7696e889@group-3F730D6994B2, cid=142, FAILED org.apache.ratis.protocol.NotLeaderException: Server cccfaecc-560c-4f58-9140-53bb7696e889@group-3F730D6994B2 is not the leader 28f29a4c-baf6-4c40-b523-744acc0a8c83:192.168.34.53:35385, logIndex=0, commits[cccfaecc-560c-4f58-9140-53bb7696e889:c15, c53771ff-a4da-40bc-be42-f397952cb81e:c14, 28f29a4c-baf6-4c40-b523-744acc0a8c83:c15]
2019-09-11 02:40:35,647 [java.util.concurrent.ThreadPoolExecutor$Worker@7b4e52e0[State = -1, empty queue]] WARN  server.GrpcLogAppender (GrpcLogAppender.java:timeoutAppendRequest(200)) - 28f29a4c-baf6-4c40-b523-744acc0a8c83@group-3F730D6994B2->c53771ff-a4da-40bc-be42-f397952cb81e-GrpcLogAppender: appendEntries Timeout, request=28f29a4c-baf6-4c40-b523-744acc0a8c83->c53771ff-a4da-40bc-be42-f397952cb81e#39-t1, previous=(t:1, i:21), leaderCommit=15, initializing? false, entries: <empty>
2019-09-11 02:40:35,647 [java.util.concurrent.ThreadPoolExecutor$Worker@1858f8f2[State = -1, empty queue]] WARN  server.GrpcLogAppender (GrpcLogAppender.java:timeoutAppendRequest(200)) - 28f29a4c-baf6-4c40-b523-744acc0a8c83@group-3F730D6994B2->cccfaecc-560c-4f58-9140-53bb7696e889-GrpcLogAppender: appendEntries Timeout, request=28f29a4c-baf6-4c40-b523-744acc0a8c83->cccfaecc-560c-4f58-9140-53bb7696e889#39-t1, previous=(t:1, i:21), leaderCommit=15, initializing? false, entries: <empty>
2019-09-11 02:40:37,694 [grpc-default-executor-7] INFO  impl.RaftServerProxy (RaftServerProxy.java:remove(95)) - cccfaecc-560c-4f58-9140-53bb7696e889: remove group-5FC83EB0E599:null
2019-09-11 02:40:37,700 [RatisPipelineUtilsThread] WARN  pipeline.RatisPipelineUtils (RatisPipelineUtils.java:destroyPipeline(66)) - Pipeline destroy failed for pipeline=PipelineID=e24272a4-7e17-41b5-94a9-5fc83eb0e599 dn=cccfaecc-560c-4f58-9140-53bb7696e889{ip: 192.168.34.53, host: pr-hdds-2107-sbngl-2106859965, networkLocation: /default-rack, certSerialId: null}
2019-09-11 02:40:37,703 [grpc-default-executor-7] INFO  impl.RaftServerProxy (RaftServerProxy.java:remove(95)) - 28f29a4c-baf6-4c40-b523-744acc0a8c83: remove group-5FC83EB0E599:null
2019-09-11 02:40:37,705 [RatisPipelineUtilsThread] WARN  pipeline.RatisPipelineUtils (RatisPipelineUtils.java:destroyPipeline(66)) - Pipeline destroy failed for pipeline=PipelineID=e24272a4-7e17-41b5-94a9-5fc83eb0e599 dn=28f29a4c-baf6-4c40-b523-744acc0a8c83{ip: 192.168.34.53, host: pr-hdds-2107-sbngl-2106859965, networkLocation: /default-rack, certSerialId: null}
2019-09-11 02:40:37,708 [grpc-default-executor-7] INFO  impl.RaftServerProxy (RaftServerProxy.java:remove(95)) - c53771ff-a4da-40bc-be42-f397952cb81e: remove group-5FC83EB0E599:null
2019-09-11 02:40:37,710 [RatisPipelineUtilsThread] WARN  pipeline.RatisPipelineUtils (RatisPipelineUtils.java:destroyPipeline(66)) - Pipeline destroy failed for pipeline=PipelineID=e24272a4-7e17-41b5-94a9-5fc83eb0e599 dn=c53771ff-a4da-40bc-be42-f397952cb81e{ip: 192.168.34.53, host: pr-hdds-2107-sbngl-2106859965, networkLocation: /default-rack, certSerialId: null}
2019-09-11 02:40:37,710 [RatisPipelineUtilsThread] ERROR pipeline.SCMPipelineManager (Scheduler.java:lambda$schedule$1(70)) - Destroy pipeline failed for pipeline:Pipeline[ Id: e24272a4-7e17-41b5-94a9-5fc83eb0e599, Nodes: cccfaecc-560c-4f58-9140-53bb7696e889{ip: 192.168.34.53, host: pr-hdds-2107-sbngl-2106859965, networkLocation: /default-rack, certSerialId: null}28f29a4c-baf6-4c40-b523-744acc0a8c83{ip: 192.168.34.53, host: pr-hdds-2107-sbngl-2106859965, networkLocation: /default-rack, certSerialId: null}c53771ff-a4da-40bc-be42-f397952cb81e{ip: 192.168.34.53, host: pr-hdds-2107-sbngl-2106859965, networkLocation: /default-rack, certSerialId: null}, Type:RATIS, Factor:THREE, State:CLOSED]
org.apache.hadoop.hdds.scm.pipeline.PipelineNotFoundException: PipelineID=e24272a4-7e17-41b5-94a9-5fc83eb0e599 not found
	at org.apache.hadoop.hdds.scm.pipeline.PipelineStateMap.getPipeline(PipelineStateMap.java:132)
	at org.apache.hadoop.hdds.scm.pipeline.PipelineStateMap.removePipeline(PipelineStateMap.java:322)
	at org.apache.hadoop.hdds.scm.pipeline.PipelineStateManager.removePipeline(PipelineStateManager.java:107)
	at org.apache.hadoop.hdds.scm.pipeline.SCMPipelineManager.removePipeline(SCMPipelineManager.java:423)
	at org.apache.hadoop.hdds.scm.pipeline.SCMPipelineManager.destroyPipeline(SCMPipelineManager.java:409)
	at org.apache.hadoop.hdds.scm.pipeline.SCMPipelineManager.lambda$finalizeAndDestroyPipeline$0(SCMPipelineManager.java:318)
	at org.apache.hadoop.utils.Scheduler.lambda$schedule$1(Scheduler.java:68)
	at java.util.concurrent.Executors$RunnableAdapter.call(Executors.java:511)
	at java.util.concurrent.FutureTask.run(FutureTask.java:266)
	at java.util.concurrent.ScheduledThreadPoolExecutor$ScheduledFutureTask.access$201(ScheduledThreadPoolExecutor.java:180)
	at java.util.concurrent.ScheduledThreadPoolExecutor$ScheduledFutureTask.run(ScheduledThreadPoolExecutor.java:293)
	at java.util.concurrent.ThreadPoolExecutor.runWorker(ThreadPoolExecutor.java:1149)
	at java.util.concurrent.ThreadPoolExecutor$Worker.run(ThreadPoolExecutor.java:624)
	at java.lang.Thread.run(Thread.java:748)
2019-09-11 02:40:38,148 [java.util.concurrent.ThreadPoolExecutor$Worker@1858f8f2[State = -1, empty queue]] WARN  server.GrpcLogAppender (GrpcLogAppender.java:timeoutAppendRequest(200)) - 28f29a4c-baf6-4c40-b523-744acc0a8c83@group-3F730D6994B2->cccfaecc-560c-4f58-9140-53bb7696e889-GrpcLogAppender: appendEntries Timeout, request=28f29a4c-baf6-4c40-b523-744acc0a8c83->cccfaecc-560c-4f58-9140-53bb7696e889#40-t1, previous=(t:1, i:21), leaderCommit=15, initializing? false, entries: <empty>
2019-09-11 02:40:38,148 [java.util.concurrent.ThreadPoolExecutor$Worker@7b4e52e0[State = -1, empty queue]] WARN  server.GrpcLogAppender (GrpcLogAppender.java:timeoutAppendRequest(200)) - 28f29a4c-baf6-4c40-b523-744acc0a8c83@group-3F730D6994B2->c53771ff-a4da-40bc-be42-f397952cb81e-GrpcLogAppender: appendEntries Timeout, request=28f29a4c-baf6-4c40-b523-744acc0a8c83->c53771ff-a4da-40bc-be42-f397952cb81e#40-t1, previous=(t:1, i:21), leaderCommit=15, initializing? false, entries: <empty>
2019-09-11 02:40:39,686 [grpc-default-executor-7] INFO  impl.RaftServerProxy (RaftServerProxy.java:remove(95)) - cccfaecc-560c-4f58-9140-53bb7696e889: remove group-5FC83EB0E599:null
2019-09-11 02:40:39,689 [RatisPipelineUtilsThread] WARN  pipeline.RatisPipelineUtils (RatisPipelineUtils.java:destroyPipeline(66)) - Pipeline destroy failed for pipeline=PipelineID=e24272a4-7e17-41b5-94a9-5fc83eb0e599 dn=cccfaecc-560c-4f58-9140-53bb7696e889{ip: 192.168.34.53, host: pr-hdds-2107-sbngl-2106859965, networkLocation: /default-rack, certSerialId: null}
2019-09-11 02:40:39,693 [grpc-default-executor-7] INFO  impl.RaftServerProxy (RaftServerProxy.java:remove(95)) - 28f29a4c-baf6-4c40-b523-744acc0a8c83: remove group-5FC83EB0E599:null
2019-09-11 02:40:39,695 [RatisPipelineUtilsThread] WARN  pipeline.RatisPipelineUtils (RatisPipelineUtils.java:destroyPipeline(66)) - Pipeline destroy failed for pipeline=PipelineID=e24272a4-7e17-41b5-94a9-5fc83eb0e599 dn=28f29a4c-baf6-4c40-b523-744acc0a8c83{ip: 192.168.34.53, host: pr-hdds-2107-sbngl-2106859965, networkLocation: /default-rack, certSerialId: null}
2019-09-11 02:40:39,697 [grpc-default-executor-7] INFO  impl.RaftServerProxy (RaftServerProxy.java:remove(95)) - c53771ff-a4da-40bc-be42-f397952cb81e: remove group-5FC83EB0E599:null
2019-09-11 02:40:39,700 [RatisPipelineUtilsThread] WARN  pipeline.RatisPipelineUtils (RatisPipelineUtils.java:destroyPipeline(66)) - Pipeline destroy failed for pipeline=PipelineID=e24272a4-7e17-41b5-94a9-5fc83eb0e599 dn=c53771ff-a4da-40bc-be42-f397952cb81e{ip: 192.168.34.53, host: pr-hdds-2107-sbngl-2106859965, networkLocation: /default-rack, certSerialId: null}
2019-09-11 02:40:39,700 [RatisPipelineUtilsThread] ERROR pipeline.SCMPipelineManager (Scheduler.java:lambda$schedule$1(70)) - Destroy pipeline failed for pipeline:Pipeline[ Id: e24272a4-7e17-41b5-94a9-5fc83eb0e599, Nodes: cccfaecc-560c-4f58-9140-53bb7696e889{ip: 192.168.34.53, host: pr-hdds-2107-sbngl-2106859965, networkLocation: /default-rack, certSerialId: null}28f29a4c-baf6-4c40-b523-744acc0a8c83{ip: 192.168.34.53, host: pr-hdds-2107-sbngl-2106859965, networkLocation: /default-rack, certSerialId: null}c53771ff-a4da-40bc-be42-f397952cb81e{ip: 192.168.34.53, host: pr-hdds-2107-sbngl-2106859965, networkLocation: /default-rack, certSerialId: null}, Type:RATIS, Factor:THREE, State:CLOSED]
org.apache.hadoop.hdds.scm.pipeline.PipelineNotFoundException: PipelineID=e24272a4-7e17-41b5-94a9-5fc83eb0e599 not found
	at org.apache.hadoop.hdds.scm.pipeline.PipelineStateMap.getPipeline(PipelineStateMap.java:132)
	at org.apache.hadoop.hdds.scm.pipeline.PipelineStateMap.removePipeline(PipelineStateMap.java:322)
	at org.apache.hadoop.hdds.scm.pipeline.PipelineStateManager.removePipeline(PipelineStateManager.java:107)
	at org.apache.hadoop.hdds.scm.pipeline.SCMPipelineManager.removePipeline(SCMPipelineManager.java:423)
	at org.apache.hadoop.hdds.scm.pipeline.SCMPipelineManager.destroyPipeline(SCMPipelineManager.java:409)
	at org.apache.hadoop.hdds.scm.pipeline.SCMPipelineManager.lambda$finalizeAndDestroyPipeline$0(SCMPipelineManager.java:318)
	at org.apache.hadoop.utils.Scheduler.lambda$schedule$1(Scheduler.java:68)
	at java.util.concurrent.Executors$RunnableAdapter.call(Executors.java:511)
	at java.util.concurrent.FutureTask.run(FutureTask.java:266)
	at java.util.concurrent.ScheduledThreadPoolExecutor$ScheduledFutureTask.access$201(ScheduledThreadPoolExecutor.java:180)
	at java.util.concurrent.ScheduledThreadPoolExecutor$ScheduledFutureTask.run(ScheduledThreadPoolExecutor.java:293)
	at java.util.concurrent.ThreadPoolExecutor.runWorker(ThreadPoolExecutor.java:1149)
	at java.util.concurrent.ThreadPoolExecutor$Worker.run(ThreadPoolExecutor.java:624)
	at java.lang.Thread.run(Thread.java:748)
2019-09-11 02:40:40,141 [28f29a4c-baf6-4c40-b523-744acc0a8c83@group-3F730D6994B2-SegmentedRaftLogWorker] WARN  segmented.SegmentedRaftLogWorker (SegmentedRaftLogWorker.java:getFromFuture(90)) - Timeout 2/~
org.apache.ratis.protocol.TimeoutIOException: Timeout 10s: WriteLog:16: (t:1, i:16), STATEMACHINELOGENTRY, client-1271BDC01022, cid=142-writeStateMachineData
	at org.apache.ratis.util.IOUtils.getFromFuture(IOUtils.java:87)
	at org.apache.ratis.server.raftlog.segmented.SegmentedRaftLogWorker$StateMachineDataPolicy.getFromFuture(SegmentedRaftLogWorker.java:87)
	at org.apache.ratis.server.raftlog.segmented.SegmentedRaftLogWorker$WriteLog.execute(SegmentedRaftLogWorker.java:477)
	at org.apache.ratis.server.raftlog.segmented.SegmentedRaftLogWorker.run(SegmentedRaftLogWorker.java:289)
	at java.lang.Thread.run(Thread.java:748)
Caused by: java.util.concurrent.TimeoutException
	at java.util.concurrent.CompletableFuture.timedGet(CompletableFuture.java:1771)
	at java.util.concurrent.CompletableFuture.get(CompletableFuture.java:1915)
	at org.apache.ratis.util.IOUtils.getFromFuture(IOUtils.java:79)
	... 4 more
2019-09-11 02:40:40,142 [c53771ff-a4da-40bc-be42-f397952cb81e@group-3F730D6994B2-SegmentedRaftLogWorker] WARN  segmented.SegmentedRaftLogWorker (SegmentedRaftLogWorker.java:getFromFuture(90)) - Timeout 2/~
org.apache.ratis.protocol.TimeoutIOException: Timeout 10s: WriteLog:16: (t:1, i:16), STATEMACHINELOGENTRY, client-1271BDC01022, cid=142-writeStateMachineData
	at org.apache.ratis.util.IOUtils.getFromFuture(IOUtils.java:87)
	at org.apache.ratis.server.raftlog.segmented.SegmentedRaftLogWorker$StateMachineDataPolicy.getFromFuture(SegmentedRaftLogWorker.java:87)
	at org.apache.ratis.server.raftlog.segmented.SegmentedRaftLogWorker$WriteLog.execute(SegmentedRaftLogWorker.java:477)
	at org.apache.ratis.server.raftlog.segmented.SegmentedRaftLogWorker.run(SegmentedRaftLogWorker.java:289)
	at java.lang.Thread.run(Thread.java:748)
Caused by: java.util.concurrent.TimeoutException
	at java.util.concurrent.CompletableFuture.timedGet(CompletableFuture.java:1771)
	at java.util.concurrent.CompletableFuture.get(CompletableFuture.java:1915)
	at org.apache.ratis.util.IOUtils.getFromFuture(IOUtils.java:79)
	... 4 more
2019-09-11 02:40:40,141 [cccfaecc-560c-4f58-9140-53bb7696e889@group-3F730D6994B2-SegmentedRaftLogWorker] WARN  segmented.SegmentedRaftLogWorker (SegmentedRaftLogWorker.java:getFromFuture(90)) - Timeout 2/~
org.apache.ratis.protocol.TimeoutIOException: Timeout 10s: WriteLog:16: (t:1, i:16), STATEMACHINELOGENTRY, client-1271BDC01022, cid=142-writeStateMachineData
	at org.apache.ratis.util.IOUtils.getFromFuture(IOUtils.java:87)
	at org.apache.ratis.server.raftlog.segmented.SegmentedRaftLogWorker$StateMachineDataPolicy.getFromFuture(SegmentedRaftLogWorker.java:87)
	at org.apache.ratis.server.raftlog.segmented.SegmentedRaftLogWorker$WriteLog.execute(SegmentedRaftLogWorker.java:477)
	at org.apache.ratis.server.raftlog.segmented.SegmentedRaftLogWorker.run(SegmentedRaftLogWorker.java:289)
	at java.lang.Thread.run(Thread.java:748)
Caused by: java.util.concurrent.TimeoutException
	at java.util.concurrent.CompletableFuture.timedGet(CompletableFuture.java:1771)
	at java.util.concurrent.CompletableFuture.get(CompletableFuture.java:1915)
	at org.apache.ratis.util.IOUtils.getFromFuture(IOUtils.java:79)
	... 4 more
2019-09-11 02:40:40,421 [grpc-default-executor-7] INFO  client.GrpcClientProtocolClient (GrpcClientProtocolClient.java:onNext(264)) - client-1271BDC01022->c53771ff-a4da-40bc-be42-f397952cb81e: receive RaftClientReply:client-1271BDC01022->c53771ff-a4da-40bc-be42-f397952cb81e@group-3F730D6994B2, cid=142, FAILED org.apache.ratis.protocol.NotLeaderException: Server c53771ff-a4da-40bc-be42-f397952cb81e@group-3F730D6994B2 is not the leader 28f29a4c-baf6-4c40-b523-744acc0a8c83:192.168.34.53:35385, logIndex=0, commits[c53771ff-a4da-40bc-be42-f397952cb81e:c15, cccfaecc-560c-4f58-9140-53bb7696e889:c14, 28f29a4c-baf6-4c40-b523-744acc0a8c83:c15]
2019-09-11 02:40:40,648 [java.util.concurrent.ThreadPoolExecutor$Worker@1858f8f2[State = -1, empty queue]] WARN  server.GrpcLogAppender (GrpcLogAppender.java:timeoutAppendRequest(200)) - 28f29a4c-baf6-4c40-b523-744acc0a8c83@group-3F730D6994B2->cccfaecc-560c-4f58-9140-53bb7696e889-GrpcLogAppender: appendEntries Timeout, request=28f29a4c-baf6-4c40-b523-744acc0a8c83->cccfaecc-560c-4f58-9140-53bb7696e889#41-t1, previous=(t:1, i:21), leaderCommit=15, initializing? false, entries: <empty>
2019-09-11 02:40:40,648 [java.util.concurrent.ThreadPoolExecutor$Worker@7b4e52e0[State = -1, empty queue]] WARN  server.GrpcLogAppender (GrpcLogAppender.java:timeoutAppendRequest(200)) - 28f29a4c-baf6-4c40-b523-744acc0a8c83@group-3F730D6994B2->c53771ff-a4da-40bc-be42-f397952cb81e-GrpcLogAppender: appendEntries Timeout, request=28f29a4c-baf6-4c40-b523-744acc0a8c83->c53771ff-a4da-40bc-be42-f397952cb81e#41-t1, previous=(t:1, i:21), leaderCommit=15, initializing? false, entries: <empty>
2019-09-11 02:40:42,687 [grpc-default-executor-1] INFO  impl.RaftServerProxy (RaftServerProxy.java:remove(95)) - cccfaecc-560c-4f58-9140-53bb7696e889: remove group-5FC83EB0E599:null
2019-09-11 02:40:42,692 [RatisPipelineUtilsThread] WARN  pipeline.RatisPipelineUtils (RatisPipelineUtils.java:destroyPipeline(66)) - Pipeline destroy failed for pipeline=PipelineID=e24272a4-7e17-41b5-94a9-5fc83eb0e599 dn=cccfaecc-560c-4f58-9140-53bb7696e889{ip: 192.168.34.53, host: pr-hdds-2107-sbngl-2106859965, networkLocation: /default-rack, certSerialId: null}
2019-09-11 02:40:42,695 [grpc-default-executor-1] INFO  impl.RaftServerProxy (RaftServerProxy.java:remove(95)) - 28f29a4c-baf6-4c40-b523-744acc0a8c83: remove group-5FC83EB0E599:null
2019-09-11 02:40:42,698 [RatisPipelineUtilsThread] WARN  pipeline.RatisPipelineUtils (RatisPipelineUtils.java:destroyPipeline(66)) - Pipeline destroy failed for pipeline=PipelineID=e24272a4-7e17-41b5-94a9-5fc83eb0e599 dn=28f29a4c-baf6-4c40-b523-744acc0a8c83{ip: 192.168.34.53, host: pr-hdds-2107-sbngl-2106859965, networkLocation: /default-rack, certSerialId: null}
2019-09-11 02:40:42,701 [grpc-default-executor-1] INFO  impl.RaftServerProxy (RaftServerProxy.java:remove(95)) - c53771ff-a4da-40bc-be42-f397952cb81e: remove group-5FC83EB0E599:null
2019-09-11 02:40:42,703 [RatisPipelineUtilsThread] WARN  pipeline.RatisPipelineUtils (RatisPipelineUtils.java:destroyPipeline(66)) - Pipeline destroy failed for pipeline=PipelineID=e24272a4-7e17-41b5-94a9-5fc83eb0e599 dn=c53771ff-a4da-40bc-be42-f397952cb81e{ip: 192.168.34.53, host: pr-hdds-2107-sbngl-2106859965, networkLocation: /default-rack, certSerialId: null}
2019-09-11 02:40:42,704 [RatisPipelineUtilsThread] ERROR pipeline.SCMPipelineManager (Scheduler.java:lambda$schedule$1(70)) - Destroy pipeline failed for pipeline:Pipeline[ Id: e24272a4-7e17-41b5-94a9-5fc83eb0e599, Nodes: cccfaecc-560c-4f58-9140-53bb7696e889{ip: 192.168.34.53, host: pr-hdds-2107-sbngl-2106859965, networkLocation: /default-rack, certSerialId: null}28f29a4c-baf6-4c40-b523-744acc0a8c83{ip: 192.168.34.53, host: pr-hdds-2107-sbngl-2106859965, networkLocation: /default-rack, certSerialId: null}c53771ff-a4da-40bc-be42-f397952cb81e{ip: 192.168.34.53, host: pr-hdds-2107-sbngl-2106859965, networkLocation: /default-rack, certSerialId: null}, Type:RATIS, Factor:THREE, State:CLOSED]
org.apache.hadoop.hdds.scm.pipeline.PipelineNotFoundException: PipelineID=e24272a4-7e17-41b5-94a9-5fc83eb0e599 not found
	at org.apache.hadoop.hdds.scm.pipeline.PipelineStateMap.getPipeline(PipelineStateMap.java:132)
	at org.apache.hadoop.hdds.scm.pipeline.PipelineStateMap.removePipeline(PipelineStateMap.java:322)
	at org.apache.hadoop.hdds.scm.pipeline.PipelineStateManager.removePipeline(PipelineStateManager.java:107)
	at org.apache.hadoop.hdds.scm.pipeline.SCMPipelineManager.removePipeline(SCMPipelineManager.java:423)
	at org.apache.hadoop.hdds.scm.pipeline.SCMPipelineManager.destroyPipeline(SCMPipelineManager.java:409)
	at org.apache.hadoop.hdds.scm.pipeline.SCMPipelineManager.lambda$finalizeAndDestroyPipeline$0(SCMPipelineManager.java:318)
	at org.apache.hadoop.utils.Scheduler.lambda$schedule$1(Scheduler.java:68)
	at java.util.concurrent.Executors$RunnableAdapter.call(Executors.java:511)
	at java.util.concurrent.FutureTask.run(FutureTask.java:266)
	at java.util.concurrent.ScheduledThreadPoolExecutor$ScheduledFutureTask.access$201(ScheduledThreadPoolExecutor.java:180)
	at java.util.concurrent.ScheduledThreadPoolExecutor$ScheduledFutureTask.run(ScheduledThreadPoolExecutor.java:293)
	at java.util.concurrent.ThreadPoolExecutor.runWorker(ThreadPoolExecutor.java:1149)
	at java.util.concurrent.ThreadPoolExecutor$Worker.run(ThreadPoolExecutor.java:624)
	at java.lang.Thread.run(Thread.java:748)
2019-09-11 02:40:43,148 [java.util.concurrent.ThreadPoolExecutor$Worker@7b4e52e0[State = -1, empty queue]] WARN  server.GrpcLogAppender (GrpcLogAppender.java:timeoutAppendRequest(200)) - 28f29a4c-baf6-4c40-b523-744acc0a8c83@group-3F730D6994B2->c53771ff-a4da-40bc-be42-f397952cb81e-GrpcLogAppender: appendEntries Timeout, request=28f29a4c-baf6-4c40-b523-744acc0a8c83->c53771ff-a4da-40bc-be42-f397952cb81e#42-t1, previous=(t:1, i:21), leaderCommit=15, initializing? false, entries: <empty>
2019-09-11 02:40:43,148 [java.util.concurrent.ThreadPoolExecutor$Worker@1858f8f2[State = -1, empty queue]] WARN  server.GrpcLogAppender (GrpcLogAppender.java:timeoutAppendRequest(200)) - 28f29a4c-baf6-4c40-b523-744acc0a8c83@group-3F730D6994B2->cccfaecc-560c-4f58-9140-53bb7696e889-GrpcLogAppender: appendEntries Timeout, request=28f29a4c-baf6-4c40-b523-744acc0a8c83->cccfaecc-560c-4f58-9140-53bb7696e889#42-t1, previous=(t:1, i:21), leaderCommit=15, initializing? false, entries: <empty>
2019-09-11 02:40:44,687 [grpc-default-executor-1] INFO  impl.RaftServerProxy (RaftServerProxy.java:remove(95)) - cccfaecc-560c-4f58-9140-53bb7696e889: remove group-5FC83EB0E599:null
2019-09-11 02:40:44,690 [RatisPipelineUtilsThread] WARN  pipeline.RatisPipelineUtils (RatisPipelineUtils.java:destroyPipeline(66)) - Pipeline destroy failed for pipeline=PipelineID=e24272a4-7e17-41b5-94a9-5fc83eb0e599 dn=cccfaecc-560c-4f58-9140-53bb7696e889{ip: 192.168.34.53, host: pr-hdds-2107-sbngl-2106859965, networkLocation: /default-rack, certSerialId: null}
2019-09-11 02:40:44,693 [grpc-default-executor-1] INFO  impl.RaftServerProxy (RaftServerProxy.java:remove(95)) - 28f29a4c-baf6-4c40-b523-744acc0a8c83: remove group-5FC83EB0E599:null
2019-09-11 02:40:44,695 [RatisPipelineUtilsThread] WARN  pipeline.RatisPipelineUtils (RatisPipelineUtils.java:destroyPipeline(66)) - Pipeline destroy failed for pipeline=PipelineID=e24272a4-7e17-41b5-94a9-5fc83eb0e599 dn=28f29a4c-baf6-4c40-b523-744acc0a8c83{ip: 192.168.34.53, host: pr-hdds-2107-sbngl-2106859965, networkLocation: /default-rack, certSerialId: null}
2019-09-11 02:40:44,697 [grpc-default-executor-1] INFO  impl.RaftServerProxy (RaftServerProxy.java:remove(95)) - c53771ff-a4da-40bc-be42-f397952cb81e: remove group-5FC83EB0E599:null
2019-09-11 02:40:44,700 [RatisPipelineUtilsThread] WARN  pipeline.RatisPipelineUtils (RatisPipelineUtils.java:destroyPipeline(66)) - Pipeline destroy failed for pipeline=PipelineID=e24272a4-7e17-41b5-94a9-5fc83eb0e599 dn=c53771ff-a4da-40bc-be42-f397952cb81e{ip: 192.168.34.53, host: pr-hdds-2107-sbngl-2106859965, networkLocation: /default-rack, certSerialId: null}
2019-09-11 02:40:44,700 [RatisPipelineUtilsThread] ERROR pipeline.SCMPipelineManager (Scheduler.java:lambda$schedule$1(70)) - Destroy pipeline failed for pipeline:Pipeline[ Id: e24272a4-7e17-41b5-94a9-5fc83eb0e599, Nodes: cccfaecc-560c-4f58-9140-53bb7696e889{ip: 192.168.34.53, host: pr-hdds-2107-sbngl-2106859965, networkLocation: /default-rack, certSerialId: null}28f29a4c-baf6-4c40-b523-744acc0a8c83{ip: 192.168.34.53, host: pr-hdds-2107-sbngl-2106859965, networkLocation: /default-rack, certSerialId: null}c53771ff-a4da-40bc-be42-f397952cb81e{ip: 192.168.34.53, host: pr-hdds-2107-sbngl-2106859965, networkLocation: /default-rack, certSerialId: null}, Type:RATIS, Factor:THREE, State:CLOSED]
org.apache.hadoop.hdds.scm.pipeline.PipelineNotFoundException: PipelineID=e24272a4-7e17-41b5-94a9-5fc83eb0e599 not found
	at org.apache.hadoop.hdds.scm.pipeline.PipelineStateMap.getPipeline(PipelineStateMap.java:132)
	at org.apache.hadoop.hdds.scm.pipeline.PipelineStateMap.removePipeline(PipelineStateMap.java:322)
	at org.apache.hadoop.hdds.scm.pipeline.PipelineStateManager.removePipeline(PipelineStateManager.java:107)
	at org.apache.hadoop.hdds.scm.pipeline.SCMPipelineManager.removePipeline(SCMPipelineManager.java:423)
	at org.apache.hadoop.hdds.scm.pipeline.SCMPipelineManager.destroyPipeline(SCMPipelineManager.java:409)
	at org.apache.hadoop.hdds.scm.pipeline.SCMPipelineManager.lambda$finalizeAndDestroyPipeline$0(SCMPipelineManager.java:318)
	at org.apache.hadoop.utils.Scheduler.lambda$schedule$1(Scheduler.java:68)
	at java.util.concurrent.Executors$RunnableAdapter.call(Executors.java:511)
	at java.util.concurrent.FutureTask.run(FutureTask.java:266)
	at java.util.concurrent.ScheduledThreadPoolExecutor$ScheduledFutureTask.access$201(ScheduledThreadPoolExecutor.java:180)
	at java.util.concurrent.ScheduledThreadPoolExecutor$ScheduledFutureTask.run(ScheduledThreadPoolExecutor.java:293)
	at java.util.concurrent.ThreadPoolExecutor.runWorker(ThreadPoolExecutor.java:1149)
	at java.util.concurrent.ThreadPoolExecutor$Worker.run(ThreadPoolExecutor.java:624)
	at java.lang.Thread.run(Thread.java:748)
2019-09-11 02:40:45,466 [grpc-default-executor-7] INFO  client.GrpcClientProtocolClient (GrpcClientProtocolClient.java:onNext(264)) - client-1271BDC01022->cccfaecc-560c-4f58-9140-53bb7696e889: receive RaftClientReply:client-1271BDC01022->cccfaecc-560c-4f58-9140-53bb7696e889@group-3F730D6994B2, cid=142, FAILED org.apache.ratis.protocol.NotLeaderException: Server cccfaecc-560c-4f58-9140-53bb7696e889@group-3F730D6994B2 is not the leader 28f29a4c-baf6-4c40-b523-744acc0a8c83:192.168.34.53:35385, logIndex=0, commits[cccfaecc-560c-4f58-9140-53bb7696e889:c15, c53771ff-a4da-40bc-be42-f397952cb81e:c14, 28f29a4c-baf6-4c40-b523-744acc0a8c83:c15]
2019-09-11 02:40:45,648 [java.util.concurrent.ThreadPoolExecutor$Worker@7b4e52e0[State = -1, empty queue]] WARN  server.GrpcLogAppender (GrpcLogAppender.java:timeoutAppendRequest(200)) - 28f29a4c-baf6-4c40-b523-744acc0a8c83@group-3F730D6994B2->c53771ff-a4da-40bc-be42-f397952cb81e-GrpcLogAppender: appendEntries Timeout, request=28f29a4c-baf6-4c40-b523-744acc0a8c83->c53771ff-a4da-40bc-be42-f397952cb81e#43-t1, previous=(t:1, i:21), leaderCommit=15, initializing? false, entries: <empty>
2019-09-11 02:40:45,648 [java.util.concurrent.ThreadPoolExecutor$Worker@1858f8f2[State = -1, empty queue]] WARN  server.GrpcLogAppender (GrpcLogAppender.java:timeoutAppendRequest(200)) - 28f29a4c-baf6-4c40-b523-744acc0a8c83@group-3F730D6994B2->cccfaecc-560c-4f58-9140-53bb7696e889-GrpcLogAppender: appendEntries Timeout, request=28f29a4c-baf6-4c40-b523-744acc0a8c83->cccfaecc-560c-4f58-9140-53bb7696e889#43-t1, previous=(t:1, i:21), leaderCommit=15, initializing? false, entries: <empty>
2019-09-11 02:40:47,691 [grpc-default-executor-7] INFO  impl.RaftServerProxy (RaftServerProxy.java:remove(95)) - cccfaecc-560c-4f58-9140-53bb7696e889: remove group-5FC83EB0E599:null
2019-09-11 02:40:47,697 [RatisPipelineUtilsThread] WARN  pipeline.RatisPipelineUtils (RatisPipelineUtils.java:destroyPipeline(66)) - Pipeline destroy failed for pipeline=PipelineID=e24272a4-7e17-41b5-94a9-5fc83eb0e599 dn=cccfaecc-560c-4f58-9140-53bb7696e889{ip: 192.168.34.53, host: pr-hdds-2107-sbngl-2106859965, networkLocation: /default-rack, certSerialId: null}
2019-09-11 02:40:47,700 [grpc-default-executor-7] INFO  impl.RaftServerProxy (RaftServerProxy.java:remove(95)) - 28f29a4c-baf6-4c40-b523-744acc0a8c83: remove group-5FC83EB0E599:null
2019-09-11 02:40:47,702 [RatisPipelineUtilsThread] WARN  pipeline.RatisPipelineUtils (RatisPipelineUtils.java:destroyPipeline(66)) - Pipeline destroy failed for pipeline=PipelineID=e24272a4-7e17-41b5-94a9-5fc83eb0e599 dn=28f29a4c-baf6-4c40-b523-744acc0a8c83{ip: 192.168.34.53, host: pr-hdds-2107-sbngl-2106859965, networkLocation: /default-rack, certSerialId: null}
2019-09-11 02:40:47,705 [grpc-default-executor-7] INFO  impl.RaftServerProxy (RaftServerProxy.java:remove(95)) - c53771ff-a4da-40bc-be42-f397952cb81e: remove group-5FC83EB0E599:null
2019-09-11 02:40:47,707 [RatisPipelineUtilsThread] WARN  pipeline.RatisPipelineUtils (RatisPipelineUtils.java:destroyPipeline(66)) - Pipeline destroy failed for pipeline=PipelineID=e24272a4-7e17-41b5-94a9-5fc83eb0e599 dn=c53771ff-a4da-40bc-be42-f397952cb81e{ip: 192.168.34.53, host: pr-hdds-2107-sbngl-2106859965, networkLocation: /default-rack, certSerialId: null}
2019-09-11 02:40:47,708 [RatisPipelineUtilsThread] ERROR pipeline.SCMPipelineManager (Scheduler.java:lambda$schedule$1(70)) - Destroy pipeline failed for pipeline:Pipeline[ Id: e24272a4-7e17-41b5-94a9-5fc83eb0e599, Nodes: cccfaecc-560c-4f58-9140-53bb7696e889{ip: 192.168.34.53, host: pr-hdds-2107-sbngl-2106859965, networkLocation: /default-rack, certSerialId: null}28f29a4c-baf6-4c40-b523-744acc0a8c83{ip: 192.168.34.53, host: pr-hdds-2107-sbngl-2106859965, networkLocation: /default-rack, certSerialId: null}c53771ff-a4da-40bc-be42-f397952cb81e{ip: 192.168.34.53, host: pr-hdds-2107-sbngl-2106859965, networkLocation: /default-rack, certSerialId: null}, Type:RATIS, Factor:THREE, State:CLOSED]
org.apache.hadoop.hdds.scm.pipeline.PipelineNotFoundException: PipelineID=e24272a4-7e17-41b5-94a9-5fc83eb0e599 not found
	at org.apache.hadoop.hdds.scm.pipeline.PipelineStateMap.getPipeline(PipelineStateMap.java:132)
	at org.apache.hadoop.hdds.scm.pipeline.PipelineStateMap.removePipeline(PipelineStateMap.java:322)
	at org.apache.hadoop.hdds.scm.pipeline.PipelineStateManager.removePipeline(PipelineStateManager.java:107)
	at org.apache.hadoop.hdds.scm.pipeline.SCMPipelineManager.removePipeline(SCMPipelineManager.java:423)
	at org.apache.hadoop.hdds.scm.pipeline.SCMPipelineManager.destroyPipeline(SCMPipelineManager.java:409)
	at org.apache.hadoop.hdds.scm.pipeline.SCMPipelineManager.lambda$finalizeAndDestroyPipeline$0(SCMPipelineManager.java:318)
	at org.apache.hadoop.utils.Scheduler.lambda$schedule$1(Scheduler.java:68)
	at java.util.concurrent.Executors$RunnableAdapter.call(Executors.java:511)
	at java.util.concurrent.FutureTask.run(FutureTask.java:266)
	at java.util.concurrent.ScheduledThreadPoolExecutor$ScheduledFutureTask.access$201(ScheduledThreadPoolExecutor.java:180)
	at java.util.concurrent.ScheduledThreadPoolExecutor$ScheduledFutureTask.run(ScheduledThreadPoolExecutor.java:293)
	at java.util.concurrent.ThreadPoolExecutor.runWorker(ThreadPoolExecutor.java:1149)
	at java.util.concurrent.ThreadPoolExecutor$Worker.run(ThreadPoolExecutor.java:624)
	at java.lang.Thread.run(Thread.java:748)
2019-09-11 02:40:48,149 [java.util.concurrent.ThreadPoolExecutor$Worker@7b4e52e0[State = -1, empty queue]] WARN  server.GrpcLogAppender (GrpcLogAppender.java:timeoutAppendRequest(200)) - 28f29a4c-baf6-4c40-b523-744acc0a8c83@group-3F730D6994B2->c53771ff-a4da-40bc-be42-f397952cb81e-GrpcLogAppender: appendEntries Timeout, request=28f29a4c-baf6-4c40-b523-744acc0a8c83->c53771ff-a4da-40bc-be42-f397952cb81e#44-t1, previous=(t:1, i:21), leaderCommit=15, initializing? false, entries: <empty>
2019-09-11 02:40:48,149 [java.util.concurrent.ThreadPoolExecutor$Worker@1858f8f2[State = -1, empty queue]] WARN  server.GrpcLogAppender (GrpcLogAppender.java:timeoutAppendRequest(200)) - 28f29a4c-baf6-4c40-b523-744acc0a8c83@group-3F730D6994B2->cccfaecc-560c-4f58-9140-53bb7696e889-GrpcLogAppender: appendEntries Timeout, request=28f29a4c-baf6-4c40-b523-744acc0a8c83->cccfaecc-560c-4f58-9140-53bb7696e889#44-t1, previous=(t:1, i:21), leaderCommit=15, initializing? false, entries: <empty>
2019-09-11 02:40:49,688 [grpc-default-executor-7] INFO  impl.RaftServerProxy (RaftServerProxy.java:remove(95)) - cccfaecc-560c-4f58-9140-53bb7696e889: remove group-5FC83EB0E599:null
2019-09-11 02:40:49,692 [RatisPipelineUtilsThread] WARN  pipeline.RatisPipelineUtils (RatisPipelineUtils.java:destroyPipeline(66)) - Pipeline destroy failed for pipeline=PipelineID=e24272a4-7e17-41b5-94a9-5fc83eb0e599 dn=cccfaecc-560c-4f58-9140-53bb7696e889{ip: 192.168.34.53, host: pr-hdds-2107-sbngl-2106859965, networkLocation: /default-rack, certSerialId: null}
2019-09-11 02:40:49,694 [grpc-default-executor-7] INFO  impl.RaftServerProxy (RaftServerProxy.java:remove(95)) - 28f29a4c-baf6-4c40-b523-744acc0a8c83: remove group-5FC83EB0E599:null
2019-09-11 02:40:49,697 [RatisPipelineUtilsThread] WARN  pipeline.RatisPipelineUtils (RatisPipelineUtils.java:destroyPipeline(66)) - Pipeline destroy failed for pipeline=PipelineID=e24272a4-7e17-41b5-94a9-5fc83eb0e599 dn=28f29a4c-baf6-4c40-b523-744acc0a8c83{ip: 192.168.34.53, host: pr-hdds-2107-sbngl-2106859965, networkLocation: /default-rack, certSerialId: null}
2019-09-11 02:40:49,699 [grpc-default-executor-7] INFO  impl.RaftServerProxy (RaftServerProxy.java:remove(95)) - c53771ff-a4da-40bc-be42-f397952cb81e: remove group-5FC83EB0E599:null
2019-09-11 02:40:49,701 [RatisPipelineUtilsThread] WARN  pipeline.RatisPipelineUtils (RatisPipelineUtils.java:destroyPipeline(66)) - Pipeline destroy failed for pipeline=PipelineID=e24272a4-7e17-41b5-94a9-5fc83eb0e599 dn=c53771ff-a4da-40bc-be42-f397952cb81e{ip: 192.168.34.53, host: pr-hdds-2107-sbngl-2106859965, networkLocation: /default-rack, certSerialId: null}
2019-09-11 02:40:49,702 [RatisPipelineUtilsThread] ERROR pipeline.SCMPipelineManager (Scheduler.java:lambda$schedule$1(70)) - Destroy pipeline failed for pipeline:Pipeline[ Id: e24272a4-7e17-41b5-94a9-5fc83eb0e599, Nodes: cccfaecc-560c-4f58-9140-53bb7696e889{ip: 192.168.34.53, host: pr-hdds-2107-sbngl-2106859965, networkLocation: /default-rack, certSerialId: null}28f29a4c-baf6-4c40-b523-744acc0a8c83{ip: 192.168.34.53, host: pr-hdds-2107-sbngl-2106859965, networkLocation: /default-rack, certSerialId: null}c53771ff-a4da-40bc-be42-f397952cb81e{ip: 192.168.34.53, host: pr-hdds-2107-sbngl-2106859965, networkLocation: /default-rack, certSerialId: null}, Type:RATIS, Factor:THREE, State:CLOSED]
org.apache.hadoop.hdds.scm.pipeline.PipelineNotFoundException: PipelineID=e24272a4-7e17-41b5-94a9-5fc83eb0e599 not found
	at org.apache.hadoop.hdds.scm.pipeline.PipelineStateMap.getPipeline(PipelineStateMap.java:132)
	at org.apache.hadoop.hdds.scm.pipeline.PipelineStateMap.removePipeline(PipelineStateMap.java:322)
	at org.apache.hadoop.hdds.scm.pipeline.PipelineStateManager.removePipeline(PipelineStateManager.java:107)
	at org.apache.hadoop.hdds.scm.pipeline.SCMPipelineManager.removePipeline(SCMPipelineManager.java:423)
	at org.apache.hadoop.hdds.scm.pipeline.SCMPipelineManager.destroyPipeline(SCMPipelineManager.java:409)
	at org.apache.hadoop.hdds.scm.pipeline.SCMPipelineManager.lambda$finalizeAndDestroyPipeline$0(SCMPipelineManager.java:318)
	at org.apache.hadoop.utils.Scheduler.lambda$schedule$1(Scheduler.java:68)
	at java.util.concurrent.Executors$RunnableAdapter.call(Executors.java:511)
	at java.util.concurrent.FutureTask.run(FutureTask.java:266)
	at java.util.concurrent.ScheduledThreadPoolExecutor$ScheduledFutureTask.access$201(ScheduledThreadPoolExecutor.java:180)
	at java.util.concurrent.ScheduledThreadPoolExecutor$ScheduledFutureTask.run(ScheduledThreadPoolExecutor.java:293)
	at java.util.concurrent.ThreadPoolExecutor.runWorker(ThreadPoolExecutor.java:1149)
	at java.util.concurrent.ThreadPoolExecutor$Worker.run(ThreadPoolExecutor.java:624)
	at java.lang.Thread.run(Thread.java:748)
2019-09-11 02:40:50,143 [28f29a4c-baf6-4c40-b523-744acc0a8c83@group-3F730D6994B2-SegmentedRaftLogWorker] WARN  segmented.SegmentedRaftLogWorker (SegmentedRaftLogWorker.java:getFromFuture(90)) - Timeout 3/~
org.apache.ratis.protocol.TimeoutIOException: Timeout 10s: WriteLog:16: (t:1, i:16), STATEMACHINELOGENTRY, client-1271BDC01022, cid=142-writeStateMachineData
	at org.apache.ratis.util.IOUtils.getFromFuture(IOUtils.java:87)
	at org.apache.ratis.server.raftlog.segmented.SegmentedRaftLogWorker$StateMachineDataPolicy.getFromFuture(SegmentedRaftLogWorker.java:87)
	at org.apache.ratis.server.raftlog.segmented.SegmentedRaftLogWorker$WriteLog.execute(SegmentedRaftLogWorker.java:477)
	at org.apache.ratis.server.raftlog.segmented.SegmentedRaftLogWorker.run(SegmentedRaftLogWorker.java:289)
	at java.lang.Thread.run(Thread.java:748)
Caused by: java.util.concurrent.TimeoutException
	at java.util.concurrent.CompletableFuture.timedGet(CompletableFuture.java:1771)
	at java.util.concurrent.CompletableFuture.get(CompletableFuture.java:1915)
	at org.apache.ratis.util.IOUtils.getFromFuture(IOUtils.java:79)
	... 4 more
2019-09-11 02:40:50,144 [cccfaecc-560c-4f58-9140-53bb7696e889@group-3F730D6994B2-SegmentedRaftLogWorker] WARN  segmented.SegmentedRaftLogWorker (SegmentedRaftLogWorker.java:getFromFuture(90)) - Timeout 3/~
org.apache.ratis.protocol.TimeoutIOException: Timeout 10s: WriteLog:16: (t:1, i:16), STATEMACHINELOGENTRY, client-1271BDC01022, cid=142-writeStateMachineData
	at org.apache.ratis.util.IOUtils.getFromFuture(IOUtils.java:87)
	at org.apache.ratis.server.raftlog.segmented.SegmentedRaftLogWorker$StateMachineDataPolicy.getFromFuture(SegmentedRaftLogWorker.java:87)
	at org.apache.ratis.server.raftlog.segmented.SegmentedRaftLogWorker$WriteLog.execute(SegmentedRaftLogWorker.java:477)
	at org.apache.ratis.server.raftlog.segmented.SegmentedRaftLogWorker.run(SegmentedRaftLogWorker.java:289)
	at java.lang.Thread.run(Thread.java:748)
Caused by: java.util.concurrent.TimeoutException
	at java.util.concurrent.CompletableFuture.timedGet(CompletableFuture.java:1771)
	at java.util.concurrent.CompletableFuture.get(CompletableFuture.java:1915)
	at org.apache.ratis.util.IOUtils.getFromFuture(IOUtils.java:79)
	... 4 more
2019-09-11 02:40:50,143 [c53771ff-a4da-40bc-be42-f397952cb81e@group-3F730D6994B2-SegmentedRaftLogWorker] WARN  segmented.SegmentedRaftLogWorker (SegmentedRaftLogWorker.java:getFromFuture(90)) - Timeout 3/~
org.apache.ratis.protocol.TimeoutIOException: Timeout 10s: WriteLog:16: (t:1, i:16), STATEMACHINELOGENTRY, client-1271BDC01022, cid=142-writeStateMachineData
	at org.apache.ratis.util.IOUtils.getFromFuture(IOUtils.java:87)
	at org.apache.ratis.server.raftlog.segmented.SegmentedRaftLogWorker$StateMachineDataPolicy.getFromFuture(SegmentedRaftLogWorker.java:87)
	at org.apache.ratis.server.raftlog.segmented.SegmentedRaftLogWorker$WriteLog.execute(SegmentedRaftLogWorker.java:477)
	at org.apache.ratis.server.raftlog.segmented.SegmentedRaftLogWorker.run(SegmentedRaftLogWorker.java:289)
	at java.lang.Thread.run(Thread.java:748)
Caused by: java.util.concurrent.TimeoutException
	at java.util.concurrent.CompletableFuture.timedGet(CompletableFuture.java:1771)
	at java.util.concurrent.CompletableFuture.get(CompletableFuture.java:1915)
	at org.apache.ratis.util.IOUtils.getFromFuture(IOUtils.java:79)
	... 4 more
2019-09-11 02:40:50,520 [grpc-default-executor-1] INFO  client.GrpcClientProtocolClient (GrpcClientProtocolClient.java:onNext(264)) - client-1271BDC01022->cccfaecc-560c-4f58-9140-53bb7696e889: receive RaftClientReply:client-1271BDC01022->cccfaecc-560c-4f58-9140-53bb7696e889@group-3F730D6994B2, cid=142, FAILED org.apache.ratis.protocol.NotLeaderException: Server cccfaecc-560c-4f58-9140-53bb7696e889@group-3F730D6994B2 is not the leader 28f29a4c-baf6-4c40-b523-744acc0a8c83:192.168.34.53:35385, logIndex=0, commits[cccfaecc-560c-4f58-9140-53bb7696e889:c15, c53771ff-a4da-40bc-be42-f397952cb81e:c14, 28f29a4c-baf6-4c40-b523-744acc0a8c83:c15]
2019-09-11 02:40:50,649 [java.util.concurrent.ThreadPoolExecutor$Worker@7b4e52e0[State = -1, empty queue]] WARN  server.GrpcLogAppender (GrpcLogAppender.java:timeoutAppendRequest(200)) - 28f29a4c-baf6-4c40-b523-744acc0a8c83@group-3F730D6994B2->c53771ff-a4da-40bc-be42-f397952cb81e-GrpcLogAppender: appendEntries Timeout, request=28f29a4c-baf6-4c40-b523-744acc0a8c83->c53771ff-a4da-40bc-be42-f397952cb81e#45-t1, previous=(t:1, i:21), leaderCommit=15, initializing? false, entries: <empty>
2019-09-11 02:40:50,649 [java.util.concurrent.ThreadPoolExecutor$Worker@1858f8f2[State = -1, empty queue]] WARN  server.GrpcLogAppender (GrpcLogAppender.java:timeoutAppendRequest(200)) - 28f29a4c-baf6-4c40-b523-744acc0a8c83@group-3F730D6994B2->cccfaecc-560c-4f58-9140-53bb7696e889-GrpcLogAppender: appendEntries Timeout, request=28f29a4c-baf6-4c40-b523-744acc0a8c83->cccfaecc-560c-4f58-9140-53bb7696e889#45-t1, previous=(t:1, i:21), leaderCommit=15, initializing? false, entries: <empty>
2019-09-11 02:40:52,694 [grpc-default-executor-7] INFO  impl.RaftServerProxy (RaftServerProxy.java:remove(95)) - cccfaecc-560c-4f58-9140-53bb7696e889: remove group-5FC83EB0E599:null
2019-09-11 02:40:52,698 [RatisPipelineUtilsThread] WARN  pipeline.RatisPipelineUtils (RatisPipelineUtils.java:destroyPipeline(66)) - Pipeline destroy failed for pipeline=PipelineID=e24272a4-7e17-41b5-94a9-5fc83eb0e599 dn=cccfaecc-560c-4f58-9140-53bb7696e889{ip: 192.168.34.53, host: pr-hdds-2107-sbngl-2106859965, networkLocation: /default-rack, certSerialId: null}
2019-09-11 02:40:52,701 [grpc-default-executor-7] INFO  impl.RaftServerProxy (RaftServerProxy.java:remove(95)) - 28f29a4c-baf6-4c40-b523-744acc0a8c83: remove group-5FC83EB0E599:null
2019-09-11 02:40:52,703 [RatisPipelineUtilsThread] WARN  pipeline.RatisPipelineUtils (RatisPipelineUtils.java:destroyPipeline(66)) - Pipeline destroy failed for pipeline=PipelineID=e24272a4-7e17-41b5-94a9-5fc83eb0e599 dn=28f29a4c-baf6-4c40-b523-744acc0a8c83{ip: 192.168.34.53, host: pr-hdds-2107-sbngl-2106859965, networkLocation: /default-rack, certSerialId: null}
2019-09-11 02:40:52,705 [grpc-default-executor-7] INFO  impl.RaftServerProxy (RaftServerProxy.java:remove(95)) - c53771ff-a4da-40bc-be42-f397952cb81e: remove group-5FC83EB0E599:null
2019-09-11 02:40:52,708 [RatisPipelineUtilsThread] WARN  pipeline.RatisPipelineUtils (RatisPipelineUtils.java:destroyPipeline(66)) - Pipeline destroy failed for pipeline=PipelineID=e24272a4-7e17-41b5-94a9-5fc83eb0e599 dn=c53771ff-a4da-40bc-be42-f397952cb81e{ip: 192.168.34.53, host: pr-hdds-2107-sbngl-2106859965, networkLocation: /default-rack, certSerialId: null}
2019-09-11 02:40:52,708 [RatisPipelineUtilsThread] ERROR pipeline.SCMPipelineManager (Scheduler.java:lambda$schedule$1(70)) - Destroy pipeline failed for pipeline:Pipeline[ Id: e24272a4-7e17-41b5-94a9-5fc83eb0e599, Nodes: cccfaecc-560c-4f58-9140-53bb7696e889{ip: 192.168.34.53, host: pr-hdds-2107-sbngl-2106859965, networkLocation: /default-rack, certSerialId: null}28f29a4c-baf6-4c40-b523-744acc0a8c83{ip: 192.168.34.53, host: pr-hdds-2107-sbngl-2106859965, networkLocation: /default-rack, certSerialId: null}c53771ff-a4da-40bc-be42-f397952cb81e{ip: 192.168.34.53, host: pr-hdds-2107-sbngl-2106859965, networkLocation: /default-rack, certSerialId: null}, Type:RATIS, Factor:THREE, State:CLOSED]
org.apache.hadoop.hdds.scm.pipeline.PipelineNotFoundException: PipelineID=e24272a4-7e17-41b5-94a9-5fc83eb0e599 not found
	at org.apache.hadoop.hdds.scm.pipeline.PipelineStateMap.getPipeline(PipelineStateMap.java:132)
	at org.apache.hadoop.hdds.scm.pipeline.PipelineStateMap.removePipeline(PipelineStateMap.java:322)
	at org.apache.hadoop.hdds.scm.pipeline.PipelineStateManager.removePipeline(PipelineStateManager.java:107)
	at org.apache.hadoop.hdds.scm.pipeline.SCMPipelineManager.removePipeline(SCMPipelineManager.java:423)
	at org.apache.hadoop.hdds.scm.pipeline.SCMPipelineManager.destroyPipeline(SCMPipelineManager.java:409)
	at org.apache.hadoop.hdds.scm.pipeline.SCMPipelineManager.lambda$finalizeAndDestroyPipeline$0(SCMPipelineManager.java:318)
	at org.apache.hadoop.utils.Scheduler.lambda$schedule$1(Scheduler.java:68)
	at java.util.concurrent.Executors$RunnableAdapter.call(Executors.java:511)
	at java.util.concurrent.FutureTask.run(FutureTask.java:266)
	at java.util.concurrent.ScheduledThreadPoolExecutor$ScheduledFutureTask.access$201(ScheduledThreadPoolExecutor.java:180)
	at java.util.concurrent.ScheduledThreadPoolExecutor$ScheduledFutureTask.run(ScheduledThreadPoolExecutor.java:293)
	at java.util.concurrent.ThreadPoolExecutor.runWorker(ThreadPoolExecutor.java:1149)
	at java.util.concurrent.ThreadPoolExecutor$Worker.run(ThreadPoolExecutor.java:624)
	at java.lang.Thread.run(Thread.java:748)
2019-09-11 02:40:53,150 [java.util.concurrent.ThreadPoolExecutor$Worker@7b4e52e0[State = -1, empty queue]] WARN  server.GrpcLogAppender (GrpcLogAppender.java:timeoutAppendRequest(200)) - 28f29a4c-baf6-4c40-b523-744acc0a8c83@group-3F730D6994B2->c53771ff-a4da-40bc-be42-f397952cb81e-GrpcLogAppender: appendEntries Timeout, request=28f29a4c-baf6-4c40-b523-744acc0a8c83->c53771ff-a4da-40bc-be42-f397952cb81e#46-t1, previous=(t:1, i:21), leaderCommit=15, initializing? false, entries: <empty>
2019-09-11 02:40:53,150 [java.util.concurrent.ThreadPoolExecutor$Worker@1858f8f2[State = -1, empty queue]] WARN  server.GrpcLogAppender (GrpcLogAppender.java:timeoutAppendRequest(200)) - 28f29a4c-baf6-4c40-b523-744acc0a8c83@group-3F730D6994B2->cccfaecc-560c-4f58-9140-53bb7696e889-GrpcLogAppender: appendEntries Timeout, request=28f29a4c-baf6-4c40-b523-744acc0a8c83->cccfaecc-560c-4f58-9140-53bb7696e889#46-t1, previous=(t:1, i:21), leaderCommit=15, initializing? false, entries: <empty>
2019-09-11 02:40:54,692 [grpc-default-executor-7] INFO  impl.RaftServerProxy (RaftServerProxy.java:remove(95)) - cccfaecc-560c-4f58-9140-53bb7696e889: remove group-5FC83EB0E599:null
2019-09-11 02:40:54,695 [RatisPipelineUtilsThread] WARN  pipeline.RatisPipelineUtils (RatisPipelineUtils.java:destroyPipeline(66)) - Pipeline destroy failed for pipeline=PipelineID=e24272a4-7e17-41b5-94a9-5fc83eb0e599 dn=cccfaecc-560c-4f58-9140-53bb7696e889{ip: 192.168.34.53, host: pr-hdds-2107-sbngl-2106859965, networkLocation: /default-rack, certSerialId: null}
2019-09-11 02:40:54,697 [grpc-default-executor-7] INFO  impl.RaftServerProxy (RaftServerProxy.java:remove(95)) - 28f29a4c-baf6-4c40-b523-744acc0a8c83: remove group-5FC83EB0E599:null
2019-09-11 02:40:54,699 [RatisPipelineUtilsThread] WARN  pipeline.RatisPipelineUtils (RatisPipelineUtils.java:destroyPipeline(66)) - Pipeline destroy failed for pipeline=PipelineID=e24272a4-7e17-41b5-94a9-5fc83eb0e599 dn=28f29a4c-baf6-4c40-b523-744acc0a8c83{ip: 192.168.34.53, host: pr-hdds-2107-sbngl-2106859965, networkLocation: /default-rack, certSerialId: null}
2019-09-11 02:40:54,701 [grpc-default-executor-7] INFO  impl.RaftServerProxy (RaftServerProxy.java:remove(95)) - c53771ff-a4da-40bc-be42-f397952cb81e: remove group-5FC83EB0E599:null
2019-09-11 02:40:54,703 [RatisPipelineUtilsThread] WARN  pipeline.RatisPipelineUtils (RatisPipelineUtils.java:destroyPipeline(66)) - Pipeline destroy failed for pipeline=PipelineID=e24272a4-7e17-41b5-94a9-5fc83eb0e599 dn=c53771ff-a4da-40bc-be42-f397952cb81e{ip: 192.168.34.53, host: pr-hdds-2107-sbngl-2106859965, networkLocation: /default-rack, certSerialId: null}
2019-09-11 02:40:54,704 [RatisPipelineUtilsThread] ERROR pipeline.SCMPipelineManager (Scheduler.java:lambda$schedule$1(70)) - Destroy pipeline failed for pipeline:Pipeline[ Id: e24272a4-7e17-41b5-94a9-5fc83eb0e599, Nodes: cccfaecc-560c-4f58-9140-53bb7696e889{ip: 192.168.34.53, host: pr-hdds-2107-sbngl-2106859965, networkLocation: /default-rack, certSerialId: null}28f29a4c-baf6-4c40-b523-744acc0a8c83{ip: 192.168.34.53, host: pr-hdds-2107-sbngl-2106859965, networkLocation: /default-rack, certSerialId: null}c53771ff-a4da-40bc-be42-f397952cb81e{ip: 192.168.34.53, host: pr-hdds-2107-sbngl-2106859965, networkLocation: /default-rack, certSerialId: null}, Type:RATIS, Factor:THREE, State:CLOSED]
org.apache.hadoop.hdds.scm.pipeline.PipelineNotFoundException: PipelineID=e24272a4-7e17-41b5-94a9-5fc83eb0e599 not found
	at org.apache.hadoop.hdds.scm.pipeline.PipelineStateMap.getPipeline(PipelineStateMap.java:132)
	at org.apache.hadoop.hdds.scm.pipeline.PipelineStateMap.removePipeline(PipelineStateMap.java:322)
	at org.apache.hadoop.hdds.scm.pipeline.PipelineStateManager.removePipeline(PipelineStateManager.java:107)
	at org.apache.hadoop.hdds.scm.pipeline.SCMPipelineManager.removePipeline(SCMPipelineManager.java:423)
	at org.apache.hadoop.hdds.scm.pipeline.SCMPipelineManager.destroyPipeline(SCMPipelineManager.java:409)
	at org.apache.hadoop.hdds.scm.pipeline.SCMPipelineManager.lambda$finalizeAndDestroyPipeline$0(SCMPipelineManager.java:318)
	at org.apache.hadoop.utils.Scheduler.lambda$schedule$1(Scheduler.java:68)
	at java.util.concurrent.Executors$RunnableAdapter.call(Executors.java:511)
	at java.util.concurrent.FutureTask.run(FutureTask.java:266)
	at java.util.concurrent.ScheduledThreadPoolExecutor$ScheduledFutureTask.access$201(ScheduledThreadPoolExecutor.java:180)
	at java.util.concurrent.ScheduledThreadPoolExecutor$ScheduledFutureTask.run(ScheduledThreadPoolExecutor.java:293)
	at java.util.concurrent.ThreadPoolExecutor.runWorker(ThreadPoolExecutor.java:1149)
	at java.util.concurrent.ThreadPoolExecutor$Worker.run(ThreadPoolExecutor.java:624)
	at java.lang.Thread.run(Thread.java:748)
2019-09-11 02:40:55,577 [grpc-default-executor-7] INFO  client.GrpcClientProtocolClient (GrpcClientProtocolClient.java:onNext(264)) - client-1271BDC01022->c53771ff-a4da-40bc-be42-f397952cb81e: receive RaftClientReply:client-1271BDC01022->c53771ff-a4da-40bc-be42-f397952cb81e@group-3F730D6994B2, cid=142, FAILED org.apache.ratis.protocol.NotLeaderException: Server c53771ff-a4da-40bc-be42-f397952cb81e@group-3F730D6994B2 is not the leader 28f29a4c-baf6-4c40-b523-744acc0a8c83:192.168.34.53:35385, logIndex=0, commits[c53771ff-a4da-40bc-be42-f397952cb81e:c15, cccfaecc-560c-4f58-9140-53bb7696e889:c14, 28f29a4c-baf6-4c40-b523-744acc0a8c83:c15]
2019-09-11 02:40:55,650 [java.util.concurrent.ThreadPoolExecutor$Worker@7b4e52e0[State = -1, empty queue]] WARN  server.GrpcLogAppender (GrpcLogAppender.java:timeoutAppendRequest(200)) - 28f29a4c-baf6-4c40-b523-744acc0a8c83@group-3F730D6994B2->c53771ff-a4da-40bc-be42-f397952cb81e-GrpcLogAppender: appendEntries Timeout, request=28f29a4c-baf6-4c40-b523-744acc0a8c83->c53771ff-a4da-40bc-be42-f397952cb81e#47-t1, previous=(t:1, i:21), leaderCommit=15, initializing? false, entries: <empty>
2019-09-11 02:40:55,650 [java.util.concurrent.ThreadPoolExecutor$Worker@1858f8f2[State = -1, empty queue]] WARN  server.GrpcLogAppender (GrpcLogAppender.java:timeoutAppendRequest(200)) - 28f29a4c-baf6-4c40-b523-744acc0a8c83@group-3F730D6994B2->cccfaecc-560c-4f58-9140-53bb7696e889-GrpcLogAppender: appendEntries Timeout, request=28f29a4c-baf6-4c40-b523-744acc0a8c83->cccfaecc-560c-4f58-9140-53bb7696e889#47-t1, previous=(t:1, i:21), leaderCommit=15, initializing? false, entries: <empty>
2019-09-11 02:40:57,693 [grpc-default-executor-7] INFO  impl.RaftServerProxy (RaftServerProxy.java:remove(95)) - cccfaecc-560c-4f58-9140-53bb7696e889: remove group-5FC83EB0E599:null
2019-09-11 02:40:57,699 [RatisPipelineUtilsThread] WARN  pipeline.RatisPipelineUtils (RatisPipelineUtils.java:destroyPipeline(66)) - Pipeline destroy failed for pipeline=PipelineID=e24272a4-7e17-41b5-94a9-5fc83eb0e599 dn=cccfaecc-560c-4f58-9140-53bb7696e889{ip: 192.168.34.53, host: pr-hdds-2107-sbngl-2106859965, networkLocation: /default-rack, certSerialId: null}
2019-09-11 02:40:57,703 [grpc-default-executor-7] INFO  impl.RaftServerProxy (RaftServerProxy.java:remove(95)) - 28f29a4c-baf6-4c40-b523-744acc0a8c83: remove group-5FC83EB0E599:null
2019-09-11 02:40:57,705 [RatisPipelineUtilsThread] WARN  pipeline.RatisPipelineUtils (RatisPipelineUtils.java:destroyPipeline(66)) - Pipeline destroy failed for pipeline=PipelineID=e24272a4-7e17-41b5-94a9-5fc83eb0e599 dn=28f29a4c-baf6-4c40-b523-744acc0a8c83{ip: 192.168.34.53, host: pr-hdds-2107-sbngl-2106859965, networkLocation: /default-rack, certSerialId: null}
2019-09-11 02:40:57,708 [grpc-default-executor-7] INFO  impl.RaftServerProxy (RaftServerProxy.java:remove(95)) - c53771ff-a4da-40bc-be42-f397952cb81e: remove group-5FC83EB0E599:null
2019-09-11 02:40:57,710 [RatisPipelineUtilsThread] WARN  pipeline.RatisPipelineUtils (RatisPipelineUtils.java:destroyPipeline(66)) - Pipeline destroy failed for pipeline=PipelineID=e24272a4-7e17-41b5-94a9-5fc83eb0e599 dn=c53771ff-a4da-40bc-be42-f397952cb81e{ip: 192.168.34.53, host: pr-hdds-2107-sbngl-2106859965, networkLocation: /default-rack, certSerialId: null}
2019-09-11 02:40:57,710 [RatisPipelineUtilsThread] ERROR pipeline.SCMPipelineManager (Scheduler.java:lambda$schedule$1(70)) - Destroy pipeline failed for pipeline:Pipeline[ Id: e24272a4-7e17-41b5-94a9-5fc83eb0e599, Nodes: cccfaecc-560c-4f58-9140-53bb7696e889{ip: 192.168.34.53, host: pr-hdds-2107-sbngl-2106859965, networkLocation: /default-rack, certSerialId: null}28f29a4c-baf6-4c40-b523-744acc0a8c83{ip: 192.168.34.53, host: pr-hdds-2107-sbngl-2106859965, networkLocation: /default-rack, certSerialId: null}c53771ff-a4da-40bc-be42-f397952cb81e{ip: 192.168.34.53, host: pr-hdds-2107-sbngl-2106859965, networkLocation: /default-rack, certSerialId: null}, Type:RATIS, Factor:THREE, State:CLOSED]
org.apache.hadoop.hdds.scm.pipeline.PipelineNotFoundException: PipelineID=e24272a4-7e17-41b5-94a9-5fc83eb0e599 not found
	at org.apache.hadoop.hdds.scm.pipeline.PipelineStateMap.getPipeline(PipelineStateMap.java:132)
	at org.apache.hadoop.hdds.scm.pipeline.PipelineStateMap.removePipeline(PipelineStateMap.java:322)
	at org.apache.hadoop.hdds.scm.pipeline.PipelineStateManager.removePipeline(PipelineStateManager.java:107)
	at org.apache.hadoop.hdds.scm.pipeline.SCMPipelineManager.removePipeline(SCMPipelineManager.java:423)
	at org.apache.hadoop.hdds.scm.pipeline.SCMPipelineManager.destroyPipeline(SCMPipelineManager.java:409)
	at org.apache.hadoop.hdds.scm.pipeline.SCMPipelineManager.lambda$finalizeAndDestroyPipeline$0(SCMPipelineManager.java:318)
	at org.apache.hadoop.utils.Scheduler.lambda$schedule$1(Scheduler.java:68)
	at java.util.concurrent.Executors$RunnableAdapter.call(Executors.java:511)
	at java.util.concurrent.FutureTask.run(FutureTask.java:266)
	at java.util.concurrent.ScheduledThreadPoolExecutor$ScheduledFutureTask.access$201(ScheduledThreadPoolExecutor.java:180)
	at java.util.concurrent.ScheduledThreadPoolExecutor$ScheduledFutureTask.run(ScheduledThreadPoolExecutor.java:293)
	at java.util.concurrent.ThreadPoolExecutor.runWorker(ThreadPoolExecutor.java:1149)
	at java.util.concurrent.ThreadPoolExecutor$Worker.run(ThreadPoolExecutor.java:624)
	at java.lang.Thread.run(Thread.java:748)
2019-09-11 02:40:58,151 [java.util.concurrent.ThreadPoolExecutor$Worker@7b4e52e0[State = -1, empty queue]] WARN  server.GrpcLogAppender (GrpcLogAppender.java:timeoutAppendRequest(200)) - 28f29a4c-baf6-4c40-b523-744acc0a8c83@group-3F730D6994B2->c53771ff-a4da-40bc-be42-f397952cb81e-GrpcLogAppender: appendEntries Timeout, request=28f29a4c-baf6-4c40-b523-744acc0a8c83->c53771ff-a4da-40bc-be42-f397952cb81e#48-t1, previous=(t:1, i:21), leaderCommit=15, initializing? false, entries: <empty>
2019-09-11 02:40:58,151 [java.util.concurrent.ThreadPoolExecutor$Worker@1858f8f2[State = -1, empty queue]] WARN  server.GrpcLogAppender (GrpcLogAppender.java:timeoutAppendRequest(200)) - 28f29a4c-baf6-4c40-b523-744acc0a8c83@group-3F730D6994B2->cccfaecc-560c-4f58-9140-53bb7696e889-GrpcLogAppender: appendEntries Timeout, request=28f29a4c-baf6-4c40-b523-744acc0a8c83->cccfaecc-560c-4f58-9140-53bb7696e889#48-t1, previous=(t:1, i:21), leaderCommit=15, initializing? false, entries: <empty>
2019-09-11 02:40:59,689 [grpc-default-executor-7] INFO  impl.RaftServerProxy (RaftServerProxy.java:remove(95)) - cccfaecc-560c-4f58-9140-53bb7696e889: remove group-5FC83EB0E599:null
2019-09-11 02:40:59,692 [RatisPipelineUtilsThread] WARN  pipeline.RatisPipelineUtils (RatisPipelineUtils.java:destroyPipeline(66)) - Pipeline destroy failed for pipeline=PipelineID=e24272a4-7e17-41b5-94a9-5fc83eb0e599 dn=cccfaecc-560c-4f58-9140-53bb7696e889{ip: 192.168.34.53, host: pr-hdds-2107-sbngl-2106859965, networkLocation: /default-rack, certSerialId: null}
2019-09-11 02:40:59,695 [grpc-default-executor-7] INFO  impl.RaftServerProxy (RaftServerProxy.java:remove(95)) - 28f29a4c-baf6-4c40-b523-744acc0a8c83: remove group-5FC83EB0E599:null
2019-09-11 02:40:59,697 [RatisPipelineUtilsThread] WARN  pipeline.RatisPipelineUtils (RatisPipelineUtils.java:destroyPipeline(66)) - Pipeline destroy failed for pipeline=PipelineID=e24272a4-7e17-41b5-94a9-5fc83eb0e599 dn=28f29a4c-baf6-4c40-b523-744acc0a8c83{ip: 192.168.34.53, host: pr-hdds-2107-sbngl-2106859965, networkLocation: /default-rack, certSerialId: null}
2019-09-11 02:40:59,700 [grpc-default-executor-7] INFO  impl.RaftServerProxy (RaftServerProxy.java:remove(95)) - c53771ff-a4da-40bc-be42-f397952cb81e: remove group-5FC83EB0E599:null
2019-09-11 02:40:59,702 [RatisPipelineUtilsThread] WARN  pipeline.RatisPipelineUtils (RatisPipelineUtils.java:destroyPipeline(66)) - Pipeline destroy failed for pipeline=PipelineID=e24272a4-7e17-41b5-94a9-5fc83eb0e599 dn=c53771ff-a4da-40bc-be42-f397952cb81e{ip: 192.168.34.53, host: pr-hdds-2107-sbngl-2106859965, networkLocation: /default-rack, certSerialId: null}
2019-09-11 02:40:59,702 [RatisPipelineUtilsThread] ERROR pipeline.SCMPipelineManager (Scheduler.java:lambda$schedule$1(70)) - Destroy pipeline failed for pipeline:Pipeline[ Id: e24272a4-7e17-41b5-94a9-5fc83eb0e599, Nodes: cccfaecc-560c-4f58-9140-53bb7696e889{ip: 192.168.34.53, host: pr-hdds-2107-sbngl-2106859965, networkLocation: /default-rack, certSerialId: null}28f29a4c-baf6-4c40-b523-744acc0a8c83{ip: 192.168.34.53, host: pr-hdds-2107-sbngl-2106859965, networkLocation: /default-rack, certSerialId: null}c53771ff-a4da-40bc-be42-f397952cb81e{ip: 192.168.34.53, host: pr-hdds-2107-sbngl-2106859965, networkLocation: /default-rack, certSerialId: null}, Type:RATIS, Factor:THREE, State:CLOSED]
org.apache.hadoop.hdds.scm.pipeline.PipelineNotFoundException: PipelineID=e24272a4-7e17-41b5-94a9-5fc83eb0e599 not found
	at org.apache.hadoop.hdds.scm.pipeline.PipelineStateMap.getPipeline(PipelineStateMap.java:132)
	at org.apache.hadoop.hdds.scm.pipeline.PipelineStateMap.removePipeline(PipelineStateMap.java:322)
	at org.apache.hadoop.hdds.scm.pipeline.PipelineStateManager.removePipeline(PipelineStateManager.java:107)
	at org.apache.hadoop.hdds.scm.pipeline.SCMPipelineManager.removePipeline(SCMPipelineManager.java:423)
	at org.apache.hadoop.hdds.scm.pipeline.SCMPipelineManager.destroyPipeline(SCMPipelineManager.java:409)
	at org.apache.hadoop.hdds.scm.pipeline.SCMPipelineManager.lambda$finalizeAndDestroyPipeline$0(SCMPipelineManager.java:318)
	at org.apache.hadoop.utils.Scheduler.lambda$schedule$1(Scheduler.java:68)
	at java.util.concurrent.Executors$RunnableAdapter.call(Executors.java:511)
	at java.util.concurrent.FutureTask.run(FutureTask.java:266)
	at java.util.concurrent.ScheduledThreadPoolExecutor$ScheduledFutureTask.access$201(ScheduledThreadPoolExecutor.java:180)
	at java.util.concurrent.ScheduledThreadPoolExecutor$ScheduledFutureTask.run(ScheduledThreadPoolExecutor.java:293)
	at java.util.concurrent.ThreadPoolExecutor.runWorker(ThreadPoolExecutor.java:1149)
	at java.util.concurrent.ThreadPoolExecutor$Worker.run(ThreadPoolExecutor.java:624)
	at java.lang.Thread.run(Thread.java:748)
2019-09-11 02:41:00,144 [28f29a4c-baf6-4c40-b523-744acc0a8c83@group-3F730D6994B2-SegmentedRaftLogWorker] WARN  segmented.SegmentedRaftLogWorker (SegmentedRaftLogWorker.java:getFromFuture(90)) - Timeout 4/~
org.apache.ratis.protocol.TimeoutIOException: Timeout 10s: WriteLog:16: (t:1, i:16), STATEMACHINELOGENTRY, client-1271BDC01022, cid=142-writeStateMachineData
	at org.apache.ratis.util.IOUtils.getFromFuture(IOUtils.java:87)
	at org.apache.ratis.server.raftlog.segmented.SegmentedRaftLogWorker$StateMachineDataPolicy.getFromFuture(SegmentedRaftLogWorker.java:87)
	at org.apache.ratis.server.raftlog.segmented.SegmentedRaftLogWorker$WriteLog.execute(SegmentedRaftLogWorker.java:477)
	at org.apache.ratis.server.raftlog.segmented.SegmentedRaftLogWorker.run(SegmentedRaftLogWorker.java:289)
	at java.lang.Thread.run(Thread.java:748)
Caused by: java.util.concurrent.TimeoutException
	at java.util.concurrent.CompletableFuture.timedGet(CompletableFuture.java:1771)
	at java.util.concurrent.CompletableFuture.get(CompletableFuture.java:1915)
	at org.apache.ratis.util.IOUtils.getFromFuture(IOUtils.java:79)
	... 4 more
2019-09-11 02:41:00,145 [cccfaecc-560c-4f58-9140-53bb7696e889@group-3F730D6994B2-SegmentedRaftLogWorker] WARN  segmented.SegmentedRaftLogWorker (SegmentedRaftLogWorker.java:getFromFuture(90)) - Timeout 4/~
org.apache.ratis.protocol.TimeoutIOException: Timeout 10s: WriteLog:16: (t:1, i:16), STATEMACHINELOGENTRY, client-1271BDC01022, cid=142-writeStateMachineData
	at org.apache.ratis.util.IOUtils.getFromFuture(IOUtils.java:87)
	at org.apache.ratis.server.raftlog.segmented.SegmentedRaftLogWorker$StateMachineDataPolicy.getFromFuture(SegmentedRaftLogWorker.java:87)
	at org.apache.ratis.server.raftlog.segmented.SegmentedRaftLogWorker$WriteLog.execute(SegmentedRaftLogWorker.java:477)
	at org.apache.ratis.server.raftlog.segmented.SegmentedRaftLogWorker.run(SegmentedRaftLogWorker.java:289)
	at java.lang.Thread.run(Thread.java:748)
Caused by: java.util.concurrent.TimeoutException
	at java.util.concurrent.CompletableFuture.timedGet(CompletableFuture.java:1771)
	at java.util.concurrent.CompletableFuture.get(CompletableFuture.java:1915)
	at org.apache.ratis.util.IOUtils.getFromFuture(IOUtils.java:79)
	... 4 more
2019-09-11 02:41:00,145 [c53771ff-a4da-40bc-be42-f397952cb81e@group-3F730D6994B2-SegmentedRaftLogWorker] WARN  segmented.SegmentedRaftLogWorker (SegmentedRaftLogWorker.java:getFromFuture(90)) - Timeout 4/~
org.apache.ratis.protocol.TimeoutIOException: Timeout 10s: WriteLog:16: (t:1, i:16), STATEMACHINELOGENTRY, client-1271BDC01022, cid=142-writeStateMachineData
	at org.apache.ratis.util.IOUtils.getFromFuture(IOUtils.java:87)
	at org.apache.ratis.server.raftlog.segmented.SegmentedRaftLogWorker$StateMachineDataPolicy.getFromFuture(SegmentedRaftLogWorker.java:87)
	at org.apache.ratis.server.raftlog.segmented.SegmentedRaftLogWorker$WriteLog.execute(SegmentedRaftLogWorker.java:477)
	at org.apache.ratis.server.raftlog.segmented.SegmentedRaftLogWorker.run(SegmentedRaftLogWorker.java:289)
	at java.lang.Thread.run(Thread.java:748)
Caused by: java.util.concurrent.TimeoutException
	at java.util.concurrent.CompletableFuture.timedGet(CompletableFuture.java:1771)
	at java.util.concurrent.CompletableFuture.get(CompletableFuture.java:1915)
	at org.apache.ratis.util.IOUtils.getFromFuture(IOUtils.java:79)
	... 4 more
2019-09-11 02:41:00,628 [grpc-default-executor-7] INFO  client.GrpcClientProtocolClient (GrpcClientProtocolClient.java:onNext(264)) - client-1271BDC01022->cccfaecc-560c-4f58-9140-53bb7696e889: receive RaftClientReply:client-1271BDC01022->cccfaecc-560c-4f58-9140-53bb7696e889@group-3F730D6994B2, cid=142, FAILED org.apache.ratis.protocol.NotLeaderException: Server cccfaecc-560c-4f58-9140-53bb7696e889@group-3F730D6994B2 is not the leader 28f29a4c-baf6-4c40-b523-744acc0a8c83:192.168.34.53:35385, logIndex=0, commits[cccfaecc-560c-4f58-9140-53bb7696e889:c15, c53771ff-a4da-40bc-be42-f397952cb81e:c14, 28f29a4c-baf6-4c40-b523-744acc0a8c83:c15]
2019-09-11 02:41:00,651 [java.util.concurrent.ThreadPoolExecutor$Worker@7b4e52e0[State = -1, empty queue]] WARN  server.GrpcLogAppender (GrpcLogAppender.java:timeoutAppendRequest(200)) - 28f29a4c-baf6-4c40-b523-744acc0a8c83@group-3F730D6994B2->c53771ff-a4da-40bc-be42-f397952cb81e-GrpcLogAppender: appendEntries Timeout, request=28f29a4c-baf6-4c40-b523-744acc0a8c83->c53771ff-a4da-40bc-be42-f397952cb81e#49-t1, previous=(t:1, i:21), leaderCommit=15, initializing? false, entries: <empty>
2019-09-11 02:41:00,651 [java.util.concurrent.ThreadPoolExecutor$Worker@1858f8f2[State = -1, empty queue]] WARN  server.GrpcLogAppender (GrpcLogAppender.java:timeoutAppendRequest(200)) - 28f29a4c-baf6-4c40-b523-744acc0a8c83@group-3F730D6994B2->cccfaecc-560c-4f58-9140-53bb7696e889-GrpcLogAppender: appendEntries Timeout, request=28f29a4c-baf6-4c40-b523-744acc0a8c83->cccfaecc-560c-4f58-9140-53bb7696e889#49-t1, previous=(t:1, i:21), leaderCommit=15, initializing? false, entries: <empty>
2019-09-11 02:41:00,652 [grpc-default-worker-ELG-3-3] WARN  nio.NioEventLoop (NioEventLoop.java:select(786)) - Selector.select() returned prematurely {} times in a row; rebuilding Selector {}.
2019-09-11 02:41:00,653 [grpc-default-worker-ELG-3-3] INFO  nio.NioEventLoop (NioEventLoop.java:rebuildSelector0(396)) - Migrated 9 channel(s) to the new Selector.
2019-09-11 02:41:02,692 [grpc-default-executor-1] INFO  impl.RaftServerProxy (RaftServerProxy.java:remove(95)) - cccfaecc-560c-4f58-9140-53bb7696e889: remove group-5FC83EB0E599:null
2019-09-11 02:41:02,697 [RatisPipelineUtilsThread] WARN  pipeline.RatisPipelineUtils (RatisPipelineUtils.java:destroyPipeline(66)) - Pipeline destroy failed for pipeline=PipelineID=e24272a4-7e17-41b5-94a9-5fc83eb0e599 dn=cccfaecc-560c-4f58-9140-53bb7696e889{ip: 192.168.34.53, host: pr-hdds-2107-sbngl-2106859965, networkLocation: /default-rack, certSerialId: null}
2019-09-11 02:41:02,699 [grpc-default-executor-1] INFO  impl.RaftServerProxy (RaftServerProxy.java:remove(95)) - 28f29a4c-baf6-4c40-b523-744acc0a8c83: remove group-5FC83EB0E599:null
2019-09-11 02:41:02,701 [RatisPipelineUtilsThread] WARN  pipeline.RatisPipelineUtils (RatisPipelineUtils.java:destroyPipeline(66)) - Pipeline destroy failed for pipeline=PipelineID=e24272a4-7e17-41b5-94a9-5fc83eb0e599 dn=28f29a4c-baf6-4c40-b523-744acc0a8c83{ip: 192.168.34.53, host: pr-hdds-2107-sbngl-2106859965, networkLocation: /default-rack, certSerialId: null}
2019-09-11 02:41:02,703 [grpc-default-executor-1] INFO  impl.RaftServerProxy (RaftServerProxy.java:remove(95)) - c53771ff-a4da-40bc-be42-f397952cb81e: remove group-5FC83EB0E599:null
2019-09-11 02:41:02,705 [RatisPipelineUtilsThread] WARN  pipeline.RatisPipelineUtils (RatisPipelineUtils.java:destroyPipeline(66)) - Pipeline destroy failed for pipeline=PipelineID=e24272a4-7e17-41b5-94a9-5fc83eb0e599 dn=c53771ff-a4da-40bc-be42-f397952cb81e{ip: 192.168.34.53, host: pr-hdds-2107-sbngl-2106859965, networkLocation: /default-rack, certSerialId: null}
2019-09-11 02:41:02,705 [RatisPipelineUtilsThread] ERROR pipeline.SCMPipelineManager (Scheduler.java:lambda$schedule$1(70)) - Destroy pipeline failed for pipeline:Pipeline[ Id: e24272a4-7e17-41b5-94a9-5fc83eb0e599, Nodes: cccfaecc-560c-4f58-9140-53bb7696e889{ip: 192.168.34.53, host: pr-hdds-2107-sbngl-2106859965, networkLocation: /default-rack, certSerialId: null}28f29a4c-baf6-4c40-b523-744acc0a8c83{ip: 192.168.34.53, host: pr-hdds-2107-sbngl-2106859965, networkLocation: /default-rack, certSerialId: null}c53771ff-a4da-40bc-be42-f397952cb81e{ip: 192.168.34.53, host: pr-hdds-2107-sbngl-2106859965, networkLocation: /default-rack, certSerialId: null}, Type:RATIS, Factor:THREE, State:CLOSED]
org.apache.hadoop.hdds.scm.pipeline.PipelineNotFoundException: PipelineID=e24272a4-7e17-41b5-94a9-5fc83eb0e599 not found
	at org.apache.hadoop.hdds.scm.pipeline.PipelineStateMap.getPipeline(PipelineStateMap.java:132)
	at org.apache.hadoop.hdds.scm.pipeline.PipelineStateMap.removePipeline(PipelineStateMap.java:322)
	at org.apache.hadoop.hdds.scm.pipeline.PipelineStateManager.removePipeline(PipelineStateManager.java:107)
	at org.apache.hadoop.hdds.scm.pipeline.SCMPipelineManager.removePipeline(SCMPipelineManager.java:423)
	at org.apache.hadoop.hdds.scm.pipeline.SCMPipelineManager.destroyPipeline(SCMPipelineManager.java:409)
	at org.apache.hadoop.hdds.scm.pipeline.SCMPipelineManager.lambda$finalizeAndDestroyPipeline$0(SCMPipelineManager.java:318)
	at org.apache.hadoop.utils.Scheduler.lambda$schedule$1(Scheduler.java:68)
	at java.util.concurrent.Executors$RunnableAdapter.call(Executors.java:511)
	at java.util.concurrent.FutureTask.run(FutureTask.java:266)
	at java.util.concurrent.ScheduledThreadPoolExecutor$ScheduledFutureTask.access$201(ScheduledThreadPoolExecutor.java:180)
	at java.util.concurrent.ScheduledThreadPoolExecutor$ScheduledFutureTask.run(ScheduledThreadPoolExecutor.java:293)
	at java.util.concurrent.ThreadPoolExecutor.runWorker(ThreadPoolExecutor.java:1149)
	at java.util.concurrent.ThreadPoolExecutor$Worker.run(ThreadPoolExecutor.java:624)
	at java.lang.Thread.run(Thread.java:748)
2019-09-11 02:41:03,151 [java.util.concurrent.ThreadPoolExecutor$Worker@7b4e52e0[State = -1, empty queue]] WARN  server.GrpcLogAppender (GrpcLogAppender.java:timeoutAppendRequest(200)) - 28f29a4c-baf6-4c40-b523-744acc0a8c83@group-3F730D6994B2->c53771ff-a4da-40bc-be42-f397952cb81e-GrpcLogAppender: appendEntries Timeout, request=28f29a4c-baf6-4c40-b523-744acc0a8c83->c53771ff-a4da-40bc-be42-f397952cb81e#50-t1, previous=(t:1, i:21), leaderCommit=15, initializing? false, entries: <empty>
2019-09-11 02:41:03,151 [java.util.concurrent.ThreadPoolExecutor$Worker@1858f8f2[State = -1, empty queue]] WARN  server.GrpcLogAppender (GrpcLogAppender.java:timeoutAppendRequest(200)) - 28f29a4c-baf6-4c40-b523-744acc0a8c83@group-3F730D6994B2->cccfaecc-560c-4f58-9140-53bb7696e889-GrpcLogAppender: appendEntries Timeout, request=28f29a4c-baf6-4c40-b523-744acc0a8c83->cccfaecc-560c-4f58-9140-53bb7696e889#50-t1, previous=(t:1, i:21), leaderCommit=15, initializing? false, entries: <empty>
2019-09-11 02:41:04,688 [grpc-default-executor-1] INFO  impl.RaftServerProxy (RaftServerProxy.java:remove(95)) - cccfaecc-560c-4f58-9140-53bb7696e889: remove group-5FC83EB0E599:null
2019-09-11 02:41:04,690 [RatisPipelineUtilsThread] WARN  pipeline.RatisPipelineUtils (RatisPipelineUtils.java:destroyPipeline(66)) - Pipeline destroy failed for pipeline=PipelineID=e24272a4-7e17-41b5-94a9-5fc83eb0e599 dn=cccfaecc-560c-4f58-9140-53bb7696e889{ip: 192.168.34.53, host: pr-hdds-2107-sbngl-2106859965, networkLocation: /default-rack, certSerialId: null}
2019-09-11 02:41:04,692 [grpc-default-executor-1] INFO  impl.RaftServerProxy (RaftServerProxy.java:remove(95)) - 28f29a4c-baf6-4c40-b523-744acc0a8c83: remove group-5FC83EB0E599:null
2019-09-11 02:41:04,694 [RatisPipelineUtilsThread] WARN  pipeline.RatisPipelineUtils (RatisPipelineUtils.java:destroyPipeline(66)) - Pipeline destroy failed for pipeline=PipelineID=e24272a4-7e17-41b5-94a9-5fc83eb0e599 dn=28f29a4c-baf6-4c40-b523-744acc0a8c83{ip: 192.168.34.53, host: pr-hdds-2107-sbngl-2106859965, networkLocation: /default-rack, certSerialId: null}
2019-09-11 02:41:04,695 [grpc-default-executor-1] INFO  impl.RaftServerProxy (RaftServerProxy.java:remove(95)) - c53771ff-a4da-40bc-be42-f397952cb81e: remove group-5FC83EB0E599:null
2019-09-11 02:41:04,697 [RatisPipelineUtilsThread] WARN  pipeline.RatisPipelineUtils (RatisPipelineUtils.java:destroyPipeline(66)) - Pipeline destroy failed for pipeline=PipelineID=e24272a4-7e17-41b5-94a9-5fc83eb0e599 dn=c53771ff-a4da-40bc-be42-f397952cb81e{ip: 192.168.34.53, host: pr-hdds-2107-sbngl-2106859965, networkLocation: /default-rack, certSerialId: null}
2019-09-11 02:41:04,697 [RatisPipelineUtilsThread] ERROR pipeline.SCMPipelineManager (Scheduler.java:lambda$schedule$1(70)) - Destroy pipeline failed for pipeline:Pipeline[ Id: e24272a4-7e17-41b5-94a9-5fc83eb0e599, Nodes: cccfaecc-560c-4f58-9140-53bb7696e889{ip: 192.168.34.53, host: pr-hdds-2107-sbngl-2106859965, networkLocation: /default-rack, certSerialId: null}28f29a4c-baf6-4c40-b523-744acc0a8c83{ip: 192.168.34.53, host: pr-hdds-2107-sbngl-2106859965, networkLocation: /default-rack, certSerialId: null}c53771ff-a4da-40bc-be42-f397952cb81e{ip: 192.168.34.53, host: pr-hdds-2107-sbngl-2106859965, networkLocation: /default-rack, certSerialId: null}, Type:RATIS, Factor:THREE, State:CLOSED]
org.apache.hadoop.hdds.scm.pipeline.PipelineNotFoundException: PipelineID=e24272a4-7e17-41b5-94a9-5fc83eb0e599 not found
	at org.apache.hadoop.hdds.scm.pipeline.PipelineStateMap.getPipeline(PipelineStateMap.java:132)
	at org.apache.hadoop.hdds.scm.pipeline.PipelineStateMap.removePipeline(PipelineStateMap.java:322)
	at org.apache.hadoop.hdds.scm.pipeline.PipelineStateManager.removePipeline(PipelineStateManager.java:107)
	at org.apache.hadoop.hdds.scm.pipeline.SCMPipelineManager.removePipeline(SCMPipelineManager.java:423)
	at org.apache.hadoop.hdds.scm.pipeline.SCMPipelineManager.destroyPipeline(SCMPipelineManager.java:409)
	at org.apache.hadoop.hdds.scm.pipeline.SCMPipelineManager.lambda$finalizeAndDestroyPipeline$0(SCMPipelineManager.java:318)
	at org.apache.hadoop.utils.Scheduler.lambda$schedule$1(Scheduler.java:68)
	at java.util.concurrent.Executors$RunnableAdapter.call(Executors.java:511)
	at java.util.concurrent.FutureTask.run(FutureTask.java:266)
	at java.util.concurrent.ScheduledThreadPoolExecutor$ScheduledFutureTask.access$201(ScheduledThreadPoolExecutor.java:180)
	at java.util.concurrent.ScheduledThreadPoolExecutor$ScheduledFutureTask.run(ScheduledThreadPoolExecutor.java:293)
	at java.util.concurrent.ThreadPoolExecutor.runWorker(ThreadPoolExecutor.java:1149)
	at java.util.concurrent.ThreadPoolExecutor$Worker.run(ThreadPoolExecutor.java:624)
	at java.lang.Thread.run(Thread.java:748)
2019-09-11 02:41:05,652 [java.util.concurrent.ThreadPoolExecutor$Worker@7b4e52e0[State = -1, empty queue]] WARN  server.GrpcLogAppender (GrpcLogAppender.java:timeoutAppendRequest(200)) - 28f29a4c-baf6-4c40-b523-744acc0a8c83@group-3F730D6994B2->c53771ff-a4da-40bc-be42-f397952cb81e-GrpcLogAppender: appendEntries Timeout, request=28f29a4c-baf6-4c40-b523-744acc0a8c83->c53771ff-a4da-40bc-be42-f397952cb81e#51-t1, previous=(t:1, i:21), leaderCommit=15, initializing? false, entries: <empty>
2019-09-11 02:41:05,652 [java.util.concurrent.ThreadPoolExecutor$Worker@1858f8f2[State = -1, empty queue]] WARN  server.GrpcLogAppender (GrpcLogAppender.java:timeoutAppendRequest(200)) - 28f29a4c-baf6-4c40-b523-744acc0a8c83@group-3F730D6994B2->cccfaecc-560c-4f58-9140-53bb7696e889-GrpcLogAppender: appendEntries Timeout, request=28f29a4c-baf6-4c40-b523-744acc0a8c83->cccfaecc-560c-4f58-9140-53bb7696e889#51-t1, previous=(t:1, i:21), leaderCommit=15, initializing? false, entries: <empty>
2019-09-11 02:41:05,686 [grpc-default-executor-7] INFO  client.GrpcClientProtocolClient (GrpcClientProtocolClient.java:onNext(264)) - client-1271BDC01022->c53771ff-a4da-40bc-be42-f397952cb81e: receive RaftClientReply:client-1271BDC01022->c53771ff-a4da-40bc-be42-f397952cb81e@group-3F730D6994B2, cid=142, FAILED org.apache.ratis.protocol.NotLeaderException: Server c53771ff-a4da-40bc-be42-f397952cb81e@group-3F730D6994B2 is not the leader 28f29a4c-baf6-4c40-b523-744acc0a8c83:192.168.34.53:35385, logIndex=0, commits[c53771ff-a4da-40bc-be42-f397952cb81e:c15, cccfaecc-560c-4f58-9140-53bb7696e889:c14, 28f29a4c-baf6-4c40-b523-744acc0a8c83:c15]
2019-09-11 02:41:07,693 [grpc-default-executor-7] INFO  impl.RaftServerProxy (RaftServerProxy.java:remove(95)) - cccfaecc-560c-4f58-9140-53bb7696e889: remove group-5FC83EB0E599:null
2019-09-11 02:41:07,706 [RatisPipelineUtilsThread] WARN  pipeline.RatisPipelineUtils (RatisPipelineUtils.java:destroyPipeline(66)) - Pipeline destroy failed for pipeline=PipelineID=e24272a4-7e17-41b5-94a9-5fc83eb0e599 dn=cccfaecc-560c-4f58-9140-53bb7696e889{ip: 192.168.34.53, host: pr-hdds-2107-sbngl-2106859965, networkLocation: /default-rack, certSerialId: null}
2019-09-11 02:41:07,709 [grpc-default-executor-7] INFO  impl.RaftServerProxy (RaftServerProxy.java:remove(95)) - 28f29a4c-baf6-4c40-b523-744acc0a8c83: remove group-5FC83EB0E599:null
2019-09-11 02:41:07,712 [RatisPipelineUtilsThread] WARN  pipeline.RatisPipelineUtils (RatisPipelineUtils.java:destroyPipeline(66)) - Pipeline destroy failed for pipeline=PipelineID=e24272a4-7e17-41b5-94a9-5fc83eb0e599 dn=28f29a4c-baf6-4c40-b523-744acc0a8c83{ip: 192.168.34.53, host: pr-hdds-2107-sbngl-2106859965, networkLocation: /default-rack, certSerialId: null}
2019-09-11 02:41:07,714 [grpc-default-executor-7] INFO  impl.RaftServerProxy (RaftServerProxy.java:remove(95)) - c53771ff-a4da-40bc-be42-f397952cb81e: remove group-5FC83EB0E599:null
2019-09-11 02:41:07,716 [RatisPipelineUtilsThread] WARN  pipeline.RatisPipelineUtils (RatisPipelineUtils.java:destroyPipeline(66)) - Pipeline destroy failed for pipeline=PipelineID=e24272a4-7e17-41b5-94a9-5fc83eb0e599 dn=c53771ff-a4da-40bc-be42-f397952cb81e{ip: 192.168.34.53, host: pr-hdds-2107-sbngl-2106859965, networkLocation: /default-rack, certSerialId: null}
2019-09-11 02:41:07,717 [RatisPipelineUtilsThread] ERROR pipeline.SCMPipelineManager (Scheduler.java:lambda$schedule$1(70)) - Destroy pipeline failed for pipeline:Pipeline[ Id: e24272a4-7e17-41b5-94a9-5fc83eb0e599, Nodes: cccfaecc-560c-4f58-9140-53bb7696e889{ip: 192.168.34.53, host: pr-hdds-2107-sbngl-2106859965, networkLocation: /default-rack, certSerialId: null}28f29a4c-baf6-4c40-b523-744acc0a8c83{ip: 192.168.34.53, host: pr-hdds-2107-sbngl-2106859965, networkLocation: /default-rack, certSerialId: null}c53771ff-a4da-40bc-be42-f397952cb81e{ip: 192.168.34.53, host: pr-hdds-2107-sbngl-2106859965, networkLocation: /default-rack, certSerialId: null}, Type:RATIS, Factor:THREE, State:CLOSED]
org.apache.hadoop.hdds.scm.pipeline.PipelineNotFoundException: PipelineID=e24272a4-7e17-41b5-94a9-5fc83eb0e599 not found
	at org.apache.hadoop.hdds.scm.pipeline.PipelineStateMap.getPipeline(PipelineStateMap.java:132)
	at org.apache.hadoop.hdds.scm.pipeline.PipelineStateMap.removePipeline(PipelineStateMap.java:322)
	at org.apache.hadoop.hdds.scm.pipeline.PipelineStateManager.removePipeline(PipelineStateManager.java:107)
	at org.apache.hadoop.hdds.scm.pipeline.SCMPipelineManager.removePipeline(SCMPipelineManager.java:423)
	at org.apache.hadoop.hdds.scm.pipeline.SCMPipelineManager.destroyPipeline(SCMPipelineManager.java:409)
	at org.apache.hadoop.hdds.scm.pipeline.SCMPipelineManager.lambda$finalizeAndDestroyPipeline$0(SCMPipelineManager.java:318)
	at org.apache.hadoop.utils.Scheduler.lambda$schedule$1(Scheduler.java:68)
	at java.util.concurrent.Executors$RunnableAdapter.call(Executors.java:511)
	at java.util.concurrent.FutureTask.run(FutureTask.java:266)
	at java.util.concurrent.ScheduledThreadPoolExecutor$ScheduledFutureTask.access$201(ScheduledThreadPoolExecutor.java:180)
	at java.util.concurrent.ScheduledThreadPoolExecutor$ScheduledFutureTask.run(ScheduledThreadPoolExecutor.java:293)
	at java.util.concurrent.ThreadPoolExecutor.runWorker(ThreadPoolExecutor.java:1149)
	at java.util.concurrent.ThreadPoolExecutor$Worker.run(ThreadPoolExecutor.java:624)
	at java.lang.Thread.run(Thread.java:748)
2019-09-11 02:41:08,152 [java.util.concurrent.ThreadPoolExecutor$Worker@7b4e52e0[State = -1, empty queue]] WARN  server.GrpcLogAppender (GrpcLogAppender.java:timeoutAppendRequest(200)) - 28f29a4c-baf6-4c40-b523-744acc0a8c83@group-3F730D6994B2->c53771ff-a4da-40bc-be42-f397952cb81e-GrpcLogAppender: appendEntries Timeout, request=28f29a4c-baf6-4c40-b523-744acc0a8c83->c53771ff-a4da-40bc-be42-f397952cb81e#52-t1, previous=(t:1, i:21), leaderCommit=15, initializing? false, entries: <empty>
2019-09-11 02:41:08,152 [java.util.concurrent.ThreadPoolExecutor$Worker@1858f8f2[State = -1, empty queue]] WARN  server.GrpcLogAppender (GrpcLogAppender.java:timeoutAppendRequest(200)) - 28f29a4c-baf6-4c40-b523-744acc0a8c83@group-3F730D6994B2->cccfaecc-560c-4f58-9140-53bb7696e889-GrpcLogAppender: appendEntries Timeout, request=28f29a4c-baf6-4c40-b523-744acc0a8c83->cccfaecc-560c-4f58-9140-53bb7696e889#52-t1, previous=(t:1, i:21), leaderCommit=15, initializing? false, entries: <empty>
2019-09-11 02:41:09,695 [grpc-default-executor-7] INFO  impl.RaftServerProxy (RaftServerProxy.java:remove(95)) - cccfaecc-560c-4f58-9140-53bb7696e889: remove group-5FC83EB0E599:null
2019-09-11 02:41:09,701 [RatisPipelineUtilsThread] WARN  pipeline.RatisPipelineUtils (RatisPipelineUtils.java:destroyPipeline(66)) - Pipeline destroy failed for pipeline=PipelineID=e24272a4-7e17-41b5-94a9-5fc83eb0e599 dn=cccfaecc-560c-4f58-9140-53bb7696e889{ip: 192.168.34.53, host: pr-hdds-2107-sbngl-2106859965, networkLocation: /default-rack, certSerialId: null}
2019-09-11 02:41:09,713 [grpc-default-executor-7] INFO  impl.RaftServerProxy (RaftServerProxy.java:remove(95)) - 28f29a4c-baf6-4c40-b523-744acc0a8c83: remove group-5FC83EB0E599:null
2019-09-11 02:41:09,715 [RatisPipelineUtilsThread] WARN  pipeline.RatisPipelineUtils (RatisPipelineUtils.java:destroyPipeline(66)) - Pipeline destroy failed for pipeline=PipelineID=e24272a4-7e17-41b5-94a9-5fc83eb0e599 dn=28f29a4c-baf6-4c40-b523-744acc0a8c83{ip: 192.168.34.53, host: pr-hdds-2107-sbngl-2106859965, networkLocation: /default-rack, certSerialId: null}
2019-09-11 02:41:09,717 [grpc-default-executor-7] INFO  impl.RaftServerProxy (RaftServerProxy.java:remove(95)) - c53771ff-a4da-40bc-be42-f397952cb81e: remove group-5FC83EB0E599:null
2019-09-11 02:41:09,719 [RatisPipelineUtilsThread] WARN  pipeline.RatisPipelineUtils (RatisPipelineUtils.java:destroyPipeline(66)) - Pipeline destroy failed for pipeline=PipelineID=e24272a4-7e17-41b5-94a9-5fc83eb0e599 dn=c53771ff-a4da-40bc-be42-f397952cb81e{ip: 192.168.34.53, host: pr-hdds-2107-sbngl-2106859965, networkLocation: /default-rack, certSerialId: null}
2019-09-11 02:41:09,720 [RatisPipelineUtilsThread] ERROR pipeline.SCMPipelineManager (Scheduler.java:lambda$schedule$1(70)) - Destroy pipeline failed for pipeline:Pipeline[ Id: e24272a4-7e17-41b5-94a9-5fc83eb0e599, Nodes: cccfaecc-560c-4f58-9140-53bb7696e889{ip: 192.168.34.53, host: pr-hdds-2107-sbngl-2106859965, networkLocation: /default-rack, certSerialId: null}28f29a4c-baf6-4c40-b523-744acc0a8c83{ip: 192.168.34.53, host: pr-hdds-2107-sbngl-2106859965, networkLocation: /default-rack, certSerialId: null}c53771ff-a4da-40bc-be42-f397952cb81e{ip: 192.168.34.53, host: pr-hdds-2107-sbngl-2106859965, networkLocation: /default-rack, certSerialId: null}, Type:RATIS, Factor:THREE, State:CLOSED]
org.apache.hadoop.hdds.scm.pipeline.PipelineNotFoundException: PipelineID=e24272a4-7e17-41b5-94a9-5fc83eb0e599 not found
	at org.apache.hadoop.hdds.scm.pipeline.PipelineStateMap.getPipeline(PipelineStateMap.java:132)
	at org.apache.hadoop.hdds.scm.pipeline.PipelineStateMap.removePipeline(PipelineStateMap.java:322)
	at org.apache.hadoop.hdds.scm.pipeline.PipelineStateManager.removePipeline(PipelineStateManager.java:107)
	at org.apache.hadoop.hdds.scm.pipeline.SCMPipelineManager.removePipeline(SCMPipelineManager.java:423)
	at org.apache.hadoop.hdds.scm.pipeline.SCMPipelineManager.destroyPipeline(SCMPipelineManager.java:409)
	at org.apache.hadoop.hdds.scm.pipeline.SCMPipelineManager.lambda$finalizeAndDestroyPipeline$0(SCMPipelineManager.java:318)
	at org.apache.hadoop.utils.Scheduler.lambda$schedule$1(Scheduler.java:68)
	at java.util.concurrent.Executors$RunnableAdapter.call(Executors.java:511)
	at java.util.concurrent.FutureTask.run(FutureTask.java:266)
	at java.util.concurrent.ScheduledThreadPoolExecutor$ScheduledFutureTask.access$201(ScheduledThreadPoolExecutor.java:180)
	at java.util.concurrent.ScheduledThreadPoolExecutor$ScheduledFutureTask.run(ScheduledThreadPoolExecutor.java:293)
	at java.util.concurrent.ThreadPoolExecutor.runWorker(ThreadPoolExecutor.java:1149)
	at java.util.concurrent.ThreadPoolExecutor$Worker.run(ThreadPoolExecutor.java:624)
	at java.lang.Thread.run(Thread.java:748)
2019-09-11 02:41:10,145 [28f29a4c-baf6-4c40-b523-744acc0a8c83@group-3F730D6994B2-SegmentedRaftLogWorker] WARN  segmented.SegmentedRaftLogWorker (SegmentedRaftLogWorker.java:getFromFuture(90)) - Timeout 5/~
org.apache.ratis.protocol.TimeoutIOException: Timeout 10s: WriteLog:16: (t:1, i:16), STATEMACHINELOGENTRY, client-1271BDC01022, cid=142-writeStateMachineData
	at org.apache.ratis.util.IOUtils.getFromFuture(IOUtils.java:87)
	at org.apache.ratis.server.raftlog.segmented.SegmentedRaftLogWorker$StateMachineDataPolicy.getFromFuture(SegmentedRaftLogWorker.java:87)
	at org.apache.ratis.server.raftlog.segmented.SegmentedRaftLogWorker$WriteLog.execute(SegmentedRaftLogWorker.java:477)
	at org.apache.ratis.server.raftlog.segmented.SegmentedRaftLogWorker.run(SegmentedRaftLogWorker.java:289)
	at java.lang.Thread.run(Thread.java:748)
Caused by: java.util.concurrent.TimeoutException
	at java.util.concurrent.CompletableFuture.timedGet(CompletableFuture.java:1771)
	at java.util.concurrent.CompletableFuture.get(CompletableFuture.java:1915)
	at org.apache.ratis.util.IOUtils.getFromFuture(IOUtils.java:79)
	... 4 more
2019-09-11 02:41:10,146 [c53771ff-a4da-40bc-be42-f397952cb81e@group-3F730D6994B2-SegmentedRaftLogWorker] WARN  segmented.SegmentedRaftLogWorker (SegmentedRaftLogWorker.java:getFromFuture(90)) - Timeout 5/~
org.apache.ratis.protocol.TimeoutIOException: Timeout 10s: WriteLog:16: (t:1, i:16), STATEMACHINELOGENTRY, client-1271BDC01022, cid=142-writeStateMachineData
	at org.apache.ratis.util.IOUtils.getFromFuture(IOUtils.java:87)
	at org.apache.ratis.server.raftlog.segmented.SegmentedRaftLogWorker$StateMachineDataPolicy.getFromFuture(SegmentedRaftLogWorker.java:87)
	at org.apache.ratis.server.raftlog.segmented.SegmentedRaftLogWorker$WriteLog.execute(SegmentedRaftLogWorker.java:477)
	at org.apache.ratis.server.raftlog.segmented.SegmentedRaftLogWorker.run(SegmentedRaftLogWorker.java:289)
	at java.lang.Thread.run(Thread.java:748)
Caused by: java.util.concurrent.TimeoutException
	at java.util.concurrent.CompletableFuture.timedGet(CompletableFuture.java:1771)
	at java.util.concurrent.CompletableFuture.get(CompletableFuture.java:1915)
	at org.apache.ratis.util.IOUtils.getFromFuture(IOUtils.java:79)
	... 4 more
2019-09-11 02:41:10,146 [cccfaecc-560c-4f58-9140-53bb7696e889@group-3F730D6994B2-SegmentedRaftLogWorker] WARN  segmented.SegmentedRaftLogWorker (SegmentedRaftLogWorker.java:getFromFuture(90)) - Timeout 5/~
org.apache.ratis.protocol.TimeoutIOException: Timeout 10s: WriteLog:16: (t:1, i:16), STATEMACHINELOGENTRY, client-1271BDC01022, cid=142-writeStateMachineData
	at org.apache.ratis.util.IOUtils.getFromFuture(IOUtils.java:87)
	at org.apache.ratis.server.raftlog.segmented.SegmentedRaftLogWorker$StateMachineDataPolicy.getFromFuture(SegmentedRaftLogWorker.java:87)
	at org.apache.ratis.server.raftlog.segmented.SegmentedRaftLogWorker$WriteLog.execute(SegmentedRaftLogWorker.java:477)
	at org.apache.ratis.server.raftlog.segmented.SegmentedRaftLogWorker.run(SegmentedRaftLogWorker.java:289)
	at java.lang.Thread.run(Thread.java:748)
Caused by: java.util.concurrent.TimeoutException
	at java.util.concurrent.CompletableFuture.timedGet(CompletableFuture.java:1771)
	at java.util.concurrent.CompletableFuture.get(CompletableFuture.java:1915)
	at org.apache.ratis.util.IOUtils.getFromFuture(IOUtils.java:79)
	... 4 more
2019-09-11 02:41:10,652 [java.util.concurrent.ThreadPoolExecutor$Worker@7b4e52e0[State = -1, empty queue]] WARN  server.GrpcLogAppender (GrpcLogAppender.java:timeoutAppendRequest(200)) - 28f29a4c-baf6-4c40-b523-744acc0a8c83@group-3F730D6994B2->c53771ff-a4da-40bc-be42-f397952cb81e-GrpcLogAppender: appendEntries Timeout, request=28f29a4c-baf6-4c40-b523-744acc0a8c83->c53771ff-a4da-40bc-be42-f397952cb81e#53-t1, previous=(t:1, i:21), leaderCommit=15, initializing? false, entries: <empty>
2019-09-11 02:41:10,652 [java.util.concurrent.ThreadPoolExecutor$Worker@1858f8f2[State = -1, empty queue]] WARN  server.GrpcLogAppender (GrpcLogAppender.java:timeoutAppendRequest(200)) - 28f29a4c-baf6-4c40-b523-744acc0a8c83@group-3F730D6994B2->cccfaecc-560c-4f58-9140-53bb7696e889-GrpcLogAppender: appendEntries Timeout, request=28f29a4c-baf6-4c40-b523-744acc0a8c83->cccfaecc-560c-4f58-9140-53bb7696e889#53-t1, previous=(t:1, i:21), leaderCommit=15, initializing? false, entries: <empty>
2019-09-11 02:41:10,721 [grpc-default-executor-1] INFO  client.GrpcClientProtocolClient (GrpcClientProtocolClient.java:onNext(264)) - client-1271BDC01022->c53771ff-a4da-40bc-be42-f397952cb81e: receive RaftClientReply:client-1271BDC01022->c53771ff-a4da-40bc-be42-f397952cb81e@group-3F730D6994B2, cid=142, FAILED org.apache.ratis.protocol.NotLeaderException: Server c53771ff-a4da-40bc-be42-f397952cb81e@group-3F730D6994B2 is not the leader 28f29a4c-baf6-4c40-b523-744acc0a8c83:192.168.34.53:35385, logIndex=0, commits[c53771ff-a4da-40bc-be42-f397952cb81e:c15, cccfaecc-560c-4f58-9140-53bb7696e889:c14, 28f29a4c-baf6-4c40-b523-744acc0a8c83:c15]
2019-09-11 02:41:12,693 [grpc-default-executor-7] INFO  impl.RaftServerProxy (RaftServerProxy.java:remove(95)) - cccfaecc-560c-4f58-9140-53bb7696e889: remove group-5FC83EB0E599:null
2019-09-11 02:41:12,698 [RatisPipelineUtilsThread] WARN  pipeline.RatisPipelineUtils (RatisPipelineUtils.java:destroyPipeline(66)) - Pipeline destroy failed for pipeline=PipelineID=e24272a4-7e17-41b5-94a9-5fc83eb0e599 dn=cccfaecc-560c-4f58-9140-53bb7696e889{ip: 192.168.34.53, host: pr-hdds-2107-sbngl-2106859965, networkLocation: /default-rack, certSerialId: null}
2019-09-11 02:41:12,701 [grpc-default-executor-7] INFO  impl.RaftServerProxy (RaftServerProxy.java:remove(95)) - 28f29a4c-baf6-4c40-b523-744acc0a8c83: remove group-5FC83EB0E599:null
2019-09-11 02:41:12,704 [RatisPipelineUtilsThread] WARN  pipeline.RatisPipelineUtils (RatisPipelineUtils.java:destroyPipeline(66)) - Pipeline destroy failed for pipeline=PipelineID=e24272a4-7e17-41b5-94a9-5fc83eb0e599 dn=28f29a4c-baf6-4c40-b523-744acc0a8c83{ip: 192.168.34.53, host: pr-hdds-2107-sbngl-2106859965, networkLocation: /default-rack, certSerialId: null}
2019-09-11 02:41:12,706 [grpc-default-executor-7] INFO  impl.RaftServerProxy (RaftServerProxy.java:remove(95)) - c53771ff-a4da-40bc-be42-f397952cb81e: remove group-5FC83EB0E599:null
2019-09-11 02:41:12,708 [RatisPipelineUtilsThread] WARN  pipeline.RatisPipelineUtils (RatisPipelineUtils.java:destroyPipeline(66)) - Pipeline destroy failed for pipeline=PipelineID=e24272a4-7e17-41b5-94a9-5fc83eb0e599 dn=c53771ff-a4da-40bc-be42-f397952cb81e{ip: 192.168.34.53, host: pr-hdds-2107-sbngl-2106859965, networkLocation: /default-rack, certSerialId: null}
2019-09-11 02:41:12,709 [RatisPipelineUtilsThread] ERROR pipeline.SCMPipelineManager (Scheduler.java:lambda$schedule$1(70)) - Destroy pipeline failed for pipeline:Pipeline[ Id: e24272a4-7e17-41b5-94a9-5fc83eb0e599, Nodes: cccfaecc-560c-4f58-9140-53bb7696e889{ip: 192.168.34.53, host: pr-hdds-2107-sbngl-2106859965, networkLocation: /default-rack, certSerialId: null}28f29a4c-baf6-4c40-b523-744acc0a8c83{ip: 192.168.34.53, host: pr-hdds-2107-sbngl-2106859965, networkLocation: /default-rack, certSerialId: null}c53771ff-a4da-40bc-be42-f397952cb81e{ip: 192.168.34.53, host: pr-hdds-2107-sbngl-2106859965, networkLocation: /default-rack, certSerialId: null}, Type:RATIS, Factor:THREE, State:CLOSED]
org.apache.hadoop.hdds.scm.pipeline.PipelineNotFoundException: PipelineID=e24272a4-7e17-41b5-94a9-5fc83eb0e599 not found
	at org.apache.hadoop.hdds.scm.pipeline.PipelineStateMap.getPipeline(PipelineStateMap.java:132)
	at org.apache.hadoop.hdds.scm.pipeline.PipelineStateMap.removePipeline(PipelineStateMap.java:322)
	at org.apache.hadoop.hdds.scm.pipeline.PipelineStateManager.removePipeline(PipelineStateManager.java:107)
	at org.apache.hadoop.hdds.scm.pipeline.SCMPipelineManager.removePipeline(SCMPipelineManager.java:423)
	at org.apache.hadoop.hdds.scm.pipeline.SCMPipelineManager.destroyPipeline(SCMPipelineManager.java:409)
	at org.apache.hadoop.hdds.scm.pipeline.SCMPipelineManager.lambda$finalizeAndDestroyPipeline$0(SCMPipelineManager.java:318)
	at org.apache.hadoop.utils.Scheduler.lambda$schedule$1(Scheduler.java:68)
	at java.util.concurrent.Executors$RunnableAdapter.call(Executors.java:511)
	at java.util.concurrent.FutureTask.run(FutureTask.java:266)
	at java.util.concurrent.ScheduledThreadPoolExecutor$ScheduledFutureTask.access$201(ScheduledThreadPoolExecutor.java:180)
	at java.util.concurrent.ScheduledThreadPoolExecutor$ScheduledFutureTask.run(ScheduledThreadPoolExecutor.java:293)
	at java.util.concurrent.ThreadPoolExecutor.runWorker(ThreadPoolExecutor.java:1149)
	at java.util.concurrent.ThreadPoolExecutor$Worker.run(ThreadPoolExecutor.java:624)
	at java.lang.Thread.run(Thread.java:748)
2019-09-11 02:41:13,153 [java.util.concurrent.ThreadPoolExecutor$Worker@7b4e52e0[State = -1, empty queue]] WARN  server.GrpcLogAppender (GrpcLogAppender.java:timeoutAppendRequest(200)) - 28f29a4c-baf6-4c40-b523-744acc0a8c83@group-3F730D6994B2->c53771ff-a4da-40bc-be42-f397952cb81e-GrpcLogAppender: appendEntries Timeout, request=28f29a4c-baf6-4c40-b523-744acc0a8c83->c53771ff-a4da-40bc-be42-f397952cb81e#54-t1, previous=(t:1, i:21), leaderCommit=15, initializing? false, entries: <empty>
2019-09-11 02:41:13,153 [java.util.concurrent.ThreadPoolExecutor$Worker@1858f8f2[State = -1, empty queue]] WARN  server.GrpcLogAppender (GrpcLogAppender.java:timeoutAppendRequest(200)) - 28f29a4c-baf6-4c40-b523-744acc0a8c83@group-3F730D6994B2->cccfaecc-560c-4f58-9140-53bb7696e889-GrpcLogAppender: appendEntries Timeout, request=28f29a4c-baf6-4c40-b523-744acc0a8c83->cccfaecc-560c-4f58-9140-53bb7696e889#54-t1, previous=(t:1, i:21), leaderCommit=15, initializing? false, entries: <empty>
2019-09-11 02:41:14,691 [grpc-default-executor-7] INFO  impl.RaftServerProxy (RaftServerProxy.java:remove(95)) - cccfaecc-560c-4f58-9140-53bb7696e889: remove group-5FC83EB0E599:null
2019-09-11 02:41:14,695 [RatisPipelineUtilsThread] WARN  pipeline.RatisPipelineUtils (RatisPipelineUtils.java:destroyPipeline(66)) - Pipeline destroy failed for pipeline=PipelineID=e24272a4-7e17-41b5-94a9-5fc83eb0e599 dn=cccfaecc-560c-4f58-9140-53bb7696e889{ip: 192.168.34.53, host: pr-hdds-2107-sbngl-2106859965, networkLocation: /default-rack, certSerialId: null}
2019-09-11 02:41:14,697 [grpc-default-executor-7] INFO  impl.RaftServerProxy (RaftServerProxy.java:remove(95)) - 28f29a4c-baf6-4c40-b523-744acc0a8c83: remove group-5FC83EB0E599:null
2019-09-11 02:41:14,700 [RatisPipelineUtilsThread] WARN  pipeline.RatisPipelineUtils (RatisPipelineUtils.java:destroyPipeline(66)) - Pipeline destroy failed for pipeline=PipelineID=e24272a4-7e17-41b5-94a9-5fc83eb0e599 dn=28f29a4c-baf6-4c40-b523-744acc0a8c83{ip: 192.168.34.53, host: pr-hdds-2107-sbngl-2106859965, networkLocation: /default-rack, certSerialId: null}
2019-09-11 02:41:14,703 [grpc-default-executor-7] INFO  impl.RaftServerProxy (RaftServerProxy.java:remove(95)) - c53771ff-a4da-40bc-be42-f397952cb81e: remove group-5FC83EB0E599:null
2019-09-11 02:41:14,706 [RatisPipelineUtilsThread] WARN  pipeline.RatisPipelineUtils (RatisPipelineUtils.java:destroyPipeline(66)) - Pipeline destroy failed for pipeline=PipelineID=e24272a4-7e17-41b5-94a9-5fc83eb0e599 dn=c53771ff-a4da-40bc-be42-f397952cb81e{ip: 192.168.34.53, host: pr-hdds-2107-sbngl-2106859965, networkLocation: /default-rack, certSerialId: null}
2019-09-11 02:41:14,706 [RatisPipelineUtilsThread] ERROR pipeline.SCMPipelineManager (Scheduler.java:lambda$schedule$1(70)) - Destroy pipeline failed for pipeline:Pipeline[ Id: e24272a4-7e17-41b5-94a9-5fc83eb0e599, Nodes: cccfaecc-560c-4f58-9140-53bb7696e889{ip: 192.168.34.53, host: pr-hdds-2107-sbngl-2106859965, networkLocation: /default-rack, certSerialId: null}28f29a4c-baf6-4c40-b523-744acc0a8c83{ip: 192.168.34.53, host: pr-hdds-2107-sbngl-2106859965, networkLocation: /default-rack, certSerialId: null}c53771ff-a4da-40bc-be42-f397952cb81e{ip: 192.168.34.53, host: pr-hdds-2107-sbngl-2106859965, networkLocation: /default-rack, certSerialId: null}, Type:RATIS, Factor:THREE, State:CLOSED]
org.apache.hadoop.hdds.scm.pipeline.PipelineNotFoundException: PipelineID=e24272a4-7e17-41b5-94a9-5fc83eb0e599 not found
	at org.apache.hadoop.hdds.scm.pipeline.PipelineStateMap.getPipeline(PipelineStateMap.java:132)
	at org.apache.hadoop.hdds.scm.pipeline.PipelineStateMap.removePipeline(PipelineStateMap.java:322)
	at org.apache.hadoop.hdds.scm.pipeline.PipelineStateManager.removePipeline(PipelineStateManager.java:107)
	at org.apache.hadoop.hdds.scm.pipeline.SCMPipelineManager.removePipeline(SCMPipelineManager.java:423)
	at org.apache.hadoop.hdds.scm.pipeline.SCMPipelineManager.destroyPipeline(SCMPipelineManager.java:409)
	at org.apache.hadoop.hdds.scm.pipeline.SCMPipelineManager.lambda$finalizeAndDestroyPipeline$0(SCMPipelineManager.java:318)
	at org.apache.hadoop.utils.Scheduler.lambda$schedule$1(Scheduler.java:68)
	at java.util.concurrent.Executors$RunnableAdapter.call(Executors.java:511)
	at java.util.concurrent.FutureTask.run(FutureTask.java:266)
	at java.util.concurrent.ScheduledThreadPoolExecutor$ScheduledFutureTask.access$201(ScheduledThreadPoolExecutor.java:180)
	at java.util.concurrent.ScheduledThreadPoolExecutor$ScheduledFutureTask.run(ScheduledThreadPoolExecutor.java:293)
	at java.util.concurrent.ThreadPoolExecutor.runWorker(ThreadPoolExecutor.java:1149)
	at java.util.concurrent.ThreadPoolExecutor$Worker.run(ThreadPoolExecutor.java:624)
	at java.lang.Thread.run(Thread.java:748)
2019-09-11 02:41:14,717 [grpc-default-executor-7] INFO  impl.RaftServerProxy (RaftServerProxy.java:remove(95)) - cccfaecc-560c-4f58-9140-53bb7696e889: remove group-5FC83EB0E599:null
2019-09-11 02:41:14,720 [RatisPipelineUtilsThread] WARN  pipeline.RatisPipelineUtils (RatisPipelineUtils.java:destroyPipeline(66)) - Pipeline destroy failed for pipeline=PipelineID=e24272a4-7e17-41b5-94a9-5fc83eb0e599 dn=cccfaecc-560c-4f58-9140-53bb7696e889{ip: 192.168.34.53, host: pr-hdds-2107-sbngl-2106859965, networkLocation: /default-rack, certSerialId: null}
2019-09-11 02:41:14,723 [grpc-default-executor-7] INFO  impl.RaftServerProxy (RaftServerProxy.java:remove(95)) - 28f29a4c-baf6-4c40-b523-744acc0a8c83: remove group-5FC83EB0E599:null
2019-09-11 02:41:14,727 [RatisPipelineUtilsThread] WARN  pipeline.RatisPipelineUtils (RatisPipelineUtils.java:destroyPipeline(66)) - Pipeline destroy failed for pipeline=PipelineID=e24272a4-7e17-41b5-94a9-5fc83eb0e599 dn=28f29a4c-baf6-4c40-b523-744acc0a8c83{ip: 192.168.34.53, host: pr-hdds-2107-sbngl-2106859965, networkLocation: /default-rack, certSerialId: null}
2019-09-11 02:41:14,729 [grpc-default-executor-7] INFO  impl.RaftServerProxy (RaftServerProxy.java:remove(95)) - c53771ff-a4da-40bc-be42-f397952cb81e: remove group-5FC83EB0E599:null
2019-09-11 02:41:14,731 [RatisPipelineUtilsThread] WARN  pipeline.RatisPipelineUtils (RatisPipelineUtils.java:destroyPipeline(66)) - Pipeline destroy failed for pipeline=PipelineID=e24272a4-7e17-41b5-94a9-5fc83eb0e599 dn=c53771ff-a4da-40bc-be42-f397952cb81e{ip: 192.168.34.53, host: pr-hdds-2107-sbngl-2106859965, networkLocation: /default-rack, certSerialId: null}
2019-09-11 02:41:14,731 [RatisPipelineUtilsThread] ERROR pipeline.SCMPipelineManager (Scheduler.java:lambda$schedule$1(70)) - Destroy pipeline failed for pipeline:Pipeline[ Id: e24272a4-7e17-41b5-94a9-5fc83eb0e599, Nodes: cccfaecc-560c-4f58-9140-53bb7696e889{ip: 192.168.34.53, host: pr-hdds-2107-sbngl-2106859965, networkLocation: /default-rack, certSerialId: null}28f29a4c-baf6-4c40-b523-744acc0a8c83{ip: 192.168.34.53, host: pr-hdds-2107-sbngl-2106859965, networkLocation: /default-rack, certSerialId: null}c53771ff-a4da-40bc-be42-f397952cb81e{ip: 192.168.34.53, host: pr-hdds-2107-sbngl-2106859965, networkLocation: /default-rack, certSerialId: null}, Type:RATIS, Factor:THREE, State:CLOSED]
org.apache.hadoop.hdds.scm.pipeline.PipelineNotFoundException: PipelineID=e24272a4-7e17-41b5-94a9-5fc83eb0e599 not found
	at org.apache.hadoop.hdds.scm.pipeline.PipelineStateMap.getPipeline(PipelineStateMap.java:132)
	at org.apache.hadoop.hdds.scm.pipeline.PipelineStateMap.removePipeline(PipelineStateMap.java:322)
	at org.apache.hadoop.hdds.scm.pipeline.PipelineStateManager.removePipeline(PipelineStateManager.java:107)
	at org.apache.hadoop.hdds.scm.pipeline.SCMPipelineManager.removePipeline(SCMPipelineManager.java:423)
	at org.apache.hadoop.hdds.scm.pipeline.SCMPipelineManager.destroyPipeline(SCMPipelineManager.java:409)
	at org.apache.hadoop.hdds.scm.pipeline.SCMPipelineManager.lambda$finalizeAndDestroyPipeline$0(SCMPipelineManager.java:318)
	at org.apache.hadoop.utils.Scheduler.lambda$schedule$1(Scheduler.java:68)
	at java.util.concurrent.Executors$RunnableAdapter.call(Executors.java:511)
	at java.util.concurrent.FutureTask.run(FutureTask.java:266)
	at java.util.concurrent.ScheduledThreadPoolExecutor$ScheduledFutureTask.access$201(ScheduledThreadPoolExecutor.java:180)
	at java.util.concurrent.ScheduledThreadPoolExecutor$ScheduledFutureTask.run(ScheduledThreadPoolExecutor.java:293)
	at java.util.concurrent.ThreadPoolExecutor.runWorker(ThreadPoolExecutor.java:1149)
	at java.util.concurrent.ThreadPoolExecutor$Worker.run(ThreadPoolExecutor.java:624)
	at java.lang.Thread.run(Thread.java:748)
2019-09-11 02:41:14,839 [grpc-default-executor-7] INFO  impl.RaftServerProxy (RaftServerProxy.java:remove(95)) - cccfaecc-560c-4f58-9140-53bb7696e889: remove group-5FC83EB0E599:null
2019-09-11 02:41:14,842 [RatisPipelineUtilsThread] WARN  pipeline.RatisPipelineUtils (RatisPipelineUtils.java:destroyPipeline(66)) - Pipeline destroy failed for pipeline=PipelineID=e24272a4-7e17-41b5-94a9-5fc83eb0e599 dn=cccfaecc-560c-4f58-9140-53bb7696e889{ip: 192.168.34.53, host: pr-hdds-2107-sbngl-2106859965, networkLocation: /default-rack, certSerialId: null}
2019-09-11 02:41:14,844 [grpc-default-executor-7] INFO  impl.RaftServerProxy (RaftServerProxy.java:remove(95)) - 28f29a4c-baf6-4c40-b523-744acc0a8c83: remove group-5FC83EB0E599:null
2019-09-11 02:41:14,846 [RatisPipelineUtilsThread] WARN  pipeline.RatisPipelineUtils (RatisPipelineUtils.java:destroyPipeline(66)) - Pipeline destroy failed for pipeline=PipelineID=e24272a4-7e17-41b5-94a9-5fc83eb0e599 dn=28f29a4c-baf6-4c40-b523-744acc0a8c83{ip: 192.168.34.53, host: pr-hdds-2107-sbngl-2106859965, networkLocation: /default-rack, certSerialId: null}
2019-09-11 02:41:14,849 [grpc-default-executor-7] INFO  impl.RaftServerProxy (RaftServerProxy.java:remove(95)) - c53771ff-a4da-40bc-be42-f397952cb81e: remove group-5FC83EB0E599:null
2019-09-11 02:41:14,851 [RatisPipelineUtilsThread] WARN  pipeline.RatisPipelineUtils (RatisPipelineUtils.java:destroyPipeline(66)) - Pipeline destroy failed for pipeline=PipelineID=e24272a4-7e17-41b5-94a9-5fc83eb0e599 dn=c53771ff-a4da-40bc-be42-f397952cb81e{ip: 192.168.34.53, host: pr-hdds-2107-sbngl-2106859965, networkLocation: /default-rack, certSerialId: null}
2019-09-11 02:41:14,851 [RatisPipelineUtilsThread] ERROR pipeline.SCMPipelineManager (Scheduler.java:lambda$schedule$1(70)) - Destroy pipeline failed for pipeline:Pipeline[ Id: e24272a4-7e17-41b5-94a9-5fc83eb0e599, Nodes: cccfaecc-560c-4f58-9140-53bb7696e889{ip: 192.168.34.53, host: pr-hdds-2107-sbngl-2106859965, networkLocation: /default-rack, certSerialId: null}28f29a4c-baf6-4c40-b523-744acc0a8c83{ip: 192.168.34.53, host: pr-hdds-2107-sbngl-2106859965, networkLocation: /default-rack, certSerialId: null}c53771ff-a4da-40bc-be42-f397952cb81e{ip: 192.168.34.53, host: pr-hdds-2107-sbngl-2106859965, networkLocation: /default-rack, certSerialId: null}, Type:RATIS, Factor:THREE, State:CLOSED]
org.apache.hadoop.hdds.scm.pipeline.PipelineNotFoundException: PipelineID=e24272a4-7e17-41b5-94a9-5fc83eb0e599 not found
	at org.apache.hadoop.hdds.scm.pipeline.PipelineStateMap.getPipeline(PipelineStateMap.java:132)
	at org.apache.hadoop.hdds.scm.pipeline.PipelineStateMap.removePipeline(PipelineStateMap.java:322)
	at org.apache.hadoop.hdds.scm.pipeline.PipelineStateManager.removePipeline(PipelineStateManager.java:107)
	at org.apache.hadoop.hdds.scm.pipeline.SCMPipelineManager.removePipeline(SCMPipelineManager.java:423)
	at org.apache.hadoop.hdds.scm.pipeline.SCMPipelineManager.destroyPipeline(SCMPipelineManager.java:409)
	at org.apache.hadoop.hdds.scm.pipeline.SCMPipelineManager.lambda$finalizeAndDestroyPipeline$0(SCMPipelineManager.java:318)
	at org.apache.hadoop.utils.Scheduler.lambda$schedule$1(Scheduler.java:68)
	at java.util.concurrent.Executors$RunnableAdapter.call(Executors.java:511)
	at java.util.concurrent.FutureTask.run(FutureTask.java:266)
	at java.util.concurrent.ScheduledThreadPoolExecutor$ScheduledFutureTask.access$201(ScheduledThreadPoolExecutor.java:180)
	at java.util.concurrent.ScheduledThreadPoolExecutor$ScheduledFutureTask.run(ScheduledThreadPoolExecutor.java:293)
	at java.util.concurrent.ThreadPoolExecutor.runWorker(ThreadPoolExecutor.java:1149)
	at java.util.concurrent.ThreadPoolExecutor$Worker.run(ThreadPoolExecutor.java:624)
	at java.lang.Thread.run(Thread.java:748)
2019-09-11 02:41:14,919 [grpc-default-executor-7] INFO  impl.RaftServerProxy (RaftServerProxy.java:remove(95)) - cccfaecc-560c-4f58-9140-53bb7696e889: remove group-5FC83EB0E599:null
2019-09-11 02:41:14,922 [RatisPipelineUtilsThread] WARN  pipeline.RatisPipelineUtils (RatisPipelineUtils.java:destroyPipeline(66)) - Pipeline destroy failed for pipeline=PipelineID=e24272a4-7e17-41b5-94a9-5fc83eb0e599 dn=cccfaecc-560c-4f58-9140-53bb7696e889{ip: 192.168.34.53, host: pr-hdds-2107-sbngl-2106859965, networkLocation: /default-rack, certSerialId: null}
2019-09-11 02:41:14,925 [grpc-default-executor-7] INFO  impl.RaftServerProxy (RaftServerProxy.java:remove(95)) - 28f29a4c-baf6-4c40-b523-744acc0a8c83: remove group-5FC83EB0E599:null
2019-09-11 02:41:14,927 [RatisPipelineUtilsThread] WARN  pipeline.RatisPipelineUtils (RatisPipelineUtils.java:destroyPipeline(66)) - Pipeline destroy failed for pipeline=PipelineID=e24272a4-7e17-41b5-94a9-5fc83eb0e599 dn=28f29a4c-baf6-4c40-b523-744acc0a8c83{ip: 192.168.34.53, host: pr-hdds-2107-sbngl-2106859965, networkLocation: /default-rack, certSerialId: null}
2019-09-11 02:41:14,929 [grpc-default-executor-7] INFO  impl.RaftServerProxy (RaftServerProxy.java:remove(95)) - c53771ff-a4da-40bc-be42-f397952cb81e: remove group-5FC83EB0E599:null
2019-09-11 02:41:14,931 [RatisPipelineUtilsThread] WARN  pipeline.RatisPipelineUtils (RatisPipelineUtils.java:destroyPipeline(66)) - Pipeline destroy failed for pipeline=PipelineID=e24272a4-7e17-41b5-94a9-5fc83eb0e599 dn=c53771ff-a4da-40bc-be42-f397952cb81e{ip: 192.168.34.53, host: pr-hdds-2107-sbngl-2106859965, networkLocation: /default-rack, certSerialId: null}
2019-09-11 02:41:14,932 [RatisPipelineUtilsThread] ERROR pipeline.SCMPipelineManager (Scheduler.java:lambda$schedule$1(70)) - Destroy pipeline failed for pipeline:Pipeline[ Id: e24272a4-7e17-41b5-94a9-5fc83eb0e599, Nodes: cccfaecc-560c-4f58-9140-53bb7696e889{ip: 192.168.34.53, host: pr-hdds-2107-sbngl-2106859965, networkLocation: /default-rack, certSerialId: null}28f29a4c-baf6-4c40-b523-744acc0a8c83{ip: 192.168.34.53, host: pr-hdds-2107-sbngl-2106859965, networkLocation: /default-rack, certSerialId: null}c53771ff-a4da-40bc-be42-f397952cb81e{ip: 192.168.34.53, host: pr-hdds-2107-sbngl-2106859965, networkLocation: /default-rack, certSerialId: null}, Type:RATIS, Factor:THREE, State:CLOSED]
org.apache.hadoop.hdds.scm.pipeline.PipelineNotFoundException: PipelineID=e24272a4-7e17-41b5-94a9-5fc83eb0e599 not found
	at org.apache.hadoop.hdds.scm.pipeline.PipelineStateMap.getPipeline(PipelineStateMap.java:132)
	at org.apache.hadoop.hdds.scm.pipeline.PipelineStateMap.removePipeline(PipelineStateMap.java:322)
	at org.apache.hadoop.hdds.scm.pipeline.PipelineStateManager.removePipeline(PipelineStateManager.java:107)
	at org.apache.hadoop.hdds.scm.pipeline.SCMPipelineManager.removePipeline(SCMPipelineManager.java:423)
	at org.apache.hadoop.hdds.scm.pipeline.SCMPipelineManager.destroyPipeline(SCMPipelineManager.java:409)
	at org.apache.hadoop.hdds.scm.pipeline.SCMPipelineManager.lambda$finalizeAndDestroyPipeline$0(SCMPipelineManager.java:318)
	at org.apache.hadoop.utils.Scheduler.lambda$schedule$1(Scheduler.java:68)
	at java.util.concurrent.Executors$RunnableAdapter.call(Executors.java:511)
	at java.util.concurrent.FutureTask.run(FutureTask.java:266)
	at java.util.concurrent.ScheduledThreadPoolExecutor$ScheduledFutureTask.access$201(ScheduledThreadPoolExecutor.java:180)
	at java.util.concurrent.ScheduledThreadPoolExecutor$ScheduledFutureTask.run(ScheduledThreadPoolExecutor.java:293)
	at java.util.concurrent.ThreadPoolExecutor.runWorker(ThreadPoolExecutor.java:1149)
	at java.util.concurrent.ThreadPoolExecutor$Worker.run(ThreadPoolExecutor.java:624)
	at java.lang.Thread.run(Thread.java:748)
2019-09-11 02:41:15,653 [java.util.concurrent.ThreadPoolExecutor$Worker@1858f8f2[State = -1, empty queue]] WARN  server.GrpcLogAppender (GrpcLogAppender.java:timeoutAppendRequest(200)) - 28f29a4c-baf6-4c40-b523-744acc0a8c83@group-3F730D6994B2->cccfaecc-560c-4f58-9140-53bb7696e889-GrpcLogAppender: appendEntries Timeout, request=28f29a4c-baf6-4c40-b523-744acc0a8c83->cccfaecc-560c-4f58-9140-53bb7696e889#55-t1, previous=(t:1, i:21), leaderCommit=15, initializing? false, entries: <empty>
2019-09-11 02:41:15,653 [java.util.concurrent.ThreadPoolExecutor$Worker@7b4e52e0[State = -1, empty queue]] WARN  server.GrpcLogAppender (GrpcLogAppender.java:timeoutAppendRequest(200)) - 28f29a4c-baf6-4c40-b523-744acc0a8c83@group-3F730D6994B2->c53771ff-a4da-40bc-be42-f397952cb81e-GrpcLogAppender: appendEntries Timeout, request=28f29a4c-baf6-4c40-b523-744acc0a8c83->c53771ff-a4da-40bc-be42-f397952cb81e#55-t1, previous=(t:1, i:21), leaderCommit=15, initializing? false, entries: <empty>
2019-09-11 02:41:15,762 [grpc-default-executor-1] INFO  client.GrpcClientProtocolClient (GrpcClientProtocolClient.java:onNext(264)) - client-1271BDC01022->cccfaecc-560c-4f58-9140-53bb7696e889: receive RaftClientReply:client-1271BDC01022->cccfaecc-560c-4f58-9140-53bb7696e889@group-3F730D6994B2, cid=142, FAILED org.apache.ratis.protocol.NotLeaderException: Server cccfaecc-560c-4f58-9140-53bb7696e889@group-3F730D6994B2 is not the leader 28f29a4c-baf6-4c40-b523-744acc0a8c83:192.168.34.53:35385, logIndex=0, commits[cccfaecc-560c-4f58-9140-53bb7696e889:c15, c53771ff-a4da-40bc-be42-f397952cb81e:c14, 28f29a4c-baf6-4c40-b523-744acc0a8c83:c15]
2019-09-11 02:41:18,154 [java.util.concurrent.ThreadPoolExecutor$Worker@1858f8f2[State = -1, empty queue]] WARN  server.GrpcLogAppender (GrpcLogAppender.java:timeoutAppendRequest(200)) - 28f29a4c-baf6-4c40-b523-744acc0a8c83@group-3F730D6994B2->cccfaecc-560c-4f58-9140-53bb7696e889-GrpcLogAppender: appendEntries Timeout, request=28f29a4c-baf6-4c40-b523-744acc0a8c83->cccfaecc-560c-4f58-9140-53bb7696e889#56-t1, previous=(t:1, i:21), leaderCommit=15, initializing? false, entries: <empty>
2019-09-11 02:41:18,154 [java.util.concurrent.ThreadPoolExecutor$Worker@7b4e52e0[State = -1, empty queue]] WARN  server.GrpcLogAppender (GrpcLogAppender.java:timeoutAppendRequest(200)) - 28f29a4c-baf6-4c40-b523-744acc0a8c83@group-3F730D6994B2->c53771ff-a4da-40bc-be42-f397952cb81e-GrpcLogAppender: appendEntries Timeout, request=28f29a4c-baf6-4c40-b523-744acc0a8c83->c53771ff-a4da-40bc-be42-f397952cb81e#56-t1, previous=(t:1, i:21), leaderCommit=15, initializing? false, entries: <empty>
2019-09-11 02:41:20,147 [28f29a4c-baf6-4c40-b523-744acc0a8c83@group-3F730D6994B2-SegmentedRaftLogWorker] WARN  segmented.SegmentedRaftLogWorker (SegmentedRaftLogWorker.java:getFromFuture(90)) - Timeout 6/~
org.apache.ratis.protocol.TimeoutIOException: Timeout 10s: WriteLog:16: (t:1, i:16), STATEMACHINELOGENTRY, client-1271BDC01022, cid=142-writeStateMachineData
	at org.apache.ratis.util.IOUtils.getFromFuture(IOUtils.java:87)
	at org.apache.ratis.server.raftlog.segmented.SegmentedRaftLogWorker$StateMachineDataPolicy.getFromFuture(SegmentedRaftLogWorker.java:87)
	at org.apache.ratis.server.raftlog.segmented.SegmentedRaftLogWorker$WriteLog.execute(SegmentedRaftLogWorker.java:477)
	at org.apache.ratis.server.raftlog.segmented.SegmentedRaftLogWorker.run(SegmentedRaftLogWorker.java:289)
	at java.lang.Thread.run(Thread.java:748)
Caused by: java.util.concurrent.TimeoutException
	at java.util.concurrent.CompletableFuture.timedGet(CompletableFuture.java:1771)
	at java.util.concurrent.CompletableFuture.get(CompletableFuture.java:1915)
	at org.apache.ratis.util.IOUtils.getFromFuture(IOUtils.java:79)
	... 4 more
2019-09-11 02:41:20,147 [cccfaecc-560c-4f58-9140-53bb7696e889@group-3F730D6994B2-SegmentedRaftLogWorker] WARN  segmented.SegmentedRaftLogWorker (SegmentedRaftLogWorker.java:getFromFuture(90)) - Timeout 6/~
org.apache.ratis.protocol.TimeoutIOException: Timeout 10s: WriteLog:16: (t:1, i:16), STATEMACHINELOGENTRY, client-1271BDC01022, cid=142-writeStateMachineData
	at org.apache.ratis.util.IOUtils.getFromFuture(IOUtils.java:87)
	at org.apache.ratis.server.raftlog.segmented.SegmentedRaftLogWorker$StateMachineDataPolicy.getFromFuture(SegmentedRaftLogWorker.java:87)
	at org.apache.ratis.server.raftlog.segmented.SegmentedRaftLogWorker$WriteLog.execute(SegmentedRaftLogWorker.java:477)
	at org.apache.ratis.server.raftlog.segmented.SegmentedRaftLogWorker.run(SegmentedRaftLogWorker.java:289)
	at java.lang.Thread.run(Thread.java:748)
Caused by: java.util.concurrent.TimeoutException
	at java.util.concurrent.CompletableFuture.timedGet(CompletableFuture.java:1771)
	at java.util.concurrent.CompletableFuture.get(CompletableFuture.java:1915)
	at org.apache.ratis.util.IOUtils.getFromFuture(IOUtils.java:79)
	... 4 more
2019-09-11 02:41:20,147 [c53771ff-a4da-40bc-be42-f397952cb81e@group-3F730D6994B2-SegmentedRaftLogWorker] WARN  segmented.SegmentedRaftLogWorker (SegmentedRaftLogWorker.java:getFromFuture(90)) - Timeout 6/~
org.apache.ratis.protocol.TimeoutIOException: Timeout 10s: WriteLog:16: (t:1, i:16), STATEMACHINELOGENTRY, client-1271BDC01022, cid=142-writeStateMachineData
	at org.apache.ratis.util.IOUtils.getFromFuture(IOUtils.java:87)
	at org.apache.ratis.server.raftlog.segmented.SegmentedRaftLogWorker$StateMachineDataPolicy.getFromFuture(SegmentedRaftLogWorker.java:87)
	at org.apache.ratis.server.raftlog.segmented.SegmentedRaftLogWorker$WriteLog.execute(SegmentedRaftLogWorker.java:477)
	at org.apache.ratis.server.raftlog.segmented.SegmentedRaftLogWorker.run(SegmentedRaftLogWorker.java:289)
	at java.lang.Thread.run(Thread.java:748)
Caused by: java.util.concurrent.TimeoutException
	at java.util.concurrent.CompletableFuture.timedGet(CompletableFuture.java:1771)
	at java.util.concurrent.CompletableFuture.get(CompletableFuture.java:1915)
	at org.apache.ratis.util.IOUtils.getFromFuture(IOUtils.java:79)
	... 4 more
2019-09-11 02:41:20,654 [java.util.concurrent.ThreadPoolExecutor$Worker@7b4e52e0[State = -1, empty queue]] WARN  server.GrpcLogAppender (GrpcLogAppender.java:timeoutAppendRequest(200)) - 28f29a4c-baf6-4c40-b523-744acc0a8c83@group-3F730D6994B2->c53771ff-a4da-40bc-be42-f397952cb81e-GrpcLogAppender: appendEntries Timeout, request=28f29a4c-baf6-4c40-b523-744acc0a8c83->c53771ff-a4da-40bc-be42-f397952cb81e#57-t1, previous=(t:1, i:21), leaderCommit=15, initializing? false, entries: <empty>
2019-09-11 02:41:20,654 [java.util.concurrent.ThreadPoolExecutor$Worker@1858f8f2[State = -1, empty queue]] WARN  server.GrpcLogAppender (GrpcLogAppender.java:timeoutAppendRequest(200)) - 28f29a4c-baf6-4c40-b523-744acc0a8c83@group-3F730D6994B2->cccfaecc-560c-4f58-9140-53bb7696e889-GrpcLogAppender: appendEntries Timeout, request=28f29a4c-baf6-4c40-b523-744acc0a8c83->cccfaecc-560c-4f58-9140-53bb7696e889#57-t1, previous=(t:1, i:21), leaderCommit=15, initializing? false, entries: <empty>
2019-09-11 02:41:20,813 [grpc-default-executor-1] INFO  client.GrpcClientProtocolClient (GrpcClientProtocolClient.java:onNext(264)) - client-1271BDC01022->c53771ff-a4da-40bc-be42-f397952cb81e: receive RaftClientReply:client-1271BDC01022->c53771ff-a4da-40bc-be42-f397952cb81e@group-3F730D6994B2, cid=142, FAILED org.apache.ratis.protocol.NotLeaderException: Server c53771ff-a4da-40bc-be42-f397952cb81e@group-3F730D6994B2 is not the leader 28f29a4c-baf6-4c40-b523-744acc0a8c83:192.168.34.53:35385, logIndex=0, commits[c53771ff-a4da-40bc-be42-f397952cb81e:c15, cccfaecc-560c-4f58-9140-53bb7696e889:c14, 28f29a4c-baf6-4c40-b523-744acc0a8c83:c15]
2019-09-11 02:41:23,172 [java.util.concurrent.ThreadPoolExecutor$Worker@1858f8f2[State = -1, empty queue]] WARN  server.GrpcLogAppender (GrpcLogAppender.java:timeoutAppendRequest(200)) - 28f29a4c-baf6-4c40-b523-744acc0a8c83@group-3F730D6994B2->cccfaecc-560c-4f58-9140-53bb7696e889-GrpcLogAppender: appendEntries Timeout, request=28f29a4c-baf6-4c40-b523-744acc0a8c83->cccfaecc-560c-4f58-9140-53bb7696e889#58-t1, previous=(t:1, i:21), leaderCommit=15, initializing? false, entries: <empty>
2019-09-11 02:41:23,172 [java.util.concurrent.ThreadPoolExecutor$Worker@7b4e52e0[State = -1, empty queue]] WARN  server.GrpcLogAppender (GrpcLogAppender.java:timeoutAppendRequest(200)) - 28f29a4c-baf6-4c40-b523-744acc0a8c83@group-3F730D6994B2->c53771ff-a4da-40bc-be42-f397952cb81e-GrpcLogAppender: appendEntries Timeout, request=28f29a4c-baf6-4c40-b523-744acc0a8c83->c53771ff-a4da-40bc-be42-f397952cb81e#58-t1, previous=(t:1, i:21), leaderCommit=15, initializing? false, entries: <empty>
2019-09-11 02:41:25,673 [java.util.concurrent.ThreadPoolExecutor$Worker@1858f8f2[State = -1, empty queue]] WARN  server.GrpcLogAppender (GrpcLogAppender.java:timeoutAppendRequest(200)) - 28f29a4c-baf6-4c40-b523-744acc0a8c83@group-3F730D6994B2->cccfaecc-560c-4f58-9140-53bb7696e889-GrpcLogAppender: appendEntries Timeout, request=28f29a4c-baf6-4c40-b523-744acc0a8c83->cccfaecc-560c-4f58-9140-53bb7696e889#59-t1, previous=(t:1, i:21), leaderCommit=15, initializing? false, entries: <empty>
2019-09-11 02:41:25,673 [java.util.concurrent.ThreadPoolExecutor$Worker@7b4e52e0[State = -1, empty queue]] WARN  server.GrpcLogAppender (GrpcLogAppender.java:timeoutAppendRequest(200)) - 28f29a4c-baf6-4c40-b523-744acc0a8c83@group-3F730D6994B2->c53771ff-a4da-40bc-be42-f397952cb81e-GrpcLogAppender: appendEntries Timeout, request=28f29a4c-baf6-4c40-b523-744acc0a8c83->c53771ff-a4da-40bc-be42-f397952cb81e#59-t1, previous=(t:1, i:21), leaderCommit=15, initializing? false, entries: <empty>
2019-09-11 02:41:25,859 [grpc-default-executor-1] INFO  client.GrpcClientProtocolClient (GrpcClientProtocolClient.java:onNext(264)) - client-1271BDC01022->c53771ff-a4da-40bc-be42-f397952cb81e: receive RaftClientReply:client-1271BDC01022->c53771ff-a4da-40bc-be42-f397952cb81e@group-3F730D6994B2, cid=142, FAILED org.apache.ratis.protocol.NotLeaderException: Server c53771ff-a4da-40bc-be42-f397952cb81e@group-3F730D6994B2 is not the leader 28f29a4c-baf6-4c40-b523-744acc0a8c83:192.168.34.53:35385, logIndex=0, commits[c53771ff-a4da-40bc-be42-f397952cb81e:c15, cccfaecc-560c-4f58-9140-53bb7696e889:c14, 28f29a4c-baf6-4c40-b523-744acc0a8c83:c15]
2019-09-11 02:41:28,173 [java.util.concurrent.ThreadPoolExecutor$Worker@7b4e52e0[State = -1, empty queue]] WARN  server.GrpcLogAppender (GrpcLogAppender.java:timeoutAppendRequest(200)) - 28f29a4c-baf6-4c40-b523-744acc0a8c83@group-3F730D6994B2->c53771ff-a4da-40bc-be42-f397952cb81e-GrpcLogAppender: appendEntries Timeout, request=28f29a4c-baf6-4c40-b523-744acc0a8c83->c53771ff-a4da-40bc-be42-f397952cb81e#60-t1, previous=(t:1, i:21), leaderCommit=15, initializing? false, entries: <empty>
2019-09-11 02:41:28,173 [java.util.concurrent.ThreadPoolExecutor$Worker@1858f8f2[State = -1, empty queue]] WARN  server.GrpcLogAppender (GrpcLogAppender.java:timeoutAppendRequest(200)) - 28f29a4c-baf6-4c40-b523-744acc0a8c83@group-3F730D6994B2->cccfaecc-560c-4f58-9140-53bb7696e889-GrpcLogAppender: appendEntries Timeout, request=28f29a4c-baf6-4c40-b523-744acc0a8c83->cccfaecc-560c-4f58-9140-53bb7696e889#60-t1, previous=(t:1, i:21), leaderCommit=15, initializing? false, entries: <empty>
2019-09-11 02:41:30,149 [28f29a4c-baf6-4c40-b523-744acc0a8c83@group-3F730D6994B2-SegmentedRaftLogWorker] WARN  segmented.SegmentedRaftLogWorker (SegmentedRaftLogWorker.java:getFromFuture(90)) - Timeout 7/~
org.apache.ratis.protocol.TimeoutIOException: Timeout 10s: WriteLog:16: (t:1, i:16), STATEMACHINELOGENTRY, client-1271BDC01022, cid=142-writeStateMachineData
	at org.apache.ratis.util.IOUtils.getFromFuture(IOUtils.java:87)
	at org.apache.ratis.server.raftlog.segmented.SegmentedRaftLogWorker$StateMachineDataPolicy.getFromFuture(SegmentedRaftLogWorker.java:87)
	at org.apache.ratis.server.raftlog.segmented.SegmentedRaftLogWorker$WriteLog.execute(SegmentedRaftLogWorker.java:477)
	at org.apache.ratis.server.raftlog.segmented.SegmentedRaftLogWorker.run(SegmentedRaftLogWorker.java:289)
	at java.lang.Thread.run(Thread.java:748)
Caused by: java.util.concurrent.TimeoutException
	at java.util.concurrent.CompletableFuture.timedGet(CompletableFuture.java:1771)
	at java.util.concurrent.CompletableFuture.get(CompletableFuture.java:1915)
	at org.apache.ratis.util.IOUtils.getFromFuture(IOUtils.java:79)
	... 4 more
2019-09-11 02:41:30,172 [cccfaecc-560c-4f58-9140-53bb7696e889@group-3F730D6994B2-SegmentedRaftLogWorker] WARN  segmented.SegmentedRaftLogWorker (SegmentedRaftLogWorker.java:getFromFuture(90)) - Timeout 7/~
org.apache.ratis.protocol.TimeoutIOException: Timeout 10s: WriteLog:16: (t:1, i:16), STATEMACHINELOGENTRY, client-1271BDC01022, cid=142-writeStateMachineData
	at org.apache.ratis.util.IOUtils.getFromFuture(IOUtils.java:87)
	at org.apache.ratis.server.raftlog.segmented.SegmentedRaftLogWorker$StateMachineDataPolicy.getFromFuture(SegmentedRaftLogWorker.java:87)
	at org.apache.ratis.server.raftlog.segmented.SegmentedRaftLogWorker$WriteLog.execute(SegmentedRaftLogWorker.java:477)
	at org.apache.ratis.server.raftlog.segmented.SegmentedRaftLogWorker.run(SegmentedRaftLogWorker.java:289)
	at java.lang.Thread.run(Thread.java:748)
Caused by: java.util.concurrent.TimeoutException
	at java.util.concurrent.CompletableFuture.timedGet(CompletableFuture.java:1771)
	at java.util.concurrent.CompletableFuture.get(CompletableFuture.java:1915)
	at org.apache.ratis.util.IOUtils.getFromFuture(IOUtils.java:79)
	... 4 more
2019-09-11 02:41:30,173 [c53771ff-a4da-40bc-be42-f397952cb81e@group-3F730D6994B2-SegmentedRaftLogWorker] WARN  segmented.SegmentedRaftLogWorker (SegmentedRaftLogWorker.java:getFromFuture(90)) - Timeout 7/~
org.apache.ratis.protocol.TimeoutIOException: Timeout 10s: WriteLog:16: (t:1, i:16), STATEMACHINELOGENTRY, client-1271BDC01022, cid=142-writeStateMachineData
	at org.apache.ratis.util.IOUtils.getFromFuture(IOUtils.java:87)
	at org.apache.ratis.server.raftlog.segmented.SegmentedRaftLogWorker$StateMachineDataPolicy.getFromFuture(SegmentedRaftLogWorker.java:87)
	at org.apache.ratis.server.raftlog.segmented.SegmentedRaftLogWorker$WriteLog.execute(SegmentedRaftLogWorker.java:477)
	at org.apache.ratis.server.raftlog.segmented.SegmentedRaftLogWorker.run(SegmentedRaftLogWorker.java:289)
	at java.lang.Thread.run(Thread.java:748)
Caused by: java.util.concurrent.TimeoutException
	at java.util.concurrent.CompletableFuture.timedGet(CompletableFuture.java:1771)
	at java.util.concurrent.CompletableFuture.get(CompletableFuture.java:1915)
	at org.apache.ratis.util.IOUtils.getFromFuture(IOUtils.java:79)
	... 4 more
2019-09-11 02:41:30,673 [java.util.concurrent.ThreadPoolExecutor$Worker@1858f8f2[State = -1, empty queue]] WARN  server.GrpcLogAppender (GrpcLogAppender.java:timeoutAppendRequest(200)) - 28f29a4c-baf6-4c40-b523-744acc0a8c83@group-3F730D6994B2->cccfaecc-560c-4f58-9140-53bb7696e889-GrpcLogAppender: appendEntries Timeout, request=28f29a4c-baf6-4c40-b523-744acc0a8c83->cccfaecc-560c-4f58-9140-53bb7696e889#61-t1, previous=(t:1, i:21), leaderCommit=15, initializing? false, entries: <empty>
2019-09-11 02:41:30,673 [java.util.concurrent.ThreadPoolExecutor$Worker@7b4e52e0[State = -1, empty queue]] WARN  server.GrpcLogAppender (GrpcLogAppender.java:timeoutAppendRequest(200)) - 28f29a4c-baf6-4c40-b523-744acc0a8c83@group-3F730D6994B2->c53771ff-a4da-40bc-be42-f397952cb81e-GrpcLogAppender: appendEntries Timeout, request=28f29a4c-baf6-4c40-b523-744acc0a8c83->c53771ff-a4da-40bc-be42-f397952cb81e#61-t1, previous=(t:1, i:21), leaderCommit=15, initializing? false, entries: <empty>
2019-09-11 02:41:31,061 [grpc-default-executor-7] INFO  client.GrpcClientProtocolClient (GrpcClientProtocolClient.java:onNext(264)) - client-1271BDC01022->cccfaecc-560c-4f58-9140-53bb7696e889: receive RaftClientReply:client-1271BDC01022->cccfaecc-560c-4f58-9140-53bb7696e889@group-3F730D6994B2, cid=142, FAILED org.apache.ratis.protocol.NotLeaderException: Server cccfaecc-560c-4f58-9140-53bb7696e889@group-3F730D6994B2 is not the leader 28f29a4c-baf6-4c40-b523-744acc0a8c83:192.168.34.53:35385, logIndex=0, commits[cccfaecc-560c-4f58-9140-53bb7696e889:c15, c53771ff-a4da-40bc-be42-f397952cb81e:c14, 28f29a4c-baf6-4c40-b523-744acc0a8c83:c15]
2019-09-11 02:41:33,174 [java.util.concurrent.ThreadPoolExecutor$Worker@7b4e52e0[State = -1, empty queue]] WARN  server.GrpcLogAppender (GrpcLogAppender.java:timeoutAppendRequest(200)) - 28f29a4c-baf6-4c40-b523-744acc0a8c83@group-3F730D6994B2->c53771ff-a4da-40bc-be42-f397952cb81e-GrpcLogAppender: appendEntries Timeout, request=28f29a4c-baf6-4c40-b523-744acc0a8c83->c53771ff-a4da-40bc-be42-f397952cb81e#62-t1, previous=(t:1, i:21), leaderCommit=15, initializing? false, entries: <empty>
2019-09-11 02:41:33,174 [java.util.concurrent.ThreadPoolExecutor$Worker@1858f8f2[State = -1, empty queue]] WARN  server.GrpcLogAppender (GrpcLogAppender.java:timeoutAppendRequest(200)) - 28f29a4c-baf6-4c40-b523-744acc0a8c83@group-3F730D6994B2->cccfaecc-560c-4f58-9140-53bb7696e889-GrpcLogAppender: appendEntries Timeout, request=28f29a4c-baf6-4c40-b523-744acc0a8c83->cccfaecc-560c-4f58-9140-53bb7696e889#62-t1, previous=(t:1, i:21), leaderCommit=15, initializing? false, entries: <empty>
2019-09-11 02:41:35,674 [java.util.concurrent.ThreadPoolExecutor$Worker@7b4e52e0[State = -1, empty queue]] WARN  server.GrpcLogAppender (GrpcLogAppender.java:timeoutAppendRequest(200)) - 28f29a4c-baf6-4c40-b523-744acc0a8c83@group-3F730D6994B2->c53771ff-a4da-40bc-be42-f397952cb81e-GrpcLogAppender: appendEntries Timeout, request=28f29a4c-baf6-4c40-b523-744acc0a8c83->c53771ff-a4da-40bc-be42-f397952cb81e#63-t1, previous=(t:1, i:21), leaderCommit=15, initializing? false, entries: <empty>
2019-09-11 02:41:35,674 [java.util.concurrent.ThreadPoolExecutor$Worker@1858f8f2[State = -1, empty queue]] WARN  server.GrpcLogAppender (GrpcLogAppender.java:timeoutAppendRequest(200)) - 28f29a4c-baf6-4c40-b523-744acc0a8c83@group-3F730D6994B2->cccfaecc-560c-4f58-9140-53bb7696e889-GrpcLogAppender: appendEntries Timeout, request=28f29a4c-baf6-4c40-b523-744acc0a8c83->cccfaecc-560c-4f58-9140-53bb7696e889#63-t1, previous=(t:1, i:21), leaderCommit=15, initializing? false, entries: <empty>
2019-09-11 02:41:36,108 [grpc-default-executor-7] INFO  client.GrpcClientProtocolClient (GrpcClientProtocolClient.java:onNext(264)) - client-1271BDC01022->c53771ff-a4da-40bc-be42-f397952cb81e: receive RaftClientReply:client-1271BDC01022->c53771ff-a4da-40bc-be42-f397952cb81e@group-3F730D6994B2, cid=142, FAILED org.apache.ratis.protocol.NotLeaderException: Server c53771ff-a4da-40bc-be42-f397952cb81e@group-3F730D6994B2 is not the leader 28f29a4c-baf6-4c40-b523-744acc0a8c83:192.168.34.53:35385, logIndex=0, commits[c53771ff-a4da-40bc-be42-f397952cb81e:c15, cccfaecc-560c-4f58-9140-53bb7696e889:c14, 28f29a4c-baf6-4c40-b523-744acc0a8c83:c15]
2019-09-11 02:41:38,174 [java.util.concurrent.ThreadPoolExecutor$Worker@7b4e52e0[State = -1, empty queue]] WARN  server.GrpcLogAppender (GrpcLogAppender.java:timeoutAppendRequest(200)) - 28f29a4c-baf6-4c40-b523-744acc0a8c83@group-3F730D6994B2->c53771ff-a4da-40bc-be42-f397952cb81e-GrpcLogAppender: appendEntries Timeout, request=28f29a4c-baf6-4c40-b523-744acc0a8c83->c53771ff-a4da-40bc-be42-f397952cb81e#64-t1, previous=(t:1, i:21), leaderCommit=15, initializing? false, entries: <empty>
2019-09-11 02:41:38,174 [java.util.concurrent.ThreadPoolExecutor$Worker@1858f8f2[State = -1, empty queue]] WARN  server.GrpcLogAppender (GrpcLogAppender.java:timeoutAppendRequest(200)) - 28f29a4c-baf6-4c40-b523-744acc0a8c83@group-3F730D6994B2->cccfaecc-560c-4f58-9140-53bb7696e889-GrpcLogAppender: appendEntries Timeout, request=28f29a4c-baf6-4c40-b523-744acc0a8c83->cccfaecc-560c-4f58-9140-53bb7696e889#64-t1, previous=(t:1, i:21), leaderCommit=15, initializing? false, entries: <empty>
2019-09-11 02:41:40,151 [28f29a4c-baf6-4c40-b523-744acc0a8c83@group-3F730D6994B2-SegmentedRaftLogWorker] WARN  segmented.SegmentedRaftLogWorker (SegmentedRaftLogWorker.java:getFromFuture(90)) - Timeout 8/~
org.apache.ratis.protocol.TimeoutIOException: Timeout 10s: WriteLog:16: (t:1, i:16), STATEMACHINELOGENTRY, client-1271BDC01022, cid=142-writeStateMachineData
	at org.apache.ratis.util.IOUtils.getFromFuture(IOUtils.java:87)
	at org.apache.ratis.server.raftlog.segmented.SegmentedRaftLogWorker$StateMachineDataPolicy.getFromFuture(SegmentedRaftLogWorker.java:87)
	at org.apache.ratis.server.raftlog.segmented.SegmentedRaftLogWorker$WriteLog.execute(SegmentedRaftLogWorker.java:477)
	at org.apache.ratis.server.raftlog.segmented.SegmentedRaftLogWorker.run(SegmentedRaftLogWorker.java:289)
	at java.lang.Thread.run(Thread.java:748)
Caused by: java.util.concurrent.TimeoutException
	at java.util.concurrent.CompletableFuture.timedGet(CompletableFuture.java:1771)
	at java.util.concurrent.CompletableFuture.get(CompletableFuture.java:1915)
	at org.apache.ratis.util.IOUtils.getFromFuture(IOUtils.java:79)
	... 4 more
2019-09-11 02:41:40,173 [cccfaecc-560c-4f58-9140-53bb7696e889@group-3F730D6994B2-SegmentedRaftLogWorker] WARN  segmented.SegmentedRaftLogWorker (SegmentedRaftLogWorker.java:getFromFuture(90)) - Timeout 8/~
org.apache.ratis.protocol.TimeoutIOException: Timeout 10s: WriteLog:16: (t:1, i:16), STATEMACHINELOGENTRY, client-1271BDC01022, cid=142-writeStateMachineData
	at org.apache.ratis.util.IOUtils.getFromFuture(IOUtils.java:87)
	at org.apache.ratis.server.raftlog.segmented.SegmentedRaftLogWorker$StateMachineDataPolicy.getFromFuture(SegmentedRaftLogWorker.java:87)
	at org.apache.ratis.server.raftlog.segmented.SegmentedRaftLogWorker$WriteLog.execute(SegmentedRaftLogWorker.java:477)
	at org.apache.ratis.server.raftlog.segmented.SegmentedRaftLogWorker.run(SegmentedRaftLogWorker.java:289)
	at java.lang.Thread.run(Thread.java:748)
Caused by: java.util.concurrent.TimeoutException
	at java.util.concurrent.CompletableFuture.timedGet(CompletableFuture.java:1771)
	at java.util.concurrent.CompletableFuture.get(CompletableFuture.java:1915)
	at org.apache.ratis.util.IOUtils.getFromFuture(IOUtils.java:79)
	... 4 more
2019-09-11 02:41:40,174 [c53771ff-a4da-40bc-be42-f397952cb81e@group-3F730D6994B2-SegmentedRaftLogWorker] WARN  segmented.SegmentedRaftLogWorker (SegmentedRaftLogWorker.java:getFromFuture(90)) - Timeout 8/~
org.apache.ratis.protocol.TimeoutIOException: Timeout 10s: WriteLog:16: (t:1, i:16), STATEMACHINELOGENTRY, client-1271BDC01022, cid=142-writeStateMachineData
	at org.apache.ratis.util.IOUtils.getFromFuture(IOUtils.java:87)
	at org.apache.ratis.server.raftlog.segmented.SegmentedRaftLogWorker$StateMachineDataPolicy.getFromFuture(SegmentedRaftLogWorker.java:87)
	at org.apache.ratis.server.raftlog.segmented.SegmentedRaftLogWorker$WriteLog.execute(SegmentedRaftLogWorker.java:477)
	at org.apache.ratis.server.raftlog.segmented.SegmentedRaftLogWorker.run(SegmentedRaftLogWorker.java:289)
	at java.lang.Thread.run(Thread.java:748)
Caused by: java.util.concurrent.TimeoutException
	at java.util.concurrent.CompletableFuture.timedGet(CompletableFuture.java:1771)
	at java.util.concurrent.CompletableFuture.get(CompletableFuture.java:1915)
	at org.apache.ratis.util.IOUtils.getFromFuture(IOUtils.java:79)
	... 4 more
2019-09-11 02:41:40,674 [java.util.concurrent.ThreadPoolExecutor$Worker@7b4e52e0[State = -1, empty queue]] WARN  server.GrpcLogAppender (GrpcLogAppender.java:timeoutAppendRequest(200)) - 28f29a4c-baf6-4c40-b523-744acc0a8c83@group-3F730D6994B2->c53771ff-a4da-40bc-be42-f397952cb81e-GrpcLogAppender: appendEntries Timeout, request=28f29a4c-baf6-4c40-b523-744acc0a8c83->c53771ff-a4da-40bc-be42-f397952cb81e#65-t1, previous=(t:1, i:21), leaderCommit=15, initializing? false, entries: <empty>
2019-09-11 02:41:40,674 [java.util.concurrent.ThreadPoolExecutor$Worker@1858f8f2[State = -1, empty queue]] WARN  server.GrpcLogAppender (GrpcLogAppender.java:timeoutAppendRequest(200)) - 28f29a4c-baf6-4c40-b523-744acc0a8c83@group-3F730D6994B2->cccfaecc-560c-4f58-9140-53bb7696e889-GrpcLogAppender: appendEntries Timeout, request=28f29a4c-baf6-4c40-b523-744acc0a8c83->cccfaecc-560c-4f58-9140-53bb7696e889#65-t1, previous=(t:1, i:21), leaderCommit=15, initializing? false, entries: <empty>
2019-09-11 02:41:41,175 [grpc-default-executor-7] INFO  client.GrpcClientProtocolClient (GrpcClientProtocolClient.java:onNext(264)) - client-1271BDC01022->cccfaecc-560c-4f58-9140-53bb7696e889: receive RaftClientReply:client-1271BDC01022->cccfaecc-560c-4f58-9140-53bb7696e889@group-3F730D6994B2, cid=142, FAILED org.apache.ratis.protocol.NotLeaderException: Server cccfaecc-560c-4f58-9140-53bb7696e889@group-3F730D6994B2 is not the leader 28f29a4c-baf6-4c40-b523-744acc0a8c83:192.168.34.53:35385, logIndex=0, commits[cccfaecc-560c-4f58-9140-53bb7696e889:c15, c53771ff-a4da-40bc-be42-f397952cb81e:c14, 28f29a4c-baf6-4c40-b523-744acc0a8c83:c15]
2019-09-11 02:41:43,175 [java.util.concurrent.ThreadPoolExecutor$Worker@7b4e52e0[State = -1, empty queue]] WARN  server.GrpcLogAppender (GrpcLogAppender.java:timeoutAppendRequest(200)) - 28f29a4c-baf6-4c40-b523-744acc0a8c83@group-3F730D6994B2->c53771ff-a4da-40bc-be42-f397952cb81e-GrpcLogAppender: appendEntries Timeout, request=28f29a4c-baf6-4c40-b523-744acc0a8c83->c53771ff-a4da-40bc-be42-f397952cb81e#66-t1, previous=(t:1, i:21), leaderCommit=15, initializing? false, entries: <empty>
2019-09-11 02:41:43,175 [java.util.concurrent.ThreadPoolExecutor$Worker@1858f8f2[State = -1, empty queue]] WARN  server.GrpcLogAppender (GrpcLogAppender.java:timeoutAppendRequest(200)) - 28f29a4c-baf6-4c40-b523-744acc0a8c83@group-3F730D6994B2->cccfaecc-560c-4f58-9140-53bb7696e889-GrpcLogAppender: appendEntries Timeout, request=28f29a4c-baf6-4c40-b523-744acc0a8c83->cccfaecc-560c-4f58-9140-53bb7696e889#66-t1, previous=(t:1, i:21), leaderCommit=15, initializing? false, entries: <empty>
2019-09-11 02:41:45,675 [java.util.concurrent.ThreadPoolExecutor$Worker@7b4e52e0[State = -1, empty queue]] WARN  server.GrpcLogAppender (GrpcLogAppender.java:timeoutAppendRequest(200)) - 28f29a4c-baf6-4c40-b523-744acc0a8c83@group-3F730D6994B2->c53771ff-a4da-40bc-be42-f397952cb81e-GrpcLogAppender: appendEntries Timeout, request=28f29a4c-baf6-4c40-b523-744acc0a8c83->c53771ff-a4da-40bc-be42-f397952cb81e#67-t1, previous=(t:1, i:21), leaderCommit=15, initializing? false, entries: <empty>
2019-09-11 02:41:45,675 [java.util.concurrent.ThreadPoolExecutor$Worker@1858f8f2[State = -1, empty queue]] WARN  server.GrpcLogAppender (GrpcLogAppender.java:timeoutAppendRequest(200)) - 28f29a4c-baf6-4c40-b523-744acc0a8c83@group-3F730D6994B2->cccfaecc-560c-4f58-9140-53bb7696e889-GrpcLogAppender: appendEntries Timeout, request=28f29a4c-baf6-4c40-b523-744acc0a8c83->cccfaecc-560c-4f58-9140-53bb7696e889#67-t1, previous=(t:1, i:21), leaderCommit=15, initializing? false, entries: <empty>
2019-09-11 02:41:46,227 [grpc-default-executor-7] INFO  client.GrpcClientProtocolClient (GrpcClientProtocolClient.java:onNext(264)) - client-1271BDC01022->c53771ff-a4da-40bc-be42-f397952cb81e: receive RaftClientReply:client-1271BDC01022->c53771ff-a4da-40bc-be42-f397952cb81e@group-3F730D6994B2, cid=142, FAILED org.apache.ratis.protocol.NotLeaderException: Server c53771ff-a4da-40bc-be42-f397952cb81e@group-3F730D6994B2 is not the leader 28f29a4c-baf6-4c40-b523-744acc0a8c83:192.168.34.53:35385, logIndex=0, commits[c53771ff-a4da-40bc-be42-f397952cb81e:c15, cccfaecc-560c-4f58-9140-53bb7696e889:c14, 28f29a4c-baf6-4c40-b523-744acc0a8c83:c15]
2019-09-11 02:41:48,175 [java.util.concurrent.ThreadPoolExecutor$Worker@1858f8f2[State = -1, empty queue]] WARN  server.GrpcLogAppender (GrpcLogAppender.java:timeoutAppendRequest(200)) - 28f29a4c-baf6-4c40-b523-744acc0a8c83@group-3F730D6994B2->cccfaecc-560c-4f58-9140-53bb7696e889-GrpcLogAppender: appendEntries Timeout, request=28f29a4c-baf6-4c40-b523-744acc0a8c83->cccfaecc-560c-4f58-9140-53bb7696e889#68-t1, previous=(t:1, i:21), leaderCommit=15, initializing? false, entries: <empty>
2019-09-11 02:41:48,175 [java.util.concurrent.ThreadPoolExecutor$Worker@7b4e52e0[State = -1, empty queue]] WARN  server.GrpcLogAppender (GrpcLogAppender.java:timeoutAppendRequest(200)) - 28f29a4c-baf6-4c40-b523-744acc0a8c83@group-3F730D6994B2->c53771ff-a4da-40bc-be42-f397952cb81e-GrpcLogAppender: appendEntries Timeout, request=28f29a4c-baf6-4c40-b523-744acc0a8c83->c53771ff-a4da-40bc-be42-f397952cb81e#68-t1, previous=(t:1, i:21), leaderCommit=15, initializing? false, entries: <empty>
2019-09-11 02:41:50,153 [28f29a4c-baf6-4c40-b523-744acc0a8c83@group-3F730D6994B2-SegmentedRaftLogWorker] WARN  segmented.SegmentedRaftLogWorker (SegmentedRaftLogWorker.java:getFromFuture(90)) - Timeout 9/~
org.apache.ratis.protocol.TimeoutIOException: Timeout 10s: WriteLog:16: (t:1, i:16), STATEMACHINELOGENTRY, client-1271BDC01022, cid=142-writeStateMachineData
	at org.apache.ratis.util.IOUtils.getFromFuture(IOUtils.java:87)
	at org.apache.ratis.server.raftlog.segmented.SegmentedRaftLogWorker$StateMachineDataPolicy.getFromFuture(SegmentedRaftLogWorker.java:87)
	at org.apache.ratis.server.raftlog.segmented.SegmentedRaftLogWorker$WriteLog.execute(SegmentedRaftLogWorker.java:477)
	at org.apache.ratis.server.raftlog.segmented.SegmentedRaftLogWorker.run(SegmentedRaftLogWorker.java:289)
	at java.lang.Thread.run(Thread.java:748)
Caused by: java.util.concurrent.TimeoutException
	at java.util.concurrent.CompletableFuture.timedGet(CompletableFuture.java:1771)
	at java.util.concurrent.CompletableFuture.get(CompletableFuture.java:1915)
	at org.apache.ratis.util.IOUtils.getFromFuture(IOUtils.java:79)
	... 4 more
2019-09-11 02:41:50,173 [cccfaecc-560c-4f58-9140-53bb7696e889@group-3F730D6994B2-SegmentedRaftLogWorker] WARN  segmented.SegmentedRaftLogWorker (SegmentedRaftLogWorker.java:getFromFuture(90)) - Timeout 9/~
org.apache.ratis.protocol.TimeoutIOException: Timeout 10s: WriteLog:16: (t:1, i:16), STATEMACHINELOGENTRY, client-1271BDC01022, cid=142-writeStateMachineData
	at org.apache.ratis.util.IOUtils.getFromFuture(IOUtils.java:87)
	at org.apache.ratis.server.raftlog.segmented.SegmentedRaftLogWorker$StateMachineDataPolicy.getFromFuture(SegmentedRaftLogWorker.java:87)
	at org.apache.ratis.server.raftlog.segmented.SegmentedRaftLogWorker$WriteLog.execute(SegmentedRaftLogWorker.java:477)
	at org.apache.ratis.server.raftlog.segmented.SegmentedRaftLogWorker.run(SegmentedRaftLogWorker.java:289)
	at java.lang.Thread.run(Thread.java:748)
Caused by: java.util.concurrent.TimeoutException
	at java.util.concurrent.CompletableFuture.timedGet(CompletableFuture.java:1771)
	at java.util.concurrent.CompletableFuture.get(CompletableFuture.java:1915)
	at org.apache.ratis.util.IOUtils.getFromFuture(IOUtils.java:79)
	... 4 more
2019-09-11 02:41:50,175 [c53771ff-a4da-40bc-be42-f397952cb81e@group-3F730D6994B2-SegmentedRaftLogWorker] WARN  segmented.SegmentedRaftLogWorker (SegmentedRaftLogWorker.java:getFromFuture(90)) - Timeout 9/~
org.apache.ratis.protocol.TimeoutIOException: Timeout 10s: WriteLog:16: (t:1, i:16), STATEMACHINELOGENTRY, client-1271BDC01022, cid=142-writeStateMachineData
	at org.apache.ratis.util.IOUtils.getFromFuture(IOUtils.java:87)
	at org.apache.ratis.server.raftlog.segmented.SegmentedRaftLogWorker$StateMachineDataPolicy.getFromFuture(SegmentedRaftLogWorker.java:87)
	at org.apache.ratis.server.raftlog.segmented.SegmentedRaftLogWorker$WriteLog.execute(SegmentedRaftLogWorker.java:477)
	at org.apache.ratis.server.raftlog.segmented.SegmentedRaftLogWorker.run(SegmentedRaftLogWorker.java:289)
	at java.lang.Thread.run(Thread.java:748)
Caused by: java.util.concurrent.TimeoutException
	at java.util.concurrent.CompletableFuture.timedGet(CompletableFuture.java:1771)
	at java.util.concurrent.CompletableFuture.get(CompletableFuture.java:1915)
	at org.apache.ratis.util.IOUtils.getFromFuture(IOUtils.java:79)
	... 4 more
2019-09-11 02:41:50,675 [java.util.concurrent.ThreadPoolExecutor$Worker@7b4e52e0[State = -1, empty queue]] WARN  server.GrpcLogAppender (GrpcLogAppender.java:timeoutAppendRequest(200)) - 28f29a4c-baf6-4c40-b523-744acc0a8c83@group-3F730D6994B2->c53771ff-a4da-40bc-be42-f397952cb81e-GrpcLogAppender: appendEntries Timeout, request=28f29a4c-baf6-4c40-b523-744acc0a8c83->c53771ff-a4da-40bc-be42-f397952cb81e#69-t1, previous=(t:1, i:21), leaderCommit=15, initializing? false, entries: <empty>
2019-09-11 02:41:50,675 [java.util.concurrent.ThreadPoolExecutor$Worker@1858f8f2[State = -1, empty queue]] WARN  server.GrpcLogAppender (GrpcLogAppender.java:timeoutAppendRequest(200)) - 28f29a4c-baf6-4c40-b523-744acc0a8c83@group-3F730D6994B2->cccfaecc-560c-4f58-9140-53bb7696e889-GrpcLogAppender: appendEntries Timeout, request=28f29a4c-baf6-4c40-b523-744acc0a8c83->cccfaecc-560c-4f58-9140-53bb7696e889#69-t1, previous=(t:1, i:21), leaderCommit=15, initializing? false, entries: <empty>
2019-09-11 02:41:51,296 [grpc-default-executor-7] INFO  client.GrpcClientProtocolClient (GrpcClientProtocolClient.java:onNext(264)) - client-1271BDC01022->cccfaecc-560c-4f58-9140-53bb7696e889: receive RaftClientReply:client-1271BDC01022->cccfaecc-560c-4f58-9140-53bb7696e889@group-3F730D6994B2, cid=142, FAILED org.apache.ratis.protocol.NotLeaderException: Server cccfaecc-560c-4f58-9140-53bb7696e889@group-3F730D6994B2 is not the leader 28f29a4c-baf6-4c40-b523-744acc0a8c83:192.168.34.53:35385, logIndex=0, commits[cccfaecc-560c-4f58-9140-53bb7696e889:c15, c53771ff-a4da-40bc-be42-f397952cb81e:c14, 28f29a4c-baf6-4c40-b523-744acc0a8c83:c15]
2019-09-11 02:41:53,176 [java.util.concurrent.ThreadPoolExecutor$Worker@1858f8f2[State = -1, empty queue]] WARN  server.GrpcLogAppender (GrpcLogAppender.java:timeoutAppendRequest(200)) - 28f29a4c-baf6-4c40-b523-744acc0a8c83@group-3F730D6994B2->cccfaecc-560c-4f58-9140-53bb7696e889-GrpcLogAppender: appendEntries Timeout, request=28f29a4c-baf6-4c40-b523-744acc0a8c83->cccfaecc-560c-4f58-9140-53bb7696e889#70-t1, previous=(t:1, i:21), leaderCommit=15, initializing? false, entries: <empty>
2019-09-11 02:41:53,176 [java.util.concurrent.ThreadPoolExecutor$Worker@7b4e52e0[State = -1, empty queue]] WARN  server.GrpcLogAppender (GrpcLogAppender.java:timeoutAppendRequest(200)) - 28f29a4c-baf6-4c40-b523-744acc0a8c83@group-3F730D6994B2->c53771ff-a4da-40bc-be42-f397952cb81e-GrpcLogAppender: appendEntries Timeout, request=28f29a4c-baf6-4c40-b523-744acc0a8c83->c53771ff-a4da-40bc-be42-f397952cb81e#70-t1, previous=(t:1, i:21), leaderCommit=15, initializing? false, entries: <empty>
2019-09-11 02:41:55,677 [java.util.concurrent.ThreadPoolExecutor$Worker@1858f8f2[State = -1, empty queue]] WARN  server.GrpcLogAppender (GrpcLogAppender.java:timeoutAppendRequest(200)) - 28f29a4c-baf6-4c40-b523-744acc0a8c83@group-3F730D6994B2->cccfaecc-560c-4f58-9140-53bb7696e889-GrpcLogAppender: appendEntries Timeout, request=28f29a4c-baf6-4c40-b523-744acc0a8c83->cccfaecc-560c-4f58-9140-53bb7696e889#71-t1, previous=(t:1, i:21), leaderCommit=15, initializing? false, entries: <empty>
2019-09-11 02:41:55,677 [java.util.concurrent.ThreadPoolExecutor$Worker@7b4e52e0[State = -1, empty queue]] WARN  server.GrpcLogAppender (GrpcLogAppender.java:timeoutAppendRequest(200)) - 28f29a4c-baf6-4c40-b523-744acc0a8c83@group-3F730D6994B2->c53771ff-a4da-40bc-be42-f397952cb81e-GrpcLogAppender: appendEntries Timeout, request=28f29a4c-baf6-4c40-b523-744acc0a8c83->c53771ff-a4da-40bc-be42-f397952cb81e#71-t1, previous=(t:1, i:21), leaderCommit=15, initializing? false, entries: <empty>
2019-09-11 02:41:56,350 [grpc-default-executor-7] INFO  client.GrpcClientProtocolClient (GrpcClientProtocolClient.java:onNext(264)) - client-1271BDC01022->c53771ff-a4da-40bc-be42-f397952cb81e: receive RaftClientReply:client-1271BDC01022->c53771ff-a4da-40bc-be42-f397952cb81e@group-3F730D6994B2, cid=142, FAILED org.apache.ratis.protocol.NotLeaderException: Server c53771ff-a4da-40bc-be42-f397952cb81e@group-3F730D6994B2 is not the leader 28f29a4c-baf6-4c40-b523-744acc0a8c83:192.168.34.53:35385, logIndex=0, commits[c53771ff-a4da-40bc-be42-f397952cb81e:c15, cccfaecc-560c-4f58-9140-53bb7696e889:c14, 28f29a4c-baf6-4c40-b523-744acc0a8c83:c15]
2019-09-11 02:41:58,178 [java.util.concurrent.ThreadPoolExecutor$Worker@7b4e52e0[State = -1, empty queue]] WARN  server.GrpcLogAppender (GrpcLogAppender.java:timeoutAppendRequest(200)) - 28f29a4c-baf6-4c40-b523-744acc0a8c83@group-3F730D6994B2->c53771ff-a4da-40bc-be42-f397952cb81e-GrpcLogAppender: appendEntries Timeout, request=28f29a4c-baf6-4c40-b523-744acc0a8c83->c53771ff-a4da-40bc-be42-f397952cb81e#72-t1, previous=(t:1, i:21), leaderCommit=15, initializing? false, entries: <empty>
2019-09-11 02:41:58,178 [java.util.concurrent.ThreadPoolExecutor$Worker@1858f8f2[State = -1, empty queue]] WARN  server.GrpcLogAppender (GrpcLogAppender.java:timeoutAppendRequest(200)) - 28f29a4c-baf6-4c40-b523-744acc0a8c83@group-3F730D6994B2->cccfaecc-560c-4f58-9140-53bb7696e889-GrpcLogAppender: appendEntries Timeout, request=28f29a4c-baf6-4c40-b523-744acc0a8c83->cccfaecc-560c-4f58-9140-53bb7696e889#72-t1, previous=(t:1, i:21), leaderCommit=15, initializing? false, entries: <empty>
2019-09-11 02:42:00,155 [28f29a4c-baf6-4c40-b523-744acc0a8c83@group-3F730D6994B2-SegmentedRaftLogWorker] WARN  segmented.SegmentedRaftLogWorker (SegmentedRaftLogWorker.java:getFromFuture(90)) - Timeout 10/~
org.apache.ratis.protocol.TimeoutIOException: Timeout 10s: WriteLog:16: (t:1, i:16), STATEMACHINELOGENTRY, client-1271BDC01022, cid=142-writeStateMachineData
	at org.apache.ratis.util.IOUtils.getFromFuture(IOUtils.java:87)
	at org.apache.ratis.server.raftlog.segmented.SegmentedRaftLogWorker$StateMachineDataPolicy.getFromFuture(SegmentedRaftLogWorker.java:87)
	at org.apache.ratis.server.raftlog.segmented.SegmentedRaftLogWorker$WriteLog.execute(SegmentedRaftLogWorker.java:477)
	at org.apache.ratis.server.raftlog.segmented.SegmentedRaftLogWorker.run(SegmentedRaftLogWorker.java:289)
	at java.lang.Thread.run(Thread.java:748)
Caused by: java.util.concurrent.TimeoutException
	at java.util.concurrent.CompletableFuture.timedGet(CompletableFuture.java:1771)
	at java.util.concurrent.CompletableFuture.get(CompletableFuture.java:1915)
	at org.apache.ratis.util.IOUtils.getFromFuture(IOUtils.java:79)
	... 4 more
2019-09-11 02:42:00,174 [cccfaecc-560c-4f58-9140-53bb7696e889@group-3F730D6994B2-SegmentedRaftLogWorker] WARN  segmented.SegmentedRaftLogWorker (SegmentedRaftLogWorker.java:getFromFuture(90)) - Timeout 10/~
org.apache.ratis.protocol.TimeoutIOException: Timeout 10s: WriteLog:16: (t:1, i:16), STATEMACHINELOGENTRY, client-1271BDC01022, cid=142-writeStateMachineData
	at org.apache.ratis.util.IOUtils.getFromFuture(IOUtils.java:87)
	at org.apache.ratis.server.raftlog.segmented.SegmentedRaftLogWorker$StateMachineDataPolicy.getFromFuture(SegmentedRaftLogWorker.java:87)
	at org.apache.ratis.server.raftlog.segmented.SegmentedRaftLogWorker$WriteLog.execute(SegmentedRaftLogWorker.java:477)
	at org.apache.ratis.server.raftlog.segmented.SegmentedRaftLogWorker.run(SegmentedRaftLogWorker.java:289)
	at java.lang.Thread.run(Thread.java:748)
Caused by: java.util.concurrent.TimeoutException
	at java.util.concurrent.CompletableFuture.timedGet(CompletableFuture.java:1771)
	at java.util.concurrent.CompletableFuture.get(CompletableFuture.java:1915)
	at org.apache.ratis.util.IOUtils.getFromFuture(IOUtils.java:79)
	... 4 more
2019-09-11 02:42:00,175 [c53771ff-a4da-40bc-be42-f397952cb81e@group-3F730D6994B2-SegmentedRaftLogWorker] WARN  segmented.SegmentedRaftLogWorker (SegmentedRaftLogWorker.java:getFromFuture(90)) - Timeout 10/~
org.apache.ratis.protocol.TimeoutIOException: Timeout 10s: WriteLog:16: (t:1, i:16), STATEMACHINELOGENTRY, client-1271BDC01022, cid=142-writeStateMachineData
	at org.apache.ratis.util.IOUtils.getFromFuture(IOUtils.java:87)
	at org.apache.ratis.server.raftlog.segmented.SegmentedRaftLogWorker$StateMachineDataPolicy.getFromFuture(SegmentedRaftLogWorker.java:87)
	at org.apache.ratis.server.raftlog.segmented.SegmentedRaftLogWorker$WriteLog.execute(SegmentedRaftLogWorker.java:477)
	at org.apache.ratis.server.raftlog.segmented.SegmentedRaftLogWorker.run(SegmentedRaftLogWorker.java:289)
	at java.lang.Thread.run(Thread.java:748)
Caused by: java.util.concurrent.TimeoutException
	at java.util.concurrent.CompletableFuture.timedGet(CompletableFuture.java:1771)
	at java.util.concurrent.CompletableFuture.get(CompletableFuture.java:1915)
	at org.apache.ratis.util.IOUtils.getFromFuture(IOUtils.java:79)
	... 4 more
2019-09-11 02:42:00,679 [java.util.concurrent.ThreadPoolExecutor$Worker@1858f8f2[State = -1, empty queue]] WARN  server.GrpcLogAppender (GrpcLogAppender.java:timeoutAppendRequest(200)) - 28f29a4c-baf6-4c40-b523-744acc0a8c83@group-3F730D6994B2->cccfaecc-560c-4f58-9140-53bb7696e889-GrpcLogAppender: appendEntries Timeout, request=28f29a4c-baf6-4c40-b523-744acc0a8c83->cccfaecc-560c-4f58-9140-53bb7696e889#73-t1, previous=(t:1, i:21), leaderCommit=15, initializing? false, entries: <empty>
2019-09-11 02:42:00,679 [java.util.concurrent.ThreadPoolExecutor$Worker@7b4e52e0[State = -1, empty queue]] WARN  server.GrpcLogAppender (GrpcLogAppender.java:timeoutAppendRequest(200)) - 28f29a4c-baf6-4c40-b523-744acc0a8c83@group-3F730D6994B2->c53771ff-a4da-40bc-be42-f397952cb81e-GrpcLogAppender: appendEntries Timeout, request=28f29a4c-baf6-4c40-b523-744acc0a8c83->c53771ff-a4da-40bc-be42-f397952cb81e#73-t1, previous=(t:1, i:21), leaderCommit=15, initializing? false, entries: <empty>
2019-09-11 02:42:01,411 [grpc-default-executor-7] INFO  client.GrpcClientProtocolClient (GrpcClientProtocolClient.java:onNext(264)) - client-1271BDC01022->c53771ff-a4da-40bc-be42-f397952cb81e: receive RaftClientReply:client-1271BDC01022->c53771ff-a4da-40bc-be42-f397952cb81e@group-3F730D6994B2, cid=142, FAILED org.apache.ratis.protocol.NotLeaderException: Server c53771ff-a4da-40bc-be42-f397952cb81e@group-3F730D6994B2 is not the leader 28f29a4c-baf6-4c40-b523-744acc0a8c83:192.168.34.53:35385, logIndex=0, commits[c53771ff-a4da-40bc-be42-f397952cb81e:c15, cccfaecc-560c-4f58-9140-53bb7696e889:c14, 28f29a4c-baf6-4c40-b523-744acc0a8c83:c15]
2019-09-11 02:42:03,180 [java.util.concurrent.ThreadPoolExecutor$Worker@7b4e52e0[State = -1, empty queue]] WARN  server.GrpcLogAppender (GrpcLogAppender.java:timeoutAppendRequest(200)) - 28f29a4c-baf6-4c40-b523-744acc0a8c83@group-3F730D6994B2->c53771ff-a4da-40bc-be42-f397952cb81e-GrpcLogAppender: appendEntries Timeout, request=28f29a4c-baf6-4c40-b523-744acc0a8c83->c53771ff-a4da-40bc-be42-f397952cb81e#74-t1, previous=(t:1, i:21), leaderCommit=15, initializing? false, entries: <empty>
2019-09-11 02:42:03,180 [java.util.concurrent.ThreadPoolExecutor$Worker@1858f8f2[State = -1, empty queue]] WARN  server.GrpcLogAppender (GrpcLogAppender.java:timeoutAppendRequest(200)) - 28f29a4c-baf6-4c40-b523-744acc0a8c83@group-3F730D6994B2->cccfaecc-560c-4f58-9140-53bb7696e889-GrpcLogAppender: appendEntries Timeout, request=28f29a4c-baf6-4c40-b523-744acc0a8c83->cccfaecc-560c-4f58-9140-53bb7696e889#74-t1, previous=(t:1, i:21), leaderCommit=15, initializing? false, entries: <empty>
2019-09-11 02:42:05,681 [java.util.concurrent.ThreadPoolExecutor$Worker@7b4e52e0[State = -1, empty queue]] WARN  server.GrpcLogAppender (GrpcLogAppender.java:timeoutAppendRequest(200)) - 28f29a4c-baf6-4c40-b523-744acc0a8c83@group-3F730D6994B2->c53771ff-a4da-40bc-be42-f397952cb81e-GrpcLogAppender: appendEntries Timeout, request=28f29a4c-baf6-4c40-b523-744acc0a8c83->c53771ff-a4da-40bc-be42-f397952cb81e#75-t1, previous=(t:1, i:21), leaderCommit=15, initializing? false, entries: <empty>
2019-09-11 02:42:05,681 [java.util.concurrent.ThreadPoolExecutor$Worker@1858f8f2[State = -1, empty queue]] WARN  server.GrpcLogAppender (GrpcLogAppender.java:timeoutAppendRequest(200)) - 28f29a4c-baf6-4c40-b523-744acc0a8c83@group-3F730D6994B2->cccfaecc-560c-4f58-9140-53bb7696e889-GrpcLogAppender: appendEntries Timeout, request=28f29a4c-baf6-4c40-b523-744acc0a8c83->cccfaecc-560c-4f58-9140-53bb7696e889#75-t1, previous=(t:1, i:21), leaderCommit=15, initializing? false, entries: <empty>
2019-09-11 02:42:06,461 [grpc-default-executor-11] INFO  client.GrpcClientProtocolClient (GrpcClientProtocolClient.java:onNext(264)) - client-1271BDC01022->c53771ff-a4da-40bc-be42-f397952cb81e: receive RaftClientReply:client-1271BDC01022->c53771ff-a4da-40bc-be42-f397952cb81e@group-3F730D6994B2, cid=142, FAILED org.apache.ratis.protocol.NotLeaderException: Server c53771ff-a4da-40bc-be42-f397952cb81e@group-3F730D6994B2 is not the leader 28f29a4c-baf6-4c40-b523-744acc0a8c83:192.168.34.53:35385, logIndex=0, commits[c53771ff-a4da-40bc-be42-f397952cb81e:c15, cccfaecc-560c-4f58-9140-53bb7696e889:c14, 28f29a4c-baf6-4c40-b523-744acc0a8c83:c15]
2019-09-11 02:42:08,182 [java.util.concurrent.ThreadPoolExecutor$Worker@1858f8f2[State = -1, empty queue]] WARN  server.GrpcLogAppender (GrpcLogAppender.java:timeoutAppendRequest(200)) - 28f29a4c-baf6-4c40-b523-744acc0a8c83@group-3F730D6994B2->cccfaecc-560c-4f58-9140-53bb7696e889-GrpcLogAppender: appendEntries Timeout, request=28f29a4c-baf6-4c40-b523-744acc0a8c83->cccfaecc-560c-4f58-9140-53bb7696e889#76-t1, previous=(t:1, i:21), leaderCommit=15, initializing? false, entries: <empty>
2019-09-11 02:42:08,182 [java.util.concurrent.ThreadPoolExecutor$Worker@7b4e52e0[State = -1, empty queue]] WARN  server.GrpcLogAppender (GrpcLogAppender.java:timeoutAppendRequest(200)) - 28f29a4c-baf6-4c40-b523-744acc0a8c83@group-3F730D6994B2->c53771ff-a4da-40bc-be42-f397952cb81e-GrpcLogAppender: appendEntries Timeout, request=28f29a4c-baf6-4c40-b523-744acc0a8c83->c53771ff-a4da-40bc-be42-f397952cb81e#76-t1, previous=(t:1, i:21), leaderCommit=15, initializing? false, entries: <empty>
2019-09-11 02:42:10,157 [28f29a4c-baf6-4c40-b523-744acc0a8c83@group-3F730D6994B2-SegmentedRaftLogWorker] WARN  segmented.SegmentedRaftLogWorker (SegmentedRaftLogWorker.java:getFromFuture(90)) - Timeout 11/~
org.apache.ratis.protocol.TimeoutIOException: Timeout 10s: WriteLog:16: (t:1, i:16), STATEMACHINELOGENTRY, client-1271BDC01022, cid=142-writeStateMachineData
	at org.apache.ratis.util.IOUtils.getFromFuture(IOUtils.java:87)
	at org.apache.ratis.server.raftlog.segmented.SegmentedRaftLogWorker$StateMachineDataPolicy.getFromFuture(SegmentedRaftLogWorker.java:87)
	at org.apache.ratis.server.raftlog.segmented.SegmentedRaftLogWorker$WriteLog.execute(SegmentedRaftLogWorker.java:477)
	at org.apache.ratis.server.raftlog.segmented.SegmentedRaftLogWorker.run(SegmentedRaftLogWorker.java:289)
	at java.lang.Thread.run(Thread.java:748)
Caused by: java.util.concurrent.TimeoutException
	at java.util.concurrent.CompletableFuture.timedGet(CompletableFuture.java:1771)
	at java.util.concurrent.CompletableFuture.get(CompletableFuture.java:1915)
	at org.apache.ratis.util.IOUtils.getFromFuture(IOUtils.java:79)
	... 4 more
2019-09-11 02:42:10,175 [cccfaecc-560c-4f58-9140-53bb7696e889@group-3F730D6994B2-SegmentedRaftLogWorker] WARN  segmented.SegmentedRaftLogWorker (SegmentedRaftLogWorker.java:getFromFuture(90)) - Timeout 11/~
org.apache.ratis.protocol.TimeoutIOException: Timeout 10s: WriteLog:16: (t:1, i:16), STATEMACHINELOGENTRY, client-1271BDC01022, cid=142-writeStateMachineData
	at org.apache.ratis.util.IOUtils.getFromFuture(IOUtils.java:87)
	at org.apache.ratis.server.raftlog.segmented.SegmentedRaftLogWorker$StateMachineDataPolicy.getFromFuture(SegmentedRaftLogWorker.java:87)
	at org.apache.ratis.server.raftlog.segmented.SegmentedRaftLogWorker$WriteLog.execute(SegmentedRaftLogWorker.java:477)
	at org.apache.ratis.server.raftlog.segmented.SegmentedRaftLogWorker.run(SegmentedRaftLogWorker.java:289)
	at java.lang.Thread.run(Thread.java:748)
Caused by: java.util.concurrent.TimeoutException
	at java.util.concurrent.CompletableFuture.timedGet(CompletableFuture.java:1771)
	at java.util.concurrent.CompletableFuture.get(CompletableFuture.java:1915)
	at org.apache.ratis.util.IOUtils.getFromFuture(IOUtils.java:79)
	... 4 more
2019-09-11 02:42:10,176 [c53771ff-a4da-40bc-be42-f397952cb81e@group-3F730D6994B2-SegmentedRaftLogWorker] WARN  segmented.SegmentedRaftLogWorker (SegmentedRaftLogWorker.java:getFromFuture(90)) - Timeout 11/~
org.apache.ratis.protocol.TimeoutIOException: Timeout 10s: WriteLog:16: (t:1, i:16), STATEMACHINELOGENTRY, client-1271BDC01022, cid=142-writeStateMachineData
	at org.apache.ratis.util.IOUtils.getFromFuture(IOUtils.java:87)
	at org.apache.ratis.server.raftlog.segmented.SegmentedRaftLogWorker$StateMachineDataPolicy.getFromFuture(SegmentedRaftLogWorker.java:87)
	at org.apache.ratis.server.raftlog.segmented.SegmentedRaftLogWorker$WriteLog.execute(SegmentedRaftLogWorker.java:477)
	at org.apache.ratis.server.raftlog.segmented.SegmentedRaftLogWorker.run(SegmentedRaftLogWorker.java:289)
	at java.lang.Thread.run(Thread.java:748)
Caused by: java.util.concurrent.TimeoutException
	at java.util.concurrent.CompletableFuture.timedGet(CompletableFuture.java:1771)
	at java.util.concurrent.CompletableFuture.get(CompletableFuture.java:1915)
	at org.apache.ratis.util.IOUtils.getFromFuture(IOUtils.java:79)
	... 4 more
2019-09-11 02:42:10,184 [org.apache.ratis.server.impl.LogAppender$AppenderDaemon$$Lambda$515/1517268026@2655ea02] ERROR ratis.XceiverServerRatis (XceiverServerRatis.java:triggerPipelineClose(568)) - pipeline Action CLOSE  on pipeline PipelineID=161771de-e97c-43e9-8583-3f730d6994b2.Reason : 28f29a4c-baf6-4c40-b523-744acc0a8c83 has not seen follower/s c53771ff-a4da-40bc-be42-f397952cb81e for 120228ms cccfaecc-560c-4f58-9140-53bb7696e889 for 120228ms
2019-09-11 02:42:10,184 [org.apache.ratis.server.impl.LogAppender$AppenderDaemon$$Lambda$515/1517268026@3770b957] ERROR ratis.XceiverServerRatis (XceiverServerRatis.java:triggerPipelineClose(568)) - pipeline Action CLOSE  on pipeline PipelineID=161771de-e97c-43e9-8583-3f730d6994b2.Reason : 28f29a4c-baf6-4c40-b523-744acc0a8c83 has not seen follower/s c53771ff-a4da-40bc-be42-f397952cb81e for 120228ms cccfaecc-560c-4f58-9140-53bb7696e889 for 120228ms
2019-09-11 02:42:10,280 [EventQueue-PipelineActionsForPipelineActionHandler] ERROR pipeline.PipelineActionHandler (PipelineActionHandler.java:onMessage(60)) - Received pipeline action CLOSE for Pipeline[ Id: 161771de-e97c-43e9-8583-3f730d6994b2, Nodes: cccfaecc-560c-4f58-9140-53bb7696e889{ip: 192.168.34.53, host: pr-hdds-2107-sbngl-2106859965, networkLocation: /default-rack, certSerialId: null}28f29a4c-baf6-4c40-b523-744acc0a8c83{ip: 192.168.34.53, host: pr-hdds-2107-sbngl-2106859965, networkLocation: /default-rack, certSerialId: null}c53771ff-a4da-40bc-be42-f397952cb81e{ip: 192.168.34.53, host: pr-hdds-2107-sbngl-2106859965, networkLocation: /default-rack, certSerialId: null}, Type:RATIS, Factor:THREE, State:OPEN] from datanode 28f29a4c-baf6-4c40-b523-744acc0a8c83{ip: 192.168.34.53, host: pr-hdds-2107-sbngl-2106859965, networkLocation: /default-rack, certSerialId: null}. Reason : 28f29a4c-baf6-4c40-b523-744acc0a8c83 has not seen follower/s c53771ff-a4da-40bc-be42-f397952cb81e for 120228ms cccfaecc-560c-4f58-9140-53bb7696e889 for 120228ms
2019-09-11 02:42:10,280 [EventQueue-PipelineActionsForPipelineActionHandler] INFO  pipeline.SCMPipelineManager (SCMPipelineManager.java:finalizeAndDestroyPipeline(311)) - destroying pipeline:Pipeline[ Id: 161771de-e97c-43e9-8583-3f730d6994b2, Nodes: cccfaecc-560c-4f58-9140-53bb7696e889{ip: 192.168.34.53, host: pr-hdds-2107-sbngl-2106859965, networkLocation: /default-rack, certSerialId: null}28f29a4c-baf6-4c40-b523-744acc0a8c83{ip: 192.168.34.53, host: pr-hdds-2107-sbngl-2106859965, networkLocation: /default-rack, certSerialId: null}c53771ff-a4da-40bc-be42-f397952cb81e{ip: 192.168.34.53, host: pr-hdds-2107-sbngl-2106859965, networkLocation: /default-rack, certSerialId: null}, Type:RATIS, Factor:THREE, State:OPEN]
2019-09-11 02:42:10,281 [EventQueue-PipelineActionsForPipelineActionHandler] INFO  pipeline.PipelineStateManager (PipelineStateManager.java:finalizePipeline(123)) - Pipeline Pipeline[ Id: 161771de-e97c-43e9-8583-3f730d6994b2, Nodes: cccfaecc-560c-4f58-9140-53bb7696e889{ip: 192.168.34.53, host: pr-hdds-2107-sbngl-2106859965, networkLocation: /default-rack, certSerialId: null}28f29a4c-baf6-4c40-b523-744acc0a8c83{ip: 192.168.34.53, host: pr-hdds-2107-sbngl-2106859965, networkLocation: /default-rack, certSerialId: null}c53771ff-a4da-40bc-be42-f397952cb81e{ip: 192.168.34.53, host: pr-hdds-2107-sbngl-2106859965, networkLocation: /default-rack, certSerialId: null}, Type:RATIS, Factor:THREE, State:CLOSED] moved to CLOSED state
2019-09-11 02:42:10,281 [EventQueue-CloseContainerForCloseContainerEventHandler] INFO  container.CloseContainerEventHandler (CloseContainerEventHandler.java:onMessage(61)) - Close container Event triggered for container : #6
2019-09-11 02:42:10,283 [EventQueue-CloseContainerForCloseContainerEventHandler] INFO  container.CloseContainerEventHandler (CloseContainerEventHandler.java:onMessage(61)) - Close container Event triggered for container : #7
2019-09-11 02:42:10,283 [EventQueue-CloseContainerForCloseContainerEventHandler] INFO  container.CloseContainerEventHandler (CloseContainerEventHandler.java:onMessage(61)) - Close container Event triggered for container : #8
2019-09-11 02:42:10,683 [java.util.concurrent.ThreadPoolExecutor$Worker@1858f8f2[State = -1, empty queue]] WARN  server.GrpcLogAppender (GrpcLogAppender.java:timeoutAppendRequest(200)) - 28f29a4c-baf6-4c40-b523-744acc0a8c83@group-3F730D6994B2->cccfaecc-560c-4f58-9140-53bb7696e889-GrpcLogAppender: appendEntries Timeout, request=28f29a4c-baf6-4c40-b523-744acc0a8c83->cccfaecc-560c-4f58-9140-53bb7696e889#77-t1, previous=(t:1, i:21), leaderCommit=15, initializing? false, entries: <empty>
2019-09-11 02:42:10,683 [java.util.concurrent.ThreadPoolExecutor$Worker@7b4e52e0[State = -1, empty queue]] WARN  server.GrpcLogAppender (GrpcLogAppender.java:timeoutAppendRequest(200)) - 28f29a4c-baf6-4c40-b523-744acc0a8c83@group-3F730D6994B2->c53771ff-a4da-40bc-be42-f397952cb81e-GrpcLogAppender: appendEntries Timeout, request=28f29a4c-baf6-4c40-b523-744acc0a8c83->c53771ff-a4da-40bc-be42-f397952cb81e#77-t1, previous=(t:1, i:21), leaderCommit=15, initializing? false, entries: <empty>
2019-09-11 02:42:11,509 [grpc-default-executor-7] INFO  client.GrpcClientProtocolClient (GrpcClientProtocolClient.java:onNext(264)) - client-1271BDC01022->cccfaecc-560c-4f58-9140-53bb7696e889: receive RaftClientReply:client-1271BDC01022->cccfaecc-560c-4f58-9140-53bb7696e889@group-3F730D6994B2, cid=142, FAILED org.apache.ratis.protocol.NotLeaderException: Server cccfaecc-560c-4f58-9140-53bb7696e889@group-3F730D6994B2 is not the leader 28f29a4c-baf6-4c40-b523-744acc0a8c83:192.168.34.53:35385, logIndex=0, commits[cccfaecc-560c-4f58-9140-53bb7696e889:c15, c53771ff-a4da-40bc-be42-f397952cb81e:c14, 28f29a4c-baf6-4c40-b523-744acc0a8c83:c15]
2019-09-11 02:42:12,305 [org.apache.ratis.server.impl.LogAppender$AppenderDaemon$$Lambda$515/1517268026@3770b957] ERROR ratis.XceiverServerRatis (XceiverServerRatis.java:triggerPipelineClose(568)) - pipeline Action CLOSE  on pipeline PipelineID=161771de-e97c-43e9-8583-3f730d6994b2.Reason : 28f29a4c-baf6-4c40-b523-744acc0a8c83 has not seen follower/s c53771ff-a4da-40bc-be42-f397952cb81e for 122349ms cccfaecc-560c-4f58-9140-53bb7696e889 for 122349ms
2019-09-11 02:42:12,305 [org.apache.ratis.server.impl.LogAppender$AppenderDaemon$$Lambda$515/1517268026@2655ea02] ERROR ratis.XceiverServerRatis (XceiverServerRatis.java:triggerPipelineClose(568)) - pipeline Action CLOSE  on pipeline PipelineID=161771de-e97c-43e9-8583-3f730d6994b2.Reason : 28f29a4c-baf6-4c40-b523-744acc0a8c83 has not seen follower/s c53771ff-a4da-40bc-be42-f397952cb81e for 122349ms cccfaecc-560c-4f58-9140-53bb7696e889 for 122349ms
2019-09-11 02:42:13,184 [java.util.concurrent.ThreadPoolExecutor$Worker@7b4e52e0[State = -1, empty queue]] WARN  server.GrpcLogAppender (GrpcLogAppender.java:timeoutAppendRequest(200)) - 28f29a4c-baf6-4c40-b523-744acc0a8c83@group-3F730D6994B2->c53771ff-a4da-40bc-be42-f397952cb81e-GrpcLogAppender: appendEntries Timeout, request=28f29a4c-baf6-4c40-b523-744acc0a8c83->c53771ff-a4da-40bc-be42-f397952cb81e#78-t1, previous=(t:1, i:21), leaderCommit=15, initializing? false, entries: <empty>
2019-09-11 02:42:13,184 [java.util.concurrent.ThreadPoolExecutor$Worker@1858f8f2[State = -1, empty queue]] WARN  server.GrpcLogAppender (GrpcLogAppender.java:timeoutAppendRequest(200)) - 28f29a4c-baf6-4c40-b523-744acc0a8c83@group-3F730D6994B2->cccfaecc-560c-4f58-9140-53bb7696e889-GrpcLogAppender: appendEntries Timeout, request=28f29a4c-baf6-4c40-b523-744acc0a8c83->cccfaecc-560c-4f58-9140-53bb7696e889#78-t1, previous=(t:1, i:21), leaderCommit=15, initializing? false, entries: <empty>
2019-09-11 02:42:13,304 [EventQueue-PipelineActionsForPipelineActionHandler] ERROR pipeline.PipelineActionHandler (PipelineActionHandler.java:onMessage(60)) - Received pipeline action CLOSE for Pipeline[ Id: 161771de-e97c-43e9-8583-3f730d6994b2, Nodes: cccfaecc-560c-4f58-9140-53bb7696e889{ip: 192.168.34.53, host: pr-hdds-2107-sbngl-2106859965, networkLocation: /default-rack, certSerialId: null}28f29a4c-baf6-4c40-b523-744acc0a8c83{ip: 192.168.34.53, host: pr-hdds-2107-sbngl-2106859965, networkLocation: /default-rack, certSerialId: null}c53771ff-a4da-40bc-be42-f397952cb81e{ip: 192.168.34.53, host: pr-hdds-2107-sbngl-2106859965, networkLocation: /default-rack, certSerialId: null}, Type:RATIS, Factor:THREE, State:CLOSED] from datanode 28f29a4c-baf6-4c40-b523-744acc0a8c83{ip: 192.168.34.53, host: pr-hdds-2107-sbngl-2106859965, networkLocation: /default-rack, certSerialId: null}. Reason : 28f29a4c-baf6-4c40-b523-744acc0a8c83 has not seen follower/s c53771ff-a4da-40bc-be42-f397952cb81e for 122349ms cccfaecc-560c-4f58-9140-53bb7696e889 for 122349ms
2019-09-11 02:42:13,304 [EventQueue-PipelineActionsForPipelineActionHandler] INFO  pipeline.SCMPipelineManager (SCMPipelineManager.java:finalizeAndDestroyPipeline(311)) - destroying pipeline:Pipeline[ Id: 161771de-e97c-43e9-8583-3f730d6994b2, Nodes: cccfaecc-560c-4f58-9140-53bb7696e889{ip: 192.168.34.53, host: pr-hdds-2107-sbngl-2106859965, networkLocation: /default-rack, certSerialId: null}28f29a4c-baf6-4c40-b523-744acc0a8c83{ip: 192.168.34.53, host: pr-hdds-2107-sbngl-2106859965, networkLocation: /default-rack, certSerialId: null}c53771ff-a4da-40bc-be42-f397952cb81e{ip: 192.168.34.53, host: pr-hdds-2107-sbngl-2106859965, networkLocation: /default-rack, certSerialId: null}, Type:RATIS, Factor:THREE, State:CLOSED]
2019-09-11 02:42:14,807 [org.apache.ratis.server.impl.LogAppender$AppenderDaemon$$Lambda$515/1517268026@2655ea02] ERROR ratis.XceiverServerRatis (XceiverServerRatis.java:triggerPipelineClose(568)) - pipeline Action CLOSE  on pipeline PipelineID=161771de-e97c-43e9-8583-3f730d6994b2.Reason : 28f29a4c-baf6-4c40-b523-744acc0a8c83 has not seen follower/s c53771ff-a4da-40bc-be42-f397952cb81e for 124850ms cccfaecc-560c-4f58-9140-53bb7696e889 for 124850ms
2019-09-11 02:42:14,807 [org.apache.ratis.server.impl.LogAppender$AppenderDaemon$$Lambda$515/1517268026@3770b957] ERROR ratis.XceiverServerRatis (XceiverServerRatis.java:triggerPipelineClose(568)) - pipeline Action CLOSE  on pipeline PipelineID=161771de-e97c-43e9-8583-3f730d6994b2.Reason : 28f29a4c-baf6-4c40-b523-744acc0a8c83 has not seen follower/s c53771ff-a4da-40bc-be42-f397952cb81e for 124850ms cccfaecc-560c-4f58-9140-53bb7696e889 for 124850ms
2019-09-11 02:42:15,305 [EventQueue-PipelineActionsForPipelineActionHandler] ERROR pipeline.PipelineActionHandler (PipelineActionHandler.java:onMessage(60)) - Received pipeline action CLOSE for Pipeline[ Id: 161771de-e97c-43e9-8583-3f730d6994b2, Nodes: cccfaecc-560c-4f58-9140-53bb7696e889{ip: 192.168.34.53, host: pr-hdds-2107-sbngl-2106859965, networkLocation: /default-rack, certSerialId: null}28f29a4c-baf6-4c40-b523-744acc0a8c83{ip: 192.168.34.53, host: pr-hdds-2107-sbngl-2106859965, networkLocation: /default-rack, certSerialId: null}c53771ff-a4da-40bc-be42-f397952cb81e{ip: 192.168.34.53, host: pr-hdds-2107-sbngl-2106859965, networkLocation: /default-rack, certSerialId: null}, Type:RATIS, Factor:THREE, State:CLOSED] from datanode 28f29a4c-baf6-4c40-b523-744acc0a8c83{ip: 192.168.34.53, host: pr-hdds-2107-sbngl-2106859965, networkLocation: /default-rack, certSerialId: null}. Reason : 28f29a4c-baf6-4c40-b523-744acc0a8c83 has not seen follower/s c53771ff-a4da-40bc-be42-f397952cb81e for 124850ms cccfaecc-560c-4f58-9140-53bb7696e889 for 124850ms
2019-09-11 02:42:15,305 [EventQueue-PipelineActionsForPipelineActionHandler] INFO  pipeline.SCMPipelineManager (SCMPipelineManager.java:finalizeAndDestroyPipeline(311)) - destroying pipeline:Pipeline[ Id: 161771de-e97c-43e9-8583-3f730d6994b2, Nodes: cccfaecc-560c-4f58-9140-53bb7696e889{ip: 192.168.34.53, host: pr-hdds-2107-sbngl-2106859965, networkLocation: /default-rack, certSerialId: null}28f29a4c-baf6-4c40-b523-744acc0a8c83{ip: 192.168.34.53, host: pr-hdds-2107-sbngl-2106859965, networkLocation: /default-rack, certSerialId: null}c53771ff-a4da-40bc-be42-f397952cb81e{ip: 192.168.34.53, host: pr-hdds-2107-sbngl-2106859965, networkLocation: /default-rack, certSerialId: null}, Type:RATIS, Factor:THREE, State:CLOSED]
2019-09-11 02:42:15,306 [java.util.concurrent.ThreadPoolExecutor$Worker@7b4e52e0[State = -1, empty queue]] WARN  server.GrpcLogAppender (GrpcLogAppender.java:timeoutAppendRequest(200)) - 28f29a4c-baf6-4c40-b523-744acc0a8c83@group-3F730D6994B2->c53771ff-a4da-40bc-be42-f397952cb81e-GrpcLogAppender: appendEntries Timeout, request=28f29a4c-baf6-4c40-b523-744acc0a8c83->c53771ff-a4da-40bc-be42-f397952cb81e#79-t1, previous=(t:1, i:21), leaderCommit=15, initializing? false, entries: size=1, first=(t:1, i:22), STATEMACHINELOGENTRY, client-9E66ED82055A, cid=13
2019-09-11 02:42:15,306 [java.util.concurrent.ThreadPoolExecutor$Worker@1858f8f2[State = -1, empty queue]] WARN  server.GrpcLogAppender (GrpcLogAppender.java:timeoutAppendRequest(200)) - 28f29a4c-baf6-4c40-b523-744acc0a8c83@group-3F730D6994B2->cccfaecc-560c-4f58-9140-53bb7696e889-GrpcLogAppender: appendEntries Timeout, request=28f29a4c-baf6-4c40-b523-744acc0a8c83->cccfaecc-560c-4f58-9140-53bb7696e889#79-t1, previous=(t:1, i:21), leaderCommit=15, initializing? false, entries: size=1, first=(t:1, i:22), STATEMACHINELOGENTRY, client-9E66ED82055A, cid=13
2019-09-11 02:42:16,557 [grpc-default-executor-7] INFO  client.GrpcClientProtocolClient (GrpcClientProtocolClient.java:onNext(264)) - client-1271BDC01022->cccfaecc-560c-4f58-9140-53bb7696e889: receive RaftClientReply:client-1271BDC01022->cccfaecc-560c-4f58-9140-53bb7696e889@group-3F730D6994B2, cid=142, FAILED org.apache.ratis.protocol.NotLeaderException: Server cccfaecc-560c-4f58-9140-53bb7696e889@group-3F730D6994B2 is not the leader 28f29a4c-baf6-4c40-b523-744acc0a8c83:192.168.34.53:35385, logIndex=0, commits[cccfaecc-560c-4f58-9140-53bb7696e889:c15, c53771ff-a4da-40bc-be42-f397952cb81e:c14, 28f29a4c-baf6-4c40-b523-744acc0a8c83:c15]
2019-09-11 02:42:17,307 [org.apache.ratis.server.impl.LogAppender$AppenderDaemon$$Lambda$515/1517268026@3770b957] ERROR ratis.XceiverServerRatis (XceiverServerRatis.java:triggerPipelineClose(568)) - pipeline Action CLOSE  on pipeline PipelineID=161771de-e97c-43e9-8583-3f730d6994b2.Reason : 28f29a4c-baf6-4c40-b523-744acc0a8c83 has not seen follower/s c53771ff-a4da-40bc-be42-f397952cb81e for 127350ms cccfaecc-560c-4f58-9140-53bb7696e889 for 127351ms
2019-09-11 02:42:17,308 [org.apache.ratis.server.impl.LogAppender$AppenderDaemon$$Lambda$515/1517268026@2655ea02] ERROR ratis.XceiverServerRatis (XceiverServerRatis.java:triggerPipelineClose(568)) - pipeline Action CLOSE  on pipeline PipelineID=161771de-e97c-43e9-8583-3f730d6994b2.Reason : 28f29a4c-baf6-4c40-b523-744acc0a8c83 has not seen follower/s c53771ff-a4da-40bc-be42-f397952cb81e for 127351ms cccfaecc-560c-4f58-9140-53bb7696e889 for 127352ms
2019-09-11 02:42:17,807 [java.util.concurrent.ThreadPoolExecutor$Worker@1858f8f2[State = -1, empty queue]] WARN  server.GrpcLogAppender (GrpcLogAppender.java:timeoutAppendRequest(200)) - 28f29a4c-baf6-4c40-b523-744acc0a8c83@group-3F730D6994B2->cccfaecc-560c-4f58-9140-53bb7696e889-GrpcLogAppender: appendEntries Timeout, request=28f29a4c-baf6-4c40-b523-744acc0a8c83->cccfaecc-560c-4f58-9140-53bb7696e889#80-t1, previous=(t:1, i:22), leaderCommit=15, initializing? false, entries: <empty>
2019-09-11 02:42:17,807 [java.util.concurrent.ThreadPoolExecutor$Worker@7b4e52e0[State = -1, empty queue]] WARN  server.GrpcLogAppender (GrpcLogAppender.java:timeoutAppendRequest(200)) - 28f29a4c-baf6-4c40-b523-744acc0a8c83@group-3F730D6994B2->c53771ff-a4da-40bc-be42-f397952cb81e-GrpcLogAppender: appendEntries Timeout, request=28f29a4c-baf6-4c40-b523-744acc0a8c83->c53771ff-a4da-40bc-be42-f397952cb81e#80-t1, previous=(t:1, i:22), leaderCommit=15, initializing? false, entries: <empty>
2019-09-11 02:42:18,305 [EventQueue-PipelineActionsForPipelineActionHandler] ERROR pipeline.PipelineActionHandler (PipelineActionHandler.java:onMessage(60)) - Received pipeline action CLOSE for Pipeline[ Id: 161771de-e97c-43e9-8583-3f730d6994b2, Nodes: cccfaecc-560c-4f58-9140-53bb7696e889{ip: 192.168.34.53, host: pr-hdds-2107-sbngl-2106859965, networkLocation: /default-rack, certSerialId: null}28f29a4c-baf6-4c40-b523-744acc0a8c83{ip: 192.168.34.53, host: pr-hdds-2107-sbngl-2106859965, networkLocation: /default-rack, certSerialId: null}c53771ff-a4da-40bc-be42-f397952cb81e{ip: 192.168.34.53, host: pr-hdds-2107-sbngl-2106859965, networkLocation: /default-rack, certSerialId: null}, Type:RATIS, Factor:THREE, State:CLOSED] from datanode 28f29a4c-baf6-4c40-b523-744acc0a8c83{ip: 192.168.34.53, host: pr-hdds-2107-sbngl-2106859965, networkLocation: /default-rack, certSerialId: null}. Reason : 28f29a4c-baf6-4c40-b523-744acc0a8c83 has not seen follower/s c53771ff-a4da-40bc-be42-f397952cb81e for 127350ms cccfaecc-560c-4f58-9140-53bb7696e889 for 127351ms
2019-09-11 02:42:18,305 [EventQueue-PipelineActionsForPipelineActionHandler] INFO  pipeline.SCMPipelineManager (SCMPipelineManager.java:finalizeAndDestroyPipeline(311)) - destroying pipeline:Pipeline[ Id: 161771de-e97c-43e9-8583-3f730d6994b2, Nodes: cccfaecc-560c-4f58-9140-53bb7696e889{ip: 192.168.34.53, host: pr-hdds-2107-sbngl-2106859965, networkLocation: /default-rack, certSerialId: null}28f29a4c-baf6-4c40-b523-744acc0a8c83{ip: 192.168.34.53, host: pr-hdds-2107-sbngl-2106859965, networkLocation: /default-rack, certSerialId: null}c53771ff-a4da-40bc-be42-f397952cb81e{ip: 192.168.34.53, host: pr-hdds-2107-sbngl-2106859965, networkLocation: /default-rack, certSerialId: null}, Type:RATIS, Factor:THREE, State:CLOSED]
2019-09-11 02:42:19,809 [org.apache.ratis.server.impl.LogAppender$AppenderDaemon$$Lambda$515/1517268026@3770b957] ERROR ratis.XceiverServerRatis (XceiverServerRatis.java:triggerPipelineClose(568)) - pipeline Action CLOSE  on pipeline PipelineID=161771de-e97c-43e9-8583-3f730d6994b2.Reason : 28f29a4c-baf6-4c40-b523-744acc0a8c83 has not seen follower/s c53771ff-a4da-40bc-be42-f397952cb81e for 129852ms cccfaecc-560c-4f58-9140-53bb7696e889 for 129852ms
2019-09-11 02:42:19,809 [org.apache.ratis.server.impl.LogAppender$AppenderDaemon$$Lambda$515/1517268026@2655ea02] ERROR ratis.XceiverServerRatis (XceiverServerRatis.java:triggerPipelineClose(568)) - pipeline Action CLOSE  on pipeline PipelineID=161771de-e97c-43e9-8583-3f730d6994b2.Reason : 28f29a4c-baf6-4c40-b523-744acc0a8c83 has not seen follower/s c53771ff-a4da-40bc-be42-f397952cb81e for 129852ms cccfaecc-560c-4f58-9140-53bb7696e889 for 129852ms
2019-09-11 02:42:20,159 [28f29a4c-baf6-4c40-b523-744acc0a8c83@group-3F730D6994B2-SegmentedRaftLogWorker] WARN  segmented.SegmentedRaftLogWorker (SegmentedRaftLogWorker.java:getFromFuture(90)) - Timeout 12/~
org.apache.ratis.protocol.TimeoutIOException: Timeout 10s: WriteLog:16: (t:1, i:16), STATEMACHINELOGENTRY, client-1271BDC01022, cid=142-writeStateMachineData
	at org.apache.ratis.util.IOUtils.getFromFuture(IOUtils.java:87)
	at org.apache.ratis.server.raftlog.segmented.SegmentedRaftLogWorker$StateMachineDataPolicy.getFromFuture(SegmentedRaftLogWorker.java:87)
	at org.apache.ratis.server.raftlog.segmented.SegmentedRaftLogWorker$WriteLog.execute(SegmentedRaftLogWorker.java:477)
	at org.apache.ratis.server.raftlog.segmented.SegmentedRaftLogWorker.run(SegmentedRaftLogWorker.java:289)
	at java.lang.Thread.run(Thread.java:748)
Caused by: java.util.concurrent.TimeoutException
	at java.util.concurrent.CompletableFuture.timedGet(CompletableFuture.java:1771)
	at java.util.concurrent.CompletableFuture.get(CompletableFuture.java:1915)
	at org.apache.ratis.util.IOUtils.getFromFuture(IOUtils.java:79)
	... 4 more
2019-09-11 02:42:20,175 [cccfaecc-560c-4f58-9140-53bb7696e889@group-3F730D6994B2-SegmentedRaftLogWorker] WARN  segmented.SegmentedRaftLogWorker (SegmentedRaftLogWorker.java:getFromFuture(90)) - Timeout 12/~
org.apache.ratis.protocol.TimeoutIOException: Timeout 10s: WriteLog:16: (t:1, i:16), STATEMACHINELOGENTRY, client-1271BDC01022, cid=142-writeStateMachineData
	at org.apache.ratis.util.IOUtils.getFromFuture(IOUtils.java:87)
	at org.apache.ratis.server.raftlog.segmented.SegmentedRaftLogWorker$StateMachineDataPolicy.getFromFuture(SegmentedRaftLogWorker.java:87)
	at org.apache.ratis.server.raftlog.segmented.SegmentedRaftLogWorker$WriteLog.execute(SegmentedRaftLogWorker.java:477)
	at org.apache.ratis.server.raftlog.segmented.SegmentedRaftLogWorker.run(SegmentedRaftLogWorker.java:289)
	at java.lang.Thread.run(Thread.java:748)
Caused by: java.util.concurrent.TimeoutException
	at java.util.concurrent.CompletableFuture.timedGet(CompletableFuture.java:1771)
	at java.util.concurrent.CompletableFuture.get(CompletableFuture.java:1915)
	at org.apache.ratis.util.IOUtils.getFromFuture(IOUtils.java:79)
	... 4 more
2019-09-11 02:42:20,177 [c53771ff-a4da-40bc-be42-f397952cb81e@group-3F730D6994B2-SegmentedRaftLogWorker] WARN  segmented.SegmentedRaftLogWorker (SegmentedRaftLogWorker.java:getFromFuture(90)) - Timeout 12/~
org.apache.ratis.protocol.TimeoutIOException: Timeout 10s: WriteLog:16: (t:1, i:16), STATEMACHINELOGENTRY, client-1271BDC01022, cid=142-writeStateMachineData
	at org.apache.ratis.util.IOUtils.getFromFuture(IOUtils.java:87)
	at org.apache.ratis.server.raftlog.segmented.SegmentedRaftLogWorker$StateMachineDataPolicy.getFromFuture(SegmentedRaftLogWorker.java:87)
	at org.apache.ratis.server.raftlog.segmented.SegmentedRaftLogWorker$WriteLog.execute(SegmentedRaftLogWorker.java:477)
	at org.apache.ratis.server.raftlog.segmented.SegmentedRaftLogWorker.run(SegmentedRaftLogWorker.java:289)
	at java.lang.Thread.run(Thread.java:748)
Caused by: java.util.concurrent.TimeoutException
	at java.util.concurrent.CompletableFuture.timedGet(CompletableFuture.java:1771)
	at java.util.concurrent.CompletableFuture.get(CompletableFuture.java:1915)
	at org.apache.ratis.util.IOUtils.getFromFuture(IOUtils.java:79)
	... 4 more
2019-09-11 02:42:20,305 [EventQueue-PipelineActionsForPipelineActionHandler] ERROR pipeline.PipelineActionHandler (PipelineActionHandler.java:onMessage(60)) - Received pipeline action CLOSE for Pipeline[ Id: 161771de-e97c-43e9-8583-3f730d6994b2, Nodes: cccfaecc-560c-4f58-9140-53bb7696e889{ip: 192.168.34.53, host: pr-hdds-2107-sbngl-2106859965, networkLocation: /default-rack, certSerialId: null}28f29a4c-baf6-4c40-b523-744acc0a8c83{ip: 192.168.34.53, host: pr-hdds-2107-sbngl-2106859965, networkLocation: /default-rack, certSerialId: null}c53771ff-a4da-40bc-be42-f397952cb81e{ip: 192.168.34.53, host: pr-hdds-2107-sbngl-2106859965, networkLocation: /default-rack, certSerialId: null}, Type:RATIS, Factor:THREE, State:CLOSED] from datanode 28f29a4c-baf6-4c40-b523-744acc0a8c83{ip: 192.168.34.53, host: pr-hdds-2107-sbngl-2106859965, networkLocation: /default-rack, certSerialId: null}. Reason : 28f29a4c-baf6-4c40-b523-744acc0a8c83 has not seen follower/s c53771ff-a4da-40bc-be42-f397952cb81e for 129852ms cccfaecc-560c-4f58-9140-53bb7696e889 for 129852ms
2019-09-11 02:42:20,305 [EventQueue-PipelineActionsForPipelineActionHandler] INFO  pipeline.SCMPipelineManager (SCMPipelineManager.java:finalizeAndDestroyPipeline(311)) - destroying pipeline:Pipeline[ Id: 161771de-e97c-43e9-8583-3f730d6994b2, Nodes: cccfaecc-560c-4f58-9140-53bb7696e889{ip: 192.168.34.53, host: pr-hdds-2107-sbngl-2106859965, networkLocation: /default-rack, certSerialId: null}28f29a4c-baf6-4c40-b523-744acc0a8c83{ip: 192.168.34.53, host: pr-hdds-2107-sbngl-2106859965, networkLocation: /default-rack, certSerialId: null}c53771ff-a4da-40bc-be42-f397952cb81e{ip: 192.168.34.53, host: pr-hdds-2107-sbngl-2106859965, networkLocation: /default-rack, certSerialId: null}, Type:RATIS, Factor:THREE, State:CLOSED]
2019-09-11 02:42:20,307 [java.util.concurrent.ThreadPoolExecutor$Worker@1858f8f2[State = -1, empty queue]] WARN  server.GrpcLogAppender (GrpcLogAppender.java:timeoutAppendRequest(200)) - 28f29a4c-baf6-4c40-b523-744acc0a8c83@group-3F730D6994B2->cccfaecc-560c-4f58-9140-53bb7696e889-GrpcLogAppender: appendEntries Timeout, request=28f29a4c-baf6-4c40-b523-744acc0a8c83->cccfaecc-560c-4f58-9140-53bb7696e889#81-t1, previous=(t:1, i:22), leaderCommit=15, initializing? false, entries: <empty>
2019-09-11 02:42:20,308 [java.util.concurrent.ThreadPoolExecutor$Worker@7b4e52e0[State = -1, empty queue]] WARN  server.GrpcLogAppender (GrpcLogAppender.java:timeoutAppendRequest(200)) - 28f29a4c-baf6-4c40-b523-744acc0a8c83@group-3F730D6994B2->c53771ff-a4da-40bc-be42-f397952cb81e-GrpcLogAppender: appendEntries Timeout, request=28f29a4c-baf6-4c40-b523-744acc0a8c83->c53771ff-a4da-40bc-be42-f397952cb81e#81-t1, previous=(t:1, i:22), leaderCommit=15, initializing? false, entries: <empty>
2019-09-11 02:42:21,605 [grpc-default-executor-7] INFO  client.GrpcClientProtocolClient (GrpcClientProtocolClient.java:onNext(264)) - client-1271BDC01022->c53771ff-a4da-40bc-be42-f397952cb81e: receive RaftClientReply:client-1271BDC01022->c53771ff-a4da-40bc-be42-f397952cb81e@group-3F730D6994B2, cid=142, FAILED org.apache.ratis.protocol.NotLeaderException: Server c53771ff-a4da-40bc-be42-f397952cb81e@group-3F730D6994B2 is not the leader 28f29a4c-baf6-4c40-b523-744acc0a8c83:192.168.34.53:35385, logIndex=0, commits[c53771ff-a4da-40bc-be42-f397952cb81e:c15, cccfaecc-560c-4f58-9140-53bb7696e889:c14, 28f29a4c-baf6-4c40-b523-744acc0a8c83:c15]
2019-09-11 02:42:22,310 [org.apache.ratis.server.impl.LogAppender$AppenderDaemon$$Lambda$515/1517268026@3770b957] ERROR ratis.XceiverServerRatis (XceiverServerRatis.java:triggerPipelineClose(568)) - pipeline Action CLOSE  on pipeline PipelineID=161771de-e97c-43e9-8583-3f730d6994b2.Reason : 28f29a4c-baf6-4c40-b523-744acc0a8c83 has not seen follower/s c53771ff-a4da-40bc-be42-f397952cb81e for 132353ms cccfaecc-560c-4f58-9140-53bb7696e889 for 132353ms
2019-09-11 02:42:22,310 [org.apache.ratis.server.impl.LogAppender$AppenderDaemon$$Lambda$515/1517268026@2655ea02] ERROR ratis.XceiverServerRatis (XceiverServerRatis.java:triggerPipelineClose(568)) - pipeline Action CLOSE  on pipeline PipelineID=161771de-e97c-43e9-8583-3f730d6994b2.Reason : 28f29a4c-baf6-4c40-b523-744acc0a8c83 has not seen follower/s c53771ff-a4da-40bc-be42-f397952cb81e for 132353ms cccfaecc-560c-4f58-9140-53bb7696e889 for 132353ms
2019-09-11 02:42:22,808 [java.util.concurrent.ThreadPoolExecutor$Worker@7b4e52e0[State = -1, empty queue]] WARN  server.GrpcLogAppender (GrpcLogAppender.java:timeoutAppendRequest(200)) - 28f29a4c-baf6-4c40-b523-744acc0a8c83@group-3F730D6994B2->c53771ff-a4da-40bc-be42-f397952cb81e-GrpcLogAppender: appendEntries Timeout, request=28f29a4c-baf6-4c40-b523-744acc0a8c83->c53771ff-a4da-40bc-be42-f397952cb81e#82-t1, previous=(t:1, i:22), leaderCommit=15, initializing? false, entries: <empty>
2019-09-11 02:42:22,809 [java.util.concurrent.ThreadPoolExecutor$Worker@1858f8f2[State = -1, empty queue]] WARN  server.GrpcLogAppender (GrpcLogAppender.java:timeoutAppendRequest(200)) - 28f29a4c-baf6-4c40-b523-744acc0a8c83@group-3F730D6994B2->cccfaecc-560c-4f58-9140-53bb7696e889-GrpcLogAppender: appendEntries Timeout, request=28f29a4c-baf6-4c40-b523-744acc0a8c83->cccfaecc-560c-4f58-9140-53bb7696e889#82-t1, previous=(t:1, i:22), leaderCommit=15, initializing? false, entries: <empty>
2019-09-11 02:42:23,306 [EventQueue-PipelineActionsForPipelineActionHandler] ERROR pipeline.PipelineActionHandler (PipelineActionHandler.java:onMessage(60)) - Received pipeline action CLOSE for Pipeline[ Id: 161771de-e97c-43e9-8583-3f730d6994b2, Nodes: cccfaecc-560c-4f58-9140-53bb7696e889{ip: 192.168.34.53, host: pr-hdds-2107-sbngl-2106859965, networkLocation: /default-rack, certSerialId: null}28f29a4c-baf6-4c40-b523-744acc0a8c83{ip: 192.168.34.53, host: pr-hdds-2107-sbngl-2106859965, networkLocation: /default-rack, certSerialId: null}c53771ff-a4da-40bc-be42-f397952cb81e{ip: 192.168.34.53, host: pr-hdds-2107-sbngl-2106859965, networkLocation: /default-rack, certSerialId: null}, Type:RATIS, Factor:THREE, State:CLOSED] from datanode 28f29a4c-baf6-4c40-b523-744acc0a8c83{ip: 192.168.34.53, host: pr-hdds-2107-sbngl-2106859965, networkLocation: /default-rack, certSerialId: null}. Reason : 28f29a4c-baf6-4c40-b523-744acc0a8c83 has not seen follower/s c53771ff-a4da-40bc-be42-f397952cb81e for 132353ms cccfaecc-560c-4f58-9140-53bb7696e889 for 132353ms
2019-09-11 02:42:23,307 [EventQueue-PipelineActionsForPipelineActionHandler] INFO  pipeline.SCMPipelineManager (SCMPipelineManager.java:finalizeAndDestroyPipeline(311)) - destroying pipeline:Pipeline[ Id: 161771de-e97c-43e9-8583-3f730d6994b2, Nodes: cccfaecc-560c-4f58-9140-53bb7696e889{ip: 192.168.34.53, host: pr-hdds-2107-sbngl-2106859965, networkLocation: /default-rack, certSerialId: null}28f29a4c-baf6-4c40-b523-744acc0a8c83{ip: 192.168.34.53, host: pr-hdds-2107-sbngl-2106859965, networkLocation: /default-rack, certSerialId: null}c53771ff-a4da-40bc-be42-f397952cb81e{ip: 192.168.34.53, host: pr-hdds-2107-sbngl-2106859965, networkLocation: /default-rack, certSerialId: null}, Type:RATIS, Factor:THREE, State:CLOSED]
2019-09-11 02:42:24,812 [org.apache.ratis.server.impl.LogAppender$AppenderDaemon$$Lambda$515/1517268026@2655ea02] ERROR ratis.XceiverServerRatis (XceiverServerRatis.java:triggerPipelineClose(568)) - pipeline Action CLOSE  on pipeline PipelineID=161771de-e97c-43e9-8583-3f730d6994b2.Reason : 28f29a4c-baf6-4c40-b523-744acc0a8c83 has not seen follower/s c53771ff-a4da-40bc-be42-f397952cb81e for 134854ms cccfaecc-560c-4f58-9140-53bb7696e889 for 134855ms
2019-09-11 02:42:24,812 [org.apache.ratis.server.impl.LogAppender$AppenderDaemon$$Lambda$515/1517268026@3770b957] ERROR ratis.XceiverServerRatis (XceiverServerRatis.java:triggerPipelineClose(568)) - pipeline Action CLOSE  on pipeline PipelineID=161771de-e97c-43e9-8583-3f730d6994b2.Reason : 28f29a4c-baf6-4c40-b523-744acc0a8c83 has not seen follower/s c53771ff-a4da-40bc-be42-f397952cb81e for 134854ms cccfaecc-560c-4f58-9140-53bb7696e889 for 134855ms
2019-09-11 02:42:25,306 [EventQueue-PipelineActionsForPipelineActionHandler] ERROR pipeline.PipelineActionHandler (PipelineActionHandler.java:onMessage(60)) - Received pipeline action CLOSE for Pipeline[ Id: 161771de-e97c-43e9-8583-3f730d6994b2, Nodes: cccfaecc-560c-4f58-9140-53bb7696e889{ip: 192.168.34.53, host: pr-hdds-2107-sbngl-2106859965, networkLocation: /default-rack, certSerialId: null}28f29a4c-baf6-4c40-b523-744acc0a8c83{ip: 192.168.34.53, host: pr-hdds-2107-sbngl-2106859965, networkLocation: /default-rack, certSerialId: null}c53771ff-a4da-40bc-be42-f397952cb81e{ip: 192.168.34.53, host: pr-hdds-2107-sbngl-2106859965, networkLocation: /default-rack, certSerialId: null}, Type:RATIS, Factor:THREE, State:CLOSED] from datanode 28f29a4c-baf6-4c40-b523-744acc0a8c83{ip: 192.168.34.53, host: pr-hdds-2107-sbngl-2106859965, networkLocation: /default-rack, certSerialId: null}. Reason : 28f29a4c-baf6-4c40-b523-744acc0a8c83 has not seen follower/s c53771ff-a4da-40bc-be42-f397952cb81e for 134854ms cccfaecc-560c-4f58-9140-53bb7696e889 for 134855ms
2019-09-11 02:42:25,306 [EventQueue-PipelineActionsForPipelineActionHandler] INFO  pipeline.SCMPipelineManager (SCMPipelineManager.java:finalizeAndDestroyPipeline(311)) - destroying pipeline:Pipeline[ Id: 161771de-e97c-43e9-8583-3f730d6994b2, Nodes: cccfaecc-560c-4f58-9140-53bb7696e889{ip: 192.168.34.53, host: pr-hdds-2107-sbngl-2106859965, networkLocation: /default-rack, certSerialId: null}28f29a4c-baf6-4c40-b523-744acc0a8c83{ip: 192.168.34.53, host: pr-hdds-2107-sbngl-2106859965, networkLocation: /default-rack, certSerialId: null}c53771ff-a4da-40bc-be42-f397952cb81e{ip: 192.168.34.53, host: pr-hdds-2107-sbngl-2106859965, networkLocation: /default-rack, certSerialId: null}, Type:RATIS, Factor:THREE, State:CLOSED]
2019-09-11 02:42:25,309 [java.util.concurrent.ThreadPoolExecutor$Worker@1858f8f2[State = -1, empty queue]] WARN  server.GrpcLogAppender (GrpcLogAppender.java:timeoutAppendRequest(200)) - 28f29a4c-baf6-4c40-b523-744acc0a8c83@group-3F730D6994B2->cccfaecc-560c-4f58-9140-53bb7696e889-GrpcLogAppender: appendEntries Timeout, request=28f29a4c-baf6-4c40-b523-744acc0a8c83->cccfaecc-560c-4f58-9140-53bb7696e889#83-t1, previous=(t:1, i:22), leaderCommit=15, initializing? false, entries: <empty>
2019-09-11 02:42:25,309 [java.util.concurrent.ThreadPoolExecutor$Worker@7b4e52e0[State = -1, empty queue]] WARN  server.GrpcLogAppender (GrpcLogAppender.java:timeoutAppendRequest(200)) - 28f29a4c-baf6-4c40-b523-744acc0a8c83@group-3F730D6994B2->c53771ff-a4da-40bc-be42-f397952cb81e-GrpcLogAppender: appendEntries Timeout, request=28f29a4c-baf6-4c40-b523-744acc0a8c83->c53771ff-a4da-40bc-be42-f397952cb81e#83-t1, previous=(t:1, i:22), leaderCommit=15, initializing? false, entries: <empty>
2019-09-11 02:42:26,663 [grpc-default-executor-11] INFO  client.GrpcClientProtocolClient (GrpcClientProtocolClient.java:onNext(264)) - client-1271BDC01022->c53771ff-a4da-40bc-be42-f397952cb81e: receive RaftClientReply:client-1271BDC01022->c53771ff-a4da-40bc-be42-f397952cb81e@group-3F730D6994B2, cid=142, FAILED org.apache.ratis.protocol.NotLeaderException: Server c53771ff-a4da-40bc-be42-f397952cb81e@group-3F730D6994B2 is not the leader 28f29a4c-baf6-4c40-b523-744acc0a8c83:192.168.34.53:35385, logIndex=0, commits[c53771ff-a4da-40bc-be42-f397952cb81e:c15, cccfaecc-560c-4f58-9140-53bb7696e889:c14, 28f29a4c-baf6-4c40-b523-744acc0a8c83:c15]
2019-09-11 02:42:27,312 [org.apache.ratis.server.impl.LogAppender$AppenderDaemon$$Lambda$515/1517268026@2655ea02] ERROR ratis.XceiverServerRatis (XceiverServerRatis.java:triggerPipelineClose(568)) - pipeline Action CLOSE  on pipeline PipelineID=161771de-e97c-43e9-8583-3f730d6994b2.Reason : 28f29a4c-baf6-4c40-b523-744acc0a8c83 has not seen follower/s c53771ff-a4da-40bc-be42-f397952cb81e for 137355ms cccfaecc-560c-4f58-9140-53bb7696e889 for 137356ms
2019-09-11 02:42:27,312 [org.apache.ratis.server.impl.LogAppender$AppenderDaemon$$Lambda$515/1517268026@3770b957] ERROR ratis.XceiverServerRatis (XceiverServerRatis.java:triggerPipelineClose(568)) - pipeline Action CLOSE  on pipeline PipelineID=161771de-e97c-43e9-8583-3f730d6994b2.Reason : 28f29a4c-baf6-4c40-b523-744acc0a8c83 has not seen follower/s c53771ff-a4da-40bc-be42-f397952cb81e for 137355ms cccfaecc-560c-4f58-9140-53bb7696e889 for 137356ms
2019-09-11 02:42:27,811 [java.util.concurrent.ThreadPoolExecutor$Worker@7b4e52e0[State = -1, empty queue]] WARN  server.GrpcLogAppender (GrpcLogAppender.java:timeoutAppendRequest(200)) - 28f29a4c-baf6-4c40-b523-744acc0a8c83@group-3F730D6994B2->c53771ff-a4da-40bc-be42-f397952cb81e-GrpcLogAppender: appendEntries Timeout, request=28f29a4c-baf6-4c40-b523-744acc0a8c83->c53771ff-a4da-40bc-be42-f397952cb81e#84-t1, previous=(t:1, i:22), leaderCommit=15, initializing? false, entries: <empty>
2019-09-11 02:42:27,811 [java.util.concurrent.ThreadPoolExecutor$Worker@1858f8f2[State = -1, empty queue]] WARN  server.GrpcLogAppender (GrpcLogAppender.java:timeoutAppendRequest(200)) - 28f29a4c-baf6-4c40-b523-744acc0a8c83@group-3F730D6994B2->cccfaecc-560c-4f58-9140-53bb7696e889-GrpcLogAppender: appendEntries Timeout, request=28f29a4c-baf6-4c40-b523-744acc0a8c83->cccfaecc-560c-4f58-9140-53bb7696e889#84-t1, previous=(t:1, i:22), leaderCommit=15, initializing? false, entries: <empty>
2019-09-11 02:42:28,306 [EventQueue-PipelineActionsForPipelineActionHandler] ERROR pipeline.PipelineActionHandler (PipelineActionHandler.java:onMessage(60)) - Received pipeline action CLOSE for Pipeline[ Id: 161771de-e97c-43e9-8583-3f730d6994b2, Nodes: cccfaecc-560c-4f58-9140-53bb7696e889{ip: 192.168.34.53, host: pr-hdds-2107-sbngl-2106859965, networkLocation: /default-rack, certSerialId: null}28f29a4c-baf6-4c40-b523-744acc0a8c83{ip: 192.168.34.53, host: pr-hdds-2107-sbngl-2106859965, networkLocation: /default-rack, certSerialId: null}c53771ff-a4da-40bc-be42-f397952cb81e{ip: 192.168.34.53, host: pr-hdds-2107-sbngl-2106859965, networkLocation: /default-rack, certSerialId: null}, Type:RATIS, Factor:THREE, State:CLOSED] from datanode 28f29a4c-baf6-4c40-b523-744acc0a8c83{ip: 192.168.34.53, host: pr-hdds-2107-sbngl-2106859965, networkLocation: /default-rack, certSerialId: null}. Reason : 28f29a4c-baf6-4c40-b523-744acc0a8c83 has not seen follower/s c53771ff-a4da-40bc-be42-f397952cb81e for 137355ms cccfaecc-560c-4f58-9140-53bb7696e889 for 137356ms
2019-09-11 02:42:28,306 [EventQueue-PipelineActionsForPipelineActionHandler] INFO  pipeline.SCMPipelineManager (SCMPipelineManager.java:finalizeAndDestroyPipeline(311)) - destroying pipeline:Pipeline[ Id: 161771de-e97c-43e9-8583-3f730d6994b2, Nodes: cccfaecc-560c-4f58-9140-53bb7696e889{ip: 192.168.34.53, host: pr-hdds-2107-sbngl-2106859965, networkLocation: /default-rack, certSerialId: null}28f29a4c-baf6-4c40-b523-744acc0a8c83{ip: 192.168.34.53, host: pr-hdds-2107-sbngl-2106859965, networkLocation: /default-rack, certSerialId: null}c53771ff-a4da-40bc-be42-f397952cb81e{ip: 192.168.34.53, host: pr-hdds-2107-sbngl-2106859965, networkLocation: /default-rack, certSerialId: null}, Type:RATIS, Factor:THREE, State:CLOSED]
2019-09-11 02:42:29,814 [org.apache.ratis.server.impl.LogAppender$AppenderDaemon$$Lambda$515/1517268026@2655ea02] ERROR ratis.XceiverServerRatis (XceiverServerRatis.java:triggerPipelineClose(568)) - pipeline Action CLOSE  on pipeline PipelineID=161771de-e97c-43e9-8583-3f730d6994b2.Reason : 28f29a4c-baf6-4c40-b523-744acc0a8c83 has not seen follower/s c53771ff-a4da-40bc-be42-f397952cb81e for 139857ms cccfaecc-560c-4f58-9140-53bb7696e889 for 139857ms
2019-09-11 02:42:29,814 [org.apache.ratis.server.impl.LogAppender$AppenderDaemon$$Lambda$515/1517268026@3770b957] ERROR ratis.XceiverServerRatis (XceiverServerRatis.java:triggerPipelineClose(568)) - pipeline Action CLOSE  on pipeline PipelineID=161771de-e97c-43e9-8583-3f730d6994b2.Reason : 28f29a4c-baf6-4c40-b523-744acc0a8c83 has not seen follower/s c53771ff-a4da-40bc-be42-f397952cb81e for 139857ms cccfaecc-560c-4f58-9140-53bb7696e889 for 139857ms
2019-09-11 02:42:30,160 [28f29a4c-baf6-4c40-b523-744acc0a8c83@group-3F730D6994B2-SegmentedRaftLogWorker] WARN  segmented.SegmentedRaftLogWorker (SegmentedRaftLogWorker.java:getFromFuture(90)) - Timeout 13/~
org.apache.ratis.protocol.TimeoutIOException: Timeout 10s: WriteLog:16: (t:1, i:16), STATEMACHINELOGENTRY, client-1271BDC01022, cid=142-writeStateMachineData
	at org.apache.ratis.util.IOUtils.getFromFuture(IOUtils.java:87)
	at org.apache.ratis.server.raftlog.segmented.SegmentedRaftLogWorker$StateMachineDataPolicy.getFromFuture(SegmentedRaftLogWorker.java:87)
	at org.apache.ratis.server.raftlog.segmented.SegmentedRaftLogWorker$WriteLog.execute(SegmentedRaftLogWorker.java:477)
	at org.apache.ratis.server.raftlog.segmented.SegmentedRaftLogWorker.run(SegmentedRaftLogWorker.java:289)
	at java.lang.Thread.run(Thread.java:748)
Caused by: java.util.concurrent.TimeoutException
	at java.util.concurrent.CompletableFuture.timedGet(CompletableFuture.java:1771)
	at java.util.concurrent.CompletableFuture.get(CompletableFuture.java:1915)
	at org.apache.ratis.util.IOUtils.getFromFuture(IOUtils.java:79)
	... 4 more
2019-09-11 02:42:30,176 [cccfaecc-560c-4f58-9140-53bb7696e889@group-3F730D6994B2-SegmentedRaftLogWorker] WARN  segmented.SegmentedRaftLogWorker (SegmentedRaftLogWorker.java:getFromFuture(90)) - Timeout 13/~
org.apache.ratis.protocol.TimeoutIOException: Timeout 10s: WriteLog:16: (t:1, i:16), STATEMACHINELOGENTRY, client-1271BDC01022, cid=142-writeStateMachineData
	at org.apache.ratis.util.IOUtils.getFromFuture(IOUtils.java:87)
	at org.apache.ratis.server.raftlog.segmented.SegmentedRaftLogWorker$StateMachineDataPolicy.getFromFuture(SegmentedRaftLogWorker.java:87)
	at org.apache.ratis.server.raftlog.segmented.SegmentedRaftLogWorker$WriteLog.execute(SegmentedRaftLogWorker.java:477)
	at org.apache.ratis.server.raftlog.segmented.SegmentedRaftLogWorker.run(SegmentedRaftLogWorker.java:289)
	at java.lang.Thread.run(Thread.java:748)
Caused by: java.util.concurrent.TimeoutException
	at java.util.concurrent.CompletableFuture.timedGet(CompletableFuture.java:1771)
	at java.util.concurrent.CompletableFuture.get(CompletableFuture.java:1915)
	at org.apache.ratis.util.IOUtils.getFromFuture(IOUtils.java:79)
	... 4 more
2019-09-11 02:42:30,178 [c53771ff-a4da-40bc-be42-f397952cb81e@group-3F730D6994B2-SegmentedRaftLogWorker] WARN  segmented.SegmentedRaftLogWorker (SegmentedRaftLogWorker.java:getFromFuture(90)) - Timeout 13/~
org.apache.ratis.protocol.TimeoutIOException: Timeout 10s: WriteLog:16: (t:1, i:16), STATEMACHINELOGENTRY, client-1271BDC01022, cid=142-writeStateMachineData
	at org.apache.ratis.util.IOUtils.getFromFuture(IOUtils.java:87)
	at org.apache.ratis.server.raftlog.segmented.SegmentedRaftLogWorker$StateMachineDataPolicy.getFromFuture(SegmentedRaftLogWorker.java:87)
	at org.apache.ratis.server.raftlog.segmented.SegmentedRaftLogWorker$WriteLog.execute(SegmentedRaftLogWorker.java:477)
	at org.apache.ratis.server.raftlog.segmented.SegmentedRaftLogWorker.run(SegmentedRaftLogWorker.java:289)
	at java.lang.Thread.run(Thread.java:748)
Caused by: java.util.concurrent.TimeoutException
	at java.util.concurrent.CompletableFuture.timedGet(CompletableFuture.java:1771)
	at java.util.concurrent.CompletableFuture.get(CompletableFuture.java:1915)
	at org.apache.ratis.util.IOUtils.getFromFuture(IOUtils.java:79)
	... 4 more
2019-09-11 02:42:30,307 [EventQueue-PipelineActionsForPipelineActionHandler] ERROR pipeline.PipelineActionHandler (PipelineActionHandler.java:onMessage(60)) - Received pipeline action CLOSE for Pipeline[ Id: 161771de-e97c-43e9-8583-3f730d6994b2, Nodes: cccfaecc-560c-4f58-9140-53bb7696e889{ip: 192.168.34.53, host: pr-hdds-2107-sbngl-2106859965, networkLocation: /default-rack, certSerialId: null}28f29a4c-baf6-4c40-b523-744acc0a8c83{ip: 192.168.34.53, host: pr-hdds-2107-sbngl-2106859965, networkLocation: /default-rack, certSerialId: null}c53771ff-a4da-40bc-be42-f397952cb81e{ip: 192.168.34.53, host: pr-hdds-2107-sbngl-2106859965, networkLocation: /default-rack, certSerialId: null}, Type:RATIS, Factor:THREE, State:CLOSED] from datanode 28f29a4c-baf6-4c40-b523-744acc0a8c83{ip: 192.168.34.53, host: pr-hdds-2107-sbngl-2106859965, networkLocation: /default-rack, certSerialId: null}. Reason : 28f29a4c-baf6-4c40-b523-744acc0a8c83 has not seen follower/s c53771ff-a4da-40bc-be42-f397952cb81e for 139857ms cccfaecc-560c-4f58-9140-53bb7696e889 for 139857ms
2019-09-11 02:42:30,308 [EventQueue-PipelineActionsForPipelineActionHandler] INFO  pipeline.SCMPipelineManager (SCMPipelineManager.java:finalizeAndDestroyPipeline(311)) - destroying pipeline:Pipeline[ Id: 161771de-e97c-43e9-8583-3f730d6994b2, Nodes: cccfaecc-560c-4f58-9140-53bb7696e889{ip: 192.168.34.53, host: pr-hdds-2107-sbngl-2106859965, networkLocation: /default-rack, certSerialId: null}28f29a4c-baf6-4c40-b523-744acc0a8c83{ip: 192.168.34.53, host: pr-hdds-2107-sbngl-2106859965, networkLocation: /default-rack, certSerialId: null}c53771ff-a4da-40bc-be42-f397952cb81e{ip: 192.168.34.53, host: pr-hdds-2107-sbngl-2106859965, networkLocation: /default-rack, certSerialId: null}, Type:RATIS, Factor:THREE, State:CLOSED]
2019-09-11 02:42:30,312 [java.util.concurrent.ThreadPoolExecutor$Worker@1858f8f2[State = -1, empty queue]] WARN  server.GrpcLogAppender (GrpcLogAppender.java:timeoutAppendRequest(200)) - 28f29a4c-baf6-4c40-b523-744acc0a8c83@group-3F730D6994B2->cccfaecc-560c-4f58-9140-53bb7696e889-GrpcLogAppender: appendEntries Timeout, request=28f29a4c-baf6-4c40-b523-744acc0a8c83->cccfaecc-560c-4f58-9140-53bb7696e889#85-t1, previous=(t:1, i:22), leaderCommit=15, initializing? false, entries: <empty>
2019-09-11 02:42:30,312 [java.util.concurrent.ThreadPoolExecutor$Worker@7b4e52e0[State = -1, empty queue]] WARN  server.GrpcLogAppender (GrpcLogAppender.java:timeoutAppendRequest(200)) - 28f29a4c-baf6-4c40-b523-744acc0a8c83@group-3F730D6994B2->c53771ff-a4da-40bc-be42-f397952cb81e-GrpcLogAppender: appendEntries Timeout, request=28f29a4c-baf6-4c40-b523-744acc0a8c83->c53771ff-a4da-40bc-be42-f397952cb81e#85-t1, previous=(t:1, i:22), leaderCommit=15, initializing? false, entries: <empty>
2019-09-11 02:42:31,731 [grpc-default-executor-1] INFO  client.GrpcClientProtocolClient (GrpcClientProtocolClient.java:onNext(264)) - client-1271BDC01022->cccfaecc-560c-4f58-9140-53bb7696e889: receive RaftClientReply:client-1271BDC01022->cccfaecc-560c-4f58-9140-53bb7696e889@group-3F730D6994B2, cid=142, FAILED org.apache.ratis.protocol.NotLeaderException: Server cccfaecc-560c-4f58-9140-53bb7696e889@group-3F730D6994B2 is not the leader 28f29a4c-baf6-4c40-b523-744acc0a8c83:192.168.34.53:35385, logIndex=0, commits[cccfaecc-560c-4f58-9140-53bb7696e889:c15, c53771ff-a4da-40bc-be42-f397952cb81e:c14, 28f29a4c-baf6-4c40-b523-744acc0a8c83:c15]
2019-09-11 02:42:32,314 [org.apache.ratis.server.impl.LogAppender$AppenderDaemon$$Lambda$515/1517268026@3770b957] ERROR ratis.XceiverServerRatis (XceiverServerRatis.java:triggerPipelineClose(568)) - pipeline Action CLOSE  on pipeline PipelineID=161771de-e97c-43e9-8583-3f730d6994b2.Reason : 28f29a4c-baf6-4c40-b523-744acc0a8c83 has not seen follower/s c53771ff-a4da-40bc-be42-f397952cb81e for 142357ms cccfaecc-560c-4f58-9140-53bb7696e889 for 142358ms
2019-09-11 02:42:32,315 [org.apache.ratis.server.impl.LogAppender$AppenderDaemon$$Lambda$515/1517268026@2655ea02] ERROR ratis.XceiverServerRatis (XceiverServerRatis.java:triggerPipelineClose(568)) - pipeline Action CLOSE  on pipeline PipelineID=161771de-e97c-43e9-8583-3f730d6994b2.Reason : 28f29a4c-baf6-4c40-b523-744acc0a8c83 has not seen follower/s c53771ff-a4da-40bc-be42-f397952cb81e for 142358ms cccfaecc-560c-4f58-9140-53bb7696e889 for 142358ms
2019-09-11 02:42:32,813 [java.util.concurrent.ThreadPoolExecutor$Worker@1858f8f2[State = -1, empty queue]] WARN  server.GrpcLogAppender (GrpcLogAppender.java:timeoutAppendRequest(200)) - 28f29a4c-baf6-4c40-b523-744acc0a8c83@group-3F730D6994B2->cccfaecc-560c-4f58-9140-53bb7696e889-GrpcLogAppender: appendEntries Timeout, request=28f29a4c-baf6-4c40-b523-744acc0a8c83->cccfaecc-560c-4f58-9140-53bb7696e889#86-t1, previous=(t:1, i:22), leaderCommit=15, initializing? false, entries: <empty>
2019-09-11 02:42:32,813 [java.util.concurrent.ThreadPoolExecutor$Worker@7b4e52e0[State = -1, empty queue]] WARN  server.GrpcLogAppender (GrpcLogAppender.java:timeoutAppendRequest(200)) - 28f29a4c-baf6-4c40-b523-744acc0a8c83@group-3F730D6994B2->c53771ff-a4da-40bc-be42-f397952cb81e-GrpcLogAppender: appendEntries Timeout, request=28f29a4c-baf6-4c40-b523-744acc0a8c83->c53771ff-a4da-40bc-be42-f397952cb81e#86-t1, previous=(t:1, i:22), leaderCommit=15, initializing? false, entries: <empty>
2019-09-11 02:42:33,306 [EventQueue-PipelineActionsForPipelineActionHandler] ERROR pipeline.PipelineActionHandler (PipelineActionHandler.java:onMessage(60)) - Received pipeline action CLOSE for Pipeline[ Id: 161771de-e97c-43e9-8583-3f730d6994b2, Nodes: cccfaecc-560c-4f58-9140-53bb7696e889{ip: 192.168.34.53, host: pr-hdds-2107-sbngl-2106859965, networkLocation: /default-rack, certSerialId: null}28f29a4c-baf6-4c40-b523-744acc0a8c83{ip: 192.168.34.53, host: pr-hdds-2107-sbngl-2106859965, networkLocation: /default-rack, certSerialId: null}c53771ff-a4da-40bc-be42-f397952cb81e{ip: 192.168.34.53, host: pr-hdds-2107-sbngl-2106859965, networkLocation: /default-rack, certSerialId: null}, Type:RATIS, Factor:THREE, State:CLOSED] from datanode 28f29a4c-baf6-4c40-b523-744acc0a8c83{ip: 192.168.34.53, host: pr-hdds-2107-sbngl-2106859965, networkLocation: /default-rack, certSerialId: null}. Reason : 28f29a4c-baf6-4c40-b523-744acc0a8c83 has not seen follower/s c53771ff-a4da-40bc-be42-f397952cb81e for 142357ms cccfaecc-560c-4f58-9140-53bb7696e889 for 142358ms
2019-09-11 02:42:33,307 [EventQueue-PipelineActionsForPipelineActionHandler] INFO  pipeline.SCMPipelineManager (SCMPipelineManager.java:finalizeAndDestroyPipeline(311)) - destroying pipeline:Pipeline[ Id: 161771de-e97c-43e9-8583-3f730d6994b2, Nodes: cccfaecc-560c-4f58-9140-53bb7696e889{ip: 192.168.34.53, host: pr-hdds-2107-sbngl-2106859965, networkLocation: /default-rack, certSerialId: null}28f29a4c-baf6-4c40-b523-744acc0a8c83{ip: 192.168.34.53, host: pr-hdds-2107-sbngl-2106859965, networkLocation: /default-rack, certSerialId: null}c53771ff-a4da-40bc-be42-f397952cb81e{ip: 192.168.34.53, host: pr-hdds-2107-sbngl-2106859965, networkLocation: /default-rack, certSerialId: null}, Type:RATIS, Factor:THREE, State:CLOSED]
2019-09-11 02:42:34,815 [org.apache.ratis.server.impl.LogAppender$AppenderDaemon$$Lambda$515/1517268026@3770b957] ERROR ratis.XceiverServerRatis (XceiverServerRatis.java:triggerPipelineClose(568)) - pipeline Action CLOSE  on pipeline PipelineID=161771de-e97c-43e9-8583-3f730d6994b2.Reason : 28f29a4c-baf6-4c40-b523-744acc0a8c83 has not seen follower/s c53771ff-a4da-40bc-be42-f397952cb81e for 144858ms cccfaecc-560c-4f58-9140-53bb7696e889 for 144859ms
2019-09-11 02:42:34,815 [org.apache.ratis.server.impl.LogAppender$AppenderDaemon$$Lambda$515/1517268026@2655ea02] ERROR ratis.XceiverServerRatis (XceiverServerRatis.java:triggerPipelineClose(568)) - pipeline Action CLOSE  on pipeline PipelineID=161771de-e97c-43e9-8583-3f730d6994b2.Reason : 28f29a4c-baf6-4c40-b523-744acc0a8c83 has not seen follower/s c53771ff-a4da-40bc-be42-f397952cb81e for 144859ms cccfaecc-560c-4f58-9140-53bb7696e889 for 144859ms
2019-09-11 02:42:35,307 [EventQueue-PipelineActionsForPipelineActionHandler] ERROR pipeline.PipelineActionHandler (PipelineActionHandler.java:onMessage(60)) - Received pipeline action CLOSE for Pipeline[ Id: 161771de-e97c-43e9-8583-3f730d6994b2, Nodes: cccfaecc-560c-4f58-9140-53bb7696e889{ip: 192.168.34.53, host: pr-hdds-2107-sbngl-2106859965, networkLocation: /default-rack, certSerialId: null}28f29a4c-baf6-4c40-b523-744acc0a8c83{ip: 192.168.34.53, host: pr-hdds-2107-sbngl-2106859965, networkLocation: /default-rack, certSerialId: null}c53771ff-a4da-40bc-be42-f397952cb81e{ip: 192.168.34.53, host: pr-hdds-2107-sbngl-2106859965, networkLocation: /default-rack, certSerialId: null}, Type:RATIS, Factor:THREE, State:CLOSED] from datanode 28f29a4c-baf6-4c40-b523-744acc0a8c83{ip: 192.168.34.53, host: pr-hdds-2107-sbngl-2106859965, networkLocation: /default-rack, certSerialId: null}. Reason : 28f29a4c-baf6-4c40-b523-744acc0a8c83 has not seen follower/s c53771ff-a4da-40bc-be42-f397952cb81e for 144858ms cccfaecc-560c-4f58-9140-53bb7696e889 for 144859ms
2019-09-11 02:42:35,307 [EventQueue-PipelineActionsForPipelineActionHandler] INFO  pipeline.SCMPipelineManager (SCMPipelineManager.java:finalizeAndDestroyPipeline(311)) - destroying pipeline:Pipeline[ Id: 161771de-e97c-43e9-8583-3f730d6994b2, Nodes: cccfaecc-560c-4f58-9140-53bb7696e889{ip: 192.168.34.53, host: pr-hdds-2107-sbngl-2106859965, networkLocation: /default-rack, certSerialId: null}28f29a4c-baf6-4c40-b523-744acc0a8c83{ip: 192.168.34.53, host: pr-hdds-2107-sbngl-2106859965, networkLocation: /default-rack, certSerialId: null}c53771ff-a4da-40bc-be42-f397952cb81e{ip: 192.168.34.53, host: pr-hdds-2107-sbngl-2106859965, networkLocation: /default-rack, certSerialId: null}, Type:RATIS, Factor:THREE, State:CLOSED]
2019-09-11 02:42:35,314 [java.util.concurrent.ThreadPoolExecutor$Worker@1858f8f2[State = -1, empty queue]] WARN  server.GrpcLogAppender (GrpcLogAppender.java:timeoutAppendRequest(200)) - 28f29a4c-baf6-4c40-b523-744acc0a8c83@group-3F730D6994B2->cccfaecc-560c-4f58-9140-53bb7696e889-GrpcLogAppender: appendEntries Timeout, request=28f29a4c-baf6-4c40-b523-744acc0a8c83->cccfaecc-560c-4f58-9140-53bb7696e889#87-t1, previous=(t:1, i:22), leaderCommit=15, initializing? false, entries: <empty>
2019-09-11 02:42:35,314 [java.util.concurrent.ThreadPoolExecutor$Worker@7b4e52e0[State = -1, empty queue]] WARN  server.GrpcLogAppender (GrpcLogAppender.java:timeoutAppendRequest(200)) - 28f29a4c-baf6-4c40-b523-744acc0a8c83@group-3F730D6994B2->c53771ff-a4da-40bc-be42-f397952cb81e-GrpcLogAppender: appendEntries Timeout, request=28f29a4c-baf6-4c40-b523-744acc0a8c83->c53771ff-a4da-40bc-be42-f397952cb81e#87-t1, previous=(t:1, i:22), leaderCommit=15, initializing? false, entries: <empty>
2019-09-11 02:42:36,788 [grpc-default-executor-1] INFO  client.GrpcClientProtocolClient (GrpcClientProtocolClient.java:onNext(264)) - client-1271BDC01022->c53771ff-a4da-40bc-be42-f397952cb81e: receive RaftClientReply:client-1271BDC01022->c53771ff-a4da-40bc-be42-f397952cb81e@group-3F730D6994B2, cid=142, FAILED org.apache.ratis.protocol.NotLeaderException: Server c53771ff-a4da-40bc-be42-f397952cb81e@group-3F730D6994B2 is not the leader 28f29a4c-baf6-4c40-b523-744acc0a8c83:192.168.34.53:35385, logIndex=0, commits[c53771ff-a4da-40bc-be42-f397952cb81e:c15, cccfaecc-560c-4f58-9140-53bb7696e889:c14, 28f29a4c-baf6-4c40-b523-744acc0a8c83:c15]
2019-09-11 02:42:37,316 [org.apache.ratis.server.impl.LogAppender$AppenderDaemon$$Lambda$515/1517268026@3770b957] ERROR ratis.XceiverServerRatis (XceiverServerRatis.java:triggerPipelineClose(568)) - pipeline Action CLOSE  on pipeline PipelineID=161771de-e97c-43e9-8583-3f730d6994b2.Reason : 28f29a4c-baf6-4c40-b523-744acc0a8c83 has not seen follower/s c53771ff-a4da-40bc-be42-f397952cb81e for 147359ms cccfaecc-560c-4f58-9140-53bb7696e889 for 147359ms
2019-09-11 02:42:37,316 [org.apache.ratis.server.impl.LogAppender$AppenderDaemon$$Lambda$515/1517268026@2655ea02] ERROR ratis.XceiverServerRatis (XceiverServerRatis.java:triggerPipelineClose(568)) - pipeline Action CLOSE  on pipeline PipelineID=161771de-e97c-43e9-8583-3f730d6994b2.Reason : 28f29a4c-baf6-4c40-b523-744acc0a8c83 has not seen follower/s c53771ff-a4da-40bc-be42-f397952cb81e for 147360ms cccfaecc-560c-4f58-9140-53bb7696e889 for 147360ms
2019-09-11 02:42:37,815 [java.util.concurrent.ThreadPoolExecutor$Worker@1858f8f2[State = -1, empty queue]] WARN  server.GrpcLogAppender (GrpcLogAppender.java:timeoutAppendRequest(200)) - 28f29a4c-baf6-4c40-b523-744acc0a8c83@group-3F730D6994B2->cccfaecc-560c-4f58-9140-53bb7696e889-GrpcLogAppender: appendEntries Timeout, request=28f29a4c-baf6-4c40-b523-744acc0a8c83->cccfaecc-560c-4f58-9140-53bb7696e889#88-t1, previous=(t:1, i:22), leaderCommit=15, initializing? false, entries: <empty>
2019-09-11 02:42:37,815 [java.util.concurrent.ThreadPoolExecutor$Worker@7b4e52e0[State = -1, empty queue]] WARN  server.GrpcLogAppender (GrpcLogAppender.java:timeoutAppendRequest(200)) - 28f29a4c-baf6-4c40-b523-744acc0a8c83@group-3F730D6994B2->c53771ff-a4da-40bc-be42-f397952cb81e-GrpcLogAppender: appendEntries Timeout, request=28f29a4c-baf6-4c40-b523-744acc0a8c83->c53771ff-a4da-40bc-be42-f397952cb81e#88-t1, previous=(t:1, i:22), leaderCommit=15, initializing? false, entries: <empty>
2019-09-11 02:42:38,307 [EventQueue-PipelineActionsForPipelineActionHandler] ERROR pipeline.PipelineActionHandler (PipelineActionHandler.java:onMessage(60)) - Received pipeline action CLOSE for Pipeline[ Id: 161771de-e97c-43e9-8583-3f730d6994b2, Nodes: cccfaecc-560c-4f58-9140-53bb7696e889{ip: 192.168.34.53, host: pr-hdds-2107-sbngl-2106859965, networkLocation: /default-rack, certSerialId: null}28f29a4c-baf6-4c40-b523-744acc0a8c83{ip: 192.168.34.53, host: pr-hdds-2107-sbngl-2106859965, networkLocation: /default-rack, certSerialId: null}c53771ff-a4da-40bc-be42-f397952cb81e{ip: 192.168.34.53, host: pr-hdds-2107-sbngl-2106859965, networkLocation: /default-rack, certSerialId: null}, Type:RATIS, Factor:THREE, State:CLOSED] from datanode 28f29a4c-baf6-4c40-b523-744acc0a8c83{ip: 192.168.34.53, host: pr-hdds-2107-sbngl-2106859965, networkLocation: /default-rack, certSerialId: null}. Reason : 28f29a4c-baf6-4c40-b523-744acc0a8c83 has not seen follower/s c53771ff-a4da-40bc-be42-f397952cb81e for 147359ms cccfaecc-560c-4f58-9140-53bb7696e889 for 147359ms
2019-09-11 02:42:38,307 [EventQueue-PipelineActionsForPipelineActionHandler] INFO  pipeline.SCMPipelineManager (SCMPipelineManager.java:finalizeAndDestroyPipeline(311)) - destroying pipeline:Pipeline[ Id: 161771de-e97c-43e9-8583-3f730d6994b2, Nodes: cccfaecc-560c-4f58-9140-53bb7696e889{ip: 192.168.34.53, host: pr-hdds-2107-sbngl-2106859965, networkLocation: /default-rack, certSerialId: null}28f29a4c-baf6-4c40-b523-744acc0a8c83{ip: 192.168.34.53, host: pr-hdds-2107-sbngl-2106859965, networkLocation: /default-rack, certSerialId: null}c53771ff-a4da-40bc-be42-f397952cb81e{ip: 192.168.34.53, host: pr-hdds-2107-sbngl-2106859965, networkLocation: /default-rack, certSerialId: null}, Type:RATIS, Factor:THREE, State:CLOSED]
2019-09-11 02:42:39,817 [org.apache.ratis.server.impl.LogAppender$AppenderDaemon$$Lambda$515/1517268026@2655ea02] ERROR ratis.XceiverServerRatis (XceiverServerRatis.java:triggerPipelineClose(568)) - pipeline Action CLOSE  on pipeline PipelineID=161771de-e97c-43e9-8583-3f730d6994b2.Reason : 28f29a4c-baf6-4c40-b523-744acc0a8c83 has not seen follower/s c53771ff-a4da-40bc-be42-f397952cb81e for 149860ms cccfaecc-560c-4f58-9140-53bb7696e889 for 149861ms
2019-09-11 02:42:39,817 [org.apache.ratis.server.impl.LogAppender$AppenderDaemon$$Lambda$515/1517268026@3770b957] ERROR ratis.XceiverServerRatis (XceiverServerRatis.java:triggerPipelineClose(568)) - pipeline Action CLOSE  on pipeline PipelineID=161771de-e97c-43e9-8583-3f730d6994b2.Reason : 28f29a4c-baf6-4c40-b523-744acc0a8c83 has not seen follower/s c53771ff-a4da-40bc-be42-f397952cb81e for 149860ms cccfaecc-560c-4f58-9140-53bb7696e889 for 149861ms
2019-09-11 02:42:40,162 [28f29a4c-baf6-4c40-b523-744acc0a8c83@group-3F730D6994B2-SegmentedRaftLogWorker] WARN  segmented.SegmentedRaftLogWorker (SegmentedRaftLogWorker.java:getFromFuture(90)) - Timeout 14/~
org.apache.ratis.protocol.TimeoutIOException: Timeout 10s: WriteLog:16: (t:1, i:16), STATEMACHINELOGENTRY, client-1271BDC01022, cid=142-writeStateMachineData
	at org.apache.ratis.util.IOUtils.getFromFuture(IOUtils.java:87)
	at org.apache.ratis.server.raftlog.segmented.SegmentedRaftLogWorker$StateMachineDataPolicy.getFromFuture(SegmentedRaftLogWorker.java:87)
	at org.apache.ratis.server.raftlog.segmented.SegmentedRaftLogWorker$WriteLog.execute(SegmentedRaftLogWorker.java:477)
	at org.apache.ratis.server.raftlog.segmented.SegmentedRaftLogWorker.run(SegmentedRaftLogWorker.java:289)
	at java.lang.Thread.run(Thread.java:748)
Caused by: java.util.concurrent.TimeoutException
	at java.util.concurrent.CompletableFuture.timedGet(CompletableFuture.java:1771)
	at java.util.concurrent.CompletableFuture.get(CompletableFuture.java:1915)
	at org.apache.ratis.util.IOUtils.getFromFuture(IOUtils.java:79)
	... 4 more
2019-09-11 02:42:40,177 [cccfaecc-560c-4f58-9140-53bb7696e889@group-3F730D6994B2-SegmentedRaftLogWorker] WARN  segmented.SegmentedRaftLogWorker (SegmentedRaftLogWorker.java:getFromFuture(90)) - Timeout 14/~
org.apache.ratis.protocol.TimeoutIOException: Timeout 10s: WriteLog:16: (t:1, i:16), STATEMACHINELOGENTRY, client-1271BDC01022, cid=142-writeStateMachineData
	at org.apache.ratis.util.IOUtils.getFromFuture(IOUtils.java:87)
	at org.apache.ratis.server.raftlog.segmented.SegmentedRaftLogWorker$StateMachineDataPolicy.getFromFuture(SegmentedRaftLogWorker.java:87)
	at org.apache.ratis.server.raftlog.segmented.SegmentedRaftLogWorker$WriteLog.execute(SegmentedRaftLogWorker.java:477)
	at org.apache.ratis.server.raftlog.segmented.SegmentedRaftLogWorker.run(SegmentedRaftLogWorker.java:289)
	at java.lang.Thread.run(Thread.java:748)
Caused by: java.util.concurrent.TimeoutException
	at java.util.concurrent.CompletableFuture.timedGet(CompletableFuture.java:1771)
	at java.util.concurrent.CompletableFuture.get(CompletableFuture.java:1915)
	at org.apache.ratis.util.IOUtils.getFromFuture(IOUtils.java:79)
	... 4 more
2019-09-11 02:42:40,179 [c53771ff-a4da-40bc-be42-f397952cb81e@group-3F730D6994B2-SegmentedRaftLogWorker] WARN  segmented.SegmentedRaftLogWorker (SegmentedRaftLogWorker.java:getFromFuture(90)) - Timeout 14/~
org.apache.ratis.protocol.TimeoutIOException: Timeout 10s: WriteLog:16: (t:1, i:16), STATEMACHINELOGENTRY, client-1271BDC01022, cid=142-writeStateMachineData
	at org.apache.ratis.util.IOUtils.getFromFuture(IOUtils.java:87)
	at org.apache.ratis.server.raftlog.segmented.SegmentedRaftLogWorker$StateMachineDataPolicy.getFromFuture(SegmentedRaftLogWorker.java:87)
	at org.apache.ratis.server.raftlog.segmented.SegmentedRaftLogWorker$WriteLog.execute(SegmentedRaftLogWorker.java:477)
	at org.apache.ratis.server.raftlog.segmented.SegmentedRaftLogWorker.run(SegmentedRaftLogWorker.java:289)
	at java.lang.Thread.run(Thread.java:748)
Caused by: java.util.concurrent.TimeoutException
	at java.util.concurrent.CompletableFuture.timedGet(CompletableFuture.java:1771)
	at java.util.concurrent.CompletableFuture.get(CompletableFuture.java:1915)
	at org.apache.ratis.util.IOUtils.getFromFuture(IOUtils.java:79)
	... 4 more
2019-09-11 02:42:40,308 [EventQueue-PipelineActionsForPipelineActionHandler] ERROR pipeline.PipelineActionHandler (PipelineActionHandler.java:onMessage(60)) - Received pipeline action CLOSE for Pipeline[ Id: 161771de-e97c-43e9-8583-3f730d6994b2, Nodes: cccfaecc-560c-4f58-9140-53bb7696e889{ip: 192.168.34.53, host: pr-hdds-2107-sbngl-2106859965, networkLocation: /default-rack, certSerialId: null}28f29a4c-baf6-4c40-b523-744acc0a8c83{ip: 192.168.34.53, host: pr-hdds-2107-sbngl-2106859965, networkLocation: /default-rack, certSerialId: null}c53771ff-a4da-40bc-be42-f397952cb81e{ip: 192.168.34.53, host: pr-hdds-2107-sbngl-2106859965, networkLocation: /default-rack, certSerialId: null}, Type:RATIS, Factor:THREE, State:CLOSED] from datanode 28f29a4c-baf6-4c40-b523-744acc0a8c83{ip: 192.168.34.53, host: pr-hdds-2107-sbngl-2106859965, networkLocation: /default-rack, certSerialId: null}. Reason : 28f29a4c-baf6-4c40-b523-744acc0a8c83 has not seen follower/s c53771ff-a4da-40bc-be42-f397952cb81e for 149860ms cccfaecc-560c-4f58-9140-53bb7696e889 for 149861ms
2019-09-11 02:42:40,308 [EventQueue-PipelineActionsForPipelineActionHandler] INFO  pipeline.SCMPipelineManager (SCMPipelineManager.java:finalizeAndDestroyPipeline(311)) - destroying pipeline:Pipeline[ Id: 161771de-e97c-43e9-8583-3f730d6994b2, Nodes: cccfaecc-560c-4f58-9140-53bb7696e889{ip: 192.168.34.53, host: pr-hdds-2107-sbngl-2106859965, networkLocation: /default-rack, certSerialId: null}28f29a4c-baf6-4c40-b523-744acc0a8c83{ip: 192.168.34.53, host: pr-hdds-2107-sbngl-2106859965, networkLocation: /default-rack, certSerialId: null}c53771ff-a4da-40bc-be42-f397952cb81e{ip: 192.168.34.53, host: pr-hdds-2107-sbngl-2106859965, networkLocation: /default-rack, certSerialId: null}, Type:RATIS, Factor:THREE, State:CLOSED]
2019-09-11 02:42:40,315 [java.util.concurrent.ThreadPoolExecutor$Worker@1858f8f2[State = -1, empty queue]] WARN  server.GrpcLogAppender (GrpcLogAppender.java:timeoutAppendRequest(200)) - 28f29a4c-baf6-4c40-b523-744acc0a8c83@group-3F730D6994B2->cccfaecc-560c-4f58-9140-53bb7696e889-GrpcLogAppender: appendEntries Timeout, request=28f29a4c-baf6-4c40-b523-744acc0a8c83->cccfaecc-560c-4f58-9140-53bb7696e889#89-t1, previous=(t:1, i:22), leaderCommit=15, initializing? false, entries: <empty>
2019-09-11 02:42:40,316 [java.util.concurrent.ThreadPoolExecutor$Worker@7b4e52e0[State = -1, empty queue]] WARN  server.GrpcLogAppender (GrpcLogAppender.java:timeoutAppendRequest(200)) - 28f29a4c-baf6-4c40-b523-744acc0a8c83@group-3F730D6994B2->c53771ff-a4da-40bc-be42-f397952cb81e-GrpcLogAppender: appendEntries Timeout, request=28f29a4c-baf6-4c40-b523-744acc0a8c83->c53771ff-a4da-40bc-be42-f397952cb81e#89-t1, previous=(t:1, i:22), leaderCommit=15, initializing? false, entries: <empty>
2019-09-11 02:42:41,836 [grpc-default-executor-11] INFO  client.GrpcClientProtocolClient (GrpcClientProtocolClient.java:onNext(264)) - client-1271BDC01022->c53771ff-a4da-40bc-be42-f397952cb81e: receive RaftClientReply:client-1271BDC01022->c53771ff-a4da-40bc-be42-f397952cb81e@group-3F730D6994B2, cid=142, FAILED org.apache.ratis.protocol.NotLeaderException: Server c53771ff-a4da-40bc-be42-f397952cb81e@group-3F730D6994B2 is not the leader 28f29a4c-baf6-4c40-b523-744acc0a8c83:192.168.34.53:35385, logIndex=0, commits[c53771ff-a4da-40bc-be42-f397952cb81e:c15, cccfaecc-560c-4f58-9140-53bb7696e889:c14, 28f29a4c-baf6-4c40-b523-744acc0a8c83:c15]
2019-09-11 02:42:42,318 [org.apache.ratis.server.impl.LogAppender$AppenderDaemon$$Lambda$515/1517268026@2655ea02] ERROR ratis.XceiverServerRatis (XceiverServerRatis.java:triggerPipelineClose(568)) - pipeline Action CLOSE  on pipeline PipelineID=161771de-e97c-43e9-8583-3f730d6994b2.Reason : 28f29a4c-baf6-4c40-b523-744acc0a8c83 has not seen follower/s c53771ff-a4da-40bc-be42-f397952cb81e for 152361ms cccfaecc-560c-4f58-9140-53bb7696e889 for 152362ms
2019-09-11 02:42:42,318 [org.apache.ratis.server.impl.LogAppender$AppenderDaemon$$Lambda$515/1517268026@3770b957] ERROR ratis.XceiverServerRatis (XceiverServerRatis.java:triggerPipelineClose(568)) - pipeline Action CLOSE  on pipeline PipelineID=161771de-e97c-43e9-8583-3f730d6994b2.Reason : 28f29a4c-baf6-4c40-b523-744acc0a8c83 has not seen follower/s c53771ff-a4da-40bc-be42-f397952cb81e for 152361ms cccfaecc-560c-4f58-9140-53bb7696e889 for 152362ms
2019-09-11 02:42:42,817 [java.util.concurrent.ThreadPoolExecutor$Worker@1858f8f2[State = -1, empty queue]] WARN  server.GrpcLogAppender (GrpcLogAppender.java:timeoutAppendRequest(200)) - 28f29a4c-baf6-4c40-b523-744acc0a8c83@group-3F730D6994B2->cccfaecc-560c-4f58-9140-53bb7696e889-GrpcLogAppender: appendEntries Timeout, request=28f29a4c-baf6-4c40-b523-744acc0a8c83->cccfaecc-560c-4f58-9140-53bb7696e889#90-t1, previous=(t:1, i:22), leaderCommit=15, initializing? false, entries: <empty>
2019-09-11 02:42:42,817 [java.util.concurrent.ThreadPoolExecutor$Worker@7b4e52e0[State = -1, empty queue]] WARN  server.GrpcLogAppender (GrpcLogAppender.java:timeoutAppendRequest(200)) - 28f29a4c-baf6-4c40-b523-744acc0a8c83@group-3F730D6994B2->c53771ff-a4da-40bc-be42-f397952cb81e-GrpcLogAppender: appendEntries Timeout, request=28f29a4c-baf6-4c40-b523-744acc0a8c83->c53771ff-a4da-40bc-be42-f397952cb81e#90-t1, previous=(t:1, i:22), leaderCommit=15, initializing? false, entries: <empty>
2019-09-11 02:42:43,307 [EventQueue-PipelineActionsForPipelineActionHandler] ERROR pipeline.PipelineActionHandler (PipelineActionHandler.java:onMessage(60)) - Received pipeline action CLOSE for Pipeline[ Id: 161771de-e97c-43e9-8583-3f730d6994b2, Nodes: cccfaecc-560c-4f58-9140-53bb7696e889{ip: 192.168.34.53, host: pr-hdds-2107-sbngl-2106859965, networkLocation: /default-rack, certSerialId: null}28f29a4c-baf6-4c40-b523-744acc0a8c83{ip: 192.168.34.53, host: pr-hdds-2107-sbngl-2106859965, networkLocation: /default-rack, certSerialId: null}c53771ff-a4da-40bc-be42-f397952cb81e{ip: 192.168.34.53, host: pr-hdds-2107-sbngl-2106859965, networkLocation: /default-rack, certSerialId: null}, Type:RATIS, Factor:THREE, State:CLOSED] from datanode 28f29a4c-baf6-4c40-b523-744acc0a8c83{ip: 192.168.34.53, host: pr-hdds-2107-sbngl-2106859965, networkLocation: /default-rack, certSerialId: null}. Reason : 28f29a4c-baf6-4c40-b523-744acc0a8c83 has not seen follower/s c53771ff-a4da-40bc-be42-f397952cb81e for 152361ms cccfaecc-560c-4f58-9140-53bb7696e889 for 152362ms
2019-09-11 02:42:43,308 [EventQueue-PipelineActionsForPipelineActionHandler] INFO  pipeline.SCMPipelineManager (SCMPipelineManager.java:finalizeAndDestroyPipeline(311)) - destroying pipeline:Pipeline[ Id: 161771de-e97c-43e9-8583-3f730d6994b2, Nodes: cccfaecc-560c-4f58-9140-53bb7696e889{ip: 192.168.34.53, host: pr-hdds-2107-sbngl-2106859965, networkLocation: /default-rack, certSerialId: null}28f29a4c-baf6-4c40-b523-744acc0a8c83{ip: 192.168.34.53, host: pr-hdds-2107-sbngl-2106859965, networkLocation: /default-rack, certSerialId: null}c53771ff-a4da-40bc-be42-f397952cb81e{ip: 192.168.34.53, host: pr-hdds-2107-sbngl-2106859965, networkLocation: /default-rack, certSerialId: null}, Type:RATIS, Factor:THREE, State:CLOSED]
2019-09-11 02:42:44,820 [org.apache.ratis.server.impl.LogAppender$AppenderDaemon$$Lambda$515/1517268026@3770b957] ERROR ratis.XceiverServerRatis (XceiverServerRatis.java:triggerPipelineClose(568)) - pipeline Action CLOSE  on pipeline PipelineID=161771de-e97c-43e9-8583-3f730d6994b2.Reason : 28f29a4c-baf6-4c40-b523-744acc0a8c83 has not seen follower/s c53771ff-a4da-40bc-be42-f397952cb81e for 154863ms cccfaecc-560c-4f58-9140-53bb7696e889 for 154864ms
2019-09-11 02:42:44,820 [org.apache.ratis.server.impl.LogAppender$AppenderDaemon$$Lambda$515/1517268026@2655ea02] ERROR ratis.XceiverServerRatis (XceiverServerRatis.java:triggerPipelineClose(568)) - pipeline Action CLOSE  on pipeline PipelineID=161771de-e97c-43e9-8583-3f730d6994b2.Reason : 28f29a4c-baf6-4c40-b523-744acc0a8c83 has not seen follower/s c53771ff-a4da-40bc-be42-f397952cb81e for 154863ms cccfaecc-560c-4f58-9140-53bb7696e889 for 154864ms
2019-09-11 02:42:45,308 [EventQueue-PipelineActionsForPipelineActionHandler] ERROR pipeline.PipelineActionHandler (PipelineActionHandler.java:onMessage(60)) - Received pipeline action CLOSE for Pipeline[ Id: 161771de-e97c-43e9-8583-3f730d6994b2, Nodes: cccfaecc-560c-4f58-9140-53bb7696e889{ip: 192.168.34.53, host: pr-hdds-2107-sbngl-2106859965, networkLocation: /default-rack, certSerialId: null}28f29a4c-baf6-4c40-b523-744acc0a8c83{ip: 192.168.34.53, host: pr-hdds-2107-sbngl-2106859965, networkLocation: /default-rack, certSerialId: null}c53771ff-a4da-40bc-be42-f397952cb81e{ip: 192.168.34.53, host: pr-hdds-2107-sbngl-2106859965, networkLocation: /default-rack, certSerialId: null}, Type:RATIS, Factor:THREE, State:CLOSED] from datanode 28f29a4c-baf6-4c40-b523-744acc0a8c83{ip: 192.168.34.53, host: pr-hdds-2107-sbngl-2106859965, networkLocation: /default-rack, certSerialId: null}. Reason : 28f29a4c-baf6-4c40-b523-744acc0a8c83 has not seen follower/s c53771ff-a4da-40bc-be42-f397952cb81e for 154863ms cccfaecc-560c-4f58-9140-53bb7696e889 for 154864ms
2019-09-11 02:42:45,309 [EventQueue-PipelineActionsForPipelineActionHandler] INFO  pipeline.SCMPipelineManager (SCMPipelineManager.java:finalizeAndDestroyPipeline(311)) - destroying pipeline:Pipeline[ Id: 161771de-e97c-43e9-8583-3f730d6994b2, Nodes: cccfaecc-560c-4f58-9140-53bb7696e889{ip: 192.168.34.53, host: pr-hdds-2107-sbngl-2106859965, networkLocation: /default-rack, certSerialId: null}28f29a4c-baf6-4c40-b523-744acc0a8c83{ip: 192.168.34.53, host: pr-hdds-2107-sbngl-2106859965, networkLocation: /default-rack, certSerialId: null}c53771ff-a4da-40bc-be42-f397952cb81e{ip: 192.168.34.53, host: pr-hdds-2107-sbngl-2106859965, networkLocation: /default-rack, certSerialId: null}, Type:RATIS, Factor:THREE, State:CLOSED]
2019-09-11 02:42:45,318 [java.util.concurrent.ThreadPoolExecutor$Worker@1858f8f2[State = -1, empty queue]] WARN  server.GrpcLogAppender (GrpcLogAppender.java:timeoutAppendRequest(200)) - 28f29a4c-baf6-4c40-b523-744acc0a8c83@group-3F730D6994B2->cccfaecc-560c-4f58-9140-53bb7696e889-GrpcLogAppender: appendEntries Timeout, request=28f29a4c-baf6-4c40-b523-744acc0a8c83->cccfaecc-560c-4f58-9140-53bb7696e889#91-t1, previous=(t:1, i:22), leaderCommit=15, initializing? false, entries: <empty>
2019-09-11 02:42:45,318 [java.util.concurrent.ThreadPoolExecutor$Worker@7b4e52e0[State = -1, empty queue]] WARN  server.GrpcLogAppender (GrpcLogAppender.java:timeoutAppendRequest(200)) - 28f29a4c-baf6-4c40-b523-744acc0a8c83@group-3F730D6994B2->c53771ff-a4da-40bc-be42-f397952cb81e-GrpcLogAppender: appendEntries Timeout, request=28f29a4c-baf6-4c40-b523-744acc0a8c83->c53771ff-a4da-40bc-be42-f397952cb81e#91-t1, previous=(t:1, i:22), leaderCommit=15, initializing? false, entries: <empty>
2019-09-11 02:42:46,893 [grpc-default-executor-7] INFO  client.GrpcClientProtocolClient (GrpcClientProtocolClient.java:onNext(264)) - client-1271BDC01022->c53771ff-a4da-40bc-be42-f397952cb81e: receive RaftClientReply:client-1271BDC01022->c53771ff-a4da-40bc-be42-f397952cb81e@group-3F730D6994B2, cid=142, FAILED org.apache.ratis.protocol.NotLeaderException: Server c53771ff-a4da-40bc-be42-f397952cb81e@group-3F730D6994B2 is not the leader 28f29a4c-baf6-4c40-b523-744acc0a8c83:192.168.34.53:35385, logIndex=0, commits[c53771ff-a4da-40bc-be42-f397952cb81e:c15, cccfaecc-560c-4f58-9140-53bb7696e889:c14, 28f29a4c-baf6-4c40-b523-744acc0a8c83:c15]
2019-09-11 02:42:47,321 [org.apache.ratis.server.impl.LogAppender$AppenderDaemon$$Lambda$515/1517268026@3770b957] ERROR ratis.XceiverServerRatis (XceiverServerRatis.java:triggerPipelineClose(568)) - pipeline Action CLOSE  on pipeline PipelineID=161771de-e97c-43e9-8583-3f730d6994b2.Reason : 28f29a4c-baf6-4c40-b523-744acc0a8c83 has not seen follower/s c53771ff-a4da-40bc-be42-f397952cb81e for 157364ms cccfaecc-560c-4f58-9140-53bb7696e889 for 157365ms
2019-09-11 02:42:47,321 [org.apache.ratis.server.impl.LogAppender$AppenderDaemon$$Lambda$515/1517268026@2655ea02] ERROR ratis.XceiverServerRatis (XceiverServerRatis.java:triggerPipelineClose(568)) - pipeline Action CLOSE  on pipeline PipelineID=161771de-e97c-43e9-8583-3f730d6994b2.Reason : 28f29a4c-baf6-4c40-b523-744acc0a8c83 has not seen follower/s c53771ff-a4da-40bc-be42-f397952cb81e for 157364ms cccfaecc-560c-4f58-9140-53bb7696e889 for 157365ms
2019-09-11 02:42:47,820 [java.util.concurrent.ThreadPoolExecutor$Worker@1858f8f2[State = -1, empty queue]] WARN  server.GrpcLogAppender (GrpcLogAppender.java:timeoutAppendRequest(200)) - 28f29a4c-baf6-4c40-b523-744acc0a8c83@group-3F730D6994B2->cccfaecc-560c-4f58-9140-53bb7696e889-GrpcLogAppender: appendEntries Timeout, request=28f29a4c-baf6-4c40-b523-744acc0a8c83->cccfaecc-560c-4f58-9140-53bb7696e889#92-t1, previous=(t:1, i:22), leaderCommit=15, initializing? false, entries: <empty>
2019-09-11 02:42:47,820 [java.util.concurrent.ThreadPoolExecutor$Worker@7b4e52e0[State = -1, empty queue]] WARN  server.GrpcLogAppender (GrpcLogAppender.java:timeoutAppendRequest(200)) - 28f29a4c-baf6-4c40-b523-744acc0a8c83@group-3F730D6994B2->c53771ff-a4da-40bc-be42-f397952cb81e-GrpcLogAppender: appendEntries Timeout, request=28f29a4c-baf6-4c40-b523-744acc0a8c83->c53771ff-a4da-40bc-be42-f397952cb81e#92-t1, previous=(t:1, i:22), leaderCommit=15, initializing? false, entries: <empty>
2019-09-11 02:42:48,307 [EventQueue-PipelineActionsForPipelineActionHandler] ERROR pipeline.PipelineActionHandler (PipelineActionHandler.java:onMessage(60)) - Received pipeline action CLOSE for Pipeline[ Id: 161771de-e97c-43e9-8583-3f730d6994b2, Nodes: cccfaecc-560c-4f58-9140-53bb7696e889{ip: 192.168.34.53, host: pr-hdds-2107-sbngl-2106859965, networkLocation: /default-rack, certSerialId: null}28f29a4c-baf6-4c40-b523-744acc0a8c83{ip: 192.168.34.53, host: pr-hdds-2107-sbngl-2106859965, networkLocation: /default-rack, certSerialId: null}c53771ff-a4da-40bc-be42-f397952cb81e{ip: 192.168.34.53, host: pr-hdds-2107-sbngl-2106859965, networkLocation: /default-rack, certSerialId: null}, Type:RATIS, Factor:THREE, State:CLOSED] from datanode 28f29a4c-baf6-4c40-b523-744acc0a8c83{ip: 192.168.34.53, host: pr-hdds-2107-sbngl-2106859965, networkLocation: /default-rack, certSerialId: null}. Reason : 28f29a4c-baf6-4c40-b523-744acc0a8c83 has not seen follower/s c53771ff-a4da-40bc-be42-f397952cb81e for 157364ms cccfaecc-560c-4f58-9140-53bb7696e889 for 157365ms
2019-09-11 02:42:48,308 [EventQueue-PipelineActionsForPipelineActionHandler] INFO  pipeline.SCMPipelineManager (SCMPipelineManager.java:finalizeAndDestroyPipeline(311)) - destroying pipeline:Pipeline[ Id: 161771de-e97c-43e9-8583-3f730d6994b2, Nodes: cccfaecc-560c-4f58-9140-53bb7696e889{ip: 192.168.34.53, host: pr-hdds-2107-sbngl-2106859965, networkLocation: /default-rack, certSerialId: null}28f29a4c-baf6-4c40-b523-744acc0a8c83{ip: 192.168.34.53, host: pr-hdds-2107-sbngl-2106859965, networkLocation: /default-rack, certSerialId: null}c53771ff-a4da-40bc-be42-f397952cb81e{ip: 192.168.34.53, host: pr-hdds-2107-sbngl-2106859965, networkLocation: /default-rack, certSerialId: null}, Type:RATIS, Factor:THREE, State:CLOSED]
2019-09-11 02:42:49,822 [org.apache.ratis.server.impl.LogAppender$AppenderDaemon$$Lambda$515/1517268026@3770b957] ERROR ratis.XceiverServerRatis (XceiverServerRatis.java:triggerPipelineClose(568)) - pipeline Action CLOSE  on pipeline PipelineID=161771de-e97c-43e9-8583-3f730d6994b2.Reason : 28f29a4c-baf6-4c40-b523-744acc0a8c83 has not seen follower/s c53771ff-a4da-40bc-be42-f397952cb81e for 159865ms cccfaecc-560c-4f58-9140-53bb7696e889 for 159865ms
2019-09-11 02:42:49,822 [org.apache.ratis.server.impl.LogAppender$AppenderDaemon$$Lambda$515/1517268026@2655ea02] ERROR ratis.XceiverServerRatis (XceiverServerRatis.java:triggerPipelineClose(568)) - pipeline Action CLOSE  on pipeline PipelineID=161771de-e97c-43e9-8583-3f730d6994b2.Reason : 28f29a4c-baf6-4c40-b523-744acc0a8c83 has not seen follower/s c53771ff-a4da-40bc-be42-f397952cb81e for 159865ms cccfaecc-560c-4f58-9140-53bb7696e889 for 159866ms
2019-09-11 02:42:50,163 [28f29a4c-baf6-4c40-b523-744acc0a8c83@group-3F730D6994B2-SegmentedRaftLogWorker] WARN  segmented.SegmentedRaftLogWorker (SegmentedRaftLogWorker.java:getFromFuture(90)) - Timeout 15/~
org.apache.ratis.protocol.TimeoutIOException: Timeout 10s: WriteLog:16: (t:1, i:16), STATEMACHINELOGENTRY, client-1271BDC01022, cid=142-writeStateMachineData
	at org.apache.ratis.util.IOUtils.getFromFuture(IOUtils.java:87)
	at org.apache.ratis.server.raftlog.segmented.SegmentedRaftLogWorker$StateMachineDataPolicy.getFromFuture(SegmentedRaftLogWorker.java:87)
	at org.apache.ratis.server.raftlog.segmented.SegmentedRaftLogWorker$WriteLog.execute(SegmentedRaftLogWorker.java:477)
	at org.apache.ratis.server.raftlog.segmented.SegmentedRaftLogWorker.run(SegmentedRaftLogWorker.java:289)
	at java.lang.Thread.run(Thread.java:748)
Caused by: java.util.concurrent.TimeoutException
	at java.util.concurrent.CompletableFuture.timedGet(CompletableFuture.java:1771)
	at java.util.concurrent.CompletableFuture.get(CompletableFuture.java:1915)
	at org.apache.ratis.util.IOUtils.getFromFuture(IOUtils.java:79)
	... 4 more
2019-09-11 02:42:50,177 [cccfaecc-560c-4f58-9140-53bb7696e889@group-3F730D6994B2-SegmentedRaftLogWorker] WARN  segmented.SegmentedRaftLogWorker (SegmentedRaftLogWorker.java:getFromFuture(90)) - Timeout 15/~
org.apache.ratis.protocol.TimeoutIOException: Timeout 10s: WriteLog:16: (t:1, i:16), STATEMACHINELOGENTRY, client-1271BDC01022, cid=142-writeStateMachineData
	at org.apache.ratis.util.IOUtils.getFromFuture(IOUtils.java:87)
	at org.apache.ratis.server.raftlog.segmented.SegmentedRaftLogWorker$StateMachineDataPolicy.getFromFuture(SegmentedRaftLogWorker.java:87)
	at org.apache.ratis.server.raftlog.segmented.SegmentedRaftLogWorker$WriteLog.execute(SegmentedRaftLogWorker.java:477)
	at org.apache.ratis.server.raftlog.segmented.SegmentedRaftLogWorker.run(SegmentedRaftLogWorker.java:289)
	at java.lang.Thread.run(Thread.java:748)
Caused by: java.util.concurrent.TimeoutException
	at java.util.concurrent.CompletableFuture.timedGet(CompletableFuture.java:1771)
	at java.util.concurrent.CompletableFuture.get(CompletableFuture.java:1915)
	at org.apache.ratis.util.IOUtils.getFromFuture(IOUtils.java:79)
	... 4 more
2019-09-11 02:42:50,206 [c53771ff-a4da-40bc-be42-f397952cb81e@group-3F730D6994B2-SegmentedRaftLogWorker] WARN  segmented.SegmentedRaftLogWorker (SegmentedRaftLogWorker.java:getFromFuture(90)) - Timeout 15/~
org.apache.ratis.protocol.TimeoutIOException: Timeout 10s: WriteLog:16: (t:1, i:16), STATEMACHINELOGENTRY, client-1271BDC01022, cid=142-writeStateMachineData
	at org.apache.ratis.util.IOUtils.getFromFuture(IOUtils.java:87)
	at org.apache.ratis.server.raftlog.segmented.SegmentedRaftLogWorker$StateMachineDataPolicy.getFromFuture(SegmentedRaftLogWorker.java:87)
	at org.apache.ratis.server.raftlog.segmented.SegmentedRaftLogWorker$WriteLog.execute(SegmentedRaftLogWorker.java:477)
	at org.apache.ratis.server.raftlog.segmented.SegmentedRaftLogWorker.run(SegmentedRaftLogWorker.java:289)
	at java.lang.Thread.run(Thread.java:748)
Caused by: java.util.concurrent.TimeoutException
	at java.util.concurrent.CompletableFuture.timedGet(CompletableFuture.java:1771)
	at java.util.concurrent.CompletableFuture.get(CompletableFuture.java:1915)
	at org.apache.ratis.util.IOUtils.getFromFuture(IOUtils.java:79)
	... 4 more
2019-09-11 02:42:50,308 [EventQueue-PipelineActionsForPipelineActionHandler] ERROR pipeline.PipelineActionHandler (PipelineActionHandler.java:onMessage(60)) - Received pipeline action CLOSE for Pipeline[ Id: 161771de-e97c-43e9-8583-3f730d6994b2, Nodes: cccfaecc-560c-4f58-9140-53bb7696e889{ip: 192.168.34.53, host: pr-hdds-2107-sbngl-2106859965, networkLocation: /default-rack, certSerialId: null}28f29a4c-baf6-4c40-b523-744acc0a8c83{ip: 192.168.34.53, host: pr-hdds-2107-sbngl-2106859965, networkLocation: /default-rack, certSerialId: null}c53771ff-a4da-40bc-be42-f397952cb81e{ip: 192.168.34.53, host: pr-hdds-2107-sbngl-2106859965, networkLocation: /default-rack, certSerialId: null}, Type:RATIS, Factor:THREE, State:CLOSED] from datanode 28f29a4c-baf6-4c40-b523-744acc0a8c83{ip: 192.168.34.53, host: pr-hdds-2107-sbngl-2106859965, networkLocation: /default-rack, certSerialId: null}. Reason : 28f29a4c-baf6-4c40-b523-744acc0a8c83 has not seen follower/s c53771ff-a4da-40bc-be42-f397952cb81e for 159865ms cccfaecc-560c-4f58-9140-53bb7696e889 for 159865ms
2019-09-11 02:42:50,308 [EventQueue-PipelineActionsForPipelineActionHandler] INFO  pipeline.SCMPipelineManager (SCMPipelineManager.java:finalizeAndDestroyPipeline(311)) - destroying pipeline:Pipeline[ Id: 161771de-e97c-43e9-8583-3f730d6994b2, Nodes: cccfaecc-560c-4f58-9140-53bb7696e889{ip: 192.168.34.53, host: pr-hdds-2107-sbngl-2106859965, networkLocation: /default-rack, certSerialId: null}28f29a4c-baf6-4c40-b523-744acc0a8c83{ip: 192.168.34.53, host: pr-hdds-2107-sbngl-2106859965, networkLocation: /default-rack, certSerialId: null}c53771ff-a4da-40bc-be42-f397952cb81e{ip: 192.168.34.53, host: pr-hdds-2107-sbngl-2106859965, networkLocation: /default-rack, certSerialId: null}, Type:RATIS, Factor:THREE, State:CLOSED]
2019-09-11 02:42:50,320 [java.util.concurrent.ThreadPoolExecutor$Worker@7b4e52e0[State = -1, empty queue]] WARN  server.GrpcLogAppender (GrpcLogAppender.java:timeoutAppendRequest(200)) - 28f29a4c-baf6-4c40-b523-744acc0a8c83@group-3F730D6994B2->c53771ff-a4da-40bc-be42-f397952cb81e-GrpcLogAppender: appendEntries Timeout, request=28f29a4c-baf6-4c40-b523-744acc0a8c83->c53771ff-a4da-40bc-be42-f397952cb81e#93-t1, previous=(t:1, i:22), leaderCommit=15, initializing? false, entries: <empty>
2019-09-11 02:42:50,320 [java.util.concurrent.ThreadPoolExecutor$Worker@1858f8f2[State = -1, empty queue]] WARN  server.GrpcLogAppender (GrpcLogAppender.java:timeoutAppendRequest(200)) - 28f29a4c-baf6-4c40-b523-744acc0a8c83@group-3F730D6994B2->cccfaecc-560c-4f58-9140-53bb7696e889-GrpcLogAppender: appendEntries Timeout, request=28f29a4c-baf6-4c40-b523-744acc0a8c83->cccfaecc-560c-4f58-9140-53bb7696e889#93-t1, previous=(t:1, i:22), leaderCommit=15, initializing? false, entries: <empty>
2019-09-11 02:42:51,943 [grpc-default-executor-11] INFO  client.GrpcClientProtocolClient (GrpcClientProtocolClient.java:onNext(264)) - client-1271BDC01022->cccfaecc-560c-4f58-9140-53bb7696e889: receive RaftClientReply:client-1271BDC01022->cccfaecc-560c-4f58-9140-53bb7696e889@group-3F730D6994B2, cid=142, FAILED org.apache.ratis.protocol.NotLeaderException: Server cccfaecc-560c-4f58-9140-53bb7696e889@group-3F730D6994B2 is not the leader 28f29a4c-baf6-4c40-b523-744acc0a8c83:192.168.34.53:35385, logIndex=0, commits[cccfaecc-560c-4f58-9140-53bb7696e889:c15, c53771ff-a4da-40bc-be42-f397952cb81e:c14, 28f29a4c-baf6-4c40-b523-744acc0a8c83:c15]
2019-09-11 02:42:52,323 [org.apache.ratis.server.impl.LogAppender$AppenderDaemon$$Lambda$515/1517268026@2655ea02] ERROR ratis.XceiverServerRatis (XceiverServerRatis.java:triggerPipelineClose(568)) - pipeline Action CLOSE  on pipeline PipelineID=161771de-e97c-43e9-8583-3f730d6994b2.Reason : 28f29a4c-baf6-4c40-b523-744acc0a8c83 has not seen follower/s c53771ff-a4da-40bc-be42-f397952cb81e for 162366ms cccfaecc-560c-4f58-9140-53bb7696e889 for 162367ms
2019-09-11 02:42:52,323 [org.apache.ratis.server.impl.LogAppender$AppenderDaemon$$Lambda$515/1517268026@3770b957] ERROR ratis.XceiverServerRatis (XceiverServerRatis.java:triggerPipelineClose(568)) - pipeline Action CLOSE  on pipeline PipelineID=161771de-e97c-43e9-8583-3f730d6994b2.Reason : 28f29a4c-baf6-4c40-b523-744acc0a8c83 has not seen follower/s c53771ff-a4da-40bc-be42-f397952cb81e for 162366ms cccfaecc-560c-4f58-9140-53bb7696e889 for 162367ms
2019-09-11 02:42:52,822 [java.util.concurrent.ThreadPoolExecutor$Worker@1858f8f2[State = -1, empty queue]] WARN  server.GrpcLogAppender (GrpcLogAppender.java:timeoutAppendRequest(200)) - 28f29a4c-baf6-4c40-b523-744acc0a8c83@group-3F730D6994B2->cccfaecc-560c-4f58-9140-53bb7696e889-GrpcLogAppender: appendEntries Timeout, request=28f29a4c-baf6-4c40-b523-744acc0a8c83->cccfaecc-560c-4f58-9140-53bb7696e889#94-t1, previous=(t:1, i:22), leaderCommit=15, initializing? false, entries: <empty>
2019-09-11 02:42:52,822 [java.util.concurrent.ThreadPoolExecutor$Worker@7b4e52e0[State = -1, empty queue]] WARN  server.GrpcLogAppender (GrpcLogAppender.java:timeoutAppendRequest(200)) - 28f29a4c-baf6-4c40-b523-744acc0a8c83@group-3F730D6994B2->c53771ff-a4da-40bc-be42-f397952cb81e-GrpcLogAppender: appendEntries Timeout, request=28f29a4c-baf6-4c40-b523-744acc0a8c83->c53771ff-a4da-40bc-be42-f397952cb81e#94-t1, previous=(t:1, i:22), leaderCommit=15, initializing? false, entries: <empty>
2019-09-11 02:42:53,308 [EventQueue-PipelineActionsForPipelineActionHandler] ERROR pipeline.PipelineActionHandler (PipelineActionHandler.java:onMessage(60)) - Received pipeline action CLOSE for Pipeline[ Id: 161771de-e97c-43e9-8583-3f730d6994b2, Nodes: cccfaecc-560c-4f58-9140-53bb7696e889{ip: 192.168.34.53, host: pr-hdds-2107-sbngl-2106859965, networkLocation: /default-rack, certSerialId: null}28f29a4c-baf6-4c40-b523-744acc0a8c83{ip: 192.168.34.53, host: pr-hdds-2107-sbngl-2106859965, networkLocation: /default-rack, certSerialId: null}c53771ff-a4da-40bc-be42-f397952cb81e{ip: 192.168.34.53, host: pr-hdds-2107-sbngl-2106859965, networkLocation: /default-rack, certSerialId: null}, Type:RATIS, Factor:THREE, State:CLOSED] from datanode 28f29a4c-baf6-4c40-b523-744acc0a8c83{ip: 192.168.34.53, host: pr-hdds-2107-sbngl-2106859965, networkLocation: /default-rack, certSerialId: null}. Reason : 28f29a4c-baf6-4c40-b523-744acc0a8c83 has not seen follower/s c53771ff-a4da-40bc-be42-f397952cb81e for 162366ms cccfaecc-560c-4f58-9140-53bb7696e889 for 162367ms
2019-09-11 02:42:53,309 [EventQueue-PipelineActionsForPipelineActionHandler] INFO  pipeline.SCMPipelineManager (SCMPipelineManager.java:finalizeAndDestroyPipeline(311)) - destroying pipeline:Pipeline[ Id: 161771de-e97c-43e9-8583-3f730d6994b2, Nodes: cccfaecc-560c-4f58-9140-53bb7696e889{ip: 192.168.34.53, host: pr-hdds-2107-sbngl-2106859965, networkLocation: /default-rack, certSerialId: null}28f29a4c-baf6-4c40-b523-744acc0a8c83{ip: 192.168.34.53, host: pr-hdds-2107-sbngl-2106859965, networkLocation: /default-rack, certSerialId: null}c53771ff-a4da-40bc-be42-f397952cb81e{ip: 192.168.34.53, host: pr-hdds-2107-sbngl-2106859965, networkLocation: /default-rack, certSerialId: null}, Type:RATIS, Factor:THREE, State:CLOSED]
2019-09-11 02:42:54,825 [org.apache.ratis.server.impl.LogAppender$AppenderDaemon$$Lambda$515/1517268026@2655ea02] ERROR ratis.XceiverServerRatis (XceiverServerRatis.java:triggerPipelineClose(568)) - pipeline Action CLOSE  on pipeline PipelineID=161771de-e97c-43e9-8583-3f730d6994b2.Reason : 28f29a4c-baf6-4c40-b523-744acc0a8c83 has not seen follower/s c53771ff-a4da-40bc-be42-f397952cb81e for 164868ms cccfaecc-560c-4f58-9140-53bb7696e889 for 164868ms
2019-09-11 02:42:54,825 [org.apache.ratis.server.impl.LogAppender$AppenderDaemon$$Lambda$515/1517268026@3770b957] ERROR ratis.XceiverServerRatis (XceiverServerRatis.java:triggerPipelineClose(568)) - pipeline Action CLOSE  on pipeline PipelineID=161771de-e97c-43e9-8583-3f730d6994b2.Reason : 28f29a4c-baf6-4c40-b523-744acc0a8c83 has not seen follower/s c53771ff-a4da-40bc-be42-f397952cb81e for 164868ms cccfaecc-560c-4f58-9140-53bb7696e889 for 164868ms
2019-09-11 02:42:55,307 [EventQueue-PipelineActionsForPipelineActionHandler] ERROR pipeline.PipelineActionHandler (PipelineActionHandler.java:onMessage(60)) - Received pipeline action CLOSE for Pipeline[ Id: 161771de-e97c-43e9-8583-3f730d6994b2, Nodes: cccfaecc-560c-4f58-9140-53bb7696e889{ip: 192.168.34.53, host: pr-hdds-2107-sbngl-2106859965, networkLocation: /default-rack, certSerialId: null}28f29a4c-baf6-4c40-b523-744acc0a8c83{ip: 192.168.34.53, host: pr-hdds-2107-sbngl-2106859965, networkLocation: /default-rack, certSerialId: null}c53771ff-a4da-40bc-be42-f397952cb81e{ip: 192.168.34.53, host: pr-hdds-2107-sbngl-2106859965, networkLocation: /default-rack, certSerialId: null}, Type:RATIS, Factor:THREE, State:CLOSED] from datanode 28f29a4c-baf6-4c40-b523-744acc0a8c83{ip: 192.168.34.53, host: pr-hdds-2107-sbngl-2106859965, networkLocation: /default-rack, certSerialId: null}. Reason : 28f29a4c-baf6-4c40-b523-744acc0a8c83 has not seen follower/s c53771ff-a4da-40bc-be42-f397952cb81e for 164868ms cccfaecc-560c-4f58-9140-53bb7696e889 for 164868ms
2019-09-11 02:42:55,308 [EventQueue-PipelineActionsForPipelineActionHandler] INFO  pipeline.SCMPipelineManager (SCMPipelineManager.java:finalizeAndDestroyPipeline(311)) - destroying pipeline:Pipeline[ Id: 161771de-e97c-43e9-8583-3f730d6994b2, Nodes: cccfaecc-560c-4f58-9140-53bb7696e889{ip: 192.168.34.53, host: pr-hdds-2107-sbngl-2106859965, networkLocation: /default-rack, certSerialId: null}28f29a4c-baf6-4c40-b523-744acc0a8c83{ip: 192.168.34.53, host: pr-hdds-2107-sbngl-2106859965, networkLocation: /default-rack, certSerialId: null}c53771ff-a4da-40bc-be42-f397952cb81e{ip: 192.168.34.53, host: pr-hdds-2107-sbngl-2106859965, networkLocation: /default-rack, certSerialId: null}, Type:RATIS, Factor:THREE, State:CLOSED]
2019-09-11 02:42:55,323 [java.util.concurrent.ThreadPoolExecutor$Worker@7b4e52e0[State = -1, empty queue]] WARN  server.GrpcLogAppender (GrpcLogAppender.java:timeoutAppendRequest(200)) - 28f29a4c-baf6-4c40-b523-744acc0a8c83@group-3F730D6994B2->c53771ff-a4da-40bc-be42-f397952cb81e-GrpcLogAppender: appendEntries Timeout, request=28f29a4c-baf6-4c40-b523-744acc0a8c83->c53771ff-a4da-40bc-be42-f397952cb81e#95-t1, previous=(t:1, i:22), leaderCommit=15, initializing? false, entries: <empty>
2019-09-11 02:42:55,323 [java.util.concurrent.ThreadPoolExecutor$Worker@1858f8f2[State = -1, empty queue]] WARN  server.GrpcLogAppender (GrpcLogAppender.java:timeoutAppendRequest(200)) - 28f29a4c-baf6-4c40-b523-744acc0a8c83@group-3F730D6994B2->cccfaecc-560c-4f58-9140-53bb7696e889-GrpcLogAppender: appendEntries Timeout, request=28f29a4c-baf6-4c40-b523-744acc0a8c83->cccfaecc-560c-4f58-9140-53bb7696e889#95-t1, previous=(t:1, i:22), leaderCommit=15, initializing? false, entries: <empty>
2019-09-11 02:42:56,985 [grpc-default-executor-11] INFO  client.GrpcClientProtocolClient (GrpcClientProtocolClient.java:onNext(264)) - client-1271BDC01022->cccfaecc-560c-4f58-9140-53bb7696e889: receive RaftClientReply:client-1271BDC01022->cccfaecc-560c-4f58-9140-53bb7696e889@group-3F730D6994B2, cid=142, FAILED org.apache.ratis.protocol.NotLeaderException: Server cccfaecc-560c-4f58-9140-53bb7696e889@group-3F730D6994B2 is not the leader 28f29a4c-baf6-4c40-b523-744acc0a8c83:192.168.34.53:35385, logIndex=0, commits[cccfaecc-560c-4f58-9140-53bb7696e889:c15, c53771ff-a4da-40bc-be42-f397952cb81e:c14, 28f29a4c-baf6-4c40-b523-744acc0a8c83:c15]
2019-09-11 02:42:57,325 [org.apache.ratis.server.impl.LogAppender$AppenderDaemon$$Lambda$515/1517268026@2655ea02] ERROR ratis.XceiverServerRatis (XceiverServerRatis.java:triggerPipelineClose(568)) - pipeline Action CLOSE  on pipeline PipelineID=161771de-e97c-43e9-8583-3f730d6994b2.Reason : 28f29a4c-baf6-4c40-b523-744acc0a8c83 has not seen follower/s c53771ff-a4da-40bc-be42-f397952cb81e for 167368ms cccfaecc-560c-4f58-9140-53bb7696e889 for 167369ms
2019-09-11 02:42:57,325 [org.apache.ratis.server.impl.LogAppender$AppenderDaemon$$Lambda$515/1517268026@3770b957] ERROR ratis.XceiverServerRatis (XceiverServerRatis.java:triggerPipelineClose(568)) - pipeline Action CLOSE  on pipeline PipelineID=161771de-e97c-43e9-8583-3f730d6994b2.Reason : 28f29a4c-baf6-4c40-b523-744acc0a8c83 has not seen follower/s c53771ff-a4da-40bc-be42-f397952cb81e for 167368ms cccfaecc-560c-4f58-9140-53bb7696e889 for 167369ms
2019-09-11 02:42:57,824 [java.util.concurrent.ThreadPoolExecutor$Worker@1858f8f2[State = -1, empty queue]] WARN  server.GrpcLogAppender (GrpcLogAppender.java:timeoutAppendRequest(200)) - 28f29a4c-baf6-4c40-b523-744acc0a8c83@group-3F730D6994B2->cccfaecc-560c-4f58-9140-53bb7696e889-GrpcLogAppender: appendEntries Timeout, request=28f29a4c-baf6-4c40-b523-744acc0a8c83->cccfaecc-560c-4f58-9140-53bb7696e889#96-t1, previous=(t:1, i:22), leaderCommit=15, initializing? false, entries: <empty>
2019-09-11 02:42:57,824 [java.util.concurrent.ThreadPoolExecutor$Worker@7b4e52e0[State = -1, empty queue]] WARN  server.GrpcLogAppender (GrpcLogAppender.java:timeoutAppendRequest(200)) - 28f29a4c-baf6-4c40-b523-744acc0a8c83@group-3F730D6994B2->c53771ff-a4da-40bc-be42-f397952cb81e-GrpcLogAppender: appendEntries Timeout, request=28f29a4c-baf6-4c40-b523-744acc0a8c83->c53771ff-a4da-40bc-be42-f397952cb81e#96-t1, previous=(t:1, i:22), leaderCommit=15, initializing? false, entries: <empty>
2019-09-11 02:42:58,308 [EventQueue-PipelineActionsForPipelineActionHandler] ERROR pipeline.PipelineActionHandler (PipelineActionHandler.java:onMessage(60)) - Received pipeline action CLOSE for Pipeline[ Id: 161771de-e97c-43e9-8583-3f730d6994b2, Nodes: cccfaecc-560c-4f58-9140-53bb7696e889{ip: 192.168.34.53, host: pr-hdds-2107-sbngl-2106859965, networkLocation: /default-rack, certSerialId: null}28f29a4c-baf6-4c40-b523-744acc0a8c83{ip: 192.168.34.53, host: pr-hdds-2107-sbngl-2106859965, networkLocation: /default-rack, certSerialId: null}c53771ff-a4da-40bc-be42-f397952cb81e{ip: 192.168.34.53, host: pr-hdds-2107-sbngl-2106859965, networkLocation: /default-rack, certSerialId: null}, Type:RATIS, Factor:THREE, State:CLOSED] from datanode 28f29a4c-baf6-4c40-b523-744acc0a8c83{ip: 192.168.34.53, host: pr-hdds-2107-sbngl-2106859965, networkLocation: /default-rack, certSerialId: null}. Reason : 28f29a4c-baf6-4c40-b523-744acc0a8c83 has not seen follower/s c53771ff-a4da-40bc-be42-f397952cb81e for 167368ms cccfaecc-560c-4f58-9140-53bb7696e889 for 167369ms
2019-09-11 02:42:58,309 [EventQueue-PipelineActionsForPipelineActionHandler] INFO  pipeline.SCMPipelineManager (SCMPipelineManager.java:finalizeAndDestroyPipeline(311)) - destroying pipeline:Pipeline[ Id: 161771de-e97c-43e9-8583-3f730d6994b2, Nodes: cccfaecc-560c-4f58-9140-53bb7696e889{ip: 192.168.34.53, host: pr-hdds-2107-sbngl-2106859965, networkLocation: /default-rack, certSerialId: null}28f29a4c-baf6-4c40-b523-744acc0a8c83{ip: 192.168.34.53, host: pr-hdds-2107-sbngl-2106859965, networkLocation: /default-rack, certSerialId: null}c53771ff-a4da-40bc-be42-f397952cb81e{ip: 192.168.34.53, host: pr-hdds-2107-sbngl-2106859965, networkLocation: /default-rack, certSerialId: null}, Type:RATIS, Factor:THREE, State:CLOSED]
2019-09-11 02:42:59,828 [org.apache.ratis.server.impl.LogAppender$AppenderDaemon$$Lambda$515/1517268026@3770b957] ERROR ratis.XceiverServerRatis (XceiverServerRatis.java:triggerPipelineClose(568)) - pipeline Action CLOSE  on pipeline PipelineID=161771de-e97c-43e9-8583-3f730d6994b2.Reason : 28f29a4c-baf6-4c40-b523-744acc0a8c83 has not seen follower/s c53771ff-a4da-40bc-be42-f397952cb81e for 169871ms cccfaecc-560c-4f58-9140-53bb7696e889 for 169871ms
2019-09-11 02:42:59,828 [org.apache.ratis.server.impl.LogAppender$AppenderDaemon$$Lambda$515/1517268026@2655ea02] ERROR ratis.XceiverServerRatis (XceiverServerRatis.java:triggerPipelineClose(568)) - pipeline Action CLOSE  on pipeline PipelineID=161771de-e97c-43e9-8583-3f730d6994b2.Reason : 28f29a4c-baf6-4c40-b523-744acc0a8c83 has not seen follower/s c53771ff-a4da-40bc-be42-f397952cb81e for 169871ms cccfaecc-560c-4f58-9140-53bb7696e889 for 169871ms
2019-09-11 02:43:00,165 [28f29a4c-baf6-4c40-b523-744acc0a8c83@group-3F730D6994B2-SegmentedRaftLogWorker] WARN  segmented.SegmentedRaftLogWorker (SegmentedRaftLogWorker.java:getFromFuture(90)) - Timeout 16/~
org.apache.ratis.protocol.TimeoutIOException: Timeout 10s: WriteLog:16: (t:1, i:16), STATEMACHINELOGENTRY, client-1271BDC01022, cid=142-writeStateMachineData
	at org.apache.ratis.util.IOUtils.getFromFuture(IOUtils.java:87)
	at org.apache.ratis.server.raftlog.segmented.SegmentedRaftLogWorker$StateMachineDataPolicy.getFromFuture(SegmentedRaftLogWorker.java:87)
	at org.apache.ratis.server.raftlog.segmented.SegmentedRaftLogWorker$WriteLog.execute(SegmentedRaftLogWorker.java:477)
	at org.apache.ratis.server.raftlog.segmented.SegmentedRaftLogWorker.run(SegmentedRaftLogWorker.java:289)
	at java.lang.Thread.run(Thread.java:748)
Caused by: java.util.concurrent.TimeoutException
	at java.util.concurrent.CompletableFuture.timedGet(CompletableFuture.java:1771)
	at java.util.concurrent.CompletableFuture.get(CompletableFuture.java:1915)
	at org.apache.ratis.util.IOUtils.getFromFuture(IOUtils.java:79)
	... 4 more
2019-09-11 02:43:00,206 [cccfaecc-560c-4f58-9140-53bb7696e889@group-3F730D6994B2-SegmentedRaftLogWorker] WARN  segmented.SegmentedRaftLogWorker (SegmentedRaftLogWorker.java:getFromFuture(90)) - Timeout 16/~
org.apache.ratis.protocol.TimeoutIOException: Timeout 10s: WriteLog:16: (t:1, i:16), STATEMACHINELOGENTRY, client-1271BDC01022, cid=142-writeStateMachineData
	at org.apache.ratis.util.IOUtils.getFromFuture(IOUtils.java:87)
	at org.apache.ratis.server.raftlog.segmented.SegmentedRaftLogWorker$StateMachineDataPolicy.getFromFuture(SegmentedRaftLogWorker.java:87)
	at org.apache.ratis.server.raftlog.segmented.SegmentedRaftLogWorker$WriteLog.execute(SegmentedRaftLogWorker.java:477)
	at org.apache.ratis.server.raftlog.segmented.SegmentedRaftLogWorker.run(SegmentedRaftLogWorker.java:289)
	at java.lang.Thread.run(Thread.java:748)
Caused by: java.util.concurrent.TimeoutException
	at java.util.concurrent.CompletableFuture.timedGet(CompletableFuture.java:1771)
	at java.util.concurrent.CompletableFuture.get(CompletableFuture.java:1915)
	at org.apache.ratis.util.IOUtils.getFromFuture(IOUtils.java:79)
	... 4 more
2019-09-11 02:43:00,207 [c53771ff-a4da-40bc-be42-f397952cb81e@group-3F730D6994B2-SegmentedRaftLogWorker] WARN  segmented.SegmentedRaftLogWorker (SegmentedRaftLogWorker.java:getFromFuture(90)) - Timeout 16/~
org.apache.ratis.protocol.TimeoutIOException: Timeout 10s: WriteLog:16: (t:1, i:16), STATEMACHINELOGENTRY, client-1271BDC01022, cid=142-writeStateMachineData
	at org.apache.ratis.util.IOUtils.getFromFuture(IOUtils.java:87)
	at org.apache.ratis.server.raftlog.segmented.SegmentedRaftLogWorker$StateMachineDataPolicy.getFromFuture(SegmentedRaftLogWorker.java:87)
	at org.apache.ratis.server.raftlog.segmented.SegmentedRaftLogWorker$WriteLog.execute(SegmentedRaftLogWorker.java:477)
	at org.apache.ratis.server.raftlog.segmented.SegmentedRaftLogWorker.run(SegmentedRaftLogWorker.java:289)
	at java.lang.Thread.run(Thread.java:748)
Caused by: java.util.concurrent.TimeoutException
	at java.util.concurrent.CompletableFuture.timedGet(CompletableFuture.java:1771)
	at java.util.concurrent.CompletableFuture.get(CompletableFuture.java:1915)
	at org.apache.ratis.util.IOUtils.getFromFuture(IOUtils.java:79)
	... 4 more
2019-09-11 02:43:00,308 [EventQueue-PipelineActionsForPipelineActionHandler] ERROR pipeline.PipelineActionHandler (PipelineActionHandler.java:onMessage(60)) - Received pipeline action CLOSE for Pipeline[ Id: 161771de-e97c-43e9-8583-3f730d6994b2, Nodes: cccfaecc-560c-4f58-9140-53bb7696e889{ip: 192.168.34.53, host: pr-hdds-2107-sbngl-2106859965, networkLocation: /default-rack, certSerialId: null}28f29a4c-baf6-4c40-b523-744acc0a8c83{ip: 192.168.34.53, host: pr-hdds-2107-sbngl-2106859965, networkLocation: /default-rack, certSerialId: null}c53771ff-a4da-40bc-be42-f397952cb81e{ip: 192.168.34.53, host: pr-hdds-2107-sbngl-2106859965, networkLocation: /default-rack, certSerialId: null}, Type:RATIS, Factor:THREE, State:CLOSED] from datanode 28f29a4c-baf6-4c40-b523-744acc0a8c83{ip: 192.168.34.53, host: pr-hdds-2107-sbngl-2106859965, networkLocation: /default-rack, certSerialId: null}. Reason : 28f29a4c-baf6-4c40-b523-744acc0a8c83 has not seen follower/s c53771ff-a4da-40bc-be42-f397952cb81e for 169871ms cccfaecc-560c-4f58-9140-53bb7696e889 for 169871ms
2019-09-11 02:43:00,308 [EventQueue-PipelineActionsForPipelineActionHandler] INFO  pipeline.SCMPipelineManager (SCMPipelineManager.java:finalizeAndDestroyPipeline(311)) - destroying pipeline:Pipeline[ Id: 161771de-e97c-43e9-8583-3f730d6994b2, Nodes: cccfaecc-560c-4f58-9140-53bb7696e889{ip: 192.168.34.53, host: pr-hdds-2107-sbngl-2106859965, networkLocation: /default-rack, certSerialId: null}28f29a4c-baf6-4c40-b523-744acc0a8c83{ip: 192.168.34.53, host: pr-hdds-2107-sbngl-2106859965, networkLocation: /default-rack, certSerialId: null}c53771ff-a4da-40bc-be42-f397952cb81e{ip: 192.168.34.53, host: pr-hdds-2107-sbngl-2106859965, networkLocation: /default-rack, certSerialId: null}, Type:RATIS, Factor:THREE, State:CLOSED]
2019-09-11 02:43:00,325 [java.util.concurrent.ThreadPoolExecutor$Worker@7b4e52e0[State = -1, empty queue]] WARN  server.GrpcLogAppender (GrpcLogAppender.java:timeoutAppendRequest(200)) - 28f29a4c-baf6-4c40-b523-744acc0a8c83@group-3F730D6994B2->c53771ff-a4da-40bc-be42-f397952cb81e-GrpcLogAppender: appendEntries Timeout, request=28f29a4c-baf6-4c40-b523-744acc0a8c83->c53771ff-a4da-40bc-be42-f397952cb81e#97-t1, previous=(t:1, i:22), leaderCommit=15, initializing? false, entries: <empty>
2019-09-11 02:43:00,325 [java.util.concurrent.ThreadPoolExecutor$Worker@1858f8f2[State = -1, empty queue]] WARN  server.GrpcLogAppender (GrpcLogAppender.java:timeoutAppendRequest(200)) - 28f29a4c-baf6-4c40-b523-744acc0a8c83@group-3F730D6994B2->cccfaecc-560c-4f58-9140-53bb7696e889-GrpcLogAppender: appendEntries Timeout, request=28f29a4c-baf6-4c40-b523-744acc0a8c83->cccfaecc-560c-4f58-9140-53bb7696e889#97-t1, previous=(t:1, i:22), leaderCommit=15, initializing? false, entries: <empty>
2019-09-11 02:43:02,067 [grpc-default-executor-7] INFO  client.GrpcClientProtocolClient (GrpcClientProtocolClient.java:onNext(264)) - client-1271BDC01022->cccfaecc-560c-4f58-9140-53bb7696e889: receive RaftClientReply:client-1271BDC01022->cccfaecc-560c-4f58-9140-53bb7696e889@group-3F730D6994B2, cid=142, FAILED org.apache.ratis.protocol.NotLeaderException: Server cccfaecc-560c-4f58-9140-53bb7696e889@group-3F730D6994B2 is not the leader 28f29a4c-baf6-4c40-b523-744acc0a8c83:192.168.34.53:35385, logIndex=0, commits[cccfaecc-560c-4f58-9140-53bb7696e889:c15, c53771ff-a4da-40bc-be42-f397952cb81e:c14, 28f29a4c-baf6-4c40-b523-744acc0a8c83:c15]
2019-09-11 02:43:02,328 [org.apache.ratis.server.impl.LogAppender$AppenderDaemon$$Lambda$515/1517268026@2655ea02] ERROR ratis.XceiverServerRatis (XceiverServerRatis.java:triggerPipelineClose(568)) - pipeline Action CLOSE  on pipeline PipelineID=161771de-e97c-43e9-8583-3f730d6994b2.Reason : 28f29a4c-baf6-4c40-b523-744acc0a8c83 has not seen follower/s c53771ff-a4da-40bc-be42-f397952cb81e for 172371ms cccfaecc-560c-4f58-9140-53bb7696e889 for 172372ms
2019-09-11 02:43:02,328 [org.apache.ratis.server.impl.LogAppender$AppenderDaemon$$Lambda$515/1517268026@3770b957] ERROR ratis.XceiverServerRatis (XceiverServerRatis.java:triggerPipelineClose(568)) - pipeline Action CLOSE  on pipeline PipelineID=161771de-e97c-43e9-8583-3f730d6994b2.Reason : 28f29a4c-baf6-4c40-b523-744acc0a8c83 has not seen follower/s c53771ff-a4da-40bc-be42-f397952cb81e for 172371ms cccfaecc-560c-4f58-9140-53bb7696e889 for 172372ms
2019-09-11 02:43:02,827 [java.util.concurrent.ThreadPoolExecutor$Worker@1858f8f2[State = -1, empty queue]] WARN  server.GrpcLogAppender (GrpcLogAppender.java:timeoutAppendRequest(200)) - 28f29a4c-baf6-4c40-b523-744acc0a8c83@group-3F730D6994B2->cccfaecc-560c-4f58-9140-53bb7696e889-GrpcLogAppender: appendEntries Timeout, request=28f29a4c-baf6-4c40-b523-744acc0a8c83->cccfaecc-560c-4f58-9140-53bb7696e889#98-t1, previous=(t:1, i:22), leaderCommit=15, initializing? false, entries: <empty>
2019-09-11 02:43:02,827 [java.util.concurrent.ThreadPoolExecutor$Worker@7b4e52e0[State = -1, empty queue]] WARN  server.GrpcLogAppender (GrpcLogAppender.java:timeoutAppendRequest(200)) - 28f29a4c-baf6-4c40-b523-744acc0a8c83@group-3F730D6994B2->c53771ff-a4da-40bc-be42-f397952cb81e-GrpcLogAppender: appendEntries Timeout, request=28f29a4c-baf6-4c40-b523-744acc0a8c83->c53771ff-a4da-40bc-be42-f397952cb81e#98-t1, previous=(t:1, i:22), leaderCommit=15, initializing? false, entries: <empty>
2019-09-11 02:43:03,308 [EventQueue-PipelineActionsForPipelineActionHandler] ERROR pipeline.PipelineActionHandler (PipelineActionHandler.java:onMessage(60)) - Received pipeline action CLOSE for Pipeline[ Id: 161771de-e97c-43e9-8583-3f730d6994b2, Nodes: cccfaecc-560c-4f58-9140-53bb7696e889{ip: 192.168.34.53, host: pr-hdds-2107-sbngl-2106859965, networkLocation: /default-rack, certSerialId: null}28f29a4c-baf6-4c40-b523-744acc0a8c83{ip: 192.168.34.53, host: pr-hdds-2107-sbngl-2106859965, networkLocation: /default-rack, certSerialId: null}c53771ff-a4da-40bc-be42-f397952cb81e{ip: 192.168.34.53, host: pr-hdds-2107-sbngl-2106859965, networkLocation: /default-rack, certSerialId: null}, Type:RATIS, Factor:THREE, State:CLOSED] from datanode 28f29a4c-baf6-4c40-b523-744acc0a8c83{ip: 192.168.34.53, host: pr-hdds-2107-sbngl-2106859965, networkLocation: /default-rack, certSerialId: null}. Reason : 28f29a4c-baf6-4c40-b523-744acc0a8c83 has not seen follower/s c53771ff-a4da-40bc-be42-f397952cb81e for 172371ms cccfaecc-560c-4f58-9140-53bb7696e889 for 172372ms
2019-09-11 02:43:03,309 [EventQueue-PipelineActionsForPipelineActionHandler] INFO  pipeline.SCMPipelineManager (SCMPipelineManager.java:finalizeAndDestroyPipeline(311)) - destroying pipeline:Pipeline[ Id: 161771de-e97c-43e9-8583-3f730d6994b2, Nodes: cccfaecc-560c-4f58-9140-53bb7696e889{ip: 192.168.34.53, host: pr-hdds-2107-sbngl-2106859965, networkLocation: /default-rack, certSerialId: null}28f29a4c-baf6-4c40-b523-744acc0a8c83{ip: 192.168.34.53, host: pr-hdds-2107-sbngl-2106859965, networkLocation: /default-rack, certSerialId: null}c53771ff-a4da-40bc-be42-f397952cb81e{ip: 192.168.34.53, host: pr-hdds-2107-sbngl-2106859965, networkLocation: /default-rack, certSerialId: null}, Type:RATIS, Factor:THREE, State:CLOSED]
2019-09-11 02:43:04,830 [org.apache.ratis.server.impl.LogAppender$AppenderDaemon$$Lambda$515/1517268026@2655ea02] ERROR ratis.XceiverServerRatis (XceiverServerRatis.java:triggerPipelineClose(568)) - pipeline Action CLOSE  on pipeline PipelineID=161771de-e97c-43e9-8583-3f730d6994b2.Reason : 28f29a4c-baf6-4c40-b523-744acc0a8c83 has not seen follower/s c53771ff-a4da-40bc-be42-f397952cb81e for 174873ms cccfaecc-560c-4f58-9140-53bb7696e889 for 174874ms
2019-09-11 02:43:04,830 [org.apache.ratis.server.impl.LogAppender$AppenderDaemon$$Lambda$515/1517268026@3770b957] ERROR ratis.XceiverServerRatis (XceiverServerRatis.java:triggerPipelineClose(568)) - pipeline Action CLOSE  on pipeline PipelineID=161771de-e97c-43e9-8583-3f730d6994b2.Reason : 28f29a4c-baf6-4c40-b523-744acc0a8c83 has not seen follower/s c53771ff-a4da-40bc-be42-f397952cb81e for 174873ms cccfaecc-560c-4f58-9140-53bb7696e889 for 174874ms
2019-09-11 02:43:05,309 [EventQueue-PipelineActionsForPipelineActionHandler] ERROR pipeline.PipelineActionHandler (PipelineActionHandler.java:onMessage(60)) - Received pipeline action CLOSE for Pipeline[ Id: 161771de-e97c-43e9-8583-3f730d6994b2, Nodes: cccfaecc-560c-4f58-9140-53bb7696e889{ip: 192.168.34.53, host: pr-hdds-2107-sbngl-2106859965, networkLocation: /default-rack, certSerialId: null}28f29a4c-baf6-4c40-b523-744acc0a8c83{ip: 192.168.34.53, host: pr-hdds-2107-sbngl-2106859965, networkLocation: /default-rack, certSerialId: null}c53771ff-a4da-40bc-be42-f397952cb81e{ip: 192.168.34.53, host: pr-hdds-2107-sbngl-2106859965, networkLocation: /default-rack, certSerialId: null}, Type:RATIS, Factor:THREE, State:CLOSED] from datanode 28f29a4c-baf6-4c40-b523-744acc0a8c83{ip: 192.168.34.53, host: pr-hdds-2107-sbngl-2106859965, networkLocation: /default-rack, certSerialId: null}. Reason : 28f29a4c-baf6-4c40-b523-744acc0a8c83 has not seen follower/s c53771ff-a4da-40bc-be42-f397952cb81e for 174873ms cccfaecc-560c-4f58-9140-53bb7696e889 for 174874ms
2019-09-11 02:43:05,310 [EventQueue-PipelineActionsForPipelineActionHandler] INFO  pipeline.SCMPipelineManager (SCMPipelineManager.java:finalizeAndDestroyPipeline(311)) - destroying pipeline:Pipeline[ Id: 161771de-e97c-43e9-8583-3f730d6994b2, Nodes: cccfaecc-560c-4f58-9140-53bb7696e889{ip: 192.168.34.53, host: pr-hdds-2107-sbngl-2106859965, networkLocation: /default-rack, certSerialId: null}28f29a4c-baf6-4c40-b523-744acc0a8c83{ip: 192.168.34.53, host: pr-hdds-2107-sbngl-2106859965, networkLocation: /default-rack, certSerialId: null}c53771ff-a4da-40bc-be42-f397952cb81e{ip: 192.168.34.53, host: pr-hdds-2107-sbngl-2106859965, networkLocation: /default-rack, certSerialId: null}, Type:RATIS, Factor:THREE, State:CLOSED]
2019-09-11 02:43:05,328 [java.util.concurrent.ThreadPoolExecutor$Worker@7b4e52e0[State = -1, empty queue]] WARN  server.GrpcLogAppender (GrpcLogAppender.java:timeoutAppendRequest(200)) - 28f29a4c-baf6-4c40-b523-744acc0a8c83@group-3F730D6994B2->c53771ff-a4da-40bc-be42-f397952cb81e-GrpcLogAppender: appendEntries Timeout, request=28f29a4c-baf6-4c40-b523-744acc0a8c83->c53771ff-a4da-40bc-be42-f397952cb81e#99-t1, previous=(t:1, i:22), leaderCommit=15, initializing? false, entries: <empty>
2019-09-11 02:43:05,328 [java.util.concurrent.ThreadPoolExecutor$Worker@1858f8f2[State = -1, empty queue]] WARN  server.GrpcLogAppender (GrpcLogAppender.java:timeoutAppendRequest(200)) - 28f29a4c-baf6-4c40-b523-744acc0a8c83@group-3F730D6994B2->cccfaecc-560c-4f58-9140-53bb7696e889-GrpcLogAppender: appendEntries Timeout, request=28f29a4c-baf6-4c40-b523-744acc0a8c83->cccfaecc-560c-4f58-9140-53bb7696e889#99-t1, previous=(t:1, i:22), leaderCommit=15, initializing? false, entries: <empty>
2019-09-11 02:43:07,114 [grpc-default-executor-7] INFO  client.GrpcClientProtocolClient (GrpcClientProtocolClient.java:onNext(264)) - client-1271BDC01022->cccfaecc-560c-4f58-9140-53bb7696e889: receive RaftClientReply:client-1271BDC01022->cccfaecc-560c-4f58-9140-53bb7696e889@group-3F730D6994B2, cid=142, FAILED org.apache.ratis.protocol.NotLeaderException: Server cccfaecc-560c-4f58-9140-53bb7696e889@group-3F730D6994B2 is not the leader 28f29a4c-baf6-4c40-b523-744acc0a8c83:192.168.34.53:35385, logIndex=0, commits[cccfaecc-560c-4f58-9140-53bb7696e889:c15, c53771ff-a4da-40bc-be42-f397952cb81e:c14, 28f29a4c-baf6-4c40-b523-744acc0a8c83:c15]
2019-09-11 02:43:07,330 [org.apache.ratis.server.impl.LogAppender$AppenderDaemon$$Lambda$515/1517268026@2655ea02] ERROR ratis.XceiverServerRatis (XceiverServerRatis.java:triggerPipelineClose(568)) - pipeline Action CLOSE  on pipeline PipelineID=161771de-e97c-43e9-8583-3f730d6994b2.Reason : 28f29a4c-baf6-4c40-b523-744acc0a8c83 has not seen follower/s c53771ff-a4da-40bc-be42-f397952cb81e for 177374ms cccfaecc-560c-4f58-9140-53bb7696e889 for 177374ms
2019-09-11 02:43:07,331 [org.apache.ratis.server.impl.LogAppender$AppenderDaemon$$Lambda$515/1517268026@3770b957] ERROR ratis.XceiverServerRatis (XceiverServerRatis.java:triggerPipelineClose(568)) - pipeline Action CLOSE  on pipeline PipelineID=161771de-e97c-43e9-8583-3f730d6994b2.Reason : 28f29a4c-baf6-4c40-b523-744acc0a8c83 has not seen follower/s c53771ff-a4da-40bc-be42-f397952cb81e for 177374ms cccfaecc-560c-4f58-9140-53bb7696e889 for 177374ms
2019-09-11 02:43:07,830 [java.util.concurrent.ThreadPoolExecutor$Worker@1858f8f2[State = -1, empty queue]] WARN  server.GrpcLogAppender (GrpcLogAppender.java:timeoutAppendRequest(200)) - 28f29a4c-baf6-4c40-b523-744acc0a8c83@group-3F730D6994B2->cccfaecc-560c-4f58-9140-53bb7696e889-GrpcLogAppender: appendEntries Timeout, request=28f29a4c-baf6-4c40-b523-744acc0a8c83->cccfaecc-560c-4f58-9140-53bb7696e889#100-t1, previous=(t:1, i:22), leaderCommit=15, initializing? false, entries: <empty>
2019-09-11 02:43:07,830 [java.util.concurrent.ThreadPoolExecutor$Worker@7b4e52e0[State = -1, empty queue]] WARN  server.GrpcLogAppender (GrpcLogAppender.java:timeoutAppendRequest(200)) - 28f29a4c-baf6-4c40-b523-744acc0a8c83@group-3F730D6994B2->c53771ff-a4da-40bc-be42-f397952cb81e-GrpcLogAppender: appendEntries Timeout, request=28f29a4c-baf6-4c40-b523-744acc0a8c83->c53771ff-a4da-40bc-be42-f397952cb81e#100-t1, previous=(t:1, i:22), leaderCommit=15, initializing? false, entries: <empty>
2019-09-11 02:43:08,309 [EventQueue-PipelineActionsForPipelineActionHandler] ERROR pipeline.PipelineActionHandler (PipelineActionHandler.java:onMessage(60)) - Received pipeline action CLOSE for Pipeline[ Id: 161771de-e97c-43e9-8583-3f730d6994b2, Nodes: cccfaecc-560c-4f58-9140-53bb7696e889{ip: 192.168.34.53, host: pr-hdds-2107-sbngl-2106859965, networkLocation: /default-rack, certSerialId: null}28f29a4c-baf6-4c40-b523-744acc0a8c83{ip: 192.168.34.53, host: pr-hdds-2107-sbngl-2106859965, networkLocation: /default-rack, certSerialId: null}c53771ff-a4da-40bc-be42-f397952cb81e{ip: 192.168.34.53, host: pr-hdds-2107-sbngl-2106859965, networkLocation: /default-rack, certSerialId: null}, Type:RATIS, Factor:THREE, State:CLOSED] from datanode 28f29a4c-baf6-4c40-b523-744acc0a8c83{ip: 192.168.34.53, host: pr-hdds-2107-sbngl-2106859965, networkLocation: /default-rack, certSerialId: null}. Reason : 28f29a4c-baf6-4c40-b523-744acc0a8c83 has not seen follower/s c53771ff-a4da-40bc-be42-f397952cb81e for 177374ms cccfaecc-560c-4f58-9140-53bb7696e889 for 177374ms
2019-09-11 02:43:08,309 [EventQueue-PipelineActionsForPipelineActionHandler] INFO  pipeline.SCMPipelineManager (SCMPipelineManager.java:finalizeAndDestroyPipeline(311)) - destroying pipeline:Pipeline[ Id: 161771de-e97c-43e9-8583-3f730d6994b2, Nodes: cccfaecc-560c-4f58-9140-53bb7696e889{ip: 192.168.34.53, host: pr-hdds-2107-sbngl-2106859965, networkLocation: /default-rack, certSerialId: null}28f29a4c-baf6-4c40-b523-744acc0a8c83{ip: 192.168.34.53, host: pr-hdds-2107-sbngl-2106859965, networkLocation: /default-rack, certSerialId: null}c53771ff-a4da-40bc-be42-f397952cb81e{ip: 192.168.34.53, host: pr-hdds-2107-sbngl-2106859965, networkLocation: /default-rack, certSerialId: null}, Type:RATIS, Factor:THREE, State:CLOSED]
2019-09-11 02:43:09,832 [org.apache.ratis.server.impl.LogAppender$AppenderDaemon$$Lambda$515/1517268026@3770b957] ERROR ratis.XceiverServerRatis (XceiverServerRatis.java:triggerPipelineClose(568)) - pipeline Action CLOSE  on pipeline PipelineID=161771de-e97c-43e9-8583-3f730d6994b2.Reason : 28f29a4c-baf6-4c40-b523-744acc0a8c83 has not seen follower/s c53771ff-a4da-40bc-be42-f397952cb81e for 179875ms cccfaecc-560c-4f58-9140-53bb7696e889 for 179876ms
2019-09-11 02:43:09,832 [org.apache.ratis.server.impl.LogAppender$AppenderDaemon$$Lambda$515/1517268026@2655ea02] ERROR ratis.XceiverServerRatis (XceiverServerRatis.java:triggerPipelineClose(568)) - pipeline Action CLOSE  on pipeline PipelineID=161771de-e97c-43e9-8583-3f730d6994b2.Reason : 28f29a4c-baf6-4c40-b523-744acc0a8c83 has not seen follower/s c53771ff-a4da-40bc-be42-f397952cb81e for 179875ms cccfaecc-560c-4f58-9140-53bb7696e889 for 179876ms
2019-09-11 02:43:10,166 [28f29a4c-baf6-4c40-b523-744acc0a8c83@group-3F730D6994B2-SegmentedRaftLogWorker] WARN  segmented.SegmentedRaftLogWorker (SegmentedRaftLogWorker.java:getFromFuture(90)) - Timeout 17/~
org.apache.ratis.protocol.TimeoutIOException: Timeout 10s: WriteLog:16: (t:1, i:16), STATEMACHINELOGENTRY, client-1271BDC01022, cid=142-writeStateMachineData
	at org.apache.ratis.util.IOUtils.getFromFuture(IOUtils.java:87)
	at org.apache.ratis.server.raftlog.segmented.SegmentedRaftLogWorker$StateMachineDataPolicy.getFromFuture(SegmentedRaftLogWorker.java:87)
	at org.apache.ratis.server.raftlog.segmented.SegmentedRaftLogWorker$WriteLog.execute(SegmentedRaftLogWorker.java:477)
	at org.apache.ratis.server.raftlog.segmented.SegmentedRaftLogWorker.run(SegmentedRaftLogWorker.java:289)
	at java.lang.Thread.run(Thread.java:748)
Caused by: java.util.concurrent.TimeoutException
	at java.util.concurrent.CompletableFuture.timedGet(CompletableFuture.java:1771)
	at java.util.concurrent.CompletableFuture.get(CompletableFuture.java:1915)
	at org.apache.ratis.util.IOUtils.getFromFuture(IOUtils.java:79)
	... 4 more
2019-09-11 02:43:10,206 [cccfaecc-560c-4f58-9140-53bb7696e889@group-3F730D6994B2-SegmentedRaftLogWorker] WARN  segmented.SegmentedRaftLogWorker (SegmentedRaftLogWorker.java:getFromFuture(90)) - Timeout 17/~
org.apache.ratis.protocol.TimeoutIOException: Timeout 10s: WriteLog:16: (t:1, i:16), STATEMACHINELOGENTRY, client-1271BDC01022, cid=142-writeStateMachineData
	at org.apache.ratis.util.IOUtils.getFromFuture(IOUtils.java:87)
	at org.apache.ratis.server.raftlog.segmented.SegmentedRaftLogWorker$StateMachineDataPolicy.getFromFuture(SegmentedRaftLogWorker.java:87)
	at org.apache.ratis.server.raftlog.segmented.SegmentedRaftLogWorker$WriteLog.execute(SegmentedRaftLogWorker.java:477)
	at org.apache.ratis.server.raftlog.segmented.SegmentedRaftLogWorker.run(SegmentedRaftLogWorker.java:289)
	at java.lang.Thread.run(Thread.java:748)
Caused by: java.util.concurrent.TimeoutException
	at java.util.concurrent.CompletableFuture.timedGet(CompletableFuture.java:1771)
	at java.util.concurrent.CompletableFuture.get(CompletableFuture.java:1915)
	at org.apache.ratis.util.IOUtils.getFromFuture(IOUtils.java:79)
	... 4 more
2019-09-11 02:43:10,207 [c53771ff-a4da-40bc-be42-f397952cb81e@group-3F730D6994B2-SegmentedRaftLogWorker] WARN  segmented.SegmentedRaftLogWorker (SegmentedRaftLogWorker.java:getFromFuture(90)) - Timeout 17/~
org.apache.ratis.protocol.TimeoutIOException: Timeout 10s: WriteLog:16: (t:1, i:16), STATEMACHINELOGENTRY, client-1271BDC01022, cid=142-writeStateMachineData
	at org.apache.ratis.util.IOUtils.getFromFuture(IOUtils.java:87)
	at org.apache.ratis.server.raftlog.segmented.SegmentedRaftLogWorker$StateMachineDataPolicy.getFromFuture(SegmentedRaftLogWorker.java:87)
	at org.apache.ratis.server.raftlog.segmented.SegmentedRaftLogWorker$WriteLog.execute(SegmentedRaftLogWorker.java:477)
	at org.apache.ratis.server.raftlog.segmented.SegmentedRaftLogWorker.run(SegmentedRaftLogWorker.java:289)
	at java.lang.Thread.run(Thread.java:748)
Caused by: java.util.concurrent.TimeoutException
	at java.util.concurrent.CompletableFuture.timedGet(CompletableFuture.java:1771)
	at java.util.concurrent.CompletableFuture.get(CompletableFuture.java:1915)
	at org.apache.ratis.util.IOUtils.getFromFuture(IOUtils.java:79)
	... 4 more
2019-09-11 02:43:10,310 [EventQueue-PipelineActionsForPipelineActionHandler] ERROR pipeline.PipelineActionHandler (PipelineActionHandler.java:onMessage(60)) - Received pipeline action CLOSE for Pipeline[ Id: 161771de-e97c-43e9-8583-3f730d6994b2, Nodes: cccfaecc-560c-4f58-9140-53bb7696e889{ip: 192.168.34.53, host: pr-hdds-2107-sbngl-2106859965, networkLocation: /default-rack, certSerialId: null}28f29a4c-baf6-4c40-b523-744acc0a8c83{ip: 192.168.34.53, host: pr-hdds-2107-sbngl-2106859965, networkLocation: /default-rack, certSerialId: null}c53771ff-a4da-40bc-be42-f397952cb81e{ip: 192.168.34.53, host: pr-hdds-2107-sbngl-2106859965, networkLocation: /default-rack, certSerialId: null}, Type:RATIS, Factor:THREE, State:CLOSED] from datanode 28f29a4c-baf6-4c40-b523-744acc0a8c83{ip: 192.168.34.53, host: pr-hdds-2107-sbngl-2106859965, networkLocation: /default-rack, certSerialId: null}. Reason : 28f29a4c-baf6-4c40-b523-744acc0a8c83 has not seen follower/s c53771ff-a4da-40bc-be42-f397952cb81e for 179875ms cccfaecc-560c-4f58-9140-53bb7696e889 for 179876ms
2019-09-11 02:43:10,311 [EventQueue-PipelineActionsForPipelineActionHandler] INFO  pipeline.SCMPipelineManager (SCMPipelineManager.java:finalizeAndDestroyPipeline(311)) - destroying pipeline:Pipeline[ Id: 161771de-e97c-43e9-8583-3f730d6994b2, Nodes: cccfaecc-560c-4f58-9140-53bb7696e889{ip: 192.168.34.53, host: pr-hdds-2107-sbngl-2106859965, networkLocation: /default-rack, certSerialId: null}28f29a4c-baf6-4c40-b523-744acc0a8c83{ip: 192.168.34.53, host: pr-hdds-2107-sbngl-2106859965, networkLocation: /default-rack, certSerialId: null}c53771ff-a4da-40bc-be42-f397952cb81e{ip: 192.168.34.53, host: pr-hdds-2107-sbngl-2106859965, networkLocation: /default-rack, certSerialId: null}, Type:RATIS, Factor:THREE, State:CLOSED]
2019-09-11 02:43:10,330 [java.util.concurrent.ThreadPoolExecutor$Worker@7b4e52e0[State = -1, empty queue]] WARN  server.GrpcLogAppender (GrpcLogAppender.java:timeoutAppendRequest(200)) - 28f29a4c-baf6-4c40-b523-744acc0a8c83@group-3F730D6994B2->c53771ff-a4da-40bc-be42-f397952cb81e-GrpcLogAppender: appendEntries Timeout, request=28f29a4c-baf6-4c40-b523-744acc0a8c83->c53771ff-a4da-40bc-be42-f397952cb81e#101-t1, previous=(t:1, i:22), leaderCommit=15, initializing? false, entries: <empty>
2019-09-11 02:43:10,331 [java.util.concurrent.ThreadPoolExecutor$Worker@1858f8f2[State = -1, empty queue]] WARN  server.GrpcLogAppender (GrpcLogAppender.java:timeoutAppendRequest(200)) - 28f29a4c-baf6-4c40-b523-744acc0a8c83@group-3F730D6994B2->cccfaecc-560c-4f58-9140-53bb7696e889-GrpcLogAppender: appendEntries Timeout, request=28f29a4c-baf6-4c40-b523-744acc0a8c83->cccfaecc-560c-4f58-9140-53bb7696e889#101-t1, previous=(t:1, i:22), leaderCommit=15, initializing? false, entries: <empty>
2019-09-11 02:43:12,157 [grpc-default-executor-1] INFO  client.GrpcClientProtocolClient (GrpcClientProtocolClient.java:onNext(264)) - client-1271BDC01022->cccfaecc-560c-4f58-9140-53bb7696e889: receive RaftClientReply:client-1271BDC01022->cccfaecc-560c-4f58-9140-53bb7696e889@group-3F730D6994B2, cid=142, FAILED org.apache.ratis.protocol.NotLeaderException: Server cccfaecc-560c-4f58-9140-53bb7696e889@group-3F730D6994B2 is not the leader 28f29a4c-baf6-4c40-b523-744acc0a8c83:192.168.34.53:35385, logIndex=0, commits[cccfaecc-560c-4f58-9140-53bb7696e889:c15, c53771ff-a4da-40bc-be42-f397952cb81e:c14, 28f29a4c-baf6-4c40-b523-744acc0a8c83:c15]
2019-09-11 02:43:12,332 [org.apache.ratis.server.impl.LogAppender$AppenderDaemon$$Lambda$515/1517268026@2655ea02] ERROR ratis.XceiverServerRatis (XceiverServerRatis.java:triggerPipelineClose(568)) - pipeline Action CLOSE  on pipeline PipelineID=161771de-e97c-43e9-8583-3f730d6994b2.Reason : 28f29a4c-baf6-4c40-b523-744acc0a8c83 has not seen follower/s c53771ff-a4da-40bc-be42-f397952cb81e for 182376ms cccfaecc-560c-4f58-9140-53bb7696e889 for 182376ms
2019-09-11 02:43:12,333 [org.apache.ratis.server.impl.LogAppender$AppenderDaemon$$Lambda$515/1517268026@3770b957] ERROR ratis.XceiverServerRatis (XceiverServerRatis.java:triggerPipelineClose(568)) - pipeline Action CLOSE  on pipeline PipelineID=161771de-e97c-43e9-8583-3f730d6994b2.Reason : 28f29a4c-baf6-4c40-b523-744acc0a8c83 has not seen follower/s c53771ff-a4da-40bc-be42-f397952cb81e for 182376ms cccfaecc-560c-4f58-9140-53bb7696e889 for 182377ms
2019-09-11 02:43:12,832 [java.util.concurrent.ThreadPoolExecutor$Worker@1858f8f2[State = -1, empty queue]] WARN  server.GrpcLogAppender (GrpcLogAppender.java:timeoutAppendRequest(200)) - 28f29a4c-baf6-4c40-b523-744acc0a8c83@group-3F730D6994B2->cccfaecc-560c-4f58-9140-53bb7696e889-GrpcLogAppender: appendEntries Timeout, request=28f29a4c-baf6-4c40-b523-744acc0a8c83->cccfaecc-560c-4f58-9140-53bb7696e889#102-t1, previous=(t:1, i:22), leaderCommit=15, initializing? false, entries: <empty>
2019-09-11 02:43:12,832 [java.util.concurrent.ThreadPoolExecutor$Worker@7b4e52e0[State = -1, empty queue]] WARN  server.GrpcLogAppender (GrpcLogAppender.java:timeoutAppendRequest(200)) - 28f29a4c-baf6-4c40-b523-744acc0a8c83@group-3F730D6994B2->c53771ff-a4da-40bc-be42-f397952cb81e-GrpcLogAppender: appendEntries Timeout, request=28f29a4c-baf6-4c40-b523-744acc0a8c83->c53771ff-a4da-40bc-be42-f397952cb81e#102-t1, previous=(t:1, i:22), leaderCommit=15, initializing? false, entries: <empty>
2019-09-11 02:43:13,312 [EventQueue-PipelineActionsForPipelineActionHandler] ERROR pipeline.PipelineActionHandler (PipelineActionHandler.java:onMessage(60)) - Received pipeline action CLOSE for Pipeline[ Id: 161771de-e97c-43e9-8583-3f730d6994b2, Nodes: cccfaecc-560c-4f58-9140-53bb7696e889{ip: 192.168.34.53, host: pr-hdds-2107-sbngl-2106859965, networkLocation: /default-rack, certSerialId: null}28f29a4c-baf6-4c40-b523-744acc0a8c83{ip: 192.168.34.53, host: pr-hdds-2107-sbngl-2106859965, networkLocation: /default-rack, certSerialId: null}c53771ff-a4da-40bc-be42-f397952cb81e{ip: 192.168.34.53, host: pr-hdds-2107-sbngl-2106859965, networkLocation: /default-rack, certSerialId: null}, Type:RATIS, Factor:THREE, State:CLOSED] from datanode 28f29a4c-baf6-4c40-b523-744acc0a8c83{ip: 192.168.34.53, host: pr-hdds-2107-sbngl-2106859965, networkLocation: /default-rack, certSerialId: null}. Reason : 28f29a4c-baf6-4c40-b523-744acc0a8c83 has not seen follower/s c53771ff-a4da-40bc-be42-f397952cb81e for 182376ms cccfaecc-560c-4f58-9140-53bb7696e889 for 182376ms
2019-09-11 02:43:13,312 [EventQueue-PipelineActionsForPipelineActionHandler] INFO  pipeline.SCMPipelineManager (SCMPipelineManager.java:finalizeAndDestroyPipeline(311)) - destroying pipeline:Pipeline[ Id: 161771de-e97c-43e9-8583-3f730d6994b2, Nodes: cccfaecc-560c-4f58-9140-53bb7696e889{ip: 192.168.34.53, host: pr-hdds-2107-sbngl-2106859965, networkLocation: /default-rack, certSerialId: null}28f29a4c-baf6-4c40-b523-744acc0a8c83{ip: 192.168.34.53, host: pr-hdds-2107-sbngl-2106859965, networkLocation: /default-rack, certSerialId: null}c53771ff-a4da-40bc-be42-f397952cb81e{ip: 192.168.34.53, host: pr-hdds-2107-sbngl-2106859965, networkLocation: /default-rack, certSerialId: null}, Type:RATIS, Factor:THREE, State:CLOSED]
2019-09-11 02:43:14,834 [org.apache.ratis.server.impl.LogAppender$AppenderDaemon$$Lambda$515/1517268026@2655ea02] ERROR ratis.XceiverServerRatis (XceiverServerRatis.java:triggerPipelineClose(568)) - pipeline Action CLOSE  on pipeline PipelineID=161771de-e97c-43e9-8583-3f730d6994b2.Reason : 28f29a4c-baf6-4c40-b523-744acc0a8c83 has not seen follower/s c53771ff-a4da-40bc-be42-f397952cb81e for 184877ms cccfaecc-560c-4f58-9140-53bb7696e889 for 184878ms
2019-09-11 02:43:14,835 [org.apache.ratis.server.impl.LogAppender$AppenderDaemon$$Lambda$515/1517268026@3770b957] ERROR ratis.XceiverServerRatis (XceiverServerRatis.java:triggerPipelineClose(568)) - pipeline Action CLOSE  on pipeline PipelineID=161771de-e97c-43e9-8583-3f730d6994b2.Reason : 28f29a4c-baf6-4c40-b523-744acc0a8c83 has not seen follower/s c53771ff-a4da-40bc-be42-f397952cb81e for 184877ms cccfaecc-560c-4f58-9140-53bb7696e889 for 184878ms
2019-09-11 02:43:15,313 [EventQueue-PipelineActionsForPipelineActionHandler] ERROR pipeline.PipelineActionHandler (PipelineActionHandler.java:onMessage(60)) - Received pipeline action CLOSE for Pipeline[ Id: 161771de-e97c-43e9-8583-3f730d6994b2, Nodes: cccfaecc-560c-4f58-9140-53bb7696e889{ip: 192.168.34.53, host: pr-hdds-2107-sbngl-2106859965, networkLocation: /default-rack, certSerialId: null}28f29a4c-baf6-4c40-b523-744acc0a8c83{ip: 192.168.34.53, host: pr-hdds-2107-sbngl-2106859965, networkLocation: /default-rack, certSerialId: null}c53771ff-a4da-40bc-be42-f397952cb81e{ip: 192.168.34.53, host: pr-hdds-2107-sbngl-2106859965, networkLocation: /default-rack, certSerialId: null}, Type:RATIS, Factor:THREE, State:CLOSED] from datanode 28f29a4c-baf6-4c40-b523-744acc0a8c83{ip: 192.168.34.53, host: pr-hdds-2107-sbngl-2106859965, networkLocation: /default-rack, certSerialId: null}. Reason : 28f29a4c-baf6-4c40-b523-744acc0a8c83 has not seen follower/s c53771ff-a4da-40bc-be42-f397952cb81e for 184877ms cccfaecc-560c-4f58-9140-53bb7696e889 for 184878ms
2019-09-11 02:43:15,313 [EventQueue-PipelineActionsForPipelineActionHandler] INFO  pipeline.SCMPipelineManager (SCMPipelineManager.java:finalizeAndDestroyPipeline(311)) - destroying pipeline:Pipeline[ Id: 161771de-e97c-43e9-8583-3f730d6994b2, Nodes: cccfaecc-560c-4f58-9140-53bb7696e889{ip: 192.168.34.53, host: pr-hdds-2107-sbngl-2106859965, networkLocation: /default-rack, certSerialId: null}28f29a4c-baf6-4c40-b523-744acc0a8c83{ip: 192.168.34.53, host: pr-hdds-2107-sbngl-2106859965, networkLocation: /default-rack, certSerialId: null}c53771ff-a4da-40bc-be42-f397952cb81e{ip: 192.168.34.53, host: pr-hdds-2107-sbngl-2106859965, networkLocation: /default-rack, certSerialId: null}, Type:RATIS, Factor:THREE, State:CLOSED]
2019-09-11 02:43:15,332 [java.util.concurrent.ThreadPoolExecutor$Worker@7b4e52e0[State = -1, empty queue]] WARN  server.GrpcLogAppender (GrpcLogAppender.java:timeoutAppendRequest(200)) - 28f29a4c-baf6-4c40-b523-744acc0a8c83@group-3F730D6994B2->c53771ff-a4da-40bc-be42-f397952cb81e-GrpcLogAppender: appendEntries Timeout, request=28f29a4c-baf6-4c40-b523-744acc0a8c83->c53771ff-a4da-40bc-be42-f397952cb81e#103-t1, previous=(t:1, i:22), leaderCommit=15, initializing? false, entries: <empty>
2019-09-11 02:43:15,333 [java.util.concurrent.ThreadPoolExecutor$Worker@1858f8f2[State = -1, empty queue]] WARN  server.GrpcLogAppender (GrpcLogAppender.java:timeoutAppendRequest(200)) - 28f29a4c-baf6-4c40-b523-744acc0a8c83@group-3F730D6994B2->cccfaecc-560c-4f58-9140-53bb7696e889-GrpcLogAppender: appendEntries Timeout, request=28f29a4c-baf6-4c40-b523-744acc0a8c83->cccfaecc-560c-4f58-9140-53bb7696e889#103-t1, previous=(t:1, i:22), leaderCommit=15, initializing? false, entries: <empty>
2019-09-11 02:43:16,288 [grpc-default-executor-1] INFO  impl.RaftServerProxy (RaftServerProxy.java:remove(95)) - cccfaecc-560c-4f58-9140-53bb7696e889: remove  FOLLOWER cccfaecc-560c-4f58-9140-53bb7696e889@group-3F730D6994B2:t1, leader=28f29a4c-baf6-4c40-b523-744acc0a8c83, voted=28f29a4c-baf6-4c40-b523-744acc0a8c83, raftlog=cccfaecc-560c-4f58-9140-53bb7696e889@group-3F730D6994B2-SegmentedRaftLog:OPENED:c15,f15,i22, conf=0: [c53771ff-a4da-40bc-be42-f397952cb81e:192.168.34.53:37384, cccfaecc-560c-4f58-9140-53bb7696e889:192.168.34.53:43087, 28f29a4c-baf6-4c40-b523-744acc0a8c83:192.168.34.53:35385], old=null RUNNING
2019-09-11 02:43:16,289 [grpc-default-executor-1] INFO  impl.RaftServerImpl (RaftServerImpl.java:lambda$shutdown$3(251)) - cccfaecc-560c-4f58-9140-53bb7696e889@group-3F730D6994B2: shutdown
2019-09-11 02:43:16,289 [grpc-default-executor-1] INFO  util.JmxRegister (JmxRegister.java:unregister(73)) - Successfully un-registered JMX Bean with object name Ratis:service=RaftServer,group=group-3F730D6994B2,id=cccfaecc-560c-4f58-9140-53bb7696e889
2019-09-11 02:43:16,289 [grpc-default-executor-1] INFO  impl.RoleInfo (RoleInfo.java:shutdownFollowerState(121)) - cccfaecc-560c-4f58-9140-53bb7696e889: shutdown FollowerState
2019-09-11 02:43:16,289 [grpc-default-executor-1] INFO  impl.StateMachineUpdater (StateMachineUpdater.java:stopAndJoin(125)) - cccfaecc-560c-4f58-9140-53bb7696e889@group-3F730D6994B2-StateMachineUpdater: set stopIndex = 15
2019-09-11 02:43:16,290 [cccfaecc-560c-4f58-9140-53bb7696e889@group-3F730D6994B2-StateMachineUpdater] INFO  ratis.ContainerStateMachine (ContainerStateMachine.java:takeSnapshot(289)) - group-3F730D6994B2: Taking a snapshot at:(t:1, i:14) file /workdir/hadoop-ozone/integration-test/target/test-dir/MiniOzoneClusterImpl-3465b5d1-a811-46c9-af46-590ec6677b1b/datanode-2/data/ratis/161771de-e97c-43e9-8583-3f730d6994b2/sm/snapshot.1_14
2019-09-11 02:43:16,290 [Thread-1385] INFO  impl.FollowerState (FollowerState.java:run(115)) - cccfaecc-560c-4f58-9140-53bb7696e889: FollowerState was interrupted: java.lang.InterruptedException: sleep interrupted
2019-09-11 02:43:16,306 [cccfaecc-560c-4f58-9140-53bb7696e889@group-3F730D6994B2-StateMachineUpdater] INFO  ratis.ContainerStateMachine (ContainerStateMachine.java:takeSnapshot(300)) - group-3F730D6994B2: Finished taking a snapshot at:(t:1, i:14) file:/workdir/hadoop-ozone/integration-test/target/test-dir/MiniOzoneClusterImpl-3465b5d1-a811-46c9-af46-590ec6677b1b/datanode-2/data/ratis/161771de-e97c-43e9-8583-3f730d6994b2/sm/snapshot.1_14 time:16
2019-09-11 02:43:16,306 [cccfaecc-560c-4f58-9140-53bb7696e889@group-3F730D6994B2-StateMachineUpdater] INFO  impl.StateMachineUpdater (StateMachineUpdater.java:takeSnapshot(258)) - cccfaecc-560c-4f58-9140-53bb7696e889@group-3F730D6994B2-StateMachineUpdater: Took a snapshot at index 14
2019-09-11 02:43:16,306 [cccfaecc-560c-4f58-9140-53bb7696e889@group-3F730D6994B2-StateMachineUpdater] INFO  impl.StateMachineUpdater (StateMachineUpdater.java:lambda$new$0(83)) - cccfaecc-560c-4f58-9140-53bb7696e889@group-3F730D6994B2-StateMachineUpdater: snapshotIndex: updateIncreasingly -1 -> 14
2019-09-11 02:43:16,306 [cccfaecc-560c-4f58-9140-53bb7696e889@group-3F730D6994B2-StateMachineUpdater] INFO  ratis.ContainerStateMachine (ContainerStateMachine.java:takeSnapshot(289)) - group-3F730D6994B2: Taking a snapshot at:(t:1, i:14) file /workdir/hadoop-ozone/integration-test/target/test-dir/MiniOzoneClusterImpl-3465b5d1-a811-46c9-af46-590ec6677b1b/datanode-2/data/ratis/161771de-e97c-43e9-8583-3f730d6994b2/sm/snapshot.1_14
2019-09-11 02:43:16,319 [cccfaecc-560c-4f58-9140-53bb7696e889@group-3F730D6994B2-StateMachineUpdater] INFO  ratis.ContainerStateMachine (ContainerStateMachine.java:takeSnapshot(300)) - group-3F730D6994B2: Finished taking a snapshot at:(t:1, i:14) file:/workdir/hadoop-ozone/integration-test/target/test-dir/MiniOzoneClusterImpl-3465b5d1-a811-46c9-af46-590ec6677b1b/datanode-2/data/ratis/161771de-e97c-43e9-8583-3f730d6994b2/sm/snapshot.1_14 time:12
2019-09-11 02:43:16,319 [cccfaecc-560c-4f58-9140-53bb7696e889@group-3F730D6994B2-StateMachineUpdater] INFO  impl.StateMachineUpdater (StateMachineUpdater.java:takeSnapshot(258)) - cccfaecc-560c-4f58-9140-53bb7696e889@group-3F730D6994B2-StateMachineUpdater: Took a snapshot at index 14
2019-09-11 02:43:16,319 [cccfaecc-560c-4f58-9140-53bb7696e889@group-3F730D6994B2-StateMachineUpdater] INFO  impl.StateMachineUpdater (StateMachineUpdater.java:lambda$new$0(83)) - cccfaecc-560c-4f58-9140-53bb7696e889@group-3F730D6994B2-StateMachineUpdater: snapshotIndex: updateIncreasingly 14 -> 14
2019-09-11 02:43:16,320 [grpc-default-executor-1] INFO  impl.RaftServerImpl (ServerState.java:close(385)) - cccfaecc-560c-4f58-9140-53bb7696e889@group-3F730D6994B2: closes. applyIndex: 15
2019-09-11 02:43:16,321 [cccfaecc-560c-4f58-9140-53bb7696e889@group-3F730D6994B2-SegmentedRaftLogWorker] ERROR ratis.XceiverServerRatis (XceiverServerRatis.java:triggerPipelineClose(568)) - pipeline Action CLOSE  on pipeline PipelineID=161771de-e97c-43e9-8583-3f730d6994b2.Reason : WriteLog:16: (t:1, i:16), STATEMACHINELOGENTRY, client-1271BDC01022, cid=142-writeStateMachineData interrupted.
2019-09-11 02:43:16,324 [grpc-default-executor-1] INFO  segmented.SegmentedRaftLogWorker (SegmentedRaftLogWorker.java:close(228)) - cccfaecc-560c-4f58-9140-53bb7696e889@group-3F730D6994B2-SegmentedRaftLogWorker close()
2019-09-11 02:43:16,330 [EventQueue-PipelineActionsForPipelineActionHandler] ERROR pipeline.PipelineActionHandler (PipelineActionHandler.java:onMessage(60)) - Received pipeline action CLOSE for Pipeline[ Id: 161771de-e97c-43e9-8583-3f730d6994b2, Nodes: cccfaecc-560c-4f58-9140-53bb7696e889{ip: 192.168.34.53, host: pr-hdds-2107-sbngl-2106859965, networkLocation: /default-rack, certSerialId: null}28f29a4c-baf6-4c40-b523-744acc0a8c83{ip: 192.168.34.53, host: pr-hdds-2107-sbngl-2106859965, networkLocation: /default-rack, certSerialId: null}c53771ff-a4da-40bc-be42-f397952cb81e{ip: 192.168.34.53, host: pr-hdds-2107-sbngl-2106859965, networkLocation: /default-rack, certSerialId: null}, Type:RATIS, Factor:THREE, State:CLOSED] from datanode cccfaecc-560c-4f58-9140-53bb7696e889{ip: 192.168.34.53, host: pr-hdds-2107-sbngl-2106859965, networkLocation: /default-rack, certSerialId: null}. Reason : WriteLog:16: (t:1, i:16), STATEMACHINELOGENTRY, client-1271BDC01022, cid=142-writeStateMachineData interrupted.
2019-09-11 02:43:16,330 [EventQueue-PipelineActionsForPipelineActionHandler] INFO  pipeline.SCMPipelineManager (SCMPipelineManager.java:finalizeAndDestroyPipeline(311)) - destroying pipeline:Pipeline[ Id: 161771de-e97c-43e9-8583-3f730d6994b2, Nodes: cccfaecc-560c-4f58-9140-53bb7696e889{ip: 192.168.34.53, host: pr-hdds-2107-sbngl-2106859965, networkLocation: /default-rack, certSerialId: null}28f29a4c-baf6-4c40-b523-744acc0a8c83{ip: 192.168.34.53, host: pr-hdds-2107-sbngl-2106859965, networkLocation: /default-rack, certSerialId: null}c53771ff-a4da-40bc-be42-f397952cb81e{ip: 192.168.34.53, host: pr-hdds-2107-sbngl-2106859965, networkLocation: /default-rack, certSerialId: null}, Type:RATIS, Factor:THREE, State:CLOSED]
2019-09-11 02:43:16,342 [grpc-default-executor-1] INFO  interfaces.Container (KeyValueContainer.java:flushAndSyncDB(386)) - Container 6 is synced with bcsId 7.
2019-09-11 02:43:16,342 [grpc-default-executor-1] INFO  interfaces.Container (KeyValueContainer.java:flushAndSyncDB(386)) - Container 6 is synced with bcsId 7.
2019-09-11 02:43:16,358 [grpc-default-executor-1] INFO  interfaces.Container (KeyValueContainer.java:flushAndSyncDB(386)) - Container 7 is synced with bcsId 14.
2019-09-11 02:43:16,358 [EventQueue-IncrementalContainerReportForIncrementalContainerReportHandler] INFO  container.IncrementalContainerReportHandler (AbstractContainerReportHandler.java:updateContainerState(169)) - Moving container #6 to QUASI_CLOSED state, datanode cccfaecc-560c-4f58-9140-53bb7696e889{ip: 192.168.34.53, host: pr-hdds-2107-sbngl-2106859965, networkLocation: /default-rack, certSerialId: null} reported QUASI_CLOSED replica.
2019-09-11 02:43:16,358 [grpc-default-executor-1] INFO  interfaces.Container (KeyValueContainer.java:flushAndSyncDB(386)) - Container 7 is synced with bcsId 14.
2019-09-11 02:43:16,372 [EventQueue-IncrementalContainerReportForIncrementalContainerReportHandler] INFO  container.IncrementalContainerReportHandler (AbstractContainerReportHandler.java:updateContainerState(169)) - Moving container #7 to QUASI_CLOSED state, datanode cccfaecc-560c-4f58-9140-53bb7696e889{ip: 192.168.34.53, host: pr-hdds-2107-sbngl-2106859965, networkLocation: /default-rack, certSerialId: null} reported QUASI_CLOSED replica.
2019-09-11 02:43:16,399 [grpc-default-executor-1] INFO  interfaces.Container (KeyValueContainer.java:flushAndSyncDB(386)) - Container 8 is synced with bcsId 0.
2019-09-11 02:43:16,399 [grpc-default-executor-1] INFO  interfaces.Container (KeyValueContainer.java:flushAndSyncDB(386)) - Container 8 is synced with bcsId 0.
2019-09-11 02:43:16,404 [EventQueue-IncrementalContainerReportForIncrementalContainerReportHandler] INFO  container.IncrementalContainerReportHandler (AbstractContainerReportHandler.java:updateContainerState(169)) - Moving container #8 to QUASI_CLOSED state, datanode cccfaecc-560c-4f58-9140-53bb7696e889{ip: 192.168.34.53, host: pr-hdds-2107-sbngl-2106859965, networkLocation: /default-rack, certSerialId: null} reported QUASI_CLOSED replica.
2019-09-11 02:43:16,408 [grpc-default-executor-1] INFO  impl.RaftServerProxy (RaftServerProxy.java:remove(95)) - 28f29a4c-baf6-4c40-b523-744acc0a8c83: remove    LEADER 28f29a4c-baf6-4c40-b523-744acc0a8c83@group-3F730D6994B2:t1, leader=28f29a4c-baf6-4c40-b523-744acc0a8c83, voted=28f29a4c-baf6-4c40-b523-744acc0a8c83, raftlog=28f29a4c-baf6-4c40-b523-744acc0a8c83@group-3F730D6994B2-SegmentedRaftLog:OPENED:c15,f15,i22, conf=0: [c53771ff-a4da-40bc-be42-f397952cb81e:192.168.34.53:37384, cccfaecc-560c-4f58-9140-53bb7696e889:192.168.34.53:43087, 28f29a4c-baf6-4c40-b523-744acc0a8c83:192.168.34.53:35385], old=null RUNNING
2019-09-11 02:43:16,408 [grpc-default-executor-1] INFO  impl.RaftServerImpl (RaftServerImpl.java:lambda$shutdown$3(251)) - 28f29a4c-baf6-4c40-b523-744acc0a8c83@group-3F730D6994B2: shutdown
2019-09-11 02:43:16,408 [grpc-default-executor-1] INFO  util.JmxRegister (JmxRegister.java:unregister(73)) - Successfully un-registered JMX Bean with object name Ratis:service=RaftServer,group=group-3F730D6994B2,id=28f29a4c-baf6-4c40-b523-744acc0a8c83
2019-09-11 02:43:16,408 [grpc-default-executor-1] INFO  impl.RoleInfo (RoleInfo.java:shutdownLeaderState(104)) - 28f29a4c-baf6-4c40-b523-744acc0a8c83: shutdown LeaderState
2019-09-11 02:43:16,412 [grpc-default-executor-1] INFO  impl.PendingRequests (PendingRequests.java:sendNotLeaderResponses(202)) - 28f29a4c-baf6-4c40-b523-744acc0a8c83-PendingRequests: sendNotLeaderResponses
2019-09-11 02:43:16,412 [org.apache.ratis.server.impl.LogAppender$AppenderDaemon$$Lambda$515/1517268026@3770b957] WARN  server.GrpcLogAppender (GrpcLogAppender.java:mayWait(143)) - 28f29a4c-baf6-4c40-b523-744acc0a8c83@group-3F730D6994B2->cccfaecc-560c-4f58-9140-53bb7696e889-GrpcLogAppender: Wait interrupted by java.lang.InterruptedException
2019-09-11 02:43:16,413 [org.apache.ratis.server.impl.LogAppender$AppenderDaemon$$Lambda$515/1517268026@2655ea02] WARN  server.GrpcLogAppender (GrpcLogAppender.java:mayWait(143)) - 28f29a4c-baf6-4c40-b523-744acc0a8c83@group-3F730D6994B2->c53771ff-a4da-40bc-be42-f397952cb81e-GrpcLogAppender: Wait interrupted by java.lang.InterruptedException
2019-09-11 02:43:16,414 [grpc-default-executor-7] INFO  server.GrpcServerProtocolService (GrpcServerProtocolService.java:onCompleted(113)) - cccfaecc-560c-4f58-9140-53bb7696e889: Completed APPEND_ENTRIES, lastRequest: 28f29a4c-baf6-4c40-b523-744acc0a8c83->cccfaecc-560c-4f58-9140-53bb7696e889#104-t1, previous=(t:1, i:22), leaderCommit=15, initializing? false, entries: <empty>
2019-09-11 02:43:16,414 [grpc-default-executor-11] INFO  server.GrpcServerProtocolService (GrpcServerProtocolService.java:onCompleted(113)) - c53771ff-a4da-40bc-be42-f397952cb81e: Completed APPEND_ENTRIES, lastRequest: 28f29a4c-baf6-4c40-b523-744acc0a8c83->c53771ff-a4da-40bc-be42-f397952cb81e#104-t1, previous=(t:1, i:22), leaderCommit=15, initializing? false, entries: <empty>
2019-09-11 02:43:16,418 [grpc-default-executor-1] INFO  impl.StateMachineUpdater (StateMachineUpdater.java:stopAndJoin(125)) - 28f29a4c-baf6-4c40-b523-744acc0a8c83@group-3F730D6994B2-StateMachineUpdater: set stopIndex = 15
2019-09-11 02:43:16,418 [28f29a4c-baf6-4c40-b523-744acc0a8c83@group-3F730D6994B2-StateMachineUpdater] INFO  ratis.ContainerStateMachine (ContainerStateMachine.java:takeSnapshot(289)) - group-3F730D6994B2: Taking a snapshot at:(t:1, i:15) file /workdir/hadoop-ozone/integration-test/target/test-dir/MiniOzoneClusterImpl-3465b5d1-a811-46c9-af46-590ec6677b1b/datanode-3/data/ratis/161771de-e97c-43e9-8583-3f730d6994b2/sm/snapshot.1_15
2019-09-11 02:43:16,418 [grpc-default-executor-7] INFO  server.GrpcLogAppender (GrpcLogAppender.java:onCompleted(293)) - 28f29a4c-baf6-4c40-b523-744acc0a8c83@group-3F730D6994B2->cccfaecc-560c-4f58-9140-53bb7696e889-AppendLogResponseHandler: follower responses appendEntries COMPLETED
2019-09-11 02:43:16,418 [grpc-default-executor-12] INFO  server.GrpcLogAppender (GrpcLogAppender.java:onCompleted(293)) - 28f29a4c-baf6-4c40-b523-744acc0a8c83@group-3F730D6994B2->c53771ff-a4da-40bc-be42-f397952cb81e-AppendLogResponseHandler: follower responses appendEntries COMPLETED
2019-09-11 02:43:16,419 [grpc-default-executor-7] INFO  impl.FollowerInfo (FollowerInfo.java:lambda$new$0(51)) - 28f29a4c-baf6-4c40-b523-744acc0a8c83@group-3F730D6994B2->cccfaecc-560c-4f58-9140-53bb7696e889: nextIndex: updateUnconditionally 23 -> 16
2019-09-11 02:43:16,419 [grpc-default-executor-12] INFO  impl.FollowerInfo (FollowerInfo.java:lambda$new$0(51)) - 28f29a4c-baf6-4c40-b523-744acc0a8c83@group-3F730D6994B2->c53771ff-a4da-40bc-be42-f397952cb81e: nextIndex: updateUnconditionally 23 -> 16
2019-09-11 02:43:16,424 [28f29a4c-baf6-4c40-b523-744acc0a8c83@group-3F730D6994B2-StateMachineUpdater] INFO  ratis.ContainerStateMachine (ContainerStateMachine.java:takeSnapshot(300)) - group-3F730D6994B2: Finished taking a snapshot at:(t:1, i:15) file:/workdir/hadoop-ozone/integration-test/target/test-dir/MiniOzoneClusterImpl-3465b5d1-a811-46c9-af46-590ec6677b1b/datanode-3/data/ratis/161771de-e97c-43e9-8583-3f730d6994b2/sm/snapshot.1_15 time:7
2019-09-11 02:43:16,424 [28f29a4c-baf6-4c40-b523-744acc0a8c83@group-3F730D6994B2-StateMachineUpdater] INFO  impl.StateMachineUpdater (StateMachineUpdater.java:takeSnapshot(258)) - 28f29a4c-baf6-4c40-b523-744acc0a8c83@group-3F730D6994B2-StateMachineUpdater: Took a snapshot at index 15
2019-09-11 02:43:16,425 [28f29a4c-baf6-4c40-b523-744acc0a8c83@group-3F730D6994B2-StateMachineUpdater] INFO  impl.StateMachineUpdater (StateMachineUpdater.java:lambda$new$0(83)) - 28f29a4c-baf6-4c40-b523-744acc0a8c83@group-3F730D6994B2-StateMachineUpdater: snapshotIndex: updateIncreasingly -1 -> 15
2019-09-11 02:43:16,425 [Command processor thread] ERROR commandhandler.CloseContainerCommandHandler (CloseContainerCommandHandler.java:handle(125)) - Can't close container #7
java.io.IOException: org.apache.ratis.protocol.GroupMismatchException: 28f29a4c-baf6-4c40-b523-744acc0a8c83: group-3F730D6994B2 not found.
	at org.apache.hadoop.ozone.container.common.transport.server.ratis.XceiverServerRatis.submitRequest(XceiverServerRatis.java:495)
	at org.apache.hadoop.ozone.container.common.statemachine.commandhandler.CloseContainerCommandHandler.handle(CloseContainerCommandHandler.java:102)
	at org.apache.hadoop.ozone.container.common.statemachine.commandhandler.CommandDispatcher.handle(CommandDispatcher.java:99)
	at org.apache.hadoop.ozone.container.common.statemachine.DatanodeStateMachine.lambda$initCommandHandlerThread$1(DatanodeStateMachine.java:432)
	at java.lang.Thread.run(Thread.java:748)
Caused by: java.util.concurrent.ExecutionException: org.apache.ratis.protocol.GroupMismatchException: 28f29a4c-baf6-4c40-b523-744acc0a8c83: group-3F730D6994B2 not found.
	at java.util.concurrent.CompletableFuture.reportGet(CompletableFuture.java:357)
	at java.util.concurrent.CompletableFuture.get(CompletableFuture.java:1895)
	at org.apache.hadoop.ozone.container.common.transport.server.ratis.XceiverServerRatis.submitRequest(XceiverServerRatis.java:493)
	... 4 more
Caused by: org.apache.ratis.protocol.GroupMismatchException: 28f29a4c-baf6-4c40-b523-744acc0a8c83: group-3F730D6994B2 not found.
	at org.apache.ratis.server.impl.RaftServerProxy$ImplMap.get(RaftServerProxy.java:122)
	at org.apache.ratis.server.impl.RaftServerProxy.getImplFuture(RaftServerProxy.java:269)
	at org.apache.ratis.server.impl.RaftServerProxy.submitRequest(RaftServerProxy.java:327)
	at org.apache.ratis.server.impl.RaftServerProxy.submitClientRequestAsync(RaftServerProxy.java:333)
	... 5 more
2019-09-11 02:43:16,425 [grpc-default-executor-1] INFO  impl.RaftServerImpl (ServerState.java:close(385)) - 28f29a4c-baf6-4c40-b523-744acc0a8c83@group-3F730D6994B2: closes. applyIndex: 15
2019-09-11 02:43:16,426 [28f29a4c-baf6-4c40-b523-744acc0a8c83@group-3F730D6994B2-SegmentedRaftLogWorker] ERROR ratis.XceiverServerRatis (XceiverServerRatis.java:triggerPipelineClose(568)) - pipeline Action CLOSE  on pipeline PipelineID=161771de-e97c-43e9-8583-3f730d6994b2.Reason : WriteLog:16: (t:1, i:16), STATEMACHINELOGENTRY, client-1271BDC01022, cid=142-writeStateMachineData interrupted.
2019-09-11 02:43:16,429 [grpc-default-executor-1] INFO  segmented.SegmentedRaftLogWorker (SegmentedRaftLogWorker.java:close(228)) - 28f29a4c-baf6-4c40-b523-744acc0a8c83@group-3F730D6994B2-SegmentedRaftLogWorker close()
2019-09-11 02:43:16,433 [EventQueue-PipelineActionsForPipelineActionHandler] ERROR pipeline.PipelineActionHandler (PipelineActionHandler.java:onMessage(60)) - Received pipeline action CLOSE for Pipeline[ Id: 161771de-e97c-43e9-8583-3f730d6994b2, Nodes: cccfaecc-560c-4f58-9140-53bb7696e889{ip: 192.168.34.53, host: pr-hdds-2107-sbngl-2106859965, networkLocation: /default-rack, certSerialId: null}28f29a4c-baf6-4c40-b523-744acc0a8c83{ip: 192.168.34.53, host: pr-hdds-2107-sbngl-2106859965, networkLocation: /default-rack, certSerialId: null}c53771ff-a4da-40bc-be42-f397952cb81e{ip: 192.168.34.53, host: pr-hdds-2107-sbngl-2106859965, networkLocation: /default-rack, certSerialId: null}, Type:RATIS, Factor:THREE, State:CLOSED] from datanode 28f29a4c-baf6-4c40-b523-744acc0a8c83{ip: 192.168.34.53, host: pr-hdds-2107-sbngl-2106859965, networkLocation: /default-rack, certSerialId: null}. Reason : WriteLog:16: (t:1, i:16), STATEMACHINELOGENTRY, client-1271BDC01022, cid=142-writeStateMachineData interrupted.
2019-09-11 02:43:16,433 [EventQueue-PipelineActionsForPipelineActionHandler] INFO  pipeline.SCMPipelineManager (SCMPipelineManager.java:finalizeAndDestroyPipeline(311)) - destroying pipeline:Pipeline[ Id: 161771de-e97c-43e9-8583-3f730d6994b2, Nodes: cccfaecc-560c-4f58-9140-53bb7696e889{ip: 192.168.34.53, host: pr-hdds-2107-sbngl-2106859965, networkLocation: /default-rack, certSerialId: null}28f29a4c-baf6-4c40-b523-744acc0a8c83{ip: 192.168.34.53, host: pr-hdds-2107-sbngl-2106859965, networkLocation: /default-rack, certSerialId: null}c53771ff-a4da-40bc-be42-f397952cb81e{ip: 192.168.34.53, host: pr-hdds-2107-sbngl-2106859965, networkLocation: /default-rack, certSerialId: null}, Type:RATIS, Factor:THREE, State:CLOSED]
2019-09-11 02:43:16,435 [grpc-default-executor-1] INFO  interfaces.Container (KeyValueContainer.java:flushAndSyncDB(386)) - Container 6 is synced with bcsId 7.
2019-09-11 02:43:16,435 [grpc-default-executor-1] INFO  interfaces.Container (KeyValueContainer.java:flushAndSyncDB(386)) - Container 6 is synced with bcsId 7.
2019-09-11 02:43:16,445 [grpc-default-executor-1] INFO  interfaces.Container (KeyValueContainer.java:flushAndSyncDB(386)) - Container 7 is synced with bcsId 14.
2019-09-11 02:43:16,445 [grpc-default-executor-1] INFO  interfaces.Container (KeyValueContainer.java:flushAndSyncDB(386)) - Container 7 is synced with bcsId 14.
2019-09-11 02:43:16,453 [grpc-default-executor-1] INFO  impl.RaftServerProxy (RaftServerProxy.java:remove(95)) - c53771ff-a4da-40bc-be42-f397952cb81e: remove  FOLLOWER c53771ff-a4da-40bc-be42-f397952cb81e@group-3F730D6994B2:t1, leader=28f29a4c-baf6-4c40-b523-744acc0a8c83, voted=28f29a4c-baf6-4c40-b523-744acc0a8c83, raftlog=c53771ff-a4da-40bc-be42-f397952cb81e@group-3F730D6994B2-SegmentedRaftLog:OPENED:c15,f15,i22, conf=0: [c53771ff-a4da-40bc-be42-f397952cb81e:192.168.34.53:37384, cccfaecc-560c-4f58-9140-53bb7696e889:192.168.34.53:43087, 28f29a4c-baf6-4c40-b523-744acc0a8c83:192.168.34.53:35385], old=null RUNNING
2019-09-11 02:43:16,453 [grpc-default-executor-1] INFO  impl.RaftServerImpl (RaftServerImpl.java:lambda$shutdown$3(251)) - c53771ff-a4da-40bc-be42-f397952cb81e@group-3F730D6994B2: shutdown
2019-09-11 02:43:16,453 [grpc-default-executor-1] INFO  util.JmxRegister (JmxRegister.java:unregister(73)) - Successfully un-registered JMX Bean with object name Ratis:service=RaftServer,group=group-3F730D6994B2,id=c53771ff-a4da-40bc-be42-f397952cb81e
2019-09-11 02:43:16,453 [grpc-default-executor-1] INFO  impl.RoleInfo (RoleInfo.java:shutdownFollowerState(121)) - c53771ff-a4da-40bc-be42-f397952cb81e: shutdown FollowerState
2019-09-11 02:43:16,453 [grpc-default-executor-1] INFO  impl.StateMachineUpdater (StateMachineUpdater.java:stopAndJoin(125)) - c53771ff-a4da-40bc-be42-f397952cb81e@group-3F730D6994B2-StateMachineUpdater: set stopIndex = 15
2019-09-11 02:43:16,454 [Thread-1384] INFO  impl.FollowerState (FollowerState.java:run(115)) - c53771ff-a4da-40bc-be42-f397952cb81e: FollowerState was interrupted: java.lang.InterruptedException: sleep interrupted
2019-09-11 02:43:16,454 [c53771ff-a4da-40bc-be42-f397952cb81e@group-3F730D6994B2-StateMachineUpdater] INFO  ratis.ContainerStateMachine (ContainerStateMachine.java:takeSnapshot(289)) - group-3F730D6994B2: Taking a snapshot at:(t:1, i:14) file /workdir/hadoop-ozone/integration-test/target/test-dir/MiniOzoneClusterImpl-3465b5d1-a811-46c9-af46-590ec6677b1b/datanode-6/data/ratis/161771de-e97c-43e9-8583-3f730d6994b2/sm/snapshot.1_14
2019-09-11 02:43:16,458 [c53771ff-a4da-40bc-be42-f397952cb81e@group-3F730D6994B2-StateMachineUpdater] INFO  ratis.ContainerStateMachine (ContainerStateMachine.java:takeSnapshot(300)) - group-3F730D6994B2: Finished taking a snapshot at:(t:1, i:14) file:/workdir/hadoop-ozone/integration-test/target/test-dir/MiniOzoneClusterImpl-3465b5d1-a811-46c9-af46-590ec6677b1b/datanode-6/data/ratis/161771de-e97c-43e9-8583-3f730d6994b2/sm/snapshot.1_14 time:5
2019-09-11 02:43:16,459 [c53771ff-a4da-40bc-be42-f397952cb81e@group-3F730D6994B2-StateMachineUpdater] INFO  impl.StateMachineUpdater (StateMachineUpdater.java:takeSnapshot(258)) - c53771ff-a4da-40bc-be42-f397952cb81e@group-3F730D6994B2-StateMachineUpdater: Took a snapshot at index 14
2019-09-11 02:43:16,459 [c53771ff-a4da-40bc-be42-f397952cb81e@group-3F730D6994B2-StateMachineUpdater] INFO  impl.StateMachineUpdater (StateMachineUpdater.java:lambda$new$0(83)) - c53771ff-a4da-40bc-be42-f397952cb81e@group-3F730D6994B2-StateMachineUpdater: snapshotIndex: updateIncreasingly -1 -> 14
2019-09-11 02:43:16,459 [c53771ff-a4da-40bc-be42-f397952cb81e@group-3F730D6994B2-StateMachineUpdater] INFO  ratis.ContainerStateMachine (ContainerStateMachine.java:takeSnapshot(289)) - group-3F730D6994B2: Taking a snapshot at:(t:1, i:14) file /workdir/hadoop-ozone/integration-test/target/test-dir/MiniOzoneClusterImpl-3465b5d1-a811-46c9-af46-590ec6677b1b/datanode-6/data/ratis/161771de-e97c-43e9-8583-3f730d6994b2/sm/snapshot.1_14
2019-09-11 02:43:16,462 [c53771ff-a4da-40bc-be42-f397952cb81e@group-3F730D6994B2-StateMachineUpdater] INFO  ratis.ContainerStateMachine (ContainerStateMachine.java:takeSnapshot(300)) - group-3F730D6994B2: Finished taking a snapshot at:(t:1, i:14) file:/workdir/hadoop-ozone/integration-test/target/test-dir/MiniOzoneClusterImpl-3465b5d1-a811-46c9-af46-590ec6677b1b/datanode-6/data/ratis/161771de-e97c-43e9-8583-3f730d6994b2/sm/snapshot.1_14 time:4
2019-09-11 02:43:16,462 [c53771ff-a4da-40bc-be42-f397952cb81e@group-3F730D6994B2-StateMachineUpdater] INFO  impl.StateMachineUpdater (StateMachineUpdater.java:takeSnapshot(258)) - c53771ff-a4da-40bc-be42-f397952cb81e@group-3F730D6994B2-StateMachineUpdater: Took a snapshot at index 14
2019-09-11 02:43:16,463 [c53771ff-a4da-40bc-be42-f397952cb81e@group-3F730D6994B2-StateMachineUpdater] INFO  impl.StateMachineUpdater (StateMachineUpdater.java:lambda$new$0(83)) - c53771ff-a4da-40bc-be42-f397952cb81e@group-3F730D6994B2-StateMachineUpdater: snapshotIndex: updateIncreasingly 14 -> 14
2019-09-11 02:43:16,463 [grpc-default-executor-1] INFO  impl.RaftServerImpl (ServerState.java:close(385)) - c53771ff-a4da-40bc-be42-f397952cb81e@group-3F730D6994B2: closes. applyIndex: 15
2019-09-11 02:43:16,464 [c53771ff-a4da-40bc-be42-f397952cb81e@group-3F730D6994B2-SegmentedRaftLogWorker] ERROR ratis.XceiverServerRatis (XceiverServerRatis.java:triggerPipelineClose(568)) - pipeline Action CLOSE  on pipeline PipelineID=161771de-e97c-43e9-8583-3f730d6994b2.Reason : WriteLog:16: (t:1, i:16), STATEMACHINELOGENTRY, client-1271BDC01022, cid=142-writeStateMachineData interrupted.
2019-09-11 02:43:16,466 [grpc-default-executor-1] INFO  segmented.SegmentedRaftLogWorker (SegmentedRaftLogWorker.java:close(228)) - c53771ff-a4da-40bc-be42-f397952cb81e@group-3F730D6994B2-SegmentedRaftLogWorker close()
2019-09-11 02:43:16,466 [EventQueue-PipelineActionsForPipelineActionHandler] ERROR pipeline.PipelineActionHandler (PipelineActionHandler.java:onMessage(60)) - Received pipeline action CLOSE for Pipeline[ Id: 161771de-e97c-43e9-8583-3f730d6994b2, Nodes: cccfaecc-560c-4f58-9140-53bb7696e889{ip: 192.168.34.53, host: pr-hdds-2107-sbngl-2106859965, networkLocation: /default-rack, certSerialId: null}28f29a4c-baf6-4c40-b523-744acc0a8c83{ip: 192.168.34.53, host: pr-hdds-2107-sbngl-2106859965, networkLocation: /default-rack, certSerialId: null}c53771ff-a4da-40bc-be42-f397952cb81e{ip: 192.168.34.53, host: pr-hdds-2107-sbngl-2106859965, networkLocation: /default-rack, certSerialId: null}, Type:RATIS, Factor:THREE, State:CLOSED] from datanode c53771ff-a4da-40bc-be42-f397952cb81e{ip: 192.168.34.53, host: pr-hdds-2107-sbngl-2106859965, networkLocation: /default-rack, certSerialId: null}. Reason : WriteLog:16: (t:1, i:16), STATEMACHINELOGENTRY, client-1271BDC01022, cid=142-writeStateMachineData interrupted.
2019-09-11 02:43:16,470 [EventQueue-PipelineActionsForPipelineActionHandler] INFO  pipeline.SCMPipelineManager (SCMPipelineManager.java:finalizeAndDestroyPipeline(311)) - destroying pipeline:Pipeline[ Id: 161771de-e97c-43e9-8583-3f730d6994b2, Nodes: cccfaecc-560c-4f58-9140-53bb7696e889{ip: 192.168.34.53, host: pr-hdds-2107-sbngl-2106859965, networkLocation: /default-rack, certSerialId: null}28f29a4c-baf6-4c40-b523-744acc0a8c83{ip: 192.168.34.53, host: pr-hdds-2107-sbngl-2106859965, networkLocation: /default-rack, certSerialId: null}c53771ff-a4da-40bc-be42-f397952cb81e{ip: 192.168.34.53, host: pr-hdds-2107-sbngl-2106859965, networkLocation: /default-rack, certSerialId: null}, Type:RATIS, Factor:THREE, State:CLOSED]
2019-09-11 02:43:16,473 [grpc-default-executor-1] INFO  interfaces.Container (KeyValueContainer.java:flushAndSyncDB(386)) - Container 6 is synced with bcsId 7.
2019-09-11 02:43:16,473 [grpc-default-executor-1] INFO  interfaces.Container (KeyValueContainer.java:flushAndSyncDB(386)) - Container 6 is synced with bcsId 7.
2019-09-11 02:43:16,481 [grpc-default-executor-1] INFO  interfaces.Container (KeyValueContainer.java:flushAndSyncDB(386)) - Container 7 is synced with bcsId 14.
2019-09-11 02:43:16,482 [grpc-default-executor-1] INFO  interfaces.Container (KeyValueContainer.java:flushAndSyncDB(386)) - Container 7 is synced with bcsId 14.
2019-09-11 02:43:16,519 [grpc-default-executor-1] INFO  interfaces.Container (KeyValueContainer.java:flushAndSyncDB(386)) - Container 8 is synced with bcsId 0.
2019-09-11 02:43:16,519 [grpc-default-executor-1] INFO  interfaces.Container (KeyValueContainer.java:flushAndSyncDB(386)) - Container 8 is synced with bcsId 0.
2019-09-11 02:43:16,526 [RatisPipelineUtilsThread] INFO  pipeline.PipelineStateManager (PipelineStateManager.java:removePipeline(108)) - Pipeline Pipeline[ Id: 161771de-e97c-43e9-8583-3f730d6994b2, Nodes: cccfaecc-560c-4f58-9140-53bb7696e889{ip: 192.168.34.53, host: pr-hdds-2107-sbngl-2106859965, networkLocation: /default-rack, certSerialId: null}28f29a4c-baf6-4c40-b523-744acc0a8c83{ip: 192.168.34.53, host: pr-hdds-2107-sbngl-2106859965, networkLocation: /default-rack, certSerialId: null}c53771ff-a4da-40bc-be42-f397952cb81e{ip: 192.168.34.53, host: pr-hdds-2107-sbngl-2106859965, networkLocation: /default-rack, certSerialId: null}, Type:RATIS, Factor:THREE, State:CLOSED] removed from db
2019-09-11 02:43:16,537 [grpc-default-executor-12] INFO  impl.RaftServerProxy (RaftServerProxy.java:addNew(89)) - c53771ff-a4da-40bc-be42-f397952cb81e: addNew group-3765E79AD5F1:[c53771ff-a4da-40bc-be42-f397952cb81e:192.168.34.53:37384, cccfaecc-560c-4f58-9140-53bb7696e889:192.168.34.53:43087, 28f29a4c-baf6-4c40-b523-744acc0a8c83:192.168.34.53:35385] returns group-3765E79AD5F1:java.util.concurrent.CompletableFuture@182e0ab3[Not completed]
2019-09-11 02:43:16,537 [grpc-default-executor-7] INFO  impl.RaftServerProxy (RaftServerProxy.java:addNew(89)) - 28f29a4c-baf6-4c40-b523-744acc0a8c83: addNew group-3765E79AD5F1:[c53771ff-a4da-40bc-be42-f397952cb81e:192.168.34.53:37384, cccfaecc-560c-4f58-9140-53bb7696e889:192.168.34.53:43087, 28f29a4c-baf6-4c40-b523-744acc0a8c83:192.168.34.53:35385] returns group-3765E79AD5F1:java.util.concurrent.CompletableFuture@418df3ea[Not completed]
2019-09-11 02:43:16,537 [grpc-default-executor-1] INFO  impl.RaftServerProxy (RaftServerProxy.java:addNew(89)) - cccfaecc-560c-4f58-9140-53bb7696e889: addNew group-3765E79AD5F1:[c53771ff-a4da-40bc-be42-f397952cb81e:192.168.34.53:37384, cccfaecc-560c-4f58-9140-53bb7696e889:192.168.34.53:43087, 28f29a4c-baf6-4c40-b523-744acc0a8c83:192.168.34.53:35385] returns group-3765E79AD5F1:java.util.concurrent.CompletableFuture@63db00d0[Not completed]
2019-09-11 02:43:16,541 [pool-57-thread-1] INFO  impl.RaftServerImpl (RaftServerImpl.java:<init>(95)) - 28f29a4c-baf6-4c40-b523-744acc0a8c83: new RaftServerImpl for group-3765E79AD5F1:[c53771ff-a4da-40bc-be42-f397952cb81e:192.168.34.53:37384, cccfaecc-560c-4f58-9140-53bb7696e889:192.168.34.53:43087, 28f29a4c-baf6-4c40-b523-744acc0a8c83:192.168.34.53:35385] with ContainerStateMachine:uninitialized
2019-09-11 02:43:16,541 [pool-57-thread-1] INFO  server.RaftServerConfigKeys (ConfUtils.java:logGet(43)) - raft.server.rpc.timeout.min = 5s (custom)
2019-09-11 02:43:16,541 [pool-57-thread-1] INFO  server.RaftServerConfigKeys (ConfUtils.java:logGet(43)) - raft.server.rpc.timeout.max = 5200ms (custom)
2019-09-11 02:43:16,541 [pool-57-thread-1] INFO  server.RaftServerConfigKeys (ConfUtils.java:logGet(43)) - raft.server.rpcslowness.timeout = 120s (custom)
2019-09-11 02:43:16,541 [pool-57-thread-1] INFO  server.RaftServerConfigKeys (ConfUtils.java:logGet(43)) - raft.server.sleep.deviation.threshold = 300 (default)
2019-09-11 02:43:16,542 [pool-47-thread-1] INFO  impl.RaftServerImpl (RaftServerImpl.java:<init>(95)) - cccfaecc-560c-4f58-9140-53bb7696e889: new RaftServerImpl for group-3765E79AD5F1:[c53771ff-a4da-40bc-be42-f397952cb81e:192.168.34.53:37384, cccfaecc-560c-4f58-9140-53bb7696e889:192.168.34.53:43087, 28f29a4c-baf6-4c40-b523-744acc0a8c83:192.168.34.53:35385] with ContainerStateMachine:uninitialized
2019-09-11 02:43:16,542 [pool-57-thread-1] INFO  server.RaftServerConfigKeys (ConfUtils.java:logGet(43)) - raft.server.log.appender.install.snapshot.enabled = false (custom)
2019-09-11 02:43:16,542 [pool-47-thread-1] INFO  server.RaftServerConfigKeys (ConfUtils.java:logGet(43)) - raft.server.rpc.timeout.min = 5s (custom)
2019-09-11 02:43:16,542 [pool-57-thread-1] INFO  impl.RaftServerImpl (ServerState.java:<init>(103)) - 28f29a4c-baf6-4c40-b523-744acc0a8c83@group-3765E79AD5F1: ConfigurationManager, init=-1: [c53771ff-a4da-40bc-be42-f397952cb81e:192.168.34.53:37384, cccfaecc-560c-4f58-9140-53bb7696e889:192.168.34.53:43087, 28f29a4c-baf6-4c40-b523-744acc0a8c83:192.168.34.53:35385], old=null, confs=<EMPTY_MAP>
2019-09-11 02:43:16,542 [pool-47-thread-1] INFO  server.RaftServerConfigKeys (ConfUtils.java:logGet(43)) - raft.server.rpc.timeout.max = 5200ms (custom)
2019-09-11 02:43:16,542 [pool-57-thread-1] INFO  server.RaftServerConfigKeys (ConfUtils.java:logGet(43)) - raft.server.storage.dir = [/workdir/hadoop-ozone/integration-test/target/test-dir/MiniOzoneClusterImpl-3465b5d1-a811-46c9-af46-590ec6677b1b/datanode-3/data/ratis] (custom)
2019-09-11 02:43:16,542 [pool-87-thread-1] INFO  impl.RaftServerImpl (RaftServerImpl.java:<init>(95)) - c53771ff-a4da-40bc-be42-f397952cb81e: new RaftServerImpl for group-3765E79AD5F1:[c53771ff-a4da-40bc-be42-f397952cb81e:192.168.34.53:37384, cccfaecc-560c-4f58-9140-53bb7696e889:192.168.34.53:43087, 28f29a4c-baf6-4c40-b523-744acc0a8c83:192.168.34.53:35385] with ContainerStateMachine:uninitialized
2019-09-11 02:43:16,542 [pool-47-thread-1] INFO  server.RaftServerConfigKeys (ConfUtils.java:logGet(43)) - raft.server.rpcslowness.timeout = 120s (custom)
2019-09-11 02:43:16,543 [pool-87-thread-1] INFO  server.RaftServerConfigKeys (ConfUtils.java:logGet(43)) - raft.server.rpc.timeout.min = 5s (custom)
2019-09-11 02:43:16,543 [pool-57-thread-1] INFO  storage.RaftStorageDirectory (RaftStorageDirectory.java:analyzeStorage(246)) - The storage directory /workdir/hadoop-ozone/integration-test/target/test-dir/MiniOzoneClusterImpl-3465b5d1-a811-46c9-af46-590ec6677b1b/datanode-3/data/ratis/1abba6b7-2161-4608-a071-3765e79ad5f1 does not exist. Creating ...
2019-09-11 02:43:16,543 [pool-47-thread-1] INFO  server.RaftServerConfigKeys (ConfUtils.java:logGet(43)) - raft.server.sleep.deviation.threshold = 300 (default)
2019-09-11 02:43:16,543 [pool-87-thread-1] INFO  server.RaftServerConfigKeys (ConfUtils.java:logGet(43)) - raft.server.rpc.timeout.max = 5200ms (custom)
2019-09-11 02:43:16,543 [pool-47-thread-1] INFO  server.RaftServerConfigKeys (ConfUtils.java:logGet(43)) - raft.server.log.appender.install.snapshot.enabled = false (custom)
2019-09-11 02:43:16,543 [pool-87-thread-1] INFO  server.RaftServerConfigKeys (ConfUtils.java:logGet(43)) - raft.server.rpcslowness.timeout = 120s (custom)
2019-09-11 02:43:16,544 [pool-47-thread-1] INFO  impl.RaftServerImpl (ServerState.java:<init>(103)) - cccfaecc-560c-4f58-9140-53bb7696e889@group-3765E79AD5F1: ConfigurationManager, init=-1: [c53771ff-a4da-40bc-be42-f397952cb81e:192.168.34.53:37384, cccfaecc-560c-4f58-9140-53bb7696e889:192.168.34.53:43087, 28f29a4c-baf6-4c40-b523-744acc0a8c83:192.168.34.53:35385], old=null, confs=<EMPTY_MAP>
2019-09-11 02:43:16,544 [pool-87-thread-1] INFO  server.RaftServerConfigKeys (ConfUtils.java:logGet(43)) - raft.server.sleep.deviation.threshold = 300 (default)
2019-09-11 02:43:16,544 [pool-47-thread-1] INFO  server.RaftServerConfigKeys (ConfUtils.java:logGet(43)) - raft.server.storage.dir = [/workdir/hadoop-ozone/integration-test/target/test-dir/MiniOzoneClusterImpl-3465b5d1-a811-46c9-af46-590ec6677b1b/datanode-2/data/ratis] (custom)
2019-09-11 02:43:16,544 [pool-87-thread-1] INFO  server.RaftServerConfigKeys (ConfUtils.java:logGet(43)) - raft.server.log.appender.install.snapshot.enabled = false (custom)
2019-09-11 02:43:16,544 [pool-87-thread-1] INFO  impl.RaftServerImpl (ServerState.java:<init>(103)) - c53771ff-a4da-40bc-be42-f397952cb81e@group-3765E79AD5F1: ConfigurationManager, init=-1: [c53771ff-a4da-40bc-be42-f397952cb81e:192.168.34.53:37384, cccfaecc-560c-4f58-9140-53bb7696e889:192.168.34.53:43087, 28f29a4c-baf6-4c40-b523-744acc0a8c83:192.168.34.53:35385], old=null, confs=<EMPTY_MAP>
2019-09-11 02:43:16,544 [pool-47-thread-1] INFO  storage.RaftStorageDirectory (RaftStorageDirectory.java:analyzeStorage(246)) - The storage directory /workdir/hadoop-ozone/integration-test/target/test-dir/MiniOzoneClusterImpl-3465b5d1-a811-46c9-af46-590ec6677b1b/datanode-2/data/ratis/1abba6b7-2161-4608-a071-3765e79ad5f1 does not exist. Creating ...
2019-09-11 02:43:16,544 [pool-87-thread-1] INFO  server.RaftServerConfigKeys (ConfUtils.java:logGet(43)) - raft.server.storage.dir = [/workdir/hadoop-ozone/integration-test/target/test-dir/MiniOzoneClusterImpl-3465b5d1-a811-46c9-af46-590ec6677b1b/datanode-6/data/ratis] (custom)
2019-09-11 02:43:16,545 [pool-87-thread-1] INFO  storage.RaftStorageDirectory (RaftStorageDirectory.java:analyzeStorage(246)) - The storage directory /workdir/hadoop-ozone/integration-test/target/test-dir/MiniOzoneClusterImpl-3465b5d1-a811-46c9-af46-590ec6677b1b/datanode-6/data/ratis/1abba6b7-2161-4608-a071-3765e79ad5f1 does not exist. Creating ...
2019-09-11 02:43:16,550 [pool-47-thread-1] INFO  storage.RaftStorageDirectory (RaftStorageDirectory.java:tryLock(328)) - Lock on /workdir/hadoop-ozone/integration-test/target/test-dir/MiniOzoneClusterImpl-3465b5d1-a811-46c9-af46-590ec6677b1b/datanode-2/data/ratis/1abba6b7-2161-4608-a071-3765e79ad5f1/in_use.lock acquired by nodename 11114@pr-hdds-2107-sbngl-2106859965
2019-09-11 02:43:16,550 [pool-57-thread-1] INFO  storage.RaftStorageDirectory (RaftStorageDirectory.java:tryLock(328)) - Lock on /workdir/hadoop-ozone/integration-test/target/test-dir/MiniOzoneClusterImpl-3465b5d1-a811-46c9-af46-590ec6677b1b/datanode-3/data/ratis/1abba6b7-2161-4608-a071-3765e79ad5f1/in_use.lock acquired by nodename 11114@pr-hdds-2107-sbngl-2106859965
2019-09-11 02:43:16,552 [pool-87-thread-1] INFO  storage.RaftStorageDirectory (RaftStorageDirectory.java:tryLock(328)) - Lock on /workdir/hadoop-ozone/integration-test/target/test-dir/MiniOzoneClusterImpl-3465b5d1-a811-46c9-af46-590ec6677b1b/datanode-6/data/ratis/1abba6b7-2161-4608-a071-3765e79ad5f1/in_use.lock acquired by nodename 11114@pr-hdds-2107-sbngl-2106859965
2019-09-11 02:43:16,554 [pool-57-thread-1] INFO  storage.RaftStorage (RaftStorage.java:format(72)) - Storage directory /workdir/hadoop-ozone/integration-test/target/test-dir/MiniOzoneClusterImpl-3465b5d1-a811-46c9-af46-590ec6677b1b/datanode-3/data/ratis/1abba6b7-2161-4608-a071-3765e79ad5f1 has been successfully formatted.
2019-09-11 02:43:16,554 [pool-47-thread-1] INFO  storage.RaftStorage (RaftStorage.java:format(72)) - Storage directory /workdir/hadoop-ozone/integration-test/target/test-dir/MiniOzoneClusterImpl-3465b5d1-a811-46c9-af46-590ec6677b1b/datanode-2/data/ratis/1abba6b7-2161-4608-a071-3765e79ad5f1 has been successfully formatted.
2019-09-11 02:43:16,555 [pool-57-thread-1] INFO  ratis.ContainerStateMachine (ContainerStateMachine.java:loadSnapshot(230)) - group-3765E79AD5F1: The snapshot info is null. Setting the last applied indexto:(t:0, i:~)
2019-09-11 02:43:16,555 [pool-47-thread-1] INFO  ratis.ContainerStateMachine (ContainerStateMachine.java:loadSnapshot(230)) - group-3765E79AD5F1: The snapshot info is null. Setting the last applied indexto:(t:0, i:~)
2019-09-11 02:43:16,555 [pool-57-thread-1] INFO  server.RaftServerConfigKeys (ConfUtils.java:logGet(43)) - raft.server.notification.no-leader.timeout = 120s (custom)
2019-09-11 02:43:16,555 [pool-47-thread-1] INFO  server.RaftServerConfigKeys (ConfUtils.java:logGet(43)) - raft.server.notification.no-leader.timeout = 120s (custom)
2019-09-11 02:43:16,555 [pool-57-thread-1] INFO  server.RaftServerConfigKeys (ConfUtils.java:logGet(43)) - raft.server.log.use.memory = false (default)
2019-09-11 02:43:16,555 [pool-47-thread-1] INFO  server.RaftServerConfigKeys (ConfUtils.java:logGet(43)) - raft.server.log.use.memory = false (default)
2019-09-11 02:43:16,555 [pool-57-thread-1] INFO  server.RaftServerConfigKeys (ConfUtils.java:logGet(43)) - raft.server.log.purge.gap = 1000000 (custom)
2019-09-11 02:43:16,556 [pool-47-thread-1] INFO  server.RaftServerConfigKeys (ConfUtils.java:logGet(43)) - raft.server.log.purge.gap = 1000000 (custom)
2019-09-11 02:43:16,556 [pool-57-thread-1] INFO  server.RaftServerConfigKeys (ConfUtils.java:logGet(43)) - raft.server.log.appender.buffer.byte-limit = 33554432 (custom)
2019-09-11 02:43:16,556 [pool-47-thread-1] INFO  server.RaftServerConfigKeys (ConfUtils.java:logGet(43)) - raft.server.log.appender.buffer.byte-limit = 33554432 (custom)
2019-09-11 02:43:16,556 [pool-57-thread-1] INFO  server.RaftServerConfigKeys (ConfUtils.java:logGet(43)) - raft.server.log.segment.size.max = 1048576 (custom)
2019-09-11 02:43:16,556 [pool-47-thread-1] INFO  server.RaftServerConfigKeys (ConfUtils.java:logGet(43)) - raft.server.log.segment.size.max = 1048576 (custom)
2019-09-11 02:43:16,556 [pool-57-thread-1] INFO  server.RaftServerConfigKeys (ConfUtils.java:logGet(43)) - raft.server.log.segment.cache.num.max = 2 (custom)
2019-09-11 02:43:16,556 [pool-47-thread-1] INFO  server.RaftServerConfigKeys (ConfUtils.java:logGet(43)) - raft.server.log.segment.cache.num.max = 2 (custom)
2019-09-11 02:43:16,557 [pool-57-thread-1] INFO  segmented.SegmentedRaftLogWorker (SegmentedRaftLogWorker.java:<init>(172)) - new 28f29a4c-baf6-4c40-b523-744acc0a8c83@group-3765E79AD5F1-SegmentedRaftLogWorker for RaftStorage:Storage Directory /workdir/hadoop-ozone/integration-test/target/test-dir/MiniOzoneClusterImpl-3465b5d1-a811-46c9-af46-590ec6677b1b/datanode-3/data/ratis/1abba6b7-2161-4608-a071-3765e79ad5f1
2019-09-11 02:43:16,557 [pool-47-thread-1] INFO  segmented.SegmentedRaftLogWorker (SegmentedRaftLogWorker.java:<init>(172)) - new cccfaecc-560c-4f58-9140-53bb7696e889@group-3765E79AD5F1-SegmentedRaftLogWorker for RaftStorage:Storage Directory /workdir/hadoop-ozone/integration-test/target/test-dir/MiniOzoneClusterImpl-3465b5d1-a811-46c9-af46-590ec6677b1b/datanode-2/data/ratis/1abba6b7-2161-4608-a071-3765e79ad5f1
2019-09-11 02:43:16,557 [pool-57-thread-1] INFO  server.RaftServerConfigKeys (ConfUtils.java:logGet(43)) - raft.server.log.queue.byte-limit = 2147483647 (custom)
2019-09-11 02:43:16,557 [pool-47-thread-1] INFO  server.RaftServerConfigKeys (ConfUtils.java:logGet(43)) - raft.server.log.queue.byte-limit = 2147483647 (custom)
2019-09-11 02:43:16,557 [pool-57-thread-1] INFO  server.RaftServerConfigKeys (ConfUtils.java:logGet(43)) - raft.server.log.queue.element-limit = 1024 (custom)
2019-09-11 02:43:16,557 [pool-47-thread-1] INFO  server.RaftServerConfigKeys (ConfUtils.java:logGet(43)) - raft.server.log.queue.element-limit = 1024 (custom)
2019-09-11 02:43:16,557 [pool-57-thread-1] INFO  server.RaftServerConfigKeys (ConfUtils.java:logGet(43)) - raft.server.log.segment.size.max = 1048576 (custom)
2019-09-11 02:43:16,558 [pool-47-thread-1] INFO  server.RaftServerConfigKeys (ConfUtils.java:logGet(43)) - raft.server.log.segment.size.max = 1048576 (custom)
2019-09-11 02:43:16,558 [pool-57-thread-1] INFO  server.RaftServerConfigKeys (ConfUtils.java:logGet(43)) - raft.server.log.preallocated.size = 16384 (custom)
2019-09-11 02:43:16,558 [pool-47-thread-1] INFO  server.RaftServerConfigKeys (ConfUtils.java:logGet(43)) - raft.server.log.preallocated.size = 16384 (custom)
2019-09-11 02:43:16,558 [pool-57-thread-1] INFO  server.RaftServerConfigKeys (ConfUtils.java:logGet(43)) - raft.server.log.write.buffer.size = 33554432 (custom)
2019-09-11 02:43:16,558 [pool-87-thread-1] INFO  storage.RaftStorage (RaftStorage.java:format(72)) - Storage directory /workdir/hadoop-ozone/integration-test/target/test-dir/MiniOzoneClusterImpl-3465b5d1-a811-46c9-af46-590ec6677b1b/datanode-6/data/ratis/1abba6b7-2161-4608-a071-3765e79ad5f1 has been successfully formatted.
2019-09-11 02:43:16,558 [pool-47-thread-1] INFO  server.RaftServerConfigKeys (ConfUtils.java:logGet(43)) - raft.server.log.write.buffer.size = 33554432 (custom)
2019-09-11 02:43:16,559 [pool-87-thread-1] INFO  ratis.ContainerStateMachine (ContainerStateMachine.java:loadSnapshot(230)) - group-3765E79AD5F1: The snapshot info is null. Setting the last applied indexto:(t:0, i:~)
2019-09-11 02:43:16,558 [pool-57-thread-1] INFO  server.RaftServerConfigKeys (ConfUtils.java:logGet(43)) - raft.server.log.force.sync.num = 128 (default)
2019-09-11 02:43:16,559 [pool-87-thread-1] INFO  server.RaftServerConfigKeys (ConfUtils.java:logGet(43)) - raft.server.notification.no-leader.timeout = 120s (custom)
2019-09-11 02:43:16,559 [pool-87-thread-1] INFO  server.RaftServerConfigKeys (ConfUtils.java:logGet(43)) - raft.server.log.use.memory = false (default)
2019-09-11 02:43:16,559 [pool-47-thread-1] INFO  server.RaftServerConfigKeys (ConfUtils.java:logGet(43)) - raft.server.log.force.sync.num = 128 (default)
2019-09-11 02:43:16,559 [pool-87-thread-1] INFO  server.RaftServerConfigKeys (ConfUtils.java:logGet(43)) - raft.server.log.purge.gap = 1000000 (custom)
2019-09-11 02:43:16,559 [pool-57-thread-1] INFO  server.RaftServerConfigKeys (ConfUtils.java:logGet(43)) - raft.server.log.statemachine.data.sync = true (default)
2019-09-11 02:43:16,559 [pool-87-thread-1] INFO  server.RaftServerConfigKeys (ConfUtils.java:logGet(43)) - raft.server.log.appender.buffer.byte-limit = 33554432 (custom)
2019-09-11 02:43:16,560 [pool-87-thread-1] INFO  server.RaftServerConfigKeys (ConfUtils.java:logGet(43)) - raft.server.log.segment.size.max = 1048576 (custom)
2019-09-11 02:43:16,559 [pool-47-thread-1] INFO  server.RaftServerConfigKeys (ConfUtils.java:logGet(43)) - raft.server.log.statemachine.data.sync = true (default)
2019-09-11 02:43:16,560 [pool-87-thread-1] INFO  server.RaftServerConfigKeys (ConfUtils.java:logGet(43)) - raft.server.log.segment.cache.num.max = 2 (custom)
2019-09-11 02:43:16,560 [pool-57-thread-1] INFO  server.RaftServerConfigKeys (ConfUtils.java:logGet(43)) - raft.server.log.statemachine.data.sync.timeout = 10s (default)
2019-09-11 02:43:16,560 [pool-87-thread-1] INFO  segmented.SegmentedRaftLogWorker (SegmentedRaftLogWorker.java:<init>(172)) - new c53771ff-a4da-40bc-be42-f397952cb81e@group-3765E79AD5F1-SegmentedRaftLogWorker for RaftStorage:Storage Directory /workdir/hadoop-ozone/integration-test/target/test-dir/MiniOzoneClusterImpl-3465b5d1-a811-46c9-af46-590ec6677b1b/datanode-6/data/ratis/1abba6b7-2161-4608-a071-3765e79ad5f1
2019-09-11 02:43:16,560 [pool-47-thread-1] INFO  server.RaftServerConfigKeys (ConfUtils.java:logGet(43)) - raft.server.log.statemachine.data.sync.timeout = 10s (default)
2019-09-11 02:43:16,561 [pool-87-thread-1] INFO  server.RaftServerConfigKeys (ConfUtils.java:logGet(43)) - raft.server.log.queue.byte-limit = 2147483647 (custom)
2019-09-11 02:43:16,560 [pool-57-thread-1] INFO  server.RaftServerConfigKeys (ConfUtils.java:logGet(43)) - raft.server.log.statemachine.data.sync.timeout.retry = -1 (default)
2019-09-11 02:43:16,561 [pool-87-thread-1] INFO  server.RaftServerConfigKeys (ConfUtils.java:logGet(43)) - raft.server.log.queue.element-limit = 1024 (custom)
2019-09-11 02:43:16,561 [pool-47-thread-1] INFO  server.RaftServerConfigKeys (ConfUtils.java:logGet(43)) - raft.server.log.statemachine.data.sync.timeout.retry = -1 (default)
2019-09-11 02:43:16,561 [pool-87-thread-1] INFO  server.RaftServerConfigKeys (ConfUtils.java:logGet(43)) - raft.server.log.segment.size.max = 1048576 (custom)
2019-09-11 02:43:16,561 [pool-87-thread-1] INFO  server.RaftServerConfigKeys (ConfUtils.java:logGet(43)) - raft.server.log.preallocated.size = 16384 (custom)
2019-09-11 02:43:16,561 [pool-57-thread-1] INFO  server.RaftServerConfigKeys (ConfUtils.java:logGet(43)) - raft.server.log.statemachine.data.caching.enabled = true (custom)
2019-09-11 02:43:16,562 [pool-87-thread-1] INFO  server.RaftServerConfigKeys (ConfUtils.java:logGet(43)) - raft.server.log.write.buffer.size = 33554432 (custom)
2019-09-11 02:43:16,562 [pool-87-thread-1] INFO  server.RaftServerConfigKeys (ConfUtils.java:logGet(43)) - raft.server.log.force.sync.num = 128 (default)
2019-09-11 02:43:16,561 [pool-47-thread-1] INFO  server.RaftServerConfigKeys (ConfUtils.java:logGet(43)) - raft.server.log.statemachine.data.caching.enabled = true (custom)
2019-09-11 02:43:16,562 [pool-57-thread-1] INFO  segmented.SegmentedRaftLogWorker (SegmentedRaftLogWorker.java:lambda$new$0(132)) - 28f29a4c-baf6-4c40-b523-744acc0a8c83@group-3765E79AD5F1-SegmentedRaftLogWorker: flushIndex: setUnconditionally 0 -> -1
2019-09-11 02:43:16,562 [pool-87-thread-1] INFO  server.RaftServerConfigKeys (ConfUtils.java:logGet(43)) - raft.server.log.statemachine.data.sync = true (default)
2019-09-11 02:43:16,562 [pool-47-thread-1] INFO  segmented.SegmentedRaftLogWorker (SegmentedRaftLogWorker.java:lambda$new$0(132)) - cccfaecc-560c-4f58-9140-53bb7696e889@group-3765E79AD5F1-SegmentedRaftLogWorker: flushIndex: setUnconditionally 0 -> -1
2019-09-11 02:43:16,563 [pool-87-thread-1] INFO  server.RaftServerConfigKeys (ConfUtils.java:logGet(43)) - raft.server.log.statemachine.data.sync.timeout = 10s (default)
2019-09-11 02:43:16,563 [pool-47-thread-1] INFO  server.RaftServerConfigKeys (ConfUtils.java:logGet(43)) - raft.server.snapshot.auto.trigger.enabled = true (custom)
2019-09-11 02:43:16,563 [pool-57-thread-1] INFO  server.RaftServerConfigKeys (ConfUtils.java:logGet(43)) - raft.server.snapshot.auto.trigger.enabled = true (custom)
2019-09-11 02:43:16,563 [pool-47-thread-1] INFO  server.RaftServerConfigKeys (ConfUtils.java:logGet(43)) - raft.server.snapshot.auto.trigger.threshold = 10000 (custom)
2019-09-11 02:43:16,563 [pool-87-thread-1] INFO  server.RaftServerConfigKeys (ConfUtils.java:logGet(43)) - raft.server.log.statemachine.data.sync.timeout.retry = -1 (default)
2019-09-11 02:43:16,563 [pool-47-thread-1] INFO  server.RaftServerConfigKeys (ConfUtils.java:logGet(43)) - raft.server.snapshot.retention.num.files = -1 (default)
2019-09-11 02:43:16,563 [pool-57-thread-1] INFO  server.RaftServerConfigKeys (ConfUtils.java:logGet(43)) - raft.server.snapshot.auto.trigger.threshold = 10000 (custom)
2019-09-11 02:43:16,564 [pool-47-thread-1] INFO  server.RaftServerConfigKeys (ConfUtils.java:logGet(43)) - raft.server.retrycache.expirytime = 600000ms (custom)
2019-09-11 02:43:16,564 [pool-87-thread-1] INFO  server.RaftServerConfigKeys (ConfUtils.java:logGet(43)) - raft.server.log.statemachine.data.caching.enabled = true (custom)
2019-09-11 02:43:16,564 [pool-57-thread-1] INFO  server.RaftServerConfigKeys (ConfUtils.java:logGet(43)) - raft.server.snapshot.retention.num.files = -1 (default)
2019-09-11 02:43:16,564 [pool-87-thread-1] INFO  segmented.SegmentedRaftLogWorker (SegmentedRaftLogWorker.java:lambda$new$0(132)) - c53771ff-a4da-40bc-be42-f397952cb81e@group-3765E79AD5F1-SegmentedRaftLogWorker: flushIndex: setUnconditionally 0 -> -1
2019-09-11 02:43:16,564 [pool-57-thread-1] INFO  server.RaftServerConfigKeys (ConfUtils.java:logGet(43)) - raft.server.retrycache.expirytime = 600000ms (custom)
2019-09-11 02:43:16,565 [pool-87-thread-1] INFO  server.RaftServerConfigKeys (ConfUtils.java:logGet(43)) - raft.server.snapshot.auto.trigger.enabled = true (custom)
2019-09-11 02:43:16,565 [pool-87-thread-1] INFO  server.RaftServerConfigKeys (ConfUtils.java:logGet(43)) - raft.server.snapshot.auto.trigger.threshold = 10000 (custom)
2019-09-11 02:43:16,565 [pool-87-thread-1] INFO  server.RaftServerConfigKeys (ConfUtils.java:logGet(43)) - raft.server.snapshot.retention.num.files = -1 (default)
2019-09-11 02:43:16,565 [pool-87-thread-1] INFO  server.RaftServerConfigKeys (ConfUtils.java:logGet(43)) - raft.server.retrycache.expirytime = 600000ms (custom)
2019-09-11 02:43:16,570 [pool-47-thread-1] INFO  impl.RaftServerImpl (RaftServerImpl.java:start(185)) - cccfaecc-560c-4f58-9140-53bb7696e889@group-3765E79AD5F1: start as a follower, conf=-1: [c53771ff-a4da-40bc-be42-f397952cb81e:192.168.34.53:37384, cccfaecc-560c-4f58-9140-53bb7696e889:192.168.34.53:43087, 28f29a4c-baf6-4c40-b523-744acc0a8c83:192.168.34.53:35385], old=null
2019-09-11 02:43:16,570 [pool-57-thread-1] INFO  impl.RaftServerImpl (RaftServerImpl.java:start(185)) - 28f29a4c-baf6-4c40-b523-744acc0a8c83@group-3765E79AD5F1: start as a follower, conf=-1: [c53771ff-a4da-40bc-be42-f397952cb81e:192.168.34.53:37384, cccfaecc-560c-4f58-9140-53bb7696e889:192.168.34.53:43087, 28f29a4c-baf6-4c40-b523-744acc0a8c83:192.168.34.53:35385], old=null
2019-09-11 02:43:16,570 [pool-47-thread-1] INFO  impl.RaftServerImpl (RaftServerImpl.java:setRole(174)) - cccfaecc-560c-4f58-9140-53bb7696e889@group-3765E79AD5F1: changes role from      null to FOLLOWER at term 0 for startAsFollower
2019-09-11 02:43:16,571 [pool-87-thread-1] INFO  impl.RaftServerImpl (RaftServerImpl.java:start(185)) - c53771ff-a4da-40bc-be42-f397952cb81e@group-3765E79AD5F1: start as a follower, conf=-1: [c53771ff-a4da-40bc-be42-f397952cb81e:192.168.34.53:37384, cccfaecc-560c-4f58-9140-53bb7696e889:192.168.34.53:43087, 28f29a4c-baf6-4c40-b523-744acc0a8c83:192.168.34.53:35385], old=null
2019-09-11 02:43:16,571 [pool-57-thread-1] INFO  impl.RaftServerImpl (RaftServerImpl.java:setRole(174)) - 28f29a4c-baf6-4c40-b523-744acc0a8c83@group-3765E79AD5F1: changes role from      null to FOLLOWER at term 0 for startAsFollower
2019-09-11 02:43:16,571 [pool-87-thread-1] INFO  impl.RaftServerImpl (RaftServerImpl.java:setRole(174)) - c53771ff-a4da-40bc-be42-f397952cb81e@group-3765E79AD5F1: changes role from      null to FOLLOWER at term 0 for startAsFollower
2019-09-11 02:43:16,571 [pool-47-thread-1] INFO  impl.RoleInfo (RoleInfo.java:updateAndGet(143)) - cccfaecc-560c-4f58-9140-53bb7696e889: start FollowerState
2019-09-11 02:43:16,571 [pool-87-thread-1] INFO  impl.RoleInfo (RoleInfo.java:updateAndGet(143)) - c53771ff-a4da-40bc-be42-f397952cb81e: start FollowerState
2019-09-11 02:43:16,571 [pool-57-thread-1] INFO  impl.RoleInfo (RoleInfo.java:updateAndGet(143)) - 28f29a4c-baf6-4c40-b523-744acc0a8c83: start FollowerState
2019-09-11 02:43:16,589 [pool-87-thread-1] INFO  util.JmxRegister (JmxRegister.java:tryRegister(44)) - Successfully registered JMX Bean with object name Ratis:service=RaftServer,group=group-3765E79AD5F1,id=c53771ff-a4da-40bc-be42-f397952cb81e
2019-09-11 02:43:16,589 [pool-57-thread-1] INFO  util.JmxRegister (JmxRegister.java:tryRegister(44)) - Successfully registered JMX Bean with object name Ratis:service=RaftServer,group=group-3765E79AD5F1,id=28f29a4c-baf6-4c40-b523-744acc0a8c83
2019-09-11 02:43:16,589 [pool-47-thread-1] INFO  util.JmxRegister (JmxRegister.java:tryRegister(44)) - Successfully registered JMX Bean with object name Ratis:service=RaftServer,group=group-3765E79AD5F1,id=cccfaecc-560c-4f58-9140-53bb7696e889
2019-09-11 02:43:16,599 [RatisPipelineUtilsThread] INFO  pipeline.PipelineStateManager (PipelineStateManager.java:addPipeline(56)) - Created pipeline Pipeline[ Id: 1abba6b7-2161-4608-a071-3765e79ad5f1, Nodes: cccfaecc-560c-4f58-9140-53bb7696e889{ip: 192.168.34.53, host: pr-hdds-2107-sbngl-2106859965, networkLocation: /default-rack, certSerialId: null}28f29a4c-baf6-4c40-b523-744acc0a8c83{ip: 192.168.34.53, host: pr-hdds-2107-sbngl-2106859965, networkLocation: /default-rack, certSerialId: null}c53771ff-a4da-40bc-be42-f397952cb81e{ip: 192.168.34.53, host: pr-hdds-2107-sbngl-2106859965, networkLocation: /default-rack, certSerialId: null}, Type:RATIS, Factor:THREE, State:OPEN]
2019-09-11 02:43:17,213 [main] WARN  io.KeyOutputStream (KeyOutputStream.java:handleException(276)) - Encountered exception java.io.IOException: Unexpected Storage Container Exception: java.util.concurrent.CompletionException: java.util.concurrent.CompletionException: org.apache.ratis.protocol.GroupMismatchException: cccfaecc-560c-4f58-9140-53bb7696e889: group-3F730D6994B2 not found. on the pipeline Pipeline[ Id: 161771de-e97c-43e9-8583-3f730d6994b2, Nodes: cccfaecc-560c-4f58-9140-53bb7696e889{ip: 192.168.34.53, host: pr-hdds-2107-sbngl-2106859965, networkLocation: /default-rack, certSerialId: null}28f29a4c-baf6-4c40-b523-744acc0a8c83{ip: 192.168.34.53, host: pr-hdds-2107-sbngl-2106859965, networkLocation: /default-rack, certSerialId: null}c53771ff-a4da-40bc-be42-f397952cb81e{ip: 192.168.34.53, host: pr-hdds-2107-sbngl-2106859965, networkLocation: /default-rack, certSerialId: null}, Type:RATIS, Factor:THREE, State:OPEN]. The last committed block length is 0, uncommitted data length is 400 retry count 0
2019-09-11 02:43:17,261 [grpc-default-executor-1] INFO  client.GrpcClientProtocolClient (GrpcClientProtocolClient.java:onNext(264)) - client-CD0705DA68A3->cccfaecc-560c-4f58-9140-53bb7696e889: receive RaftClientReply:client-CD0705DA68A3->cccfaecc-560c-4f58-9140-53bb7696e889@group-3765E79AD5F1, cid=244, FAILED org.apache.ratis.protocol.NotLeaderException: Server cccfaecc-560c-4f58-9140-53bb7696e889@group-3765E79AD5F1 is not the leader, logIndex=0, commits[cccfaecc-560c-4f58-9140-53bb7696e889:c-1]
2019-09-11 02:43:18,284 [grpc-default-executor-12] INFO  client.GrpcClientProtocolClient (GrpcClientProtocolClient.java:onNext(264)) - client-CD0705DA68A3->28f29a4c-baf6-4c40-b523-744acc0a8c83: receive RaftClientReply:client-CD0705DA68A3->28f29a4c-baf6-4c40-b523-744acc0a8c83@group-3765E79AD5F1, cid=244, FAILED org.apache.ratis.protocol.NotLeaderException: Server 28f29a4c-baf6-4c40-b523-744acc0a8c83@group-3765E79AD5F1 is not the leader, logIndex=0, commits[28f29a4c-baf6-4c40-b523-744acc0a8c83:c-1]
2019-09-11 02:43:19,301 [grpc-default-executor-1] INFO  client.GrpcClientProtocolClient (GrpcClientProtocolClient.java:onNext(264)) - client-CD0705DA68A3->c53771ff-a4da-40bc-be42-f397952cb81e: receive RaftClientReply:client-CD0705DA68A3->c53771ff-a4da-40bc-be42-f397952cb81e@group-3765E79AD5F1, cid=244, FAILED org.apache.ratis.protocol.NotLeaderException: Server c53771ff-a4da-40bc-be42-f397952cb81e@group-3765E79AD5F1 is not the leader, logIndex=0, commits[c53771ff-a4da-40bc-be42-f397952cb81e:c-1]
2019-09-11 02:43:19,314 [grpc-default-executor-12] INFO  impl.RaftServerProxy (RaftServerProxy.java:remove(95)) - cccfaecc-560c-4f58-9140-53bb7696e889: remove group-3F730D6994B2:null
2019-09-11 02:43:19,316 [RatisPipelineUtilsThread] WARN  pipeline.RatisPipelineUtils (RatisPipelineUtils.java:destroyPipeline(66)) - Pipeline destroy failed for pipeline=PipelineID=161771de-e97c-43e9-8583-3f730d6994b2 dn=cccfaecc-560c-4f58-9140-53bb7696e889{ip: 192.168.34.53, host: pr-hdds-2107-sbngl-2106859965, networkLocation: /default-rack, certSerialId: null}
2019-09-11 02:43:19,318 [grpc-default-executor-12] INFO  impl.RaftServerProxy (RaftServerProxy.java:remove(95)) - 28f29a4c-baf6-4c40-b523-744acc0a8c83: remove group-3F730D6994B2:null
2019-09-11 02:43:19,320 [RatisPipelineUtilsThread] WARN  pipeline.RatisPipelineUtils (RatisPipelineUtils.java:destroyPipeline(66)) - Pipeline destroy failed for pipeline=PipelineID=161771de-e97c-43e9-8583-3f730d6994b2 dn=28f29a4c-baf6-4c40-b523-744acc0a8c83{ip: 192.168.34.53, host: pr-hdds-2107-sbngl-2106859965, networkLocation: /default-rack, certSerialId: null}
2019-09-11 02:43:19,322 [grpc-default-executor-12] INFO  impl.RaftServerProxy (RaftServerProxy.java:remove(95)) - c53771ff-a4da-40bc-be42-f397952cb81e: remove group-3F730D6994B2:null
2019-09-11 02:43:19,324 [RatisPipelineUtilsThread] WARN  pipeline.RatisPipelineUtils (RatisPipelineUtils.java:destroyPipeline(66)) - Pipeline destroy failed for pipeline=PipelineID=161771de-e97c-43e9-8583-3f730d6994b2 dn=c53771ff-a4da-40bc-be42-f397952cb81e{ip: 192.168.34.53, host: pr-hdds-2107-sbngl-2106859965, networkLocation: /default-rack, certSerialId: null}
2019-09-11 02:43:19,324 [RatisPipelineUtilsThread] ERROR pipeline.SCMPipelineManager (Scheduler.java:lambda$schedule$1(70)) - Destroy pipeline failed for pipeline:Pipeline[ Id: 161771de-e97c-43e9-8583-3f730d6994b2, Nodes: cccfaecc-560c-4f58-9140-53bb7696e889{ip: 192.168.34.53, host: pr-hdds-2107-sbngl-2106859965, networkLocation: /default-rack, certSerialId: null}28f29a4c-baf6-4c40-b523-744acc0a8c83{ip: 192.168.34.53, host: pr-hdds-2107-sbngl-2106859965, networkLocation: /default-rack, certSerialId: null}c53771ff-a4da-40bc-be42-f397952cb81e{ip: 192.168.34.53, host: pr-hdds-2107-sbngl-2106859965, networkLocation: /default-rack, certSerialId: null}, Type:RATIS, Factor:THREE, State:CLOSED]
org.apache.hadoop.hdds.scm.pipeline.PipelineNotFoundException: PipelineID=161771de-e97c-43e9-8583-3f730d6994b2 not found
	at org.apache.hadoop.hdds.scm.pipeline.PipelineStateMap.getPipeline(PipelineStateMap.java:132)
	at org.apache.hadoop.hdds.scm.pipeline.PipelineStateMap.removePipeline(PipelineStateMap.java:322)
	at org.apache.hadoop.hdds.scm.pipeline.PipelineStateManager.removePipeline(PipelineStateManager.java:107)
	at org.apache.hadoop.hdds.scm.pipeline.SCMPipelineManager.removePipeline(SCMPipelineManager.java:423)
	at org.apache.hadoop.hdds.scm.pipeline.SCMPipelineManager.destroyPipeline(SCMPipelineManager.java:409)
	at org.apache.hadoop.hdds.scm.pipeline.SCMPipelineManager.lambda$finalizeAndDestroyPipeline$0(SCMPipelineManager.java:318)
	at org.apache.hadoop.utils.Scheduler.lambda$schedule$1(Scheduler.java:68)
	at java.util.concurrent.Executors$RunnableAdapter.call(Executors.java:511)
	at java.util.concurrent.FutureTask.run(FutureTask.java:266)
	at java.util.concurrent.ScheduledThreadPoolExecutor$ScheduledFutureTask.access$201(ScheduledThreadPoolExecutor.java:180)
	at java.util.concurrent.ScheduledThreadPoolExecutor$ScheduledFutureTask.run(ScheduledThreadPoolExecutor.java:293)
	at java.util.concurrent.ThreadPoolExecutor.runWorker(ThreadPoolExecutor.java:1149)
	at java.util.concurrent.ThreadPoolExecutor$Worker.run(ThreadPoolExecutor.java:624)
	at java.lang.Thread.run(Thread.java:748)
2019-09-11 02:43:20,324 [grpc-default-executor-7] INFO  client.GrpcClientProtocolClient (GrpcClientProtocolClient.java:onNext(264)) - client-CD0705DA68A3->28f29a4c-baf6-4c40-b523-744acc0a8c83: receive RaftClientReply:client-CD0705DA68A3->28f29a4c-baf6-4c40-b523-744acc0a8c83@group-3765E79AD5F1, cid=244, FAILED org.apache.ratis.protocol.NotLeaderException: Server 28f29a4c-baf6-4c40-b523-744acc0a8c83@group-3765E79AD5F1 is not the leader, logIndex=0, commits[28f29a4c-baf6-4c40-b523-744acc0a8c83:c-1]
2019-09-11 02:43:21,315 [grpc-default-executor-7] INFO  impl.RaftServerProxy (RaftServerProxy.java:remove(95)) - cccfaecc-560c-4f58-9140-53bb7696e889: remove group-3F730D6994B2:null
2019-09-11 02:43:21,319 [RatisPipelineUtilsThread] WARN  pipeline.RatisPipelineUtils (RatisPipelineUtils.java:destroyPipeline(66)) - Pipeline destroy failed for pipeline=PipelineID=161771de-e97c-43e9-8583-3f730d6994b2 dn=cccfaecc-560c-4f58-9140-53bb7696e889{ip: 192.168.34.53, host: pr-hdds-2107-sbngl-2106859965, networkLocation: /default-rack, certSerialId: null}
2019-09-11 02:43:21,322 [grpc-default-executor-7] INFO  impl.RaftServerProxy (RaftServerProxy.java:remove(95)) - 28f29a4c-baf6-4c40-b523-744acc0a8c83: remove group-3F730D6994B2:null
2019-09-11 02:43:21,324 [RatisPipelineUtilsThread] WARN  pipeline.RatisPipelineUtils (RatisPipelineUtils.java:destroyPipeline(66)) - Pipeline destroy failed for pipeline=PipelineID=161771de-e97c-43e9-8583-3f730d6994b2 dn=28f29a4c-baf6-4c40-b523-744acc0a8c83{ip: 192.168.34.53, host: pr-hdds-2107-sbngl-2106859965, networkLocation: /default-rack, certSerialId: null}
2019-09-11 02:43:21,327 [grpc-default-executor-7] INFO  impl.RaftServerProxy (RaftServerProxy.java:remove(95)) - c53771ff-a4da-40bc-be42-f397952cb81e: remove group-3F730D6994B2:null
2019-09-11 02:43:21,329 [RatisPipelineUtilsThread] WARN  pipeline.RatisPipelineUtils (RatisPipelineUtils.java:destroyPipeline(66)) - Pipeline destroy failed for pipeline=PipelineID=161771de-e97c-43e9-8583-3f730d6994b2 dn=c53771ff-a4da-40bc-be42-f397952cb81e{ip: 192.168.34.53, host: pr-hdds-2107-sbngl-2106859965, networkLocation: /default-rack, certSerialId: null}
2019-09-11 02:43:21,329 [RatisPipelineUtilsThread] ERROR pipeline.SCMPipelineManager (Scheduler.java:lambda$schedule$1(70)) - Destroy pipeline failed for pipeline:Pipeline[ Id: 161771de-e97c-43e9-8583-3f730d6994b2, Nodes: cccfaecc-560c-4f58-9140-53bb7696e889{ip: 192.168.34.53, host: pr-hdds-2107-sbngl-2106859965, networkLocation: /default-rack, certSerialId: null}28f29a4c-baf6-4c40-b523-744acc0a8c83{ip: 192.168.34.53, host: pr-hdds-2107-sbngl-2106859965, networkLocation: /default-rack, certSerialId: null}c53771ff-a4da-40bc-be42-f397952cb81e{ip: 192.168.34.53, host: pr-hdds-2107-sbngl-2106859965, networkLocation: /default-rack, certSerialId: null}, Type:RATIS, Factor:THREE, State:CLOSED]
org.apache.hadoop.hdds.scm.pipeline.PipelineNotFoundException: PipelineID=161771de-e97c-43e9-8583-3f730d6994b2 not found
	at org.apache.hadoop.hdds.scm.pipeline.PipelineStateMap.getPipeline(PipelineStateMap.java:132)
	at org.apache.hadoop.hdds.scm.pipeline.PipelineStateMap.removePipeline(PipelineStateMap.java:322)
	at org.apache.hadoop.hdds.scm.pipeline.PipelineStateManager.removePipeline(PipelineStateManager.java:107)
	at org.apache.hadoop.hdds.scm.pipeline.SCMPipelineManager.removePipeline(SCMPipelineManager.java:423)
	at org.apache.hadoop.hdds.scm.pipeline.SCMPipelineManager.destroyPipeline(SCMPipelineManager.java:409)
	at org.apache.hadoop.hdds.scm.pipeline.SCMPipelineManager.lambda$finalizeAndDestroyPipeline$0(SCMPipelineManager.java:318)
	at org.apache.hadoop.utils.Scheduler.lambda$schedule$1(Scheduler.java:68)
	at java.util.concurrent.Executors$RunnableAdapter.call(Executors.java:511)
	at java.util.concurrent.FutureTask.run(FutureTask.java:266)
	at java.util.concurrent.ScheduledThreadPoolExecutor$ScheduledFutureTask.access$201(ScheduledThreadPoolExecutor.java:180)
	at java.util.concurrent.ScheduledThreadPoolExecutor$ScheduledFutureTask.run(ScheduledThreadPoolExecutor.java:293)
	at java.util.concurrent.ThreadPoolExecutor.runWorker(ThreadPoolExecutor.java:1149)
	at java.util.concurrent.ThreadPoolExecutor$Worker.run(ThreadPoolExecutor.java:624)
	at java.lang.Thread.run(Thread.java:748)
2019-09-11 02:43:21,341 [grpc-default-executor-7] INFO  client.GrpcClientProtocolClient (GrpcClientProtocolClient.java:onNext(264)) - client-CD0705DA68A3->c53771ff-a4da-40bc-be42-f397952cb81e: receive RaftClientReply:client-CD0705DA68A3->c53771ff-a4da-40bc-be42-f397952cb81e@group-3765E79AD5F1, cid=244, FAILED org.apache.ratis.protocol.NotLeaderException: Server c53771ff-a4da-40bc-be42-f397952cb81e@group-3765E79AD5F1 is not the leader, logIndex=0, commits[c53771ff-a4da-40bc-be42-f397952cb81e:c-1]
2019-09-11 02:43:21,689 [Thread-2044] INFO  impl.FollowerState (FollowerState.java:run(106)) - cccfaecc-560c-4f58-9140-53bb7696e889:group-3765E79AD5F1 changes to CANDIDATE, lastRpcTime:5118, electionTimeout:5117ms
2019-09-11 02:43:21,689 [Thread-2044] INFO  impl.RoleInfo (RoleInfo.java:shutdownFollowerState(121)) - cccfaecc-560c-4f58-9140-53bb7696e889: shutdown FollowerState
2019-09-11 02:43:21,690 [Thread-2044] INFO  impl.RaftServerImpl (RaftServerImpl.java:setRole(174)) - cccfaecc-560c-4f58-9140-53bb7696e889@group-3765E79AD5F1: changes role from  FOLLOWER to CANDIDATE at term 0 for changeToCandidate
2019-09-11 02:43:21,690 [Thread-2044] INFO  impl.RoleInfo (RoleInfo.java:updateAndGet(143)) - cccfaecc-560c-4f58-9140-53bb7696e889: start LeaderElection
2019-09-11 02:43:21,737 [Thread-2045] INFO  impl.FollowerState (FollowerState.java:run(106)) - 28f29a4c-baf6-4c40-b523-744acc0a8c83:group-3765E79AD5F1 changes to CANDIDATE, lastRpcTime:5166, electionTimeout:5148ms
2019-09-11 02:43:21,738 [Thread-2045] INFO  impl.RoleInfo (RoleInfo.java:shutdownFollowerState(121)) - 28f29a4c-baf6-4c40-b523-744acc0a8c83: shutdown FollowerState
2019-09-11 02:43:21,738 [Thread-2045] INFO  impl.RaftServerImpl (RaftServerImpl.java:setRole(174)) - 28f29a4c-baf6-4c40-b523-744acc0a8c83@group-3765E79AD5F1: changes role from  FOLLOWER to CANDIDATE at term 0 for changeToCandidate
2019-09-11 02:43:21,738 [Thread-2045] INFO  impl.RoleInfo (RoleInfo.java:updateAndGet(143)) - 28f29a4c-baf6-4c40-b523-744acc0a8c83: start LeaderElection
2019-09-11 02:43:21,744 [cccfaecc-560c-4f58-9140-53bb7696e889@group-3765E79AD5F1:LeaderElection16] INFO  impl.LeaderElection (LeaderElection.java:askForVotes(182)) - cccfaecc-560c-4f58-9140-53bb7696e889@group-3765E79AD5F1:LeaderElection16: begin an election at term 1 for -1: [c53771ff-a4da-40bc-be42-f397952cb81e:192.168.34.53:37384, cccfaecc-560c-4f58-9140-53bb7696e889:192.168.34.53:43087, 28f29a4c-baf6-4c40-b523-744acc0a8c83:192.168.34.53:35385], old=null
2019-09-11 02:43:21,748 [grpc-default-executor-1] INFO  impl.RaftServerImpl (RaftServerImpl.java:setRole(174)) - c53771ff-a4da-40bc-be42-f397952cb81e@group-3765E79AD5F1: changes role from  FOLLOWER to FOLLOWER at term 1 for recognizeCandidate:cccfaecc-560c-4f58-9140-53bb7696e889
2019-09-11 02:43:21,748 [grpc-default-executor-1] INFO  impl.RoleInfo (RoleInfo.java:shutdownFollowerState(121)) - c53771ff-a4da-40bc-be42-f397952cb81e: shutdown FollowerState
2019-09-11 02:43:21,748 [grpc-default-executor-1] INFO  impl.RoleInfo (RoleInfo.java:updateAndGet(143)) - c53771ff-a4da-40bc-be42-f397952cb81e: start FollowerState
2019-09-11 02:43:21,748 [Thread-2046] INFO  impl.FollowerState (FollowerState.java:run(115)) - c53771ff-a4da-40bc-be42-f397952cb81e: FollowerState was interrupted: java.lang.InterruptedException: sleep interrupted
2019-09-11 02:43:21,769 [28f29a4c-baf6-4c40-b523-744acc0a8c83@group-3765E79AD5F1:LeaderElection17] INFO  impl.LeaderElection (LeaderElection.java:askForVotes(182)) - 28f29a4c-baf6-4c40-b523-744acc0a8c83@group-3765E79AD5F1:LeaderElection17: begin an election at term 1 for -1: [c53771ff-a4da-40bc-be42-f397952cb81e:192.168.34.53:37384, cccfaecc-560c-4f58-9140-53bb7696e889:192.168.34.53:43087, 28f29a4c-baf6-4c40-b523-744acc0a8c83:192.168.34.53:35385], old=null
2019-09-11 02:43:21,770 [cccfaecc-560c-4f58-9140-53bb7696e889@group-3765E79AD5F1:LeaderElection16] INFO  impl.LeaderElection (LeaderElection.java:logAndReturn(56)) - cccfaecc-560c-4f58-9140-53bb7696e889@group-3765E79AD5F1:LeaderElection16: Election PASSED; received 2 response(s) [cccfaecc-560c-4f58-9140-53bb7696e889<-c53771ff-a4da-40bc-be42-f397952cb81e#0:OK-t1, cccfaecc-560c-4f58-9140-53bb7696e889<-28f29a4c-baf6-4c40-b523-744acc0a8c83#0:FAIL-t1] and 0 exception(s); cccfaecc-560c-4f58-9140-53bb7696e889@group-3765E79AD5F1:t1, leader=null, voted=cccfaecc-560c-4f58-9140-53bb7696e889, raftlog=cccfaecc-560c-4f58-9140-53bb7696e889@group-3765E79AD5F1-SegmentedRaftLog:OPENED:c-1,f-1,i0, conf=-1: [c53771ff-a4da-40bc-be42-f397952cb81e:192.168.34.53:37384, cccfaecc-560c-4f58-9140-53bb7696e889:192.168.34.53:43087, 28f29a4c-baf6-4c40-b523-744acc0a8c83:192.168.34.53:35385], old=null
2019-09-11 02:43:21,770 [cccfaecc-560c-4f58-9140-53bb7696e889@group-3765E79AD5F1:LeaderElection16] INFO  impl.RoleInfo (RoleInfo.java:shutdownLeaderElection(134)) - cccfaecc-560c-4f58-9140-53bb7696e889: shutdown LeaderElection
2019-09-11 02:43:21,781 [cccfaecc-560c-4f58-9140-53bb7696e889@group-3765E79AD5F1:LeaderElection16] INFO  impl.RaftServerImpl (RaftServerImpl.java:setRole(174)) - cccfaecc-560c-4f58-9140-53bb7696e889@group-3765E79AD5F1: changes role from CANDIDATE to LEADER at term 1 for changeToLeader
2019-09-11 02:43:21,781 [cccfaecc-560c-4f58-9140-53bb7696e889@group-3765E79AD5F1:LeaderElection16] INFO  impl.RaftServerImpl (ServerState.java:setLeader(253)) - cccfaecc-560c-4f58-9140-53bb7696e889@group-3765E79AD5F1: change Leader from null to cccfaecc-560c-4f58-9140-53bb7696e889 at term 1 for becomeLeader, leader elected after 5225ms
2019-09-11 02:43:21,781 [cccfaecc-560c-4f58-9140-53bb7696e889@group-3765E79AD5F1:LeaderElection16] INFO  server.RaftServerConfigKeys (ConfUtils.java:logGet(43)) - raft.server.staging.catchup.gap = 1000 (default)
2019-09-11 02:43:21,781 [cccfaecc-560c-4f58-9140-53bb7696e889@group-3765E79AD5F1:LeaderElection16] INFO  server.RaftServerConfigKeys (ConfUtils.java:logGet(43)) - raft.server.rpc.sleep.time = 25ms (default)
2019-09-11 02:43:21,782 [cccfaecc-560c-4f58-9140-53bb7696e889@group-3765E79AD5F1:LeaderElection16] INFO  server.RaftServerConfigKeys (ConfUtils.java:logGet(43)) - raft.server.write.element-limit = 4096 (default)
2019-09-11 02:43:21,782 [cccfaecc-560c-4f58-9140-53bb7696e889@group-3765E79AD5F1:LeaderElection16] INFO  server.RaftServerConfigKeys (ConfUtils.java:logGet(43)) - raft.server.watch.timeout = 10s (default)
2019-09-11 02:43:21,782 [cccfaecc-560c-4f58-9140-53bb7696e889@group-3765E79AD5F1:LeaderElection16] INFO  server.RaftServerConfigKeys (ConfUtils.java:logGet(43)) - raft.server.watch.timeout.denomination = 1s (default)
2019-09-11 02:43:21,782 [cccfaecc-560c-4f58-9140-53bb7696e889@group-3765E79AD5F1:LeaderElection16] INFO  server.RaftServerConfigKeys (ConfUtils.java:logGet(43)) - raft.server.watch.element-limit = 65536 (default)
2019-09-11 02:43:21,789 [cccfaecc-560c-4f58-9140-53bb7696e889@group-3765E79AD5F1:LeaderElection16] INFO  server.RaftServerConfigKeys (ConfUtils.java:logGet(43)) - raft.server.log.appender.snapshot.chunk.size.max = 16MB (=16777216) (default)
2019-09-11 02:43:21,789 [cccfaecc-560c-4f58-9140-53bb7696e889@group-3765E79AD5F1:LeaderElection16] INFO  server.RaftServerConfigKeys (ConfUtils.java:logGet(43)) - raft.server.log.appender.buffer.byte-limit = 33554432 (custom)
2019-09-11 02:43:21,789 [cccfaecc-560c-4f58-9140-53bb7696e889@group-3765E79AD5F1:LeaderElection16] INFO  server.RaftServerConfigKeys (ConfUtils.java:logGet(43)) - raft.server.log.appender.buffer.element-limit = 1 (custom)
2019-09-11 02:43:21,789 [cccfaecc-560c-4f58-9140-53bb7696e889@group-3765E79AD5F1:LeaderElection16] INFO  grpc.GrpcConfigKeys$Server (ConfUtils.java:logGet(43)) - raft.grpc.server.leader.outstanding.appends.max = 128 (default)
2019-09-11 02:43:21,790 [cccfaecc-560c-4f58-9140-53bb7696e889@group-3765E79AD5F1:LeaderElection16] INFO  server.RaftServerConfigKeys (ConfUtils.java:logGet(43)) - raft.server.rpc.request.timeout = 3000ms (default)
2019-09-11 02:43:21,790 [cccfaecc-560c-4f58-9140-53bb7696e889@group-3765E79AD5F1:LeaderElection16] INFO  server.RaftServerConfigKeys (ConfUtils.java:logGet(43)) - raft.server.log.appender.install.snapshot.enabled = false (custom)
2019-09-11 02:43:21,790 [cccfaecc-560c-4f58-9140-53bb7696e889@group-3765E79AD5F1:LeaderElection16] INFO  server.RaftServerConfigKeys (ConfUtils.java:logGet(43)) - raft.server.log.appender.snapshot.chunk.size.max = 16MB (=16777216) (default)
2019-09-11 02:43:21,790 [cccfaecc-560c-4f58-9140-53bb7696e889@group-3765E79AD5F1:LeaderElection16] INFO  server.RaftServerConfigKeys (ConfUtils.java:logGet(43)) - raft.server.log.appender.buffer.byte-limit = 33554432 (custom)
2019-09-11 02:43:21,790 [cccfaecc-560c-4f58-9140-53bb7696e889@group-3765E79AD5F1:LeaderElection16] INFO  server.RaftServerConfigKeys (ConfUtils.java:logGet(43)) - raft.server.log.appender.buffer.element-limit = 1 (custom)
2019-09-11 02:43:21,791 [cccfaecc-560c-4f58-9140-53bb7696e889@group-3765E79AD5F1:LeaderElection16] INFO  grpc.GrpcConfigKeys$Server (ConfUtils.java:logGet(43)) - raft.grpc.server.leader.outstanding.appends.max = 128 (default)
2019-09-11 02:43:21,791 [cccfaecc-560c-4f58-9140-53bb7696e889@group-3765E79AD5F1:LeaderElection16] INFO  server.RaftServerConfigKeys (ConfUtils.java:logGet(43)) - raft.server.rpc.request.timeout = 3000ms (default)
2019-09-11 02:43:21,791 [cccfaecc-560c-4f58-9140-53bb7696e889@group-3765E79AD5F1:LeaderElection16] INFO  server.RaftServerConfigKeys (ConfUtils.java:logGet(43)) - raft.server.log.appender.install.snapshot.enabled = false (custom)
2019-09-11 02:43:21,791 [cccfaecc-560c-4f58-9140-53bb7696e889@group-3765E79AD5F1:LeaderElection16] INFO  impl.RoleInfo (RoleInfo.java:updateAndGet(143)) - cccfaecc-560c-4f58-9140-53bb7696e889: start LeaderState
2019-09-11 02:43:21,792 [cccfaecc-560c-4f58-9140-53bb7696e889@group-3765E79AD5F1:LeaderElection16] INFO  segmented.SegmentedRaftLogWorker (SegmentedRaftLogWorker.java:startLogSegment(380)) - cccfaecc-560c-4f58-9140-53bb7696e889@group-3765E79AD5F1-SegmentedRaftLogWorker: Starting segment from index:0
2019-09-11 02:43:21,793 [cccfaecc-560c-4f58-9140-53bb7696e889@group-3765E79AD5F1:LeaderElection16] INFO  impl.RaftServerImpl (ServerState.java:setRaftConf(354)) - cccfaecc-560c-4f58-9140-53bb7696e889@group-3765E79AD5F1: set configuration 0: [c53771ff-a4da-40bc-be42-f397952cb81e:192.168.34.53:37384, cccfaecc-560c-4f58-9140-53bb7696e889:192.168.34.53:43087, 28f29a4c-baf6-4c40-b523-744acc0a8c83:192.168.34.53:35385], old=null at 0
2019-09-11 02:43:21,793 [grpc-default-executor-7] INFO  impl.RaftServerImpl (RaftServerImpl.java:requestVote(758)) - cccfaecc-560c-4f58-9140-53bb7696e889@group-3765E79AD5F1-   LEADER: Withhold vote from candidate 28f29a4c-baf6-4c40-b523-744acc0a8c83 with term 1. State: leader=cccfaecc-560c-4f58-9140-53bb7696e889, term=1, lastRpcElapsed=null
2019-09-11 02:43:21,794 [28f29a4c-baf6-4c40-b523-744acc0a8c83@group-3765E79AD5F1:LeaderElection17] INFO  impl.LeaderElection (LeaderElection.java:logAndReturn(56)) - 28f29a4c-baf6-4c40-b523-744acc0a8c83@group-3765E79AD5F1:LeaderElection17: Election REJECTED; received 2 response(s) [28f29a4c-baf6-4c40-b523-744acc0a8c83<-c53771ff-a4da-40bc-be42-f397952cb81e#0:FAIL-t1, 28f29a4c-baf6-4c40-b523-744acc0a8c83<-cccfaecc-560c-4f58-9140-53bb7696e889#0:FAIL-t1] and 0 exception(s); 28f29a4c-baf6-4c40-b523-744acc0a8c83@group-3765E79AD5F1:t1, leader=null, voted=28f29a4c-baf6-4c40-b523-744acc0a8c83, raftlog=28f29a4c-baf6-4c40-b523-744acc0a8c83@group-3765E79AD5F1-SegmentedRaftLog:OPENED:c-1,f-1,i0, conf=-1: [c53771ff-a4da-40bc-be42-f397952cb81e:192.168.34.53:37384, cccfaecc-560c-4f58-9140-53bb7696e889:192.168.34.53:43087, 28f29a4c-baf6-4c40-b523-744acc0a8c83:192.168.34.53:35385], old=null
2019-09-11 02:43:21,794 [28f29a4c-baf6-4c40-b523-744acc0a8c83@group-3765E79AD5F1:LeaderElection17] INFO  impl.RaftServerImpl (RaftServerImpl.java:setRole(174)) - 28f29a4c-baf6-4c40-b523-744acc0a8c83@group-3765E79AD5F1: changes role from CANDIDATE to FOLLOWER at term 1 for DISCOVERED_A_NEW_TERM
2019-09-11 02:43:21,795 [28f29a4c-baf6-4c40-b523-744acc0a8c83@group-3765E79AD5F1:LeaderElection17] INFO  impl.RoleInfo (RoleInfo.java:shutdownLeaderElection(134)) - 28f29a4c-baf6-4c40-b523-744acc0a8c83: shutdown LeaderElection
2019-09-11 02:43:21,795 [grpc-default-executor-1] INFO  impl.RaftServerImpl (ServerState.java:setLeader(253)) - c53771ff-a4da-40bc-be42-f397952cb81e@group-3765E79AD5F1: change Leader from null to cccfaecc-560c-4f58-9140-53bb7696e889 at term 1 for appendEntries, leader elected after 5236ms
2019-09-11 02:43:21,795 [28f29a4c-baf6-4c40-b523-744acc0a8c83@group-3765E79AD5F1:LeaderElection17] INFO  impl.RoleInfo (RoleInfo.java:updateAndGet(143)) - 28f29a4c-baf6-4c40-b523-744acc0a8c83: start FollowerState
2019-09-11 02:43:21,829 [grpc-default-executor-7] INFO  impl.RaftServerImpl (ServerState.java:setLeader(253)) - 28f29a4c-baf6-4c40-b523-744acc0a8c83@group-3765E79AD5F1: change Leader from null to cccfaecc-560c-4f58-9140-53bb7696e889 at term 1 for appendEntries, leader elected after 5274ms
2019-09-11 02:43:21,831 [grpc-default-executor-1] INFO  impl.RaftServerImpl (ServerState.java:setRaftConf(354)) - c53771ff-a4da-40bc-be42-f397952cb81e@group-3765E79AD5F1: set configuration 0: [c53771ff-a4da-40bc-be42-f397952cb81e:192.168.34.53:37384, cccfaecc-560c-4f58-9140-53bb7696e889:192.168.34.53:43087, 28f29a4c-baf6-4c40-b523-744acc0a8c83:192.168.34.53:35385], old=null at 0
2019-09-11 02:43:21,831 [grpc-default-executor-7] INFO  impl.RaftServerImpl (ServerState.java:setRaftConf(354)) - 28f29a4c-baf6-4c40-b523-744acc0a8c83@group-3765E79AD5F1: set configuration 0: [c53771ff-a4da-40bc-be42-f397952cb81e:192.168.34.53:37384, cccfaecc-560c-4f58-9140-53bb7696e889:192.168.34.53:43087, 28f29a4c-baf6-4c40-b523-744acc0a8c83:192.168.34.53:35385], old=null at 0
2019-09-11 02:43:21,831 [grpc-default-executor-1] INFO  segmented.SegmentedRaftLogWorker (SegmentedRaftLogWorker.java:startLogSegment(380)) - c53771ff-a4da-40bc-be42-f397952cb81e@group-3765E79AD5F1-SegmentedRaftLogWorker: Starting segment from index:0
2019-09-11 02:43:21,832 [grpc-default-executor-7] INFO  segmented.SegmentedRaftLogWorker (SegmentedRaftLogWorker.java:startLogSegment(380)) - 28f29a4c-baf6-4c40-b523-744acc0a8c83@group-3765E79AD5F1-SegmentedRaftLogWorker: Starting segment from index:0
2019-09-11 02:43:21,853 [cccfaecc-560c-4f58-9140-53bb7696e889@group-3765E79AD5F1-SegmentedRaftLogWorker] INFO  segmented.SegmentedRaftLogWorker (SegmentedRaftLogWorker.java:execute(569)) - cccfaecc-560c-4f58-9140-53bb7696e889@group-3765E79AD5F1-SegmentedRaftLogWorker: created new log segment /workdir/hadoop-ozone/integration-test/target/test-dir/MiniOzoneClusterImpl-3465b5d1-a811-46c9-af46-590ec6677b1b/datanode-2/data/ratis/1abba6b7-2161-4608-a071-3765e79ad5f1/current/log_inprogress_0
2019-09-11 02:43:21,866 [28f29a4c-baf6-4c40-b523-744acc0a8c83@group-3765E79AD5F1-SegmentedRaftLogWorker] INFO  segmented.SegmentedRaftLogWorker (SegmentedRaftLogWorker.java:execute(569)) - 28f29a4c-baf6-4c40-b523-744acc0a8c83@group-3765E79AD5F1-SegmentedRaftLogWorker: created new log segment /workdir/hadoop-ozone/integration-test/target/test-dir/MiniOzoneClusterImpl-3465b5d1-a811-46c9-af46-590ec6677b1b/datanode-3/data/ratis/1abba6b7-2161-4608-a071-3765e79ad5f1/current/log_inprogress_0
2019-09-11 02:43:21,869 [c53771ff-a4da-40bc-be42-f397952cb81e@group-3765E79AD5F1-SegmentedRaftLogWorker] INFO  segmented.SegmentedRaftLogWorker (SegmentedRaftLogWorker.java:execute(569)) - c53771ff-a4da-40bc-be42-f397952cb81e@group-3765E79AD5F1-SegmentedRaftLogWorker: created new log segment /workdir/hadoop-ozone/integration-test/target/test-dir/MiniOzoneClusterImpl-3465b5d1-a811-46c9-af46-590ec6677b1b/datanode-6/data/ratis/1abba6b7-2161-4608-a071-3765e79ad5f1/current/log_inprogress_0
2019-09-11 02:43:22,543 [grpc-default-executor-1] INFO  client.GrpcClientProtocolClient (GrpcClientProtocolClient.java:onNext(264)) - client-CD0705DA68A3->cccfaecc-560c-4f58-9140-53bb7696e889: receive RaftClientReply:client-CD0705DA68A3->cccfaecc-560c-4f58-9140-53bb7696e889@group-3765E79AD5F1, cid=244, SUCCESS, logIndex=1, commits[cccfaecc-560c-4f58-9140-53bb7696e889:c1, c53771ff-a4da-40bc-be42-f397952cb81e:c0, 28f29a4c-baf6-4c40-b523-744acc0a8c83:c0]
2019-09-11 02:43:22,583 [grpc-default-executor-1] INFO  client.GrpcClientProtocolClient (GrpcClientProtocolClient.java:onNext(264)) - client-CD0705DA68A3->cccfaecc-560c-4f58-9140-53bb7696e889: receive RaftClientReply:client-CD0705DA68A3->cccfaecc-560c-4f58-9140-53bb7696e889@group-3765E79AD5F1, cid=245, SUCCESS, logIndex=3, commits[cccfaecc-560c-4f58-9140-53bb7696e889:c3, c53771ff-a4da-40bc-be42-f397952cb81e:c1, 28f29a4c-baf6-4c40-b523-744acc0a8c83:c1]
2019-09-11 02:43:22,664 [grpc-default-executor-7] INFO  client.GrpcClientProtocolClient (GrpcClientProtocolClient.java:onNext(264)) - client-CD0705DA68A3->cccfaecc-560c-4f58-9140-53bb7696e889: receive RaftClientReply:client-CD0705DA68A3->cccfaecc-560c-4f58-9140-53bb7696e889@group-3765E79AD5F1, cid=246, SUCCESS, logIndex=4, commits[cccfaecc-560c-4f58-9140-53bb7696e889:c12, c53771ff-a4da-40bc-be42-f397952cb81e:c7, 28f29a4c-baf6-4c40-b523-744acc0a8c83:c7]
2019-09-11 02:43:22,667 [grpc-default-executor-7] INFO  client.GrpcClientProtocolClient (GrpcClientProtocolClient.java:onNext(264)) - client-CD0705DA68A3->cccfaecc-560c-4f58-9140-53bb7696e889: receive RaftClientReply:client-CD0705DA68A3->cccfaecc-560c-4f58-9140-53bb7696e889@group-3765E79AD5F1, cid=247, SUCCESS, logIndex=5, commits[cccfaecc-560c-4f58-9140-53bb7696e889:c12, c53771ff-a4da-40bc-be42-f397952cb81e:c7, 28f29a4c-baf6-4c40-b523-744acc0a8c83:c7]
2019-09-11 02:43:22,667 [grpc-default-executor-7] INFO  client.GrpcClientProtocolClient (GrpcClientProtocolClient.java:onNext(264)) - client-CD0705DA68A3->cccfaecc-560c-4f58-9140-53bb7696e889: receive RaftClientReply:client-CD0705DA68A3->cccfaecc-560c-4f58-9140-53bb7696e889@group-3765E79AD5F1, cid=248, SUCCESS, logIndex=6, commits[cccfaecc-560c-4f58-9140-53bb7696e889:c12, c53771ff-a4da-40bc-be42-f397952cb81e:c7, 28f29a4c-baf6-4c40-b523-744acc0a8c83:c7]
2019-09-11 02:43:22,794 [grpc-default-executor-7] INFO  client.GrpcClientProtocolClient (GrpcClientProtocolClient.java:onNext(264)) - client-CD0705DA68A3->cccfaecc-560c-4f58-9140-53bb7696e889: receive RaftClientReply:client-CD0705DA68A3->cccfaecc-560c-4f58-9140-53bb7696e889@group-3765E79AD5F1, cid=249, SUCCESS, logIndex=7, commits[cccfaecc-560c-4f58-9140-53bb7696e889:c12, c53771ff-a4da-40bc-be42-f397952cb81e:c7, 28f29a4c-baf6-4c40-b523-744acc0a8c83:c7]
]]></system-out>
  </testcase>
</testsuite>