<?xml version="1.0" encoding="UTF-8"?>
<testsuite xmlns:xsi="http://www.w3.org/2001/XMLSchema-instance" xsi:noNamespaceSchemaLocation="https://maven.apache.org/surefire/maven-surefire-plugin/xsd/surefire-test-report.xsd" name="org.apache.hadoop.ozone.client.rpc.TestCloseContainerHandlingByClient" time="59.056" tests="8" errors="6" skipped="1" failures="0">
  <properties>
    <property name="awt.toolkit" value="sun.awt.X11.XToolkit"/>
    <property name="file.encoding.pkg" value="sun.io"/>
    <property name="java.specification.version" value="1.8"/>
    <property name="sun.cpu.isalist" value=""/>
    <property name="sun.jnu.encoding" value="UTF-8"/>
    <property name="java.class.path" value="/workdir/hadoop-ozone/integration-test/target/test-classes:/workdir/hadoop-ozone/integration-test/target/classes:/home/user/.m2/repository/org/apache/hadoop/hadoop-ozone-common/0.5.0-SNAPSHOT/hadoop-ozone-common-0.5.0-SNAPSHOT.jar:/home/user/.m2/repository/org/apache/commons/commons-compress/1.4.1/commons-compress-1.4.1.jar:/home/user/.m2/repository/org/tukaani/xz/1.0/xz-1.0.jar:/home/user/.m2/repository/org/apache/hadoop/hadoop-common/3.2.0/hadoop-common-3.2.0.jar:/home/user/.m2/repository/org/apache/hadoop/hadoop-hdfs/3.2.0/hadoop-hdfs-3.2.0.jar:/home/user/.m2/repository/org/apache/hadoop/hadoop-hdfs-client/3.2.0/hadoop-hdfs-client-3.2.0.jar:/home/user/.m2/repository/com/fasterxml/jackson/core/jackson-annotations/2.9.5/jackson-annotations-2.9.5.jar:/home/user/.m2/repository/org/apache/hadoop/hadoop-hdds-common/0.5.0-SNAPSHOT/hadoop-hdds-common-0.5.0-SNAPSHOT.jar:/home/user/.m2/repository/javax/annotation/javax.annotation-api/1.2/javax.annotation-api-1.2.jar:/home/user/.m2/repository/org/apache/ratis/ratis-server/0.4.0-2337318-SNAPSHOT/ratis-server-0.4.0-2337318-SNAPSHOT.jar:/home/user/.m2/repository/org/apache/ratis/ratis-thirdparty-misc/0.2.0/ratis-thirdparty-misc-0.2.0.jar:/home/user/.m2/repository/org/apache/ratis/ratis-proto/0.4.0-2337318-SNAPSHOT/ratis-proto-0.4.0-2337318-SNAPSHOT.jar:/home/user/.m2/repository/org/apache/ratis/ratis-common/0.4.0-2337318-SNAPSHOT/ratis-common-0.4.0-2337318-SNAPSHOT.jar:/home/user/.m2/repository/org/apache/ratis/ratis-client/0.4.0-2337318-SNAPSHOT/ratis-client-0.4.0-2337318-SNAPSHOT.jar:/home/user/.m2/repository/org/apache/ratis/ratis-metrics/0.4.0-2337318-SNAPSHOT/ratis-metrics-0.4.0-2337318-SNAPSHOT.jar:/home/user/.m2/repository/org/apache/ratis/ratis-netty/0.4.0-2337318-SNAPSHOT/ratis-netty-0.4.0-2337318-SNAPSHOT.jar:/home/user/.m2/repository/org/apache/ratis/ratis-grpc/0.4.0-2337318-SNAPSHOT/ratis-grpc-0.4.0-2337318-SNAPSHOT.jar:/home/user/.m2/repository/org/rocksdb/rocksdbjni/6.0.1/rocksdbjni-6.0.1.jar:/home/user/.m2/repository/org/apache/logging/log4j/log4j-api/2.11.0/log4j-api-2.11.0.jar:/home/user/.m2/repository/org/apache/logging/log4j/log4j-core/2.11.0/log4j-core-2.11.0.jar:/home/user/.m2/repository/com/lmax/disruptor/3.4.2/disruptor-3.4.2.jar:/home/user/.m2/repository/org/apache/commons/commons-pool2/2.6.0/commons-pool2-2.6.0.jar:/home/user/.m2/repository/org/bouncycastle/bcpkix-jdk15on/1.60/bcpkix-jdk15on-1.60.jar:/home/user/.m2/repository/commons-validator/commons-validator/1.6/commons-validator-1.6.jar:/home/user/.m2/repository/commons-digester/commons-digester/1.8.1/commons-digester-1.8.1.jar:/home/user/.m2/repository/io/jaegertracing/jaeger-client/0.33.1/jaeger-client-0.33.1.jar:/home/user/.m2/repository/io/jaegertracing/jaeger-thrift/0.33.1/jaeger-thrift-0.33.1.jar:/home/user/.m2/repository/org/apache/thrift/libthrift/0.11.0/libthrift-0.11.0.jar:/home/user/.m2/repository/com/squareup/okhttp3/okhttp/3.9.0/okhttp-3.9.0.jar:/home/user/.m2/repository/com/squareup/okio/okio/1.13.0/okio-1.13.0.jar:/home/user/.m2/repository/io/jaegertracing/jaeger-core/0.33.1/jaeger-core-0.33.1.jar:/home/user/.m2/repository/io/jaegertracing/jaeger-tracerresolver/0.33.1/jaeger-tracerresolver-0.33.1.jar:/home/user/.m2/repository/io/opentracing/contrib/opentracing-tracerresolver/0.1.5/opentracing-tracerresolver-0.1.5.jar:/home/user/.m2/repository/io/opentracing/opentracing-util/0.31.0/opentracing-util-0.31.0.jar:/home/user/.m2/repository/io/opentracing/opentracing-api/0.31.0/opentracing-api-0.31.0.jar:/home/user/.m2/repository/io/opentracing/opentracing-noop/0.31.0/opentracing-noop-0.31.0.jar:/home/user/.m2/repository/org/apache/hadoop/hadoop-hdds-server-framework/0.5.0-SNAPSHOT/hadoop-hdds-server-framework-0.5.0-SNAPSHOT.jar:/home/user/.m2/repository/org/apache/hadoop/hadoop-hdds-container-service/0.5.0-SNAPSHOT/hadoop-hdds-container-service-0.5.0-SNAPSHOT.jar:/home/user/.m2/repository/org/apache/hadoop/hadoop-hdds-client/0.5.0-SNAPSHOT/hadoop-hdds-client-0.5.0-SNAPSHOT.jar:/home/user/.m2/repository/org/apache/hadoop/hadoop-hdds-tools/0.5.0-SNAPSHOT/hadoop-hdds-tools-0.5.0-SNAPSHOT.jar:/home/user/.m2/repository/org/apache/hadoop/hadoop-hdds-server-scm/0.5.0-SNAPSHOT/hadoop-hdds-server-scm-0.5.0-SNAPSHOT.jar:/home/user/.m2/repository/org/apache/hadoop/hadoop-hdds-docs/0.5.0-SNAPSHOT/hadoop-hdds-docs-0.5.0-SNAPSHOT.jar:/home/user/.m2/repository/io/dropwizard/metrics/metrics-core/3.2.4/metrics-core-3.2.4.jar:/home/user/.m2/repository/org/hamcrest/hamcrest-all/1.3/hamcrest-all-1.3.jar:/home/user/.m2/repository/org/bouncycastle/bcprov-jdk15on/1.60/bcprov-jdk15on-1.60.jar:/home/user/.m2/repository/info/picocli/picocli/3.9.6/picocli-3.9.6.jar:/home/user/.m2/repository/com/google/protobuf/protobuf-java/2.5.0/protobuf-java-2.5.0.jar:/home/user/.m2/repository/com/google/guava/guava/11.0.2/guava-11.0.2.jar:/home/user/.m2/repository/org/apache/hadoop/hadoop-ozone-ozone-manager/0.5.0-SNAPSHOT/hadoop-ozone-ozone-manager-0.5.0-SNAPSHOT.jar:/home/user/.m2/repository/org/apache/hadoop/hadoop-minikdc/3.2.0/hadoop-minikdc-3.2.0.jar:/home/user/.m2/repository/commons-io/commons-io/2.5/commons-io-2.5.jar:/home/user/.m2/repository/org/apache/kerby/kerb-simplekdc/1.0.1/kerb-simplekdc-1.0.1.jar:/home/user/.m2/repository/org/apache/kerby/kerb-client/1.0.1/kerb-client-1.0.1.jar:/home/user/.m2/repository/org/apache/kerby/kerby-config/1.0.1/kerby-config-1.0.1.jar:/home/user/.m2/repository/org/apache/kerby/kerb-core/1.0.1/kerb-core-1.0.1.jar:/home/user/.m2/repository/org/apache/kerby/kerby-pkix/1.0.1/kerby-pkix-1.0.1.jar:/home/user/.m2/repository/org/apache/kerby/kerby-asn1/1.0.1/kerby-asn1-1.0.1.jar:/home/user/.m2/repository/org/apache/kerby/kerby-util/1.0.1/kerby-util-1.0.1.jar:/home/user/.m2/repository/org/apache/kerby/kerb-common/1.0.1/kerb-common-1.0.1.jar:/home/user/.m2/repository/org/apache/kerby/kerb-crypto/1.0.1/kerb-crypto-1.0.1.jar:/home/user/.m2/repository/org/apache/kerby/kerb-util/1.0.1/kerb-util-1.0.1.jar:/home/user/.m2/repository/org/apache/kerby/token-provider/1.0.1/token-provider-1.0.1.jar:/home/user/.m2/repository/org/apache/kerby/kerb-admin/1.0.1/kerb-admin-1.0.1.jar:/home/user/.m2/repository/org/apache/kerby/kerb-server/1.0.1/kerb-server-1.0.1.jar:/home/user/.m2/repository/org/apache/kerby/kerb-identity/1.0.1/kerb-identity-1.0.1.jar:/home/user/.m2/repository/org/apache/kerby/kerby-xdr/1.0.1/kerby-xdr-1.0.1.jar:/home/user/.m2/repository/org/slf4j/slf4j-log4j12/1.7.25/slf4j-log4j12-1.7.25.jar:/home/user/.m2/repository/org/apache/hadoop/hadoop-ozone-objectstore-service/0.5.0-SNAPSHOT/hadoop-ozone-objectstore-service-0.5.0-SNAPSHOT.jar:/home/user/.m2/repository/org/apache/hadoop/hadoop-ozone-s3gateway/0.5.0-SNAPSHOT/hadoop-ozone-s3gateway-0.5.0-SNAPSHOT.jar:/home/user/.m2/repository/org/jboss/weld/servlet/weld-servlet/2.4.7.Final/weld-servlet-2.4.7.Final.jar:/home/user/.m2/repository/org/glassfish/jersey/containers/jersey-container-servlet-core/2.27/jersey-container-servlet-core-2.27.jar:/home/user/.m2/repository/org/glassfish/hk2/external/javax.inject/2.5.0-b42/javax.inject-2.5.0-b42.jar:/home/user/.m2/repository/org/glassfish/jersey/core/jersey-common/2.27/jersey-common-2.27.jar:/home/user/.m2/repository/org/glassfish/hk2/osgi-resource-locator/1.0.1/osgi-resource-locator-1.0.1.jar:/home/user/.m2/repository/javax/ws/rs/javax.ws.rs-api/2.1/javax.ws.rs-api-2.1.jar:/home/user/.m2/repository/org/glassfish/jersey/ext/cdi/jersey-cdi1x/2.27/jersey-cdi1x-2.27.jar:/home/user/.m2/repository/org/glassfish/jersey/inject/jersey-hk2/2.27/jersey-hk2-2.27.jar:/home/user/.m2/repository/org/glassfish/hk2/hk2-locator/2.5.0-b42/hk2-locator-2.5.0-b42.jar:/home/user/.m2/repository/org/javassist/javassist/3.22.0-CR2/javassist-3.22.0-CR2.jar:/home/user/.m2/repository/org/glassfish/hk2/hk2-api/2.5.0/hk2-api-2.5.0.jar:/home/user/.m2/repository/org/glassfish/hk2/external/jakarta.inject/2.5.0/jakarta.inject-2.5.0.jar:/home/user/.m2/repository/org/glassfish/hk2/hk2-utils/2.5.0/hk2-utils-2.5.0.jar:/home/user/.m2/repository/jakarta/annotation/jakarta.annotation-api/1.3.4/jakarta.annotation-api-1.3.4.jar:/home/user/.m2/repository/org/glassfish/hk2/external/aopalliance-repackaged/2.5.0/aopalliance-repackaged-2.5.0.jar:/home/user/.m2/repository/com/fasterxml/jackson/dataformat/jackson-dataformat-xml/2.9.0/jackson-dataformat-xml-2.9.0.jar:/home/user/.m2/repository/com/fasterxml/jackson/core/jackson-core/2.9.5/jackson-core-2.9.5.jar:/home/user/.m2/repository/com/fasterxml/jackson/module/jackson-module-jaxb-annotations/2.9.5/jackson-module-jaxb-annotations-2.9.5.jar:/home/user/.m2/repository/javax/enterprise/cdi-api/1.2/cdi-api-1.2.jar:/home/user/.m2/repository/javax/el/javax.el-api/3.0.0/javax.el-api-3.0.0.jar:/home/user/.m2/repository/javax/interceptor/javax.interceptor-api/1.2/javax.interceptor-api-1.2.jar:/home/user/.m2/repository/javax/inject/javax.inject/1/javax.inject-1.jar:/home/user/.m2/repository/com/sun/xml/bind/jaxb-impl/2.3.0.1/jaxb-impl-2.3.0.1.jar:/home/user/.m2/repository/com/sun/xml/bind/jaxb-core/2.3.0.1/jaxb-core-2.3.0.1.jar:/home/user/.m2/repository/javax/xml/bind/jaxb-api/2.3.0/jaxb-api-2.3.0.jar:/home/user/.m2/repository/javax/activation/activation/1.1.1/activation-1.1.1.jar:/home/user/.m2/repository/org/apache/hadoop/hadoop-ozone-csi/0.5.0-SNAPSHOT/hadoop-ozone-csi-0.5.0-SNAPSHOT.jar:/home/user/.m2/repository/com/google/protobuf/protobuf-java-util/3.5.1/protobuf-java-util-3.5.1.jar:/home/user/.m2/repository/org/apache/hadoop/hadoop-hdds-config/0.5.0-SNAPSHOT/hadoop-hdds-config-0.5.0-SNAPSHOT.jar:/home/user/.m2/repository/io/grpc/grpc-netty/1.17.1/grpc-netty-1.17.1.jar:/home/user/.m2/repository/io/grpc/grpc-core/1.17.1/grpc-core-1.17.1.jar:/home/user/.m2/repository/io/grpc/grpc-context/1.17.1/grpc-context-1.17.1.jar:/home/user/.m2/repository/com/google/errorprone/error_prone_annotations/2.2.0/error_prone_annotations-2.2.0.jar:/home/user/.m2/repository/org/codehaus/mojo/animal-sniffer-annotations/1.17/animal-sniffer-annotations-1.17.jar:/home/user/.m2/repository/io/opencensus/opencensus-api/0.17.0/opencensus-api-0.17.0.jar:/home/user/.m2/repository/io/opencensus/opencensus-contrib-grpc-metrics/0.17.0/opencensus-contrib-grpc-metrics-0.17.0.jar:/home/user/.m2/repository/io/netty/netty-codec-http2/4.1.30.Final/netty-codec-http2-4.1.30.Final.jar:/home/user/.m2/repository/io/netty/netty-codec-http/4.1.30.Final/netty-codec-http-4.1.30.Final.jar:/home/user/.m2/repository/io/netty/netty-codec/4.1.30.Final/netty-codec-4.1.30.Final.jar:/home/user/.m2/repository/io/netty/netty-handler/4.1.30.Final/netty-handler-4.1.30.Final.jar:/home/user/.m2/repository/io/netty/netty-handler-proxy/4.1.30.Final/netty-handler-proxy-4.1.30.Final.jar:/home/user/.m2/repository/io/netty/netty-codec-socks/4.1.30.Final/netty-codec-socks-4.1.30.Final.jar:/home/user/.m2/repository/io/netty/netty-transport-native-epoll/4.1.30.Final/netty-transport-native-epoll-4.1.30.Final.jar:/home/user/.m2/repository/io/netty/netty-common/4.1.30.Final/netty-common-4.1.30.Final.jar:/home/user/.m2/repository/io/netty/netty-buffer/4.1.30.Final/netty-buffer-4.1.30.Final.jar:/home/user/.m2/repository/io/netty/netty-transport/4.1.30.Final/netty-transport-4.1.30.Final.jar:/home/user/.m2/repository/io/netty/netty-resolver/4.1.30.Final/netty-resolver-4.1.30.Final.jar:/home/user/.m2/repository/io/netty/netty-transport-native-unix-common/4.1.30.Final/netty-transport-native-unix-common-4.1.30.Final.jar:/home/user/.m2/repository/io/grpc/grpc-protobuf/1.17.1/grpc-protobuf-1.17.1.jar:/home/user/.m2/repository/com/google/api/grpc/proto-google-common-protos/1.0.0/proto-google-common-protos-1.0.0.jar:/home/user/.m2/repository/io/grpc/grpc-protobuf-lite/1.17.1/grpc-protobuf-lite-1.17.1.jar:/home/user/.m2/repository/io/grpc/grpc-stub/1.17.1/grpc-stub-1.17.1.jar:/home/user/.m2/repository/org/apache/hadoop/hadoop-ozone-recon/0.5.0-SNAPSHOT/hadoop-ozone-recon-0.5.0-SNAPSHOT.jar:/home/user/.m2/repository/org/apache/hadoop/hadoop-ozone-reconcodegen/0.5.0-SNAPSHOT/hadoop-ozone-reconcodegen-0.5.0-SNAPSHOT.jar:/home/user/.m2/repository/com/google/inject/extensions/guice-multibindings/4.0/guice-multibindings-4.0.jar:/home/user/.m2/repository/com/google/inject/guice/4.0/guice-4.0.jar:/home/user/.m2/repository/aopalliance/aopalliance/1.0/aopalliance-1.0.jar:/home/user/.m2/repository/com/google/inject/extensions/guice-servlet/4.0/guice-servlet-4.0.jar:/home/user/.m2/repository/org/glassfish/jersey/containers/jersey-container-servlet/2.27/jersey-container-servlet-2.27.jar:/home/user/.m2/repository/org/glassfish/hk2/guice-bridge/2.5.0/guice-bridge-2.5.0.jar:/home/user/.m2/repository/org/glassfish/jersey/core/jersey-server/2.27/jersey-server-2.27.jar:/home/user/.m2/repository/org/glassfish/jersey/core/jersey-client/2.27/jersey-client-2.27.jar:/home/user/.m2/repository/org/glassfish/jersey/media/jersey-media-jaxb/2.27/jersey-media-jaxb-2.27.jar:/home/user/.m2/repository/javax/validation/validation-api/1.1.0.Final/validation-api-1.1.0.Final.jar:/home/user/.m2/repository/org/glassfish/jersey/media/jersey-media-json-jackson/2.27/jersey-media-json-jackson-2.27.jar:/home/user/.m2/repository/org/glassfish/jersey/ext/jersey-entity-filtering/2.27/jersey-entity-filtering-2.27.jar:/home/user/.m2/repository/com/google/inject/extensions/guice-assistedinject/4.0/guice-assistedinject-4.0.jar:/home/user/.m2/repository/org/jooq/jooq/3.11.10/jooq-3.11.10.jar:/home/user/.m2/repository/org/jooq/jooq-meta/3.11.10/jooq-meta-3.11.10.jar:/home/user/.m2/repository/org/jooq/jooq-codegen/3.11.10/jooq-codegen-3.11.10.jar:/home/user/.m2/repository/com/jolbox/bonecp/0.8.0.RELEASE/bonecp-0.8.0.RELEASE.jar:/home/user/.m2/repository/org/xerial/sqlite-jdbc/3.25.2/sqlite-jdbc-3.25.2.jar:/home/user/.m2/repository/org/springframework/spring-jdbc/5.1.3.RELEASE/spring-jdbc-5.1.3.RELEASE.jar:/home/user/.m2/repository/org/springframework/spring-beans/5.1.3.RELEASE/spring-beans-5.1.3.RELEASE.jar:/home/user/.m2/repository/org/springframework/spring-core/5.1.3.RELEASE/spring-core-5.1.3.RELEASE.jar:/home/user/.m2/repository/org/springframework/spring-jcl/5.1.3.RELEASE/spring-jcl-5.1.3.RELEASE.jar:/home/user/.m2/repository/org/springframework/spring-tx/5.1.3.RELEASE/spring-tx-5.1.3.RELEASE.jar:/home/user/.m2/repository/org/apache/hadoop/hadoop-ozone-client/0.5.0-SNAPSHOT/hadoop-ozone-client-0.5.0-SNAPSHOT.jar:/home/user/.m2/repository/commons-lang/commons-lang/2.6/commons-lang-2.6.jar:/home/user/.m2/repository/org/apache/hadoop/hadoop-ozone-ozone-manager/0.5.0-SNAPSHOT/hadoop-ozone-ozone-manager-0.5.0-SNAPSHOT-tests.jar:/home/user/.m2/repository/junit/junit/4.11/junit-4.11.jar:/home/user/.m2/repository/org/hamcrest/hamcrest-core/1.3/hamcrest-core-1.3.jar:/home/user/.m2/repository/org/openjdk/jmh/jmh-core/1.19/jmh-core-1.19.jar:/home/user/.m2/repository/net/sf/jopt-simple/jopt-simple/4.6/jopt-simple-4.6.jar:/home/user/.m2/repository/org/apache/commons/commons-math3/3.1.1/commons-math3-3.1.1.jar:/home/user/.m2/repository/org/openjdk/jmh/jmh-generator-annprocess/1.19/jmh-generator-annprocess-1.19.jar:/home/user/.m2/repository/org/mockito/mockito-all/1.8.5/mockito-all-1.8.5.jar:/home/user/.m2/repository/org/apache/hadoop/hadoop-kms/3.2.0/hadoop-kms-3.2.0.jar:/home/user/.m2/repository/org/apache/hadoop/hadoop-auth/3.2.0/hadoop-auth-3.2.0.jar:/home/user/.m2/repository/com/nimbusds/nimbus-jose-jwt/4.41.1/nimbus-jose-jwt-4.41.1.jar:/home/user/.m2/repository/com/github/stephenc/jcip/jcip-annotations/1.0-1/jcip-annotations-1.0-1.jar:/home/user/.m2/repository/net/minidev/json-smart/2.3/json-smart-2.3.jar:/home/user/.m2/repository/net/minidev/accessors-smart/1.2/accessors-smart-1.2.jar:/home/user/.m2/repository/org/ow2/asm/asm/5.0.4/asm-5.0.4.jar:/home/user/.m2/repository/org/apache/curator/curator-framework/2.12.0/curator-framework-2.12.0.jar:/home/user/.m2/repository/com/sun/jersey/jersey-core/1.19/jersey-core-1.19.jar:/home/user/.m2/repository/javax/ws/rs/jsr311-api/1.1.1/jsr311-api-1.1.1.jar:/home/user/.m2/repository/com/sun/jersey/jersey-server/1.19/jersey-server-1.19.jar:/home/user/.m2/repository/javax/servlet/javax.servlet-api/3.1.0/javax.servlet-api-3.1.0.jar:/home/user/.m2/repository/org/eclipse/jetty/jetty-server/9.3.24.v20180605/jetty-server-9.3.24.v20180605.jar:/home/user/.m2/repository/org/eclipse/jetty/jetty-http/9.3.24.v20180605/jetty-http-9.3.24.v20180605.jar:/home/user/.m2/repository/org/eclipse/jetty/jetty-io/9.3.24.v20180605/jetty-io-9.3.24.v20180605.jar:/home/user/.m2/repository/org/eclipse/jetty/jetty-webapp/9.3.24.v20180605/jetty-webapp-9.3.24.v20180605.jar:/home/user/.m2/repository/org/eclipse/jetty/jetty-xml/9.3.24.v20180605/jetty-xml-9.3.24.v20180605.jar:/home/user/.m2/repository/log4j/log4j/1.2.17/log4j-1.2.17.jar:/home/user/.m2/repository/org/slf4j/slf4j-api/1.7.25/slf4j-api-1.7.25.jar:/home/user/.m2/repository/org/slf4j/jul-to-slf4j/1.7.25/jul-to-slf4j-1.7.25.jar:/home/user/.m2/repository/org/eclipse/jetty/jetty-util/9.3.24.v20180605/jetty-util-9.3.24.v20180605.jar:/home/user/.m2/repository/com/fasterxml/jackson/core/jackson-databind/2.9.5/jackson-databind-2.9.5.jar:/home/user/.m2/repository/org/apache/hadoop/hadoop-kms/3.2.0/hadoop-kms-3.2.0-tests.jar:/home/user/.m2/repository/org/apache/hadoop/hadoop-hdds-server-scm/0.5.0-SNAPSHOT/hadoop-hdds-server-scm-0.5.0-SNAPSHOT-tests.jar:/home/user/.m2/repository/org/apache/hadoop/hadoop-hdds-container-service/0.5.0-SNAPSHOT/hadoop-hdds-container-service-0.5.0-SNAPSHOT-tests.jar:/home/user/.m2/repository/org/yaml/snakeyaml/1.16/snakeyaml-1.16.jar:/home/user/.m2/repository/org/apache/hadoop/hadoop-common/3.2.0/hadoop-common-3.2.0-tests.jar:/home/user/.m2/repository/org/apache/hadoop/hadoop-annotations/3.2.0/hadoop-annotations-3.2.0.jar:/usr/lib/jvm/java-1.8-openjdk/jre/../lib/tools.jar:/home/user/.m2/repository/commons-cli/commons-cli/1.2/commons-cli-1.2.jar:/home/user/.m2/repository/org/apache/httpcomponents/httpclient/4.5.2/httpclient-4.5.2.jar:/home/user/.m2/repository/org/apache/httpcomponents/httpcore/4.4.4/httpcore-4.4.4.jar:/home/user/.m2/repository/commons-codec/commons-codec/1.11/commons-codec-1.11.jar:/home/user/.m2/repository/commons-net/commons-net/3.6/commons-net-3.6.jar:/home/user/.m2/repository/commons-collections/commons-collections/3.2.2/commons-collections-3.2.2.jar:/home/user/.m2/repository/org/eclipse/jetty/jetty-servlet/9.3.24.v20180605/jetty-servlet-9.3.24.v20180605.jar:/home/user/.m2/repository/org/eclipse/jetty/jetty-security/9.3.24.v20180605/jetty-security-9.3.24.v20180605.jar:/home/user/.m2/repository/javax/servlet/jsp/jsp-api/2.1/jsp-api-2.1.jar:/home/user/.m2/repository/com/sun/jersey/jersey-servlet/1.19/jersey-servlet-1.19.jar:/home/user/.m2/repository/com/sun/jersey/jersey-json/1.19/jersey-json-1.19.jar:/home/user/.m2/repository/org/codehaus/jettison/jettison/1.1/jettison-1.1.jar:/home/user/.m2/repository/org/codehaus/jackson/jackson-core-asl/1.9.13/jackson-core-asl-1.9.13.jar:/home/user/.m2/repository/org/codehaus/jackson/jackson-mapper-asl/1.9.13/jackson-mapper-asl-1.9.13.jar:/home/user/.m2/repository/org/codehaus/jackson/jackson-jaxrs/1.9.13/jackson-jaxrs-1.9.13.jar:/home/user/.m2/repository/org/codehaus/jackson/jackson-xc/1.9.13/jackson-xc-1.9.13.jar:/home/user/.m2/repository/commons-logging/commons-logging/1.1.3/commons-logging-1.1.3.jar:/home/user/.m2/repository/commons-beanutils/commons-beanutils/1.9.3/commons-beanutils-1.9.3.jar:/home/user/.m2/repository/org/apache/commons/commons-configuration2/2.1.1/commons-configuration2-2.1.1.jar:/home/user/.m2/repository/org/apache/commons/commons-lang3/3.7/commons-lang3-3.7.jar:/home/user/.m2/repository/org/apache/commons/commons-text/1.4/commons-text-1.4.jar:/home/user/.m2/repository/org/apache/avro/avro/1.7.7/avro-1.7.7.jar:/home/user/.m2/repository/com/thoughtworks/paranamer/paranamer/2.3/paranamer-2.3.jar:/home/user/.m2/repository/org/xerial/snappy/snappy-java/1.0.5/snappy-java-1.0.5.jar:/home/user/.m2/repository/com/google/re2j/re2j/1.1/re2j-1.1.jar:/home/user/.m2/repository/com/google/code/gson/gson/2.2.4/gson-2.2.4.jar:/home/user/.m2/repository/com/jcraft/jsch/0.1.54/jsch-0.1.54.jar:/home/user/.m2/repository/org/apache/curator/curator-client/2.12.0/curator-client-2.12.0.jar:/home/user/.m2/repository/org/apache/curator/curator-recipes/2.12.0/curator-recipes-2.12.0.jar:/home/user/.m2/repository/com/google/code/findbugs/jsr305/3.0.0/jsr305-3.0.0.jar:/home/user/.m2/repository/org/apache/htrace/htrace-core4/4.1.0-incubating/htrace-core4-4.1.0-incubating.jar:/home/user/.m2/repository/org/apache/zookeeper/zookeeper/3.4.13/zookeeper-3.4.13.jar:/home/user/.m2/repository/org/apache/yetus/audience-annotations/0.5.0/audience-annotations-0.5.0.jar:/home/user/.m2/repository/org/codehaus/woodstox/stax2-api/3.1.4/stax2-api-3.1.4.jar:/home/user/.m2/repository/com/fasterxml/woodstox/woodstox-core/5.0.3/woodstox-core-5.0.3.jar:/home/user/.m2/repository/dnsjava/dnsjava/2.1.7/dnsjava-2.1.7.jar:/home/user/.m2/repository/org/apache/hadoop/hadoop-hdfs/3.2.0/hadoop-hdfs-3.2.0-tests.jar:/home/user/.m2/repository/org/eclipse/jetty/jetty-util-ajax/9.3.24.v20180605/jetty-util-ajax-9.3.24.v20180605.jar:/home/user/.m2/repository/commons-daemon/commons-daemon/1.0.13/commons-daemon-1.0.13.jar:/home/user/.m2/repository/io/netty/netty/3.10.5.Final/netty-3.10.5.Final.jar:/home/user/.m2/repository/io/netty/netty-all/4.0.52.Final/netty-all-4.0.52.Final.jar:/home/user/.m2/repository/org/fusesource/leveldbjni/leveldbjni-all/1.8/leveldbjni-all-1.8.jar:"/>
    <property name="java.vm.vendor" value="IcedTea"/>
    <property name="sun.arch.data.model" value="64"/>
    <property name="test.build.dir" value="/workdir/hadoop-ozone/integration-test/target/test-dir"/>
    <property name="test.cache.data" value=""/>
    <property name="java.vendor.url" value="https://icedtea.classpath.org"/>
    <property name="user.timezone" value=""/>
    <property name="java.vm.specification.version" value="1.8"/>
    <property name="os.name" value="Linux"/>
    <property name="test.build.data" value="/workdir/hadoop-ozone/integration-test/target/test-dir"/>
    <property name="user.country" value="US"/>
    <property name="sun.java.launcher" value="SUN_STANDARD"/>
    <property name="sun.boot.library.path" value="/usr/lib/jvm/java-1.8-openjdk/jre/lib/amd64"/>
    <property name="sun.java.command" value="/workdir/hadoop-ozone/integration-test/target/surefire/surefirebooter8046152802429344894.jar /workdir/hadoop-ozone/integration-test/target/surefire 2019-07-14T10-10-37_756-jvmRun1 surefire6032135370995413338tmp surefire_495961370688982036770tmp"/>
    <property name="surefire.test.class.path" value="/workdir/hadoop-ozone/integration-test/target/test-classes:/workdir/hadoop-ozone/integration-test/target/classes:/home/user/.m2/repository/org/apache/hadoop/hadoop-ozone-common/0.5.0-SNAPSHOT/hadoop-ozone-common-0.5.0-SNAPSHOT.jar:/home/user/.m2/repository/org/apache/commons/commons-compress/1.4.1/commons-compress-1.4.1.jar:/home/user/.m2/repository/org/tukaani/xz/1.0/xz-1.0.jar:/home/user/.m2/repository/org/apache/hadoop/hadoop-common/3.2.0/hadoop-common-3.2.0.jar:/home/user/.m2/repository/org/apache/hadoop/hadoop-hdfs/3.2.0/hadoop-hdfs-3.2.0.jar:/home/user/.m2/repository/org/apache/hadoop/hadoop-hdfs-client/3.2.0/hadoop-hdfs-client-3.2.0.jar:/home/user/.m2/repository/com/fasterxml/jackson/core/jackson-annotations/2.9.5/jackson-annotations-2.9.5.jar:/home/user/.m2/repository/org/apache/hadoop/hadoop-hdds-common/0.5.0-SNAPSHOT/hadoop-hdds-common-0.5.0-SNAPSHOT.jar:/home/user/.m2/repository/javax/annotation/javax.annotation-api/1.2/javax.annotation-api-1.2.jar:/home/user/.m2/repository/org/apache/ratis/ratis-server/0.4.0-2337318-SNAPSHOT/ratis-server-0.4.0-2337318-SNAPSHOT.jar:/home/user/.m2/repository/org/apache/ratis/ratis-thirdparty-misc/0.2.0/ratis-thirdparty-misc-0.2.0.jar:/home/user/.m2/repository/org/apache/ratis/ratis-proto/0.4.0-2337318-SNAPSHOT/ratis-proto-0.4.0-2337318-SNAPSHOT.jar:/home/user/.m2/repository/org/apache/ratis/ratis-common/0.4.0-2337318-SNAPSHOT/ratis-common-0.4.0-2337318-SNAPSHOT.jar:/home/user/.m2/repository/org/apache/ratis/ratis-client/0.4.0-2337318-SNAPSHOT/ratis-client-0.4.0-2337318-SNAPSHOT.jar:/home/user/.m2/repository/org/apache/ratis/ratis-metrics/0.4.0-2337318-SNAPSHOT/ratis-metrics-0.4.0-2337318-SNAPSHOT.jar:/home/user/.m2/repository/org/apache/ratis/ratis-netty/0.4.0-2337318-SNAPSHOT/ratis-netty-0.4.0-2337318-SNAPSHOT.jar:/home/user/.m2/repository/org/apache/ratis/ratis-grpc/0.4.0-2337318-SNAPSHOT/ratis-grpc-0.4.0-2337318-SNAPSHOT.jar:/home/user/.m2/repository/org/rocksdb/rocksdbjni/6.0.1/rocksdbjni-6.0.1.jar:/home/user/.m2/repository/org/apache/logging/log4j/log4j-api/2.11.0/log4j-api-2.11.0.jar:/home/user/.m2/repository/org/apache/logging/log4j/log4j-core/2.11.0/log4j-core-2.11.0.jar:/home/user/.m2/repository/com/lmax/disruptor/3.4.2/disruptor-3.4.2.jar:/home/user/.m2/repository/org/apache/commons/commons-pool2/2.6.0/commons-pool2-2.6.0.jar:/home/user/.m2/repository/org/bouncycastle/bcpkix-jdk15on/1.60/bcpkix-jdk15on-1.60.jar:/home/user/.m2/repository/commons-validator/commons-validator/1.6/commons-validator-1.6.jar:/home/user/.m2/repository/commons-digester/commons-digester/1.8.1/commons-digester-1.8.1.jar:/home/user/.m2/repository/io/jaegertracing/jaeger-client/0.33.1/jaeger-client-0.33.1.jar:/home/user/.m2/repository/io/jaegertracing/jaeger-thrift/0.33.1/jaeger-thrift-0.33.1.jar:/home/user/.m2/repository/org/apache/thrift/libthrift/0.11.0/libthrift-0.11.0.jar:/home/user/.m2/repository/com/squareup/okhttp3/okhttp/3.9.0/okhttp-3.9.0.jar:/home/user/.m2/repository/com/squareup/okio/okio/1.13.0/okio-1.13.0.jar:/home/user/.m2/repository/io/jaegertracing/jaeger-core/0.33.1/jaeger-core-0.33.1.jar:/home/user/.m2/repository/io/jaegertracing/jaeger-tracerresolver/0.33.1/jaeger-tracerresolver-0.33.1.jar:/home/user/.m2/repository/io/opentracing/contrib/opentracing-tracerresolver/0.1.5/opentracing-tracerresolver-0.1.5.jar:/home/user/.m2/repository/io/opentracing/opentracing-util/0.31.0/opentracing-util-0.31.0.jar:/home/user/.m2/repository/io/opentracing/opentracing-api/0.31.0/opentracing-api-0.31.0.jar:/home/user/.m2/repository/io/opentracing/opentracing-noop/0.31.0/opentracing-noop-0.31.0.jar:/home/user/.m2/repository/org/apache/hadoop/hadoop-hdds-server-framework/0.5.0-SNAPSHOT/hadoop-hdds-server-framework-0.5.0-SNAPSHOT.jar:/home/user/.m2/repository/org/apache/hadoop/hadoop-hdds-container-service/0.5.0-SNAPSHOT/hadoop-hdds-container-service-0.5.0-SNAPSHOT.jar:/home/user/.m2/repository/org/apache/hadoop/hadoop-hdds-client/0.5.0-SNAPSHOT/hadoop-hdds-client-0.5.0-SNAPSHOT.jar:/home/user/.m2/repository/org/apache/hadoop/hadoop-hdds-tools/0.5.0-SNAPSHOT/hadoop-hdds-tools-0.5.0-SNAPSHOT.jar:/home/user/.m2/repository/org/apache/hadoop/hadoop-hdds-server-scm/0.5.0-SNAPSHOT/hadoop-hdds-server-scm-0.5.0-SNAPSHOT.jar:/home/user/.m2/repository/org/apache/hadoop/hadoop-hdds-docs/0.5.0-SNAPSHOT/hadoop-hdds-docs-0.5.0-SNAPSHOT.jar:/home/user/.m2/repository/io/dropwizard/metrics/metrics-core/3.2.4/metrics-core-3.2.4.jar:/home/user/.m2/repository/org/hamcrest/hamcrest-all/1.3/hamcrest-all-1.3.jar:/home/user/.m2/repository/org/bouncycastle/bcprov-jdk15on/1.60/bcprov-jdk15on-1.60.jar:/home/user/.m2/repository/info/picocli/picocli/3.9.6/picocli-3.9.6.jar:/home/user/.m2/repository/com/google/protobuf/protobuf-java/2.5.0/protobuf-java-2.5.0.jar:/home/user/.m2/repository/com/google/guava/guava/11.0.2/guava-11.0.2.jar:/home/user/.m2/repository/org/apache/hadoop/hadoop-ozone-ozone-manager/0.5.0-SNAPSHOT/hadoop-ozone-ozone-manager-0.5.0-SNAPSHOT.jar:/home/user/.m2/repository/org/apache/hadoop/hadoop-minikdc/3.2.0/hadoop-minikdc-3.2.0.jar:/home/user/.m2/repository/commons-io/commons-io/2.5/commons-io-2.5.jar:/home/user/.m2/repository/org/apache/kerby/kerb-simplekdc/1.0.1/kerb-simplekdc-1.0.1.jar:/home/user/.m2/repository/org/apache/kerby/kerb-client/1.0.1/kerb-client-1.0.1.jar:/home/user/.m2/repository/org/apache/kerby/kerby-config/1.0.1/kerby-config-1.0.1.jar:/home/user/.m2/repository/org/apache/kerby/kerb-core/1.0.1/kerb-core-1.0.1.jar:/home/user/.m2/repository/org/apache/kerby/kerby-pkix/1.0.1/kerby-pkix-1.0.1.jar:/home/user/.m2/repository/org/apache/kerby/kerby-asn1/1.0.1/kerby-asn1-1.0.1.jar:/home/user/.m2/repository/org/apache/kerby/kerby-util/1.0.1/kerby-util-1.0.1.jar:/home/user/.m2/repository/org/apache/kerby/kerb-common/1.0.1/kerb-common-1.0.1.jar:/home/user/.m2/repository/org/apache/kerby/kerb-crypto/1.0.1/kerb-crypto-1.0.1.jar:/home/user/.m2/repository/org/apache/kerby/kerb-util/1.0.1/kerb-util-1.0.1.jar:/home/user/.m2/repository/org/apache/kerby/token-provider/1.0.1/token-provider-1.0.1.jar:/home/user/.m2/repository/org/apache/kerby/kerb-admin/1.0.1/kerb-admin-1.0.1.jar:/home/user/.m2/repository/org/apache/kerby/kerb-server/1.0.1/kerb-server-1.0.1.jar:/home/user/.m2/repository/org/apache/kerby/kerb-identity/1.0.1/kerb-identity-1.0.1.jar:/home/user/.m2/repository/org/apache/kerby/kerby-xdr/1.0.1/kerby-xdr-1.0.1.jar:/home/user/.m2/repository/org/slf4j/slf4j-log4j12/1.7.25/slf4j-log4j12-1.7.25.jar:/home/user/.m2/repository/org/apache/hadoop/hadoop-ozone-objectstore-service/0.5.0-SNAPSHOT/hadoop-ozone-objectstore-service-0.5.0-SNAPSHOT.jar:/home/user/.m2/repository/org/apache/hadoop/hadoop-ozone-s3gateway/0.5.0-SNAPSHOT/hadoop-ozone-s3gateway-0.5.0-SNAPSHOT.jar:/home/user/.m2/repository/org/jboss/weld/servlet/weld-servlet/2.4.7.Final/weld-servlet-2.4.7.Final.jar:/home/user/.m2/repository/org/glassfish/jersey/containers/jersey-container-servlet-core/2.27/jersey-container-servlet-core-2.27.jar:/home/user/.m2/repository/org/glassfish/hk2/external/javax.inject/2.5.0-b42/javax.inject-2.5.0-b42.jar:/home/user/.m2/repository/org/glassfish/jersey/core/jersey-common/2.27/jersey-common-2.27.jar:/home/user/.m2/repository/org/glassfish/hk2/osgi-resource-locator/1.0.1/osgi-resource-locator-1.0.1.jar:/home/user/.m2/repository/javax/ws/rs/javax.ws.rs-api/2.1/javax.ws.rs-api-2.1.jar:/home/user/.m2/repository/org/glassfish/jersey/ext/cdi/jersey-cdi1x/2.27/jersey-cdi1x-2.27.jar:/home/user/.m2/repository/org/glassfish/jersey/inject/jersey-hk2/2.27/jersey-hk2-2.27.jar:/home/user/.m2/repository/org/glassfish/hk2/hk2-locator/2.5.0-b42/hk2-locator-2.5.0-b42.jar:/home/user/.m2/repository/org/javassist/javassist/3.22.0-CR2/javassist-3.22.0-CR2.jar:/home/user/.m2/repository/org/glassfish/hk2/hk2-api/2.5.0/hk2-api-2.5.0.jar:/home/user/.m2/repository/org/glassfish/hk2/external/jakarta.inject/2.5.0/jakarta.inject-2.5.0.jar:/home/user/.m2/repository/org/glassfish/hk2/hk2-utils/2.5.0/hk2-utils-2.5.0.jar:/home/user/.m2/repository/jakarta/annotation/jakarta.annotation-api/1.3.4/jakarta.annotation-api-1.3.4.jar:/home/user/.m2/repository/org/glassfish/hk2/external/aopalliance-repackaged/2.5.0/aopalliance-repackaged-2.5.0.jar:/home/user/.m2/repository/com/fasterxml/jackson/dataformat/jackson-dataformat-xml/2.9.0/jackson-dataformat-xml-2.9.0.jar:/home/user/.m2/repository/com/fasterxml/jackson/core/jackson-core/2.9.5/jackson-core-2.9.5.jar:/home/user/.m2/repository/com/fasterxml/jackson/module/jackson-module-jaxb-annotations/2.9.5/jackson-module-jaxb-annotations-2.9.5.jar:/home/user/.m2/repository/javax/enterprise/cdi-api/1.2/cdi-api-1.2.jar:/home/user/.m2/repository/javax/el/javax.el-api/3.0.0/javax.el-api-3.0.0.jar:/home/user/.m2/repository/javax/interceptor/javax.interceptor-api/1.2/javax.interceptor-api-1.2.jar:/home/user/.m2/repository/javax/inject/javax.inject/1/javax.inject-1.jar:/home/user/.m2/repository/com/sun/xml/bind/jaxb-impl/2.3.0.1/jaxb-impl-2.3.0.1.jar:/home/user/.m2/repository/com/sun/xml/bind/jaxb-core/2.3.0.1/jaxb-core-2.3.0.1.jar:/home/user/.m2/repository/javax/xml/bind/jaxb-api/2.3.0/jaxb-api-2.3.0.jar:/home/user/.m2/repository/javax/activation/activation/1.1.1/activation-1.1.1.jar:/home/user/.m2/repository/org/apache/hadoop/hadoop-ozone-csi/0.5.0-SNAPSHOT/hadoop-ozone-csi-0.5.0-SNAPSHOT.jar:/home/user/.m2/repository/com/google/protobuf/protobuf-java-util/3.5.1/protobuf-java-util-3.5.1.jar:/home/user/.m2/repository/org/apache/hadoop/hadoop-hdds-config/0.5.0-SNAPSHOT/hadoop-hdds-config-0.5.0-SNAPSHOT.jar:/home/user/.m2/repository/io/grpc/grpc-netty/1.17.1/grpc-netty-1.17.1.jar:/home/user/.m2/repository/io/grpc/grpc-core/1.17.1/grpc-core-1.17.1.jar:/home/user/.m2/repository/io/grpc/grpc-context/1.17.1/grpc-context-1.17.1.jar:/home/user/.m2/repository/com/google/errorprone/error_prone_annotations/2.2.0/error_prone_annotations-2.2.0.jar:/home/user/.m2/repository/org/codehaus/mojo/animal-sniffer-annotations/1.17/animal-sniffer-annotations-1.17.jar:/home/user/.m2/repository/io/opencensus/opencensus-api/0.17.0/opencensus-api-0.17.0.jar:/home/user/.m2/repository/io/opencensus/opencensus-contrib-grpc-metrics/0.17.0/opencensus-contrib-grpc-metrics-0.17.0.jar:/home/user/.m2/repository/io/netty/netty-codec-http2/4.1.30.Final/netty-codec-http2-4.1.30.Final.jar:/home/user/.m2/repository/io/netty/netty-codec-http/4.1.30.Final/netty-codec-http-4.1.30.Final.jar:/home/user/.m2/repository/io/netty/netty-codec/4.1.30.Final/netty-codec-4.1.30.Final.jar:/home/user/.m2/repository/io/netty/netty-handler/4.1.30.Final/netty-handler-4.1.30.Final.jar:/home/user/.m2/repository/io/netty/netty-handler-proxy/4.1.30.Final/netty-handler-proxy-4.1.30.Final.jar:/home/user/.m2/repository/io/netty/netty-codec-socks/4.1.30.Final/netty-codec-socks-4.1.30.Final.jar:/home/user/.m2/repository/io/netty/netty-transport-native-epoll/4.1.30.Final/netty-transport-native-epoll-4.1.30.Final.jar:/home/user/.m2/repository/io/netty/netty-common/4.1.30.Final/netty-common-4.1.30.Final.jar:/home/user/.m2/repository/io/netty/netty-buffer/4.1.30.Final/netty-buffer-4.1.30.Final.jar:/home/user/.m2/repository/io/netty/netty-transport/4.1.30.Final/netty-transport-4.1.30.Final.jar:/home/user/.m2/repository/io/netty/netty-resolver/4.1.30.Final/netty-resolver-4.1.30.Final.jar:/home/user/.m2/repository/io/netty/netty-transport-native-unix-common/4.1.30.Final/netty-transport-native-unix-common-4.1.30.Final.jar:/home/user/.m2/repository/io/grpc/grpc-protobuf/1.17.1/grpc-protobuf-1.17.1.jar:/home/user/.m2/repository/com/google/api/grpc/proto-google-common-protos/1.0.0/proto-google-common-protos-1.0.0.jar:/home/user/.m2/repository/io/grpc/grpc-protobuf-lite/1.17.1/grpc-protobuf-lite-1.17.1.jar:/home/user/.m2/repository/io/grpc/grpc-stub/1.17.1/grpc-stub-1.17.1.jar:/home/user/.m2/repository/org/apache/hadoop/hadoop-ozone-recon/0.5.0-SNAPSHOT/hadoop-ozone-recon-0.5.0-SNAPSHOT.jar:/home/user/.m2/repository/org/apache/hadoop/hadoop-ozone-reconcodegen/0.5.0-SNAPSHOT/hadoop-ozone-reconcodegen-0.5.0-SNAPSHOT.jar:/home/user/.m2/repository/com/google/inject/extensions/guice-multibindings/4.0/guice-multibindings-4.0.jar:/home/user/.m2/repository/com/google/inject/guice/4.0/guice-4.0.jar:/home/user/.m2/repository/aopalliance/aopalliance/1.0/aopalliance-1.0.jar:/home/user/.m2/repository/com/google/inject/extensions/guice-servlet/4.0/guice-servlet-4.0.jar:/home/user/.m2/repository/org/glassfish/jersey/containers/jersey-container-servlet/2.27/jersey-container-servlet-2.27.jar:/home/user/.m2/repository/org/glassfish/hk2/guice-bridge/2.5.0/guice-bridge-2.5.0.jar:/home/user/.m2/repository/org/glassfish/jersey/core/jersey-server/2.27/jersey-server-2.27.jar:/home/user/.m2/repository/org/glassfish/jersey/core/jersey-client/2.27/jersey-client-2.27.jar:/home/user/.m2/repository/org/glassfish/jersey/media/jersey-media-jaxb/2.27/jersey-media-jaxb-2.27.jar:/home/user/.m2/repository/javax/validation/validation-api/1.1.0.Final/validation-api-1.1.0.Final.jar:/home/user/.m2/repository/org/glassfish/jersey/media/jersey-media-json-jackson/2.27/jersey-media-json-jackson-2.27.jar:/home/user/.m2/repository/org/glassfish/jersey/ext/jersey-entity-filtering/2.27/jersey-entity-filtering-2.27.jar:/home/user/.m2/repository/com/google/inject/extensions/guice-assistedinject/4.0/guice-assistedinject-4.0.jar:/home/user/.m2/repository/org/jooq/jooq/3.11.10/jooq-3.11.10.jar:/home/user/.m2/repository/org/jooq/jooq-meta/3.11.10/jooq-meta-3.11.10.jar:/home/user/.m2/repository/org/jooq/jooq-codegen/3.11.10/jooq-codegen-3.11.10.jar:/home/user/.m2/repository/com/jolbox/bonecp/0.8.0.RELEASE/bonecp-0.8.0.RELEASE.jar:/home/user/.m2/repository/org/xerial/sqlite-jdbc/3.25.2/sqlite-jdbc-3.25.2.jar:/home/user/.m2/repository/org/springframework/spring-jdbc/5.1.3.RELEASE/spring-jdbc-5.1.3.RELEASE.jar:/home/user/.m2/repository/org/springframework/spring-beans/5.1.3.RELEASE/spring-beans-5.1.3.RELEASE.jar:/home/user/.m2/repository/org/springframework/spring-core/5.1.3.RELEASE/spring-core-5.1.3.RELEASE.jar:/home/user/.m2/repository/org/springframework/spring-jcl/5.1.3.RELEASE/spring-jcl-5.1.3.RELEASE.jar:/home/user/.m2/repository/org/springframework/spring-tx/5.1.3.RELEASE/spring-tx-5.1.3.RELEASE.jar:/home/user/.m2/repository/org/apache/hadoop/hadoop-ozone-client/0.5.0-SNAPSHOT/hadoop-ozone-client-0.5.0-SNAPSHOT.jar:/home/user/.m2/repository/commons-lang/commons-lang/2.6/commons-lang-2.6.jar:/home/user/.m2/repository/org/apache/hadoop/hadoop-ozone-ozone-manager/0.5.0-SNAPSHOT/hadoop-ozone-ozone-manager-0.5.0-SNAPSHOT-tests.jar:/home/user/.m2/repository/junit/junit/4.11/junit-4.11.jar:/home/user/.m2/repository/org/hamcrest/hamcrest-core/1.3/hamcrest-core-1.3.jar:/home/user/.m2/repository/org/openjdk/jmh/jmh-core/1.19/jmh-core-1.19.jar:/home/user/.m2/repository/net/sf/jopt-simple/jopt-simple/4.6/jopt-simple-4.6.jar:/home/user/.m2/repository/org/apache/commons/commons-math3/3.1.1/commons-math3-3.1.1.jar:/home/user/.m2/repository/org/openjdk/jmh/jmh-generator-annprocess/1.19/jmh-generator-annprocess-1.19.jar:/home/user/.m2/repository/org/mockito/mockito-all/1.8.5/mockito-all-1.8.5.jar:/home/user/.m2/repository/org/apache/hadoop/hadoop-kms/3.2.0/hadoop-kms-3.2.0.jar:/home/user/.m2/repository/org/apache/hadoop/hadoop-auth/3.2.0/hadoop-auth-3.2.0.jar:/home/user/.m2/repository/com/nimbusds/nimbus-jose-jwt/4.41.1/nimbus-jose-jwt-4.41.1.jar:/home/user/.m2/repository/com/github/stephenc/jcip/jcip-annotations/1.0-1/jcip-annotations-1.0-1.jar:/home/user/.m2/repository/net/minidev/json-smart/2.3/json-smart-2.3.jar:/home/user/.m2/repository/net/minidev/accessors-smart/1.2/accessors-smart-1.2.jar:/home/user/.m2/repository/org/ow2/asm/asm/5.0.4/asm-5.0.4.jar:/home/user/.m2/repository/org/apache/curator/curator-framework/2.12.0/curator-framework-2.12.0.jar:/home/user/.m2/repository/com/sun/jersey/jersey-core/1.19/jersey-core-1.19.jar:/home/user/.m2/repository/javax/ws/rs/jsr311-api/1.1.1/jsr311-api-1.1.1.jar:/home/user/.m2/repository/com/sun/jersey/jersey-server/1.19/jersey-server-1.19.jar:/home/user/.m2/repository/javax/servlet/javax.servlet-api/3.1.0/javax.servlet-api-3.1.0.jar:/home/user/.m2/repository/org/eclipse/jetty/jetty-server/9.3.24.v20180605/jetty-server-9.3.24.v20180605.jar:/home/user/.m2/repository/org/eclipse/jetty/jetty-http/9.3.24.v20180605/jetty-http-9.3.24.v20180605.jar:/home/user/.m2/repository/org/eclipse/jetty/jetty-io/9.3.24.v20180605/jetty-io-9.3.24.v20180605.jar:/home/user/.m2/repository/org/eclipse/jetty/jetty-webapp/9.3.24.v20180605/jetty-webapp-9.3.24.v20180605.jar:/home/user/.m2/repository/org/eclipse/jetty/jetty-xml/9.3.24.v20180605/jetty-xml-9.3.24.v20180605.jar:/home/user/.m2/repository/log4j/log4j/1.2.17/log4j-1.2.17.jar:/home/user/.m2/repository/org/slf4j/slf4j-api/1.7.25/slf4j-api-1.7.25.jar:/home/user/.m2/repository/org/slf4j/jul-to-slf4j/1.7.25/jul-to-slf4j-1.7.25.jar:/home/user/.m2/repository/org/eclipse/jetty/jetty-util/9.3.24.v20180605/jetty-util-9.3.24.v20180605.jar:/home/user/.m2/repository/com/fasterxml/jackson/core/jackson-databind/2.9.5/jackson-databind-2.9.5.jar:/home/user/.m2/repository/org/apache/hadoop/hadoop-kms/3.2.0/hadoop-kms-3.2.0-tests.jar:/home/user/.m2/repository/org/apache/hadoop/hadoop-hdds-server-scm/0.5.0-SNAPSHOT/hadoop-hdds-server-scm-0.5.0-SNAPSHOT-tests.jar:/home/user/.m2/repository/org/apache/hadoop/hadoop-hdds-container-service/0.5.0-SNAPSHOT/hadoop-hdds-container-service-0.5.0-SNAPSHOT-tests.jar:/home/user/.m2/repository/org/yaml/snakeyaml/1.16/snakeyaml-1.16.jar:/home/user/.m2/repository/org/apache/hadoop/hadoop-common/3.2.0/hadoop-common-3.2.0-tests.jar:/home/user/.m2/repository/org/apache/hadoop/hadoop-annotations/3.2.0/hadoop-annotations-3.2.0.jar:/usr/lib/jvm/java-1.8-openjdk/jre/../lib/tools.jar:/home/user/.m2/repository/commons-cli/commons-cli/1.2/commons-cli-1.2.jar:/home/user/.m2/repository/org/apache/httpcomponents/httpclient/4.5.2/httpclient-4.5.2.jar:/home/user/.m2/repository/org/apache/httpcomponents/httpcore/4.4.4/httpcore-4.4.4.jar:/home/user/.m2/repository/commons-codec/commons-codec/1.11/commons-codec-1.11.jar:/home/user/.m2/repository/commons-net/commons-net/3.6/commons-net-3.6.jar:/home/user/.m2/repository/commons-collections/commons-collections/3.2.2/commons-collections-3.2.2.jar:/home/user/.m2/repository/org/eclipse/jetty/jetty-servlet/9.3.24.v20180605/jetty-servlet-9.3.24.v20180605.jar:/home/user/.m2/repository/org/eclipse/jetty/jetty-security/9.3.24.v20180605/jetty-security-9.3.24.v20180605.jar:/home/user/.m2/repository/javax/servlet/jsp/jsp-api/2.1/jsp-api-2.1.jar:/home/user/.m2/repository/com/sun/jersey/jersey-servlet/1.19/jersey-servlet-1.19.jar:/home/user/.m2/repository/com/sun/jersey/jersey-json/1.19/jersey-json-1.19.jar:/home/user/.m2/repository/org/codehaus/jettison/jettison/1.1/jettison-1.1.jar:/home/user/.m2/repository/org/codehaus/jackson/jackson-core-asl/1.9.13/jackson-core-asl-1.9.13.jar:/home/user/.m2/repository/org/codehaus/jackson/jackson-mapper-asl/1.9.13/jackson-mapper-asl-1.9.13.jar:/home/user/.m2/repository/org/codehaus/jackson/jackson-jaxrs/1.9.13/jackson-jaxrs-1.9.13.jar:/home/user/.m2/repository/org/codehaus/jackson/jackson-xc/1.9.13/jackson-xc-1.9.13.jar:/home/user/.m2/repository/commons-logging/commons-logging/1.1.3/commons-logging-1.1.3.jar:/home/user/.m2/repository/commons-beanutils/commons-beanutils/1.9.3/commons-beanutils-1.9.3.jar:/home/user/.m2/repository/org/apache/commons/commons-configuration2/2.1.1/commons-configuration2-2.1.1.jar:/home/user/.m2/repository/org/apache/commons/commons-lang3/3.7/commons-lang3-3.7.jar:/home/user/.m2/repository/org/apache/commons/commons-text/1.4/commons-text-1.4.jar:/home/user/.m2/repository/org/apache/avro/avro/1.7.7/avro-1.7.7.jar:/home/user/.m2/repository/com/thoughtworks/paranamer/paranamer/2.3/paranamer-2.3.jar:/home/user/.m2/repository/org/xerial/snappy/snappy-java/1.0.5/snappy-java-1.0.5.jar:/home/user/.m2/repository/com/google/re2j/re2j/1.1/re2j-1.1.jar:/home/user/.m2/repository/com/google/code/gson/gson/2.2.4/gson-2.2.4.jar:/home/user/.m2/repository/com/jcraft/jsch/0.1.54/jsch-0.1.54.jar:/home/user/.m2/repository/org/apache/curator/curator-client/2.12.0/curator-client-2.12.0.jar:/home/user/.m2/repository/org/apache/curator/curator-recipes/2.12.0/curator-recipes-2.12.0.jar:/home/user/.m2/repository/com/google/code/findbugs/jsr305/3.0.0/jsr305-3.0.0.jar:/home/user/.m2/repository/org/apache/htrace/htrace-core4/4.1.0-incubating/htrace-core4-4.1.0-incubating.jar:/home/user/.m2/repository/org/apache/zookeeper/zookeeper/3.4.13/zookeeper-3.4.13.jar:/home/user/.m2/repository/org/apache/yetus/audience-annotations/0.5.0/audience-annotations-0.5.0.jar:/home/user/.m2/repository/org/codehaus/woodstox/stax2-api/3.1.4/stax2-api-3.1.4.jar:/home/user/.m2/repository/com/fasterxml/woodstox/woodstox-core/5.0.3/woodstox-core-5.0.3.jar:/home/user/.m2/repository/dnsjava/dnsjava/2.1.7/dnsjava-2.1.7.jar:/home/user/.m2/repository/org/apache/hadoop/hadoop-hdfs/3.2.0/hadoop-hdfs-3.2.0-tests.jar:/home/user/.m2/repository/org/eclipse/jetty/jetty-util-ajax/9.3.24.v20180605/jetty-util-ajax-9.3.24.v20180605.jar:/home/user/.m2/repository/commons-daemon/commons-daemon/1.0.13/commons-daemon-1.0.13.jar:/home/user/.m2/repository/io/netty/netty/3.10.5.Final/netty-3.10.5.Final.jar:/home/user/.m2/repository/io/netty/netty-all/4.0.52.Final/netty-all-4.0.52.Final.jar:/home/user/.m2/repository/org/fusesource/leveldbjni/leveldbjni-all/1.8/leveldbjni-all-1.8.jar:"/>
    <property name="sun.cpu.endian" value="little"/>
    <property name="user.home" value="/home/user"/>
    <property name="user.language" value="en"/>
    <property name="java.specification.vendor" value="Oracle Corporation"/>
    <property name="java.home" value="/usr/lib/jvm/java-1.8-openjdk/jre"/>
    <property name="java.security.krb5.conf" value="/workdir/hadoop-ozone/integration-test/target/test-classes/krb5.conf"/>
    <property name="basedir" value="/workdir/hadoop-ozone/integration-test"/>
    <property name="file.separator" value="/"/>
    <property name="line.separator" value="&#10;"/>
    <property name="java.vm.specification.vendor" value="Oracle Corporation"/>
    <property name="java.specification.name" value="Java Platform API Specification"/>
    <property name="java.awt.graphicsenv" value="sun.awt.X11GraphicsEnvironment"/>
    <property name="surefire.real.class.path" value="/workdir/hadoop-ozone/integration-test/target/surefire/surefirebooter8046152802429344894.jar"/>
    <property name="hadoop.log.dir" value="/workdir/hadoop-ozone/integration-test/target/log"/>
    <property name="sun.boot.class.path" value="/usr/lib/jvm/java-1.8-openjdk/jre/lib/resources.jar:/usr/lib/jvm/java-1.8-openjdk/jre/lib/rt.jar:/usr/lib/jvm/java-1.8-openjdk/jre/lib/sunrsasign.jar:/usr/lib/jvm/java-1.8-openjdk/jre/lib/jsse.jar:/usr/lib/jvm/java-1.8-openjdk/jre/lib/jce.jar:/usr/lib/jvm/java-1.8-openjdk/jre/lib/charsets.jar:/usr/lib/jvm/java-1.8-openjdk/jre/lib/jfr.jar:/usr/lib/jvm/java-1.8-openjdk/jre/classes"/>
    <property name="sun.management.compiler" value="HotSpot 64-Bit Tiered Compilers"/>
    <property name="java.runtime.version" value="1.8.0_212-b04"/>
    <property name="java.net.preferIPv4Stack" value="true"/>
    <property name="user.name" value="jenkins1000"/>
    <property name="path.separator" value=":"/>
    <property name="java.security.egd" value="file:///dev/urandom"/>
    <property name="os.version" value="3.10.0-957.12.2.el7.x86_64"/>
    <property name="java.endorsed.dirs" value="/usr/lib/jvm/java-1.8-openjdk/jre/lib/endorsed"/>
    <property name="java.runtime.name" value="OpenJDK Runtime Environment"/>
    <property name="file.encoding" value="UTF-8"/>
    <property name="java.vm.name" value="OpenJDK 64-Bit Server VM"/>
    <property name="test.build.webapps" value=""/>
    <property name="localRepository" value="/home/user/.m2/repository"/>
    <property name="java.vendor.url.bug" value="https://icedtea.classpath.org/bugzilla"/>
    <property name="java.io.tmpdir" value="/tmp"/>
    <property name="require.test.libhadoop" value=""/>
    <property name="java.version" value="1.8.0_212"/>
    <property name="user.dir" value="/workdir/hadoop-ozone/integration-test"/>
    <property name="os.arch" value="amd64"/>
    <property name="java.vm.specification.name" value="Java Virtual Machine Specification"/>
    <property name="test.build.classes" value="/workdir/hadoop-ozone/integration-test/target/test-classes"/>
    <property name="java.awt.printerjob" value="sun.print.PSPrinterJob"/>
    <property name="sun.os.patch.level" value="unknown"/>
    <property name="hadoop.tmp.dir" value="/workdir/hadoop-ozone/integration-test/target/tmp"/>
    <property name="java.library.path" value="/usr/lib/jvm/java-1.8-openjdk/jre/lib/amd64/server:/usr/lib/jvm/java-1.8-openjdk/jre/lib/amd64:/usr/lib/jvm/java-1.8-openjdk/jre/../lib/amd64:/workdir/hadoop-ozone/integration-test/target/native/target/usr/local/lib:/workdir/hadoop-ozone/integration-test/../../hadoop-common-project/hadoop-common/target/native/target/usr/local/lib:/usr/java/packages/lib/amd64:/usr/lib64:/lib64:/lib:/usr/lib"/>
    <property name="java.vm.info" value="mixed mode"/>
    <property name="java.vendor" value="IcedTea"/>
    <property name="java.vm.version" value="25.212-b04"/>
    <property name="java.ext.dirs" value="/usr/lib/jvm/java-1.8-openjdk/jre/lib/ext:/usr/java/packages/lib/ext"/>
    <property name="sun.io.unicode.encoding" value="UnicodeLittle"/>
    <property name="java.class.version" value="52.0"/>
  </properties>
  <testcase name="testBlockWriteViaRatis" classname="org.apache.hadoop.ozone.client.rpc.TestCloseContainerHandlingByClient" time="7.925">
    <error type="java.lang.IllegalArgumentException">java.lang.IllegalArgumentException
	at com.google.common.base.Preconditions.checkArgument(Preconditions.java:72)
	at org.apache.hadoop.hdds.scm.XceiverClientManager.acquireClient(XceiverClientManager.java:150)
	at org.apache.hadoop.hdds.scm.XceiverClientManager.acquireClientForReadData(XceiverClientManager.java:143)
	at org.apache.hadoop.hdds.scm.storage.BlockInputStream.getChunkInfos(BlockInputStream.java:154)
	at org.apache.hadoop.hdds.scm.storage.BlockInputStream.initialize(BlockInputStream.java:118)
	at org.apache.hadoop.hdds.scm.storage.BlockInputStream.read(BlockInputStream.java:222)
	at org.apache.hadoop.ozone.client.io.KeyInputStream.read(KeyInputStream.java:171)
	at org.apache.hadoop.ozone.client.io.OzoneInputStream.read(OzoneInputStream.java:47)
	at java.io.InputStream.read(InputStream.java:101)
	at org.apache.hadoop.ozone.container.ContainerTestHelper.validateData(ContainerTestHelper.java:709)
	at org.apache.hadoop.ozone.client.rpc.TestCloseContainerHandlingByClient.validateData(TestCloseContainerHandlingByClient.java:401)
	at org.apache.hadoop.ozone.client.rpc.TestCloseContainerHandlingByClient.testBlockWriteViaRatis(TestCloseContainerHandlingByClient.java:433)
	at sun.reflect.NativeMethodAccessorImpl.invoke0(Native Method)
	at sun.reflect.NativeMethodAccessorImpl.invoke(NativeMethodAccessorImpl.java:62)
	at sun.reflect.DelegatingMethodAccessorImpl.invoke(DelegatingMethodAccessorImpl.java:43)
	at java.lang.reflect.Method.invoke(Method.java:498)
	at org.junit.runners.model.FrameworkMethod$1.runReflectiveCall(FrameworkMethod.java:47)
	at org.junit.internal.runners.model.ReflectiveCallable.run(ReflectiveCallable.java:12)
	at org.junit.runners.model.FrameworkMethod.invokeExplosively(FrameworkMethod.java:44)
	at org.junit.internal.runners.statements.InvokeMethod.evaluate(InvokeMethod.java:17)
	at org.junit.runners.ParentRunner.runLeaf(ParentRunner.java:271)
	at org.junit.runners.BlockJUnit4ClassRunner.runChild(BlockJUnit4ClassRunner.java:70)
	at org.junit.runners.BlockJUnit4ClassRunner.runChild(BlockJUnit4ClassRunner.java:50)
	at org.junit.runners.ParentRunner$3.run(ParentRunner.java:238)
	at org.junit.runners.ParentRunner$1.schedule(ParentRunner.java:63)
	at org.junit.runners.ParentRunner.runChildren(ParentRunner.java:236)
	at org.junit.runners.ParentRunner.access$000(ParentRunner.java:53)
	at org.junit.runners.ParentRunner$2.evaluate(ParentRunner.java:229)
	at org.junit.internal.runners.statements.RunBefores.evaluate(RunBefores.java:26)
	at org.junit.internal.runners.statements.RunAfters.evaluate(RunAfters.java:27)
	at org.junit.runners.ParentRunner.run(ParentRunner.java:309)
	at org.apache.maven.surefire.junit4.JUnit4Provider.execute(JUnit4Provider.java:365)
	at org.apache.maven.surefire.junit4.JUnit4Provider.executeWithRerun(JUnit4Provider.java:273)
	at org.apache.maven.surefire.junit4.JUnit4Provider.executeTestSet(JUnit4Provider.java:238)
	at org.apache.maven.surefire.junit4.JUnit4Provider.invoke(JUnit4Provider.java:159)
	at org.apache.maven.surefire.booter.ForkedBooter.invokeProviderInSameClassLoader(ForkedBooter.java:384)
	at org.apache.maven.surefire.booter.ForkedBooter.runSuitesInProcess(ForkedBooter.java:345)
	at org.apache.maven.surefire.booter.ForkedBooter.execute(ForkedBooter.java:126)
	at org.apache.maven.surefire.booter.ForkedBooter.main(ForkedBooter.java:418)
</error>
    <system-out><![CDATA[2019-07-14 10:56:04,906 WARN  server.ServerUtils (ServerUtils.java:getScmDbDir(145)) - ozone.scm.db.dirs is not configured. We recommend adding this setting. Falling back to ozone.metadata.dirs instead.
2019-07-14 10:56:05,032 WARN  server.ServerUtils (ServerUtils.java:getScmDbDir(145)) - ozone.scm.db.dirs is not configured. We recommend adding this setting. Falling back to ozone.metadata.dirs instead.
2019-07-14 10:56:05,035 WARN  server.ServerUtils (ServerUtils.java:getScmDbDir(145)) - ozone.scm.db.dirs is not configured. We recommend adding this setting. Falling back to ozone.metadata.dirs instead.
2019-07-14 10:56:05,052 INFO  util.log (Log.java:initialized(192)) - Logging initialized @876ms
2019-07-14 10:56:05,132 INFO  db.DBStoreBuilder (DBStoreBuilder.java:addTable(110)) - using custom profile for table: deletedBlocks
2019-07-14 10:56:05,133 INFO  db.DBStoreBuilder (DBStoreBuilder.java:processTables(161)) - Using default column profile:DBProfile.DISK for Table:deletedBlocks
2019-07-14 10:56:05,133 INFO  db.DBStoreBuilder (DBStoreBuilder.java:addTable(110)) - using custom profile for table: validCerts
2019-07-14 10:56:05,133 INFO  db.DBStoreBuilder (DBStoreBuilder.java:processTables(161)) - Using default column profile:DBProfile.DISK for Table:validCerts
2019-07-14 10:56:05,133 INFO  db.DBStoreBuilder (DBStoreBuilder.java:addTable(110)) - using custom profile for table: revokedCerts
2019-07-14 10:56:05,134 INFO  db.DBStoreBuilder (DBStoreBuilder.java:processTables(161)) - Using default column profile:DBProfile.DISK for Table:revokedCerts
2019-07-14 10:56:05,143 INFO  db.DBStoreBuilder (DBStoreBuilder.java:addTable(110)) - using custom profile for table: default
2019-07-14 10:56:05,144 INFO  db.DBStoreBuilder (DBStoreBuilder.java:processTables(167)) - Using default column profile:DBProfile.DISK for Table:default
2019-07-14 10:56:05,144 INFO  db.DBStoreBuilder (DBStoreBuilder.java:getDbProfile(198)) - Using default options. DBProfile.DISK
2019-07-14 10:56:05,323 INFO  net.NodeSchemaLoader (NodeSchemaLoader.java:loadSchemaFromFile(125)) - Loading file from sun.misc.CompoundEnumeration@291ae
2019-07-14 10:56:05,325 INFO  net.NodeSchemaLoader (NodeSchemaLoader.java:loadSchema(171)) - Loading network topology layer schema file
2019-07-14 10:56:05,405 INFO  node.SCMNodeManager (SCMNodeManager.java:<init>(119)) - Entering startup safe mode.
2019-07-14 10:56:05,490 WARN  server.ServerUtils (ServerUtils.java:getScmDbDir(145)) - ozone.scm.db.dirs is not configured. We recommend adding this setting. Falling back to ozone.metadata.dirs instead.
2019-07-14 10:56:05,555 INFO  pipeline.SCMPipelineManager (SCMPipelineManager.java:initializePipelineState(126)) - No pipeline exists in current db
2019-07-14 10:56:05,558 WARN  server.ServerUtils (ServerUtils.java:getScmDbDir(145)) - ozone.scm.db.dirs is not configured. We recommend adding this setting. Falling back to ozone.metadata.dirs instead.
2019-07-14 10:56:05,671 WARN  events.EventQueue (EventQueue.java:fireEvent(175)) - No event handler registered for event TypedEvent{payloadType=SafeModeStatus, name='SafeModeStatus'}
2019-07-14 10:56:06,012 INFO  ipc.CallQueueManager (CallQueueManager.java:<init>(84)) - Using callQueue: class java.util.concurrent.LinkedBlockingQueue, queueCapacity: 2000, scheduler: class org.apache.hadoop.ipc.DefaultRpcScheduler, ipcBackoff: false.
2019-07-14 10:56:06,040 INFO  ipc.Server (Server.java:run(1074)) - Starting Socket Reader #1 for port 37588
2019-07-14 10:56:06,063 INFO  ipc.CallQueueManager (CallQueueManager.java:<init>(84)) - Using callQueue: class java.util.concurrent.LinkedBlockingQueue, queueCapacity: 2000, scheduler: class org.apache.hadoop.ipc.DefaultRpcScheduler, ipcBackoff: false.
2019-07-14 10:56:06,064 INFO  ipc.Server (Server.java:run(1074)) - Starting Socket Reader #1 for port 36007
2019-07-14 10:56:06,070 INFO  ipc.CallQueueManager (CallQueueManager.java:<init>(84)) - Using callQueue: class java.util.concurrent.LinkedBlockingQueue, queueCapacity: 2000, scheduler: class org.apache.hadoop.ipc.DefaultRpcScheduler, ipcBackoff: false.
2019-07-14 10:56:06,071 INFO  ipc.Server (Server.java:run(1074)) - Starting Socket Reader #1 for port 45313
2019-07-14 10:56:06,215 INFO  hdfs.DFSUtil (DFSUtil.java:httpServerTemplateForNNAndJN(1641)) - Starting Web-server for scm at: http://0.0.0.0:0
2019-07-14 10:56:06,397 INFO  server.AuthenticationFilter (AuthenticationFilter.java:constructSecretProvider(240)) - Unable to initialize FileSignerSecretProvider, falling back to use random secrets.
2019-07-14 10:56:06,405 WARN  http.HttpRequestLog (HttpRequestLog.java:getRequestLog(97)) - Jetty request log can only be enabled using Log4j
2019-07-14 10:56:06,412 INFO  http.HttpServer2 (HttpServer2.java:addGlobalFilter(975)) - Added global filter 'safety' (class=org.apache.hadoop.http.HttpServer2$QuotingInputFilter)
2019-07-14 10:56:06,415 INFO  http.HttpServer2 (HttpServer2.java:addFilter(948)) - Added filter static_user_filter (class=org.apache.hadoop.http.lib.StaticUserWebFilter$StaticUserFilter) to context scm
2019-07-14 10:56:06,415 INFO  http.HttpServer2 (HttpServer2.java:addFilter(958)) - Added filter static_user_filter (class=org.apache.hadoop.http.lib.StaticUserWebFilter$StaticUserFilter) to context static
2019-07-14 10:56:06,415 INFO  http.HttpServer2 (HttpServer2.java:addFilter(958)) - Added filter static_user_filter (class=org.apache.hadoop.http.lib.StaticUserWebFilter$StaticUserFilter) to context logs
2019-07-14 10:56:06,442 INFO  server.StorageContainerManager (StorageContainerManager.java:start(759)) - StorageContainerLocationProtocol RPC server is listening at /0.0.0.0:45313
2019-07-14 10:56:06,499 WARN  impl.MetricsConfig (MetricsConfig.java:loadFirst(134)) - Cannot locate configuration: tried hadoop-metrics2-storagecontainermanager.properties,hadoop-metrics2.properties
2019-07-14 10:56:06,511 INFO  impl.MetricsSystemImpl (MetricsSystemImpl.java:startTimer(374)) - Scheduled Metric snapshot period at 10 second(s).
2019-07-14 10:56:06,511 INFO  impl.MetricsSystemImpl (MetricsSystemImpl.java:start(191)) - StorageContainerManager metrics system started
2019-07-14 10:56:06,722 INFO  server.SCMClientProtocolServer (SCMClientProtocolServer.java:start(149)) - RPC server for Client  is listening at /0.0.0.0:45313
2019-07-14 10:56:06,723 INFO  ipc.Server (Server.java:run(1314)) - IPC Server Responder: starting
2019-07-14 10:56:06,723 INFO  ipc.Server (Server.java:run(1153)) - IPC Server listener on 45313: starting
2019-07-14 10:56:06,730 INFO  server.StorageContainerManager (StorageContainerManager.java:start(768)) - ScmBlockLocationProtocol RPC server is listening at /0.0.0.0:36007
2019-07-14 10:56:06,731 INFO  server.SCMBlockProtocolServer (SCMBlockProtocolServer.java:start(140)) - RPC server for Block Protocol is listening at /0.0.0.0:36007
2019-07-14 10:56:06,731 INFO  ipc.Server (Server.java:run(1314)) - IPC Server Responder: starting
2019-07-14 10:56:06,731 INFO  ipc.Server (Server.java:run(1153)) - IPC Server listener on 36007: starting
2019-07-14 10:56:06,738 INFO  server.StorageContainerManager (StorageContainerManager.java:start(772)) - ScmDatanodeProtocl RPC server is listening at /0.0.0.0:37588
2019-07-14 10:56:06,738 INFO  server.SCMDatanodeProtocolServer (SCMDatanodeProtocolServer.java:start(191)) - RPC server for DataNodes is listening at /0.0.0.0:37588
2019-07-14 10:56:06,740 INFO  ipc.Server (Server.java:run(1314)) - IPC Server Responder: starting
2019-07-14 10:56:06,740 INFO  ipc.Server (Server.java:run(1153)) - IPC Server listener on 37588: starting
2019-07-14 10:56:06,751 INFO  http.HttpServer2 (HttpServer2.java:bindListener(1191)) - Jetty bound to port 45042
2019-07-14 10:56:06,753 INFO  server.Server (Server.java:doStart(351)) - jetty-9.3.24.v20180605, build timestamp: 2018-06-05T17:11:56Z, git hash: 84205aa28f11a4f31f2a3b86d1bba2cc8ab69827
2019-07-14 10:56:06,793 INFO  handler.ContextHandler (ContextHandler.java:doStart(781)) - Started o.e.j.s.ServletContextHandler@15dcfae7{/logs,file:///workdir/hadoop-ozone/integration-test/target/log,AVAILABLE}
2019-07-14 10:56:06,794 INFO  handler.ContextHandler (ContextHandler.java:doStart(781)) - Started o.e.j.s.ServletContextHandler@1e636ea3{/static,file:///workdir/hadoop-ozone/integration-test/target/test-classes/webapps/static,AVAILABLE}
2019-07-14 10:56:06,826 INFO  handler.ContextHandler (ContextHandler.java:doStart(781)) - Started o.e.j.w.WebAppContext@3f23a3a0{/,file:///workdir/hadoop-ozone/integration-test/target/test-classes/webapps/scm/,AVAILABLE}{/scm}
2019-07-14 10:56:06,831 INFO  server.AbstractConnector (AbstractConnector.java:doStart(278)) - Started ServerConnector@6c6357f9{HTTP/1.1,[http/1.1]}{0.0.0.0:45042}
2019-07-14 10:56:06,832 INFO  server.Server (Server.java:doStart(419)) - Started @2655ms
2019-07-14 10:56:06,834 INFO  server.BaseHttpServer (BaseHttpServer.java:updateConnectorAddress(207)) - HTTP server of SCM is listening at http://0.0.0.0:45042
2019-07-14 10:56:06,845 INFO  util.JvmPauseMonitor (JvmPauseMonitor.java:run(188)) - Starting JVM pause monitor
2019-07-14 10:56:06,851 WARN  server.ServerUtils (ServerUtils.java:getDBPath(222)) - ozone.om.db.dirs is not configured. We recommend adding this setting. Falling back to ozone.metadata.dirs instead.
2019-07-14 10:56:06,975 WARN  server.ServerUtils (ServerUtils.java:getDBPath(222)) - ozone.om.db.dirs is not configured. We recommend adding this setting. Falling back to ozone.metadata.dirs instead.
2019-07-14 10:56:06,977 INFO  om.OzoneManager (OzoneManager.java:setOMNodeDetails(630)) - OM Service ID is not set. Setting it to the default ID: omServiceIdDefault
2019-07-14 10:56:06,977 INFO  om.OzoneManager (OzoneManager.java:setOMNodeDetails(636)) - OM Node ID is not set. Setting it to the OmStorage's OmID: c78f9e0e-611e-46ef-8bb9-0ac9cdf3b378
2019-07-14 10:56:06,978 INFO  om.OzoneManager (OzoneManager.java:loadOMHAConfigs(587)) - Found matching OM address with OMServiceId: null, OMNodeId: null, RPC Address: localhost:0 and Ratis port: 9872
2019-07-14 10:56:07,241 WARN  server.ServerUtils (ServerUtils.java:getDBPath(222)) - ozone.om.db.dirs is not configured. We recommend adding this setting. Falling back to ozone.metadata.dirs instead.
2019-07-14 10:56:07,253 INFO  db.DBStoreBuilder (DBStoreBuilder.java:addTable(110)) - using custom profile for table: userTable
2019-07-14 10:56:07,253 INFO  db.DBStoreBuilder (DBStoreBuilder.java:processTables(161)) - Using default column profile:DBProfile.DISK for Table:userTable
2019-07-14 10:56:07,253 INFO  db.DBStoreBuilder (DBStoreBuilder.java:addTable(110)) - using custom profile for table: volumeTable
2019-07-14 10:56:07,254 INFO  db.DBStoreBuilder (DBStoreBuilder.java:processTables(161)) - Using default column profile:DBProfile.DISK for Table:volumeTable
2019-07-14 10:56:07,254 INFO  db.DBStoreBuilder (DBStoreBuilder.java:addTable(110)) - using custom profile for table: bucketTable
2019-07-14 10:56:07,254 INFO  db.DBStoreBuilder (DBStoreBuilder.java:processTables(161)) - Using default column profile:DBProfile.DISK for Table:bucketTable
2019-07-14 10:56:07,255 INFO  db.DBStoreBuilder (DBStoreBuilder.java:addTable(110)) - using custom profile for table: keyTable
2019-07-14 10:56:07,255 INFO  db.DBStoreBuilder (DBStoreBuilder.java:processTables(161)) - Using default column profile:DBProfile.DISK for Table:keyTable
2019-07-14 10:56:07,256 INFO  db.DBStoreBuilder (DBStoreBuilder.java:addTable(110)) - using custom profile for table: deletedTable
2019-07-14 10:56:07,256 INFO  db.DBStoreBuilder (DBStoreBuilder.java:processTables(161)) - Using default column profile:DBProfile.DISK for Table:deletedTable
2019-07-14 10:56:07,257 INFO  db.DBStoreBuilder (DBStoreBuilder.java:addTable(110)) - using custom profile for table: openKeyTable
2019-07-14 10:56:07,257 INFO  db.DBStoreBuilder (DBStoreBuilder.java:processTables(161)) - Using default column profile:DBProfile.DISK for Table:openKeyTable
2019-07-14 10:56:07,257 INFO  db.DBStoreBuilder (DBStoreBuilder.java:addTable(110)) - using custom profile for table: s3Table
2019-07-14 10:56:07,258 INFO  db.DBStoreBuilder (DBStoreBuilder.java:processTables(161)) - Using default column profile:DBProfile.DISK for Table:s3Table
2019-07-14 10:56:07,258 INFO  db.DBStoreBuilder (DBStoreBuilder.java:addTable(110)) - using custom profile for table: multipartInfoTable
2019-07-14 10:56:07,258 INFO  db.DBStoreBuilder (DBStoreBuilder.java:processTables(161)) - Using default column profile:DBProfile.DISK for Table:multipartInfoTable
2019-07-14 10:56:07,259 INFO  db.DBStoreBuilder (DBStoreBuilder.java:addTable(110)) - using custom profile for table: dTokenTable
2019-07-14 10:56:07,259 INFO  db.DBStoreBuilder (DBStoreBuilder.java:processTables(161)) - Using default column profile:DBProfile.DISK for Table:dTokenTable
2019-07-14 10:56:07,260 INFO  db.DBStoreBuilder (DBStoreBuilder.java:addTable(110)) - using custom profile for table: s3SecretTable
2019-07-14 10:56:07,260 INFO  db.DBStoreBuilder (DBStoreBuilder.java:processTables(161)) - Using default column profile:DBProfile.DISK for Table:s3SecretTable
2019-07-14 10:56:07,260 INFO  db.DBStoreBuilder (DBStoreBuilder.java:addTable(110)) - using custom profile for table: prefixTable
2019-07-14 10:56:07,261 INFO  db.DBStoreBuilder (DBStoreBuilder.java:processTables(161)) - Using default column profile:DBProfile.DISK for Table:prefixTable
2019-07-14 10:56:07,261 INFO  db.DBStoreBuilder (DBStoreBuilder.java:addTable(110)) - using custom profile for table: default
2019-07-14 10:56:07,261 INFO  db.DBStoreBuilder (DBStoreBuilder.java:processTables(167)) - Using default column profile:DBProfile.DISK for Table:default
2019-07-14 10:56:07,262 INFO  db.DBStoreBuilder (DBStoreBuilder.java:getDbProfile(198)) - Using default options. DBProfile.DISK
2019-07-14 10:56:08,158 INFO  ipc.CallQueueManager (CallQueueManager.java:<init>(84)) - Using callQueue: class java.util.concurrent.LinkedBlockingQueue, queueCapacity: 2000, scheduler: class org.apache.hadoop.ipc.DefaultRpcScheduler, ipcBackoff: false.
2019-07-14 10:56:08,160 INFO  ipc.Server (Server.java:run(1074)) - Starting Socket Reader #1 for port 42171
2019-07-14 10:56:08,187 WARN  server.ServerUtils (ServerUtils.java:getDBPath(222)) - ozone.om.db.dirs is not configured. We recommend adding this setting. Falling back to ozone.metadata.dirs instead.
2019-07-14 10:56:08,188 INFO  om.OzoneManager (OzoneManager.java:start(1228)) - OzoneManager RPC server is listening at localhost/127.0.0.1:42171
2019-07-14 10:56:08,188 INFO  impl.MetricsSystemImpl (MetricsSystemImpl.java:init(158)) - OzoneManager metrics system started (again)
2019-07-14 10:56:08,190 INFO  ipc.Server (Server.java:run(1314)) - IPC Server Responder: starting
2019-07-14 10:56:08,190 INFO  ipc.Server (Server.java:run(1153)) - IPC Server listener on 42171: starting
2019-07-14 10:56:08,203 INFO  hdfs.DFSUtil (DFSUtil.java:httpServerTemplateForNNAndJN(1641)) - Starting Web-server for ozoneManager at: http://0.0.0.0:0
2019-07-14 10:56:08,205 INFO  server.AuthenticationFilter (AuthenticationFilter.java:constructSecretProvider(240)) - Unable to initialize FileSignerSecretProvider, falling back to use random secrets.
2019-07-14 10:56:08,206 WARN  http.HttpRequestLog (HttpRequestLog.java:getRequestLog(97)) - Jetty request log can only be enabled using Log4j
2019-07-14 10:56:08,210 INFO  http.HttpServer2 (HttpServer2.java:addGlobalFilter(975)) - Added global filter 'safety' (class=org.apache.hadoop.http.HttpServer2$QuotingInputFilter)
2019-07-14 10:56:08,211 INFO  http.HttpServer2 (HttpServer2.java:addFilter(948)) - Added filter static_user_filter (class=org.apache.hadoop.http.lib.StaticUserWebFilter$StaticUserFilter) to context ozoneManager
2019-07-14 10:56:08,211 INFO  http.HttpServer2 (HttpServer2.java:addFilter(958)) - Added filter static_user_filter (class=org.apache.hadoop.http.lib.StaticUserWebFilter$StaticUserFilter) to context static
2019-07-14 10:56:08,211 INFO  http.HttpServer2 (HttpServer2.java:addFilter(958)) - Added filter static_user_filter (class=org.apache.hadoop.http.lib.StaticUserWebFilter$StaticUserFilter) to context logs
2019-07-14 10:56:08,214 INFO  http.HttpServer2 (HttpServer2.java:bindListener(1191)) - Jetty bound to port 42419
2019-07-14 10:56:08,214 INFO  server.Server (Server.java:doStart(351)) - jetty-9.3.24.v20180605, build timestamp: 2018-06-05T17:11:56Z, git hash: 84205aa28f11a4f31f2a3b86d1bba2cc8ab69827
2019-07-14 10:56:08,217 INFO  handler.ContextHandler (ContextHandler.java:doStart(781)) - Started o.e.j.s.ServletContextHandler@301d8120{/logs,file:///workdir/hadoop-ozone/integration-test/target/log,AVAILABLE}
2019-07-14 10:56:08,218 INFO  handler.ContextHandler (ContextHandler.java:doStart(781)) - Started o.e.j.s.ServletContextHandler@72458efc{/static,file:///workdir/hadoop-ozone/integration-test/target/test-classes/webapps/static,AVAILABLE}
2019-07-14 10:56:08,225 INFO  handler.ContextHandler (ContextHandler.java:doStart(781)) - Started o.e.j.w.WebAppContext@6a84bc2a{/,file:///workdir/hadoop-ozone/integration-test/target/test-classes/webapps/ozoneManager/,AVAILABLE}{/ozoneManager}
2019-07-14 10:56:08,226 INFO  server.AbstractConnector (AbstractConnector.java:doStart(278)) - Started ServerConnector@5183d589{HTTP/1.1,[http/1.1]}{0.0.0.0:42419}
2019-07-14 10:56:08,226 INFO  server.Server (Server.java:doStart(419)) - Started @4050ms
2019-07-14 10:56:08,227 INFO  server.BaseHttpServer (BaseHttpServer.java:updateConnectorAddress(207)) - HTTP server of OZONEMANAGER is listening at http://0.0.0.0:42419
2019-07-14 10:56:08,552 INFO  impl.MetricsSystemImpl (MetricsSystemImpl.java:init(158)) - HddsDatanode metrics system started (again)
2019-07-14 10:56:08,640 INFO  ozone.HddsDatanodeService (HddsDatanodeService.java:start(185)) - HddsDatanodeService host:trunk-nightly-fxmrv-2540794721 ip:192.168.157.209
2019-07-14 10:56:08,672 INFO  volume.HddsVolume (HddsVolume.java:<init>(176)) - Creating Volume: /workdir/hadoop-ozone/integration-test/target/test-dir/MiniOzoneClusterImpl-52a04bec-b74b-4afb-8d03-540e96dbba4c/datanode-0/data/containers/hdds of  storage type : DISK and capacity : 52710309888
2019-07-14 10:56:08,674 INFO  volume.VolumeSet (VolumeSet.java:initializeVolumeSet(170)) - Added Volume : /workdir/hadoop-ozone/integration-test/target/test-dir/MiniOzoneClusterImpl-52a04bec-b74b-4afb-8d03-540e96dbba4c/datanode-0/data/containers/hdds to VolumeSet
2019-07-14 10:56:08,677 INFO  volume.ThrottledAsyncChecker (ThrottledAsyncChecker.java:schedule(140)) - Scheduling a check for org.apache.hadoop.ozone.container.common.volume.HddsVolume@451f87af
2019-07-14 10:56:08,694 INFO  volume.HddsVolumeChecker (HddsVolumeChecker.java:checkAllVolumes(203)) - Scheduled health check for volume org.apache.hadoop.ozone.container.common.volume.HddsVolume@451f87af
2019-07-14 10:56:08,804 INFO  impl.RaftServerProxy (ConfUtils.java:logGet(43)) - raft.rpc.type = GRPC (default)
2019-07-14 10:56:08,867 INFO  grpc.GrpcFactory (GrpcFactory.java:checkPooledByteBufAllocatorUseCacheForAllThreads(45)) - PERFORMANCE WARNING: useCacheForAllThreads is true that may cause Netty to create a lot garbage objects and, as a result, trigger GC.
	It is recommended to disable useCacheForAllThreads by setting -Dorg.apache.ratis.thirdparty.io.netty.allocator.useCacheForAllThreads=false in command line.
2019-07-14 10:56:08,872 INFO  grpc.GrpcConfigKeys$Server (ConfUtils.java:logGet(43)) - raft.grpc.server.port = 0 (default)
2019-07-14 10:56:08,873 INFO  server.GrpcService (ConfUtils.java:logGet(43)) - raft.grpc.message.size.max = 33570816 (custom)
2019-07-14 10:56:08,874 INFO  server.RaftServerConfigKeys (ConfUtils.java:logGet(43)) - raft.server.log.appender.buffer.byte-limit = 33554432 (custom)
2019-07-14 10:56:08,875 INFO  server.GrpcService (ConfUtils.java:logGet(43)) - raft.grpc.flow.control.window = 1MB (=1048576) (default)
2019-07-14 10:56:08,876 INFO  server.RaftServerConfigKeys (ConfUtils.java:logGet(43)) - raft.server.rpc.request.timeout = 3000ms (default)
2019-07-14 10:56:09,033 INFO  server.RaftServerConfigKeys (ConfUtils.java:logGet(43)) - raft.server.storage.dir = [/workdir/hadoop-ozone/integration-test/target/test-dir/MiniOzoneClusterImpl-52a04bec-b74b-4afb-8d03-540e96dbba4c/datanode-0/data/ratis] (custom)
2019-07-14 10:56:09,068 INFO  replication.SimpleContainerDownloader (SimpleContainerDownloader.java:<init>(72)) - Starting container downloader service to copy containers to replicate.
2019-07-14 10:56:09,081 INFO  hdfs.DFSUtil (DFSUtil.java:httpServerTemplateForNNAndJN(1641)) - Starting Web-server for hddsDatanode at: http://0.0.0.0:0
2019-07-14 10:56:09,084 INFO  server.AuthenticationFilter (AuthenticationFilter.java:constructSecretProvider(240)) - Unable to initialize FileSignerSecretProvider, falling back to use random secrets.
2019-07-14 10:56:09,086 WARN  http.HttpRequestLog (HttpRequestLog.java:getRequestLog(97)) - Jetty request log can only be enabled using Log4j
2019-07-14 10:56:09,089 INFO  http.HttpServer2 (HttpServer2.java:addGlobalFilter(975)) - Added global filter 'safety' (class=org.apache.hadoop.http.HttpServer2$QuotingInputFilter)
2019-07-14 10:56:09,090 INFO  http.HttpServer2 (HttpServer2.java:addFilter(948)) - Added filter static_user_filter (class=org.apache.hadoop.http.lib.StaticUserWebFilter$StaticUserFilter) to context hddsDatanode
2019-07-14 10:56:09,091 INFO  http.HttpServer2 (HttpServer2.java:addFilter(958)) - Added filter static_user_filter (class=org.apache.hadoop.http.lib.StaticUserWebFilter$StaticUserFilter) to context static
2019-07-14 10:56:09,091 INFO  http.HttpServer2 (HttpServer2.java:addFilter(958)) - Added filter static_user_filter (class=org.apache.hadoop.http.lib.StaticUserWebFilter$StaticUserFilter) to context logs
2019-07-14 10:56:09,093 INFO  http.HttpServer2 (HttpServer2.java:bindListener(1191)) - Jetty bound to port 41986
2019-07-14 10:56:09,093 INFO  server.Server (Server.java:doStart(351)) - jetty-9.3.24.v20180605, build timestamp: 2018-06-05T17:11:56Z, git hash: 84205aa28f11a4f31f2a3b86d1bba2cc8ab69827
2019-07-14 10:56:09,096 INFO  handler.ContextHandler (ContextHandler.java:doStart(781)) - Started o.e.j.s.ServletContextHandler@21c815e4{/logs,file:///workdir/hadoop-ozone/integration-test/target/log,AVAILABLE}
2019-07-14 10:56:09,097 INFO  handler.ContextHandler (ContextHandler.java:doStart(781)) - Started o.e.j.s.ServletContextHandler@2a331b46{/static,jar:file:/home/user/.m2/repository/org/apache/hadoop/hadoop-hdds-container-service/0.5.0-SNAPSHOT/hadoop-hdds-container-service-0.5.0-SNAPSHOT.jar!/webapps/static,AVAILABLE}
2019-07-14 10:56:09,146 INFO  handler.ContextHandler (ContextHandler.java:doStart(781)) - Started o.e.j.w.WebAppContext@113e13f9{/,file:///tmp/jetty-0.0.0.0-41986-hddsDatanode-_-any-8013274939450401432.dir/webapp/,AVAILABLE}{/hddsDatanode}
2019-07-14 10:56:09,147 INFO  server.AbstractConnector (AbstractConnector.java:doStart(278)) - Started ServerConnector@1c7f96b1{HTTP/1.1,[http/1.1]}{0.0.0.0:41986}
2019-07-14 10:56:09,148 INFO  server.Server (Server.java:doStart(419)) - Started @4971ms
2019-07-14 10:56:09,150 INFO  server.BaseHttpServer (BaseHttpServer.java:updateConnectorAddress(207)) - HTTP server of HDDSDATANODE is listening at http://0.0.0.0:41986
2019-07-14 10:56:10,299 INFO  ozone.HddsDatanodeService (HddsDatanodeService.java:startPlugins(396)) - Started plug-in org.apache.hadoop.ozone.web.OzoneHddsDatanodeService@5f61371d
2019-07-14 10:56:10,301 INFO  impl.MetricsSystemImpl (MetricsSystemImpl.java:init(158)) - HddsDatanode metrics system started (again)
2019-07-14 10:56:10,302 INFO  ozone.HddsDatanodeService (HddsDatanodeService.java:start(185)) - HddsDatanodeService host:trunk-nightly-fxmrv-2540794721 ip:192.168.157.209
2019-07-14 10:56:10,309 INFO  util.JvmPauseMonitor (JvmPauseMonitor.java:run(188)) - Starting JVM pause monitor
2019-07-14 10:56:10,314 INFO  volume.HddsVolume (HddsVolume.java:<init>(176)) - Creating Volume: /workdir/hadoop-ozone/integration-test/target/test-dir/MiniOzoneClusterImpl-52a04bec-b74b-4afb-8d03-540e96dbba4c/datanode-1/data/containers/hdds of  storage type : DISK and capacity : 52710309888
2019-07-14 10:56:10,315 INFO  volume.VolumeSet (VolumeSet.java:initializeVolumeSet(170)) - Added Volume : /workdir/hadoop-ozone/integration-test/target/test-dir/MiniOzoneClusterImpl-52a04bec-b74b-4afb-8d03-540e96dbba4c/datanode-1/data/containers/hdds to VolumeSet
2019-07-14 10:56:10,317 INFO  volume.ThrottledAsyncChecker (ThrottledAsyncChecker.java:schedule(140)) - Scheduling a check for org.apache.hadoop.ozone.container.common.volume.HddsVolume@45292ec1
2019-07-14 10:56:10,319 INFO  volume.HddsVolumeChecker (HddsVolumeChecker.java:checkAllVolumes(203)) - Scheduled health check for volume org.apache.hadoop.ozone.container.common.volume.HddsVolume@45292ec1
2019-07-14 10:56:10,351 INFO  impl.RaftServerProxy (ConfUtils.java:logGet(43)) - raft.rpc.type = GRPC (default)
2019-07-14 10:56:10,352 INFO  grpc.GrpcFactory (GrpcFactory.java:checkPooledByteBufAllocatorUseCacheForAllThreads(45)) - PERFORMANCE WARNING: useCacheForAllThreads is true that may cause Netty to create a lot garbage objects and, as a result, trigger GC.
	It is recommended to disable useCacheForAllThreads by setting -Dorg.apache.ratis.thirdparty.io.netty.allocator.useCacheForAllThreads=false in command line.
2019-07-14 10:56:10,352 INFO  grpc.GrpcConfigKeys$Server (ConfUtils.java:logGet(43)) - raft.grpc.server.port = 0 (default)
2019-07-14 10:56:10,353 INFO  server.GrpcService (ConfUtils.java:logGet(43)) - raft.grpc.message.size.max = 33570816 (custom)
2019-07-14 10:56:10,353 INFO  server.RaftServerConfigKeys (ConfUtils.java:logGet(43)) - raft.server.log.appender.buffer.byte-limit = 33554432 (custom)
2019-07-14 10:56:10,353 INFO  server.GrpcService (ConfUtils.java:logGet(43)) - raft.grpc.flow.control.window = 1MB (=1048576) (default)
2019-07-14 10:56:10,354 INFO  server.RaftServerConfigKeys (ConfUtils.java:logGet(43)) - raft.server.rpc.request.timeout = 3000ms (default)
2019-07-14 10:56:10,357 INFO  server.RaftServerConfigKeys (ConfUtils.java:logGet(43)) - raft.server.storage.dir = [/workdir/hadoop-ozone/integration-test/target/test-dir/MiniOzoneClusterImpl-52a04bec-b74b-4afb-8d03-540e96dbba4c/datanode-1/data/ratis] (custom)
2019-07-14 10:56:10,358 INFO  replication.SimpleContainerDownloader (SimpleContainerDownloader.java:<init>(72)) - Starting container downloader service to copy containers to replicate.
2019-07-14 10:56:10,361 INFO  hdfs.DFSUtil (DFSUtil.java:httpServerTemplateForNNAndJN(1641)) - Starting Web-server for hddsDatanode at: http://0.0.0.0:0
2019-07-14 10:56:10,365 INFO  server.AuthenticationFilter (AuthenticationFilter.java:constructSecretProvider(240)) - Unable to initialize FileSignerSecretProvider, falling back to use random secrets.
2019-07-14 10:56:10,367 WARN  http.HttpRequestLog (HttpRequestLog.java:getRequestLog(97)) - Jetty request log can only be enabled using Log4j
2019-07-14 10:56:10,370 INFO  http.HttpServer2 (HttpServer2.java:addGlobalFilter(975)) - Added global filter 'safety' (class=org.apache.hadoop.http.HttpServer2$QuotingInputFilter)
2019-07-14 10:56:10,371 INFO  http.HttpServer2 (HttpServer2.java:addFilter(948)) - Added filter static_user_filter (class=org.apache.hadoop.http.lib.StaticUserWebFilter$StaticUserFilter) to context hddsDatanode
2019-07-14 10:56:10,371 INFO  http.HttpServer2 (HttpServer2.java:addFilter(958)) - Added filter static_user_filter (class=org.apache.hadoop.http.lib.StaticUserWebFilter$StaticUserFilter) to context logs
2019-07-14 10:56:10,372 INFO  http.HttpServer2 (HttpServer2.java:addFilter(958)) - Added filter static_user_filter (class=org.apache.hadoop.http.lib.StaticUserWebFilter$StaticUserFilter) to context static
2019-07-14 10:56:10,373 INFO  http.HttpServer2 (HttpServer2.java:bindListener(1191)) - Jetty bound to port 36283
2019-07-14 10:56:10,374 INFO  server.Server (Server.java:doStart(351)) - jetty-9.3.24.v20180605, build timestamp: 2018-06-05T17:11:56Z, git hash: 84205aa28f11a4f31f2a3b86d1bba2cc8ab69827
2019-07-14 10:56:10,377 INFO  handler.ContextHandler (ContextHandler.java:doStart(781)) - Started o.e.j.s.ServletContextHandler@570ba13{/logs,file:///workdir/hadoop-ozone/integration-test/target/log,AVAILABLE}
2019-07-14 10:56:10,377 INFO  handler.ContextHandler (ContextHandler.java:doStart(781)) - Started o.e.j.s.ServletContextHandler@525b1b70{/static,jar:file:/home/user/.m2/repository/org/apache/hadoop/hadoop-hdds-container-service/0.5.0-SNAPSHOT/hadoop-hdds-container-service-0.5.0-SNAPSHOT.jar!/webapps/static,AVAILABLE}
2019-07-14 10:56:10,423 INFO  handler.ContextHandler (ContextHandler.java:doStart(781)) - Started o.e.j.w.WebAppContext@902fdbe{/,file:///tmp/jetty-0.0.0.0-36283-hddsDatanode-_-any-1762756087607617265.dir/webapp/,AVAILABLE}{/hddsDatanode}
2019-07-14 10:56:10,425 INFO  server.AbstractConnector (AbstractConnector.java:doStart(278)) - Started ServerConnector@796d33eb{HTTP/1.1,[http/1.1]}{0.0.0.0:36283}
2019-07-14 10:56:10,427 INFO  server.Server (Server.java:doStart(419)) - Started @6251ms
2019-07-14 10:56:10,428 INFO  server.BaseHttpServer (BaseHttpServer.java:updateConnectorAddress(207)) - HTTP server of HDDSDATANODE is listening at http://0.0.0.0:36283
2019-07-14 10:56:10,443 INFO  datanode.InitDatanodeState (InitDatanodeState.java:persistContainerDatanodeDetails(140)) - DatanodeDetails is persisted to /workdir/hadoop-ozone/integration-test/target/test-dir/MiniOzoneClusterImpl-52a04bec-b74b-4afb-8d03-540e96dbba4c/datanode-0/meta/datanode.id
2019-07-14 10:56:10,587 INFO  ozone.HddsDatanodeService (HddsDatanodeService.java:startPlugins(396)) - Started plug-in org.apache.hadoop.ozone.web.OzoneHddsDatanodeService@1e98b788
2019-07-14 10:56:10,587 INFO  impl.MetricsSystemImpl (MetricsSystemImpl.java:init(158)) - HddsDatanode metrics system started (again)
2019-07-14 10:56:10,589 INFO  ozone.HddsDatanodeService (HddsDatanodeService.java:start(185)) - HddsDatanodeService host:trunk-nightly-fxmrv-2540794721 ip:192.168.157.209
2019-07-14 10:56:10,591 INFO  util.JvmPauseMonitor (JvmPauseMonitor.java:run(188)) - Starting JVM pause monitor
2019-07-14 10:56:10,599 INFO  volume.HddsVolume (HddsVolume.java:<init>(176)) - Creating Volume: /workdir/hadoop-ozone/integration-test/target/test-dir/MiniOzoneClusterImpl-52a04bec-b74b-4afb-8d03-540e96dbba4c/datanode-2/data/containers/hdds of  storage type : DISK and capacity : 52710309888
2019-07-14 10:56:10,600 INFO  volume.VolumeSet (VolumeSet.java:initializeVolumeSet(170)) - Added Volume : /workdir/hadoop-ozone/integration-test/target/test-dir/MiniOzoneClusterImpl-52a04bec-b74b-4afb-8d03-540e96dbba4c/datanode-2/data/containers/hdds to VolumeSet
2019-07-14 10:56:10,600 INFO  volume.ThrottledAsyncChecker (ThrottledAsyncChecker.java:schedule(140)) - Scheduling a check for org.apache.hadoop.ozone.container.common.volume.HddsVolume@10f477e2
2019-07-14 10:56:10,600 INFO  datanode.InitDatanodeState (InitDatanodeState.java:persistContainerDatanodeDetails(140)) - DatanodeDetails is persisted to /workdir/hadoop-ozone/integration-test/target/test-dir/MiniOzoneClusterImpl-52a04bec-b74b-4afb-8d03-540e96dbba4c/datanode-1/meta/datanode.id
2019-07-14 10:56:10,601 INFO  volume.HddsVolumeChecker (HddsVolumeChecker.java:checkAllVolumes(203)) - Scheduled health check for volume org.apache.hadoop.ozone.container.common.volume.HddsVolume@10f477e2
2019-07-14 10:56:10,615 INFO  impl.RaftServerProxy (ConfUtils.java:logGet(43)) - raft.rpc.type = GRPC (default)
2019-07-14 10:56:10,615 INFO  grpc.GrpcFactory (GrpcFactory.java:checkPooledByteBufAllocatorUseCacheForAllThreads(45)) - PERFORMANCE WARNING: useCacheForAllThreads is true that may cause Netty to create a lot garbage objects and, as a result, trigger GC.
	It is recommended to disable useCacheForAllThreads by setting -Dorg.apache.ratis.thirdparty.io.netty.allocator.useCacheForAllThreads=false in command line.
2019-07-14 10:56:10,616 INFO  grpc.GrpcConfigKeys$Server (ConfUtils.java:logGet(43)) - raft.grpc.server.port = 0 (default)
2019-07-14 10:56:10,616 INFO  server.GrpcService (ConfUtils.java:logGet(43)) - raft.grpc.message.size.max = 33570816 (custom)
2019-07-14 10:56:10,616 INFO  server.RaftServerConfigKeys (ConfUtils.java:logGet(43)) - raft.server.log.appender.buffer.byte-limit = 33554432 (custom)
2019-07-14 10:56:10,616 INFO  server.GrpcService (ConfUtils.java:logGet(43)) - raft.grpc.flow.control.window = 1MB (=1048576) (default)
2019-07-14 10:56:10,616 INFO  server.RaftServerConfigKeys (ConfUtils.java:logGet(43)) - raft.server.rpc.request.timeout = 3000ms (default)
2019-07-14 10:56:10,617 INFO  server.RaftServerConfigKeys (ConfUtils.java:logGet(43)) - raft.server.storage.dir = [/workdir/hadoop-ozone/integration-test/target/test-dir/MiniOzoneClusterImpl-52a04bec-b74b-4afb-8d03-540e96dbba4c/datanode-2/data/ratis] (custom)
2019-07-14 10:56:10,618 INFO  replication.SimpleContainerDownloader (SimpleContainerDownloader.java:<init>(72)) - Starting container downloader service to copy containers to replicate.
2019-07-14 10:56:10,619 INFO  hdfs.DFSUtil (DFSUtil.java:httpServerTemplateForNNAndJN(1641)) - Starting Web-server for hddsDatanode at: http://0.0.0.0:0
2019-07-14 10:56:10,621 INFO  server.AuthenticationFilter (AuthenticationFilter.java:constructSecretProvider(240)) - Unable to initialize FileSignerSecretProvider, falling back to use random secrets.
2019-07-14 10:56:10,621 WARN  http.HttpRequestLog (HttpRequestLog.java:getRequestLog(97)) - Jetty request log can only be enabled using Log4j
2019-07-14 10:56:10,624 INFO  http.HttpServer2 (HttpServer2.java:addGlobalFilter(975)) - Added global filter 'safety' (class=org.apache.hadoop.http.HttpServer2$QuotingInputFilter)
2019-07-14 10:56:10,625 INFO  http.HttpServer2 (HttpServer2.java:addFilter(948)) - Added filter static_user_filter (class=org.apache.hadoop.http.lib.StaticUserWebFilter$StaticUserFilter) to context hddsDatanode
2019-07-14 10:56:10,625 INFO  http.HttpServer2 (HttpServer2.java:addFilter(958)) - Added filter static_user_filter (class=org.apache.hadoop.http.lib.StaticUserWebFilter$StaticUserFilter) to context logs
2019-07-14 10:56:10,625 INFO  http.HttpServer2 (HttpServer2.java:addFilter(958)) - Added filter static_user_filter (class=org.apache.hadoop.http.lib.StaticUserWebFilter$StaticUserFilter) to context static
2019-07-14 10:56:10,626 INFO  http.HttpServer2 (HttpServer2.java:bindListener(1191)) - Jetty bound to port 39641
2019-07-14 10:56:10,626 INFO  server.Server (Server.java:doStart(351)) - jetty-9.3.24.v20180605, build timestamp: 2018-06-05T17:11:56Z, git hash: 84205aa28f11a4f31f2a3b86d1bba2cc8ab69827
2019-07-14 10:56:10,630 INFO  handler.ContextHandler (ContextHandler.java:doStart(781)) - Started o.e.j.s.ServletContextHandler@27b337bb{/logs,file:///workdir/hadoop-ozone/integration-test/target/log,AVAILABLE}
2019-07-14 10:56:10,631 INFO  handler.ContextHandler (ContextHandler.java:doStart(781)) - Started o.e.j.s.ServletContextHandler@5c18d6d4{/static,jar:file:/home/user/.m2/repository/org/apache/hadoop/hadoop-hdds-container-service/0.5.0-SNAPSHOT/hadoop-hdds-container-service-0.5.0-SNAPSHOT.jar!/webapps/static,AVAILABLE}
2019-07-14 10:56:10,668 INFO  handler.ContextHandler (ContextHandler.java:doStart(781)) - Started o.e.j.w.WebAppContext@1ab14636{/,file:///tmp/jetty-0.0.0.0-39641-hddsDatanode-_-any-1640827288711530183.dir/webapp/,AVAILABLE}{/hddsDatanode}
2019-07-14 10:56:10,668 INFO  server.AbstractConnector (AbstractConnector.java:doStart(278)) - Started ServerConnector@16b3c905{HTTP/1.1,[http/1.1]}{0.0.0.0:39641}
2019-07-14 10:56:10,669 INFO  server.Server (Server.java:doStart(419)) - Started @6493ms
2019-07-14 10:56:10,671 INFO  server.BaseHttpServer (BaseHttpServer.java:updateConnectorAddress(207)) - HTTP server of HDDSDATANODE is listening at http://0.0.0.0:39641
2019-07-14 10:56:10,844 INFO  ozone.HddsDatanodeService (HddsDatanodeService.java:startPlugins(396)) - Started plug-in org.apache.hadoop.ozone.web.OzoneHddsDatanodeService@30922f8d
2019-07-14 10:56:10,844 INFO  impl.MetricsSystemImpl (MetricsSystemImpl.java:init(158)) - HddsDatanode metrics system started (again)
2019-07-14 10:56:10,846 INFO  ozone.HddsDatanodeService (HddsDatanodeService.java:start(185)) - HddsDatanodeService host:trunk-nightly-fxmrv-2540794721 ip:192.168.157.209
2019-07-14 10:56:10,848 INFO  util.JvmPauseMonitor (JvmPauseMonitor.java:run(188)) - Starting JVM pause monitor
2019-07-14 10:56:10,851 INFO  datanode.InitDatanodeState (InitDatanodeState.java:persistContainerDatanodeDetails(140)) - DatanodeDetails is persisted to /workdir/hadoop-ozone/integration-test/target/test-dir/MiniOzoneClusterImpl-52a04bec-b74b-4afb-8d03-540e96dbba4c/datanode-2/meta/datanode.id
2019-07-14 10:56:10,856 INFO  volume.HddsVolume (HddsVolume.java:<init>(176)) - Creating Volume: /workdir/hadoop-ozone/integration-test/target/test-dir/MiniOzoneClusterImpl-52a04bec-b74b-4afb-8d03-540e96dbba4c/datanode-3/data/containers/hdds of  storage type : DISK and capacity : 52710309888
2019-07-14 10:56:10,856 INFO  volume.VolumeSet (VolumeSet.java:initializeVolumeSet(170)) - Added Volume : /workdir/hadoop-ozone/integration-test/target/test-dir/MiniOzoneClusterImpl-52a04bec-b74b-4afb-8d03-540e96dbba4c/datanode-3/data/containers/hdds to VolumeSet
2019-07-14 10:56:10,857 INFO  volume.ThrottledAsyncChecker (ThrottledAsyncChecker.java:schedule(140)) - Scheduling a check for org.apache.hadoop.ozone.container.common.volume.HddsVolume@45d56062
2019-07-14 10:56:10,857 INFO  volume.HddsVolumeChecker (HddsVolumeChecker.java:checkAllVolumes(203)) - Scheduled health check for volume org.apache.hadoop.ozone.container.common.volume.HddsVolume@45d56062
2019-07-14 10:56:10,875 INFO  impl.RaftServerProxy (ConfUtils.java:logGet(43)) - raft.rpc.type = GRPC (default)
2019-07-14 10:56:10,875 INFO  grpc.GrpcFactory (GrpcFactory.java:checkPooledByteBufAllocatorUseCacheForAllThreads(45)) - PERFORMANCE WARNING: useCacheForAllThreads is true that may cause Netty to create a lot garbage objects and, as a result, trigger GC.
	It is recommended to disable useCacheForAllThreads by setting -Dorg.apache.ratis.thirdparty.io.netty.allocator.useCacheForAllThreads=false in command line.
2019-07-14 10:56:10,876 INFO  grpc.GrpcConfigKeys$Server (ConfUtils.java:logGet(43)) - raft.grpc.server.port = 0 (default)
2019-07-14 10:56:10,876 INFO  server.GrpcService (ConfUtils.java:logGet(43)) - raft.grpc.message.size.max = 33570816 (custom)
2019-07-14 10:56:10,876 INFO  server.RaftServerConfigKeys (ConfUtils.java:logGet(43)) - raft.server.log.appender.buffer.byte-limit = 33554432 (custom)
2019-07-14 10:56:10,876 INFO  server.GrpcService (ConfUtils.java:logGet(43)) - raft.grpc.flow.control.window = 1MB (=1048576) (default)
2019-07-14 10:56:10,877 INFO  server.RaftServerConfigKeys (ConfUtils.java:logGet(43)) - raft.server.rpc.request.timeout = 3000ms (default)
2019-07-14 10:56:10,877 INFO  server.RaftServerConfigKeys (ConfUtils.java:logGet(43)) - raft.server.storage.dir = [/workdir/hadoop-ozone/integration-test/target/test-dir/MiniOzoneClusterImpl-52a04bec-b74b-4afb-8d03-540e96dbba4c/datanode-3/data/ratis] (custom)
2019-07-14 10:56:10,878 INFO  replication.SimpleContainerDownloader (SimpleContainerDownloader.java:<init>(72)) - Starting container downloader service to copy containers to replicate.
2019-07-14 10:56:10,879 INFO  hdfs.DFSUtil (DFSUtil.java:httpServerTemplateForNNAndJN(1641)) - Starting Web-server for hddsDatanode at: http://0.0.0.0:0
2019-07-14 10:56:10,881 INFO  server.AuthenticationFilter (AuthenticationFilter.java:constructSecretProvider(240)) - Unable to initialize FileSignerSecretProvider, falling back to use random secrets.
2019-07-14 10:56:10,881 WARN  http.HttpRequestLog (HttpRequestLog.java:getRequestLog(97)) - Jetty request log can only be enabled using Log4j
2019-07-14 10:56:10,883 INFO  http.HttpServer2 (HttpServer2.java:addGlobalFilter(975)) - Added global filter 'safety' (class=org.apache.hadoop.http.HttpServer2$QuotingInputFilter)
2019-07-14 10:56:10,884 INFO  http.HttpServer2 (HttpServer2.java:addFilter(948)) - Added filter static_user_filter (class=org.apache.hadoop.http.lib.StaticUserWebFilter$StaticUserFilter) to context hddsDatanode
2019-07-14 10:56:10,884 INFO  http.HttpServer2 (HttpServer2.java:addFilter(958)) - Added filter static_user_filter (class=org.apache.hadoop.http.lib.StaticUserWebFilter$StaticUserFilter) to context static
2019-07-14 10:56:10,884 INFO  http.HttpServer2 (HttpServer2.java:addFilter(958)) - Added filter static_user_filter (class=org.apache.hadoop.http.lib.StaticUserWebFilter$StaticUserFilter) to context logs
2019-07-14 10:56:10,885 INFO  http.HttpServer2 (HttpServer2.java:bindListener(1191)) - Jetty bound to port 44248
2019-07-14 10:56:10,886 INFO  server.Server (Server.java:doStart(351)) - jetty-9.3.24.v20180605, build timestamp: 2018-06-05T17:11:56Z, git hash: 84205aa28f11a4f31f2a3b86d1bba2cc8ab69827
2019-07-14 10:56:10,888 INFO  handler.ContextHandler (ContextHandler.java:doStart(781)) - Started o.e.j.s.ServletContextHandler@4f081b5d{/logs,file:///workdir/hadoop-ozone/integration-test/target/log,AVAILABLE}
2019-07-14 10:56:10,889 INFO  handler.ContextHandler (ContextHandler.java:doStart(781)) - Started o.e.j.s.ServletContextHandler@740a0d5e{/static,jar:file:/home/user/.m2/repository/org/apache/hadoop/hadoop-hdds-container-service/0.5.0-SNAPSHOT/hadoop-hdds-container-service-0.5.0-SNAPSHOT.jar!/webapps/static,AVAILABLE}
2019-07-14 10:56:10,920 INFO  handler.ContextHandler (ContextHandler.java:doStart(781)) - Started o.e.j.w.WebAppContext@4ae2e781{/,file:///tmp/jetty-0.0.0.0-44248-hddsDatanode-_-any-392380289535502186.dir/webapp/,AVAILABLE}{/hddsDatanode}
2019-07-14 10:56:10,922 INFO  server.AbstractConnector (AbstractConnector.java:doStart(278)) - Started ServerConnector@339f3a55{HTTP/1.1,[http/1.1]}{0.0.0.0:44248}
2019-07-14 10:56:10,922 INFO  server.Server (Server.java:doStart(419)) - Started @6746ms
2019-07-14 10:56:10,924 INFO  server.BaseHttpServer (BaseHttpServer.java:updateConnectorAddress(207)) - HTTP server of HDDSDATANODE is listening at http://0.0.0.0:44248
2019-07-14 10:56:11,076 INFO  ozone.HddsDatanodeService (HddsDatanodeService.java:startPlugins(396)) - Started plug-in org.apache.hadoop.ozone.web.OzoneHddsDatanodeService@15605d83
2019-07-14 10:56:11,077 INFO  impl.MetricsSystemImpl (MetricsSystemImpl.java:init(158)) - HddsDatanode metrics system started (again)
2019-07-14 10:56:11,079 INFO  ozone.HddsDatanodeService (HddsDatanodeService.java:start(185)) - HddsDatanodeService host:trunk-nightly-fxmrv-2540794721 ip:192.168.157.209
2019-07-14 10:56:11,081 INFO  util.JvmPauseMonitor (JvmPauseMonitor.java:run(188)) - Starting JVM pause monitor
2019-07-14 10:56:11,084 INFO  datanode.InitDatanodeState (InitDatanodeState.java:persistContainerDatanodeDetails(140)) - DatanodeDetails is persisted to /workdir/hadoop-ozone/integration-test/target/test-dir/MiniOzoneClusterImpl-52a04bec-b74b-4afb-8d03-540e96dbba4c/datanode-3/meta/datanode.id
2019-07-14 10:56:11,088 INFO  volume.HddsVolume (HddsVolume.java:<init>(176)) - Creating Volume: /workdir/hadoop-ozone/integration-test/target/test-dir/MiniOzoneClusterImpl-52a04bec-b74b-4afb-8d03-540e96dbba4c/datanode-4/data/containers/hdds of  storage type : DISK and capacity : 52710309888
2019-07-14 10:56:11,088 INFO  volume.VolumeSet (VolumeSet.java:initializeVolumeSet(170)) - Added Volume : /workdir/hadoop-ozone/integration-test/target/test-dir/MiniOzoneClusterImpl-52a04bec-b74b-4afb-8d03-540e96dbba4c/datanode-4/data/containers/hdds to VolumeSet
2019-07-14 10:56:11,088 INFO  volume.ThrottledAsyncChecker (ThrottledAsyncChecker.java:schedule(140)) - Scheduling a check for org.apache.hadoop.ozone.container.common.volume.HddsVolume@6da54910
2019-07-14 10:56:11,089 INFO  volume.HddsVolumeChecker (HddsVolumeChecker.java:checkAllVolumes(203)) - Scheduled health check for volume org.apache.hadoop.ozone.container.common.volume.HddsVolume@6da54910
2019-07-14 10:56:11,104 INFO  impl.RaftServerProxy (ConfUtils.java:logGet(43)) - raft.rpc.type = GRPC (default)
2019-07-14 10:56:11,105 INFO  grpc.GrpcFactory (GrpcFactory.java:checkPooledByteBufAllocatorUseCacheForAllThreads(45)) - PERFORMANCE WARNING: useCacheForAllThreads is true that may cause Netty to create a lot garbage objects and, as a result, trigger GC.
	It is recommended to disable useCacheForAllThreads by setting -Dorg.apache.ratis.thirdparty.io.netty.allocator.useCacheForAllThreads=false in command line.
2019-07-14 10:56:11,105 INFO  grpc.GrpcConfigKeys$Server (ConfUtils.java:logGet(43)) - raft.grpc.server.port = 0 (default)
2019-07-14 10:56:11,105 INFO  server.GrpcService (ConfUtils.java:logGet(43)) - raft.grpc.message.size.max = 33570816 (custom)
2019-07-14 10:56:11,105 INFO  server.RaftServerConfigKeys (ConfUtils.java:logGet(43)) - raft.server.log.appender.buffer.byte-limit = 33554432 (custom)
2019-07-14 10:56:11,105 INFO  server.GrpcService (ConfUtils.java:logGet(43)) - raft.grpc.flow.control.window = 1MB (=1048576) (default)
2019-07-14 10:56:11,106 INFO  server.RaftServerConfigKeys (ConfUtils.java:logGet(43)) - raft.server.rpc.request.timeout = 3000ms (default)
2019-07-14 10:56:11,106 INFO  server.RaftServerConfigKeys (ConfUtils.java:logGet(43)) - raft.server.storage.dir = [/workdir/hadoop-ozone/integration-test/target/test-dir/MiniOzoneClusterImpl-52a04bec-b74b-4afb-8d03-540e96dbba4c/datanode-4/data/ratis] (custom)
2019-07-14 10:56:11,107 INFO  replication.SimpleContainerDownloader (SimpleContainerDownloader.java:<init>(72)) - Starting container downloader service to copy containers to replicate.
2019-07-14 10:56:11,108 INFO  hdfs.DFSUtil (DFSUtil.java:httpServerTemplateForNNAndJN(1641)) - Starting Web-server for hddsDatanode at: http://0.0.0.0:0
2019-07-14 10:56:11,110 INFO  server.AuthenticationFilter (AuthenticationFilter.java:constructSecretProvider(240)) - Unable to initialize FileSignerSecretProvider, falling back to use random secrets.
2019-07-14 10:56:11,110 WARN  http.HttpRequestLog (HttpRequestLog.java:getRequestLog(97)) - Jetty request log can only be enabled using Log4j
2019-07-14 10:56:11,112 INFO  http.HttpServer2 (HttpServer2.java:addGlobalFilter(975)) - Added global filter 'safety' (class=org.apache.hadoop.http.HttpServer2$QuotingInputFilter)
2019-07-14 10:56:11,113 INFO  http.HttpServer2 (HttpServer2.java:addFilter(948)) - Added filter static_user_filter (class=org.apache.hadoop.http.lib.StaticUserWebFilter$StaticUserFilter) to context hddsDatanode
2019-07-14 10:56:11,113 INFO  http.HttpServer2 (HttpServer2.java:addFilter(958)) - Added filter static_user_filter (class=org.apache.hadoop.http.lib.StaticUserWebFilter$StaticUserFilter) to context logs
2019-07-14 10:56:11,113 INFO  http.HttpServer2 (HttpServer2.java:addFilter(958)) - Added filter static_user_filter (class=org.apache.hadoop.http.lib.StaticUserWebFilter$StaticUserFilter) to context static
2019-07-14 10:56:11,114 INFO  http.HttpServer2 (HttpServer2.java:bindListener(1191)) - Jetty bound to port 44919
2019-07-14 10:56:11,114 INFO  server.Server (Server.java:doStart(351)) - jetty-9.3.24.v20180605, build timestamp: 2018-06-05T17:11:56Z, git hash: 84205aa28f11a4f31f2a3b86d1bba2cc8ab69827
2019-07-14 10:56:11,120 INFO  handler.ContextHandler (ContextHandler.java:doStart(781)) - Started o.e.j.s.ServletContextHandler@640d604{/logs,file:///workdir/hadoop-ozone/integration-test/target/log,AVAILABLE}
2019-07-14 10:56:11,120 INFO  handler.ContextHandler (ContextHandler.java:doStart(781)) - Started o.e.j.s.ServletContextHandler@5438fa43{/static,jar:file:/home/user/.m2/repository/org/apache/hadoop/hadoop-hdds-container-service/0.5.0-SNAPSHOT/hadoop-hdds-container-service-0.5.0-SNAPSHOT.jar!/webapps/static,AVAILABLE}
2019-07-14 10:56:11,157 INFO  handler.ContextHandler (ContextHandler.java:doStart(781)) - Started o.e.j.w.WebAppContext@de77146{/,file:///tmp/jetty-0.0.0.0-44919-hddsDatanode-_-any-8819712059484279537.dir/webapp/,AVAILABLE}{/hddsDatanode}
2019-07-14 10:56:11,159 INFO  server.AbstractConnector (AbstractConnector.java:doStart(278)) - Started ServerConnector@691567ea{HTTP/1.1,[http/1.1]}{0.0.0.0:44919}
2019-07-14 10:56:11,159 INFO  server.Server (Server.java:doStart(419)) - Started @6983ms
2019-07-14 10:56:11,161 INFO  server.BaseHttpServer (BaseHttpServer.java:updateConnectorAddress(207)) - HTTP server of HDDSDATANODE is listening at http://0.0.0.0:44919
2019-07-14 10:56:11,332 INFO  ozone.HddsDatanodeService (HddsDatanodeService.java:startPlugins(396)) - Started plug-in org.apache.hadoop.ozone.web.OzoneHddsDatanodeService@2365ea38
2019-07-14 10:56:11,333 INFO  impl.MetricsSystemImpl (MetricsSystemImpl.java:init(158)) - HddsDatanode metrics system started (again)
2019-07-14 10:56:11,335 INFO  ozone.HddsDatanodeService (HddsDatanodeService.java:start(185)) - HddsDatanodeService host:trunk-nightly-fxmrv-2540794721 ip:192.168.157.209
2019-07-14 10:56:11,336 INFO  util.JvmPauseMonitor (JvmPauseMonitor.java:run(188)) - Starting JVM pause monitor
2019-07-14 10:56:11,340 INFO  datanode.InitDatanodeState (InitDatanodeState.java:persistContainerDatanodeDetails(140)) - DatanodeDetails is persisted to /workdir/hadoop-ozone/integration-test/target/test-dir/MiniOzoneClusterImpl-52a04bec-b74b-4afb-8d03-540e96dbba4c/datanode-4/meta/datanode.id
2019-07-14 10:56:11,344 INFO  volume.HddsVolume (HddsVolume.java:<init>(176)) - Creating Volume: /workdir/hadoop-ozone/integration-test/target/test-dir/MiniOzoneClusterImpl-52a04bec-b74b-4afb-8d03-540e96dbba4c/datanode-5/data/containers/hdds of  storage type : DISK and capacity : 52710309888
2019-07-14 10:56:11,345 INFO  volume.VolumeSet (VolumeSet.java:initializeVolumeSet(170)) - Added Volume : /workdir/hadoop-ozone/integration-test/target/test-dir/MiniOzoneClusterImpl-52a04bec-b74b-4afb-8d03-540e96dbba4c/datanode-5/data/containers/hdds to VolumeSet
2019-07-14 10:56:11,345 INFO  volume.ThrottledAsyncChecker (ThrottledAsyncChecker.java:schedule(140)) - Scheduling a check for org.apache.hadoop.ozone.container.common.volume.HddsVolume@7781263c
2019-07-14 10:56:11,345 INFO  volume.HddsVolumeChecker (HddsVolumeChecker.java:checkAllVolumes(203)) - Scheduled health check for volume org.apache.hadoop.ozone.container.common.volume.HddsVolume@7781263c
2019-07-14 10:56:11,364 INFO  impl.RaftServerProxy (ConfUtils.java:logGet(43)) - raft.rpc.type = GRPC (default)
2019-07-14 10:56:11,364 INFO  grpc.GrpcFactory (GrpcFactory.java:checkPooledByteBufAllocatorUseCacheForAllThreads(45)) - PERFORMANCE WARNING: useCacheForAllThreads is true that may cause Netty to create a lot garbage objects and, as a result, trigger GC.
	It is recommended to disable useCacheForAllThreads by setting -Dorg.apache.ratis.thirdparty.io.netty.allocator.useCacheForAllThreads=false in command line.
2019-07-14 10:56:11,364 INFO  grpc.GrpcConfigKeys$Server (ConfUtils.java:logGet(43)) - raft.grpc.server.port = 0 (default)
2019-07-14 10:56:11,365 INFO  server.GrpcService (ConfUtils.java:logGet(43)) - raft.grpc.message.size.max = 33570816 (custom)
2019-07-14 10:56:11,365 INFO  server.RaftServerConfigKeys (ConfUtils.java:logGet(43)) - raft.server.log.appender.buffer.byte-limit = 33554432 (custom)
2019-07-14 10:56:11,365 INFO  server.GrpcService (ConfUtils.java:logGet(43)) - raft.grpc.flow.control.window = 1MB (=1048576) (default)
2019-07-14 10:56:11,365 INFO  server.RaftServerConfigKeys (ConfUtils.java:logGet(43)) - raft.server.rpc.request.timeout = 3000ms (default)
2019-07-14 10:56:11,366 INFO  server.RaftServerConfigKeys (ConfUtils.java:logGet(43)) - raft.server.storage.dir = [/workdir/hadoop-ozone/integration-test/target/test-dir/MiniOzoneClusterImpl-52a04bec-b74b-4afb-8d03-540e96dbba4c/datanode-5/data/ratis] (custom)
2019-07-14 10:56:11,366 INFO  replication.SimpleContainerDownloader (SimpleContainerDownloader.java:<init>(72)) - Starting container downloader service to copy containers to replicate.
2019-07-14 10:56:11,368 INFO  hdfs.DFSUtil (DFSUtil.java:httpServerTemplateForNNAndJN(1641)) - Starting Web-server for hddsDatanode at: http://0.0.0.0:0
2019-07-14 10:56:11,370 INFO  server.AuthenticationFilter (AuthenticationFilter.java:constructSecretProvider(240)) - Unable to initialize FileSignerSecretProvider, falling back to use random secrets.
2019-07-14 10:56:11,370 WARN  http.HttpRequestLog (HttpRequestLog.java:getRequestLog(97)) - Jetty request log can only be enabled using Log4j
2019-07-14 10:56:11,372 INFO  http.HttpServer2 (HttpServer2.java:addGlobalFilter(975)) - Added global filter 'safety' (class=org.apache.hadoop.http.HttpServer2$QuotingInputFilter)
2019-07-14 10:56:11,372 INFO  http.HttpServer2 (HttpServer2.java:addFilter(948)) - Added filter static_user_filter (class=org.apache.hadoop.http.lib.StaticUserWebFilter$StaticUserFilter) to context hddsDatanode
2019-07-14 10:56:11,373 INFO  http.HttpServer2 (HttpServer2.java:addFilter(958)) - Added filter static_user_filter (class=org.apache.hadoop.http.lib.StaticUserWebFilter$StaticUserFilter) to context logs
2019-07-14 10:56:11,373 INFO  http.HttpServer2 (HttpServer2.java:addFilter(958)) - Added filter static_user_filter (class=org.apache.hadoop.http.lib.StaticUserWebFilter$StaticUserFilter) to context static
2019-07-14 10:56:11,374 INFO  http.HttpServer2 (HttpServer2.java:bindListener(1191)) - Jetty bound to port 38302
2019-07-14 10:56:11,374 INFO  server.Server (Server.java:doStart(351)) - jetty-9.3.24.v20180605, build timestamp: 2018-06-05T17:11:56Z, git hash: 84205aa28f11a4f31f2a3b86d1bba2cc8ab69827
2019-07-14 10:56:11,376 INFO  handler.ContextHandler (ContextHandler.java:doStart(781)) - Started o.e.j.s.ServletContextHandler@325162e9{/logs,file:///workdir/hadoop-ozone/integration-test/target/log,AVAILABLE}
2019-07-14 10:56:11,377 INFO  handler.ContextHandler (ContextHandler.java:doStart(781)) - Started o.e.j.s.ServletContextHandler@5c448ef{/static,jar:file:/home/user/.m2/repository/org/apache/hadoop/hadoop-hdds-container-service/0.5.0-SNAPSHOT/hadoop-hdds-container-service-0.5.0-SNAPSHOT.jar!/webapps/static,AVAILABLE}
2019-07-14 10:56:11,412 INFO  handler.ContextHandler (ContextHandler.java:doStart(781)) - Started o.e.j.w.WebAppContext@377dfb8d{/,file:///tmp/jetty-0.0.0.0-38302-hddsDatanode-_-any-5992138014512927857.dir/webapp/,AVAILABLE}{/hddsDatanode}
2019-07-14 10:56:11,413 INFO  server.AbstractConnector (AbstractConnector.java:doStart(278)) - Started ServerConnector@42a0786f{HTTP/1.1,[http/1.1]}{0.0.0.0:38302}
2019-07-14 10:56:11,413 INFO  server.Server (Server.java:doStart(419)) - Started @7237ms
2019-07-14 10:56:11,414 INFO  server.BaseHttpServer (BaseHttpServer.java:updateConnectorAddress(207)) - HTTP server of HDDSDATANODE is listening at http://0.0.0.0:38302
2019-07-14 10:56:11,570 INFO  ozone.HddsDatanodeService (HddsDatanodeService.java:startPlugins(396)) - Started plug-in org.apache.hadoop.ozone.web.OzoneHddsDatanodeService@165614f5
2019-07-14 10:56:11,571 INFO  impl.MetricsSystemImpl (MetricsSystemImpl.java:init(158)) - HddsDatanode metrics system started (again)
2019-07-14 10:56:11,573 INFO  ozone.HddsDatanodeService (HddsDatanodeService.java:start(185)) - HddsDatanodeService host:trunk-nightly-fxmrv-2540794721 ip:192.168.157.209
2019-07-14 10:56:11,575 INFO  util.JvmPauseMonitor (JvmPauseMonitor.java:run(188)) - Starting JVM pause monitor
2019-07-14 10:56:11,578 INFO  datanode.InitDatanodeState (InitDatanodeState.java:persistContainerDatanodeDetails(140)) - DatanodeDetails is persisted to /workdir/hadoop-ozone/integration-test/target/test-dir/MiniOzoneClusterImpl-52a04bec-b74b-4afb-8d03-540e96dbba4c/datanode-5/meta/datanode.id
2019-07-14 10:56:11,584 INFO  volume.HddsVolume (HddsVolume.java:<init>(176)) - Creating Volume: /workdir/hadoop-ozone/integration-test/target/test-dir/MiniOzoneClusterImpl-52a04bec-b74b-4afb-8d03-540e96dbba4c/datanode-6/data/containers/hdds of  storage type : DISK and capacity : 52710309888
2019-07-14 10:56:11,585 INFO  volume.VolumeSet (VolumeSet.java:initializeVolumeSet(170)) - Added Volume : /workdir/hadoop-ozone/integration-test/target/test-dir/MiniOzoneClusterImpl-52a04bec-b74b-4afb-8d03-540e96dbba4c/datanode-6/data/containers/hdds to VolumeSet
2019-07-14 10:56:11,585 INFO  volume.ThrottledAsyncChecker (ThrottledAsyncChecker.java:schedule(140)) - Scheduling a check for org.apache.hadoop.ozone.container.common.volume.HddsVolume@103c97ff
2019-07-14 10:56:11,586 INFO  volume.HddsVolumeChecker (HddsVolumeChecker.java:checkAllVolumes(203)) - Scheduled health check for volume org.apache.hadoop.ozone.container.common.volume.HddsVolume@103c97ff
2019-07-14 10:56:11,607 INFO  impl.RaftServerProxy (ConfUtils.java:logGet(43)) - raft.rpc.type = GRPC (default)
2019-07-14 10:56:11,607 INFO  grpc.GrpcFactory (GrpcFactory.java:checkPooledByteBufAllocatorUseCacheForAllThreads(45)) - PERFORMANCE WARNING: useCacheForAllThreads is true that may cause Netty to create a lot garbage objects and, as a result, trigger GC.
	It is recommended to disable useCacheForAllThreads by setting -Dorg.apache.ratis.thirdparty.io.netty.allocator.useCacheForAllThreads=false in command line.
2019-07-14 10:56:11,608 INFO  grpc.GrpcConfigKeys$Server (ConfUtils.java:logGet(43)) - raft.grpc.server.port = 0 (default)
2019-07-14 10:56:11,608 INFO  server.GrpcService (ConfUtils.java:logGet(43)) - raft.grpc.message.size.max = 33570816 (custom)
2019-07-14 10:56:11,608 INFO  server.RaftServerConfigKeys (ConfUtils.java:logGet(43)) - raft.server.log.appender.buffer.byte-limit = 33554432 (custom)
2019-07-14 10:56:11,609 INFO  server.GrpcService (ConfUtils.java:logGet(43)) - raft.grpc.flow.control.window = 1MB (=1048576) (default)
2019-07-14 10:56:11,609 INFO  server.RaftServerConfigKeys (ConfUtils.java:logGet(43)) - raft.server.rpc.request.timeout = 3000ms (default)
2019-07-14 10:56:11,610 INFO  server.RaftServerConfigKeys (ConfUtils.java:logGet(43)) - raft.server.storage.dir = [/workdir/hadoop-ozone/integration-test/target/test-dir/MiniOzoneClusterImpl-52a04bec-b74b-4afb-8d03-540e96dbba4c/datanode-6/data/ratis] (custom)
2019-07-14 10:56:11,610 INFO  replication.SimpleContainerDownloader (SimpleContainerDownloader.java:<init>(72)) - Starting container downloader service to copy containers to replicate.
2019-07-14 10:56:11,612 INFO  hdfs.DFSUtil (DFSUtil.java:httpServerTemplateForNNAndJN(1641)) - Starting Web-server for hddsDatanode at: http://0.0.0.0:0
2019-07-14 10:56:11,613 INFO  server.AuthenticationFilter (AuthenticationFilter.java:constructSecretProvider(240)) - Unable to initialize FileSignerSecretProvider, falling back to use random secrets.
2019-07-14 10:56:11,614 WARN  http.HttpRequestLog (HttpRequestLog.java:getRequestLog(97)) - Jetty request log can only be enabled using Log4j
2019-07-14 10:56:11,615 INFO  http.HttpServer2 (HttpServer2.java:addGlobalFilter(975)) - Added global filter 'safety' (class=org.apache.hadoop.http.HttpServer2$QuotingInputFilter)
2019-07-14 10:56:11,616 INFO  http.HttpServer2 (HttpServer2.java:addFilter(948)) - Added filter static_user_filter (class=org.apache.hadoop.http.lib.StaticUserWebFilter$StaticUserFilter) to context hddsDatanode
2019-07-14 10:56:11,616 INFO  http.HttpServer2 (HttpServer2.java:addFilter(958)) - Added filter static_user_filter (class=org.apache.hadoop.http.lib.StaticUserWebFilter$StaticUserFilter) to context logs
2019-07-14 10:56:11,616 INFO  http.HttpServer2 (HttpServer2.java:addFilter(958)) - Added filter static_user_filter (class=org.apache.hadoop.http.lib.StaticUserWebFilter$StaticUserFilter) to context static
2019-07-14 10:56:11,617 INFO  http.HttpServer2 (HttpServer2.java:bindListener(1191)) - Jetty bound to port 45710
2019-07-14 10:56:11,617 INFO  server.Server (Server.java:doStart(351)) - jetty-9.3.24.v20180605, build timestamp: 2018-06-05T17:11:56Z, git hash: 84205aa28f11a4f31f2a3b86d1bba2cc8ab69827
2019-07-14 10:56:11,661 INFO  handler.ContextHandler (ContextHandler.java:doStart(781)) - Started o.e.j.s.ServletContextHandler@35fa450f{/logs,file:///workdir/hadoop-ozone/integration-test/target/log,AVAILABLE}
2019-07-14 10:56:11,664 INFO  handler.ContextHandler (ContextHandler.java:doStart(781)) - Started o.e.j.s.ServletContextHandler@9b3be1c{/static,jar:file:/home/user/.m2/repository/org/apache/hadoop/hadoop-hdds-container-service/0.5.0-SNAPSHOT/hadoop-hdds-container-service-0.5.0-SNAPSHOT.jar!/webapps/static,AVAILABLE}
2019-07-14 10:56:11,712 INFO  handler.ContextHandler (ContextHandler.java:doStart(781)) - Started o.e.j.w.WebAppContext@4c7d7430{/,file:///tmp/jetty-0.0.0.0-45710-hddsDatanode-_-any-5594226294984387196.dir/webapp/,AVAILABLE}{/hddsDatanode}
2019-07-14 10:56:11,713 INFO  server.AbstractConnector (AbstractConnector.java:doStart(278)) - Started ServerConnector@4ea1aa52{HTTP/1.1,[http/1.1]}{0.0.0.0:45710}
2019-07-14 10:56:11,714 INFO  server.Server (Server.java:doStart(419)) - Started @7537ms
2019-07-14 10:56:11,714 INFO  server.BaseHttpServer (BaseHttpServer.java:updateConnectorAddress(207)) - HTTP server of HDDSDATANODE is listening at http://0.0.0.0:45710
2019-07-14 10:56:11,809 INFO  ozone.HddsDatanodeService (HddsDatanodeService.java:startPlugins(396)) - Started plug-in org.apache.hadoop.ozone.web.OzoneHddsDatanodeService@da09250
2019-07-14 10:56:11,813 INFO  ozone.MiniOzoneClusterImpl (MiniOzoneClusterImpl.java:lambda$waitForClusterToBeReady$0(142)) - Waiting for cluster to be ready. Got 0 of 7 DN Heartbeats.
2019-07-14 10:56:11,813 INFO  util.JvmPauseMonitor (JvmPauseMonitor.java:run(188)) - Starting JVM pause monitor
2019-07-14 10:56:11,816 INFO  datanode.InitDatanodeState (InitDatanodeState.java:persistContainerDatanodeDetails(140)) - DatanodeDetails is persisted to /workdir/hadoop-ozone/integration-test/target/test-dir/MiniOzoneClusterImpl-52a04bec-b74b-4afb-8d03-540e96dbba4c/datanode-6/meta/datanode.id
2019-07-14 10:56:12,369 INFO  ozoneimpl.OzoneContainer (OzoneContainer.java:start(186)) - Attempting to start container services.
2019-07-14 10:56:12,371 INFO  ozoneimpl.OzoneContainer (OzoneContainer.java:startContainerScrub(160)) - Background container scrubber has been disabled by hdds.containerscrub.enabled
2019-07-14 10:56:12,372 INFO  ratis.XceiverServerRatis (XceiverServerRatis.java:start(418)) - Starting XceiverServerRatis cf9ddd5b-0d8a-4db4-9e03-3942e5d9cdb2 at port 0
2019-07-14 10:56:12,396 INFO  impl.RaftServerProxy (RaftServerProxy.java:lambda$start$3(299)) - cf9ddd5b-0d8a-4db4-9e03-3942e5d9cdb2: start RPC server
2019-07-14 10:56:12,530 INFO  server.GrpcService (GrpcService.java:startImpl(149)) - cf9ddd5b-0d8a-4db4-9e03-3942e5d9cdb2: GrpcService started, listening on 0.0.0.0/0.0.0.0:43423
2019-07-14 10:56:12,531 INFO  ratis.XceiverServerRatis (XceiverServerRatis.java:start(428)) - XceiverServerRatis cf9ddd5b-0d8a-4db4-9e03-3942e5d9cdb2 is started using port 43423
2019-07-14 10:56:12,534 INFO  server.XceiverServerGrpc (XceiverServerGrpc.java:start(161)) - XceiverServerGrpc cf9ddd5b-0d8a-4db4-9e03-3942e5d9cdb2 is started using port 37280
2019-07-14 10:56:12,609 INFO  ozoneimpl.OzoneContainer (OzoneContainer.java:start(186)) - Attempting to start container services.
2019-07-14 10:56:12,612 INFO  ozoneimpl.OzoneContainer (OzoneContainer.java:startContainerScrub(160)) - Background container scrubber has been disabled by hdds.containerscrub.enabled
2019-07-14 10:56:12,612 INFO  ratis.XceiverServerRatis (XceiverServerRatis.java:start(418)) - Starting XceiverServerRatis ead0de76-64f0-414f-9177-e4eb047cf253 at port 0
2019-07-14 10:56:12,622 INFO  impl.RaftServerProxy (RaftServerProxy.java:lambda$start$3(299)) - ead0de76-64f0-414f-9177-e4eb047cf253: start RPC server
2019-07-14 10:56:12,626 INFO  server.GrpcService (GrpcService.java:startImpl(149)) - ead0de76-64f0-414f-9177-e4eb047cf253: GrpcService started, listening on 0.0.0.0/0.0.0.0:40464
2019-07-14 10:56:12,626 INFO  ratis.XceiverServerRatis (XceiverServerRatis.java:start(428)) - XceiverServerRatis ead0de76-64f0-414f-9177-e4eb047cf253 is started using port 40464
2019-07-14 10:56:12,629 INFO  server.XceiverServerGrpc (XceiverServerGrpc.java:start(161)) - XceiverServerGrpc ead0de76-64f0-414f-9177-e4eb047cf253 is started using port 46529
2019-07-14 10:56:12,813 INFO  ozone.MiniOzoneClusterImpl (MiniOzoneClusterImpl.java:lambda$waitForClusterToBeReady$0(142)) - Waiting for cluster to be ready. Got 0 of 7 DN Heartbeats.
2019-07-14 10:56:12,865 INFO  ozoneimpl.OzoneContainer (OzoneContainer.java:start(186)) - Attempting to start container services.
2019-07-14 10:56:12,867 INFO  ozoneimpl.OzoneContainer (OzoneContainer.java:startContainerScrub(160)) - Background container scrubber has been disabled by hdds.containerscrub.enabled
2019-07-14 10:56:12,868 INFO  ratis.XceiverServerRatis (XceiverServerRatis.java:start(418)) - Starting XceiverServerRatis 41e22389-d6b0-478d-9070-56a3106463d4 at port 0
2019-07-14 10:56:12,879 INFO  impl.RaftServerProxy (RaftServerProxy.java:lambda$start$3(299)) - 41e22389-d6b0-478d-9070-56a3106463d4: start RPC server
2019-07-14 10:56:12,883 INFO  server.GrpcService (GrpcService.java:startImpl(149)) - 41e22389-d6b0-478d-9070-56a3106463d4: GrpcService started, listening on 0.0.0.0/0.0.0.0:33052
2019-07-14 10:56:12,883 INFO  ratis.XceiverServerRatis (XceiverServerRatis.java:start(428)) - XceiverServerRatis 41e22389-d6b0-478d-9070-56a3106463d4 is started using port 33052
2019-07-14 10:56:12,886 INFO  server.XceiverServerGrpc (XceiverServerGrpc.java:start(161)) - XceiverServerGrpc 41e22389-d6b0-478d-9070-56a3106463d4 is started using port 42596
2019-07-14 10:56:13,097 INFO  ozoneimpl.OzoneContainer (OzoneContainer.java:start(186)) - Attempting to start container services.
2019-07-14 10:56:13,103 INFO  ozoneimpl.OzoneContainer (OzoneContainer.java:startContainerScrub(160)) - Background container scrubber has been disabled by hdds.containerscrub.enabled
2019-07-14 10:56:13,103 INFO  ratis.XceiverServerRatis (XceiverServerRatis.java:start(418)) - Starting XceiverServerRatis 19b02754-dda9-4f14-881a-2dac3900a1b7 at port 0
2019-07-14 10:56:13,116 INFO  impl.RaftServerProxy (RaftServerProxy.java:lambda$start$3(299)) - 19b02754-dda9-4f14-881a-2dac3900a1b7: start RPC server
2019-07-14 10:56:13,120 INFO  server.GrpcService (GrpcService.java:startImpl(149)) - 19b02754-dda9-4f14-881a-2dac3900a1b7: GrpcService started, listening on 0.0.0.0/0.0.0.0:34719
2019-07-14 10:56:13,120 INFO  ratis.XceiverServerRatis (XceiverServerRatis.java:start(428)) - XceiverServerRatis 19b02754-dda9-4f14-881a-2dac3900a1b7 is started using port 34719
2019-07-14 10:56:13,124 INFO  server.XceiverServerGrpc (XceiverServerGrpc.java:start(161)) - XceiverServerGrpc 19b02754-dda9-4f14-881a-2dac3900a1b7 is started using port 38030
2019-07-14 10:56:13,354 INFO  ozoneimpl.OzoneContainer (OzoneContainer.java:start(186)) - Attempting to start container services.
2019-07-14 10:56:13,354 INFO  ozoneimpl.OzoneContainer (OzoneContainer.java:startContainerScrub(160)) - Background container scrubber has been disabled by hdds.containerscrub.enabled
2019-07-14 10:56:13,355 INFO  ratis.XceiverServerRatis (XceiverServerRatis.java:start(418)) - Starting XceiverServerRatis c06b2e79-9a9d-4088-9e7f-3f1de9674769 at port 0
2019-07-14 10:56:13,365 INFO  impl.RaftServerProxy (RaftServerProxy.java:lambda$start$3(299)) - c06b2e79-9a9d-4088-9e7f-3f1de9674769: start RPC server
2019-07-14 10:56:13,369 INFO  server.GrpcService (GrpcService.java:startImpl(149)) - c06b2e79-9a9d-4088-9e7f-3f1de9674769: GrpcService started, listening on 0.0.0.0/0.0.0.0:43076
2019-07-14 10:56:13,370 INFO  ratis.XceiverServerRatis (XceiverServerRatis.java:start(428)) - XceiverServerRatis c06b2e79-9a9d-4088-9e7f-3f1de9674769 is started using port 43076
2019-07-14 10:56:13,373 INFO  server.XceiverServerGrpc (XceiverServerGrpc.java:start(161)) - XceiverServerGrpc c06b2e79-9a9d-4088-9e7f-3f1de9674769 is started using port 42769
2019-07-14 10:56:13,591 INFO  ozoneimpl.OzoneContainer (OzoneContainer.java:start(186)) - Attempting to start container services.
2019-07-14 10:56:13,591 INFO  ozoneimpl.OzoneContainer (OzoneContainer.java:startContainerScrub(160)) - Background container scrubber has been disabled by hdds.containerscrub.enabled
2019-07-14 10:56:13,591 INFO  ratis.XceiverServerRatis (XceiverServerRatis.java:start(418)) - Starting XceiverServerRatis d2ea99aa-e00d-49c2-bfb3-5f583ed448f8 at port 0
2019-07-14 10:56:13,599 INFO  impl.RaftServerProxy (RaftServerProxy.java:lambda$start$3(299)) - d2ea99aa-e00d-49c2-bfb3-5f583ed448f8: start RPC server
2019-07-14 10:56:13,604 INFO  server.GrpcService (GrpcService.java:startImpl(149)) - d2ea99aa-e00d-49c2-bfb3-5f583ed448f8: GrpcService started, listening on 0.0.0.0/0.0.0.0:42835
2019-07-14 10:56:13,604 INFO  ratis.XceiverServerRatis (XceiverServerRatis.java:start(428)) - XceiverServerRatis d2ea99aa-e00d-49c2-bfb3-5f583ed448f8 is started using port 42835
2019-07-14 10:56:13,608 INFO  server.XceiverServerGrpc (XceiverServerGrpc.java:start(161)) - XceiverServerGrpc d2ea99aa-e00d-49c2-bfb3-5f583ed448f8 is started using port 34270
2019-07-14 10:56:13,814 INFO  ozone.MiniOzoneClusterImpl (MiniOzoneClusterImpl.java:lambda$waitForClusterToBeReady$0(142)) - Waiting for cluster to be ready. Got 0 of 7 DN Heartbeats.
2019-07-14 10:56:13,831 INFO  ozoneimpl.OzoneContainer (OzoneContainer.java:start(186)) - Attempting to start container services.
2019-07-14 10:56:13,831 INFO  ozoneimpl.OzoneContainer (OzoneContainer.java:startContainerScrub(160)) - Background container scrubber has been disabled by hdds.containerscrub.enabled
2019-07-14 10:56:13,832 INFO  ratis.XceiverServerRatis (XceiverServerRatis.java:start(418)) - Starting XceiverServerRatis 1060c4c8-82a0-4b24-acfd-34a0a85a558b at port 0
2019-07-14 10:56:13,842 INFO  impl.RaftServerProxy (RaftServerProxy.java:lambda$start$3(299)) - 1060c4c8-82a0-4b24-acfd-34a0a85a558b: start RPC server
2019-07-14 10:56:13,847 INFO  server.GrpcService (GrpcService.java:startImpl(149)) - 1060c4c8-82a0-4b24-acfd-34a0a85a558b: GrpcService started, listening on 0.0.0.0/0.0.0.0:36689
2019-07-14 10:56:13,847 INFO  ratis.XceiverServerRatis (XceiverServerRatis.java:start(428)) - XceiverServerRatis 1060c4c8-82a0-4b24-acfd-34a0a85a558b is started using port 36689
2019-07-14 10:56:13,851 INFO  server.XceiverServerGrpc (XceiverServerGrpc.java:start(161)) - XceiverServerGrpc 1060c4c8-82a0-4b24-acfd-34a0a85a558b is started using port 33582
2019-07-14 10:56:14,355 INFO  net.NetworkTopology (NetworkTopologyImpl.java:add(110)) - Added a new node: /default-rack/192.168.157.209
2019-07-14 10:56:14,355 INFO  node.SCMNodeManager (SCMNodeManager.java:register(269)) - Registered Data node : cf9ddd5b-0d8a-4db4-9e03-3942e5d9cdb2{ip: 192.168.157.209, host: trunk-nightly-fxmrv-2540794721, networkLocation: /default-rack, certSerialId: null}
2019-07-14 10:56:14,362 INFO  safemode.SCMSafeModeManager (DataNodeSafeModeRule.java:process(71)) - SCM in safe mode. 1 DataNodes registered, 1 required.
2019-07-14 10:56:14,362 INFO  safemode.SCMSafeModeManager (SCMSafeModeManager.java:validateSafeModeExitRules(177)) - ScmSafeModeManager, all rules are successfully validated
2019-07-14 10:56:14,363 INFO  safemode.SCMSafeModeManager (SCMSafeModeManager.java:exitSafeMode(193)) - SCM exiting safe mode.
2019-07-14 10:56:14,597 INFO  node.SCMNodeManager (SCMNodeManager.java:register(269)) - Registered Data node : ead0de76-64f0-414f-9177-e4eb047cf253{ip: 192.168.157.209, host: trunk-nightly-fxmrv-2540794721, networkLocation: /default-rack, certSerialId: null}
2019-07-14 10:56:14,825 INFO  ozone.MiniOzoneClusterImpl (MiniOzoneClusterImpl.java:lambda$waitForClusterToBeReady$0(142)) - Waiting for cluster to be ready. Got 2 of 7 DN Heartbeats.
2019-07-14 10:56:14,851 INFO  node.SCMNodeManager (SCMNodeManager.java:register(269)) - Registered Data node : 41e22389-d6b0-478d-9070-56a3106463d4{ip: 192.168.157.209, host: trunk-nightly-fxmrv-2540794721, networkLocation: /default-rack, certSerialId: null}
2019-07-14 10:56:15,353 INFO  node.SCMNodeManager (SCMNodeManager.java:register(269)) - Registered Data node : 19b02754-dda9-4f14-881a-2dac3900a1b7{ip: 192.168.157.209, host: trunk-nightly-fxmrv-2540794721, networkLocation: /default-rack, certSerialId: null}
2019-07-14 10:56:15,353 INFO  node.SCMNodeManager (SCMNodeManager.java:register(269)) - Registered Data node : c06b2e79-9a9d-4088-9e7f-3f1de9674769{ip: 192.168.157.209, host: trunk-nightly-fxmrv-2540794721, networkLocation: /default-rack, certSerialId: null}
2019-07-14 10:56:15,406 INFO  impl.RaftServerProxy (RaftServerProxy.java:addNew(89)) - cf9ddd5b-0d8a-4db4-9e03-3942e5d9cdb2: addNew group-561E025B023F:[cf9ddd5b-0d8a-4db4-9e03-3942e5d9cdb2:192.168.157.209:43423] returns group-561E025B023F:java.util.concurrent.CompletableFuture@52b44603[Not completed]
2019-07-14 10:56:15,424 INFO  impl.RaftServerImpl (RaftServerImpl.java:<init>(93)) - cf9ddd5b-0d8a-4db4-9e03-3942e5d9cdb2: new RaftServerImpl for group-561E025B023F:[cf9ddd5b-0d8a-4db4-9e03-3942e5d9cdb2:192.168.157.209:43423] with ContainerStateMachine:uninitialized
2019-07-14 10:56:15,426 INFO  server.RaftServerConfigKeys (ConfUtils.java:logGet(43)) - raft.server.rpc.timeout.min = 5s (custom)
2019-07-14 10:56:15,428 INFO  server.RaftServerConfigKeys (ConfUtils.java:logGet(43)) - raft.server.rpc.timeout.max = 5200ms (custom)
2019-07-14 10:56:15,428 INFO  server.RaftServerConfigKeys (ConfUtils.java:logGet(43)) - raft.server.rpcslowness.timeout = 120s (custom)
2019-07-14 10:56:15,429 INFO  server.RaftServerConfigKeys (ConfUtils.java:logGet(43)) - raft.server.sleep.deviation.threshold = 300 (default)
2019-07-14 10:56:15,430 INFO  server.RaftServerConfigKeys (ConfUtils.java:logGet(43)) - raft.server.log.appender.install.snapshot.enabled = false (custom)
2019-07-14 10:56:15,440 INFO  impl.RaftServerImpl (ServerState.java:<init>(105)) - cf9ddd5b-0d8a-4db4-9e03-3942e5d9cdb2:group-561E025B023F ConfigurationManager, init=-1: [cf9ddd5b-0d8a-4db4-9e03-3942e5d9cdb2:192.168.157.209:43423], old=null, confs=<EMPTY_MAP>
2019-07-14 10:56:15,440 INFO  server.RaftServerConfigKeys (ConfUtils.java:logGet(43)) - raft.server.storage.dir = [/workdir/hadoop-ozone/integration-test/target/test-dir/MiniOzoneClusterImpl-52a04bec-b74b-4afb-8d03-540e96dbba4c/datanode-0/data/ratis] (custom)
2019-07-14 10:56:15,449 INFO  storage.RaftStorageDirectory (RaftStorageDirectory.java:analyzeStorage(246)) - The storage directory /workdir/hadoop-ozone/integration-test/target/test-dir/MiniOzoneClusterImpl-52a04bec-b74b-4afb-8d03-540e96dbba4c/datanode-0/data/ratis/e6feceec-3106-4c07-bf62-561e025b023f does not exist. Creating ...
2019-07-14 10:56:15,467 INFO  storage.RaftStorageDirectory (RaftStorageDirectory.java:tryLock(328)) - Lock on /workdir/hadoop-ozone/integration-test/target/test-dir/MiniOzoneClusterImpl-52a04bec-b74b-4afb-8d03-540e96dbba4c/datanode-0/data/ratis/e6feceec-3106-4c07-bf62-561e025b023f/in_use.lock acquired by nodename 18526@trunk-nightly-fxmrv-2540794721
2019-07-14 10:56:15,484 INFO  storage.RaftStorage (RaftStorage.java:format(72)) - Storage directory /workdir/hadoop-ozone/integration-test/target/test-dir/MiniOzoneClusterImpl-52a04bec-b74b-4afb-8d03-540e96dbba4c/datanode-0/data/ratis/e6feceec-3106-4c07-bf62-561e025b023f has been successfully formatted.
2019-07-14 10:56:15,486 INFO  ratis.ContainerStateMachine (ContainerStateMachine.java:loadSnapshot(200)) - group-561E025B023F: The snapshot info is null. Setting the last applied indexto:(t:0, i:~)
2019-07-14 10:56:15,487 INFO  server.RaftServerConfigKeys (ConfUtils.java:logGet(43)) - raft.server.leader.election.timeout = 120s (custom)
2019-07-14 10:56:15,489 INFO  server.RaftServerConfigKeys (ConfUtils.java:logGet(43)) - raft.server.log.use.memory = false (default)
2019-07-14 10:56:15,496 INFO  server.RaftServerConfigKeys (ConfUtils.java:logGet(43)) - raft.server.log.purge.gap = 1000000000 (custom)
2019-07-14 10:56:15,497 INFO  server.RaftServerConfigKeys (ConfUtils.java:logGet(43)) - raft.server.log.appender.buffer.byte-limit = 33554432 (custom)
2019-07-14 10:56:15,499 INFO  server.RaftServerConfigKeys (ConfUtils.java:logGet(43)) - raft.server.log.segment.size.max = 1048576 (custom)
2019-07-14 10:56:15,504 INFO  server.RaftServerConfigKeys (ConfUtils.java:logGet(43)) - raft.server.log.segment.cache.num.max = 2 (custom)
2019-07-14 10:56:15,511 INFO  segmented.SegmentedRaftLogWorker (SegmentedRaftLogWorker.java:<init>(172)) - new cf9ddd5b-0d8a-4db4-9e03-3942e5d9cdb2-SegmentedRaftLogWorker:Storage Directory /workdir/hadoop-ozone/integration-test/target/test-dir/MiniOzoneClusterImpl-52a04bec-b74b-4afb-8d03-540e96dbba4c/datanode-0/data/ratis/e6feceec-3106-4c07-bf62-561e025b023f for RaftStorage:Storage Directory /workdir/hadoop-ozone/integration-test/target/test-dir/MiniOzoneClusterImpl-52a04bec-b74b-4afb-8d03-540e96dbba4c/datanode-0/data/ratis/e6feceec-3106-4c07-bf62-561e025b023f
2019-07-14 10:56:15,526 INFO  server.RaftServerConfigKeys (ConfUtils.java:logGet(43)) - raft.server.log.queue.byte-limit = 2147483647 (custom)
2019-07-14 10:56:15,526 INFO  server.RaftServerConfigKeys (ConfUtils.java:logGet(43)) - raft.server.log.queue.element-limit = 1024 (custom)
2019-07-14 10:56:15,532 INFO  server.RaftServerConfigKeys (ConfUtils.java:logGet(43)) - raft.server.log.segment.size.max = 1048576 (custom)
2019-07-14 10:56:15,532 INFO  server.RaftServerConfigKeys (ConfUtils.java:logGet(43)) - raft.server.log.preallocated.size = 16384 (custom)
2019-07-14 10:56:15,533 INFO  server.RaftServerConfigKeys (ConfUtils.java:logGet(43)) - raft.server.log.write.buffer.size = 33554432 (custom)
2019-07-14 10:56:15,533 INFO  server.RaftServerConfigKeys (ConfUtils.java:logGet(43)) - raft.server.log.force.sync.num = 128 (default)
2019-07-14 10:56:15,534 INFO  server.RaftServerConfigKeys (ConfUtils.java:logGet(43)) - raft.server.log.statemachine.data.sync = true (default)
2019-07-14 10:56:15,534 INFO  server.RaftServerConfigKeys (ConfUtils.java:logGet(43)) - raft.server.log.statemachine.data.sync.timeout = 10s (default)
2019-07-14 10:56:15,535 INFO  server.RaftServerConfigKeys (ConfUtils.java:logGet(43)) - raft.server.log.statemachine.data.sync.timeout.retry = -1 (default)
2019-07-14 10:56:15,545 INFO  server.RaftServerConfigKeys (ConfUtils.java:logGet(43)) - raft.server.log.statemachine.data.caching.enabled = true (custom)
2019-07-14 10:56:15,550 INFO  segmented.SegmentedRaftLogWorker (SegmentedRaftLogWorker.java:lambda$new$0(132)) - cf9ddd5b-0d8a-4db4-9e03-3942e5d9cdb2-SegmentedRaftLogWorker:Storage Directory /workdir/hadoop-ozone/integration-test/target/test-dir/MiniOzoneClusterImpl-52a04bec-b74b-4afb-8d03-540e96dbba4c/datanode-0/data/ratis/e6feceec-3106-4c07-bf62-561e025b023f: flushIndex: setUnconditionally 0 -> -1
2019-07-14 10:56:15,554 INFO  server.RaftServerConfigKeys (ConfUtils.java:logGet(43)) - raft.server.snapshot.auto.trigger.enabled = true (custom)
2019-07-14 10:56:15,555 INFO  server.RaftServerConfigKeys (ConfUtils.java:logGet(43)) - raft.server.snapshot.auto.trigger.threshold = 10000 (custom)
2019-07-14 10:56:15,556 INFO  server.RaftServerConfigKeys (ConfUtils.java:logGet(43)) - raft.server.retrycache.expirytime = 600000ms (custom)
2019-07-14 10:56:15,578 INFO  impl.RaftServerImpl (RaftServerImpl.java:start(180)) - cf9ddd5b-0d8a-4db4-9e03-3942e5d9cdb2: start group-561E025B023F
2019-07-14 10:56:15,579 INFO  node.SCMNodeManager (SCMNodeManager.java:register(269)) - Registered Data node : d2ea99aa-e00d-49c2-bfb3-5f583ed448f8{ip: 192.168.157.209, host: trunk-nightly-fxmrv-2540794721, networkLocation: /default-rack, certSerialId: null}
2019-07-14 10:56:15,581 INFO  impl.RaftServerImpl (RaftServerImpl.java:setRole(171)) - cf9ddd5b-0d8a-4db4-9e03-3942e5d9cdb2:group-561E025B023F changes role from null to FOLLOWER at term 0 for startAsFollower
2019-07-14 10:56:15,582 INFO  impl.RoleInfo (RoleInfo.java:updateAndGet(143)) - cf9ddd5b-0d8a-4db4-9e03-3942e5d9cdb2: start FollowerState
2019-07-14 10:56:15,584 INFO  util.JmxRegister (JmxRegister.java:tryRegister(44)) - Successfully registered JMX Bean with object name Ratis:service=RaftServer,group=group-561E025B023F,id=cf9ddd5b-0d8a-4db4-9e03-3942e5d9cdb2
2019-07-14 10:56:15,651 INFO  pipeline.PipelineStateManager (PipelineStateManager.java:addPipeline(56)) - Created pipeline Pipeline[ Id: e6feceec-3106-4c07-bf62-561e025b023f, Nodes: cf9ddd5b-0d8a-4db4-9e03-3942e5d9cdb2{ip: 192.168.157.209, host: trunk-nightly-fxmrv-2540794721, networkLocation: /default-rack, certSerialId: null}, Type:RATIS, Factor:ONE, State:OPEN]
2019-07-14 10:56:15,677 INFO  impl.RaftServerProxy (RaftServerProxy.java:addNew(89)) - 41e22389-d6b0-478d-9070-56a3106463d4: addNew group-4BD9958EDFEE:[41e22389-d6b0-478d-9070-56a3106463d4:192.168.157.209:33052] returns group-4BD9958EDFEE:java.util.concurrent.CompletableFuture@55513c7d[Not completed]
2019-07-14 10:56:15,724 INFO  impl.RaftServerImpl (RaftServerImpl.java:<init>(93)) - 41e22389-d6b0-478d-9070-56a3106463d4: new RaftServerImpl for group-4BD9958EDFEE:[41e22389-d6b0-478d-9070-56a3106463d4:192.168.157.209:33052] with ContainerStateMachine:uninitialized
2019-07-14 10:56:15,725 INFO  server.RaftServerConfigKeys (ConfUtils.java:logGet(43)) - raft.server.rpc.timeout.min = 5s (custom)
2019-07-14 10:56:15,725 INFO  server.RaftServerConfigKeys (ConfUtils.java:logGet(43)) - raft.server.rpc.timeout.max = 5200ms (custom)
2019-07-14 10:56:15,725 INFO  server.RaftServerConfigKeys (ConfUtils.java:logGet(43)) - raft.server.rpcslowness.timeout = 120s (custom)
2019-07-14 10:56:15,725 INFO  server.RaftServerConfigKeys (ConfUtils.java:logGet(43)) - raft.server.sleep.deviation.threshold = 300 (default)
2019-07-14 10:56:15,726 INFO  server.RaftServerConfigKeys (ConfUtils.java:logGet(43)) - raft.server.log.appender.install.snapshot.enabled = false (custom)
2019-07-14 10:56:15,726 INFO  impl.RaftServerImpl (ServerState.java:<init>(105)) - 41e22389-d6b0-478d-9070-56a3106463d4:group-4BD9958EDFEE ConfigurationManager, init=-1: [41e22389-d6b0-478d-9070-56a3106463d4:192.168.157.209:33052], old=null, confs=<EMPTY_MAP>
2019-07-14 10:56:15,726 INFO  server.RaftServerConfigKeys (ConfUtils.java:logGet(43)) - raft.server.storage.dir = [/workdir/hadoop-ozone/integration-test/target/test-dir/MiniOzoneClusterImpl-52a04bec-b74b-4afb-8d03-540e96dbba4c/datanode-2/data/ratis] (custom)
2019-07-14 10:56:15,727 INFO  storage.RaftStorageDirectory (RaftStorageDirectory.java:analyzeStorage(246)) - The storage directory /workdir/hadoop-ozone/integration-test/target/test-dir/MiniOzoneClusterImpl-52a04bec-b74b-4afb-8d03-540e96dbba4c/datanode-2/data/ratis/8b1734f0-d165-4ca3-8eaf-4bd9958edfee does not exist. Creating ...
2019-07-14 10:56:15,741 INFO  storage.RaftStorageDirectory (RaftStorageDirectory.java:tryLock(328)) - Lock on /workdir/hadoop-ozone/integration-test/target/test-dir/MiniOzoneClusterImpl-52a04bec-b74b-4afb-8d03-540e96dbba4c/datanode-2/data/ratis/8b1734f0-d165-4ca3-8eaf-4bd9958edfee/in_use.lock acquired by nodename 18526@trunk-nightly-fxmrv-2540794721
2019-07-14 10:56:15,758 INFO  storage.RaftStorage (RaftStorage.java:format(72)) - Storage directory /workdir/hadoop-ozone/integration-test/target/test-dir/MiniOzoneClusterImpl-52a04bec-b74b-4afb-8d03-540e96dbba4c/datanode-2/data/ratis/8b1734f0-d165-4ca3-8eaf-4bd9958edfee has been successfully formatted.
2019-07-14 10:56:15,760 INFO  ratis.ContainerStateMachine (ContainerStateMachine.java:loadSnapshot(200)) - group-4BD9958EDFEE: The snapshot info is null. Setting the last applied indexto:(t:0, i:~)
2019-07-14 10:56:15,762 INFO  server.RaftServerConfigKeys (ConfUtils.java:logGet(43)) - raft.server.leader.election.timeout = 120s (custom)
2019-07-14 10:56:15,762 INFO  server.RaftServerConfigKeys (ConfUtils.java:logGet(43)) - raft.server.log.use.memory = false (default)
2019-07-14 10:56:15,762 INFO  server.RaftServerConfigKeys (ConfUtils.java:logGet(43)) - raft.server.log.purge.gap = 1000000000 (custom)
2019-07-14 10:56:15,762 INFO  server.RaftServerConfigKeys (ConfUtils.java:logGet(43)) - raft.server.log.appender.buffer.byte-limit = 33554432 (custom)
2019-07-14 10:56:15,762 INFO  server.RaftServerConfigKeys (ConfUtils.java:logGet(43)) - raft.server.log.segment.size.max = 1048576 (custom)
2019-07-14 10:56:15,763 INFO  server.RaftServerConfigKeys (ConfUtils.java:logGet(43)) - raft.server.log.segment.cache.num.max = 2 (custom)
2019-07-14 10:56:15,763 INFO  segmented.SegmentedRaftLogWorker (SegmentedRaftLogWorker.java:<init>(172)) - new 41e22389-d6b0-478d-9070-56a3106463d4-SegmentedRaftLogWorker:Storage Directory /workdir/hadoop-ozone/integration-test/target/test-dir/MiniOzoneClusterImpl-52a04bec-b74b-4afb-8d03-540e96dbba4c/datanode-2/data/ratis/8b1734f0-d165-4ca3-8eaf-4bd9958edfee for RaftStorage:Storage Directory /workdir/hadoop-ozone/integration-test/target/test-dir/MiniOzoneClusterImpl-52a04bec-b74b-4afb-8d03-540e96dbba4c/datanode-2/data/ratis/8b1734f0-d165-4ca3-8eaf-4bd9958edfee
2019-07-14 10:56:15,764 INFO  server.RaftServerConfigKeys (ConfUtils.java:logGet(43)) - raft.server.log.queue.byte-limit = 2147483647 (custom)
2019-07-14 10:56:15,764 INFO  server.RaftServerConfigKeys (ConfUtils.java:logGet(43)) - raft.server.log.queue.element-limit = 1024 (custom)
2019-07-14 10:56:15,765 INFO  server.RaftServerConfigKeys (ConfUtils.java:logGet(43)) - raft.server.log.segment.size.max = 1048576 (custom)
2019-07-14 10:56:15,765 INFO  server.RaftServerConfigKeys (ConfUtils.java:logGet(43)) - raft.server.log.preallocated.size = 16384 (custom)
2019-07-14 10:56:15,765 INFO  server.RaftServerConfigKeys (ConfUtils.java:logGet(43)) - raft.server.log.write.buffer.size = 33554432 (custom)
2019-07-14 10:56:15,765 INFO  server.RaftServerConfigKeys (ConfUtils.java:logGet(43)) - raft.server.log.force.sync.num = 128 (default)
2019-07-14 10:56:15,766 INFO  server.RaftServerConfigKeys (ConfUtils.java:logGet(43)) - raft.server.log.statemachine.data.sync = true (default)
2019-07-14 10:56:15,766 INFO  server.RaftServerConfigKeys (ConfUtils.java:logGet(43)) - raft.server.log.statemachine.data.sync.timeout = 10s (default)
2019-07-14 10:56:15,766 INFO  server.RaftServerConfigKeys (ConfUtils.java:logGet(43)) - raft.server.log.statemachine.data.sync.timeout.retry = -1 (default)
2019-07-14 10:56:15,766 INFO  server.RaftServerConfigKeys (ConfUtils.java:logGet(43)) - raft.server.log.statemachine.data.caching.enabled = true (custom)
2019-07-14 10:56:15,767 INFO  segmented.SegmentedRaftLogWorker (SegmentedRaftLogWorker.java:lambda$new$0(132)) - 41e22389-d6b0-478d-9070-56a3106463d4-SegmentedRaftLogWorker:Storage Directory /workdir/hadoop-ozone/integration-test/target/test-dir/MiniOzoneClusterImpl-52a04bec-b74b-4afb-8d03-540e96dbba4c/datanode-2/data/ratis/8b1734f0-d165-4ca3-8eaf-4bd9958edfee: flushIndex: setUnconditionally 0 -> -1
2019-07-14 10:56:15,767 INFO  server.RaftServerConfigKeys (ConfUtils.java:logGet(43)) - raft.server.snapshot.auto.trigger.enabled = true (custom)
2019-07-14 10:56:15,767 INFO  server.RaftServerConfigKeys (ConfUtils.java:logGet(43)) - raft.server.snapshot.auto.trigger.threshold = 10000 (custom)
2019-07-14 10:56:15,768 INFO  server.RaftServerConfigKeys (ConfUtils.java:logGet(43)) - raft.server.retrycache.expirytime = 600000ms (custom)
2019-07-14 10:56:15,768 INFO  impl.RaftServerImpl (RaftServerImpl.java:start(180)) - 41e22389-d6b0-478d-9070-56a3106463d4: start group-4BD9958EDFEE
2019-07-14 10:56:15,768 INFO  impl.RaftServerImpl (RaftServerImpl.java:setRole(171)) - 41e22389-d6b0-478d-9070-56a3106463d4:group-4BD9958EDFEE changes role from null to FOLLOWER at term 0 for startAsFollower
2019-07-14 10:56:15,768 INFO  impl.RoleInfo (RoleInfo.java:updateAndGet(143)) - 41e22389-d6b0-478d-9070-56a3106463d4: start FollowerState
2019-07-14 10:56:15,770 INFO  util.JmxRegister (JmxRegister.java:tryRegister(44)) - Successfully registered JMX Bean with object name Ratis:service=RaftServer,group=group-4BD9958EDFEE,id=41e22389-d6b0-478d-9070-56a3106463d4
2019-07-14 10:56:15,788 INFO  pipeline.PipelineStateManager (PipelineStateManager.java:addPipeline(56)) - Created pipeline Pipeline[ Id: 8b1734f0-d165-4ca3-8eaf-4bd9958edfee, Nodes: 41e22389-d6b0-478d-9070-56a3106463d4{ip: 192.168.157.209, host: trunk-nightly-fxmrv-2540794721, networkLocation: /default-rack, certSerialId: null}, Type:RATIS, Factor:ONE, State:OPEN]
2019-07-14 10:56:15,814 INFO  impl.RaftServerProxy (RaftServerProxy.java:addNew(89)) - 19b02754-dda9-4f14-881a-2dac3900a1b7: addNew group-A4BC7F93549F:[19b02754-dda9-4f14-881a-2dac3900a1b7:192.168.157.209:34719] returns group-A4BC7F93549F:java.util.concurrent.CompletableFuture@5861f1e3[Not completed]
2019-07-14 10:56:15,824 INFO  node.SCMNodeManager (SCMNodeManager.java:register(269)) - Registered Data node : 1060c4c8-82a0-4b24-acfd-34a0a85a558b{ip: 192.168.157.209, host: trunk-nightly-fxmrv-2540794721, networkLocation: /default-rack, certSerialId: null}
2019-07-14 10:56:15,824 INFO  impl.RaftServerImpl (RaftServerImpl.java:<init>(93)) - 19b02754-dda9-4f14-881a-2dac3900a1b7: new RaftServerImpl for group-A4BC7F93549F:[19b02754-dda9-4f14-881a-2dac3900a1b7:192.168.157.209:34719] with ContainerStateMachine:uninitialized
2019-07-14 10:56:15,825 INFO  server.RaftServerConfigKeys (ConfUtils.java:logGet(43)) - raft.server.rpc.timeout.min = 5s (custom)
2019-07-14 10:56:15,825 INFO  server.RaftServerConfigKeys (ConfUtils.java:logGet(43)) - raft.server.rpc.timeout.max = 5200ms (custom)
2019-07-14 10:56:15,825 INFO  server.RaftServerConfigKeys (ConfUtils.java:logGet(43)) - raft.server.rpcslowness.timeout = 120s (custom)
2019-07-14 10:56:15,825 INFO  server.RaftServerConfigKeys (ConfUtils.java:logGet(43)) - raft.server.sleep.deviation.threshold = 300 (default)
2019-07-14 10:56:15,825 INFO  ozone.MiniOzoneClusterImpl (MiniOzoneClusterImpl.java:lambda$waitForClusterToBeReady$0(142)) - Cluster is ready. Got 7 of 7 DN Heartbeats.
2019-07-14 10:56:15,825 INFO  server.RaftServerConfigKeys (ConfUtils.java:logGet(43)) - raft.server.log.appender.install.snapshot.enabled = false (custom)
2019-07-14 10:56:15,826 INFO  impl.RaftServerImpl (ServerState.java:<init>(105)) - 19b02754-dda9-4f14-881a-2dac3900a1b7:group-A4BC7F93549F ConfigurationManager, init=-1: [19b02754-dda9-4f14-881a-2dac3900a1b7:192.168.157.209:34719], old=null, confs=<EMPTY_MAP>
2019-07-14 10:56:15,826 INFO  server.RaftServerConfigKeys (ConfUtils.java:logGet(43)) - raft.server.storage.dir = [/workdir/hadoop-ozone/integration-test/target/test-dir/MiniOzoneClusterImpl-52a04bec-b74b-4afb-8d03-540e96dbba4c/datanode-3/data/ratis] (custom)
2019-07-14 10:56:15,827 INFO  storage.RaftStorageDirectory (RaftStorageDirectory.java:analyzeStorage(246)) - The storage directory /workdir/hadoop-ozone/integration-test/target/test-dir/MiniOzoneClusterImpl-52a04bec-b74b-4afb-8d03-540e96dbba4c/datanode-3/data/ratis/1969df2d-d854-4559-9ce5-a4bc7f93549f does not exist. Creating ...
2019-07-14 10:56:15,839 INFO  storage.RaftStorageDirectory (RaftStorageDirectory.java:tryLock(328)) - Lock on /workdir/hadoop-ozone/integration-test/target/test-dir/MiniOzoneClusterImpl-52a04bec-b74b-4afb-8d03-540e96dbba4c/datanode-3/data/ratis/1969df2d-d854-4559-9ce5-a4bc7f93549f/in_use.lock acquired by nodename 18526@trunk-nightly-fxmrv-2540794721
2019-07-14 10:56:15,853 INFO  storage.RaftStorage (RaftStorage.java:format(72)) - Storage directory /workdir/hadoop-ozone/integration-test/target/test-dir/MiniOzoneClusterImpl-52a04bec-b74b-4afb-8d03-540e96dbba4c/datanode-3/data/ratis/1969df2d-d854-4559-9ce5-a4bc7f93549f has been successfully formatted.
2019-07-14 10:56:15,854 INFO  ratis.ContainerStateMachine (ContainerStateMachine.java:loadSnapshot(200)) - group-A4BC7F93549F: The snapshot info is null. Setting the last applied indexto:(t:0, i:~)
2019-07-14 10:56:15,854 INFO  server.RaftServerConfigKeys (ConfUtils.java:logGet(43)) - raft.server.leader.election.timeout = 120s (custom)
2019-07-14 10:56:15,854 INFO  server.RaftServerConfigKeys (ConfUtils.java:logGet(43)) - raft.server.log.use.memory = false (default)
2019-07-14 10:56:15,854 INFO  server.RaftServerConfigKeys (ConfUtils.java:logGet(43)) - raft.server.log.purge.gap = 1000000000 (custom)
2019-07-14 10:56:15,855 INFO  server.RaftServerConfigKeys (ConfUtils.java:logGet(43)) - raft.server.log.appender.buffer.byte-limit = 33554432 (custom)
2019-07-14 10:56:15,855 INFO  server.RaftServerConfigKeys (ConfUtils.java:logGet(43)) - raft.server.log.segment.size.max = 1048576 (custom)
2019-07-14 10:56:15,855 INFO  server.RaftServerConfigKeys (ConfUtils.java:logGet(43)) - raft.server.log.segment.cache.num.max = 2 (custom)
2019-07-14 10:56:15,855 INFO  segmented.SegmentedRaftLogWorker (SegmentedRaftLogWorker.java:<init>(172)) - new 19b02754-dda9-4f14-881a-2dac3900a1b7-SegmentedRaftLogWorker:Storage Directory /workdir/hadoop-ozone/integration-test/target/test-dir/MiniOzoneClusterImpl-52a04bec-b74b-4afb-8d03-540e96dbba4c/datanode-3/data/ratis/1969df2d-d854-4559-9ce5-a4bc7f93549f for RaftStorage:Storage Directory /workdir/hadoop-ozone/integration-test/target/test-dir/MiniOzoneClusterImpl-52a04bec-b74b-4afb-8d03-540e96dbba4c/datanode-3/data/ratis/1969df2d-d854-4559-9ce5-a4bc7f93549f
2019-07-14 10:56:15,856 INFO  server.RaftServerConfigKeys (ConfUtils.java:logGet(43)) - raft.server.log.queue.byte-limit = 2147483647 (custom)
2019-07-14 10:56:15,856 INFO  server.RaftServerConfigKeys (ConfUtils.java:logGet(43)) - raft.server.log.queue.element-limit = 1024 (custom)
2019-07-14 10:56:15,856 INFO  server.RaftServerConfigKeys (ConfUtils.java:logGet(43)) - raft.server.log.segment.size.max = 1048576 (custom)
2019-07-14 10:56:15,856 INFO  server.RaftServerConfigKeys (ConfUtils.java:logGet(43)) - raft.server.log.preallocated.size = 16384 (custom)
2019-07-14 10:56:15,856 INFO  server.RaftServerConfigKeys (ConfUtils.java:logGet(43)) - raft.server.log.write.buffer.size = 33554432 (custom)
2019-07-14 10:56:15,857 INFO  server.RaftServerConfigKeys (ConfUtils.java:logGet(43)) - raft.server.log.force.sync.num = 128 (default)
2019-07-14 10:56:15,857 INFO  server.RaftServerConfigKeys (ConfUtils.java:logGet(43)) - raft.server.log.statemachine.data.sync = true (default)
2019-07-14 10:56:15,857 INFO  server.RaftServerConfigKeys (ConfUtils.java:logGet(43)) - raft.server.log.statemachine.data.sync.timeout = 10s (default)
2019-07-14 10:56:15,857 INFO  server.RaftServerConfigKeys (ConfUtils.java:logGet(43)) - raft.server.log.statemachine.data.sync.timeout.retry = -1 (default)
2019-07-14 10:56:15,858 INFO  server.RaftServerConfigKeys (ConfUtils.java:logGet(43)) - raft.server.log.statemachine.data.caching.enabled = true (custom)
2019-07-14 10:56:15,858 INFO  segmented.SegmentedRaftLogWorker (SegmentedRaftLogWorker.java:lambda$new$0(132)) - 19b02754-dda9-4f14-881a-2dac3900a1b7-SegmentedRaftLogWorker:Storage Directory /workdir/hadoop-ozone/integration-test/target/test-dir/MiniOzoneClusterImpl-52a04bec-b74b-4afb-8d03-540e96dbba4c/datanode-3/data/ratis/1969df2d-d854-4559-9ce5-a4bc7f93549f: flushIndex: setUnconditionally 0 -> -1
2019-07-14 10:56:15,859 INFO  server.RaftServerConfigKeys (ConfUtils.java:logGet(43)) - raft.server.snapshot.auto.trigger.enabled = true (custom)
2019-07-14 10:56:15,859 INFO  server.RaftServerConfigKeys (ConfUtils.java:logGet(43)) - raft.server.snapshot.auto.trigger.threshold = 10000 (custom)
2019-07-14 10:56:15,859 INFO  server.RaftServerConfigKeys (ConfUtils.java:logGet(43)) - raft.server.retrycache.expirytime = 600000ms (custom)
2019-07-14 10:56:15,859 INFO  impl.RaftServerImpl (RaftServerImpl.java:start(180)) - 19b02754-dda9-4f14-881a-2dac3900a1b7: start group-A4BC7F93549F
2019-07-14 10:56:15,860 INFO  impl.RaftServerImpl (RaftServerImpl.java:setRole(171)) - 19b02754-dda9-4f14-881a-2dac3900a1b7:group-A4BC7F93549F changes role from null to FOLLOWER at term 0 for startAsFollower
2019-07-14 10:56:15,860 INFO  impl.RoleInfo (RoleInfo.java:updateAndGet(143)) - 19b02754-dda9-4f14-881a-2dac3900a1b7: start FollowerState
2019-07-14 10:56:15,860 INFO  util.JmxRegister (JmxRegister.java:tryRegister(44)) - Successfully registered JMX Bean with object name Ratis:service=RaftServer,group=group-A4BC7F93549F,id=19b02754-dda9-4f14-881a-2dac3900a1b7
2019-07-14 10:56:15,885 INFO  pipeline.PipelineStateManager (PipelineStateManager.java:addPipeline(56)) - Created pipeline Pipeline[ Id: 1969df2d-d854-4559-9ce5-a4bc7f93549f, Nodes: 19b02754-dda9-4f14-881a-2dac3900a1b7{ip: 192.168.157.209, host: trunk-nightly-fxmrv-2540794721, networkLocation: /default-rack, certSerialId: null}, Type:RATIS, Factor:ONE, State:OPEN]
2019-07-14 10:56:15,910 INFO  impl.RaftServerProxy (RaftServerProxy.java:addNew(89)) - 1060c4c8-82a0-4b24-acfd-34a0a85a558b: addNew group-0BB82B92BF9F:[1060c4c8-82a0-4b24-acfd-34a0a85a558b:192.168.157.209:36689] returns group-0BB82B92BF9F:java.util.concurrent.CompletableFuture@603b30a5[Not completed]
2019-07-14 10:56:15,912 INFO  impl.RaftServerImpl (RaftServerImpl.java:<init>(93)) - 1060c4c8-82a0-4b24-acfd-34a0a85a558b: new RaftServerImpl for group-0BB82B92BF9F:[1060c4c8-82a0-4b24-acfd-34a0a85a558b:192.168.157.209:36689] with ContainerStateMachine:uninitialized
2019-07-14 10:56:15,912 INFO  server.RaftServerConfigKeys (ConfUtils.java:logGet(43)) - raft.server.rpc.timeout.min = 5s (custom)
2019-07-14 10:56:15,913 INFO  server.RaftServerConfigKeys (ConfUtils.java:logGet(43)) - raft.server.rpc.timeout.max = 5200ms (custom)
2019-07-14 10:56:15,913 INFO  server.RaftServerConfigKeys (ConfUtils.java:logGet(43)) - raft.server.rpcslowness.timeout = 120s (custom)
2019-07-14 10:56:15,913 INFO  server.RaftServerConfigKeys (ConfUtils.java:logGet(43)) - raft.server.sleep.deviation.threshold = 300 (default)
2019-07-14 10:56:15,913 INFO  server.RaftServerConfigKeys (ConfUtils.java:logGet(43)) - raft.server.log.appender.install.snapshot.enabled = false (custom)
2019-07-14 10:56:15,914 INFO  impl.RaftServerImpl (ServerState.java:<init>(105)) - 1060c4c8-82a0-4b24-acfd-34a0a85a558b:group-0BB82B92BF9F ConfigurationManager, init=-1: [1060c4c8-82a0-4b24-acfd-34a0a85a558b:192.168.157.209:36689], old=null, confs=<EMPTY_MAP>
2019-07-14 10:56:15,914 INFO  server.RaftServerConfigKeys (ConfUtils.java:logGet(43)) - raft.server.storage.dir = [/workdir/hadoop-ozone/integration-test/target/test-dir/MiniOzoneClusterImpl-52a04bec-b74b-4afb-8d03-540e96dbba4c/datanode-6/data/ratis] (custom)
2019-07-14 10:56:15,914 INFO  storage.RaftStorageDirectory (RaftStorageDirectory.java:analyzeStorage(246)) - The storage directory /workdir/hadoop-ozone/integration-test/target/test-dir/MiniOzoneClusterImpl-52a04bec-b74b-4afb-8d03-540e96dbba4c/datanode-6/data/ratis/91ea543e-b45b-482a-8bd1-0bb82b92bf9f does not exist. Creating ...
2019-07-14 10:56:15,928 INFO  storage.RaftStorageDirectory (RaftStorageDirectory.java:tryLock(328)) - Lock on /workdir/hadoop-ozone/integration-test/target/test-dir/MiniOzoneClusterImpl-52a04bec-b74b-4afb-8d03-540e96dbba4c/datanode-6/data/ratis/91ea543e-b45b-482a-8bd1-0bb82b92bf9f/in_use.lock acquired by nodename 18526@trunk-nightly-fxmrv-2540794721
2019-07-14 10:56:15,941 INFO  storage.RaftStorage (RaftStorage.java:format(72)) - Storage directory /workdir/hadoop-ozone/integration-test/target/test-dir/MiniOzoneClusterImpl-52a04bec-b74b-4afb-8d03-540e96dbba4c/datanode-6/data/ratis/91ea543e-b45b-482a-8bd1-0bb82b92bf9f has been successfully formatted.
2019-07-14 10:56:15,942 INFO  ratis.ContainerStateMachine (ContainerStateMachine.java:loadSnapshot(200)) - group-0BB82B92BF9F: The snapshot info is null. Setting the last applied indexto:(t:0, i:~)
2019-07-14 10:56:15,942 INFO  server.RaftServerConfigKeys (ConfUtils.java:logGet(43)) - raft.server.leader.election.timeout = 120s (custom)
2019-07-14 10:56:15,942 INFO  server.RaftServerConfigKeys (ConfUtils.java:logGet(43)) - raft.server.log.use.memory = false (default)
2019-07-14 10:56:15,942 INFO  server.RaftServerConfigKeys (ConfUtils.java:logGet(43)) - raft.server.log.purge.gap = 1000000000 (custom)
2019-07-14 10:56:15,942 INFO  server.RaftServerConfigKeys (ConfUtils.java:logGet(43)) - raft.server.log.appender.buffer.byte-limit = 33554432 (custom)
2019-07-14 10:56:15,942 INFO  server.RaftServerConfigKeys (ConfUtils.java:logGet(43)) - raft.server.log.segment.size.max = 1048576 (custom)
2019-07-14 10:56:15,943 INFO  server.RaftServerConfigKeys (ConfUtils.java:logGet(43)) - raft.server.log.segment.cache.num.max = 2 (custom)
2019-07-14 10:56:15,943 INFO  segmented.SegmentedRaftLogWorker (SegmentedRaftLogWorker.java:<init>(172)) - new 1060c4c8-82a0-4b24-acfd-34a0a85a558b-SegmentedRaftLogWorker:Storage Directory /workdir/hadoop-ozone/integration-test/target/test-dir/MiniOzoneClusterImpl-52a04bec-b74b-4afb-8d03-540e96dbba4c/datanode-6/data/ratis/91ea543e-b45b-482a-8bd1-0bb82b92bf9f for RaftStorage:Storage Directory /workdir/hadoop-ozone/integration-test/target/test-dir/MiniOzoneClusterImpl-52a04bec-b74b-4afb-8d03-540e96dbba4c/datanode-6/data/ratis/91ea543e-b45b-482a-8bd1-0bb82b92bf9f
2019-07-14 10:56:15,943 INFO  server.RaftServerConfigKeys (ConfUtils.java:logGet(43)) - raft.server.log.queue.byte-limit = 2147483647 (custom)
2019-07-14 10:56:15,943 INFO  server.RaftServerConfigKeys (ConfUtils.java:logGet(43)) - raft.server.log.queue.element-limit = 1024 (custom)
2019-07-14 10:56:15,943 INFO  server.RaftServerConfigKeys (ConfUtils.java:logGet(43)) - raft.server.log.segment.size.max = 1048576 (custom)
2019-07-14 10:56:15,944 INFO  server.RaftServerConfigKeys (ConfUtils.java:logGet(43)) - raft.server.log.preallocated.size = 16384 (custom)
2019-07-14 10:56:15,944 INFO  server.RaftServerConfigKeys (ConfUtils.java:logGet(43)) - raft.server.log.write.buffer.size = 33554432 (custom)
2019-07-14 10:56:15,944 INFO  server.RaftServerConfigKeys (ConfUtils.java:logGet(43)) - raft.server.log.force.sync.num = 128 (default)
2019-07-14 10:56:15,944 INFO  server.RaftServerConfigKeys (ConfUtils.java:logGet(43)) - raft.server.log.statemachine.data.sync = true (default)
2019-07-14 10:56:15,944 INFO  server.RaftServerConfigKeys (ConfUtils.java:logGet(43)) - raft.server.log.statemachine.data.sync.timeout = 10s (default)
2019-07-14 10:56:15,944 INFO  server.RaftServerConfigKeys (ConfUtils.java:logGet(43)) - raft.server.log.statemachine.data.sync.timeout.retry = -1 (default)
2019-07-14 10:56:15,945 INFO  server.RaftServerConfigKeys (ConfUtils.java:logGet(43)) - raft.server.log.statemachine.data.caching.enabled = true (custom)
2019-07-14 10:56:15,945 INFO  segmented.SegmentedRaftLogWorker (SegmentedRaftLogWorker.java:lambda$new$0(132)) - 1060c4c8-82a0-4b24-acfd-34a0a85a558b-SegmentedRaftLogWorker:Storage Directory /workdir/hadoop-ozone/integration-test/target/test-dir/MiniOzoneClusterImpl-52a04bec-b74b-4afb-8d03-540e96dbba4c/datanode-6/data/ratis/91ea543e-b45b-482a-8bd1-0bb82b92bf9f: flushIndex: setUnconditionally 0 -> -1
2019-07-14 10:56:15,945 INFO  server.RaftServerConfigKeys (ConfUtils.java:logGet(43)) - raft.server.snapshot.auto.trigger.enabled = true (custom)
2019-07-14 10:56:15,946 INFO  server.RaftServerConfigKeys (ConfUtils.java:logGet(43)) - raft.server.snapshot.auto.trigger.threshold = 10000 (custom)
2019-07-14 10:56:15,946 INFO  server.RaftServerConfigKeys (ConfUtils.java:logGet(43)) - raft.server.retrycache.expirytime = 600000ms (custom)
2019-07-14 10:56:15,946 INFO  impl.RaftServerImpl (RaftServerImpl.java:start(180)) - 1060c4c8-82a0-4b24-acfd-34a0a85a558b: start group-0BB82B92BF9F
2019-07-14 10:56:15,946 INFO  impl.RaftServerImpl (RaftServerImpl.java:setRole(171)) - 1060c4c8-82a0-4b24-acfd-34a0a85a558b:group-0BB82B92BF9F changes role from null to FOLLOWER at term 0 for startAsFollower
2019-07-14 10:56:15,946 INFO  impl.RoleInfo (RoleInfo.java:updateAndGet(143)) - 1060c4c8-82a0-4b24-acfd-34a0a85a558b: start FollowerState
2019-07-14 10:56:15,947 INFO  util.JmxRegister (JmxRegister.java:tryRegister(44)) - Successfully registered JMX Bean with object name Ratis:service=RaftServer,group=group-0BB82B92BF9F,id=1060c4c8-82a0-4b24-acfd-34a0a85a558b
2019-07-14 10:56:15,960 INFO  pipeline.PipelineStateManager (PipelineStateManager.java:addPipeline(56)) - Created pipeline Pipeline[ Id: 91ea543e-b45b-482a-8bd1-0bb82b92bf9f, Nodes: 1060c4c8-82a0-4b24-acfd-34a0a85a558b{ip: 192.168.157.209, host: trunk-nightly-fxmrv-2540794721, networkLocation: /default-rack, certSerialId: null}, Type:RATIS, Factor:ONE, State:OPEN]
2019-07-14 10:56:15,979 INFO  impl.RaftServerProxy (RaftServerProxy.java:addNew(89)) - d2ea99aa-e00d-49c2-bfb3-5f583ed448f8: addNew group-03AA67F9DBBA:[d2ea99aa-e00d-49c2-bfb3-5f583ed448f8:192.168.157.209:42835] returns group-03AA67F9DBBA:java.util.concurrent.CompletableFuture@746d4d05[Not completed]
2019-07-14 10:56:15,981 INFO  impl.RaftServerImpl (RaftServerImpl.java:<init>(93)) - d2ea99aa-e00d-49c2-bfb3-5f583ed448f8: new RaftServerImpl for group-03AA67F9DBBA:[d2ea99aa-e00d-49c2-bfb3-5f583ed448f8:192.168.157.209:42835] with ContainerStateMachine:uninitialized
2019-07-14 10:56:15,981 INFO  server.RaftServerConfigKeys (ConfUtils.java:logGet(43)) - raft.server.rpc.timeout.min = 5s (custom)
2019-07-14 10:56:15,981 INFO  server.RaftServerConfigKeys (ConfUtils.java:logGet(43)) - raft.server.rpc.timeout.max = 5200ms (custom)
2019-07-14 10:56:15,981 INFO  server.RaftServerConfigKeys (ConfUtils.java:logGet(43)) - raft.server.rpcslowness.timeout = 120s (custom)
2019-07-14 10:56:15,981 INFO  server.RaftServerConfigKeys (ConfUtils.java:logGet(43)) - raft.server.sleep.deviation.threshold = 300 (default)
2019-07-14 10:56:15,982 INFO  server.RaftServerConfigKeys (ConfUtils.java:logGet(43)) - raft.server.log.appender.install.snapshot.enabled = false (custom)
2019-07-14 10:56:15,982 INFO  impl.RaftServerImpl (ServerState.java:<init>(105)) - d2ea99aa-e00d-49c2-bfb3-5f583ed448f8:group-03AA67F9DBBA ConfigurationManager, init=-1: [d2ea99aa-e00d-49c2-bfb3-5f583ed448f8:192.168.157.209:42835], old=null, confs=<EMPTY_MAP>
2019-07-14 10:56:15,982 INFO  server.RaftServerConfigKeys (ConfUtils.java:logGet(43)) - raft.server.storage.dir = [/workdir/hadoop-ozone/integration-test/target/test-dir/MiniOzoneClusterImpl-52a04bec-b74b-4afb-8d03-540e96dbba4c/datanode-5/data/ratis] (custom)
2019-07-14 10:56:15,983 INFO  storage.RaftStorageDirectory (RaftStorageDirectory.java:analyzeStorage(246)) - The storage directory /workdir/hadoop-ozone/integration-test/target/test-dir/MiniOzoneClusterImpl-52a04bec-b74b-4afb-8d03-540e96dbba4c/datanode-5/data/ratis/8ff298bb-ee7f-481d-95ce-03aa67f9dbba does not exist. Creating ...
2019-07-14 10:56:15,995 INFO  storage.RaftStorageDirectory (RaftStorageDirectory.java:tryLock(328)) - Lock on /workdir/hadoop-ozone/integration-test/target/test-dir/MiniOzoneClusterImpl-52a04bec-b74b-4afb-8d03-540e96dbba4c/datanode-5/data/ratis/8ff298bb-ee7f-481d-95ce-03aa67f9dbba/in_use.lock acquired by nodename 18526@trunk-nightly-fxmrv-2540794721
2019-07-14 10:56:16,009 INFO  storage.RaftStorage (RaftStorage.java:format(72)) - Storage directory /workdir/hadoop-ozone/integration-test/target/test-dir/MiniOzoneClusterImpl-52a04bec-b74b-4afb-8d03-540e96dbba4c/datanode-5/data/ratis/8ff298bb-ee7f-481d-95ce-03aa67f9dbba has been successfully formatted.
2019-07-14 10:56:16,010 INFO  ratis.ContainerStateMachine (ContainerStateMachine.java:loadSnapshot(200)) - group-03AA67F9DBBA: The snapshot info is null. Setting the last applied indexto:(t:0, i:~)
2019-07-14 10:56:16,010 INFO  server.RaftServerConfigKeys (ConfUtils.java:logGet(43)) - raft.server.leader.election.timeout = 120s (custom)
2019-07-14 10:56:16,010 INFO  server.RaftServerConfigKeys (ConfUtils.java:logGet(43)) - raft.server.log.use.memory = false (default)
2019-07-14 10:56:16,010 INFO  server.RaftServerConfigKeys (ConfUtils.java:logGet(43)) - raft.server.log.purge.gap = 1000000000 (custom)
2019-07-14 10:56:16,010 INFO  server.RaftServerConfigKeys (ConfUtils.java:logGet(43)) - raft.server.log.appender.buffer.byte-limit = 33554432 (custom)
2019-07-14 10:56:16,010 INFO  server.RaftServerConfigKeys (ConfUtils.java:logGet(43)) - raft.server.log.segment.size.max = 1048576 (custom)
2019-07-14 10:56:16,011 INFO  server.RaftServerConfigKeys (ConfUtils.java:logGet(43)) - raft.server.log.segment.cache.num.max = 2 (custom)
2019-07-14 10:56:16,011 INFO  segmented.SegmentedRaftLogWorker (SegmentedRaftLogWorker.java:<init>(172)) - new d2ea99aa-e00d-49c2-bfb3-5f583ed448f8-SegmentedRaftLogWorker:Storage Directory /workdir/hadoop-ozone/integration-test/target/test-dir/MiniOzoneClusterImpl-52a04bec-b74b-4afb-8d03-540e96dbba4c/datanode-5/data/ratis/8ff298bb-ee7f-481d-95ce-03aa67f9dbba for RaftStorage:Storage Directory /workdir/hadoop-ozone/integration-test/target/test-dir/MiniOzoneClusterImpl-52a04bec-b74b-4afb-8d03-540e96dbba4c/datanode-5/data/ratis/8ff298bb-ee7f-481d-95ce-03aa67f9dbba
2019-07-14 10:56:16,011 INFO  server.RaftServerConfigKeys (ConfUtils.java:logGet(43)) - raft.server.log.queue.byte-limit = 2147483647 (custom)
2019-07-14 10:56:16,011 INFO  server.RaftServerConfigKeys (ConfUtils.java:logGet(43)) - raft.server.log.queue.element-limit = 1024 (custom)
2019-07-14 10:56:16,012 INFO  server.RaftServerConfigKeys (ConfUtils.java:logGet(43)) - raft.server.log.segment.size.max = 1048576 (custom)
2019-07-14 10:56:16,012 INFO  server.RaftServerConfigKeys (ConfUtils.java:logGet(43)) - raft.server.log.preallocated.size = 16384 (custom)
2019-07-14 10:56:16,012 INFO  server.RaftServerConfigKeys (ConfUtils.java:logGet(43)) - raft.server.log.write.buffer.size = 33554432 (custom)
2019-07-14 10:56:16,012 INFO  server.RaftServerConfigKeys (ConfUtils.java:logGet(43)) - raft.server.log.force.sync.num = 128 (default)
2019-07-14 10:56:16,012 INFO  server.RaftServerConfigKeys (ConfUtils.java:logGet(43)) - raft.server.log.statemachine.data.sync = true (default)
2019-07-14 10:56:16,012 INFO  server.RaftServerConfigKeys (ConfUtils.java:logGet(43)) - raft.server.log.statemachine.data.sync.timeout = 10s (default)
2019-07-14 10:56:16,013 INFO  server.RaftServerConfigKeys (ConfUtils.java:logGet(43)) - raft.server.log.statemachine.data.sync.timeout.retry = -1 (default)
2019-07-14 10:56:16,013 INFO  server.RaftServerConfigKeys (ConfUtils.java:logGet(43)) - raft.server.log.statemachine.data.caching.enabled = true (custom)
2019-07-14 10:56:16,013 INFO  segmented.SegmentedRaftLogWorker (SegmentedRaftLogWorker.java:lambda$new$0(132)) - d2ea99aa-e00d-49c2-bfb3-5f583ed448f8-SegmentedRaftLogWorker:Storage Directory /workdir/hadoop-ozone/integration-test/target/test-dir/MiniOzoneClusterImpl-52a04bec-b74b-4afb-8d03-540e96dbba4c/datanode-5/data/ratis/8ff298bb-ee7f-481d-95ce-03aa67f9dbba: flushIndex: setUnconditionally 0 -> -1
2019-07-14 10:56:16,014 INFO  server.RaftServerConfigKeys (ConfUtils.java:logGet(43)) - raft.server.snapshot.auto.trigger.enabled = true (custom)
2019-07-14 10:56:16,014 INFO  server.RaftServerConfigKeys (ConfUtils.java:logGet(43)) - raft.server.snapshot.auto.trigger.threshold = 10000 (custom)
2019-07-14 10:56:16,014 INFO  server.RaftServerConfigKeys (ConfUtils.java:logGet(43)) - raft.server.retrycache.expirytime = 600000ms (custom)
2019-07-14 10:56:16,014 INFO  impl.RaftServerImpl (RaftServerImpl.java:start(180)) - d2ea99aa-e00d-49c2-bfb3-5f583ed448f8: start group-03AA67F9DBBA
2019-07-14 10:56:16,014 INFO  impl.RaftServerImpl (RaftServerImpl.java:setRole(171)) - d2ea99aa-e00d-49c2-bfb3-5f583ed448f8:group-03AA67F9DBBA changes role from null to FOLLOWER at term 0 for startAsFollower
2019-07-14 10:56:16,015 INFO  impl.RoleInfo (RoleInfo.java:updateAndGet(143)) - d2ea99aa-e00d-49c2-bfb3-5f583ed448f8: start FollowerState
2019-07-14 10:56:16,015 INFO  util.JmxRegister (JmxRegister.java:tryRegister(44)) - Successfully registered JMX Bean with object name Ratis:service=RaftServer,group=group-03AA67F9DBBA,id=d2ea99aa-e00d-49c2-bfb3-5f583ed448f8
2019-07-14 10:56:16,031 INFO  pipeline.PipelineStateManager (PipelineStateManager.java:addPipeline(56)) - Created pipeline Pipeline[ Id: 8ff298bb-ee7f-481d-95ce-03aa67f9dbba, Nodes: d2ea99aa-e00d-49c2-bfb3-5f583ed448f8{ip: 192.168.157.209, host: trunk-nightly-fxmrv-2540794721, networkLocation: /default-rack, certSerialId: null}, Type:RATIS, Factor:ONE, State:OPEN]
2019-07-14 10:56:16,058 INFO  impl.RaftServerProxy (RaftServerProxy.java:addNew(89)) - ead0de76-64f0-414f-9177-e4eb047cf253: addNew group-F50087880F54:[ead0de76-64f0-414f-9177-e4eb047cf253:192.168.157.209:40464] returns group-F50087880F54:java.util.concurrent.CompletableFuture@1f155b77[Not completed]
2019-07-14 10:56:16,060 INFO  impl.RaftServerImpl (RaftServerImpl.java:<init>(93)) - ead0de76-64f0-414f-9177-e4eb047cf253: new RaftServerImpl for group-F50087880F54:[ead0de76-64f0-414f-9177-e4eb047cf253:192.168.157.209:40464] with ContainerStateMachine:uninitialized
2019-07-14 10:56:16,060 INFO  server.RaftServerConfigKeys (ConfUtils.java:logGet(43)) - raft.server.rpc.timeout.min = 5s (custom)
2019-07-14 10:56:16,061 INFO  server.RaftServerConfigKeys (ConfUtils.java:logGet(43)) - raft.server.rpc.timeout.max = 5200ms (custom)
2019-07-14 10:56:16,061 INFO  server.RaftServerConfigKeys (ConfUtils.java:logGet(43)) - raft.server.rpcslowness.timeout = 120s (custom)
2019-07-14 10:56:16,061 INFO  server.RaftServerConfigKeys (ConfUtils.java:logGet(43)) - raft.server.sleep.deviation.threshold = 300 (default)
2019-07-14 10:56:16,061 INFO  server.RaftServerConfigKeys (ConfUtils.java:logGet(43)) - raft.server.log.appender.install.snapshot.enabled = false (custom)
2019-07-14 10:56:16,061 INFO  impl.RaftServerImpl (ServerState.java:<init>(105)) - ead0de76-64f0-414f-9177-e4eb047cf253:group-F50087880F54 ConfigurationManager, init=-1: [ead0de76-64f0-414f-9177-e4eb047cf253:192.168.157.209:40464], old=null, confs=<EMPTY_MAP>
2019-07-14 10:56:16,062 INFO  server.RaftServerConfigKeys (ConfUtils.java:logGet(43)) - raft.server.storage.dir = [/workdir/hadoop-ozone/integration-test/target/test-dir/MiniOzoneClusterImpl-52a04bec-b74b-4afb-8d03-540e96dbba4c/datanode-1/data/ratis] (custom)
2019-07-14 10:56:16,062 INFO  storage.RaftStorageDirectory (RaftStorageDirectory.java:analyzeStorage(246)) - The storage directory /workdir/hadoop-ozone/integration-test/target/test-dir/MiniOzoneClusterImpl-52a04bec-b74b-4afb-8d03-540e96dbba4c/datanode-1/data/ratis/e335d404-b72b-453e-9803-f50087880f54 does not exist. Creating ...
2019-07-14 10:56:16,075 INFO  storage.RaftStorageDirectory (RaftStorageDirectory.java:tryLock(328)) - Lock on /workdir/hadoop-ozone/integration-test/target/test-dir/MiniOzoneClusterImpl-52a04bec-b74b-4afb-8d03-540e96dbba4c/datanode-1/data/ratis/e335d404-b72b-453e-9803-f50087880f54/in_use.lock acquired by nodename 18526@trunk-nightly-fxmrv-2540794721
2019-07-14 10:56:16,089 INFO  storage.RaftStorage (RaftStorage.java:format(72)) - Storage directory /workdir/hadoop-ozone/integration-test/target/test-dir/MiniOzoneClusterImpl-52a04bec-b74b-4afb-8d03-540e96dbba4c/datanode-1/data/ratis/e335d404-b72b-453e-9803-f50087880f54 has been successfully formatted.
2019-07-14 10:56:16,090 INFO  ratis.ContainerStateMachine (ContainerStateMachine.java:loadSnapshot(200)) - group-F50087880F54: The snapshot info is null. Setting the last applied indexto:(t:0, i:~)
2019-07-14 10:56:16,090 INFO  server.RaftServerConfigKeys (ConfUtils.java:logGet(43)) - raft.server.leader.election.timeout = 120s (custom)
2019-07-14 10:56:16,090 INFO  server.RaftServerConfigKeys (ConfUtils.java:logGet(43)) - raft.server.log.use.memory = false (default)
2019-07-14 10:56:16,090 INFO  server.RaftServerConfigKeys (ConfUtils.java:logGet(43)) - raft.server.log.purge.gap = 1000000000 (custom)
2019-07-14 10:56:16,090 INFO  server.RaftServerConfigKeys (ConfUtils.java:logGet(43)) - raft.server.log.appender.buffer.byte-limit = 33554432 (custom)
2019-07-14 10:56:16,091 INFO  server.RaftServerConfigKeys (ConfUtils.java:logGet(43)) - raft.server.log.segment.size.max = 1048576 (custom)
2019-07-14 10:56:16,091 INFO  server.RaftServerConfigKeys (ConfUtils.java:logGet(43)) - raft.server.log.segment.cache.num.max = 2 (custom)
2019-07-14 10:56:16,091 INFO  segmented.SegmentedRaftLogWorker (SegmentedRaftLogWorker.java:<init>(172)) - new ead0de76-64f0-414f-9177-e4eb047cf253-SegmentedRaftLogWorker:Storage Directory /workdir/hadoop-ozone/integration-test/target/test-dir/MiniOzoneClusterImpl-52a04bec-b74b-4afb-8d03-540e96dbba4c/datanode-1/data/ratis/e335d404-b72b-453e-9803-f50087880f54 for RaftStorage:Storage Directory /workdir/hadoop-ozone/integration-test/target/test-dir/MiniOzoneClusterImpl-52a04bec-b74b-4afb-8d03-540e96dbba4c/datanode-1/data/ratis/e335d404-b72b-453e-9803-f50087880f54
2019-07-14 10:56:16,091 INFO  server.RaftServerConfigKeys (ConfUtils.java:logGet(43)) - raft.server.log.queue.byte-limit = 2147483647 (custom)
2019-07-14 10:56:16,091 INFO  server.RaftServerConfigKeys (ConfUtils.java:logGet(43)) - raft.server.log.queue.element-limit = 1024 (custom)
2019-07-14 10:56:16,092 INFO  server.RaftServerConfigKeys (ConfUtils.java:logGet(43)) - raft.server.log.segment.size.max = 1048576 (custom)
2019-07-14 10:56:16,092 INFO  server.RaftServerConfigKeys (ConfUtils.java:logGet(43)) - raft.server.log.preallocated.size = 16384 (custom)
2019-07-14 10:56:16,092 INFO  server.RaftServerConfigKeys (ConfUtils.java:logGet(43)) - raft.server.log.write.buffer.size = 33554432 (custom)
2019-07-14 10:56:16,092 INFO  server.RaftServerConfigKeys (ConfUtils.java:logGet(43)) - raft.server.log.force.sync.num = 128 (default)
2019-07-14 10:56:16,092 INFO  server.RaftServerConfigKeys (ConfUtils.java:logGet(43)) - raft.server.log.statemachine.data.sync = true (default)
2019-07-14 10:56:16,093 INFO  server.RaftServerConfigKeys (ConfUtils.java:logGet(43)) - raft.server.log.statemachine.data.sync.timeout = 10s (default)
2019-07-14 10:56:16,093 INFO  server.RaftServerConfigKeys (ConfUtils.java:logGet(43)) - raft.server.log.statemachine.data.sync.timeout.retry = -1 (default)
2019-07-14 10:56:16,093 INFO  server.RaftServerConfigKeys (ConfUtils.java:logGet(43)) - raft.server.log.statemachine.data.caching.enabled = true (custom)
2019-07-14 10:56:16,094 INFO  segmented.SegmentedRaftLogWorker (SegmentedRaftLogWorker.java:lambda$new$0(132)) - ead0de76-64f0-414f-9177-e4eb047cf253-SegmentedRaftLogWorker:Storage Directory /workdir/hadoop-ozone/integration-test/target/test-dir/MiniOzoneClusterImpl-52a04bec-b74b-4afb-8d03-540e96dbba4c/datanode-1/data/ratis/e335d404-b72b-453e-9803-f50087880f54: flushIndex: setUnconditionally 0 -> -1
2019-07-14 10:56:16,094 INFO  server.RaftServerConfigKeys (ConfUtils.java:logGet(43)) - raft.server.snapshot.auto.trigger.enabled = true (custom)
2019-07-14 10:56:16,094 INFO  server.RaftServerConfigKeys (ConfUtils.java:logGet(43)) - raft.server.snapshot.auto.trigger.threshold = 10000 (custom)
2019-07-14 10:56:16,095 INFO  server.RaftServerConfigKeys (ConfUtils.java:logGet(43)) - raft.server.retrycache.expirytime = 600000ms (custom)
2019-07-14 10:56:16,095 INFO  impl.RaftServerImpl (RaftServerImpl.java:start(180)) - ead0de76-64f0-414f-9177-e4eb047cf253: start group-F50087880F54
2019-07-14 10:56:16,095 INFO  impl.RaftServerImpl (RaftServerImpl.java:setRole(171)) - ead0de76-64f0-414f-9177-e4eb047cf253:group-F50087880F54 changes role from null to FOLLOWER at term 0 for startAsFollower
2019-07-14 10:56:16,095 INFO  impl.RoleInfo (RoleInfo.java:updateAndGet(143)) - ead0de76-64f0-414f-9177-e4eb047cf253: start FollowerState
2019-07-14 10:56:16,096 INFO  util.JmxRegister (JmxRegister.java:tryRegister(44)) - Successfully registered JMX Bean with object name Ratis:service=RaftServer,group=group-F50087880F54,id=ead0de76-64f0-414f-9177-e4eb047cf253
2019-07-14 10:56:16,109 INFO  pipeline.PipelineStateManager (PipelineStateManager.java:addPipeline(56)) - Created pipeline Pipeline[ Id: e335d404-b72b-453e-9803-f50087880f54, Nodes: ead0de76-64f0-414f-9177-e4eb047cf253{ip: 192.168.157.209, host: trunk-nightly-fxmrv-2540794721, networkLocation: /default-rack, certSerialId: null}, Type:RATIS, Factor:ONE, State:OPEN]
2019-07-14 10:56:16,129 INFO  impl.RaftServerProxy (RaftServerProxy.java:addNew(89)) - c06b2e79-9a9d-4088-9e7f-3f1de9674769: addNew group-0B4F1F615895:[c06b2e79-9a9d-4088-9e7f-3f1de9674769:192.168.157.209:43076] returns group-0B4F1F615895:java.util.concurrent.CompletableFuture@6e73641d[Not completed]
2019-07-14 10:56:16,142 INFO  impl.RaftServerImpl (RaftServerImpl.java:<init>(93)) - c06b2e79-9a9d-4088-9e7f-3f1de9674769: new RaftServerImpl for group-0B4F1F615895:[c06b2e79-9a9d-4088-9e7f-3f1de9674769:192.168.157.209:43076] with ContainerStateMachine:uninitialized
2019-07-14 10:56:16,143 INFO  server.RaftServerConfigKeys (ConfUtils.java:logGet(43)) - raft.server.rpc.timeout.min = 5s (custom)
2019-07-14 10:56:16,143 INFO  server.RaftServerConfigKeys (ConfUtils.java:logGet(43)) - raft.server.rpc.timeout.max = 5200ms (custom)
2019-07-14 10:56:16,143 INFO  server.RaftServerConfigKeys (ConfUtils.java:logGet(43)) - raft.server.rpcslowness.timeout = 120s (custom)
2019-07-14 10:56:16,143 INFO  server.RaftServerConfigKeys (ConfUtils.java:logGet(43)) - raft.server.sleep.deviation.threshold = 300 (default)
2019-07-14 10:56:16,143 INFO  server.RaftServerConfigKeys (ConfUtils.java:logGet(43)) - raft.server.log.appender.install.snapshot.enabled = false (custom)
2019-07-14 10:56:16,143 INFO  impl.RaftServerImpl (ServerState.java:<init>(105)) - c06b2e79-9a9d-4088-9e7f-3f1de9674769:group-0B4F1F615895 ConfigurationManager, init=-1: [c06b2e79-9a9d-4088-9e7f-3f1de9674769:192.168.157.209:43076], old=null, confs=<EMPTY_MAP>
2019-07-14 10:56:16,144 INFO  server.RaftServerConfigKeys (ConfUtils.java:logGet(43)) - raft.server.storage.dir = [/workdir/hadoop-ozone/integration-test/target/test-dir/MiniOzoneClusterImpl-52a04bec-b74b-4afb-8d03-540e96dbba4c/datanode-4/data/ratis] (custom)
2019-07-14 10:56:16,144 INFO  storage.RaftStorageDirectory (RaftStorageDirectory.java:analyzeStorage(246)) - The storage directory /workdir/hadoop-ozone/integration-test/target/test-dir/MiniOzoneClusterImpl-52a04bec-b74b-4afb-8d03-540e96dbba4c/datanode-4/data/ratis/d623ea71-29ad-4534-aa77-0b4f1f615895 does not exist. Creating ...
2019-07-14 10:56:16,157 INFO  storage.RaftStorageDirectory (RaftStorageDirectory.java:tryLock(328)) - Lock on /workdir/hadoop-ozone/integration-test/target/test-dir/MiniOzoneClusterImpl-52a04bec-b74b-4afb-8d03-540e96dbba4c/datanode-4/data/ratis/d623ea71-29ad-4534-aa77-0b4f1f615895/in_use.lock acquired by nodename 18526@trunk-nightly-fxmrv-2540794721
2019-07-14 10:56:16,170 INFO  storage.RaftStorage (RaftStorage.java:format(72)) - Storage directory /workdir/hadoop-ozone/integration-test/target/test-dir/MiniOzoneClusterImpl-52a04bec-b74b-4afb-8d03-540e96dbba4c/datanode-4/data/ratis/d623ea71-29ad-4534-aa77-0b4f1f615895 has been successfully formatted.
2019-07-14 10:56:16,170 INFO  ratis.ContainerStateMachine (ContainerStateMachine.java:loadSnapshot(200)) - group-0B4F1F615895: The snapshot info is null. Setting the last applied indexto:(t:0, i:~)
2019-07-14 10:56:16,170 INFO  server.RaftServerConfigKeys (ConfUtils.java:logGet(43)) - raft.server.leader.election.timeout = 120s (custom)
2019-07-14 10:56:16,170 INFO  server.RaftServerConfigKeys (ConfUtils.java:logGet(43)) - raft.server.log.use.memory = false (default)
2019-07-14 10:56:16,171 INFO  server.RaftServerConfigKeys (ConfUtils.java:logGet(43)) - raft.server.log.purge.gap = 1000000000 (custom)
2019-07-14 10:56:16,171 INFO  server.RaftServerConfigKeys (ConfUtils.java:logGet(43)) - raft.server.log.appender.buffer.byte-limit = 33554432 (custom)
2019-07-14 10:56:16,171 INFO  server.RaftServerConfigKeys (ConfUtils.java:logGet(43)) - raft.server.log.segment.size.max = 1048576 (custom)
2019-07-14 10:56:16,171 INFO  server.RaftServerConfigKeys (ConfUtils.java:logGet(43)) - raft.server.log.segment.cache.num.max = 2 (custom)
2019-07-14 10:56:16,171 INFO  segmented.SegmentedRaftLogWorker (SegmentedRaftLogWorker.java:<init>(172)) - new c06b2e79-9a9d-4088-9e7f-3f1de9674769-SegmentedRaftLogWorker:Storage Directory /workdir/hadoop-ozone/integration-test/target/test-dir/MiniOzoneClusterImpl-52a04bec-b74b-4afb-8d03-540e96dbba4c/datanode-4/data/ratis/d623ea71-29ad-4534-aa77-0b4f1f615895 for RaftStorage:Storage Directory /workdir/hadoop-ozone/integration-test/target/test-dir/MiniOzoneClusterImpl-52a04bec-b74b-4afb-8d03-540e96dbba4c/datanode-4/data/ratis/d623ea71-29ad-4534-aa77-0b4f1f615895
2019-07-14 10:56:16,171 INFO  server.RaftServerConfigKeys (ConfUtils.java:logGet(43)) - raft.server.log.queue.byte-limit = 2147483647 (custom)
2019-07-14 10:56:16,171 INFO  server.RaftServerConfigKeys (ConfUtils.java:logGet(43)) - raft.server.log.queue.element-limit = 1024 (custom)
2019-07-14 10:56:16,172 INFO  server.RaftServerConfigKeys (ConfUtils.java:logGet(43)) - raft.server.log.segment.size.max = 1048576 (custom)
2019-07-14 10:56:16,172 INFO  server.RaftServerConfigKeys (ConfUtils.java:logGet(43)) - raft.server.log.preallocated.size = 16384 (custom)
2019-07-14 10:56:16,172 INFO  server.RaftServerConfigKeys (ConfUtils.java:logGet(43)) - raft.server.log.write.buffer.size = 33554432 (custom)
2019-07-14 10:56:16,172 INFO  server.RaftServerConfigKeys (ConfUtils.java:logGet(43)) - raft.server.log.force.sync.num = 128 (default)
2019-07-14 10:56:16,172 INFO  server.RaftServerConfigKeys (ConfUtils.java:logGet(43)) - raft.server.log.statemachine.data.sync = true (default)
2019-07-14 10:56:16,172 INFO  server.RaftServerConfigKeys (ConfUtils.java:logGet(43)) - raft.server.log.statemachine.data.sync.timeout = 10s (default)
2019-07-14 10:56:16,173 INFO  server.RaftServerConfigKeys (ConfUtils.java:logGet(43)) - raft.server.log.statemachine.data.sync.timeout.retry = -1 (default)
2019-07-14 10:56:16,173 INFO  server.RaftServerConfigKeys (ConfUtils.java:logGet(43)) - raft.server.log.statemachine.data.caching.enabled = true (custom)
2019-07-14 10:56:16,173 INFO  segmented.SegmentedRaftLogWorker (SegmentedRaftLogWorker.java:lambda$new$0(132)) - c06b2e79-9a9d-4088-9e7f-3f1de9674769-SegmentedRaftLogWorker:Storage Directory /workdir/hadoop-ozone/integration-test/target/test-dir/MiniOzoneClusterImpl-52a04bec-b74b-4afb-8d03-540e96dbba4c/datanode-4/data/ratis/d623ea71-29ad-4534-aa77-0b4f1f615895: flushIndex: setUnconditionally 0 -> -1
2019-07-14 10:56:16,173 INFO  server.RaftServerConfigKeys (ConfUtils.java:logGet(43)) - raft.server.snapshot.auto.trigger.enabled = true (custom)
2019-07-14 10:56:16,174 INFO  server.RaftServerConfigKeys (ConfUtils.java:logGet(43)) - raft.server.snapshot.auto.trigger.threshold = 10000 (custom)
2019-07-14 10:56:16,174 INFO  server.RaftServerConfigKeys (ConfUtils.java:logGet(43)) - raft.server.retrycache.expirytime = 600000ms (custom)
2019-07-14 10:56:16,174 INFO  impl.RaftServerImpl (RaftServerImpl.java:start(180)) - c06b2e79-9a9d-4088-9e7f-3f1de9674769: start group-0B4F1F615895
2019-07-14 10:56:16,174 INFO  impl.RaftServerImpl (RaftServerImpl.java:setRole(171)) - c06b2e79-9a9d-4088-9e7f-3f1de9674769:group-0B4F1F615895 changes role from null to FOLLOWER at term 0 for startAsFollower
2019-07-14 10:56:16,174 INFO  impl.RoleInfo (RoleInfo.java:updateAndGet(143)) - c06b2e79-9a9d-4088-9e7f-3f1de9674769: start FollowerState
2019-07-14 10:56:16,175 INFO  util.JmxRegister (JmxRegister.java:tryRegister(44)) - Successfully registered JMX Bean with object name Ratis:service=RaftServer,group=group-0B4F1F615895,id=c06b2e79-9a9d-4088-9e7f-3f1de9674769
2019-07-14 10:56:16,188 INFO  pipeline.PipelineStateManager (PipelineStateManager.java:addPipeline(56)) - Created pipeline Pipeline[ Id: d623ea71-29ad-4534-aa77-0b4f1f615895, Nodes: c06b2e79-9a9d-4088-9e7f-3f1de9674769{ip: 192.168.157.209, host: trunk-nightly-fxmrv-2540794721, networkLocation: /default-rack, certSerialId: null}, Type:RATIS, Factor:ONE, State:OPEN]
2019-07-14 10:56:16,218 INFO  impl.RaftServerProxy (RaftServerProxy.java:addNew(89)) - 41e22389-d6b0-478d-9070-56a3106463d4: addNew group-DFC950B5D6B8:[1060c4c8-82a0-4b24-acfd-34a0a85a558b:192.168.157.209:36689, cf9ddd5b-0d8a-4db4-9e03-3942e5d9cdb2:192.168.157.209:43423, 41e22389-d6b0-478d-9070-56a3106463d4:192.168.157.209:33052] returns group-DFC950B5D6B8:java.util.concurrent.CompletableFuture@18ef99b9[Not completed]
2019-07-14 10:56:16,222 INFO  impl.RaftServerImpl (RaftServerImpl.java:<init>(93)) - 41e22389-d6b0-478d-9070-56a3106463d4: new RaftServerImpl for group-DFC950B5D6B8:[1060c4c8-82a0-4b24-acfd-34a0a85a558b:192.168.157.209:36689, cf9ddd5b-0d8a-4db4-9e03-3942e5d9cdb2:192.168.157.209:43423, 41e22389-d6b0-478d-9070-56a3106463d4:192.168.157.209:33052] with ContainerStateMachine:uninitialized
2019-07-14 10:56:16,222 INFO  server.RaftServerConfigKeys (ConfUtils.java:logGet(43)) - raft.server.rpc.timeout.min = 5s (custom)
2019-07-14 10:56:16,222 INFO  server.RaftServerConfigKeys (ConfUtils.java:logGet(43)) - raft.server.rpc.timeout.max = 5200ms (custom)
2019-07-14 10:56:16,222 INFO  impl.RaftServerProxy (RaftServerProxy.java:addNew(89)) - cf9ddd5b-0d8a-4db4-9e03-3942e5d9cdb2: addNew group-DFC950B5D6B8:[1060c4c8-82a0-4b24-acfd-34a0a85a558b:192.168.157.209:36689, cf9ddd5b-0d8a-4db4-9e03-3942e5d9cdb2:192.168.157.209:43423, 41e22389-d6b0-478d-9070-56a3106463d4:192.168.157.209:33052] returns group-DFC950B5D6B8:java.util.concurrent.CompletableFuture@5ded04c0[Not completed]
2019-07-14 10:56:16,223 INFO  server.RaftServerConfigKeys (ConfUtils.java:logGet(43)) - raft.server.rpcslowness.timeout = 120s (custom)
2019-07-14 10:56:16,222 INFO  impl.RaftServerProxy (RaftServerProxy.java:addNew(89)) - 1060c4c8-82a0-4b24-acfd-34a0a85a558b: addNew group-DFC950B5D6B8:[1060c4c8-82a0-4b24-acfd-34a0a85a558b:192.168.157.209:36689, cf9ddd5b-0d8a-4db4-9e03-3942e5d9cdb2:192.168.157.209:43423, 41e22389-d6b0-478d-9070-56a3106463d4:192.168.157.209:33052] returns group-DFC950B5D6B8:java.util.concurrent.CompletableFuture@6c7783fd[Not completed]
2019-07-14 10:56:16,223 INFO  server.RaftServerConfigKeys (ConfUtils.java:logGet(43)) - raft.server.sleep.deviation.threshold = 300 (default)
2019-07-14 10:56:16,223 INFO  server.RaftServerConfigKeys (ConfUtils.java:logGet(43)) - raft.server.log.appender.install.snapshot.enabled = false (custom)
2019-07-14 10:56:16,223 INFO  impl.RaftServerImpl (ServerState.java:<init>(105)) - 41e22389-d6b0-478d-9070-56a3106463d4:group-DFC950B5D6B8 ConfigurationManager, init=-1: [1060c4c8-82a0-4b24-acfd-34a0a85a558b:192.168.157.209:36689, cf9ddd5b-0d8a-4db4-9e03-3942e5d9cdb2:192.168.157.209:43423, 41e22389-d6b0-478d-9070-56a3106463d4:192.168.157.209:33052], old=null, confs=<EMPTY_MAP>
2019-07-14 10:56:16,224 INFO  server.RaftServerConfigKeys (ConfUtils.java:logGet(43)) - raft.server.storage.dir = [/workdir/hadoop-ozone/integration-test/target/test-dir/MiniOzoneClusterImpl-52a04bec-b74b-4afb-8d03-540e96dbba4c/datanode-2/data/ratis] (custom)
2019-07-14 10:56:16,224 INFO  impl.RaftServerImpl (RaftServerImpl.java:<init>(93)) - cf9ddd5b-0d8a-4db4-9e03-3942e5d9cdb2: new RaftServerImpl for group-DFC950B5D6B8:[1060c4c8-82a0-4b24-acfd-34a0a85a558b:192.168.157.209:36689, cf9ddd5b-0d8a-4db4-9e03-3942e5d9cdb2:192.168.157.209:43423, 41e22389-d6b0-478d-9070-56a3106463d4:192.168.157.209:33052] with ContainerStateMachine:uninitialized
2019-07-14 10:56:16,224 INFO  server.RaftServerConfigKeys (ConfUtils.java:logGet(43)) - raft.server.rpc.timeout.min = 5s (custom)
2019-07-14 10:56:16,224 INFO  storage.RaftStorageDirectory (RaftStorageDirectory.java:analyzeStorage(246)) - The storage directory /workdir/hadoop-ozone/integration-test/target/test-dir/MiniOzoneClusterImpl-52a04bec-b74b-4afb-8d03-540e96dbba4c/datanode-2/data/ratis/53e8d22f-059e-4b03-8fff-dfc950b5d6b8 does not exist. Creating ...
2019-07-14 10:56:16,224 INFO  server.RaftServerConfigKeys (ConfUtils.java:logGet(43)) - raft.server.rpc.timeout.max = 5200ms (custom)
2019-07-14 10:56:16,224 INFO  server.RaftServerConfigKeys (ConfUtils.java:logGet(43)) - raft.server.rpcslowness.timeout = 120s (custom)
2019-07-14 10:56:16,225 INFO  server.RaftServerConfigKeys (ConfUtils.java:logGet(43)) - raft.server.sleep.deviation.threshold = 300 (default)
2019-07-14 10:56:16,225 INFO  server.RaftServerConfigKeys (ConfUtils.java:logGet(43)) - raft.server.log.appender.install.snapshot.enabled = false (custom)
2019-07-14 10:56:16,225 INFO  impl.RaftServerImpl (RaftServerImpl.java:<init>(93)) - 1060c4c8-82a0-4b24-acfd-34a0a85a558b: new RaftServerImpl for group-DFC950B5D6B8:[1060c4c8-82a0-4b24-acfd-34a0a85a558b:192.168.157.209:36689, cf9ddd5b-0d8a-4db4-9e03-3942e5d9cdb2:192.168.157.209:43423, 41e22389-d6b0-478d-9070-56a3106463d4:192.168.157.209:33052] with ContainerStateMachine:uninitialized
2019-07-14 10:56:16,225 INFO  impl.RaftServerImpl (ServerState.java:<init>(105)) - cf9ddd5b-0d8a-4db4-9e03-3942e5d9cdb2:group-DFC950B5D6B8 ConfigurationManager, init=-1: [1060c4c8-82a0-4b24-acfd-34a0a85a558b:192.168.157.209:36689, cf9ddd5b-0d8a-4db4-9e03-3942e5d9cdb2:192.168.157.209:43423, 41e22389-d6b0-478d-9070-56a3106463d4:192.168.157.209:33052], old=null, confs=<EMPTY_MAP>
2019-07-14 10:56:16,225 INFO  server.RaftServerConfigKeys (ConfUtils.java:logGet(43)) - raft.server.rpc.timeout.min = 5s (custom)
2019-07-14 10:56:16,225 INFO  server.RaftServerConfigKeys (ConfUtils.java:logGet(43)) - raft.server.storage.dir = [/workdir/hadoop-ozone/integration-test/target/test-dir/MiniOzoneClusterImpl-52a04bec-b74b-4afb-8d03-540e96dbba4c/datanode-0/data/ratis] (custom)
2019-07-14 10:56:16,225 INFO  server.RaftServerConfigKeys (ConfUtils.java:logGet(43)) - raft.server.rpc.timeout.max = 5200ms (custom)
2019-07-14 10:56:16,226 INFO  server.RaftServerConfigKeys (ConfUtils.java:logGet(43)) - raft.server.rpcslowness.timeout = 120s (custom)
2019-07-14 10:56:16,226 INFO  storage.RaftStorageDirectory (RaftStorageDirectory.java:analyzeStorage(246)) - The storage directory /workdir/hadoop-ozone/integration-test/target/test-dir/MiniOzoneClusterImpl-52a04bec-b74b-4afb-8d03-540e96dbba4c/datanode-0/data/ratis/53e8d22f-059e-4b03-8fff-dfc950b5d6b8 does not exist. Creating ...
2019-07-14 10:56:16,226 INFO  server.RaftServerConfigKeys (ConfUtils.java:logGet(43)) - raft.server.sleep.deviation.threshold = 300 (default)
2019-07-14 10:56:16,226 INFO  server.RaftServerConfigKeys (ConfUtils.java:logGet(43)) - raft.server.log.appender.install.snapshot.enabled = false (custom)
2019-07-14 10:56:16,227 INFO  impl.RaftServerImpl (ServerState.java:<init>(105)) - 1060c4c8-82a0-4b24-acfd-34a0a85a558b:group-DFC950B5D6B8 ConfigurationManager, init=-1: [1060c4c8-82a0-4b24-acfd-34a0a85a558b:192.168.157.209:36689, cf9ddd5b-0d8a-4db4-9e03-3942e5d9cdb2:192.168.157.209:43423, 41e22389-d6b0-478d-9070-56a3106463d4:192.168.157.209:33052], old=null, confs=<EMPTY_MAP>
2019-07-14 10:56:16,227 INFO  server.RaftServerConfigKeys (ConfUtils.java:logGet(43)) - raft.server.storage.dir = [/workdir/hadoop-ozone/integration-test/target/test-dir/MiniOzoneClusterImpl-52a04bec-b74b-4afb-8d03-540e96dbba4c/datanode-6/data/ratis] (custom)
2019-07-14 10:56:16,227 INFO  storage.RaftStorageDirectory (RaftStorageDirectory.java:analyzeStorage(246)) - The storage directory /workdir/hadoop-ozone/integration-test/target/test-dir/MiniOzoneClusterImpl-52a04bec-b74b-4afb-8d03-540e96dbba4c/datanode-6/data/ratis/53e8d22f-059e-4b03-8fff-dfc950b5d6b8 does not exist. Creating ...
2019-07-14 10:56:16,237 INFO  storage.RaftStorageDirectory (RaftStorageDirectory.java:tryLock(328)) - Lock on /workdir/hadoop-ozone/integration-test/target/test-dir/MiniOzoneClusterImpl-52a04bec-b74b-4afb-8d03-540e96dbba4c/datanode-6/data/ratis/53e8d22f-059e-4b03-8fff-dfc950b5d6b8/in_use.lock acquired by nodename 18526@trunk-nightly-fxmrv-2540794721
2019-07-14 10:56:16,237 INFO  storage.RaftStorageDirectory (RaftStorageDirectory.java:tryLock(328)) - Lock on /workdir/hadoop-ozone/integration-test/target/test-dir/MiniOzoneClusterImpl-52a04bec-b74b-4afb-8d03-540e96dbba4c/datanode-2/data/ratis/53e8d22f-059e-4b03-8fff-dfc950b5d6b8/in_use.lock acquired by nodename 18526@trunk-nightly-fxmrv-2540794721
2019-07-14 10:56:16,237 INFO  storage.RaftStorageDirectory (RaftStorageDirectory.java:tryLock(328)) - Lock on /workdir/hadoop-ozone/integration-test/target/test-dir/MiniOzoneClusterImpl-52a04bec-b74b-4afb-8d03-540e96dbba4c/datanode-0/data/ratis/53e8d22f-059e-4b03-8fff-dfc950b5d6b8/in_use.lock acquired by nodename 18526@trunk-nightly-fxmrv-2540794721
2019-07-14 10:56:16,251 INFO  storage.RaftStorage (RaftStorage.java:format(72)) - Storage directory /workdir/hadoop-ozone/integration-test/target/test-dir/MiniOzoneClusterImpl-52a04bec-b74b-4afb-8d03-540e96dbba4c/datanode-6/data/ratis/53e8d22f-059e-4b03-8fff-dfc950b5d6b8 has been successfully formatted.
2019-07-14 10:56:16,251 INFO  storage.RaftStorage (RaftStorage.java:format(72)) - Storage directory /workdir/hadoop-ozone/integration-test/target/test-dir/MiniOzoneClusterImpl-52a04bec-b74b-4afb-8d03-540e96dbba4c/datanode-0/data/ratis/53e8d22f-059e-4b03-8fff-dfc950b5d6b8 has been successfully formatted.
2019-07-14 10:56:16,251 INFO  storage.RaftStorage (RaftStorage.java:format(72)) - Storage directory /workdir/hadoop-ozone/integration-test/target/test-dir/MiniOzoneClusterImpl-52a04bec-b74b-4afb-8d03-540e96dbba4c/datanode-2/data/ratis/53e8d22f-059e-4b03-8fff-dfc950b5d6b8 has been successfully formatted.
2019-07-14 10:56:16,251 INFO  ratis.ContainerStateMachine (ContainerStateMachine.java:loadSnapshot(200)) - group-DFC950B5D6B8: The snapshot info is null. Setting the last applied indexto:(t:0, i:~)
2019-07-14 10:56:16,251 INFO  ratis.ContainerStateMachine (ContainerStateMachine.java:loadSnapshot(200)) - group-DFC950B5D6B8: The snapshot info is null. Setting the last applied indexto:(t:0, i:~)
2019-07-14 10:56:16,252 INFO  server.RaftServerConfigKeys (ConfUtils.java:logGet(43)) - raft.server.leader.election.timeout = 120s (custom)
2019-07-14 10:56:16,252 INFO  ratis.ContainerStateMachine (ContainerStateMachine.java:loadSnapshot(200)) - group-DFC950B5D6B8: The snapshot info is null. Setting the last applied indexto:(t:0, i:~)
2019-07-14 10:56:16,252 INFO  server.RaftServerConfigKeys (ConfUtils.java:logGet(43)) - raft.server.log.use.memory = false (default)
2019-07-14 10:56:16,252 INFO  server.RaftServerConfigKeys (ConfUtils.java:logGet(43)) - raft.server.leader.election.timeout = 120s (custom)
2019-07-14 10:56:16,252 INFO  server.RaftServerConfigKeys (ConfUtils.java:logGet(43)) - raft.server.log.purge.gap = 1000000000 (custom)
2019-07-14 10:56:16,252 INFO  server.RaftServerConfigKeys (ConfUtils.java:logGet(43)) - raft.server.leader.election.timeout = 120s (custom)
2019-07-14 10:56:16,253 INFO  server.RaftServerConfigKeys (ConfUtils.java:logGet(43)) - raft.server.log.appender.buffer.byte-limit = 33554432 (custom)
2019-07-14 10:56:16,252 INFO  server.RaftServerConfigKeys (ConfUtils.java:logGet(43)) - raft.server.log.use.memory = false (default)
2019-07-14 10:56:16,253 INFO  server.RaftServerConfigKeys (ConfUtils.java:logGet(43)) - raft.server.log.segment.size.max = 1048576 (custom)
2019-07-14 10:56:16,253 INFO  server.RaftServerConfigKeys (ConfUtils.java:logGet(43)) - raft.server.log.use.memory = false (default)
2019-07-14 10:56:16,253 INFO  server.RaftServerConfigKeys (ConfUtils.java:logGet(43)) - raft.server.log.segment.cache.num.max = 2 (custom)
2019-07-14 10:56:16,253 INFO  server.RaftServerConfigKeys (ConfUtils.java:logGet(43)) - raft.server.log.purge.gap = 1000000000 (custom)
2019-07-14 10:56:16,253 INFO  segmented.SegmentedRaftLogWorker (SegmentedRaftLogWorker.java:<init>(172)) - new 1060c4c8-82a0-4b24-acfd-34a0a85a558b-SegmentedRaftLogWorker:Storage Directory /workdir/hadoop-ozone/integration-test/target/test-dir/MiniOzoneClusterImpl-52a04bec-b74b-4afb-8d03-540e96dbba4c/datanode-6/data/ratis/53e8d22f-059e-4b03-8fff-dfc950b5d6b8 for RaftStorage:Storage Directory /workdir/hadoop-ozone/integration-test/target/test-dir/MiniOzoneClusterImpl-52a04bec-b74b-4afb-8d03-540e96dbba4c/datanode-6/data/ratis/53e8d22f-059e-4b03-8fff-dfc950b5d6b8
2019-07-14 10:56:16,253 INFO  server.RaftServerConfigKeys (ConfUtils.java:logGet(43)) - raft.server.log.purge.gap = 1000000000 (custom)
2019-07-14 10:56:16,254 INFO  server.RaftServerConfigKeys (ConfUtils.java:logGet(43)) - raft.server.log.queue.byte-limit = 2147483647 (custom)
2019-07-14 10:56:16,254 INFO  server.RaftServerConfigKeys (ConfUtils.java:logGet(43)) - raft.server.log.appender.buffer.byte-limit = 33554432 (custom)
2019-07-14 10:56:16,255 INFO  server.RaftServerConfigKeys (ConfUtils.java:logGet(43)) - raft.server.log.queue.element-limit = 1024 (custom)
2019-07-14 10:56:16,254 INFO  server.RaftServerConfigKeys (ConfUtils.java:logGet(43)) - raft.server.log.appender.buffer.byte-limit = 33554432 (custom)
2019-07-14 10:56:16,256 INFO  server.RaftServerConfigKeys (ConfUtils.java:logGet(43)) - raft.server.log.segment.size.max = 1048576 (custom)
2019-07-14 10:56:16,256 INFO  server.RaftServerConfigKeys (ConfUtils.java:logGet(43)) - raft.server.log.preallocated.size = 16384 (custom)
2019-07-14 10:56:16,256 INFO  server.RaftServerConfigKeys (ConfUtils.java:logGet(43)) - raft.server.log.write.buffer.size = 33554432 (custom)
2019-07-14 10:56:16,256 INFO  server.RaftServerConfigKeys (ConfUtils.java:logGet(43)) - raft.server.log.segment.size.max = 1048576 (custom)
2019-07-14 10:56:16,256 INFO  rpc.RpcClient (RpcClient.java:createVolume(287)) - Creating Volume: closecontainerexceptionhandlingtest, with jenkins1000 as owner.
2019-07-14 10:56:16,256 INFO  server.RaftServerConfigKeys (ConfUtils.java:logGet(43)) - raft.server.log.force.sync.num = 128 (default)
2019-07-14 10:56:16,256 INFO  server.RaftServerConfigKeys (ConfUtils.java:logGet(43)) - raft.server.log.segment.size.max = 1048576 (custom)
2019-07-14 10:56:16,257 INFO  server.RaftServerConfigKeys (ConfUtils.java:logGet(43)) - raft.server.log.statemachine.data.sync = true (default)
2019-07-14 10:56:16,257 INFO  server.RaftServerConfigKeys (ConfUtils.java:logGet(43)) - raft.server.log.segment.cache.num.max = 2 (custom)
2019-07-14 10:56:16,257 INFO  server.RaftServerConfigKeys (ConfUtils.java:logGet(43)) - raft.server.log.statemachine.data.sync.timeout = 10s (default)
2019-07-14 10:56:16,257 INFO  server.RaftServerConfigKeys (ConfUtils.java:logGet(43)) - raft.server.log.segment.cache.num.max = 2 (custom)
2019-07-14 10:56:16,258 INFO  server.RaftServerConfigKeys (ConfUtils.java:logGet(43)) - raft.server.log.statemachine.data.sync.timeout.retry = -1 (default)
2019-07-14 10:56:16,257 INFO  segmented.SegmentedRaftLogWorker (SegmentedRaftLogWorker.java:<init>(172)) - new cf9ddd5b-0d8a-4db4-9e03-3942e5d9cdb2-SegmentedRaftLogWorker:Storage Directory /workdir/hadoop-ozone/integration-test/target/test-dir/MiniOzoneClusterImpl-52a04bec-b74b-4afb-8d03-540e96dbba4c/datanode-0/data/ratis/53e8d22f-059e-4b03-8fff-dfc950b5d6b8 for RaftStorage:Storage Directory /workdir/hadoop-ozone/integration-test/target/test-dir/MiniOzoneClusterImpl-52a04bec-b74b-4afb-8d03-540e96dbba4c/datanode-0/data/ratis/53e8d22f-059e-4b03-8fff-dfc950b5d6b8
2019-07-14 10:56:16,258 INFO  server.RaftServerConfigKeys (ConfUtils.java:logGet(43)) - raft.server.log.statemachine.data.caching.enabled = true (custom)
2019-07-14 10:56:16,258 INFO  segmented.SegmentedRaftLogWorker (SegmentedRaftLogWorker.java:<init>(172)) - new 41e22389-d6b0-478d-9070-56a3106463d4-SegmentedRaftLogWorker:Storage Directory /workdir/hadoop-ozone/integration-test/target/test-dir/MiniOzoneClusterImpl-52a04bec-b74b-4afb-8d03-540e96dbba4c/datanode-2/data/ratis/53e8d22f-059e-4b03-8fff-dfc950b5d6b8 for RaftStorage:Storage Directory /workdir/hadoop-ozone/integration-test/target/test-dir/MiniOzoneClusterImpl-52a04bec-b74b-4afb-8d03-540e96dbba4c/datanode-2/data/ratis/53e8d22f-059e-4b03-8fff-dfc950b5d6b8
2019-07-14 10:56:16,260 INFO  segmented.SegmentedRaftLogWorker (SegmentedRaftLogWorker.java:lambda$new$0(132)) - 1060c4c8-82a0-4b24-acfd-34a0a85a558b-SegmentedRaftLogWorker:Storage Directory /workdir/hadoop-ozone/integration-test/target/test-dir/MiniOzoneClusterImpl-52a04bec-b74b-4afb-8d03-540e96dbba4c/datanode-6/data/ratis/53e8d22f-059e-4b03-8fff-dfc950b5d6b8: flushIndex: setUnconditionally 0 -> -1
2019-07-14 10:56:16,258 INFO  server.RaftServerConfigKeys (ConfUtils.java:logGet(43)) - raft.server.log.queue.byte-limit = 2147483647 (custom)
2019-07-14 10:56:16,262 INFO  server.RaftServerConfigKeys (ConfUtils.java:logGet(43)) - raft.server.snapshot.auto.trigger.enabled = true (custom)
2019-07-14 10:56:16,260 INFO  server.RaftServerConfigKeys (ConfUtils.java:logGet(43)) - raft.server.log.queue.byte-limit = 2147483647 (custom)
2019-07-14 10:56:16,262 INFO  server.RaftServerConfigKeys (ConfUtils.java:logGet(43)) - raft.server.snapshot.auto.trigger.threshold = 10000 (custom)
2019-07-14 10:56:16,262 INFO  server.RaftServerConfigKeys (ConfUtils.java:logGet(43)) - raft.server.log.queue.element-limit = 1024 (custom)
2019-07-14 10:56:16,262 INFO  server.RaftServerConfigKeys (ConfUtils.java:logGet(43)) - raft.server.retrycache.expirytime = 600000ms (custom)
2019-07-14 10:56:16,262 INFO  server.RaftServerConfigKeys (ConfUtils.java:logGet(43)) - raft.server.log.queue.element-limit = 1024 (custom)
2019-07-14 10:56:16,262 INFO  impl.RaftServerImpl (RaftServerImpl.java:start(180)) - 1060c4c8-82a0-4b24-acfd-34a0a85a558b: start group-DFC950B5D6B8
2019-07-14 10:56:16,263 INFO  impl.RaftServerImpl (RaftServerImpl.java:setRole(171)) - 1060c4c8-82a0-4b24-acfd-34a0a85a558b:group-DFC950B5D6B8 changes role from null to FOLLOWER at term 0 for startAsFollower
2019-07-14 10:56:16,262 INFO  server.RaftServerConfigKeys (ConfUtils.java:logGet(43)) - raft.server.log.segment.size.max = 1048576 (custom)
2019-07-14 10:56:16,263 INFO  impl.RoleInfo (RoleInfo.java:updateAndGet(143)) - 1060c4c8-82a0-4b24-acfd-34a0a85a558b: start FollowerState
2019-07-14 10:56:16,263 INFO  server.RaftServerConfigKeys (ConfUtils.java:logGet(43)) - raft.server.log.segment.size.max = 1048576 (custom)
2019-07-14 10:56:16,263 INFO  server.RaftServerConfigKeys (ConfUtils.java:logGet(43)) - raft.server.log.preallocated.size = 16384 (custom)
2019-07-14 10:56:16,263 INFO  util.JmxRegister (JmxRegister.java:tryRegister(44)) - Successfully registered JMX Bean with object name Ratis:service=RaftServer,group=group-DFC950B5D6B8,id=1060c4c8-82a0-4b24-acfd-34a0a85a558b
2019-07-14 10:56:16,263 INFO  server.RaftServerConfigKeys (ConfUtils.java:logGet(43)) - raft.server.log.preallocated.size = 16384 (custom)
2019-07-14 10:56:16,263 INFO  server.RaftServerConfigKeys (ConfUtils.java:logGet(43)) - raft.server.log.write.buffer.size = 33554432 (custom)
2019-07-14 10:56:16,264 INFO  server.RaftServerConfigKeys (ConfUtils.java:logGet(43)) - raft.server.log.write.buffer.size = 33554432 (custom)
2019-07-14 10:56:16,264 INFO  server.RaftServerConfigKeys (ConfUtils.java:logGet(43)) - raft.server.log.force.sync.num = 128 (default)
2019-07-14 10:56:16,264 INFO  server.RaftServerConfigKeys (ConfUtils.java:logGet(43)) - raft.server.log.force.sync.num = 128 (default)
2019-07-14 10:56:16,264 INFO  server.RaftServerConfigKeys (ConfUtils.java:logGet(43)) - raft.server.log.statemachine.data.sync = true (default)
2019-07-14 10:56:16,264 INFO  server.RaftServerConfigKeys (ConfUtils.java:logGet(43)) - raft.server.log.statemachine.data.sync = true (default)
2019-07-14 10:56:16,265 INFO  server.RaftServerConfigKeys (ConfUtils.java:logGet(43)) - raft.server.log.statemachine.data.sync.timeout = 10s (default)
2019-07-14 10:56:16,265 INFO  server.RaftServerConfigKeys (ConfUtils.java:logGet(43)) - raft.server.log.statemachine.data.sync.timeout = 10s (default)
2019-07-14 10:56:16,265 INFO  server.RaftServerConfigKeys (ConfUtils.java:logGet(43)) - raft.server.log.statemachine.data.sync.timeout.retry = -1 (default)
2019-07-14 10:56:16,265 INFO  server.RaftServerConfigKeys (ConfUtils.java:logGet(43)) - raft.server.log.statemachine.data.sync.timeout.retry = -1 (default)
2019-07-14 10:56:16,265 INFO  server.RaftServerConfigKeys (ConfUtils.java:logGet(43)) - raft.server.log.statemachine.data.caching.enabled = true (custom)
2019-07-14 10:56:16,265 INFO  server.RaftServerConfigKeys (ConfUtils.java:logGet(43)) - raft.server.log.statemachine.data.caching.enabled = true (custom)
2019-07-14 10:56:16,266 INFO  segmented.SegmentedRaftLogWorker (SegmentedRaftLogWorker.java:lambda$new$0(132)) - cf9ddd5b-0d8a-4db4-9e03-3942e5d9cdb2-SegmentedRaftLogWorker:Storage Directory /workdir/hadoop-ozone/integration-test/target/test-dir/MiniOzoneClusterImpl-52a04bec-b74b-4afb-8d03-540e96dbba4c/datanode-0/data/ratis/53e8d22f-059e-4b03-8fff-dfc950b5d6b8: flushIndex: setUnconditionally 0 -> -1
2019-07-14 10:56:16,266 INFO  segmented.SegmentedRaftLogWorker (SegmentedRaftLogWorker.java:lambda$new$0(132)) - 41e22389-d6b0-478d-9070-56a3106463d4-SegmentedRaftLogWorker:Storage Directory /workdir/hadoop-ozone/integration-test/target/test-dir/MiniOzoneClusterImpl-52a04bec-b74b-4afb-8d03-540e96dbba4c/datanode-2/data/ratis/53e8d22f-059e-4b03-8fff-dfc950b5d6b8: flushIndex: setUnconditionally 0 -> -1
2019-07-14 10:56:16,266 INFO  server.RaftServerConfigKeys (ConfUtils.java:logGet(43)) - raft.server.snapshot.auto.trigger.enabled = true (custom)
2019-07-14 10:56:16,266 INFO  server.RaftServerConfigKeys (ConfUtils.java:logGet(43)) - raft.server.snapshot.auto.trigger.threshold = 10000 (custom)
2019-07-14 10:56:16,266 INFO  server.RaftServerConfigKeys (ConfUtils.java:logGet(43)) - raft.server.snapshot.auto.trigger.enabled = true (custom)
2019-07-14 10:56:16,268 INFO  server.RaftServerConfigKeys (ConfUtils.java:logGet(43)) - raft.server.retrycache.expirytime = 600000ms (custom)
2019-07-14 10:56:16,268 INFO  server.RaftServerConfigKeys (ConfUtils.java:logGet(43)) - raft.server.snapshot.auto.trigger.threshold = 10000 (custom)
2019-07-14 10:56:16,268 INFO  impl.RaftServerImpl (RaftServerImpl.java:start(180)) - cf9ddd5b-0d8a-4db4-9e03-3942e5d9cdb2: start group-DFC950B5D6B8
2019-07-14 10:56:16,268 INFO  server.RaftServerConfigKeys (ConfUtils.java:logGet(43)) - raft.server.retrycache.expirytime = 600000ms (custom)
2019-07-14 10:56:16,268 INFO  impl.RaftServerImpl (RaftServerImpl.java:setRole(171)) - cf9ddd5b-0d8a-4db4-9e03-3942e5d9cdb2:group-DFC950B5D6B8 changes role from null to FOLLOWER at term 0 for startAsFollower
2019-07-14 10:56:16,272 INFO  impl.RaftServerImpl (RaftServerImpl.java:start(180)) - 41e22389-d6b0-478d-9070-56a3106463d4: start group-DFC950B5D6B8
2019-07-14 10:56:16,272 INFO  impl.RoleInfo (RoleInfo.java:updateAndGet(143)) - cf9ddd5b-0d8a-4db4-9e03-3942e5d9cdb2: start FollowerState
2019-07-14 10:56:16,272 INFO  impl.RaftServerImpl (RaftServerImpl.java:setRole(171)) - 41e22389-d6b0-478d-9070-56a3106463d4:group-DFC950B5D6B8 changes role from null to FOLLOWER at term 0 for startAsFollower
2019-07-14 10:56:16,273 INFO  impl.RoleInfo (RoleInfo.java:updateAndGet(143)) - 41e22389-d6b0-478d-9070-56a3106463d4: start FollowerState
2019-07-14 10:56:16,273 INFO  util.JmxRegister (JmxRegister.java:tryRegister(44)) - Successfully registered JMX Bean with object name Ratis:service=RaftServer,group=group-DFC950B5D6B8,id=cf9ddd5b-0d8a-4db4-9e03-3942e5d9cdb2
2019-07-14 10:56:16,273 INFO  util.JmxRegister (JmxRegister.java:tryRegister(44)) - Successfully registered JMX Bean with object name Ratis:service=RaftServer,group=group-DFC950B5D6B8,id=41e22389-d6b0-478d-9070-56a3106463d4
2019-07-14 10:56:16,290 INFO  pipeline.PipelineStateManager (PipelineStateManager.java:addPipeline(56)) - Created pipeline Pipeline[ Id: 53e8d22f-059e-4b03-8fff-dfc950b5d6b8, Nodes: 1060c4c8-82a0-4b24-acfd-34a0a85a558b{ip: 192.168.157.209, host: trunk-nightly-fxmrv-2540794721, networkLocation: /default-rack, certSerialId: null}cf9ddd5b-0d8a-4db4-9e03-3942e5d9cdb2{ip: 192.168.157.209, host: trunk-nightly-fxmrv-2540794721, networkLocation: /default-rack, certSerialId: null}41e22389-d6b0-478d-9070-56a3106463d4{ip: 192.168.157.209, host: trunk-nightly-fxmrv-2540794721, networkLocation: /default-rack, certSerialId: null}, Type:RATIS, Factor:THREE, State:OPEN]
2019-07-14 10:56:16,323 INFO  impl.RaftServerProxy (RaftServerProxy.java:addNew(89)) - 19b02754-dda9-4f14-881a-2dac3900a1b7: addNew group-43A156A46A73:[d2ea99aa-e00d-49c2-bfb3-5f583ed448f8:192.168.157.209:42835, 19b02754-dda9-4f14-881a-2dac3900a1b7:192.168.157.209:34719, ead0de76-64f0-414f-9177-e4eb047cf253:192.168.157.209:40464] returns group-43A156A46A73:java.util.concurrent.CompletableFuture@9f1a7df[Not completed]
2019-07-14 10:56:16,323 INFO  impl.RaftServerProxy (RaftServerProxy.java:addNew(89)) - d2ea99aa-e00d-49c2-bfb3-5f583ed448f8: addNew group-43A156A46A73:[d2ea99aa-e00d-49c2-bfb3-5f583ed448f8:192.168.157.209:42835, 19b02754-dda9-4f14-881a-2dac3900a1b7:192.168.157.209:34719, ead0de76-64f0-414f-9177-e4eb047cf253:192.168.157.209:40464] returns group-43A156A46A73:java.util.concurrent.CompletableFuture@6c7a5b3b[Not completed]
2019-07-14 10:56:16,331 INFO  impl.RaftServerProxy (RaftServerProxy.java:addNew(89)) - ead0de76-64f0-414f-9177-e4eb047cf253: addNew group-43A156A46A73:[d2ea99aa-e00d-49c2-bfb3-5f583ed448f8:192.168.157.209:42835, 19b02754-dda9-4f14-881a-2dac3900a1b7:192.168.157.209:34719, ead0de76-64f0-414f-9177-e4eb047cf253:192.168.157.209:40464] returns group-43A156A46A73:java.util.concurrent.CompletableFuture@30274e34[Not completed]
2019-07-14 10:56:16,334 INFO  impl.RaftServerImpl (RaftServerImpl.java:<init>(93)) - d2ea99aa-e00d-49c2-bfb3-5f583ed448f8: new RaftServerImpl for group-43A156A46A73:[d2ea99aa-e00d-49c2-bfb3-5f583ed448f8:192.168.157.209:42835, 19b02754-dda9-4f14-881a-2dac3900a1b7:192.168.157.209:34719, ead0de76-64f0-414f-9177-e4eb047cf253:192.168.157.209:40464] with ContainerStateMachine:uninitialized
2019-07-14 10:56:16,336 INFO  server.RaftServerConfigKeys (ConfUtils.java:logGet(43)) - raft.server.rpc.timeout.min = 5s (custom)
2019-07-14 10:56:16,336 INFO  server.RaftServerConfigKeys (ConfUtils.java:logGet(43)) - raft.server.rpc.timeout.max = 5200ms (custom)
2019-07-14 10:56:16,336 INFO  server.RaftServerConfigKeys (ConfUtils.java:logGet(43)) - raft.server.rpcslowness.timeout = 120s (custom)
2019-07-14 10:56:16,336 INFO  server.RaftServerConfigKeys (ConfUtils.java:logGet(43)) - raft.server.sleep.deviation.threshold = 300 (default)
2019-07-14 10:56:16,337 INFO  impl.RaftServerImpl (RaftServerImpl.java:<init>(93)) - ead0de76-64f0-414f-9177-e4eb047cf253: new RaftServerImpl for group-43A156A46A73:[d2ea99aa-e00d-49c2-bfb3-5f583ed448f8:192.168.157.209:42835, 19b02754-dda9-4f14-881a-2dac3900a1b7:192.168.157.209:34719, ead0de76-64f0-414f-9177-e4eb047cf253:192.168.157.209:40464] with ContainerStateMachine:uninitialized
2019-07-14 10:56:16,337 INFO  server.RaftServerConfigKeys (ConfUtils.java:logGet(43)) - raft.server.log.appender.install.snapshot.enabled = false (custom)
2019-07-14 10:56:16,337 INFO  server.RaftServerConfigKeys (ConfUtils.java:logGet(43)) - raft.server.rpc.timeout.min = 5s (custom)
2019-07-14 10:56:16,337 INFO  impl.RaftServerImpl (ServerState.java:<init>(105)) - d2ea99aa-e00d-49c2-bfb3-5f583ed448f8:group-43A156A46A73 ConfigurationManager, init=-1: [d2ea99aa-e00d-49c2-bfb3-5f583ed448f8:192.168.157.209:42835, 19b02754-dda9-4f14-881a-2dac3900a1b7:192.168.157.209:34719, ead0de76-64f0-414f-9177-e4eb047cf253:192.168.157.209:40464], old=null, confs=<EMPTY_MAP>
2019-07-14 10:56:16,337 INFO  server.RaftServerConfigKeys (ConfUtils.java:logGet(43)) - raft.server.rpc.timeout.max = 5200ms (custom)
2019-07-14 10:56:16,337 INFO  server.RaftServerConfigKeys (ConfUtils.java:logGet(43)) - raft.server.storage.dir = [/workdir/hadoop-ozone/integration-test/target/test-dir/MiniOzoneClusterImpl-52a04bec-b74b-4afb-8d03-540e96dbba4c/datanode-5/data/ratis] (custom)
2019-07-14 10:56:16,337 INFO  server.RaftServerConfigKeys (ConfUtils.java:logGet(43)) - raft.server.rpcslowness.timeout = 120s (custom)
2019-07-14 10:56:16,337 INFO  impl.RaftServerImpl (RaftServerImpl.java:<init>(93)) - 19b02754-dda9-4f14-881a-2dac3900a1b7: new RaftServerImpl for group-43A156A46A73:[d2ea99aa-e00d-49c2-bfb3-5f583ed448f8:192.168.157.209:42835, 19b02754-dda9-4f14-881a-2dac3900a1b7:192.168.157.209:34719, ead0de76-64f0-414f-9177-e4eb047cf253:192.168.157.209:40464] with ContainerStateMachine:uninitialized
2019-07-14 10:56:16,338 INFO  server.RaftServerConfigKeys (ConfUtils.java:logGet(43)) - raft.server.sleep.deviation.threshold = 300 (default)
2019-07-14 10:56:16,338 INFO  server.RaftServerConfigKeys (ConfUtils.java:logGet(43)) - raft.server.rpc.timeout.min = 5s (custom)
2019-07-14 10:56:16,338 INFO  storage.RaftStorageDirectory (RaftStorageDirectory.java:analyzeStorage(246)) - The storage directory /workdir/hadoop-ozone/integration-test/target/test-dir/MiniOzoneClusterImpl-52a04bec-b74b-4afb-8d03-540e96dbba4c/datanode-5/data/ratis/5d60e7ab-2134-47e3-b583-43a156a46a73 does not exist. Creating ...
2019-07-14 10:56:16,338 INFO  server.RaftServerConfigKeys (ConfUtils.java:logGet(43)) - raft.server.rpc.timeout.max = 5200ms (custom)
2019-07-14 10:56:16,338 INFO  server.RaftServerConfigKeys (ConfUtils.java:logGet(43)) - raft.server.log.appender.install.snapshot.enabled = false (custom)
2019-07-14 10:56:16,338 INFO  server.RaftServerConfigKeys (ConfUtils.java:logGet(43)) - raft.server.rpcslowness.timeout = 120s (custom)
2019-07-14 10:56:16,338 INFO  impl.RaftServerImpl (ServerState.java:<init>(105)) - ead0de76-64f0-414f-9177-e4eb047cf253:group-43A156A46A73 ConfigurationManager, init=-1: [d2ea99aa-e00d-49c2-bfb3-5f583ed448f8:192.168.157.209:42835, 19b02754-dda9-4f14-881a-2dac3900a1b7:192.168.157.209:34719, ead0de76-64f0-414f-9177-e4eb047cf253:192.168.157.209:40464], old=null, confs=<EMPTY_MAP>
2019-07-14 10:56:16,339 INFO  server.RaftServerConfigKeys (ConfUtils.java:logGet(43)) - raft.server.sleep.deviation.threshold = 300 (default)
2019-07-14 10:56:16,339 INFO  server.RaftServerConfigKeys (ConfUtils.java:logGet(43)) - raft.server.storage.dir = [/workdir/hadoop-ozone/integration-test/target/test-dir/MiniOzoneClusterImpl-52a04bec-b74b-4afb-8d03-540e96dbba4c/datanode-1/data/ratis] (custom)
2019-07-14 10:56:16,339 INFO  server.RaftServerConfigKeys (ConfUtils.java:logGet(43)) - raft.server.log.appender.install.snapshot.enabled = false (custom)
2019-07-14 10:56:16,339 INFO  impl.RaftServerImpl (ServerState.java:<init>(105)) - 19b02754-dda9-4f14-881a-2dac3900a1b7:group-43A156A46A73 ConfigurationManager, init=-1: [d2ea99aa-e00d-49c2-bfb3-5f583ed448f8:192.168.157.209:42835, 19b02754-dda9-4f14-881a-2dac3900a1b7:192.168.157.209:34719, ead0de76-64f0-414f-9177-e4eb047cf253:192.168.157.209:40464], old=null, confs=<EMPTY_MAP>
2019-07-14 10:56:16,339 INFO  storage.RaftStorageDirectory (RaftStorageDirectory.java:analyzeStorage(246)) - The storage directory /workdir/hadoop-ozone/integration-test/target/test-dir/MiniOzoneClusterImpl-52a04bec-b74b-4afb-8d03-540e96dbba4c/datanode-1/data/ratis/5d60e7ab-2134-47e3-b583-43a156a46a73 does not exist. Creating ...
2019-07-14 10:56:16,339 INFO  server.RaftServerConfigKeys (ConfUtils.java:logGet(43)) - raft.server.storage.dir = [/workdir/hadoop-ozone/integration-test/target/test-dir/MiniOzoneClusterImpl-52a04bec-b74b-4afb-8d03-540e96dbba4c/datanode-3/data/ratis] (custom)
2019-07-14 10:56:16,340 INFO  storage.RaftStorageDirectory (RaftStorageDirectory.java:analyzeStorage(246)) - The storage directory /workdir/hadoop-ozone/integration-test/target/test-dir/MiniOzoneClusterImpl-52a04bec-b74b-4afb-8d03-540e96dbba4c/datanode-3/data/ratis/5d60e7ab-2134-47e3-b583-43a156a46a73 does not exist. Creating ...
2019-07-14 10:56:16,341 INFO  rpc.RpcClient (RpcClient.java:createBucket(424)) - Creating Bucket: closecontainerexceptionhandlingtest/closecontainerexceptionhandlingtest, with Versioning false and Storage Type set to DISK and Encryption set to false 
2019-07-14 10:56:16,356 INFO  storage.RaftStorageDirectory (RaftStorageDirectory.java:tryLock(328)) - Lock on /workdir/hadoop-ozone/integration-test/target/test-dir/MiniOzoneClusterImpl-52a04bec-b74b-4afb-8d03-540e96dbba4c/datanode-1/data/ratis/5d60e7ab-2134-47e3-b583-43a156a46a73/in_use.lock acquired by nodename 18526@trunk-nightly-fxmrv-2540794721
2019-07-14 10:56:16,356 INFO  storage.RaftStorageDirectory (RaftStorageDirectory.java:tryLock(328)) - Lock on /workdir/hadoop-ozone/integration-test/target/test-dir/MiniOzoneClusterImpl-52a04bec-b74b-4afb-8d03-540e96dbba4c/datanode-3/data/ratis/5d60e7ab-2134-47e3-b583-43a156a46a73/in_use.lock acquired by nodename 18526@trunk-nightly-fxmrv-2540794721
2019-07-14 10:56:16,356 INFO  storage.RaftStorageDirectory (RaftStorageDirectory.java:tryLock(328)) - Lock on /workdir/hadoop-ozone/integration-test/target/test-dir/MiniOzoneClusterImpl-52a04bec-b74b-4afb-8d03-540e96dbba4c/datanode-5/data/ratis/5d60e7ab-2134-47e3-b583-43a156a46a73/in_use.lock acquired by nodename 18526@trunk-nightly-fxmrv-2540794721
2019-07-14 10:56:16,373 INFO  storage.RaftStorage (RaftStorage.java:format(72)) - Storage directory /workdir/hadoop-ozone/integration-test/target/test-dir/MiniOzoneClusterImpl-52a04bec-b74b-4afb-8d03-540e96dbba4c/datanode-5/data/ratis/5d60e7ab-2134-47e3-b583-43a156a46a73 has been successfully formatted.
2019-07-14 10:56:16,373 INFO  storage.RaftStorage (RaftStorage.java:format(72)) - Storage directory /workdir/hadoop-ozone/integration-test/target/test-dir/MiniOzoneClusterImpl-52a04bec-b74b-4afb-8d03-540e96dbba4c/datanode-1/data/ratis/5d60e7ab-2134-47e3-b583-43a156a46a73 has been successfully formatted.
2019-07-14 10:56:16,373 INFO  ratis.ContainerStateMachine (ContainerStateMachine.java:loadSnapshot(200)) - group-43A156A46A73: The snapshot info is null. Setting the last applied indexto:(t:0, i:~)
2019-07-14 10:56:16,373 INFO  storage.RaftStorage (RaftStorage.java:format(72)) - Storage directory /workdir/hadoop-ozone/integration-test/target/test-dir/MiniOzoneClusterImpl-52a04bec-b74b-4afb-8d03-540e96dbba4c/datanode-3/data/ratis/5d60e7ab-2134-47e3-b583-43a156a46a73 has been successfully formatted.
2019-07-14 10:56:16,373 INFO  server.RaftServerConfigKeys (ConfUtils.java:logGet(43)) - raft.server.leader.election.timeout = 120s (custom)
2019-07-14 10:56:16,373 INFO  ratis.ContainerStateMachine (ContainerStateMachine.java:loadSnapshot(200)) - group-43A156A46A73: The snapshot info is null. Setting the last applied indexto:(t:0, i:~)
2019-07-14 10:56:16,373 INFO  server.RaftServerConfigKeys (ConfUtils.java:logGet(43)) - raft.server.log.use.memory = false (default)
2019-07-14 10:56:16,373 INFO  ratis.ContainerStateMachine (ContainerStateMachine.java:loadSnapshot(200)) - group-43A156A46A73: The snapshot info is null. Setting the last applied indexto:(t:0, i:~)
2019-07-14 10:56:16,374 INFO  server.RaftServerConfigKeys (ConfUtils.java:logGet(43)) - raft.server.log.purge.gap = 1000000000 (custom)
2019-07-14 10:56:16,373 INFO  server.RaftServerConfigKeys (ConfUtils.java:logGet(43)) - raft.server.leader.election.timeout = 120s (custom)
2019-07-14 10:56:16,374 INFO  server.RaftServerConfigKeys (ConfUtils.java:logGet(43)) - raft.server.log.appender.buffer.byte-limit = 33554432 (custom)
2019-07-14 10:56:16,374 INFO  server.RaftServerConfigKeys (ConfUtils.java:logGet(43)) - raft.server.leader.election.timeout = 120s (custom)
2019-07-14 10:56:16,374 INFO  server.RaftServerConfigKeys (ConfUtils.java:logGet(43)) - raft.server.log.segment.size.max = 1048576 (custom)
2019-07-14 10:56:16,374 INFO  server.RaftServerConfigKeys (ConfUtils.java:logGet(43)) - raft.server.log.use.memory = false (default)
2019-07-14 10:56:16,374 INFO  server.RaftServerConfigKeys (ConfUtils.java:logGet(43)) - raft.server.log.segment.cache.num.max = 2 (custom)
2019-07-14 10:56:16,374 INFO  server.RaftServerConfigKeys (ConfUtils.java:logGet(43)) - raft.server.log.use.memory = false (default)
2019-07-14 10:56:16,375 INFO  segmented.SegmentedRaftLogWorker (SegmentedRaftLogWorker.java:<init>(172)) - new d2ea99aa-e00d-49c2-bfb3-5f583ed448f8-SegmentedRaftLogWorker:Storage Directory /workdir/hadoop-ozone/integration-test/target/test-dir/MiniOzoneClusterImpl-52a04bec-b74b-4afb-8d03-540e96dbba4c/datanode-5/data/ratis/5d60e7ab-2134-47e3-b583-43a156a46a73 for RaftStorage:Storage Directory /workdir/hadoop-ozone/integration-test/target/test-dir/MiniOzoneClusterImpl-52a04bec-b74b-4afb-8d03-540e96dbba4c/datanode-5/data/ratis/5d60e7ab-2134-47e3-b583-43a156a46a73
2019-07-14 10:56:16,375 INFO  server.RaftServerConfigKeys (ConfUtils.java:logGet(43)) - raft.server.log.purge.gap = 1000000000 (custom)
2019-07-14 10:56:16,375 INFO  server.RaftServerConfigKeys (ConfUtils.java:logGet(43)) - raft.server.log.queue.byte-limit = 2147483647 (custom)
2019-07-14 10:56:16,375 INFO  server.RaftServerConfigKeys (ConfUtils.java:logGet(43)) - raft.server.log.purge.gap = 1000000000 (custom)
2019-07-14 10:56:16,378 INFO  server.RaftServerConfigKeys (ConfUtils.java:logGet(43)) - raft.server.log.queue.element-limit = 1024 (custom)
2019-07-14 10:56:16,375 INFO  server.RaftServerConfigKeys (ConfUtils.java:logGet(43)) - raft.server.log.appender.buffer.byte-limit = 33554432 (custom)
2019-07-14 10:56:16,378 INFO  server.RaftServerConfigKeys (ConfUtils.java:logGet(43)) - raft.server.log.segment.size.max = 1048576 (custom)
2019-07-14 10:56:16,378 INFO  server.RaftServerConfigKeys (ConfUtils.java:logGet(43)) - raft.server.log.appender.buffer.byte-limit = 33554432 (custom)
2019-07-14 10:56:16,378 INFO  server.RaftServerConfigKeys (ConfUtils.java:logGet(43)) - raft.server.log.preallocated.size = 16384 (custom)
2019-07-14 10:56:16,378 INFO  server.RaftServerConfigKeys (ConfUtils.java:logGet(43)) - raft.server.log.segment.size.max = 1048576 (custom)
2019-07-14 10:56:16,380 INFO  server.RaftServerConfigKeys (ConfUtils.java:logGet(43)) - raft.server.log.write.buffer.size = 33554432 (custom)
2019-07-14 10:56:16,378 INFO  server.RaftServerConfigKeys (ConfUtils.java:logGet(43)) - raft.server.log.segment.size.max = 1048576 (custom)
2019-07-14 10:56:16,380 INFO  server.RaftServerConfigKeys (ConfUtils.java:logGet(43)) - raft.server.log.force.sync.num = 128 (default)
2019-07-14 10:56:16,380 INFO  server.RaftServerConfigKeys (ConfUtils.java:logGet(43)) - raft.server.log.segment.cache.num.max = 2 (custom)
2019-07-14 10:56:16,380 INFO  server.RaftServerConfigKeys (ConfUtils.java:logGet(43)) - raft.server.log.statemachine.data.sync = true (default)
2019-07-14 10:56:16,380 INFO  server.RaftServerConfigKeys (ConfUtils.java:logGet(43)) - raft.server.log.segment.cache.num.max = 2 (custom)
2019-07-14 10:56:16,380 INFO  server.RaftServerConfigKeys (ConfUtils.java:logGet(43)) - raft.server.log.statemachine.data.sync.timeout = 10s (default)
2019-07-14 10:56:16,380 INFO  segmented.SegmentedRaftLogWorker (SegmentedRaftLogWorker.java:<init>(172)) - new ead0de76-64f0-414f-9177-e4eb047cf253-SegmentedRaftLogWorker:Storage Directory /workdir/hadoop-ozone/integration-test/target/test-dir/MiniOzoneClusterImpl-52a04bec-b74b-4afb-8d03-540e96dbba4c/datanode-1/data/ratis/5d60e7ab-2134-47e3-b583-43a156a46a73 for RaftStorage:Storage Directory /workdir/hadoop-ozone/integration-test/target/test-dir/MiniOzoneClusterImpl-52a04bec-b74b-4afb-8d03-540e96dbba4c/datanode-1/data/ratis/5d60e7ab-2134-47e3-b583-43a156a46a73
2019-07-14 10:56:16,381 INFO  server.RaftServerConfigKeys (ConfUtils.java:logGet(43)) - raft.server.log.statemachine.data.sync.timeout.retry = -1 (default)
2019-07-14 10:56:16,381 INFO  segmented.SegmentedRaftLogWorker (SegmentedRaftLogWorker.java:<init>(172)) - new 19b02754-dda9-4f14-881a-2dac3900a1b7-SegmentedRaftLogWorker:Storage Directory /workdir/hadoop-ozone/integration-test/target/test-dir/MiniOzoneClusterImpl-52a04bec-b74b-4afb-8d03-540e96dbba4c/datanode-3/data/ratis/5d60e7ab-2134-47e3-b583-43a156a46a73 for RaftStorage:Storage Directory /workdir/hadoop-ozone/integration-test/target/test-dir/MiniOzoneClusterImpl-52a04bec-b74b-4afb-8d03-540e96dbba4c/datanode-3/data/ratis/5d60e7ab-2134-47e3-b583-43a156a46a73
2019-07-14 10:56:16,382 INFO  server.RaftServerConfigKeys (ConfUtils.java:logGet(43)) - raft.server.log.statemachine.data.caching.enabled = true (custom)
2019-07-14 10:56:16,381 INFO  server.RaftServerConfigKeys (ConfUtils.java:logGet(43)) - raft.server.log.queue.byte-limit = 2147483647 (custom)
2019-07-14 10:56:16,382 INFO  server.RaftServerConfigKeys (ConfUtils.java:logGet(43)) - raft.server.log.queue.byte-limit = 2147483647 (custom)
2019-07-14 10:56:16,384 INFO  segmented.SegmentedRaftLogWorker (SegmentedRaftLogWorker.java:lambda$new$0(132)) - d2ea99aa-e00d-49c2-bfb3-5f583ed448f8-SegmentedRaftLogWorker:Storage Directory /workdir/hadoop-ozone/integration-test/target/test-dir/MiniOzoneClusterImpl-52a04bec-b74b-4afb-8d03-540e96dbba4c/datanode-5/data/ratis/5d60e7ab-2134-47e3-b583-43a156a46a73: flushIndex: setUnconditionally 0 -> -1
2019-07-14 10:56:16,384 INFO  server.RaftServerConfigKeys (ConfUtils.java:logGet(43)) - raft.server.log.queue.element-limit = 1024 (custom)
2019-07-14 10:56:16,384 INFO  server.RaftServerConfigKeys (ConfUtils.java:logGet(43)) - raft.server.log.queue.element-limit = 1024 (custom)
2019-07-14 10:56:16,384 INFO  server.RaftServerConfigKeys (ConfUtils.java:logGet(43)) - raft.server.log.segment.size.max = 1048576 (custom)
2019-07-14 10:56:16,384 INFO  server.RaftServerConfigKeys (ConfUtils.java:logGet(43)) - raft.server.snapshot.auto.trigger.enabled = true (custom)
2019-07-14 10:56:16,384 INFO  server.RaftServerConfigKeys (ConfUtils.java:logGet(43)) - raft.server.log.preallocated.size = 16384 (custom)
2019-07-14 10:56:16,384 INFO  server.RaftServerConfigKeys (ConfUtils.java:logGet(43)) - raft.server.log.segment.size.max = 1048576 (custom)
2019-07-14 10:56:16,385 INFO  server.RaftServerConfigKeys (ConfUtils.java:logGet(43)) - raft.server.log.write.buffer.size = 33554432 (custom)
2019-07-14 10:56:16,385 INFO  server.RaftServerConfigKeys (ConfUtils.java:logGet(43)) - raft.server.snapshot.auto.trigger.threshold = 10000 (custom)
2019-07-14 10:56:16,385 INFO  server.RaftServerConfigKeys (ConfUtils.java:logGet(43)) - raft.server.log.force.sync.num = 128 (default)
2019-07-14 10:56:16,385 INFO  server.RaftServerConfigKeys (ConfUtils.java:logGet(43)) - raft.server.log.preallocated.size = 16384 (custom)
2019-07-14 10:56:16,385 INFO  server.RaftServerConfigKeys (ConfUtils.java:logGet(43)) - raft.server.log.statemachine.data.sync = true (default)
2019-07-14 10:56:16,385 INFO  server.RaftServerConfigKeys (ConfUtils.java:logGet(43)) - raft.server.retrycache.expirytime = 600000ms (custom)
2019-07-14 10:56:16,386 INFO  server.RaftServerConfigKeys (ConfUtils.java:logGet(43)) - raft.server.log.statemachine.data.sync.timeout = 10s (default)
2019-07-14 10:56:16,385 INFO  server.RaftServerConfigKeys (ConfUtils.java:logGet(43)) - raft.server.log.write.buffer.size = 33554432 (custom)
2019-07-14 10:56:16,387 INFO  server.RaftServerConfigKeys (ConfUtils.java:logGet(43)) - raft.server.log.statemachine.data.sync.timeout.retry = -1 (default)
2019-07-14 10:56:16,387 INFO  impl.RaftServerImpl (RaftServerImpl.java:start(180)) - d2ea99aa-e00d-49c2-bfb3-5f583ed448f8: start group-43A156A46A73
2019-07-14 10:56:16,387 INFO  server.RaftServerConfigKeys (ConfUtils.java:logGet(43)) - raft.server.log.statemachine.data.caching.enabled = true (custom)
2019-07-14 10:56:16,387 INFO  server.RaftServerConfigKeys (ConfUtils.java:logGet(43)) - raft.server.log.force.sync.num = 128 (default)
2019-07-14 10:56:16,387 INFO  impl.RaftServerImpl (RaftServerImpl.java:setRole(171)) - d2ea99aa-e00d-49c2-bfb3-5f583ed448f8:group-43A156A46A73 changes role from null to FOLLOWER at term 0 for startAsFollower
2019-07-14 10:56:16,388 INFO  segmented.SegmentedRaftLogWorker (SegmentedRaftLogWorker.java:lambda$new$0(132)) - ead0de76-64f0-414f-9177-e4eb047cf253-SegmentedRaftLogWorker:Storage Directory /workdir/hadoop-ozone/integration-test/target/test-dir/MiniOzoneClusterImpl-52a04bec-b74b-4afb-8d03-540e96dbba4c/datanode-1/data/ratis/5d60e7ab-2134-47e3-b583-43a156a46a73: flushIndex: setUnconditionally 0 -> -1
2019-07-14 10:56:16,388 INFO  server.RaftServerConfigKeys (ConfUtils.java:logGet(43)) - raft.server.log.statemachine.data.sync = true (default)
2019-07-14 10:56:16,388 INFO  impl.RoleInfo (RoleInfo.java:updateAndGet(143)) - d2ea99aa-e00d-49c2-bfb3-5f583ed448f8: start FollowerState
2019-07-14 10:56:16,388 INFO  server.RaftServerConfigKeys (ConfUtils.java:logGet(43)) - raft.server.log.statemachine.data.sync.timeout = 10s (default)
2019-07-14 10:56:16,388 INFO  server.RaftServerConfigKeys (ConfUtils.java:logGet(43)) - raft.server.snapshot.auto.trigger.enabled = true (custom)
2019-07-14 10:56:16,388 INFO  server.RaftServerConfigKeys (ConfUtils.java:logGet(43)) - raft.server.log.statemachine.data.sync.timeout.retry = -1 (default)
2019-07-14 10:56:16,388 INFO  util.JmxRegister (JmxRegister.java:tryRegister(44)) - Successfully registered JMX Bean with object name Ratis:service=RaftServer,group=group-43A156A46A73,id=d2ea99aa-e00d-49c2-bfb3-5f583ed448f8
2019-07-14 10:56:16,388 INFO  server.RaftServerConfigKeys (ConfUtils.java:logGet(43)) - raft.server.snapshot.auto.trigger.threshold = 10000 (custom)
2019-07-14 10:56:16,389 INFO  server.RaftServerConfigKeys (ConfUtils.java:logGet(43)) - raft.server.log.statemachine.data.caching.enabled = true (custom)
2019-07-14 10:56:16,389 INFO  server.RaftServerConfigKeys (ConfUtils.java:logGet(43)) - raft.server.retrycache.expirytime = 600000ms (custom)
2019-07-14 10:56:16,389 INFO  segmented.SegmentedRaftLogWorker (SegmentedRaftLogWorker.java:lambda$new$0(132)) - 19b02754-dda9-4f14-881a-2dac3900a1b7-SegmentedRaftLogWorker:Storage Directory /workdir/hadoop-ozone/integration-test/target/test-dir/MiniOzoneClusterImpl-52a04bec-b74b-4afb-8d03-540e96dbba4c/datanode-3/data/ratis/5d60e7ab-2134-47e3-b583-43a156a46a73: flushIndex: setUnconditionally 0 -> -1
2019-07-14 10:56:16,389 INFO  impl.RaftServerImpl (RaftServerImpl.java:start(180)) - ead0de76-64f0-414f-9177-e4eb047cf253: start group-43A156A46A73
2019-07-14 10:56:16,389 INFO  impl.RaftServerImpl (RaftServerImpl.java:setRole(171)) - ead0de76-64f0-414f-9177-e4eb047cf253:group-43A156A46A73 changes role from null to FOLLOWER at term 0 for startAsFollower
2019-07-14 10:56:16,389 INFO  server.RaftServerConfigKeys (ConfUtils.java:logGet(43)) - raft.server.snapshot.auto.trigger.enabled = true (custom)
2019-07-14 10:56:16,390 INFO  impl.RoleInfo (RoleInfo.java:updateAndGet(143)) - ead0de76-64f0-414f-9177-e4eb047cf253: start FollowerState
2019-07-14 10:56:16,390 INFO  server.RaftServerConfigKeys (ConfUtils.java:logGet(43)) - raft.server.snapshot.auto.trigger.threshold = 10000 (custom)
2019-07-14 10:56:16,390 INFO  server.RaftServerConfigKeys (ConfUtils.java:logGet(43)) - raft.server.retrycache.expirytime = 600000ms (custom)
2019-07-14 10:56:16,390 INFO  util.JmxRegister (JmxRegister.java:tryRegister(44)) - Successfully registered JMX Bean with object name Ratis:service=RaftServer,group=group-43A156A46A73,id=ead0de76-64f0-414f-9177-e4eb047cf253
2019-07-14 10:56:16,390 INFO  impl.RaftServerImpl (RaftServerImpl.java:start(180)) - 19b02754-dda9-4f14-881a-2dac3900a1b7: start group-43A156A46A73
2019-07-14 10:56:16,390 INFO  impl.RaftServerImpl (RaftServerImpl.java:setRole(171)) - 19b02754-dda9-4f14-881a-2dac3900a1b7:group-43A156A46A73 changes role from null to FOLLOWER at term 0 for startAsFollower
2019-07-14 10:56:16,392 INFO  impl.RoleInfo (RoleInfo.java:updateAndGet(143)) - 19b02754-dda9-4f14-881a-2dac3900a1b7: start FollowerState
2019-07-14 10:56:16,392 INFO  util.JmxRegister (JmxRegister.java:tryRegister(44)) - Successfully registered JMX Bean with object name Ratis:service=RaftServer,group=group-43A156A46A73,id=19b02754-dda9-4f14-881a-2dac3900a1b7
2019-07-14 10:56:16,415 INFO  pipeline.PipelineStateManager (PipelineStateManager.java:addPipeline(56)) - Created pipeline Pipeline[ Id: 5d60e7ab-2134-47e3-b583-43a156a46a73, Nodes: 19b02754-dda9-4f14-881a-2dac3900a1b7{ip: 192.168.157.209, host: trunk-nightly-fxmrv-2540794721, networkLocation: /default-rack, certSerialId: null}d2ea99aa-e00d-49c2-bfb3-5f583ed448f8{ip: 192.168.157.209, host: trunk-nightly-fxmrv-2540794721, networkLocation: /default-rack, certSerialId: null}ead0de76-64f0-414f-9177-e4eb047cf253{ip: 192.168.157.209, host: trunk-nightly-fxmrv-2540794721, networkLocation: /default-rack, certSerialId: null}, Type:RATIS, Factor:THREE, State:OPEN]
2019-07-14 10:56:16,724 INFO  client.GrpcClientProtocolClient (GrpcClientProtocolClient.java:onNext(255)) - client-525A5C50BBCE->19b02754-dda9-4f14-881a-2dac3900a1b7: receive RaftClientReply:client-525A5C50BBCE->19b02754-dda9-4f14-881a-2dac3900a1b7@group-43A156A46A73, cid=13, FAILED org.apache.ratis.protocol.NotLeaderException: Server 19b02754-dda9-4f14-881a-2dac3900a1b7 is not the leader (null). Request must be sent to leader., logIndex=0, commits[19b02754-dda9-4f14-881a-2dac3900a1b7:c-1]
2019-07-14 10:56:17,365 INFO  container.ReplicationManager (ReplicationManager.java:start(155)) - Starting Replication Monitor Thread.
2019-07-14 10:56:17,369 INFO  container.ReplicationManager (ReplicationManager.java:run(207)) - Replication Monitor Thread took 2 milliseconds for processing 1 containers.
2019-07-14 10:56:17,794 INFO  client.GrpcClientProtocolClient (GrpcClientProtocolClient.java:onNext(255)) - client-525A5C50BBCE->ead0de76-64f0-414f-9177-e4eb047cf253: receive RaftClientReply:client-525A5C50BBCE->ead0de76-64f0-414f-9177-e4eb047cf253@group-43A156A46A73, cid=13, FAILED org.apache.ratis.protocol.NotLeaderException: Server ead0de76-64f0-414f-9177-e4eb047cf253 is not the leader (null). Request must be sent to leader., logIndex=0, commits[ead0de76-64f0-414f-9177-e4eb047cf253:c-1]
2019-07-14 10:56:18,858 INFO  client.GrpcClientProtocolClient (GrpcClientProtocolClient.java:onNext(255)) - client-525A5C50BBCE->19b02754-dda9-4f14-881a-2dac3900a1b7: receive RaftClientReply:client-525A5C50BBCE->19b02754-dda9-4f14-881a-2dac3900a1b7@group-43A156A46A73, cid=13, FAILED org.apache.ratis.protocol.NotLeaderException: Server 19b02754-dda9-4f14-881a-2dac3900a1b7 is not the leader (null). Request must be sent to leader., logIndex=0, commits[19b02754-dda9-4f14-881a-2dac3900a1b7:c-1]
2019-07-14 10:56:19,893 INFO  client.GrpcClientProtocolClient (GrpcClientProtocolClient.java:onNext(255)) - client-525A5C50BBCE->d2ea99aa-e00d-49c2-bfb3-5f583ed448f8: receive RaftClientReply:client-525A5C50BBCE->d2ea99aa-e00d-49c2-bfb3-5f583ed448f8@group-43A156A46A73, cid=13, FAILED org.apache.ratis.protocol.NotLeaderException: Server d2ea99aa-e00d-49c2-bfb3-5f583ed448f8 is not the leader (null). Request must be sent to leader., logIndex=0, commits[d2ea99aa-e00d-49c2-bfb3-5f583ed448f8:c-1]
2019-07-14 10:56:20,619 INFO  impl.FollowerState (FollowerState.java:run(106)) - cf9ddd5b-0d8a-4db4-9e03-3942e5d9cdb2:group-561E025B023F changes to CANDIDATE, lastRpcTime:5037, electionTimeout:5036ms
2019-07-14 10:56:20,619 INFO  impl.RoleInfo (RoleInfo.java:shutdownFollowerState(121)) - cf9ddd5b-0d8a-4db4-9e03-3942e5d9cdb2: shutdown FollowerState
2019-07-14 10:56:20,619 INFO  impl.RaftServerImpl (RaftServerImpl.java:setRole(171)) - cf9ddd5b-0d8a-4db4-9e03-3942e5d9cdb2:group-561E025B023F changes role from FOLLOWER to CANDIDATE at term 0 for changeToCandidate
2019-07-14 10:56:20,628 INFO  impl.RoleInfo (RoleInfo.java:updateAndGet(143)) - cf9ddd5b-0d8a-4db4-9e03-3942e5d9cdb2: start LeaderElection
2019-07-14 10:56:20,650 INFO  impl.LeaderElection (LeaderElection.java:askForVotes(181)) - cf9ddd5b-0d8a-4db4-9e03-3942e5d9cdb2:group-561E025B023F:LeaderElection1: begin an election at term 1 for -1: [cf9ddd5b-0d8a-4db4-9e03-3942e5d9cdb2:192.168.157.209:43423], old=null
2019-07-14 10:56:20,652 INFO  impl.RoleInfo (RoleInfo.java:shutdownLeaderElection(134)) - cf9ddd5b-0d8a-4db4-9e03-3942e5d9cdb2: shutdown LeaderElection
2019-07-14 10:56:20,653 INFO  impl.RaftServerImpl (RaftServerImpl.java:setRole(171)) - cf9ddd5b-0d8a-4db4-9e03-3942e5d9cdb2:group-561E025B023F changes role from CANDIDATE to LEADER at term 1 for changeToLeader
2019-07-14 10:56:20,654 INFO  impl.RaftServerImpl (ServerState.java:setLeader(263)) - cf9ddd5b-0d8a-4db4-9e03-3942e5d9cdb2:group-561E025B023F change Leader from null to cf9ddd5b-0d8a-4db4-9e03-3942e5d9cdb2 at term 1 for becomeLeader, leader elected after 5167ms
2019-07-14 10:56:20,664 INFO  server.RaftServerConfigKeys (ConfUtils.java:logGet(43)) - raft.server.staging.catchup.gap = 1000 (default)
2019-07-14 10:56:20,664 INFO  server.RaftServerConfigKeys (ConfUtils.java:logGet(43)) - raft.server.rpc.sleep.time = 25ms (default)
2019-07-14 10:56:20,668 INFO  server.RaftServerConfigKeys (ConfUtils.java:logGet(43)) - raft.server.write.element-limit = 4096 (default)
2019-07-14 10:56:20,672 INFO  server.RaftServerConfigKeys (ConfUtils.java:logGet(43)) - raft.server.watch.timeout = 10s (default)
2019-07-14 10:56:20,672 INFO  server.RaftServerConfigKeys (ConfUtils.java:logGet(43)) - raft.server.watch.timeout.denomination = 1s (default)
2019-07-14 10:56:20,674 INFO  server.RaftServerConfigKeys (ConfUtils.java:logGet(43)) - raft.server.watch.element-limit = 65536 (default)
2019-07-14 10:56:20,687 INFO  impl.RoleInfo (RoleInfo.java:updateAndGet(143)) - cf9ddd5b-0d8a-4db4-9e03-3942e5d9cdb2: start LeaderState
2019-07-14 10:56:20,722 INFO  segmented.SegmentedRaftLogWorker (SegmentedRaftLogWorker.java:startLogSegment(380)) - cf9ddd5b-0d8a-4db4-9e03-3942e5d9cdb2-SegmentedRaftLogWorker:Storage Directory /workdir/hadoop-ozone/integration-test/target/test-dir/MiniOzoneClusterImpl-52a04bec-b74b-4afb-8d03-540e96dbba4c/datanode-0/data/ratis/e6feceec-3106-4c07-bf62-561e025b023f: Starting segment from index:0
2019-07-14 10:56:20,731 INFO  impl.RaftServerImpl (ServerState.java:setRaftConf(361)) - cf9ddd5b-0d8a-4db4-9e03-3942e5d9cdb2:group-561E025B023F set configuration 0: [cf9ddd5b-0d8a-4db4-9e03-3942e5d9cdb2:192.168.157.209:43423], old=null at 0
2019-07-14 10:56:20,911 INFO  impl.FollowerState (FollowerState.java:run(106)) - 19b02754-dda9-4f14-881a-2dac3900a1b7:group-A4BC7F93549F changes to CANDIDATE, lastRpcTime:5051, electionTimeout:5048ms
2019-07-14 10:56:20,913 INFO  impl.RoleInfo (RoleInfo.java:shutdownFollowerState(121)) - 19b02754-dda9-4f14-881a-2dac3900a1b7: shutdown FollowerState
2019-07-14 10:56:20,913 INFO  impl.RaftServerImpl (RaftServerImpl.java:setRole(171)) - 19b02754-dda9-4f14-881a-2dac3900a1b7:group-A4BC7F93549F changes role from FOLLOWER to CANDIDATE at term 0 for changeToCandidate
2019-07-14 10:56:20,914 INFO  impl.RoleInfo (RoleInfo.java:updateAndGet(143)) - 19b02754-dda9-4f14-881a-2dac3900a1b7: start LeaderElection
2019-07-14 10:56:20,919 INFO  impl.FollowerState (FollowerState.java:run(106)) - 41e22389-d6b0-478d-9070-56a3106463d4:group-4BD9958EDFEE changes to CANDIDATE, lastRpcTime:5151, electionTimeout:5148ms
2019-07-14 10:56:20,920 INFO  impl.RoleInfo (RoleInfo.java:shutdownFollowerState(121)) - 41e22389-d6b0-478d-9070-56a3106463d4: shutdown FollowerState
2019-07-14 10:56:20,920 INFO  impl.RaftServerImpl (RaftServerImpl.java:setRole(171)) - 41e22389-d6b0-478d-9070-56a3106463d4:group-4BD9958EDFEE changes role from FOLLOWER to CANDIDATE at term 0 for changeToCandidate
2019-07-14 10:56:20,920 INFO  impl.RoleInfo (RoleInfo.java:updateAndGet(143)) - 41e22389-d6b0-478d-9070-56a3106463d4: start LeaderElection
2019-07-14 10:56:20,936 INFO  segmented.SegmentedRaftLogWorker (SegmentedRaftLogWorker.java:execute(569)) - cf9ddd5b-0d8a-4db4-9e03-3942e5d9cdb2-SegmentedRaftLogWorker:Storage Directory /workdir/hadoop-ozone/integration-test/target/test-dir/MiniOzoneClusterImpl-52a04bec-b74b-4afb-8d03-540e96dbba4c/datanode-0/data/ratis/e6feceec-3106-4c07-bf62-561e025b023f: created new log segment /workdir/hadoop-ozone/integration-test/target/test-dir/MiniOzoneClusterImpl-52a04bec-b74b-4afb-8d03-540e96dbba4c/datanode-0/data/ratis/e6feceec-3106-4c07-bf62-561e025b023f/current/log_inprogress_0
2019-07-14 10:56:20,938 INFO  impl.LeaderElection (LeaderElection.java:askForVotes(181)) - 41e22389-d6b0-478d-9070-56a3106463d4:group-4BD9958EDFEE:LeaderElection3: begin an election at term 1 for -1: [41e22389-d6b0-478d-9070-56a3106463d4:192.168.157.209:33052], old=null
2019-07-14 10:56:20,936 INFO  impl.LeaderElection (LeaderElection.java:askForVotes(181)) - 19b02754-dda9-4f14-881a-2dac3900a1b7:group-A4BC7F93549F:LeaderElection2: begin an election at term 1 for -1: [19b02754-dda9-4f14-881a-2dac3900a1b7:192.168.157.209:34719], old=null
2019-07-14 10:56:20,940 INFO  impl.RoleInfo (RoleInfo.java:shutdownLeaderElection(134)) - 41e22389-d6b0-478d-9070-56a3106463d4: shutdown LeaderElection
2019-07-14 10:56:20,940 INFO  impl.RoleInfo (RoleInfo.java:shutdownLeaderElection(134)) - 19b02754-dda9-4f14-881a-2dac3900a1b7: shutdown LeaderElection
2019-07-14 10:56:20,940 INFO  impl.RaftServerImpl (RaftServerImpl.java:setRole(171)) - 41e22389-d6b0-478d-9070-56a3106463d4:group-4BD9958EDFEE changes role from CANDIDATE to LEADER at term 1 for changeToLeader
2019-07-14 10:56:20,940 INFO  impl.RaftServerImpl (RaftServerImpl.java:setRole(171)) - 19b02754-dda9-4f14-881a-2dac3900a1b7:group-A4BC7F93549F changes role from CANDIDATE to LEADER at term 1 for changeToLeader
2019-07-14 10:56:20,940 INFO  impl.RaftServerImpl (ServerState.java:setLeader(263)) - 41e22389-d6b0-478d-9070-56a3106463d4:group-4BD9958EDFEE change Leader from null to 41e22389-d6b0-478d-9070-56a3106463d4 at term 1 for becomeLeader, leader elected after 5178ms
2019-07-14 10:56:20,941 INFO  impl.RaftServerImpl (ServerState.java:setLeader(263)) - 19b02754-dda9-4f14-881a-2dac3900a1b7:group-A4BC7F93549F change Leader from null to 19b02754-dda9-4f14-881a-2dac3900a1b7 at term 1 for becomeLeader, leader elected after 5086ms
2019-07-14 10:56:20,943 INFO  server.RaftServerConfigKeys (ConfUtils.java:logGet(43)) - raft.server.staging.catchup.gap = 1000 (default)
2019-07-14 10:56:20,944 INFO  server.RaftServerConfigKeys (ConfUtils.java:logGet(43)) - raft.server.staging.catchup.gap = 1000 (default)
2019-07-14 10:56:20,945 INFO  server.RaftServerConfigKeys (ConfUtils.java:logGet(43)) - raft.server.rpc.sleep.time = 25ms (default)
2019-07-14 10:56:20,945 INFO  server.RaftServerConfigKeys (ConfUtils.java:logGet(43)) - raft.server.rpc.sleep.time = 25ms (default)
2019-07-14 10:56:20,945 INFO  server.RaftServerConfigKeys (ConfUtils.java:logGet(43)) - raft.server.write.element-limit = 4096 (default)
2019-07-14 10:56:20,945 INFO  server.RaftServerConfigKeys (ConfUtils.java:logGet(43)) - raft.server.write.element-limit = 4096 (default)
2019-07-14 10:56:20,945 INFO  server.RaftServerConfigKeys (ConfUtils.java:logGet(43)) - raft.server.watch.timeout = 10s (default)
2019-07-14 10:56:20,945 INFO  server.RaftServerConfigKeys (ConfUtils.java:logGet(43)) - raft.server.watch.timeout = 10s (default)
2019-07-14 10:56:20,946 INFO  server.RaftServerConfigKeys (ConfUtils.java:logGet(43)) - raft.server.watch.timeout.denomination = 1s (default)
2019-07-14 10:56:20,946 INFO  server.RaftServerConfigKeys (ConfUtils.java:logGet(43)) - raft.server.watch.timeout.denomination = 1s (default)
2019-07-14 10:56:20,946 INFO  server.RaftServerConfigKeys (ConfUtils.java:logGet(43)) - raft.server.watch.element-limit = 65536 (default)
2019-07-14 10:56:20,946 INFO  server.RaftServerConfigKeys (ConfUtils.java:logGet(43)) - raft.server.watch.element-limit = 65536 (default)
2019-07-14 10:56:20,946 INFO  impl.RoleInfo (RoleInfo.java:updateAndGet(143)) - 41e22389-d6b0-478d-9070-56a3106463d4: start LeaderState
2019-07-14 10:56:20,946 INFO  impl.RoleInfo (RoleInfo.java:updateAndGet(143)) - 19b02754-dda9-4f14-881a-2dac3900a1b7: start LeaderState
2019-07-14 10:56:20,948 INFO  segmented.SegmentedRaftLogWorker (SegmentedRaftLogWorker.java:startLogSegment(380)) - 19b02754-dda9-4f14-881a-2dac3900a1b7-SegmentedRaftLogWorker:Storage Directory /workdir/hadoop-ozone/integration-test/target/test-dir/MiniOzoneClusterImpl-52a04bec-b74b-4afb-8d03-540e96dbba4c/datanode-3/data/ratis/1969df2d-d854-4559-9ce5-a4bc7f93549f: Starting segment from index:0
2019-07-14 10:56:20,948 INFO  segmented.SegmentedRaftLogWorker (SegmentedRaftLogWorker.java:startLogSegment(380)) - 41e22389-d6b0-478d-9070-56a3106463d4-SegmentedRaftLogWorker:Storage Directory /workdir/hadoop-ozone/integration-test/target/test-dir/MiniOzoneClusterImpl-52a04bec-b74b-4afb-8d03-540e96dbba4c/datanode-2/data/ratis/8b1734f0-d165-4ca3-8eaf-4bd9958edfee: Starting segment from index:0
2019-07-14 10:56:20,949 INFO  impl.RaftServerImpl (ServerState.java:setRaftConf(361)) - 19b02754-dda9-4f14-881a-2dac3900a1b7:group-A4BC7F93549F set configuration 0: [19b02754-dda9-4f14-881a-2dac3900a1b7:192.168.157.209:34719], old=null at 0
2019-07-14 10:56:20,964 INFO  impl.RaftServerImpl (ServerState.java:setRaftConf(361)) - 41e22389-d6b0-478d-9070-56a3106463d4:group-4BD9958EDFEE set configuration 0: [41e22389-d6b0-478d-9070-56a3106463d4:192.168.157.209:33052], old=null at 0
2019-07-14 10:56:20,980 INFO  segmented.SegmentedRaftLogWorker (SegmentedRaftLogWorker.java:execute(569)) - 19b02754-dda9-4f14-881a-2dac3900a1b7-SegmentedRaftLogWorker:Storage Directory /workdir/hadoop-ozone/integration-test/target/test-dir/MiniOzoneClusterImpl-52a04bec-b74b-4afb-8d03-540e96dbba4c/datanode-3/data/ratis/1969df2d-d854-4559-9ce5-a4bc7f93549f: created new log segment /workdir/hadoop-ozone/integration-test/target/test-dir/MiniOzoneClusterImpl-52a04bec-b74b-4afb-8d03-540e96dbba4c/datanode-3/data/ratis/1969df2d-d854-4559-9ce5-a4bc7f93549f/current/log_inprogress_0
2019-07-14 10:56:20,984 INFO  client.GrpcClientProtocolClient (GrpcClientProtocolClient.java:onNext(255)) - client-525A5C50BBCE->ead0de76-64f0-414f-9177-e4eb047cf253: receive RaftClientReply:client-525A5C50BBCE->ead0de76-64f0-414f-9177-e4eb047cf253@group-43A156A46A73, cid=13, FAILED org.apache.ratis.protocol.NotLeaderException: Server ead0de76-64f0-414f-9177-e4eb047cf253 is not the leader (null). Request must be sent to leader., logIndex=0, commits[ead0de76-64f0-414f-9177-e4eb047cf253:c-1]
2019-07-14 10:56:20,994 INFO  segmented.SegmentedRaftLogWorker (SegmentedRaftLogWorker.java:execute(569)) - 41e22389-d6b0-478d-9070-56a3106463d4-SegmentedRaftLogWorker:Storage Directory /workdir/hadoop-ozone/integration-test/target/test-dir/MiniOzoneClusterImpl-52a04bec-b74b-4afb-8d03-540e96dbba4c/datanode-2/data/ratis/8b1734f0-d165-4ca3-8eaf-4bd9958edfee: created new log segment /workdir/hadoop-ozone/integration-test/target/test-dir/MiniOzoneClusterImpl-52a04bec-b74b-4afb-8d03-540e96dbba4c/datanode-2/data/ratis/8b1734f0-d165-4ca3-8eaf-4bd9958edfee/current/log_inprogress_0
2019-07-14 10:56:21,092 INFO  impl.FollowerState (FollowerState.java:run(106)) - 1060c4c8-82a0-4b24-acfd-34a0a85a558b:group-0BB82B92BF9F changes to CANDIDATE, lastRpcTime:5145, electionTimeout:5145ms
2019-07-14 10:56:21,092 INFO  impl.RoleInfo (RoleInfo.java:shutdownFollowerState(121)) - 1060c4c8-82a0-4b24-acfd-34a0a85a558b: shutdown FollowerState
2019-07-14 10:56:21,092 INFO  impl.RaftServerImpl (RaftServerImpl.java:setRole(171)) - 1060c4c8-82a0-4b24-acfd-34a0a85a558b:group-0BB82B92BF9F changes role from FOLLOWER to CANDIDATE at term 0 for changeToCandidate
2019-07-14 10:56:21,092 INFO  impl.RoleInfo (RoleInfo.java:updateAndGet(143)) - 1060c4c8-82a0-4b24-acfd-34a0a85a558b: start LeaderElection
2019-07-14 10:56:21,113 INFO  impl.LeaderElection (LeaderElection.java:askForVotes(181)) - 1060c4c8-82a0-4b24-acfd-34a0a85a558b:group-0BB82B92BF9F:LeaderElection4: begin an election at term 1 for -1: [1060c4c8-82a0-4b24-acfd-34a0a85a558b:192.168.157.209:36689], old=null
2019-07-14 10:56:21,115 INFO  impl.RoleInfo (RoleInfo.java:shutdownLeaderElection(134)) - 1060c4c8-82a0-4b24-acfd-34a0a85a558b: shutdown LeaderElection
2019-07-14 10:56:21,115 INFO  impl.RaftServerImpl (RaftServerImpl.java:setRole(171)) - 1060c4c8-82a0-4b24-acfd-34a0a85a558b:group-0BB82B92BF9F changes role from CANDIDATE to LEADER at term 1 for changeToLeader
2019-07-14 10:56:21,116 INFO  impl.RaftServerImpl (ServerState.java:setLeader(263)) - 1060c4c8-82a0-4b24-acfd-34a0a85a558b:group-0BB82B92BF9F change Leader from null to 1060c4c8-82a0-4b24-acfd-34a0a85a558b at term 1 for becomeLeader, leader elected after 5173ms
2019-07-14 10:56:21,118 INFO  impl.FollowerState (FollowerState.java:run(106)) - d2ea99aa-e00d-49c2-bfb3-5f583ed448f8:group-03AA67F9DBBA changes to CANDIDATE, lastRpcTime:5102, electionTimeout:5102ms
2019-07-14 10:56:21,118 INFO  server.RaftServerConfigKeys (ConfUtils.java:logGet(43)) - raft.server.staging.catchup.gap = 1000 (default)
2019-07-14 10:56:21,118 INFO  impl.RoleInfo (RoleInfo.java:shutdownFollowerState(121)) - d2ea99aa-e00d-49c2-bfb3-5f583ed448f8: shutdown FollowerState
2019-07-14 10:56:21,118 INFO  server.RaftServerConfigKeys (ConfUtils.java:logGet(43)) - raft.server.rpc.sleep.time = 25ms (default)
2019-07-14 10:56:21,118 INFO  impl.RaftServerImpl (RaftServerImpl.java:setRole(171)) - d2ea99aa-e00d-49c2-bfb3-5f583ed448f8:group-03AA67F9DBBA changes role from FOLLOWER to CANDIDATE at term 0 for changeToCandidate
2019-07-14 10:56:21,119 INFO  server.RaftServerConfigKeys (ConfUtils.java:logGet(43)) - raft.server.write.element-limit = 4096 (default)
2019-07-14 10:56:21,119 INFO  impl.RoleInfo (RoleInfo.java:updateAndGet(143)) - d2ea99aa-e00d-49c2-bfb3-5f583ed448f8: start LeaderElection
2019-07-14 10:56:21,119 INFO  server.RaftServerConfigKeys (ConfUtils.java:logGet(43)) - raft.server.watch.timeout = 10s (default)
2019-07-14 10:56:21,119 INFO  server.RaftServerConfigKeys (ConfUtils.java:logGet(43)) - raft.server.watch.timeout.denomination = 1s (default)
2019-07-14 10:56:21,125 INFO  server.RaftServerConfigKeys (ConfUtils.java:logGet(43)) - raft.server.watch.element-limit = 65536 (default)
2019-07-14 10:56:21,126 INFO  impl.RoleInfo (RoleInfo.java:updateAndGet(143)) - 1060c4c8-82a0-4b24-acfd-34a0a85a558b: start LeaderState
2019-07-14 10:56:21,126 INFO  segmented.SegmentedRaftLogWorker (SegmentedRaftLogWorker.java:startLogSegment(380)) - 1060c4c8-82a0-4b24-acfd-34a0a85a558b-SegmentedRaftLogWorker:Storage Directory /workdir/hadoop-ozone/integration-test/target/test-dir/MiniOzoneClusterImpl-52a04bec-b74b-4afb-8d03-540e96dbba4c/datanode-6/data/ratis/91ea543e-b45b-482a-8bd1-0bb82b92bf9f: Starting segment from index:0
2019-07-14 10:56:21,127 INFO  impl.RaftServerImpl (ServerState.java:setRaftConf(361)) - 1060c4c8-82a0-4b24-acfd-34a0a85a558b:group-0BB82B92BF9F set configuration 0: [1060c4c8-82a0-4b24-acfd-34a0a85a558b:192.168.157.209:36689], old=null at 0
2019-07-14 10:56:21,147 INFO  impl.LeaderElection (LeaderElection.java:askForVotes(181)) - d2ea99aa-e00d-49c2-bfb3-5f583ed448f8:group-03AA67F9DBBA:LeaderElection5: begin an election at term 1 for -1: [d2ea99aa-e00d-49c2-bfb3-5f583ed448f8:192.168.157.209:42835], old=null
2019-07-14 10:56:21,147 INFO  impl.RoleInfo (RoleInfo.java:shutdownLeaderElection(134)) - d2ea99aa-e00d-49c2-bfb3-5f583ed448f8: shutdown LeaderElection
2019-07-14 10:56:21,147 INFO  impl.RaftServerImpl (RaftServerImpl.java:setRole(171)) - d2ea99aa-e00d-49c2-bfb3-5f583ed448f8:group-03AA67F9DBBA changes role from CANDIDATE to LEADER at term 1 for changeToLeader
2019-07-14 10:56:21,147 INFO  impl.RaftServerImpl (ServerState.java:setLeader(263)) - d2ea99aa-e00d-49c2-bfb3-5f583ed448f8:group-03AA67F9DBBA change Leader from null to d2ea99aa-e00d-49c2-bfb3-5f583ed448f8 at term 1 for becomeLeader, leader elected after 5137ms
2019-07-14 10:56:21,150 INFO  server.RaftServerConfigKeys (ConfUtils.java:logGet(43)) - raft.server.staging.catchup.gap = 1000 (default)
2019-07-14 10:56:21,150 INFO  server.RaftServerConfigKeys (ConfUtils.java:logGet(43)) - raft.server.rpc.sleep.time = 25ms (default)
2019-07-14 10:56:21,150 INFO  server.RaftServerConfigKeys (ConfUtils.java:logGet(43)) - raft.server.write.element-limit = 4096 (default)
2019-07-14 10:56:21,150 INFO  server.RaftServerConfigKeys (ConfUtils.java:logGet(43)) - raft.server.watch.timeout = 10s (default)
2019-07-14 10:56:21,151 INFO  server.RaftServerConfigKeys (ConfUtils.java:logGet(43)) - raft.server.watch.timeout.denomination = 1s (default)
2019-07-14 10:56:21,151 INFO  server.RaftServerConfigKeys (ConfUtils.java:logGet(43)) - raft.server.watch.element-limit = 65536 (default)
2019-07-14 10:56:21,151 INFO  impl.RoleInfo (RoleInfo.java:updateAndGet(143)) - d2ea99aa-e00d-49c2-bfb3-5f583ed448f8: start LeaderState
2019-07-14 10:56:21,151 INFO  segmented.SegmentedRaftLogWorker (SegmentedRaftLogWorker.java:startLogSegment(380)) - d2ea99aa-e00d-49c2-bfb3-5f583ed448f8-SegmentedRaftLogWorker:Storage Directory /workdir/hadoop-ozone/integration-test/target/test-dir/MiniOzoneClusterImpl-52a04bec-b74b-4afb-8d03-540e96dbba4c/datanode-5/data/ratis/8ff298bb-ee7f-481d-95ce-03aa67f9dbba: Starting segment from index:0
2019-07-14 10:56:21,152 INFO  impl.RaftServerImpl (ServerState.java:setRaftConf(361)) - d2ea99aa-e00d-49c2-bfb3-5f583ed448f8:group-03AA67F9DBBA set configuration 0: [d2ea99aa-e00d-49c2-bfb3-5f583ed448f8:192.168.157.209:42835], old=null at 0
2019-07-14 10:56:21,171 INFO  segmented.SegmentedRaftLogWorker (SegmentedRaftLogWorker.java:execute(569)) - 1060c4c8-82a0-4b24-acfd-34a0a85a558b-SegmentedRaftLogWorker:Storage Directory /workdir/hadoop-ozone/integration-test/target/test-dir/MiniOzoneClusterImpl-52a04bec-b74b-4afb-8d03-540e96dbba4c/datanode-6/data/ratis/91ea543e-b45b-482a-8bd1-0bb82b92bf9f: created new log segment /workdir/hadoop-ozone/integration-test/target/test-dir/MiniOzoneClusterImpl-52a04bec-b74b-4afb-8d03-540e96dbba4c/datanode-6/data/ratis/91ea543e-b45b-482a-8bd1-0bb82b92bf9f/current/log_inprogress_0
2019-07-14 10:56:21,183 INFO  segmented.SegmentedRaftLogWorker (SegmentedRaftLogWorker.java:execute(569)) - d2ea99aa-e00d-49c2-bfb3-5f583ed448f8-SegmentedRaftLogWorker:Storage Directory /workdir/hadoop-ozone/integration-test/target/test-dir/MiniOzoneClusterImpl-52a04bec-b74b-4afb-8d03-540e96dbba4c/datanode-5/data/ratis/8ff298bb-ee7f-481d-95ce-03aa67f9dbba: created new log segment /workdir/hadoop-ozone/integration-test/target/test-dir/MiniOzoneClusterImpl-52a04bec-b74b-4afb-8d03-540e96dbba4c/datanode-5/data/ratis/8ff298bb-ee7f-481d-95ce-03aa67f9dbba/current/log_inprogress_0
2019-07-14 10:56:21,187 INFO  impl.FollowerState (FollowerState.java:run(106)) - ead0de76-64f0-414f-9177-e4eb047cf253:group-F50087880F54 changes to CANDIDATE, lastRpcTime:5091, electionTimeout:5091ms
2019-07-14 10:56:21,189 INFO  impl.RoleInfo (RoleInfo.java:shutdownFollowerState(121)) - ead0de76-64f0-414f-9177-e4eb047cf253: shutdown FollowerState
2019-07-14 10:56:21,189 INFO  impl.RaftServerImpl (RaftServerImpl.java:setRole(171)) - ead0de76-64f0-414f-9177-e4eb047cf253:group-F50087880F54 changes role from FOLLOWER to CANDIDATE at term 0 for changeToCandidate
2019-07-14 10:56:21,189 INFO  impl.RoleInfo (RoleInfo.java:updateAndGet(143)) - ead0de76-64f0-414f-9177-e4eb047cf253: start LeaderElection
2019-07-14 10:56:21,208 INFO  impl.LeaderElection (LeaderElection.java:askForVotes(181)) - ead0de76-64f0-414f-9177-e4eb047cf253:group-F50087880F54:LeaderElection6: begin an election at term 1 for -1: [ead0de76-64f0-414f-9177-e4eb047cf253:192.168.157.209:40464], old=null
2019-07-14 10:56:21,217 INFO  impl.RoleInfo (RoleInfo.java:shutdownLeaderElection(134)) - ead0de76-64f0-414f-9177-e4eb047cf253: shutdown LeaderElection
2019-07-14 10:56:21,217 INFO  impl.RaftServerImpl (RaftServerImpl.java:setRole(171)) - ead0de76-64f0-414f-9177-e4eb047cf253:group-F50087880F54 changes role from CANDIDATE to LEADER at term 1 for changeToLeader
2019-07-14 10:56:21,217 INFO  impl.RaftServerImpl (ServerState.java:setLeader(263)) - ead0de76-64f0-414f-9177-e4eb047cf253:group-F50087880F54 change Leader from null to ead0de76-64f0-414f-9177-e4eb047cf253 at term 1 for becomeLeader, leader elected after 5127ms
2019-07-14 10:56:21,219 INFO  server.RaftServerConfigKeys (ConfUtils.java:logGet(43)) - raft.server.staging.catchup.gap = 1000 (default)
2019-07-14 10:56:21,219 INFO  server.RaftServerConfigKeys (ConfUtils.java:logGet(43)) - raft.server.rpc.sleep.time = 25ms (default)
2019-07-14 10:56:21,219 INFO  server.RaftServerConfigKeys (ConfUtils.java:logGet(43)) - raft.server.write.element-limit = 4096 (default)
2019-07-14 10:56:21,220 INFO  server.RaftServerConfigKeys (ConfUtils.java:logGet(43)) - raft.server.watch.timeout = 10s (default)
2019-07-14 10:56:21,220 INFO  server.RaftServerConfigKeys (ConfUtils.java:logGet(43)) - raft.server.watch.timeout.denomination = 1s (default)
2019-07-14 10:56:21,220 INFO  server.RaftServerConfigKeys (ConfUtils.java:logGet(43)) - raft.server.watch.element-limit = 65536 (default)
2019-07-14 10:56:21,220 INFO  impl.RoleInfo (RoleInfo.java:updateAndGet(143)) - ead0de76-64f0-414f-9177-e4eb047cf253: start LeaderState
2019-07-14 10:56:21,220 INFO  segmented.SegmentedRaftLogWorker (SegmentedRaftLogWorker.java:startLogSegment(380)) - ead0de76-64f0-414f-9177-e4eb047cf253-SegmentedRaftLogWorker:Storage Directory /workdir/hadoop-ozone/integration-test/target/test-dir/MiniOzoneClusterImpl-52a04bec-b74b-4afb-8d03-540e96dbba4c/datanode-1/data/ratis/e335d404-b72b-453e-9803-f50087880f54: Starting segment from index:0
2019-07-14 10:56:21,221 INFO  impl.RaftServerImpl (ServerState.java:setRaftConf(361)) - ead0de76-64f0-414f-9177-e4eb047cf253:group-F50087880F54 set configuration 0: [ead0de76-64f0-414f-9177-e4eb047cf253:192.168.157.209:40464], old=null at 0
2019-07-14 10:56:21,254 INFO  segmented.SegmentedRaftLogWorker (SegmentedRaftLogWorker.java:execute(569)) - ead0de76-64f0-414f-9177-e4eb047cf253-SegmentedRaftLogWorker:Storage Directory /workdir/hadoop-ozone/integration-test/target/test-dir/MiniOzoneClusterImpl-52a04bec-b74b-4afb-8d03-540e96dbba4c/datanode-1/data/ratis/e335d404-b72b-453e-9803-f50087880f54: created new log segment /workdir/hadoop-ozone/integration-test/target/test-dir/MiniOzoneClusterImpl-52a04bec-b74b-4afb-8d03-540e96dbba4c/datanode-1/data/ratis/e335d404-b72b-453e-9803-f50087880f54/current/log_inprogress_0
2019-07-14 10:56:21,279 INFO  impl.FollowerState (FollowerState.java:run(106)) - c06b2e79-9a9d-4088-9e7f-3f1de9674769:group-0B4F1F615895 changes to CANDIDATE, lastRpcTime:5104, electionTimeout:5104ms
2019-07-14 10:56:21,279 INFO  impl.RoleInfo (RoleInfo.java:shutdownFollowerState(121)) - c06b2e79-9a9d-4088-9e7f-3f1de9674769: shutdown FollowerState
2019-07-14 10:56:21,279 INFO  impl.RaftServerImpl (RaftServerImpl.java:setRole(171)) - c06b2e79-9a9d-4088-9e7f-3f1de9674769:group-0B4F1F615895 changes role from FOLLOWER to CANDIDATE at term 0 for changeToCandidate
2019-07-14 10:56:21,279 INFO  impl.RoleInfo (RoleInfo.java:updateAndGet(143)) - c06b2e79-9a9d-4088-9e7f-3f1de9674769: start LeaderElection
2019-07-14 10:56:21,294 INFO  impl.FollowerState (FollowerState.java:run(106)) - cf9ddd5b-0d8a-4db4-9e03-3942e5d9cdb2:group-DFC950B5D6B8 changes to CANDIDATE, lastRpcTime:5021, electionTimeout:5021ms
2019-07-14 10:56:21,296 INFO  impl.RoleInfo (RoleInfo.java:shutdownFollowerState(121)) - cf9ddd5b-0d8a-4db4-9e03-3942e5d9cdb2: shutdown FollowerState
2019-07-14 10:56:21,296 INFO  impl.RaftServerImpl (RaftServerImpl.java:setRole(171)) - cf9ddd5b-0d8a-4db4-9e03-3942e5d9cdb2:group-DFC950B5D6B8 changes role from FOLLOWER to CANDIDATE at term 0 for changeToCandidate
2019-07-14 10:56:21,296 INFO  impl.RoleInfo (RoleInfo.java:updateAndGet(143)) - cf9ddd5b-0d8a-4db4-9e03-3942e5d9cdb2: start LeaderElection
2019-07-14 10:56:21,300 INFO  impl.LeaderElection (LeaderElection.java:askForVotes(181)) - c06b2e79-9a9d-4088-9e7f-3f1de9674769:group-0B4F1F615895:LeaderElection7: begin an election at term 1 for -1: [c06b2e79-9a9d-4088-9e7f-3f1de9674769:192.168.157.209:43076], old=null
2019-07-14 10:56:21,301 INFO  impl.RoleInfo (RoleInfo.java:shutdownLeaderElection(134)) - c06b2e79-9a9d-4088-9e7f-3f1de9674769: shutdown LeaderElection
2019-07-14 10:56:21,301 INFO  impl.RaftServerImpl (RaftServerImpl.java:setRole(171)) - c06b2e79-9a9d-4088-9e7f-3f1de9674769:group-0B4F1F615895 changes role from CANDIDATE to LEADER at term 1 for changeToLeader
2019-07-14 10:56:21,301 INFO  impl.RaftServerImpl (ServerState.java:setLeader(263)) - c06b2e79-9a9d-4088-9e7f-3f1de9674769:group-0B4F1F615895 change Leader from null to c06b2e79-9a9d-4088-9e7f-3f1de9674769 at term 1 for becomeLeader, leader elected after 5130ms
2019-07-14 10:56:21,304 INFO  server.RaftServerConfigKeys (ConfUtils.java:logGet(43)) - raft.server.staging.catchup.gap = 1000 (default)
2019-07-14 10:56:21,304 INFO  server.RaftServerConfigKeys (ConfUtils.java:logGet(43)) - raft.server.rpc.sleep.time = 25ms (default)
2019-07-14 10:56:21,304 INFO  server.RaftServerConfigKeys (ConfUtils.java:logGet(43)) - raft.server.write.element-limit = 4096 (default)
2019-07-14 10:56:21,305 INFO  server.RaftServerConfigKeys (ConfUtils.java:logGet(43)) - raft.server.watch.timeout = 10s (default)
2019-07-14 10:56:21,305 INFO  server.RaftServerConfigKeys (ConfUtils.java:logGet(43)) - raft.server.watch.timeout.denomination = 1s (default)
2019-07-14 10:56:21,305 INFO  server.RaftServerConfigKeys (ConfUtils.java:logGet(43)) - raft.server.watch.element-limit = 65536 (default)
2019-07-14 10:56:21,305 INFO  impl.RoleInfo (RoleInfo.java:updateAndGet(143)) - c06b2e79-9a9d-4088-9e7f-3f1de9674769: start LeaderState
2019-07-14 10:56:21,306 INFO  segmented.SegmentedRaftLogWorker (SegmentedRaftLogWorker.java:startLogSegment(380)) - c06b2e79-9a9d-4088-9e7f-3f1de9674769-SegmentedRaftLogWorker:Storage Directory /workdir/hadoop-ozone/integration-test/target/test-dir/MiniOzoneClusterImpl-52a04bec-b74b-4afb-8d03-540e96dbba4c/datanode-4/data/ratis/d623ea71-29ad-4534-aa77-0b4f1f615895: Starting segment from index:0
2019-07-14 10:56:21,306 INFO  impl.RaftServerImpl (ServerState.java:setRaftConf(361)) - c06b2e79-9a9d-4088-9e7f-3f1de9674769:group-0B4F1F615895 set configuration 0: [c06b2e79-9a9d-4088-9e7f-3f1de9674769:192.168.157.209:43076], old=null at 0
2019-07-14 10:56:21,326 INFO  impl.LeaderElection (LeaderElection.java:askForVotes(181)) - cf9ddd5b-0d8a-4db4-9e03-3942e5d9cdb2:group-DFC950B5D6B8:LeaderElection8: begin an election at term 1 for -1: [1060c4c8-82a0-4b24-acfd-34a0a85a558b:192.168.157.209:36689, cf9ddd5b-0d8a-4db4-9e03-3942e5d9cdb2:192.168.157.209:43423, 41e22389-d6b0-478d-9070-56a3106463d4:192.168.157.209:33052], old=null
2019-07-14 10:56:21,328 INFO  impl.FollowerState (FollowerState.java:run(106)) - 41e22389-d6b0-478d-9070-56a3106463d4:group-DFC950B5D6B8 changes to CANDIDATE, lastRpcTime:5055, electionTimeout:5055ms
2019-07-14 10:56:21,328 INFO  impl.RoleInfo (RoleInfo.java:shutdownFollowerState(121)) - 41e22389-d6b0-478d-9070-56a3106463d4: shutdown FollowerState
2019-07-14 10:56:21,329 INFO  impl.RaftServerImpl (RaftServerImpl.java:setRole(171)) - 41e22389-d6b0-478d-9070-56a3106463d4:group-DFC950B5D6B8 changes role from FOLLOWER to CANDIDATE at term 0 for changeToCandidate
2019-07-14 10:56:21,329 INFO  impl.RoleInfo (RoleInfo.java:updateAndGet(143)) - 41e22389-d6b0-478d-9070-56a3106463d4: start LeaderElection
2019-07-14 10:56:21,339 INFO  segmented.SegmentedRaftLogWorker (SegmentedRaftLogWorker.java:execute(569)) - c06b2e79-9a9d-4088-9e7f-3f1de9674769-SegmentedRaftLogWorker:Storage Directory /workdir/hadoop-ozone/integration-test/target/test-dir/MiniOzoneClusterImpl-52a04bec-b74b-4afb-8d03-540e96dbba4c/datanode-4/data/ratis/d623ea71-29ad-4534-aa77-0b4f1f615895: created new log segment /workdir/hadoop-ozone/integration-test/target/test-dir/MiniOzoneClusterImpl-52a04bec-b74b-4afb-8d03-540e96dbba4c/datanode-4/data/ratis/d623ea71-29ad-4534-aa77-0b4f1f615895/current/log_inprogress_0
2019-07-14 10:56:21,339 INFO  impl.LeaderElection (LeaderElection.java:askForVotes(181)) - 41e22389-d6b0-478d-9070-56a3106463d4:group-DFC950B5D6B8:LeaderElection9: begin an election at term 1 for -1: [1060c4c8-82a0-4b24-acfd-34a0a85a558b:192.168.157.209:36689, cf9ddd5b-0d8a-4db4-9e03-3942e5d9cdb2:192.168.157.209:43423, 41e22389-d6b0-478d-9070-56a3106463d4:192.168.157.209:33052], old=null
2019-07-14 10:56:21,380 INFO  impl.RaftServerImpl (RaftServerImpl.java:setRole(171)) - 1060c4c8-82a0-4b24-acfd-34a0a85a558b:group-DFC950B5D6B8 changes role from FOLLOWER to FOLLOWER at term 1 for recognizeCandidate:41e22389-d6b0-478d-9070-56a3106463d4
2019-07-14 10:56:21,383 INFO  impl.RoleInfo (RoleInfo.java:shutdownFollowerState(121)) - 1060c4c8-82a0-4b24-acfd-34a0a85a558b: shutdown FollowerState
2019-07-14 10:56:21,383 INFO  impl.RoleInfo (RoleInfo.java:updateAndGet(143)) - 1060c4c8-82a0-4b24-acfd-34a0a85a558b: start FollowerState
2019-07-14 10:56:21,383 INFO  impl.FollowerState (FollowerState.java:run(114)) - 1060c4c8-82a0-4b24-acfd-34a0a85a558b: FollowerState was interrupted: java.lang.InterruptedException: sleep interrupted
2019-07-14 10:56:21,398 INFO  impl.FollowerState (FollowerState.java:run(106)) - d2ea99aa-e00d-49c2-bfb3-5f583ed448f8:group-43A156A46A73 changes to CANDIDATE, lastRpcTime:5009, electionTimeout:5009ms
2019-07-14 10:56:21,398 INFO  impl.RoleInfo (RoleInfo.java:shutdownFollowerState(121)) - d2ea99aa-e00d-49c2-bfb3-5f583ed448f8: shutdown FollowerState
2019-07-14 10:56:21,398 INFO  impl.RaftServerImpl (RaftServerImpl.java:setRole(171)) - d2ea99aa-e00d-49c2-bfb3-5f583ed448f8:group-43A156A46A73 changes role from FOLLOWER to CANDIDATE at term 0 for changeToCandidate
2019-07-14 10:56:21,398 INFO  impl.RoleInfo (RoleInfo.java:updateAndGet(143)) - d2ea99aa-e00d-49c2-bfb3-5f583ed448f8: start LeaderElection
2019-07-14 10:56:21,411 INFO  impl.LeaderElection (LeaderElection.java:askForVotes(181)) - d2ea99aa-e00d-49c2-bfb3-5f583ed448f8:group-43A156A46A73:LeaderElection10: begin an election at term 1 for -1: [d2ea99aa-e00d-49c2-bfb3-5f583ed448f8:192.168.157.209:42835, 19b02754-dda9-4f14-881a-2dac3900a1b7:192.168.157.209:34719, ead0de76-64f0-414f-9177-e4eb047cf253:192.168.157.209:40464], old=null
2019-07-14 10:56:21,419 INFO  impl.LeaderElection (LeaderElection.java:logAndReturn(56)) - cf9ddd5b-0d8a-4db4-9e03-3942e5d9cdb2:group-DFC950B5D6B8:LeaderElection8: Election REJECTED; received 2 response(s) [cf9ddd5b-0d8a-4db4-9e03-3942e5d9cdb2<-1060c4c8-82a0-4b24-acfd-34a0a85a558b#0:FAIL-t1, cf9ddd5b-0d8a-4db4-9e03-3942e5d9cdb2<-41e22389-d6b0-478d-9070-56a3106463d4#0:FAIL-t1] and 0 exception(s); cf9ddd5b-0d8a-4db4-9e03-3942e5d9cdb2:t1, leader=null, voted=cf9ddd5b-0d8a-4db4-9e03-3942e5d9cdb2, raftlog=cf9ddd5b-0d8a-4db4-9e03-3942e5d9cdb2-SegmentedRaftLog:OPENED:c-1,f-1,i0, conf=-1: [1060c4c8-82a0-4b24-acfd-34a0a85a558b:192.168.157.209:36689, cf9ddd5b-0d8a-4db4-9e03-3942e5d9cdb2:192.168.157.209:43423, 41e22389-d6b0-478d-9070-56a3106463d4:192.168.157.209:33052], old=null
2019-07-14 10:56:21,419 INFO  impl.LeaderElection (LeaderElection.java:logAndReturn(56)) - 41e22389-d6b0-478d-9070-56a3106463d4:group-DFC950B5D6B8:LeaderElection9: Election PASSED; received 2 response(s) [41e22389-d6b0-478d-9070-56a3106463d4<-1060c4c8-82a0-4b24-acfd-34a0a85a558b#0:OK-t1, 41e22389-d6b0-478d-9070-56a3106463d4<-cf9ddd5b-0d8a-4db4-9e03-3942e5d9cdb2#0:FAIL-t1] and 0 exception(s); 41e22389-d6b0-478d-9070-56a3106463d4:t1, leader=null, voted=41e22389-d6b0-478d-9070-56a3106463d4, raftlog=41e22389-d6b0-478d-9070-56a3106463d4-SegmentedRaftLog:OPENED:c-1,f-1,i0, conf=-1: [1060c4c8-82a0-4b24-acfd-34a0a85a558b:192.168.157.209:36689, cf9ddd5b-0d8a-4db4-9e03-3942e5d9cdb2:192.168.157.209:43423, 41e22389-d6b0-478d-9070-56a3106463d4:192.168.157.209:33052], old=null
2019-07-14 10:56:21,419 INFO  impl.RaftServerImpl (RaftServerImpl.java:setRole(171)) - cf9ddd5b-0d8a-4db4-9e03-3942e5d9cdb2:group-DFC950B5D6B8 changes role from CANDIDATE to FOLLOWER at term 1 for DISCOVERED_A_NEW_TERM
2019-07-14 10:56:21,421 INFO  impl.RoleInfo (RoleInfo.java:shutdownLeaderElection(134)) - cf9ddd5b-0d8a-4db4-9e03-3942e5d9cdb2: shutdown LeaderElection
2019-07-14 10:56:21,423 INFO  impl.RoleInfo (RoleInfo.java:shutdownLeaderElection(134)) - 41e22389-d6b0-478d-9070-56a3106463d4: shutdown LeaderElection
2019-07-14 10:56:21,425 INFO  impl.RaftServerImpl (RaftServerImpl.java:setRole(171)) - 41e22389-d6b0-478d-9070-56a3106463d4:group-DFC950B5D6B8 changes role from CANDIDATE to LEADER at term 1 for changeToLeader
2019-07-14 10:56:21,429 INFO  impl.RaftServerImpl (ServerState.java:setLeader(263)) - 41e22389-d6b0-478d-9070-56a3106463d4:group-DFC950B5D6B8 change Leader from null to 41e22389-d6b0-478d-9070-56a3106463d4 at term 1 for becomeLeader, leader elected after 5176ms
2019-07-14 10:56:21,430 INFO  impl.RoleInfo (RoleInfo.java:updateAndGet(143)) - cf9ddd5b-0d8a-4db4-9e03-3942e5d9cdb2: start FollowerState
2019-07-14 10:56:21,431 INFO  server.RaftServerConfigKeys (ConfUtils.java:logGet(43)) - raft.server.staging.catchup.gap = 1000 (default)
2019-07-14 10:56:21,433 INFO  server.RaftServerConfigKeys (ConfUtils.java:logGet(43)) - raft.server.rpc.sleep.time = 25ms (default)
2019-07-14 10:56:21,433 INFO  server.RaftServerConfigKeys (ConfUtils.java:logGet(43)) - raft.server.write.element-limit = 4096 (default)
2019-07-14 10:56:21,433 INFO  server.RaftServerConfigKeys (ConfUtils.java:logGet(43)) - raft.server.watch.timeout = 10s (default)
2019-07-14 10:56:21,433 INFO  server.RaftServerConfigKeys (ConfUtils.java:logGet(43)) - raft.server.watch.timeout.denomination = 1s (default)
2019-07-14 10:56:21,435 INFO  server.RaftServerConfigKeys (ConfUtils.java:logGet(43)) - raft.server.watch.element-limit = 65536 (default)
2019-07-14 10:56:21,435 INFO  impl.RaftServerImpl (RaftServerImpl.java:setRole(171)) - 19b02754-dda9-4f14-881a-2dac3900a1b7:group-43A156A46A73 changes role from FOLLOWER to FOLLOWER at term 1 for recognizeCandidate:d2ea99aa-e00d-49c2-bfb3-5f583ed448f8
2019-07-14 10:56:21,437 INFO  impl.RoleInfo (RoleInfo.java:shutdownFollowerState(121)) - 19b02754-dda9-4f14-881a-2dac3900a1b7: shutdown FollowerState
2019-07-14 10:56:21,438 INFO  impl.RoleInfo (RoleInfo.java:updateAndGet(143)) - 19b02754-dda9-4f14-881a-2dac3900a1b7: start FollowerState
2019-07-14 10:56:21,438 INFO  impl.FollowerState (FollowerState.java:run(114)) - 19b02754-dda9-4f14-881a-2dac3900a1b7: FollowerState was interrupted: java.lang.InterruptedException: sleep interrupted
2019-07-14 10:56:21,438 INFO  impl.RaftServerImpl (RaftServerImpl.java:setRole(171)) - ead0de76-64f0-414f-9177-e4eb047cf253:group-43A156A46A73 changes role from FOLLOWER to FOLLOWER at term 1 for recognizeCandidate:d2ea99aa-e00d-49c2-bfb3-5f583ed448f8
2019-07-14 10:56:21,440 INFO  impl.RoleInfo (RoleInfo.java:shutdownFollowerState(121)) - ead0de76-64f0-414f-9177-e4eb047cf253: shutdown FollowerState
2019-07-14 10:56:21,440 INFO  impl.RoleInfo (RoleInfo.java:updateAndGet(143)) - ead0de76-64f0-414f-9177-e4eb047cf253: start FollowerState
2019-07-14 10:56:21,440 INFO  impl.FollowerState (FollowerState.java:run(114)) - ead0de76-64f0-414f-9177-e4eb047cf253: FollowerState was interrupted: java.lang.InterruptedException: sleep interrupted
2019-07-14 10:56:21,443 INFO  server.RaftServerConfigKeys (ConfUtils.java:logGet(43)) - raft.server.log.appender.snapshot.chunk.size.max = 16MB (=16777216) (default)
2019-07-14 10:56:21,444 INFO  server.RaftServerConfigKeys (ConfUtils.java:logGet(43)) - raft.server.log.appender.buffer.byte-limit = 33554432 (custom)
2019-07-14 10:56:21,444 INFO  server.RaftServerConfigKeys (ConfUtils.java:logGet(43)) - raft.server.log.appender.buffer.element-limit = 1 (custom)
2019-07-14 10:56:21,448 INFO  grpc.GrpcConfigKeys$Server (ConfUtils.java:logGet(43)) - raft.grpc.server.leader.outstanding.appends.max = 128 (default)
2019-07-14 10:56:21,450 INFO  server.RaftServerConfigKeys (ConfUtils.java:logGet(43)) - raft.server.rpc.request.timeout = 3000ms (default)
2019-07-14 10:56:21,450 INFO  server.RaftServerConfigKeys (ConfUtils.java:logGet(43)) - raft.server.log.appender.install.snapshot.enabled = false (custom)
2019-07-14 10:56:21,450 INFO  server.RaftServerConfigKeys (ConfUtils.java:logGet(43)) - raft.server.log.appender.snapshot.chunk.size.max = 16MB (=16777216) (default)
2019-07-14 10:56:21,450 INFO  server.RaftServerConfigKeys (ConfUtils.java:logGet(43)) - raft.server.log.appender.buffer.byte-limit = 33554432 (custom)
2019-07-14 10:56:21,452 INFO  server.RaftServerConfigKeys (ConfUtils.java:logGet(43)) - raft.server.log.appender.buffer.element-limit = 1 (custom)
2019-07-14 10:56:21,453 INFO  grpc.GrpcConfigKeys$Server (ConfUtils.java:logGet(43)) - raft.grpc.server.leader.outstanding.appends.max = 128 (default)
2019-07-14 10:56:21,453 INFO  server.RaftServerConfigKeys (ConfUtils.java:logGet(43)) - raft.server.rpc.request.timeout = 3000ms (default)
2019-07-14 10:56:21,453 INFO  server.RaftServerConfigKeys (ConfUtils.java:logGet(43)) - raft.server.log.appender.install.snapshot.enabled = false (custom)
2019-07-14 10:56:21,455 INFO  impl.RoleInfo (RoleInfo.java:updateAndGet(143)) - 41e22389-d6b0-478d-9070-56a3106463d4: start LeaderState
2019-07-14 10:56:21,455 INFO  segmented.SegmentedRaftLogWorker (SegmentedRaftLogWorker.java:startLogSegment(380)) - 41e22389-d6b0-478d-9070-56a3106463d4-SegmentedRaftLogWorker:Storage Directory /workdir/hadoop-ozone/integration-test/target/test-dir/MiniOzoneClusterImpl-52a04bec-b74b-4afb-8d03-540e96dbba4c/datanode-2/data/ratis/53e8d22f-059e-4b03-8fff-dfc950b5d6b8: Starting segment from index:0
2019-07-14 10:56:21,457 INFO  impl.LeaderElection (LeaderElection.java:logAndReturn(56)) - d2ea99aa-e00d-49c2-bfb3-5f583ed448f8:group-43A156A46A73:LeaderElection10: Election PASSED; received 1 response(s) [d2ea99aa-e00d-49c2-bfb3-5f583ed448f8<-ead0de76-64f0-414f-9177-e4eb047cf253#0:OK-t1] and 0 exception(s); d2ea99aa-e00d-49c2-bfb3-5f583ed448f8:t1, leader=null, voted=d2ea99aa-e00d-49c2-bfb3-5f583ed448f8, raftlog=d2ea99aa-e00d-49c2-bfb3-5f583ed448f8-SegmentedRaftLog:OPENED:c-1,f-1,i0, conf=-1: [d2ea99aa-e00d-49c2-bfb3-5f583ed448f8:192.168.157.209:42835, 19b02754-dda9-4f14-881a-2dac3900a1b7:192.168.157.209:34719, ead0de76-64f0-414f-9177-e4eb047cf253:192.168.157.209:40464], old=null
2019-07-14 10:56:21,458 INFO  impl.RaftServerImpl (ServerState.java:setRaftConf(361)) - 41e22389-d6b0-478d-9070-56a3106463d4:group-DFC950B5D6B8 set configuration 0: [1060c4c8-82a0-4b24-acfd-34a0a85a558b:192.168.157.209:36689, cf9ddd5b-0d8a-4db4-9e03-3942e5d9cdb2:192.168.157.209:43423, 41e22389-d6b0-478d-9070-56a3106463d4:192.168.157.209:33052], old=null at 0
2019-07-14 10:56:21,458 INFO  impl.RoleInfo (RoleInfo.java:shutdownLeaderElection(134)) - d2ea99aa-e00d-49c2-bfb3-5f583ed448f8: shutdown LeaderElection
2019-07-14 10:56:21,485 INFO  impl.RaftServerImpl (RaftServerImpl.java:setRole(171)) - d2ea99aa-e00d-49c2-bfb3-5f583ed448f8:group-43A156A46A73 changes role from CANDIDATE to LEADER at term 1 for changeToLeader
2019-07-14 10:56:21,486 INFO  impl.RaftServerImpl (ServerState.java:setLeader(263)) - d2ea99aa-e00d-49c2-bfb3-5f583ed448f8:group-43A156A46A73 change Leader from null to d2ea99aa-e00d-49c2-bfb3-5f583ed448f8 at term 1 for becomeLeader, leader elected after 5112ms
2019-07-14 10:56:21,486 INFO  server.RaftServerConfigKeys (ConfUtils.java:logGet(43)) - raft.server.staging.catchup.gap = 1000 (default)
2019-07-14 10:56:21,487 INFO  server.RaftServerConfigKeys (ConfUtils.java:logGet(43)) - raft.server.rpc.sleep.time = 25ms (default)
2019-07-14 10:56:21,487 INFO  server.RaftServerConfigKeys (ConfUtils.java:logGet(43)) - raft.server.write.element-limit = 4096 (default)
2019-07-14 10:56:21,487 INFO  server.RaftServerConfigKeys (ConfUtils.java:logGet(43)) - raft.server.watch.timeout = 10s (default)
2019-07-14 10:56:21,487 INFO  server.RaftServerConfigKeys (ConfUtils.java:logGet(43)) - raft.server.watch.timeout.denomination = 1s (default)
2019-07-14 10:56:21,488 INFO  server.RaftServerConfigKeys (ConfUtils.java:logGet(43)) - raft.server.watch.element-limit = 65536 (default)
2019-07-14 10:56:21,488 INFO  server.RaftServerConfigKeys (ConfUtils.java:logGet(43)) - raft.server.log.appender.snapshot.chunk.size.max = 16MB (=16777216) (default)
2019-07-14 10:56:21,492 INFO  segmented.SegmentedRaftLogWorker (SegmentedRaftLogWorker.java:execute(569)) - 41e22389-d6b0-478d-9070-56a3106463d4-SegmentedRaftLogWorker:Storage Directory /workdir/hadoop-ozone/integration-test/target/test-dir/MiniOzoneClusterImpl-52a04bec-b74b-4afb-8d03-540e96dbba4c/datanode-2/data/ratis/53e8d22f-059e-4b03-8fff-dfc950b5d6b8: created new log segment /workdir/hadoop-ozone/integration-test/target/test-dir/MiniOzoneClusterImpl-52a04bec-b74b-4afb-8d03-540e96dbba4c/datanode-2/data/ratis/53e8d22f-059e-4b03-8fff-dfc950b5d6b8/current/log_inprogress_0
2019-07-14 10:56:21,492 INFO  server.RaftServerConfigKeys (ConfUtils.java:logGet(43)) - raft.server.log.appender.buffer.byte-limit = 33554432 (custom)
2019-07-14 10:56:21,492 INFO  server.RaftServerConfigKeys (ConfUtils.java:logGet(43)) - raft.server.log.appender.buffer.element-limit = 1 (custom)
2019-07-14 10:56:21,492 INFO  grpc.GrpcConfigKeys$Server (ConfUtils.java:logGet(43)) - raft.grpc.server.leader.outstanding.appends.max = 128 (default)
2019-07-14 10:56:21,493 INFO  server.RaftServerConfigKeys (ConfUtils.java:logGet(43)) - raft.server.rpc.request.timeout = 3000ms (default)
2019-07-14 10:56:21,493 INFO  server.RaftServerConfigKeys (ConfUtils.java:logGet(43)) - raft.server.log.appender.install.snapshot.enabled = false (custom)
2019-07-14 10:56:21,493 INFO  server.RaftServerConfigKeys (ConfUtils.java:logGet(43)) - raft.server.log.appender.snapshot.chunk.size.max = 16MB (=16777216) (default)
2019-07-14 10:56:21,493 INFO  server.RaftServerConfigKeys (ConfUtils.java:logGet(43)) - raft.server.log.appender.buffer.byte-limit = 33554432 (custom)
2019-07-14 10:56:21,493 INFO  server.RaftServerConfigKeys (ConfUtils.java:logGet(43)) - raft.server.log.appender.buffer.element-limit = 1 (custom)
2019-07-14 10:56:21,494 INFO  grpc.GrpcConfigKeys$Server (ConfUtils.java:logGet(43)) - raft.grpc.server.leader.outstanding.appends.max = 128 (default)
2019-07-14 10:56:21,494 INFO  server.RaftServerConfigKeys (ConfUtils.java:logGet(43)) - raft.server.rpc.request.timeout = 3000ms (default)
2019-07-14 10:56:21,494 INFO  server.RaftServerConfigKeys (ConfUtils.java:logGet(43)) - raft.server.log.appender.install.snapshot.enabled = false (custom)
2019-07-14 10:56:21,494 INFO  impl.RoleInfo (RoleInfo.java:updateAndGet(143)) - d2ea99aa-e00d-49c2-bfb3-5f583ed448f8: start LeaderState
2019-07-14 10:56:21,495 INFO  segmented.SegmentedRaftLogWorker (SegmentedRaftLogWorker.java:startLogSegment(380)) - d2ea99aa-e00d-49c2-bfb3-5f583ed448f8-SegmentedRaftLogWorker:Storage Directory /workdir/hadoop-ozone/integration-test/target/test-dir/MiniOzoneClusterImpl-52a04bec-b74b-4afb-8d03-540e96dbba4c/datanode-5/data/ratis/5d60e7ab-2134-47e3-b583-43a156a46a73: Starting segment from index:0
2019-07-14 10:56:21,496 INFO  impl.RaftServerImpl (ServerState.java:setRaftConf(361)) - d2ea99aa-e00d-49c2-bfb3-5f583ed448f8:group-43A156A46A73 set configuration 0: [d2ea99aa-e00d-49c2-bfb3-5f583ed448f8:192.168.157.209:42835, 19b02754-dda9-4f14-881a-2dac3900a1b7:192.168.157.209:34719, ead0de76-64f0-414f-9177-e4eb047cf253:192.168.157.209:40464], old=null at 0
2019-07-14 10:56:21,527 INFO  segmented.SegmentedRaftLogWorker (SegmentedRaftLogWorker.java:execute(569)) - d2ea99aa-e00d-49c2-bfb3-5f583ed448f8-SegmentedRaftLogWorker:Storage Directory /workdir/hadoop-ozone/integration-test/target/test-dir/MiniOzoneClusterImpl-52a04bec-b74b-4afb-8d03-540e96dbba4c/datanode-5/data/ratis/5d60e7ab-2134-47e3-b583-43a156a46a73: created new log segment /workdir/hadoop-ozone/integration-test/target/test-dir/MiniOzoneClusterImpl-52a04bec-b74b-4afb-8d03-540e96dbba4c/datanode-5/data/ratis/5d60e7ab-2134-47e3-b583-43a156a46a73/current/log_inprogress_0
2019-07-14 10:56:21,541 INFO  impl.RaftServerImpl (ServerState.java:setLeader(263)) - 19b02754-dda9-4f14-881a-2dac3900a1b7:group-43A156A46A73 change Leader from null to d2ea99aa-e00d-49c2-bfb3-5f583ed448f8 at term 1 for appendEntries, leader elected after 5167ms
2019-07-14 10:56:21,541 INFO  impl.RaftServerImpl (ServerState.java:setLeader(263)) - 1060c4c8-82a0-4b24-acfd-34a0a85a558b:group-DFC950B5D6B8 change Leader from null to 41e22389-d6b0-478d-9070-56a3106463d4 at term 1 for appendEntries, leader elected after 5289ms
2019-07-14 10:56:21,541 INFO  impl.RaftServerImpl (ServerState.java:setLeader(263)) - ead0de76-64f0-414f-9177-e4eb047cf253:group-43A156A46A73 change Leader from null to d2ea99aa-e00d-49c2-bfb3-5f583ed448f8 at term 1 for appendEntries, leader elected after 5167ms
2019-07-14 10:56:21,541 INFO  impl.RaftServerImpl (ServerState.java:setLeader(263)) - cf9ddd5b-0d8a-4db4-9e03-3942e5d9cdb2:group-DFC950B5D6B8 change Leader from null to 41e22389-d6b0-478d-9070-56a3106463d4 at term 1 for appendEntries, leader elected after 5288ms
2019-07-14 10:56:21,582 INFO  impl.RaftServerImpl (ServerState.java:setRaftConf(361)) - 19b02754-dda9-4f14-881a-2dac3900a1b7:group-43A156A46A73 set configuration 0: [d2ea99aa-e00d-49c2-bfb3-5f583ed448f8:192.168.157.209:42835, 19b02754-dda9-4f14-881a-2dac3900a1b7:192.168.157.209:34719, ead0de76-64f0-414f-9177-e4eb047cf253:192.168.157.209:40464], old=null at 0
2019-07-14 10:56:21,582 INFO  impl.RaftServerImpl (ServerState.java:setRaftConf(361)) - 1060c4c8-82a0-4b24-acfd-34a0a85a558b:group-DFC950B5D6B8 set configuration 0: [1060c4c8-82a0-4b24-acfd-34a0a85a558b:192.168.157.209:36689, cf9ddd5b-0d8a-4db4-9e03-3942e5d9cdb2:192.168.157.209:43423, 41e22389-d6b0-478d-9070-56a3106463d4:192.168.157.209:33052], old=null at 0
2019-07-14 10:56:21,582 INFO  impl.RaftServerImpl (ServerState.java:setRaftConf(361)) - ead0de76-64f0-414f-9177-e4eb047cf253:group-43A156A46A73 set configuration 0: [d2ea99aa-e00d-49c2-bfb3-5f583ed448f8:192.168.157.209:42835, 19b02754-dda9-4f14-881a-2dac3900a1b7:192.168.157.209:34719, ead0de76-64f0-414f-9177-e4eb047cf253:192.168.157.209:40464], old=null at 0
2019-07-14 10:56:21,582 INFO  impl.RaftServerImpl (ServerState.java:setRaftConf(361)) - cf9ddd5b-0d8a-4db4-9e03-3942e5d9cdb2:group-DFC950B5D6B8 set configuration 0: [1060c4c8-82a0-4b24-acfd-34a0a85a558b:192.168.157.209:36689, cf9ddd5b-0d8a-4db4-9e03-3942e5d9cdb2:192.168.157.209:43423, 41e22389-d6b0-478d-9070-56a3106463d4:192.168.157.209:33052], old=null at 0
2019-07-14 10:56:21,583 INFO  segmented.SegmentedRaftLogWorker (SegmentedRaftLogWorker.java:startLogSegment(380)) - ead0de76-64f0-414f-9177-e4eb047cf253-SegmentedRaftLogWorker:Storage Directory /workdir/hadoop-ozone/integration-test/target/test-dir/MiniOzoneClusterImpl-52a04bec-b74b-4afb-8d03-540e96dbba4c/datanode-1/data/ratis/5d60e7ab-2134-47e3-b583-43a156a46a73: Starting segment from index:0
2019-07-14 10:56:21,583 INFO  segmented.SegmentedRaftLogWorker (SegmentedRaftLogWorker.java:startLogSegment(380)) - 1060c4c8-82a0-4b24-acfd-34a0a85a558b-SegmentedRaftLogWorker:Storage Directory /workdir/hadoop-ozone/integration-test/target/test-dir/MiniOzoneClusterImpl-52a04bec-b74b-4afb-8d03-540e96dbba4c/datanode-6/data/ratis/53e8d22f-059e-4b03-8fff-dfc950b5d6b8: Starting segment from index:0
2019-07-14 10:56:21,582 INFO  segmented.SegmentedRaftLogWorker (SegmentedRaftLogWorker.java:startLogSegment(380)) - 19b02754-dda9-4f14-881a-2dac3900a1b7-SegmentedRaftLogWorker:Storage Directory /workdir/hadoop-ozone/integration-test/target/test-dir/MiniOzoneClusterImpl-52a04bec-b74b-4afb-8d03-540e96dbba4c/datanode-3/data/ratis/5d60e7ab-2134-47e3-b583-43a156a46a73: Starting segment from index:0
2019-07-14 10:56:21,583 INFO  segmented.SegmentedRaftLogWorker (SegmentedRaftLogWorker.java:startLogSegment(380)) - cf9ddd5b-0d8a-4db4-9e03-3942e5d9cdb2-SegmentedRaftLogWorker:Storage Directory /workdir/hadoop-ozone/integration-test/target/test-dir/MiniOzoneClusterImpl-52a04bec-b74b-4afb-8d03-540e96dbba4c/datanode-0/data/ratis/53e8d22f-059e-4b03-8fff-dfc950b5d6b8: Starting segment from index:0
2019-07-14 10:56:21,611 INFO  segmented.SegmentedRaftLogWorker (SegmentedRaftLogWorker.java:execute(569)) - cf9ddd5b-0d8a-4db4-9e03-3942e5d9cdb2-SegmentedRaftLogWorker:Storage Directory /workdir/hadoop-ozone/integration-test/target/test-dir/MiniOzoneClusterImpl-52a04bec-b74b-4afb-8d03-540e96dbba4c/datanode-0/data/ratis/53e8d22f-059e-4b03-8fff-dfc950b5d6b8: created new log segment /workdir/hadoop-ozone/integration-test/target/test-dir/MiniOzoneClusterImpl-52a04bec-b74b-4afb-8d03-540e96dbba4c/datanode-0/data/ratis/53e8d22f-059e-4b03-8fff-dfc950b5d6b8/current/log_inprogress_0
2019-07-14 10:56:21,611 INFO  segmented.SegmentedRaftLogWorker (SegmentedRaftLogWorker.java:execute(569)) - ead0de76-64f0-414f-9177-e4eb047cf253-SegmentedRaftLogWorker:Storage Directory /workdir/hadoop-ozone/integration-test/target/test-dir/MiniOzoneClusterImpl-52a04bec-b74b-4afb-8d03-540e96dbba4c/datanode-1/data/ratis/5d60e7ab-2134-47e3-b583-43a156a46a73: created new log segment /workdir/hadoop-ozone/integration-test/target/test-dir/MiniOzoneClusterImpl-52a04bec-b74b-4afb-8d03-540e96dbba4c/datanode-1/data/ratis/5d60e7ab-2134-47e3-b583-43a156a46a73/current/log_inprogress_0
2019-07-14 10:56:21,611 INFO  segmented.SegmentedRaftLogWorker (SegmentedRaftLogWorker.java:execute(569)) - 1060c4c8-82a0-4b24-acfd-34a0a85a558b-SegmentedRaftLogWorker:Storage Directory /workdir/hadoop-ozone/integration-test/target/test-dir/MiniOzoneClusterImpl-52a04bec-b74b-4afb-8d03-540e96dbba4c/datanode-6/data/ratis/53e8d22f-059e-4b03-8fff-dfc950b5d6b8: created new log segment /workdir/hadoop-ozone/integration-test/target/test-dir/MiniOzoneClusterImpl-52a04bec-b74b-4afb-8d03-540e96dbba4c/datanode-6/data/ratis/53e8d22f-059e-4b03-8fff-dfc950b5d6b8/current/log_inprogress_0
2019-07-14 10:56:21,611 INFO  segmented.SegmentedRaftLogWorker (SegmentedRaftLogWorker.java:execute(569)) - 19b02754-dda9-4f14-881a-2dac3900a1b7-SegmentedRaftLogWorker:Storage Directory /workdir/hadoop-ozone/integration-test/target/test-dir/MiniOzoneClusterImpl-52a04bec-b74b-4afb-8d03-540e96dbba4c/datanode-3/data/ratis/5d60e7ab-2134-47e3-b583-43a156a46a73: created new log segment /workdir/hadoop-ozone/integration-test/target/test-dir/MiniOzoneClusterImpl-52a04bec-b74b-4afb-8d03-540e96dbba4c/datanode-3/data/ratis/5d60e7ab-2134-47e3-b583-43a156a46a73/current/log_inprogress_0
2019-07-14 10:56:22,017 INFO  client.GrpcClientProtocolClient (GrpcClientProtocolClient.java:onNext(255)) - client-525A5C50BBCE->19b02754-dda9-4f14-881a-2dac3900a1b7: receive RaftClientReply:client-525A5C50BBCE->19b02754-dda9-4f14-881a-2dac3900a1b7@group-43A156A46A73, cid=13, FAILED org.apache.ratis.protocol.NotLeaderException: Server 19b02754-dda9-4f14-881a-2dac3900a1b7 is not the leader (d2ea99aa-e00d-49c2-bfb3-5f583ed448f8:192.168.157.209:42835). Request must be sent to leader., logIndex=0, commits[19b02754-dda9-4f14-881a-2dac3900a1b7:c0, d2ea99aa-e00d-49c2-bfb3-5f583ed448f8:c0, ead0de76-64f0-414f-9177-e4eb047cf253:c-1]
2019-07-14 10:56:22,298 INFO  client.GrpcClientProtocolClient (GrpcClientProtocolClient.java:onNext(255)) - client-525A5C50BBCE->d2ea99aa-e00d-49c2-bfb3-5f583ed448f8: receive RaftClientReply:client-525A5C50BBCE->d2ea99aa-e00d-49c2-bfb3-5f583ed448f8@group-43A156A46A73, cid=13, SUCCESS, logIndex=1, commits[d2ea99aa-e00d-49c2-bfb3-5f583ed448f8:c1, 19b02754-dda9-4f14-881a-2dac3900a1b7:c0, ead0de76-64f0-414f-9177-e4eb047cf253:c1]
2019-07-14 10:56:22,419 INFO  client.GrpcClientProtocolClient (GrpcClientProtocolClient.java:onNext(255)) - client-525A5C50BBCE->d2ea99aa-e00d-49c2-bfb3-5f583ed448f8: receive RaftClientReply:client-525A5C50BBCE->d2ea99aa-e00d-49c2-bfb3-5f583ed448f8@group-43A156A46A73, cid=14, SUCCESS, logIndex=3, commits[d2ea99aa-e00d-49c2-bfb3-5f583ed448f8:c4, 19b02754-dda9-4f14-881a-2dac3900a1b7:c3, ead0de76-64f0-414f-9177-e4eb047cf253:c3]
2019-07-14 10:56:22,721 INFO  container.CloseContainerEventHandler (CloseContainerEventHandler.java:onMessage(61)) - Close container Event triggered for container : #1
2019-07-14 10:56:22,727 INFO  container.CloseContainerEventHandler (CloseContainerEventHandler.java:onMessage(61)) - Close container Event triggered for container : #1
2019-07-14 10:56:22,727 INFO  container.CloseContainerEventHandler (CloseContainerEventHandler.java:onMessage(61)) - Close container Event triggered for container : #1
2019-07-14 10:56:23,632 INFO  interfaces.Container (KeyValueContainer.java:compactDB(356)) - Container 1 is closed with bcsId 3.
2019-07-14 10:56:23,659 INFO  interfaces.Container (KeyValueContainer.java:compactDB(356)) - Container 1 is closed with bcsId 3.
2019-07-14 10:56:23,673 INFO  interfaces.Container (KeyValueContainer.java:compactDB(356)) - Container 1 is closed with bcsId 3.
10:56:23.737 [grpc-default-executor-3] ERROR DNAudit - user=null | ip=null | op=WRITE_CHUNK {blockData=conID: 1 locID: 102439438027718657 bcsId: 3} | ret=FAILURE
org.apache.hadoop.hdds.scm.container.common.helpers.ContainerNotOpenException: Container 1 in CLOSED state
	at org.apache.hadoop.ozone.container.common.impl.HddsDispatcher.validateContainerCommand(HddsDispatcher.java:408) ~[hadoop-hdds-container-service-0.5.0-SNAPSHOT.jar:?]
	at org.apache.hadoop.ozone.container.common.transport.server.ratis.ContainerStateMachine.startTransaction(ContainerStateMachine.java:272) ~[hadoop-hdds-container-service-0.5.0-SNAPSHOT.jar:?]
	at org.apache.ratis.server.impl.RaftServerImpl.submitClientRequestAsync(RaftServerImpl.java:566) ~[ratis-server-0.4.0-2337318-SNAPSHOT.jar:0.4.0-2337318-SNAPSHOT]
	at org.apache.ratis.server.impl.RaftServerProxy.lambda$submitClientRequestAsync$7(RaftServerProxy.java:333) ~[ratis-server-0.4.0-2337318-SNAPSHOT.jar:0.4.0-2337318-SNAPSHOT]
	at org.apache.ratis.server.impl.RaftServerProxy.lambda$null$5(RaftServerProxy.java:328) ~[ratis-server-0.4.0-2337318-SNAPSHOT.jar:0.4.0-2337318-SNAPSHOT]
	at org.apache.ratis.util.JavaUtils.callAsUnchecked(JavaUtils.java:109) ~[ratis-common-0.4.0-2337318-SNAPSHOT.jar:0.4.0-2337318-SNAPSHOT]
	at org.apache.ratis.server.impl.RaftServerProxy.lambda$submitRequest$6(RaftServerProxy.java:328) ~[ratis-server-0.4.0-2337318-SNAPSHOT.jar:0.4.0-2337318-SNAPSHOT]
	at java.util.concurrent.CompletableFuture.uniComposeStage(CompletableFuture.java:981) ~[?:1.8.0_212]
	at java.util.concurrent.CompletableFuture.thenCompose(CompletableFuture.java:2124) ~[?:1.8.0_212]
	at org.apache.ratis.server.impl.RaftServerProxy.submitRequest(RaftServerProxy.java:327) ~[ratis-server-0.4.0-2337318-SNAPSHOT.jar:0.4.0-2337318-SNAPSHOT]
	at org.apache.ratis.server.impl.RaftServerProxy.submitClientRequestAsync(RaftServerProxy.java:333) ~[ratis-server-0.4.0-2337318-SNAPSHOT.jar:0.4.0-2337318-SNAPSHOT]
	at org.apache.ratis.grpc.client.GrpcClientProtocolService$RequestStreamObserver.processClientRequest(GrpcClientProtocolService.java:220) ~[ratis-grpc-0.4.0-2337318-SNAPSHOT.jar:0.4.0-2337318-SNAPSHOT]
	at org.apache.ratis.grpc.client.GrpcClientProtocolService$OrderedRequestStreamObserver.processClientRequest(GrpcClientProtocolService.java:326) ~[ratis-grpc-0.4.0-2337318-SNAPSHOT.jar:0.4.0-2337318-SNAPSHOT]
	at org.apache.ratis.util.SlidingWindow$Server.processRequestsFromHead(SlidingWindow.java:429) [ratis-common-0.4.0-2337318-SNAPSHOT.jar:0.4.0-2337318-SNAPSHOT]
	at org.apache.ratis.util.SlidingWindow$Server.receivedRequest(SlidingWindow.java:421) [ratis-common-0.4.0-2337318-SNAPSHOT.jar:0.4.0-2337318-SNAPSHOT]
	at org.apache.ratis.grpc.client.GrpcClientProtocolService$OrderedRequestStreamObserver.processClientRequest(GrpcClientProtocolService.java:345) [ratis-grpc-0.4.0-2337318-SNAPSHOT.jar:0.4.0-2337318-SNAPSHOT]
	at org.apache.ratis.grpc.client.GrpcClientProtocolService$RequestStreamObserver.onNext(GrpcClientProtocolService.java:240) [ratis-grpc-0.4.0-2337318-SNAPSHOT.jar:0.4.0-2337318-SNAPSHOT]
	at org.apache.ratis.grpc.client.GrpcClientProtocolService$RequestStreamObserver.onNext(GrpcClientProtocolService.java:168) [ratis-grpc-0.4.0-2337318-SNAPSHOT.jar:0.4.0-2337318-SNAPSHOT]
	at org.apache.ratis.thirdparty.io.grpc.stub.ServerCalls$StreamingServerCallHandler$StreamingServerCallListener.onMessage(ServerCalls.java:248) [ratis-thirdparty-misc-0.2.0.jar:0.2.0]
	at org.apache.ratis.thirdparty.io.grpc.internal.ServerCallImpl$ServerStreamListenerImpl.messagesAvailable(ServerCallImpl.java:263) [ratis-thirdparty-misc-0.2.0.jar:0.2.0]
	at org.apache.ratis.thirdparty.io.grpc.internal.ServerImpl$JumpToApplicationThreadServerStreamListener$1MessagesAvailable.runInContext(ServerImpl.java:686) [ratis-thirdparty-misc-0.2.0.jar:0.2.0]
	at org.apache.ratis.thirdparty.io.grpc.internal.ContextRunnable.run(ContextRunnable.java:37) [ratis-thirdparty-misc-0.2.0.jar:0.2.0]
	at org.apache.ratis.thirdparty.io.grpc.internal.SerializingExecutor.run(SerializingExecutor.java:123) [ratis-thirdparty-misc-0.2.0.jar:0.2.0]
	at java.util.concurrent.ThreadPoolExecutor.runWorker(ThreadPoolExecutor.java:1149) [?:1.8.0_212]
	at java.util.concurrent.ThreadPoolExecutor$Worker.run(ThreadPoolExecutor.java:624) [?:1.8.0_212]
	at java.lang.Thread.run(Thread.java:748) [?:1.8.0_212]
10:56:23.785 [grpc-default-executor-3] ERROR DNAudit - user=null | ip=null | op=PUT_BLOCK {blockData=[blockId=conID: 1 locID: 102439438027718657 bcsId: 0,size=2097152]} | ret=FAILURE
org.apache.hadoop.hdds.scm.container.common.helpers.ContainerNotOpenException: Container 1 in CLOSED state
	at org.apache.hadoop.ozone.container.common.impl.HddsDispatcher.validateContainerCommand(HddsDispatcher.java:408) ~[hadoop-hdds-container-service-0.5.0-SNAPSHOT.jar:?]
	at org.apache.hadoop.ozone.container.common.transport.server.ratis.ContainerStateMachine.startTransaction(ContainerStateMachine.java:272) ~[hadoop-hdds-container-service-0.5.0-SNAPSHOT.jar:?]
	at org.apache.ratis.server.impl.RaftServerImpl.submitClientRequestAsync(RaftServerImpl.java:566) ~[ratis-server-0.4.0-2337318-SNAPSHOT.jar:0.4.0-2337318-SNAPSHOT]
	at org.apache.ratis.server.impl.RaftServerProxy.lambda$submitClientRequestAsync$7(RaftServerProxy.java:333) ~[ratis-server-0.4.0-2337318-SNAPSHOT.jar:0.4.0-2337318-SNAPSHOT]
	at org.apache.ratis.server.impl.RaftServerProxy.lambda$null$5(RaftServerProxy.java:328) ~[ratis-server-0.4.0-2337318-SNAPSHOT.jar:0.4.0-2337318-SNAPSHOT]
	at org.apache.ratis.util.JavaUtils.callAsUnchecked(JavaUtils.java:109) ~[ratis-common-0.4.0-2337318-SNAPSHOT.jar:0.4.0-2337318-SNAPSHOT]
	at org.apache.ratis.server.impl.RaftServerProxy.lambda$submitRequest$6(RaftServerProxy.java:328) ~[ratis-server-0.4.0-2337318-SNAPSHOT.jar:0.4.0-2337318-SNAPSHOT]
	at java.util.concurrent.CompletableFuture.uniComposeStage(CompletableFuture.java:981) ~[?:1.8.0_212]
	at java.util.concurrent.CompletableFuture.thenCompose(CompletableFuture.java:2124) ~[?:1.8.0_212]
	at org.apache.ratis.server.impl.RaftServerProxy.submitRequest(RaftServerProxy.java:327) ~[ratis-server-0.4.0-2337318-SNAPSHOT.jar:0.4.0-2337318-SNAPSHOT]
	at org.apache.ratis.server.impl.RaftServerProxy.submitClientRequestAsync(RaftServerProxy.java:333) ~[ratis-server-0.4.0-2337318-SNAPSHOT.jar:0.4.0-2337318-SNAPSHOT]
	at org.apache.ratis.grpc.client.GrpcClientProtocolService$RequestStreamObserver.processClientRequest(GrpcClientProtocolService.java:220) ~[ratis-grpc-0.4.0-2337318-SNAPSHOT.jar:0.4.0-2337318-SNAPSHOT]
	at org.apache.ratis.grpc.client.GrpcClientProtocolService$OrderedRequestStreamObserver.processClientRequest(GrpcClientProtocolService.java:326) ~[ratis-grpc-0.4.0-2337318-SNAPSHOT.jar:0.4.0-2337318-SNAPSHOT]
	at org.apache.ratis.util.SlidingWindow$Server.processRequestsFromHead(SlidingWindow.java:429) [ratis-common-0.4.0-2337318-SNAPSHOT.jar:0.4.0-2337318-SNAPSHOT]
	at org.apache.ratis.util.SlidingWindow$Server.receivedRequest(SlidingWindow.java:421) [ratis-common-0.4.0-2337318-SNAPSHOT.jar:0.4.0-2337318-SNAPSHOT]
	at org.apache.ratis.grpc.client.GrpcClientProtocolService$OrderedRequestStreamObserver.processClientRequest(GrpcClientProtocolService.java:345) [ratis-grpc-0.4.0-2337318-SNAPSHOT.jar:0.4.0-2337318-SNAPSHOT]
	at org.apache.ratis.grpc.client.GrpcClientProtocolService$RequestStreamObserver.onNext(GrpcClientProtocolService.java:240) [ratis-grpc-0.4.0-2337318-SNAPSHOT.jar:0.4.0-2337318-SNAPSHOT]
	at org.apache.ratis.grpc.client.GrpcClientProtocolService$RequestStreamObserver.onNext(GrpcClientProtocolService.java:168) [ratis-grpc-0.4.0-2337318-SNAPSHOT.jar:0.4.0-2337318-SNAPSHOT]
	at org.apache.ratis.thirdparty.io.grpc.stub.ServerCalls$StreamingServerCallHandler$StreamingServerCallListener.onMessage(ServerCalls.java:248) [ratis-thirdparty-misc-0.2.0.jar:0.2.0]
	at org.apache.ratis.thirdparty.io.grpc.internal.ServerCallImpl$ServerStreamListenerImpl.messagesAvailable(ServerCallImpl.java:263) [ratis-thirdparty-misc-0.2.0.jar:0.2.0]
	at org.apache.ratis.thirdparty.io.grpc.internal.ServerImpl$JumpToApplicationThreadServerStreamListener$1MessagesAvailable.runInContext(ServerImpl.java:686) [ratis-thirdparty-misc-0.2.0.jar:0.2.0]
	at org.apache.ratis.thirdparty.io.grpc.internal.ContextRunnable.run(ContextRunnable.java:37) [ratis-thirdparty-misc-0.2.0.jar:0.2.0]
	at org.apache.ratis.thirdparty.io.grpc.internal.SerializingExecutor.run(SerializingExecutor.java:123) [ratis-thirdparty-misc-0.2.0.jar:0.2.0]
	at java.util.concurrent.ThreadPoolExecutor.runWorker(ThreadPoolExecutor.java:1149) [?:1.8.0_212]
	at java.util.concurrent.ThreadPoolExecutor$Worker.run(ThreadPoolExecutor.java:624) [?:1.8.0_212]
	at java.lang.Thread.run(Thread.java:748) [?:1.8.0_212]
2019-07-14 10:56:23,797 INFO  client.GrpcClientProtocolClient (GrpcClientProtocolClient.java:onNext(255)) - client-525A5C50BBCE->d2ea99aa-e00d-49c2-bfb3-5f583ed448f8: receive RaftClientReply:client-525A5C50BBCE->d2ea99aa-e00d-49c2-bfb3-5f583ed448f8@group-43A156A46A73, cid=15, FAILED org.apache.ratis.protocol.StateMachineException: org.apache.hadoop.hdds.scm.container.common.helpers.ContainerNotOpenException from Server d2ea99aa-e00d-49c2-bfb3-5f583ed448f8: Container 1 in CLOSED state, logIndex=0, commits[d2ea99aa-e00d-49c2-bfb3-5f583ed448f8:c6, 19b02754-dda9-4f14-881a-2dac3900a1b7:c5, ead0de76-64f0-414f-9177-e4eb047cf253:c5]
2019-07-14 10:56:23,800 INFO  client.GrpcClientProtocolClient (GrpcClientProtocolClient.java:onNext(255)) - client-525A5C50BBCE->d2ea99aa-e00d-49c2-bfb3-5f583ed448f8: receive RaftClientReply:client-525A5C50BBCE->d2ea99aa-e00d-49c2-bfb3-5f583ed448f8@group-43A156A46A73, cid=16, FAILED org.apache.ratis.protocol.StateMachineException: org.apache.hadoop.hdds.scm.container.common.helpers.ContainerNotOpenException from Server d2ea99aa-e00d-49c2-bfb3-5f583ed448f8: Container 1 in CLOSED state, logIndex=0, commits[d2ea99aa-e00d-49c2-bfb3-5f583ed448f8:c6, 19b02754-dda9-4f14-881a-2dac3900a1b7:c5, ead0de76-64f0-414f-9177-e4eb047cf253:c5]
2019-07-14 10:56:23,855 INFO  client.GrpcClientProtocolClient (GrpcClientProtocolClient.java:onNext(255)) - client-21E78743BBF0->1060c4c8-82a0-4b24-acfd-34a0a85a558b: receive RaftClientReply:client-21E78743BBF0->1060c4c8-82a0-4b24-acfd-34a0a85a558b@group-DFC950B5D6B8, cid=17, FAILED org.apache.ratis.protocol.NotLeaderException: Server 1060c4c8-82a0-4b24-acfd-34a0a85a558b is not the leader (41e22389-d6b0-478d-9070-56a3106463d4:192.168.157.209:33052). Request must be sent to leader., logIndex=0, commits[1060c4c8-82a0-4b24-acfd-34a0a85a558b:c0, cf9ddd5b-0d8a-4db4-9e03-3942e5d9cdb2:c-1, 41e22389-d6b0-478d-9070-56a3106463d4:c0]
2019-07-14 10:56:24,005 INFO  client.GrpcClientProtocolClient (GrpcClientProtocolClient.java:onNext(255)) - client-21E78743BBF0->41e22389-d6b0-478d-9070-56a3106463d4: receive RaftClientReply:client-21E78743BBF0->41e22389-d6b0-478d-9070-56a3106463d4@group-DFC950B5D6B8, cid=17, SUCCESS, logIndex=1, commits[41e22389-d6b0-478d-9070-56a3106463d4:c1, 1060c4c8-82a0-4b24-acfd-34a0a85a558b:c0, cf9ddd5b-0d8a-4db4-9e03-3942e5d9cdb2:c0]
2019-07-14 10:56:24,082 INFO  client.GrpcClientProtocolClient (GrpcClientProtocolClient.java:onNext(255)) - client-21E78743BBF0->41e22389-d6b0-478d-9070-56a3106463d4: receive RaftClientReply:client-21E78743BBF0->41e22389-d6b0-478d-9070-56a3106463d4@group-DFC950B5D6B8, cid=18, SUCCESS, logIndex=3, commits[41e22389-d6b0-478d-9070-56a3106463d4:c8, 1060c4c8-82a0-4b24-acfd-34a0a85a558b:c6, cf9ddd5b-0d8a-4db4-9e03-3942e5d9cdb2:c6]
2019-07-14 10:56:24,085 INFO  client.GrpcClientProtocolClient (GrpcClientProtocolClient.java:onNext(255)) - client-21E78743BBF0->41e22389-d6b0-478d-9070-56a3106463d4: receive RaftClientReply:client-21E78743BBF0->41e22389-d6b0-478d-9070-56a3106463d4@group-DFC950B5D6B8, cid=19, SUCCESS, logIndex=4, commits[41e22389-d6b0-478d-9070-56a3106463d4:c8, 1060c4c8-82a0-4b24-acfd-34a0a85a558b:c6, cf9ddd5b-0d8a-4db4-9e03-3942e5d9cdb2:c6]
2019-07-14 10:56:24,174 INFO  client.GrpcClientProtocolClient (GrpcClientProtocolClient.java:onNext(255)) - client-21E78743BBF0->41e22389-d6b0-478d-9070-56a3106463d4: receive RaftClientReply:client-21E78743BBF0->41e22389-d6b0-478d-9070-56a3106463d4@group-DFC950B5D6B8, cid=20, SUCCESS, logIndex=5, commits[41e22389-d6b0-478d-9070-56a3106463d4:c8, 1060c4c8-82a0-4b24-acfd-34a0a85a558b:c6, cf9ddd5b-0d8a-4db4-9e03-3942e5d9cdb2:c6]
2019-07-14 10:56:24,264 INFO  pipeline.Pipeline (Pipeline.java:getProtobufMessage(195)) - Serialize pipeline PipelineID=53e8d22f-059e-4b03-8fff-dfc950b5d6b8 with nodesInOrder{ }
2019-07-14 10:56:24,266 INFO  pipeline.Pipeline (Pipeline.java:build(342)) - Deserialize nodesInOrder [1060c4c8-82a0-4b24-acfd-34a0a85a558b{ip: 192.168.157.209, host: trunk-nightly-fxmrv-2540794721, networkLocation: /default-rack, certSerialId: null}, 1060c4c8-82a0-4b24-acfd-34a0a85a558b{ip: 192.168.157.209, host: trunk-nightly-fxmrv-2540794721, networkLocation: /default-rack, certSerialId: null}, 1060c4c8-82a0-4b24-acfd-34a0a85a558b{ip: 192.168.157.209, host: trunk-nightly-fxmrv-2540794721, networkLocation: /default-rack, certSerialId: null}] in pipeline PipelineID=53e8d22f-059e-4b03-8fff-dfc950b5d6b8
]]></system-out>
    <system-err><![CDATA[ERROR StatusLogger No Log4j 2 configuration file found. Using default configuration (logging only errors to the console), or user programmatically provided configurations. Set system property 'log4j2.debug' to show Log4j 2 internal initialization logging. See https://logging.apache.org/log4j/2.x/manual/configuration.html for instructions on how to configure Log4j 2
Jul 14, 2019 10:56:09 AM com.sun.jersey.server.impl.application.WebApplicationImpl _initiate
INFO: Initiating Jersey application, version 'Jersey: 1.19 02/11/2015 03:25 AM'
Jul 14, 2019 10:56:10 AM com.sun.jersey.server.impl.application.WebApplicationImpl _initiate
INFO: Initiating Jersey application, version 'Jersey: 1.19 02/11/2015 03:25 AM'
Jul 14, 2019 10:56:10 AM com.sun.jersey.server.impl.application.WebApplicationImpl _initiate
INFO: Initiating Jersey application, version 'Jersey: 1.19 02/11/2015 03:25 AM'
Jul 14, 2019 10:56:10 AM com.sun.jersey.server.impl.application.WebApplicationImpl _initiate
INFO: Initiating Jersey application, version 'Jersey: 1.19 02/11/2015 03:25 AM'
Jul 14, 2019 10:56:11 AM com.sun.jersey.server.impl.application.WebApplicationImpl _initiate
INFO: Initiating Jersey application, version 'Jersey: 1.19 02/11/2015 03:25 AM'
Jul 14, 2019 10:56:11 AM com.sun.jersey.server.impl.application.WebApplicationImpl _initiate
INFO: Initiating Jersey application, version 'Jersey: 1.19 02/11/2015 03:25 AM'
Jul 14, 2019 10:56:11 AM com.sun.jersey.server.impl.application.WebApplicationImpl _initiate
INFO: Initiating Jersey application, version 'Jersey: 1.19 02/11/2015 03:25 AM'
]]></system-err>
  </testcase>
  <testcase name="testBlockWritesWithFlushAndClose" classname="org.apache.hadoop.ozone.client.rpc.TestCloseContainerHandlingByClient" time="2.45">
    <error type="java.lang.IllegalArgumentException">java.lang.IllegalArgumentException
	at com.google.common.base.Preconditions.checkArgument(Preconditions.java:72)
	at org.apache.hadoop.hdds.scm.XceiverClientManager.acquireClient(XceiverClientManager.java:150)
	at org.apache.hadoop.hdds.scm.XceiverClientManager.acquireClientForReadData(XceiverClientManager.java:143)
	at org.apache.hadoop.hdds.scm.storage.BlockInputStream.getChunkInfos(BlockInputStream.java:154)
	at org.apache.hadoop.hdds.scm.storage.BlockInputStream.initialize(BlockInputStream.java:118)
	at org.apache.hadoop.hdds.scm.storage.BlockInputStream.read(BlockInputStream.java:222)
	at org.apache.hadoop.ozone.client.io.KeyInputStream.read(KeyInputStream.java:171)
	at org.apache.hadoop.ozone.client.io.OzoneInputStream.read(OzoneInputStream.java:47)
	at java.io.InputStream.read(InputStream.java:101)
	at org.apache.hadoop.ozone.container.ContainerTestHelper.validateData(ContainerTestHelper.java:709)
	at org.apache.hadoop.ozone.client.rpc.TestCloseContainerHandlingByClient.validateData(TestCloseContainerHandlingByClient.java:401)
	at org.apache.hadoop.ozone.client.rpc.TestCloseContainerHandlingByClient.testBlockWritesWithFlushAndClose(TestCloseContainerHandlingByClient.java:150)
	at sun.reflect.NativeMethodAccessorImpl.invoke0(Native Method)
	at sun.reflect.NativeMethodAccessorImpl.invoke(NativeMethodAccessorImpl.java:62)
	at sun.reflect.DelegatingMethodAccessorImpl.invoke(DelegatingMethodAccessorImpl.java:43)
	at java.lang.reflect.Method.invoke(Method.java:498)
	at org.junit.runners.model.FrameworkMethod$1.runReflectiveCall(FrameworkMethod.java:47)
	at org.junit.internal.runners.model.ReflectiveCallable.run(ReflectiveCallable.java:12)
	at org.junit.runners.model.FrameworkMethod.invokeExplosively(FrameworkMethod.java:44)
	at org.junit.internal.runners.statements.InvokeMethod.evaluate(InvokeMethod.java:17)
	at org.junit.runners.ParentRunner.runLeaf(ParentRunner.java:271)
	at org.junit.runners.BlockJUnit4ClassRunner.runChild(BlockJUnit4ClassRunner.java:70)
	at org.junit.runners.BlockJUnit4ClassRunner.runChild(BlockJUnit4ClassRunner.java:50)
	at org.junit.runners.ParentRunner$3.run(ParentRunner.java:238)
	at org.junit.runners.ParentRunner$1.schedule(ParentRunner.java:63)
	at org.junit.runners.ParentRunner.runChildren(ParentRunner.java:236)
	at org.junit.runners.ParentRunner.access$000(ParentRunner.java:53)
	at org.junit.runners.ParentRunner$2.evaluate(ParentRunner.java:229)
	at org.junit.internal.runners.statements.RunBefores.evaluate(RunBefores.java:26)
	at org.junit.internal.runners.statements.RunAfters.evaluate(RunAfters.java:27)
	at org.junit.runners.ParentRunner.run(ParentRunner.java:309)
	at org.apache.maven.surefire.junit4.JUnit4Provider.execute(JUnit4Provider.java:365)
	at org.apache.maven.surefire.junit4.JUnit4Provider.executeWithRerun(JUnit4Provider.java:273)
	at org.apache.maven.surefire.junit4.JUnit4Provider.executeTestSet(JUnit4Provider.java:238)
	at org.apache.maven.surefire.junit4.JUnit4Provider.invoke(JUnit4Provider.java:159)
	at org.apache.maven.surefire.booter.ForkedBooter.invokeProviderInSameClassLoader(ForkedBooter.java:384)
	at org.apache.maven.surefire.booter.ForkedBooter.runSuitesInProcess(ForkedBooter.java:345)
	at org.apache.maven.surefire.booter.ForkedBooter.execute(ForkedBooter.java:126)
	at org.apache.maven.surefire.booter.ForkedBooter.main(ForkedBooter.java:418)
</error>
    <system-out><![CDATA[2019-07-14 10:56:24,472 INFO  client.GrpcClientProtocolClient (GrpcClientProtocolClient.java:onNext(255)) - client-21E78743BBF0->41e22389-d6b0-478d-9070-56a3106463d4: receive RaftClientReply:client-21E78743BBF0->41e22389-d6b0-478d-9070-56a3106463d4@group-DFC950B5D6B8, cid=21, SUCCESS, logIndex=9, commits[41e22389-d6b0-478d-9070-56a3106463d4:c10, 1060c4c8-82a0-4b24-acfd-34a0a85a558b:c8, cf9ddd5b-0d8a-4db4-9e03-3942e5d9cdb2:c8]
2019-07-14 10:56:24,521 INFO  client.GrpcClientProtocolClient (GrpcClientProtocolClient.java:onNext(255)) - client-21E78743BBF0->41e22389-d6b0-478d-9070-56a3106463d4: receive RaftClientReply:client-21E78743BBF0->41e22389-d6b0-478d-9070-56a3106463d4@group-DFC950B5D6B8, cid=22, SUCCESS, logIndex=10, commits[41e22389-d6b0-478d-9070-56a3106463d4:c12, 1060c4c8-82a0-4b24-acfd-34a0a85a558b:c10, cf9ddd5b-0d8a-4db4-9e03-3942e5d9cdb2:c10]
2019-07-14 10:56:24,843 INFO  container.CloseContainerEventHandler (CloseContainerEventHandler.java:onMessage(61)) - Close container Event triggered for container : #3
2019-07-14 10:56:24,924 INFO  container.CloseContainerEventHandler (CloseContainerEventHandler.java:onMessage(61)) - Close container Event triggered for container : #3
2019-07-14 10:56:24,924 INFO  container.CloseContainerEventHandler (CloseContainerEventHandler.java:onMessage(61)) - Close container Event triggered for container : #3
2019-07-14 10:56:25,910 INFO  interfaces.Container (KeyValueContainer.java:compactDB(356)) - Container 3 is closed with bcsId 10.
2019-07-14 10:56:25,937 INFO  interfaces.Container (KeyValueContainer.java:compactDB(356)) - Container 3 is closed with bcsId 10.
2019-07-14 10:56:25,937 INFO  interfaces.Container (KeyValueContainer.java:compactDB(356)) - Container 3 is closed with bcsId 10.
10:56:26.353 [grpc-default-executor-1] ERROR DNAudit - user=null | ip=null | op=WRITE_CHUNK {blockData=conID: 3 locID: 102439438538244100 bcsId: 10} | ret=FAILURE
org.apache.hadoop.hdds.scm.container.common.helpers.ContainerNotOpenException: Container 3 in CLOSED state
	at org.apache.hadoop.ozone.container.common.impl.HddsDispatcher.validateContainerCommand(HddsDispatcher.java:408) ~[hadoop-hdds-container-service-0.5.0-SNAPSHOT.jar:?]
	at org.apache.hadoop.ozone.container.common.transport.server.ratis.ContainerStateMachine.startTransaction(ContainerStateMachine.java:272) ~[hadoop-hdds-container-service-0.5.0-SNAPSHOT.jar:?]
	at org.apache.ratis.server.impl.RaftServerImpl.submitClientRequestAsync(RaftServerImpl.java:566) ~[ratis-server-0.4.0-2337318-SNAPSHOT.jar:0.4.0-2337318-SNAPSHOT]
	at org.apache.ratis.server.impl.RaftServerProxy.lambda$submitClientRequestAsync$7(RaftServerProxy.java:333) ~[ratis-server-0.4.0-2337318-SNAPSHOT.jar:0.4.0-2337318-SNAPSHOT]
	at org.apache.ratis.server.impl.RaftServerProxy.lambda$null$5(RaftServerProxy.java:328) ~[ratis-server-0.4.0-2337318-SNAPSHOT.jar:0.4.0-2337318-SNAPSHOT]
	at org.apache.ratis.util.JavaUtils.callAsUnchecked(JavaUtils.java:109) ~[ratis-common-0.4.0-2337318-SNAPSHOT.jar:0.4.0-2337318-SNAPSHOT]
	at org.apache.ratis.server.impl.RaftServerProxy.lambda$submitRequest$6(RaftServerProxy.java:328) ~[ratis-server-0.4.0-2337318-SNAPSHOT.jar:0.4.0-2337318-SNAPSHOT]
	at java.util.concurrent.CompletableFuture.uniComposeStage(CompletableFuture.java:981) ~[?:1.8.0_212]
	at java.util.concurrent.CompletableFuture.thenCompose(CompletableFuture.java:2124) ~[?:1.8.0_212]
	at org.apache.ratis.server.impl.RaftServerProxy.submitRequest(RaftServerProxy.java:327) ~[ratis-server-0.4.0-2337318-SNAPSHOT.jar:0.4.0-2337318-SNAPSHOT]
	at org.apache.ratis.server.impl.RaftServerProxy.submitClientRequestAsync(RaftServerProxy.java:333) ~[ratis-server-0.4.0-2337318-SNAPSHOT.jar:0.4.0-2337318-SNAPSHOT]
	at org.apache.ratis.grpc.client.GrpcClientProtocolService$RequestStreamObserver.processClientRequest(GrpcClientProtocolService.java:220) ~[ratis-grpc-0.4.0-2337318-SNAPSHOT.jar:0.4.0-2337318-SNAPSHOT]
	at org.apache.ratis.grpc.client.GrpcClientProtocolService$OrderedRequestStreamObserver.processClientRequest(GrpcClientProtocolService.java:326) ~[ratis-grpc-0.4.0-2337318-SNAPSHOT.jar:0.4.0-2337318-SNAPSHOT]
	at org.apache.ratis.util.SlidingWindow$Server.processRequestsFromHead(SlidingWindow.java:429) [ratis-common-0.4.0-2337318-SNAPSHOT.jar:0.4.0-2337318-SNAPSHOT]
	at org.apache.ratis.util.SlidingWindow$Server.receivedRequest(SlidingWindow.java:421) [ratis-common-0.4.0-2337318-SNAPSHOT.jar:0.4.0-2337318-SNAPSHOT]
	at org.apache.ratis.grpc.client.GrpcClientProtocolService$OrderedRequestStreamObserver.processClientRequest(GrpcClientProtocolService.java:345) [ratis-grpc-0.4.0-2337318-SNAPSHOT.jar:0.4.0-2337318-SNAPSHOT]
	at org.apache.ratis.grpc.client.GrpcClientProtocolService$RequestStreamObserver.onNext(GrpcClientProtocolService.java:240) [ratis-grpc-0.4.0-2337318-SNAPSHOT.jar:0.4.0-2337318-SNAPSHOT]
	at org.apache.ratis.grpc.client.GrpcClientProtocolService$RequestStreamObserver.onNext(GrpcClientProtocolService.java:168) [ratis-grpc-0.4.0-2337318-SNAPSHOT.jar:0.4.0-2337318-SNAPSHOT]
	at org.apache.ratis.thirdparty.io.grpc.stub.ServerCalls$StreamingServerCallHandler$StreamingServerCallListener.onMessage(ServerCalls.java:248) [ratis-thirdparty-misc-0.2.0.jar:0.2.0]
	at org.apache.ratis.thirdparty.io.grpc.internal.ServerCallImpl$ServerStreamListenerImpl.messagesAvailable(ServerCallImpl.java:263) [ratis-thirdparty-misc-0.2.0.jar:0.2.0]
	at org.apache.ratis.thirdparty.io.grpc.internal.ServerImpl$JumpToApplicationThreadServerStreamListener$1MessagesAvailable.runInContext(ServerImpl.java:686) [ratis-thirdparty-misc-0.2.0.jar:0.2.0]
	at org.apache.ratis.thirdparty.io.grpc.internal.ContextRunnable.run(ContextRunnable.java:37) [ratis-thirdparty-misc-0.2.0.jar:0.2.0]
	at org.apache.ratis.thirdparty.io.grpc.internal.SerializingExecutor.run(SerializingExecutor.java:123) [ratis-thirdparty-misc-0.2.0.jar:0.2.0]
	at java.util.concurrent.ThreadPoolExecutor.runWorker(ThreadPoolExecutor.java:1149) [?:1.8.0_212]
	at java.util.concurrent.ThreadPoolExecutor$Worker.run(ThreadPoolExecutor.java:624) [?:1.8.0_212]
	at java.lang.Thread.run(Thread.java:748) [?:1.8.0_212]
10:56:26.363 [grpc-default-executor-1] ERROR DNAudit - user=null | ip=null | op=PUT_BLOCK {blockData=[blockId=conID: 3 locID: 102439438538244100 bcsId: 0,size=2097152]} | ret=FAILURE
org.apache.hadoop.hdds.scm.container.common.helpers.ContainerNotOpenException: Container 3 in CLOSED state
	at org.apache.hadoop.ozone.container.common.impl.HddsDispatcher.validateContainerCommand(HddsDispatcher.java:408) ~[hadoop-hdds-container-service-0.5.0-SNAPSHOT.jar:?]
	at org.apache.hadoop.ozone.container.common.transport.server.ratis.ContainerStateMachine.startTransaction(ContainerStateMachine.java:272) ~[hadoop-hdds-container-service-0.5.0-SNAPSHOT.jar:?]
	at org.apache.ratis.server.impl.RaftServerImpl.submitClientRequestAsync(RaftServerImpl.java:566) ~[ratis-server-0.4.0-2337318-SNAPSHOT.jar:0.4.0-2337318-SNAPSHOT]
	at org.apache.ratis.server.impl.RaftServerProxy.lambda$submitClientRequestAsync$7(RaftServerProxy.java:333) ~[ratis-server-0.4.0-2337318-SNAPSHOT.jar:0.4.0-2337318-SNAPSHOT]
	at org.apache.ratis.server.impl.RaftServerProxy.lambda$null$5(RaftServerProxy.java:328) ~[ratis-server-0.4.0-2337318-SNAPSHOT.jar:0.4.0-2337318-SNAPSHOT]
	at org.apache.ratis.util.JavaUtils.callAsUnchecked(JavaUtils.java:109) ~[ratis-common-0.4.0-2337318-SNAPSHOT.jar:0.4.0-2337318-SNAPSHOT]
	at org.apache.ratis.server.impl.RaftServerProxy.lambda$submitRequest$6(RaftServerProxy.java:328) ~[ratis-server-0.4.0-2337318-SNAPSHOT.jar:0.4.0-2337318-SNAPSHOT]
	at java.util.concurrent.CompletableFuture.uniComposeStage(CompletableFuture.java:981) ~[?:1.8.0_212]
	at java.util.concurrent.CompletableFuture.thenCompose(CompletableFuture.java:2124) ~[?:1.8.0_212]
	at org.apache.ratis.server.impl.RaftServerProxy.submitRequest(RaftServerProxy.java:327) ~[ratis-server-0.4.0-2337318-SNAPSHOT.jar:0.4.0-2337318-SNAPSHOT]
	at org.apache.ratis.server.impl.RaftServerProxy.submitClientRequestAsync(RaftServerProxy.java:333) ~[ratis-server-0.4.0-2337318-SNAPSHOT.jar:0.4.0-2337318-SNAPSHOT]
	at org.apache.ratis.grpc.client.GrpcClientProtocolService$RequestStreamObserver.processClientRequest(GrpcClientProtocolService.java:220) ~[ratis-grpc-0.4.0-2337318-SNAPSHOT.jar:0.4.0-2337318-SNAPSHOT]
	at org.apache.ratis.grpc.client.GrpcClientProtocolService$OrderedRequestStreamObserver.processClientRequest(GrpcClientProtocolService.java:326) ~[ratis-grpc-0.4.0-2337318-SNAPSHOT.jar:0.4.0-2337318-SNAPSHOT]
	at org.apache.ratis.util.SlidingWindow$Server.processRequestsFromHead(SlidingWindow.java:429) [ratis-common-0.4.0-2337318-SNAPSHOT.jar:0.4.0-2337318-SNAPSHOT]
	at org.apache.ratis.util.SlidingWindow$Server.receivedRequest(SlidingWindow.java:421) [ratis-common-0.4.0-2337318-SNAPSHOT.jar:0.4.0-2337318-SNAPSHOT]
	at org.apache.ratis.grpc.client.GrpcClientProtocolService$OrderedRequestStreamObserver.processClientRequest(GrpcClientProtocolService.java:345) [ratis-grpc-0.4.0-2337318-SNAPSHOT.jar:0.4.0-2337318-SNAPSHOT]
	at org.apache.ratis.grpc.client.GrpcClientProtocolService$RequestStreamObserver.onNext(GrpcClientProtocolService.java:240) [ratis-grpc-0.4.0-2337318-SNAPSHOT.jar:0.4.0-2337318-SNAPSHOT]
	at org.apache.ratis.grpc.client.GrpcClientProtocolService$RequestStreamObserver.onNext(GrpcClientProtocolService.java:168) [ratis-grpc-0.4.0-2337318-SNAPSHOT.jar:0.4.0-2337318-SNAPSHOT]
	at org.apache.ratis.thirdparty.io.grpc.stub.ServerCalls$StreamingServerCallHandler$StreamingServerCallListener.onMessage(ServerCalls.java:248) [ratis-thirdparty-misc-0.2.0.jar:0.2.0]
	at org.apache.ratis.thirdparty.io.grpc.internal.ServerCallImpl$ServerStreamListenerImpl.messagesAvailable(ServerCallImpl.java:263) [ratis-thirdparty-misc-0.2.0.jar:0.2.0]
	at org.apache.ratis.thirdparty.io.grpc.internal.ServerImpl$JumpToApplicationThreadServerStreamListener$1MessagesAvailable.runInContext(ServerImpl.java:686) [ratis-thirdparty-misc-0.2.0.jar:0.2.0]
	at org.apache.ratis.thirdparty.io.grpc.internal.ContextRunnable.run(ContextRunnable.java:37) [ratis-thirdparty-misc-0.2.0.jar:0.2.0]
	at org.apache.ratis.thirdparty.io.grpc.internal.SerializingExecutor.run(SerializingExecutor.java:123) [ratis-thirdparty-misc-0.2.0.jar:0.2.0]
	at java.util.concurrent.ThreadPoolExecutor.runWorker(ThreadPoolExecutor.java:1149) [?:1.8.0_212]
	at java.util.concurrent.ThreadPoolExecutor$Worker.run(ThreadPoolExecutor.java:624) [?:1.8.0_212]
	at java.lang.Thread.run(Thread.java:748) [?:1.8.0_212]
2019-07-14 10:56:26,365 INFO  client.GrpcClientProtocolClient (GrpcClientProtocolClient.java:onNext(255)) - client-21E78743BBF0->41e22389-d6b0-478d-9070-56a3106463d4: receive RaftClientReply:client-21E78743BBF0->41e22389-d6b0-478d-9070-56a3106463d4@group-DFC950B5D6B8, cid=23, FAILED org.apache.ratis.protocol.StateMachineException: org.apache.hadoop.hdds.scm.container.common.helpers.ContainerNotOpenException from Server 41e22389-d6b0-478d-9070-56a3106463d4: Container 3 in CLOSED state, logIndex=0, commits[41e22389-d6b0-478d-9070-56a3106463d4:c14, 1060c4c8-82a0-4b24-acfd-34a0a85a558b:c13, cf9ddd5b-0d8a-4db4-9e03-3942e5d9cdb2:c13]
2019-07-14 10:56:26,374 INFO  client.GrpcClientProtocolClient (GrpcClientProtocolClient.java:onNext(255)) - client-21E78743BBF0->41e22389-d6b0-478d-9070-56a3106463d4: receive RaftClientReply:client-21E78743BBF0->41e22389-d6b0-478d-9070-56a3106463d4@group-DFC950B5D6B8, cid=24, FAILED org.apache.ratis.protocol.StateMachineException: org.apache.hadoop.hdds.scm.container.common.helpers.ContainerNotOpenException from Server 41e22389-d6b0-478d-9070-56a3106463d4: Container 3 in CLOSED state, logIndex=0, commits[41e22389-d6b0-478d-9070-56a3106463d4:c14, 1060c4c8-82a0-4b24-acfd-34a0a85a558b:c13, cf9ddd5b-0d8a-4db4-9e03-3942e5d9cdb2:c13]
2019-07-14 10:56:26,553 INFO  client.GrpcClientProtocolClient (GrpcClientProtocolClient.java:onNext(255)) - client-525A5C50BBCE->d2ea99aa-e00d-49c2-bfb3-5f583ed448f8: receive RaftClientReply:client-525A5C50BBCE->d2ea99aa-e00d-49c2-bfb3-5f583ed448f8@group-43A156A46A73, cid=25, SUCCESS, logIndex=7, commits[d2ea99aa-e00d-49c2-bfb3-5f583ed448f8:c10, 19b02754-dda9-4f14-881a-2dac3900a1b7:c6, ead0de76-64f0-414f-9177-e4eb047cf253:c6]
2019-07-14 10:56:26,601 INFO  client.GrpcClientProtocolClient (GrpcClientProtocolClient.java:onNext(255)) - client-525A5C50BBCE->d2ea99aa-e00d-49c2-bfb3-5f583ed448f8: receive RaftClientReply:client-525A5C50BBCE->d2ea99aa-e00d-49c2-bfb3-5f583ed448f8@group-43A156A46A73, cid=26, SUCCESS, logIndex=8, commits[d2ea99aa-e00d-49c2-bfb3-5f583ed448f8:c13, 19b02754-dda9-4f14-881a-2dac3900a1b7:c10, ead0de76-64f0-414f-9177-e4eb047cf253:c10]
2019-07-14 10:56:26,604 INFO  client.GrpcClientProtocolClient (GrpcClientProtocolClient.java:onNext(255)) - client-525A5C50BBCE->d2ea99aa-e00d-49c2-bfb3-5f583ed448f8: receive RaftClientReply:client-525A5C50BBCE->d2ea99aa-e00d-49c2-bfb3-5f583ed448f8@group-43A156A46A73, cid=27, SUCCESS, logIndex=9, commits[d2ea99aa-e00d-49c2-bfb3-5f583ed448f8:c13, 19b02754-dda9-4f14-881a-2dac3900a1b7:c10, ead0de76-64f0-414f-9177-e4eb047cf253:c10]
2019-07-14 10:56:26,695 INFO  client.GrpcClientProtocolClient (GrpcClientProtocolClient.java:onNext(255)) - client-525A5C50BBCE->d2ea99aa-e00d-49c2-bfb3-5f583ed448f8: receive RaftClientReply:client-525A5C50BBCE->d2ea99aa-e00d-49c2-bfb3-5f583ed448f8@group-43A156A46A73, cid=28, SUCCESS, logIndex=10, commits[d2ea99aa-e00d-49c2-bfb3-5f583ed448f8:c13, 19b02754-dda9-4f14-881a-2dac3900a1b7:c10, ead0de76-64f0-414f-9177-e4eb047cf253:c10]
2019-07-14 10:56:26,741 INFO  pipeline.Pipeline (Pipeline.java:getProtobufMessage(195)) - Serialize pipeline PipelineID=5d60e7ab-2134-47e3-b583-43a156a46a73 with nodesInOrder{ }
]]></system-out>
  </testcase>
  <testcase name="testBlockWritesCloseConsistency" classname="org.apache.hadoop.ozone.client.rpc.TestCloseContainerHandlingByClient" time="2.783">
    <error type="java.lang.IllegalArgumentException">java.lang.IllegalArgumentException
	at com.google.common.base.Preconditions.checkArgument(Preconditions.java:72)
	at org.apache.hadoop.hdds.scm.XceiverClientManager.acquireClient(XceiverClientManager.java:150)
	at org.apache.hadoop.hdds.scm.XceiverClientManager.acquireClientForReadData(XceiverClientManager.java:143)
	at org.apache.hadoop.hdds.scm.storage.BlockInputStream.getChunkInfos(BlockInputStream.java:154)
	at org.apache.hadoop.hdds.scm.storage.BlockInputStream.initialize(BlockInputStream.java:118)
	at org.apache.hadoop.hdds.scm.storage.BlockInputStream.read(BlockInputStream.java:222)
	at org.apache.hadoop.ozone.client.io.KeyInputStream.read(KeyInputStream.java:171)
	at org.apache.hadoop.ozone.client.io.OzoneInputStream.read(OzoneInputStream.java:47)
	at java.io.InputStream.read(InputStream.java:101)
	at org.apache.hadoop.ozone.container.ContainerTestHelper.validateData(ContainerTestHelper.java:709)
	at org.apache.hadoop.ozone.client.rpc.TestCloseContainerHandlingByClient.validateData(TestCloseContainerHandlingByClient.java:401)
	at org.apache.hadoop.ozone.client.rpc.TestCloseContainerHandlingByClient.testBlockWritesCloseConsistency(TestCloseContainerHandlingByClient.java:178)
	at sun.reflect.NativeMethodAccessorImpl.invoke0(Native Method)
	at sun.reflect.NativeMethodAccessorImpl.invoke(NativeMethodAccessorImpl.java:62)
	at sun.reflect.DelegatingMethodAccessorImpl.invoke(DelegatingMethodAccessorImpl.java:43)
	at java.lang.reflect.Method.invoke(Method.java:498)
	at org.junit.runners.model.FrameworkMethod$1.runReflectiveCall(FrameworkMethod.java:47)
	at org.junit.internal.runners.model.ReflectiveCallable.run(ReflectiveCallable.java:12)
	at org.junit.runners.model.FrameworkMethod.invokeExplosively(FrameworkMethod.java:44)
	at org.junit.internal.runners.statements.InvokeMethod.evaluate(InvokeMethod.java:17)
	at org.junit.runners.ParentRunner.runLeaf(ParentRunner.java:271)
	at org.junit.runners.BlockJUnit4ClassRunner.runChild(BlockJUnit4ClassRunner.java:70)
	at org.junit.runners.BlockJUnit4ClassRunner.runChild(BlockJUnit4ClassRunner.java:50)
	at org.junit.runners.ParentRunner$3.run(ParentRunner.java:238)
	at org.junit.runners.ParentRunner$1.schedule(ParentRunner.java:63)
	at org.junit.runners.ParentRunner.runChildren(ParentRunner.java:236)
	at org.junit.runners.ParentRunner.access$000(ParentRunner.java:53)
	at org.junit.runners.ParentRunner$2.evaluate(ParentRunner.java:229)
	at org.junit.internal.runners.statements.RunBefores.evaluate(RunBefores.java:26)
	at org.junit.internal.runners.statements.RunAfters.evaluate(RunAfters.java:27)
	at org.junit.runners.ParentRunner.run(ParentRunner.java:309)
	at org.apache.maven.surefire.junit4.JUnit4Provider.execute(JUnit4Provider.java:365)
	at org.apache.maven.surefire.junit4.JUnit4Provider.executeWithRerun(JUnit4Provider.java:273)
	at org.apache.maven.surefire.junit4.JUnit4Provider.executeTestSet(JUnit4Provider.java:238)
	at org.apache.maven.surefire.junit4.JUnit4Provider.invoke(JUnit4Provider.java:159)
	at org.apache.maven.surefire.booter.ForkedBooter.invokeProviderInSameClassLoader(ForkedBooter.java:384)
	at org.apache.maven.surefire.booter.ForkedBooter.runSuitesInProcess(ForkedBooter.java:345)
	at org.apache.maven.surefire.booter.ForkedBooter.execute(ForkedBooter.java:126)
	at org.apache.maven.surefire.booter.ForkedBooter.main(ForkedBooter.java:418)
</error>
    <system-out><![CDATA[2019-07-14 10:56:26,896 INFO  client.GrpcClientProtocolClient (GrpcClientProtocolClient.java:onNext(255)) - client-525A5C50BBCE->d2ea99aa-e00d-49c2-bfb3-5f583ed448f8: receive RaftClientReply:client-525A5C50BBCE->d2ea99aa-e00d-49c2-bfb3-5f583ed448f8@group-43A156A46A73, cid=29, SUCCESS, logIndex=14, commits[d2ea99aa-e00d-49c2-bfb3-5f583ed448f8:c15, 19b02754-dda9-4f14-881a-2dac3900a1b7:c13, ead0de76-64f0-414f-9177-e4eb047cf253:c13]
2019-07-14 10:56:26,934 INFO  client.GrpcClientProtocolClient (GrpcClientProtocolClient.java:onNext(255)) - client-525A5C50BBCE->d2ea99aa-e00d-49c2-bfb3-5f583ed448f8: receive RaftClientReply:client-525A5C50BBCE->d2ea99aa-e00d-49c2-bfb3-5f583ed448f8@group-43A156A46A73, cid=30, SUCCESS, logIndex=15, commits[d2ea99aa-e00d-49c2-bfb3-5f583ed448f8:c17, 19b02754-dda9-4f14-881a-2dac3900a1b7:c15, ead0de76-64f0-414f-9177-e4eb047cf253:c15]
2019-07-14 10:56:27,292 INFO  container.CloseContainerEventHandler (CloseContainerEventHandler.java:onMessage(61)) - Close container Event triggered for container : #5
2019-07-14 10:56:27,292 INFO  container.CloseContainerEventHandler (CloseContainerEventHandler.java:onMessage(61)) - Close container Event triggered for container : #5
2019-07-14 10:56:27,293 INFO  container.CloseContainerEventHandler (CloseContainerEventHandler.java:onMessage(61)) - Close container Event triggered for container : #5
2019-07-14 10:56:28,927 INFO  interfaces.Container (KeyValueContainer.java:compactDB(356)) - Container 5 is closed with bcsId 15.
2019-07-14 10:56:28,946 INFO  interfaces.Container (KeyValueContainer.java:compactDB(356)) - Container 5 is closed with bcsId 15.
2019-07-14 10:56:28,949 INFO  interfaces.Container (KeyValueContainer.java:compactDB(356)) - Container 5 is closed with bcsId 15.
10:56:29.297 [grpc-default-executor-3] ERROR DNAudit - user=null | ip=null | op=WRITE_CHUNK {blockData=conID: 5 locID: 102439438698676231 bcsId: 15} | ret=FAILURE
org.apache.hadoop.hdds.scm.container.common.helpers.ContainerNotOpenException: Container 5 in CLOSED state
	at org.apache.hadoop.ozone.container.common.impl.HddsDispatcher.validateContainerCommand(HddsDispatcher.java:408) ~[hadoop-hdds-container-service-0.5.0-SNAPSHOT.jar:?]
	at org.apache.hadoop.ozone.container.common.transport.server.ratis.ContainerStateMachine.startTransaction(ContainerStateMachine.java:272) ~[hadoop-hdds-container-service-0.5.0-SNAPSHOT.jar:?]
	at org.apache.ratis.server.impl.RaftServerImpl.submitClientRequestAsync(RaftServerImpl.java:566) ~[ratis-server-0.4.0-2337318-SNAPSHOT.jar:0.4.0-2337318-SNAPSHOT]
	at org.apache.ratis.server.impl.RaftServerProxy.lambda$submitClientRequestAsync$7(RaftServerProxy.java:333) ~[ratis-server-0.4.0-2337318-SNAPSHOT.jar:0.4.0-2337318-SNAPSHOT]
	at org.apache.ratis.server.impl.RaftServerProxy.lambda$null$5(RaftServerProxy.java:328) ~[ratis-server-0.4.0-2337318-SNAPSHOT.jar:0.4.0-2337318-SNAPSHOT]
	at org.apache.ratis.util.JavaUtils.callAsUnchecked(JavaUtils.java:109) ~[ratis-common-0.4.0-2337318-SNAPSHOT.jar:0.4.0-2337318-SNAPSHOT]
	at org.apache.ratis.server.impl.RaftServerProxy.lambda$submitRequest$6(RaftServerProxy.java:328) ~[ratis-server-0.4.0-2337318-SNAPSHOT.jar:0.4.0-2337318-SNAPSHOT]
	at java.util.concurrent.CompletableFuture.uniComposeStage(CompletableFuture.java:981) ~[?:1.8.0_212]
	at java.util.concurrent.CompletableFuture.thenCompose(CompletableFuture.java:2124) ~[?:1.8.0_212]
	at org.apache.ratis.server.impl.RaftServerProxy.submitRequest(RaftServerProxy.java:327) ~[ratis-server-0.4.0-2337318-SNAPSHOT.jar:0.4.0-2337318-SNAPSHOT]
	at org.apache.ratis.server.impl.RaftServerProxy.submitClientRequestAsync(RaftServerProxy.java:333) ~[ratis-server-0.4.0-2337318-SNAPSHOT.jar:0.4.0-2337318-SNAPSHOT]
	at org.apache.ratis.grpc.client.GrpcClientProtocolService$RequestStreamObserver.processClientRequest(GrpcClientProtocolService.java:220) ~[ratis-grpc-0.4.0-2337318-SNAPSHOT.jar:0.4.0-2337318-SNAPSHOT]
	at org.apache.ratis.grpc.client.GrpcClientProtocolService$OrderedRequestStreamObserver.processClientRequest(GrpcClientProtocolService.java:326) ~[ratis-grpc-0.4.0-2337318-SNAPSHOT.jar:0.4.0-2337318-SNAPSHOT]
	at org.apache.ratis.util.SlidingWindow$Server.processRequestsFromHead(SlidingWindow.java:429) [ratis-common-0.4.0-2337318-SNAPSHOT.jar:0.4.0-2337318-SNAPSHOT]
	at org.apache.ratis.util.SlidingWindow$Server.receivedRequest(SlidingWindow.java:421) [ratis-common-0.4.0-2337318-SNAPSHOT.jar:0.4.0-2337318-SNAPSHOT]
	at org.apache.ratis.grpc.client.GrpcClientProtocolService$OrderedRequestStreamObserver.processClientRequest(GrpcClientProtocolService.java:345) [ratis-grpc-0.4.0-2337318-SNAPSHOT.jar:0.4.0-2337318-SNAPSHOT]
	at org.apache.ratis.grpc.client.GrpcClientProtocolService$RequestStreamObserver.onNext(GrpcClientProtocolService.java:240) [ratis-grpc-0.4.0-2337318-SNAPSHOT.jar:0.4.0-2337318-SNAPSHOT]
	at org.apache.ratis.grpc.client.GrpcClientProtocolService$RequestStreamObserver.onNext(GrpcClientProtocolService.java:168) [ratis-grpc-0.4.0-2337318-SNAPSHOT.jar:0.4.0-2337318-SNAPSHOT]
	at org.apache.ratis.thirdparty.io.grpc.stub.ServerCalls$StreamingServerCallHandler$StreamingServerCallListener.onMessage(ServerCalls.java:248) [ratis-thirdparty-misc-0.2.0.jar:0.2.0]
	at org.apache.ratis.thirdparty.io.grpc.internal.ServerCallImpl$ServerStreamListenerImpl.messagesAvailable(ServerCallImpl.java:263) [ratis-thirdparty-misc-0.2.0.jar:0.2.0]
	at org.apache.ratis.thirdparty.io.grpc.internal.ServerImpl$JumpToApplicationThreadServerStreamListener$1MessagesAvailable.runInContext(ServerImpl.java:686) [ratis-thirdparty-misc-0.2.0.jar:0.2.0]
	at org.apache.ratis.thirdparty.io.grpc.internal.ContextRunnable.run(ContextRunnable.java:37) [ratis-thirdparty-misc-0.2.0.jar:0.2.0]
	at org.apache.ratis.thirdparty.io.grpc.internal.SerializingExecutor.run(SerializingExecutor.java:123) [ratis-thirdparty-misc-0.2.0.jar:0.2.0]
	at java.util.concurrent.ThreadPoolExecutor.runWorker(ThreadPoolExecutor.java:1149) [?:1.8.0_212]
	at java.util.concurrent.ThreadPoolExecutor$Worker.run(ThreadPoolExecutor.java:624) [?:1.8.0_212]
	at java.lang.Thread.run(Thread.java:748) [?:1.8.0_212]
10:56:29.311 [grpc-default-executor-3] ERROR DNAudit - user=null | ip=null | op=PUT_BLOCK {blockData=[blockId=conID: 5 locID: 102439438698676231 bcsId: 0,size=1572864]} | ret=FAILURE
org.apache.hadoop.hdds.scm.container.common.helpers.ContainerNotOpenException: Container 5 in CLOSED state
	at org.apache.hadoop.ozone.container.common.impl.HddsDispatcher.validateContainerCommand(HddsDispatcher.java:408) ~[hadoop-hdds-container-service-0.5.0-SNAPSHOT.jar:?]
	at org.apache.hadoop.ozone.container.common.transport.server.ratis.ContainerStateMachine.startTransaction(ContainerStateMachine.java:272) ~[hadoop-hdds-container-service-0.5.0-SNAPSHOT.jar:?]
	at org.apache.ratis.server.impl.RaftServerImpl.submitClientRequestAsync(RaftServerImpl.java:566) ~[ratis-server-0.4.0-2337318-SNAPSHOT.jar:0.4.0-2337318-SNAPSHOT]
	at org.apache.ratis.server.impl.RaftServerProxy.lambda$submitClientRequestAsync$7(RaftServerProxy.java:333) ~[ratis-server-0.4.0-2337318-SNAPSHOT.jar:0.4.0-2337318-SNAPSHOT]
	at org.apache.ratis.server.impl.RaftServerProxy.lambda$null$5(RaftServerProxy.java:328) ~[ratis-server-0.4.0-2337318-SNAPSHOT.jar:0.4.0-2337318-SNAPSHOT]
	at org.apache.ratis.util.JavaUtils.callAsUnchecked(JavaUtils.java:109) ~[ratis-common-0.4.0-2337318-SNAPSHOT.jar:0.4.0-2337318-SNAPSHOT]
	at org.apache.ratis.server.impl.RaftServerProxy.lambda$submitRequest$6(RaftServerProxy.java:328) ~[ratis-server-0.4.0-2337318-SNAPSHOT.jar:0.4.0-2337318-SNAPSHOT]
	at java.util.concurrent.CompletableFuture.uniComposeStage(CompletableFuture.java:981) ~[?:1.8.0_212]
	at java.util.concurrent.CompletableFuture.thenCompose(CompletableFuture.java:2124) ~[?:1.8.0_212]
	at org.apache.ratis.server.impl.RaftServerProxy.submitRequest(RaftServerProxy.java:327) ~[ratis-server-0.4.0-2337318-SNAPSHOT.jar:0.4.0-2337318-SNAPSHOT]
	at org.apache.ratis.server.impl.RaftServerProxy.submitClientRequestAsync(RaftServerProxy.java:333) ~[ratis-server-0.4.0-2337318-SNAPSHOT.jar:0.4.0-2337318-SNAPSHOT]
	at org.apache.ratis.grpc.client.GrpcClientProtocolService$RequestStreamObserver.processClientRequest(GrpcClientProtocolService.java:220) ~[ratis-grpc-0.4.0-2337318-SNAPSHOT.jar:0.4.0-2337318-SNAPSHOT]
	at org.apache.ratis.grpc.client.GrpcClientProtocolService$OrderedRequestStreamObserver.processClientRequest(GrpcClientProtocolService.java:326) ~[ratis-grpc-0.4.0-2337318-SNAPSHOT.jar:0.4.0-2337318-SNAPSHOT]
	at org.apache.ratis.util.SlidingWindow$Server.processRequestsFromHead(SlidingWindow.java:429) [ratis-common-0.4.0-2337318-SNAPSHOT.jar:0.4.0-2337318-SNAPSHOT]
	at org.apache.ratis.util.SlidingWindow$Server.receivedRequest(SlidingWindow.java:421) [ratis-common-0.4.0-2337318-SNAPSHOT.jar:0.4.0-2337318-SNAPSHOT]
	at org.apache.ratis.grpc.client.GrpcClientProtocolService$OrderedRequestStreamObserver.processClientRequest(GrpcClientProtocolService.java:345) [ratis-grpc-0.4.0-2337318-SNAPSHOT.jar:0.4.0-2337318-SNAPSHOT]
	at org.apache.ratis.grpc.client.GrpcClientProtocolService$RequestStreamObserver.onNext(GrpcClientProtocolService.java:240) [ratis-grpc-0.4.0-2337318-SNAPSHOT.jar:0.4.0-2337318-SNAPSHOT]
	at org.apache.ratis.grpc.client.GrpcClientProtocolService$RequestStreamObserver.onNext(GrpcClientProtocolService.java:168) [ratis-grpc-0.4.0-2337318-SNAPSHOT.jar:0.4.0-2337318-SNAPSHOT]
	at org.apache.ratis.thirdparty.io.grpc.stub.ServerCalls$StreamingServerCallHandler$StreamingServerCallListener.onMessage(ServerCalls.java:248) [ratis-thirdparty-misc-0.2.0.jar:0.2.0]
	at org.apache.ratis.thirdparty.io.grpc.internal.ServerCallImpl$ServerStreamListenerImpl.messagesAvailable(ServerCallImpl.java:263) [ratis-thirdparty-misc-0.2.0.jar:0.2.0]
	at org.apache.ratis.thirdparty.io.grpc.internal.ServerImpl$JumpToApplicationThreadServerStreamListener$1MessagesAvailable.runInContext(ServerImpl.java:686) [ratis-thirdparty-misc-0.2.0.jar:0.2.0]
	at org.apache.ratis.thirdparty.io.grpc.internal.ContextRunnable.run(ContextRunnable.java:37) [ratis-thirdparty-misc-0.2.0.jar:0.2.0]
	at org.apache.ratis.thirdparty.io.grpc.internal.SerializingExecutor.run(SerializingExecutor.java:123) [ratis-thirdparty-misc-0.2.0.jar:0.2.0]
	at java.util.concurrent.ThreadPoolExecutor.runWorker(ThreadPoolExecutor.java:1149) [?:1.8.0_212]
	at java.util.concurrent.ThreadPoolExecutor$Worker.run(ThreadPoolExecutor.java:624) [?:1.8.0_212]
	at java.lang.Thread.run(Thread.java:748) [?:1.8.0_212]
2019-07-14 10:56:29,312 INFO  client.GrpcClientProtocolClient (GrpcClientProtocolClient.java:onNext(255)) - client-525A5C50BBCE->d2ea99aa-e00d-49c2-bfb3-5f583ed448f8: receive RaftClientReply:client-525A5C50BBCE->d2ea99aa-e00d-49c2-bfb3-5f583ed448f8@group-43A156A46A73, cid=31, FAILED org.apache.ratis.protocol.StateMachineException: org.apache.hadoop.hdds.scm.container.common.helpers.ContainerNotOpenException from Server d2ea99aa-e00d-49c2-bfb3-5f583ed448f8: Container 5 in CLOSED state, logIndex=0, commits[d2ea99aa-e00d-49c2-bfb3-5f583ed448f8:c19, 19b02754-dda9-4f14-881a-2dac3900a1b7:c18, ead0de76-64f0-414f-9177-e4eb047cf253:c18]
2019-07-14 10:56:29,324 INFO  client.GrpcClientProtocolClient (GrpcClientProtocolClient.java:onNext(255)) - client-525A5C50BBCE->d2ea99aa-e00d-49c2-bfb3-5f583ed448f8: receive RaftClientReply:client-525A5C50BBCE->d2ea99aa-e00d-49c2-bfb3-5f583ed448f8@group-43A156A46A73, cid=32, FAILED org.apache.ratis.protocol.StateMachineException: org.apache.hadoop.hdds.scm.container.common.helpers.ContainerNotOpenException from Server d2ea99aa-e00d-49c2-bfb3-5f583ed448f8: Container 5 in CLOSED state, logIndex=0, commits[d2ea99aa-e00d-49c2-bfb3-5f583ed448f8:c19, 19b02754-dda9-4f14-881a-2dac3900a1b7:c18, ead0de76-64f0-414f-9177-e4eb047cf253:c18]
2019-07-14 10:56:29,454 INFO  client.GrpcClientProtocolClient (GrpcClientProtocolClient.java:onNext(255)) - client-21E78743BBF0->41e22389-d6b0-478d-9070-56a3106463d4: receive RaftClientReply:client-21E78743BBF0->41e22389-d6b0-478d-9070-56a3106463d4@group-DFC950B5D6B8, cid=33, SUCCESS, logIndex=15, commits[41e22389-d6b0-478d-9070-56a3106463d4:c16, 1060c4c8-82a0-4b24-acfd-34a0a85a558b:c14, cf9ddd5b-0d8a-4db4-9e03-3942e5d9cdb2:c14]
2019-07-14 10:56:29,499 INFO  client.GrpcClientProtocolClient (GrpcClientProtocolClient.java:onNext(255)) - client-21E78743BBF0->41e22389-d6b0-478d-9070-56a3106463d4: receive RaftClientReply:client-21E78743BBF0->41e22389-d6b0-478d-9070-56a3106463d4@group-DFC950B5D6B8, cid=34, SUCCESS, logIndex=16, commits[41e22389-d6b0-478d-9070-56a3106463d4:c18, 1060c4c8-82a0-4b24-acfd-34a0a85a558b:c16, cf9ddd5b-0d8a-4db4-9e03-3942e5d9cdb2:c16]
2019-07-14 10:56:29,524 INFO  pipeline.Pipeline (Pipeline.java:getProtobufMessage(195)) - Serialize pipeline PipelineID=53e8d22f-059e-4b03-8fff-dfc950b5d6b8 with nodesInOrder{ }
2019-07-14 10:56:29,529 INFO  pipeline.Pipeline (Pipeline.java:build(342)) - Deserialize nodesInOrder [1060c4c8-82a0-4b24-acfd-34a0a85a558b{ip: 192.168.157.209, host: trunk-nightly-fxmrv-2540794721, networkLocation: /default-rack, certSerialId: null}, 1060c4c8-82a0-4b24-acfd-34a0a85a558b{ip: 192.168.157.209, host: trunk-nightly-fxmrv-2540794721, networkLocation: /default-rack, certSerialId: null}, 1060c4c8-82a0-4b24-acfd-34a0a85a558b{ip: 192.168.157.209, host: trunk-nightly-fxmrv-2540794721, networkLocation: /default-rack, certSerialId: null}] in pipeline PipelineID=53e8d22f-059e-4b03-8fff-dfc950b5d6b8
]]></system-out>
  </testcase>
  <testcase name="testMultiBlockWrites" classname="org.apache.hadoop.ozone.client.rpc.TestCloseContainerHandlingByClient" time="3.492"/>
  <testcase name="testBlockWrites" classname="org.apache.hadoop.ozone.client.rpc.TestCloseContainerHandlingByClient" time="2.856">
    <error type="java.lang.IllegalArgumentException">java.lang.IllegalArgumentException
	at com.google.common.base.Preconditions.checkArgument(Preconditions.java:72)
	at org.apache.hadoop.hdds.scm.XceiverClientManager.acquireClient(XceiverClientManager.java:150)
	at org.apache.hadoop.hdds.scm.XceiverClientManager.acquireClientForReadData(XceiverClientManager.java:143)
	at org.apache.hadoop.hdds.scm.storage.BlockInputStream.getChunkInfos(BlockInputStream.java:154)
	at org.apache.hadoop.hdds.scm.storage.BlockInputStream.initialize(BlockInputStream.java:118)
	at org.apache.hadoop.hdds.scm.storage.BlockInputStream.read(BlockInputStream.java:222)
	at org.apache.hadoop.ozone.client.io.KeyInputStream.read(KeyInputStream.java:171)
	at org.apache.hadoop.ozone.client.io.OzoneInputStream.read(OzoneInputStream.java:47)
	at java.io.InputStream.read(InputStream.java:101)
	at org.apache.hadoop.ozone.container.ContainerTestHelper.validateData(ContainerTestHelper.java:709)
	at org.apache.hadoop.ozone.client.rpc.TestCloseContainerHandlingByClient.validateData(TestCloseContainerHandlingByClient.java:401)
	at org.apache.hadoop.ozone.client.rpc.TestCloseContainerHandlingByClient.testBlockWrites(TestCloseContainerHandlingByClient.java:471)
	at sun.reflect.NativeMethodAccessorImpl.invoke0(Native Method)
	at sun.reflect.NativeMethodAccessorImpl.invoke(NativeMethodAccessorImpl.java:62)
	at sun.reflect.DelegatingMethodAccessorImpl.invoke(DelegatingMethodAccessorImpl.java:43)
	at java.lang.reflect.Method.invoke(Method.java:498)
	at org.junit.runners.model.FrameworkMethod$1.runReflectiveCall(FrameworkMethod.java:47)
	at org.junit.internal.runners.model.ReflectiveCallable.run(ReflectiveCallable.java:12)
	at org.junit.runners.model.FrameworkMethod.invokeExplosively(FrameworkMethod.java:44)
	at org.junit.internal.runners.statements.InvokeMethod.evaluate(InvokeMethod.java:17)
	at org.junit.runners.ParentRunner.runLeaf(ParentRunner.java:271)
	at org.junit.runners.BlockJUnit4ClassRunner.runChild(BlockJUnit4ClassRunner.java:70)
	at org.junit.runners.BlockJUnit4ClassRunner.runChild(BlockJUnit4ClassRunner.java:50)
	at org.junit.runners.ParentRunner$3.run(ParentRunner.java:238)
	at org.junit.runners.ParentRunner$1.schedule(ParentRunner.java:63)
	at org.junit.runners.ParentRunner.runChildren(ParentRunner.java:236)
	at org.junit.runners.ParentRunner.access$000(ParentRunner.java:53)
	at org.junit.runners.ParentRunner$2.evaluate(ParentRunner.java:229)
	at org.junit.internal.runners.statements.RunBefores.evaluate(RunBefores.java:26)
	at org.junit.internal.runners.statements.RunAfters.evaluate(RunAfters.java:27)
	at org.junit.runners.ParentRunner.run(ParentRunner.java:309)
	at org.apache.maven.surefire.junit4.JUnit4Provider.execute(JUnit4Provider.java:365)
	at org.apache.maven.surefire.junit4.JUnit4Provider.executeWithRerun(JUnit4Provider.java:273)
	at org.apache.maven.surefire.junit4.JUnit4Provider.executeTestSet(JUnit4Provider.java:238)
	at org.apache.maven.surefire.junit4.JUnit4Provider.invoke(JUnit4Provider.java:159)
	at org.apache.maven.surefire.booter.ForkedBooter.invokeProviderInSameClassLoader(ForkedBooter.java:384)
	at org.apache.maven.surefire.booter.ForkedBooter.runSuitesInProcess(ForkedBooter.java:345)
	at org.apache.maven.surefire.booter.ForkedBooter.execute(ForkedBooter.java:126)
	at org.apache.maven.surefire.booter.ForkedBooter.main(ForkedBooter.java:418)
</error>
    <system-out><![CDATA[2019-07-14 10:56:33,177 INFO  client.GrpcClientProtocolClient (GrpcClientProtocolClient.java:onNext(255)) - client-21E78743BBF0->41e22389-d6b0-478d-9070-56a3106463d4: receive RaftClientReply:client-21E78743BBF0->41e22389-d6b0-478d-9070-56a3106463d4@group-DFC950B5D6B8, cid=74, SUCCESS, logIndex=19, commits[41e22389-d6b0-478d-9070-56a3106463d4:c22, 1060c4c8-82a0-4b24-acfd-34a0a85a558b:c18, cf9ddd5b-0d8a-4db4-9e03-3942e5d9cdb2:c18]
2019-07-14 10:56:33,219 INFO  client.GrpcClientProtocolClient (GrpcClientProtocolClient.java:onNext(255)) - client-21E78743BBF0->41e22389-d6b0-478d-9070-56a3106463d4: receive RaftClientReply:client-21E78743BBF0->41e22389-d6b0-478d-9070-56a3106463d4@group-DFC950B5D6B8, cid=75, SUCCESS, logIndex=20, commits[41e22389-d6b0-478d-9070-56a3106463d4:c25, 1060c4c8-82a0-4b24-acfd-34a0a85a558b:c22, cf9ddd5b-0d8a-4db4-9e03-3942e5d9cdb2:c22]
2019-07-14 10:56:33,219 INFO  client.GrpcClientProtocolClient (GrpcClientProtocolClient.java:onNext(255)) - client-21E78743BBF0->41e22389-d6b0-478d-9070-56a3106463d4: receive RaftClientReply:client-21E78743BBF0->41e22389-d6b0-478d-9070-56a3106463d4@group-DFC950B5D6B8, cid=76, SUCCESS, logIndex=21, commits[41e22389-d6b0-478d-9070-56a3106463d4:c25, 1060c4c8-82a0-4b24-acfd-34a0a85a558b:c22, cf9ddd5b-0d8a-4db4-9e03-3942e5d9cdb2:c22]
2019-07-14 10:56:33,313 INFO  client.GrpcClientProtocolClient (GrpcClientProtocolClient.java:onNext(255)) - client-21E78743BBF0->41e22389-d6b0-478d-9070-56a3106463d4: receive RaftClientReply:client-21E78743BBF0->41e22389-d6b0-478d-9070-56a3106463d4@group-DFC950B5D6B8, cid=77, SUCCESS, logIndex=22, commits[41e22389-d6b0-478d-9070-56a3106463d4:c25, 1060c4c8-82a0-4b24-acfd-34a0a85a558b:c22, cf9ddd5b-0d8a-4db4-9e03-3942e5d9cdb2:c22]
2019-07-14 10:56:33,314 INFO  container.CloseContainerEventHandler (CloseContainerEventHandler.java:onMessage(61)) - Close container Event triggered for container : #10
2019-07-14 10:56:33,315 INFO  container.CloseContainerEventHandler (CloseContainerEventHandler.java:onMessage(61)) - Close container Event triggered for container : #10
2019-07-14 10:56:33,315 INFO  container.CloseContainerEventHandler (CloseContainerEventHandler.java:onMessage(61)) - Close container Event triggered for container : #10
2019-07-14 10:56:35,230 INFO  interfaces.Container (KeyValueContainer.java:compactDB(356)) - Container 10 is closed with bcsId 22.
2019-07-14 10:56:35,249 INFO  interfaces.Container (KeyValueContainer.java:compactDB(356)) - Container 10 is closed with bcsId 22.
2019-07-14 10:56:35,252 INFO  interfaces.Container (KeyValueContainer.java:compactDB(356)) - Container 10 is closed with bcsId 22.
10:56:35.371 [grpc-default-executor-0] ERROR DNAudit - user=null | ip=null | op=WRITE_CHUNK {blockData=conID: 10 locID: 102439439110045711 bcsId: 22} | ret=FAILURE
org.apache.hadoop.hdds.scm.container.common.helpers.ContainerNotOpenException: Container 10 in CLOSED state
	at org.apache.hadoop.ozone.container.common.impl.HddsDispatcher.validateContainerCommand(HddsDispatcher.java:408) ~[hadoop-hdds-container-service-0.5.0-SNAPSHOT.jar:?]
	at org.apache.hadoop.ozone.container.common.transport.server.ratis.ContainerStateMachine.startTransaction(ContainerStateMachine.java:272) ~[hadoop-hdds-container-service-0.5.0-SNAPSHOT.jar:?]
	at org.apache.ratis.server.impl.RaftServerImpl.submitClientRequestAsync(RaftServerImpl.java:566) ~[ratis-server-0.4.0-2337318-SNAPSHOT.jar:0.4.0-2337318-SNAPSHOT]
	at org.apache.ratis.server.impl.RaftServerProxy.lambda$submitClientRequestAsync$7(RaftServerProxy.java:333) ~[ratis-server-0.4.0-2337318-SNAPSHOT.jar:0.4.0-2337318-SNAPSHOT]
	at org.apache.ratis.server.impl.RaftServerProxy.lambda$null$5(RaftServerProxy.java:328) ~[ratis-server-0.4.0-2337318-SNAPSHOT.jar:0.4.0-2337318-SNAPSHOT]
	at org.apache.ratis.util.JavaUtils.callAsUnchecked(JavaUtils.java:109) ~[ratis-common-0.4.0-2337318-SNAPSHOT.jar:0.4.0-2337318-SNAPSHOT]
	at org.apache.ratis.server.impl.RaftServerProxy.lambda$submitRequest$6(RaftServerProxy.java:328) ~[ratis-server-0.4.0-2337318-SNAPSHOT.jar:0.4.0-2337318-SNAPSHOT]
	at java.util.concurrent.CompletableFuture.uniComposeStage(CompletableFuture.java:981) ~[?:1.8.0_212]
	at java.util.concurrent.CompletableFuture.thenCompose(CompletableFuture.java:2124) ~[?:1.8.0_212]
	at org.apache.ratis.server.impl.RaftServerProxy.submitRequest(RaftServerProxy.java:327) ~[ratis-server-0.4.0-2337318-SNAPSHOT.jar:0.4.0-2337318-SNAPSHOT]
	at org.apache.ratis.server.impl.RaftServerProxy.submitClientRequestAsync(RaftServerProxy.java:333) ~[ratis-server-0.4.0-2337318-SNAPSHOT.jar:0.4.0-2337318-SNAPSHOT]
	at org.apache.ratis.grpc.client.GrpcClientProtocolService$RequestStreamObserver.processClientRequest(GrpcClientProtocolService.java:220) ~[ratis-grpc-0.4.0-2337318-SNAPSHOT.jar:0.4.0-2337318-SNAPSHOT]
	at org.apache.ratis.grpc.client.GrpcClientProtocolService$OrderedRequestStreamObserver.processClientRequest(GrpcClientProtocolService.java:326) ~[ratis-grpc-0.4.0-2337318-SNAPSHOT.jar:0.4.0-2337318-SNAPSHOT]
	at org.apache.ratis.util.SlidingWindow$Server.processRequestsFromHead(SlidingWindow.java:429) [ratis-common-0.4.0-2337318-SNAPSHOT.jar:0.4.0-2337318-SNAPSHOT]
	at org.apache.ratis.util.SlidingWindow$Server.receivedRequest(SlidingWindow.java:421) [ratis-common-0.4.0-2337318-SNAPSHOT.jar:0.4.0-2337318-SNAPSHOT]
	at org.apache.ratis.grpc.client.GrpcClientProtocolService$OrderedRequestStreamObserver.processClientRequest(GrpcClientProtocolService.java:345) [ratis-grpc-0.4.0-2337318-SNAPSHOT.jar:0.4.0-2337318-SNAPSHOT]
	at org.apache.ratis.grpc.client.GrpcClientProtocolService$RequestStreamObserver.onNext(GrpcClientProtocolService.java:240) [ratis-grpc-0.4.0-2337318-SNAPSHOT.jar:0.4.0-2337318-SNAPSHOT]
	at org.apache.ratis.grpc.client.GrpcClientProtocolService$RequestStreamObserver.onNext(GrpcClientProtocolService.java:168) [ratis-grpc-0.4.0-2337318-SNAPSHOT.jar:0.4.0-2337318-SNAPSHOT]
	at org.apache.ratis.thirdparty.io.grpc.stub.ServerCalls$StreamingServerCallHandler$StreamingServerCallListener.onMessage(ServerCalls.java:248) [ratis-thirdparty-misc-0.2.0.jar:0.2.0]
	at org.apache.ratis.thirdparty.io.grpc.internal.ServerCallImpl$ServerStreamListenerImpl.messagesAvailable(ServerCallImpl.java:263) [ratis-thirdparty-misc-0.2.0.jar:0.2.0]
	at org.apache.ratis.thirdparty.io.grpc.internal.ServerImpl$JumpToApplicationThreadServerStreamListener$1MessagesAvailable.runInContext(ServerImpl.java:686) [ratis-thirdparty-misc-0.2.0.jar:0.2.0]
	at org.apache.ratis.thirdparty.io.grpc.internal.ContextRunnable.run(ContextRunnable.java:37) [ratis-thirdparty-misc-0.2.0.jar:0.2.0]
	at org.apache.ratis.thirdparty.io.grpc.internal.SerializingExecutor.run(SerializingExecutor.java:123) [ratis-thirdparty-misc-0.2.0.jar:0.2.0]
	at java.util.concurrent.ThreadPoolExecutor.runWorker(ThreadPoolExecutor.java:1149) [?:1.8.0_212]
	at java.util.concurrent.ThreadPoolExecutor$Worker.run(ThreadPoolExecutor.java:624) [?:1.8.0_212]
	at java.lang.Thread.run(Thread.java:748) [?:1.8.0_212]
10:56:35.381 [grpc-default-executor-0] ERROR DNAudit - user=null | ip=null | op=PUT_BLOCK {blockData=[blockId=conID: 10 locID: 102439439110045711 bcsId: 0,size=3145728]} | ret=FAILURE
org.apache.hadoop.hdds.scm.container.common.helpers.ContainerNotOpenException: Container 10 in CLOSED state
	at org.apache.hadoop.ozone.container.common.impl.HddsDispatcher.validateContainerCommand(HddsDispatcher.java:408) ~[hadoop-hdds-container-service-0.5.0-SNAPSHOT.jar:?]
	at org.apache.hadoop.ozone.container.common.transport.server.ratis.ContainerStateMachine.startTransaction(ContainerStateMachine.java:272) ~[hadoop-hdds-container-service-0.5.0-SNAPSHOT.jar:?]
	at org.apache.ratis.server.impl.RaftServerImpl.submitClientRequestAsync(RaftServerImpl.java:566) ~[ratis-server-0.4.0-2337318-SNAPSHOT.jar:0.4.0-2337318-SNAPSHOT]
	at org.apache.ratis.server.impl.RaftServerProxy.lambda$submitClientRequestAsync$7(RaftServerProxy.java:333) ~[ratis-server-0.4.0-2337318-SNAPSHOT.jar:0.4.0-2337318-SNAPSHOT]
	at org.apache.ratis.server.impl.RaftServerProxy.lambda$null$5(RaftServerProxy.java:328) ~[ratis-server-0.4.0-2337318-SNAPSHOT.jar:0.4.0-2337318-SNAPSHOT]
	at org.apache.ratis.util.JavaUtils.callAsUnchecked(JavaUtils.java:109) ~[ratis-common-0.4.0-2337318-SNAPSHOT.jar:0.4.0-2337318-SNAPSHOT]
	at org.apache.ratis.server.impl.RaftServerProxy.lambda$submitRequest$6(RaftServerProxy.java:328) ~[ratis-server-0.4.0-2337318-SNAPSHOT.jar:0.4.0-2337318-SNAPSHOT]
	at java.util.concurrent.CompletableFuture.uniComposeStage(CompletableFuture.java:981) ~[?:1.8.0_212]
	at java.util.concurrent.CompletableFuture.thenCompose(CompletableFuture.java:2124) ~[?:1.8.0_212]
	at org.apache.ratis.server.impl.RaftServerProxy.submitRequest(RaftServerProxy.java:327) ~[ratis-server-0.4.0-2337318-SNAPSHOT.jar:0.4.0-2337318-SNAPSHOT]
	at org.apache.ratis.server.impl.RaftServerProxy.submitClientRequestAsync(RaftServerProxy.java:333) ~[ratis-server-0.4.0-2337318-SNAPSHOT.jar:0.4.0-2337318-SNAPSHOT]
	at org.apache.ratis.grpc.client.GrpcClientProtocolService$RequestStreamObserver.processClientRequest(GrpcClientProtocolService.java:220) ~[ratis-grpc-0.4.0-2337318-SNAPSHOT.jar:0.4.0-2337318-SNAPSHOT]
	at org.apache.ratis.grpc.client.GrpcClientProtocolService$OrderedRequestStreamObserver.processClientRequest(GrpcClientProtocolService.java:326) ~[ratis-grpc-0.4.0-2337318-SNAPSHOT.jar:0.4.0-2337318-SNAPSHOT]
	at org.apache.ratis.util.SlidingWindow$Server.processRequestsFromHead(SlidingWindow.java:429) [ratis-common-0.4.0-2337318-SNAPSHOT.jar:0.4.0-2337318-SNAPSHOT]
	at org.apache.ratis.util.SlidingWindow$Server.receivedRequest(SlidingWindow.java:421) [ratis-common-0.4.0-2337318-SNAPSHOT.jar:0.4.0-2337318-SNAPSHOT]
	at org.apache.ratis.grpc.client.GrpcClientProtocolService$OrderedRequestStreamObserver.processClientRequest(GrpcClientProtocolService.java:345) [ratis-grpc-0.4.0-2337318-SNAPSHOT.jar:0.4.0-2337318-SNAPSHOT]
	at org.apache.ratis.grpc.client.GrpcClientProtocolService$RequestStreamObserver.onNext(GrpcClientProtocolService.java:240) [ratis-grpc-0.4.0-2337318-SNAPSHOT.jar:0.4.0-2337318-SNAPSHOT]
	at org.apache.ratis.grpc.client.GrpcClientProtocolService$RequestStreamObserver.onNext(GrpcClientProtocolService.java:168) [ratis-grpc-0.4.0-2337318-SNAPSHOT.jar:0.4.0-2337318-SNAPSHOT]
	at org.apache.ratis.thirdparty.io.grpc.stub.ServerCalls$StreamingServerCallHandler$StreamingServerCallListener.onMessage(ServerCalls.java:248) [ratis-thirdparty-misc-0.2.0.jar:0.2.0]
	at org.apache.ratis.thirdparty.io.grpc.internal.ServerCallImpl$ServerStreamListenerImpl.messagesAvailable(ServerCallImpl.java:263) [ratis-thirdparty-misc-0.2.0.jar:0.2.0]
	at org.apache.ratis.thirdparty.io.grpc.internal.ServerImpl$JumpToApplicationThreadServerStreamListener$1MessagesAvailable.runInContext(ServerImpl.java:686) [ratis-thirdparty-misc-0.2.0.jar:0.2.0]
	at org.apache.ratis.thirdparty.io.grpc.internal.ContextRunnable.run(ContextRunnable.java:37) [ratis-thirdparty-misc-0.2.0.jar:0.2.0]
	at org.apache.ratis.thirdparty.io.grpc.internal.SerializingExecutor.run(SerializingExecutor.java:123) [ratis-thirdparty-misc-0.2.0.jar:0.2.0]
	at java.util.concurrent.ThreadPoolExecutor.runWorker(ThreadPoolExecutor.java:1149) [?:1.8.0_212]
	at java.util.concurrent.ThreadPoolExecutor$Worker.run(ThreadPoolExecutor.java:624) [?:1.8.0_212]
	at java.lang.Thread.run(Thread.java:748) [?:1.8.0_212]
2019-07-14 10:56:35,383 INFO  client.GrpcClientProtocolClient (GrpcClientProtocolClient.java:onNext(255)) - client-21E78743BBF0->41e22389-d6b0-478d-9070-56a3106463d4: receive RaftClientReply:client-21E78743BBF0->41e22389-d6b0-478d-9070-56a3106463d4@group-DFC950B5D6B8, cid=78, FAILED org.apache.ratis.protocol.StateMachineException: org.apache.hadoop.hdds.scm.container.common.helpers.ContainerNotOpenException from Server 41e22389-d6b0-478d-9070-56a3106463d4: Container 10 in CLOSED state, logIndex=0, commits[41e22389-d6b0-478d-9070-56a3106463d4:c27, 1060c4c8-82a0-4b24-acfd-34a0a85a558b:c26, cf9ddd5b-0d8a-4db4-9e03-3942e5d9cdb2:c26]
2019-07-14 10:56:35,390 INFO  client.GrpcClientProtocolClient (GrpcClientProtocolClient.java:onNext(255)) - client-21E78743BBF0->41e22389-d6b0-478d-9070-56a3106463d4: receive RaftClientReply:client-21E78743BBF0->41e22389-d6b0-478d-9070-56a3106463d4@group-DFC950B5D6B8, cid=79, FAILED org.apache.ratis.protocol.StateMachineException: org.apache.hadoop.hdds.scm.container.common.helpers.ContainerNotOpenException from Server 41e22389-d6b0-478d-9070-56a3106463d4: Container 10 in CLOSED state, logIndex=0, commits[41e22389-d6b0-478d-9070-56a3106463d4:c27, 1060c4c8-82a0-4b24-acfd-34a0a85a558b:c26, cf9ddd5b-0d8a-4db4-9e03-3942e5d9cdb2:c26]
10:56:35.389 [grpc-default-executor-0] ERROR DNAudit - user=null | ip=null | op=WRITE_CHUNK {blockData=conID: 10 locID: 102439439110045711 bcsId: 22} | ret=FAILURE
org.apache.hadoop.hdds.scm.container.common.helpers.ContainerNotOpenException: Container 10 in CLOSED state
	at org.apache.hadoop.ozone.container.common.impl.HddsDispatcher.validateContainerCommand(HddsDispatcher.java:408) ~[hadoop-hdds-container-service-0.5.0-SNAPSHOT.jar:?]
	at org.apache.hadoop.ozone.container.common.transport.server.ratis.ContainerStateMachine.startTransaction(ContainerStateMachine.java:272) ~[hadoop-hdds-container-service-0.5.0-SNAPSHOT.jar:?]
	at org.apache.ratis.server.impl.RaftServerImpl.submitClientRequestAsync(RaftServerImpl.java:566) ~[ratis-server-0.4.0-2337318-SNAPSHOT.jar:0.4.0-2337318-SNAPSHOT]
	at org.apache.ratis.server.impl.RaftServerProxy.lambda$submitClientRequestAsync$7(RaftServerProxy.java:333) ~[ratis-server-0.4.0-2337318-SNAPSHOT.jar:0.4.0-2337318-SNAPSHOT]
	at org.apache.ratis.server.impl.RaftServerProxy.lambda$null$5(RaftServerProxy.java:328) ~[ratis-server-0.4.0-2337318-SNAPSHOT.jar:0.4.0-2337318-SNAPSHOT]
	at org.apache.ratis.util.JavaUtils.callAsUnchecked(JavaUtils.java:109) ~[ratis-common-0.4.0-2337318-SNAPSHOT.jar:0.4.0-2337318-SNAPSHOT]
	at org.apache.ratis.server.impl.RaftServerProxy.lambda$submitRequest$6(RaftServerProxy.java:328) ~[ratis-server-0.4.0-2337318-SNAPSHOT.jar:0.4.0-2337318-SNAPSHOT]
	at java.util.concurrent.CompletableFuture.uniComposeStage(CompletableFuture.java:981) ~[?:1.8.0_212]
	at java.util.concurrent.CompletableFuture.thenCompose(CompletableFuture.java:2124) ~[?:1.8.0_212]
	at org.apache.ratis.server.impl.RaftServerProxy.submitRequest(RaftServerProxy.java:327) ~[ratis-server-0.4.0-2337318-SNAPSHOT.jar:0.4.0-2337318-SNAPSHOT]
	at org.apache.ratis.server.impl.RaftServerProxy.submitClientRequestAsync(RaftServerProxy.java:333) ~[ratis-server-0.4.0-2337318-SNAPSHOT.jar:0.4.0-2337318-SNAPSHOT]
	at org.apache.ratis.grpc.client.GrpcClientProtocolService$RequestStreamObserver.processClientRequest(GrpcClientProtocolService.java:220) ~[ratis-grpc-0.4.0-2337318-SNAPSHOT.jar:0.4.0-2337318-SNAPSHOT]
	at org.apache.ratis.grpc.client.GrpcClientProtocolService$OrderedRequestStreamObserver.processClientRequest(GrpcClientProtocolService.java:326) ~[ratis-grpc-0.4.0-2337318-SNAPSHOT.jar:0.4.0-2337318-SNAPSHOT]
	at org.apache.ratis.util.SlidingWindow$Server.processRequestsFromHead(SlidingWindow.java:429) [ratis-common-0.4.0-2337318-SNAPSHOT.jar:0.4.0-2337318-SNAPSHOT]
	at org.apache.ratis.util.SlidingWindow$Server.receivedRequest(SlidingWindow.java:421) [ratis-common-0.4.0-2337318-SNAPSHOT.jar:0.4.0-2337318-SNAPSHOT]
	at org.apache.ratis.grpc.client.GrpcClientProtocolService$OrderedRequestStreamObserver.processClientRequest(GrpcClientProtocolService.java:345) [ratis-grpc-0.4.0-2337318-SNAPSHOT.jar:0.4.0-2337318-SNAPSHOT]
	at org.apache.ratis.grpc.client.GrpcClientProtocolService$RequestStreamObserver.onNext(GrpcClientProtocolService.java:240) [ratis-grpc-0.4.0-2337318-SNAPSHOT.jar:0.4.0-2337318-SNAPSHOT]
	at org.apache.ratis.grpc.client.GrpcClientProtocolService$RequestStreamObserver.onNext(GrpcClientProtocolService.java:168) [ratis-grpc-0.4.0-2337318-SNAPSHOT.jar:0.4.0-2337318-SNAPSHOT]
	at org.apache.ratis.thirdparty.io.grpc.stub.ServerCalls$StreamingServerCallHandler$StreamingServerCallListener.onMessage(ServerCalls.java:248) [ratis-thirdparty-misc-0.2.0.jar:0.2.0]
	at org.apache.ratis.thirdparty.io.grpc.internal.ServerCallImpl$ServerStreamListenerImpl.messagesAvailable(ServerCallImpl.java:263) [ratis-thirdparty-misc-0.2.0.jar:0.2.0]
	at org.apache.ratis.thirdparty.io.grpc.internal.ServerImpl$JumpToApplicationThreadServerStreamListener$1MessagesAvailable.runInContext(ServerImpl.java:686) [ratis-thirdparty-misc-0.2.0.jar:0.2.0]
	at org.apache.ratis.thirdparty.io.grpc.internal.ContextRunnable.run(ContextRunnable.java:37) [ratis-thirdparty-misc-0.2.0.jar:0.2.0]
	at org.apache.ratis.thirdparty.io.grpc.internal.SerializingExecutor.run(SerializingExecutor.java:123) [ratis-thirdparty-misc-0.2.0.jar:0.2.0]
	at java.util.concurrent.ThreadPoolExecutor.runWorker(ThreadPoolExecutor.java:1149) [?:1.8.0_212]
	at java.util.concurrent.ThreadPoolExecutor$Worker.run(ThreadPoolExecutor.java:624) [?:1.8.0_212]
	at java.lang.Thread.run(Thread.java:748) [?:1.8.0_212]
10:56:35.396 [grpc-default-executor-0] ERROR DNAudit - user=null | ip=null | op=PUT_BLOCK {blockData=[blockId=conID: 10 locID: 102439439110045711 bcsId: 0,size=4194304]} | ret=FAILURE
org.apache.hadoop.hdds.scm.container.common.helpers.ContainerNotOpenException: Container 10 in CLOSED state
	at org.apache.hadoop.ozone.container.common.impl.HddsDispatcher.validateContainerCommand(HddsDispatcher.java:408) ~[hadoop-hdds-container-service-0.5.0-SNAPSHOT.jar:?]
	at org.apache.hadoop.ozone.container.common.transport.server.ratis.ContainerStateMachine.startTransaction(ContainerStateMachine.java:272) ~[hadoop-hdds-container-service-0.5.0-SNAPSHOT.jar:?]
	at org.apache.ratis.server.impl.RaftServerImpl.submitClientRequestAsync(RaftServerImpl.java:566) ~[ratis-server-0.4.0-2337318-SNAPSHOT.jar:0.4.0-2337318-SNAPSHOT]
	at org.apache.ratis.server.impl.RaftServerProxy.lambda$submitClientRequestAsync$7(RaftServerProxy.java:333) ~[ratis-server-0.4.0-2337318-SNAPSHOT.jar:0.4.0-2337318-SNAPSHOT]
	at org.apache.ratis.server.impl.RaftServerProxy.lambda$null$5(RaftServerProxy.java:328) ~[ratis-server-0.4.0-2337318-SNAPSHOT.jar:0.4.0-2337318-SNAPSHOT]
	at org.apache.ratis.util.JavaUtils.callAsUnchecked(JavaUtils.java:109) ~[ratis-common-0.4.0-2337318-SNAPSHOT.jar:0.4.0-2337318-SNAPSHOT]
	at org.apache.ratis.server.impl.RaftServerProxy.lambda$submitRequest$6(RaftServerProxy.java:328) ~[ratis-server-0.4.0-2337318-SNAPSHOT.jar:0.4.0-2337318-SNAPSHOT]
	at java.util.concurrent.CompletableFuture.uniComposeStage(CompletableFuture.java:981) ~[?:1.8.0_212]
	at java.util.concurrent.CompletableFuture.thenCompose(CompletableFuture.java:2124) ~[?:1.8.0_212]
	at org.apache.ratis.server.impl.RaftServerProxy.submitRequest(RaftServerProxy.java:327) ~[ratis-server-0.4.0-2337318-SNAPSHOT.jar:0.4.0-2337318-SNAPSHOT]
	at org.apache.ratis.server.impl.RaftServerProxy.submitClientRequestAsync(RaftServerProxy.java:333) ~[ratis-server-0.4.0-2337318-SNAPSHOT.jar:0.4.0-2337318-SNAPSHOT]
	at org.apache.ratis.grpc.client.GrpcClientProtocolService$RequestStreamObserver.processClientRequest(GrpcClientProtocolService.java:220) ~[ratis-grpc-0.4.0-2337318-SNAPSHOT.jar:0.4.0-2337318-SNAPSHOT]
	at org.apache.ratis.grpc.client.GrpcClientProtocolService$OrderedRequestStreamObserver.processClientRequest(GrpcClientProtocolService.java:326) ~[ratis-grpc-0.4.0-2337318-SNAPSHOT.jar:0.4.0-2337318-SNAPSHOT]
	at org.apache.ratis.util.SlidingWindow$Server.processRequestsFromHead(SlidingWindow.java:429) [ratis-common-0.4.0-2337318-SNAPSHOT.jar:0.4.0-2337318-SNAPSHOT]
	at org.apache.ratis.util.SlidingWindow$Server.receivedRequest(SlidingWindow.java:421) [ratis-common-0.4.0-2337318-SNAPSHOT.jar:0.4.0-2337318-SNAPSHOT]
	at org.apache.ratis.grpc.client.GrpcClientProtocolService$OrderedRequestStreamObserver.processClientRequest(GrpcClientProtocolService.java:345) [ratis-grpc-0.4.0-2337318-SNAPSHOT.jar:0.4.0-2337318-SNAPSHOT]
	at org.apache.ratis.grpc.client.GrpcClientProtocolService$RequestStreamObserver.onNext(GrpcClientProtocolService.java:240) [ratis-grpc-0.4.0-2337318-SNAPSHOT.jar:0.4.0-2337318-SNAPSHOT]
	at org.apache.ratis.grpc.client.GrpcClientProtocolService$RequestStreamObserver.onNext(GrpcClientProtocolService.java:168) [ratis-grpc-0.4.0-2337318-SNAPSHOT.jar:0.4.0-2337318-SNAPSHOT]
	at org.apache.ratis.thirdparty.io.grpc.stub.ServerCalls$StreamingServerCallHandler$StreamingServerCallListener.onMessage(ServerCalls.java:248) [ratis-thirdparty-misc-0.2.0.jar:0.2.0]
	at org.apache.ratis.thirdparty.io.grpc.internal.ServerCallImpl$ServerStreamListenerImpl.messagesAvailable(ServerCallImpl.java:263) [ratis-thirdparty-misc-0.2.0.jar:0.2.0]
	at org.apache.ratis.thirdparty.io.grpc.internal.ServerImpl$JumpToApplicationThreadServerStreamListener$1MessagesAvailable.runInContext(ServerImpl.java:686) [ratis-thirdparty-misc-0.2.0.jar:0.2.0]
	at org.apache.ratis.thirdparty.io.grpc.internal.ContextRunnable.run(ContextRunnable.java:37) [ratis-thirdparty-misc-0.2.0.jar:0.2.0]
	at org.apache.ratis.thirdparty.io.grpc.internal.SerializingExecutor.run(SerializingExecutor.java:123) [ratis-thirdparty-misc-0.2.0.jar:0.2.0]
	at java.util.concurrent.ThreadPoolExecutor.runWorker(ThreadPoolExecutor.java:1149) [?:1.8.0_212]
	at java.util.concurrent.ThreadPoolExecutor$Worker.run(ThreadPoolExecutor.java:624) [?:1.8.0_212]
	at java.lang.Thread.run(Thread.java:748) [?:1.8.0_212]
2019-07-14 10:56:35,402 INFO  client.GrpcClientProtocolClient (GrpcClientProtocolClient.java:onNext(255)) - client-21E78743BBF0->41e22389-d6b0-478d-9070-56a3106463d4: receive RaftClientReply:client-21E78743BBF0->41e22389-d6b0-478d-9070-56a3106463d4@group-DFC950B5D6B8, cid=80, FAILED org.apache.ratis.protocol.StateMachineException: org.apache.hadoop.hdds.scm.container.common.helpers.ContainerNotOpenException from Server 41e22389-d6b0-478d-9070-56a3106463d4: Container 10 in CLOSED state, logIndex=0, commits[41e22389-d6b0-478d-9070-56a3106463d4:c27, 1060c4c8-82a0-4b24-acfd-34a0a85a558b:c26, cf9ddd5b-0d8a-4db4-9e03-3942e5d9cdb2:c26]
2019-07-14 10:56:35,405 INFO  client.GrpcClientProtocolClient (GrpcClientProtocolClient.java:onNext(255)) - client-21E78743BBF0->41e22389-d6b0-478d-9070-56a3106463d4: receive RaftClientReply:client-21E78743BBF0->41e22389-d6b0-478d-9070-56a3106463d4@group-DFC950B5D6B8, cid=81, FAILED org.apache.ratis.protocol.StateMachineException: org.apache.hadoop.hdds.scm.container.common.helpers.ContainerNotOpenException from Server 41e22389-d6b0-478d-9070-56a3106463d4: Container 10 in CLOSED state, logIndex=0, commits[41e22389-d6b0-478d-9070-56a3106463d4:c27, 1060c4c8-82a0-4b24-acfd-34a0a85a558b:c26, cf9ddd5b-0d8a-4db4-9e03-3942e5d9cdb2:c26]
2019-07-14 10:56:35,544 INFO  client.GrpcClientProtocolClient (GrpcClientProtocolClient.java:onNext(255)) - client-21E78743BBF0->41e22389-d6b0-478d-9070-56a3106463d4: receive RaftClientReply:client-21E78743BBF0->41e22389-d6b0-478d-9070-56a3106463d4@group-DFC950B5D6B8, cid=82, SUCCESS, logIndex=28, commits[41e22389-d6b0-478d-9070-56a3106463d4:c31, 1060c4c8-82a0-4b24-acfd-34a0a85a558b:c27, cf9ddd5b-0d8a-4db4-9e03-3942e5d9cdb2:c27]
2019-07-14 10:56:35,592 INFO  client.GrpcClientProtocolClient (GrpcClientProtocolClient.java:onNext(255)) - client-21E78743BBF0->41e22389-d6b0-478d-9070-56a3106463d4: receive RaftClientReply:client-21E78743BBF0->41e22389-d6b0-478d-9070-56a3106463d4@group-DFC950B5D6B8, cid=83, SUCCESS, logIndex=29, commits[41e22389-d6b0-478d-9070-56a3106463d4:c34, 1060c4c8-82a0-4b24-acfd-34a0a85a558b:c31, cf9ddd5b-0d8a-4db4-9e03-3942e5d9cdb2:c31]
2019-07-14 10:56:35,593 INFO  client.GrpcClientProtocolClient (GrpcClientProtocolClient.java:onNext(255)) - client-21E78743BBF0->41e22389-d6b0-478d-9070-56a3106463d4: receive RaftClientReply:client-21E78743BBF0->41e22389-d6b0-478d-9070-56a3106463d4@group-DFC950B5D6B8, cid=84, SUCCESS, logIndex=30, commits[41e22389-d6b0-478d-9070-56a3106463d4:c34, 1060c4c8-82a0-4b24-acfd-34a0a85a558b:c31, cf9ddd5b-0d8a-4db4-9e03-3942e5d9cdb2:c31]
2019-07-14 10:56:35,683 INFO  client.GrpcClientProtocolClient (GrpcClientProtocolClient.java:onNext(255)) - client-21E78743BBF0->41e22389-d6b0-478d-9070-56a3106463d4: receive RaftClientReply:client-21E78743BBF0->41e22389-d6b0-478d-9070-56a3106463d4@group-DFC950B5D6B8, cid=85, SUCCESS, logIndex=31, commits[41e22389-d6b0-478d-9070-56a3106463d4:c34, 1060c4c8-82a0-4b24-acfd-34a0a85a558b:c31, cf9ddd5b-0d8a-4db4-9e03-3942e5d9cdb2:c31]
2019-07-14 10:56:35,818 INFO  client.GrpcClientProtocolClient (GrpcClientProtocolClient.java:onNext(255)) - client-21E78743BBF0->41e22389-d6b0-478d-9070-56a3106463d4: receive RaftClientReply:client-21E78743BBF0->41e22389-d6b0-478d-9070-56a3106463d4@group-DFC950B5D6B8, cid=86, SUCCESS, logIndex=35, commits[41e22389-d6b0-478d-9070-56a3106463d4:c36, 1060c4c8-82a0-4b24-acfd-34a0a85a558b:c34, cf9ddd5b-0d8a-4db4-9e03-3942e5d9cdb2:c34]
2019-07-14 10:56:35,819 INFO  client.GrpcClientProtocolClient (GrpcClientProtocolClient.java:onNext(255)) - client-21E78743BBF0->41e22389-d6b0-478d-9070-56a3106463d4: receive RaftClientReply:client-21E78743BBF0->41e22389-d6b0-478d-9070-56a3106463d4@group-DFC950B5D6B8, cid=87, SUCCESS, logIndex=36, commits[41e22389-d6b0-478d-9070-56a3106463d4:c36, 1060c4c8-82a0-4b24-acfd-34a0a85a558b:c34, cf9ddd5b-0d8a-4db4-9e03-3942e5d9cdb2:c34]
2019-07-14 10:56:35,834 INFO  client.GrpcClientProtocolClient (GrpcClientProtocolClient.java:onNext(255)) - client-21E78743BBF0->41e22389-d6b0-478d-9070-56a3106463d4: receive RaftClientReply:client-21E78743BBF0->41e22389-d6b0-478d-9070-56a3106463d4@group-DFC950B5D6B8, cid=88, SUCCESS, logIndex=0, commits[41e22389-d6b0-478d-9070-56a3106463d4:c38, 1060c4c8-82a0-4b24-acfd-34a0a85a558b:c36, cf9ddd5b-0d8a-4db4-9e03-3942e5d9cdb2:c36]
2019-07-14 10:56:35,877 INFO  pipeline.Pipeline (Pipeline.java:getProtobufMessage(195)) - Serialize pipeline PipelineID=53e8d22f-059e-4b03-8fff-dfc950b5d6b8 with nodesInOrder{ }
2019-07-14 10:56:35,878 INFO  pipeline.Pipeline (Pipeline.java:build(342)) - Deserialize nodesInOrder [1060c4c8-82a0-4b24-acfd-34a0a85a558b{ip: 192.168.157.209, host: trunk-nightly-fxmrv-2540794721, networkLocation: /default-rack, certSerialId: null}, 1060c4c8-82a0-4b24-acfd-34a0a85a558b{ip: 192.168.157.209, host: trunk-nightly-fxmrv-2540794721, networkLocation: /default-rack, certSerialId: null}, 1060c4c8-82a0-4b24-acfd-34a0a85a558b{ip: 192.168.157.209, host: trunk-nightly-fxmrv-2540794721, networkLocation: /default-rack, certSerialId: null}] in pipeline PipelineID=53e8d22f-059e-4b03-8fff-dfc950b5d6b8
]]></system-out>
  </testcase>
  <testcase name="testMultiBlockWrites2" classname="org.apache.hadoop.ozone.client.rpc.TestCloseContainerHandlingByClient" time="3.59">
    <error type="java.lang.IllegalArgumentException">java.lang.IllegalArgumentException
	at com.google.common.base.Preconditions.checkArgument(Preconditions.java:72)
	at org.apache.hadoop.hdds.scm.XceiverClientManager.acquireClient(XceiverClientManager.java:150)
	at org.apache.hadoop.hdds.scm.XceiverClientManager.acquireClientForReadData(XceiverClientManager.java:143)
	at org.apache.hadoop.hdds.scm.storage.BlockInputStream.getChunkInfos(BlockInputStream.java:154)
	at org.apache.hadoop.hdds.scm.storage.BlockInputStream.initialize(BlockInputStream.java:118)
	at org.apache.hadoop.hdds.scm.storage.BlockInputStream.read(BlockInputStream.java:222)
	at org.apache.hadoop.ozone.client.io.KeyInputStream.read(KeyInputStream.java:171)
	at org.apache.hadoop.ozone.client.io.OzoneInputStream.read(OzoneInputStream.java:47)
	at java.io.InputStream.read(InputStream.java:101)
	at org.apache.hadoop.ozone.container.ContainerTestHelper.validateData(ContainerTestHelper.java:709)
	at org.apache.hadoop.ozone.client.rpc.TestCloseContainerHandlingByClient.validateData(TestCloseContainerHandlingByClient.java:401)
	at org.apache.hadoop.ozone.client.rpc.TestCloseContainerHandlingByClient.testMultiBlockWrites2(TestCloseContainerHandlingByClient.java:281)
	at sun.reflect.NativeMethodAccessorImpl.invoke0(Native Method)
	at sun.reflect.NativeMethodAccessorImpl.invoke(NativeMethodAccessorImpl.java:62)
	at sun.reflect.DelegatingMethodAccessorImpl.invoke(DelegatingMethodAccessorImpl.java:43)
	at java.lang.reflect.Method.invoke(Method.java:498)
	at org.junit.runners.model.FrameworkMethod$1.runReflectiveCall(FrameworkMethod.java:47)
	at org.junit.internal.runners.model.ReflectiveCallable.run(ReflectiveCallable.java:12)
	at org.junit.runners.model.FrameworkMethod.invokeExplosively(FrameworkMethod.java:44)
	at org.junit.internal.runners.statements.InvokeMethod.evaluate(InvokeMethod.java:17)
	at org.junit.runners.ParentRunner.runLeaf(ParentRunner.java:271)
	at org.junit.runners.BlockJUnit4ClassRunner.runChild(BlockJUnit4ClassRunner.java:70)
	at org.junit.runners.BlockJUnit4ClassRunner.runChild(BlockJUnit4ClassRunner.java:50)
	at org.junit.runners.ParentRunner$3.run(ParentRunner.java:238)
	at org.junit.runners.ParentRunner$1.schedule(ParentRunner.java:63)
	at org.junit.runners.ParentRunner.runChildren(ParentRunner.java:236)
	at org.junit.runners.ParentRunner.access$000(ParentRunner.java:53)
	at org.junit.runners.ParentRunner$2.evaluate(ParentRunner.java:229)
	at org.junit.internal.runners.statements.RunBefores.evaluate(RunBefores.java:26)
	at org.junit.internal.runners.statements.RunAfters.evaluate(RunAfters.java:27)
	at org.junit.runners.ParentRunner.run(ParentRunner.java:309)
	at org.apache.maven.surefire.junit4.JUnit4Provider.execute(JUnit4Provider.java:365)
	at org.apache.maven.surefire.junit4.JUnit4Provider.executeWithRerun(JUnit4Provider.java:273)
	at org.apache.maven.surefire.junit4.JUnit4Provider.executeTestSet(JUnit4Provider.java:238)
	at org.apache.maven.surefire.junit4.JUnit4Provider.invoke(JUnit4Provider.java:159)
	at org.apache.maven.surefire.booter.ForkedBooter.invokeProviderInSameClassLoader(ForkedBooter.java:384)
	at org.apache.maven.surefire.booter.ForkedBooter.runSuitesInProcess(ForkedBooter.java:345)
	at org.apache.maven.surefire.booter.ForkedBooter.execute(ForkedBooter.java:126)
	at org.apache.maven.surefire.booter.ForkedBooter.main(ForkedBooter.java:418)
</error>
    <system-out><![CDATA[2019-07-14 10:56:36,010 INFO  client.GrpcClientProtocolClient (GrpcClientProtocolClient.java:onNext(255)) - client-21E78743BBF0->41e22389-d6b0-478d-9070-56a3106463d4: receive RaftClientReply:client-21E78743BBF0->41e22389-d6b0-478d-9070-56a3106463d4@group-DFC950B5D6B8, cid=89, SUCCESS, logIndex=39, commits[41e22389-d6b0-478d-9070-56a3106463d4:c42, 1060c4c8-82a0-4b24-acfd-34a0a85a558b:c38, cf9ddd5b-0d8a-4db4-9e03-3942e5d9cdb2:c38]
2019-07-14 10:56:36,011 INFO  client.GrpcClientProtocolClient (GrpcClientProtocolClient.java:onNext(255)) - client-21E78743BBF0->41e22389-d6b0-478d-9070-56a3106463d4: receive RaftClientReply:client-21E78743BBF0->41e22389-d6b0-478d-9070-56a3106463d4@group-DFC950B5D6B8, cid=90, SUCCESS, logIndex=40, commits[41e22389-d6b0-478d-9070-56a3106463d4:c42, 1060c4c8-82a0-4b24-acfd-34a0a85a558b:c38, cf9ddd5b-0d8a-4db4-9e03-3942e5d9cdb2:c38]
2019-07-14 10:56:36,011 INFO  client.GrpcClientProtocolClient (GrpcClientProtocolClient.java:onNext(255)) - client-21E78743BBF0->41e22389-d6b0-478d-9070-56a3106463d4: receive RaftClientReply:client-21E78743BBF0->41e22389-d6b0-478d-9070-56a3106463d4@group-DFC950B5D6B8, cid=91, SUCCESS, logIndex=41, commits[41e22389-d6b0-478d-9070-56a3106463d4:c42, 1060c4c8-82a0-4b24-acfd-34a0a85a558b:c38, cf9ddd5b-0d8a-4db4-9e03-3942e5d9cdb2:c38]
2019-07-14 10:56:36,012 INFO  client.GrpcClientProtocolClient (GrpcClientProtocolClient.java:onNext(255)) - client-21E78743BBF0->41e22389-d6b0-478d-9070-56a3106463d4: receive RaftClientReply:client-21E78743BBF0->41e22389-d6b0-478d-9070-56a3106463d4@group-DFC950B5D6B8, cid=92, SUCCESS, logIndex=42, commits[41e22389-d6b0-478d-9070-56a3106463d4:c42, 1060c4c8-82a0-4b24-acfd-34a0a85a558b:c38, cf9ddd5b-0d8a-4db4-9e03-3942e5d9cdb2:c38]
2019-07-14 10:56:36,022 INFO  client.GrpcClientProtocolClient (GrpcClientProtocolClient.java:onNext(255)) - client-21E78743BBF0->41e22389-d6b0-478d-9070-56a3106463d4: receive RaftClientReply:client-21E78743BBF0->41e22389-d6b0-478d-9070-56a3106463d4@group-DFC950B5D6B8, cid=93, SUCCESS, logIndex=0, commits[41e22389-d6b0-478d-9070-56a3106463d4:c43, 1060c4c8-82a0-4b24-acfd-34a0a85a558b:c40, cf9ddd5b-0d8a-4db4-9e03-3942e5d9cdb2:c40]
2019-07-14 10:56:36,047 INFO  client.GrpcClientProtocolClient (GrpcClientProtocolClient.java:onNext(255)) - client-21E78743BBF0->41e22389-d6b0-478d-9070-56a3106463d4: receive RaftClientReply:client-21E78743BBF0->41e22389-d6b0-478d-9070-56a3106463d4@group-DFC950B5D6B8, cid=94, SUCCESS, logIndex=47, commits[41e22389-d6b0-478d-9070-56a3106463d4:c48, 1060c4c8-82a0-4b24-acfd-34a0a85a558b:c46, cf9ddd5b-0d8a-4db4-9e03-3942e5d9cdb2:c46]
2019-07-14 10:56:36,047 INFO  client.GrpcClientProtocolClient (GrpcClientProtocolClient.java:onNext(255)) - client-21E78743BBF0->41e22389-d6b0-478d-9070-56a3106463d4: receive RaftClientReply:client-21E78743BBF0->41e22389-d6b0-478d-9070-56a3106463d4@group-DFC950B5D6B8, cid=95, SUCCESS, logIndex=48, commits[41e22389-d6b0-478d-9070-56a3106463d4:c48, 1060c4c8-82a0-4b24-acfd-34a0a85a558b:c46, cf9ddd5b-0d8a-4db4-9e03-3942e5d9cdb2:c46]
2019-07-14 10:56:36,075 INFO  client.GrpcClientProtocolClient (GrpcClientProtocolClient.java:onNext(255)) - client-21E78743BBF0->41e22389-d6b0-478d-9070-56a3106463d4: receive RaftClientReply:client-21E78743BBF0->41e22389-d6b0-478d-9070-56a3106463d4@group-DFC950B5D6B8, cid=96, SUCCESS, logIndex=51, commits[41e22389-d6b0-478d-9070-56a3106463d4:c52, 1060c4c8-82a0-4b24-acfd-34a0a85a558b:c48, cf9ddd5b-0d8a-4db4-9e03-3942e5d9cdb2:c48]
2019-07-14 10:56:36,076 INFO  client.GrpcClientProtocolClient (GrpcClientProtocolClient.java:onNext(255)) - client-21E78743BBF0->41e22389-d6b0-478d-9070-56a3106463d4: receive RaftClientReply:client-21E78743BBF0->41e22389-d6b0-478d-9070-56a3106463d4@group-DFC950B5D6B8, cid=97, SUCCESS, logIndex=52, commits[41e22389-d6b0-478d-9070-56a3106463d4:c52, 1060c4c8-82a0-4b24-acfd-34a0a85a558b:c48, cf9ddd5b-0d8a-4db4-9e03-3942e5d9cdb2:c48]
2019-07-14 10:56:36,087 INFO  client.GrpcClientProtocolClient (GrpcClientProtocolClient.java:onNext(255)) - client-21E78743BBF0->41e22389-d6b0-478d-9070-56a3106463d4: receive RaftClientReply:client-21E78743BBF0->41e22389-d6b0-478d-9070-56a3106463d4@group-DFC950B5D6B8, cid=98, SUCCESS, logIndex=0, commits[41e22389-d6b0-478d-9070-56a3106463d4:c53, 1060c4c8-82a0-4b24-acfd-34a0a85a558b:c52, cf9ddd5b-0d8a-4db4-9e03-3942e5d9cdb2:c52]
2019-07-14 10:56:36,194 INFO  client.GrpcClientProtocolClient (GrpcClientProtocolClient.java:onNext(255)) - client-525A5C50BBCE->d2ea99aa-e00d-49c2-bfb3-5f583ed448f8: receive RaftClientReply:client-525A5C50BBCE->d2ea99aa-e00d-49c2-bfb3-5f583ed448f8@group-43A156A46A73, cid=99, SUCCESS, logIndex=86, commits[d2ea99aa-e00d-49c2-bfb3-5f583ed448f8:c89, 19b02754-dda9-4f14-881a-2dac3900a1b7:c85, ead0de76-64f0-414f-9177-e4eb047cf253:c85]
2019-07-14 10:56:36,263 INFO  client.GrpcClientProtocolClient (GrpcClientProtocolClient.java:onNext(255)) - client-525A5C50BBCE->d2ea99aa-e00d-49c2-bfb3-5f583ed448f8: receive RaftClientReply:client-525A5C50BBCE->d2ea99aa-e00d-49c2-bfb3-5f583ed448f8@group-43A156A46A73, cid=100, SUCCESS, logIndex=87, commits[d2ea99aa-e00d-49c2-bfb3-5f583ed448f8:c93, 19b02754-dda9-4f14-881a-2dac3900a1b7:c89, ead0de76-64f0-414f-9177-e4eb047cf253:c89]
2019-07-14 10:56:36,264 INFO  client.GrpcClientProtocolClient (GrpcClientProtocolClient.java:onNext(255)) - client-525A5C50BBCE->d2ea99aa-e00d-49c2-bfb3-5f583ed448f8: receive RaftClientReply:client-525A5C50BBCE->d2ea99aa-e00d-49c2-bfb3-5f583ed448f8@group-43A156A46A73, cid=101, SUCCESS, logIndex=88, commits[d2ea99aa-e00d-49c2-bfb3-5f583ed448f8:c93, 19b02754-dda9-4f14-881a-2dac3900a1b7:c89, ead0de76-64f0-414f-9177-e4eb047cf253:c89]
2019-07-14 10:56:36,366 INFO  client.GrpcClientProtocolClient (GrpcClientProtocolClient.java:onNext(255)) - client-525A5C50BBCE->d2ea99aa-e00d-49c2-bfb3-5f583ed448f8: receive RaftClientReply:client-525A5C50BBCE->d2ea99aa-e00d-49c2-bfb3-5f583ed448f8@group-43A156A46A73, cid=102, SUCCESS, logIndex=89, commits[d2ea99aa-e00d-49c2-bfb3-5f583ed448f8:c93, 19b02754-dda9-4f14-881a-2dac3900a1b7:c89, ead0de76-64f0-414f-9177-e4eb047cf253:c89]
2019-07-14 10:56:36,400 INFO  client.GrpcClientProtocolClient (GrpcClientProtocolClient.java:onNext(255)) - client-525A5C50BBCE->d2ea99aa-e00d-49c2-bfb3-5f583ed448f8: receive RaftClientReply:client-525A5C50BBCE->d2ea99aa-e00d-49c2-bfb3-5f583ed448f8@group-43A156A46A73, cid=103, SUCCESS, logIndex=94, commits[d2ea99aa-e00d-49c2-bfb3-5f583ed448f8:c96, 19b02754-dda9-4f14-881a-2dac3900a1b7:c93, ead0de76-64f0-414f-9177-e4eb047cf253:c93]
2019-07-14 10:56:36,401 INFO  client.GrpcClientProtocolClient (GrpcClientProtocolClient.java:onNext(255)) - client-525A5C50BBCE->d2ea99aa-e00d-49c2-bfb3-5f583ed448f8: receive RaftClientReply:client-525A5C50BBCE->d2ea99aa-e00d-49c2-bfb3-5f583ed448f8@group-43A156A46A73, cid=104, SUCCESS, logIndex=95, commits[d2ea99aa-e00d-49c2-bfb3-5f583ed448f8:c97, 19b02754-dda9-4f14-881a-2dac3900a1b7:c93, ead0de76-64f0-414f-9177-e4eb047cf253:c93]
2019-07-14 10:56:36,402 INFO  client.GrpcClientProtocolClient (GrpcClientProtocolClient.java:onNext(255)) - client-525A5C50BBCE->d2ea99aa-e00d-49c2-bfb3-5f583ed448f8: receive RaftClientReply:client-525A5C50BBCE->d2ea99aa-e00d-49c2-bfb3-5f583ed448f8@group-43A156A46A73, cid=105, SUCCESS, logIndex=96, commits[d2ea99aa-e00d-49c2-bfb3-5f583ed448f8:c97, 19b02754-dda9-4f14-881a-2dac3900a1b7:c93, ead0de76-64f0-414f-9177-e4eb047cf253:c93]
2019-07-14 10:56:36,402 INFO  client.GrpcClientProtocolClient (GrpcClientProtocolClient.java:onNext(255)) - client-525A5C50BBCE->d2ea99aa-e00d-49c2-bfb3-5f583ed448f8: receive RaftClientReply:client-525A5C50BBCE->d2ea99aa-e00d-49c2-bfb3-5f583ed448f8@group-43A156A46A73, cid=106, SUCCESS, logIndex=97, commits[d2ea99aa-e00d-49c2-bfb3-5f583ed448f8:c97, 19b02754-dda9-4f14-881a-2dac3900a1b7:c93, ead0de76-64f0-414f-9177-e4eb047cf253:c93]
2019-07-14 10:56:36,417 INFO  client.GrpcClientProtocolClient (GrpcClientProtocolClient.java:onNext(255)) - client-525A5C50BBCE->d2ea99aa-e00d-49c2-bfb3-5f583ed448f8: receive RaftClientReply:client-525A5C50BBCE->d2ea99aa-e00d-49c2-bfb3-5f583ed448f8@group-43A156A46A73, cid=107, SUCCESS, logIndex=0, commits[d2ea99aa-e00d-49c2-bfb3-5f583ed448f8:c101, 19b02754-dda9-4f14-881a-2dac3900a1b7:c95, ead0de76-64f0-414f-9177-e4eb047cf253:c97]
2019-07-14 10:56:36,419 INFO  client.GrpcClientProtocolClient (GrpcClientProtocolClient.java:onNext(255)) - client-525A5C50BBCE->d2ea99aa-e00d-49c2-bfb3-5f583ed448f8: receive RaftClientReply:client-525A5C50BBCE->d2ea99aa-e00d-49c2-bfb3-5f583ed448f8@group-43A156A46A73, cid=108, SUCCESS, logIndex=0, commits[d2ea99aa-e00d-49c2-bfb3-5f583ed448f8:c101, 19b02754-dda9-4f14-881a-2dac3900a1b7:c97, ead0de76-64f0-414f-9177-e4eb047cf253:c97]
2019-07-14 10:56:36,467 INFO  client.GrpcClientProtocolClient (GrpcClientProtocolClient.java:onNext(255)) - client-21E78743BBF0->41e22389-d6b0-478d-9070-56a3106463d4: receive RaftClientReply:client-21E78743BBF0->41e22389-d6b0-478d-9070-56a3106463d4@group-DFC950B5D6B8, cid=109, SUCCESS, logIndex=55, commits[41e22389-d6b0-478d-9070-56a3106463d4:c56, 1060c4c8-82a0-4b24-acfd-34a0a85a558b:c54, cf9ddd5b-0d8a-4db4-9e03-3942e5d9cdb2:c54]
2019-07-14 10:56:36,468 INFO  client.GrpcClientProtocolClient (GrpcClientProtocolClient.java:onNext(255)) - client-21E78743BBF0->41e22389-d6b0-478d-9070-56a3106463d4: receive RaftClientReply:client-21E78743BBF0->41e22389-d6b0-478d-9070-56a3106463d4@group-DFC950B5D6B8, cid=110, SUCCESS, logIndex=56, commits[41e22389-d6b0-478d-9070-56a3106463d4:c56, 1060c4c8-82a0-4b24-acfd-34a0a85a558b:c54, cf9ddd5b-0d8a-4db4-9e03-3942e5d9cdb2:c54]
2019-07-14 10:56:36,479 INFO  client.GrpcClientProtocolClient (GrpcClientProtocolClient.java:onNext(255)) - client-21E78743BBF0->41e22389-d6b0-478d-9070-56a3106463d4: receive RaftClientReply:client-21E78743BBF0->41e22389-d6b0-478d-9070-56a3106463d4@group-DFC950B5D6B8, cid=111, SUCCESS, logIndex=0, commits[41e22389-d6b0-478d-9070-56a3106463d4:c56, 1060c4c8-82a0-4b24-acfd-34a0a85a558b:c56, cf9ddd5b-0d8a-4db4-9e03-3942e5d9cdb2:c56]
2019-07-14 10:56:36,520 INFO  client.GrpcClientProtocolClient (GrpcClientProtocolClient.java:onNext(255)) - client-21E78743BBF0->41e22389-d6b0-478d-9070-56a3106463d4: receive RaftClientReply:client-21E78743BBF0->41e22389-d6b0-478d-9070-56a3106463d4@group-DFC950B5D6B8, cid=112, SUCCESS, logIndex=59, commits[41e22389-d6b0-478d-9070-56a3106463d4:c60, 1060c4c8-82a0-4b24-acfd-34a0a85a558b:c58, cf9ddd5b-0d8a-4db4-9e03-3942e5d9cdb2:c58]
2019-07-14 10:56:36,521 INFO  client.GrpcClientProtocolClient (GrpcClientProtocolClient.java:onNext(255)) - client-21E78743BBF0->41e22389-d6b0-478d-9070-56a3106463d4: receive RaftClientReply:client-21E78743BBF0->41e22389-d6b0-478d-9070-56a3106463d4@group-DFC950B5D6B8, cid=113, SUCCESS, logIndex=60, commits[41e22389-d6b0-478d-9070-56a3106463d4:c60, 1060c4c8-82a0-4b24-acfd-34a0a85a558b:c58, cf9ddd5b-0d8a-4db4-9e03-3942e5d9cdb2:c58]
2019-07-14 10:56:36,532 INFO  client.GrpcClientProtocolClient (GrpcClientProtocolClient.java:onNext(255)) - client-21E78743BBF0->41e22389-d6b0-478d-9070-56a3106463d4: receive RaftClientReply:client-21E78743BBF0->41e22389-d6b0-478d-9070-56a3106463d4@group-DFC950B5D6B8, cid=114, SUCCESS, logIndex=0, commits[41e22389-d6b0-478d-9070-56a3106463d4:c61, 1060c4c8-82a0-4b24-acfd-34a0a85a558b:c60, cf9ddd5b-0d8a-4db4-9e03-3942e5d9cdb2:c60]
2019-07-14 10:56:36,540 INFO  container.CloseContainerEventHandler (CloseContainerEventHandler.java:onMessage(61)) - Close container Event triggered for container : #2
2019-07-14 10:56:36,540 INFO  container.CloseContainerEventHandler (CloseContainerEventHandler.java:onMessage(61)) - Close container Event triggered for container : #2
2019-07-14 10:56:36,541 INFO  container.CloseContainerEventHandler (CloseContainerEventHandler.java:onMessage(61)) - Close container Event triggered for container : #2
2019-07-14 10:56:36,541 INFO  container.CloseContainerEventHandler (CloseContainerEventHandler.java:onMessage(61)) - Close container Event triggered for container : #12
2019-07-14 10:56:36,541 INFO  container.CloseContainerEventHandler (CloseContainerEventHandler.java:onMessage(61)) - Close container Event triggered for container : #12
2019-07-14 10:56:36,541 INFO  container.CloseContainerEventHandler (CloseContainerEventHandler.java:onMessage(61)) - Close container Event triggered for container : #12
2019-07-14 10:56:36,542 INFO  container.CloseContainerEventHandler (CloseContainerEventHandler.java:onMessage(61)) - Close container Event triggered for container : #6
2019-07-14 10:56:36,542 INFO  container.CloseContainerEventHandler (CloseContainerEventHandler.java:onMessage(61)) - Close container Event triggered for container : #6
2019-07-14 10:56:36,542 INFO  container.CloseContainerEventHandler (CloseContainerEventHandler.java:onMessage(61)) - Close container Event triggered for container : #6
2019-07-14 10:56:37,860 INFO  interfaces.Container (KeyValueContainer.java:compactDB(356)) - Container 12 is closed with bcsId 97.
2019-07-14 10:56:37,866 INFO  interfaces.Container (KeyValueContainer.java:compactDB(356)) - Container 12 is closed with bcsId 97.
2019-07-14 10:56:37,879 INFO  interfaces.Container (KeyValueContainer.java:compactDB(356)) - Container 12 is closed with bcsId 97.
2019-07-14 10:56:38,594 INFO  interfaces.Container (KeyValueContainer.java:compactDB(356)) - Container 2 is closed with bcsId 52.
2019-07-14 10:56:38,599 INFO  interfaces.Container (KeyValueContainer.java:compactDB(356)) - Container 2 is closed with bcsId 52.
2019-07-14 10:56:38,614 INFO  interfaces.Container (KeyValueContainer.java:compactDB(356)) - Container 2 is closed with bcsId 52.
2019-07-14 10:56:38,656 INFO  interfaces.Container (KeyValueContainer.java:compactDB(356)) - Container 6 is closed with bcsId 60.
2019-07-14 10:56:38,657 INFO  interfaces.Container (KeyValueContainer.java:compactDB(356)) - Container 6 is closed with bcsId 60.
2019-07-14 10:56:38,682 INFO  interfaces.Container (KeyValueContainer.java:compactDB(356)) - Container 6 is closed with bcsId 60.
10:56:39.045 [grpc-default-executor-1] ERROR DNAudit - user=null | ip=null | op=WRITE_CHUNK {blockData=conID: 6 locID: 102439439331426324 bcsId: 60} | ret=FAILURE
org.apache.hadoop.hdds.scm.container.common.helpers.ContainerNotOpenException: Container 6 in CLOSED state
	at org.apache.hadoop.ozone.container.common.impl.HddsDispatcher.validateContainerCommand(HddsDispatcher.java:408) ~[hadoop-hdds-container-service-0.5.0-SNAPSHOT.jar:?]
	at org.apache.hadoop.ozone.container.common.transport.server.ratis.ContainerStateMachine.startTransaction(ContainerStateMachine.java:272) ~[hadoop-hdds-container-service-0.5.0-SNAPSHOT.jar:?]
	at org.apache.ratis.server.impl.RaftServerImpl.submitClientRequestAsync(RaftServerImpl.java:566) ~[ratis-server-0.4.0-2337318-SNAPSHOT.jar:0.4.0-2337318-SNAPSHOT]
	at org.apache.ratis.server.impl.RaftServerProxy.lambda$submitClientRequestAsync$7(RaftServerProxy.java:333) ~[ratis-server-0.4.0-2337318-SNAPSHOT.jar:0.4.0-2337318-SNAPSHOT]
	at org.apache.ratis.server.impl.RaftServerProxy.lambda$null$5(RaftServerProxy.java:328) ~[ratis-server-0.4.0-2337318-SNAPSHOT.jar:0.4.0-2337318-SNAPSHOT]
	at org.apache.ratis.util.JavaUtils.callAsUnchecked(JavaUtils.java:109) ~[ratis-common-0.4.0-2337318-SNAPSHOT.jar:0.4.0-2337318-SNAPSHOT]
	at org.apache.ratis.server.impl.RaftServerProxy.lambda$submitRequest$6(RaftServerProxy.java:328) ~[ratis-server-0.4.0-2337318-SNAPSHOT.jar:0.4.0-2337318-SNAPSHOT]
	at java.util.concurrent.CompletableFuture.uniComposeStage(CompletableFuture.java:981) ~[?:1.8.0_212]
	at java.util.concurrent.CompletableFuture.thenCompose(CompletableFuture.java:2124) ~[?:1.8.0_212]
	at org.apache.ratis.server.impl.RaftServerProxy.submitRequest(RaftServerProxy.java:327) ~[ratis-server-0.4.0-2337318-SNAPSHOT.jar:0.4.0-2337318-SNAPSHOT]
	at org.apache.ratis.server.impl.RaftServerProxy.submitClientRequestAsync(RaftServerProxy.java:333) ~[ratis-server-0.4.0-2337318-SNAPSHOT.jar:0.4.0-2337318-SNAPSHOT]
	at org.apache.ratis.grpc.client.GrpcClientProtocolService$RequestStreamObserver.processClientRequest(GrpcClientProtocolService.java:220) ~[ratis-grpc-0.4.0-2337318-SNAPSHOT.jar:0.4.0-2337318-SNAPSHOT]
	at org.apache.ratis.grpc.client.GrpcClientProtocolService$OrderedRequestStreamObserver.processClientRequest(GrpcClientProtocolService.java:326) ~[ratis-grpc-0.4.0-2337318-SNAPSHOT.jar:0.4.0-2337318-SNAPSHOT]
	at org.apache.ratis.util.SlidingWindow$Server.processRequestsFromHead(SlidingWindow.java:429) [ratis-common-0.4.0-2337318-SNAPSHOT.jar:0.4.0-2337318-SNAPSHOT]
	at org.apache.ratis.util.SlidingWindow$Server.receivedRequest(SlidingWindow.java:421) [ratis-common-0.4.0-2337318-SNAPSHOT.jar:0.4.0-2337318-SNAPSHOT]
	at org.apache.ratis.grpc.client.GrpcClientProtocolService$OrderedRequestStreamObserver.processClientRequest(GrpcClientProtocolService.java:345) [ratis-grpc-0.4.0-2337318-SNAPSHOT.jar:0.4.0-2337318-SNAPSHOT]
	at org.apache.ratis.grpc.client.GrpcClientProtocolService$RequestStreamObserver.onNext(GrpcClientProtocolService.java:240) [ratis-grpc-0.4.0-2337318-SNAPSHOT.jar:0.4.0-2337318-SNAPSHOT]
	at org.apache.ratis.grpc.client.GrpcClientProtocolService$RequestStreamObserver.onNext(GrpcClientProtocolService.java:168) [ratis-grpc-0.4.0-2337318-SNAPSHOT.jar:0.4.0-2337318-SNAPSHOT]
	at org.apache.ratis.thirdparty.io.grpc.stub.ServerCalls$StreamingServerCallHandler$StreamingServerCallListener.onMessage(ServerCalls.java:248) [ratis-thirdparty-misc-0.2.0.jar:0.2.0]
	at org.apache.ratis.thirdparty.io.grpc.internal.ServerCallImpl$ServerStreamListenerImpl.messagesAvailable(ServerCallImpl.java:263) [ratis-thirdparty-misc-0.2.0.jar:0.2.0]
	at org.apache.ratis.thirdparty.io.grpc.internal.ServerImpl$JumpToApplicationThreadServerStreamListener$1MessagesAvailable.runInContext(ServerImpl.java:686) [ratis-thirdparty-misc-0.2.0.jar:0.2.0]
	at org.apache.ratis.thirdparty.io.grpc.internal.ContextRunnable.run(ContextRunnable.java:37) [ratis-thirdparty-misc-0.2.0.jar:0.2.0]
	at org.apache.ratis.thirdparty.io.grpc.internal.SerializingExecutor.run(SerializingExecutor.java:123) [ratis-thirdparty-misc-0.2.0.jar:0.2.0]
	at java.util.concurrent.ThreadPoolExecutor.runWorker(ThreadPoolExecutor.java:1149) [?:1.8.0_212]
	at java.util.concurrent.ThreadPoolExecutor$Worker.run(ThreadPoolExecutor.java:624) [?:1.8.0_212]
	at java.lang.Thread.run(Thread.java:748) [?:1.8.0_212]
10:56:39.055 [grpc-default-executor-1] ERROR DNAudit - user=null | ip=null | op=PUT_BLOCK {blockData=[blockId=conID: 6 locID: 102439439331426324 bcsId: 0,size=2621440]} | ret=FAILURE
org.apache.hadoop.hdds.scm.container.common.helpers.ContainerNotOpenException: Container 6 in CLOSED state
	at org.apache.hadoop.ozone.container.common.impl.HddsDispatcher.validateContainerCommand(HddsDispatcher.java:408) ~[hadoop-hdds-container-service-0.5.0-SNAPSHOT.jar:?]
	at org.apache.hadoop.ozone.container.common.transport.server.ratis.ContainerStateMachine.startTransaction(ContainerStateMachine.java:272) ~[hadoop-hdds-container-service-0.5.0-SNAPSHOT.jar:?]
	at org.apache.ratis.server.impl.RaftServerImpl.submitClientRequestAsync(RaftServerImpl.java:566) ~[ratis-server-0.4.0-2337318-SNAPSHOT.jar:0.4.0-2337318-SNAPSHOT]
	at org.apache.ratis.server.impl.RaftServerProxy.lambda$submitClientRequestAsync$7(RaftServerProxy.java:333) ~[ratis-server-0.4.0-2337318-SNAPSHOT.jar:0.4.0-2337318-SNAPSHOT]
	at org.apache.ratis.server.impl.RaftServerProxy.lambda$null$5(RaftServerProxy.java:328) ~[ratis-server-0.4.0-2337318-SNAPSHOT.jar:0.4.0-2337318-SNAPSHOT]
	at org.apache.ratis.util.JavaUtils.callAsUnchecked(JavaUtils.java:109) ~[ratis-common-0.4.0-2337318-SNAPSHOT.jar:0.4.0-2337318-SNAPSHOT]
	at org.apache.ratis.server.impl.RaftServerProxy.lambda$submitRequest$6(RaftServerProxy.java:328) ~[ratis-server-0.4.0-2337318-SNAPSHOT.jar:0.4.0-2337318-SNAPSHOT]
	at java.util.concurrent.CompletableFuture.uniComposeStage(CompletableFuture.java:981) ~[?:1.8.0_212]
	at java.util.concurrent.CompletableFuture.thenCompose(CompletableFuture.java:2124) ~[?:1.8.0_212]
	at org.apache.ratis.server.impl.RaftServerProxy.submitRequest(RaftServerProxy.java:327) ~[ratis-server-0.4.0-2337318-SNAPSHOT.jar:0.4.0-2337318-SNAPSHOT]
	at org.apache.ratis.server.impl.RaftServerProxy.submitClientRequestAsync(RaftServerProxy.java:333) ~[ratis-server-0.4.0-2337318-SNAPSHOT.jar:0.4.0-2337318-SNAPSHOT]
	at org.apache.ratis.grpc.client.GrpcClientProtocolService$RequestStreamObserver.processClientRequest(GrpcClientProtocolService.java:220) ~[ratis-grpc-0.4.0-2337318-SNAPSHOT.jar:0.4.0-2337318-SNAPSHOT]
	at org.apache.ratis.grpc.client.GrpcClientProtocolService$OrderedRequestStreamObserver.processClientRequest(GrpcClientProtocolService.java:326) ~[ratis-grpc-0.4.0-2337318-SNAPSHOT.jar:0.4.0-2337318-SNAPSHOT]
	at org.apache.ratis.util.SlidingWindow$Server.processRequestsFromHead(SlidingWindow.java:429) [ratis-common-0.4.0-2337318-SNAPSHOT.jar:0.4.0-2337318-SNAPSHOT]
	at org.apache.ratis.util.SlidingWindow$Server.receivedRequest(SlidingWindow.java:421) [ratis-common-0.4.0-2337318-SNAPSHOT.jar:0.4.0-2337318-SNAPSHOT]
	at org.apache.ratis.grpc.client.GrpcClientProtocolService$OrderedRequestStreamObserver.processClientRequest(GrpcClientProtocolService.java:345) [ratis-grpc-0.4.0-2337318-SNAPSHOT.jar:0.4.0-2337318-SNAPSHOT]
	at org.apache.ratis.grpc.client.GrpcClientProtocolService$RequestStreamObserver.onNext(GrpcClientProtocolService.java:240) [ratis-grpc-0.4.0-2337318-SNAPSHOT.jar:0.4.0-2337318-SNAPSHOT]
	at org.apache.ratis.grpc.client.GrpcClientProtocolService$RequestStreamObserver.onNext(GrpcClientProtocolService.java:168) [ratis-grpc-0.4.0-2337318-SNAPSHOT.jar:0.4.0-2337318-SNAPSHOT]
	at org.apache.ratis.thirdparty.io.grpc.stub.ServerCalls$StreamingServerCallHandler$StreamingServerCallListener.onMessage(ServerCalls.java:248) [ratis-thirdparty-misc-0.2.0.jar:0.2.0]
	at org.apache.ratis.thirdparty.io.grpc.internal.ServerCallImpl$ServerStreamListenerImpl.messagesAvailable(ServerCallImpl.java:263) [ratis-thirdparty-misc-0.2.0.jar:0.2.0]
	at org.apache.ratis.thirdparty.io.grpc.internal.ServerImpl$JumpToApplicationThreadServerStreamListener$1MessagesAvailable.runInContext(ServerImpl.java:686) [ratis-thirdparty-misc-0.2.0.jar:0.2.0]
	at org.apache.ratis.thirdparty.io.grpc.internal.ContextRunnable.run(ContextRunnable.java:37) [ratis-thirdparty-misc-0.2.0.jar:0.2.0]
	at org.apache.ratis.thirdparty.io.grpc.internal.SerializingExecutor.run(SerializingExecutor.java:123) [ratis-thirdparty-misc-0.2.0.jar:0.2.0]
	at java.util.concurrent.ThreadPoolExecutor.runWorker(ThreadPoolExecutor.java:1149) [?:1.8.0_212]
	at java.util.concurrent.ThreadPoolExecutor$Worker.run(ThreadPoolExecutor.java:624) [?:1.8.0_212]
	at java.lang.Thread.run(Thread.java:748) [?:1.8.0_212]
2019-07-14 10:56:39,057 INFO  client.GrpcClientProtocolClient (GrpcClientProtocolClient.java:onNext(255)) - client-21E78743BBF0->41e22389-d6b0-478d-9070-56a3106463d4: receive RaftClientReply:client-21E78743BBF0->41e22389-d6b0-478d-9070-56a3106463d4@group-DFC950B5D6B8, cid=115, FAILED org.apache.ratis.protocol.StateMachineException: org.apache.hadoop.hdds.scm.container.common.helpers.ContainerNotOpenException from Server 41e22389-d6b0-478d-9070-56a3106463d4: Container 6 in CLOSED state, logIndex=0, commits[41e22389-d6b0-478d-9070-56a3106463d4:c66, 1060c4c8-82a0-4b24-acfd-34a0a85a558b:c65, cf9ddd5b-0d8a-4db4-9e03-3942e5d9cdb2:c65]
2019-07-14 10:56:39,064 INFO  client.GrpcClientProtocolClient (GrpcClientProtocolClient.java:onNext(255)) - client-21E78743BBF0->41e22389-d6b0-478d-9070-56a3106463d4: receive RaftClientReply:client-21E78743BBF0->41e22389-d6b0-478d-9070-56a3106463d4@group-DFC950B5D6B8, cid=116, FAILED org.apache.ratis.protocol.StateMachineException: org.apache.hadoop.hdds.scm.container.common.helpers.ContainerNotOpenException from Server 41e22389-d6b0-478d-9070-56a3106463d4: Container 6 in CLOSED state, logIndex=0, commits[41e22389-d6b0-478d-9070-56a3106463d4:c66, 1060c4c8-82a0-4b24-acfd-34a0a85a558b:c65, cf9ddd5b-0d8a-4db4-9e03-3942e5d9cdb2:c65]
2019-07-14 10:56:39,226 INFO  client.GrpcClientProtocolClient (GrpcClientProtocolClient.java:onNext(255)) - client-525A5C50BBCE->d2ea99aa-e00d-49c2-bfb3-5f583ed448f8: receive RaftClientReply:client-525A5C50BBCE->d2ea99aa-e00d-49c2-bfb3-5f583ed448f8@group-43A156A46A73, cid=117, SUCCESS, logIndex=104, commits[d2ea99aa-e00d-49c2-bfb3-5f583ed448f8:c105, 19b02754-dda9-4f14-881a-2dac3900a1b7:c103, ead0de76-64f0-414f-9177-e4eb047cf253:c103]
2019-07-14 10:56:39,276 INFO  client.GrpcClientProtocolClient (GrpcClientProtocolClient.java:onNext(255)) - client-525A5C50BBCE->d2ea99aa-e00d-49c2-bfb3-5f583ed448f8: receive RaftClientReply:client-525A5C50BBCE->d2ea99aa-e00d-49c2-bfb3-5f583ed448f8@group-43A156A46A73, cid=118, SUCCESS, logIndex=105, commits[d2ea99aa-e00d-49c2-bfb3-5f583ed448f8:c107, 19b02754-dda9-4f14-881a-2dac3900a1b7:c105, ead0de76-64f0-414f-9177-e4eb047cf253:c105]
2019-07-14 10:56:39,467 INFO  pipeline.Pipeline (Pipeline.java:getProtobufMessage(195)) - Serialize pipeline PipelineID=5d60e7ab-2134-47e3-b583-43a156a46a73 with nodesInOrder{ }
]]></system-out>
  </testcase>
  <testcase name="testMultiBlockWrites3" classname="org.apache.hadoop.ozone.client.rpc.TestCloseContainerHandlingByClient" time="3.536">
    <error type="java.lang.IllegalArgumentException">java.lang.IllegalArgumentException
	at com.google.common.base.Preconditions.checkArgument(Preconditions.java:72)
	at org.apache.hadoop.hdds.scm.XceiverClientManager.acquireClient(XceiverClientManager.java:150)
	at org.apache.hadoop.hdds.scm.XceiverClientManager.acquireClientForReadData(XceiverClientManager.java:143)
	at org.apache.hadoop.hdds.scm.storage.BlockInputStream.getChunkInfos(BlockInputStream.java:154)
	at org.apache.hadoop.hdds.scm.storage.BlockInputStream.initialize(BlockInputStream.java:118)
	at org.apache.hadoop.hdds.scm.storage.BlockInputStream.read(BlockInputStream.java:222)
	at org.apache.hadoop.ozone.client.io.KeyInputStream.read(KeyInputStream.java:171)
	at org.apache.hadoop.ozone.client.io.OzoneInputStream.read(OzoneInputStream.java:47)
	at java.io.InputStream.read(InputStream.java:101)
	at org.apache.hadoop.ozone.client.rpc.TestCloseContainerHandlingByClient.testMultiBlockWrites3(TestCloseContainerHandlingByClient.java:325)
	at sun.reflect.NativeMethodAccessorImpl.invoke0(Native Method)
	at sun.reflect.NativeMethodAccessorImpl.invoke(NativeMethodAccessorImpl.java:62)
	at sun.reflect.DelegatingMethodAccessorImpl.invoke(DelegatingMethodAccessorImpl.java:43)
	at java.lang.reflect.Method.invoke(Method.java:498)
	at org.junit.runners.model.FrameworkMethod$1.runReflectiveCall(FrameworkMethod.java:47)
	at org.junit.internal.runners.model.ReflectiveCallable.run(ReflectiveCallable.java:12)
	at org.junit.runners.model.FrameworkMethod.invokeExplosively(FrameworkMethod.java:44)
	at org.junit.internal.runners.statements.InvokeMethod.evaluate(InvokeMethod.java:17)
	at org.junit.runners.ParentRunner.runLeaf(ParentRunner.java:271)
	at org.junit.runners.BlockJUnit4ClassRunner.runChild(BlockJUnit4ClassRunner.java:70)
	at org.junit.runners.BlockJUnit4ClassRunner.runChild(BlockJUnit4ClassRunner.java:50)
	at org.junit.runners.ParentRunner$3.run(ParentRunner.java:238)
	at org.junit.runners.ParentRunner$1.schedule(ParentRunner.java:63)
	at org.junit.runners.ParentRunner.runChildren(ParentRunner.java:236)
	at org.junit.runners.ParentRunner.access$000(ParentRunner.java:53)
	at org.junit.runners.ParentRunner$2.evaluate(ParentRunner.java:229)
	at org.junit.internal.runners.statements.RunBefores.evaluate(RunBefores.java:26)
	at org.junit.internal.runners.statements.RunAfters.evaluate(RunAfters.java:27)
	at org.junit.runners.ParentRunner.run(ParentRunner.java:309)
	at org.apache.maven.surefire.junit4.JUnit4Provider.execute(JUnit4Provider.java:365)
	at org.apache.maven.surefire.junit4.JUnit4Provider.executeWithRerun(JUnit4Provider.java:273)
	at org.apache.maven.surefire.junit4.JUnit4Provider.executeTestSet(JUnit4Provider.java:238)
	at org.apache.maven.surefire.junit4.JUnit4Provider.invoke(JUnit4Provider.java:159)
	at org.apache.maven.surefire.booter.ForkedBooter.invokeProviderInSameClassLoader(ForkedBooter.java:384)
	at org.apache.maven.surefire.booter.ForkedBooter.runSuitesInProcess(ForkedBooter.java:345)
	at org.apache.maven.surefire.booter.ForkedBooter.execute(ForkedBooter.java:126)
	at org.apache.maven.surefire.booter.ForkedBooter.main(ForkedBooter.java:418)
</error>
    <system-out><![CDATA[2019-07-14 10:56:39,936 INFO  client.GrpcClientProtocolClient (GrpcClientProtocolClient.java:onNext(255)) - client-525A5C50BBCE->d2ea99aa-e00d-49c2-bfb3-5f583ed448f8: receive RaftClientReply:client-525A5C50BBCE->d2ea99aa-e00d-49c2-bfb3-5f583ed448f8@group-43A156A46A73, cid=119, SUCCESS, logIndex=108, commits[d2ea99aa-e00d-49c2-bfb3-5f583ed448f8:c111, 19b02754-dda9-4f14-881a-2dac3900a1b7:c107, ead0de76-64f0-414f-9177-e4eb047cf253:c107]
2019-07-14 10:56:39,984 INFO  client.GrpcClientProtocolClient (GrpcClientProtocolClient.java:onNext(255)) - client-525A5C50BBCE->d2ea99aa-e00d-49c2-bfb3-5f583ed448f8: receive RaftClientReply:client-525A5C50BBCE->d2ea99aa-e00d-49c2-bfb3-5f583ed448f8@group-43A156A46A73, cid=120, SUCCESS, logIndex=109, commits[d2ea99aa-e00d-49c2-bfb3-5f583ed448f8:c114, 19b02754-dda9-4f14-881a-2dac3900a1b7:c111, ead0de76-64f0-414f-9177-e4eb047cf253:c111]
2019-07-14 10:56:39,985 INFO  client.GrpcClientProtocolClient (GrpcClientProtocolClient.java:onNext(255)) - client-525A5C50BBCE->d2ea99aa-e00d-49c2-bfb3-5f583ed448f8: receive RaftClientReply:client-525A5C50BBCE->d2ea99aa-e00d-49c2-bfb3-5f583ed448f8@group-43A156A46A73, cid=121, SUCCESS, logIndex=110, commits[d2ea99aa-e00d-49c2-bfb3-5f583ed448f8:c114, 19b02754-dda9-4f14-881a-2dac3900a1b7:c111, ead0de76-64f0-414f-9177-e4eb047cf253:c111]
2019-07-14 10:56:40,075 INFO  client.GrpcClientProtocolClient (GrpcClientProtocolClient.java:onNext(255)) - client-525A5C50BBCE->d2ea99aa-e00d-49c2-bfb3-5f583ed448f8: receive RaftClientReply:client-525A5C50BBCE->d2ea99aa-e00d-49c2-bfb3-5f583ed448f8@group-43A156A46A73, cid=122, SUCCESS, logIndex=111, commits[d2ea99aa-e00d-49c2-bfb3-5f583ed448f8:c114, 19b02754-dda9-4f14-881a-2dac3900a1b7:c111, ead0de76-64f0-414f-9177-e4eb047cf253:c111]
2019-07-14 10:56:40,101 INFO  client.GrpcClientProtocolClient (GrpcClientProtocolClient.java:onNext(255)) - client-525A5C50BBCE->d2ea99aa-e00d-49c2-bfb3-5f583ed448f8: receive RaftClientReply:client-525A5C50BBCE->d2ea99aa-e00d-49c2-bfb3-5f583ed448f8@group-43A156A46A73, cid=123, SUCCESS, logIndex=115, commits[d2ea99aa-e00d-49c2-bfb3-5f583ed448f8:c117, 19b02754-dda9-4f14-881a-2dac3900a1b7:c114, ead0de76-64f0-414f-9177-e4eb047cf253:c114]
2019-07-14 10:56:40,101 INFO  client.GrpcClientProtocolClient (GrpcClientProtocolClient.java:onNext(255)) - client-525A5C50BBCE->d2ea99aa-e00d-49c2-bfb3-5f583ed448f8: receive RaftClientReply:client-525A5C50BBCE->d2ea99aa-e00d-49c2-bfb3-5f583ed448f8@group-43A156A46A73, cid=124, SUCCESS, logIndex=116, commits[d2ea99aa-e00d-49c2-bfb3-5f583ed448f8:c118, 19b02754-dda9-4f14-881a-2dac3900a1b7:c114, ead0de76-64f0-414f-9177-e4eb047cf253:c114]
2019-07-14 10:56:40,102 INFO  client.GrpcClientProtocolClient (GrpcClientProtocolClient.java:onNext(255)) - client-525A5C50BBCE->d2ea99aa-e00d-49c2-bfb3-5f583ed448f8: receive RaftClientReply:client-525A5C50BBCE->d2ea99aa-e00d-49c2-bfb3-5f583ed448f8@group-43A156A46A73, cid=125, SUCCESS, logIndex=117, commits[d2ea99aa-e00d-49c2-bfb3-5f583ed448f8:c118, 19b02754-dda9-4f14-881a-2dac3900a1b7:c114, ead0de76-64f0-414f-9177-e4eb047cf253:c114]
2019-07-14 10:56:40,103 INFO  client.GrpcClientProtocolClient (GrpcClientProtocolClient.java:onNext(255)) - client-525A5C50BBCE->d2ea99aa-e00d-49c2-bfb3-5f583ed448f8: receive RaftClientReply:client-525A5C50BBCE->d2ea99aa-e00d-49c2-bfb3-5f583ed448f8@group-43A156A46A73, cid=126, SUCCESS, logIndex=118, commits[d2ea99aa-e00d-49c2-bfb3-5f583ed448f8:c118, 19b02754-dda9-4f14-881a-2dac3900a1b7:c114, ead0de76-64f0-414f-9177-e4eb047cf253:c114]
2019-07-14 10:56:40,106 INFO  client.GrpcClientProtocolClient (GrpcClientProtocolClient.java:onNext(255)) - client-525A5C50BBCE->d2ea99aa-e00d-49c2-bfb3-5f583ed448f8: receive RaftClientReply:client-525A5C50BBCE->d2ea99aa-e00d-49c2-bfb3-5f583ed448f8@group-43A156A46A73, cid=127, SUCCESS, logIndex=0, commits[d2ea99aa-e00d-49c2-bfb3-5f583ed448f8:c119, 19b02754-dda9-4f14-881a-2dac3900a1b7:c116, ead0de76-64f0-414f-9177-e4eb047cf253:c116]
2019-07-14 10:56:40,109 INFO  client.GrpcClientProtocolClient (GrpcClientProtocolClient.java:onNext(255)) - client-525A5C50BBCE->d2ea99aa-e00d-49c2-bfb3-5f583ed448f8: receive RaftClientReply:client-525A5C50BBCE->d2ea99aa-e00d-49c2-bfb3-5f583ed448f8@group-43A156A46A73, cid=128, SUCCESS, logIndex=0, commits[d2ea99aa-e00d-49c2-bfb3-5f583ed448f8:c122, 19b02754-dda9-4f14-881a-2dac3900a1b7:c118, ead0de76-64f0-414f-9177-e4eb047cf253:c118]
2019-07-14 10:56:40,249 INFO  client.GrpcClientProtocolClient (GrpcClientProtocolClient.java:onNext(255)) - client-21E78743BBF0->41e22389-d6b0-478d-9070-56a3106463d4: receive RaftClientReply:client-21E78743BBF0->41e22389-d6b0-478d-9070-56a3106463d4@group-DFC950B5D6B8, cid=129, SUCCESS, logIndex=67, commits[41e22389-d6b0-478d-9070-56a3106463d4:c70, 1060c4c8-82a0-4b24-acfd-34a0a85a558b:c66, cf9ddd5b-0d8a-4db4-9e03-3942e5d9cdb2:c66]
2019-07-14 10:56:40,288 INFO  client.GrpcClientProtocolClient (GrpcClientProtocolClient.java:onNext(255)) - client-21E78743BBF0->41e22389-d6b0-478d-9070-56a3106463d4: receive RaftClientReply:client-21E78743BBF0->41e22389-d6b0-478d-9070-56a3106463d4@group-DFC950B5D6B8, cid=130, SUCCESS, logIndex=68, commits[41e22389-d6b0-478d-9070-56a3106463d4:c74, 1060c4c8-82a0-4b24-acfd-34a0a85a558b:c70, cf9ddd5b-0d8a-4db4-9e03-3942e5d9cdb2:c70]
2019-07-14 10:56:40,289 INFO  client.GrpcClientProtocolClient (GrpcClientProtocolClient.java:onNext(255)) - client-21E78743BBF0->41e22389-d6b0-478d-9070-56a3106463d4: receive RaftClientReply:client-21E78743BBF0->41e22389-d6b0-478d-9070-56a3106463d4@group-DFC950B5D6B8, cid=131, SUCCESS, logIndex=69, commits[41e22389-d6b0-478d-9070-56a3106463d4:c74, 1060c4c8-82a0-4b24-acfd-34a0a85a558b:c70, cf9ddd5b-0d8a-4db4-9e03-3942e5d9cdb2:c70]
2019-07-14 10:56:40,365 INFO  client.GrpcClientProtocolClient (GrpcClientProtocolClient.java:onNext(255)) - client-21E78743BBF0->41e22389-d6b0-478d-9070-56a3106463d4: receive RaftClientReply:client-21E78743BBF0->41e22389-d6b0-478d-9070-56a3106463d4@group-DFC950B5D6B8, cid=132, SUCCESS, logIndex=70, commits[41e22389-d6b0-478d-9070-56a3106463d4:c74, 1060c4c8-82a0-4b24-acfd-34a0a85a558b:c70, cf9ddd5b-0d8a-4db4-9e03-3942e5d9cdb2:c70]
2019-07-14 10:56:40,396 INFO  client.GrpcClientProtocolClient (GrpcClientProtocolClient.java:onNext(255)) - client-21E78743BBF0->41e22389-d6b0-478d-9070-56a3106463d4: receive RaftClientReply:client-21E78743BBF0->41e22389-d6b0-478d-9070-56a3106463d4@group-DFC950B5D6B8, cid=133, SUCCESS, logIndex=75, commits[41e22389-d6b0-478d-9070-56a3106463d4:c77, 1060c4c8-82a0-4b24-acfd-34a0a85a558b:c74, cf9ddd5b-0d8a-4db4-9e03-3942e5d9cdb2:c74]
2019-07-14 10:56:40,397 INFO  client.GrpcClientProtocolClient (GrpcClientProtocolClient.java:onNext(255)) - client-21E78743BBF0->41e22389-d6b0-478d-9070-56a3106463d4: receive RaftClientReply:client-21E78743BBF0->41e22389-d6b0-478d-9070-56a3106463d4@group-DFC950B5D6B8, cid=134, SUCCESS, logIndex=76, commits[41e22389-d6b0-478d-9070-56a3106463d4:c78, 1060c4c8-82a0-4b24-acfd-34a0a85a558b:c74, cf9ddd5b-0d8a-4db4-9e03-3942e5d9cdb2:c74]
2019-07-14 10:56:40,397 INFO  client.GrpcClientProtocolClient (GrpcClientProtocolClient.java:onNext(255)) - client-21E78743BBF0->41e22389-d6b0-478d-9070-56a3106463d4: receive RaftClientReply:client-21E78743BBF0->41e22389-d6b0-478d-9070-56a3106463d4@group-DFC950B5D6B8, cid=135, SUCCESS, logIndex=77, commits[41e22389-d6b0-478d-9070-56a3106463d4:c78, 1060c4c8-82a0-4b24-acfd-34a0a85a558b:c74, cf9ddd5b-0d8a-4db4-9e03-3942e5d9cdb2:c74]
2019-07-14 10:56:40,398 INFO  client.GrpcClientProtocolClient (GrpcClientProtocolClient.java:onNext(255)) - client-21E78743BBF0->41e22389-d6b0-478d-9070-56a3106463d4: receive RaftClientReply:client-21E78743BBF0->41e22389-d6b0-478d-9070-56a3106463d4@group-DFC950B5D6B8, cid=136, SUCCESS, logIndex=78, commits[41e22389-d6b0-478d-9070-56a3106463d4:c78, 1060c4c8-82a0-4b24-acfd-34a0a85a558b:c74, cf9ddd5b-0d8a-4db4-9e03-3942e5d9cdb2:c74]
2019-07-14 10:56:40,408 INFO  client.GrpcClientProtocolClient (GrpcClientProtocolClient.java:onNext(255)) - client-21E78743BBF0->41e22389-d6b0-478d-9070-56a3106463d4: receive RaftClientReply:client-21E78743BBF0->41e22389-d6b0-478d-9070-56a3106463d4@group-DFC950B5D6B8, cid=137, SUCCESS, logIndex=0, commits[41e22389-d6b0-478d-9070-56a3106463d4:c82, 1060c4c8-82a0-4b24-acfd-34a0a85a558b:c77, cf9ddd5b-0d8a-4db4-9e03-3942e5d9cdb2:c78]
2019-07-14 10:56:40,410 INFO  client.GrpcClientProtocolClient (GrpcClientProtocolClient.java:onNext(255)) - client-21E78743BBF0->41e22389-d6b0-478d-9070-56a3106463d4: receive RaftClientReply:client-21E78743BBF0->41e22389-d6b0-478d-9070-56a3106463d4@group-DFC950B5D6B8, cid=138, SUCCESS, logIndex=0, commits[41e22389-d6b0-478d-9070-56a3106463d4:c82, 1060c4c8-82a0-4b24-acfd-34a0a85a558b:c78, cf9ddd5b-0d8a-4db4-9e03-3942e5d9cdb2:c78]
2019-07-14 10:56:40,507 INFO  client.GrpcClientProtocolClient (GrpcClientProtocolClient.java:onNext(255)) - client-21E78743BBF0->41e22389-d6b0-478d-9070-56a3106463d4: receive RaftClientReply:client-21E78743BBF0->41e22389-d6b0-478d-9070-56a3106463d4@group-DFC950B5D6B8, cid=139, SUCCESS, logIndex=83, commits[41e22389-d6b0-478d-9070-56a3106463d4:c86, 1060c4c8-82a0-4b24-acfd-34a0a85a558b:c82, cf9ddd5b-0d8a-4db4-9e03-3942e5d9cdb2:c78]
2019-07-14 10:56:40,540 INFO  client.GrpcClientProtocolClient (GrpcClientProtocolClient.java:onNext(255)) - client-21E78743BBF0->41e22389-d6b0-478d-9070-56a3106463d4: receive RaftClientReply:client-21E78743BBF0->41e22389-d6b0-478d-9070-56a3106463d4@group-DFC950B5D6B8, cid=140, SUCCESS, logIndex=84, commits[41e22389-d6b0-478d-9070-56a3106463d4:c89, 1060c4c8-82a0-4b24-acfd-34a0a85a558b:c86, cf9ddd5b-0d8a-4db4-9e03-3942e5d9cdb2:c86]
2019-07-14 10:56:40,540 INFO  client.GrpcClientProtocolClient (GrpcClientProtocolClient.java:onNext(255)) - client-21E78743BBF0->41e22389-d6b0-478d-9070-56a3106463d4: receive RaftClientReply:client-21E78743BBF0->41e22389-d6b0-478d-9070-56a3106463d4@group-DFC950B5D6B8, cid=141, SUCCESS, logIndex=85, commits[41e22389-d6b0-478d-9070-56a3106463d4:c89, 1060c4c8-82a0-4b24-acfd-34a0a85a558b:c86, cf9ddd5b-0d8a-4db4-9e03-3942e5d9cdb2:c86]
2019-07-14 10:56:40,611 INFO  client.GrpcClientProtocolClient (GrpcClientProtocolClient.java:onNext(255)) - client-21E78743BBF0->41e22389-d6b0-478d-9070-56a3106463d4: receive RaftClientReply:client-21E78743BBF0->41e22389-d6b0-478d-9070-56a3106463d4@group-DFC950B5D6B8, cid=142, SUCCESS, logIndex=86, commits[41e22389-d6b0-478d-9070-56a3106463d4:c89, 1060c4c8-82a0-4b24-acfd-34a0a85a558b:c86, cf9ddd5b-0d8a-4db4-9e03-3942e5d9cdb2:c86]
2019-07-14 10:56:40,635 INFO  client.GrpcClientProtocolClient (GrpcClientProtocolClient.java:onNext(255)) - client-21E78743BBF0->41e22389-d6b0-478d-9070-56a3106463d4: receive RaftClientReply:client-21E78743BBF0->41e22389-d6b0-478d-9070-56a3106463d4@group-DFC950B5D6B8, cid=143, SUCCESS, logIndex=90, commits[41e22389-d6b0-478d-9070-56a3106463d4:c91, 1060c4c8-82a0-4b24-acfd-34a0a85a558b:c89, cf9ddd5b-0d8a-4db4-9e03-3942e5d9cdb2:c89]
2019-07-14 10:56:40,636 INFO  client.GrpcClientProtocolClient (GrpcClientProtocolClient.java:onNext(255)) - client-21E78743BBF0->41e22389-d6b0-478d-9070-56a3106463d4: receive RaftClientReply:client-21E78743BBF0->41e22389-d6b0-478d-9070-56a3106463d4@group-DFC950B5D6B8, cid=144, SUCCESS, logIndex=91, commits[41e22389-d6b0-478d-9070-56a3106463d4:c93, 1060c4c8-82a0-4b24-acfd-34a0a85a558b:c89, cf9ddd5b-0d8a-4db4-9e03-3942e5d9cdb2:c89]
2019-07-14 10:56:40,636 INFO  client.GrpcClientProtocolClient (GrpcClientProtocolClient.java:onNext(255)) - client-21E78743BBF0->41e22389-d6b0-478d-9070-56a3106463d4: receive RaftClientReply:client-21E78743BBF0->41e22389-d6b0-478d-9070-56a3106463d4@group-DFC950B5D6B8, cid=145, SUCCESS, logIndex=92, commits[41e22389-d6b0-478d-9070-56a3106463d4:c93, 1060c4c8-82a0-4b24-acfd-34a0a85a558b:c89, cf9ddd5b-0d8a-4db4-9e03-3942e5d9cdb2:c89]
2019-07-14 10:56:40,637 INFO  client.GrpcClientProtocolClient (GrpcClientProtocolClient.java:onNext(255)) - client-21E78743BBF0->41e22389-d6b0-478d-9070-56a3106463d4: receive RaftClientReply:client-21E78743BBF0->41e22389-d6b0-478d-9070-56a3106463d4@group-DFC950B5D6B8, cid=146, SUCCESS, logIndex=93, commits[41e22389-d6b0-478d-9070-56a3106463d4:c93, 1060c4c8-82a0-4b24-acfd-34a0a85a558b:c89, cf9ddd5b-0d8a-4db4-9e03-3942e5d9cdb2:c89]
2019-07-14 10:56:40,643 INFO  client.GrpcClientProtocolClient (GrpcClientProtocolClient.java:onNext(255)) - client-21E78743BBF0->41e22389-d6b0-478d-9070-56a3106463d4: receive RaftClientReply:client-21E78743BBF0->41e22389-d6b0-478d-9070-56a3106463d4@group-DFC950B5D6B8, cid=147, SUCCESS, logIndex=0, commits[41e22389-d6b0-478d-9070-56a3106463d4:c95, 1060c4c8-82a0-4b24-acfd-34a0a85a558b:c91, cf9ddd5b-0d8a-4db4-9e03-3942e5d9cdb2:c91]
2019-07-14 10:56:40,645 INFO  client.GrpcClientProtocolClient (GrpcClientProtocolClient.java:onNext(255)) - client-21E78743BBF0->41e22389-d6b0-478d-9070-56a3106463d4: receive RaftClientReply:client-21E78743BBF0->41e22389-d6b0-478d-9070-56a3106463d4@group-DFC950B5D6B8, cid=148, SUCCESS, logIndex=0, commits[41e22389-d6b0-478d-9070-56a3106463d4:c97, 1060c4c8-82a0-4b24-acfd-34a0a85a558b:c93, cf9ddd5b-0d8a-4db4-9e03-3942e5d9cdb2:c93]
2019-07-14 10:56:40,648 INFO  container.CloseContainerEventHandler (CloseContainerEventHandler.java:onMessage(61)) - Close container Event triggered for container : #14
2019-07-14 10:56:40,649 INFO  container.CloseContainerEventHandler (CloseContainerEventHandler.java:onMessage(61)) - Close container Event triggered for container : #14
2019-07-14 10:56:40,649 INFO  container.CloseContainerEventHandler (CloseContainerEventHandler.java:onMessage(61)) - Close container Event triggered for container : #14
2019-07-14 10:56:40,649 INFO  container.CloseContainerEventHandler (CloseContainerEventHandler.java:onMessage(61)) - Close container Event triggered for container : #15
2019-07-14 10:56:40,649 INFO  container.CloseContainerEventHandler (CloseContainerEventHandler.java:onMessage(61)) - Close container Event triggered for container : #15
2019-07-14 10:56:40,650 INFO  container.CloseContainerEventHandler (CloseContainerEventHandler.java:onMessage(61)) - Close container Event triggered for container : #15
2019-07-14 10:56:40,650 INFO  container.CloseContainerEventHandler (CloseContainerEventHandler.java:onMessage(61)) - Close container Event triggered for container : #16
2019-07-14 10:56:40,650 INFO  container.CloseContainerEventHandler (CloseContainerEventHandler.java:onMessage(61)) - Close container Event triggered for container : #16
2019-07-14 10:56:40,650 INFO  container.CloseContainerEventHandler (CloseContainerEventHandler.java:onMessage(61)) - Close container Event triggered for container : #16
2019-07-14 10:56:40,650 INFO  container.CloseContainerEventHandler (CloseContainerEventHandler.java:onMessage(61)) - Close container Event triggered for container : #11
2019-07-14 10:56:40,651 INFO  container.CloseContainerEventHandler (CloseContainerEventHandler.java:onMessage(61)) - Close container Event triggered for container : #11
2019-07-14 10:56:40,651 INFO  container.CloseContainerEventHandler (CloseContainerEventHandler.java:onMessage(61)) - Close container Event triggered for container : #11
2019-07-14 10:56:40,683 INFO  client.GrpcClientProtocolClient (GrpcClientProtocolClient.java:onNext(255)) - client-21E78743BBF0->41e22389-d6b0-478d-9070-56a3106463d4: receive RaftClientReply:client-21E78743BBF0->41e22389-d6b0-478d-9070-56a3106463d4@group-DFC950B5D6B8, cid=149, SUCCESS, logIndex=98, commits[41e22389-d6b0-478d-9070-56a3106463d4:c99, 1060c4c8-82a0-4b24-acfd-34a0a85a558b:c97, cf9ddd5b-0d8a-4db4-9e03-3942e5d9cdb2:c97]
2019-07-14 10:56:40,684 INFO  client.GrpcClientProtocolClient (GrpcClientProtocolClient.java:onNext(255)) - client-21E78743BBF0->41e22389-d6b0-478d-9070-56a3106463d4: receive RaftClientReply:client-21E78743BBF0->41e22389-d6b0-478d-9070-56a3106463d4@group-DFC950B5D6B8, cid=150, SUCCESS, logIndex=99, commits[41e22389-d6b0-478d-9070-56a3106463d4:c99, 1060c4c8-82a0-4b24-acfd-34a0a85a558b:c97, cf9ddd5b-0d8a-4db4-9e03-3942e5d9cdb2:c97]
2019-07-14 10:56:41,273 INFO  interfaces.Container (KeyValueContainer.java:compactDB(356)) - Container 14 is closed with bcsId 118.
2019-07-14 10:56:41,279 INFO  interfaces.Container (KeyValueContainer.java:compactDB(356)) - Container 14 is closed with bcsId 118.
2019-07-14 10:56:41,292 INFO  interfaces.Container (KeyValueContainer.java:compactDB(356)) - Container 14 is closed with bcsId 118.
2019-07-14 10:56:42,526 INFO  interfaces.Container (KeyValueContainer.java:compactDB(356)) - Container 15 is closed with bcsId 78.
2019-07-14 10:56:42,540 INFO  interfaces.Container (KeyValueContainer.java:compactDB(356)) - Container 15 is closed with bcsId 78.
2019-07-14 10:56:42,554 INFO  interfaces.Container (KeyValueContainer.java:compactDB(356)) - Container 15 is closed with bcsId 78.
2019-07-14 10:56:42,588 INFO  interfaces.Container (KeyValueContainer.java:compactDB(356)) - Container 16 is closed with bcsId 93.
2019-07-14 10:56:42,588 INFO  interfaces.Container (KeyValueContainer.java:compactDB(356)) - Container 16 is closed with bcsId 93.
2019-07-14 10:56:42,614 INFO  interfaces.Container (KeyValueContainer.java:compactDB(356)) - Container 16 is closed with bcsId 93.
2019-07-14 10:56:42,652 INFO  interfaces.Container (KeyValueContainer.java:compactDB(356)) - Container 11 is closed with bcsId 99.
2019-07-14 10:56:42,653 INFO  interfaces.Container (KeyValueContainer.java:compactDB(356)) - Container 11 is closed with bcsId 99.
10:56:42.655 [grpc-default-executor-0] ERROR DNAudit - user=null | ip=null | op=WRITE_CHUNK {blockData=conID: 11 locID: 102439439530590234 bcsId: 99} | ret=FAILURE
org.apache.hadoop.hdds.scm.container.common.helpers.ContainerNotOpenException: Container 11 in CLOSED state
	at org.apache.hadoop.ozone.container.common.impl.HddsDispatcher.validateContainerCommand(HddsDispatcher.java:408) ~[hadoop-hdds-container-service-0.5.0-SNAPSHOT.jar:?]
	at org.apache.hadoop.ozone.container.common.transport.server.ratis.ContainerStateMachine.startTransaction(ContainerStateMachine.java:272) ~[hadoop-hdds-container-service-0.5.0-SNAPSHOT.jar:?]
	at org.apache.ratis.server.impl.RaftServerImpl.submitClientRequestAsync(RaftServerImpl.java:566) ~[ratis-server-0.4.0-2337318-SNAPSHOT.jar:0.4.0-2337318-SNAPSHOT]
	at org.apache.ratis.server.impl.RaftServerProxy.lambda$submitClientRequestAsync$7(RaftServerProxy.java:333) ~[ratis-server-0.4.0-2337318-SNAPSHOT.jar:0.4.0-2337318-SNAPSHOT]
	at org.apache.ratis.server.impl.RaftServerProxy.lambda$null$5(RaftServerProxy.java:328) ~[ratis-server-0.4.0-2337318-SNAPSHOT.jar:0.4.0-2337318-SNAPSHOT]
	at org.apache.ratis.util.JavaUtils.callAsUnchecked(JavaUtils.java:109) ~[ratis-common-0.4.0-2337318-SNAPSHOT.jar:0.4.0-2337318-SNAPSHOT]
	at org.apache.ratis.server.impl.RaftServerProxy.lambda$submitRequest$6(RaftServerProxy.java:328) ~[ratis-server-0.4.0-2337318-SNAPSHOT.jar:0.4.0-2337318-SNAPSHOT]
	at java.util.concurrent.CompletableFuture.uniComposeStage(CompletableFuture.java:981) ~[?:1.8.0_212]
	at java.util.concurrent.CompletableFuture.thenCompose(CompletableFuture.java:2124) ~[?:1.8.0_212]
	at org.apache.ratis.server.impl.RaftServerProxy.submitRequest(RaftServerProxy.java:327) ~[ratis-server-0.4.0-2337318-SNAPSHOT.jar:0.4.0-2337318-SNAPSHOT]
	at org.apache.ratis.server.impl.RaftServerProxy.submitClientRequestAsync(RaftServerProxy.java:333) ~[ratis-server-0.4.0-2337318-SNAPSHOT.jar:0.4.0-2337318-SNAPSHOT]
	at org.apache.ratis.grpc.client.GrpcClientProtocolService$RequestStreamObserver.processClientRequest(GrpcClientProtocolService.java:220) ~[ratis-grpc-0.4.0-2337318-SNAPSHOT.jar:0.4.0-2337318-SNAPSHOT]
	at org.apache.ratis.grpc.client.GrpcClientProtocolService$OrderedRequestStreamObserver.processClientRequest(GrpcClientProtocolService.java:326) ~[ratis-grpc-0.4.0-2337318-SNAPSHOT.jar:0.4.0-2337318-SNAPSHOT]
	at org.apache.ratis.util.SlidingWindow$Server.processRequestsFromHead(SlidingWindow.java:429) [ratis-common-0.4.0-2337318-SNAPSHOT.jar:0.4.0-2337318-SNAPSHOT]
	at org.apache.ratis.util.SlidingWindow$Server.receivedRequest(SlidingWindow.java:421) [ratis-common-0.4.0-2337318-SNAPSHOT.jar:0.4.0-2337318-SNAPSHOT]
	at org.apache.ratis.grpc.client.GrpcClientProtocolService$OrderedRequestStreamObserver.processClientRequest(GrpcClientProtocolService.java:345) [ratis-grpc-0.4.0-2337318-SNAPSHOT.jar:0.4.0-2337318-SNAPSHOT]
	at org.apache.ratis.grpc.client.GrpcClientProtocolService$RequestStreamObserver.onNext(GrpcClientProtocolService.java:240) [ratis-grpc-0.4.0-2337318-SNAPSHOT.jar:0.4.0-2337318-SNAPSHOT]
	at org.apache.ratis.grpc.client.GrpcClientProtocolService$RequestStreamObserver.onNext(GrpcClientProtocolService.java:168) [ratis-grpc-0.4.0-2337318-SNAPSHOT.jar:0.4.0-2337318-SNAPSHOT]
	at org.apache.ratis.thirdparty.io.grpc.stub.ServerCalls$StreamingServerCallHandler$StreamingServerCallListener.onMessage(ServerCalls.java:248) [ratis-thirdparty-misc-0.2.0.jar:0.2.0]
	at org.apache.ratis.thirdparty.io.grpc.internal.ServerCallImpl$ServerStreamListenerImpl.messagesAvailable(ServerCallImpl.java:263) [ratis-thirdparty-misc-0.2.0.jar:0.2.0]
	at org.apache.ratis.thirdparty.io.grpc.internal.ServerImpl$JumpToApplicationThreadServerStreamListener$1MessagesAvailable.runInContext(ServerImpl.java:686) [ratis-thirdparty-misc-0.2.0.jar:0.2.0]
	at org.apache.ratis.thirdparty.io.grpc.internal.ContextRunnable.run(ContextRunnable.java:37) [ratis-thirdparty-misc-0.2.0.jar:0.2.0]
	at org.apache.ratis.thirdparty.io.grpc.internal.SerializingExecutor.run(SerializingExecutor.java:123) [ratis-thirdparty-misc-0.2.0.jar:0.2.0]
	at java.util.concurrent.ThreadPoolExecutor.runWorker(ThreadPoolExecutor.java:1149) [?:1.8.0_212]
	at java.util.concurrent.ThreadPoolExecutor$Worker.run(ThreadPoolExecutor.java:624) [?:1.8.0_212]
	at java.lang.Thread.run(Thread.java:748) [?:1.8.0_212]
10:56:42.664 [grpc-default-executor-0] ERROR DNAudit - user=null | ip=null | op=PUT_BLOCK {blockData=[blockId=conID: 11 locID: 102439439530590234 bcsId: 0,size=2097152]} | ret=FAILURE
org.apache.hadoop.hdds.scm.container.common.helpers.ContainerNotOpenException: Container 11 in CLOSED state
	at org.apache.hadoop.ozone.container.common.impl.HddsDispatcher.validateContainerCommand(HddsDispatcher.java:408) ~[hadoop-hdds-container-service-0.5.0-SNAPSHOT.jar:?]
	at org.apache.hadoop.ozone.container.common.transport.server.ratis.ContainerStateMachine.startTransaction(ContainerStateMachine.java:272) ~[hadoop-hdds-container-service-0.5.0-SNAPSHOT.jar:?]
	at org.apache.ratis.server.impl.RaftServerImpl.submitClientRequestAsync(RaftServerImpl.java:566) ~[ratis-server-0.4.0-2337318-SNAPSHOT.jar:0.4.0-2337318-SNAPSHOT]
	at org.apache.ratis.server.impl.RaftServerProxy.lambda$submitClientRequestAsync$7(RaftServerProxy.java:333) ~[ratis-server-0.4.0-2337318-SNAPSHOT.jar:0.4.0-2337318-SNAPSHOT]
	at org.apache.ratis.server.impl.RaftServerProxy.lambda$null$5(RaftServerProxy.java:328) ~[ratis-server-0.4.0-2337318-SNAPSHOT.jar:0.4.0-2337318-SNAPSHOT]
	at org.apache.ratis.util.JavaUtils.callAsUnchecked(JavaUtils.java:109) ~[ratis-common-0.4.0-2337318-SNAPSHOT.jar:0.4.0-2337318-SNAPSHOT]
	at org.apache.ratis.server.impl.RaftServerProxy.lambda$submitRequest$6(RaftServerProxy.java:328) ~[ratis-server-0.4.0-2337318-SNAPSHOT.jar:0.4.0-2337318-SNAPSHOT]
	at java.util.concurrent.CompletableFuture.uniComposeStage(CompletableFuture.java:981) ~[?:1.8.0_212]
	at java.util.concurrent.CompletableFuture.thenCompose(CompletableFuture.java:2124) ~[?:1.8.0_212]
	at org.apache.ratis.server.impl.RaftServerProxy.submitRequest(RaftServerProxy.java:327) ~[ratis-server-0.4.0-2337318-SNAPSHOT.jar:0.4.0-2337318-SNAPSHOT]
	at org.apache.ratis.server.impl.RaftServerProxy.submitClientRequestAsync(RaftServerProxy.java:333) ~[ratis-server-0.4.0-2337318-SNAPSHOT.jar:0.4.0-2337318-SNAPSHOT]
	at org.apache.ratis.grpc.client.GrpcClientProtocolService$RequestStreamObserver.processClientRequest(GrpcClientProtocolService.java:220) ~[ratis-grpc-0.4.0-2337318-SNAPSHOT.jar:0.4.0-2337318-SNAPSHOT]
	at org.apache.ratis.grpc.client.GrpcClientProtocolService$OrderedRequestStreamObserver.processClientRequest(GrpcClientProtocolService.java:326) ~[ratis-grpc-0.4.0-2337318-SNAPSHOT.jar:0.4.0-2337318-SNAPSHOT]
	at org.apache.ratis.util.SlidingWindow$Server.processRequestsFromHead(SlidingWindow.java:429) [ratis-common-0.4.0-2337318-SNAPSHOT.jar:0.4.0-2337318-SNAPSHOT]
	at org.apache.ratis.util.SlidingWindow$Server.receivedRequest(SlidingWindow.java:421) [ratis-common-0.4.0-2337318-SNAPSHOT.jar:0.4.0-2337318-SNAPSHOT]
	at org.apache.ratis.grpc.client.GrpcClientProtocolService$OrderedRequestStreamObserver.processClientRequest(GrpcClientProtocolService.java:345) [ratis-grpc-0.4.0-2337318-SNAPSHOT.jar:0.4.0-2337318-SNAPSHOT]
	at org.apache.ratis.grpc.client.GrpcClientProtocolService$RequestStreamObserver.onNext(GrpcClientProtocolService.java:240) [ratis-grpc-0.4.0-2337318-SNAPSHOT.jar:0.4.0-2337318-SNAPSHOT]
	at org.apache.ratis.grpc.client.GrpcClientProtocolService$RequestStreamObserver.onNext(GrpcClientProtocolService.java:168) [ratis-grpc-0.4.0-2337318-SNAPSHOT.jar:0.4.0-2337318-SNAPSHOT]
	at org.apache.ratis.thirdparty.io.grpc.stub.ServerCalls$StreamingServerCallHandler$StreamingServerCallListener.onMessage(ServerCalls.java:248) [ratis-thirdparty-misc-0.2.0.jar:0.2.0]
	at org.apache.ratis.thirdparty.io.grpc.internal.ServerCallImpl$ServerStreamListenerImpl.messagesAvailable(ServerCallImpl.java:263) [ratis-thirdparty-misc-0.2.0.jar:0.2.0]
	at org.apache.ratis.thirdparty.io.grpc.internal.ServerImpl$JumpToApplicationThreadServerStreamListener$1MessagesAvailable.runInContext(ServerImpl.java:686) [ratis-thirdparty-misc-0.2.0.jar:0.2.0]
	at org.apache.ratis.thirdparty.io.grpc.internal.ContextRunnable.run(ContextRunnable.java:37) [ratis-thirdparty-misc-0.2.0.jar:0.2.0]
	at org.apache.ratis.thirdparty.io.grpc.internal.SerializingExecutor.run(SerializingExecutor.java:123) [ratis-thirdparty-misc-0.2.0.jar:0.2.0]
	at java.util.concurrent.ThreadPoolExecutor.runWorker(ThreadPoolExecutor.java:1149) [?:1.8.0_212]
	at java.util.concurrent.ThreadPoolExecutor$Worker.run(ThreadPoolExecutor.java:624) [?:1.8.0_212]
	at java.lang.Thread.run(Thread.java:748) [?:1.8.0_212]
2019-07-14 10:56:42,665 INFO  client.GrpcClientProtocolClient (GrpcClientProtocolClient.java:onNext(255)) - client-21E78743BBF0->41e22389-d6b0-478d-9070-56a3106463d4: receive RaftClientReply:client-21E78743BBF0->41e22389-d6b0-478d-9070-56a3106463d4@group-DFC950B5D6B8, cid=151, FAILED org.apache.ratis.protocol.StateMachineException: org.apache.hadoop.hdds.scm.container.common.helpers.ContainerNotOpenException from Server 41e22389-d6b0-478d-9070-56a3106463d4: Container 11 in CLOSED state, logIndex=0, commits[41e22389-d6b0-478d-9070-56a3106463d4:c107, 1060c4c8-82a0-4b24-acfd-34a0a85a558b:c106, cf9ddd5b-0d8a-4db4-9e03-3942e5d9cdb2:c106]
2019-07-14 10:56:42,669 INFO  interfaces.Container (KeyValueContainer.java:compactDB(356)) - Container 11 is closed with bcsId 99.
2019-07-14 10:56:42,670 INFO  client.GrpcClientProtocolClient (GrpcClientProtocolClient.java:onNext(255)) - client-21E78743BBF0->41e22389-d6b0-478d-9070-56a3106463d4: receive RaftClientReply:client-21E78743BBF0->41e22389-d6b0-478d-9070-56a3106463d4@group-DFC950B5D6B8, cid=152, FAILED org.apache.ratis.protocol.StateMachineException: org.apache.hadoop.hdds.scm.container.common.helpers.ContainerNotOpenException from Server 41e22389-d6b0-478d-9070-56a3106463d4: Container 11 in CLOSED state, logIndex=0, commits[41e22389-d6b0-478d-9070-56a3106463d4:c107, 1060c4c8-82a0-4b24-acfd-34a0a85a558b:c106, cf9ddd5b-0d8a-4db4-9e03-3942e5d9cdb2:c106]
2019-07-14 10:56:42,785 INFO  client.GrpcClientProtocolClient (GrpcClientProtocolClient.java:onNext(255)) - client-21E78743BBF0->41e22389-d6b0-478d-9070-56a3106463d4: receive RaftClientReply:client-21E78743BBF0->41e22389-d6b0-478d-9070-56a3106463d4@group-DFC950B5D6B8, cid=153, SUCCESS, logIndex=108, commits[41e22389-d6b0-478d-9070-56a3106463d4:c111, 1060c4c8-82a0-4b24-acfd-34a0a85a558b:c107, cf9ddd5b-0d8a-4db4-9e03-3942e5d9cdb2:c107]
2019-07-14 10:56:42,812 INFO  client.GrpcClientProtocolClient (GrpcClientProtocolClient.java:onNext(255)) - client-21E78743BBF0->41e22389-d6b0-478d-9070-56a3106463d4: receive RaftClientReply:client-21E78743BBF0->41e22389-d6b0-478d-9070-56a3106463d4@group-DFC950B5D6B8, cid=154, SUCCESS, logIndex=109, commits[41e22389-d6b0-478d-9070-56a3106463d4:c114, 1060c4c8-82a0-4b24-acfd-34a0a85a558b:c111, cf9ddd5b-0d8a-4db4-9e03-3942e5d9cdb2:c111]
2019-07-14 10:56:42,813 INFO  client.GrpcClientProtocolClient (GrpcClientProtocolClient.java:onNext(255)) - client-21E78743BBF0->41e22389-d6b0-478d-9070-56a3106463d4: receive RaftClientReply:client-21E78743BBF0->41e22389-d6b0-478d-9070-56a3106463d4@group-DFC950B5D6B8, cid=155, SUCCESS, logIndex=110, commits[41e22389-d6b0-478d-9070-56a3106463d4:c114, 1060c4c8-82a0-4b24-acfd-34a0a85a558b:c111, cf9ddd5b-0d8a-4db4-9e03-3942e5d9cdb2:c111]
2019-07-14 10:56:42,871 INFO  client.GrpcClientProtocolClient (GrpcClientProtocolClient.java:onNext(255)) - client-21E78743BBF0->41e22389-d6b0-478d-9070-56a3106463d4: receive RaftClientReply:client-21E78743BBF0->41e22389-d6b0-478d-9070-56a3106463d4@group-DFC950B5D6B8, cid=156, SUCCESS, logIndex=111, commits[41e22389-d6b0-478d-9070-56a3106463d4:c114, 1060c4c8-82a0-4b24-acfd-34a0a85a558b:c111, cf9ddd5b-0d8a-4db4-9e03-3942e5d9cdb2:c111]
2019-07-14 10:56:42,899 INFO  client.GrpcClientProtocolClient (GrpcClientProtocolClient.java:onNext(255)) - client-21E78743BBF0->41e22389-d6b0-478d-9070-56a3106463d4: receive RaftClientReply:client-21E78743BBF0->41e22389-d6b0-478d-9070-56a3106463d4@group-DFC950B5D6B8, cid=157, SUCCESS, logIndex=115, commits[41e22389-d6b0-478d-9070-56a3106463d4:c116, 1060c4c8-82a0-4b24-acfd-34a0a85a558b:c114, cf9ddd5b-0d8a-4db4-9e03-3942e5d9cdb2:c114]
2019-07-14 10:56:42,900 INFO  client.GrpcClientProtocolClient (GrpcClientProtocolClient.java:onNext(255)) - client-21E78743BBF0->41e22389-d6b0-478d-9070-56a3106463d4: receive RaftClientReply:client-21E78743BBF0->41e22389-d6b0-478d-9070-56a3106463d4@group-DFC950B5D6B8, cid=158, SUCCESS, logIndex=116, commits[41e22389-d6b0-478d-9070-56a3106463d4:c118, 1060c4c8-82a0-4b24-acfd-34a0a85a558b:c114, cf9ddd5b-0d8a-4db4-9e03-3942e5d9cdb2:c114]
2019-07-14 10:56:42,974 INFO  client.GrpcClientProtocolClient (GrpcClientProtocolClient.java:onNext(255)) - client-21E78743BBF0->41e22389-d6b0-478d-9070-56a3106463d4: receive RaftClientReply:client-21E78743BBF0->41e22389-d6b0-478d-9070-56a3106463d4@group-DFC950B5D6B8, cid=159, SUCCESS, logIndex=117, commits[41e22389-d6b0-478d-9070-56a3106463d4:c118, 1060c4c8-82a0-4b24-acfd-34a0a85a558b:c114, cf9ddd5b-0d8a-4db4-9e03-3942e5d9cdb2:c114]
2019-07-14 10:56:42,974 INFO  client.GrpcClientProtocolClient (GrpcClientProtocolClient.java:onNext(255)) - client-21E78743BBF0->41e22389-d6b0-478d-9070-56a3106463d4: receive RaftClientReply:client-21E78743BBF0->41e22389-d6b0-478d-9070-56a3106463d4@group-DFC950B5D6B8, cid=160, SUCCESS, logIndex=118, commits[41e22389-d6b0-478d-9070-56a3106463d4:c119, 1060c4c8-82a0-4b24-acfd-34a0a85a558b:c115, cf9ddd5b-0d8a-4db4-9e03-3942e5d9cdb2:c116]
2019-07-14 10:56:42,976 INFO  client.GrpcClientProtocolClient (GrpcClientProtocolClient.java:onNext(255)) - client-21E78743BBF0->41e22389-d6b0-478d-9070-56a3106463d4: receive RaftClientReply:client-21E78743BBF0->41e22389-d6b0-478d-9070-56a3106463d4@group-DFC950B5D6B8, cid=161, SUCCESS, logIndex=0, commits[41e22389-d6b0-478d-9070-56a3106463d4:c122, 1060c4c8-82a0-4b24-acfd-34a0a85a558b:c118, cf9ddd5b-0d8a-4db4-9e03-3942e5d9cdb2:c118]
2019-07-14 10:56:42,978 INFO  client.GrpcClientProtocolClient (GrpcClientProtocolClient.java:onNext(255)) - client-21E78743BBF0->41e22389-d6b0-478d-9070-56a3106463d4: receive RaftClientReply:client-21E78743BBF0->41e22389-d6b0-478d-9070-56a3106463d4@group-DFC950B5D6B8, cid=162, SUCCESS, logIndex=0, commits[41e22389-d6b0-478d-9070-56a3106463d4:c122, 1060c4c8-82a0-4b24-acfd-34a0a85a558b:c118, cf9ddd5b-0d8a-4db4-9e03-3942e5d9cdb2:c118]
2019-07-14 10:56:43,001 INFO  pipeline.Pipeline (Pipeline.java:getProtobufMessage(195)) - Serialize pipeline PipelineID=53e8d22f-059e-4b03-8fff-dfc950b5d6b8 with nodesInOrder{ }
2019-07-14 10:56:43,002 INFO  pipeline.Pipeline (Pipeline.java:build(342)) - Deserialize nodesInOrder [1060c4c8-82a0-4b24-acfd-34a0a85a558b{ip: 192.168.157.209, host: trunk-nightly-fxmrv-2540794721, networkLocation: /default-rack, certSerialId: null}, 1060c4c8-82a0-4b24-acfd-34a0a85a558b{ip: 192.168.157.209, host: trunk-nightly-fxmrv-2540794721, networkLocation: /default-rack, certSerialId: null}, 1060c4c8-82a0-4b24-acfd-34a0a85a558b{ip: 192.168.157.209, host: trunk-nightly-fxmrv-2540794721, networkLocation: /default-rack, certSerialId: null}] in pipeline PipelineID=53e8d22f-059e-4b03-8fff-dfc950b5d6b8
]]></system-out>
  </testcase>
  <testcase name="testDiscardPreallocatedBlocks" classname="org.apache.hadoop.ozone.client.rpc.TestCloseContainerHandlingByClient" time="0">
    <skipped/>
  </testcase>
</testsuite>