<?xml version="1.0" encoding="UTF-8"?>
<testsuite xmlns:xsi="http://www.w3.org/2001/XMLSchema-instance" xsi:noNamespaceSchemaLocation="https://maven.apache.org/surefire/maven-surefire-plugin/xsd/surefire-test-report.xsd" name="org.apache.hadoop.ozone.client.rpc.TestBlockOutputStreamWithFailures" time="735.687" tests="8" errors="5" skipped="0" failures="0">
  <properties>
    <property name="awt.toolkit" value="sun.awt.X11.XToolkit"/>
    <property name="file.encoding.pkg" value="sun.io"/>
    <property name="java.specification.version" value="1.8"/>
    <property name="sun.cpu.isalist" value=""/>
    <property name="sun.jnu.encoding" value="UTF-8"/>
    <property name="java.class.path" value="/workdir/hadoop-ozone/integration-test/target/test-classes:/workdir/hadoop-ozone/integration-test/target/classes:/home/user/.m2/repository/org/apache/hadoop/hadoop-ozone-common/0.5.0-SNAPSHOT/hadoop-ozone-common-0.5.0-SNAPSHOT.jar:/home/user/.m2/repository/org/apache/commons/commons-compress/1.4.1/commons-compress-1.4.1.jar:/home/user/.m2/repository/org/tukaani/xz/1.0/xz-1.0.jar:/home/user/.m2/repository/org/apache/hadoop/hadoop-common/3.2.0/hadoop-common-3.2.0.jar:/home/user/.m2/repository/org/apache/hadoop/hadoop-hdfs/3.2.0/hadoop-hdfs-3.2.0.jar:/home/user/.m2/repository/org/apache/hadoop/hadoop-hdfs-client/3.2.0/hadoop-hdfs-client-3.2.0.jar:/home/user/.m2/repository/com/fasterxml/jackson/core/jackson-annotations/2.9.5/jackson-annotations-2.9.5.jar:/home/user/.m2/repository/org/apache/hadoop/hadoop-hdds-common/0.5.0-SNAPSHOT/hadoop-hdds-common-0.5.0-SNAPSHOT.jar:/home/user/.m2/repository/javax/annotation/javax.annotation-api/1.2/javax.annotation-api-1.2.jar:/home/user/.m2/repository/org/apache/ratis/ratis-server/0.4.0-2337318-SNAPSHOT/ratis-server-0.4.0-2337318-SNAPSHOT.jar:/home/user/.m2/repository/org/apache/ratis/ratis-thirdparty-misc/0.2.0/ratis-thirdparty-misc-0.2.0.jar:/home/user/.m2/repository/org/apache/ratis/ratis-proto/0.4.0-2337318-SNAPSHOT/ratis-proto-0.4.0-2337318-SNAPSHOT.jar:/home/user/.m2/repository/org/apache/ratis/ratis-common/0.4.0-2337318-SNAPSHOT/ratis-common-0.4.0-2337318-SNAPSHOT.jar:/home/user/.m2/repository/org/apache/ratis/ratis-client/0.4.0-2337318-SNAPSHOT/ratis-client-0.4.0-2337318-SNAPSHOT.jar:/home/user/.m2/repository/org/apache/ratis/ratis-metrics/0.4.0-2337318-SNAPSHOT/ratis-metrics-0.4.0-2337318-SNAPSHOT.jar:/home/user/.m2/repository/org/apache/ratis/ratis-netty/0.4.0-2337318-SNAPSHOT/ratis-netty-0.4.0-2337318-SNAPSHOT.jar:/home/user/.m2/repository/org/apache/ratis/ratis-grpc/0.4.0-2337318-SNAPSHOT/ratis-grpc-0.4.0-2337318-SNAPSHOT.jar:/home/user/.m2/repository/org/rocksdb/rocksdbjni/6.0.1/rocksdbjni-6.0.1.jar:/home/user/.m2/repository/org/apache/logging/log4j/log4j-api/2.11.0/log4j-api-2.11.0.jar:/home/user/.m2/repository/org/apache/logging/log4j/log4j-core/2.11.0/log4j-core-2.11.0.jar:/home/user/.m2/repository/com/lmax/disruptor/3.4.2/disruptor-3.4.2.jar:/home/user/.m2/repository/org/apache/commons/commons-pool2/2.6.0/commons-pool2-2.6.0.jar:/home/user/.m2/repository/org/bouncycastle/bcpkix-jdk15on/1.60/bcpkix-jdk15on-1.60.jar:/home/user/.m2/repository/commons-validator/commons-validator/1.6/commons-validator-1.6.jar:/home/user/.m2/repository/commons-digester/commons-digester/1.8.1/commons-digester-1.8.1.jar:/home/user/.m2/repository/io/jaegertracing/jaeger-client/0.33.1/jaeger-client-0.33.1.jar:/home/user/.m2/repository/io/jaegertracing/jaeger-thrift/0.33.1/jaeger-thrift-0.33.1.jar:/home/user/.m2/repository/org/apache/thrift/libthrift/0.11.0/libthrift-0.11.0.jar:/home/user/.m2/repository/com/squareup/okhttp3/okhttp/3.9.0/okhttp-3.9.0.jar:/home/user/.m2/repository/com/squareup/okio/okio/1.13.0/okio-1.13.0.jar:/home/user/.m2/repository/io/jaegertracing/jaeger-core/0.33.1/jaeger-core-0.33.1.jar:/home/user/.m2/repository/io/jaegertracing/jaeger-tracerresolver/0.33.1/jaeger-tracerresolver-0.33.1.jar:/home/user/.m2/repository/io/opentracing/contrib/opentracing-tracerresolver/0.1.5/opentracing-tracerresolver-0.1.5.jar:/home/user/.m2/repository/io/opentracing/opentracing-util/0.31.0/opentracing-util-0.31.0.jar:/home/user/.m2/repository/io/opentracing/opentracing-api/0.31.0/opentracing-api-0.31.0.jar:/home/user/.m2/repository/io/opentracing/opentracing-noop/0.31.0/opentracing-noop-0.31.0.jar:/home/user/.m2/repository/org/apache/hadoop/hadoop-hdds-server-framework/0.5.0-SNAPSHOT/hadoop-hdds-server-framework-0.5.0-SNAPSHOT.jar:/home/user/.m2/repository/org/apache/hadoop/hadoop-hdds-container-service/0.5.0-SNAPSHOT/hadoop-hdds-container-service-0.5.0-SNAPSHOT.jar:/home/user/.m2/repository/org/apache/hadoop/hadoop-hdds-client/0.5.0-SNAPSHOT/hadoop-hdds-client-0.5.0-SNAPSHOT.jar:/home/user/.m2/repository/org/apache/hadoop/hadoop-hdds-tools/0.5.0-SNAPSHOT/hadoop-hdds-tools-0.5.0-SNAPSHOT.jar:/home/user/.m2/repository/org/apache/hadoop/hadoop-hdds-server-scm/0.5.0-SNAPSHOT/hadoop-hdds-server-scm-0.5.0-SNAPSHOT.jar:/home/user/.m2/repository/org/apache/hadoop/hadoop-hdds-docs/0.5.0-SNAPSHOT/hadoop-hdds-docs-0.5.0-SNAPSHOT.jar:/home/user/.m2/repository/io/dropwizard/metrics/metrics-core/3.2.4/metrics-core-3.2.4.jar:/home/user/.m2/repository/org/hamcrest/hamcrest-all/1.3/hamcrest-all-1.3.jar:/home/user/.m2/repository/org/bouncycastle/bcprov-jdk15on/1.60/bcprov-jdk15on-1.60.jar:/home/user/.m2/repository/info/picocli/picocli/3.9.6/picocli-3.9.6.jar:/home/user/.m2/repository/com/google/protobuf/protobuf-java/2.5.0/protobuf-java-2.5.0.jar:/home/user/.m2/repository/com/google/guava/guava/11.0.2/guava-11.0.2.jar:/home/user/.m2/repository/org/apache/hadoop/hadoop-ozone-ozone-manager/0.5.0-SNAPSHOT/hadoop-ozone-ozone-manager-0.5.0-SNAPSHOT.jar:/home/user/.m2/repository/org/apache/hadoop/hadoop-minikdc/3.2.0/hadoop-minikdc-3.2.0.jar:/home/user/.m2/repository/commons-io/commons-io/2.5/commons-io-2.5.jar:/home/user/.m2/repository/org/apache/kerby/kerb-simplekdc/1.0.1/kerb-simplekdc-1.0.1.jar:/home/user/.m2/repository/org/apache/kerby/kerb-client/1.0.1/kerb-client-1.0.1.jar:/home/user/.m2/repository/org/apache/kerby/kerby-config/1.0.1/kerby-config-1.0.1.jar:/home/user/.m2/repository/org/apache/kerby/kerb-core/1.0.1/kerb-core-1.0.1.jar:/home/user/.m2/repository/org/apache/kerby/kerby-pkix/1.0.1/kerby-pkix-1.0.1.jar:/home/user/.m2/repository/org/apache/kerby/kerby-asn1/1.0.1/kerby-asn1-1.0.1.jar:/home/user/.m2/repository/org/apache/kerby/kerby-util/1.0.1/kerby-util-1.0.1.jar:/home/user/.m2/repository/org/apache/kerby/kerb-common/1.0.1/kerb-common-1.0.1.jar:/home/user/.m2/repository/org/apache/kerby/kerb-crypto/1.0.1/kerb-crypto-1.0.1.jar:/home/user/.m2/repository/org/apache/kerby/kerb-util/1.0.1/kerb-util-1.0.1.jar:/home/user/.m2/repository/org/apache/kerby/token-provider/1.0.1/token-provider-1.0.1.jar:/home/user/.m2/repository/org/apache/kerby/kerb-admin/1.0.1/kerb-admin-1.0.1.jar:/home/user/.m2/repository/org/apache/kerby/kerb-server/1.0.1/kerb-server-1.0.1.jar:/home/user/.m2/repository/org/apache/kerby/kerb-identity/1.0.1/kerb-identity-1.0.1.jar:/home/user/.m2/repository/org/apache/kerby/kerby-xdr/1.0.1/kerby-xdr-1.0.1.jar:/home/user/.m2/repository/org/slf4j/slf4j-log4j12/1.7.25/slf4j-log4j12-1.7.25.jar:/home/user/.m2/repository/org/apache/hadoop/hadoop-ozone-objectstore-service/0.5.0-SNAPSHOT/hadoop-ozone-objectstore-service-0.5.0-SNAPSHOT.jar:/home/user/.m2/repository/org/apache/hadoop/hadoop-ozone-s3gateway/0.5.0-SNAPSHOT/hadoop-ozone-s3gateway-0.5.0-SNAPSHOT.jar:/home/user/.m2/repository/org/jboss/weld/servlet/weld-servlet/2.4.7.Final/weld-servlet-2.4.7.Final.jar:/home/user/.m2/repository/org/glassfish/jersey/containers/jersey-container-servlet-core/2.27/jersey-container-servlet-core-2.27.jar:/home/user/.m2/repository/org/glassfish/hk2/external/javax.inject/2.5.0-b42/javax.inject-2.5.0-b42.jar:/home/user/.m2/repository/org/glassfish/jersey/core/jersey-common/2.27/jersey-common-2.27.jar:/home/user/.m2/repository/org/glassfish/hk2/osgi-resource-locator/1.0.1/osgi-resource-locator-1.0.1.jar:/home/user/.m2/repository/javax/ws/rs/javax.ws.rs-api/2.1/javax.ws.rs-api-2.1.jar:/home/user/.m2/repository/org/glassfish/jersey/ext/cdi/jersey-cdi1x/2.27/jersey-cdi1x-2.27.jar:/home/user/.m2/repository/org/glassfish/jersey/inject/jersey-hk2/2.27/jersey-hk2-2.27.jar:/home/user/.m2/repository/org/glassfish/hk2/hk2-locator/2.5.0-b42/hk2-locator-2.5.0-b42.jar:/home/user/.m2/repository/org/javassist/javassist/3.22.0-CR2/javassist-3.22.0-CR2.jar:/home/user/.m2/repository/org/glassfish/hk2/hk2-api/2.5.0/hk2-api-2.5.0.jar:/home/user/.m2/repository/org/glassfish/hk2/external/jakarta.inject/2.5.0/jakarta.inject-2.5.0.jar:/home/user/.m2/repository/org/glassfish/hk2/hk2-utils/2.5.0/hk2-utils-2.5.0.jar:/home/user/.m2/repository/jakarta/annotation/jakarta.annotation-api/1.3.4/jakarta.annotation-api-1.3.4.jar:/home/user/.m2/repository/org/glassfish/hk2/external/aopalliance-repackaged/2.5.0/aopalliance-repackaged-2.5.0.jar:/home/user/.m2/repository/com/fasterxml/jackson/dataformat/jackson-dataformat-xml/2.9.0/jackson-dataformat-xml-2.9.0.jar:/home/user/.m2/repository/com/fasterxml/jackson/core/jackson-core/2.9.5/jackson-core-2.9.5.jar:/home/user/.m2/repository/com/fasterxml/jackson/module/jackson-module-jaxb-annotations/2.9.5/jackson-module-jaxb-annotations-2.9.5.jar:/home/user/.m2/repository/javax/enterprise/cdi-api/1.2/cdi-api-1.2.jar:/home/user/.m2/repository/javax/el/javax.el-api/3.0.0/javax.el-api-3.0.0.jar:/home/user/.m2/repository/javax/interceptor/javax.interceptor-api/1.2/javax.interceptor-api-1.2.jar:/home/user/.m2/repository/javax/inject/javax.inject/1/javax.inject-1.jar:/home/user/.m2/repository/com/sun/xml/bind/jaxb-impl/2.3.0.1/jaxb-impl-2.3.0.1.jar:/home/user/.m2/repository/com/sun/xml/bind/jaxb-core/2.3.0.1/jaxb-core-2.3.0.1.jar:/home/user/.m2/repository/javax/xml/bind/jaxb-api/2.3.0/jaxb-api-2.3.0.jar:/home/user/.m2/repository/javax/activation/activation/1.1.1/activation-1.1.1.jar:/home/user/.m2/repository/org/apache/hadoop/hadoop-ozone-csi/0.5.0-SNAPSHOT/hadoop-ozone-csi-0.5.0-SNAPSHOT.jar:/home/user/.m2/repository/com/google/protobuf/protobuf-java-util/3.5.1/protobuf-java-util-3.5.1.jar:/home/user/.m2/repository/org/apache/hadoop/hadoop-hdds-config/0.5.0-SNAPSHOT/hadoop-hdds-config-0.5.0-SNAPSHOT.jar:/home/user/.m2/repository/io/grpc/grpc-netty/1.17.1/grpc-netty-1.17.1.jar:/home/user/.m2/repository/io/grpc/grpc-core/1.17.1/grpc-core-1.17.1.jar:/home/user/.m2/repository/io/grpc/grpc-context/1.17.1/grpc-context-1.17.1.jar:/home/user/.m2/repository/com/google/errorprone/error_prone_annotations/2.2.0/error_prone_annotations-2.2.0.jar:/home/user/.m2/repository/org/codehaus/mojo/animal-sniffer-annotations/1.17/animal-sniffer-annotations-1.17.jar:/home/user/.m2/repository/io/opencensus/opencensus-api/0.17.0/opencensus-api-0.17.0.jar:/home/user/.m2/repository/io/opencensus/opencensus-contrib-grpc-metrics/0.17.0/opencensus-contrib-grpc-metrics-0.17.0.jar:/home/user/.m2/repository/io/netty/netty-codec-http2/4.1.30.Final/netty-codec-http2-4.1.30.Final.jar:/home/user/.m2/repository/io/netty/netty-codec-http/4.1.30.Final/netty-codec-http-4.1.30.Final.jar:/home/user/.m2/repository/io/netty/netty-codec/4.1.30.Final/netty-codec-4.1.30.Final.jar:/home/user/.m2/repository/io/netty/netty-handler/4.1.30.Final/netty-handler-4.1.30.Final.jar:/home/user/.m2/repository/io/netty/netty-handler-proxy/4.1.30.Final/netty-handler-proxy-4.1.30.Final.jar:/home/user/.m2/repository/io/netty/netty-codec-socks/4.1.30.Final/netty-codec-socks-4.1.30.Final.jar:/home/user/.m2/repository/io/netty/netty-transport-native-epoll/4.1.30.Final/netty-transport-native-epoll-4.1.30.Final.jar:/home/user/.m2/repository/io/netty/netty-common/4.1.30.Final/netty-common-4.1.30.Final.jar:/home/user/.m2/repository/io/netty/netty-buffer/4.1.30.Final/netty-buffer-4.1.30.Final.jar:/home/user/.m2/repository/io/netty/netty-transport/4.1.30.Final/netty-transport-4.1.30.Final.jar:/home/user/.m2/repository/io/netty/netty-resolver/4.1.30.Final/netty-resolver-4.1.30.Final.jar:/home/user/.m2/repository/io/netty/netty-transport-native-unix-common/4.1.30.Final/netty-transport-native-unix-common-4.1.30.Final.jar:/home/user/.m2/repository/io/grpc/grpc-protobuf/1.17.1/grpc-protobuf-1.17.1.jar:/home/user/.m2/repository/com/google/api/grpc/proto-google-common-protos/1.0.0/proto-google-common-protos-1.0.0.jar:/home/user/.m2/repository/io/grpc/grpc-protobuf-lite/1.17.1/grpc-protobuf-lite-1.17.1.jar:/home/user/.m2/repository/io/grpc/grpc-stub/1.17.1/grpc-stub-1.17.1.jar:/home/user/.m2/repository/org/apache/hadoop/hadoop-ozone-recon/0.5.0-SNAPSHOT/hadoop-ozone-recon-0.5.0-SNAPSHOT.jar:/home/user/.m2/repository/org/apache/hadoop/hadoop-ozone-reconcodegen/0.5.0-SNAPSHOT/hadoop-ozone-reconcodegen-0.5.0-SNAPSHOT.jar:/home/user/.m2/repository/com/google/inject/extensions/guice-multibindings/4.0/guice-multibindings-4.0.jar:/home/user/.m2/repository/com/google/inject/guice/4.0/guice-4.0.jar:/home/user/.m2/repository/aopalliance/aopalliance/1.0/aopalliance-1.0.jar:/home/user/.m2/repository/com/google/inject/extensions/guice-servlet/4.0/guice-servlet-4.0.jar:/home/user/.m2/repository/org/glassfish/jersey/containers/jersey-container-servlet/2.27/jersey-container-servlet-2.27.jar:/home/user/.m2/repository/org/glassfish/hk2/guice-bridge/2.5.0/guice-bridge-2.5.0.jar:/home/user/.m2/repository/org/glassfish/jersey/core/jersey-server/2.27/jersey-server-2.27.jar:/home/user/.m2/repository/org/glassfish/jersey/core/jersey-client/2.27/jersey-client-2.27.jar:/home/user/.m2/repository/org/glassfish/jersey/media/jersey-media-jaxb/2.27/jersey-media-jaxb-2.27.jar:/home/user/.m2/repository/javax/validation/validation-api/1.1.0.Final/validation-api-1.1.0.Final.jar:/home/user/.m2/repository/org/glassfish/jersey/media/jersey-media-json-jackson/2.27/jersey-media-json-jackson-2.27.jar:/home/user/.m2/repository/org/glassfish/jersey/ext/jersey-entity-filtering/2.27/jersey-entity-filtering-2.27.jar:/home/user/.m2/repository/com/google/inject/extensions/guice-assistedinject/4.0/guice-assistedinject-4.0.jar:/home/user/.m2/repository/org/jooq/jooq/3.11.10/jooq-3.11.10.jar:/home/user/.m2/repository/org/jooq/jooq-meta/3.11.10/jooq-meta-3.11.10.jar:/home/user/.m2/repository/org/jooq/jooq-codegen/3.11.10/jooq-codegen-3.11.10.jar:/home/user/.m2/repository/com/jolbox/bonecp/0.8.0.RELEASE/bonecp-0.8.0.RELEASE.jar:/home/user/.m2/repository/org/xerial/sqlite-jdbc/3.25.2/sqlite-jdbc-3.25.2.jar:/home/user/.m2/repository/org/springframework/spring-jdbc/5.1.3.RELEASE/spring-jdbc-5.1.3.RELEASE.jar:/home/user/.m2/repository/org/springframework/spring-beans/5.1.3.RELEASE/spring-beans-5.1.3.RELEASE.jar:/home/user/.m2/repository/org/springframework/spring-core/5.1.3.RELEASE/spring-core-5.1.3.RELEASE.jar:/home/user/.m2/repository/org/springframework/spring-jcl/5.1.3.RELEASE/spring-jcl-5.1.3.RELEASE.jar:/home/user/.m2/repository/org/springframework/spring-tx/5.1.3.RELEASE/spring-tx-5.1.3.RELEASE.jar:/home/user/.m2/repository/org/apache/hadoop/hadoop-ozone-client/0.5.0-SNAPSHOT/hadoop-ozone-client-0.5.0-SNAPSHOT.jar:/home/user/.m2/repository/commons-lang/commons-lang/2.6/commons-lang-2.6.jar:/home/user/.m2/repository/org/apache/hadoop/hadoop-ozone-ozone-manager/0.5.0-SNAPSHOT/hadoop-ozone-ozone-manager-0.5.0-SNAPSHOT-tests.jar:/home/user/.m2/repository/junit/junit/4.11/junit-4.11.jar:/home/user/.m2/repository/org/hamcrest/hamcrest-core/1.3/hamcrest-core-1.3.jar:/home/user/.m2/repository/org/openjdk/jmh/jmh-core/1.19/jmh-core-1.19.jar:/home/user/.m2/repository/net/sf/jopt-simple/jopt-simple/4.6/jopt-simple-4.6.jar:/home/user/.m2/repository/org/apache/commons/commons-math3/3.1.1/commons-math3-3.1.1.jar:/home/user/.m2/repository/org/openjdk/jmh/jmh-generator-annprocess/1.19/jmh-generator-annprocess-1.19.jar:/home/user/.m2/repository/org/mockito/mockito-all/1.8.5/mockito-all-1.8.5.jar:/home/user/.m2/repository/org/apache/hadoop/hadoop-kms/3.2.0/hadoop-kms-3.2.0.jar:/home/user/.m2/repository/org/apache/hadoop/hadoop-auth/3.2.0/hadoop-auth-3.2.0.jar:/home/user/.m2/repository/com/nimbusds/nimbus-jose-jwt/4.41.1/nimbus-jose-jwt-4.41.1.jar:/home/user/.m2/repository/com/github/stephenc/jcip/jcip-annotations/1.0-1/jcip-annotations-1.0-1.jar:/home/user/.m2/repository/net/minidev/json-smart/2.3/json-smart-2.3.jar:/home/user/.m2/repository/net/minidev/accessors-smart/1.2/accessors-smart-1.2.jar:/home/user/.m2/repository/org/ow2/asm/asm/5.0.4/asm-5.0.4.jar:/home/user/.m2/repository/org/apache/curator/curator-framework/2.12.0/curator-framework-2.12.0.jar:/home/user/.m2/repository/com/sun/jersey/jersey-core/1.19/jersey-core-1.19.jar:/home/user/.m2/repository/javax/ws/rs/jsr311-api/1.1.1/jsr311-api-1.1.1.jar:/home/user/.m2/repository/com/sun/jersey/jersey-server/1.19/jersey-server-1.19.jar:/home/user/.m2/repository/javax/servlet/javax.servlet-api/3.1.0/javax.servlet-api-3.1.0.jar:/home/user/.m2/repository/org/eclipse/jetty/jetty-server/9.3.24.v20180605/jetty-server-9.3.24.v20180605.jar:/home/user/.m2/repository/org/eclipse/jetty/jetty-http/9.3.24.v20180605/jetty-http-9.3.24.v20180605.jar:/home/user/.m2/repository/org/eclipse/jetty/jetty-io/9.3.24.v20180605/jetty-io-9.3.24.v20180605.jar:/home/user/.m2/repository/org/eclipse/jetty/jetty-webapp/9.3.24.v20180605/jetty-webapp-9.3.24.v20180605.jar:/home/user/.m2/repository/org/eclipse/jetty/jetty-xml/9.3.24.v20180605/jetty-xml-9.3.24.v20180605.jar:/home/user/.m2/repository/log4j/log4j/1.2.17/log4j-1.2.17.jar:/home/user/.m2/repository/org/slf4j/slf4j-api/1.7.25/slf4j-api-1.7.25.jar:/home/user/.m2/repository/org/slf4j/jul-to-slf4j/1.7.25/jul-to-slf4j-1.7.25.jar:/home/user/.m2/repository/org/eclipse/jetty/jetty-util/9.3.24.v20180605/jetty-util-9.3.24.v20180605.jar:/home/user/.m2/repository/com/fasterxml/jackson/core/jackson-databind/2.9.5/jackson-databind-2.9.5.jar:/home/user/.m2/repository/org/apache/hadoop/hadoop-kms/3.2.0/hadoop-kms-3.2.0-tests.jar:/home/user/.m2/repository/org/apache/hadoop/hadoop-hdds-server-scm/0.5.0-SNAPSHOT/hadoop-hdds-server-scm-0.5.0-SNAPSHOT-tests.jar:/home/user/.m2/repository/org/apache/hadoop/hadoop-hdds-container-service/0.5.0-SNAPSHOT/hadoop-hdds-container-service-0.5.0-SNAPSHOT-tests.jar:/home/user/.m2/repository/org/yaml/snakeyaml/1.16/snakeyaml-1.16.jar:/home/user/.m2/repository/org/apache/hadoop/hadoop-common/3.2.0/hadoop-common-3.2.0-tests.jar:/home/user/.m2/repository/org/apache/hadoop/hadoop-annotations/3.2.0/hadoop-annotations-3.2.0.jar:/usr/lib/jvm/java-1.8-openjdk/jre/../lib/tools.jar:/home/user/.m2/repository/commons-cli/commons-cli/1.2/commons-cli-1.2.jar:/home/user/.m2/repository/org/apache/httpcomponents/httpclient/4.5.2/httpclient-4.5.2.jar:/home/user/.m2/repository/org/apache/httpcomponents/httpcore/4.4.4/httpcore-4.4.4.jar:/home/user/.m2/repository/commons-codec/commons-codec/1.11/commons-codec-1.11.jar:/home/user/.m2/repository/commons-net/commons-net/3.6/commons-net-3.6.jar:/home/user/.m2/repository/commons-collections/commons-collections/3.2.2/commons-collections-3.2.2.jar:/home/user/.m2/repository/org/eclipse/jetty/jetty-servlet/9.3.24.v20180605/jetty-servlet-9.3.24.v20180605.jar:/home/user/.m2/repository/org/eclipse/jetty/jetty-security/9.3.24.v20180605/jetty-security-9.3.24.v20180605.jar:/home/user/.m2/repository/javax/servlet/jsp/jsp-api/2.1/jsp-api-2.1.jar:/home/user/.m2/repository/com/sun/jersey/jersey-servlet/1.19/jersey-servlet-1.19.jar:/home/user/.m2/repository/com/sun/jersey/jersey-json/1.19/jersey-json-1.19.jar:/home/user/.m2/repository/org/codehaus/jettison/jettison/1.1/jettison-1.1.jar:/home/user/.m2/repository/org/codehaus/jackson/jackson-core-asl/1.9.13/jackson-core-asl-1.9.13.jar:/home/user/.m2/repository/org/codehaus/jackson/jackson-mapper-asl/1.9.13/jackson-mapper-asl-1.9.13.jar:/home/user/.m2/repository/org/codehaus/jackson/jackson-jaxrs/1.9.13/jackson-jaxrs-1.9.13.jar:/home/user/.m2/repository/org/codehaus/jackson/jackson-xc/1.9.13/jackson-xc-1.9.13.jar:/home/user/.m2/repository/commons-logging/commons-logging/1.1.3/commons-logging-1.1.3.jar:/home/user/.m2/repository/commons-beanutils/commons-beanutils/1.9.3/commons-beanutils-1.9.3.jar:/home/user/.m2/repository/org/apache/commons/commons-configuration2/2.1.1/commons-configuration2-2.1.1.jar:/home/user/.m2/repository/org/apache/commons/commons-lang3/3.7/commons-lang3-3.7.jar:/home/user/.m2/repository/org/apache/commons/commons-text/1.4/commons-text-1.4.jar:/home/user/.m2/repository/org/apache/avro/avro/1.7.7/avro-1.7.7.jar:/home/user/.m2/repository/com/thoughtworks/paranamer/paranamer/2.3/paranamer-2.3.jar:/home/user/.m2/repository/org/xerial/snappy/snappy-java/1.0.5/snappy-java-1.0.5.jar:/home/user/.m2/repository/com/google/re2j/re2j/1.1/re2j-1.1.jar:/home/user/.m2/repository/com/google/code/gson/gson/2.2.4/gson-2.2.4.jar:/home/user/.m2/repository/com/jcraft/jsch/0.1.54/jsch-0.1.54.jar:/home/user/.m2/repository/org/apache/curator/curator-client/2.12.0/curator-client-2.12.0.jar:/home/user/.m2/repository/org/apache/curator/curator-recipes/2.12.0/curator-recipes-2.12.0.jar:/home/user/.m2/repository/com/google/code/findbugs/jsr305/3.0.0/jsr305-3.0.0.jar:/home/user/.m2/repository/org/apache/htrace/htrace-core4/4.1.0-incubating/htrace-core4-4.1.0-incubating.jar:/home/user/.m2/repository/org/apache/zookeeper/zookeeper/3.4.13/zookeeper-3.4.13.jar:/home/user/.m2/repository/org/apache/yetus/audience-annotations/0.5.0/audience-annotations-0.5.0.jar:/home/user/.m2/repository/org/codehaus/woodstox/stax2-api/3.1.4/stax2-api-3.1.4.jar:/home/user/.m2/repository/com/fasterxml/woodstox/woodstox-core/5.0.3/woodstox-core-5.0.3.jar:/home/user/.m2/repository/dnsjava/dnsjava/2.1.7/dnsjava-2.1.7.jar:/home/user/.m2/repository/org/apache/hadoop/hadoop-hdfs/3.2.0/hadoop-hdfs-3.2.0-tests.jar:/home/user/.m2/repository/org/eclipse/jetty/jetty-util-ajax/9.3.24.v20180605/jetty-util-ajax-9.3.24.v20180605.jar:/home/user/.m2/repository/commons-daemon/commons-daemon/1.0.13/commons-daemon-1.0.13.jar:/home/user/.m2/repository/io/netty/netty/3.10.5.Final/netty-3.10.5.Final.jar:/home/user/.m2/repository/io/netty/netty-all/4.0.52.Final/netty-all-4.0.52.Final.jar:/home/user/.m2/repository/org/fusesource/leveldbjni/leveldbjni-all/1.8/leveldbjni-all-1.8.jar:"/>
    <property name="java.vm.vendor" value="IcedTea"/>
    <property name="sun.arch.data.model" value="64"/>
    <property name="test.build.dir" value="/workdir/hadoop-ozone/integration-test/target/test-dir"/>
    <property name="test.cache.data" value=""/>
    <property name="java.vendor.url" value="https://icedtea.classpath.org"/>
    <property name="user.timezone" value=""/>
    <property name="java.vm.specification.version" value="1.8"/>
    <property name="os.name" value="Linux"/>
    <property name="test.build.data" value="/workdir/hadoop-ozone/integration-test/target/test-dir"/>
    <property name="user.country" value="US"/>
    <property name="sun.java.launcher" value="SUN_STANDARD"/>
    <property name="sun.boot.library.path" value="/usr/lib/jvm/java-1.8-openjdk/jre/lib/amd64"/>
    <property name="sun.java.command" value="/workdir/hadoop-ozone/integration-test/target/surefire/surefirebooter3756440031504106168.jar /workdir/hadoop-ozone/integration-test/target/surefire 2019-07-14T10-10-37_756-jvmRun1 surefire404838120177923350tmp surefire_503155088749730170231tmp"/>
    <property name="surefire.test.class.path" value="/workdir/hadoop-ozone/integration-test/target/test-classes:/workdir/hadoop-ozone/integration-test/target/classes:/home/user/.m2/repository/org/apache/hadoop/hadoop-ozone-common/0.5.0-SNAPSHOT/hadoop-ozone-common-0.5.0-SNAPSHOT.jar:/home/user/.m2/repository/org/apache/commons/commons-compress/1.4.1/commons-compress-1.4.1.jar:/home/user/.m2/repository/org/tukaani/xz/1.0/xz-1.0.jar:/home/user/.m2/repository/org/apache/hadoop/hadoop-common/3.2.0/hadoop-common-3.2.0.jar:/home/user/.m2/repository/org/apache/hadoop/hadoop-hdfs/3.2.0/hadoop-hdfs-3.2.0.jar:/home/user/.m2/repository/org/apache/hadoop/hadoop-hdfs-client/3.2.0/hadoop-hdfs-client-3.2.0.jar:/home/user/.m2/repository/com/fasterxml/jackson/core/jackson-annotations/2.9.5/jackson-annotations-2.9.5.jar:/home/user/.m2/repository/org/apache/hadoop/hadoop-hdds-common/0.5.0-SNAPSHOT/hadoop-hdds-common-0.5.0-SNAPSHOT.jar:/home/user/.m2/repository/javax/annotation/javax.annotation-api/1.2/javax.annotation-api-1.2.jar:/home/user/.m2/repository/org/apache/ratis/ratis-server/0.4.0-2337318-SNAPSHOT/ratis-server-0.4.0-2337318-SNAPSHOT.jar:/home/user/.m2/repository/org/apache/ratis/ratis-thirdparty-misc/0.2.0/ratis-thirdparty-misc-0.2.0.jar:/home/user/.m2/repository/org/apache/ratis/ratis-proto/0.4.0-2337318-SNAPSHOT/ratis-proto-0.4.0-2337318-SNAPSHOT.jar:/home/user/.m2/repository/org/apache/ratis/ratis-common/0.4.0-2337318-SNAPSHOT/ratis-common-0.4.0-2337318-SNAPSHOT.jar:/home/user/.m2/repository/org/apache/ratis/ratis-client/0.4.0-2337318-SNAPSHOT/ratis-client-0.4.0-2337318-SNAPSHOT.jar:/home/user/.m2/repository/org/apache/ratis/ratis-metrics/0.4.0-2337318-SNAPSHOT/ratis-metrics-0.4.0-2337318-SNAPSHOT.jar:/home/user/.m2/repository/org/apache/ratis/ratis-netty/0.4.0-2337318-SNAPSHOT/ratis-netty-0.4.0-2337318-SNAPSHOT.jar:/home/user/.m2/repository/org/apache/ratis/ratis-grpc/0.4.0-2337318-SNAPSHOT/ratis-grpc-0.4.0-2337318-SNAPSHOT.jar:/home/user/.m2/repository/org/rocksdb/rocksdbjni/6.0.1/rocksdbjni-6.0.1.jar:/home/user/.m2/repository/org/apache/logging/log4j/log4j-api/2.11.0/log4j-api-2.11.0.jar:/home/user/.m2/repository/org/apache/logging/log4j/log4j-core/2.11.0/log4j-core-2.11.0.jar:/home/user/.m2/repository/com/lmax/disruptor/3.4.2/disruptor-3.4.2.jar:/home/user/.m2/repository/org/apache/commons/commons-pool2/2.6.0/commons-pool2-2.6.0.jar:/home/user/.m2/repository/org/bouncycastle/bcpkix-jdk15on/1.60/bcpkix-jdk15on-1.60.jar:/home/user/.m2/repository/commons-validator/commons-validator/1.6/commons-validator-1.6.jar:/home/user/.m2/repository/commons-digester/commons-digester/1.8.1/commons-digester-1.8.1.jar:/home/user/.m2/repository/io/jaegertracing/jaeger-client/0.33.1/jaeger-client-0.33.1.jar:/home/user/.m2/repository/io/jaegertracing/jaeger-thrift/0.33.1/jaeger-thrift-0.33.1.jar:/home/user/.m2/repository/org/apache/thrift/libthrift/0.11.0/libthrift-0.11.0.jar:/home/user/.m2/repository/com/squareup/okhttp3/okhttp/3.9.0/okhttp-3.9.0.jar:/home/user/.m2/repository/com/squareup/okio/okio/1.13.0/okio-1.13.0.jar:/home/user/.m2/repository/io/jaegertracing/jaeger-core/0.33.1/jaeger-core-0.33.1.jar:/home/user/.m2/repository/io/jaegertracing/jaeger-tracerresolver/0.33.1/jaeger-tracerresolver-0.33.1.jar:/home/user/.m2/repository/io/opentracing/contrib/opentracing-tracerresolver/0.1.5/opentracing-tracerresolver-0.1.5.jar:/home/user/.m2/repository/io/opentracing/opentracing-util/0.31.0/opentracing-util-0.31.0.jar:/home/user/.m2/repository/io/opentracing/opentracing-api/0.31.0/opentracing-api-0.31.0.jar:/home/user/.m2/repository/io/opentracing/opentracing-noop/0.31.0/opentracing-noop-0.31.0.jar:/home/user/.m2/repository/org/apache/hadoop/hadoop-hdds-server-framework/0.5.0-SNAPSHOT/hadoop-hdds-server-framework-0.5.0-SNAPSHOT.jar:/home/user/.m2/repository/org/apache/hadoop/hadoop-hdds-container-service/0.5.0-SNAPSHOT/hadoop-hdds-container-service-0.5.0-SNAPSHOT.jar:/home/user/.m2/repository/org/apache/hadoop/hadoop-hdds-client/0.5.0-SNAPSHOT/hadoop-hdds-client-0.5.0-SNAPSHOT.jar:/home/user/.m2/repository/org/apache/hadoop/hadoop-hdds-tools/0.5.0-SNAPSHOT/hadoop-hdds-tools-0.5.0-SNAPSHOT.jar:/home/user/.m2/repository/org/apache/hadoop/hadoop-hdds-server-scm/0.5.0-SNAPSHOT/hadoop-hdds-server-scm-0.5.0-SNAPSHOT.jar:/home/user/.m2/repository/org/apache/hadoop/hadoop-hdds-docs/0.5.0-SNAPSHOT/hadoop-hdds-docs-0.5.0-SNAPSHOT.jar:/home/user/.m2/repository/io/dropwizard/metrics/metrics-core/3.2.4/metrics-core-3.2.4.jar:/home/user/.m2/repository/org/hamcrest/hamcrest-all/1.3/hamcrest-all-1.3.jar:/home/user/.m2/repository/org/bouncycastle/bcprov-jdk15on/1.60/bcprov-jdk15on-1.60.jar:/home/user/.m2/repository/info/picocli/picocli/3.9.6/picocli-3.9.6.jar:/home/user/.m2/repository/com/google/protobuf/protobuf-java/2.5.0/protobuf-java-2.5.0.jar:/home/user/.m2/repository/com/google/guava/guava/11.0.2/guava-11.0.2.jar:/home/user/.m2/repository/org/apache/hadoop/hadoop-ozone-ozone-manager/0.5.0-SNAPSHOT/hadoop-ozone-ozone-manager-0.5.0-SNAPSHOT.jar:/home/user/.m2/repository/org/apache/hadoop/hadoop-minikdc/3.2.0/hadoop-minikdc-3.2.0.jar:/home/user/.m2/repository/commons-io/commons-io/2.5/commons-io-2.5.jar:/home/user/.m2/repository/org/apache/kerby/kerb-simplekdc/1.0.1/kerb-simplekdc-1.0.1.jar:/home/user/.m2/repository/org/apache/kerby/kerb-client/1.0.1/kerb-client-1.0.1.jar:/home/user/.m2/repository/org/apache/kerby/kerby-config/1.0.1/kerby-config-1.0.1.jar:/home/user/.m2/repository/org/apache/kerby/kerb-core/1.0.1/kerb-core-1.0.1.jar:/home/user/.m2/repository/org/apache/kerby/kerby-pkix/1.0.1/kerby-pkix-1.0.1.jar:/home/user/.m2/repository/org/apache/kerby/kerby-asn1/1.0.1/kerby-asn1-1.0.1.jar:/home/user/.m2/repository/org/apache/kerby/kerby-util/1.0.1/kerby-util-1.0.1.jar:/home/user/.m2/repository/org/apache/kerby/kerb-common/1.0.1/kerb-common-1.0.1.jar:/home/user/.m2/repository/org/apache/kerby/kerb-crypto/1.0.1/kerb-crypto-1.0.1.jar:/home/user/.m2/repository/org/apache/kerby/kerb-util/1.0.1/kerb-util-1.0.1.jar:/home/user/.m2/repository/org/apache/kerby/token-provider/1.0.1/token-provider-1.0.1.jar:/home/user/.m2/repository/org/apache/kerby/kerb-admin/1.0.1/kerb-admin-1.0.1.jar:/home/user/.m2/repository/org/apache/kerby/kerb-server/1.0.1/kerb-server-1.0.1.jar:/home/user/.m2/repository/org/apache/kerby/kerb-identity/1.0.1/kerb-identity-1.0.1.jar:/home/user/.m2/repository/org/apache/kerby/kerby-xdr/1.0.1/kerby-xdr-1.0.1.jar:/home/user/.m2/repository/org/slf4j/slf4j-log4j12/1.7.25/slf4j-log4j12-1.7.25.jar:/home/user/.m2/repository/org/apache/hadoop/hadoop-ozone-objectstore-service/0.5.0-SNAPSHOT/hadoop-ozone-objectstore-service-0.5.0-SNAPSHOT.jar:/home/user/.m2/repository/org/apache/hadoop/hadoop-ozone-s3gateway/0.5.0-SNAPSHOT/hadoop-ozone-s3gateway-0.5.0-SNAPSHOT.jar:/home/user/.m2/repository/org/jboss/weld/servlet/weld-servlet/2.4.7.Final/weld-servlet-2.4.7.Final.jar:/home/user/.m2/repository/org/glassfish/jersey/containers/jersey-container-servlet-core/2.27/jersey-container-servlet-core-2.27.jar:/home/user/.m2/repository/org/glassfish/hk2/external/javax.inject/2.5.0-b42/javax.inject-2.5.0-b42.jar:/home/user/.m2/repository/org/glassfish/jersey/core/jersey-common/2.27/jersey-common-2.27.jar:/home/user/.m2/repository/org/glassfish/hk2/osgi-resource-locator/1.0.1/osgi-resource-locator-1.0.1.jar:/home/user/.m2/repository/javax/ws/rs/javax.ws.rs-api/2.1/javax.ws.rs-api-2.1.jar:/home/user/.m2/repository/org/glassfish/jersey/ext/cdi/jersey-cdi1x/2.27/jersey-cdi1x-2.27.jar:/home/user/.m2/repository/org/glassfish/jersey/inject/jersey-hk2/2.27/jersey-hk2-2.27.jar:/home/user/.m2/repository/org/glassfish/hk2/hk2-locator/2.5.0-b42/hk2-locator-2.5.0-b42.jar:/home/user/.m2/repository/org/javassist/javassist/3.22.0-CR2/javassist-3.22.0-CR2.jar:/home/user/.m2/repository/org/glassfish/hk2/hk2-api/2.5.0/hk2-api-2.5.0.jar:/home/user/.m2/repository/org/glassfish/hk2/external/jakarta.inject/2.5.0/jakarta.inject-2.5.0.jar:/home/user/.m2/repository/org/glassfish/hk2/hk2-utils/2.5.0/hk2-utils-2.5.0.jar:/home/user/.m2/repository/jakarta/annotation/jakarta.annotation-api/1.3.4/jakarta.annotation-api-1.3.4.jar:/home/user/.m2/repository/org/glassfish/hk2/external/aopalliance-repackaged/2.5.0/aopalliance-repackaged-2.5.0.jar:/home/user/.m2/repository/com/fasterxml/jackson/dataformat/jackson-dataformat-xml/2.9.0/jackson-dataformat-xml-2.9.0.jar:/home/user/.m2/repository/com/fasterxml/jackson/core/jackson-core/2.9.5/jackson-core-2.9.5.jar:/home/user/.m2/repository/com/fasterxml/jackson/module/jackson-module-jaxb-annotations/2.9.5/jackson-module-jaxb-annotations-2.9.5.jar:/home/user/.m2/repository/javax/enterprise/cdi-api/1.2/cdi-api-1.2.jar:/home/user/.m2/repository/javax/el/javax.el-api/3.0.0/javax.el-api-3.0.0.jar:/home/user/.m2/repository/javax/interceptor/javax.interceptor-api/1.2/javax.interceptor-api-1.2.jar:/home/user/.m2/repository/javax/inject/javax.inject/1/javax.inject-1.jar:/home/user/.m2/repository/com/sun/xml/bind/jaxb-impl/2.3.0.1/jaxb-impl-2.3.0.1.jar:/home/user/.m2/repository/com/sun/xml/bind/jaxb-core/2.3.0.1/jaxb-core-2.3.0.1.jar:/home/user/.m2/repository/javax/xml/bind/jaxb-api/2.3.0/jaxb-api-2.3.0.jar:/home/user/.m2/repository/javax/activation/activation/1.1.1/activation-1.1.1.jar:/home/user/.m2/repository/org/apache/hadoop/hadoop-ozone-csi/0.5.0-SNAPSHOT/hadoop-ozone-csi-0.5.0-SNAPSHOT.jar:/home/user/.m2/repository/com/google/protobuf/protobuf-java-util/3.5.1/protobuf-java-util-3.5.1.jar:/home/user/.m2/repository/org/apache/hadoop/hadoop-hdds-config/0.5.0-SNAPSHOT/hadoop-hdds-config-0.5.0-SNAPSHOT.jar:/home/user/.m2/repository/io/grpc/grpc-netty/1.17.1/grpc-netty-1.17.1.jar:/home/user/.m2/repository/io/grpc/grpc-core/1.17.1/grpc-core-1.17.1.jar:/home/user/.m2/repository/io/grpc/grpc-context/1.17.1/grpc-context-1.17.1.jar:/home/user/.m2/repository/com/google/errorprone/error_prone_annotations/2.2.0/error_prone_annotations-2.2.0.jar:/home/user/.m2/repository/org/codehaus/mojo/animal-sniffer-annotations/1.17/animal-sniffer-annotations-1.17.jar:/home/user/.m2/repository/io/opencensus/opencensus-api/0.17.0/opencensus-api-0.17.0.jar:/home/user/.m2/repository/io/opencensus/opencensus-contrib-grpc-metrics/0.17.0/opencensus-contrib-grpc-metrics-0.17.0.jar:/home/user/.m2/repository/io/netty/netty-codec-http2/4.1.30.Final/netty-codec-http2-4.1.30.Final.jar:/home/user/.m2/repository/io/netty/netty-codec-http/4.1.30.Final/netty-codec-http-4.1.30.Final.jar:/home/user/.m2/repository/io/netty/netty-codec/4.1.30.Final/netty-codec-4.1.30.Final.jar:/home/user/.m2/repository/io/netty/netty-handler/4.1.30.Final/netty-handler-4.1.30.Final.jar:/home/user/.m2/repository/io/netty/netty-handler-proxy/4.1.30.Final/netty-handler-proxy-4.1.30.Final.jar:/home/user/.m2/repository/io/netty/netty-codec-socks/4.1.30.Final/netty-codec-socks-4.1.30.Final.jar:/home/user/.m2/repository/io/netty/netty-transport-native-epoll/4.1.30.Final/netty-transport-native-epoll-4.1.30.Final.jar:/home/user/.m2/repository/io/netty/netty-common/4.1.30.Final/netty-common-4.1.30.Final.jar:/home/user/.m2/repository/io/netty/netty-buffer/4.1.30.Final/netty-buffer-4.1.30.Final.jar:/home/user/.m2/repository/io/netty/netty-transport/4.1.30.Final/netty-transport-4.1.30.Final.jar:/home/user/.m2/repository/io/netty/netty-resolver/4.1.30.Final/netty-resolver-4.1.30.Final.jar:/home/user/.m2/repository/io/netty/netty-transport-native-unix-common/4.1.30.Final/netty-transport-native-unix-common-4.1.30.Final.jar:/home/user/.m2/repository/io/grpc/grpc-protobuf/1.17.1/grpc-protobuf-1.17.1.jar:/home/user/.m2/repository/com/google/api/grpc/proto-google-common-protos/1.0.0/proto-google-common-protos-1.0.0.jar:/home/user/.m2/repository/io/grpc/grpc-protobuf-lite/1.17.1/grpc-protobuf-lite-1.17.1.jar:/home/user/.m2/repository/io/grpc/grpc-stub/1.17.1/grpc-stub-1.17.1.jar:/home/user/.m2/repository/org/apache/hadoop/hadoop-ozone-recon/0.5.0-SNAPSHOT/hadoop-ozone-recon-0.5.0-SNAPSHOT.jar:/home/user/.m2/repository/org/apache/hadoop/hadoop-ozone-reconcodegen/0.5.0-SNAPSHOT/hadoop-ozone-reconcodegen-0.5.0-SNAPSHOT.jar:/home/user/.m2/repository/com/google/inject/extensions/guice-multibindings/4.0/guice-multibindings-4.0.jar:/home/user/.m2/repository/com/google/inject/guice/4.0/guice-4.0.jar:/home/user/.m2/repository/aopalliance/aopalliance/1.0/aopalliance-1.0.jar:/home/user/.m2/repository/com/google/inject/extensions/guice-servlet/4.0/guice-servlet-4.0.jar:/home/user/.m2/repository/org/glassfish/jersey/containers/jersey-container-servlet/2.27/jersey-container-servlet-2.27.jar:/home/user/.m2/repository/org/glassfish/hk2/guice-bridge/2.5.0/guice-bridge-2.5.0.jar:/home/user/.m2/repository/org/glassfish/jersey/core/jersey-server/2.27/jersey-server-2.27.jar:/home/user/.m2/repository/org/glassfish/jersey/core/jersey-client/2.27/jersey-client-2.27.jar:/home/user/.m2/repository/org/glassfish/jersey/media/jersey-media-jaxb/2.27/jersey-media-jaxb-2.27.jar:/home/user/.m2/repository/javax/validation/validation-api/1.1.0.Final/validation-api-1.1.0.Final.jar:/home/user/.m2/repository/org/glassfish/jersey/media/jersey-media-json-jackson/2.27/jersey-media-json-jackson-2.27.jar:/home/user/.m2/repository/org/glassfish/jersey/ext/jersey-entity-filtering/2.27/jersey-entity-filtering-2.27.jar:/home/user/.m2/repository/com/google/inject/extensions/guice-assistedinject/4.0/guice-assistedinject-4.0.jar:/home/user/.m2/repository/org/jooq/jooq/3.11.10/jooq-3.11.10.jar:/home/user/.m2/repository/org/jooq/jooq-meta/3.11.10/jooq-meta-3.11.10.jar:/home/user/.m2/repository/org/jooq/jooq-codegen/3.11.10/jooq-codegen-3.11.10.jar:/home/user/.m2/repository/com/jolbox/bonecp/0.8.0.RELEASE/bonecp-0.8.0.RELEASE.jar:/home/user/.m2/repository/org/xerial/sqlite-jdbc/3.25.2/sqlite-jdbc-3.25.2.jar:/home/user/.m2/repository/org/springframework/spring-jdbc/5.1.3.RELEASE/spring-jdbc-5.1.3.RELEASE.jar:/home/user/.m2/repository/org/springframework/spring-beans/5.1.3.RELEASE/spring-beans-5.1.3.RELEASE.jar:/home/user/.m2/repository/org/springframework/spring-core/5.1.3.RELEASE/spring-core-5.1.3.RELEASE.jar:/home/user/.m2/repository/org/springframework/spring-jcl/5.1.3.RELEASE/spring-jcl-5.1.3.RELEASE.jar:/home/user/.m2/repository/org/springframework/spring-tx/5.1.3.RELEASE/spring-tx-5.1.3.RELEASE.jar:/home/user/.m2/repository/org/apache/hadoop/hadoop-ozone-client/0.5.0-SNAPSHOT/hadoop-ozone-client-0.5.0-SNAPSHOT.jar:/home/user/.m2/repository/commons-lang/commons-lang/2.6/commons-lang-2.6.jar:/home/user/.m2/repository/org/apache/hadoop/hadoop-ozone-ozone-manager/0.5.0-SNAPSHOT/hadoop-ozone-ozone-manager-0.5.0-SNAPSHOT-tests.jar:/home/user/.m2/repository/junit/junit/4.11/junit-4.11.jar:/home/user/.m2/repository/org/hamcrest/hamcrest-core/1.3/hamcrest-core-1.3.jar:/home/user/.m2/repository/org/openjdk/jmh/jmh-core/1.19/jmh-core-1.19.jar:/home/user/.m2/repository/net/sf/jopt-simple/jopt-simple/4.6/jopt-simple-4.6.jar:/home/user/.m2/repository/org/apache/commons/commons-math3/3.1.1/commons-math3-3.1.1.jar:/home/user/.m2/repository/org/openjdk/jmh/jmh-generator-annprocess/1.19/jmh-generator-annprocess-1.19.jar:/home/user/.m2/repository/org/mockito/mockito-all/1.8.5/mockito-all-1.8.5.jar:/home/user/.m2/repository/org/apache/hadoop/hadoop-kms/3.2.0/hadoop-kms-3.2.0.jar:/home/user/.m2/repository/org/apache/hadoop/hadoop-auth/3.2.0/hadoop-auth-3.2.0.jar:/home/user/.m2/repository/com/nimbusds/nimbus-jose-jwt/4.41.1/nimbus-jose-jwt-4.41.1.jar:/home/user/.m2/repository/com/github/stephenc/jcip/jcip-annotations/1.0-1/jcip-annotations-1.0-1.jar:/home/user/.m2/repository/net/minidev/json-smart/2.3/json-smart-2.3.jar:/home/user/.m2/repository/net/minidev/accessors-smart/1.2/accessors-smart-1.2.jar:/home/user/.m2/repository/org/ow2/asm/asm/5.0.4/asm-5.0.4.jar:/home/user/.m2/repository/org/apache/curator/curator-framework/2.12.0/curator-framework-2.12.0.jar:/home/user/.m2/repository/com/sun/jersey/jersey-core/1.19/jersey-core-1.19.jar:/home/user/.m2/repository/javax/ws/rs/jsr311-api/1.1.1/jsr311-api-1.1.1.jar:/home/user/.m2/repository/com/sun/jersey/jersey-server/1.19/jersey-server-1.19.jar:/home/user/.m2/repository/javax/servlet/javax.servlet-api/3.1.0/javax.servlet-api-3.1.0.jar:/home/user/.m2/repository/org/eclipse/jetty/jetty-server/9.3.24.v20180605/jetty-server-9.3.24.v20180605.jar:/home/user/.m2/repository/org/eclipse/jetty/jetty-http/9.3.24.v20180605/jetty-http-9.3.24.v20180605.jar:/home/user/.m2/repository/org/eclipse/jetty/jetty-io/9.3.24.v20180605/jetty-io-9.3.24.v20180605.jar:/home/user/.m2/repository/org/eclipse/jetty/jetty-webapp/9.3.24.v20180605/jetty-webapp-9.3.24.v20180605.jar:/home/user/.m2/repository/org/eclipse/jetty/jetty-xml/9.3.24.v20180605/jetty-xml-9.3.24.v20180605.jar:/home/user/.m2/repository/log4j/log4j/1.2.17/log4j-1.2.17.jar:/home/user/.m2/repository/org/slf4j/slf4j-api/1.7.25/slf4j-api-1.7.25.jar:/home/user/.m2/repository/org/slf4j/jul-to-slf4j/1.7.25/jul-to-slf4j-1.7.25.jar:/home/user/.m2/repository/org/eclipse/jetty/jetty-util/9.3.24.v20180605/jetty-util-9.3.24.v20180605.jar:/home/user/.m2/repository/com/fasterxml/jackson/core/jackson-databind/2.9.5/jackson-databind-2.9.5.jar:/home/user/.m2/repository/org/apache/hadoop/hadoop-kms/3.2.0/hadoop-kms-3.2.0-tests.jar:/home/user/.m2/repository/org/apache/hadoop/hadoop-hdds-server-scm/0.5.0-SNAPSHOT/hadoop-hdds-server-scm-0.5.0-SNAPSHOT-tests.jar:/home/user/.m2/repository/org/apache/hadoop/hadoop-hdds-container-service/0.5.0-SNAPSHOT/hadoop-hdds-container-service-0.5.0-SNAPSHOT-tests.jar:/home/user/.m2/repository/org/yaml/snakeyaml/1.16/snakeyaml-1.16.jar:/home/user/.m2/repository/org/apache/hadoop/hadoop-common/3.2.0/hadoop-common-3.2.0-tests.jar:/home/user/.m2/repository/org/apache/hadoop/hadoop-annotations/3.2.0/hadoop-annotations-3.2.0.jar:/usr/lib/jvm/java-1.8-openjdk/jre/../lib/tools.jar:/home/user/.m2/repository/commons-cli/commons-cli/1.2/commons-cli-1.2.jar:/home/user/.m2/repository/org/apache/httpcomponents/httpclient/4.5.2/httpclient-4.5.2.jar:/home/user/.m2/repository/org/apache/httpcomponents/httpcore/4.4.4/httpcore-4.4.4.jar:/home/user/.m2/repository/commons-codec/commons-codec/1.11/commons-codec-1.11.jar:/home/user/.m2/repository/commons-net/commons-net/3.6/commons-net-3.6.jar:/home/user/.m2/repository/commons-collections/commons-collections/3.2.2/commons-collections-3.2.2.jar:/home/user/.m2/repository/org/eclipse/jetty/jetty-servlet/9.3.24.v20180605/jetty-servlet-9.3.24.v20180605.jar:/home/user/.m2/repository/org/eclipse/jetty/jetty-security/9.3.24.v20180605/jetty-security-9.3.24.v20180605.jar:/home/user/.m2/repository/javax/servlet/jsp/jsp-api/2.1/jsp-api-2.1.jar:/home/user/.m2/repository/com/sun/jersey/jersey-servlet/1.19/jersey-servlet-1.19.jar:/home/user/.m2/repository/com/sun/jersey/jersey-json/1.19/jersey-json-1.19.jar:/home/user/.m2/repository/org/codehaus/jettison/jettison/1.1/jettison-1.1.jar:/home/user/.m2/repository/org/codehaus/jackson/jackson-core-asl/1.9.13/jackson-core-asl-1.9.13.jar:/home/user/.m2/repository/org/codehaus/jackson/jackson-mapper-asl/1.9.13/jackson-mapper-asl-1.9.13.jar:/home/user/.m2/repository/org/codehaus/jackson/jackson-jaxrs/1.9.13/jackson-jaxrs-1.9.13.jar:/home/user/.m2/repository/org/codehaus/jackson/jackson-xc/1.9.13/jackson-xc-1.9.13.jar:/home/user/.m2/repository/commons-logging/commons-logging/1.1.3/commons-logging-1.1.3.jar:/home/user/.m2/repository/commons-beanutils/commons-beanutils/1.9.3/commons-beanutils-1.9.3.jar:/home/user/.m2/repository/org/apache/commons/commons-configuration2/2.1.1/commons-configuration2-2.1.1.jar:/home/user/.m2/repository/org/apache/commons/commons-lang3/3.7/commons-lang3-3.7.jar:/home/user/.m2/repository/org/apache/commons/commons-text/1.4/commons-text-1.4.jar:/home/user/.m2/repository/org/apache/avro/avro/1.7.7/avro-1.7.7.jar:/home/user/.m2/repository/com/thoughtworks/paranamer/paranamer/2.3/paranamer-2.3.jar:/home/user/.m2/repository/org/xerial/snappy/snappy-java/1.0.5/snappy-java-1.0.5.jar:/home/user/.m2/repository/com/google/re2j/re2j/1.1/re2j-1.1.jar:/home/user/.m2/repository/com/google/code/gson/gson/2.2.4/gson-2.2.4.jar:/home/user/.m2/repository/com/jcraft/jsch/0.1.54/jsch-0.1.54.jar:/home/user/.m2/repository/org/apache/curator/curator-client/2.12.0/curator-client-2.12.0.jar:/home/user/.m2/repository/org/apache/curator/curator-recipes/2.12.0/curator-recipes-2.12.0.jar:/home/user/.m2/repository/com/google/code/findbugs/jsr305/3.0.0/jsr305-3.0.0.jar:/home/user/.m2/repository/org/apache/htrace/htrace-core4/4.1.0-incubating/htrace-core4-4.1.0-incubating.jar:/home/user/.m2/repository/org/apache/zookeeper/zookeeper/3.4.13/zookeeper-3.4.13.jar:/home/user/.m2/repository/org/apache/yetus/audience-annotations/0.5.0/audience-annotations-0.5.0.jar:/home/user/.m2/repository/org/codehaus/woodstox/stax2-api/3.1.4/stax2-api-3.1.4.jar:/home/user/.m2/repository/com/fasterxml/woodstox/woodstox-core/5.0.3/woodstox-core-5.0.3.jar:/home/user/.m2/repository/dnsjava/dnsjava/2.1.7/dnsjava-2.1.7.jar:/home/user/.m2/repository/org/apache/hadoop/hadoop-hdfs/3.2.0/hadoop-hdfs-3.2.0-tests.jar:/home/user/.m2/repository/org/eclipse/jetty/jetty-util-ajax/9.3.24.v20180605/jetty-util-ajax-9.3.24.v20180605.jar:/home/user/.m2/repository/commons-daemon/commons-daemon/1.0.13/commons-daemon-1.0.13.jar:/home/user/.m2/repository/io/netty/netty/3.10.5.Final/netty-3.10.5.Final.jar:/home/user/.m2/repository/io/netty/netty-all/4.0.52.Final/netty-all-4.0.52.Final.jar:/home/user/.m2/repository/org/fusesource/leveldbjni/leveldbjni-all/1.8/leveldbjni-all-1.8.jar:"/>
    <property name="sun.cpu.endian" value="little"/>
    <property name="user.home" value="/home/user"/>
    <property name="user.language" value="en"/>
    <property name="java.specification.vendor" value="Oracle Corporation"/>
    <property name="java.home" value="/usr/lib/jvm/java-1.8-openjdk/jre"/>
    <property name="java.security.krb5.conf" value="/workdir/hadoop-ozone/integration-test/target/test-classes/krb5.conf"/>
    <property name="basedir" value="/workdir/hadoop-ozone/integration-test"/>
    <property name="file.separator" value="/"/>
    <property name="line.separator" value="&#10;"/>
    <property name="java.vm.specification.vendor" value="Oracle Corporation"/>
    <property name="java.specification.name" value="Java Platform API Specification"/>
    <property name="java.awt.graphicsenv" value="sun.awt.X11GraphicsEnvironment"/>
    <property name="surefire.real.class.path" value="/workdir/hadoop-ozone/integration-test/target/surefire/surefirebooter3756440031504106168.jar"/>
    <property name="hadoop.log.dir" value="/workdir/hadoop-ozone/integration-test/target/log"/>
    <property name="sun.boot.class.path" value="/usr/lib/jvm/java-1.8-openjdk/jre/lib/resources.jar:/usr/lib/jvm/java-1.8-openjdk/jre/lib/rt.jar:/usr/lib/jvm/java-1.8-openjdk/jre/lib/sunrsasign.jar:/usr/lib/jvm/java-1.8-openjdk/jre/lib/jsse.jar:/usr/lib/jvm/java-1.8-openjdk/jre/lib/jce.jar:/usr/lib/jvm/java-1.8-openjdk/jre/lib/charsets.jar:/usr/lib/jvm/java-1.8-openjdk/jre/lib/jfr.jar:/usr/lib/jvm/java-1.8-openjdk/jre/classes"/>
    <property name="sun.management.compiler" value="HotSpot 64-Bit Tiered Compilers"/>
    <property name="java.runtime.version" value="1.8.0_212-b04"/>
    <property name="java.net.preferIPv4Stack" value="true"/>
    <property name="user.name" value="jenkins1000"/>
    <property name="path.separator" value=":"/>
    <property name="java.security.egd" value="file:///dev/urandom"/>
    <property name="os.version" value="3.10.0-957.12.2.el7.x86_64"/>
    <property name="java.endorsed.dirs" value="/usr/lib/jvm/java-1.8-openjdk/jre/lib/endorsed"/>
    <property name="java.runtime.name" value="OpenJDK Runtime Environment"/>
    <property name="file.encoding" value="UTF-8"/>
    <property name="java.vm.name" value="OpenJDK 64-Bit Server VM"/>
    <property name="test.build.webapps" value=""/>
    <property name="localRepository" value="/home/user/.m2/repository"/>
    <property name="java.vendor.url.bug" value="https://icedtea.classpath.org/bugzilla"/>
    <property name="java.io.tmpdir" value="/tmp"/>
    <property name="require.test.libhadoop" value=""/>
    <property name="java.version" value="1.8.0_212"/>
    <property name="user.dir" value="/workdir/hadoop-ozone/integration-test"/>
    <property name="os.arch" value="amd64"/>
    <property name="java.vm.specification.name" value="Java Virtual Machine Specification"/>
    <property name="test.build.classes" value="/workdir/hadoop-ozone/integration-test/target/test-classes"/>
    <property name="java.awt.printerjob" value="sun.print.PSPrinterJob"/>
    <property name="sun.os.patch.level" value="unknown"/>
    <property name="hadoop.tmp.dir" value="/workdir/hadoop-ozone/integration-test/target/tmp"/>
    <property name="java.library.path" value="/usr/lib/jvm/java-1.8-openjdk/jre/lib/amd64/server:/usr/lib/jvm/java-1.8-openjdk/jre/lib/amd64:/usr/lib/jvm/java-1.8-openjdk/jre/../lib/amd64:/workdir/hadoop-ozone/integration-test/target/native/target/usr/local/lib:/workdir/hadoop-ozone/integration-test/../../hadoop-common-project/hadoop-common/target/native/target/usr/local/lib:/usr/java/packages/lib/amd64:/usr/lib64:/lib64:/lib:/usr/lib"/>
    <property name="java.vm.info" value="mixed mode"/>
    <property name="java.vendor" value="IcedTea"/>
    <property name="java.vm.version" value="25.212-b04"/>
    <property name="java.ext.dirs" value="/usr/lib/jvm/java-1.8-openjdk/jre/lib/ext:/usr/java/packages/lib/ext"/>
    <property name="sun.io.unicode.encoding" value="UnicodeLittle"/>
    <property name="java.class.version" value="52.0"/>
  </properties>
  <testcase name="test2DatanodesFailure" classname="org.apache.hadoop.ozone.client.rpc.TestBlockOutputStreamWithFailures" time="111.89"/>
  <testcase name="testDatanodeFailureWithPreAllocation" classname="org.apache.hadoop.ozone.client.rpc.TestBlockOutputStreamWithFailures" time="224.728"/>
  <testcase name="testDatanodeFailureWithSingleNodeRatis" classname="org.apache.hadoop.ozone.client.rpc.TestBlockOutputStreamWithFailures" time="225.507"/>
  <testcase name="testWatchForCommitWithSingleNodeRatis" classname="org.apache.hadoop.ozone.client.rpc.TestBlockOutputStreamWithFailures" time="36.606">
    <error type="java.lang.IllegalArgumentException">java.lang.IllegalArgumentException
	at com.google.common.base.Preconditions.checkArgument(Preconditions.java:72)
	at org.apache.hadoop.hdds.scm.XceiverClientManager.acquireClient(XceiverClientManager.java:150)
	at org.apache.hadoop.hdds.scm.XceiverClientManager.acquireClientForReadData(XceiverClientManager.java:143)
	at org.apache.hadoop.hdds.scm.storage.BlockInputStream.getChunkInfos(BlockInputStream.java:154)
	at org.apache.hadoop.hdds.scm.storage.BlockInputStream.initialize(BlockInputStream.java:118)
	at org.apache.hadoop.hdds.scm.storage.BlockInputStream.read(BlockInputStream.java:222)
	at org.apache.hadoop.ozone.client.io.KeyInputStream.read(KeyInputStream.java:171)
	at org.apache.hadoop.ozone.client.io.OzoneInputStream.read(OzoneInputStream.java:47)
	at java.io.InputStream.read(InputStream.java:101)
	at org.apache.hadoop.ozone.container.ContainerTestHelper.validateData(ContainerTestHelper.java:709)
	at org.apache.hadoop.ozone.client.rpc.TestBlockOutputStreamWithFailures.validateData(TestBlockOutputStreamWithFailures.java:1212)
	at org.apache.hadoop.ozone.client.rpc.TestBlockOutputStreamWithFailures.testWatchForCommitWithSingleNodeRatis(TestBlockOutputStreamWithFailures.java:914)
	at sun.reflect.NativeMethodAccessorImpl.invoke0(Native Method)
	at sun.reflect.NativeMethodAccessorImpl.invoke(NativeMethodAccessorImpl.java:62)
	at sun.reflect.DelegatingMethodAccessorImpl.invoke(DelegatingMethodAccessorImpl.java:43)
	at java.lang.reflect.Method.invoke(Method.java:498)
	at org.junit.runners.model.FrameworkMethod$1.runReflectiveCall(FrameworkMethod.java:47)
	at org.junit.internal.runners.model.ReflectiveCallable.run(ReflectiveCallable.java:12)
	at org.junit.runners.model.FrameworkMethod.invokeExplosively(FrameworkMethod.java:44)
	at org.junit.internal.runners.statements.InvokeMethod.evaluate(InvokeMethod.java:17)
	at org.junit.internal.runners.statements.RunBefores.evaluate(RunBefores.java:26)
	at org.junit.internal.runners.statements.RunAfters.evaluate(RunAfters.java:27)
	at org.junit.runners.ParentRunner.runLeaf(ParentRunner.java:271)
	at org.junit.runners.BlockJUnit4ClassRunner.runChild(BlockJUnit4ClassRunner.java:70)
	at org.junit.runners.BlockJUnit4ClassRunner.runChild(BlockJUnit4ClassRunner.java:50)
	at org.junit.runners.ParentRunner$3.run(ParentRunner.java:238)
	at org.junit.runners.ParentRunner$1.schedule(ParentRunner.java:63)
	at org.junit.runners.ParentRunner.runChildren(ParentRunner.java:236)
	at org.junit.runners.ParentRunner.access$000(ParentRunner.java:53)
	at org.junit.runners.ParentRunner$2.evaluate(ParentRunner.java:229)
	at org.junit.runners.ParentRunner.run(ParentRunner.java:309)
	at org.apache.maven.surefire.junit4.JUnit4Provider.execute(JUnit4Provider.java:365)
	at org.apache.maven.surefire.junit4.JUnit4Provider.executeWithRerun(JUnit4Provider.java:273)
	at org.apache.maven.surefire.junit4.JUnit4Provider.executeTestSet(JUnit4Provider.java:238)
	at org.apache.maven.surefire.junit4.JUnit4Provider.invoke(JUnit4Provider.java:159)
	at org.apache.maven.surefire.booter.ForkedBooter.invokeProviderInSameClassLoader(ForkedBooter.java:384)
	at org.apache.maven.surefire.booter.ForkedBooter.runSuitesInProcess(ForkedBooter.java:345)
	at org.apache.maven.surefire.booter.ForkedBooter.execute(ForkedBooter.java:126)
	at org.apache.maven.surefire.booter.ForkedBooter.main(ForkedBooter.java:418)
</error>
    <system-out><![CDATA[2019-07-14 11:06:26,873 WARN  server.ServerUtils (ServerUtils.java:getScmDbDir(145)) - ozone.scm.db.dirs is not configured. We recommend adding this setting. Falling back to ozone.metadata.dirs instead.
2019-07-14 11:06:26,888 WARN  server.ServerUtils (ServerUtils.java:getScmDbDir(145)) - ozone.scm.db.dirs is not configured. We recommend adding this setting. Falling back to ozone.metadata.dirs instead.
2019-07-14 11:06:26,888 WARN  server.ServerUtils (ServerUtils.java:getScmDbDir(145)) - ozone.scm.db.dirs is not configured. We recommend adding this setting. Falling back to ozone.metadata.dirs instead.
2019-07-14 11:06:26,888 INFO  db.DBStoreBuilder (DBStoreBuilder.java:addTable(110)) - using custom profile for table: deletedBlocks
2019-07-14 11:06:26,888 INFO  db.DBStoreBuilder (DBStoreBuilder.java:processTables(161)) - Using default column profile:DBProfile.DISK for Table:deletedBlocks
2019-07-14 11:06:26,889 INFO  db.DBStoreBuilder (DBStoreBuilder.java:addTable(110)) - using custom profile for table: validCerts
2019-07-14 11:06:26,889 INFO  db.DBStoreBuilder (DBStoreBuilder.java:processTables(161)) - Using default column profile:DBProfile.DISK for Table:validCerts
2019-07-14 11:06:26,889 INFO  db.DBStoreBuilder (DBStoreBuilder.java:addTable(110)) - using custom profile for table: revokedCerts
2019-07-14 11:06:26,889 INFO  db.DBStoreBuilder (DBStoreBuilder.java:processTables(161)) - Using default column profile:DBProfile.DISK for Table:revokedCerts
2019-07-14 11:06:26,889 INFO  db.DBStoreBuilder (DBStoreBuilder.java:addTable(110)) - using custom profile for table: default
2019-07-14 11:06:26,890 INFO  db.DBStoreBuilder (DBStoreBuilder.java:processTables(167)) - Using default column profile:DBProfile.DISK for Table:default
2019-07-14 11:06:26,890 INFO  db.DBStoreBuilder (DBStoreBuilder.java:getDbProfile(198)) - Using default options. DBProfile.DISK
2019-07-14 11:06:27,039 INFO  net.NodeSchemaLoader (NodeSchemaLoader.java:loadSchemaFromFile(125)) - Loading file from sun.misc.CompoundEnumeration@48ba37dc
2019-07-14 11:06:27,039 INFO  net.NodeSchemaLoader (NodeSchemaLoader.java:loadSchema(171)) - Loading network topology layer schema file
2019-07-14 11:06:27,045 INFO  node.SCMNodeManager (SCMNodeManager.java:<init>(119)) - Entering startup safe mode.
2019-07-14 11:06:27,045 WARN  server.ServerUtils (ServerUtils.java:getScmDbDir(145)) - ozone.scm.db.dirs is not configured. We recommend adding this setting. Falling back to ozone.metadata.dirs instead.
2019-07-14 11:06:27,095 INFO  pipeline.SCMPipelineManager (SCMPipelineManager.java:initializePipelineState(126)) - No pipeline exists in current db
2019-07-14 11:06:27,095 WARN  server.ServerUtils (ServerUtils.java:getScmDbDir(145)) - ozone.scm.db.dirs is not configured. We recommend adding this setting. Falling back to ozone.metadata.dirs instead.
2019-07-14 11:06:27,149 WARN  events.EventQueue (EventQueue.java:fireEvent(175)) - No event handler registered for event TypedEvent{payloadType=SafeModeStatus, name='SafeModeStatus'}
2019-07-14 11:06:27,150 INFO  ipc.CallQueueManager (CallQueueManager.java:<init>(84)) - Using callQueue: class java.util.concurrent.LinkedBlockingQueue, queueCapacity: 2000, scheduler: class org.apache.hadoop.ipc.DefaultRpcScheduler, ipcBackoff: false.
2019-07-14 11:06:27,333 INFO  ipc.Server (Server.java:run(1074)) - Starting Socket Reader #1 for port 38573
2019-07-14 11:06:27,348 INFO  ipc.CallQueueManager (CallQueueManager.java:<init>(84)) - Using callQueue: class java.util.concurrent.LinkedBlockingQueue, queueCapacity: 2000, scheduler: class org.apache.hadoop.ipc.DefaultRpcScheduler, ipcBackoff: false.
2019-07-14 11:06:27,349 INFO  ipc.Server (Server.java:run(1074)) - Starting Socket Reader #1 for port 33344
2019-07-14 11:06:27,352 INFO  ipc.CallQueueManager (CallQueueManager.java:<init>(84)) - Using callQueue: class java.util.concurrent.LinkedBlockingQueue, queueCapacity: 2000, scheduler: class org.apache.hadoop.ipc.DefaultRpcScheduler, ipcBackoff: false.
2019-07-14 11:06:27,354 INFO  ipc.Server (Server.java:run(1074)) - Starting Socket Reader #1 for port 34290
2019-07-14 11:06:27,357 INFO  hdfs.DFSUtil (DFSUtil.java:httpServerTemplateForNNAndJN(1641)) - Starting Web-server for scm at: http://0.0.0.0:0
2019-07-14 11:06:27,359 INFO  server.AuthenticationFilter (AuthenticationFilter.java:constructSecretProvider(240)) - Unable to initialize FileSignerSecretProvider, falling back to use random secrets.
2019-07-14 11:06:27,360 WARN  http.HttpRequestLog (HttpRequestLog.java:getRequestLog(97)) - Jetty request log can only be enabled using Log4j
2019-07-14 11:06:27,362 INFO  http.HttpServer2 (HttpServer2.java:addGlobalFilter(975)) - Added global filter 'safety' (class=org.apache.hadoop.http.HttpServer2$QuotingInputFilter)
2019-07-14 11:06:27,363 INFO  http.HttpServer2 (HttpServer2.java:addFilter(948)) - Added filter static_user_filter (class=org.apache.hadoop.http.lib.StaticUserWebFilter$StaticUserFilter) to context scm
2019-07-14 11:06:27,363 INFO  http.HttpServer2 (HttpServer2.java:addFilter(958)) - Added filter static_user_filter (class=org.apache.hadoop.http.lib.StaticUserWebFilter$StaticUserFilter) to context logs
2019-07-14 11:06:27,363 INFO  http.HttpServer2 (HttpServer2.java:addFilter(958)) - Added filter static_user_filter (class=org.apache.hadoop.http.lib.StaticUserWebFilter$StaticUserFilter) to context static
2019-07-14 11:06:27,366 INFO  server.StorageContainerManager (StorageContainerManager.java:start(759)) - StorageContainerLocationProtocol RPC server is listening at /0.0.0.0:34290
2019-07-14 11:06:27,368 WARN  impl.MetricsConfig (MetricsConfig.java:loadFirst(134)) - Cannot locate configuration: tried hadoop-metrics2-storagecontainermanager.properties,hadoop-metrics2.properties
2019-07-14 11:06:27,370 INFO  impl.MetricsSystemImpl (MetricsSystemImpl.java:startTimer(374)) - Scheduled Metric snapshot period at 10 second(s).
2019-07-14 11:06:27,370 INFO  impl.MetricsSystemImpl (MetricsSystemImpl.java:start(191)) - StorageContainerManager metrics system started
2019-07-14 11:06:27,417 INFO  server.SCMClientProtocolServer (SCMClientProtocolServer.java:start(149)) - RPC server for Client  is listening at /0.0.0.0:34290
2019-07-14 11:06:27,417 INFO  ipc.Server (Server.java:run(1314)) - IPC Server Responder: starting
2019-07-14 11:06:27,418 INFO  ipc.Server (Server.java:run(1153)) - IPC Server listener on 34290: starting
2019-07-14 11:06:27,421 INFO  server.StorageContainerManager (StorageContainerManager.java:start(768)) - ScmBlockLocationProtocol RPC server is listening at /0.0.0.0:33344
2019-07-14 11:06:27,421 INFO  server.SCMBlockProtocolServer (SCMBlockProtocolServer.java:start(140)) - RPC server for Block Protocol is listening at /0.0.0.0:33344
2019-07-14 11:06:27,422 INFO  ipc.Server (Server.java:run(1314)) - IPC Server Responder: starting
2019-07-14 11:06:27,423 INFO  ipc.Server (Server.java:run(1153)) - IPC Server listener on 33344: starting
2019-07-14 11:06:27,426 INFO  server.StorageContainerManager (StorageContainerManager.java:start(772)) - ScmDatanodeProtocl RPC server is listening at /0.0.0.0:38573
2019-07-14 11:06:27,426 INFO  server.SCMDatanodeProtocolServer (SCMDatanodeProtocolServer.java:start(191)) - RPC server for DataNodes is listening at /0.0.0.0:38573
2019-07-14 11:06:27,426 INFO  ipc.Server (Server.java:run(1314)) - IPC Server Responder: starting
2019-07-14 11:06:27,426 INFO  ipc.Server (Server.java:run(1153)) - IPC Server listener on 38573: starting
2019-07-14 11:06:27,430 INFO  http.HttpServer2 (HttpServer2.java:bindListener(1191)) - Jetty bound to port 36206
2019-07-14 11:06:27,430 INFO  server.Server (Server.java:doStart(351)) - jetty-9.3.24.v20180605, build timestamp: 2018-06-05T17:11:56Z, git hash: 84205aa28f11a4f31f2a3b86d1bba2cc8ab69827
2019-07-14 11:06:27,433 INFO  handler.ContextHandler (ContextHandler.java:doStart(781)) - Started o.e.j.s.ServletContextHandler@4351d055{/logs,file:///workdir/hadoop-ozone/integration-test/target/log,AVAILABLE}
2019-07-14 11:06:27,433 INFO  handler.ContextHandler (ContextHandler.java:doStart(781)) - Started o.e.j.s.ServletContextHandler@5c2ae7d7{/static,file:///workdir/hadoop-ozone/integration-test/target/test-classes/webapps/static,AVAILABLE}
2019-07-14 11:06:27,438 INFO  handler.ContextHandler (ContextHandler.java:doStart(781)) - Started o.e.j.w.WebAppContext@3113595e{/,file:///workdir/hadoop-ozone/integration-test/target/test-classes/webapps/scm/,AVAILABLE}{/scm}
2019-07-14 11:06:27,439 INFO  server.AbstractConnector (AbstractConnector.java:doStart(278)) - Started ServerConnector@109188b4{HTTP/1.1,[http/1.1]}{0.0.0.0:36206}
2019-07-14 11:06:27,439 INFO  server.Server (Server.java:doStart(419)) - Started @563309ms
2019-07-14 11:06:27,440 INFO  server.BaseHttpServer (BaseHttpServer.java:updateConnectorAddress(207)) - HTTP server of SCM is listening at http://0.0.0.0:36206
2019-07-14 11:06:27,441 WARN  server.ServerUtils (ServerUtils.java:getDBPath(222)) - ozone.om.db.dirs is not configured. We recommend adding this setting. Falling back to ozone.metadata.dirs instead.
2019-07-14 11:06:27,442 INFO  util.JvmPauseMonitor (JvmPauseMonitor.java:run(188)) - Starting JVM pause monitor
2019-07-14 11:06:27,456 WARN  server.ServerUtils (ServerUtils.java:getDBPath(222)) - ozone.om.db.dirs is not configured. We recommend adding this setting. Falling back to ozone.metadata.dirs instead.
2019-07-14 11:06:27,456 INFO  om.OzoneManager (OzoneManager.java:setOMNodeDetails(630)) - OM Service ID is not set. Setting it to the default ID: omServiceIdDefault
2019-07-14 11:06:27,457 INFO  om.OzoneManager (OzoneManager.java:setOMNodeDetails(636)) - OM Node ID is not set. Setting it to the OmStorage's OmID: 9a0cb3f4-2e0e-47af-83f8-a141b1db9831
2019-07-14 11:06:27,457 INFO  om.OzoneManager (OzoneManager.java:loadOMHAConfigs(587)) - Found matching OM address with OMServiceId: null, OMNodeId: null, RPC Address: localhost:0 and Ratis port: 9872
2019-07-14 11:06:27,465 WARN  server.ServerUtils (ServerUtils.java:getDBPath(222)) - ozone.om.db.dirs is not configured. We recommend adding this setting. Falling back to ozone.metadata.dirs instead.
2019-07-14 11:06:27,465 INFO  db.DBStoreBuilder (DBStoreBuilder.java:addTable(110)) - using custom profile for table: userTable
2019-07-14 11:06:27,465 INFO  db.DBStoreBuilder (DBStoreBuilder.java:processTables(161)) - Using default column profile:DBProfile.DISK for Table:userTable
2019-07-14 11:06:27,466 INFO  db.DBStoreBuilder (DBStoreBuilder.java:addTable(110)) - using custom profile for table: volumeTable
2019-07-14 11:06:27,466 INFO  db.DBStoreBuilder (DBStoreBuilder.java:processTables(161)) - Using default column profile:DBProfile.DISK for Table:volumeTable
2019-07-14 11:06:27,466 INFO  db.DBStoreBuilder (DBStoreBuilder.java:addTable(110)) - using custom profile for table: bucketTable
2019-07-14 11:06:27,466 INFO  db.DBStoreBuilder (DBStoreBuilder.java:processTables(161)) - Using default column profile:DBProfile.DISK for Table:bucketTable
2019-07-14 11:06:27,466 INFO  db.DBStoreBuilder (DBStoreBuilder.java:addTable(110)) - using custom profile for table: keyTable
2019-07-14 11:06:27,467 INFO  db.DBStoreBuilder (DBStoreBuilder.java:processTables(161)) - Using default column profile:DBProfile.DISK for Table:keyTable
2019-07-14 11:06:27,467 INFO  db.DBStoreBuilder (DBStoreBuilder.java:addTable(110)) - using custom profile for table: deletedTable
2019-07-14 11:06:27,467 INFO  db.DBStoreBuilder (DBStoreBuilder.java:processTables(161)) - Using default column profile:DBProfile.DISK for Table:deletedTable
2019-07-14 11:06:27,467 INFO  db.DBStoreBuilder (DBStoreBuilder.java:addTable(110)) - using custom profile for table: openKeyTable
2019-07-14 11:06:27,467 INFO  db.DBStoreBuilder (DBStoreBuilder.java:processTables(161)) - Using default column profile:DBProfile.DISK for Table:openKeyTable
2019-07-14 11:06:27,468 INFO  db.DBStoreBuilder (DBStoreBuilder.java:addTable(110)) - using custom profile for table: s3Table
2019-07-14 11:06:27,468 INFO  db.DBStoreBuilder (DBStoreBuilder.java:processTables(161)) - Using default column profile:DBProfile.DISK for Table:s3Table
2019-07-14 11:06:27,468 INFO  db.DBStoreBuilder (DBStoreBuilder.java:addTable(110)) - using custom profile for table: multipartInfoTable
2019-07-14 11:06:27,468 INFO  db.DBStoreBuilder (DBStoreBuilder.java:processTables(161)) - Using default column profile:DBProfile.DISK for Table:multipartInfoTable
2019-07-14 11:06:27,468 INFO  db.DBStoreBuilder (DBStoreBuilder.java:addTable(110)) - using custom profile for table: dTokenTable
2019-07-14 11:06:27,469 INFO  db.DBStoreBuilder (DBStoreBuilder.java:processTables(161)) - Using default column profile:DBProfile.DISK for Table:dTokenTable
2019-07-14 11:06:27,469 INFO  db.DBStoreBuilder (DBStoreBuilder.java:addTable(110)) - using custom profile for table: s3SecretTable
2019-07-14 11:06:27,469 INFO  db.DBStoreBuilder (DBStoreBuilder.java:processTables(161)) - Using default column profile:DBProfile.DISK for Table:s3SecretTable
2019-07-14 11:06:27,469 INFO  db.DBStoreBuilder (DBStoreBuilder.java:addTable(110)) - using custom profile for table: prefixTable
2019-07-14 11:06:27,469 INFO  db.DBStoreBuilder (DBStoreBuilder.java:processTables(161)) - Using default column profile:DBProfile.DISK for Table:prefixTable
2019-07-14 11:06:27,470 INFO  db.DBStoreBuilder (DBStoreBuilder.java:addTable(110)) - using custom profile for table: default
2019-07-14 11:06:27,470 INFO  db.DBStoreBuilder (DBStoreBuilder.java:processTables(167)) - Using default column profile:DBProfile.DISK for Table:default
2019-07-14 11:06:27,470 INFO  db.DBStoreBuilder (DBStoreBuilder.java:getDbProfile(198)) - Using default options. DBProfile.DISK
2019-07-14 11:06:27,951 INFO  ipc.CallQueueManager (CallQueueManager.java:<init>(84)) - Using callQueue: class java.util.concurrent.LinkedBlockingQueue, queueCapacity: 2000, scheduler: class org.apache.hadoop.ipc.DefaultRpcScheduler, ipcBackoff: false.
2019-07-14 11:06:27,952 INFO  ipc.Server (Server.java:run(1074)) - Starting Socket Reader #1 for port 39503
2019-07-14 11:06:27,967 WARN  server.ServerUtils (ServerUtils.java:getDBPath(222)) - ozone.om.db.dirs is not configured. We recommend adding this setting. Falling back to ozone.metadata.dirs instead.
2019-07-14 11:06:27,967 INFO  om.OzoneManager (OzoneManager.java:start(1228)) - OzoneManager RPC server is listening at localhost/127.0.0.1:39503
2019-07-14 11:06:27,968 INFO  impl.MetricsSystemImpl (MetricsSystemImpl.java:init(158)) - OzoneManager metrics system started (again)
2019-07-14 11:06:27,971 INFO  ipc.Server (Server.java:run(1314)) - IPC Server Responder: starting
2019-07-14 11:06:27,971 INFO  ipc.Server (Server.java:run(1153)) - IPC Server listener on 39503: starting
2019-07-14 11:06:27,977 INFO  hdfs.DFSUtil (DFSUtil.java:httpServerTemplateForNNAndJN(1641)) - Starting Web-server for ozoneManager at: http://0.0.0.0:0
2019-07-14 11:06:27,979 INFO  server.AuthenticationFilter (AuthenticationFilter.java:constructSecretProvider(240)) - Unable to initialize FileSignerSecretProvider, falling back to use random secrets.
2019-07-14 11:06:27,980 WARN  http.HttpRequestLog (HttpRequestLog.java:getRequestLog(97)) - Jetty request log can only be enabled using Log4j
2019-07-14 11:06:27,982 INFO  http.HttpServer2 (HttpServer2.java:addGlobalFilter(975)) - Added global filter 'safety' (class=org.apache.hadoop.http.HttpServer2$QuotingInputFilter)
2019-07-14 11:06:27,982 INFO  http.HttpServer2 (HttpServer2.java:addFilter(948)) - Added filter static_user_filter (class=org.apache.hadoop.http.lib.StaticUserWebFilter$StaticUserFilter) to context ozoneManager
2019-07-14 11:06:27,983 INFO  http.HttpServer2 (HttpServer2.java:addFilter(958)) - Added filter static_user_filter (class=org.apache.hadoop.http.lib.StaticUserWebFilter$StaticUserFilter) to context logs
2019-07-14 11:06:27,983 INFO  http.HttpServer2 (HttpServer2.java:addFilter(958)) - Added filter static_user_filter (class=org.apache.hadoop.http.lib.StaticUserWebFilter$StaticUserFilter) to context static
2019-07-14 11:06:27,984 INFO  http.HttpServer2 (HttpServer2.java:bindListener(1191)) - Jetty bound to port 43454
2019-07-14 11:06:27,984 INFO  server.Server (Server.java:doStart(351)) - jetty-9.3.24.v20180605, build timestamp: 2018-06-05T17:11:56Z, git hash: 84205aa28f11a4f31f2a3b86d1bba2cc8ab69827
2019-07-14 11:06:27,987 INFO  handler.ContextHandler (ContextHandler.java:doStart(781)) - Started o.e.j.s.ServletContextHandler@57466fb7{/logs,file:///workdir/hadoop-ozone/integration-test/target/log,AVAILABLE}
2019-07-14 11:06:27,987 INFO  handler.ContextHandler (ContextHandler.java:doStart(781)) - Started o.e.j.s.ServletContextHandler@2bbaf983{/static,file:///workdir/hadoop-ozone/integration-test/target/test-classes/webapps/static,AVAILABLE}
2019-07-14 11:06:27,993 INFO  handler.ContextHandler (ContextHandler.java:doStart(781)) - Started o.e.j.w.WebAppContext@426bf2f2{/,file:///workdir/hadoop-ozone/integration-test/target/test-classes/webapps/ozoneManager/,AVAILABLE}{/ozoneManager}
2019-07-14 11:06:27,994 INFO  server.AbstractConnector (AbstractConnector.java:doStart(278)) - Started ServerConnector@2cfd9b0a{HTTP/1.1,[http/1.1]}{0.0.0.0:43454}
2019-07-14 11:06:27,995 INFO  server.Server (Server.java:doStart(419)) - Started @563864ms
2019-07-14 11:06:27,996 INFO  server.BaseHttpServer (BaseHttpServer.java:updateConnectorAddress(207)) - HTTP server of OZONEMANAGER is listening at http://0.0.0.0:43454
2019-07-14 11:06:28,016 INFO  impl.MetricsSystemImpl (MetricsSystemImpl.java:init(158)) - HddsDatanode metrics system started (again)
2019-07-14 11:06:28,017 INFO  ozone.HddsDatanodeService (HddsDatanodeService.java:start(185)) - HddsDatanodeService host:trunk-nightly-fxmrv-2540794721 ip:192.168.157.209
2019-07-14 11:06:28,028 INFO  volume.HddsVolume (HddsVolume.java:<init>(176)) - Creating Volume: /workdir/hadoop-ozone/integration-test/target/test-dir/MiniOzoneClusterImpl-6e75c1fa-424d-46f5-a8d1-9c8543b80f65/datanode-0/data/containers/hdds of  storage type : DISK and capacity : 52710309888
2019-07-14 11:06:28,028 INFO  volume.VolumeSet (VolumeSet.java:initializeVolumeSet(170)) - Added Volume : /workdir/hadoop-ozone/integration-test/target/test-dir/MiniOzoneClusterImpl-6e75c1fa-424d-46f5-a8d1-9c8543b80f65/datanode-0/data/containers/hdds to VolumeSet
2019-07-14 11:06:28,029 INFO  volume.ThrottledAsyncChecker (ThrottledAsyncChecker.java:schedule(140)) - Scheduling a check for org.apache.hadoop.ozone.container.common.volume.HddsVolume@4af50246
2019-07-14 11:06:28,030 INFO  volume.HddsVolumeChecker (HddsVolumeChecker.java:checkAllVolumes(203)) - Scheduled health check for volume org.apache.hadoop.ozone.container.common.volume.HddsVolume@4af50246
2019-07-14 11:06:28,047 INFO  impl.RaftServerProxy (ConfUtils.java:logGet(43)) - raft.rpc.type = GRPC (default)
2019-07-14 11:06:28,047 INFO  grpc.GrpcFactory (GrpcFactory.java:checkPooledByteBufAllocatorUseCacheForAllThreads(45)) - PERFORMANCE WARNING: useCacheForAllThreads is true that may cause Netty to create a lot garbage objects and, as a result, trigger GC.
	It is recommended to disable useCacheForAllThreads by setting -Dorg.apache.ratis.thirdparty.io.netty.allocator.useCacheForAllThreads=false in command line.
2019-07-14 11:06:28,048 INFO  grpc.GrpcConfigKeys$Server (ConfUtils.java:logGet(43)) - raft.grpc.server.port = 0 (default)
2019-07-14 11:06:28,048 INFO  server.GrpcService (ConfUtils.java:logGet(43)) - raft.grpc.message.size.max = 33570816 (custom)
2019-07-14 11:06:28,048 INFO  server.RaftServerConfigKeys (ConfUtils.java:logGet(43)) - raft.server.log.appender.buffer.byte-limit = 33554432 (custom)
2019-07-14 11:06:28,048 INFO  server.GrpcService (ConfUtils.java:logGet(43)) - raft.grpc.flow.control.window = 1MB (=1048576) (default)
2019-07-14 11:06:28,049 INFO  server.RaftServerConfigKeys (ConfUtils.java:logGet(43)) - raft.server.rpc.request.timeout = 3000ms (default)
2019-07-14 11:06:28,049 INFO  server.RaftServerConfigKeys (ConfUtils.java:logGet(43)) - raft.server.storage.dir = [/workdir/hadoop-ozone/integration-test/target/test-dir/MiniOzoneClusterImpl-6e75c1fa-424d-46f5-a8d1-9c8543b80f65/datanode-0/data/ratis] (custom)
2019-07-14 11:06:28,050 INFO  replication.SimpleContainerDownloader (SimpleContainerDownloader.java:<init>(72)) - Starting container downloader service to copy containers to replicate.
2019-07-14 11:06:28,051 INFO  hdfs.DFSUtil (DFSUtil.java:httpServerTemplateForNNAndJN(1641)) - Starting Web-server for hddsDatanode at: http://0.0.0.0:0
2019-07-14 11:06:28,052 INFO  server.AuthenticationFilter (AuthenticationFilter.java:constructSecretProvider(240)) - Unable to initialize FileSignerSecretProvider, falling back to use random secrets.
2019-07-14 11:06:28,053 WARN  http.HttpRequestLog (HttpRequestLog.java:getRequestLog(97)) - Jetty request log can only be enabled using Log4j
2019-07-14 11:06:28,054 INFO  http.HttpServer2 (HttpServer2.java:addGlobalFilter(975)) - Added global filter 'safety' (class=org.apache.hadoop.http.HttpServer2$QuotingInputFilter)
2019-07-14 11:06:28,055 INFO  http.HttpServer2 (HttpServer2.java:addFilter(948)) - Added filter static_user_filter (class=org.apache.hadoop.http.lib.StaticUserWebFilter$StaticUserFilter) to context hddsDatanode
2019-07-14 11:06:28,055 INFO  http.HttpServer2 (HttpServer2.java:addFilter(958)) - Added filter static_user_filter (class=org.apache.hadoop.http.lib.StaticUserWebFilter$StaticUserFilter) to context static
2019-07-14 11:06:28,055 INFO  http.HttpServer2 (HttpServer2.java:addFilter(958)) - Added filter static_user_filter (class=org.apache.hadoop.http.lib.StaticUserWebFilter$StaticUserFilter) to context logs
2019-07-14 11:06:28,056 INFO  http.HttpServer2 (HttpServer2.java:bindListener(1191)) - Jetty bound to port 43900
2019-07-14 11:06:28,056 INFO  server.Server (Server.java:doStart(351)) - jetty-9.3.24.v20180605, build timestamp: 2018-06-05T17:11:56Z, git hash: 84205aa28f11a4f31f2a3b86d1bba2cc8ab69827
2019-07-14 11:06:28,058 INFO  handler.ContextHandler (ContextHandler.java:doStart(781)) - Started o.e.j.s.ServletContextHandler@24d097c8{/logs,file:///workdir/hadoop-ozone/integration-test/target/log,AVAILABLE}
2019-07-14 11:06:28,059 INFO  handler.ContextHandler (ContextHandler.java:doStart(781)) - Started o.e.j.s.ServletContextHandler@5bfdc92b{/static,jar:file:/home/user/.m2/repository/org/apache/hadoop/hadoop-hdds-container-service/0.5.0-SNAPSHOT/hadoop-hdds-container-service-0.5.0-SNAPSHOT.jar!/webapps/static,AVAILABLE}
2019-07-14 11:06:28,092 INFO  handler.ContextHandler (ContextHandler.java:doStart(781)) - Started o.e.j.w.WebAppContext@7fb1820d{/,file:///tmp/jetty-0.0.0.0-43900-hddsDatanode-_-any-6924846563957062292.dir/webapp/,AVAILABLE}{/hddsDatanode}
2019-07-14 11:06:28,092 INFO  server.AbstractConnector (AbstractConnector.java:doStart(278)) - Started ServerConnector@7e27b77a{HTTP/1.1,[http/1.1]}{0.0.0.0:43900}
2019-07-14 11:06:28,093 INFO  server.Server (Server.java:doStart(419)) - Started @563963ms
2019-07-14 11:06:28,094 INFO  server.BaseHttpServer (BaseHttpServer.java:updateConnectorAddress(207)) - HTTP server of HDDSDATANODE is listening at http://0.0.0.0:43900
2019-07-14 11:06:28,197 INFO  ozone.HddsDatanodeService (HddsDatanodeService.java:startPlugins(396)) - Started plug-in org.apache.hadoop.ozone.web.OzoneHddsDatanodeService@2210af14
2019-07-14 11:06:28,197 INFO  impl.MetricsSystemImpl (MetricsSystemImpl.java:init(158)) - HddsDatanode metrics system started (again)
2019-07-14 11:06:28,199 INFO  ozone.HddsDatanodeService (HddsDatanodeService.java:start(185)) - HddsDatanodeService host:trunk-nightly-fxmrv-2540794721 ip:192.168.157.209
2019-07-14 11:06:28,201 INFO  util.JvmPauseMonitor (JvmPauseMonitor.java:run(188)) - Starting JVM pause monitor
2019-07-14 11:06:28,204 INFO  datanode.InitDatanodeState (InitDatanodeState.java:persistContainerDatanodeDetails(140)) - DatanodeDetails is persisted to /workdir/hadoop-ozone/integration-test/target/test-dir/MiniOzoneClusterImpl-6e75c1fa-424d-46f5-a8d1-9c8543b80f65/datanode-0/meta/datanode.id
2019-07-14 11:06:28,210 INFO  volume.HddsVolume (HddsVolume.java:<init>(176)) - Creating Volume: /workdir/hadoop-ozone/integration-test/target/test-dir/MiniOzoneClusterImpl-6e75c1fa-424d-46f5-a8d1-9c8543b80f65/datanode-1/data/containers/hdds of  storage type : DISK and capacity : 52710309888
2019-07-14 11:06:28,210 INFO  volume.VolumeSet (VolumeSet.java:initializeVolumeSet(170)) - Added Volume : /workdir/hadoop-ozone/integration-test/target/test-dir/MiniOzoneClusterImpl-6e75c1fa-424d-46f5-a8d1-9c8543b80f65/datanode-1/data/containers/hdds to VolumeSet
2019-07-14 11:06:28,210 INFO  volume.ThrottledAsyncChecker (ThrottledAsyncChecker.java:schedule(140)) - Scheduling a check for org.apache.hadoop.ozone.container.common.volume.HddsVolume@760d6350
2019-07-14 11:06:28,211 INFO  volume.HddsVolumeChecker (HddsVolumeChecker.java:checkAllVolumes(203)) - Scheduled health check for volume org.apache.hadoop.ozone.container.common.volume.HddsVolume@760d6350
2019-07-14 11:06:28,224 INFO  impl.RaftServerProxy (ConfUtils.java:logGet(43)) - raft.rpc.type = GRPC (default)
2019-07-14 11:06:28,224 INFO  grpc.GrpcFactory (GrpcFactory.java:checkPooledByteBufAllocatorUseCacheForAllThreads(45)) - PERFORMANCE WARNING: useCacheForAllThreads is true that may cause Netty to create a lot garbage objects and, as a result, trigger GC.
	It is recommended to disable useCacheForAllThreads by setting -Dorg.apache.ratis.thirdparty.io.netty.allocator.useCacheForAllThreads=false in command line.
2019-07-14 11:06:28,224 INFO  grpc.GrpcConfigKeys$Server (ConfUtils.java:logGet(43)) - raft.grpc.server.port = 0 (default)
2019-07-14 11:06:28,224 INFO  server.GrpcService (ConfUtils.java:logGet(43)) - raft.grpc.message.size.max = 33570816 (custom)
2019-07-14 11:06:28,224 INFO  server.RaftServerConfigKeys (ConfUtils.java:logGet(43)) - raft.server.log.appender.buffer.byte-limit = 33554432 (custom)
2019-07-14 11:06:28,225 INFO  server.GrpcService (ConfUtils.java:logGet(43)) - raft.grpc.flow.control.window = 1MB (=1048576) (default)
2019-07-14 11:06:28,225 INFO  server.RaftServerConfigKeys (ConfUtils.java:logGet(43)) - raft.server.rpc.request.timeout = 3000ms (default)
2019-07-14 11:06:28,225 INFO  server.RaftServerConfigKeys (ConfUtils.java:logGet(43)) - raft.server.storage.dir = [/workdir/hadoop-ozone/integration-test/target/test-dir/MiniOzoneClusterImpl-6e75c1fa-424d-46f5-a8d1-9c8543b80f65/datanode-1/data/ratis] (custom)
2019-07-14 11:06:28,225 INFO  replication.SimpleContainerDownloader (SimpleContainerDownloader.java:<init>(72)) - Starting container downloader service to copy containers to replicate.
2019-07-14 11:06:28,228 INFO  hdfs.DFSUtil (DFSUtil.java:httpServerTemplateForNNAndJN(1641)) - Starting Web-server for hddsDatanode at: http://0.0.0.0:0
2019-07-14 11:06:28,229 INFO  server.AuthenticationFilter (AuthenticationFilter.java:constructSecretProvider(240)) - Unable to initialize FileSignerSecretProvider, falling back to use random secrets.
2019-07-14 11:06:28,229 WARN  http.HttpRequestLog (HttpRequestLog.java:getRequestLog(97)) - Jetty request log can only be enabled using Log4j
2019-07-14 11:06:28,230 INFO  http.HttpServer2 (HttpServer2.java:addGlobalFilter(975)) - Added global filter 'safety' (class=org.apache.hadoop.http.HttpServer2$QuotingInputFilter)
2019-07-14 11:06:28,231 INFO  http.HttpServer2 (HttpServer2.java:addFilter(948)) - Added filter static_user_filter (class=org.apache.hadoop.http.lib.StaticUserWebFilter$StaticUserFilter) to context hddsDatanode
2019-07-14 11:06:28,231 INFO  http.HttpServer2 (HttpServer2.java:addFilter(958)) - Added filter static_user_filter (class=org.apache.hadoop.http.lib.StaticUserWebFilter$StaticUserFilter) to context static
2019-07-14 11:06:28,231 INFO  http.HttpServer2 (HttpServer2.java:addFilter(958)) - Added filter static_user_filter (class=org.apache.hadoop.http.lib.StaticUserWebFilter$StaticUserFilter) to context logs
2019-07-14 11:06:28,232 INFO  http.HttpServer2 (HttpServer2.java:bindListener(1191)) - Jetty bound to port 43867
2019-07-14 11:06:28,232 INFO  server.Server (Server.java:doStart(351)) - jetty-9.3.24.v20180605, build timestamp: 2018-06-05T17:11:56Z, git hash: 84205aa28f11a4f31f2a3b86d1bba2cc8ab69827
2019-07-14 11:06:28,233 INFO  handler.ContextHandler (ContextHandler.java:doStart(781)) - Started o.e.j.s.ServletContextHandler@59263f7b{/logs,file:///workdir/hadoop-ozone/integration-test/target/log,AVAILABLE}
2019-07-14 11:06:28,234 INFO  handler.ContextHandler (ContextHandler.java:doStart(781)) - Started o.e.j.s.ServletContextHandler@447a557b{/static,jar:file:/home/user/.m2/repository/org/apache/hadoop/hadoop-hdds-container-service/0.5.0-SNAPSHOT/hadoop-hdds-container-service-0.5.0-SNAPSHOT.jar!/webapps/static,AVAILABLE}
2019-07-14 11:06:28,260 INFO  handler.ContextHandler (ContextHandler.java:doStart(781)) - Started o.e.j.w.WebAppContext@60256d1b{/,file:///tmp/jetty-0.0.0.0-43867-hddsDatanode-_-any-1068625283499146938.dir/webapp/,AVAILABLE}{/hddsDatanode}
2019-07-14 11:06:28,261 INFO  server.AbstractConnector (AbstractConnector.java:doStart(278)) - Started ServerConnector@24b4f4a{HTTP/1.1,[http/1.1]}{0.0.0.0:43867}
2019-07-14 11:06:28,261 INFO  server.Server (Server.java:doStart(419)) - Started @564131ms
2019-07-14 11:06:28,262 INFO  server.BaseHttpServer (BaseHttpServer.java:updateConnectorAddress(207)) - HTTP server of HDDSDATANODE is listening at http://0.0.0.0:43867
2019-07-14 11:06:28,362 INFO  ozone.HddsDatanodeService (HddsDatanodeService.java:startPlugins(396)) - Started plug-in org.apache.hadoop.ozone.web.OzoneHddsDatanodeService@40ef1934
2019-07-14 11:06:28,362 INFO  impl.MetricsSystemImpl (MetricsSystemImpl.java:init(158)) - HddsDatanode metrics system started (again)
2019-07-14 11:06:28,365 INFO  ozone.HddsDatanodeService (HddsDatanodeService.java:start(185)) - HddsDatanodeService host:trunk-nightly-fxmrv-2540794721 ip:192.168.157.209
2019-07-14 11:06:28,366 INFO  util.JvmPauseMonitor (JvmPauseMonitor.java:run(188)) - Starting JVM pause monitor
2019-07-14 11:06:28,368 INFO  datanode.InitDatanodeState (InitDatanodeState.java:persistContainerDatanodeDetails(140)) - DatanodeDetails is persisted to /workdir/hadoop-ozone/integration-test/target/test-dir/MiniOzoneClusterImpl-6e75c1fa-424d-46f5-a8d1-9c8543b80f65/datanode-1/meta/datanode.id
2019-07-14 11:06:28,375 INFO  volume.HddsVolume (HddsVolume.java:<init>(176)) - Creating Volume: /workdir/hadoop-ozone/integration-test/target/test-dir/MiniOzoneClusterImpl-6e75c1fa-424d-46f5-a8d1-9c8543b80f65/datanode-2/data/containers/hdds of  storage type : DISK and capacity : 52710309888
2019-07-14 11:06:28,375 INFO  volume.VolumeSet (VolumeSet.java:initializeVolumeSet(170)) - Added Volume : /workdir/hadoop-ozone/integration-test/target/test-dir/MiniOzoneClusterImpl-6e75c1fa-424d-46f5-a8d1-9c8543b80f65/datanode-2/data/containers/hdds to VolumeSet
2019-07-14 11:06:28,376 INFO  volume.ThrottledAsyncChecker (ThrottledAsyncChecker.java:schedule(140)) - Scheduling a check for org.apache.hadoop.ozone.container.common.volume.HddsVolume@5f596a1a
2019-07-14 11:06:28,376 INFO  volume.HddsVolumeChecker (HddsVolumeChecker.java:checkAllVolumes(203)) - Scheduled health check for volume org.apache.hadoop.ozone.container.common.volume.HddsVolume@5f596a1a
2019-07-14 11:06:28,389 INFO  impl.RaftServerProxy (ConfUtils.java:logGet(43)) - raft.rpc.type = GRPC (default)
2019-07-14 11:06:28,389 INFO  grpc.GrpcFactory (GrpcFactory.java:checkPooledByteBufAllocatorUseCacheForAllThreads(45)) - PERFORMANCE WARNING: useCacheForAllThreads is true that may cause Netty to create a lot garbage objects and, as a result, trigger GC.
	It is recommended to disable useCacheForAllThreads by setting -Dorg.apache.ratis.thirdparty.io.netty.allocator.useCacheForAllThreads=false in command line.
2019-07-14 11:06:28,389 INFO  grpc.GrpcConfigKeys$Server (ConfUtils.java:logGet(43)) - raft.grpc.server.port = 0 (default)
2019-07-14 11:06:28,389 INFO  server.GrpcService (ConfUtils.java:logGet(43)) - raft.grpc.message.size.max = 33570816 (custom)
2019-07-14 11:06:28,390 INFO  server.RaftServerConfigKeys (ConfUtils.java:logGet(43)) - raft.server.log.appender.buffer.byte-limit = 33554432 (custom)
2019-07-14 11:06:28,390 INFO  server.GrpcService (ConfUtils.java:logGet(43)) - raft.grpc.flow.control.window = 1MB (=1048576) (default)
2019-07-14 11:06:28,390 INFO  server.RaftServerConfigKeys (ConfUtils.java:logGet(43)) - raft.server.rpc.request.timeout = 3000ms (default)
2019-07-14 11:06:28,390 INFO  server.RaftServerConfigKeys (ConfUtils.java:logGet(43)) - raft.server.storage.dir = [/workdir/hadoop-ozone/integration-test/target/test-dir/MiniOzoneClusterImpl-6e75c1fa-424d-46f5-a8d1-9c8543b80f65/datanode-2/data/ratis] (custom)
2019-07-14 11:06:28,391 INFO  replication.SimpleContainerDownloader (SimpleContainerDownloader.java:<init>(72)) - Starting container downloader service to copy containers to replicate.
2019-07-14 11:06:28,392 INFO  hdfs.DFSUtil (DFSUtil.java:httpServerTemplateForNNAndJN(1641)) - Starting Web-server for hddsDatanode at: http://0.0.0.0:0
2019-07-14 11:06:28,393 INFO  server.AuthenticationFilter (AuthenticationFilter.java:constructSecretProvider(240)) - Unable to initialize FileSignerSecretProvider, falling back to use random secrets.
2019-07-14 11:06:28,393 WARN  http.HttpRequestLog (HttpRequestLog.java:getRequestLog(97)) - Jetty request log can only be enabled using Log4j
2019-07-14 11:06:28,394 INFO  http.HttpServer2 (HttpServer2.java:addGlobalFilter(975)) - Added global filter 'safety' (class=org.apache.hadoop.http.HttpServer2$QuotingInputFilter)
2019-07-14 11:06:28,394 INFO  http.HttpServer2 (HttpServer2.java:addFilter(948)) - Added filter static_user_filter (class=org.apache.hadoop.http.lib.StaticUserWebFilter$StaticUserFilter) to context hddsDatanode
2019-07-14 11:06:28,395 INFO  http.HttpServer2 (HttpServer2.java:addFilter(958)) - Added filter static_user_filter (class=org.apache.hadoop.http.lib.StaticUserWebFilter$StaticUserFilter) to context logs
2019-07-14 11:06:28,395 INFO  http.HttpServer2 (HttpServer2.java:addFilter(958)) - Added filter static_user_filter (class=org.apache.hadoop.http.lib.StaticUserWebFilter$StaticUserFilter) to context static
2019-07-14 11:06:28,395 INFO  http.HttpServer2 (HttpServer2.java:bindListener(1191)) - Jetty bound to port 46094
2019-07-14 11:06:28,395 INFO  server.Server (Server.java:doStart(351)) - jetty-9.3.24.v20180605, build timestamp: 2018-06-05T17:11:56Z, git hash: 84205aa28f11a4f31f2a3b86d1bba2cc8ab69827
2019-07-14 11:06:28,397 INFO  handler.ContextHandler (ContextHandler.java:doStart(781)) - Started o.e.j.s.ServletContextHandler@5248c05a{/logs,file:///workdir/hadoop-ozone/integration-test/target/log,AVAILABLE}
2019-07-14 11:06:28,397 INFO  handler.ContextHandler (ContextHandler.java:doStart(781)) - Started o.e.j.s.ServletContextHandler@601e7c97{/static,jar:file:/home/user/.m2/repository/org/apache/hadoop/hadoop-hdds-container-service/0.5.0-SNAPSHOT/hadoop-hdds-container-service-0.5.0-SNAPSHOT.jar!/webapps/static,AVAILABLE}
2019-07-14 11:06:28,424 INFO  handler.ContextHandler (ContextHandler.java:doStart(781)) - Started o.e.j.w.WebAppContext@7d0e43d6{/,file:///tmp/jetty-0.0.0.0-46094-hddsDatanode-_-any-4800690441780241341.dir/webapp/,AVAILABLE}{/hddsDatanode}
2019-07-14 11:06:28,424 INFO  server.AbstractConnector (AbstractConnector.java:doStart(278)) - Started ServerConnector@df04d12{HTTP/1.1,[http/1.1]}{0.0.0.0:46094}
2019-07-14 11:06:28,424 INFO  server.Server (Server.java:doStart(419)) - Started @564294ms
2019-07-14 11:06:28,426 INFO  server.BaseHttpServer (BaseHttpServer.java:updateConnectorAddress(207)) - HTTP server of HDDSDATANODE is listening at http://0.0.0.0:46094
2019-07-14 11:06:28,525 INFO  ozone.HddsDatanodeService (HddsDatanodeService.java:startPlugins(396)) - Started plug-in org.apache.hadoop.ozone.web.OzoneHddsDatanodeService@67062a93
2019-07-14 11:06:28,525 INFO  impl.MetricsSystemImpl (MetricsSystemImpl.java:init(158)) - HddsDatanode metrics system started (again)
2019-07-14 11:06:28,528 INFO  ozone.HddsDatanodeService (HddsDatanodeService.java:start(185)) - HddsDatanodeService host:trunk-nightly-fxmrv-2540794721 ip:192.168.157.209
2019-07-14 11:06:28,529 INFO  util.JvmPauseMonitor (JvmPauseMonitor.java:run(188)) - Starting JVM pause monitor
2019-07-14 11:06:28,531 INFO  datanode.InitDatanodeState (InitDatanodeState.java:persistContainerDatanodeDetails(140)) - DatanodeDetails is persisted to /workdir/hadoop-ozone/integration-test/target/test-dir/MiniOzoneClusterImpl-6e75c1fa-424d-46f5-a8d1-9c8543b80f65/datanode-2/meta/datanode.id
2019-07-14 11:06:28,538 INFO  volume.HddsVolume (HddsVolume.java:<init>(176)) - Creating Volume: /workdir/hadoop-ozone/integration-test/target/test-dir/MiniOzoneClusterImpl-6e75c1fa-424d-46f5-a8d1-9c8543b80f65/datanode-3/data/containers/hdds of  storage type : DISK and capacity : 52710309888
2019-07-14 11:06:28,539 INFO  volume.VolumeSet (VolumeSet.java:initializeVolumeSet(170)) - Added Volume : /workdir/hadoop-ozone/integration-test/target/test-dir/MiniOzoneClusterImpl-6e75c1fa-424d-46f5-a8d1-9c8543b80f65/datanode-3/data/containers/hdds to VolumeSet
2019-07-14 11:06:28,539 INFO  volume.ThrottledAsyncChecker (ThrottledAsyncChecker.java:schedule(140)) - Scheduling a check for org.apache.hadoop.ozone.container.common.volume.HddsVolume@51b2b3e6
2019-07-14 11:06:28,539 INFO  volume.HddsVolumeChecker (HddsVolumeChecker.java:checkAllVolumes(203)) - Scheduled health check for volume org.apache.hadoop.ozone.container.common.volume.HddsVolume@51b2b3e6
2019-07-14 11:06:28,553 INFO  impl.RaftServerProxy (ConfUtils.java:logGet(43)) - raft.rpc.type = GRPC (default)
2019-07-14 11:06:28,553 INFO  grpc.GrpcFactory (GrpcFactory.java:checkPooledByteBufAllocatorUseCacheForAllThreads(45)) - PERFORMANCE WARNING: useCacheForAllThreads is true that may cause Netty to create a lot garbage objects and, as a result, trigger GC.
	It is recommended to disable useCacheForAllThreads by setting -Dorg.apache.ratis.thirdparty.io.netty.allocator.useCacheForAllThreads=false in command line.
2019-07-14 11:06:28,553 INFO  grpc.GrpcConfigKeys$Server (ConfUtils.java:logGet(43)) - raft.grpc.server.port = 0 (default)
2019-07-14 11:06:28,554 INFO  server.GrpcService (ConfUtils.java:logGet(43)) - raft.grpc.message.size.max = 33570816 (custom)
2019-07-14 11:06:28,554 INFO  server.RaftServerConfigKeys (ConfUtils.java:logGet(43)) - raft.server.log.appender.buffer.byte-limit = 33554432 (custom)
2019-07-14 11:06:28,554 INFO  server.GrpcService (ConfUtils.java:logGet(43)) - raft.grpc.flow.control.window = 1MB (=1048576) (default)
2019-07-14 11:06:28,554 INFO  server.RaftServerConfigKeys (ConfUtils.java:logGet(43)) - raft.server.rpc.request.timeout = 3000ms (default)
2019-07-14 11:06:28,555 INFO  server.RaftServerConfigKeys (ConfUtils.java:logGet(43)) - raft.server.storage.dir = [/workdir/hadoop-ozone/integration-test/target/test-dir/MiniOzoneClusterImpl-6e75c1fa-424d-46f5-a8d1-9c8543b80f65/datanode-3/data/ratis] (custom)
2019-07-14 11:06:28,555 INFO  replication.SimpleContainerDownloader (SimpleContainerDownloader.java:<init>(72)) - Starting container downloader service to copy containers to replicate.
2019-07-14 11:06:28,556 INFO  hdfs.DFSUtil (DFSUtil.java:httpServerTemplateForNNAndJN(1641)) - Starting Web-server for hddsDatanode at: http://0.0.0.0:0
2019-07-14 11:06:28,557 INFO  server.AuthenticationFilter (AuthenticationFilter.java:constructSecretProvider(240)) - Unable to initialize FileSignerSecretProvider, falling back to use random secrets.
2019-07-14 11:06:28,557 WARN  http.HttpRequestLog (HttpRequestLog.java:getRequestLog(97)) - Jetty request log can only be enabled using Log4j
2019-07-14 11:06:28,558 INFO  http.HttpServer2 (HttpServer2.java:addGlobalFilter(975)) - Added global filter 'safety' (class=org.apache.hadoop.http.HttpServer2$QuotingInputFilter)
2019-07-14 11:06:28,559 INFO  http.HttpServer2 (HttpServer2.java:addFilter(948)) - Added filter static_user_filter (class=org.apache.hadoop.http.lib.StaticUserWebFilter$StaticUserFilter) to context hddsDatanode
2019-07-14 11:06:28,559 INFO  http.HttpServer2 (HttpServer2.java:addFilter(958)) - Added filter static_user_filter (class=org.apache.hadoop.http.lib.StaticUserWebFilter$StaticUserFilter) to context static
2019-07-14 11:06:28,559 INFO  http.HttpServer2 (HttpServer2.java:addFilter(958)) - Added filter static_user_filter (class=org.apache.hadoop.http.lib.StaticUserWebFilter$StaticUserFilter) to context logs
2019-07-14 11:06:28,560 INFO  http.HttpServer2 (HttpServer2.java:bindListener(1191)) - Jetty bound to port 36319
2019-07-14 11:06:28,560 INFO  server.Server (Server.java:doStart(351)) - jetty-9.3.24.v20180605, build timestamp: 2018-06-05T17:11:56Z, git hash: 84205aa28f11a4f31f2a3b86d1bba2cc8ab69827
2019-07-14 11:06:28,561 INFO  handler.ContextHandler (ContextHandler.java:doStart(781)) - Started o.e.j.s.ServletContextHandler@67eabe02{/logs,file:///workdir/hadoop-ozone/integration-test/target/log,AVAILABLE}
2019-07-14 11:06:28,562 INFO  handler.ContextHandler (ContextHandler.java:doStart(781)) - Started o.e.j.s.ServletContextHandler@73072745{/static,jar:file:/home/user/.m2/repository/org/apache/hadoop/hadoop-hdds-container-service/0.5.0-SNAPSHOT/hadoop-hdds-container-service-0.5.0-SNAPSHOT.jar!/webapps/static,AVAILABLE}
2019-07-14 11:06:28,588 INFO  handler.ContextHandler (ContextHandler.java:doStart(781)) - Started o.e.j.w.WebAppContext@62b0792{/,file:///tmp/jetty-0.0.0.0-36319-hddsDatanode-_-any-5593506515924060130.dir/webapp/,AVAILABLE}{/hddsDatanode}
2019-07-14 11:06:28,589 INFO  server.AbstractConnector (AbstractConnector.java:doStart(278)) - Started ServerConnector@2fd409c1{HTTP/1.1,[http/1.1]}{0.0.0.0:36319}
2019-07-14 11:06:28,590 INFO  server.Server (Server.java:doStart(419)) - Started @564460ms
2019-07-14 11:06:28,591 INFO  server.BaseHttpServer (BaseHttpServer.java:updateConnectorAddress(207)) - HTTP server of HDDSDATANODE is listening at http://0.0.0.0:36319
2019-07-14 11:06:28,690 INFO  ozone.HddsDatanodeService (HddsDatanodeService.java:startPlugins(396)) - Started plug-in org.apache.hadoop.ozone.web.OzoneHddsDatanodeService@6fc03cf6
2019-07-14 11:06:28,690 INFO  impl.MetricsSystemImpl (MetricsSystemImpl.java:init(158)) - HddsDatanode metrics system started (again)
2019-07-14 11:06:28,693 INFO  ozone.HddsDatanodeService (HddsDatanodeService.java:start(185)) - HddsDatanodeService host:trunk-nightly-fxmrv-2540794721 ip:192.168.157.209
2019-07-14 11:06:28,694 INFO  util.JvmPauseMonitor (JvmPauseMonitor.java:run(188)) - Starting JVM pause monitor
2019-07-14 11:06:28,695 INFO  datanode.InitDatanodeState (InitDatanodeState.java:persistContainerDatanodeDetails(140)) - DatanodeDetails is persisted to /workdir/hadoop-ozone/integration-test/target/test-dir/MiniOzoneClusterImpl-6e75c1fa-424d-46f5-a8d1-9c8543b80f65/datanode-3/meta/datanode.id
2019-07-14 11:06:28,703 INFO  volume.HddsVolume (HddsVolume.java:<init>(176)) - Creating Volume: /workdir/hadoop-ozone/integration-test/target/test-dir/MiniOzoneClusterImpl-6e75c1fa-424d-46f5-a8d1-9c8543b80f65/datanode-4/data/containers/hdds of  storage type : DISK and capacity : 52710309888
2019-07-14 11:06:28,704 INFO  volume.VolumeSet (VolumeSet.java:initializeVolumeSet(170)) - Added Volume : /workdir/hadoop-ozone/integration-test/target/test-dir/MiniOzoneClusterImpl-6e75c1fa-424d-46f5-a8d1-9c8543b80f65/datanode-4/data/containers/hdds to VolumeSet
2019-07-14 11:06:28,704 INFO  volume.ThrottledAsyncChecker (ThrottledAsyncChecker.java:schedule(140)) - Scheduling a check for org.apache.hadoop.ozone.container.common.volume.HddsVolume@2bf2523f
2019-07-14 11:06:28,704 INFO  volume.HddsVolumeChecker (HddsVolumeChecker.java:checkAllVolumes(203)) - Scheduled health check for volume org.apache.hadoop.ozone.container.common.volume.HddsVolume@2bf2523f
2019-07-14 11:06:28,718 INFO  impl.RaftServerProxy (ConfUtils.java:logGet(43)) - raft.rpc.type = GRPC (default)
2019-07-14 11:06:28,719 INFO  grpc.GrpcFactory (GrpcFactory.java:checkPooledByteBufAllocatorUseCacheForAllThreads(45)) - PERFORMANCE WARNING: useCacheForAllThreads is true that may cause Netty to create a lot garbage objects and, as a result, trigger GC.
	It is recommended to disable useCacheForAllThreads by setting -Dorg.apache.ratis.thirdparty.io.netty.allocator.useCacheForAllThreads=false in command line.
2019-07-14 11:06:28,719 INFO  grpc.GrpcConfigKeys$Server (ConfUtils.java:logGet(43)) - raft.grpc.server.port = 0 (default)
2019-07-14 11:06:28,719 INFO  server.GrpcService (ConfUtils.java:logGet(43)) - raft.grpc.message.size.max = 33570816 (custom)
2019-07-14 11:06:28,719 INFO  server.RaftServerConfigKeys (ConfUtils.java:logGet(43)) - raft.server.log.appender.buffer.byte-limit = 33554432 (custom)
2019-07-14 11:06:28,719 INFO  server.GrpcService (ConfUtils.java:logGet(43)) - raft.grpc.flow.control.window = 1MB (=1048576) (default)
2019-07-14 11:06:28,720 INFO  server.RaftServerConfigKeys (ConfUtils.java:logGet(43)) - raft.server.rpc.request.timeout = 3000ms (default)
2019-07-14 11:06:28,720 INFO  server.RaftServerConfigKeys (ConfUtils.java:logGet(43)) - raft.server.storage.dir = [/workdir/hadoop-ozone/integration-test/target/test-dir/MiniOzoneClusterImpl-6e75c1fa-424d-46f5-a8d1-9c8543b80f65/datanode-4/data/ratis] (custom)
2019-07-14 11:06:28,720 INFO  replication.SimpleContainerDownloader (SimpleContainerDownloader.java:<init>(72)) - Starting container downloader service to copy containers to replicate.
2019-07-14 11:06:28,721 INFO  hdfs.DFSUtil (DFSUtil.java:httpServerTemplateForNNAndJN(1641)) - Starting Web-server for hddsDatanode at: http://0.0.0.0:0
2019-07-14 11:06:28,723 INFO  server.AuthenticationFilter (AuthenticationFilter.java:constructSecretProvider(240)) - Unable to initialize FileSignerSecretProvider, falling back to use random secrets.
2019-07-14 11:06:28,723 WARN  http.HttpRequestLog (HttpRequestLog.java:getRequestLog(97)) - Jetty request log can only be enabled using Log4j
2019-07-14 11:06:28,724 INFO  http.HttpServer2 (HttpServer2.java:addGlobalFilter(975)) - Added global filter 'safety' (class=org.apache.hadoop.http.HttpServer2$QuotingInputFilter)
2019-07-14 11:06:28,725 INFO  http.HttpServer2 (HttpServer2.java:addFilter(948)) - Added filter static_user_filter (class=org.apache.hadoop.http.lib.StaticUserWebFilter$StaticUserFilter) to context hddsDatanode
2019-07-14 11:06:28,725 INFO  http.HttpServer2 (HttpServer2.java:addFilter(958)) - Added filter static_user_filter (class=org.apache.hadoop.http.lib.StaticUserWebFilter$StaticUserFilter) to context static
2019-07-14 11:06:28,725 INFO  http.HttpServer2 (HttpServer2.java:addFilter(958)) - Added filter static_user_filter (class=org.apache.hadoop.http.lib.StaticUserWebFilter$StaticUserFilter) to context logs
2019-07-14 11:06:28,725 INFO  http.HttpServer2 (HttpServer2.java:bindListener(1191)) - Jetty bound to port 35402
2019-07-14 11:06:28,726 INFO  server.Server (Server.java:doStart(351)) - jetty-9.3.24.v20180605, build timestamp: 2018-06-05T17:11:56Z, git hash: 84205aa28f11a4f31f2a3b86d1bba2cc8ab69827
2019-07-14 11:06:28,727 INFO  handler.ContextHandler (ContextHandler.java:doStart(781)) - Started o.e.j.s.ServletContextHandler@57859e2c{/logs,file:///workdir/hadoop-ozone/integration-test/target/log,AVAILABLE}
2019-07-14 11:06:28,727 INFO  handler.ContextHandler (ContextHandler.java:doStart(781)) - Started o.e.j.s.ServletContextHandler@37ad818e{/static,jar:file:/home/user/.m2/repository/org/apache/hadoop/hadoop-hdds-container-service/0.5.0-SNAPSHOT/hadoop-hdds-container-service-0.5.0-SNAPSHOT.jar!/webapps/static,AVAILABLE}
2019-07-14 11:06:28,755 INFO  handler.ContextHandler (ContextHandler.java:doStart(781)) - Started o.e.j.w.WebAppContext@36a25457{/,file:///tmp/jetty-0.0.0.0-35402-hddsDatanode-_-any-1277620529143594901.dir/webapp/,AVAILABLE}{/hddsDatanode}
2019-07-14 11:06:28,756 INFO  server.AbstractConnector (AbstractConnector.java:doStart(278)) - Started ServerConnector@61d4155b{HTTP/1.1,[http/1.1]}{0.0.0.0:35402}
2019-07-14 11:06:28,756 INFO  server.Server (Server.java:doStart(419)) - Started @564626ms
2019-07-14 11:06:28,758 INFO  server.BaseHttpServer (BaseHttpServer.java:updateConnectorAddress(207)) - HTTP server of HDDSDATANODE is listening at http://0.0.0.0:35402
2019-07-14 11:06:28,861 INFO  ozone.HddsDatanodeService (HddsDatanodeService.java:startPlugins(396)) - Started plug-in org.apache.hadoop.ozone.web.OzoneHddsDatanodeService@1cdb290c
2019-07-14 11:06:28,862 INFO  impl.MetricsSystemImpl (MetricsSystemImpl.java:init(158)) - HddsDatanode metrics system started (again)
2019-07-14 11:06:28,865 INFO  ozone.HddsDatanodeService (HddsDatanodeService.java:start(185)) - HddsDatanodeService host:trunk-nightly-fxmrv-2540794721 ip:192.168.157.209
2019-07-14 11:06:28,866 INFO  util.JvmPauseMonitor (JvmPauseMonitor.java:run(188)) - Starting JVM pause monitor
2019-07-14 11:06:28,869 INFO  datanode.InitDatanodeState (InitDatanodeState.java:persistContainerDatanodeDetails(140)) - DatanodeDetails is persisted to /workdir/hadoop-ozone/integration-test/target/test-dir/MiniOzoneClusterImpl-6e75c1fa-424d-46f5-a8d1-9c8543b80f65/datanode-4/meta/datanode.id
2019-07-14 11:06:28,877 INFO  volume.HddsVolume (HddsVolume.java:<init>(176)) - Creating Volume: /workdir/hadoop-ozone/integration-test/target/test-dir/MiniOzoneClusterImpl-6e75c1fa-424d-46f5-a8d1-9c8543b80f65/datanode-5/data/containers/hdds of  storage type : DISK and capacity : 52710309888
2019-07-14 11:06:28,877 INFO  volume.VolumeSet (VolumeSet.java:initializeVolumeSet(170)) - Added Volume : /workdir/hadoop-ozone/integration-test/target/test-dir/MiniOzoneClusterImpl-6e75c1fa-424d-46f5-a8d1-9c8543b80f65/datanode-5/data/containers/hdds to VolumeSet
2019-07-14 11:06:28,877 INFO  volume.ThrottledAsyncChecker (ThrottledAsyncChecker.java:schedule(140)) - Scheduling a check for org.apache.hadoop.ozone.container.common.volume.HddsVolume@7f36cd8f
2019-07-14 11:06:28,878 INFO  volume.HddsVolumeChecker (HddsVolumeChecker.java:checkAllVolumes(203)) - Scheduled health check for volume org.apache.hadoop.ozone.container.common.volume.HddsVolume@7f36cd8f
2019-07-14 11:06:28,893 INFO  impl.RaftServerProxy (ConfUtils.java:logGet(43)) - raft.rpc.type = GRPC (default)
2019-07-14 11:06:28,893 INFO  grpc.GrpcFactory (GrpcFactory.java:checkPooledByteBufAllocatorUseCacheForAllThreads(45)) - PERFORMANCE WARNING: useCacheForAllThreads is true that may cause Netty to create a lot garbage objects and, as a result, trigger GC.
	It is recommended to disable useCacheForAllThreads by setting -Dorg.apache.ratis.thirdparty.io.netty.allocator.useCacheForAllThreads=false in command line.
2019-07-14 11:06:28,893 INFO  grpc.GrpcConfigKeys$Server (ConfUtils.java:logGet(43)) - raft.grpc.server.port = 0 (default)
2019-07-14 11:06:28,893 INFO  server.GrpcService (ConfUtils.java:logGet(43)) - raft.grpc.message.size.max = 33570816 (custom)
2019-07-14 11:06:28,894 INFO  server.RaftServerConfigKeys (ConfUtils.java:logGet(43)) - raft.server.log.appender.buffer.byte-limit = 33554432 (custom)
2019-07-14 11:06:28,894 INFO  server.GrpcService (ConfUtils.java:logGet(43)) - raft.grpc.flow.control.window = 1MB (=1048576) (default)
2019-07-14 11:06:28,894 INFO  server.RaftServerConfigKeys (ConfUtils.java:logGet(43)) - raft.server.rpc.request.timeout = 3000ms (default)
2019-07-14 11:06:28,895 INFO  server.RaftServerConfigKeys (ConfUtils.java:logGet(43)) - raft.server.storage.dir = [/workdir/hadoop-ozone/integration-test/target/test-dir/MiniOzoneClusterImpl-6e75c1fa-424d-46f5-a8d1-9c8543b80f65/datanode-5/data/ratis] (custom)
2019-07-14 11:06:28,895 INFO  replication.SimpleContainerDownloader (SimpleContainerDownloader.java:<init>(72)) - Starting container downloader service to copy containers to replicate.
2019-07-14 11:06:28,896 INFO  hdfs.DFSUtil (DFSUtil.java:httpServerTemplateForNNAndJN(1641)) - Starting Web-server for hddsDatanode at: http://0.0.0.0:0
2019-07-14 11:06:28,897 INFO  server.AuthenticationFilter (AuthenticationFilter.java:constructSecretProvider(240)) - Unable to initialize FileSignerSecretProvider, falling back to use random secrets.
2019-07-14 11:06:28,898 WARN  http.HttpRequestLog (HttpRequestLog.java:getRequestLog(97)) - Jetty request log can only be enabled using Log4j
2019-07-14 11:06:28,899 INFO  http.HttpServer2 (HttpServer2.java:addGlobalFilter(975)) - Added global filter 'safety' (class=org.apache.hadoop.http.HttpServer2$QuotingInputFilter)
2019-07-14 11:06:28,899 INFO  http.HttpServer2 (HttpServer2.java:addFilter(948)) - Added filter static_user_filter (class=org.apache.hadoop.http.lib.StaticUserWebFilter$StaticUserFilter) to context hddsDatanode
2019-07-14 11:06:28,899 INFO  http.HttpServer2 (HttpServer2.java:addFilter(958)) - Added filter static_user_filter (class=org.apache.hadoop.http.lib.StaticUserWebFilter$StaticUserFilter) to context static
2019-07-14 11:06:28,899 INFO  http.HttpServer2 (HttpServer2.java:addFilter(958)) - Added filter static_user_filter (class=org.apache.hadoop.http.lib.StaticUserWebFilter$StaticUserFilter) to context logs
2019-07-14 11:06:28,900 INFO  http.HttpServer2 (HttpServer2.java:bindListener(1191)) - Jetty bound to port 34720
2019-07-14 11:06:28,900 INFO  server.Server (Server.java:doStart(351)) - jetty-9.3.24.v20180605, build timestamp: 2018-06-05T17:11:56Z, git hash: 84205aa28f11a4f31f2a3b86d1bba2cc8ab69827
2019-07-14 11:06:28,902 INFO  handler.ContextHandler (ContextHandler.java:doStart(781)) - Started o.e.j.s.ServletContextHandler@60e5b3a8{/logs,file:///workdir/hadoop-ozone/integration-test/target/log,AVAILABLE}
2019-07-14 11:06:28,902 INFO  handler.ContextHandler (ContextHandler.java:doStart(781)) - Started o.e.j.s.ServletContextHandler@31c31fa6{/static,jar:file:/home/user/.m2/repository/org/apache/hadoop/hadoop-hdds-container-service/0.5.0-SNAPSHOT/hadoop-hdds-container-service-0.5.0-SNAPSHOT.jar!/webapps/static,AVAILABLE}
2019-07-14 11:06:28,929 INFO  handler.ContextHandler (ContextHandler.java:doStart(781)) - Started o.e.j.w.WebAppContext@7baf7e2c{/,file:///tmp/jetty-0.0.0.0-34720-hddsDatanode-_-any-724158790401646098.dir/webapp/,AVAILABLE}{/hddsDatanode}
2019-07-14 11:06:28,929 INFO  server.AbstractConnector (AbstractConnector.java:doStart(278)) - Started ServerConnector@73d7e7aa{HTTP/1.1,[http/1.1]}{0.0.0.0:34720}
2019-07-14 11:06:28,929 INFO  server.Server (Server.java:doStart(419)) - Started @564799ms
2019-07-14 11:06:28,931 INFO  server.BaseHttpServer (BaseHttpServer.java:updateConnectorAddress(207)) - HTTP server of HDDSDATANODE is listening at http://0.0.0.0:34720
2019-07-14 11:06:29,065 INFO  ozone.HddsDatanodeService (HddsDatanodeService.java:startPlugins(396)) - Started plug-in org.apache.hadoop.ozone.web.OzoneHddsDatanodeService@7da40bf4
2019-07-14 11:06:29,066 INFO  impl.MetricsSystemImpl (MetricsSystemImpl.java:init(158)) - HddsDatanode metrics system started (again)
2019-07-14 11:06:29,068 INFO  ozone.HddsDatanodeService (HddsDatanodeService.java:start(185)) - HddsDatanodeService host:trunk-nightly-fxmrv-2540794721 ip:192.168.157.209
2019-07-14 11:06:29,069 INFO  util.JvmPauseMonitor (JvmPauseMonitor.java:run(188)) - Starting JVM pause monitor
2019-07-14 11:06:29,071 INFO  datanode.InitDatanodeState (InitDatanodeState.java:persistContainerDatanodeDetails(140)) - DatanodeDetails is persisted to /workdir/hadoop-ozone/integration-test/target/test-dir/MiniOzoneClusterImpl-6e75c1fa-424d-46f5-a8d1-9c8543b80f65/datanode-5/meta/datanode.id
2019-07-14 11:06:29,080 INFO  volume.HddsVolume (HddsVolume.java:<init>(176)) - Creating Volume: /workdir/hadoop-ozone/integration-test/target/test-dir/MiniOzoneClusterImpl-6e75c1fa-424d-46f5-a8d1-9c8543b80f65/datanode-6/data/containers/hdds of  storage type : DISK and capacity : 52710309888
2019-07-14 11:06:29,080 INFO  volume.VolumeSet (VolumeSet.java:initializeVolumeSet(170)) - Added Volume : /workdir/hadoop-ozone/integration-test/target/test-dir/MiniOzoneClusterImpl-6e75c1fa-424d-46f5-a8d1-9c8543b80f65/datanode-6/data/containers/hdds to VolumeSet
2019-07-14 11:06:29,081 INFO  volume.ThrottledAsyncChecker (ThrottledAsyncChecker.java:schedule(140)) - Scheduling a check for org.apache.hadoop.ozone.container.common.volume.HddsVolume@48cbb4c5
2019-07-14 11:06:29,081 INFO  volume.HddsVolumeChecker (HddsVolumeChecker.java:checkAllVolumes(203)) - Scheduled health check for volume org.apache.hadoop.ozone.container.common.volume.HddsVolume@48cbb4c5
2019-07-14 11:06:29,101 INFO  impl.RaftServerProxy (ConfUtils.java:logGet(43)) - raft.rpc.type = GRPC (default)
2019-07-14 11:06:29,101 INFO  grpc.GrpcFactory (GrpcFactory.java:checkPooledByteBufAllocatorUseCacheForAllThreads(45)) - PERFORMANCE WARNING: useCacheForAllThreads is true that may cause Netty to create a lot garbage objects and, as a result, trigger GC.
	It is recommended to disable useCacheForAllThreads by setting -Dorg.apache.ratis.thirdparty.io.netty.allocator.useCacheForAllThreads=false in command line.
2019-07-14 11:06:29,102 INFO  grpc.GrpcConfigKeys$Server (ConfUtils.java:logGet(43)) - raft.grpc.server.port = 0 (default)
2019-07-14 11:06:29,102 INFO  server.GrpcService (ConfUtils.java:logGet(43)) - raft.grpc.message.size.max = 33570816 (custom)
2019-07-14 11:06:29,102 INFO  server.RaftServerConfigKeys (ConfUtils.java:logGet(43)) - raft.server.log.appender.buffer.byte-limit = 33554432 (custom)
2019-07-14 11:06:29,102 INFO  server.GrpcService (ConfUtils.java:logGet(43)) - raft.grpc.flow.control.window = 1MB (=1048576) (default)
2019-07-14 11:06:29,103 INFO  server.RaftServerConfigKeys (ConfUtils.java:logGet(43)) - raft.server.rpc.request.timeout = 3000ms (default)
2019-07-14 11:06:29,103 INFO  server.RaftServerConfigKeys (ConfUtils.java:logGet(43)) - raft.server.storage.dir = [/workdir/hadoop-ozone/integration-test/target/test-dir/MiniOzoneClusterImpl-6e75c1fa-424d-46f5-a8d1-9c8543b80f65/datanode-6/data/ratis] (custom)
2019-07-14 11:06:29,104 INFO  replication.SimpleContainerDownloader (SimpleContainerDownloader.java:<init>(72)) - Starting container downloader service to copy containers to replicate.
2019-07-14 11:06:29,105 INFO  hdfs.DFSUtil (DFSUtil.java:httpServerTemplateForNNAndJN(1641)) - Starting Web-server for hddsDatanode at: http://0.0.0.0:0
2019-07-14 11:06:29,106 INFO  server.AuthenticationFilter (AuthenticationFilter.java:constructSecretProvider(240)) - Unable to initialize FileSignerSecretProvider, falling back to use random secrets.
2019-07-14 11:06:29,107 WARN  http.HttpRequestLog (HttpRequestLog.java:getRequestLog(97)) - Jetty request log can only be enabled using Log4j
2019-07-14 11:06:29,108 INFO  http.HttpServer2 (HttpServer2.java:addGlobalFilter(975)) - Added global filter 'safety' (class=org.apache.hadoop.http.HttpServer2$QuotingInputFilter)
2019-07-14 11:06:29,109 INFO  http.HttpServer2 (HttpServer2.java:addFilter(948)) - Added filter static_user_filter (class=org.apache.hadoop.http.lib.StaticUserWebFilter$StaticUserFilter) to context hddsDatanode
2019-07-14 11:06:29,109 INFO  http.HttpServer2 (HttpServer2.java:addFilter(958)) - Added filter static_user_filter (class=org.apache.hadoop.http.lib.StaticUserWebFilter$StaticUserFilter) to context static
2019-07-14 11:06:29,109 INFO  http.HttpServer2 (HttpServer2.java:addFilter(958)) - Added filter static_user_filter (class=org.apache.hadoop.http.lib.StaticUserWebFilter$StaticUserFilter) to context logs
2019-07-14 11:06:29,110 INFO  http.HttpServer2 (HttpServer2.java:bindListener(1191)) - Jetty bound to port 37577
2019-07-14 11:06:29,110 INFO  server.Server (Server.java:doStart(351)) - jetty-9.3.24.v20180605, build timestamp: 2018-06-05T17:11:56Z, git hash: 84205aa28f11a4f31f2a3b86d1bba2cc8ab69827
2019-07-14 11:06:29,112 INFO  handler.ContextHandler (ContextHandler.java:doStart(781)) - Started o.e.j.s.ServletContextHandler@5643052d{/logs,file:///workdir/hadoop-ozone/integration-test/target/log,AVAILABLE}
2019-07-14 11:06:29,113 INFO  handler.ContextHandler (ContextHandler.java:doStart(781)) - Started o.e.j.s.ServletContextHandler@1e9e4468{/static,jar:file:/home/user/.m2/repository/org/apache/hadoop/hadoop-hdds-container-service/0.5.0-SNAPSHOT/hadoop-hdds-container-service-0.5.0-SNAPSHOT.jar!/webapps/static,AVAILABLE}
2019-07-14 11:06:29,149 INFO  handler.ContextHandler (ContextHandler.java:doStart(781)) - Started o.e.j.w.WebAppContext@edf4973{/,file:///tmp/jetty-0.0.0.0-37577-hddsDatanode-_-any-2151047101336986425.dir/webapp/,AVAILABLE}{/hddsDatanode}
2019-07-14 11:06:29,150 INFO  server.AbstractConnector (AbstractConnector.java:doStart(278)) - Started ServerConnector@2a49753{HTTP/1.1,[http/1.1]}{0.0.0.0:37577}
2019-07-14 11:06:29,151 INFO  server.Server (Server.java:doStart(419)) - Started @565021ms
2019-07-14 11:06:29,154 INFO  server.BaseHttpServer (BaseHttpServer.java:updateConnectorAddress(207)) - HTTP server of HDDSDATANODE is listening at http://0.0.0.0:37577
2019-07-14 11:06:29,292 INFO  ozone.HddsDatanodeService (HddsDatanodeService.java:startPlugins(396)) - Started plug-in org.apache.hadoop.ozone.web.OzoneHddsDatanodeService@66e44f9f
2019-07-14 11:06:29,293 INFO  ozone.MiniOzoneClusterImpl (MiniOzoneClusterImpl.java:lambda$waitForClusterToBeReady$0(142)) - Waiting for cluster to be ready. Got 0 of 7 DN Heartbeats.
2019-07-14 11:06:29,301 INFO  util.JvmPauseMonitor (JvmPauseMonitor.java:run(188)) - Starting JVM pause monitor
2019-07-14 11:06:29,304 INFO  datanode.InitDatanodeState (InitDatanodeState.java:persistContainerDatanodeDetails(140)) - DatanodeDetails is persisted to /workdir/hadoop-ozone/integration-test/target/test-dir/MiniOzoneClusterImpl-6e75c1fa-424d-46f5-a8d1-9c8543b80f65/datanode-6/meta/datanode.id
2019-07-14 11:06:30,225 INFO  ozoneimpl.OzoneContainer (OzoneContainer.java:start(186)) - Attempting to start container services.
2019-07-14 11:06:30,225 INFO  ozoneimpl.OzoneContainer (OzoneContainer.java:startContainerScrub(160)) - Background container scrubber has been disabled by hdds.containerscrub.enabled
2019-07-14 11:06:30,226 INFO  ratis.XceiverServerRatis (XceiverServerRatis.java:start(418)) - Starting XceiverServerRatis b1b58167-0653-4ac7-b98f-8cf4c84ad666 at port 0
2019-07-14 11:06:30,233 INFO  impl.RaftServerProxy (RaftServerProxy.java:lambda$start$3(299)) - b1b58167-0653-4ac7-b98f-8cf4c84ad666: start RPC server
2019-07-14 11:06:30,235 INFO  server.GrpcService (GrpcService.java:startImpl(149)) - b1b58167-0653-4ac7-b98f-8cf4c84ad666: GrpcService started, listening on 0.0.0.0/0.0.0.0:42392
2019-07-14 11:06:30,235 INFO  ratis.XceiverServerRatis (XceiverServerRatis.java:start(428)) - XceiverServerRatis b1b58167-0653-4ac7-b98f-8cf4c84ad666 is started using port 42392
2019-07-14 11:06:30,243 INFO  server.XceiverServerGrpc (XceiverServerGrpc.java:start(161)) - XceiverServerGrpc b1b58167-0653-4ac7-b98f-8cf4c84ad666 is started using port 45855
2019-07-14 11:06:30,294 INFO  ozone.MiniOzoneClusterImpl (MiniOzoneClusterImpl.java:lambda$waitForClusterToBeReady$0(142)) - Waiting for cluster to be ready. Got 0 of 7 DN Heartbeats.
2019-07-14 11:06:30,382 INFO  ozoneimpl.OzoneContainer (OzoneContainer.java:start(186)) - Attempting to start container services.
2019-07-14 11:06:30,382 INFO  ozoneimpl.OzoneContainer (OzoneContainer.java:startContainerScrub(160)) - Background container scrubber has been disabled by hdds.containerscrub.enabled
2019-07-14 11:06:30,382 INFO  ratis.XceiverServerRatis (XceiverServerRatis.java:start(418)) - Starting XceiverServerRatis b40f2446-fae5-4d94-ae24-3c59dc776a64 at port 0
2019-07-14 11:06:30,390 INFO  impl.RaftServerProxy (RaftServerProxy.java:lambda$start$3(299)) - b40f2446-fae5-4d94-ae24-3c59dc776a64: start RPC server
2019-07-14 11:06:30,391 INFO  server.GrpcService (GrpcService.java:startImpl(149)) - b40f2446-fae5-4d94-ae24-3c59dc776a64: GrpcService started, listening on 0.0.0.0/0.0.0.0:40402
2019-07-14 11:06:30,391 INFO  ratis.XceiverServerRatis (XceiverServerRatis.java:start(428)) - XceiverServerRatis b40f2446-fae5-4d94-ae24-3c59dc776a64 is started using port 40402
2019-07-14 11:06:30,392 INFO  server.XceiverServerGrpc (XceiverServerGrpc.java:start(161)) - XceiverServerGrpc b40f2446-fae5-4d94-ae24-3c59dc776a64 is started using port 37969
2019-07-14 11:06:30,544 INFO  ozoneimpl.OzoneContainer (OzoneContainer.java:start(186)) - Attempting to start container services.
2019-07-14 11:06:30,544 INFO  ozoneimpl.OzoneContainer (OzoneContainer.java:startContainerScrub(160)) - Background container scrubber has been disabled by hdds.containerscrub.enabled
2019-07-14 11:06:30,544 INFO  ratis.XceiverServerRatis (XceiverServerRatis.java:start(418)) - Starting XceiverServerRatis 66b1a79e-f482-4ae0-b0f0-8c15500b71a1 at port 0
2019-07-14 11:06:30,553 INFO  impl.RaftServerProxy (RaftServerProxy.java:lambda$start$3(299)) - 66b1a79e-f482-4ae0-b0f0-8c15500b71a1: start RPC server
2019-07-14 11:06:30,554 INFO  server.GrpcService (GrpcService.java:startImpl(149)) - 66b1a79e-f482-4ae0-b0f0-8c15500b71a1: GrpcService started, listening on 0.0.0.0/0.0.0.0:43964
2019-07-14 11:06:30,555 INFO  ratis.XceiverServerRatis (XceiverServerRatis.java:start(428)) - XceiverServerRatis 66b1a79e-f482-4ae0-b0f0-8c15500b71a1 is started using port 43964
2019-07-14 11:06:30,557 INFO  server.XceiverServerGrpc (XceiverServerGrpc.java:start(161)) - XceiverServerGrpc 66b1a79e-f482-4ae0-b0f0-8c15500b71a1 is started using port 37335
2019-07-14 11:06:30,707 INFO  ozoneimpl.OzoneContainer (OzoneContainer.java:start(186)) - Attempting to start container services.
2019-07-14 11:06:30,707 INFO  ozoneimpl.OzoneContainer (OzoneContainer.java:startContainerScrub(160)) - Background container scrubber has been disabled by hdds.containerscrub.enabled
2019-07-14 11:06:30,707 INFO  ratis.XceiverServerRatis (XceiverServerRatis.java:start(418)) - Starting XceiverServerRatis d568da82-e7da-4b22-97a5-879c917df10e at port 0
2019-07-14 11:06:30,715 INFO  impl.RaftServerProxy (RaftServerProxy.java:lambda$start$3(299)) - d568da82-e7da-4b22-97a5-879c917df10e: start RPC server
2019-07-14 11:06:30,716 INFO  server.GrpcService (GrpcService.java:startImpl(149)) - d568da82-e7da-4b22-97a5-879c917df10e: GrpcService started, listening on 0.0.0.0/0.0.0.0:38856
2019-07-14 11:06:30,716 INFO  ratis.XceiverServerRatis (XceiverServerRatis.java:start(428)) - XceiverServerRatis d568da82-e7da-4b22-97a5-879c917df10e is started using port 38856
2019-07-14 11:06:30,717 INFO  server.XceiverServerGrpc (XceiverServerGrpc.java:start(161)) - XceiverServerGrpc d568da82-e7da-4b22-97a5-879c917df10e is started using port 42472
2019-07-14 11:06:30,879 INFO  ozoneimpl.OzoneContainer (OzoneContainer.java:start(186)) - Attempting to start container services.
2019-07-14 11:06:30,879 INFO  ozoneimpl.OzoneContainer (OzoneContainer.java:startContainerScrub(160)) - Background container scrubber has been disabled by hdds.containerscrub.enabled
2019-07-14 11:06:30,879 INFO  ratis.XceiverServerRatis (XceiverServerRatis.java:start(418)) - Starting XceiverServerRatis 8f16bc0e-88ee-4195-be19-d95d05fb91e0 at port 0
2019-07-14 11:06:30,887 INFO  impl.RaftServerProxy (RaftServerProxy.java:lambda$start$3(299)) - 8f16bc0e-88ee-4195-be19-d95d05fb91e0: start RPC server
2019-07-14 11:06:30,888 INFO  server.GrpcService (GrpcService.java:startImpl(149)) - 8f16bc0e-88ee-4195-be19-d95d05fb91e0: GrpcService started, listening on 0.0.0.0/0.0.0.0:40453
2019-07-14 11:06:30,888 INFO  ratis.XceiverServerRatis (XceiverServerRatis.java:start(428)) - XceiverServerRatis 8f16bc0e-88ee-4195-be19-d95d05fb91e0 is started using port 40453
2019-07-14 11:06:30,889 INFO  server.XceiverServerGrpc (XceiverServerGrpc.java:start(161)) - XceiverServerGrpc 8f16bc0e-88ee-4195-be19-d95d05fb91e0 is started using port 36498
2019-07-14 11:06:31,083 INFO  ozoneimpl.OzoneContainer (OzoneContainer.java:start(186)) - Attempting to start container services.
2019-07-14 11:06:31,083 INFO  ozoneimpl.OzoneContainer (OzoneContainer.java:startContainerScrub(160)) - Background container scrubber has been disabled by hdds.containerscrub.enabled
2019-07-14 11:06:31,083 INFO  ratis.XceiverServerRatis (XceiverServerRatis.java:start(418)) - Starting XceiverServerRatis a2aa11f2-15d8-4e8f-ae5d-f8deb723e1ef at port 0
2019-07-14 11:06:31,090 INFO  impl.RaftServerProxy (RaftServerProxy.java:lambda$start$3(299)) - a2aa11f2-15d8-4e8f-ae5d-f8deb723e1ef: start RPC server
2019-07-14 11:06:31,091 INFO  server.GrpcService (GrpcService.java:startImpl(149)) - a2aa11f2-15d8-4e8f-ae5d-f8deb723e1ef: GrpcService started, listening on 0.0.0.0/0.0.0.0:35425
2019-07-14 11:06:31,091 INFO  ratis.XceiverServerRatis (XceiverServerRatis.java:start(428)) - XceiverServerRatis a2aa11f2-15d8-4e8f-ae5d-f8deb723e1ef is started using port 35425
2019-07-14 11:06:31,091 INFO  server.XceiverServerGrpc (XceiverServerGrpc.java:start(161)) - XceiverServerGrpc a2aa11f2-15d8-4e8f-ae5d-f8deb723e1ef is started using port 34604
2019-07-14 11:06:31,295 INFO  ozone.MiniOzoneClusterImpl (MiniOzoneClusterImpl.java:lambda$waitForClusterToBeReady$0(142)) - Waiting for cluster to be ready. Got 0 of 7 DN Heartbeats.
2019-07-14 11:06:31,314 INFO  ozoneimpl.OzoneContainer (OzoneContainer.java:start(186)) - Attempting to start container services.
2019-07-14 11:06:31,314 INFO  ozoneimpl.OzoneContainer (OzoneContainer.java:startContainerScrub(160)) - Background container scrubber has been disabled by hdds.containerscrub.enabled
2019-07-14 11:06:31,314 INFO  ratis.XceiverServerRatis (XceiverServerRatis.java:start(418)) - Starting XceiverServerRatis f1f659bf-5111-4acf-8d63-99abce61f0a8 at port 0
2019-07-14 11:06:31,322 INFO  impl.RaftServerProxy (RaftServerProxy.java:lambda$start$3(299)) - f1f659bf-5111-4acf-8d63-99abce61f0a8: start RPC server
2019-07-14 11:06:31,322 INFO  server.GrpcService (GrpcService.java:startImpl(149)) - f1f659bf-5111-4acf-8d63-99abce61f0a8: GrpcService started, listening on 0.0.0.0/0.0.0.0:38166
2019-07-14 11:06:31,323 INFO  ratis.XceiverServerRatis (XceiverServerRatis.java:start(428)) - XceiverServerRatis f1f659bf-5111-4acf-8d63-99abce61f0a8 is started using port 38166
2019-07-14 11:06:31,323 INFO  server.XceiverServerGrpc (XceiverServerGrpc.java:start(161)) - XceiverServerGrpc f1f659bf-5111-4acf-8d63-99abce61f0a8 is started using port 44200
2019-07-14 11:06:32,206 INFO  net.NetworkTopology (NetworkTopologyImpl.java:add(110)) - Added a new node: /default-rack/192.168.157.209
2019-07-14 11:06:32,209 INFO  node.SCMNodeManager (SCMNodeManager.java:register(269)) - Registered Data node : b1b58167-0653-4ac7-b98f-8cf4c84ad666{ip: 192.168.157.209, host: trunk-nightly-fxmrv-2540794721, networkLocation: /default-rack, certSerialId: null}
2019-07-14 11:06:32,210 INFO  safemode.SCMSafeModeManager (DataNodeSafeModeRule.java:process(71)) - SCM in safe mode. 1 DataNodes registered, 1 required.
2019-07-14 11:06:32,213 INFO  safemode.SCMSafeModeManager (SCMSafeModeManager.java:validateSafeModeExitRules(177)) - ScmSafeModeManager, all rules are successfully validated
2019-07-14 11:06:32,213 INFO  safemode.SCMSafeModeManager (SCMSafeModeManager.java:exitSafeMode(193)) - SCM exiting safe mode.
2019-07-14 11:06:32,236 INFO  impl.RaftServerProxy (RaftServerProxy.java:addNew(89)) - b1b58167-0653-4ac7-b98f-8cf4c84ad666: addNew group-B5A9C907BED8:[b1b58167-0653-4ac7-b98f-8cf4c84ad666:192.168.157.209:42392] returns group-B5A9C907BED8:java.util.concurrent.CompletableFuture@23ad6993[Not completed]
2019-07-14 11:06:32,237 INFO  impl.RaftServerImpl (RaftServerImpl.java:<init>(93)) - b1b58167-0653-4ac7-b98f-8cf4c84ad666: new RaftServerImpl for group-B5A9C907BED8:[b1b58167-0653-4ac7-b98f-8cf4c84ad666:192.168.157.209:42392] with ContainerStateMachine:uninitialized
2019-07-14 11:06:32,238 INFO  server.RaftServerConfigKeys (ConfUtils.java:logGet(43)) - raft.server.rpc.timeout.min = 5s (custom)
2019-07-14 11:06:32,238 INFO  server.RaftServerConfigKeys (ConfUtils.java:logGet(43)) - raft.server.rpc.timeout.max = 5200ms (custom)
2019-07-14 11:06:32,238 INFO  server.RaftServerConfigKeys (ConfUtils.java:logGet(43)) - raft.server.rpcslowness.timeout = 120s (custom)
2019-07-14 11:06:32,238 INFO  server.RaftServerConfigKeys (ConfUtils.java:logGet(43)) - raft.server.sleep.deviation.threshold = 300 (default)
2019-07-14 11:06:32,238 INFO  server.RaftServerConfigKeys (ConfUtils.java:logGet(43)) - raft.server.log.appender.install.snapshot.enabled = false (custom)
2019-07-14 11:06:32,238 INFO  impl.RaftServerImpl (ServerState.java:<init>(105)) - b1b58167-0653-4ac7-b98f-8cf4c84ad666:group-B5A9C907BED8 ConfigurationManager, init=-1: [b1b58167-0653-4ac7-b98f-8cf4c84ad666:192.168.157.209:42392], old=null, confs=<EMPTY_MAP>
2019-07-14 11:06:32,239 INFO  server.RaftServerConfigKeys (ConfUtils.java:logGet(43)) - raft.server.storage.dir = [/workdir/hadoop-ozone/integration-test/target/test-dir/MiniOzoneClusterImpl-6e75c1fa-424d-46f5-a8d1-9c8543b80f65/datanode-0/data/ratis] (custom)
2019-07-14 11:06:32,239 INFO  storage.RaftStorageDirectory (RaftStorageDirectory.java:analyzeStorage(246)) - The storage directory /workdir/hadoop-ozone/integration-test/target/test-dir/MiniOzoneClusterImpl-6e75c1fa-424d-46f5-a8d1-9c8543b80f65/datanode-0/data/ratis/321c4e8f-8a7a-4a28-9e29-b5a9c907bed8 does not exist. Creating ...
2019-07-14 11:06:32,253 INFO  storage.RaftStorageDirectory (RaftStorageDirectory.java:tryLock(328)) - Lock on /workdir/hadoop-ozone/integration-test/target/test-dir/MiniOzoneClusterImpl-6e75c1fa-424d-46f5-a8d1-9c8543b80f65/datanode-0/data/ratis/321c4e8f-8a7a-4a28-9e29-b5a9c907bed8/in_use.lock acquired by nodename 22243@trunk-nightly-fxmrv-2540794721
2019-07-14 11:06:32,288 INFO  storage.RaftStorage (RaftStorage.java:format(72)) - Storage directory /workdir/hadoop-ozone/integration-test/target/test-dir/MiniOzoneClusterImpl-6e75c1fa-424d-46f5-a8d1-9c8543b80f65/datanode-0/data/ratis/321c4e8f-8a7a-4a28-9e29-b5a9c907bed8 has been successfully formatted.
2019-07-14 11:06:32,288 INFO  ratis.ContainerStateMachine (ContainerStateMachine.java:loadSnapshot(200)) - group-B5A9C907BED8: The snapshot info is null. Setting the last applied indexto:(t:0, i:~)
2019-07-14 11:06:32,289 INFO  server.RaftServerConfigKeys (ConfUtils.java:logGet(43)) - raft.server.leader.election.timeout = 120s (custom)
2019-07-14 11:06:32,289 INFO  server.RaftServerConfigKeys (ConfUtils.java:logGet(43)) - raft.server.log.use.memory = false (default)
2019-07-14 11:06:32,289 INFO  server.RaftServerConfigKeys (ConfUtils.java:logGet(43)) - raft.server.log.purge.gap = 1000000000 (custom)
2019-07-14 11:06:32,289 INFO  server.RaftServerConfigKeys (ConfUtils.java:logGet(43)) - raft.server.log.appender.buffer.byte-limit = 33554432 (custom)
2019-07-14 11:06:32,289 INFO  server.RaftServerConfigKeys (ConfUtils.java:logGet(43)) - raft.server.log.segment.size.max = 1048576 (custom)
2019-07-14 11:06:32,290 INFO  server.RaftServerConfigKeys (ConfUtils.java:logGet(43)) - raft.server.log.segment.cache.num.max = 2 (custom)
2019-07-14 11:06:32,290 INFO  segmented.SegmentedRaftLogWorker (SegmentedRaftLogWorker.java:<init>(172)) - new b1b58167-0653-4ac7-b98f-8cf4c84ad666-SegmentedRaftLogWorker:Storage Directory /workdir/hadoop-ozone/integration-test/target/test-dir/MiniOzoneClusterImpl-6e75c1fa-424d-46f5-a8d1-9c8543b80f65/datanode-0/data/ratis/321c4e8f-8a7a-4a28-9e29-b5a9c907bed8 for RaftStorage:Storage Directory /workdir/hadoop-ozone/integration-test/target/test-dir/MiniOzoneClusterImpl-6e75c1fa-424d-46f5-a8d1-9c8543b80f65/datanode-0/data/ratis/321c4e8f-8a7a-4a28-9e29-b5a9c907bed8
2019-07-14 11:06:32,290 INFO  server.RaftServerConfigKeys (ConfUtils.java:logGet(43)) - raft.server.log.queue.byte-limit = 2147483647 (custom)
2019-07-14 11:06:32,290 INFO  server.RaftServerConfigKeys (ConfUtils.java:logGet(43)) - raft.server.log.queue.element-limit = 1024 (custom)
2019-07-14 11:06:32,291 INFO  server.RaftServerConfigKeys (ConfUtils.java:logGet(43)) - raft.server.log.segment.size.max = 1048576 (custom)
2019-07-14 11:06:32,291 INFO  server.RaftServerConfigKeys (ConfUtils.java:logGet(43)) - raft.server.log.preallocated.size = 16384 (custom)
2019-07-14 11:06:32,291 INFO  server.RaftServerConfigKeys (ConfUtils.java:logGet(43)) - raft.server.log.write.buffer.size = 33554432 (custom)
2019-07-14 11:06:32,291 INFO  server.RaftServerConfigKeys (ConfUtils.java:logGet(43)) - raft.server.log.force.sync.num = 128 (default)
2019-07-14 11:06:32,291 INFO  server.RaftServerConfigKeys (ConfUtils.java:logGet(43)) - raft.server.log.statemachine.data.sync = true (default)
2019-07-14 11:06:32,291 INFO  server.RaftServerConfigKeys (ConfUtils.java:logGet(43)) - raft.server.log.statemachine.data.sync.timeout = 10s (default)
2019-07-14 11:06:32,292 INFO  server.RaftServerConfigKeys (ConfUtils.java:logGet(43)) - raft.server.log.statemachine.data.sync.timeout.retry = -1 (default)
2019-07-14 11:06:32,292 INFO  server.RaftServerConfigKeys (ConfUtils.java:logGet(43)) - raft.server.log.statemachine.data.caching.enabled = true (custom)
2019-07-14 11:06:32,292 INFO  segmented.SegmentedRaftLogWorker (SegmentedRaftLogWorker.java:lambda$new$0(132)) - b1b58167-0653-4ac7-b98f-8cf4c84ad666-SegmentedRaftLogWorker:Storage Directory /workdir/hadoop-ozone/integration-test/target/test-dir/MiniOzoneClusterImpl-6e75c1fa-424d-46f5-a8d1-9c8543b80f65/datanode-0/data/ratis/321c4e8f-8a7a-4a28-9e29-b5a9c907bed8: flushIndex: setUnconditionally 0 -> -1
2019-07-14 11:06:32,293 INFO  server.RaftServerConfigKeys (ConfUtils.java:logGet(43)) - raft.server.snapshot.auto.trigger.enabled = true (custom)
2019-07-14 11:06:32,293 INFO  server.RaftServerConfigKeys (ConfUtils.java:logGet(43)) - raft.server.snapshot.auto.trigger.threshold = 10000 (custom)
2019-07-14 11:06:32,293 INFO  server.RaftServerConfigKeys (ConfUtils.java:logGet(43)) - raft.server.retrycache.expirytime = 600000ms (custom)
2019-07-14 11:06:32,293 INFO  impl.RaftServerImpl (RaftServerImpl.java:start(180)) - b1b58167-0653-4ac7-b98f-8cf4c84ad666: start group-B5A9C907BED8
2019-07-14 11:06:32,294 INFO  impl.RaftServerImpl (RaftServerImpl.java:setRole(171)) - b1b58167-0653-4ac7-b98f-8cf4c84ad666:group-B5A9C907BED8 changes role from null to FOLLOWER at term 0 for startAsFollower
2019-07-14 11:06:32,294 INFO  impl.RoleInfo (RoleInfo.java:updateAndGet(143)) - b1b58167-0653-4ac7-b98f-8cf4c84ad666: start FollowerState
2019-07-14 11:06:32,295 INFO  util.JmxRegister (JmxRegister.java:tryRegister(44)) - Successfully registered JMX Bean with object name Ratis:service=RaftServer,group=group-B5A9C907BED8,id=b1b58167-0653-4ac7-b98f-8cf4c84ad666
2019-07-14 11:06:32,295 INFO  ozone.MiniOzoneClusterImpl (MiniOzoneClusterImpl.java:lambda$waitForClusterToBeReady$0(142)) - Waiting for cluster to be ready. Got 1 of 7 DN Heartbeats.
2019-07-14 11:06:32,300 INFO  pipeline.PipelineStateManager (PipelineStateManager.java:addPipeline(56)) - Created pipeline Pipeline[ Id: 321c4e8f-8a7a-4a28-9e29-b5a9c907bed8, Nodes: b1b58167-0653-4ac7-b98f-8cf4c84ad666{ip: 192.168.157.209, host: trunk-nightly-fxmrv-2540794721, networkLocation: /default-rack, certSerialId: null}, Type:RATIS, Factor:ONE, State:OPEN]
2019-07-14 11:06:32,367 INFO  node.SCMNodeManager (SCMNodeManager.java:register(269)) - Registered Data node : b40f2446-fae5-4d94-ae24-3c59dc776a64{ip: 192.168.157.209, host: trunk-nightly-fxmrv-2540794721, networkLocation: /default-rack, certSerialId: null}
2019-07-14 11:06:32,376 INFO  impl.RaftServerProxy (RaftServerProxy.java:addNew(89)) - b40f2446-fae5-4d94-ae24-3c59dc776a64: addNew group-6B575BAF03BC:[b40f2446-fae5-4d94-ae24-3c59dc776a64:192.168.157.209:40402] returns group-6B575BAF03BC:java.util.concurrent.CompletableFuture@578345cb[Not completed]
2019-07-14 11:06:32,377 INFO  impl.RaftServerImpl (RaftServerImpl.java:<init>(93)) - b40f2446-fae5-4d94-ae24-3c59dc776a64: new RaftServerImpl for group-6B575BAF03BC:[b40f2446-fae5-4d94-ae24-3c59dc776a64:192.168.157.209:40402] with ContainerStateMachine:uninitialized
2019-07-14 11:06:32,377 INFO  server.RaftServerConfigKeys (ConfUtils.java:logGet(43)) - raft.server.rpc.timeout.min = 5s (custom)
2019-07-14 11:06:32,377 INFO  server.RaftServerConfigKeys (ConfUtils.java:logGet(43)) - raft.server.rpc.timeout.max = 5200ms (custom)
2019-07-14 11:06:32,377 INFO  server.RaftServerConfigKeys (ConfUtils.java:logGet(43)) - raft.server.rpcslowness.timeout = 120s (custom)
2019-07-14 11:06:32,377 INFO  server.RaftServerConfigKeys (ConfUtils.java:logGet(43)) - raft.server.sleep.deviation.threshold = 300 (default)
2019-07-14 11:06:32,378 INFO  server.RaftServerConfigKeys (ConfUtils.java:logGet(43)) - raft.server.log.appender.install.snapshot.enabled = false (custom)
2019-07-14 11:06:32,378 INFO  impl.RaftServerImpl (ServerState.java:<init>(105)) - b40f2446-fae5-4d94-ae24-3c59dc776a64:group-6B575BAF03BC ConfigurationManager, init=-1: [b40f2446-fae5-4d94-ae24-3c59dc776a64:192.168.157.209:40402], old=null, confs=<EMPTY_MAP>
2019-07-14 11:06:32,378 INFO  server.RaftServerConfigKeys (ConfUtils.java:logGet(43)) - raft.server.storage.dir = [/workdir/hadoop-ozone/integration-test/target/test-dir/MiniOzoneClusterImpl-6e75c1fa-424d-46f5-a8d1-9c8543b80f65/datanode-1/data/ratis] (custom)
2019-07-14 11:06:32,378 INFO  storage.RaftStorageDirectory (RaftStorageDirectory.java:analyzeStorage(246)) - The storage directory /workdir/hadoop-ozone/integration-test/target/test-dir/MiniOzoneClusterImpl-6e75c1fa-424d-46f5-a8d1-9c8543b80f65/datanode-1/data/ratis/54c9d8f8-81bc-498d-89d6-6b575baf03bc does not exist. Creating ...
2019-07-14 11:06:32,392 INFO  storage.RaftStorageDirectory (RaftStorageDirectory.java:tryLock(328)) - Lock on /workdir/hadoop-ozone/integration-test/target/test-dir/MiniOzoneClusterImpl-6e75c1fa-424d-46f5-a8d1-9c8543b80f65/datanode-1/data/ratis/54c9d8f8-81bc-498d-89d6-6b575baf03bc/in_use.lock acquired by nodename 22243@trunk-nightly-fxmrv-2540794721
2019-07-14 11:06:32,405 INFO  storage.RaftStorage (RaftStorage.java:format(72)) - Storage directory /workdir/hadoop-ozone/integration-test/target/test-dir/MiniOzoneClusterImpl-6e75c1fa-424d-46f5-a8d1-9c8543b80f65/datanode-1/data/ratis/54c9d8f8-81bc-498d-89d6-6b575baf03bc has been successfully formatted.
2019-07-14 11:06:32,405 INFO  ratis.ContainerStateMachine (ContainerStateMachine.java:loadSnapshot(200)) - group-6B575BAF03BC: The snapshot info is null. Setting the last applied indexto:(t:0, i:~)
2019-07-14 11:06:32,405 INFO  server.RaftServerConfigKeys (ConfUtils.java:logGet(43)) - raft.server.leader.election.timeout = 120s (custom)
2019-07-14 11:06:32,406 INFO  server.RaftServerConfigKeys (ConfUtils.java:logGet(43)) - raft.server.log.use.memory = false (default)
2019-07-14 11:06:32,406 INFO  server.RaftServerConfigKeys (ConfUtils.java:logGet(43)) - raft.server.log.purge.gap = 1000000000 (custom)
2019-07-14 11:06:32,406 INFO  server.RaftServerConfigKeys (ConfUtils.java:logGet(43)) - raft.server.log.appender.buffer.byte-limit = 33554432 (custom)
2019-07-14 11:06:32,406 INFO  server.RaftServerConfigKeys (ConfUtils.java:logGet(43)) - raft.server.log.segment.size.max = 1048576 (custom)
2019-07-14 11:06:32,406 INFO  server.RaftServerConfigKeys (ConfUtils.java:logGet(43)) - raft.server.log.segment.cache.num.max = 2 (custom)
2019-07-14 11:06:32,406 INFO  segmented.SegmentedRaftLogWorker (SegmentedRaftLogWorker.java:<init>(172)) - new b40f2446-fae5-4d94-ae24-3c59dc776a64-SegmentedRaftLogWorker:Storage Directory /workdir/hadoop-ozone/integration-test/target/test-dir/MiniOzoneClusterImpl-6e75c1fa-424d-46f5-a8d1-9c8543b80f65/datanode-1/data/ratis/54c9d8f8-81bc-498d-89d6-6b575baf03bc for RaftStorage:Storage Directory /workdir/hadoop-ozone/integration-test/target/test-dir/MiniOzoneClusterImpl-6e75c1fa-424d-46f5-a8d1-9c8543b80f65/datanode-1/data/ratis/54c9d8f8-81bc-498d-89d6-6b575baf03bc
2019-07-14 11:06:32,407 INFO  server.RaftServerConfigKeys (ConfUtils.java:logGet(43)) - raft.server.log.queue.byte-limit = 2147483647 (custom)
2019-07-14 11:06:32,407 INFO  server.RaftServerConfigKeys (ConfUtils.java:logGet(43)) - raft.server.log.queue.element-limit = 1024 (custom)
2019-07-14 11:06:32,407 INFO  server.RaftServerConfigKeys (ConfUtils.java:logGet(43)) - raft.server.log.segment.size.max = 1048576 (custom)
2019-07-14 11:06:32,407 INFO  server.RaftServerConfigKeys (ConfUtils.java:logGet(43)) - raft.server.log.preallocated.size = 16384 (custom)
2019-07-14 11:06:32,407 INFO  server.RaftServerConfigKeys (ConfUtils.java:logGet(43)) - raft.server.log.write.buffer.size = 33554432 (custom)
2019-07-14 11:06:32,408 INFO  server.RaftServerConfigKeys (ConfUtils.java:logGet(43)) - raft.server.log.force.sync.num = 128 (default)
2019-07-14 11:06:32,408 INFO  server.RaftServerConfigKeys (ConfUtils.java:logGet(43)) - raft.server.log.statemachine.data.sync = true (default)
2019-07-14 11:06:32,408 INFO  server.RaftServerConfigKeys (ConfUtils.java:logGet(43)) - raft.server.log.statemachine.data.sync.timeout = 10s (default)
2019-07-14 11:06:32,408 INFO  server.RaftServerConfigKeys (ConfUtils.java:logGet(43)) - raft.server.log.statemachine.data.sync.timeout.retry = -1 (default)
2019-07-14 11:06:32,408 INFO  server.RaftServerConfigKeys (ConfUtils.java:logGet(43)) - raft.server.log.statemachine.data.caching.enabled = true (custom)
2019-07-14 11:06:32,409 INFO  segmented.SegmentedRaftLogWorker (SegmentedRaftLogWorker.java:lambda$new$0(132)) - b40f2446-fae5-4d94-ae24-3c59dc776a64-SegmentedRaftLogWorker:Storage Directory /workdir/hadoop-ozone/integration-test/target/test-dir/MiniOzoneClusterImpl-6e75c1fa-424d-46f5-a8d1-9c8543b80f65/datanode-1/data/ratis/54c9d8f8-81bc-498d-89d6-6b575baf03bc: flushIndex: setUnconditionally 0 -> -1
2019-07-14 11:06:32,409 INFO  server.RaftServerConfigKeys (ConfUtils.java:logGet(43)) - raft.server.snapshot.auto.trigger.enabled = true (custom)
2019-07-14 11:06:32,409 INFO  server.RaftServerConfigKeys (ConfUtils.java:logGet(43)) - raft.server.snapshot.auto.trigger.threshold = 10000 (custom)
2019-07-14 11:06:32,410 INFO  server.RaftServerConfigKeys (ConfUtils.java:logGet(43)) - raft.server.retrycache.expirytime = 600000ms (custom)
2019-07-14 11:06:32,410 INFO  impl.RaftServerImpl (RaftServerImpl.java:start(180)) - b40f2446-fae5-4d94-ae24-3c59dc776a64: start group-6B575BAF03BC
2019-07-14 11:06:32,410 INFO  impl.RaftServerImpl (RaftServerImpl.java:setRole(171)) - b40f2446-fae5-4d94-ae24-3c59dc776a64:group-6B575BAF03BC changes role from null to FOLLOWER at term 0 for startAsFollower
2019-07-14 11:06:32,410 INFO  impl.RoleInfo (RoleInfo.java:updateAndGet(143)) - b40f2446-fae5-4d94-ae24-3c59dc776a64: start FollowerState
2019-07-14 11:06:32,411 INFO  util.JmxRegister (JmxRegister.java:tryRegister(44)) - Successfully registered JMX Bean with object name Ratis:service=RaftServer,group=group-6B575BAF03BC,id=b40f2446-fae5-4d94-ae24-3c59dc776a64
2019-07-14 11:06:32,415 INFO  pipeline.PipelineStateManager (PipelineStateManager.java:addPipeline(56)) - Created pipeline Pipeline[ Id: 54c9d8f8-81bc-498d-89d6-6b575baf03bc, Nodes: b40f2446-fae5-4d94-ae24-3c59dc776a64{ip: 192.168.157.209, host: trunk-nightly-fxmrv-2540794721, networkLocation: /default-rack, certSerialId: null}, Type:RATIS, Factor:ONE, State:OPEN]
2019-07-14 11:06:32,530 INFO  node.SCMNodeManager (SCMNodeManager.java:register(269)) - Registered Data node : 66b1a79e-f482-4ae0-b0f0-8c15500b71a1{ip: 192.168.157.209, host: trunk-nightly-fxmrv-2540794721, networkLocation: /default-rack, certSerialId: null}
2019-07-14 11:06:32,537 INFO  impl.RaftServerProxy (RaftServerProxy.java:addNew(89)) - 66b1a79e-f482-4ae0-b0f0-8c15500b71a1: addNew group-16638170B48C:[66b1a79e-f482-4ae0-b0f0-8c15500b71a1:192.168.157.209:43964] returns group-16638170B48C:java.util.concurrent.CompletableFuture@4d39a74[Not completed]
2019-07-14 11:06:32,538 INFO  impl.RaftServerImpl (RaftServerImpl.java:<init>(93)) - 66b1a79e-f482-4ae0-b0f0-8c15500b71a1: new RaftServerImpl for group-16638170B48C:[66b1a79e-f482-4ae0-b0f0-8c15500b71a1:192.168.157.209:43964] with ContainerStateMachine:uninitialized
2019-07-14 11:06:32,538 INFO  server.RaftServerConfigKeys (ConfUtils.java:logGet(43)) - raft.server.rpc.timeout.min = 5s (custom)
2019-07-14 11:06:32,538 INFO  server.RaftServerConfigKeys (ConfUtils.java:logGet(43)) - raft.server.rpc.timeout.max = 5200ms (custom)
2019-07-14 11:06:32,538 INFO  server.RaftServerConfigKeys (ConfUtils.java:logGet(43)) - raft.server.rpcslowness.timeout = 120s (custom)
2019-07-14 11:06:32,539 INFO  server.RaftServerConfigKeys (ConfUtils.java:logGet(43)) - raft.server.sleep.deviation.threshold = 300 (default)
2019-07-14 11:06:32,539 INFO  server.RaftServerConfigKeys (ConfUtils.java:logGet(43)) - raft.server.log.appender.install.snapshot.enabled = false (custom)
2019-07-14 11:06:32,539 INFO  impl.RaftServerImpl (ServerState.java:<init>(105)) - 66b1a79e-f482-4ae0-b0f0-8c15500b71a1:group-16638170B48C ConfigurationManager, init=-1: [66b1a79e-f482-4ae0-b0f0-8c15500b71a1:192.168.157.209:43964], old=null, confs=<EMPTY_MAP>
2019-07-14 11:06:32,539 INFO  server.RaftServerConfigKeys (ConfUtils.java:logGet(43)) - raft.server.storage.dir = [/workdir/hadoop-ozone/integration-test/target/test-dir/MiniOzoneClusterImpl-6e75c1fa-424d-46f5-a8d1-9c8543b80f65/datanode-2/data/ratis] (custom)
2019-07-14 11:06:32,539 INFO  storage.RaftStorageDirectory (RaftStorageDirectory.java:analyzeStorage(246)) - The storage directory /workdir/hadoop-ozone/integration-test/target/test-dir/MiniOzoneClusterImpl-6e75c1fa-424d-46f5-a8d1-9c8543b80f65/datanode-2/data/ratis/95c69711-f3d1-4779-b3cb-16638170b48c does not exist. Creating ...
2019-07-14 11:06:32,552 INFO  storage.RaftStorageDirectory (RaftStorageDirectory.java:tryLock(328)) - Lock on /workdir/hadoop-ozone/integration-test/target/test-dir/MiniOzoneClusterImpl-6e75c1fa-424d-46f5-a8d1-9c8543b80f65/datanode-2/data/ratis/95c69711-f3d1-4779-b3cb-16638170b48c/in_use.lock acquired by nodename 22243@trunk-nightly-fxmrv-2540794721
2019-07-14 11:06:32,565 INFO  storage.RaftStorage (RaftStorage.java:format(72)) - Storage directory /workdir/hadoop-ozone/integration-test/target/test-dir/MiniOzoneClusterImpl-6e75c1fa-424d-46f5-a8d1-9c8543b80f65/datanode-2/data/ratis/95c69711-f3d1-4779-b3cb-16638170b48c has been successfully formatted.
2019-07-14 11:06:32,566 INFO  ratis.ContainerStateMachine (ContainerStateMachine.java:loadSnapshot(200)) - group-16638170B48C: The snapshot info is null. Setting the last applied indexto:(t:0, i:~)
2019-07-14 11:06:32,566 INFO  server.RaftServerConfigKeys (ConfUtils.java:logGet(43)) - raft.server.leader.election.timeout = 120s (custom)
2019-07-14 11:06:32,566 INFO  server.RaftServerConfigKeys (ConfUtils.java:logGet(43)) - raft.server.log.use.memory = false (default)
2019-07-14 11:06:32,566 INFO  server.RaftServerConfigKeys (ConfUtils.java:logGet(43)) - raft.server.log.purge.gap = 1000000000 (custom)
2019-07-14 11:06:32,566 INFO  server.RaftServerConfigKeys (ConfUtils.java:logGet(43)) - raft.server.log.appender.buffer.byte-limit = 33554432 (custom)
2019-07-14 11:06:32,566 INFO  server.RaftServerConfigKeys (ConfUtils.java:logGet(43)) - raft.server.log.segment.size.max = 1048576 (custom)
2019-07-14 11:06:32,567 INFO  server.RaftServerConfigKeys (ConfUtils.java:logGet(43)) - raft.server.log.segment.cache.num.max = 2 (custom)
2019-07-14 11:06:32,567 INFO  segmented.SegmentedRaftLogWorker (SegmentedRaftLogWorker.java:<init>(172)) - new 66b1a79e-f482-4ae0-b0f0-8c15500b71a1-SegmentedRaftLogWorker:Storage Directory /workdir/hadoop-ozone/integration-test/target/test-dir/MiniOzoneClusterImpl-6e75c1fa-424d-46f5-a8d1-9c8543b80f65/datanode-2/data/ratis/95c69711-f3d1-4779-b3cb-16638170b48c for RaftStorage:Storage Directory /workdir/hadoop-ozone/integration-test/target/test-dir/MiniOzoneClusterImpl-6e75c1fa-424d-46f5-a8d1-9c8543b80f65/datanode-2/data/ratis/95c69711-f3d1-4779-b3cb-16638170b48c
2019-07-14 11:06:32,567 INFO  server.RaftServerConfigKeys (ConfUtils.java:logGet(43)) - raft.server.log.queue.byte-limit = 2147483647 (custom)
2019-07-14 11:06:32,567 INFO  server.RaftServerConfigKeys (ConfUtils.java:logGet(43)) - raft.server.log.queue.element-limit = 1024 (custom)
2019-07-14 11:06:32,567 INFO  server.RaftServerConfigKeys (ConfUtils.java:logGet(43)) - raft.server.log.segment.size.max = 1048576 (custom)
2019-07-14 11:06:32,568 INFO  server.RaftServerConfigKeys (ConfUtils.java:logGet(43)) - raft.server.log.preallocated.size = 16384 (custom)
2019-07-14 11:06:32,568 INFO  server.RaftServerConfigKeys (ConfUtils.java:logGet(43)) - raft.server.log.write.buffer.size = 33554432 (custom)
2019-07-14 11:06:32,568 INFO  server.RaftServerConfigKeys (ConfUtils.java:logGet(43)) - raft.server.log.force.sync.num = 128 (default)
2019-07-14 11:06:32,568 INFO  server.RaftServerConfigKeys (ConfUtils.java:logGet(43)) - raft.server.log.statemachine.data.sync = true (default)
2019-07-14 11:06:32,568 INFO  server.RaftServerConfigKeys (ConfUtils.java:logGet(43)) - raft.server.log.statemachine.data.sync.timeout = 10s (default)
2019-07-14 11:06:32,568 INFO  server.RaftServerConfigKeys (ConfUtils.java:logGet(43)) - raft.server.log.statemachine.data.sync.timeout.retry = -1 (default)
2019-07-14 11:06:32,569 INFO  server.RaftServerConfigKeys (ConfUtils.java:logGet(43)) - raft.server.log.statemachine.data.caching.enabled = true (custom)
2019-07-14 11:06:32,569 INFO  segmented.SegmentedRaftLogWorker (SegmentedRaftLogWorker.java:lambda$new$0(132)) - 66b1a79e-f482-4ae0-b0f0-8c15500b71a1-SegmentedRaftLogWorker:Storage Directory /workdir/hadoop-ozone/integration-test/target/test-dir/MiniOzoneClusterImpl-6e75c1fa-424d-46f5-a8d1-9c8543b80f65/datanode-2/data/ratis/95c69711-f3d1-4779-b3cb-16638170b48c: flushIndex: setUnconditionally 0 -> -1
2019-07-14 11:06:32,569 INFO  server.RaftServerConfigKeys (ConfUtils.java:logGet(43)) - raft.server.snapshot.auto.trigger.enabled = true (custom)
2019-07-14 11:06:32,570 INFO  server.RaftServerConfigKeys (ConfUtils.java:logGet(43)) - raft.server.snapshot.auto.trigger.threshold = 10000 (custom)
2019-07-14 11:06:32,570 INFO  server.RaftServerConfigKeys (ConfUtils.java:logGet(43)) - raft.server.retrycache.expirytime = 600000ms (custom)
2019-07-14 11:06:32,570 INFO  impl.RaftServerImpl (RaftServerImpl.java:start(180)) - 66b1a79e-f482-4ae0-b0f0-8c15500b71a1: start group-16638170B48C
2019-07-14 11:06:32,570 INFO  impl.RaftServerImpl (RaftServerImpl.java:setRole(171)) - 66b1a79e-f482-4ae0-b0f0-8c15500b71a1:group-16638170B48C changes role from null to FOLLOWER at term 0 for startAsFollower
2019-07-14 11:06:32,570 INFO  impl.RoleInfo (RoleInfo.java:updateAndGet(143)) - 66b1a79e-f482-4ae0-b0f0-8c15500b71a1: start FollowerState
2019-07-14 11:06:32,571 INFO  util.JmxRegister (JmxRegister.java:tryRegister(44)) - Successfully registered JMX Bean with object name Ratis:service=RaftServer,group=group-16638170B48C,id=66b1a79e-f482-4ae0-b0f0-8c15500b71a1
2019-07-14 11:06:32,575 INFO  pipeline.PipelineStateManager (PipelineStateManager.java:addPipeline(56)) - Created pipeline Pipeline[ Id: 95c69711-f3d1-4779-b3cb-16638170b48c, Nodes: 66b1a79e-f482-4ae0-b0f0-8c15500b71a1{ip: 192.168.157.209, host: trunk-nightly-fxmrv-2540794721, networkLocation: /default-rack, certSerialId: null}, Type:RATIS, Factor:ONE, State:OPEN]
2019-07-14 11:06:32,586 INFO  impl.RaftServerProxy (RaftServerProxy.java:addNew(89)) - 66b1a79e-f482-4ae0-b0f0-8c15500b71a1: addNew group-EC7A0B6E23FF:[66b1a79e-f482-4ae0-b0f0-8c15500b71a1:192.168.157.209:43964, b1b58167-0653-4ac7-b98f-8cf4c84ad666:192.168.157.209:42392, b40f2446-fae5-4d94-ae24-3c59dc776a64:192.168.157.209:40402] returns group-EC7A0B6E23FF:java.util.concurrent.CompletableFuture@ec143b1[Not completed]
2019-07-14 11:06:32,586 INFO  impl.RaftServerProxy (RaftServerProxy.java:addNew(89)) - b1b58167-0653-4ac7-b98f-8cf4c84ad666: addNew group-EC7A0B6E23FF:[66b1a79e-f482-4ae0-b0f0-8c15500b71a1:192.168.157.209:43964, b1b58167-0653-4ac7-b98f-8cf4c84ad666:192.168.157.209:42392, b40f2446-fae5-4d94-ae24-3c59dc776a64:192.168.157.209:40402] returns group-EC7A0B6E23FF:java.util.concurrent.CompletableFuture@42ee4d0[Not completed]
2019-07-14 11:06:32,586 INFO  impl.RaftServerProxy (RaftServerProxy.java:addNew(89)) - b40f2446-fae5-4d94-ae24-3c59dc776a64: addNew group-EC7A0B6E23FF:[66b1a79e-f482-4ae0-b0f0-8c15500b71a1:192.168.157.209:43964, b1b58167-0653-4ac7-b98f-8cf4c84ad666:192.168.157.209:42392, b40f2446-fae5-4d94-ae24-3c59dc776a64:192.168.157.209:40402] returns group-EC7A0B6E23FF:java.util.concurrent.CompletableFuture@23beff53[Not completed]
2019-07-14 11:06:32,586 INFO  impl.RaftServerImpl (RaftServerImpl.java:<init>(93)) - 66b1a79e-f482-4ae0-b0f0-8c15500b71a1: new RaftServerImpl for group-EC7A0B6E23FF:[66b1a79e-f482-4ae0-b0f0-8c15500b71a1:192.168.157.209:43964, b1b58167-0653-4ac7-b98f-8cf4c84ad666:192.168.157.209:42392, b40f2446-fae5-4d94-ae24-3c59dc776a64:192.168.157.209:40402] with ContainerStateMachine:uninitialized
2019-07-14 11:06:32,587 INFO  server.RaftServerConfigKeys (ConfUtils.java:logGet(43)) - raft.server.rpc.timeout.min = 5s (custom)
2019-07-14 11:06:32,587 INFO  server.RaftServerConfigKeys (ConfUtils.java:logGet(43)) - raft.server.rpc.timeout.max = 5200ms (custom)
2019-07-14 11:06:32,587 INFO  server.RaftServerConfigKeys (ConfUtils.java:logGet(43)) - raft.server.rpcslowness.timeout = 120s (custom)
2019-07-14 11:06:32,587 INFO  server.RaftServerConfigKeys (ConfUtils.java:logGet(43)) - raft.server.sleep.deviation.threshold = 300 (default)
2019-07-14 11:06:32,587 INFO  server.RaftServerConfigKeys (ConfUtils.java:logGet(43)) - raft.server.log.appender.install.snapshot.enabled = false (custom)
2019-07-14 11:06:32,587 INFO  impl.RaftServerImpl (RaftServerImpl.java:<init>(93)) - b40f2446-fae5-4d94-ae24-3c59dc776a64: new RaftServerImpl for group-EC7A0B6E23FF:[66b1a79e-f482-4ae0-b0f0-8c15500b71a1:192.168.157.209:43964, b1b58167-0653-4ac7-b98f-8cf4c84ad666:192.168.157.209:42392, b40f2446-fae5-4d94-ae24-3c59dc776a64:192.168.157.209:40402] with ContainerStateMachine:uninitialized
2019-07-14 11:06:32,587 INFO  impl.RaftServerImpl (ServerState.java:<init>(105)) - 66b1a79e-f482-4ae0-b0f0-8c15500b71a1:group-EC7A0B6E23FF ConfigurationManager, init=-1: [66b1a79e-f482-4ae0-b0f0-8c15500b71a1:192.168.157.209:43964, b1b58167-0653-4ac7-b98f-8cf4c84ad666:192.168.157.209:42392, b40f2446-fae5-4d94-ae24-3c59dc776a64:192.168.157.209:40402], old=null, confs=<EMPTY_MAP>
2019-07-14 11:06:32,587 INFO  server.RaftServerConfigKeys (ConfUtils.java:logGet(43)) - raft.server.rpc.timeout.min = 5s (custom)
2019-07-14 11:06:32,588 INFO  impl.RaftServerImpl (RaftServerImpl.java:<init>(93)) - b1b58167-0653-4ac7-b98f-8cf4c84ad666: new RaftServerImpl for group-EC7A0B6E23FF:[66b1a79e-f482-4ae0-b0f0-8c15500b71a1:192.168.157.209:43964, b1b58167-0653-4ac7-b98f-8cf4c84ad666:192.168.157.209:42392, b40f2446-fae5-4d94-ae24-3c59dc776a64:192.168.157.209:40402] with ContainerStateMachine:uninitialized
2019-07-14 11:06:32,588 INFO  server.RaftServerConfigKeys (ConfUtils.java:logGet(43)) - raft.server.storage.dir = [/workdir/hadoop-ozone/integration-test/target/test-dir/MiniOzoneClusterImpl-6e75c1fa-424d-46f5-a8d1-9c8543b80f65/datanode-2/data/ratis] (custom)
2019-07-14 11:06:32,588 INFO  server.RaftServerConfigKeys (ConfUtils.java:logGet(43)) - raft.server.rpc.timeout.min = 5s (custom)
2019-07-14 11:06:32,588 INFO  server.RaftServerConfigKeys (ConfUtils.java:logGet(43)) - raft.server.rpc.timeout.max = 5200ms (custom)
2019-07-14 11:06:32,588 INFO  server.RaftServerConfigKeys (ConfUtils.java:logGet(43)) - raft.server.rpc.timeout.max = 5200ms (custom)
2019-07-14 11:06:32,588 INFO  server.RaftServerConfigKeys (ConfUtils.java:logGet(43)) - raft.server.rpcslowness.timeout = 120s (custom)
2019-07-14 11:06:32,588 INFO  storage.RaftStorageDirectory (RaftStorageDirectory.java:analyzeStorage(246)) - The storage directory /workdir/hadoop-ozone/integration-test/target/test-dir/MiniOzoneClusterImpl-6e75c1fa-424d-46f5-a8d1-9c8543b80f65/datanode-2/data/ratis/414865a2-f3c6-4c41-aba8-ec7a0b6e23ff does not exist. Creating ...
2019-07-14 11:06:32,589 INFO  server.RaftServerConfigKeys (ConfUtils.java:logGet(43)) - raft.server.sleep.deviation.threshold = 300 (default)
2019-07-14 11:06:32,588 INFO  server.RaftServerConfigKeys (ConfUtils.java:logGet(43)) - raft.server.rpcslowness.timeout = 120s (custom)
2019-07-14 11:06:32,589 INFO  server.RaftServerConfigKeys (ConfUtils.java:logGet(43)) - raft.server.log.appender.install.snapshot.enabled = false (custom)
2019-07-14 11:06:32,589 INFO  server.RaftServerConfigKeys (ConfUtils.java:logGet(43)) - raft.server.sleep.deviation.threshold = 300 (default)
2019-07-14 11:06:32,589 INFO  impl.RaftServerImpl (ServerState.java:<init>(105)) - b1b58167-0653-4ac7-b98f-8cf4c84ad666:group-EC7A0B6E23FF ConfigurationManager, init=-1: [66b1a79e-f482-4ae0-b0f0-8c15500b71a1:192.168.157.209:43964, b1b58167-0653-4ac7-b98f-8cf4c84ad666:192.168.157.209:42392, b40f2446-fae5-4d94-ae24-3c59dc776a64:192.168.157.209:40402], old=null, confs=<EMPTY_MAP>
2019-07-14 11:06:32,589 INFO  server.RaftServerConfigKeys (ConfUtils.java:logGet(43)) - raft.server.log.appender.install.snapshot.enabled = false (custom)
2019-07-14 11:06:32,590 INFO  server.RaftServerConfigKeys (ConfUtils.java:logGet(43)) - raft.server.storage.dir = [/workdir/hadoop-ozone/integration-test/target/test-dir/MiniOzoneClusterImpl-6e75c1fa-424d-46f5-a8d1-9c8543b80f65/datanode-0/data/ratis] (custom)
2019-07-14 11:06:32,590 INFO  impl.RaftServerImpl (ServerState.java:<init>(105)) - b40f2446-fae5-4d94-ae24-3c59dc776a64:group-EC7A0B6E23FF ConfigurationManager, init=-1: [66b1a79e-f482-4ae0-b0f0-8c15500b71a1:192.168.157.209:43964, b1b58167-0653-4ac7-b98f-8cf4c84ad666:192.168.157.209:42392, b40f2446-fae5-4d94-ae24-3c59dc776a64:192.168.157.209:40402], old=null, confs=<EMPTY_MAP>
2019-07-14 11:06:32,590 INFO  server.RaftServerConfigKeys (ConfUtils.java:logGet(43)) - raft.server.storage.dir = [/workdir/hadoop-ozone/integration-test/target/test-dir/MiniOzoneClusterImpl-6e75c1fa-424d-46f5-a8d1-9c8543b80f65/datanode-1/data/ratis] (custom)
2019-07-14 11:06:32,590 INFO  storage.RaftStorageDirectory (RaftStorageDirectory.java:analyzeStorage(246)) - The storage directory /workdir/hadoop-ozone/integration-test/target/test-dir/MiniOzoneClusterImpl-6e75c1fa-424d-46f5-a8d1-9c8543b80f65/datanode-0/data/ratis/414865a2-f3c6-4c41-aba8-ec7a0b6e23ff does not exist. Creating ...
2019-07-14 11:06:32,590 INFO  storage.RaftStorageDirectory (RaftStorageDirectory.java:analyzeStorage(246)) - The storage directory /workdir/hadoop-ozone/integration-test/target/test-dir/MiniOzoneClusterImpl-6e75c1fa-424d-46f5-a8d1-9c8543b80f65/datanode-1/data/ratis/414865a2-f3c6-4c41-aba8-ec7a0b6e23ff does not exist. Creating ...
2019-07-14 11:06:32,602 INFO  storage.RaftStorageDirectory (RaftStorageDirectory.java:tryLock(328)) - Lock on /workdir/hadoop-ozone/integration-test/target/test-dir/MiniOzoneClusterImpl-6e75c1fa-424d-46f5-a8d1-9c8543b80f65/datanode-0/data/ratis/414865a2-f3c6-4c41-aba8-ec7a0b6e23ff/in_use.lock acquired by nodename 22243@trunk-nightly-fxmrv-2540794721
2019-07-14 11:06:32,602 INFO  storage.RaftStorageDirectory (RaftStorageDirectory.java:tryLock(328)) - Lock on /workdir/hadoop-ozone/integration-test/target/test-dir/MiniOzoneClusterImpl-6e75c1fa-424d-46f5-a8d1-9c8543b80f65/datanode-2/data/ratis/414865a2-f3c6-4c41-aba8-ec7a0b6e23ff/in_use.lock acquired by nodename 22243@trunk-nightly-fxmrv-2540794721
2019-07-14 11:06:32,602 INFO  storage.RaftStorageDirectory (RaftStorageDirectory.java:tryLock(328)) - Lock on /workdir/hadoop-ozone/integration-test/target/test-dir/MiniOzoneClusterImpl-6e75c1fa-424d-46f5-a8d1-9c8543b80f65/datanode-1/data/ratis/414865a2-f3c6-4c41-aba8-ec7a0b6e23ff/in_use.lock acquired by nodename 22243@trunk-nightly-fxmrv-2540794721
2019-07-14 11:06:32,615 INFO  storage.RaftStorage (RaftStorage.java:format(72)) - Storage directory /workdir/hadoop-ozone/integration-test/target/test-dir/MiniOzoneClusterImpl-6e75c1fa-424d-46f5-a8d1-9c8543b80f65/datanode-0/data/ratis/414865a2-f3c6-4c41-aba8-ec7a0b6e23ff has been successfully formatted.
2019-07-14 11:06:32,616 INFO  storage.RaftStorage (RaftStorage.java:format(72)) - Storage directory /workdir/hadoop-ozone/integration-test/target/test-dir/MiniOzoneClusterImpl-6e75c1fa-424d-46f5-a8d1-9c8543b80f65/datanode-2/data/ratis/414865a2-f3c6-4c41-aba8-ec7a0b6e23ff has been successfully formatted.
2019-07-14 11:06:32,616 INFO  storage.RaftStorage (RaftStorage.java:format(72)) - Storage directory /workdir/hadoop-ozone/integration-test/target/test-dir/MiniOzoneClusterImpl-6e75c1fa-424d-46f5-a8d1-9c8543b80f65/datanode-1/data/ratis/414865a2-f3c6-4c41-aba8-ec7a0b6e23ff has been successfully formatted.
2019-07-14 11:06:32,616 INFO  ratis.ContainerStateMachine (ContainerStateMachine.java:loadSnapshot(200)) - group-EC7A0B6E23FF: The snapshot info is null. Setting the last applied indexto:(t:0, i:~)
2019-07-14 11:06:32,616 INFO  ratis.ContainerStateMachine (ContainerStateMachine.java:loadSnapshot(200)) - group-EC7A0B6E23FF: The snapshot info is null. Setting the last applied indexto:(t:0, i:~)
2019-07-14 11:06:32,616 INFO  ratis.ContainerStateMachine (ContainerStateMachine.java:loadSnapshot(200)) - group-EC7A0B6E23FF: The snapshot info is null. Setting the last applied indexto:(t:0, i:~)
2019-07-14 11:06:32,616 INFO  server.RaftServerConfigKeys (ConfUtils.java:logGet(43)) - raft.server.leader.election.timeout = 120s (custom)
2019-07-14 11:06:32,616 INFO  server.RaftServerConfigKeys (ConfUtils.java:logGet(43)) - raft.server.leader.election.timeout = 120s (custom)
2019-07-14 11:06:32,617 INFO  server.RaftServerConfigKeys (ConfUtils.java:logGet(43)) - raft.server.log.use.memory = false (default)
2019-07-14 11:06:32,616 INFO  server.RaftServerConfigKeys (ConfUtils.java:logGet(43)) - raft.server.leader.election.timeout = 120s (custom)
2019-07-14 11:06:32,617 INFO  server.RaftServerConfigKeys (ConfUtils.java:logGet(43)) - raft.server.log.purge.gap = 1000000000 (custom)
2019-07-14 11:06:32,617 INFO  server.RaftServerConfigKeys (ConfUtils.java:logGet(43)) - raft.server.log.appender.buffer.byte-limit = 33554432 (custom)
2019-07-14 11:06:32,617 INFO  server.RaftServerConfigKeys (ConfUtils.java:logGet(43)) - raft.server.log.use.memory = false (default)
2019-07-14 11:06:32,617 INFO  server.RaftServerConfigKeys (ConfUtils.java:logGet(43)) - raft.server.log.segment.size.max = 1048576 (custom)
2019-07-14 11:06:32,617 INFO  server.RaftServerConfigKeys (ConfUtils.java:logGet(43)) - raft.server.log.use.memory = false (default)
2019-07-14 11:06:32,618 INFO  server.RaftServerConfigKeys (ConfUtils.java:logGet(43)) - raft.server.log.segment.cache.num.max = 2 (custom)
2019-07-14 11:06:32,618 INFO  server.RaftServerConfigKeys (ConfUtils.java:logGet(43)) - raft.server.log.purge.gap = 1000000000 (custom)
2019-07-14 11:06:32,618 INFO  segmented.SegmentedRaftLogWorker (SegmentedRaftLogWorker.java:<init>(172)) - new b40f2446-fae5-4d94-ae24-3c59dc776a64-SegmentedRaftLogWorker:Storage Directory /workdir/hadoop-ozone/integration-test/target/test-dir/MiniOzoneClusterImpl-6e75c1fa-424d-46f5-a8d1-9c8543b80f65/datanode-1/data/ratis/414865a2-f3c6-4c41-aba8-ec7a0b6e23ff for RaftStorage:Storage Directory /workdir/hadoop-ozone/integration-test/target/test-dir/MiniOzoneClusterImpl-6e75c1fa-424d-46f5-a8d1-9c8543b80f65/datanode-1/data/ratis/414865a2-f3c6-4c41-aba8-ec7a0b6e23ff
2019-07-14 11:06:32,618 INFO  server.RaftServerConfigKeys (ConfUtils.java:logGet(43)) - raft.server.log.purge.gap = 1000000000 (custom)
2019-07-14 11:06:32,618 INFO  server.RaftServerConfigKeys (ConfUtils.java:logGet(43)) - raft.server.log.queue.byte-limit = 2147483647 (custom)
2019-07-14 11:06:32,618 INFO  server.RaftServerConfigKeys (ConfUtils.java:logGet(43)) - raft.server.log.appender.buffer.byte-limit = 33554432 (custom)
2019-07-14 11:06:32,619 INFO  server.RaftServerConfigKeys (ConfUtils.java:logGet(43)) - raft.server.log.queue.element-limit = 1024 (custom)
2019-07-14 11:06:32,618 INFO  server.RaftServerConfigKeys (ConfUtils.java:logGet(43)) - raft.server.log.appender.buffer.byte-limit = 33554432 (custom)
2019-07-14 11:06:32,619 INFO  server.RaftServerConfigKeys (ConfUtils.java:logGet(43)) - raft.server.log.segment.size.max = 1048576 (custom)
2019-07-14 11:06:32,619 INFO  server.RaftServerConfigKeys (ConfUtils.java:logGet(43)) - raft.server.log.preallocated.size = 16384 (custom)
2019-07-14 11:06:32,619 INFO  server.RaftServerConfigKeys (ConfUtils.java:logGet(43)) - raft.server.log.segment.size.max = 1048576 (custom)
2019-07-14 11:06:32,619 INFO  server.RaftServerConfigKeys (ConfUtils.java:logGet(43)) - raft.server.log.write.buffer.size = 33554432 (custom)
2019-07-14 11:06:32,620 INFO  server.RaftServerConfigKeys (ConfUtils.java:logGet(43)) - raft.server.log.force.sync.num = 128 (default)
2019-07-14 11:06:32,619 INFO  server.RaftServerConfigKeys (ConfUtils.java:logGet(43)) - raft.server.log.segment.size.max = 1048576 (custom)
2019-07-14 11:06:32,620 INFO  server.RaftServerConfigKeys (ConfUtils.java:logGet(43)) - raft.server.log.statemachine.data.sync = true (default)
2019-07-14 11:06:32,620 INFO  server.RaftServerConfigKeys (ConfUtils.java:logGet(43)) - raft.server.log.statemachine.data.sync.timeout = 10s (default)
2019-07-14 11:06:32,620 INFO  server.RaftServerConfigKeys (ConfUtils.java:logGet(43)) - raft.server.log.segment.cache.num.max = 2 (custom)
2019-07-14 11:06:32,620 INFO  server.RaftServerConfigKeys (ConfUtils.java:logGet(43)) - raft.server.log.statemachine.data.sync.timeout.retry = -1 (default)
2019-07-14 11:06:32,620 INFO  server.RaftServerConfigKeys (ConfUtils.java:logGet(43)) - raft.server.log.segment.cache.num.max = 2 (custom)
2019-07-14 11:06:32,621 INFO  server.RaftServerConfigKeys (ConfUtils.java:logGet(43)) - raft.server.log.statemachine.data.caching.enabled = true (custom)
2019-07-14 11:06:32,621 INFO  segmented.SegmentedRaftLogWorker (SegmentedRaftLogWorker.java:<init>(172)) - new 66b1a79e-f482-4ae0-b0f0-8c15500b71a1-SegmentedRaftLogWorker:Storage Directory /workdir/hadoop-ozone/integration-test/target/test-dir/MiniOzoneClusterImpl-6e75c1fa-424d-46f5-a8d1-9c8543b80f65/datanode-2/data/ratis/414865a2-f3c6-4c41-aba8-ec7a0b6e23ff for RaftStorage:Storage Directory /workdir/hadoop-ozone/integration-test/target/test-dir/MiniOzoneClusterImpl-6e75c1fa-424d-46f5-a8d1-9c8543b80f65/datanode-2/data/ratis/414865a2-f3c6-4c41-aba8-ec7a0b6e23ff
2019-07-14 11:06:32,621 INFO  segmented.SegmentedRaftLogWorker (SegmentedRaftLogWorker.java:lambda$new$0(132)) - b40f2446-fae5-4d94-ae24-3c59dc776a64-SegmentedRaftLogWorker:Storage Directory /workdir/hadoop-ozone/integration-test/target/test-dir/MiniOzoneClusterImpl-6e75c1fa-424d-46f5-a8d1-9c8543b80f65/datanode-1/data/ratis/414865a2-f3c6-4c41-aba8-ec7a0b6e23ff: flushIndex: setUnconditionally 0 -> -1
2019-07-14 11:06:32,621 INFO  segmented.SegmentedRaftLogWorker (SegmentedRaftLogWorker.java:<init>(172)) - new b1b58167-0653-4ac7-b98f-8cf4c84ad666-SegmentedRaftLogWorker:Storage Directory /workdir/hadoop-ozone/integration-test/target/test-dir/MiniOzoneClusterImpl-6e75c1fa-424d-46f5-a8d1-9c8543b80f65/datanode-0/data/ratis/414865a2-f3c6-4c41-aba8-ec7a0b6e23ff for RaftStorage:Storage Directory /workdir/hadoop-ozone/integration-test/target/test-dir/MiniOzoneClusterImpl-6e75c1fa-424d-46f5-a8d1-9c8543b80f65/datanode-0/data/ratis/414865a2-f3c6-4c41-aba8-ec7a0b6e23ff
2019-07-14 11:06:32,621 INFO  server.RaftServerConfigKeys (ConfUtils.java:logGet(43)) - raft.server.log.queue.byte-limit = 2147483647 (custom)
2019-07-14 11:06:32,622 INFO  server.RaftServerConfigKeys (ConfUtils.java:logGet(43)) - raft.server.snapshot.auto.trigger.enabled = true (custom)
2019-07-14 11:06:32,622 INFO  server.RaftServerConfigKeys (ConfUtils.java:logGet(43)) - raft.server.log.queue.byte-limit = 2147483647 (custom)
2019-07-14 11:06:32,622 INFO  server.RaftServerConfigKeys (ConfUtils.java:logGet(43)) - raft.server.snapshot.auto.trigger.threshold = 10000 (custom)
2019-07-14 11:06:32,622 INFO  server.RaftServerConfigKeys (ConfUtils.java:logGet(43)) - raft.server.log.queue.element-limit = 1024 (custom)
2019-07-14 11:06:32,622 INFO  server.RaftServerConfigKeys (ConfUtils.java:logGet(43)) - raft.server.retrycache.expirytime = 600000ms (custom)
2019-07-14 11:06:32,622 INFO  server.RaftServerConfigKeys (ConfUtils.java:logGet(43)) - raft.server.log.queue.element-limit = 1024 (custom)
2019-07-14 11:06:32,623 INFO  impl.RaftServerImpl (RaftServerImpl.java:start(180)) - b40f2446-fae5-4d94-ae24-3c59dc776a64: start group-EC7A0B6E23FF
2019-07-14 11:06:32,622 INFO  server.RaftServerConfigKeys (ConfUtils.java:logGet(43)) - raft.server.log.segment.size.max = 1048576 (custom)
2019-07-14 11:06:32,623 INFO  impl.RaftServerImpl (RaftServerImpl.java:setRole(171)) - b40f2446-fae5-4d94-ae24-3c59dc776a64:group-EC7A0B6E23FF changes role from null to FOLLOWER at term 0 for startAsFollower
2019-07-14 11:06:32,623 INFO  impl.RoleInfo (RoleInfo.java:updateAndGet(143)) - b40f2446-fae5-4d94-ae24-3c59dc776a64: start FollowerState
2019-07-14 11:06:32,623 INFO  server.RaftServerConfigKeys (ConfUtils.java:logGet(43)) - raft.server.log.segment.size.max = 1048576 (custom)
2019-07-14 11:06:32,624 INFO  server.RaftServerConfigKeys (ConfUtils.java:logGet(43)) - raft.server.log.preallocated.size = 16384 (custom)
2019-07-14 11:06:32,623 INFO  server.RaftServerConfigKeys (ConfUtils.java:logGet(43)) - raft.server.log.preallocated.size = 16384 (custom)
2019-07-14 11:06:32,624 INFO  server.RaftServerConfigKeys (ConfUtils.java:logGet(43)) - raft.server.log.write.buffer.size = 33554432 (custom)
2019-07-14 11:06:32,624 INFO  util.JmxRegister (JmxRegister.java:tryRegister(44)) - Successfully registered JMX Bean with object name Ratis:service=RaftServer,group=group-EC7A0B6E23FF,id=b40f2446-fae5-4d94-ae24-3c59dc776a64
2019-07-14 11:06:32,624 INFO  server.RaftServerConfigKeys (ConfUtils.java:logGet(43)) - raft.server.log.force.sync.num = 128 (default)
2019-07-14 11:06:32,624 INFO  server.RaftServerConfigKeys (ConfUtils.java:logGet(43)) - raft.server.log.statemachine.data.sync = true (default)
2019-07-14 11:06:32,624 INFO  server.RaftServerConfigKeys (ConfUtils.java:logGet(43)) - raft.server.log.write.buffer.size = 33554432 (custom)
2019-07-14 11:06:32,624 INFO  server.RaftServerConfigKeys (ConfUtils.java:logGet(43)) - raft.server.log.statemachine.data.sync.timeout = 10s (default)
2019-07-14 11:06:32,625 INFO  server.RaftServerConfigKeys (ConfUtils.java:logGet(43)) - raft.server.log.force.sync.num = 128 (default)
2019-07-14 11:06:32,625 INFO  server.RaftServerConfigKeys (ConfUtils.java:logGet(43)) - raft.server.log.statemachine.data.sync.timeout.retry = -1 (default)
2019-07-14 11:06:32,625 INFO  server.RaftServerConfigKeys (ConfUtils.java:logGet(43)) - raft.server.log.statemachine.data.sync = true (default)
2019-07-14 11:06:32,625 INFO  server.RaftServerConfigKeys (ConfUtils.java:logGet(43)) - raft.server.log.statemachine.data.caching.enabled = true (custom)
2019-07-14 11:06:32,628 INFO  server.RaftServerConfigKeys (ConfUtils.java:logGet(43)) - raft.server.log.statemachine.data.sync.timeout = 10s (default)
2019-07-14 11:06:32,628 INFO  server.RaftServerConfigKeys (ConfUtils.java:logGet(43)) - raft.server.log.statemachine.data.sync.timeout.retry = -1 (default)
2019-07-14 11:06:32,628 INFO  segmented.SegmentedRaftLogWorker (SegmentedRaftLogWorker.java:lambda$new$0(132)) - b1b58167-0653-4ac7-b98f-8cf4c84ad666-SegmentedRaftLogWorker:Storage Directory /workdir/hadoop-ozone/integration-test/target/test-dir/MiniOzoneClusterImpl-6e75c1fa-424d-46f5-a8d1-9c8543b80f65/datanode-0/data/ratis/414865a2-f3c6-4c41-aba8-ec7a0b6e23ff: flushIndex: setUnconditionally 0 -> -1
2019-07-14 11:06:32,629 INFO  server.RaftServerConfigKeys (ConfUtils.java:logGet(43)) - raft.server.log.statemachine.data.caching.enabled = true (custom)
2019-07-14 11:06:32,629 INFO  server.RaftServerConfigKeys (ConfUtils.java:logGet(43)) - raft.server.snapshot.auto.trigger.enabled = true (custom)
2019-07-14 11:06:32,629 INFO  segmented.SegmentedRaftLogWorker (SegmentedRaftLogWorker.java:lambda$new$0(132)) - 66b1a79e-f482-4ae0-b0f0-8c15500b71a1-SegmentedRaftLogWorker:Storage Directory /workdir/hadoop-ozone/integration-test/target/test-dir/MiniOzoneClusterImpl-6e75c1fa-424d-46f5-a8d1-9c8543b80f65/datanode-2/data/ratis/414865a2-f3c6-4c41-aba8-ec7a0b6e23ff: flushIndex: setUnconditionally 0 -> -1
2019-07-14 11:06:32,629 INFO  server.RaftServerConfigKeys (ConfUtils.java:logGet(43)) - raft.server.snapshot.auto.trigger.threshold = 10000 (custom)
2019-07-14 11:06:32,629 INFO  server.RaftServerConfigKeys (ConfUtils.java:logGet(43)) - raft.server.snapshot.auto.trigger.enabled = true (custom)
2019-07-14 11:06:32,629 INFO  server.RaftServerConfigKeys (ConfUtils.java:logGet(43)) - raft.server.retrycache.expirytime = 600000ms (custom)
2019-07-14 11:06:32,629 INFO  server.RaftServerConfigKeys (ConfUtils.java:logGet(43)) - raft.server.snapshot.auto.trigger.threshold = 10000 (custom)
2019-07-14 11:06:32,630 INFO  impl.RaftServerImpl (RaftServerImpl.java:start(180)) - b1b58167-0653-4ac7-b98f-8cf4c84ad666: start group-EC7A0B6E23FF
2019-07-14 11:06:32,630 INFO  server.RaftServerConfigKeys (ConfUtils.java:logGet(43)) - raft.server.retrycache.expirytime = 600000ms (custom)
2019-07-14 11:06:32,630 INFO  impl.RaftServerImpl (RaftServerImpl.java:setRole(171)) - b1b58167-0653-4ac7-b98f-8cf4c84ad666:group-EC7A0B6E23FF changes role from null to FOLLOWER at term 0 for startAsFollower
2019-07-14 11:06:32,630 INFO  impl.RaftServerImpl (RaftServerImpl.java:start(180)) - 66b1a79e-f482-4ae0-b0f0-8c15500b71a1: start group-EC7A0B6E23FF
2019-07-14 11:06:32,630 INFO  impl.RoleInfo (RoleInfo.java:updateAndGet(143)) - b1b58167-0653-4ac7-b98f-8cf4c84ad666: start FollowerState
2019-07-14 11:06:32,630 INFO  impl.RaftServerImpl (RaftServerImpl.java:setRole(171)) - 66b1a79e-f482-4ae0-b0f0-8c15500b71a1:group-EC7A0B6E23FF changes role from null to FOLLOWER at term 0 for startAsFollower
2019-07-14 11:06:32,630 INFO  impl.RoleInfo (RoleInfo.java:updateAndGet(143)) - 66b1a79e-f482-4ae0-b0f0-8c15500b71a1: start FollowerState
2019-07-14 11:06:32,631 INFO  util.JmxRegister (JmxRegister.java:tryRegister(44)) - Successfully registered JMX Bean with object name Ratis:service=RaftServer,group=group-EC7A0B6E23FF,id=b1b58167-0653-4ac7-b98f-8cf4c84ad666
2019-07-14 11:06:32,631 INFO  util.JmxRegister (JmxRegister.java:tryRegister(44)) - Successfully registered JMX Bean with object name Ratis:service=RaftServer,group=group-EC7A0B6E23FF,id=66b1a79e-f482-4ae0-b0f0-8c15500b71a1
2019-07-14 11:06:32,638 INFO  pipeline.PipelineStateManager (PipelineStateManager.java:addPipeline(56)) - Created pipeline Pipeline[ Id: 414865a2-f3c6-4c41-aba8-ec7a0b6e23ff, Nodes: b1b58167-0653-4ac7-b98f-8cf4c84ad666{ip: 192.168.157.209, host: trunk-nightly-fxmrv-2540794721, networkLocation: /default-rack, certSerialId: null}66b1a79e-f482-4ae0-b0f0-8c15500b71a1{ip: 192.168.157.209, host: trunk-nightly-fxmrv-2540794721, networkLocation: /default-rack, certSerialId: null}b40f2446-fae5-4d94-ae24-3c59dc776a64{ip: 192.168.157.209, host: trunk-nightly-fxmrv-2540794721, networkLocation: /default-rack, certSerialId: null}, Type:RATIS, Factor:THREE, State:OPEN]
2019-07-14 11:06:32,695 INFO  node.SCMNodeManager (SCMNodeManager.java:register(269)) - Registered Data node : d568da82-e7da-4b22-97a5-879c917df10e{ip: 192.168.157.209, host: trunk-nightly-fxmrv-2540794721, networkLocation: /default-rack, certSerialId: null}
2019-07-14 11:06:32,702 INFO  impl.RaftServerProxy (RaftServerProxy.java:addNew(89)) - d568da82-e7da-4b22-97a5-879c917df10e: addNew group-D995EEC577B7:[d568da82-e7da-4b22-97a5-879c917df10e:192.168.157.209:38856] returns group-D995EEC577B7:java.util.concurrent.CompletableFuture@165c384e[Not completed]
2019-07-14 11:06:32,703 INFO  impl.RaftServerImpl (RaftServerImpl.java:<init>(93)) - d568da82-e7da-4b22-97a5-879c917df10e: new RaftServerImpl for group-D995EEC577B7:[d568da82-e7da-4b22-97a5-879c917df10e:192.168.157.209:38856] with ContainerStateMachine:uninitialized
2019-07-14 11:06:32,703 INFO  server.RaftServerConfigKeys (ConfUtils.java:logGet(43)) - raft.server.rpc.timeout.min = 5s (custom)
2019-07-14 11:06:32,703 INFO  server.RaftServerConfigKeys (ConfUtils.java:logGet(43)) - raft.server.rpc.timeout.max = 5200ms (custom)
2019-07-14 11:06:32,703 INFO  server.RaftServerConfigKeys (ConfUtils.java:logGet(43)) - raft.server.rpcslowness.timeout = 120s (custom)
2019-07-14 11:06:32,703 INFO  server.RaftServerConfigKeys (ConfUtils.java:logGet(43)) - raft.server.sleep.deviation.threshold = 300 (default)
2019-07-14 11:06:32,703 INFO  server.RaftServerConfigKeys (ConfUtils.java:logGet(43)) - raft.server.log.appender.install.snapshot.enabled = false (custom)
2019-07-14 11:06:32,703 INFO  impl.RaftServerImpl (ServerState.java:<init>(105)) - d568da82-e7da-4b22-97a5-879c917df10e:group-D995EEC577B7 ConfigurationManager, init=-1: [d568da82-e7da-4b22-97a5-879c917df10e:192.168.157.209:38856], old=null, confs=<EMPTY_MAP>
2019-07-14 11:06:32,704 INFO  server.RaftServerConfigKeys (ConfUtils.java:logGet(43)) - raft.server.storage.dir = [/workdir/hadoop-ozone/integration-test/target/test-dir/MiniOzoneClusterImpl-6e75c1fa-424d-46f5-a8d1-9c8543b80f65/datanode-3/data/ratis] (custom)
2019-07-14 11:06:32,704 INFO  storage.RaftStorageDirectory (RaftStorageDirectory.java:analyzeStorage(246)) - The storage directory /workdir/hadoop-ozone/integration-test/target/test-dir/MiniOzoneClusterImpl-6e75c1fa-424d-46f5-a8d1-9c8543b80f65/datanode-3/data/ratis/464c2f22-ab76-4a89-a5d0-d995eec577b7 does not exist. Creating ...
2019-07-14 11:06:32,717 INFO  storage.RaftStorageDirectory (RaftStorageDirectory.java:tryLock(328)) - Lock on /workdir/hadoop-ozone/integration-test/target/test-dir/MiniOzoneClusterImpl-6e75c1fa-424d-46f5-a8d1-9c8543b80f65/datanode-3/data/ratis/464c2f22-ab76-4a89-a5d0-d995eec577b7/in_use.lock acquired by nodename 22243@trunk-nightly-fxmrv-2540794721
2019-07-14 11:06:32,730 INFO  storage.RaftStorage (RaftStorage.java:format(72)) - Storage directory /workdir/hadoop-ozone/integration-test/target/test-dir/MiniOzoneClusterImpl-6e75c1fa-424d-46f5-a8d1-9c8543b80f65/datanode-3/data/ratis/464c2f22-ab76-4a89-a5d0-d995eec577b7 has been successfully formatted.
2019-07-14 11:06:32,730 INFO  ratis.ContainerStateMachine (ContainerStateMachine.java:loadSnapshot(200)) - group-D995EEC577B7: The snapshot info is null. Setting the last applied indexto:(t:0, i:~)
2019-07-14 11:06:32,730 INFO  server.RaftServerConfigKeys (ConfUtils.java:logGet(43)) - raft.server.leader.election.timeout = 120s (custom)
2019-07-14 11:06:32,730 INFO  server.RaftServerConfigKeys (ConfUtils.java:logGet(43)) - raft.server.log.use.memory = false (default)
2019-07-14 11:06:32,730 INFO  server.RaftServerConfigKeys (ConfUtils.java:logGet(43)) - raft.server.log.purge.gap = 1000000000 (custom)
2019-07-14 11:06:32,731 INFO  server.RaftServerConfigKeys (ConfUtils.java:logGet(43)) - raft.server.log.appender.buffer.byte-limit = 33554432 (custom)
2019-07-14 11:06:32,731 INFO  server.RaftServerConfigKeys (ConfUtils.java:logGet(43)) - raft.server.log.segment.size.max = 1048576 (custom)
2019-07-14 11:06:32,731 INFO  server.RaftServerConfigKeys (ConfUtils.java:logGet(43)) - raft.server.log.segment.cache.num.max = 2 (custom)
2019-07-14 11:06:32,731 INFO  segmented.SegmentedRaftLogWorker (SegmentedRaftLogWorker.java:<init>(172)) - new d568da82-e7da-4b22-97a5-879c917df10e-SegmentedRaftLogWorker:Storage Directory /workdir/hadoop-ozone/integration-test/target/test-dir/MiniOzoneClusterImpl-6e75c1fa-424d-46f5-a8d1-9c8543b80f65/datanode-3/data/ratis/464c2f22-ab76-4a89-a5d0-d995eec577b7 for RaftStorage:Storage Directory /workdir/hadoop-ozone/integration-test/target/test-dir/MiniOzoneClusterImpl-6e75c1fa-424d-46f5-a8d1-9c8543b80f65/datanode-3/data/ratis/464c2f22-ab76-4a89-a5d0-d995eec577b7
2019-07-14 11:06:32,731 INFO  server.RaftServerConfigKeys (ConfUtils.java:logGet(43)) - raft.server.log.queue.byte-limit = 2147483647 (custom)
2019-07-14 11:06:32,731 INFO  server.RaftServerConfigKeys (ConfUtils.java:logGet(43)) - raft.server.log.queue.element-limit = 1024 (custom)
2019-07-14 11:06:32,732 INFO  server.RaftServerConfigKeys (ConfUtils.java:logGet(43)) - raft.server.log.segment.size.max = 1048576 (custom)
2019-07-14 11:06:32,732 INFO  server.RaftServerConfigKeys (ConfUtils.java:logGet(43)) - raft.server.log.preallocated.size = 16384 (custom)
2019-07-14 11:06:32,732 INFO  server.RaftServerConfigKeys (ConfUtils.java:logGet(43)) - raft.server.log.write.buffer.size = 33554432 (custom)
2019-07-14 11:06:32,732 INFO  server.RaftServerConfigKeys (ConfUtils.java:logGet(43)) - raft.server.log.force.sync.num = 128 (default)
2019-07-14 11:06:32,732 INFO  server.RaftServerConfigKeys (ConfUtils.java:logGet(43)) - raft.server.log.statemachine.data.sync = true (default)
2019-07-14 11:06:32,732 INFO  server.RaftServerConfigKeys (ConfUtils.java:logGet(43)) - raft.server.log.statemachine.data.sync.timeout = 10s (default)
2019-07-14 11:06:32,733 INFO  server.RaftServerConfigKeys (ConfUtils.java:logGet(43)) - raft.server.log.statemachine.data.sync.timeout.retry = -1 (default)
2019-07-14 11:06:32,733 INFO  server.RaftServerConfigKeys (ConfUtils.java:logGet(43)) - raft.server.log.statemachine.data.caching.enabled = true (custom)
2019-07-14 11:06:32,733 INFO  segmented.SegmentedRaftLogWorker (SegmentedRaftLogWorker.java:lambda$new$0(132)) - d568da82-e7da-4b22-97a5-879c917df10e-SegmentedRaftLogWorker:Storage Directory /workdir/hadoop-ozone/integration-test/target/test-dir/MiniOzoneClusterImpl-6e75c1fa-424d-46f5-a8d1-9c8543b80f65/datanode-3/data/ratis/464c2f22-ab76-4a89-a5d0-d995eec577b7: flushIndex: setUnconditionally 0 -> -1
2019-07-14 11:06:32,734 INFO  server.RaftServerConfigKeys (ConfUtils.java:logGet(43)) - raft.server.snapshot.auto.trigger.enabled = true (custom)
2019-07-14 11:06:32,734 INFO  server.RaftServerConfigKeys (ConfUtils.java:logGet(43)) - raft.server.snapshot.auto.trigger.threshold = 10000 (custom)
2019-07-14 11:06:32,734 INFO  server.RaftServerConfigKeys (ConfUtils.java:logGet(43)) - raft.server.retrycache.expirytime = 600000ms (custom)
2019-07-14 11:06:32,734 INFO  impl.RaftServerImpl (RaftServerImpl.java:start(180)) - d568da82-e7da-4b22-97a5-879c917df10e: start group-D995EEC577B7
2019-07-14 11:06:32,734 INFO  impl.RaftServerImpl (RaftServerImpl.java:setRole(171)) - d568da82-e7da-4b22-97a5-879c917df10e:group-D995EEC577B7 changes role from null to FOLLOWER at term 0 for startAsFollower
2019-07-14 11:06:32,734 INFO  impl.RoleInfo (RoleInfo.java:updateAndGet(143)) - d568da82-e7da-4b22-97a5-879c917df10e: start FollowerState
2019-07-14 11:06:32,735 INFO  util.JmxRegister (JmxRegister.java:tryRegister(44)) - Successfully registered JMX Bean with object name Ratis:service=RaftServer,group=group-D995EEC577B7,id=d568da82-e7da-4b22-97a5-879c917df10e
2019-07-14 11:06:32,756 INFO  pipeline.PipelineStateManager (PipelineStateManager.java:addPipeline(56)) - Created pipeline Pipeline[ Id: 464c2f22-ab76-4a89-a5d0-d995eec577b7, Nodes: d568da82-e7da-4b22-97a5-879c917df10e{ip: 192.168.157.209, host: trunk-nightly-fxmrv-2540794721, networkLocation: /default-rack, certSerialId: null}, Type:RATIS, Factor:ONE, State:OPEN]
2019-07-14 11:06:32,866 INFO  node.SCMNodeManager (SCMNodeManager.java:register(269)) - Registered Data node : 8f16bc0e-88ee-4195-be19-d95d05fb91e0{ip: 192.168.157.209, host: trunk-nightly-fxmrv-2540794721, networkLocation: /default-rack, certSerialId: null}
2019-07-14 11:06:32,874 INFO  impl.RaftServerProxy (RaftServerProxy.java:addNew(89)) - 8f16bc0e-88ee-4195-be19-d95d05fb91e0: addNew group-82D0B462FD34:[8f16bc0e-88ee-4195-be19-d95d05fb91e0:192.168.157.209:40453] returns group-82D0B462FD34:java.util.concurrent.CompletableFuture@1ad6dcfb[Not completed]
2019-07-14 11:06:32,875 INFO  impl.RaftServerImpl (RaftServerImpl.java:<init>(93)) - 8f16bc0e-88ee-4195-be19-d95d05fb91e0: new RaftServerImpl for group-82D0B462FD34:[8f16bc0e-88ee-4195-be19-d95d05fb91e0:192.168.157.209:40453] with ContainerStateMachine:uninitialized
2019-07-14 11:06:32,875 INFO  server.RaftServerConfigKeys (ConfUtils.java:logGet(43)) - raft.server.rpc.timeout.min = 5s (custom)
2019-07-14 11:06:32,876 INFO  server.RaftServerConfigKeys (ConfUtils.java:logGet(43)) - raft.server.rpc.timeout.max = 5200ms (custom)
2019-07-14 11:06:32,876 INFO  server.RaftServerConfigKeys (ConfUtils.java:logGet(43)) - raft.server.rpcslowness.timeout = 120s (custom)
2019-07-14 11:06:32,876 INFO  server.RaftServerConfigKeys (ConfUtils.java:logGet(43)) - raft.server.sleep.deviation.threshold = 300 (default)
2019-07-14 11:06:32,876 INFO  server.RaftServerConfigKeys (ConfUtils.java:logGet(43)) - raft.server.log.appender.install.snapshot.enabled = false (custom)
2019-07-14 11:06:32,876 INFO  impl.RaftServerImpl (ServerState.java:<init>(105)) - 8f16bc0e-88ee-4195-be19-d95d05fb91e0:group-82D0B462FD34 ConfigurationManager, init=-1: [8f16bc0e-88ee-4195-be19-d95d05fb91e0:192.168.157.209:40453], old=null, confs=<EMPTY_MAP>
2019-07-14 11:06:32,876 INFO  server.RaftServerConfigKeys (ConfUtils.java:logGet(43)) - raft.server.storage.dir = [/workdir/hadoop-ozone/integration-test/target/test-dir/MiniOzoneClusterImpl-6e75c1fa-424d-46f5-a8d1-9c8543b80f65/datanode-4/data/ratis] (custom)
2019-07-14 11:06:32,877 INFO  storage.RaftStorageDirectory (RaftStorageDirectory.java:analyzeStorage(246)) - The storage directory /workdir/hadoop-ozone/integration-test/target/test-dir/MiniOzoneClusterImpl-6e75c1fa-424d-46f5-a8d1-9c8543b80f65/datanode-4/data/ratis/d1f8e5c0-2c7f-4976-8051-82d0b462fd34 does not exist. Creating ...
2019-07-14 11:06:32,890 INFO  storage.RaftStorageDirectory (RaftStorageDirectory.java:tryLock(328)) - Lock on /workdir/hadoop-ozone/integration-test/target/test-dir/MiniOzoneClusterImpl-6e75c1fa-424d-46f5-a8d1-9c8543b80f65/datanode-4/data/ratis/d1f8e5c0-2c7f-4976-8051-82d0b462fd34/in_use.lock acquired by nodename 22243@trunk-nightly-fxmrv-2540794721
2019-07-14 11:06:32,903 INFO  storage.RaftStorage (RaftStorage.java:format(72)) - Storage directory /workdir/hadoop-ozone/integration-test/target/test-dir/MiniOzoneClusterImpl-6e75c1fa-424d-46f5-a8d1-9c8543b80f65/datanode-4/data/ratis/d1f8e5c0-2c7f-4976-8051-82d0b462fd34 has been successfully formatted.
2019-07-14 11:06:32,903 INFO  ratis.ContainerStateMachine (ContainerStateMachine.java:loadSnapshot(200)) - group-82D0B462FD34: The snapshot info is null. Setting the last applied indexto:(t:0, i:~)
2019-07-14 11:06:32,903 INFO  server.RaftServerConfigKeys (ConfUtils.java:logGet(43)) - raft.server.leader.election.timeout = 120s (custom)
2019-07-14 11:06:32,904 INFO  server.RaftServerConfigKeys (ConfUtils.java:logGet(43)) - raft.server.log.use.memory = false (default)
2019-07-14 11:06:32,904 INFO  server.RaftServerConfigKeys (ConfUtils.java:logGet(43)) - raft.server.log.purge.gap = 1000000000 (custom)
2019-07-14 11:06:32,904 INFO  server.RaftServerConfigKeys (ConfUtils.java:logGet(43)) - raft.server.log.appender.buffer.byte-limit = 33554432 (custom)
2019-07-14 11:06:32,904 INFO  server.RaftServerConfigKeys (ConfUtils.java:logGet(43)) - raft.server.log.segment.size.max = 1048576 (custom)
2019-07-14 11:06:32,904 INFO  server.RaftServerConfigKeys (ConfUtils.java:logGet(43)) - raft.server.log.segment.cache.num.max = 2 (custom)
2019-07-14 11:06:32,904 INFO  segmented.SegmentedRaftLogWorker (SegmentedRaftLogWorker.java:<init>(172)) - new 8f16bc0e-88ee-4195-be19-d95d05fb91e0-SegmentedRaftLogWorker:Storage Directory /workdir/hadoop-ozone/integration-test/target/test-dir/MiniOzoneClusterImpl-6e75c1fa-424d-46f5-a8d1-9c8543b80f65/datanode-4/data/ratis/d1f8e5c0-2c7f-4976-8051-82d0b462fd34 for RaftStorage:Storage Directory /workdir/hadoop-ozone/integration-test/target/test-dir/MiniOzoneClusterImpl-6e75c1fa-424d-46f5-a8d1-9c8543b80f65/datanode-4/data/ratis/d1f8e5c0-2c7f-4976-8051-82d0b462fd34
2019-07-14 11:06:32,905 INFO  server.RaftServerConfigKeys (ConfUtils.java:logGet(43)) - raft.server.log.queue.byte-limit = 2147483647 (custom)
2019-07-14 11:06:32,905 INFO  server.RaftServerConfigKeys (ConfUtils.java:logGet(43)) - raft.server.log.queue.element-limit = 1024 (custom)
2019-07-14 11:06:32,905 INFO  server.RaftServerConfigKeys (ConfUtils.java:logGet(43)) - raft.server.log.segment.size.max = 1048576 (custom)
2019-07-14 11:06:32,905 INFO  server.RaftServerConfigKeys (ConfUtils.java:logGet(43)) - raft.server.log.preallocated.size = 16384 (custom)
2019-07-14 11:06:32,905 INFO  server.RaftServerConfigKeys (ConfUtils.java:logGet(43)) - raft.server.log.write.buffer.size = 33554432 (custom)
2019-07-14 11:06:32,905 INFO  server.RaftServerConfigKeys (ConfUtils.java:logGet(43)) - raft.server.log.force.sync.num = 128 (default)
2019-07-14 11:06:32,906 INFO  server.RaftServerConfigKeys (ConfUtils.java:logGet(43)) - raft.server.log.statemachine.data.sync = true (default)
2019-07-14 11:06:32,906 INFO  server.RaftServerConfigKeys (ConfUtils.java:logGet(43)) - raft.server.log.statemachine.data.sync.timeout = 10s (default)
2019-07-14 11:06:32,906 INFO  server.RaftServerConfigKeys (ConfUtils.java:logGet(43)) - raft.server.log.statemachine.data.sync.timeout.retry = -1 (default)
2019-07-14 11:06:32,906 INFO  server.RaftServerConfigKeys (ConfUtils.java:logGet(43)) - raft.server.log.statemachine.data.caching.enabled = true (custom)
2019-07-14 11:06:32,906 INFO  segmented.SegmentedRaftLogWorker (SegmentedRaftLogWorker.java:lambda$new$0(132)) - 8f16bc0e-88ee-4195-be19-d95d05fb91e0-SegmentedRaftLogWorker:Storage Directory /workdir/hadoop-ozone/integration-test/target/test-dir/MiniOzoneClusterImpl-6e75c1fa-424d-46f5-a8d1-9c8543b80f65/datanode-4/data/ratis/d1f8e5c0-2c7f-4976-8051-82d0b462fd34: flushIndex: setUnconditionally 0 -> -1
2019-07-14 11:06:32,907 INFO  server.RaftServerConfigKeys (ConfUtils.java:logGet(43)) - raft.server.snapshot.auto.trigger.enabled = true (custom)
2019-07-14 11:06:32,907 INFO  server.RaftServerConfigKeys (ConfUtils.java:logGet(43)) - raft.server.snapshot.auto.trigger.threshold = 10000 (custom)
2019-07-14 11:06:32,907 INFO  server.RaftServerConfigKeys (ConfUtils.java:logGet(43)) - raft.server.retrycache.expirytime = 600000ms (custom)
2019-07-14 11:06:32,907 INFO  impl.RaftServerImpl (RaftServerImpl.java:start(180)) - 8f16bc0e-88ee-4195-be19-d95d05fb91e0: start group-82D0B462FD34
2019-07-14 11:06:32,907 INFO  impl.RaftServerImpl (RaftServerImpl.java:setRole(171)) - 8f16bc0e-88ee-4195-be19-d95d05fb91e0:group-82D0B462FD34 changes role from null to FOLLOWER at term 0 for startAsFollower
2019-07-14 11:06:32,908 INFO  impl.RoleInfo (RoleInfo.java:updateAndGet(143)) - 8f16bc0e-88ee-4195-be19-d95d05fb91e0: start FollowerState
2019-07-14 11:06:32,908 INFO  util.JmxRegister (JmxRegister.java:tryRegister(44)) - Successfully registered JMX Bean with object name Ratis:service=RaftServer,group=group-82D0B462FD34,id=8f16bc0e-88ee-4195-be19-d95d05fb91e0
2019-07-14 11:06:32,913 INFO  pipeline.PipelineStateManager (PipelineStateManager.java:addPipeline(56)) - Created pipeline Pipeline[ Id: d1f8e5c0-2c7f-4976-8051-82d0b462fd34, Nodes: 8f16bc0e-88ee-4195-be19-d95d05fb91e0{ip: 192.168.157.209, host: trunk-nightly-fxmrv-2540794721, networkLocation: /default-rack, certSerialId: null}, Type:RATIS, Factor:ONE, State:OPEN]
2019-07-14 11:06:33,071 INFO  node.SCMNodeManager (SCMNodeManager.java:register(269)) - Registered Data node : a2aa11f2-15d8-4e8f-ae5d-f8deb723e1ef{ip: 192.168.157.209, host: trunk-nightly-fxmrv-2540794721, networkLocation: /default-rack, certSerialId: null}
2019-07-14 11:06:33,078 INFO  impl.RaftServerProxy (RaftServerProxy.java:addNew(89)) - a2aa11f2-15d8-4e8f-ae5d-f8deb723e1ef: addNew group-F853C64DCE05:[a2aa11f2-15d8-4e8f-ae5d-f8deb723e1ef:192.168.157.209:35425] returns group-F853C64DCE05:java.util.concurrent.CompletableFuture@4c134ac2[Not completed]
2019-07-14 11:06:33,079 INFO  impl.RaftServerImpl (RaftServerImpl.java:<init>(93)) - a2aa11f2-15d8-4e8f-ae5d-f8deb723e1ef: new RaftServerImpl for group-F853C64DCE05:[a2aa11f2-15d8-4e8f-ae5d-f8deb723e1ef:192.168.157.209:35425] with ContainerStateMachine:uninitialized
2019-07-14 11:06:33,079 INFO  server.RaftServerConfigKeys (ConfUtils.java:logGet(43)) - raft.server.rpc.timeout.min = 5s (custom)
2019-07-14 11:06:33,079 INFO  server.RaftServerConfigKeys (ConfUtils.java:logGet(43)) - raft.server.rpc.timeout.max = 5200ms (custom)
2019-07-14 11:06:33,079 INFO  server.RaftServerConfigKeys (ConfUtils.java:logGet(43)) - raft.server.rpcslowness.timeout = 120s (custom)
2019-07-14 11:06:33,080 INFO  server.RaftServerConfigKeys (ConfUtils.java:logGet(43)) - raft.server.sleep.deviation.threshold = 300 (default)
2019-07-14 11:06:33,080 INFO  server.RaftServerConfigKeys (ConfUtils.java:logGet(43)) - raft.server.log.appender.install.snapshot.enabled = false (custom)
2019-07-14 11:06:33,080 INFO  impl.RaftServerImpl (ServerState.java:<init>(105)) - a2aa11f2-15d8-4e8f-ae5d-f8deb723e1ef:group-F853C64DCE05 ConfigurationManager, init=-1: [a2aa11f2-15d8-4e8f-ae5d-f8deb723e1ef:192.168.157.209:35425], old=null, confs=<EMPTY_MAP>
2019-07-14 11:06:33,080 INFO  server.RaftServerConfigKeys (ConfUtils.java:logGet(43)) - raft.server.storage.dir = [/workdir/hadoop-ozone/integration-test/target/test-dir/MiniOzoneClusterImpl-6e75c1fa-424d-46f5-a8d1-9c8543b80f65/datanode-5/data/ratis] (custom)
2019-07-14 11:06:33,080 INFO  storage.RaftStorageDirectory (RaftStorageDirectory.java:analyzeStorage(246)) - The storage directory /workdir/hadoop-ozone/integration-test/target/test-dir/MiniOzoneClusterImpl-6e75c1fa-424d-46f5-a8d1-9c8543b80f65/datanode-5/data/ratis/a5cc6165-dada-408f-b2c5-f853c64dce05 does not exist. Creating ...
2019-07-14 11:06:33,093 INFO  storage.RaftStorageDirectory (RaftStorageDirectory.java:tryLock(328)) - Lock on /workdir/hadoop-ozone/integration-test/target/test-dir/MiniOzoneClusterImpl-6e75c1fa-424d-46f5-a8d1-9c8543b80f65/datanode-5/data/ratis/a5cc6165-dada-408f-b2c5-f853c64dce05/in_use.lock acquired by nodename 22243@trunk-nightly-fxmrv-2540794721
2019-07-14 11:06:33,108 INFO  storage.RaftStorage (RaftStorage.java:format(72)) - Storage directory /workdir/hadoop-ozone/integration-test/target/test-dir/MiniOzoneClusterImpl-6e75c1fa-424d-46f5-a8d1-9c8543b80f65/datanode-5/data/ratis/a5cc6165-dada-408f-b2c5-f853c64dce05 has been successfully formatted.
2019-07-14 11:06:33,108 INFO  ratis.ContainerStateMachine (ContainerStateMachine.java:loadSnapshot(200)) - group-F853C64DCE05: The snapshot info is null. Setting the last applied indexto:(t:0, i:~)
2019-07-14 11:06:33,108 INFO  server.RaftServerConfigKeys (ConfUtils.java:logGet(43)) - raft.server.leader.election.timeout = 120s (custom)
2019-07-14 11:06:33,108 INFO  server.RaftServerConfigKeys (ConfUtils.java:logGet(43)) - raft.server.log.use.memory = false (default)
2019-07-14 11:06:33,109 INFO  server.RaftServerConfigKeys (ConfUtils.java:logGet(43)) - raft.server.log.purge.gap = 1000000000 (custom)
2019-07-14 11:06:33,109 INFO  server.RaftServerConfigKeys (ConfUtils.java:logGet(43)) - raft.server.log.appender.buffer.byte-limit = 33554432 (custom)
2019-07-14 11:06:33,109 INFO  server.RaftServerConfigKeys (ConfUtils.java:logGet(43)) - raft.server.log.segment.size.max = 1048576 (custom)
2019-07-14 11:06:33,109 INFO  server.RaftServerConfigKeys (ConfUtils.java:logGet(43)) - raft.server.log.segment.cache.num.max = 2 (custom)
2019-07-14 11:06:33,109 INFO  segmented.SegmentedRaftLogWorker (SegmentedRaftLogWorker.java:<init>(172)) - new a2aa11f2-15d8-4e8f-ae5d-f8deb723e1ef-SegmentedRaftLogWorker:Storage Directory /workdir/hadoop-ozone/integration-test/target/test-dir/MiniOzoneClusterImpl-6e75c1fa-424d-46f5-a8d1-9c8543b80f65/datanode-5/data/ratis/a5cc6165-dada-408f-b2c5-f853c64dce05 for RaftStorage:Storage Directory /workdir/hadoop-ozone/integration-test/target/test-dir/MiniOzoneClusterImpl-6e75c1fa-424d-46f5-a8d1-9c8543b80f65/datanode-5/data/ratis/a5cc6165-dada-408f-b2c5-f853c64dce05
2019-07-14 11:06:33,109 INFO  server.RaftServerConfigKeys (ConfUtils.java:logGet(43)) - raft.server.log.queue.byte-limit = 2147483647 (custom)
2019-07-14 11:06:33,109 INFO  server.RaftServerConfigKeys (ConfUtils.java:logGet(43)) - raft.server.log.queue.element-limit = 1024 (custom)
2019-07-14 11:06:33,110 INFO  server.RaftServerConfigKeys (ConfUtils.java:logGet(43)) - raft.server.log.segment.size.max = 1048576 (custom)
2019-07-14 11:06:33,110 INFO  server.RaftServerConfigKeys (ConfUtils.java:logGet(43)) - raft.server.log.preallocated.size = 16384 (custom)
2019-07-14 11:06:33,110 INFO  server.RaftServerConfigKeys (ConfUtils.java:logGet(43)) - raft.server.log.write.buffer.size = 33554432 (custom)
2019-07-14 11:06:33,110 INFO  server.RaftServerConfigKeys (ConfUtils.java:logGet(43)) - raft.server.log.force.sync.num = 128 (default)
2019-07-14 11:06:33,110 INFO  server.RaftServerConfigKeys (ConfUtils.java:logGet(43)) - raft.server.log.statemachine.data.sync = true (default)
2019-07-14 11:06:33,111 INFO  server.RaftServerConfigKeys (ConfUtils.java:logGet(43)) - raft.server.log.statemachine.data.sync.timeout = 10s (default)
2019-07-14 11:06:33,111 INFO  server.RaftServerConfigKeys (ConfUtils.java:logGet(43)) - raft.server.log.statemachine.data.sync.timeout.retry = -1 (default)
2019-07-14 11:06:33,111 INFO  server.RaftServerConfigKeys (ConfUtils.java:logGet(43)) - raft.server.log.statemachine.data.caching.enabled = true (custom)
2019-07-14 11:06:33,111 INFO  segmented.SegmentedRaftLogWorker (SegmentedRaftLogWorker.java:lambda$new$0(132)) - a2aa11f2-15d8-4e8f-ae5d-f8deb723e1ef-SegmentedRaftLogWorker:Storage Directory /workdir/hadoop-ozone/integration-test/target/test-dir/MiniOzoneClusterImpl-6e75c1fa-424d-46f5-a8d1-9c8543b80f65/datanode-5/data/ratis/a5cc6165-dada-408f-b2c5-f853c64dce05: flushIndex: setUnconditionally 0 -> -1
2019-07-14 11:06:33,112 INFO  server.RaftServerConfigKeys (ConfUtils.java:logGet(43)) - raft.server.snapshot.auto.trigger.enabled = true (custom)
2019-07-14 11:06:33,112 INFO  server.RaftServerConfigKeys (ConfUtils.java:logGet(43)) - raft.server.snapshot.auto.trigger.threshold = 10000 (custom)
2019-07-14 11:06:33,112 INFO  server.RaftServerConfigKeys (ConfUtils.java:logGet(43)) - raft.server.retrycache.expirytime = 600000ms (custom)
2019-07-14 11:06:33,112 INFO  impl.RaftServerImpl (RaftServerImpl.java:start(180)) - a2aa11f2-15d8-4e8f-ae5d-f8deb723e1ef: start group-F853C64DCE05
2019-07-14 11:06:33,112 INFO  impl.RaftServerImpl (RaftServerImpl.java:setRole(171)) - a2aa11f2-15d8-4e8f-ae5d-f8deb723e1ef:group-F853C64DCE05 changes role from null to FOLLOWER at term 0 for startAsFollower
2019-07-14 11:06:33,112 INFO  impl.RoleInfo (RoleInfo.java:updateAndGet(143)) - a2aa11f2-15d8-4e8f-ae5d-f8deb723e1ef: start FollowerState
2019-07-14 11:06:33,113 INFO  util.JmxRegister (JmxRegister.java:tryRegister(44)) - Successfully registered JMX Bean with object name Ratis:service=RaftServer,group=group-F853C64DCE05,id=a2aa11f2-15d8-4e8f-ae5d-f8deb723e1ef
2019-07-14 11:06:33,118 INFO  pipeline.PipelineStateManager (PipelineStateManager.java:addPipeline(56)) - Created pipeline Pipeline[ Id: a5cc6165-dada-408f-b2c5-f853c64dce05, Nodes: a2aa11f2-15d8-4e8f-ae5d-f8deb723e1ef{ip: 192.168.157.209, host: trunk-nightly-fxmrv-2540794721, networkLocation: /default-rack, certSerialId: null}, Type:RATIS, Factor:ONE, State:OPEN]
2019-07-14 11:06:33,127 INFO  impl.RaftServerProxy (RaftServerProxy.java:addNew(89)) - d568da82-e7da-4b22-97a5-879c917df10e: addNew group-5718B09F1503:[a2aa11f2-15d8-4e8f-ae5d-f8deb723e1ef:192.168.157.209:35425, 8f16bc0e-88ee-4195-be19-d95d05fb91e0:192.168.157.209:40453, d568da82-e7da-4b22-97a5-879c917df10e:192.168.157.209:38856] returns group-5718B09F1503:java.util.concurrent.CompletableFuture@126d30f1[Not completed]
2019-07-14 11:06:33,128 INFO  impl.RaftServerProxy (RaftServerProxy.java:addNew(89)) - 8f16bc0e-88ee-4195-be19-d95d05fb91e0: addNew group-5718B09F1503:[a2aa11f2-15d8-4e8f-ae5d-f8deb723e1ef:192.168.157.209:35425, 8f16bc0e-88ee-4195-be19-d95d05fb91e0:192.168.157.209:40453, d568da82-e7da-4b22-97a5-879c917df10e:192.168.157.209:38856] returns group-5718B09F1503:java.util.concurrent.CompletableFuture@4d3e627d[Not completed]
2019-07-14 11:06:33,128 INFO  impl.RaftServerProxy (RaftServerProxy.java:addNew(89)) - a2aa11f2-15d8-4e8f-ae5d-f8deb723e1ef: addNew group-5718B09F1503:[a2aa11f2-15d8-4e8f-ae5d-f8deb723e1ef:192.168.157.209:35425, 8f16bc0e-88ee-4195-be19-d95d05fb91e0:192.168.157.209:40453, d568da82-e7da-4b22-97a5-879c917df10e:192.168.157.209:38856] returns group-5718B09F1503:java.util.concurrent.CompletableFuture@8396a92[Not completed]
2019-07-14 11:06:33,128 INFO  impl.RaftServerImpl (RaftServerImpl.java:<init>(93)) - d568da82-e7da-4b22-97a5-879c917df10e: new RaftServerImpl for group-5718B09F1503:[a2aa11f2-15d8-4e8f-ae5d-f8deb723e1ef:192.168.157.209:35425, 8f16bc0e-88ee-4195-be19-d95d05fb91e0:192.168.157.209:40453, d568da82-e7da-4b22-97a5-879c917df10e:192.168.157.209:38856] with ContainerStateMachine:uninitialized
2019-07-14 11:06:33,128 INFO  server.RaftServerConfigKeys (ConfUtils.java:logGet(43)) - raft.server.rpc.timeout.min = 5s (custom)
2019-07-14 11:06:33,129 INFO  server.RaftServerConfigKeys (ConfUtils.java:logGet(43)) - raft.server.rpc.timeout.max = 5200ms (custom)
2019-07-14 11:06:33,129 INFO  server.RaftServerConfigKeys (ConfUtils.java:logGet(43)) - raft.server.rpcslowness.timeout = 120s (custom)
2019-07-14 11:06:33,129 INFO  impl.RaftServerImpl (RaftServerImpl.java:<init>(93)) - 8f16bc0e-88ee-4195-be19-d95d05fb91e0: new RaftServerImpl for group-5718B09F1503:[a2aa11f2-15d8-4e8f-ae5d-f8deb723e1ef:192.168.157.209:35425, 8f16bc0e-88ee-4195-be19-d95d05fb91e0:192.168.157.209:40453, d568da82-e7da-4b22-97a5-879c917df10e:192.168.157.209:38856] with ContainerStateMachine:uninitialized
2019-07-14 11:06:33,129 INFO  server.RaftServerConfigKeys (ConfUtils.java:logGet(43)) - raft.server.sleep.deviation.threshold = 300 (default)
2019-07-14 11:06:33,129 INFO  impl.RaftServerImpl (RaftServerImpl.java:<init>(93)) - a2aa11f2-15d8-4e8f-ae5d-f8deb723e1ef: new RaftServerImpl for group-5718B09F1503:[a2aa11f2-15d8-4e8f-ae5d-f8deb723e1ef:192.168.157.209:35425, 8f16bc0e-88ee-4195-be19-d95d05fb91e0:192.168.157.209:40453, d568da82-e7da-4b22-97a5-879c917df10e:192.168.157.209:38856] with ContainerStateMachine:uninitialized
2019-07-14 11:06:33,129 INFO  server.RaftServerConfigKeys (ConfUtils.java:logGet(43)) - raft.server.rpc.timeout.min = 5s (custom)
2019-07-14 11:06:33,129 INFO  server.RaftServerConfigKeys (ConfUtils.java:logGet(43)) - raft.server.rpc.timeout.min = 5s (custom)
2019-07-14 11:06:33,129 INFO  server.RaftServerConfigKeys (ConfUtils.java:logGet(43)) - raft.server.log.appender.install.snapshot.enabled = false (custom)
2019-07-14 11:06:33,130 INFO  server.RaftServerConfigKeys (ConfUtils.java:logGet(43)) - raft.server.rpc.timeout.max = 5200ms (custom)
2019-07-14 11:06:33,129 INFO  server.RaftServerConfigKeys (ConfUtils.java:logGet(43)) - raft.server.rpc.timeout.max = 5200ms (custom)
2019-07-14 11:06:33,130 INFO  server.RaftServerConfigKeys (ConfUtils.java:logGet(43)) - raft.server.rpcslowness.timeout = 120s (custom)
2019-07-14 11:06:33,130 INFO  impl.RaftServerImpl (ServerState.java:<init>(105)) - d568da82-e7da-4b22-97a5-879c917df10e:group-5718B09F1503 ConfigurationManager, init=-1: [a2aa11f2-15d8-4e8f-ae5d-f8deb723e1ef:192.168.157.209:35425, 8f16bc0e-88ee-4195-be19-d95d05fb91e0:192.168.157.209:40453, d568da82-e7da-4b22-97a5-879c917df10e:192.168.157.209:38856], old=null, confs=<EMPTY_MAP>
2019-07-14 11:06:33,130 INFO  server.RaftServerConfigKeys (ConfUtils.java:logGet(43)) - raft.server.sleep.deviation.threshold = 300 (default)
2019-07-14 11:06:33,130 INFO  server.RaftServerConfigKeys (ConfUtils.java:logGet(43)) - raft.server.rpcslowness.timeout = 120s (custom)
2019-07-14 11:06:33,131 INFO  server.RaftServerConfigKeys (ConfUtils.java:logGet(43)) - raft.server.log.appender.install.snapshot.enabled = false (custom)
2019-07-14 11:06:33,130 INFO  server.RaftServerConfigKeys (ConfUtils.java:logGet(43)) - raft.server.storage.dir = [/workdir/hadoop-ozone/integration-test/target/test-dir/MiniOzoneClusterImpl-6e75c1fa-424d-46f5-a8d1-9c8543b80f65/datanode-3/data/ratis] (custom)
2019-07-14 11:06:33,131 INFO  impl.RaftServerImpl (ServerState.java:<init>(105)) - a2aa11f2-15d8-4e8f-ae5d-f8deb723e1ef:group-5718B09F1503 ConfigurationManager, init=-1: [a2aa11f2-15d8-4e8f-ae5d-f8deb723e1ef:192.168.157.209:35425, 8f16bc0e-88ee-4195-be19-d95d05fb91e0:192.168.157.209:40453, d568da82-e7da-4b22-97a5-879c917df10e:192.168.157.209:38856], old=null, confs=<EMPTY_MAP>
2019-07-14 11:06:33,131 INFO  server.RaftServerConfigKeys (ConfUtils.java:logGet(43)) - raft.server.sleep.deviation.threshold = 300 (default)
2019-07-14 11:06:33,131 INFO  storage.RaftStorageDirectory (RaftStorageDirectory.java:analyzeStorage(246)) - The storage directory /workdir/hadoop-ozone/integration-test/target/test-dir/MiniOzoneClusterImpl-6e75c1fa-424d-46f5-a8d1-9c8543b80f65/datanode-3/data/ratis/aa1b3ba5-055f-4007-a0b2-5718b09f1503 does not exist. Creating ...
2019-07-14 11:06:33,131 INFO  server.RaftServerConfigKeys (ConfUtils.java:logGet(43)) - raft.server.storage.dir = [/workdir/hadoop-ozone/integration-test/target/test-dir/MiniOzoneClusterImpl-6e75c1fa-424d-46f5-a8d1-9c8543b80f65/datanode-5/data/ratis] (custom)
2019-07-14 11:06:33,131 INFO  server.RaftServerConfigKeys (ConfUtils.java:logGet(43)) - raft.server.log.appender.install.snapshot.enabled = false (custom)
2019-07-14 11:06:33,132 INFO  storage.RaftStorageDirectory (RaftStorageDirectory.java:analyzeStorage(246)) - The storage directory /workdir/hadoop-ozone/integration-test/target/test-dir/MiniOzoneClusterImpl-6e75c1fa-424d-46f5-a8d1-9c8543b80f65/datanode-5/data/ratis/aa1b3ba5-055f-4007-a0b2-5718b09f1503 does not exist. Creating ...
2019-07-14 11:06:33,132 INFO  impl.RaftServerImpl (ServerState.java:<init>(105)) - 8f16bc0e-88ee-4195-be19-d95d05fb91e0:group-5718B09F1503 ConfigurationManager, init=-1: [a2aa11f2-15d8-4e8f-ae5d-f8deb723e1ef:192.168.157.209:35425, 8f16bc0e-88ee-4195-be19-d95d05fb91e0:192.168.157.209:40453, d568da82-e7da-4b22-97a5-879c917df10e:192.168.157.209:38856], old=null, confs=<EMPTY_MAP>
2019-07-14 11:06:33,132 INFO  server.RaftServerConfigKeys (ConfUtils.java:logGet(43)) - raft.server.storage.dir = [/workdir/hadoop-ozone/integration-test/target/test-dir/MiniOzoneClusterImpl-6e75c1fa-424d-46f5-a8d1-9c8543b80f65/datanode-4/data/ratis] (custom)
2019-07-14 11:06:33,133 INFO  storage.RaftStorageDirectory (RaftStorageDirectory.java:analyzeStorage(246)) - The storage directory /workdir/hadoop-ozone/integration-test/target/test-dir/MiniOzoneClusterImpl-6e75c1fa-424d-46f5-a8d1-9c8543b80f65/datanode-4/data/ratis/aa1b3ba5-055f-4007-a0b2-5718b09f1503 does not exist. Creating ...
2019-07-14 11:06:33,146 INFO  storage.RaftStorageDirectory (RaftStorageDirectory.java:tryLock(328)) - Lock on /workdir/hadoop-ozone/integration-test/target/test-dir/MiniOzoneClusterImpl-6e75c1fa-424d-46f5-a8d1-9c8543b80f65/datanode-3/data/ratis/aa1b3ba5-055f-4007-a0b2-5718b09f1503/in_use.lock acquired by nodename 22243@trunk-nightly-fxmrv-2540794721
2019-07-14 11:06:33,146 INFO  storage.RaftStorageDirectory (RaftStorageDirectory.java:tryLock(328)) - Lock on /workdir/hadoop-ozone/integration-test/target/test-dir/MiniOzoneClusterImpl-6e75c1fa-424d-46f5-a8d1-9c8543b80f65/datanode-5/data/ratis/aa1b3ba5-055f-4007-a0b2-5718b09f1503/in_use.lock acquired by nodename 22243@trunk-nightly-fxmrv-2540794721
2019-07-14 11:06:33,146 INFO  storage.RaftStorageDirectory (RaftStorageDirectory.java:tryLock(328)) - Lock on /workdir/hadoop-ozone/integration-test/target/test-dir/MiniOzoneClusterImpl-6e75c1fa-424d-46f5-a8d1-9c8543b80f65/datanode-4/data/ratis/aa1b3ba5-055f-4007-a0b2-5718b09f1503/in_use.lock acquired by nodename 22243@trunk-nightly-fxmrv-2540794721
2019-07-14 11:06:33,160 INFO  storage.RaftStorage (RaftStorage.java:format(72)) - Storage directory /workdir/hadoop-ozone/integration-test/target/test-dir/MiniOzoneClusterImpl-6e75c1fa-424d-46f5-a8d1-9c8543b80f65/datanode-3/data/ratis/aa1b3ba5-055f-4007-a0b2-5718b09f1503 has been successfully formatted.
2019-07-14 11:06:33,160 INFO  storage.RaftStorage (RaftStorage.java:format(72)) - Storage directory /workdir/hadoop-ozone/integration-test/target/test-dir/MiniOzoneClusterImpl-6e75c1fa-424d-46f5-a8d1-9c8543b80f65/datanode-4/data/ratis/aa1b3ba5-055f-4007-a0b2-5718b09f1503 has been successfully formatted.
2019-07-14 11:06:33,160 INFO  storage.RaftStorage (RaftStorage.java:format(72)) - Storage directory /workdir/hadoop-ozone/integration-test/target/test-dir/MiniOzoneClusterImpl-6e75c1fa-424d-46f5-a8d1-9c8543b80f65/datanode-5/data/ratis/aa1b3ba5-055f-4007-a0b2-5718b09f1503 has been successfully formatted.
2019-07-14 11:06:33,160 INFO  ratis.ContainerStateMachine (ContainerStateMachine.java:loadSnapshot(200)) - group-5718B09F1503: The snapshot info is null. Setting the last applied indexto:(t:0, i:~)
2019-07-14 11:06:33,161 INFO  ratis.ContainerStateMachine (ContainerStateMachine.java:loadSnapshot(200)) - group-5718B09F1503: The snapshot info is null. Setting the last applied indexto:(t:0, i:~)
2019-07-14 11:06:33,160 INFO  ratis.ContainerStateMachine (ContainerStateMachine.java:loadSnapshot(200)) - group-5718B09F1503: The snapshot info is null. Setting the last applied indexto:(t:0, i:~)
2019-07-14 11:06:33,161 INFO  server.RaftServerConfigKeys (ConfUtils.java:logGet(43)) - raft.server.leader.election.timeout = 120s (custom)
2019-07-14 11:06:33,161 INFO  server.RaftServerConfigKeys (ConfUtils.java:logGet(43)) - raft.server.leader.election.timeout = 120s (custom)
2019-07-14 11:06:33,161 INFO  server.RaftServerConfigKeys (ConfUtils.java:logGet(43)) - raft.server.log.use.memory = false (default)
2019-07-14 11:06:33,161 INFO  server.RaftServerConfigKeys (ConfUtils.java:logGet(43)) - raft.server.leader.election.timeout = 120s (custom)
2019-07-14 11:06:33,161 INFO  server.RaftServerConfigKeys (ConfUtils.java:logGet(43)) - raft.server.log.purge.gap = 1000000000 (custom)
2019-07-14 11:06:33,162 INFO  server.RaftServerConfigKeys (ConfUtils.java:logGet(43)) - raft.server.log.appender.buffer.byte-limit = 33554432 (custom)
2019-07-14 11:06:33,161 INFO  server.RaftServerConfigKeys (ConfUtils.java:logGet(43)) - raft.server.log.use.memory = false (default)
2019-07-14 11:06:33,162 INFO  server.RaftServerConfigKeys (ConfUtils.java:logGet(43)) - raft.server.log.segment.size.max = 1048576 (custom)
2019-07-14 11:06:33,161 INFO  server.RaftServerConfigKeys (ConfUtils.java:logGet(43)) - raft.server.log.use.memory = false (default)
2019-07-14 11:06:33,162 INFO  server.RaftServerConfigKeys (ConfUtils.java:logGet(43)) - raft.server.log.segment.cache.num.max = 2 (custom)
2019-07-14 11:06:33,162 INFO  server.RaftServerConfigKeys (ConfUtils.java:logGet(43)) - raft.server.log.purge.gap = 1000000000 (custom)
2019-07-14 11:06:33,162 INFO  segmented.SegmentedRaftLogWorker (SegmentedRaftLogWorker.java:<init>(172)) - new a2aa11f2-15d8-4e8f-ae5d-f8deb723e1ef-SegmentedRaftLogWorker:Storage Directory /workdir/hadoop-ozone/integration-test/target/test-dir/MiniOzoneClusterImpl-6e75c1fa-424d-46f5-a8d1-9c8543b80f65/datanode-5/data/ratis/aa1b3ba5-055f-4007-a0b2-5718b09f1503 for RaftStorage:Storage Directory /workdir/hadoop-ozone/integration-test/target/test-dir/MiniOzoneClusterImpl-6e75c1fa-424d-46f5-a8d1-9c8543b80f65/datanode-5/data/ratis/aa1b3ba5-055f-4007-a0b2-5718b09f1503
2019-07-14 11:06:33,162 INFO  server.RaftServerConfigKeys (ConfUtils.java:logGet(43)) - raft.server.log.purge.gap = 1000000000 (custom)
2019-07-14 11:06:33,163 INFO  server.RaftServerConfigKeys (ConfUtils.java:logGet(43)) - raft.server.log.queue.byte-limit = 2147483647 (custom)
2019-07-14 11:06:33,163 INFO  server.RaftServerConfigKeys (ConfUtils.java:logGet(43)) - raft.server.log.appender.buffer.byte-limit = 33554432 (custom)
2019-07-14 11:06:33,163 INFO  server.RaftServerConfigKeys (ConfUtils.java:logGet(43)) - raft.server.log.queue.element-limit = 1024 (custom)
2019-07-14 11:06:33,163 INFO  server.RaftServerConfigKeys (ConfUtils.java:logGet(43)) - raft.server.log.appender.buffer.byte-limit = 33554432 (custom)
2019-07-14 11:06:33,163 INFO  server.RaftServerConfigKeys (ConfUtils.java:logGet(43)) - raft.server.log.segment.size.max = 1048576 (custom)
2019-07-14 11:06:33,163 INFO  server.RaftServerConfigKeys (ConfUtils.java:logGet(43)) - raft.server.log.segment.size.max = 1048576 (custom)
2019-07-14 11:06:33,164 INFO  server.RaftServerConfigKeys (ConfUtils.java:logGet(43)) - raft.server.log.preallocated.size = 16384 (custom)
2019-07-14 11:06:33,163 INFO  server.RaftServerConfigKeys (ConfUtils.java:logGet(43)) - raft.server.log.segment.size.max = 1048576 (custom)
2019-07-14 11:06:33,164 INFO  server.RaftServerConfigKeys (ConfUtils.java:logGet(43)) - raft.server.log.write.buffer.size = 33554432 (custom)
2019-07-14 11:06:33,164 INFO  server.RaftServerConfigKeys (ConfUtils.java:logGet(43)) - raft.server.log.force.sync.num = 128 (default)
2019-07-14 11:06:33,164 INFO  server.RaftServerConfigKeys (ConfUtils.java:logGet(43)) - raft.server.log.segment.cache.num.max = 2 (custom)
2019-07-14 11:06:33,164 INFO  server.RaftServerConfigKeys (ConfUtils.java:logGet(43)) - raft.server.log.statemachine.data.sync = true (default)
2019-07-14 11:06:33,164 INFO  server.RaftServerConfigKeys (ConfUtils.java:logGet(43)) - raft.server.log.segment.cache.num.max = 2 (custom)
2019-07-14 11:06:33,165 INFO  server.RaftServerConfigKeys (ConfUtils.java:logGet(43)) - raft.server.log.statemachine.data.sync.timeout = 10s (default)
2019-07-14 11:06:33,165 INFO  server.RaftServerConfigKeys (ConfUtils.java:logGet(43)) - raft.server.log.statemachine.data.sync.timeout.retry = -1 (default)
2019-07-14 11:06:33,165 INFO  segmented.SegmentedRaftLogWorker (SegmentedRaftLogWorker.java:<init>(172)) - new 8f16bc0e-88ee-4195-be19-d95d05fb91e0-SegmentedRaftLogWorker:Storage Directory /workdir/hadoop-ozone/integration-test/target/test-dir/MiniOzoneClusterImpl-6e75c1fa-424d-46f5-a8d1-9c8543b80f65/datanode-4/data/ratis/aa1b3ba5-055f-4007-a0b2-5718b09f1503 for RaftStorage:Storage Directory /workdir/hadoop-ozone/integration-test/target/test-dir/MiniOzoneClusterImpl-6e75c1fa-424d-46f5-a8d1-9c8543b80f65/datanode-4/data/ratis/aa1b3ba5-055f-4007-a0b2-5718b09f1503
2019-07-14 11:06:33,165 INFO  server.RaftServerConfigKeys (ConfUtils.java:logGet(43)) - raft.server.log.statemachine.data.caching.enabled = true (custom)
2019-07-14 11:06:33,165 INFO  segmented.SegmentedRaftLogWorker (SegmentedRaftLogWorker.java:<init>(172)) - new d568da82-e7da-4b22-97a5-879c917df10e-SegmentedRaftLogWorker:Storage Directory /workdir/hadoop-ozone/integration-test/target/test-dir/MiniOzoneClusterImpl-6e75c1fa-424d-46f5-a8d1-9c8543b80f65/datanode-3/data/ratis/aa1b3ba5-055f-4007-a0b2-5718b09f1503 for RaftStorage:Storage Directory /workdir/hadoop-ozone/integration-test/target/test-dir/MiniOzoneClusterImpl-6e75c1fa-424d-46f5-a8d1-9c8543b80f65/datanode-3/data/ratis/aa1b3ba5-055f-4007-a0b2-5718b09f1503
2019-07-14 11:06:33,165 INFO  server.RaftServerConfigKeys (ConfUtils.java:logGet(43)) - raft.server.log.queue.byte-limit = 2147483647 (custom)
2019-07-14 11:06:33,166 INFO  segmented.SegmentedRaftLogWorker (SegmentedRaftLogWorker.java:lambda$new$0(132)) - a2aa11f2-15d8-4e8f-ae5d-f8deb723e1ef-SegmentedRaftLogWorker:Storage Directory /workdir/hadoop-ozone/integration-test/target/test-dir/MiniOzoneClusterImpl-6e75c1fa-424d-46f5-a8d1-9c8543b80f65/datanode-5/data/ratis/aa1b3ba5-055f-4007-a0b2-5718b09f1503: flushIndex: setUnconditionally 0 -> -1
2019-07-14 11:06:33,166 INFO  server.RaftServerConfigKeys (ConfUtils.java:logGet(43)) - raft.server.log.queue.byte-limit = 2147483647 (custom)
2019-07-14 11:06:33,166 INFO  server.RaftServerConfigKeys (ConfUtils.java:logGet(43)) - raft.server.log.queue.element-limit = 1024 (custom)
2019-07-14 11:06:33,166 INFO  server.RaftServerConfigKeys (ConfUtils.java:logGet(43)) - raft.server.snapshot.auto.trigger.enabled = true (custom)
2019-07-14 11:06:33,166 INFO  server.RaftServerConfigKeys (ConfUtils.java:logGet(43)) - raft.server.log.queue.element-limit = 1024 (custom)
2019-07-14 11:06:33,167 INFO  server.RaftServerConfigKeys (ConfUtils.java:logGet(43)) - raft.server.snapshot.auto.trigger.threshold = 10000 (custom)
2019-07-14 11:06:33,166 INFO  server.RaftServerConfigKeys (ConfUtils.java:logGet(43)) - raft.server.log.segment.size.max = 1048576 (custom)
2019-07-14 11:06:33,167 INFO  server.RaftServerConfigKeys (ConfUtils.java:logGet(43)) - raft.server.retrycache.expirytime = 600000ms (custom)
2019-07-14 11:06:33,167 INFO  server.RaftServerConfigKeys (ConfUtils.java:logGet(43)) - raft.server.log.segment.size.max = 1048576 (custom)
2019-07-14 11:06:33,167 INFO  impl.RaftServerImpl (RaftServerImpl.java:start(180)) - a2aa11f2-15d8-4e8f-ae5d-f8deb723e1ef: start group-5718B09F1503
2019-07-14 11:06:33,167 INFO  server.RaftServerConfigKeys (ConfUtils.java:logGet(43)) - raft.server.log.preallocated.size = 16384 (custom)
2019-07-14 11:06:33,168 INFO  impl.RaftServerImpl (RaftServerImpl.java:setRole(171)) - a2aa11f2-15d8-4e8f-ae5d-f8deb723e1ef:group-5718B09F1503 changes role from null to FOLLOWER at term 0 for startAsFollower
2019-07-14 11:06:33,167 INFO  server.RaftServerConfigKeys (ConfUtils.java:logGet(43)) - raft.server.log.preallocated.size = 16384 (custom)
2019-07-14 11:06:33,168 INFO  impl.RoleInfo (RoleInfo.java:updateAndGet(143)) - a2aa11f2-15d8-4e8f-ae5d-f8deb723e1ef: start FollowerState
2019-07-14 11:06:33,168 INFO  server.RaftServerConfigKeys (ConfUtils.java:logGet(43)) - raft.server.log.write.buffer.size = 33554432 (custom)
2019-07-14 11:06:33,168 INFO  server.RaftServerConfigKeys (ConfUtils.java:logGet(43)) - raft.server.log.write.buffer.size = 33554432 (custom)
2019-07-14 11:06:33,168 INFO  server.RaftServerConfigKeys (ConfUtils.java:logGet(43)) - raft.server.log.force.sync.num = 128 (default)
2019-07-14 11:06:33,168 INFO  util.JmxRegister (JmxRegister.java:tryRegister(44)) - Successfully registered JMX Bean with object name Ratis:service=RaftServer,group=group-5718B09F1503,id=a2aa11f2-15d8-4e8f-ae5d-f8deb723e1ef
2019-07-14 11:06:33,168 INFO  server.RaftServerConfigKeys (ConfUtils.java:logGet(43)) - raft.server.log.force.sync.num = 128 (default)
2019-07-14 11:06:33,169 INFO  server.RaftServerConfigKeys (ConfUtils.java:logGet(43)) - raft.server.log.statemachine.data.sync = true (default)
2019-07-14 11:06:33,169 INFO  server.RaftServerConfigKeys (ConfUtils.java:logGet(43)) - raft.server.log.statemachine.data.sync = true (default)
2019-07-14 11:06:33,169 INFO  server.RaftServerConfigKeys (ConfUtils.java:logGet(43)) - raft.server.log.statemachine.data.sync.timeout = 10s (default)
2019-07-14 11:06:33,169 INFO  server.RaftServerConfigKeys (ConfUtils.java:logGet(43)) - raft.server.log.statemachine.data.sync.timeout = 10s (default)
2019-07-14 11:06:33,169 INFO  server.RaftServerConfigKeys (ConfUtils.java:logGet(43)) - raft.server.log.statemachine.data.sync.timeout.retry = -1 (default)
2019-07-14 11:06:33,170 INFO  server.RaftServerConfigKeys (ConfUtils.java:logGet(43)) - raft.server.log.statemachine.data.sync.timeout.retry = -1 (default)
2019-07-14 11:06:33,170 INFO  server.RaftServerConfigKeys (ConfUtils.java:logGet(43)) - raft.server.log.statemachine.data.caching.enabled = true (custom)
2019-07-14 11:06:33,173 INFO  server.RaftServerConfigKeys (ConfUtils.java:logGet(43)) - raft.server.log.statemachine.data.caching.enabled = true (custom)
2019-07-14 11:06:33,173 INFO  segmented.SegmentedRaftLogWorker (SegmentedRaftLogWorker.java:lambda$new$0(132)) - 8f16bc0e-88ee-4195-be19-d95d05fb91e0-SegmentedRaftLogWorker:Storage Directory /workdir/hadoop-ozone/integration-test/target/test-dir/MiniOzoneClusterImpl-6e75c1fa-424d-46f5-a8d1-9c8543b80f65/datanode-4/data/ratis/aa1b3ba5-055f-4007-a0b2-5718b09f1503: flushIndex: setUnconditionally 0 -> -1
2019-07-14 11:06:33,173 INFO  segmented.SegmentedRaftLogWorker (SegmentedRaftLogWorker.java:lambda$new$0(132)) - d568da82-e7da-4b22-97a5-879c917df10e-SegmentedRaftLogWorker:Storage Directory /workdir/hadoop-ozone/integration-test/target/test-dir/MiniOzoneClusterImpl-6e75c1fa-424d-46f5-a8d1-9c8543b80f65/datanode-3/data/ratis/aa1b3ba5-055f-4007-a0b2-5718b09f1503: flushIndex: setUnconditionally 0 -> -1
2019-07-14 11:06:33,174 INFO  server.RaftServerConfigKeys (ConfUtils.java:logGet(43)) - raft.server.snapshot.auto.trigger.enabled = true (custom)
2019-07-14 11:06:33,174 INFO  server.RaftServerConfigKeys (ConfUtils.java:logGet(43)) - raft.server.snapshot.auto.trigger.threshold = 10000 (custom)
2019-07-14 11:06:33,174 INFO  server.RaftServerConfigKeys (ConfUtils.java:logGet(43)) - raft.server.snapshot.auto.trigger.enabled = true (custom)
2019-07-14 11:06:33,174 INFO  server.RaftServerConfigKeys (ConfUtils.java:logGet(43)) - raft.server.retrycache.expirytime = 600000ms (custom)
2019-07-14 11:06:33,174 INFO  server.RaftServerConfigKeys (ConfUtils.java:logGet(43)) - raft.server.snapshot.auto.trigger.threshold = 10000 (custom)
2019-07-14 11:06:33,174 INFO  impl.RaftServerImpl (RaftServerImpl.java:start(180)) - 8f16bc0e-88ee-4195-be19-d95d05fb91e0: start group-5718B09F1503
2019-07-14 11:06:33,174 INFO  server.RaftServerConfigKeys (ConfUtils.java:logGet(43)) - raft.server.retrycache.expirytime = 600000ms (custom)
2019-07-14 11:06:33,174 INFO  impl.RaftServerImpl (RaftServerImpl.java:setRole(171)) - 8f16bc0e-88ee-4195-be19-d95d05fb91e0:group-5718B09F1503 changes role from null to FOLLOWER at term 0 for startAsFollower
2019-07-14 11:06:33,175 INFO  impl.RaftServerImpl (RaftServerImpl.java:start(180)) - d568da82-e7da-4b22-97a5-879c917df10e: start group-5718B09F1503
2019-07-14 11:06:33,175 INFO  impl.RoleInfo (RoleInfo.java:updateAndGet(143)) - 8f16bc0e-88ee-4195-be19-d95d05fb91e0: start FollowerState
2019-07-14 11:06:33,175 INFO  impl.RaftServerImpl (RaftServerImpl.java:setRole(171)) - d568da82-e7da-4b22-97a5-879c917df10e:group-5718B09F1503 changes role from null to FOLLOWER at term 0 for startAsFollower
2019-07-14 11:06:33,175 INFO  impl.RoleInfo (RoleInfo.java:updateAndGet(143)) - d568da82-e7da-4b22-97a5-879c917df10e: start FollowerState
2019-07-14 11:06:33,175 INFO  util.JmxRegister (JmxRegister.java:tryRegister(44)) - Successfully registered JMX Bean with object name Ratis:service=RaftServer,group=group-5718B09F1503,id=8f16bc0e-88ee-4195-be19-d95d05fb91e0
2019-07-14 11:06:33,175 INFO  util.JmxRegister (JmxRegister.java:tryRegister(44)) - Successfully registered JMX Bean with object name Ratis:service=RaftServer,group=group-5718B09F1503,id=d568da82-e7da-4b22-97a5-879c917df10e
2019-07-14 11:06:33,183 INFO  pipeline.PipelineStateManager (PipelineStateManager.java:addPipeline(56)) - Created pipeline Pipeline[ Id: aa1b3ba5-055f-4007-a0b2-5718b09f1503, Nodes: a2aa11f2-15d8-4e8f-ae5d-f8deb723e1ef{ip: 192.168.157.209, host: trunk-nightly-fxmrv-2540794721, networkLocation: /default-rack, certSerialId: null}d568da82-e7da-4b22-97a5-879c917df10e{ip: 192.168.157.209, host: trunk-nightly-fxmrv-2540794721, networkLocation: /default-rack, certSerialId: null}8f16bc0e-88ee-4195-be19-d95d05fb91e0{ip: 192.168.157.209, host: trunk-nightly-fxmrv-2540794721, networkLocation: /default-rack, certSerialId: null}, Type:RATIS, Factor:THREE, State:OPEN]
2019-07-14 11:06:33,296 INFO  ozone.MiniOzoneClusterImpl (MiniOzoneClusterImpl.java:lambda$waitForClusterToBeReady$0(142)) - Waiting for cluster to be ready. Got 6 of 7 DN Heartbeats.
2019-07-14 11:06:33,302 INFO  node.SCMNodeManager (SCMNodeManager.java:register(269)) - Registered Data node : f1f659bf-5111-4acf-8d63-99abce61f0a8{ip: 192.168.157.209, host: trunk-nightly-fxmrv-2540794721, networkLocation: /default-rack, certSerialId: null}
2019-07-14 11:06:33,319 INFO  impl.RaftServerProxy (RaftServerProxy.java:addNew(89)) - f1f659bf-5111-4acf-8d63-99abce61f0a8: addNew group-A99DE945A33A:[f1f659bf-5111-4acf-8d63-99abce61f0a8:192.168.157.209:38166] returns group-A99DE945A33A:java.util.concurrent.CompletableFuture@4cedca83[Not completed]
2019-07-14 11:06:33,320 INFO  impl.RaftServerImpl (RaftServerImpl.java:<init>(93)) - f1f659bf-5111-4acf-8d63-99abce61f0a8: new RaftServerImpl for group-A99DE945A33A:[f1f659bf-5111-4acf-8d63-99abce61f0a8:192.168.157.209:38166] with ContainerStateMachine:uninitialized
2019-07-14 11:06:33,320 INFO  server.RaftServerConfigKeys (ConfUtils.java:logGet(43)) - raft.server.rpc.timeout.min = 5s (custom)
2019-07-14 11:06:33,320 INFO  server.RaftServerConfigKeys (ConfUtils.java:logGet(43)) - raft.server.rpc.timeout.max = 5200ms (custom)
2019-07-14 11:06:33,320 INFO  server.RaftServerConfigKeys (ConfUtils.java:logGet(43)) - raft.server.rpcslowness.timeout = 120s (custom)
2019-07-14 11:06:33,321 INFO  server.RaftServerConfigKeys (ConfUtils.java:logGet(43)) - raft.server.sleep.deviation.threshold = 300 (default)
2019-07-14 11:06:33,321 INFO  server.RaftServerConfigKeys (ConfUtils.java:logGet(43)) - raft.server.log.appender.install.snapshot.enabled = false (custom)
2019-07-14 11:06:33,321 INFO  impl.RaftServerImpl (ServerState.java:<init>(105)) - f1f659bf-5111-4acf-8d63-99abce61f0a8:group-A99DE945A33A ConfigurationManager, init=-1: [f1f659bf-5111-4acf-8d63-99abce61f0a8:192.168.157.209:38166], old=null, confs=<EMPTY_MAP>
2019-07-14 11:06:33,321 INFO  server.RaftServerConfigKeys (ConfUtils.java:logGet(43)) - raft.server.storage.dir = [/workdir/hadoop-ozone/integration-test/target/test-dir/MiniOzoneClusterImpl-6e75c1fa-424d-46f5-a8d1-9c8543b80f65/datanode-6/data/ratis] (custom)
2019-07-14 11:06:33,321 INFO  storage.RaftStorageDirectory (RaftStorageDirectory.java:analyzeStorage(246)) - The storage directory /workdir/hadoop-ozone/integration-test/target/test-dir/MiniOzoneClusterImpl-6e75c1fa-424d-46f5-a8d1-9c8543b80f65/datanode-6/data/ratis/8cbf8a43-2cf2-488f-8b8e-a99de945a33a does not exist. Creating ...
2019-07-14 11:06:33,335 INFO  storage.RaftStorageDirectory (RaftStorageDirectory.java:tryLock(328)) - Lock on /workdir/hadoop-ozone/integration-test/target/test-dir/MiniOzoneClusterImpl-6e75c1fa-424d-46f5-a8d1-9c8543b80f65/datanode-6/data/ratis/8cbf8a43-2cf2-488f-8b8e-a99de945a33a/in_use.lock acquired by nodename 22243@trunk-nightly-fxmrv-2540794721
2019-07-14 11:06:33,353 INFO  storage.RaftStorage (RaftStorage.java:format(72)) - Storage directory /workdir/hadoop-ozone/integration-test/target/test-dir/MiniOzoneClusterImpl-6e75c1fa-424d-46f5-a8d1-9c8543b80f65/datanode-6/data/ratis/8cbf8a43-2cf2-488f-8b8e-a99de945a33a has been successfully formatted.
2019-07-14 11:06:33,354 INFO  ratis.ContainerStateMachine (ContainerStateMachine.java:loadSnapshot(200)) - group-A99DE945A33A: The snapshot info is null. Setting the last applied indexto:(t:0, i:~)
2019-07-14 11:06:33,354 INFO  server.RaftServerConfigKeys (ConfUtils.java:logGet(43)) - raft.server.leader.election.timeout = 120s (custom)
2019-07-14 11:06:33,354 INFO  server.RaftServerConfigKeys (ConfUtils.java:logGet(43)) - raft.server.log.use.memory = false (default)
2019-07-14 11:06:33,354 INFO  server.RaftServerConfigKeys (ConfUtils.java:logGet(43)) - raft.server.log.purge.gap = 1000000000 (custom)
2019-07-14 11:06:33,354 INFO  server.RaftServerConfigKeys (ConfUtils.java:logGet(43)) - raft.server.log.appender.buffer.byte-limit = 33554432 (custom)
2019-07-14 11:06:33,354 INFO  server.RaftServerConfigKeys (ConfUtils.java:logGet(43)) - raft.server.log.segment.size.max = 1048576 (custom)
2019-07-14 11:06:33,355 INFO  server.RaftServerConfigKeys (ConfUtils.java:logGet(43)) - raft.server.log.segment.cache.num.max = 2 (custom)
2019-07-14 11:06:33,355 INFO  segmented.SegmentedRaftLogWorker (SegmentedRaftLogWorker.java:<init>(172)) - new f1f659bf-5111-4acf-8d63-99abce61f0a8-SegmentedRaftLogWorker:Storage Directory /workdir/hadoop-ozone/integration-test/target/test-dir/MiniOzoneClusterImpl-6e75c1fa-424d-46f5-a8d1-9c8543b80f65/datanode-6/data/ratis/8cbf8a43-2cf2-488f-8b8e-a99de945a33a for RaftStorage:Storage Directory /workdir/hadoop-ozone/integration-test/target/test-dir/MiniOzoneClusterImpl-6e75c1fa-424d-46f5-a8d1-9c8543b80f65/datanode-6/data/ratis/8cbf8a43-2cf2-488f-8b8e-a99de945a33a
2019-07-14 11:06:33,355 INFO  server.RaftServerConfigKeys (ConfUtils.java:logGet(43)) - raft.server.log.queue.byte-limit = 2147483647 (custom)
2019-07-14 11:06:33,355 INFO  server.RaftServerConfigKeys (ConfUtils.java:logGet(43)) - raft.server.log.queue.element-limit = 1024 (custom)
2019-07-14 11:06:33,355 INFO  server.RaftServerConfigKeys (ConfUtils.java:logGet(43)) - raft.server.log.segment.size.max = 1048576 (custom)
2019-07-14 11:06:33,355 INFO  server.RaftServerConfigKeys (ConfUtils.java:logGet(43)) - raft.server.log.preallocated.size = 16384 (custom)
2019-07-14 11:06:33,356 INFO  server.RaftServerConfigKeys (ConfUtils.java:logGet(43)) - raft.server.log.write.buffer.size = 33554432 (custom)
2019-07-14 11:06:33,356 INFO  server.RaftServerConfigKeys (ConfUtils.java:logGet(43)) - raft.server.log.force.sync.num = 128 (default)
2019-07-14 11:06:33,356 INFO  server.RaftServerConfigKeys (ConfUtils.java:logGet(43)) - raft.server.log.statemachine.data.sync = true (default)
2019-07-14 11:06:33,356 INFO  server.RaftServerConfigKeys (ConfUtils.java:logGet(43)) - raft.server.log.statemachine.data.sync.timeout = 10s (default)
2019-07-14 11:06:33,356 INFO  server.RaftServerConfigKeys (ConfUtils.java:logGet(43)) - raft.server.log.statemachine.data.sync.timeout.retry = -1 (default)
2019-07-14 11:06:33,357 INFO  server.RaftServerConfigKeys (ConfUtils.java:logGet(43)) - raft.server.log.statemachine.data.caching.enabled = true (custom)
2019-07-14 11:06:33,357 INFO  segmented.SegmentedRaftLogWorker (SegmentedRaftLogWorker.java:lambda$new$0(132)) - f1f659bf-5111-4acf-8d63-99abce61f0a8-SegmentedRaftLogWorker:Storage Directory /workdir/hadoop-ozone/integration-test/target/test-dir/MiniOzoneClusterImpl-6e75c1fa-424d-46f5-a8d1-9c8543b80f65/datanode-6/data/ratis/8cbf8a43-2cf2-488f-8b8e-a99de945a33a: flushIndex: setUnconditionally 0 -> -1
2019-07-14 11:06:33,357 INFO  server.RaftServerConfigKeys (ConfUtils.java:logGet(43)) - raft.server.snapshot.auto.trigger.enabled = true (custom)
2019-07-14 11:06:33,357 INFO  server.RaftServerConfigKeys (ConfUtils.java:logGet(43)) - raft.server.snapshot.auto.trigger.threshold = 10000 (custom)
2019-07-14 11:06:33,358 INFO  server.RaftServerConfigKeys (ConfUtils.java:logGet(43)) - raft.server.retrycache.expirytime = 600000ms (custom)
2019-07-14 11:06:33,358 INFO  impl.RaftServerImpl (RaftServerImpl.java:start(180)) - f1f659bf-5111-4acf-8d63-99abce61f0a8: start group-A99DE945A33A
2019-07-14 11:06:33,358 INFO  impl.RaftServerImpl (RaftServerImpl.java:setRole(171)) - f1f659bf-5111-4acf-8d63-99abce61f0a8:group-A99DE945A33A changes role from null to FOLLOWER at term 0 for startAsFollower
2019-07-14 11:06:33,358 INFO  impl.RoleInfo (RoleInfo.java:updateAndGet(143)) - f1f659bf-5111-4acf-8d63-99abce61f0a8: start FollowerState
2019-07-14 11:06:33,359 INFO  util.JmxRegister (JmxRegister.java:tryRegister(44)) - Successfully registered JMX Bean with object name Ratis:service=RaftServer,group=group-A99DE945A33A,id=f1f659bf-5111-4acf-8d63-99abce61f0a8
2019-07-14 11:06:33,364 INFO  pipeline.PipelineStateManager (PipelineStateManager.java:addPipeline(56)) - Created pipeline Pipeline[ Id: 8cbf8a43-2cf2-488f-8b8e-a99de945a33a, Nodes: f1f659bf-5111-4acf-8d63-99abce61f0a8{ip: 192.168.157.209, host: trunk-nightly-fxmrv-2540794721, networkLocation: /default-rack, certSerialId: null}, Type:RATIS, Factor:ONE, State:OPEN]
2019-07-14 11:06:34,296 INFO  ozone.MiniOzoneClusterImpl (MiniOzoneClusterImpl.java:lambda$waitForClusterToBeReady$0(142)) - Cluster is ready. Got 7 of 7 DN Heartbeats.
2019-07-14 11:06:34,336 INFO  rpc.RpcClient (RpcClient.java:createVolume(287)) - Creating Volume: testblockoutputstream, with jenkins1000 as owner.
2019-07-14 11:06:34,359 INFO  rpc.RpcClient (RpcClient.java:createBucket(424)) - Creating Bucket: testblockoutputstream/testblockoutputstream, with Versioning false and Storage Type set to DISK and Encryption set to false 
2019-07-14 11:06:34,389 INFO  client.GrpcClientProtocolClient (GrpcClientProtocolClient.java:onNext(255)) - client-325A5717FBC5->f1f659bf-5111-4acf-8d63-99abce61f0a8: receive RaftClientReply:client-325A5717FBC5->f1f659bf-5111-4acf-8d63-99abce61f0a8@group-A99DE945A33A, cid=148, FAILED org.apache.ratis.protocol.NotLeaderException: Server f1f659bf-5111-4acf-8d63-99abce61f0a8 is not the leader (null). Request must be sent to leader., logIndex=0, commits[f1f659bf-5111-4acf-8d63-99abce61f0a8:c-1]
2019-07-14 11:06:35,218 INFO  container.ReplicationManager (ReplicationManager.java:start(155)) - Starting Replication Monitor Thread.
2019-07-14 11:06:35,222 INFO  container.ReplicationManager (ReplicationManager.java:run(207)) - Replication Monitor Thread took 1 milliseconds for processing 1 containers.
2019-07-14 11:06:36,406 INFO  client.GrpcClientProtocolClient (GrpcClientProtocolClient.java:onNext(255)) - client-325A5717FBC5->f1f659bf-5111-4acf-8d63-99abce61f0a8: receive RaftClientReply:client-325A5717FBC5->f1f659bf-5111-4acf-8d63-99abce61f0a8@group-A99DE945A33A, cid=148, FAILED org.apache.ratis.protocol.NotLeaderException: Server f1f659bf-5111-4acf-8d63-99abce61f0a8 is not the leader (null). Request must be sent to leader., logIndex=0, commits[f1f659bf-5111-4acf-8d63-99abce61f0a8:c-1]
2019-07-14 11:06:37,303 INFO  impl.FollowerState (FollowerState.java:run(106)) - b1b58167-0653-4ac7-b98f-8cf4c84ad666:group-B5A9C907BED8 changes to CANDIDATE, lastRpcTime:5009, electionTimeout:5009ms
2019-07-14 11:06:37,304 INFO  impl.RoleInfo (RoleInfo.java:shutdownFollowerState(121)) - b1b58167-0653-4ac7-b98f-8cf4c84ad666: shutdown FollowerState
2019-07-14 11:06:37,304 INFO  impl.RaftServerImpl (RaftServerImpl.java:setRole(171)) - b1b58167-0653-4ac7-b98f-8cf4c84ad666:group-B5A9C907BED8 changes role from FOLLOWER to CANDIDATE at term 0 for changeToCandidate
2019-07-14 11:06:37,304 INFO  impl.RoleInfo (RoleInfo.java:updateAndGet(143)) - b1b58167-0653-4ac7-b98f-8cf4c84ad666: start LeaderElection
2019-07-14 11:06:37,325 INFO  impl.LeaderElection (LeaderElection.java:askForVotes(181)) - b1b58167-0653-4ac7-b98f-8cf4c84ad666:group-B5A9C907BED8:LeaderElection72: begin an election at term 1 for -1: [b1b58167-0653-4ac7-b98f-8cf4c84ad666:192.168.157.209:42392], old=null
2019-07-14 11:06:37,325 INFO  impl.RoleInfo (RoleInfo.java:shutdownLeaderElection(134)) - b1b58167-0653-4ac7-b98f-8cf4c84ad666: shutdown LeaderElection
2019-07-14 11:06:37,325 INFO  impl.RaftServerImpl (RaftServerImpl.java:setRole(171)) - b1b58167-0653-4ac7-b98f-8cf4c84ad666:group-B5A9C907BED8 changes role from CANDIDATE to LEADER at term 1 for changeToLeader
2019-07-14 11:06:37,325 INFO  impl.RaftServerImpl (ServerState.java:setLeader(263)) - b1b58167-0653-4ac7-b98f-8cf4c84ad666:group-B5A9C907BED8 change Leader from null to b1b58167-0653-4ac7-b98f-8cf4c84ad666 at term 1 for becomeLeader, leader elected after 5036ms
2019-07-14 11:06:37,327 INFO  server.RaftServerConfigKeys (ConfUtils.java:logGet(43)) - raft.server.staging.catchup.gap = 1000 (default)
2019-07-14 11:06:37,328 INFO  server.RaftServerConfigKeys (ConfUtils.java:logGet(43)) - raft.server.rpc.sleep.time = 25ms (default)
2019-07-14 11:06:37,328 INFO  server.RaftServerConfigKeys (ConfUtils.java:logGet(43)) - raft.server.write.element-limit = 4096 (default)
2019-07-14 11:06:37,328 INFO  server.RaftServerConfigKeys (ConfUtils.java:logGet(43)) - raft.server.watch.timeout = 10s (default)
2019-07-14 11:06:37,328 INFO  server.RaftServerConfigKeys (ConfUtils.java:logGet(43)) - raft.server.watch.timeout.denomination = 1s (default)
2019-07-14 11:06:37,328 INFO  server.RaftServerConfigKeys (ConfUtils.java:logGet(43)) - raft.server.watch.element-limit = 65536 (default)
2019-07-14 11:06:37,329 INFO  impl.RoleInfo (RoleInfo.java:updateAndGet(143)) - b1b58167-0653-4ac7-b98f-8cf4c84ad666: start LeaderState
2019-07-14 11:06:37,329 INFO  segmented.SegmentedRaftLogWorker (SegmentedRaftLogWorker.java:startLogSegment(380)) - b1b58167-0653-4ac7-b98f-8cf4c84ad666-SegmentedRaftLogWorker:Storage Directory /workdir/hadoop-ozone/integration-test/target/test-dir/MiniOzoneClusterImpl-6e75c1fa-424d-46f5-a8d1-9c8543b80f65/datanode-0/data/ratis/321c4e8f-8a7a-4a28-9e29-b5a9c907bed8: Starting segment from index:0
2019-07-14 11:06:37,330 INFO  impl.RaftServerImpl (ServerState.java:setRaftConf(361)) - b1b58167-0653-4ac7-b98f-8cf4c84ad666:group-B5A9C907BED8 set configuration 0: [b1b58167-0653-4ac7-b98f-8cf4c84ad666:192.168.157.209:42392], old=null at 0
2019-07-14 11:06:37,357 INFO  segmented.SegmentedRaftLogWorker (SegmentedRaftLogWorker.java:execute(569)) - b1b58167-0653-4ac7-b98f-8cf4c84ad666-SegmentedRaftLogWorker:Storage Directory /workdir/hadoop-ozone/integration-test/target/test-dir/MiniOzoneClusterImpl-6e75c1fa-424d-46f5-a8d1-9c8543b80f65/datanode-0/data/ratis/321c4e8f-8a7a-4a28-9e29-b5a9c907bed8: created new log segment /workdir/hadoop-ozone/integration-test/target/test-dir/MiniOzoneClusterImpl-6e75c1fa-424d-46f5-a8d1-9c8543b80f65/datanode-0/data/ratis/321c4e8f-8a7a-4a28-9e29-b5a9c907bed8/current/log_inprogress_0
2019-07-14 11:06:37,512 INFO  impl.FollowerState (FollowerState.java:run(106)) - b40f2446-fae5-4d94-ae24-3c59dc776a64:group-6B575BAF03BC changes to CANDIDATE, lastRpcTime:5101, electionTimeout:5101ms
2019-07-14 11:06:37,512 INFO  impl.RoleInfo (RoleInfo.java:shutdownFollowerState(121)) - b40f2446-fae5-4d94-ae24-3c59dc776a64: shutdown FollowerState
2019-07-14 11:06:37,512 INFO  impl.RaftServerImpl (RaftServerImpl.java:setRole(171)) - b40f2446-fae5-4d94-ae24-3c59dc776a64:group-6B575BAF03BC changes role from FOLLOWER to CANDIDATE at term 0 for changeToCandidate
2019-07-14 11:06:37,512 INFO  impl.RoleInfo (RoleInfo.java:updateAndGet(143)) - b40f2446-fae5-4d94-ae24-3c59dc776a64: start LeaderElection
2019-07-14 11:06:37,533 INFO  impl.LeaderElection (LeaderElection.java:askForVotes(181)) - b40f2446-fae5-4d94-ae24-3c59dc776a64:group-6B575BAF03BC:LeaderElection73: begin an election at term 1 for -1: [b40f2446-fae5-4d94-ae24-3c59dc776a64:192.168.157.209:40402], old=null
2019-07-14 11:06:37,533 INFO  impl.RoleInfo (RoleInfo.java:shutdownLeaderElection(134)) - b40f2446-fae5-4d94-ae24-3c59dc776a64: shutdown LeaderElection
2019-07-14 11:06:37,533 INFO  impl.RaftServerImpl (RaftServerImpl.java:setRole(171)) - b40f2446-fae5-4d94-ae24-3c59dc776a64:group-6B575BAF03BC changes role from CANDIDATE to LEADER at term 1 for changeToLeader
2019-07-14 11:06:37,533 INFO  impl.RaftServerImpl (ServerState.java:setLeader(263)) - b40f2446-fae5-4d94-ae24-3c59dc776a64:group-6B575BAF03BC change Leader from null to b40f2446-fae5-4d94-ae24-3c59dc776a64 at term 1 for becomeLeader, leader elected after 5127ms
2019-07-14 11:06:37,536 INFO  server.RaftServerConfigKeys (ConfUtils.java:logGet(43)) - raft.server.staging.catchup.gap = 1000 (default)
2019-07-14 11:06:37,536 INFO  server.RaftServerConfigKeys (ConfUtils.java:logGet(43)) - raft.server.rpc.sleep.time = 25ms (default)
2019-07-14 11:06:37,536 INFO  server.RaftServerConfigKeys (ConfUtils.java:logGet(43)) - raft.server.write.element-limit = 4096 (default)
2019-07-14 11:06:37,536 INFO  server.RaftServerConfigKeys (ConfUtils.java:logGet(43)) - raft.server.watch.timeout = 10s (default)
2019-07-14 11:06:37,536 INFO  server.RaftServerConfigKeys (ConfUtils.java:logGet(43)) - raft.server.watch.timeout.denomination = 1s (default)
2019-07-14 11:06:37,536 INFO  server.RaftServerConfigKeys (ConfUtils.java:logGet(43)) - raft.server.watch.element-limit = 65536 (default)
2019-07-14 11:06:37,537 INFO  impl.RoleInfo (RoleInfo.java:updateAndGet(143)) - b40f2446-fae5-4d94-ae24-3c59dc776a64: start LeaderState
2019-07-14 11:06:37,537 INFO  segmented.SegmentedRaftLogWorker (SegmentedRaftLogWorker.java:startLogSegment(380)) - b40f2446-fae5-4d94-ae24-3c59dc776a64-SegmentedRaftLogWorker:Storage Directory /workdir/hadoop-ozone/integration-test/target/test-dir/MiniOzoneClusterImpl-6e75c1fa-424d-46f5-a8d1-9c8543b80f65/datanode-1/data/ratis/54c9d8f8-81bc-498d-89d6-6b575baf03bc: Starting segment from index:0
2019-07-14 11:06:37,537 INFO  impl.RaftServerImpl (ServerState.java:setRaftConf(361)) - b40f2446-fae5-4d94-ae24-3c59dc776a64:group-6B575BAF03BC set configuration 0: [b40f2446-fae5-4d94-ae24-3c59dc776a64:192.168.157.209:40402], old=null at 0
2019-07-14 11:06:37,569 INFO  segmented.SegmentedRaftLogWorker (SegmentedRaftLogWorker.java:execute(569)) - b40f2446-fae5-4d94-ae24-3c59dc776a64-SegmentedRaftLogWorker:Storage Directory /workdir/hadoop-ozone/integration-test/target/test-dir/MiniOzoneClusterImpl-6e75c1fa-424d-46f5-a8d1-9c8543b80f65/datanode-1/data/ratis/54c9d8f8-81bc-498d-89d6-6b575baf03bc: created new log segment /workdir/hadoop-ozone/integration-test/target/test-dir/MiniOzoneClusterImpl-6e75c1fa-424d-46f5-a8d1-9c8543b80f65/datanode-1/data/ratis/54c9d8f8-81bc-498d-89d6-6b575baf03bc/current/log_inprogress_0
2019-07-14 11:06:37,647 INFO  impl.FollowerState (FollowerState.java:run(106)) - b1b58167-0653-4ac7-b98f-8cf4c84ad666:group-EC7A0B6E23FF changes to CANDIDATE, lastRpcTime:5016, electionTimeout:5016ms
2019-07-14 11:06:37,647 INFO  impl.RoleInfo (RoleInfo.java:shutdownFollowerState(121)) - b1b58167-0653-4ac7-b98f-8cf4c84ad666: shutdown FollowerState
2019-07-14 11:06:37,647 INFO  impl.RaftServerImpl (RaftServerImpl.java:setRole(171)) - b1b58167-0653-4ac7-b98f-8cf4c84ad666:group-EC7A0B6E23FF changes role from FOLLOWER to CANDIDATE at term 0 for changeToCandidate
2019-07-14 11:06:37,647 INFO  impl.RoleInfo (RoleInfo.java:updateAndGet(143)) - b1b58167-0653-4ac7-b98f-8cf4c84ad666: start LeaderElection
2019-07-14 11:06:37,655 INFO  impl.FollowerState (FollowerState.java:run(106)) - 66b1a79e-f482-4ae0-b0f0-8c15500b71a1:group-16638170B48C changes to CANDIDATE, lastRpcTime:5084, electionTimeout:5083ms
2019-07-14 11:06:37,655 INFO  impl.FollowerState (FollowerState.java:run(106)) - b40f2446-fae5-4d94-ae24-3c59dc776a64:group-EC7A0B6E23FF changes to CANDIDATE, lastRpcTime:5031, electionTimeout:5030ms
2019-07-14 11:06:37,655 INFO  impl.RoleInfo (RoleInfo.java:shutdownFollowerState(121)) - 66b1a79e-f482-4ae0-b0f0-8c15500b71a1: shutdown FollowerState
2019-07-14 11:06:37,655 INFO  impl.RoleInfo (RoleInfo.java:shutdownFollowerState(121)) - b40f2446-fae5-4d94-ae24-3c59dc776a64: shutdown FollowerState
2019-07-14 11:06:37,655 INFO  impl.RaftServerImpl (RaftServerImpl.java:setRole(171)) - 66b1a79e-f482-4ae0-b0f0-8c15500b71a1:group-16638170B48C changes role from FOLLOWER to CANDIDATE at term 0 for changeToCandidate
2019-07-14 11:06:37,656 INFO  impl.RaftServerImpl (RaftServerImpl.java:setRole(171)) - b40f2446-fae5-4d94-ae24-3c59dc776a64:group-EC7A0B6E23FF changes role from FOLLOWER to CANDIDATE at term 0 for changeToCandidate
2019-07-14 11:06:37,656 INFO  impl.RoleInfo (RoleInfo.java:updateAndGet(143)) - 66b1a79e-f482-4ae0-b0f0-8c15500b71a1: start LeaderElection
2019-07-14 11:06:37,656 INFO  impl.RoleInfo (RoleInfo.java:updateAndGet(143)) - b40f2446-fae5-4d94-ae24-3c59dc776a64: start LeaderElection
2019-07-14 11:06:37,664 INFO  impl.FollowerState (FollowerState.java:run(106)) - 66b1a79e-f482-4ae0-b0f0-8c15500b71a1:group-EC7A0B6E23FF changes to CANDIDATE, lastRpcTime:5033, electionTimeout:5032ms
2019-07-14 11:06:37,664 INFO  impl.RoleInfo (RoleInfo.java:shutdownFollowerState(121)) - 66b1a79e-f482-4ae0-b0f0-8c15500b71a1: shutdown FollowerState
2019-07-14 11:06:37,668 INFO  impl.RaftServerImpl (RaftServerImpl.java:setRole(171)) - 66b1a79e-f482-4ae0-b0f0-8c15500b71a1:group-EC7A0B6E23FF changes role from FOLLOWER to CANDIDATE at term 0 for changeToCandidate
2019-07-14 11:06:37,668 INFO  impl.RoleInfo (RoleInfo.java:updateAndGet(143)) - 66b1a79e-f482-4ae0-b0f0-8c15500b71a1: start LeaderElection
2019-07-14 11:06:37,669 INFO  impl.LeaderElection (LeaderElection.java:askForVotes(181)) - b1b58167-0653-4ac7-b98f-8cf4c84ad666:group-EC7A0B6E23FF:LeaderElection74: begin an election at term 1 for -1: [66b1a79e-f482-4ae0-b0f0-8c15500b71a1:192.168.157.209:43964, b1b58167-0653-4ac7-b98f-8cf4c84ad666:192.168.157.209:42392, b40f2446-fae5-4d94-ae24-3c59dc776a64:192.168.157.209:40402], old=null
2019-07-14 11:06:37,685 INFO  impl.LeaderElection (LeaderElection.java:askForVotes(181)) - 66b1a79e-f482-4ae0-b0f0-8c15500b71a1:group-16638170B48C:LeaderElection75: begin an election at term 1 for -1: [66b1a79e-f482-4ae0-b0f0-8c15500b71a1:192.168.157.209:43964], old=null
2019-07-14 11:06:37,685 INFO  impl.LeaderElection (LeaderElection.java:askForVotes(181)) - b40f2446-fae5-4d94-ae24-3c59dc776a64:group-EC7A0B6E23FF:LeaderElection76: begin an election at term 1 for -1: [66b1a79e-f482-4ae0-b0f0-8c15500b71a1:192.168.157.209:43964, b1b58167-0653-4ac7-b98f-8cf4c84ad666:192.168.157.209:42392, b40f2446-fae5-4d94-ae24-3c59dc776a64:192.168.157.209:40402], old=null
2019-07-14 11:06:37,685 INFO  impl.RoleInfo (RoleInfo.java:shutdownLeaderElection(134)) - 66b1a79e-f482-4ae0-b0f0-8c15500b71a1: shutdown LeaderElection
2019-07-14 11:06:37,685 INFO  impl.LeaderElection (LeaderElection.java:askForVotes(181)) - 66b1a79e-f482-4ae0-b0f0-8c15500b71a1:group-EC7A0B6E23FF:LeaderElection77: begin an election at term 1 for -1: [66b1a79e-f482-4ae0-b0f0-8c15500b71a1:192.168.157.209:43964, b1b58167-0653-4ac7-b98f-8cf4c84ad666:192.168.157.209:42392, b40f2446-fae5-4d94-ae24-3c59dc776a64:192.168.157.209:40402], old=null
2019-07-14 11:06:37,685 INFO  impl.RaftServerImpl (RaftServerImpl.java:setRole(171)) - 66b1a79e-f482-4ae0-b0f0-8c15500b71a1:group-16638170B48C changes role from CANDIDATE to LEADER at term 1 for changeToLeader
2019-07-14 11:06:37,685 INFO  impl.RaftServerImpl (ServerState.java:setLeader(263)) - 66b1a79e-f482-4ae0-b0f0-8c15500b71a1:group-16638170B48C change Leader from null to 66b1a79e-f482-4ae0-b0f0-8c15500b71a1 at term 1 for becomeLeader, leader elected after 5119ms
2019-07-14 11:06:37,689 INFO  server.RaftServerConfigKeys (ConfUtils.java:logGet(43)) - raft.server.staging.catchup.gap = 1000 (default)
2019-07-14 11:06:37,689 INFO  server.RaftServerConfigKeys (ConfUtils.java:logGet(43)) - raft.server.rpc.sleep.time = 25ms (default)
2019-07-14 11:06:37,689 INFO  server.RaftServerConfigKeys (ConfUtils.java:logGet(43)) - raft.server.write.element-limit = 4096 (default)
2019-07-14 11:06:37,689 INFO  impl.LeaderElection (LeaderElection.java:logAndReturn(56)) - b1b58167-0653-4ac7-b98f-8cf4c84ad666:group-EC7A0B6E23FF:LeaderElection74: Election REJECTED; received 2 response(s) [b1b58167-0653-4ac7-b98f-8cf4c84ad666<-66b1a79e-f482-4ae0-b0f0-8c15500b71a1#0:FAIL-t1, b1b58167-0653-4ac7-b98f-8cf4c84ad666<-b40f2446-fae5-4d94-ae24-3c59dc776a64#0:FAIL-t1] and 0 exception(s); b1b58167-0653-4ac7-b98f-8cf4c84ad666:t1, leader=null, voted=b1b58167-0653-4ac7-b98f-8cf4c84ad666, raftlog=b1b58167-0653-4ac7-b98f-8cf4c84ad666-SegmentedRaftLog:OPENED:c-1,f-1,i0, conf=-1: [66b1a79e-f482-4ae0-b0f0-8c15500b71a1:192.168.157.209:43964, b1b58167-0653-4ac7-b98f-8cf4c84ad666:192.168.157.209:42392, b40f2446-fae5-4d94-ae24-3c59dc776a64:192.168.157.209:40402], old=null
2019-07-14 11:06:37,689 INFO  server.RaftServerConfigKeys (ConfUtils.java:logGet(43)) - raft.server.watch.timeout = 10s (default)
2019-07-14 11:06:37,689 INFO  impl.RaftServerImpl (RaftServerImpl.java:setRole(171)) - b1b58167-0653-4ac7-b98f-8cf4c84ad666:group-EC7A0B6E23FF changes role from CANDIDATE to FOLLOWER at term 1 for DISCOVERED_A_NEW_TERM
2019-07-14 11:06:37,689 INFO  server.RaftServerConfigKeys (ConfUtils.java:logGet(43)) - raft.server.watch.timeout.denomination = 1s (default)
2019-07-14 11:06:37,690 INFO  impl.RoleInfo (RoleInfo.java:shutdownLeaderElection(134)) - b1b58167-0653-4ac7-b98f-8cf4c84ad666: shutdown LeaderElection
2019-07-14 11:06:37,690 INFO  server.RaftServerConfigKeys (ConfUtils.java:logGet(43)) - raft.server.watch.element-limit = 65536 (default)
2019-07-14 11:06:37,690 INFO  impl.RoleInfo (RoleInfo.java:updateAndGet(143)) - b1b58167-0653-4ac7-b98f-8cf4c84ad666: start FollowerState
2019-07-14 11:06:37,690 INFO  impl.RoleInfo (RoleInfo.java:updateAndGet(143)) - 66b1a79e-f482-4ae0-b0f0-8c15500b71a1: start LeaderState
2019-07-14 11:06:37,690 INFO  segmented.SegmentedRaftLogWorker (SegmentedRaftLogWorker.java:startLogSegment(380)) - 66b1a79e-f482-4ae0-b0f0-8c15500b71a1-SegmentedRaftLogWorker:Storage Directory /workdir/hadoop-ozone/integration-test/target/test-dir/MiniOzoneClusterImpl-6e75c1fa-424d-46f5-a8d1-9c8543b80f65/datanode-2/data/ratis/95c69711-f3d1-4779-b3cb-16638170b48c: Starting segment from index:0
2019-07-14 11:06:37,691 INFO  impl.RaftServerImpl (ServerState.java:setRaftConf(361)) - 66b1a79e-f482-4ae0-b0f0-8c15500b71a1:group-16638170B48C set configuration 0: [66b1a79e-f482-4ae0-b0f0-8c15500b71a1:192.168.157.209:43964], old=null at 0
2019-07-14 11:06:37,715 INFO  impl.LeaderElection (LeaderElection.java:logAndReturn(56)) - 66b1a79e-f482-4ae0-b0f0-8c15500b71a1:group-EC7A0B6E23FF:LeaderElection77: Election REJECTED; received 2 response(s) [66b1a79e-f482-4ae0-b0f0-8c15500b71a1<-b1b58167-0653-4ac7-b98f-8cf4c84ad666#0:FAIL-t1, 66b1a79e-f482-4ae0-b0f0-8c15500b71a1<-b40f2446-fae5-4d94-ae24-3c59dc776a64#0:FAIL-t1] and 0 exception(s); 66b1a79e-f482-4ae0-b0f0-8c15500b71a1:t1, leader=null, voted=66b1a79e-f482-4ae0-b0f0-8c15500b71a1, raftlog=66b1a79e-f482-4ae0-b0f0-8c15500b71a1-SegmentedRaftLog:OPENED:c-1,f-1,i0, conf=-1: [66b1a79e-f482-4ae0-b0f0-8c15500b71a1:192.168.157.209:43964, b1b58167-0653-4ac7-b98f-8cf4c84ad666:192.168.157.209:42392, b40f2446-fae5-4d94-ae24-3c59dc776a64:192.168.157.209:40402], old=null
2019-07-14 11:06:37,715 INFO  impl.LeaderElection (LeaderElection.java:logAndReturn(56)) - b40f2446-fae5-4d94-ae24-3c59dc776a64:group-EC7A0B6E23FF:LeaderElection76: Election REJECTED; received 2 response(s) [b40f2446-fae5-4d94-ae24-3c59dc776a64<-66b1a79e-f482-4ae0-b0f0-8c15500b71a1#0:FAIL-t1, b40f2446-fae5-4d94-ae24-3c59dc776a64<-b1b58167-0653-4ac7-b98f-8cf4c84ad666#0:FAIL-t1] and 0 exception(s); b40f2446-fae5-4d94-ae24-3c59dc776a64:t1, leader=null, voted=b40f2446-fae5-4d94-ae24-3c59dc776a64, raftlog=b40f2446-fae5-4d94-ae24-3c59dc776a64-SegmentedRaftLog:OPENED:c-1,f-1,i0, conf=-1: [66b1a79e-f482-4ae0-b0f0-8c15500b71a1:192.168.157.209:43964, b1b58167-0653-4ac7-b98f-8cf4c84ad666:192.168.157.209:42392, b40f2446-fae5-4d94-ae24-3c59dc776a64:192.168.157.209:40402], old=null
2019-07-14 11:06:37,715 INFO  impl.RaftServerImpl (RaftServerImpl.java:setRole(171)) - 66b1a79e-f482-4ae0-b0f0-8c15500b71a1:group-EC7A0B6E23FF changes role from CANDIDATE to FOLLOWER at term 1 for DISCOVERED_A_NEW_TERM
2019-07-14 11:06:37,715 INFO  impl.RaftServerImpl (RaftServerImpl.java:setRole(171)) - b40f2446-fae5-4d94-ae24-3c59dc776a64:group-EC7A0B6E23FF changes role from CANDIDATE to FOLLOWER at term 1 for DISCOVERED_A_NEW_TERM
2019-07-14 11:06:37,715 INFO  impl.RoleInfo (RoleInfo.java:shutdownLeaderElection(134)) - 66b1a79e-f482-4ae0-b0f0-8c15500b71a1: shutdown LeaderElection
2019-07-14 11:06:37,716 INFO  impl.RoleInfo (RoleInfo.java:shutdownLeaderElection(134)) - b40f2446-fae5-4d94-ae24-3c59dc776a64: shutdown LeaderElection
2019-07-14 11:06:37,716 INFO  impl.RoleInfo (RoleInfo.java:updateAndGet(143)) - 66b1a79e-f482-4ae0-b0f0-8c15500b71a1: start FollowerState
2019-07-14 11:06:37,716 INFO  impl.RoleInfo (RoleInfo.java:updateAndGet(143)) - b40f2446-fae5-4d94-ae24-3c59dc776a64: start FollowerState
2019-07-14 11:06:37,724 INFO  segmented.SegmentedRaftLogWorker (SegmentedRaftLogWorker.java:execute(569)) - 66b1a79e-f482-4ae0-b0f0-8c15500b71a1-SegmentedRaftLogWorker:Storage Directory /workdir/hadoop-ozone/integration-test/target/test-dir/MiniOzoneClusterImpl-6e75c1fa-424d-46f5-a8d1-9c8543b80f65/datanode-2/data/ratis/95c69711-f3d1-4779-b3cb-16638170b48c: created new log segment /workdir/hadoop-ozone/integration-test/target/test-dir/MiniOzoneClusterImpl-6e75c1fa-424d-46f5-a8d1-9c8543b80f65/datanode-2/data/ratis/95c69711-f3d1-4779-b3cb-16638170b48c/current/log_inprogress_0
2019-07-14 11:06:37,785 INFO  impl.FollowerState (FollowerState.java:run(106)) - d568da82-e7da-4b22-97a5-879c917df10e:group-D995EEC577B7 changes to CANDIDATE, lastRpcTime:5050, electionTimeout:5050ms
2019-07-14 11:06:37,785 INFO  impl.RoleInfo (RoleInfo.java:shutdownFollowerState(121)) - d568da82-e7da-4b22-97a5-879c917df10e: shutdown FollowerState
2019-07-14 11:06:37,785 INFO  impl.RaftServerImpl (RaftServerImpl.java:setRole(171)) - d568da82-e7da-4b22-97a5-879c917df10e:group-D995EEC577B7 changes role from FOLLOWER to CANDIDATE at term 0 for changeToCandidate
2019-07-14 11:06:37,785 INFO  impl.RoleInfo (RoleInfo.java:updateAndGet(143)) - d568da82-e7da-4b22-97a5-879c917df10e: start LeaderElection
2019-07-14 11:06:37,806 INFO  impl.LeaderElection (LeaderElection.java:askForVotes(181)) - d568da82-e7da-4b22-97a5-879c917df10e:group-D995EEC577B7:LeaderElection78: begin an election at term 1 for -1: [d568da82-e7da-4b22-97a5-879c917df10e:192.168.157.209:38856], old=null
2019-07-14 11:06:37,806 INFO  impl.RoleInfo (RoleInfo.java:shutdownLeaderElection(134)) - d568da82-e7da-4b22-97a5-879c917df10e: shutdown LeaderElection
2019-07-14 11:06:37,806 INFO  impl.RaftServerImpl (RaftServerImpl.java:setRole(171)) - d568da82-e7da-4b22-97a5-879c917df10e:group-D995EEC577B7 changes role from CANDIDATE to LEADER at term 1 for changeToLeader
2019-07-14 11:06:37,806 INFO  impl.RaftServerImpl (ServerState.java:setLeader(263)) - d568da82-e7da-4b22-97a5-879c917df10e:group-D995EEC577B7 change Leader from null to d568da82-e7da-4b22-97a5-879c917df10e at term 1 for becomeLeader, leader elected after 5076ms
2019-07-14 11:06:37,809 INFO  server.RaftServerConfigKeys (ConfUtils.java:logGet(43)) - raft.server.staging.catchup.gap = 1000 (default)
2019-07-14 11:06:37,809 INFO  server.RaftServerConfigKeys (ConfUtils.java:logGet(43)) - raft.server.rpc.sleep.time = 25ms (default)
2019-07-14 11:06:37,809 INFO  server.RaftServerConfigKeys (ConfUtils.java:logGet(43)) - raft.server.write.element-limit = 4096 (default)
2019-07-14 11:06:37,809 INFO  server.RaftServerConfigKeys (ConfUtils.java:logGet(43)) - raft.server.watch.timeout = 10s (default)
2019-07-14 11:06:37,809 INFO  server.RaftServerConfigKeys (ConfUtils.java:logGet(43)) - raft.server.watch.timeout.denomination = 1s (default)
2019-07-14 11:06:37,810 INFO  server.RaftServerConfigKeys (ConfUtils.java:logGet(43)) - raft.server.watch.element-limit = 65536 (default)
2019-07-14 11:06:37,810 INFO  impl.RoleInfo (RoleInfo.java:updateAndGet(143)) - d568da82-e7da-4b22-97a5-879c917df10e: start LeaderState
2019-07-14 11:06:37,810 INFO  segmented.SegmentedRaftLogWorker (SegmentedRaftLogWorker.java:startLogSegment(380)) - d568da82-e7da-4b22-97a5-879c917df10e-SegmentedRaftLogWorker:Storage Directory /workdir/hadoop-ozone/integration-test/target/test-dir/MiniOzoneClusterImpl-6e75c1fa-424d-46f5-a8d1-9c8543b80f65/datanode-3/data/ratis/464c2f22-ab76-4a89-a5d0-d995eec577b7: Starting segment from index:0
2019-07-14 11:06:37,811 INFO  impl.RaftServerImpl (ServerState.java:setRaftConf(361)) - d568da82-e7da-4b22-97a5-879c917df10e:group-D995EEC577B7 set configuration 0: [d568da82-e7da-4b22-97a5-879c917df10e:192.168.157.209:38856], old=null at 0
2019-07-14 11:06:37,842 INFO  segmented.SegmentedRaftLogWorker (SegmentedRaftLogWorker.java:execute(569)) - d568da82-e7da-4b22-97a5-879c917df10e-SegmentedRaftLogWorker:Storage Directory /workdir/hadoop-ozone/integration-test/target/test-dir/MiniOzoneClusterImpl-6e75c1fa-424d-46f5-a8d1-9c8543b80f65/datanode-3/data/ratis/464c2f22-ab76-4a89-a5d0-d995eec577b7: created new log segment /workdir/hadoop-ozone/integration-test/target/test-dir/MiniOzoneClusterImpl-6e75c1fa-424d-46f5-a8d1-9c8543b80f65/datanode-3/data/ratis/464c2f22-ab76-4a89-a5d0-d995eec577b7/current/log_inprogress_0
2019-07-14 11:06:38,040 INFO  impl.FollowerState (FollowerState.java:run(106)) - 8f16bc0e-88ee-4195-be19-d95d05fb91e0:group-82D0B462FD34 changes to CANDIDATE, lastRpcTime:5132, electionTimeout:5132ms
2019-07-14 11:06:38,040 INFO  impl.RoleInfo (RoleInfo.java:shutdownFollowerState(121)) - 8f16bc0e-88ee-4195-be19-d95d05fb91e0: shutdown FollowerState
2019-07-14 11:06:38,041 INFO  impl.RaftServerImpl (RaftServerImpl.java:setRole(171)) - 8f16bc0e-88ee-4195-be19-d95d05fb91e0:group-82D0B462FD34 changes role from FOLLOWER to CANDIDATE at term 0 for changeToCandidate
2019-07-14 11:06:38,041 INFO  impl.RoleInfo (RoleInfo.java:updateAndGet(143)) - 8f16bc0e-88ee-4195-be19-d95d05fb91e0: start LeaderElection
2019-07-14 11:06:38,062 INFO  impl.LeaderElection (LeaderElection.java:askForVotes(181)) - 8f16bc0e-88ee-4195-be19-d95d05fb91e0:group-82D0B462FD34:LeaderElection79: begin an election at term 1 for -1: [8f16bc0e-88ee-4195-be19-d95d05fb91e0:192.168.157.209:40453], old=null
2019-07-14 11:06:38,062 INFO  impl.RoleInfo (RoleInfo.java:shutdownLeaderElection(134)) - 8f16bc0e-88ee-4195-be19-d95d05fb91e0: shutdown LeaderElection
2019-07-14 11:06:38,062 INFO  impl.RaftServerImpl (RaftServerImpl.java:setRole(171)) - 8f16bc0e-88ee-4195-be19-d95d05fb91e0:group-82D0B462FD34 changes role from CANDIDATE to LEADER at term 1 for changeToLeader
2019-07-14 11:06:38,062 INFO  impl.RaftServerImpl (ServerState.java:setLeader(263)) - 8f16bc0e-88ee-4195-be19-d95d05fb91e0:group-82D0B462FD34 change Leader from null to 8f16bc0e-88ee-4195-be19-d95d05fb91e0 at term 1 for becomeLeader, leader elected after 5158ms
2019-07-14 11:06:38,064 INFO  server.RaftServerConfigKeys (ConfUtils.java:logGet(43)) - raft.server.staging.catchup.gap = 1000 (default)
2019-07-14 11:06:38,065 INFO  server.RaftServerConfigKeys (ConfUtils.java:logGet(43)) - raft.server.rpc.sleep.time = 25ms (default)
2019-07-14 11:06:38,065 INFO  server.RaftServerConfigKeys (ConfUtils.java:logGet(43)) - raft.server.write.element-limit = 4096 (default)
2019-07-14 11:06:38,065 INFO  server.RaftServerConfigKeys (ConfUtils.java:logGet(43)) - raft.server.watch.timeout = 10s (default)
2019-07-14 11:06:38,065 INFO  server.RaftServerConfigKeys (ConfUtils.java:logGet(43)) - raft.server.watch.timeout.denomination = 1s (default)
2019-07-14 11:06:38,065 INFO  server.RaftServerConfigKeys (ConfUtils.java:logGet(43)) - raft.server.watch.element-limit = 65536 (default)
2019-07-14 11:06:38,066 INFO  impl.RoleInfo (RoleInfo.java:updateAndGet(143)) - 8f16bc0e-88ee-4195-be19-d95d05fb91e0: start LeaderState
2019-07-14 11:06:38,066 INFO  segmented.SegmentedRaftLogWorker (SegmentedRaftLogWorker.java:startLogSegment(380)) - 8f16bc0e-88ee-4195-be19-d95d05fb91e0-SegmentedRaftLogWorker:Storage Directory /workdir/hadoop-ozone/integration-test/target/test-dir/MiniOzoneClusterImpl-6e75c1fa-424d-46f5-a8d1-9c8543b80f65/datanode-4/data/ratis/d1f8e5c0-2c7f-4976-8051-82d0b462fd34: Starting segment from index:0
2019-07-14 11:06:38,066 INFO  impl.RaftServerImpl (ServerState.java:setRaftConf(361)) - 8f16bc0e-88ee-4195-be19-d95d05fb91e0:group-82D0B462FD34 set configuration 0: [8f16bc0e-88ee-4195-be19-d95d05fb91e0:192.168.157.209:40453], old=null at 0
2019-07-14 11:06:38,098 INFO  segmented.SegmentedRaftLogWorker (SegmentedRaftLogWorker.java:execute(569)) - 8f16bc0e-88ee-4195-be19-d95d05fb91e0-SegmentedRaftLogWorker:Storage Directory /workdir/hadoop-ozone/integration-test/target/test-dir/MiniOzoneClusterImpl-6e75c1fa-424d-46f5-a8d1-9c8543b80f65/datanode-4/data/ratis/d1f8e5c0-2c7f-4976-8051-82d0b462fd34: created new log segment /workdir/hadoop-ozone/integration-test/target/test-dir/MiniOzoneClusterImpl-6e75c1fa-424d-46f5-a8d1-9c8543b80f65/datanode-4/data/ratis/d1f8e5c0-2c7f-4976-8051-82d0b462fd34/current/log_inprogress_0
2019-07-14 11:06:38,113 INFO  impl.FollowerState (FollowerState.java:run(106)) - a2aa11f2-15d8-4e8f-ae5d-f8deb723e1ef:group-F853C64DCE05 changes to CANDIDATE, lastRpcTime:5000, electionTimeout:5000ms
2019-07-14 11:06:38,113 INFO  impl.RoleInfo (RoleInfo.java:shutdownFollowerState(121)) - a2aa11f2-15d8-4e8f-ae5d-f8deb723e1ef: shutdown FollowerState
2019-07-14 11:06:38,113 INFO  impl.RaftServerImpl (RaftServerImpl.java:setRole(171)) - a2aa11f2-15d8-4e8f-ae5d-f8deb723e1ef:group-F853C64DCE05 changes role from FOLLOWER to CANDIDATE at term 0 for changeToCandidate
2019-07-14 11:06:38,113 INFO  impl.RoleInfo (RoleInfo.java:updateAndGet(143)) - a2aa11f2-15d8-4e8f-ae5d-f8deb723e1ef: start LeaderElection
2019-07-14 11:06:38,148 INFO  impl.LeaderElection (LeaderElection.java:askForVotes(181)) - a2aa11f2-15d8-4e8f-ae5d-f8deb723e1ef:group-F853C64DCE05:LeaderElection80: begin an election at term 1 for -1: [a2aa11f2-15d8-4e8f-ae5d-f8deb723e1ef:192.168.157.209:35425], old=null
2019-07-14 11:06:38,148 INFO  impl.RoleInfo (RoleInfo.java:shutdownLeaderElection(134)) - a2aa11f2-15d8-4e8f-ae5d-f8deb723e1ef: shutdown LeaderElection
2019-07-14 11:06:38,148 INFO  impl.RaftServerImpl (RaftServerImpl.java:setRole(171)) - a2aa11f2-15d8-4e8f-ae5d-f8deb723e1ef:group-F853C64DCE05 changes role from CANDIDATE to LEADER at term 1 for changeToLeader
2019-07-14 11:06:38,148 INFO  impl.RaftServerImpl (ServerState.java:setLeader(263)) - a2aa11f2-15d8-4e8f-ae5d-f8deb723e1ef:group-F853C64DCE05 change Leader from null to a2aa11f2-15d8-4e8f-ae5d-f8deb723e1ef at term 1 for becomeLeader, leader elected after 5040ms
2019-07-14 11:06:38,150 INFO  server.RaftServerConfigKeys (ConfUtils.java:logGet(43)) - raft.server.staging.catchup.gap = 1000 (default)
2019-07-14 11:06:38,151 INFO  server.RaftServerConfigKeys (ConfUtils.java:logGet(43)) - raft.server.rpc.sleep.time = 25ms (default)
2019-07-14 11:06:38,151 INFO  server.RaftServerConfigKeys (ConfUtils.java:logGet(43)) - raft.server.write.element-limit = 4096 (default)
2019-07-14 11:06:38,151 INFO  server.RaftServerConfigKeys (ConfUtils.java:logGet(43)) - raft.server.watch.timeout = 10s (default)
2019-07-14 11:06:38,151 INFO  server.RaftServerConfigKeys (ConfUtils.java:logGet(43)) - raft.server.watch.timeout.denomination = 1s (default)
2019-07-14 11:06:38,151 INFO  server.RaftServerConfigKeys (ConfUtils.java:logGet(43)) - raft.server.watch.element-limit = 65536 (default)
2019-07-14 11:06:38,151 INFO  impl.RoleInfo (RoleInfo.java:updateAndGet(143)) - a2aa11f2-15d8-4e8f-ae5d-f8deb723e1ef: start LeaderState
2019-07-14 11:06:38,152 INFO  segmented.SegmentedRaftLogWorker (SegmentedRaftLogWorker.java:startLogSegment(380)) - a2aa11f2-15d8-4e8f-ae5d-f8deb723e1ef-SegmentedRaftLogWorker:Storage Directory /workdir/hadoop-ozone/integration-test/target/test-dir/MiniOzoneClusterImpl-6e75c1fa-424d-46f5-a8d1-9c8543b80f65/datanode-5/data/ratis/a5cc6165-dada-408f-b2c5-f853c64dce05: Starting segment from index:0
2019-07-14 11:06:38,152 INFO  impl.RaftServerImpl (ServerState.java:setRaftConf(361)) - a2aa11f2-15d8-4e8f-ae5d-f8deb723e1ef:group-F853C64DCE05 set configuration 0: [a2aa11f2-15d8-4e8f-ae5d-f8deb723e1ef:192.168.157.209:35425], old=null at 0
2019-07-14 11:06:38,184 INFO  segmented.SegmentedRaftLogWorker (SegmentedRaftLogWorker.java:execute(569)) - a2aa11f2-15d8-4e8f-ae5d-f8deb723e1ef-SegmentedRaftLogWorker:Storage Directory /workdir/hadoop-ozone/integration-test/target/test-dir/MiniOzoneClusterImpl-6e75c1fa-424d-46f5-a8d1-9c8543b80f65/datanode-5/data/ratis/a5cc6165-dada-408f-b2c5-f853c64dce05: created new log segment /workdir/hadoop-ozone/integration-test/target/test-dir/MiniOzoneClusterImpl-6e75c1fa-424d-46f5-a8d1-9c8543b80f65/datanode-5/data/ratis/a5cc6165-dada-408f-b2c5-f853c64dce05/current/log_inprogress_0
2019-07-14 11:06:38,233 INFO  impl.FollowerState (FollowerState.java:run(106)) - d568da82-e7da-4b22-97a5-879c917df10e:group-5718B09F1503 changes to CANDIDATE, lastRpcTime:5057, electionTimeout:5057ms
2019-07-14 11:06:38,233 INFO  impl.RoleInfo (RoleInfo.java:shutdownFollowerState(121)) - d568da82-e7da-4b22-97a5-879c917df10e: shutdown FollowerState
2019-07-14 11:06:38,233 INFO  impl.RaftServerImpl (RaftServerImpl.java:setRole(171)) - d568da82-e7da-4b22-97a5-879c917df10e:group-5718B09F1503 changes role from FOLLOWER to CANDIDATE at term 0 for changeToCandidate
2019-07-14 11:06:38,233 INFO  impl.RoleInfo (RoleInfo.java:updateAndGet(143)) - d568da82-e7da-4b22-97a5-879c917df10e: start LeaderElection
2019-07-14 11:06:38,238 INFO  impl.FollowerState (FollowerState.java:run(106)) - a2aa11f2-15d8-4e8f-ae5d-f8deb723e1ef:group-5718B09F1503 changes to CANDIDATE, lastRpcTime:5069, electionTimeout:5066ms
2019-07-14 11:06:38,240 INFO  impl.RoleInfo (RoleInfo.java:shutdownFollowerState(121)) - a2aa11f2-15d8-4e8f-ae5d-f8deb723e1ef: shutdown FollowerState
2019-07-14 11:06:38,240 INFO  impl.RaftServerImpl (RaftServerImpl.java:setRole(171)) - a2aa11f2-15d8-4e8f-ae5d-f8deb723e1ef:group-5718B09F1503 changes role from FOLLOWER to CANDIDATE at term 0 for changeToCandidate
2019-07-14 11:06:38,240 INFO  impl.RoleInfo (RoleInfo.java:updateAndGet(143)) - a2aa11f2-15d8-4e8f-ae5d-f8deb723e1ef: start LeaderElection
2019-07-14 11:06:38,253 INFO  impl.LeaderElection (LeaderElection.java:askForVotes(181)) - a2aa11f2-15d8-4e8f-ae5d-f8deb723e1ef:group-5718B09F1503:LeaderElection82: begin an election at term 1 for -1: [a2aa11f2-15d8-4e8f-ae5d-f8deb723e1ef:192.168.157.209:35425, 8f16bc0e-88ee-4195-be19-d95d05fb91e0:192.168.157.209:40453, d568da82-e7da-4b22-97a5-879c917df10e:192.168.157.209:38856], old=null
2019-07-14 11:06:38,253 INFO  impl.LeaderElection (LeaderElection.java:askForVotes(181)) - d568da82-e7da-4b22-97a5-879c917df10e:group-5718B09F1503:LeaderElection81: begin an election at term 1 for -1: [a2aa11f2-15d8-4e8f-ae5d-f8deb723e1ef:192.168.157.209:35425, 8f16bc0e-88ee-4195-be19-d95d05fb91e0:192.168.157.209:40453, d568da82-e7da-4b22-97a5-879c917df10e:192.168.157.209:38856], old=null
2019-07-14 11:06:38,263 INFO  impl.RaftServerImpl (RaftServerImpl.java:setRole(171)) - 8f16bc0e-88ee-4195-be19-d95d05fb91e0:group-5718B09F1503 changes role from FOLLOWER to FOLLOWER at term 1 for recognizeCandidate:a2aa11f2-15d8-4e8f-ae5d-f8deb723e1ef
2019-07-14 11:06:38,263 INFO  impl.RoleInfo (RoleInfo.java:shutdownFollowerState(121)) - 8f16bc0e-88ee-4195-be19-d95d05fb91e0: shutdown FollowerState
2019-07-14 11:06:38,266 INFO  impl.RoleInfo (RoleInfo.java:updateAndGet(143)) - 8f16bc0e-88ee-4195-be19-d95d05fb91e0: start FollowerState
2019-07-14 11:06:38,266 INFO  impl.FollowerState (FollowerState.java:run(114)) - 8f16bc0e-88ee-4195-be19-d95d05fb91e0: FollowerState was interrupted: java.lang.InterruptedException: sleep interrupted
2019-07-14 11:06:38,285 INFO  impl.LeaderElection (LeaderElection.java:logAndReturn(56)) - a2aa11f2-15d8-4e8f-ae5d-f8deb723e1ef:group-5718B09F1503:LeaderElection82: Election PASSED; received 2 response(s) [a2aa11f2-15d8-4e8f-ae5d-f8deb723e1ef<-8f16bc0e-88ee-4195-be19-d95d05fb91e0#0:OK-t1, a2aa11f2-15d8-4e8f-ae5d-f8deb723e1ef<-d568da82-e7da-4b22-97a5-879c917df10e#0:FAIL-t1] and 0 exception(s); a2aa11f2-15d8-4e8f-ae5d-f8deb723e1ef:t1, leader=null, voted=a2aa11f2-15d8-4e8f-ae5d-f8deb723e1ef, raftlog=a2aa11f2-15d8-4e8f-ae5d-f8deb723e1ef-SegmentedRaftLog:OPENED:c-1,f-1,i0, conf=-1: [a2aa11f2-15d8-4e8f-ae5d-f8deb723e1ef:192.168.157.209:35425, 8f16bc0e-88ee-4195-be19-d95d05fb91e0:192.168.157.209:40453, d568da82-e7da-4b22-97a5-879c917df10e:192.168.157.209:38856], old=null
2019-07-14 11:06:38,285 INFO  impl.LeaderElection (LeaderElection.java:logAndReturn(56)) - d568da82-e7da-4b22-97a5-879c917df10e:group-5718B09F1503:LeaderElection81: Election REJECTED; received 2 response(s) [d568da82-e7da-4b22-97a5-879c917df10e<-a2aa11f2-15d8-4e8f-ae5d-f8deb723e1ef#0:FAIL-t1, d568da82-e7da-4b22-97a5-879c917df10e<-8f16bc0e-88ee-4195-be19-d95d05fb91e0#0:FAIL-t1] and 0 exception(s); d568da82-e7da-4b22-97a5-879c917df10e:t1, leader=null, voted=d568da82-e7da-4b22-97a5-879c917df10e, raftlog=d568da82-e7da-4b22-97a5-879c917df10e-SegmentedRaftLog:OPENED:c-1,f-1,i0, conf=-1: [a2aa11f2-15d8-4e8f-ae5d-f8deb723e1ef:192.168.157.209:35425, 8f16bc0e-88ee-4195-be19-d95d05fb91e0:192.168.157.209:40453, d568da82-e7da-4b22-97a5-879c917df10e:192.168.157.209:38856], old=null
2019-07-14 11:06:38,285 INFO  impl.RoleInfo (RoleInfo.java:shutdownLeaderElection(134)) - a2aa11f2-15d8-4e8f-ae5d-f8deb723e1ef: shutdown LeaderElection
2019-07-14 11:06:38,285 INFO  impl.RaftServerImpl (RaftServerImpl.java:setRole(171)) - d568da82-e7da-4b22-97a5-879c917df10e:group-5718B09F1503 changes role from CANDIDATE to FOLLOWER at term 1 for DISCOVERED_A_NEW_TERM
2019-07-14 11:06:38,285 INFO  impl.RaftServerImpl (RaftServerImpl.java:setRole(171)) - a2aa11f2-15d8-4e8f-ae5d-f8deb723e1ef:group-5718B09F1503 changes role from CANDIDATE to LEADER at term 1 for changeToLeader
2019-07-14 11:06:38,285 INFO  impl.RoleInfo (RoleInfo.java:shutdownLeaderElection(134)) - d568da82-e7da-4b22-97a5-879c917df10e: shutdown LeaderElection
2019-07-14 11:06:38,286 INFO  impl.RaftServerImpl (ServerState.java:setLeader(263)) - a2aa11f2-15d8-4e8f-ae5d-f8deb723e1ef:group-5718B09F1503 change Leader from null to a2aa11f2-15d8-4e8f-ae5d-f8deb723e1ef at term 1 for becomeLeader, leader elected after 5124ms
2019-07-14 11:06:38,286 INFO  impl.RoleInfo (RoleInfo.java:updateAndGet(143)) - d568da82-e7da-4b22-97a5-879c917df10e: start FollowerState
2019-07-14 11:06:38,286 INFO  server.RaftServerConfigKeys (ConfUtils.java:logGet(43)) - raft.server.staging.catchup.gap = 1000 (default)
2019-07-14 11:06:38,286 INFO  server.RaftServerConfigKeys (ConfUtils.java:logGet(43)) - raft.server.rpc.sleep.time = 25ms (default)
2019-07-14 11:06:38,286 INFO  server.RaftServerConfigKeys (ConfUtils.java:logGet(43)) - raft.server.write.element-limit = 4096 (default)
2019-07-14 11:06:38,286 INFO  server.RaftServerConfigKeys (ConfUtils.java:logGet(43)) - raft.server.watch.timeout = 10s (default)
2019-07-14 11:06:38,287 INFO  server.RaftServerConfigKeys (ConfUtils.java:logGet(43)) - raft.server.watch.timeout.denomination = 1s (default)
2019-07-14 11:06:38,287 INFO  server.RaftServerConfigKeys (ConfUtils.java:logGet(43)) - raft.server.watch.element-limit = 65536 (default)
2019-07-14 11:06:38,287 INFO  server.RaftServerConfigKeys (ConfUtils.java:logGet(43)) - raft.server.log.appender.snapshot.chunk.size.max = 16MB (=16777216) (default)
2019-07-14 11:06:38,287 INFO  server.RaftServerConfigKeys (ConfUtils.java:logGet(43)) - raft.server.log.appender.buffer.byte-limit = 33554432 (custom)
2019-07-14 11:06:38,287 INFO  server.RaftServerConfigKeys (ConfUtils.java:logGet(43)) - raft.server.log.appender.buffer.element-limit = 1 (custom)
2019-07-14 11:06:38,288 INFO  grpc.GrpcConfigKeys$Server (ConfUtils.java:logGet(43)) - raft.grpc.server.leader.outstanding.appends.max = 128 (default)
2019-07-14 11:06:38,288 INFO  server.RaftServerConfigKeys (ConfUtils.java:logGet(43)) - raft.server.rpc.request.timeout = 3000ms (default)
2019-07-14 11:06:38,288 INFO  server.RaftServerConfigKeys (ConfUtils.java:logGet(43)) - raft.server.log.appender.install.snapshot.enabled = false (custom)
2019-07-14 11:06:38,288 INFO  server.RaftServerConfigKeys (ConfUtils.java:logGet(43)) - raft.server.log.appender.snapshot.chunk.size.max = 16MB (=16777216) (default)
2019-07-14 11:06:38,288 INFO  server.RaftServerConfigKeys (ConfUtils.java:logGet(43)) - raft.server.log.appender.buffer.byte-limit = 33554432 (custom)
2019-07-14 11:06:38,289 INFO  server.RaftServerConfigKeys (ConfUtils.java:logGet(43)) - raft.server.log.appender.buffer.element-limit = 1 (custom)
2019-07-14 11:06:38,289 INFO  grpc.GrpcConfigKeys$Server (ConfUtils.java:logGet(43)) - raft.grpc.server.leader.outstanding.appends.max = 128 (default)
2019-07-14 11:06:38,289 INFO  server.RaftServerConfigKeys (ConfUtils.java:logGet(43)) - raft.server.rpc.request.timeout = 3000ms (default)
2019-07-14 11:06:38,289 INFO  server.RaftServerConfigKeys (ConfUtils.java:logGet(43)) - raft.server.log.appender.install.snapshot.enabled = false (custom)
2019-07-14 11:06:38,289 INFO  impl.RoleInfo (RoleInfo.java:updateAndGet(143)) - a2aa11f2-15d8-4e8f-ae5d-f8deb723e1ef: start LeaderState
2019-07-14 11:06:38,290 INFO  segmented.SegmentedRaftLogWorker (SegmentedRaftLogWorker.java:startLogSegment(380)) - a2aa11f2-15d8-4e8f-ae5d-f8deb723e1ef-SegmentedRaftLogWorker:Storage Directory /workdir/hadoop-ozone/integration-test/target/test-dir/MiniOzoneClusterImpl-6e75c1fa-424d-46f5-a8d1-9c8543b80f65/datanode-5/data/ratis/aa1b3ba5-055f-4007-a0b2-5718b09f1503: Starting segment from index:0
2019-07-14 11:06:38,291 INFO  impl.RaftServerImpl (ServerState.java:setRaftConf(361)) - a2aa11f2-15d8-4e8f-ae5d-f8deb723e1ef:group-5718B09F1503 set configuration 0: [a2aa11f2-15d8-4e8f-ae5d-f8deb723e1ef:192.168.157.209:35425, 8f16bc0e-88ee-4195-be19-d95d05fb91e0:192.168.157.209:40453, d568da82-e7da-4b22-97a5-879c917df10e:192.168.157.209:38856], old=null at 0
2019-07-14 11:06:38,292 INFO  impl.RaftServerImpl (ServerState.java:setLeader(263)) - d568da82-e7da-4b22-97a5-879c917df10e:group-5718B09F1503 change Leader from null to a2aa11f2-15d8-4e8f-ae5d-f8deb723e1ef at term 1 for appendEntries, leader elected after 5131ms
2019-07-14 11:06:38,292 INFO  impl.RaftServerImpl (ServerState.java:setLeader(263)) - 8f16bc0e-88ee-4195-be19-d95d05fb91e0:group-5718B09F1503 change Leader from null to a2aa11f2-15d8-4e8f-ae5d-f8deb723e1ef at term 1 for appendEntries, leader elected after 5131ms
2019-07-14 11:06:38,296 INFO  impl.RaftServerImpl (ServerState.java:setRaftConf(361)) - d568da82-e7da-4b22-97a5-879c917df10e:group-5718B09F1503 set configuration 0: [a2aa11f2-15d8-4e8f-ae5d-f8deb723e1ef:192.168.157.209:35425, 8f16bc0e-88ee-4195-be19-d95d05fb91e0:192.168.157.209:40453, d568da82-e7da-4b22-97a5-879c917df10e:192.168.157.209:38856], old=null at 0
2019-07-14 11:06:38,297 INFO  impl.RaftServerImpl (ServerState.java:setRaftConf(361)) - 8f16bc0e-88ee-4195-be19-d95d05fb91e0:group-5718B09F1503 set configuration 0: [a2aa11f2-15d8-4e8f-ae5d-f8deb723e1ef:192.168.157.209:35425, 8f16bc0e-88ee-4195-be19-d95d05fb91e0:192.168.157.209:40453, d568da82-e7da-4b22-97a5-879c917df10e:192.168.157.209:38856], old=null at 0
2019-07-14 11:06:38,297 INFO  segmented.SegmentedRaftLogWorker (SegmentedRaftLogWorker.java:startLogSegment(380)) - d568da82-e7da-4b22-97a5-879c917df10e-SegmentedRaftLogWorker:Storage Directory /workdir/hadoop-ozone/integration-test/target/test-dir/MiniOzoneClusterImpl-6e75c1fa-424d-46f5-a8d1-9c8543b80f65/datanode-3/data/ratis/aa1b3ba5-055f-4007-a0b2-5718b09f1503: Starting segment from index:0
2019-07-14 11:06:38,297 INFO  segmented.SegmentedRaftLogWorker (SegmentedRaftLogWorker.java:startLogSegment(380)) - 8f16bc0e-88ee-4195-be19-d95d05fb91e0-SegmentedRaftLogWorker:Storage Directory /workdir/hadoop-ozone/integration-test/target/test-dir/MiniOzoneClusterImpl-6e75c1fa-424d-46f5-a8d1-9c8543b80f65/datanode-4/data/ratis/aa1b3ba5-055f-4007-a0b2-5718b09f1503: Starting segment from index:0
2019-07-14 11:06:38,321 INFO  segmented.SegmentedRaftLogWorker (SegmentedRaftLogWorker.java:execute(569)) - a2aa11f2-15d8-4e8f-ae5d-f8deb723e1ef-SegmentedRaftLogWorker:Storage Directory /workdir/hadoop-ozone/integration-test/target/test-dir/MiniOzoneClusterImpl-6e75c1fa-424d-46f5-a8d1-9c8543b80f65/datanode-5/data/ratis/aa1b3ba5-055f-4007-a0b2-5718b09f1503: created new log segment /workdir/hadoop-ozone/integration-test/target/test-dir/MiniOzoneClusterImpl-6e75c1fa-424d-46f5-a8d1-9c8543b80f65/datanode-5/data/ratis/aa1b3ba5-055f-4007-a0b2-5718b09f1503/current/log_inprogress_0
2019-07-14 11:06:38,321 INFO  segmented.SegmentedRaftLogWorker (SegmentedRaftLogWorker.java:execute(569)) - 8f16bc0e-88ee-4195-be19-d95d05fb91e0-SegmentedRaftLogWorker:Storage Directory /workdir/hadoop-ozone/integration-test/target/test-dir/MiniOzoneClusterImpl-6e75c1fa-424d-46f5-a8d1-9c8543b80f65/datanode-4/data/ratis/aa1b3ba5-055f-4007-a0b2-5718b09f1503: created new log segment /workdir/hadoop-ozone/integration-test/target/test-dir/MiniOzoneClusterImpl-6e75c1fa-424d-46f5-a8d1-9c8543b80f65/datanode-4/data/ratis/aa1b3ba5-055f-4007-a0b2-5718b09f1503/current/log_inprogress_0
2019-07-14 11:06:38,321 INFO  segmented.SegmentedRaftLogWorker (SegmentedRaftLogWorker.java:execute(569)) - d568da82-e7da-4b22-97a5-879c917df10e-SegmentedRaftLogWorker:Storage Directory /workdir/hadoop-ozone/integration-test/target/test-dir/MiniOzoneClusterImpl-6e75c1fa-424d-46f5-a8d1-9c8543b80f65/datanode-3/data/ratis/aa1b3ba5-055f-4007-a0b2-5718b09f1503: created new log segment /workdir/hadoop-ozone/integration-test/target/test-dir/MiniOzoneClusterImpl-6e75c1fa-424d-46f5-a8d1-9c8543b80f65/datanode-3/data/ratis/aa1b3ba5-055f-4007-a0b2-5718b09f1503/current/log_inprogress_0
2019-07-14 11:06:38,410 INFO  impl.FollowerState (FollowerState.java:run(106)) - f1f659bf-5111-4acf-8d63-99abce61f0a8:group-A99DE945A33A changes to CANDIDATE, lastRpcTime:5051, electionTimeout:5051ms
2019-07-14 11:06:38,410 INFO  impl.RoleInfo (RoleInfo.java:shutdownFollowerState(121)) - f1f659bf-5111-4acf-8d63-99abce61f0a8: shutdown FollowerState
2019-07-14 11:06:38,410 INFO  impl.RaftServerImpl (RaftServerImpl.java:setRole(171)) - f1f659bf-5111-4acf-8d63-99abce61f0a8:group-A99DE945A33A changes role from FOLLOWER to CANDIDATE at term 0 for changeToCandidate
2019-07-14 11:06:38,410 INFO  impl.RoleInfo (RoleInfo.java:updateAndGet(143)) - f1f659bf-5111-4acf-8d63-99abce61f0a8: start LeaderElection
2019-07-14 11:06:38,420 INFO  client.GrpcClientProtocolClient (GrpcClientProtocolClient.java:onNext(255)) - client-325A5717FBC5->f1f659bf-5111-4acf-8d63-99abce61f0a8: receive RaftClientReply:client-325A5717FBC5->f1f659bf-5111-4acf-8d63-99abce61f0a8@group-A99DE945A33A, cid=148, FAILED org.apache.ratis.protocol.NotLeaderException: Server f1f659bf-5111-4acf-8d63-99abce61f0a8 is not the leader (null). Request must be sent to leader., logIndex=0, commits[f1f659bf-5111-4acf-8d63-99abce61f0a8:c-1]
2019-07-14 11:06:38,439 INFO  impl.LeaderElection (LeaderElection.java:askForVotes(181)) - f1f659bf-5111-4acf-8d63-99abce61f0a8:group-A99DE945A33A:LeaderElection83: begin an election at term 1 for -1: [f1f659bf-5111-4acf-8d63-99abce61f0a8:192.168.157.209:38166], old=null
2019-07-14 11:06:38,439 INFO  impl.RoleInfo (RoleInfo.java:shutdownLeaderElection(134)) - f1f659bf-5111-4acf-8d63-99abce61f0a8: shutdown LeaderElection
2019-07-14 11:06:38,439 INFO  impl.RaftServerImpl (RaftServerImpl.java:setRole(171)) - f1f659bf-5111-4acf-8d63-99abce61f0a8:group-A99DE945A33A changes role from CANDIDATE to LEADER at term 1 for changeToLeader
2019-07-14 11:06:38,439 INFO  impl.RaftServerImpl (ServerState.java:setLeader(263)) - f1f659bf-5111-4acf-8d63-99abce61f0a8:group-A99DE945A33A change Leader from null to f1f659bf-5111-4acf-8d63-99abce61f0a8 at term 1 for becomeLeader, leader elected after 5085ms
2019-07-14 11:06:38,442 INFO  server.RaftServerConfigKeys (ConfUtils.java:logGet(43)) - raft.server.staging.catchup.gap = 1000 (default)
2019-07-14 11:06:38,442 INFO  server.RaftServerConfigKeys (ConfUtils.java:logGet(43)) - raft.server.rpc.sleep.time = 25ms (default)
2019-07-14 11:06:38,442 INFO  server.RaftServerConfigKeys (ConfUtils.java:logGet(43)) - raft.server.write.element-limit = 4096 (default)
2019-07-14 11:06:38,442 INFO  server.RaftServerConfigKeys (ConfUtils.java:logGet(43)) - raft.server.watch.timeout = 10s (default)
2019-07-14 11:06:38,442 INFO  server.RaftServerConfigKeys (ConfUtils.java:logGet(43)) - raft.server.watch.timeout.denomination = 1s (default)
2019-07-14 11:06:38,442 INFO  server.RaftServerConfigKeys (ConfUtils.java:logGet(43)) - raft.server.watch.element-limit = 65536 (default)
2019-07-14 11:06:38,443 INFO  impl.RoleInfo (RoleInfo.java:updateAndGet(143)) - f1f659bf-5111-4acf-8d63-99abce61f0a8: start LeaderState
2019-07-14 11:06:38,443 INFO  segmented.SegmentedRaftLogWorker (SegmentedRaftLogWorker.java:startLogSegment(380)) - f1f659bf-5111-4acf-8d63-99abce61f0a8-SegmentedRaftLogWorker:Storage Directory /workdir/hadoop-ozone/integration-test/target/test-dir/MiniOzoneClusterImpl-6e75c1fa-424d-46f5-a8d1-9c8543b80f65/datanode-6/data/ratis/8cbf8a43-2cf2-488f-8b8e-a99de945a33a: Starting segment from index:0
2019-07-14 11:06:38,444 INFO  impl.RaftServerImpl (ServerState.java:setRaftConf(361)) - f1f659bf-5111-4acf-8d63-99abce61f0a8:group-A99DE945A33A set configuration 0: [f1f659bf-5111-4acf-8d63-99abce61f0a8:192.168.157.209:38166], old=null at 0
2019-07-14 11:06:38,472 INFO  segmented.SegmentedRaftLogWorker (SegmentedRaftLogWorker.java:execute(569)) - f1f659bf-5111-4acf-8d63-99abce61f0a8-SegmentedRaftLogWorker:Storage Directory /workdir/hadoop-ozone/integration-test/target/test-dir/MiniOzoneClusterImpl-6e75c1fa-424d-46f5-a8d1-9c8543b80f65/datanode-6/data/ratis/8cbf8a43-2cf2-488f-8b8e-a99de945a33a: created new log segment /workdir/hadoop-ozone/integration-test/target/test-dir/MiniOzoneClusterImpl-6e75c1fa-424d-46f5-a8d1-9c8543b80f65/datanode-6/data/ratis/8cbf8a43-2cf2-488f-8b8e-a99de945a33a/current/log_inprogress_0
2019-07-14 11:06:40,545 INFO  client.GrpcClientProtocolClient (GrpcClientProtocolClient.java:onNext(255)) - client-325A5717FBC5->f1f659bf-5111-4acf-8d63-99abce61f0a8: receive RaftClientReply:client-325A5717FBC5->f1f659bf-5111-4acf-8d63-99abce61f0a8@group-A99DE945A33A, cid=148, SUCCESS, logIndex=1, commits[f1f659bf-5111-4acf-8d63-99abce61f0a8:c1]
2019-07-14 11:06:40,566 INFO  client.GrpcClientProtocolClient (GrpcClientProtocolClient.java:onNext(255)) - client-325A5717FBC5->f1f659bf-5111-4acf-8d63-99abce61f0a8: receive RaftClientReply:client-325A5717FBC5->f1f659bf-5111-4acf-8d63-99abce61f0a8@group-A99DE945A33A, cid=149, SUCCESS, logIndex=3, commits[f1f659bf-5111-4acf-8d63-99abce61f0a8:c3]
2019-07-14 11:06:40,617 INFO  client.GrpcClientProtocolClient (GrpcClientProtocolClient.java:onNext(255)) - client-325A5717FBC5->f1f659bf-5111-4acf-8d63-99abce61f0a8: receive RaftClientReply:client-325A5717FBC5->f1f659bf-5111-4acf-8d63-99abce61f0a8@group-A99DE945A33A, cid=150, SUCCESS, logIndex=4, commits[f1f659bf-5111-4acf-8d63-99abce61f0a8:c9]
2019-07-14 11:06:40,618 INFO  client.GrpcClientProtocolClient (GrpcClientProtocolClient.java:onNext(255)) - client-325A5717FBC5->f1f659bf-5111-4acf-8d63-99abce61f0a8: receive RaftClientReply:client-325A5717FBC5->f1f659bf-5111-4acf-8d63-99abce61f0a8@group-A99DE945A33A, cid=151, SUCCESS, logIndex=5, commits[f1f659bf-5111-4acf-8d63-99abce61f0a8:c9]
2019-07-14 11:06:40,618 INFO  client.GrpcClientProtocolClient (GrpcClientProtocolClient.java:onNext(255)) - client-325A5717FBC5->f1f659bf-5111-4acf-8d63-99abce61f0a8: receive RaftClientReply:client-325A5717FBC5->f1f659bf-5111-4acf-8d63-99abce61f0a8@group-A99DE945A33A, cid=152, SUCCESS, logIndex=6, commits[f1f659bf-5111-4acf-8d63-99abce61f0a8:c9]
2019-07-14 11:06:40,619 INFO  client.GrpcClientProtocolClient (GrpcClientProtocolClient.java:onNext(255)) - client-325A5717FBC5->f1f659bf-5111-4acf-8d63-99abce61f0a8: receive RaftClientReply:client-325A5717FBC5->f1f659bf-5111-4acf-8d63-99abce61f0a8@group-A99DE945A33A, cid=153, SUCCESS, logIndex=7, commits[f1f659bf-5111-4acf-8d63-99abce61f0a8:c9]
2019-07-14 11:06:40,635 INFO  client.GrpcClientProtocolClient (GrpcClientProtocolClient.java:onNext(255)) - client-325A5717FBC5->f1f659bf-5111-4acf-8d63-99abce61f0a8: receive RaftClientReply:client-325A5717FBC5->f1f659bf-5111-4acf-8d63-99abce61f0a8@group-A99DE945A33A, cid=154, SUCCESS, logIndex=10, commits[f1f659bf-5111-4acf-8d63-99abce61f0a8:c10]
2019-07-14 11:06:40,636 INFO  client.GrpcClientProtocolClient (GrpcClientProtocolClient.java:onNext(255)) - client-325A5717FBC5->f1f659bf-5111-4acf-8d63-99abce61f0a8: receive RaftClientReply:client-325A5717FBC5->f1f659bf-5111-4acf-8d63-99abce61f0a8@group-A99DE945A33A, cid=155, SUCCESS, logIndex=11, commits[f1f659bf-5111-4acf-8d63-99abce61f0a8:c12]
2019-07-14 11:06:40,638 INFO  container.CloseContainerEventHandler (CloseContainerEventHandler.java:onMessage(61)) - Close container Event triggered for container : #1
2019-07-14 11:06:42,351 INFO  interfaces.Container (KeyValueContainer.java:compactDB(356)) - Container 1 is closed with bcsId 11.
11:06:42.642 [grpc-default-executor-2] ERROR DNAudit - user=null | ip=null | op=WRITE_CHUNK {blockData=conID: 1 locID: 102439478517563403 bcsId: 11} | ret=FAILURE
org.apache.hadoop.hdds.scm.container.common.helpers.ContainerNotOpenException: Container 1 in CLOSED state
	at org.apache.hadoop.ozone.container.common.impl.HddsDispatcher.validateContainerCommand(HddsDispatcher.java:408) ~[hadoop-hdds-container-service-0.5.0-SNAPSHOT.jar:?]
	at org.apache.hadoop.ozone.container.common.transport.server.ratis.ContainerStateMachine.startTransaction(ContainerStateMachine.java:272) ~[hadoop-hdds-container-service-0.5.0-SNAPSHOT.jar:?]
	at org.apache.ratis.server.impl.RaftServerImpl.submitClientRequestAsync(RaftServerImpl.java:566) ~[ratis-server-0.4.0-2337318-SNAPSHOT.jar:0.4.0-2337318-SNAPSHOT]
	at org.apache.ratis.server.impl.RaftServerProxy.lambda$submitClientRequestAsync$7(RaftServerProxy.java:333) ~[ratis-server-0.4.0-2337318-SNAPSHOT.jar:0.4.0-2337318-SNAPSHOT]
	at org.apache.ratis.server.impl.RaftServerProxy.lambda$null$5(RaftServerProxy.java:328) ~[ratis-server-0.4.0-2337318-SNAPSHOT.jar:0.4.0-2337318-SNAPSHOT]
	at org.apache.ratis.util.JavaUtils.callAsUnchecked(JavaUtils.java:109) ~[ratis-common-0.4.0-2337318-SNAPSHOT.jar:0.4.0-2337318-SNAPSHOT]
	at org.apache.ratis.server.impl.RaftServerProxy.lambda$submitRequest$6(RaftServerProxy.java:328) ~[ratis-server-0.4.0-2337318-SNAPSHOT.jar:0.4.0-2337318-SNAPSHOT]
	at java.util.concurrent.CompletableFuture.uniComposeStage(CompletableFuture.java:981) ~[?:1.8.0_212]
	at java.util.concurrent.CompletableFuture.thenCompose(CompletableFuture.java:2124) ~[?:1.8.0_212]
	at org.apache.ratis.server.impl.RaftServerProxy.submitRequest(RaftServerProxy.java:327) ~[ratis-server-0.4.0-2337318-SNAPSHOT.jar:0.4.0-2337318-SNAPSHOT]
	at org.apache.ratis.server.impl.RaftServerProxy.submitClientRequestAsync(RaftServerProxy.java:333) ~[ratis-server-0.4.0-2337318-SNAPSHOT.jar:0.4.0-2337318-SNAPSHOT]
	at org.apache.ratis.grpc.client.GrpcClientProtocolService$RequestStreamObserver.processClientRequest(GrpcClientProtocolService.java:220) ~[ratis-grpc-0.4.0-2337318-SNAPSHOT.jar:0.4.0-2337318-SNAPSHOT]
	at org.apache.ratis.grpc.client.GrpcClientProtocolService$OrderedRequestStreamObserver.processClientRequest(GrpcClientProtocolService.java:326) ~[ratis-grpc-0.4.0-2337318-SNAPSHOT.jar:0.4.0-2337318-SNAPSHOT]
	at org.apache.ratis.util.SlidingWindow$Server.processRequestsFromHead(SlidingWindow.java:429) [ratis-common-0.4.0-2337318-SNAPSHOT.jar:0.4.0-2337318-SNAPSHOT]
	at org.apache.ratis.util.SlidingWindow$Server.receivedRequest(SlidingWindow.java:421) [ratis-common-0.4.0-2337318-SNAPSHOT.jar:0.4.0-2337318-SNAPSHOT]
	at org.apache.ratis.grpc.client.GrpcClientProtocolService$OrderedRequestStreamObserver.processClientRequest(GrpcClientProtocolService.java:345) [ratis-grpc-0.4.0-2337318-SNAPSHOT.jar:0.4.0-2337318-SNAPSHOT]
	at org.apache.ratis.grpc.client.GrpcClientProtocolService$RequestStreamObserver.onNext(GrpcClientProtocolService.java:240) [ratis-grpc-0.4.0-2337318-SNAPSHOT.jar:0.4.0-2337318-SNAPSHOT]
	at org.apache.ratis.grpc.client.GrpcClientProtocolService$RequestStreamObserver.onNext(GrpcClientProtocolService.java:168) [ratis-grpc-0.4.0-2337318-SNAPSHOT.jar:0.4.0-2337318-SNAPSHOT]
	at org.apache.ratis.thirdparty.io.grpc.stub.ServerCalls$StreamingServerCallHandler$StreamingServerCallListener.onMessage(ServerCalls.java:248) [ratis-thirdparty-misc-0.2.0.jar:0.2.0]
	at org.apache.ratis.thirdparty.io.grpc.internal.ServerCallImpl$ServerStreamListenerImpl.messagesAvailable(ServerCallImpl.java:263) [ratis-thirdparty-misc-0.2.0.jar:0.2.0]
	at org.apache.ratis.thirdparty.io.grpc.internal.ServerImpl$JumpToApplicationThreadServerStreamListener$1MessagesAvailable.runInContext(ServerImpl.java:686) [ratis-thirdparty-misc-0.2.0.jar:0.2.0]
	at org.apache.ratis.thirdparty.io.grpc.internal.ContextRunnable.run(ContextRunnable.java:37) [ratis-thirdparty-misc-0.2.0.jar:0.2.0]
	at org.apache.ratis.thirdparty.io.grpc.internal.SerializingExecutor.run(SerializingExecutor.java:123) [ratis-thirdparty-misc-0.2.0.jar:0.2.0]
	at java.util.concurrent.ThreadPoolExecutor.runWorker(ThreadPoolExecutor.java:1149) [?:1.8.0_212]
	at java.util.concurrent.ThreadPoolExecutor$Worker.run(ThreadPoolExecutor.java:624) [?:1.8.0_212]
	at java.lang.Thread.run(Thread.java:748) [?:1.8.0_212]
11:06:42.644 [grpc-default-executor-2] ERROR DNAudit - user=null | ip=null | op=WRITE_CHUNK {blockData=conID: 1 locID: 102439478517563403 bcsId: 11} | ret=FAILURE
org.apache.hadoop.hdds.scm.container.common.helpers.ContainerNotOpenException: Container 1 in CLOSED state
	at org.apache.hadoop.ozone.container.common.impl.HddsDispatcher.validateContainerCommand(HddsDispatcher.java:408) ~[hadoop-hdds-container-service-0.5.0-SNAPSHOT.jar:?]
	at org.apache.hadoop.ozone.container.common.transport.server.ratis.ContainerStateMachine.startTransaction(ContainerStateMachine.java:272) ~[hadoop-hdds-container-service-0.5.0-SNAPSHOT.jar:?]
	at org.apache.ratis.server.impl.RaftServerImpl.submitClientRequestAsync(RaftServerImpl.java:566) ~[ratis-server-0.4.0-2337318-SNAPSHOT.jar:0.4.0-2337318-SNAPSHOT]
	at org.apache.ratis.server.impl.RaftServerProxy.lambda$submitClientRequestAsync$7(RaftServerProxy.java:333) ~[ratis-server-0.4.0-2337318-SNAPSHOT.jar:0.4.0-2337318-SNAPSHOT]
	at org.apache.ratis.server.impl.RaftServerProxy.lambda$null$5(RaftServerProxy.java:328) ~[ratis-server-0.4.0-2337318-SNAPSHOT.jar:0.4.0-2337318-SNAPSHOT]
	at org.apache.ratis.util.JavaUtils.callAsUnchecked(JavaUtils.java:109) ~[ratis-common-0.4.0-2337318-SNAPSHOT.jar:0.4.0-2337318-SNAPSHOT]
	at org.apache.ratis.server.impl.RaftServerProxy.lambda$submitRequest$6(RaftServerProxy.java:328) ~[ratis-server-0.4.0-2337318-SNAPSHOT.jar:0.4.0-2337318-SNAPSHOT]
	at java.util.concurrent.CompletableFuture.uniComposeStage(CompletableFuture.java:981) ~[?:1.8.0_212]
	at java.util.concurrent.CompletableFuture.thenCompose(CompletableFuture.java:2124) ~[?:1.8.0_212]
	at org.apache.ratis.server.impl.RaftServerProxy.submitRequest(RaftServerProxy.java:327) ~[ratis-server-0.4.0-2337318-SNAPSHOT.jar:0.4.0-2337318-SNAPSHOT]
	at org.apache.ratis.server.impl.RaftServerProxy.submitClientRequestAsync(RaftServerProxy.java:333) ~[ratis-server-0.4.0-2337318-SNAPSHOT.jar:0.4.0-2337318-SNAPSHOT]
	at org.apache.ratis.grpc.client.GrpcClientProtocolService$RequestStreamObserver.processClientRequest(GrpcClientProtocolService.java:220) ~[ratis-grpc-0.4.0-2337318-SNAPSHOT.jar:0.4.0-2337318-SNAPSHOT]
	at org.apache.ratis.grpc.client.GrpcClientProtocolService$OrderedRequestStreamObserver.processClientRequest(GrpcClientProtocolService.java:326) ~[ratis-grpc-0.4.0-2337318-SNAPSHOT.jar:0.4.0-2337318-SNAPSHOT]
	at org.apache.ratis.util.SlidingWindow$Server.processRequestsFromHead(SlidingWindow.java:429) [ratis-common-0.4.0-2337318-SNAPSHOT.jar:0.4.0-2337318-SNAPSHOT]
	at org.apache.ratis.util.SlidingWindow$Server.receivedRequest(SlidingWindow.java:421) [ratis-common-0.4.0-2337318-SNAPSHOT.jar:0.4.0-2337318-SNAPSHOT]
	at org.apache.ratis.grpc.client.GrpcClientProtocolService$OrderedRequestStreamObserver.processClientRequest(GrpcClientProtocolService.java:345) [ratis-grpc-0.4.0-2337318-SNAPSHOT.jar:0.4.0-2337318-SNAPSHOT]
	at org.apache.ratis.grpc.client.GrpcClientProtocolService$RequestStreamObserver.onNext(GrpcClientProtocolService.java:240) [ratis-grpc-0.4.0-2337318-SNAPSHOT.jar:0.4.0-2337318-SNAPSHOT]
	at org.apache.ratis.grpc.client.GrpcClientProtocolService$RequestStreamObserver.onNext(GrpcClientProtocolService.java:168) [ratis-grpc-0.4.0-2337318-SNAPSHOT.jar:0.4.0-2337318-SNAPSHOT]
	at org.apache.ratis.thirdparty.io.grpc.stub.ServerCalls$StreamingServerCallHandler$StreamingServerCallListener.onMessage(ServerCalls.java:248) [ratis-thirdparty-misc-0.2.0.jar:0.2.0]
	at org.apache.ratis.thirdparty.io.grpc.internal.ServerCallImpl$ServerStreamListenerImpl.messagesAvailable(ServerCallImpl.java:263) [ratis-thirdparty-misc-0.2.0.jar:0.2.0]
	at org.apache.ratis.thirdparty.io.grpc.internal.ServerImpl$JumpToApplicationThreadServerStreamListener$1MessagesAvailable.runInContext(ServerImpl.java:686) [ratis-thirdparty-misc-0.2.0.jar:0.2.0]
	at org.apache.ratis.thirdparty.io.grpc.internal.ContextRunnable.run(ContextRunnable.java:37) [ratis-thirdparty-misc-0.2.0.jar:0.2.0]
	at org.apache.ratis.thirdparty.io.grpc.internal.SerializingExecutor.run(SerializingExecutor.java:123) [ratis-thirdparty-misc-0.2.0.jar:0.2.0]
	at java.util.concurrent.ThreadPoolExecutor.runWorker(ThreadPoolExecutor.java:1149) [?:1.8.0_212]
	at java.util.concurrent.ThreadPoolExecutor$Worker.run(ThreadPoolExecutor.java:624) [?:1.8.0_212]
	at java.lang.Thread.run(Thread.java:748) [?:1.8.0_212]
11:06:42.659 [grpc-default-executor-2] ERROR DNAudit - user=null | ip=null | op=PUT_BLOCK {blockData=[blockId=conID: 1 locID: 102439478517563403 bcsId: 0,size=650]} | ret=FAILURE
org.apache.hadoop.hdds.scm.container.common.helpers.ContainerNotOpenException: Container 1 in CLOSED state
	at org.apache.hadoop.ozone.container.common.impl.HddsDispatcher.validateContainerCommand(HddsDispatcher.java:408) ~[hadoop-hdds-container-service-0.5.0-SNAPSHOT.jar:?]
	at org.apache.hadoop.ozone.container.common.transport.server.ratis.ContainerStateMachine.startTransaction(ContainerStateMachine.java:272) ~[hadoop-hdds-container-service-0.5.0-SNAPSHOT.jar:?]
	at org.apache.ratis.server.impl.RaftServerImpl.submitClientRequestAsync(RaftServerImpl.java:566) ~[ratis-server-0.4.0-2337318-SNAPSHOT.jar:0.4.0-2337318-SNAPSHOT]
	at org.apache.ratis.server.impl.RaftServerProxy.lambda$submitClientRequestAsync$7(RaftServerProxy.java:333) ~[ratis-server-0.4.0-2337318-SNAPSHOT.jar:0.4.0-2337318-SNAPSHOT]
	at org.apache.ratis.server.impl.RaftServerProxy.lambda$null$5(RaftServerProxy.java:328) ~[ratis-server-0.4.0-2337318-SNAPSHOT.jar:0.4.0-2337318-SNAPSHOT]
	at org.apache.ratis.util.JavaUtils.callAsUnchecked(JavaUtils.java:109) ~[ratis-common-0.4.0-2337318-SNAPSHOT.jar:0.4.0-2337318-SNAPSHOT]
	at org.apache.ratis.server.impl.RaftServerProxy.lambda$submitRequest$6(RaftServerProxy.java:328) ~[ratis-server-0.4.0-2337318-SNAPSHOT.jar:0.4.0-2337318-SNAPSHOT]
	at java.util.concurrent.CompletableFuture.uniComposeStage(CompletableFuture.java:981) ~[?:1.8.0_212]
	at java.util.concurrent.CompletableFuture.thenCompose(CompletableFuture.java:2124) ~[?:1.8.0_212]
	at org.apache.ratis.server.impl.RaftServerProxy.submitRequest(RaftServerProxy.java:327) ~[ratis-server-0.4.0-2337318-SNAPSHOT.jar:0.4.0-2337318-SNAPSHOT]
	at org.apache.ratis.server.impl.RaftServerProxy.submitClientRequestAsync(RaftServerProxy.java:333) ~[ratis-server-0.4.0-2337318-SNAPSHOT.jar:0.4.0-2337318-SNAPSHOT]
	at org.apache.ratis.grpc.client.GrpcClientProtocolService$RequestStreamObserver.processClientRequest(GrpcClientProtocolService.java:220) ~[ratis-grpc-0.4.0-2337318-SNAPSHOT.jar:0.4.0-2337318-SNAPSHOT]
	at org.apache.ratis.grpc.client.GrpcClientProtocolService$OrderedRequestStreamObserver.processClientRequest(GrpcClientProtocolService.java:326) ~[ratis-grpc-0.4.0-2337318-SNAPSHOT.jar:0.4.0-2337318-SNAPSHOT]
	at org.apache.ratis.util.SlidingWindow$Server.processRequestsFromHead(SlidingWindow.java:429) [ratis-common-0.4.0-2337318-SNAPSHOT.jar:0.4.0-2337318-SNAPSHOT]
	at org.apache.ratis.util.SlidingWindow$Server.receivedRequest(SlidingWindow.java:421) [ratis-common-0.4.0-2337318-SNAPSHOT.jar:0.4.0-2337318-SNAPSHOT]
	at org.apache.ratis.grpc.client.GrpcClientProtocolService$OrderedRequestStreamObserver.processClientRequest(GrpcClientProtocolService.java:345) [ratis-grpc-0.4.0-2337318-SNAPSHOT.jar:0.4.0-2337318-SNAPSHOT]
	at org.apache.ratis.grpc.client.GrpcClientProtocolService$RequestStreamObserver.onNext(GrpcClientProtocolService.java:240) [ratis-grpc-0.4.0-2337318-SNAPSHOT.jar:0.4.0-2337318-SNAPSHOT]
	at org.apache.ratis.grpc.client.GrpcClientProtocolService$RequestStreamObserver.onNext(GrpcClientProtocolService.java:168) [ratis-grpc-0.4.0-2337318-SNAPSHOT.jar:0.4.0-2337318-SNAPSHOT]
	at org.apache.ratis.thirdparty.io.grpc.stub.ServerCalls$StreamingServerCallHandler$StreamingServerCallListener.onMessage(ServerCalls.java:248) [ratis-thirdparty-misc-0.2.0.jar:0.2.0]
	at org.apache.ratis.thirdparty.io.grpc.internal.ServerCallImpl$ServerStreamListenerImpl.messagesAvailable(ServerCallImpl.java:263) [ratis-thirdparty-misc-0.2.0.jar:0.2.0]
	at org.apache.ratis.thirdparty.io.grpc.internal.ServerImpl$JumpToApplicationThreadServerStreamListener$1MessagesAvailable.runInContext(ServerImpl.java:686) [ratis-thirdparty-misc-0.2.0.jar:0.2.0]
	at org.apache.ratis.thirdparty.io.grpc.internal.ContextRunnable.run(ContextRunnable.java:37) [ratis-thirdparty-misc-0.2.0.jar:0.2.0]
	at org.apache.ratis.thirdparty.io.grpc.internal.SerializingExecutor.run(SerializingExecutor.java:123) [ratis-thirdparty-misc-0.2.0.jar:0.2.0]
	at java.util.concurrent.ThreadPoolExecutor.runWorker(ThreadPoolExecutor.java:1149) [?:1.8.0_212]
	at java.util.concurrent.ThreadPoolExecutor$Worker.run(ThreadPoolExecutor.java:624) [?:1.8.0_212]
	at java.lang.Thread.run(Thread.java:748) [?:1.8.0_212]
2019-07-14 11:06:42,667 INFO  client.GrpcClientProtocolClient (GrpcClientProtocolClient.java:onNext(255)) - client-325A5717FBC5->f1f659bf-5111-4acf-8d63-99abce61f0a8: receive RaftClientReply:client-325A5717FBC5->f1f659bf-5111-4acf-8d63-99abce61f0a8@group-A99DE945A33A, cid=156, FAILED org.apache.ratis.protocol.StateMachineException: org.apache.hadoop.hdds.scm.container.common.helpers.ContainerNotOpenException from Server f1f659bf-5111-4acf-8d63-99abce61f0a8: Container 1 in CLOSED state, logIndex=0, commits[f1f659bf-5111-4acf-8d63-99abce61f0a8:c15]
11:06:42.668 [grpc-default-executor-2] ERROR DNAudit - user=null | ip=null | op=WRITE_CHUNK {blockData=conID: 1 locID: 102439478517563403 bcsId: 11} | ret=FAILURE
org.apache.hadoop.hdds.scm.container.common.helpers.ContainerNotOpenException: Container 1 in CLOSED state
	at org.apache.hadoop.ozone.container.common.impl.HddsDispatcher.validateContainerCommand(HddsDispatcher.java:408) ~[hadoop-hdds-container-service-0.5.0-SNAPSHOT.jar:?]
	at org.apache.hadoop.ozone.container.common.transport.server.ratis.ContainerStateMachine.startTransaction(ContainerStateMachine.java:272) ~[hadoop-hdds-container-service-0.5.0-SNAPSHOT.jar:?]
	at org.apache.ratis.server.impl.RaftServerImpl.submitClientRequestAsync(RaftServerImpl.java:566) ~[ratis-server-0.4.0-2337318-SNAPSHOT.jar:0.4.0-2337318-SNAPSHOT]
	at org.apache.ratis.server.impl.RaftServerProxy.lambda$submitClientRequestAsync$7(RaftServerProxy.java:333) ~[ratis-server-0.4.0-2337318-SNAPSHOT.jar:0.4.0-2337318-SNAPSHOT]
	at org.apache.ratis.server.impl.RaftServerProxy.lambda$null$5(RaftServerProxy.java:328) ~[ratis-server-0.4.0-2337318-SNAPSHOT.jar:0.4.0-2337318-SNAPSHOT]
	at org.apache.ratis.util.JavaUtils.callAsUnchecked(JavaUtils.java:109) ~[ratis-common-0.4.0-2337318-SNAPSHOT.jar:0.4.0-2337318-SNAPSHOT]
	at org.apache.ratis.server.impl.RaftServerProxy.lambda$submitRequest$6(RaftServerProxy.java:328) ~[ratis-server-0.4.0-2337318-SNAPSHOT.jar:0.4.0-2337318-SNAPSHOT]
	at java.util.concurrent.CompletableFuture.uniComposeStage(CompletableFuture.java:981) ~[?:1.8.0_212]
	at java.util.concurrent.CompletableFuture.thenCompose(CompletableFuture.java:2124) ~[?:1.8.0_212]
	at org.apache.ratis.server.impl.RaftServerProxy.submitRequest(RaftServerProxy.java:327) ~[ratis-server-0.4.0-2337318-SNAPSHOT.jar:0.4.0-2337318-SNAPSHOT]
	at org.apache.ratis.server.impl.RaftServerProxy.submitClientRequestAsync(RaftServerProxy.java:333) ~[ratis-server-0.4.0-2337318-SNAPSHOT.jar:0.4.0-2337318-SNAPSHOT]
	at org.apache.ratis.grpc.client.GrpcClientProtocolService$RequestStreamObserver.processClientRequest(GrpcClientProtocolService.java:220) ~[ratis-grpc-0.4.0-2337318-SNAPSHOT.jar:0.4.0-2337318-SNAPSHOT]
	at org.apache.ratis.grpc.client.GrpcClientProtocolService$OrderedRequestStreamObserver.processClientRequest(GrpcClientProtocolService.java:326) ~[ratis-grpc-0.4.0-2337318-SNAPSHOT.jar:0.4.0-2337318-SNAPSHOT]
	at org.apache.ratis.util.SlidingWindow$Server.processRequestsFromHead(SlidingWindow.java:429) [ratis-common-0.4.0-2337318-SNAPSHOT.jar:0.4.0-2337318-SNAPSHOT]
	at org.apache.ratis.util.SlidingWindow$Server.receivedRequest(SlidingWindow.java:421) [ratis-common-0.4.0-2337318-SNAPSHOT.jar:0.4.0-2337318-SNAPSHOT]
	at org.apache.ratis.grpc.client.GrpcClientProtocolService$OrderedRequestStreamObserver.processClientRequest(GrpcClientProtocolService.java:345) [ratis-grpc-0.4.0-2337318-SNAPSHOT.jar:0.4.0-2337318-SNAPSHOT]
	at org.apache.ratis.grpc.client.GrpcClientProtocolService$RequestStreamObserver.onNext(GrpcClientProtocolService.java:240) [ratis-grpc-0.4.0-2337318-SNAPSHOT.jar:0.4.0-2337318-SNAPSHOT]
	at org.apache.ratis.grpc.client.GrpcClientProtocolService$RequestStreamObserver.onNext(GrpcClientProtocolService.java:168) [ratis-grpc-0.4.0-2337318-SNAPSHOT.jar:0.4.0-2337318-SNAPSHOT]
	at org.apache.ratis.thirdparty.io.grpc.stub.ServerCalls$StreamingServerCallHandler$StreamingServerCallListener.onMessage(ServerCalls.java:248) [ratis-thirdparty-misc-0.2.0.jar:0.2.0]
	at org.apache.ratis.thirdparty.io.grpc.internal.ServerCallImpl$ServerStreamListenerImpl.messagesAvailable(ServerCallImpl.java:263) [ratis-thirdparty-misc-0.2.0.jar:0.2.0]
	at org.apache.ratis.thirdparty.io.grpc.internal.ServerImpl$JumpToApplicationThreadServerStreamListener$1MessagesAvailable.runInContext(ServerImpl.java:686) [ratis-thirdparty-misc-0.2.0.jar:0.2.0]
	at org.apache.ratis.thirdparty.io.grpc.internal.ContextRunnable.run(ContextRunnable.java:37) [ratis-thirdparty-misc-0.2.0.jar:0.2.0]
	at org.apache.ratis.thirdparty.io.grpc.internal.SerializingExecutor.run(SerializingExecutor.java:123) [ratis-thirdparty-misc-0.2.0.jar:0.2.0]
	at java.util.concurrent.ThreadPoolExecutor.runWorker(ThreadPoolExecutor.java:1149) [?:1.8.0_212]
	at java.util.concurrent.ThreadPoolExecutor$Worker.run(ThreadPoolExecutor.java:624) [?:1.8.0_212]
	at java.lang.Thread.run(Thread.java:748) [?:1.8.0_212]
2019-07-14 11:06:42,670 INFO  client.GrpcClientProtocolClient (GrpcClientProtocolClient.java:onNext(255)) - client-325A5717FBC5->f1f659bf-5111-4acf-8d63-99abce61f0a8: receive RaftClientReply:client-325A5717FBC5->f1f659bf-5111-4acf-8d63-99abce61f0a8@group-A99DE945A33A, cid=157, FAILED org.apache.ratis.protocol.StateMachineException: org.apache.hadoop.hdds.scm.container.common.helpers.ContainerNotOpenException from Server f1f659bf-5111-4acf-8d63-99abce61f0a8: Container 1 in CLOSED state, logIndex=0, commits[f1f659bf-5111-4acf-8d63-99abce61f0a8:c15]
11:06:42.676 [grpc-default-executor-2] ERROR DNAudit - user=null | ip=null | op=WRITE_CHUNK {blockData=conID: 1 locID: 102439478517563403 bcsId: 11} | ret=FAILURE
org.apache.hadoop.hdds.scm.container.common.helpers.ContainerNotOpenException: Container 1 in CLOSED state
	at org.apache.hadoop.ozone.container.common.impl.HddsDispatcher.validateContainerCommand(HddsDispatcher.java:408) ~[hadoop-hdds-container-service-0.5.0-SNAPSHOT.jar:?]
	at org.apache.hadoop.ozone.container.common.transport.server.ratis.ContainerStateMachine.startTransaction(ContainerStateMachine.java:272) ~[hadoop-hdds-container-service-0.5.0-SNAPSHOT.jar:?]
	at org.apache.ratis.server.impl.RaftServerImpl.submitClientRequestAsync(RaftServerImpl.java:566) ~[ratis-server-0.4.0-2337318-SNAPSHOT.jar:0.4.0-2337318-SNAPSHOT]
	at org.apache.ratis.server.impl.RaftServerProxy.lambda$submitClientRequestAsync$7(RaftServerProxy.java:333) ~[ratis-server-0.4.0-2337318-SNAPSHOT.jar:0.4.0-2337318-SNAPSHOT]
	at org.apache.ratis.server.impl.RaftServerProxy.lambda$null$5(RaftServerProxy.java:328) ~[ratis-server-0.4.0-2337318-SNAPSHOT.jar:0.4.0-2337318-SNAPSHOT]
	at org.apache.ratis.util.JavaUtils.callAsUnchecked(JavaUtils.java:109) ~[ratis-common-0.4.0-2337318-SNAPSHOT.jar:0.4.0-2337318-SNAPSHOT]
	at org.apache.ratis.server.impl.RaftServerProxy.lambda$submitRequest$6(RaftServerProxy.java:328) ~[ratis-server-0.4.0-2337318-SNAPSHOT.jar:0.4.0-2337318-SNAPSHOT]
	at java.util.concurrent.CompletableFuture.uniComposeStage(CompletableFuture.java:981) ~[?:1.8.0_212]
	at java.util.concurrent.CompletableFuture.thenCompose(CompletableFuture.java:2124) ~[?:1.8.0_212]
	at org.apache.ratis.server.impl.RaftServerProxy.submitRequest(RaftServerProxy.java:327) ~[ratis-server-0.4.0-2337318-SNAPSHOT.jar:0.4.0-2337318-SNAPSHOT]
	at org.apache.ratis.server.impl.RaftServerProxy.submitClientRequestAsync(RaftServerProxy.java:333) ~[ratis-server-0.4.0-2337318-SNAPSHOT.jar:0.4.0-2337318-SNAPSHOT]
	at org.apache.ratis.grpc.client.GrpcClientProtocolService$RequestStreamObserver.processClientRequest(GrpcClientProtocolService.java:220) ~[ratis-grpc-0.4.0-2337318-SNAPSHOT.jar:0.4.0-2337318-SNAPSHOT]
	at org.apache.ratis.grpc.client.GrpcClientProtocolService$OrderedRequestStreamObserver.processClientRequest(GrpcClientProtocolService.java:326) ~[ratis-grpc-0.4.0-2337318-SNAPSHOT.jar:0.4.0-2337318-SNAPSHOT]
	at org.apache.ratis.util.SlidingWindow$Server.processRequestsFromHead(SlidingWindow.java:429) [ratis-common-0.4.0-2337318-SNAPSHOT.jar:0.4.0-2337318-SNAPSHOT]
	at org.apache.ratis.util.SlidingWindow$Server.receivedRequest(SlidingWindow.java:421) [ratis-common-0.4.0-2337318-SNAPSHOT.jar:0.4.0-2337318-SNAPSHOT]
	at org.apache.ratis.grpc.client.GrpcClientProtocolService$OrderedRequestStreamObserver.processClientRequest(GrpcClientProtocolService.java:345) [ratis-grpc-0.4.0-2337318-SNAPSHOT.jar:0.4.0-2337318-SNAPSHOT]
	at org.apache.ratis.grpc.client.GrpcClientProtocolService$RequestStreamObserver.onNext(GrpcClientProtocolService.java:240) [ratis-grpc-0.4.0-2337318-SNAPSHOT.jar:0.4.0-2337318-SNAPSHOT]
	at org.apache.ratis.grpc.client.GrpcClientProtocolService$RequestStreamObserver.onNext(GrpcClientProtocolService.java:168) [ratis-grpc-0.4.0-2337318-SNAPSHOT.jar:0.4.0-2337318-SNAPSHOT]
	at org.apache.ratis.thirdparty.io.grpc.stub.ServerCalls$StreamingServerCallHandler$StreamingServerCallListener.onMessage(ServerCalls.java:248) [ratis-thirdparty-misc-0.2.0.jar:0.2.0]
	at org.apache.ratis.thirdparty.io.grpc.internal.ServerCallImpl$ServerStreamListenerImpl.messagesAvailable(ServerCallImpl.java:263) [ratis-thirdparty-misc-0.2.0.jar:0.2.0]
	at org.apache.ratis.thirdparty.io.grpc.internal.ServerImpl$JumpToApplicationThreadServerStreamListener$1MessagesAvailable.runInContext(ServerImpl.java:686) [ratis-thirdparty-misc-0.2.0.jar:0.2.0]
	at org.apache.ratis.thirdparty.io.grpc.internal.ContextRunnable.run(ContextRunnable.java:37) [ratis-thirdparty-misc-0.2.0.jar:0.2.0]
	at org.apache.ratis.thirdparty.io.grpc.internal.SerializingExecutor.run(SerializingExecutor.java:123) [ratis-thirdparty-misc-0.2.0.jar:0.2.0]
	at java.util.concurrent.ThreadPoolExecutor.runWorker(ThreadPoolExecutor.java:1149) [?:1.8.0_212]
	at java.util.concurrent.ThreadPoolExecutor$Worker.run(ThreadPoolExecutor.java:624) [?:1.8.0_212]
	at java.lang.Thread.run(Thread.java:748) [?:1.8.0_212]
2019-07-14 11:06:42,678 INFO  client.GrpcClientProtocolClient (GrpcClientProtocolClient.java:onNext(255)) - client-325A5717FBC5->f1f659bf-5111-4acf-8d63-99abce61f0a8: receive RaftClientReply:client-325A5717FBC5->f1f659bf-5111-4acf-8d63-99abce61f0a8@group-A99DE945A33A, cid=158, FAILED org.apache.ratis.protocol.StateMachineException: org.apache.hadoop.hdds.scm.container.common.helpers.ContainerNotOpenException from Server f1f659bf-5111-4acf-8d63-99abce61f0a8: Container 1 in CLOSED state, logIndex=0, commits[f1f659bf-5111-4acf-8d63-99abce61f0a8:c15]
2019-07-14 11:06:42,690 INFO  client.GrpcClientProtocolClient (GrpcClientProtocolClient.java:onNext(255)) - client-325A5717FBC5->f1f659bf-5111-4acf-8d63-99abce61f0a8: receive RaftClientReply:client-325A5717FBC5->f1f659bf-5111-4acf-8d63-99abce61f0a8@group-A99DE945A33A, cid=159, FAILED org.apache.ratis.protocol.StateMachineException: org.apache.hadoop.hdds.scm.container.common.helpers.ContainerNotOpenException from Server f1f659bf-5111-4acf-8d63-99abce61f0a8: Container 1 in CLOSED state, logIndex=0, commits[f1f659bf-5111-4acf-8d63-99abce61f0a8:c15]
11:06:42.691 [grpc-default-executor-2] ERROR DNAudit - user=null | ip=null | op=PUT_BLOCK {blockData=[blockId=conID: 1 locID: 102439478517563403 bcsId: 0,size=800]} | ret=FAILURE
org.apache.hadoop.hdds.scm.container.common.helpers.ContainerNotOpenException: Container 1 in CLOSED state
	at org.apache.hadoop.ozone.container.common.impl.HddsDispatcher.validateContainerCommand(HddsDispatcher.java:408) ~[hadoop-hdds-container-service-0.5.0-SNAPSHOT.jar:?]
	at org.apache.hadoop.ozone.container.common.transport.server.ratis.ContainerStateMachine.startTransaction(ContainerStateMachine.java:272) ~[hadoop-hdds-container-service-0.5.0-SNAPSHOT.jar:?]
	at org.apache.ratis.server.impl.RaftServerImpl.submitClientRequestAsync(RaftServerImpl.java:566) ~[ratis-server-0.4.0-2337318-SNAPSHOT.jar:0.4.0-2337318-SNAPSHOT]
	at org.apache.ratis.server.impl.RaftServerProxy.lambda$submitClientRequestAsync$7(RaftServerProxy.java:333) ~[ratis-server-0.4.0-2337318-SNAPSHOT.jar:0.4.0-2337318-SNAPSHOT]
	at org.apache.ratis.server.impl.RaftServerProxy.lambda$null$5(RaftServerProxy.java:328) ~[ratis-server-0.4.0-2337318-SNAPSHOT.jar:0.4.0-2337318-SNAPSHOT]
	at org.apache.ratis.util.JavaUtils.callAsUnchecked(JavaUtils.java:109) ~[ratis-common-0.4.0-2337318-SNAPSHOT.jar:0.4.0-2337318-SNAPSHOT]
	at org.apache.ratis.server.impl.RaftServerProxy.lambda$submitRequest$6(RaftServerProxy.java:328) ~[ratis-server-0.4.0-2337318-SNAPSHOT.jar:0.4.0-2337318-SNAPSHOT]
	at java.util.concurrent.CompletableFuture.uniComposeStage(CompletableFuture.java:981) ~[?:1.8.0_212]
	at java.util.concurrent.CompletableFuture.thenCompose(CompletableFuture.java:2124) ~[?:1.8.0_212]
	at org.apache.ratis.server.impl.RaftServerProxy.submitRequest(RaftServerProxy.java:327) ~[ratis-server-0.4.0-2337318-SNAPSHOT.jar:0.4.0-2337318-SNAPSHOT]
	at org.apache.ratis.server.impl.RaftServerProxy.submitClientRequestAsync(RaftServerProxy.java:333) ~[ratis-server-0.4.0-2337318-SNAPSHOT.jar:0.4.0-2337318-SNAPSHOT]
	at org.apache.ratis.grpc.client.GrpcClientProtocolService$RequestStreamObserver.processClientRequest(GrpcClientProtocolService.java:220) ~[ratis-grpc-0.4.0-2337318-SNAPSHOT.jar:0.4.0-2337318-SNAPSHOT]
	at org.apache.ratis.grpc.client.GrpcClientProtocolService$OrderedRequestStreamObserver.processClientRequest(GrpcClientProtocolService.java:326) ~[ratis-grpc-0.4.0-2337318-SNAPSHOT.jar:0.4.0-2337318-SNAPSHOT]
	at org.apache.ratis.util.SlidingWindow$Server.processRequestsFromHead(SlidingWindow.java:429) [ratis-common-0.4.0-2337318-SNAPSHOT.jar:0.4.0-2337318-SNAPSHOT]
	at org.apache.ratis.util.SlidingWindow$Server.receivedRequest(SlidingWindow.java:421) [ratis-common-0.4.0-2337318-SNAPSHOT.jar:0.4.0-2337318-SNAPSHOT]
	at org.apache.ratis.grpc.client.GrpcClientProtocolService$OrderedRequestStreamObserver.processClientRequest(GrpcClientProtocolService.java:345) [ratis-grpc-0.4.0-2337318-SNAPSHOT.jar:0.4.0-2337318-SNAPSHOT]
	at org.apache.ratis.grpc.client.GrpcClientProtocolService$RequestStreamObserver.onNext(GrpcClientProtocolService.java:240) [ratis-grpc-0.4.0-2337318-SNAPSHOT.jar:0.4.0-2337318-SNAPSHOT]
	at org.apache.ratis.grpc.client.GrpcClientProtocolService$RequestStreamObserver.onNext(GrpcClientProtocolService.java:168) [ratis-grpc-0.4.0-2337318-SNAPSHOT.jar:0.4.0-2337318-SNAPSHOT]
	at org.apache.ratis.thirdparty.io.grpc.stub.ServerCalls$StreamingServerCallHandler$StreamingServerCallListener.onMessage(ServerCalls.java:248) [ratis-thirdparty-misc-0.2.0.jar:0.2.0]
	at org.apache.ratis.thirdparty.io.grpc.internal.ServerCallImpl$ServerStreamListenerImpl.messagesAvailable(ServerCallImpl.java:263) [ratis-thirdparty-misc-0.2.0.jar:0.2.0]
	at org.apache.ratis.thirdparty.io.grpc.internal.ServerImpl$JumpToApplicationThreadServerStreamListener$1MessagesAvailable.runInContext(ServerImpl.java:686) [ratis-thirdparty-misc-0.2.0.jar:0.2.0]
	at org.apache.ratis.thirdparty.io.grpc.internal.ContextRunnable.run(ContextRunnable.java:37) [ratis-thirdparty-misc-0.2.0.jar:0.2.0]
	at org.apache.ratis.thirdparty.io.grpc.internal.SerializingExecutor.run(SerializingExecutor.java:123) [ratis-thirdparty-misc-0.2.0.jar:0.2.0]
	at java.util.concurrent.ThreadPoolExecutor.runWorker(ThreadPoolExecutor.java:1149) [?:1.8.0_212]
	at java.util.concurrent.ThreadPoolExecutor$Worker.run(ThreadPoolExecutor.java:624) [?:1.8.0_212]
	at java.lang.Thread.run(Thread.java:748) [?:1.8.0_212]
2019-07-14 11:06:42,692 INFO  client.GrpcClientProtocolClient (GrpcClientProtocolClient.java:onNext(255)) - client-325A5717FBC5->f1f659bf-5111-4acf-8d63-99abce61f0a8: receive RaftClientReply:client-325A5717FBC5->f1f659bf-5111-4acf-8d63-99abce61f0a8@group-A99DE945A33A, cid=160, FAILED org.apache.ratis.protocol.StateMachineException: org.apache.hadoop.hdds.scm.container.common.helpers.ContainerNotOpenException from Server f1f659bf-5111-4acf-8d63-99abce61f0a8: Container 1 in CLOSED state, logIndex=0, commits[f1f659bf-5111-4acf-8d63-99abce61f0a8:c15]
2019-07-14 11:06:42,699 INFO  client.GrpcClientProtocolClient (GrpcClientProtocolClient.java:onNext(255)) - client-325A5717FBC5->f1f659bf-5111-4acf-8d63-99abce61f0a8: receive RaftClientReply:client-325A5717FBC5->f1f659bf-5111-4acf-8d63-99abce61f0a8@group-A99DE945A33A, cid=161, FAILED org.apache.ratis.protocol.StateMachineException: org.apache.hadoop.hdds.scm.container.common.helpers.ContainerNotOpenException from Server f1f659bf-5111-4acf-8d63-99abce61f0a8: Container 1 in CLOSED state, logIndex=0, commits[f1f659bf-5111-4acf-8d63-99abce61f0a8:c15]
2019-07-14 11:06:42,718 INFO  impl.FollowerState (FollowerState.java:run(106)) - b1b58167-0653-4ac7-b98f-8cf4c84ad666:group-EC7A0B6E23FF changes to CANDIDATE, lastRpcTime:5027, electionTimeout:5027ms
2019-07-14 11:06:42,718 INFO  impl.RoleInfo (RoleInfo.java:shutdownFollowerState(121)) - b1b58167-0653-4ac7-b98f-8cf4c84ad666: shutdown FollowerState
2019-07-14 11:06:42,718 INFO  impl.RaftServerImpl (RaftServerImpl.java:setRole(171)) - b1b58167-0653-4ac7-b98f-8cf4c84ad666:group-EC7A0B6E23FF changes role from FOLLOWER to CANDIDATE at term 1 for changeToCandidate
2019-07-14 11:06:42,718 INFO  impl.RoleInfo (RoleInfo.java:updateAndGet(143)) - b1b58167-0653-4ac7-b98f-8cf4c84ad666: start LeaderElection
2019-07-14 11:06:42,732 INFO  impl.LeaderElection (LeaderElection.java:askForVotes(181)) - b1b58167-0653-4ac7-b98f-8cf4c84ad666:group-EC7A0B6E23FF:LeaderElection84: begin an election at term 2 for -1: [66b1a79e-f482-4ae0-b0f0-8c15500b71a1:192.168.157.209:43964, b1b58167-0653-4ac7-b98f-8cf4c84ad666:192.168.157.209:42392, b40f2446-fae5-4d94-ae24-3c59dc776a64:192.168.157.209:40402], old=null
2019-07-14 11:06:42,734 INFO  impl.RaftServerImpl (RaftServerImpl.java:setRole(171)) - 66b1a79e-f482-4ae0-b0f0-8c15500b71a1:group-EC7A0B6E23FF changes role from FOLLOWER to FOLLOWER at term 2 for recognizeCandidate:b1b58167-0653-4ac7-b98f-8cf4c84ad666
2019-07-14 11:06:42,734 INFO  impl.RaftServerImpl (RaftServerImpl.java:setRole(171)) - b40f2446-fae5-4d94-ae24-3c59dc776a64:group-EC7A0B6E23FF changes role from FOLLOWER to FOLLOWER at term 2 for recognizeCandidate:b1b58167-0653-4ac7-b98f-8cf4c84ad666
2019-07-14 11:06:42,734 INFO  impl.RoleInfo (RoleInfo.java:shutdownFollowerState(121)) - 66b1a79e-f482-4ae0-b0f0-8c15500b71a1: shutdown FollowerState
2019-07-14 11:06:42,735 INFO  impl.RoleInfo (RoleInfo.java:shutdownFollowerState(121)) - b40f2446-fae5-4d94-ae24-3c59dc776a64: shutdown FollowerState
2019-07-14 11:06:42,735 INFO  impl.FollowerState (FollowerState.java:run(114)) - 66b1a79e-f482-4ae0-b0f0-8c15500b71a1: FollowerState was interrupted: java.lang.InterruptedException: sleep interrupted
2019-07-14 11:06:42,735 INFO  impl.RoleInfo (RoleInfo.java:updateAndGet(143)) - 66b1a79e-f482-4ae0-b0f0-8c15500b71a1: start FollowerState
2019-07-14 11:06:42,735 INFO  impl.FollowerState (FollowerState.java:run(114)) - b40f2446-fae5-4d94-ae24-3c59dc776a64: FollowerState was interrupted: java.lang.InterruptedException: sleep interrupted
2019-07-14 11:06:42,735 INFO  impl.RoleInfo (RoleInfo.java:updateAndGet(143)) - b40f2446-fae5-4d94-ae24-3c59dc776a64: start FollowerState
2019-07-14 11:06:42,759 INFO  impl.LeaderElection (LeaderElection.java:logAndReturn(56)) - b1b58167-0653-4ac7-b98f-8cf4c84ad666:group-EC7A0B6E23FF:LeaderElection84: Election PASSED; received 1 response(s) [b1b58167-0653-4ac7-b98f-8cf4c84ad666<-b40f2446-fae5-4d94-ae24-3c59dc776a64#0:OK-t2] and 0 exception(s); b1b58167-0653-4ac7-b98f-8cf4c84ad666:t2, leader=null, voted=b1b58167-0653-4ac7-b98f-8cf4c84ad666, raftlog=b1b58167-0653-4ac7-b98f-8cf4c84ad666-SegmentedRaftLog:OPENED:c-1,f-1,i0, conf=-1: [66b1a79e-f482-4ae0-b0f0-8c15500b71a1:192.168.157.209:43964, b1b58167-0653-4ac7-b98f-8cf4c84ad666:192.168.157.209:42392, b40f2446-fae5-4d94-ae24-3c59dc776a64:192.168.157.209:40402], old=null
2019-07-14 11:06:42,759 INFO  impl.RoleInfo (RoleInfo.java:shutdownLeaderElection(134)) - b1b58167-0653-4ac7-b98f-8cf4c84ad666: shutdown LeaderElection
2019-07-14 11:06:42,759 INFO  impl.RaftServerImpl (RaftServerImpl.java:setRole(171)) - b1b58167-0653-4ac7-b98f-8cf4c84ad666:group-EC7A0B6E23FF changes role from CANDIDATE to LEADER at term 2 for changeToLeader
2019-07-14 11:06:42,759 INFO  impl.RaftServerImpl (ServerState.java:setLeader(263)) - b1b58167-0653-4ac7-b98f-8cf4c84ad666:group-EC7A0B6E23FF change Leader from null to b1b58167-0653-4ac7-b98f-8cf4c84ad666 at term 2 for becomeLeader, leader elected after 10142ms
2019-07-14 11:06:42,759 INFO  server.RaftServerConfigKeys (ConfUtils.java:logGet(43)) - raft.server.staging.catchup.gap = 1000 (default)
2019-07-14 11:06:42,759 INFO  server.RaftServerConfigKeys (ConfUtils.java:logGet(43)) - raft.server.rpc.sleep.time = 25ms (default)
2019-07-14 11:06:42,759 INFO  server.RaftServerConfigKeys (ConfUtils.java:logGet(43)) - raft.server.write.element-limit = 4096 (default)
2019-07-14 11:06:42,760 INFO  server.RaftServerConfigKeys (ConfUtils.java:logGet(43)) - raft.server.watch.timeout = 10s (default)
2019-07-14 11:06:42,760 INFO  server.RaftServerConfigKeys (ConfUtils.java:logGet(43)) - raft.server.watch.timeout.denomination = 1s (default)
2019-07-14 11:06:42,760 INFO  server.RaftServerConfigKeys (ConfUtils.java:logGet(43)) - raft.server.watch.element-limit = 65536 (default)
2019-07-14 11:06:42,760 INFO  server.RaftServerConfigKeys (ConfUtils.java:logGet(43)) - raft.server.log.appender.snapshot.chunk.size.max = 16MB (=16777216) (default)
2019-07-14 11:06:42,760 INFO  server.RaftServerConfigKeys (ConfUtils.java:logGet(43)) - raft.server.log.appender.buffer.byte-limit = 33554432 (custom)
2019-07-14 11:06:42,761 INFO  server.RaftServerConfigKeys (ConfUtils.java:logGet(43)) - raft.server.log.appender.buffer.element-limit = 1 (custom)
2019-07-14 11:06:42,761 INFO  grpc.GrpcConfigKeys$Server (ConfUtils.java:logGet(43)) - raft.grpc.server.leader.outstanding.appends.max = 128 (default)
2019-07-14 11:06:42,761 INFO  server.RaftServerConfigKeys (ConfUtils.java:logGet(43)) - raft.server.rpc.request.timeout = 3000ms (default)
2019-07-14 11:06:42,761 INFO  server.RaftServerConfigKeys (ConfUtils.java:logGet(43)) - raft.server.log.appender.install.snapshot.enabled = false (custom)
2019-07-14 11:06:42,761 INFO  server.RaftServerConfigKeys (ConfUtils.java:logGet(43)) - raft.server.log.appender.snapshot.chunk.size.max = 16MB (=16777216) (default)
2019-07-14 11:06:42,762 INFO  server.RaftServerConfigKeys (ConfUtils.java:logGet(43)) - raft.server.log.appender.buffer.byte-limit = 33554432 (custom)
2019-07-14 11:06:42,762 INFO  server.RaftServerConfigKeys (ConfUtils.java:logGet(43)) - raft.server.log.appender.buffer.element-limit = 1 (custom)
2019-07-14 11:06:42,762 INFO  grpc.GrpcConfigKeys$Server (ConfUtils.java:logGet(43)) - raft.grpc.server.leader.outstanding.appends.max = 128 (default)
2019-07-14 11:06:42,762 INFO  server.RaftServerConfigKeys (ConfUtils.java:logGet(43)) - raft.server.rpc.request.timeout = 3000ms (default)
2019-07-14 11:06:42,762 INFO  server.RaftServerConfigKeys (ConfUtils.java:logGet(43)) - raft.server.log.appender.install.snapshot.enabled = false (custom)
2019-07-14 11:06:42,762 INFO  impl.RoleInfo (RoleInfo.java:updateAndGet(143)) - b1b58167-0653-4ac7-b98f-8cf4c84ad666: start LeaderState
2019-07-14 11:06:42,763 INFO  segmented.SegmentedRaftLogWorker (SegmentedRaftLogWorker.java:startLogSegment(380)) - b1b58167-0653-4ac7-b98f-8cf4c84ad666-SegmentedRaftLogWorker:Storage Directory /workdir/hadoop-ozone/integration-test/target/test-dir/MiniOzoneClusterImpl-6e75c1fa-424d-46f5-a8d1-9c8543b80f65/datanode-0/data/ratis/414865a2-f3c6-4c41-aba8-ec7a0b6e23ff: Starting segment from index:0
2019-07-14 11:06:42,764 INFO  impl.RaftServerImpl (ServerState.java:setRaftConf(361)) - b1b58167-0653-4ac7-b98f-8cf4c84ad666:group-EC7A0B6E23FF set configuration 0: [66b1a79e-f482-4ae0-b0f0-8c15500b71a1:192.168.157.209:43964, b1b58167-0653-4ac7-b98f-8cf4c84ad666:192.168.157.209:42392, b40f2446-fae5-4d94-ae24-3c59dc776a64:192.168.157.209:40402], old=null at 0
2019-07-14 11:06:42,765 INFO  impl.RaftServerImpl (ServerState.java:setLeader(263)) - b40f2446-fae5-4d94-ae24-3c59dc776a64:group-EC7A0B6E23FF change Leader from null to b1b58167-0653-4ac7-b98f-8cf4c84ad666 at term 2 for appendEntries, leader elected after 10148ms
2019-07-14 11:06:42,765 INFO  impl.RaftServerImpl (ServerState.java:setLeader(263)) - 66b1a79e-f482-4ae0-b0f0-8c15500b71a1:group-EC7A0B6E23FF change Leader from null to b1b58167-0653-4ac7-b98f-8cf4c84ad666 at term 2 for appendEntries, leader elected after 10148ms
2019-07-14 11:06:42,767 INFO  impl.RaftServerImpl (ServerState.java:setRaftConf(361)) - b40f2446-fae5-4d94-ae24-3c59dc776a64:group-EC7A0B6E23FF set configuration 0: [66b1a79e-f482-4ae0-b0f0-8c15500b71a1:192.168.157.209:43964, b1b58167-0653-4ac7-b98f-8cf4c84ad666:192.168.157.209:42392, b40f2446-fae5-4d94-ae24-3c59dc776a64:192.168.157.209:40402], old=null at 0
2019-07-14 11:06:42,767 INFO  impl.RaftServerImpl (ServerState.java:setRaftConf(361)) - 66b1a79e-f482-4ae0-b0f0-8c15500b71a1:group-EC7A0B6E23FF set configuration 0: [66b1a79e-f482-4ae0-b0f0-8c15500b71a1:192.168.157.209:43964, b1b58167-0653-4ac7-b98f-8cf4c84ad666:192.168.157.209:42392, b40f2446-fae5-4d94-ae24-3c59dc776a64:192.168.157.209:40402], old=null at 0
2019-07-14 11:06:42,767 INFO  segmented.SegmentedRaftLogWorker (SegmentedRaftLogWorker.java:startLogSegment(380)) - b40f2446-fae5-4d94-ae24-3c59dc776a64-SegmentedRaftLogWorker:Storage Directory /workdir/hadoop-ozone/integration-test/target/test-dir/MiniOzoneClusterImpl-6e75c1fa-424d-46f5-a8d1-9c8543b80f65/datanode-1/data/ratis/414865a2-f3c6-4c41-aba8-ec7a0b6e23ff: Starting segment from index:0
2019-07-14 11:06:42,768 INFO  segmented.SegmentedRaftLogWorker (SegmentedRaftLogWorker.java:startLogSegment(380)) - 66b1a79e-f482-4ae0-b0f0-8c15500b71a1-SegmentedRaftLogWorker:Storage Directory /workdir/hadoop-ozone/integration-test/target/test-dir/MiniOzoneClusterImpl-6e75c1fa-424d-46f5-a8d1-9c8543b80f65/datanode-2/data/ratis/414865a2-f3c6-4c41-aba8-ec7a0b6e23ff: Starting segment from index:0
2019-07-14 11:06:42,790 INFO  segmented.SegmentedRaftLogWorker (SegmentedRaftLogWorker.java:execute(569)) - b1b58167-0653-4ac7-b98f-8cf4c84ad666-SegmentedRaftLogWorker:Storage Directory /workdir/hadoop-ozone/integration-test/target/test-dir/MiniOzoneClusterImpl-6e75c1fa-424d-46f5-a8d1-9c8543b80f65/datanode-0/data/ratis/414865a2-f3c6-4c41-aba8-ec7a0b6e23ff: created new log segment /workdir/hadoop-ozone/integration-test/target/test-dir/MiniOzoneClusterImpl-6e75c1fa-424d-46f5-a8d1-9c8543b80f65/datanode-0/data/ratis/414865a2-f3c6-4c41-aba8-ec7a0b6e23ff/current/log_inprogress_0
2019-07-14 11:06:42,790 INFO  segmented.SegmentedRaftLogWorker (SegmentedRaftLogWorker.java:execute(569)) - b40f2446-fae5-4d94-ae24-3c59dc776a64-SegmentedRaftLogWorker:Storage Directory /workdir/hadoop-ozone/integration-test/target/test-dir/MiniOzoneClusterImpl-6e75c1fa-424d-46f5-a8d1-9c8543b80f65/datanode-1/data/ratis/414865a2-f3c6-4c41-aba8-ec7a0b6e23ff: created new log segment /workdir/hadoop-ozone/integration-test/target/test-dir/MiniOzoneClusterImpl-6e75c1fa-424d-46f5-a8d1-9c8543b80f65/datanode-1/data/ratis/414865a2-f3c6-4c41-aba8-ec7a0b6e23ff/current/log_inprogress_0
2019-07-14 11:06:42,790 INFO  segmented.SegmentedRaftLogWorker (SegmentedRaftLogWorker.java:execute(569)) - 66b1a79e-f482-4ae0-b0f0-8c15500b71a1-SegmentedRaftLogWorker:Storage Directory /workdir/hadoop-ozone/integration-test/target/test-dir/MiniOzoneClusterImpl-6e75c1fa-424d-46f5-a8d1-9c8543b80f65/datanode-2/data/ratis/414865a2-f3c6-4c41-aba8-ec7a0b6e23ff: created new log segment /workdir/hadoop-ozone/integration-test/target/test-dir/MiniOzoneClusterImpl-6e75c1fa-424d-46f5-a8d1-9c8543b80f65/datanode-2/data/ratis/414865a2-f3c6-4c41-aba8-ec7a0b6e23ff/current/log_inprogress_0
2019-07-14 11:06:42,822 INFO  client.GrpcClientProtocolClient (GrpcClientProtocolClient.java:onNext(255)) - client-102CED24E166->a2aa11f2-15d8-4e8f-ae5d-f8deb723e1ef: receive RaftClientReply:client-102CED24E166->a2aa11f2-15d8-4e8f-ae5d-f8deb723e1ef@group-F853C64DCE05, cid=162, SUCCESS, logIndex=1, commits[a2aa11f2-15d8-4e8f-ae5d-f8deb723e1ef:c2]
2019-07-14 11:06:42,850 INFO  client.GrpcClientProtocolClient (GrpcClientProtocolClient.java:onNext(255)) - client-102CED24E166->a2aa11f2-15d8-4e8f-ae5d-f8deb723e1ef: receive RaftClientReply:client-102CED24E166->a2aa11f2-15d8-4e8f-ae5d-f8deb723e1ef@group-F853C64DCE05, cid=163, SUCCESS, logIndex=3, commits[a2aa11f2-15d8-4e8f-ae5d-f8deb723e1ef:c4]
2019-07-14 11:06:42,909 INFO  client.GrpcClientProtocolClient (GrpcClientProtocolClient.java:onNext(255)) - client-102CED24E166->a2aa11f2-15d8-4e8f-ae5d-f8deb723e1ef: receive RaftClientReply:client-102CED24E166->a2aa11f2-15d8-4e8f-ae5d-f8deb723e1ef@group-F853C64DCE05, cid=164, SUCCESS, logIndex=4, commits[a2aa11f2-15d8-4e8f-ae5d-f8deb723e1ef:c9]
2019-07-14 11:06:42,910 INFO  client.GrpcClientProtocolClient (GrpcClientProtocolClient.java:onNext(255)) - client-102CED24E166->a2aa11f2-15d8-4e8f-ae5d-f8deb723e1ef: receive RaftClientReply:client-102CED24E166->a2aa11f2-15d8-4e8f-ae5d-f8deb723e1ef@group-F853C64DCE05, cid=165, SUCCESS, logIndex=5, commits[a2aa11f2-15d8-4e8f-ae5d-f8deb723e1ef:c9]
2019-07-14 11:06:42,911 INFO  client.GrpcClientProtocolClient (GrpcClientProtocolClient.java:onNext(255)) - client-102CED24E166->a2aa11f2-15d8-4e8f-ae5d-f8deb723e1ef: receive RaftClientReply:client-102CED24E166->a2aa11f2-15d8-4e8f-ae5d-f8deb723e1ef@group-F853C64DCE05, cid=166, SUCCESS, logIndex=6, commits[a2aa11f2-15d8-4e8f-ae5d-f8deb723e1ef:c9]
2019-07-14 11:06:42,912 INFO  client.GrpcClientProtocolClient (GrpcClientProtocolClient.java:onNext(255)) - client-102CED24E166->a2aa11f2-15d8-4e8f-ae5d-f8deb723e1ef: receive RaftClientReply:client-102CED24E166->a2aa11f2-15d8-4e8f-ae5d-f8deb723e1ef@group-F853C64DCE05, cid=167, SUCCESS, logIndex=7, commits[a2aa11f2-15d8-4e8f-ae5d-f8deb723e1ef:c9]
2019-07-14 11:06:42,928 INFO  client.GrpcClientProtocolClient (GrpcClientProtocolClient.java:onNext(255)) - client-102CED24E166->a2aa11f2-15d8-4e8f-ae5d-f8deb723e1ef: receive RaftClientReply:client-102CED24E166->a2aa11f2-15d8-4e8f-ae5d-f8deb723e1ef@group-F853C64DCE05, cid=168, SUCCESS, logIndex=10, commits[a2aa11f2-15d8-4e8f-ae5d-f8deb723e1ef:c10]
2019-07-14 11:06:42,929 INFO  client.GrpcClientProtocolClient (GrpcClientProtocolClient.java:onNext(255)) - client-102CED24E166->a2aa11f2-15d8-4e8f-ae5d-f8deb723e1ef: receive RaftClientReply:client-102CED24E166->a2aa11f2-15d8-4e8f-ae5d-f8deb723e1ef@group-F853C64DCE05, cid=169, SUCCESS, logIndex=11, commits[a2aa11f2-15d8-4e8f-ae5d-f8deb723e1ef:c12]
2019-07-14 11:06:42,969 INFO  pipeline.Pipeline (Pipeline.java:getProtobufMessage(195)) - Serialize pipeline PipelineID=a5cc6165-dada-408f-b2c5-f853c64dce05 with nodesInOrder{ }
2019-07-14 11:06:42,971 INFO  ozone.MiniOzoneClusterImpl (MiniOzoneClusterImpl.java:shutdown(321)) - Shutting down the Mini Ozone Cluster
2019-07-14 11:06:42,971 INFO  ozone.MiniOzoneClusterImpl (MiniOzoneClusterImpl.java:stop(336)) - Stopping the Mini Ozone Cluster
2019-07-14 11:06:42,971 INFO  ozone.MiniOzoneClusterImpl (MiniOzoneClusterImpl.java:stop(338)) - Stopping the OzoneManager
2019-07-14 11:06:42,971 INFO  ipc.Server (Server.java:stop(3082)) - Stopping server on 39503
2019-07-14 11:06:42,984 INFO  ipc.Server (Server.java:run(1185)) - Stopping IPC Server listener on 39503
2019-07-14 11:06:42,994 INFO  ipc.Server (Server.java:run(1319)) - Stopping IPC Server Responder
2019-07-14 11:06:42,991 INFO  utils.BackgroundService (BackgroundService.java:shutdown(148)) - Shutting down service KeyDeletingService
2019-07-14 11:06:43,020 INFO  handler.ContextHandler (ContextHandler.java:doStop(910)) - Stopped o.e.j.w.WebAppContext@426bf2f2{/,null,UNAVAILABLE}{/ozoneManager}
2019-07-14 11:06:43,021 INFO  server.AbstractConnector (AbstractConnector.java:doStop(318)) - Stopped ServerConnector@2cfd9b0a{HTTP/1.1,[http/1.1]}{0.0.0.0:0}
2019-07-14 11:06:43,021 INFO  handler.ContextHandler (ContextHandler.java:doStop(910)) - Stopped o.e.j.s.ServletContextHandler@2bbaf983{/static,file:///workdir/hadoop-ozone/integration-test/target/test-classes/webapps/static,UNAVAILABLE}
2019-07-14 11:06:43,021 INFO  handler.ContextHandler (ContextHandler.java:doStop(910)) - Stopped o.e.j.s.ServletContextHandler@57466fb7{/logs,file:///workdir/hadoop-ozone/integration-test/target/log,UNAVAILABLE}
2019-07-14 11:06:43,024 INFO  ozone.MiniOzoneClusterImpl (MiniOzoneClusterImpl.java:stop(344)) - Shutting the HddsDatanodes
2019-07-14 11:06:43,024 INFO  datanode.ObjectStoreHandler (ObjectStoreHandler.java:close(155)) - Closing ObjectStoreHandler.
2019-07-14 11:06:43,024 INFO  datanode.ObjectStoreHandler (ObjectStoreHandler.java:close(155)) - Closing ObjectStoreHandler.
2019-07-14 11:06:43,025 INFO  ozone.HddsDatanodeService (HddsDatanodeService.java:stop(452)) - Stopped plug-in org.apache.hadoop.ozone.web.OzoneHddsDatanodeService@1cdb290c
2019-07-14 11:06:43,025 INFO  ozone.HddsDatanodeService (HddsDatanodeService.java:stop(452)) - Stopped plug-in org.apache.hadoop.ozone.web.OzoneHddsDatanodeService@40ef1934
2019-07-14 11:06:43,377 INFO  statemachine.DatanodeStateMachine (DatanodeStateMachine.java:lambda$startDaemon$0(350)) - Ozone container server started.
2019-07-14 11:06:43,868 INFO  statemachine.DatanodeStateMachine (DatanodeStateMachine.java:lambda$startDaemon$0(350)) - Ozone container server started.
2019-07-14 11:06:47,390 INFO  node.StaleNodeHandler (StaleNodeHandler.java:onMessage(58)) - Datanode b40f2446-fae5-4d94-ae24-3c59dc776a64{ip: 192.168.157.209, host: trunk-nightly-fxmrv-2540794721, networkLocation: /default-rack, certSerialId: null} moved to stale state. Finalizing its pipelines [PipelineID=54c9d8f8-81bc-498d-89d6-6b575baf03bc, PipelineID=414865a2-f3c6-4c41-aba8-ec7a0b6e23ff]
2019-07-14 11:06:47,391 INFO  pipeline.SCMPipelineManager (SCMPipelineManager.java:finalizeAndDestroyPipeline(309)) - destroying pipeline:Pipeline[ Id: 54c9d8f8-81bc-498d-89d6-6b575baf03bc, Nodes: b40f2446-fae5-4d94-ae24-3c59dc776a64{ip: 192.168.157.209, host: trunk-nightly-fxmrv-2540794721, networkLocation: /default-rack, certSerialId: null}, Type:RATIS, Factor:ONE, State:OPEN]
2019-07-14 11:06:47,391 INFO  pipeline.PipelineStateManager (PipelineStateManager.java:finalizePipeline(123)) - Pipeline Pipeline[ Id: 54c9d8f8-81bc-498d-89d6-6b575baf03bc, Nodes: b40f2446-fae5-4d94-ae24-3c59dc776a64{ip: 192.168.157.209, host: trunk-nightly-fxmrv-2540794721, networkLocation: /default-rack, certSerialId: null}, Type:RATIS, Factor:ONE, State:CLOSED] moved to CLOSED state
2019-07-14 11:06:47,391 INFO  pipeline.SCMPipelineManager (SCMPipelineManager.java:finalizeAndDestroyPipeline(309)) - destroying pipeline:Pipeline[ Id: 414865a2-f3c6-4c41-aba8-ec7a0b6e23ff, Nodes: b1b58167-0653-4ac7-b98f-8cf4c84ad666{ip: 192.168.157.209, host: trunk-nightly-fxmrv-2540794721, networkLocation: /default-rack, certSerialId: null}66b1a79e-f482-4ae0-b0f0-8c15500b71a1{ip: 192.168.157.209, host: trunk-nightly-fxmrv-2540794721, networkLocation: /default-rack, certSerialId: null}b40f2446-fae5-4d94-ae24-3c59dc776a64{ip: 192.168.157.209, host: trunk-nightly-fxmrv-2540794721, networkLocation: /default-rack, certSerialId: null}, Type:RATIS, Factor:THREE, State:OPEN]
2019-07-14 11:06:47,391 INFO  pipeline.PipelineStateManager (PipelineStateManager.java:finalizePipeline(123)) - Pipeline Pipeline[ Id: 414865a2-f3c6-4c41-aba8-ec7a0b6e23ff, Nodes: b1b58167-0653-4ac7-b98f-8cf4c84ad666{ip: 192.168.157.209, host: trunk-nightly-fxmrv-2540794721, networkLocation: /default-rack, certSerialId: null}66b1a79e-f482-4ae0-b0f0-8c15500b71a1{ip: 192.168.157.209, host: trunk-nightly-fxmrv-2540794721, networkLocation: /default-rack, certSerialId: null}b40f2446-fae5-4d94-ae24-3c59dc776a64{ip: 192.168.157.209, host: trunk-nightly-fxmrv-2540794721, networkLocation: /default-rack, certSerialId: null}, Type:RATIS, Factor:THREE, State:CLOSED] moved to CLOSED state
2019-07-14 11:06:47,891 INFO  node.StaleNodeHandler (StaleNodeHandler.java:onMessage(58)) - Datanode 8f16bc0e-88ee-4195-be19-d95d05fb91e0{ip: 192.168.157.209, host: trunk-nightly-fxmrv-2540794721, networkLocation: /default-rack, certSerialId: null} moved to stale state. Finalizing its pipelines [PipelineID=aa1b3ba5-055f-4007-a0b2-5718b09f1503, PipelineID=d1f8e5c0-2c7f-4976-8051-82d0b462fd34]
2019-07-14 11:06:47,891 INFO  pipeline.SCMPipelineManager (SCMPipelineManager.java:finalizeAndDestroyPipeline(309)) - destroying pipeline:Pipeline[ Id: aa1b3ba5-055f-4007-a0b2-5718b09f1503, Nodes: a2aa11f2-15d8-4e8f-ae5d-f8deb723e1ef{ip: 192.168.157.209, host: trunk-nightly-fxmrv-2540794721, networkLocation: /default-rack, certSerialId: null}d568da82-e7da-4b22-97a5-879c917df10e{ip: 192.168.157.209, host: trunk-nightly-fxmrv-2540794721, networkLocation: /default-rack, certSerialId: null}8f16bc0e-88ee-4195-be19-d95d05fb91e0{ip: 192.168.157.209, host: trunk-nightly-fxmrv-2540794721, networkLocation: /default-rack, certSerialId: null}, Type:RATIS, Factor:THREE, State:OPEN]
2019-07-14 11:06:47,891 INFO  pipeline.PipelineStateManager (PipelineStateManager.java:finalizePipeline(123)) - Pipeline Pipeline[ Id: aa1b3ba5-055f-4007-a0b2-5718b09f1503, Nodes: a2aa11f2-15d8-4e8f-ae5d-f8deb723e1ef{ip: 192.168.157.209, host: trunk-nightly-fxmrv-2540794721, networkLocation: /default-rack, certSerialId: null}d568da82-e7da-4b22-97a5-879c917df10e{ip: 192.168.157.209, host: trunk-nightly-fxmrv-2540794721, networkLocation: /default-rack, certSerialId: null}8f16bc0e-88ee-4195-be19-d95d05fb91e0{ip: 192.168.157.209, host: trunk-nightly-fxmrv-2540794721, networkLocation: /default-rack, certSerialId: null}, Type:RATIS, Factor:THREE, State:CLOSED] moved to CLOSED state
2019-07-14 11:06:47,891 INFO  pipeline.SCMPipelineManager (SCMPipelineManager.java:finalizeAndDestroyPipeline(309)) - destroying pipeline:Pipeline[ Id: d1f8e5c0-2c7f-4976-8051-82d0b462fd34, Nodes: 8f16bc0e-88ee-4195-be19-d95d05fb91e0{ip: 192.168.157.209, host: trunk-nightly-fxmrv-2540794721, networkLocation: /default-rack, certSerialId: null}, Type:RATIS, Factor:ONE, State:OPEN]
2019-07-14 11:06:47,892 INFO  pipeline.PipelineStateManager (PipelineStateManager.java:finalizePipeline(123)) - Pipeline Pipeline[ Id: d1f8e5c0-2c7f-4976-8051-82d0b462fd34, Nodes: 8f16bc0e-88ee-4195-be19-d95d05fb91e0{ip: 192.168.157.209, host: trunk-nightly-fxmrv-2540794721, networkLocation: /default-rack, certSerialId: null}, Type:RATIS, Factor:ONE, State:CLOSED] moved to CLOSED state
2019-07-14 11:06:48,025 INFO  ozoneimpl.OzoneContainer (OzoneContainer.java:stop(199)) - Attempting to stop container services.
2019-07-14 11:06:48,026 INFO  ozoneimpl.OzoneContainer (OzoneContainer.java:stop(199)) - Attempting to stop container services.
2019-07-14 11:06:48,026 INFO  impl.RaftServerProxy (RaftServerProxy.java:lambda$close$4(314)) - 8f16bc0e-88ee-4195-be19-d95d05fb91e0: close
2019-07-14 11:06:48,026 INFO  impl.RaftServerProxy (RaftServerProxy.java:lambda$close$4(314)) - b40f2446-fae5-4d94-ae24-3c59dc776a64: close
2019-07-14 11:06:48,027 INFO  impl.RaftServerImpl (RaftServerImpl.java:lambda$shutdown$3(245)) - 8f16bc0e-88ee-4195-be19-d95d05fb91e0: shutdown group-5718B09F1503
2019-07-14 11:06:48,027 INFO  impl.RaftServerImpl (RaftServerImpl.java:lambda$shutdown$3(245)) - b40f2446-fae5-4d94-ae24-3c59dc776a64: shutdown group-6B575BAF03BC
2019-07-14 11:06:48,027 INFO  util.JmxRegister (JmxRegister.java:unregister(73)) - Successfully un-registered JMX Bean with object name Ratis:service=RaftServer,group=group-5718B09F1503,id=8f16bc0e-88ee-4195-be19-d95d05fb91e0
2019-07-14 11:06:48,028 INFO  util.JmxRegister (JmxRegister.java:unregister(73)) - Successfully un-registered JMX Bean with object name Ratis:service=RaftServer,group=group-6B575BAF03BC,id=b40f2446-fae5-4d94-ae24-3c59dc776a64
2019-07-14 11:06:48,028 INFO  impl.RoleInfo (RoleInfo.java:shutdownFollowerState(121)) - 8f16bc0e-88ee-4195-be19-d95d05fb91e0: shutdown FollowerState
2019-07-14 11:06:48,029 INFO  impl.StateMachineUpdater (StateMachineUpdater.java:stopAndJoin(115)) - StateMachineUpdater:8f16bc0e-88ee-4195-be19-d95d05fb91e0:group-5718B09F1503: set stopIndex = 0
2019-07-14 11:06:48,029 INFO  impl.RaftServerImpl (ServerState.java:close(394)) - 8f16bc0e-88ee-4195-be19-d95d05fb91e0:group-5718B09F1503 closes. The last applied log index is 0
2019-07-14 11:06:48,028 INFO  impl.RoleInfo (RoleInfo.java:shutdownLeaderState(104)) - b40f2446-fae5-4d94-ae24-3c59dc776a64: shutdown LeaderState
2019-07-14 11:06:48,030 INFO  segmented.SegmentedRaftLogWorker (SegmentedRaftLogWorker.java:run(313)) - 8f16bc0e-88ee-4195-be19-d95d05fb91e0-SegmentedRaftLogWorker:Storage Directory /workdir/hadoop-ozone/integration-test/target/test-dir/MiniOzoneClusterImpl-6e75c1fa-424d-46f5-a8d1-9c8543b80f65/datanode-4/data/ratis/aa1b3ba5-055f-4007-a0b2-5718b09f1503 was interrupted, exiting. There are 0 tasks remaining in the queue.
2019-07-14 11:06:48,029 INFO  impl.FollowerState (FollowerState.java:run(114)) - 8f16bc0e-88ee-4195-be19-d95d05fb91e0: FollowerState was interrupted: java.lang.InterruptedException: sleep interrupted
2019-07-14 11:06:48,030 INFO  impl.PendingRequests (PendingRequests.java:sendNotLeaderResponses(202)) - b40f2446-fae5-4d94-ae24-3c59dc776a64-PendingRequests: sendNotLeaderResponses
2019-07-14 11:06:48,037 INFO  segmented.SegmentedRaftLogWorker (SegmentedRaftLogWorker.java:close(228)) - 8f16bc0e-88ee-4195-be19-d95d05fb91e0-SegmentedRaftLogWorker:Storage Directory /workdir/hadoop-ozone/integration-test/target/test-dir/MiniOzoneClusterImpl-6e75c1fa-424d-46f5-a8d1-9c8543b80f65/datanode-4/data/ratis/aa1b3ba5-055f-4007-a0b2-5718b09f1503 close()
2019-07-14 11:06:48,037 INFO  impl.StateMachineUpdater (StateMachineUpdater.java:stopAndJoin(115)) - StateMachineUpdater:b40f2446-fae5-4d94-ae24-3c59dc776a64:group-6B575BAF03BC: set stopIndex = 0
2019-07-14 11:06:48,053 INFO  impl.RaftServerImpl (RaftServerImpl.java:lambda$shutdown$3(245)) - 8f16bc0e-88ee-4195-be19-d95d05fb91e0: shutdown group-82D0B462FD34
2019-07-14 11:06:48,054 INFO  impl.RaftServerImpl (ServerState.java:close(394)) - b40f2446-fae5-4d94-ae24-3c59dc776a64:group-6B575BAF03BC closes. The last applied log index is 0
2019-07-14 11:06:48,054 INFO  util.JmxRegister (JmxRegister.java:unregister(73)) - Successfully un-registered JMX Bean with object name Ratis:service=RaftServer,group=group-82D0B462FD34,id=8f16bc0e-88ee-4195-be19-d95d05fb91e0
2019-07-14 11:06:48,055 INFO  segmented.SegmentedRaftLogWorker (SegmentedRaftLogWorker.java:run(313)) - b40f2446-fae5-4d94-ae24-3c59dc776a64-SegmentedRaftLogWorker:Storage Directory /workdir/hadoop-ozone/integration-test/target/test-dir/MiniOzoneClusterImpl-6e75c1fa-424d-46f5-a8d1-9c8543b80f65/datanode-1/data/ratis/54c9d8f8-81bc-498d-89d6-6b575baf03bc was interrupted, exiting. There are 0 tasks remaining in the queue.
2019-07-14 11:06:48,055 INFO  impl.RoleInfo (RoleInfo.java:shutdownLeaderState(104)) - 8f16bc0e-88ee-4195-be19-d95d05fb91e0: shutdown LeaderState
2019-07-14 11:06:48,057 INFO  segmented.SegmentedRaftLogWorker (SegmentedRaftLogWorker.java:close(228)) - b40f2446-fae5-4d94-ae24-3c59dc776a64-SegmentedRaftLogWorker:Storage Directory /workdir/hadoop-ozone/integration-test/target/test-dir/MiniOzoneClusterImpl-6e75c1fa-424d-46f5-a8d1-9c8543b80f65/datanode-1/data/ratis/54c9d8f8-81bc-498d-89d6-6b575baf03bc close()
2019-07-14 11:06:48,057 INFO  impl.PendingRequests (PendingRequests.java:sendNotLeaderResponses(202)) - 8f16bc0e-88ee-4195-be19-d95d05fb91e0-PendingRequests: sendNotLeaderResponses
2019-07-14 11:06:48,060 INFO  impl.RaftServerImpl (RaftServerImpl.java:lambda$shutdown$3(245)) - b40f2446-fae5-4d94-ae24-3c59dc776a64: shutdown group-EC7A0B6E23FF
2019-07-14 11:06:48,060 INFO  impl.StateMachineUpdater (StateMachineUpdater.java:stopAndJoin(115)) - StateMachineUpdater:8f16bc0e-88ee-4195-be19-d95d05fb91e0:group-82D0B462FD34: set stopIndex = 0
2019-07-14 11:06:48,060 INFO  util.JmxRegister (JmxRegister.java:unregister(73)) - Successfully un-registered JMX Bean with object name Ratis:service=RaftServer,group=group-EC7A0B6E23FF,id=b40f2446-fae5-4d94-ae24-3c59dc776a64
2019-07-14 11:06:48,061 INFO  impl.RaftServerImpl (ServerState.java:close(394)) - 8f16bc0e-88ee-4195-be19-d95d05fb91e0:group-82D0B462FD34 closes. The last applied log index is 0
2019-07-14 11:06:48,061 INFO  impl.RoleInfo (RoleInfo.java:shutdownFollowerState(121)) - b40f2446-fae5-4d94-ae24-3c59dc776a64: shutdown FollowerState
2019-07-14 11:06:48,062 INFO  segmented.SegmentedRaftLogWorker (SegmentedRaftLogWorker.java:run(313)) - 8f16bc0e-88ee-4195-be19-d95d05fb91e0-SegmentedRaftLogWorker:Storage Directory /workdir/hadoop-ozone/integration-test/target/test-dir/MiniOzoneClusterImpl-6e75c1fa-424d-46f5-a8d1-9c8543b80f65/datanode-4/data/ratis/d1f8e5c0-2c7f-4976-8051-82d0b462fd34 was interrupted, exiting. There are 0 tasks remaining in the queue.
2019-07-14 11:06:48,062 INFO  impl.StateMachineUpdater (StateMachineUpdater.java:stopAndJoin(115)) - StateMachineUpdater:b40f2446-fae5-4d94-ae24-3c59dc776a64:group-EC7A0B6E23FF: set stopIndex = 0
2019-07-14 11:06:48,064 INFO  segmented.SegmentedRaftLogWorker (SegmentedRaftLogWorker.java:close(228)) - 8f16bc0e-88ee-4195-be19-d95d05fb91e0-SegmentedRaftLogWorker:Storage Directory /workdir/hadoop-ozone/integration-test/target/test-dir/MiniOzoneClusterImpl-6e75c1fa-424d-46f5-a8d1-9c8543b80f65/datanode-4/data/ratis/d1f8e5c0-2c7f-4976-8051-82d0b462fd34 close()
2019-07-14 11:06:48,062 INFO  impl.FollowerState (FollowerState.java:run(114)) - b40f2446-fae5-4d94-ae24-3c59dc776a64: FollowerState was interrupted: java.lang.InterruptedException: sleep interrupted
2019-07-14 11:06:48,067 INFO  server.GrpcService (GrpcService.java:closeImpl(155)) - 8f16bc0e-88ee-4195-be19-d95d05fb91e0: shutdown server with port 40453 now
2019-07-14 11:06:48,064 INFO  impl.RaftServerImpl (ServerState.java:close(394)) - b40f2446-fae5-4d94-ae24-3c59dc776a64:group-EC7A0B6E23FF closes. The last applied log index is 0
2019-07-14 11:06:48,069 INFO  segmented.SegmentedRaftLogWorker (SegmentedRaftLogWorker.java:run(313)) - b40f2446-fae5-4d94-ae24-3c59dc776a64-SegmentedRaftLogWorker:Storage Directory /workdir/hadoop-ozone/integration-test/target/test-dir/MiniOzoneClusterImpl-6e75c1fa-424d-46f5-a8d1-9c8543b80f65/datanode-1/data/ratis/414865a2-f3c6-4c41-aba8-ec7a0b6e23ff was interrupted, exiting. There are 0 tasks remaining in the queue.
2019-07-14 11:06:48,072 INFO  segmented.SegmentedRaftLogWorker (SegmentedRaftLogWorker.java:close(228)) - b40f2446-fae5-4d94-ae24-3c59dc776a64-SegmentedRaftLogWorker:Storage Directory /workdir/hadoop-ozone/integration-test/target/test-dir/MiniOzoneClusterImpl-6e75c1fa-424d-46f5-a8d1-9c8543b80f65/datanode-1/data/ratis/414865a2-f3c6-4c41-aba8-ec7a0b6e23ff close()
2019-07-14 11:06:48,072 WARN  server.GrpcServerProtocolService (LogUtils.java:warn(134)) - 8f16bc0e-88ee-4195-be19-d95d05fb91e0: appendEntries onError: org.apache.ratis.thirdparty.io.grpc.StatusRuntimeException: CANCELLED: cancelled before receiving half close
2019-07-14 11:06:48,072 WARN  server.GrpcLogAppender (LogUtils.java:warn(134)) - a2aa11f2-15d8-4e8f-ae5d-f8deb723e1ef->8f16bc0e-88ee-4195-be19-d95d05fb91e0: Failed appendEntries: org.apache.ratis.thirdparty.io.grpc.StatusRuntimeException: CANCELLED: HTTP/2 error code: CANCEL
Received Rst Stream
2019-07-14 11:06:48,075 INFO  server.GrpcService (GrpcService.java:closeImpl(155)) - b40f2446-fae5-4d94-ae24-3c59dc776a64: shutdown server with port 40402 now
2019-07-14 11:06:48,072 INFO  server.GrpcService (GrpcService.java:closeImpl(163)) - 8f16bc0e-88ee-4195-be19-d95d05fb91e0: shutdown server with port 40453 successfully
2019-07-14 11:06:48,075 INFO  impl.FollowerInfo (FollowerInfo.java:lambda$new$0(50)) - a2aa11f2-15d8-4e8f-ae5d-f8deb723e1ef->8f16bc0e-88ee-4195-be19-d95d05fb91e0: nextIndex: updateUnconditionally 1 -> 0
2019-07-14 11:06:48,076 WARN  server.GrpcServerProtocolService (LogUtils.java:warn(134)) - b40f2446-fae5-4d94-ae24-3c59dc776a64: appendEntries onError: org.apache.ratis.thirdparty.io.grpc.StatusRuntimeException: CANCELLED: cancelled before receiving half close
2019-07-14 11:06:48,076 INFO  server.GrpcService (GrpcService.java:closeImpl(163)) - b40f2446-fae5-4d94-ae24-3c59dc776a64: shutdown server with port 40402 successfully
2019-07-14 11:06:48,077 WARN  server.GrpcLogAppender (LogUtils.java:warn(134)) - b1b58167-0653-4ac7-b98f-8cf4c84ad666->b40f2446-fae5-4d94-ae24-3c59dc776a64: Failed appendEntries: org.apache.ratis.thirdparty.io.grpc.StatusRuntimeException: CANCELLED: HTTP/2 error code: CANCEL
Received Rst Stream
2019-07-14 11:06:48,077 INFO  impl.FollowerInfo (FollowerInfo.java:lambda$new$0(50)) - b1b58167-0653-4ac7-b98f-8cf4c84ad666->b40f2446-fae5-4d94-ae24-3c59dc776a64: nextIndex: updateUnconditionally 1 -> 0
2019-07-14 11:06:48,078 INFO  utils.BackgroundService (BackgroundService.java:shutdown(148)) - Shutting down service BlockDeletingService
2019-07-14 11:06:48,079 WARN  fs.CachingGetSpaceUsed (CachingGetSpaceUsed.java:run(183)) - Thread Interrupted waiting to refresh disk information: sleep interrupted
2019-07-14 11:06:48,083 INFO  utils.BackgroundService (BackgroundService.java:shutdown(148)) - Shutting down service BlockDeletingService
2019-07-14 11:06:48,085 WARN  fs.CachingGetSpaceUsed (CachingGetSpaceUsed.java:run(183)) - Thread Interrupted waiting to refresh disk information: sleep interrupted
2019-07-14 11:06:48,103 INFO  statemachine.DatanodeStateMachine (DatanodeStateMachine.java:stopDaemon(395)) - Ozone container server stopped.
2019-07-14 11:06:48,115 INFO  statemachine.DatanodeStateMachine (DatanodeStateMachine.java:stopDaemon(395)) - Ozone container server stopped.
2019-07-14 11:06:48,120 INFO  handler.ContextHandler (ContextHandler.java:doStop(910)) - Stopped o.e.j.w.WebAppContext@36a25457{/,null,UNAVAILABLE}{/hddsDatanode}
2019-07-14 11:06:48,121 INFO  handler.ContextHandler (ContextHandler.java:doStop(910)) - Stopped o.e.j.w.WebAppContext@60256d1b{/,null,UNAVAILABLE}{/hddsDatanode}
2019-07-14 11:06:48,121 INFO  server.AbstractConnector (AbstractConnector.java:doStop(318)) - Stopped ServerConnector@61d4155b{HTTP/1.1,[http/1.1]}{0.0.0.0:0}
2019-07-14 11:06:48,122 INFO  server.AbstractConnector (AbstractConnector.java:doStop(318)) - Stopped ServerConnector@24b4f4a{HTTP/1.1,[http/1.1]}{0.0.0.0:0}
2019-07-14 11:06:48,122 INFO  handler.ContextHandler (ContextHandler.java:doStop(910)) - Stopped o.e.j.s.ServletContextHandler@37ad818e{/static,jar:file:/home/user/.m2/repository/org/apache/hadoop/hadoop-hdds-container-service/0.5.0-SNAPSHOT/hadoop-hdds-container-service-0.5.0-SNAPSHOT.jar!/webapps/static,UNAVAILABLE}
2019-07-14 11:06:48,124 INFO  handler.ContextHandler (ContextHandler.java:doStop(910)) - Stopped o.e.j.s.ServletContextHandler@447a557b{/static,jar:file:/home/user/.m2/repository/org/apache/hadoop/hadoop-hdds-container-service/0.5.0-SNAPSHOT/hadoop-hdds-container-service-0.5.0-SNAPSHOT.jar!/webapps/static,UNAVAILABLE}
2019-07-14 11:06:48,124 INFO  handler.ContextHandler (ContextHandler.java:doStop(910)) - Stopped o.e.j.s.ServletContextHandler@57859e2c{/logs,file:///workdir/hadoop-ozone/integration-test/target/log,UNAVAILABLE}
2019-07-14 11:06:48,126 INFO  handler.ContextHandler (ContextHandler.java:doStop(910)) - Stopped o.e.j.s.ServletContextHandler@59263f7b{/logs,file:///workdir/hadoop-ozone/integration-test/target/log,UNAVAILABLE}
2019-07-14 11:06:48,127 INFO  datanode.ObjectStoreHandler (ObjectStoreHandler.java:close(155)) - Closing ObjectStoreHandler.
2019-07-14 11:06:48,127 INFO  datanode.ObjectStoreHandler (ObjectStoreHandler.java:close(155)) - Closing ObjectStoreHandler.
2019-07-14 11:06:48,128 INFO  ozone.HddsDatanodeService (HddsDatanodeService.java:stop(452)) - Stopped plug-in org.apache.hadoop.ozone.web.OzoneHddsDatanodeService@67062a93
2019-07-14 11:06:48,128 INFO  ozone.HddsDatanodeService (HddsDatanodeService.java:stop(452)) - Stopped plug-in org.apache.hadoop.ozone.web.OzoneHddsDatanodeService@6fc03cf6
2019-07-14 11:06:48,343 WARN  server.GrpcLogAppender (LogUtils.java:warn(134)) - a2aa11f2-15d8-4e8f-ae5d-f8deb723e1ef->8f16bc0e-88ee-4195-be19-d95d05fb91e0: Failed appendEntries: org.apache.ratis.thirdparty.io.grpc.StatusRuntimeException: UNAVAILABLE: io exception
2019-07-14 11:06:48,343 INFO  impl.FollowerInfo (FollowerInfo.java:lambda$new$0(50)) - a2aa11f2-15d8-4e8f-ae5d-f8deb723e1ef->8f16bc0e-88ee-4195-be19-d95d05fb91e0: nextIndex: updateUnconditionally 0 -> 0
2019-07-14 11:06:48,536 INFO  statemachine.DatanodeStateMachine (DatanodeStateMachine.java:lambda$startDaemon$0(350)) - Ozone container server started.
2019-07-14 11:06:48,714 INFO  statemachine.DatanodeStateMachine (DatanodeStateMachine.java:lambda$startDaemon$0(350)) - Ozone container server started.
2019-07-14 11:06:50,310 WARN  server.GrpcLogAppender (LogUtils.java:warn(134)) - b1b58167-0653-4ac7-b98f-8cf4c84ad666->b40f2446-fae5-4d94-ae24-3c59dc776a64: Failed appendEntries: org.apache.ratis.thirdparty.io.grpc.StatusRuntimeException: UNAVAILABLE: io exception
2019-07-14 11:06:50,310 INFO  impl.FollowerInfo (FollowerInfo.java:lambda$new$0(50)) - b1b58167-0653-4ac7-b98f-8cf4c84ad666->b40f2446-fae5-4d94-ae24-3c59dc776a64: nextIndex: updateUnconditionally 0 -> 0
2019-07-14 11:06:50,842 WARN  server.GrpcLogAppender (LogUtils.java:warn(134)) - a2aa11f2-15d8-4e8f-ae5d-f8deb723e1ef->8f16bc0e-88ee-4195-be19-d95d05fb91e0: Failed appendEntries: org.apache.ratis.thirdparty.io.grpc.StatusRuntimeException: UNAVAILABLE: io exception
2019-07-14 11:06:50,843 INFO  impl.FollowerInfo (FollowerInfo.java:lambda$new$0(50)) - a2aa11f2-15d8-4e8f-ae5d-f8deb723e1ef->8f16bc0e-88ee-4195-be19-d95d05fb91e0: nextIndex: updateUnconditionally 0 -> 0
2019-07-14 11:06:52,597 INFO  node.StaleNodeHandler (StaleNodeHandler.java:onMessage(58)) - Datanode 66b1a79e-f482-4ae0-b0f0-8c15500b71a1{ip: 192.168.157.209, host: trunk-nightly-fxmrv-2540794721, networkLocation: /default-rack, certSerialId: null} moved to stale state. Finalizing its pipelines [PipelineID=95c69711-f3d1-4779-b3cb-16638170b48c, PipelineID=414865a2-f3c6-4c41-aba8-ec7a0b6e23ff]
2019-07-14 11:06:52,597 INFO  pipeline.SCMPipelineManager (SCMPipelineManager.java:finalizeAndDestroyPipeline(309)) - destroying pipeline:Pipeline[ Id: 95c69711-f3d1-4779-b3cb-16638170b48c, Nodes: 66b1a79e-f482-4ae0-b0f0-8c15500b71a1{ip: 192.168.157.209, host: trunk-nightly-fxmrv-2540794721, networkLocation: /default-rack, certSerialId: null}, Type:RATIS, Factor:ONE, State:OPEN]
2019-07-14 11:06:52,598 INFO  pipeline.PipelineStateManager (PipelineStateManager.java:finalizePipeline(123)) - Pipeline Pipeline[ Id: 95c69711-f3d1-4779-b3cb-16638170b48c, Nodes: 66b1a79e-f482-4ae0-b0f0-8c15500b71a1{ip: 192.168.157.209, host: trunk-nightly-fxmrv-2540794721, networkLocation: /default-rack, certSerialId: null}, Type:RATIS, Factor:ONE, State:CLOSED] moved to CLOSED state
2019-07-14 11:06:52,598 INFO  pipeline.SCMPipelineManager (SCMPipelineManager.java:finalizeAndDestroyPipeline(309)) - destroying pipeline:Pipeline[ Id: 414865a2-f3c6-4c41-aba8-ec7a0b6e23ff, Nodes: b1b58167-0653-4ac7-b98f-8cf4c84ad666{ip: 192.168.157.209, host: trunk-nightly-fxmrv-2540794721, networkLocation: /default-rack, certSerialId: null}66b1a79e-f482-4ae0-b0f0-8c15500b71a1{ip: 192.168.157.209, host: trunk-nightly-fxmrv-2540794721, networkLocation: /default-rack, certSerialId: null}b40f2446-fae5-4d94-ae24-3c59dc776a64{ip: 192.168.157.209, host: trunk-nightly-fxmrv-2540794721, networkLocation: /default-rack, certSerialId: null}, Type:RATIS, Factor:THREE, State:CLOSED]
2019-07-14 11:06:52,797 INFO  node.StaleNodeHandler (StaleNodeHandler.java:onMessage(58)) - Datanode d568da82-e7da-4b22-97a5-879c917df10e{ip: 192.168.157.209, host: trunk-nightly-fxmrv-2540794721, networkLocation: /default-rack, certSerialId: null} moved to stale state. Finalizing its pipelines [PipelineID=aa1b3ba5-055f-4007-a0b2-5718b09f1503, PipelineID=464c2f22-ab76-4a89-a5d0-d995eec577b7]
2019-07-14 11:06:52,797 INFO  pipeline.SCMPipelineManager (SCMPipelineManager.java:finalizeAndDestroyPipeline(309)) - destroying pipeline:Pipeline[ Id: aa1b3ba5-055f-4007-a0b2-5718b09f1503, Nodes: a2aa11f2-15d8-4e8f-ae5d-f8deb723e1ef{ip: 192.168.157.209, host: trunk-nightly-fxmrv-2540794721, networkLocation: /default-rack, certSerialId: null}d568da82-e7da-4b22-97a5-879c917df10e{ip: 192.168.157.209, host: trunk-nightly-fxmrv-2540794721, networkLocation: /default-rack, certSerialId: null}8f16bc0e-88ee-4195-be19-d95d05fb91e0{ip: 192.168.157.209, host: trunk-nightly-fxmrv-2540794721, networkLocation: /default-rack, certSerialId: null}, Type:RATIS, Factor:THREE, State:CLOSED]
2019-07-14 11:06:52,798 INFO  pipeline.SCMPipelineManager (SCMPipelineManager.java:finalizeAndDestroyPipeline(309)) - destroying pipeline:Pipeline[ Id: 464c2f22-ab76-4a89-a5d0-d995eec577b7, Nodes: d568da82-e7da-4b22-97a5-879c917df10e{ip: 192.168.157.209, host: trunk-nightly-fxmrv-2540794721, networkLocation: /default-rack, certSerialId: null}, Type:RATIS, Factor:ONE, State:OPEN]
2019-07-14 11:06:52,798 INFO  pipeline.PipelineStateManager (PipelineStateManager.java:finalizePipeline(123)) - Pipeline Pipeline[ Id: 464c2f22-ab76-4a89-a5d0-d995eec577b7, Nodes: d568da82-e7da-4b22-97a5-879c917df10e{ip: 192.168.157.209, host: trunk-nightly-fxmrv-2540794721, networkLocation: /default-rack, certSerialId: null}, Type:RATIS, Factor:ONE, State:CLOSED] moved to CLOSED state
2019-07-14 11:06:52,810 WARN  server.GrpcLogAppender (LogUtils.java:warn(134)) - b1b58167-0653-4ac7-b98f-8cf4c84ad666->b40f2446-fae5-4d94-ae24-3c59dc776a64: Failed appendEntries: org.apache.ratis.thirdparty.io.grpc.StatusRuntimeException: UNAVAILABLE: io exception
2019-07-14 11:06:52,811 INFO  impl.FollowerInfo (FollowerInfo.java:lambda$new$0(50)) - b1b58167-0653-4ac7-b98f-8cf4c84ad666->b40f2446-fae5-4d94-ae24-3c59dc776a64: nextIndex: updateUnconditionally 0 -> 0
2019-07-14 11:06:53,129 INFO  ozoneimpl.OzoneContainer (OzoneContainer.java:stop(199)) - Attempting to stop container services.
2019-07-14 11:06:53,129 INFO  ozoneimpl.OzoneContainer (OzoneContainer.java:stop(199)) - Attempting to stop container services.
2019-07-14 11:06:53,129 INFO  impl.RaftServerProxy (RaftServerProxy.java:lambda$close$4(314)) - 66b1a79e-f482-4ae0-b0f0-8c15500b71a1: close
2019-07-14 11:06:53,130 INFO  impl.RaftServerProxy (RaftServerProxy.java:lambda$close$4(314)) - d568da82-e7da-4b22-97a5-879c917df10e: close
2019-07-14 11:06:53,130 INFO  impl.RaftServerImpl (RaftServerImpl.java:lambda$shutdown$3(245)) - 66b1a79e-f482-4ae0-b0f0-8c15500b71a1: shutdown group-16638170B48C
2019-07-14 11:06:53,130 INFO  impl.RaftServerImpl (RaftServerImpl.java:lambda$shutdown$3(245)) - d568da82-e7da-4b22-97a5-879c917df10e: shutdown group-5718B09F1503
2019-07-14 11:06:53,131 INFO  util.JmxRegister (JmxRegister.java:unregister(73)) - Successfully un-registered JMX Bean with object name Ratis:service=RaftServer,group=group-16638170B48C,id=66b1a79e-f482-4ae0-b0f0-8c15500b71a1
2019-07-14 11:06:53,131 INFO  util.JmxRegister (JmxRegister.java:unregister(73)) - Successfully un-registered JMX Bean with object name Ratis:service=RaftServer,group=group-5718B09F1503,id=d568da82-e7da-4b22-97a5-879c917df10e
2019-07-14 11:06:53,132 INFO  impl.RoleInfo (RoleInfo.java:shutdownFollowerState(121)) - d568da82-e7da-4b22-97a5-879c917df10e: shutdown FollowerState
2019-07-14 11:06:53,131 INFO  impl.RoleInfo (RoleInfo.java:shutdownLeaderState(104)) - 66b1a79e-f482-4ae0-b0f0-8c15500b71a1: shutdown LeaderState
2019-07-14 11:06:53,132 INFO  impl.FollowerState (FollowerState.java:run(114)) - d568da82-e7da-4b22-97a5-879c917df10e: FollowerState was interrupted: java.lang.InterruptedException: sleep interrupted
2019-07-14 11:06:53,132 INFO  impl.StateMachineUpdater (StateMachineUpdater.java:stopAndJoin(115)) - StateMachineUpdater:d568da82-e7da-4b22-97a5-879c917df10e:group-5718B09F1503: set stopIndex = 0
2019-07-14 11:06:53,136 INFO  impl.RaftServerImpl (ServerState.java:close(394)) - d568da82-e7da-4b22-97a5-879c917df10e:group-5718B09F1503 closes. The last applied log index is 0
2019-07-14 11:06:53,133 INFO  impl.PendingRequests (PendingRequests.java:sendNotLeaderResponses(202)) - 66b1a79e-f482-4ae0-b0f0-8c15500b71a1-PendingRequests: sendNotLeaderResponses
2019-07-14 11:06:53,137 INFO  segmented.SegmentedRaftLogWorker (SegmentedRaftLogWorker.java:run(313)) - d568da82-e7da-4b22-97a5-879c917df10e-SegmentedRaftLogWorker:Storage Directory /workdir/hadoop-ozone/integration-test/target/test-dir/MiniOzoneClusterImpl-6e75c1fa-424d-46f5-a8d1-9c8543b80f65/datanode-3/data/ratis/aa1b3ba5-055f-4007-a0b2-5718b09f1503 was interrupted, exiting. There are 0 tasks remaining in the queue.
2019-07-14 11:06:53,137 INFO  impl.StateMachineUpdater (StateMachineUpdater.java:stopAndJoin(115)) - StateMachineUpdater:66b1a79e-f482-4ae0-b0f0-8c15500b71a1:group-16638170B48C: set stopIndex = 0
2019-07-14 11:06:53,140 INFO  impl.RaftServerImpl (ServerState.java:close(394)) - 66b1a79e-f482-4ae0-b0f0-8c15500b71a1:group-16638170B48C closes. The last applied log index is 0
2019-07-14 11:06:53,140 INFO  segmented.SegmentedRaftLogWorker (SegmentedRaftLogWorker.java:run(313)) - 66b1a79e-f482-4ae0-b0f0-8c15500b71a1-SegmentedRaftLogWorker:Storage Directory /workdir/hadoop-ozone/integration-test/target/test-dir/MiniOzoneClusterImpl-6e75c1fa-424d-46f5-a8d1-9c8543b80f65/datanode-2/data/ratis/95c69711-f3d1-4779-b3cb-16638170b48c was interrupted, exiting. There are 0 tasks remaining in the queue.
2019-07-14 11:06:53,149 INFO  segmented.SegmentedRaftLogWorker (SegmentedRaftLogWorker.java:close(228)) - 66b1a79e-f482-4ae0-b0f0-8c15500b71a1-SegmentedRaftLogWorker:Storage Directory /workdir/hadoop-ozone/integration-test/target/test-dir/MiniOzoneClusterImpl-6e75c1fa-424d-46f5-a8d1-9c8543b80f65/datanode-2/data/ratis/95c69711-f3d1-4779-b3cb-16638170b48c close()
2019-07-14 11:06:53,149 INFO  segmented.SegmentedRaftLogWorker (SegmentedRaftLogWorker.java:close(228)) - d568da82-e7da-4b22-97a5-879c917df10e-SegmentedRaftLogWorker:Storage Directory /workdir/hadoop-ozone/integration-test/target/test-dir/MiniOzoneClusterImpl-6e75c1fa-424d-46f5-a8d1-9c8543b80f65/datanode-3/data/ratis/aa1b3ba5-055f-4007-a0b2-5718b09f1503 close()
2019-07-14 11:06:53,152 INFO  impl.RaftServerImpl (RaftServerImpl.java:lambda$shutdown$3(245)) - 66b1a79e-f482-4ae0-b0f0-8c15500b71a1: shutdown group-EC7A0B6E23FF
2019-07-14 11:06:53,154 INFO  impl.RaftServerImpl (RaftServerImpl.java:lambda$shutdown$3(245)) - d568da82-e7da-4b22-97a5-879c917df10e: shutdown group-D995EEC577B7
2019-07-14 11:06:53,154 INFO  util.JmxRegister (JmxRegister.java:unregister(73)) - Successfully un-registered JMX Bean with object name Ratis:service=RaftServer,group=group-EC7A0B6E23FF,id=66b1a79e-f482-4ae0-b0f0-8c15500b71a1
2019-07-14 11:06:53,155 INFO  util.JmxRegister (JmxRegister.java:unregister(73)) - Successfully un-registered JMX Bean with object name Ratis:service=RaftServer,group=group-D995EEC577B7,id=d568da82-e7da-4b22-97a5-879c917df10e
2019-07-14 11:06:53,155 INFO  impl.RoleInfo (RoleInfo.java:shutdownLeaderState(104)) - d568da82-e7da-4b22-97a5-879c917df10e: shutdown LeaderState
2019-07-14 11:06:53,155 INFO  impl.RoleInfo (RoleInfo.java:shutdownFollowerState(121)) - 66b1a79e-f482-4ae0-b0f0-8c15500b71a1: shutdown FollowerState
2019-07-14 11:06:53,156 INFO  impl.PendingRequests (PendingRequests.java:sendNotLeaderResponses(202)) - d568da82-e7da-4b22-97a5-879c917df10e-PendingRequests: sendNotLeaderResponses
2019-07-14 11:06:53,156 INFO  impl.FollowerState (FollowerState.java:run(114)) - 66b1a79e-f482-4ae0-b0f0-8c15500b71a1: FollowerState was interrupted: java.lang.InterruptedException: sleep interrupted
2019-07-14 11:06:53,156 INFO  impl.StateMachineUpdater (StateMachineUpdater.java:stopAndJoin(115)) - StateMachineUpdater:66b1a79e-f482-4ae0-b0f0-8c15500b71a1:group-EC7A0B6E23FF: set stopIndex = 0
2019-07-14 11:06:53,159 INFO  impl.RaftServerImpl (ServerState.java:close(394)) - 66b1a79e-f482-4ae0-b0f0-8c15500b71a1:group-EC7A0B6E23FF closes. The last applied log index is 0
2019-07-14 11:06:53,156 INFO  impl.StateMachineUpdater (StateMachineUpdater.java:stopAndJoin(115)) - StateMachineUpdater:d568da82-e7da-4b22-97a5-879c917df10e:group-D995EEC577B7: set stopIndex = 0
2019-07-14 11:06:53,159 INFO  segmented.SegmentedRaftLogWorker (SegmentedRaftLogWorker.java:run(313)) - 66b1a79e-f482-4ae0-b0f0-8c15500b71a1-SegmentedRaftLogWorker:Storage Directory /workdir/hadoop-ozone/integration-test/target/test-dir/MiniOzoneClusterImpl-6e75c1fa-424d-46f5-a8d1-9c8543b80f65/datanode-2/data/ratis/414865a2-f3c6-4c41-aba8-ec7a0b6e23ff was interrupted, exiting. There are 0 tasks remaining in the queue.
2019-07-14 11:06:53,159 INFO  impl.RaftServerImpl (ServerState.java:close(394)) - d568da82-e7da-4b22-97a5-879c917df10e:group-D995EEC577B7 closes. The last applied log index is 0
2019-07-14 11:06:53,162 INFO  segmented.SegmentedRaftLogWorker (SegmentedRaftLogWorker.java:close(228)) - 66b1a79e-f482-4ae0-b0f0-8c15500b71a1-SegmentedRaftLogWorker:Storage Directory /workdir/hadoop-ozone/integration-test/target/test-dir/MiniOzoneClusterImpl-6e75c1fa-424d-46f5-a8d1-9c8543b80f65/datanode-2/data/ratis/414865a2-f3c6-4c41-aba8-ec7a0b6e23ff close()
2019-07-14 11:06:53,162 INFO  segmented.SegmentedRaftLogWorker (SegmentedRaftLogWorker.java:run(313)) - d568da82-e7da-4b22-97a5-879c917df10e-SegmentedRaftLogWorker:Storage Directory /workdir/hadoop-ozone/integration-test/target/test-dir/MiniOzoneClusterImpl-6e75c1fa-424d-46f5-a8d1-9c8543b80f65/datanode-3/data/ratis/464c2f22-ab76-4a89-a5d0-d995eec577b7 was interrupted, exiting. There are 0 tasks remaining in the queue.
2019-07-14 11:06:53,164 INFO  server.GrpcService (GrpcService.java:closeImpl(155)) - 66b1a79e-f482-4ae0-b0f0-8c15500b71a1: shutdown server with port 43964 now
2019-07-14 11:06:53,166 INFO  segmented.SegmentedRaftLogWorker (SegmentedRaftLogWorker.java:close(228)) - d568da82-e7da-4b22-97a5-879c917df10e-SegmentedRaftLogWorker:Storage Directory /workdir/hadoop-ozone/integration-test/target/test-dir/MiniOzoneClusterImpl-6e75c1fa-424d-46f5-a8d1-9c8543b80f65/datanode-3/data/ratis/464c2f22-ab76-4a89-a5d0-d995eec577b7 close()
2019-07-14 11:06:53,168 INFO  server.GrpcService (GrpcService.java:closeImpl(155)) - d568da82-e7da-4b22-97a5-879c917df10e: shutdown server with port 38856 now
2019-07-14 11:06:53,168 WARN  server.GrpcServerProtocolService (LogUtils.java:warn(134)) - 66b1a79e-f482-4ae0-b0f0-8c15500b71a1: appendEntries onError: org.apache.ratis.thirdparty.io.grpc.StatusRuntimeException: CANCELLED: cancelled before receiving half close
2019-07-14 11:06:53,168 INFO  server.GrpcService (GrpcService.java:closeImpl(163)) - 66b1a79e-f482-4ae0-b0f0-8c15500b71a1: shutdown server with port 43964 successfully
2019-07-14 11:06:53,169 WARN  server.GrpcServerProtocolService (LogUtils.java:warn(134)) - d568da82-e7da-4b22-97a5-879c917df10e: appendEntries onError: org.apache.ratis.thirdparty.io.grpc.StatusRuntimeException: CANCELLED: cancelled before receiving half close
2019-07-14 11:06:53,169 INFO  server.GrpcService (GrpcService.java:closeImpl(163)) - d568da82-e7da-4b22-97a5-879c917df10e: shutdown server with port 38856 successfully
2019-07-14 11:06:53,169 WARN  server.GrpcLogAppender (LogUtils.java:warn(134)) - b1b58167-0653-4ac7-b98f-8cf4c84ad666->66b1a79e-f482-4ae0-b0f0-8c15500b71a1: Failed appendEntries: org.apache.ratis.thirdparty.io.grpc.StatusRuntimeException: CANCELLED: HTTP/2 error code: CANCEL
Received Rst Stream
2019-07-14 11:06:53,169 WARN  server.GrpcLogAppender (LogUtils.java:warn(134)) - a2aa11f2-15d8-4e8f-ae5d-f8deb723e1ef->d568da82-e7da-4b22-97a5-879c917df10e: Failed appendEntries: org.apache.ratis.thirdparty.io.grpc.StatusRuntimeException: CANCELLED: HTTP/2 error code: CANCEL
Received Rst Stream
2019-07-14 11:06:53,170 INFO  utils.BackgroundService (BackgroundService.java:shutdown(148)) - Shutting down service BlockDeletingService
2019-07-14 11:06:53,170 INFO  impl.FollowerInfo (FollowerInfo.java:lambda$new$0(50)) - b1b58167-0653-4ac7-b98f-8cf4c84ad666->66b1a79e-f482-4ae0-b0f0-8c15500b71a1: nextIndex: updateUnconditionally 1 -> 0
2019-07-14 11:06:53,170 INFO  impl.FollowerInfo (FollowerInfo.java:lambda$new$0(50)) - a2aa11f2-15d8-4e8f-ae5d-f8deb723e1ef->d568da82-e7da-4b22-97a5-879c917df10e: nextIndex: updateUnconditionally 1 -> 0
2019-07-14 11:06:53,171 INFO  utils.BackgroundService (BackgroundService.java:shutdown(148)) - Shutting down service BlockDeletingService
2019-07-14 11:06:53,172 WARN  fs.CachingGetSpaceUsed (CachingGetSpaceUsed.java:run(183)) - Thread Interrupted waiting to refresh disk information: sleep interrupted
2019-07-14 11:06:53,173 WARN  fs.CachingGetSpaceUsed (CachingGetSpaceUsed.java:run(183)) - Thread Interrupted waiting to refresh disk information: sleep interrupted
2019-07-14 11:06:53,193 INFO  statemachine.DatanodeStateMachine (DatanodeStateMachine.java:stopDaemon(395)) - Ozone container server stopped.
2019-07-14 11:06:53,197 INFO  statemachine.DatanodeStateMachine (DatanodeStateMachine.java:stopDaemon(395)) - Ozone container server stopped.
2019-07-14 11:06:53,213 INFO  handler.ContextHandler (ContextHandler.java:doStop(910)) - Stopped o.e.j.w.WebAppContext@7d0e43d6{/,null,UNAVAILABLE}{/hddsDatanode}
2019-07-14 11:06:53,213 INFO  handler.ContextHandler (ContextHandler.java:doStop(910)) - Stopped o.e.j.w.WebAppContext@62b0792{/,null,UNAVAILABLE}{/hddsDatanode}
2019-07-14 11:06:53,214 INFO  server.AbstractConnector (AbstractConnector.java:doStop(318)) - Stopped ServerConnector@df04d12{HTTP/1.1,[http/1.1]}{0.0.0.0:0}
2019-07-14 11:06:53,214 INFO  server.AbstractConnector (AbstractConnector.java:doStop(318)) - Stopped ServerConnector@2fd409c1{HTTP/1.1,[http/1.1]}{0.0.0.0:0}
2019-07-14 11:06:53,215 INFO  handler.ContextHandler (ContextHandler.java:doStop(910)) - Stopped o.e.j.s.ServletContextHandler@601e7c97{/static,jar:file:/home/user/.m2/repository/org/apache/hadoop/hadoop-hdds-container-service/0.5.0-SNAPSHOT/hadoop-hdds-container-service-0.5.0-SNAPSHOT.jar!/webapps/static,UNAVAILABLE}
2019-07-14 11:06:53,216 INFO  handler.ContextHandler (ContextHandler.java:doStop(910)) - Stopped o.e.j.s.ServletContextHandler@73072745{/static,jar:file:/home/user/.m2/repository/org/apache/hadoop/hadoop-hdds-container-service/0.5.0-SNAPSHOT/hadoop-hdds-container-service-0.5.0-SNAPSHOT.jar!/webapps/static,UNAVAILABLE}
2019-07-14 11:06:53,217 INFO  handler.ContextHandler (ContextHandler.java:doStop(910)) - Stopped o.e.j.s.ServletContextHandler@5248c05a{/logs,file:///workdir/hadoop-ozone/integration-test/target/log,UNAVAILABLE}
2019-07-14 11:06:53,217 INFO  handler.ContextHandler (ContextHandler.java:doStop(910)) - Stopped o.e.j.s.ServletContextHandler@67eabe02{/logs,file:///workdir/hadoop-ozone/integration-test/target/log,UNAVAILABLE}
2019-07-14 11:06:53,218 INFO  datanode.ObjectStoreHandler (ObjectStoreHandler.java:close(155)) - Closing ObjectStoreHandler.
2019-07-14 11:06:53,218 INFO  datanode.ObjectStoreHandler (ObjectStoreHandler.java:close(155)) - Closing ObjectStoreHandler.
2019-07-14 11:06:53,219 INFO  ozone.HddsDatanodeService (HddsDatanodeService.java:stop(452)) - Stopped plug-in org.apache.hadoop.ozone.web.OzoneHddsDatanodeService@2210af14
2019-07-14 11:06:53,219 INFO  ozone.HddsDatanodeService (HddsDatanodeService.java:stop(452)) - Stopped plug-in org.apache.hadoop.ozone.web.OzoneHddsDatanodeService@66e44f9f
2019-07-14 11:06:53,343 WARN  server.GrpcLogAppender (LogUtils.java:warn(134)) - a2aa11f2-15d8-4e8f-ae5d-f8deb723e1ef->8f16bc0e-88ee-4195-be19-d95d05fb91e0: Failed appendEntries: org.apache.ratis.thirdparty.io.grpc.StatusRuntimeException: UNAVAILABLE: io exception
2019-07-14 11:06:53,344 INFO  impl.FollowerInfo (FollowerInfo.java:lambda$new$0(50)) - a2aa11f2-15d8-4e8f-ae5d-f8deb723e1ef->8f16bc0e-88ee-4195-be19-d95d05fb91e0: nextIndex: updateUnconditionally 0 -> 0
2019-07-14 11:06:53,345 WARN  server.GrpcLogAppender (LogUtils.java:warn(134)) - a2aa11f2-15d8-4e8f-ae5d-f8deb723e1ef->d568da82-e7da-4b22-97a5-879c917df10e: Failed appendEntries: org.apache.ratis.thirdparty.io.grpc.StatusRuntimeException: UNAVAILABLE: io exception
2019-07-14 11:06:53,346 INFO  impl.FollowerInfo (FollowerInfo.java:lambda$new$0(50)) - a2aa11f2-15d8-4e8f-ae5d-f8deb723e1ef->d568da82-e7da-4b22-97a5-879c917df10e: nextIndex: updateUnconditionally 0 -> 0
2019-07-14 11:06:53,359 INFO  statemachine.DatanodeStateMachine (DatanodeStateMachine.java:lambda$startDaemon$0(350)) - Ozone container server started.
2019-07-14 11:06:54,202 INFO  statemachine.DatanodeStateMachine (DatanodeStateMachine.java:lambda$startDaemon$0(350)) - Ozone container server started.
2019-07-14 11:06:55,311 WARN  server.GrpcLogAppender (LogUtils.java:warn(134)) - b1b58167-0653-4ac7-b98f-8cf4c84ad666->b40f2446-fae5-4d94-ae24-3c59dc776a64: Failed appendEntries: org.apache.ratis.thirdparty.io.grpc.StatusRuntimeException: UNAVAILABLE: io exception
2019-07-14 11:06:55,311 INFO  impl.FollowerInfo (FollowerInfo.java:lambda$new$0(50)) - b1b58167-0653-4ac7-b98f-8cf4c84ad666->b40f2446-fae5-4d94-ae24-3c59dc776a64: nextIndex: updateUnconditionally 0 -> 0
2019-07-14 11:06:55,314 WARN  server.GrpcLogAppender (LogUtils.java:warn(134)) - b1b58167-0653-4ac7-b98f-8cf4c84ad666->66b1a79e-f482-4ae0-b0f0-8c15500b71a1: Failed appendEntries: org.apache.ratis.thirdparty.io.grpc.StatusRuntimeException: UNAVAILABLE: io exception
2019-07-14 11:06:55,314 INFO  impl.FollowerInfo (FollowerInfo.java:lambda$new$0(50)) - b1b58167-0653-4ac7-b98f-8cf4c84ad666->66b1a79e-f482-4ae0-b0f0-8c15500b71a1: nextIndex: updateUnconditionally 0 -> 0
2019-07-14 11:06:55,845 WARN  server.GrpcLogAppender (LogUtils.java:warn(134)) - a2aa11f2-15d8-4e8f-ae5d-f8deb723e1ef->8f16bc0e-88ee-4195-be19-d95d05fb91e0: Failed appendEntries: org.apache.ratis.thirdparty.io.grpc.StatusRuntimeException: UNAVAILABLE: io exception
2019-07-14 11:06:55,845 INFO  impl.FollowerInfo (FollowerInfo.java:lambda$new$0(50)) - a2aa11f2-15d8-4e8f-ae5d-f8deb723e1ef->8f16bc0e-88ee-4195-be19-d95d05fb91e0: nextIndex: updateUnconditionally 0 -> 0
2019-07-14 11:06:55,846 WARN  server.GrpcLogAppender (LogUtils.java:warn(134)) - a2aa11f2-15d8-4e8f-ae5d-f8deb723e1ef->d568da82-e7da-4b22-97a5-879c917df10e: Failed appendEntries: org.apache.ratis.thirdparty.io.grpc.StatusRuntimeException: UNAVAILABLE: io exception
2019-07-14 11:06:55,846 INFO  impl.FollowerInfo (FollowerInfo.java:lambda$new$0(50)) - a2aa11f2-15d8-4e8f-ae5d-f8deb723e1ef->d568da82-e7da-4b22-97a5-879c917df10e: nextIndex: updateUnconditionally 0 -> 0
2019-07-14 11:06:57,404 INFO  node.StaleNodeHandler (StaleNodeHandler.java:onMessage(58)) - Datanode f1f659bf-5111-4acf-8d63-99abce61f0a8{ip: 192.168.157.209, host: trunk-nightly-fxmrv-2540794721, networkLocation: /default-rack, certSerialId: null} moved to stale state. Finalizing its pipelines [PipelineID=8cbf8a43-2cf2-488f-8b8e-a99de945a33a]
2019-07-14 11:06:57,404 INFO  pipeline.SCMPipelineManager (SCMPipelineManager.java:finalizeAndDestroyPipeline(309)) - destroying pipeline:Pipeline[ Id: 8cbf8a43-2cf2-488f-8b8e-a99de945a33a, Nodes: f1f659bf-5111-4acf-8d63-99abce61f0a8{ip: 192.168.157.209, host: trunk-nightly-fxmrv-2540794721, networkLocation: /default-rack, certSerialId: null}, Type:RATIS, Factor:ONE, State:OPEN]
2019-07-14 11:06:57,405 INFO  pipeline.PipelineStateManager (PipelineStateManager.java:finalizePipeline(123)) - Pipeline Pipeline[ Id: 8cbf8a43-2cf2-488f-8b8e-a99de945a33a, Nodes: f1f659bf-5111-4acf-8d63-99abce61f0a8{ip: 192.168.157.209, host: trunk-nightly-fxmrv-2540794721, networkLocation: /default-rack, certSerialId: null}, Type:RATIS, Factor:ONE, State:CLOSED] moved to CLOSED state
2019-07-14 11:06:57,812 WARN  server.GrpcLogAppender (LogUtils.java:warn(134)) - b1b58167-0653-4ac7-b98f-8cf4c84ad666->b40f2446-fae5-4d94-ae24-3c59dc776a64: Failed appendEntries: org.apache.ratis.thirdparty.io.grpc.StatusRuntimeException: UNAVAILABLE: io exception
2019-07-14 11:06:57,812 INFO  impl.FollowerInfo (FollowerInfo.java:lambda$new$0(50)) - b1b58167-0653-4ac7-b98f-8cf4c84ad666->b40f2446-fae5-4d94-ae24-3c59dc776a64: nextIndex: updateUnconditionally 0 -> 0
2019-07-14 11:06:57,814 WARN  server.GrpcLogAppender (LogUtils.java:warn(134)) - b1b58167-0653-4ac7-b98f-8cf4c84ad666->66b1a79e-f482-4ae0-b0f0-8c15500b71a1: Failed appendEntries: org.apache.ratis.thirdparty.io.grpc.StatusRuntimeException: UNAVAILABLE: io exception
2019-07-14 11:06:57,814 INFO  impl.FollowerInfo (FollowerInfo.java:lambda$new$0(50)) - b1b58167-0653-4ac7-b98f-8cf4c84ad666->66b1a79e-f482-4ae0-b0f0-8c15500b71a1: nextIndex: updateUnconditionally 0 -> 0
2019-07-14 11:06:58,205 INFO  node.StaleNodeHandler (StaleNodeHandler.java:onMessage(58)) - Datanode b1b58167-0653-4ac7-b98f-8cf4c84ad666{ip: 192.168.157.209, host: trunk-nightly-fxmrv-2540794721, networkLocation: /default-rack, certSerialId: null} moved to stale state. Finalizing its pipelines [PipelineID=321c4e8f-8a7a-4a28-9e29-b5a9c907bed8, PipelineID=414865a2-f3c6-4c41-aba8-ec7a0b6e23ff]
2019-07-14 11:06:58,205 INFO  pipeline.SCMPipelineManager (SCMPipelineManager.java:finalizeAndDestroyPipeline(309)) - destroying pipeline:Pipeline[ Id: 321c4e8f-8a7a-4a28-9e29-b5a9c907bed8, Nodes: b1b58167-0653-4ac7-b98f-8cf4c84ad666{ip: 192.168.157.209, host: trunk-nightly-fxmrv-2540794721, networkLocation: /default-rack, certSerialId: null}, Type:RATIS, Factor:ONE, State:OPEN]
2019-07-14 11:06:58,205 INFO  pipeline.PipelineStateManager (PipelineStateManager.java:finalizePipeline(123)) - Pipeline Pipeline[ Id: 321c4e8f-8a7a-4a28-9e29-b5a9c907bed8, Nodes: b1b58167-0653-4ac7-b98f-8cf4c84ad666{ip: 192.168.157.209, host: trunk-nightly-fxmrv-2540794721, networkLocation: /default-rack, certSerialId: null}, Type:RATIS, Factor:ONE, State:CLOSED] moved to CLOSED state
2019-07-14 11:06:58,206 INFO  pipeline.SCMPipelineManager (SCMPipelineManager.java:finalizeAndDestroyPipeline(309)) - destroying pipeline:Pipeline[ Id: 414865a2-f3c6-4c41-aba8-ec7a0b6e23ff, Nodes: b1b58167-0653-4ac7-b98f-8cf4c84ad666{ip: 192.168.157.209, host: trunk-nightly-fxmrv-2540794721, networkLocation: /default-rack, certSerialId: null}66b1a79e-f482-4ae0-b0f0-8c15500b71a1{ip: 192.168.157.209, host: trunk-nightly-fxmrv-2540794721, networkLocation: /default-rack, certSerialId: null}b40f2446-fae5-4d94-ae24-3c59dc776a64{ip: 192.168.157.209, host: trunk-nightly-fxmrv-2540794721, networkLocation: /default-rack, certSerialId: null}, Type:RATIS, Factor:THREE, State:CLOSED]
2019-07-14 11:06:58,219 INFO  ozoneimpl.OzoneContainer (OzoneContainer.java:stop(199)) - Attempting to stop container services.
2019-07-14 11:06:58,220 INFO  ozoneimpl.OzoneContainer (OzoneContainer.java:stop(199)) - Attempting to stop container services.
2019-07-14 11:06:58,220 INFO  impl.RaftServerProxy (RaftServerProxy.java:lambda$close$4(314)) - b1b58167-0653-4ac7-b98f-8cf4c84ad666: close
2019-07-14 11:06:58,220 INFO  impl.RaftServerProxy (RaftServerProxy.java:lambda$close$4(314)) - f1f659bf-5111-4acf-8d63-99abce61f0a8: close
2019-07-14 11:06:58,220 INFO  impl.RaftServerImpl (RaftServerImpl.java:lambda$shutdown$3(245)) - b1b58167-0653-4ac7-b98f-8cf4c84ad666: shutdown group-B5A9C907BED8
2019-07-14 11:06:58,221 INFO  impl.RaftServerImpl (RaftServerImpl.java:lambda$shutdown$3(245)) - f1f659bf-5111-4acf-8d63-99abce61f0a8: shutdown group-A99DE945A33A
2019-07-14 11:06:58,221 INFO  util.JmxRegister (JmxRegister.java:unregister(73)) - Successfully un-registered JMX Bean with object name Ratis:service=RaftServer,group=group-B5A9C907BED8,id=b1b58167-0653-4ac7-b98f-8cf4c84ad666
2019-07-14 11:06:58,222 INFO  util.JmxRegister (JmxRegister.java:unregister(73)) - Successfully un-registered JMX Bean with object name Ratis:service=RaftServer,group=group-A99DE945A33A,id=f1f659bf-5111-4acf-8d63-99abce61f0a8
2019-07-14 11:06:58,222 INFO  impl.RoleInfo (RoleInfo.java:shutdownLeaderState(104)) - b1b58167-0653-4ac7-b98f-8cf4c84ad666: shutdown LeaderState
2019-07-14 11:06:58,222 INFO  impl.RoleInfo (RoleInfo.java:shutdownLeaderState(104)) - f1f659bf-5111-4acf-8d63-99abce61f0a8: shutdown LeaderState
2019-07-14 11:06:58,223 INFO  impl.PendingRequests (PendingRequests.java:sendNotLeaderResponses(202)) - b1b58167-0653-4ac7-b98f-8cf4c84ad666-PendingRequests: sendNotLeaderResponses
2019-07-14 11:06:58,223 INFO  impl.PendingRequests (PendingRequests.java:sendNotLeaderResponses(202)) - f1f659bf-5111-4acf-8d63-99abce61f0a8-PendingRequests: sendNotLeaderResponses
2019-07-14 11:06:58,224 INFO  impl.StateMachineUpdater (StateMachineUpdater.java:stopAndJoin(115)) - StateMachineUpdater:b1b58167-0653-4ac7-b98f-8cf4c84ad666:group-B5A9C907BED8: set stopIndex = 0
2019-07-14 11:06:58,232 INFO  impl.RaftServerImpl (ServerState.java:close(394)) - b1b58167-0653-4ac7-b98f-8cf4c84ad666:group-B5A9C907BED8 closes. The last applied log index is 0
2019-07-14 11:06:58,232 INFO  ratis.ContainerStateMachine (ContainerStateMachine.java:takeSnapshot(249)) - group-A99DE945A33A: Taking a snapshot at:(t:1, i:15) file /workdir/hadoop-ozone/integration-test/target/test-dir/MiniOzoneClusterImpl-6e75c1fa-424d-46f5-a8d1-9c8543b80f65/datanode-6/data/ratis/8cbf8a43-2cf2-488f-8b8e-a99de945a33a/sm/snapshot.1_15
2019-07-14 11:06:58,232 INFO  segmented.SegmentedRaftLogWorker (SegmentedRaftLogWorker.java:run(313)) - b1b58167-0653-4ac7-b98f-8cf4c84ad666-SegmentedRaftLogWorker:Storage Directory /workdir/hadoop-ozone/integration-test/target/test-dir/MiniOzoneClusterImpl-6e75c1fa-424d-46f5-a8d1-9c8543b80f65/datanode-0/data/ratis/321c4e8f-8a7a-4a28-9e29-b5a9c907bed8 was interrupted, exiting. There are 0 tasks remaining in the queue.
2019-07-14 11:06:58,232 INFO  impl.StateMachineUpdater (StateMachineUpdater.java:stopAndJoin(115)) - StateMachineUpdater:f1f659bf-5111-4acf-8d63-99abce61f0a8:group-A99DE945A33A: set stopIndex = 15
2019-07-14 11:06:58,234 INFO  segmented.SegmentedRaftLogWorker (SegmentedRaftLogWorker.java:close(228)) - b1b58167-0653-4ac7-b98f-8cf4c84ad666-SegmentedRaftLogWorker:Storage Directory /workdir/hadoop-ozone/integration-test/target/test-dir/MiniOzoneClusterImpl-6e75c1fa-424d-46f5-a8d1-9c8543b80f65/datanode-0/data/ratis/321c4e8f-8a7a-4a28-9e29-b5a9c907bed8 close()
2019-07-14 11:06:58,234 INFO  ratis.ContainerStateMachine (ContainerStateMachine.java:takeSnapshot(257)) - group-A99DE945A33A: Finished taking a snapshot at:(t:1, i:15) file:/workdir/hadoop-ozone/integration-test/target/test-dir/MiniOzoneClusterImpl-6e75c1fa-424d-46f5-a8d1-9c8543b80f65/datanode-6/data/ratis/8cbf8a43-2cf2-488f-8b8e-a99de945a33a/sm/snapshot.1_15 time:3
2019-07-14 11:06:58,236 INFO  impl.RaftServerImpl (RaftServerImpl.java:lambda$shutdown$3(245)) - b1b58167-0653-4ac7-b98f-8cf4c84ad666: shutdown group-EC7A0B6E23FF
2019-07-14 11:06:58,236 INFO  impl.StateMachineUpdater (StateMachineUpdater.java:takeSnapshot(242)) - StateMachineUpdater:f1f659bf-5111-4acf-8d63-99abce61f0a8:group-A99DE945A33A: Took a snapshot at index 15
2019-07-14 11:06:58,237 INFO  impl.StateMachineUpdater (StateMachineUpdater.java:lambda$new$0(80)) - StateMachineUpdater:f1f659bf-5111-4acf-8d63-99abce61f0a8:group-A99DE945A33A: snapshotIndex: updateIncreasingly -1 -> 15
2019-07-14 11:06:58,237 INFO  util.JmxRegister (JmxRegister.java:unregister(73)) - Successfully un-registered JMX Bean with object name Ratis:service=RaftServer,group=group-EC7A0B6E23FF,id=b1b58167-0653-4ac7-b98f-8cf4c84ad666
2019-07-14 11:06:58,237 INFO  impl.RaftServerImpl (ServerState.java:close(394)) - f1f659bf-5111-4acf-8d63-99abce61f0a8:group-A99DE945A33A closes. The last applied log index is 15
2019-07-14 11:06:58,237 INFO  impl.RoleInfo (RoleInfo.java:shutdownLeaderState(104)) - b1b58167-0653-4ac7-b98f-8cf4c84ad666: shutdown LeaderState
2019-07-14 11:06:58,238 INFO  segmented.SegmentedRaftLogWorker (SegmentedRaftLogWorker.java:run(313)) - f1f659bf-5111-4acf-8d63-99abce61f0a8-SegmentedRaftLogWorker:Storage Directory /workdir/hadoop-ozone/integration-test/target/test-dir/MiniOzoneClusterImpl-6e75c1fa-424d-46f5-a8d1-9c8543b80f65/datanode-6/data/ratis/8cbf8a43-2cf2-488f-8b8e-a99de945a33a was interrupted, exiting. There are 0 tasks remaining in the queue.
2019-07-14 11:06:58,241 INFO  impl.PendingRequests (PendingRequests.java:sendNotLeaderResponses(202)) - b1b58167-0653-4ac7-b98f-8cf4c84ad666-PendingRequests: sendNotLeaderResponses
2019-07-14 11:06:58,243 INFO  segmented.SegmentedRaftLogWorker (SegmentedRaftLogWorker.java:close(228)) - f1f659bf-5111-4acf-8d63-99abce61f0a8-SegmentedRaftLogWorker:Storage Directory /workdir/hadoop-ozone/integration-test/target/test-dir/MiniOzoneClusterImpl-6e75c1fa-424d-46f5-a8d1-9c8543b80f65/datanode-6/data/ratis/8cbf8a43-2cf2-488f-8b8e-a99de945a33a close()
2019-07-14 11:06:58,243 INFO  impl.StateMachineUpdater (StateMachineUpdater.java:stopAndJoin(115)) - StateMachineUpdater:b1b58167-0653-4ac7-b98f-8cf4c84ad666:group-EC7A0B6E23FF: set stopIndex = 0
2019-07-14 11:06:58,241 WARN  server.GrpcLogAppender (GrpcLogAppender.java:mayWait(143)) - GrpcLogAppender(b1b58167-0653-4ac7-b98f-8cf4c84ad666->66b1a79e-f482-4ae0-b0f0-8c15500b71a1): Wait interrupted by java.lang.InterruptedException
2019-07-14 11:06:58,241 WARN  server.GrpcLogAppender (GrpcLogAppender.java:mayWait(143)) - GrpcLogAppender(b1b58167-0653-4ac7-b98f-8cf4c84ad666->b40f2446-fae5-4d94-ae24-3c59dc776a64): Wait interrupted by java.lang.InterruptedException
2019-07-14 11:06:58,249 INFO  impl.RaftServerImpl (ServerState.java:close(394)) - b1b58167-0653-4ac7-b98f-8cf4c84ad666:group-EC7A0B6E23FF closes. The last applied log index is 0
2019-07-14 11:06:58,249 INFO  server.GrpcService (GrpcService.java:closeImpl(155)) - f1f659bf-5111-4acf-8d63-99abce61f0a8: shutdown server with port 38166 now
2019-07-14 11:06:58,250 INFO  segmented.SegmentedRaftLogWorker (SegmentedRaftLogWorker.java:run(313)) - b1b58167-0653-4ac7-b98f-8cf4c84ad666-SegmentedRaftLogWorker:Storage Directory /workdir/hadoop-ozone/integration-test/target/test-dir/MiniOzoneClusterImpl-6e75c1fa-424d-46f5-a8d1-9c8543b80f65/datanode-0/data/ratis/414865a2-f3c6-4c41-aba8-ec7a0b6e23ff was interrupted, exiting. There are 0 tasks remaining in the queue.
2019-07-14 11:06:58,251 INFO  segmented.SegmentedRaftLogWorker (SegmentedRaftLogWorker.java:close(228)) - b1b58167-0653-4ac7-b98f-8cf4c84ad666-SegmentedRaftLogWorker:Storage Directory /workdir/hadoop-ozone/integration-test/target/test-dir/MiniOzoneClusterImpl-6e75c1fa-424d-46f5-a8d1-9c8543b80f65/datanode-0/data/ratis/414865a2-f3c6-4c41-aba8-ec7a0b6e23ff close()
2019-07-14 11:06:58,251 INFO  server.GrpcService (GrpcService.java:closeImpl(163)) - f1f659bf-5111-4acf-8d63-99abce61f0a8: shutdown server with port 38166 successfully
2019-07-14 11:06:58,251 INFO  server.GrpcService (GrpcService.java:closeImpl(155)) - b1b58167-0653-4ac7-b98f-8cf4c84ad666: shutdown server with port 42392 now
2019-07-14 11:06:58,252 INFO  server.GrpcService (GrpcService.java:closeImpl(163)) - b1b58167-0653-4ac7-b98f-8cf4c84ad666: shutdown server with port 42392 successfully
2019-07-14 11:06:58,254 INFO  utils.BackgroundService (BackgroundService.java:shutdown(148)) - Shutting down service BlockDeletingService
2019-07-14 11:06:58,257 INFO  utils.BackgroundService (BackgroundService.java:shutdown(148)) - Shutting down service BlockDeletingService
2019-07-14 11:06:58,259 WARN  fs.CachingGetSpaceUsed (CachingGetSpaceUsed.java:run(183)) - Thread Interrupted waiting to refresh disk information: sleep interrupted
2019-07-14 11:06:58,260 WARN  fs.CachingGetSpaceUsed (CachingGetSpaceUsed.java:run(183)) - Thread Interrupted waiting to refresh disk information: sleep interrupted
2019-07-14 11:06:58,277 INFO  statemachine.DatanodeStateMachine (DatanodeStateMachine.java:stopDaemon(395)) - Ozone container server stopped.
2019-07-14 11:06:58,278 INFO  handler.ContextHandler (ContextHandler.java:doStop(910)) - Stopped o.e.j.w.WebAppContext@edf4973{/,null,UNAVAILABLE}{/hddsDatanode}
2019-07-14 11:06:58,279 INFO  server.AbstractConnector (AbstractConnector.java:doStop(318)) - Stopped ServerConnector@2a49753{HTTP/1.1,[http/1.1]}{0.0.0.0:0}
2019-07-14 11:06:58,280 INFO  handler.ContextHandler (ContextHandler.java:doStop(910)) - Stopped o.e.j.s.ServletContextHandler@1e9e4468{/static,jar:file:/home/user/.m2/repository/org/apache/hadoop/hadoop-hdds-container-service/0.5.0-SNAPSHOT/hadoop-hdds-container-service-0.5.0-SNAPSHOT.jar!/webapps/static,UNAVAILABLE}
2019-07-14 11:06:58,282 INFO  statemachine.DatanodeStateMachine (DatanodeStateMachine.java:stopDaemon(395)) - Ozone container server stopped.
2019-07-14 11:06:58,282 INFO  handler.ContextHandler (ContextHandler.java:doStop(910)) - Stopped o.e.j.s.ServletContextHandler@5643052d{/logs,file:///workdir/hadoop-ozone/integration-test/target/log,UNAVAILABLE}
2019-07-14 11:06:58,286 INFO  datanode.ObjectStoreHandler (ObjectStoreHandler.java:close(155)) - Closing ObjectStoreHandler.
2019-07-14 11:06:58,286 INFO  handler.ContextHandler (ContextHandler.java:doStop(910)) - Stopped o.e.j.w.WebAppContext@7fb1820d{/,null,UNAVAILABLE}{/hddsDatanode}
2019-07-14 11:06:58,287 INFO  ozone.HddsDatanodeService (HddsDatanodeService.java:stop(452)) - Stopped plug-in org.apache.hadoop.ozone.web.OzoneHddsDatanodeService@7da40bf4
2019-07-14 11:06:58,287 INFO  server.AbstractConnector (AbstractConnector.java:doStop(318)) - Stopped ServerConnector@7e27b77a{HTTP/1.1,[http/1.1]}{0.0.0.0:0}
2019-07-14 11:06:58,288 INFO  handler.ContextHandler (ContextHandler.java:doStop(910)) - Stopped o.e.j.s.ServletContextHandler@5bfdc92b{/static,jar:file:/home/user/.m2/repository/org/apache/hadoop/hadoop-hdds-container-service/0.5.0-SNAPSHOT/hadoop-hdds-container-service-0.5.0-SNAPSHOT.jar!/webapps/static,UNAVAILABLE}
2019-07-14 11:06:58,289 INFO  handler.ContextHandler (ContextHandler.java:doStop(910)) - Stopped o.e.j.s.ServletContextHandler@24d097c8{/logs,file:///workdir/hadoop-ozone/integration-test/target/log,UNAVAILABLE}
2019-07-14 11:06:58,345 WARN  server.GrpcLogAppender (LogUtils.java:warn(134)) - a2aa11f2-15d8-4e8f-ae5d-f8deb723e1ef->8f16bc0e-88ee-4195-be19-d95d05fb91e0: Failed appendEntries: org.apache.ratis.thirdparty.io.grpc.StatusRuntimeException: UNAVAILABLE: io exception
2019-07-14 11:06:58,346 INFO  impl.FollowerInfo (FollowerInfo.java:lambda$new$0(50)) - a2aa11f2-15d8-4e8f-ae5d-f8deb723e1ef->8f16bc0e-88ee-4195-be19-d95d05fb91e0: nextIndex: updateUnconditionally 0 -> 0
2019-07-14 11:06:58,346 WARN  server.GrpcLogAppender (LogUtils.java:warn(134)) - a2aa11f2-15d8-4e8f-ae5d-f8deb723e1ef->d568da82-e7da-4b22-97a5-879c917df10e: Failed appendEntries: org.apache.ratis.thirdparty.io.grpc.StatusRuntimeException: UNAVAILABLE: io exception
2019-07-14 11:06:58,346 INFO  impl.FollowerInfo (FollowerInfo.java:lambda$new$0(50)) - a2aa11f2-15d8-4e8f-ae5d-f8deb723e1ef->d568da82-e7da-4b22-97a5-879c917df10e: nextIndex: updateUnconditionally 0 -> 0
2019-07-14 11:06:58,798 INFO  statemachine.DatanodeStateMachine (DatanodeStateMachine.java:lambda$startDaemon$0(350)) - Ozone container server started.
2019-07-14 11:07:00,846 WARN  server.GrpcLogAppender (LogUtils.java:warn(134)) - a2aa11f2-15d8-4e8f-ae5d-f8deb723e1ef->8f16bc0e-88ee-4195-be19-d95d05fb91e0: Failed appendEntries: org.apache.ratis.thirdparty.io.grpc.StatusRuntimeException: UNAVAILABLE: io exception
2019-07-14 11:07:00,846 WARN  server.GrpcLogAppender (LogUtils.java:warn(134)) - a2aa11f2-15d8-4e8f-ae5d-f8deb723e1ef->d568da82-e7da-4b22-97a5-879c917df10e: Failed appendEntries: org.apache.ratis.thirdparty.io.grpc.StatusRuntimeException: UNAVAILABLE: io exception
2019-07-14 11:07:00,847 INFO  impl.FollowerInfo (FollowerInfo.java:lambda$new$0(50)) - a2aa11f2-15d8-4e8f-ae5d-f8deb723e1ef->8f16bc0e-88ee-4195-be19-d95d05fb91e0: nextIndex: updateUnconditionally 0 -> 0
2019-07-14 11:07:00,847 INFO  impl.FollowerInfo (FollowerInfo.java:lambda$new$0(50)) - a2aa11f2-15d8-4e8f-ae5d-f8deb723e1ef->d568da82-e7da-4b22-97a5-879c917df10e: nextIndex: updateUnconditionally 0 -> 0
2019-07-14 11:07:02,811 INFO  node.StaleNodeHandler (StaleNodeHandler.java:onMessage(58)) - Datanode a2aa11f2-15d8-4e8f-ae5d-f8deb723e1ef{ip: 192.168.157.209, host: trunk-nightly-fxmrv-2540794721, networkLocation: /default-rack, certSerialId: null} moved to stale state. Finalizing its pipelines [PipelineID=aa1b3ba5-055f-4007-a0b2-5718b09f1503, PipelineID=a5cc6165-dada-408f-b2c5-f853c64dce05]
2019-07-14 11:07:02,811 INFO  pipeline.SCMPipelineManager (SCMPipelineManager.java:finalizeAndDestroyPipeline(309)) - destroying pipeline:Pipeline[ Id: aa1b3ba5-055f-4007-a0b2-5718b09f1503, Nodes: a2aa11f2-15d8-4e8f-ae5d-f8deb723e1ef{ip: 192.168.157.209, host: trunk-nightly-fxmrv-2540794721, networkLocation: /default-rack, certSerialId: null}d568da82-e7da-4b22-97a5-879c917df10e{ip: 192.168.157.209, host: trunk-nightly-fxmrv-2540794721, networkLocation: /default-rack, certSerialId: null}8f16bc0e-88ee-4195-be19-d95d05fb91e0{ip: 192.168.157.209, host: trunk-nightly-fxmrv-2540794721, networkLocation: /default-rack, certSerialId: null}, Type:RATIS, Factor:THREE, State:CLOSED]
2019-07-14 11:07:02,812 INFO  pipeline.SCMPipelineManager (SCMPipelineManager.java:finalizeAndDestroyPipeline(309)) - destroying pipeline:Pipeline[ Id: a5cc6165-dada-408f-b2c5-f853c64dce05, Nodes: a2aa11f2-15d8-4e8f-ae5d-f8deb723e1ef{ip: 192.168.157.209, host: trunk-nightly-fxmrv-2540794721, networkLocation: /default-rack, certSerialId: null}, Type:RATIS, Factor:ONE, State:OPEN]
2019-07-14 11:07:02,812 INFO  pipeline.PipelineStateManager (PipelineStateManager.java:finalizePipeline(123)) - Pipeline Pipeline[ Id: a5cc6165-dada-408f-b2c5-f853c64dce05, Nodes: a2aa11f2-15d8-4e8f-ae5d-f8deb723e1ef{ip: 192.168.157.209, host: trunk-nightly-fxmrv-2540794721, networkLocation: /default-rack, certSerialId: null}, Type:RATIS, Factor:ONE, State:CLOSED] moved to CLOSED state
2019-07-14 11:07:02,812 INFO  container.CloseContainerEventHandler (CloseContainerEventHandler.java:onMessage(61)) - Close container Event triggered for container : #2
2019-07-14 11:07:03,287 INFO  ozoneimpl.OzoneContainer (OzoneContainer.java:stop(199)) - Attempting to stop container services.
2019-07-14 11:07:03,288 INFO  impl.RaftServerProxy (RaftServerProxy.java:lambda$close$4(314)) - a2aa11f2-15d8-4e8f-ae5d-f8deb723e1ef: close
2019-07-14 11:07:03,289 INFO  impl.RaftServerImpl (RaftServerImpl.java:lambda$shutdown$3(245)) - a2aa11f2-15d8-4e8f-ae5d-f8deb723e1ef: shutdown group-5718B09F1503
2019-07-14 11:07:03,289 INFO  util.JmxRegister (JmxRegister.java:unregister(73)) - Successfully un-registered JMX Bean with object name Ratis:service=RaftServer,group=group-5718B09F1503,id=a2aa11f2-15d8-4e8f-ae5d-f8deb723e1ef
2019-07-14 11:07:03,290 INFO  impl.RoleInfo (RoleInfo.java:shutdownLeaderState(104)) - a2aa11f2-15d8-4e8f-ae5d-f8deb723e1ef: shutdown LeaderState
2019-07-14 11:07:03,292 WARN  server.GrpcLogAppender (GrpcLogAppender.java:mayWait(143)) - GrpcLogAppender(a2aa11f2-15d8-4e8f-ae5d-f8deb723e1ef->8f16bc0e-88ee-4195-be19-d95d05fb91e0): Wait interrupted by java.lang.InterruptedException
2019-07-14 11:07:03,292 WARN  server.GrpcLogAppender (GrpcLogAppender.java:mayWait(143)) - GrpcLogAppender(a2aa11f2-15d8-4e8f-ae5d-f8deb723e1ef->d568da82-e7da-4b22-97a5-879c917df10e): Wait interrupted by java.lang.InterruptedException
2019-07-14 11:07:03,292 INFO  impl.PendingRequests (PendingRequests.java:sendNotLeaderResponses(202)) - a2aa11f2-15d8-4e8f-ae5d-f8deb723e1ef-PendingRequests: sendNotLeaderResponses
2019-07-14 11:07:03,293 INFO  impl.StateMachineUpdater (StateMachineUpdater.java:stopAndJoin(115)) - StateMachineUpdater:a2aa11f2-15d8-4e8f-ae5d-f8deb723e1ef:group-5718B09F1503: set stopIndex = 0
2019-07-14 11:07:03,294 INFO  impl.RaftServerImpl (ServerState.java:close(394)) - a2aa11f2-15d8-4e8f-ae5d-f8deb723e1ef:group-5718B09F1503 closes. The last applied log index is 0
2019-07-14 11:07:03,294 INFO  segmented.SegmentedRaftLogWorker (SegmentedRaftLogWorker.java:run(313)) - a2aa11f2-15d8-4e8f-ae5d-f8deb723e1ef-SegmentedRaftLogWorker:Storage Directory /workdir/hadoop-ozone/integration-test/target/test-dir/MiniOzoneClusterImpl-6e75c1fa-424d-46f5-a8d1-9c8543b80f65/datanode-5/data/ratis/aa1b3ba5-055f-4007-a0b2-5718b09f1503 was interrupted, exiting. There are 0 tasks remaining in the queue.
2019-07-14 11:07:03,295 INFO  segmented.SegmentedRaftLogWorker (SegmentedRaftLogWorker.java:close(228)) - a2aa11f2-15d8-4e8f-ae5d-f8deb723e1ef-SegmentedRaftLogWorker:Storage Directory /workdir/hadoop-ozone/integration-test/target/test-dir/MiniOzoneClusterImpl-6e75c1fa-424d-46f5-a8d1-9c8543b80f65/datanode-5/data/ratis/aa1b3ba5-055f-4007-a0b2-5718b09f1503 close()
2019-07-14 11:07:03,295 INFO  impl.RaftServerImpl (RaftServerImpl.java:lambda$shutdown$3(245)) - a2aa11f2-15d8-4e8f-ae5d-f8deb723e1ef: shutdown group-F853C64DCE05
2019-07-14 11:07:03,295 INFO  util.JmxRegister (JmxRegister.java:unregister(73)) - Successfully un-registered JMX Bean with object name Ratis:service=RaftServer,group=group-F853C64DCE05,id=a2aa11f2-15d8-4e8f-ae5d-f8deb723e1ef
2019-07-14 11:07:03,296 INFO  impl.RoleInfo (RoleInfo.java:shutdownLeaderState(104)) - a2aa11f2-15d8-4e8f-ae5d-f8deb723e1ef: shutdown LeaderState
2019-07-14 11:07:03,296 INFO  impl.PendingRequests (PendingRequests.java:sendNotLeaderResponses(202)) - a2aa11f2-15d8-4e8f-ae5d-f8deb723e1ef-PendingRequests: sendNotLeaderResponses
2019-07-14 11:07:03,301 INFO  impl.StateMachineUpdater (StateMachineUpdater.java:stopAndJoin(115)) - StateMachineUpdater:a2aa11f2-15d8-4e8f-ae5d-f8deb723e1ef:group-F853C64DCE05: set stopIndex = 13
2019-07-14 11:07:03,301 INFO  ratis.ContainerStateMachine (ContainerStateMachine.java:takeSnapshot(249)) - group-F853C64DCE05: Taking a snapshot at:(t:1, i:12) file /workdir/hadoop-ozone/integration-test/target/test-dir/MiniOzoneClusterImpl-6e75c1fa-424d-46f5-a8d1-9c8543b80f65/datanode-5/data/ratis/a5cc6165-dada-408f-b2c5-f853c64dce05/sm/snapshot.1_12
2019-07-14 11:07:03,302 INFO  ratis.ContainerStateMachine (ContainerStateMachine.java:takeSnapshot(257)) - group-F853C64DCE05: Finished taking a snapshot at:(t:1, i:12) file:/workdir/hadoop-ozone/integration-test/target/test-dir/MiniOzoneClusterImpl-6e75c1fa-424d-46f5-a8d1-9c8543b80f65/datanode-5/data/ratis/a5cc6165-dada-408f-b2c5-f853c64dce05/sm/snapshot.1_12 time:1
2019-07-14 11:07:03,302 INFO  impl.StateMachineUpdater (StateMachineUpdater.java:takeSnapshot(242)) - StateMachineUpdater:a2aa11f2-15d8-4e8f-ae5d-f8deb723e1ef:group-F853C64DCE05: Took a snapshot at index 12
2019-07-14 11:07:03,302 INFO  impl.StateMachineUpdater (StateMachineUpdater.java:lambda$new$0(80)) - StateMachineUpdater:a2aa11f2-15d8-4e8f-ae5d-f8deb723e1ef:group-F853C64DCE05: snapshotIndex: updateIncreasingly -1 -> 12
2019-07-14 11:07:03,302 INFO  impl.RaftServerImpl (ServerState.java:close(394)) - a2aa11f2-15d8-4e8f-ae5d-f8deb723e1ef:group-F853C64DCE05 closes. The last applied log index is 13
2019-07-14 11:07:03,303 INFO  segmented.SegmentedRaftLogWorker (SegmentedRaftLogWorker.java:run(313)) - a2aa11f2-15d8-4e8f-ae5d-f8deb723e1ef-SegmentedRaftLogWorker:Storage Directory /workdir/hadoop-ozone/integration-test/target/test-dir/MiniOzoneClusterImpl-6e75c1fa-424d-46f5-a8d1-9c8543b80f65/datanode-5/data/ratis/a5cc6165-dada-408f-b2c5-f853c64dce05 was interrupted, exiting. There are 0 tasks remaining in the queue.
2019-07-14 11:07:03,303 INFO  segmented.SegmentedRaftLogWorker (SegmentedRaftLogWorker.java:close(228)) - a2aa11f2-15d8-4e8f-ae5d-f8deb723e1ef-SegmentedRaftLogWorker:Storage Directory /workdir/hadoop-ozone/integration-test/target/test-dir/MiniOzoneClusterImpl-6e75c1fa-424d-46f5-a8d1-9c8543b80f65/datanode-5/data/ratis/a5cc6165-dada-408f-b2c5-f853c64dce05 close()
2019-07-14 11:07:03,304 INFO  server.GrpcService (GrpcService.java:closeImpl(155)) - a2aa11f2-15d8-4e8f-ae5d-f8deb723e1ef: shutdown server with port 35425 now
2019-07-14 11:07:03,305 INFO  server.GrpcService (GrpcService.java:closeImpl(163)) - a2aa11f2-15d8-4e8f-ae5d-f8deb723e1ef: shutdown server with port 35425 successfully
2019-07-14 11:07:03,306 INFO  utils.BackgroundService (BackgroundService.java:shutdown(148)) - Shutting down service BlockDeletingService
2019-07-14 11:07:03,307 WARN  fs.CachingGetSpaceUsed (CachingGetSpaceUsed.java:run(183)) - Thread Interrupted waiting to refresh disk information: sleep interrupted
2019-07-14 11:07:03,325 INFO  statemachine.DatanodeStateMachine (DatanodeStateMachine.java:stopDaemon(395)) - Ozone container server stopped.
2019-07-14 11:07:03,326 INFO  handler.ContextHandler (ContextHandler.java:doStop(910)) - Stopped o.e.j.w.WebAppContext@7baf7e2c{/,null,UNAVAILABLE}{/hddsDatanode}
2019-07-14 11:07:03,326 INFO  server.AbstractConnector (AbstractConnector.java:doStop(318)) - Stopped ServerConnector@73d7e7aa{HTTP/1.1,[http/1.1]}{0.0.0.0:0}
2019-07-14 11:07:03,327 INFO  handler.ContextHandler (ContextHandler.java:doStop(910)) - Stopped o.e.j.s.ServletContextHandler@31c31fa6{/static,jar:file:/home/user/.m2/repository/org/apache/hadoop/hadoop-hdds-container-service/0.5.0-SNAPSHOT/hadoop-hdds-container-service-0.5.0-SNAPSHOT.jar!/webapps/static,UNAVAILABLE}
2019-07-14 11:07:03,327 INFO  handler.ContextHandler (ContextHandler.java:doStop(910)) - Stopped o.e.j.s.ServletContextHandler@60e5b3a8{/logs,file:///workdir/hadoop-ozone/integration-test/target/log,UNAVAILABLE}
2019-07-14 11:07:03,328 INFO  ozone.MiniOzoneClusterImpl (MiniOzoneClusterImpl.java:stop(353)) - Stopping the StorageContainerManager
2019-07-14 11:07:03,328 INFO  server.StorageContainerManager (StorageContainerManager.java:stop(796)) - Stopping Replication Manager Service.
2019-07-14 11:07:03,329 INFO  container.ReplicationManager (ReplicationManager.java:stop(187)) - Stopping Replication Monitor Thread.
2019-07-14 11:07:03,329 INFO  server.StorageContainerManager (StorageContainerManager.java:stop(803)) - Stopping Lease Manager of the command watchers
2019-07-14 11:07:03,329 INFO  server.StorageContainerManager (StorageContainerManager.java:stop(810)) - Stopping datanode service RPC server
2019-07-14 11:07:03,329 INFO  server.SCMDatanodeProtocolServer (SCMDatanodeProtocolServer.java:stop(375)) - Stopping the RPC server for DataNodes
2019-07-14 11:07:03,329 INFO  ipc.Server (Server.java:stop(3082)) - Stopping server on 38573
2019-07-14 11:07:03,331 INFO  ipc.Server (Server.java:run(1185)) - Stopping IPC Server listener on 38573
2019-07-14 11:07:03,331 INFO  ipc.Server (Server.java:run(1319)) - Stopping IPC Server Responder
2019-07-14 11:07:03,412 WARN  node.NodeStateManager (NodeStateManager.java:scheduleNextHealthCheck(631)) - Current Thread is interrupted, shutting down HB processing thread for Node Manager.
2019-07-14 11:07:03,412 INFO  server.StorageContainerManager (StorageContainerManager.java:stop(818)) - Stopping block service RPC server
2019-07-14 11:07:03,412 INFO  server.SCMBlockProtocolServer (SCMBlockProtocolServer.java:stop(148)) - Stopping the RPC server for Block Protocol
2019-07-14 11:07:03,412 INFO  ipc.Server (Server.java:stop(3082)) - Stopping server on 33344
2019-07-14 11:07:03,414 INFO  ipc.Server (Server.java:run(1185)) - Stopping IPC Server listener on 33344
2019-07-14 11:07:03,414 INFO  ipc.Server (Server.java:run(1319)) - Stopping IPC Server Responder
2019-07-14 11:07:03,414 INFO  server.StorageContainerManager (StorageContainerManager.java:stop(825)) - Stopping the StorageContainerLocationProtocol RPC server
2019-07-14 11:07:03,416 INFO  server.SCMClientProtocolServer (SCMClientProtocolServer.java:stop(157)) - Stopping the RPC server for Client Protocol
2019-07-14 11:07:03,416 INFO  ipc.Server (Server.java:stop(3082)) - Stopping server on 34290
2019-07-14 11:07:03,419 INFO  ipc.Server (Server.java:run(1185)) - Stopping IPC Server listener on 34290
2019-07-14 11:07:03,420 INFO  ipc.Server (Server.java:run(1319)) - Stopping IPC Server Responder
2019-07-14 11:07:03,420 INFO  server.StorageContainerManager (StorageContainerManager.java:stop(832)) - Stopping Storage Container Manager HTTP server.
2019-07-14 11:07:03,422 INFO  handler.ContextHandler (ContextHandler.java:doStop(910)) - Stopped o.e.j.w.WebAppContext@3113595e{/,null,UNAVAILABLE}{/scm}
2019-07-14 11:07:03,423 INFO  server.AbstractConnector (AbstractConnector.java:doStop(318)) - Stopped ServerConnector@109188b4{HTTP/1.1,[http/1.1]}{0.0.0.0:0}
2019-07-14 11:07:03,423 INFO  handler.ContextHandler (ContextHandler.java:doStop(910)) - Stopped o.e.j.s.ServletContextHandler@5c2ae7d7{/static,file:///workdir/hadoop-ozone/integration-test/target/test-classes/webapps/static,UNAVAILABLE}
2019-07-14 11:07:03,423 INFO  handler.ContextHandler (ContextHandler.java:doStop(910)) - Stopped o.e.j.s.ServletContextHandler@4351d055{/logs,file:///workdir/hadoop-ozone/integration-test/target/log,UNAVAILABLE}
2019-07-14 11:07:03,424 INFO  server.StorageContainerManager (StorageContainerManager.java:stop(843)) - Stopping Block Manager Service.
2019-07-14 11:07:03,424 INFO  utils.BackgroundService (BackgroundService.java:shutdown(148)) - Shutting down service SCMBlockDeletingService
2019-07-14 11:07:03,425 INFO  utils.BackgroundService (BackgroundService.java:shutdown(148)) - Shutting down service SCMBlockDeletingService
2019-07-14 11:07:03,425 INFO  server.StorageContainerManager (StorageContainerManager.java:stop(865)) - Stopping SCM Event Queue.
2019-07-14 11:07:03,429 INFO  impl.MetricsSystemImpl (MetricsSystemImpl.java:stop(210)) - Stopping HddsDatanode metrics system...
2019-07-14 11:07:03,434 INFO  impl.MetricsSystemImpl (MetricsSystemImpl.java:stop(216)) - HddsDatanode metrics system stopped.
]]></system-out>
    <system-err><![CDATA[Jul 14, 2019 11:06:28 AM com.sun.jersey.server.impl.application.WebApplicationImpl _initiate
INFO: Initiating Jersey application, version 'Jersey: 1.19 02/11/2015 03:25 AM'
Jul 14, 2019 11:06:28 AM com.sun.jersey.server.impl.application.WebApplicationImpl _initiate
INFO: Initiating Jersey application, version 'Jersey: 1.19 02/11/2015 03:25 AM'
Jul 14, 2019 11:06:28 AM com.sun.jersey.server.impl.application.WebApplicationImpl _initiate
INFO: Initiating Jersey application, version 'Jersey: 1.19 02/11/2015 03:25 AM'
Jul 14, 2019 11:06:28 AM com.sun.jersey.server.impl.application.WebApplicationImpl _initiate
INFO: Initiating Jersey application, version 'Jersey: 1.19 02/11/2015 03:25 AM'
Jul 14, 2019 11:06:28 AM com.sun.jersey.server.impl.application.WebApplicationImpl _initiate
INFO: Initiating Jersey application, version 'Jersey: 1.19 02/11/2015 03:25 AM'
Jul 14, 2019 11:06:28 AM com.sun.jersey.server.impl.application.WebApplicationImpl _initiate
INFO: Initiating Jersey application, version 'Jersey: 1.19 02/11/2015 03:25 AM'
Jul 14, 2019 11:06:29 AM com.sun.jersey.server.impl.application.WebApplicationImpl _initiate
INFO: Initiating Jersey application, version 'Jersey: 1.19 02/11/2015 03:25 AM'
Jul 14, 2019 11:06:32 AM org.apache.ratis.thirdparty.io.grpc.internal.ManagedChannelOrphanWrapper$ManagedChannelReference cleanQueue
SEVERE: *~*~*~ Channel ManagedChannelImpl{logId=2820, target=192.168.157.209:37380} was not shutdown properly!!! ~*~*~*
    Make sure to call shutdown()/shutdownNow() and wait until awaitTermination() returns true.
java.lang.RuntimeException: ManagedChannel allocation site
	at org.apache.ratis.thirdparty.io.grpc.internal.ManagedChannelOrphanWrapper$ManagedChannelReference.<init>(ManagedChannelOrphanWrapper.java:103)
	at org.apache.ratis.thirdparty.io.grpc.internal.ManagedChannelOrphanWrapper.<init>(ManagedChannelOrphanWrapper.java:53)
	at org.apache.ratis.thirdparty.io.grpc.internal.ManagedChannelOrphanWrapper.<init>(ManagedChannelOrphanWrapper.java:44)
	at org.apache.ratis.thirdparty.io.grpc.internal.AbstractManagedChannelImplBuilder.build(AbstractManagedChannelImplBuilder.java:411)
	at org.apache.hadoop.hdds.scm.XceiverClientGrpc.connectToDatanode(XceiverClientGrpc.java:172)
	at org.apache.hadoop.hdds.scm.XceiverClientGrpc.reconnect(XceiverClientGrpc.java:417)
	at org.apache.hadoop.hdds.scm.XceiverClientGrpc.sendCommandAsync(XceiverClientGrpc.java:366)
	at org.apache.hadoop.hdds.scm.XceiverClientGrpc.sendCommandWithRetry(XceiverClientGrpc.java:279)
	at org.apache.hadoop.hdds.scm.XceiverClientGrpc.sendCommandWithTraceIDAndRetry(XceiverClientGrpc.java:248)
	at org.apache.hadoop.hdds.scm.XceiverClientGrpc.sendCommand(XceiverClientGrpc.java:231)
	at org.apache.hadoop.hdds.scm.storage.ContainerProtocolCalls.getBlock(ContainerProtocolCalls.java:118)
	at org.apache.hadoop.hdds.scm.storage.BlockInputStream.getChunkInfos(BlockInputStream.java:167)
	at org.apache.hadoop.hdds.scm.storage.BlockInputStream.initialize(BlockInputStream.java:118)
	at org.apache.hadoop.hdds.scm.storage.BlockInputStream.read(BlockInputStream.java:222)
	at org.apache.hadoop.ozone.client.io.KeyInputStream.read(KeyInputStream.java:171)
	at org.apache.hadoop.ozone.client.io.OzoneInputStream.read(OzoneInputStream.java:47)
	at java.io.InputStream.read(InputStream.java:101)
	at org.apache.hadoop.ozone.container.ContainerTestHelper.validateData(ContainerTestHelper.java:709)
	at org.apache.hadoop.ozone.client.rpc.TestBlockOutputStreamWithFailures.validateData(TestBlockOutputStreamWithFailures.java:1212)
	at org.apache.hadoop.ozone.client.rpc.TestBlockOutputStreamWithFailures.testDatanodeFailureWithSingleNodeRatis(TestBlockOutputStreamWithFailures.java:1054)
	at sun.reflect.NativeMethodAccessorImpl.invoke0(Native Method)
	at sun.reflect.NativeMethodAccessorImpl.invoke(NativeMethodAccessorImpl.java:62)
	at sun.reflect.DelegatingMethodAccessorImpl.invoke(DelegatingMethodAccessorImpl.java:43)
	at java.lang.reflect.Method.invoke(Method.java:498)
	at org.junit.runners.model.FrameworkMethod$1.runReflectiveCall(FrameworkMethod.java:47)
	at org.junit.internal.runners.model.ReflectiveCallable.run(ReflectiveCallable.java:12)
	at org.junit.runners.model.FrameworkMethod.invokeExplosively(FrameworkMethod.java:44)
	at org.junit.internal.runners.statements.InvokeMethod.evaluate(InvokeMethod.java:17)
	at org.junit.internal.runners.statements.RunBefores.evaluate(RunBefores.java:26)
	at org.junit.internal.runners.statements.RunAfters.evaluate(RunAfters.java:27)
	at org.junit.runners.ParentRunner.runLeaf(ParentRunner.java:271)
	at org.junit.runners.BlockJUnit4ClassRunner.runChild(BlockJUnit4ClassRunner.java:70)
	at org.junit.runners.BlockJUnit4ClassRunner.runChild(BlockJUnit4ClassRunner.java:50)
	at org.junit.runners.ParentRunner$3.run(ParentRunner.java:238)
	at org.junit.runners.ParentRunner$1.schedule(ParentRunner.java:63)
	at org.junit.runners.ParentRunner.runChildren(ParentRunner.java:236)
	at org.junit.runners.ParentRunner.access$000(ParentRunner.java:53)
	at org.junit.runners.ParentRunner$2.evaluate(ParentRunner.java:229)
	at org.junit.runners.ParentRunner.run(ParentRunner.java:309)
	at org.apache.maven.surefire.junit4.JUnit4Provider.execute(JUnit4Provider.java:365)
	at org.apache.maven.surefire.junit4.JUnit4Provider.executeWithRerun(JUnit4Provider.java:273)
	at org.apache.maven.surefire.junit4.JUnit4Provider.executeTestSet(JUnit4Provider.java:238)
	at org.apache.maven.surefire.junit4.JUnit4Provider.invoke(JUnit4Provider.java:159)
	at org.apache.maven.surefire.booter.ForkedBooter.invokeProviderInSameClassLoader(ForkedBooter.java:384)
	at org.apache.maven.surefire.booter.ForkedBooter.runSuitesInProcess(ForkedBooter.java:345)
	at org.apache.maven.surefire.booter.ForkedBooter.execute(ForkedBooter.java:126)
	at org.apache.maven.surefire.booter.ForkedBooter.main(ForkedBooter.java:418)

Jul 14, 2019 11:06:32 AM org.apache.ratis.thirdparty.io.grpc.internal.ManagedChannelOrphanWrapper$ManagedChannelReference cleanQueue
SEVERE: *~*~*~ Channel ManagedChannelImpl{logId=2825, target=192.168.157.209:37581} was not shutdown properly!!! ~*~*~*
    Make sure to call shutdown()/shutdownNow() and wait until awaitTermination() returns true.
java.lang.RuntimeException: ManagedChannel allocation site
	at org.apache.ratis.thirdparty.io.grpc.internal.ManagedChannelOrphanWrapper$ManagedChannelReference.<init>(ManagedChannelOrphanWrapper.java:103)
	at org.apache.ratis.thirdparty.io.grpc.internal.ManagedChannelOrphanWrapper.<init>(ManagedChannelOrphanWrapper.java:53)
	at org.apache.ratis.thirdparty.io.grpc.internal.ManagedChannelOrphanWrapper.<init>(ManagedChannelOrphanWrapper.java:44)
	at org.apache.ratis.thirdparty.io.grpc.internal.AbstractManagedChannelImplBuilder.build(AbstractManagedChannelImplBuilder.java:411)
	at org.apache.hadoop.hdds.scm.XceiverClientGrpc.connectToDatanode(XceiverClientGrpc.java:172)
	at org.apache.hadoop.hdds.scm.XceiverClientGrpc.reconnect(XceiverClientGrpc.java:417)
	at org.apache.hadoop.hdds.scm.XceiverClientGrpc.sendCommandAsync(XceiverClientGrpc.java:366)
	at org.apache.hadoop.hdds.scm.XceiverClientGrpc.sendCommandWithRetry(XceiverClientGrpc.java:279)
	at org.apache.hadoop.hdds.scm.XceiverClientGrpc.sendCommandWithTraceIDAndRetry(XceiverClientGrpc.java:248)
	at org.apache.hadoop.hdds.scm.XceiverClientGrpc.sendCommand(XceiverClientGrpc.java:231)
	at org.apache.hadoop.hdds.scm.storage.ContainerProtocolCalls.getBlock(ContainerProtocolCalls.java:118)
	at org.apache.hadoop.hdds.scm.storage.BlockInputStream.getChunkInfos(BlockInputStream.java:167)
	at org.apache.hadoop.hdds.scm.storage.BlockInputStream.initialize(BlockInputStream.java:118)
	at org.apache.hadoop.hdds.scm.storage.BlockInputStream.read(BlockInputStream.java:222)
	at org.apache.hadoop.ozone.client.io.KeyInputStream.read(KeyInputStream.java:171)
	at org.apache.hadoop.ozone.client.io.OzoneInputStream.read(OzoneInputStream.java:47)
	at java.io.InputStream.read(InputStream.java:101)
	at org.apache.hadoop.ozone.container.ContainerTestHelper.validateData(ContainerTestHelper.java:709)
	at org.apache.hadoop.ozone.client.rpc.TestBlockOutputStreamWithFailures.validateData(TestBlockOutputStreamWithFailures.java:1212)
	at org.apache.hadoop.ozone.client.rpc.TestBlockOutputStreamWithFailures.testDatanodeFailureWithSingleNodeRatis(TestBlockOutputStreamWithFailures.java:1054)
	at sun.reflect.NativeMethodAccessorImpl.invoke0(Native Method)
	at sun.reflect.NativeMethodAccessorImpl.invoke(NativeMethodAccessorImpl.java:62)
	at sun.reflect.DelegatingMethodAccessorImpl.invoke(DelegatingMethodAccessorImpl.java:43)
	at java.lang.reflect.Method.invoke(Method.java:498)
	at org.junit.runners.model.FrameworkMethod$1.runReflectiveCall(FrameworkMethod.java:47)
	at org.junit.internal.runners.model.ReflectiveCallable.run(ReflectiveCallable.java:12)
	at org.junit.runners.model.FrameworkMethod.invokeExplosively(FrameworkMethod.java:44)
	at org.junit.internal.runners.statements.InvokeMethod.evaluate(InvokeMethod.java:17)
	at org.junit.internal.runners.statements.RunBefores.evaluate(RunBefores.java:26)
	at org.junit.internal.runners.statements.RunAfters.evaluate(RunAfters.java:27)
	at org.junit.runners.ParentRunner.runLeaf(ParentRunner.java:271)
	at org.junit.runners.BlockJUnit4ClassRunner.runChild(BlockJUnit4ClassRunner.java:70)
	at org.junit.runners.BlockJUnit4ClassRunner.runChild(BlockJUnit4ClassRunner.java:50)
	at org.junit.runners.ParentRunner$3.run(ParentRunner.java:238)
	at org.junit.runners.ParentRunner$1.schedule(ParentRunner.java:63)
	at org.junit.runners.ParentRunner.runChildren(ParentRunner.java:236)
	at org.junit.runners.ParentRunner.access$000(ParentRunner.java:53)
	at org.junit.runners.ParentRunner$2.evaluate(ParentRunner.java:229)
	at org.junit.runners.ParentRunner.run(ParentRunner.java:309)
	at org.apache.maven.surefire.junit4.JUnit4Provider.execute(JUnit4Provider.java:365)
	at org.apache.maven.surefire.junit4.JUnit4Provider.executeWithRerun(JUnit4Provider.java:273)
	at org.apache.maven.surefire.junit4.JUnit4Provider.executeTestSet(JUnit4Provider.java:238)
	at org.apache.maven.surefire.junit4.JUnit4Provider.invoke(JUnit4Provider.java:159)
	at org.apache.maven.surefire.booter.ForkedBooter.invokeProviderInSameClassLoader(ForkedBooter.java:384)
	at org.apache.maven.surefire.booter.ForkedBooter.runSuitesInProcess(ForkedBooter.java:345)
	at org.apache.maven.surefire.booter.ForkedBooter.execute(ForkedBooter.java:126)
	at org.apache.maven.surefire.booter.ForkedBooter.main(ForkedBooter.java:418)

Jul 14, 2019 11:06:32 AM org.apache.ratis.thirdparty.io.grpc.internal.ManagedChannelOrphanWrapper$ManagedChannelReference cleanQueue
SEVERE: *~*~*~ Channel ManagedChannelImpl{logId=2794, target=192.168.157.209:34801} was not shutdown properly!!! ~*~*~*
    Make sure to call shutdown()/shutdownNow() and wait until awaitTermination() returns true.
java.lang.RuntimeException: ManagedChannel allocation site
	at org.apache.ratis.thirdparty.io.grpc.internal.ManagedChannelOrphanWrapper$ManagedChannelReference.<init>(ManagedChannelOrphanWrapper.java:103)
	at org.apache.ratis.thirdparty.io.grpc.internal.ManagedChannelOrphanWrapper.<init>(ManagedChannelOrphanWrapper.java:53)
	at org.apache.ratis.thirdparty.io.grpc.internal.ManagedChannelOrphanWrapper.<init>(ManagedChannelOrphanWrapper.java:44)
	at org.apache.ratis.thirdparty.io.grpc.internal.AbstractManagedChannelImplBuilder.build(AbstractManagedChannelImplBuilder.java:411)
	at org.apache.ratis.grpc.client.GrpcClientProtocolClient.<init>(GrpcClientProtocolClient.java:119)
	at org.apache.ratis.grpc.client.GrpcClientRpc.lambda$new$0(GrpcClientRpc.java:55)
	at org.apache.ratis.util.PeerProxyMap$PeerAndProxy.lambda$getProxy$0(PeerProxyMap.java:61)
	at org.apache.ratis.util.LifeCycle.startAndTransition(LifeCycle.java:202)
	at org.apache.ratis.util.PeerProxyMap$PeerAndProxy.getProxy(PeerProxyMap.java:60)
	at org.apache.ratis.util.PeerProxyMap.getProxy(PeerProxyMap.java:107)
	at org.apache.ratis.grpc.client.GrpcClientRpc.sendRequestAsync(GrpcClientRpc.java:66)
	at org.apache.ratis.client.impl.OrderedAsync.sendRequest(OrderedAsync.java:208)
	at org.apache.ratis.client.impl.OrderedAsync.sendRequestWithRetry(OrderedAsync.java:169)
	at org.apache.ratis.util.SlidingWindow$Client.sendOrDelayRequest(SlidingWindow.java:278)
	at org.apache.ratis.util.SlidingWindow$Client.submitNewRequest(SlidingWindow.java:257)
	at org.apache.ratis.client.impl.OrderedAsync.send(OrderedAsync.java:155)
	at org.apache.ratis.client.impl.RaftClientImpl.sendAsync(RaftClientImpl.java:145)
	at org.apache.ratis.client.impl.RaftClientImpl.sendAsync(RaftClientImpl.java:125)
	at org.apache.hadoop.hdds.scm.XceiverClientRatis.sendRequestAsync(XceiverClientRatis.java:224)
	at org.apache.hadoop.hdds.scm.XceiverClientRatis.sendCommandAsync(XceiverClientRatis.java:302)
	at org.apache.hadoop.hdds.scm.storage.ContainerProtocolCalls.writeChunkAsync(ContainerProtocolCalls.java:310)
	at org.apache.hadoop.hdds.scm.storage.BlockOutputStream.writeChunkToContainer(BlockOutputStream.java:610)
	at org.apache.hadoop.hdds.scm.storage.BlockOutputStream.writeChunk(BlockOutputStream.java:467)
	at org.apache.hadoop.hdds.scm.storage.BlockOutputStream.writeOnRetry(BlockOutputStream.java:293)
	at org.apache.hadoop.ozone.client.io.BlockOutputStreamEntry.writeOnRetry(BlockOutputStreamEntry.java:200)
	at org.apache.hadoop.ozone.client.io.KeyOutputStream.handleWrite(KeyOutputStream.java:209)
	at org.apache.hadoop.ozone.client.io.KeyOutputStream.handleRetry(KeyOutputStream.java:376)
	at org.apache.hadoop.ozone.client.io.KeyOutputStream.handleException(KeyOutputStream.java:325)
	at org.apache.hadoop.ozone.client.io.KeyOutputStream.handleFlushOrClose(KeyOutputStream.java:448)
	at org.apache.hadoop.ozone.client.io.KeyOutputStream.handleWrite(KeyOutputStream.java:235)
	at org.apache.hadoop.ozone.client.io.KeyOutputStream.write(KeyOutputStream.java:193)
	at org.apache.hadoop.ozone.client.io.OzoneOutputStream.write(OzoneOutputStream.java:49)
	at java.io.OutputStream.write(OutputStream.java:75)
	at org.apache.hadoop.ozone.client.rpc.TestBlockOutputStreamWithFailures.testDatanodeFailureWithSingleNodeRatis(TestBlockOutputStreamWithFailures.java:1017)
	at sun.reflect.NativeMethodAccessorImpl.invoke0(Native Method)
	at sun.reflect.NativeMethodAccessorImpl.invoke(NativeMethodAccessorImpl.java:62)
	at sun.reflect.DelegatingMethodAccessorImpl.invoke(DelegatingMethodAccessorImpl.java:43)
	at java.lang.reflect.Method.invoke(Method.java:498)
	at org.junit.runners.model.FrameworkMethod$1.runReflectiveCall(FrameworkMethod.java:47)
	at org.junit.internal.runners.model.ReflectiveCallable.run(ReflectiveCallable.java:12)
	at org.junit.runners.model.FrameworkMethod.invokeExplosively(FrameworkMethod.java:44)
	at org.junit.internal.runners.statements.InvokeMethod.evaluate(InvokeMethod.java:17)
	at org.junit.internal.runners.statements.RunBefores.evaluate(RunBefores.java:26)
	at org.junit.internal.runners.statements.RunAfters.evaluate(RunAfters.java:27)
	at org.junit.runners.ParentRunner.runLeaf(ParentRunner.java:271)
	at org.junit.runners.BlockJUnit4ClassRunner.runChild(BlockJUnit4ClassRunner.java:70)
	at org.junit.runners.BlockJUnit4ClassRunner.runChild(BlockJUnit4ClassRunner.java:50)
	at org.junit.runners.ParentRunner$3.run(ParentRunner.java:238)
	at org.junit.runners.ParentRunner$1.schedule(ParentRunner.java:63)
	at org.junit.runners.ParentRunner.runChildren(ParentRunner.java:236)
	at org.junit.runners.ParentRunner.access$000(ParentRunner.java:53)
	at org.junit.runners.ParentRunner$2.evaluate(ParentRunner.java:229)
	at org.junit.runners.ParentRunner.run(ParentRunner.java:309)
	at org.apache.maven.surefire.junit4.JUnit4Provider.execute(JUnit4Provider.java:365)
	at org.apache.maven.surefire.junit4.JUnit4Provider.executeWithRerun(JUnit4Provider.java:273)
	at org.apache.maven.surefire.junit4.JUnit4Provider.executeTestSet(JUnit4Provider.java:238)
	at org.apache.maven.surefire.junit4.JUnit4Provider.invoke(JUnit4Provider.java:159)
	at org.apache.maven.surefire.booter.ForkedBooter.invokeProviderInSameClassLoader(ForkedBooter.java:384)
	at org.apache.maven.surefire.booter.ForkedBooter.runSuitesInProcess(ForkedBooter.java:345)
	at org.apache.maven.surefire.booter.ForkedBooter.execute(ForkedBooter.java:126)
	at org.apache.maven.surefire.booter.ForkedBooter.main(ForkedBooter.java:418)

]]></system-err>
  </testcase>
  <testcase name="testWatchForCommitDatanodeFailure" classname="org.apache.hadoop.ozone.client.rpc.TestBlockOutputStreamWithFailures" time="33.515">
    <error type="java.lang.UnsupportedOperationException">java.lang.UnsupportedOperationException
	at java.util.AbstractList.add(AbstractList.java:148)
	at java.util.AbstractList.add(AbstractList.java:108)
	at java.util.AbstractCollection.addAll(AbstractCollection.java:344)
	at org.apache.hadoop.hdds.scm.storage.BlockOutputStream.watchForCommit(BlockOutputStream.java:363)
	at org.apache.hadoop.hdds.scm.storage.BlockOutputStream.handleFlush(BlockOutputStream.java:487)
	at org.apache.hadoop.hdds.scm.storage.BlockOutputStream.close(BlockOutputStream.java:501)
	at org.apache.hadoop.ozone.client.io.BlockOutputStreamEntry.close(BlockOutputStreamEntry.java:143)
	at org.apache.hadoop.ozone.client.io.KeyOutputStream.handleFlushOrClose(KeyOutputStream.java:438)
	at org.apache.hadoop.ozone.client.io.KeyOutputStream.handleWrite(KeyOutputStream.java:235)
	at org.apache.hadoop.ozone.client.io.KeyOutputStream.write(KeyOutputStream.java:193)
	at org.apache.hadoop.ozone.client.io.OzoneOutputStream.write(OzoneOutputStream.java:49)
	at java.io.OutputStream.write(OutputStream.java:75)
	at org.apache.hadoop.ozone.client.rpc.TestBlockOutputStreamWithFailures.testWatchForCommitDatanodeFailure(TestBlockOutputStreamWithFailures.java:363)
	at sun.reflect.NativeMethodAccessorImpl.invoke0(Native Method)
	at sun.reflect.NativeMethodAccessorImpl.invoke(NativeMethodAccessorImpl.java:62)
	at sun.reflect.DelegatingMethodAccessorImpl.invoke(DelegatingMethodAccessorImpl.java:43)
	at java.lang.reflect.Method.invoke(Method.java:498)
	at org.junit.runners.model.FrameworkMethod$1.runReflectiveCall(FrameworkMethod.java:47)
	at org.junit.internal.runners.model.ReflectiveCallable.run(ReflectiveCallable.java:12)
	at org.junit.runners.model.FrameworkMethod.invokeExplosively(FrameworkMethod.java:44)
	at org.junit.internal.runners.statements.InvokeMethod.evaluate(InvokeMethod.java:17)
	at org.junit.internal.runners.statements.RunBefores.evaluate(RunBefores.java:26)
	at org.junit.internal.runners.statements.RunAfters.evaluate(RunAfters.java:27)
	at org.junit.runners.ParentRunner.runLeaf(ParentRunner.java:271)
	at org.junit.runners.BlockJUnit4ClassRunner.runChild(BlockJUnit4ClassRunner.java:70)
	at org.junit.runners.BlockJUnit4ClassRunner.runChild(BlockJUnit4ClassRunner.java:50)
	at org.junit.runners.ParentRunner$3.run(ParentRunner.java:238)
	at org.junit.runners.ParentRunner$1.schedule(ParentRunner.java:63)
	at org.junit.runners.ParentRunner.runChildren(ParentRunner.java:236)
	at org.junit.runners.ParentRunner.access$000(ParentRunner.java:53)
	at org.junit.runners.ParentRunner$2.evaluate(ParentRunner.java:229)
	at org.junit.runners.ParentRunner.run(ParentRunner.java:309)
	at org.apache.maven.surefire.junit4.JUnit4Provider.execute(JUnit4Provider.java:365)
	at org.apache.maven.surefire.junit4.JUnit4Provider.executeWithRerun(JUnit4Provider.java:273)
	at org.apache.maven.surefire.junit4.JUnit4Provider.executeTestSet(JUnit4Provider.java:238)
	at org.apache.maven.surefire.junit4.JUnit4Provider.invoke(JUnit4Provider.java:159)
	at org.apache.maven.surefire.booter.ForkedBooter.invokeProviderInSameClassLoader(ForkedBooter.java:384)
	at org.apache.maven.surefire.booter.ForkedBooter.runSuitesInProcess(ForkedBooter.java:345)
	at org.apache.maven.surefire.booter.ForkedBooter.execute(ForkedBooter.java:126)
	at org.apache.maven.surefire.booter.ForkedBooter.main(ForkedBooter.java:418)
</error>
    <system-out><![CDATA[2019-07-14 11:07:03,481 WARN  server.ServerUtils (ServerUtils.java:getScmDbDir(145)) - ozone.scm.db.dirs is not configured. We recommend adding this setting. Falling back to ozone.metadata.dirs instead.
2019-07-14 11:07:03,496 WARN  server.ServerUtils (ServerUtils.java:getScmDbDir(145)) - ozone.scm.db.dirs is not configured. We recommend adding this setting. Falling back to ozone.metadata.dirs instead.
2019-07-14 11:07:03,496 WARN  server.ServerUtils (ServerUtils.java:getScmDbDir(145)) - ozone.scm.db.dirs is not configured. We recommend adding this setting. Falling back to ozone.metadata.dirs instead.
2019-07-14 11:07:03,497 INFO  db.DBStoreBuilder (DBStoreBuilder.java:addTable(110)) - using custom profile for table: deletedBlocks
2019-07-14 11:07:03,497 INFO  db.DBStoreBuilder (DBStoreBuilder.java:processTables(161)) - Using default column profile:DBProfile.DISK for Table:deletedBlocks
2019-07-14 11:07:03,497 INFO  db.DBStoreBuilder (DBStoreBuilder.java:addTable(110)) - using custom profile for table: validCerts
2019-07-14 11:07:03,497 INFO  db.DBStoreBuilder (DBStoreBuilder.java:processTables(161)) - Using default column profile:DBProfile.DISK for Table:validCerts
2019-07-14 11:07:03,498 INFO  db.DBStoreBuilder (DBStoreBuilder.java:addTable(110)) - using custom profile for table: revokedCerts
2019-07-14 11:07:03,498 INFO  db.DBStoreBuilder (DBStoreBuilder.java:processTables(161)) - Using default column profile:DBProfile.DISK for Table:revokedCerts
2019-07-14 11:07:03,498 INFO  db.DBStoreBuilder (DBStoreBuilder.java:addTable(110)) - using custom profile for table: default
2019-07-14 11:07:03,498 INFO  db.DBStoreBuilder (DBStoreBuilder.java:processTables(167)) - Using default column profile:DBProfile.DISK for Table:default
2019-07-14 11:07:03,498 INFO  db.DBStoreBuilder (DBStoreBuilder.java:getDbProfile(198)) - Using default options. DBProfile.DISK
2019-07-14 11:07:03,645 INFO  net.NodeSchemaLoader (NodeSchemaLoader.java:loadSchemaFromFile(125)) - Loading file from sun.misc.CompoundEnumeration@5f662dd
2019-07-14 11:07:03,645 INFO  net.NodeSchemaLoader (NodeSchemaLoader.java:loadSchema(171)) - Loading network topology layer schema file
2019-07-14 11:07:03,650 INFO  node.SCMNodeManager (SCMNodeManager.java:<init>(119)) - Entering startup safe mode.
2019-07-14 11:07:03,650 WARN  server.ServerUtils (ServerUtils.java:getScmDbDir(145)) - ozone.scm.db.dirs is not configured. We recommend adding this setting. Falling back to ozone.metadata.dirs instead.
2019-07-14 11:07:03,695 INFO  pipeline.SCMPipelineManager (SCMPipelineManager.java:initializePipelineState(126)) - No pipeline exists in current db
2019-07-14 11:07:03,696 WARN  server.ServerUtils (ServerUtils.java:getScmDbDir(145)) - ozone.scm.db.dirs is not configured. We recommend adding this setting. Falling back to ozone.metadata.dirs instead.
2019-07-14 11:07:03,735 WARN  events.EventQueue (EventQueue.java:fireEvent(175)) - No event handler registered for event TypedEvent{payloadType=SafeModeStatus, name='SafeModeStatus'}
2019-07-14 11:07:03,736 INFO  ipc.CallQueueManager (CallQueueManager.java:<init>(84)) - Using callQueue: class java.util.concurrent.LinkedBlockingQueue, queueCapacity: 2000, scheduler: class org.apache.hadoop.ipc.DefaultRpcScheduler, ipcBackoff: false.
2019-07-14 11:07:03,737 INFO  ipc.Server (Server.java:run(1074)) - Starting Socket Reader #1 for port 41403
2019-07-14 11:07:03,738 INFO  ipc.CallQueueManager (CallQueueManager.java:<init>(84)) - Using callQueue: class java.util.concurrent.LinkedBlockingQueue, queueCapacity: 2000, scheduler: class org.apache.hadoop.ipc.DefaultRpcScheduler, ipcBackoff: false.
2019-07-14 11:07:03,739 INFO  ipc.Server (Server.java:run(1074)) - Starting Socket Reader #1 for port 42622
2019-07-14 11:07:03,740 INFO  ipc.CallQueueManager (CallQueueManager.java:<init>(84)) - Using callQueue: class java.util.concurrent.LinkedBlockingQueue, queueCapacity: 2000, scheduler: class org.apache.hadoop.ipc.DefaultRpcScheduler, ipcBackoff: false.
2019-07-14 11:07:03,741 INFO  ipc.Server (Server.java:run(1074)) - Starting Socket Reader #1 for port 38806
2019-07-14 11:07:03,745 INFO  hdfs.DFSUtil (DFSUtil.java:httpServerTemplateForNNAndJN(1641)) - Starting Web-server for scm at: http://0.0.0.0:0
2019-07-14 11:07:03,747 INFO  server.AuthenticationFilter (AuthenticationFilter.java:constructSecretProvider(240)) - Unable to initialize FileSignerSecretProvider, falling back to use random secrets.
2019-07-14 11:07:03,748 WARN  http.HttpRequestLog (HttpRequestLog.java:getRequestLog(97)) - Jetty request log can only be enabled using Log4j
2019-07-14 11:07:03,750 INFO  http.HttpServer2 (HttpServer2.java:addGlobalFilter(975)) - Added global filter 'safety' (class=org.apache.hadoop.http.HttpServer2$QuotingInputFilter)
2019-07-14 11:07:03,751 INFO  http.HttpServer2 (HttpServer2.java:addFilter(948)) - Added filter static_user_filter (class=org.apache.hadoop.http.lib.StaticUserWebFilter$StaticUserFilter) to context scm
2019-07-14 11:07:03,751 INFO  http.HttpServer2 (HttpServer2.java:addFilter(958)) - Added filter static_user_filter (class=org.apache.hadoop.http.lib.StaticUserWebFilter$StaticUserFilter) to context logs
2019-07-14 11:07:03,751 INFO  http.HttpServer2 (HttpServer2.java:addFilter(958)) - Added filter static_user_filter (class=org.apache.hadoop.http.lib.StaticUserWebFilter$StaticUserFilter) to context static
2019-07-14 11:07:03,754 INFO  server.StorageContainerManager (StorageContainerManager.java:start(759)) - StorageContainerLocationProtocol RPC server is listening at /0.0.0.0:38806
2019-07-14 11:07:03,756 WARN  impl.MetricsConfig (MetricsConfig.java:loadFirst(134)) - Cannot locate configuration: tried hadoop-metrics2-storagecontainermanager.properties,hadoop-metrics2.properties
2019-07-14 11:07:03,757 INFO  impl.MetricsSystemImpl (MetricsSystemImpl.java:startTimer(374)) - Scheduled Metric snapshot period at 10 second(s).
2019-07-14 11:07:03,757 INFO  impl.MetricsSystemImpl (MetricsSystemImpl.java:start(191)) - StorageContainerManager metrics system started
2019-07-14 11:07:03,805 INFO  server.SCMClientProtocolServer (SCMClientProtocolServer.java:start(149)) - RPC server for Client  is listening at /0.0.0.0:38806
2019-07-14 11:07:03,805 INFO  ipc.Server (Server.java:run(1314)) - IPC Server Responder: starting
2019-07-14 11:07:03,805 INFO  ipc.Server (Server.java:run(1153)) - IPC Server listener on 38806: starting
2019-07-14 11:07:03,809 INFO  server.StorageContainerManager (StorageContainerManager.java:start(768)) - ScmBlockLocationProtocol RPC server is listening at /0.0.0.0:42622
2019-07-14 11:07:03,809 INFO  server.SCMBlockProtocolServer (SCMBlockProtocolServer.java:start(140)) - RPC server for Block Protocol is listening at /0.0.0.0:42622
2019-07-14 11:07:03,810 INFO  ipc.Server (Server.java:run(1314)) - IPC Server Responder: starting
2019-07-14 11:07:03,810 INFO  ipc.Server (Server.java:run(1153)) - IPC Server listener on 42622: starting
2019-07-14 11:07:03,814 INFO  server.StorageContainerManager (StorageContainerManager.java:start(772)) - ScmDatanodeProtocl RPC server is listening at /0.0.0.0:41403
2019-07-14 11:07:03,814 INFO  server.SCMDatanodeProtocolServer (SCMDatanodeProtocolServer.java:start(191)) - RPC server for DataNodes is listening at /0.0.0.0:41403
2019-07-14 11:07:03,815 INFO  ipc.Server (Server.java:run(1314)) - IPC Server Responder: starting
2019-07-14 11:07:03,815 INFO  ipc.Server (Server.java:run(1153)) - IPC Server listener on 41403: starting
2019-07-14 11:07:03,819 INFO  http.HttpServer2 (HttpServer2.java:bindListener(1191)) - Jetty bound to port 41454
2019-07-14 11:07:03,819 INFO  server.Server (Server.java:doStart(351)) - jetty-9.3.24.v20180605, build timestamp: 2018-06-05T17:11:56Z, git hash: 84205aa28f11a4f31f2a3b86d1bba2cc8ab69827
2019-07-14 11:07:03,821 INFO  handler.ContextHandler (ContextHandler.java:doStart(781)) - Started o.e.j.s.ServletContextHandler@1ea78c72{/logs,file:///workdir/hadoop-ozone/integration-test/target/log,AVAILABLE}
2019-07-14 11:07:03,822 INFO  handler.ContextHandler (ContextHandler.java:doStart(781)) - Started o.e.j.s.ServletContextHandler@42a198dd{/static,file:///workdir/hadoop-ozone/integration-test/target/test-classes/webapps/static,AVAILABLE}
2019-07-14 11:07:03,826 INFO  handler.ContextHandler (ContextHandler.java:doStart(781)) - Started o.e.j.w.WebAppContext@292b7a02{/,file:///workdir/hadoop-ozone/integration-test/target/test-classes/webapps/scm/,AVAILABLE}{/scm}
2019-07-14 11:07:03,827 INFO  server.AbstractConnector (AbstractConnector.java:doStart(278)) - Started ServerConnector@3e242137{HTTP/1.1,[http/1.1]}{0.0.0.0:41454}
2019-07-14 11:07:03,828 INFO  server.Server (Server.java:doStart(419)) - Started @599697ms
2019-07-14 11:07:03,830 INFO  server.BaseHttpServer (BaseHttpServer.java:updateConnectorAddress(207)) - HTTP server of SCM is listening at http://0.0.0.0:41454
2019-07-14 11:07:03,831 WARN  server.ServerUtils (ServerUtils.java:getDBPath(222)) - ozone.om.db.dirs is not configured. We recommend adding this setting. Falling back to ozone.metadata.dirs instead.
2019-07-14 11:07:03,832 INFO  util.JvmPauseMonitor (JvmPauseMonitor.java:run(188)) - Starting JVM pause monitor
2019-07-14 11:07:03,857 WARN  server.ServerUtils (ServerUtils.java:getDBPath(222)) - ozone.om.db.dirs is not configured. We recommend adding this setting. Falling back to ozone.metadata.dirs instead.
2019-07-14 11:07:03,857 INFO  om.OzoneManager (OzoneManager.java:setOMNodeDetails(630)) - OM Service ID is not set. Setting it to the default ID: omServiceIdDefault
2019-07-14 11:07:03,858 INFO  om.OzoneManager (OzoneManager.java:setOMNodeDetails(636)) - OM Node ID is not set. Setting it to the OmStorage's OmID: 497279e7-5e0a-4552-8b4e-5ce3aa340ddc
2019-07-14 11:07:03,858 INFO  om.OzoneManager (OzoneManager.java:loadOMHAConfigs(587)) - Found matching OM address with OMServiceId: null, OMNodeId: null, RPC Address: localhost:0 and Ratis port: 9872
2019-07-14 11:07:03,864 WARN  server.ServerUtils (ServerUtils.java:getDBPath(222)) - ozone.om.db.dirs is not configured. We recommend adding this setting. Falling back to ozone.metadata.dirs instead.
2019-07-14 11:07:03,865 INFO  db.DBStoreBuilder (DBStoreBuilder.java:addTable(110)) - using custom profile for table: userTable
2019-07-14 11:07:03,865 INFO  db.DBStoreBuilder (DBStoreBuilder.java:processTables(161)) - Using default column profile:DBProfile.DISK for Table:userTable
2019-07-14 11:07:03,865 INFO  db.DBStoreBuilder (DBStoreBuilder.java:addTable(110)) - using custom profile for table: volumeTable
2019-07-14 11:07:03,865 INFO  db.DBStoreBuilder (DBStoreBuilder.java:processTables(161)) - Using default column profile:DBProfile.DISK for Table:volumeTable
2019-07-14 11:07:03,866 INFO  db.DBStoreBuilder (DBStoreBuilder.java:addTable(110)) - using custom profile for table: bucketTable
2019-07-14 11:07:03,866 INFO  db.DBStoreBuilder (DBStoreBuilder.java:processTables(161)) - Using default column profile:DBProfile.DISK for Table:bucketTable
2019-07-14 11:07:03,866 INFO  db.DBStoreBuilder (DBStoreBuilder.java:addTable(110)) - using custom profile for table: keyTable
2019-07-14 11:07:03,866 INFO  db.DBStoreBuilder (DBStoreBuilder.java:processTables(161)) - Using default column profile:DBProfile.DISK for Table:keyTable
2019-07-14 11:07:03,867 INFO  db.DBStoreBuilder (DBStoreBuilder.java:addTable(110)) - using custom profile for table: deletedTable
2019-07-14 11:07:03,867 INFO  db.DBStoreBuilder (DBStoreBuilder.java:processTables(161)) - Using default column profile:DBProfile.DISK for Table:deletedTable
2019-07-14 11:07:03,867 INFO  db.DBStoreBuilder (DBStoreBuilder.java:addTable(110)) - using custom profile for table: openKeyTable
2019-07-14 11:07:03,867 INFO  db.DBStoreBuilder (DBStoreBuilder.java:processTables(161)) - Using default column profile:DBProfile.DISK for Table:openKeyTable
2019-07-14 11:07:03,867 INFO  db.DBStoreBuilder (DBStoreBuilder.java:addTable(110)) - using custom profile for table: s3Table
2019-07-14 11:07:03,867 INFO  db.DBStoreBuilder (DBStoreBuilder.java:processTables(161)) - Using default column profile:DBProfile.DISK for Table:s3Table
2019-07-14 11:07:03,868 INFO  db.DBStoreBuilder (DBStoreBuilder.java:addTable(110)) - using custom profile for table: multipartInfoTable
2019-07-14 11:07:03,868 INFO  db.DBStoreBuilder (DBStoreBuilder.java:processTables(161)) - Using default column profile:DBProfile.DISK for Table:multipartInfoTable
2019-07-14 11:07:03,868 INFO  db.DBStoreBuilder (DBStoreBuilder.java:addTable(110)) - using custom profile for table: dTokenTable
2019-07-14 11:07:03,868 INFO  db.DBStoreBuilder (DBStoreBuilder.java:processTables(161)) - Using default column profile:DBProfile.DISK for Table:dTokenTable
2019-07-14 11:07:03,868 INFO  db.DBStoreBuilder (DBStoreBuilder.java:addTable(110)) - using custom profile for table: s3SecretTable
2019-07-14 11:07:03,869 INFO  db.DBStoreBuilder (DBStoreBuilder.java:processTables(161)) - Using default column profile:DBProfile.DISK for Table:s3SecretTable
2019-07-14 11:07:03,869 INFO  db.DBStoreBuilder (DBStoreBuilder.java:addTable(110)) - using custom profile for table: prefixTable
2019-07-14 11:07:03,869 INFO  db.DBStoreBuilder (DBStoreBuilder.java:processTables(161)) - Using default column profile:DBProfile.DISK for Table:prefixTable
2019-07-14 11:07:03,869 INFO  db.DBStoreBuilder (DBStoreBuilder.java:addTable(110)) - using custom profile for table: default
2019-07-14 11:07:03,869 INFO  db.DBStoreBuilder (DBStoreBuilder.java:processTables(167)) - Using default column profile:DBProfile.DISK for Table:default
2019-07-14 11:07:03,870 INFO  db.DBStoreBuilder (DBStoreBuilder.java:getDbProfile(198)) - Using default options. DBProfile.DISK
2019-07-14 11:07:04,360 INFO  ipc.CallQueueManager (CallQueueManager.java:<init>(84)) - Using callQueue: class java.util.concurrent.LinkedBlockingQueue, queueCapacity: 2000, scheduler: class org.apache.hadoop.ipc.DefaultRpcScheduler, ipcBackoff: false.
2019-07-14 11:07:04,361 INFO  ipc.Server (Server.java:run(1074)) - Starting Socket Reader #1 for port 45651
2019-07-14 11:07:04,380 WARN  server.ServerUtils (ServerUtils.java:getDBPath(222)) - ozone.om.db.dirs is not configured. We recommend adding this setting. Falling back to ozone.metadata.dirs instead.
2019-07-14 11:07:04,380 INFO  om.OzoneManager (OzoneManager.java:start(1228)) - OzoneManager RPC server is listening at localhost/127.0.0.1:45651
2019-07-14 11:07:04,380 INFO  impl.MetricsSystemImpl (MetricsSystemImpl.java:init(158)) - OzoneManager metrics system started (again)
2019-07-14 11:07:04,381 INFO  ipc.Server (Server.java:run(1314)) - IPC Server Responder: starting
2019-07-14 11:07:04,381 INFO  ipc.Server (Server.java:run(1153)) - IPC Server listener on 45651: starting
2019-07-14 11:07:04,388 INFO  hdfs.DFSUtil (DFSUtil.java:httpServerTemplateForNNAndJN(1641)) - Starting Web-server for ozoneManager at: http://0.0.0.0:0
2019-07-14 11:07:04,390 INFO  server.AuthenticationFilter (AuthenticationFilter.java:constructSecretProvider(240)) - Unable to initialize FileSignerSecretProvider, falling back to use random secrets.
2019-07-14 11:07:04,390 WARN  http.HttpRequestLog (HttpRequestLog.java:getRequestLog(97)) - Jetty request log can only be enabled using Log4j
2019-07-14 11:07:04,393 INFO  http.HttpServer2 (HttpServer2.java:addGlobalFilter(975)) - Added global filter 'safety' (class=org.apache.hadoop.http.HttpServer2$QuotingInputFilter)
2019-07-14 11:07:04,393 INFO  http.HttpServer2 (HttpServer2.java:addFilter(948)) - Added filter static_user_filter (class=org.apache.hadoop.http.lib.StaticUserWebFilter$StaticUserFilter) to context ozoneManager
2019-07-14 11:07:04,394 INFO  http.HttpServer2 (HttpServer2.java:addFilter(958)) - Added filter static_user_filter (class=org.apache.hadoop.http.lib.StaticUserWebFilter$StaticUserFilter) to context logs
2019-07-14 11:07:04,394 INFO  http.HttpServer2 (HttpServer2.java:addFilter(958)) - Added filter static_user_filter (class=org.apache.hadoop.http.lib.StaticUserWebFilter$StaticUserFilter) to context static
2019-07-14 11:07:04,395 INFO  http.HttpServer2 (HttpServer2.java:bindListener(1191)) - Jetty bound to port 34652
2019-07-14 11:07:04,395 INFO  server.Server (Server.java:doStart(351)) - jetty-9.3.24.v20180605, build timestamp: 2018-06-05T17:11:56Z, git hash: 84205aa28f11a4f31f2a3b86d1bba2cc8ab69827
2019-07-14 11:07:04,397 INFO  handler.ContextHandler (ContextHandler.java:doStart(781)) - Started o.e.j.s.ServletContextHandler@1dc987b{/logs,file:///workdir/hadoop-ozone/integration-test/target/log,AVAILABLE}
2019-07-14 11:07:04,398 INFO  handler.ContextHandler (ContextHandler.java:doStart(781)) - Started o.e.j.s.ServletContextHandler@cbd3871{/static,file:///workdir/hadoop-ozone/integration-test/target/test-classes/webapps/static,AVAILABLE}
2019-07-14 11:07:04,404 INFO  handler.ContextHandler (ContextHandler.java:doStart(781)) - Started o.e.j.w.WebAppContext@68ee7b3b{/,file:///workdir/hadoop-ozone/integration-test/target/test-classes/webapps/ozoneManager/,AVAILABLE}{/ozoneManager}
2019-07-14 11:07:04,404 INFO  server.AbstractConnector (AbstractConnector.java:doStart(278)) - Started ServerConnector@159a32a4{HTTP/1.1,[http/1.1]}{0.0.0.0:34652}
2019-07-14 11:07:04,405 INFO  server.Server (Server.java:doStart(419)) - Started @600275ms
2019-07-14 11:07:04,406 INFO  server.BaseHttpServer (BaseHttpServer.java:updateConnectorAddress(207)) - HTTP server of OZONEMANAGER is listening at http://0.0.0.0:34652
2019-07-14 11:07:04,425 INFO  impl.MetricsSystemImpl (MetricsSystemImpl.java:init(158)) - HddsDatanode metrics system started (again)
2019-07-14 11:07:04,426 INFO  ozone.HddsDatanodeService (HddsDatanodeService.java:start(185)) - HddsDatanodeService host:trunk-nightly-fxmrv-2540794721 ip:192.168.157.209
2019-07-14 11:07:04,438 INFO  volume.HddsVolume (HddsVolume.java:<init>(176)) - Creating Volume: /workdir/hadoop-ozone/integration-test/target/test-dir/MiniOzoneClusterImpl-d309a403-2708-41a1-968f-5ad9242863dc/datanode-0/data/containers/hdds of  storage type : DISK and capacity : 52710309888
2019-07-14 11:07:04,438 INFO  volume.VolumeSet (VolumeSet.java:initializeVolumeSet(170)) - Added Volume : /workdir/hadoop-ozone/integration-test/target/test-dir/MiniOzoneClusterImpl-d309a403-2708-41a1-968f-5ad9242863dc/datanode-0/data/containers/hdds to VolumeSet
2019-07-14 11:07:04,439 INFO  volume.ThrottledAsyncChecker (ThrottledAsyncChecker.java:schedule(140)) - Scheduling a check for org.apache.hadoop.ozone.container.common.volume.HddsVolume@72924f19
2019-07-14 11:07:04,439 INFO  volume.HddsVolumeChecker (HddsVolumeChecker.java:checkAllVolumes(203)) - Scheduled health check for volume org.apache.hadoop.ozone.container.common.volume.HddsVolume@72924f19
2019-07-14 11:07:04,455 INFO  impl.RaftServerProxy (ConfUtils.java:logGet(43)) - raft.rpc.type = GRPC (default)
2019-07-14 11:07:04,455 INFO  grpc.GrpcFactory (GrpcFactory.java:checkPooledByteBufAllocatorUseCacheForAllThreads(45)) - PERFORMANCE WARNING: useCacheForAllThreads is true that may cause Netty to create a lot garbage objects and, as a result, trigger GC.
	It is recommended to disable useCacheForAllThreads by setting -Dorg.apache.ratis.thirdparty.io.netty.allocator.useCacheForAllThreads=false in command line.
2019-07-14 11:07:04,456 INFO  grpc.GrpcConfigKeys$Server (ConfUtils.java:logGet(43)) - raft.grpc.server.port = 0 (default)
2019-07-14 11:07:04,456 INFO  server.GrpcService (ConfUtils.java:logGet(43)) - raft.grpc.message.size.max = 33570816 (custom)
2019-07-14 11:07:04,456 INFO  server.RaftServerConfigKeys (ConfUtils.java:logGet(43)) - raft.server.log.appender.buffer.byte-limit = 33554432 (custom)
2019-07-14 11:07:04,456 INFO  server.GrpcService (ConfUtils.java:logGet(43)) - raft.grpc.flow.control.window = 1MB (=1048576) (default)
2019-07-14 11:07:04,457 INFO  server.RaftServerConfigKeys (ConfUtils.java:logGet(43)) - raft.server.rpc.request.timeout = 3000ms (default)
2019-07-14 11:07:04,457 INFO  server.RaftServerConfigKeys (ConfUtils.java:logGet(43)) - raft.server.storage.dir = [/workdir/hadoop-ozone/integration-test/target/test-dir/MiniOzoneClusterImpl-d309a403-2708-41a1-968f-5ad9242863dc/datanode-0/data/ratis] (custom)
2019-07-14 11:07:04,458 INFO  replication.SimpleContainerDownloader (SimpleContainerDownloader.java:<init>(72)) - Starting container downloader service to copy containers to replicate.
2019-07-14 11:07:04,459 INFO  hdfs.DFSUtil (DFSUtil.java:httpServerTemplateForNNAndJN(1641)) - Starting Web-server for hddsDatanode at: http://0.0.0.0:0
2019-07-14 11:07:04,460 INFO  server.AuthenticationFilter (AuthenticationFilter.java:constructSecretProvider(240)) - Unable to initialize FileSignerSecretProvider, falling back to use random secrets.
2019-07-14 11:07:04,460 WARN  http.HttpRequestLog (HttpRequestLog.java:getRequestLog(97)) - Jetty request log can only be enabled using Log4j
2019-07-14 11:07:04,462 INFO  http.HttpServer2 (HttpServer2.java:addGlobalFilter(975)) - Added global filter 'safety' (class=org.apache.hadoop.http.HttpServer2$QuotingInputFilter)
2019-07-14 11:07:04,462 INFO  http.HttpServer2 (HttpServer2.java:addFilter(948)) - Added filter static_user_filter (class=org.apache.hadoop.http.lib.StaticUserWebFilter$StaticUserFilter) to context hddsDatanode
2019-07-14 11:07:04,463 INFO  http.HttpServer2 (HttpServer2.java:addFilter(958)) - Added filter static_user_filter (class=org.apache.hadoop.http.lib.StaticUserWebFilter$StaticUserFilter) to context logs
2019-07-14 11:07:04,463 INFO  http.HttpServer2 (HttpServer2.java:addFilter(958)) - Added filter static_user_filter (class=org.apache.hadoop.http.lib.StaticUserWebFilter$StaticUserFilter) to context static
2019-07-14 11:07:04,463 INFO  http.HttpServer2 (HttpServer2.java:bindListener(1191)) - Jetty bound to port 45351
2019-07-14 11:07:04,464 INFO  server.Server (Server.java:doStart(351)) - jetty-9.3.24.v20180605, build timestamp: 2018-06-05T17:11:56Z, git hash: 84205aa28f11a4f31f2a3b86d1bba2cc8ab69827
2019-07-14 11:07:04,465 INFO  handler.ContextHandler (ContextHandler.java:doStart(781)) - Started o.e.j.s.ServletContextHandler@5578ed7e{/logs,file:///workdir/hadoop-ozone/integration-test/target/log,AVAILABLE}
2019-07-14 11:07:04,466 INFO  handler.ContextHandler (ContextHandler.java:doStart(781)) - Started o.e.j.s.ServletContextHandler@158b8d10{/static,jar:file:/home/user/.m2/repository/org/apache/hadoop/hadoop-hdds-container-service/0.5.0-SNAPSHOT/hadoop-hdds-container-service-0.5.0-SNAPSHOT.jar!/webapps/static,AVAILABLE}
2019-07-14 11:07:04,499 INFO  handler.ContextHandler (ContextHandler.java:doStart(781)) - Started o.e.j.w.WebAppContext@6a08113d{/,file:///tmp/jetty-0.0.0.0-45351-hddsDatanode-_-any-1521757594966890586.dir/webapp/,AVAILABLE}{/hddsDatanode}
2019-07-14 11:07:04,499 INFO  server.AbstractConnector (AbstractConnector.java:doStart(278)) - Started ServerConnector@480fb706{HTTP/1.1,[http/1.1]}{0.0.0.0:45351}
2019-07-14 11:07:04,500 INFO  server.Server (Server.java:doStart(419)) - Started @600370ms
2019-07-14 11:07:04,501 INFO  server.BaseHttpServer (BaseHttpServer.java:updateConnectorAddress(207)) - HTTP server of HDDSDATANODE is listening at http://0.0.0.0:45351
2019-07-14 11:07:04,601 INFO  ozone.HddsDatanodeService (HddsDatanodeService.java:startPlugins(396)) - Started plug-in org.apache.hadoop.ozone.web.OzoneHddsDatanodeService@3f6fd33b
2019-07-14 11:07:04,601 INFO  impl.MetricsSystemImpl (MetricsSystemImpl.java:init(158)) - HddsDatanode metrics system started (again)
2019-07-14 11:07:04,603 INFO  ozone.HddsDatanodeService (HddsDatanodeService.java:start(185)) - HddsDatanodeService host:trunk-nightly-fxmrv-2540794721 ip:192.168.157.209
2019-07-14 11:07:04,605 INFO  util.JvmPauseMonitor (JvmPauseMonitor.java:run(188)) - Starting JVM pause monitor
2019-07-14 11:07:04,606 INFO  datanode.InitDatanodeState (InitDatanodeState.java:persistContainerDatanodeDetails(140)) - DatanodeDetails is persisted to /workdir/hadoop-ozone/integration-test/target/test-dir/MiniOzoneClusterImpl-d309a403-2708-41a1-968f-5ad9242863dc/datanode-0/meta/datanode.id
2019-07-14 11:07:04,615 INFO  volume.HddsVolume (HddsVolume.java:<init>(176)) - Creating Volume: /workdir/hadoop-ozone/integration-test/target/test-dir/MiniOzoneClusterImpl-d309a403-2708-41a1-968f-5ad9242863dc/datanode-1/data/containers/hdds of  storage type : DISK and capacity : 52710309888
2019-07-14 11:07:04,615 INFO  volume.VolumeSet (VolumeSet.java:initializeVolumeSet(170)) - Added Volume : /workdir/hadoop-ozone/integration-test/target/test-dir/MiniOzoneClusterImpl-d309a403-2708-41a1-968f-5ad9242863dc/datanode-1/data/containers/hdds to VolumeSet
2019-07-14 11:07:04,615 INFO  volume.ThrottledAsyncChecker (ThrottledAsyncChecker.java:schedule(140)) - Scheduling a check for org.apache.hadoop.ozone.container.common.volume.HddsVolume@41fe0d98
2019-07-14 11:07:04,615 INFO  volume.HddsVolumeChecker (HddsVolumeChecker.java:checkAllVolumes(203)) - Scheduled health check for volume org.apache.hadoop.ozone.container.common.volume.HddsVolume@41fe0d98
2019-07-14 11:07:04,628 INFO  impl.RaftServerProxy (ConfUtils.java:logGet(43)) - raft.rpc.type = GRPC (default)
2019-07-14 11:07:04,628 INFO  grpc.GrpcFactory (GrpcFactory.java:checkPooledByteBufAllocatorUseCacheForAllThreads(45)) - PERFORMANCE WARNING: useCacheForAllThreads is true that may cause Netty to create a lot garbage objects and, as a result, trigger GC.
	It is recommended to disable useCacheForAllThreads by setting -Dorg.apache.ratis.thirdparty.io.netty.allocator.useCacheForAllThreads=false in command line.
2019-07-14 11:07:04,628 INFO  grpc.GrpcConfigKeys$Server (ConfUtils.java:logGet(43)) - raft.grpc.server.port = 0 (default)
2019-07-14 11:07:04,628 INFO  server.GrpcService (ConfUtils.java:logGet(43)) - raft.grpc.message.size.max = 33570816 (custom)
2019-07-14 11:07:04,629 INFO  server.RaftServerConfigKeys (ConfUtils.java:logGet(43)) - raft.server.log.appender.buffer.byte-limit = 33554432 (custom)
2019-07-14 11:07:04,629 INFO  server.GrpcService (ConfUtils.java:logGet(43)) - raft.grpc.flow.control.window = 1MB (=1048576) (default)
2019-07-14 11:07:04,629 INFO  server.RaftServerConfigKeys (ConfUtils.java:logGet(43)) - raft.server.rpc.request.timeout = 3000ms (default)
2019-07-14 11:07:04,629 INFO  server.RaftServerConfigKeys (ConfUtils.java:logGet(43)) - raft.server.storage.dir = [/workdir/hadoop-ozone/integration-test/target/test-dir/MiniOzoneClusterImpl-d309a403-2708-41a1-968f-5ad9242863dc/datanode-1/data/ratis] (custom)
2019-07-14 11:07:04,630 INFO  replication.SimpleContainerDownloader (SimpleContainerDownloader.java:<init>(72)) - Starting container downloader service to copy containers to replicate.
2019-07-14 11:07:04,631 INFO  hdfs.DFSUtil (DFSUtil.java:httpServerTemplateForNNAndJN(1641)) - Starting Web-server for hddsDatanode at: http://0.0.0.0:0
2019-07-14 11:07:04,632 INFO  server.AuthenticationFilter (AuthenticationFilter.java:constructSecretProvider(240)) - Unable to initialize FileSignerSecretProvider, falling back to use random secrets.
2019-07-14 11:07:04,632 WARN  http.HttpRequestLog (HttpRequestLog.java:getRequestLog(97)) - Jetty request log can only be enabled using Log4j
2019-07-14 11:07:04,633 INFO  http.HttpServer2 (HttpServer2.java:addGlobalFilter(975)) - Added global filter 'safety' (class=org.apache.hadoop.http.HttpServer2$QuotingInputFilter)
2019-07-14 11:07:04,633 INFO  http.HttpServer2 (HttpServer2.java:addFilter(948)) - Added filter static_user_filter (class=org.apache.hadoop.http.lib.StaticUserWebFilter$StaticUserFilter) to context hddsDatanode
2019-07-14 11:07:04,634 INFO  http.HttpServer2 (HttpServer2.java:addFilter(958)) - Added filter static_user_filter (class=org.apache.hadoop.http.lib.StaticUserWebFilter$StaticUserFilter) to context static
2019-07-14 11:07:04,634 INFO  http.HttpServer2 (HttpServer2.java:addFilter(958)) - Added filter static_user_filter (class=org.apache.hadoop.http.lib.StaticUserWebFilter$StaticUserFilter) to context logs
2019-07-14 11:07:04,634 INFO  http.HttpServer2 (HttpServer2.java:bindListener(1191)) - Jetty bound to port 38442
2019-07-14 11:07:04,634 INFO  server.Server (Server.java:doStart(351)) - jetty-9.3.24.v20180605, build timestamp: 2018-06-05T17:11:56Z, git hash: 84205aa28f11a4f31f2a3b86d1bba2cc8ab69827
2019-07-14 11:07:04,636 INFO  handler.ContextHandler (ContextHandler.java:doStart(781)) - Started o.e.j.s.ServletContextHandler@44f5259a{/logs,file:///workdir/hadoop-ozone/integration-test/target/log,AVAILABLE}
2019-07-14 11:07:04,636 INFO  handler.ContextHandler (ContextHandler.java:doStart(781)) - Started o.e.j.s.ServletContextHandler@6c2063e0{/static,jar:file:/home/user/.m2/repository/org/apache/hadoop/hadoop-hdds-container-service/0.5.0-SNAPSHOT/hadoop-hdds-container-service-0.5.0-SNAPSHOT.jar!/webapps/static,AVAILABLE}
2019-07-14 11:07:04,663 INFO  handler.ContextHandler (ContextHandler.java:doStart(781)) - Started o.e.j.w.WebAppContext@706dee4{/,file:///tmp/jetty-0.0.0.0-38442-hddsDatanode-_-any-3942976785883600051.dir/webapp/,AVAILABLE}{/hddsDatanode}
2019-07-14 11:07:04,663 INFO  server.AbstractConnector (AbstractConnector.java:doStart(278)) - Started ServerConnector@3c5d60db{HTTP/1.1,[http/1.1]}{0.0.0.0:38442}
2019-07-14 11:07:04,663 INFO  server.Server (Server.java:doStart(419)) - Started @600533ms
2019-07-14 11:07:04,665 INFO  server.BaseHttpServer (BaseHttpServer.java:updateConnectorAddress(207)) - HTTP server of HDDSDATANODE is listening at http://0.0.0.0:38442
2019-07-14 11:07:04,761 INFO  ozone.HddsDatanodeService (HddsDatanodeService.java:startPlugins(396)) - Started plug-in org.apache.hadoop.ozone.web.OzoneHddsDatanodeService@498bfeec
2019-07-14 11:07:04,762 INFO  impl.MetricsSystemImpl (MetricsSystemImpl.java:init(158)) - HddsDatanode metrics system started (again)
2019-07-14 11:07:04,762 INFO  ozone.HddsDatanodeService (HddsDatanodeService.java:start(185)) - HddsDatanodeService host:trunk-nightly-fxmrv-2540794721 ip:192.168.157.209
2019-07-14 11:07:04,765 INFO  util.JvmPauseMonitor (JvmPauseMonitor.java:run(188)) - Starting JVM pause monitor
2019-07-14 11:07:04,767 INFO  datanode.InitDatanodeState (InitDatanodeState.java:persistContainerDatanodeDetails(140)) - DatanodeDetails is persisted to /workdir/hadoop-ozone/integration-test/target/test-dir/MiniOzoneClusterImpl-d309a403-2708-41a1-968f-5ad9242863dc/datanode-1/meta/datanode.id
2019-07-14 11:07:04,775 INFO  volume.HddsVolume (HddsVolume.java:<init>(176)) - Creating Volume: /workdir/hadoop-ozone/integration-test/target/test-dir/MiniOzoneClusterImpl-d309a403-2708-41a1-968f-5ad9242863dc/datanode-2/data/containers/hdds of  storage type : DISK and capacity : 52710309888
2019-07-14 11:07:04,775 INFO  volume.VolumeSet (VolumeSet.java:initializeVolumeSet(170)) - Added Volume : /workdir/hadoop-ozone/integration-test/target/test-dir/MiniOzoneClusterImpl-d309a403-2708-41a1-968f-5ad9242863dc/datanode-2/data/containers/hdds to VolumeSet
2019-07-14 11:07:04,775 INFO  volume.ThrottledAsyncChecker (ThrottledAsyncChecker.java:schedule(140)) - Scheduling a check for org.apache.hadoop.ozone.container.common.volume.HddsVolume@661d49d1
2019-07-14 11:07:04,775 INFO  volume.HddsVolumeChecker (HddsVolumeChecker.java:checkAllVolumes(203)) - Scheduled health check for volume org.apache.hadoop.ozone.container.common.volume.HddsVolume@661d49d1
2019-07-14 11:07:04,788 INFO  impl.RaftServerProxy (ConfUtils.java:logGet(43)) - raft.rpc.type = GRPC (default)
2019-07-14 11:07:04,788 INFO  grpc.GrpcFactory (GrpcFactory.java:checkPooledByteBufAllocatorUseCacheForAllThreads(45)) - PERFORMANCE WARNING: useCacheForAllThreads is true that may cause Netty to create a lot garbage objects and, as a result, trigger GC.
	It is recommended to disable useCacheForAllThreads by setting -Dorg.apache.ratis.thirdparty.io.netty.allocator.useCacheForAllThreads=false in command line.
2019-07-14 11:07:04,789 INFO  grpc.GrpcConfigKeys$Server (ConfUtils.java:logGet(43)) - raft.grpc.server.port = 0 (default)
2019-07-14 11:07:04,789 INFO  server.GrpcService (ConfUtils.java:logGet(43)) - raft.grpc.message.size.max = 33570816 (custom)
2019-07-14 11:07:04,789 INFO  server.RaftServerConfigKeys (ConfUtils.java:logGet(43)) - raft.server.log.appender.buffer.byte-limit = 33554432 (custom)
2019-07-14 11:07:04,789 INFO  server.GrpcService (ConfUtils.java:logGet(43)) - raft.grpc.flow.control.window = 1MB (=1048576) (default)
2019-07-14 11:07:04,789 INFO  server.RaftServerConfigKeys (ConfUtils.java:logGet(43)) - raft.server.rpc.request.timeout = 3000ms (default)
2019-07-14 11:07:04,790 INFO  server.RaftServerConfigKeys (ConfUtils.java:logGet(43)) - raft.server.storage.dir = [/workdir/hadoop-ozone/integration-test/target/test-dir/MiniOzoneClusterImpl-d309a403-2708-41a1-968f-5ad9242863dc/datanode-2/data/ratis] (custom)
2019-07-14 11:07:04,790 INFO  replication.SimpleContainerDownloader (SimpleContainerDownloader.java:<init>(72)) - Starting container downloader service to copy containers to replicate.
2019-07-14 11:07:04,791 INFO  hdfs.DFSUtil (DFSUtil.java:httpServerTemplateForNNAndJN(1641)) - Starting Web-server for hddsDatanode at: http://0.0.0.0:0
2019-07-14 11:07:04,792 INFO  server.AuthenticationFilter (AuthenticationFilter.java:constructSecretProvider(240)) - Unable to initialize FileSignerSecretProvider, falling back to use random secrets.
2019-07-14 11:07:04,792 WARN  http.HttpRequestLog (HttpRequestLog.java:getRequestLog(97)) - Jetty request log can only be enabled using Log4j
2019-07-14 11:07:04,794 INFO  http.HttpServer2 (HttpServer2.java:addGlobalFilter(975)) - Added global filter 'safety' (class=org.apache.hadoop.http.HttpServer2$QuotingInputFilter)
2019-07-14 11:07:04,794 INFO  http.HttpServer2 (HttpServer2.java:addFilter(948)) - Added filter static_user_filter (class=org.apache.hadoop.http.lib.StaticUserWebFilter$StaticUserFilter) to context hddsDatanode
2019-07-14 11:07:04,794 INFO  http.HttpServer2 (HttpServer2.java:addFilter(958)) - Added filter static_user_filter (class=org.apache.hadoop.http.lib.StaticUserWebFilter$StaticUserFilter) to context logs
2019-07-14 11:07:04,794 INFO  http.HttpServer2 (HttpServer2.java:addFilter(958)) - Added filter static_user_filter (class=org.apache.hadoop.http.lib.StaticUserWebFilter$StaticUserFilter) to context static
2019-07-14 11:07:04,795 INFO  http.HttpServer2 (HttpServer2.java:bindListener(1191)) - Jetty bound to port 33361
2019-07-14 11:07:04,795 INFO  server.Server (Server.java:doStart(351)) - jetty-9.3.24.v20180605, build timestamp: 2018-06-05T17:11:56Z, git hash: 84205aa28f11a4f31f2a3b86d1bba2cc8ab69827
2019-07-14 11:07:04,796 INFO  handler.ContextHandler (ContextHandler.java:doStart(781)) - Started o.e.j.s.ServletContextHandler@5ace902e{/logs,file:///workdir/hadoop-ozone/integration-test/target/log,AVAILABLE}
2019-07-14 11:07:04,797 INFO  handler.ContextHandler (ContextHandler.java:doStart(781)) - Started o.e.j.s.ServletContextHandler@76ac8c3d{/static,jar:file:/home/user/.m2/repository/org/apache/hadoop/hadoop-hdds-container-service/0.5.0-SNAPSHOT/hadoop-hdds-container-service-0.5.0-SNAPSHOT.jar!/webapps/static,AVAILABLE}
2019-07-14 11:07:04,822 INFO  handler.ContextHandler (ContextHandler.java:doStart(781)) - Started o.e.j.w.WebAppContext@45398bb0{/,file:///tmp/jetty-0.0.0.0-33361-hddsDatanode-_-any-4941630779473036434.dir/webapp/,AVAILABLE}{/hddsDatanode}
2019-07-14 11:07:04,823 INFO  server.AbstractConnector (AbstractConnector.java:doStart(278)) - Started ServerConnector@35ffe3ac{HTTP/1.1,[http/1.1]}{0.0.0.0:33361}
2019-07-14 11:07:04,824 INFO  server.Server (Server.java:doStart(419)) - Started @600694ms
2019-07-14 11:07:04,825 INFO  server.BaseHttpServer (BaseHttpServer.java:updateConnectorAddress(207)) - HTTP server of HDDSDATANODE is listening at http://0.0.0.0:33361
2019-07-14 11:07:05,070 INFO  ozone.HddsDatanodeService (HddsDatanodeService.java:startPlugins(396)) - Started plug-in org.apache.hadoop.ozone.web.OzoneHddsDatanodeService@130a99fe
2019-07-14 11:07:05,071 INFO  impl.MetricsSystemImpl (MetricsSystemImpl.java:init(158)) - HddsDatanode metrics system started (again)
2019-07-14 11:07:05,073 INFO  ozone.HddsDatanodeService (HddsDatanodeService.java:start(185)) - HddsDatanodeService host:trunk-nightly-fxmrv-2540794721 ip:192.168.157.209
2019-07-14 11:07:05,075 INFO  util.JvmPauseMonitor (JvmPauseMonitor.java:run(188)) - Starting JVM pause monitor
2019-07-14 11:07:05,076 INFO  datanode.InitDatanodeState (InitDatanodeState.java:persistContainerDatanodeDetails(140)) - DatanodeDetails is persisted to /workdir/hadoop-ozone/integration-test/target/test-dir/MiniOzoneClusterImpl-d309a403-2708-41a1-968f-5ad9242863dc/datanode-2/meta/datanode.id
2019-07-14 11:07:05,085 INFO  volume.HddsVolume (HddsVolume.java:<init>(176)) - Creating Volume: /workdir/hadoop-ozone/integration-test/target/test-dir/MiniOzoneClusterImpl-d309a403-2708-41a1-968f-5ad9242863dc/datanode-3/data/containers/hdds of  storage type : DISK and capacity : 52710309888
2019-07-14 11:07:05,085 INFO  volume.VolumeSet (VolumeSet.java:initializeVolumeSet(170)) - Added Volume : /workdir/hadoop-ozone/integration-test/target/test-dir/MiniOzoneClusterImpl-d309a403-2708-41a1-968f-5ad9242863dc/datanode-3/data/containers/hdds to VolumeSet
2019-07-14 11:07:05,086 INFO  volume.ThrottledAsyncChecker (ThrottledAsyncChecker.java:schedule(140)) - Scheduling a check for org.apache.hadoop.ozone.container.common.volume.HddsVolume@5ba7391b
2019-07-14 11:07:05,086 INFO  volume.HddsVolumeChecker (HddsVolumeChecker.java:checkAllVolumes(203)) - Scheduled health check for volume org.apache.hadoop.ozone.container.common.volume.HddsVolume@5ba7391b
2019-07-14 11:07:05,099 INFO  impl.RaftServerProxy (ConfUtils.java:logGet(43)) - raft.rpc.type = GRPC (default)
2019-07-14 11:07:05,099 INFO  grpc.GrpcFactory (GrpcFactory.java:checkPooledByteBufAllocatorUseCacheForAllThreads(45)) - PERFORMANCE WARNING: useCacheForAllThreads is true that may cause Netty to create a lot garbage objects and, as a result, trigger GC.
	It is recommended to disable useCacheForAllThreads by setting -Dorg.apache.ratis.thirdparty.io.netty.allocator.useCacheForAllThreads=false in command line.
2019-07-14 11:07:05,100 INFO  grpc.GrpcConfigKeys$Server (ConfUtils.java:logGet(43)) - raft.grpc.server.port = 0 (default)
2019-07-14 11:07:05,100 INFO  server.GrpcService (ConfUtils.java:logGet(43)) - raft.grpc.message.size.max = 33570816 (custom)
2019-07-14 11:07:05,100 INFO  server.RaftServerConfigKeys (ConfUtils.java:logGet(43)) - raft.server.log.appender.buffer.byte-limit = 33554432 (custom)
2019-07-14 11:07:05,100 INFO  server.GrpcService (ConfUtils.java:logGet(43)) - raft.grpc.flow.control.window = 1MB (=1048576) (default)
2019-07-14 11:07:05,100 INFO  server.RaftServerConfigKeys (ConfUtils.java:logGet(43)) - raft.server.rpc.request.timeout = 3000ms (default)
2019-07-14 11:07:05,101 INFO  server.RaftServerConfigKeys (ConfUtils.java:logGet(43)) - raft.server.storage.dir = [/workdir/hadoop-ozone/integration-test/target/test-dir/MiniOzoneClusterImpl-d309a403-2708-41a1-968f-5ad9242863dc/datanode-3/data/ratis] (custom)
2019-07-14 11:07:05,101 INFO  replication.SimpleContainerDownloader (SimpleContainerDownloader.java:<init>(72)) - Starting container downloader service to copy containers to replicate.
2019-07-14 11:07:05,102 INFO  hdfs.DFSUtil (DFSUtil.java:httpServerTemplateForNNAndJN(1641)) - Starting Web-server for hddsDatanode at: http://0.0.0.0:0
2019-07-14 11:07:05,103 INFO  server.AuthenticationFilter (AuthenticationFilter.java:constructSecretProvider(240)) - Unable to initialize FileSignerSecretProvider, falling back to use random secrets.
2019-07-14 11:07:05,103 WARN  http.HttpRequestLog (HttpRequestLog.java:getRequestLog(97)) - Jetty request log can only be enabled using Log4j
2019-07-14 11:07:05,105 INFO  http.HttpServer2 (HttpServer2.java:addGlobalFilter(975)) - Added global filter 'safety' (class=org.apache.hadoop.http.HttpServer2$QuotingInputFilter)
2019-07-14 11:07:05,105 INFO  http.HttpServer2 (HttpServer2.java:addFilter(948)) - Added filter static_user_filter (class=org.apache.hadoop.http.lib.StaticUserWebFilter$StaticUserFilter) to context hddsDatanode
2019-07-14 11:07:05,105 INFO  http.HttpServer2 (HttpServer2.java:addFilter(958)) - Added filter static_user_filter (class=org.apache.hadoop.http.lib.StaticUserWebFilter$StaticUserFilter) to context logs
2019-07-14 11:07:05,105 INFO  http.HttpServer2 (HttpServer2.java:addFilter(958)) - Added filter static_user_filter (class=org.apache.hadoop.http.lib.StaticUserWebFilter$StaticUserFilter) to context static
2019-07-14 11:07:05,106 INFO  http.HttpServer2 (HttpServer2.java:bindListener(1191)) - Jetty bound to port 46118
2019-07-14 11:07:05,106 INFO  server.Server (Server.java:doStart(351)) - jetty-9.3.24.v20180605, build timestamp: 2018-06-05T17:11:56Z, git hash: 84205aa28f11a4f31f2a3b86d1bba2cc8ab69827
2019-07-14 11:07:05,107 INFO  handler.ContextHandler (ContextHandler.java:doStart(781)) - Started o.e.j.s.ServletContextHandler@47baf547{/logs,file:///workdir/hadoop-ozone/integration-test/target/log,AVAILABLE}
2019-07-14 11:07:05,108 INFO  handler.ContextHandler (ContextHandler.java:doStart(781)) - Started o.e.j.s.ServletContextHandler@5dc90de7{/static,jar:file:/home/user/.m2/repository/org/apache/hadoop/hadoop-hdds-container-service/0.5.0-SNAPSHOT/hadoop-hdds-container-service-0.5.0-SNAPSHOT.jar!/webapps/static,AVAILABLE}
2019-07-14 11:07:05,134 INFO  handler.ContextHandler (ContextHandler.java:doStart(781)) - Started o.e.j.w.WebAppContext@6cb2d5ea{/,file:///tmp/jetty-0.0.0.0-46118-hddsDatanode-_-any-1817445624849668412.dir/webapp/,AVAILABLE}{/hddsDatanode}
2019-07-14 11:07:05,134 INFO  server.AbstractConnector (AbstractConnector.java:doStart(278)) - Started ServerConnector@3ed1446c{HTTP/1.1,[http/1.1]}{0.0.0.0:46118}
2019-07-14 11:07:05,136 INFO  server.Server (Server.java:doStart(419)) - Started @601004ms
2019-07-14 11:07:05,136 INFO  server.BaseHttpServer (BaseHttpServer.java:updateConnectorAddress(207)) - HTTP server of HDDSDATANODE is listening at http://0.0.0.0:46118
2019-07-14 11:07:05,236 INFO  ozone.HddsDatanodeService (HddsDatanodeService.java:startPlugins(396)) - Started plug-in org.apache.hadoop.ozone.web.OzoneHddsDatanodeService@6dae5562
2019-07-14 11:07:05,237 INFO  impl.MetricsSystemImpl (MetricsSystemImpl.java:init(158)) - HddsDatanode metrics system started (again)
2019-07-14 11:07:05,239 INFO  ozone.HddsDatanodeService (HddsDatanodeService.java:start(185)) - HddsDatanodeService host:trunk-nightly-fxmrv-2540794721 ip:192.168.157.209
2019-07-14 11:07:05,240 INFO  util.JvmPauseMonitor (JvmPauseMonitor.java:run(188)) - Starting JVM pause monitor
2019-07-14 11:07:05,242 INFO  datanode.InitDatanodeState (InitDatanodeState.java:persistContainerDatanodeDetails(140)) - DatanodeDetails is persisted to /workdir/hadoop-ozone/integration-test/target/test-dir/MiniOzoneClusterImpl-d309a403-2708-41a1-968f-5ad9242863dc/datanode-3/meta/datanode.id
2019-07-14 11:07:05,250 INFO  volume.HddsVolume (HddsVolume.java:<init>(176)) - Creating Volume: /workdir/hadoop-ozone/integration-test/target/test-dir/MiniOzoneClusterImpl-d309a403-2708-41a1-968f-5ad9242863dc/datanode-4/data/containers/hdds of  storage type : DISK and capacity : 52710309888
2019-07-14 11:07:05,251 INFO  volume.VolumeSet (VolumeSet.java:initializeVolumeSet(170)) - Added Volume : /workdir/hadoop-ozone/integration-test/target/test-dir/MiniOzoneClusterImpl-d309a403-2708-41a1-968f-5ad9242863dc/datanode-4/data/containers/hdds to VolumeSet
2019-07-14 11:07:05,251 INFO  volume.ThrottledAsyncChecker (ThrottledAsyncChecker.java:schedule(140)) - Scheduling a check for org.apache.hadoop.ozone.container.common.volume.HddsVolume@7e38d2a2
2019-07-14 11:07:05,251 INFO  volume.HddsVolumeChecker (HddsVolumeChecker.java:checkAllVolumes(203)) - Scheduled health check for volume org.apache.hadoop.ozone.container.common.volume.HddsVolume@7e38d2a2
2019-07-14 11:07:05,265 INFO  impl.RaftServerProxy (ConfUtils.java:logGet(43)) - raft.rpc.type = GRPC (default)
2019-07-14 11:07:05,265 INFO  grpc.GrpcFactory (GrpcFactory.java:checkPooledByteBufAllocatorUseCacheForAllThreads(45)) - PERFORMANCE WARNING: useCacheForAllThreads is true that may cause Netty to create a lot garbage objects and, as a result, trigger GC.
	It is recommended to disable useCacheForAllThreads by setting -Dorg.apache.ratis.thirdparty.io.netty.allocator.useCacheForAllThreads=false in command line.
2019-07-14 11:07:05,265 INFO  grpc.GrpcConfigKeys$Server (ConfUtils.java:logGet(43)) - raft.grpc.server.port = 0 (default)
2019-07-14 11:07:05,265 INFO  server.GrpcService (ConfUtils.java:logGet(43)) - raft.grpc.message.size.max = 33570816 (custom)
2019-07-14 11:07:05,265 INFO  server.RaftServerConfigKeys (ConfUtils.java:logGet(43)) - raft.server.log.appender.buffer.byte-limit = 33554432 (custom)
2019-07-14 11:07:05,265 INFO  server.GrpcService (ConfUtils.java:logGet(43)) - raft.grpc.flow.control.window = 1MB (=1048576) (default)
2019-07-14 11:07:05,266 INFO  server.RaftServerConfigKeys (ConfUtils.java:logGet(43)) - raft.server.rpc.request.timeout = 3000ms (default)
2019-07-14 11:07:05,266 INFO  server.RaftServerConfigKeys (ConfUtils.java:logGet(43)) - raft.server.storage.dir = [/workdir/hadoop-ozone/integration-test/target/test-dir/MiniOzoneClusterImpl-d309a403-2708-41a1-968f-5ad9242863dc/datanode-4/data/ratis] (custom)
2019-07-14 11:07:05,266 INFO  replication.SimpleContainerDownloader (SimpleContainerDownloader.java:<init>(72)) - Starting container downloader service to copy containers to replicate.
2019-07-14 11:07:05,267 INFO  hdfs.DFSUtil (DFSUtil.java:httpServerTemplateForNNAndJN(1641)) - Starting Web-server for hddsDatanode at: http://0.0.0.0:0
2019-07-14 11:07:05,268 INFO  server.AuthenticationFilter (AuthenticationFilter.java:constructSecretProvider(240)) - Unable to initialize FileSignerSecretProvider, falling back to use random secrets.
2019-07-14 11:07:05,269 WARN  http.HttpRequestLog (HttpRequestLog.java:getRequestLog(97)) - Jetty request log can only be enabled using Log4j
2019-07-14 11:07:05,270 INFO  http.HttpServer2 (HttpServer2.java:addGlobalFilter(975)) - Added global filter 'safety' (class=org.apache.hadoop.http.HttpServer2$QuotingInputFilter)
2019-07-14 11:07:05,270 INFO  http.HttpServer2 (HttpServer2.java:addFilter(948)) - Added filter static_user_filter (class=org.apache.hadoop.http.lib.StaticUserWebFilter$StaticUserFilter) to context hddsDatanode
2019-07-14 11:07:05,270 INFO  http.HttpServer2 (HttpServer2.java:addFilter(958)) - Added filter static_user_filter (class=org.apache.hadoop.http.lib.StaticUserWebFilter$StaticUserFilter) to context static
2019-07-14 11:07:05,270 INFO  http.HttpServer2 (HttpServer2.java:addFilter(958)) - Added filter static_user_filter (class=org.apache.hadoop.http.lib.StaticUserWebFilter$StaticUserFilter) to context logs
2019-07-14 11:07:05,271 INFO  http.HttpServer2 (HttpServer2.java:bindListener(1191)) - Jetty bound to port 44659
2019-07-14 11:07:05,271 INFO  server.Server (Server.java:doStart(351)) - jetty-9.3.24.v20180605, build timestamp: 2018-06-05T17:11:56Z, git hash: 84205aa28f11a4f31f2a3b86d1bba2cc8ab69827
2019-07-14 11:07:05,272 INFO  handler.ContextHandler (ContextHandler.java:doStart(781)) - Started o.e.j.s.ServletContextHandler@44046b0d{/logs,file:///workdir/hadoop-ozone/integration-test/target/log,AVAILABLE}
2019-07-14 11:07:05,273 INFO  handler.ContextHandler (ContextHandler.java:doStart(781)) - Started o.e.j.s.ServletContextHandler@14237e5{/static,jar:file:/home/user/.m2/repository/org/apache/hadoop/hadoop-hdds-container-service/0.5.0-SNAPSHOT/hadoop-hdds-container-service-0.5.0-SNAPSHOT.jar!/webapps/static,AVAILABLE}
2019-07-14 11:07:05,300 INFO  handler.ContextHandler (ContextHandler.java:doStart(781)) - Started o.e.j.w.WebAppContext@87276c4{/,file:///tmp/jetty-0.0.0.0-44659-hddsDatanode-_-any-2700841230060147154.dir/webapp/,AVAILABLE}{/hddsDatanode}
2019-07-14 11:07:05,300 INFO  server.AbstractConnector (AbstractConnector.java:doStart(278)) - Started ServerConnector@38f4a641{HTTP/1.1,[http/1.1]}{0.0.0.0:44659}
2019-07-14 11:07:05,300 INFO  server.Server (Server.java:doStart(419)) - Started @601170ms
2019-07-14 11:07:05,302 INFO  server.BaseHttpServer (BaseHttpServer.java:updateConnectorAddress(207)) - HTTP server of HDDSDATANODE is listening at http://0.0.0.0:44659
2019-07-14 11:07:05,413 INFO  ozone.HddsDatanodeService (HddsDatanodeService.java:startPlugins(396)) - Started plug-in org.apache.hadoop.ozone.web.OzoneHddsDatanodeService@4dc23273
2019-07-14 11:07:05,413 INFO  impl.MetricsSystemImpl (MetricsSystemImpl.java:init(158)) - HddsDatanode metrics system started (again)
2019-07-14 11:07:05,416 INFO  ozone.HddsDatanodeService (HddsDatanodeService.java:start(185)) - HddsDatanodeService host:trunk-nightly-fxmrv-2540794721 ip:192.168.157.209
2019-07-14 11:07:05,417 INFO  util.JvmPauseMonitor (JvmPauseMonitor.java:run(188)) - Starting JVM pause monitor
2019-07-14 11:07:05,419 INFO  datanode.InitDatanodeState (InitDatanodeState.java:persistContainerDatanodeDetails(140)) - DatanodeDetails is persisted to /workdir/hadoop-ozone/integration-test/target/test-dir/MiniOzoneClusterImpl-d309a403-2708-41a1-968f-5ad9242863dc/datanode-4/meta/datanode.id
2019-07-14 11:07:05,431 INFO  volume.HddsVolume (HddsVolume.java:<init>(176)) - Creating Volume: /workdir/hadoop-ozone/integration-test/target/test-dir/MiniOzoneClusterImpl-d309a403-2708-41a1-968f-5ad9242863dc/datanode-5/data/containers/hdds of  storage type : DISK and capacity : 52710309888
2019-07-14 11:07:05,431 INFO  volume.VolumeSet (VolumeSet.java:initializeVolumeSet(170)) - Added Volume : /workdir/hadoop-ozone/integration-test/target/test-dir/MiniOzoneClusterImpl-d309a403-2708-41a1-968f-5ad9242863dc/datanode-5/data/containers/hdds to VolumeSet
2019-07-14 11:07:05,431 INFO  volume.ThrottledAsyncChecker (ThrottledAsyncChecker.java:schedule(140)) - Scheduling a check for org.apache.hadoop.ozone.container.common.volume.HddsVolume@1cb4cad0
2019-07-14 11:07:05,432 INFO  volume.HddsVolumeChecker (HddsVolumeChecker.java:checkAllVolumes(203)) - Scheduled health check for volume org.apache.hadoop.ozone.container.common.volume.HddsVolume@1cb4cad0
2019-07-14 11:07:05,451 INFO  impl.RaftServerProxy (ConfUtils.java:logGet(43)) - raft.rpc.type = GRPC (default)
2019-07-14 11:07:05,451 INFO  grpc.GrpcFactory (GrpcFactory.java:checkPooledByteBufAllocatorUseCacheForAllThreads(45)) - PERFORMANCE WARNING: useCacheForAllThreads is true that may cause Netty to create a lot garbage objects and, as a result, trigger GC.
	It is recommended to disable useCacheForAllThreads by setting -Dorg.apache.ratis.thirdparty.io.netty.allocator.useCacheForAllThreads=false in command line.
2019-07-14 11:07:05,452 INFO  grpc.GrpcConfigKeys$Server (ConfUtils.java:logGet(43)) - raft.grpc.server.port = 0 (default)
2019-07-14 11:07:05,452 INFO  server.GrpcService (ConfUtils.java:logGet(43)) - raft.grpc.message.size.max = 33570816 (custom)
2019-07-14 11:07:05,452 INFO  server.RaftServerConfigKeys (ConfUtils.java:logGet(43)) - raft.server.log.appender.buffer.byte-limit = 33554432 (custom)
2019-07-14 11:07:05,452 INFO  server.GrpcService (ConfUtils.java:logGet(43)) - raft.grpc.flow.control.window = 1MB (=1048576) (default)
2019-07-14 11:07:05,453 INFO  server.RaftServerConfigKeys (ConfUtils.java:logGet(43)) - raft.server.rpc.request.timeout = 3000ms (default)
2019-07-14 11:07:05,453 INFO  server.RaftServerConfigKeys (ConfUtils.java:logGet(43)) - raft.server.storage.dir = [/workdir/hadoop-ozone/integration-test/target/test-dir/MiniOzoneClusterImpl-d309a403-2708-41a1-968f-5ad9242863dc/datanode-5/data/ratis] (custom)
2019-07-14 11:07:05,454 INFO  replication.SimpleContainerDownloader (SimpleContainerDownloader.java:<init>(72)) - Starting container downloader service to copy containers to replicate.
2019-07-14 11:07:05,455 INFO  hdfs.DFSUtil (DFSUtil.java:httpServerTemplateForNNAndJN(1641)) - Starting Web-server for hddsDatanode at: http://0.0.0.0:0
2019-07-14 11:07:05,457 INFO  server.AuthenticationFilter (AuthenticationFilter.java:constructSecretProvider(240)) - Unable to initialize FileSignerSecretProvider, falling back to use random secrets.
2019-07-14 11:07:05,458 WARN  http.HttpRequestLog (HttpRequestLog.java:getRequestLog(97)) - Jetty request log can only be enabled using Log4j
2019-07-14 11:07:05,460 INFO  http.HttpServer2 (HttpServer2.java:addGlobalFilter(975)) - Added global filter 'safety' (class=org.apache.hadoop.http.HttpServer2$QuotingInputFilter)
2019-07-14 11:07:05,461 INFO  http.HttpServer2 (HttpServer2.java:addFilter(948)) - Added filter static_user_filter (class=org.apache.hadoop.http.lib.StaticUserWebFilter$StaticUserFilter) to context hddsDatanode
2019-07-14 11:07:05,461 INFO  http.HttpServer2 (HttpServer2.java:addFilter(958)) - Added filter static_user_filter (class=org.apache.hadoop.http.lib.StaticUserWebFilter$StaticUserFilter) to context logs
2019-07-14 11:07:05,462 INFO  http.HttpServer2 (HttpServer2.java:addFilter(958)) - Added filter static_user_filter (class=org.apache.hadoop.http.lib.StaticUserWebFilter$StaticUserFilter) to context static
2019-07-14 11:07:05,463 INFO  http.HttpServer2 (HttpServer2.java:bindListener(1191)) - Jetty bound to port 37140
2019-07-14 11:07:05,463 INFO  server.Server (Server.java:doStart(351)) - jetty-9.3.24.v20180605, build timestamp: 2018-06-05T17:11:56Z, git hash: 84205aa28f11a4f31f2a3b86d1bba2cc8ab69827
2019-07-14 11:07:05,465 INFO  handler.ContextHandler (ContextHandler.java:doStart(781)) - Started o.e.j.s.ServletContextHandler@61799152{/logs,file:///workdir/hadoop-ozone/integration-test/target/log,AVAILABLE}
2019-07-14 11:07:05,466 INFO  handler.ContextHandler (ContextHandler.java:doStart(781)) - Started o.e.j.s.ServletContextHandler@e38b953{/static,jar:file:/home/user/.m2/repository/org/apache/hadoop/hadoop-hdds-container-service/0.5.0-SNAPSHOT/hadoop-hdds-container-service-0.5.0-SNAPSHOT.jar!/webapps/static,AVAILABLE}
2019-07-14 11:07:05,510 INFO  handler.ContextHandler (ContextHandler.java:doStart(781)) - Started o.e.j.w.WebAppContext@75cfb958{/,file:///tmp/jetty-0.0.0.0-37140-hddsDatanode-_-any-3611641947540205750.dir/webapp/,AVAILABLE}{/hddsDatanode}
2019-07-14 11:07:05,510 INFO  server.AbstractConnector (AbstractConnector.java:doStart(278)) - Started ServerConnector@40ff56f7{HTTP/1.1,[http/1.1]}{0.0.0.0:37140}
2019-07-14 11:07:05,512 INFO  server.Server (Server.java:doStart(419)) - Started @601381ms
2019-07-14 11:07:05,513 INFO  server.BaseHttpServer (BaseHttpServer.java:updateConnectorAddress(207)) - HTTP server of HDDSDATANODE is listening at http://0.0.0.0:37140
2019-07-14 11:07:05,644 INFO  ozone.HddsDatanodeService (HddsDatanodeService.java:startPlugins(396)) - Started plug-in org.apache.hadoop.ozone.web.OzoneHddsDatanodeService@236e6563
2019-07-14 11:07:05,645 INFO  impl.MetricsSystemImpl (MetricsSystemImpl.java:init(158)) - HddsDatanode metrics system started (again)
2019-07-14 11:07:05,647 INFO  ozone.HddsDatanodeService (HddsDatanodeService.java:start(185)) - HddsDatanodeService host:trunk-nightly-fxmrv-2540794721 ip:192.168.157.209
2019-07-14 11:07:05,649 INFO  util.JvmPauseMonitor (JvmPauseMonitor.java:run(188)) - Starting JVM pause monitor
2019-07-14 11:07:05,651 INFO  datanode.InitDatanodeState (InitDatanodeState.java:persistContainerDatanodeDetails(140)) - DatanodeDetails is persisted to /workdir/hadoop-ozone/integration-test/target/test-dir/MiniOzoneClusterImpl-d309a403-2708-41a1-968f-5ad9242863dc/datanode-5/meta/datanode.id
2019-07-14 11:07:05,661 INFO  volume.HddsVolume (HddsVolume.java:<init>(176)) - Creating Volume: /workdir/hadoop-ozone/integration-test/target/test-dir/MiniOzoneClusterImpl-d309a403-2708-41a1-968f-5ad9242863dc/datanode-6/data/containers/hdds of  storage type : DISK and capacity : 52710309888
2019-07-14 11:07:05,662 INFO  volume.VolumeSet (VolumeSet.java:initializeVolumeSet(170)) - Added Volume : /workdir/hadoop-ozone/integration-test/target/test-dir/MiniOzoneClusterImpl-d309a403-2708-41a1-968f-5ad9242863dc/datanode-6/data/containers/hdds to VolumeSet
2019-07-14 11:07:05,662 INFO  volume.ThrottledAsyncChecker (ThrottledAsyncChecker.java:schedule(140)) - Scheduling a check for org.apache.hadoop.ozone.container.common.volume.HddsVolume@53cdfb09
2019-07-14 11:07:05,663 INFO  volume.HddsVolumeChecker (HddsVolumeChecker.java:checkAllVolumes(203)) - Scheduled health check for volume org.apache.hadoop.ozone.container.common.volume.HddsVolume@53cdfb09
2019-07-14 11:07:05,690 INFO  impl.RaftServerProxy (ConfUtils.java:logGet(43)) - raft.rpc.type = GRPC (default)
2019-07-14 11:07:05,691 INFO  grpc.GrpcFactory (GrpcFactory.java:checkPooledByteBufAllocatorUseCacheForAllThreads(45)) - PERFORMANCE WARNING: useCacheForAllThreads is true that may cause Netty to create a lot garbage objects and, as a result, trigger GC.
	It is recommended to disable useCacheForAllThreads by setting -Dorg.apache.ratis.thirdparty.io.netty.allocator.useCacheForAllThreads=false in command line.
2019-07-14 11:07:05,691 INFO  grpc.GrpcConfigKeys$Server (ConfUtils.java:logGet(43)) - raft.grpc.server.port = 0 (default)
2019-07-14 11:07:05,691 INFO  server.GrpcService (ConfUtils.java:logGet(43)) - raft.grpc.message.size.max = 33570816 (custom)
2019-07-14 11:07:05,692 INFO  server.RaftServerConfigKeys (ConfUtils.java:logGet(43)) - raft.server.log.appender.buffer.byte-limit = 33554432 (custom)
2019-07-14 11:07:05,692 INFO  server.GrpcService (ConfUtils.java:logGet(43)) - raft.grpc.flow.control.window = 1MB (=1048576) (default)
2019-07-14 11:07:05,692 INFO  server.RaftServerConfigKeys (ConfUtils.java:logGet(43)) - raft.server.rpc.request.timeout = 3000ms (default)
2019-07-14 11:07:05,693 INFO  server.RaftServerConfigKeys (ConfUtils.java:logGet(43)) - raft.server.storage.dir = [/workdir/hadoop-ozone/integration-test/target/test-dir/MiniOzoneClusterImpl-d309a403-2708-41a1-968f-5ad9242863dc/datanode-6/data/ratis] (custom)
2019-07-14 11:07:05,693 INFO  replication.SimpleContainerDownloader (SimpleContainerDownloader.java:<init>(72)) - Starting container downloader service to copy containers to replicate.
2019-07-14 11:07:05,695 INFO  hdfs.DFSUtil (DFSUtil.java:httpServerTemplateForNNAndJN(1641)) - Starting Web-server for hddsDatanode at: http://0.0.0.0:0
2019-07-14 11:07:05,697 INFO  server.AuthenticationFilter (AuthenticationFilter.java:constructSecretProvider(240)) - Unable to initialize FileSignerSecretProvider, falling back to use random secrets.
2019-07-14 11:07:05,698 WARN  http.HttpRequestLog (HttpRequestLog.java:getRequestLog(97)) - Jetty request log can only be enabled using Log4j
2019-07-14 11:07:05,700 INFO  http.HttpServer2 (HttpServer2.java:addGlobalFilter(975)) - Added global filter 'safety' (class=org.apache.hadoop.http.HttpServer2$QuotingInputFilter)
2019-07-14 11:07:05,701 INFO  http.HttpServer2 (HttpServer2.java:addFilter(948)) - Added filter static_user_filter (class=org.apache.hadoop.http.lib.StaticUserWebFilter$StaticUserFilter) to context hddsDatanode
2019-07-14 11:07:05,701 INFO  http.HttpServer2 (HttpServer2.java:addFilter(958)) - Added filter static_user_filter (class=org.apache.hadoop.http.lib.StaticUserWebFilter$StaticUserFilter) to context static
2019-07-14 11:07:05,701 INFO  http.HttpServer2 (HttpServer2.java:addFilter(958)) - Added filter static_user_filter (class=org.apache.hadoop.http.lib.StaticUserWebFilter$StaticUserFilter) to context logs
2019-07-14 11:07:05,702 INFO  http.HttpServer2 (HttpServer2.java:bindListener(1191)) - Jetty bound to port 45218
2019-07-14 11:07:05,702 INFO  server.Server (Server.java:doStart(351)) - jetty-9.3.24.v20180605, build timestamp: 2018-06-05T17:11:56Z, git hash: 84205aa28f11a4f31f2a3b86d1bba2cc8ab69827
2019-07-14 11:07:05,705 INFO  handler.ContextHandler (ContextHandler.java:doStart(781)) - Started o.e.j.s.ServletContextHandler@45aa02de{/logs,file:///workdir/hadoop-ozone/integration-test/target/log,AVAILABLE}
2019-07-14 11:07:05,706 INFO  handler.ContextHandler (ContextHandler.java:doStart(781)) - Started o.e.j.s.ServletContextHandler@5d16bb07{/static,jar:file:/home/user/.m2/repository/org/apache/hadoop/hadoop-hdds-container-service/0.5.0-SNAPSHOT/hadoop-hdds-container-service-0.5.0-SNAPSHOT.jar!/webapps/static,AVAILABLE}
2019-07-14 11:07:05,752 INFO  handler.ContextHandler (ContextHandler.java:doStart(781)) - Started o.e.j.w.WebAppContext@121fe002{/,file:///tmp/jetty-0.0.0.0-45218-hddsDatanode-_-any-7951807205774134231.dir/webapp/,AVAILABLE}{/hddsDatanode}
2019-07-14 11:07:05,753 INFO  server.AbstractConnector (AbstractConnector.java:doStart(278)) - Started ServerConnector@d45acab{HTTP/1.1,[http/1.1]}{0.0.0.0:45218}
2019-07-14 11:07:05,757 INFO  server.Server (Server.java:doStart(419)) - Started @601627ms
2019-07-14 11:07:05,758 INFO  server.BaseHttpServer (BaseHttpServer.java:updateConnectorAddress(207)) - HTTP server of HDDSDATANODE is listening at http://0.0.0.0:45218
2019-07-14 11:07:05,900 INFO  ozone.HddsDatanodeService (HddsDatanodeService.java:startPlugins(396)) - Started plug-in org.apache.hadoop.ozone.web.OzoneHddsDatanodeService@49a46f29
2019-07-14 11:07:05,900 INFO  ozone.MiniOzoneClusterImpl (MiniOzoneClusterImpl.java:lambda$waitForClusterToBeReady$0(142)) - Waiting for cluster to be ready. Got 0 of 7 DN Heartbeats.
2019-07-14 11:07:05,904 INFO  util.JvmPauseMonitor (JvmPauseMonitor.java:run(188)) - Starting JVM pause monitor
2019-07-14 11:07:05,905 INFO  datanode.InitDatanodeState (InitDatanodeState.java:persistContainerDatanodeDetails(140)) - DatanodeDetails is persisted to /workdir/hadoop-ozone/integration-test/target/test-dir/MiniOzoneClusterImpl-d309a403-2708-41a1-968f-5ad9242863dc/datanode-6/meta/datanode.id
2019-07-14 11:07:06,626 INFO  ozoneimpl.OzoneContainer (OzoneContainer.java:start(186)) - Attempting to start container services.
2019-07-14 11:07:06,629 INFO  ozoneimpl.OzoneContainer (OzoneContainer.java:startContainerScrub(160)) - Background container scrubber has been disabled by hdds.containerscrub.enabled
2019-07-14 11:07:06,629 INFO  ratis.XceiverServerRatis (XceiverServerRatis.java:start(418)) - Starting XceiverServerRatis fce50fe2-5005-43f5-bbbf-02a7ac9174af at port 0
2019-07-14 11:07:06,639 INFO  impl.RaftServerProxy (RaftServerProxy.java:lambda$start$3(299)) - fce50fe2-5005-43f5-bbbf-02a7ac9174af: start RPC server
2019-07-14 11:07:06,647 INFO  server.GrpcService (GrpcService.java:startImpl(149)) - fce50fe2-5005-43f5-bbbf-02a7ac9174af: GrpcService started, listening on 0.0.0.0/0.0.0.0:43554
2019-07-14 11:07:06,647 INFO  ratis.XceiverServerRatis (XceiverServerRatis.java:start(428)) - XceiverServerRatis fce50fe2-5005-43f5-bbbf-02a7ac9174af is started using port 43554
2019-07-14 11:07:06,647 INFO  server.XceiverServerGrpc (XceiverServerGrpc.java:start(161)) - XceiverServerGrpc fce50fe2-5005-43f5-bbbf-02a7ac9174af is started using port 46165
2019-07-14 11:07:06,790 INFO  ozoneimpl.OzoneContainer (OzoneContainer.java:start(186)) - Attempting to start container services.
2019-07-14 11:07:06,793 INFO  ozoneimpl.OzoneContainer (OzoneContainer.java:startContainerScrub(160)) - Background container scrubber has been disabled by hdds.containerscrub.enabled
2019-07-14 11:07:06,793 INFO  ratis.XceiverServerRatis (XceiverServerRatis.java:start(418)) - Starting XceiverServerRatis 5ff2ba6e-18a8-427d-975b-3356abf5344d at port 0
2019-07-14 11:07:06,802 INFO  impl.RaftServerProxy (RaftServerProxy.java:lambda$start$3(299)) - 5ff2ba6e-18a8-427d-975b-3356abf5344d: start RPC server
2019-07-14 11:07:06,803 INFO  server.GrpcService (GrpcService.java:startImpl(149)) - 5ff2ba6e-18a8-427d-975b-3356abf5344d: GrpcService started, listening on 0.0.0.0/0.0.0.0:38696
2019-07-14 11:07:06,803 INFO  ratis.XceiverServerRatis (XceiverServerRatis.java:start(428)) - XceiverServerRatis 5ff2ba6e-18a8-427d-975b-3356abf5344d is started using port 38696
2019-07-14 11:07:06,805 INFO  server.XceiverServerGrpc (XceiverServerGrpc.java:start(161)) - XceiverServerGrpc 5ff2ba6e-18a8-427d-975b-3356abf5344d is started using port 40866
2019-07-14 11:07:06,903 INFO  ozone.MiniOzoneClusterImpl (MiniOzoneClusterImpl.java:lambda$waitForClusterToBeReady$0(142)) - Waiting for cluster to be ready. Got 0 of 7 DN Heartbeats.
2019-07-14 11:07:07,087 INFO  ozoneimpl.OzoneContainer (OzoneContainer.java:start(186)) - Attempting to start container services.
2019-07-14 11:07:07,093 INFO  ozoneimpl.OzoneContainer (OzoneContainer.java:startContainerScrub(160)) - Background container scrubber has been disabled by hdds.containerscrub.enabled
2019-07-14 11:07:07,093 INFO  ratis.XceiverServerRatis (XceiverServerRatis.java:start(418)) - Starting XceiverServerRatis fb8cf17b-1c9f-48a9-ad3d-5c62292e88c7 at port 0
2019-07-14 11:07:07,103 INFO  impl.RaftServerProxy (RaftServerProxy.java:lambda$start$3(299)) - fb8cf17b-1c9f-48a9-ad3d-5c62292e88c7: start RPC server
2019-07-14 11:07:07,105 INFO  server.GrpcService (GrpcService.java:startImpl(149)) - fb8cf17b-1c9f-48a9-ad3d-5c62292e88c7: GrpcService started, listening on 0.0.0.0/0.0.0.0:37228
2019-07-14 11:07:07,106 INFO  ratis.XceiverServerRatis (XceiverServerRatis.java:start(428)) - XceiverServerRatis fb8cf17b-1c9f-48a9-ad3d-5c62292e88c7 is started using port 37228
2019-07-14 11:07:07,106 INFO  server.XceiverServerGrpc (XceiverServerGrpc.java:start(161)) - XceiverServerGrpc fb8cf17b-1c9f-48a9-ad3d-5c62292e88c7 is started using port 33951
2019-07-14 11:07:07,250 INFO  ozoneimpl.OzoneContainer (OzoneContainer.java:start(186)) - Attempting to start container services.
2019-07-14 11:07:07,251 INFO  ozoneimpl.OzoneContainer (OzoneContainer.java:startContainerScrub(160)) - Background container scrubber has been disabled by hdds.containerscrub.enabled
2019-07-14 11:07:07,251 INFO  ratis.XceiverServerRatis (XceiverServerRatis.java:start(418)) - Starting XceiverServerRatis 83e63075-ee01-45f6-9ef0-abd1285db36c at port 0
2019-07-14 11:07:07,261 INFO  impl.RaftServerProxy (RaftServerProxy.java:lambda$start$3(299)) - 83e63075-ee01-45f6-9ef0-abd1285db36c: start RPC server
2019-07-14 11:07:07,261 INFO  server.GrpcService (GrpcService.java:startImpl(149)) - 83e63075-ee01-45f6-9ef0-abd1285db36c: GrpcService started, listening on 0.0.0.0/0.0.0.0:44696
2019-07-14 11:07:07,261 INFO  ratis.XceiverServerRatis (XceiverServerRatis.java:start(428)) - XceiverServerRatis 83e63075-ee01-45f6-9ef0-abd1285db36c is started using port 44696
2019-07-14 11:07:07,262 INFO  server.XceiverServerGrpc (XceiverServerGrpc.java:start(161)) - XceiverServerGrpc 83e63075-ee01-45f6-9ef0-abd1285db36c is started using port 38051
2019-07-14 11:07:07,431 INFO  ozoneimpl.OzoneContainer (OzoneContainer.java:start(186)) - Attempting to start container services.
2019-07-14 11:07:07,431 INFO  ozoneimpl.OzoneContainer (OzoneContainer.java:startContainerScrub(160)) - Background container scrubber has been disabled by hdds.containerscrub.enabled
2019-07-14 11:07:07,431 INFO  ratis.XceiverServerRatis (XceiverServerRatis.java:start(418)) - Starting XceiverServerRatis 4658b231-3b79-46f5-9d86-b35d04ea8c23 at port 0
2019-07-14 11:07:07,441 INFO  impl.RaftServerProxy (RaftServerProxy.java:lambda$start$3(299)) - 4658b231-3b79-46f5-9d86-b35d04ea8c23: start RPC server
2019-07-14 11:07:07,442 INFO  server.GrpcService (GrpcService.java:startImpl(149)) - 4658b231-3b79-46f5-9d86-b35d04ea8c23: GrpcService started, listening on 0.0.0.0/0.0.0.0:46559
2019-07-14 11:07:07,442 INFO  ratis.XceiverServerRatis (XceiverServerRatis.java:start(428)) - XceiverServerRatis 4658b231-3b79-46f5-9d86-b35d04ea8c23 is started using port 46559
2019-07-14 11:07:07,443 INFO  server.XceiverServerGrpc (XceiverServerGrpc.java:start(161)) - XceiverServerGrpc 4658b231-3b79-46f5-9d86-b35d04ea8c23 is started using port 39890
2019-07-14 11:07:07,663 INFO  ozoneimpl.OzoneContainer (OzoneContainer.java:start(186)) - Attempting to start container services.
2019-07-14 11:07:07,663 INFO  ozoneimpl.OzoneContainer (OzoneContainer.java:startContainerScrub(160)) - Background container scrubber has been disabled by hdds.containerscrub.enabled
2019-07-14 11:07:07,663 INFO  ratis.XceiverServerRatis (XceiverServerRatis.java:start(418)) - Starting XceiverServerRatis 4f7977ba-698f-43aa-85aa-fbb4d1ed62bc at port 0
2019-07-14 11:07:07,672 INFO  impl.RaftServerProxy (RaftServerProxy.java:lambda$start$3(299)) - 4f7977ba-698f-43aa-85aa-fbb4d1ed62bc: start RPC server
2019-07-14 11:07:07,673 INFO  server.GrpcService (GrpcService.java:startImpl(149)) - 4f7977ba-698f-43aa-85aa-fbb4d1ed62bc: GrpcService started, listening on 0.0.0.0/0.0.0.0:36404
2019-07-14 11:07:07,673 INFO  ratis.XceiverServerRatis (XceiverServerRatis.java:start(428)) - XceiverServerRatis 4f7977ba-698f-43aa-85aa-fbb4d1ed62bc is started using port 36404
2019-07-14 11:07:07,673 INFO  server.XceiverServerGrpc (XceiverServerGrpc.java:start(161)) - XceiverServerGrpc 4f7977ba-698f-43aa-85aa-fbb4d1ed62bc is started using port 33007
2019-07-14 11:07:07,903 INFO  ozone.MiniOzoneClusterImpl (MiniOzoneClusterImpl.java:lambda$waitForClusterToBeReady$0(142)) - Waiting for cluster to be ready. Got 0 of 7 DN Heartbeats.
2019-07-14 11:07:07,926 INFO  ozoneimpl.OzoneContainer (OzoneContainer.java:start(186)) - Attempting to start container services.
2019-07-14 11:07:07,927 INFO  ozoneimpl.OzoneContainer (OzoneContainer.java:startContainerScrub(160)) - Background container scrubber has been disabled by hdds.containerscrub.enabled
2019-07-14 11:07:07,927 INFO  ratis.XceiverServerRatis (XceiverServerRatis.java:start(418)) - Starting XceiverServerRatis ae6d04e4-4e3e-4a9f-9012-ff5b8df3a9ba at port 0
2019-07-14 11:07:07,937 INFO  impl.RaftServerProxy (RaftServerProxy.java:lambda$start$3(299)) - ae6d04e4-4e3e-4a9f-9012-ff5b8df3a9ba: start RPC server
2019-07-14 11:07:07,940 INFO  server.GrpcService (GrpcService.java:startImpl(149)) - ae6d04e4-4e3e-4a9f-9012-ff5b8df3a9ba: GrpcService started, listening on 0.0.0.0/0.0.0.0:34388
2019-07-14 11:07:07,940 INFO  ratis.XceiverServerRatis (XceiverServerRatis.java:start(428)) - XceiverServerRatis ae6d04e4-4e3e-4a9f-9012-ff5b8df3a9ba is started using port 34388
2019-07-14 11:07:07,941 INFO  server.XceiverServerGrpc (XceiverServerGrpc.java:start(161)) - XceiverServerGrpc ae6d04e4-4e3e-4a9f-9012-ff5b8df3a9ba is started using port 38516
2019-07-14 11:07:08,610 INFO  net.NetworkTopology (NetworkTopologyImpl.java:add(110)) - Added a new node: /default-rack/192.168.157.209
2019-07-14 11:07:08,613 INFO  node.SCMNodeManager (SCMNodeManager.java:register(269)) - Registered Data node : fce50fe2-5005-43f5-bbbf-02a7ac9174af{ip: 192.168.157.209, host: trunk-nightly-fxmrv-2540794721, networkLocation: /default-rack, certSerialId: null}
2019-07-14 11:07:08,614 INFO  safemode.SCMSafeModeManager (DataNodeSafeModeRule.java:process(71)) - SCM in safe mode. 1 DataNodes registered, 1 required.
2019-07-14 11:07:08,617 INFO  safemode.SCMSafeModeManager (SCMSafeModeManager.java:validateSafeModeExitRules(177)) - ScmSafeModeManager, all rules are successfully validated
2019-07-14 11:07:08,617 INFO  safemode.SCMSafeModeManager (SCMSafeModeManager.java:exitSafeMode(193)) - SCM exiting safe mode.
2019-07-14 11:07:08,640 INFO  impl.RaftServerProxy (RaftServerProxy.java:addNew(89)) - fce50fe2-5005-43f5-bbbf-02a7ac9174af: addNew group-0FF7270C0372:[fce50fe2-5005-43f5-bbbf-02a7ac9174af:192.168.157.209:43554] returns group-0FF7270C0372:java.util.concurrent.CompletableFuture@29f7d921[Not completed]
2019-07-14 11:07:08,641 INFO  impl.RaftServerImpl (RaftServerImpl.java:<init>(93)) - fce50fe2-5005-43f5-bbbf-02a7ac9174af: new RaftServerImpl for group-0FF7270C0372:[fce50fe2-5005-43f5-bbbf-02a7ac9174af:192.168.157.209:43554] with ContainerStateMachine:uninitialized
2019-07-14 11:07:08,641 INFO  server.RaftServerConfigKeys (ConfUtils.java:logGet(43)) - raft.server.rpc.timeout.min = 5s (custom)
2019-07-14 11:07:08,642 INFO  server.RaftServerConfigKeys (ConfUtils.java:logGet(43)) - raft.server.rpc.timeout.max = 5200ms (custom)
2019-07-14 11:07:08,642 INFO  server.RaftServerConfigKeys (ConfUtils.java:logGet(43)) - raft.server.rpcslowness.timeout = 120s (custom)
2019-07-14 11:07:08,642 INFO  server.RaftServerConfigKeys (ConfUtils.java:logGet(43)) - raft.server.sleep.deviation.threshold = 300 (default)
2019-07-14 11:07:08,642 INFO  server.RaftServerConfigKeys (ConfUtils.java:logGet(43)) - raft.server.log.appender.install.snapshot.enabled = false (custom)
2019-07-14 11:07:08,642 INFO  impl.RaftServerImpl (ServerState.java:<init>(105)) - fce50fe2-5005-43f5-bbbf-02a7ac9174af:group-0FF7270C0372 ConfigurationManager, init=-1: [fce50fe2-5005-43f5-bbbf-02a7ac9174af:192.168.157.209:43554], old=null, confs=<EMPTY_MAP>
2019-07-14 11:07:08,642 INFO  server.RaftServerConfigKeys (ConfUtils.java:logGet(43)) - raft.server.storage.dir = [/workdir/hadoop-ozone/integration-test/target/test-dir/MiniOzoneClusterImpl-d309a403-2708-41a1-968f-5ad9242863dc/datanode-0/data/ratis] (custom)
2019-07-14 11:07:08,643 INFO  storage.RaftStorageDirectory (RaftStorageDirectory.java:analyzeStorage(246)) - The storage directory /workdir/hadoop-ozone/integration-test/target/test-dir/MiniOzoneClusterImpl-d309a403-2708-41a1-968f-5ad9242863dc/datanode-0/data/ratis/c48a8112-1c61-4f4b-96c9-0ff7270c0372 does not exist. Creating ...
2019-07-14 11:07:08,656 INFO  storage.RaftStorageDirectory (RaftStorageDirectory.java:tryLock(328)) - Lock on /workdir/hadoop-ozone/integration-test/target/test-dir/MiniOzoneClusterImpl-d309a403-2708-41a1-968f-5ad9242863dc/datanode-0/data/ratis/c48a8112-1c61-4f4b-96c9-0ff7270c0372/in_use.lock acquired by nodename 22243@trunk-nightly-fxmrv-2540794721
2019-07-14 11:07:08,669 INFO  storage.RaftStorage (RaftStorage.java:format(72)) - Storage directory /workdir/hadoop-ozone/integration-test/target/test-dir/MiniOzoneClusterImpl-d309a403-2708-41a1-968f-5ad9242863dc/datanode-0/data/ratis/c48a8112-1c61-4f4b-96c9-0ff7270c0372 has been successfully formatted.
2019-07-14 11:07:08,670 INFO  ratis.ContainerStateMachine (ContainerStateMachine.java:loadSnapshot(200)) - group-0FF7270C0372: The snapshot info is null. Setting the last applied indexto:(t:0, i:~)
2019-07-14 11:07:08,670 INFO  server.RaftServerConfigKeys (ConfUtils.java:logGet(43)) - raft.server.leader.election.timeout = 120s (custom)
2019-07-14 11:07:08,670 INFO  server.RaftServerConfigKeys (ConfUtils.java:logGet(43)) - raft.server.log.use.memory = false (default)
2019-07-14 11:07:08,671 INFO  server.RaftServerConfigKeys (ConfUtils.java:logGet(43)) - raft.server.log.purge.gap = 1000000000 (custom)
2019-07-14 11:07:08,671 INFO  server.RaftServerConfigKeys (ConfUtils.java:logGet(43)) - raft.server.log.appender.buffer.byte-limit = 33554432 (custom)
2019-07-14 11:07:08,672 INFO  server.RaftServerConfigKeys (ConfUtils.java:logGet(43)) - raft.server.log.segment.size.max = 1048576 (custom)
2019-07-14 11:07:08,672 INFO  server.RaftServerConfigKeys (ConfUtils.java:logGet(43)) - raft.server.log.segment.cache.num.max = 2 (custom)
2019-07-14 11:07:08,672 INFO  segmented.SegmentedRaftLogWorker (SegmentedRaftLogWorker.java:<init>(172)) - new fce50fe2-5005-43f5-bbbf-02a7ac9174af-SegmentedRaftLogWorker:Storage Directory /workdir/hadoop-ozone/integration-test/target/test-dir/MiniOzoneClusterImpl-d309a403-2708-41a1-968f-5ad9242863dc/datanode-0/data/ratis/c48a8112-1c61-4f4b-96c9-0ff7270c0372 for RaftStorage:Storage Directory /workdir/hadoop-ozone/integration-test/target/test-dir/MiniOzoneClusterImpl-d309a403-2708-41a1-968f-5ad9242863dc/datanode-0/data/ratis/c48a8112-1c61-4f4b-96c9-0ff7270c0372
2019-07-14 11:07:08,673 INFO  server.RaftServerConfigKeys (ConfUtils.java:logGet(43)) - raft.server.log.queue.byte-limit = 2147483647 (custom)
2019-07-14 11:07:08,673 INFO  server.RaftServerConfigKeys (ConfUtils.java:logGet(43)) - raft.server.log.queue.element-limit = 1024 (custom)
2019-07-14 11:07:08,673 INFO  server.RaftServerConfigKeys (ConfUtils.java:logGet(43)) - raft.server.log.segment.size.max = 1048576 (custom)
2019-07-14 11:07:08,674 INFO  server.RaftServerConfigKeys (ConfUtils.java:logGet(43)) - raft.server.log.preallocated.size = 16384 (custom)
2019-07-14 11:07:08,674 INFO  server.RaftServerConfigKeys (ConfUtils.java:logGet(43)) - raft.server.log.write.buffer.size = 33554432 (custom)
2019-07-14 11:07:08,674 INFO  server.RaftServerConfigKeys (ConfUtils.java:logGet(43)) - raft.server.log.force.sync.num = 128 (default)
2019-07-14 11:07:08,674 INFO  server.RaftServerConfigKeys (ConfUtils.java:logGet(43)) - raft.server.log.statemachine.data.sync = true (default)
2019-07-14 11:07:08,674 INFO  server.RaftServerConfigKeys (ConfUtils.java:logGet(43)) - raft.server.log.statemachine.data.sync.timeout = 10s (default)
2019-07-14 11:07:08,674 INFO  server.RaftServerConfigKeys (ConfUtils.java:logGet(43)) - raft.server.log.statemachine.data.sync.timeout.retry = -1 (default)
2019-07-14 11:07:08,675 INFO  server.RaftServerConfigKeys (ConfUtils.java:logGet(43)) - raft.server.log.statemachine.data.caching.enabled = true (custom)
2019-07-14 11:07:08,675 INFO  segmented.SegmentedRaftLogWorker (SegmentedRaftLogWorker.java:lambda$new$0(132)) - fce50fe2-5005-43f5-bbbf-02a7ac9174af-SegmentedRaftLogWorker:Storage Directory /workdir/hadoop-ozone/integration-test/target/test-dir/MiniOzoneClusterImpl-d309a403-2708-41a1-968f-5ad9242863dc/datanode-0/data/ratis/c48a8112-1c61-4f4b-96c9-0ff7270c0372: flushIndex: setUnconditionally 0 -> -1
2019-07-14 11:07:08,676 INFO  server.RaftServerConfigKeys (ConfUtils.java:logGet(43)) - raft.server.snapshot.auto.trigger.enabled = true (custom)
2019-07-14 11:07:08,676 INFO  server.RaftServerConfigKeys (ConfUtils.java:logGet(43)) - raft.server.snapshot.auto.trigger.threshold = 10000 (custom)
2019-07-14 11:07:08,676 INFO  server.RaftServerConfigKeys (ConfUtils.java:logGet(43)) - raft.server.retrycache.expirytime = 600000ms (custom)
2019-07-14 11:07:08,677 INFO  impl.RaftServerImpl (RaftServerImpl.java:start(180)) - fce50fe2-5005-43f5-bbbf-02a7ac9174af: start group-0FF7270C0372
2019-07-14 11:07:08,677 INFO  impl.RaftServerImpl (RaftServerImpl.java:setRole(171)) - fce50fe2-5005-43f5-bbbf-02a7ac9174af:group-0FF7270C0372 changes role from null to FOLLOWER at term 0 for startAsFollower
2019-07-14 11:07:08,677 INFO  impl.RoleInfo (RoleInfo.java:updateAndGet(143)) - fce50fe2-5005-43f5-bbbf-02a7ac9174af: start FollowerState
2019-07-14 11:07:08,678 INFO  util.JmxRegister (JmxRegister.java:tryRegister(44)) - Successfully registered JMX Bean with object name Ratis:service=RaftServer,group=group-0FF7270C0372,id=fce50fe2-5005-43f5-bbbf-02a7ac9174af
2019-07-14 11:07:08,681 INFO  pipeline.PipelineStateManager (PipelineStateManager.java:addPipeline(56)) - Created pipeline Pipeline[ Id: c48a8112-1c61-4f4b-96c9-0ff7270c0372, Nodes: fce50fe2-5005-43f5-bbbf-02a7ac9174af{ip: 192.168.157.209, host: trunk-nightly-fxmrv-2540794721, networkLocation: /default-rack, certSerialId: null}, Type:RATIS, Factor:ONE, State:OPEN]
2019-07-14 11:07:08,767 INFO  node.SCMNodeManager (SCMNodeManager.java:register(269)) - Registered Data node : 5ff2ba6e-18a8-427d-975b-3356abf5344d{ip: 192.168.157.209, host: trunk-nightly-fxmrv-2540794721, networkLocation: /default-rack, certSerialId: null}
2019-07-14 11:07:08,775 INFO  impl.RaftServerProxy (RaftServerProxy.java:addNew(89)) - 5ff2ba6e-18a8-427d-975b-3356abf5344d: addNew group-765EDC54DB85:[5ff2ba6e-18a8-427d-975b-3356abf5344d:192.168.157.209:38696] returns group-765EDC54DB85:java.util.concurrent.CompletableFuture@62a58f8e[Not completed]
2019-07-14 11:07:08,777 INFO  impl.RaftServerImpl (RaftServerImpl.java:<init>(93)) - 5ff2ba6e-18a8-427d-975b-3356abf5344d: new RaftServerImpl for group-765EDC54DB85:[5ff2ba6e-18a8-427d-975b-3356abf5344d:192.168.157.209:38696] with ContainerStateMachine:uninitialized
2019-07-14 11:07:08,777 INFO  server.RaftServerConfigKeys (ConfUtils.java:logGet(43)) - raft.server.rpc.timeout.min = 5s (custom)
2019-07-14 11:07:08,777 INFO  server.RaftServerConfigKeys (ConfUtils.java:logGet(43)) - raft.server.rpc.timeout.max = 5200ms (custom)
2019-07-14 11:07:08,778 INFO  server.RaftServerConfigKeys (ConfUtils.java:logGet(43)) - raft.server.rpcslowness.timeout = 120s (custom)
2019-07-14 11:07:08,778 INFO  server.RaftServerConfigKeys (ConfUtils.java:logGet(43)) - raft.server.sleep.deviation.threshold = 300 (default)
2019-07-14 11:07:08,778 INFO  server.RaftServerConfigKeys (ConfUtils.java:logGet(43)) - raft.server.log.appender.install.snapshot.enabled = false (custom)
2019-07-14 11:07:08,778 INFO  impl.RaftServerImpl (ServerState.java:<init>(105)) - 5ff2ba6e-18a8-427d-975b-3356abf5344d:group-765EDC54DB85 ConfigurationManager, init=-1: [5ff2ba6e-18a8-427d-975b-3356abf5344d:192.168.157.209:38696], old=null, confs=<EMPTY_MAP>
2019-07-14 11:07:08,778 INFO  server.RaftServerConfigKeys (ConfUtils.java:logGet(43)) - raft.server.storage.dir = [/workdir/hadoop-ozone/integration-test/target/test-dir/MiniOzoneClusterImpl-d309a403-2708-41a1-968f-5ad9242863dc/datanode-1/data/ratis] (custom)
2019-07-14 11:07:08,779 INFO  storage.RaftStorageDirectory (RaftStorageDirectory.java:analyzeStorage(246)) - The storage directory /workdir/hadoop-ozone/integration-test/target/test-dir/MiniOzoneClusterImpl-d309a403-2708-41a1-968f-5ad9242863dc/datanode-1/data/ratis/9f511055-77fb-42a0-a0a4-765edc54db85 does not exist. Creating ...
2019-07-14 11:07:08,791 INFO  storage.RaftStorageDirectory (RaftStorageDirectory.java:tryLock(328)) - Lock on /workdir/hadoop-ozone/integration-test/target/test-dir/MiniOzoneClusterImpl-d309a403-2708-41a1-968f-5ad9242863dc/datanode-1/data/ratis/9f511055-77fb-42a0-a0a4-765edc54db85/in_use.lock acquired by nodename 22243@trunk-nightly-fxmrv-2540794721
2019-07-14 11:07:08,804 INFO  storage.RaftStorage (RaftStorage.java:format(72)) - Storage directory /workdir/hadoop-ozone/integration-test/target/test-dir/MiniOzoneClusterImpl-d309a403-2708-41a1-968f-5ad9242863dc/datanode-1/data/ratis/9f511055-77fb-42a0-a0a4-765edc54db85 has been successfully formatted.
2019-07-14 11:07:08,805 INFO  ratis.ContainerStateMachine (ContainerStateMachine.java:loadSnapshot(200)) - group-765EDC54DB85: The snapshot info is null. Setting the last applied indexto:(t:0, i:~)
2019-07-14 11:07:08,805 INFO  server.RaftServerConfigKeys (ConfUtils.java:logGet(43)) - raft.server.leader.election.timeout = 120s (custom)
2019-07-14 11:07:08,805 INFO  server.RaftServerConfigKeys (ConfUtils.java:logGet(43)) - raft.server.log.use.memory = false (default)
2019-07-14 11:07:08,805 INFO  server.RaftServerConfigKeys (ConfUtils.java:logGet(43)) - raft.server.log.purge.gap = 1000000000 (custom)
2019-07-14 11:07:08,805 INFO  server.RaftServerConfigKeys (ConfUtils.java:logGet(43)) - raft.server.log.appender.buffer.byte-limit = 33554432 (custom)
2019-07-14 11:07:08,805 INFO  server.RaftServerConfigKeys (ConfUtils.java:logGet(43)) - raft.server.log.segment.size.max = 1048576 (custom)
2019-07-14 11:07:08,806 INFO  server.RaftServerConfigKeys (ConfUtils.java:logGet(43)) - raft.server.log.segment.cache.num.max = 2 (custom)
2019-07-14 11:07:08,806 INFO  segmented.SegmentedRaftLogWorker (SegmentedRaftLogWorker.java:<init>(172)) - new 5ff2ba6e-18a8-427d-975b-3356abf5344d-SegmentedRaftLogWorker:Storage Directory /workdir/hadoop-ozone/integration-test/target/test-dir/MiniOzoneClusterImpl-d309a403-2708-41a1-968f-5ad9242863dc/datanode-1/data/ratis/9f511055-77fb-42a0-a0a4-765edc54db85 for RaftStorage:Storage Directory /workdir/hadoop-ozone/integration-test/target/test-dir/MiniOzoneClusterImpl-d309a403-2708-41a1-968f-5ad9242863dc/datanode-1/data/ratis/9f511055-77fb-42a0-a0a4-765edc54db85
2019-07-14 11:07:08,806 INFO  server.RaftServerConfigKeys (ConfUtils.java:logGet(43)) - raft.server.log.queue.byte-limit = 2147483647 (custom)
2019-07-14 11:07:08,806 INFO  server.RaftServerConfigKeys (ConfUtils.java:logGet(43)) - raft.server.log.queue.element-limit = 1024 (custom)
2019-07-14 11:07:08,806 INFO  server.RaftServerConfigKeys (ConfUtils.java:logGet(43)) - raft.server.log.segment.size.max = 1048576 (custom)
2019-07-14 11:07:08,807 INFO  server.RaftServerConfigKeys (ConfUtils.java:logGet(43)) - raft.server.log.preallocated.size = 16384 (custom)
2019-07-14 11:07:08,807 INFO  server.RaftServerConfigKeys (ConfUtils.java:logGet(43)) - raft.server.log.write.buffer.size = 33554432 (custom)
2019-07-14 11:07:08,807 INFO  server.RaftServerConfigKeys (ConfUtils.java:logGet(43)) - raft.server.log.force.sync.num = 128 (default)
2019-07-14 11:07:08,807 INFO  server.RaftServerConfigKeys (ConfUtils.java:logGet(43)) - raft.server.log.statemachine.data.sync = true (default)
2019-07-14 11:07:08,807 INFO  server.RaftServerConfigKeys (ConfUtils.java:logGet(43)) - raft.server.log.statemachine.data.sync.timeout = 10s (default)
2019-07-14 11:07:08,807 INFO  server.RaftServerConfigKeys (ConfUtils.java:logGet(43)) - raft.server.log.statemachine.data.sync.timeout.retry = -1 (default)
2019-07-14 11:07:08,808 INFO  server.RaftServerConfigKeys (ConfUtils.java:logGet(43)) - raft.server.log.statemachine.data.caching.enabled = true (custom)
2019-07-14 11:07:08,808 INFO  segmented.SegmentedRaftLogWorker (SegmentedRaftLogWorker.java:lambda$new$0(132)) - 5ff2ba6e-18a8-427d-975b-3356abf5344d-SegmentedRaftLogWorker:Storage Directory /workdir/hadoop-ozone/integration-test/target/test-dir/MiniOzoneClusterImpl-d309a403-2708-41a1-968f-5ad9242863dc/datanode-1/data/ratis/9f511055-77fb-42a0-a0a4-765edc54db85: flushIndex: setUnconditionally 0 -> -1
2019-07-14 11:07:08,808 INFO  server.RaftServerConfigKeys (ConfUtils.java:logGet(43)) - raft.server.snapshot.auto.trigger.enabled = true (custom)
2019-07-14 11:07:08,809 INFO  server.RaftServerConfigKeys (ConfUtils.java:logGet(43)) - raft.server.snapshot.auto.trigger.threshold = 10000 (custom)
2019-07-14 11:07:08,809 INFO  server.RaftServerConfigKeys (ConfUtils.java:logGet(43)) - raft.server.retrycache.expirytime = 600000ms (custom)
2019-07-14 11:07:08,809 INFO  impl.RaftServerImpl (RaftServerImpl.java:start(180)) - 5ff2ba6e-18a8-427d-975b-3356abf5344d: start group-765EDC54DB85
2019-07-14 11:07:08,809 INFO  impl.RaftServerImpl (RaftServerImpl.java:setRole(171)) - 5ff2ba6e-18a8-427d-975b-3356abf5344d:group-765EDC54DB85 changes role from null to FOLLOWER at term 0 for startAsFollower
2019-07-14 11:07:08,809 INFO  impl.RoleInfo (RoleInfo.java:updateAndGet(143)) - 5ff2ba6e-18a8-427d-975b-3356abf5344d: start FollowerState
2019-07-14 11:07:08,810 INFO  util.JmxRegister (JmxRegister.java:tryRegister(44)) - Successfully registered JMX Bean with object name Ratis:service=RaftServer,group=group-765EDC54DB85,id=5ff2ba6e-18a8-427d-975b-3356abf5344d
2019-07-14 11:07:08,812 INFO  pipeline.PipelineStateManager (PipelineStateManager.java:addPipeline(56)) - Created pipeline Pipeline[ Id: 9f511055-77fb-42a0-a0a4-765edc54db85, Nodes: 5ff2ba6e-18a8-427d-975b-3356abf5344d{ip: 192.168.157.209, host: trunk-nightly-fxmrv-2540794721, networkLocation: /default-rack, certSerialId: null}, Type:RATIS, Factor:ONE, State:OPEN]
2019-07-14 11:07:08,904 INFO  ozone.MiniOzoneClusterImpl (MiniOzoneClusterImpl.java:lambda$waitForClusterToBeReady$0(142)) - Waiting for cluster to be ready. Got 2 of 7 DN Heartbeats.
2019-07-14 11:07:09,076 INFO  node.SCMNodeManager (SCMNodeManager.java:register(269)) - Registered Data node : fb8cf17b-1c9f-48a9-ad3d-5c62292e88c7{ip: 192.168.157.209, host: trunk-nightly-fxmrv-2540794721, networkLocation: /default-rack, certSerialId: null}
2019-07-14 11:07:09,085 INFO  impl.RaftServerProxy (RaftServerProxy.java:addNew(89)) - fb8cf17b-1c9f-48a9-ad3d-5c62292e88c7: addNew group-EE5922068A58:[fb8cf17b-1c9f-48a9-ad3d-5c62292e88c7:192.168.157.209:37228] returns group-EE5922068A58:java.util.concurrent.CompletableFuture@432d66e7[Not completed]
2019-07-14 11:07:09,086 INFO  impl.RaftServerImpl (RaftServerImpl.java:<init>(93)) - fb8cf17b-1c9f-48a9-ad3d-5c62292e88c7: new RaftServerImpl for group-EE5922068A58:[fb8cf17b-1c9f-48a9-ad3d-5c62292e88c7:192.168.157.209:37228] with ContainerStateMachine:uninitialized
2019-07-14 11:07:09,086 INFO  server.RaftServerConfigKeys (ConfUtils.java:logGet(43)) - raft.server.rpc.timeout.min = 5s (custom)
2019-07-14 11:07:09,086 INFO  server.RaftServerConfigKeys (ConfUtils.java:logGet(43)) - raft.server.rpc.timeout.max = 5200ms (custom)
2019-07-14 11:07:09,086 INFO  server.RaftServerConfigKeys (ConfUtils.java:logGet(43)) - raft.server.rpcslowness.timeout = 120s (custom)
2019-07-14 11:07:09,086 INFO  server.RaftServerConfigKeys (ConfUtils.java:logGet(43)) - raft.server.sleep.deviation.threshold = 300 (default)
2019-07-14 11:07:09,086 INFO  server.RaftServerConfigKeys (ConfUtils.java:logGet(43)) - raft.server.log.appender.install.snapshot.enabled = false (custom)
2019-07-14 11:07:09,087 INFO  impl.RaftServerImpl (ServerState.java:<init>(105)) - fb8cf17b-1c9f-48a9-ad3d-5c62292e88c7:group-EE5922068A58 ConfigurationManager, init=-1: [fb8cf17b-1c9f-48a9-ad3d-5c62292e88c7:192.168.157.209:37228], old=null, confs=<EMPTY_MAP>
2019-07-14 11:07:09,087 INFO  server.RaftServerConfigKeys (ConfUtils.java:logGet(43)) - raft.server.storage.dir = [/workdir/hadoop-ozone/integration-test/target/test-dir/MiniOzoneClusterImpl-d309a403-2708-41a1-968f-5ad9242863dc/datanode-2/data/ratis] (custom)
2019-07-14 11:07:09,087 INFO  storage.RaftStorageDirectory (RaftStorageDirectory.java:analyzeStorage(246)) - The storage directory /workdir/hadoop-ozone/integration-test/target/test-dir/MiniOzoneClusterImpl-d309a403-2708-41a1-968f-5ad9242863dc/datanode-2/data/ratis/aceee9bf-487a-4cac-9e83-ee5922068a58 does not exist. Creating ...
2019-07-14 11:07:09,100 INFO  storage.RaftStorageDirectory (RaftStorageDirectory.java:tryLock(328)) - Lock on /workdir/hadoop-ozone/integration-test/target/test-dir/MiniOzoneClusterImpl-d309a403-2708-41a1-968f-5ad9242863dc/datanode-2/data/ratis/aceee9bf-487a-4cac-9e83-ee5922068a58/in_use.lock acquired by nodename 22243@trunk-nightly-fxmrv-2540794721
2019-07-14 11:07:09,113 INFO  storage.RaftStorage (RaftStorage.java:format(72)) - Storage directory /workdir/hadoop-ozone/integration-test/target/test-dir/MiniOzoneClusterImpl-d309a403-2708-41a1-968f-5ad9242863dc/datanode-2/data/ratis/aceee9bf-487a-4cac-9e83-ee5922068a58 has been successfully formatted.
2019-07-14 11:07:09,114 INFO  ratis.ContainerStateMachine (ContainerStateMachine.java:loadSnapshot(200)) - group-EE5922068A58: The snapshot info is null. Setting the last applied indexto:(t:0, i:~)
2019-07-14 11:07:09,114 INFO  server.RaftServerConfigKeys (ConfUtils.java:logGet(43)) - raft.server.leader.election.timeout = 120s (custom)
2019-07-14 11:07:09,114 INFO  server.RaftServerConfigKeys (ConfUtils.java:logGet(43)) - raft.server.log.use.memory = false (default)
2019-07-14 11:07:09,114 INFO  server.RaftServerConfigKeys (ConfUtils.java:logGet(43)) - raft.server.log.purge.gap = 1000000000 (custom)
2019-07-14 11:07:09,114 INFO  server.RaftServerConfigKeys (ConfUtils.java:logGet(43)) - raft.server.log.appender.buffer.byte-limit = 33554432 (custom)
2019-07-14 11:07:09,114 INFO  server.RaftServerConfigKeys (ConfUtils.java:logGet(43)) - raft.server.log.segment.size.max = 1048576 (custom)
2019-07-14 11:07:09,115 INFO  server.RaftServerConfigKeys (ConfUtils.java:logGet(43)) - raft.server.log.segment.cache.num.max = 2 (custom)
2019-07-14 11:07:09,115 INFO  segmented.SegmentedRaftLogWorker (SegmentedRaftLogWorker.java:<init>(172)) - new fb8cf17b-1c9f-48a9-ad3d-5c62292e88c7-SegmentedRaftLogWorker:Storage Directory /workdir/hadoop-ozone/integration-test/target/test-dir/MiniOzoneClusterImpl-d309a403-2708-41a1-968f-5ad9242863dc/datanode-2/data/ratis/aceee9bf-487a-4cac-9e83-ee5922068a58 for RaftStorage:Storage Directory /workdir/hadoop-ozone/integration-test/target/test-dir/MiniOzoneClusterImpl-d309a403-2708-41a1-968f-5ad9242863dc/datanode-2/data/ratis/aceee9bf-487a-4cac-9e83-ee5922068a58
2019-07-14 11:07:09,115 INFO  server.RaftServerConfigKeys (ConfUtils.java:logGet(43)) - raft.server.log.queue.byte-limit = 2147483647 (custom)
2019-07-14 11:07:09,115 INFO  server.RaftServerConfigKeys (ConfUtils.java:logGet(43)) - raft.server.log.queue.element-limit = 1024 (custom)
2019-07-14 11:07:09,115 INFO  server.RaftServerConfigKeys (ConfUtils.java:logGet(43)) - raft.server.log.segment.size.max = 1048576 (custom)
2019-07-14 11:07:09,115 INFO  server.RaftServerConfigKeys (ConfUtils.java:logGet(43)) - raft.server.log.preallocated.size = 16384 (custom)
2019-07-14 11:07:09,116 INFO  server.RaftServerConfigKeys (ConfUtils.java:logGet(43)) - raft.server.log.write.buffer.size = 33554432 (custom)
2019-07-14 11:07:09,116 INFO  server.RaftServerConfigKeys (ConfUtils.java:logGet(43)) - raft.server.log.force.sync.num = 128 (default)
2019-07-14 11:07:09,116 INFO  server.RaftServerConfigKeys (ConfUtils.java:logGet(43)) - raft.server.log.statemachine.data.sync = true (default)
2019-07-14 11:07:09,116 INFO  server.RaftServerConfigKeys (ConfUtils.java:logGet(43)) - raft.server.log.statemachine.data.sync.timeout = 10s (default)
2019-07-14 11:07:09,116 INFO  server.RaftServerConfigKeys (ConfUtils.java:logGet(43)) - raft.server.log.statemachine.data.sync.timeout.retry = -1 (default)
2019-07-14 11:07:09,117 INFO  server.RaftServerConfigKeys (ConfUtils.java:logGet(43)) - raft.server.log.statemachine.data.caching.enabled = true (custom)
2019-07-14 11:07:09,117 INFO  segmented.SegmentedRaftLogWorker (SegmentedRaftLogWorker.java:lambda$new$0(132)) - fb8cf17b-1c9f-48a9-ad3d-5c62292e88c7-SegmentedRaftLogWorker:Storage Directory /workdir/hadoop-ozone/integration-test/target/test-dir/MiniOzoneClusterImpl-d309a403-2708-41a1-968f-5ad9242863dc/datanode-2/data/ratis/aceee9bf-487a-4cac-9e83-ee5922068a58: flushIndex: setUnconditionally 0 -> -1
2019-07-14 11:07:09,117 INFO  server.RaftServerConfigKeys (ConfUtils.java:logGet(43)) - raft.server.snapshot.auto.trigger.enabled = true (custom)
2019-07-14 11:07:09,117 INFO  server.RaftServerConfigKeys (ConfUtils.java:logGet(43)) - raft.server.snapshot.auto.trigger.threshold = 10000 (custom)
2019-07-14 11:07:09,117 INFO  server.RaftServerConfigKeys (ConfUtils.java:logGet(43)) - raft.server.retrycache.expirytime = 600000ms (custom)
2019-07-14 11:07:09,118 INFO  impl.RaftServerImpl (RaftServerImpl.java:start(180)) - fb8cf17b-1c9f-48a9-ad3d-5c62292e88c7: start group-EE5922068A58
2019-07-14 11:07:09,118 INFO  impl.RaftServerImpl (RaftServerImpl.java:setRole(171)) - fb8cf17b-1c9f-48a9-ad3d-5c62292e88c7:group-EE5922068A58 changes role from null to FOLLOWER at term 0 for startAsFollower
2019-07-14 11:07:09,118 INFO  impl.RoleInfo (RoleInfo.java:updateAndGet(143)) - fb8cf17b-1c9f-48a9-ad3d-5c62292e88c7: start FollowerState
2019-07-14 11:07:09,118 INFO  util.JmxRegister (JmxRegister.java:tryRegister(44)) - Successfully registered JMX Bean with object name Ratis:service=RaftServer,group=group-EE5922068A58,id=fb8cf17b-1c9f-48a9-ad3d-5c62292e88c7
2019-07-14 11:07:09,121 INFO  pipeline.PipelineStateManager (PipelineStateManager.java:addPipeline(56)) - Created pipeline Pipeline[ Id: aceee9bf-487a-4cac-9e83-ee5922068a58, Nodes: fb8cf17b-1c9f-48a9-ad3d-5c62292e88c7{ip: 192.168.157.209, host: trunk-nightly-fxmrv-2540794721, networkLocation: /default-rack, certSerialId: null}, Type:RATIS, Factor:ONE, State:OPEN]
2019-07-14 11:07:09,135 INFO  impl.RaftServerProxy (RaftServerProxy.java:addNew(89)) - fb8cf17b-1c9f-48a9-ad3d-5c62292e88c7: addNew group-F9E8E5AC3E71:[5ff2ba6e-18a8-427d-975b-3356abf5344d:192.168.157.209:38696, fce50fe2-5005-43f5-bbbf-02a7ac9174af:192.168.157.209:43554, fb8cf17b-1c9f-48a9-ad3d-5c62292e88c7:192.168.157.209:37228] returns group-F9E8E5AC3E71:java.util.concurrent.CompletableFuture@21c2b589[Not completed]
2019-07-14 11:07:09,135 INFO  impl.RaftServerProxy (RaftServerProxy.java:addNew(89)) - 5ff2ba6e-18a8-427d-975b-3356abf5344d: addNew group-F9E8E5AC3E71:[5ff2ba6e-18a8-427d-975b-3356abf5344d:192.168.157.209:38696, fce50fe2-5005-43f5-bbbf-02a7ac9174af:192.168.157.209:43554, fb8cf17b-1c9f-48a9-ad3d-5c62292e88c7:192.168.157.209:37228] returns group-F9E8E5AC3E71:java.util.concurrent.CompletableFuture@14e57493[Not completed]
2019-07-14 11:07:09,135 INFO  impl.RaftServerImpl (RaftServerImpl.java:<init>(93)) - fb8cf17b-1c9f-48a9-ad3d-5c62292e88c7: new RaftServerImpl for group-F9E8E5AC3E71:[5ff2ba6e-18a8-427d-975b-3356abf5344d:192.168.157.209:38696, fce50fe2-5005-43f5-bbbf-02a7ac9174af:192.168.157.209:43554, fb8cf17b-1c9f-48a9-ad3d-5c62292e88c7:192.168.157.209:37228] with ContainerStateMachine:uninitialized
2019-07-14 11:07:09,136 INFO  server.RaftServerConfigKeys (ConfUtils.java:logGet(43)) - raft.server.rpc.timeout.min = 5s (custom)
2019-07-14 11:07:09,135 INFO  impl.RaftServerProxy (RaftServerProxy.java:addNew(89)) - fce50fe2-5005-43f5-bbbf-02a7ac9174af: addNew group-F9E8E5AC3E71:[5ff2ba6e-18a8-427d-975b-3356abf5344d:192.168.157.209:38696, fce50fe2-5005-43f5-bbbf-02a7ac9174af:192.168.157.209:43554, fb8cf17b-1c9f-48a9-ad3d-5c62292e88c7:192.168.157.209:37228] returns group-F9E8E5AC3E71:java.util.concurrent.CompletableFuture@1bc19852[Not completed]
2019-07-14 11:07:09,136 INFO  server.RaftServerConfigKeys (ConfUtils.java:logGet(43)) - raft.server.rpc.timeout.max = 5200ms (custom)
2019-07-14 11:07:09,136 INFO  impl.RaftServerImpl (RaftServerImpl.java:<init>(93)) - fce50fe2-5005-43f5-bbbf-02a7ac9174af: new RaftServerImpl for group-F9E8E5AC3E71:[5ff2ba6e-18a8-427d-975b-3356abf5344d:192.168.157.209:38696, fce50fe2-5005-43f5-bbbf-02a7ac9174af:192.168.157.209:43554, fb8cf17b-1c9f-48a9-ad3d-5c62292e88c7:192.168.157.209:37228] with ContainerStateMachine:uninitialized
2019-07-14 11:07:09,136 INFO  server.RaftServerConfigKeys (ConfUtils.java:logGet(43)) - raft.server.rpcslowness.timeout = 120s (custom)
2019-07-14 11:07:09,136 INFO  server.RaftServerConfigKeys (ConfUtils.java:logGet(43)) - raft.server.rpc.timeout.min = 5s (custom)
2019-07-14 11:07:09,136 INFO  server.RaftServerConfigKeys (ConfUtils.java:logGet(43)) - raft.server.sleep.deviation.threshold = 300 (default)
2019-07-14 11:07:09,136 INFO  server.RaftServerConfigKeys (ConfUtils.java:logGet(43)) - raft.server.rpc.timeout.max = 5200ms (custom)
2019-07-14 11:07:09,136 INFO  server.RaftServerConfigKeys (ConfUtils.java:logGet(43)) - raft.server.log.appender.install.snapshot.enabled = false (custom)
2019-07-14 11:07:09,137 INFO  impl.RaftServerImpl (RaftServerImpl.java:<init>(93)) - 5ff2ba6e-18a8-427d-975b-3356abf5344d: new RaftServerImpl for group-F9E8E5AC3E71:[5ff2ba6e-18a8-427d-975b-3356abf5344d:192.168.157.209:38696, fce50fe2-5005-43f5-bbbf-02a7ac9174af:192.168.157.209:43554, fb8cf17b-1c9f-48a9-ad3d-5c62292e88c7:192.168.157.209:37228] with ContainerStateMachine:uninitialized
2019-07-14 11:07:09,137 INFO  server.RaftServerConfigKeys (ConfUtils.java:logGet(43)) - raft.server.rpcslowness.timeout = 120s (custom)
2019-07-14 11:07:09,137 INFO  server.RaftServerConfigKeys (ConfUtils.java:logGet(43)) - raft.server.rpc.timeout.min = 5s (custom)
2019-07-14 11:07:09,137 INFO  impl.RaftServerImpl (ServerState.java:<init>(105)) - fb8cf17b-1c9f-48a9-ad3d-5c62292e88c7:group-F9E8E5AC3E71 ConfigurationManager, init=-1: [5ff2ba6e-18a8-427d-975b-3356abf5344d:192.168.157.209:38696, fce50fe2-5005-43f5-bbbf-02a7ac9174af:192.168.157.209:43554, fb8cf17b-1c9f-48a9-ad3d-5c62292e88c7:192.168.157.209:37228], old=null, confs=<EMPTY_MAP>
2019-07-14 11:07:09,137 INFO  server.RaftServerConfigKeys (ConfUtils.java:logGet(43)) - raft.server.rpc.timeout.max = 5200ms (custom)
2019-07-14 11:07:09,138 INFO  server.RaftServerConfigKeys (ConfUtils.java:logGet(43)) - raft.server.rpcslowness.timeout = 120s (custom)
2019-07-14 11:07:09,137 INFO  server.RaftServerConfigKeys (ConfUtils.java:logGet(43)) - raft.server.sleep.deviation.threshold = 300 (default)
2019-07-14 11:07:09,138 INFO  server.RaftServerConfigKeys (ConfUtils.java:logGet(43)) - raft.server.sleep.deviation.threshold = 300 (default)
2019-07-14 11:07:09,137 INFO  server.RaftServerConfigKeys (ConfUtils.java:logGet(43)) - raft.server.storage.dir = [/workdir/hadoop-ozone/integration-test/target/test-dir/MiniOzoneClusterImpl-d309a403-2708-41a1-968f-5ad9242863dc/datanode-2/data/ratis] (custom)
2019-07-14 11:07:09,138 INFO  server.RaftServerConfigKeys (ConfUtils.java:logGet(43)) - raft.server.log.appender.install.snapshot.enabled = false (custom)
2019-07-14 11:07:09,138 INFO  server.RaftServerConfigKeys (ConfUtils.java:logGet(43)) - raft.server.log.appender.install.snapshot.enabled = false (custom)
2019-07-14 11:07:09,138 INFO  storage.RaftStorageDirectory (RaftStorageDirectory.java:analyzeStorage(246)) - The storage directory /workdir/hadoop-ozone/integration-test/target/test-dir/MiniOzoneClusterImpl-d309a403-2708-41a1-968f-5ad9242863dc/datanode-2/data/ratis/8c0f3351-7586-4de8-9365-f9e8e5ac3e71 does not exist. Creating ...
2019-07-14 11:07:09,138 INFO  impl.RaftServerImpl (ServerState.java:<init>(105)) - 5ff2ba6e-18a8-427d-975b-3356abf5344d:group-F9E8E5AC3E71 ConfigurationManager, init=-1: [5ff2ba6e-18a8-427d-975b-3356abf5344d:192.168.157.209:38696, fce50fe2-5005-43f5-bbbf-02a7ac9174af:192.168.157.209:43554, fb8cf17b-1c9f-48a9-ad3d-5c62292e88c7:192.168.157.209:37228], old=null, confs=<EMPTY_MAP>
2019-07-14 11:07:09,138 INFO  impl.RaftServerImpl (ServerState.java:<init>(105)) - fce50fe2-5005-43f5-bbbf-02a7ac9174af:group-F9E8E5AC3E71 ConfigurationManager, init=-1: [5ff2ba6e-18a8-427d-975b-3356abf5344d:192.168.157.209:38696, fce50fe2-5005-43f5-bbbf-02a7ac9174af:192.168.157.209:43554, fb8cf17b-1c9f-48a9-ad3d-5c62292e88c7:192.168.157.209:37228], old=null, confs=<EMPTY_MAP>
2019-07-14 11:07:09,139 INFO  server.RaftServerConfigKeys (ConfUtils.java:logGet(43)) - raft.server.storage.dir = [/workdir/hadoop-ozone/integration-test/target/test-dir/MiniOzoneClusterImpl-d309a403-2708-41a1-968f-5ad9242863dc/datanode-1/data/ratis] (custom)
2019-07-14 11:07:09,139 INFO  server.RaftServerConfigKeys (ConfUtils.java:logGet(43)) - raft.server.storage.dir = [/workdir/hadoop-ozone/integration-test/target/test-dir/MiniOzoneClusterImpl-d309a403-2708-41a1-968f-5ad9242863dc/datanode-0/data/ratis] (custom)
2019-07-14 11:07:09,139 INFO  storage.RaftStorageDirectory (RaftStorageDirectory.java:analyzeStorage(246)) - The storage directory /workdir/hadoop-ozone/integration-test/target/test-dir/MiniOzoneClusterImpl-d309a403-2708-41a1-968f-5ad9242863dc/datanode-1/data/ratis/8c0f3351-7586-4de8-9365-f9e8e5ac3e71 does not exist. Creating ...
2019-07-14 11:07:09,139 INFO  storage.RaftStorageDirectory (RaftStorageDirectory.java:analyzeStorage(246)) - The storage directory /workdir/hadoop-ozone/integration-test/target/test-dir/MiniOzoneClusterImpl-d309a403-2708-41a1-968f-5ad9242863dc/datanode-0/data/ratis/8c0f3351-7586-4de8-9365-f9e8e5ac3e71 does not exist. Creating ...
2019-07-14 11:07:09,152 INFO  storage.RaftStorageDirectory (RaftStorageDirectory.java:tryLock(328)) - Lock on /workdir/hadoop-ozone/integration-test/target/test-dir/MiniOzoneClusterImpl-d309a403-2708-41a1-968f-5ad9242863dc/datanode-0/data/ratis/8c0f3351-7586-4de8-9365-f9e8e5ac3e71/in_use.lock acquired by nodename 22243@trunk-nightly-fxmrv-2540794721
2019-07-14 11:07:09,152 INFO  storage.RaftStorageDirectory (RaftStorageDirectory.java:tryLock(328)) - Lock on /workdir/hadoop-ozone/integration-test/target/test-dir/MiniOzoneClusterImpl-d309a403-2708-41a1-968f-5ad9242863dc/datanode-1/data/ratis/8c0f3351-7586-4de8-9365-f9e8e5ac3e71/in_use.lock acquired by nodename 22243@trunk-nightly-fxmrv-2540794721
2019-07-14 11:07:09,152 INFO  storage.RaftStorageDirectory (RaftStorageDirectory.java:tryLock(328)) - Lock on /workdir/hadoop-ozone/integration-test/target/test-dir/MiniOzoneClusterImpl-d309a403-2708-41a1-968f-5ad9242863dc/datanode-2/data/ratis/8c0f3351-7586-4de8-9365-f9e8e5ac3e71/in_use.lock acquired by nodename 22243@trunk-nightly-fxmrv-2540794721
2019-07-14 11:07:09,166 INFO  storage.RaftStorage (RaftStorage.java:format(72)) - Storage directory /workdir/hadoop-ozone/integration-test/target/test-dir/MiniOzoneClusterImpl-d309a403-2708-41a1-968f-5ad9242863dc/datanode-2/data/ratis/8c0f3351-7586-4de8-9365-f9e8e5ac3e71 has been successfully formatted.
2019-07-14 11:07:09,166 INFO  storage.RaftStorage (RaftStorage.java:format(72)) - Storage directory /workdir/hadoop-ozone/integration-test/target/test-dir/MiniOzoneClusterImpl-d309a403-2708-41a1-968f-5ad9242863dc/datanode-1/data/ratis/8c0f3351-7586-4de8-9365-f9e8e5ac3e71 has been successfully formatted.
2019-07-14 11:07:09,166 INFO  storage.RaftStorage (RaftStorage.java:format(72)) - Storage directory /workdir/hadoop-ozone/integration-test/target/test-dir/MiniOzoneClusterImpl-d309a403-2708-41a1-968f-5ad9242863dc/datanode-0/data/ratis/8c0f3351-7586-4de8-9365-f9e8e5ac3e71 has been successfully formatted.
2019-07-14 11:07:09,166 INFO  ratis.ContainerStateMachine (ContainerStateMachine.java:loadSnapshot(200)) - group-F9E8E5AC3E71: The snapshot info is null. Setting the last applied indexto:(t:0, i:~)
2019-07-14 11:07:09,166 INFO  ratis.ContainerStateMachine (ContainerStateMachine.java:loadSnapshot(200)) - group-F9E8E5AC3E71: The snapshot info is null. Setting the last applied indexto:(t:0, i:~)
2019-07-14 11:07:09,166 INFO  ratis.ContainerStateMachine (ContainerStateMachine.java:loadSnapshot(200)) - group-F9E8E5AC3E71: The snapshot info is null. Setting the last applied indexto:(t:0, i:~)
2019-07-14 11:07:09,166 INFO  server.RaftServerConfigKeys (ConfUtils.java:logGet(43)) - raft.server.leader.election.timeout = 120s (custom)
2019-07-14 11:07:09,166 INFO  server.RaftServerConfigKeys (ConfUtils.java:logGet(43)) - raft.server.leader.election.timeout = 120s (custom)
2019-07-14 11:07:09,167 INFO  server.RaftServerConfigKeys (ConfUtils.java:logGet(43)) - raft.server.log.use.memory = false (default)
2019-07-14 11:07:09,167 INFO  server.RaftServerConfigKeys (ConfUtils.java:logGet(43)) - raft.server.leader.election.timeout = 120s (custom)
2019-07-14 11:07:09,167 INFO  server.RaftServerConfigKeys (ConfUtils.java:logGet(43)) - raft.server.log.purge.gap = 1000000000 (custom)
2019-07-14 11:07:09,167 INFO  server.RaftServerConfigKeys (ConfUtils.java:logGet(43)) - raft.server.log.use.memory = false (default)
2019-07-14 11:07:09,167 INFO  server.RaftServerConfigKeys (ConfUtils.java:logGet(43)) - raft.server.log.appender.buffer.byte-limit = 33554432 (custom)
2019-07-14 11:07:09,167 INFO  server.RaftServerConfigKeys (ConfUtils.java:logGet(43)) - raft.server.log.use.memory = false (default)
2019-07-14 11:07:09,168 INFO  server.RaftServerConfigKeys (ConfUtils.java:logGet(43)) - raft.server.log.segment.size.max = 1048576 (custom)
2019-07-14 11:07:09,167 INFO  server.RaftServerConfigKeys (ConfUtils.java:logGet(43)) - raft.server.log.purge.gap = 1000000000 (custom)
2019-07-14 11:07:09,168 INFO  server.RaftServerConfigKeys (ConfUtils.java:logGet(43)) - raft.server.log.segment.cache.num.max = 2 (custom)
2019-07-14 11:07:09,168 INFO  server.RaftServerConfigKeys (ConfUtils.java:logGet(43)) - raft.server.log.purge.gap = 1000000000 (custom)
2019-07-14 11:07:09,168 INFO  segmented.SegmentedRaftLogWorker (SegmentedRaftLogWorker.java:<init>(172)) - new fce50fe2-5005-43f5-bbbf-02a7ac9174af-SegmentedRaftLogWorker:Storage Directory /workdir/hadoop-ozone/integration-test/target/test-dir/MiniOzoneClusterImpl-d309a403-2708-41a1-968f-5ad9242863dc/datanode-0/data/ratis/8c0f3351-7586-4de8-9365-f9e8e5ac3e71 for RaftStorage:Storage Directory /workdir/hadoop-ozone/integration-test/target/test-dir/MiniOzoneClusterImpl-d309a403-2708-41a1-968f-5ad9242863dc/datanode-0/data/ratis/8c0f3351-7586-4de8-9365-f9e8e5ac3e71
2019-07-14 11:07:09,168 INFO  server.RaftServerConfigKeys (ConfUtils.java:logGet(43)) - raft.server.log.appender.buffer.byte-limit = 33554432 (custom)
2019-07-14 11:07:09,169 INFO  server.RaftServerConfigKeys (ConfUtils.java:logGet(43)) - raft.server.log.queue.byte-limit = 2147483647 (custom)
2019-07-14 11:07:09,168 INFO  server.RaftServerConfigKeys (ConfUtils.java:logGet(43)) - raft.server.log.appender.buffer.byte-limit = 33554432 (custom)
2019-07-14 11:07:09,169 INFO  server.RaftServerConfigKeys (ConfUtils.java:logGet(43)) - raft.server.log.queue.element-limit = 1024 (custom)
2019-07-14 11:07:09,169 INFO  server.RaftServerConfigKeys (ConfUtils.java:logGet(43)) - raft.server.log.segment.size.max = 1048576 (custom)
2019-07-14 11:07:09,169 INFO  server.RaftServerConfigKeys (ConfUtils.java:logGet(43)) - raft.server.log.segment.size.max = 1048576 (custom)
2019-07-14 11:07:09,169 INFO  server.RaftServerConfigKeys (ConfUtils.java:logGet(43)) - raft.server.log.preallocated.size = 16384 (custom)
2019-07-14 11:07:09,170 INFO  server.RaftServerConfigKeys (ConfUtils.java:logGet(43)) - raft.server.log.write.buffer.size = 33554432 (custom)
2019-07-14 11:07:09,169 INFO  server.RaftServerConfigKeys (ConfUtils.java:logGet(43)) - raft.server.log.segment.size.max = 1048576 (custom)
2019-07-14 11:07:09,170 INFO  server.RaftServerConfigKeys (ConfUtils.java:logGet(43)) - raft.server.log.force.sync.num = 128 (default)
2019-07-14 11:07:09,170 INFO  server.RaftServerConfigKeys (ConfUtils.java:logGet(43)) - raft.server.log.statemachine.data.sync = true (default)
2019-07-14 11:07:09,170 INFO  server.RaftServerConfigKeys (ConfUtils.java:logGet(43)) - raft.server.log.segment.cache.num.max = 2 (custom)
2019-07-14 11:07:09,170 INFO  server.RaftServerConfigKeys (ConfUtils.java:logGet(43)) - raft.server.log.statemachine.data.sync.timeout = 10s (default)
2019-07-14 11:07:09,171 INFO  server.RaftServerConfigKeys (ConfUtils.java:logGet(43)) - raft.server.log.statemachine.data.sync.timeout.retry = -1 (default)
2019-07-14 11:07:09,170 INFO  server.RaftServerConfigKeys (ConfUtils.java:logGet(43)) - raft.server.log.segment.cache.num.max = 2 (custom)
2019-07-14 11:07:09,171 INFO  server.RaftServerConfigKeys (ConfUtils.java:logGet(43)) - raft.server.log.statemachine.data.caching.enabled = true (custom)
2019-07-14 11:07:09,171 INFO  segmented.SegmentedRaftLogWorker (SegmentedRaftLogWorker.java:<init>(172)) - new 5ff2ba6e-18a8-427d-975b-3356abf5344d-SegmentedRaftLogWorker:Storage Directory /workdir/hadoop-ozone/integration-test/target/test-dir/MiniOzoneClusterImpl-d309a403-2708-41a1-968f-5ad9242863dc/datanode-1/data/ratis/8c0f3351-7586-4de8-9365-f9e8e5ac3e71 for RaftStorage:Storage Directory /workdir/hadoop-ozone/integration-test/target/test-dir/MiniOzoneClusterImpl-d309a403-2708-41a1-968f-5ad9242863dc/datanode-1/data/ratis/8c0f3351-7586-4de8-9365-f9e8e5ac3e71
2019-07-14 11:07:09,171 INFO  segmented.SegmentedRaftLogWorker (SegmentedRaftLogWorker.java:lambda$new$0(132)) - fce50fe2-5005-43f5-bbbf-02a7ac9174af-SegmentedRaftLogWorker:Storage Directory /workdir/hadoop-ozone/integration-test/target/test-dir/MiniOzoneClusterImpl-d309a403-2708-41a1-968f-5ad9242863dc/datanode-0/data/ratis/8c0f3351-7586-4de8-9365-f9e8e5ac3e71: flushIndex: setUnconditionally 0 -> -1
2019-07-14 11:07:09,171 INFO  segmented.SegmentedRaftLogWorker (SegmentedRaftLogWorker.java:<init>(172)) - new fb8cf17b-1c9f-48a9-ad3d-5c62292e88c7-SegmentedRaftLogWorker:Storage Directory /workdir/hadoop-ozone/integration-test/target/test-dir/MiniOzoneClusterImpl-d309a403-2708-41a1-968f-5ad9242863dc/datanode-2/data/ratis/8c0f3351-7586-4de8-9365-f9e8e5ac3e71 for RaftStorage:Storage Directory /workdir/hadoop-ozone/integration-test/target/test-dir/MiniOzoneClusterImpl-d309a403-2708-41a1-968f-5ad9242863dc/datanode-2/data/ratis/8c0f3351-7586-4de8-9365-f9e8e5ac3e71
2019-07-14 11:07:09,171 INFO  server.RaftServerConfigKeys (ConfUtils.java:logGet(43)) - raft.server.log.queue.byte-limit = 2147483647 (custom)
2019-07-14 11:07:09,172 INFO  server.RaftServerConfigKeys (ConfUtils.java:logGet(43)) - raft.server.snapshot.auto.trigger.enabled = true (custom)
2019-07-14 11:07:09,172 INFO  server.RaftServerConfigKeys (ConfUtils.java:logGet(43)) - raft.server.log.queue.byte-limit = 2147483647 (custom)
2019-07-14 11:07:09,172 INFO  server.RaftServerConfigKeys (ConfUtils.java:logGet(43)) - raft.server.snapshot.auto.trigger.threshold = 10000 (custom)
2019-07-14 11:07:09,172 INFO  server.RaftServerConfigKeys (ConfUtils.java:logGet(43)) - raft.server.log.queue.element-limit = 1024 (custom)
2019-07-14 11:07:09,172 INFO  server.RaftServerConfigKeys (ConfUtils.java:logGet(43)) - raft.server.retrycache.expirytime = 600000ms (custom)
2019-07-14 11:07:09,172 INFO  server.RaftServerConfigKeys (ConfUtils.java:logGet(43)) - raft.server.log.queue.element-limit = 1024 (custom)
2019-07-14 11:07:09,173 INFO  impl.RaftServerImpl (RaftServerImpl.java:start(180)) - fce50fe2-5005-43f5-bbbf-02a7ac9174af: start group-F9E8E5AC3E71
2019-07-14 11:07:09,173 INFO  server.RaftServerConfigKeys (ConfUtils.java:logGet(43)) - raft.server.log.segment.size.max = 1048576 (custom)
2019-07-14 11:07:09,173 INFO  impl.RaftServerImpl (RaftServerImpl.java:setRole(171)) - fce50fe2-5005-43f5-bbbf-02a7ac9174af:group-F9E8E5AC3E71 changes role from null to FOLLOWER at term 0 for startAsFollower
2019-07-14 11:07:09,173 INFO  server.RaftServerConfigKeys (ConfUtils.java:logGet(43)) - raft.server.log.segment.size.max = 1048576 (custom)
2019-07-14 11:07:09,173 INFO  impl.RoleInfo (RoleInfo.java:updateAndGet(143)) - fce50fe2-5005-43f5-bbbf-02a7ac9174af: start FollowerState
2019-07-14 11:07:09,173 INFO  server.RaftServerConfigKeys (ConfUtils.java:logGet(43)) - raft.server.log.preallocated.size = 16384 (custom)
2019-07-14 11:07:09,173 INFO  server.RaftServerConfigKeys (ConfUtils.java:logGet(43)) - raft.server.log.preallocated.size = 16384 (custom)
2019-07-14 11:07:09,174 INFO  server.RaftServerConfigKeys (ConfUtils.java:logGet(43)) - raft.server.log.write.buffer.size = 33554432 (custom)
2019-07-14 11:07:09,190 INFO  server.RaftServerConfigKeys (ConfUtils.java:logGet(43)) - raft.server.log.write.buffer.size = 33554432 (custom)
2019-07-14 11:07:09,190 INFO  util.JmxRegister (JmxRegister.java:tryRegister(44)) - Successfully registered JMX Bean with object name Ratis:service=RaftServer,group=group-F9E8E5AC3E71,id=fce50fe2-5005-43f5-bbbf-02a7ac9174af
2019-07-14 11:07:09,191 INFO  server.RaftServerConfigKeys (ConfUtils.java:logGet(43)) - raft.server.log.force.sync.num = 128 (default)
2019-07-14 11:07:09,190 INFO  server.RaftServerConfigKeys (ConfUtils.java:logGet(43)) - raft.server.log.force.sync.num = 128 (default)
2019-07-14 11:07:09,191 INFO  server.RaftServerConfigKeys (ConfUtils.java:logGet(43)) - raft.server.log.statemachine.data.sync = true (default)
2019-07-14 11:07:09,199 INFO  server.RaftServerConfigKeys (ConfUtils.java:logGet(43)) - raft.server.log.statemachine.data.sync = true (default)
2019-07-14 11:07:09,199 INFO  server.RaftServerConfigKeys (ConfUtils.java:logGet(43)) - raft.server.log.statemachine.data.sync.timeout = 10s (default)
2019-07-14 11:07:09,199 INFO  server.RaftServerConfigKeys (ConfUtils.java:logGet(43)) - raft.server.log.statemachine.data.sync.timeout = 10s (default)
2019-07-14 11:07:09,199 INFO  server.RaftServerConfigKeys (ConfUtils.java:logGet(43)) - raft.server.log.statemachine.data.sync.timeout.retry = -1 (default)
2019-07-14 11:07:09,200 INFO  server.RaftServerConfigKeys (ConfUtils.java:logGet(43)) - raft.server.log.statemachine.data.sync.timeout.retry = -1 (default)
2019-07-14 11:07:09,200 INFO  server.RaftServerConfigKeys (ConfUtils.java:logGet(43)) - raft.server.log.statemachine.data.caching.enabled = true (custom)
2019-07-14 11:07:09,200 INFO  server.RaftServerConfigKeys (ConfUtils.java:logGet(43)) - raft.server.log.statemachine.data.caching.enabled = true (custom)
2019-07-14 11:07:09,201 INFO  segmented.SegmentedRaftLogWorker (SegmentedRaftLogWorker.java:lambda$new$0(132)) - fb8cf17b-1c9f-48a9-ad3d-5c62292e88c7-SegmentedRaftLogWorker:Storage Directory /workdir/hadoop-ozone/integration-test/target/test-dir/MiniOzoneClusterImpl-d309a403-2708-41a1-968f-5ad9242863dc/datanode-2/data/ratis/8c0f3351-7586-4de8-9365-f9e8e5ac3e71: flushIndex: setUnconditionally 0 -> -1
2019-07-14 11:07:09,201 INFO  segmented.SegmentedRaftLogWorker (SegmentedRaftLogWorker.java:lambda$new$0(132)) - 5ff2ba6e-18a8-427d-975b-3356abf5344d-SegmentedRaftLogWorker:Storage Directory /workdir/hadoop-ozone/integration-test/target/test-dir/MiniOzoneClusterImpl-d309a403-2708-41a1-968f-5ad9242863dc/datanode-1/data/ratis/8c0f3351-7586-4de8-9365-f9e8e5ac3e71: flushIndex: setUnconditionally 0 -> -1
2019-07-14 11:07:09,201 INFO  server.RaftServerConfigKeys (ConfUtils.java:logGet(43)) - raft.server.snapshot.auto.trigger.enabled = true (custom)
2019-07-14 11:07:09,201 INFO  server.RaftServerConfigKeys (ConfUtils.java:logGet(43)) - raft.server.snapshot.auto.trigger.threshold = 10000 (custom)
2019-07-14 11:07:09,201 INFO  server.RaftServerConfigKeys (ConfUtils.java:logGet(43)) - raft.server.snapshot.auto.trigger.enabled = true (custom)
2019-07-14 11:07:09,201 INFO  server.RaftServerConfigKeys (ConfUtils.java:logGet(43)) - raft.server.retrycache.expirytime = 600000ms (custom)
2019-07-14 11:07:09,202 INFO  server.RaftServerConfigKeys (ConfUtils.java:logGet(43)) - raft.server.snapshot.auto.trigger.threshold = 10000 (custom)
2019-07-14 11:07:09,202 INFO  impl.RaftServerImpl (RaftServerImpl.java:start(180)) - fb8cf17b-1c9f-48a9-ad3d-5c62292e88c7: start group-F9E8E5AC3E71
2019-07-14 11:07:09,202 INFO  server.RaftServerConfigKeys (ConfUtils.java:logGet(43)) - raft.server.retrycache.expirytime = 600000ms (custom)
2019-07-14 11:07:09,202 INFO  impl.RaftServerImpl (RaftServerImpl.java:setRole(171)) - fb8cf17b-1c9f-48a9-ad3d-5c62292e88c7:group-F9E8E5AC3E71 changes role from null to FOLLOWER at term 0 for startAsFollower
2019-07-14 11:07:09,202 INFO  impl.RaftServerImpl (RaftServerImpl.java:start(180)) - 5ff2ba6e-18a8-427d-975b-3356abf5344d: start group-F9E8E5AC3E71
2019-07-14 11:07:09,202 INFO  impl.RoleInfo (RoleInfo.java:updateAndGet(143)) - fb8cf17b-1c9f-48a9-ad3d-5c62292e88c7: start FollowerState
2019-07-14 11:07:09,202 INFO  impl.RaftServerImpl (RaftServerImpl.java:setRole(171)) - 5ff2ba6e-18a8-427d-975b-3356abf5344d:group-F9E8E5AC3E71 changes role from null to FOLLOWER at term 0 for startAsFollower
2019-07-14 11:07:09,203 INFO  impl.RoleInfo (RoleInfo.java:updateAndGet(143)) - 5ff2ba6e-18a8-427d-975b-3356abf5344d: start FollowerState
2019-07-14 11:07:09,203 INFO  util.JmxRegister (JmxRegister.java:tryRegister(44)) - Successfully registered JMX Bean with object name Ratis:service=RaftServer,group=group-F9E8E5AC3E71,id=fb8cf17b-1c9f-48a9-ad3d-5c62292e88c7
2019-07-14 11:07:09,203 INFO  util.JmxRegister (JmxRegister.java:tryRegister(44)) - Successfully registered JMX Bean with object name Ratis:service=RaftServer,group=group-F9E8E5AC3E71,id=5ff2ba6e-18a8-427d-975b-3356abf5344d
2019-07-14 11:07:09,206 INFO  pipeline.PipelineStateManager (PipelineStateManager.java:addPipeline(56)) - Created pipeline Pipeline[ Id: 8c0f3351-7586-4de8-9365-f9e8e5ac3e71, Nodes: fce50fe2-5005-43f5-bbbf-02a7ac9174af{ip: 192.168.157.209, host: trunk-nightly-fxmrv-2540794721, networkLocation: /default-rack, certSerialId: null}fb8cf17b-1c9f-48a9-ad3d-5c62292e88c7{ip: 192.168.157.209, host: trunk-nightly-fxmrv-2540794721, networkLocation: /default-rack, certSerialId: null}5ff2ba6e-18a8-427d-975b-3356abf5344d{ip: 192.168.157.209, host: trunk-nightly-fxmrv-2540794721, networkLocation: /default-rack, certSerialId: null}, Type:RATIS, Factor:THREE, State:OPEN]
2019-07-14 11:07:09,242 INFO  node.SCMNodeManager (SCMNodeManager.java:register(269)) - Registered Data node : 83e63075-ee01-45f6-9ef0-abd1285db36c{ip: 192.168.157.209, host: trunk-nightly-fxmrv-2540794721, networkLocation: /default-rack, certSerialId: null}
2019-07-14 11:07:09,250 INFO  impl.RaftServerProxy (RaftServerProxy.java:addNew(89)) - 83e63075-ee01-45f6-9ef0-abd1285db36c: addNew group-F460B7751A7C:[83e63075-ee01-45f6-9ef0-abd1285db36c:192.168.157.209:44696] returns group-F460B7751A7C:java.util.concurrent.CompletableFuture@7ea8afc4[Not completed]
2019-07-14 11:07:09,252 INFO  impl.RaftServerImpl (RaftServerImpl.java:<init>(93)) - 83e63075-ee01-45f6-9ef0-abd1285db36c: new RaftServerImpl for group-F460B7751A7C:[83e63075-ee01-45f6-9ef0-abd1285db36c:192.168.157.209:44696] with ContainerStateMachine:uninitialized
2019-07-14 11:07:09,252 INFO  server.RaftServerConfigKeys (ConfUtils.java:logGet(43)) - raft.server.rpc.timeout.min = 5s (custom)
2019-07-14 11:07:09,252 INFO  server.RaftServerConfigKeys (ConfUtils.java:logGet(43)) - raft.server.rpc.timeout.max = 5200ms (custom)
2019-07-14 11:07:09,252 INFO  server.RaftServerConfigKeys (ConfUtils.java:logGet(43)) - raft.server.rpcslowness.timeout = 120s (custom)
2019-07-14 11:07:09,252 INFO  server.RaftServerConfigKeys (ConfUtils.java:logGet(43)) - raft.server.sleep.deviation.threshold = 300 (default)
2019-07-14 11:07:09,252 INFO  server.RaftServerConfigKeys (ConfUtils.java:logGet(43)) - raft.server.log.appender.install.snapshot.enabled = false (custom)
2019-07-14 11:07:09,253 INFO  impl.RaftServerImpl (ServerState.java:<init>(105)) - 83e63075-ee01-45f6-9ef0-abd1285db36c:group-F460B7751A7C ConfigurationManager, init=-1: [83e63075-ee01-45f6-9ef0-abd1285db36c:192.168.157.209:44696], old=null, confs=<EMPTY_MAP>
2019-07-14 11:07:09,253 INFO  server.RaftServerConfigKeys (ConfUtils.java:logGet(43)) - raft.server.storage.dir = [/workdir/hadoop-ozone/integration-test/target/test-dir/MiniOzoneClusterImpl-d309a403-2708-41a1-968f-5ad9242863dc/datanode-3/data/ratis] (custom)
2019-07-14 11:07:09,253 INFO  storage.RaftStorageDirectory (RaftStorageDirectory.java:analyzeStorage(246)) - The storage directory /workdir/hadoop-ozone/integration-test/target/test-dir/MiniOzoneClusterImpl-d309a403-2708-41a1-968f-5ad9242863dc/datanode-3/data/ratis/1d8c00ce-38c8-437f-bddb-f460b7751a7c does not exist. Creating ...
2019-07-14 11:07:09,266 INFO  storage.RaftStorageDirectory (RaftStorageDirectory.java:tryLock(328)) - Lock on /workdir/hadoop-ozone/integration-test/target/test-dir/MiniOzoneClusterImpl-d309a403-2708-41a1-968f-5ad9242863dc/datanode-3/data/ratis/1d8c00ce-38c8-437f-bddb-f460b7751a7c/in_use.lock acquired by nodename 22243@trunk-nightly-fxmrv-2540794721
2019-07-14 11:07:09,279 INFO  storage.RaftStorage (RaftStorage.java:format(72)) - Storage directory /workdir/hadoop-ozone/integration-test/target/test-dir/MiniOzoneClusterImpl-d309a403-2708-41a1-968f-5ad9242863dc/datanode-3/data/ratis/1d8c00ce-38c8-437f-bddb-f460b7751a7c has been successfully formatted.
2019-07-14 11:07:09,279 INFO  ratis.ContainerStateMachine (ContainerStateMachine.java:loadSnapshot(200)) - group-F460B7751A7C: The snapshot info is null. Setting the last applied indexto:(t:0, i:~)
2019-07-14 11:07:09,279 INFO  server.RaftServerConfigKeys (ConfUtils.java:logGet(43)) - raft.server.leader.election.timeout = 120s (custom)
2019-07-14 11:07:09,279 INFO  server.RaftServerConfigKeys (ConfUtils.java:logGet(43)) - raft.server.log.use.memory = false (default)
2019-07-14 11:07:09,280 INFO  server.RaftServerConfigKeys (ConfUtils.java:logGet(43)) - raft.server.log.purge.gap = 1000000000 (custom)
2019-07-14 11:07:09,280 INFO  server.RaftServerConfigKeys (ConfUtils.java:logGet(43)) - raft.server.log.appender.buffer.byte-limit = 33554432 (custom)
2019-07-14 11:07:09,280 INFO  server.RaftServerConfigKeys (ConfUtils.java:logGet(43)) - raft.server.log.segment.size.max = 1048576 (custom)
2019-07-14 11:07:09,280 INFO  server.RaftServerConfigKeys (ConfUtils.java:logGet(43)) - raft.server.log.segment.cache.num.max = 2 (custom)
2019-07-14 11:07:09,280 INFO  segmented.SegmentedRaftLogWorker (SegmentedRaftLogWorker.java:<init>(172)) - new 83e63075-ee01-45f6-9ef0-abd1285db36c-SegmentedRaftLogWorker:Storage Directory /workdir/hadoop-ozone/integration-test/target/test-dir/MiniOzoneClusterImpl-d309a403-2708-41a1-968f-5ad9242863dc/datanode-3/data/ratis/1d8c00ce-38c8-437f-bddb-f460b7751a7c for RaftStorage:Storage Directory /workdir/hadoop-ozone/integration-test/target/test-dir/MiniOzoneClusterImpl-d309a403-2708-41a1-968f-5ad9242863dc/datanode-3/data/ratis/1d8c00ce-38c8-437f-bddb-f460b7751a7c
2019-07-14 11:07:09,280 INFO  server.RaftServerConfigKeys (ConfUtils.java:logGet(43)) - raft.server.log.queue.byte-limit = 2147483647 (custom)
2019-07-14 11:07:09,281 INFO  server.RaftServerConfigKeys (ConfUtils.java:logGet(43)) - raft.server.log.queue.element-limit = 1024 (custom)
2019-07-14 11:07:09,281 INFO  server.RaftServerConfigKeys (ConfUtils.java:logGet(43)) - raft.server.log.segment.size.max = 1048576 (custom)
2019-07-14 11:07:09,281 INFO  server.RaftServerConfigKeys (ConfUtils.java:logGet(43)) - raft.server.log.preallocated.size = 16384 (custom)
2019-07-14 11:07:09,281 INFO  server.RaftServerConfigKeys (ConfUtils.java:logGet(43)) - raft.server.log.write.buffer.size = 33554432 (custom)
2019-07-14 11:07:09,281 INFO  server.RaftServerConfigKeys (ConfUtils.java:logGet(43)) - raft.server.log.force.sync.num = 128 (default)
2019-07-14 11:07:09,282 INFO  server.RaftServerConfigKeys (ConfUtils.java:logGet(43)) - raft.server.log.statemachine.data.sync = true (default)
2019-07-14 11:07:09,282 INFO  server.RaftServerConfigKeys (ConfUtils.java:logGet(43)) - raft.server.log.statemachine.data.sync.timeout = 10s (default)
2019-07-14 11:07:09,282 INFO  server.RaftServerConfigKeys (ConfUtils.java:logGet(43)) - raft.server.log.statemachine.data.sync.timeout.retry = -1 (default)
2019-07-14 11:07:09,282 INFO  server.RaftServerConfigKeys (ConfUtils.java:logGet(43)) - raft.server.log.statemachine.data.caching.enabled = true (custom)
2019-07-14 11:07:09,283 INFO  segmented.SegmentedRaftLogWorker (SegmentedRaftLogWorker.java:lambda$new$0(132)) - 83e63075-ee01-45f6-9ef0-abd1285db36c-SegmentedRaftLogWorker:Storage Directory /workdir/hadoop-ozone/integration-test/target/test-dir/MiniOzoneClusterImpl-d309a403-2708-41a1-968f-5ad9242863dc/datanode-3/data/ratis/1d8c00ce-38c8-437f-bddb-f460b7751a7c: flushIndex: setUnconditionally 0 -> -1
2019-07-14 11:07:09,283 INFO  server.RaftServerConfigKeys (ConfUtils.java:logGet(43)) - raft.server.snapshot.auto.trigger.enabled = true (custom)
2019-07-14 11:07:09,283 INFO  server.RaftServerConfigKeys (ConfUtils.java:logGet(43)) - raft.server.snapshot.auto.trigger.threshold = 10000 (custom)
2019-07-14 11:07:09,283 INFO  server.RaftServerConfigKeys (ConfUtils.java:logGet(43)) - raft.server.retrycache.expirytime = 600000ms (custom)
2019-07-14 11:07:09,283 INFO  impl.RaftServerImpl (RaftServerImpl.java:start(180)) - 83e63075-ee01-45f6-9ef0-abd1285db36c: start group-F460B7751A7C
2019-07-14 11:07:09,284 INFO  impl.RaftServerImpl (RaftServerImpl.java:setRole(171)) - 83e63075-ee01-45f6-9ef0-abd1285db36c:group-F460B7751A7C changes role from null to FOLLOWER at term 0 for startAsFollower
2019-07-14 11:07:09,284 INFO  impl.RoleInfo (RoleInfo.java:updateAndGet(143)) - 83e63075-ee01-45f6-9ef0-abd1285db36c: start FollowerState
2019-07-14 11:07:09,284 INFO  util.JmxRegister (JmxRegister.java:tryRegister(44)) - Successfully registered JMX Bean with object name Ratis:service=RaftServer,group=group-F460B7751A7C,id=83e63075-ee01-45f6-9ef0-abd1285db36c
2019-07-14 11:07:09,286 INFO  pipeline.PipelineStateManager (PipelineStateManager.java:addPipeline(56)) - Created pipeline Pipeline[ Id: 1d8c00ce-38c8-437f-bddb-f460b7751a7c, Nodes: 83e63075-ee01-45f6-9ef0-abd1285db36c{ip: 192.168.157.209, host: trunk-nightly-fxmrv-2540794721, networkLocation: /default-rack, certSerialId: null}, Type:RATIS, Factor:ONE, State:OPEN]
2019-07-14 11:07:09,418 INFO  node.SCMNodeManager (SCMNodeManager.java:register(269)) - Registered Data node : 4658b231-3b79-46f5-9d86-b35d04ea8c23{ip: 192.168.157.209, host: trunk-nightly-fxmrv-2540794721, networkLocation: /default-rack, certSerialId: null}
2019-07-14 11:07:09,425 INFO  impl.RaftServerProxy (RaftServerProxy.java:addNew(89)) - 4658b231-3b79-46f5-9d86-b35d04ea8c23: addNew group-724677ACC3E7:[4658b231-3b79-46f5-9d86-b35d04ea8c23:192.168.157.209:46559] returns group-724677ACC3E7:java.util.concurrent.CompletableFuture@5318099d[Not completed]
2019-07-14 11:07:09,426 INFO  impl.RaftServerImpl (RaftServerImpl.java:<init>(93)) - 4658b231-3b79-46f5-9d86-b35d04ea8c23: new RaftServerImpl for group-724677ACC3E7:[4658b231-3b79-46f5-9d86-b35d04ea8c23:192.168.157.209:46559] with ContainerStateMachine:uninitialized
2019-07-14 11:07:09,426 INFO  server.RaftServerConfigKeys (ConfUtils.java:logGet(43)) - raft.server.rpc.timeout.min = 5s (custom)
2019-07-14 11:07:09,427 INFO  server.RaftServerConfigKeys (ConfUtils.java:logGet(43)) - raft.server.rpc.timeout.max = 5200ms (custom)
2019-07-14 11:07:09,427 INFO  server.RaftServerConfigKeys (ConfUtils.java:logGet(43)) - raft.server.rpcslowness.timeout = 120s (custom)
2019-07-14 11:07:09,427 INFO  server.RaftServerConfigKeys (ConfUtils.java:logGet(43)) - raft.server.sleep.deviation.threshold = 300 (default)
2019-07-14 11:07:09,427 INFO  server.RaftServerConfigKeys (ConfUtils.java:logGet(43)) - raft.server.log.appender.install.snapshot.enabled = false (custom)
2019-07-14 11:07:09,427 INFO  impl.RaftServerImpl (ServerState.java:<init>(105)) - 4658b231-3b79-46f5-9d86-b35d04ea8c23:group-724677ACC3E7 ConfigurationManager, init=-1: [4658b231-3b79-46f5-9d86-b35d04ea8c23:192.168.157.209:46559], old=null, confs=<EMPTY_MAP>
2019-07-14 11:07:09,427 INFO  server.RaftServerConfigKeys (ConfUtils.java:logGet(43)) - raft.server.storage.dir = [/workdir/hadoop-ozone/integration-test/target/test-dir/MiniOzoneClusterImpl-d309a403-2708-41a1-968f-5ad9242863dc/datanode-4/data/ratis] (custom)
2019-07-14 11:07:09,428 INFO  storage.RaftStorageDirectory (RaftStorageDirectory.java:analyzeStorage(246)) - The storage directory /workdir/hadoop-ozone/integration-test/target/test-dir/MiniOzoneClusterImpl-d309a403-2708-41a1-968f-5ad9242863dc/datanode-4/data/ratis/ef1b0912-2f57-4fee-a56a-724677acc3e7 does not exist. Creating ...
2019-07-14 11:07:09,441 INFO  storage.RaftStorageDirectory (RaftStorageDirectory.java:tryLock(328)) - Lock on /workdir/hadoop-ozone/integration-test/target/test-dir/MiniOzoneClusterImpl-d309a403-2708-41a1-968f-5ad9242863dc/datanode-4/data/ratis/ef1b0912-2f57-4fee-a56a-724677acc3e7/in_use.lock acquired by nodename 22243@trunk-nightly-fxmrv-2540794721
2019-07-14 11:07:09,454 INFO  storage.RaftStorage (RaftStorage.java:format(72)) - Storage directory /workdir/hadoop-ozone/integration-test/target/test-dir/MiniOzoneClusterImpl-d309a403-2708-41a1-968f-5ad9242863dc/datanode-4/data/ratis/ef1b0912-2f57-4fee-a56a-724677acc3e7 has been successfully formatted.
2019-07-14 11:07:09,454 INFO  ratis.ContainerStateMachine (ContainerStateMachine.java:loadSnapshot(200)) - group-724677ACC3E7: The snapshot info is null. Setting the last applied indexto:(t:0, i:~)
2019-07-14 11:07:09,454 INFO  server.RaftServerConfigKeys (ConfUtils.java:logGet(43)) - raft.server.leader.election.timeout = 120s (custom)
2019-07-14 11:07:09,455 INFO  server.RaftServerConfigKeys (ConfUtils.java:logGet(43)) - raft.server.log.use.memory = false (default)
2019-07-14 11:07:09,455 INFO  server.RaftServerConfigKeys (ConfUtils.java:logGet(43)) - raft.server.log.purge.gap = 1000000000 (custom)
2019-07-14 11:07:09,455 INFO  server.RaftServerConfigKeys (ConfUtils.java:logGet(43)) - raft.server.log.appender.buffer.byte-limit = 33554432 (custom)
2019-07-14 11:07:09,455 INFO  server.RaftServerConfigKeys (ConfUtils.java:logGet(43)) - raft.server.log.segment.size.max = 1048576 (custom)
2019-07-14 11:07:09,455 INFO  server.RaftServerConfigKeys (ConfUtils.java:logGet(43)) - raft.server.log.segment.cache.num.max = 2 (custom)
2019-07-14 11:07:09,456 INFO  segmented.SegmentedRaftLogWorker (SegmentedRaftLogWorker.java:<init>(172)) - new 4658b231-3b79-46f5-9d86-b35d04ea8c23-SegmentedRaftLogWorker:Storage Directory /workdir/hadoop-ozone/integration-test/target/test-dir/MiniOzoneClusterImpl-d309a403-2708-41a1-968f-5ad9242863dc/datanode-4/data/ratis/ef1b0912-2f57-4fee-a56a-724677acc3e7 for RaftStorage:Storage Directory /workdir/hadoop-ozone/integration-test/target/test-dir/MiniOzoneClusterImpl-d309a403-2708-41a1-968f-5ad9242863dc/datanode-4/data/ratis/ef1b0912-2f57-4fee-a56a-724677acc3e7
2019-07-14 11:07:09,456 INFO  server.RaftServerConfigKeys (ConfUtils.java:logGet(43)) - raft.server.log.queue.byte-limit = 2147483647 (custom)
2019-07-14 11:07:09,456 INFO  server.RaftServerConfigKeys (ConfUtils.java:logGet(43)) - raft.server.log.queue.element-limit = 1024 (custom)
2019-07-14 11:07:09,456 INFO  server.RaftServerConfigKeys (ConfUtils.java:logGet(43)) - raft.server.log.segment.size.max = 1048576 (custom)
2019-07-14 11:07:09,456 INFO  server.RaftServerConfigKeys (ConfUtils.java:logGet(43)) - raft.server.log.preallocated.size = 16384 (custom)
2019-07-14 11:07:09,457 INFO  server.RaftServerConfigKeys (ConfUtils.java:logGet(43)) - raft.server.log.write.buffer.size = 33554432 (custom)
2019-07-14 11:07:09,457 INFO  server.RaftServerConfigKeys (ConfUtils.java:logGet(43)) - raft.server.log.force.sync.num = 128 (default)
2019-07-14 11:07:09,457 INFO  server.RaftServerConfigKeys (ConfUtils.java:logGet(43)) - raft.server.log.statemachine.data.sync = true (default)
2019-07-14 11:07:09,457 INFO  server.RaftServerConfigKeys (ConfUtils.java:logGet(43)) - raft.server.log.statemachine.data.sync.timeout = 10s (default)
2019-07-14 11:07:09,457 INFO  server.RaftServerConfigKeys (ConfUtils.java:logGet(43)) - raft.server.log.statemachine.data.sync.timeout.retry = -1 (default)
2019-07-14 11:07:09,457 INFO  server.RaftServerConfigKeys (ConfUtils.java:logGet(43)) - raft.server.log.statemachine.data.caching.enabled = true (custom)
2019-07-14 11:07:09,458 INFO  segmented.SegmentedRaftLogWorker (SegmentedRaftLogWorker.java:lambda$new$0(132)) - 4658b231-3b79-46f5-9d86-b35d04ea8c23-SegmentedRaftLogWorker:Storage Directory /workdir/hadoop-ozone/integration-test/target/test-dir/MiniOzoneClusterImpl-d309a403-2708-41a1-968f-5ad9242863dc/datanode-4/data/ratis/ef1b0912-2f57-4fee-a56a-724677acc3e7: flushIndex: setUnconditionally 0 -> -1
2019-07-14 11:07:09,458 INFO  server.RaftServerConfigKeys (ConfUtils.java:logGet(43)) - raft.server.snapshot.auto.trigger.enabled = true (custom)
2019-07-14 11:07:09,459 INFO  server.RaftServerConfigKeys (ConfUtils.java:logGet(43)) - raft.server.snapshot.auto.trigger.threshold = 10000 (custom)
2019-07-14 11:07:09,459 INFO  server.RaftServerConfigKeys (ConfUtils.java:logGet(43)) - raft.server.retrycache.expirytime = 600000ms (custom)
2019-07-14 11:07:09,459 INFO  impl.RaftServerImpl (RaftServerImpl.java:start(180)) - 4658b231-3b79-46f5-9d86-b35d04ea8c23: start group-724677ACC3E7
2019-07-14 11:07:09,459 INFO  impl.RaftServerImpl (RaftServerImpl.java:setRole(171)) - 4658b231-3b79-46f5-9d86-b35d04ea8c23:group-724677ACC3E7 changes role from null to FOLLOWER at term 0 for startAsFollower
2019-07-14 11:07:09,459 INFO  impl.RoleInfo (RoleInfo.java:updateAndGet(143)) - 4658b231-3b79-46f5-9d86-b35d04ea8c23: start FollowerState
2019-07-14 11:07:09,460 INFO  util.JmxRegister (JmxRegister.java:tryRegister(44)) - Successfully registered JMX Bean with object name Ratis:service=RaftServer,group=group-724677ACC3E7,id=4658b231-3b79-46f5-9d86-b35d04ea8c23
2019-07-14 11:07:09,462 INFO  pipeline.PipelineStateManager (PipelineStateManager.java:addPipeline(56)) - Created pipeline Pipeline[ Id: ef1b0912-2f57-4fee-a56a-724677acc3e7, Nodes: 4658b231-3b79-46f5-9d86-b35d04ea8c23{ip: 192.168.157.209, host: trunk-nightly-fxmrv-2540794721, networkLocation: /default-rack, certSerialId: null}, Type:RATIS, Factor:ONE, State:OPEN]
2019-07-14 11:07:09,651 INFO  node.SCMNodeManager (SCMNodeManager.java:register(269)) - Registered Data node : 4f7977ba-698f-43aa-85aa-fbb4d1ed62bc{ip: 192.168.157.209, host: trunk-nightly-fxmrv-2540794721, networkLocation: /default-rack, certSerialId: null}
2019-07-14 11:07:09,660 INFO  impl.RaftServerProxy (RaftServerProxy.java:addNew(89)) - 4f7977ba-698f-43aa-85aa-fbb4d1ed62bc: addNew group-69267185B789:[4f7977ba-698f-43aa-85aa-fbb4d1ed62bc:192.168.157.209:36404] returns group-69267185B789:java.util.concurrent.CompletableFuture@6af91908[Not completed]
2019-07-14 11:07:09,662 INFO  impl.RaftServerImpl (RaftServerImpl.java:<init>(93)) - 4f7977ba-698f-43aa-85aa-fbb4d1ed62bc: new RaftServerImpl for group-69267185B789:[4f7977ba-698f-43aa-85aa-fbb4d1ed62bc:192.168.157.209:36404] with ContainerStateMachine:uninitialized
2019-07-14 11:07:09,662 INFO  server.RaftServerConfigKeys (ConfUtils.java:logGet(43)) - raft.server.rpc.timeout.min = 5s (custom)
2019-07-14 11:07:09,662 INFO  server.RaftServerConfigKeys (ConfUtils.java:logGet(43)) - raft.server.rpc.timeout.max = 5200ms (custom)
2019-07-14 11:07:09,662 INFO  server.RaftServerConfigKeys (ConfUtils.java:logGet(43)) - raft.server.rpcslowness.timeout = 120s (custom)
2019-07-14 11:07:09,662 INFO  server.RaftServerConfigKeys (ConfUtils.java:logGet(43)) - raft.server.sleep.deviation.threshold = 300 (default)
2019-07-14 11:07:09,662 INFO  server.RaftServerConfigKeys (ConfUtils.java:logGet(43)) - raft.server.log.appender.install.snapshot.enabled = false (custom)
2019-07-14 11:07:09,663 INFO  impl.RaftServerImpl (ServerState.java:<init>(105)) - 4f7977ba-698f-43aa-85aa-fbb4d1ed62bc:group-69267185B789 ConfigurationManager, init=-1: [4f7977ba-698f-43aa-85aa-fbb4d1ed62bc:192.168.157.209:36404], old=null, confs=<EMPTY_MAP>
2019-07-14 11:07:09,663 INFO  server.RaftServerConfigKeys (ConfUtils.java:logGet(43)) - raft.server.storage.dir = [/workdir/hadoop-ozone/integration-test/target/test-dir/MiniOzoneClusterImpl-d309a403-2708-41a1-968f-5ad9242863dc/datanode-5/data/ratis] (custom)
2019-07-14 11:07:09,663 INFO  storage.RaftStorageDirectory (RaftStorageDirectory.java:analyzeStorage(246)) - The storage directory /workdir/hadoop-ozone/integration-test/target/test-dir/MiniOzoneClusterImpl-d309a403-2708-41a1-968f-5ad9242863dc/datanode-5/data/ratis/de0a70a2-bec1-4212-ad11-69267185b789 does not exist. Creating ...
2019-07-14 11:07:09,677 INFO  storage.RaftStorageDirectory (RaftStorageDirectory.java:tryLock(328)) - Lock on /workdir/hadoop-ozone/integration-test/target/test-dir/MiniOzoneClusterImpl-d309a403-2708-41a1-968f-5ad9242863dc/datanode-5/data/ratis/de0a70a2-bec1-4212-ad11-69267185b789/in_use.lock acquired by nodename 22243@trunk-nightly-fxmrv-2540794721
2019-07-14 11:07:09,695 INFO  storage.RaftStorage (RaftStorage.java:format(72)) - Storage directory /workdir/hadoop-ozone/integration-test/target/test-dir/MiniOzoneClusterImpl-d309a403-2708-41a1-968f-5ad9242863dc/datanode-5/data/ratis/de0a70a2-bec1-4212-ad11-69267185b789 has been successfully formatted.
2019-07-14 11:07:09,696 INFO  ratis.ContainerStateMachine (ContainerStateMachine.java:loadSnapshot(200)) - group-69267185B789: The snapshot info is null. Setting the last applied indexto:(t:0, i:~)
2019-07-14 11:07:09,696 INFO  server.RaftServerConfigKeys (ConfUtils.java:logGet(43)) - raft.server.leader.election.timeout = 120s (custom)
2019-07-14 11:07:09,696 INFO  server.RaftServerConfigKeys (ConfUtils.java:logGet(43)) - raft.server.log.use.memory = false (default)
2019-07-14 11:07:09,696 INFO  server.RaftServerConfigKeys (ConfUtils.java:logGet(43)) - raft.server.log.purge.gap = 1000000000 (custom)
2019-07-14 11:07:09,696 INFO  server.RaftServerConfigKeys (ConfUtils.java:logGet(43)) - raft.server.log.appender.buffer.byte-limit = 33554432 (custom)
2019-07-14 11:07:09,697 INFO  server.RaftServerConfigKeys (ConfUtils.java:logGet(43)) - raft.server.log.segment.size.max = 1048576 (custom)
2019-07-14 11:07:09,697 INFO  server.RaftServerConfigKeys (ConfUtils.java:logGet(43)) - raft.server.log.segment.cache.num.max = 2 (custom)
2019-07-14 11:07:09,697 INFO  segmented.SegmentedRaftLogWorker (SegmentedRaftLogWorker.java:<init>(172)) - new 4f7977ba-698f-43aa-85aa-fbb4d1ed62bc-SegmentedRaftLogWorker:Storage Directory /workdir/hadoop-ozone/integration-test/target/test-dir/MiniOzoneClusterImpl-d309a403-2708-41a1-968f-5ad9242863dc/datanode-5/data/ratis/de0a70a2-bec1-4212-ad11-69267185b789 for RaftStorage:Storage Directory /workdir/hadoop-ozone/integration-test/target/test-dir/MiniOzoneClusterImpl-d309a403-2708-41a1-968f-5ad9242863dc/datanode-5/data/ratis/de0a70a2-bec1-4212-ad11-69267185b789
2019-07-14 11:07:09,697 INFO  server.RaftServerConfigKeys (ConfUtils.java:logGet(43)) - raft.server.log.queue.byte-limit = 2147483647 (custom)
2019-07-14 11:07:09,697 INFO  server.RaftServerConfigKeys (ConfUtils.java:logGet(43)) - raft.server.log.queue.element-limit = 1024 (custom)
2019-07-14 11:07:09,698 INFO  server.RaftServerConfigKeys (ConfUtils.java:logGet(43)) - raft.server.log.segment.size.max = 1048576 (custom)
2019-07-14 11:07:09,698 INFO  server.RaftServerConfigKeys (ConfUtils.java:logGet(43)) - raft.server.log.preallocated.size = 16384 (custom)
2019-07-14 11:07:09,698 INFO  server.RaftServerConfigKeys (ConfUtils.java:logGet(43)) - raft.server.log.write.buffer.size = 33554432 (custom)
2019-07-14 11:07:09,698 INFO  server.RaftServerConfigKeys (ConfUtils.java:logGet(43)) - raft.server.log.force.sync.num = 128 (default)
2019-07-14 11:07:09,698 INFO  server.RaftServerConfigKeys (ConfUtils.java:logGet(43)) - raft.server.log.statemachine.data.sync = true (default)
2019-07-14 11:07:09,698 INFO  server.RaftServerConfigKeys (ConfUtils.java:logGet(43)) - raft.server.log.statemachine.data.sync.timeout = 10s (default)
2019-07-14 11:07:09,698 INFO  server.RaftServerConfigKeys (ConfUtils.java:logGet(43)) - raft.server.log.statemachine.data.sync.timeout.retry = -1 (default)
2019-07-14 11:07:09,699 INFO  server.RaftServerConfigKeys (ConfUtils.java:logGet(43)) - raft.server.log.statemachine.data.caching.enabled = true (custom)
2019-07-14 11:07:09,699 INFO  segmented.SegmentedRaftLogWorker (SegmentedRaftLogWorker.java:lambda$new$0(132)) - 4f7977ba-698f-43aa-85aa-fbb4d1ed62bc-SegmentedRaftLogWorker:Storage Directory /workdir/hadoop-ozone/integration-test/target/test-dir/MiniOzoneClusterImpl-d309a403-2708-41a1-968f-5ad9242863dc/datanode-5/data/ratis/de0a70a2-bec1-4212-ad11-69267185b789: flushIndex: setUnconditionally 0 -> -1
2019-07-14 11:07:09,700 INFO  server.RaftServerConfigKeys (ConfUtils.java:logGet(43)) - raft.server.snapshot.auto.trigger.enabled = true (custom)
2019-07-14 11:07:09,700 INFO  server.RaftServerConfigKeys (ConfUtils.java:logGet(43)) - raft.server.snapshot.auto.trigger.threshold = 10000 (custom)
2019-07-14 11:07:09,700 INFO  server.RaftServerConfigKeys (ConfUtils.java:logGet(43)) - raft.server.retrycache.expirytime = 600000ms (custom)
2019-07-14 11:07:09,700 INFO  impl.RaftServerImpl (RaftServerImpl.java:start(180)) - 4f7977ba-698f-43aa-85aa-fbb4d1ed62bc: start group-69267185B789
2019-07-14 11:07:09,700 INFO  impl.RaftServerImpl (RaftServerImpl.java:setRole(171)) - 4f7977ba-698f-43aa-85aa-fbb4d1ed62bc:group-69267185B789 changes role from null to FOLLOWER at term 0 for startAsFollower
2019-07-14 11:07:09,700 INFO  impl.RoleInfo (RoleInfo.java:updateAndGet(143)) - 4f7977ba-698f-43aa-85aa-fbb4d1ed62bc: start FollowerState
2019-07-14 11:07:09,701 INFO  util.JmxRegister (JmxRegister.java:tryRegister(44)) - Successfully registered JMX Bean with object name Ratis:service=RaftServer,group=group-69267185B789,id=4f7977ba-698f-43aa-85aa-fbb4d1ed62bc
2019-07-14 11:07:09,703 INFO  pipeline.PipelineStateManager (PipelineStateManager.java:addPipeline(56)) - Created pipeline Pipeline[ Id: de0a70a2-bec1-4212-ad11-69267185b789, Nodes: 4f7977ba-698f-43aa-85aa-fbb4d1ed62bc{ip: 192.168.157.209, host: trunk-nightly-fxmrv-2540794721, networkLocation: /default-rack, certSerialId: null}, Type:RATIS, Factor:ONE, State:OPEN]
2019-07-14 11:07:09,717 INFO  impl.RaftServerProxy (RaftServerProxy.java:addNew(89)) - 4658b231-3b79-46f5-9d86-b35d04ea8c23: addNew group-BED1011EF2B4:[4658b231-3b79-46f5-9d86-b35d04ea8c23:192.168.157.209:46559, 4f7977ba-698f-43aa-85aa-fbb4d1ed62bc:192.168.157.209:36404, 83e63075-ee01-45f6-9ef0-abd1285db36c:192.168.157.209:44696] returns group-BED1011EF2B4:java.util.concurrent.CompletableFuture@6c3a83de[Not completed]
2019-07-14 11:07:09,717 INFO  impl.RaftServerProxy (RaftServerProxy.java:addNew(89)) - 83e63075-ee01-45f6-9ef0-abd1285db36c: addNew group-BED1011EF2B4:[4658b231-3b79-46f5-9d86-b35d04ea8c23:192.168.157.209:46559, 4f7977ba-698f-43aa-85aa-fbb4d1ed62bc:192.168.157.209:36404, 83e63075-ee01-45f6-9ef0-abd1285db36c:192.168.157.209:44696] returns group-BED1011EF2B4:java.util.concurrent.CompletableFuture@3b5c6c4b[Not completed]
2019-07-14 11:07:09,718 INFO  impl.RaftServerProxy (RaftServerProxy.java:addNew(89)) - 4f7977ba-698f-43aa-85aa-fbb4d1ed62bc: addNew group-BED1011EF2B4:[4658b231-3b79-46f5-9d86-b35d04ea8c23:192.168.157.209:46559, 4f7977ba-698f-43aa-85aa-fbb4d1ed62bc:192.168.157.209:36404, 83e63075-ee01-45f6-9ef0-abd1285db36c:192.168.157.209:44696] returns group-BED1011EF2B4:java.util.concurrent.CompletableFuture@607dd5ec[Not completed]
2019-07-14 11:07:09,719 INFO  impl.RaftServerImpl (RaftServerImpl.java:<init>(93)) - 83e63075-ee01-45f6-9ef0-abd1285db36c: new RaftServerImpl for group-BED1011EF2B4:[4658b231-3b79-46f5-9d86-b35d04ea8c23:192.168.157.209:46559, 4f7977ba-698f-43aa-85aa-fbb4d1ed62bc:192.168.157.209:36404, 83e63075-ee01-45f6-9ef0-abd1285db36c:192.168.157.209:44696] with ContainerStateMachine:uninitialized
2019-07-14 11:07:09,719 INFO  server.RaftServerConfigKeys (ConfUtils.java:logGet(43)) - raft.server.rpc.timeout.min = 5s (custom)
2019-07-14 11:07:09,719 INFO  server.RaftServerConfigKeys (ConfUtils.java:logGet(43)) - raft.server.rpc.timeout.max = 5200ms (custom)
2019-07-14 11:07:09,720 INFO  server.RaftServerConfigKeys (ConfUtils.java:logGet(43)) - raft.server.rpcslowness.timeout = 120s (custom)
2019-07-14 11:07:09,720 INFO  server.RaftServerConfigKeys (ConfUtils.java:logGet(43)) - raft.server.sleep.deviation.threshold = 300 (default)
2019-07-14 11:07:09,720 INFO  impl.RaftServerImpl (RaftServerImpl.java:<init>(93)) - 4658b231-3b79-46f5-9d86-b35d04ea8c23: new RaftServerImpl for group-BED1011EF2B4:[4658b231-3b79-46f5-9d86-b35d04ea8c23:192.168.157.209:46559, 4f7977ba-698f-43aa-85aa-fbb4d1ed62bc:192.168.157.209:36404, 83e63075-ee01-45f6-9ef0-abd1285db36c:192.168.157.209:44696] with ContainerStateMachine:uninitialized
2019-07-14 11:07:09,720 INFO  server.RaftServerConfigKeys (ConfUtils.java:logGet(43)) - raft.server.log.appender.install.snapshot.enabled = false (custom)
2019-07-14 11:07:09,720 INFO  server.RaftServerConfigKeys (ConfUtils.java:logGet(43)) - raft.server.rpc.timeout.min = 5s (custom)
2019-07-14 11:07:09,720 INFO  impl.RaftServerImpl (RaftServerImpl.java:<init>(93)) - 4f7977ba-698f-43aa-85aa-fbb4d1ed62bc: new RaftServerImpl for group-BED1011EF2B4:[4658b231-3b79-46f5-9d86-b35d04ea8c23:192.168.157.209:46559, 4f7977ba-698f-43aa-85aa-fbb4d1ed62bc:192.168.157.209:36404, 83e63075-ee01-45f6-9ef0-abd1285db36c:192.168.157.209:44696] with ContainerStateMachine:uninitialized
2019-07-14 11:07:09,720 INFO  server.RaftServerConfigKeys (ConfUtils.java:logGet(43)) - raft.server.rpc.timeout.max = 5200ms (custom)
2019-07-14 11:07:09,721 INFO  server.RaftServerConfigKeys (ConfUtils.java:logGet(43)) - raft.server.rpcslowness.timeout = 120s (custom)
2019-07-14 11:07:09,720 INFO  impl.RaftServerImpl (ServerState.java:<init>(105)) - 83e63075-ee01-45f6-9ef0-abd1285db36c:group-BED1011EF2B4 ConfigurationManager, init=-1: [4658b231-3b79-46f5-9d86-b35d04ea8c23:192.168.157.209:46559, 4f7977ba-698f-43aa-85aa-fbb4d1ed62bc:192.168.157.209:36404, 83e63075-ee01-45f6-9ef0-abd1285db36c:192.168.157.209:44696], old=null, confs=<EMPTY_MAP>
2019-07-14 11:07:09,721 INFO  server.RaftServerConfigKeys (ConfUtils.java:logGet(43)) - raft.server.sleep.deviation.threshold = 300 (default)
2019-07-14 11:07:09,720 INFO  server.RaftServerConfigKeys (ConfUtils.java:logGet(43)) - raft.server.rpc.timeout.min = 5s (custom)
2019-07-14 11:07:09,721 INFO  server.RaftServerConfigKeys (ConfUtils.java:logGet(43)) - raft.server.log.appender.install.snapshot.enabled = false (custom)
2019-07-14 11:07:09,721 INFO  server.RaftServerConfigKeys (ConfUtils.java:logGet(43)) - raft.server.storage.dir = [/workdir/hadoop-ozone/integration-test/target/test-dir/MiniOzoneClusterImpl-d309a403-2708-41a1-968f-5ad9242863dc/datanode-3/data/ratis] (custom)
2019-07-14 11:07:09,721 INFO  impl.RaftServerImpl (ServerState.java:<init>(105)) - 4658b231-3b79-46f5-9d86-b35d04ea8c23:group-BED1011EF2B4 ConfigurationManager, init=-1: [4658b231-3b79-46f5-9d86-b35d04ea8c23:192.168.157.209:46559, 4f7977ba-698f-43aa-85aa-fbb4d1ed62bc:192.168.157.209:36404, 83e63075-ee01-45f6-9ef0-abd1285db36c:192.168.157.209:44696], old=null, confs=<EMPTY_MAP>
2019-07-14 11:07:09,721 INFO  server.RaftServerConfigKeys (ConfUtils.java:logGet(43)) - raft.server.rpc.timeout.max = 5200ms (custom)
2019-07-14 11:07:09,721 INFO  server.RaftServerConfigKeys (ConfUtils.java:logGet(43)) - raft.server.storage.dir = [/workdir/hadoop-ozone/integration-test/target/test-dir/MiniOzoneClusterImpl-d309a403-2708-41a1-968f-5ad9242863dc/datanode-4/data/ratis] (custom)
2019-07-14 11:07:09,722 INFO  storage.RaftStorageDirectory (RaftStorageDirectory.java:analyzeStorage(246)) - The storage directory /workdir/hadoop-ozone/integration-test/target/test-dir/MiniOzoneClusterImpl-d309a403-2708-41a1-968f-5ad9242863dc/datanode-3/data/ratis/ae6e3807-7f8d-4709-9663-bed1011ef2b4 does not exist. Creating ...
2019-07-14 11:07:09,722 INFO  server.RaftServerConfigKeys (ConfUtils.java:logGet(43)) - raft.server.rpcslowness.timeout = 120s (custom)
2019-07-14 11:07:09,722 INFO  server.RaftServerConfigKeys (ConfUtils.java:logGet(43)) - raft.server.sleep.deviation.threshold = 300 (default)
2019-07-14 11:07:09,722 INFO  storage.RaftStorageDirectory (RaftStorageDirectory.java:analyzeStorage(246)) - The storage directory /workdir/hadoop-ozone/integration-test/target/test-dir/MiniOzoneClusterImpl-d309a403-2708-41a1-968f-5ad9242863dc/datanode-4/data/ratis/ae6e3807-7f8d-4709-9663-bed1011ef2b4 does not exist. Creating ...
2019-07-14 11:07:09,722 INFO  server.RaftServerConfigKeys (ConfUtils.java:logGet(43)) - raft.server.log.appender.install.snapshot.enabled = false (custom)
2019-07-14 11:07:09,722 INFO  impl.RaftServerImpl (ServerState.java:<init>(105)) - 4f7977ba-698f-43aa-85aa-fbb4d1ed62bc:group-BED1011EF2B4 ConfigurationManager, init=-1: [4658b231-3b79-46f5-9d86-b35d04ea8c23:192.168.157.209:46559, 4f7977ba-698f-43aa-85aa-fbb4d1ed62bc:192.168.157.209:36404, 83e63075-ee01-45f6-9ef0-abd1285db36c:192.168.157.209:44696], old=null, confs=<EMPTY_MAP>
2019-07-14 11:07:09,722 INFO  server.RaftServerConfigKeys (ConfUtils.java:logGet(43)) - raft.server.storage.dir = [/workdir/hadoop-ozone/integration-test/target/test-dir/MiniOzoneClusterImpl-d309a403-2708-41a1-968f-5ad9242863dc/datanode-5/data/ratis] (custom)
2019-07-14 11:07:09,723 INFO  storage.RaftStorageDirectory (RaftStorageDirectory.java:analyzeStorage(246)) - The storage directory /workdir/hadoop-ozone/integration-test/target/test-dir/MiniOzoneClusterImpl-d309a403-2708-41a1-968f-5ad9242863dc/datanode-5/data/ratis/ae6e3807-7f8d-4709-9663-bed1011ef2b4 does not exist. Creating ...
2019-07-14 11:07:09,735 INFO  storage.RaftStorageDirectory (RaftStorageDirectory.java:tryLock(328)) - Lock on /workdir/hadoop-ozone/integration-test/target/test-dir/MiniOzoneClusterImpl-d309a403-2708-41a1-968f-5ad9242863dc/datanode-4/data/ratis/ae6e3807-7f8d-4709-9663-bed1011ef2b4/in_use.lock acquired by nodename 22243@trunk-nightly-fxmrv-2540794721
2019-07-14 11:07:09,735 INFO  storage.RaftStorageDirectory (RaftStorageDirectory.java:tryLock(328)) - Lock on /workdir/hadoop-ozone/integration-test/target/test-dir/MiniOzoneClusterImpl-d309a403-2708-41a1-968f-5ad9242863dc/datanode-3/data/ratis/ae6e3807-7f8d-4709-9663-bed1011ef2b4/in_use.lock acquired by nodename 22243@trunk-nightly-fxmrv-2540794721
2019-07-14 11:07:09,735 INFO  storage.RaftStorageDirectory (RaftStorageDirectory.java:tryLock(328)) - Lock on /workdir/hadoop-ozone/integration-test/target/test-dir/MiniOzoneClusterImpl-d309a403-2708-41a1-968f-5ad9242863dc/datanode-5/data/ratis/ae6e3807-7f8d-4709-9663-bed1011ef2b4/in_use.lock acquired by nodename 22243@trunk-nightly-fxmrv-2540794721
2019-07-14 11:07:09,750 INFO  storage.RaftStorage (RaftStorage.java:format(72)) - Storage directory /workdir/hadoop-ozone/integration-test/target/test-dir/MiniOzoneClusterImpl-d309a403-2708-41a1-968f-5ad9242863dc/datanode-4/data/ratis/ae6e3807-7f8d-4709-9663-bed1011ef2b4 has been successfully formatted.
2019-07-14 11:07:09,750 INFO  storage.RaftStorage (RaftStorage.java:format(72)) - Storage directory /workdir/hadoop-ozone/integration-test/target/test-dir/MiniOzoneClusterImpl-d309a403-2708-41a1-968f-5ad9242863dc/datanode-3/data/ratis/ae6e3807-7f8d-4709-9663-bed1011ef2b4 has been successfully formatted.
2019-07-14 11:07:09,750 INFO  storage.RaftStorage (RaftStorage.java:format(72)) - Storage directory /workdir/hadoop-ozone/integration-test/target/test-dir/MiniOzoneClusterImpl-d309a403-2708-41a1-968f-5ad9242863dc/datanode-5/data/ratis/ae6e3807-7f8d-4709-9663-bed1011ef2b4 has been successfully formatted.
2019-07-14 11:07:09,750 INFO  ratis.ContainerStateMachine (ContainerStateMachine.java:loadSnapshot(200)) - group-BED1011EF2B4: The snapshot info is null. Setting the last applied indexto:(t:0, i:~)
2019-07-14 11:07:09,750 INFO  ratis.ContainerStateMachine (ContainerStateMachine.java:loadSnapshot(200)) - group-BED1011EF2B4: The snapshot info is null. Setting the last applied indexto:(t:0, i:~)
2019-07-14 11:07:09,750 INFO  ratis.ContainerStateMachine (ContainerStateMachine.java:loadSnapshot(200)) - group-BED1011EF2B4: The snapshot info is null. Setting the last applied indexto:(t:0, i:~)
2019-07-14 11:07:09,750 INFO  server.RaftServerConfigKeys (ConfUtils.java:logGet(43)) - raft.server.leader.election.timeout = 120s (custom)
2019-07-14 11:07:09,750 INFO  server.RaftServerConfigKeys (ConfUtils.java:logGet(43)) - raft.server.leader.election.timeout = 120s (custom)
2019-07-14 11:07:09,751 INFO  server.RaftServerConfigKeys (ConfUtils.java:logGet(43)) - raft.server.log.use.memory = false (default)
2019-07-14 11:07:09,750 INFO  server.RaftServerConfigKeys (ConfUtils.java:logGet(43)) - raft.server.leader.election.timeout = 120s (custom)
2019-07-14 11:07:09,751 INFO  server.RaftServerConfigKeys (ConfUtils.java:logGet(43)) - raft.server.log.purge.gap = 1000000000 (custom)
2019-07-14 11:07:09,751 INFO  server.RaftServerConfigKeys (ConfUtils.java:logGet(43)) - raft.server.log.use.memory = false (default)
2019-07-14 11:07:09,751 INFO  server.RaftServerConfigKeys (ConfUtils.java:logGet(43)) - raft.server.log.appender.buffer.byte-limit = 33554432 (custom)
2019-07-14 11:07:09,751 INFO  server.RaftServerConfigKeys (ConfUtils.java:logGet(43)) - raft.server.log.use.memory = false (default)
2019-07-14 11:07:09,751 INFO  server.RaftServerConfigKeys (ConfUtils.java:logGet(43)) - raft.server.log.segment.size.max = 1048576 (custom)
2019-07-14 11:07:09,751 INFO  server.RaftServerConfigKeys (ConfUtils.java:logGet(43)) - raft.server.log.purge.gap = 1000000000 (custom)
2019-07-14 11:07:09,752 INFO  server.RaftServerConfigKeys (ConfUtils.java:logGet(43)) - raft.server.log.segment.cache.num.max = 2 (custom)
2019-07-14 11:07:09,751 INFO  server.RaftServerConfigKeys (ConfUtils.java:logGet(43)) - raft.server.log.purge.gap = 1000000000 (custom)
2019-07-14 11:07:09,752 INFO  segmented.SegmentedRaftLogWorker (SegmentedRaftLogWorker.java:<init>(172)) - new 4f7977ba-698f-43aa-85aa-fbb4d1ed62bc-SegmentedRaftLogWorker:Storage Directory /workdir/hadoop-ozone/integration-test/target/test-dir/MiniOzoneClusterImpl-d309a403-2708-41a1-968f-5ad9242863dc/datanode-5/data/ratis/ae6e3807-7f8d-4709-9663-bed1011ef2b4 for RaftStorage:Storage Directory /workdir/hadoop-ozone/integration-test/target/test-dir/MiniOzoneClusterImpl-d309a403-2708-41a1-968f-5ad9242863dc/datanode-5/data/ratis/ae6e3807-7f8d-4709-9663-bed1011ef2b4
2019-07-14 11:07:09,752 INFO  server.RaftServerConfigKeys (ConfUtils.java:logGet(43)) - raft.server.log.appender.buffer.byte-limit = 33554432 (custom)
2019-07-14 11:07:09,752 INFO  server.RaftServerConfigKeys (ConfUtils.java:logGet(43)) - raft.server.log.queue.byte-limit = 2147483647 (custom)
2019-07-14 11:07:09,752 INFO  server.RaftServerConfigKeys (ConfUtils.java:logGet(43)) - raft.server.log.queue.element-limit = 1024 (custom)
2019-07-14 11:07:09,752 INFO  server.RaftServerConfigKeys (ConfUtils.java:logGet(43)) - raft.server.log.appender.buffer.byte-limit = 33554432 (custom)
2019-07-14 11:07:09,753 INFO  server.RaftServerConfigKeys (ConfUtils.java:logGet(43)) - raft.server.log.segment.size.max = 1048576 (custom)
2019-07-14 11:07:09,752 INFO  server.RaftServerConfigKeys (ConfUtils.java:logGet(43)) - raft.server.log.segment.size.max = 1048576 (custom)
2019-07-14 11:07:09,753 INFO  server.RaftServerConfigKeys (ConfUtils.java:logGet(43)) - raft.server.log.preallocated.size = 16384 (custom)
2019-07-14 11:07:09,753 INFO  server.RaftServerConfigKeys (ConfUtils.java:logGet(43)) - raft.server.log.segment.size.max = 1048576 (custom)
2019-07-14 11:07:09,753 INFO  server.RaftServerConfigKeys (ConfUtils.java:logGet(43)) - raft.server.log.write.buffer.size = 33554432 (custom)
2019-07-14 11:07:09,753 INFO  server.RaftServerConfigKeys (ConfUtils.java:logGet(43)) - raft.server.log.force.sync.num = 128 (default)
2019-07-14 11:07:09,753 INFO  server.RaftServerConfigKeys (ConfUtils.java:logGet(43)) - raft.server.log.segment.cache.num.max = 2 (custom)
2019-07-14 11:07:09,754 INFO  server.RaftServerConfigKeys (ConfUtils.java:logGet(43)) - raft.server.log.statemachine.data.sync = true (default)
2019-07-14 11:07:09,753 INFO  server.RaftServerConfigKeys (ConfUtils.java:logGet(43)) - raft.server.log.segment.cache.num.max = 2 (custom)
2019-07-14 11:07:09,754 INFO  server.RaftServerConfigKeys (ConfUtils.java:logGet(43)) - raft.server.log.statemachine.data.sync.timeout = 10s (default)
2019-07-14 11:07:09,754 INFO  server.RaftServerConfigKeys (ConfUtils.java:logGet(43)) - raft.server.log.statemachine.data.sync.timeout.retry = -1 (default)
2019-07-14 11:07:09,754 INFO  segmented.SegmentedRaftLogWorker (SegmentedRaftLogWorker.java:<init>(172)) - new 4658b231-3b79-46f5-9d86-b35d04ea8c23-SegmentedRaftLogWorker:Storage Directory /workdir/hadoop-ozone/integration-test/target/test-dir/MiniOzoneClusterImpl-d309a403-2708-41a1-968f-5ad9242863dc/datanode-4/data/ratis/ae6e3807-7f8d-4709-9663-bed1011ef2b4 for RaftStorage:Storage Directory /workdir/hadoop-ozone/integration-test/target/test-dir/MiniOzoneClusterImpl-d309a403-2708-41a1-968f-5ad9242863dc/datanode-4/data/ratis/ae6e3807-7f8d-4709-9663-bed1011ef2b4
2019-07-14 11:07:09,754 INFO  server.RaftServerConfigKeys (ConfUtils.java:logGet(43)) - raft.server.log.statemachine.data.caching.enabled = true (custom)
2019-07-14 11:07:09,754 INFO  segmented.SegmentedRaftLogWorker (SegmentedRaftLogWorker.java:<init>(172)) - new 83e63075-ee01-45f6-9ef0-abd1285db36c-SegmentedRaftLogWorker:Storage Directory /workdir/hadoop-ozone/integration-test/target/test-dir/MiniOzoneClusterImpl-d309a403-2708-41a1-968f-5ad9242863dc/datanode-3/data/ratis/ae6e3807-7f8d-4709-9663-bed1011ef2b4 for RaftStorage:Storage Directory /workdir/hadoop-ozone/integration-test/target/test-dir/MiniOzoneClusterImpl-d309a403-2708-41a1-968f-5ad9242863dc/datanode-3/data/ratis/ae6e3807-7f8d-4709-9663-bed1011ef2b4
2019-07-14 11:07:09,754 INFO  server.RaftServerConfigKeys (ConfUtils.java:logGet(43)) - raft.server.log.queue.byte-limit = 2147483647 (custom)
2019-07-14 11:07:09,755 INFO  server.RaftServerConfigKeys (ConfUtils.java:logGet(43)) - raft.server.log.queue.byte-limit = 2147483647 (custom)
2019-07-14 11:07:09,755 INFO  segmented.SegmentedRaftLogWorker (SegmentedRaftLogWorker.java:lambda$new$0(132)) - 4f7977ba-698f-43aa-85aa-fbb4d1ed62bc-SegmentedRaftLogWorker:Storage Directory /workdir/hadoop-ozone/integration-test/target/test-dir/MiniOzoneClusterImpl-d309a403-2708-41a1-968f-5ad9242863dc/datanode-5/data/ratis/ae6e3807-7f8d-4709-9663-bed1011ef2b4: flushIndex: setUnconditionally 0 -> -1
2019-07-14 11:07:09,755 INFO  server.RaftServerConfigKeys (ConfUtils.java:logGet(43)) - raft.server.log.queue.element-limit = 1024 (custom)
2019-07-14 11:07:09,755 INFO  server.RaftServerConfigKeys (ConfUtils.java:logGet(43)) - raft.server.log.queue.element-limit = 1024 (custom)
2019-07-14 11:07:09,755 INFO  server.RaftServerConfigKeys (ConfUtils.java:logGet(43)) - raft.server.snapshot.auto.trigger.enabled = true (custom)
2019-07-14 11:07:09,755 INFO  server.RaftServerConfigKeys (ConfUtils.java:logGet(43)) - raft.server.log.segment.size.max = 1048576 (custom)
2019-07-14 11:07:09,756 INFO  server.RaftServerConfigKeys (ConfUtils.java:logGet(43)) - raft.server.snapshot.auto.trigger.threshold = 10000 (custom)
2019-07-14 11:07:09,755 INFO  server.RaftServerConfigKeys (ConfUtils.java:logGet(43)) - raft.server.log.segment.size.max = 1048576 (custom)
2019-07-14 11:07:09,756 INFO  server.RaftServerConfigKeys (ConfUtils.java:logGet(43)) - raft.server.retrycache.expirytime = 600000ms (custom)
2019-07-14 11:07:09,756 INFO  server.RaftServerConfigKeys (ConfUtils.java:logGet(43)) - raft.server.log.preallocated.size = 16384 (custom)
2019-07-14 11:07:09,756 INFO  impl.RaftServerImpl (RaftServerImpl.java:start(180)) - 4f7977ba-698f-43aa-85aa-fbb4d1ed62bc: start group-BED1011EF2B4
2019-07-14 11:07:09,756 INFO  server.RaftServerConfigKeys (ConfUtils.java:logGet(43)) - raft.server.log.preallocated.size = 16384 (custom)
2019-07-14 11:07:09,756 INFO  impl.RaftServerImpl (RaftServerImpl.java:setRole(171)) - 4f7977ba-698f-43aa-85aa-fbb4d1ed62bc:group-BED1011EF2B4 changes role from null to FOLLOWER at term 0 for startAsFollower
2019-07-14 11:07:09,756 INFO  server.RaftServerConfigKeys (ConfUtils.java:logGet(43)) - raft.server.log.write.buffer.size = 33554432 (custom)
2019-07-14 11:07:09,757 INFO  impl.RoleInfo (RoleInfo.java:updateAndGet(143)) - 4f7977ba-698f-43aa-85aa-fbb4d1ed62bc: start FollowerState
2019-07-14 11:07:09,757 INFO  server.RaftServerConfigKeys (ConfUtils.java:logGet(43)) - raft.server.log.write.buffer.size = 33554432 (custom)
2019-07-14 11:07:09,757 INFO  server.RaftServerConfigKeys (ConfUtils.java:logGet(43)) - raft.server.log.force.sync.num = 128 (default)
2019-07-14 11:07:09,757 INFO  server.RaftServerConfigKeys (ConfUtils.java:logGet(43)) - raft.server.log.force.sync.num = 128 (default)
2019-07-14 11:07:09,757 INFO  util.JmxRegister (JmxRegister.java:tryRegister(44)) - Successfully registered JMX Bean with object name Ratis:service=RaftServer,group=group-BED1011EF2B4,id=4f7977ba-698f-43aa-85aa-fbb4d1ed62bc
2019-07-14 11:07:09,757 INFO  server.RaftServerConfigKeys (ConfUtils.java:logGet(43)) - raft.server.log.statemachine.data.sync = true (default)
2019-07-14 11:07:09,757 INFO  server.RaftServerConfigKeys (ConfUtils.java:logGet(43)) - raft.server.log.statemachine.data.sync = true (default)
2019-07-14 11:07:09,758 INFO  server.RaftServerConfigKeys (ConfUtils.java:logGet(43)) - raft.server.log.statemachine.data.sync.timeout = 10s (default)
2019-07-14 11:07:09,758 INFO  server.RaftServerConfigKeys (ConfUtils.java:logGet(43)) - raft.server.log.statemachine.data.sync.timeout = 10s (default)
2019-07-14 11:07:09,758 INFO  server.RaftServerConfigKeys (ConfUtils.java:logGet(43)) - raft.server.log.statemachine.data.sync.timeout.retry = -1 (default)
2019-07-14 11:07:09,758 INFO  server.RaftServerConfigKeys (ConfUtils.java:logGet(43)) - raft.server.log.statemachine.data.sync.timeout.retry = -1 (default)
2019-07-14 11:07:09,758 INFO  server.RaftServerConfigKeys (ConfUtils.java:logGet(43)) - raft.server.log.statemachine.data.caching.enabled = true (custom)
2019-07-14 11:07:09,758 INFO  server.RaftServerConfigKeys (ConfUtils.java:logGet(43)) - raft.server.log.statemachine.data.caching.enabled = true (custom)
2019-07-14 11:07:09,759 INFO  segmented.SegmentedRaftLogWorker (SegmentedRaftLogWorker.java:lambda$new$0(132)) - 83e63075-ee01-45f6-9ef0-abd1285db36c-SegmentedRaftLogWorker:Storage Directory /workdir/hadoop-ozone/integration-test/target/test-dir/MiniOzoneClusterImpl-d309a403-2708-41a1-968f-5ad9242863dc/datanode-3/data/ratis/ae6e3807-7f8d-4709-9663-bed1011ef2b4: flushIndex: setUnconditionally 0 -> -1
2019-07-14 11:07:09,759 INFO  segmented.SegmentedRaftLogWorker (SegmentedRaftLogWorker.java:lambda$new$0(132)) - 4658b231-3b79-46f5-9d86-b35d04ea8c23-SegmentedRaftLogWorker:Storage Directory /workdir/hadoop-ozone/integration-test/target/test-dir/MiniOzoneClusterImpl-d309a403-2708-41a1-968f-5ad9242863dc/datanode-4/data/ratis/ae6e3807-7f8d-4709-9663-bed1011ef2b4: flushIndex: setUnconditionally 0 -> -1
2019-07-14 11:07:09,759 INFO  server.RaftServerConfigKeys (ConfUtils.java:logGet(43)) - raft.server.snapshot.auto.trigger.enabled = true (custom)
2019-07-14 11:07:09,759 INFO  server.RaftServerConfigKeys (ConfUtils.java:logGet(43)) - raft.server.snapshot.auto.trigger.threshold = 10000 (custom)
2019-07-14 11:07:09,759 INFO  server.RaftServerConfigKeys (ConfUtils.java:logGet(43)) - raft.server.snapshot.auto.trigger.enabled = true (custom)
2019-07-14 11:07:09,759 INFO  server.RaftServerConfigKeys (ConfUtils.java:logGet(43)) - raft.server.retrycache.expirytime = 600000ms (custom)
2019-07-14 11:07:09,760 INFO  server.RaftServerConfigKeys (ConfUtils.java:logGet(43)) - raft.server.snapshot.auto.trigger.threshold = 10000 (custom)
2019-07-14 11:07:09,760 INFO  impl.RaftServerImpl (RaftServerImpl.java:start(180)) - 83e63075-ee01-45f6-9ef0-abd1285db36c: start group-BED1011EF2B4
2019-07-14 11:07:09,760 INFO  server.RaftServerConfigKeys (ConfUtils.java:logGet(43)) - raft.server.retrycache.expirytime = 600000ms (custom)
2019-07-14 11:07:09,760 INFO  impl.RaftServerImpl (RaftServerImpl.java:setRole(171)) - 83e63075-ee01-45f6-9ef0-abd1285db36c:group-BED1011EF2B4 changes role from null to FOLLOWER at term 0 for startAsFollower
2019-07-14 11:07:09,760 INFO  impl.RaftServerImpl (RaftServerImpl.java:start(180)) - 4658b231-3b79-46f5-9d86-b35d04ea8c23: start group-BED1011EF2B4
2019-07-14 11:07:09,760 INFO  impl.RoleInfo (RoleInfo.java:updateAndGet(143)) - 83e63075-ee01-45f6-9ef0-abd1285db36c: start FollowerState
2019-07-14 11:07:09,760 INFO  impl.RaftServerImpl (RaftServerImpl.java:setRole(171)) - 4658b231-3b79-46f5-9d86-b35d04ea8c23:group-BED1011EF2B4 changes role from null to FOLLOWER at term 0 for startAsFollower
2019-07-14 11:07:09,761 INFO  impl.RoleInfo (RoleInfo.java:updateAndGet(143)) - 4658b231-3b79-46f5-9d86-b35d04ea8c23: start FollowerState
2019-07-14 11:07:09,761 INFO  util.JmxRegister (JmxRegister.java:tryRegister(44)) - Successfully registered JMX Bean with object name Ratis:service=RaftServer,group=group-BED1011EF2B4,id=83e63075-ee01-45f6-9ef0-abd1285db36c
2019-07-14 11:07:09,761 INFO  util.JmxRegister (JmxRegister.java:tryRegister(44)) - Successfully registered JMX Bean with object name Ratis:service=RaftServer,group=group-BED1011EF2B4,id=4658b231-3b79-46f5-9d86-b35d04ea8c23
2019-07-14 11:07:09,763 INFO  pipeline.PipelineStateManager (PipelineStateManager.java:addPipeline(56)) - Created pipeline Pipeline[ Id: ae6e3807-7f8d-4709-9663-bed1011ef2b4, Nodes: 83e63075-ee01-45f6-9ef0-abd1285db36c{ip: 192.168.157.209, host: trunk-nightly-fxmrv-2540794721, networkLocation: /default-rack, certSerialId: null}4658b231-3b79-46f5-9d86-b35d04ea8c23{ip: 192.168.157.209, host: trunk-nightly-fxmrv-2540794721, networkLocation: /default-rack, certSerialId: null}4f7977ba-698f-43aa-85aa-fbb4d1ed62bc{ip: 192.168.157.209, host: trunk-nightly-fxmrv-2540794721, networkLocation: /default-rack, certSerialId: null}, Type:RATIS, Factor:THREE, State:OPEN]
2019-07-14 11:07:09,905 INFO  ozone.MiniOzoneClusterImpl (MiniOzoneClusterImpl.java:lambda$waitForClusterToBeReady$0(142)) - Waiting for cluster to be ready. Got 6 of 7 DN Heartbeats.
2019-07-14 11:07:09,906 INFO  node.SCMNodeManager (SCMNodeManager.java:register(269)) - Registered Data node : ae6d04e4-4e3e-4a9f-9012-ff5b8df3a9ba{ip: 192.168.157.209, host: trunk-nightly-fxmrv-2540794721, networkLocation: /default-rack, certSerialId: null}
2019-07-14 11:07:09,919 INFO  impl.RaftServerProxy (RaftServerProxy.java:addNew(89)) - ae6d04e4-4e3e-4a9f-9012-ff5b8df3a9ba: addNew group-762078FF6392:[ae6d04e4-4e3e-4a9f-9012-ff5b8df3a9ba:192.168.157.209:34388] returns group-762078FF6392:java.util.concurrent.CompletableFuture@12de2114[Not completed]
2019-07-14 11:07:09,920 INFO  impl.RaftServerImpl (RaftServerImpl.java:<init>(93)) - ae6d04e4-4e3e-4a9f-9012-ff5b8df3a9ba: new RaftServerImpl for group-762078FF6392:[ae6d04e4-4e3e-4a9f-9012-ff5b8df3a9ba:192.168.157.209:34388] with ContainerStateMachine:uninitialized
2019-07-14 11:07:09,920 INFO  server.RaftServerConfigKeys (ConfUtils.java:logGet(43)) - raft.server.rpc.timeout.min = 5s (custom)
2019-07-14 11:07:09,920 INFO  server.RaftServerConfigKeys (ConfUtils.java:logGet(43)) - raft.server.rpc.timeout.max = 5200ms (custom)
2019-07-14 11:07:09,921 INFO  server.RaftServerConfigKeys (ConfUtils.java:logGet(43)) - raft.server.rpcslowness.timeout = 120s (custom)
2019-07-14 11:07:09,921 INFO  server.RaftServerConfigKeys (ConfUtils.java:logGet(43)) - raft.server.sleep.deviation.threshold = 300 (default)
2019-07-14 11:07:09,921 INFO  server.RaftServerConfigKeys (ConfUtils.java:logGet(43)) - raft.server.log.appender.install.snapshot.enabled = false (custom)
2019-07-14 11:07:09,921 INFO  impl.RaftServerImpl (ServerState.java:<init>(105)) - ae6d04e4-4e3e-4a9f-9012-ff5b8df3a9ba:group-762078FF6392 ConfigurationManager, init=-1: [ae6d04e4-4e3e-4a9f-9012-ff5b8df3a9ba:192.168.157.209:34388], old=null, confs=<EMPTY_MAP>
2019-07-14 11:07:09,921 INFO  server.RaftServerConfigKeys (ConfUtils.java:logGet(43)) - raft.server.storage.dir = [/workdir/hadoop-ozone/integration-test/target/test-dir/MiniOzoneClusterImpl-d309a403-2708-41a1-968f-5ad9242863dc/datanode-6/data/ratis] (custom)
2019-07-14 11:07:09,922 INFO  storage.RaftStorageDirectory (RaftStorageDirectory.java:analyzeStorage(246)) - The storage directory /workdir/hadoop-ozone/integration-test/target/test-dir/MiniOzoneClusterImpl-d309a403-2708-41a1-968f-5ad9242863dc/datanode-6/data/ratis/4d611cb1-a867-45e7-abc7-762078ff6392 does not exist. Creating ...
2019-07-14 11:07:09,948 INFO  storage.RaftStorageDirectory (RaftStorageDirectory.java:tryLock(328)) - Lock on /workdir/hadoop-ozone/integration-test/target/test-dir/MiniOzoneClusterImpl-d309a403-2708-41a1-968f-5ad9242863dc/datanode-6/data/ratis/4d611cb1-a867-45e7-abc7-762078ff6392/in_use.lock acquired by nodename 22243@trunk-nightly-fxmrv-2540794721
2019-07-14 11:07:09,962 INFO  storage.RaftStorage (RaftStorage.java:format(72)) - Storage directory /workdir/hadoop-ozone/integration-test/target/test-dir/MiniOzoneClusterImpl-d309a403-2708-41a1-968f-5ad9242863dc/datanode-6/data/ratis/4d611cb1-a867-45e7-abc7-762078ff6392 has been successfully formatted.
2019-07-14 11:07:09,962 INFO  ratis.ContainerStateMachine (ContainerStateMachine.java:loadSnapshot(200)) - group-762078FF6392: The snapshot info is null. Setting the last applied indexto:(t:0, i:~)
2019-07-14 11:07:09,962 INFO  server.RaftServerConfigKeys (ConfUtils.java:logGet(43)) - raft.server.leader.election.timeout = 120s (custom)
2019-07-14 11:07:09,962 INFO  server.RaftServerConfigKeys (ConfUtils.java:logGet(43)) - raft.server.log.use.memory = false (default)
2019-07-14 11:07:09,963 INFO  server.RaftServerConfigKeys (ConfUtils.java:logGet(43)) - raft.server.log.purge.gap = 1000000000 (custom)
2019-07-14 11:07:09,963 INFO  server.RaftServerConfigKeys (ConfUtils.java:logGet(43)) - raft.server.log.appender.buffer.byte-limit = 33554432 (custom)
2019-07-14 11:07:09,963 INFO  server.RaftServerConfigKeys (ConfUtils.java:logGet(43)) - raft.server.log.segment.size.max = 1048576 (custom)
2019-07-14 11:07:09,963 INFO  server.RaftServerConfigKeys (ConfUtils.java:logGet(43)) - raft.server.log.segment.cache.num.max = 2 (custom)
2019-07-14 11:07:09,963 INFO  segmented.SegmentedRaftLogWorker (SegmentedRaftLogWorker.java:<init>(172)) - new ae6d04e4-4e3e-4a9f-9012-ff5b8df3a9ba-SegmentedRaftLogWorker:Storage Directory /workdir/hadoop-ozone/integration-test/target/test-dir/MiniOzoneClusterImpl-d309a403-2708-41a1-968f-5ad9242863dc/datanode-6/data/ratis/4d611cb1-a867-45e7-abc7-762078ff6392 for RaftStorage:Storage Directory /workdir/hadoop-ozone/integration-test/target/test-dir/MiniOzoneClusterImpl-d309a403-2708-41a1-968f-5ad9242863dc/datanode-6/data/ratis/4d611cb1-a867-45e7-abc7-762078ff6392
2019-07-14 11:07:09,964 INFO  server.RaftServerConfigKeys (ConfUtils.java:logGet(43)) - raft.server.log.queue.byte-limit = 2147483647 (custom)
2019-07-14 11:07:09,964 INFO  server.RaftServerConfigKeys (ConfUtils.java:logGet(43)) - raft.server.log.queue.element-limit = 1024 (custom)
2019-07-14 11:07:09,964 INFO  server.RaftServerConfigKeys (ConfUtils.java:logGet(43)) - raft.server.log.segment.size.max = 1048576 (custom)
2019-07-14 11:07:09,964 INFO  server.RaftServerConfigKeys (ConfUtils.java:logGet(43)) - raft.server.log.preallocated.size = 16384 (custom)
2019-07-14 11:07:09,965 INFO  server.RaftServerConfigKeys (ConfUtils.java:logGet(43)) - raft.server.log.write.buffer.size = 33554432 (custom)
2019-07-14 11:07:09,965 INFO  server.RaftServerConfigKeys (ConfUtils.java:logGet(43)) - raft.server.log.force.sync.num = 128 (default)
2019-07-14 11:07:09,965 INFO  server.RaftServerConfigKeys (ConfUtils.java:logGet(43)) - raft.server.log.statemachine.data.sync = true (default)
2019-07-14 11:07:09,965 INFO  server.RaftServerConfigKeys (ConfUtils.java:logGet(43)) - raft.server.log.statemachine.data.sync.timeout = 10s (default)
2019-07-14 11:07:09,965 INFO  server.RaftServerConfigKeys (ConfUtils.java:logGet(43)) - raft.server.log.statemachine.data.sync.timeout.retry = -1 (default)
2019-07-14 11:07:09,966 INFO  server.RaftServerConfigKeys (ConfUtils.java:logGet(43)) - raft.server.log.statemachine.data.caching.enabled = true (custom)
2019-07-14 11:07:09,966 INFO  segmented.SegmentedRaftLogWorker (SegmentedRaftLogWorker.java:lambda$new$0(132)) - ae6d04e4-4e3e-4a9f-9012-ff5b8df3a9ba-SegmentedRaftLogWorker:Storage Directory /workdir/hadoop-ozone/integration-test/target/test-dir/MiniOzoneClusterImpl-d309a403-2708-41a1-968f-5ad9242863dc/datanode-6/data/ratis/4d611cb1-a867-45e7-abc7-762078ff6392: flushIndex: setUnconditionally 0 -> -1
2019-07-14 11:07:09,967 INFO  server.RaftServerConfigKeys (ConfUtils.java:logGet(43)) - raft.server.snapshot.auto.trigger.enabled = true (custom)
2019-07-14 11:07:09,967 INFO  server.RaftServerConfigKeys (ConfUtils.java:logGet(43)) - raft.server.snapshot.auto.trigger.threshold = 10000 (custom)
2019-07-14 11:07:09,967 INFO  server.RaftServerConfigKeys (ConfUtils.java:logGet(43)) - raft.server.retrycache.expirytime = 600000ms (custom)
2019-07-14 11:07:09,967 INFO  impl.RaftServerImpl (RaftServerImpl.java:start(180)) - ae6d04e4-4e3e-4a9f-9012-ff5b8df3a9ba: start group-762078FF6392
2019-07-14 11:07:09,968 INFO  impl.RaftServerImpl (RaftServerImpl.java:setRole(171)) - ae6d04e4-4e3e-4a9f-9012-ff5b8df3a9ba:group-762078FF6392 changes role from null to FOLLOWER at term 0 for startAsFollower
2019-07-14 11:07:09,968 INFO  impl.RoleInfo (RoleInfo.java:updateAndGet(143)) - ae6d04e4-4e3e-4a9f-9012-ff5b8df3a9ba: start FollowerState
2019-07-14 11:07:09,968 INFO  util.JmxRegister (JmxRegister.java:tryRegister(44)) - Successfully registered JMX Bean with object name Ratis:service=RaftServer,group=group-762078FF6392,id=ae6d04e4-4e3e-4a9f-9012-ff5b8df3a9ba
2019-07-14 11:07:09,970 INFO  pipeline.PipelineStateManager (PipelineStateManager.java:addPipeline(56)) - Created pipeline Pipeline[ Id: 4d611cb1-a867-45e7-abc7-762078ff6392, Nodes: ae6d04e4-4e3e-4a9f-9012-ff5b8df3a9ba{ip: 192.168.157.209, host: trunk-nightly-fxmrv-2540794721, networkLocation: /default-rack, certSerialId: null}, Type:RATIS, Factor:ONE, State:OPEN]
2019-07-14 11:07:10,905 INFO  ozone.MiniOzoneClusterImpl (MiniOzoneClusterImpl.java:lambda$waitForClusterToBeReady$0(142)) - Cluster is ready. Got 7 of 7 DN Heartbeats.
2019-07-14 11:07:10,941 INFO  rpc.RpcClient (RpcClient.java:createVolume(287)) - Creating Volume: testblockoutputstream, with jenkins1000 as owner.
2019-07-14 11:07:10,959 INFO  rpc.RpcClient (RpcClient.java:createBucket(424)) - Creating Bucket: testblockoutputstream/testblockoutputstream, with Versioning false and Storage Type set to DISK and Encryption set to false 
2019-07-14 11:07:10,993 INFO  client.GrpcClientProtocolClient (GrpcClientProtocolClient.java:onNext(255)) - client-8622521AFA5F->fce50fe2-5005-43f5-bbbf-02a7ac9174af: receive RaftClientReply:client-8622521AFA5F->fce50fe2-5005-43f5-bbbf-02a7ac9174af@group-F9E8E5AC3E71, cid=183, FAILED org.apache.ratis.protocol.NotLeaderException: Server fce50fe2-5005-43f5-bbbf-02a7ac9174af is not the leader (null). Request must be sent to leader., logIndex=0, commits[fce50fe2-5005-43f5-bbbf-02a7ac9174af:c-1]
2019-07-14 11:07:11,623 INFO  container.ReplicationManager (ReplicationManager.java:start(155)) - Starting Replication Monitor Thread.
2019-07-14 11:07:11,626 INFO  container.ReplicationManager (ReplicationManager.java:run(207)) - Replication Monitor Thread took 0 milliseconds for processing 1 containers.
2019-07-14 11:07:12,015 INFO  client.GrpcClientProtocolClient (GrpcClientProtocolClient.java:onNext(255)) - client-8622521AFA5F->fb8cf17b-1c9f-48a9-ad3d-5c62292e88c7: receive RaftClientReply:client-8622521AFA5F->fb8cf17b-1c9f-48a9-ad3d-5c62292e88c7@group-F9E8E5AC3E71, cid=183, FAILED org.apache.ratis.protocol.NotLeaderException: Server fb8cf17b-1c9f-48a9-ad3d-5c62292e88c7 is not the leader (null). Request must be sent to leader., logIndex=0, commits[fb8cf17b-1c9f-48a9-ad3d-5c62292e88c7:c-1]
2019-07-14 11:07:13,029 INFO  client.GrpcClientProtocolClient (GrpcClientProtocolClient.java:onNext(255)) - client-8622521AFA5F->fce50fe2-5005-43f5-bbbf-02a7ac9174af: receive RaftClientReply:client-8622521AFA5F->fce50fe2-5005-43f5-bbbf-02a7ac9174af@group-F9E8E5AC3E71, cid=183, FAILED org.apache.ratis.protocol.NotLeaderException: Server fce50fe2-5005-43f5-bbbf-02a7ac9174af is not the leader (null). Request must be sent to leader., logIndex=0, commits[fce50fe2-5005-43f5-bbbf-02a7ac9174af:c-1]
2019-07-14 11:07:13,826 INFO  impl.FollowerState (FollowerState.java:run(106)) - fce50fe2-5005-43f5-bbbf-02a7ac9174af:group-0FF7270C0372 changes to CANDIDATE, lastRpcTime:5148, electionTimeout:5148ms
2019-07-14 11:07:13,826 INFO  impl.RoleInfo (RoleInfo.java:shutdownFollowerState(121)) - fce50fe2-5005-43f5-bbbf-02a7ac9174af: shutdown FollowerState
2019-07-14 11:07:13,826 INFO  impl.RaftServerImpl (RaftServerImpl.java:setRole(171)) - fce50fe2-5005-43f5-bbbf-02a7ac9174af:group-0FF7270C0372 changes role from FOLLOWER to CANDIDATE at term 0 for changeToCandidate
2019-07-14 11:07:13,826 INFO  impl.RoleInfo (RoleInfo.java:updateAndGet(143)) - fce50fe2-5005-43f5-bbbf-02a7ac9174af: start LeaderElection
2019-07-14 11:07:13,849 INFO  impl.LeaderElection (LeaderElection.java:askForVotes(181)) - fce50fe2-5005-43f5-bbbf-02a7ac9174af:group-0FF7270C0372:LeaderElection85: begin an election at term 1 for -1: [fce50fe2-5005-43f5-bbbf-02a7ac9174af:192.168.157.209:43554], old=null
2019-07-14 11:07:13,849 INFO  impl.RoleInfo (RoleInfo.java:shutdownLeaderElection(134)) - fce50fe2-5005-43f5-bbbf-02a7ac9174af: shutdown LeaderElection
2019-07-14 11:07:13,849 INFO  impl.RaftServerImpl (RaftServerImpl.java:setRole(171)) - fce50fe2-5005-43f5-bbbf-02a7ac9174af:group-0FF7270C0372 changes role from CANDIDATE to LEADER at term 1 for changeToLeader
2019-07-14 11:07:13,849 INFO  impl.RaftServerImpl (ServerState.java:setLeader(263)) - fce50fe2-5005-43f5-bbbf-02a7ac9174af:group-0FF7270C0372 change Leader from null to fce50fe2-5005-43f5-bbbf-02a7ac9174af at term 1 for becomeLeader, leader elected after 5178ms
2019-07-14 11:07:13,852 INFO  server.RaftServerConfigKeys (ConfUtils.java:logGet(43)) - raft.server.staging.catchup.gap = 1000 (default)
2019-07-14 11:07:13,852 INFO  server.RaftServerConfigKeys (ConfUtils.java:logGet(43)) - raft.server.rpc.sleep.time = 25ms (default)
2019-07-14 11:07:13,852 INFO  server.RaftServerConfigKeys (ConfUtils.java:logGet(43)) - raft.server.write.element-limit = 4096 (default)
2019-07-14 11:07:13,852 INFO  server.RaftServerConfigKeys (ConfUtils.java:logGet(43)) - raft.server.watch.timeout = 10s (default)
2019-07-14 11:07:13,852 INFO  server.RaftServerConfigKeys (ConfUtils.java:logGet(43)) - raft.server.watch.timeout.denomination = 1s (default)
2019-07-14 11:07:13,852 INFO  server.RaftServerConfigKeys (ConfUtils.java:logGet(43)) - raft.server.watch.element-limit = 65536 (default)
2019-07-14 11:07:13,853 INFO  impl.RoleInfo (RoleInfo.java:updateAndGet(143)) - fce50fe2-5005-43f5-bbbf-02a7ac9174af: start LeaderState
2019-07-14 11:07:13,853 INFO  segmented.SegmentedRaftLogWorker (SegmentedRaftLogWorker.java:startLogSegment(380)) - fce50fe2-5005-43f5-bbbf-02a7ac9174af-SegmentedRaftLogWorker:Storage Directory /workdir/hadoop-ozone/integration-test/target/test-dir/MiniOzoneClusterImpl-d309a403-2708-41a1-968f-5ad9242863dc/datanode-0/data/ratis/c48a8112-1c61-4f4b-96c9-0ff7270c0372: Starting segment from index:0
2019-07-14 11:07:13,854 INFO  impl.RaftServerImpl (ServerState.java:setRaftConf(361)) - fce50fe2-5005-43f5-bbbf-02a7ac9174af:group-0FF7270C0372 set configuration 0: [fce50fe2-5005-43f5-bbbf-02a7ac9174af:192.168.157.209:43554], old=null at 0
2019-07-14 11:07:13,885 INFO  segmented.SegmentedRaftLogWorker (SegmentedRaftLogWorker.java:execute(569)) - fce50fe2-5005-43f5-bbbf-02a7ac9174af-SegmentedRaftLogWorker:Storage Directory /workdir/hadoop-ozone/integration-test/target/test-dir/MiniOzoneClusterImpl-d309a403-2708-41a1-968f-5ad9242863dc/datanode-0/data/ratis/c48a8112-1c61-4f4b-96c9-0ff7270c0372: created new log segment /workdir/hadoop-ozone/integration-test/target/test-dir/MiniOzoneClusterImpl-d309a403-2708-41a1-968f-5ad9242863dc/datanode-0/data/ratis/c48a8112-1c61-4f4b-96c9-0ff7270c0372/current/log_inprogress_0
2019-07-14 11:07:13,984 INFO  impl.FollowerState (FollowerState.java:run(106)) - 5ff2ba6e-18a8-427d-975b-3356abf5344d:group-765EDC54DB85 changes to CANDIDATE, lastRpcTime:5174, electionTimeout:5174ms
2019-07-14 11:07:13,984 INFO  impl.RoleInfo (RoleInfo.java:shutdownFollowerState(121)) - 5ff2ba6e-18a8-427d-975b-3356abf5344d: shutdown FollowerState
2019-07-14 11:07:13,984 INFO  impl.RaftServerImpl (RaftServerImpl.java:setRole(171)) - 5ff2ba6e-18a8-427d-975b-3356abf5344d:group-765EDC54DB85 changes role from FOLLOWER to CANDIDATE at term 0 for changeToCandidate
2019-07-14 11:07:13,984 INFO  impl.RoleInfo (RoleInfo.java:updateAndGet(143)) - 5ff2ba6e-18a8-427d-975b-3356abf5344d: start LeaderElection
2019-07-14 11:07:14,018 INFO  impl.LeaderElection (LeaderElection.java:askForVotes(181)) - 5ff2ba6e-18a8-427d-975b-3356abf5344d:group-765EDC54DB85:LeaderElection86: begin an election at term 1 for -1: [5ff2ba6e-18a8-427d-975b-3356abf5344d:192.168.157.209:38696], old=null
2019-07-14 11:07:14,018 INFO  impl.RoleInfo (RoleInfo.java:shutdownLeaderElection(134)) - 5ff2ba6e-18a8-427d-975b-3356abf5344d: shutdown LeaderElection
2019-07-14 11:07:14,018 INFO  impl.RaftServerImpl (RaftServerImpl.java:setRole(171)) - 5ff2ba6e-18a8-427d-975b-3356abf5344d:group-765EDC54DB85 changes role from CANDIDATE to LEADER at term 1 for changeToLeader
2019-07-14 11:07:14,019 INFO  impl.RaftServerImpl (ServerState.java:setLeader(263)) - 5ff2ba6e-18a8-427d-975b-3356abf5344d:group-765EDC54DB85 change Leader from null to 5ff2ba6e-18a8-427d-975b-3356abf5344d at term 1 for becomeLeader, leader elected after 5213ms
2019-07-14 11:07:14,021 INFO  server.RaftServerConfigKeys (ConfUtils.java:logGet(43)) - raft.server.staging.catchup.gap = 1000 (default)
2019-07-14 11:07:14,021 INFO  server.RaftServerConfigKeys (ConfUtils.java:logGet(43)) - raft.server.rpc.sleep.time = 25ms (default)
2019-07-14 11:07:14,021 INFO  server.RaftServerConfigKeys (ConfUtils.java:logGet(43)) - raft.server.write.element-limit = 4096 (default)
2019-07-14 11:07:14,021 INFO  server.RaftServerConfigKeys (ConfUtils.java:logGet(43)) - raft.server.watch.timeout = 10s (default)
2019-07-14 11:07:14,022 INFO  server.RaftServerConfigKeys (ConfUtils.java:logGet(43)) - raft.server.watch.timeout.denomination = 1s (default)
2019-07-14 11:07:14,022 INFO  server.RaftServerConfigKeys (ConfUtils.java:logGet(43)) - raft.server.watch.element-limit = 65536 (default)
2019-07-14 11:07:14,022 INFO  impl.RoleInfo (RoleInfo.java:updateAndGet(143)) - 5ff2ba6e-18a8-427d-975b-3356abf5344d: start LeaderState
2019-07-14 11:07:14,022 INFO  segmented.SegmentedRaftLogWorker (SegmentedRaftLogWorker.java:startLogSegment(380)) - 5ff2ba6e-18a8-427d-975b-3356abf5344d-SegmentedRaftLogWorker:Storage Directory /workdir/hadoop-ozone/integration-test/target/test-dir/MiniOzoneClusterImpl-d309a403-2708-41a1-968f-5ad9242863dc/datanode-1/data/ratis/9f511055-77fb-42a0-a0a4-765edc54db85: Starting segment from index:0
2019-07-14 11:07:14,023 INFO  impl.RaftServerImpl (ServerState.java:setRaftConf(361)) - 5ff2ba6e-18a8-427d-975b-3356abf5344d:group-765EDC54DB85 set configuration 0: [5ff2ba6e-18a8-427d-975b-3356abf5344d:192.168.157.209:38696], old=null at 0
2019-07-14 11:07:14,051 INFO  client.GrpcClientProtocolClient (GrpcClientProtocolClient.java:onNext(255)) - client-8622521AFA5F->fb8cf17b-1c9f-48a9-ad3d-5c62292e88c7: receive RaftClientReply:client-8622521AFA5F->fb8cf17b-1c9f-48a9-ad3d-5c62292e88c7@group-F9E8E5AC3E71, cid=183, FAILED org.apache.ratis.protocol.NotLeaderException: Server fb8cf17b-1c9f-48a9-ad3d-5c62292e88c7 is not the leader (null). Request must be sent to leader., logIndex=0, commits[fb8cf17b-1c9f-48a9-ad3d-5c62292e88c7:c-1]
2019-07-14 11:07:14,056 INFO  segmented.SegmentedRaftLogWorker (SegmentedRaftLogWorker.java:execute(569)) - 5ff2ba6e-18a8-427d-975b-3356abf5344d-SegmentedRaftLogWorker:Storage Directory /workdir/hadoop-ozone/integration-test/target/test-dir/MiniOzoneClusterImpl-d309a403-2708-41a1-968f-5ad9242863dc/datanode-1/data/ratis/9f511055-77fb-42a0-a0a4-765edc54db85: created new log segment /workdir/hadoop-ozone/integration-test/target/test-dir/MiniOzoneClusterImpl-d309a403-2708-41a1-968f-5ad9242863dc/datanode-1/data/ratis/9f511055-77fb-42a0-a0a4-765edc54db85/current/log_inprogress_0
2019-07-14 11:07:14,231 INFO  impl.FollowerState (FollowerState.java:run(106)) - fb8cf17b-1c9f-48a9-ad3d-5c62292e88c7:group-EE5922068A58 changes to CANDIDATE, lastRpcTime:5112, electionTimeout:5112ms
2019-07-14 11:07:14,231 INFO  impl.RoleInfo (RoleInfo.java:shutdownFollowerState(121)) - fb8cf17b-1c9f-48a9-ad3d-5c62292e88c7: shutdown FollowerState
2019-07-14 11:07:14,231 INFO  impl.RaftServerImpl (RaftServerImpl.java:setRole(171)) - fb8cf17b-1c9f-48a9-ad3d-5c62292e88c7:group-EE5922068A58 changes role from FOLLOWER to CANDIDATE at term 0 for changeToCandidate
2019-07-14 11:07:14,231 INFO  impl.RoleInfo (RoleInfo.java:updateAndGet(143)) - fb8cf17b-1c9f-48a9-ad3d-5c62292e88c7: start LeaderElection
2019-07-14 11:07:14,250 INFO  impl.LeaderElection (LeaderElection.java:askForVotes(181)) - fb8cf17b-1c9f-48a9-ad3d-5c62292e88c7:group-EE5922068A58:LeaderElection87: begin an election at term 1 for -1: [fb8cf17b-1c9f-48a9-ad3d-5c62292e88c7:192.168.157.209:37228], old=null
2019-07-14 11:07:14,250 INFO  impl.RoleInfo (RoleInfo.java:shutdownLeaderElection(134)) - fb8cf17b-1c9f-48a9-ad3d-5c62292e88c7: shutdown LeaderElection
2019-07-14 11:07:14,250 INFO  impl.RaftServerImpl (RaftServerImpl.java:setRole(171)) - fb8cf17b-1c9f-48a9-ad3d-5c62292e88c7:group-EE5922068A58 changes role from CANDIDATE to LEADER at term 1 for changeToLeader
2019-07-14 11:07:14,250 INFO  impl.RaftServerImpl (ServerState.java:setLeader(263)) - fb8cf17b-1c9f-48a9-ad3d-5c62292e88c7:group-EE5922068A58 change Leader from null to fb8cf17b-1c9f-48a9-ad3d-5c62292e88c7 at term 1 for becomeLeader, leader elected after 5136ms
2019-07-14 11:07:14,252 INFO  server.RaftServerConfigKeys (ConfUtils.java:logGet(43)) - raft.server.staging.catchup.gap = 1000 (default)
2019-07-14 11:07:14,253 INFO  server.RaftServerConfigKeys (ConfUtils.java:logGet(43)) - raft.server.rpc.sleep.time = 25ms (default)
2019-07-14 11:07:14,253 INFO  server.RaftServerConfigKeys (ConfUtils.java:logGet(43)) - raft.server.write.element-limit = 4096 (default)
2019-07-14 11:07:14,253 INFO  server.RaftServerConfigKeys (ConfUtils.java:logGet(43)) - raft.server.watch.timeout = 10s (default)
2019-07-14 11:07:14,253 INFO  server.RaftServerConfigKeys (ConfUtils.java:logGet(43)) - raft.server.watch.timeout.denomination = 1s (default)
2019-07-14 11:07:14,253 INFO  server.RaftServerConfigKeys (ConfUtils.java:logGet(43)) - raft.server.watch.element-limit = 65536 (default)
2019-07-14 11:07:14,253 INFO  impl.RoleInfo (RoleInfo.java:updateAndGet(143)) - fb8cf17b-1c9f-48a9-ad3d-5c62292e88c7: start LeaderState
2019-07-14 11:07:14,254 INFO  segmented.SegmentedRaftLogWorker (SegmentedRaftLogWorker.java:startLogSegment(380)) - fb8cf17b-1c9f-48a9-ad3d-5c62292e88c7-SegmentedRaftLogWorker:Storage Directory /workdir/hadoop-ozone/integration-test/target/test-dir/MiniOzoneClusterImpl-d309a403-2708-41a1-968f-5ad9242863dc/datanode-2/data/ratis/aceee9bf-487a-4cac-9e83-ee5922068a58: Starting segment from index:0
2019-07-14 11:07:14,254 INFO  impl.RaftServerImpl (ServerState.java:setRaftConf(361)) - fb8cf17b-1c9f-48a9-ad3d-5c62292e88c7:group-EE5922068A58 set configuration 0: [fb8cf17b-1c9f-48a9-ad3d-5c62292e88c7:192.168.157.209:37228], old=null at 0
2019-07-14 11:07:14,287 INFO  segmented.SegmentedRaftLogWorker (SegmentedRaftLogWorker.java:execute(569)) - fb8cf17b-1c9f-48a9-ad3d-5c62292e88c7-SegmentedRaftLogWorker:Storage Directory /workdir/hadoop-ozone/integration-test/target/test-dir/MiniOzoneClusterImpl-d309a403-2708-41a1-968f-5ad9242863dc/datanode-2/data/ratis/aceee9bf-487a-4cac-9e83-ee5922068a58: created new log segment /workdir/hadoop-ozone/integration-test/target/test-dir/MiniOzoneClusterImpl-d309a403-2708-41a1-968f-5ad9242863dc/datanode-2/data/ratis/aceee9bf-487a-4cac-9e83-ee5922068a58/current/log_inprogress_0
2019-07-14 11:07:14,301 INFO  impl.FollowerState (FollowerState.java:run(106)) - fb8cf17b-1c9f-48a9-ad3d-5c62292e88c7:group-F9E8E5AC3E71 changes to CANDIDATE, lastRpcTime:5098, electionTimeout:5098ms
2019-07-14 11:07:14,301 INFO  impl.RoleInfo (RoleInfo.java:shutdownFollowerState(121)) - fb8cf17b-1c9f-48a9-ad3d-5c62292e88c7: shutdown FollowerState
2019-07-14 11:07:14,301 INFO  impl.RaftServerImpl (RaftServerImpl.java:setRole(171)) - fb8cf17b-1c9f-48a9-ad3d-5c62292e88c7:group-F9E8E5AC3E71 changes role from FOLLOWER to CANDIDATE at term 0 for changeToCandidate
2019-07-14 11:07:14,301 INFO  impl.RoleInfo (RoleInfo.java:updateAndGet(143)) - fb8cf17b-1c9f-48a9-ad3d-5c62292e88c7: start LeaderElection
2019-07-14 11:07:14,321 INFO  impl.LeaderElection (LeaderElection.java:askForVotes(181)) - fb8cf17b-1c9f-48a9-ad3d-5c62292e88c7:group-F9E8E5AC3E71:LeaderElection88: begin an election at term 1 for -1: [5ff2ba6e-18a8-427d-975b-3356abf5344d:192.168.157.209:38696, fce50fe2-5005-43f5-bbbf-02a7ac9174af:192.168.157.209:43554, fb8cf17b-1c9f-48a9-ad3d-5c62292e88c7:192.168.157.209:37228], old=null
2019-07-14 11:07:14,322 INFO  impl.FollowerState (FollowerState.java:run(106)) - fce50fe2-5005-43f5-bbbf-02a7ac9174af:group-F9E8E5AC3E71 changes to CANDIDATE, lastRpcTime:5148, electionTimeout:5132ms
2019-07-14 11:07:14,322 INFO  impl.RoleInfo (RoleInfo.java:shutdownFollowerState(121)) - fce50fe2-5005-43f5-bbbf-02a7ac9174af: shutdown FollowerState
2019-07-14 11:07:14,322 INFO  impl.RaftServerImpl (RaftServerImpl.java:setRole(171)) - fce50fe2-5005-43f5-bbbf-02a7ac9174af:group-F9E8E5AC3E71 changes role from FOLLOWER to CANDIDATE at term 0 for changeToCandidate
2019-07-14 11:07:14,322 INFO  impl.RoleInfo (RoleInfo.java:updateAndGet(143)) - fce50fe2-5005-43f5-bbbf-02a7ac9174af: start LeaderElection
2019-07-14 11:07:14,334 INFO  impl.RaftServerImpl (RaftServerImpl.java:setRole(171)) - 5ff2ba6e-18a8-427d-975b-3356abf5344d:group-F9E8E5AC3E71 changes role from FOLLOWER to FOLLOWER at term 1 for recognizeCandidate:fb8cf17b-1c9f-48a9-ad3d-5c62292e88c7
2019-07-14 11:07:14,334 INFO  impl.RoleInfo (RoleInfo.java:shutdownFollowerState(121)) - 5ff2ba6e-18a8-427d-975b-3356abf5344d: shutdown FollowerState
2019-07-14 11:07:14,335 INFO  impl.RoleInfo (RoleInfo.java:updateAndGet(143)) - 5ff2ba6e-18a8-427d-975b-3356abf5344d: start FollowerState
2019-07-14 11:07:14,335 INFO  impl.FollowerState (FollowerState.java:run(114)) - 5ff2ba6e-18a8-427d-975b-3356abf5344d: FollowerState was interrupted: java.lang.InterruptedException: sleep interrupted
2019-07-14 11:07:14,342 INFO  impl.LeaderElection (LeaderElection.java:askForVotes(181)) - fce50fe2-5005-43f5-bbbf-02a7ac9174af:group-F9E8E5AC3E71:LeaderElection89: begin an election at term 1 for -1: [5ff2ba6e-18a8-427d-975b-3356abf5344d:192.168.157.209:38696, fce50fe2-5005-43f5-bbbf-02a7ac9174af:192.168.157.209:43554, fb8cf17b-1c9f-48a9-ad3d-5c62292e88c7:192.168.157.209:37228], old=null
2019-07-14 11:07:14,343 INFO  impl.LeaderElection (LeaderElection.java:logAndReturn(56)) - fb8cf17b-1c9f-48a9-ad3d-5c62292e88c7:group-F9E8E5AC3E71:LeaderElection88: Election PASSED; received 2 response(s) [fb8cf17b-1c9f-48a9-ad3d-5c62292e88c7<-5ff2ba6e-18a8-427d-975b-3356abf5344d#0:OK-t1, fb8cf17b-1c9f-48a9-ad3d-5c62292e88c7<-fce50fe2-5005-43f5-bbbf-02a7ac9174af#0:FAIL-t1] and 0 exception(s); fb8cf17b-1c9f-48a9-ad3d-5c62292e88c7:t1, leader=null, voted=fb8cf17b-1c9f-48a9-ad3d-5c62292e88c7, raftlog=fb8cf17b-1c9f-48a9-ad3d-5c62292e88c7-SegmentedRaftLog:OPENED:c-1,f-1,i0, conf=-1: [5ff2ba6e-18a8-427d-975b-3356abf5344d:192.168.157.209:38696, fce50fe2-5005-43f5-bbbf-02a7ac9174af:192.168.157.209:43554, fb8cf17b-1c9f-48a9-ad3d-5c62292e88c7:192.168.157.209:37228], old=null
2019-07-14 11:07:14,343 INFO  impl.RoleInfo (RoleInfo.java:shutdownLeaderElection(134)) - fb8cf17b-1c9f-48a9-ad3d-5c62292e88c7: shutdown LeaderElection
2019-07-14 11:07:14,344 INFO  impl.RaftServerImpl (RaftServerImpl.java:setRole(171)) - fb8cf17b-1c9f-48a9-ad3d-5c62292e88c7:group-F9E8E5AC3E71 changes role from CANDIDATE to LEADER at term 1 for changeToLeader
2019-07-14 11:07:14,344 INFO  impl.RaftServerImpl (ServerState.java:setLeader(263)) - fb8cf17b-1c9f-48a9-ad3d-5c62292e88c7:group-F9E8E5AC3E71 change Leader from null to fb8cf17b-1c9f-48a9-ad3d-5c62292e88c7 at term 1 for becomeLeader, leader elected after 5177ms
2019-07-14 11:07:14,344 INFO  server.RaftServerConfigKeys (ConfUtils.java:logGet(43)) - raft.server.staging.catchup.gap = 1000 (default)
2019-07-14 11:07:14,344 INFO  server.RaftServerConfigKeys (ConfUtils.java:logGet(43)) - raft.server.rpc.sleep.time = 25ms (default)
2019-07-14 11:07:14,344 INFO  server.RaftServerConfigKeys (ConfUtils.java:logGet(43)) - raft.server.write.element-limit = 4096 (default)
2019-07-14 11:07:14,344 INFO  server.RaftServerConfigKeys (ConfUtils.java:logGet(43)) - raft.server.watch.timeout = 10s (default)
2019-07-14 11:07:14,344 INFO  server.RaftServerConfigKeys (ConfUtils.java:logGet(43)) - raft.server.watch.timeout.denomination = 1s (default)
2019-07-14 11:07:14,345 INFO  server.RaftServerConfigKeys (ConfUtils.java:logGet(43)) - raft.server.watch.element-limit = 65536 (default)
2019-07-14 11:07:14,345 INFO  server.RaftServerConfigKeys (ConfUtils.java:logGet(43)) - raft.server.log.appender.snapshot.chunk.size.max = 16MB (=16777216) (default)
2019-07-14 11:07:14,345 INFO  server.RaftServerConfigKeys (ConfUtils.java:logGet(43)) - raft.server.log.appender.buffer.byte-limit = 33554432 (custom)
2019-07-14 11:07:14,345 INFO  server.RaftServerConfigKeys (ConfUtils.java:logGet(43)) - raft.server.log.appender.buffer.element-limit = 1 (custom)
2019-07-14 11:07:14,346 INFO  grpc.GrpcConfigKeys$Server (ConfUtils.java:logGet(43)) - raft.grpc.server.leader.outstanding.appends.max = 128 (default)
2019-07-14 11:07:14,358 INFO  server.RaftServerConfigKeys (ConfUtils.java:logGet(43)) - raft.server.rpc.request.timeout = 3000ms (default)
2019-07-14 11:07:14,358 INFO  server.RaftServerConfigKeys (ConfUtils.java:logGet(43)) - raft.server.log.appender.install.snapshot.enabled = false (custom)
2019-07-14 11:07:14,358 INFO  server.RaftServerConfigKeys (ConfUtils.java:logGet(43)) - raft.server.log.appender.snapshot.chunk.size.max = 16MB (=16777216) (default)
2019-07-14 11:07:14,359 INFO  server.RaftServerConfigKeys (ConfUtils.java:logGet(43)) - raft.server.log.appender.buffer.byte-limit = 33554432 (custom)
2019-07-14 11:07:14,359 INFO  server.RaftServerConfigKeys (ConfUtils.java:logGet(43)) - raft.server.log.appender.buffer.element-limit = 1 (custom)
2019-07-14 11:07:14,359 INFO  grpc.GrpcConfigKeys$Server (ConfUtils.java:logGet(43)) - raft.grpc.server.leader.outstanding.appends.max = 128 (default)
2019-07-14 11:07:14,359 INFO  server.RaftServerConfigKeys (ConfUtils.java:logGet(43)) - raft.server.rpc.request.timeout = 3000ms (default)
2019-07-14 11:07:14,359 INFO  server.RaftServerConfigKeys (ConfUtils.java:logGet(43)) - raft.server.log.appender.install.snapshot.enabled = false (custom)
2019-07-14 11:07:14,360 INFO  impl.RoleInfo (RoleInfo.java:updateAndGet(143)) - fb8cf17b-1c9f-48a9-ad3d-5c62292e88c7: start LeaderState
2019-07-14 11:07:14,360 INFO  segmented.SegmentedRaftLogWorker (SegmentedRaftLogWorker.java:startLogSegment(380)) - fb8cf17b-1c9f-48a9-ad3d-5c62292e88c7-SegmentedRaftLogWorker:Storage Directory /workdir/hadoop-ozone/integration-test/target/test-dir/MiniOzoneClusterImpl-d309a403-2708-41a1-968f-5ad9242863dc/datanode-2/data/ratis/8c0f3351-7586-4de8-9365-f9e8e5ac3e71: Starting segment from index:0
2019-07-14 11:07:14,361 INFO  impl.RaftServerImpl (ServerState.java:setRaftConf(361)) - fb8cf17b-1c9f-48a9-ad3d-5c62292e88c7:group-F9E8E5AC3E71 set configuration 0: [5ff2ba6e-18a8-427d-975b-3356abf5344d:192.168.157.209:38696, fce50fe2-5005-43f5-bbbf-02a7ac9174af:192.168.157.209:43554, fb8cf17b-1c9f-48a9-ad3d-5c62292e88c7:192.168.157.209:37228], old=null at 0
2019-07-14 11:07:14,361 INFO  impl.RaftServerImpl (RaftServerImpl.java:requestVote(754)) - fb8cf17b-1c9f-48a9-ad3d-5c62292e88c7-LEADER: Withhold vote from candidate fce50fe2-5005-43f5-bbbf-02a7ac9174af with term 1. State: leader=fb8cf17b-1c9f-48a9-ad3d-5c62292e88c7, term=1, lastRpcElapsed=null
2019-07-14 11:07:14,386 INFO  impl.RaftServerImpl (ServerState.java:setLeader(263)) - 5ff2ba6e-18a8-427d-975b-3356abf5344d:group-F9E8E5AC3E71 change Leader from null to fb8cf17b-1c9f-48a9-ad3d-5c62292e88c7 at term 1 for appendEntries, leader elected after 5219ms
2019-07-14 11:07:14,386 INFO  impl.LeaderElection (LeaderElection.java:logAndReturn(56)) - fce50fe2-5005-43f5-bbbf-02a7ac9174af:group-F9E8E5AC3E71:LeaderElection89: Election REJECTED; received 2 response(s) [fce50fe2-5005-43f5-bbbf-02a7ac9174af<-5ff2ba6e-18a8-427d-975b-3356abf5344d#0:FAIL-t1, fce50fe2-5005-43f5-bbbf-02a7ac9174af<-fb8cf17b-1c9f-48a9-ad3d-5c62292e88c7#0:FAIL-t1] and 0 exception(s); fce50fe2-5005-43f5-bbbf-02a7ac9174af:t1, leader=null, voted=fce50fe2-5005-43f5-bbbf-02a7ac9174af, raftlog=fce50fe2-5005-43f5-bbbf-02a7ac9174af-SegmentedRaftLog:OPENED:c-1,f-1,i0, conf=-1: [5ff2ba6e-18a8-427d-975b-3356abf5344d:192.168.157.209:38696, fce50fe2-5005-43f5-bbbf-02a7ac9174af:192.168.157.209:43554, fb8cf17b-1c9f-48a9-ad3d-5c62292e88c7:192.168.157.209:37228], old=null
2019-07-14 11:07:14,386 INFO  impl.RaftServerImpl (RaftServerImpl.java:setRole(171)) - fce50fe2-5005-43f5-bbbf-02a7ac9174af:group-F9E8E5AC3E71 changes role from CANDIDATE to FOLLOWER at term 1 for appendEntries
2019-07-14 11:07:14,387 INFO  impl.RoleInfo (RoleInfo.java:shutdownLeaderElection(134)) - fce50fe2-5005-43f5-bbbf-02a7ac9174af: shutdown LeaderElection
2019-07-14 11:07:14,387 INFO  impl.RoleInfo (RoleInfo.java:updateAndGet(143)) - fce50fe2-5005-43f5-bbbf-02a7ac9174af: start FollowerState
2019-07-14 11:07:14,388 INFO  impl.RaftServerImpl (ServerState.java:setLeader(263)) - fce50fe2-5005-43f5-bbbf-02a7ac9174af:group-F9E8E5AC3E71 change Leader from null to fb8cf17b-1c9f-48a9-ad3d-5c62292e88c7 at term 1 for appendEntries, leader elected after 5221ms
2019-07-14 11:07:14,389 INFO  impl.RaftServerImpl (ServerState.java:setRaftConf(361)) - 5ff2ba6e-18a8-427d-975b-3356abf5344d:group-F9E8E5AC3E71 set configuration 0: [5ff2ba6e-18a8-427d-975b-3356abf5344d:192.168.157.209:38696, fce50fe2-5005-43f5-bbbf-02a7ac9174af:192.168.157.209:43554, fb8cf17b-1c9f-48a9-ad3d-5c62292e88c7:192.168.157.209:37228], old=null at 0
2019-07-14 11:07:14,389 INFO  segmented.SegmentedRaftLogWorker (SegmentedRaftLogWorker.java:startLogSegment(380)) - 5ff2ba6e-18a8-427d-975b-3356abf5344d-SegmentedRaftLogWorker:Storage Directory /workdir/hadoop-ozone/integration-test/target/test-dir/MiniOzoneClusterImpl-d309a403-2708-41a1-968f-5ad9242863dc/datanode-1/data/ratis/8c0f3351-7586-4de8-9365-f9e8e5ac3e71: Starting segment from index:0
2019-07-14 11:07:14,390 INFO  impl.RaftServerImpl (ServerState.java:setRaftConf(361)) - fce50fe2-5005-43f5-bbbf-02a7ac9174af:group-F9E8E5AC3E71 set configuration 0: [5ff2ba6e-18a8-427d-975b-3356abf5344d:192.168.157.209:38696, fce50fe2-5005-43f5-bbbf-02a7ac9174af:192.168.157.209:43554, fb8cf17b-1c9f-48a9-ad3d-5c62292e88c7:192.168.157.209:37228], old=null at 0
2019-07-14 11:07:14,390 INFO  segmented.SegmentedRaftLogWorker (SegmentedRaftLogWorker.java:startLogSegment(380)) - fce50fe2-5005-43f5-bbbf-02a7ac9174af-SegmentedRaftLogWorker:Storage Directory /workdir/hadoop-ozone/integration-test/target/test-dir/MiniOzoneClusterImpl-d309a403-2708-41a1-968f-5ad9242863dc/datanode-0/data/ratis/8c0f3351-7586-4de8-9365-f9e8e5ac3e71: Starting segment from index:0
2019-07-14 11:07:14,395 INFO  segmented.SegmentedRaftLogWorker (SegmentedRaftLogWorker.java:execute(569)) - fb8cf17b-1c9f-48a9-ad3d-5c62292e88c7-SegmentedRaftLogWorker:Storage Directory /workdir/hadoop-ozone/integration-test/target/test-dir/MiniOzoneClusterImpl-d309a403-2708-41a1-968f-5ad9242863dc/datanode-2/data/ratis/8c0f3351-7586-4de8-9365-f9e8e5ac3e71: created new log segment /workdir/hadoop-ozone/integration-test/target/test-dir/MiniOzoneClusterImpl-d309a403-2708-41a1-968f-5ad9242863dc/datanode-2/data/ratis/8c0f3351-7586-4de8-9365-f9e8e5ac3e71/current/log_inprogress_0
2019-07-14 11:07:14,427 INFO  segmented.SegmentedRaftLogWorker (SegmentedRaftLogWorker.java:execute(569)) - 5ff2ba6e-18a8-427d-975b-3356abf5344d-SegmentedRaftLogWorker:Storage Directory /workdir/hadoop-ozone/integration-test/target/test-dir/MiniOzoneClusterImpl-d309a403-2708-41a1-968f-5ad9242863dc/datanode-1/data/ratis/8c0f3351-7586-4de8-9365-f9e8e5ac3e71: created new log segment /workdir/hadoop-ozone/integration-test/target/test-dir/MiniOzoneClusterImpl-d309a403-2708-41a1-968f-5ad9242863dc/datanode-1/data/ratis/8c0f3351-7586-4de8-9365-f9e8e5ac3e71/current/log_inprogress_0
2019-07-14 11:07:14,427 INFO  segmented.SegmentedRaftLogWorker (SegmentedRaftLogWorker.java:execute(569)) - fce50fe2-5005-43f5-bbbf-02a7ac9174af-SegmentedRaftLogWorker:Storage Directory /workdir/hadoop-ozone/integration-test/target/test-dir/MiniOzoneClusterImpl-d309a403-2708-41a1-968f-5ad9242863dc/datanode-0/data/ratis/8c0f3351-7586-4de8-9365-f9e8e5ac3e71: created new log segment /workdir/hadoop-ozone/integration-test/target/test-dir/MiniOzoneClusterImpl-d309a403-2708-41a1-968f-5ad9242863dc/datanode-0/data/ratis/8c0f3351-7586-4de8-9365-f9e8e5ac3e71/current/log_inprogress_0
2019-07-14 11:07:14,470 INFO  impl.FollowerState (FollowerState.java:run(106)) - 83e63075-ee01-45f6-9ef0-abd1285db36c:group-F460B7751A7C changes to CANDIDATE, lastRpcTime:5186, electionTimeout:5186ms
2019-07-14 11:07:14,470 INFO  impl.RoleInfo (RoleInfo.java:shutdownFollowerState(121)) - 83e63075-ee01-45f6-9ef0-abd1285db36c: shutdown FollowerState
2019-07-14 11:07:14,471 INFO  impl.RaftServerImpl (RaftServerImpl.java:setRole(171)) - 83e63075-ee01-45f6-9ef0-abd1285db36c:group-F460B7751A7C changes role from FOLLOWER to CANDIDATE at term 0 for changeToCandidate
2019-07-14 11:07:14,471 INFO  impl.RoleInfo (RoleInfo.java:updateAndGet(143)) - 83e63075-ee01-45f6-9ef0-abd1285db36c: start LeaderElection
2019-07-14 11:07:14,490 INFO  impl.LeaderElection (LeaderElection.java:askForVotes(181)) - 83e63075-ee01-45f6-9ef0-abd1285db36c:group-F460B7751A7C:LeaderElection90: begin an election at term 1 for -1: [83e63075-ee01-45f6-9ef0-abd1285db36c:192.168.157.209:44696], old=null
2019-07-14 11:07:14,490 INFO  impl.RoleInfo (RoleInfo.java:shutdownLeaderElection(134)) - 83e63075-ee01-45f6-9ef0-abd1285db36c: shutdown LeaderElection
2019-07-14 11:07:14,490 INFO  impl.RaftServerImpl (RaftServerImpl.java:setRole(171)) - 83e63075-ee01-45f6-9ef0-abd1285db36c:group-F460B7751A7C changes role from CANDIDATE to LEADER at term 1 for changeToLeader
2019-07-14 11:07:14,490 INFO  impl.RaftServerImpl (ServerState.java:setLeader(263)) - 83e63075-ee01-45f6-9ef0-abd1285db36c:group-F460B7751A7C change Leader from null to 83e63075-ee01-45f6-9ef0-abd1285db36c at term 1 for becomeLeader, leader elected after 5210ms
2019-07-14 11:07:14,492 INFO  server.RaftServerConfigKeys (ConfUtils.java:logGet(43)) - raft.server.staging.catchup.gap = 1000 (default)
2019-07-14 11:07:14,493 INFO  server.RaftServerConfigKeys (ConfUtils.java:logGet(43)) - raft.server.rpc.sleep.time = 25ms (default)
2019-07-14 11:07:14,493 INFO  server.RaftServerConfigKeys (ConfUtils.java:logGet(43)) - raft.server.write.element-limit = 4096 (default)
2019-07-14 11:07:14,493 INFO  server.RaftServerConfigKeys (ConfUtils.java:logGet(43)) - raft.server.watch.timeout = 10s (default)
2019-07-14 11:07:14,493 INFO  server.RaftServerConfigKeys (ConfUtils.java:logGet(43)) - raft.server.watch.timeout.denomination = 1s (default)
2019-07-14 11:07:14,493 INFO  server.RaftServerConfigKeys (ConfUtils.java:logGet(43)) - raft.server.watch.element-limit = 65536 (default)
2019-07-14 11:07:14,493 INFO  impl.RoleInfo (RoleInfo.java:updateAndGet(143)) - 83e63075-ee01-45f6-9ef0-abd1285db36c: start LeaderState
2019-07-14 11:07:14,494 INFO  segmented.SegmentedRaftLogWorker (SegmentedRaftLogWorker.java:startLogSegment(380)) - 83e63075-ee01-45f6-9ef0-abd1285db36c-SegmentedRaftLogWorker:Storage Directory /workdir/hadoop-ozone/integration-test/target/test-dir/MiniOzoneClusterImpl-d309a403-2708-41a1-968f-5ad9242863dc/datanode-3/data/ratis/1d8c00ce-38c8-437f-bddb-f460b7751a7c: Starting segment from index:0
2019-07-14 11:07:14,494 INFO  impl.RaftServerImpl (ServerState.java:setRaftConf(361)) - 83e63075-ee01-45f6-9ef0-abd1285db36c:group-F460B7751A7C set configuration 0: [83e63075-ee01-45f6-9ef0-abd1285db36c:192.168.157.209:44696], old=null at 0
2019-07-14 11:07:14,516 INFO  impl.FollowerState (FollowerState.java:run(106)) - 4658b231-3b79-46f5-9d86-b35d04ea8c23:group-724677ACC3E7 changes to CANDIDATE, lastRpcTime:5056, electionTimeout:5056ms
2019-07-14 11:07:14,516 INFO  impl.RoleInfo (RoleInfo.java:shutdownFollowerState(121)) - 4658b231-3b79-46f5-9d86-b35d04ea8c23: shutdown FollowerState
2019-07-14 11:07:14,516 INFO  impl.RaftServerImpl (RaftServerImpl.java:setRole(171)) - 4658b231-3b79-46f5-9d86-b35d04ea8c23:group-724677ACC3E7 changes role from FOLLOWER to CANDIDATE at term 0 for changeToCandidate
2019-07-14 11:07:14,516 INFO  impl.RoleInfo (RoleInfo.java:updateAndGet(143)) - 4658b231-3b79-46f5-9d86-b35d04ea8c23: start LeaderElection
2019-07-14 11:07:14,528 INFO  segmented.SegmentedRaftLogWorker (SegmentedRaftLogWorker.java:execute(569)) - 83e63075-ee01-45f6-9ef0-abd1285db36c-SegmentedRaftLogWorker:Storage Directory /workdir/hadoop-ozone/integration-test/target/test-dir/MiniOzoneClusterImpl-d309a403-2708-41a1-968f-5ad9242863dc/datanode-3/data/ratis/1d8c00ce-38c8-437f-bddb-f460b7751a7c: created new log segment /workdir/hadoop-ozone/integration-test/target/test-dir/MiniOzoneClusterImpl-d309a403-2708-41a1-968f-5ad9242863dc/datanode-3/data/ratis/1d8c00ce-38c8-437f-bddb-f460b7751a7c/current/log_inprogress_0
2019-07-14 11:07:14,528 INFO  impl.LeaderElection (LeaderElection.java:askForVotes(181)) - 4658b231-3b79-46f5-9d86-b35d04ea8c23:group-724677ACC3E7:LeaderElection91: begin an election at term 1 for -1: [4658b231-3b79-46f5-9d86-b35d04ea8c23:192.168.157.209:46559], old=null
2019-07-14 11:07:14,528 INFO  impl.RoleInfo (RoleInfo.java:shutdownLeaderElection(134)) - 4658b231-3b79-46f5-9d86-b35d04ea8c23: shutdown LeaderElection
2019-07-14 11:07:14,528 INFO  impl.RaftServerImpl (RaftServerImpl.java:setRole(171)) - 4658b231-3b79-46f5-9d86-b35d04ea8c23:group-724677ACC3E7 changes role from CANDIDATE to LEADER at term 1 for changeToLeader
2019-07-14 11:07:14,528 INFO  impl.RaftServerImpl (ServerState.java:setLeader(263)) - 4658b231-3b79-46f5-9d86-b35d04ea8c23:group-724677ACC3E7 change Leader from null to 4658b231-3b79-46f5-9d86-b35d04ea8c23 at term 1 for becomeLeader, leader elected after 5073ms
2019-07-14 11:07:14,531 INFO  server.RaftServerConfigKeys (ConfUtils.java:logGet(43)) - raft.server.staging.catchup.gap = 1000 (default)
2019-07-14 11:07:14,531 INFO  server.RaftServerConfigKeys (ConfUtils.java:logGet(43)) - raft.server.rpc.sleep.time = 25ms (default)
2019-07-14 11:07:14,531 INFO  server.RaftServerConfigKeys (ConfUtils.java:logGet(43)) - raft.server.write.element-limit = 4096 (default)
2019-07-14 11:07:14,531 INFO  server.RaftServerConfigKeys (ConfUtils.java:logGet(43)) - raft.server.watch.timeout = 10s (default)
2019-07-14 11:07:14,531 INFO  server.RaftServerConfigKeys (ConfUtils.java:logGet(43)) - raft.server.watch.timeout.denomination = 1s (default)
2019-07-14 11:07:14,532 INFO  server.RaftServerConfigKeys (ConfUtils.java:logGet(43)) - raft.server.watch.element-limit = 65536 (default)
2019-07-14 11:07:14,532 INFO  impl.RoleInfo (RoleInfo.java:updateAndGet(143)) - 4658b231-3b79-46f5-9d86-b35d04ea8c23: start LeaderState
2019-07-14 11:07:14,532 INFO  segmented.SegmentedRaftLogWorker (SegmentedRaftLogWorker.java:startLogSegment(380)) - 4658b231-3b79-46f5-9d86-b35d04ea8c23-SegmentedRaftLogWorker:Storage Directory /workdir/hadoop-ozone/integration-test/target/test-dir/MiniOzoneClusterImpl-d309a403-2708-41a1-968f-5ad9242863dc/datanode-4/data/ratis/ef1b0912-2f57-4fee-a56a-724677acc3e7: Starting segment from index:0
2019-07-14 11:07:14,533 INFO  impl.RaftServerImpl (ServerState.java:setRaftConf(361)) - 4658b231-3b79-46f5-9d86-b35d04ea8c23:group-724677ACC3E7 set configuration 0: [4658b231-3b79-46f5-9d86-b35d04ea8c23:192.168.157.209:46559], old=null at 0
2019-07-14 11:07:14,565 INFO  segmented.SegmentedRaftLogWorker (SegmentedRaftLogWorker.java:execute(569)) - 4658b231-3b79-46f5-9d86-b35d04ea8c23-SegmentedRaftLogWorker:Storage Directory /workdir/hadoop-ozone/integration-test/target/test-dir/MiniOzoneClusterImpl-d309a403-2708-41a1-968f-5ad9242863dc/datanode-4/data/ratis/ef1b0912-2f57-4fee-a56a-724677acc3e7: created new log segment /workdir/hadoop-ozone/integration-test/target/test-dir/MiniOzoneClusterImpl-d309a403-2708-41a1-968f-5ad9242863dc/datanode-4/data/ratis/ef1b0912-2f57-4fee-a56a-724677acc3e7/current/log_inprogress_0
2019-07-14 11:07:14,712 INFO  impl.FollowerState (FollowerState.java:run(106)) - 4f7977ba-698f-43aa-85aa-fbb4d1ed62bc:group-69267185B789 changes to CANDIDATE, lastRpcTime:5011, electionTimeout:5011ms
2019-07-14 11:07:14,712 INFO  impl.RoleInfo (RoleInfo.java:shutdownFollowerState(121)) - 4f7977ba-698f-43aa-85aa-fbb4d1ed62bc: shutdown FollowerState
2019-07-14 11:07:14,712 INFO  impl.RaftServerImpl (RaftServerImpl.java:setRole(171)) - 4f7977ba-698f-43aa-85aa-fbb4d1ed62bc:group-69267185B789 changes role from FOLLOWER to CANDIDATE at term 0 for changeToCandidate
2019-07-14 11:07:14,712 INFO  impl.RoleInfo (RoleInfo.java:updateAndGet(143)) - 4f7977ba-698f-43aa-85aa-fbb4d1ed62bc: start LeaderElection
2019-07-14 11:07:14,731 INFO  impl.LeaderElection (LeaderElection.java:askForVotes(181)) - 4f7977ba-698f-43aa-85aa-fbb4d1ed62bc:group-69267185B789:LeaderElection92: begin an election at term 1 for -1: [4f7977ba-698f-43aa-85aa-fbb4d1ed62bc:192.168.157.209:36404], old=null
2019-07-14 11:07:14,731 INFO  impl.RoleInfo (RoleInfo.java:shutdownLeaderElection(134)) - 4f7977ba-698f-43aa-85aa-fbb4d1ed62bc: shutdown LeaderElection
2019-07-14 11:07:14,732 INFO  impl.RaftServerImpl (RaftServerImpl.java:setRole(171)) - 4f7977ba-698f-43aa-85aa-fbb4d1ed62bc:group-69267185B789 changes role from CANDIDATE to LEADER at term 1 for changeToLeader
2019-07-14 11:07:14,732 INFO  impl.RaftServerImpl (ServerState.java:setLeader(263)) - 4f7977ba-698f-43aa-85aa-fbb4d1ed62bc:group-69267185B789 change Leader from null to 4f7977ba-698f-43aa-85aa-fbb4d1ed62bc at term 1 for becomeLeader, leader elected after 5035ms
2019-07-14 11:07:14,734 INFO  server.RaftServerConfigKeys (ConfUtils.java:logGet(43)) - raft.server.staging.catchup.gap = 1000 (default)
2019-07-14 11:07:14,734 INFO  server.RaftServerConfigKeys (ConfUtils.java:logGet(43)) - raft.server.rpc.sleep.time = 25ms (default)
2019-07-14 11:07:14,734 INFO  server.RaftServerConfigKeys (ConfUtils.java:logGet(43)) - raft.server.write.element-limit = 4096 (default)
2019-07-14 11:07:14,735 INFO  server.RaftServerConfigKeys (ConfUtils.java:logGet(43)) - raft.server.watch.timeout = 10s (default)
2019-07-14 11:07:14,735 INFO  server.RaftServerConfigKeys (ConfUtils.java:logGet(43)) - raft.server.watch.timeout.denomination = 1s (default)
2019-07-14 11:07:14,735 INFO  server.RaftServerConfigKeys (ConfUtils.java:logGet(43)) - raft.server.watch.element-limit = 65536 (default)
2019-07-14 11:07:14,735 INFO  impl.RoleInfo (RoleInfo.java:updateAndGet(143)) - 4f7977ba-698f-43aa-85aa-fbb4d1ed62bc: start LeaderState
2019-07-14 11:07:14,735 INFO  segmented.SegmentedRaftLogWorker (SegmentedRaftLogWorker.java:startLogSegment(380)) - 4f7977ba-698f-43aa-85aa-fbb4d1ed62bc-SegmentedRaftLogWorker:Storage Directory /workdir/hadoop-ozone/integration-test/target/test-dir/MiniOzoneClusterImpl-d309a403-2708-41a1-968f-5ad9242863dc/datanode-5/data/ratis/de0a70a2-bec1-4212-ad11-69267185b789: Starting segment from index:0
2019-07-14 11:07:14,736 INFO  impl.RaftServerImpl (ServerState.java:setRaftConf(361)) - 4f7977ba-698f-43aa-85aa-fbb4d1ed62bc:group-69267185B789 set configuration 0: [4f7977ba-698f-43aa-85aa-fbb4d1ed62bc:192.168.157.209:36404], old=null at 0
2019-07-14 11:07:14,771 INFO  segmented.SegmentedRaftLogWorker (SegmentedRaftLogWorker.java:execute(569)) - 4f7977ba-698f-43aa-85aa-fbb4d1ed62bc-SegmentedRaftLogWorker:Storage Directory /workdir/hadoop-ozone/integration-test/target/test-dir/MiniOzoneClusterImpl-d309a403-2708-41a1-968f-5ad9242863dc/datanode-5/data/ratis/de0a70a2-bec1-4212-ad11-69267185b789: created new log segment /workdir/hadoop-ozone/integration-test/target/test-dir/MiniOzoneClusterImpl-d309a403-2708-41a1-968f-5ad9242863dc/datanode-5/data/ratis/de0a70a2-bec1-4212-ad11-69267185b789/current/log_inprogress_0
2019-07-14 11:07:14,822 INFO  impl.FollowerState (FollowerState.java:run(106)) - 83e63075-ee01-45f6-9ef0-abd1285db36c:group-BED1011EF2B4 changes to CANDIDATE, lastRpcTime:5061, electionTimeout:5061ms
2019-07-14 11:07:14,822 INFO  impl.RoleInfo (RoleInfo.java:shutdownFollowerState(121)) - 83e63075-ee01-45f6-9ef0-abd1285db36c: shutdown FollowerState
2019-07-14 11:07:14,822 INFO  impl.RaftServerImpl (RaftServerImpl.java:setRole(171)) - 83e63075-ee01-45f6-9ef0-abd1285db36c:group-BED1011EF2B4 changes role from FOLLOWER to CANDIDATE at term 0 for changeToCandidate
2019-07-14 11:07:14,822 INFO  impl.RoleInfo (RoleInfo.java:updateAndGet(143)) - 83e63075-ee01-45f6-9ef0-abd1285db36c: start LeaderElection
2019-07-14 11:07:14,841 INFO  impl.LeaderElection (LeaderElection.java:askForVotes(181)) - 83e63075-ee01-45f6-9ef0-abd1285db36c:group-BED1011EF2B4:LeaderElection93: begin an election at term 1 for -1: [4658b231-3b79-46f5-9d86-b35d04ea8c23:192.168.157.209:46559, 4f7977ba-698f-43aa-85aa-fbb4d1ed62bc:192.168.157.209:36404, 83e63075-ee01-45f6-9ef0-abd1285db36c:192.168.157.209:44696], old=null
2019-07-14 11:07:14,845 INFO  impl.RaftServerImpl (RaftServerImpl.java:setRole(171)) - 4658b231-3b79-46f5-9d86-b35d04ea8c23:group-BED1011EF2B4 changes role from FOLLOWER to FOLLOWER at term 1 for recognizeCandidate:83e63075-ee01-45f6-9ef0-abd1285db36c
2019-07-14 11:07:14,845 INFO  impl.RaftServerImpl (RaftServerImpl.java:setRole(171)) - 4f7977ba-698f-43aa-85aa-fbb4d1ed62bc:group-BED1011EF2B4 changes role from FOLLOWER to FOLLOWER at term 1 for recognizeCandidate:83e63075-ee01-45f6-9ef0-abd1285db36c
2019-07-14 11:07:14,846 INFO  impl.RoleInfo (RoleInfo.java:shutdownFollowerState(121)) - 4658b231-3b79-46f5-9d86-b35d04ea8c23: shutdown FollowerState
2019-07-14 11:07:14,846 INFO  impl.RoleInfo (RoleInfo.java:shutdownFollowerState(121)) - 4f7977ba-698f-43aa-85aa-fbb4d1ed62bc: shutdown FollowerState
2019-07-14 11:07:14,846 INFO  impl.FollowerState (FollowerState.java:run(114)) - 4658b231-3b79-46f5-9d86-b35d04ea8c23: FollowerState was interrupted: java.lang.InterruptedException: sleep interrupted
2019-07-14 11:07:14,846 INFO  impl.FollowerState (FollowerState.java:run(114)) - 4f7977ba-698f-43aa-85aa-fbb4d1ed62bc: FollowerState was interrupted: java.lang.InterruptedException: sleep interrupted
2019-07-14 11:07:14,846 INFO  impl.RoleInfo (RoleInfo.java:updateAndGet(143)) - 4658b231-3b79-46f5-9d86-b35d04ea8c23: start FollowerState
2019-07-14 11:07:14,846 INFO  impl.RoleInfo (RoleInfo.java:updateAndGet(143)) - 4f7977ba-698f-43aa-85aa-fbb4d1ed62bc: start FollowerState
2019-07-14 11:07:14,867 INFO  impl.LeaderElection (LeaderElection.java:logAndReturn(56)) - 83e63075-ee01-45f6-9ef0-abd1285db36c:group-BED1011EF2B4:LeaderElection93: Election PASSED; received 1 response(s) [83e63075-ee01-45f6-9ef0-abd1285db36c<-4f7977ba-698f-43aa-85aa-fbb4d1ed62bc#0:OK-t1] and 0 exception(s); 83e63075-ee01-45f6-9ef0-abd1285db36c:t1, leader=null, voted=83e63075-ee01-45f6-9ef0-abd1285db36c, raftlog=83e63075-ee01-45f6-9ef0-abd1285db36c-SegmentedRaftLog:OPENED:c-1,f-1,i0, conf=-1: [4658b231-3b79-46f5-9d86-b35d04ea8c23:192.168.157.209:46559, 4f7977ba-698f-43aa-85aa-fbb4d1ed62bc:192.168.157.209:36404, 83e63075-ee01-45f6-9ef0-abd1285db36c:192.168.157.209:44696], old=null
2019-07-14 11:07:14,867 INFO  impl.RoleInfo (RoleInfo.java:shutdownLeaderElection(134)) - 83e63075-ee01-45f6-9ef0-abd1285db36c: shutdown LeaderElection
2019-07-14 11:07:14,867 INFO  impl.RaftServerImpl (RaftServerImpl.java:setRole(171)) - 83e63075-ee01-45f6-9ef0-abd1285db36c:group-BED1011EF2B4 changes role from CANDIDATE to LEADER at term 1 for changeToLeader
2019-07-14 11:07:14,867 INFO  impl.RaftServerImpl (ServerState.java:setLeader(263)) - 83e63075-ee01-45f6-9ef0-abd1285db36c:group-BED1011EF2B4 change Leader from null to 83e63075-ee01-45f6-9ef0-abd1285db36c at term 1 for becomeLeader, leader elected after 5116ms
2019-07-14 11:07:14,867 INFO  server.RaftServerConfigKeys (ConfUtils.java:logGet(43)) - raft.server.staging.catchup.gap = 1000 (default)
2019-07-14 11:07:14,867 INFO  server.RaftServerConfigKeys (ConfUtils.java:logGet(43)) - raft.server.rpc.sleep.time = 25ms (default)
2019-07-14 11:07:14,867 INFO  server.RaftServerConfigKeys (ConfUtils.java:logGet(43)) - raft.server.write.element-limit = 4096 (default)
2019-07-14 11:07:14,868 INFO  server.RaftServerConfigKeys (ConfUtils.java:logGet(43)) - raft.server.watch.timeout = 10s (default)
2019-07-14 11:07:14,868 INFO  server.RaftServerConfigKeys (ConfUtils.java:logGet(43)) - raft.server.watch.timeout.denomination = 1s (default)
2019-07-14 11:07:14,868 INFO  server.RaftServerConfigKeys (ConfUtils.java:logGet(43)) - raft.server.watch.element-limit = 65536 (default)
2019-07-14 11:07:14,868 INFO  server.RaftServerConfigKeys (ConfUtils.java:logGet(43)) - raft.server.log.appender.snapshot.chunk.size.max = 16MB (=16777216) (default)
2019-07-14 11:07:14,868 INFO  server.RaftServerConfigKeys (ConfUtils.java:logGet(43)) - raft.server.log.appender.buffer.byte-limit = 33554432 (custom)
2019-07-14 11:07:14,868 INFO  server.RaftServerConfigKeys (ConfUtils.java:logGet(43)) - raft.server.log.appender.buffer.element-limit = 1 (custom)
2019-07-14 11:07:14,869 INFO  grpc.GrpcConfigKeys$Server (ConfUtils.java:logGet(43)) - raft.grpc.server.leader.outstanding.appends.max = 128 (default)
2019-07-14 11:07:14,869 INFO  server.RaftServerConfigKeys (ConfUtils.java:logGet(43)) - raft.server.rpc.request.timeout = 3000ms (default)
2019-07-14 11:07:14,869 INFO  server.RaftServerConfigKeys (ConfUtils.java:logGet(43)) - raft.server.log.appender.install.snapshot.enabled = false (custom)
2019-07-14 11:07:14,869 INFO  server.RaftServerConfigKeys (ConfUtils.java:logGet(43)) - raft.server.log.appender.snapshot.chunk.size.max = 16MB (=16777216) (default)
2019-07-14 11:07:14,869 INFO  server.RaftServerConfigKeys (ConfUtils.java:logGet(43)) - raft.server.log.appender.buffer.byte-limit = 33554432 (custom)
2019-07-14 11:07:14,869 INFO  server.RaftServerConfigKeys (ConfUtils.java:logGet(43)) - raft.server.log.appender.buffer.element-limit = 1 (custom)
2019-07-14 11:07:14,870 INFO  grpc.GrpcConfigKeys$Server (ConfUtils.java:logGet(43)) - raft.grpc.server.leader.outstanding.appends.max = 128 (default)
2019-07-14 11:07:14,870 INFO  server.RaftServerConfigKeys (ConfUtils.java:logGet(43)) - raft.server.rpc.request.timeout = 3000ms (default)
2019-07-14 11:07:14,870 INFO  server.RaftServerConfigKeys (ConfUtils.java:logGet(43)) - raft.server.log.appender.install.snapshot.enabled = false (custom)
2019-07-14 11:07:14,870 INFO  impl.RoleInfo (RoleInfo.java:updateAndGet(143)) - 83e63075-ee01-45f6-9ef0-abd1285db36c: start LeaderState
2019-07-14 11:07:14,870 INFO  segmented.SegmentedRaftLogWorker (SegmentedRaftLogWorker.java:startLogSegment(380)) - 83e63075-ee01-45f6-9ef0-abd1285db36c-SegmentedRaftLogWorker:Storage Directory /workdir/hadoop-ozone/integration-test/target/test-dir/MiniOzoneClusterImpl-d309a403-2708-41a1-968f-5ad9242863dc/datanode-3/data/ratis/ae6e3807-7f8d-4709-9663-bed1011ef2b4: Starting segment from index:0
2019-07-14 11:07:14,871 INFO  impl.RaftServerImpl (ServerState.java:setRaftConf(361)) - 83e63075-ee01-45f6-9ef0-abd1285db36c:group-BED1011EF2B4 set configuration 0: [4658b231-3b79-46f5-9d86-b35d04ea8c23:192.168.157.209:46559, 4f7977ba-698f-43aa-85aa-fbb4d1ed62bc:192.168.157.209:36404, 83e63075-ee01-45f6-9ef0-abd1285db36c:192.168.157.209:44696], old=null at 0
2019-07-14 11:07:14,895 INFO  impl.RaftServerImpl (ServerState.java:setLeader(263)) - 4658b231-3b79-46f5-9d86-b35d04ea8c23:group-BED1011EF2B4 change Leader from null to 83e63075-ee01-45f6-9ef0-abd1285db36c at term 1 for appendEntries, leader elected after 5144ms
2019-07-14 11:07:14,897 INFO  impl.RaftServerImpl (ServerState.java:setLeader(263)) - 4f7977ba-698f-43aa-85aa-fbb4d1ed62bc:group-BED1011EF2B4 change Leader from null to 83e63075-ee01-45f6-9ef0-abd1285db36c at term 1 for appendEntries, leader elected after 5147ms
2019-07-14 11:07:14,900 INFO  impl.RaftServerImpl (ServerState.java:setRaftConf(361)) - 4658b231-3b79-46f5-9d86-b35d04ea8c23:group-BED1011EF2B4 set configuration 0: [4658b231-3b79-46f5-9d86-b35d04ea8c23:192.168.157.209:46559, 4f7977ba-698f-43aa-85aa-fbb4d1ed62bc:192.168.157.209:36404, 83e63075-ee01-45f6-9ef0-abd1285db36c:192.168.157.209:44696], old=null at 0
2019-07-14 11:07:14,900 INFO  impl.RaftServerImpl (ServerState.java:setRaftConf(361)) - 4f7977ba-698f-43aa-85aa-fbb4d1ed62bc:group-BED1011EF2B4 set configuration 0: [4658b231-3b79-46f5-9d86-b35d04ea8c23:192.168.157.209:46559, 4f7977ba-698f-43aa-85aa-fbb4d1ed62bc:192.168.157.209:36404, 83e63075-ee01-45f6-9ef0-abd1285db36c:192.168.157.209:44696], old=null at 0
2019-07-14 11:07:14,900 INFO  segmented.SegmentedRaftLogWorker (SegmentedRaftLogWorker.java:startLogSegment(380)) - 4658b231-3b79-46f5-9d86-b35d04ea8c23-SegmentedRaftLogWorker:Storage Directory /workdir/hadoop-ozone/integration-test/target/test-dir/MiniOzoneClusterImpl-d309a403-2708-41a1-968f-5ad9242863dc/datanode-4/data/ratis/ae6e3807-7f8d-4709-9663-bed1011ef2b4: Starting segment from index:0
2019-07-14 11:07:14,900 INFO  segmented.SegmentedRaftLogWorker (SegmentedRaftLogWorker.java:startLogSegment(380)) - 4f7977ba-698f-43aa-85aa-fbb4d1ed62bc-SegmentedRaftLogWorker:Storage Directory /workdir/hadoop-ozone/integration-test/target/test-dir/MiniOzoneClusterImpl-d309a403-2708-41a1-968f-5ad9242863dc/datanode-5/data/ratis/ae6e3807-7f8d-4709-9663-bed1011ef2b4: Starting segment from index:0
2019-07-14 11:07:14,904 INFO  segmented.SegmentedRaftLogWorker (SegmentedRaftLogWorker.java:execute(569)) - 83e63075-ee01-45f6-9ef0-abd1285db36c-SegmentedRaftLogWorker:Storage Directory /workdir/hadoop-ozone/integration-test/target/test-dir/MiniOzoneClusterImpl-d309a403-2708-41a1-968f-5ad9242863dc/datanode-3/data/ratis/ae6e3807-7f8d-4709-9663-bed1011ef2b4: created new log segment /workdir/hadoop-ozone/integration-test/target/test-dir/MiniOzoneClusterImpl-d309a403-2708-41a1-968f-5ad9242863dc/datanode-3/data/ratis/ae6e3807-7f8d-4709-9663-bed1011ef2b4/current/log_inprogress_0
2019-07-14 11:07:14,931 INFO  segmented.SegmentedRaftLogWorker (SegmentedRaftLogWorker.java:execute(569)) - 4f7977ba-698f-43aa-85aa-fbb4d1ed62bc-SegmentedRaftLogWorker:Storage Directory /workdir/hadoop-ozone/integration-test/target/test-dir/MiniOzoneClusterImpl-d309a403-2708-41a1-968f-5ad9242863dc/datanode-5/data/ratis/ae6e3807-7f8d-4709-9663-bed1011ef2b4: created new log segment /workdir/hadoop-ozone/integration-test/target/test-dir/MiniOzoneClusterImpl-d309a403-2708-41a1-968f-5ad9242863dc/datanode-5/data/ratis/ae6e3807-7f8d-4709-9663-bed1011ef2b4/current/log_inprogress_0
2019-07-14 11:07:14,931 INFO  segmented.SegmentedRaftLogWorker (SegmentedRaftLogWorker.java:execute(569)) - 4658b231-3b79-46f5-9d86-b35d04ea8c23-SegmentedRaftLogWorker:Storage Directory /workdir/hadoop-ozone/integration-test/target/test-dir/MiniOzoneClusterImpl-d309a403-2708-41a1-968f-5ad9242863dc/datanode-4/data/ratis/ae6e3807-7f8d-4709-9663-bed1011ef2b4: created new log segment /workdir/hadoop-ozone/integration-test/target/test-dir/MiniOzoneClusterImpl-d309a403-2708-41a1-968f-5ad9242863dc/datanode-4/data/ratis/ae6e3807-7f8d-4709-9663-bed1011ef2b4/current/log_inprogress_0
2019-07-14 11:07:15,046 INFO  impl.FollowerState (FollowerState.java:run(106)) - ae6d04e4-4e3e-4a9f-9012-ff5b8df3a9ba:group-762078FF6392 changes to CANDIDATE, lastRpcTime:5078, electionTimeout:5078ms
2019-07-14 11:07:15,047 INFO  impl.RoleInfo (RoleInfo.java:shutdownFollowerState(121)) - ae6d04e4-4e3e-4a9f-9012-ff5b8df3a9ba: shutdown FollowerState
2019-07-14 11:07:15,047 INFO  impl.RaftServerImpl (RaftServerImpl.java:setRole(171)) - ae6d04e4-4e3e-4a9f-9012-ff5b8df3a9ba:group-762078FF6392 changes role from FOLLOWER to CANDIDATE at term 0 for changeToCandidate
2019-07-14 11:07:15,047 INFO  impl.RoleInfo (RoleInfo.java:updateAndGet(143)) - ae6d04e4-4e3e-4a9f-9012-ff5b8df3a9ba: start LeaderElection
2019-07-14 11:07:15,061 INFO  client.GrpcClientProtocolClient (GrpcClientProtocolClient.java:onNext(255)) - client-8622521AFA5F->5ff2ba6e-18a8-427d-975b-3356abf5344d: receive RaftClientReply:client-8622521AFA5F->5ff2ba6e-18a8-427d-975b-3356abf5344d@group-F9E8E5AC3E71, cid=183, FAILED org.apache.ratis.protocol.NotLeaderException: Server 5ff2ba6e-18a8-427d-975b-3356abf5344d is not the leader (fb8cf17b-1c9f-48a9-ad3d-5c62292e88c7:192.168.157.209:37228). Request must be sent to leader., logIndex=0, commits[5ff2ba6e-18a8-427d-975b-3356abf5344d:c-1, fce50fe2-5005-43f5-bbbf-02a7ac9174af:c-1, fb8cf17b-1c9f-48a9-ad3d-5c62292e88c7:c-1]
2019-07-14 11:07:15,066 INFO  impl.LeaderElection (LeaderElection.java:askForVotes(181)) - ae6d04e4-4e3e-4a9f-9012-ff5b8df3a9ba:group-762078FF6392:LeaderElection94: begin an election at term 1 for -1: [ae6d04e4-4e3e-4a9f-9012-ff5b8df3a9ba:192.168.157.209:34388], old=null
2019-07-14 11:07:15,067 INFO  impl.RoleInfo (RoleInfo.java:shutdownLeaderElection(134)) - ae6d04e4-4e3e-4a9f-9012-ff5b8df3a9ba: shutdown LeaderElection
2019-07-14 11:07:15,067 INFO  impl.RaftServerImpl (RaftServerImpl.java:setRole(171)) - ae6d04e4-4e3e-4a9f-9012-ff5b8df3a9ba:group-762078FF6392 changes role from CANDIDATE to LEADER at term 1 for changeToLeader
2019-07-14 11:07:15,067 INFO  impl.RaftServerImpl (ServerState.java:setLeader(263)) - ae6d04e4-4e3e-4a9f-9012-ff5b8df3a9ba:group-762078FF6392 change Leader from null to ae6d04e4-4e3e-4a9f-9012-ff5b8df3a9ba at term 1 for becomeLeader, leader elected after 5104ms
2019-07-14 11:07:15,069 INFO  server.RaftServerConfigKeys (ConfUtils.java:logGet(43)) - raft.server.staging.catchup.gap = 1000 (default)
2019-07-14 11:07:15,069 INFO  server.RaftServerConfigKeys (ConfUtils.java:logGet(43)) - raft.server.rpc.sleep.time = 25ms (default)
2019-07-14 11:07:15,070 INFO  server.RaftServerConfigKeys (ConfUtils.java:logGet(43)) - raft.server.write.element-limit = 4096 (default)
2019-07-14 11:07:15,070 INFO  server.RaftServerConfigKeys (ConfUtils.java:logGet(43)) - raft.server.watch.timeout = 10s (default)
2019-07-14 11:07:15,070 INFO  server.RaftServerConfigKeys (ConfUtils.java:logGet(43)) - raft.server.watch.timeout.denomination = 1s (default)
2019-07-14 11:07:15,070 INFO  server.RaftServerConfigKeys (ConfUtils.java:logGet(43)) - raft.server.watch.element-limit = 65536 (default)
2019-07-14 11:07:15,070 INFO  impl.RoleInfo (RoleInfo.java:updateAndGet(143)) - ae6d04e4-4e3e-4a9f-9012-ff5b8df3a9ba: start LeaderState
2019-07-14 11:07:15,070 INFO  segmented.SegmentedRaftLogWorker (SegmentedRaftLogWorker.java:startLogSegment(380)) - ae6d04e4-4e3e-4a9f-9012-ff5b8df3a9ba-SegmentedRaftLogWorker:Storage Directory /workdir/hadoop-ozone/integration-test/target/test-dir/MiniOzoneClusterImpl-d309a403-2708-41a1-968f-5ad9242863dc/datanode-6/data/ratis/4d611cb1-a867-45e7-abc7-762078ff6392: Starting segment from index:0
2019-07-14 11:07:15,071 INFO  impl.RaftServerImpl (ServerState.java:setRaftConf(361)) - ae6d04e4-4e3e-4a9f-9012-ff5b8df3a9ba:group-762078FF6392 set configuration 0: [ae6d04e4-4e3e-4a9f-9012-ff5b8df3a9ba:192.168.157.209:34388], old=null at 0
2019-07-14 11:07:15,105 INFO  segmented.SegmentedRaftLogWorker (SegmentedRaftLogWorker.java:execute(569)) - ae6d04e4-4e3e-4a9f-9012-ff5b8df3a9ba-SegmentedRaftLogWorker:Storage Directory /workdir/hadoop-ozone/integration-test/target/test-dir/MiniOzoneClusterImpl-d309a403-2708-41a1-968f-5ad9242863dc/datanode-6/data/ratis/4d611cb1-a867-45e7-abc7-762078ff6392: created new log segment /workdir/hadoop-ozone/integration-test/target/test-dir/MiniOzoneClusterImpl-d309a403-2708-41a1-968f-5ad9242863dc/datanode-6/data/ratis/4d611cb1-a867-45e7-abc7-762078ff6392/current/log_inprogress_0
2019-07-14 11:07:15,234 INFO  client.GrpcClientProtocolClient (GrpcClientProtocolClient.java:onNext(255)) - client-8622521AFA5F->fb8cf17b-1c9f-48a9-ad3d-5c62292e88c7: receive RaftClientReply:client-8622521AFA5F->fb8cf17b-1c9f-48a9-ad3d-5c62292e88c7@group-F9E8E5AC3E71, cid=183, SUCCESS, logIndex=1, commits[fb8cf17b-1c9f-48a9-ad3d-5c62292e88c7:c1, 5ff2ba6e-18a8-427d-975b-3356abf5344d:c0, fce50fe2-5005-43f5-bbbf-02a7ac9174af:c0]
2019-07-14 11:07:15,249 INFO  client.GrpcClientProtocolClient (GrpcClientProtocolClient.java:onNext(255)) - client-8622521AFA5F->fb8cf17b-1c9f-48a9-ad3d-5c62292e88c7: receive RaftClientReply:client-8622521AFA5F->fb8cf17b-1c9f-48a9-ad3d-5c62292e88c7@group-F9E8E5AC3E71, cid=184, SUCCESS, logIndex=3, commits[fb8cf17b-1c9f-48a9-ad3d-5c62292e88c7:c5, 5ff2ba6e-18a8-427d-975b-3356abf5344d:c1, fce50fe2-5005-43f5-bbbf-02a7ac9174af:c1]
2019-07-14 11:07:15,296 INFO  client.GrpcClientProtocolClient (GrpcClientProtocolClient.java:onNext(255)) - client-8622521AFA5F->fb8cf17b-1c9f-48a9-ad3d-5c62292e88c7: receive RaftClientReply:client-8622521AFA5F->fb8cf17b-1c9f-48a9-ad3d-5c62292e88c7@group-F9E8E5AC3E71, cid=185, SUCCESS, logIndex=4, commits[fb8cf17b-1c9f-48a9-ad3d-5c62292e88c7:c12, 5ff2ba6e-18a8-427d-975b-3356abf5344d:c7, fce50fe2-5005-43f5-bbbf-02a7ac9174af:c7]
2019-07-14 11:07:15,296 INFO  client.GrpcClientProtocolClient (GrpcClientProtocolClient.java:onNext(255)) - client-8622521AFA5F->fb8cf17b-1c9f-48a9-ad3d-5c62292e88c7: receive RaftClientReply:client-8622521AFA5F->fb8cf17b-1c9f-48a9-ad3d-5c62292e88c7@group-F9E8E5AC3E71, cid=186, SUCCESS, logIndex=5, commits[fb8cf17b-1c9f-48a9-ad3d-5c62292e88c7:c12, 5ff2ba6e-18a8-427d-975b-3356abf5344d:c7, fce50fe2-5005-43f5-bbbf-02a7ac9174af:c7]
2019-07-14 11:07:15,297 INFO  client.GrpcClientProtocolClient (GrpcClientProtocolClient.java:onNext(255)) - client-8622521AFA5F->fb8cf17b-1c9f-48a9-ad3d-5c62292e88c7: receive RaftClientReply:client-8622521AFA5F->fb8cf17b-1c9f-48a9-ad3d-5c62292e88c7@group-F9E8E5AC3E71, cid=187, SUCCESS, logIndex=6, commits[fb8cf17b-1c9f-48a9-ad3d-5c62292e88c7:c12, 5ff2ba6e-18a8-427d-975b-3356abf5344d:c7, fce50fe2-5005-43f5-bbbf-02a7ac9174af:c7]
2019-07-14 11:07:15,391 INFO  client.GrpcClientProtocolClient (GrpcClientProtocolClient.java:onNext(255)) - client-8622521AFA5F->fb8cf17b-1c9f-48a9-ad3d-5c62292e88c7: receive RaftClientReply:client-8622521AFA5F->fb8cf17b-1c9f-48a9-ad3d-5c62292e88c7@group-F9E8E5AC3E71, cid=188, SUCCESS, logIndex=7, commits[fb8cf17b-1c9f-48a9-ad3d-5c62292e88c7:c12, 5ff2ba6e-18a8-427d-975b-3356abf5344d:c7, fce50fe2-5005-43f5-bbbf-02a7ac9174af:c7]
2019-07-14 11:07:15,408 INFO  client.GrpcClientProtocolClient (GrpcClientProtocolClient.java:onNext(255)) - client-8622521AFA5F->fb8cf17b-1c9f-48a9-ad3d-5c62292e88c7: receive RaftClientReply:client-8622521AFA5F->fb8cf17b-1c9f-48a9-ad3d-5c62292e88c7@group-F9E8E5AC3E71, cid=189, SUCCESS, logIndex=13, commits[fb8cf17b-1c9f-48a9-ad3d-5c62292e88c7:c14, 5ff2ba6e-18a8-427d-975b-3356abf5344d:c12, fce50fe2-5005-43f5-bbbf-02a7ac9174af:c12]
2019-07-14 11:07:15,409 INFO  client.GrpcClientProtocolClient (GrpcClientProtocolClient.java:onNext(255)) - client-8622521AFA5F->fb8cf17b-1c9f-48a9-ad3d-5c62292e88c7: receive RaftClientReply:client-8622521AFA5F->fb8cf17b-1c9f-48a9-ad3d-5c62292e88c7@group-F9E8E5AC3E71, cid=190, SUCCESS, logIndex=14, commits[fb8cf17b-1c9f-48a9-ad3d-5c62292e88c7:c14, 5ff2ba6e-18a8-427d-975b-3356abf5344d:c12, fce50fe2-5005-43f5-bbbf-02a7ac9174af:c12]
2019-07-14 11:07:15,421 INFO  client.GrpcClientProtocolClient (GrpcClientProtocolClient.java:onNext(255)) - client-8622521AFA5F->fb8cf17b-1c9f-48a9-ad3d-5c62292e88c7: receive RaftClientReply:client-8622521AFA5F->fb8cf17b-1c9f-48a9-ad3d-5c62292e88c7@group-F9E8E5AC3E71, cid=191, SUCCESS, logIndex=0, commits[fb8cf17b-1c9f-48a9-ad3d-5c62292e88c7:c15, 5ff2ba6e-18a8-427d-975b-3356abf5344d:c14, fce50fe2-5005-43f5-bbbf-02a7ac9174af:c14]
2019-07-14 11:07:15,422 INFO  datanode.ObjectStoreHandler (ObjectStoreHandler.java:close(155)) - Closing ObjectStoreHandler.
2019-07-14 11:07:15,423 INFO  ozone.HddsDatanodeService (HddsDatanodeService.java:stop(452)) - Stopped plug-in org.apache.hadoop.ozone.web.OzoneHddsDatanodeService@3f6fd33b
2019-07-14 11:07:16,225 INFO  statemachine.DatanodeStateMachine (DatanodeStateMachine.java:lambda$startDaemon$0(350)) - Ozone container server started.
2019-07-14 11:07:20,299 INFO  node.StaleNodeHandler (StaleNodeHandler.java:onMessage(58)) - Datanode fce50fe2-5005-43f5-bbbf-02a7ac9174af{ip: 192.168.157.209, host: trunk-nightly-fxmrv-2540794721, networkLocation: /default-rack, certSerialId: null} moved to stale state. Finalizing its pipelines [PipelineID=8c0f3351-7586-4de8-9365-f9e8e5ac3e71, PipelineID=c48a8112-1c61-4f4b-96c9-0ff7270c0372]
2019-07-14 11:07:20,299 INFO  pipeline.SCMPipelineManager (SCMPipelineManager.java:finalizeAndDestroyPipeline(309)) - destroying pipeline:Pipeline[ Id: 8c0f3351-7586-4de8-9365-f9e8e5ac3e71, Nodes: fce50fe2-5005-43f5-bbbf-02a7ac9174af{ip: 192.168.157.209, host: trunk-nightly-fxmrv-2540794721, networkLocation: /default-rack, certSerialId: null}fb8cf17b-1c9f-48a9-ad3d-5c62292e88c7{ip: 192.168.157.209, host: trunk-nightly-fxmrv-2540794721, networkLocation: /default-rack, certSerialId: null}5ff2ba6e-18a8-427d-975b-3356abf5344d{ip: 192.168.157.209, host: trunk-nightly-fxmrv-2540794721, networkLocation: /default-rack, certSerialId: null}, Type:RATIS, Factor:THREE, State:OPEN]
2019-07-14 11:07:20,300 INFO  pipeline.PipelineStateManager (PipelineStateManager.java:finalizePipeline(123)) - Pipeline Pipeline[ Id: 8c0f3351-7586-4de8-9365-f9e8e5ac3e71, Nodes: fce50fe2-5005-43f5-bbbf-02a7ac9174af{ip: 192.168.157.209, host: trunk-nightly-fxmrv-2540794721, networkLocation: /default-rack, certSerialId: null}fb8cf17b-1c9f-48a9-ad3d-5c62292e88c7{ip: 192.168.157.209, host: trunk-nightly-fxmrv-2540794721, networkLocation: /default-rack, certSerialId: null}5ff2ba6e-18a8-427d-975b-3356abf5344d{ip: 192.168.157.209, host: trunk-nightly-fxmrv-2540794721, networkLocation: /default-rack, certSerialId: null}, Type:RATIS, Factor:THREE, State:CLOSED] moved to CLOSED state
2019-07-14 11:07:20,300 INFO  pipeline.SCMPipelineManager (SCMPipelineManager.java:finalizeAndDestroyPipeline(309)) - destroying pipeline:Pipeline[ Id: c48a8112-1c61-4f4b-96c9-0ff7270c0372, Nodes: fce50fe2-5005-43f5-bbbf-02a7ac9174af{ip: 192.168.157.209, host: trunk-nightly-fxmrv-2540794721, networkLocation: /default-rack, certSerialId: null}, Type:RATIS, Factor:ONE, State:OPEN]
2019-07-14 11:07:20,300 INFO  container.CloseContainerEventHandler (CloseContainerEventHandler.java:onMessage(61)) - Close container Event triggered for container : #1
2019-07-14 11:07:20,300 INFO  pipeline.PipelineStateManager (PipelineStateManager.java:finalizePipeline(123)) - Pipeline Pipeline[ Id: c48a8112-1c61-4f4b-96c9-0ff7270c0372, Nodes: fce50fe2-5005-43f5-bbbf-02a7ac9174af{ip: 192.168.157.209, host: trunk-nightly-fxmrv-2540794721, networkLocation: /default-rack, certSerialId: null}, Type:RATIS, Factor:ONE, State:CLOSED] moved to CLOSED state
2019-07-14 11:07:20,424 INFO  ozoneimpl.OzoneContainer (OzoneContainer.java:stop(199)) - Attempting to stop container services.
2019-07-14 11:07:20,425 INFO  impl.RaftServerProxy (RaftServerProxy.java:lambda$close$4(314)) - fce50fe2-5005-43f5-bbbf-02a7ac9174af: close
2019-07-14 11:07:20,426 INFO  impl.RaftServerImpl (RaftServerImpl.java:lambda$shutdown$3(245)) - fce50fe2-5005-43f5-bbbf-02a7ac9174af: shutdown group-F9E8E5AC3E71
2019-07-14 11:07:20,426 INFO  util.JmxRegister (JmxRegister.java:unregister(73)) - Successfully un-registered JMX Bean with object name Ratis:service=RaftServer,group=group-F9E8E5AC3E71,id=fce50fe2-5005-43f5-bbbf-02a7ac9174af
2019-07-14 11:07:20,427 INFO  impl.RoleInfo (RoleInfo.java:shutdownFollowerState(121)) - fce50fe2-5005-43f5-bbbf-02a7ac9174af: shutdown FollowerState
2019-07-14 11:07:20,427 INFO  impl.StateMachineUpdater (StateMachineUpdater.java:stopAndJoin(115)) - StateMachineUpdater:fce50fe2-5005-43f5-bbbf-02a7ac9174af:group-F9E8E5AC3E71: set stopIndex = 16
2019-07-14 11:07:20,427 INFO  impl.FollowerState (FollowerState.java:run(114)) - fce50fe2-5005-43f5-bbbf-02a7ac9174af: FollowerState was interrupted: java.lang.InterruptedException: sleep interrupted
2019-07-14 11:07:20,427 INFO  ratis.ContainerStateMachine (ContainerStateMachine.java:takeSnapshot(249)) - group-F9E8E5AC3E71: Taking a snapshot at:(t:1, i:14) file /workdir/hadoop-ozone/integration-test/target/test-dir/MiniOzoneClusterImpl-d309a403-2708-41a1-968f-5ad9242863dc/datanode-0/data/ratis/8c0f3351-7586-4de8-9365-f9e8e5ac3e71/sm/snapshot.1_14
2019-07-14 11:07:20,439 INFO  ratis.ContainerStateMachine (ContainerStateMachine.java:takeSnapshot(257)) - group-F9E8E5AC3E71: Finished taking a snapshot at:(t:1, i:14) file:/workdir/hadoop-ozone/integration-test/target/test-dir/MiniOzoneClusterImpl-d309a403-2708-41a1-968f-5ad9242863dc/datanode-0/data/ratis/8c0f3351-7586-4de8-9365-f9e8e5ac3e71/sm/snapshot.1_14 time:12
2019-07-14 11:07:20,439 INFO  impl.StateMachineUpdater (StateMachineUpdater.java:takeSnapshot(242)) - StateMachineUpdater:fce50fe2-5005-43f5-bbbf-02a7ac9174af:group-F9E8E5AC3E71: Took a snapshot at index 14
2019-07-14 11:07:20,439 INFO  impl.StateMachineUpdater (StateMachineUpdater.java:lambda$new$0(80)) - StateMachineUpdater:fce50fe2-5005-43f5-bbbf-02a7ac9174af:group-F9E8E5AC3E71: snapshotIndex: updateIncreasingly -1 -> 14
2019-07-14 11:07:20,440 INFO  impl.RaftServerImpl (ServerState.java:close(394)) - fce50fe2-5005-43f5-bbbf-02a7ac9174af:group-F9E8E5AC3E71 closes. The last applied log index is 16
2019-07-14 11:07:20,441 INFO  segmented.SegmentedRaftLogWorker (SegmentedRaftLogWorker.java:run(313)) - fce50fe2-5005-43f5-bbbf-02a7ac9174af-SegmentedRaftLogWorker:Storage Directory /workdir/hadoop-ozone/integration-test/target/test-dir/MiniOzoneClusterImpl-d309a403-2708-41a1-968f-5ad9242863dc/datanode-0/data/ratis/8c0f3351-7586-4de8-9365-f9e8e5ac3e71 was interrupted, exiting. There are 0 tasks remaining in the queue.
2019-07-14 11:07:20,443 INFO  segmented.SegmentedRaftLogWorker (SegmentedRaftLogWorker.java:close(228)) - fce50fe2-5005-43f5-bbbf-02a7ac9174af-SegmentedRaftLogWorker:Storage Directory /workdir/hadoop-ozone/integration-test/target/test-dir/MiniOzoneClusterImpl-d309a403-2708-41a1-968f-5ad9242863dc/datanode-0/data/ratis/8c0f3351-7586-4de8-9365-f9e8e5ac3e71 close()
2019-07-14 11:07:20,448 INFO  impl.RaftServerImpl (RaftServerImpl.java:lambda$shutdown$3(245)) - fce50fe2-5005-43f5-bbbf-02a7ac9174af: shutdown group-0FF7270C0372
2019-07-14 11:07:20,449 INFO  util.JmxRegister (JmxRegister.java:unregister(73)) - Successfully un-registered JMX Bean with object name Ratis:service=RaftServer,group=group-0FF7270C0372,id=fce50fe2-5005-43f5-bbbf-02a7ac9174af
2019-07-14 11:07:20,449 INFO  impl.RoleInfo (RoleInfo.java:shutdownLeaderState(104)) - fce50fe2-5005-43f5-bbbf-02a7ac9174af: shutdown LeaderState
2019-07-14 11:07:20,449 INFO  impl.PendingRequests (PendingRequests.java:sendNotLeaderResponses(202)) - fce50fe2-5005-43f5-bbbf-02a7ac9174af-PendingRequests: sendNotLeaderResponses
2019-07-14 11:07:20,450 INFO  impl.StateMachineUpdater (StateMachineUpdater.java:stopAndJoin(115)) - StateMachineUpdater:fce50fe2-5005-43f5-bbbf-02a7ac9174af:group-0FF7270C0372: set stopIndex = 0
2019-07-14 11:07:20,450 INFO  impl.RaftServerImpl (ServerState.java:close(394)) - fce50fe2-5005-43f5-bbbf-02a7ac9174af:group-0FF7270C0372 closes. The last applied log index is 0
2019-07-14 11:07:20,451 INFO  segmented.SegmentedRaftLogWorker (SegmentedRaftLogWorker.java:run(313)) - fce50fe2-5005-43f5-bbbf-02a7ac9174af-SegmentedRaftLogWorker:Storage Directory /workdir/hadoop-ozone/integration-test/target/test-dir/MiniOzoneClusterImpl-d309a403-2708-41a1-968f-5ad9242863dc/datanode-0/data/ratis/c48a8112-1c61-4f4b-96c9-0ff7270c0372 was interrupted, exiting. There are 0 tasks remaining in the queue.
2019-07-14 11:07:20,453 INFO  segmented.SegmentedRaftLogWorker (SegmentedRaftLogWorker.java:close(228)) - fce50fe2-5005-43f5-bbbf-02a7ac9174af-SegmentedRaftLogWorker:Storage Directory /workdir/hadoop-ozone/integration-test/target/test-dir/MiniOzoneClusterImpl-d309a403-2708-41a1-968f-5ad9242863dc/datanode-0/data/ratis/c48a8112-1c61-4f4b-96c9-0ff7270c0372 close()
2019-07-14 11:07:20,458 INFO  server.GrpcService (GrpcService.java:closeImpl(155)) - fce50fe2-5005-43f5-bbbf-02a7ac9174af: shutdown server with port 43554 now
2019-07-14 11:07:20,459 WARN  server.GrpcServerProtocolService (LogUtils.java:warn(134)) - fce50fe2-5005-43f5-bbbf-02a7ac9174af: appendEntries onError: org.apache.ratis.thirdparty.io.grpc.StatusRuntimeException: CANCELLED: cancelled before receiving half close
2019-07-14 11:07:20,460 INFO  server.GrpcService (GrpcService.java:closeImpl(163)) - fce50fe2-5005-43f5-bbbf-02a7ac9174af: shutdown server with port 43554 successfully
2019-07-14 11:07:20,460 WARN  server.GrpcLogAppender (LogUtils.java:warn(134)) - fb8cf17b-1c9f-48a9-ad3d-5c62292e88c7->fce50fe2-5005-43f5-bbbf-02a7ac9174af: Failed appendEntries: org.apache.ratis.thirdparty.io.grpc.StatusRuntimeException: CANCELLED: HTTP/2 error code: CANCEL
Received Rst Stream
2019-07-14 11:07:20,463 INFO  impl.FollowerInfo (FollowerInfo.java:lambda$new$0(50)) - fb8cf17b-1c9f-48a9-ad3d-5c62292e88c7->fce50fe2-5005-43f5-bbbf-02a7ac9174af: nextIndex: updateUnconditionally 17 -> 16
2019-07-14 11:07:20,466 INFO  utils.BackgroundService (BackgroundService.java:shutdown(148)) - Shutting down service BlockDeletingService
2019-07-14 11:07:20,468 WARN  fs.CachingGetSpaceUsed (CachingGetSpaceUsed.java:run(183)) - Thread Interrupted waiting to refresh disk information: sleep interrupted
2019-07-14 11:07:20,487 INFO  statemachine.DatanodeStateMachine (DatanodeStateMachine.java:stopDaemon(395)) - Ozone container server stopped.
2019-07-14 11:07:20,489 INFO  handler.ContextHandler (ContextHandler.java:doStop(910)) - Stopped o.e.j.w.WebAppContext@6a08113d{/,null,UNAVAILABLE}{/hddsDatanode}
2019-07-14 11:07:20,490 INFO  server.AbstractConnector (AbstractConnector.java:doStop(318)) - Stopped ServerConnector@480fb706{HTTP/1.1,[http/1.1]}{0.0.0.0:0}
2019-07-14 11:07:20,491 INFO  handler.ContextHandler (ContextHandler.java:doStop(910)) - Stopped o.e.j.s.ServletContextHandler@158b8d10{/static,jar:file:/home/user/.m2/repository/org/apache/hadoop/hadoop-hdds-container-service/0.5.0-SNAPSHOT/hadoop-hdds-container-service-0.5.0-SNAPSHOT.jar!/webapps/static,UNAVAILABLE}
2019-07-14 11:07:20,491 INFO  handler.ContextHandler (ContextHandler.java:doStop(910)) - Stopped o.e.j.s.ServletContextHandler@5578ed7e{/logs,file:///workdir/hadoop-ozone/integration-test/target/log,UNAVAILABLE}
2019-07-14 11:07:20,499 WARN  server.GrpcLogAppender (LogUtils.java:warn(134)) - fb8cf17b-1c9f-48a9-ad3d-5c62292e88c7->fce50fe2-5005-43f5-bbbf-02a7ac9174af: Failed appendEntries: org.apache.ratis.thirdparty.io.grpc.StatusRuntimeException: UNAVAILABLE: io exception
2019-07-14 11:07:20,500 INFO  impl.FollowerInfo (FollowerInfo.java:lambda$new$0(50)) - fb8cf17b-1c9f-48a9-ad3d-5c62292e88c7->fce50fe2-5005-43f5-bbbf-02a7ac9174af: nextIndex: updateUnconditionally 17 -> 16
2019-07-14 11:07:20,502 WARN  server.GrpcLogAppender (LogUtils.java:warn(134)) - fb8cf17b-1c9f-48a9-ad3d-5c62292e88c7->fce50fe2-5005-43f5-bbbf-02a7ac9174af: Failed appendEntries: org.apache.ratis.thirdparty.io.grpc.StatusRuntimeException: UNAVAILABLE: io exception
2019-07-14 11:07:20,502 INFO  impl.FollowerInfo (FollowerInfo.java:lambda$new$0(50)) - fb8cf17b-1c9f-48a9-ad3d-5c62292e88c7->fce50fe2-5005-43f5-bbbf-02a7ac9174af: nextIndex: updateUnconditionally 17 -> 16
2019-07-14 11:07:20,512 WARN  server.GrpcLogAppender (LogUtils.java:warn(134)) - fb8cf17b-1c9f-48a9-ad3d-5c62292e88c7->fce50fe2-5005-43f5-bbbf-02a7ac9174af: Failed appendEntries: org.apache.ratis.thirdparty.io.grpc.StatusRuntimeException: UNAVAILABLE: io exception
2019-07-14 11:07:20,512 INFO  impl.FollowerInfo (FollowerInfo.java:lambda$new$0(50)) - fb8cf17b-1c9f-48a9-ad3d-5c62292e88c7->fce50fe2-5005-43f5-bbbf-02a7ac9174af: nextIndex: updateUnconditionally 17 -> 16
2019-07-14 11:07:20,512 INFO  client.GrpcClientProtocolClient (GrpcClientProtocolClient.java:onNext(255)) - client-8622521AFA5F->fb8cf17b-1c9f-48a9-ad3d-5c62292e88c7: receive RaftClientReply:client-8622521AFA5F->fb8cf17b-1c9f-48a9-ad3d-5c62292e88c7@group-F9E8E5AC3E71, cid=192, SUCCESS, logIndex=17, commits[fb8cf17b-1c9f-48a9-ad3d-5c62292e88c7:c18, 5ff2ba6e-18a8-427d-975b-3356abf5344d:c16, fce50fe2-5005-43f5-bbbf-02a7ac9174af:c16]
2019-07-14 11:07:20,513 INFO  client.GrpcClientProtocolClient (GrpcClientProtocolClient.java:onNext(255)) - client-8622521AFA5F->fb8cf17b-1c9f-48a9-ad3d-5c62292e88c7: receive RaftClientReply:client-8622521AFA5F->fb8cf17b-1c9f-48a9-ad3d-5c62292e88c7@group-F9E8E5AC3E71, cid=193, SUCCESS, logIndex=18, commits[fb8cf17b-1c9f-48a9-ad3d-5c62292e88c7:c22, 5ff2ba6e-18a8-427d-975b-3356abf5344d:c16, fce50fe2-5005-43f5-bbbf-02a7ac9174af:c16]
2019-07-14 11:07:20,513 INFO  client.GrpcClientProtocolClient (GrpcClientProtocolClient.java:onNext(255)) - client-8622521AFA5F->fb8cf17b-1c9f-48a9-ad3d-5c62292e88c7: receive RaftClientReply:client-8622521AFA5F->fb8cf17b-1c9f-48a9-ad3d-5c62292e88c7@group-F9E8E5AC3E71, cid=194, SUCCESS, logIndex=19, commits[fb8cf17b-1c9f-48a9-ad3d-5c62292e88c7:c22, 5ff2ba6e-18a8-427d-975b-3356abf5344d:c16, fce50fe2-5005-43f5-bbbf-02a7ac9174af:c16]
2019-07-14 11:07:20,515 WARN  server.GrpcLogAppender (LogUtils.java:warn(134)) - fb8cf17b-1c9f-48a9-ad3d-5c62292e88c7->fce50fe2-5005-43f5-bbbf-02a7ac9174af: Failed appendEntries: org.apache.ratis.thirdparty.io.grpc.StatusRuntimeException: UNAVAILABLE: io exception
2019-07-14 11:07:20,515 INFO  client.GrpcClientProtocolClient (GrpcClientProtocolClient.java:onNext(255)) - client-8622521AFA5F->fb8cf17b-1c9f-48a9-ad3d-5c62292e88c7: receive RaftClientReply:client-8622521AFA5F->fb8cf17b-1c9f-48a9-ad3d-5c62292e88c7@group-F9E8E5AC3E71, cid=195, SUCCESS, logIndex=20, commits[fb8cf17b-1c9f-48a9-ad3d-5c62292e88c7:c23, 5ff2ba6e-18a8-427d-975b-3356abf5344d:c17, fce50fe2-5005-43f5-bbbf-02a7ac9174af:c16]
2019-07-14 11:07:20,515 INFO  impl.FollowerInfo (FollowerInfo.java:lambda$new$0(50)) - fb8cf17b-1c9f-48a9-ad3d-5c62292e88c7->fce50fe2-5005-43f5-bbbf-02a7ac9174af: nextIndex: updateUnconditionally 17 -> 16
2019-07-14 11:07:20,515 INFO  client.GrpcClientProtocolClient (GrpcClientProtocolClient.java:onNext(255)) - client-8622521AFA5F->fb8cf17b-1c9f-48a9-ad3d-5c62292e88c7: receive RaftClientReply:client-8622521AFA5F->fb8cf17b-1c9f-48a9-ad3d-5c62292e88c7@group-F9E8E5AC3E71, cid=196, SUCCESS, logIndex=21, commits[fb8cf17b-1c9f-48a9-ad3d-5c62292e88c7:c24, 5ff2ba6e-18a8-427d-975b-3356abf5344d:c18, fce50fe2-5005-43f5-bbbf-02a7ac9174af:c16]
2019-07-14 11:07:20,516 INFO  client.GrpcClientProtocolClient (GrpcClientProtocolClient.java:onNext(255)) - client-8622521AFA5F->fb8cf17b-1c9f-48a9-ad3d-5c62292e88c7: receive RaftClientReply:client-8622521AFA5F->fb8cf17b-1c9f-48a9-ad3d-5c62292e88c7@group-F9E8E5AC3E71, cid=197, SUCCESS, logIndex=22, commits[fb8cf17b-1c9f-48a9-ad3d-5c62292e88c7:c27, 5ff2ba6e-18a8-427d-975b-3356abf5344d:c22, fce50fe2-5005-43f5-bbbf-02a7ac9174af:c16]
2019-07-14 11:07:20,517 WARN  server.GrpcLogAppender (LogUtils.java:warn(134)) - fb8cf17b-1c9f-48a9-ad3d-5c62292e88c7->fce50fe2-5005-43f5-bbbf-02a7ac9174af: Failed appendEntries: org.apache.ratis.thirdparty.io.grpc.StatusRuntimeException: UNAVAILABLE: io exception
2019-07-14 11:07:20,517 INFO  impl.FollowerInfo (FollowerInfo.java:lambda$new$0(50)) - fb8cf17b-1c9f-48a9-ad3d-5c62292e88c7->fce50fe2-5005-43f5-bbbf-02a7ac9174af: nextIndex: updateUnconditionally 17 -> 16
2019-07-14 11:07:21,517 WARN  scm.XceiverClientRatis (XceiverClientRatis.java:watchForCommit(262)) - 3 way commit failed on pipeline Pipeline[ Id: 8c0f3351-7586-4de8-9365-f9e8e5ac3e71, Nodes: fce50fe2-5005-43f5-bbbf-02a7ac9174af{ip: 192.168.157.209, host: trunk-nightly-fxmrv-2540794721, networkLocation: /default-rack, certSerialId: null}fb8cf17b-1c9f-48a9-ad3d-5c62292e88c7{ip: 192.168.157.209, host: trunk-nightly-fxmrv-2540794721, networkLocation: /default-rack, certSerialId: null}5ff2ba6e-18a8-427d-975b-3356abf5344d{ip: 192.168.157.209, host: trunk-nightly-fxmrv-2540794721, networkLocation: /default-rack, certSerialId: null}, Type:RATIS, Factor:THREE, State:OPEN]
java.util.concurrent.TimeoutException
	at java.util.concurrent.CompletableFuture.timedGet(CompletableFuture.java:1771)
	at java.util.concurrent.CompletableFuture.get(CompletableFuture.java:1915)
	at org.apache.hadoop.hdds.scm.XceiverClientRatis.watchForCommit(XceiverClientRatis.java:259)
	at org.apache.hadoop.hdds.scm.storage.CommitWatcher.watchForCommit(CommitWatcher.java:194)
	at org.apache.hadoop.hdds.scm.storage.CommitWatcher.watchOnLastIndex(CommitWatcher.java:157)
	at org.apache.hadoop.hdds.scm.storage.BlockOutputStream.watchForCommit(BlockOutputStream.java:355)
	at org.apache.hadoop.hdds.scm.storage.BlockOutputStream.handleFlush(BlockOutputStream.java:487)
	at org.apache.hadoop.hdds.scm.storage.BlockOutputStream.close(BlockOutputStream.java:501)
	at org.apache.hadoop.ozone.client.io.BlockOutputStreamEntry.close(BlockOutputStreamEntry.java:143)
	at org.apache.hadoop.ozone.client.io.KeyOutputStream.handleFlushOrClose(KeyOutputStream.java:438)
	at org.apache.hadoop.ozone.client.io.KeyOutputStream.handleWrite(KeyOutputStream.java:235)
	at org.apache.hadoop.ozone.client.io.KeyOutputStream.write(KeyOutputStream.java:193)
	at org.apache.hadoop.ozone.client.io.OzoneOutputStream.write(OzoneOutputStream.java:49)
	at java.io.OutputStream.write(OutputStream.java:75)
	at org.apache.hadoop.ozone.client.rpc.TestBlockOutputStreamWithFailures.testWatchForCommitDatanodeFailure(TestBlockOutputStreamWithFailures.java:363)
	at sun.reflect.NativeMethodAccessorImpl.invoke0(Native Method)
	at sun.reflect.NativeMethodAccessorImpl.invoke(NativeMethodAccessorImpl.java:62)
	at sun.reflect.DelegatingMethodAccessorImpl.invoke(DelegatingMethodAccessorImpl.java:43)
	at java.lang.reflect.Method.invoke(Method.java:498)
	at org.junit.runners.model.FrameworkMethod$1.runReflectiveCall(FrameworkMethod.java:47)
	at org.junit.internal.runners.model.ReflectiveCallable.run(ReflectiveCallable.java:12)
	at org.junit.runners.model.FrameworkMethod.invokeExplosively(FrameworkMethod.java:44)
	at org.junit.internal.runners.statements.InvokeMethod.evaluate(InvokeMethod.java:17)
	at org.junit.internal.runners.statements.RunBefores.evaluate(RunBefores.java:26)
	at org.junit.internal.runners.statements.RunAfters.evaluate(RunAfters.java:27)
	at org.junit.runners.ParentRunner.runLeaf(ParentRunner.java:271)
	at org.junit.runners.BlockJUnit4ClassRunner.runChild(BlockJUnit4ClassRunner.java:70)
	at org.junit.runners.BlockJUnit4ClassRunner.runChild(BlockJUnit4ClassRunner.java:50)
	at org.junit.runners.ParentRunner$3.run(ParentRunner.java:238)
	at org.junit.runners.ParentRunner$1.schedule(ParentRunner.java:63)
	at org.junit.runners.ParentRunner.runChildren(ParentRunner.java:236)
	at org.junit.runners.ParentRunner.access$000(ParentRunner.java:53)
	at org.junit.runners.ParentRunner$2.evaluate(ParentRunner.java:229)
	at org.junit.runners.ParentRunner.run(ParentRunner.java:309)
	at org.apache.maven.surefire.junit4.JUnit4Provider.execute(JUnit4Provider.java:365)
	at org.apache.maven.surefire.junit4.JUnit4Provider.executeWithRerun(JUnit4Provider.java:273)
	at org.apache.maven.surefire.junit4.JUnit4Provider.executeTestSet(JUnit4Provider.java:238)
	at org.apache.maven.surefire.junit4.JUnit4Provider.invoke(JUnit4Provider.java:159)
	at org.apache.maven.surefire.booter.ForkedBooter.invokeProviderInSameClassLoader(ForkedBooter.java:384)
	at org.apache.maven.surefire.booter.ForkedBooter.runSuitesInProcess(ForkedBooter.java:345)
	at org.apache.maven.surefire.booter.ForkedBooter.execute(ForkedBooter.java:126)
	at org.apache.maven.surefire.booter.ForkedBooter.main(ForkedBooter.java:418)
2019-07-14 11:07:21,521 INFO  client.GrpcClientProtocolClient (GrpcClientProtocolClient.java:onNext(255)) - client-8622521AFA5F->fb8cf17b-1c9f-48a9-ad3d-5c62292e88c7: receive RaftClientReply:client-8622521AFA5F->fb8cf17b-1c9f-48a9-ad3d-5c62292e88c7@group-F9E8E5AC3E71, cid=199, SUCCESS, logIndex=0, commits[fb8cf17b-1c9f-48a9-ad3d-5c62292e88c7:c27, 5ff2ba6e-18a8-427d-975b-3356abf5344d:c22, fce50fe2-5005-43f5-bbbf-02a7ac9174af:c16]
2019-07-14 11:07:21,524 INFO  scm.XceiverClientRatis (XceiverClientRatis.java:lambda$watchForCommit$7(280)) - Could not commit index 22 on pipeline Pipeline[ Id: 8c0f3351-7586-4de8-9365-f9e8e5ac3e71, Nodes: fce50fe2-5005-43f5-bbbf-02a7ac9174af{ip: 192.168.157.209, host: trunk-nightly-fxmrv-2540794721, networkLocation: /default-rack, certSerialId: null}fb8cf17b-1c9f-48a9-ad3d-5c62292e88c7{ip: 192.168.157.209, host: trunk-nightly-fxmrv-2540794721, networkLocation: /default-rack, certSerialId: null}5ff2ba6e-18a8-427d-975b-3356abf5344d{ip: 192.168.157.209, host: trunk-nightly-fxmrv-2540794721, networkLocation: /default-rack, certSerialId: null}, Type:RATIS, Factor:THREE, State:OPEN] to all the nodes. Server fce50fe2-5005-43f5-bbbf-02a7ac9174af has failed. Committed by majority.
2019-07-14 11:07:21,525 WARN  storage.BlockOutputStream (BlockOutputStream.java:watchForCommit(361)) - Failed to commit BlockId conID: 1 locID: 102439480916443150 bcsId: 22 on Pipeline[ Id: 8c0f3351-7586-4de8-9365-f9e8e5ac3e71, Nodes: fce50fe2-5005-43f5-bbbf-02a7ac9174af{ip: 192.168.157.209, host: trunk-nightly-fxmrv-2540794721, networkLocation: /default-rack, certSerialId: null}fb8cf17b-1c9f-48a9-ad3d-5c62292e88c7{ip: 192.168.157.209, host: trunk-nightly-fxmrv-2540794721, networkLocation: /default-rack, certSerialId: null}5ff2ba6e-18a8-427d-975b-3356abf5344d{ip: 192.168.157.209, host: trunk-nightly-fxmrv-2540794721, networkLocation: /default-rack, certSerialId: null}, Type:RATIS, Factor:THREE, State:OPEN]. Failed nodes: [fce50fe2-5005-43f5-bbbf-02a7ac9174af{ip: null, host: null, networkLocation: /default-rack, certSerialId: null}]
2019-07-14 11:07:21,525 INFO  ozone.MiniOzoneClusterImpl (MiniOzoneClusterImpl.java:shutdown(321)) - Shutting down the Mini Ozone Cluster
2019-07-14 11:07:21,526 INFO  ozone.MiniOzoneClusterImpl (MiniOzoneClusterImpl.java:stop(336)) - Stopping the Mini Ozone Cluster
2019-07-14 11:07:21,526 INFO  ozone.MiniOzoneClusterImpl (MiniOzoneClusterImpl.java:stop(338)) - Stopping the OzoneManager
2019-07-14 11:07:21,526 INFO  ipc.Server (Server.java:stop(3082)) - Stopping server on 45651
2019-07-14 11:07:21,541 INFO  ipc.Server (Server.java:run(1185)) - Stopping IPC Server listener on 45651
2019-07-14 11:07:21,541 INFO  utils.BackgroundService (BackgroundService.java:shutdown(148)) - Shutting down service KeyDeletingService
2019-07-14 11:07:21,563 INFO  ipc.Server (Server.java:run(1319)) - Stopping IPC Server Responder
2019-07-14 11:07:21,565 INFO  handler.ContextHandler (ContextHandler.java:doStop(910)) - Stopped o.e.j.w.WebAppContext@68ee7b3b{/,null,UNAVAILABLE}{/ozoneManager}
2019-07-14 11:07:21,566 INFO  server.AbstractConnector (AbstractConnector.java:doStop(318)) - Stopped ServerConnector@159a32a4{HTTP/1.1,[http/1.1]}{0.0.0.0:0}
2019-07-14 11:07:21,566 INFO  handler.ContextHandler (ContextHandler.java:doStop(910)) - Stopped o.e.j.s.ServletContextHandler@cbd3871{/static,file:///workdir/hadoop-ozone/integration-test/target/test-classes/webapps/static,UNAVAILABLE}
2019-07-14 11:07:21,566 INFO  handler.ContextHandler (ContextHandler.java:doStop(910)) - Stopped o.e.j.s.ServletContextHandler@1dc987b{/logs,file:///workdir/hadoop-ozone/integration-test/target/log,UNAVAILABLE}
2019-07-14 11:07:21,581 INFO  ozone.MiniOzoneClusterImpl (MiniOzoneClusterImpl.java:stop(344)) - Shutting the HddsDatanodes
2019-07-14 11:07:21,581 INFO  datanode.ObjectStoreHandler (ObjectStoreHandler.java:close(155)) - Closing ObjectStoreHandler.
2019-07-14 11:07:21,581 INFO  datanode.ObjectStoreHandler (ObjectStoreHandler.java:close(155)) - Closing ObjectStoreHandler.
2019-07-14 11:07:21,582 INFO  ozone.HddsDatanodeService (HddsDatanodeService.java:stop(452)) - Stopped plug-in org.apache.hadoop.ozone.web.OzoneHddsDatanodeService@4dc23273
2019-07-14 11:07:21,582 INFO  ozone.HddsDatanodeService (HddsDatanodeService.java:stop(452)) - Stopped plug-in org.apache.hadoop.ozone.web.OzoneHddsDatanodeService@498bfeec
2019-07-14 11:07:22,223 INFO  statemachine.DatanodeStateMachine (DatanodeStateMachine.java:lambda$startDaemon$0(350)) - Ozone container server started.
2019-07-14 11:07:22,422 INFO  statemachine.DatanodeStateMachine (DatanodeStateMachine.java:lambda$startDaemon$0(350)) - Ozone container server started.
2019-07-14 11:07:23,018 WARN  server.GrpcLogAppender (LogUtils.java:warn(134)) - fb8cf17b-1c9f-48a9-ad3d-5c62292e88c7->fce50fe2-5005-43f5-bbbf-02a7ac9174af: Failed appendEntries: org.apache.ratis.thirdparty.io.grpc.StatusRuntimeException: UNAVAILABLE: io exception
2019-07-14 11:07:23,019 INFO  impl.FollowerInfo (FollowerInfo.java:lambda$new$0(50)) - fb8cf17b-1c9f-48a9-ad3d-5c62292e88c7->fce50fe2-5005-43f5-bbbf-02a7ac9174af: nextIndex: updateUnconditionally 16 -> 15
2019-07-14 11:07:23,226 WARN  server.GrpcLogAppender (LogUtils.java:warn(134)) - fb8cf17b-1c9f-48a9-ad3d-5c62292e88c7->fce50fe2-5005-43f5-bbbf-02a7ac9174af: Failed appendEntries: org.apache.ratis.thirdparty.io.grpc.StatusRuntimeException: UNAVAILABLE: io exception
2019-07-14 11:07:23,227 INFO  impl.FollowerInfo (FollowerInfo.java:lambda$new$0(50)) - fb8cf17b-1c9f-48a9-ad3d-5c62292e88c7->fce50fe2-5005-43f5-bbbf-02a7ac9174af: nextIndex: updateUnconditionally 16 -> 15
2019-07-14 11:07:23,237 WARN  server.GrpcLogAppender (LogUtils.java:warn(134)) - fb8cf17b-1c9f-48a9-ad3d-5c62292e88c7->fce50fe2-5005-43f5-bbbf-02a7ac9174af: Failed appendEntries: org.apache.ratis.thirdparty.io.grpc.StatusRuntimeException: UNAVAILABLE: io exception
2019-07-14 11:07:23,238 INFO  impl.FollowerInfo (FollowerInfo.java:lambda$new$0(50)) - fb8cf17b-1c9f-48a9-ad3d-5c62292e88c7->fce50fe2-5005-43f5-bbbf-02a7ac9174af: nextIndex: updateUnconditionally 16 -> 15
2019-07-14 11:07:23,250 WARN  server.GrpcLogAppender (LogUtils.java:warn(134)) - fb8cf17b-1c9f-48a9-ad3d-5c62292e88c7->fce50fe2-5005-43f5-bbbf-02a7ac9174af: Failed appendEntries: org.apache.ratis.thirdparty.io.grpc.StatusRuntimeException: UNAVAILABLE: io exception
2019-07-14 11:07:23,250 INFO  impl.FollowerInfo (FollowerInfo.java:lambda$new$0(50)) - fb8cf17b-1c9f-48a9-ad3d-5c62292e88c7->fce50fe2-5005-43f5-bbbf-02a7ac9174af: nextIndex: updateUnconditionally 16 -> 15
2019-07-14 11:07:23,291 INFO  interfaces.Container (KeyValueContainer.java:compactDB(356)) - Container 1 is closed with bcsId 22.
2019-07-14 11:07:23,316 INFO  interfaces.Container (KeyValueContainer.java:compactDB(356)) - Container 1 is closed with bcsId 22.
2019-07-14 11:07:25,751 WARN  server.GrpcLogAppender (LogUtils.java:warn(134)) - fb8cf17b-1c9f-48a9-ad3d-5c62292e88c7->fce50fe2-5005-43f5-bbbf-02a7ac9174af: Failed appendEntries: org.apache.ratis.thirdparty.io.grpc.StatusRuntimeException: UNAVAILABLE: io exception
2019-07-14 11:07:25,751 INFO  impl.FollowerInfo (FollowerInfo.java:lambda$new$0(50)) - fb8cf17b-1c9f-48a9-ad3d-5c62292e88c7->fce50fe2-5005-43f5-bbbf-02a7ac9174af: nextIndex: updateUnconditionally 15 -> 14
2019-07-14 11:07:26,313 INFO  node.StaleNodeHandler (StaleNodeHandler.java:onMessage(58)) - Datanode 5ff2ba6e-18a8-427d-975b-3356abf5344d{ip: 192.168.157.209, host: trunk-nightly-fxmrv-2540794721, networkLocation: /default-rack, certSerialId: null} moved to stale state. Finalizing its pipelines [PipelineID=8c0f3351-7586-4de8-9365-f9e8e5ac3e71, PipelineID=9f511055-77fb-42a0-a0a4-765edc54db85]
2019-07-14 11:07:26,314 INFO  pipeline.SCMPipelineManager (SCMPipelineManager.java:finalizeAndDestroyPipeline(309)) - destroying pipeline:Pipeline[ Id: 8c0f3351-7586-4de8-9365-f9e8e5ac3e71, Nodes: fce50fe2-5005-43f5-bbbf-02a7ac9174af{ip: 192.168.157.209, host: trunk-nightly-fxmrv-2540794721, networkLocation: /default-rack, certSerialId: null}fb8cf17b-1c9f-48a9-ad3d-5c62292e88c7{ip: 192.168.157.209, host: trunk-nightly-fxmrv-2540794721, networkLocation: /default-rack, certSerialId: null}5ff2ba6e-18a8-427d-975b-3356abf5344d{ip: 192.168.157.209, host: trunk-nightly-fxmrv-2540794721, networkLocation: /default-rack, certSerialId: null}, Type:RATIS, Factor:THREE, State:CLOSED]
2019-07-14 11:07:26,314 INFO  pipeline.SCMPipelineManager (SCMPipelineManager.java:finalizeAndDestroyPipeline(309)) - destroying pipeline:Pipeline[ Id: 9f511055-77fb-42a0-a0a4-765edc54db85, Nodes: 5ff2ba6e-18a8-427d-975b-3356abf5344d{ip: 192.168.157.209, host: trunk-nightly-fxmrv-2540794721, networkLocation: /default-rack, certSerialId: null}, Type:RATIS, Factor:ONE, State:OPEN]
2019-07-14 11:07:26,314 INFO  pipeline.PipelineStateManager (PipelineStateManager.java:finalizePipeline(123)) - Pipeline Pipeline[ Id: 9f511055-77fb-42a0-a0a4-765edc54db85, Nodes: 5ff2ba6e-18a8-427d-975b-3356abf5344d{ip: 192.168.157.209, host: trunk-nightly-fxmrv-2540794721, networkLocation: /default-rack, certSerialId: null}, Type:RATIS, Factor:ONE, State:CLOSED] moved to CLOSED state
2019-07-14 11:07:26,514 INFO  node.StaleNodeHandler (StaleNodeHandler.java:onMessage(58)) - Datanode 4658b231-3b79-46f5-9d86-b35d04ea8c23{ip: 192.168.157.209, host: trunk-nightly-fxmrv-2540794721, networkLocation: /default-rack, certSerialId: null} moved to stale state. Finalizing its pipelines [PipelineID=ae6e3807-7f8d-4709-9663-bed1011ef2b4, PipelineID=ef1b0912-2f57-4fee-a56a-724677acc3e7]
2019-07-14 11:07:26,514 INFO  pipeline.SCMPipelineManager (SCMPipelineManager.java:finalizeAndDestroyPipeline(309)) - destroying pipeline:Pipeline[ Id: ae6e3807-7f8d-4709-9663-bed1011ef2b4, Nodes: 83e63075-ee01-45f6-9ef0-abd1285db36c{ip: 192.168.157.209, host: trunk-nightly-fxmrv-2540794721, networkLocation: /default-rack, certSerialId: null}4658b231-3b79-46f5-9d86-b35d04ea8c23{ip: 192.168.157.209, host: trunk-nightly-fxmrv-2540794721, networkLocation: /default-rack, certSerialId: null}4f7977ba-698f-43aa-85aa-fbb4d1ed62bc{ip: 192.168.157.209, host: trunk-nightly-fxmrv-2540794721, networkLocation: /default-rack, certSerialId: null}, Type:RATIS, Factor:THREE, State:OPEN]
2019-07-14 11:07:26,514 INFO  pipeline.PipelineStateManager (PipelineStateManager.java:finalizePipeline(123)) - Pipeline Pipeline[ Id: ae6e3807-7f8d-4709-9663-bed1011ef2b4, Nodes: 83e63075-ee01-45f6-9ef0-abd1285db36c{ip: 192.168.157.209, host: trunk-nightly-fxmrv-2540794721, networkLocation: /default-rack, certSerialId: null}4658b231-3b79-46f5-9d86-b35d04ea8c23{ip: 192.168.157.209, host: trunk-nightly-fxmrv-2540794721, networkLocation: /default-rack, certSerialId: null}4f7977ba-698f-43aa-85aa-fbb4d1ed62bc{ip: 192.168.157.209, host: trunk-nightly-fxmrv-2540794721, networkLocation: /default-rack, certSerialId: null}, Type:RATIS, Factor:THREE, State:CLOSED] moved to CLOSED state
2019-07-14 11:07:26,514 INFO  pipeline.SCMPipelineManager (SCMPipelineManager.java:finalizeAndDestroyPipeline(309)) - destroying pipeline:Pipeline[ Id: ef1b0912-2f57-4fee-a56a-724677acc3e7, Nodes: 4658b231-3b79-46f5-9d86-b35d04ea8c23{ip: 192.168.157.209, host: trunk-nightly-fxmrv-2540794721, networkLocation: /default-rack, certSerialId: null}, Type:RATIS, Factor:ONE, State:OPEN]
2019-07-14 11:07:26,515 INFO  pipeline.PipelineStateManager (PipelineStateManager.java:finalizePipeline(123)) - Pipeline Pipeline[ Id: ef1b0912-2f57-4fee-a56a-724677acc3e7, Nodes: 4658b231-3b79-46f5-9d86-b35d04ea8c23{ip: 192.168.157.209, host: trunk-nightly-fxmrv-2540794721, networkLocation: /default-rack, certSerialId: null}, Type:RATIS, Factor:ONE, State:CLOSED] moved to CLOSED state
2019-07-14 11:07:26,583 INFO  ozoneimpl.OzoneContainer (OzoneContainer.java:stop(199)) - Attempting to stop container services.
2019-07-14 11:07:26,583 INFO  ozoneimpl.OzoneContainer (OzoneContainer.java:stop(199)) - Attempting to stop container services.
2019-07-14 11:07:26,583 INFO  impl.RaftServerProxy (RaftServerProxy.java:lambda$close$4(314)) - 4658b231-3b79-46f5-9d86-b35d04ea8c23: close
2019-07-14 11:07:26,583 INFO  impl.RaftServerProxy (RaftServerProxy.java:lambda$close$4(314)) - 5ff2ba6e-18a8-427d-975b-3356abf5344d: close
2019-07-14 11:07:26,584 INFO  impl.RaftServerImpl (RaftServerImpl.java:lambda$shutdown$3(245)) - 4658b231-3b79-46f5-9d86-b35d04ea8c23: shutdown group-BED1011EF2B4
2019-07-14 11:07:26,584 INFO  impl.RaftServerImpl (RaftServerImpl.java:lambda$shutdown$3(245)) - 5ff2ba6e-18a8-427d-975b-3356abf5344d: shutdown group-F9E8E5AC3E71
2019-07-14 11:07:26,584 INFO  util.JmxRegister (JmxRegister.java:unregister(73)) - Successfully un-registered JMX Bean with object name Ratis:service=RaftServer,group=group-BED1011EF2B4,id=4658b231-3b79-46f5-9d86-b35d04ea8c23
2019-07-14 11:07:26,585 INFO  util.JmxRegister (JmxRegister.java:unregister(73)) - Successfully un-registered JMX Bean with object name Ratis:service=RaftServer,group=group-F9E8E5AC3E71,id=5ff2ba6e-18a8-427d-975b-3356abf5344d
2019-07-14 11:07:26,585 INFO  impl.RoleInfo (RoleInfo.java:shutdownFollowerState(121)) - 4658b231-3b79-46f5-9d86-b35d04ea8c23: shutdown FollowerState
2019-07-14 11:07:26,586 INFO  impl.StateMachineUpdater (StateMachineUpdater.java:stopAndJoin(115)) - StateMachineUpdater:4658b231-3b79-46f5-9d86-b35d04ea8c23:group-BED1011EF2B4: set stopIndex = 0
2019-07-14 11:07:26,586 INFO  impl.RaftServerImpl (ServerState.java:close(394)) - 4658b231-3b79-46f5-9d86-b35d04ea8c23:group-BED1011EF2B4 closes. The last applied log index is 0
2019-07-14 11:07:26,585 INFO  impl.RoleInfo (RoleInfo.java:shutdownFollowerState(121)) - 5ff2ba6e-18a8-427d-975b-3356abf5344d: shutdown FollowerState
2019-07-14 11:07:26,587 INFO  segmented.SegmentedRaftLogWorker (SegmentedRaftLogWorker.java:run(313)) - 4658b231-3b79-46f5-9d86-b35d04ea8c23-SegmentedRaftLogWorker:Storage Directory /workdir/hadoop-ozone/integration-test/target/test-dir/MiniOzoneClusterImpl-d309a403-2708-41a1-968f-5ad9242863dc/datanode-4/data/ratis/ae6e3807-7f8d-4709-9663-bed1011ef2b4 was interrupted, exiting. There are 0 tasks remaining in the queue.
2019-07-14 11:07:26,586 INFO  impl.FollowerState (FollowerState.java:run(114)) - 4658b231-3b79-46f5-9d86-b35d04ea8c23: FollowerState was interrupted: java.lang.InterruptedException: sleep interrupted
2019-07-14 11:07:26,587 INFO  impl.FollowerState (FollowerState.java:run(114)) - 5ff2ba6e-18a8-427d-975b-3356abf5344d: FollowerState was interrupted: java.lang.InterruptedException: sleep interrupted
2019-07-14 11:07:26,587 INFO  ratis.ContainerStateMachine (ContainerStateMachine.java:takeSnapshot(249)) - group-F9E8E5AC3E71: Taking a snapshot at:(t:1, i:28) file /workdir/hadoop-ozone/integration-test/target/test-dir/MiniOzoneClusterImpl-d309a403-2708-41a1-968f-5ad9242863dc/datanode-1/data/ratis/8c0f3351-7586-4de8-9365-f9e8e5ac3e71/sm/snapshot.1_28
2019-07-14 11:07:26,587 INFO  impl.StateMachineUpdater (StateMachineUpdater.java:stopAndJoin(115)) - StateMachineUpdater:5ff2ba6e-18a8-427d-975b-3356abf5344d:group-F9E8E5AC3E71: set stopIndex = 29
2019-07-14 11:07:26,595 INFO  segmented.SegmentedRaftLogWorker (SegmentedRaftLogWorker.java:close(228)) - 4658b231-3b79-46f5-9d86-b35d04ea8c23-SegmentedRaftLogWorker:Storage Directory /workdir/hadoop-ozone/integration-test/target/test-dir/MiniOzoneClusterImpl-d309a403-2708-41a1-968f-5ad9242863dc/datanode-4/data/ratis/ae6e3807-7f8d-4709-9663-bed1011ef2b4 close()
2019-07-14 11:07:26,596 INFO  ratis.ContainerStateMachine (ContainerStateMachine.java:takeSnapshot(257)) - group-F9E8E5AC3E71: Finished taking a snapshot at:(t:1, i:28) file:/workdir/hadoop-ozone/integration-test/target/test-dir/MiniOzoneClusterImpl-d309a403-2708-41a1-968f-5ad9242863dc/datanode-1/data/ratis/8c0f3351-7586-4de8-9365-f9e8e5ac3e71/sm/snapshot.1_28 time:8
2019-07-14 11:07:26,600 INFO  impl.RaftServerImpl (RaftServerImpl.java:lambda$shutdown$3(245)) - 4658b231-3b79-46f5-9d86-b35d04ea8c23: shutdown group-724677ACC3E7
2019-07-14 11:07:26,600 INFO  impl.StateMachineUpdater (StateMachineUpdater.java:takeSnapshot(242)) - StateMachineUpdater:5ff2ba6e-18a8-427d-975b-3356abf5344d:group-F9E8E5AC3E71: Took a snapshot at index 28
2019-07-14 11:07:26,600 INFO  util.JmxRegister (JmxRegister.java:unregister(73)) - Successfully un-registered JMX Bean with object name Ratis:service=RaftServer,group=group-724677ACC3E7,id=4658b231-3b79-46f5-9d86-b35d04ea8c23
2019-07-14 11:07:26,601 INFO  impl.StateMachineUpdater (StateMachineUpdater.java:lambda$new$0(80)) - StateMachineUpdater:5ff2ba6e-18a8-427d-975b-3356abf5344d:group-F9E8E5AC3E71: snapshotIndex: updateIncreasingly -1 -> 28
2019-07-14 11:07:26,601 INFO  impl.RoleInfo (RoleInfo.java:shutdownLeaderState(104)) - 4658b231-3b79-46f5-9d86-b35d04ea8c23: shutdown LeaderState
2019-07-14 11:07:26,601 INFO  impl.RaftServerImpl (ServerState.java:close(394)) - 5ff2ba6e-18a8-427d-975b-3356abf5344d:group-F9E8E5AC3E71 closes. The last applied log index is 29
2019-07-14 11:07:26,601 INFO  impl.PendingRequests (PendingRequests.java:sendNotLeaderResponses(202)) - 4658b231-3b79-46f5-9d86-b35d04ea8c23-PendingRequests: sendNotLeaderResponses
2019-07-14 11:07:26,602 INFO  segmented.SegmentedRaftLogWorker (SegmentedRaftLogWorker.java:run(313)) - 5ff2ba6e-18a8-427d-975b-3356abf5344d-SegmentedRaftLogWorker:Storage Directory /workdir/hadoop-ozone/integration-test/target/test-dir/MiniOzoneClusterImpl-d309a403-2708-41a1-968f-5ad9242863dc/datanode-1/data/ratis/8c0f3351-7586-4de8-9365-f9e8e5ac3e71 was interrupted, exiting. There are 0 tasks remaining in the queue.
2019-07-14 11:07:26,602 INFO  impl.StateMachineUpdater (StateMachineUpdater.java:stopAndJoin(115)) - StateMachineUpdater:4658b231-3b79-46f5-9d86-b35d04ea8c23:group-724677ACC3E7: set stopIndex = 0
2019-07-14 11:07:26,605 INFO  segmented.SegmentedRaftLogWorker (SegmentedRaftLogWorker.java:close(228)) - 5ff2ba6e-18a8-427d-975b-3356abf5344d-SegmentedRaftLogWorker:Storage Directory /workdir/hadoop-ozone/integration-test/target/test-dir/MiniOzoneClusterImpl-d309a403-2708-41a1-968f-5ad9242863dc/datanode-1/data/ratis/8c0f3351-7586-4de8-9365-f9e8e5ac3e71 close()
2019-07-14 11:07:26,605 INFO  impl.RaftServerImpl (ServerState.java:close(394)) - 4658b231-3b79-46f5-9d86-b35d04ea8c23:group-724677ACC3E7 closes. The last applied log index is 0
2019-07-14 11:07:26,609 INFO  impl.RaftServerImpl (RaftServerImpl.java:lambda$shutdown$3(245)) - 5ff2ba6e-18a8-427d-975b-3356abf5344d: shutdown group-765EDC54DB85
2019-07-14 11:07:26,610 INFO  segmented.SegmentedRaftLogWorker (SegmentedRaftLogWorker.java:run(313)) - 4658b231-3b79-46f5-9d86-b35d04ea8c23-SegmentedRaftLogWorker:Storage Directory /workdir/hadoop-ozone/integration-test/target/test-dir/MiniOzoneClusterImpl-d309a403-2708-41a1-968f-5ad9242863dc/datanode-4/data/ratis/ef1b0912-2f57-4fee-a56a-724677acc3e7 was interrupted, exiting. There are 0 tasks remaining in the queue.
2019-07-14 11:07:26,610 INFO  util.JmxRegister (JmxRegister.java:unregister(73)) - Successfully un-registered JMX Bean with object name Ratis:service=RaftServer,group=group-765EDC54DB85,id=5ff2ba6e-18a8-427d-975b-3356abf5344d
2019-07-14 11:07:26,612 INFO  segmented.SegmentedRaftLogWorker (SegmentedRaftLogWorker.java:close(228)) - 4658b231-3b79-46f5-9d86-b35d04ea8c23-SegmentedRaftLogWorker:Storage Directory /workdir/hadoop-ozone/integration-test/target/test-dir/MiniOzoneClusterImpl-d309a403-2708-41a1-968f-5ad9242863dc/datanode-4/data/ratis/ef1b0912-2f57-4fee-a56a-724677acc3e7 close()
2019-07-14 11:07:26,612 INFO  impl.RoleInfo (RoleInfo.java:shutdownLeaderState(104)) - 5ff2ba6e-18a8-427d-975b-3356abf5344d: shutdown LeaderState
2019-07-14 11:07:26,617 INFO  server.GrpcService (GrpcService.java:closeImpl(155)) - 4658b231-3b79-46f5-9d86-b35d04ea8c23: shutdown server with port 46559 now
2019-07-14 11:07:26,617 INFO  impl.PendingRequests (PendingRequests.java:sendNotLeaderResponses(202)) - 5ff2ba6e-18a8-427d-975b-3356abf5344d-PendingRequests: sendNotLeaderResponses
2019-07-14 11:07:26,618 INFO  impl.StateMachineUpdater (StateMachineUpdater.java:stopAndJoin(115)) - StateMachineUpdater:5ff2ba6e-18a8-427d-975b-3356abf5344d:group-765EDC54DB85: set stopIndex = 0
2019-07-14 11:07:26,618 WARN  server.GrpcServerProtocolService (LogUtils.java:warn(134)) - 4658b231-3b79-46f5-9d86-b35d04ea8c23: appendEntries onError: org.apache.ratis.thirdparty.io.grpc.StatusRuntimeException: CANCELLED: cancelled before receiving half close
2019-07-14 11:07:26,618 INFO  impl.RaftServerImpl (ServerState.java:close(394)) - 5ff2ba6e-18a8-427d-975b-3356abf5344d:group-765EDC54DB85 closes. The last applied log index is 0
2019-07-14 11:07:26,619 WARN  server.GrpcLogAppender (LogUtils.java:warn(134)) - 83e63075-ee01-45f6-9ef0-abd1285db36c->4658b231-3b79-46f5-9d86-b35d04ea8c23: Failed appendEntries: org.apache.ratis.thirdparty.io.grpc.StatusRuntimeException: CANCELLED: HTTP/2 error code: CANCEL
Received Rst Stream
2019-07-14 11:07:26,618 INFO  server.GrpcService (GrpcService.java:closeImpl(163)) - 4658b231-3b79-46f5-9d86-b35d04ea8c23: shutdown server with port 46559 successfully
2019-07-14 11:07:26,619 INFO  impl.FollowerInfo (FollowerInfo.java:lambda$new$0(50)) - 83e63075-ee01-45f6-9ef0-abd1285db36c->4658b231-3b79-46f5-9d86-b35d04ea8c23: nextIndex: updateUnconditionally 1 -> 0
2019-07-14 11:07:26,619 INFO  segmented.SegmentedRaftLogWorker (SegmentedRaftLogWorker.java:run(313)) - 5ff2ba6e-18a8-427d-975b-3356abf5344d-SegmentedRaftLogWorker:Storage Directory /workdir/hadoop-ozone/integration-test/target/test-dir/MiniOzoneClusterImpl-d309a403-2708-41a1-968f-5ad9242863dc/datanode-1/data/ratis/9f511055-77fb-42a0-a0a4-765edc54db85 was interrupted, exiting. There are 0 tasks remaining in the queue.
2019-07-14 11:07:26,622 INFO  segmented.SegmentedRaftLogWorker (SegmentedRaftLogWorker.java:close(228)) - 5ff2ba6e-18a8-427d-975b-3356abf5344d-SegmentedRaftLogWorker:Storage Directory /workdir/hadoop-ozone/integration-test/target/test-dir/MiniOzoneClusterImpl-d309a403-2708-41a1-968f-5ad9242863dc/datanode-1/data/ratis/9f511055-77fb-42a0-a0a4-765edc54db85 close()
2019-07-14 11:07:26,622 INFO  utils.BackgroundService (BackgroundService.java:shutdown(148)) - Shutting down service BlockDeletingService
2019-07-14 11:07:26,626 INFO  server.GrpcService (GrpcService.java:closeImpl(155)) - 5ff2ba6e-18a8-427d-975b-3356abf5344d: shutdown server with port 38696 now
2019-07-14 11:07:26,628 WARN  server.GrpcServerProtocolService (LogUtils.java:warn(134)) - 5ff2ba6e-18a8-427d-975b-3356abf5344d: appendEntries onError: org.apache.ratis.thirdparty.io.grpc.StatusRuntimeException: CANCELLED: cancelled before receiving half close
2019-07-14 11:07:26,628 INFO  server.GrpcService (GrpcService.java:closeImpl(163)) - 5ff2ba6e-18a8-427d-975b-3356abf5344d: shutdown server with port 38696 successfully
2019-07-14 11:07:26,628 WARN  server.GrpcLogAppender (LogUtils.java:warn(134)) - fb8cf17b-1c9f-48a9-ad3d-5c62292e88c7->5ff2ba6e-18a8-427d-975b-3356abf5344d: Failed appendEntries: org.apache.ratis.thirdparty.io.grpc.StatusRuntimeException: CANCELLED: HTTP/2 error code: CANCEL
Received Rst Stream
2019-07-14 11:07:26,628 INFO  impl.FollowerInfo (FollowerInfo.java:lambda$new$0(50)) - fb8cf17b-1c9f-48a9-ad3d-5c62292e88c7->5ff2ba6e-18a8-427d-975b-3356abf5344d: nextIndex: updateUnconditionally 30 -> 29
2019-07-14 11:07:26,629 WARN  fs.CachingGetSpaceUsed (CachingGetSpaceUsed.java:run(183)) - Thread Interrupted waiting to refresh disk information: sleep interrupted
2019-07-14 11:07:26,631 INFO  utils.BackgroundService (BackgroundService.java:shutdown(148)) - Shutting down service BlockDeletingService
2019-07-14 11:07:26,634 WARN  fs.CachingGetSpaceUsed (CachingGetSpaceUsed.java:run(183)) - Thread Interrupted waiting to refresh disk information: sleep interrupted
2019-07-14 11:07:26,656 INFO  statemachine.DatanodeStateMachine (DatanodeStateMachine.java:stopDaemon(395)) - Ozone container server stopped.
2019-07-14 11:07:26,658 INFO  statemachine.DatanodeStateMachine (DatanodeStateMachine.java:stopDaemon(395)) - Ozone container server stopped.
2019-07-14 11:07:26,663 INFO  handler.ContextHandler (ContextHandler.java:doStop(910)) - Stopped o.e.j.w.WebAppContext@87276c4{/,null,UNAVAILABLE}{/hddsDatanode}
2019-07-14 11:07:26,665 INFO  handler.ContextHandler (ContextHandler.java:doStop(910)) - Stopped o.e.j.w.WebAppContext@706dee4{/,null,UNAVAILABLE}{/hddsDatanode}
2019-07-14 11:07:26,665 INFO  server.AbstractConnector (AbstractConnector.java:doStop(318)) - Stopped ServerConnector@38f4a641{HTTP/1.1,[http/1.1]}{0.0.0.0:0}
2019-07-14 11:07:26,665 INFO  server.AbstractConnector (AbstractConnector.java:doStop(318)) - Stopped ServerConnector@3c5d60db{HTTP/1.1,[http/1.1]}{0.0.0.0:0}
2019-07-14 11:07:26,666 INFO  handler.ContextHandler (ContextHandler.java:doStop(910)) - Stopped o.e.j.s.ServletContextHandler@14237e5{/static,jar:file:/home/user/.m2/repository/org/apache/hadoop/hadoop-hdds-container-service/0.5.0-SNAPSHOT/hadoop-hdds-container-service-0.5.0-SNAPSHOT.jar!/webapps/static,UNAVAILABLE}
2019-07-14 11:07:26,674 INFO  handler.ContextHandler (ContextHandler.java:doStop(910)) - Stopped o.e.j.s.ServletContextHandler@6c2063e0{/static,jar:file:/home/user/.m2/repository/org/apache/hadoop/hadoop-hdds-container-service/0.5.0-SNAPSHOT/hadoop-hdds-container-service-0.5.0-SNAPSHOT.jar!/webapps/static,UNAVAILABLE}
2019-07-14 11:07:26,674 INFO  handler.ContextHandler (ContextHandler.java:doStop(910)) - Stopped o.e.j.s.ServletContextHandler@44046b0d{/logs,file:///workdir/hadoop-ozone/integration-test/target/log,UNAVAILABLE}
2019-07-14 11:07:26,675 INFO  handler.ContextHandler (ContextHandler.java:doStop(910)) - Stopped o.e.j.s.ServletContextHandler@44f5259a{/logs,file:///workdir/hadoop-ozone/integration-test/target/log,UNAVAILABLE}
2019-07-14 11:07:26,676 INFO  datanode.ObjectStoreHandler (ObjectStoreHandler.java:close(155)) - Closing ObjectStoreHandler.
2019-07-14 11:07:26,676 INFO  datanode.ObjectStoreHandler (ObjectStoreHandler.java:close(155)) - Closing ObjectStoreHandler.
2019-07-14 11:07:26,677 INFO  ozone.HddsDatanodeService (HddsDatanodeService.java:stop(452)) - Stopped plug-in org.apache.hadoop.ozone.web.OzoneHddsDatanodeService@6dae5562
2019-07-14 11:07:26,677 INFO  ozone.HddsDatanodeService (HddsDatanodeService.java:stop(452)) - Stopped plug-in org.apache.hadoop.ozone.web.OzoneHddsDatanodeService@130a99fe
2019-07-14 11:07:27,240 INFO  statemachine.DatanodeStateMachine (DatanodeStateMachine.java:lambda$startDaemon$0(350)) - Ozone container server started.
2019-07-14 11:07:27,291 INFO  statemachine.DatanodeStateMachine (DatanodeStateMachine.java:lambda$startDaemon$0(350)) - Ozone container server started.
2019-07-14 11:07:27,455 WARN  server.GrpcLogAppender (LogUtils.java:warn(134)) - 83e63075-ee01-45f6-9ef0-abd1285db36c->4658b231-3b79-46f5-9d86-b35d04ea8c23: Failed appendEntries: org.apache.ratis.thirdparty.io.grpc.StatusRuntimeException: UNAVAILABLE: io exception
2019-07-14 11:07:27,455 INFO  impl.FollowerInfo (FollowerInfo.java:lambda$new$0(50)) - 83e63075-ee01-45f6-9ef0-abd1285db36c->4658b231-3b79-46f5-9d86-b35d04ea8c23: nextIndex: updateUnconditionally 0 -> 0
2019-07-14 11:07:28,251 WARN  server.GrpcLogAppender (LogUtils.java:warn(134)) - fb8cf17b-1c9f-48a9-ad3d-5c62292e88c7->fce50fe2-5005-43f5-bbbf-02a7ac9174af: Failed appendEntries: org.apache.ratis.thirdparty.io.grpc.StatusRuntimeException: UNAVAILABLE: io exception
2019-07-14 11:07:28,252 INFO  impl.FollowerInfo (FollowerInfo.java:lambda$new$0(50)) - fb8cf17b-1c9f-48a9-ad3d-5c62292e88c7->fce50fe2-5005-43f5-bbbf-02a7ac9174af: nextIndex: updateUnconditionally 14 -> 13
2019-07-14 11:07:28,252 WARN  server.GrpcLogAppender (LogUtils.java:warn(134)) - fb8cf17b-1c9f-48a9-ad3d-5c62292e88c7->5ff2ba6e-18a8-427d-975b-3356abf5344d: Failed appendEntries: org.apache.ratis.thirdparty.io.grpc.StatusRuntimeException: UNAVAILABLE: io exception
2019-07-14 11:07:28,252 INFO  impl.FollowerInfo (FollowerInfo.java:lambda$new$0(50)) - fb8cf17b-1c9f-48a9-ad3d-5c62292e88c7->5ff2ba6e-18a8-427d-975b-3356abf5344d: nextIndex: updateUnconditionally 29 -> 28
2019-07-14 11:07:29,955 WARN  server.GrpcLogAppender (LogUtils.java:warn(134)) - 83e63075-ee01-45f6-9ef0-abd1285db36c->4658b231-3b79-46f5-9d86-b35d04ea8c23: Failed appendEntries: org.apache.ratis.thirdparty.io.grpc.StatusRuntimeException: UNAVAILABLE: io exception
2019-07-14 11:07:29,956 INFO  impl.FollowerInfo (FollowerInfo.java:lambda$new$0(50)) - 83e63075-ee01-45f6-9ef0-abd1285db36c->4658b231-3b79-46f5-9d86-b35d04ea8c23: nextIndex: updateUnconditionally 0 -> 0
2019-07-14 11:07:30,585 INFO  client.GrpcClientProtocolService (GrpcClientProtocolService.java:lambda$processClientRequest$0(278)) - Failed RaftClientRequest:client-8622521AFA5F->fb8cf17b-1c9f-48a9-ad3d-5c62292e88c7@group-F9E8E5AC3E71, cid=198, seq=0, Watch-ALL_COMMITTED(22), Message:<EMPTY>, reply=RaftClientReply:client-8622521AFA5F->fb8cf17b-1c9f-48a9-ad3d-5c62292e88c7@group-F9E8E5AC3E71, cid=198, FAILED org.apache.ratis.protocol.NotReplicatedException: Request with call Id 198 and log index 22 is not yet replicated to ALL_COMMITTED, logIndex=22, commits[fb8cf17b-1c9f-48a9-ad3d-5c62292e88c7:c29, 5ff2ba6e-18a8-427d-975b-3356abf5344d:c29, fce50fe2-5005-43f5-bbbf-02a7ac9174af:c16]
2019-07-14 11:07:30,595 INFO  client.GrpcClientProtocolClient (GrpcClientProtocolClient.java:onNext(255)) - client-8622521AFA5F->fb8cf17b-1c9f-48a9-ad3d-5c62292e88c7: receive RaftClientReply:client-8622521AFA5F->fb8cf17b-1c9f-48a9-ad3d-5c62292e88c7@group-F9E8E5AC3E71, cid=198, FAILED org.apache.ratis.protocol.NotReplicatedException: Request with call Id 198 and log index 22 is not yet replicated to ALL_COMMITTED, logIndex=22, commits[fb8cf17b-1c9f-48a9-ad3d-5c62292e88c7:c29, 5ff2ba6e-18a8-427d-975b-3356abf5344d:c29, fce50fe2-5005-43f5-bbbf-02a7ac9174af:c16]
2019-07-14 11:07:30,752 WARN  server.GrpcLogAppender (LogUtils.java:warn(134)) - fb8cf17b-1c9f-48a9-ad3d-5c62292e88c7->fce50fe2-5005-43f5-bbbf-02a7ac9174af: Failed appendEntries: org.apache.ratis.thirdparty.io.grpc.StatusRuntimeException: UNAVAILABLE: io exception
2019-07-14 11:07:30,752 INFO  impl.FollowerInfo (FollowerInfo.java:lambda$new$0(50)) - fb8cf17b-1c9f-48a9-ad3d-5c62292e88c7->fce50fe2-5005-43f5-bbbf-02a7ac9174af: nextIndex: updateUnconditionally 13 -> 12
2019-07-14 11:07:30,752 WARN  server.GrpcLogAppender (LogUtils.java:warn(134)) - fb8cf17b-1c9f-48a9-ad3d-5c62292e88c7->5ff2ba6e-18a8-427d-975b-3356abf5344d: Failed appendEntries: org.apache.ratis.thirdparty.io.grpc.StatusRuntimeException: UNAVAILABLE: io exception
2019-07-14 11:07:30,753 INFO  impl.FollowerInfo (FollowerInfo.java:lambda$new$0(50)) - fb8cf17b-1c9f-48a9-ad3d-5c62292e88c7->5ff2ba6e-18a8-427d-975b-3356abf5344d: nextIndex: updateUnconditionally 28 -> 27
2019-07-14 11:07:31,321 INFO  node.StaleNodeHandler (StaleNodeHandler.java:onMessage(58)) - Datanode 83e63075-ee01-45f6-9ef0-abd1285db36c{ip: 192.168.157.209, host: trunk-nightly-fxmrv-2540794721, networkLocation: /default-rack, certSerialId: null} moved to stale state. Finalizing its pipelines [PipelineID=ae6e3807-7f8d-4709-9663-bed1011ef2b4, PipelineID=1d8c00ce-38c8-437f-bddb-f460b7751a7c]
2019-07-14 11:07:31,322 INFO  pipeline.SCMPipelineManager (SCMPipelineManager.java:finalizeAndDestroyPipeline(309)) - destroying pipeline:Pipeline[ Id: ae6e3807-7f8d-4709-9663-bed1011ef2b4, Nodes: 83e63075-ee01-45f6-9ef0-abd1285db36c{ip: 192.168.157.209, host: trunk-nightly-fxmrv-2540794721, networkLocation: /default-rack, certSerialId: null}4658b231-3b79-46f5-9d86-b35d04ea8c23{ip: 192.168.157.209, host: trunk-nightly-fxmrv-2540794721, networkLocation: /default-rack, certSerialId: null}4f7977ba-698f-43aa-85aa-fbb4d1ed62bc{ip: 192.168.157.209, host: trunk-nightly-fxmrv-2540794721, networkLocation: /default-rack, certSerialId: null}, Type:RATIS, Factor:THREE, State:CLOSED]
2019-07-14 11:07:31,322 INFO  pipeline.SCMPipelineManager (SCMPipelineManager.java:finalizeAndDestroyPipeline(309)) - destroying pipeline:Pipeline[ Id: 1d8c00ce-38c8-437f-bddb-f460b7751a7c, Nodes: 83e63075-ee01-45f6-9ef0-abd1285db36c{ip: 192.168.157.209, host: trunk-nightly-fxmrv-2540794721, networkLocation: /default-rack, certSerialId: null}, Type:RATIS, Factor:ONE, State:OPEN]
2019-07-14 11:07:31,322 INFO  pipeline.PipelineStateManager (PipelineStateManager.java:finalizePipeline(123)) - Pipeline Pipeline[ Id: 1d8c00ce-38c8-437f-bddb-f460b7751a7c, Nodes: 83e63075-ee01-45f6-9ef0-abd1285db36c{ip: 192.168.157.209, host: trunk-nightly-fxmrv-2540794721, networkLocation: /default-rack, certSerialId: null}, Type:RATIS, Factor:ONE, State:CLOSED] moved to CLOSED state
2019-07-14 11:07:31,322 INFO  node.StaleNodeHandler (StaleNodeHandler.java:onMessage(58)) - Datanode fb8cf17b-1c9f-48a9-ad3d-5c62292e88c7{ip: 192.168.157.209, host: trunk-nightly-fxmrv-2540794721, networkLocation: /default-rack, certSerialId: null} moved to stale state. Finalizing its pipelines [PipelineID=8c0f3351-7586-4de8-9365-f9e8e5ac3e71, PipelineID=aceee9bf-487a-4cac-9e83-ee5922068a58]
2019-07-14 11:07:31,322 INFO  pipeline.SCMPipelineManager (SCMPipelineManager.java:finalizeAndDestroyPipeline(309)) - destroying pipeline:Pipeline[ Id: 8c0f3351-7586-4de8-9365-f9e8e5ac3e71, Nodes: fce50fe2-5005-43f5-bbbf-02a7ac9174af{ip: 192.168.157.209, host: trunk-nightly-fxmrv-2540794721, networkLocation: /default-rack, certSerialId: null}fb8cf17b-1c9f-48a9-ad3d-5c62292e88c7{ip: 192.168.157.209, host: trunk-nightly-fxmrv-2540794721, networkLocation: /default-rack, certSerialId: null}5ff2ba6e-18a8-427d-975b-3356abf5344d{ip: 192.168.157.209, host: trunk-nightly-fxmrv-2540794721, networkLocation: /default-rack, certSerialId: null}, Type:RATIS, Factor:THREE, State:CLOSED]
2019-07-14 11:07:31,323 INFO  pipeline.SCMPipelineManager (SCMPipelineManager.java:finalizeAndDestroyPipeline(309)) - destroying pipeline:Pipeline[ Id: aceee9bf-487a-4cac-9e83-ee5922068a58, Nodes: fb8cf17b-1c9f-48a9-ad3d-5c62292e88c7{ip: 192.168.157.209, host: trunk-nightly-fxmrv-2540794721, networkLocation: /default-rack, certSerialId: null}, Type:RATIS, Factor:ONE, State:OPEN]
2019-07-14 11:07:31,323 INFO  pipeline.PipelineStateManager (PipelineStateManager.java:finalizePipeline(123)) - Pipeline Pipeline[ Id: aceee9bf-487a-4cac-9e83-ee5922068a58, Nodes: fb8cf17b-1c9f-48a9-ad3d-5c62292e88c7{ip: 192.168.157.209, host: trunk-nightly-fxmrv-2540794721, networkLocation: /default-rack, certSerialId: null}, Type:RATIS, Factor:ONE, State:CLOSED] moved to CLOSED state
2019-07-14 11:07:31,677 INFO  ozoneimpl.OzoneContainer (OzoneContainer.java:stop(199)) - Attempting to stop container services.
2019-07-14 11:07:31,677 INFO  ozoneimpl.OzoneContainer (OzoneContainer.java:stop(199)) - Attempting to stop container services.
2019-07-14 11:07:31,678 INFO  impl.RaftServerProxy (RaftServerProxy.java:lambda$close$4(314)) - 83e63075-ee01-45f6-9ef0-abd1285db36c: close
2019-07-14 11:07:31,678 INFO  impl.RaftServerProxy (RaftServerProxy.java:lambda$close$4(314)) - fb8cf17b-1c9f-48a9-ad3d-5c62292e88c7: close
2019-07-14 11:07:31,679 INFO  impl.RaftServerImpl (RaftServerImpl.java:lambda$shutdown$3(245)) - 83e63075-ee01-45f6-9ef0-abd1285db36c: shutdown group-BED1011EF2B4
2019-07-14 11:07:31,679 INFO  impl.RaftServerImpl (RaftServerImpl.java:lambda$shutdown$3(245)) - fb8cf17b-1c9f-48a9-ad3d-5c62292e88c7: shutdown group-F9E8E5AC3E71
2019-07-14 11:07:31,679 INFO  util.JmxRegister (JmxRegister.java:unregister(73)) - Successfully un-registered JMX Bean with object name Ratis:service=RaftServer,group=group-BED1011EF2B4,id=83e63075-ee01-45f6-9ef0-abd1285db36c
2019-07-14 11:07:31,680 INFO  impl.RoleInfo (RoleInfo.java:shutdownLeaderState(104)) - 83e63075-ee01-45f6-9ef0-abd1285db36c: shutdown LeaderState
2019-07-14 11:07:31,679 INFO  util.JmxRegister (JmxRegister.java:unregister(73)) - Successfully un-registered JMX Bean with object name Ratis:service=RaftServer,group=group-F9E8E5AC3E71,id=fb8cf17b-1c9f-48a9-ad3d-5c62292e88c7
2019-07-14 11:07:31,684 WARN  server.GrpcLogAppender (GrpcLogAppender.java:mayWait(143)) - GrpcLogAppender(83e63075-ee01-45f6-9ef0-abd1285db36c->4f7977ba-698f-43aa-85aa-fbb4d1ed62bc): Wait interrupted by java.lang.InterruptedException
2019-07-14 11:07:31,684 INFO  impl.PendingRequests (PendingRequests.java:sendNotLeaderResponses(202)) - 83e63075-ee01-45f6-9ef0-abd1285db36c-PendingRequests: sendNotLeaderResponses
2019-07-14 11:07:31,684 WARN  server.GrpcLogAppender (GrpcLogAppender.java:mayWait(143)) - GrpcLogAppender(83e63075-ee01-45f6-9ef0-abd1285db36c->4658b231-3b79-46f5-9d86-b35d04ea8c23): Wait interrupted by java.lang.InterruptedException
2019-07-14 11:07:31,685 INFO  impl.StateMachineUpdater (StateMachineUpdater.java:stopAndJoin(115)) - StateMachineUpdater:83e63075-ee01-45f6-9ef0-abd1285db36c:group-BED1011EF2B4: set stopIndex = 0
2019-07-14 11:07:31,686 INFO  impl.RaftServerImpl (ServerState.java:close(394)) - 83e63075-ee01-45f6-9ef0-abd1285db36c:group-BED1011EF2B4 closes. The last applied log index is 0
2019-07-14 11:07:31,685 INFO  server.GrpcServerProtocolService (GrpcServerProtocolService.java:onCompleted(104)) - 4f7977ba-698f-43aa-85aa-fbb4d1ed62bc: appendEntries completed
2019-07-14 11:07:31,684 INFO  impl.RoleInfo (RoleInfo.java:shutdownLeaderState(104)) - fb8cf17b-1c9f-48a9-ad3d-5c62292e88c7: shutdown LeaderState
2019-07-14 11:07:31,686 INFO  segmented.SegmentedRaftLogWorker (SegmentedRaftLogWorker.java:run(313)) - 83e63075-ee01-45f6-9ef0-abd1285db36c-SegmentedRaftLogWorker:Storage Directory /workdir/hadoop-ozone/integration-test/target/test-dir/MiniOzoneClusterImpl-d309a403-2708-41a1-968f-5ad9242863dc/datanode-3/data/ratis/ae6e3807-7f8d-4709-9663-bed1011ef2b4 was interrupted, exiting. There are 0 tasks remaining in the queue.
2019-07-14 11:07:31,691 WARN  server.GrpcLogAppender (GrpcLogAppender.java:mayWait(143)) - GrpcLogAppender(fb8cf17b-1c9f-48a9-ad3d-5c62292e88c7->fce50fe2-5005-43f5-bbbf-02a7ac9174af): Wait interrupted by java.lang.InterruptedException
2019-07-14 11:07:31,690 INFO  impl.PendingRequests (PendingRequests.java:sendNotLeaderResponses(202)) - fb8cf17b-1c9f-48a9-ad3d-5c62292e88c7-PendingRequests: sendNotLeaderResponses
2019-07-14 11:07:31,687 INFO  server.GrpcLogAppender (GrpcLogAppender.java:onCompleted(292)) - 83e63075-ee01-45f6-9ef0-abd1285db36c->4f7977ba-698f-43aa-85aa-fbb4d1ed62bc: follower responses appendEntries COMPLETED
2019-07-14 11:07:31,693 INFO  segmented.SegmentedRaftLogWorker (SegmentedRaftLogWorker.java:close(228)) - 83e63075-ee01-45f6-9ef0-abd1285db36c-SegmentedRaftLogWorker:Storage Directory /workdir/hadoop-ozone/integration-test/target/test-dir/MiniOzoneClusterImpl-d309a403-2708-41a1-968f-5ad9242863dc/datanode-3/data/ratis/ae6e3807-7f8d-4709-9663-bed1011ef2b4 close()
2019-07-14 11:07:31,697 INFO  client.GrpcClientProtocolService (GrpcClientProtocolService.java:lambda$processClientRequest$0(278)) - Failed RaftClientRequest:client-8622521AFA5F->fb8cf17b-1c9f-48a9-ad3d-5c62292e88c7@group-F9E8E5AC3E71, cid=198, seq=0, Watch-ALL_COMMITTED(22), Message:<EMPTY>, reply=RaftClientReply:client-8622521AFA5F->fb8cf17b-1c9f-48a9-ad3d-5c62292e88c7@group-F9E8E5AC3E71, cid=198, FAILED org.apache.ratis.protocol.NotLeaderException: Server fb8cf17b-1c9f-48a9-ad3d-5c62292e88c7 is not the leader (null). Request must be sent to leader., logIndex=0, commits[fb8cf17b-1c9f-48a9-ad3d-5c62292e88c7:c29]
2019-07-14 11:07:31,691 WARN  server.GrpcLogAppender (GrpcLogAppender.java:mayWait(143)) - GrpcLogAppender(fb8cf17b-1c9f-48a9-ad3d-5c62292e88c7->5ff2ba6e-18a8-427d-975b-3356abf5344d): Wait interrupted by java.lang.InterruptedException
2019-07-14 11:07:31,701 INFO  client.GrpcClientProtocolService (GrpcClientProtocolService.java:lambda$processClientRequest$0(278)) - Failed RaftClientRequest:client-8622521AFA5F->fb8cf17b-1c9f-48a9-ad3d-5c62292e88c7@group-F9E8E5AC3E71, cid=198, seq=0, Watch-ALL_COMMITTED(22), Message:<EMPTY>, reply=RaftClientReply:client-8622521AFA5F->fb8cf17b-1c9f-48a9-ad3d-5c62292e88c7@group-F9E8E5AC3E71, cid=198, FAILED org.apache.ratis.protocol.NotLeaderException: Server fb8cf17b-1c9f-48a9-ad3d-5c62292e88c7 is not the leader (null). Request must be sent to leader., logIndex=0, commits[fb8cf17b-1c9f-48a9-ad3d-5c62292e88c7:c29]
2019-07-14 11:07:31,699 INFO  impl.StateMachineUpdater (StateMachineUpdater.java:stopAndJoin(115)) - StateMachineUpdater:fb8cf17b-1c9f-48a9-ad3d-5c62292e88c7:group-F9E8E5AC3E71: set stopIndex = 29
2019-07-14 11:07:31,700 INFO  impl.RaftServerImpl (RaftServerImpl.java:lambda$shutdown$3(245)) - 83e63075-ee01-45f6-9ef0-abd1285db36c: shutdown group-F460B7751A7C
2019-07-14 11:07:31,702 INFO  client.GrpcClientProtocolClient (GrpcClientProtocolClient.java:onNext(255)) - client-8622521AFA5F->fb8cf17b-1c9f-48a9-ad3d-5c62292e88c7: receive RaftClientReply:client-8622521AFA5F->fb8cf17b-1c9f-48a9-ad3d-5c62292e88c7@group-F9E8E5AC3E71, cid=198, FAILED org.apache.ratis.protocol.NotLeaderException: Server fb8cf17b-1c9f-48a9-ad3d-5c62292e88c7 is not the leader (null). Request must be sent to leader., logIndex=0, commits[fb8cf17b-1c9f-48a9-ad3d-5c62292e88c7:c29]
2019-07-14 11:07:31,696 INFO  impl.FollowerInfo (FollowerInfo.java:lambda$new$0(50)) - 83e63075-ee01-45f6-9ef0-abd1285db36c->4f7977ba-698f-43aa-85aa-fbb4d1ed62bc: nextIndex: updateUnconditionally 1 -> 0
2019-07-14 11:07:31,702 INFO  client.GrpcClientProtocolClient (GrpcClientProtocolClient.java:onNext(255)) - client-8622521AFA5F->fb8cf17b-1c9f-48a9-ad3d-5c62292e88c7: receive RaftClientReply:client-8622521AFA5F->fb8cf17b-1c9f-48a9-ad3d-5c62292e88c7@group-F9E8E5AC3E71, cid=198, FAILED org.apache.ratis.protocol.NotLeaderException: Server fb8cf17b-1c9f-48a9-ad3d-5c62292e88c7 is not the leader (null). Request must be sent to leader., logIndex=0, commits[fb8cf17b-1c9f-48a9-ad3d-5c62292e88c7:c29]
2019-07-14 11:07:31,702 INFO  util.JmxRegister (JmxRegister.java:unregister(73)) - Successfully un-registered JMX Bean with object name Ratis:service=RaftServer,group=group-F460B7751A7C,id=83e63075-ee01-45f6-9ef0-abd1285db36c
2019-07-14 11:07:31,703 INFO  impl.RoleInfo (RoleInfo.java:shutdownLeaderState(104)) - 83e63075-ee01-45f6-9ef0-abd1285db36c: shutdown LeaderState
2019-07-14 11:07:31,701 INFO  ratis.ContainerStateMachine (ContainerStateMachine.java:takeSnapshot(249)) - group-F9E8E5AC3E71: Taking a snapshot at:(t:1, i:29) file /workdir/hadoop-ozone/integration-test/target/test-dir/MiniOzoneClusterImpl-d309a403-2708-41a1-968f-5ad9242863dc/datanode-2/data/ratis/8c0f3351-7586-4de8-9365-f9e8e5ac3e71/sm/snapshot.1_29
2019-07-14 11:07:31,703 INFO  impl.PendingRequests (PendingRequests.java:sendNotLeaderResponses(202)) - 83e63075-ee01-45f6-9ef0-abd1285db36c-PendingRequests: sendNotLeaderResponses
2019-07-14 11:07:31,704 INFO  impl.StateMachineUpdater (StateMachineUpdater.java:stopAndJoin(115)) - StateMachineUpdater:83e63075-ee01-45f6-9ef0-abd1285db36c:group-F460B7751A7C: set stopIndex = 0
2019-07-14 11:07:31,704 INFO  ratis.ContainerStateMachine (ContainerStateMachine.java:takeSnapshot(257)) - group-F9E8E5AC3E71: Finished taking a snapshot at:(t:1, i:29) file:/workdir/hadoop-ozone/integration-test/target/test-dir/MiniOzoneClusterImpl-d309a403-2708-41a1-968f-5ad9242863dc/datanode-2/data/ratis/8c0f3351-7586-4de8-9365-f9e8e5ac3e71/sm/snapshot.1_29 time:3
2019-07-14 11:07:31,704 INFO  impl.RaftServerImpl (ServerState.java:close(394)) - 83e63075-ee01-45f6-9ef0-abd1285db36c:group-F460B7751A7C closes. The last applied log index is 0
2019-07-14 11:07:31,704 INFO  impl.StateMachineUpdater (StateMachineUpdater.java:takeSnapshot(242)) - StateMachineUpdater:fb8cf17b-1c9f-48a9-ad3d-5c62292e88c7:group-F9E8E5AC3E71: Took a snapshot at index 29
2019-07-14 11:07:31,705 INFO  segmented.SegmentedRaftLogWorker (SegmentedRaftLogWorker.java:run(313)) - 83e63075-ee01-45f6-9ef0-abd1285db36c-SegmentedRaftLogWorker:Storage Directory /workdir/hadoop-ozone/integration-test/target/test-dir/MiniOzoneClusterImpl-d309a403-2708-41a1-968f-5ad9242863dc/datanode-3/data/ratis/1d8c00ce-38c8-437f-bddb-f460b7751a7c was interrupted, exiting. There are 0 tasks remaining in the queue.
2019-07-14 11:07:31,705 INFO  impl.StateMachineUpdater (StateMachineUpdater.java:lambda$new$0(80)) - StateMachineUpdater:fb8cf17b-1c9f-48a9-ad3d-5c62292e88c7:group-F9E8E5AC3E71: snapshotIndex: updateIncreasingly -1 -> 29
2019-07-14 11:07:31,707 INFO  segmented.SegmentedRaftLogWorker (SegmentedRaftLogWorker.java:close(228)) - 83e63075-ee01-45f6-9ef0-abd1285db36c-SegmentedRaftLogWorker:Storage Directory /workdir/hadoop-ozone/integration-test/target/test-dir/MiniOzoneClusterImpl-d309a403-2708-41a1-968f-5ad9242863dc/datanode-3/data/ratis/1d8c00ce-38c8-437f-bddb-f460b7751a7c close()
2019-07-14 11:07:31,707 INFO  impl.RaftServerImpl (ServerState.java:close(394)) - fb8cf17b-1c9f-48a9-ad3d-5c62292e88c7:group-F9E8E5AC3E71 closes. The last applied log index is 29
2019-07-14 11:07:31,711 INFO  server.GrpcService (GrpcService.java:closeImpl(155)) - 83e63075-ee01-45f6-9ef0-abd1285db36c: shutdown server with port 44696 now
2019-07-14 11:07:31,712 INFO  segmented.SegmentedRaftLogWorker (SegmentedRaftLogWorker.java:run(313)) - fb8cf17b-1c9f-48a9-ad3d-5c62292e88c7-SegmentedRaftLogWorker:Storage Directory /workdir/hadoop-ozone/integration-test/target/test-dir/MiniOzoneClusterImpl-d309a403-2708-41a1-968f-5ad9242863dc/datanode-2/data/ratis/8c0f3351-7586-4de8-9365-f9e8e5ac3e71 was interrupted, exiting. There are 0 tasks remaining in the queue.
2019-07-14 11:07:31,714 INFO  server.GrpcService (GrpcService.java:closeImpl(163)) - 83e63075-ee01-45f6-9ef0-abd1285db36c: shutdown server with port 44696 successfully
2019-07-14 11:07:31,714 INFO  segmented.SegmentedRaftLogWorker (SegmentedRaftLogWorker.java:close(228)) - fb8cf17b-1c9f-48a9-ad3d-5c62292e88c7-SegmentedRaftLogWorker:Storage Directory /workdir/hadoop-ozone/integration-test/target/test-dir/MiniOzoneClusterImpl-d309a403-2708-41a1-968f-5ad9242863dc/datanode-2/data/ratis/8c0f3351-7586-4de8-9365-f9e8e5ac3e71 close()
2019-07-14 11:07:31,718 INFO  impl.RaftServerImpl (RaftServerImpl.java:lambda$shutdown$3(245)) - fb8cf17b-1c9f-48a9-ad3d-5c62292e88c7: shutdown group-EE5922068A58
2019-07-14 11:07:31,719 INFO  util.JmxRegister (JmxRegister.java:unregister(73)) - Successfully un-registered JMX Bean with object name Ratis:service=RaftServer,group=group-EE5922068A58,id=fb8cf17b-1c9f-48a9-ad3d-5c62292e88c7
2019-07-14 11:07:31,719 INFO  impl.RoleInfo (RoleInfo.java:shutdownLeaderState(104)) - fb8cf17b-1c9f-48a9-ad3d-5c62292e88c7: shutdown LeaderState
2019-07-14 11:07:31,719 INFO  impl.PendingRequests (PendingRequests.java:sendNotLeaderResponses(202)) - fb8cf17b-1c9f-48a9-ad3d-5c62292e88c7-PendingRequests: sendNotLeaderResponses
2019-07-14 11:07:31,720 INFO  impl.StateMachineUpdater (StateMachineUpdater.java:stopAndJoin(115)) - StateMachineUpdater:fb8cf17b-1c9f-48a9-ad3d-5c62292e88c7:group-EE5922068A58: set stopIndex = 0
2019-07-14 11:07:31,720 INFO  impl.RaftServerImpl (ServerState.java:close(394)) - fb8cf17b-1c9f-48a9-ad3d-5c62292e88c7:group-EE5922068A58 closes. The last applied log index is 0
2019-07-14 11:07:31,720 INFO  segmented.SegmentedRaftLogWorker (SegmentedRaftLogWorker.java:run(313)) - fb8cf17b-1c9f-48a9-ad3d-5c62292e88c7-SegmentedRaftLogWorker:Storage Directory /workdir/hadoop-ozone/integration-test/target/test-dir/MiniOzoneClusterImpl-d309a403-2708-41a1-968f-5ad9242863dc/datanode-2/data/ratis/aceee9bf-487a-4cac-9e83-ee5922068a58 was interrupted, exiting. There are 0 tasks remaining in the queue.
2019-07-14 11:07:31,722 INFO  segmented.SegmentedRaftLogWorker (SegmentedRaftLogWorker.java:close(228)) - fb8cf17b-1c9f-48a9-ad3d-5c62292e88c7-SegmentedRaftLogWorker:Storage Directory /workdir/hadoop-ozone/integration-test/target/test-dir/MiniOzoneClusterImpl-d309a403-2708-41a1-968f-5ad9242863dc/datanode-2/data/ratis/aceee9bf-487a-4cac-9e83-ee5922068a58 close()
2019-07-14 11:07:31,723 INFO  utils.BackgroundService (BackgroundService.java:shutdown(148)) - Shutting down service BlockDeletingService
2019-07-14 11:07:31,726 INFO  server.GrpcService (GrpcService.java:closeImpl(155)) - fb8cf17b-1c9f-48a9-ad3d-5c62292e88c7: shutdown server with port 37228 now
2019-07-14 11:07:31,727 WARN  client.GrpcClientProtocolService (LogUtils.java:warn(134)) - 3-UnorderedRequestStreamObserver3: onError: org.apache.ratis.thirdparty.io.grpc.StatusRuntimeException: CANCELLED: cancelled before receiving half close
2019-07-14 11:07:31,727 INFO  server.GrpcService (GrpcService.java:closeImpl(163)) - fb8cf17b-1c9f-48a9-ad3d-5c62292e88c7: shutdown server with port 37228 successfully
2019-07-14 11:07:31,729 WARN  fs.CachingGetSpaceUsed (CachingGetSpaceUsed.java:run(183)) - Thread Interrupted waiting to refresh disk information: sleep interrupted
2019-07-14 11:07:31,730 INFO  utils.BackgroundService (BackgroundService.java:shutdown(148)) - Shutting down service BlockDeletingService
2019-07-14 11:07:31,733 WARN  fs.CachingGetSpaceUsed (CachingGetSpaceUsed.java:run(183)) - Thread Interrupted waiting to refresh disk information: sleep interrupted
2019-07-14 11:07:31,748 INFO  statemachine.DatanodeStateMachine (DatanodeStateMachine.java:stopDaemon(395)) - Ozone container server stopped.
2019-07-14 11:07:31,749 INFO  handler.ContextHandler (ContextHandler.java:doStop(910)) - Stopped o.e.j.w.WebAppContext@6cb2d5ea{/,null,UNAVAILABLE}{/hddsDatanode}
2019-07-14 11:07:31,750 INFO  server.AbstractConnector (AbstractConnector.java:doStop(318)) - Stopped ServerConnector@3ed1446c{HTTP/1.1,[http/1.1]}{0.0.0.0:0}
2019-07-14 11:07:31,750 INFO  handler.ContextHandler (ContextHandler.java:doStop(910)) - Stopped o.e.j.s.ServletContextHandler@5dc90de7{/static,jar:file:/home/user/.m2/repository/org/apache/hadoop/hadoop-hdds-container-service/0.5.0-SNAPSHOT/hadoop-hdds-container-service-0.5.0-SNAPSHOT.jar!/webapps/static,UNAVAILABLE}
2019-07-14 11:07:31,751 INFO  handler.ContextHandler (ContextHandler.java:doStop(910)) - Stopped o.e.j.s.ServletContextHandler@47baf547{/logs,file:///workdir/hadoop-ozone/integration-test/target/log,UNAVAILABLE}
2019-07-14 11:07:31,756 INFO  statemachine.DatanodeStateMachine (DatanodeStateMachine.java:stopDaemon(395)) - Ozone container server stopped.
2019-07-14 11:07:31,756 INFO  datanode.ObjectStoreHandler (ObjectStoreHandler.java:close(155)) - Closing ObjectStoreHandler.
2019-07-14 11:07:31,758 INFO  ozone.HddsDatanodeService (HddsDatanodeService.java:stop(452)) - Stopped plug-in org.apache.hadoop.ozone.web.OzoneHddsDatanodeService@49a46f29
2019-07-14 11:07:31,759 INFO  handler.ContextHandler (ContextHandler.java:doStop(910)) - Stopped o.e.j.w.WebAppContext@45398bb0{/,null,UNAVAILABLE}{/hddsDatanode}
2019-07-14 11:07:31,760 INFO  server.AbstractConnector (AbstractConnector.java:doStop(318)) - Stopped ServerConnector@35ffe3ac{HTTP/1.1,[http/1.1]}{0.0.0.0:0}
2019-07-14 11:07:31,760 INFO  handler.ContextHandler (ContextHandler.java:doStop(910)) - Stopped o.e.j.s.ServletContextHandler@76ac8c3d{/static,jar:file:/home/user/.m2/repository/org/apache/hadoop/hadoop-hdds-container-service/0.5.0-SNAPSHOT/hadoop-hdds-container-service-0.5.0-SNAPSHOT.jar!/webapps/static,UNAVAILABLE}
2019-07-14 11:07:31,760 INFO  handler.ContextHandler (ContextHandler.java:doStop(910)) - Stopped o.e.j.s.ServletContextHandler@5ace902e{/logs,file:///workdir/hadoop-ozone/integration-test/target/log,UNAVAILABLE}
2019-07-14 11:07:31,761 INFO  datanode.ObjectStoreHandler (ObjectStoreHandler.java:close(155)) - Closing ObjectStoreHandler.
2019-07-14 11:07:31,762 INFO  ozone.HddsDatanodeService (HddsDatanodeService.java:stop(452)) - Stopped plug-in org.apache.hadoop.ozone.web.OzoneHddsDatanodeService@236e6563
2019-07-14 11:07:31,908 INFO  statemachine.DatanodeStateMachine (DatanodeStateMachine.java:lambda$startDaemon$0(350)) - Ozone container server started.
2019-07-14 11:07:32,655 INFO  statemachine.DatanodeStateMachine (DatanodeStateMachine.java:lambda$startDaemon$0(350)) - Ozone container server started.
2019-07-14 11:07:35,321 INFO  impl.FollowerState (FollowerState.java:run(106)) - 4f7977ba-698f-43aa-85aa-fbb4d1ed62bc:group-BED1011EF2B4 changes to CANDIDATE, lastRpcTime:5364, electionTimeout:5151ms
2019-07-14 11:07:35,321 INFO  impl.RoleInfo (RoleInfo.java:shutdownFollowerState(121)) - 4f7977ba-698f-43aa-85aa-fbb4d1ed62bc: shutdown FollowerState
2019-07-14 11:07:35,321 INFO  impl.RaftServerImpl (RaftServerImpl.java:setRole(171)) - 4f7977ba-698f-43aa-85aa-fbb4d1ed62bc:group-BED1011EF2B4 changes role from FOLLOWER to CANDIDATE at term 1 for changeToCandidate
2019-07-14 11:07:35,321 INFO  impl.RoleInfo (RoleInfo.java:updateAndGet(143)) - 4f7977ba-698f-43aa-85aa-fbb4d1ed62bc: start LeaderElection
2019-07-14 11:07:35,324 INFO  impl.RaftServerImpl (ServerState.java:setLeader(263)) - 4f7977ba-698f-43aa-85aa-fbb4d1ed62bc:group-BED1011EF2B4 change Leader from 83e63075-ee01-45f6-9ef0-abd1285db36c to null at term 1 for initElection
2019-07-14 11:07:35,338 INFO  impl.LeaderElection (LeaderElection.java:askForVotes(181)) - 4f7977ba-698f-43aa-85aa-fbb4d1ed62bc:group-BED1011EF2B4:LeaderElection95: begin an election at term 2 for 0: [4658b231-3b79-46f5-9d86-b35d04ea8c23:192.168.157.209:46559, 4f7977ba-698f-43aa-85aa-fbb4d1ed62bc:192.168.157.209:36404, 83e63075-ee01-45f6-9ef0-abd1285db36c:192.168.157.209:44696], old=null
2019-07-14 11:07:35,341 INFO  impl.LeaderElection (LogUtils.java:infoOrTrace(149)) - 4f7977ba-698f-43aa-85aa-fbb4d1ed62bc:group-BED1011EF2B4:LeaderElection95 got exception when requesting votes: {}
java.util.concurrent.ExecutionException: org.apache.ratis.thirdparty.io.grpc.StatusRuntimeException: UNAVAILABLE: io exception
	at java.util.concurrent.FutureTask.report(FutureTask.java:122)
	at java.util.concurrent.FutureTask.get(FutureTask.java:192)
	at org.apache.ratis.server.impl.LeaderElection.waitForResults(LeaderElection.java:262)
	at org.apache.ratis.server.impl.LeaderElection.askForVotes(LeaderElection.java:200)
	at org.apache.ratis.server.impl.LeaderElection.run(LeaderElection.java:130)
	at java.lang.Thread.run(Thread.java:748)
Caused by: org.apache.ratis.thirdparty.io.grpc.StatusRuntimeException: UNAVAILABLE: io exception
	at org.apache.ratis.thirdparty.io.grpc.stub.ClientCalls.toStatusRuntimeException(ClientCalls.java:233)
	at org.apache.ratis.thirdparty.io.grpc.stub.ClientCalls.getUnchecked(ClientCalls.java:214)
	at org.apache.ratis.thirdparty.io.grpc.stub.ClientCalls.blockingUnaryCall(ClientCalls.java:139)
	at org.apache.ratis.proto.grpc.RaftServerProtocolServiceGrpc$RaftServerProtocolServiceBlockingStub.requestVote(RaftServerProtocolServiceGrpc.java:265)
	at org.apache.ratis.grpc.server.GrpcServerProtocolClient.requestVote(GrpcServerProtocolClient.java:83)
	at org.apache.ratis.grpc.server.GrpcService.requestVote(GrpcService.java:195)
	at org.apache.ratis.server.impl.LeaderElection.lambda$submitRequests$1(LeaderElection.java:237)
	at java.util.concurrent.FutureTask.run(FutureTask.java:266)
	at java.util.concurrent.Executors$RunnableAdapter.call(Executors.java:511)
	at java.util.concurrent.FutureTask.run(FutureTask.java:266)
	at java.util.concurrent.ThreadPoolExecutor.runWorker(ThreadPoolExecutor.java:1149)
	at java.util.concurrent.ThreadPoolExecutor$Worker.run(ThreadPoolExecutor.java:624)
	... 1 more
Caused by: org.apache.ratis.thirdparty.io.netty.channel.AbstractChannel$AnnotatedConnectException: Connection refused: /192.168.157.209:46559
	at sun.nio.ch.SocketChannelImpl.checkConnect(Native Method)
	at sun.nio.ch.SocketChannelImpl.finishConnect(SocketChannelImpl.java:717)
	at org.apache.ratis.thirdparty.io.netty.channel.socket.nio.NioSocketChannel.doFinishConnect(NioSocketChannel.java:327)
	at org.apache.ratis.thirdparty.io.netty.channel.nio.AbstractNioChannel$AbstractNioUnsafe.finishConnect(AbstractNioChannel.java:340)
	at org.apache.ratis.thirdparty.io.netty.channel.nio.NioEventLoop.processSelectedKey(NioEventLoop.java:632)
	at org.apache.ratis.thirdparty.io.netty.channel.nio.NioEventLoop.processSelectedKeysOptimized(NioEventLoop.java:579)
	at org.apache.ratis.thirdparty.io.netty.channel.nio.NioEventLoop.processSelectedKeys(NioEventLoop.java:496)
	at org.apache.ratis.thirdparty.io.netty.channel.nio.NioEventLoop.run(NioEventLoop.java:458)
	at org.apache.ratis.thirdparty.io.netty.util.concurrent.SingleThreadEventExecutor$5.run(SingleThreadEventExecutor.java:897)
	at org.apache.ratis.thirdparty.io.netty.util.concurrent.FastThreadLocalRunnable.run(FastThreadLocalRunnable.java:30)
	... 1 more
Caused by: java.net.ConnectException: Connection refused
	... 11 more
2019-07-14 11:07:35,343 INFO  impl.LeaderElection (LogUtils.java:infoOrTrace(149)) - 4f7977ba-698f-43aa-85aa-fbb4d1ed62bc:group-BED1011EF2B4:LeaderElection95 got exception when requesting votes: {}
java.util.concurrent.ExecutionException: org.apache.ratis.thirdparty.io.grpc.StatusRuntimeException: UNAVAILABLE: io exception
	at java.util.concurrent.FutureTask.report(FutureTask.java:122)
	at java.util.concurrent.FutureTask.get(FutureTask.java:192)
	at org.apache.ratis.server.impl.LeaderElection.waitForResults(LeaderElection.java:262)
	at org.apache.ratis.server.impl.LeaderElection.askForVotes(LeaderElection.java:200)
	at org.apache.ratis.server.impl.LeaderElection.run(LeaderElection.java:130)
	at java.lang.Thread.run(Thread.java:748)
Caused by: org.apache.ratis.thirdparty.io.grpc.StatusRuntimeException: UNAVAILABLE: io exception
	at org.apache.ratis.thirdparty.io.grpc.stub.ClientCalls.toStatusRuntimeException(ClientCalls.java:233)
	at org.apache.ratis.thirdparty.io.grpc.stub.ClientCalls.getUnchecked(ClientCalls.java:214)
	at org.apache.ratis.thirdparty.io.grpc.stub.ClientCalls.blockingUnaryCall(ClientCalls.java:139)
	at org.apache.ratis.proto.grpc.RaftServerProtocolServiceGrpc$RaftServerProtocolServiceBlockingStub.requestVote(RaftServerProtocolServiceGrpc.java:265)
	at org.apache.ratis.grpc.server.GrpcServerProtocolClient.requestVote(GrpcServerProtocolClient.java:83)
	at org.apache.ratis.grpc.server.GrpcService.requestVote(GrpcService.java:195)
	at org.apache.ratis.server.impl.LeaderElection.lambda$submitRequests$1(LeaderElection.java:237)
	at java.util.concurrent.FutureTask.run(FutureTask.java:266)
	at java.util.concurrent.Executors$RunnableAdapter.call(Executors.java:511)
	at java.util.concurrent.FutureTask.run(FutureTask.java:266)
	at java.util.concurrent.ThreadPoolExecutor.runWorker(ThreadPoolExecutor.java:1149)
	at java.util.concurrent.ThreadPoolExecutor$Worker.run(ThreadPoolExecutor.java:624)
	... 1 more
Caused by: org.apache.ratis.thirdparty.io.netty.channel.AbstractChannel$AnnotatedConnectException: Connection refused: /192.168.157.209:44696
	at sun.nio.ch.SocketChannelImpl.checkConnect(Native Method)
	at sun.nio.ch.SocketChannelImpl.finishConnect(SocketChannelImpl.java:717)
	at org.apache.ratis.thirdparty.io.netty.channel.socket.nio.NioSocketChannel.doFinishConnect(NioSocketChannel.java:327)
	at org.apache.ratis.thirdparty.io.netty.channel.nio.AbstractNioChannel$AbstractNioUnsafe.finishConnect(AbstractNioChannel.java:340)
	at org.apache.ratis.thirdparty.io.netty.channel.nio.NioEventLoop.processSelectedKey(NioEventLoop.java:632)
	at org.apache.ratis.thirdparty.io.netty.channel.nio.NioEventLoop.processSelectedKeysOptimized(NioEventLoop.java:579)
	at org.apache.ratis.thirdparty.io.netty.channel.nio.NioEventLoop.processSelectedKeys(NioEventLoop.java:496)
	at org.apache.ratis.thirdparty.io.netty.channel.nio.NioEventLoop.run(NioEventLoop.java:458)
	at org.apache.ratis.thirdparty.io.netty.util.concurrent.SingleThreadEventExecutor$5.run(SingleThreadEventExecutor.java:897)
	at org.apache.ratis.thirdparty.io.netty.util.concurrent.FastThreadLocalRunnable.run(FastThreadLocalRunnable.java:30)
	... 1 more
Caused by: java.net.ConnectException: Connection refused
	... 11 more
2019-07-14 11:07:35,344 INFO  impl.LeaderElection (LeaderElection.java:logAndReturn(56)) - 4f7977ba-698f-43aa-85aa-fbb4d1ed62bc:group-BED1011EF2B4:LeaderElection95: Election REJECTED; received 0 response(s) [] and 2 exception(s); 4f7977ba-698f-43aa-85aa-fbb4d1ed62bc:t2, leader=null, voted=4f7977ba-698f-43aa-85aa-fbb4d1ed62bc, raftlog=4f7977ba-698f-43aa-85aa-fbb4d1ed62bc-SegmentedRaftLog:OPENED:c0,f0,i0, conf=0: [4658b231-3b79-46f5-9d86-b35d04ea8c23:192.168.157.209:46559, 4f7977ba-698f-43aa-85aa-fbb4d1ed62bc:192.168.157.209:36404, 83e63075-ee01-45f6-9ef0-abd1285db36c:192.168.157.209:44696], old=null
2019-07-14 11:07:35,344 INFO  impl.LeaderElection (LogUtils.java:infoOrTrace(149)) -   Exception 0: {}
java.util.concurrent.ExecutionException: org.apache.ratis.thirdparty.io.grpc.StatusRuntimeException: UNAVAILABLE: io exception
	at java.util.concurrent.FutureTask.report(FutureTask.java:122)
	at java.util.concurrent.FutureTask.get(FutureTask.java:192)
	at org.apache.ratis.server.impl.LeaderElection.waitForResults(LeaderElection.java:262)
	at org.apache.ratis.server.impl.LeaderElection.askForVotes(LeaderElection.java:200)
	at org.apache.ratis.server.impl.LeaderElection.run(LeaderElection.java:130)
	at java.lang.Thread.run(Thread.java:748)
Caused by: org.apache.ratis.thirdparty.io.grpc.StatusRuntimeException: UNAVAILABLE: io exception
	at org.apache.ratis.thirdparty.io.grpc.stub.ClientCalls.toStatusRuntimeException(ClientCalls.java:233)
	at org.apache.ratis.thirdparty.io.grpc.stub.ClientCalls.getUnchecked(ClientCalls.java:214)
	at org.apache.ratis.thirdparty.io.grpc.stub.ClientCalls.blockingUnaryCall(ClientCalls.java:139)
	at org.apache.ratis.proto.grpc.RaftServerProtocolServiceGrpc$RaftServerProtocolServiceBlockingStub.requestVote(RaftServerProtocolServiceGrpc.java:265)
	at org.apache.ratis.grpc.server.GrpcServerProtocolClient.requestVote(GrpcServerProtocolClient.java:83)
	at org.apache.ratis.grpc.server.GrpcService.requestVote(GrpcService.java:195)
	at org.apache.ratis.server.impl.LeaderElection.lambda$submitRequests$1(LeaderElection.java:237)
	at java.util.concurrent.FutureTask.run(FutureTask.java:266)
	at java.util.concurrent.Executors$RunnableAdapter.call(Executors.java:511)
	at java.util.concurrent.FutureTask.run(FutureTask.java:266)
	at java.util.concurrent.ThreadPoolExecutor.runWorker(ThreadPoolExecutor.java:1149)
	at java.util.concurrent.ThreadPoolExecutor$Worker.run(ThreadPoolExecutor.java:624)
	... 1 more
Caused by: org.apache.ratis.thirdparty.io.netty.channel.AbstractChannel$AnnotatedConnectException: Connection refused: /192.168.157.209:46559
	at sun.nio.ch.SocketChannelImpl.checkConnect(Native Method)
	at sun.nio.ch.SocketChannelImpl.finishConnect(SocketChannelImpl.java:717)
	at org.apache.ratis.thirdparty.io.netty.channel.socket.nio.NioSocketChannel.doFinishConnect(NioSocketChannel.java:327)
	at org.apache.ratis.thirdparty.io.netty.channel.nio.AbstractNioChannel$AbstractNioUnsafe.finishConnect(AbstractNioChannel.java:340)
	at org.apache.ratis.thirdparty.io.netty.channel.nio.NioEventLoop.processSelectedKey(NioEventLoop.java:632)
	at org.apache.ratis.thirdparty.io.netty.channel.nio.NioEventLoop.processSelectedKeysOptimized(NioEventLoop.java:579)
	at org.apache.ratis.thirdparty.io.netty.channel.nio.NioEventLoop.processSelectedKeys(NioEventLoop.java:496)
	at org.apache.ratis.thirdparty.io.netty.channel.nio.NioEventLoop.run(NioEventLoop.java:458)
	at org.apache.ratis.thirdparty.io.netty.util.concurrent.SingleThreadEventExecutor$5.run(SingleThreadEventExecutor.java:897)
	at org.apache.ratis.thirdparty.io.netty.util.concurrent.FastThreadLocalRunnable.run(FastThreadLocalRunnable.java:30)
	... 1 more
Caused by: java.net.ConnectException: Connection refused
	... 11 more
2019-07-14 11:07:35,345 INFO  impl.LeaderElection (LogUtils.java:infoOrTrace(149)) -   Exception 1: {}
java.util.concurrent.ExecutionException: org.apache.ratis.thirdparty.io.grpc.StatusRuntimeException: UNAVAILABLE: io exception
	at java.util.concurrent.FutureTask.report(FutureTask.java:122)
	at java.util.concurrent.FutureTask.get(FutureTask.java:192)
	at org.apache.ratis.server.impl.LeaderElection.waitForResults(LeaderElection.java:262)
	at org.apache.ratis.server.impl.LeaderElection.askForVotes(LeaderElection.java:200)
	at org.apache.ratis.server.impl.LeaderElection.run(LeaderElection.java:130)
	at java.lang.Thread.run(Thread.java:748)
Caused by: org.apache.ratis.thirdparty.io.grpc.StatusRuntimeException: UNAVAILABLE: io exception
	at org.apache.ratis.thirdparty.io.grpc.stub.ClientCalls.toStatusRuntimeException(ClientCalls.java:233)
	at org.apache.ratis.thirdparty.io.grpc.stub.ClientCalls.getUnchecked(ClientCalls.java:214)
	at org.apache.ratis.thirdparty.io.grpc.stub.ClientCalls.blockingUnaryCall(ClientCalls.java:139)
	at org.apache.ratis.proto.grpc.RaftServerProtocolServiceGrpc$RaftServerProtocolServiceBlockingStub.requestVote(RaftServerProtocolServiceGrpc.java:265)
	at org.apache.ratis.grpc.server.GrpcServerProtocolClient.requestVote(GrpcServerProtocolClient.java:83)
	at org.apache.ratis.grpc.server.GrpcService.requestVote(GrpcService.java:195)
	at org.apache.ratis.server.impl.LeaderElection.lambda$submitRequests$1(LeaderElection.java:237)
	at java.util.concurrent.FutureTask.run(FutureTask.java:266)
	at java.util.concurrent.Executors$RunnableAdapter.call(Executors.java:511)
	at java.util.concurrent.FutureTask.run(FutureTask.java:266)
	at java.util.concurrent.ThreadPoolExecutor.runWorker(ThreadPoolExecutor.java:1149)
	at java.util.concurrent.ThreadPoolExecutor$Worker.run(ThreadPoolExecutor.java:624)
	... 1 more
Caused by: org.apache.ratis.thirdparty.io.netty.channel.AbstractChannel$AnnotatedConnectException: Connection refused: /192.168.157.209:44696
	at sun.nio.ch.SocketChannelImpl.checkConnect(Native Method)
	at sun.nio.ch.SocketChannelImpl.finishConnect(SocketChannelImpl.java:717)
	at org.apache.ratis.thirdparty.io.netty.channel.socket.nio.NioSocketChannel.doFinishConnect(NioSocketChannel.java:327)
	at org.apache.ratis.thirdparty.io.netty.channel.nio.AbstractNioChannel$AbstractNioUnsafe.finishConnect(AbstractNioChannel.java:340)
	at org.apache.ratis.thirdparty.io.netty.channel.nio.NioEventLoop.processSelectedKey(NioEventLoop.java:632)
	at org.apache.ratis.thirdparty.io.netty.channel.nio.NioEventLoop.processSelectedKeysOptimized(NioEventLoop.java:579)
	at org.apache.ratis.thirdparty.io.netty.channel.nio.NioEventLoop.processSelectedKeys(NioEventLoop.java:496)
	at org.apache.ratis.thirdparty.io.netty.channel.nio.NioEventLoop.run(NioEventLoop.java:458)
	at org.apache.ratis.thirdparty.io.netty.util.concurrent.SingleThreadEventExecutor$5.run(SingleThreadEventExecutor.java:897)
	at org.apache.ratis.thirdparty.io.netty.util.concurrent.FastThreadLocalRunnable.run(FastThreadLocalRunnable.java:30)
	... 1 more
Caused by: java.net.ConnectException: Connection refused
	... 11 more
2019-07-14 11:07:35,345 INFO  impl.RaftServerImpl (RaftServerImpl.java:setRole(171)) - 4f7977ba-698f-43aa-85aa-fbb4d1ed62bc:group-BED1011EF2B4 changes role from CANDIDATE to FOLLOWER at term 2 for DISCOVERED_A_NEW_TERM
2019-07-14 11:07:35,345 INFO  impl.RoleInfo (RoleInfo.java:shutdownLeaderElection(134)) - 4f7977ba-698f-43aa-85aa-fbb4d1ed62bc: shutdown LeaderElection
2019-07-14 11:07:35,345 INFO  impl.RoleInfo (RoleInfo.java:updateAndGet(143)) - 4f7977ba-698f-43aa-85aa-fbb4d1ed62bc: start FollowerState
2019-07-14 11:07:35,928 INFO  node.StaleNodeHandler (StaleNodeHandler.java:onMessage(58)) - Datanode ae6d04e4-4e3e-4a9f-9012-ff5b8df3a9ba{ip: 192.168.157.209, host: trunk-nightly-fxmrv-2540794721, networkLocation: /default-rack, certSerialId: null} moved to stale state. Finalizing its pipelines [PipelineID=4d611cb1-a867-45e7-abc7-762078ff6392]
2019-07-14 11:07:35,928 INFO  pipeline.SCMPipelineManager (SCMPipelineManager.java:finalizeAndDestroyPipeline(309)) - destroying pipeline:Pipeline[ Id: 4d611cb1-a867-45e7-abc7-762078ff6392, Nodes: ae6d04e4-4e3e-4a9f-9012-ff5b8df3a9ba{ip: 192.168.157.209, host: trunk-nightly-fxmrv-2540794721, networkLocation: /default-rack, certSerialId: null}, Type:RATIS, Factor:ONE, State:OPEN]
2019-07-14 11:07:35,929 INFO  pipeline.PipelineStateManager (PipelineStateManager.java:finalizePipeline(123)) - Pipeline Pipeline[ Id: 4d611cb1-a867-45e7-abc7-762078ff6392, Nodes: ae6d04e4-4e3e-4a9f-9012-ff5b8df3a9ba{ip: 192.168.157.209, host: trunk-nightly-fxmrv-2540794721, networkLocation: /default-rack, certSerialId: null}, Type:RATIS, Factor:ONE, State:CLOSED] moved to CLOSED state
2019-07-14 11:07:36,729 INFO  node.StaleNodeHandler (StaleNodeHandler.java:onMessage(58)) - Datanode 4f7977ba-698f-43aa-85aa-fbb4d1ed62bc{ip: 192.168.157.209, host: trunk-nightly-fxmrv-2540794721, networkLocation: /default-rack, certSerialId: null} moved to stale state. Finalizing its pipelines [PipelineID=de0a70a2-bec1-4212-ad11-69267185b789, PipelineID=ae6e3807-7f8d-4709-9663-bed1011ef2b4]
2019-07-14 11:07:36,730 INFO  pipeline.SCMPipelineManager (SCMPipelineManager.java:finalizeAndDestroyPipeline(309)) - destroying pipeline:Pipeline[ Id: de0a70a2-bec1-4212-ad11-69267185b789, Nodes: 4f7977ba-698f-43aa-85aa-fbb4d1ed62bc{ip: 192.168.157.209, host: trunk-nightly-fxmrv-2540794721, networkLocation: /default-rack, certSerialId: null}, Type:RATIS, Factor:ONE, State:OPEN]
2019-07-14 11:07:36,730 INFO  pipeline.PipelineStateManager (PipelineStateManager.java:finalizePipeline(123)) - Pipeline Pipeline[ Id: de0a70a2-bec1-4212-ad11-69267185b789, Nodes: 4f7977ba-698f-43aa-85aa-fbb4d1ed62bc{ip: 192.168.157.209, host: trunk-nightly-fxmrv-2540794721, networkLocation: /default-rack, certSerialId: null}, Type:RATIS, Factor:ONE, State:CLOSED] moved to CLOSED state
2019-07-14 11:07:36,730 INFO  pipeline.SCMPipelineManager (SCMPipelineManager.java:finalizeAndDestroyPipeline(309)) - destroying pipeline:Pipeline[ Id: ae6e3807-7f8d-4709-9663-bed1011ef2b4, Nodes: 83e63075-ee01-45f6-9ef0-abd1285db36c{ip: 192.168.157.209, host: trunk-nightly-fxmrv-2540794721, networkLocation: /default-rack, certSerialId: null}4658b231-3b79-46f5-9d86-b35d04ea8c23{ip: 192.168.157.209, host: trunk-nightly-fxmrv-2540794721, networkLocation: /default-rack, certSerialId: null}4f7977ba-698f-43aa-85aa-fbb4d1ed62bc{ip: 192.168.157.209, host: trunk-nightly-fxmrv-2540794721, networkLocation: /default-rack, certSerialId: null}, Type:RATIS, Factor:THREE, State:CLOSED]
2019-07-14 11:07:36,760 INFO  ozoneimpl.OzoneContainer (OzoneContainer.java:stop(199)) - Attempting to stop container services.
2019-07-14 11:07:36,760 INFO  impl.RaftServerProxy (RaftServerProxy.java:lambda$close$4(314)) - ae6d04e4-4e3e-4a9f-9012-ff5b8df3a9ba: close
2019-07-14 11:07:36,761 INFO  impl.RaftServerImpl (RaftServerImpl.java:lambda$shutdown$3(245)) - ae6d04e4-4e3e-4a9f-9012-ff5b8df3a9ba: shutdown group-762078FF6392
2019-07-14 11:07:36,761 INFO  util.JmxRegister (JmxRegister.java:unregister(73)) - Successfully un-registered JMX Bean with object name Ratis:service=RaftServer,group=group-762078FF6392,id=ae6d04e4-4e3e-4a9f-9012-ff5b8df3a9ba
2019-07-14 11:07:36,762 INFO  impl.RoleInfo (RoleInfo.java:shutdownLeaderState(104)) - ae6d04e4-4e3e-4a9f-9012-ff5b8df3a9ba: shutdown LeaderState
2019-07-14 11:07:36,762 INFO  ozoneimpl.OzoneContainer (OzoneContainer.java:stop(199)) - Attempting to stop container services.
2019-07-14 11:07:36,762 INFO  impl.PendingRequests (PendingRequests.java:sendNotLeaderResponses(202)) - ae6d04e4-4e3e-4a9f-9012-ff5b8df3a9ba-PendingRequests: sendNotLeaderResponses
2019-07-14 11:07:36,762 INFO  impl.RaftServerProxy (RaftServerProxy.java:lambda$close$4(314)) - 4f7977ba-698f-43aa-85aa-fbb4d1ed62bc: close
2019-07-14 11:07:36,763 INFO  impl.StateMachineUpdater (StateMachineUpdater.java:stopAndJoin(115)) - StateMachineUpdater:ae6d04e4-4e3e-4a9f-9012-ff5b8df3a9ba:group-762078FF6392: set stopIndex = 0
2019-07-14 11:07:36,763 INFO  impl.RaftServerImpl (RaftServerImpl.java:lambda$shutdown$3(245)) - 4f7977ba-698f-43aa-85aa-fbb4d1ed62bc: shutdown group-69267185B789
2019-07-14 11:07:36,763 INFO  impl.RaftServerImpl (ServerState.java:close(394)) - ae6d04e4-4e3e-4a9f-9012-ff5b8df3a9ba:group-762078FF6392 closes. The last applied log index is 0
2019-07-14 11:07:36,764 INFO  util.JmxRegister (JmxRegister.java:unregister(73)) - Successfully un-registered JMX Bean with object name Ratis:service=RaftServer,group=group-69267185B789,id=4f7977ba-698f-43aa-85aa-fbb4d1ed62bc
2019-07-14 11:07:36,764 INFO  segmented.SegmentedRaftLogWorker (SegmentedRaftLogWorker.java:run(313)) - ae6d04e4-4e3e-4a9f-9012-ff5b8df3a9ba-SegmentedRaftLogWorker:Storage Directory /workdir/hadoop-ozone/integration-test/target/test-dir/MiniOzoneClusterImpl-d309a403-2708-41a1-968f-5ad9242863dc/datanode-6/data/ratis/4d611cb1-a867-45e7-abc7-762078ff6392 was interrupted, exiting. There are 0 tasks remaining in the queue.
2019-07-14 11:07:36,764 INFO  impl.RoleInfo (RoleInfo.java:shutdownLeaderState(104)) - 4f7977ba-698f-43aa-85aa-fbb4d1ed62bc: shutdown LeaderState
2019-07-14 11:07:36,767 INFO  segmented.SegmentedRaftLogWorker (SegmentedRaftLogWorker.java:close(228)) - ae6d04e4-4e3e-4a9f-9012-ff5b8df3a9ba-SegmentedRaftLogWorker:Storage Directory /workdir/hadoop-ozone/integration-test/target/test-dir/MiniOzoneClusterImpl-d309a403-2708-41a1-968f-5ad9242863dc/datanode-6/data/ratis/4d611cb1-a867-45e7-abc7-762078ff6392 close()
2019-07-14 11:07:36,767 INFO  impl.PendingRequests (PendingRequests.java:sendNotLeaderResponses(202)) - 4f7977ba-698f-43aa-85aa-fbb4d1ed62bc-PendingRequests: sendNotLeaderResponses
2019-07-14 11:07:36,770 INFO  server.GrpcService (GrpcService.java:closeImpl(155)) - ae6d04e4-4e3e-4a9f-9012-ff5b8df3a9ba: shutdown server with port 34388 now
2019-07-14 11:07:36,770 INFO  impl.StateMachineUpdater (StateMachineUpdater.java:stopAndJoin(115)) - StateMachineUpdater:4f7977ba-698f-43aa-85aa-fbb4d1ed62bc:group-69267185B789: set stopIndex = 0
2019-07-14 11:07:36,772 INFO  server.GrpcService (GrpcService.java:closeImpl(163)) - ae6d04e4-4e3e-4a9f-9012-ff5b8df3a9ba: shutdown server with port 34388 successfully
2019-07-14 11:07:36,772 INFO  impl.RaftServerImpl (ServerState.java:close(394)) - 4f7977ba-698f-43aa-85aa-fbb4d1ed62bc:group-69267185B789 closes. The last applied log index is 0
2019-07-14 11:07:36,773 INFO  segmented.SegmentedRaftLogWorker (SegmentedRaftLogWorker.java:run(313)) - 4f7977ba-698f-43aa-85aa-fbb4d1ed62bc-SegmentedRaftLogWorker:Storage Directory /workdir/hadoop-ozone/integration-test/target/test-dir/MiniOzoneClusterImpl-d309a403-2708-41a1-968f-5ad9242863dc/datanode-5/data/ratis/de0a70a2-bec1-4212-ad11-69267185b789 was interrupted, exiting. There are 0 tasks remaining in the queue.
2019-07-14 11:07:36,775 INFO  segmented.SegmentedRaftLogWorker (SegmentedRaftLogWorker.java:close(228)) - 4f7977ba-698f-43aa-85aa-fbb4d1ed62bc-SegmentedRaftLogWorker:Storage Directory /workdir/hadoop-ozone/integration-test/target/test-dir/MiniOzoneClusterImpl-d309a403-2708-41a1-968f-5ad9242863dc/datanode-5/data/ratis/de0a70a2-bec1-4212-ad11-69267185b789 close()
2019-07-14 11:07:36,782 INFO  impl.RaftServerImpl (RaftServerImpl.java:lambda$shutdown$3(245)) - 4f7977ba-698f-43aa-85aa-fbb4d1ed62bc: shutdown group-BED1011EF2B4
2019-07-14 11:07:36,783 INFO  util.JmxRegister (JmxRegister.java:unregister(73)) - Successfully un-registered JMX Bean with object name Ratis:service=RaftServer,group=group-BED1011EF2B4,id=4f7977ba-698f-43aa-85aa-fbb4d1ed62bc
2019-07-14 11:07:36,783 INFO  impl.RoleInfo (RoleInfo.java:shutdownFollowerState(121)) - 4f7977ba-698f-43aa-85aa-fbb4d1ed62bc: shutdown FollowerState
2019-07-14 11:07:36,783 INFO  impl.StateMachineUpdater (StateMachineUpdater.java:stopAndJoin(115)) - StateMachineUpdater:4f7977ba-698f-43aa-85aa-fbb4d1ed62bc:group-BED1011EF2B4: set stopIndex = 0
2019-07-14 11:07:36,783 INFO  impl.FollowerState (FollowerState.java:run(114)) - 4f7977ba-698f-43aa-85aa-fbb4d1ed62bc: FollowerState was interrupted: java.lang.InterruptedException: sleep interrupted
2019-07-14 11:07:36,784 INFO  impl.RaftServerImpl (ServerState.java:close(394)) - 4f7977ba-698f-43aa-85aa-fbb4d1ed62bc:group-BED1011EF2B4 closes. The last applied log index is 0
2019-07-14 11:07:36,785 INFO  segmented.SegmentedRaftLogWorker (SegmentedRaftLogWorker.java:run(313)) - 4f7977ba-698f-43aa-85aa-fbb4d1ed62bc-SegmentedRaftLogWorker:Storage Directory /workdir/hadoop-ozone/integration-test/target/test-dir/MiniOzoneClusterImpl-d309a403-2708-41a1-968f-5ad9242863dc/datanode-5/data/ratis/ae6e3807-7f8d-4709-9663-bed1011ef2b4 was interrupted, exiting. There are 0 tasks remaining in the queue.
2019-07-14 11:07:36,785 INFO  utils.BackgroundService (BackgroundService.java:shutdown(148)) - Shutting down service BlockDeletingService
2019-07-14 11:07:36,786 INFO  segmented.SegmentedRaftLogWorker (SegmentedRaftLogWorker.java:close(228)) - 4f7977ba-698f-43aa-85aa-fbb4d1ed62bc-SegmentedRaftLogWorker:Storage Directory /workdir/hadoop-ozone/integration-test/target/test-dir/MiniOzoneClusterImpl-d309a403-2708-41a1-968f-5ad9242863dc/datanode-5/data/ratis/ae6e3807-7f8d-4709-9663-bed1011ef2b4 close()
2019-07-14 11:07:36,788 INFO  server.GrpcService (GrpcService.java:closeImpl(155)) - 4f7977ba-698f-43aa-85aa-fbb4d1ed62bc: shutdown server with port 36404 now
2019-07-14 11:07:36,789 INFO  server.GrpcService (GrpcService.java:closeImpl(163)) - 4f7977ba-698f-43aa-85aa-fbb4d1ed62bc: shutdown server with port 36404 successfully
2019-07-14 11:07:36,789 WARN  fs.CachingGetSpaceUsed (CachingGetSpaceUsed.java:run(183)) - Thread Interrupted waiting to refresh disk information: sleep interrupted
2019-07-14 11:07:36,790 INFO  utils.BackgroundService (BackgroundService.java:shutdown(148)) - Shutting down service BlockDeletingService
2019-07-14 11:07:36,792 WARN  fs.CachingGetSpaceUsed (CachingGetSpaceUsed.java:run(183)) - Thread Interrupted waiting to refresh disk information: sleep interrupted
2019-07-14 11:07:36,807 INFO  statemachine.DatanodeStateMachine (DatanodeStateMachine.java:stopDaemon(395)) - Ozone container server stopped.
2019-07-14 11:07:36,810 INFO  statemachine.DatanodeStateMachine (DatanodeStateMachine.java:stopDaemon(395)) - Ozone container server stopped.
2019-07-14 11:07:36,823 INFO  handler.ContextHandler (ContextHandler.java:doStop(910)) - Stopped o.e.j.w.WebAppContext@121fe002{/,null,UNAVAILABLE}{/hddsDatanode}
2019-07-14 11:07:36,824 INFO  handler.ContextHandler (ContextHandler.java:doStop(910)) - Stopped o.e.j.w.WebAppContext@75cfb958{/,null,UNAVAILABLE}{/hddsDatanode}
2019-07-14 11:07:36,826 INFO  server.AbstractConnector (AbstractConnector.java:doStop(318)) - Stopped ServerConnector@d45acab{HTTP/1.1,[http/1.1]}{0.0.0.0:0}
2019-07-14 11:07:36,826 INFO  server.AbstractConnector (AbstractConnector.java:doStop(318)) - Stopped ServerConnector@40ff56f7{HTTP/1.1,[http/1.1]}{0.0.0.0:0}
2019-07-14 11:07:36,826 INFO  handler.ContextHandler (ContextHandler.java:doStop(910)) - Stopped o.e.j.s.ServletContextHandler@5d16bb07{/static,jar:file:/home/user/.m2/repository/org/apache/hadoop/hadoop-hdds-container-service/0.5.0-SNAPSHOT/hadoop-hdds-container-service-0.5.0-SNAPSHOT.jar!/webapps/static,UNAVAILABLE}
2019-07-14 11:07:36,826 INFO  handler.ContextHandler (ContextHandler.java:doStop(910)) - Stopped o.e.j.s.ServletContextHandler@e38b953{/static,jar:file:/home/user/.m2/repository/org/apache/hadoop/hadoop-hdds-container-service/0.5.0-SNAPSHOT/hadoop-hdds-container-service-0.5.0-SNAPSHOT.jar!/webapps/static,UNAVAILABLE}
2019-07-14 11:07:36,827 INFO  handler.ContextHandler (ContextHandler.java:doStop(910)) - Stopped o.e.j.s.ServletContextHandler@45aa02de{/logs,file:///workdir/hadoop-ozone/integration-test/target/log,UNAVAILABLE}
2019-07-14 11:07:36,827 INFO  handler.ContextHandler (ContextHandler.java:doStop(910)) - Stopped o.e.j.s.ServletContextHandler@61799152{/logs,file:///workdir/hadoop-ozone/integration-test/target/log,UNAVAILABLE}
2019-07-14 11:07:36,829 INFO  ozone.MiniOzoneClusterImpl (MiniOzoneClusterImpl.java:stop(353)) - Stopping the StorageContainerManager
2019-07-14 11:07:36,829 INFO  server.StorageContainerManager (StorageContainerManager.java:stop(796)) - Stopping Replication Manager Service.
2019-07-14 11:07:36,830 INFO  container.ReplicationManager (ReplicationManager.java:stop(187)) - Stopping Replication Monitor Thread.
2019-07-14 11:07:36,830 INFO  server.StorageContainerManager (StorageContainerManager.java:stop(803)) - Stopping Lease Manager of the command watchers
2019-07-14 11:07:36,830 INFO  server.StorageContainerManager (StorageContainerManager.java:stop(810)) - Stopping datanode service RPC server
2019-07-14 11:07:36,830 INFO  server.SCMDatanodeProtocolServer (SCMDatanodeProtocolServer.java:stop(375)) - Stopping the RPC server for DataNodes
2019-07-14 11:07:36,830 INFO  ipc.Server (Server.java:stop(3082)) - Stopping server on 41403
2019-07-14 11:07:36,833 INFO  ipc.Server (Server.java:run(1185)) - Stopping IPC Server listener on 41403
2019-07-14 11:07:36,833 INFO  ipc.Server (Server.java:run(1319)) - Stopping IPC Server Responder
2019-07-14 11:07:36,929 WARN  node.NodeStateManager (NodeStateManager.java:scheduleNextHealthCheck(631)) - Current Thread is interrupted, shutting down HB processing thread for Node Manager.
2019-07-14 11:07:36,930 INFO  server.StorageContainerManager (StorageContainerManager.java:stop(818)) - Stopping block service RPC server
2019-07-14 11:07:36,930 INFO  server.SCMBlockProtocolServer (SCMBlockProtocolServer.java:stop(148)) - Stopping the RPC server for Block Protocol
2019-07-14 11:07:36,930 INFO  ipc.Server (Server.java:stop(3082)) - Stopping server on 42622
2019-07-14 11:07:36,932 INFO  server.StorageContainerManager (StorageContainerManager.java:stop(825)) - Stopping the StorageContainerLocationProtocol RPC server
2019-07-14 11:07:36,932 INFO  server.SCMClientProtocolServer (SCMClientProtocolServer.java:stop(157)) - Stopping the RPC server for Client Protocol
2019-07-14 11:07:36,933 INFO  ipc.Server (Server.java:stop(3082)) - Stopping server on 38806
2019-07-14 11:07:36,935 INFO  ipc.Server (Server.java:run(1319)) - Stopping IPC Server Responder
2019-07-14 11:07:36,935 INFO  ipc.Server (Server.java:run(1185)) - Stopping IPC Server listener on 42622
2019-07-14 11:07:36,935 INFO  ipc.Server (Server.java:run(1185)) - Stopping IPC Server listener on 38806
2019-07-14 11:07:36,935 INFO  server.StorageContainerManager (StorageContainerManager.java:stop(832)) - Stopping Storage Container Manager HTTP server.
2019-07-14 11:07:36,936 INFO  handler.ContextHandler (ContextHandler.java:doStop(910)) - Stopped o.e.j.w.WebAppContext@292b7a02{/,null,UNAVAILABLE}{/scm}
2019-07-14 11:07:36,937 INFO  ipc.Server (Server.java:run(1319)) - Stopping IPC Server Responder
2019-07-14 11:07:36,938 INFO  server.AbstractConnector (AbstractConnector.java:doStop(318)) - Stopped ServerConnector@3e242137{HTTP/1.1,[http/1.1]}{0.0.0.0:0}
2019-07-14 11:07:36,938 INFO  handler.ContextHandler (ContextHandler.java:doStop(910)) - Stopped o.e.j.s.ServletContextHandler@42a198dd{/static,file:///workdir/hadoop-ozone/integration-test/target/test-classes/webapps/static,UNAVAILABLE}
2019-07-14 11:07:36,939 INFO  handler.ContextHandler (ContextHandler.java:doStop(910)) - Stopped o.e.j.s.ServletContextHandler@1ea78c72{/logs,file:///workdir/hadoop-ozone/integration-test/target/log,UNAVAILABLE}
2019-07-14 11:07:36,940 INFO  server.StorageContainerManager (StorageContainerManager.java:stop(843)) - Stopping Block Manager Service.
2019-07-14 11:07:36,940 INFO  utils.BackgroundService (BackgroundService.java:shutdown(148)) - Shutting down service SCMBlockDeletingService
2019-07-14 11:07:36,941 INFO  utils.BackgroundService (BackgroundService.java:shutdown(148)) - Shutting down service SCMBlockDeletingService
2019-07-14 11:07:36,941 INFO  server.StorageContainerManager (StorageContainerManager.java:stop(865)) - Stopping SCM Event Queue.
2019-07-14 11:07:36,945 INFO  impl.MetricsSystemImpl (MetricsSystemImpl.java:stop(210)) - Stopping HddsDatanode metrics system...
2019-07-14 11:07:36,956 INFO  impl.MetricsSystemImpl (MetricsSystemImpl.java:stop(216)) - HddsDatanode metrics system stopped.
]]></system-out>
    <system-err><![CDATA[Jul 14, 2019 11:07:04 AM com.sun.jersey.server.impl.application.WebApplicationImpl _initiate
INFO: Initiating Jersey application, version 'Jersey: 1.19 02/11/2015 03:25 AM'
Jul 14, 2019 11:07:04 AM com.sun.jersey.server.impl.application.WebApplicationImpl _initiate
INFO: Initiating Jersey application, version 'Jersey: 1.19 02/11/2015 03:25 AM'
Jul 14, 2019 11:07:04 AM com.sun.jersey.server.impl.application.WebApplicationImpl _initiate
INFO: Initiating Jersey application, version 'Jersey: 1.19 02/11/2015 03:25 AM'
Jul 14, 2019 11:07:05 AM com.sun.jersey.server.impl.application.WebApplicationImpl _initiate
INFO: Initiating Jersey application, version 'Jersey: 1.19 02/11/2015 03:25 AM'
Jul 14, 2019 11:07:05 AM com.sun.jersey.server.impl.application.WebApplicationImpl _initiate
INFO: Initiating Jersey application, version 'Jersey: 1.19 02/11/2015 03:25 AM'
Jul 14, 2019 11:07:05 AM com.sun.jersey.server.impl.application.WebApplicationImpl _initiate
INFO: Initiating Jersey application, version 'Jersey: 1.19 02/11/2015 03:25 AM'
Jul 14, 2019 11:07:05 AM com.sun.jersey.server.impl.application.WebApplicationImpl _initiate
INFO: Initiating Jersey application, version 'Jersey: 1.19 02/11/2015 03:25 AM'
Jul 14, 2019 11:07:08 AM org.apache.ratis.thirdparty.io.grpc.internal.ManagedChannelOrphanWrapper$ManagedChannelReference cleanQueue
SEVERE: *~*~*~ Channel ManagedChannelImpl{logId=3034, target=192.168.157.209:38166} was not shutdown properly!!! ~*~*~*
    Make sure to call shutdown()/shutdownNow() and wait until awaitTermination() returns true.
java.lang.RuntimeException: ManagedChannel allocation site
	at org.apache.ratis.thirdparty.io.grpc.internal.ManagedChannelOrphanWrapper$ManagedChannelReference.<init>(ManagedChannelOrphanWrapper.java:103)
	at org.apache.ratis.thirdparty.io.grpc.internal.ManagedChannelOrphanWrapper.<init>(ManagedChannelOrphanWrapper.java:53)
	at org.apache.ratis.thirdparty.io.grpc.internal.ManagedChannelOrphanWrapper.<init>(ManagedChannelOrphanWrapper.java:44)
	at org.apache.ratis.thirdparty.io.grpc.internal.AbstractManagedChannelImplBuilder.build(AbstractManagedChannelImplBuilder.java:411)
	at org.apache.ratis.grpc.client.GrpcClientProtocolClient.<init>(GrpcClientProtocolClient.java:119)
	at org.apache.ratis.grpc.client.GrpcClientRpc.lambda$new$0(GrpcClientRpc.java:55)
	at org.apache.ratis.util.PeerProxyMap$PeerAndProxy.lambda$getProxy$0(PeerProxyMap.java:61)
	at org.apache.ratis.util.LifeCycle.startAndTransition(LifeCycle.java:202)
	at org.apache.ratis.util.PeerProxyMap$PeerAndProxy.getProxy(PeerProxyMap.java:60)
	at org.apache.ratis.util.PeerProxyMap.getProxy(PeerProxyMap.java:107)
	at org.apache.ratis.grpc.client.GrpcClientRpc.sendRequestAsync(GrpcClientRpc.java:66)
	at org.apache.ratis.client.impl.OrderedAsync.sendRequest(OrderedAsync.java:208)
	at org.apache.ratis.client.impl.OrderedAsync.sendRequestWithRetry(OrderedAsync.java:169)
	at org.apache.ratis.util.SlidingWindow$Client.sendOrDelayRequest(SlidingWindow.java:278)
	at org.apache.ratis.util.SlidingWindow$Client.retry(SlidingWindow.java:294)
	at org.apache.ratis.client.impl.OrderedAsync.lambda$scheduleWithTimeout$7(OrderedAsync.java:195)
	at org.apache.ratis.util.TimeoutScheduler.lambda$onTimeout$0(TimeoutScheduler.java:85)
	at org.apache.ratis.util.TimeoutScheduler.lambda$onTimeout$1(TimeoutScheduler.java:104)
	at org.apache.ratis.util.LogUtils.runAndLog(LogUtils.java:50)
	at org.apache.ratis.util.LogUtils$1.run(LogUtils.java:91)
	at java.util.concurrent.Executors$RunnableAdapter.call(Executors.java:511)
	at java.util.concurrent.FutureTask.run(FutureTask.java:266)
	at java.util.concurrent.ScheduledThreadPoolExecutor$ScheduledFutureTask.access$201(ScheduledThreadPoolExecutor.java:180)
	at java.util.concurrent.ScheduledThreadPoolExecutor$ScheduledFutureTask.run(ScheduledThreadPoolExecutor.java:293)
	at java.util.concurrent.ThreadPoolExecutor.runWorker(ThreadPoolExecutor.java:1149)
	at java.util.concurrent.ThreadPoolExecutor$Worker.run(ThreadPoolExecutor.java:624)
	at java.lang.Thread.run(Thread.java:748)

Jul 14, 2019 11:07:08 AM org.apache.ratis.thirdparty.io.grpc.internal.ManagedChannelOrphanWrapper$ManagedChannelReference cleanQueue
SEVERE: *~*~*~ Channel ManagedChannelImpl{logId=3039, target=192.168.157.209:35425} was not shutdown properly!!! ~*~*~*
    Make sure to call shutdown()/shutdownNow() and wait until awaitTermination() returns true.
java.lang.RuntimeException: ManagedChannel allocation site
	at org.apache.ratis.thirdparty.io.grpc.internal.ManagedChannelOrphanWrapper$ManagedChannelReference.<init>(ManagedChannelOrphanWrapper.java:103)
	at org.apache.ratis.thirdparty.io.grpc.internal.ManagedChannelOrphanWrapper.<init>(ManagedChannelOrphanWrapper.java:53)
	at org.apache.ratis.thirdparty.io.grpc.internal.ManagedChannelOrphanWrapper.<init>(ManagedChannelOrphanWrapper.java:44)
	at org.apache.ratis.thirdparty.io.grpc.internal.AbstractManagedChannelImplBuilder.build(AbstractManagedChannelImplBuilder.java:411)
	at org.apache.ratis.grpc.client.GrpcClientProtocolClient.<init>(GrpcClientProtocolClient.java:119)
	at org.apache.ratis.grpc.client.GrpcClientRpc.lambda$new$0(GrpcClientRpc.java:55)
	at org.apache.ratis.util.PeerProxyMap$PeerAndProxy.lambda$getProxy$0(PeerProxyMap.java:61)
	at org.apache.ratis.util.LifeCycle.startAndTransition(LifeCycle.java:202)
	at org.apache.ratis.util.PeerProxyMap$PeerAndProxy.getProxy(PeerProxyMap.java:60)
	at org.apache.ratis.util.PeerProxyMap.getProxy(PeerProxyMap.java:107)
	at org.apache.ratis.grpc.client.GrpcClientRpc.sendRequestAsync(GrpcClientRpc.java:66)
	at org.apache.ratis.client.impl.OrderedAsync.sendRequest(OrderedAsync.java:208)
	at org.apache.ratis.client.impl.OrderedAsync.sendRequestWithRetry(OrderedAsync.java:169)
	at org.apache.ratis.util.SlidingWindow$Client.sendOrDelayRequest(SlidingWindow.java:278)
	at org.apache.ratis.util.SlidingWindow$Client.submitNewRequest(SlidingWindow.java:257)
	at org.apache.ratis.client.impl.OrderedAsync.send(OrderedAsync.java:155)
	at org.apache.ratis.client.impl.RaftClientImpl.sendAsync(RaftClientImpl.java:145)
	at org.apache.ratis.client.impl.RaftClientImpl.sendAsync(RaftClientImpl.java:125)
	at org.apache.hadoop.hdds.scm.XceiverClientRatis.sendRequestAsync(XceiverClientRatis.java:224)
	at org.apache.hadoop.hdds.scm.XceiverClientRatis.sendCommandAsync(XceiverClientRatis.java:302)
	at org.apache.hadoop.hdds.scm.storage.ContainerProtocolCalls.writeChunkAsync(ContainerProtocolCalls.java:310)
	at org.apache.hadoop.hdds.scm.storage.BlockOutputStream.writeChunkToContainer(BlockOutputStream.java:610)
	at org.apache.hadoop.hdds.scm.storage.BlockOutputStream.writeChunk(BlockOutputStream.java:467)
	at org.apache.hadoop.hdds.scm.storage.BlockOutputStream.writeOnRetry(BlockOutputStream.java:293)
	at org.apache.hadoop.ozone.client.io.BlockOutputStreamEntry.writeOnRetry(BlockOutputStreamEntry.java:200)
	at org.apache.hadoop.ozone.client.io.KeyOutputStream.handleWrite(KeyOutputStream.java:209)
	at org.apache.hadoop.ozone.client.io.KeyOutputStream.handleRetry(KeyOutputStream.java:376)
	at org.apache.hadoop.ozone.client.io.KeyOutputStream.handleException(KeyOutputStream.java:325)
	at org.apache.hadoop.ozone.client.io.KeyOutputStream.handleFlushOrClose(KeyOutputStream.java:448)
	at org.apache.hadoop.ozone.client.io.KeyOutputStream.handleWrite(KeyOutputStream.java:235)
	at org.apache.hadoop.ozone.client.io.KeyOutputStream.write(KeyOutputStream.java:193)
	at org.apache.hadoop.ozone.client.io.OzoneOutputStream.write(OzoneOutputStream.java:49)
	at java.io.OutputStream.write(OutputStream.java:75)
	at org.apache.hadoop.ozone.client.rpc.TestBlockOutputStreamWithFailures.testWatchForCommitWithSingleNodeRatis(TestBlockOutputStreamWithFailures.java:881)
	at sun.reflect.NativeMethodAccessorImpl.invoke0(Native Method)
	at sun.reflect.NativeMethodAccessorImpl.invoke(NativeMethodAccessorImpl.java:62)
	at sun.reflect.DelegatingMethodAccessorImpl.invoke(DelegatingMethodAccessorImpl.java:43)
	at java.lang.reflect.Method.invoke(Method.java:498)
	at org.junit.runners.model.FrameworkMethod$1.runReflectiveCall(FrameworkMethod.java:47)
	at org.junit.internal.runners.model.ReflectiveCallable.run(ReflectiveCallable.java:12)
	at org.junit.runners.model.FrameworkMethod.invokeExplosively(FrameworkMethod.java:44)
	at org.junit.internal.runners.statements.InvokeMethod.evaluate(InvokeMethod.java:17)
	at org.junit.internal.runners.statements.RunBefores.evaluate(RunBefores.java:26)
	at org.junit.internal.runners.statements.RunAfters.evaluate(RunAfters.java:27)
	at org.junit.runners.ParentRunner.runLeaf(ParentRunner.java:271)
	at org.junit.runners.BlockJUnit4ClassRunner.runChild(BlockJUnit4ClassRunner.java:70)
	at org.junit.runners.BlockJUnit4ClassRunner.runChild(BlockJUnit4ClassRunner.java:50)
	at org.junit.runners.ParentRunner$3.run(ParentRunner.java:238)
	at org.junit.runners.ParentRunner$1.schedule(ParentRunner.java:63)
	at org.junit.runners.ParentRunner.runChildren(ParentRunner.java:236)
	at org.junit.runners.ParentRunner.access$000(ParentRunner.java:53)
	at org.junit.runners.ParentRunner$2.evaluate(ParentRunner.java:229)
	at org.junit.runners.ParentRunner.run(ParentRunner.java:309)
	at org.apache.maven.surefire.junit4.JUnit4Provider.execute(JUnit4Provider.java:365)
	at org.apache.maven.surefire.junit4.JUnit4Provider.executeWithRerun(JUnit4Provider.java:273)
	at org.apache.maven.surefire.junit4.JUnit4Provider.executeTestSet(JUnit4Provider.java:238)
	at org.apache.maven.surefire.junit4.JUnit4Provider.invoke(JUnit4Provider.java:159)
	at org.apache.maven.surefire.booter.ForkedBooter.invokeProviderInSameClassLoader(ForkedBooter.java:384)
	at org.apache.maven.surefire.booter.ForkedBooter.runSuitesInProcess(ForkedBooter.java:345)
	at org.apache.maven.surefire.booter.ForkedBooter.execute(ForkedBooter.java:126)
	at org.apache.maven.surefire.booter.ForkedBooter.main(ForkedBooter.java:418)

]]></system-err>
  </testcase>
  <testcase name="testFailureWithPrimeSizedData" classname="org.apache.hadoop.ozone.client.rpc.TestBlockOutputStreamWithFailures" time="33.968">
    <error type="java.lang.IllegalArgumentException">java.lang.IllegalArgumentException
	at com.google.common.base.Preconditions.checkArgument(Preconditions.java:72)
	at org.apache.hadoop.hdds.scm.XceiverClientManager.acquireClient(XceiverClientManager.java:150)
	at org.apache.hadoop.hdds.scm.XceiverClientManager.acquireClientForReadData(XceiverClientManager.java:143)
	at org.apache.hadoop.hdds.scm.storage.BlockInputStream.getChunkInfos(BlockInputStream.java:154)
	at org.apache.hadoop.hdds.scm.storage.BlockInputStream.initialize(BlockInputStream.java:118)
	at org.apache.hadoop.hdds.scm.storage.BlockInputStream.read(BlockInputStream.java:222)
	at org.apache.hadoop.ozone.client.io.KeyInputStream.read(KeyInputStream.java:171)
	at org.apache.hadoop.ozone.client.io.OzoneInputStream.read(OzoneInputStream.java:47)
	at java.io.InputStream.read(InputStream.java:101)
	at org.apache.hadoop.ozone.container.ContainerTestHelper.validateData(ContainerTestHelper.java:709)
	at org.apache.hadoop.ozone.client.rpc.TestBlockOutputStreamWithFailures.validateData(TestBlockOutputStreamWithFailures.java:1212)
	at org.apache.hadoop.ozone.client.rpc.TestBlockOutputStreamWithFailures.testFailureWithPrimeSizedData(TestBlockOutputStreamWithFailures.java:658)
	at sun.reflect.NativeMethodAccessorImpl.invoke0(Native Method)
	at sun.reflect.NativeMethodAccessorImpl.invoke(NativeMethodAccessorImpl.java:62)
	at sun.reflect.DelegatingMethodAccessorImpl.invoke(DelegatingMethodAccessorImpl.java:43)
	at java.lang.reflect.Method.invoke(Method.java:498)
	at org.junit.runners.model.FrameworkMethod$1.runReflectiveCall(FrameworkMethod.java:47)
	at org.junit.internal.runners.model.ReflectiveCallable.run(ReflectiveCallable.java:12)
	at org.junit.runners.model.FrameworkMethod.invokeExplosively(FrameworkMethod.java:44)
	at org.junit.internal.runners.statements.InvokeMethod.evaluate(InvokeMethod.java:17)
	at org.junit.internal.runners.statements.RunBefores.evaluate(RunBefores.java:26)
	at org.junit.internal.runners.statements.RunAfters.evaluate(RunAfters.java:27)
	at org.junit.runners.ParentRunner.runLeaf(ParentRunner.java:271)
	at org.junit.runners.BlockJUnit4ClassRunner.runChild(BlockJUnit4ClassRunner.java:70)
	at org.junit.runners.BlockJUnit4ClassRunner.runChild(BlockJUnit4ClassRunner.java:50)
	at org.junit.runners.ParentRunner$3.run(ParentRunner.java:238)
	at org.junit.runners.ParentRunner$1.schedule(ParentRunner.java:63)
	at org.junit.runners.ParentRunner.runChildren(ParentRunner.java:236)
	at org.junit.runners.ParentRunner.access$000(ParentRunner.java:53)
	at org.junit.runners.ParentRunner$2.evaluate(ParentRunner.java:229)
	at org.junit.runners.ParentRunner.run(ParentRunner.java:309)
	at org.apache.maven.surefire.junit4.JUnit4Provider.execute(JUnit4Provider.java:365)
	at org.apache.maven.surefire.junit4.JUnit4Provider.executeWithRerun(JUnit4Provider.java:273)
	at org.apache.maven.surefire.junit4.JUnit4Provider.executeTestSet(JUnit4Provider.java:238)
	at org.apache.maven.surefire.junit4.JUnit4Provider.invoke(JUnit4Provider.java:159)
	at org.apache.maven.surefire.booter.ForkedBooter.invokeProviderInSameClassLoader(ForkedBooter.java:384)
	at org.apache.maven.surefire.booter.ForkedBooter.runSuitesInProcess(ForkedBooter.java:345)
	at org.apache.maven.surefire.booter.ForkedBooter.execute(ForkedBooter.java:126)
	at org.apache.maven.surefire.booter.ForkedBooter.main(ForkedBooter.java:418)
</error>
    <system-out><![CDATA[2019-07-14 11:07:36,998 WARN  server.ServerUtils (ServerUtils.java:getScmDbDir(145)) - ozone.scm.db.dirs is not configured. We recommend adding this setting. Falling back to ozone.metadata.dirs instead.
2019-07-14 11:07:37,024 WARN  server.ServerUtils (ServerUtils.java:getScmDbDir(145)) - ozone.scm.db.dirs is not configured. We recommend adding this setting. Falling back to ozone.metadata.dirs instead.
2019-07-14 11:07:37,024 WARN  server.ServerUtils (ServerUtils.java:getScmDbDir(145)) - ozone.scm.db.dirs is not configured. We recommend adding this setting. Falling back to ozone.metadata.dirs instead.
2019-07-14 11:07:37,025 INFO  db.DBStoreBuilder (DBStoreBuilder.java:addTable(110)) - using custom profile for table: deletedBlocks
2019-07-14 11:07:37,025 INFO  db.DBStoreBuilder (DBStoreBuilder.java:processTables(161)) - Using default column profile:DBProfile.DISK for Table:deletedBlocks
2019-07-14 11:07:37,025 INFO  db.DBStoreBuilder (DBStoreBuilder.java:addTable(110)) - using custom profile for table: validCerts
2019-07-14 11:07:37,025 INFO  db.DBStoreBuilder (DBStoreBuilder.java:processTables(161)) - Using default column profile:DBProfile.DISK for Table:validCerts
2019-07-14 11:07:37,026 INFO  db.DBStoreBuilder (DBStoreBuilder.java:addTable(110)) - using custom profile for table: revokedCerts
2019-07-14 11:07:37,026 INFO  db.DBStoreBuilder (DBStoreBuilder.java:processTables(161)) - Using default column profile:DBProfile.DISK for Table:revokedCerts
2019-07-14 11:07:37,026 INFO  db.DBStoreBuilder (DBStoreBuilder.java:addTable(110)) - using custom profile for table: default
2019-07-14 11:07:37,026 INFO  db.DBStoreBuilder (DBStoreBuilder.java:processTables(167)) - Using default column profile:DBProfile.DISK for Table:default
2019-07-14 11:07:37,027 INFO  db.DBStoreBuilder (DBStoreBuilder.java:getDbProfile(198)) - Using default options. DBProfile.DISK
2019-07-14 11:07:37,175 INFO  net.NodeSchemaLoader (NodeSchemaLoader.java:loadSchemaFromFile(125)) - Loading file from sun.misc.CompoundEnumeration@97842a0
2019-07-14 11:07:37,175 INFO  net.NodeSchemaLoader (NodeSchemaLoader.java:loadSchema(171)) - Loading network topology layer schema file
2019-07-14 11:07:37,181 INFO  node.SCMNodeManager (SCMNodeManager.java:<init>(119)) - Entering startup safe mode.
2019-07-14 11:07:37,182 WARN  server.ServerUtils (ServerUtils.java:getScmDbDir(145)) - ozone.scm.db.dirs is not configured. We recommend adding this setting. Falling back to ozone.metadata.dirs instead.
2019-07-14 11:07:37,230 INFO  pipeline.SCMPipelineManager (SCMPipelineManager.java:initializePipelineState(126)) - No pipeline exists in current db
2019-07-14 11:07:37,230 WARN  server.ServerUtils (ServerUtils.java:getScmDbDir(145)) - ozone.scm.db.dirs is not configured. We recommend adding this setting. Falling back to ozone.metadata.dirs instead.
2019-07-14 11:07:37,296 WARN  events.EventQueue (EventQueue.java:fireEvent(175)) - No event handler registered for event TypedEvent{payloadType=SafeModeStatus, name='SafeModeStatus'}
2019-07-14 11:07:37,297 INFO  ipc.CallQueueManager (CallQueueManager.java:<init>(84)) - Using callQueue: class java.util.concurrent.LinkedBlockingQueue, queueCapacity: 2000, scheduler: class org.apache.hadoop.ipc.DefaultRpcScheduler, ipcBackoff: false.
2019-07-14 11:07:37,298 INFO  ipc.Server (Server.java:run(1074)) - Starting Socket Reader #1 for port 45307
2019-07-14 11:07:37,300 INFO  ipc.CallQueueManager (CallQueueManager.java:<init>(84)) - Using callQueue: class java.util.concurrent.LinkedBlockingQueue, queueCapacity: 2000, scheduler: class org.apache.hadoop.ipc.DefaultRpcScheduler, ipcBackoff: false.
2019-07-14 11:07:37,301 INFO  ipc.Server (Server.java:run(1074)) - Starting Socket Reader #1 for port 41445
2019-07-14 11:07:37,303 INFO  ipc.CallQueueManager (CallQueueManager.java:<init>(84)) - Using callQueue: class java.util.concurrent.LinkedBlockingQueue, queueCapacity: 2000, scheduler: class org.apache.hadoop.ipc.DefaultRpcScheduler, ipcBackoff: false.
2019-07-14 11:07:37,304 INFO  ipc.Server (Server.java:run(1074)) - Starting Socket Reader #1 for port 43812
2019-07-14 11:07:37,307 INFO  hdfs.DFSUtil (DFSUtil.java:httpServerTemplateForNNAndJN(1641)) - Starting Web-server for scm at: http://0.0.0.0:0
2019-07-14 11:07:37,312 INFO  server.AuthenticationFilter (AuthenticationFilter.java:constructSecretProvider(240)) - Unable to initialize FileSignerSecretProvider, falling back to use random secrets.
2019-07-14 11:07:37,313 WARN  http.HttpRequestLog (HttpRequestLog.java:getRequestLog(97)) - Jetty request log can only be enabled using Log4j
2019-07-14 11:07:37,315 INFO  http.HttpServer2 (HttpServer2.java:addGlobalFilter(975)) - Added global filter 'safety' (class=org.apache.hadoop.http.HttpServer2$QuotingInputFilter)
2019-07-14 11:07:37,316 INFO  http.HttpServer2 (HttpServer2.java:addFilter(948)) - Added filter static_user_filter (class=org.apache.hadoop.http.lib.StaticUserWebFilter$StaticUserFilter) to context scm
2019-07-14 11:07:37,316 INFO  http.HttpServer2 (HttpServer2.java:addFilter(958)) - Added filter static_user_filter (class=org.apache.hadoop.http.lib.StaticUserWebFilter$StaticUserFilter) to context logs
2019-07-14 11:07:37,316 INFO  http.HttpServer2 (HttpServer2.java:addFilter(958)) - Added filter static_user_filter (class=org.apache.hadoop.http.lib.StaticUserWebFilter$StaticUserFilter) to context static
2019-07-14 11:07:37,318 INFO  server.StorageContainerManager (StorageContainerManager.java:start(759)) - StorageContainerLocationProtocol RPC server is listening at /0.0.0.0:43812
2019-07-14 11:07:37,321 WARN  impl.MetricsConfig (MetricsConfig.java:loadFirst(134)) - Cannot locate configuration: tried hadoop-metrics2-storagecontainermanager.properties,hadoop-metrics2.properties
2019-07-14 11:07:37,322 INFO  impl.MetricsSystemImpl (MetricsSystemImpl.java:startTimer(374)) - Scheduled Metric snapshot period at 10 second(s).
2019-07-14 11:07:37,322 INFO  impl.MetricsSystemImpl (MetricsSystemImpl.java:start(191)) - StorageContainerManager metrics system started
2019-07-14 11:07:37,388 INFO  server.SCMClientProtocolServer (SCMClientProtocolServer.java:start(149)) - RPC server for Client  is listening at /0.0.0.0:43812
2019-07-14 11:07:37,388 INFO  ipc.Server (Server.java:run(1314)) - IPC Server Responder: starting
2019-07-14 11:07:37,389 INFO  ipc.Server (Server.java:run(1153)) - IPC Server listener on 43812: starting
2019-07-14 11:07:37,394 INFO  server.StorageContainerManager (StorageContainerManager.java:start(768)) - ScmBlockLocationProtocol RPC server is listening at /0.0.0.0:41445
2019-07-14 11:07:37,394 INFO  server.SCMBlockProtocolServer (SCMBlockProtocolServer.java:start(140)) - RPC server for Block Protocol is listening at /0.0.0.0:41445
2019-07-14 11:07:37,394 INFO  ipc.Server (Server.java:run(1314)) - IPC Server Responder: starting
2019-07-14 11:07:37,396 INFO  ipc.Server (Server.java:run(1153)) - IPC Server listener on 41445: starting
2019-07-14 11:07:37,399 INFO  server.StorageContainerManager (StorageContainerManager.java:start(772)) - ScmDatanodeProtocl RPC server is listening at /0.0.0.0:45307
2019-07-14 11:07:37,399 INFO  server.SCMDatanodeProtocolServer (SCMDatanodeProtocolServer.java:start(191)) - RPC server for DataNodes is listening at /0.0.0.0:45307
2019-07-14 11:07:37,400 INFO  ipc.Server (Server.java:run(1314)) - IPC Server Responder: starting
2019-07-14 11:07:37,400 INFO  ipc.Server (Server.java:run(1153)) - IPC Server listener on 45307: starting
2019-07-14 11:07:37,405 INFO  http.HttpServer2 (HttpServer2.java:bindListener(1191)) - Jetty bound to port 33516
2019-07-14 11:07:37,405 INFO  server.Server (Server.java:doStart(351)) - jetty-9.3.24.v20180605, build timestamp: 2018-06-05T17:11:56Z, git hash: 84205aa28f11a4f31f2a3b86d1bba2cc8ab69827
2019-07-14 11:07:37,408 INFO  handler.ContextHandler (ContextHandler.java:doStart(781)) - Started o.e.j.s.ServletContextHandler@5bdfae42{/logs,file:///workdir/hadoop-ozone/integration-test/target/log,AVAILABLE}
2019-07-14 11:07:37,409 INFO  handler.ContextHandler (ContextHandler.java:doStart(781)) - Started o.e.j.s.ServletContextHandler@7a98f106{/static,file:///workdir/hadoop-ozone/integration-test/target/test-classes/webapps/static,AVAILABLE}
2019-07-14 11:07:37,414 INFO  handler.ContextHandler (ContextHandler.java:doStart(781)) - Started o.e.j.w.WebAppContext@57be0d93{/,file:///workdir/hadoop-ozone/integration-test/target/test-classes/webapps/scm/,AVAILABLE}{/scm}
2019-07-14 11:07:37,415 INFO  server.AbstractConnector (AbstractConnector.java:doStart(278)) - Started ServerConnector@3e02988{HTTP/1.1,[http/1.1]}{0.0.0.0:33516}
2019-07-14 11:07:37,416 INFO  server.Server (Server.java:doStart(419)) - Started @633285ms
2019-07-14 11:07:37,418 INFO  server.BaseHttpServer (BaseHttpServer.java:updateConnectorAddress(207)) - HTTP server of SCM is listening at http://0.0.0.0:33516
2019-07-14 11:07:37,418 WARN  server.ServerUtils (ServerUtils.java:getDBPath(222)) - ozone.om.db.dirs is not configured. We recommend adding this setting. Falling back to ozone.metadata.dirs instead.
2019-07-14 11:07:37,420 INFO  util.JvmPauseMonitor (JvmPauseMonitor.java:run(188)) - Starting JVM pause monitor
2019-07-14 11:07:37,433 WARN  server.ServerUtils (ServerUtils.java:getDBPath(222)) - ozone.om.db.dirs is not configured. We recommend adding this setting. Falling back to ozone.metadata.dirs instead.
2019-07-14 11:07:37,434 INFO  om.OzoneManager (OzoneManager.java:setOMNodeDetails(630)) - OM Service ID is not set. Setting it to the default ID: omServiceIdDefault
2019-07-14 11:07:37,434 INFO  om.OzoneManager (OzoneManager.java:setOMNodeDetails(636)) - OM Node ID is not set. Setting it to the OmStorage's OmID: faa023cd-1f7d-4d61-b93e-e7a527cf88b5
2019-07-14 11:07:37,434 INFO  om.OzoneManager (OzoneManager.java:loadOMHAConfigs(587)) - Found matching OM address with OMServiceId: null, OMNodeId: null, RPC Address: localhost:0 and Ratis port: 9872
2019-07-14 11:07:37,441 WARN  server.ServerUtils (ServerUtils.java:getDBPath(222)) - ozone.om.db.dirs is not configured. We recommend adding this setting. Falling back to ozone.metadata.dirs instead.
2019-07-14 11:07:37,441 INFO  db.DBStoreBuilder (DBStoreBuilder.java:addTable(110)) - using custom profile for table: userTable
2019-07-14 11:07:37,442 INFO  db.DBStoreBuilder (DBStoreBuilder.java:processTables(161)) - Using default column profile:DBProfile.DISK for Table:userTable
2019-07-14 11:07:37,442 INFO  db.DBStoreBuilder (DBStoreBuilder.java:addTable(110)) - using custom profile for table: volumeTable
2019-07-14 11:07:37,442 INFO  db.DBStoreBuilder (DBStoreBuilder.java:processTables(161)) - Using default column profile:DBProfile.DISK for Table:volumeTable
2019-07-14 11:07:37,442 INFO  db.DBStoreBuilder (DBStoreBuilder.java:addTable(110)) - using custom profile for table: bucketTable
2019-07-14 11:07:37,442 INFO  db.DBStoreBuilder (DBStoreBuilder.java:processTables(161)) - Using default column profile:DBProfile.DISK for Table:bucketTable
2019-07-14 11:07:37,442 INFO  db.DBStoreBuilder (DBStoreBuilder.java:addTable(110)) - using custom profile for table: keyTable
2019-07-14 11:07:37,443 INFO  db.DBStoreBuilder (DBStoreBuilder.java:processTables(161)) - Using default column profile:DBProfile.DISK for Table:keyTable
2019-07-14 11:07:37,443 INFO  db.DBStoreBuilder (DBStoreBuilder.java:addTable(110)) - using custom profile for table: deletedTable
2019-07-14 11:07:37,443 INFO  db.DBStoreBuilder (DBStoreBuilder.java:processTables(161)) - Using default column profile:DBProfile.DISK for Table:deletedTable
2019-07-14 11:07:37,443 INFO  db.DBStoreBuilder (DBStoreBuilder.java:addTable(110)) - using custom profile for table: openKeyTable
2019-07-14 11:07:37,443 INFO  db.DBStoreBuilder (DBStoreBuilder.java:processTables(161)) - Using default column profile:DBProfile.DISK for Table:openKeyTable
2019-07-14 11:07:37,443 INFO  db.DBStoreBuilder (DBStoreBuilder.java:addTable(110)) - using custom profile for table: s3Table
2019-07-14 11:07:37,444 INFO  db.DBStoreBuilder (DBStoreBuilder.java:processTables(161)) - Using default column profile:DBProfile.DISK for Table:s3Table
2019-07-14 11:07:37,444 INFO  db.DBStoreBuilder (DBStoreBuilder.java:addTable(110)) - using custom profile for table: multipartInfoTable
2019-07-14 11:07:37,444 INFO  db.DBStoreBuilder (DBStoreBuilder.java:processTables(161)) - Using default column profile:DBProfile.DISK for Table:multipartInfoTable
2019-07-14 11:07:37,444 INFO  db.DBStoreBuilder (DBStoreBuilder.java:addTable(110)) - using custom profile for table: dTokenTable
2019-07-14 11:07:37,444 INFO  db.DBStoreBuilder (DBStoreBuilder.java:processTables(161)) - Using default column profile:DBProfile.DISK for Table:dTokenTable
2019-07-14 11:07:37,444 INFO  db.DBStoreBuilder (DBStoreBuilder.java:addTable(110)) - using custom profile for table: s3SecretTable
2019-07-14 11:07:37,445 INFO  db.DBStoreBuilder (DBStoreBuilder.java:processTables(161)) - Using default column profile:DBProfile.DISK for Table:s3SecretTable
2019-07-14 11:07:37,445 INFO  db.DBStoreBuilder (DBStoreBuilder.java:addTable(110)) - using custom profile for table: prefixTable
2019-07-14 11:07:37,445 INFO  db.DBStoreBuilder (DBStoreBuilder.java:processTables(161)) - Using default column profile:DBProfile.DISK for Table:prefixTable
2019-07-14 11:07:37,445 INFO  db.DBStoreBuilder (DBStoreBuilder.java:addTable(110)) - using custom profile for table: default
2019-07-14 11:07:37,445 INFO  db.DBStoreBuilder (DBStoreBuilder.java:processTables(167)) - Using default column profile:DBProfile.DISK for Table:default
2019-07-14 11:07:37,445 INFO  db.DBStoreBuilder (DBStoreBuilder.java:getDbProfile(198)) - Using default options. DBProfile.DISK
2019-07-14 11:07:37,904 INFO  ipc.CallQueueManager (CallQueueManager.java:<init>(84)) - Using callQueue: class java.util.concurrent.LinkedBlockingQueue, queueCapacity: 2000, scheduler: class org.apache.hadoop.ipc.DefaultRpcScheduler, ipcBackoff: false.
2019-07-14 11:07:37,906 INFO  ipc.Server (Server.java:run(1074)) - Starting Socket Reader #1 for port 45480
2019-07-14 11:07:37,928 WARN  server.ServerUtils (ServerUtils.java:getDBPath(222)) - ozone.om.db.dirs is not configured. We recommend adding this setting. Falling back to ozone.metadata.dirs instead.
2019-07-14 11:07:37,928 INFO  om.OzoneManager (OzoneManager.java:start(1228)) - OzoneManager RPC server is listening at localhost/127.0.0.1:45480
2019-07-14 11:07:37,929 INFO  impl.MetricsSystemImpl (MetricsSystemImpl.java:init(158)) - OzoneManager metrics system started (again)
2019-07-14 11:07:37,929 INFO  ipc.Server (Server.java:run(1314)) - IPC Server Responder: starting
2019-07-14 11:07:37,930 INFO  ipc.Server (Server.java:run(1153)) - IPC Server listener on 45480: starting
2019-07-14 11:07:37,939 INFO  hdfs.DFSUtil (DFSUtil.java:httpServerTemplateForNNAndJN(1641)) - Starting Web-server for ozoneManager at: http://0.0.0.0:0
2019-07-14 11:07:37,941 INFO  server.AuthenticationFilter (AuthenticationFilter.java:constructSecretProvider(240)) - Unable to initialize FileSignerSecretProvider, falling back to use random secrets.
2019-07-14 11:07:37,942 WARN  http.HttpRequestLog (HttpRequestLog.java:getRequestLog(97)) - Jetty request log can only be enabled using Log4j
2019-07-14 11:07:37,944 INFO  http.HttpServer2 (HttpServer2.java:addGlobalFilter(975)) - Added global filter 'safety' (class=org.apache.hadoop.http.HttpServer2$QuotingInputFilter)
2019-07-14 11:07:37,945 INFO  http.HttpServer2 (HttpServer2.java:addFilter(948)) - Added filter static_user_filter (class=org.apache.hadoop.http.lib.StaticUserWebFilter$StaticUserFilter) to context ozoneManager
2019-07-14 11:07:37,945 INFO  http.HttpServer2 (HttpServer2.java:addFilter(958)) - Added filter static_user_filter (class=org.apache.hadoop.http.lib.StaticUserWebFilter$StaticUserFilter) to context logs
2019-07-14 11:07:37,945 INFO  http.HttpServer2 (HttpServer2.java:addFilter(958)) - Added filter static_user_filter (class=org.apache.hadoop.http.lib.StaticUserWebFilter$StaticUserFilter) to context static
2019-07-14 11:07:37,946 INFO  http.HttpServer2 (HttpServer2.java:bindListener(1191)) - Jetty bound to port 37399
2019-07-14 11:07:37,947 INFO  server.Server (Server.java:doStart(351)) - jetty-9.3.24.v20180605, build timestamp: 2018-06-05T17:11:56Z, git hash: 84205aa28f11a4f31f2a3b86d1bba2cc8ab69827
2019-07-14 11:07:37,949 INFO  handler.ContextHandler (ContextHandler.java:doStart(781)) - Started o.e.j.s.ServletContextHandler@2e1c3b8f{/logs,file:///workdir/hadoop-ozone/integration-test/target/log,AVAILABLE}
2019-07-14 11:07:37,950 INFO  handler.ContextHandler (ContextHandler.java:doStart(781)) - Started o.e.j.s.ServletContextHandler@348c00d9{/static,file:///workdir/hadoop-ozone/integration-test/target/test-classes/webapps/static,AVAILABLE}
2019-07-14 11:07:37,955 INFO  handler.ContextHandler (ContextHandler.java:doStart(781)) - Started o.e.j.w.WebAppContext@1201c2f6{/,file:///workdir/hadoop-ozone/integration-test/target/test-classes/webapps/ozoneManager/,AVAILABLE}{/ozoneManager}
2019-07-14 11:07:37,956 INFO  server.AbstractConnector (AbstractConnector.java:doStart(278)) - Started ServerConnector@cbf9cc1{HTTP/1.1,[http/1.1]}{0.0.0.0:37399}
2019-07-14 11:07:37,957 INFO  server.Server (Server.java:doStart(419)) - Started @633827ms
2019-07-14 11:07:37,958 INFO  server.BaseHttpServer (BaseHttpServer.java:updateConnectorAddress(207)) - HTTP server of OZONEMANAGER is listening at http://0.0.0.0:37399
2019-07-14 11:07:37,978 INFO  impl.MetricsSystemImpl (MetricsSystemImpl.java:init(158)) - HddsDatanode metrics system started (again)
2019-07-14 11:07:37,978 INFO  ozone.HddsDatanodeService (HddsDatanodeService.java:start(185)) - HddsDatanodeService host:trunk-nightly-fxmrv-2540794721 ip:192.168.157.209
2019-07-14 11:07:37,990 INFO  volume.HddsVolume (HddsVolume.java:<init>(176)) - Creating Volume: /workdir/hadoop-ozone/integration-test/target/test-dir/MiniOzoneClusterImpl-e441f628-3055-4976-9f22-cf1ee574003e/datanode-0/data/containers/hdds of  storage type : DISK and capacity : 52710309888
2019-07-14 11:07:37,991 INFO  volume.VolumeSet (VolumeSet.java:initializeVolumeSet(170)) - Added Volume : /workdir/hadoop-ozone/integration-test/target/test-dir/MiniOzoneClusterImpl-e441f628-3055-4976-9f22-cf1ee574003e/datanode-0/data/containers/hdds to VolumeSet
2019-07-14 11:07:37,991 INFO  volume.ThrottledAsyncChecker (ThrottledAsyncChecker.java:schedule(140)) - Scheduling a check for org.apache.hadoop.ozone.container.common.volume.HddsVolume@3bfbe2a6
2019-07-14 11:07:37,993 INFO  volume.HddsVolumeChecker (HddsVolumeChecker.java:checkAllVolumes(203)) - Scheduled health check for volume org.apache.hadoop.ozone.container.common.volume.HddsVolume@3bfbe2a6
2019-07-14 11:07:38,009 INFO  impl.RaftServerProxy (ConfUtils.java:logGet(43)) - raft.rpc.type = GRPC (default)
2019-07-14 11:07:38,009 INFO  grpc.GrpcFactory (GrpcFactory.java:checkPooledByteBufAllocatorUseCacheForAllThreads(45)) - PERFORMANCE WARNING: useCacheForAllThreads is true that may cause Netty to create a lot garbage objects and, as a result, trigger GC.
	It is recommended to disable useCacheForAllThreads by setting -Dorg.apache.ratis.thirdparty.io.netty.allocator.useCacheForAllThreads=false in command line.
2019-07-14 11:07:38,009 INFO  grpc.GrpcConfigKeys$Server (ConfUtils.java:logGet(43)) - raft.grpc.server.port = 0 (default)
2019-07-14 11:07:38,010 INFO  server.GrpcService (ConfUtils.java:logGet(43)) - raft.grpc.message.size.max = 33570816 (custom)
2019-07-14 11:07:38,010 INFO  server.RaftServerConfigKeys (ConfUtils.java:logGet(43)) - raft.server.log.appender.buffer.byte-limit = 33554432 (custom)
2019-07-14 11:07:38,010 INFO  server.GrpcService (ConfUtils.java:logGet(43)) - raft.grpc.flow.control.window = 1MB (=1048576) (default)
2019-07-14 11:07:38,010 INFO  server.RaftServerConfigKeys (ConfUtils.java:logGet(43)) - raft.server.rpc.request.timeout = 3000ms (default)
2019-07-14 11:07:38,011 INFO  server.RaftServerConfigKeys (ConfUtils.java:logGet(43)) - raft.server.storage.dir = [/workdir/hadoop-ozone/integration-test/target/test-dir/MiniOzoneClusterImpl-e441f628-3055-4976-9f22-cf1ee574003e/datanode-0/data/ratis] (custom)
2019-07-14 11:07:38,011 INFO  replication.SimpleContainerDownloader (SimpleContainerDownloader.java:<init>(72)) - Starting container downloader service to copy containers to replicate.
2019-07-14 11:07:38,012 INFO  hdfs.DFSUtil (DFSUtil.java:httpServerTemplateForNNAndJN(1641)) - Starting Web-server for hddsDatanode at: http://0.0.0.0:0
2019-07-14 11:07:38,014 INFO  server.AuthenticationFilter (AuthenticationFilter.java:constructSecretProvider(240)) - Unable to initialize FileSignerSecretProvider, falling back to use random secrets.
2019-07-14 11:07:38,014 WARN  http.HttpRequestLog (HttpRequestLog.java:getRequestLog(97)) - Jetty request log can only be enabled using Log4j
2019-07-14 11:07:38,016 INFO  http.HttpServer2 (HttpServer2.java:addGlobalFilter(975)) - Added global filter 'safety' (class=org.apache.hadoop.http.HttpServer2$QuotingInputFilter)
2019-07-14 11:07:38,016 INFO  http.HttpServer2 (HttpServer2.java:addFilter(948)) - Added filter static_user_filter (class=org.apache.hadoop.http.lib.StaticUserWebFilter$StaticUserFilter) to context hddsDatanode
2019-07-14 11:07:38,016 INFO  http.HttpServer2 (HttpServer2.java:addFilter(958)) - Added filter static_user_filter (class=org.apache.hadoop.http.lib.StaticUserWebFilter$StaticUserFilter) to context logs
2019-07-14 11:07:38,017 INFO  http.HttpServer2 (HttpServer2.java:addFilter(958)) - Added filter static_user_filter (class=org.apache.hadoop.http.lib.StaticUserWebFilter$StaticUserFilter) to context static
2019-07-14 11:07:38,017 INFO  http.HttpServer2 (HttpServer2.java:bindListener(1191)) - Jetty bound to port 40528
2019-07-14 11:07:38,017 INFO  server.Server (Server.java:doStart(351)) - jetty-9.3.24.v20180605, build timestamp: 2018-06-05T17:11:56Z, git hash: 84205aa28f11a4f31f2a3b86d1bba2cc8ab69827
2019-07-14 11:07:38,019 INFO  handler.ContextHandler (ContextHandler.java:doStart(781)) - Started o.e.j.s.ServletContextHandler@6e6c723b{/logs,file:///workdir/hadoop-ozone/integration-test/target/log,AVAILABLE}
2019-07-14 11:07:38,019 INFO  handler.ContextHandler (ContextHandler.java:doStart(781)) - Started o.e.j.s.ServletContextHandler@6e591c03{/static,jar:file:/home/user/.m2/repository/org/apache/hadoop/hadoop-hdds-container-service/0.5.0-SNAPSHOT/hadoop-hdds-container-service-0.5.0-SNAPSHOT.jar!/webapps/static,AVAILABLE}
2019-07-14 11:07:38,054 INFO  handler.ContextHandler (ContextHandler.java:doStart(781)) - Started o.e.j.w.WebAppContext@7d0bbc49{/,file:///tmp/jetty-0.0.0.0-40528-hddsDatanode-_-any-2373363325256457825.dir/webapp/,AVAILABLE}{/hddsDatanode}
2019-07-14 11:07:38,054 INFO  server.AbstractConnector (AbstractConnector.java:doStart(278)) - Started ServerConnector@7eb370c5{HTTP/1.1,[http/1.1]}{0.0.0.0:40528}
2019-07-14 11:07:38,054 INFO  server.Server (Server.java:doStart(419)) - Started @633924ms
2019-07-14 11:07:38,056 INFO  server.BaseHttpServer (BaseHttpServer.java:updateConnectorAddress(207)) - HTTP server of HDDSDATANODE is listening at http://0.0.0.0:40528
2019-07-14 11:07:38,163 INFO  ozone.HddsDatanodeService (HddsDatanodeService.java:startPlugins(396)) - Started plug-in org.apache.hadoop.ozone.web.OzoneHddsDatanodeService@14c06f50
2019-07-14 11:07:38,163 INFO  impl.MetricsSystemImpl (MetricsSystemImpl.java:init(158)) - HddsDatanode metrics system started (again)
2019-07-14 11:07:38,164 INFO  ozone.HddsDatanodeService (HddsDatanodeService.java:start(185)) - HddsDatanodeService host:trunk-nightly-fxmrv-2540794721 ip:192.168.157.209
2019-07-14 11:07:38,167 INFO  util.JvmPauseMonitor (JvmPauseMonitor.java:run(188)) - Starting JVM pause monitor
2019-07-14 11:07:38,169 INFO  datanode.InitDatanodeState (InitDatanodeState.java:persistContainerDatanodeDetails(140)) - DatanodeDetails is persisted to /workdir/hadoop-ozone/integration-test/target/test-dir/MiniOzoneClusterImpl-e441f628-3055-4976-9f22-cf1ee574003e/datanode-0/meta/datanode.id
2019-07-14 11:07:38,178 INFO  volume.HddsVolume (HddsVolume.java:<init>(176)) - Creating Volume: /workdir/hadoop-ozone/integration-test/target/test-dir/MiniOzoneClusterImpl-e441f628-3055-4976-9f22-cf1ee574003e/datanode-1/data/containers/hdds of  storage type : DISK and capacity : 52710309888
2019-07-14 11:07:38,178 INFO  volume.VolumeSet (VolumeSet.java:initializeVolumeSet(170)) - Added Volume : /workdir/hadoop-ozone/integration-test/target/test-dir/MiniOzoneClusterImpl-e441f628-3055-4976-9f22-cf1ee574003e/datanode-1/data/containers/hdds to VolumeSet
2019-07-14 11:07:38,178 INFO  volume.ThrottledAsyncChecker (ThrottledAsyncChecker.java:schedule(140)) - Scheduling a check for org.apache.hadoop.ozone.container.common.volume.HddsVolume@36b4cbb8
2019-07-14 11:07:38,179 INFO  volume.HddsVolumeChecker (HddsVolumeChecker.java:checkAllVolumes(203)) - Scheduled health check for volume org.apache.hadoop.ozone.container.common.volume.HddsVolume@36b4cbb8
2019-07-14 11:07:38,197 INFO  impl.RaftServerProxy (ConfUtils.java:logGet(43)) - raft.rpc.type = GRPC (default)
2019-07-14 11:07:38,197 INFO  grpc.GrpcFactory (GrpcFactory.java:checkPooledByteBufAllocatorUseCacheForAllThreads(45)) - PERFORMANCE WARNING: useCacheForAllThreads is true that may cause Netty to create a lot garbage objects and, as a result, trigger GC.
	It is recommended to disable useCacheForAllThreads by setting -Dorg.apache.ratis.thirdparty.io.netty.allocator.useCacheForAllThreads=false in command line.
2019-07-14 11:07:38,197 INFO  grpc.GrpcConfigKeys$Server (ConfUtils.java:logGet(43)) - raft.grpc.server.port = 0 (default)
2019-07-14 11:07:38,197 INFO  server.GrpcService (ConfUtils.java:logGet(43)) - raft.grpc.message.size.max = 33570816 (custom)
2019-07-14 11:07:38,197 INFO  server.RaftServerConfigKeys (ConfUtils.java:logGet(43)) - raft.server.log.appender.buffer.byte-limit = 33554432 (custom)
2019-07-14 11:07:38,198 INFO  server.GrpcService (ConfUtils.java:logGet(43)) - raft.grpc.flow.control.window = 1MB (=1048576) (default)
2019-07-14 11:07:38,198 INFO  server.RaftServerConfigKeys (ConfUtils.java:logGet(43)) - raft.server.rpc.request.timeout = 3000ms (default)
2019-07-14 11:07:38,198 INFO  server.RaftServerConfigKeys (ConfUtils.java:logGet(43)) - raft.server.storage.dir = [/workdir/hadoop-ozone/integration-test/target/test-dir/MiniOzoneClusterImpl-e441f628-3055-4976-9f22-cf1ee574003e/datanode-1/data/ratis] (custom)
2019-07-14 11:07:38,199 INFO  replication.SimpleContainerDownloader (SimpleContainerDownloader.java:<init>(72)) - Starting container downloader service to copy containers to replicate.
2019-07-14 11:07:38,200 INFO  hdfs.DFSUtil (DFSUtil.java:httpServerTemplateForNNAndJN(1641)) - Starting Web-server for hddsDatanode at: http://0.0.0.0:0
2019-07-14 11:07:38,201 INFO  server.AuthenticationFilter (AuthenticationFilter.java:constructSecretProvider(240)) - Unable to initialize FileSignerSecretProvider, falling back to use random secrets.
2019-07-14 11:07:38,201 WARN  http.HttpRequestLog (HttpRequestLog.java:getRequestLog(97)) - Jetty request log can only be enabled using Log4j
2019-07-14 11:07:38,202 INFO  http.HttpServer2 (HttpServer2.java:addGlobalFilter(975)) - Added global filter 'safety' (class=org.apache.hadoop.http.HttpServer2$QuotingInputFilter)
2019-07-14 11:07:38,202 INFO  http.HttpServer2 (HttpServer2.java:addFilter(948)) - Added filter static_user_filter (class=org.apache.hadoop.http.lib.StaticUserWebFilter$StaticUserFilter) to context hddsDatanode
2019-07-14 11:07:38,202 INFO  http.HttpServer2 (HttpServer2.java:addFilter(958)) - Added filter static_user_filter (class=org.apache.hadoop.http.lib.StaticUserWebFilter$StaticUserFilter) to context logs
2019-07-14 11:07:38,203 INFO  http.HttpServer2 (HttpServer2.java:addFilter(958)) - Added filter static_user_filter (class=org.apache.hadoop.http.lib.StaticUserWebFilter$StaticUserFilter) to context static
2019-07-14 11:07:38,203 INFO  http.HttpServer2 (HttpServer2.java:bindListener(1191)) - Jetty bound to port 39012
2019-07-14 11:07:38,203 INFO  server.Server (Server.java:doStart(351)) - jetty-9.3.24.v20180605, build timestamp: 2018-06-05T17:11:56Z, git hash: 84205aa28f11a4f31f2a3b86d1bba2cc8ab69827
2019-07-14 11:07:38,205 INFO  handler.ContextHandler (ContextHandler.java:doStart(781)) - Started o.e.j.s.ServletContextHandler@3bc82aa3{/logs,file:///workdir/hadoop-ozone/integration-test/target/log,AVAILABLE}
2019-07-14 11:07:38,205 INFO  handler.ContextHandler (ContextHandler.java:doStart(781)) - Started o.e.j.s.ServletContextHandler@1220969{/static,jar:file:/home/user/.m2/repository/org/apache/hadoop/hadoop-hdds-container-service/0.5.0-SNAPSHOT/hadoop-hdds-container-service-0.5.0-SNAPSHOT.jar!/webapps/static,AVAILABLE}
2019-07-14 11:07:38,231 INFO  handler.ContextHandler (ContextHandler.java:doStart(781)) - Started o.e.j.w.WebAppContext@567412db{/,file:///tmp/jetty-0.0.0.0-39012-hddsDatanode-_-any-174307831035781404.dir/webapp/,AVAILABLE}{/hddsDatanode}
2019-07-14 11:07:38,232 INFO  server.AbstractConnector (AbstractConnector.java:doStart(278)) - Started ServerConnector@4addfb95{HTTP/1.1,[http/1.1]}{0.0.0.0:39012}
2019-07-14 11:07:38,232 INFO  server.Server (Server.java:doStart(419)) - Started @634102ms
2019-07-14 11:07:38,234 INFO  server.BaseHttpServer (BaseHttpServer.java:updateConnectorAddress(207)) - HTTP server of HDDSDATANODE is listening at http://0.0.0.0:39012
2019-07-14 11:07:38,333 INFO  ozone.HddsDatanodeService (HddsDatanodeService.java:startPlugins(396)) - Started plug-in org.apache.hadoop.ozone.web.OzoneHddsDatanodeService@47c019d7
2019-07-14 11:07:38,333 INFO  impl.MetricsSystemImpl (MetricsSystemImpl.java:init(158)) - HddsDatanode metrics system started (again)
2019-07-14 11:07:38,336 INFO  ozone.HddsDatanodeService (HddsDatanodeService.java:start(185)) - HddsDatanodeService host:trunk-nightly-fxmrv-2540794721 ip:192.168.157.209
2019-07-14 11:07:38,337 INFO  util.JvmPauseMonitor (JvmPauseMonitor.java:run(188)) - Starting JVM pause monitor
2019-07-14 11:07:38,338 INFO  datanode.InitDatanodeState (InitDatanodeState.java:persistContainerDatanodeDetails(140)) - DatanodeDetails is persisted to /workdir/hadoop-ozone/integration-test/target/test-dir/MiniOzoneClusterImpl-e441f628-3055-4976-9f22-cf1ee574003e/datanode-1/meta/datanode.id
2019-07-14 11:07:38,348 INFO  volume.HddsVolume (HddsVolume.java:<init>(176)) - Creating Volume: /workdir/hadoop-ozone/integration-test/target/test-dir/MiniOzoneClusterImpl-e441f628-3055-4976-9f22-cf1ee574003e/datanode-2/data/containers/hdds of  storage type : DISK and capacity : 52710309888
2019-07-14 11:07:38,349 INFO  volume.VolumeSet (VolumeSet.java:initializeVolumeSet(170)) - Added Volume : /workdir/hadoop-ozone/integration-test/target/test-dir/MiniOzoneClusterImpl-e441f628-3055-4976-9f22-cf1ee574003e/datanode-2/data/containers/hdds to VolumeSet
2019-07-14 11:07:38,349 INFO  volume.ThrottledAsyncChecker (ThrottledAsyncChecker.java:schedule(140)) - Scheduling a check for org.apache.hadoop.ozone.container.common.volume.HddsVolume@5a4ceb1
2019-07-14 11:07:38,349 INFO  volume.HddsVolumeChecker (HddsVolumeChecker.java:checkAllVolumes(203)) - Scheduled health check for volume org.apache.hadoop.ozone.container.common.volume.HddsVolume@5a4ceb1
2019-07-14 11:07:38,365 INFO  impl.RaftServerProxy (ConfUtils.java:logGet(43)) - raft.rpc.type = GRPC (default)
2019-07-14 11:07:38,365 INFO  grpc.GrpcFactory (GrpcFactory.java:checkPooledByteBufAllocatorUseCacheForAllThreads(45)) - PERFORMANCE WARNING: useCacheForAllThreads is true that may cause Netty to create a lot garbage objects and, as a result, trigger GC.
	It is recommended to disable useCacheForAllThreads by setting -Dorg.apache.ratis.thirdparty.io.netty.allocator.useCacheForAllThreads=false in command line.
2019-07-14 11:07:38,365 INFO  grpc.GrpcConfigKeys$Server (ConfUtils.java:logGet(43)) - raft.grpc.server.port = 0 (default)
2019-07-14 11:07:38,366 INFO  server.GrpcService (ConfUtils.java:logGet(43)) - raft.grpc.message.size.max = 33570816 (custom)
2019-07-14 11:07:38,366 INFO  server.RaftServerConfigKeys (ConfUtils.java:logGet(43)) - raft.server.log.appender.buffer.byte-limit = 33554432 (custom)
2019-07-14 11:07:38,366 INFO  server.GrpcService (ConfUtils.java:logGet(43)) - raft.grpc.flow.control.window = 1MB (=1048576) (default)
2019-07-14 11:07:38,366 INFO  server.RaftServerConfigKeys (ConfUtils.java:logGet(43)) - raft.server.rpc.request.timeout = 3000ms (default)
2019-07-14 11:07:38,366 INFO  server.RaftServerConfigKeys (ConfUtils.java:logGet(43)) - raft.server.storage.dir = [/workdir/hadoop-ozone/integration-test/target/test-dir/MiniOzoneClusterImpl-e441f628-3055-4976-9f22-cf1ee574003e/datanode-2/data/ratis] (custom)
2019-07-14 11:07:38,367 INFO  replication.SimpleContainerDownloader (SimpleContainerDownloader.java:<init>(72)) - Starting container downloader service to copy containers to replicate.
2019-07-14 11:07:38,368 INFO  hdfs.DFSUtil (DFSUtil.java:httpServerTemplateForNNAndJN(1641)) - Starting Web-server for hddsDatanode at: http://0.0.0.0:0
2019-07-14 11:07:38,369 INFO  server.AuthenticationFilter (AuthenticationFilter.java:constructSecretProvider(240)) - Unable to initialize FileSignerSecretProvider, falling back to use random secrets.
2019-07-14 11:07:38,369 WARN  http.HttpRequestLog (HttpRequestLog.java:getRequestLog(97)) - Jetty request log can only be enabled using Log4j
2019-07-14 11:07:38,370 INFO  http.HttpServer2 (HttpServer2.java:addGlobalFilter(975)) - Added global filter 'safety' (class=org.apache.hadoop.http.HttpServer2$QuotingInputFilter)
2019-07-14 11:07:38,371 INFO  http.HttpServer2 (HttpServer2.java:addFilter(948)) - Added filter static_user_filter (class=org.apache.hadoop.http.lib.StaticUserWebFilter$StaticUserFilter) to context hddsDatanode
2019-07-14 11:07:38,371 INFO  http.HttpServer2 (HttpServer2.java:addFilter(958)) - Added filter static_user_filter (class=org.apache.hadoop.http.lib.StaticUserWebFilter$StaticUserFilter) to context static
2019-07-14 11:07:38,371 INFO  http.HttpServer2 (HttpServer2.java:addFilter(958)) - Added filter static_user_filter (class=org.apache.hadoop.http.lib.StaticUserWebFilter$StaticUserFilter) to context logs
2019-07-14 11:07:38,371 INFO  http.HttpServer2 (HttpServer2.java:bindListener(1191)) - Jetty bound to port 35912
2019-07-14 11:07:38,372 INFO  server.Server (Server.java:doStart(351)) - jetty-9.3.24.v20180605, build timestamp: 2018-06-05T17:11:56Z, git hash: 84205aa28f11a4f31f2a3b86d1bba2cc8ab69827
2019-07-14 11:07:38,373 INFO  handler.ContextHandler (ContextHandler.java:doStart(781)) - Started o.e.j.s.ServletContextHandler@7db57566{/logs,file:///workdir/hadoop-ozone/integration-test/target/log,AVAILABLE}
2019-07-14 11:07:38,373 INFO  handler.ContextHandler (ContextHandler.java:doStart(781)) - Started o.e.j.s.ServletContextHandler@5cb4e255{/static,jar:file:/home/user/.m2/repository/org/apache/hadoop/hadoop-hdds-container-service/0.5.0-SNAPSHOT/hadoop-hdds-container-service-0.5.0-SNAPSHOT.jar!/webapps/static,AVAILABLE}
2019-07-14 11:07:38,400 INFO  handler.ContextHandler (ContextHandler.java:doStart(781)) - Started o.e.j.w.WebAppContext@74940388{/,file:///tmp/jetty-0.0.0.0-35912-hddsDatanode-_-any-8563486861705176646.dir/webapp/,AVAILABLE}{/hddsDatanode}
2019-07-14 11:07:38,400 INFO  server.AbstractConnector (AbstractConnector.java:doStart(278)) - Started ServerConnector@1a2d9177{HTTP/1.1,[http/1.1]}{0.0.0.0:35912}
2019-07-14 11:07:38,400 INFO  server.Server (Server.java:doStart(419)) - Started @634270ms
2019-07-14 11:07:38,402 INFO  server.BaseHttpServer (BaseHttpServer.java:updateConnectorAddress(207)) - HTTP server of HDDSDATANODE is listening at http://0.0.0.0:35912
2019-07-14 11:07:38,501 INFO  ozone.HddsDatanodeService (HddsDatanodeService.java:startPlugins(396)) - Started plug-in org.apache.hadoop.ozone.web.OzoneHddsDatanodeService@23317e8a
2019-07-14 11:07:38,501 INFO  impl.MetricsSystemImpl (MetricsSystemImpl.java:init(158)) - HddsDatanode metrics system started (again)
2019-07-14 11:07:38,502 INFO  ozone.HddsDatanodeService (HddsDatanodeService.java:start(185)) - HddsDatanodeService host:trunk-nightly-fxmrv-2540794721 ip:192.168.157.209
2019-07-14 11:07:38,505 INFO  util.JvmPauseMonitor (JvmPauseMonitor.java:run(188)) - Starting JVM pause monitor
2019-07-14 11:07:38,507 INFO  datanode.InitDatanodeState (InitDatanodeState.java:persistContainerDatanodeDetails(140)) - DatanodeDetails is persisted to /workdir/hadoop-ozone/integration-test/target/test-dir/MiniOzoneClusterImpl-e441f628-3055-4976-9f22-cf1ee574003e/datanode-2/meta/datanode.id
2019-07-14 11:07:38,516 INFO  volume.HddsVolume (HddsVolume.java:<init>(176)) - Creating Volume: /workdir/hadoop-ozone/integration-test/target/test-dir/MiniOzoneClusterImpl-e441f628-3055-4976-9f22-cf1ee574003e/datanode-3/data/containers/hdds of  storage type : DISK and capacity : 52710309888
2019-07-14 11:07:38,516 INFO  volume.VolumeSet (VolumeSet.java:initializeVolumeSet(170)) - Added Volume : /workdir/hadoop-ozone/integration-test/target/test-dir/MiniOzoneClusterImpl-e441f628-3055-4976-9f22-cf1ee574003e/datanode-3/data/containers/hdds to VolumeSet
2019-07-14 11:07:38,516 INFO  volume.ThrottledAsyncChecker (ThrottledAsyncChecker.java:schedule(140)) - Scheduling a check for org.apache.hadoop.ozone.container.common.volume.HddsVolume@7ef706b0
2019-07-14 11:07:38,517 INFO  volume.HddsVolumeChecker (HddsVolumeChecker.java:checkAllVolumes(203)) - Scheduled health check for volume org.apache.hadoop.ozone.container.common.volume.HddsVolume@7ef706b0
2019-07-14 11:07:38,529 INFO  impl.RaftServerProxy (ConfUtils.java:logGet(43)) - raft.rpc.type = GRPC (default)
2019-07-14 11:07:38,529 INFO  grpc.GrpcFactory (GrpcFactory.java:checkPooledByteBufAllocatorUseCacheForAllThreads(45)) - PERFORMANCE WARNING: useCacheForAllThreads is true that may cause Netty to create a lot garbage objects and, as a result, trigger GC.
	It is recommended to disable useCacheForAllThreads by setting -Dorg.apache.ratis.thirdparty.io.netty.allocator.useCacheForAllThreads=false in command line.
2019-07-14 11:07:38,529 INFO  grpc.GrpcConfigKeys$Server (ConfUtils.java:logGet(43)) - raft.grpc.server.port = 0 (default)
2019-07-14 11:07:38,529 INFO  server.GrpcService (ConfUtils.java:logGet(43)) - raft.grpc.message.size.max = 33570816 (custom)
2019-07-14 11:07:38,530 INFO  server.RaftServerConfigKeys (ConfUtils.java:logGet(43)) - raft.server.log.appender.buffer.byte-limit = 33554432 (custom)
2019-07-14 11:07:38,530 INFO  server.GrpcService (ConfUtils.java:logGet(43)) - raft.grpc.flow.control.window = 1MB (=1048576) (default)
2019-07-14 11:07:38,530 INFO  server.RaftServerConfigKeys (ConfUtils.java:logGet(43)) - raft.server.rpc.request.timeout = 3000ms (default)
2019-07-14 11:07:38,530 INFO  server.RaftServerConfigKeys (ConfUtils.java:logGet(43)) - raft.server.storage.dir = [/workdir/hadoop-ozone/integration-test/target/test-dir/MiniOzoneClusterImpl-e441f628-3055-4976-9f22-cf1ee574003e/datanode-3/data/ratis] (custom)
2019-07-14 11:07:38,531 INFO  replication.SimpleContainerDownloader (SimpleContainerDownloader.java:<init>(72)) - Starting container downloader service to copy containers to replicate.
2019-07-14 11:07:38,532 INFO  hdfs.DFSUtil (DFSUtil.java:httpServerTemplateForNNAndJN(1641)) - Starting Web-server for hddsDatanode at: http://0.0.0.0:0
2019-07-14 11:07:38,533 INFO  server.AuthenticationFilter (AuthenticationFilter.java:constructSecretProvider(240)) - Unable to initialize FileSignerSecretProvider, falling back to use random secrets.
2019-07-14 11:07:38,533 WARN  http.HttpRequestLog (HttpRequestLog.java:getRequestLog(97)) - Jetty request log can only be enabled using Log4j
2019-07-14 11:07:38,534 INFO  http.HttpServer2 (HttpServer2.java:addGlobalFilter(975)) - Added global filter 'safety' (class=org.apache.hadoop.http.HttpServer2$QuotingInputFilter)
2019-07-14 11:07:38,534 INFO  http.HttpServer2 (HttpServer2.java:addFilter(948)) - Added filter static_user_filter (class=org.apache.hadoop.http.lib.StaticUserWebFilter$StaticUserFilter) to context hddsDatanode
2019-07-14 11:07:38,535 INFO  http.HttpServer2 (HttpServer2.java:addFilter(958)) - Added filter static_user_filter (class=org.apache.hadoop.http.lib.StaticUserWebFilter$StaticUserFilter) to context logs
2019-07-14 11:07:38,535 INFO  http.HttpServer2 (HttpServer2.java:addFilter(958)) - Added filter static_user_filter (class=org.apache.hadoop.http.lib.StaticUserWebFilter$StaticUserFilter) to context static
2019-07-14 11:07:38,535 INFO  http.HttpServer2 (HttpServer2.java:bindListener(1191)) - Jetty bound to port 40782
2019-07-14 11:07:38,535 INFO  server.Server (Server.java:doStart(351)) - jetty-9.3.24.v20180605, build timestamp: 2018-06-05T17:11:56Z, git hash: 84205aa28f11a4f31f2a3b86d1bba2cc8ab69827
2019-07-14 11:07:38,537 INFO  handler.ContextHandler (ContextHandler.java:doStart(781)) - Started o.e.j.s.ServletContextHandler@75a0e0c2{/logs,file:///workdir/hadoop-ozone/integration-test/target/log,AVAILABLE}
2019-07-14 11:07:38,537 INFO  handler.ContextHandler (ContextHandler.java:doStart(781)) - Started o.e.j.s.ServletContextHandler@66851c18{/static,jar:file:/home/user/.m2/repository/org/apache/hadoop/hadoop-hdds-container-service/0.5.0-SNAPSHOT/hadoop-hdds-container-service-0.5.0-SNAPSHOT.jar!/webapps/static,AVAILABLE}
2019-07-14 11:07:38,563 INFO  handler.ContextHandler (ContextHandler.java:doStart(781)) - Started o.e.j.w.WebAppContext@30130a31{/,file:///tmp/jetty-0.0.0.0-40782-hddsDatanode-_-any-8143903650830663440.dir/webapp/,AVAILABLE}{/hddsDatanode}
2019-07-14 11:07:38,563 INFO  server.AbstractConnector (AbstractConnector.java:doStart(278)) - Started ServerConnector@5aa0d535{HTTP/1.1,[http/1.1]}{0.0.0.0:40782}
2019-07-14 11:07:38,563 INFO  server.Server (Server.java:doStart(419)) - Started @634433ms
2019-07-14 11:07:38,565 INFO  server.BaseHttpServer (BaseHttpServer.java:updateConnectorAddress(207)) - HTTP server of HDDSDATANODE is listening at http://0.0.0.0:40782
2019-07-14 11:07:38,664 INFO  ozone.HddsDatanodeService (HddsDatanodeService.java:startPlugins(396)) - Started plug-in org.apache.hadoop.ozone.web.OzoneHddsDatanodeService@524250ec
2019-07-14 11:07:38,664 INFO  impl.MetricsSystemImpl (MetricsSystemImpl.java:init(158)) - HddsDatanode metrics system started (again)
2019-07-14 11:07:38,665 INFO  ozone.HddsDatanodeService (HddsDatanodeService.java:start(185)) - HddsDatanodeService host:trunk-nightly-fxmrv-2540794721 ip:192.168.157.209
2019-07-14 11:07:38,668 INFO  util.JvmPauseMonitor (JvmPauseMonitor.java:run(188)) - Starting JVM pause monitor
2019-07-14 11:07:38,670 INFO  datanode.InitDatanodeState (InitDatanodeState.java:persistContainerDatanodeDetails(140)) - DatanodeDetails is persisted to /workdir/hadoop-ozone/integration-test/target/test-dir/MiniOzoneClusterImpl-e441f628-3055-4976-9f22-cf1ee574003e/datanode-3/meta/datanode.id
2019-07-14 11:07:38,679 INFO  volume.HddsVolume (HddsVolume.java:<init>(176)) - Creating Volume: /workdir/hadoop-ozone/integration-test/target/test-dir/MiniOzoneClusterImpl-e441f628-3055-4976-9f22-cf1ee574003e/datanode-4/data/containers/hdds of  storage type : DISK and capacity : 52710309888
2019-07-14 11:07:38,679 INFO  volume.VolumeSet (VolumeSet.java:initializeVolumeSet(170)) - Added Volume : /workdir/hadoop-ozone/integration-test/target/test-dir/MiniOzoneClusterImpl-e441f628-3055-4976-9f22-cf1ee574003e/datanode-4/data/containers/hdds to VolumeSet
2019-07-14 11:07:38,680 INFO  volume.ThrottledAsyncChecker (ThrottledAsyncChecker.java:schedule(140)) - Scheduling a check for org.apache.hadoop.ozone.container.common.volume.HddsVolume@2f26634a
2019-07-14 11:07:38,680 INFO  volume.HddsVolumeChecker (HddsVolumeChecker.java:checkAllVolumes(203)) - Scheduled health check for volume org.apache.hadoop.ozone.container.common.volume.HddsVolume@2f26634a
2019-07-14 11:07:38,693 INFO  impl.RaftServerProxy (ConfUtils.java:logGet(43)) - raft.rpc.type = GRPC (default)
2019-07-14 11:07:38,694 INFO  grpc.GrpcFactory (GrpcFactory.java:checkPooledByteBufAllocatorUseCacheForAllThreads(45)) - PERFORMANCE WARNING: useCacheForAllThreads is true that may cause Netty to create a lot garbage objects and, as a result, trigger GC.
	It is recommended to disable useCacheForAllThreads by setting -Dorg.apache.ratis.thirdparty.io.netty.allocator.useCacheForAllThreads=false in command line.
2019-07-14 11:07:38,694 INFO  grpc.GrpcConfigKeys$Server (ConfUtils.java:logGet(43)) - raft.grpc.server.port = 0 (default)
2019-07-14 11:07:38,694 INFO  server.GrpcService (ConfUtils.java:logGet(43)) - raft.grpc.message.size.max = 33570816 (custom)
2019-07-14 11:07:38,694 INFO  server.RaftServerConfigKeys (ConfUtils.java:logGet(43)) - raft.server.log.appender.buffer.byte-limit = 33554432 (custom)
2019-07-14 11:07:38,694 INFO  server.GrpcService (ConfUtils.java:logGet(43)) - raft.grpc.flow.control.window = 1MB (=1048576) (default)
2019-07-14 11:07:38,695 INFO  server.RaftServerConfigKeys (ConfUtils.java:logGet(43)) - raft.server.rpc.request.timeout = 3000ms (default)
2019-07-14 11:07:38,695 INFO  server.RaftServerConfigKeys (ConfUtils.java:logGet(43)) - raft.server.storage.dir = [/workdir/hadoop-ozone/integration-test/target/test-dir/MiniOzoneClusterImpl-e441f628-3055-4976-9f22-cf1ee574003e/datanode-4/data/ratis] (custom)
2019-07-14 11:07:38,695 INFO  replication.SimpleContainerDownloader (SimpleContainerDownloader.java:<init>(72)) - Starting container downloader service to copy containers to replicate.
2019-07-14 11:07:38,696 INFO  hdfs.DFSUtil (DFSUtil.java:httpServerTemplateForNNAndJN(1641)) - Starting Web-server for hddsDatanode at: http://0.0.0.0:0
2019-07-14 11:07:38,697 INFO  server.AuthenticationFilter (AuthenticationFilter.java:constructSecretProvider(240)) - Unable to initialize FileSignerSecretProvider, falling back to use random secrets.
2019-07-14 11:07:38,698 WARN  http.HttpRequestLog (HttpRequestLog.java:getRequestLog(97)) - Jetty request log can only be enabled using Log4j
2019-07-14 11:07:38,699 INFO  http.HttpServer2 (HttpServer2.java:addGlobalFilter(975)) - Added global filter 'safety' (class=org.apache.hadoop.http.HttpServer2$QuotingInputFilter)
2019-07-14 11:07:38,699 INFO  http.HttpServer2 (HttpServer2.java:addFilter(948)) - Added filter static_user_filter (class=org.apache.hadoop.http.lib.StaticUserWebFilter$StaticUserFilter) to context hddsDatanode
2019-07-14 11:07:38,699 INFO  http.HttpServer2 (HttpServer2.java:addFilter(958)) - Added filter static_user_filter (class=org.apache.hadoop.http.lib.StaticUserWebFilter$StaticUserFilter) to context logs
2019-07-14 11:07:38,699 INFO  http.HttpServer2 (HttpServer2.java:addFilter(958)) - Added filter static_user_filter (class=org.apache.hadoop.http.lib.StaticUserWebFilter$StaticUserFilter) to context static
2019-07-14 11:07:38,700 INFO  http.HttpServer2 (HttpServer2.java:bindListener(1191)) - Jetty bound to port 34593
2019-07-14 11:07:38,700 INFO  server.Server (Server.java:doStart(351)) - jetty-9.3.24.v20180605, build timestamp: 2018-06-05T17:11:56Z, git hash: 84205aa28f11a4f31f2a3b86d1bba2cc8ab69827
2019-07-14 11:07:38,701 INFO  handler.ContextHandler (ContextHandler.java:doStart(781)) - Started o.e.j.s.ServletContextHandler@25c3a441{/logs,file:///workdir/hadoop-ozone/integration-test/target/log,AVAILABLE}
2019-07-14 11:07:38,702 INFO  handler.ContextHandler (ContextHandler.java:doStart(781)) - Started o.e.j.s.ServletContextHandler@52bef30b{/static,jar:file:/home/user/.m2/repository/org/apache/hadoop/hadoop-hdds-container-service/0.5.0-SNAPSHOT/hadoop-hdds-container-service-0.5.0-SNAPSHOT.jar!/webapps/static,AVAILABLE}
2019-07-14 11:07:38,728 INFO  handler.ContextHandler (ContextHandler.java:doStart(781)) - Started o.e.j.w.WebAppContext@a19fe87{/,file:///tmp/jetty-0.0.0.0-34593-hddsDatanode-_-any-9066008183815815399.dir/webapp/,AVAILABLE}{/hddsDatanode}
2019-07-14 11:07:38,728 INFO  server.AbstractConnector (AbstractConnector.java:doStart(278)) - Started ServerConnector@26aecf31{HTTP/1.1,[http/1.1]}{0.0.0.0:34593}
2019-07-14 11:07:38,730 INFO  server.Server (Server.java:doStart(419)) - Started @634598ms
2019-07-14 11:07:38,731 INFO  server.BaseHttpServer (BaseHttpServer.java:updateConnectorAddress(207)) - HTTP server of HDDSDATANODE is listening at http://0.0.0.0:34593
2019-07-14 11:07:39,011 INFO  ozone.HddsDatanodeService (HddsDatanodeService.java:startPlugins(396)) - Started plug-in org.apache.hadoop.ozone.web.OzoneHddsDatanodeService@6d89c923
2019-07-14 11:07:39,011 INFO  impl.MetricsSystemImpl (MetricsSystemImpl.java:init(158)) - HddsDatanode metrics system started (again)
2019-07-14 11:07:39,014 INFO  ozone.HddsDatanodeService (HddsDatanodeService.java:start(185)) - HddsDatanodeService host:trunk-nightly-fxmrv-2540794721 ip:192.168.157.209
2019-07-14 11:07:39,015 INFO  util.JvmPauseMonitor (JvmPauseMonitor.java:run(188)) - Starting JVM pause monitor
2019-07-14 11:07:39,017 INFO  datanode.InitDatanodeState (InitDatanodeState.java:persistContainerDatanodeDetails(140)) - DatanodeDetails is persisted to /workdir/hadoop-ozone/integration-test/target/test-dir/MiniOzoneClusterImpl-e441f628-3055-4976-9f22-cf1ee574003e/datanode-4/meta/datanode.id
2019-07-14 11:07:39,033 INFO  volume.HddsVolume (HddsVolume.java:<init>(176)) - Creating Volume: /workdir/hadoop-ozone/integration-test/target/test-dir/MiniOzoneClusterImpl-e441f628-3055-4976-9f22-cf1ee574003e/datanode-5/data/containers/hdds of  storage type : DISK and capacity : 52710309888
2019-07-14 11:07:39,033 INFO  volume.VolumeSet (VolumeSet.java:initializeVolumeSet(170)) - Added Volume : /workdir/hadoop-ozone/integration-test/target/test-dir/MiniOzoneClusterImpl-e441f628-3055-4976-9f22-cf1ee574003e/datanode-5/data/containers/hdds to VolumeSet
2019-07-14 11:07:39,034 INFO  volume.ThrottledAsyncChecker (ThrottledAsyncChecker.java:schedule(140)) - Scheduling a check for org.apache.hadoop.ozone.container.common.volume.HddsVolume@3abe8714
2019-07-14 11:07:39,034 INFO  volume.HddsVolumeChecker (HddsVolumeChecker.java:checkAllVolumes(203)) - Scheduled health check for volume org.apache.hadoop.ozone.container.common.volume.HddsVolume@3abe8714
2019-07-14 11:07:39,054 INFO  impl.RaftServerProxy (ConfUtils.java:logGet(43)) - raft.rpc.type = GRPC (default)
2019-07-14 11:07:39,054 INFO  grpc.GrpcFactory (GrpcFactory.java:checkPooledByteBufAllocatorUseCacheForAllThreads(45)) - PERFORMANCE WARNING: useCacheForAllThreads is true that may cause Netty to create a lot garbage objects and, as a result, trigger GC.
	It is recommended to disable useCacheForAllThreads by setting -Dorg.apache.ratis.thirdparty.io.netty.allocator.useCacheForAllThreads=false in command line.
2019-07-14 11:07:39,054 INFO  grpc.GrpcConfigKeys$Server (ConfUtils.java:logGet(43)) - raft.grpc.server.port = 0 (default)
2019-07-14 11:07:39,055 INFO  server.GrpcService (ConfUtils.java:logGet(43)) - raft.grpc.message.size.max = 33570816 (custom)
2019-07-14 11:07:39,055 INFO  server.RaftServerConfigKeys (ConfUtils.java:logGet(43)) - raft.server.log.appender.buffer.byte-limit = 33554432 (custom)
2019-07-14 11:07:39,055 INFO  server.GrpcService (ConfUtils.java:logGet(43)) - raft.grpc.flow.control.window = 1MB (=1048576) (default)
2019-07-14 11:07:39,055 INFO  server.RaftServerConfigKeys (ConfUtils.java:logGet(43)) - raft.server.rpc.request.timeout = 3000ms (default)
2019-07-14 11:07:39,056 INFO  server.RaftServerConfigKeys (ConfUtils.java:logGet(43)) - raft.server.storage.dir = [/workdir/hadoop-ozone/integration-test/target/test-dir/MiniOzoneClusterImpl-e441f628-3055-4976-9f22-cf1ee574003e/datanode-5/data/ratis] (custom)
2019-07-14 11:07:39,057 INFO  replication.SimpleContainerDownloader (SimpleContainerDownloader.java:<init>(72)) - Starting container downloader service to copy containers to replicate.
2019-07-14 11:07:39,058 INFO  hdfs.DFSUtil (DFSUtil.java:httpServerTemplateForNNAndJN(1641)) - Starting Web-server for hddsDatanode at: http://0.0.0.0:0
2019-07-14 11:07:39,060 INFO  server.AuthenticationFilter (AuthenticationFilter.java:constructSecretProvider(240)) - Unable to initialize FileSignerSecretProvider, falling back to use random secrets.
2019-07-14 11:07:39,060 WARN  http.HttpRequestLog (HttpRequestLog.java:getRequestLog(97)) - Jetty request log can only be enabled using Log4j
2019-07-14 11:07:39,062 INFO  http.HttpServer2 (HttpServer2.java:addGlobalFilter(975)) - Added global filter 'safety' (class=org.apache.hadoop.http.HttpServer2$QuotingInputFilter)
2019-07-14 11:07:39,062 INFO  http.HttpServer2 (HttpServer2.java:addFilter(948)) - Added filter static_user_filter (class=org.apache.hadoop.http.lib.StaticUserWebFilter$StaticUserFilter) to context hddsDatanode
2019-07-14 11:07:39,062 INFO  http.HttpServer2 (HttpServer2.java:addFilter(958)) - Added filter static_user_filter (class=org.apache.hadoop.http.lib.StaticUserWebFilter$StaticUserFilter) to context logs
2019-07-14 11:07:39,063 INFO  http.HttpServer2 (HttpServer2.java:addFilter(958)) - Added filter static_user_filter (class=org.apache.hadoop.http.lib.StaticUserWebFilter$StaticUserFilter) to context static
2019-07-14 11:07:39,063 INFO  http.HttpServer2 (HttpServer2.java:bindListener(1191)) - Jetty bound to port 33570
2019-07-14 11:07:39,064 INFO  server.Server (Server.java:doStart(351)) - jetty-9.3.24.v20180605, build timestamp: 2018-06-05T17:11:56Z, git hash: 84205aa28f11a4f31f2a3b86d1bba2cc8ab69827
2019-07-14 11:07:39,066 INFO  handler.ContextHandler (ContextHandler.java:doStart(781)) - Started o.e.j.s.ServletContextHandler@7bbc3b6e{/logs,file:///workdir/hadoop-ozone/integration-test/target/log,AVAILABLE}
2019-07-14 11:07:39,066 INFO  handler.ContextHandler (ContextHandler.java:doStart(781)) - Started o.e.j.s.ServletContextHandler@451e8bd0{/static,jar:file:/home/user/.m2/repository/org/apache/hadoop/hadoop-hdds-container-service/0.5.0-SNAPSHOT/hadoop-hdds-container-service-0.5.0-SNAPSHOT.jar!/webapps/static,AVAILABLE}
2019-07-14 11:07:39,104 INFO  handler.ContextHandler (ContextHandler.java:doStart(781)) - Started o.e.j.w.WebAppContext@6a7a8e1e{/,file:///tmp/jetty-0.0.0.0-33570-hddsDatanode-_-any-3075860942805245763.dir/webapp/,AVAILABLE}{/hddsDatanode}
2019-07-14 11:07:39,105 INFO  server.AbstractConnector (AbstractConnector.java:doStart(278)) - Started ServerConnector@39aa595{HTTP/1.1,[http/1.1]}{0.0.0.0:33570}
2019-07-14 11:07:39,106 INFO  server.Server (Server.java:doStart(419)) - Started @634975ms
2019-07-14 11:07:39,107 INFO  server.BaseHttpServer (BaseHttpServer.java:updateConnectorAddress(207)) - HTTP server of HDDSDATANODE is listening at http://0.0.0.0:33570
2019-07-14 11:07:39,208 INFO  ozone.HddsDatanodeService (HddsDatanodeService.java:startPlugins(396)) - Started plug-in org.apache.hadoop.ozone.web.OzoneHddsDatanodeService@5e3934db
2019-07-14 11:07:39,209 INFO  impl.MetricsSystemImpl (MetricsSystemImpl.java:init(158)) - HddsDatanode metrics system started (again)
2019-07-14 11:07:39,210 INFO  ozone.HddsDatanodeService (HddsDatanodeService.java:start(185)) - HddsDatanodeService host:trunk-nightly-fxmrv-2540794721 ip:192.168.157.209
2019-07-14 11:07:39,213 INFO  util.JvmPauseMonitor (JvmPauseMonitor.java:run(188)) - Starting JVM pause monitor
2019-07-14 11:07:39,214 INFO  datanode.InitDatanodeState (InitDatanodeState.java:persistContainerDatanodeDetails(140)) - DatanodeDetails is persisted to /workdir/hadoop-ozone/integration-test/target/test-dir/MiniOzoneClusterImpl-e441f628-3055-4976-9f22-cf1ee574003e/datanode-5/meta/datanode.id
2019-07-14 11:07:39,225 INFO  volume.HddsVolume (HddsVolume.java:<init>(176)) - Creating Volume: /workdir/hadoop-ozone/integration-test/target/test-dir/MiniOzoneClusterImpl-e441f628-3055-4976-9f22-cf1ee574003e/datanode-6/data/containers/hdds of  storage type : DISK and capacity : 52710309888
2019-07-14 11:07:39,225 INFO  volume.VolumeSet (VolumeSet.java:initializeVolumeSet(170)) - Added Volume : /workdir/hadoop-ozone/integration-test/target/test-dir/MiniOzoneClusterImpl-e441f628-3055-4976-9f22-cf1ee574003e/datanode-6/data/containers/hdds to VolumeSet
2019-07-14 11:07:39,225 INFO  volume.ThrottledAsyncChecker (ThrottledAsyncChecker.java:schedule(140)) - Scheduling a check for org.apache.hadoop.ozone.container.common.volume.HddsVolume@7326f323
2019-07-14 11:07:39,226 INFO  volume.HddsVolumeChecker (HddsVolumeChecker.java:checkAllVolumes(203)) - Scheduled health check for volume org.apache.hadoop.ozone.container.common.volume.HddsVolume@7326f323
2019-07-14 11:07:39,239 INFO  impl.RaftServerProxy (ConfUtils.java:logGet(43)) - raft.rpc.type = GRPC (default)
2019-07-14 11:07:39,240 INFO  grpc.GrpcFactory (GrpcFactory.java:checkPooledByteBufAllocatorUseCacheForAllThreads(45)) - PERFORMANCE WARNING: useCacheForAllThreads is true that may cause Netty to create a lot garbage objects and, as a result, trigger GC.
	It is recommended to disable useCacheForAllThreads by setting -Dorg.apache.ratis.thirdparty.io.netty.allocator.useCacheForAllThreads=false in command line.
2019-07-14 11:07:39,240 INFO  grpc.GrpcConfigKeys$Server (ConfUtils.java:logGet(43)) - raft.grpc.server.port = 0 (default)
2019-07-14 11:07:39,240 INFO  server.GrpcService (ConfUtils.java:logGet(43)) - raft.grpc.message.size.max = 33570816 (custom)
2019-07-14 11:07:39,240 INFO  server.RaftServerConfigKeys (ConfUtils.java:logGet(43)) - raft.server.log.appender.buffer.byte-limit = 33554432 (custom)
2019-07-14 11:07:39,240 INFO  server.GrpcService (ConfUtils.java:logGet(43)) - raft.grpc.flow.control.window = 1MB (=1048576) (default)
2019-07-14 11:07:39,240 INFO  server.RaftServerConfigKeys (ConfUtils.java:logGet(43)) - raft.server.rpc.request.timeout = 3000ms (default)
2019-07-14 11:07:39,241 INFO  server.RaftServerConfigKeys (ConfUtils.java:logGet(43)) - raft.server.storage.dir = [/workdir/hadoop-ozone/integration-test/target/test-dir/MiniOzoneClusterImpl-e441f628-3055-4976-9f22-cf1ee574003e/datanode-6/data/ratis] (custom)
2019-07-14 11:07:39,241 INFO  replication.SimpleContainerDownloader (SimpleContainerDownloader.java:<init>(72)) - Starting container downloader service to copy containers to replicate.
2019-07-14 11:07:39,242 INFO  hdfs.DFSUtil (DFSUtil.java:httpServerTemplateForNNAndJN(1641)) - Starting Web-server for hddsDatanode at: http://0.0.0.0:0
2019-07-14 11:07:39,243 INFO  server.AuthenticationFilter (AuthenticationFilter.java:constructSecretProvider(240)) - Unable to initialize FileSignerSecretProvider, falling back to use random secrets.
2019-07-14 11:07:39,244 WARN  http.HttpRequestLog (HttpRequestLog.java:getRequestLog(97)) - Jetty request log can only be enabled using Log4j
2019-07-14 11:07:39,245 INFO  http.HttpServer2 (HttpServer2.java:addGlobalFilter(975)) - Added global filter 'safety' (class=org.apache.hadoop.http.HttpServer2$QuotingInputFilter)
2019-07-14 11:07:39,245 INFO  http.HttpServer2 (HttpServer2.java:addFilter(948)) - Added filter static_user_filter (class=org.apache.hadoop.http.lib.StaticUserWebFilter$StaticUserFilter) to context hddsDatanode
2019-07-14 11:07:39,245 INFO  http.HttpServer2 (HttpServer2.java:addFilter(958)) - Added filter static_user_filter (class=org.apache.hadoop.http.lib.StaticUserWebFilter$StaticUserFilter) to context logs
2019-07-14 11:07:39,245 INFO  http.HttpServer2 (HttpServer2.java:addFilter(958)) - Added filter static_user_filter (class=org.apache.hadoop.http.lib.StaticUserWebFilter$StaticUserFilter) to context static
2019-07-14 11:07:39,246 INFO  http.HttpServer2 (HttpServer2.java:bindListener(1191)) - Jetty bound to port 33947
2019-07-14 11:07:39,246 INFO  server.Server (Server.java:doStart(351)) - jetty-9.3.24.v20180605, build timestamp: 2018-06-05T17:11:56Z, git hash: 84205aa28f11a4f31f2a3b86d1bba2cc8ab69827
2019-07-14 11:07:39,247 INFO  handler.ContextHandler (ContextHandler.java:doStart(781)) - Started o.e.j.s.ServletContextHandler@6e48dc84{/logs,file:///workdir/hadoop-ozone/integration-test/target/log,AVAILABLE}
2019-07-14 11:07:39,248 INFO  handler.ContextHandler (ContextHandler.java:doStart(781)) - Started o.e.j.s.ServletContextHandler@2449dff5{/static,jar:file:/home/user/.m2/repository/org/apache/hadoop/hadoop-hdds-container-service/0.5.0-SNAPSHOT/hadoop-hdds-container-service-0.5.0-SNAPSHOT.jar!/webapps/static,AVAILABLE}
2019-07-14 11:07:39,274 INFO  handler.ContextHandler (ContextHandler.java:doStart(781)) - Started o.e.j.w.WebAppContext@12515d64{/,file:///tmp/jetty-0.0.0.0-33947-hddsDatanode-_-any-4798552331769564992.dir/webapp/,AVAILABLE}{/hddsDatanode}
2019-07-14 11:07:39,274 INFO  server.AbstractConnector (AbstractConnector.java:doStart(278)) - Started ServerConnector@73193fe0{HTTP/1.1,[http/1.1]}{0.0.0.0:33947}
2019-07-14 11:07:39,274 INFO  server.Server (Server.java:doStart(419)) - Started @635144ms
2019-07-14 11:07:39,276 INFO  server.BaseHttpServer (BaseHttpServer.java:updateConnectorAddress(207)) - HTTP server of HDDSDATANODE is listening at http://0.0.0.0:33947
2019-07-14 11:07:39,374 INFO  ozone.HddsDatanodeService (HddsDatanodeService.java:startPlugins(396)) - Started plug-in org.apache.hadoop.ozone.web.OzoneHddsDatanodeService@40f40221
2019-07-14 11:07:39,375 INFO  ozone.MiniOzoneClusterImpl (MiniOzoneClusterImpl.java:lambda$waitForClusterToBeReady$0(142)) - Waiting for cluster to be ready. Got 0 of 7 DN Heartbeats.
2019-07-14 11:07:39,379 INFO  util.JvmPauseMonitor (JvmPauseMonitor.java:run(188)) - Starting JVM pause monitor
2019-07-14 11:07:39,380 INFO  datanode.InitDatanodeState (InitDatanodeState.java:persistContainerDatanodeDetails(140)) - DatanodeDetails is persisted to /workdir/hadoop-ozone/integration-test/target/test-dir/MiniOzoneClusterImpl-e441f628-3055-4976-9f22-cf1ee574003e/datanode-6/meta/datanode.id
2019-07-14 11:07:40,199 INFO  ozoneimpl.OzoneContainer (OzoneContainer.java:start(186)) - Attempting to start container services.
2019-07-14 11:07:40,202 INFO  ozoneimpl.OzoneContainer (OzoneContainer.java:startContainerScrub(160)) - Background container scrubber has been disabled by hdds.containerscrub.enabled
2019-07-14 11:07:40,203 INFO  ratis.XceiverServerRatis (XceiverServerRatis.java:start(418)) - Starting XceiverServerRatis 46cbccf6-8abf-4dc0-9606-2ec792ae2ced at port 0
2019-07-14 11:07:40,210 INFO  impl.RaftServerProxy (RaftServerProxy.java:lambda$start$3(299)) - 46cbccf6-8abf-4dc0-9606-2ec792ae2ced: start RPC server
2019-07-14 11:07:40,212 INFO  server.GrpcService (GrpcService.java:startImpl(149)) - 46cbccf6-8abf-4dc0-9606-2ec792ae2ced: GrpcService started, listening on 0.0.0.0/0.0.0.0:33325
2019-07-14 11:07:40,212 INFO  ratis.XceiverServerRatis (XceiverServerRatis.java:start(428)) - XceiverServerRatis 46cbccf6-8abf-4dc0-9606-2ec792ae2ced is started using port 33325
2019-07-14 11:07:40,212 INFO  server.XceiverServerGrpc (XceiverServerGrpc.java:start(161)) - XceiverServerGrpc 46cbccf6-8abf-4dc0-9606-2ec792ae2ced is started using port 45291
2019-07-14 11:07:40,353 INFO  ozoneimpl.OzoneContainer (OzoneContainer.java:start(186)) - Attempting to start container services.
2019-07-14 11:07:40,356 INFO  ozoneimpl.OzoneContainer (OzoneContainer.java:startContainerScrub(160)) - Background container scrubber has been disabled by hdds.containerscrub.enabled
2019-07-14 11:07:40,356 INFO  ratis.XceiverServerRatis (XceiverServerRatis.java:start(418)) - Starting XceiverServerRatis 5a30284b-95a7-4750-9a97-25838f7cc2d2 at port 0
2019-07-14 11:07:40,364 INFO  impl.RaftServerProxy (RaftServerProxy.java:lambda$start$3(299)) - 5a30284b-95a7-4750-9a97-25838f7cc2d2: start RPC server
2019-07-14 11:07:40,372 INFO  server.GrpcService (GrpcService.java:startImpl(149)) - 5a30284b-95a7-4750-9a97-25838f7cc2d2: GrpcService started, listening on 0.0.0.0/0.0.0.0:42168
2019-07-14 11:07:40,372 INFO  ratis.XceiverServerRatis (XceiverServerRatis.java:start(428)) - XceiverServerRatis 5a30284b-95a7-4750-9a97-25838f7cc2d2 is started using port 42168
2019-07-14 11:07:40,374 INFO  server.XceiverServerGrpc (XceiverServerGrpc.java:start(161)) - XceiverServerGrpc 5a30284b-95a7-4750-9a97-25838f7cc2d2 is started using port 38400
2019-07-14 11:07:40,375 INFO  ozone.MiniOzoneClusterImpl (MiniOzoneClusterImpl.java:lambda$waitForClusterToBeReady$0(142)) - Waiting for cluster to be ready. Got 0 of 7 DN Heartbeats.
2019-07-14 11:07:40,519 INFO  ozoneimpl.OzoneContainer (OzoneContainer.java:start(186)) - Attempting to start container services.
2019-07-14 11:07:40,525 INFO  ozoneimpl.OzoneContainer (OzoneContainer.java:startContainerScrub(160)) - Background container scrubber has been disabled by hdds.containerscrub.enabled
2019-07-14 11:07:40,525 INFO  ratis.XceiverServerRatis (XceiverServerRatis.java:start(418)) - Starting XceiverServerRatis 4ddaf116-ef27-4abd-8bd4-7af3c402b258 at port 0
2019-07-14 11:07:40,533 INFO  impl.RaftServerProxy (RaftServerProxy.java:lambda$start$3(299)) - 4ddaf116-ef27-4abd-8bd4-7af3c402b258: start RPC server
2019-07-14 11:07:40,533 INFO  server.GrpcService (GrpcService.java:startImpl(149)) - 4ddaf116-ef27-4abd-8bd4-7af3c402b258: GrpcService started, listening on 0.0.0.0/0.0.0.0:39868
2019-07-14 11:07:40,534 INFO  ratis.XceiverServerRatis (XceiverServerRatis.java:start(428)) - XceiverServerRatis 4ddaf116-ef27-4abd-8bd4-7af3c402b258 is started using port 39868
2019-07-14 11:07:40,540 INFO  server.XceiverServerGrpc (XceiverServerGrpc.java:start(161)) - XceiverServerGrpc 4ddaf116-ef27-4abd-8bd4-7af3c402b258 is started using port 44195
2019-07-14 11:07:40,681 INFO  ozoneimpl.OzoneContainer (OzoneContainer.java:start(186)) - Attempting to start container services.
2019-07-14 11:07:40,682 INFO  ozoneimpl.OzoneContainer (OzoneContainer.java:startContainerScrub(160)) - Background container scrubber has been disabled by hdds.containerscrub.enabled
2019-07-14 11:07:40,682 INFO  ratis.XceiverServerRatis (XceiverServerRatis.java:start(418)) - Starting XceiverServerRatis 5971a380-3faa-4fbf-9d4e-fbebc277ff56 at port 0
2019-07-14 11:07:40,690 INFO  impl.RaftServerProxy (RaftServerProxy.java:lambda$start$3(299)) - 5971a380-3faa-4fbf-9d4e-fbebc277ff56: start RPC server
2019-07-14 11:07:40,690 INFO  server.GrpcService (GrpcService.java:startImpl(149)) - 5971a380-3faa-4fbf-9d4e-fbebc277ff56: GrpcService started, listening on 0.0.0.0/0.0.0.0:36605
2019-07-14 11:07:40,691 INFO  ratis.XceiverServerRatis (XceiverServerRatis.java:start(428)) - XceiverServerRatis 5971a380-3faa-4fbf-9d4e-fbebc277ff56 is started using port 36605
2019-07-14 11:07:40,693 INFO  server.XceiverServerGrpc (XceiverServerGrpc.java:start(161)) - XceiverServerGrpc 5971a380-3faa-4fbf-9d4e-fbebc277ff56 is started using port 38079
2019-07-14 11:07:41,029 INFO  ozoneimpl.OzoneContainer (OzoneContainer.java:start(186)) - Attempting to start container services.
2019-07-14 11:07:41,029 INFO  ozoneimpl.OzoneContainer (OzoneContainer.java:startContainerScrub(160)) - Background container scrubber has been disabled by hdds.containerscrub.enabled
2019-07-14 11:07:41,029 INFO  ratis.XceiverServerRatis (XceiverServerRatis.java:start(418)) - Starting XceiverServerRatis 934adac8-c3af-43b3-8b4c-a41ff868ac75 at port 0
2019-07-14 11:07:41,037 INFO  impl.RaftServerProxy (RaftServerProxy.java:lambda$start$3(299)) - 934adac8-c3af-43b3-8b4c-a41ff868ac75: start RPC server
2019-07-14 11:07:41,038 INFO  server.GrpcService (GrpcService.java:startImpl(149)) - 934adac8-c3af-43b3-8b4c-a41ff868ac75: GrpcService started, listening on 0.0.0.0/0.0.0.0:41684
2019-07-14 11:07:41,038 INFO  ratis.XceiverServerRatis (XceiverServerRatis.java:start(428)) - XceiverServerRatis 934adac8-c3af-43b3-8b4c-a41ff868ac75 is started using port 41684
2019-07-14 11:07:41,039 INFO  server.XceiverServerGrpc (XceiverServerGrpc.java:start(161)) - XceiverServerGrpc 934adac8-c3af-43b3-8b4c-a41ff868ac75 is started using port 37701
2019-07-14 11:07:41,228 INFO  ozoneimpl.OzoneContainer (OzoneContainer.java:start(186)) - Attempting to start container services.
2019-07-14 11:07:41,228 INFO  ozoneimpl.OzoneContainer (OzoneContainer.java:startContainerScrub(160)) - Background container scrubber has been disabled by hdds.containerscrub.enabled
2019-07-14 11:07:41,228 INFO  ratis.XceiverServerRatis (XceiverServerRatis.java:start(418)) - Starting XceiverServerRatis 007896fc-8c18-4e3c-bcdc-868b62719fd3 at port 0
2019-07-14 11:07:41,236 INFO  impl.RaftServerProxy (RaftServerProxy.java:lambda$start$3(299)) - 007896fc-8c18-4e3c-bcdc-868b62719fd3: start RPC server
2019-07-14 11:07:41,237 INFO  server.GrpcService (GrpcService.java:startImpl(149)) - 007896fc-8c18-4e3c-bcdc-868b62719fd3: GrpcService started, listening on 0.0.0.0/0.0.0.0:40822
2019-07-14 11:07:41,237 INFO  ratis.XceiverServerRatis (XceiverServerRatis.java:start(428)) - XceiverServerRatis 007896fc-8c18-4e3c-bcdc-868b62719fd3 is started using port 40822
2019-07-14 11:07:41,240 INFO  server.XceiverServerGrpc (XceiverServerGrpc.java:start(161)) - XceiverServerGrpc 007896fc-8c18-4e3c-bcdc-868b62719fd3 is started using port 37788
2019-07-14 11:07:41,375 INFO  ozone.MiniOzoneClusterImpl (MiniOzoneClusterImpl.java:lambda$waitForClusterToBeReady$0(142)) - Waiting for cluster to be ready. Got 0 of 7 DN Heartbeats.
2019-07-14 11:07:41,393 INFO  ozoneimpl.OzoneContainer (OzoneContainer.java:start(186)) - Attempting to start container services.
2019-07-14 11:07:41,393 INFO  ozoneimpl.OzoneContainer (OzoneContainer.java:startContainerScrub(160)) - Background container scrubber has been disabled by hdds.containerscrub.enabled
2019-07-14 11:07:41,393 INFO  ratis.XceiverServerRatis (XceiverServerRatis.java:start(418)) - Starting XceiverServerRatis 8ef554fb-ac1b-43ef-bb0d-dc59425b58f1 at port 0
2019-07-14 11:07:41,401 INFO  impl.RaftServerProxy (RaftServerProxy.java:lambda$start$3(299)) - 8ef554fb-ac1b-43ef-bb0d-dc59425b58f1: start RPC server
2019-07-14 11:07:41,402 INFO  server.GrpcService (GrpcService.java:startImpl(149)) - 8ef554fb-ac1b-43ef-bb0d-dc59425b58f1: GrpcService started, listening on 0.0.0.0/0.0.0.0:44065
2019-07-14 11:07:41,402 INFO  ratis.XceiverServerRatis (XceiverServerRatis.java:start(428)) - XceiverServerRatis 8ef554fb-ac1b-43ef-bb0d-dc59425b58f1 is started using port 44065
2019-07-14 11:07:41,402 INFO  server.XceiverServerGrpc (XceiverServerGrpc.java:start(161)) - XceiverServerGrpc 8ef554fb-ac1b-43ef-bb0d-dc59425b58f1 is started using port 38512
2019-07-14 11:07:42,173 INFO  net.NetworkTopology (NetworkTopologyImpl.java:add(110)) - Added a new node: /default-rack/192.168.157.209
2019-07-14 11:07:42,176 INFO  node.SCMNodeManager (SCMNodeManager.java:register(269)) - Registered Data node : 46cbccf6-8abf-4dc0-9606-2ec792ae2ced{ip: 192.168.157.209, host: trunk-nightly-fxmrv-2540794721, networkLocation: /default-rack, certSerialId: null}
2019-07-14 11:07:42,177 INFO  safemode.SCMSafeModeManager (DataNodeSafeModeRule.java:process(71)) - SCM in safe mode. 1 DataNodes registered, 1 required.
2019-07-14 11:07:42,180 INFO  safemode.SCMSafeModeManager (SCMSafeModeManager.java:validateSafeModeExitRules(177)) - ScmSafeModeManager, all rules are successfully validated
2019-07-14 11:07:42,180 INFO  safemode.SCMSafeModeManager (SCMSafeModeManager.java:exitSafeMode(193)) - SCM exiting safe mode.
2019-07-14 11:07:42,194 INFO  impl.RaftServerProxy (RaftServerProxy.java:addNew(89)) - 46cbccf6-8abf-4dc0-9606-2ec792ae2ced: addNew group-98510EA2FA77:[46cbccf6-8abf-4dc0-9606-2ec792ae2ced:192.168.157.209:33325] returns group-98510EA2FA77:java.util.concurrent.CompletableFuture@1a433de2[Not completed]
2019-07-14 11:07:42,196 INFO  impl.RaftServerImpl (RaftServerImpl.java:<init>(93)) - 46cbccf6-8abf-4dc0-9606-2ec792ae2ced: new RaftServerImpl for group-98510EA2FA77:[46cbccf6-8abf-4dc0-9606-2ec792ae2ced:192.168.157.209:33325] with ContainerStateMachine:uninitialized
2019-07-14 11:07:42,196 INFO  server.RaftServerConfigKeys (ConfUtils.java:logGet(43)) - raft.server.rpc.timeout.min = 5s (custom)
2019-07-14 11:07:42,196 INFO  server.RaftServerConfigKeys (ConfUtils.java:logGet(43)) - raft.server.rpc.timeout.max = 5200ms (custom)
2019-07-14 11:07:42,196 INFO  server.RaftServerConfigKeys (ConfUtils.java:logGet(43)) - raft.server.rpcslowness.timeout = 120s (custom)
2019-07-14 11:07:42,196 INFO  server.RaftServerConfigKeys (ConfUtils.java:logGet(43)) - raft.server.sleep.deviation.threshold = 300 (default)
2019-07-14 11:07:42,196 INFO  server.RaftServerConfigKeys (ConfUtils.java:logGet(43)) - raft.server.log.appender.install.snapshot.enabled = false (custom)
2019-07-14 11:07:42,196 INFO  impl.RaftServerImpl (ServerState.java:<init>(105)) - 46cbccf6-8abf-4dc0-9606-2ec792ae2ced:group-98510EA2FA77 ConfigurationManager, init=-1: [46cbccf6-8abf-4dc0-9606-2ec792ae2ced:192.168.157.209:33325], old=null, confs=<EMPTY_MAP>
2019-07-14 11:07:42,197 INFO  server.RaftServerConfigKeys (ConfUtils.java:logGet(43)) - raft.server.storage.dir = [/workdir/hadoop-ozone/integration-test/target/test-dir/MiniOzoneClusterImpl-e441f628-3055-4976-9f22-cf1ee574003e/datanode-0/data/ratis] (custom)
2019-07-14 11:07:42,197 INFO  storage.RaftStorageDirectory (RaftStorageDirectory.java:analyzeStorage(246)) - The storage directory /workdir/hadoop-ozone/integration-test/target/test-dir/MiniOzoneClusterImpl-e441f628-3055-4976-9f22-cf1ee574003e/datanode-0/data/ratis/eac0714d-5d50-4492-a69a-98510ea2fa77 does not exist. Creating ...
2019-07-14 11:07:42,210 INFO  storage.RaftStorageDirectory (RaftStorageDirectory.java:tryLock(328)) - Lock on /workdir/hadoop-ozone/integration-test/target/test-dir/MiniOzoneClusterImpl-e441f628-3055-4976-9f22-cf1ee574003e/datanode-0/data/ratis/eac0714d-5d50-4492-a69a-98510ea2fa77/in_use.lock acquired by nodename 22243@trunk-nightly-fxmrv-2540794721
2019-07-14 11:07:42,223 INFO  storage.RaftStorage (RaftStorage.java:format(72)) - Storage directory /workdir/hadoop-ozone/integration-test/target/test-dir/MiniOzoneClusterImpl-e441f628-3055-4976-9f22-cf1ee574003e/datanode-0/data/ratis/eac0714d-5d50-4492-a69a-98510ea2fa77 has been successfully formatted.
2019-07-14 11:07:42,223 INFO  ratis.ContainerStateMachine (ContainerStateMachine.java:loadSnapshot(200)) - group-98510EA2FA77: The snapshot info is null. Setting the last applied indexto:(t:0, i:~)
2019-07-14 11:07:42,224 INFO  server.RaftServerConfigKeys (ConfUtils.java:logGet(43)) - raft.server.leader.election.timeout = 120s (custom)
2019-07-14 11:07:42,224 INFO  server.RaftServerConfigKeys (ConfUtils.java:logGet(43)) - raft.server.log.use.memory = false (default)
2019-07-14 11:07:42,224 INFO  server.RaftServerConfigKeys (ConfUtils.java:logGet(43)) - raft.server.log.purge.gap = 1000000000 (custom)
2019-07-14 11:07:42,224 INFO  server.RaftServerConfigKeys (ConfUtils.java:logGet(43)) - raft.server.log.appender.buffer.byte-limit = 33554432 (custom)
2019-07-14 11:07:42,224 INFO  server.RaftServerConfigKeys (ConfUtils.java:logGet(43)) - raft.server.log.segment.size.max = 1048576 (custom)
2019-07-14 11:07:42,224 INFO  server.RaftServerConfigKeys (ConfUtils.java:logGet(43)) - raft.server.log.segment.cache.num.max = 2 (custom)
2019-07-14 11:07:42,224 INFO  segmented.SegmentedRaftLogWorker (SegmentedRaftLogWorker.java:<init>(172)) - new 46cbccf6-8abf-4dc0-9606-2ec792ae2ced-SegmentedRaftLogWorker:Storage Directory /workdir/hadoop-ozone/integration-test/target/test-dir/MiniOzoneClusterImpl-e441f628-3055-4976-9f22-cf1ee574003e/datanode-0/data/ratis/eac0714d-5d50-4492-a69a-98510ea2fa77 for RaftStorage:Storage Directory /workdir/hadoop-ozone/integration-test/target/test-dir/MiniOzoneClusterImpl-e441f628-3055-4976-9f22-cf1ee574003e/datanode-0/data/ratis/eac0714d-5d50-4492-a69a-98510ea2fa77
2019-07-14 11:07:42,225 INFO  server.RaftServerConfigKeys (ConfUtils.java:logGet(43)) - raft.server.log.queue.byte-limit = 2147483647 (custom)
2019-07-14 11:07:42,225 INFO  server.RaftServerConfigKeys (ConfUtils.java:logGet(43)) - raft.server.log.queue.element-limit = 1024 (custom)
2019-07-14 11:07:42,225 INFO  server.RaftServerConfigKeys (ConfUtils.java:logGet(43)) - raft.server.log.segment.size.max = 1048576 (custom)
2019-07-14 11:07:42,225 INFO  server.RaftServerConfigKeys (ConfUtils.java:logGet(43)) - raft.server.log.preallocated.size = 16384 (custom)
2019-07-14 11:07:42,225 INFO  server.RaftServerConfigKeys (ConfUtils.java:logGet(43)) - raft.server.log.write.buffer.size = 33554432 (custom)
2019-07-14 11:07:42,226 INFO  server.RaftServerConfigKeys (ConfUtils.java:logGet(43)) - raft.server.log.force.sync.num = 128 (default)
2019-07-14 11:07:42,226 INFO  server.RaftServerConfigKeys (ConfUtils.java:logGet(43)) - raft.server.log.statemachine.data.sync = true (default)
2019-07-14 11:07:42,226 INFO  server.RaftServerConfigKeys (ConfUtils.java:logGet(43)) - raft.server.log.statemachine.data.sync.timeout = 10s (default)
2019-07-14 11:07:42,226 INFO  server.RaftServerConfigKeys (ConfUtils.java:logGet(43)) - raft.server.log.statemachine.data.sync.timeout.retry = -1 (default)
2019-07-14 11:07:42,226 INFO  server.RaftServerConfigKeys (ConfUtils.java:logGet(43)) - raft.server.log.statemachine.data.caching.enabled = true (custom)
2019-07-14 11:07:42,227 INFO  segmented.SegmentedRaftLogWorker (SegmentedRaftLogWorker.java:lambda$new$0(132)) - 46cbccf6-8abf-4dc0-9606-2ec792ae2ced-SegmentedRaftLogWorker:Storage Directory /workdir/hadoop-ozone/integration-test/target/test-dir/MiniOzoneClusterImpl-e441f628-3055-4976-9f22-cf1ee574003e/datanode-0/data/ratis/eac0714d-5d50-4492-a69a-98510ea2fa77: flushIndex: setUnconditionally 0 -> -1
2019-07-14 11:07:42,227 INFO  server.RaftServerConfigKeys (ConfUtils.java:logGet(43)) - raft.server.snapshot.auto.trigger.enabled = true (custom)
2019-07-14 11:07:42,227 INFO  server.RaftServerConfigKeys (ConfUtils.java:logGet(43)) - raft.server.snapshot.auto.trigger.threshold = 10000 (custom)
2019-07-14 11:07:42,227 INFO  server.RaftServerConfigKeys (ConfUtils.java:logGet(43)) - raft.server.retrycache.expirytime = 600000ms (custom)
2019-07-14 11:07:42,228 INFO  impl.RaftServerImpl (RaftServerImpl.java:start(180)) - 46cbccf6-8abf-4dc0-9606-2ec792ae2ced: start group-98510EA2FA77
2019-07-14 11:07:42,228 INFO  impl.RaftServerImpl (RaftServerImpl.java:setRole(171)) - 46cbccf6-8abf-4dc0-9606-2ec792ae2ced:group-98510EA2FA77 changes role from null to FOLLOWER at term 0 for startAsFollower
2019-07-14 11:07:42,228 INFO  impl.RoleInfo (RoleInfo.java:updateAndGet(143)) - 46cbccf6-8abf-4dc0-9606-2ec792ae2ced: start FollowerState
2019-07-14 11:07:42,229 INFO  util.JmxRegister (JmxRegister.java:tryRegister(44)) - Successfully registered JMX Bean with object name Ratis:service=RaftServer,group=group-98510EA2FA77,id=46cbccf6-8abf-4dc0-9606-2ec792ae2ced
2019-07-14 11:07:42,232 INFO  pipeline.PipelineStateManager (PipelineStateManager.java:addPipeline(56)) - Created pipeline Pipeline[ Id: eac0714d-5d50-4492-a69a-98510ea2fa77, Nodes: 46cbccf6-8abf-4dc0-9606-2ec792ae2ced{ip: 192.168.157.209, host: trunk-nightly-fxmrv-2540794721, networkLocation: /default-rack, certSerialId: null}, Type:RATIS, Factor:ONE, State:OPEN]
2019-07-14 11:07:42,337 INFO  node.SCMNodeManager (SCMNodeManager.java:register(269)) - Registered Data node : 5a30284b-95a7-4750-9a97-25838f7cc2d2{ip: 192.168.157.209, host: trunk-nightly-fxmrv-2540794721, networkLocation: /default-rack, certSerialId: null}
2019-07-14 11:07:42,345 INFO  impl.RaftServerProxy (RaftServerProxy.java:addNew(89)) - 5a30284b-95a7-4750-9a97-25838f7cc2d2: addNew group-68E3908A9ED8:[5a30284b-95a7-4750-9a97-25838f7cc2d2:192.168.157.209:42168] returns group-68E3908A9ED8:java.util.concurrent.CompletableFuture@316cdee2[Not completed]
2019-07-14 11:07:42,346 INFO  impl.RaftServerImpl (RaftServerImpl.java:<init>(93)) - 5a30284b-95a7-4750-9a97-25838f7cc2d2: new RaftServerImpl for group-68E3908A9ED8:[5a30284b-95a7-4750-9a97-25838f7cc2d2:192.168.157.209:42168] with ContainerStateMachine:uninitialized
2019-07-14 11:07:42,347 INFO  server.RaftServerConfigKeys (ConfUtils.java:logGet(43)) - raft.server.rpc.timeout.min = 5s (custom)
2019-07-14 11:07:42,347 INFO  server.RaftServerConfigKeys (ConfUtils.java:logGet(43)) - raft.server.rpc.timeout.max = 5200ms (custom)
2019-07-14 11:07:42,347 INFO  server.RaftServerConfigKeys (ConfUtils.java:logGet(43)) - raft.server.rpcslowness.timeout = 120s (custom)
2019-07-14 11:07:42,347 INFO  server.RaftServerConfigKeys (ConfUtils.java:logGet(43)) - raft.server.sleep.deviation.threshold = 300 (default)
2019-07-14 11:07:42,347 INFO  server.RaftServerConfigKeys (ConfUtils.java:logGet(43)) - raft.server.log.appender.install.snapshot.enabled = false (custom)
2019-07-14 11:07:42,347 INFO  impl.RaftServerImpl (ServerState.java:<init>(105)) - 5a30284b-95a7-4750-9a97-25838f7cc2d2:group-68E3908A9ED8 ConfigurationManager, init=-1: [5a30284b-95a7-4750-9a97-25838f7cc2d2:192.168.157.209:42168], old=null, confs=<EMPTY_MAP>
2019-07-14 11:07:42,347 INFO  server.RaftServerConfigKeys (ConfUtils.java:logGet(43)) - raft.server.storage.dir = [/workdir/hadoop-ozone/integration-test/target/test-dir/MiniOzoneClusterImpl-e441f628-3055-4976-9f22-cf1ee574003e/datanode-1/data/ratis] (custom)
2019-07-14 11:07:42,348 INFO  storage.RaftStorageDirectory (RaftStorageDirectory.java:analyzeStorage(246)) - The storage directory /workdir/hadoop-ozone/integration-test/target/test-dir/MiniOzoneClusterImpl-e441f628-3055-4976-9f22-cf1ee574003e/datanode-1/data/ratis/836a8701-8589-4b2c-999e-68e3908a9ed8 does not exist. Creating ...
2019-07-14 11:07:42,362 INFO  storage.RaftStorageDirectory (RaftStorageDirectory.java:tryLock(328)) - Lock on /workdir/hadoop-ozone/integration-test/target/test-dir/MiniOzoneClusterImpl-e441f628-3055-4976-9f22-cf1ee574003e/datanode-1/data/ratis/836a8701-8589-4b2c-999e-68e3908a9ed8/in_use.lock acquired by nodename 22243@trunk-nightly-fxmrv-2540794721
2019-07-14 11:07:42,376 INFO  ozone.MiniOzoneClusterImpl (MiniOzoneClusterImpl.java:lambda$waitForClusterToBeReady$0(142)) - Waiting for cluster to be ready. Got 2 of 7 DN Heartbeats.
2019-07-14 11:07:42,383 INFO  storage.RaftStorage (RaftStorage.java:format(72)) - Storage directory /workdir/hadoop-ozone/integration-test/target/test-dir/MiniOzoneClusterImpl-e441f628-3055-4976-9f22-cf1ee574003e/datanode-1/data/ratis/836a8701-8589-4b2c-999e-68e3908a9ed8 has been successfully formatted.
2019-07-14 11:07:42,383 INFO  ratis.ContainerStateMachine (ContainerStateMachine.java:loadSnapshot(200)) - group-68E3908A9ED8: The snapshot info is null. Setting the last applied indexto:(t:0, i:~)
2019-07-14 11:07:42,383 INFO  server.RaftServerConfigKeys (ConfUtils.java:logGet(43)) - raft.server.leader.election.timeout = 120s (custom)
2019-07-14 11:07:42,383 INFO  server.RaftServerConfigKeys (ConfUtils.java:logGet(43)) - raft.server.log.use.memory = false (default)
2019-07-14 11:07:42,383 INFO  server.RaftServerConfigKeys (ConfUtils.java:logGet(43)) - raft.server.log.purge.gap = 1000000000 (custom)
2019-07-14 11:07:42,384 INFO  server.RaftServerConfigKeys (ConfUtils.java:logGet(43)) - raft.server.log.appender.buffer.byte-limit = 33554432 (custom)
2019-07-14 11:07:42,384 INFO  server.RaftServerConfigKeys (ConfUtils.java:logGet(43)) - raft.server.log.segment.size.max = 1048576 (custom)
2019-07-14 11:07:42,384 INFO  server.RaftServerConfigKeys (ConfUtils.java:logGet(43)) - raft.server.log.segment.cache.num.max = 2 (custom)
2019-07-14 11:07:42,384 INFO  segmented.SegmentedRaftLogWorker (SegmentedRaftLogWorker.java:<init>(172)) - new 5a30284b-95a7-4750-9a97-25838f7cc2d2-SegmentedRaftLogWorker:Storage Directory /workdir/hadoop-ozone/integration-test/target/test-dir/MiniOzoneClusterImpl-e441f628-3055-4976-9f22-cf1ee574003e/datanode-1/data/ratis/836a8701-8589-4b2c-999e-68e3908a9ed8 for RaftStorage:Storage Directory /workdir/hadoop-ozone/integration-test/target/test-dir/MiniOzoneClusterImpl-e441f628-3055-4976-9f22-cf1ee574003e/datanode-1/data/ratis/836a8701-8589-4b2c-999e-68e3908a9ed8
2019-07-14 11:07:42,384 INFO  server.RaftServerConfigKeys (ConfUtils.java:logGet(43)) - raft.server.log.queue.byte-limit = 2147483647 (custom)
2019-07-14 11:07:42,384 INFO  server.RaftServerConfigKeys (ConfUtils.java:logGet(43)) - raft.server.log.queue.element-limit = 1024 (custom)
2019-07-14 11:07:42,385 INFO  server.RaftServerConfigKeys (ConfUtils.java:logGet(43)) - raft.server.log.segment.size.max = 1048576 (custom)
2019-07-14 11:07:42,385 INFO  server.RaftServerConfigKeys (ConfUtils.java:logGet(43)) - raft.server.log.preallocated.size = 16384 (custom)
2019-07-14 11:07:42,385 INFO  server.RaftServerConfigKeys (ConfUtils.java:logGet(43)) - raft.server.log.write.buffer.size = 33554432 (custom)
2019-07-14 11:07:42,385 INFO  server.RaftServerConfigKeys (ConfUtils.java:logGet(43)) - raft.server.log.force.sync.num = 128 (default)
2019-07-14 11:07:42,385 INFO  server.RaftServerConfigKeys (ConfUtils.java:logGet(43)) - raft.server.log.statemachine.data.sync = true (default)
2019-07-14 11:07:42,386 INFO  server.RaftServerConfigKeys (ConfUtils.java:logGet(43)) - raft.server.log.statemachine.data.sync.timeout = 10s (default)
2019-07-14 11:07:42,386 INFO  server.RaftServerConfigKeys (ConfUtils.java:logGet(43)) - raft.server.log.statemachine.data.sync.timeout.retry = -1 (default)
2019-07-14 11:07:42,386 INFO  server.RaftServerConfigKeys (ConfUtils.java:logGet(43)) - raft.server.log.statemachine.data.caching.enabled = true (custom)
2019-07-14 11:07:42,386 INFO  segmented.SegmentedRaftLogWorker (SegmentedRaftLogWorker.java:lambda$new$0(132)) - 5a30284b-95a7-4750-9a97-25838f7cc2d2-SegmentedRaftLogWorker:Storage Directory /workdir/hadoop-ozone/integration-test/target/test-dir/MiniOzoneClusterImpl-e441f628-3055-4976-9f22-cf1ee574003e/datanode-1/data/ratis/836a8701-8589-4b2c-999e-68e3908a9ed8: flushIndex: setUnconditionally 0 -> -1
2019-07-14 11:07:42,387 INFO  server.RaftServerConfigKeys (ConfUtils.java:logGet(43)) - raft.server.snapshot.auto.trigger.enabled = true (custom)
2019-07-14 11:07:42,387 INFO  server.RaftServerConfigKeys (ConfUtils.java:logGet(43)) - raft.server.snapshot.auto.trigger.threshold = 10000 (custom)
2019-07-14 11:07:42,387 INFO  server.RaftServerConfigKeys (ConfUtils.java:logGet(43)) - raft.server.retrycache.expirytime = 600000ms (custom)
2019-07-14 11:07:42,387 INFO  impl.RaftServerImpl (RaftServerImpl.java:start(180)) - 5a30284b-95a7-4750-9a97-25838f7cc2d2: start group-68E3908A9ED8
2019-07-14 11:07:42,387 INFO  impl.RaftServerImpl (RaftServerImpl.java:setRole(171)) - 5a30284b-95a7-4750-9a97-25838f7cc2d2:group-68E3908A9ED8 changes role from null to FOLLOWER at term 0 for startAsFollower
2019-07-14 11:07:42,388 INFO  impl.RoleInfo (RoleInfo.java:updateAndGet(143)) - 5a30284b-95a7-4750-9a97-25838f7cc2d2: start FollowerState
2019-07-14 11:07:42,388 INFO  util.JmxRegister (JmxRegister.java:tryRegister(44)) - Successfully registered JMX Bean with object name Ratis:service=RaftServer,group=group-68E3908A9ED8,id=5a30284b-95a7-4750-9a97-25838f7cc2d2
2019-07-14 11:07:42,390 INFO  pipeline.PipelineStateManager (PipelineStateManager.java:addPipeline(56)) - Created pipeline Pipeline[ Id: 836a8701-8589-4b2c-999e-68e3908a9ed8, Nodes: 5a30284b-95a7-4750-9a97-25838f7cc2d2{ip: 192.168.157.209, host: trunk-nightly-fxmrv-2540794721, networkLocation: /default-rack, certSerialId: null}, Type:RATIS, Factor:ONE, State:OPEN]
2019-07-14 11:07:42,507 INFO  node.SCMNodeManager (SCMNodeManager.java:register(269)) - Registered Data node : 4ddaf116-ef27-4abd-8bd4-7af3c402b258{ip: 192.168.157.209, host: trunk-nightly-fxmrv-2540794721, networkLocation: /default-rack, certSerialId: null}
2019-07-14 11:07:42,513 INFO  impl.RaftServerProxy (RaftServerProxy.java:addNew(89)) - 4ddaf116-ef27-4abd-8bd4-7af3c402b258: addNew group-43BB8C3E65A4:[4ddaf116-ef27-4abd-8bd4-7af3c402b258:192.168.157.209:39868] returns group-43BB8C3E65A4:java.util.concurrent.CompletableFuture@b4274be[Not completed]
2019-07-14 11:07:42,514 INFO  impl.RaftServerImpl (RaftServerImpl.java:<init>(93)) - 4ddaf116-ef27-4abd-8bd4-7af3c402b258: new RaftServerImpl for group-43BB8C3E65A4:[4ddaf116-ef27-4abd-8bd4-7af3c402b258:192.168.157.209:39868] with ContainerStateMachine:uninitialized
2019-07-14 11:07:42,514 INFO  server.RaftServerConfigKeys (ConfUtils.java:logGet(43)) - raft.server.rpc.timeout.min = 5s (custom)
2019-07-14 11:07:42,515 INFO  server.RaftServerConfigKeys (ConfUtils.java:logGet(43)) - raft.server.rpc.timeout.max = 5200ms (custom)
2019-07-14 11:07:42,515 INFO  server.RaftServerConfigKeys (ConfUtils.java:logGet(43)) - raft.server.rpcslowness.timeout = 120s (custom)
2019-07-14 11:07:42,515 INFO  server.RaftServerConfigKeys (ConfUtils.java:logGet(43)) - raft.server.sleep.deviation.threshold = 300 (default)
2019-07-14 11:07:42,515 INFO  server.RaftServerConfigKeys (ConfUtils.java:logGet(43)) - raft.server.log.appender.install.snapshot.enabled = false (custom)
2019-07-14 11:07:42,515 INFO  impl.RaftServerImpl (ServerState.java:<init>(105)) - 4ddaf116-ef27-4abd-8bd4-7af3c402b258:group-43BB8C3E65A4 ConfigurationManager, init=-1: [4ddaf116-ef27-4abd-8bd4-7af3c402b258:192.168.157.209:39868], old=null, confs=<EMPTY_MAP>
2019-07-14 11:07:42,515 INFO  server.RaftServerConfigKeys (ConfUtils.java:logGet(43)) - raft.server.storage.dir = [/workdir/hadoop-ozone/integration-test/target/test-dir/MiniOzoneClusterImpl-e441f628-3055-4976-9f22-cf1ee574003e/datanode-2/data/ratis] (custom)
2019-07-14 11:07:42,516 INFO  storage.RaftStorageDirectory (RaftStorageDirectory.java:analyzeStorage(246)) - The storage directory /workdir/hadoop-ozone/integration-test/target/test-dir/MiniOzoneClusterImpl-e441f628-3055-4976-9f22-cf1ee574003e/datanode-2/data/ratis/12ecef54-c1dc-4333-bbd1-43bb8c3e65a4 does not exist. Creating ...
2019-07-14 11:07:42,529 INFO  storage.RaftStorageDirectory (RaftStorageDirectory.java:tryLock(328)) - Lock on /workdir/hadoop-ozone/integration-test/target/test-dir/MiniOzoneClusterImpl-e441f628-3055-4976-9f22-cf1ee574003e/datanode-2/data/ratis/12ecef54-c1dc-4333-bbd1-43bb8c3e65a4/in_use.lock acquired by nodename 22243@trunk-nightly-fxmrv-2540794721
2019-07-14 11:07:42,542 INFO  storage.RaftStorage (RaftStorage.java:format(72)) - Storage directory /workdir/hadoop-ozone/integration-test/target/test-dir/MiniOzoneClusterImpl-e441f628-3055-4976-9f22-cf1ee574003e/datanode-2/data/ratis/12ecef54-c1dc-4333-bbd1-43bb8c3e65a4 has been successfully formatted.
2019-07-14 11:07:42,542 INFO  ratis.ContainerStateMachine (ContainerStateMachine.java:loadSnapshot(200)) - group-43BB8C3E65A4: The snapshot info is null. Setting the last applied indexto:(t:0, i:~)
2019-07-14 11:07:42,543 INFO  server.RaftServerConfigKeys (ConfUtils.java:logGet(43)) - raft.server.leader.election.timeout = 120s (custom)
2019-07-14 11:07:42,543 INFO  server.RaftServerConfigKeys (ConfUtils.java:logGet(43)) - raft.server.log.use.memory = false (default)
2019-07-14 11:07:42,543 INFO  server.RaftServerConfigKeys (ConfUtils.java:logGet(43)) - raft.server.log.purge.gap = 1000000000 (custom)
2019-07-14 11:07:42,543 INFO  server.RaftServerConfigKeys (ConfUtils.java:logGet(43)) - raft.server.log.appender.buffer.byte-limit = 33554432 (custom)
2019-07-14 11:07:42,543 INFO  server.RaftServerConfigKeys (ConfUtils.java:logGet(43)) - raft.server.log.segment.size.max = 1048576 (custom)
2019-07-14 11:07:42,543 INFO  server.RaftServerConfigKeys (ConfUtils.java:logGet(43)) - raft.server.log.segment.cache.num.max = 2 (custom)
2019-07-14 11:07:42,544 INFO  segmented.SegmentedRaftLogWorker (SegmentedRaftLogWorker.java:<init>(172)) - new 4ddaf116-ef27-4abd-8bd4-7af3c402b258-SegmentedRaftLogWorker:Storage Directory /workdir/hadoop-ozone/integration-test/target/test-dir/MiniOzoneClusterImpl-e441f628-3055-4976-9f22-cf1ee574003e/datanode-2/data/ratis/12ecef54-c1dc-4333-bbd1-43bb8c3e65a4 for RaftStorage:Storage Directory /workdir/hadoop-ozone/integration-test/target/test-dir/MiniOzoneClusterImpl-e441f628-3055-4976-9f22-cf1ee574003e/datanode-2/data/ratis/12ecef54-c1dc-4333-bbd1-43bb8c3e65a4
2019-07-14 11:07:42,544 INFO  server.RaftServerConfigKeys (ConfUtils.java:logGet(43)) - raft.server.log.queue.byte-limit = 2147483647 (custom)
2019-07-14 11:07:42,544 INFO  server.RaftServerConfigKeys (ConfUtils.java:logGet(43)) - raft.server.log.queue.element-limit = 1024 (custom)
2019-07-14 11:07:42,544 INFO  server.RaftServerConfigKeys (ConfUtils.java:logGet(43)) - raft.server.log.segment.size.max = 1048576 (custom)
2019-07-14 11:07:42,544 INFO  server.RaftServerConfigKeys (ConfUtils.java:logGet(43)) - raft.server.log.preallocated.size = 16384 (custom)
2019-07-14 11:07:42,545 INFO  server.RaftServerConfigKeys (ConfUtils.java:logGet(43)) - raft.server.log.write.buffer.size = 33554432 (custom)
2019-07-14 11:07:42,545 INFO  server.RaftServerConfigKeys (ConfUtils.java:logGet(43)) - raft.server.log.force.sync.num = 128 (default)
2019-07-14 11:07:42,545 INFO  server.RaftServerConfigKeys (ConfUtils.java:logGet(43)) - raft.server.log.statemachine.data.sync = true (default)
2019-07-14 11:07:42,545 INFO  server.RaftServerConfigKeys (ConfUtils.java:logGet(43)) - raft.server.log.statemachine.data.sync.timeout = 10s (default)
2019-07-14 11:07:42,545 INFO  server.RaftServerConfigKeys (ConfUtils.java:logGet(43)) - raft.server.log.statemachine.data.sync.timeout.retry = -1 (default)
2019-07-14 11:07:42,545 INFO  server.RaftServerConfigKeys (ConfUtils.java:logGet(43)) - raft.server.log.statemachine.data.caching.enabled = true (custom)
2019-07-14 11:07:42,546 INFO  segmented.SegmentedRaftLogWorker (SegmentedRaftLogWorker.java:lambda$new$0(132)) - 4ddaf116-ef27-4abd-8bd4-7af3c402b258-SegmentedRaftLogWorker:Storage Directory /workdir/hadoop-ozone/integration-test/target/test-dir/MiniOzoneClusterImpl-e441f628-3055-4976-9f22-cf1ee574003e/datanode-2/data/ratis/12ecef54-c1dc-4333-bbd1-43bb8c3e65a4: flushIndex: setUnconditionally 0 -> -1
2019-07-14 11:07:42,546 INFO  server.RaftServerConfigKeys (ConfUtils.java:logGet(43)) - raft.server.snapshot.auto.trigger.enabled = true (custom)
2019-07-14 11:07:42,546 INFO  server.RaftServerConfigKeys (ConfUtils.java:logGet(43)) - raft.server.snapshot.auto.trigger.threshold = 10000 (custom)
2019-07-14 11:07:42,547 INFO  server.RaftServerConfigKeys (ConfUtils.java:logGet(43)) - raft.server.retrycache.expirytime = 600000ms (custom)
2019-07-14 11:07:42,547 INFO  impl.RaftServerImpl (RaftServerImpl.java:start(180)) - 4ddaf116-ef27-4abd-8bd4-7af3c402b258: start group-43BB8C3E65A4
2019-07-14 11:07:42,547 INFO  impl.RaftServerImpl (RaftServerImpl.java:setRole(171)) - 4ddaf116-ef27-4abd-8bd4-7af3c402b258:group-43BB8C3E65A4 changes role from null to FOLLOWER at term 0 for startAsFollower
2019-07-14 11:07:42,547 INFO  impl.RoleInfo (RoleInfo.java:updateAndGet(143)) - 4ddaf116-ef27-4abd-8bd4-7af3c402b258: start FollowerState
2019-07-14 11:07:42,547 INFO  util.JmxRegister (JmxRegister.java:tryRegister(44)) - Successfully registered JMX Bean with object name Ratis:service=RaftServer,group=group-43BB8C3E65A4,id=4ddaf116-ef27-4abd-8bd4-7af3c402b258
2019-07-14 11:07:42,550 INFO  pipeline.PipelineStateManager (PipelineStateManager.java:addPipeline(56)) - Created pipeline Pipeline[ Id: 12ecef54-c1dc-4333-bbd1-43bb8c3e65a4, Nodes: 4ddaf116-ef27-4abd-8bd4-7af3c402b258{ip: 192.168.157.209, host: trunk-nightly-fxmrv-2540794721, networkLocation: /default-rack, certSerialId: null}, Type:RATIS, Factor:ONE, State:OPEN]
2019-07-14 11:07:42,572 INFO  impl.RaftServerProxy (RaftServerProxy.java:addNew(89)) - 5a30284b-95a7-4750-9a97-25838f7cc2d2: addNew group-28E90B558652:[5a30284b-95a7-4750-9a97-25838f7cc2d2:192.168.157.209:42168, 4ddaf116-ef27-4abd-8bd4-7af3c402b258:192.168.157.209:39868, 46cbccf6-8abf-4dc0-9606-2ec792ae2ced:192.168.157.209:33325] returns group-28E90B558652:java.util.concurrent.CompletableFuture@6a90d325[Not completed]
2019-07-14 11:07:42,573 INFO  impl.RaftServerProxy (RaftServerProxy.java:addNew(89)) - 46cbccf6-8abf-4dc0-9606-2ec792ae2ced: addNew group-28E90B558652:[5a30284b-95a7-4750-9a97-25838f7cc2d2:192.168.157.209:42168, 4ddaf116-ef27-4abd-8bd4-7af3c402b258:192.168.157.209:39868, 46cbccf6-8abf-4dc0-9606-2ec792ae2ced:192.168.157.209:33325] returns group-28E90B558652:java.util.concurrent.CompletableFuture@24eafe4f[Not completed]
2019-07-14 11:07:42,573 INFO  impl.RaftServerProxy (RaftServerProxy.java:addNew(89)) - 4ddaf116-ef27-4abd-8bd4-7af3c402b258: addNew group-28E90B558652:[5a30284b-95a7-4750-9a97-25838f7cc2d2:192.168.157.209:42168, 4ddaf116-ef27-4abd-8bd4-7af3c402b258:192.168.157.209:39868, 46cbccf6-8abf-4dc0-9606-2ec792ae2ced:192.168.157.209:33325] returns group-28E90B558652:java.util.concurrent.CompletableFuture@4cdd01ca[Not completed]
2019-07-14 11:07:42,573 INFO  impl.RaftServerImpl (RaftServerImpl.java:<init>(93)) - 5a30284b-95a7-4750-9a97-25838f7cc2d2: new RaftServerImpl for group-28E90B558652:[5a30284b-95a7-4750-9a97-25838f7cc2d2:192.168.157.209:42168, 4ddaf116-ef27-4abd-8bd4-7af3c402b258:192.168.157.209:39868, 46cbccf6-8abf-4dc0-9606-2ec792ae2ced:192.168.157.209:33325] with ContainerStateMachine:uninitialized
2019-07-14 11:07:42,574 INFO  server.RaftServerConfigKeys (ConfUtils.java:logGet(43)) - raft.server.rpc.timeout.min = 5s (custom)
2019-07-14 11:07:42,574 INFO  server.RaftServerConfigKeys (ConfUtils.java:logGet(43)) - raft.server.rpc.timeout.max = 5200ms (custom)
2019-07-14 11:07:42,574 INFO  impl.RaftServerImpl (RaftServerImpl.java:<init>(93)) - 46cbccf6-8abf-4dc0-9606-2ec792ae2ced: new RaftServerImpl for group-28E90B558652:[5a30284b-95a7-4750-9a97-25838f7cc2d2:192.168.157.209:42168, 4ddaf116-ef27-4abd-8bd4-7af3c402b258:192.168.157.209:39868, 46cbccf6-8abf-4dc0-9606-2ec792ae2ced:192.168.157.209:33325] with ContainerStateMachine:uninitialized
2019-07-14 11:07:42,574 INFO  server.RaftServerConfigKeys (ConfUtils.java:logGet(43)) - raft.server.rpcslowness.timeout = 120s (custom)
2019-07-14 11:07:42,574 INFO  server.RaftServerConfigKeys (ConfUtils.java:logGet(43)) - raft.server.rpc.timeout.min = 5s (custom)
2019-07-14 11:07:42,574 INFO  impl.RaftServerImpl (RaftServerImpl.java:<init>(93)) - 4ddaf116-ef27-4abd-8bd4-7af3c402b258: new RaftServerImpl for group-28E90B558652:[5a30284b-95a7-4750-9a97-25838f7cc2d2:192.168.157.209:42168, 4ddaf116-ef27-4abd-8bd4-7af3c402b258:192.168.157.209:39868, 46cbccf6-8abf-4dc0-9606-2ec792ae2ced:192.168.157.209:33325] with ContainerStateMachine:uninitialized
2019-07-14 11:07:42,575 INFO  server.RaftServerConfigKeys (ConfUtils.java:logGet(43)) - raft.server.rpc.timeout.min = 5s (custom)
2019-07-14 11:07:42,574 INFO  server.RaftServerConfigKeys (ConfUtils.java:logGet(43)) - raft.server.sleep.deviation.threshold = 300 (default)
2019-07-14 11:07:42,575 INFO  server.RaftServerConfigKeys (ConfUtils.java:logGet(43)) - raft.server.rpc.timeout.max = 5200ms (custom)
2019-07-14 11:07:42,574 INFO  server.RaftServerConfigKeys (ConfUtils.java:logGet(43)) - raft.server.rpc.timeout.max = 5200ms (custom)
2019-07-14 11:07:42,575 INFO  server.RaftServerConfigKeys (ConfUtils.java:logGet(43)) - raft.server.rpcslowness.timeout = 120s (custom)
2019-07-14 11:07:42,575 INFO  server.RaftServerConfigKeys (ConfUtils.java:logGet(43)) - raft.server.log.appender.install.snapshot.enabled = false (custom)
2019-07-14 11:07:42,575 INFO  server.RaftServerConfigKeys (ConfUtils.java:logGet(43)) - raft.server.sleep.deviation.threshold = 300 (default)
2019-07-14 11:07:42,575 INFO  server.RaftServerConfigKeys (ConfUtils.java:logGet(43)) - raft.server.rpcslowness.timeout = 120s (custom)
2019-07-14 11:07:42,576 INFO  server.RaftServerConfigKeys (ConfUtils.java:logGet(43)) - raft.server.log.appender.install.snapshot.enabled = false (custom)
2019-07-14 11:07:42,575 INFO  impl.RaftServerImpl (ServerState.java:<init>(105)) - 5a30284b-95a7-4750-9a97-25838f7cc2d2:group-28E90B558652 ConfigurationManager, init=-1: [5a30284b-95a7-4750-9a97-25838f7cc2d2:192.168.157.209:42168, 4ddaf116-ef27-4abd-8bd4-7af3c402b258:192.168.157.209:39868, 46cbccf6-8abf-4dc0-9606-2ec792ae2ced:192.168.157.209:33325], old=null, confs=<EMPTY_MAP>
2019-07-14 11:07:42,576 INFO  impl.RaftServerImpl (ServerState.java:<init>(105)) - 4ddaf116-ef27-4abd-8bd4-7af3c402b258:group-28E90B558652 ConfigurationManager, init=-1: [5a30284b-95a7-4750-9a97-25838f7cc2d2:192.168.157.209:42168, 4ddaf116-ef27-4abd-8bd4-7af3c402b258:192.168.157.209:39868, 46cbccf6-8abf-4dc0-9606-2ec792ae2ced:192.168.157.209:33325], old=null, confs=<EMPTY_MAP>
2019-07-14 11:07:42,576 INFO  server.RaftServerConfigKeys (ConfUtils.java:logGet(43)) - raft.server.sleep.deviation.threshold = 300 (default)
2019-07-14 11:07:42,576 INFO  server.RaftServerConfigKeys (ConfUtils.java:logGet(43)) - raft.server.storage.dir = [/workdir/hadoop-ozone/integration-test/target/test-dir/MiniOzoneClusterImpl-e441f628-3055-4976-9f22-cf1ee574003e/datanode-2/data/ratis] (custom)
2019-07-14 11:07:42,576 INFO  server.RaftServerConfigKeys (ConfUtils.java:logGet(43)) - raft.server.storage.dir = [/workdir/hadoop-ozone/integration-test/target/test-dir/MiniOzoneClusterImpl-e441f628-3055-4976-9f22-cf1ee574003e/datanode-1/data/ratis] (custom)
2019-07-14 11:07:42,576 INFO  server.RaftServerConfigKeys (ConfUtils.java:logGet(43)) - raft.server.log.appender.install.snapshot.enabled = false (custom)
2019-07-14 11:07:42,577 INFO  storage.RaftStorageDirectory (RaftStorageDirectory.java:analyzeStorage(246)) - The storage directory /workdir/hadoop-ozone/integration-test/target/test-dir/MiniOzoneClusterImpl-e441f628-3055-4976-9f22-cf1ee574003e/datanode-2/data/ratis/981b15f6-c00a-4278-93ed-28e90b558652 does not exist. Creating ...
2019-07-14 11:07:42,577 INFO  impl.RaftServerImpl (ServerState.java:<init>(105)) - 46cbccf6-8abf-4dc0-9606-2ec792ae2ced:group-28E90B558652 ConfigurationManager, init=-1: [5a30284b-95a7-4750-9a97-25838f7cc2d2:192.168.157.209:42168, 4ddaf116-ef27-4abd-8bd4-7af3c402b258:192.168.157.209:39868, 46cbccf6-8abf-4dc0-9606-2ec792ae2ced:192.168.157.209:33325], old=null, confs=<EMPTY_MAP>
2019-07-14 11:07:42,577 INFO  storage.RaftStorageDirectory (RaftStorageDirectory.java:analyzeStorage(246)) - The storage directory /workdir/hadoop-ozone/integration-test/target/test-dir/MiniOzoneClusterImpl-e441f628-3055-4976-9f22-cf1ee574003e/datanode-1/data/ratis/981b15f6-c00a-4278-93ed-28e90b558652 does not exist. Creating ...
2019-07-14 11:07:42,577 INFO  server.RaftServerConfigKeys (ConfUtils.java:logGet(43)) - raft.server.storage.dir = [/workdir/hadoop-ozone/integration-test/target/test-dir/MiniOzoneClusterImpl-e441f628-3055-4976-9f22-cf1ee574003e/datanode-0/data/ratis] (custom)
2019-07-14 11:07:42,578 INFO  storage.RaftStorageDirectory (RaftStorageDirectory.java:analyzeStorage(246)) - The storage directory /workdir/hadoop-ozone/integration-test/target/test-dir/MiniOzoneClusterImpl-e441f628-3055-4976-9f22-cf1ee574003e/datanode-0/data/ratis/981b15f6-c00a-4278-93ed-28e90b558652 does not exist. Creating ...
2019-07-14 11:07:42,591 INFO  storage.RaftStorageDirectory (RaftStorageDirectory.java:tryLock(328)) - Lock on /workdir/hadoop-ozone/integration-test/target/test-dir/MiniOzoneClusterImpl-e441f628-3055-4976-9f22-cf1ee574003e/datanode-2/data/ratis/981b15f6-c00a-4278-93ed-28e90b558652/in_use.lock acquired by nodename 22243@trunk-nightly-fxmrv-2540794721
2019-07-14 11:07:42,591 INFO  storage.RaftStorageDirectory (RaftStorageDirectory.java:tryLock(328)) - Lock on /workdir/hadoop-ozone/integration-test/target/test-dir/MiniOzoneClusterImpl-e441f628-3055-4976-9f22-cf1ee574003e/datanode-1/data/ratis/981b15f6-c00a-4278-93ed-28e90b558652/in_use.lock acquired by nodename 22243@trunk-nightly-fxmrv-2540794721
2019-07-14 11:07:42,591 INFO  storage.RaftStorageDirectory (RaftStorageDirectory.java:tryLock(328)) - Lock on /workdir/hadoop-ozone/integration-test/target/test-dir/MiniOzoneClusterImpl-e441f628-3055-4976-9f22-cf1ee574003e/datanode-0/data/ratis/981b15f6-c00a-4278-93ed-28e90b558652/in_use.lock acquired by nodename 22243@trunk-nightly-fxmrv-2540794721
2019-07-14 11:07:42,604 INFO  storage.RaftStorage (RaftStorage.java:format(72)) - Storage directory /workdir/hadoop-ozone/integration-test/target/test-dir/MiniOzoneClusterImpl-e441f628-3055-4976-9f22-cf1ee574003e/datanode-1/data/ratis/981b15f6-c00a-4278-93ed-28e90b558652 has been successfully formatted.
2019-07-14 11:07:42,604 INFO  storage.RaftStorage (RaftStorage.java:format(72)) - Storage directory /workdir/hadoop-ozone/integration-test/target/test-dir/MiniOzoneClusterImpl-e441f628-3055-4976-9f22-cf1ee574003e/datanode-0/data/ratis/981b15f6-c00a-4278-93ed-28e90b558652 has been successfully formatted.
2019-07-14 11:07:42,604 INFO  storage.RaftStorage (RaftStorage.java:format(72)) - Storage directory /workdir/hadoop-ozone/integration-test/target/test-dir/MiniOzoneClusterImpl-e441f628-3055-4976-9f22-cf1ee574003e/datanode-2/data/ratis/981b15f6-c00a-4278-93ed-28e90b558652 has been successfully formatted.
2019-07-14 11:07:42,604 INFO  ratis.ContainerStateMachine (ContainerStateMachine.java:loadSnapshot(200)) - group-28E90B558652: The snapshot info is null. Setting the last applied indexto:(t:0, i:~)
2019-07-14 11:07:42,605 INFO  ratis.ContainerStateMachine (ContainerStateMachine.java:loadSnapshot(200)) - group-28E90B558652: The snapshot info is null. Setting the last applied indexto:(t:0, i:~)
2019-07-14 11:07:42,605 INFO  ratis.ContainerStateMachine (ContainerStateMachine.java:loadSnapshot(200)) - group-28E90B558652: The snapshot info is null. Setting the last applied indexto:(t:0, i:~)
2019-07-14 11:07:42,605 INFO  server.RaftServerConfigKeys (ConfUtils.java:logGet(43)) - raft.server.leader.election.timeout = 120s (custom)
2019-07-14 11:07:42,605 INFO  server.RaftServerConfigKeys (ConfUtils.java:logGet(43)) - raft.server.leader.election.timeout = 120s (custom)
2019-07-14 11:07:42,605 INFO  server.RaftServerConfigKeys (ConfUtils.java:logGet(43)) - raft.server.log.use.memory = false (default)
2019-07-14 11:07:42,605 INFO  server.RaftServerConfigKeys (ConfUtils.java:logGet(43)) - raft.server.leader.election.timeout = 120s (custom)
2019-07-14 11:07:42,606 INFO  server.RaftServerConfigKeys (ConfUtils.java:logGet(43)) - raft.server.log.purge.gap = 1000000000 (custom)
2019-07-14 11:07:42,605 INFO  server.RaftServerConfigKeys (ConfUtils.java:logGet(43)) - raft.server.log.use.memory = false (default)
2019-07-14 11:07:42,606 INFO  server.RaftServerConfigKeys (ConfUtils.java:logGet(43)) - raft.server.log.appender.buffer.byte-limit = 33554432 (custom)
2019-07-14 11:07:42,606 INFO  server.RaftServerConfigKeys (ConfUtils.java:logGet(43)) - raft.server.log.use.memory = false (default)
2019-07-14 11:07:42,606 INFO  server.RaftServerConfigKeys (ConfUtils.java:logGet(43)) - raft.server.log.segment.size.max = 1048576 (custom)
2019-07-14 11:07:42,606 INFO  server.RaftServerConfigKeys (ConfUtils.java:logGet(43)) - raft.server.log.purge.gap = 1000000000 (custom)
2019-07-14 11:07:42,606 INFO  server.RaftServerConfigKeys (ConfUtils.java:logGet(43)) - raft.server.log.segment.cache.num.max = 2 (custom)
2019-07-14 11:07:42,606 INFO  server.RaftServerConfigKeys (ConfUtils.java:logGet(43)) - raft.server.log.purge.gap = 1000000000 (custom)
2019-07-14 11:07:42,607 INFO  segmented.SegmentedRaftLogWorker (SegmentedRaftLogWorker.java:<init>(172)) - new 4ddaf116-ef27-4abd-8bd4-7af3c402b258-SegmentedRaftLogWorker:Storage Directory /workdir/hadoop-ozone/integration-test/target/test-dir/MiniOzoneClusterImpl-e441f628-3055-4976-9f22-cf1ee574003e/datanode-2/data/ratis/981b15f6-c00a-4278-93ed-28e90b558652 for RaftStorage:Storage Directory /workdir/hadoop-ozone/integration-test/target/test-dir/MiniOzoneClusterImpl-e441f628-3055-4976-9f22-cf1ee574003e/datanode-2/data/ratis/981b15f6-c00a-4278-93ed-28e90b558652
2019-07-14 11:07:42,607 INFO  server.RaftServerConfigKeys (ConfUtils.java:logGet(43)) - raft.server.log.appender.buffer.byte-limit = 33554432 (custom)
2019-07-14 11:07:42,607 INFO  server.RaftServerConfigKeys (ConfUtils.java:logGet(43)) - raft.server.log.queue.byte-limit = 2147483647 (custom)
2019-07-14 11:07:42,607 INFO  server.RaftServerConfigKeys (ConfUtils.java:logGet(43)) - raft.server.log.appender.buffer.byte-limit = 33554432 (custom)
2019-07-14 11:07:42,607 INFO  server.RaftServerConfigKeys (ConfUtils.java:logGet(43)) - raft.server.log.queue.element-limit = 1024 (custom)
2019-07-14 11:07:42,607 INFO  server.RaftServerConfigKeys (ConfUtils.java:logGet(43)) - raft.server.log.segment.size.max = 1048576 (custom)
2019-07-14 11:07:42,608 INFO  server.RaftServerConfigKeys (ConfUtils.java:logGet(43)) - raft.server.log.segment.size.max = 1048576 (custom)
2019-07-14 11:07:42,608 INFO  server.RaftServerConfigKeys (ConfUtils.java:logGet(43)) - raft.server.log.preallocated.size = 16384 (custom)
2019-07-14 11:07:42,608 INFO  server.RaftServerConfigKeys (ConfUtils.java:logGet(43)) - raft.server.log.segment.size.max = 1048576 (custom)
2019-07-14 11:07:42,608 INFO  server.RaftServerConfigKeys (ConfUtils.java:logGet(43)) - raft.server.log.write.buffer.size = 33554432 (custom)
2019-07-14 11:07:42,608 INFO  server.RaftServerConfigKeys (ConfUtils.java:logGet(43)) - raft.server.log.segment.cache.num.max = 2 (custom)
2019-07-14 11:07:42,608 INFO  server.RaftServerConfigKeys (ConfUtils.java:logGet(43)) - raft.server.log.force.sync.num = 128 (default)
2019-07-14 11:07:42,609 INFO  server.RaftServerConfigKeys (ConfUtils.java:logGet(43)) - raft.server.log.statemachine.data.sync = true (default)
2019-07-14 11:07:42,608 INFO  server.RaftServerConfigKeys (ConfUtils.java:logGet(43)) - raft.server.log.segment.cache.num.max = 2 (custom)
2019-07-14 11:07:42,609 INFO  server.RaftServerConfigKeys (ConfUtils.java:logGet(43)) - raft.server.log.statemachine.data.sync.timeout = 10s (default)
2019-07-14 11:07:42,609 INFO  segmented.SegmentedRaftLogWorker (SegmentedRaftLogWorker.java:<init>(172)) - new 5a30284b-95a7-4750-9a97-25838f7cc2d2-SegmentedRaftLogWorker:Storage Directory /workdir/hadoop-ozone/integration-test/target/test-dir/MiniOzoneClusterImpl-e441f628-3055-4976-9f22-cf1ee574003e/datanode-1/data/ratis/981b15f6-c00a-4278-93ed-28e90b558652 for RaftStorage:Storage Directory /workdir/hadoop-ozone/integration-test/target/test-dir/MiniOzoneClusterImpl-e441f628-3055-4976-9f22-cf1ee574003e/datanode-1/data/ratis/981b15f6-c00a-4278-93ed-28e90b558652
2019-07-14 11:07:42,609 INFO  server.RaftServerConfigKeys (ConfUtils.java:logGet(43)) - raft.server.log.statemachine.data.sync.timeout.retry = -1 (default)
2019-07-14 11:07:42,609 INFO  segmented.SegmentedRaftLogWorker (SegmentedRaftLogWorker.java:<init>(172)) - new 46cbccf6-8abf-4dc0-9606-2ec792ae2ced-SegmentedRaftLogWorker:Storage Directory /workdir/hadoop-ozone/integration-test/target/test-dir/MiniOzoneClusterImpl-e441f628-3055-4976-9f22-cf1ee574003e/datanode-0/data/ratis/981b15f6-c00a-4278-93ed-28e90b558652 for RaftStorage:Storage Directory /workdir/hadoop-ozone/integration-test/target/test-dir/MiniOzoneClusterImpl-e441f628-3055-4976-9f22-cf1ee574003e/datanode-0/data/ratis/981b15f6-c00a-4278-93ed-28e90b558652
2019-07-14 11:07:42,610 INFO  server.RaftServerConfigKeys (ConfUtils.java:logGet(43)) - raft.server.log.statemachine.data.caching.enabled = true (custom)
2019-07-14 11:07:42,609 INFO  server.RaftServerConfigKeys (ConfUtils.java:logGet(43)) - raft.server.log.queue.byte-limit = 2147483647 (custom)
2019-07-14 11:07:42,610 INFO  server.RaftServerConfigKeys (ConfUtils.java:logGet(43)) - raft.server.log.queue.byte-limit = 2147483647 (custom)
2019-07-14 11:07:42,610 INFO  server.RaftServerConfigKeys (ConfUtils.java:logGet(43)) - raft.server.log.queue.element-limit = 1024 (custom)
2019-07-14 11:07:42,610 INFO  segmented.SegmentedRaftLogWorker (SegmentedRaftLogWorker.java:lambda$new$0(132)) - 4ddaf116-ef27-4abd-8bd4-7af3c402b258-SegmentedRaftLogWorker:Storage Directory /workdir/hadoop-ozone/integration-test/target/test-dir/MiniOzoneClusterImpl-e441f628-3055-4976-9f22-cf1ee574003e/datanode-2/data/ratis/981b15f6-c00a-4278-93ed-28e90b558652: flushIndex: setUnconditionally 0 -> -1
2019-07-14 11:07:42,610 INFO  server.RaftServerConfigKeys (ConfUtils.java:logGet(43)) - raft.server.log.segment.size.max = 1048576 (custom)
2019-07-14 11:07:42,610 INFO  server.RaftServerConfigKeys (ConfUtils.java:logGet(43)) - raft.server.log.queue.element-limit = 1024 (custom)
2019-07-14 11:07:42,611 INFO  server.RaftServerConfigKeys (ConfUtils.java:logGet(43)) - raft.server.snapshot.auto.trigger.enabled = true (custom)
2019-07-14 11:07:42,611 INFO  server.RaftServerConfigKeys (ConfUtils.java:logGet(43)) - raft.server.log.preallocated.size = 16384 (custom)
2019-07-14 11:07:42,611 INFO  server.RaftServerConfigKeys (ConfUtils.java:logGet(43)) - raft.server.snapshot.auto.trigger.threshold = 10000 (custom)
2019-07-14 11:07:42,611 INFO  server.RaftServerConfigKeys (ConfUtils.java:logGet(43)) - raft.server.log.segment.size.max = 1048576 (custom)
2019-07-14 11:07:42,611 INFO  server.RaftServerConfigKeys (ConfUtils.java:logGet(43)) - raft.server.retrycache.expirytime = 600000ms (custom)
2019-07-14 11:07:42,611 INFO  server.RaftServerConfigKeys (ConfUtils.java:logGet(43)) - raft.server.log.write.buffer.size = 33554432 (custom)
2019-07-14 11:07:42,612 INFO  impl.RaftServerImpl (RaftServerImpl.java:start(180)) - 4ddaf116-ef27-4abd-8bd4-7af3c402b258: start group-28E90B558652
2019-07-14 11:07:42,612 INFO  impl.RaftServerImpl (RaftServerImpl.java:setRole(171)) - 4ddaf116-ef27-4abd-8bd4-7af3c402b258:group-28E90B558652 changes role from null to FOLLOWER at term 0 for startAsFollower
2019-07-14 11:07:42,612 INFO  server.RaftServerConfigKeys (ConfUtils.java:logGet(43)) - raft.server.log.preallocated.size = 16384 (custom)
2019-07-14 11:07:42,612 INFO  impl.RoleInfo (RoleInfo.java:updateAndGet(143)) - 4ddaf116-ef27-4abd-8bd4-7af3c402b258: start FollowerState
2019-07-14 11:07:42,612 INFO  server.RaftServerConfigKeys (ConfUtils.java:logGet(43)) - raft.server.log.force.sync.num = 128 (default)
2019-07-14 11:07:42,612 INFO  server.RaftServerConfigKeys (ConfUtils.java:logGet(43)) - raft.server.log.write.buffer.size = 33554432 (custom)
2019-07-14 11:07:42,613 INFO  server.RaftServerConfigKeys (ConfUtils.java:logGet(43)) - raft.server.log.statemachine.data.sync = true (default)
2019-07-14 11:07:42,613 INFO  util.JmxRegister (JmxRegister.java:tryRegister(44)) - Successfully registered JMX Bean with object name Ratis:service=RaftServer,group=group-28E90B558652,id=4ddaf116-ef27-4abd-8bd4-7af3c402b258
2019-07-14 11:07:42,613 INFO  server.RaftServerConfigKeys (ConfUtils.java:logGet(43)) - raft.server.log.force.sync.num = 128 (default)
2019-07-14 11:07:42,613 INFO  server.RaftServerConfigKeys (ConfUtils.java:logGet(43)) - raft.server.log.statemachine.data.sync.timeout = 10s (default)
2019-07-14 11:07:42,613 INFO  server.RaftServerConfigKeys (ConfUtils.java:logGet(43)) - raft.server.log.statemachine.data.sync = true (default)
2019-07-14 11:07:42,613 INFO  server.RaftServerConfigKeys (ConfUtils.java:logGet(43)) - raft.server.log.statemachine.data.sync.timeout.retry = -1 (default)
2019-07-14 11:07:42,614 INFO  server.RaftServerConfigKeys (ConfUtils.java:logGet(43)) - raft.server.log.statemachine.data.sync.timeout = 10s (default)
2019-07-14 11:07:42,614 INFO  server.RaftServerConfigKeys (ConfUtils.java:logGet(43)) - raft.server.log.statemachine.data.caching.enabled = true (custom)
2019-07-14 11:07:42,614 INFO  server.RaftServerConfigKeys (ConfUtils.java:logGet(43)) - raft.server.log.statemachine.data.sync.timeout.retry = -1 (default)
2019-07-14 11:07:42,614 INFO  segmented.SegmentedRaftLogWorker (SegmentedRaftLogWorker.java:lambda$new$0(132)) - 5a30284b-95a7-4750-9a97-25838f7cc2d2-SegmentedRaftLogWorker:Storage Directory /workdir/hadoop-ozone/integration-test/target/test-dir/MiniOzoneClusterImpl-e441f628-3055-4976-9f22-cf1ee574003e/datanode-1/data/ratis/981b15f6-c00a-4278-93ed-28e90b558652: flushIndex: setUnconditionally 0 -> -1
2019-07-14 11:07:42,614 INFO  server.RaftServerConfigKeys (ConfUtils.java:logGet(43)) - raft.server.log.statemachine.data.caching.enabled = true (custom)
2019-07-14 11:07:42,614 INFO  server.RaftServerConfigKeys (ConfUtils.java:logGet(43)) - raft.server.snapshot.auto.trigger.enabled = true (custom)
2019-07-14 11:07:42,615 INFO  server.RaftServerConfigKeys (ConfUtils.java:logGet(43)) - raft.server.snapshot.auto.trigger.threshold = 10000 (custom)
2019-07-14 11:07:42,615 INFO  segmented.SegmentedRaftLogWorker (SegmentedRaftLogWorker.java:lambda$new$0(132)) - 46cbccf6-8abf-4dc0-9606-2ec792ae2ced-SegmentedRaftLogWorker:Storage Directory /workdir/hadoop-ozone/integration-test/target/test-dir/MiniOzoneClusterImpl-e441f628-3055-4976-9f22-cf1ee574003e/datanode-0/data/ratis/981b15f6-c00a-4278-93ed-28e90b558652: flushIndex: setUnconditionally 0 -> -1
2019-07-14 11:07:42,615 INFO  server.RaftServerConfigKeys (ConfUtils.java:logGet(43)) - raft.server.retrycache.expirytime = 600000ms (custom)
2019-07-14 11:07:42,615 INFO  impl.RaftServerImpl (RaftServerImpl.java:start(180)) - 5a30284b-95a7-4750-9a97-25838f7cc2d2: start group-28E90B558652
2019-07-14 11:07:42,615 INFO  server.RaftServerConfigKeys (ConfUtils.java:logGet(43)) - raft.server.snapshot.auto.trigger.enabled = true (custom)
2019-07-14 11:07:42,615 INFO  impl.RaftServerImpl (RaftServerImpl.java:setRole(171)) - 5a30284b-95a7-4750-9a97-25838f7cc2d2:group-28E90B558652 changes role from null to FOLLOWER at term 0 for startAsFollower
2019-07-14 11:07:42,615 INFO  server.RaftServerConfigKeys (ConfUtils.java:logGet(43)) - raft.server.snapshot.auto.trigger.threshold = 10000 (custom)
2019-07-14 11:07:42,615 INFO  impl.RoleInfo (RoleInfo.java:updateAndGet(143)) - 5a30284b-95a7-4750-9a97-25838f7cc2d2: start FollowerState
2019-07-14 11:07:42,616 INFO  server.RaftServerConfigKeys (ConfUtils.java:logGet(43)) - raft.server.retrycache.expirytime = 600000ms (custom)
2019-07-14 11:07:42,616 INFO  impl.RaftServerImpl (RaftServerImpl.java:start(180)) - 46cbccf6-8abf-4dc0-9606-2ec792ae2ced: start group-28E90B558652
2019-07-14 11:07:42,616 INFO  util.JmxRegister (JmxRegister.java:tryRegister(44)) - Successfully registered JMX Bean with object name Ratis:service=RaftServer,group=group-28E90B558652,id=5a30284b-95a7-4750-9a97-25838f7cc2d2
2019-07-14 11:07:42,616 INFO  impl.RaftServerImpl (RaftServerImpl.java:setRole(171)) - 46cbccf6-8abf-4dc0-9606-2ec792ae2ced:group-28E90B558652 changes role from null to FOLLOWER at term 0 for startAsFollower
2019-07-14 11:07:42,616 INFO  impl.RoleInfo (RoleInfo.java:updateAndGet(143)) - 46cbccf6-8abf-4dc0-9606-2ec792ae2ced: start FollowerState
2019-07-14 11:07:42,617 INFO  util.JmxRegister (JmxRegister.java:tryRegister(44)) - Successfully registered JMX Bean with object name Ratis:service=RaftServer,group=group-28E90B558652,id=46cbccf6-8abf-4dc0-9606-2ec792ae2ced
2019-07-14 11:07:42,619 INFO  pipeline.PipelineStateManager (PipelineStateManager.java:addPipeline(56)) - Created pipeline Pipeline[ Id: 981b15f6-c00a-4278-93ed-28e90b558652, Nodes: 46cbccf6-8abf-4dc0-9606-2ec792ae2ced{ip: 192.168.157.209, host: trunk-nightly-fxmrv-2540794721, networkLocation: /default-rack, certSerialId: null}5a30284b-95a7-4750-9a97-25838f7cc2d2{ip: 192.168.157.209, host: trunk-nightly-fxmrv-2540794721, networkLocation: /default-rack, certSerialId: null}4ddaf116-ef27-4abd-8bd4-7af3c402b258{ip: 192.168.157.209, host: trunk-nightly-fxmrv-2540794721, networkLocation: /default-rack, certSerialId: null}, Type:RATIS, Factor:THREE, State:OPEN]
2019-07-14 11:07:42,669 INFO  node.SCMNodeManager (SCMNodeManager.java:register(269)) - Registered Data node : 5971a380-3faa-4fbf-9d4e-fbebc277ff56{ip: 192.168.157.209, host: trunk-nightly-fxmrv-2540794721, networkLocation: /default-rack, certSerialId: null}
2019-07-14 11:07:42,675 INFO  impl.RaftServerProxy (RaftServerProxy.java:addNew(89)) - 5971a380-3faa-4fbf-9d4e-fbebc277ff56: addNew group-02760DB56A26:[5971a380-3faa-4fbf-9d4e-fbebc277ff56:192.168.157.209:36605] returns group-02760DB56A26:java.util.concurrent.CompletableFuture@2d0ebe43[Not completed]
2019-07-14 11:07:42,676 INFO  impl.RaftServerImpl (RaftServerImpl.java:<init>(93)) - 5971a380-3faa-4fbf-9d4e-fbebc277ff56: new RaftServerImpl for group-02760DB56A26:[5971a380-3faa-4fbf-9d4e-fbebc277ff56:192.168.157.209:36605] with ContainerStateMachine:uninitialized
2019-07-14 11:07:42,677 INFO  server.RaftServerConfigKeys (ConfUtils.java:logGet(43)) - raft.server.rpc.timeout.min = 5s (custom)
2019-07-14 11:07:42,677 INFO  server.RaftServerConfigKeys (ConfUtils.java:logGet(43)) - raft.server.rpc.timeout.max = 5200ms (custom)
2019-07-14 11:07:42,677 INFO  server.RaftServerConfigKeys (ConfUtils.java:logGet(43)) - raft.server.rpcslowness.timeout = 120s (custom)
2019-07-14 11:07:42,677 INFO  server.RaftServerConfigKeys (ConfUtils.java:logGet(43)) - raft.server.sleep.deviation.threshold = 300 (default)
2019-07-14 11:07:42,677 INFO  server.RaftServerConfigKeys (ConfUtils.java:logGet(43)) - raft.server.log.appender.install.snapshot.enabled = false (custom)
2019-07-14 11:07:42,677 INFO  impl.RaftServerImpl (ServerState.java:<init>(105)) - 5971a380-3faa-4fbf-9d4e-fbebc277ff56:group-02760DB56A26 ConfigurationManager, init=-1: [5971a380-3faa-4fbf-9d4e-fbebc277ff56:192.168.157.209:36605], old=null, confs=<EMPTY_MAP>
2019-07-14 11:07:42,678 INFO  server.RaftServerConfigKeys (ConfUtils.java:logGet(43)) - raft.server.storage.dir = [/workdir/hadoop-ozone/integration-test/target/test-dir/MiniOzoneClusterImpl-e441f628-3055-4976-9f22-cf1ee574003e/datanode-3/data/ratis] (custom)
2019-07-14 11:07:42,678 INFO  storage.RaftStorageDirectory (RaftStorageDirectory.java:analyzeStorage(246)) - The storage directory /workdir/hadoop-ozone/integration-test/target/test-dir/MiniOzoneClusterImpl-e441f628-3055-4976-9f22-cf1ee574003e/datanode-3/data/ratis/4fc77f00-c313-44f7-a85d-02760db56a26 does not exist. Creating ...
2019-07-14 11:07:42,691 INFO  storage.RaftStorageDirectory (RaftStorageDirectory.java:tryLock(328)) - Lock on /workdir/hadoop-ozone/integration-test/target/test-dir/MiniOzoneClusterImpl-e441f628-3055-4976-9f22-cf1ee574003e/datanode-3/data/ratis/4fc77f00-c313-44f7-a85d-02760db56a26/in_use.lock acquired by nodename 22243@trunk-nightly-fxmrv-2540794721
2019-07-14 11:07:42,705 INFO  storage.RaftStorage (RaftStorage.java:format(72)) - Storage directory /workdir/hadoop-ozone/integration-test/target/test-dir/MiniOzoneClusterImpl-e441f628-3055-4976-9f22-cf1ee574003e/datanode-3/data/ratis/4fc77f00-c313-44f7-a85d-02760db56a26 has been successfully formatted.
2019-07-14 11:07:42,706 INFO  ratis.ContainerStateMachine (ContainerStateMachine.java:loadSnapshot(200)) - group-02760DB56A26: The snapshot info is null. Setting the last applied indexto:(t:0, i:~)
2019-07-14 11:07:42,706 INFO  server.RaftServerConfigKeys (ConfUtils.java:logGet(43)) - raft.server.leader.election.timeout = 120s (custom)
2019-07-14 11:07:42,706 INFO  server.RaftServerConfigKeys (ConfUtils.java:logGet(43)) - raft.server.log.use.memory = false (default)
2019-07-14 11:07:42,706 INFO  server.RaftServerConfigKeys (ConfUtils.java:logGet(43)) - raft.server.log.purge.gap = 1000000000 (custom)
2019-07-14 11:07:42,706 INFO  server.RaftServerConfigKeys (ConfUtils.java:logGet(43)) - raft.server.log.appender.buffer.byte-limit = 33554432 (custom)
2019-07-14 11:07:42,706 INFO  server.RaftServerConfigKeys (ConfUtils.java:logGet(43)) - raft.server.log.segment.size.max = 1048576 (custom)
2019-07-14 11:07:42,707 INFO  server.RaftServerConfigKeys (ConfUtils.java:logGet(43)) - raft.server.log.segment.cache.num.max = 2 (custom)
2019-07-14 11:07:42,707 INFO  segmented.SegmentedRaftLogWorker (SegmentedRaftLogWorker.java:<init>(172)) - new 5971a380-3faa-4fbf-9d4e-fbebc277ff56-SegmentedRaftLogWorker:Storage Directory /workdir/hadoop-ozone/integration-test/target/test-dir/MiniOzoneClusterImpl-e441f628-3055-4976-9f22-cf1ee574003e/datanode-3/data/ratis/4fc77f00-c313-44f7-a85d-02760db56a26 for RaftStorage:Storage Directory /workdir/hadoop-ozone/integration-test/target/test-dir/MiniOzoneClusterImpl-e441f628-3055-4976-9f22-cf1ee574003e/datanode-3/data/ratis/4fc77f00-c313-44f7-a85d-02760db56a26
2019-07-14 11:07:42,707 INFO  server.RaftServerConfigKeys (ConfUtils.java:logGet(43)) - raft.server.log.queue.byte-limit = 2147483647 (custom)
2019-07-14 11:07:42,707 INFO  server.RaftServerConfigKeys (ConfUtils.java:logGet(43)) - raft.server.log.queue.element-limit = 1024 (custom)
2019-07-14 11:07:42,707 INFO  server.RaftServerConfigKeys (ConfUtils.java:logGet(43)) - raft.server.log.segment.size.max = 1048576 (custom)
2019-07-14 11:07:42,708 INFO  server.RaftServerConfigKeys (ConfUtils.java:logGet(43)) - raft.server.log.preallocated.size = 16384 (custom)
2019-07-14 11:07:42,708 INFO  server.RaftServerConfigKeys (ConfUtils.java:logGet(43)) - raft.server.log.write.buffer.size = 33554432 (custom)
2019-07-14 11:07:42,708 INFO  server.RaftServerConfigKeys (ConfUtils.java:logGet(43)) - raft.server.log.force.sync.num = 128 (default)
2019-07-14 11:07:42,708 INFO  server.RaftServerConfigKeys (ConfUtils.java:logGet(43)) - raft.server.log.statemachine.data.sync = true (default)
2019-07-14 11:07:42,708 INFO  server.RaftServerConfigKeys (ConfUtils.java:logGet(43)) - raft.server.log.statemachine.data.sync.timeout = 10s (default)
2019-07-14 11:07:42,708 INFO  server.RaftServerConfigKeys (ConfUtils.java:logGet(43)) - raft.server.log.statemachine.data.sync.timeout.retry = -1 (default)
2019-07-14 11:07:42,709 INFO  server.RaftServerConfigKeys (ConfUtils.java:logGet(43)) - raft.server.log.statemachine.data.caching.enabled = true (custom)
2019-07-14 11:07:42,709 INFO  segmented.SegmentedRaftLogWorker (SegmentedRaftLogWorker.java:lambda$new$0(132)) - 5971a380-3faa-4fbf-9d4e-fbebc277ff56-SegmentedRaftLogWorker:Storage Directory /workdir/hadoop-ozone/integration-test/target/test-dir/MiniOzoneClusterImpl-e441f628-3055-4976-9f22-cf1ee574003e/datanode-3/data/ratis/4fc77f00-c313-44f7-a85d-02760db56a26: flushIndex: setUnconditionally 0 -> -1
2019-07-14 11:07:42,709 INFO  server.RaftServerConfigKeys (ConfUtils.java:logGet(43)) - raft.server.snapshot.auto.trigger.enabled = true (custom)
2019-07-14 11:07:42,709 INFO  server.RaftServerConfigKeys (ConfUtils.java:logGet(43)) - raft.server.snapshot.auto.trigger.threshold = 10000 (custom)
2019-07-14 11:07:42,710 INFO  server.RaftServerConfigKeys (ConfUtils.java:logGet(43)) - raft.server.retrycache.expirytime = 600000ms (custom)
2019-07-14 11:07:42,710 INFO  impl.RaftServerImpl (RaftServerImpl.java:start(180)) - 5971a380-3faa-4fbf-9d4e-fbebc277ff56: start group-02760DB56A26
2019-07-14 11:07:42,710 INFO  impl.RaftServerImpl (RaftServerImpl.java:setRole(171)) - 5971a380-3faa-4fbf-9d4e-fbebc277ff56:group-02760DB56A26 changes role from null to FOLLOWER at term 0 for startAsFollower
2019-07-14 11:07:42,710 INFO  impl.RoleInfo (RoleInfo.java:updateAndGet(143)) - 5971a380-3faa-4fbf-9d4e-fbebc277ff56: start FollowerState
2019-07-14 11:07:42,711 INFO  util.JmxRegister (JmxRegister.java:tryRegister(44)) - Successfully registered JMX Bean with object name Ratis:service=RaftServer,group=group-02760DB56A26,id=5971a380-3faa-4fbf-9d4e-fbebc277ff56
2019-07-14 11:07:42,713 INFO  pipeline.PipelineStateManager (PipelineStateManager.java:addPipeline(56)) - Created pipeline Pipeline[ Id: 4fc77f00-c313-44f7-a85d-02760db56a26, Nodes: 5971a380-3faa-4fbf-9d4e-fbebc277ff56{ip: 192.168.157.209, host: trunk-nightly-fxmrv-2540794721, networkLocation: /default-rack, certSerialId: null}, Type:RATIS, Factor:ONE, State:OPEN]
2019-07-14 11:07:43,015 INFO  node.SCMNodeManager (SCMNodeManager.java:register(269)) - Registered Data node : 934adac8-c3af-43b3-8b4c-a41ff868ac75{ip: 192.168.157.209, host: trunk-nightly-fxmrv-2540794721, networkLocation: /default-rack, certSerialId: null}
2019-07-14 11:07:43,034 INFO  impl.RaftServerProxy (RaftServerProxy.java:addNew(89)) - 934adac8-c3af-43b3-8b4c-a41ff868ac75: addNew group-A1E4F0BCBAA4:[934adac8-c3af-43b3-8b4c-a41ff868ac75:192.168.157.209:41684] returns group-A1E4F0BCBAA4:java.util.concurrent.CompletableFuture@1d0cc3e5[Not completed]
2019-07-14 11:07:43,035 INFO  impl.RaftServerImpl (RaftServerImpl.java:<init>(93)) - 934adac8-c3af-43b3-8b4c-a41ff868ac75: new RaftServerImpl for group-A1E4F0BCBAA4:[934adac8-c3af-43b3-8b4c-a41ff868ac75:192.168.157.209:41684] with ContainerStateMachine:uninitialized
2019-07-14 11:07:43,035 INFO  server.RaftServerConfigKeys (ConfUtils.java:logGet(43)) - raft.server.rpc.timeout.min = 5s (custom)
2019-07-14 11:07:43,035 INFO  server.RaftServerConfigKeys (ConfUtils.java:logGet(43)) - raft.server.rpc.timeout.max = 5200ms (custom)
2019-07-14 11:07:43,036 INFO  server.RaftServerConfigKeys (ConfUtils.java:logGet(43)) - raft.server.rpcslowness.timeout = 120s (custom)
2019-07-14 11:07:43,036 INFO  server.RaftServerConfigKeys (ConfUtils.java:logGet(43)) - raft.server.sleep.deviation.threshold = 300 (default)
2019-07-14 11:07:43,036 INFO  server.RaftServerConfigKeys (ConfUtils.java:logGet(43)) - raft.server.log.appender.install.snapshot.enabled = false (custom)
2019-07-14 11:07:43,036 INFO  impl.RaftServerImpl (ServerState.java:<init>(105)) - 934adac8-c3af-43b3-8b4c-a41ff868ac75:group-A1E4F0BCBAA4 ConfigurationManager, init=-1: [934adac8-c3af-43b3-8b4c-a41ff868ac75:192.168.157.209:41684], old=null, confs=<EMPTY_MAP>
2019-07-14 11:07:43,036 INFO  server.RaftServerConfigKeys (ConfUtils.java:logGet(43)) - raft.server.storage.dir = [/workdir/hadoop-ozone/integration-test/target/test-dir/MiniOzoneClusterImpl-e441f628-3055-4976-9f22-cf1ee574003e/datanode-4/data/ratis] (custom)
2019-07-14 11:07:43,037 INFO  storage.RaftStorageDirectory (RaftStorageDirectory.java:analyzeStorage(246)) - The storage directory /workdir/hadoop-ozone/integration-test/target/test-dir/MiniOzoneClusterImpl-e441f628-3055-4976-9f22-cf1ee574003e/datanode-4/data/ratis/83b735fd-7597-43c0-8158-a1e4f0bcbaa4 does not exist. Creating ...
2019-07-14 11:07:43,049 INFO  storage.RaftStorageDirectory (RaftStorageDirectory.java:tryLock(328)) - Lock on /workdir/hadoop-ozone/integration-test/target/test-dir/MiniOzoneClusterImpl-e441f628-3055-4976-9f22-cf1ee574003e/datanode-4/data/ratis/83b735fd-7597-43c0-8158-a1e4f0bcbaa4/in_use.lock acquired by nodename 22243@trunk-nightly-fxmrv-2540794721
2019-07-14 11:07:43,062 INFO  storage.RaftStorage (RaftStorage.java:format(72)) - Storage directory /workdir/hadoop-ozone/integration-test/target/test-dir/MiniOzoneClusterImpl-e441f628-3055-4976-9f22-cf1ee574003e/datanode-4/data/ratis/83b735fd-7597-43c0-8158-a1e4f0bcbaa4 has been successfully formatted.
2019-07-14 11:07:43,062 INFO  ratis.ContainerStateMachine (ContainerStateMachine.java:loadSnapshot(200)) - group-A1E4F0BCBAA4: The snapshot info is null. Setting the last applied indexto:(t:0, i:~)
2019-07-14 11:07:43,062 INFO  server.RaftServerConfigKeys (ConfUtils.java:logGet(43)) - raft.server.leader.election.timeout = 120s (custom)
2019-07-14 11:07:43,063 INFO  server.RaftServerConfigKeys (ConfUtils.java:logGet(43)) - raft.server.log.use.memory = false (default)
2019-07-14 11:07:43,063 INFO  server.RaftServerConfigKeys (ConfUtils.java:logGet(43)) - raft.server.log.purge.gap = 1000000000 (custom)
2019-07-14 11:07:43,063 INFO  server.RaftServerConfigKeys (ConfUtils.java:logGet(43)) - raft.server.log.appender.buffer.byte-limit = 33554432 (custom)
2019-07-14 11:07:43,063 INFO  server.RaftServerConfigKeys (ConfUtils.java:logGet(43)) - raft.server.log.segment.size.max = 1048576 (custom)
2019-07-14 11:07:43,063 INFO  server.RaftServerConfigKeys (ConfUtils.java:logGet(43)) - raft.server.log.segment.cache.num.max = 2 (custom)
2019-07-14 11:07:43,063 INFO  segmented.SegmentedRaftLogWorker (SegmentedRaftLogWorker.java:<init>(172)) - new 934adac8-c3af-43b3-8b4c-a41ff868ac75-SegmentedRaftLogWorker:Storage Directory /workdir/hadoop-ozone/integration-test/target/test-dir/MiniOzoneClusterImpl-e441f628-3055-4976-9f22-cf1ee574003e/datanode-4/data/ratis/83b735fd-7597-43c0-8158-a1e4f0bcbaa4 for RaftStorage:Storage Directory /workdir/hadoop-ozone/integration-test/target/test-dir/MiniOzoneClusterImpl-e441f628-3055-4976-9f22-cf1ee574003e/datanode-4/data/ratis/83b735fd-7597-43c0-8158-a1e4f0bcbaa4
2019-07-14 11:07:43,064 INFO  server.RaftServerConfigKeys (ConfUtils.java:logGet(43)) - raft.server.log.queue.byte-limit = 2147483647 (custom)
2019-07-14 11:07:43,064 INFO  server.RaftServerConfigKeys (ConfUtils.java:logGet(43)) - raft.server.log.queue.element-limit = 1024 (custom)
2019-07-14 11:07:43,064 INFO  server.RaftServerConfigKeys (ConfUtils.java:logGet(43)) - raft.server.log.segment.size.max = 1048576 (custom)
2019-07-14 11:07:43,064 INFO  server.RaftServerConfigKeys (ConfUtils.java:logGet(43)) - raft.server.log.preallocated.size = 16384 (custom)
2019-07-14 11:07:43,064 INFO  server.RaftServerConfigKeys (ConfUtils.java:logGet(43)) - raft.server.log.write.buffer.size = 33554432 (custom)
2019-07-14 11:07:43,064 INFO  server.RaftServerConfigKeys (ConfUtils.java:logGet(43)) - raft.server.log.force.sync.num = 128 (default)
2019-07-14 11:07:43,065 INFO  server.RaftServerConfigKeys (ConfUtils.java:logGet(43)) - raft.server.log.statemachine.data.sync = true (default)
2019-07-14 11:07:43,065 INFO  server.RaftServerConfigKeys (ConfUtils.java:logGet(43)) - raft.server.log.statemachine.data.sync.timeout = 10s (default)
2019-07-14 11:07:43,065 INFO  server.RaftServerConfigKeys (ConfUtils.java:logGet(43)) - raft.server.log.statemachine.data.sync.timeout.retry = -1 (default)
2019-07-14 11:07:43,065 INFO  server.RaftServerConfigKeys (ConfUtils.java:logGet(43)) - raft.server.log.statemachine.data.caching.enabled = true (custom)
2019-07-14 11:07:43,065 INFO  segmented.SegmentedRaftLogWorker (SegmentedRaftLogWorker.java:lambda$new$0(132)) - 934adac8-c3af-43b3-8b4c-a41ff868ac75-SegmentedRaftLogWorker:Storage Directory /workdir/hadoop-ozone/integration-test/target/test-dir/MiniOzoneClusterImpl-e441f628-3055-4976-9f22-cf1ee574003e/datanode-4/data/ratis/83b735fd-7597-43c0-8158-a1e4f0bcbaa4: flushIndex: setUnconditionally 0 -> -1
2019-07-14 11:07:43,066 INFO  server.RaftServerConfigKeys (ConfUtils.java:logGet(43)) - raft.server.snapshot.auto.trigger.enabled = true (custom)
2019-07-14 11:07:43,066 INFO  server.RaftServerConfigKeys (ConfUtils.java:logGet(43)) - raft.server.snapshot.auto.trigger.threshold = 10000 (custom)
2019-07-14 11:07:43,066 INFO  server.RaftServerConfigKeys (ConfUtils.java:logGet(43)) - raft.server.retrycache.expirytime = 600000ms (custom)
2019-07-14 11:07:43,066 INFO  impl.RaftServerImpl (RaftServerImpl.java:start(180)) - 934adac8-c3af-43b3-8b4c-a41ff868ac75: start group-A1E4F0BCBAA4
2019-07-14 11:07:43,067 INFO  impl.RaftServerImpl (RaftServerImpl.java:setRole(171)) - 934adac8-c3af-43b3-8b4c-a41ff868ac75:group-A1E4F0BCBAA4 changes role from null to FOLLOWER at term 0 for startAsFollower
2019-07-14 11:07:43,067 INFO  impl.RoleInfo (RoleInfo.java:updateAndGet(143)) - 934adac8-c3af-43b3-8b4c-a41ff868ac75: start FollowerState
2019-07-14 11:07:43,067 INFO  util.JmxRegister (JmxRegister.java:tryRegister(44)) - Successfully registered JMX Bean with object name Ratis:service=RaftServer,group=group-A1E4F0BCBAA4,id=934adac8-c3af-43b3-8b4c-a41ff868ac75
2019-07-14 11:07:43,069 INFO  pipeline.PipelineStateManager (PipelineStateManager.java:addPipeline(56)) - Created pipeline Pipeline[ Id: 83b735fd-7597-43c0-8158-a1e4f0bcbaa4, Nodes: 934adac8-c3af-43b3-8b4c-a41ff868ac75{ip: 192.168.157.209, host: trunk-nightly-fxmrv-2540794721, networkLocation: /default-rack, certSerialId: null}, Type:RATIS, Factor:ONE, State:OPEN]
2019-07-14 11:07:43,215 INFO  node.SCMNodeManager (SCMNodeManager.java:register(269)) - Registered Data node : 007896fc-8c18-4e3c-bcdc-868b62719fd3{ip: 192.168.157.209, host: trunk-nightly-fxmrv-2540794721, networkLocation: /default-rack, certSerialId: null}
2019-07-14 11:07:43,221 INFO  impl.RaftServerProxy (RaftServerProxy.java:addNew(89)) - 007896fc-8c18-4e3c-bcdc-868b62719fd3: addNew group-F31746931609:[007896fc-8c18-4e3c-bcdc-868b62719fd3:192.168.157.209:40822] returns group-F31746931609:java.util.concurrent.CompletableFuture@3349103e[Not completed]
2019-07-14 11:07:43,222 INFO  impl.RaftServerImpl (RaftServerImpl.java:<init>(93)) - 007896fc-8c18-4e3c-bcdc-868b62719fd3: new RaftServerImpl for group-F31746931609:[007896fc-8c18-4e3c-bcdc-868b62719fd3:192.168.157.209:40822] with ContainerStateMachine:uninitialized
2019-07-14 11:07:43,222 INFO  server.RaftServerConfigKeys (ConfUtils.java:logGet(43)) - raft.server.rpc.timeout.min = 5s (custom)
2019-07-14 11:07:43,223 INFO  server.RaftServerConfigKeys (ConfUtils.java:logGet(43)) - raft.server.rpc.timeout.max = 5200ms (custom)
2019-07-14 11:07:43,223 INFO  server.RaftServerConfigKeys (ConfUtils.java:logGet(43)) - raft.server.rpcslowness.timeout = 120s (custom)
2019-07-14 11:07:43,223 INFO  server.RaftServerConfigKeys (ConfUtils.java:logGet(43)) - raft.server.sleep.deviation.threshold = 300 (default)
2019-07-14 11:07:43,223 INFO  server.RaftServerConfigKeys (ConfUtils.java:logGet(43)) - raft.server.log.appender.install.snapshot.enabled = false (custom)
2019-07-14 11:07:43,223 INFO  impl.RaftServerImpl (ServerState.java:<init>(105)) - 007896fc-8c18-4e3c-bcdc-868b62719fd3:group-F31746931609 ConfigurationManager, init=-1: [007896fc-8c18-4e3c-bcdc-868b62719fd3:192.168.157.209:40822], old=null, confs=<EMPTY_MAP>
2019-07-14 11:07:43,223 INFO  server.RaftServerConfigKeys (ConfUtils.java:logGet(43)) - raft.server.storage.dir = [/workdir/hadoop-ozone/integration-test/target/test-dir/MiniOzoneClusterImpl-e441f628-3055-4976-9f22-cf1ee574003e/datanode-5/data/ratis] (custom)
2019-07-14 11:07:43,224 INFO  storage.RaftStorageDirectory (RaftStorageDirectory.java:analyzeStorage(246)) - The storage directory /workdir/hadoop-ozone/integration-test/target/test-dir/MiniOzoneClusterImpl-e441f628-3055-4976-9f22-cf1ee574003e/datanode-5/data/ratis/dc989b8e-366b-408f-a20b-f31746931609 does not exist. Creating ...
2019-07-14 11:07:43,245 INFO  storage.RaftStorageDirectory (RaftStorageDirectory.java:tryLock(328)) - Lock on /workdir/hadoop-ozone/integration-test/target/test-dir/MiniOzoneClusterImpl-e441f628-3055-4976-9f22-cf1ee574003e/datanode-5/data/ratis/dc989b8e-366b-408f-a20b-f31746931609/in_use.lock acquired by nodename 22243@trunk-nightly-fxmrv-2540794721
2019-07-14 11:07:43,258 INFO  storage.RaftStorage (RaftStorage.java:format(72)) - Storage directory /workdir/hadoop-ozone/integration-test/target/test-dir/MiniOzoneClusterImpl-e441f628-3055-4976-9f22-cf1ee574003e/datanode-5/data/ratis/dc989b8e-366b-408f-a20b-f31746931609 has been successfully formatted.
2019-07-14 11:07:43,259 INFO  ratis.ContainerStateMachine (ContainerStateMachine.java:loadSnapshot(200)) - group-F31746931609: The snapshot info is null. Setting the last applied indexto:(t:0, i:~)
2019-07-14 11:07:43,259 INFO  server.RaftServerConfigKeys (ConfUtils.java:logGet(43)) - raft.server.leader.election.timeout = 120s (custom)
2019-07-14 11:07:43,259 INFO  server.RaftServerConfigKeys (ConfUtils.java:logGet(43)) - raft.server.log.use.memory = false (default)
2019-07-14 11:07:43,259 INFO  server.RaftServerConfigKeys (ConfUtils.java:logGet(43)) - raft.server.log.purge.gap = 1000000000 (custom)
2019-07-14 11:07:43,259 INFO  server.RaftServerConfigKeys (ConfUtils.java:logGet(43)) - raft.server.log.appender.buffer.byte-limit = 33554432 (custom)
2019-07-14 11:07:43,260 INFO  server.RaftServerConfigKeys (ConfUtils.java:logGet(43)) - raft.server.log.segment.size.max = 1048576 (custom)
2019-07-14 11:07:43,260 INFO  server.RaftServerConfigKeys (ConfUtils.java:logGet(43)) - raft.server.log.segment.cache.num.max = 2 (custom)
2019-07-14 11:07:43,260 INFO  segmented.SegmentedRaftLogWorker (SegmentedRaftLogWorker.java:<init>(172)) - new 007896fc-8c18-4e3c-bcdc-868b62719fd3-SegmentedRaftLogWorker:Storage Directory /workdir/hadoop-ozone/integration-test/target/test-dir/MiniOzoneClusterImpl-e441f628-3055-4976-9f22-cf1ee574003e/datanode-5/data/ratis/dc989b8e-366b-408f-a20b-f31746931609 for RaftStorage:Storage Directory /workdir/hadoop-ozone/integration-test/target/test-dir/MiniOzoneClusterImpl-e441f628-3055-4976-9f22-cf1ee574003e/datanode-5/data/ratis/dc989b8e-366b-408f-a20b-f31746931609
2019-07-14 11:07:43,260 INFO  server.RaftServerConfigKeys (ConfUtils.java:logGet(43)) - raft.server.log.queue.byte-limit = 2147483647 (custom)
2019-07-14 11:07:43,260 INFO  server.RaftServerConfigKeys (ConfUtils.java:logGet(43)) - raft.server.log.queue.element-limit = 1024 (custom)
2019-07-14 11:07:43,261 INFO  server.RaftServerConfigKeys (ConfUtils.java:logGet(43)) - raft.server.log.segment.size.max = 1048576 (custom)
2019-07-14 11:07:43,261 INFO  server.RaftServerConfigKeys (ConfUtils.java:logGet(43)) - raft.server.log.preallocated.size = 16384 (custom)
2019-07-14 11:07:43,261 INFO  server.RaftServerConfigKeys (ConfUtils.java:logGet(43)) - raft.server.log.write.buffer.size = 33554432 (custom)
2019-07-14 11:07:43,261 INFO  server.RaftServerConfigKeys (ConfUtils.java:logGet(43)) - raft.server.log.force.sync.num = 128 (default)
2019-07-14 11:07:43,261 INFO  server.RaftServerConfigKeys (ConfUtils.java:logGet(43)) - raft.server.log.statemachine.data.sync = true (default)
2019-07-14 11:07:43,261 INFO  server.RaftServerConfigKeys (ConfUtils.java:logGet(43)) - raft.server.log.statemachine.data.sync.timeout = 10s (default)
2019-07-14 11:07:43,262 INFO  server.RaftServerConfigKeys (ConfUtils.java:logGet(43)) - raft.server.log.statemachine.data.sync.timeout.retry = -1 (default)
2019-07-14 11:07:43,262 INFO  server.RaftServerConfigKeys (ConfUtils.java:logGet(43)) - raft.server.log.statemachine.data.caching.enabled = true (custom)
2019-07-14 11:07:43,262 INFO  segmented.SegmentedRaftLogWorker (SegmentedRaftLogWorker.java:lambda$new$0(132)) - 007896fc-8c18-4e3c-bcdc-868b62719fd3-SegmentedRaftLogWorker:Storage Directory /workdir/hadoop-ozone/integration-test/target/test-dir/MiniOzoneClusterImpl-e441f628-3055-4976-9f22-cf1ee574003e/datanode-5/data/ratis/dc989b8e-366b-408f-a20b-f31746931609: flushIndex: setUnconditionally 0 -> -1
2019-07-14 11:07:43,263 INFO  server.RaftServerConfigKeys (ConfUtils.java:logGet(43)) - raft.server.snapshot.auto.trigger.enabled = true (custom)
2019-07-14 11:07:43,263 INFO  server.RaftServerConfigKeys (ConfUtils.java:logGet(43)) - raft.server.snapshot.auto.trigger.threshold = 10000 (custom)
2019-07-14 11:07:43,263 INFO  server.RaftServerConfigKeys (ConfUtils.java:logGet(43)) - raft.server.retrycache.expirytime = 600000ms (custom)
2019-07-14 11:07:43,263 INFO  impl.RaftServerImpl (RaftServerImpl.java:start(180)) - 007896fc-8c18-4e3c-bcdc-868b62719fd3: start group-F31746931609
2019-07-14 11:07:43,263 INFO  impl.RaftServerImpl (RaftServerImpl.java:setRole(171)) - 007896fc-8c18-4e3c-bcdc-868b62719fd3:group-F31746931609 changes role from null to FOLLOWER at term 0 for startAsFollower
2019-07-14 11:07:43,263 INFO  impl.RoleInfo (RoleInfo.java:updateAndGet(143)) - 007896fc-8c18-4e3c-bcdc-868b62719fd3: start FollowerState
2019-07-14 11:07:43,264 INFO  util.JmxRegister (JmxRegister.java:tryRegister(44)) - Successfully registered JMX Bean with object name Ratis:service=RaftServer,group=group-F31746931609,id=007896fc-8c18-4e3c-bcdc-868b62719fd3
2019-07-14 11:07:43,266 INFO  pipeline.PipelineStateManager (PipelineStateManager.java:addPipeline(56)) - Created pipeline Pipeline[ Id: dc989b8e-366b-408f-a20b-f31746931609, Nodes: 007896fc-8c18-4e3c-bcdc-868b62719fd3{ip: 192.168.157.209, host: trunk-nightly-fxmrv-2540794721, networkLocation: /default-rack, certSerialId: null}, Type:RATIS, Factor:ONE, State:OPEN]
2019-07-14 11:07:43,288 INFO  impl.RaftServerProxy (RaftServerProxy.java:addNew(89)) - 934adac8-c3af-43b3-8b4c-a41ff868ac75: addNew group-A488590EDA1C:[934adac8-c3af-43b3-8b4c-a41ff868ac75:192.168.157.209:41684, 5971a380-3faa-4fbf-9d4e-fbebc277ff56:192.168.157.209:36605, 007896fc-8c18-4e3c-bcdc-868b62719fd3:192.168.157.209:40822] returns group-A488590EDA1C:java.util.concurrent.CompletableFuture@49dd886e[Not completed]
2019-07-14 11:07:43,288 INFO  impl.RaftServerProxy (RaftServerProxy.java:addNew(89)) - 007896fc-8c18-4e3c-bcdc-868b62719fd3: addNew group-A488590EDA1C:[934adac8-c3af-43b3-8b4c-a41ff868ac75:192.168.157.209:41684, 5971a380-3faa-4fbf-9d4e-fbebc277ff56:192.168.157.209:36605, 007896fc-8c18-4e3c-bcdc-868b62719fd3:192.168.157.209:40822] returns group-A488590EDA1C:java.util.concurrent.CompletableFuture@2bbbf85[Not completed]
2019-07-14 11:07:43,288 INFO  impl.RaftServerProxy (RaftServerProxy.java:addNew(89)) - 5971a380-3faa-4fbf-9d4e-fbebc277ff56: addNew group-A488590EDA1C:[934adac8-c3af-43b3-8b4c-a41ff868ac75:192.168.157.209:41684, 5971a380-3faa-4fbf-9d4e-fbebc277ff56:192.168.157.209:36605, 007896fc-8c18-4e3c-bcdc-868b62719fd3:192.168.157.209:40822] returns group-A488590EDA1C:java.util.concurrent.CompletableFuture@3380650b[Not completed]
2019-07-14 11:07:43,289 INFO  impl.RaftServerImpl (RaftServerImpl.java:<init>(93)) - 934adac8-c3af-43b3-8b4c-a41ff868ac75: new RaftServerImpl for group-A488590EDA1C:[934adac8-c3af-43b3-8b4c-a41ff868ac75:192.168.157.209:41684, 5971a380-3faa-4fbf-9d4e-fbebc277ff56:192.168.157.209:36605, 007896fc-8c18-4e3c-bcdc-868b62719fd3:192.168.157.209:40822] with ContainerStateMachine:uninitialized
2019-07-14 11:07:43,289 INFO  server.RaftServerConfigKeys (ConfUtils.java:logGet(43)) - raft.server.rpc.timeout.min = 5s (custom)
2019-07-14 11:07:43,289 INFO  server.RaftServerConfigKeys (ConfUtils.java:logGet(43)) - raft.server.rpc.timeout.max = 5200ms (custom)
2019-07-14 11:07:43,290 INFO  server.RaftServerConfigKeys (ConfUtils.java:logGet(43)) - raft.server.rpcslowness.timeout = 120s (custom)
2019-07-14 11:07:43,290 INFO  server.RaftServerConfigKeys (ConfUtils.java:logGet(43)) - raft.server.sleep.deviation.threshold = 300 (default)
2019-07-14 11:07:43,290 INFO  server.RaftServerConfigKeys (ConfUtils.java:logGet(43)) - raft.server.log.appender.install.snapshot.enabled = false (custom)
2019-07-14 11:07:43,290 INFO  impl.RaftServerImpl (RaftServerImpl.java:<init>(93)) - 5971a380-3faa-4fbf-9d4e-fbebc277ff56: new RaftServerImpl for group-A488590EDA1C:[934adac8-c3af-43b3-8b4c-a41ff868ac75:192.168.157.209:41684, 5971a380-3faa-4fbf-9d4e-fbebc277ff56:192.168.157.209:36605, 007896fc-8c18-4e3c-bcdc-868b62719fd3:192.168.157.209:40822] with ContainerStateMachine:uninitialized
2019-07-14 11:07:43,290 INFO  impl.RaftServerImpl (ServerState.java:<init>(105)) - 934adac8-c3af-43b3-8b4c-a41ff868ac75:group-A488590EDA1C ConfigurationManager, init=-1: [934adac8-c3af-43b3-8b4c-a41ff868ac75:192.168.157.209:41684, 5971a380-3faa-4fbf-9d4e-fbebc277ff56:192.168.157.209:36605, 007896fc-8c18-4e3c-bcdc-868b62719fd3:192.168.157.209:40822], old=null, confs=<EMPTY_MAP>
2019-07-14 11:07:43,290 INFO  impl.RaftServerImpl (RaftServerImpl.java:<init>(93)) - 007896fc-8c18-4e3c-bcdc-868b62719fd3: new RaftServerImpl for group-A488590EDA1C:[934adac8-c3af-43b3-8b4c-a41ff868ac75:192.168.157.209:41684, 5971a380-3faa-4fbf-9d4e-fbebc277ff56:192.168.157.209:36605, 007896fc-8c18-4e3c-bcdc-868b62719fd3:192.168.157.209:40822] with ContainerStateMachine:uninitialized
2019-07-14 11:07:43,290 INFO  server.RaftServerConfigKeys (ConfUtils.java:logGet(43)) - raft.server.rpc.timeout.min = 5s (custom)
2019-07-14 11:07:43,290 INFO  server.RaftServerConfigKeys (ConfUtils.java:logGet(43)) - raft.server.rpc.timeout.min = 5s (custom)
2019-07-14 11:07:43,290 INFO  server.RaftServerConfigKeys (ConfUtils.java:logGet(43)) - raft.server.storage.dir = [/workdir/hadoop-ozone/integration-test/target/test-dir/MiniOzoneClusterImpl-e441f628-3055-4976-9f22-cf1ee574003e/datanode-4/data/ratis] (custom)
2019-07-14 11:07:43,291 INFO  server.RaftServerConfigKeys (ConfUtils.java:logGet(43)) - raft.server.rpc.timeout.max = 5200ms (custom)
2019-07-14 11:07:43,291 INFO  server.RaftServerConfigKeys (ConfUtils.java:logGet(43)) - raft.server.rpcslowness.timeout = 120s (custom)
2019-07-14 11:07:43,291 INFO  server.RaftServerConfigKeys (ConfUtils.java:logGet(43)) - raft.server.rpc.timeout.max = 5200ms (custom)
2019-07-14 11:07:43,291 INFO  server.RaftServerConfigKeys (ConfUtils.java:logGet(43)) - raft.server.sleep.deviation.threshold = 300 (default)
2019-07-14 11:07:43,291 INFO  storage.RaftStorageDirectory (RaftStorageDirectory.java:analyzeStorage(246)) - The storage directory /workdir/hadoop-ozone/integration-test/target/test-dir/MiniOzoneClusterImpl-e441f628-3055-4976-9f22-cf1ee574003e/datanode-4/data/ratis/2bdb29bd-a467-4566-9061-a488590eda1c does not exist. Creating ...
2019-07-14 11:07:43,292 INFO  server.RaftServerConfigKeys (ConfUtils.java:logGet(43)) - raft.server.log.appender.install.snapshot.enabled = false (custom)
2019-07-14 11:07:43,291 INFO  server.RaftServerConfigKeys (ConfUtils.java:logGet(43)) - raft.server.rpcslowness.timeout = 120s (custom)
2019-07-14 11:07:43,292 INFO  impl.RaftServerImpl (ServerState.java:<init>(105)) - 007896fc-8c18-4e3c-bcdc-868b62719fd3:group-A488590EDA1C ConfigurationManager, init=-1: [934adac8-c3af-43b3-8b4c-a41ff868ac75:192.168.157.209:41684, 5971a380-3faa-4fbf-9d4e-fbebc277ff56:192.168.157.209:36605, 007896fc-8c18-4e3c-bcdc-868b62719fd3:192.168.157.209:40822], old=null, confs=<EMPTY_MAP>
2019-07-14 11:07:43,292 INFO  server.RaftServerConfigKeys (ConfUtils.java:logGet(43)) - raft.server.sleep.deviation.threshold = 300 (default)
2019-07-14 11:07:43,292 INFO  server.RaftServerConfigKeys (ConfUtils.java:logGet(43)) - raft.server.storage.dir = [/workdir/hadoop-ozone/integration-test/target/test-dir/MiniOzoneClusterImpl-e441f628-3055-4976-9f22-cf1ee574003e/datanode-5/data/ratis] (custom)
2019-07-14 11:07:43,292 INFO  server.RaftServerConfigKeys (ConfUtils.java:logGet(43)) - raft.server.log.appender.install.snapshot.enabled = false (custom)
2019-07-14 11:07:43,293 INFO  storage.RaftStorageDirectory (RaftStorageDirectory.java:analyzeStorage(246)) - The storage directory /workdir/hadoop-ozone/integration-test/target/test-dir/MiniOzoneClusterImpl-e441f628-3055-4976-9f22-cf1ee574003e/datanode-5/data/ratis/2bdb29bd-a467-4566-9061-a488590eda1c does not exist. Creating ...
2019-07-14 11:07:43,293 INFO  impl.RaftServerImpl (ServerState.java:<init>(105)) - 5971a380-3faa-4fbf-9d4e-fbebc277ff56:group-A488590EDA1C ConfigurationManager, init=-1: [934adac8-c3af-43b3-8b4c-a41ff868ac75:192.168.157.209:41684, 5971a380-3faa-4fbf-9d4e-fbebc277ff56:192.168.157.209:36605, 007896fc-8c18-4e3c-bcdc-868b62719fd3:192.168.157.209:40822], old=null, confs=<EMPTY_MAP>
2019-07-14 11:07:43,293 INFO  server.RaftServerConfigKeys (ConfUtils.java:logGet(43)) - raft.server.storage.dir = [/workdir/hadoop-ozone/integration-test/target/test-dir/MiniOzoneClusterImpl-e441f628-3055-4976-9f22-cf1ee574003e/datanode-3/data/ratis] (custom)
2019-07-14 11:07:43,294 INFO  storage.RaftStorageDirectory (RaftStorageDirectory.java:analyzeStorage(246)) - The storage directory /workdir/hadoop-ozone/integration-test/target/test-dir/MiniOzoneClusterImpl-e441f628-3055-4976-9f22-cf1ee574003e/datanode-3/data/ratis/2bdb29bd-a467-4566-9061-a488590eda1c does not exist. Creating ...
2019-07-14 11:07:43,305 INFO  storage.RaftStorageDirectory (RaftStorageDirectory.java:tryLock(328)) - Lock on /workdir/hadoop-ozone/integration-test/target/test-dir/MiniOzoneClusterImpl-e441f628-3055-4976-9f22-cf1ee574003e/datanode-4/data/ratis/2bdb29bd-a467-4566-9061-a488590eda1c/in_use.lock acquired by nodename 22243@trunk-nightly-fxmrv-2540794721
2019-07-14 11:07:43,305 INFO  storage.RaftStorageDirectory (RaftStorageDirectory.java:tryLock(328)) - Lock on /workdir/hadoop-ozone/integration-test/target/test-dir/MiniOzoneClusterImpl-e441f628-3055-4976-9f22-cf1ee574003e/datanode-3/data/ratis/2bdb29bd-a467-4566-9061-a488590eda1c/in_use.lock acquired by nodename 22243@trunk-nightly-fxmrv-2540794721
2019-07-14 11:07:43,305 INFO  storage.RaftStorageDirectory (RaftStorageDirectory.java:tryLock(328)) - Lock on /workdir/hadoop-ozone/integration-test/target/test-dir/MiniOzoneClusterImpl-e441f628-3055-4976-9f22-cf1ee574003e/datanode-5/data/ratis/2bdb29bd-a467-4566-9061-a488590eda1c/in_use.lock acquired by nodename 22243@trunk-nightly-fxmrv-2540794721
2019-07-14 11:07:43,319 INFO  storage.RaftStorage (RaftStorage.java:format(72)) - Storage directory /workdir/hadoop-ozone/integration-test/target/test-dir/MiniOzoneClusterImpl-e441f628-3055-4976-9f22-cf1ee574003e/datanode-5/data/ratis/2bdb29bd-a467-4566-9061-a488590eda1c has been successfully formatted.
2019-07-14 11:07:43,319 INFO  storage.RaftStorage (RaftStorage.java:format(72)) - Storage directory /workdir/hadoop-ozone/integration-test/target/test-dir/MiniOzoneClusterImpl-e441f628-3055-4976-9f22-cf1ee574003e/datanode-3/data/ratis/2bdb29bd-a467-4566-9061-a488590eda1c has been successfully formatted.
2019-07-14 11:07:43,319 INFO  storage.RaftStorage (RaftStorage.java:format(72)) - Storage directory /workdir/hadoop-ozone/integration-test/target/test-dir/MiniOzoneClusterImpl-e441f628-3055-4976-9f22-cf1ee574003e/datanode-4/data/ratis/2bdb29bd-a467-4566-9061-a488590eda1c has been successfully formatted.
2019-07-14 11:07:43,319 INFO  ratis.ContainerStateMachine (ContainerStateMachine.java:loadSnapshot(200)) - group-A488590EDA1C: The snapshot info is null. Setting the last applied indexto:(t:0, i:~)
2019-07-14 11:07:43,320 INFO  ratis.ContainerStateMachine (ContainerStateMachine.java:loadSnapshot(200)) - group-A488590EDA1C: The snapshot info is null. Setting the last applied indexto:(t:0, i:~)
2019-07-14 11:07:43,319 INFO  ratis.ContainerStateMachine (ContainerStateMachine.java:loadSnapshot(200)) - group-A488590EDA1C: The snapshot info is null. Setting the last applied indexto:(t:0, i:~)
2019-07-14 11:07:43,320 INFO  server.RaftServerConfigKeys (ConfUtils.java:logGet(43)) - raft.server.leader.election.timeout = 120s (custom)
2019-07-14 11:07:43,320 INFO  server.RaftServerConfigKeys (ConfUtils.java:logGet(43)) - raft.server.log.use.memory = false (default)
2019-07-14 11:07:43,320 INFO  server.RaftServerConfigKeys (ConfUtils.java:logGet(43)) - raft.server.leader.election.timeout = 120s (custom)
2019-07-14 11:07:43,320 INFO  server.RaftServerConfigKeys (ConfUtils.java:logGet(43)) - raft.server.log.purge.gap = 1000000000 (custom)
2019-07-14 11:07:43,320 INFO  server.RaftServerConfigKeys (ConfUtils.java:logGet(43)) - raft.server.leader.election.timeout = 120s (custom)
2019-07-14 11:07:43,321 INFO  server.RaftServerConfigKeys (ConfUtils.java:logGet(43)) - raft.server.log.appender.buffer.byte-limit = 33554432 (custom)
2019-07-14 11:07:43,320 INFO  server.RaftServerConfigKeys (ConfUtils.java:logGet(43)) - raft.server.log.use.memory = false (default)
2019-07-14 11:07:43,321 INFO  server.RaftServerConfigKeys (ConfUtils.java:logGet(43)) - raft.server.log.segment.size.max = 1048576 (custom)
2019-07-14 11:07:43,321 INFO  server.RaftServerConfigKeys (ConfUtils.java:logGet(43)) - raft.server.log.segment.cache.num.max = 2 (custom)
2019-07-14 11:07:43,321 INFO  server.RaftServerConfigKeys (ConfUtils.java:logGet(43)) - raft.server.log.use.memory = false (default)
2019-07-14 11:07:43,321 INFO  segmented.SegmentedRaftLogWorker (SegmentedRaftLogWorker.java:<init>(172)) - new 934adac8-c3af-43b3-8b4c-a41ff868ac75-SegmentedRaftLogWorker:Storage Directory /workdir/hadoop-ozone/integration-test/target/test-dir/MiniOzoneClusterImpl-e441f628-3055-4976-9f22-cf1ee574003e/datanode-4/data/ratis/2bdb29bd-a467-4566-9061-a488590eda1c for RaftStorage:Storage Directory /workdir/hadoop-ozone/integration-test/target/test-dir/MiniOzoneClusterImpl-e441f628-3055-4976-9f22-cf1ee574003e/datanode-4/data/ratis/2bdb29bd-a467-4566-9061-a488590eda1c
2019-07-14 11:07:43,321 INFO  server.RaftServerConfigKeys (ConfUtils.java:logGet(43)) - raft.server.log.purge.gap = 1000000000 (custom)
2019-07-14 11:07:43,322 INFO  server.RaftServerConfigKeys (ConfUtils.java:logGet(43)) - raft.server.log.queue.byte-limit = 2147483647 (custom)
2019-07-14 11:07:43,322 INFO  server.RaftServerConfigKeys (ConfUtils.java:logGet(43)) - raft.server.log.purge.gap = 1000000000 (custom)
2019-07-14 11:07:43,322 INFO  server.RaftServerConfigKeys (ConfUtils.java:logGet(43)) - raft.server.log.queue.element-limit = 1024 (custom)
2019-07-14 11:07:43,322 INFO  server.RaftServerConfigKeys (ConfUtils.java:logGet(43)) - raft.server.log.appender.buffer.byte-limit = 33554432 (custom)
2019-07-14 11:07:43,322 INFO  server.RaftServerConfigKeys (ConfUtils.java:logGet(43)) - raft.server.log.segment.size.max = 1048576 (custom)
2019-07-14 11:07:43,323 INFO  server.RaftServerConfigKeys (ConfUtils.java:logGet(43)) - raft.server.log.preallocated.size = 16384 (custom)
2019-07-14 11:07:43,322 INFO  server.RaftServerConfigKeys (ConfUtils.java:logGet(43)) - raft.server.log.appender.buffer.byte-limit = 33554432 (custom)
2019-07-14 11:07:43,323 INFO  server.RaftServerConfigKeys (ConfUtils.java:logGet(43)) - raft.server.log.write.buffer.size = 33554432 (custom)
2019-07-14 11:07:43,323 INFO  server.RaftServerConfigKeys (ConfUtils.java:logGet(43)) - raft.server.log.force.sync.num = 128 (default)
2019-07-14 11:07:43,323 INFO  server.RaftServerConfigKeys (ConfUtils.java:logGet(43)) - raft.server.log.segment.size.max = 1048576 (custom)
2019-07-14 11:07:43,323 INFO  server.RaftServerConfigKeys (ConfUtils.java:logGet(43)) - raft.server.log.statemachine.data.sync = true (default)
2019-07-14 11:07:43,323 INFO  server.RaftServerConfigKeys (ConfUtils.java:logGet(43)) - raft.server.log.segment.size.max = 1048576 (custom)
2019-07-14 11:07:43,324 INFO  server.RaftServerConfigKeys (ConfUtils.java:logGet(43)) - raft.server.log.statemachine.data.sync.timeout = 10s (default)
2019-07-14 11:07:43,324 INFO  server.RaftServerConfigKeys (ConfUtils.java:logGet(43)) - raft.server.log.segment.cache.num.max = 2 (custom)
2019-07-14 11:07:43,324 INFO  server.RaftServerConfigKeys (ConfUtils.java:logGet(43)) - raft.server.log.statemachine.data.sync.timeout.retry = -1 (default)
2019-07-14 11:07:43,324 INFO  server.RaftServerConfigKeys (ConfUtils.java:logGet(43)) - raft.server.log.segment.cache.num.max = 2 (custom)
2019-07-14 11:07:43,324 INFO  server.RaftServerConfigKeys (ConfUtils.java:logGet(43)) - raft.server.log.statemachine.data.caching.enabled = true (custom)
2019-07-14 11:07:43,324 INFO  segmented.SegmentedRaftLogWorker (SegmentedRaftLogWorker.java:<init>(172)) - new 007896fc-8c18-4e3c-bcdc-868b62719fd3-SegmentedRaftLogWorker:Storage Directory /workdir/hadoop-ozone/integration-test/target/test-dir/MiniOzoneClusterImpl-e441f628-3055-4976-9f22-cf1ee574003e/datanode-5/data/ratis/2bdb29bd-a467-4566-9061-a488590eda1c for RaftStorage:Storage Directory /workdir/hadoop-ozone/integration-test/target/test-dir/MiniOzoneClusterImpl-e441f628-3055-4976-9f22-cf1ee574003e/datanode-5/data/ratis/2bdb29bd-a467-4566-9061-a488590eda1c
2019-07-14 11:07:43,325 INFO  segmented.SegmentedRaftLogWorker (SegmentedRaftLogWorker.java:lambda$new$0(132)) - 934adac8-c3af-43b3-8b4c-a41ff868ac75-SegmentedRaftLogWorker:Storage Directory /workdir/hadoop-ozone/integration-test/target/test-dir/MiniOzoneClusterImpl-e441f628-3055-4976-9f22-cf1ee574003e/datanode-4/data/ratis/2bdb29bd-a467-4566-9061-a488590eda1c: flushIndex: setUnconditionally 0 -> -1
2019-07-14 11:07:43,324 INFO  segmented.SegmentedRaftLogWorker (SegmentedRaftLogWorker.java:<init>(172)) - new 5971a380-3faa-4fbf-9d4e-fbebc277ff56-SegmentedRaftLogWorker:Storage Directory /workdir/hadoop-ozone/integration-test/target/test-dir/MiniOzoneClusterImpl-e441f628-3055-4976-9f22-cf1ee574003e/datanode-3/data/ratis/2bdb29bd-a467-4566-9061-a488590eda1c for RaftStorage:Storage Directory /workdir/hadoop-ozone/integration-test/target/test-dir/MiniOzoneClusterImpl-e441f628-3055-4976-9f22-cf1ee574003e/datanode-3/data/ratis/2bdb29bd-a467-4566-9061-a488590eda1c
2019-07-14 11:07:43,325 INFO  server.RaftServerConfigKeys (ConfUtils.java:logGet(43)) - raft.server.log.queue.byte-limit = 2147483647 (custom)
2019-07-14 11:07:43,325 INFO  server.RaftServerConfigKeys (ConfUtils.java:logGet(43)) - raft.server.log.queue.byte-limit = 2147483647 (custom)
2019-07-14 11:07:43,325 INFO  server.RaftServerConfigKeys (ConfUtils.java:logGet(43)) - raft.server.snapshot.auto.trigger.enabled = true (custom)
2019-07-14 11:07:43,326 INFO  server.RaftServerConfigKeys (ConfUtils.java:logGet(43)) - raft.server.log.queue.element-limit = 1024 (custom)
2019-07-14 11:07:43,325 INFO  server.RaftServerConfigKeys (ConfUtils.java:logGet(43)) - raft.server.log.queue.element-limit = 1024 (custom)
2019-07-14 11:07:43,326 INFO  server.RaftServerConfigKeys (ConfUtils.java:logGet(43)) - raft.server.log.segment.size.max = 1048576 (custom)
2019-07-14 11:07:43,326 INFO  server.RaftServerConfigKeys (ConfUtils.java:logGet(43)) - raft.server.log.preallocated.size = 16384 (custom)
2019-07-14 11:07:43,326 INFO  server.RaftServerConfigKeys (ConfUtils.java:logGet(43)) - raft.server.snapshot.auto.trigger.threshold = 10000 (custom)
2019-07-14 11:07:43,326 INFO  server.RaftServerConfigKeys (ConfUtils.java:logGet(43)) - raft.server.log.write.buffer.size = 33554432 (custom)
2019-07-14 11:07:43,327 INFO  server.RaftServerConfigKeys (ConfUtils.java:logGet(43)) - raft.server.log.force.sync.num = 128 (default)
2019-07-14 11:07:43,326 INFO  server.RaftServerConfigKeys (ConfUtils.java:logGet(43)) - raft.server.log.segment.size.max = 1048576 (custom)
2019-07-14 11:07:43,327 INFO  server.RaftServerConfigKeys (ConfUtils.java:logGet(43)) - raft.server.log.statemachine.data.sync = true (default)
2019-07-14 11:07:43,327 INFO  server.RaftServerConfigKeys (ConfUtils.java:logGet(43)) - raft.server.log.statemachine.data.sync.timeout = 10s (default)
2019-07-14 11:07:43,327 INFO  server.RaftServerConfigKeys (ConfUtils.java:logGet(43)) - raft.server.retrycache.expirytime = 600000ms (custom)
2019-07-14 11:07:43,327 INFO  server.RaftServerConfigKeys (ConfUtils.java:logGet(43)) - raft.server.log.statemachine.data.sync.timeout.retry = -1 (default)
2019-07-14 11:07:43,327 INFO  server.RaftServerConfigKeys (ConfUtils.java:logGet(43)) - raft.server.log.preallocated.size = 16384 (custom)
2019-07-14 11:07:43,328 INFO  server.RaftServerConfigKeys (ConfUtils.java:logGet(43)) - raft.server.log.statemachine.data.caching.enabled = true (custom)
2019-07-14 11:07:43,328 INFO  impl.RaftServerImpl (RaftServerImpl.java:start(180)) - 934adac8-c3af-43b3-8b4c-a41ff868ac75: start group-A488590EDA1C
2019-07-14 11:07:43,328 INFO  server.RaftServerConfigKeys (ConfUtils.java:logGet(43)) - raft.server.log.write.buffer.size = 33554432 (custom)
2019-07-14 11:07:43,328 INFO  impl.RaftServerImpl (RaftServerImpl.java:setRole(171)) - 934adac8-c3af-43b3-8b4c-a41ff868ac75:group-A488590EDA1C changes role from null to FOLLOWER at term 0 for startAsFollower
2019-07-14 11:07:43,328 INFO  segmented.SegmentedRaftLogWorker (SegmentedRaftLogWorker.java:lambda$new$0(132)) - 5971a380-3faa-4fbf-9d4e-fbebc277ff56-SegmentedRaftLogWorker:Storage Directory /workdir/hadoop-ozone/integration-test/target/test-dir/MiniOzoneClusterImpl-e441f628-3055-4976-9f22-cf1ee574003e/datanode-3/data/ratis/2bdb29bd-a467-4566-9061-a488590eda1c: flushIndex: setUnconditionally 0 -> -1
2019-07-14 11:07:43,329 INFO  impl.RoleInfo (RoleInfo.java:updateAndGet(143)) - 934adac8-c3af-43b3-8b4c-a41ff868ac75: start FollowerState
2019-07-14 11:07:43,329 INFO  server.RaftServerConfigKeys (ConfUtils.java:logGet(43)) - raft.server.log.force.sync.num = 128 (default)
2019-07-14 11:07:43,329 INFO  server.RaftServerConfigKeys (ConfUtils.java:logGet(43)) - raft.server.snapshot.auto.trigger.enabled = true (custom)
2019-07-14 11:07:43,329 INFO  server.RaftServerConfigKeys (ConfUtils.java:logGet(43)) - raft.server.log.statemachine.data.sync = true (default)
2019-07-14 11:07:43,329 INFO  util.JmxRegister (JmxRegister.java:tryRegister(44)) - Successfully registered JMX Bean with object name Ratis:service=RaftServer,group=group-A488590EDA1C,id=934adac8-c3af-43b3-8b4c-a41ff868ac75
2019-07-14 11:07:43,329 INFO  server.RaftServerConfigKeys (ConfUtils.java:logGet(43)) - raft.server.snapshot.auto.trigger.threshold = 10000 (custom)
2019-07-14 11:07:43,330 INFO  server.RaftServerConfigKeys (ConfUtils.java:logGet(43)) - raft.server.log.statemachine.data.sync.timeout = 10s (default)
2019-07-14 11:07:43,330 INFO  server.RaftServerConfigKeys (ConfUtils.java:logGet(43)) - raft.server.retrycache.expirytime = 600000ms (custom)
2019-07-14 11:07:43,330 INFO  server.RaftServerConfigKeys (ConfUtils.java:logGet(43)) - raft.server.log.statemachine.data.sync.timeout.retry = -1 (default)
2019-07-14 11:07:43,330 INFO  impl.RaftServerImpl (RaftServerImpl.java:start(180)) - 5971a380-3faa-4fbf-9d4e-fbebc277ff56: start group-A488590EDA1C
2019-07-14 11:07:43,331 INFO  server.RaftServerConfigKeys (ConfUtils.java:logGet(43)) - raft.server.log.statemachine.data.caching.enabled = true (custom)
2019-07-14 11:07:43,331 INFO  impl.RaftServerImpl (RaftServerImpl.java:setRole(171)) - 5971a380-3faa-4fbf-9d4e-fbebc277ff56:group-A488590EDA1C changes role from null to FOLLOWER at term 0 for startAsFollower
2019-07-14 11:07:43,331 INFO  impl.RoleInfo (RoleInfo.java:updateAndGet(143)) - 5971a380-3faa-4fbf-9d4e-fbebc277ff56: start FollowerState
2019-07-14 11:07:43,331 INFO  segmented.SegmentedRaftLogWorker (SegmentedRaftLogWorker.java:lambda$new$0(132)) - 007896fc-8c18-4e3c-bcdc-868b62719fd3-SegmentedRaftLogWorker:Storage Directory /workdir/hadoop-ozone/integration-test/target/test-dir/MiniOzoneClusterImpl-e441f628-3055-4976-9f22-cf1ee574003e/datanode-5/data/ratis/2bdb29bd-a467-4566-9061-a488590eda1c: flushIndex: setUnconditionally 0 -> -1
2019-07-14 11:07:43,331 INFO  util.JmxRegister (JmxRegister.java:tryRegister(44)) - Successfully registered JMX Bean with object name Ratis:service=RaftServer,group=group-A488590EDA1C,id=5971a380-3faa-4fbf-9d4e-fbebc277ff56
2019-07-14 11:07:43,332 INFO  server.RaftServerConfigKeys (ConfUtils.java:logGet(43)) - raft.server.snapshot.auto.trigger.enabled = true (custom)
2019-07-14 11:07:43,332 INFO  server.RaftServerConfigKeys (ConfUtils.java:logGet(43)) - raft.server.snapshot.auto.trigger.threshold = 10000 (custom)
2019-07-14 11:07:43,332 INFO  server.RaftServerConfigKeys (ConfUtils.java:logGet(43)) - raft.server.retrycache.expirytime = 600000ms (custom)
2019-07-14 11:07:43,332 INFO  impl.RaftServerImpl (RaftServerImpl.java:start(180)) - 007896fc-8c18-4e3c-bcdc-868b62719fd3: start group-A488590EDA1C
2019-07-14 11:07:43,332 INFO  impl.RaftServerImpl (RaftServerImpl.java:setRole(171)) - 007896fc-8c18-4e3c-bcdc-868b62719fd3:group-A488590EDA1C changes role from null to FOLLOWER at term 0 for startAsFollower
2019-07-14 11:07:43,332 INFO  impl.RoleInfo (RoleInfo.java:updateAndGet(143)) - 007896fc-8c18-4e3c-bcdc-868b62719fd3: start FollowerState
2019-07-14 11:07:43,333 INFO  util.JmxRegister (JmxRegister.java:tryRegister(44)) - Successfully registered JMX Bean with object name Ratis:service=RaftServer,group=group-A488590EDA1C,id=007896fc-8c18-4e3c-bcdc-868b62719fd3
2019-07-14 11:07:43,335 INFO  pipeline.PipelineStateManager (PipelineStateManager.java:addPipeline(56)) - Created pipeline Pipeline[ Id: 2bdb29bd-a467-4566-9061-a488590eda1c, Nodes: 5971a380-3faa-4fbf-9d4e-fbebc277ff56{ip: 192.168.157.209, host: trunk-nightly-fxmrv-2540794721, networkLocation: /default-rack, certSerialId: null}934adac8-c3af-43b3-8b4c-a41ff868ac75{ip: 192.168.157.209, host: trunk-nightly-fxmrv-2540794721, networkLocation: /default-rack, certSerialId: null}007896fc-8c18-4e3c-bcdc-868b62719fd3{ip: 192.168.157.209, host: trunk-nightly-fxmrv-2540794721, networkLocation: /default-rack, certSerialId: null}, Type:RATIS, Factor:THREE, State:OPEN]
2019-07-14 11:07:43,376 INFO  ozone.MiniOzoneClusterImpl (MiniOzoneClusterImpl.java:lambda$waitForClusterToBeReady$0(142)) - Waiting for cluster to be ready. Got 6 of 7 DN Heartbeats.
2019-07-14 11:07:43,380 INFO  node.SCMNodeManager (SCMNodeManager.java:register(269)) - Registered Data node : 8ef554fb-ac1b-43ef-bb0d-dc59425b58f1{ip: 192.168.157.209, host: trunk-nightly-fxmrv-2540794721, networkLocation: /default-rack, certSerialId: null}
2019-07-14 11:07:43,389 INFO  impl.RaftServerProxy (RaftServerProxy.java:addNew(89)) - 8ef554fb-ac1b-43ef-bb0d-dc59425b58f1: addNew group-B4DCB0C2EB0D:[8ef554fb-ac1b-43ef-bb0d-dc59425b58f1:192.168.157.209:44065] returns group-B4DCB0C2EB0D:java.util.concurrent.CompletableFuture@19a06134[Not completed]
2019-07-14 11:07:43,391 INFO  impl.RaftServerImpl (RaftServerImpl.java:<init>(93)) - 8ef554fb-ac1b-43ef-bb0d-dc59425b58f1: new RaftServerImpl for group-B4DCB0C2EB0D:[8ef554fb-ac1b-43ef-bb0d-dc59425b58f1:192.168.157.209:44065] with ContainerStateMachine:uninitialized
2019-07-14 11:07:43,391 INFO  server.RaftServerConfigKeys (ConfUtils.java:logGet(43)) - raft.server.rpc.timeout.min = 5s (custom)
2019-07-14 11:07:43,391 INFO  server.RaftServerConfigKeys (ConfUtils.java:logGet(43)) - raft.server.rpc.timeout.max = 5200ms (custom)
2019-07-14 11:07:43,391 INFO  server.RaftServerConfigKeys (ConfUtils.java:logGet(43)) - raft.server.rpcslowness.timeout = 120s (custom)
2019-07-14 11:07:43,391 INFO  server.RaftServerConfigKeys (ConfUtils.java:logGet(43)) - raft.server.sleep.deviation.threshold = 300 (default)
2019-07-14 11:07:43,391 INFO  server.RaftServerConfigKeys (ConfUtils.java:logGet(43)) - raft.server.log.appender.install.snapshot.enabled = false (custom)
2019-07-14 11:07:43,391 INFO  impl.RaftServerImpl (ServerState.java:<init>(105)) - 8ef554fb-ac1b-43ef-bb0d-dc59425b58f1:group-B4DCB0C2EB0D ConfigurationManager, init=-1: [8ef554fb-ac1b-43ef-bb0d-dc59425b58f1:192.168.157.209:44065], old=null, confs=<EMPTY_MAP>
2019-07-14 11:07:43,392 INFO  server.RaftServerConfigKeys (ConfUtils.java:logGet(43)) - raft.server.storage.dir = [/workdir/hadoop-ozone/integration-test/target/test-dir/MiniOzoneClusterImpl-e441f628-3055-4976-9f22-cf1ee574003e/datanode-6/data/ratis] (custom)
2019-07-14 11:07:43,392 INFO  storage.RaftStorageDirectory (RaftStorageDirectory.java:analyzeStorage(246)) - The storage directory /workdir/hadoop-ozone/integration-test/target/test-dir/MiniOzoneClusterImpl-e441f628-3055-4976-9f22-cf1ee574003e/datanode-6/data/ratis/fd780dfd-9170-4b92-9bc1-b4dcb0c2eb0d does not exist. Creating ...
2019-07-14 11:07:43,405 INFO  storage.RaftStorageDirectory (RaftStorageDirectory.java:tryLock(328)) - Lock on /workdir/hadoop-ozone/integration-test/target/test-dir/MiniOzoneClusterImpl-e441f628-3055-4976-9f22-cf1ee574003e/datanode-6/data/ratis/fd780dfd-9170-4b92-9bc1-b4dcb0c2eb0d/in_use.lock acquired by nodename 22243@trunk-nightly-fxmrv-2540794721
2019-07-14 11:07:43,418 INFO  storage.RaftStorage (RaftStorage.java:format(72)) - Storage directory /workdir/hadoop-ozone/integration-test/target/test-dir/MiniOzoneClusterImpl-e441f628-3055-4976-9f22-cf1ee574003e/datanode-6/data/ratis/fd780dfd-9170-4b92-9bc1-b4dcb0c2eb0d has been successfully formatted.
2019-07-14 11:07:43,418 INFO  ratis.ContainerStateMachine (ContainerStateMachine.java:loadSnapshot(200)) - group-B4DCB0C2EB0D: The snapshot info is null. Setting the last applied indexto:(t:0, i:~)
2019-07-14 11:07:43,418 INFO  server.RaftServerConfigKeys (ConfUtils.java:logGet(43)) - raft.server.leader.election.timeout = 120s (custom)
2019-07-14 11:07:43,419 INFO  server.RaftServerConfigKeys (ConfUtils.java:logGet(43)) - raft.server.log.use.memory = false (default)
2019-07-14 11:07:43,419 INFO  server.RaftServerConfigKeys (ConfUtils.java:logGet(43)) - raft.server.log.purge.gap = 1000000000 (custom)
2019-07-14 11:07:43,419 INFO  server.RaftServerConfigKeys (ConfUtils.java:logGet(43)) - raft.server.log.appender.buffer.byte-limit = 33554432 (custom)
2019-07-14 11:07:43,419 INFO  server.RaftServerConfigKeys (ConfUtils.java:logGet(43)) - raft.server.log.segment.size.max = 1048576 (custom)
2019-07-14 11:07:43,419 INFO  server.RaftServerConfigKeys (ConfUtils.java:logGet(43)) - raft.server.log.segment.cache.num.max = 2 (custom)
2019-07-14 11:07:43,419 INFO  segmented.SegmentedRaftLogWorker (SegmentedRaftLogWorker.java:<init>(172)) - new 8ef554fb-ac1b-43ef-bb0d-dc59425b58f1-SegmentedRaftLogWorker:Storage Directory /workdir/hadoop-ozone/integration-test/target/test-dir/MiniOzoneClusterImpl-e441f628-3055-4976-9f22-cf1ee574003e/datanode-6/data/ratis/fd780dfd-9170-4b92-9bc1-b4dcb0c2eb0d for RaftStorage:Storage Directory /workdir/hadoop-ozone/integration-test/target/test-dir/MiniOzoneClusterImpl-e441f628-3055-4976-9f22-cf1ee574003e/datanode-6/data/ratis/fd780dfd-9170-4b92-9bc1-b4dcb0c2eb0d
2019-07-14 11:07:43,419 INFO  server.RaftServerConfigKeys (ConfUtils.java:logGet(43)) - raft.server.log.queue.byte-limit = 2147483647 (custom)
2019-07-14 11:07:43,420 INFO  server.RaftServerConfigKeys (ConfUtils.java:logGet(43)) - raft.server.log.queue.element-limit = 1024 (custom)
2019-07-14 11:07:43,420 INFO  server.RaftServerConfigKeys (ConfUtils.java:logGet(43)) - raft.server.log.segment.size.max = 1048576 (custom)
2019-07-14 11:07:43,420 INFO  server.RaftServerConfigKeys (ConfUtils.java:logGet(43)) - raft.server.log.preallocated.size = 16384 (custom)
2019-07-14 11:07:43,420 INFO  server.RaftServerConfigKeys (ConfUtils.java:logGet(43)) - raft.server.log.write.buffer.size = 33554432 (custom)
2019-07-14 11:07:43,420 INFO  server.RaftServerConfigKeys (ConfUtils.java:logGet(43)) - raft.server.log.force.sync.num = 128 (default)
2019-07-14 11:07:43,420 INFO  server.RaftServerConfigKeys (ConfUtils.java:logGet(43)) - raft.server.log.statemachine.data.sync = true (default)
2019-07-14 11:07:43,421 INFO  server.RaftServerConfigKeys (ConfUtils.java:logGet(43)) - raft.server.log.statemachine.data.sync.timeout = 10s (default)
2019-07-14 11:07:43,421 INFO  server.RaftServerConfigKeys (ConfUtils.java:logGet(43)) - raft.server.log.statemachine.data.sync.timeout.retry = -1 (default)
2019-07-14 11:07:43,421 INFO  server.RaftServerConfigKeys (ConfUtils.java:logGet(43)) - raft.server.log.statemachine.data.caching.enabled = true (custom)
2019-07-14 11:07:43,421 INFO  segmented.SegmentedRaftLogWorker (SegmentedRaftLogWorker.java:lambda$new$0(132)) - 8ef554fb-ac1b-43ef-bb0d-dc59425b58f1-SegmentedRaftLogWorker:Storage Directory /workdir/hadoop-ozone/integration-test/target/test-dir/MiniOzoneClusterImpl-e441f628-3055-4976-9f22-cf1ee574003e/datanode-6/data/ratis/fd780dfd-9170-4b92-9bc1-b4dcb0c2eb0d: flushIndex: setUnconditionally 0 -> -1
2019-07-14 11:07:43,422 INFO  server.RaftServerConfigKeys (ConfUtils.java:logGet(43)) - raft.server.snapshot.auto.trigger.enabled = true (custom)
2019-07-14 11:07:43,422 INFO  server.RaftServerConfigKeys (ConfUtils.java:logGet(43)) - raft.server.snapshot.auto.trigger.threshold = 10000 (custom)
2019-07-14 11:07:43,422 INFO  server.RaftServerConfigKeys (ConfUtils.java:logGet(43)) - raft.server.retrycache.expirytime = 600000ms (custom)
2019-07-14 11:07:43,422 INFO  impl.RaftServerImpl (RaftServerImpl.java:start(180)) - 8ef554fb-ac1b-43ef-bb0d-dc59425b58f1: start group-B4DCB0C2EB0D
2019-07-14 11:07:43,422 INFO  impl.RaftServerImpl (RaftServerImpl.java:setRole(171)) - 8ef554fb-ac1b-43ef-bb0d-dc59425b58f1:group-B4DCB0C2EB0D changes role from null to FOLLOWER at term 0 for startAsFollower
2019-07-14 11:07:43,422 INFO  impl.RoleInfo (RoleInfo.java:updateAndGet(143)) - 8ef554fb-ac1b-43ef-bb0d-dc59425b58f1: start FollowerState
2019-07-14 11:07:43,423 INFO  util.JmxRegister (JmxRegister.java:tryRegister(44)) - Successfully registered JMX Bean with object name Ratis:service=RaftServer,group=group-B4DCB0C2EB0D,id=8ef554fb-ac1b-43ef-bb0d-dc59425b58f1
2019-07-14 11:07:43,425 INFO  pipeline.PipelineStateManager (PipelineStateManager.java:addPipeline(56)) - Created pipeline Pipeline[ Id: fd780dfd-9170-4b92-9bc1-b4dcb0c2eb0d, Nodes: 8ef554fb-ac1b-43ef-bb0d-dc59425b58f1{ip: 192.168.157.209, host: trunk-nightly-fxmrv-2540794721, networkLocation: /default-rack, certSerialId: null}, Type:RATIS, Factor:ONE, State:OPEN]
2019-07-14 11:07:44,377 INFO  ozone.MiniOzoneClusterImpl (MiniOzoneClusterImpl.java:lambda$waitForClusterToBeReady$0(142)) - Cluster is ready. Got 7 of 7 DN Heartbeats.
2019-07-14 11:07:44,413 INFO  rpc.RpcClient (RpcClient.java:createVolume(287)) - Creating Volume: testblockoutputstream, with jenkins1000 as owner.
2019-07-14 11:07:44,427 INFO  rpc.RpcClient (RpcClient.java:createBucket(424)) - Creating Bucket: testblockoutputstream/testblockoutputstream, with Versioning false and Storage Type set to DISK and Encryption set to false 
2019-07-14 11:07:44,456 INFO  client.GrpcClientProtocolClient (GrpcClientProtocolClient.java:onNext(255)) - client-83FC623D90FF->46cbccf6-8abf-4dc0-9606-2ec792ae2ced: receive RaftClientReply:client-83FC623D90FF->46cbccf6-8abf-4dc0-9606-2ec792ae2ced@group-28E90B558652, cid=213, FAILED org.apache.ratis.protocol.NotLeaderException: Server 46cbccf6-8abf-4dc0-9606-2ec792ae2ced is not the leader (null). Request must be sent to leader., logIndex=0, commits[46cbccf6-8abf-4dc0-9606-2ec792ae2ced:c-1]
2019-07-14 11:07:45,185 INFO  container.ReplicationManager (ReplicationManager.java:start(155)) - Starting Replication Monitor Thread.
2019-07-14 11:07:45,189 INFO  container.ReplicationManager (ReplicationManager.java:run(207)) - Replication Monitor Thread took 0 milliseconds for processing 1 containers.
2019-07-14 11:07:45,473 INFO  client.GrpcClientProtocolClient (GrpcClientProtocolClient.java:onNext(255)) - client-83FC623D90FF->5a30284b-95a7-4750-9a97-25838f7cc2d2: receive RaftClientReply:client-83FC623D90FF->5a30284b-95a7-4750-9a97-25838f7cc2d2@group-28E90B558652, cid=213, FAILED org.apache.ratis.protocol.NotLeaderException: Server 5a30284b-95a7-4750-9a97-25838f7cc2d2 is not the leader (null). Request must be sent to leader., logIndex=0, commits[5a30284b-95a7-4750-9a97-25838f7cc2d2:c-1]
2019-07-14 11:07:46,488 INFO  client.GrpcClientProtocolClient (GrpcClientProtocolClient.java:onNext(255)) - client-83FC623D90FF->4ddaf116-ef27-4abd-8bd4-7af3c402b258: receive RaftClientReply:client-83FC623D90FF->4ddaf116-ef27-4abd-8bd4-7af3c402b258@group-28E90B558652, cid=213, FAILED org.apache.ratis.protocol.NotLeaderException: Server 4ddaf116-ef27-4abd-8bd4-7af3c402b258 is not the leader (null). Request must be sent to leader., logIndex=0, commits[4ddaf116-ef27-4abd-8bd4-7af3c402b258:c-1]
2019-07-14 11:07:47,234 INFO  impl.FollowerState (FollowerState.java:run(106)) - 46cbccf6-8abf-4dc0-9606-2ec792ae2ced:group-98510EA2FA77 changes to CANDIDATE, lastRpcTime:5006, electionTimeout:5006ms
2019-07-14 11:07:47,235 INFO  impl.RoleInfo (RoleInfo.java:shutdownFollowerState(121)) - 46cbccf6-8abf-4dc0-9606-2ec792ae2ced: shutdown FollowerState
2019-07-14 11:07:47,235 INFO  impl.RaftServerImpl (RaftServerImpl.java:setRole(171)) - 46cbccf6-8abf-4dc0-9606-2ec792ae2ced:group-98510EA2FA77 changes role from FOLLOWER to CANDIDATE at term 0 for changeToCandidate
2019-07-14 11:07:47,235 INFO  impl.RoleInfo (RoleInfo.java:updateAndGet(143)) - 46cbccf6-8abf-4dc0-9606-2ec792ae2ced: start LeaderElection
2019-07-14 11:07:47,259 INFO  impl.LeaderElection (LeaderElection.java:askForVotes(181)) - 46cbccf6-8abf-4dc0-9606-2ec792ae2ced:group-98510EA2FA77:LeaderElection96: begin an election at term 1 for -1: [46cbccf6-8abf-4dc0-9606-2ec792ae2ced:192.168.157.209:33325], old=null
2019-07-14 11:07:47,259 INFO  impl.RoleInfo (RoleInfo.java:shutdownLeaderElection(134)) - 46cbccf6-8abf-4dc0-9606-2ec792ae2ced: shutdown LeaderElection
2019-07-14 11:07:47,259 INFO  impl.RaftServerImpl (RaftServerImpl.java:setRole(171)) - 46cbccf6-8abf-4dc0-9606-2ec792ae2ced:group-98510EA2FA77 changes role from CANDIDATE to LEADER at term 1 for changeToLeader
2019-07-14 11:07:47,259 INFO  impl.RaftServerImpl (ServerState.java:setLeader(263)) - 46cbccf6-8abf-4dc0-9606-2ec792ae2ced:group-98510EA2FA77 change Leader from null to 46cbccf6-8abf-4dc0-9606-2ec792ae2ced at term 1 for becomeLeader, leader elected after 5035ms
2019-07-14 11:07:47,262 INFO  server.RaftServerConfigKeys (ConfUtils.java:logGet(43)) - raft.server.staging.catchup.gap = 1000 (default)
2019-07-14 11:07:47,262 INFO  server.RaftServerConfigKeys (ConfUtils.java:logGet(43)) - raft.server.rpc.sleep.time = 25ms (default)
2019-07-14 11:07:47,262 INFO  server.RaftServerConfigKeys (ConfUtils.java:logGet(43)) - raft.server.write.element-limit = 4096 (default)
2019-07-14 11:07:47,262 INFO  server.RaftServerConfigKeys (ConfUtils.java:logGet(43)) - raft.server.watch.timeout = 10s (default)
2019-07-14 11:07:47,263 INFO  server.RaftServerConfigKeys (ConfUtils.java:logGet(43)) - raft.server.watch.timeout.denomination = 1s (default)
2019-07-14 11:07:47,263 INFO  server.RaftServerConfigKeys (ConfUtils.java:logGet(43)) - raft.server.watch.element-limit = 65536 (default)
2019-07-14 11:07:47,263 INFO  impl.RoleInfo (RoleInfo.java:updateAndGet(143)) - 46cbccf6-8abf-4dc0-9606-2ec792ae2ced: start LeaderState
2019-07-14 11:07:47,263 INFO  segmented.SegmentedRaftLogWorker (SegmentedRaftLogWorker.java:startLogSegment(380)) - 46cbccf6-8abf-4dc0-9606-2ec792ae2ced-SegmentedRaftLogWorker:Storage Directory /workdir/hadoop-ozone/integration-test/target/test-dir/MiniOzoneClusterImpl-e441f628-3055-4976-9f22-cf1ee574003e/datanode-0/data/ratis/eac0714d-5d50-4492-a69a-98510ea2fa77: Starting segment from index:0
2019-07-14 11:07:47,264 INFO  impl.RaftServerImpl (ServerState.java:setRaftConf(361)) - 46cbccf6-8abf-4dc0-9606-2ec792ae2ced:group-98510EA2FA77 set configuration 0: [46cbccf6-8abf-4dc0-9606-2ec792ae2ced:192.168.157.209:33325], old=null at 0
2019-07-14 11:07:47,296 INFO  segmented.SegmentedRaftLogWorker (SegmentedRaftLogWorker.java:execute(569)) - 46cbccf6-8abf-4dc0-9606-2ec792ae2ced-SegmentedRaftLogWorker:Storage Directory /workdir/hadoop-ozone/integration-test/target/test-dir/MiniOzoneClusterImpl-e441f628-3055-4976-9f22-cf1ee574003e/datanode-0/data/ratis/eac0714d-5d50-4492-a69a-98510ea2fa77: created new log segment /workdir/hadoop-ozone/integration-test/target/test-dir/MiniOzoneClusterImpl-e441f628-3055-4976-9f22-cf1ee574003e/datanode-0/data/ratis/eac0714d-5d50-4492-a69a-98510ea2fa77/current/log_inprogress_0
2019-07-14 11:07:47,497 INFO  client.GrpcClientProtocolClient (GrpcClientProtocolClient.java:onNext(255)) - client-83FC623D90FF->5a30284b-95a7-4750-9a97-25838f7cc2d2: receive RaftClientReply:client-83FC623D90FF->5a30284b-95a7-4750-9a97-25838f7cc2d2@group-28E90B558652, cid=213, FAILED org.apache.ratis.protocol.NotLeaderException: Server 5a30284b-95a7-4750-9a97-25838f7cc2d2 is not the leader (null). Request must be sent to leader., logIndex=0, commits[5a30284b-95a7-4750-9a97-25838f7cc2d2:c-1]
2019-07-14 11:07:47,513 INFO  impl.FollowerState (FollowerState.java:run(106)) - 5a30284b-95a7-4750-9a97-25838f7cc2d2:group-68E3908A9ED8 changes to CANDIDATE, lastRpcTime:5125, electionTimeout:5125ms
2019-07-14 11:07:47,513 INFO  impl.RoleInfo (RoleInfo.java:shutdownFollowerState(121)) - 5a30284b-95a7-4750-9a97-25838f7cc2d2: shutdown FollowerState
2019-07-14 11:07:47,513 INFO  impl.RaftServerImpl (RaftServerImpl.java:setRole(171)) - 5a30284b-95a7-4750-9a97-25838f7cc2d2:group-68E3908A9ED8 changes role from FOLLOWER to CANDIDATE at term 0 for changeToCandidate
2019-07-14 11:07:47,514 INFO  impl.RoleInfo (RoleInfo.java:updateAndGet(143)) - 5a30284b-95a7-4750-9a97-25838f7cc2d2: start LeaderElection
2019-07-14 11:07:47,546 INFO  impl.LeaderElection (LeaderElection.java:askForVotes(181)) - 5a30284b-95a7-4750-9a97-25838f7cc2d2:group-68E3908A9ED8:LeaderElection97: begin an election at term 1 for -1: [5a30284b-95a7-4750-9a97-25838f7cc2d2:192.168.157.209:42168], old=null
2019-07-14 11:07:47,546 INFO  impl.RoleInfo (RoleInfo.java:shutdownLeaderElection(134)) - 5a30284b-95a7-4750-9a97-25838f7cc2d2: shutdown LeaderElection
2019-07-14 11:07:47,546 INFO  impl.RaftServerImpl (RaftServerImpl.java:setRole(171)) - 5a30284b-95a7-4750-9a97-25838f7cc2d2:group-68E3908A9ED8 changes role from CANDIDATE to LEADER at term 1 for changeToLeader
2019-07-14 11:07:47,546 INFO  impl.RaftServerImpl (ServerState.java:setLeader(263)) - 5a30284b-95a7-4750-9a97-25838f7cc2d2:group-68E3908A9ED8 change Leader from null to 5a30284b-95a7-4750-9a97-25838f7cc2d2 at term 1 for becomeLeader, leader elected after 5162ms
2019-07-14 11:07:47,548 INFO  server.RaftServerConfigKeys (ConfUtils.java:logGet(43)) - raft.server.staging.catchup.gap = 1000 (default)
2019-07-14 11:07:47,549 INFO  server.RaftServerConfigKeys (ConfUtils.java:logGet(43)) - raft.server.rpc.sleep.time = 25ms (default)
2019-07-14 11:07:47,549 INFO  server.RaftServerConfigKeys (ConfUtils.java:logGet(43)) - raft.server.write.element-limit = 4096 (default)
2019-07-14 11:07:47,549 INFO  server.RaftServerConfigKeys (ConfUtils.java:logGet(43)) - raft.server.watch.timeout = 10s (default)
2019-07-14 11:07:47,549 INFO  server.RaftServerConfigKeys (ConfUtils.java:logGet(43)) - raft.server.watch.timeout.denomination = 1s (default)
2019-07-14 11:07:47,549 INFO  server.RaftServerConfigKeys (ConfUtils.java:logGet(43)) - raft.server.watch.element-limit = 65536 (default)
2019-07-14 11:07:47,549 INFO  impl.RoleInfo (RoleInfo.java:updateAndGet(143)) - 5a30284b-95a7-4750-9a97-25838f7cc2d2: start LeaderState
2019-07-14 11:07:47,550 INFO  segmented.SegmentedRaftLogWorker (SegmentedRaftLogWorker.java:startLogSegment(380)) - 5a30284b-95a7-4750-9a97-25838f7cc2d2-SegmentedRaftLogWorker:Storage Directory /workdir/hadoop-ozone/integration-test/target/test-dir/MiniOzoneClusterImpl-e441f628-3055-4976-9f22-cf1ee574003e/datanode-1/data/ratis/836a8701-8589-4b2c-999e-68e3908a9ed8: Starting segment from index:0
2019-07-14 11:07:47,550 INFO  impl.RaftServerImpl (ServerState.java:setRaftConf(361)) - 5a30284b-95a7-4750-9a97-25838f7cc2d2:group-68E3908A9ED8 set configuration 0: [5a30284b-95a7-4750-9a97-25838f7cc2d2:192.168.157.209:42168], old=null at 0
2019-07-14 11:07:47,581 INFO  segmented.SegmentedRaftLogWorker (SegmentedRaftLogWorker.java:execute(569)) - 5a30284b-95a7-4750-9a97-25838f7cc2d2-SegmentedRaftLogWorker:Storage Directory /workdir/hadoop-ozone/integration-test/target/test-dir/MiniOzoneClusterImpl-e441f628-3055-4976-9f22-cf1ee574003e/datanode-1/data/ratis/836a8701-8589-4b2c-999e-68e3908a9ed8: created new log segment /workdir/hadoop-ozone/integration-test/target/test-dir/MiniOzoneClusterImpl-e441f628-3055-4976-9f22-cf1ee574003e/datanode-1/data/ratis/836a8701-8589-4b2c-999e-68e3908a9ed8/current/log_inprogress_0
2019-07-14 11:07:47,640 INFO  impl.FollowerState (FollowerState.java:run(106)) - 4ddaf116-ef27-4abd-8bd4-7af3c402b258:group-43BB8C3E65A4 changes to CANDIDATE, lastRpcTime:5092, electionTimeout:5092ms
2019-07-14 11:07:47,640 INFO  impl.RoleInfo (RoleInfo.java:shutdownFollowerState(121)) - 4ddaf116-ef27-4abd-8bd4-7af3c402b258: shutdown FollowerState
2019-07-14 11:07:47,640 INFO  impl.RaftServerImpl (RaftServerImpl.java:setRole(171)) - 4ddaf116-ef27-4abd-8bd4-7af3c402b258:group-43BB8C3E65A4 changes role from FOLLOWER to CANDIDATE at term 0 for changeToCandidate
2019-07-14 11:07:47,640 INFO  impl.RoleInfo (RoleInfo.java:updateAndGet(143)) - 4ddaf116-ef27-4abd-8bd4-7af3c402b258: start LeaderElection
2019-07-14 11:07:47,658 INFO  impl.LeaderElection (LeaderElection.java:askForVotes(181)) - 4ddaf116-ef27-4abd-8bd4-7af3c402b258:group-43BB8C3E65A4:LeaderElection98: begin an election at term 1 for -1: [4ddaf116-ef27-4abd-8bd4-7af3c402b258:192.168.157.209:39868], old=null
2019-07-14 11:07:47,658 INFO  impl.RoleInfo (RoleInfo.java:shutdownLeaderElection(134)) - 4ddaf116-ef27-4abd-8bd4-7af3c402b258: shutdown LeaderElection
2019-07-14 11:07:47,658 INFO  impl.RaftServerImpl (RaftServerImpl.java:setRole(171)) - 4ddaf116-ef27-4abd-8bd4-7af3c402b258:group-43BB8C3E65A4 changes role from CANDIDATE to LEADER at term 1 for changeToLeader
2019-07-14 11:07:47,659 INFO  impl.RaftServerImpl (ServerState.java:setLeader(263)) - 4ddaf116-ef27-4abd-8bd4-7af3c402b258:group-43BB8C3E65A4 change Leader from null to 4ddaf116-ef27-4abd-8bd4-7af3c402b258 at term 1 for becomeLeader, leader elected after 5115ms
2019-07-14 11:07:47,661 INFO  server.RaftServerConfigKeys (ConfUtils.java:logGet(43)) - raft.server.staging.catchup.gap = 1000 (default)
2019-07-14 11:07:47,661 INFO  server.RaftServerConfigKeys (ConfUtils.java:logGet(43)) - raft.server.rpc.sleep.time = 25ms (default)
2019-07-14 11:07:47,661 INFO  server.RaftServerConfigKeys (ConfUtils.java:logGet(43)) - raft.server.write.element-limit = 4096 (default)
2019-07-14 11:07:47,661 INFO  server.RaftServerConfigKeys (ConfUtils.java:logGet(43)) - raft.server.watch.timeout = 10s (default)
2019-07-14 11:07:47,661 INFO  server.RaftServerConfigKeys (ConfUtils.java:logGet(43)) - raft.server.watch.timeout.denomination = 1s (default)
2019-07-14 11:07:47,662 INFO  server.RaftServerConfigKeys (ConfUtils.java:logGet(43)) - raft.server.watch.element-limit = 65536 (default)
2019-07-14 11:07:47,662 INFO  impl.RoleInfo (RoleInfo.java:updateAndGet(143)) - 4ddaf116-ef27-4abd-8bd4-7af3c402b258: start LeaderState
2019-07-14 11:07:47,662 INFO  segmented.SegmentedRaftLogWorker (SegmentedRaftLogWorker.java:startLogSegment(380)) - 4ddaf116-ef27-4abd-8bd4-7af3c402b258-SegmentedRaftLogWorker:Storage Directory /workdir/hadoop-ozone/integration-test/target/test-dir/MiniOzoneClusterImpl-e441f628-3055-4976-9f22-cf1ee574003e/datanode-2/data/ratis/12ecef54-c1dc-4333-bbd1-43bb8c3e65a4: Starting segment from index:0
2019-07-14 11:07:47,663 INFO  impl.RaftServerImpl (ServerState.java:setRaftConf(361)) - 4ddaf116-ef27-4abd-8bd4-7af3c402b258:group-43BB8C3E65A4 set configuration 0: [4ddaf116-ef27-4abd-8bd4-7af3c402b258:192.168.157.209:39868], old=null at 0
2019-07-14 11:07:47,693 INFO  segmented.SegmentedRaftLogWorker (SegmentedRaftLogWorker.java:execute(569)) - 4ddaf116-ef27-4abd-8bd4-7af3c402b258-SegmentedRaftLogWorker:Storage Directory /workdir/hadoop-ozone/integration-test/target/test-dir/MiniOzoneClusterImpl-e441f628-3055-4976-9f22-cf1ee574003e/datanode-2/data/ratis/12ecef54-c1dc-4333-bbd1-43bb8c3e65a4: created new log segment /workdir/hadoop-ozone/integration-test/target/test-dir/MiniOzoneClusterImpl-e441f628-3055-4976-9f22-cf1ee574003e/datanode-2/data/ratis/12ecef54-c1dc-4333-bbd1-43bb8c3e65a4/current/log_inprogress_0
2019-07-14 11:07:47,716 INFO  impl.FollowerState (FollowerState.java:run(106)) - 46cbccf6-8abf-4dc0-9606-2ec792ae2ced:group-28E90B558652 changes to CANDIDATE, lastRpcTime:5099, electionTimeout:5099ms
2019-07-14 11:07:47,716 INFO  impl.RoleInfo (RoleInfo.java:shutdownFollowerState(121)) - 46cbccf6-8abf-4dc0-9606-2ec792ae2ced: shutdown FollowerState
2019-07-14 11:07:47,716 INFO  impl.RaftServerImpl (RaftServerImpl.java:setRole(171)) - 46cbccf6-8abf-4dc0-9606-2ec792ae2ced:group-28E90B558652 changes role from FOLLOWER to CANDIDATE at term 0 for changeToCandidate
2019-07-14 11:07:47,716 INFO  impl.RoleInfo (RoleInfo.java:updateAndGet(143)) - 46cbccf6-8abf-4dc0-9606-2ec792ae2ced: start LeaderElection
2019-07-14 11:07:47,731 INFO  impl.FollowerState (FollowerState.java:run(106)) - 4ddaf116-ef27-4abd-8bd4-7af3c402b258:group-28E90B558652 changes to CANDIDATE, lastRpcTime:5118, electionTimeout:5118ms
2019-07-14 11:07:47,731 INFO  impl.RoleInfo (RoleInfo.java:shutdownFollowerState(121)) - 4ddaf116-ef27-4abd-8bd4-7af3c402b258: shutdown FollowerState
2019-07-14 11:07:47,731 INFO  impl.RaftServerImpl (RaftServerImpl.java:setRole(171)) - 4ddaf116-ef27-4abd-8bd4-7af3c402b258:group-28E90B558652 changes role from FOLLOWER to CANDIDATE at term 0 for changeToCandidate
2019-07-14 11:07:47,731 INFO  impl.RoleInfo (RoleInfo.java:updateAndGet(143)) - 4ddaf116-ef27-4abd-8bd4-7af3c402b258: start LeaderElection
2019-07-14 11:07:47,732 INFO  impl.LeaderElection (LeaderElection.java:askForVotes(181)) - 46cbccf6-8abf-4dc0-9606-2ec792ae2ced:group-28E90B558652:LeaderElection99: begin an election at term 1 for -1: [5a30284b-95a7-4750-9a97-25838f7cc2d2:192.168.157.209:42168, 4ddaf116-ef27-4abd-8bd4-7af3c402b258:192.168.157.209:39868, 46cbccf6-8abf-4dc0-9606-2ec792ae2ced:192.168.157.209:33325], old=null
2019-07-14 11:07:47,738 INFO  impl.RaftServerImpl (RaftServerImpl.java:setRole(171)) - 5a30284b-95a7-4750-9a97-25838f7cc2d2:group-28E90B558652 changes role from FOLLOWER to FOLLOWER at term 1 for recognizeCandidate:46cbccf6-8abf-4dc0-9606-2ec792ae2ced
2019-07-14 11:07:47,738 INFO  impl.RoleInfo (RoleInfo.java:shutdownFollowerState(121)) - 5a30284b-95a7-4750-9a97-25838f7cc2d2: shutdown FollowerState
2019-07-14 11:07:47,739 INFO  impl.RoleInfo (RoleInfo.java:updateAndGet(143)) - 5a30284b-95a7-4750-9a97-25838f7cc2d2: start FollowerState
2019-07-14 11:07:47,739 INFO  impl.FollowerState (FollowerState.java:run(114)) - 5a30284b-95a7-4750-9a97-25838f7cc2d2: FollowerState was interrupted: java.lang.InterruptedException: sleep interrupted
2019-07-14 11:07:47,747 INFO  impl.LeaderElection (LeaderElection.java:askForVotes(181)) - 4ddaf116-ef27-4abd-8bd4-7af3c402b258:group-28E90B558652:LeaderElection100: begin an election at term 1 for -1: [5a30284b-95a7-4750-9a97-25838f7cc2d2:192.168.157.209:42168, 4ddaf116-ef27-4abd-8bd4-7af3c402b258:192.168.157.209:39868, 46cbccf6-8abf-4dc0-9606-2ec792ae2ced:192.168.157.209:33325], old=null
2019-07-14 11:07:47,748 INFO  impl.LeaderElection (LeaderElection.java:logAndReturn(56)) - 46cbccf6-8abf-4dc0-9606-2ec792ae2ced:group-28E90B558652:LeaderElection99: Election PASSED; received 1 response(s) [46cbccf6-8abf-4dc0-9606-2ec792ae2ced<-5a30284b-95a7-4750-9a97-25838f7cc2d2#0:OK-t1] and 0 exception(s); 46cbccf6-8abf-4dc0-9606-2ec792ae2ced:t1, leader=null, voted=46cbccf6-8abf-4dc0-9606-2ec792ae2ced, raftlog=46cbccf6-8abf-4dc0-9606-2ec792ae2ced-SegmentedRaftLog:OPENED:c-1,f-1,i0, conf=-1: [5a30284b-95a7-4750-9a97-25838f7cc2d2:192.168.157.209:42168, 4ddaf116-ef27-4abd-8bd4-7af3c402b258:192.168.157.209:39868, 46cbccf6-8abf-4dc0-9606-2ec792ae2ced:192.168.157.209:33325], old=null
2019-07-14 11:07:47,748 INFO  impl.RoleInfo (RoleInfo.java:shutdownLeaderElection(134)) - 46cbccf6-8abf-4dc0-9606-2ec792ae2ced: shutdown LeaderElection
2019-07-14 11:07:47,748 INFO  impl.RaftServerImpl (RaftServerImpl.java:setRole(171)) - 46cbccf6-8abf-4dc0-9606-2ec792ae2ced:group-28E90B558652 changes role from CANDIDATE to LEADER at term 1 for changeToLeader
2019-07-14 11:07:47,749 INFO  impl.RaftServerImpl (ServerState.java:setLeader(263)) - 46cbccf6-8abf-4dc0-9606-2ec792ae2ced:group-28E90B558652 change Leader from null to 46cbccf6-8abf-4dc0-9606-2ec792ae2ced at term 1 for becomeLeader, leader elected after 5143ms
2019-07-14 11:07:47,749 INFO  server.RaftServerConfigKeys (ConfUtils.java:logGet(43)) - raft.server.staging.catchup.gap = 1000 (default)
2019-07-14 11:07:47,749 INFO  server.RaftServerConfigKeys (ConfUtils.java:logGet(43)) - raft.server.rpc.sleep.time = 25ms (default)
2019-07-14 11:07:47,749 INFO  server.RaftServerConfigKeys (ConfUtils.java:logGet(43)) - raft.server.write.element-limit = 4096 (default)
2019-07-14 11:07:47,749 INFO  server.RaftServerConfigKeys (ConfUtils.java:logGet(43)) - raft.server.watch.timeout = 10s (default)
2019-07-14 11:07:47,749 INFO  server.RaftServerConfigKeys (ConfUtils.java:logGet(43)) - raft.server.watch.timeout.denomination = 1s (default)
2019-07-14 11:07:47,749 INFO  server.RaftServerConfigKeys (ConfUtils.java:logGet(43)) - raft.server.watch.element-limit = 65536 (default)
2019-07-14 11:07:47,750 INFO  server.RaftServerConfigKeys (ConfUtils.java:logGet(43)) - raft.server.log.appender.snapshot.chunk.size.max = 16MB (=16777216) (default)
2019-07-14 11:07:47,750 INFO  server.RaftServerConfigKeys (ConfUtils.java:logGet(43)) - raft.server.log.appender.buffer.byte-limit = 33554432 (custom)
2019-07-14 11:07:47,750 INFO  server.RaftServerConfigKeys (ConfUtils.java:logGet(43)) - raft.server.log.appender.buffer.element-limit = 1 (custom)
2019-07-14 11:07:47,750 INFO  grpc.GrpcConfigKeys$Server (ConfUtils.java:logGet(43)) - raft.grpc.server.leader.outstanding.appends.max = 128 (default)
2019-07-14 11:07:47,753 INFO  server.RaftServerConfigKeys (ConfUtils.java:logGet(43)) - raft.server.rpc.request.timeout = 3000ms (default)
2019-07-14 11:07:47,753 INFO  server.RaftServerConfigKeys (ConfUtils.java:logGet(43)) - raft.server.log.appender.install.snapshot.enabled = false (custom)
2019-07-14 11:07:47,754 INFO  server.RaftServerConfigKeys (ConfUtils.java:logGet(43)) - raft.server.log.appender.snapshot.chunk.size.max = 16MB (=16777216) (default)
2019-07-14 11:07:47,754 INFO  server.RaftServerConfigKeys (ConfUtils.java:logGet(43)) - raft.server.log.appender.buffer.byte-limit = 33554432 (custom)
2019-07-14 11:07:47,754 INFO  server.RaftServerConfigKeys (ConfUtils.java:logGet(43)) - raft.server.log.appender.buffer.element-limit = 1 (custom)
2019-07-14 11:07:47,754 INFO  grpc.GrpcConfigKeys$Server (ConfUtils.java:logGet(43)) - raft.grpc.server.leader.outstanding.appends.max = 128 (default)
2019-07-14 11:07:47,754 INFO  server.RaftServerConfigKeys (ConfUtils.java:logGet(43)) - raft.server.rpc.request.timeout = 3000ms (default)
2019-07-14 11:07:47,755 INFO  server.RaftServerConfigKeys (ConfUtils.java:logGet(43)) - raft.server.log.appender.install.snapshot.enabled = false (custom)
2019-07-14 11:07:47,755 INFO  impl.RoleInfo (RoleInfo.java:updateAndGet(143)) - 46cbccf6-8abf-4dc0-9606-2ec792ae2ced: start LeaderState
2019-07-14 11:07:47,755 INFO  segmented.SegmentedRaftLogWorker (SegmentedRaftLogWorker.java:startLogSegment(380)) - 46cbccf6-8abf-4dc0-9606-2ec792ae2ced-SegmentedRaftLogWorker:Storage Directory /workdir/hadoop-ozone/integration-test/target/test-dir/MiniOzoneClusterImpl-e441f628-3055-4976-9f22-cf1ee574003e/datanode-0/data/ratis/981b15f6-c00a-4278-93ed-28e90b558652: Starting segment from index:0
2019-07-14 11:07:47,756 INFO  impl.RaftServerImpl (ServerState.java:setRaftConf(361)) - 46cbccf6-8abf-4dc0-9606-2ec792ae2ced:group-28E90B558652 set configuration 0: [5a30284b-95a7-4750-9a97-25838f7cc2d2:192.168.157.209:42168, 4ddaf116-ef27-4abd-8bd4-7af3c402b258:192.168.157.209:39868, 46cbccf6-8abf-4dc0-9606-2ec792ae2ced:192.168.157.209:33325], old=null at 0
2019-07-14 11:07:47,756 INFO  impl.RaftServerImpl (RaftServerImpl.java:requestVote(754)) - 46cbccf6-8abf-4dc0-9606-2ec792ae2ced-LEADER: Withhold vote from candidate 4ddaf116-ef27-4abd-8bd4-7af3c402b258 with term 1. State: leader=46cbccf6-8abf-4dc0-9606-2ec792ae2ced, term=1, lastRpcElapsed=null
2019-07-14 11:07:47,777 INFO  impl.RaftServerImpl (ServerState.java:setLeader(263)) - 5a30284b-95a7-4750-9a97-25838f7cc2d2:group-28E90B558652 change Leader from null to 46cbccf6-8abf-4dc0-9606-2ec792ae2ced at term 1 for appendEntries, leader elected after 5172ms
2019-07-14 11:07:47,778 INFO  impl.RaftServerImpl (RaftServerImpl.java:setRole(171)) - 4ddaf116-ef27-4abd-8bd4-7af3c402b258:group-28E90B558652 changes role from CANDIDATE to FOLLOWER at term 1 for appendEntries
2019-07-14 11:07:47,778 INFO  impl.LeaderElection (LeaderElection.java:logAndReturn(56)) - 4ddaf116-ef27-4abd-8bd4-7af3c402b258:group-28E90B558652:LeaderElection100: Election REJECTED; received 2 response(s) [4ddaf116-ef27-4abd-8bd4-7af3c402b258<-5a30284b-95a7-4750-9a97-25838f7cc2d2#0:FAIL-t1, 4ddaf116-ef27-4abd-8bd4-7af3c402b258<-46cbccf6-8abf-4dc0-9606-2ec792ae2ced#0:FAIL-t1] and 0 exception(s); 4ddaf116-ef27-4abd-8bd4-7af3c402b258:t1, leader=null, voted=4ddaf116-ef27-4abd-8bd4-7af3c402b258, raftlog=4ddaf116-ef27-4abd-8bd4-7af3c402b258-SegmentedRaftLog:OPENED:c-1,f-1,i0, conf=-1: [5a30284b-95a7-4750-9a97-25838f7cc2d2:192.168.157.209:42168, 4ddaf116-ef27-4abd-8bd4-7af3c402b258:192.168.157.209:39868, 46cbccf6-8abf-4dc0-9606-2ec792ae2ced:192.168.157.209:33325], old=null
2019-07-14 11:07:47,778 INFO  impl.RoleInfo (RoleInfo.java:shutdownLeaderElection(134)) - 4ddaf116-ef27-4abd-8bd4-7af3c402b258: shutdown LeaderElection
2019-07-14 11:07:47,778 INFO  impl.RoleInfo (RoleInfo.java:updateAndGet(143)) - 4ddaf116-ef27-4abd-8bd4-7af3c402b258: start FollowerState
2019-07-14 11:07:47,779 INFO  impl.RaftServerImpl (ServerState.java:setLeader(263)) - 4ddaf116-ef27-4abd-8bd4-7af3c402b258:group-28E90B558652 change Leader from null to 46cbccf6-8abf-4dc0-9606-2ec792ae2ced at term 1 for appendEntries, leader elected after 5173ms
2019-07-14 11:07:47,779 INFO  impl.RaftServerImpl (ServerState.java:setRaftConf(361)) - 5a30284b-95a7-4750-9a97-25838f7cc2d2:group-28E90B558652 set configuration 0: [5a30284b-95a7-4750-9a97-25838f7cc2d2:192.168.157.209:42168, 4ddaf116-ef27-4abd-8bd4-7af3c402b258:192.168.157.209:39868, 46cbccf6-8abf-4dc0-9606-2ec792ae2ced:192.168.157.209:33325], old=null at 0
2019-07-14 11:07:47,780 INFO  segmented.SegmentedRaftLogWorker (SegmentedRaftLogWorker.java:startLogSegment(380)) - 5a30284b-95a7-4750-9a97-25838f7cc2d2-SegmentedRaftLogWorker:Storage Directory /workdir/hadoop-ozone/integration-test/target/test-dir/MiniOzoneClusterImpl-e441f628-3055-4976-9f22-cf1ee574003e/datanode-1/data/ratis/981b15f6-c00a-4278-93ed-28e90b558652: Starting segment from index:0
2019-07-14 11:07:47,780 INFO  impl.RaftServerImpl (ServerState.java:setRaftConf(361)) - 4ddaf116-ef27-4abd-8bd4-7af3c402b258:group-28E90B558652 set configuration 0: [5a30284b-95a7-4750-9a97-25838f7cc2d2:192.168.157.209:42168, 4ddaf116-ef27-4abd-8bd4-7af3c402b258:192.168.157.209:39868, 46cbccf6-8abf-4dc0-9606-2ec792ae2ced:192.168.157.209:33325], old=null at 0
2019-07-14 11:07:47,781 INFO  segmented.SegmentedRaftLogWorker (SegmentedRaftLogWorker.java:startLogSegment(380)) - 4ddaf116-ef27-4abd-8bd4-7af3c402b258-SegmentedRaftLogWorker:Storage Directory /workdir/hadoop-ozone/integration-test/target/test-dir/MiniOzoneClusterImpl-e441f628-3055-4976-9f22-cf1ee574003e/datanode-2/data/ratis/981b15f6-c00a-4278-93ed-28e90b558652: Starting segment from index:0
2019-07-14 11:07:47,789 INFO  segmented.SegmentedRaftLogWorker (SegmentedRaftLogWorker.java:execute(569)) - 46cbccf6-8abf-4dc0-9606-2ec792ae2ced-SegmentedRaftLogWorker:Storage Directory /workdir/hadoop-ozone/integration-test/target/test-dir/MiniOzoneClusterImpl-e441f628-3055-4976-9f22-cf1ee574003e/datanode-0/data/ratis/981b15f6-c00a-4278-93ed-28e90b558652: created new log segment /workdir/hadoop-ozone/integration-test/target/test-dir/MiniOzoneClusterImpl-e441f628-3055-4976-9f22-cf1ee574003e/datanode-0/data/ratis/981b15f6-c00a-4278-93ed-28e90b558652/current/log_inprogress_0
2019-07-14 11:07:47,802 INFO  segmented.SegmentedRaftLogWorker (SegmentedRaftLogWorker.java:execute(569)) - 5a30284b-95a7-4750-9a97-25838f7cc2d2-SegmentedRaftLogWorker:Storage Directory /workdir/hadoop-ozone/integration-test/target/test-dir/MiniOzoneClusterImpl-e441f628-3055-4976-9f22-cf1ee574003e/datanode-1/data/ratis/981b15f6-c00a-4278-93ed-28e90b558652: created new log segment /workdir/hadoop-ozone/integration-test/target/test-dir/MiniOzoneClusterImpl-e441f628-3055-4976-9f22-cf1ee574003e/datanode-1/data/ratis/981b15f6-c00a-4278-93ed-28e90b558652/current/log_inprogress_0
2019-07-14 11:07:47,802 INFO  segmented.SegmentedRaftLogWorker (SegmentedRaftLogWorker.java:execute(569)) - 4ddaf116-ef27-4abd-8bd4-7af3c402b258-SegmentedRaftLogWorker:Storage Directory /workdir/hadoop-ozone/integration-test/target/test-dir/MiniOzoneClusterImpl-e441f628-3055-4976-9f22-cf1ee574003e/datanode-2/data/ratis/981b15f6-c00a-4278-93ed-28e90b558652: created new log segment /workdir/hadoop-ozone/integration-test/target/test-dir/MiniOzoneClusterImpl-e441f628-3055-4976-9f22-cf1ee574003e/datanode-2/data/ratis/981b15f6-c00a-4278-93ed-28e90b558652/current/log_inprogress_0
2019-07-14 11:07:47,855 INFO  impl.FollowerState (FollowerState.java:run(106)) - 5971a380-3faa-4fbf-9d4e-fbebc277ff56:group-02760DB56A26 changes to CANDIDATE, lastRpcTime:5144, electionTimeout:5144ms
2019-07-14 11:07:47,855 INFO  impl.RoleInfo (RoleInfo.java:shutdownFollowerState(121)) - 5971a380-3faa-4fbf-9d4e-fbebc277ff56: shutdown FollowerState
2019-07-14 11:07:47,855 INFO  impl.RaftServerImpl (RaftServerImpl.java:setRole(171)) - 5971a380-3faa-4fbf-9d4e-fbebc277ff56:group-02760DB56A26 changes role from FOLLOWER to CANDIDATE at term 0 for changeToCandidate
2019-07-14 11:07:47,855 INFO  impl.RoleInfo (RoleInfo.java:updateAndGet(143)) - 5971a380-3faa-4fbf-9d4e-fbebc277ff56: start LeaderElection
2019-07-14 11:07:47,874 INFO  impl.LeaderElection (LeaderElection.java:askForVotes(181)) - 5971a380-3faa-4fbf-9d4e-fbebc277ff56:group-02760DB56A26:LeaderElection101: begin an election at term 1 for -1: [5971a380-3faa-4fbf-9d4e-fbebc277ff56:192.168.157.209:36605], old=null
2019-07-14 11:07:47,874 INFO  impl.RoleInfo (RoleInfo.java:shutdownLeaderElection(134)) - 5971a380-3faa-4fbf-9d4e-fbebc277ff56: shutdown LeaderElection
2019-07-14 11:07:47,874 INFO  impl.RaftServerImpl (RaftServerImpl.java:setRole(171)) - 5971a380-3faa-4fbf-9d4e-fbebc277ff56:group-02760DB56A26 changes role from CANDIDATE to LEADER at term 1 for changeToLeader
2019-07-14 11:07:47,874 INFO  impl.RaftServerImpl (ServerState.java:setLeader(263)) - 5971a380-3faa-4fbf-9d4e-fbebc277ff56:group-02760DB56A26 change Leader from null to 5971a380-3faa-4fbf-9d4e-fbebc277ff56 at term 1 for becomeLeader, leader elected after 5168ms
2019-07-14 11:07:47,877 INFO  server.RaftServerConfigKeys (ConfUtils.java:logGet(43)) - raft.server.staging.catchup.gap = 1000 (default)
2019-07-14 11:07:47,877 INFO  server.RaftServerConfigKeys (ConfUtils.java:logGet(43)) - raft.server.rpc.sleep.time = 25ms (default)
2019-07-14 11:07:47,877 INFO  server.RaftServerConfigKeys (ConfUtils.java:logGet(43)) - raft.server.write.element-limit = 4096 (default)
2019-07-14 11:07:47,877 INFO  server.RaftServerConfigKeys (ConfUtils.java:logGet(43)) - raft.server.watch.timeout = 10s (default)
2019-07-14 11:07:47,877 INFO  server.RaftServerConfigKeys (ConfUtils.java:logGet(43)) - raft.server.watch.timeout.denomination = 1s (default)
2019-07-14 11:07:47,878 INFO  server.RaftServerConfigKeys (ConfUtils.java:logGet(43)) - raft.server.watch.element-limit = 65536 (default)
2019-07-14 11:07:47,878 INFO  impl.RoleInfo (RoleInfo.java:updateAndGet(143)) - 5971a380-3faa-4fbf-9d4e-fbebc277ff56: start LeaderState
2019-07-14 11:07:47,878 INFO  segmented.SegmentedRaftLogWorker (SegmentedRaftLogWorker.java:startLogSegment(380)) - 5971a380-3faa-4fbf-9d4e-fbebc277ff56-SegmentedRaftLogWorker:Storage Directory /workdir/hadoop-ozone/integration-test/target/test-dir/MiniOzoneClusterImpl-e441f628-3055-4976-9f22-cf1ee574003e/datanode-3/data/ratis/4fc77f00-c313-44f7-a85d-02760db56a26: Starting segment from index:0
2019-07-14 11:07:47,879 INFO  impl.RaftServerImpl (ServerState.java:setRaftConf(361)) - 5971a380-3faa-4fbf-9d4e-fbebc277ff56:group-02760DB56A26 set configuration 0: [5971a380-3faa-4fbf-9d4e-fbebc277ff56:192.168.157.209:36605], old=null at 0
2019-07-14 11:07:47,910 INFO  segmented.SegmentedRaftLogWorker (SegmentedRaftLogWorker.java:execute(569)) - 5971a380-3faa-4fbf-9d4e-fbebc277ff56-SegmentedRaftLogWorker:Storage Directory /workdir/hadoop-ozone/integration-test/target/test-dir/MiniOzoneClusterImpl-e441f628-3055-4976-9f22-cf1ee574003e/datanode-3/data/ratis/4fc77f00-c313-44f7-a85d-02760db56a26: created new log segment /workdir/hadoop-ozone/integration-test/target/test-dir/MiniOzoneClusterImpl-e441f628-3055-4976-9f22-cf1ee574003e/datanode-3/data/ratis/4fc77f00-c313-44f7-a85d-02760db56a26/current/log_inprogress_0
2019-07-14 11:07:48,258 INFO  impl.FollowerState (FollowerState.java:run(106)) - 934adac8-c3af-43b3-8b4c-a41ff868ac75:group-A1E4F0BCBAA4 changes to CANDIDATE, lastRpcTime:5191, electionTimeout:5191ms
2019-07-14 11:07:48,258 INFO  impl.RoleInfo (RoleInfo.java:shutdownFollowerState(121)) - 934adac8-c3af-43b3-8b4c-a41ff868ac75: shutdown FollowerState
2019-07-14 11:07:48,258 INFO  impl.RaftServerImpl (RaftServerImpl.java:setRole(171)) - 934adac8-c3af-43b3-8b4c-a41ff868ac75:group-A1E4F0BCBAA4 changes role from FOLLOWER to CANDIDATE at term 0 for changeToCandidate
2019-07-14 11:07:48,259 INFO  impl.RoleInfo (RoleInfo.java:updateAndGet(143)) - 934adac8-c3af-43b3-8b4c-a41ff868ac75: start LeaderElection
2019-07-14 11:07:48,279 INFO  impl.LeaderElection (LeaderElection.java:askForVotes(181)) - 934adac8-c3af-43b3-8b4c-a41ff868ac75:group-A1E4F0BCBAA4:LeaderElection102: begin an election at term 1 for -1: [934adac8-c3af-43b3-8b4c-a41ff868ac75:192.168.157.209:41684], old=null
2019-07-14 11:07:48,279 INFO  impl.RoleInfo (RoleInfo.java:shutdownLeaderElection(134)) - 934adac8-c3af-43b3-8b4c-a41ff868ac75: shutdown LeaderElection
2019-07-14 11:07:48,279 INFO  impl.RaftServerImpl (RaftServerImpl.java:setRole(171)) - 934adac8-c3af-43b3-8b4c-a41ff868ac75:group-A1E4F0BCBAA4 changes role from CANDIDATE to LEADER at term 1 for changeToLeader
2019-07-14 11:07:48,279 INFO  impl.RaftServerImpl (ServerState.java:setLeader(263)) - 934adac8-c3af-43b3-8b4c-a41ff868ac75:group-A1E4F0BCBAA4 change Leader from null to 934adac8-c3af-43b3-8b4c-a41ff868ac75 at term 1 for becomeLeader, leader elected after 5216ms
2019-07-14 11:07:48,282 INFO  server.RaftServerConfigKeys (ConfUtils.java:logGet(43)) - raft.server.staging.catchup.gap = 1000 (default)
2019-07-14 11:07:48,282 INFO  server.RaftServerConfigKeys (ConfUtils.java:logGet(43)) - raft.server.rpc.sleep.time = 25ms (default)
2019-07-14 11:07:48,282 INFO  server.RaftServerConfigKeys (ConfUtils.java:logGet(43)) - raft.server.write.element-limit = 4096 (default)
2019-07-14 11:07:48,282 INFO  server.RaftServerConfigKeys (ConfUtils.java:logGet(43)) - raft.server.watch.timeout = 10s (default)
2019-07-14 11:07:48,283 INFO  server.RaftServerConfigKeys (ConfUtils.java:logGet(43)) - raft.server.watch.timeout.denomination = 1s (default)
2019-07-14 11:07:48,283 INFO  server.RaftServerConfigKeys (ConfUtils.java:logGet(43)) - raft.server.watch.element-limit = 65536 (default)
2019-07-14 11:07:48,283 INFO  impl.RoleInfo (RoleInfo.java:updateAndGet(143)) - 934adac8-c3af-43b3-8b4c-a41ff868ac75: start LeaderState
2019-07-14 11:07:48,283 INFO  segmented.SegmentedRaftLogWorker (SegmentedRaftLogWorker.java:startLogSegment(380)) - 934adac8-c3af-43b3-8b4c-a41ff868ac75-SegmentedRaftLogWorker:Storage Directory /workdir/hadoop-ozone/integration-test/target/test-dir/MiniOzoneClusterImpl-e441f628-3055-4976-9f22-cf1ee574003e/datanode-4/data/ratis/83b735fd-7597-43c0-8158-a1e4f0bcbaa4: Starting segment from index:0
2019-07-14 11:07:48,284 INFO  impl.RaftServerImpl (ServerState.java:setRaftConf(361)) - 934adac8-c3af-43b3-8b4c-a41ff868ac75:group-A1E4F0BCBAA4 set configuration 0: [934adac8-c3af-43b3-8b4c-a41ff868ac75:192.168.157.209:41684], old=null at 0
2019-07-14 11:07:48,315 INFO  segmented.SegmentedRaftLogWorker (SegmentedRaftLogWorker.java:execute(569)) - 934adac8-c3af-43b3-8b4c-a41ff868ac75-SegmentedRaftLogWorker:Storage Directory /workdir/hadoop-ozone/integration-test/target/test-dir/MiniOzoneClusterImpl-e441f628-3055-4976-9f22-cf1ee574003e/datanode-4/data/ratis/83b735fd-7597-43c0-8158-a1e4f0bcbaa4: created new log segment /workdir/hadoop-ozone/integration-test/target/test-dir/MiniOzoneClusterImpl-e441f628-3055-4976-9f22-cf1ee574003e/datanode-4/data/ratis/83b735fd-7597-43c0-8158-a1e4f0bcbaa4/current/log_inprogress_0
2019-07-14 11:07:48,323 INFO  impl.FollowerState (FollowerState.java:run(106)) - 007896fc-8c18-4e3c-bcdc-868b62719fd3:group-F31746931609 changes to CANDIDATE, lastRpcTime:5059, electionTimeout:5059ms
2019-07-14 11:07:48,323 INFO  impl.RoleInfo (RoleInfo.java:shutdownFollowerState(121)) - 007896fc-8c18-4e3c-bcdc-868b62719fd3: shutdown FollowerState
2019-07-14 11:07:48,323 INFO  impl.RaftServerImpl (RaftServerImpl.java:setRole(171)) - 007896fc-8c18-4e3c-bcdc-868b62719fd3:group-F31746931609 changes role from FOLLOWER to CANDIDATE at term 0 for changeToCandidate
2019-07-14 11:07:48,323 INFO  impl.RoleInfo (RoleInfo.java:updateAndGet(143)) - 007896fc-8c18-4e3c-bcdc-868b62719fd3: start LeaderElection
2019-07-14 11:07:48,351 INFO  impl.LeaderElection (LeaderElection.java:askForVotes(181)) - 007896fc-8c18-4e3c-bcdc-868b62719fd3:group-F31746931609:LeaderElection103: begin an election at term 1 for -1: [007896fc-8c18-4e3c-bcdc-868b62719fd3:192.168.157.209:40822], old=null
2019-07-14 11:07:48,351 INFO  impl.RoleInfo (RoleInfo.java:shutdownLeaderElection(134)) - 007896fc-8c18-4e3c-bcdc-868b62719fd3: shutdown LeaderElection
2019-07-14 11:07:48,351 INFO  impl.RaftServerImpl (RaftServerImpl.java:setRole(171)) - 007896fc-8c18-4e3c-bcdc-868b62719fd3:group-F31746931609 changes role from CANDIDATE to LEADER at term 1 for changeToLeader
2019-07-14 11:07:48,352 INFO  impl.RaftServerImpl (ServerState.java:setLeader(263)) - 007896fc-8c18-4e3c-bcdc-868b62719fd3:group-F31746931609 change Leader from null to 007896fc-8c18-4e3c-bcdc-868b62719fd3 at term 1 for becomeLeader, leader elected after 5092ms
2019-07-14 11:07:48,354 INFO  server.RaftServerConfigKeys (ConfUtils.java:logGet(43)) - raft.server.staging.catchup.gap = 1000 (default)
2019-07-14 11:07:48,355 INFO  server.RaftServerConfigKeys (ConfUtils.java:logGet(43)) - raft.server.rpc.sleep.time = 25ms (default)
2019-07-14 11:07:48,355 INFO  server.RaftServerConfigKeys (ConfUtils.java:logGet(43)) - raft.server.write.element-limit = 4096 (default)
2019-07-14 11:07:48,355 INFO  server.RaftServerConfigKeys (ConfUtils.java:logGet(43)) - raft.server.watch.timeout = 10s (default)
2019-07-14 11:07:48,355 INFO  server.RaftServerConfigKeys (ConfUtils.java:logGet(43)) - raft.server.watch.timeout.denomination = 1s (default)
2019-07-14 11:07:48,355 INFO  server.RaftServerConfigKeys (ConfUtils.java:logGet(43)) - raft.server.watch.element-limit = 65536 (default)
2019-07-14 11:07:48,356 INFO  impl.RoleInfo (RoleInfo.java:updateAndGet(143)) - 007896fc-8c18-4e3c-bcdc-868b62719fd3: start LeaderState
2019-07-14 11:07:48,356 INFO  segmented.SegmentedRaftLogWorker (SegmentedRaftLogWorker.java:startLogSegment(380)) - 007896fc-8c18-4e3c-bcdc-868b62719fd3-SegmentedRaftLogWorker:Storage Directory /workdir/hadoop-ozone/integration-test/target/test-dir/MiniOzoneClusterImpl-e441f628-3055-4976-9f22-cf1ee574003e/datanode-5/data/ratis/dc989b8e-366b-408f-a20b-f31746931609: Starting segment from index:0
2019-07-14 11:07:48,357 INFO  impl.RaftServerImpl (ServerState.java:setRaftConf(361)) - 007896fc-8c18-4e3c-bcdc-868b62719fd3:group-F31746931609 set configuration 0: [007896fc-8c18-4e3c-bcdc-868b62719fd3:192.168.157.209:40822], old=null at 0
2019-07-14 11:07:48,388 INFO  segmented.SegmentedRaftLogWorker (SegmentedRaftLogWorker.java:execute(569)) - 007896fc-8c18-4e3c-bcdc-868b62719fd3-SegmentedRaftLogWorker:Storage Directory /workdir/hadoop-ozone/integration-test/target/test-dir/MiniOzoneClusterImpl-e441f628-3055-4976-9f22-cf1ee574003e/datanode-5/data/ratis/dc989b8e-366b-408f-a20b-f31746931609: created new log segment /workdir/hadoop-ozone/integration-test/target/test-dir/MiniOzoneClusterImpl-e441f628-3055-4976-9f22-cf1ee574003e/datanode-5/data/ratis/dc989b8e-366b-408f-a20b-f31746931609/current/log_inprogress_0
2019-07-14 11:07:48,435 INFO  impl.FollowerState (FollowerState.java:run(106)) - 5971a380-3faa-4fbf-9d4e-fbebc277ff56:group-A488590EDA1C changes to CANDIDATE, lastRpcTime:5103, electionTimeout:5103ms
2019-07-14 11:07:48,435 INFO  impl.RoleInfo (RoleInfo.java:shutdownFollowerState(121)) - 5971a380-3faa-4fbf-9d4e-fbebc277ff56: shutdown FollowerState
2019-07-14 11:07:48,435 INFO  impl.RaftServerImpl (RaftServerImpl.java:setRole(171)) - 5971a380-3faa-4fbf-9d4e-fbebc277ff56:group-A488590EDA1C changes role from FOLLOWER to CANDIDATE at term 0 for changeToCandidate
2019-07-14 11:07:48,435 INFO  impl.RoleInfo (RoleInfo.java:updateAndGet(143)) - 5971a380-3faa-4fbf-9d4e-fbebc277ff56: start LeaderElection
2019-07-14 11:07:48,446 INFO  impl.FollowerState (FollowerState.java:run(106)) - 934adac8-c3af-43b3-8b4c-a41ff868ac75:group-A488590EDA1C changes to CANDIDATE, lastRpcTime:5116, electionTimeout:5116ms
2019-07-14 11:07:48,446 INFO  impl.RoleInfo (RoleInfo.java:shutdownFollowerState(121)) - 934adac8-c3af-43b3-8b4c-a41ff868ac75: shutdown FollowerState
2019-07-14 11:07:48,446 INFO  impl.RaftServerImpl (RaftServerImpl.java:setRole(171)) - 934adac8-c3af-43b3-8b4c-a41ff868ac75:group-A488590EDA1C changes role from FOLLOWER to CANDIDATE at term 0 for changeToCandidate
2019-07-14 11:07:48,446 INFO  impl.RoleInfo (RoleInfo.java:updateAndGet(143)) - 934adac8-c3af-43b3-8b4c-a41ff868ac75: start LeaderElection
2019-07-14 11:07:48,455 INFO  impl.LeaderElection (LeaderElection.java:askForVotes(181)) - 934adac8-c3af-43b3-8b4c-a41ff868ac75:group-A488590EDA1C:LeaderElection105: begin an election at term 1 for -1: [934adac8-c3af-43b3-8b4c-a41ff868ac75:192.168.157.209:41684, 5971a380-3faa-4fbf-9d4e-fbebc277ff56:192.168.157.209:36605, 007896fc-8c18-4e3c-bcdc-868b62719fd3:192.168.157.209:40822], old=null
2019-07-14 11:07:48,455 INFO  impl.LeaderElection (LeaderElection.java:askForVotes(181)) - 5971a380-3faa-4fbf-9d4e-fbebc277ff56:group-A488590EDA1C:LeaderElection104: begin an election at term 1 for -1: [934adac8-c3af-43b3-8b4c-a41ff868ac75:192.168.157.209:41684, 5971a380-3faa-4fbf-9d4e-fbebc277ff56:192.168.157.209:36605, 007896fc-8c18-4e3c-bcdc-868b62719fd3:192.168.157.209:40822], old=null
2019-07-14 11:07:48,466 INFO  impl.RaftServerImpl (RaftServerImpl.java:setRole(171)) - 007896fc-8c18-4e3c-bcdc-868b62719fd3:group-A488590EDA1C changes role from FOLLOWER to FOLLOWER at term 1 for recognizeCandidate:934adac8-c3af-43b3-8b4c-a41ff868ac75
2019-07-14 11:07:48,466 INFO  impl.RoleInfo (RoleInfo.java:shutdownFollowerState(121)) - 007896fc-8c18-4e3c-bcdc-868b62719fd3: shutdown FollowerState
2019-07-14 11:07:48,466 INFO  impl.RoleInfo (RoleInfo.java:updateAndGet(143)) - 007896fc-8c18-4e3c-bcdc-868b62719fd3: start FollowerState
2019-07-14 11:07:48,466 INFO  impl.FollowerState (FollowerState.java:run(114)) - 007896fc-8c18-4e3c-bcdc-868b62719fd3: FollowerState was interrupted: java.lang.InterruptedException: sleep interrupted
2019-07-14 11:07:48,481 INFO  impl.LeaderElection (LeaderElection.java:logAndReturn(56)) - 5971a380-3faa-4fbf-9d4e-fbebc277ff56:group-A488590EDA1C:LeaderElection104: Election REJECTED; received 2 response(s) [5971a380-3faa-4fbf-9d4e-fbebc277ff56<-934adac8-c3af-43b3-8b4c-a41ff868ac75#0:FAIL-t1, 5971a380-3faa-4fbf-9d4e-fbebc277ff56<-007896fc-8c18-4e3c-bcdc-868b62719fd3#0:FAIL-t1] and 0 exception(s); 5971a380-3faa-4fbf-9d4e-fbebc277ff56:t1, leader=null, voted=5971a380-3faa-4fbf-9d4e-fbebc277ff56, raftlog=5971a380-3faa-4fbf-9d4e-fbebc277ff56-SegmentedRaftLog:OPENED:c-1,f-1,i0, conf=-1: [934adac8-c3af-43b3-8b4c-a41ff868ac75:192.168.157.209:41684, 5971a380-3faa-4fbf-9d4e-fbebc277ff56:192.168.157.209:36605, 007896fc-8c18-4e3c-bcdc-868b62719fd3:192.168.157.209:40822], old=null
2019-07-14 11:07:48,481 INFO  impl.LeaderElection (LeaderElection.java:logAndReturn(56)) - 934adac8-c3af-43b3-8b4c-a41ff868ac75:group-A488590EDA1C:LeaderElection105: Election PASSED; received 2 response(s) [934adac8-c3af-43b3-8b4c-a41ff868ac75<-5971a380-3faa-4fbf-9d4e-fbebc277ff56#0:FAIL-t1, 934adac8-c3af-43b3-8b4c-a41ff868ac75<-007896fc-8c18-4e3c-bcdc-868b62719fd3#0:OK-t1] and 0 exception(s); 934adac8-c3af-43b3-8b4c-a41ff868ac75:t1, leader=null, voted=934adac8-c3af-43b3-8b4c-a41ff868ac75, raftlog=934adac8-c3af-43b3-8b4c-a41ff868ac75-SegmentedRaftLog:OPENED:c-1,f-1,i0, conf=-1: [934adac8-c3af-43b3-8b4c-a41ff868ac75:192.168.157.209:41684, 5971a380-3faa-4fbf-9d4e-fbebc277ff56:192.168.157.209:36605, 007896fc-8c18-4e3c-bcdc-868b62719fd3:192.168.157.209:40822], old=null
2019-07-14 11:07:48,481 INFO  impl.RaftServerImpl (RaftServerImpl.java:setRole(171)) - 5971a380-3faa-4fbf-9d4e-fbebc277ff56:group-A488590EDA1C changes role from CANDIDATE to FOLLOWER at term 1 for DISCOVERED_A_NEW_TERM
2019-07-14 11:07:48,481 INFO  impl.RoleInfo (RoleInfo.java:shutdownLeaderElection(134)) - 934adac8-c3af-43b3-8b4c-a41ff868ac75: shutdown LeaderElection
2019-07-14 11:07:48,481 INFO  impl.RoleInfo (RoleInfo.java:shutdownLeaderElection(134)) - 5971a380-3faa-4fbf-9d4e-fbebc277ff56: shutdown LeaderElection
2019-07-14 11:07:48,481 INFO  impl.RaftServerImpl (RaftServerImpl.java:setRole(171)) - 934adac8-c3af-43b3-8b4c-a41ff868ac75:group-A488590EDA1C changes role from CANDIDATE to LEADER at term 1 for changeToLeader
2019-07-14 11:07:48,482 INFO  impl.RoleInfo (RoleInfo.java:updateAndGet(143)) - 5971a380-3faa-4fbf-9d4e-fbebc277ff56: start FollowerState
2019-07-14 11:07:48,482 INFO  impl.RaftServerImpl (ServerState.java:setLeader(263)) - 934adac8-c3af-43b3-8b4c-a41ff868ac75:group-A488590EDA1C change Leader from null to 934adac8-c3af-43b3-8b4c-a41ff868ac75 at term 1 for becomeLeader, leader elected after 5161ms
2019-07-14 11:07:48,482 INFO  server.RaftServerConfigKeys (ConfUtils.java:logGet(43)) - raft.server.staging.catchup.gap = 1000 (default)
2019-07-14 11:07:48,482 INFO  server.RaftServerConfigKeys (ConfUtils.java:logGet(43)) - raft.server.rpc.sleep.time = 25ms (default)
2019-07-14 11:07:48,482 INFO  server.RaftServerConfigKeys (ConfUtils.java:logGet(43)) - raft.server.write.element-limit = 4096 (default)
2019-07-14 11:07:48,483 INFO  server.RaftServerConfigKeys (ConfUtils.java:logGet(43)) - raft.server.watch.timeout = 10s (default)
2019-07-14 11:07:48,483 INFO  server.RaftServerConfigKeys (ConfUtils.java:logGet(43)) - raft.server.watch.timeout.denomination = 1s (default)
2019-07-14 11:07:48,483 INFO  server.RaftServerConfigKeys (ConfUtils.java:logGet(43)) - raft.server.watch.element-limit = 65536 (default)
2019-07-14 11:07:48,483 INFO  server.RaftServerConfigKeys (ConfUtils.java:logGet(43)) - raft.server.log.appender.snapshot.chunk.size.max = 16MB (=16777216) (default)
2019-07-14 11:07:48,483 INFO  server.RaftServerConfigKeys (ConfUtils.java:logGet(43)) - raft.server.log.appender.buffer.byte-limit = 33554432 (custom)
2019-07-14 11:07:48,484 INFO  server.RaftServerConfigKeys (ConfUtils.java:logGet(43)) - raft.server.log.appender.buffer.element-limit = 1 (custom)
2019-07-14 11:07:48,484 INFO  grpc.GrpcConfigKeys$Server (ConfUtils.java:logGet(43)) - raft.grpc.server.leader.outstanding.appends.max = 128 (default)
2019-07-14 11:07:48,484 INFO  server.RaftServerConfigKeys (ConfUtils.java:logGet(43)) - raft.server.rpc.request.timeout = 3000ms (default)
2019-07-14 11:07:48,484 INFO  server.RaftServerConfigKeys (ConfUtils.java:logGet(43)) - raft.server.log.appender.install.snapshot.enabled = false (custom)
2019-07-14 11:07:48,484 INFO  server.RaftServerConfigKeys (ConfUtils.java:logGet(43)) - raft.server.log.appender.snapshot.chunk.size.max = 16MB (=16777216) (default)
2019-07-14 11:07:48,484 INFO  server.RaftServerConfigKeys (ConfUtils.java:logGet(43)) - raft.server.log.appender.buffer.byte-limit = 33554432 (custom)
2019-07-14 11:07:48,485 INFO  server.RaftServerConfigKeys (ConfUtils.java:logGet(43)) - raft.server.log.appender.buffer.element-limit = 1 (custom)
2019-07-14 11:07:48,485 INFO  grpc.GrpcConfigKeys$Server (ConfUtils.java:logGet(43)) - raft.grpc.server.leader.outstanding.appends.max = 128 (default)
2019-07-14 11:07:48,485 INFO  server.RaftServerConfigKeys (ConfUtils.java:logGet(43)) - raft.server.rpc.request.timeout = 3000ms (default)
2019-07-14 11:07:48,485 INFO  server.RaftServerConfigKeys (ConfUtils.java:logGet(43)) - raft.server.log.appender.install.snapshot.enabled = false (custom)
2019-07-14 11:07:48,485 INFO  impl.RoleInfo (RoleInfo.java:updateAndGet(143)) - 934adac8-c3af-43b3-8b4c-a41ff868ac75: start LeaderState
2019-07-14 11:07:48,486 INFO  segmented.SegmentedRaftLogWorker (SegmentedRaftLogWorker.java:startLogSegment(380)) - 934adac8-c3af-43b3-8b4c-a41ff868ac75-SegmentedRaftLogWorker:Storage Directory /workdir/hadoop-ozone/integration-test/target/test-dir/MiniOzoneClusterImpl-e441f628-3055-4976-9f22-cf1ee574003e/datanode-4/data/ratis/2bdb29bd-a467-4566-9061-a488590eda1c: Starting segment from index:0
2019-07-14 11:07:48,487 INFO  impl.RaftServerImpl (ServerState.java:setRaftConf(361)) - 934adac8-c3af-43b3-8b4c-a41ff868ac75:group-A488590EDA1C set configuration 0: [934adac8-c3af-43b3-8b4c-a41ff868ac75:192.168.157.209:41684, 5971a380-3faa-4fbf-9d4e-fbebc277ff56:192.168.157.209:36605, 007896fc-8c18-4e3c-bcdc-868b62719fd3:192.168.157.209:40822], old=null at 0
2019-07-14 11:07:48,488 INFO  impl.RaftServerImpl (ServerState.java:setLeader(263)) - 5971a380-3faa-4fbf-9d4e-fbebc277ff56:group-A488590EDA1C change Leader from null to 934adac8-c3af-43b3-8b4c-a41ff868ac75 at term 1 for appendEntries, leader elected after 5167ms
2019-07-14 11:07:48,488 INFO  impl.RaftServerImpl (ServerState.java:setLeader(263)) - 007896fc-8c18-4e3c-bcdc-868b62719fd3:group-A488590EDA1C change Leader from null to 934adac8-c3af-43b3-8b4c-a41ff868ac75 at term 1 for appendEntries, leader elected after 5168ms
2019-07-14 11:07:48,490 INFO  impl.RaftServerImpl (ServerState.java:setRaftConf(361)) - 5971a380-3faa-4fbf-9d4e-fbebc277ff56:group-A488590EDA1C set configuration 0: [934adac8-c3af-43b3-8b4c-a41ff868ac75:192.168.157.209:41684, 5971a380-3faa-4fbf-9d4e-fbebc277ff56:192.168.157.209:36605, 007896fc-8c18-4e3c-bcdc-868b62719fd3:192.168.157.209:40822], old=null at 0
2019-07-14 11:07:48,491 INFO  segmented.SegmentedRaftLogWorker (SegmentedRaftLogWorker.java:startLogSegment(380)) - 5971a380-3faa-4fbf-9d4e-fbebc277ff56-SegmentedRaftLogWorker:Storage Directory /workdir/hadoop-ozone/integration-test/target/test-dir/MiniOzoneClusterImpl-e441f628-3055-4976-9f22-cf1ee574003e/datanode-3/data/ratis/2bdb29bd-a467-4566-9061-a488590eda1c: Starting segment from index:0
2019-07-14 11:07:48,491 INFO  impl.RaftServerImpl (ServerState.java:setRaftConf(361)) - 007896fc-8c18-4e3c-bcdc-868b62719fd3:group-A488590EDA1C set configuration 0: [934adac8-c3af-43b3-8b4c-a41ff868ac75:192.168.157.209:41684, 5971a380-3faa-4fbf-9d4e-fbebc277ff56:192.168.157.209:36605, 007896fc-8c18-4e3c-bcdc-868b62719fd3:192.168.157.209:40822], old=null at 0
2019-07-14 11:07:48,492 INFO  segmented.SegmentedRaftLogWorker (SegmentedRaftLogWorker.java:startLogSegment(380)) - 007896fc-8c18-4e3c-bcdc-868b62719fd3-SegmentedRaftLogWorker:Storage Directory /workdir/hadoop-ozone/integration-test/target/test-dir/MiniOzoneClusterImpl-e441f628-3055-4976-9f22-cf1ee574003e/datanode-5/data/ratis/2bdb29bd-a467-4566-9061-a488590eda1c: Starting segment from index:0
2019-07-14 11:07:48,518 INFO  segmented.SegmentedRaftLogWorker (SegmentedRaftLogWorker.java:execute(569)) - 934adac8-c3af-43b3-8b4c-a41ff868ac75-SegmentedRaftLogWorker:Storage Directory /workdir/hadoop-ozone/integration-test/target/test-dir/MiniOzoneClusterImpl-e441f628-3055-4976-9f22-cf1ee574003e/datanode-4/data/ratis/2bdb29bd-a467-4566-9061-a488590eda1c: created new log segment /workdir/hadoop-ozone/integration-test/target/test-dir/MiniOzoneClusterImpl-e441f628-3055-4976-9f22-cf1ee574003e/datanode-4/data/ratis/2bdb29bd-a467-4566-9061-a488590eda1c/current/log_inprogress_0
2019-07-14 11:07:48,544 INFO  segmented.SegmentedRaftLogWorker (SegmentedRaftLogWorker.java:execute(569)) - 007896fc-8c18-4e3c-bcdc-868b62719fd3-SegmentedRaftLogWorker:Storage Directory /workdir/hadoop-ozone/integration-test/target/test-dir/MiniOzoneClusterImpl-e441f628-3055-4976-9f22-cf1ee574003e/datanode-5/data/ratis/2bdb29bd-a467-4566-9061-a488590eda1c: created new log segment /workdir/hadoop-ozone/integration-test/target/test-dir/MiniOzoneClusterImpl-e441f628-3055-4976-9f22-cf1ee574003e/datanode-5/data/ratis/2bdb29bd-a467-4566-9061-a488590eda1c/current/log_inprogress_0
2019-07-14 11:07:48,544 INFO  segmented.SegmentedRaftLogWorker (SegmentedRaftLogWorker.java:execute(569)) - 5971a380-3faa-4fbf-9d4e-fbebc277ff56-SegmentedRaftLogWorker:Storage Directory /workdir/hadoop-ozone/integration-test/target/test-dir/MiniOzoneClusterImpl-e441f628-3055-4976-9f22-cf1ee574003e/datanode-3/data/ratis/2bdb29bd-a467-4566-9061-a488590eda1c: created new log segment /workdir/hadoop-ozone/integration-test/target/test-dir/MiniOzoneClusterImpl-e441f628-3055-4976-9f22-cf1ee574003e/datanode-3/data/ratis/2bdb29bd-a467-4566-9061-a488590eda1c/current/log_inprogress_0
2019-07-14 11:07:48,553 INFO  impl.FollowerState (FollowerState.java:run(106)) - 8ef554fb-ac1b-43ef-bb0d-dc59425b58f1:group-B4DCB0C2EB0D changes to CANDIDATE, lastRpcTime:5130, electionTimeout:5130ms
2019-07-14 11:07:48,553 INFO  impl.RoleInfo (RoleInfo.java:shutdownFollowerState(121)) - 8ef554fb-ac1b-43ef-bb0d-dc59425b58f1: shutdown FollowerState
2019-07-14 11:07:48,553 INFO  impl.RaftServerImpl (RaftServerImpl.java:setRole(171)) - 8ef554fb-ac1b-43ef-bb0d-dc59425b58f1:group-B4DCB0C2EB0D changes role from FOLLOWER to CANDIDATE at term 0 for changeToCandidate
2019-07-14 11:07:48,553 INFO  impl.RoleInfo (RoleInfo.java:updateAndGet(143)) - 8ef554fb-ac1b-43ef-bb0d-dc59425b58f1: start LeaderElection
2019-07-14 11:07:48,565 INFO  impl.LeaderElection (LeaderElection.java:askForVotes(181)) - 8ef554fb-ac1b-43ef-bb0d-dc59425b58f1:group-B4DCB0C2EB0D:LeaderElection106: begin an election at term 1 for -1: [8ef554fb-ac1b-43ef-bb0d-dc59425b58f1:192.168.157.209:44065], old=null
2019-07-14 11:07:48,566 INFO  impl.RoleInfo (RoleInfo.java:shutdownLeaderElection(134)) - 8ef554fb-ac1b-43ef-bb0d-dc59425b58f1: shutdown LeaderElection
2019-07-14 11:07:48,566 INFO  impl.RaftServerImpl (RaftServerImpl.java:setRole(171)) - 8ef554fb-ac1b-43ef-bb0d-dc59425b58f1:group-B4DCB0C2EB0D changes role from CANDIDATE to LEADER at term 1 for changeToLeader
2019-07-14 11:07:48,566 INFO  impl.RaftServerImpl (ServerState.java:setLeader(263)) - 8ef554fb-ac1b-43ef-bb0d-dc59425b58f1:group-B4DCB0C2EB0D change Leader from null to 8ef554fb-ac1b-43ef-bb0d-dc59425b58f1 at term 1 for becomeLeader, leader elected after 5147ms
2019-07-14 11:07:48,568 INFO  server.RaftServerConfigKeys (ConfUtils.java:logGet(43)) - raft.server.staging.catchup.gap = 1000 (default)
2019-07-14 11:07:48,568 INFO  server.RaftServerConfigKeys (ConfUtils.java:logGet(43)) - raft.server.rpc.sleep.time = 25ms (default)
2019-07-14 11:07:48,568 INFO  server.RaftServerConfigKeys (ConfUtils.java:logGet(43)) - raft.server.write.element-limit = 4096 (default)
2019-07-14 11:07:48,568 INFO  server.RaftServerConfigKeys (ConfUtils.java:logGet(43)) - raft.server.watch.timeout = 10s (default)
2019-07-14 11:07:48,569 INFO  server.RaftServerConfigKeys (ConfUtils.java:logGet(43)) - raft.server.watch.timeout.denomination = 1s (default)
2019-07-14 11:07:48,569 INFO  server.RaftServerConfigKeys (ConfUtils.java:logGet(43)) - raft.server.watch.element-limit = 65536 (default)
2019-07-14 11:07:48,569 INFO  impl.RoleInfo (RoleInfo.java:updateAndGet(143)) - 8ef554fb-ac1b-43ef-bb0d-dc59425b58f1: start LeaderState
2019-07-14 11:07:48,569 INFO  segmented.SegmentedRaftLogWorker (SegmentedRaftLogWorker.java:startLogSegment(380)) - 8ef554fb-ac1b-43ef-bb0d-dc59425b58f1-SegmentedRaftLogWorker:Storage Directory /workdir/hadoop-ozone/integration-test/target/test-dir/MiniOzoneClusterImpl-e441f628-3055-4976-9f22-cf1ee574003e/datanode-6/data/ratis/fd780dfd-9170-4b92-9bc1-b4dcb0c2eb0d: Starting segment from index:0
2019-07-14 11:07:48,570 INFO  impl.RaftServerImpl (ServerState.java:setRaftConf(361)) - 8ef554fb-ac1b-43ef-bb0d-dc59425b58f1:group-B4DCB0C2EB0D set configuration 0: [8ef554fb-ac1b-43ef-bb0d-dc59425b58f1:192.168.157.209:44065], old=null at 0
2019-07-14 11:07:48,601 INFO  segmented.SegmentedRaftLogWorker (SegmentedRaftLogWorker.java:execute(569)) - 8ef554fb-ac1b-43ef-bb0d-dc59425b58f1-SegmentedRaftLogWorker:Storage Directory /workdir/hadoop-ozone/integration-test/target/test-dir/MiniOzoneClusterImpl-e441f628-3055-4976-9f22-cf1ee574003e/datanode-6/data/ratis/fd780dfd-9170-4b92-9bc1-b4dcb0c2eb0d: created new log segment /workdir/hadoop-ozone/integration-test/target/test-dir/MiniOzoneClusterImpl-e441f628-3055-4976-9f22-cf1ee574003e/datanode-6/data/ratis/fd780dfd-9170-4b92-9bc1-b4dcb0c2eb0d/current/log_inprogress_0
2019-07-14 11:07:48,632 INFO  client.GrpcClientProtocolClient (GrpcClientProtocolClient.java:onNext(255)) - client-83FC623D90FF->46cbccf6-8abf-4dc0-9606-2ec792ae2ced: receive RaftClientReply:client-83FC623D90FF->46cbccf6-8abf-4dc0-9606-2ec792ae2ced@group-28E90B558652, cid=213, SUCCESS, logIndex=1, commits[46cbccf6-8abf-4dc0-9606-2ec792ae2ced:c1, 5a30284b-95a7-4750-9a97-25838f7cc2d2:c0, 4ddaf116-ef27-4abd-8bd4-7af3c402b258:c0]
2019-07-14 11:07:48,644 INFO  client.GrpcClientProtocolClient (GrpcClientProtocolClient.java:onNext(255)) - client-83FC623D90FF->46cbccf6-8abf-4dc0-9606-2ec792ae2ced: receive RaftClientReply:client-83FC623D90FF->46cbccf6-8abf-4dc0-9606-2ec792ae2ced@group-28E90B558652, cid=214, SUCCESS, logIndex=3, commits[46cbccf6-8abf-4dc0-9606-2ec792ae2ced:c4, 5a30284b-95a7-4750-9a97-25838f7cc2d2:c1, 4ddaf116-ef27-4abd-8bd4-7af3c402b258:c1]
2019-07-14 11:07:48,717 INFO  client.GrpcClientProtocolClient (GrpcClientProtocolClient.java:onNext(255)) - client-83FC623D90FF->46cbccf6-8abf-4dc0-9606-2ec792ae2ced: receive RaftClientReply:client-83FC623D90FF->46cbccf6-8abf-4dc0-9606-2ec792ae2ced@group-28E90B558652, cid=215, SUCCESS, logIndex=4, commits[46cbccf6-8abf-4dc0-9606-2ec792ae2ced:c6, 5a30284b-95a7-4750-9a97-25838f7cc2d2:c4, 4ddaf116-ef27-4abd-8bd4-7af3c402b258:c4]
2019-07-14 11:07:48,719 INFO  container.CloseContainerEventHandler (CloseContainerEventHandler.java:onMessage(61)) - Close container Event triggered for container : #1
2019-07-14 11:07:48,720 INFO  container.CloseContainerEventHandler (CloseContainerEventHandler.java:onMessage(61)) - Close container Event triggered for container : #1
2019-07-14 11:07:48,720 INFO  container.CloseContainerEventHandler (CloseContainerEventHandler.java:onMessage(61)) - Close container Event triggered for container : #1
2019-07-14 11:07:50,221 INFO  interfaces.Container (KeyValueContainer.java:compactDB(356)) - Container 1 is closed with bcsId 4.
11:07:50.221 [grpc-default-executor-11] ERROR DNAudit - user=null | ip=null | op=WRITE_CHUNK {blockData=conID: 1 locID: 102439483109605392 bcsId: 4} | ret=FAILURE
org.apache.hadoop.hdds.scm.container.common.helpers.ContainerNotOpenException: Container 1 in CLOSED state
	at org.apache.hadoop.ozone.container.common.impl.HddsDispatcher.validateContainerCommand(HddsDispatcher.java:408) ~[hadoop-hdds-container-service-0.5.0-SNAPSHOT.jar:?]
	at org.apache.hadoop.ozone.container.common.transport.server.ratis.ContainerStateMachine.startTransaction(ContainerStateMachine.java:272) ~[hadoop-hdds-container-service-0.5.0-SNAPSHOT.jar:?]
	at org.apache.ratis.server.impl.RaftServerImpl.submitClientRequestAsync(RaftServerImpl.java:566) ~[ratis-server-0.4.0-2337318-SNAPSHOT.jar:0.4.0-2337318-SNAPSHOT]
	at org.apache.ratis.server.impl.RaftServerProxy.lambda$submitClientRequestAsync$7(RaftServerProxy.java:333) ~[ratis-server-0.4.0-2337318-SNAPSHOT.jar:0.4.0-2337318-SNAPSHOT]
	at org.apache.ratis.server.impl.RaftServerProxy.lambda$null$5(RaftServerProxy.java:328) ~[ratis-server-0.4.0-2337318-SNAPSHOT.jar:0.4.0-2337318-SNAPSHOT]
	at org.apache.ratis.util.JavaUtils.callAsUnchecked(JavaUtils.java:109) ~[ratis-common-0.4.0-2337318-SNAPSHOT.jar:0.4.0-2337318-SNAPSHOT]
	at org.apache.ratis.server.impl.RaftServerProxy.lambda$submitRequest$6(RaftServerProxy.java:328) ~[ratis-server-0.4.0-2337318-SNAPSHOT.jar:0.4.0-2337318-SNAPSHOT]
	at java.util.concurrent.CompletableFuture.uniComposeStage(CompletableFuture.java:981) ~[?:1.8.0_212]
	at java.util.concurrent.CompletableFuture.thenCompose(CompletableFuture.java:2124) ~[?:1.8.0_212]
	at org.apache.ratis.server.impl.RaftServerProxy.submitRequest(RaftServerProxy.java:327) ~[ratis-server-0.4.0-2337318-SNAPSHOT.jar:0.4.0-2337318-SNAPSHOT]
	at org.apache.ratis.server.impl.RaftServerProxy.submitClientRequestAsync(RaftServerProxy.java:333) ~[ratis-server-0.4.0-2337318-SNAPSHOT.jar:0.4.0-2337318-SNAPSHOT]
	at org.apache.ratis.grpc.client.GrpcClientProtocolService$RequestStreamObserver.processClientRequest(GrpcClientProtocolService.java:220) ~[ratis-grpc-0.4.0-2337318-SNAPSHOT.jar:0.4.0-2337318-SNAPSHOT]
	at org.apache.ratis.grpc.client.GrpcClientProtocolService$OrderedRequestStreamObserver.processClientRequest(GrpcClientProtocolService.java:326) ~[ratis-grpc-0.4.0-2337318-SNAPSHOT.jar:0.4.0-2337318-SNAPSHOT]
	at org.apache.ratis.util.SlidingWindow$Server.processRequestsFromHead(SlidingWindow.java:429) [ratis-common-0.4.0-2337318-SNAPSHOT.jar:0.4.0-2337318-SNAPSHOT]
	at org.apache.ratis.util.SlidingWindow$Server.receivedRequest(SlidingWindow.java:421) [ratis-common-0.4.0-2337318-SNAPSHOT.jar:0.4.0-2337318-SNAPSHOT]
	at org.apache.ratis.grpc.client.GrpcClientProtocolService$OrderedRequestStreamObserver.processClientRequest(GrpcClientProtocolService.java:345) [ratis-grpc-0.4.0-2337318-SNAPSHOT.jar:0.4.0-2337318-SNAPSHOT]
	at org.apache.ratis.grpc.client.GrpcClientProtocolService$RequestStreamObserver.onNext(GrpcClientProtocolService.java:240) [ratis-grpc-0.4.0-2337318-SNAPSHOT.jar:0.4.0-2337318-SNAPSHOT]
	at org.apache.ratis.grpc.client.GrpcClientProtocolService$RequestStreamObserver.onNext(GrpcClientProtocolService.java:168) [ratis-grpc-0.4.0-2337318-SNAPSHOT.jar:0.4.0-2337318-SNAPSHOT]
	at org.apache.ratis.thirdparty.io.grpc.stub.ServerCalls$StreamingServerCallHandler$StreamingServerCallListener.onMessage(ServerCalls.java:248) [ratis-thirdparty-misc-0.2.0.jar:0.2.0]
	at org.apache.ratis.thirdparty.io.grpc.internal.ServerCallImpl$ServerStreamListenerImpl.messagesAvailable(ServerCallImpl.java:263) [ratis-thirdparty-misc-0.2.0.jar:0.2.0]
	at org.apache.ratis.thirdparty.io.grpc.internal.ServerImpl$JumpToApplicationThreadServerStreamListener$1MessagesAvailable.runInContext(ServerImpl.java:686) [ratis-thirdparty-misc-0.2.0.jar:0.2.0]
	at org.apache.ratis.thirdparty.io.grpc.internal.ContextRunnable.run(ContextRunnable.java:37) [ratis-thirdparty-misc-0.2.0.jar:0.2.0]
	at org.apache.ratis.thirdparty.io.grpc.internal.SerializingExecutor.run(SerializingExecutor.java:123) [ratis-thirdparty-misc-0.2.0.jar:0.2.0]
	at java.util.concurrent.ThreadPoolExecutor.runWorker(ThreadPoolExecutor.java:1149) [?:1.8.0_212]
	at java.util.concurrent.ThreadPoolExecutor$Worker.run(ThreadPoolExecutor.java:624) [?:1.8.0_212]
	at java.lang.Thread.run(Thread.java:748) [?:1.8.0_212]
11:07:50.231 [grpc-default-executor-11] ERROR DNAudit - user=null | ip=null | op=WRITE_CHUNK {blockData=conID: 1 locID: 102439483109605392 bcsId: 4} | ret=FAILURE
org.apache.hadoop.hdds.scm.container.common.helpers.ContainerNotOpenException: Container 1 in CLOSED state
	at org.apache.hadoop.ozone.container.common.impl.HddsDispatcher.validateContainerCommand(HddsDispatcher.java:408) ~[hadoop-hdds-container-service-0.5.0-SNAPSHOT.jar:?]
	at org.apache.hadoop.ozone.container.common.transport.server.ratis.ContainerStateMachine.startTransaction(ContainerStateMachine.java:272) ~[hadoop-hdds-container-service-0.5.0-SNAPSHOT.jar:?]
	at org.apache.ratis.server.impl.RaftServerImpl.submitClientRequestAsync(RaftServerImpl.java:566) ~[ratis-server-0.4.0-2337318-SNAPSHOT.jar:0.4.0-2337318-SNAPSHOT]
	at org.apache.ratis.server.impl.RaftServerProxy.lambda$submitClientRequestAsync$7(RaftServerProxy.java:333) ~[ratis-server-0.4.0-2337318-SNAPSHOT.jar:0.4.0-2337318-SNAPSHOT]
	at org.apache.ratis.server.impl.RaftServerProxy.lambda$null$5(RaftServerProxy.java:328) ~[ratis-server-0.4.0-2337318-SNAPSHOT.jar:0.4.0-2337318-SNAPSHOT]
	at org.apache.ratis.util.JavaUtils.callAsUnchecked(JavaUtils.java:109) ~[ratis-common-0.4.0-2337318-SNAPSHOT.jar:0.4.0-2337318-SNAPSHOT]
	at org.apache.ratis.server.impl.RaftServerProxy.lambda$submitRequest$6(RaftServerProxy.java:328) ~[ratis-server-0.4.0-2337318-SNAPSHOT.jar:0.4.0-2337318-SNAPSHOT]
	at java.util.concurrent.CompletableFuture.uniComposeStage(CompletableFuture.java:981) ~[?:1.8.0_212]
	at java.util.concurrent.CompletableFuture.thenCompose(CompletableFuture.java:2124) ~[?:1.8.0_212]
	at org.apache.ratis.server.impl.RaftServerProxy.submitRequest(RaftServerProxy.java:327) ~[ratis-server-0.4.0-2337318-SNAPSHOT.jar:0.4.0-2337318-SNAPSHOT]
	at org.apache.ratis.server.impl.RaftServerProxy.submitClientRequestAsync(RaftServerProxy.java:333) ~[ratis-server-0.4.0-2337318-SNAPSHOT.jar:0.4.0-2337318-SNAPSHOT]
	at org.apache.ratis.grpc.client.GrpcClientProtocolService$RequestStreamObserver.processClientRequest(GrpcClientProtocolService.java:220) ~[ratis-grpc-0.4.0-2337318-SNAPSHOT.jar:0.4.0-2337318-SNAPSHOT]
	at org.apache.ratis.grpc.client.GrpcClientProtocolService$OrderedRequestStreamObserver.processClientRequest(GrpcClientProtocolService.java:326) ~[ratis-grpc-0.4.0-2337318-SNAPSHOT.jar:0.4.0-2337318-SNAPSHOT]
	at org.apache.ratis.util.SlidingWindow$Server.processRequestsFromHead(SlidingWindow.java:429) [ratis-common-0.4.0-2337318-SNAPSHOT.jar:0.4.0-2337318-SNAPSHOT]
	at org.apache.ratis.util.SlidingWindow$Server.receivedRequest(SlidingWindow.java:421) [ratis-common-0.4.0-2337318-SNAPSHOT.jar:0.4.0-2337318-SNAPSHOT]
	at org.apache.ratis.grpc.client.GrpcClientProtocolService$OrderedRequestStreamObserver.processClientRequest(GrpcClientProtocolService.java:345) [ratis-grpc-0.4.0-2337318-SNAPSHOT.jar:0.4.0-2337318-SNAPSHOT]
	at org.apache.ratis.grpc.client.GrpcClientProtocolService$RequestStreamObserver.onNext(GrpcClientProtocolService.java:240) [ratis-grpc-0.4.0-2337318-SNAPSHOT.jar:0.4.0-2337318-SNAPSHOT]
	at org.apache.ratis.grpc.client.GrpcClientProtocolService$RequestStreamObserver.onNext(GrpcClientProtocolService.java:168) [ratis-grpc-0.4.0-2337318-SNAPSHOT.jar:0.4.0-2337318-SNAPSHOT]
	at org.apache.ratis.thirdparty.io.grpc.stub.ServerCalls$StreamingServerCallHandler$StreamingServerCallListener.onMessage(ServerCalls.java:248) [ratis-thirdparty-misc-0.2.0.jar:0.2.0]
	at org.apache.ratis.thirdparty.io.grpc.internal.ServerCallImpl$ServerStreamListenerImpl.messagesAvailable(ServerCallImpl.java:263) [ratis-thirdparty-misc-0.2.0.jar:0.2.0]
	at org.apache.ratis.thirdparty.io.grpc.internal.ServerImpl$JumpToApplicationThreadServerStreamListener$1MessagesAvailable.runInContext(ServerImpl.java:686) [ratis-thirdparty-misc-0.2.0.jar:0.2.0]
	at org.apache.ratis.thirdparty.io.grpc.internal.ContextRunnable.run(ContextRunnable.java:37) [ratis-thirdparty-misc-0.2.0.jar:0.2.0]
	at org.apache.ratis.thirdparty.io.grpc.internal.SerializingExecutor.run(SerializingExecutor.java:123) [ratis-thirdparty-misc-0.2.0.jar:0.2.0]
	at java.util.concurrent.ThreadPoolExecutor.runWorker(ThreadPoolExecutor.java:1149) [?:1.8.0_212]
	at java.util.concurrent.ThreadPoolExecutor$Worker.run(ThreadPoolExecutor.java:624) [?:1.8.0_212]
	at java.lang.Thread.run(Thread.java:748) [?:1.8.0_212]
2019-07-14 11:07:50,232 INFO  client.GrpcClientProtocolClient (GrpcClientProtocolClient.java:onNext(255)) - client-83FC623D90FF->46cbccf6-8abf-4dc0-9606-2ec792ae2ced: receive RaftClientReply:client-83FC623D90FF->46cbccf6-8abf-4dc0-9606-2ec792ae2ced@group-28E90B558652, cid=216, FAILED org.apache.ratis.protocol.StateMachineException: org.apache.hadoop.hdds.scm.container.common.helpers.ContainerNotOpenException from Server 46cbccf6-8abf-4dc0-9606-2ec792ae2ced: Container 1 in CLOSED state, logIndex=0, commits[46cbccf6-8abf-4dc0-9606-2ec792ae2ced:c8, 5a30284b-95a7-4750-9a97-25838f7cc2d2:c7, 4ddaf116-ef27-4abd-8bd4-7af3c402b258:c7]
11:07:50.238 [grpc-default-executor-11] ERROR DNAudit - user=null | ip=null | op=PUT_BLOCK {blockData=[blockId=conID: 1 locID: 102439483109605392 bcsId: 0,size=334]} | ret=FAILURE
org.apache.hadoop.hdds.scm.container.common.helpers.ContainerNotOpenException: Container 1 in CLOSED state
	at org.apache.hadoop.ozone.container.common.impl.HddsDispatcher.validateContainerCommand(HddsDispatcher.java:408) ~[hadoop-hdds-container-service-0.5.0-SNAPSHOT.jar:?]
	at org.apache.hadoop.ozone.container.common.transport.server.ratis.ContainerStateMachine.startTransaction(ContainerStateMachine.java:272) ~[hadoop-hdds-container-service-0.5.0-SNAPSHOT.jar:?]
	at org.apache.ratis.server.impl.RaftServerImpl.submitClientRequestAsync(RaftServerImpl.java:566) ~[ratis-server-0.4.0-2337318-SNAPSHOT.jar:0.4.0-2337318-SNAPSHOT]
	at org.apache.ratis.server.impl.RaftServerProxy.lambda$submitClientRequestAsync$7(RaftServerProxy.java:333) ~[ratis-server-0.4.0-2337318-SNAPSHOT.jar:0.4.0-2337318-SNAPSHOT]
	at org.apache.ratis.server.impl.RaftServerProxy.lambda$null$5(RaftServerProxy.java:328) ~[ratis-server-0.4.0-2337318-SNAPSHOT.jar:0.4.0-2337318-SNAPSHOT]
	at org.apache.ratis.util.JavaUtils.callAsUnchecked(JavaUtils.java:109) ~[ratis-common-0.4.0-2337318-SNAPSHOT.jar:0.4.0-2337318-SNAPSHOT]
	at org.apache.ratis.server.impl.RaftServerProxy.lambda$submitRequest$6(RaftServerProxy.java:328) ~[ratis-server-0.4.0-2337318-SNAPSHOT.jar:0.4.0-2337318-SNAPSHOT]
	at java.util.concurrent.CompletableFuture.uniComposeStage(CompletableFuture.java:981) ~[?:1.8.0_212]
	at java.util.concurrent.CompletableFuture.thenCompose(CompletableFuture.java:2124) ~[?:1.8.0_212]
	at org.apache.ratis.server.impl.RaftServerProxy.submitRequest(RaftServerProxy.java:327) ~[ratis-server-0.4.0-2337318-SNAPSHOT.jar:0.4.0-2337318-SNAPSHOT]
	at org.apache.ratis.server.impl.RaftServerProxy.submitClientRequestAsync(RaftServerProxy.java:333) ~[ratis-server-0.4.0-2337318-SNAPSHOT.jar:0.4.0-2337318-SNAPSHOT]
	at org.apache.ratis.grpc.client.GrpcClientProtocolService$RequestStreamObserver.processClientRequest(GrpcClientProtocolService.java:220) ~[ratis-grpc-0.4.0-2337318-SNAPSHOT.jar:0.4.0-2337318-SNAPSHOT]
	at org.apache.ratis.grpc.client.GrpcClientProtocolService$OrderedRequestStreamObserver.processClientRequest(GrpcClientProtocolService.java:326) ~[ratis-grpc-0.4.0-2337318-SNAPSHOT.jar:0.4.0-2337318-SNAPSHOT]
	at org.apache.ratis.util.SlidingWindow$Server.processRequestsFromHead(SlidingWindow.java:429) [ratis-common-0.4.0-2337318-SNAPSHOT.jar:0.4.0-2337318-SNAPSHOT]
	at org.apache.ratis.util.SlidingWindow$Server.receivedRequest(SlidingWindow.java:421) [ratis-common-0.4.0-2337318-SNAPSHOT.jar:0.4.0-2337318-SNAPSHOT]
	at org.apache.ratis.grpc.client.GrpcClientProtocolService$OrderedRequestStreamObserver.processClientRequest(GrpcClientProtocolService.java:345) [ratis-grpc-0.4.0-2337318-SNAPSHOT.jar:0.4.0-2337318-SNAPSHOT]
	at org.apache.ratis.grpc.client.GrpcClientProtocolService$RequestStreamObserver.onNext(GrpcClientProtocolService.java:240) [ratis-grpc-0.4.0-2337318-SNAPSHOT.jar:0.4.0-2337318-SNAPSHOT]
	at org.apache.ratis.grpc.client.GrpcClientProtocolService$RequestStreamObserver.onNext(GrpcClientProtocolService.java:168) [ratis-grpc-0.4.0-2337318-SNAPSHOT.jar:0.4.0-2337318-SNAPSHOT]
	at org.apache.ratis.thirdparty.io.grpc.stub.ServerCalls$StreamingServerCallHandler$StreamingServerCallListener.onMessage(ServerCalls.java:248) [ratis-thirdparty-misc-0.2.0.jar:0.2.0]
	at org.apache.ratis.thirdparty.io.grpc.internal.ServerCallImpl$ServerStreamListenerImpl.messagesAvailable(ServerCallImpl.java:263) [ratis-thirdparty-misc-0.2.0.jar:0.2.0]
	at org.apache.ratis.thirdparty.io.grpc.internal.ServerImpl$JumpToApplicationThreadServerStreamListener$1MessagesAvailable.runInContext(ServerImpl.java:686) [ratis-thirdparty-misc-0.2.0.jar:0.2.0]
	at org.apache.ratis.thirdparty.io.grpc.internal.ContextRunnable.run(ContextRunnable.java:37) [ratis-thirdparty-misc-0.2.0.jar:0.2.0]
	at org.apache.ratis.thirdparty.io.grpc.internal.SerializingExecutor.run(SerializingExecutor.java:123) [ratis-thirdparty-misc-0.2.0.jar:0.2.0]
	at java.util.concurrent.ThreadPoolExecutor.runWorker(ThreadPoolExecutor.java:1149) [?:1.8.0_212]
	at java.util.concurrent.ThreadPoolExecutor$Worker.run(ThreadPoolExecutor.java:624) [?:1.8.0_212]
	at java.lang.Thread.run(Thread.java:748) [?:1.8.0_212]
2019-07-14 11:07:50,239 INFO  client.GrpcClientProtocolClient (GrpcClientProtocolClient.java:onNext(255)) - client-83FC623D90FF->46cbccf6-8abf-4dc0-9606-2ec792ae2ced: receive RaftClientReply:client-83FC623D90FF->46cbccf6-8abf-4dc0-9606-2ec792ae2ced@group-28E90B558652, cid=217, FAILED org.apache.ratis.protocol.StateMachineException: org.apache.hadoop.hdds.scm.container.common.helpers.ContainerNotOpenException from Server 46cbccf6-8abf-4dc0-9606-2ec792ae2ced: Container 1 in CLOSED state, logIndex=0, commits[46cbccf6-8abf-4dc0-9606-2ec792ae2ced:c8, 5a30284b-95a7-4750-9a97-25838f7cc2d2:c7, 4ddaf116-ef27-4abd-8bd4-7af3c402b258:c7]
2019-07-14 11:07:50,246 INFO  client.GrpcClientProtocolClient (GrpcClientProtocolClient.java:onNext(255)) - client-83FC623D90FF->46cbccf6-8abf-4dc0-9606-2ec792ae2ced: receive RaftClientReply:client-83FC623D90FF->46cbccf6-8abf-4dc0-9606-2ec792ae2ced@group-28E90B558652, cid=218, FAILED org.apache.ratis.protocol.StateMachineException: org.apache.hadoop.hdds.scm.container.common.helpers.ContainerNotOpenException from Server 46cbccf6-8abf-4dc0-9606-2ec792ae2ced: Container 1 in CLOSED state, logIndex=0, commits[46cbccf6-8abf-4dc0-9606-2ec792ae2ced:c8, 5a30284b-95a7-4750-9a97-25838f7cc2d2:c7, 4ddaf116-ef27-4abd-8bd4-7af3c402b258:c7]
2019-07-14 11:07:50,249 INFO  interfaces.Container (KeyValueContainer.java:compactDB(356)) - Container 1 is closed with bcsId 4.
2019-07-14 11:07:50,249 INFO  interfaces.Container (KeyValueContainer.java:compactDB(356)) - Container 1 is closed with bcsId 4.
2019-07-14 11:07:50,384 INFO  client.GrpcClientProtocolClient (GrpcClientProtocolClient.java:onNext(255)) - client-83FC623D90FF->46cbccf6-8abf-4dc0-9606-2ec792ae2ced: receive RaftClientReply:client-83FC623D90FF->46cbccf6-8abf-4dc0-9606-2ec792ae2ced@group-28E90B558652, cid=219, SUCCESS, logIndex=9, commits[46cbccf6-8abf-4dc0-9606-2ec792ae2ced:c11, 5a30284b-95a7-4750-9a97-25838f7cc2d2:c8, 4ddaf116-ef27-4abd-8bd4-7af3c402b258:c8]
2019-07-14 11:07:50,385 INFO  client.GrpcClientProtocolClient (GrpcClientProtocolClient.java:onNext(255)) - client-83FC623D90FF->46cbccf6-8abf-4dc0-9606-2ec792ae2ced: receive RaftClientReply:client-83FC623D90FF->46cbccf6-8abf-4dc0-9606-2ec792ae2ced@group-28E90B558652, cid=220, SUCCESS, logIndex=10, commits[46cbccf6-8abf-4dc0-9606-2ec792ae2ced:c11, 5a30284b-95a7-4750-9a97-25838f7cc2d2:c8, 4ddaf116-ef27-4abd-8bd4-7af3c402b258:c8]
2019-07-14 11:07:50,422 INFO  client.GrpcClientProtocolClient (GrpcClientProtocolClient.java:onNext(255)) - client-83FC623D90FF->46cbccf6-8abf-4dc0-9606-2ec792ae2ced: receive RaftClientReply:client-83FC623D90FF->46cbccf6-8abf-4dc0-9606-2ec792ae2ced@group-28E90B558652, cid=221, SUCCESS, logIndex=11, commits[46cbccf6-8abf-4dc0-9606-2ec792ae2ced:c14, 5a30284b-95a7-4750-9a97-25838f7cc2d2:c11, 4ddaf116-ef27-4abd-8bd4-7af3c402b258:c11]
2019-07-14 11:07:50,440 INFO  pipeline.Pipeline (Pipeline.java:getProtobufMessage(195)) - Serialize pipeline PipelineID=981b15f6-c00a-4278-93ed-28e90b558652 with nodesInOrder{ }
2019-07-14 11:07:50,441 INFO  ozone.MiniOzoneClusterImpl (MiniOzoneClusterImpl.java:shutdown(321)) - Shutting down the Mini Ozone Cluster
2019-07-14 11:07:50,442 INFO  ozone.MiniOzoneClusterImpl (MiniOzoneClusterImpl.java:stop(336)) - Stopping the Mini Ozone Cluster
2019-07-14 11:07:50,442 INFO  ozone.MiniOzoneClusterImpl (MiniOzoneClusterImpl.java:stop(338)) - Stopping the OzoneManager
2019-07-14 11:07:50,442 INFO  ipc.Server (Server.java:stop(3082)) - Stopping server on 45480
2019-07-14 11:07:50,451 INFO  ipc.Server (Server.java:run(1185)) - Stopping IPC Server listener on 45480
2019-07-14 11:07:50,468 INFO  utils.BackgroundService (BackgroundService.java:shutdown(148)) - Shutting down service KeyDeletingService
2019-07-14 11:07:50,468 INFO  ipc.Server (Server.java:run(1319)) - Stopping IPC Server Responder
2019-07-14 11:07:50,484 INFO  handler.ContextHandler (ContextHandler.java:doStop(910)) - Stopped o.e.j.w.WebAppContext@1201c2f6{/,null,UNAVAILABLE}{/ozoneManager}
2019-07-14 11:07:50,485 INFO  server.AbstractConnector (AbstractConnector.java:doStop(318)) - Stopped ServerConnector@cbf9cc1{HTTP/1.1,[http/1.1]}{0.0.0.0:0}
2019-07-14 11:07:50,485 INFO  handler.ContextHandler (ContextHandler.java:doStop(910)) - Stopped o.e.j.s.ServletContextHandler@348c00d9{/static,file:///workdir/hadoop-ozone/integration-test/target/test-classes/webapps/static,UNAVAILABLE}
2019-07-14 11:07:50,486 INFO  handler.ContextHandler (ContextHandler.java:doStop(910)) - Stopped o.e.j.s.ServletContextHandler@2e1c3b8f{/logs,file:///workdir/hadoop-ozone/integration-test/target/log,UNAVAILABLE}
2019-07-14 11:07:50,489 INFO  ozone.MiniOzoneClusterImpl (MiniOzoneClusterImpl.java:stop(344)) - Shutting the HddsDatanodes
2019-07-14 11:07:50,489 INFO  datanode.ObjectStoreHandler (ObjectStoreHandler.java:close(155)) - Closing ObjectStoreHandler.
2019-07-14 11:07:50,489 INFO  datanode.ObjectStoreHandler (ObjectStoreHandler.java:close(155)) - Closing ObjectStoreHandler.
2019-07-14 11:07:50,490 INFO  ozone.HddsDatanodeService (HddsDatanodeService.java:stop(452)) - Stopped plug-in org.apache.hadoop.ozone.web.OzoneHddsDatanodeService@47c019d7
2019-07-14 11:07:50,490 INFO  ozone.HddsDatanodeService (HddsDatanodeService.java:stop(452)) - Stopped plug-in org.apache.hadoop.ozone.web.OzoneHddsDatanodeService@6d89c923
2019-07-14 11:07:51,014 INFO  statemachine.DatanodeStateMachine (DatanodeStateMachine.java:lambda$startDaemon$0(350)) - Ozone container server started.
2019-07-14 11:07:51,368 INFO  statemachine.DatanodeStateMachine (DatanodeStateMachine.java:lambda$startDaemon$0(350)) - Ozone container server started.
2019-07-14 11:07:55,042 INFO  node.StaleNodeHandler (StaleNodeHandler.java:onMessage(58)) - Datanode 934adac8-c3af-43b3-8b4c-a41ff868ac75{ip: 192.168.157.209, host: trunk-nightly-fxmrv-2540794721, networkLocation: /default-rack, certSerialId: null} moved to stale state. Finalizing its pipelines [PipelineID=83b735fd-7597-43c0-8158-a1e4f0bcbaa4, PipelineID=2bdb29bd-a467-4566-9061-a488590eda1c]
2019-07-14 11:07:55,043 INFO  pipeline.SCMPipelineManager (SCMPipelineManager.java:finalizeAndDestroyPipeline(309)) - destroying pipeline:Pipeline[ Id: 83b735fd-7597-43c0-8158-a1e4f0bcbaa4, Nodes: 934adac8-c3af-43b3-8b4c-a41ff868ac75{ip: 192.168.157.209, host: trunk-nightly-fxmrv-2540794721, networkLocation: /default-rack, certSerialId: null}, Type:RATIS, Factor:ONE, State:OPEN]
2019-07-14 11:07:55,043 INFO  pipeline.PipelineStateManager (PipelineStateManager.java:finalizePipeline(123)) - Pipeline Pipeline[ Id: 83b735fd-7597-43c0-8158-a1e4f0bcbaa4, Nodes: 934adac8-c3af-43b3-8b4c-a41ff868ac75{ip: 192.168.157.209, host: trunk-nightly-fxmrv-2540794721, networkLocation: /default-rack, certSerialId: null}, Type:RATIS, Factor:ONE, State:CLOSED] moved to CLOSED state
2019-07-14 11:07:55,043 INFO  pipeline.SCMPipelineManager (SCMPipelineManager.java:finalizeAndDestroyPipeline(309)) - destroying pipeline:Pipeline[ Id: 2bdb29bd-a467-4566-9061-a488590eda1c, Nodes: 5971a380-3faa-4fbf-9d4e-fbebc277ff56{ip: 192.168.157.209, host: trunk-nightly-fxmrv-2540794721, networkLocation: /default-rack, certSerialId: null}934adac8-c3af-43b3-8b4c-a41ff868ac75{ip: 192.168.157.209, host: trunk-nightly-fxmrv-2540794721, networkLocation: /default-rack, certSerialId: null}007896fc-8c18-4e3c-bcdc-868b62719fd3{ip: 192.168.157.209, host: trunk-nightly-fxmrv-2540794721, networkLocation: /default-rack, certSerialId: null}, Type:RATIS, Factor:THREE, State:OPEN]
2019-07-14 11:07:55,043 INFO  pipeline.PipelineStateManager (PipelineStateManager.java:finalizePipeline(123)) - Pipeline Pipeline[ Id: 2bdb29bd-a467-4566-9061-a488590eda1c, Nodes: 5971a380-3faa-4fbf-9d4e-fbebc277ff56{ip: 192.168.157.209, host: trunk-nightly-fxmrv-2540794721, networkLocation: /default-rack, certSerialId: null}934adac8-c3af-43b3-8b4c-a41ff868ac75{ip: 192.168.157.209, host: trunk-nightly-fxmrv-2540794721, networkLocation: /default-rack, certSerialId: null}007896fc-8c18-4e3c-bcdc-868b62719fd3{ip: 192.168.157.209, host: trunk-nightly-fxmrv-2540794721, networkLocation: /default-rack, certSerialId: null}, Type:RATIS, Factor:THREE, State:CLOSED] moved to CLOSED state
2019-07-14 11:07:55,443 INFO  node.StaleNodeHandler (StaleNodeHandler.java:onMessage(58)) - Datanode 5a30284b-95a7-4750-9a97-25838f7cc2d2{ip: 192.168.157.209, host: trunk-nightly-fxmrv-2540794721, networkLocation: /default-rack, certSerialId: null} moved to stale state. Finalizing its pipelines [PipelineID=836a8701-8589-4b2c-999e-68e3908a9ed8, PipelineID=981b15f6-c00a-4278-93ed-28e90b558652]
2019-07-14 11:07:55,443 INFO  pipeline.SCMPipelineManager (SCMPipelineManager.java:finalizeAndDestroyPipeline(309)) - destroying pipeline:Pipeline[ Id: 836a8701-8589-4b2c-999e-68e3908a9ed8, Nodes: 5a30284b-95a7-4750-9a97-25838f7cc2d2{ip: 192.168.157.209, host: trunk-nightly-fxmrv-2540794721, networkLocation: /default-rack, certSerialId: null}, Type:RATIS, Factor:ONE, State:OPEN]
2019-07-14 11:07:55,443 INFO  pipeline.PipelineStateManager (PipelineStateManager.java:finalizePipeline(123)) - Pipeline Pipeline[ Id: 836a8701-8589-4b2c-999e-68e3908a9ed8, Nodes: 5a30284b-95a7-4750-9a97-25838f7cc2d2{ip: 192.168.157.209, host: trunk-nightly-fxmrv-2540794721, networkLocation: /default-rack, certSerialId: null}, Type:RATIS, Factor:ONE, State:CLOSED] moved to CLOSED state
2019-07-14 11:07:55,443 INFO  pipeline.SCMPipelineManager (SCMPipelineManager.java:finalizeAndDestroyPipeline(309)) - destroying pipeline:Pipeline[ Id: 981b15f6-c00a-4278-93ed-28e90b558652, Nodes: 46cbccf6-8abf-4dc0-9606-2ec792ae2ced{ip: 192.168.157.209, host: trunk-nightly-fxmrv-2540794721, networkLocation: /default-rack, certSerialId: null}5a30284b-95a7-4750-9a97-25838f7cc2d2{ip: 192.168.157.209, host: trunk-nightly-fxmrv-2540794721, networkLocation: /default-rack, certSerialId: null}4ddaf116-ef27-4abd-8bd4-7af3c402b258{ip: 192.168.157.209, host: trunk-nightly-fxmrv-2540794721, networkLocation: /default-rack, certSerialId: null}, Type:RATIS, Factor:THREE, State:OPEN]
2019-07-14 11:07:55,443 INFO  pipeline.PipelineStateManager (PipelineStateManager.java:finalizePipeline(123)) - Pipeline Pipeline[ Id: 981b15f6-c00a-4278-93ed-28e90b558652, Nodes: 46cbccf6-8abf-4dc0-9606-2ec792ae2ced{ip: 192.168.157.209, host: trunk-nightly-fxmrv-2540794721, networkLocation: /default-rack, certSerialId: null}5a30284b-95a7-4750-9a97-25838f7cc2d2{ip: 192.168.157.209, host: trunk-nightly-fxmrv-2540794721, networkLocation: /default-rack, certSerialId: null}4ddaf116-ef27-4abd-8bd4-7af3c402b258{ip: 192.168.157.209, host: trunk-nightly-fxmrv-2540794721, networkLocation: /default-rack, certSerialId: null}, Type:RATIS, Factor:THREE, State:CLOSED] moved to CLOSED state
2019-07-14 11:07:55,444 INFO  container.CloseContainerEventHandler (CloseContainerEventHandler.java:onMessage(61)) - Close container Event triggered for container : #2
2019-07-14 11:07:55,493 INFO  ozoneimpl.OzoneContainer (OzoneContainer.java:stop(199)) - Attempting to stop container services.
2019-07-14 11:07:55,493 INFO  ozoneimpl.OzoneContainer (OzoneContainer.java:stop(199)) - Attempting to stop container services.
2019-07-14 11:07:55,493 INFO  impl.RaftServerProxy (RaftServerProxy.java:lambda$close$4(314)) - 5a30284b-95a7-4750-9a97-25838f7cc2d2: close
2019-07-14 11:07:55,494 INFO  impl.RaftServerProxy (RaftServerProxy.java:lambda$close$4(314)) - 934adac8-c3af-43b3-8b4c-a41ff868ac75: close
2019-07-14 11:07:55,494 INFO  impl.RaftServerImpl (RaftServerImpl.java:lambda$shutdown$3(245)) - 5a30284b-95a7-4750-9a97-25838f7cc2d2: shutdown group-68E3908A9ED8
2019-07-14 11:07:55,497 INFO  impl.RaftServerImpl (RaftServerImpl.java:lambda$shutdown$3(245)) - 934adac8-c3af-43b3-8b4c-a41ff868ac75: shutdown group-A1E4F0BCBAA4
2019-07-14 11:07:55,497 INFO  util.JmxRegister (JmxRegister.java:unregister(73)) - Successfully un-registered JMX Bean with object name Ratis:service=RaftServer,group=group-68E3908A9ED8,id=5a30284b-95a7-4750-9a97-25838f7cc2d2
2019-07-14 11:07:55,498 INFO  util.JmxRegister (JmxRegister.java:unregister(73)) - Successfully un-registered JMX Bean with object name Ratis:service=RaftServer,group=group-A1E4F0BCBAA4,id=934adac8-c3af-43b3-8b4c-a41ff868ac75
2019-07-14 11:07:55,498 INFO  impl.RoleInfo (RoleInfo.java:shutdownLeaderState(104)) - 5a30284b-95a7-4750-9a97-25838f7cc2d2: shutdown LeaderState
2019-07-14 11:07:55,498 INFO  impl.RoleInfo (RoleInfo.java:shutdownLeaderState(104)) - 934adac8-c3af-43b3-8b4c-a41ff868ac75: shutdown LeaderState
2019-07-14 11:07:55,499 INFO  impl.PendingRequests (PendingRequests.java:sendNotLeaderResponses(202)) - 5a30284b-95a7-4750-9a97-25838f7cc2d2-PendingRequests: sendNotLeaderResponses
2019-07-14 11:07:55,499 INFO  impl.PendingRequests (PendingRequests.java:sendNotLeaderResponses(202)) - 934adac8-c3af-43b3-8b4c-a41ff868ac75-PendingRequests: sendNotLeaderResponses
2019-07-14 11:07:55,500 INFO  impl.StateMachineUpdater (StateMachineUpdater.java:stopAndJoin(115)) - StateMachineUpdater:5a30284b-95a7-4750-9a97-25838f7cc2d2:group-68E3908A9ED8: set stopIndex = 0
2019-07-14 11:07:55,500 INFO  impl.StateMachineUpdater (StateMachineUpdater.java:stopAndJoin(115)) - StateMachineUpdater:934adac8-c3af-43b3-8b4c-a41ff868ac75:group-A1E4F0BCBAA4: set stopIndex = 0
2019-07-14 11:07:55,501 INFO  impl.RaftServerImpl (ServerState.java:close(394)) - 934adac8-c3af-43b3-8b4c-a41ff868ac75:group-A1E4F0BCBAA4 closes. The last applied log index is 0
2019-07-14 11:07:55,500 INFO  impl.RaftServerImpl (ServerState.java:close(394)) - 5a30284b-95a7-4750-9a97-25838f7cc2d2:group-68E3908A9ED8 closes. The last applied log index is 0
2019-07-14 11:07:55,501 INFO  segmented.SegmentedRaftLogWorker (SegmentedRaftLogWorker.java:run(313)) - 934adac8-c3af-43b3-8b4c-a41ff868ac75-SegmentedRaftLogWorker:Storage Directory /workdir/hadoop-ozone/integration-test/target/test-dir/MiniOzoneClusterImpl-e441f628-3055-4976-9f22-cf1ee574003e/datanode-4/data/ratis/83b735fd-7597-43c0-8158-a1e4f0bcbaa4 was interrupted, exiting. There are 0 tasks remaining in the queue.
2019-07-14 11:07:55,502 INFO  segmented.SegmentedRaftLogWorker (SegmentedRaftLogWorker.java:run(313)) - 5a30284b-95a7-4750-9a97-25838f7cc2d2-SegmentedRaftLogWorker:Storage Directory /workdir/hadoop-ozone/integration-test/target/test-dir/MiniOzoneClusterImpl-e441f628-3055-4976-9f22-cf1ee574003e/datanode-1/data/ratis/836a8701-8589-4b2c-999e-68e3908a9ed8 was interrupted, exiting. There are 0 tasks remaining in the queue.
2019-07-14 11:07:55,507 INFO  segmented.SegmentedRaftLogWorker (SegmentedRaftLogWorker.java:close(228)) - 934adac8-c3af-43b3-8b4c-a41ff868ac75-SegmentedRaftLogWorker:Storage Directory /workdir/hadoop-ozone/integration-test/target/test-dir/MiniOzoneClusterImpl-e441f628-3055-4976-9f22-cf1ee574003e/datanode-4/data/ratis/83b735fd-7597-43c0-8158-a1e4f0bcbaa4 close()
2019-07-14 11:07:55,507 INFO  segmented.SegmentedRaftLogWorker (SegmentedRaftLogWorker.java:close(228)) - 5a30284b-95a7-4750-9a97-25838f7cc2d2-SegmentedRaftLogWorker:Storage Directory /workdir/hadoop-ozone/integration-test/target/test-dir/MiniOzoneClusterImpl-e441f628-3055-4976-9f22-cf1ee574003e/datanode-1/data/ratis/836a8701-8589-4b2c-999e-68e3908a9ed8 close()
2019-07-14 11:07:55,512 INFO  impl.RaftServerImpl (RaftServerImpl.java:lambda$shutdown$3(245)) - 934adac8-c3af-43b3-8b4c-a41ff868ac75: shutdown group-A488590EDA1C
2019-07-14 11:07:55,517 INFO  impl.RaftServerImpl (RaftServerImpl.java:lambda$shutdown$3(245)) - 5a30284b-95a7-4750-9a97-25838f7cc2d2: shutdown group-28E90B558652
2019-07-14 11:07:55,517 INFO  util.JmxRegister (JmxRegister.java:unregister(73)) - Successfully un-registered JMX Bean with object name Ratis:service=RaftServer,group=group-A488590EDA1C,id=934adac8-c3af-43b3-8b4c-a41ff868ac75
2019-07-14 11:07:55,518 INFO  impl.RoleInfo (RoleInfo.java:shutdownLeaderState(104)) - 934adac8-c3af-43b3-8b4c-a41ff868ac75: shutdown LeaderState
2019-07-14 11:07:55,517 INFO  util.JmxRegister (JmxRegister.java:unregister(73)) - Successfully un-registered JMX Bean with object name Ratis:service=RaftServer,group=group-28E90B558652,id=5a30284b-95a7-4750-9a97-25838f7cc2d2
2019-07-14 11:07:55,523 WARN  server.GrpcLogAppender (GrpcLogAppender.java:mayWait(143)) - GrpcLogAppender(934adac8-c3af-43b3-8b4c-a41ff868ac75->007896fc-8c18-4e3c-bcdc-868b62719fd3): Wait interrupted by java.lang.InterruptedException
2019-07-14 11:07:55,523 WARN  server.GrpcLogAppender (GrpcLogAppender.java:mayWait(143)) - GrpcLogAppender(934adac8-c3af-43b3-8b4c-a41ff868ac75->5971a380-3faa-4fbf-9d4e-fbebc277ff56): Wait interrupted by java.lang.InterruptedException
2019-07-14 11:07:55,523 INFO  impl.PendingRequests (PendingRequests.java:sendNotLeaderResponses(202)) - 934adac8-c3af-43b3-8b4c-a41ff868ac75-PendingRequests: sendNotLeaderResponses
2019-07-14 11:07:55,524 INFO  server.GrpcServerProtocolService (GrpcServerProtocolService.java:onCompleted(104)) - 5971a380-3faa-4fbf-9d4e-fbebc277ff56: appendEntries completed
2019-07-14 11:07:55,523 INFO  server.GrpcServerProtocolService (GrpcServerProtocolService.java:onCompleted(104)) - 007896fc-8c18-4e3c-bcdc-868b62719fd3: appendEntries completed
2019-07-14 11:07:55,523 INFO  impl.RoleInfo (RoleInfo.java:shutdownFollowerState(121)) - 5a30284b-95a7-4750-9a97-25838f7cc2d2: shutdown FollowerState
2019-07-14 11:07:55,525 INFO  server.GrpcLogAppender (GrpcLogAppender.java:onCompleted(292)) - 934adac8-c3af-43b3-8b4c-a41ff868ac75->007896fc-8c18-4e3c-bcdc-868b62719fd3: follower responses appendEntries COMPLETED
2019-07-14 11:07:55,524 INFO  server.GrpcLogAppender (GrpcLogAppender.java:onCompleted(292)) - 934adac8-c3af-43b3-8b4c-a41ff868ac75->5971a380-3faa-4fbf-9d4e-fbebc277ff56: follower responses appendEntries COMPLETED
2019-07-14 11:07:55,524 INFO  impl.StateMachineUpdater (StateMachineUpdater.java:stopAndJoin(115)) - StateMachineUpdater:934adac8-c3af-43b3-8b4c-a41ff868ac75:group-A488590EDA1C: set stopIndex = 0
2019-07-14 11:07:55,526 INFO  impl.RaftServerImpl (ServerState.java:close(394)) - 934adac8-c3af-43b3-8b4c-a41ff868ac75:group-A488590EDA1C closes. The last applied log index is 0
2019-07-14 11:07:55,525 INFO  impl.FollowerInfo (FollowerInfo.java:lambda$new$0(50)) - 934adac8-c3af-43b3-8b4c-a41ff868ac75->5971a380-3faa-4fbf-9d4e-fbebc277ff56: nextIndex: updateUnconditionally 1 -> 0
2019-07-14 11:07:55,525 INFO  impl.FollowerInfo (FollowerInfo.java:lambda$new$0(50)) - 934adac8-c3af-43b3-8b4c-a41ff868ac75->007896fc-8c18-4e3c-bcdc-868b62719fd3: nextIndex: updateUnconditionally 1 -> 0
2019-07-14 11:07:55,525 INFO  ratis.ContainerStateMachine (ContainerStateMachine.java:takeSnapshot(249)) - group-28E90B558652: Taking a snapshot at:(t:1, i:11) file /workdir/hadoop-ozone/integration-test/target/test-dir/MiniOzoneClusterImpl-e441f628-3055-4976-9f22-cf1ee574003e/datanode-1/data/ratis/981b15f6-c00a-4278-93ed-28e90b558652/sm/snapshot.1_11
2019-07-14 11:07:55,525 INFO  impl.FollowerState (FollowerState.java:run(114)) - 5a30284b-95a7-4750-9a97-25838f7cc2d2: FollowerState was interrupted: java.lang.InterruptedException: sleep interrupted
2019-07-14 11:07:55,525 INFO  impl.StateMachineUpdater (StateMachineUpdater.java:stopAndJoin(115)) - StateMachineUpdater:5a30284b-95a7-4750-9a97-25838f7cc2d2:group-28E90B558652: set stopIndex = 14
2019-07-14 11:07:55,530 INFO  ratis.ContainerStateMachine (ContainerStateMachine.java:takeSnapshot(257)) - group-28E90B558652: Finished taking a snapshot at:(t:1, i:11) file:/workdir/hadoop-ozone/integration-test/target/test-dir/MiniOzoneClusterImpl-e441f628-3055-4976-9f22-cf1ee574003e/datanode-1/data/ratis/981b15f6-c00a-4278-93ed-28e90b558652/sm/snapshot.1_11 time:5
2019-07-14 11:07:55,530 INFO  impl.StateMachineUpdater (StateMachineUpdater.java:takeSnapshot(242)) - StateMachineUpdater:5a30284b-95a7-4750-9a97-25838f7cc2d2:group-28E90B558652: Took a snapshot at index 11
2019-07-14 11:07:55,526 INFO  segmented.SegmentedRaftLogWorker (SegmentedRaftLogWorker.java:run(313)) - 934adac8-c3af-43b3-8b4c-a41ff868ac75-SegmentedRaftLogWorker:Storage Directory /workdir/hadoop-ozone/integration-test/target/test-dir/MiniOzoneClusterImpl-e441f628-3055-4976-9f22-cf1ee574003e/datanode-4/data/ratis/2bdb29bd-a467-4566-9061-a488590eda1c was interrupted, exiting. There are 0 tasks remaining in the queue.
2019-07-14 11:07:55,530 INFO  impl.StateMachineUpdater (StateMachineUpdater.java:lambda$new$0(80)) - StateMachineUpdater:5a30284b-95a7-4750-9a97-25838f7cc2d2:group-28E90B558652: snapshotIndex: updateIncreasingly -1 -> 11
2019-07-14 11:07:55,533 INFO  segmented.SegmentedRaftLogWorker (SegmentedRaftLogWorker.java:close(228)) - 934adac8-c3af-43b3-8b4c-a41ff868ac75-SegmentedRaftLogWorker:Storage Directory /workdir/hadoop-ozone/integration-test/target/test-dir/MiniOzoneClusterImpl-e441f628-3055-4976-9f22-cf1ee574003e/datanode-4/data/ratis/2bdb29bd-a467-4566-9061-a488590eda1c close()
2019-07-14 11:07:55,533 INFO  impl.RaftServerImpl (ServerState.java:close(394)) - 5a30284b-95a7-4750-9a97-25838f7cc2d2:group-28E90B558652 closes. The last applied log index is 14
2019-07-14 11:07:55,538 INFO  server.GrpcService (GrpcService.java:closeImpl(155)) - 934adac8-c3af-43b3-8b4c-a41ff868ac75: shutdown server with port 41684 now
2019-07-14 11:07:55,539 INFO  segmented.SegmentedRaftLogWorker (SegmentedRaftLogWorker.java:run(313)) - 5a30284b-95a7-4750-9a97-25838f7cc2d2-SegmentedRaftLogWorker:Storage Directory /workdir/hadoop-ozone/integration-test/target/test-dir/MiniOzoneClusterImpl-e441f628-3055-4976-9f22-cf1ee574003e/datanode-1/data/ratis/981b15f6-c00a-4278-93ed-28e90b558652 was interrupted, exiting. There are 0 tasks remaining in the queue.
2019-07-14 11:07:55,542 INFO  segmented.SegmentedRaftLogWorker (SegmentedRaftLogWorker.java:close(228)) - 5a30284b-95a7-4750-9a97-25838f7cc2d2-SegmentedRaftLogWorker:Storage Directory /workdir/hadoop-ozone/integration-test/target/test-dir/MiniOzoneClusterImpl-e441f628-3055-4976-9f22-cf1ee574003e/datanode-1/data/ratis/981b15f6-c00a-4278-93ed-28e90b558652 close()
2019-07-14 11:07:55,542 INFO  server.GrpcService (GrpcService.java:closeImpl(163)) - 934adac8-c3af-43b3-8b4c-a41ff868ac75: shutdown server with port 41684 successfully
2019-07-14 11:07:55,547 INFO  server.GrpcService (GrpcService.java:closeImpl(155)) - 5a30284b-95a7-4750-9a97-25838f7cc2d2: shutdown server with port 42168 now
2019-07-14 11:07:55,548 WARN  server.GrpcServerProtocolService (LogUtils.java:warn(134)) - 5a30284b-95a7-4750-9a97-25838f7cc2d2: appendEntries onError: org.apache.ratis.thirdparty.io.grpc.StatusRuntimeException: CANCELLED: cancelled before receiving half close
2019-07-14 11:07:55,548 INFO  utils.BackgroundService (BackgroundService.java:shutdown(148)) - Shutting down service BlockDeletingService
2019-07-14 11:07:55,548 INFO  server.GrpcService (GrpcService.java:closeImpl(163)) - 5a30284b-95a7-4750-9a97-25838f7cc2d2: shutdown server with port 42168 successfully
2019-07-14 11:07:55,548 WARN  server.GrpcLogAppender (LogUtils.java:warn(134)) - 46cbccf6-8abf-4dc0-9606-2ec792ae2ced->5a30284b-95a7-4750-9a97-25838f7cc2d2: Failed appendEntries: org.apache.ratis.thirdparty.io.grpc.StatusRuntimeException: CANCELLED: HTTP/2 error code: CANCEL
Received Rst Stream
2019-07-14 11:07:55,549 INFO  impl.FollowerInfo (FollowerInfo.java:lambda$new$0(50)) - 46cbccf6-8abf-4dc0-9606-2ec792ae2ced->5a30284b-95a7-4750-9a97-25838f7cc2d2: nextIndex: updateUnconditionally 15 -> 14
2019-07-14 11:07:55,550 INFO  utils.BackgroundService (BackgroundService.java:shutdown(148)) - Shutting down service BlockDeletingService
2019-07-14 11:07:55,554 WARN  fs.CachingGetSpaceUsed (CachingGetSpaceUsed.java:run(183)) - Thread Interrupted waiting to refresh disk information: sleep interrupted
2019-07-14 11:07:55,554 WARN  fs.CachingGetSpaceUsed (CachingGetSpaceUsed.java:run(183)) - Thread Interrupted waiting to refresh disk information: sleep interrupted
2019-07-14 11:07:55,572 INFO  statemachine.DatanodeStateMachine (DatanodeStateMachine.java:stopDaemon(395)) - Ozone container server stopped.
2019-07-14 11:07:55,573 INFO  handler.ContextHandler (ContextHandler.java:doStop(910)) - Stopped o.e.j.w.WebAppContext@a19fe87{/,null,UNAVAILABLE}{/hddsDatanode}
2019-07-14 11:07:55,574 INFO  server.AbstractConnector (AbstractConnector.java:doStop(318)) - Stopped ServerConnector@26aecf31{HTTP/1.1,[http/1.1]}{0.0.0.0:0}
2019-07-14 11:07:55,574 INFO  handler.ContextHandler (ContextHandler.java:doStop(910)) - Stopped o.e.j.s.ServletContextHandler@52bef30b{/static,jar:file:/home/user/.m2/repository/org/apache/hadoop/hadoop-hdds-container-service/0.5.0-SNAPSHOT/hadoop-hdds-container-service-0.5.0-SNAPSHOT.jar!/webapps/static,UNAVAILABLE}
2019-07-14 11:07:55,574 INFO  handler.ContextHandler (ContextHandler.java:doStop(910)) - Stopped o.e.j.s.ServletContextHandler@25c3a441{/logs,file:///workdir/hadoop-ozone/integration-test/target/log,UNAVAILABLE}
2019-07-14 11:07:55,581 INFO  statemachine.DatanodeStateMachine (DatanodeStateMachine.java:stopDaemon(395)) - Ozone container server stopped.
2019-07-14 11:07:55,581 INFO  datanode.ObjectStoreHandler (ObjectStoreHandler.java:close(155)) - Closing ObjectStoreHandler.
2019-07-14 11:07:55,586 INFO  ozone.HddsDatanodeService (HddsDatanodeService.java:stop(452)) - Stopped plug-in org.apache.hadoop.ozone.web.OzoneHddsDatanodeService@524250ec
2019-07-14 11:07:55,588 INFO  handler.ContextHandler (ContextHandler.java:doStop(910)) - Stopped o.e.j.w.WebAppContext@567412db{/,null,UNAVAILABLE}{/hddsDatanode}
2019-07-14 11:07:55,590 INFO  server.AbstractConnector (AbstractConnector.java:doStop(318)) - Stopped ServerConnector@4addfb95{HTTP/1.1,[http/1.1]}{0.0.0.0:0}
2019-07-14 11:07:55,592 INFO  handler.ContextHandler (ContextHandler.java:doStop(910)) - Stopped o.e.j.s.ServletContextHandler@1220969{/static,jar:file:/home/user/.m2/repository/org/apache/hadoop/hadoop-hdds-container-service/0.5.0-SNAPSHOT/hadoop-hdds-container-service-0.5.0-SNAPSHOT.jar!/webapps/static,UNAVAILABLE}
2019-07-14 11:07:55,594 INFO  handler.ContextHandler (ContextHandler.java:doStop(910)) - Stopped o.e.j.s.ServletContextHandler@3bc82aa3{/logs,file:///workdir/hadoop-ozone/integration-test/target/log,UNAVAILABLE}
2019-07-14 11:07:55,595 INFO  datanode.ObjectStoreHandler (ObjectStoreHandler.java:close(155)) - Closing ObjectStoreHandler.
2019-07-14 11:07:55,595 INFO  ozone.HddsDatanodeService (HddsDatanodeService.java:stop(452)) - Stopped plug-in org.apache.hadoop.ozone.web.OzoneHddsDatanodeService@23317e8a
2019-07-14 11:07:55,669 INFO  statemachine.DatanodeStateMachine (DatanodeStateMachine.java:lambda$startDaemon$0(350)) - Ozone container server started.
2019-07-14 11:07:56,367 INFO  statemachine.DatanodeStateMachine (DatanodeStateMachine.java:lambda$startDaemon$0(350)) - Ozone container server started.
2019-07-14 11:07:57,375 WARN  server.GrpcLogAppender (LogUtils.java:warn(134)) - 46cbccf6-8abf-4dc0-9606-2ec792ae2ced->5a30284b-95a7-4750-9a97-25838f7cc2d2: Failed appendEntries: org.apache.ratis.thirdparty.io.grpc.StatusRuntimeException: UNAVAILABLE: io exception
2019-07-14 11:07:57,376 INFO  impl.FollowerInfo (FollowerInfo.java:lambda$new$0(50)) - 46cbccf6-8abf-4dc0-9606-2ec792ae2ced->5a30284b-95a7-4750-9a97-25838f7cc2d2: nextIndex: updateUnconditionally 15 -> 14
2019-07-14 11:07:57,392 WARN  server.GrpcLogAppender (LogUtils.java:warn(134)) - 46cbccf6-8abf-4dc0-9606-2ec792ae2ced->5a30284b-95a7-4750-9a97-25838f7cc2d2: Failed appendEntries: org.apache.ratis.thirdparty.io.grpc.StatusRuntimeException: UNAVAILABLE: io exception
2019-07-14 11:07:57,393 INFO  impl.FollowerInfo (FollowerInfo.java:lambda$new$0(50)) - 46cbccf6-8abf-4dc0-9606-2ec792ae2ced->5a30284b-95a7-4750-9a97-25838f7cc2d2: nextIndex: updateUnconditionally 15 -> 14
2019-07-14 11:07:57,405 WARN  server.GrpcLogAppender (LogUtils.java:warn(134)) - 46cbccf6-8abf-4dc0-9606-2ec792ae2ced->5a30284b-95a7-4750-9a97-25838f7cc2d2: Failed appendEntries: org.apache.ratis.thirdparty.io.grpc.StatusRuntimeException: UNAVAILABLE: io exception
2019-07-14 11:07:57,406 INFO  impl.FollowerInfo (FollowerInfo.java:lambda$new$0(50)) - 46cbccf6-8abf-4dc0-9606-2ec792ae2ced->5a30284b-95a7-4750-9a97-25838f7cc2d2: nextIndex: updateUnconditionally 15 -> 14
2019-07-14 11:07:57,423 INFO  interfaces.Container (KeyValueContainer.java:compactDB(356)) - Container 2 is closed with bcsId 11.
2019-07-14 11:07:57,450 INFO  interfaces.Container (KeyValueContainer.java:compactDB(356)) - Container 2 is closed with bcsId 11.
2019-07-14 11:07:58,622 INFO  impl.FollowerState (FollowerState.java:run(106)) - 5971a380-3faa-4fbf-9d4e-fbebc277ff56:group-A488590EDA1C changes to CANDIDATE, lastRpcTime:5072, electionTimeout:5044ms
2019-07-14 11:07:58,624 INFO  impl.RoleInfo (RoleInfo.java:shutdownFollowerState(121)) - 5971a380-3faa-4fbf-9d4e-fbebc277ff56: shutdown FollowerState
2019-07-14 11:07:58,624 INFO  impl.RaftServerImpl (RaftServerImpl.java:setRole(171)) - 5971a380-3faa-4fbf-9d4e-fbebc277ff56:group-A488590EDA1C changes role from FOLLOWER to CANDIDATE at term 1 for changeToCandidate
2019-07-14 11:07:58,624 INFO  impl.RoleInfo (RoleInfo.java:updateAndGet(143)) - 5971a380-3faa-4fbf-9d4e-fbebc277ff56: start LeaderElection
2019-07-14 11:07:58,627 INFO  impl.RaftServerImpl (ServerState.java:setLeader(263)) - 5971a380-3faa-4fbf-9d4e-fbebc277ff56:group-A488590EDA1C change Leader from 934adac8-c3af-43b3-8b4c-a41ff868ac75 to null at term 1 for initElection
2019-07-14 11:07:58,642 INFO  impl.LeaderElection (LeaderElection.java:askForVotes(181)) - 5971a380-3faa-4fbf-9d4e-fbebc277ff56:group-A488590EDA1C:LeaderElection107: begin an election at term 2 for 0: [934adac8-c3af-43b3-8b4c-a41ff868ac75:192.168.157.209:41684, 5971a380-3faa-4fbf-9d4e-fbebc277ff56:192.168.157.209:36605, 007896fc-8c18-4e3c-bcdc-868b62719fd3:192.168.157.209:40822], old=null
2019-07-14 11:07:58,644 INFO  impl.LeaderElection (LogUtils.java:infoOrTrace(149)) - 5971a380-3faa-4fbf-9d4e-fbebc277ff56:group-A488590EDA1C:LeaderElection107 got exception when requesting votes: {}
java.util.concurrent.ExecutionException: org.apache.ratis.thirdparty.io.grpc.StatusRuntimeException: UNAVAILABLE: io exception
	at java.util.concurrent.FutureTask.report(FutureTask.java:122)
	at java.util.concurrent.FutureTask.get(FutureTask.java:192)
	at org.apache.ratis.server.impl.LeaderElection.waitForResults(LeaderElection.java:262)
	at org.apache.ratis.server.impl.LeaderElection.askForVotes(LeaderElection.java:200)
	at org.apache.ratis.server.impl.LeaderElection.run(LeaderElection.java:130)
	at java.lang.Thread.run(Thread.java:748)
Caused by: org.apache.ratis.thirdparty.io.grpc.StatusRuntimeException: UNAVAILABLE: io exception
	at org.apache.ratis.thirdparty.io.grpc.stub.ClientCalls.toStatusRuntimeException(ClientCalls.java:233)
	at org.apache.ratis.thirdparty.io.grpc.stub.ClientCalls.getUnchecked(ClientCalls.java:214)
	at org.apache.ratis.thirdparty.io.grpc.stub.ClientCalls.blockingUnaryCall(ClientCalls.java:139)
	at org.apache.ratis.proto.grpc.RaftServerProtocolServiceGrpc$RaftServerProtocolServiceBlockingStub.requestVote(RaftServerProtocolServiceGrpc.java:265)
	at org.apache.ratis.grpc.server.GrpcServerProtocolClient.requestVote(GrpcServerProtocolClient.java:83)
	at org.apache.ratis.grpc.server.GrpcService.requestVote(GrpcService.java:195)
	at org.apache.ratis.server.impl.LeaderElection.lambda$submitRequests$1(LeaderElection.java:237)
	at java.util.concurrent.FutureTask.run(FutureTask.java:266)
	at java.util.concurrent.Executors$RunnableAdapter.call(Executors.java:511)
	at java.util.concurrent.FutureTask.run(FutureTask.java:266)
	at java.util.concurrent.ThreadPoolExecutor.runWorker(ThreadPoolExecutor.java:1149)
	at java.util.concurrent.ThreadPoolExecutor$Worker.run(ThreadPoolExecutor.java:624)
	... 1 more
Caused by: org.apache.ratis.thirdparty.io.netty.channel.AbstractChannel$AnnotatedConnectException: Connection refused: /192.168.157.209:41684
	at sun.nio.ch.SocketChannelImpl.checkConnect(Native Method)
	at sun.nio.ch.SocketChannelImpl.finishConnect(SocketChannelImpl.java:717)
	at org.apache.ratis.thirdparty.io.netty.channel.socket.nio.NioSocketChannel.doFinishConnect(NioSocketChannel.java:327)
	at org.apache.ratis.thirdparty.io.netty.channel.nio.AbstractNioChannel$AbstractNioUnsafe.finishConnect(AbstractNioChannel.java:340)
	at org.apache.ratis.thirdparty.io.netty.channel.nio.NioEventLoop.processSelectedKey(NioEventLoop.java:632)
	at org.apache.ratis.thirdparty.io.netty.channel.nio.NioEventLoop.processSelectedKeysOptimized(NioEventLoop.java:579)
	at org.apache.ratis.thirdparty.io.netty.channel.nio.NioEventLoop.processSelectedKeys(NioEventLoop.java:496)
	at org.apache.ratis.thirdparty.io.netty.channel.nio.NioEventLoop.run(NioEventLoop.java:458)
	at org.apache.ratis.thirdparty.io.netty.util.concurrent.SingleThreadEventExecutor$5.run(SingleThreadEventExecutor.java:897)
	at org.apache.ratis.thirdparty.io.netty.util.concurrent.FastThreadLocalRunnable.run(FastThreadLocalRunnable.java:30)
	... 1 more
Caused by: java.net.ConnectException: Connection refused
	... 11 more
2019-07-14 11:07:58,647 INFO  impl.RaftServerImpl (ServerState.java:setLeader(263)) - 007896fc-8c18-4e3c-bcdc-868b62719fd3:group-A488590EDA1C change Leader from 934adac8-c3af-43b3-8b4c-a41ff868ac75 to null at term 2 for updateCurrentTerm
2019-07-14 11:07:58,648 INFO  impl.RaftServerImpl (RaftServerImpl.java:setRole(171)) - 007896fc-8c18-4e3c-bcdc-868b62719fd3:group-A488590EDA1C changes role from FOLLOWER to FOLLOWER at term 2 for recognizeCandidate:5971a380-3faa-4fbf-9d4e-fbebc277ff56
2019-07-14 11:07:58,648 INFO  impl.RoleInfo (RoleInfo.java:shutdownFollowerState(121)) - 007896fc-8c18-4e3c-bcdc-868b62719fd3: shutdown FollowerState
2019-07-14 11:07:58,648 INFO  impl.RoleInfo (RoleInfo.java:updateAndGet(143)) - 007896fc-8c18-4e3c-bcdc-868b62719fd3: start FollowerState
2019-07-14 11:07:58,648 INFO  impl.FollowerState (FollowerState.java:run(114)) - 007896fc-8c18-4e3c-bcdc-868b62719fd3: FollowerState was interrupted: java.lang.InterruptedException: sleep interrupted
2019-07-14 11:07:58,666 INFO  impl.LeaderElection (LeaderElection.java:logAndReturn(56)) - 5971a380-3faa-4fbf-9d4e-fbebc277ff56:group-A488590EDA1C:LeaderElection107: Election PASSED; received 1 response(s) [5971a380-3faa-4fbf-9d4e-fbebc277ff56<-007896fc-8c18-4e3c-bcdc-868b62719fd3#0:OK-t2] and 1 exception(s); 5971a380-3faa-4fbf-9d4e-fbebc277ff56:t2, leader=null, voted=5971a380-3faa-4fbf-9d4e-fbebc277ff56, raftlog=5971a380-3faa-4fbf-9d4e-fbebc277ff56-SegmentedRaftLog:OPENED:c0,f0,i0, conf=0: [934adac8-c3af-43b3-8b4c-a41ff868ac75:192.168.157.209:41684, 5971a380-3faa-4fbf-9d4e-fbebc277ff56:192.168.157.209:36605, 007896fc-8c18-4e3c-bcdc-868b62719fd3:192.168.157.209:40822], old=null
2019-07-14 11:07:58,666 INFO  impl.LeaderElection (LogUtils.java:infoOrTrace(149)) -   Exception 0: {}
java.util.concurrent.ExecutionException: org.apache.ratis.thirdparty.io.grpc.StatusRuntimeException: UNAVAILABLE: io exception
	at java.util.concurrent.FutureTask.report(FutureTask.java:122)
	at java.util.concurrent.FutureTask.get(FutureTask.java:192)
	at org.apache.ratis.server.impl.LeaderElection.waitForResults(LeaderElection.java:262)
	at org.apache.ratis.server.impl.LeaderElection.askForVotes(LeaderElection.java:200)
	at org.apache.ratis.server.impl.LeaderElection.run(LeaderElection.java:130)
	at java.lang.Thread.run(Thread.java:748)
Caused by: org.apache.ratis.thirdparty.io.grpc.StatusRuntimeException: UNAVAILABLE: io exception
	at org.apache.ratis.thirdparty.io.grpc.stub.ClientCalls.toStatusRuntimeException(ClientCalls.java:233)
	at org.apache.ratis.thirdparty.io.grpc.stub.ClientCalls.getUnchecked(ClientCalls.java:214)
	at org.apache.ratis.thirdparty.io.grpc.stub.ClientCalls.blockingUnaryCall(ClientCalls.java:139)
	at org.apache.ratis.proto.grpc.RaftServerProtocolServiceGrpc$RaftServerProtocolServiceBlockingStub.requestVote(RaftServerProtocolServiceGrpc.java:265)
	at org.apache.ratis.grpc.server.GrpcServerProtocolClient.requestVote(GrpcServerProtocolClient.java:83)
	at org.apache.ratis.grpc.server.GrpcService.requestVote(GrpcService.java:195)
	at org.apache.ratis.server.impl.LeaderElection.lambda$submitRequests$1(LeaderElection.java:237)
	at java.util.concurrent.FutureTask.run(FutureTask.java:266)
	at java.util.concurrent.Executors$RunnableAdapter.call(Executors.java:511)
	at java.util.concurrent.FutureTask.run(FutureTask.java:266)
	at java.util.concurrent.ThreadPoolExecutor.runWorker(ThreadPoolExecutor.java:1149)
	at java.util.concurrent.ThreadPoolExecutor$Worker.run(ThreadPoolExecutor.java:624)
	... 1 more
Caused by: org.apache.ratis.thirdparty.io.netty.channel.AbstractChannel$AnnotatedConnectException: Connection refused: /192.168.157.209:41684
	at sun.nio.ch.SocketChannelImpl.checkConnect(Native Method)
	at sun.nio.ch.SocketChannelImpl.finishConnect(SocketChannelImpl.java:717)
	at org.apache.ratis.thirdparty.io.netty.channel.socket.nio.NioSocketChannel.doFinishConnect(NioSocketChannel.java:327)
	at org.apache.ratis.thirdparty.io.netty.channel.nio.AbstractNioChannel$AbstractNioUnsafe.finishConnect(AbstractNioChannel.java:340)
	at org.apache.ratis.thirdparty.io.netty.channel.nio.NioEventLoop.processSelectedKey(NioEventLoop.java:632)
	at org.apache.ratis.thirdparty.io.netty.channel.nio.NioEventLoop.processSelectedKeysOptimized(NioEventLoop.java:579)
	at org.apache.ratis.thirdparty.io.netty.channel.nio.NioEventLoop.processSelectedKeys(NioEventLoop.java:496)
	at org.apache.ratis.thirdparty.io.netty.channel.nio.NioEventLoop.run(NioEventLoop.java:458)
	at org.apache.ratis.thirdparty.io.netty.util.concurrent.SingleThreadEventExecutor$5.run(SingleThreadEventExecutor.java:897)
	at org.apache.ratis.thirdparty.io.netty.util.concurrent.FastThreadLocalRunnable.run(FastThreadLocalRunnable.java:30)
	... 1 more
Caused by: java.net.ConnectException: Connection refused
	... 11 more
2019-07-14 11:07:58,666 INFO  impl.RoleInfo (RoleInfo.java:shutdownLeaderElection(134)) - 5971a380-3faa-4fbf-9d4e-fbebc277ff56: shutdown LeaderElection
2019-07-14 11:07:58,667 INFO  impl.RaftServerImpl (RaftServerImpl.java:setRole(171)) - 5971a380-3faa-4fbf-9d4e-fbebc277ff56:group-A488590EDA1C changes role from CANDIDATE to LEADER at term 2 for changeToLeader
2019-07-14 11:07:58,667 INFO  impl.RaftServerImpl (ServerState.java:setLeader(263)) - 5971a380-3faa-4fbf-9d4e-fbebc277ff56:group-A488590EDA1C change Leader from null to 5971a380-3faa-4fbf-9d4e-fbebc277ff56 at term 2 for becomeLeader, leader elected after 39ms
2019-07-14 11:07:58,667 INFO  server.RaftServerConfigKeys (ConfUtils.java:logGet(43)) - raft.server.staging.catchup.gap = 1000 (default)
2019-07-14 11:07:58,667 INFO  server.RaftServerConfigKeys (ConfUtils.java:logGet(43)) - raft.server.rpc.sleep.time = 25ms (default)
2019-07-14 11:07:58,667 INFO  server.RaftServerConfigKeys (ConfUtils.java:logGet(43)) - raft.server.write.element-limit = 4096 (default)
2019-07-14 11:07:58,667 INFO  server.RaftServerConfigKeys (ConfUtils.java:logGet(43)) - raft.server.watch.timeout = 10s (default)
2019-07-14 11:07:58,667 INFO  server.RaftServerConfigKeys (ConfUtils.java:logGet(43)) - raft.server.watch.timeout.denomination = 1s (default)
2019-07-14 11:07:58,668 INFO  server.RaftServerConfigKeys (ConfUtils.java:logGet(43)) - raft.server.watch.element-limit = 65536 (default)
2019-07-14 11:07:58,668 INFO  server.RaftServerConfigKeys (ConfUtils.java:logGet(43)) - raft.server.log.appender.snapshot.chunk.size.max = 16MB (=16777216) (default)
2019-07-14 11:07:58,668 INFO  server.RaftServerConfigKeys (ConfUtils.java:logGet(43)) - raft.server.log.appender.buffer.byte-limit = 33554432 (custom)
2019-07-14 11:07:58,668 INFO  server.RaftServerConfigKeys (ConfUtils.java:logGet(43)) - raft.server.log.appender.buffer.element-limit = 1 (custom)
2019-07-14 11:07:58,668 INFO  grpc.GrpcConfigKeys$Server (ConfUtils.java:logGet(43)) - raft.grpc.server.leader.outstanding.appends.max = 128 (default)
2019-07-14 11:07:58,669 INFO  server.RaftServerConfigKeys (ConfUtils.java:logGet(43)) - raft.server.rpc.request.timeout = 3000ms (default)
2019-07-14 11:07:58,669 INFO  server.RaftServerConfigKeys (ConfUtils.java:logGet(43)) - raft.server.log.appender.install.snapshot.enabled = false (custom)
2019-07-14 11:07:58,669 INFO  server.RaftServerConfigKeys (ConfUtils.java:logGet(43)) - raft.server.log.appender.snapshot.chunk.size.max = 16MB (=16777216) (default)
2019-07-14 11:07:58,669 INFO  server.RaftServerConfigKeys (ConfUtils.java:logGet(43)) - raft.server.log.appender.buffer.byte-limit = 33554432 (custom)
2019-07-14 11:07:58,669 INFO  server.RaftServerConfigKeys (ConfUtils.java:logGet(43)) - raft.server.log.appender.buffer.element-limit = 1 (custom)
2019-07-14 11:07:58,670 INFO  grpc.GrpcConfigKeys$Server (ConfUtils.java:logGet(43)) - raft.grpc.server.leader.outstanding.appends.max = 128 (default)
2019-07-14 11:07:58,670 INFO  server.RaftServerConfigKeys (ConfUtils.java:logGet(43)) - raft.server.rpc.request.timeout = 3000ms (default)
2019-07-14 11:07:58,670 INFO  server.RaftServerConfigKeys (ConfUtils.java:logGet(43)) - raft.server.log.appender.install.snapshot.enabled = false (custom)
2019-07-14 11:07:58,670 INFO  impl.RoleInfo (RoleInfo.java:updateAndGet(143)) - 5971a380-3faa-4fbf-9d4e-fbebc277ff56: start LeaderState
2019-07-14 11:07:58,671 INFO  segmented.SegmentedRaftLogWorker (SegmentedRaftLogWorker.java:rollLogSegment(385)) - 5971a380-3faa-4fbf-9d4e-fbebc277ff56-SegmentedRaftLogWorker:Storage Directory /workdir/hadoop-ozone/integration-test/target/test-dir/MiniOzoneClusterImpl-e441f628-3055-4976-9f22-cf1ee574003e/datanode-3/data/ratis/2bdb29bd-a467-4566-9061-a488590eda1c: Rolling segment log-0_0 to index:0
2019-07-14 11:07:58,671 INFO  segmented.SegmentedRaftLogWorker (SegmentedRaftLogWorker.java:execute(526)) - 5971a380-3faa-4fbf-9d4e-fbebc277ff56-SegmentedRaftLogWorker:Storage Directory /workdir/hadoop-ozone/integration-test/target/test-dir/MiniOzoneClusterImpl-e441f628-3055-4976-9f22-cf1ee574003e/datanode-3/data/ratis/2bdb29bd-a467-4566-9061-a488590eda1c: Rolled log segment from /workdir/hadoop-ozone/integration-test/target/test-dir/MiniOzoneClusterImpl-e441f628-3055-4976-9f22-cf1ee574003e/datanode-3/data/ratis/2bdb29bd-a467-4566-9061-a488590eda1c/current/log_inprogress_0 to /workdir/hadoop-ozone/integration-test/target/test-dir/MiniOzoneClusterImpl-e441f628-3055-4976-9f22-cf1ee574003e/datanode-3/data/ratis/2bdb29bd-a467-4566-9061-a488590eda1c/current/log_0-0
2019-07-14 11:07:58,672 INFO  impl.RaftServerImpl (ServerState.java:setRaftConf(361)) - 5971a380-3faa-4fbf-9d4e-fbebc277ff56:group-A488590EDA1C set configuration 1: [934adac8-c3af-43b3-8b4c-a41ff868ac75:192.168.157.209:41684, 5971a380-3faa-4fbf-9d4e-fbebc277ff56:192.168.157.209:36605, 007896fc-8c18-4e3c-bcdc-868b62719fd3:192.168.157.209:40822], old=null at 1
2019-07-14 11:07:58,672 WARN  server.GrpcLogAppender (LogUtils.java:warn(134)) - 5971a380-3faa-4fbf-9d4e-fbebc277ff56->934adac8-c3af-43b3-8b4c-a41ff868ac75: Failed appendEntries: org.apache.ratis.thirdparty.io.grpc.StatusRuntimeException: UNAVAILABLE: io exception
2019-07-14 11:07:58,672 INFO  impl.FollowerInfo (FollowerInfo.java:lambda$new$0(50)) - 5971a380-3faa-4fbf-9d4e-fbebc277ff56->934adac8-c3af-43b3-8b4c-a41ff868ac75: nextIndex: updateUnconditionally 1 -> 0
2019-07-14 11:07:58,673 INFO  impl.RaftServerImpl (ServerState.java:setLeader(263)) - 007896fc-8c18-4e3c-bcdc-868b62719fd3:group-A488590EDA1C change Leader from null to 5971a380-3faa-4fbf-9d4e-fbebc277ff56 at term 2 for appendEntries, leader elected after 25ms
2019-07-14 11:07:58,675 INFO  impl.RaftServerImpl (ServerState.java:setRaftConf(361)) - 007896fc-8c18-4e3c-bcdc-868b62719fd3:group-A488590EDA1C set configuration 1: [934adac8-c3af-43b3-8b4c-a41ff868ac75:192.168.157.209:41684, 5971a380-3faa-4fbf-9d4e-fbebc277ff56:192.168.157.209:36605, 007896fc-8c18-4e3c-bcdc-868b62719fd3:192.168.157.209:40822], old=null at 1
2019-07-14 11:07:58,676 INFO  segmented.SegmentedRaftLogWorker (SegmentedRaftLogWorker.java:rollLogSegment(385)) - 007896fc-8c18-4e3c-bcdc-868b62719fd3-SegmentedRaftLogWorker:Storage Directory /workdir/hadoop-ozone/integration-test/target/test-dir/MiniOzoneClusterImpl-e441f628-3055-4976-9f22-cf1ee574003e/datanode-5/data/ratis/2bdb29bd-a467-4566-9061-a488590eda1c: Rolling segment log-0_0 to index:0
2019-07-14 11:07:58,676 INFO  segmented.SegmentedRaftLogWorker (SegmentedRaftLogWorker.java:execute(526)) - 007896fc-8c18-4e3c-bcdc-868b62719fd3-SegmentedRaftLogWorker:Storage Directory /workdir/hadoop-ozone/integration-test/target/test-dir/MiniOzoneClusterImpl-e441f628-3055-4976-9f22-cf1ee574003e/datanode-5/data/ratis/2bdb29bd-a467-4566-9061-a488590eda1c: Rolled log segment from /workdir/hadoop-ozone/integration-test/target/test-dir/MiniOzoneClusterImpl-e441f628-3055-4976-9f22-cf1ee574003e/datanode-5/data/ratis/2bdb29bd-a467-4566-9061-a488590eda1c/current/log_inprogress_0 to /workdir/hadoop-ozone/integration-test/target/test-dir/MiniOzoneClusterImpl-e441f628-3055-4976-9f22-cf1ee574003e/datanode-5/data/ratis/2bdb29bd-a467-4566-9061-a488590eda1c/current/log_0-0
2019-07-14 11:07:58,704 INFO  segmented.SegmentedRaftLogWorker (SegmentedRaftLogWorker.java:execute(569)) - 5971a380-3faa-4fbf-9d4e-fbebc277ff56-SegmentedRaftLogWorker:Storage Directory /workdir/hadoop-ozone/integration-test/target/test-dir/MiniOzoneClusterImpl-e441f628-3055-4976-9f22-cf1ee574003e/datanode-3/data/ratis/2bdb29bd-a467-4566-9061-a488590eda1c: created new log segment /workdir/hadoop-ozone/integration-test/target/test-dir/MiniOzoneClusterImpl-e441f628-3055-4976-9f22-cf1ee574003e/datanode-3/data/ratis/2bdb29bd-a467-4566-9061-a488590eda1c/current/log_inprogress_1
2019-07-14 11:07:58,704 INFO  segmented.SegmentedRaftLogWorker (SegmentedRaftLogWorker.java:execute(569)) - 007896fc-8c18-4e3c-bcdc-868b62719fd3-SegmentedRaftLogWorker:Storage Directory /workdir/hadoop-ozone/integration-test/target/test-dir/MiniOzoneClusterImpl-e441f628-3055-4976-9f22-cf1ee574003e/datanode-5/data/ratis/2bdb29bd-a467-4566-9061-a488590eda1c: created new log segment /workdir/hadoop-ozone/integration-test/target/test-dir/MiniOzoneClusterImpl-e441f628-3055-4976-9f22-cf1ee574003e/datanode-5/data/ratis/2bdb29bd-a467-4566-9061-a488590eda1c/current/log_inprogress_1
2019-07-14 11:07:58,719 WARN  server.GrpcLogAppender (LogUtils.java:warn(134)) - 5971a380-3faa-4fbf-9d4e-fbebc277ff56->934adac8-c3af-43b3-8b4c-a41ff868ac75: Failed appendEntries: org.apache.ratis.thirdparty.io.grpc.StatusRuntimeException: UNAVAILABLE: io exception
2019-07-14 11:07:58,720 INFO  impl.FollowerInfo (FollowerInfo.java:lambda$new$0(50)) - 5971a380-3faa-4fbf-9d4e-fbebc277ff56->934adac8-c3af-43b3-8b4c-a41ff868ac75: nextIndex: updateUnconditionally 1 -> 0
2019-07-14 11:07:58,734 WARN  server.GrpcLogAppender (LogUtils.java:warn(134)) - 5971a380-3faa-4fbf-9d4e-fbebc277ff56->934adac8-c3af-43b3-8b4c-a41ff868ac75: Failed appendEntries: org.apache.ratis.thirdparty.io.grpc.StatusRuntimeException: UNAVAILABLE: io exception
2019-07-14 11:07:58,734 INFO  impl.FollowerInfo (FollowerInfo.java:lambda$new$0(50)) - 5971a380-3faa-4fbf-9d4e-fbebc277ff56->934adac8-c3af-43b3-8b4c-a41ff868ac75: nextIndex: updateUnconditionally 1 -> 0
2019-07-14 11:07:59,752 INFO  node.StaleNodeHandler (StaleNodeHandler.java:onMessage(58)) - Datanode 5971a380-3faa-4fbf-9d4e-fbebc277ff56{ip: 192.168.157.209, host: trunk-nightly-fxmrv-2540794721, networkLocation: /default-rack, certSerialId: null} moved to stale state. Finalizing its pipelines [PipelineID=4fc77f00-c313-44f7-a85d-02760db56a26, PipelineID=2bdb29bd-a467-4566-9061-a488590eda1c]
2019-07-14 11:07:59,752 INFO  pipeline.SCMPipelineManager (SCMPipelineManager.java:finalizeAndDestroyPipeline(309)) - destroying pipeline:Pipeline[ Id: 4fc77f00-c313-44f7-a85d-02760db56a26, Nodes: 5971a380-3faa-4fbf-9d4e-fbebc277ff56{ip: 192.168.157.209, host: trunk-nightly-fxmrv-2540794721, networkLocation: /default-rack, certSerialId: null}, Type:RATIS, Factor:ONE, State:OPEN]
2019-07-14 11:07:59,752 INFO  pipeline.PipelineStateManager (PipelineStateManager.java:finalizePipeline(123)) - Pipeline Pipeline[ Id: 4fc77f00-c313-44f7-a85d-02760db56a26, Nodes: 5971a380-3faa-4fbf-9d4e-fbebc277ff56{ip: 192.168.157.209, host: trunk-nightly-fxmrv-2540794721, networkLocation: /default-rack, certSerialId: null}, Type:RATIS, Factor:ONE, State:CLOSED] moved to CLOSED state
2019-07-14 11:07:59,753 INFO  pipeline.SCMPipelineManager (SCMPipelineManager.java:finalizeAndDestroyPipeline(309)) - destroying pipeline:Pipeline[ Id: 2bdb29bd-a467-4566-9061-a488590eda1c, Nodes: 5971a380-3faa-4fbf-9d4e-fbebc277ff56{ip: 192.168.157.209, host: trunk-nightly-fxmrv-2540794721, networkLocation: /default-rack, certSerialId: null}934adac8-c3af-43b3-8b4c-a41ff868ac75{ip: 192.168.157.209, host: trunk-nightly-fxmrv-2540794721, networkLocation: /default-rack, certSerialId: null}007896fc-8c18-4e3c-bcdc-868b62719fd3{ip: 192.168.157.209, host: trunk-nightly-fxmrv-2540794721, networkLocation: /default-rack, certSerialId: null}, Type:RATIS, Factor:THREE, State:CLOSED]
2019-07-14 11:07:59,906 WARN  server.GrpcLogAppender (LogUtils.java:warn(134)) - 46cbccf6-8abf-4dc0-9606-2ec792ae2ced->5a30284b-95a7-4750-9a97-25838f7cc2d2: Failed appendEntries: org.apache.ratis.thirdparty.io.grpc.StatusRuntimeException: UNAVAILABLE: io exception
2019-07-14 11:07:59,907 INFO  impl.FollowerInfo (FollowerInfo.java:lambda$new$0(50)) - 46cbccf6-8abf-4dc0-9606-2ec792ae2ced->5a30284b-95a7-4750-9a97-25838f7cc2d2: nextIndex: updateUnconditionally 14 -> 13
2019-07-14 11:08:00,453 INFO  node.StaleNodeHandler (StaleNodeHandler.java:onMessage(58)) - Datanode 4ddaf116-ef27-4abd-8bd4-7af3c402b258{ip: 192.168.157.209, host: trunk-nightly-fxmrv-2540794721, networkLocation: /default-rack, certSerialId: null} moved to stale state. Finalizing its pipelines [PipelineID=12ecef54-c1dc-4333-bbd1-43bb8c3e65a4, PipelineID=981b15f6-c00a-4278-93ed-28e90b558652]
2019-07-14 11:08:00,453 INFO  pipeline.SCMPipelineManager (SCMPipelineManager.java:finalizeAndDestroyPipeline(309)) - destroying pipeline:Pipeline[ Id: 12ecef54-c1dc-4333-bbd1-43bb8c3e65a4, Nodes: 4ddaf116-ef27-4abd-8bd4-7af3c402b258{ip: 192.168.157.209, host: trunk-nightly-fxmrv-2540794721, networkLocation: /default-rack, certSerialId: null}, Type:RATIS, Factor:ONE, State:OPEN]
2019-07-14 11:08:00,454 INFO  pipeline.PipelineStateManager (PipelineStateManager.java:finalizePipeline(123)) - Pipeline Pipeline[ Id: 12ecef54-c1dc-4333-bbd1-43bb8c3e65a4, Nodes: 4ddaf116-ef27-4abd-8bd4-7af3c402b258{ip: 192.168.157.209, host: trunk-nightly-fxmrv-2540794721, networkLocation: /default-rack, certSerialId: null}, Type:RATIS, Factor:ONE, State:CLOSED] moved to CLOSED state
2019-07-14 11:08:00,454 INFO  pipeline.SCMPipelineManager (SCMPipelineManager.java:finalizeAndDestroyPipeline(309)) - destroying pipeline:Pipeline[ Id: 981b15f6-c00a-4278-93ed-28e90b558652, Nodes: 46cbccf6-8abf-4dc0-9606-2ec792ae2ced{ip: 192.168.157.209, host: trunk-nightly-fxmrv-2540794721, networkLocation: /default-rack, certSerialId: null}5a30284b-95a7-4750-9a97-25838f7cc2d2{ip: 192.168.157.209, host: trunk-nightly-fxmrv-2540794721, networkLocation: /default-rack, certSerialId: null}4ddaf116-ef27-4abd-8bd4-7af3c402b258{ip: 192.168.157.209, host: trunk-nightly-fxmrv-2540794721, networkLocation: /default-rack, certSerialId: null}, Type:RATIS, Factor:THREE, State:CLOSED]
2019-07-14 11:08:00,586 INFO  ozoneimpl.OzoneContainer (OzoneContainer.java:stop(199)) - Attempting to stop container services.
2019-07-14 11:08:00,587 INFO  impl.RaftServerProxy (RaftServerProxy.java:lambda$close$4(314)) - 5971a380-3faa-4fbf-9d4e-fbebc277ff56: close
2019-07-14 11:08:00,588 INFO  impl.RaftServerImpl (RaftServerImpl.java:lambda$shutdown$3(245)) - 5971a380-3faa-4fbf-9d4e-fbebc277ff56: shutdown group-02760DB56A26
2019-07-14 11:08:00,588 INFO  util.JmxRegister (JmxRegister.java:unregister(73)) - Successfully un-registered JMX Bean with object name Ratis:service=RaftServer,group=group-02760DB56A26,id=5971a380-3faa-4fbf-9d4e-fbebc277ff56
2019-07-14 11:08:00,588 INFO  impl.RoleInfo (RoleInfo.java:shutdownLeaderState(104)) - 5971a380-3faa-4fbf-9d4e-fbebc277ff56: shutdown LeaderState
2019-07-14 11:08:00,589 INFO  impl.PendingRequests (PendingRequests.java:sendNotLeaderResponses(202)) - 5971a380-3faa-4fbf-9d4e-fbebc277ff56-PendingRequests: sendNotLeaderResponses
2019-07-14 11:08:00,589 INFO  impl.StateMachineUpdater (StateMachineUpdater.java:stopAndJoin(115)) - StateMachineUpdater:5971a380-3faa-4fbf-9d4e-fbebc277ff56:group-02760DB56A26: set stopIndex = 0
2019-07-14 11:08:00,590 INFO  impl.RaftServerImpl (ServerState.java:close(394)) - 5971a380-3faa-4fbf-9d4e-fbebc277ff56:group-02760DB56A26 closes. The last applied log index is 0
2019-07-14 11:08:00,591 INFO  segmented.SegmentedRaftLogWorker (SegmentedRaftLogWorker.java:run(313)) - 5971a380-3faa-4fbf-9d4e-fbebc277ff56-SegmentedRaftLogWorker:Storage Directory /workdir/hadoop-ozone/integration-test/target/test-dir/MiniOzoneClusterImpl-e441f628-3055-4976-9f22-cf1ee574003e/datanode-3/data/ratis/4fc77f00-c313-44f7-a85d-02760db56a26 was interrupted, exiting. There are 0 tasks remaining in the queue.
2019-07-14 11:08:00,594 INFO  segmented.SegmentedRaftLogWorker (SegmentedRaftLogWorker.java:close(228)) - 5971a380-3faa-4fbf-9d4e-fbebc277ff56-SegmentedRaftLogWorker:Storage Directory /workdir/hadoop-ozone/integration-test/target/test-dir/MiniOzoneClusterImpl-e441f628-3055-4976-9f22-cf1ee574003e/datanode-3/data/ratis/4fc77f00-c313-44f7-a85d-02760db56a26 close()
2019-07-14 11:08:00,598 INFO  impl.RaftServerImpl (RaftServerImpl.java:lambda$shutdown$3(245)) - 5971a380-3faa-4fbf-9d4e-fbebc277ff56: shutdown group-A488590EDA1C
2019-07-14 11:08:00,599 INFO  ozoneimpl.OzoneContainer (OzoneContainer.java:stop(199)) - Attempting to stop container services.
2019-07-14 11:08:00,599 INFO  util.JmxRegister (JmxRegister.java:unregister(73)) - Successfully un-registered JMX Bean with object name Ratis:service=RaftServer,group=group-A488590EDA1C,id=5971a380-3faa-4fbf-9d4e-fbebc277ff56
2019-07-14 11:08:00,599 INFO  impl.RaftServerProxy (RaftServerProxy.java:lambda$close$4(314)) - 4ddaf116-ef27-4abd-8bd4-7af3c402b258: close
2019-07-14 11:08:00,600 INFO  impl.RoleInfo (RoleInfo.java:shutdownLeaderState(104)) - 5971a380-3faa-4fbf-9d4e-fbebc277ff56: shutdown LeaderState
2019-07-14 11:08:00,600 INFO  impl.RaftServerImpl (RaftServerImpl.java:lambda$shutdown$3(245)) - 4ddaf116-ef27-4abd-8bd4-7af3c402b258: shutdown group-43BB8C3E65A4
2019-07-14 11:08:00,604 WARN  server.GrpcLogAppender (GrpcLogAppender.java:mayWait(143)) - GrpcLogAppender(5971a380-3faa-4fbf-9d4e-fbebc277ff56->007896fc-8c18-4e3c-bcdc-868b62719fd3): Wait interrupted by java.lang.InterruptedException
2019-07-14 11:08:00,604 WARN  server.GrpcLogAppender (GrpcLogAppender.java:mayWait(143)) - GrpcLogAppender(5971a380-3faa-4fbf-9d4e-fbebc277ff56->934adac8-c3af-43b3-8b4c-a41ff868ac75): Wait interrupted by java.lang.InterruptedException
2019-07-14 11:08:00,604 INFO  impl.PendingRequests (PendingRequests.java:sendNotLeaderResponses(202)) - 5971a380-3faa-4fbf-9d4e-fbebc277ff56-PendingRequests: sendNotLeaderResponses
2019-07-14 11:08:00,605 INFO  server.GrpcServerProtocolService (GrpcServerProtocolService.java:onCompleted(104)) - 007896fc-8c18-4e3c-bcdc-868b62719fd3: appendEntries completed
2019-07-14 11:08:00,609 INFO  impl.StateMachineUpdater (StateMachineUpdater.java:stopAndJoin(115)) - StateMachineUpdater:5971a380-3faa-4fbf-9d4e-fbebc277ff56:group-A488590EDA1C: set stopIndex = 2
2019-07-14 11:08:00,609 INFO  impl.RaftServerImpl (ServerState.java:close(394)) - 5971a380-3faa-4fbf-9d4e-fbebc277ff56:group-A488590EDA1C closes. The last applied log index is 2
2019-07-14 11:08:00,604 INFO  util.JmxRegister (JmxRegister.java:unregister(73)) - Successfully un-registered JMX Bean with object name Ratis:service=RaftServer,group=group-43BB8C3E65A4,id=4ddaf116-ef27-4abd-8bd4-7af3c402b258
2019-07-14 11:08:00,610 INFO  segmented.SegmentedRaftLogWorker (SegmentedRaftLogWorker.java:run(313)) - 5971a380-3faa-4fbf-9d4e-fbebc277ff56-SegmentedRaftLogWorker:Storage Directory /workdir/hadoop-ozone/integration-test/target/test-dir/MiniOzoneClusterImpl-e441f628-3055-4976-9f22-cf1ee574003e/datanode-3/data/ratis/2bdb29bd-a467-4566-9061-a488590eda1c was interrupted, exiting. There are 0 tasks remaining in the queue.
2019-07-14 11:08:00,609 INFO  server.GrpcLogAppender (GrpcLogAppender.java:onCompleted(292)) - 5971a380-3faa-4fbf-9d4e-fbebc277ff56->007896fc-8c18-4e3c-bcdc-868b62719fd3: follower responses appendEntries COMPLETED
2019-07-14 11:08:00,612 INFO  segmented.SegmentedRaftLogWorker (SegmentedRaftLogWorker.java:close(228)) - 5971a380-3faa-4fbf-9d4e-fbebc277ff56-SegmentedRaftLogWorker:Storage Directory /workdir/hadoop-ozone/integration-test/target/test-dir/MiniOzoneClusterImpl-e441f628-3055-4976-9f22-cf1ee574003e/datanode-3/data/ratis/2bdb29bd-a467-4566-9061-a488590eda1c close()
2019-07-14 11:08:00,610 INFO  impl.RoleInfo (RoleInfo.java:shutdownLeaderState(104)) - 4ddaf116-ef27-4abd-8bd4-7af3c402b258: shutdown LeaderState
2019-07-14 11:08:00,616 INFO  server.GrpcService (GrpcService.java:closeImpl(155)) - 5971a380-3faa-4fbf-9d4e-fbebc277ff56: shutdown server with port 36605 now
2019-07-14 11:08:00,613 INFO  impl.FollowerInfo (FollowerInfo.java:lambda$new$0(50)) - 5971a380-3faa-4fbf-9d4e-fbebc277ff56->007896fc-8c18-4e3c-bcdc-868b62719fd3: nextIndex: updateUnconditionally 3 -> 2
2019-07-14 11:08:00,617 INFO  server.GrpcService (GrpcService.java:closeImpl(163)) - 5971a380-3faa-4fbf-9d4e-fbebc277ff56: shutdown server with port 36605 successfully
2019-07-14 11:08:00,617 INFO  impl.PendingRequests (PendingRequests.java:sendNotLeaderResponses(202)) - 4ddaf116-ef27-4abd-8bd4-7af3c402b258-PendingRequests: sendNotLeaderResponses
2019-07-14 11:08:00,618 INFO  impl.StateMachineUpdater (StateMachineUpdater.java:stopAndJoin(115)) - StateMachineUpdater:4ddaf116-ef27-4abd-8bd4-7af3c402b258:group-43BB8C3E65A4: set stopIndex = 0
2019-07-14 11:08:00,618 INFO  impl.RaftServerImpl (ServerState.java:close(394)) - 4ddaf116-ef27-4abd-8bd4-7af3c402b258:group-43BB8C3E65A4 closes. The last applied log index is 0
2019-07-14 11:08:00,619 INFO  utils.BackgroundService (BackgroundService.java:shutdown(148)) - Shutting down service BlockDeletingService
2019-07-14 11:08:00,619 INFO  segmented.SegmentedRaftLogWorker (SegmentedRaftLogWorker.java:run(313)) - 4ddaf116-ef27-4abd-8bd4-7af3c402b258-SegmentedRaftLogWorker:Storage Directory /workdir/hadoop-ozone/integration-test/target/test-dir/MiniOzoneClusterImpl-e441f628-3055-4976-9f22-cf1ee574003e/datanode-2/data/ratis/12ecef54-c1dc-4333-bbd1-43bb8c3e65a4 was interrupted, exiting. There are 0 tasks remaining in the queue.
2019-07-14 11:08:00,621 INFO  segmented.SegmentedRaftLogWorker (SegmentedRaftLogWorker.java:close(228)) - 4ddaf116-ef27-4abd-8bd4-7af3c402b258-SegmentedRaftLogWorker:Storage Directory /workdir/hadoop-ozone/integration-test/target/test-dir/MiniOzoneClusterImpl-e441f628-3055-4976-9f22-cf1ee574003e/datanode-2/data/ratis/12ecef54-c1dc-4333-bbd1-43bb8c3e65a4 close()
2019-07-14 11:08:00,633 INFO  impl.RaftServerImpl (RaftServerImpl.java:lambda$shutdown$3(245)) - 4ddaf116-ef27-4abd-8bd4-7af3c402b258: shutdown group-28E90B558652
2019-07-14 11:08:00,634 INFO  util.JmxRegister (JmxRegister.java:unregister(73)) - Successfully un-registered JMX Bean with object name Ratis:service=RaftServer,group=group-28E90B558652,id=4ddaf116-ef27-4abd-8bd4-7af3c402b258
2019-07-14 11:08:00,634 WARN  fs.CachingGetSpaceUsed (CachingGetSpaceUsed.java:run(183)) - Thread Interrupted waiting to refresh disk information: sleep interrupted
2019-07-14 11:08:00,634 INFO  impl.RoleInfo (RoleInfo.java:shutdownFollowerState(121)) - 4ddaf116-ef27-4abd-8bd4-7af3c402b258: shutdown FollowerState
2019-07-14 11:08:00,635 INFO  impl.StateMachineUpdater (StateMachineUpdater.java:stopAndJoin(115)) - StateMachineUpdater:4ddaf116-ef27-4abd-8bd4-7af3c402b258:group-28E90B558652: set stopIndex = 16
2019-07-14 11:08:00,635 INFO  ratis.ContainerStateMachine (ContainerStateMachine.java:takeSnapshot(249)) - group-28E90B558652: Taking a snapshot at:(t:1, i:15) file /workdir/hadoop-ozone/integration-test/target/test-dir/MiniOzoneClusterImpl-e441f628-3055-4976-9f22-cf1ee574003e/datanode-2/data/ratis/981b15f6-c00a-4278-93ed-28e90b558652/sm/snapshot.1_15
2019-07-14 11:08:00,635 INFO  impl.FollowerState (FollowerState.java:run(114)) - 4ddaf116-ef27-4abd-8bd4-7af3c402b258: FollowerState was interrupted: java.lang.InterruptedException: sleep interrupted
2019-07-14 11:08:00,639 INFO  ratis.ContainerStateMachine (ContainerStateMachine.java:takeSnapshot(257)) - group-28E90B558652: Finished taking a snapshot at:(t:1, i:15) file:/workdir/hadoop-ozone/integration-test/target/test-dir/MiniOzoneClusterImpl-e441f628-3055-4976-9f22-cf1ee574003e/datanode-2/data/ratis/981b15f6-c00a-4278-93ed-28e90b558652/sm/snapshot.1_15 time:5
2019-07-14 11:08:00,639 INFO  impl.StateMachineUpdater (StateMachineUpdater.java:takeSnapshot(242)) - StateMachineUpdater:4ddaf116-ef27-4abd-8bd4-7af3c402b258:group-28E90B558652: Took a snapshot at index 15
2019-07-14 11:08:00,639 INFO  impl.StateMachineUpdater (StateMachineUpdater.java:lambda$new$0(80)) - StateMachineUpdater:4ddaf116-ef27-4abd-8bd4-7af3c402b258:group-28E90B558652: snapshotIndex: updateIncreasingly -1 -> 15
2019-07-14 11:08:00,640 INFO  impl.RaftServerImpl (ServerState.java:close(394)) - 4ddaf116-ef27-4abd-8bd4-7af3c402b258:group-28E90B558652 closes. The last applied log index is 16
2019-07-14 11:08:00,640 INFO  segmented.SegmentedRaftLogWorker (SegmentedRaftLogWorker.java:run(313)) - 4ddaf116-ef27-4abd-8bd4-7af3c402b258-SegmentedRaftLogWorker:Storage Directory /workdir/hadoop-ozone/integration-test/target/test-dir/MiniOzoneClusterImpl-e441f628-3055-4976-9f22-cf1ee574003e/datanode-2/data/ratis/981b15f6-c00a-4278-93ed-28e90b558652 was interrupted, exiting. There are 0 tasks remaining in the queue.
2019-07-14 11:08:00,642 INFO  segmented.SegmentedRaftLogWorker (SegmentedRaftLogWorker.java:close(228)) - 4ddaf116-ef27-4abd-8bd4-7af3c402b258-SegmentedRaftLogWorker:Storage Directory /workdir/hadoop-ozone/integration-test/target/test-dir/MiniOzoneClusterImpl-e441f628-3055-4976-9f22-cf1ee574003e/datanode-2/data/ratis/981b15f6-c00a-4278-93ed-28e90b558652 close()
2019-07-14 11:08:00,644 INFO  server.GrpcService (GrpcService.java:closeImpl(155)) - 4ddaf116-ef27-4abd-8bd4-7af3c402b258: shutdown server with port 39868 now
2019-07-14 11:08:00,645 WARN  server.GrpcServerProtocolService (LogUtils.java:warn(134)) - 4ddaf116-ef27-4abd-8bd4-7af3c402b258: appendEntries onError: org.apache.ratis.thirdparty.io.grpc.StatusRuntimeException: CANCELLED: cancelled before receiving half close
2019-07-14 11:08:00,645 INFO  server.GrpcService (GrpcService.java:closeImpl(163)) - 4ddaf116-ef27-4abd-8bd4-7af3c402b258: shutdown server with port 39868 successfully
2019-07-14 11:08:00,646 WARN  server.GrpcLogAppender (LogUtils.java:warn(134)) - 46cbccf6-8abf-4dc0-9606-2ec792ae2ced->4ddaf116-ef27-4abd-8bd4-7af3c402b258: Failed appendEntries: org.apache.ratis.thirdparty.io.grpc.StatusRuntimeException: CANCELLED: HTTP/2 error code: CANCEL
Received Rst Stream
2019-07-14 11:08:00,646 INFO  impl.FollowerInfo (FollowerInfo.java:lambda$new$0(50)) - 46cbccf6-8abf-4dc0-9606-2ec792ae2ced->4ddaf116-ef27-4abd-8bd4-7af3c402b258: nextIndex: updateUnconditionally 17 -> 16
2019-07-14 11:08:00,647 INFO  utils.BackgroundService (BackgroundService.java:shutdown(148)) - Shutting down service BlockDeletingService
2019-07-14 11:08:00,648 WARN  fs.CachingGetSpaceUsed (CachingGetSpaceUsed.java:run(183)) - Thread Interrupted waiting to refresh disk information: sleep interrupted
2019-07-14 11:08:00,670 INFO  statemachine.DatanodeStateMachine (DatanodeStateMachine.java:stopDaemon(395)) - Ozone container server stopped.
2019-07-14 11:08:00,680 INFO  statemachine.DatanodeStateMachine (DatanodeStateMachine.java:stopDaemon(395)) - Ozone container server stopped.
2019-07-14 11:08:00,684 INFO  handler.ContextHandler (ContextHandler.java:doStop(910)) - Stopped o.e.j.w.WebAppContext@30130a31{/,null,UNAVAILABLE}{/hddsDatanode}
2019-07-14 11:08:00,686 INFO  handler.ContextHandler (ContextHandler.java:doStop(910)) - Stopped o.e.j.w.WebAppContext@74940388{/,null,UNAVAILABLE}{/hddsDatanode}
2019-07-14 11:08:00,686 INFO  server.AbstractConnector (AbstractConnector.java:doStop(318)) - Stopped ServerConnector@5aa0d535{HTTP/1.1,[http/1.1]}{0.0.0.0:0}
2019-07-14 11:08:00,686 INFO  server.AbstractConnector (AbstractConnector.java:doStop(318)) - Stopped ServerConnector@1a2d9177{HTTP/1.1,[http/1.1]}{0.0.0.0:0}
2019-07-14 11:08:00,687 INFO  handler.ContextHandler (ContextHandler.java:doStop(910)) - Stopped o.e.j.s.ServletContextHandler@66851c18{/static,jar:file:/home/user/.m2/repository/org/apache/hadoop/hadoop-hdds-container-service/0.5.0-SNAPSHOT/hadoop-hdds-container-service-0.5.0-SNAPSHOT.jar!/webapps/static,UNAVAILABLE}
2019-07-14 11:08:00,689 INFO  handler.ContextHandler (ContextHandler.java:doStop(910)) - Stopped o.e.j.s.ServletContextHandler@5cb4e255{/static,jar:file:/home/user/.m2/repository/org/apache/hadoop/hadoop-hdds-container-service/0.5.0-SNAPSHOT/hadoop-hdds-container-service-0.5.0-SNAPSHOT.jar!/webapps/static,UNAVAILABLE}
2019-07-14 11:08:00,689 INFO  handler.ContextHandler (ContextHandler.java:doStop(910)) - Stopped o.e.j.s.ServletContextHandler@75a0e0c2{/logs,file:///workdir/hadoop-ozone/integration-test/target/log,UNAVAILABLE}
2019-07-14 11:08:00,691 INFO  handler.ContextHandler (ContextHandler.java:doStop(910)) - Stopped o.e.j.s.ServletContextHandler@7db57566{/logs,file:///workdir/hadoop-ozone/integration-test/target/log,UNAVAILABLE}
2019-07-14 11:08:00,692 INFO  datanode.ObjectStoreHandler (ObjectStoreHandler.java:close(155)) - Closing ObjectStoreHandler.
2019-07-14 11:08:00,692 INFO  datanode.ObjectStoreHandler (ObjectStoreHandler.java:close(155)) - Closing ObjectStoreHandler.
2019-07-14 11:08:00,692 INFO  ozone.HddsDatanodeService (HddsDatanodeService.java:stop(452)) - Stopped plug-in org.apache.hadoop.ozone.web.OzoneHddsDatanodeService@40f40221
2019-07-14 11:08:00,692 INFO  ozone.HddsDatanodeService (HddsDatanodeService.java:stop(452)) - Stopped plug-in org.apache.hadoop.ozone.web.OzoneHddsDatanodeService@14c06f50
2019-07-14 11:08:01,379 INFO  statemachine.DatanodeStateMachine (DatanodeStateMachine.java:lambda$startDaemon$0(350)) - Ozone container server started.
2019-07-14 11:08:01,424 INFO  statemachine.DatanodeStateMachine (DatanodeStateMachine.java:lambda$startDaemon$0(350)) - Ozone container server started.
2019-07-14 11:08:02,407 WARN  server.GrpcLogAppender (LogUtils.java:warn(134)) - 46cbccf6-8abf-4dc0-9606-2ec792ae2ced->5a30284b-95a7-4750-9a97-25838f7cc2d2: Failed appendEntries: org.apache.ratis.thirdparty.io.grpc.StatusRuntimeException: UNAVAILABLE: io exception
2019-07-14 11:08:02,407 INFO  impl.FollowerInfo (FollowerInfo.java:lambda$new$0(50)) - 46cbccf6-8abf-4dc0-9606-2ec792ae2ced->5a30284b-95a7-4750-9a97-25838f7cc2d2: nextIndex: updateUnconditionally 13 -> 12
2019-07-14 11:08:02,408 WARN  server.GrpcLogAppender (LogUtils.java:warn(134)) - 46cbccf6-8abf-4dc0-9606-2ec792ae2ced->4ddaf116-ef27-4abd-8bd4-7af3c402b258: Failed appendEntries: org.apache.ratis.thirdparty.io.grpc.StatusRuntimeException: UNAVAILABLE: io exception
2019-07-14 11:08:02,408 INFO  impl.FollowerInfo (FollowerInfo.java:lambda$new$0(50)) - 46cbccf6-8abf-4dc0-9606-2ec792ae2ced->4ddaf116-ef27-4abd-8bd4-7af3c402b258: nextIndex: updateUnconditionally 16 -> 15
2019-07-14 11:08:04,908 WARN  server.GrpcLogAppender (LogUtils.java:warn(134)) - 46cbccf6-8abf-4dc0-9606-2ec792ae2ced->5a30284b-95a7-4750-9a97-25838f7cc2d2: Failed appendEntries: org.apache.ratis.thirdparty.io.grpc.StatusRuntimeException: UNAVAILABLE: io exception
2019-07-14 11:08:04,908 INFO  impl.FollowerInfo (FollowerInfo.java:lambda$new$0(50)) - 46cbccf6-8abf-4dc0-9606-2ec792ae2ced->5a30284b-95a7-4750-9a97-25838f7cc2d2: nextIndex: updateUnconditionally 12 -> 11
2019-07-14 11:08:04,908 WARN  server.GrpcLogAppender (LogUtils.java:warn(134)) - 46cbccf6-8abf-4dc0-9606-2ec792ae2ced->4ddaf116-ef27-4abd-8bd4-7af3c402b258: Failed appendEntries: org.apache.ratis.thirdparty.io.grpc.StatusRuntimeException: UNAVAILABLE: io exception
2019-07-14 11:08:04,909 INFO  impl.FollowerInfo (FollowerInfo.java:lambda$new$0(50)) - 46cbccf6-8abf-4dc0-9606-2ec792ae2ced->4ddaf116-ef27-4abd-8bd4-7af3c402b258: nextIndex: updateUnconditionally 15 -> 14
2019-07-14 11:08:05,459 INFO  node.StaleNodeHandler (StaleNodeHandler.java:onMessage(58)) - Datanode 46cbccf6-8abf-4dc0-9606-2ec792ae2ced{ip: 192.168.157.209, host: trunk-nightly-fxmrv-2540794721, networkLocation: /default-rack, certSerialId: null} moved to stale state. Finalizing its pipelines [PipelineID=eac0714d-5d50-4492-a69a-98510ea2fa77, PipelineID=981b15f6-c00a-4278-93ed-28e90b558652]
2019-07-14 11:08:05,460 INFO  pipeline.SCMPipelineManager (SCMPipelineManager.java:finalizeAndDestroyPipeline(309)) - destroying pipeline:Pipeline[ Id: eac0714d-5d50-4492-a69a-98510ea2fa77, Nodes: 46cbccf6-8abf-4dc0-9606-2ec792ae2ced{ip: 192.168.157.209, host: trunk-nightly-fxmrv-2540794721, networkLocation: /default-rack, certSerialId: null}, Type:RATIS, Factor:ONE, State:OPEN]
2019-07-14 11:08:05,460 INFO  pipeline.PipelineStateManager (PipelineStateManager.java:finalizePipeline(123)) - Pipeline Pipeline[ Id: eac0714d-5d50-4492-a69a-98510ea2fa77, Nodes: 46cbccf6-8abf-4dc0-9606-2ec792ae2ced{ip: 192.168.157.209, host: trunk-nightly-fxmrv-2540794721, networkLocation: /default-rack, certSerialId: null}, Type:RATIS, Factor:ONE, State:CLOSED] moved to CLOSED state
2019-07-14 11:08:05,460 INFO  pipeline.SCMPipelineManager (SCMPipelineManager.java:finalizeAndDestroyPipeline(309)) - destroying pipeline:Pipeline[ Id: 981b15f6-c00a-4278-93ed-28e90b558652, Nodes: 46cbccf6-8abf-4dc0-9606-2ec792ae2ced{ip: 192.168.157.209, host: trunk-nightly-fxmrv-2540794721, networkLocation: /default-rack, certSerialId: null}5a30284b-95a7-4750-9a97-25838f7cc2d2{ip: 192.168.157.209, host: trunk-nightly-fxmrv-2540794721, networkLocation: /default-rack, certSerialId: null}4ddaf116-ef27-4abd-8bd4-7af3c402b258{ip: 192.168.157.209, host: trunk-nightly-fxmrv-2540794721, networkLocation: /default-rack, certSerialId: null}, Type:RATIS, Factor:THREE, State:CLOSED]
2019-07-14 11:08:05,460 INFO  node.StaleNodeHandler (StaleNodeHandler.java:onMessage(58)) - Datanode 8ef554fb-ac1b-43ef-bb0d-dc59425b58f1{ip: 192.168.157.209, host: trunk-nightly-fxmrv-2540794721, networkLocation: /default-rack, certSerialId: null} moved to stale state. Finalizing its pipelines [PipelineID=fd780dfd-9170-4b92-9bc1-b4dcb0c2eb0d]
2019-07-14 11:08:05,461 INFO  pipeline.SCMPipelineManager (SCMPipelineManager.java:finalizeAndDestroyPipeline(309)) - destroying pipeline:Pipeline[ Id: fd780dfd-9170-4b92-9bc1-b4dcb0c2eb0d, Nodes: 8ef554fb-ac1b-43ef-bb0d-dc59425b58f1{ip: 192.168.157.209, host: trunk-nightly-fxmrv-2540794721, networkLocation: /default-rack, certSerialId: null}, Type:RATIS, Factor:ONE, State:OPEN]
2019-07-14 11:08:05,461 INFO  pipeline.PipelineStateManager (PipelineStateManager.java:finalizePipeline(123)) - Pipeline Pipeline[ Id: fd780dfd-9170-4b92-9bc1-b4dcb0c2eb0d, Nodes: 8ef554fb-ac1b-43ef-bb0d-dc59425b58f1{ip: 192.168.157.209, host: trunk-nightly-fxmrv-2540794721, networkLocation: /default-rack, certSerialId: null}, Type:RATIS, Factor:ONE, State:CLOSED] moved to CLOSED state
2019-07-14 11:08:05,693 INFO  ozoneimpl.OzoneContainer (OzoneContainer.java:stop(199)) - Attempting to stop container services.
2019-07-14 11:08:05,693 INFO  ozoneimpl.OzoneContainer (OzoneContainer.java:stop(199)) - Attempting to stop container services.
2019-07-14 11:08:05,694 INFO  impl.RaftServerProxy (RaftServerProxy.java:lambda$close$4(314)) - 8ef554fb-ac1b-43ef-bb0d-dc59425b58f1: close
2019-07-14 11:08:05,694 INFO  impl.RaftServerProxy (RaftServerProxy.java:lambda$close$4(314)) - 46cbccf6-8abf-4dc0-9606-2ec792ae2ced: close
2019-07-14 11:08:05,694 INFO  impl.RaftServerImpl (RaftServerImpl.java:lambda$shutdown$3(245)) - 8ef554fb-ac1b-43ef-bb0d-dc59425b58f1: shutdown group-B4DCB0C2EB0D
2019-07-14 11:08:05,695 INFO  impl.RaftServerImpl (RaftServerImpl.java:lambda$shutdown$3(245)) - 46cbccf6-8abf-4dc0-9606-2ec792ae2ced: shutdown group-98510EA2FA77
2019-07-14 11:08:05,695 INFO  util.JmxRegister (JmxRegister.java:unregister(73)) - Successfully un-registered JMX Bean with object name Ratis:service=RaftServer,group=group-B4DCB0C2EB0D,id=8ef554fb-ac1b-43ef-bb0d-dc59425b58f1
2019-07-14 11:08:05,696 INFO  impl.RoleInfo (RoleInfo.java:shutdownLeaderState(104)) - 8ef554fb-ac1b-43ef-bb0d-dc59425b58f1: shutdown LeaderState
2019-07-14 11:08:05,695 INFO  util.JmxRegister (JmxRegister.java:unregister(73)) - Successfully un-registered JMX Bean with object name Ratis:service=RaftServer,group=group-98510EA2FA77,id=46cbccf6-8abf-4dc0-9606-2ec792ae2ced
2019-07-14 11:08:05,696 INFO  impl.PendingRequests (PendingRequests.java:sendNotLeaderResponses(202)) - 8ef554fb-ac1b-43ef-bb0d-dc59425b58f1-PendingRequests: sendNotLeaderResponses
2019-07-14 11:08:05,696 INFO  impl.RoleInfo (RoleInfo.java:shutdownLeaderState(104)) - 46cbccf6-8abf-4dc0-9606-2ec792ae2ced: shutdown LeaderState
2019-07-14 11:08:05,697 INFO  impl.StateMachineUpdater (StateMachineUpdater.java:stopAndJoin(115)) - StateMachineUpdater:8ef554fb-ac1b-43ef-bb0d-dc59425b58f1:group-B4DCB0C2EB0D: set stopIndex = 0
2019-07-14 11:08:05,697 INFO  impl.PendingRequests (PendingRequests.java:sendNotLeaderResponses(202)) - 46cbccf6-8abf-4dc0-9606-2ec792ae2ced-PendingRequests: sendNotLeaderResponses
2019-07-14 11:08:05,698 INFO  impl.RaftServerImpl (ServerState.java:close(394)) - 8ef554fb-ac1b-43ef-bb0d-dc59425b58f1:group-B4DCB0C2EB0D closes. The last applied log index is 0
2019-07-14 11:08:05,698 INFO  impl.StateMachineUpdater (StateMachineUpdater.java:stopAndJoin(115)) - StateMachineUpdater:46cbccf6-8abf-4dc0-9606-2ec792ae2ced:group-98510EA2FA77: set stopIndex = 0
2019-07-14 11:08:05,698 INFO  segmented.SegmentedRaftLogWorker (SegmentedRaftLogWorker.java:run(313)) - 8ef554fb-ac1b-43ef-bb0d-dc59425b58f1-SegmentedRaftLogWorker:Storage Directory /workdir/hadoop-ozone/integration-test/target/test-dir/MiniOzoneClusterImpl-e441f628-3055-4976-9f22-cf1ee574003e/datanode-6/data/ratis/fd780dfd-9170-4b92-9bc1-b4dcb0c2eb0d was interrupted, exiting. There are 0 tasks remaining in the queue.
2019-07-14 11:08:05,699 INFO  impl.RaftServerImpl (ServerState.java:close(394)) - 46cbccf6-8abf-4dc0-9606-2ec792ae2ced:group-98510EA2FA77 closes. The last applied log index is 0
2019-07-14 11:08:05,702 INFO  segmented.SegmentedRaftLogWorker (SegmentedRaftLogWorker.java:close(228)) - 8ef554fb-ac1b-43ef-bb0d-dc59425b58f1-SegmentedRaftLogWorker:Storage Directory /workdir/hadoop-ozone/integration-test/target/test-dir/MiniOzoneClusterImpl-e441f628-3055-4976-9f22-cf1ee574003e/datanode-6/data/ratis/fd780dfd-9170-4b92-9bc1-b4dcb0c2eb0d close()
2019-07-14 11:08:05,702 INFO  segmented.SegmentedRaftLogWorker (SegmentedRaftLogWorker.java:run(313)) - 46cbccf6-8abf-4dc0-9606-2ec792ae2ced-SegmentedRaftLogWorker:Storage Directory /workdir/hadoop-ozone/integration-test/target/test-dir/MiniOzoneClusterImpl-e441f628-3055-4976-9f22-cf1ee574003e/datanode-0/data/ratis/eac0714d-5d50-4492-a69a-98510ea2fa77 was interrupted, exiting. There are 0 tasks remaining in the queue.
2019-07-14 11:08:05,704 INFO  server.GrpcService (GrpcService.java:closeImpl(155)) - 8ef554fb-ac1b-43ef-bb0d-dc59425b58f1: shutdown server with port 44065 now
2019-07-14 11:08:05,706 INFO  segmented.SegmentedRaftLogWorker (SegmentedRaftLogWorker.java:close(228)) - 46cbccf6-8abf-4dc0-9606-2ec792ae2ced-SegmentedRaftLogWorker:Storage Directory /workdir/hadoop-ozone/integration-test/target/test-dir/MiniOzoneClusterImpl-e441f628-3055-4976-9f22-cf1ee574003e/datanode-0/data/ratis/eac0714d-5d50-4492-a69a-98510ea2fa77 close()
2019-07-14 11:08:05,708 INFO  server.GrpcService (GrpcService.java:closeImpl(163)) - 8ef554fb-ac1b-43ef-bb0d-dc59425b58f1: shutdown server with port 44065 successfully
2019-07-14 11:08:05,710 INFO  impl.RaftServerImpl (RaftServerImpl.java:lambda$shutdown$3(245)) - 46cbccf6-8abf-4dc0-9606-2ec792ae2ced: shutdown group-28E90B558652
2019-07-14 11:08:05,710 INFO  util.JmxRegister (JmxRegister.java:unregister(73)) - Successfully un-registered JMX Bean with object name Ratis:service=RaftServer,group=group-28E90B558652,id=46cbccf6-8abf-4dc0-9606-2ec792ae2ced
2019-07-14 11:08:05,711 INFO  impl.RoleInfo (RoleInfo.java:shutdownLeaderState(104)) - 46cbccf6-8abf-4dc0-9606-2ec792ae2ced: shutdown LeaderState
2019-07-14 11:08:05,711 INFO  utils.BackgroundService (BackgroundService.java:shutdown(148)) - Shutting down service BlockDeletingService
2019-07-14 11:08:05,715 WARN  server.GrpcLogAppender (GrpcLogAppender.java:mayWait(143)) - GrpcLogAppender(46cbccf6-8abf-4dc0-9606-2ec792ae2ced->5a30284b-95a7-4750-9a97-25838f7cc2d2): Wait interrupted by java.lang.InterruptedException
2019-07-14 11:08:05,715 WARN  server.GrpcLogAppender (GrpcLogAppender.java:mayWait(143)) - GrpcLogAppender(46cbccf6-8abf-4dc0-9606-2ec792ae2ced->4ddaf116-ef27-4abd-8bd4-7af3c402b258): Wait interrupted by java.lang.InterruptedException
2019-07-14 11:08:05,714 INFO  impl.PendingRequests (PendingRequests.java:sendNotLeaderResponses(202)) - 46cbccf6-8abf-4dc0-9606-2ec792ae2ced-PendingRequests: sendNotLeaderResponses
2019-07-14 11:08:05,719 INFO  impl.StateMachineUpdater (StateMachineUpdater.java:stopAndJoin(115)) - StateMachineUpdater:46cbccf6-8abf-4dc0-9606-2ec792ae2ced:group-28E90B558652: set stopIndex = 16
2019-07-14 11:08:05,719 WARN  fs.CachingGetSpaceUsed (CachingGetSpaceUsed.java:run(183)) - Thread Interrupted waiting to refresh disk information: sleep interrupted
2019-07-14 11:08:05,719 INFO  ratis.ContainerStateMachine (ContainerStateMachine.java:takeSnapshot(249)) - group-28E90B558652: Taking a snapshot at:(t:1, i:16) file /workdir/hadoop-ozone/integration-test/target/test-dir/MiniOzoneClusterImpl-e441f628-3055-4976-9f22-cf1ee574003e/datanode-0/data/ratis/981b15f6-c00a-4278-93ed-28e90b558652/sm/snapshot.1_16
2019-07-14 11:08:05,720 INFO  ratis.ContainerStateMachine (ContainerStateMachine.java:takeSnapshot(257)) - group-28E90B558652: Finished taking a snapshot at:(t:1, i:16) file:/workdir/hadoop-ozone/integration-test/target/test-dir/MiniOzoneClusterImpl-e441f628-3055-4976-9f22-cf1ee574003e/datanode-0/data/ratis/981b15f6-c00a-4278-93ed-28e90b558652/sm/snapshot.1_16 time:1
2019-07-14 11:08:05,720 INFO  impl.StateMachineUpdater (StateMachineUpdater.java:takeSnapshot(242)) - StateMachineUpdater:46cbccf6-8abf-4dc0-9606-2ec792ae2ced:group-28E90B558652: Took a snapshot at index 16
2019-07-14 11:08:05,720 INFO  impl.StateMachineUpdater (StateMachineUpdater.java:lambda$new$0(80)) - StateMachineUpdater:46cbccf6-8abf-4dc0-9606-2ec792ae2ced:group-28E90B558652: snapshotIndex: updateIncreasingly -1 -> 16
2019-07-14 11:08:05,721 INFO  impl.RaftServerImpl (ServerState.java:close(394)) - 46cbccf6-8abf-4dc0-9606-2ec792ae2ced:group-28E90B558652 closes. The last applied log index is 16
2019-07-14 11:08:05,721 INFO  segmented.SegmentedRaftLogWorker (SegmentedRaftLogWorker.java:run(313)) - 46cbccf6-8abf-4dc0-9606-2ec792ae2ced-SegmentedRaftLogWorker:Storage Directory /workdir/hadoop-ozone/integration-test/target/test-dir/MiniOzoneClusterImpl-e441f628-3055-4976-9f22-cf1ee574003e/datanode-0/data/ratis/981b15f6-c00a-4278-93ed-28e90b558652 was interrupted, exiting. There are 0 tasks remaining in the queue.
2019-07-14 11:08:05,723 INFO  segmented.SegmentedRaftLogWorker (SegmentedRaftLogWorker.java:close(228)) - 46cbccf6-8abf-4dc0-9606-2ec792ae2ced-SegmentedRaftLogWorker:Storage Directory /workdir/hadoop-ozone/integration-test/target/test-dir/MiniOzoneClusterImpl-e441f628-3055-4976-9f22-cf1ee574003e/datanode-0/data/ratis/981b15f6-c00a-4278-93ed-28e90b558652 close()
2019-07-14 11:08:05,724 INFO  server.GrpcService (GrpcService.java:closeImpl(155)) - 46cbccf6-8abf-4dc0-9606-2ec792ae2ced: shutdown server with port 33325 now
2019-07-14 11:08:05,725 INFO  server.GrpcService (GrpcService.java:closeImpl(163)) - 46cbccf6-8abf-4dc0-9606-2ec792ae2ced: shutdown server with port 33325 successfully
2019-07-14 11:08:05,726 INFO  utils.BackgroundService (BackgroundService.java:shutdown(148)) - Shutting down service BlockDeletingService
2019-07-14 11:08:05,730 WARN  fs.CachingGetSpaceUsed (CachingGetSpaceUsed.java:run(183)) - Thread Interrupted waiting to refresh disk information: sleep interrupted
2019-07-14 11:08:05,740 INFO  statemachine.DatanodeStateMachine (DatanodeStateMachine.java:stopDaemon(395)) - Ozone container server stopped.
2019-07-14 11:08:05,755 INFO  statemachine.DatanodeStateMachine (DatanodeStateMachine.java:stopDaemon(395)) - Ozone container server stopped.
2019-07-14 11:08:05,755 INFO  handler.ContextHandler (ContextHandler.java:doStop(910)) - Stopped o.e.j.w.WebAppContext@12515d64{/,null,UNAVAILABLE}{/hddsDatanode}
2019-07-14 11:08:05,758 INFO  server.AbstractConnector (AbstractConnector.java:doStop(318)) - Stopped ServerConnector@73193fe0{HTTP/1.1,[http/1.1]}{0.0.0.0:0}
2019-07-14 11:08:05,760 INFO  handler.ContextHandler (ContextHandler.java:doStop(910)) - Stopped o.e.j.w.WebAppContext@7d0bbc49{/,null,UNAVAILABLE}{/hddsDatanode}
2019-07-14 11:08:05,760 INFO  handler.ContextHandler (ContextHandler.java:doStop(910)) - Stopped o.e.j.s.ServletContextHandler@2449dff5{/static,jar:file:/home/user/.m2/repository/org/apache/hadoop/hadoop-hdds-container-service/0.5.0-SNAPSHOT/hadoop-hdds-container-service-0.5.0-SNAPSHOT.jar!/webapps/static,UNAVAILABLE}
2019-07-14 11:08:05,761 INFO  server.AbstractConnector (AbstractConnector.java:doStop(318)) - Stopped ServerConnector@7eb370c5{HTTP/1.1,[http/1.1]}{0.0.0.0:0}
2019-07-14 11:08:05,761 INFO  handler.ContextHandler (ContextHandler.java:doStop(910)) - Stopped o.e.j.s.ServletContextHandler@6e48dc84{/logs,file:///workdir/hadoop-ozone/integration-test/target/log,UNAVAILABLE}
2019-07-14 11:08:05,762 INFO  handler.ContextHandler (ContextHandler.java:doStop(910)) - Stopped o.e.j.s.ServletContextHandler@6e591c03{/static,jar:file:/home/user/.m2/repository/org/apache/hadoop/hadoop-hdds-container-service/0.5.0-SNAPSHOT/hadoop-hdds-container-service-0.5.0-SNAPSHOT.jar!/webapps/static,UNAVAILABLE}
2019-07-14 11:08:05,765 INFO  handler.ContextHandler (ContextHandler.java:doStop(910)) - Stopped o.e.j.s.ServletContextHandler@6e6c723b{/logs,file:///workdir/hadoop-ozone/integration-test/target/log,UNAVAILABLE}
2019-07-14 11:08:05,765 INFO  datanode.ObjectStoreHandler (ObjectStoreHandler.java:close(155)) - Closing ObjectStoreHandler.
2019-07-14 11:08:05,765 INFO  ozone.HddsDatanodeService (HddsDatanodeService.java:stop(452)) - Stopped plug-in org.apache.hadoop.ozone.web.OzoneHddsDatanodeService@5e3934db
2019-07-14 11:08:06,215 INFO  statemachine.DatanodeStateMachine (DatanodeStateMachine.java:lambda$startDaemon$0(350)) - Ozone container server started.
2019-07-14 11:08:08,894 INFO  impl.FollowerState (FollowerState.java:run(106)) - 007896fc-8c18-4e3c-bcdc-868b62719fd3:group-A488590EDA1C changes to CANDIDATE, lastRpcTime:10164, electionTimeout:5185ms
2019-07-14 11:08:08,894 INFO  impl.RoleInfo (RoleInfo.java:shutdownFollowerState(121)) - 007896fc-8c18-4e3c-bcdc-868b62719fd3: shutdown FollowerState
2019-07-14 11:08:08,894 INFO  impl.RaftServerImpl (RaftServerImpl.java:setRole(171)) - 007896fc-8c18-4e3c-bcdc-868b62719fd3:group-A488590EDA1C changes role from FOLLOWER to CANDIDATE at term 2 for changeToCandidate
2019-07-14 11:08:08,894 INFO  impl.RoleInfo (RoleInfo.java:updateAndGet(143)) - 007896fc-8c18-4e3c-bcdc-868b62719fd3: start LeaderElection
2019-07-14 11:08:08,896 INFO  impl.RaftServerImpl (ServerState.java:setLeader(263)) - 007896fc-8c18-4e3c-bcdc-868b62719fd3:group-A488590EDA1C change Leader from 5971a380-3faa-4fbf-9d4e-fbebc277ff56 to null at term 2 for initElection
2019-07-14 11:08:08,912 INFO  impl.LeaderElection (LeaderElection.java:askForVotes(181)) - 007896fc-8c18-4e3c-bcdc-868b62719fd3:group-A488590EDA1C:LeaderElection108: begin an election at term 3 for 1: [934adac8-c3af-43b3-8b4c-a41ff868ac75:192.168.157.209:41684, 5971a380-3faa-4fbf-9d4e-fbebc277ff56:192.168.157.209:36605, 007896fc-8c18-4e3c-bcdc-868b62719fd3:192.168.157.209:40822], old=null
2019-07-14 11:08:08,914 INFO  impl.LeaderElection (LogUtils.java:infoOrTrace(149)) - 007896fc-8c18-4e3c-bcdc-868b62719fd3:group-A488590EDA1C:LeaderElection108 got exception when requesting votes: {}
java.util.concurrent.ExecutionException: org.apache.ratis.thirdparty.io.grpc.StatusRuntimeException: UNAVAILABLE: io exception
	at java.util.concurrent.FutureTask.report(FutureTask.java:122)
	at java.util.concurrent.FutureTask.get(FutureTask.java:192)
	at org.apache.ratis.server.impl.LeaderElection.waitForResults(LeaderElection.java:262)
	at org.apache.ratis.server.impl.LeaderElection.askForVotes(LeaderElection.java:200)
	at org.apache.ratis.server.impl.LeaderElection.run(LeaderElection.java:130)
	at java.lang.Thread.run(Thread.java:748)
Caused by: org.apache.ratis.thirdparty.io.grpc.StatusRuntimeException: UNAVAILABLE: io exception
	at org.apache.ratis.thirdparty.io.grpc.stub.ClientCalls.toStatusRuntimeException(ClientCalls.java:233)
	at org.apache.ratis.thirdparty.io.grpc.stub.ClientCalls.getUnchecked(ClientCalls.java:214)
	at org.apache.ratis.thirdparty.io.grpc.stub.ClientCalls.blockingUnaryCall(ClientCalls.java:139)
	at org.apache.ratis.proto.grpc.RaftServerProtocolServiceGrpc$RaftServerProtocolServiceBlockingStub.requestVote(RaftServerProtocolServiceGrpc.java:265)
	at org.apache.ratis.grpc.server.GrpcServerProtocolClient.requestVote(GrpcServerProtocolClient.java:83)
	at org.apache.ratis.grpc.server.GrpcService.requestVote(GrpcService.java:195)
	at org.apache.ratis.server.impl.LeaderElection.lambda$submitRequests$1(LeaderElection.java:237)
	at java.util.concurrent.FutureTask.run(FutureTask.java:266)
	at java.util.concurrent.Executors$RunnableAdapter.call(Executors.java:511)
	at java.util.concurrent.FutureTask.run(FutureTask.java:266)
	at java.util.concurrent.ThreadPoolExecutor.runWorker(ThreadPoolExecutor.java:1149)
	at java.util.concurrent.ThreadPoolExecutor$Worker.run(ThreadPoolExecutor.java:624)
	... 1 more
Caused by: org.apache.ratis.thirdparty.io.netty.channel.AbstractChannel$AnnotatedConnectException: Connection refused: /192.168.157.209:36605
	at sun.nio.ch.SocketChannelImpl.checkConnect(Native Method)
	at sun.nio.ch.SocketChannelImpl.finishConnect(SocketChannelImpl.java:717)
	at org.apache.ratis.thirdparty.io.netty.channel.socket.nio.NioSocketChannel.doFinishConnect(NioSocketChannel.java:327)
	at org.apache.ratis.thirdparty.io.netty.channel.nio.AbstractNioChannel$AbstractNioUnsafe.finishConnect(AbstractNioChannel.java:340)
	at org.apache.ratis.thirdparty.io.netty.channel.nio.NioEventLoop.processSelectedKey(NioEventLoop.java:632)
	at org.apache.ratis.thirdparty.io.netty.channel.nio.NioEventLoop.processSelectedKeysOptimized(NioEventLoop.java:579)
	at org.apache.ratis.thirdparty.io.netty.channel.nio.NioEventLoop.processSelectedKeys(NioEventLoop.java:496)
	at org.apache.ratis.thirdparty.io.netty.channel.nio.NioEventLoop.run(NioEventLoop.java:458)
	at org.apache.ratis.thirdparty.io.netty.util.concurrent.SingleThreadEventExecutor$5.run(SingleThreadEventExecutor.java:897)
	at org.apache.ratis.thirdparty.io.netty.util.concurrent.FastThreadLocalRunnable.run(FastThreadLocalRunnable.java:30)
	... 1 more
Caused by: java.net.ConnectException: Connection refused
	... 11 more
2019-07-14 11:08:08,916 INFO  impl.LeaderElection (LogUtils.java:infoOrTrace(149)) - 007896fc-8c18-4e3c-bcdc-868b62719fd3:group-A488590EDA1C:LeaderElection108 got exception when requesting votes: {}
java.util.concurrent.ExecutionException: org.apache.ratis.thirdparty.io.grpc.StatusRuntimeException: UNAVAILABLE: io exception
	at java.util.concurrent.FutureTask.report(FutureTask.java:122)
	at java.util.concurrent.FutureTask.get(FutureTask.java:192)
	at org.apache.ratis.server.impl.LeaderElection.waitForResults(LeaderElection.java:262)
	at org.apache.ratis.server.impl.LeaderElection.askForVotes(LeaderElection.java:200)
	at org.apache.ratis.server.impl.LeaderElection.run(LeaderElection.java:130)
	at java.lang.Thread.run(Thread.java:748)
Caused by: org.apache.ratis.thirdparty.io.grpc.StatusRuntimeException: UNAVAILABLE: io exception
	at org.apache.ratis.thirdparty.io.grpc.stub.ClientCalls.toStatusRuntimeException(ClientCalls.java:233)
	at org.apache.ratis.thirdparty.io.grpc.stub.ClientCalls.getUnchecked(ClientCalls.java:214)
	at org.apache.ratis.thirdparty.io.grpc.stub.ClientCalls.blockingUnaryCall(ClientCalls.java:139)
	at org.apache.ratis.proto.grpc.RaftServerProtocolServiceGrpc$RaftServerProtocolServiceBlockingStub.requestVote(RaftServerProtocolServiceGrpc.java:265)
	at org.apache.ratis.grpc.server.GrpcServerProtocolClient.requestVote(GrpcServerProtocolClient.java:83)
	at org.apache.ratis.grpc.server.GrpcService.requestVote(GrpcService.java:195)
	at org.apache.ratis.server.impl.LeaderElection.lambda$submitRequests$1(LeaderElection.java:237)
	at java.util.concurrent.FutureTask.run(FutureTask.java:266)
	at java.util.concurrent.Executors$RunnableAdapter.call(Executors.java:511)
	at java.util.concurrent.FutureTask.run(FutureTask.java:266)
	at java.util.concurrent.ThreadPoolExecutor.runWorker(ThreadPoolExecutor.java:1149)
	at java.util.concurrent.ThreadPoolExecutor$Worker.run(ThreadPoolExecutor.java:624)
	... 1 more
Caused by: org.apache.ratis.thirdparty.io.netty.channel.AbstractChannel$AnnotatedConnectException: Connection refused: /192.168.157.209:41684
	at sun.nio.ch.SocketChannelImpl.checkConnect(Native Method)
	at sun.nio.ch.SocketChannelImpl.finishConnect(SocketChannelImpl.java:717)
	at org.apache.ratis.thirdparty.io.netty.channel.socket.nio.NioSocketChannel.doFinishConnect(NioSocketChannel.java:327)
	at org.apache.ratis.thirdparty.io.netty.channel.nio.AbstractNioChannel$AbstractNioUnsafe.finishConnect(AbstractNioChannel.java:340)
	at org.apache.ratis.thirdparty.io.netty.channel.nio.NioEventLoop.processSelectedKey(NioEventLoop.java:632)
	at org.apache.ratis.thirdparty.io.netty.channel.nio.NioEventLoop.processSelectedKeysOptimized(NioEventLoop.java:579)
	at org.apache.ratis.thirdparty.io.netty.channel.nio.NioEventLoop.processSelectedKeys(NioEventLoop.java:496)
	at org.apache.ratis.thirdparty.io.netty.channel.nio.NioEventLoop.run(NioEventLoop.java:458)
	at org.apache.ratis.thirdparty.io.netty.util.concurrent.SingleThreadEventExecutor$5.run(SingleThreadEventExecutor.java:897)
	at org.apache.ratis.thirdparty.io.netty.util.concurrent.FastThreadLocalRunnable.run(FastThreadLocalRunnable.java:30)
	... 1 more
Caused by: java.net.ConnectException: Connection refused
	... 11 more
2019-07-14 11:08:08,918 INFO  impl.LeaderElection (LeaderElection.java:logAndReturn(56)) - 007896fc-8c18-4e3c-bcdc-868b62719fd3:group-A488590EDA1C:LeaderElection108: Election REJECTED; received 0 response(s) [] and 2 exception(s); 007896fc-8c18-4e3c-bcdc-868b62719fd3:t3, leader=null, voted=007896fc-8c18-4e3c-bcdc-868b62719fd3, raftlog=007896fc-8c18-4e3c-bcdc-868b62719fd3-SegmentedRaftLog:OPENED:c1,f2,i2, conf=1: [934adac8-c3af-43b3-8b4c-a41ff868ac75:192.168.157.209:41684, 5971a380-3faa-4fbf-9d4e-fbebc277ff56:192.168.157.209:36605, 007896fc-8c18-4e3c-bcdc-868b62719fd3:192.168.157.209:40822], old=null
2019-07-14 11:08:08,918 INFO  impl.LeaderElection (LogUtils.java:infoOrTrace(149)) -   Exception 0: {}
java.util.concurrent.ExecutionException: org.apache.ratis.thirdparty.io.grpc.StatusRuntimeException: UNAVAILABLE: io exception
	at java.util.concurrent.FutureTask.report(FutureTask.java:122)
	at java.util.concurrent.FutureTask.get(FutureTask.java:192)
	at org.apache.ratis.server.impl.LeaderElection.waitForResults(LeaderElection.java:262)
	at org.apache.ratis.server.impl.LeaderElection.askForVotes(LeaderElection.java:200)
	at org.apache.ratis.server.impl.LeaderElection.run(LeaderElection.java:130)
	at java.lang.Thread.run(Thread.java:748)
Caused by: org.apache.ratis.thirdparty.io.grpc.StatusRuntimeException: UNAVAILABLE: io exception
	at org.apache.ratis.thirdparty.io.grpc.stub.ClientCalls.toStatusRuntimeException(ClientCalls.java:233)
	at org.apache.ratis.thirdparty.io.grpc.stub.ClientCalls.getUnchecked(ClientCalls.java:214)
	at org.apache.ratis.thirdparty.io.grpc.stub.ClientCalls.blockingUnaryCall(ClientCalls.java:139)
	at org.apache.ratis.proto.grpc.RaftServerProtocolServiceGrpc$RaftServerProtocolServiceBlockingStub.requestVote(RaftServerProtocolServiceGrpc.java:265)
	at org.apache.ratis.grpc.server.GrpcServerProtocolClient.requestVote(GrpcServerProtocolClient.java:83)
	at org.apache.ratis.grpc.server.GrpcService.requestVote(GrpcService.java:195)
	at org.apache.ratis.server.impl.LeaderElection.lambda$submitRequests$1(LeaderElection.java:237)
	at java.util.concurrent.FutureTask.run(FutureTask.java:266)
	at java.util.concurrent.Executors$RunnableAdapter.call(Executors.java:511)
	at java.util.concurrent.FutureTask.run(FutureTask.java:266)
	at java.util.concurrent.ThreadPoolExecutor.runWorker(ThreadPoolExecutor.java:1149)
	at java.util.concurrent.ThreadPoolExecutor$Worker.run(ThreadPoolExecutor.java:624)
	... 1 more
Caused by: org.apache.ratis.thirdparty.io.netty.channel.AbstractChannel$AnnotatedConnectException: Connection refused: /192.168.157.209:36605
	at sun.nio.ch.SocketChannelImpl.checkConnect(Native Method)
	at sun.nio.ch.SocketChannelImpl.finishConnect(SocketChannelImpl.java:717)
	at org.apache.ratis.thirdparty.io.netty.channel.socket.nio.NioSocketChannel.doFinishConnect(NioSocketChannel.java:327)
	at org.apache.ratis.thirdparty.io.netty.channel.nio.AbstractNioChannel$AbstractNioUnsafe.finishConnect(AbstractNioChannel.java:340)
	at org.apache.ratis.thirdparty.io.netty.channel.nio.NioEventLoop.processSelectedKey(NioEventLoop.java:632)
	at org.apache.ratis.thirdparty.io.netty.channel.nio.NioEventLoop.processSelectedKeysOptimized(NioEventLoop.java:579)
	at org.apache.ratis.thirdparty.io.netty.channel.nio.NioEventLoop.processSelectedKeys(NioEventLoop.java:496)
	at org.apache.ratis.thirdparty.io.netty.channel.nio.NioEventLoop.run(NioEventLoop.java:458)
	at org.apache.ratis.thirdparty.io.netty.util.concurrent.SingleThreadEventExecutor$5.run(SingleThreadEventExecutor.java:897)
	at org.apache.ratis.thirdparty.io.netty.util.concurrent.FastThreadLocalRunnable.run(FastThreadLocalRunnable.java:30)
	... 1 more
Caused by: java.net.ConnectException: Connection refused
	... 11 more
2019-07-14 11:08:08,918 INFO  impl.LeaderElection (LogUtils.java:infoOrTrace(149)) -   Exception 1: {}
java.util.concurrent.ExecutionException: org.apache.ratis.thirdparty.io.grpc.StatusRuntimeException: UNAVAILABLE: io exception
	at java.util.concurrent.FutureTask.report(FutureTask.java:122)
	at java.util.concurrent.FutureTask.get(FutureTask.java:192)
	at org.apache.ratis.server.impl.LeaderElection.waitForResults(LeaderElection.java:262)
	at org.apache.ratis.server.impl.LeaderElection.askForVotes(LeaderElection.java:200)
	at org.apache.ratis.server.impl.LeaderElection.run(LeaderElection.java:130)
	at java.lang.Thread.run(Thread.java:748)
Caused by: org.apache.ratis.thirdparty.io.grpc.StatusRuntimeException: UNAVAILABLE: io exception
	at org.apache.ratis.thirdparty.io.grpc.stub.ClientCalls.toStatusRuntimeException(ClientCalls.java:233)
	at org.apache.ratis.thirdparty.io.grpc.stub.ClientCalls.getUnchecked(ClientCalls.java:214)
	at org.apache.ratis.thirdparty.io.grpc.stub.ClientCalls.blockingUnaryCall(ClientCalls.java:139)
	at org.apache.ratis.proto.grpc.RaftServerProtocolServiceGrpc$RaftServerProtocolServiceBlockingStub.requestVote(RaftServerProtocolServiceGrpc.java:265)
	at org.apache.ratis.grpc.server.GrpcServerProtocolClient.requestVote(GrpcServerProtocolClient.java:83)
	at org.apache.ratis.grpc.server.GrpcService.requestVote(GrpcService.java:195)
	at org.apache.ratis.server.impl.LeaderElection.lambda$submitRequests$1(LeaderElection.java:237)
	at java.util.concurrent.FutureTask.run(FutureTask.java:266)
	at java.util.concurrent.Executors$RunnableAdapter.call(Executors.java:511)
	at java.util.concurrent.FutureTask.run(FutureTask.java:266)
	at java.util.concurrent.ThreadPoolExecutor.runWorker(ThreadPoolExecutor.java:1149)
	at java.util.concurrent.ThreadPoolExecutor$Worker.run(ThreadPoolExecutor.java:624)
	... 1 more
Caused by: org.apache.ratis.thirdparty.io.netty.channel.AbstractChannel$AnnotatedConnectException: Connection refused: /192.168.157.209:41684
	at sun.nio.ch.SocketChannelImpl.checkConnect(Native Method)
	at sun.nio.ch.SocketChannelImpl.finishConnect(SocketChannelImpl.java:717)
	at org.apache.ratis.thirdparty.io.netty.channel.socket.nio.NioSocketChannel.doFinishConnect(NioSocketChannel.java:327)
	at org.apache.ratis.thirdparty.io.netty.channel.nio.AbstractNioChannel$AbstractNioUnsafe.finishConnect(AbstractNioChannel.java:340)
	at org.apache.ratis.thirdparty.io.netty.channel.nio.NioEventLoop.processSelectedKey(NioEventLoop.java:632)
	at org.apache.ratis.thirdparty.io.netty.channel.nio.NioEventLoop.processSelectedKeysOptimized(NioEventLoop.java:579)
	at org.apache.ratis.thirdparty.io.netty.channel.nio.NioEventLoop.processSelectedKeys(NioEventLoop.java:496)
	at org.apache.ratis.thirdparty.io.netty.channel.nio.NioEventLoop.run(NioEventLoop.java:458)
	at org.apache.ratis.thirdparty.io.netty.util.concurrent.SingleThreadEventExecutor$5.run(SingleThreadEventExecutor.java:897)
	at org.apache.ratis.thirdparty.io.netty.util.concurrent.FastThreadLocalRunnable.run(FastThreadLocalRunnable.java:30)
	... 1 more
Caused by: java.net.ConnectException: Connection refused
	... 11 more
2019-07-14 11:08:08,919 INFO  impl.RaftServerImpl (RaftServerImpl.java:setRole(171)) - 007896fc-8c18-4e3c-bcdc-868b62719fd3:group-A488590EDA1C changes role from CANDIDATE to FOLLOWER at term 3 for DISCOVERED_A_NEW_TERM
2019-07-14 11:08:08,919 INFO  impl.RoleInfo (RoleInfo.java:shutdownLeaderElection(134)) - 007896fc-8c18-4e3c-bcdc-868b62719fd3: shutdown LeaderElection
2019-07-14 11:08:08,919 INFO  impl.RoleInfo (RoleInfo.java:updateAndGet(143)) - 007896fc-8c18-4e3c-bcdc-868b62719fd3: start FollowerState
2019-07-14 11:08:10,266 INFO  node.StaleNodeHandler (StaleNodeHandler.java:onMessage(58)) - Datanode 007896fc-8c18-4e3c-bcdc-868b62719fd3{ip: 192.168.157.209, host: trunk-nightly-fxmrv-2540794721, networkLocation: /default-rack, certSerialId: null} moved to stale state. Finalizing its pipelines [PipelineID=dc989b8e-366b-408f-a20b-f31746931609, PipelineID=2bdb29bd-a467-4566-9061-a488590eda1c]
2019-07-14 11:08:10,266 INFO  pipeline.SCMPipelineManager (SCMPipelineManager.java:finalizeAndDestroyPipeline(309)) - destroying pipeline:Pipeline[ Id: dc989b8e-366b-408f-a20b-f31746931609, Nodes: 007896fc-8c18-4e3c-bcdc-868b62719fd3{ip: 192.168.157.209, host: trunk-nightly-fxmrv-2540794721, networkLocation: /default-rack, certSerialId: null}, Type:RATIS, Factor:ONE, State:OPEN]
2019-07-14 11:08:10,266 INFO  pipeline.PipelineStateManager (PipelineStateManager.java:finalizePipeline(123)) - Pipeline Pipeline[ Id: dc989b8e-366b-408f-a20b-f31746931609, Nodes: 007896fc-8c18-4e3c-bcdc-868b62719fd3{ip: 192.168.157.209, host: trunk-nightly-fxmrv-2540794721, networkLocation: /default-rack, certSerialId: null}, Type:RATIS, Factor:ONE, State:CLOSED] moved to CLOSED state
2019-07-14 11:08:10,267 INFO  pipeline.SCMPipelineManager (SCMPipelineManager.java:finalizeAndDestroyPipeline(309)) - destroying pipeline:Pipeline[ Id: 2bdb29bd-a467-4566-9061-a488590eda1c, Nodes: 5971a380-3faa-4fbf-9d4e-fbebc277ff56{ip: 192.168.157.209, host: trunk-nightly-fxmrv-2540794721, networkLocation: /default-rack, certSerialId: null}934adac8-c3af-43b3-8b4c-a41ff868ac75{ip: 192.168.157.209, host: trunk-nightly-fxmrv-2540794721, networkLocation: /default-rack, certSerialId: null}007896fc-8c18-4e3c-bcdc-868b62719fd3{ip: 192.168.157.209, host: trunk-nightly-fxmrv-2540794721, networkLocation: /default-rack, certSerialId: null}, Type:RATIS, Factor:THREE, State:CLOSED]
2019-07-14 11:08:10,766 INFO  ozoneimpl.OzoneContainer (OzoneContainer.java:stop(199)) - Attempting to stop container services.
2019-07-14 11:08:10,767 INFO  impl.RaftServerProxy (RaftServerProxy.java:lambda$close$4(314)) - 007896fc-8c18-4e3c-bcdc-868b62719fd3: close
2019-07-14 11:08:10,768 INFO  impl.RaftServerImpl (RaftServerImpl.java:lambda$shutdown$3(245)) - 007896fc-8c18-4e3c-bcdc-868b62719fd3: shutdown group-F31746931609
2019-07-14 11:08:10,768 INFO  impl.RaftServerImpl (RaftServerImpl.java:lambda$shutdown$3(245)) - 007896fc-8c18-4e3c-bcdc-868b62719fd3: shutdown group-A488590EDA1C
2019-07-14 11:08:10,768 INFO  util.JmxRegister (JmxRegister.java:unregister(73)) - Successfully un-registered JMX Bean with object name Ratis:service=RaftServer,group=group-F31746931609,id=007896fc-8c18-4e3c-bcdc-868b62719fd3
2019-07-14 11:08:10,769 INFO  util.JmxRegister (JmxRegister.java:unregister(73)) - Successfully un-registered JMX Bean with object name Ratis:service=RaftServer,group=group-A488590EDA1C,id=007896fc-8c18-4e3c-bcdc-868b62719fd3
2019-07-14 11:08:10,769 INFO  impl.RoleInfo (RoleInfo.java:shutdownLeaderState(104)) - 007896fc-8c18-4e3c-bcdc-868b62719fd3: shutdown LeaderState
2019-07-14 11:08:10,769 INFO  impl.RoleInfo (RoleInfo.java:shutdownFollowerState(121)) - 007896fc-8c18-4e3c-bcdc-868b62719fd3: shutdown FollowerState
2019-07-14 11:08:10,770 INFO  impl.PendingRequests (PendingRequests.java:sendNotLeaderResponses(202)) - 007896fc-8c18-4e3c-bcdc-868b62719fd3-PendingRequests: sendNotLeaderResponses
2019-07-14 11:08:10,770 INFO  impl.FollowerState (FollowerState.java:run(114)) - 007896fc-8c18-4e3c-bcdc-868b62719fd3: FollowerState was interrupted: java.lang.InterruptedException: sleep interrupted
2019-07-14 11:08:10,770 INFO  impl.StateMachineUpdater (StateMachineUpdater.java:stopAndJoin(115)) - StateMachineUpdater:007896fc-8c18-4e3c-bcdc-868b62719fd3:group-A488590EDA1C: set stopIndex = 1
2019-07-14 11:08:10,778 INFO  impl.RaftServerImpl (ServerState.java:close(394)) - 007896fc-8c18-4e3c-bcdc-868b62719fd3:group-A488590EDA1C closes. The last applied log index is 1
2019-07-14 11:08:10,770 INFO  impl.StateMachineUpdater (StateMachineUpdater.java:stopAndJoin(115)) - StateMachineUpdater:007896fc-8c18-4e3c-bcdc-868b62719fd3:group-F31746931609: set stopIndex = 0
2019-07-14 11:08:10,779 INFO  impl.RaftServerImpl (ServerState.java:close(394)) - 007896fc-8c18-4e3c-bcdc-868b62719fd3:group-F31746931609 closes. The last applied log index is 0
2019-07-14 11:08:10,778 INFO  segmented.SegmentedRaftLogWorker (SegmentedRaftLogWorker.java:run(313)) - 007896fc-8c18-4e3c-bcdc-868b62719fd3-SegmentedRaftLogWorker:Storage Directory /workdir/hadoop-ozone/integration-test/target/test-dir/MiniOzoneClusterImpl-e441f628-3055-4976-9f22-cf1ee574003e/datanode-5/data/ratis/2bdb29bd-a467-4566-9061-a488590eda1c was interrupted, exiting. There are 0 tasks remaining in the queue.
2019-07-14 11:08:10,779 INFO  segmented.SegmentedRaftLogWorker (SegmentedRaftLogWorker.java:run(313)) - 007896fc-8c18-4e3c-bcdc-868b62719fd3-SegmentedRaftLogWorker:Storage Directory /workdir/hadoop-ozone/integration-test/target/test-dir/MiniOzoneClusterImpl-e441f628-3055-4976-9f22-cf1ee574003e/datanode-5/data/ratis/dc989b8e-366b-408f-a20b-f31746931609 was interrupted, exiting. There are 0 tasks remaining in the queue.
2019-07-14 11:08:10,782 INFO  segmented.SegmentedRaftLogWorker (SegmentedRaftLogWorker.java:close(228)) - 007896fc-8c18-4e3c-bcdc-868b62719fd3-SegmentedRaftLogWorker:Storage Directory /workdir/hadoop-ozone/integration-test/target/test-dir/MiniOzoneClusterImpl-e441f628-3055-4976-9f22-cf1ee574003e/datanode-5/data/ratis/2bdb29bd-a467-4566-9061-a488590eda1c close()
2019-07-14 11:08:10,782 INFO  segmented.SegmentedRaftLogWorker (SegmentedRaftLogWorker.java:close(228)) - 007896fc-8c18-4e3c-bcdc-868b62719fd3-SegmentedRaftLogWorker:Storage Directory /workdir/hadoop-ozone/integration-test/target/test-dir/MiniOzoneClusterImpl-e441f628-3055-4976-9f22-cf1ee574003e/datanode-5/data/ratis/dc989b8e-366b-408f-a20b-f31746931609 close()
2019-07-14 11:08:10,785 INFO  server.GrpcService (GrpcService.java:closeImpl(155)) - 007896fc-8c18-4e3c-bcdc-868b62719fd3: shutdown server with port 40822 now
2019-07-14 11:08:10,785 INFO  server.GrpcService (GrpcService.java:closeImpl(163)) - 007896fc-8c18-4e3c-bcdc-868b62719fd3: shutdown server with port 40822 successfully
2019-07-14 11:08:10,786 INFO  utils.BackgroundService (BackgroundService.java:shutdown(148)) - Shutting down service BlockDeletingService
2019-07-14 11:08:10,790 WARN  fs.CachingGetSpaceUsed (CachingGetSpaceUsed.java:run(183)) - Thread Interrupted waiting to refresh disk information: sleep interrupted
2019-07-14 11:08:10,806 INFO  statemachine.DatanodeStateMachine (DatanodeStateMachine.java:stopDaemon(395)) - Ozone container server stopped.
2019-07-14 11:08:10,808 INFO  handler.ContextHandler (ContextHandler.java:doStop(910)) - Stopped o.e.j.w.WebAppContext@6a7a8e1e{/,null,UNAVAILABLE}{/hddsDatanode}
2019-07-14 11:08:10,808 INFO  server.AbstractConnector (AbstractConnector.java:doStop(318)) - Stopped ServerConnector@39aa595{HTTP/1.1,[http/1.1]}{0.0.0.0:0}
2019-07-14 11:08:10,809 INFO  handler.ContextHandler (ContextHandler.java:doStop(910)) - Stopped o.e.j.s.ServletContextHandler@451e8bd0{/static,jar:file:/home/user/.m2/repository/org/apache/hadoop/hadoop-hdds-container-service/0.5.0-SNAPSHOT/hadoop-hdds-container-service-0.5.0-SNAPSHOT.jar!/webapps/static,UNAVAILABLE}
2019-07-14 11:08:10,809 INFO  handler.ContextHandler (ContextHandler.java:doStop(910)) - Stopped o.e.j.s.ServletContextHandler@7bbc3b6e{/logs,file:///workdir/hadoop-ozone/integration-test/target/log,UNAVAILABLE}
2019-07-14 11:08:10,810 INFO  ozone.MiniOzoneClusterImpl (MiniOzoneClusterImpl.java:stop(353)) - Stopping the StorageContainerManager
2019-07-14 11:08:10,810 INFO  server.StorageContainerManager (StorageContainerManager.java:stop(796)) - Stopping Replication Manager Service.
2019-07-14 11:08:10,810 INFO  container.ReplicationManager (ReplicationManager.java:stop(187)) - Stopping Replication Monitor Thread.
2019-07-14 11:08:10,810 INFO  server.StorageContainerManager (StorageContainerManager.java:stop(803)) - Stopping Lease Manager of the command watchers
2019-07-14 11:08:10,811 INFO  server.StorageContainerManager (StorageContainerManager.java:stop(810)) - Stopping datanode service RPC server
2019-07-14 11:08:10,811 INFO  server.SCMDatanodeProtocolServer (SCMDatanodeProtocolServer.java:stop(375)) - Stopping the RPC server for DataNodes
2019-07-14 11:08:10,811 INFO  ipc.Server (Server.java:stop(3082)) - Stopping server on 45307
2019-07-14 11:08:10,813 INFO  ipc.Server (Server.java:run(1185)) - Stopping IPC Server listener on 45307
2019-07-14 11:08:10,813 INFO  ipc.Server (Server.java:run(1319)) - Stopping IPC Server Responder
2019-07-14 11:08:10,867 WARN  node.NodeStateManager (NodeStateManager.java:scheduleNextHealthCheck(631)) - Current Thread is interrupted, shutting down HB processing thread for Node Manager.
2019-07-14 11:08:10,870 INFO  server.StorageContainerManager (StorageContainerManager.java:stop(818)) - Stopping block service RPC server
2019-07-14 11:08:10,870 INFO  server.SCMBlockProtocolServer (SCMBlockProtocolServer.java:stop(148)) - Stopping the RPC server for Block Protocol
2019-07-14 11:08:10,871 INFO  ipc.Server (Server.java:stop(3082)) - Stopping server on 41445
2019-07-14 11:08:10,876 INFO  ipc.Server (Server.java:run(1185)) - Stopping IPC Server listener on 41445
2019-07-14 11:08:10,878 INFO  ipc.Server (Server.java:run(1319)) - Stopping IPC Server Responder
2019-07-14 11:08:10,878 INFO  server.StorageContainerManager (StorageContainerManager.java:stop(825)) - Stopping the StorageContainerLocationProtocol RPC server
2019-07-14 11:08:10,879 INFO  server.SCMClientProtocolServer (SCMClientProtocolServer.java:stop(157)) - Stopping the RPC server for Client Protocol
2019-07-14 11:08:10,880 INFO  ipc.Server (Server.java:stop(3082)) - Stopping server on 43812
2019-07-14 11:08:10,883 INFO  ipc.Server (Server.java:run(1185)) - Stopping IPC Server listener on 43812
2019-07-14 11:08:10,891 INFO  server.StorageContainerManager (StorageContainerManager.java:stop(832)) - Stopping Storage Container Manager HTTP server.
2019-07-14 11:08:10,892 INFO  ipc.Server (Server.java:run(1319)) - Stopping IPC Server Responder
2019-07-14 11:08:10,894 INFO  handler.ContextHandler (ContextHandler.java:doStop(910)) - Stopped o.e.j.w.WebAppContext@57be0d93{/,null,UNAVAILABLE}{/scm}
2019-07-14 11:08:10,895 INFO  server.AbstractConnector (AbstractConnector.java:doStop(318)) - Stopped ServerConnector@3e02988{HTTP/1.1,[http/1.1]}{0.0.0.0:0}
2019-07-14 11:08:10,896 INFO  handler.ContextHandler (ContextHandler.java:doStop(910)) - Stopped o.e.j.s.ServletContextHandler@7a98f106{/static,file:///workdir/hadoop-ozone/integration-test/target/test-classes/webapps/static,UNAVAILABLE}
2019-07-14 11:08:10,896 INFO  handler.ContextHandler (ContextHandler.java:doStop(910)) - Stopped o.e.j.s.ServletContextHandler@5bdfae42{/logs,file:///workdir/hadoop-ozone/integration-test/target/log,UNAVAILABLE}
2019-07-14 11:08:10,897 INFO  server.StorageContainerManager (StorageContainerManager.java:stop(843)) - Stopping Block Manager Service.
2019-07-14 11:08:10,898 INFO  utils.BackgroundService (BackgroundService.java:shutdown(148)) - Shutting down service SCMBlockDeletingService
2019-07-14 11:08:10,898 INFO  utils.BackgroundService (BackgroundService.java:shutdown(148)) - Shutting down service SCMBlockDeletingService
2019-07-14 11:08:10,899 INFO  server.StorageContainerManager (StorageContainerManager.java:stop(865)) - Stopping SCM Event Queue.
2019-07-14 11:08:10,907 INFO  impl.MetricsSystemImpl (MetricsSystemImpl.java:stop(210)) - Stopping HddsDatanode metrics system...
2019-07-14 11:08:10,915 INFO  impl.MetricsSystemImpl (MetricsSystemImpl.java:stop(216)) - HddsDatanode metrics system stopped.
]]></system-out>
    <system-err><![CDATA[Jul 14, 2019 11:07:38 AM com.sun.jersey.server.impl.application.WebApplicationImpl _initiate
INFO: Initiating Jersey application, version 'Jersey: 1.19 02/11/2015 03:25 AM'
Jul 14, 2019 11:07:38 AM com.sun.jersey.server.impl.application.WebApplicationImpl _initiate
INFO: Initiating Jersey application, version 'Jersey: 1.19 02/11/2015 03:25 AM'
Jul 14, 2019 11:07:38 AM com.sun.jersey.server.impl.application.WebApplicationImpl _initiate
INFO: Initiating Jersey application, version 'Jersey: 1.19 02/11/2015 03:25 AM'
Jul 14, 2019 11:07:38 AM com.sun.jersey.server.impl.application.WebApplicationImpl _initiate
INFO: Initiating Jersey application, version 'Jersey: 1.19 02/11/2015 03:25 AM'
Jul 14, 2019 11:07:38 AM com.sun.jersey.server.impl.application.WebApplicationImpl _initiate
INFO: Initiating Jersey application, version 'Jersey: 1.19 02/11/2015 03:25 AM'
Jul 14, 2019 11:07:39 AM com.sun.jersey.server.impl.application.WebApplicationImpl _initiate
INFO: Initiating Jersey application, version 'Jersey: 1.19 02/11/2015 03:25 AM'
Jul 14, 2019 11:07:39 AM com.sun.jersey.server.impl.application.WebApplicationImpl _initiate
INFO: Initiating Jersey application, version 'Jersey: 1.19 02/11/2015 03:25 AM'
Jul 14, 2019 11:07:42 AM org.apache.ratis.thirdparty.io.grpc.internal.ManagedChannelOrphanWrapper$ManagedChannelReference cleanQueue
SEVERE: *~*~*~ Channel ManagedChannelImpl{logId=3270, target=192.168.157.209:37228} was not shutdown properly!!! ~*~*~*
    Make sure to call shutdown()/shutdownNow() and wait until awaitTermination() returns true.
java.lang.RuntimeException: ManagedChannel allocation site
	at org.apache.ratis.thirdparty.io.grpc.internal.ManagedChannelOrphanWrapper$ManagedChannelReference.<init>(ManagedChannelOrphanWrapper.java:103)
	at org.apache.ratis.thirdparty.io.grpc.internal.ManagedChannelOrphanWrapper.<init>(ManagedChannelOrphanWrapper.java:53)
	at org.apache.ratis.thirdparty.io.grpc.internal.ManagedChannelOrphanWrapper.<init>(ManagedChannelOrphanWrapper.java:44)
	at org.apache.ratis.thirdparty.io.grpc.internal.AbstractManagedChannelImplBuilder.build(AbstractManagedChannelImplBuilder.java:411)
	at org.apache.ratis.grpc.client.GrpcClientProtocolClient.<init>(GrpcClientProtocolClient.java:119)
	at org.apache.ratis.grpc.client.GrpcClientRpc.lambda$new$0(GrpcClientRpc.java:55)
	at org.apache.ratis.util.PeerProxyMap$PeerAndProxy.lambda$getProxy$0(PeerProxyMap.java:61)
	at org.apache.ratis.util.LifeCycle.startAndTransition(LifeCycle.java:202)
	at org.apache.ratis.util.PeerProxyMap$PeerAndProxy.getProxy(PeerProxyMap.java:60)
	at org.apache.ratis.util.PeerProxyMap.getProxy(PeerProxyMap.java:107)
	at org.apache.ratis.grpc.client.GrpcClientRpc.sendRequestAsync(GrpcClientRpc.java:66)
	at org.apache.ratis.client.impl.OrderedAsync.sendRequest(OrderedAsync.java:208)
	at org.apache.ratis.client.impl.OrderedAsync.sendRequestWithRetry(OrderedAsync.java:169)
	at org.apache.ratis.util.SlidingWindow$Client.sendOrDelayRequest(SlidingWindow.java:278)
	at org.apache.ratis.util.SlidingWindow$Client.retry(SlidingWindow.java:294)
	at org.apache.ratis.client.impl.OrderedAsync.lambda$scheduleWithTimeout$7(OrderedAsync.java:195)
	at org.apache.ratis.util.TimeoutScheduler.lambda$onTimeout$0(TimeoutScheduler.java:85)
	at org.apache.ratis.util.TimeoutScheduler.lambda$onTimeout$1(TimeoutScheduler.java:104)
	at org.apache.ratis.util.LogUtils.runAndLog(LogUtils.java:50)
	at org.apache.ratis.util.LogUtils$1.run(LogUtils.java:91)
	at java.util.concurrent.Executors$RunnableAdapter.call(Executors.java:511)
	at java.util.concurrent.FutureTask.run(FutureTask.java:266)
	at java.util.concurrent.ScheduledThreadPoolExecutor$ScheduledFutureTask.access$201(ScheduledThreadPoolExecutor.java:180)
	at java.util.concurrent.ScheduledThreadPoolExecutor$ScheduledFutureTask.run(ScheduledThreadPoolExecutor.java:293)
	at java.util.concurrent.ThreadPoolExecutor.runWorker(ThreadPoolExecutor.java:1149)
	at java.util.concurrent.ThreadPoolExecutor$Worker.run(ThreadPoolExecutor.java:624)
	at java.lang.Thread.run(Thread.java:748)

]]></system-err>
  </testcase>
  <testcase name="testWatchForCommitWithCloseContainerException" classname="org.apache.hadoop.ozone.client.rpc.TestBlockOutputStreamWithFailures" time="34.843">
    <error type="java.lang.IllegalArgumentException">java.lang.IllegalArgumentException
	at com.google.common.base.Preconditions.checkArgument(Preconditions.java:72)
	at org.apache.hadoop.hdds.scm.XceiverClientManager.acquireClient(XceiverClientManager.java:150)
	at org.apache.hadoop.hdds.scm.XceiverClientManager.acquireClientForReadData(XceiverClientManager.java:143)
	at org.apache.hadoop.hdds.scm.storage.BlockInputStream.getChunkInfos(BlockInputStream.java:154)
	at org.apache.hadoop.hdds.scm.storage.BlockInputStream.initialize(BlockInputStream.java:118)
	at org.apache.hadoop.hdds.scm.storage.BlockInputStream.read(BlockInputStream.java:222)
	at org.apache.hadoop.ozone.client.io.KeyInputStream.read(KeyInputStream.java:171)
	at org.apache.hadoop.ozone.client.io.OzoneInputStream.read(OzoneInputStream.java:47)
	at java.io.InputStream.read(InputStream.java:101)
	at org.apache.hadoop.ozone.container.ContainerTestHelper.validateData(ContainerTestHelper.java:709)
	at org.apache.hadoop.ozone.client.rpc.TestBlockOutputStreamWithFailures.validateData(TestBlockOutputStreamWithFailures.java:1212)
	at org.apache.hadoop.ozone.client.rpc.TestBlockOutputStreamWithFailures.testWatchForCommitWithCloseContainerException(TestBlockOutputStreamWithFailures.java:260)
	at sun.reflect.NativeMethodAccessorImpl.invoke0(Native Method)
	at sun.reflect.NativeMethodAccessorImpl.invoke(NativeMethodAccessorImpl.java:62)
	at sun.reflect.DelegatingMethodAccessorImpl.invoke(DelegatingMethodAccessorImpl.java:43)
	at java.lang.reflect.Method.invoke(Method.java:498)
	at org.junit.runners.model.FrameworkMethod$1.runReflectiveCall(FrameworkMethod.java:47)
	at org.junit.internal.runners.model.ReflectiveCallable.run(ReflectiveCallable.java:12)
	at org.junit.runners.model.FrameworkMethod.invokeExplosively(FrameworkMethod.java:44)
	at org.junit.internal.runners.statements.InvokeMethod.evaluate(InvokeMethod.java:17)
	at org.junit.internal.runners.statements.RunBefores.evaluate(RunBefores.java:26)
	at org.junit.internal.runners.statements.RunAfters.evaluate(RunAfters.java:27)
	at org.junit.runners.ParentRunner.runLeaf(ParentRunner.java:271)
	at org.junit.runners.BlockJUnit4ClassRunner.runChild(BlockJUnit4ClassRunner.java:70)
	at org.junit.runners.BlockJUnit4ClassRunner.runChild(BlockJUnit4ClassRunner.java:50)
	at org.junit.runners.ParentRunner$3.run(ParentRunner.java:238)
	at org.junit.runners.ParentRunner$1.schedule(ParentRunner.java:63)
	at org.junit.runners.ParentRunner.runChildren(ParentRunner.java:236)
	at org.junit.runners.ParentRunner.access$000(ParentRunner.java:53)
	at org.junit.runners.ParentRunner$2.evaluate(ParentRunner.java:229)
	at org.junit.runners.ParentRunner.run(ParentRunner.java:309)
	at org.apache.maven.surefire.junit4.JUnit4Provider.execute(JUnit4Provider.java:365)
	at org.apache.maven.surefire.junit4.JUnit4Provider.executeWithRerun(JUnit4Provider.java:273)
	at org.apache.maven.surefire.junit4.JUnit4Provider.executeTestSet(JUnit4Provider.java:238)
	at org.apache.maven.surefire.junit4.JUnit4Provider.invoke(JUnit4Provider.java:159)
	at org.apache.maven.surefire.booter.ForkedBooter.invokeProviderInSameClassLoader(ForkedBooter.java:384)
	at org.apache.maven.surefire.booter.ForkedBooter.runSuitesInProcess(ForkedBooter.java:345)
	at org.apache.maven.surefire.booter.ForkedBooter.execute(ForkedBooter.java:126)
	at org.apache.maven.surefire.booter.ForkedBooter.main(ForkedBooter.java:418)
</error>
    <system-out><![CDATA[2019-07-14 11:08:10,969 WARN  server.ServerUtils (ServerUtils.java:getScmDbDir(145)) - ozone.scm.db.dirs is not configured. We recommend adding this setting. Falling back to ozone.metadata.dirs instead.
2019-07-14 11:08:10,995 WARN  server.ServerUtils (ServerUtils.java:getScmDbDir(145)) - ozone.scm.db.dirs is not configured. We recommend adding this setting. Falling back to ozone.metadata.dirs instead.
2019-07-14 11:08:10,996 WARN  server.ServerUtils (ServerUtils.java:getScmDbDir(145)) - ozone.scm.db.dirs is not configured. We recommend adding this setting. Falling back to ozone.metadata.dirs instead.
2019-07-14 11:08:10,996 INFO  db.DBStoreBuilder (DBStoreBuilder.java:addTable(110)) - using custom profile for table: deletedBlocks
2019-07-14 11:08:10,996 INFO  db.DBStoreBuilder (DBStoreBuilder.java:processTables(161)) - Using default column profile:DBProfile.DISK for Table:deletedBlocks
2019-07-14 11:08:10,997 INFO  db.DBStoreBuilder (DBStoreBuilder.java:addTable(110)) - using custom profile for table: validCerts
2019-07-14 11:08:10,997 INFO  db.DBStoreBuilder (DBStoreBuilder.java:processTables(161)) - Using default column profile:DBProfile.DISK for Table:validCerts
2019-07-14 11:08:10,997 INFO  db.DBStoreBuilder (DBStoreBuilder.java:addTable(110)) - using custom profile for table: revokedCerts
2019-07-14 11:08:10,997 INFO  db.DBStoreBuilder (DBStoreBuilder.java:processTables(161)) - Using default column profile:DBProfile.DISK for Table:revokedCerts
2019-07-14 11:08:10,997 INFO  db.DBStoreBuilder (DBStoreBuilder.java:addTable(110)) - using custom profile for table: default
2019-07-14 11:08:10,998 INFO  db.DBStoreBuilder (DBStoreBuilder.java:processTables(167)) - Using default column profile:DBProfile.DISK for Table:default
2019-07-14 11:08:10,998 INFO  db.DBStoreBuilder (DBStoreBuilder.java:getDbProfile(198)) - Using default options. DBProfile.DISK
2019-07-14 11:08:11,136 INFO  net.NodeSchemaLoader (NodeSchemaLoader.java:loadSchemaFromFile(125)) - Loading file from sun.misc.CompoundEnumeration@21bf94d3
2019-07-14 11:08:11,136 INFO  net.NodeSchemaLoader (NodeSchemaLoader.java:loadSchema(171)) - Loading network topology layer schema file
2019-07-14 11:08:11,140 INFO  node.SCMNodeManager (SCMNodeManager.java:<init>(119)) - Entering startup safe mode.
2019-07-14 11:08:11,141 WARN  server.ServerUtils (ServerUtils.java:getScmDbDir(145)) - ozone.scm.db.dirs is not configured. We recommend adding this setting. Falling back to ozone.metadata.dirs instead.
2019-07-14 11:08:11,184 INFO  pipeline.SCMPipelineManager (SCMPipelineManager.java:initializePipelineState(126)) - No pipeline exists in current db
2019-07-14 11:08:11,184 WARN  server.ServerUtils (ServerUtils.java:getScmDbDir(145)) - ozone.scm.db.dirs is not configured. We recommend adding this setting. Falling back to ozone.metadata.dirs instead.
2019-07-14 11:08:11,231 WARN  events.EventQueue (EventQueue.java:fireEvent(175)) - No event handler registered for event TypedEvent{payloadType=SafeModeStatus, name='SafeModeStatus'}
2019-07-14 11:08:11,232 INFO  ipc.CallQueueManager (CallQueueManager.java:<init>(84)) - Using callQueue: class java.util.concurrent.LinkedBlockingQueue, queueCapacity: 2000, scheduler: class org.apache.hadoop.ipc.DefaultRpcScheduler, ipcBackoff: false.
2019-07-14 11:08:11,233 INFO  ipc.Server (Server.java:run(1074)) - Starting Socket Reader #1 for port 37391
2019-07-14 11:08:11,236 INFO  ipc.CallQueueManager (CallQueueManager.java:<init>(84)) - Using callQueue: class java.util.concurrent.LinkedBlockingQueue, queueCapacity: 2000, scheduler: class org.apache.hadoop.ipc.DefaultRpcScheduler, ipcBackoff: false.
2019-07-14 11:08:11,236 INFO  ipc.Server (Server.java:run(1074)) - Starting Socket Reader #1 for port 46618
2019-07-14 11:08:11,238 INFO  ipc.CallQueueManager (CallQueueManager.java:<init>(84)) - Using callQueue: class java.util.concurrent.LinkedBlockingQueue, queueCapacity: 2000, scheduler: class org.apache.hadoop.ipc.DefaultRpcScheduler, ipcBackoff: false.
2019-07-14 11:08:11,239 INFO  ipc.Server (Server.java:run(1074)) - Starting Socket Reader #1 for port 33583
2019-07-14 11:08:11,244 INFO  hdfs.DFSUtil (DFSUtil.java:httpServerTemplateForNNAndJN(1641)) - Starting Web-server for scm at: http://0.0.0.0:0
2019-07-14 11:08:11,246 INFO  server.AuthenticationFilter (AuthenticationFilter.java:constructSecretProvider(240)) - Unable to initialize FileSignerSecretProvider, falling back to use random secrets.
2019-07-14 11:08:11,247 WARN  http.HttpRequestLog (HttpRequestLog.java:getRequestLog(97)) - Jetty request log can only be enabled using Log4j
2019-07-14 11:08:11,249 INFO  http.HttpServer2 (HttpServer2.java:addGlobalFilter(975)) - Added global filter 'safety' (class=org.apache.hadoop.http.HttpServer2$QuotingInputFilter)
2019-07-14 11:08:11,250 INFO  http.HttpServer2 (HttpServer2.java:addFilter(948)) - Added filter static_user_filter (class=org.apache.hadoop.http.lib.StaticUserWebFilter$StaticUserFilter) to context scm
2019-07-14 11:08:11,250 INFO  http.HttpServer2 (HttpServer2.java:addFilter(958)) - Added filter static_user_filter (class=org.apache.hadoop.http.lib.StaticUserWebFilter$StaticUserFilter) to context static
2019-07-14 11:08:11,250 INFO  http.HttpServer2 (HttpServer2.java:addFilter(958)) - Added filter static_user_filter (class=org.apache.hadoop.http.lib.StaticUserWebFilter$StaticUserFilter) to context logs
2019-07-14 11:08:11,253 INFO  server.StorageContainerManager (StorageContainerManager.java:start(759)) - StorageContainerLocationProtocol RPC server is listening at /0.0.0.0:33583
2019-07-14 11:08:11,255 WARN  impl.MetricsConfig (MetricsConfig.java:loadFirst(134)) - Cannot locate configuration: tried hadoop-metrics2-storagecontainermanager.properties,hadoop-metrics2.properties
2019-07-14 11:08:11,256 INFO  impl.MetricsSystemImpl (MetricsSystemImpl.java:startTimer(374)) - Scheduled Metric snapshot period at 10 second(s).
2019-07-14 11:08:11,256 INFO  impl.MetricsSystemImpl (MetricsSystemImpl.java:start(191)) - StorageContainerManager metrics system started
2019-07-14 11:08:11,321 INFO  server.SCMClientProtocolServer (SCMClientProtocolServer.java:start(149)) - RPC server for Client  is listening at /0.0.0.0:33583
2019-07-14 11:08:11,322 INFO  ipc.Server (Server.java:run(1314)) - IPC Server Responder: starting
2019-07-14 11:08:11,322 INFO  ipc.Server (Server.java:run(1153)) - IPC Server listener on 33583: starting
2019-07-14 11:08:11,327 INFO  server.StorageContainerManager (StorageContainerManager.java:start(768)) - ScmBlockLocationProtocol RPC server is listening at /0.0.0.0:46618
2019-07-14 11:08:11,327 INFO  server.SCMBlockProtocolServer (SCMBlockProtocolServer.java:start(140)) - RPC server for Block Protocol is listening at /0.0.0.0:46618
2019-07-14 11:08:11,327 INFO  ipc.Server (Server.java:run(1314)) - IPC Server Responder: starting
2019-07-14 11:08:11,327 INFO  ipc.Server (Server.java:run(1153)) - IPC Server listener on 46618: starting
2019-07-14 11:08:11,332 INFO  server.StorageContainerManager (StorageContainerManager.java:start(772)) - ScmDatanodeProtocl RPC server is listening at /0.0.0.0:37391
2019-07-14 11:08:11,332 INFO  server.SCMDatanodeProtocolServer (SCMDatanodeProtocolServer.java:start(191)) - RPC server for DataNodes is listening at /0.0.0.0:37391
2019-07-14 11:08:11,333 INFO  ipc.Server (Server.java:run(1314)) - IPC Server Responder: starting
2019-07-14 11:08:11,333 INFO  ipc.Server (Server.java:run(1153)) - IPC Server listener on 37391: starting
2019-07-14 11:08:11,337 INFO  http.HttpServer2 (HttpServer2.java:bindListener(1191)) - Jetty bound to port 45496
2019-07-14 11:08:11,337 INFO  server.Server (Server.java:doStart(351)) - jetty-9.3.24.v20180605, build timestamp: 2018-06-05T17:11:56Z, git hash: 84205aa28f11a4f31f2a3b86d1bba2cc8ab69827
2019-07-14 11:08:11,339 INFO  handler.ContextHandler (ContextHandler.java:doStart(781)) - Started o.e.j.s.ServletContextHandler@78d72c9b{/logs,file:///workdir/hadoop-ozone/integration-test/target/log,AVAILABLE}
2019-07-14 11:08:11,340 INFO  handler.ContextHandler (ContextHandler.java:doStart(781)) - Started o.e.j.s.ServletContextHandler@2175111e{/static,file:///workdir/hadoop-ozone/integration-test/target/test-classes/webapps/static,AVAILABLE}
2019-07-14 11:08:11,344 INFO  handler.ContextHandler (ContextHandler.java:doStart(781)) - Started o.e.j.w.WebAppContext@60ee1a29{/,file:///workdir/hadoop-ozone/integration-test/target/test-classes/webapps/scm/,AVAILABLE}{/scm}
2019-07-14 11:08:11,345 INFO  server.AbstractConnector (AbstractConnector.java:doStart(278)) - Started ServerConnector@6142b9dd{HTTP/1.1,[http/1.1]}{0.0.0.0:45496}
2019-07-14 11:08:11,346 INFO  server.Server (Server.java:doStart(419)) - Started @667216ms
2019-07-14 11:08:11,348 INFO  server.BaseHttpServer (BaseHttpServer.java:updateConnectorAddress(207)) - HTTP server of SCM is listening at http://0.0.0.0:45496
2019-07-14 11:08:11,349 WARN  server.ServerUtils (ServerUtils.java:getDBPath(222)) - ozone.om.db.dirs is not configured. We recommend adding this setting. Falling back to ozone.metadata.dirs instead.
2019-07-14 11:08:11,350 INFO  util.JvmPauseMonitor (JvmPauseMonitor.java:run(188)) - Starting JVM pause monitor
2019-07-14 11:08:11,363 WARN  server.ServerUtils (ServerUtils.java:getDBPath(222)) - ozone.om.db.dirs is not configured. We recommend adding this setting. Falling back to ozone.metadata.dirs instead.
2019-07-14 11:08:11,364 INFO  om.OzoneManager (OzoneManager.java:setOMNodeDetails(630)) - OM Service ID is not set. Setting it to the default ID: omServiceIdDefault
2019-07-14 11:08:11,364 INFO  om.OzoneManager (OzoneManager.java:setOMNodeDetails(636)) - OM Node ID is not set. Setting it to the OmStorage's OmID: 25f7fb2c-3c58-4939-b3e7-517ca8dccdde
2019-07-14 11:08:11,364 INFO  om.OzoneManager (OzoneManager.java:loadOMHAConfigs(587)) - Found matching OM address with OMServiceId: null, OMNodeId: null, RPC Address: localhost:0 and Ratis port: 9872
2019-07-14 11:08:11,372 WARN  server.ServerUtils (ServerUtils.java:getDBPath(222)) - ozone.om.db.dirs is not configured. We recommend adding this setting. Falling back to ozone.metadata.dirs instead.
2019-07-14 11:08:11,372 INFO  db.DBStoreBuilder (DBStoreBuilder.java:addTable(110)) - using custom profile for table: userTable
2019-07-14 11:08:11,372 INFO  db.DBStoreBuilder (DBStoreBuilder.java:processTables(161)) - Using default column profile:DBProfile.DISK for Table:userTable
2019-07-14 11:08:11,373 INFO  db.DBStoreBuilder (DBStoreBuilder.java:addTable(110)) - using custom profile for table: volumeTable
2019-07-14 11:08:11,373 INFO  db.DBStoreBuilder (DBStoreBuilder.java:processTables(161)) - Using default column profile:DBProfile.DISK for Table:volumeTable
2019-07-14 11:08:11,373 INFO  db.DBStoreBuilder (DBStoreBuilder.java:addTable(110)) - using custom profile for table: bucketTable
2019-07-14 11:08:11,373 INFO  db.DBStoreBuilder (DBStoreBuilder.java:processTables(161)) - Using default column profile:DBProfile.DISK for Table:bucketTable
2019-07-14 11:08:11,373 INFO  db.DBStoreBuilder (DBStoreBuilder.java:addTable(110)) - using custom profile for table: keyTable
2019-07-14 11:08:11,374 INFO  db.DBStoreBuilder (DBStoreBuilder.java:processTables(161)) - Using default column profile:DBProfile.DISK for Table:keyTable
2019-07-14 11:08:11,374 INFO  db.DBStoreBuilder (DBStoreBuilder.java:addTable(110)) - using custom profile for table: deletedTable
2019-07-14 11:08:11,374 INFO  db.DBStoreBuilder (DBStoreBuilder.java:processTables(161)) - Using default column profile:DBProfile.DISK for Table:deletedTable
2019-07-14 11:08:11,375 INFO  db.DBStoreBuilder (DBStoreBuilder.java:addTable(110)) - using custom profile for table: openKeyTable
2019-07-14 11:08:11,375 INFO  db.DBStoreBuilder (DBStoreBuilder.java:processTables(161)) - Using default column profile:DBProfile.DISK for Table:openKeyTable
2019-07-14 11:08:11,375 INFO  db.DBStoreBuilder (DBStoreBuilder.java:addTable(110)) - using custom profile for table: s3Table
2019-07-14 11:08:11,376 INFO  db.DBStoreBuilder (DBStoreBuilder.java:processTables(161)) - Using default column profile:DBProfile.DISK for Table:s3Table
2019-07-14 11:08:11,376 INFO  db.DBStoreBuilder (DBStoreBuilder.java:addTable(110)) - using custom profile for table: multipartInfoTable
2019-07-14 11:08:11,376 INFO  db.DBStoreBuilder (DBStoreBuilder.java:processTables(161)) - Using default column profile:DBProfile.DISK for Table:multipartInfoTable
2019-07-14 11:08:11,376 INFO  db.DBStoreBuilder (DBStoreBuilder.java:addTable(110)) - using custom profile for table: dTokenTable
2019-07-14 11:08:11,376 INFO  db.DBStoreBuilder (DBStoreBuilder.java:processTables(161)) - Using default column profile:DBProfile.DISK for Table:dTokenTable
2019-07-14 11:08:11,377 INFO  db.DBStoreBuilder (DBStoreBuilder.java:addTable(110)) - using custom profile for table: s3SecretTable
2019-07-14 11:08:11,377 INFO  db.DBStoreBuilder (DBStoreBuilder.java:processTables(161)) - Using default column profile:DBProfile.DISK for Table:s3SecretTable
2019-07-14 11:08:11,377 INFO  db.DBStoreBuilder (DBStoreBuilder.java:addTable(110)) - using custom profile for table: prefixTable
2019-07-14 11:08:11,377 INFO  db.DBStoreBuilder (DBStoreBuilder.java:processTables(161)) - Using default column profile:DBProfile.DISK for Table:prefixTable
2019-07-14 11:08:11,378 INFO  db.DBStoreBuilder (DBStoreBuilder.java:addTable(110)) - using custom profile for table: default
2019-07-14 11:08:11,378 INFO  db.DBStoreBuilder (DBStoreBuilder.java:processTables(167)) - Using default column profile:DBProfile.DISK for Table:default
2019-07-14 11:08:11,378 INFO  db.DBStoreBuilder (DBStoreBuilder.java:getDbProfile(198)) - Using default options. DBProfile.DISK
2019-07-14 11:08:11,890 INFO  ipc.CallQueueManager (CallQueueManager.java:<init>(84)) - Using callQueue: class java.util.concurrent.LinkedBlockingQueue, queueCapacity: 2000, scheduler: class org.apache.hadoop.ipc.DefaultRpcScheduler, ipcBackoff: false.
2019-07-14 11:08:11,891 INFO  ipc.Server (Server.java:run(1074)) - Starting Socket Reader #1 for port 37784
2019-07-14 11:08:11,909 WARN  server.ServerUtils (ServerUtils.java:getDBPath(222)) - ozone.om.db.dirs is not configured. We recommend adding this setting. Falling back to ozone.metadata.dirs instead.
2019-07-14 11:08:11,910 INFO  om.OzoneManager (OzoneManager.java:start(1228)) - OzoneManager RPC server is listening at localhost/127.0.0.1:37784
2019-07-14 11:08:11,910 INFO  impl.MetricsSystemImpl (MetricsSystemImpl.java:init(158)) - OzoneManager metrics system started (again)
2019-07-14 11:08:11,911 INFO  ipc.Server (Server.java:run(1314)) - IPC Server Responder: starting
2019-07-14 11:08:11,911 INFO  ipc.Server (Server.java:run(1153)) - IPC Server listener on 37784: starting
2019-07-14 11:08:11,917 INFO  hdfs.DFSUtil (DFSUtil.java:httpServerTemplateForNNAndJN(1641)) - Starting Web-server for ozoneManager at: http://0.0.0.0:0
2019-07-14 11:08:11,920 INFO  server.AuthenticationFilter (AuthenticationFilter.java:constructSecretProvider(240)) - Unable to initialize FileSignerSecretProvider, falling back to use random secrets.
2019-07-14 11:08:11,920 WARN  http.HttpRequestLog (HttpRequestLog.java:getRequestLog(97)) - Jetty request log can only be enabled using Log4j
2019-07-14 11:08:11,923 INFO  http.HttpServer2 (HttpServer2.java:addGlobalFilter(975)) - Added global filter 'safety' (class=org.apache.hadoop.http.HttpServer2$QuotingInputFilter)
2019-07-14 11:08:11,923 INFO  http.HttpServer2 (HttpServer2.java:addFilter(948)) - Added filter static_user_filter (class=org.apache.hadoop.http.lib.StaticUserWebFilter$StaticUserFilter) to context ozoneManager
2019-07-14 11:08:11,924 INFO  http.HttpServer2 (HttpServer2.java:addFilter(958)) - Added filter static_user_filter (class=org.apache.hadoop.http.lib.StaticUserWebFilter$StaticUserFilter) to context logs
2019-07-14 11:08:11,924 INFO  http.HttpServer2 (HttpServer2.java:addFilter(958)) - Added filter static_user_filter (class=org.apache.hadoop.http.lib.StaticUserWebFilter$StaticUserFilter) to context static
2019-07-14 11:08:11,925 INFO  http.HttpServer2 (HttpServer2.java:bindListener(1191)) - Jetty bound to port 42294
2019-07-14 11:08:11,925 INFO  server.Server (Server.java:doStart(351)) - jetty-9.3.24.v20180605, build timestamp: 2018-06-05T17:11:56Z, git hash: 84205aa28f11a4f31f2a3b86d1bba2cc8ab69827
2019-07-14 11:08:11,927 INFO  handler.ContextHandler (ContextHandler.java:doStart(781)) - Started o.e.j.s.ServletContextHandler@3dcc59f5{/logs,file:///workdir/hadoop-ozone/integration-test/target/log,AVAILABLE}
2019-07-14 11:08:11,928 INFO  handler.ContextHandler (ContextHandler.java:doStart(781)) - Started o.e.j.s.ServletContextHandler@690337df{/static,file:///workdir/hadoop-ozone/integration-test/target/test-classes/webapps/static,AVAILABLE}
2019-07-14 11:08:11,933 INFO  handler.ContextHandler (ContextHandler.java:doStart(781)) - Started o.e.j.w.WebAppContext@7bfc7533{/,file:///workdir/hadoop-ozone/integration-test/target/test-classes/webapps/ozoneManager/,AVAILABLE}{/ozoneManager}
2019-07-14 11:08:11,934 INFO  server.AbstractConnector (AbstractConnector.java:doStart(278)) - Started ServerConnector@74fa4891{HTTP/1.1,[http/1.1]}{0.0.0.0:42294}
2019-07-14 11:08:11,935 INFO  server.Server (Server.java:doStart(419)) - Started @667805ms
2019-07-14 11:08:11,936 INFO  server.BaseHttpServer (BaseHttpServer.java:updateConnectorAddress(207)) - HTTP server of OZONEMANAGER is listening at http://0.0.0.0:42294
2019-07-14 11:08:11,953 INFO  impl.MetricsSystemImpl (MetricsSystemImpl.java:init(158)) - HddsDatanode metrics system started (again)
2019-07-14 11:08:11,954 INFO  ozone.HddsDatanodeService (HddsDatanodeService.java:start(185)) - HddsDatanodeService host:trunk-nightly-fxmrv-2540794721 ip:192.168.157.209
2019-07-14 11:08:11,966 INFO  volume.HddsVolume (HddsVolume.java:<init>(176)) - Creating Volume: /workdir/hadoop-ozone/integration-test/target/test-dir/MiniOzoneClusterImpl-8f5a5b31-577b-4034-9f8b-a6dcc573b209/datanode-0/data/containers/hdds of  storage type : DISK and capacity : 52710309888
2019-07-14 11:08:11,966 INFO  volume.VolumeSet (VolumeSet.java:initializeVolumeSet(170)) - Added Volume : /workdir/hadoop-ozone/integration-test/target/test-dir/MiniOzoneClusterImpl-8f5a5b31-577b-4034-9f8b-a6dcc573b209/datanode-0/data/containers/hdds to VolumeSet
2019-07-14 11:08:11,967 INFO  volume.ThrottledAsyncChecker (ThrottledAsyncChecker.java:schedule(140)) - Scheduling a check for org.apache.hadoop.ozone.container.common.volume.HddsVolume@6924ff83
2019-07-14 11:08:11,967 INFO  volume.HddsVolumeChecker (HddsVolumeChecker.java:checkAllVolumes(203)) - Scheduled health check for volume org.apache.hadoop.ozone.container.common.volume.HddsVolume@6924ff83
2019-07-14 11:08:11,987 INFO  impl.RaftServerProxy (ConfUtils.java:logGet(43)) - raft.rpc.type = GRPC (default)
2019-07-14 11:08:11,987 INFO  grpc.GrpcFactory (GrpcFactory.java:checkPooledByteBufAllocatorUseCacheForAllThreads(45)) - PERFORMANCE WARNING: useCacheForAllThreads is true that may cause Netty to create a lot garbage objects and, as a result, trigger GC.
	It is recommended to disable useCacheForAllThreads by setting -Dorg.apache.ratis.thirdparty.io.netty.allocator.useCacheForAllThreads=false in command line.
2019-07-14 11:08:11,987 INFO  grpc.GrpcConfigKeys$Server (ConfUtils.java:logGet(43)) - raft.grpc.server.port = 0 (default)
2019-07-14 11:08:11,988 INFO  server.GrpcService (ConfUtils.java:logGet(43)) - raft.grpc.message.size.max = 33570816 (custom)
2019-07-14 11:08:11,988 INFO  server.RaftServerConfigKeys (ConfUtils.java:logGet(43)) - raft.server.log.appender.buffer.byte-limit = 33554432 (custom)
2019-07-14 11:08:11,988 INFO  server.GrpcService (ConfUtils.java:logGet(43)) - raft.grpc.flow.control.window = 1MB (=1048576) (default)
2019-07-14 11:08:11,988 INFO  server.RaftServerConfigKeys (ConfUtils.java:logGet(43)) - raft.server.rpc.request.timeout = 3000ms (default)
2019-07-14 11:08:11,989 INFO  server.RaftServerConfigKeys (ConfUtils.java:logGet(43)) - raft.server.storage.dir = [/workdir/hadoop-ozone/integration-test/target/test-dir/MiniOzoneClusterImpl-8f5a5b31-577b-4034-9f8b-a6dcc573b209/datanode-0/data/ratis] (custom)
2019-07-14 11:08:11,990 INFO  replication.SimpleContainerDownloader (SimpleContainerDownloader.java:<init>(72)) - Starting container downloader service to copy containers to replicate.
2019-07-14 11:08:11,991 INFO  hdfs.DFSUtil (DFSUtil.java:httpServerTemplateForNNAndJN(1641)) - Starting Web-server for hddsDatanode at: http://0.0.0.0:0
2019-07-14 11:08:11,993 INFO  server.AuthenticationFilter (AuthenticationFilter.java:constructSecretProvider(240)) - Unable to initialize FileSignerSecretProvider, falling back to use random secrets.
2019-07-14 11:08:11,993 WARN  http.HttpRequestLog (HttpRequestLog.java:getRequestLog(97)) - Jetty request log can only be enabled using Log4j
2019-07-14 11:08:11,995 INFO  http.HttpServer2 (HttpServer2.java:addGlobalFilter(975)) - Added global filter 'safety' (class=org.apache.hadoop.http.HttpServer2$QuotingInputFilter)
2019-07-14 11:08:11,995 INFO  http.HttpServer2 (HttpServer2.java:addFilter(948)) - Added filter static_user_filter (class=org.apache.hadoop.http.lib.StaticUserWebFilter$StaticUserFilter) to context hddsDatanode
2019-07-14 11:08:11,995 INFO  http.HttpServer2 (HttpServer2.java:addFilter(958)) - Added filter static_user_filter (class=org.apache.hadoop.http.lib.StaticUserWebFilter$StaticUserFilter) to context logs
2019-07-14 11:08:11,996 INFO  http.HttpServer2 (HttpServer2.java:addFilter(958)) - Added filter static_user_filter (class=org.apache.hadoop.http.lib.StaticUserWebFilter$StaticUserFilter) to context static
2019-07-14 11:08:11,996 INFO  http.HttpServer2 (HttpServer2.java:bindListener(1191)) - Jetty bound to port 41466
2019-07-14 11:08:11,997 INFO  server.Server (Server.java:doStart(351)) - jetty-9.3.24.v20180605, build timestamp: 2018-06-05T17:11:56Z, git hash: 84205aa28f11a4f31f2a3b86d1bba2cc8ab69827
2019-07-14 11:08:11,998 INFO  handler.ContextHandler (ContextHandler.java:doStart(781)) - Started o.e.j.s.ServletContextHandler@7ce09850{/logs,file:///workdir/hadoop-ozone/integration-test/target/log,AVAILABLE}
2019-07-14 11:08:11,999 INFO  handler.ContextHandler (ContextHandler.java:doStart(781)) - Started o.e.j.s.ServletContextHandler@3e216fc9{/static,jar:file:/home/user/.m2/repository/org/apache/hadoop/hadoop-hdds-container-service/0.5.0-SNAPSHOT/hadoop-hdds-container-service-0.5.0-SNAPSHOT.jar!/webapps/static,AVAILABLE}
2019-07-14 11:08:12,033 INFO  handler.ContextHandler (ContextHandler.java:doStart(781)) - Started o.e.j.w.WebAppContext@cf822a6{/,file:///tmp/jetty-0.0.0.0-41466-hddsDatanode-_-any-5153586699134969461.dir/webapp/,AVAILABLE}{/hddsDatanode}
2019-07-14 11:08:12,033 INFO  server.AbstractConnector (AbstractConnector.java:doStart(278)) - Started ServerConnector@2fb36d8d{HTTP/1.1,[http/1.1]}{0.0.0.0:41466}
2019-07-14 11:08:12,035 INFO  server.Server (Server.java:doStart(419)) - Started @667904ms
2019-07-14 11:08:12,035 INFO  server.BaseHttpServer (BaseHttpServer.java:updateConnectorAddress(207)) - HTTP server of HDDSDATANODE is listening at http://0.0.0.0:41466
2019-07-14 11:08:12,160 INFO  ozone.HddsDatanodeService (HddsDatanodeService.java:startPlugins(396)) - Started plug-in org.apache.hadoop.ozone.web.OzoneHddsDatanodeService@372dc92e
2019-07-14 11:08:12,160 INFO  impl.MetricsSystemImpl (MetricsSystemImpl.java:init(158)) - HddsDatanode metrics system started (again)
2019-07-14 11:08:12,163 INFO  ozone.HddsDatanodeService (HddsDatanodeService.java:start(185)) - HddsDatanodeService host:trunk-nightly-fxmrv-2540794721 ip:192.168.157.209
2019-07-14 11:08:12,164 INFO  util.JvmPauseMonitor (JvmPauseMonitor.java:run(188)) - Starting JVM pause monitor
2019-07-14 11:08:12,166 INFO  datanode.InitDatanodeState (InitDatanodeState.java:persistContainerDatanodeDetails(140)) - DatanodeDetails is persisted to /workdir/hadoop-ozone/integration-test/target/test-dir/MiniOzoneClusterImpl-8f5a5b31-577b-4034-9f8b-a6dcc573b209/datanode-0/meta/datanode.id
2019-07-14 11:08:12,178 INFO  volume.HddsVolume (HddsVolume.java:<init>(176)) - Creating Volume: /workdir/hadoop-ozone/integration-test/target/test-dir/MiniOzoneClusterImpl-8f5a5b31-577b-4034-9f8b-a6dcc573b209/datanode-1/data/containers/hdds of  storage type : DISK and capacity : 52710309888
2019-07-14 11:08:12,178 INFO  volume.VolumeSet (VolumeSet.java:initializeVolumeSet(170)) - Added Volume : /workdir/hadoop-ozone/integration-test/target/test-dir/MiniOzoneClusterImpl-8f5a5b31-577b-4034-9f8b-a6dcc573b209/datanode-1/data/containers/hdds to VolumeSet
2019-07-14 11:08:12,178 INFO  volume.ThrottledAsyncChecker (ThrottledAsyncChecker.java:schedule(140)) - Scheduling a check for org.apache.hadoop.ozone.container.common.volume.HddsVolume@39584147
2019-07-14 11:08:12,179 INFO  volume.HddsVolumeChecker (HddsVolumeChecker.java:checkAllVolumes(203)) - Scheduled health check for volume org.apache.hadoop.ozone.container.common.volume.HddsVolume@39584147
2019-07-14 11:08:12,195 INFO  impl.RaftServerProxy (ConfUtils.java:logGet(43)) - raft.rpc.type = GRPC (default)
2019-07-14 11:08:12,195 INFO  grpc.GrpcFactory (GrpcFactory.java:checkPooledByteBufAllocatorUseCacheForAllThreads(45)) - PERFORMANCE WARNING: useCacheForAllThreads is true that may cause Netty to create a lot garbage objects and, as a result, trigger GC.
	It is recommended to disable useCacheForAllThreads by setting -Dorg.apache.ratis.thirdparty.io.netty.allocator.useCacheForAllThreads=false in command line.
2019-07-14 11:08:12,195 INFO  grpc.GrpcConfigKeys$Server (ConfUtils.java:logGet(43)) - raft.grpc.server.port = 0 (default)
2019-07-14 11:08:12,196 INFO  server.GrpcService (ConfUtils.java:logGet(43)) - raft.grpc.message.size.max = 33570816 (custom)
2019-07-14 11:08:12,196 INFO  server.RaftServerConfigKeys (ConfUtils.java:logGet(43)) - raft.server.log.appender.buffer.byte-limit = 33554432 (custom)
2019-07-14 11:08:12,196 INFO  server.GrpcService (ConfUtils.java:logGet(43)) - raft.grpc.flow.control.window = 1MB (=1048576) (default)
2019-07-14 11:08:12,196 INFO  server.RaftServerConfigKeys (ConfUtils.java:logGet(43)) - raft.server.rpc.request.timeout = 3000ms (default)
2019-07-14 11:08:12,197 INFO  server.RaftServerConfigKeys (ConfUtils.java:logGet(43)) - raft.server.storage.dir = [/workdir/hadoop-ozone/integration-test/target/test-dir/MiniOzoneClusterImpl-8f5a5b31-577b-4034-9f8b-a6dcc573b209/datanode-1/data/ratis] (custom)
2019-07-14 11:08:12,197 INFO  replication.SimpleContainerDownloader (SimpleContainerDownloader.java:<init>(72)) - Starting container downloader service to copy containers to replicate.
2019-07-14 11:08:12,199 INFO  hdfs.DFSUtil (DFSUtil.java:httpServerTemplateForNNAndJN(1641)) - Starting Web-server for hddsDatanode at: http://0.0.0.0:0
2019-07-14 11:08:12,201 INFO  server.AuthenticationFilter (AuthenticationFilter.java:constructSecretProvider(240)) - Unable to initialize FileSignerSecretProvider, falling back to use random secrets.
2019-07-14 11:08:12,201 WARN  http.HttpRequestLog (HttpRequestLog.java:getRequestLog(97)) - Jetty request log can only be enabled using Log4j
2019-07-14 11:08:12,203 INFO  http.HttpServer2 (HttpServer2.java:addGlobalFilter(975)) - Added global filter 'safety' (class=org.apache.hadoop.http.HttpServer2$QuotingInputFilter)
2019-07-14 11:08:12,204 INFO  http.HttpServer2 (HttpServer2.java:addFilter(948)) - Added filter static_user_filter (class=org.apache.hadoop.http.lib.StaticUserWebFilter$StaticUserFilter) to context hddsDatanode
2019-07-14 11:08:12,204 INFO  http.HttpServer2 (HttpServer2.java:addFilter(958)) - Added filter static_user_filter (class=org.apache.hadoop.http.lib.StaticUserWebFilter$StaticUserFilter) to context logs
2019-07-14 11:08:12,205 INFO  http.HttpServer2 (HttpServer2.java:addFilter(958)) - Added filter static_user_filter (class=org.apache.hadoop.http.lib.StaticUserWebFilter$StaticUserFilter) to context static
2019-07-14 11:08:12,206 INFO  http.HttpServer2 (HttpServer2.java:bindListener(1191)) - Jetty bound to port 41020
2019-07-14 11:08:12,206 INFO  server.Server (Server.java:doStart(351)) - jetty-9.3.24.v20180605, build timestamp: 2018-06-05T17:11:56Z, git hash: 84205aa28f11a4f31f2a3b86d1bba2cc8ab69827
2019-07-14 11:08:12,208 INFO  handler.ContextHandler (ContextHandler.java:doStart(781)) - Started o.e.j.s.ServletContextHandler@42f40ad0{/logs,file:///workdir/hadoop-ozone/integration-test/target/log,AVAILABLE}
2019-07-14 11:08:12,209 INFO  handler.ContextHandler (ContextHandler.java:doStart(781)) - Started o.e.j.s.ServletContextHandler@5572be5a{/static,jar:file:/home/user/.m2/repository/org/apache/hadoop/hadoop-hdds-container-service/0.5.0-SNAPSHOT/hadoop-hdds-container-service-0.5.0-SNAPSHOT.jar!/webapps/static,AVAILABLE}
2019-07-14 11:08:12,252 INFO  handler.ContextHandler (ContextHandler.java:doStart(781)) - Started o.e.j.w.WebAppContext@78e3bebd{/,file:///tmp/jetty-0.0.0.0-41020-hddsDatanode-_-any-5459770030827883868.dir/webapp/,AVAILABLE}{/hddsDatanode}
2019-07-14 11:08:12,252 INFO  server.AbstractConnector (AbstractConnector.java:doStart(278)) - Started ServerConnector@4f0b02a3{HTTP/1.1,[http/1.1]}{0.0.0.0:41020}
2019-07-14 11:08:12,254 INFO  server.Server (Server.java:doStart(419)) - Started @668123ms
2019-07-14 11:08:12,254 INFO  server.BaseHttpServer (BaseHttpServer.java:updateConnectorAddress(207)) - HTTP server of HDDSDATANODE is listening at http://0.0.0.0:41020
2019-07-14 11:08:12,364 INFO  ozone.HddsDatanodeService (HddsDatanodeService.java:startPlugins(396)) - Started plug-in org.apache.hadoop.ozone.web.OzoneHddsDatanodeService@78fd9a11
2019-07-14 11:08:12,364 INFO  impl.MetricsSystemImpl (MetricsSystemImpl.java:init(158)) - HddsDatanode metrics system started (again)
2019-07-14 11:08:12,367 INFO  ozone.HddsDatanodeService (HddsDatanodeService.java:start(185)) - HddsDatanodeService host:trunk-nightly-fxmrv-2540794721 ip:192.168.157.209
2019-07-14 11:08:12,368 INFO  util.JvmPauseMonitor (JvmPauseMonitor.java:run(188)) - Starting JVM pause monitor
2019-07-14 11:08:12,369 INFO  datanode.InitDatanodeState (InitDatanodeState.java:persistContainerDatanodeDetails(140)) - DatanodeDetails is persisted to /workdir/hadoop-ozone/integration-test/target/test-dir/MiniOzoneClusterImpl-8f5a5b31-577b-4034-9f8b-a6dcc573b209/datanode-1/meta/datanode.id
2019-07-14 11:08:12,380 INFO  volume.HddsVolume (HddsVolume.java:<init>(176)) - Creating Volume: /workdir/hadoop-ozone/integration-test/target/test-dir/MiniOzoneClusterImpl-8f5a5b31-577b-4034-9f8b-a6dcc573b209/datanode-2/data/containers/hdds of  storage type : DISK and capacity : 52710309888
2019-07-14 11:08:12,381 INFO  volume.VolumeSet (VolumeSet.java:initializeVolumeSet(170)) - Added Volume : /workdir/hadoop-ozone/integration-test/target/test-dir/MiniOzoneClusterImpl-8f5a5b31-577b-4034-9f8b-a6dcc573b209/datanode-2/data/containers/hdds to VolumeSet
2019-07-14 11:08:12,381 INFO  volume.ThrottledAsyncChecker (ThrottledAsyncChecker.java:schedule(140)) - Scheduling a check for org.apache.hadoop.ozone.container.common.volume.HddsVolume@2395c168
2019-07-14 11:08:12,381 INFO  volume.HddsVolumeChecker (HddsVolumeChecker.java:checkAllVolumes(203)) - Scheduled health check for volume org.apache.hadoop.ozone.container.common.volume.HddsVolume@2395c168
2019-07-14 11:08:12,396 INFO  impl.RaftServerProxy (ConfUtils.java:logGet(43)) - raft.rpc.type = GRPC (default)
2019-07-14 11:08:12,396 INFO  grpc.GrpcFactory (GrpcFactory.java:checkPooledByteBufAllocatorUseCacheForAllThreads(45)) - PERFORMANCE WARNING: useCacheForAllThreads is true that may cause Netty to create a lot garbage objects and, as a result, trigger GC.
	It is recommended to disable useCacheForAllThreads by setting -Dorg.apache.ratis.thirdparty.io.netty.allocator.useCacheForAllThreads=false in command line.
2019-07-14 11:08:12,396 INFO  grpc.GrpcConfigKeys$Server (ConfUtils.java:logGet(43)) - raft.grpc.server.port = 0 (default)
2019-07-14 11:08:12,397 INFO  server.GrpcService (ConfUtils.java:logGet(43)) - raft.grpc.message.size.max = 33570816 (custom)
2019-07-14 11:08:12,397 INFO  server.RaftServerConfigKeys (ConfUtils.java:logGet(43)) - raft.server.log.appender.buffer.byte-limit = 33554432 (custom)
2019-07-14 11:08:12,397 INFO  server.GrpcService (ConfUtils.java:logGet(43)) - raft.grpc.flow.control.window = 1MB (=1048576) (default)
2019-07-14 11:08:12,397 INFO  server.RaftServerConfigKeys (ConfUtils.java:logGet(43)) - raft.server.rpc.request.timeout = 3000ms (default)
2019-07-14 11:08:12,398 INFO  server.RaftServerConfigKeys (ConfUtils.java:logGet(43)) - raft.server.storage.dir = [/workdir/hadoop-ozone/integration-test/target/test-dir/MiniOzoneClusterImpl-8f5a5b31-577b-4034-9f8b-a6dcc573b209/datanode-2/data/ratis] (custom)
2019-07-14 11:08:12,398 INFO  replication.SimpleContainerDownloader (SimpleContainerDownloader.java:<init>(72)) - Starting container downloader service to copy containers to replicate.
2019-07-14 11:08:12,399 INFO  hdfs.DFSUtil (DFSUtil.java:httpServerTemplateForNNAndJN(1641)) - Starting Web-server for hddsDatanode at: http://0.0.0.0:0
2019-07-14 11:08:12,400 INFO  server.AuthenticationFilter (AuthenticationFilter.java:constructSecretProvider(240)) - Unable to initialize FileSignerSecretProvider, falling back to use random secrets.
2019-07-14 11:08:12,401 WARN  http.HttpRequestLog (HttpRequestLog.java:getRequestLog(97)) - Jetty request log can only be enabled using Log4j
2019-07-14 11:08:12,402 INFO  http.HttpServer2 (HttpServer2.java:addGlobalFilter(975)) - Added global filter 'safety' (class=org.apache.hadoop.http.HttpServer2$QuotingInputFilter)
2019-07-14 11:08:12,402 INFO  http.HttpServer2 (HttpServer2.java:addFilter(948)) - Added filter static_user_filter (class=org.apache.hadoop.http.lib.StaticUserWebFilter$StaticUserFilter) to context hddsDatanode
2019-07-14 11:08:12,402 INFO  http.HttpServer2 (HttpServer2.java:addFilter(958)) - Added filter static_user_filter (class=org.apache.hadoop.http.lib.StaticUserWebFilter$StaticUserFilter) to context logs
2019-07-14 11:08:12,402 INFO  http.HttpServer2 (HttpServer2.java:addFilter(958)) - Added filter static_user_filter (class=org.apache.hadoop.http.lib.StaticUserWebFilter$StaticUserFilter) to context static
2019-07-14 11:08:12,403 INFO  http.HttpServer2 (HttpServer2.java:bindListener(1191)) - Jetty bound to port 46601
2019-07-14 11:08:12,403 INFO  server.Server (Server.java:doStart(351)) - jetty-9.3.24.v20180605, build timestamp: 2018-06-05T17:11:56Z, git hash: 84205aa28f11a4f31f2a3b86d1bba2cc8ab69827
2019-07-14 11:08:12,404 INFO  handler.ContextHandler (ContextHandler.java:doStart(781)) - Started o.e.j.s.ServletContextHandler@14c5625d{/logs,file:///workdir/hadoop-ozone/integration-test/target/log,AVAILABLE}
2019-07-14 11:08:12,405 INFO  handler.ContextHandler (ContextHandler.java:doStart(781)) - Started o.e.j.s.ServletContextHandler@119b837{/static,jar:file:/home/user/.m2/repository/org/apache/hadoop/hadoop-hdds-container-service/0.5.0-SNAPSHOT/hadoop-hdds-container-service-0.5.0-SNAPSHOT.jar!/webapps/static,AVAILABLE}
2019-07-14 11:08:12,431 INFO  handler.ContextHandler (ContextHandler.java:doStart(781)) - Started o.e.j.w.WebAppContext@625439ba{/,file:///tmp/jetty-0.0.0.0-46601-hddsDatanode-_-any-2228275849715259345.dir/webapp/,AVAILABLE}{/hddsDatanode}
2019-07-14 11:08:12,431 INFO  server.AbstractConnector (AbstractConnector.java:doStart(278)) - Started ServerConnector@2763500e{HTTP/1.1,[http/1.1]}{0.0.0.0:46601}
2019-07-14 11:08:12,431 INFO  server.Server (Server.java:doStart(419)) - Started @668301ms
2019-07-14 11:08:12,433 INFO  server.BaseHttpServer (BaseHttpServer.java:updateConnectorAddress(207)) - HTTP server of HDDSDATANODE is listening at http://0.0.0.0:46601
2019-07-14 11:08:12,531 INFO  ozone.HddsDatanodeService (HddsDatanodeService.java:startPlugins(396)) - Started plug-in org.apache.hadoop.ozone.web.OzoneHddsDatanodeService@521f2a23
2019-07-14 11:08:12,531 INFO  impl.MetricsSystemImpl (MetricsSystemImpl.java:init(158)) - HddsDatanode metrics system started (again)
2019-07-14 11:08:12,534 INFO  ozone.HddsDatanodeService (HddsDatanodeService.java:start(185)) - HddsDatanodeService host:trunk-nightly-fxmrv-2540794721 ip:192.168.157.209
2019-07-14 11:08:12,535 INFO  util.JvmPauseMonitor (JvmPauseMonitor.java:run(188)) - Starting JVM pause monitor
2019-07-14 11:08:12,536 INFO  datanode.InitDatanodeState (InitDatanodeState.java:persistContainerDatanodeDetails(140)) - DatanodeDetails is persisted to /workdir/hadoop-ozone/integration-test/target/test-dir/MiniOzoneClusterImpl-8f5a5b31-577b-4034-9f8b-a6dcc573b209/datanode-2/meta/datanode.id
2019-07-14 11:08:12,548 INFO  volume.HddsVolume (HddsVolume.java:<init>(176)) - Creating Volume: /workdir/hadoop-ozone/integration-test/target/test-dir/MiniOzoneClusterImpl-8f5a5b31-577b-4034-9f8b-a6dcc573b209/datanode-3/data/containers/hdds of  storage type : DISK and capacity : 52710309888
2019-07-14 11:08:12,548 INFO  volume.VolumeSet (VolumeSet.java:initializeVolumeSet(170)) - Added Volume : /workdir/hadoop-ozone/integration-test/target/test-dir/MiniOzoneClusterImpl-8f5a5b31-577b-4034-9f8b-a6dcc573b209/datanode-3/data/containers/hdds to VolumeSet
2019-07-14 11:08:12,548 INFO  volume.ThrottledAsyncChecker (ThrottledAsyncChecker.java:schedule(140)) - Scheduling a check for org.apache.hadoop.ozone.container.common.volume.HddsVolume@74a15f4
2019-07-14 11:08:12,549 INFO  volume.HddsVolumeChecker (HddsVolumeChecker.java:checkAllVolumes(203)) - Scheduled health check for volume org.apache.hadoop.ozone.container.common.volume.HddsVolume@74a15f4
2019-07-14 11:08:12,564 INFO  impl.RaftServerProxy (ConfUtils.java:logGet(43)) - raft.rpc.type = GRPC (default)
2019-07-14 11:08:12,564 INFO  grpc.GrpcFactory (GrpcFactory.java:checkPooledByteBufAllocatorUseCacheForAllThreads(45)) - PERFORMANCE WARNING: useCacheForAllThreads is true that may cause Netty to create a lot garbage objects and, as a result, trigger GC.
	It is recommended to disable useCacheForAllThreads by setting -Dorg.apache.ratis.thirdparty.io.netty.allocator.useCacheForAllThreads=false in command line.
2019-07-14 11:08:12,564 INFO  grpc.GrpcConfigKeys$Server (ConfUtils.java:logGet(43)) - raft.grpc.server.port = 0 (default)
2019-07-14 11:08:12,565 INFO  server.GrpcService (ConfUtils.java:logGet(43)) - raft.grpc.message.size.max = 33570816 (custom)
2019-07-14 11:08:12,565 INFO  server.RaftServerConfigKeys (ConfUtils.java:logGet(43)) - raft.server.log.appender.buffer.byte-limit = 33554432 (custom)
2019-07-14 11:08:12,565 INFO  server.GrpcService (ConfUtils.java:logGet(43)) - raft.grpc.flow.control.window = 1MB (=1048576) (default)
2019-07-14 11:08:12,565 INFO  server.RaftServerConfigKeys (ConfUtils.java:logGet(43)) - raft.server.rpc.request.timeout = 3000ms (default)
2019-07-14 11:08:12,566 INFO  server.RaftServerConfigKeys (ConfUtils.java:logGet(43)) - raft.server.storage.dir = [/workdir/hadoop-ozone/integration-test/target/test-dir/MiniOzoneClusterImpl-8f5a5b31-577b-4034-9f8b-a6dcc573b209/datanode-3/data/ratis] (custom)
2019-07-14 11:08:12,566 INFO  replication.SimpleContainerDownloader (SimpleContainerDownloader.java:<init>(72)) - Starting container downloader service to copy containers to replicate.
2019-07-14 11:08:12,567 INFO  hdfs.DFSUtil (DFSUtil.java:httpServerTemplateForNNAndJN(1641)) - Starting Web-server for hddsDatanode at: http://0.0.0.0:0
2019-07-14 11:08:12,568 INFO  server.AuthenticationFilter (AuthenticationFilter.java:constructSecretProvider(240)) - Unable to initialize FileSignerSecretProvider, falling back to use random secrets.
2019-07-14 11:08:12,569 WARN  http.HttpRequestLog (HttpRequestLog.java:getRequestLog(97)) - Jetty request log can only be enabled using Log4j
2019-07-14 11:08:12,570 INFO  http.HttpServer2 (HttpServer2.java:addGlobalFilter(975)) - Added global filter 'safety' (class=org.apache.hadoop.http.HttpServer2$QuotingInputFilter)
2019-07-14 11:08:12,570 INFO  http.HttpServer2 (HttpServer2.java:addFilter(948)) - Added filter static_user_filter (class=org.apache.hadoop.http.lib.StaticUserWebFilter$StaticUserFilter) to context hddsDatanode
2019-07-14 11:08:12,570 INFO  http.HttpServer2 (HttpServer2.java:addFilter(958)) - Added filter static_user_filter (class=org.apache.hadoop.http.lib.StaticUserWebFilter$StaticUserFilter) to context static
2019-07-14 11:08:12,570 INFO  http.HttpServer2 (HttpServer2.java:addFilter(958)) - Added filter static_user_filter (class=org.apache.hadoop.http.lib.StaticUserWebFilter$StaticUserFilter) to context logs
2019-07-14 11:08:12,571 INFO  http.HttpServer2 (HttpServer2.java:bindListener(1191)) - Jetty bound to port 35899
2019-07-14 11:08:12,571 INFO  server.Server (Server.java:doStart(351)) - jetty-9.3.24.v20180605, build timestamp: 2018-06-05T17:11:56Z, git hash: 84205aa28f11a4f31f2a3b86d1bba2cc8ab69827
2019-07-14 11:08:12,573 INFO  handler.ContextHandler (ContextHandler.java:doStart(781)) - Started o.e.j.s.ServletContextHandler@794a3410{/logs,file:///workdir/hadoop-ozone/integration-test/target/log,AVAILABLE}
2019-07-14 11:08:12,573 INFO  handler.ContextHandler (ContextHandler.java:doStart(781)) - Started o.e.j.s.ServletContextHandler@4dc9de0e{/static,jar:file:/home/user/.m2/repository/org/apache/hadoop/hadoop-hdds-container-service/0.5.0-SNAPSHOT/hadoop-hdds-container-service-0.5.0-SNAPSHOT.jar!/webapps/static,AVAILABLE}
2019-07-14 11:08:12,601 INFO  handler.ContextHandler (ContextHandler.java:doStart(781)) - Started o.e.j.w.WebAppContext@686a192d{/,file:///tmp/jetty-0.0.0.0-35899-hddsDatanode-_-any-7214493412029493897.dir/webapp/,AVAILABLE}{/hddsDatanode}
2019-07-14 11:08:12,601 INFO  server.AbstractConnector (AbstractConnector.java:doStart(278)) - Started ServerConnector@aecfc07{HTTP/1.1,[http/1.1]}{0.0.0.0:35899}
2019-07-14 11:08:12,603 INFO  server.Server (Server.java:doStart(419)) - Started @668471ms
2019-07-14 11:08:12,603 INFO  server.BaseHttpServer (BaseHttpServer.java:updateConnectorAddress(207)) - HTTP server of HDDSDATANODE is listening at http://0.0.0.0:35899
2019-07-14 11:08:12,702 INFO  ozone.HddsDatanodeService (HddsDatanodeService.java:startPlugins(396)) - Started plug-in org.apache.hadoop.ozone.web.OzoneHddsDatanodeService@4bbc9862
2019-07-14 11:08:12,702 INFO  impl.MetricsSystemImpl (MetricsSystemImpl.java:init(158)) - HddsDatanode metrics system started (again)
2019-07-14 11:08:12,705 INFO  ozone.HddsDatanodeService (HddsDatanodeService.java:start(185)) - HddsDatanodeService host:trunk-nightly-fxmrv-2540794721 ip:192.168.157.209
2019-07-14 11:08:12,706 INFO  util.JvmPauseMonitor (JvmPauseMonitor.java:run(188)) - Starting JVM pause monitor
2019-07-14 11:08:12,708 INFO  datanode.InitDatanodeState (InitDatanodeState.java:persistContainerDatanodeDetails(140)) - DatanodeDetails is persisted to /workdir/hadoop-ozone/integration-test/target/test-dir/MiniOzoneClusterImpl-8f5a5b31-577b-4034-9f8b-a6dcc573b209/datanode-3/meta/datanode.id
2019-07-14 11:08:12,719 INFO  volume.HddsVolume (HddsVolume.java:<init>(176)) - Creating Volume: /workdir/hadoop-ozone/integration-test/target/test-dir/MiniOzoneClusterImpl-8f5a5b31-577b-4034-9f8b-a6dcc573b209/datanode-4/data/containers/hdds of  storage type : DISK and capacity : 52710309888
2019-07-14 11:08:12,719 INFO  volume.VolumeSet (VolumeSet.java:initializeVolumeSet(170)) - Added Volume : /workdir/hadoop-ozone/integration-test/target/test-dir/MiniOzoneClusterImpl-8f5a5b31-577b-4034-9f8b-a6dcc573b209/datanode-4/data/containers/hdds to VolumeSet
2019-07-14 11:08:12,719 INFO  volume.ThrottledAsyncChecker (ThrottledAsyncChecker.java:schedule(140)) - Scheduling a check for org.apache.hadoop.ozone.container.common.volume.HddsVolume@1db077a4
2019-07-14 11:08:12,720 INFO  volume.HddsVolumeChecker (HddsVolumeChecker.java:checkAllVolumes(203)) - Scheduled health check for volume org.apache.hadoop.ozone.container.common.volume.HddsVolume@1db077a4
2019-07-14 11:08:12,734 INFO  impl.RaftServerProxy (ConfUtils.java:logGet(43)) - raft.rpc.type = GRPC (default)
2019-07-14 11:08:12,734 INFO  grpc.GrpcFactory (GrpcFactory.java:checkPooledByteBufAllocatorUseCacheForAllThreads(45)) - PERFORMANCE WARNING: useCacheForAllThreads is true that may cause Netty to create a lot garbage objects and, as a result, trigger GC.
	It is recommended to disable useCacheForAllThreads by setting -Dorg.apache.ratis.thirdparty.io.netty.allocator.useCacheForAllThreads=false in command line.
2019-07-14 11:08:12,734 INFO  grpc.GrpcConfigKeys$Server (ConfUtils.java:logGet(43)) - raft.grpc.server.port = 0 (default)
2019-07-14 11:08:12,736 INFO  server.GrpcService (ConfUtils.java:logGet(43)) - raft.grpc.message.size.max = 33570816 (custom)
2019-07-14 11:08:12,736 INFO  server.RaftServerConfigKeys (ConfUtils.java:logGet(43)) - raft.server.log.appender.buffer.byte-limit = 33554432 (custom)
2019-07-14 11:08:12,736 INFO  server.GrpcService (ConfUtils.java:logGet(43)) - raft.grpc.flow.control.window = 1MB (=1048576) (default)
2019-07-14 11:08:12,736 INFO  server.RaftServerConfigKeys (ConfUtils.java:logGet(43)) - raft.server.rpc.request.timeout = 3000ms (default)
2019-07-14 11:08:12,737 INFO  server.RaftServerConfigKeys (ConfUtils.java:logGet(43)) - raft.server.storage.dir = [/workdir/hadoop-ozone/integration-test/target/test-dir/MiniOzoneClusterImpl-8f5a5b31-577b-4034-9f8b-a6dcc573b209/datanode-4/data/ratis] (custom)
2019-07-14 11:08:12,737 INFO  replication.SimpleContainerDownloader (SimpleContainerDownloader.java:<init>(72)) - Starting container downloader service to copy containers to replicate.
2019-07-14 11:08:12,738 INFO  hdfs.DFSUtil (DFSUtil.java:httpServerTemplateForNNAndJN(1641)) - Starting Web-server for hddsDatanode at: http://0.0.0.0:0
2019-07-14 11:08:12,740 INFO  server.AuthenticationFilter (AuthenticationFilter.java:constructSecretProvider(240)) - Unable to initialize FileSignerSecretProvider, falling back to use random secrets.
2019-07-14 11:08:12,740 WARN  http.HttpRequestLog (HttpRequestLog.java:getRequestLog(97)) - Jetty request log can only be enabled using Log4j
2019-07-14 11:08:12,741 INFO  http.HttpServer2 (HttpServer2.java:addGlobalFilter(975)) - Added global filter 'safety' (class=org.apache.hadoop.http.HttpServer2$QuotingInputFilter)
2019-07-14 11:08:12,742 INFO  http.HttpServer2 (HttpServer2.java:addFilter(948)) - Added filter static_user_filter (class=org.apache.hadoop.http.lib.StaticUserWebFilter$StaticUserFilter) to context hddsDatanode
2019-07-14 11:08:12,742 INFO  http.HttpServer2 (HttpServer2.java:addFilter(958)) - Added filter static_user_filter (class=org.apache.hadoop.http.lib.StaticUserWebFilter$StaticUserFilter) to context logs
2019-07-14 11:08:12,742 INFO  http.HttpServer2 (HttpServer2.java:addFilter(958)) - Added filter static_user_filter (class=org.apache.hadoop.http.lib.StaticUserWebFilter$StaticUserFilter) to context static
2019-07-14 11:08:12,742 INFO  http.HttpServer2 (HttpServer2.java:bindListener(1191)) - Jetty bound to port 34896
2019-07-14 11:08:12,743 INFO  server.Server (Server.java:doStart(351)) - jetty-9.3.24.v20180605, build timestamp: 2018-06-05T17:11:56Z, git hash: 84205aa28f11a4f31f2a3b86d1bba2cc8ab69827
2019-07-14 11:08:12,744 INFO  handler.ContextHandler (ContextHandler.java:doStart(781)) - Started o.e.j.s.ServletContextHandler@4e38b4ea{/logs,file:///workdir/hadoop-ozone/integration-test/target/log,AVAILABLE}
2019-07-14 11:08:12,745 INFO  handler.ContextHandler (ContextHandler.java:doStart(781)) - Started o.e.j.s.ServletContextHandler@20e1ce62{/static,jar:file:/home/user/.m2/repository/org/apache/hadoop/hadoop-hdds-container-service/0.5.0-SNAPSHOT/hadoop-hdds-container-service-0.5.0-SNAPSHOT.jar!/webapps/static,AVAILABLE}
2019-07-14 11:08:12,774 INFO  handler.ContextHandler (ContextHandler.java:doStart(781)) - Started o.e.j.w.WebAppContext@3f41a1f3{/,file:///tmp/jetty-0.0.0.0-34896-hddsDatanode-_-any-2777784435089735585.dir/webapp/,AVAILABLE}{/hddsDatanode}
2019-07-14 11:08:12,774 INFO  server.AbstractConnector (AbstractConnector.java:doStart(278)) - Started ServerConnector@4374c051{HTTP/1.1,[http/1.1]}{0.0.0.0:34896}
2019-07-14 11:08:12,776 INFO  server.Server (Server.java:doStart(419)) - Started @668644ms
2019-07-14 11:08:12,776 INFO  server.BaseHttpServer (BaseHttpServer.java:updateConnectorAddress(207)) - HTTP server of HDDSDATANODE is listening at http://0.0.0.0:34896
2019-07-14 11:08:12,876 INFO  ozone.HddsDatanodeService (HddsDatanodeService.java:startPlugins(396)) - Started plug-in org.apache.hadoop.ozone.web.OzoneHddsDatanodeService@680c372f
2019-07-14 11:08:12,876 INFO  impl.MetricsSystemImpl (MetricsSystemImpl.java:init(158)) - HddsDatanode metrics system started (again)
2019-07-14 11:08:12,879 INFO  ozone.HddsDatanodeService (HddsDatanodeService.java:start(185)) - HddsDatanodeService host:trunk-nightly-fxmrv-2540794721 ip:192.168.157.209
2019-07-14 11:08:12,880 INFO  util.JvmPauseMonitor (JvmPauseMonitor.java:run(188)) - Starting JVM pause monitor
2019-07-14 11:08:12,882 INFO  datanode.InitDatanodeState (InitDatanodeState.java:persistContainerDatanodeDetails(140)) - DatanodeDetails is persisted to /workdir/hadoop-ozone/integration-test/target/test-dir/MiniOzoneClusterImpl-8f5a5b31-577b-4034-9f8b-a6dcc573b209/datanode-4/meta/datanode.id
2019-07-14 11:08:12,893 INFO  volume.HddsVolume (HddsVolume.java:<init>(176)) - Creating Volume: /workdir/hadoop-ozone/integration-test/target/test-dir/MiniOzoneClusterImpl-8f5a5b31-577b-4034-9f8b-a6dcc573b209/datanode-5/data/containers/hdds of  storage type : DISK and capacity : 52710309888
2019-07-14 11:08:12,894 INFO  volume.VolumeSet (VolumeSet.java:initializeVolumeSet(170)) - Added Volume : /workdir/hadoop-ozone/integration-test/target/test-dir/MiniOzoneClusterImpl-8f5a5b31-577b-4034-9f8b-a6dcc573b209/datanode-5/data/containers/hdds to VolumeSet
2019-07-14 11:08:12,894 INFO  volume.ThrottledAsyncChecker (ThrottledAsyncChecker.java:schedule(140)) - Scheduling a check for org.apache.hadoop.ozone.container.common.volume.HddsVolume@2ce987d7
2019-07-14 11:08:12,894 INFO  volume.HddsVolumeChecker (HddsVolumeChecker.java:checkAllVolumes(203)) - Scheduled health check for volume org.apache.hadoop.ozone.container.common.volume.HddsVolume@2ce987d7
2019-07-14 11:08:12,907 INFO  impl.RaftServerProxy (ConfUtils.java:logGet(43)) - raft.rpc.type = GRPC (default)
2019-07-14 11:08:12,907 INFO  grpc.GrpcFactory (GrpcFactory.java:checkPooledByteBufAllocatorUseCacheForAllThreads(45)) - PERFORMANCE WARNING: useCacheForAllThreads is true that may cause Netty to create a lot garbage objects and, as a result, trigger GC.
	It is recommended to disable useCacheForAllThreads by setting -Dorg.apache.ratis.thirdparty.io.netty.allocator.useCacheForAllThreads=false in command line.
2019-07-14 11:08:12,907 INFO  grpc.GrpcConfigKeys$Server (ConfUtils.java:logGet(43)) - raft.grpc.server.port = 0 (default)
2019-07-14 11:08:12,907 INFO  server.GrpcService (ConfUtils.java:logGet(43)) - raft.grpc.message.size.max = 33570816 (custom)
2019-07-14 11:08:12,908 INFO  server.RaftServerConfigKeys (ConfUtils.java:logGet(43)) - raft.server.log.appender.buffer.byte-limit = 33554432 (custom)
2019-07-14 11:08:12,908 INFO  server.GrpcService (ConfUtils.java:logGet(43)) - raft.grpc.flow.control.window = 1MB (=1048576) (default)
2019-07-14 11:08:12,908 INFO  server.RaftServerConfigKeys (ConfUtils.java:logGet(43)) - raft.server.rpc.request.timeout = 3000ms (default)
2019-07-14 11:08:12,908 INFO  server.RaftServerConfigKeys (ConfUtils.java:logGet(43)) - raft.server.storage.dir = [/workdir/hadoop-ozone/integration-test/target/test-dir/MiniOzoneClusterImpl-8f5a5b31-577b-4034-9f8b-a6dcc573b209/datanode-5/data/ratis] (custom)
2019-07-14 11:08:12,909 INFO  replication.SimpleContainerDownloader (SimpleContainerDownloader.java:<init>(72)) - Starting container downloader service to copy containers to replicate.
2019-07-14 11:08:12,910 INFO  hdfs.DFSUtil (DFSUtil.java:httpServerTemplateForNNAndJN(1641)) - Starting Web-server for hddsDatanode at: http://0.0.0.0:0
2019-07-14 11:08:12,911 INFO  server.AuthenticationFilter (AuthenticationFilter.java:constructSecretProvider(240)) - Unable to initialize FileSignerSecretProvider, falling back to use random secrets.
2019-07-14 11:08:12,911 WARN  http.HttpRequestLog (HttpRequestLog.java:getRequestLog(97)) - Jetty request log can only be enabled using Log4j
2019-07-14 11:08:12,912 INFO  http.HttpServer2 (HttpServer2.java:addGlobalFilter(975)) - Added global filter 'safety' (class=org.apache.hadoop.http.HttpServer2$QuotingInputFilter)
2019-07-14 11:08:12,912 INFO  http.HttpServer2 (HttpServer2.java:addFilter(948)) - Added filter static_user_filter (class=org.apache.hadoop.http.lib.StaticUserWebFilter$StaticUserFilter) to context hddsDatanode
2019-07-14 11:08:12,913 INFO  http.HttpServer2 (HttpServer2.java:addFilter(958)) - Added filter static_user_filter (class=org.apache.hadoop.http.lib.StaticUserWebFilter$StaticUserFilter) to context logs
2019-07-14 11:08:12,913 INFO  http.HttpServer2 (HttpServer2.java:addFilter(958)) - Added filter static_user_filter (class=org.apache.hadoop.http.lib.StaticUserWebFilter$StaticUserFilter) to context static
2019-07-14 11:08:12,913 INFO  http.HttpServer2 (HttpServer2.java:bindListener(1191)) - Jetty bound to port 33766
2019-07-14 11:08:12,914 INFO  server.Server (Server.java:doStart(351)) - jetty-9.3.24.v20180605, build timestamp: 2018-06-05T17:11:56Z, git hash: 84205aa28f11a4f31f2a3b86d1bba2cc8ab69827
2019-07-14 11:08:12,915 INFO  handler.ContextHandler (ContextHandler.java:doStart(781)) - Started o.e.j.s.ServletContextHandler@35e79be0{/logs,file:///workdir/hadoop-ozone/integration-test/target/log,AVAILABLE}
2019-07-14 11:08:12,915 INFO  handler.ContextHandler (ContextHandler.java:doStart(781)) - Started o.e.j.s.ServletContextHandler@50e3be0a{/static,jar:file:/home/user/.m2/repository/org/apache/hadoop/hadoop-hdds-container-service/0.5.0-SNAPSHOT/hadoop-hdds-container-service-0.5.0-SNAPSHOT.jar!/webapps/static,AVAILABLE}
2019-07-14 11:08:12,942 INFO  handler.ContextHandler (ContextHandler.java:doStart(781)) - Started o.e.j.w.WebAppContext@78605670{/,file:///tmp/jetty-0.0.0.0-33766-hddsDatanode-_-any-6580475187315568913.dir/webapp/,AVAILABLE}{/hddsDatanode}
2019-07-14 11:08:12,942 INFO  server.AbstractConnector (AbstractConnector.java:doStart(278)) - Started ServerConnector@6022cf7e{HTTP/1.1,[http/1.1]}{0.0.0.0:33766}
2019-07-14 11:08:12,943 INFO  server.Server (Server.java:doStart(419)) - Started @668813ms
2019-07-14 11:08:12,944 INFO  server.BaseHttpServer (BaseHttpServer.java:updateConnectorAddress(207)) - HTTP server of HDDSDATANODE is listening at http://0.0.0.0:33766
2019-07-14 11:08:13,041 INFO  ozone.HddsDatanodeService (HddsDatanodeService.java:startPlugins(396)) - Started plug-in org.apache.hadoop.ozone.web.OzoneHddsDatanodeService@27de073b
2019-07-14 11:08:13,042 INFO  impl.MetricsSystemImpl (MetricsSystemImpl.java:init(158)) - HddsDatanode metrics system started (again)
2019-07-14 11:08:13,045 INFO  ozone.HddsDatanodeService (HddsDatanodeService.java:start(185)) - HddsDatanodeService host:trunk-nightly-fxmrv-2540794721 ip:192.168.157.209
2019-07-14 11:08:13,046 INFO  util.JvmPauseMonitor (JvmPauseMonitor.java:run(188)) - Starting JVM pause monitor
2019-07-14 11:08:13,047 INFO  datanode.InitDatanodeState (InitDatanodeState.java:persistContainerDatanodeDetails(140)) - DatanodeDetails is persisted to /workdir/hadoop-ozone/integration-test/target/test-dir/MiniOzoneClusterImpl-8f5a5b31-577b-4034-9f8b-a6dcc573b209/datanode-5/meta/datanode.id
2019-07-14 11:08:13,058 INFO  volume.HddsVolume (HddsVolume.java:<init>(176)) - Creating Volume: /workdir/hadoop-ozone/integration-test/target/test-dir/MiniOzoneClusterImpl-8f5a5b31-577b-4034-9f8b-a6dcc573b209/datanode-6/data/containers/hdds of  storage type : DISK and capacity : 52710309888
2019-07-14 11:08:13,059 INFO  volume.VolumeSet (VolumeSet.java:initializeVolumeSet(170)) - Added Volume : /workdir/hadoop-ozone/integration-test/target/test-dir/MiniOzoneClusterImpl-8f5a5b31-577b-4034-9f8b-a6dcc573b209/datanode-6/data/containers/hdds to VolumeSet
2019-07-14 11:08:13,059 INFO  volume.ThrottledAsyncChecker (ThrottledAsyncChecker.java:schedule(140)) - Scheduling a check for org.apache.hadoop.ozone.container.common.volume.HddsVolume@1d38ca2b
2019-07-14 11:08:13,060 INFO  volume.HddsVolumeChecker (HddsVolumeChecker.java:checkAllVolumes(203)) - Scheduled health check for volume org.apache.hadoop.ozone.container.common.volume.HddsVolume@1d38ca2b
2019-07-14 11:08:13,074 INFO  impl.RaftServerProxy (ConfUtils.java:logGet(43)) - raft.rpc.type = GRPC (default)
2019-07-14 11:08:13,074 INFO  grpc.GrpcFactory (GrpcFactory.java:checkPooledByteBufAllocatorUseCacheForAllThreads(45)) - PERFORMANCE WARNING: useCacheForAllThreads is true that may cause Netty to create a lot garbage objects and, as a result, trigger GC.
	It is recommended to disable useCacheForAllThreads by setting -Dorg.apache.ratis.thirdparty.io.netty.allocator.useCacheForAllThreads=false in command line.
2019-07-14 11:08:13,074 INFO  grpc.GrpcConfigKeys$Server (ConfUtils.java:logGet(43)) - raft.grpc.server.port = 0 (default)
2019-07-14 11:08:13,074 INFO  server.GrpcService (ConfUtils.java:logGet(43)) - raft.grpc.message.size.max = 33570816 (custom)
2019-07-14 11:08:13,074 INFO  server.RaftServerConfigKeys (ConfUtils.java:logGet(43)) - raft.server.log.appender.buffer.byte-limit = 33554432 (custom)
2019-07-14 11:08:13,075 INFO  server.GrpcService (ConfUtils.java:logGet(43)) - raft.grpc.flow.control.window = 1MB (=1048576) (default)
2019-07-14 11:08:13,075 INFO  server.RaftServerConfigKeys (ConfUtils.java:logGet(43)) - raft.server.rpc.request.timeout = 3000ms (default)
2019-07-14 11:08:13,075 INFO  server.RaftServerConfigKeys (ConfUtils.java:logGet(43)) - raft.server.storage.dir = [/workdir/hadoop-ozone/integration-test/target/test-dir/MiniOzoneClusterImpl-8f5a5b31-577b-4034-9f8b-a6dcc573b209/datanode-6/data/ratis] (custom)
2019-07-14 11:08:13,075 INFO  replication.SimpleContainerDownloader (SimpleContainerDownloader.java:<init>(72)) - Starting container downloader service to copy containers to replicate.
2019-07-14 11:08:13,076 INFO  hdfs.DFSUtil (DFSUtil.java:httpServerTemplateForNNAndJN(1641)) - Starting Web-server for hddsDatanode at: http://0.0.0.0:0
2019-07-14 11:08:13,077 INFO  server.AuthenticationFilter (AuthenticationFilter.java:constructSecretProvider(240)) - Unable to initialize FileSignerSecretProvider, falling back to use random secrets.
2019-07-14 11:08:13,078 WARN  http.HttpRequestLog (HttpRequestLog.java:getRequestLog(97)) - Jetty request log can only be enabled using Log4j
2019-07-14 11:08:13,079 INFO  http.HttpServer2 (HttpServer2.java:addGlobalFilter(975)) - Added global filter 'safety' (class=org.apache.hadoop.http.HttpServer2$QuotingInputFilter)
2019-07-14 11:08:13,079 INFO  http.HttpServer2 (HttpServer2.java:addFilter(948)) - Added filter static_user_filter (class=org.apache.hadoop.http.lib.StaticUserWebFilter$StaticUserFilter) to context hddsDatanode
2019-07-14 11:08:13,079 INFO  http.HttpServer2 (HttpServer2.java:addFilter(958)) - Added filter static_user_filter (class=org.apache.hadoop.http.lib.StaticUserWebFilter$StaticUserFilter) to context logs
2019-07-14 11:08:13,080 INFO  http.HttpServer2 (HttpServer2.java:addFilter(958)) - Added filter static_user_filter (class=org.apache.hadoop.http.lib.StaticUserWebFilter$StaticUserFilter) to context static
2019-07-14 11:08:13,080 INFO  http.HttpServer2 (HttpServer2.java:bindListener(1191)) - Jetty bound to port 41549
2019-07-14 11:08:13,080 INFO  server.Server (Server.java:doStart(351)) - jetty-9.3.24.v20180605, build timestamp: 2018-06-05T17:11:56Z, git hash: 84205aa28f11a4f31f2a3b86d1bba2cc8ab69827
2019-07-14 11:08:13,082 INFO  handler.ContextHandler (ContextHandler.java:doStart(781)) - Started o.e.j.s.ServletContextHandler@3f30c9cf{/logs,file:///workdir/hadoop-ozone/integration-test/target/log,AVAILABLE}
2019-07-14 11:08:13,082 INFO  handler.ContextHandler (ContextHandler.java:doStart(781)) - Started o.e.j.s.ServletContextHandler@6831286e{/static,jar:file:/home/user/.m2/repository/org/apache/hadoop/hadoop-hdds-container-service/0.5.0-SNAPSHOT/hadoop-hdds-container-service-0.5.0-SNAPSHOT.jar!/webapps/static,AVAILABLE}
2019-07-14 11:08:13,108 INFO  handler.ContextHandler (ContextHandler.java:doStart(781)) - Started o.e.j.w.WebAppContext@5e66d85d{/,file:///tmp/jetty-0.0.0.0-41549-hddsDatanode-_-any-4584284141834477651.dir/webapp/,AVAILABLE}{/hddsDatanode}
2019-07-14 11:08:13,109 INFO  server.AbstractConnector (AbstractConnector.java:doStart(278)) - Started ServerConnector@1a6d072e{HTTP/1.1,[http/1.1]}{0.0.0.0:41549}
2019-07-14 11:08:13,109 INFO  server.Server (Server.java:doStart(419)) - Started @668978ms
2019-07-14 11:08:13,111 INFO  server.BaseHttpServer (BaseHttpServer.java:updateConnectorAddress(207)) - HTTP server of HDDSDATANODE is listening at http://0.0.0.0:41549
2019-07-14 11:08:13,373 INFO  ozone.HddsDatanodeService (HddsDatanodeService.java:startPlugins(396)) - Started plug-in org.apache.hadoop.ozone.web.OzoneHddsDatanodeService@7b1466e3
2019-07-14 11:08:13,374 INFO  ozone.MiniOzoneClusterImpl (MiniOzoneClusterImpl.java:lambda$waitForClusterToBeReady$0(142)) - Waiting for cluster to be ready. Got 0 of 7 DN Heartbeats.
2019-07-14 11:08:13,377 INFO  util.JvmPauseMonitor (JvmPauseMonitor.java:run(188)) - Starting JVM pause monitor
2019-07-14 11:08:13,379 INFO  datanode.InitDatanodeState (InitDatanodeState.java:persistContainerDatanodeDetails(140)) - DatanodeDetails is persisted to /workdir/hadoop-ozone/integration-test/target/test-dir/MiniOzoneClusterImpl-8f5a5b31-577b-4034-9f8b-a6dcc573b209/datanode-6/meta/datanode.id
2019-07-14 11:08:14,199 INFO  ozoneimpl.OzoneContainer (OzoneContainer.java:start(186)) - Attempting to start container services.
2019-07-14 11:08:14,202 INFO  ozoneimpl.OzoneContainer (OzoneContainer.java:startContainerScrub(160)) - Background container scrubber has been disabled by hdds.containerscrub.enabled
2019-07-14 11:08:14,202 INFO  ratis.XceiverServerRatis (XceiverServerRatis.java:start(418)) - Starting XceiverServerRatis 5fb10b7c-c93e-4655-beb6-d5c77dda5179 at port 0
2019-07-14 11:08:14,210 INFO  impl.RaftServerProxy (RaftServerProxy.java:lambda$start$3(299)) - 5fb10b7c-c93e-4655-beb6-d5c77dda5179: start RPC server
2019-07-14 11:08:14,212 INFO  server.GrpcService (GrpcService.java:startImpl(149)) - 5fb10b7c-c93e-4655-beb6-d5c77dda5179: GrpcService started, listening on 0.0.0.0/0.0.0.0:42309
2019-07-14 11:08:14,212 INFO  ratis.XceiverServerRatis (XceiverServerRatis.java:start(428)) - XceiverServerRatis 5fb10b7c-c93e-4655-beb6-d5c77dda5179 is started using port 42309
2019-07-14 11:08:14,212 INFO  server.XceiverServerGrpc (XceiverServerGrpc.java:start(161)) - XceiverServerGrpc 5fb10b7c-c93e-4655-beb6-d5c77dda5179 is started using port 37077
2019-07-14 11:08:14,374 INFO  ozone.MiniOzoneClusterImpl (MiniOzoneClusterImpl.java:lambda$waitForClusterToBeReady$0(142)) - Waiting for cluster to be ready. Got 0 of 7 DN Heartbeats.
2019-07-14 11:08:14,382 INFO  ozoneimpl.OzoneContainer (OzoneContainer.java:start(186)) - Attempting to start container services.
2019-07-14 11:08:14,385 INFO  ozoneimpl.OzoneContainer (OzoneContainer.java:startContainerScrub(160)) - Background container scrubber has been disabled by hdds.containerscrub.enabled
2019-07-14 11:08:14,385 INFO  ratis.XceiverServerRatis (XceiverServerRatis.java:start(418)) - Starting XceiverServerRatis 7a230a6e-c89e-43e9-bd97-6850a8a29c00 at port 0
2019-07-14 11:08:14,394 INFO  impl.RaftServerProxy (RaftServerProxy.java:lambda$start$3(299)) - 7a230a6e-c89e-43e9-bd97-6850a8a29c00: start RPC server
2019-07-14 11:08:14,394 INFO  server.GrpcService (GrpcService.java:startImpl(149)) - 7a230a6e-c89e-43e9-bd97-6850a8a29c00: GrpcService started, listening on 0.0.0.0/0.0.0.0:42893
2019-07-14 11:08:14,395 INFO  ratis.XceiverServerRatis (XceiverServerRatis.java:start(428)) - XceiverServerRatis 7a230a6e-c89e-43e9-bd97-6850a8a29c00 is started using port 42893
2019-07-14 11:08:14,395 INFO  server.XceiverServerGrpc (XceiverServerGrpc.java:start(161)) - XceiverServerGrpc 7a230a6e-c89e-43e9-bd97-6850a8a29c00 is started using port 41386
2019-07-14 11:08:14,551 INFO  ozoneimpl.OzoneContainer (OzoneContainer.java:start(186)) - Attempting to start container services.
2019-07-14 11:08:14,558 INFO  ozoneimpl.OzoneContainer (OzoneContainer.java:startContainerScrub(160)) - Background container scrubber has been disabled by hdds.containerscrub.enabled
2019-07-14 11:08:14,558 INFO  ratis.XceiverServerRatis (XceiverServerRatis.java:start(418)) - Starting XceiverServerRatis 9e312bf6-8a82-490e-8a95-6b8b213db0b6 at port 0
2019-07-14 11:08:14,566 INFO  impl.RaftServerProxy (RaftServerProxy.java:lambda$start$3(299)) - 9e312bf6-8a82-490e-8a95-6b8b213db0b6: start RPC server
2019-07-14 11:08:14,567 INFO  server.GrpcService (GrpcService.java:startImpl(149)) - 9e312bf6-8a82-490e-8a95-6b8b213db0b6: GrpcService started, listening on 0.0.0.0/0.0.0.0:41728
2019-07-14 11:08:14,567 INFO  ratis.XceiverServerRatis (XceiverServerRatis.java:start(428)) - XceiverServerRatis 9e312bf6-8a82-490e-8a95-6b8b213db0b6 is started using port 41728
2019-07-14 11:08:14,568 INFO  server.XceiverServerGrpc (XceiverServerGrpc.java:start(161)) - XceiverServerGrpc 9e312bf6-8a82-490e-8a95-6b8b213db0b6 is started using port 42340
2019-07-14 11:08:14,720 INFO  ozoneimpl.OzoneContainer (OzoneContainer.java:start(186)) - Attempting to start container services.
2019-07-14 11:08:14,720 INFO  ozoneimpl.OzoneContainer (OzoneContainer.java:startContainerScrub(160)) - Background container scrubber has been disabled by hdds.containerscrub.enabled
2019-07-14 11:08:14,720 INFO  ratis.XceiverServerRatis (XceiverServerRatis.java:start(418)) - Starting XceiverServerRatis b77edfec-6442-4bf4-8031-76cd542021cd at port 0
2019-07-14 11:08:14,728 INFO  impl.RaftServerProxy (RaftServerProxy.java:lambda$start$3(299)) - b77edfec-6442-4bf4-8031-76cd542021cd: start RPC server
2019-07-14 11:08:14,729 INFO  server.GrpcService (GrpcService.java:startImpl(149)) - b77edfec-6442-4bf4-8031-76cd542021cd: GrpcService started, listening on 0.0.0.0/0.0.0.0:46003
2019-07-14 11:08:14,729 INFO  ratis.XceiverServerRatis (XceiverServerRatis.java:start(428)) - XceiverServerRatis b77edfec-6442-4bf4-8031-76cd542021cd is started using port 46003
2019-07-14 11:08:14,730 INFO  server.XceiverServerGrpc (XceiverServerGrpc.java:start(161)) - XceiverServerGrpc b77edfec-6442-4bf4-8031-76cd542021cd is started using port 42787
2019-07-14 11:08:14,903 INFO  ozoneimpl.OzoneContainer (OzoneContainer.java:start(186)) - Attempting to start container services.
2019-07-14 11:08:14,903 INFO  ozoneimpl.OzoneContainer (OzoneContainer.java:startContainerScrub(160)) - Background container scrubber has been disabled by hdds.containerscrub.enabled
2019-07-14 11:08:14,903 INFO  ratis.XceiverServerRatis (XceiverServerRatis.java:start(418)) - Starting XceiverServerRatis 16fc700d-3ecf-488f-92ee-8c3f3cf2f24e at port 0
2019-07-14 11:08:14,911 INFO  impl.RaftServerProxy (RaftServerProxy.java:lambda$start$3(299)) - 16fc700d-3ecf-488f-92ee-8c3f3cf2f24e: start RPC server
2019-07-14 11:08:14,912 INFO  server.GrpcService (GrpcService.java:startImpl(149)) - 16fc700d-3ecf-488f-92ee-8c3f3cf2f24e: GrpcService started, listening on 0.0.0.0/0.0.0.0:43061
2019-07-14 11:08:14,912 INFO  ratis.XceiverServerRatis (XceiverServerRatis.java:start(428)) - XceiverServerRatis 16fc700d-3ecf-488f-92ee-8c3f3cf2f24e is started using port 43061
2019-07-14 11:08:14,915 INFO  server.XceiverServerGrpc (XceiverServerGrpc.java:start(161)) - XceiverServerGrpc 16fc700d-3ecf-488f-92ee-8c3f3cf2f24e is started using port 44125
2019-07-14 11:08:15,071 INFO  ozoneimpl.OzoneContainer (OzoneContainer.java:start(186)) - Attempting to start container services.
2019-07-14 11:08:15,072 INFO  ozoneimpl.OzoneContainer (OzoneContainer.java:startContainerScrub(160)) - Background container scrubber has been disabled by hdds.containerscrub.enabled
2019-07-14 11:08:15,072 INFO  ratis.XceiverServerRatis (XceiverServerRatis.java:start(418)) - Starting XceiverServerRatis 2070baf0-4025-424a-b0f6-f75017e43d96 at port 0
2019-07-14 11:08:15,080 INFO  impl.RaftServerProxy (RaftServerProxy.java:lambda$start$3(299)) - 2070baf0-4025-424a-b0f6-f75017e43d96: start RPC server
2019-07-14 11:08:15,081 INFO  server.GrpcService (GrpcService.java:startImpl(149)) - 2070baf0-4025-424a-b0f6-f75017e43d96: GrpcService started, listening on 0.0.0.0/0.0.0.0:43550
2019-07-14 11:08:15,081 INFO  ratis.XceiverServerRatis (XceiverServerRatis.java:start(428)) - XceiverServerRatis 2070baf0-4025-424a-b0f6-f75017e43d96 is started using port 43550
2019-07-14 11:08:15,081 INFO  server.XceiverServerGrpc (XceiverServerGrpc.java:start(161)) - XceiverServerGrpc 2070baf0-4025-424a-b0f6-f75017e43d96 is started using port 39175
2019-07-14 11:08:15,374 INFO  ozone.MiniOzoneClusterImpl (MiniOzoneClusterImpl.java:lambda$waitForClusterToBeReady$0(142)) - Waiting for cluster to be ready. Got 0 of 7 DN Heartbeats.
2019-07-14 11:08:15,402 INFO  ozoneimpl.OzoneContainer (OzoneContainer.java:start(186)) - Attempting to start container services.
2019-07-14 11:08:15,403 INFO  ozoneimpl.OzoneContainer (OzoneContainer.java:startContainerScrub(160)) - Background container scrubber has been disabled by hdds.containerscrub.enabled
2019-07-14 11:08:15,403 INFO  ratis.XceiverServerRatis (XceiverServerRatis.java:start(418)) - Starting XceiverServerRatis bcd0dc22-e653-4a59-a0ee-c6e2de64864f at port 0
2019-07-14 11:08:15,411 INFO  impl.RaftServerProxy (RaftServerProxy.java:lambda$start$3(299)) - bcd0dc22-e653-4a59-a0ee-c6e2de64864f: start RPC server
2019-07-14 11:08:15,412 INFO  server.GrpcService (GrpcService.java:startImpl(149)) - bcd0dc22-e653-4a59-a0ee-c6e2de64864f: GrpcService started, listening on 0.0.0.0/0.0.0.0:43910
2019-07-14 11:08:15,412 INFO  ratis.XceiverServerRatis (XceiverServerRatis.java:start(428)) - XceiverServerRatis bcd0dc22-e653-4a59-a0ee-c6e2de64864f is started using port 43910
2019-07-14 11:08:15,412 INFO  server.XceiverServerGrpc (XceiverServerGrpc.java:start(161)) - XceiverServerGrpc bcd0dc22-e653-4a59-a0ee-c6e2de64864f is started using port 44642
2019-07-14 11:08:16,170 INFO  net.NetworkTopology (NetworkTopologyImpl.java:add(110)) - Added a new node: /default-rack/192.168.157.209
2019-07-14 11:08:16,173 INFO  node.SCMNodeManager (SCMNodeManager.java:register(269)) - Registered Data node : 5fb10b7c-c93e-4655-beb6-d5c77dda5179{ip: 192.168.157.209, host: trunk-nightly-fxmrv-2540794721, networkLocation: /default-rack, certSerialId: null}
2019-07-14 11:08:16,175 INFO  safemode.SCMSafeModeManager (DataNodeSafeModeRule.java:process(71)) - SCM in safe mode. 1 DataNodes registered, 1 required.
2019-07-14 11:08:16,177 INFO  safemode.SCMSafeModeManager (SCMSafeModeManager.java:validateSafeModeExitRules(177)) - ScmSafeModeManager, all rules are successfully validated
2019-07-14 11:08:16,177 INFO  safemode.SCMSafeModeManager (SCMSafeModeManager.java:exitSafeMode(193)) - SCM exiting safe mode.
2019-07-14 11:08:16,196 INFO  impl.RaftServerProxy (RaftServerProxy.java:addNew(89)) - 5fb10b7c-c93e-4655-beb6-d5c77dda5179: addNew group-741FE2B13EDB:[5fb10b7c-c93e-4655-beb6-d5c77dda5179:192.168.157.209:42309] returns group-741FE2B13EDB:java.util.concurrent.CompletableFuture@2cb40d1f[Not completed]
2019-07-14 11:08:16,197 INFO  impl.RaftServerImpl (RaftServerImpl.java:<init>(93)) - 5fb10b7c-c93e-4655-beb6-d5c77dda5179: new RaftServerImpl for group-741FE2B13EDB:[5fb10b7c-c93e-4655-beb6-d5c77dda5179:192.168.157.209:42309] with ContainerStateMachine:uninitialized
2019-07-14 11:08:16,197 INFO  server.RaftServerConfigKeys (ConfUtils.java:logGet(43)) - raft.server.rpc.timeout.min = 5s (custom)
2019-07-14 11:08:16,198 INFO  server.RaftServerConfigKeys (ConfUtils.java:logGet(43)) - raft.server.rpc.timeout.max = 5200ms (custom)
2019-07-14 11:08:16,198 INFO  server.RaftServerConfigKeys (ConfUtils.java:logGet(43)) - raft.server.rpcslowness.timeout = 120s (custom)
2019-07-14 11:08:16,198 INFO  server.RaftServerConfigKeys (ConfUtils.java:logGet(43)) - raft.server.sleep.deviation.threshold = 300 (default)
2019-07-14 11:08:16,198 INFO  server.RaftServerConfigKeys (ConfUtils.java:logGet(43)) - raft.server.log.appender.install.snapshot.enabled = false (custom)
2019-07-14 11:08:16,198 INFO  impl.RaftServerImpl (ServerState.java:<init>(105)) - 5fb10b7c-c93e-4655-beb6-d5c77dda5179:group-741FE2B13EDB ConfigurationManager, init=-1: [5fb10b7c-c93e-4655-beb6-d5c77dda5179:192.168.157.209:42309], old=null, confs=<EMPTY_MAP>
2019-07-14 11:08:16,199 INFO  server.RaftServerConfigKeys (ConfUtils.java:logGet(43)) - raft.server.storage.dir = [/workdir/hadoop-ozone/integration-test/target/test-dir/MiniOzoneClusterImpl-8f5a5b31-577b-4034-9f8b-a6dcc573b209/datanode-0/data/ratis] (custom)
2019-07-14 11:08:16,199 INFO  storage.RaftStorageDirectory (RaftStorageDirectory.java:analyzeStorage(246)) - The storage directory /workdir/hadoop-ozone/integration-test/target/test-dir/MiniOzoneClusterImpl-8f5a5b31-577b-4034-9f8b-a6dcc573b209/datanode-0/data/ratis/d86309f0-124e-4286-acfb-741fe2b13edb does not exist. Creating ...
2019-07-14 11:08:16,213 INFO  storage.RaftStorageDirectory (RaftStorageDirectory.java:tryLock(328)) - Lock on /workdir/hadoop-ozone/integration-test/target/test-dir/MiniOzoneClusterImpl-8f5a5b31-577b-4034-9f8b-a6dcc573b209/datanode-0/data/ratis/d86309f0-124e-4286-acfb-741fe2b13edb/in_use.lock acquired by nodename 22243@trunk-nightly-fxmrv-2540794721
2019-07-14 11:08:16,225 INFO  storage.RaftStorage (RaftStorage.java:format(72)) - Storage directory /workdir/hadoop-ozone/integration-test/target/test-dir/MiniOzoneClusterImpl-8f5a5b31-577b-4034-9f8b-a6dcc573b209/datanode-0/data/ratis/d86309f0-124e-4286-acfb-741fe2b13edb has been successfully formatted.
2019-07-14 11:08:16,226 INFO  ratis.ContainerStateMachine (ContainerStateMachine.java:loadSnapshot(200)) - group-741FE2B13EDB: The snapshot info is null. Setting the last applied indexto:(t:0, i:~)
2019-07-14 11:08:16,226 INFO  server.RaftServerConfigKeys (ConfUtils.java:logGet(43)) - raft.server.leader.election.timeout = 120s (custom)
2019-07-14 11:08:16,226 INFO  server.RaftServerConfigKeys (ConfUtils.java:logGet(43)) - raft.server.log.use.memory = false (default)
2019-07-14 11:08:16,226 INFO  server.RaftServerConfigKeys (ConfUtils.java:logGet(43)) - raft.server.log.purge.gap = 1000000000 (custom)
2019-07-14 11:08:16,227 INFO  server.RaftServerConfigKeys (ConfUtils.java:logGet(43)) - raft.server.log.appender.buffer.byte-limit = 33554432 (custom)
2019-07-14 11:08:16,227 INFO  server.RaftServerConfigKeys (ConfUtils.java:logGet(43)) - raft.server.log.segment.size.max = 1048576 (custom)
2019-07-14 11:08:16,227 INFO  server.RaftServerConfigKeys (ConfUtils.java:logGet(43)) - raft.server.log.segment.cache.num.max = 2 (custom)
2019-07-14 11:08:16,227 INFO  segmented.SegmentedRaftLogWorker (SegmentedRaftLogWorker.java:<init>(172)) - new 5fb10b7c-c93e-4655-beb6-d5c77dda5179-SegmentedRaftLogWorker:Storage Directory /workdir/hadoop-ozone/integration-test/target/test-dir/MiniOzoneClusterImpl-8f5a5b31-577b-4034-9f8b-a6dcc573b209/datanode-0/data/ratis/d86309f0-124e-4286-acfb-741fe2b13edb for RaftStorage:Storage Directory /workdir/hadoop-ozone/integration-test/target/test-dir/MiniOzoneClusterImpl-8f5a5b31-577b-4034-9f8b-a6dcc573b209/datanode-0/data/ratis/d86309f0-124e-4286-acfb-741fe2b13edb
2019-07-14 11:08:16,227 INFO  server.RaftServerConfigKeys (ConfUtils.java:logGet(43)) - raft.server.log.queue.byte-limit = 2147483647 (custom)
2019-07-14 11:08:16,228 INFO  server.RaftServerConfigKeys (ConfUtils.java:logGet(43)) - raft.server.log.queue.element-limit = 1024 (custom)
2019-07-14 11:08:16,228 INFO  server.RaftServerConfigKeys (ConfUtils.java:logGet(43)) - raft.server.log.segment.size.max = 1048576 (custom)
2019-07-14 11:08:16,228 INFO  server.RaftServerConfigKeys (ConfUtils.java:logGet(43)) - raft.server.log.preallocated.size = 16384 (custom)
2019-07-14 11:08:16,228 INFO  server.RaftServerConfigKeys (ConfUtils.java:logGet(43)) - raft.server.log.write.buffer.size = 33554432 (custom)
2019-07-14 11:08:16,228 INFO  server.RaftServerConfigKeys (ConfUtils.java:logGet(43)) - raft.server.log.force.sync.num = 128 (default)
2019-07-14 11:08:16,229 INFO  server.RaftServerConfigKeys (ConfUtils.java:logGet(43)) - raft.server.log.statemachine.data.sync = true (default)
2019-07-14 11:08:16,229 INFO  server.RaftServerConfigKeys (ConfUtils.java:logGet(43)) - raft.server.log.statemachine.data.sync.timeout = 10s (default)
2019-07-14 11:08:16,229 INFO  server.RaftServerConfigKeys (ConfUtils.java:logGet(43)) - raft.server.log.statemachine.data.sync.timeout.retry = -1 (default)
2019-07-14 11:08:16,229 INFO  server.RaftServerConfigKeys (ConfUtils.java:logGet(43)) - raft.server.log.statemachine.data.caching.enabled = true (custom)
2019-07-14 11:08:16,230 INFO  segmented.SegmentedRaftLogWorker (SegmentedRaftLogWorker.java:lambda$new$0(132)) - 5fb10b7c-c93e-4655-beb6-d5c77dda5179-SegmentedRaftLogWorker:Storage Directory /workdir/hadoop-ozone/integration-test/target/test-dir/MiniOzoneClusterImpl-8f5a5b31-577b-4034-9f8b-a6dcc573b209/datanode-0/data/ratis/d86309f0-124e-4286-acfb-741fe2b13edb: flushIndex: setUnconditionally 0 -> -1
2019-07-14 11:08:16,230 INFO  server.RaftServerConfigKeys (ConfUtils.java:logGet(43)) - raft.server.snapshot.auto.trigger.enabled = true (custom)
2019-07-14 11:08:16,231 INFO  server.RaftServerConfigKeys (ConfUtils.java:logGet(43)) - raft.server.snapshot.auto.trigger.threshold = 10000 (custom)
2019-07-14 11:08:16,231 INFO  server.RaftServerConfigKeys (ConfUtils.java:logGet(43)) - raft.server.retrycache.expirytime = 600000ms (custom)
2019-07-14 11:08:16,231 INFO  impl.RaftServerImpl (RaftServerImpl.java:start(180)) - 5fb10b7c-c93e-4655-beb6-d5c77dda5179: start group-741FE2B13EDB
2019-07-14 11:08:16,232 INFO  impl.RaftServerImpl (RaftServerImpl.java:setRole(171)) - 5fb10b7c-c93e-4655-beb6-d5c77dda5179:group-741FE2B13EDB changes role from null to FOLLOWER at term 0 for startAsFollower
2019-07-14 11:08:16,232 INFO  impl.RoleInfo (RoleInfo.java:updateAndGet(143)) - 5fb10b7c-c93e-4655-beb6-d5c77dda5179: start FollowerState
2019-07-14 11:08:16,233 INFO  util.JmxRegister (JmxRegister.java:tryRegister(44)) - Successfully registered JMX Bean with object name Ratis:service=RaftServer,group=group-741FE2B13EDB,id=5fb10b7c-c93e-4655-beb6-d5c77dda5179
2019-07-14 11:08:16,237 INFO  pipeline.PipelineStateManager (PipelineStateManager.java:addPipeline(56)) - Created pipeline Pipeline[ Id: d86309f0-124e-4286-acfb-741fe2b13edb, Nodes: 5fb10b7c-c93e-4655-beb6-d5c77dda5179{ip: 192.168.157.209, host: trunk-nightly-fxmrv-2540794721, networkLocation: /default-rack, certSerialId: null}, Type:RATIS, Factor:ONE, State:OPEN]
2019-07-14 11:08:16,369 INFO  node.SCMNodeManager (SCMNodeManager.java:register(269)) - Registered Data node : 7a230a6e-c89e-43e9-bd97-6850a8a29c00{ip: 192.168.157.209, host: trunk-nightly-fxmrv-2540794721, networkLocation: /default-rack, certSerialId: null}
2019-07-14 11:08:16,388 INFO  ozone.MiniOzoneClusterImpl (MiniOzoneClusterImpl.java:lambda$waitForClusterToBeReady$0(142)) - Waiting for cluster to be ready. Got 2 of 7 DN Heartbeats.
2019-07-14 11:08:16,396 INFO  impl.RaftServerProxy (RaftServerProxy.java:addNew(89)) - 7a230a6e-c89e-43e9-bd97-6850a8a29c00: addNew group-67E5785209CB:[7a230a6e-c89e-43e9-bd97-6850a8a29c00:192.168.157.209:42893] returns group-67E5785209CB:java.util.concurrent.CompletableFuture@241ea7ad[Not completed]
2019-07-14 11:08:16,397 INFO  impl.RaftServerImpl (RaftServerImpl.java:<init>(93)) - 7a230a6e-c89e-43e9-bd97-6850a8a29c00: new RaftServerImpl for group-67E5785209CB:[7a230a6e-c89e-43e9-bd97-6850a8a29c00:192.168.157.209:42893] with ContainerStateMachine:uninitialized
2019-07-14 11:08:16,397 INFO  server.RaftServerConfigKeys (ConfUtils.java:logGet(43)) - raft.server.rpc.timeout.min = 5s (custom)
2019-07-14 11:08:16,397 INFO  server.RaftServerConfigKeys (ConfUtils.java:logGet(43)) - raft.server.rpc.timeout.max = 5200ms (custom)
2019-07-14 11:08:16,397 INFO  server.RaftServerConfigKeys (ConfUtils.java:logGet(43)) - raft.server.rpcslowness.timeout = 120s (custom)
2019-07-14 11:08:16,397 INFO  server.RaftServerConfigKeys (ConfUtils.java:logGet(43)) - raft.server.sleep.deviation.threshold = 300 (default)
2019-07-14 11:08:16,397 INFO  server.RaftServerConfigKeys (ConfUtils.java:logGet(43)) - raft.server.log.appender.install.snapshot.enabled = false (custom)
2019-07-14 11:08:16,398 INFO  impl.RaftServerImpl (ServerState.java:<init>(105)) - 7a230a6e-c89e-43e9-bd97-6850a8a29c00:group-67E5785209CB ConfigurationManager, init=-1: [7a230a6e-c89e-43e9-bd97-6850a8a29c00:192.168.157.209:42893], old=null, confs=<EMPTY_MAP>
2019-07-14 11:08:16,398 INFO  server.RaftServerConfigKeys (ConfUtils.java:logGet(43)) - raft.server.storage.dir = [/workdir/hadoop-ozone/integration-test/target/test-dir/MiniOzoneClusterImpl-8f5a5b31-577b-4034-9f8b-a6dcc573b209/datanode-1/data/ratis] (custom)
2019-07-14 11:08:16,398 INFO  storage.RaftStorageDirectory (RaftStorageDirectory.java:analyzeStorage(246)) - The storage directory /workdir/hadoop-ozone/integration-test/target/test-dir/MiniOzoneClusterImpl-8f5a5b31-577b-4034-9f8b-a6dcc573b209/datanode-1/data/ratis/b7c248c8-ec3e-4633-a54c-67e5785209cb does not exist. Creating ...
2019-07-14 11:08:16,411 INFO  storage.RaftStorageDirectory (RaftStorageDirectory.java:tryLock(328)) - Lock on /workdir/hadoop-ozone/integration-test/target/test-dir/MiniOzoneClusterImpl-8f5a5b31-577b-4034-9f8b-a6dcc573b209/datanode-1/data/ratis/b7c248c8-ec3e-4633-a54c-67e5785209cb/in_use.lock acquired by nodename 22243@trunk-nightly-fxmrv-2540794721
2019-07-14 11:08:16,424 INFO  storage.RaftStorage (RaftStorage.java:format(72)) - Storage directory /workdir/hadoop-ozone/integration-test/target/test-dir/MiniOzoneClusterImpl-8f5a5b31-577b-4034-9f8b-a6dcc573b209/datanode-1/data/ratis/b7c248c8-ec3e-4633-a54c-67e5785209cb has been successfully formatted.
2019-07-14 11:08:16,424 INFO  ratis.ContainerStateMachine (ContainerStateMachine.java:loadSnapshot(200)) - group-67E5785209CB: The snapshot info is null. Setting the last applied indexto:(t:0, i:~)
2019-07-14 11:08:16,424 INFO  server.RaftServerConfigKeys (ConfUtils.java:logGet(43)) - raft.server.leader.election.timeout = 120s (custom)
2019-07-14 11:08:16,424 INFO  server.RaftServerConfigKeys (ConfUtils.java:logGet(43)) - raft.server.log.use.memory = false (default)
2019-07-14 11:08:16,425 INFO  server.RaftServerConfigKeys (ConfUtils.java:logGet(43)) - raft.server.log.purge.gap = 1000000000 (custom)
2019-07-14 11:08:16,425 INFO  server.RaftServerConfigKeys (ConfUtils.java:logGet(43)) - raft.server.log.appender.buffer.byte-limit = 33554432 (custom)
2019-07-14 11:08:16,425 INFO  server.RaftServerConfigKeys (ConfUtils.java:logGet(43)) - raft.server.log.segment.size.max = 1048576 (custom)
2019-07-14 11:08:16,425 INFO  server.RaftServerConfigKeys (ConfUtils.java:logGet(43)) - raft.server.log.segment.cache.num.max = 2 (custom)
2019-07-14 11:08:16,425 INFO  segmented.SegmentedRaftLogWorker (SegmentedRaftLogWorker.java:<init>(172)) - new 7a230a6e-c89e-43e9-bd97-6850a8a29c00-SegmentedRaftLogWorker:Storage Directory /workdir/hadoop-ozone/integration-test/target/test-dir/MiniOzoneClusterImpl-8f5a5b31-577b-4034-9f8b-a6dcc573b209/datanode-1/data/ratis/b7c248c8-ec3e-4633-a54c-67e5785209cb for RaftStorage:Storage Directory /workdir/hadoop-ozone/integration-test/target/test-dir/MiniOzoneClusterImpl-8f5a5b31-577b-4034-9f8b-a6dcc573b209/datanode-1/data/ratis/b7c248c8-ec3e-4633-a54c-67e5785209cb
2019-07-14 11:08:16,425 INFO  server.RaftServerConfigKeys (ConfUtils.java:logGet(43)) - raft.server.log.queue.byte-limit = 2147483647 (custom)
2019-07-14 11:08:16,426 INFO  server.RaftServerConfigKeys (ConfUtils.java:logGet(43)) - raft.server.log.queue.element-limit = 1024 (custom)
2019-07-14 11:08:16,426 INFO  server.RaftServerConfigKeys (ConfUtils.java:logGet(43)) - raft.server.log.segment.size.max = 1048576 (custom)
2019-07-14 11:08:16,426 INFO  server.RaftServerConfigKeys (ConfUtils.java:logGet(43)) - raft.server.log.preallocated.size = 16384 (custom)
2019-07-14 11:08:16,426 INFO  server.RaftServerConfigKeys (ConfUtils.java:logGet(43)) - raft.server.log.write.buffer.size = 33554432 (custom)
2019-07-14 11:08:16,426 INFO  server.RaftServerConfigKeys (ConfUtils.java:logGet(43)) - raft.server.log.force.sync.num = 128 (default)
2019-07-14 11:08:16,426 INFO  server.RaftServerConfigKeys (ConfUtils.java:logGet(43)) - raft.server.log.statemachine.data.sync = true (default)
2019-07-14 11:08:16,426 INFO  server.RaftServerConfigKeys (ConfUtils.java:logGet(43)) - raft.server.log.statemachine.data.sync.timeout = 10s (default)
2019-07-14 11:08:16,427 INFO  server.RaftServerConfigKeys (ConfUtils.java:logGet(43)) - raft.server.log.statemachine.data.sync.timeout.retry = -1 (default)
2019-07-14 11:08:16,427 INFO  server.RaftServerConfigKeys (ConfUtils.java:logGet(43)) - raft.server.log.statemachine.data.caching.enabled = true (custom)
2019-07-14 11:08:16,427 INFO  segmented.SegmentedRaftLogWorker (SegmentedRaftLogWorker.java:lambda$new$0(132)) - 7a230a6e-c89e-43e9-bd97-6850a8a29c00-SegmentedRaftLogWorker:Storage Directory /workdir/hadoop-ozone/integration-test/target/test-dir/MiniOzoneClusterImpl-8f5a5b31-577b-4034-9f8b-a6dcc573b209/datanode-1/data/ratis/b7c248c8-ec3e-4633-a54c-67e5785209cb: flushIndex: setUnconditionally 0 -> -1
2019-07-14 11:08:16,428 INFO  server.RaftServerConfigKeys (ConfUtils.java:logGet(43)) - raft.server.snapshot.auto.trigger.enabled = true (custom)
2019-07-14 11:08:16,428 INFO  server.RaftServerConfigKeys (ConfUtils.java:logGet(43)) - raft.server.snapshot.auto.trigger.threshold = 10000 (custom)
2019-07-14 11:08:16,428 INFO  server.RaftServerConfigKeys (ConfUtils.java:logGet(43)) - raft.server.retrycache.expirytime = 600000ms (custom)
2019-07-14 11:08:16,428 INFO  impl.RaftServerImpl (RaftServerImpl.java:start(180)) - 7a230a6e-c89e-43e9-bd97-6850a8a29c00: start group-67E5785209CB
2019-07-14 11:08:16,428 INFO  impl.RaftServerImpl (RaftServerImpl.java:setRole(171)) - 7a230a6e-c89e-43e9-bd97-6850a8a29c00:group-67E5785209CB changes role from null to FOLLOWER at term 0 for startAsFollower
2019-07-14 11:08:16,428 INFO  impl.RoleInfo (RoleInfo.java:updateAndGet(143)) - 7a230a6e-c89e-43e9-bd97-6850a8a29c00: start FollowerState
2019-07-14 11:08:16,429 INFO  util.JmxRegister (JmxRegister.java:tryRegister(44)) - Successfully registered JMX Bean with object name Ratis:service=RaftServer,group=group-67E5785209CB,id=7a230a6e-c89e-43e9-bd97-6850a8a29c00
2019-07-14 11:08:16,431 INFO  pipeline.PipelineStateManager (PipelineStateManager.java:addPipeline(56)) - Created pipeline Pipeline[ Id: b7c248c8-ec3e-4633-a54c-67e5785209cb, Nodes: 7a230a6e-c89e-43e9-bd97-6850a8a29c00{ip: 192.168.157.209, host: trunk-nightly-fxmrv-2540794721, networkLocation: /default-rack, certSerialId: null}, Type:RATIS, Factor:ONE, State:OPEN]
2019-07-14 11:08:16,536 INFO  node.SCMNodeManager (SCMNodeManager.java:register(269)) - Registered Data node : 9e312bf6-8a82-490e-8a95-6b8b213db0b6{ip: 192.168.157.209, host: trunk-nightly-fxmrv-2540794721, networkLocation: /default-rack, certSerialId: null}
2019-07-14 11:08:16,543 INFO  impl.RaftServerProxy (RaftServerProxy.java:addNew(89)) - 9e312bf6-8a82-490e-8a95-6b8b213db0b6: addNew group-63F4DB05371A:[9e312bf6-8a82-490e-8a95-6b8b213db0b6:192.168.157.209:41728] returns group-63F4DB05371A:java.util.concurrent.CompletableFuture@f71ae8d[Not completed]
2019-07-14 11:08:16,544 INFO  impl.RaftServerImpl (RaftServerImpl.java:<init>(93)) - 9e312bf6-8a82-490e-8a95-6b8b213db0b6: new RaftServerImpl for group-63F4DB05371A:[9e312bf6-8a82-490e-8a95-6b8b213db0b6:192.168.157.209:41728] with ContainerStateMachine:uninitialized
2019-07-14 11:08:16,544 INFO  server.RaftServerConfigKeys (ConfUtils.java:logGet(43)) - raft.server.rpc.timeout.min = 5s (custom)
2019-07-14 11:08:16,544 INFO  server.RaftServerConfigKeys (ConfUtils.java:logGet(43)) - raft.server.rpc.timeout.max = 5200ms (custom)
2019-07-14 11:08:16,544 INFO  server.RaftServerConfigKeys (ConfUtils.java:logGet(43)) - raft.server.rpcslowness.timeout = 120s (custom)
2019-07-14 11:08:16,545 INFO  server.RaftServerConfigKeys (ConfUtils.java:logGet(43)) - raft.server.sleep.deviation.threshold = 300 (default)
2019-07-14 11:08:16,545 INFO  server.RaftServerConfigKeys (ConfUtils.java:logGet(43)) - raft.server.log.appender.install.snapshot.enabled = false (custom)
2019-07-14 11:08:16,545 INFO  impl.RaftServerImpl (ServerState.java:<init>(105)) - 9e312bf6-8a82-490e-8a95-6b8b213db0b6:group-63F4DB05371A ConfigurationManager, init=-1: [9e312bf6-8a82-490e-8a95-6b8b213db0b6:192.168.157.209:41728], old=null, confs=<EMPTY_MAP>
2019-07-14 11:08:16,545 INFO  server.RaftServerConfigKeys (ConfUtils.java:logGet(43)) - raft.server.storage.dir = [/workdir/hadoop-ozone/integration-test/target/test-dir/MiniOzoneClusterImpl-8f5a5b31-577b-4034-9f8b-a6dcc573b209/datanode-2/data/ratis] (custom)
2019-07-14 11:08:16,546 INFO  storage.RaftStorageDirectory (RaftStorageDirectory.java:analyzeStorage(246)) - The storage directory /workdir/hadoop-ozone/integration-test/target/test-dir/MiniOzoneClusterImpl-8f5a5b31-577b-4034-9f8b-a6dcc573b209/datanode-2/data/ratis/a2ee11e7-287b-49c6-837a-63f4db05371a does not exist. Creating ...
2019-07-14 11:08:16,558 INFO  storage.RaftStorageDirectory (RaftStorageDirectory.java:tryLock(328)) - Lock on /workdir/hadoop-ozone/integration-test/target/test-dir/MiniOzoneClusterImpl-8f5a5b31-577b-4034-9f8b-a6dcc573b209/datanode-2/data/ratis/a2ee11e7-287b-49c6-837a-63f4db05371a/in_use.lock acquired by nodename 22243@trunk-nightly-fxmrv-2540794721
2019-07-14 11:08:16,571 INFO  storage.RaftStorage (RaftStorage.java:format(72)) - Storage directory /workdir/hadoop-ozone/integration-test/target/test-dir/MiniOzoneClusterImpl-8f5a5b31-577b-4034-9f8b-a6dcc573b209/datanode-2/data/ratis/a2ee11e7-287b-49c6-837a-63f4db05371a has been successfully formatted.
2019-07-14 11:08:16,571 INFO  ratis.ContainerStateMachine (ContainerStateMachine.java:loadSnapshot(200)) - group-63F4DB05371A: The snapshot info is null. Setting the last applied indexto:(t:0, i:~)
2019-07-14 11:08:16,571 INFO  server.RaftServerConfigKeys (ConfUtils.java:logGet(43)) - raft.server.leader.election.timeout = 120s (custom)
2019-07-14 11:08:16,571 INFO  server.RaftServerConfigKeys (ConfUtils.java:logGet(43)) - raft.server.log.use.memory = false (default)
2019-07-14 11:08:16,572 INFO  server.RaftServerConfigKeys (ConfUtils.java:logGet(43)) - raft.server.log.purge.gap = 1000000000 (custom)
2019-07-14 11:08:16,572 INFO  server.RaftServerConfigKeys (ConfUtils.java:logGet(43)) - raft.server.log.appender.buffer.byte-limit = 33554432 (custom)
2019-07-14 11:08:16,572 INFO  server.RaftServerConfigKeys (ConfUtils.java:logGet(43)) - raft.server.log.segment.size.max = 1048576 (custom)
2019-07-14 11:08:16,572 INFO  server.RaftServerConfigKeys (ConfUtils.java:logGet(43)) - raft.server.log.segment.cache.num.max = 2 (custom)
2019-07-14 11:08:16,572 INFO  segmented.SegmentedRaftLogWorker (SegmentedRaftLogWorker.java:<init>(172)) - new 9e312bf6-8a82-490e-8a95-6b8b213db0b6-SegmentedRaftLogWorker:Storage Directory /workdir/hadoop-ozone/integration-test/target/test-dir/MiniOzoneClusterImpl-8f5a5b31-577b-4034-9f8b-a6dcc573b209/datanode-2/data/ratis/a2ee11e7-287b-49c6-837a-63f4db05371a for RaftStorage:Storage Directory /workdir/hadoop-ozone/integration-test/target/test-dir/MiniOzoneClusterImpl-8f5a5b31-577b-4034-9f8b-a6dcc573b209/datanode-2/data/ratis/a2ee11e7-287b-49c6-837a-63f4db05371a
2019-07-14 11:08:16,572 INFO  server.RaftServerConfigKeys (ConfUtils.java:logGet(43)) - raft.server.log.queue.byte-limit = 2147483647 (custom)
2019-07-14 11:08:16,573 INFO  server.RaftServerConfigKeys (ConfUtils.java:logGet(43)) - raft.server.log.queue.element-limit = 1024 (custom)
2019-07-14 11:08:16,573 INFO  server.RaftServerConfigKeys (ConfUtils.java:logGet(43)) - raft.server.log.segment.size.max = 1048576 (custom)
2019-07-14 11:08:16,573 INFO  server.RaftServerConfigKeys (ConfUtils.java:logGet(43)) - raft.server.log.preallocated.size = 16384 (custom)
2019-07-14 11:08:16,573 INFO  server.RaftServerConfigKeys (ConfUtils.java:logGet(43)) - raft.server.log.write.buffer.size = 33554432 (custom)
2019-07-14 11:08:16,573 INFO  server.RaftServerConfigKeys (ConfUtils.java:logGet(43)) - raft.server.log.force.sync.num = 128 (default)
2019-07-14 11:08:16,573 INFO  server.RaftServerConfigKeys (ConfUtils.java:logGet(43)) - raft.server.log.statemachine.data.sync = true (default)
2019-07-14 11:08:16,574 INFO  server.RaftServerConfigKeys (ConfUtils.java:logGet(43)) - raft.server.log.statemachine.data.sync.timeout = 10s (default)
2019-07-14 11:08:16,574 INFO  server.RaftServerConfigKeys (ConfUtils.java:logGet(43)) - raft.server.log.statemachine.data.sync.timeout.retry = -1 (default)
2019-07-14 11:08:16,574 INFO  server.RaftServerConfigKeys (ConfUtils.java:logGet(43)) - raft.server.log.statemachine.data.caching.enabled = true (custom)
2019-07-14 11:08:16,574 INFO  segmented.SegmentedRaftLogWorker (SegmentedRaftLogWorker.java:lambda$new$0(132)) - 9e312bf6-8a82-490e-8a95-6b8b213db0b6-SegmentedRaftLogWorker:Storage Directory /workdir/hadoop-ozone/integration-test/target/test-dir/MiniOzoneClusterImpl-8f5a5b31-577b-4034-9f8b-a6dcc573b209/datanode-2/data/ratis/a2ee11e7-287b-49c6-837a-63f4db05371a: flushIndex: setUnconditionally 0 -> -1
2019-07-14 11:08:16,575 INFO  server.RaftServerConfigKeys (ConfUtils.java:logGet(43)) - raft.server.snapshot.auto.trigger.enabled = true (custom)
2019-07-14 11:08:16,575 INFO  server.RaftServerConfigKeys (ConfUtils.java:logGet(43)) - raft.server.snapshot.auto.trigger.threshold = 10000 (custom)
2019-07-14 11:08:16,575 INFO  server.RaftServerConfigKeys (ConfUtils.java:logGet(43)) - raft.server.retrycache.expirytime = 600000ms (custom)
2019-07-14 11:08:16,575 INFO  impl.RaftServerImpl (RaftServerImpl.java:start(180)) - 9e312bf6-8a82-490e-8a95-6b8b213db0b6: start group-63F4DB05371A
2019-07-14 11:08:16,575 INFO  impl.RaftServerImpl (RaftServerImpl.java:setRole(171)) - 9e312bf6-8a82-490e-8a95-6b8b213db0b6:group-63F4DB05371A changes role from null to FOLLOWER at term 0 for startAsFollower
2019-07-14 11:08:16,576 INFO  impl.RoleInfo (RoleInfo.java:updateAndGet(143)) - 9e312bf6-8a82-490e-8a95-6b8b213db0b6: start FollowerState
2019-07-14 11:08:16,576 INFO  util.JmxRegister (JmxRegister.java:tryRegister(44)) - Successfully registered JMX Bean with object name Ratis:service=RaftServer,group=group-63F4DB05371A,id=9e312bf6-8a82-490e-8a95-6b8b213db0b6
2019-07-14 11:08:16,578 INFO  pipeline.PipelineStateManager (PipelineStateManager.java:addPipeline(56)) - Created pipeline Pipeline[ Id: a2ee11e7-287b-49c6-837a-63f4db05371a, Nodes: 9e312bf6-8a82-490e-8a95-6b8b213db0b6{ip: 192.168.157.209, host: trunk-nightly-fxmrv-2540794721, networkLocation: /default-rack, certSerialId: null}, Type:RATIS, Factor:ONE, State:OPEN]
2019-07-14 11:08:16,588 INFO  impl.RaftServerProxy (RaftServerProxy.java:addNew(89)) - 9e312bf6-8a82-490e-8a95-6b8b213db0b6: addNew group-DCFB5EBFDF2C:[9e312bf6-8a82-490e-8a95-6b8b213db0b6:192.168.157.209:41728, 7a230a6e-c89e-43e9-bd97-6850a8a29c00:192.168.157.209:42893, 5fb10b7c-c93e-4655-beb6-d5c77dda5179:192.168.157.209:42309] returns group-DCFB5EBFDF2C:java.util.concurrent.CompletableFuture@6129a434[Not completed]
2019-07-14 11:08:16,588 INFO  impl.RaftServerProxy (RaftServerProxy.java:addNew(89)) - 7a230a6e-c89e-43e9-bd97-6850a8a29c00: addNew group-DCFB5EBFDF2C:[9e312bf6-8a82-490e-8a95-6b8b213db0b6:192.168.157.209:41728, 7a230a6e-c89e-43e9-bd97-6850a8a29c00:192.168.157.209:42893, 5fb10b7c-c93e-4655-beb6-d5c77dda5179:192.168.157.209:42309] returns group-DCFB5EBFDF2C:java.util.concurrent.CompletableFuture@39be53e3[Not completed]
2019-07-14 11:08:16,588 INFO  impl.RaftServerProxy (RaftServerProxy.java:addNew(89)) - 5fb10b7c-c93e-4655-beb6-d5c77dda5179: addNew group-DCFB5EBFDF2C:[9e312bf6-8a82-490e-8a95-6b8b213db0b6:192.168.157.209:41728, 7a230a6e-c89e-43e9-bd97-6850a8a29c00:192.168.157.209:42893, 5fb10b7c-c93e-4655-beb6-d5c77dda5179:192.168.157.209:42309] returns group-DCFB5EBFDF2C:java.util.concurrent.CompletableFuture@147b302f[Not completed]
2019-07-14 11:08:16,589 INFO  impl.RaftServerImpl (RaftServerImpl.java:<init>(93)) - 9e312bf6-8a82-490e-8a95-6b8b213db0b6: new RaftServerImpl for group-DCFB5EBFDF2C:[9e312bf6-8a82-490e-8a95-6b8b213db0b6:192.168.157.209:41728, 7a230a6e-c89e-43e9-bd97-6850a8a29c00:192.168.157.209:42893, 5fb10b7c-c93e-4655-beb6-d5c77dda5179:192.168.157.209:42309] with ContainerStateMachine:uninitialized
2019-07-14 11:08:16,589 INFO  server.RaftServerConfigKeys (ConfUtils.java:logGet(43)) - raft.server.rpc.timeout.min = 5s (custom)
2019-07-14 11:08:16,589 INFO  server.RaftServerConfigKeys (ConfUtils.java:logGet(43)) - raft.server.rpc.timeout.max = 5200ms (custom)
2019-07-14 11:08:16,589 INFO  server.RaftServerConfigKeys (ConfUtils.java:logGet(43)) - raft.server.rpcslowness.timeout = 120s (custom)
2019-07-14 11:08:16,589 INFO  impl.RaftServerImpl (RaftServerImpl.java:<init>(93)) - 7a230a6e-c89e-43e9-bd97-6850a8a29c00: new RaftServerImpl for group-DCFB5EBFDF2C:[9e312bf6-8a82-490e-8a95-6b8b213db0b6:192.168.157.209:41728, 7a230a6e-c89e-43e9-bd97-6850a8a29c00:192.168.157.209:42893, 5fb10b7c-c93e-4655-beb6-d5c77dda5179:192.168.157.209:42309] with ContainerStateMachine:uninitialized
2019-07-14 11:08:16,589 INFO  server.RaftServerConfigKeys (ConfUtils.java:logGet(43)) - raft.server.sleep.deviation.threshold = 300 (default)
2019-07-14 11:08:16,590 INFO  server.RaftServerConfigKeys (ConfUtils.java:logGet(43)) - raft.server.rpc.timeout.min = 5s (custom)
2019-07-14 11:08:16,590 INFO  server.RaftServerConfigKeys (ConfUtils.java:logGet(43)) - raft.server.log.appender.install.snapshot.enabled = false (custom)
2019-07-14 11:08:16,590 INFO  server.RaftServerConfigKeys (ConfUtils.java:logGet(43)) - raft.server.rpc.timeout.max = 5200ms (custom)
2019-07-14 11:08:16,590 INFO  impl.RaftServerImpl (RaftServerImpl.java:<init>(93)) - 5fb10b7c-c93e-4655-beb6-d5c77dda5179: new RaftServerImpl for group-DCFB5EBFDF2C:[9e312bf6-8a82-490e-8a95-6b8b213db0b6:192.168.157.209:41728, 7a230a6e-c89e-43e9-bd97-6850a8a29c00:192.168.157.209:42893, 5fb10b7c-c93e-4655-beb6-d5c77dda5179:192.168.157.209:42309] with ContainerStateMachine:uninitialized
2019-07-14 11:08:16,590 INFO  impl.RaftServerImpl (ServerState.java:<init>(105)) - 9e312bf6-8a82-490e-8a95-6b8b213db0b6:group-DCFB5EBFDF2C ConfigurationManager, init=-1: [9e312bf6-8a82-490e-8a95-6b8b213db0b6:192.168.157.209:41728, 7a230a6e-c89e-43e9-bd97-6850a8a29c00:192.168.157.209:42893, 5fb10b7c-c93e-4655-beb6-d5c77dda5179:192.168.157.209:42309], old=null, confs=<EMPTY_MAP>
2019-07-14 11:08:16,590 INFO  server.RaftServerConfigKeys (ConfUtils.java:logGet(43)) - raft.server.rpc.timeout.min = 5s (custom)
2019-07-14 11:08:16,590 INFO  server.RaftServerConfigKeys (ConfUtils.java:logGet(43)) - raft.server.rpcslowness.timeout = 120s (custom)
2019-07-14 11:08:16,591 INFO  server.RaftServerConfigKeys (ConfUtils.java:logGet(43)) - raft.server.rpc.timeout.max = 5200ms (custom)
2019-07-14 11:08:16,590 INFO  server.RaftServerConfigKeys (ConfUtils.java:logGet(43)) - raft.server.storage.dir = [/workdir/hadoop-ozone/integration-test/target/test-dir/MiniOzoneClusterImpl-8f5a5b31-577b-4034-9f8b-a6dcc573b209/datanode-2/data/ratis] (custom)
2019-07-14 11:08:16,591 INFO  server.RaftServerConfigKeys (ConfUtils.java:logGet(43)) - raft.server.rpcslowness.timeout = 120s (custom)
2019-07-14 11:08:16,591 INFO  storage.RaftStorageDirectory (RaftStorageDirectory.java:analyzeStorage(246)) - The storage directory /workdir/hadoop-ozone/integration-test/target/test-dir/MiniOzoneClusterImpl-8f5a5b31-577b-4034-9f8b-a6dcc573b209/datanode-2/data/ratis/7ae37169-d414-4256-959e-dcfb5ebfdf2c does not exist. Creating ...
2019-07-14 11:08:16,591 INFO  server.RaftServerConfigKeys (ConfUtils.java:logGet(43)) - raft.server.sleep.deviation.threshold = 300 (default)
2019-07-14 11:08:16,591 INFO  server.RaftServerConfigKeys (ConfUtils.java:logGet(43)) - raft.server.sleep.deviation.threshold = 300 (default)
2019-07-14 11:08:16,592 INFO  server.RaftServerConfigKeys (ConfUtils.java:logGet(43)) - raft.server.log.appender.install.snapshot.enabled = false (custom)
2019-07-14 11:08:16,592 INFO  server.RaftServerConfigKeys (ConfUtils.java:logGet(43)) - raft.server.log.appender.install.snapshot.enabled = false (custom)
2019-07-14 11:08:16,592 INFO  impl.RaftServerImpl (ServerState.java:<init>(105)) - 7a230a6e-c89e-43e9-bd97-6850a8a29c00:group-DCFB5EBFDF2C ConfigurationManager, init=-1: [9e312bf6-8a82-490e-8a95-6b8b213db0b6:192.168.157.209:41728, 7a230a6e-c89e-43e9-bd97-6850a8a29c00:192.168.157.209:42893, 5fb10b7c-c93e-4655-beb6-d5c77dda5179:192.168.157.209:42309], old=null, confs=<EMPTY_MAP>
2019-07-14 11:08:16,592 INFO  impl.RaftServerImpl (ServerState.java:<init>(105)) - 5fb10b7c-c93e-4655-beb6-d5c77dda5179:group-DCFB5EBFDF2C ConfigurationManager, init=-1: [9e312bf6-8a82-490e-8a95-6b8b213db0b6:192.168.157.209:41728, 7a230a6e-c89e-43e9-bd97-6850a8a29c00:192.168.157.209:42893, 5fb10b7c-c93e-4655-beb6-d5c77dda5179:192.168.157.209:42309], old=null, confs=<EMPTY_MAP>
2019-07-14 11:08:16,592 INFO  server.RaftServerConfigKeys (ConfUtils.java:logGet(43)) - raft.server.storage.dir = [/workdir/hadoop-ozone/integration-test/target/test-dir/MiniOzoneClusterImpl-8f5a5b31-577b-4034-9f8b-a6dcc573b209/datanode-1/data/ratis] (custom)
2019-07-14 11:08:16,593 INFO  server.RaftServerConfigKeys (ConfUtils.java:logGet(43)) - raft.server.storage.dir = [/workdir/hadoop-ozone/integration-test/target/test-dir/MiniOzoneClusterImpl-8f5a5b31-577b-4034-9f8b-a6dcc573b209/datanode-0/data/ratis] (custom)
2019-07-14 11:08:16,593 INFO  storage.RaftStorageDirectory (RaftStorageDirectory.java:analyzeStorage(246)) - The storage directory /workdir/hadoop-ozone/integration-test/target/test-dir/MiniOzoneClusterImpl-8f5a5b31-577b-4034-9f8b-a6dcc573b209/datanode-1/data/ratis/7ae37169-d414-4256-959e-dcfb5ebfdf2c does not exist. Creating ...
2019-07-14 11:08:16,593 INFO  storage.RaftStorageDirectory (RaftStorageDirectory.java:analyzeStorage(246)) - The storage directory /workdir/hadoop-ozone/integration-test/target/test-dir/MiniOzoneClusterImpl-8f5a5b31-577b-4034-9f8b-a6dcc573b209/datanode-0/data/ratis/7ae37169-d414-4256-959e-dcfb5ebfdf2c does not exist. Creating ...
2019-07-14 11:08:16,605 INFO  storage.RaftStorageDirectory (RaftStorageDirectory.java:tryLock(328)) - Lock on /workdir/hadoop-ozone/integration-test/target/test-dir/MiniOzoneClusterImpl-8f5a5b31-577b-4034-9f8b-a6dcc573b209/datanode-0/data/ratis/7ae37169-d414-4256-959e-dcfb5ebfdf2c/in_use.lock acquired by nodename 22243@trunk-nightly-fxmrv-2540794721
2019-07-14 11:08:16,605 INFO  storage.RaftStorageDirectory (RaftStorageDirectory.java:tryLock(328)) - Lock on /workdir/hadoop-ozone/integration-test/target/test-dir/MiniOzoneClusterImpl-8f5a5b31-577b-4034-9f8b-a6dcc573b209/datanode-1/data/ratis/7ae37169-d414-4256-959e-dcfb5ebfdf2c/in_use.lock acquired by nodename 22243@trunk-nightly-fxmrv-2540794721
2019-07-14 11:08:16,605 INFO  storage.RaftStorageDirectory (RaftStorageDirectory.java:tryLock(328)) - Lock on /workdir/hadoop-ozone/integration-test/target/test-dir/MiniOzoneClusterImpl-8f5a5b31-577b-4034-9f8b-a6dcc573b209/datanode-2/data/ratis/7ae37169-d414-4256-959e-dcfb5ebfdf2c/in_use.lock acquired by nodename 22243@trunk-nightly-fxmrv-2540794721
2019-07-14 11:08:16,631 INFO  storage.RaftStorage (RaftStorage.java:format(72)) - Storage directory /workdir/hadoop-ozone/integration-test/target/test-dir/MiniOzoneClusterImpl-8f5a5b31-577b-4034-9f8b-a6dcc573b209/datanode-2/data/ratis/7ae37169-d414-4256-959e-dcfb5ebfdf2c has been successfully formatted.
2019-07-14 11:08:16,631 INFO  storage.RaftStorage (RaftStorage.java:format(72)) - Storage directory /workdir/hadoop-ozone/integration-test/target/test-dir/MiniOzoneClusterImpl-8f5a5b31-577b-4034-9f8b-a6dcc573b209/datanode-0/data/ratis/7ae37169-d414-4256-959e-dcfb5ebfdf2c has been successfully formatted.
2019-07-14 11:08:16,631 INFO  storage.RaftStorage (RaftStorage.java:format(72)) - Storage directory /workdir/hadoop-ozone/integration-test/target/test-dir/MiniOzoneClusterImpl-8f5a5b31-577b-4034-9f8b-a6dcc573b209/datanode-1/data/ratis/7ae37169-d414-4256-959e-dcfb5ebfdf2c has been successfully formatted.
2019-07-14 11:08:16,631 INFO  ratis.ContainerStateMachine (ContainerStateMachine.java:loadSnapshot(200)) - group-DCFB5EBFDF2C: The snapshot info is null. Setting the last applied indexto:(t:0, i:~)
2019-07-14 11:08:16,631 INFO  ratis.ContainerStateMachine (ContainerStateMachine.java:loadSnapshot(200)) - group-DCFB5EBFDF2C: The snapshot info is null. Setting the last applied indexto:(t:0, i:~)
2019-07-14 11:08:16,631 INFO  ratis.ContainerStateMachine (ContainerStateMachine.java:loadSnapshot(200)) - group-DCFB5EBFDF2C: The snapshot info is null. Setting the last applied indexto:(t:0, i:~)
2019-07-14 11:08:16,632 INFO  server.RaftServerConfigKeys (ConfUtils.java:logGet(43)) - raft.server.leader.election.timeout = 120s (custom)
2019-07-14 11:08:16,631 INFO  server.RaftServerConfigKeys (ConfUtils.java:logGet(43)) - raft.server.leader.election.timeout = 120s (custom)
2019-07-14 11:08:16,632 INFO  server.RaftServerConfigKeys (ConfUtils.java:logGet(43)) - raft.server.log.use.memory = false (default)
2019-07-14 11:08:16,632 INFO  server.RaftServerConfigKeys (ConfUtils.java:logGet(43)) - raft.server.log.purge.gap = 1000000000 (custom)
2019-07-14 11:08:16,632 INFO  server.RaftServerConfigKeys (ConfUtils.java:logGet(43)) - raft.server.leader.election.timeout = 120s (custom)
2019-07-14 11:08:16,632 INFO  server.RaftServerConfigKeys (ConfUtils.java:logGet(43)) - raft.server.log.appender.buffer.byte-limit = 33554432 (custom)
2019-07-14 11:08:16,632 INFO  server.RaftServerConfigKeys (ConfUtils.java:logGet(43)) - raft.server.log.use.memory = false (default)
2019-07-14 11:08:16,633 INFO  server.RaftServerConfigKeys (ConfUtils.java:logGet(43)) - raft.server.log.segment.size.max = 1048576 (custom)
2019-07-14 11:08:16,633 INFO  server.RaftServerConfigKeys (ConfUtils.java:logGet(43)) - raft.server.log.use.memory = false (default)
2019-07-14 11:08:16,633 INFO  server.RaftServerConfigKeys (ConfUtils.java:logGet(43)) - raft.server.log.segment.cache.num.max = 2 (custom)
2019-07-14 11:08:16,633 INFO  server.RaftServerConfigKeys (ConfUtils.java:logGet(43)) - raft.server.log.purge.gap = 1000000000 (custom)
2019-07-14 11:08:16,634 INFO  segmented.SegmentedRaftLogWorker (SegmentedRaftLogWorker.java:<init>(172)) - new 7a230a6e-c89e-43e9-bd97-6850a8a29c00-SegmentedRaftLogWorker:Storage Directory /workdir/hadoop-ozone/integration-test/target/test-dir/MiniOzoneClusterImpl-8f5a5b31-577b-4034-9f8b-a6dcc573b209/datanode-1/data/ratis/7ae37169-d414-4256-959e-dcfb5ebfdf2c for RaftStorage:Storage Directory /workdir/hadoop-ozone/integration-test/target/test-dir/MiniOzoneClusterImpl-8f5a5b31-577b-4034-9f8b-a6dcc573b209/datanode-1/data/ratis/7ae37169-d414-4256-959e-dcfb5ebfdf2c
2019-07-14 11:08:16,633 INFO  server.RaftServerConfigKeys (ConfUtils.java:logGet(43)) - raft.server.log.purge.gap = 1000000000 (custom)
2019-07-14 11:08:16,634 INFO  server.RaftServerConfigKeys (ConfUtils.java:logGet(43)) - raft.server.log.queue.byte-limit = 2147483647 (custom)
2019-07-14 11:08:16,634 INFO  server.RaftServerConfigKeys (ConfUtils.java:logGet(43)) - raft.server.log.queue.element-limit = 1024 (custom)
2019-07-14 11:08:16,634 INFO  server.RaftServerConfigKeys (ConfUtils.java:logGet(43)) - raft.server.log.appender.buffer.byte-limit = 33554432 (custom)
2019-07-14 11:08:16,634 INFO  server.RaftServerConfigKeys (ConfUtils.java:logGet(43)) - raft.server.log.segment.size.max = 1048576 (custom)
2019-07-14 11:08:16,634 INFO  server.RaftServerConfigKeys (ConfUtils.java:logGet(43)) - raft.server.log.appender.buffer.byte-limit = 33554432 (custom)
2019-07-14 11:08:16,635 INFO  server.RaftServerConfigKeys (ConfUtils.java:logGet(43)) - raft.server.log.preallocated.size = 16384 (custom)
2019-07-14 11:08:16,635 INFO  server.RaftServerConfigKeys (ConfUtils.java:logGet(43)) - raft.server.log.segment.size.max = 1048576 (custom)
2019-07-14 11:08:16,635 INFO  server.RaftServerConfigKeys (ConfUtils.java:logGet(43)) - raft.server.log.write.buffer.size = 33554432 (custom)
2019-07-14 11:08:16,635 INFO  server.RaftServerConfigKeys (ConfUtils.java:logGet(43)) - raft.server.log.segment.size.max = 1048576 (custom)
2019-07-14 11:08:16,635 INFO  server.RaftServerConfigKeys (ConfUtils.java:logGet(43)) - raft.server.log.force.sync.num = 128 (default)
2019-07-14 11:08:16,636 INFO  server.RaftServerConfigKeys (ConfUtils.java:logGet(43)) - raft.server.log.statemachine.data.sync = true (default)
2019-07-14 11:08:16,635 INFO  server.RaftServerConfigKeys (ConfUtils.java:logGet(43)) - raft.server.log.segment.cache.num.max = 2 (custom)
2019-07-14 11:08:16,636 INFO  server.RaftServerConfigKeys (ConfUtils.java:logGet(43)) - raft.server.log.statemachine.data.sync.timeout = 10s (default)
2019-07-14 11:08:16,636 INFO  server.RaftServerConfigKeys (ConfUtils.java:logGet(43)) - raft.server.log.statemachine.data.sync.timeout.retry = -1 (default)
2019-07-14 11:08:16,636 INFO  server.RaftServerConfigKeys (ConfUtils.java:logGet(43)) - raft.server.log.segment.cache.num.max = 2 (custom)
2019-07-14 11:08:16,636 INFO  server.RaftServerConfigKeys (ConfUtils.java:logGet(43)) - raft.server.log.statemachine.data.caching.enabled = true (custom)
2019-07-14 11:08:16,636 INFO  segmented.SegmentedRaftLogWorker (SegmentedRaftLogWorker.java:<init>(172)) - new 5fb10b7c-c93e-4655-beb6-d5c77dda5179-SegmentedRaftLogWorker:Storage Directory /workdir/hadoop-ozone/integration-test/target/test-dir/MiniOzoneClusterImpl-8f5a5b31-577b-4034-9f8b-a6dcc573b209/datanode-0/data/ratis/7ae37169-d414-4256-959e-dcfb5ebfdf2c for RaftStorage:Storage Directory /workdir/hadoop-ozone/integration-test/target/test-dir/MiniOzoneClusterImpl-8f5a5b31-577b-4034-9f8b-a6dcc573b209/datanode-0/data/ratis/7ae37169-d414-4256-959e-dcfb5ebfdf2c
2019-07-14 11:08:16,637 INFO  segmented.SegmentedRaftLogWorker (SegmentedRaftLogWorker.java:<init>(172)) - new 9e312bf6-8a82-490e-8a95-6b8b213db0b6-SegmentedRaftLogWorker:Storage Directory /workdir/hadoop-ozone/integration-test/target/test-dir/MiniOzoneClusterImpl-8f5a5b31-577b-4034-9f8b-a6dcc573b209/datanode-2/data/ratis/7ae37169-d414-4256-959e-dcfb5ebfdf2c for RaftStorage:Storage Directory /workdir/hadoop-ozone/integration-test/target/test-dir/MiniOzoneClusterImpl-8f5a5b31-577b-4034-9f8b-a6dcc573b209/datanode-2/data/ratis/7ae37169-d414-4256-959e-dcfb5ebfdf2c
2019-07-14 11:08:16,637 INFO  server.RaftServerConfigKeys (ConfUtils.java:logGet(43)) - raft.server.log.queue.byte-limit = 2147483647 (custom)
2019-07-14 11:08:16,637 INFO  segmented.SegmentedRaftLogWorker (SegmentedRaftLogWorker.java:lambda$new$0(132)) - 7a230a6e-c89e-43e9-bd97-6850a8a29c00-SegmentedRaftLogWorker:Storage Directory /workdir/hadoop-ozone/integration-test/target/test-dir/MiniOzoneClusterImpl-8f5a5b31-577b-4034-9f8b-a6dcc573b209/datanode-1/data/ratis/7ae37169-d414-4256-959e-dcfb5ebfdf2c: flushIndex: setUnconditionally 0 -> -1
2019-07-14 11:08:16,637 INFO  server.RaftServerConfigKeys (ConfUtils.java:logGet(43)) - raft.server.log.queue.element-limit = 1024 (custom)
2019-07-14 11:08:16,637 INFO  server.RaftServerConfigKeys (ConfUtils.java:logGet(43)) - raft.server.log.queue.byte-limit = 2147483647 (custom)
2019-07-14 11:08:16,638 INFO  server.RaftServerConfigKeys (ConfUtils.java:logGet(43)) - raft.server.log.segment.size.max = 1048576 (custom)
2019-07-14 11:08:16,638 INFO  server.RaftServerConfigKeys (ConfUtils.java:logGet(43)) - raft.server.snapshot.auto.trigger.enabled = true (custom)
2019-07-14 11:08:16,638 INFO  server.RaftServerConfigKeys (ConfUtils.java:logGet(43)) - raft.server.log.preallocated.size = 16384 (custom)
2019-07-14 11:08:16,638 INFO  server.RaftServerConfigKeys (ConfUtils.java:logGet(43)) - raft.server.log.write.buffer.size = 33554432 (custom)
2019-07-14 11:08:16,638 INFO  server.RaftServerConfigKeys (ConfUtils.java:logGet(43)) - raft.server.log.queue.element-limit = 1024 (custom)
2019-07-14 11:08:16,638 INFO  server.RaftServerConfigKeys (ConfUtils.java:logGet(43)) - raft.server.log.force.sync.num = 128 (default)
2019-07-14 11:08:16,638 INFO  server.RaftServerConfigKeys (ConfUtils.java:logGet(43)) - raft.server.snapshot.auto.trigger.threshold = 10000 (custom)
2019-07-14 11:08:16,639 INFO  server.RaftServerConfigKeys (ConfUtils.java:logGet(43)) - raft.server.log.statemachine.data.sync = true (default)
2019-07-14 11:08:16,639 INFO  server.RaftServerConfigKeys (ConfUtils.java:logGet(43)) - raft.server.log.segment.size.max = 1048576 (custom)
2019-07-14 11:08:16,639 INFO  server.RaftServerConfigKeys (ConfUtils.java:logGet(43)) - raft.server.log.statemachine.data.sync.timeout = 10s (default)
2019-07-14 11:08:16,639 INFO  server.RaftServerConfigKeys (ConfUtils.java:logGet(43)) - raft.server.retrycache.expirytime = 600000ms (custom)
2019-07-14 11:08:16,639 INFO  server.RaftServerConfigKeys (ConfUtils.java:logGet(43)) - raft.server.log.statemachine.data.sync.timeout.retry = -1 (default)
2019-07-14 11:08:16,639 INFO  server.RaftServerConfigKeys (ConfUtils.java:logGet(43)) - raft.server.log.preallocated.size = 16384 (custom)
2019-07-14 11:08:16,640 INFO  server.RaftServerConfigKeys (ConfUtils.java:logGet(43)) - raft.server.log.statemachine.data.caching.enabled = true (custom)
2019-07-14 11:08:16,640 INFO  impl.RaftServerImpl (RaftServerImpl.java:start(180)) - 7a230a6e-c89e-43e9-bd97-6850a8a29c00: start group-DCFB5EBFDF2C
2019-07-14 11:08:16,640 INFO  server.RaftServerConfigKeys (ConfUtils.java:logGet(43)) - raft.server.log.write.buffer.size = 33554432 (custom)
2019-07-14 11:08:16,640 INFO  segmented.SegmentedRaftLogWorker (SegmentedRaftLogWorker.java:lambda$new$0(132)) - 5fb10b7c-c93e-4655-beb6-d5c77dda5179-SegmentedRaftLogWorker:Storage Directory /workdir/hadoop-ozone/integration-test/target/test-dir/MiniOzoneClusterImpl-8f5a5b31-577b-4034-9f8b-a6dcc573b209/datanode-0/data/ratis/7ae37169-d414-4256-959e-dcfb5ebfdf2c: flushIndex: setUnconditionally 0 -> -1
2019-07-14 11:08:16,640 INFO  impl.RaftServerImpl (RaftServerImpl.java:setRole(171)) - 7a230a6e-c89e-43e9-bd97-6850a8a29c00:group-DCFB5EBFDF2C changes role from null to FOLLOWER at term 0 for startAsFollower
2019-07-14 11:08:16,640 INFO  server.RaftServerConfigKeys (ConfUtils.java:logGet(43)) - raft.server.log.force.sync.num = 128 (default)
2019-07-14 11:08:16,641 INFO  server.RaftServerConfigKeys (ConfUtils.java:logGet(43)) - raft.server.snapshot.auto.trigger.enabled = true (custom)
2019-07-14 11:08:16,641 INFO  impl.RoleInfo (RoleInfo.java:updateAndGet(143)) - 7a230a6e-c89e-43e9-bd97-6850a8a29c00: start FollowerState
2019-07-14 11:08:16,641 INFO  server.RaftServerConfigKeys (ConfUtils.java:logGet(43)) - raft.server.snapshot.auto.trigger.threshold = 10000 (custom)
2019-07-14 11:08:16,641 INFO  server.RaftServerConfigKeys (ConfUtils.java:logGet(43)) - raft.server.log.statemachine.data.sync = true (default)
2019-07-14 11:08:16,641 INFO  server.RaftServerConfigKeys (ConfUtils.java:logGet(43)) - raft.server.retrycache.expirytime = 600000ms (custom)
2019-07-14 11:08:16,642 INFO  util.JmxRegister (JmxRegister.java:tryRegister(44)) - Successfully registered JMX Bean with object name Ratis:service=RaftServer,group=group-DCFB5EBFDF2C,id=7a230a6e-c89e-43e9-bd97-6850a8a29c00
2019-07-14 11:08:16,642 INFO  server.RaftServerConfigKeys (ConfUtils.java:logGet(43)) - raft.server.log.statemachine.data.sync.timeout = 10s (default)
2019-07-14 11:08:16,642 INFO  impl.RaftServerImpl (RaftServerImpl.java:start(180)) - 5fb10b7c-c93e-4655-beb6-d5c77dda5179: start group-DCFB5EBFDF2C
2019-07-14 11:08:16,642 INFO  server.RaftServerConfigKeys (ConfUtils.java:logGet(43)) - raft.server.log.statemachine.data.sync.timeout.retry = -1 (default)
2019-07-14 11:08:16,642 INFO  impl.RaftServerImpl (RaftServerImpl.java:setRole(171)) - 5fb10b7c-c93e-4655-beb6-d5c77dda5179:group-DCFB5EBFDF2C changes role from null to FOLLOWER at term 0 for startAsFollower
2019-07-14 11:08:16,642 INFO  server.RaftServerConfigKeys (ConfUtils.java:logGet(43)) - raft.server.log.statemachine.data.caching.enabled = true (custom)
2019-07-14 11:08:16,643 INFO  impl.RoleInfo (RoleInfo.java:updateAndGet(143)) - 5fb10b7c-c93e-4655-beb6-d5c77dda5179: start FollowerState
2019-07-14 11:08:16,643 INFO  segmented.SegmentedRaftLogWorker (SegmentedRaftLogWorker.java:lambda$new$0(132)) - 9e312bf6-8a82-490e-8a95-6b8b213db0b6-SegmentedRaftLogWorker:Storage Directory /workdir/hadoop-ozone/integration-test/target/test-dir/MiniOzoneClusterImpl-8f5a5b31-577b-4034-9f8b-a6dcc573b209/datanode-2/data/ratis/7ae37169-d414-4256-959e-dcfb5ebfdf2c: flushIndex: setUnconditionally 0 -> -1
2019-07-14 11:08:16,643 INFO  util.JmxRegister (JmxRegister.java:tryRegister(44)) - Successfully registered JMX Bean with object name Ratis:service=RaftServer,group=group-DCFB5EBFDF2C,id=5fb10b7c-c93e-4655-beb6-d5c77dda5179
2019-07-14 11:08:16,643 INFO  server.RaftServerConfigKeys (ConfUtils.java:logGet(43)) - raft.server.snapshot.auto.trigger.enabled = true (custom)
2019-07-14 11:08:16,643 INFO  server.RaftServerConfigKeys (ConfUtils.java:logGet(43)) - raft.server.snapshot.auto.trigger.threshold = 10000 (custom)
2019-07-14 11:08:16,644 INFO  server.RaftServerConfigKeys (ConfUtils.java:logGet(43)) - raft.server.retrycache.expirytime = 600000ms (custom)
2019-07-14 11:08:16,644 INFO  impl.RaftServerImpl (RaftServerImpl.java:start(180)) - 9e312bf6-8a82-490e-8a95-6b8b213db0b6: start group-DCFB5EBFDF2C
2019-07-14 11:08:16,644 INFO  impl.RaftServerImpl (RaftServerImpl.java:setRole(171)) - 9e312bf6-8a82-490e-8a95-6b8b213db0b6:group-DCFB5EBFDF2C changes role from null to FOLLOWER at term 0 for startAsFollower
2019-07-14 11:08:16,644 INFO  impl.RoleInfo (RoleInfo.java:updateAndGet(143)) - 9e312bf6-8a82-490e-8a95-6b8b213db0b6: start FollowerState
2019-07-14 11:08:16,645 INFO  util.JmxRegister (JmxRegister.java:tryRegister(44)) - Successfully registered JMX Bean with object name Ratis:service=RaftServer,group=group-DCFB5EBFDF2C,id=9e312bf6-8a82-490e-8a95-6b8b213db0b6
2019-07-14 11:08:16,646 INFO  pipeline.PipelineStateManager (PipelineStateManager.java:addPipeline(56)) - Created pipeline Pipeline[ Id: 7ae37169-d414-4256-959e-dcfb5ebfdf2c, Nodes: 5fb10b7c-c93e-4655-beb6-d5c77dda5179{ip: 192.168.157.209, host: trunk-nightly-fxmrv-2540794721, networkLocation: /default-rack, certSerialId: null}9e312bf6-8a82-490e-8a95-6b8b213db0b6{ip: 192.168.157.209, host: trunk-nightly-fxmrv-2540794721, networkLocation: /default-rack, certSerialId: null}7a230a6e-c89e-43e9-bd97-6850a8a29c00{ip: 192.168.157.209, host: trunk-nightly-fxmrv-2540794721, networkLocation: /default-rack, certSerialId: null}, Type:RATIS, Factor:THREE, State:OPEN]
2019-07-14 11:08:16,708 INFO  node.SCMNodeManager (SCMNodeManager.java:register(269)) - Registered Data node : b77edfec-6442-4bf4-8031-76cd542021cd{ip: 192.168.157.209, host: trunk-nightly-fxmrv-2540794721, networkLocation: /default-rack, certSerialId: null}
2019-07-14 11:08:16,715 INFO  impl.RaftServerProxy (RaftServerProxy.java:addNew(89)) - b77edfec-6442-4bf4-8031-76cd542021cd: addNew group-050C8230F976:[b77edfec-6442-4bf4-8031-76cd542021cd:192.168.157.209:46003] returns group-050C8230F976:java.util.concurrent.CompletableFuture@6f5a1c6f[Not completed]
2019-07-14 11:08:16,716 INFO  impl.RaftServerImpl (RaftServerImpl.java:<init>(93)) - b77edfec-6442-4bf4-8031-76cd542021cd: new RaftServerImpl for group-050C8230F976:[b77edfec-6442-4bf4-8031-76cd542021cd:192.168.157.209:46003] with ContainerStateMachine:uninitialized
2019-07-14 11:08:16,716 INFO  server.RaftServerConfigKeys (ConfUtils.java:logGet(43)) - raft.server.rpc.timeout.min = 5s (custom)
2019-07-14 11:08:16,716 INFO  server.RaftServerConfigKeys (ConfUtils.java:logGet(43)) - raft.server.rpc.timeout.max = 5200ms (custom)
2019-07-14 11:08:16,717 INFO  server.RaftServerConfigKeys (ConfUtils.java:logGet(43)) - raft.server.rpcslowness.timeout = 120s (custom)
2019-07-14 11:08:16,717 INFO  server.RaftServerConfigKeys (ConfUtils.java:logGet(43)) - raft.server.sleep.deviation.threshold = 300 (default)
2019-07-14 11:08:16,717 INFO  server.RaftServerConfigKeys (ConfUtils.java:logGet(43)) - raft.server.log.appender.install.snapshot.enabled = false (custom)
2019-07-14 11:08:16,717 INFO  impl.RaftServerImpl (ServerState.java:<init>(105)) - b77edfec-6442-4bf4-8031-76cd542021cd:group-050C8230F976 ConfigurationManager, init=-1: [b77edfec-6442-4bf4-8031-76cd542021cd:192.168.157.209:46003], old=null, confs=<EMPTY_MAP>
2019-07-14 11:08:16,717 INFO  server.RaftServerConfigKeys (ConfUtils.java:logGet(43)) - raft.server.storage.dir = [/workdir/hadoop-ozone/integration-test/target/test-dir/MiniOzoneClusterImpl-8f5a5b31-577b-4034-9f8b-a6dcc573b209/datanode-3/data/ratis] (custom)
2019-07-14 11:08:16,718 INFO  storage.RaftStorageDirectory (RaftStorageDirectory.java:analyzeStorage(246)) - The storage directory /workdir/hadoop-ozone/integration-test/target/test-dir/MiniOzoneClusterImpl-8f5a5b31-577b-4034-9f8b-a6dcc573b209/datanode-3/data/ratis/f7f6cbfe-e801-4d29-845f-050c8230f976 does not exist. Creating ...
2019-07-14 11:08:16,742 INFO  storage.RaftStorageDirectory (RaftStorageDirectory.java:tryLock(328)) - Lock on /workdir/hadoop-ozone/integration-test/target/test-dir/MiniOzoneClusterImpl-8f5a5b31-577b-4034-9f8b-a6dcc573b209/datanode-3/data/ratis/f7f6cbfe-e801-4d29-845f-050c8230f976/in_use.lock acquired by nodename 22243@trunk-nightly-fxmrv-2540794721
2019-07-14 11:08:16,760 INFO  storage.RaftStorage (RaftStorage.java:format(72)) - Storage directory /workdir/hadoop-ozone/integration-test/target/test-dir/MiniOzoneClusterImpl-8f5a5b31-577b-4034-9f8b-a6dcc573b209/datanode-3/data/ratis/f7f6cbfe-e801-4d29-845f-050c8230f976 has been successfully formatted.
2019-07-14 11:08:16,761 INFO  ratis.ContainerStateMachine (ContainerStateMachine.java:loadSnapshot(200)) - group-050C8230F976: The snapshot info is null. Setting the last applied indexto:(t:0, i:~)
2019-07-14 11:08:16,761 INFO  server.RaftServerConfigKeys (ConfUtils.java:logGet(43)) - raft.server.leader.election.timeout = 120s (custom)
2019-07-14 11:08:16,761 INFO  server.RaftServerConfigKeys (ConfUtils.java:logGet(43)) - raft.server.log.use.memory = false (default)
2019-07-14 11:08:16,761 INFO  server.RaftServerConfigKeys (ConfUtils.java:logGet(43)) - raft.server.log.purge.gap = 1000000000 (custom)
2019-07-14 11:08:16,761 INFO  server.RaftServerConfigKeys (ConfUtils.java:logGet(43)) - raft.server.log.appender.buffer.byte-limit = 33554432 (custom)
2019-07-14 11:08:16,762 INFO  server.RaftServerConfigKeys (ConfUtils.java:logGet(43)) - raft.server.log.segment.size.max = 1048576 (custom)
2019-07-14 11:08:16,762 INFO  server.RaftServerConfigKeys (ConfUtils.java:logGet(43)) - raft.server.log.segment.cache.num.max = 2 (custom)
2019-07-14 11:08:16,762 INFO  segmented.SegmentedRaftLogWorker (SegmentedRaftLogWorker.java:<init>(172)) - new b77edfec-6442-4bf4-8031-76cd542021cd-SegmentedRaftLogWorker:Storage Directory /workdir/hadoop-ozone/integration-test/target/test-dir/MiniOzoneClusterImpl-8f5a5b31-577b-4034-9f8b-a6dcc573b209/datanode-3/data/ratis/f7f6cbfe-e801-4d29-845f-050c8230f976 for RaftStorage:Storage Directory /workdir/hadoop-ozone/integration-test/target/test-dir/MiniOzoneClusterImpl-8f5a5b31-577b-4034-9f8b-a6dcc573b209/datanode-3/data/ratis/f7f6cbfe-e801-4d29-845f-050c8230f976
2019-07-14 11:08:16,762 INFO  server.RaftServerConfigKeys (ConfUtils.java:logGet(43)) - raft.server.log.queue.byte-limit = 2147483647 (custom)
2019-07-14 11:08:16,762 INFO  server.RaftServerConfigKeys (ConfUtils.java:logGet(43)) - raft.server.log.queue.element-limit = 1024 (custom)
2019-07-14 11:08:16,762 INFO  server.RaftServerConfigKeys (ConfUtils.java:logGet(43)) - raft.server.log.segment.size.max = 1048576 (custom)
2019-07-14 11:08:16,762 INFO  server.RaftServerConfigKeys (ConfUtils.java:logGet(43)) - raft.server.log.preallocated.size = 16384 (custom)
2019-07-14 11:08:16,763 INFO  server.RaftServerConfigKeys (ConfUtils.java:logGet(43)) - raft.server.log.write.buffer.size = 33554432 (custom)
2019-07-14 11:08:16,763 INFO  server.RaftServerConfigKeys (ConfUtils.java:logGet(43)) - raft.server.log.force.sync.num = 128 (default)
2019-07-14 11:08:16,763 INFO  server.RaftServerConfigKeys (ConfUtils.java:logGet(43)) - raft.server.log.statemachine.data.sync = true (default)
2019-07-14 11:08:16,763 INFO  server.RaftServerConfigKeys (ConfUtils.java:logGet(43)) - raft.server.log.statemachine.data.sync.timeout = 10s (default)
2019-07-14 11:08:16,763 INFO  server.RaftServerConfigKeys (ConfUtils.java:logGet(43)) - raft.server.log.statemachine.data.sync.timeout.retry = -1 (default)
2019-07-14 11:08:16,763 INFO  server.RaftServerConfigKeys (ConfUtils.java:logGet(43)) - raft.server.log.statemachine.data.caching.enabled = true (custom)
2019-07-14 11:08:16,764 INFO  segmented.SegmentedRaftLogWorker (SegmentedRaftLogWorker.java:lambda$new$0(132)) - b77edfec-6442-4bf4-8031-76cd542021cd-SegmentedRaftLogWorker:Storage Directory /workdir/hadoop-ozone/integration-test/target/test-dir/MiniOzoneClusterImpl-8f5a5b31-577b-4034-9f8b-a6dcc573b209/datanode-3/data/ratis/f7f6cbfe-e801-4d29-845f-050c8230f976: flushIndex: setUnconditionally 0 -> -1
2019-07-14 11:08:16,764 INFO  server.RaftServerConfigKeys (ConfUtils.java:logGet(43)) - raft.server.snapshot.auto.trigger.enabled = true (custom)
2019-07-14 11:08:16,764 INFO  server.RaftServerConfigKeys (ConfUtils.java:logGet(43)) - raft.server.snapshot.auto.trigger.threshold = 10000 (custom)
2019-07-14 11:08:16,764 INFO  server.RaftServerConfigKeys (ConfUtils.java:logGet(43)) - raft.server.retrycache.expirytime = 600000ms (custom)
2019-07-14 11:08:16,765 INFO  impl.RaftServerImpl (RaftServerImpl.java:start(180)) - b77edfec-6442-4bf4-8031-76cd542021cd: start group-050C8230F976
2019-07-14 11:08:16,765 INFO  impl.RaftServerImpl (RaftServerImpl.java:setRole(171)) - b77edfec-6442-4bf4-8031-76cd542021cd:group-050C8230F976 changes role from null to FOLLOWER at term 0 for startAsFollower
2019-07-14 11:08:16,765 INFO  impl.RoleInfo (RoleInfo.java:updateAndGet(143)) - b77edfec-6442-4bf4-8031-76cd542021cd: start FollowerState
2019-07-14 11:08:16,776 INFO  util.JmxRegister (JmxRegister.java:tryRegister(44)) - Successfully registered JMX Bean with object name Ratis:service=RaftServer,group=group-050C8230F976,id=b77edfec-6442-4bf4-8031-76cd542021cd
2019-07-14 11:08:16,791 INFO  pipeline.PipelineStateManager (PipelineStateManager.java:addPipeline(56)) - Created pipeline Pipeline[ Id: f7f6cbfe-e801-4d29-845f-050c8230f976, Nodes: b77edfec-6442-4bf4-8031-76cd542021cd{ip: 192.168.157.209, host: trunk-nightly-fxmrv-2540794721, networkLocation: /default-rack, certSerialId: null}, Type:RATIS, Factor:ONE, State:OPEN]
2019-07-14 11:08:16,883 INFO  node.SCMNodeManager (SCMNodeManager.java:register(269)) - Registered Data node : 16fc700d-3ecf-488f-92ee-8c3f3cf2f24e{ip: 192.168.157.209, host: trunk-nightly-fxmrv-2540794721, networkLocation: /default-rack, certSerialId: null}
2019-07-14 11:08:16,893 INFO  impl.RaftServerProxy (RaftServerProxy.java:addNew(89)) - 16fc700d-3ecf-488f-92ee-8c3f3cf2f24e: addNew group-8A772E1F4B1C:[16fc700d-3ecf-488f-92ee-8c3f3cf2f24e:192.168.157.209:43061] returns group-8A772E1F4B1C:java.util.concurrent.CompletableFuture@26ce2e40[Not completed]
2019-07-14 11:08:16,894 INFO  impl.RaftServerImpl (RaftServerImpl.java:<init>(93)) - 16fc700d-3ecf-488f-92ee-8c3f3cf2f24e: new RaftServerImpl for group-8A772E1F4B1C:[16fc700d-3ecf-488f-92ee-8c3f3cf2f24e:192.168.157.209:43061] with ContainerStateMachine:uninitialized
2019-07-14 11:08:16,894 INFO  server.RaftServerConfigKeys (ConfUtils.java:logGet(43)) - raft.server.rpc.timeout.min = 5s (custom)
2019-07-14 11:08:16,894 INFO  server.RaftServerConfigKeys (ConfUtils.java:logGet(43)) - raft.server.rpc.timeout.max = 5200ms (custom)
2019-07-14 11:08:16,894 INFO  server.RaftServerConfigKeys (ConfUtils.java:logGet(43)) - raft.server.rpcslowness.timeout = 120s (custom)
2019-07-14 11:08:16,894 INFO  server.RaftServerConfigKeys (ConfUtils.java:logGet(43)) - raft.server.sleep.deviation.threshold = 300 (default)
2019-07-14 11:08:16,895 INFO  server.RaftServerConfigKeys (ConfUtils.java:logGet(43)) - raft.server.log.appender.install.snapshot.enabled = false (custom)
2019-07-14 11:08:16,895 INFO  impl.RaftServerImpl (ServerState.java:<init>(105)) - 16fc700d-3ecf-488f-92ee-8c3f3cf2f24e:group-8A772E1F4B1C ConfigurationManager, init=-1: [16fc700d-3ecf-488f-92ee-8c3f3cf2f24e:192.168.157.209:43061], old=null, confs=<EMPTY_MAP>
2019-07-14 11:08:16,895 INFO  server.RaftServerConfigKeys (ConfUtils.java:logGet(43)) - raft.server.storage.dir = [/workdir/hadoop-ozone/integration-test/target/test-dir/MiniOzoneClusterImpl-8f5a5b31-577b-4034-9f8b-a6dcc573b209/datanode-4/data/ratis] (custom)
2019-07-14 11:08:16,895 INFO  storage.RaftStorageDirectory (RaftStorageDirectory.java:analyzeStorage(246)) - The storage directory /workdir/hadoop-ozone/integration-test/target/test-dir/MiniOzoneClusterImpl-8f5a5b31-577b-4034-9f8b-a6dcc573b209/datanode-4/data/ratis/b8067ac2-e6b9-497e-999b-8a772e1f4b1c does not exist. Creating ...
2019-07-14 11:08:16,908 INFO  storage.RaftStorageDirectory (RaftStorageDirectory.java:tryLock(328)) - Lock on /workdir/hadoop-ozone/integration-test/target/test-dir/MiniOzoneClusterImpl-8f5a5b31-577b-4034-9f8b-a6dcc573b209/datanode-4/data/ratis/b8067ac2-e6b9-497e-999b-8a772e1f4b1c/in_use.lock acquired by nodename 22243@trunk-nightly-fxmrv-2540794721
2019-07-14 11:08:16,921 INFO  storage.RaftStorage (RaftStorage.java:format(72)) - Storage directory /workdir/hadoop-ozone/integration-test/target/test-dir/MiniOzoneClusterImpl-8f5a5b31-577b-4034-9f8b-a6dcc573b209/datanode-4/data/ratis/b8067ac2-e6b9-497e-999b-8a772e1f4b1c has been successfully formatted.
2019-07-14 11:08:16,921 INFO  ratis.ContainerStateMachine (ContainerStateMachine.java:loadSnapshot(200)) - group-8A772E1F4B1C: The snapshot info is null. Setting the last applied indexto:(t:0, i:~)
2019-07-14 11:08:16,922 INFO  server.RaftServerConfigKeys (ConfUtils.java:logGet(43)) - raft.server.leader.election.timeout = 120s (custom)
2019-07-14 11:08:16,922 INFO  server.RaftServerConfigKeys (ConfUtils.java:logGet(43)) - raft.server.log.use.memory = false (default)
2019-07-14 11:08:16,922 INFO  server.RaftServerConfigKeys (ConfUtils.java:logGet(43)) - raft.server.log.purge.gap = 1000000000 (custom)
2019-07-14 11:08:16,922 INFO  server.RaftServerConfigKeys (ConfUtils.java:logGet(43)) - raft.server.log.appender.buffer.byte-limit = 33554432 (custom)
2019-07-14 11:08:16,922 INFO  server.RaftServerConfigKeys (ConfUtils.java:logGet(43)) - raft.server.log.segment.size.max = 1048576 (custom)
2019-07-14 11:08:16,922 INFO  server.RaftServerConfigKeys (ConfUtils.java:logGet(43)) - raft.server.log.segment.cache.num.max = 2 (custom)
2019-07-14 11:08:16,923 INFO  segmented.SegmentedRaftLogWorker (SegmentedRaftLogWorker.java:<init>(172)) - new 16fc700d-3ecf-488f-92ee-8c3f3cf2f24e-SegmentedRaftLogWorker:Storage Directory /workdir/hadoop-ozone/integration-test/target/test-dir/MiniOzoneClusterImpl-8f5a5b31-577b-4034-9f8b-a6dcc573b209/datanode-4/data/ratis/b8067ac2-e6b9-497e-999b-8a772e1f4b1c for RaftStorage:Storage Directory /workdir/hadoop-ozone/integration-test/target/test-dir/MiniOzoneClusterImpl-8f5a5b31-577b-4034-9f8b-a6dcc573b209/datanode-4/data/ratis/b8067ac2-e6b9-497e-999b-8a772e1f4b1c
2019-07-14 11:08:16,923 INFO  server.RaftServerConfigKeys (ConfUtils.java:logGet(43)) - raft.server.log.queue.byte-limit = 2147483647 (custom)
2019-07-14 11:08:16,923 INFO  server.RaftServerConfigKeys (ConfUtils.java:logGet(43)) - raft.server.log.queue.element-limit = 1024 (custom)
2019-07-14 11:08:16,923 INFO  server.RaftServerConfigKeys (ConfUtils.java:logGet(43)) - raft.server.log.segment.size.max = 1048576 (custom)
2019-07-14 11:08:16,923 INFO  server.RaftServerConfigKeys (ConfUtils.java:logGet(43)) - raft.server.log.preallocated.size = 16384 (custom)
2019-07-14 11:08:16,923 INFO  server.RaftServerConfigKeys (ConfUtils.java:logGet(43)) - raft.server.log.write.buffer.size = 33554432 (custom)
2019-07-14 11:08:16,924 INFO  server.RaftServerConfigKeys (ConfUtils.java:logGet(43)) - raft.server.log.force.sync.num = 128 (default)
2019-07-14 11:08:16,924 INFO  server.RaftServerConfigKeys (ConfUtils.java:logGet(43)) - raft.server.log.statemachine.data.sync = true (default)
2019-07-14 11:08:16,924 INFO  server.RaftServerConfigKeys (ConfUtils.java:logGet(43)) - raft.server.log.statemachine.data.sync.timeout = 10s (default)
2019-07-14 11:08:16,924 INFO  server.RaftServerConfigKeys (ConfUtils.java:logGet(43)) - raft.server.log.statemachine.data.sync.timeout.retry = -1 (default)
2019-07-14 11:08:16,924 INFO  server.RaftServerConfigKeys (ConfUtils.java:logGet(43)) - raft.server.log.statemachine.data.caching.enabled = true (custom)
2019-07-14 11:08:16,925 INFO  segmented.SegmentedRaftLogWorker (SegmentedRaftLogWorker.java:lambda$new$0(132)) - 16fc700d-3ecf-488f-92ee-8c3f3cf2f24e-SegmentedRaftLogWorker:Storage Directory /workdir/hadoop-ozone/integration-test/target/test-dir/MiniOzoneClusterImpl-8f5a5b31-577b-4034-9f8b-a6dcc573b209/datanode-4/data/ratis/b8067ac2-e6b9-497e-999b-8a772e1f4b1c: flushIndex: setUnconditionally 0 -> -1
2019-07-14 11:08:16,925 INFO  server.RaftServerConfigKeys (ConfUtils.java:logGet(43)) - raft.server.snapshot.auto.trigger.enabled = true (custom)
2019-07-14 11:08:16,925 INFO  server.RaftServerConfigKeys (ConfUtils.java:logGet(43)) - raft.server.snapshot.auto.trigger.threshold = 10000 (custom)
2019-07-14 11:08:16,925 INFO  server.RaftServerConfigKeys (ConfUtils.java:logGet(43)) - raft.server.retrycache.expirytime = 600000ms (custom)
2019-07-14 11:08:16,926 INFO  impl.RaftServerImpl (RaftServerImpl.java:start(180)) - 16fc700d-3ecf-488f-92ee-8c3f3cf2f24e: start group-8A772E1F4B1C
2019-07-14 11:08:16,926 INFO  impl.RaftServerImpl (RaftServerImpl.java:setRole(171)) - 16fc700d-3ecf-488f-92ee-8c3f3cf2f24e:group-8A772E1F4B1C changes role from null to FOLLOWER at term 0 for startAsFollower
2019-07-14 11:08:16,926 INFO  impl.RoleInfo (RoleInfo.java:updateAndGet(143)) - 16fc700d-3ecf-488f-92ee-8c3f3cf2f24e: start FollowerState
2019-07-14 11:08:16,926 INFO  util.JmxRegister (JmxRegister.java:tryRegister(44)) - Successfully registered JMX Bean with object name Ratis:service=RaftServer,group=group-8A772E1F4B1C,id=16fc700d-3ecf-488f-92ee-8c3f3cf2f24e
2019-07-14 11:08:16,928 INFO  pipeline.PipelineStateManager (PipelineStateManager.java:addPipeline(56)) - Created pipeline Pipeline[ Id: b8067ac2-e6b9-497e-999b-8a772e1f4b1c, Nodes: 16fc700d-3ecf-488f-92ee-8c3f3cf2f24e{ip: 192.168.157.209, host: trunk-nightly-fxmrv-2540794721, networkLocation: /default-rack, certSerialId: null}, Type:RATIS, Factor:ONE, State:OPEN]
2019-07-14 11:08:17,047 INFO  node.SCMNodeManager (SCMNodeManager.java:register(269)) - Registered Data node : 2070baf0-4025-424a-b0f6-f75017e43d96{ip: 192.168.157.209, host: trunk-nightly-fxmrv-2540794721, networkLocation: /default-rack, certSerialId: null}
2019-07-14 11:08:17,056 INFO  impl.RaftServerProxy (RaftServerProxy.java:addNew(89)) - 2070baf0-4025-424a-b0f6-f75017e43d96: addNew group-FCEAA31A3053:[2070baf0-4025-424a-b0f6-f75017e43d96:192.168.157.209:43550] returns group-FCEAA31A3053:java.util.concurrent.CompletableFuture@5dd7f548[Not completed]
2019-07-14 11:08:17,057 INFO  impl.RaftServerImpl (RaftServerImpl.java:<init>(93)) - 2070baf0-4025-424a-b0f6-f75017e43d96: new RaftServerImpl for group-FCEAA31A3053:[2070baf0-4025-424a-b0f6-f75017e43d96:192.168.157.209:43550] with ContainerStateMachine:uninitialized
2019-07-14 11:08:17,058 INFO  server.RaftServerConfigKeys (ConfUtils.java:logGet(43)) - raft.server.rpc.timeout.min = 5s (custom)
2019-07-14 11:08:17,058 INFO  server.RaftServerConfigKeys (ConfUtils.java:logGet(43)) - raft.server.rpc.timeout.max = 5200ms (custom)
2019-07-14 11:08:17,058 INFO  server.RaftServerConfigKeys (ConfUtils.java:logGet(43)) - raft.server.rpcslowness.timeout = 120s (custom)
2019-07-14 11:08:17,058 INFO  server.RaftServerConfigKeys (ConfUtils.java:logGet(43)) - raft.server.sleep.deviation.threshold = 300 (default)
2019-07-14 11:08:17,058 INFO  server.RaftServerConfigKeys (ConfUtils.java:logGet(43)) - raft.server.log.appender.install.snapshot.enabled = false (custom)
2019-07-14 11:08:17,058 INFO  impl.RaftServerImpl (ServerState.java:<init>(105)) - 2070baf0-4025-424a-b0f6-f75017e43d96:group-FCEAA31A3053 ConfigurationManager, init=-1: [2070baf0-4025-424a-b0f6-f75017e43d96:192.168.157.209:43550], old=null, confs=<EMPTY_MAP>
2019-07-14 11:08:17,058 INFO  server.RaftServerConfigKeys (ConfUtils.java:logGet(43)) - raft.server.storage.dir = [/workdir/hadoop-ozone/integration-test/target/test-dir/MiniOzoneClusterImpl-8f5a5b31-577b-4034-9f8b-a6dcc573b209/datanode-5/data/ratis] (custom)
2019-07-14 11:08:17,059 INFO  storage.RaftStorageDirectory (RaftStorageDirectory.java:analyzeStorage(246)) - The storage directory /workdir/hadoop-ozone/integration-test/target/test-dir/MiniOzoneClusterImpl-8f5a5b31-577b-4034-9f8b-a6dcc573b209/datanode-5/data/ratis/236197bb-93e7-446f-a92e-fceaa31a3053 does not exist. Creating ...
2019-07-14 11:08:17,072 INFO  storage.RaftStorageDirectory (RaftStorageDirectory.java:tryLock(328)) - Lock on /workdir/hadoop-ozone/integration-test/target/test-dir/MiniOzoneClusterImpl-8f5a5b31-577b-4034-9f8b-a6dcc573b209/datanode-5/data/ratis/236197bb-93e7-446f-a92e-fceaa31a3053/in_use.lock acquired by nodename 22243@trunk-nightly-fxmrv-2540794721
2019-07-14 11:08:17,085 INFO  storage.RaftStorage (RaftStorage.java:format(72)) - Storage directory /workdir/hadoop-ozone/integration-test/target/test-dir/MiniOzoneClusterImpl-8f5a5b31-577b-4034-9f8b-a6dcc573b209/datanode-5/data/ratis/236197bb-93e7-446f-a92e-fceaa31a3053 has been successfully formatted.
2019-07-14 11:08:17,086 INFO  ratis.ContainerStateMachine (ContainerStateMachine.java:loadSnapshot(200)) - group-FCEAA31A3053: The snapshot info is null. Setting the last applied indexto:(t:0, i:~)
2019-07-14 11:08:17,086 INFO  server.RaftServerConfigKeys (ConfUtils.java:logGet(43)) - raft.server.leader.election.timeout = 120s (custom)
2019-07-14 11:08:17,086 INFO  server.RaftServerConfigKeys (ConfUtils.java:logGet(43)) - raft.server.log.use.memory = false (default)
2019-07-14 11:08:17,086 INFO  server.RaftServerConfigKeys (ConfUtils.java:logGet(43)) - raft.server.log.purge.gap = 1000000000 (custom)
2019-07-14 11:08:17,086 INFO  server.RaftServerConfigKeys (ConfUtils.java:logGet(43)) - raft.server.log.appender.buffer.byte-limit = 33554432 (custom)
2019-07-14 11:08:17,086 INFO  server.RaftServerConfigKeys (ConfUtils.java:logGet(43)) - raft.server.log.segment.size.max = 1048576 (custom)
2019-07-14 11:08:17,086 INFO  server.RaftServerConfigKeys (ConfUtils.java:logGet(43)) - raft.server.log.segment.cache.num.max = 2 (custom)
2019-07-14 11:08:17,087 INFO  segmented.SegmentedRaftLogWorker (SegmentedRaftLogWorker.java:<init>(172)) - new 2070baf0-4025-424a-b0f6-f75017e43d96-SegmentedRaftLogWorker:Storage Directory /workdir/hadoop-ozone/integration-test/target/test-dir/MiniOzoneClusterImpl-8f5a5b31-577b-4034-9f8b-a6dcc573b209/datanode-5/data/ratis/236197bb-93e7-446f-a92e-fceaa31a3053 for RaftStorage:Storage Directory /workdir/hadoop-ozone/integration-test/target/test-dir/MiniOzoneClusterImpl-8f5a5b31-577b-4034-9f8b-a6dcc573b209/datanode-5/data/ratis/236197bb-93e7-446f-a92e-fceaa31a3053
2019-07-14 11:08:17,087 INFO  server.RaftServerConfigKeys (ConfUtils.java:logGet(43)) - raft.server.log.queue.byte-limit = 2147483647 (custom)
2019-07-14 11:08:17,087 INFO  server.RaftServerConfigKeys (ConfUtils.java:logGet(43)) - raft.server.log.queue.element-limit = 1024 (custom)
2019-07-14 11:08:17,087 INFO  server.RaftServerConfigKeys (ConfUtils.java:logGet(43)) - raft.server.log.segment.size.max = 1048576 (custom)
2019-07-14 11:08:17,087 INFO  server.RaftServerConfigKeys (ConfUtils.java:logGet(43)) - raft.server.log.preallocated.size = 16384 (custom)
2019-07-14 11:08:17,087 INFO  server.RaftServerConfigKeys (ConfUtils.java:logGet(43)) - raft.server.log.write.buffer.size = 33554432 (custom)
2019-07-14 11:08:17,088 INFO  server.RaftServerConfigKeys (ConfUtils.java:logGet(43)) - raft.server.log.force.sync.num = 128 (default)
2019-07-14 11:08:17,088 INFO  server.RaftServerConfigKeys (ConfUtils.java:logGet(43)) - raft.server.log.statemachine.data.sync = true (default)
2019-07-14 11:08:17,088 INFO  server.RaftServerConfigKeys (ConfUtils.java:logGet(43)) - raft.server.log.statemachine.data.sync.timeout = 10s (default)
2019-07-14 11:08:17,088 INFO  server.RaftServerConfigKeys (ConfUtils.java:logGet(43)) - raft.server.log.statemachine.data.sync.timeout.retry = -1 (default)
2019-07-14 11:08:17,088 INFO  server.RaftServerConfigKeys (ConfUtils.java:logGet(43)) - raft.server.log.statemachine.data.caching.enabled = true (custom)
2019-07-14 11:08:17,089 INFO  segmented.SegmentedRaftLogWorker (SegmentedRaftLogWorker.java:lambda$new$0(132)) - 2070baf0-4025-424a-b0f6-f75017e43d96-SegmentedRaftLogWorker:Storage Directory /workdir/hadoop-ozone/integration-test/target/test-dir/MiniOzoneClusterImpl-8f5a5b31-577b-4034-9f8b-a6dcc573b209/datanode-5/data/ratis/236197bb-93e7-446f-a92e-fceaa31a3053: flushIndex: setUnconditionally 0 -> -1
2019-07-14 11:08:17,089 INFO  server.RaftServerConfigKeys (ConfUtils.java:logGet(43)) - raft.server.snapshot.auto.trigger.enabled = true (custom)
2019-07-14 11:08:17,089 INFO  server.RaftServerConfigKeys (ConfUtils.java:logGet(43)) - raft.server.snapshot.auto.trigger.threshold = 10000 (custom)
2019-07-14 11:08:17,089 INFO  server.RaftServerConfigKeys (ConfUtils.java:logGet(43)) - raft.server.retrycache.expirytime = 600000ms (custom)
2019-07-14 11:08:17,089 INFO  impl.RaftServerImpl (RaftServerImpl.java:start(180)) - 2070baf0-4025-424a-b0f6-f75017e43d96: start group-FCEAA31A3053
2019-07-14 11:08:17,090 INFO  impl.RaftServerImpl (RaftServerImpl.java:setRole(171)) - 2070baf0-4025-424a-b0f6-f75017e43d96:group-FCEAA31A3053 changes role from null to FOLLOWER at term 0 for startAsFollower
2019-07-14 11:08:17,090 INFO  impl.RoleInfo (RoleInfo.java:updateAndGet(143)) - 2070baf0-4025-424a-b0f6-f75017e43d96: start FollowerState
2019-07-14 11:08:17,090 INFO  util.JmxRegister (JmxRegister.java:tryRegister(44)) - Successfully registered JMX Bean with object name Ratis:service=RaftServer,group=group-FCEAA31A3053,id=2070baf0-4025-424a-b0f6-f75017e43d96
2019-07-14 11:08:17,092 INFO  pipeline.PipelineStateManager (PipelineStateManager.java:addPipeline(56)) - Created pipeline Pipeline[ Id: 236197bb-93e7-446f-a92e-fceaa31a3053, Nodes: 2070baf0-4025-424a-b0f6-f75017e43d96{ip: 192.168.157.209, host: trunk-nightly-fxmrv-2540794721, networkLocation: /default-rack, certSerialId: null}, Type:RATIS, Factor:ONE, State:OPEN]
2019-07-14 11:08:17,104 INFO  impl.RaftServerProxy (RaftServerProxy.java:addNew(89)) - 2070baf0-4025-424a-b0f6-f75017e43d96: addNew group-46C6F114FE18:[b77edfec-6442-4bf4-8031-76cd542021cd:192.168.157.209:46003, 2070baf0-4025-424a-b0f6-f75017e43d96:192.168.157.209:43550, 16fc700d-3ecf-488f-92ee-8c3f3cf2f24e:192.168.157.209:43061] returns group-46C6F114FE18:java.util.concurrent.CompletableFuture@56d300a9[Not completed]
2019-07-14 11:08:17,104 INFO  impl.RaftServerProxy (RaftServerProxy.java:addNew(89)) - b77edfec-6442-4bf4-8031-76cd542021cd: addNew group-46C6F114FE18:[b77edfec-6442-4bf4-8031-76cd542021cd:192.168.157.209:46003, 2070baf0-4025-424a-b0f6-f75017e43d96:192.168.157.209:43550, 16fc700d-3ecf-488f-92ee-8c3f3cf2f24e:192.168.157.209:43061] returns group-46C6F114FE18:java.util.concurrent.CompletableFuture@7f6650b2[Not completed]
2019-07-14 11:08:17,104 INFO  impl.RaftServerProxy (RaftServerProxy.java:addNew(89)) - 16fc700d-3ecf-488f-92ee-8c3f3cf2f24e: addNew group-46C6F114FE18:[b77edfec-6442-4bf4-8031-76cd542021cd:192.168.157.209:46003, 2070baf0-4025-424a-b0f6-f75017e43d96:192.168.157.209:43550, 16fc700d-3ecf-488f-92ee-8c3f3cf2f24e:192.168.157.209:43061] returns group-46C6F114FE18:java.util.concurrent.CompletableFuture@2dfea216[Not completed]
2019-07-14 11:08:17,105 INFO  impl.RaftServerImpl (RaftServerImpl.java:<init>(93)) - 2070baf0-4025-424a-b0f6-f75017e43d96: new RaftServerImpl for group-46C6F114FE18:[b77edfec-6442-4bf4-8031-76cd542021cd:192.168.157.209:46003, 2070baf0-4025-424a-b0f6-f75017e43d96:192.168.157.209:43550, 16fc700d-3ecf-488f-92ee-8c3f3cf2f24e:192.168.157.209:43061] with ContainerStateMachine:uninitialized
2019-07-14 11:08:17,105 INFO  server.RaftServerConfigKeys (ConfUtils.java:logGet(43)) - raft.server.rpc.timeout.min = 5s (custom)
2019-07-14 11:08:17,105 INFO  server.RaftServerConfigKeys (ConfUtils.java:logGet(43)) - raft.server.rpc.timeout.max = 5200ms (custom)
2019-07-14 11:08:17,105 INFO  server.RaftServerConfigKeys (ConfUtils.java:logGet(43)) - raft.server.rpcslowness.timeout = 120s (custom)
2019-07-14 11:08:17,105 INFO  impl.RaftServerImpl (RaftServerImpl.java:<init>(93)) - b77edfec-6442-4bf4-8031-76cd542021cd: new RaftServerImpl for group-46C6F114FE18:[b77edfec-6442-4bf4-8031-76cd542021cd:192.168.157.209:46003, 2070baf0-4025-424a-b0f6-f75017e43d96:192.168.157.209:43550, 16fc700d-3ecf-488f-92ee-8c3f3cf2f24e:192.168.157.209:43061] with ContainerStateMachine:uninitialized
2019-07-14 11:08:17,105 INFO  server.RaftServerConfigKeys (ConfUtils.java:logGet(43)) - raft.server.sleep.deviation.threshold = 300 (default)
2019-07-14 11:08:17,106 INFO  server.RaftServerConfigKeys (ConfUtils.java:logGet(43)) - raft.server.rpc.timeout.min = 5s (custom)
2019-07-14 11:08:17,106 INFO  impl.RaftServerImpl (RaftServerImpl.java:<init>(93)) - 16fc700d-3ecf-488f-92ee-8c3f3cf2f24e: new RaftServerImpl for group-46C6F114FE18:[b77edfec-6442-4bf4-8031-76cd542021cd:192.168.157.209:46003, 2070baf0-4025-424a-b0f6-f75017e43d96:192.168.157.209:43550, 16fc700d-3ecf-488f-92ee-8c3f3cf2f24e:192.168.157.209:43061] with ContainerStateMachine:uninitialized
2019-07-14 11:08:17,106 INFO  server.RaftServerConfigKeys (ConfUtils.java:logGet(43)) - raft.server.log.appender.install.snapshot.enabled = false (custom)
2019-07-14 11:08:17,106 INFO  server.RaftServerConfigKeys (ConfUtils.java:logGet(43)) - raft.server.rpc.timeout.min = 5s (custom)
2019-07-14 11:08:17,106 INFO  server.RaftServerConfigKeys (ConfUtils.java:logGet(43)) - raft.server.rpc.timeout.max = 5200ms (custom)
2019-07-14 11:08:17,106 INFO  server.RaftServerConfigKeys (ConfUtils.java:logGet(43)) - raft.server.rpc.timeout.max = 5200ms (custom)
2019-07-14 11:08:17,106 INFO  server.RaftServerConfigKeys (ConfUtils.java:logGet(43)) - raft.server.rpcslowness.timeout = 120s (custom)
2019-07-14 11:08:17,107 INFO  server.RaftServerConfigKeys (ConfUtils.java:logGet(43)) - raft.server.sleep.deviation.threshold = 300 (default)
2019-07-14 11:08:17,106 INFO  impl.RaftServerImpl (ServerState.java:<init>(105)) - 2070baf0-4025-424a-b0f6-f75017e43d96:group-46C6F114FE18 ConfigurationManager, init=-1: [b77edfec-6442-4bf4-8031-76cd542021cd:192.168.157.209:46003, 2070baf0-4025-424a-b0f6-f75017e43d96:192.168.157.209:43550, 16fc700d-3ecf-488f-92ee-8c3f3cf2f24e:192.168.157.209:43061], old=null, confs=<EMPTY_MAP>
2019-07-14 11:08:17,107 INFO  server.RaftServerConfigKeys (ConfUtils.java:logGet(43)) - raft.server.log.appender.install.snapshot.enabled = false (custom)
2019-07-14 11:08:17,107 INFO  server.RaftServerConfigKeys (ConfUtils.java:logGet(43)) - raft.server.rpcslowness.timeout = 120s (custom)
2019-07-14 11:08:17,107 INFO  impl.RaftServerImpl (ServerState.java:<init>(105)) - 16fc700d-3ecf-488f-92ee-8c3f3cf2f24e:group-46C6F114FE18 ConfigurationManager, init=-1: [b77edfec-6442-4bf4-8031-76cd542021cd:192.168.157.209:46003, 2070baf0-4025-424a-b0f6-f75017e43d96:192.168.157.209:43550, 16fc700d-3ecf-488f-92ee-8c3f3cf2f24e:192.168.157.209:43061], old=null, confs=<EMPTY_MAP>
2019-07-14 11:08:17,107 INFO  server.RaftServerConfigKeys (ConfUtils.java:logGet(43)) - raft.server.storage.dir = [/workdir/hadoop-ozone/integration-test/target/test-dir/MiniOzoneClusterImpl-8f5a5b31-577b-4034-9f8b-a6dcc573b209/datanode-5/data/ratis] (custom)
2019-07-14 11:08:17,108 INFO  server.RaftServerConfigKeys (ConfUtils.java:logGet(43)) - raft.server.storage.dir = [/workdir/hadoop-ozone/integration-test/target/test-dir/MiniOzoneClusterImpl-8f5a5b31-577b-4034-9f8b-a6dcc573b209/datanode-4/data/ratis] (custom)
2019-07-14 11:08:17,107 INFO  server.RaftServerConfigKeys (ConfUtils.java:logGet(43)) - raft.server.sleep.deviation.threshold = 300 (default)
2019-07-14 11:08:17,108 INFO  storage.RaftStorageDirectory (RaftStorageDirectory.java:analyzeStorage(246)) - The storage directory /workdir/hadoop-ozone/integration-test/target/test-dir/MiniOzoneClusterImpl-8f5a5b31-577b-4034-9f8b-a6dcc573b209/datanode-5/data/ratis/43b0eba0-d7ba-4344-882c-46c6f114fe18 does not exist. Creating ...
2019-07-14 11:08:17,108 INFO  server.RaftServerConfigKeys (ConfUtils.java:logGet(43)) - raft.server.log.appender.install.snapshot.enabled = false (custom)
2019-07-14 11:08:17,108 INFO  storage.RaftStorageDirectory (RaftStorageDirectory.java:analyzeStorage(246)) - The storage directory /workdir/hadoop-ozone/integration-test/target/test-dir/MiniOzoneClusterImpl-8f5a5b31-577b-4034-9f8b-a6dcc573b209/datanode-4/data/ratis/43b0eba0-d7ba-4344-882c-46c6f114fe18 does not exist. Creating ...
2019-07-14 11:08:17,108 INFO  impl.RaftServerImpl (ServerState.java:<init>(105)) - b77edfec-6442-4bf4-8031-76cd542021cd:group-46C6F114FE18 ConfigurationManager, init=-1: [b77edfec-6442-4bf4-8031-76cd542021cd:192.168.157.209:46003, 2070baf0-4025-424a-b0f6-f75017e43d96:192.168.157.209:43550, 16fc700d-3ecf-488f-92ee-8c3f3cf2f24e:192.168.157.209:43061], old=null, confs=<EMPTY_MAP>
2019-07-14 11:08:17,109 INFO  server.RaftServerConfigKeys (ConfUtils.java:logGet(43)) - raft.server.storage.dir = [/workdir/hadoop-ozone/integration-test/target/test-dir/MiniOzoneClusterImpl-8f5a5b31-577b-4034-9f8b-a6dcc573b209/datanode-3/data/ratis] (custom)
2019-07-14 11:08:17,109 INFO  storage.RaftStorageDirectory (RaftStorageDirectory.java:analyzeStorage(246)) - The storage directory /workdir/hadoop-ozone/integration-test/target/test-dir/MiniOzoneClusterImpl-8f5a5b31-577b-4034-9f8b-a6dcc573b209/datanode-3/data/ratis/43b0eba0-d7ba-4344-882c-46c6f114fe18 does not exist. Creating ...
2019-07-14 11:08:17,122 INFO  storage.RaftStorageDirectory (RaftStorageDirectory.java:tryLock(328)) - Lock on /workdir/hadoop-ozone/integration-test/target/test-dir/MiniOzoneClusterImpl-8f5a5b31-577b-4034-9f8b-a6dcc573b209/datanode-5/data/ratis/43b0eba0-d7ba-4344-882c-46c6f114fe18/in_use.lock acquired by nodename 22243@trunk-nightly-fxmrv-2540794721
2019-07-14 11:08:17,122 INFO  storage.RaftStorageDirectory (RaftStorageDirectory.java:tryLock(328)) - Lock on /workdir/hadoop-ozone/integration-test/target/test-dir/MiniOzoneClusterImpl-8f5a5b31-577b-4034-9f8b-a6dcc573b209/datanode-4/data/ratis/43b0eba0-d7ba-4344-882c-46c6f114fe18/in_use.lock acquired by nodename 22243@trunk-nightly-fxmrv-2540794721
2019-07-14 11:08:17,122 INFO  storage.RaftStorageDirectory (RaftStorageDirectory.java:tryLock(328)) - Lock on /workdir/hadoop-ozone/integration-test/target/test-dir/MiniOzoneClusterImpl-8f5a5b31-577b-4034-9f8b-a6dcc573b209/datanode-3/data/ratis/43b0eba0-d7ba-4344-882c-46c6f114fe18/in_use.lock acquired by nodename 22243@trunk-nightly-fxmrv-2540794721
2019-07-14 11:08:17,149 INFO  storage.RaftStorage (RaftStorage.java:format(72)) - Storage directory /workdir/hadoop-ozone/integration-test/target/test-dir/MiniOzoneClusterImpl-8f5a5b31-577b-4034-9f8b-a6dcc573b209/datanode-4/data/ratis/43b0eba0-d7ba-4344-882c-46c6f114fe18 has been successfully formatted.
2019-07-14 11:08:17,149 INFO  storage.RaftStorage (RaftStorage.java:format(72)) - Storage directory /workdir/hadoop-ozone/integration-test/target/test-dir/MiniOzoneClusterImpl-8f5a5b31-577b-4034-9f8b-a6dcc573b209/datanode-5/data/ratis/43b0eba0-d7ba-4344-882c-46c6f114fe18 has been successfully formatted.
2019-07-14 11:08:17,149 INFO  storage.RaftStorage (RaftStorage.java:format(72)) - Storage directory /workdir/hadoop-ozone/integration-test/target/test-dir/MiniOzoneClusterImpl-8f5a5b31-577b-4034-9f8b-a6dcc573b209/datanode-3/data/ratis/43b0eba0-d7ba-4344-882c-46c6f114fe18 has been successfully formatted.
2019-07-14 11:08:17,149 INFO  ratis.ContainerStateMachine (ContainerStateMachine.java:loadSnapshot(200)) - group-46C6F114FE18: The snapshot info is null. Setting the last applied indexto:(t:0, i:~)
2019-07-14 11:08:17,149 INFO  ratis.ContainerStateMachine (ContainerStateMachine.java:loadSnapshot(200)) - group-46C6F114FE18: The snapshot info is null. Setting the last applied indexto:(t:0, i:~)
2019-07-14 11:08:17,149 INFO  server.RaftServerConfigKeys (ConfUtils.java:logGet(43)) - raft.server.leader.election.timeout = 120s (custom)
2019-07-14 11:08:17,149 INFO  ratis.ContainerStateMachine (ContainerStateMachine.java:loadSnapshot(200)) - group-46C6F114FE18: The snapshot info is null. Setting the last applied indexto:(t:0, i:~)
2019-07-14 11:08:17,150 INFO  server.RaftServerConfigKeys (ConfUtils.java:logGet(43)) - raft.server.log.use.memory = false (default)
2019-07-14 11:08:17,150 INFO  server.RaftServerConfigKeys (ConfUtils.java:logGet(43)) - raft.server.leader.election.timeout = 120s (custom)
2019-07-14 11:08:17,150 INFO  server.RaftServerConfigKeys (ConfUtils.java:logGet(43)) - raft.server.log.purge.gap = 1000000000 (custom)
2019-07-14 11:08:17,150 INFO  server.RaftServerConfigKeys (ConfUtils.java:logGet(43)) - raft.server.leader.election.timeout = 120s (custom)
2019-07-14 11:08:17,150 INFO  server.RaftServerConfigKeys (ConfUtils.java:logGet(43)) - raft.server.log.appender.buffer.byte-limit = 33554432 (custom)
2019-07-14 11:08:17,150 INFO  server.RaftServerConfigKeys (ConfUtils.java:logGet(43)) - raft.server.log.use.memory = false (default)
2019-07-14 11:08:17,151 INFO  server.RaftServerConfigKeys (ConfUtils.java:logGet(43)) - raft.server.log.segment.size.max = 1048576 (custom)
2019-07-14 11:08:17,151 INFO  server.RaftServerConfigKeys (ConfUtils.java:logGet(43)) - raft.server.log.use.memory = false (default)
2019-07-14 11:08:17,151 INFO  server.RaftServerConfigKeys (ConfUtils.java:logGet(43)) - raft.server.log.segment.cache.num.max = 2 (custom)
2019-07-14 11:08:17,151 INFO  server.RaftServerConfigKeys (ConfUtils.java:logGet(43)) - raft.server.log.purge.gap = 1000000000 (custom)
2019-07-14 11:08:17,151 INFO  segmented.SegmentedRaftLogWorker (SegmentedRaftLogWorker.java:<init>(172)) - new 2070baf0-4025-424a-b0f6-f75017e43d96-SegmentedRaftLogWorker:Storage Directory /workdir/hadoop-ozone/integration-test/target/test-dir/MiniOzoneClusterImpl-8f5a5b31-577b-4034-9f8b-a6dcc573b209/datanode-5/data/ratis/43b0eba0-d7ba-4344-882c-46c6f114fe18 for RaftStorage:Storage Directory /workdir/hadoop-ozone/integration-test/target/test-dir/MiniOzoneClusterImpl-8f5a5b31-577b-4034-9f8b-a6dcc573b209/datanode-5/data/ratis/43b0eba0-d7ba-4344-882c-46c6f114fe18
2019-07-14 11:08:17,151 INFO  server.RaftServerConfigKeys (ConfUtils.java:logGet(43)) - raft.server.log.purge.gap = 1000000000 (custom)
2019-07-14 11:08:17,152 INFO  server.RaftServerConfigKeys (ConfUtils.java:logGet(43)) - raft.server.log.queue.byte-limit = 2147483647 (custom)
2019-07-14 11:08:17,152 INFO  server.RaftServerConfigKeys (ConfUtils.java:logGet(43)) - raft.server.log.appender.buffer.byte-limit = 33554432 (custom)
2019-07-14 11:08:17,152 INFO  server.RaftServerConfigKeys (ConfUtils.java:logGet(43)) - raft.server.log.queue.element-limit = 1024 (custom)
2019-07-14 11:08:17,152 INFO  server.RaftServerConfigKeys (ConfUtils.java:logGet(43)) - raft.server.log.appender.buffer.byte-limit = 33554432 (custom)
2019-07-14 11:08:17,152 INFO  server.RaftServerConfigKeys (ConfUtils.java:logGet(43)) - raft.server.log.segment.size.max = 1048576 (custom)
2019-07-14 11:08:17,153 INFO  server.RaftServerConfigKeys (ConfUtils.java:logGet(43)) - raft.server.log.preallocated.size = 16384 (custom)
2019-07-14 11:08:17,152 INFO  server.RaftServerConfigKeys (ConfUtils.java:logGet(43)) - raft.server.log.segment.size.max = 1048576 (custom)
2019-07-14 11:08:17,153 INFO  server.RaftServerConfigKeys (ConfUtils.java:logGet(43)) - raft.server.log.write.buffer.size = 33554432 (custom)
2019-07-14 11:08:17,152 INFO  server.RaftServerConfigKeys (ConfUtils.java:logGet(43)) - raft.server.log.segment.size.max = 1048576 (custom)
2019-07-14 11:08:17,153 INFO  server.RaftServerConfigKeys (ConfUtils.java:logGet(43)) - raft.server.log.force.sync.num = 128 (default)
2019-07-14 11:08:17,153 INFO  server.RaftServerConfigKeys (ConfUtils.java:logGet(43)) - raft.server.log.segment.cache.num.max = 2 (custom)
2019-07-14 11:08:17,153 INFO  server.RaftServerConfigKeys (ConfUtils.java:logGet(43)) - raft.server.log.statemachine.data.sync = true (default)
2019-07-14 11:08:17,153 INFO  server.RaftServerConfigKeys (ConfUtils.java:logGet(43)) - raft.server.log.segment.cache.num.max = 2 (custom)
2019-07-14 11:08:17,154 INFO  server.RaftServerConfigKeys (ConfUtils.java:logGet(43)) - raft.server.log.statemachine.data.sync.timeout = 10s (default)
2019-07-14 11:08:17,154 INFO  segmented.SegmentedRaftLogWorker (SegmentedRaftLogWorker.java:<init>(172)) - new 16fc700d-3ecf-488f-92ee-8c3f3cf2f24e-SegmentedRaftLogWorker:Storage Directory /workdir/hadoop-ozone/integration-test/target/test-dir/MiniOzoneClusterImpl-8f5a5b31-577b-4034-9f8b-a6dcc573b209/datanode-4/data/ratis/43b0eba0-d7ba-4344-882c-46c6f114fe18 for RaftStorage:Storage Directory /workdir/hadoop-ozone/integration-test/target/test-dir/MiniOzoneClusterImpl-8f5a5b31-577b-4034-9f8b-a6dcc573b209/datanode-4/data/ratis/43b0eba0-d7ba-4344-882c-46c6f114fe18
2019-07-14 11:08:17,154 INFO  server.RaftServerConfigKeys (ConfUtils.java:logGet(43)) - raft.server.log.statemachine.data.sync.timeout.retry = -1 (default)
2019-07-14 11:08:17,154 INFO  segmented.SegmentedRaftLogWorker (SegmentedRaftLogWorker.java:<init>(172)) - new b77edfec-6442-4bf4-8031-76cd542021cd-SegmentedRaftLogWorker:Storage Directory /workdir/hadoop-ozone/integration-test/target/test-dir/MiniOzoneClusterImpl-8f5a5b31-577b-4034-9f8b-a6dcc573b209/datanode-3/data/ratis/43b0eba0-d7ba-4344-882c-46c6f114fe18 for RaftStorage:Storage Directory /workdir/hadoop-ozone/integration-test/target/test-dir/MiniOzoneClusterImpl-8f5a5b31-577b-4034-9f8b-a6dcc573b209/datanode-3/data/ratis/43b0eba0-d7ba-4344-882c-46c6f114fe18
2019-07-14 11:08:17,154 INFO  server.RaftServerConfigKeys (ConfUtils.java:logGet(43)) - raft.server.log.statemachine.data.caching.enabled = true (custom)
2019-07-14 11:08:17,154 INFO  server.RaftServerConfigKeys (ConfUtils.java:logGet(43)) - raft.server.log.queue.byte-limit = 2147483647 (custom)
2019-07-14 11:08:17,155 INFO  segmented.SegmentedRaftLogWorker (SegmentedRaftLogWorker.java:lambda$new$0(132)) - 2070baf0-4025-424a-b0f6-f75017e43d96-SegmentedRaftLogWorker:Storage Directory /workdir/hadoop-ozone/integration-test/target/test-dir/MiniOzoneClusterImpl-8f5a5b31-577b-4034-9f8b-a6dcc573b209/datanode-5/data/ratis/43b0eba0-d7ba-4344-882c-46c6f114fe18: flushIndex: setUnconditionally 0 -> -1
2019-07-14 11:08:17,155 INFO  server.RaftServerConfigKeys (ConfUtils.java:logGet(43)) - raft.server.log.queue.byte-limit = 2147483647 (custom)
2019-07-14 11:08:17,155 INFO  server.RaftServerConfigKeys (ConfUtils.java:logGet(43)) - raft.server.log.queue.element-limit = 1024 (custom)
2019-07-14 11:08:17,155 INFO  server.RaftServerConfigKeys (ConfUtils.java:logGet(43)) - raft.server.snapshot.auto.trigger.enabled = true (custom)
2019-07-14 11:08:17,155 INFO  server.RaftServerConfigKeys (ConfUtils.java:logGet(43)) - raft.server.log.queue.element-limit = 1024 (custom)
2019-07-14 11:08:17,156 INFO  server.RaftServerConfigKeys (ConfUtils.java:logGet(43)) - raft.server.snapshot.auto.trigger.threshold = 10000 (custom)
2019-07-14 11:08:17,155 INFO  server.RaftServerConfigKeys (ConfUtils.java:logGet(43)) - raft.server.log.segment.size.max = 1048576 (custom)
2019-07-14 11:08:17,156 INFO  server.RaftServerConfigKeys (ConfUtils.java:logGet(43)) - raft.server.retrycache.expirytime = 600000ms (custom)
2019-07-14 11:08:17,156 INFO  server.RaftServerConfigKeys (ConfUtils.java:logGet(43)) - raft.server.log.segment.size.max = 1048576 (custom)
2019-07-14 11:08:17,156 INFO  impl.RaftServerImpl (RaftServerImpl.java:start(180)) - 2070baf0-4025-424a-b0f6-f75017e43d96: start group-46C6F114FE18
2019-07-14 11:08:17,157 INFO  impl.RaftServerImpl (RaftServerImpl.java:setRole(171)) - 2070baf0-4025-424a-b0f6-f75017e43d96:group-46C6F114FE18 changes role from null to FOLLOWER at term 0 for startAsFollower
2019-07-14 11:08:17,156 INFO  server.RaftServerConfigKeys (ConfUtils.java:logGet(43)) - raft.server.log.preallocated.size = 16384 (custom)
2019-07-14 11:08:17,157 INFO  impl.RoleInfo (RoleInfo.java:updateAndGet(143)) - 2070baf0-4025-424a-b0f6-f75017e43d96: start FollowerState
2019-07-14 11:08:17,156 INFO  server.RaftServerConfigKeys (ConfUtils.java:logGet(43)) - raft.server.log.preallocated.size = 16384 (custom)
2019-07-14 11:08:17,157 INFO  server.RaftServerConfigKeys (ConfUtils.java:logGet(43)) - raft.server.log.write.buffer.size = 33554432 (custom)
2019-07-14 11:08:17,157 INFO  util.JmxRegister (JmxRegister.java:tryRegister(44)) - Successfully registered JMX Bean with object name Ratis:service=RaftServer,group=group-46C6F114FE18,id=2070baf0-4025-424a-b0f6-f75017e43d96
2019-07-14 11:08:17,157 INFO  server.RaftServerConfigKeys (ConfUtils.java:logGet(43)) - raft.server.log.write.buffer.size = 33554432 (custom)
2019-07-14 11:08:17,157 INFO  server.RaftServerConfigKeys (ConfUtils.java:logGet(43)) - raft.server.log.force.sync.num = 128 (default)
2019-07-14 11:08:17,158 INFO  server.RaftServerConfigKeys (ConfUtils.java:logGet(43)) - raft.server.log.force.sync.num = 128 (default)
2019-07-14 11:08:17,158 INFO  server.RaftServerConfigKeys (ConfUtils.java:logGet(43)) - raft.server.log.statemachine.data.sync = true (default)
2019-07-14 11:08:17,158 INFO  server.RaftServerConfigKeys (ConfUtils.java:logGet(43)) - raft.server.log.statemachine.data.sync = true (default)
2019-07-14 11:08:17,158 INFO  server.RaftServerConfigKeys (ConfUtils.java:logGet(43)) - raft.server.log.statemachine.data.sync.timeout = 10s (default)
2019-07-14 11:08:17,158 INFO  server.RaftServerConfigKeys (ConfUtils.java:logGet(43)) - raft.server.log.statemachine.data.sync.timeout = 10s (default)
2019-07-14 11:08:17,159 INFO  server.RaftServerConfigKeys (ConfUtils.java:logGet(43)) - raft.server.log.statemachine.data.sync.timeout.retry = -1 (default)
2019-07-14 11:08:17,159 INFO  server.RaftServerConfigKeys (ConfUtils.java:logGet(43)) - raft.server.log.statemachine.data.sync.timeout.retry = -1 (default)
2019-07-14 11:08:17,159 INFO  server.RaftServerConfigKeys (ConfUtils.java:logGet(43)) - raft.server.log.statemachine.data.caching.enabled = true (custom)
2019-07-14 11:08:17,159 INFO  server.RaftServerConfigKeys (ConfUtils.java:logGet(43)) - raft.server.log.statemachine.data.caching.enabled = true (custom)
2019-07-14 11:08:17,159 INFO  segmented.SegmentedRaftLogWorker (SegmentedRaftLogWorker.java:lambda$new$0(132)) - 16fc700d-3ecf-488f-92ee-8c3f3cf2f24e-SegmentedRaftLogWorker:Storage Directory /workdir/hadoop-ozone/integration-test/target/test-dir/MiniOzoneClusterImpl-8f5a5b31-577b-4034-9f8b-a6dcc573b209/datanode-4/data/ratis/43b0eba0-d7ba-4344-882c-46c6f114fe18: flushIndex: setUnconditionally 0 -> -1
2019-07-14 11:08:17,159 INFO  segmented.SegmentedRaftLogWorker (SegmentedRaftLogWorker.java:lambda$new$0(132)) - b77edfec-6442-4bf4-8031-76cd542021cd-SegmentedRaftLogWorker:Storage Directory /workdir/hadoop-ozone/integration-test/target/test-dir/MiniOzoneClusterImpl-8f5a5b31-577b-4034-9f8b-a6dcc573b209/datanode-3/data/ratis/43b0eba0-d7ba-4344-882c-46c6f114fe18: flushIndex: setUnconditionally 0 -> -1
2019-07-14 11:08:17,160 INFO  server.RaftServerConfigKeys (ConfUtils.java:logGet(43)) - raft.server.snapshot.auto.trigger.enabled = true (custom)
2019-07-14 11:08:17,160 INFO  server.RaftServerConfigKeys (ConfUtils.java:logGet(43)) - raft.server.snapshot.auto.trigger.enabled = true (custom)
2019-07-14 11:08:17,160 INFO  server.RaftServerConfigKeys (ConfUtils.java:logGet(43)) - raft.server.snapshot.auto.trigger.threshold = 10000 (custom)
2019-07-14 11:08:17,160 INFO  server.RaftServerConfigKeys (ConfUtils.java:logGet(43)) - raft.server.snapshot.auto.trigger.threshold = 10000 (custom)
2019-07-14 11:08:17,160 INFO  server.RaftServerConfigKeys (ConfUtils.java:logGet(43)) - raft.server.retrycache.expirytime = 600000ms (custom)
2019-07-14 11:08:17,160 INFO  server.RaftServerConfigKeys (ConfUtils.java:logGet(43)) - raft.server.retrycache.expirytime = 600000ms (custom)
2019-07-14 11:08:17,160 INFO  impl.RaftServerImpl (RaftServerImpl.java:start(180)) - 16fc700d-3ecf-488f-92ee-8c3f3cf2f24e: start group-46C6F114FE18
2019-07-14 11:08:17,161 INFO  impl.RaftServerImpl (RaftServerImpl.java:start(180)) - b77edfec-6442-4bf4-8031-76cd542021cd: start group-46C6F114FE18
2019-07-14 11:08:17,161 INFO  impl.RaftServerImpl (RaftServerImpl.java:setRole(171)) - 16fc700d-3ecf-488f-92ee-8c3f3cf2f24e:group-46C6F114FE18 changes role from null to FOLLOWER at term 0 for startAsFollower
2019-07-14 11:08:17,161 INFO  impl.RaftServerImpl (RaftServerImpl.java:setRole(171)) - b77edfec-6442-4bf4-8031-76cd542021cd:group-46C6F114FE18 changes role from null to FOLLOWER at term 0 for startAsFollower
2019-07-14 11:08:17,161 INFO  impl.RoleInfo (RoleInfo.java:updateAndGet(143)) - 16fc700d-3ecf-488f-92ee-8c3f3cf2f24e: start FollowerState
2019-07-14 11:08:17,161 INFO  impl.RoleInfo (RoleInfo.java:updateAndGet(143)) - b77edfec-6442-4bf4-8031-76cd542021cd: start FollowerState
2019-07-14 11:08:17,161 INFO  util.JmxRegister (JmxRegister.java:tryRegister(44)) - Successfully registered JMX Bean with object name Ratis:service=RaftServer,group=group-46C6F114FE18,id=16fc700d-3ecf-488f-92ee-8c3f3cf2f24e
2019-07-14 11:08:17,161 INFO  util.JmxRegister (JmxRegister.java:tryRegister(44)) - Successfully registered JMX Bean with object name Ratis:service=RaftServer,group=group-46C6F114FE18,id=b77edfec-6442-4bf4-8031-76cd542021cd
2019-07-14 11:08:17,164 INFO  pipeline.PipelineStateManager (PipelineStateManager.java:addPipeline(56)) - Created pipeline Pipeline[ Id: 43b0eba0-d7ba-4344-882c-46c6f114fe18, Nodes: b77edfec-6442-4bf4-8031-76cd542021cd{ip: 192.168.157.209, host: trunk-nightly-fxmrv-2540794721, networkLocation: /default-rack, certSerialId: null}2070baf0-4025-424a-b0f6-f75017e43d96{ip: 192.168.157.209, host: trunk-nightly-fxmrv-2540794721, networkLocation: /default-rack, certSerialId: null}16fc700d-3ecf-488f-92ee-8c3f3cf2f24e{ip: 192.168.157.209, host: trunk-nightly-fxmrv-2540794721, networkLocation: /default-rack, certSerialId: null}, Type:RATIS, Factor:THREE, State:OPEN]
2019-07-14 11:08:17,379 INFO  node.SCMNodeManager (SCMNodeManager.java:register(269)) - Registered Data node : bcd0dc22-e653-4a59-a0ee-c6e2de64864f{ip: 192.168.157.209, host: trunk-nightly-fxmrv-2540794721, networkLocation: /default-rack, certSerialId: null}
2019-07-14 11:08:17,392 INFO  ozone.MiniOzoneClusterImpl (MiniOzoneClusterImpl.java:lambda$waitForClusterToBeReady$0(142)) - Cluster is ready. Got 7 of 7 DN Heartbeats.
2019-07-14 11:08:17,392 INFO  impl.RaftServerProxy (RaftServerProxy.java:addNew(89)) - bcd0dc22-e653-4a59-a0ee-c6e2de64864f: addNew group-8B831F80904E:[bcd0dc22-e653-4a59-a0ee-c6e2de64864f:192.168.157.209:43910] returns group-8B831F80904E:java.util.concurrent.CompletableFuture@7e51c6d6[Not completed]
2019-07-14 11:08:17,393 INFO  impl.RaftServerImpl (RaftServerImpl.java:<init>(93)) - bcd0dc22-e653-4a59-a0ee-c6e2de64864f: new RaftServerImpl for group-8B831F80904E:[bcd0dc22-e653-4a59-a0ee-c6e2de64864f:192.168.157.209:43910] with ContainerStateMachine:uninitialized
2019-07-14 11:08:17,394 INFO  server.RaftServerConfigKeys (ConfUtils.java:logGet(43)) - raft.server.rpc.timeout.min = 5s (custom)
2019-07-14 11:08:17,394 INFO  server.RaftServerConfigKeys (ConfUtils.java:logGet(43)) - raft.server.rpc.timeout.max = 5200ms (custom)
2019-07-14 11:08:17,394 INFO  server.RaftServerConfigKeys (ConfUtils.java:logGet(43)) - raft.server.rpcslowness.timeout = 120s (custom)
2019-07-14 11:08:17,394 INFO  server.RaftServerConfigKeys (ConfUtils.java:logGet(43)) - raft.server.sleep.deviation.threshold = 300 (default)
2019-07-14 11:08:17,394 INFO  server.RaftServerConfigKeys (ConfUtils.java:logGet(43)) - raft.server.log.appender.install.snapshot.enabled = false (custom)
2019-07-14 11:08:17,395 INFO  impl.RaftServerImpl (ServerState.java:<init>(105)) - bcd0dc22-e653-4a59-a0ee-c6e2de64864f:group-8B831F80904E ConfigurationManager, init=-1: [bcd0dc22-e653-4a59-a0ee-c6e2de64864f:192.168.157.209:43910], old=null, confs=<EMPTY_MAP>
2019-07-14 11:08:17,395 INFO  server.RaftServerConfigKeys (ConfUtils.java:logGet(43)) - raft.server.storage.dir = [/workdir/hadoop-ozone/integration-test/target/test-dir/MiniOzoneClusterImpl-8f5a5b31-577b-4034-9f8b-a6dcc573b209/datanode-6/data/ratis] (custom)
2019-07-14 11:08:17,395 INFO  storage.RaftStorageDirectory (RaftStorageDirectory.java:analyzeStorage(246)) - The storage directory /workdir/hadoop-ozone/integration-test/target/test-dir/MiniOzoneClusterImpl-8f5a5b31-577b-4034-9f8b-a6dcc573b209/datanode-6/data/ratis/3b0ae63c-6b5a-4c15-b142-8b831f80904e does not exist. Creating ...
2019-07-14 11:08:17,424 INFO  storage.RaftStorageDirectory (RaftStorageDirectory.java:tryLock(328)) - Lock on /workdir/hadoop-ozone/integration-test/target/test-dir/MiniOzoneClusterImpl-8f5a5b31-577b-4034-9f8b-a6dcc573b209/datanode-6/data/ratis/3b0ae63c-6b5a-4c15-b142-8b831f80904e/in_use.lock acquired by nodename 22243@trunk-nightly-fxmrv-2540794721
2019-07-14 11:08:17,437 INFO  storage.RaftStorage (RaftStorage.java:format(72)) - Storage directory /workdir/hadoop-ozone/integration-test/target/test-dir/MiniOzoneClusterImpl-8f5a5b31-577b-4034-9f8b-a6dcc573b209/datanode-6/data/ratis/3b0ae63c-6b5a-4c15-b142-8b831f80904e has been successfully formatted.
2019-07-14 11:08:17,438 INFO  ratis.ContainerStateMachine (ContainerStateMachine.java:loadSnapshot(200)) - group-8B831F80904E: The snapshot info is null. Setting the last applied indexto:(t:0, i:~)
2019-07-14 11:08:17,438 INFO  server.RaftServerConfigKeys (ConfUtils.java:logGet(43)) - raft.server.leader.election.timeout = 120s (custom)
2019-07-14 11:08:17,438 INFO  server.RaftServerConfigKeys (ConfUtils.java:logGet(43)) - raft.server.log.use.memory = false (default)
2019-07-14 11:08:17,438 INFO  server.RaftServerConfigKeys (ConfUtils.java:logGet(43)) - raft.server.log.purge.gap = 1000000000 (custom)
2019-07-14 11:08:17,438 INFO  server.RaftServerConfigKeys (ConfUtils.java:logGet(43)) - raft.server.log.appender.buffer.byte-limit = 33554432 (custom)
2019-07-14 11:08:17,439 INFO  server.RaftServerConfigKeys (ConfUtils.java:logGet(43)) - raft.server.log.segment.size.max = 1048576 (custom)
2019-07-14 11:08:17,439 INFO  server.RaftServerConfigKeys (ConfUtils.java:logGet(43)) - raft.server.log.segment.cache.num.max = 2 (custom)
2019-07-14 11:08:17,439 INFO  segmented.SegmentedRaftLogWorker (SegmentedRaftLogWorker.java:<init>(172)) - new bcd0dc22-e653-4a59-a0ee-c6e2de64864f-SegmentedRaftLogWorker:Storage Directory /workdir/hadoop-ozone/integration-test/target/test-dir/MiniOzoneClusterImpl-8f5a5b31-577b-4034-9f8b-a6dcc573b209/datanode-6/data/ratis/3b0ae63c-6b5a-4c15-b142-8b831f80904e for RaftStorage:Storage Directory /workdir/hadoop-ozone/integration-test/target/test-dir/MiniOzoneClusterImpl-8f5a5b31-577b-4034-9f8b-a6dcc573b209/datanode-6/data/ratis/3b0ae63c-6b5a-4c15-b142-8b831f80904e
2019-07-14 11:08:17,439 INFO  server.RaftServerConfigKeys (ConfUtils.java:logGet(43)) - raft.server.log.queue.byte-limit = 2147483647 (custom)
2019-07-14 11:08:17,439 INFO  server.RaftServerConfigKeys (ConfUtils.java:logGet(43)) - raft.server.log.queue.element-limit = 1024 (custom)
2019-07-14 11:08:17,440 INFO  server.RaftServerConfigKeys (ConfUtils.java:logGet(43)) - raft.server.log.segment.size.max = 1048576 (custom)
2019-07-14 11:08:17,440 INFO  server.RaftServerConfigKeys (ConfUtils.java:logGet(43)) - raft.server.log.preallocated.size = 16384 (custom)
2019-07-14 11:08:17,440 INFO  server.RaftServerConfigKeys (ConfUtils.java:logGet(43)) - raft.server.log.write.buffer.size = 33554432 (custom)
2019-07-14 11:08:17,440 INFO  server.RaftServerConfigKeys (ConfUtils.java:logGet(43)) - raft.server.log.force.sync.num = 128 (default)
2019-07-14 11:08:17,440 INFO  server.RaftServerConfigKeys (ConfUtils.java:logGet(43)) - raft.server.log.statemachine.data.sync = true (default)
2019-07-14 11:08:17,440 INFO  server.RaftServerConfigKeys (ConfUtils.java:logGet(43)) - raft.server.log.statemachine.data.sync.timeout = 10s (default)
2019-07-14 11:08:17,441 INFO  server.RaftServerConfigKeys (ConfUtils.java:logGet(43)) - raft.server.log.statemachine.data.sync.timeout.retry = -1 (default)
2019-07-14 11:08:17,441 INFO  server.RaftServerConfigKeys (ConfUtils.java:logGet(43)) - raft.server.log.statemachine.data.caching.enabled = true (custom)
2019-07-14 11:08:17,441 INFO  segmented.SegmentedRaftLogWorker (SegmentedRaftLogWorker.java:lambda$new$0(132)) - bcd0dc22-e653-4a59-a0ee-c6e2de64864f-SegmentedRaftLogWorker:Storage Directory /workdir/hadoop-ozone/integration-test/target/test-dir/MiniOzoneClusterImpl-8f5a5b31-577b-4034-9f8b-a6dcc573b209/datanode-6/data/ratis/3b0ae63c-6b5a-4c15-b142-8b831f80904e: flushIndex: setUnconditionally 0 -> -1
2019-07-14 11:08:17,442 INFO  server.RaftServerConfigKeys (ConfUtils.java:logGet(43)) - raft.server.snapshot.auto.trigger.enabled = true (custom)
2019-07-14 11:08:17,442 INFO  server.RaftServerConfigKeys (ConfUtils.java:logGet(43)) - raft.server.snapshot.auto.trigger.threshold = 10000 (custom)
2019-07-14 11:08:17,442 INFO  server.RaftServerConfigKeys (ConfUtils.java:logGet(43)) - raft.server.retrycache.expirytime = 600000ms (custom)
2019-07-14 11:08:17,442 INFO  impl.RaftServerImpl (RaftServerImpl.java:start(180)) - bcd0dc22-e653-4a59-a0ee-c6e2de64864f: start group-8B831F80904E
2019-07-14 11:08:17,442 INFO  impl.RaftServerImpl (RaftServerImpl.java:setRole(171)) - bcd0dc22-e653-4a59-a0ee-c6e2de64864f:group-8B831F80904E changes role from null to FOLLOWER at term 0 for startAsFollower
2019-07-14 11:08:17,442 INFO  impl.RoleInfo (RoleInfo.java:updateAndGet(143)) - bcd0dc22-e653-4a59-a0ee-c6e2de64864f: start FollowerState
2019-07-14 11:08:17,443 INFO  util.JmxRegister (JmxRegister.java:tryRegister(44)) - Successfully registered JMX Bean with object name Ratis:service=RaftServer,group=group-8B831F80904E,id=bcd0dc22-e653-4a59-a0ee-c6e2de64864f
2019-07-14 11:08:17,446 INFO  pipeline.PipelineStateManager (PipelineStateManager.java:addPipeline(56)) - Created pipeline Pipeline[ Id: 3b0ae63c-6b5a-4c15-b142-8b831f80904e, Nodes: bcd0dc22-e653-4a59-a0ee-c6e2de64864f{ip: 192.168.157.209, host: trunk-nightly-fxmrv-2540794721, networkLocation: /default-rack, certSerialId: null}, Type:RATIS, Factor:ONE, State:OPEN]
2019-07-14 11:08:17,455 INFO  rpc.RpcClient (RpcClient.java:createVolume(287)) - Creating Volume: testblockoutputstream, with jenkins1000 as owner.
2019-07-14 11:08:17,471 INFO  rpc.RpcClient (RpcClient.java:createBucket(424)) - Creating Bucket: testblockoutputstream/testblockoutputstream, with Versioning false and Storage Type set to DISK and Encryption set to false 
2019-07-14 11:08:17,499 INFO  client.GrpcClientProtocolClient (GrpcClientProtocolClient.java:onNext(255)) - client-8051B16ABFF2->b77edfec-6442-4bf4-8031-76cd542021cd: receive RaftClientReply:client-8051B16ABFF2->b77edfec-6442-4bf4-8031-76cd542021cd@group-46C6F114FE18, cid=235, FAILED org.apache.ratis.protocol.NotLeaderException: Server b77edfec-6442-4bf4-8031-76cd542021cd is not the leader (null). Request must be sent to leader., logIndex=0, commits[b77edfec-6442-4bf4-8031-76cd542021cd:c-1]
2019-07-14 11:08:18,519 INFO  client.GrpcClientProtocolClient (GrpcClientProtocolClient.java:onNext(255)) - client-8051B16ABFF2->16fc700d-3ecf-488f-92ee-8c3f3cf2f24e: receive RaftClientReply:client-8051B16ABFF2->16fc700d-3ecf-488f-92ee-8c3f3cf2f24e@group-46C6F114FE18, cid=235, FAILED org.apache.ratis.protocol.NotLeaderException: Server 16fc700d-3ecf-488f-92ee-8c3f3cf2f24e is not the leader (null). Request must be sent to leader., logIndex=0, commits[16fc700d-3ecf-488f-92ee-8c3f3cf2f24e:c-1]
2019-07-14 11:08:19,185 INFO  container.ReplicationManager (ReplicationManager.java:start(155)) - Starting Replication Monitor Thread.
2019-07-14 11:08:19,191 INFO  container.ReplicationManager (ReplicationManager.java:run(207)) - Replication Monitor Thread took 0 milliseconds for processing 1 containers.
2019-07-14 11:08:19,539 INFO  client.GrpcClientProtocolClient (GrpcClientProtocolClient.java:onNext(255)) - client-8051B16ABFF2->2070baf0-4025-424a-b0f6-f75017e43d96: receive RaftClientReply:client-8051B16ABFF2->2070baf0-4025-424a-b0f6-f75017e43d96@group-46C6F114FE18, cid=235, FAILED org.apache.ratis.protocol.NotLeaderException: Server 2070baf0-4025-424a-b0f6-f75017e43d96 is not the leader (null). Request must be sent to leader., logIndex=0, commits[2070baf0-4025-424a-b0f6-f75017e43d96:c-1]
2019-07-14 11:08:20,553 INFO  client.GrpcClientProtocolClient (GrpcClientProtocolClient.java:onNext(255)) - client-8051B16ABFF2->16fc700d-3ecf-488f-92ee-8c3f3cf2f24e: receive RaftClientReply:client-8051B16ABFF2->16fc700d-3ecf-488f-92ee-8c3f3cf2f24e@group-46C6F114FE18, cid=235, FAILED org.apache.ratis.protocol.NotLeaderException: Server 16fc700d-3ecf-488f-92ee-8c3f3cf2f24e is not the leader (null). Request must be sent to leader., logIndex=0, commits[16fc700d-3ecf-488f-92ee-8c3f3cf2f24e:c-1]
2019-07-14 11:08:21,331 INFO  impl.FollowerState (FollowerState.java:run(106)) - 5fb10b7c-c93e-4655-beb6-d5c77dda5179:group-741FE2B13EDB changes to CANDIDATE, lastRpcTime:5098, electionTimeout:5098ms
2019-07-14 11:08:21,331 INFO  impl.RoleInfo (RoleInfo.java:shutdownFollowerState(121)) - 5fb10b7c-c93e-4655-beb6-d5c77dda5179: shutdown FollowerState
2019-07-14 11:08:21,331 INFO  impl.RaftServerImpl (RaftServerImpl.java:setRole(171)) - 5fb10b7c-c93e-4655-beb6-d5c77dda5179:group-741FE2B13EDB changes role from FOLLOWER to CANDIDATE at term 0 for changeToCandidate
2019-07-14 11:08:21,331 INFO  impl.RoleInfo (RoleInfo.java:updateAndGet(143)) - 5fb10b7c-c93e-4655-beb6-d5c77dda5179: start LeaderElection
2019-07-14 11:08:21,355 INFO  impl.LeaderElection (LeaderElection.java:askForVotes(181)) - 5fb10b7c-c93e-4655-beb6-d5c77dda5179:group-741FE2B13EDB:LeaderElection109: begin an election at term 1 for -1: [5fb10b7c-c93e-4655-beb6-d5c77dda5179:192.168.157.209:42309], old=null
2019-07-14 11:08:21,355 INFO  impl.RoleInfo (RoleInfo.java:shutdownLeaderElection(134)) - 5fb10b7c-c93e-4655-beb6-d5c77dda5179: shutdown LeaderElection
2019-07-14 11:08:21,355 INFO  impl.RaftServerImpl (RaftServerImpl.java:setRole(171)) - 5fb10b7c-c93e-4655-beb6-d5c77dda5179:group-741FE2B13EDB changes role from CANDIDATE to LEADER at term 1 for changeToLeader
2019-07-14 11:08:21,355 INFO  impl.RaftServerImpl (ServerState.java:setLeader(263)) - 5fb10b7c-c93e-4655-beb6-d5c77dda5179:group-741FE2B13EDB change Leader from null to 5fb10b7c-c93e-4655-beb6-d5c77dda5179 at term 1 for becomeLeader, leader elected after 5129ms
2019-07-14 11:08:21,358 INFO  server.RaftServerConfigKeys (ConfUtils.java:logGet(43)) - raft.server.staging.catchup.gap = 1000 (default)
2019-07-14 11:08:21,358 INFO  server.RaftServerConfigKeys (ConfUtils.java:logGet(43)) - raft.server.rpc.sleep.time = 25ms (default)
2019-07-14 11:08:21,358 INFO  server.RaftServerConfigKeys (ConfUtils.java:logGet(43)) - raft.server.write.element-limit = 4096 (default)
2019-07-14 11:08:21,359 INFO  server.RaftServerConfigKeys (ConfUtils.java:logGet(43)) - raft.server.watch.timeout = 10s (default)
2019-07-14 11:08:21,359 INFO  server.RaftServerConfigKeys (ConfUtils.java:logGet(43)) - raft.server.watch.timeout.denomination = 1s (default)
2019-07-14 11:08:21,359 INFO  server.RaftServerConfigKeys (ConfUtils.java:logGet(43)) - raft.server.watch.element-limit = 65536 (default)
2019-07-14 11:08:21,359 INFO  impl.RoleInfo (RoleInfo.java:updateAndGet(143)) - 5fb10b7c-c93e-4655-beb6-d5c77dda5179: start LeaderState
2019-07-14 11:08:21,360 INFO  segmented.SegmentedRaftLogWorker (SegmentedRaftLogWorker.java:startLogSegment(380)) - 5fb10b7c-c93e-4655-beb6-d5c77dda5179-SegmentedRaftLogWorker:Storage Directory /workdir/hadoop-ozone/integration-test/target/test-dir/MiniOzoneClusterImpl-8f5a5b31-577b-4034-9f8b-a6dcc573b209/datanode-0/data/ratis/d86309f0-124e-4286-acfb-741fe2b13edb: Starting segment from index:0
2019-07-14 11:08:21,361 INFO  impl.RaftServerImpl (ServerState.java:setRaftConf(361)) - 5fb10b7c-c93e-4655-beb6-d5c77dda5179:group-741FE2B13EDB set configuration 0: [5fb10b7c-c93e-4655-beb6-d5c77dda5179:192.168.157.209:42309], old=null at 0
2019-07-14 11:08:21,400 INFO  segmented.SegmentedRaftLogWorker (SegmentedRaftLogWorker.java:execute(569)) - 5fb10b7c-c93e-4655-beb6-d5c77dda5179-SegmentedRaftLogWorker:Storage Directory /workdir/hadoop-ozone/integration-test/target/test-dir/MiniOzoneClusterImpl-8f5a5b31-577b-4034-9f8b-a6dcc573b209/datanode-0/data/ratis/d86309f0-124e-4286-acfb-741fe2b13edb: created new log segment /workdir/hadoop-ozone/integration-test/target/test-dir/MiniOzoneClusterImpl-8f5a5b31-577b-4034-9f8b-a6dcc573b209/datanode-0/data/ratis/d86309f0-124e-4286-acfb-741fe2b13edb/current/log_inprogress_0
2019-07-14 11:08:21,504 INFO  impl.FollowerState (FollowerState.java:run(106)) - 7a230a6e-c89e-43e9-bd97-6850a8a29c00:group-67E5785209CB changes to CANDIDATE, lastRpcTime:5075, electionTimeout:5075ms
2019-07-14 11:08:21,504 INFO  impl.RoleInfo (RoleInfo.java:shutdownFollowerState(121)) - 7a230a6e-c89e-43e9-bd97-6850a8a29c00: shutdown FollowerState
2019-07-14 11:08:21,504 INFO  impl.RaftServerImpl (RaftServerImpl.java:setRole(171)) - 7a230a6e-c89e-43e9-bd97-6850a8a29c00:group-67E5785209CB changes role from FOLLOWER to CANDIDATE at term 0 for changeToCandidate
2019-07-14 11:08:21,504 INFO  impl.RoleInfo (RoleInfo.java:updateAndGet(143)) - 7a230a6e-c89e-43e9-bd97-6850a8a29c00: start LeaderElection
2019-07-14 11:08:21,525 INFO  impl.LeaderElection (LeaderElection.java:askForVotes(181)) - 7a230a6e-c89e-43e9-bd97-6850a8a29c00:group-67E5785209CB:LeaderElection110: begin an election at term 1 for -1: [7a230a6e-c89e-43e9-bd97-6850a8a29c00:192.168.157.209:42893], old=null
2019-07-14 11:08:21,526 INFO  impl.RoleInfo (RoleInfo.java:shutdownLeaderElection(134)) - 7a230a6e-c89e-43e9-bd97-6850a8a29c00: shutdown LeaderElection
2019-07-14 11:08:21,526 INFO  impl.RaftServerImpl (RaftServerImpl.java:setRole(171)) - 7a230a6e-c89e-43e9-bd97-6850a8a29c00:group-67E5785209CB changes role from CANDIDATE to LEADER at term 1 for changeToLeader
2019-07-14 11:08:21,526 INFO  impl.RaftServerImpl (ServerState.java:setLeader(263)) - 7a230a6e-c89e-43e9-bd97-6850a8a29c00:group-67E5785209CB change Leader from null to 7a230a6e-c89e-43e9-bd97-6850a8a29c00 at term 1 for becomeLeader, leader elected after 5101ms
2019-07-14 11:08:21,528 INFO  server.RaftServerConfigKeys (ConfUtils.java:logGet(43)) - raft.server.staging.catchup.gap = 1000 (default)
2019-07-14 11:08:21,529 INFO  server.RaftServerConfigKeys (ConfUtils.java:logGet(43)) - raft.server.rpc.sleep.time = 25ms (default)
2019-07-14 11:08:21,529 INFO  server.RaftServerConfigKeys (ConfUtils.java:logGet(43)) - raft.server.write.element-limit = 4096 (default)
2019-07-14 11:08:21,529 INFO  server.RaftServerConfigKeys (ConfUtils.java:logGet(43)) - raft.server.watch.timeout = 10s (default)
2019-07-14 11:08:21,529 INFO  server.RaftServerConfigKeys (ConfUtils.java:logGet(43)) - raft.server.watch.timeout.denomination = 1s (default)
2019-07-14 11:08:21,529 INFO  server.RaftServerConfigKeys (ConfUtils.java:logGet(43)) - raft.server.watch.element-limit = 65536 (default)
2019-07-14 11:08:21,529 INFO  impl.RoleInfo (RoleInfo.java:updateAndGet(143)) - 7a230a6e-c89e-43e9-bd97-6850a8a29c00: start LeaderState
2019-07-14 11:08:21,530 INFO  segmented.SegmentedRaftLogWorker (SegmentedRaftLogWorker.java:startLogSegment(380)) - 7a230a6e-c89e-43e9-bd97-6850a8a29c00-SegmentedRaftLogWorker:Storage Directory /workdir/hadoop-ozone/integration-test/target/test-dir/MiniOzoneClusterImpl-8f5a5b31-577b-4034-9f8b-a6dcc573b209/datanode-1/data/ratis/b7c248c8-ec3e-4633-a54c-67e5785209cb: Starting segment from index:0
2019-07-14 11:08:21,530 INFO  impl.RaftServerImpl (ServerState.java:setRaftConf(361)) - 7a230a6e-c89e-43e9-bd97-6850a8a29c00:group-67E5785209CB set configuration 0: [7a230a6e-c89e-43e9-bd97-6850a8a29c00:192.168.157.209:42893], old=null at 0
2019-07-14 11:08:21,563 INFO  segmented.SegmentedRaftLogWorker (SegmentedRaftLogWorker.java:execute(569)) - 7a230a6e-c89e-43e9-bd97-6850a8a29c00-SegmentedRaftLogWorker:Storage Directory /workdir/hadoop-ozone/integration-test/target/test-dir/MiniOzoneClusterImpl-8f5a5b31-577b-4034-9f8b-a6dcc573b209/datanode-1/data/ratis/b7c248c8-ec3e-4633-a54c-67e5785209cb: created new log segment /workdir/hadoop-ozone/integration-test/target/test-dir/MiniOzoneClusterImpl-8f5a5b31-577b-4034-9f8b-a6dcc573b209/datanode-1/data/ratis/b7c248c8-ec3e-4633-a54c-67e5785209cb/current/log_inprogress_0
2019-07-14 11:08:21,564 INFO  client.GrpcClientProtocolClient (GrpcClientProtocolClient.java:onNext(255)) - client-8051B16ABFF2->b77edfec-6442-4bf4-8031-76cd542021cd: receive RaftClientReply:client-8051B16ABFF2->b77edfec-6442-4bf4-8031-76cd542021cd@group-46C6F114FE18, cid=235, FAILED org.apache.ratis.protocol.NotLeaderException: Server b77edfec-6442-4bf4-8031-76cd542021cd is not the leader (null). Request must be sent to leader., logIndex=0, commits[b77edfec-6442-4bf4-8031-76cd542021cd:c-1]
2019-07-14 11:08:21,590 INFO  impl.FollowerState (FollowerState.java:run(106)) - 9e312bf6-8a82-490e-8a95-6b8b213db0b6:group-63F4DB05371A changes to CANDIDATE, lastRpcTime:5014, electionTimeout:5014ms
2019-07-14 11:08:21,590 INFO  impl.RoleInfo (RoleInfo.java:shutdownFollowerState(121)) - 9e312bf6-8a82-490e-8a95-6b8b213db0b6: shutdown FollowerState
2019-07-14 11:08:21,590 INFO  impl.RaftServerImpl (RaftServerImpl.java:setRole(171)) - 9e312bf6-8a82-490e-8a95-6b8b213db0b6:group-63F4DB05371A changes role from FOLLOWER to CANDIDATE at term 0 for changeToCandidate
2019-07-14 11:08:21,590 INFO  impl.RoleInfo (RoleInfo.java:updateAndGet(143)) - 9e312bf6-8a82-490e-8a95-6b8b213db0b6: start LeaderElection
2019-07-14 11:08:21,611 INFO  impl.LeaderElection (LeaderElection.java:askForVotes(181)) - 9e312bf6-8a82-490e-8a95-6b8b213db0b6:group-63F4DB05371A:LeaderElection111: begin an election at term 1 for -1: [9e312bf6-8a82-490e-8a95-6b8b213db0b6:192.168.157.209:41728], old=null
2019-07-14 11:08:21,611 INFO  impl.RoleInfo (RoleInfo.java:shutdownLeaderElection(134)) - 9e312bf6-8a82-490e-8a95-6b8b213db0b6: shutdown LeaderElection
2019-07-14 11:08:21,611 INFO  impl.RaftServerImpl (RaftServerImpl.java:setRole(171)) - 9e312bf6-8a82-490e-8a95-6b8b213db0b6:group-63F4DB05371A changes role from CANDIDATE to LEADER at term 1 for changeToLeader
2019-07-14 11:08:21,611 INFO  impl.RaftServerImpl (ServerState.java:setLeader(263)) - 9e312bf6-8a82-490e-8a95-6b8b213db0b6:group-63F4DB05371A change Leader from null to 9e312bf6-8a82-490e-8a95-6b8b213db0b6 at term 1 for becomeLeader, leader elected after 5040ms
2019-07-14 11:08:21,616 INFO  server.RaftServerConfigKeys (ConfUtils.java:logGet(43)) - raft.server.staging.catchup.gap = 1000 (default)
2019-07-14 11:08:21,616 INFO  server.RaftServerConfigKeys (ConfUtils.java:logGet(43)) - raft.server.rpc.sleep.time = 25ms (default)
2019-07-14 11:08:21,616 INFO  server.RaftServerConfigKeys (ConfUtils.java:logGet(43)) - raft.server.write.element-limit = 4096 (default)
2019-07-14 11:08:21,616 INFO  server.RaftServerConfigKeys (ConfUtils.java:logGet(43)) - raft.server.watch.timeout = 10s (default)
2019-07-14 11:08:21,616 INFO  server.RaftServerConfigKeys (ConfUtils.java:logGet(43)) - raft.server.watch.timeout.denomination = 1s (default)
2019-07-14 11:08:21,616 INFO  server.RaftServerConfigKeys (ConfUtils.java:logGet(43)) - raft.server.watch.element-limit = 65536 (default)
2019-07-14 11:08:21,617 INFO  impl.RoleInfo (RoleInfo.java:updateAndGet(143)) - 9e312bf6-8a82-490e-8a95-6b8b213db0b6: start LeaderState
2019-07-14 11:08:21,617 INFO  segmented.SegmentedRaftLogWorker (SegmentedRaftLogWorker.java:startLogSegment(380)) - 9e312bf6-8a82-490e-8a95-6b8b213db0b6-SegmentedRaftLogWorker:Storage Directory /workdir/hadoop-ozone/integration-test/target/test-dir/MiniOzoneClusterImpl-8f5a5b31-577b-4034-9f8b-a6dcc573b209/datanode-2/data/ratis/a2ee11e7-287b-49c6-837a-63f4db05371a: Starting segment from index:0
2019-07-14 11:08:21,617 INFO  impl.RaftServerImpl (ServerState.java:setRaftConf(361)) - 9e312bf6-8a82-490e-8a95-6b8b213db0b6:group-63F4DB05371A set configuration 0: [9e312bf6-8a82-490e-8a95-6b8b213db0b6:192.168.157.209:41728], old=null at 0
2019-07-14 11:08:21,646 INFO  segmented.SegmentedRaftLogWorker (SegmentedRaftLogWorker.java:execute(569)) - 9e312bf6-8a82-490e-8a95-6b8b213db0b6-SegmentedRaftLogWorker:Storage Directory /workdir/hadoop-ozone/integration-test/target/test-dir/MiniOzoneClusterImpl-8f5a5b31-577b-4034-9f8b-a6dcc573b209/datanode-2/data/ratis/a2ee11e7-287b-49c6-837a-63f4db05371a: created new log segment /workdir/hadoop-ozone/integration-test/target/test-dir/MiniOzoneClusterImpl-8f5a5b31-577b-4034-9f8b-a6dcc573b209/datanode-2/data/ratis/a2ee11e7-287b-49c6-837a-63f4db05371a/current/log_inprogress_0
2019-07-14 11:08:21,672 INFO  impl.FollowerState (FollowerState.java:run(106)) - 5fb10b7c-c93e-4655-beb6-d5c77dda5179:group-DCFB5EBFDF2C changes to CANDIDATE, lastRpcTime:5029, electionTimeout:5029ms
2019-07-14 11:08:21,672 INFO  impl.RoleInfo (RoleInfo.java:shutdownFollowerState(121)) - 5fb10b7c-c93e-4655-beb6-d5c77dda5179: shutdown FollowerState
2019-07-14 11:08:21,673 INFO  impl.RaftServerImpl (RaftServerImpl.java:setRole(171)) - 5fb10b7c-c93e-4655-beb6-d5c77dda5179:group-DCFB5EBFDF2C changes role from FOLLOWER to CANDIDATE at term 0 for changeToCandidate
2019-07-14 11:08:21,673 INFO  impl.RoleInfo (RoleInfo.java:updateAndGet(143)) - 5fb10b7c-c93e-4655-beb6-d5c77dda5179: start LeaderElection
2019-07-14 11:08:21,707 INFO  impl.LeaderElection (LeaderElection.java:askForVotes(181)) - 5fb10b7c-c93e-4655-beb6-d5c77dda5179:group-DCFB5EBFDF2C:LeaderElection112: begin an election at term 1 for -1: [9e312bf6-8a82-490e-8a95-6b8b213db0b6:192.168.157.209:41728, 7a230a6e-c89e-43e9-bd97-6850a8a29c00:192.168.157.209:42893, 5fb10b7c-c93e-4655-beb6-d5c77dda5179:192.168.157.209:42309], old=null
2019-07-14 11:08:21,709 INFO  impl.FollowerState (FollowerState.java:run(106)) - 7a230a6e-c89e-43e9-bd97-6850a8a29c00:group-DCFB5EBFDF2C changes to CANDIDATE, lastRpcTime:5067, electionTimeout:5067ms
2019-07-14 11:08:21,709 INFO  impl.RoleInfo (RoleInfo.java:shutdownFollowerState(121)) - 7a230a6e-c89e-43e9-bd97-6850a8a29c00: shutdown FollowerState
2019-07-14 11:08:21,709 INFO  impl.RaftServerImpl (RaftServerImpl.java:setRole(171)) - 7a230a6e-c89e-43e9-bd97-6850a8a29c00:group-DCFB5EBFDF2C changes role from FOLLOWER to CANDIDATE at term 0 for changeToCandidate
2019-07-14 11:08:21,709 INFO  impl.RoleInfo (RoleInfo.java:updateAndGet(143)) - 7a230a6e-c89e-43e9-bd97-6850a8a29c00: start LeaderElection
2019-07-14 11:08:21,717 INFO  impl.RaftServerImpl (RaftServerImpl.java:setRole(171)) - 9e312bf6-8a82-490e-8a95-6b8b213db0b6:group-DCFB5EBFDF2C changes role from FOLLOWER to FOLLOWER at term 1 for recognizeCandidate:5fb10b7c-c93e-4655-beb6-d5c77dda5179
2019-07-14 11:08:21,717 INFO  impl.RoleInfo (RoleInfo.java:shutdownFollowerState(121)) - 9e312bf6-8a82-490e-8a95-6b8b213db0b6: shutdown FollowerState
2019-07-14 11:08:21,717 INFO  impl.RoleInfo (RoleInfo.java:updateAndGet(143)) - 9e312bf6-8a82-490e-8a95-6b8b213db0b6: start FollowerState
2019-07-14 11:08:21,717 INFO  impl.FollowerState (FollowerState.java:run(114)) - 9e312bf6-8a82-490e-8a95-6b8b213db0b6: FollowerState was interrupted: java.lang.InterruptedException: sleep interrupted
2019-07-14 11:08:21,729 INFO  impl.LeaderElection (LeaderElection.java:askForVotes(181)) - 7a230a6e-c89e-43e9-bd97-6850a8a29c00:group-DCFB5EBFDF2C:LeaderElection113: begin an election at term 1 for -1: [9e312bf6-8a82-490e-8a95-6b8b213db0b6:192.168.157.209:41728, 7a230a6e-c89e-43e9-bd97-6850a8a29c00:192.168.157.209:42893, 5fb10b7c-c93e-4655-beb6-d5c77dda5179:192.168.157.209:42309], old=null
2019-07-14 11:08:21,733 INFO  impl.LeaderElection (LeaderElection.java:logAndReturn(56)) - 5fb10b7c-c93e-4655-beb6-d5c77dda5179:group-DCFB5EBFDF2C:LeaderElection112: Election PASSED; received 1 response(s) [5fb10b7c-c93e-4655-beb6-d5c77dda5179<-9e312bf6-8a82-490e-8a95-6b8b213db0b6#0:OK-t1] and 0 exception(s); 5fb10b7c-c93e-4655-beb6-d5c77dda5179:t1, leader=null, voted=5fb10b7c-c93e-4655-beb6-d5c77dda5179, raftlog=5fb10b7c-c93e-4655-beb6-d5c77dda5179-SegmentedRaftLog:OPENED:c-1,f-1,i0, conf=-1: [9e312bf6-8a82-490e-8a95-6b8b213db0b6:192.168.157.209:41728, 7a230a6e-c89e-43e9-bd97-6850a8a29c00:192.168.157.209:42893, 5fb10b7c-c93e-4655-beb6-d5c77dda5179:192.168.157.209:42309], old=null
2019-07-14 11:08:21,733 INFO  impl.RoleInfo (RoleInfo.java:shutdownLeaderElection(134)) - 5fb10b7c-c93e-4655-beb6-d5c77dda5179: shutdown LeaderElection
2019-07-14 11:08:21,733 INFO  impl.RaftServerImpl (RaftServerImpl.java:setRole(171)) - 5fb10b7c-c93e-4655-beb6-d5c77dda5179:group-DCFB5EBFDF2C changes role from CANDIDATE to LEADER at term 1 for changeToLeader
2019-07-14 11:08:21,733 INFO  impl.RaftServerImpl (ServerState.java:setLeader(263)) - 5fb10b7c-c93e-4655-beb6-d5c77dda5179:group-DCFB5EBFDF2C change Leader from null to 5fb10b7c-c93e-4655-beb6-d5c77dda5179 at term 1 for becomeLeader, leader elected after 5101ms
2019-07-14 11:08:21,733 INFO  server.RaftServerConfigKeys (ConfUtils.java:logGet(43)) - raft.server.staging.catchup.gap = 1000 (default)
2019-07-14 11:08:21,733 INFO  server.RaftServerConfigKeys (ConfUtils.java:logGet(43)) - raft.server.rpc.sleep.time = 25ms (default)
2019-07-14 11:08:21,733 INFO  server.RaftServerConfigKeys (ConfUtils.java:logGet(43)) - raft.server.write.element-limit = 4096 (default)
2019-07-14 11:08:21,736 INFO  server.RaftServerConfigKeys (ConfUtils.java:logGet(43)) - raft.server.watch.timeout = 10s (default)
2019-07-14 11:08:21,737 INFO  server.RaftServerConfigKeys (ConfUtils.java:logGet(43)) - raft.server.watch.timeout.denomination = 1s (default)
2019-07-14 11:08:21,737 INFO  server.RaftServerConfigKeys (ConfUtils.java:logGet(43)) - raft.server.watch.element-limit = 65536 (default)
2019-07-14 11:08:21,737 INFO  server.RaftServerConfigKeys (ConfUtils.java:logGet(43)) - raft.server.log.appender.snapshot.chunk.size.max = 16MB (=16777216) (default)
2019-07-14 11:08:21,737 INFO  server.RaftServerConfigKeys (ConfUtils.java:logGet(43)) - raft.server.log.appender.buffer.byte-limit = 33554432 (custom)
2019-07-14 11:08:21,737 INFO  server.RaftServerConfigKeys (ConfUtils.java:logGet(43)) - raft.server.log.appender.buffer.element-limit = 1 (custom)
2019-07-14 11:08:21,738 INFO  grpc.GrpcConfigKeys$Server (ConfUtils.java:logGet(43)) - raft.grpc.server.leader.outstanding.appends.max = 128 (default)
2019-07-14 11:08:21,738 INFO  server.RaftServerConfigKeys (ConfUtils.java:logGet(43)) - raft.server.rpc.request.timeout = 3000ms (default)
2019-07-14 11:08:21,738 INFO  server.RaftServerConfigKeys (ConfUtils.java:logGet(43)) - raft.server.log.appender.install.snapshot.enabled = false (custom)
2019-07-14 11:08:21,738 INFO  server.RaftServerConfigKeys (ConfUtils.java:logGet(43)) - raft.server.log.appender.snapshot.chunk.size.max = 16MB (=16777216) (default)
2019-07-14 11:08:21,738 INFO  server.RaftServerConfigKeys (ConfUtils.java:logGet(43)) - raft.server.log.appender.buffer.byte-limit = 33554432 (custom)
2019-07-14 11:08:21,739 INFO  server.RaftServerConfigKeys (ConfUtils.java:logGet(43)) - raft.server.log.appender.buffer.element-limit = 1 (custom)
2019-07-14 11:08:21,739 INFO  grpc.GrpcConfigKeys$Server (ConfUtils.java:logGet(43)) - raft.grpc.server.leader.outstanding.appends.max = 128 (default)
2019-07-14 11:08:21,739 INFO  server.RaftServerConfigKeys (ConfUtils.java:logGet(43)) - raft.server.rpc.request.timeout = 3000ms (default)
2019-07-14 11:08:21,739 INFO  server.RaftServerConfigKeys (ConfUtils.java:logGet(43)) - raft.server.log.appender.install.snapshot.enabled = false (custom)
2019-07-14 11:08:21,739 INFO  impl.RoleInfo (RoleInfo.java:updateAndGet(143)) - 5fb10b7c-c93e-4655-beb6-d5c77dda5179: start LeaderState
2019-07-14 11:08:21,740 INFO  segmented.SegmentedRaftLogWorker (SegmentedRaftLogWorker.java:startLogSegment(380)) - 5fb10b7c-c93e-4655-beb6-d5c77dda5179-SegmentedRaftLogWorker:Storage Directory /workdir/hadoop-ozone/integration-test/target/test-dir/MiniOzoneClusterImpl-8f5a5b31-577b-4034-9f8b-a6dcc573b209/datanode-0/data/ratis/7ae37169-d414-4256-959e-dcfb5ebfdf2c: Starting segment from index:0
2019-07-14 11:08:21,741 INFO  impl.RaftServerImpl (ServerState.java:setRaftConf(361)) - 5fb10b7c-c93e-4655-beb6-d5c77dda5179:group-DCFB5EBFDF2C set configuration 0: [9e312bf6-8a82-490e-8a95-6b8b213db0b6:192.168.157.209:41728, 7a230a6e-c89e-43e9-bd97-6850a8a29c00:192.168.157.209:42893, 5fb10b7c-c93e-4655-beb6-d5c77dda5179:192.168.157.209:42309], old=null at 0
2019-07-14 11:08:21,760 INFO  impl.RaftServerImpl (RaftServerImpl.java:requestVote(754)) - 5fb10b7c-c93e-4655-beb6-d5c77dda5179-LEADER: Withhold vote from candidate 7a230a6e-c89e-43e9-bd97-6850a8a29c00 with term 1. State: leader=5fb10b7c-c93e-4655-beb6-d5c77dda5179, term=1, lastRpcElapsed=null
2019-07-14 11:08:21,764 INFO  impl.RaftServerImpl (ServerState.java:setLeader(263)) - 9e312bf6-8a82-490e-8a95-6b8b213db0b6:group-DCFB5EBFDF2C change Leader from null to 5fb10b7c-c93e-4655-beb6-d5c77dda5179 at term 1 for appendEntries, leader elected after 5131ms
2019-07-14 11:08:21,764 INFO  impl.RaftServerImpl (RaftServerImpl.java:setRole(171)) - 7a230a6e-c89e-43e9-bd97-6850a8a29c00:group-DCFB5EBFDF2C changes role from CANDIDATE to FOLLOWER at term 1 for appendEntries
2019-07-14 11:08:21,764 INFO  impl.LeaderElection (LeaderElection.java:logAndReturn(56)) - 7a230a6e-c89e-43e9-bd97-6850a8a29c00:group-DCFB5EBFDF2C:LeaderElection113: Election REJECTED; received 2 response(s) [7a230a6e-c89e-43e9-bd97-6850a8a29c00<-9e312bf6-8a82-490e-8a95-6b8b213db0b6#0:FAIL-t1, 7a230a6e-c89e-43e9-bd97-6850a8a29c00<-5fb10b7c-c93e-4655-beb6-d5c77dda5179#0:FAIL-t1] and 0 exception(s); 7a230a6e-c89e-43e9-bd97-6850a8a29c00:t1, leader=null, voted=7a230a6e-c89e-43e9-bd97-6850a8a29c00, raftlog=7a230a6e-c89e-43e9-bd97-6850a8a29c00-SegmentedRaftLog:OPENED:c-1,f-1,i0, conf=-1: [9e312bf6-8a82-490e-8a95-6b8b213db0b6:192.168.157.209:41728, 7a230a6e-c89e-43e9-bd97-6850a8a29c00:192.168.157.209:42893, 5fb10b7c-c93e-4655-beb6-d5c77dda5179:192.168.157.209:42309], old=null
2019-07-14 11:08:21,765 INFO  impl.RoleInfo (RoleInfo.java:shutdownLeaderElection(134)) - 7a230a6e-c89e-43e9-bd97-6850a8a29c00: shutdown LeaderElection
2019-07-14 11:08:21,765 INFO  impl.RoleInfo (RoleInfo.java:updateAndGet(143)) - 7a230a6e-c89e-43e9-bd97-6850a8a29c00: start FollowerState
2019-07-14 11:08:21,765 INFO  impl.RaftServerImpl (ServerState.java:setLeader(263)) - 7a230a6e-c89e-43e9-bd97-6850a8a29c00:group-DCFB5EBFDF2C change Leader from null to 5fb10b7c-c93e-4655-beb6-d5c77dda5179 at term 1 for appendEntries, leader elected after 5133ms
2019-07-14 11:08:21,769 INFO  impl.RaftServerImpl (ServerState.java:setRaftConf(361)) - 9e312bf6-8a82-490e-8a95-6b8b213db0b6:group-DCFB5EBFDF2C set configuration 0: [9e312bf6-8a82-490e-8a95-6b8b213db0b6:192.168.157.209:41728, 7a230a6e-c89e-43e9-bd97-6850a8a29c00:192.168.157.209:42893, 5fb10b7c-c93e-4655-beb6-d5c77dda5179:192.168.157.209:42309], old=null at 0
2019-07-14 11:08:21,769 INFO  segmented.SegmentedRaftLogWorker (SegmentedRaftLogWorker.java:startLogSegment(380)) - 9e312bf6-8a82-490e-8a95-6b8b213db0b6-SegmentedRaftLogWorker:Storage Directory /workdir/hadoop-ozone/integration-test/target/test-dir/MiniOzoneClusterImpl-8f5a5b31-577b-4034-9f8b-a6dcc573b209/datanode-2/data/ratis/7ae37169-d414-4256-959e-dcfb5ebfdf2c: Starting segment from index:0
2019-07-14 11:08:21,770 INFO  impl.RaftServerImpl (ServerState.java:setRaftConf(361)) - 7a230a6e-c89e-43e9-bd97-6850a8a29c00:group-DCFB5EBFDF2C set configuration 0: [9e312bf6-8a82-490e-8a95-6b8b213db0b6:192.168.157.209:41728, 7a230a6e-c89e-43e9-bd97-6850a8a29c00:192.168.157.209:42893, 5fb10b7c-c93e-4655-beb6-d5c77dda5179:192.168.157.209:42309], old=null at 0
2019-07-14 11:08:21,770 INFO  segmented.SegmentedRaftLogWorker (SegmentedRaftLogWorker.java:startLogSegment(380)) - 7a230a6e-c89e-43e9-bd97-6850a8a29c00-SegmentedRaftLogWorker:Storage Directory /workdir/hadoop-ozone/integration-test/target/test-dir/MiniOzoneClusterImpl-8f5a5b31-577b-4034-9f8b-a6dcc573b209/datanode-1/data/ratis/7ae37169-d414-4256-959e-dcfb5ebfdf2c: Starting segment from index:0
2019-07-14 11:08:21,772 INFO  segmented.SegmentedRaftLogWorker (SegmentedRaftLogWorker.java:execute(569)) - 5fb10b7c-c93e-4655-beb6-d5c77dda5179-SegmentedRaftLogWorker:Storage Directory /workdir/hadoop-ozone/integration-test/target/test-dir/MiniOzoneClusterImpl-8f5a5b31-577b-4034-9f8b-a6dcc573b209/datanode-0/data/ratis/7ae37169-d414-4256-959e-dcfb5ebfdf2c: created new log segment /workdir/hadoop-ozone/integration-test/target/test-dir/MiniOzoneClusterImpl-8f5a5b31-577b-4034-9f8b-a6dcc573b209/datanode-0/data/ratis/7ae37169-d414-4256-959e-dcfb5ebfdf2c/current/log_inprogress_0
2019-07-14 11:08:21,800 INFO  segmented.SegmentedRaftLogWorker (SegmentedRaftLogWorker.java:execute(569)) - 7a230a6e-c89e-43e9-bd97-6850a8a29c00-SegmentedRaftLogWorker:Storage Directory /workdir/hadoop-ozone/integration-test/target/test-dir/MiniOzoneClusterImpl-8f5a5b31-577b-4034-9f8b-a6dcc573b209/datanode-1/data/ratis/7ae37169-d414-4256-959e-dcfb5ebfdf2c: created new log segment /workdir/hadoop-ozone/integration-test/target/test-dir/MiniOzoneClusterImpl-8f5a5b31-577b-4034-9f8b-a6dcc573b209/datanode-1/data/ratis/7ae37169-d414-4256-959e-dcfb5ebfdf2c/current/log_inprogress_0
2019-07-14 11:08:21,800 INFO  segmented.SegmentedRaftLogWorker (SegmentedRaftLogWorker.java:execute(569)) - 9e312bf6-8a82-490e-8a95-6b8b213db0b6-SegmentedRaftLogWorker:Storage Directory /workdir/hadoop-ozone/integration-test/target/test-dir/MiniOzoneClusterImpl-8f5a5b31-577b-4034-9f8b-a6dcc573b209/datanode-2/data/ratis/7ae37169-d414-4256-959e-dcfb5ebfdf2c: created new log segment /workdir/hadoop-ozone/integration-test/target/test-dir/MiniOzoneClusterImpl-8f5a5b31-577b-4034-9f8b-a6dcc573b209/datanode-2/data/ratis/7ae37169-d414-4256-959e-dcfb5ebfdf2c/current/log_inprogress_0
2019-07-14 11:08:21,803 INFO  impl.FollowerState (FollowerState.java:run(106)) - b77edfec-6442-4bf4-8031-76cd542021cd:group-050C8230F976 changes to CANDIDATE, lastRpcTime:5038, electionTimeout:5038ms
2019-07-14 11:08:21,803 INFO  impl.RoleInfo (RoleInfo.java:shutdownFollowerState(121)) - b77edfec-6442-4bf4-8031-76cd542021cd: shutdown FollowerState
2019-07-14 11:08:21,804 INFO  impl.RaftServerImpl (RaftServerImpl.java:setRole(171)) - b77edfec-6442-4bf4-8031-76cd542021cd:group-050C8230F976 changes role from FOLLOWER to CANDIDATE at term 0 for changeToCandidate
2019-07-14 11:08:21,804 INFO  impl.RoleInfo (RoleInfo.java:updateAndGet(143)) - b77edfec-6442-4bf4-8031-76cd542021cd: start LeaderElection
2019-07-14 11:08:21,830 INFO  impl.LeaderElection (LeaderElection.java:askForVotes(181)) - b77edfec-6442-4bf4-8031-76cd542021cd:group-050C8230F976:LeaderElection114: begin an election at term 1 for -1: [b77edfec-6442-4bf4-8031-76cd542021cd:192.168.157.209:46003], old=null
2019-07-14 11:08:21,830 INFO  impl.RoleInfo (RoleInfo.java:shutdownLeaderElection(134)) - b77edfec-6442-4bf4-8031-76cd542021cd: shutdown LeaderElection
2019-07-14 11:08:21,830 INFO  impl.RaftServerImpl (RaftServerImpl.java:setRole(171)) - b77edfec-6442-4bf4-8031-76cd542021cd:group-050C8230F976 changes role from CANDIDATE to LEADER at term 1 for changeToLeader
2019-07-14 11:08:21,831 INFO  impl.RaftServerImpl (ServerState.java:setLeader(263)) - b77edfec-6442-4bf4-8031-76cd542021cd:group-050C8230F976 change Leader from null to b77edfec-6442-4bf4-8031-76cd542021cd at term 1 for becomeLeader, leader elected after 5069ms
2019-07-14 11:08:21,833 INFO  server.RaftServerConfigKeys (ConfUtils.java:logGet(43)) - raft.server.staging.catchup.gap = 1000 (default)
2019-07-14 11:08:21,833 INFO  server.RaftServerConfigKeys (ConfUtils.java:logGet(43)) - raft.server.rpc.sleep.time = 25ms (default)
2019-07-14 11:08:21,834 INFO  server.RaftServerConfigKeys (ConfUtils.java:logGet(43)) - raft.server.write.element-limit = 4096 (default)
2019-07-14 11:08:21,834 INFO  server.RaftServerConfigKeys (ConfUtils.java:logGet(43)) - raft.server.watch.timeout = 10s (default)
2019-07-14 11:08:21,834 INFO  server.RaftServerConfigKeys (ConfUtils.java:logGet(43)) - raft.server.watch.timeout.denomination = 1s (default)
2019-07-14 11:08:21,834 INFO  server.RaftServerConfigKeys (ConfUtils.java:logGet(43)) - raft.server.watch.element-limit = 65536 (default)
2019-07-14 11:08:21,834 INFO  impl.RoleInfo (RoleInfo.java:updateAndGet(143)) - b77edfec-6442-4bf4-8031-76cd542021cd: start LeaderState
2019-07-14 11:08:21,835 INFO  segmented.SegmentedRaftLogWorker (SegmentedRaftLogWorker.java:startLogSegment(380)) - b77edfec-6442-4bf4-8031-76cd542021cd-SegmentedRaftLogWorker:Storage Directory /workdir/hadoop-ozone/integration-test/target/test-dir/MiniOzoneClusterImpl-8f5a5b31-577b-4034-9f8b-a6dcc573b209/datanode-3/data/ratis/f7f6cbfe-e801-4d29-845f-050c8230f976: Starting segment from index:0
2019-07-14 11:08:21,835 INFO  impl.RaftServerImpl (ServerState.java:setRaftConf(361)) - b77edfec-6442-4bf4-8031-76cd542021cd:group-050C8230F976 set configuration 0: [b77edfec-6442-4bf4-8031-76cd542021cd:192.168.157.209:46003], old=null at 0
2019-07-14 11:08:21,871 INFO  segmented.SegmentedRaftLogWorker (SegmentedRaftLogWorker.java:execute(569)) - b77edfec-6442-4bf4-8031-76cd542021cd-SegmentedRaftLogWorker:Storage Directory /workdir/hadoop-ozone/integration-test/target/test-dir/MiniOzoneClusterImpl-8f5a5b31-577b-4034-9f8b-a6dcc573b209/datanode-3/data/ratis/f7f6cbfe-e801-4d29-845f-050c8230f976: created new log segment /workdir/hadoop-ozone/integration-test/target/test-dir/MiniOzoneClusterImpl-8f5a5b31-577b-4034-9f8b-a6dcc573b209/datanode-3/data/ratis/f7f6cbfe-e801-4d29-845f-050c8230f976/current/log_inprogress_0
2019-07-14 11:08:21,996 INFO  impl.FollowerState (FollowerState.java:run(106)) - 16fc700d-3ecf-488f-92ee-8c3f3cf2f24e:group-8A772E1F4B1C changes to CANDIDATE, lastRpcTime:5070, electionTimeout:5070ms
2019-07-14 11:08:21,997 INFO  impl.RoleInfo (RoleInfo.java:shutdownFollowerState(121)) - 16fc700d-3ecf-488f-92ee-8c3f3cf2f24e: shutdown FollowerState
2019-07-14 11:08:21,997 INFO  impl.RaftServerImpl (RaftServerImpl.java:setRole(171)) - 16fc700d-3ecf-488f-92ee-8c3f3cf2f24e:group-8A772E1F4B1C changes role from FOLLOWER to CANDIDATE at term 0 for changeToCandidate
2019-07-14 11:08:21,997 INFO  impl.RoleInfo (RoleInfo.java:updateAndGet(143)) - 16fc700d-3ecf-488f-92ee-8c3f3cf2f24e: start LeaderElection
2019-07-14 11:08:22,015 INFO  impl.LeaderElection (LeaderElection.java:askForVotes(181)) - 16fc700d-3ecf-488f-92ee-8c3f3cf2f24e:group-8A772E1F4B1C:LeaderElection115: begin an election at term 1 for -1: [16fc700d-3ecf-488f-92ee-8c3f3cf2f24e:192.168.157.209:43061], old=null
2019-07-14 11:08:22,015 INFO  impl.RoleInfo (RoleInfo.java:shutdownLeaderElection(134)) - 16fc700d-3ecf-488f-92ee-8c3f3cf2f24e: shutdown LeaderElection
2019-07-14 11:08:22,015 INFO  impl.RaftServerImpl (RaftServerImpl.java:setRole(171)) - 16fc700d-3ecf-488f-92ee-8c3f3cf2f24e:group-8A772E1F4B1C changes role from CANDIDATE to LEADER at term 1 for changeToLeader
2019-07-14 11:08:22,016 INFO  impl.RaftServerImpl (ServerState.java:setLeader(263)) - 16fc700d-3ecf-488f-92ee-8c3f3cf2f24e:group-8A772E1F4B1C change Leader from null to 16fc700d-3ecf-488f-92ee-8c3f3cf2f24e at term 1 for becomeLeader, leader elected after 5093ms
2019-07-14 11:08:22,018 INFO  server.RaftServerConfigKeys (ConfUtils.java:logGet(43)) - raft.server.staging.catchup.gap = 1000 (default)
2019-07-14 11:08:22,018 INFO  server.RaftServerConfigKeys (ConfUtils.java:logGet(43)) - raft.server.rpc.sleep.time = 25ms (default)
2019-07-14 11:08:22,019 INFO  server.RaftServerConfigKeys (ConfUtils.java:logGet(43)) - raft.server.write.element-limit = 4096 (default)
2019-07-14 11:08:22,019 INFO  server.RaftServerConfigKeys (ConfUtils.java:logGet(43)) - raft.server.watch.timeout = 10s (default)
2019-07-14 11:08:22,019 INFO  server.RaftServerConfigKeys (ConfUtils.java:logGet(43)) - raft.server.watch.timeout.denomination = 1s (default)
2019-07-14 11:08:22,019 INFO  server.RaftServerConfigKeys (ConfUtils.java:logGet(43)) - raft.server.watch.element-limit = 65536 (default)
2019-07-14 11:08:22,019 INFO  impl.RoleInfo (RoleInfo.java:updateAndGet(143)) - 16fc700d-3ecf-488f-92ee-8c3f3cf2f24e: start LeaderState
2019-07-14 11:08:22,019 INFO  segmented.SegmentedRaftLogWorker (SegmentedRaftLogWorker.java:startLogSegment(380)) - 16fc700d-3ecf-488f-92ee-8c3f3cf2f24e-SegmentedRaftLogWorker:Storage Directory /workdir/hadoop-ozone/integration-test/target/test-dir/MiniOzoneClusterImpl-8f5a5b31-577b-4034-9f8b-a6dcc573b209/datanode-4/data/ratis/b8067ac2-e6b9-497e-999b-8a772e1f4b1c: Starting segment from index:0
2019-07-14 11:08:22,020 INFO  impl.RaftServerImpl (ServerState.java:setRaftConf(361)) - 16fc700d-3ecf-488f-92ee-8c3f3cf2f24e:group-8A772E1F4B1C set configuration 0: [16fc700d-3ecf-488f-92ee-8c3f3cf2f24e:192.168.157.209:43061], old=null at 0
2019-07-14 11:08:22,066 INFO  segmented.SegmentedRaftLogWorker (SegmentedRaftLogWorker.java:execute(569)) - 16fc700d-3ecf-488f-92ee-8c3f3cf2f24e-SegmentedRaftLogWorker:Storage Directory /workdir/hadoop-ozone/integration-test/target/test-dir/MiniOzoneClusterImpl-8f5a5b31-577b-4034-9f8b-a6dcc573b209/datanode-4/data/ratis/b8067ac2-e6b9-497e-999b-8a772e1f4b1c: created new log segment /workdir/hadoop-ozone/integration-test/target/test-dir/MiniOzoneClusterImpl-8f5a5b31-577b-4034-9f8b-a6dcc573b209/datanode-4/data/ratis/b8067ac2-e6b9-497e-999b-8a772e1f4b1c/current/log_inprogress_0
2019-07-14 11:08:22,136 INFO  impl.FollowerState (FollowerState.java:run(106)) - 2070baf0-4025-424a-b0f6-f75017e43d96:group-FCEAA31A3053 changes to CANDIDATE, lastRpcTime:5046, electionTimeout:5046ms
2019-07-14 11:08:22,136 INFO  impl.RoleInfo (RoleInfo.java:shutdownFollowerState(121)) - 2070baf0-4025-424a-b0f6-f75017e43d96: shutdown FollowerState
2019-07-14 11:08:22,136 INFO  impl.RaftServerImpl (RaftServerImpl.java:setRole(171)) - 2070baf0-4025-424a-b0f6-f75017e43d96:group-FCEAA31A3053 changes role from FOLLOWER to CANDIDATE at term 0 for changeToCandidate
2019-07-14 11:08:22,137 INFO  impl.RoleInfo (RoleInfo.java:updateAndGet(143)) - 2070baf0-4025-424a-b0f6-f75017e43d96: start LeaderElection
2019-07-14 11:08:22,179 INFO  impl.LeaderElection (LeaderElection.java:askForVotes(181)) - 2070baf0-4025-424a-b0f6-f75017e43d96:group-FCEAA31A3053:LeaderElection116: begin an election at term 1 for -1: [2070baf0-4025-424a-b0f6-f75017e43d96:192.168.157.209:43550], old=null
2019-07-14 11:08:22,179 INFO  impl.RoleInfo (RoleInfo.java:shutdownLeaderElection(134)) - 2070baf0-4025-424a-b0f6-f75017e43d96: shutdown LeaderElection
2019-07-14 11:08:22,179 INFO  impl.RaftServerImpl (RaftServerImpl.java:setRole(171)) - 2070baf0-4025-424a-b0f6-f75017e43d96:group-FCEAA31A3053 changes role from CANDIDATE to LEADER at term 1 for changeToLeader
2019-07-14 11:08:22,179 INFO  impl.RaftServerImpl (ServerState.java:setLeader(263)) - 2070baf0-4025-424a-b0f6-f75017e43d96:group-FCEAA31A3053 change Leader from null to 2070baf0-4025-424a-b0f6-f75017e43d96 at term 1 for becomeLeader, leader elected after 5093ms
2019-07-14 11:08:22,182 INFO  server.RaftServerConfigKeys (ConfUtils.java:logGet(43)) - raft.server.staging.catchup.gap = 1000 (default)
2019-07-14 11:08:22,182 INFO  server.RaftServerConfigKeys (ConfUtils.java:logGet(43)) - raft.server.rpc.sleep.time = 25ms (default)
2019-07-14 11:08:22,182 INFO  server.RaftServerConfigKeys (ConfUtils.java:logGet(43)) - raft.server.write.element-limit = 4096 (default)
2019-07-14 11:08:22,182 INFO  server.RaftServerConfigKeys (ConfUtils.java:logGet(43)) - raft.server.watch.timeout = 10s (default)
2019-07-14 11:08:22,183 INFO  server.RaftServerConfigKeys (ConfUtils.java:logGet(43)) - raft.server.watch.timeout.denomination = 1s (default)
2019-07-14 11:08:22,183 INFO  server.RaftServerConfigKeys (ConfUtils.java:logGet(43)) - raft.server.watch.element-limit = 65536 (default)
2019-07-14 11:08:22,183 INFO  impl.RoleInfo (RoleInfo.java:updateAndGet(143)) - 2070baf0-4025-424a-b0f6-f75017e43d96: start LeaderState
2019-07-14 11:08:22,183 INFO  segmented.SegmentedRaftLogWorker (SegmentedRaftLogWorker.java:startLogSegment(380)) - 2070baf0-4025-424a-b0f6-f75017e43d96-SegmentedRaftLogWorker:Storage Directory /workdir/hadoop-ozone/integration-test/target/test-dir/MiniOzoneClusterImpl-8f5a5b31-577b-4034-9f8b-a6dcc573b209/datanode-5/data/ratis/236197bb-93e7-446f-a92e-fceaa31a3053: Starting segment from index:0
2019-07-14 11:08:22,184 INFO  impl.RaftServerImpl (ServerState.java:setRaftConf(361)) - 2070baf0-4025-424a-b0f6-f75017e43d96:group-FCEAA31A3053 set configuration 0: [2070baf0-4025-424a-b0f6-f75017e43d96:192.168.157.209:43550], old=null at 0
2019-07-14 11:08:22,217 INFO  segmented.SegmentedRaftLogWorker (SegmentedRaftLogWorker.java:execute(569)) - 2070baf0-4025-424a-b0f6-f75017e43d96-SegmentedRaftLogWorker:Storage Directory /workdir/hadoop-ozone/integration-test/target/test-dir/MiniOzoneClusterImpl-8f5a5b31-577b-4034-9f8b-a6dcc573b209/datanode-5/data/ratis/236197bb-93e7-446f-a92e-fceaa31a3053: created new log segment /workdir/hadoop-ozone/integration-test/target/test-dir/MiniOzoneClusterImpl-8f5a5b31-577b-4034-9f8b-a6dcc573b209/datanode-5/data/ratis/236197bb-93e7-446f-a92e-fceaa31a3053/current/log_inprogress_0
2019-07-14 11:08:22,266 INFO  impl.FollowerState (FollowerState.java:run(106)) - b77edfec-6442-4bf4-8031-76cd542021cd:group-46C6F114FE18 changes to CANDIDATE, lastRpcTime:5104, electionTimeout:5104ms
2019-07-14 11:08:22,266 INFO  impl.RoleInfo (RoleInfo.java:shutdownFollowerState(121)) - b77edfec-6442-4bf4-8031-76cd542021cd: shutdown FollowerState
2019-07-14 11:08:22,266 INFO  impl.RaftServerImpl (RaftServerImpl.java:setRole(171)) - b77edfec-6442-4bf4-8031-76cd542021cd:group-46C6F114FE18 changes role from FOLLOWER to CANDIDATE at term 0 for changeToCandidate
2019-07-14 11:08:22,266 INFO  impl.RoleInfo (RoleInfo.java:updateAndGet(143)) - b77edfec-6442-4bf4-8031-76cd542021cd: start LeaderElection
2019-07-14 11:08:22,294 INFO  impl.FollowerState (FollowerState.java:run(106)) - 2070baf0-4025-424a-b0f6-f75017e43d96:group-46C6F114FE18 changes to CANDIDATE, lastRpcTime:5137, electionTimeout:5137ms
2019-07-14 11:08:22,295 INFO  impl.RoleInfo (RoleInfo.java:shutdownFollowerState(121)) - 2070baf0-4025-424a-b0f6-f75017e43d96: shutdown FollowerState
2019-07-14 11:08:22,295 INFO  impl.RaftServerImpl (RaftServerImpl.java:setRole(171)) - 2070baf0-4025-424a-b0f6-f75017e43d96:group-46C6F114FE18 changes role from FOLLOWER to CANDIDATE at term 0 for changeToCandidate
2019-07-14 11:08:22,295 INFO  impl.RoleInfo (RoleInfo.java:updateAndGet(143)) - 2070baf0-4025-424a-b0f6-f75017e43d96: start LeaderElection
2019-07-14 11:08:22,295 INFO  impl.LeaderElection (LeaderElection.java:askForVotes(181)) - b77edfec-6442-4bf4-8031-76cd542021cd:group-46C6F114FE18:LeaderElection117: begin an election at term 1 for -1: [b77edfec-6442-4bf4-8031-76cd542021cd:192.168.157.209:46003, 2070baf0-4025-424a-b0f6-f75017e43d96:192.168.157.209:43550, 16fc700d-3ecf-488f-92ee-8c3f3cf2f24e:192.168.157.209:43061], old=null
2019-07-14 11:08:22,304 INFO  impl.RaftServerImpl (RaftServerImpl.java:setRole(171)) - 16fc700d-3ecf-488f-92ee-8c3f3cf2f24e:group-46C6F114FE18 changes role from FOLLOWER to FOLLOWER at term 1 for recognizeCandidate:b77edfec-6442-4bf4-8031-76cd542021cd
2019-07-14 11:08:22,304 INFO  impl.RoleInfo (RoleInfo.java:shutdownFollowerState(121)) - 16fc700d-3ecf-488f-92ee-8c3f3cf2f24e: shutdown FollowerState
2019-07-14 11:08:22,305 INFO  impl.RoleInfo (RoleInfo.java:updateAndGet(143)) - 16fc700d-3ecf-488f-92ee-8c3f3cf2f24e: start FollowerState
2019-07-14 11:08:22,305 INFO  impl.FollowerState (FollowerState.java:run(114)) - 16fc700d-3ecf-488f-92ee-8c3f3cf2f24e: FollowerState was interrupted: java.lang.InterruptedException: sleep interrupted
2019-07-14 11:08:22,308 INFO  impl.LeaderElection (LeaderElection.java:askForVotes(181)) - 2070baf0-4025-424a-b0f6-f75017e43d96:group-46C6F114FE18:LeaderElection118: begin an election at term 1 for -1: [b77edfec-6442-4bf4-8031-76cd542021cd:192.168.157.209:46003, 2070baf0-4025-424a-b0f6-f75017e43d96:192.168.157.209:43550, 16fc700d-3ecf-488f-92ee-8c3f3cf2f24e:192.168.157.209:43061], old=null
2019-07-14 11:08:22,323 INFO  impl.LeaderElection (LeaderElection.java:logAndReturn(56)) - b77edfec-6442-4bf4-8031-76cd542021cd:group-46C6F114FE18:LeaderElection117: Election PASSED; received 2 response(s) [b77edfec-6442-4bf4-8031-76cd542021cd<-2070baf0-4025-424a-b0f6-f75017e43d96#0:FAIL-t1, b77edfec-6442-4bf4-8031-76cd542021cd<-16fc700d-3ecf-488f-92ee-8c3f3cf2f24e#0:OK-t1] and 0 exception(s); b77edfec-6442-4bf4-8031-76cd542021cd:t1, leader=null, voted=b77edfec-6442-4bf4-8031-76cd542021cd, raftlog=b77edfec-6442-4bf4-8031-76cd542021cd-SegmentedRaftLog:OPENED:c-1,f-1,i0, conf=-1: [b77edfec-6442-4bf4-8031-76cd542021cd:192.168.157.209:46003, 2070baf0-4025-424a-b0f6-f75017e43d96:192.168.157.209:43550, 16fc700d-3ecf-488f-92ee-8c3f3cf2f24e:192.168.157.209:43061], old=null
2019-07-14 11:08:22,323 INFO  impl.LeaderElection (LeaderElection.java:logAndReturn(56)) - 2070baf0-4025-424a-b0f6-f75017e43d96:group-46C6F114FE18:LeaderElection118: Election REJECTED; received 2 response(s) [2070baf0-4025-424a-b0f6-f75017e43d96<-b77edfec-6442-4bf4-8031-76cd542021cd#0:FAIL-t1, 2070baf0-4025-424a-b0f6-f75017e43d96<-16fc700d-3ecf-488f-92ee-8c3f3cf2f24e#0:FAIL-t1] and 0 exception(s); 2070baf0-4025-424a-b0f6-f75017e43d96:t1, leader=null, voted=2070baf0-4025-424a-b0f6-f75017e43d96, raftlog=2070baf0-4025-424a-b0f6-f75017e43d96-SegmentedRaftLog:OPENED:c-1,f-1,i0, conf=-1: [b77edfec-6442-4bf4-8031-76cd542021cd:192.168.157.209:46003, 2070baf0-4025-424a-b0f6-f75017e43d96:192.168.157.209:43550, 16fc700d-3ecf-488f-92ee-8c3f3cf2f24e:192.168.157.209:43061], old=null
2019-07-14 11:08:22,323 INFO  impl.RoleInfo (RoleInfo.java:shutdownLeaderElection(134)) - b77edfec-6442-4bf4-8031-76cd542021cd: shutdown LeaderElection
2019-07-14 11:08:22,323 INFO  impl.RaftServerImpl (RaftServerImpl.java:setRole(171)) - 2070baf0-4025-424a-b0f6-f75017e43d96:group-46C6F114FE18 changes role from CANDIDATE to FOLLOWER at term 1 for DISCOVERED_A_NEW_TERM
2019-07-14 11:08:22,323 INFO  impl.RaftServerImpl (RaftServerImpl.java:setRole(171)) - b77edfec-6442-4bf4-8031-76cd542021cd:group-46C6F114FE18 changes role from CANDIDATE to LEADER at term 1 for changeToLeader
2019-07-14 11:08:22,323 INFO  impl.RoleInfo (RoleInfo.java:shutdownLeaderElection(134)) - 2070baf0-4025-424a-b0f6-f75017e43d96: shutdown LeaderElection
2019-07-14 11:08:22,324 INFO  impl.RaftServerImpl (ServerState.java:setLeader(263)) - b77edfec-6442-4bf4-8031-76cd542021cd:group-46C6F114FE18 change Leader from null to b77edfec-6442-4bf4-8031-76cd542021cd at term 1 for becomeLeader, leader elected after 5173ms
2019-07-14 11:08:22,324 INFO  impl.RoleInfo (RoleInfo.java:updateAndGet(143)) - 2070baf0-4025-424a-b0f6-f75017e43d96: start FollowerState
2019-07-14 11:08:22,324 INFO  server.RaftServerConfigKeys (ConfUtils.java:logGet(43)) - raft.server.staging.catchup.gap = 1000 (default)
2019-07-14 11:08:22,324 INFO  server.RaftServerConfigKeys (ConfUtils.java:logGet(43)) - raft.server.rpc.sleep.time = 25ms (default)
2019-07-14 11:08:22,324 INFO  server.RaftServerConfigKeys (ConfUtils.java:logGet(43)) - raft.server.write.element-limit = 4096 (default)
2019-07-14 11:08:22,324 INFO  server.RaftServerConfigKeys (ConfUtils.java:logGet(43)) - raft.server.watch.timeout = 10s (default)
2019-07-14 11:08:22,325 INFO  server.RaftServerConfigKeys (ConfUtils.java:logGet(43)) - raft.server.watch.timeout.denomination = 1s (default)
2019-07-14 11:08:22,325 INFO  server.RaftServerConfigKeys (ConfUtils.java:logGet(43)) - raft.server.watch.element-limit = 65536 (default)
2019-07-14 11:08:22,325 INFO  server.RaftServerConfigKeys (ConfUtils.java:logGet(43)) - raft.server.log.appender.snapshot.chunk.size.max = 16MB (=16777216) (default)
2019-07-14 11:08:22,325 INFO  server.RaftServerConfigKeys (ConfUtils.java:logGet(43)) - raft.server.log.appender.buffer.byte-limit = 33554432 (custom)
2019-07-14 11:08:22,325 INFO  server.RaftServerConfigKeys (ConfUtils.java:logGet(43)) - raft.server.log.appender.buffer.element-limit = 1 (custom)
2019-07-14 11:08:22,326 INFO  grpc.GrpcConfigKeys$Server (ConfUtils.java:logGet(43)) - raft.grpc.server.leader.outstanding.appends.max = 128 (default)
2019-07-14 11:08:22,326 INFO  server.RaftServerConfigKeys (ConfUtils.java:logGet(43)) - raft.server.rpc.request.timeout = 3000ms (default)
2019-07-14 11:08:22,326 INFO  server.RaftServerConfigKeys (ConfUtils.java:logGet(43)) - raft.server.log.appender.install.snapshot.enabled = false (custom)
2019-07-14 11:08:22,326 INFO  server.RaftServerConfigKeys (ConfUtils.java:logGet(43)) - raft.server.log.appender.snapshot.chunk.size.max = 16MB (=16777216) (default)
2019-07-14 11:08:22,327 INFO  server.RaftServerConfigKeys (ConfUtils.java:logGet(43)) - raft.server.log.appender.buffer.byte-limit = 33554432 (custom)
2019-07-14 11:08:22,327 INFO  server.RaftServerConfigKeys (ConfUtils.java:logGet(43)) - raft.server.log.appender.buffer.element-limit = 1 (custom)
2019-07-14 11:08:22,327 INFO  grpc.GrpcConfigKeys$Server (ConfUtils.java:logGet(43)) - raft.grpc.server.leader.outstanding.appends.max = 128 (default)
2019-07-14 11:08:22,327 INFO  server.RaftServerConfigKeys (ConfUtils.java:logGet(43)) - raft.server.rpc.request.timeout = 3000ms (default)
2019-07-14 11:08:22,327 INFO  server.RaftServerConfigKeys (ConfUtils.java:logGet(43)) - raft.server.log.appender.install.snapshot.enabled = false (custom)
2019-07-14 11:08:22,328 INFO  impl.RoleInfo (RoleInfo.java:updateAndGet(143)) - b77edfec-6442-4bf4-8031-76cd542021cd: start LeaderState
2019-07-14 11:08:22,328 INFO  segmented.SegmentedRaftLogWorker (SegmentedRaftLogWorker.java:startLogSegment(380)) - b77edfec-6442-4bf4-8031-76cd542021cd-SegmentedRaftLogWorker:Storage Directory /workdir/hadoop-ozone/integration-test/target/test-dir/MiniOzoneClusterImpl-8f5a5b31-577b-4034-9f8b-a6dcc573b209/datanode-3/data/ratis/43b0eba0-d7ba-4344-882c-46c6f114fe18: Starting segment from index:0
2019-07-14 11:08:22,329 INFO  impl.RaftServerImpl (ServerState.java:setRaftConf(361)) - b77edfec-6442-4bf4-8031-76cd542021cd:group-46C6F114FE18 set configuration 0: [b77edfec-6442-4bf4-8031-76cd542021cd:192.168.157.209:46003, 2070baf0-4025-424a-b0f6-f75017e43d96:192.168.157.209:43550, 16fc700d-3ecf-488f-92ee-8c3f3cf2f24e:192.168.157.209:43061], old=null at 0
2019-07-14 11:08:22,330 INFO  impl.RaftServerImpl (ServerState.java:setLeader(263)) - 2070baf0-4025-424a-b0f6-f75017e43d96:group-46C6F114FE18 change Leader from null to b77edfec-6442-4bf4-8031-76cd542021cd at term 1 for appendEntries, leader elected after 5180ms
2019-07-14 11:08:22,360 INFO  impl.RaftServerImpl (ServerState.java:setLeader(263)) - 16fc700d-3ecf-488f-92ee-8c3f3cf2f24e:group-46C6F114FE18 change Leader from null to b77edfec-6442-4bf4-8031-76cd542021cd at term 1 for appendEntries, leader elected after 5210ms
2019-07-14 11:08:22,362 INFO  impl.RaftServerImpl (ServerState.java:setRaftConf(361)) - 2070baf0-4025-424a-b0f6-f75017e43d96:group-46C6F114FE18 set configuration 0: [b77edfec-6442-4bf4-8031-76cd542021cd:192.168.157.209:46003, 2070baf0-4025-424a-b0f6-f75017e43d96:192.168.157.209:43550, 16fc700d-3ecf-488f-92ee-8c3f3cf2f24e:192.168.157.209:43061], old=null at 0
2019-07-14 11:08:22,363 INFO  impl.RaftServerImpl (ServerState.java:setRaftConf(361)) - 16fc700d-3ecf-488f-92ee-8c3f3cf2f24e:group-46C6F114FE18 set configuration 0: [b77edfec-6442-4bf4-8031-76cd542021cd:192.168.157.209:46003, 2070baf0-4025-424a-b0f6-f75017e43d96:192.168.157.209:43550, 16fc700d-3ecf-488f-92ee-8c3f3cf2f24e:192.168.157.209:43061], old=null at 0
2019-07-14 11:08:22,363 INFO  segmented.SegmentedRaftLogWorker (SegmentedRaftLogWorker.java:startLogSegment(380)) - 2070baf0-4025-424a-b0f6-f75017e43d96-SegmentedRaftLogWorker:Storage Directory /workdir/hadoop-ozone/integration-test/target/test-dir/MiniOzoneClusterImpl-8f5a5b31-577b-4034-9f8b-a6dcc573b209/datanode-5/data/ratis/43b0eba0-d7ba-4344-882c-46c6f114fe18: Starting segment from index:0
2019-07-14 11:08:22,363 INFO  segmented.SegmentedRaftLogWorker (SegmentedRaftLogWorker.java:startLogSegment(380)) - 16fc700d-3ecf-488f-92ee-8c3f3cf2f24e-SegmentedRaftLogWorker:Storage Directory /workdir/hadoop-ozone/integration-test/target/test-dir/MiniOzoneClusterImpl-8f5a5b31-577b-4034-9f8b-a6dcc573b209/datanode-4/data/ratis/43b0eba0-d7ba-4344-882c-46c6f114fe18: Starting segment from index:0
2019-07-14 11:08:22,364 INFO  segmented.SegmentedRaftLogWorker (SegmentedRaftLogWorker.java:execute(569)) - b77edfec-6442-4bf4-8031-76cd542021cd-SegmentedRaftLogWorker:Storage Directory /workdir/hadoop-ozone/integration-test/target/test-dir/MiniOzoneClusterImpl-8f5a5b31-577b-4034-9f8b-a6dcc573b209/datanode-3/data/ratis/43b0eba0-d7ba-4344-882c-46c6f114fe18: created new log segment /workdir/hadoop-ozone/integration-test/target/test-dir/MiniOzoneClusterImpl-8f5a5b31-577b-4034-9f8b-a6dcc573b209/datanode-3/data/ratis/43b0eba0-d7ba-4344-882c-46c6f114fe18/current/log_inprogress_0
2019-07-14 11:08:22,388 INFO  segmented.SegmentedRaftLogWorker (SegmentedRaftLogWorker.java:execute(569)) - 16fc700d-3ecf-488f-92ee-8c3f3cf2f24e-SegmentedRaftLogWorker:Storage Directory /workdir/hadoop-ozone/integration-test/target/test-dir/MiniOzoneClusterImpl-8f5a5b31-577b-4034-9f8b-a6dcc573b209/datanode-4/data/ratis/43b0eba0-d7ba-4344-882c-46c6f114fe18: created new log segment /workdir/hadoop-ozone/integration-test/target/test-dir/MiniOzoneClusterImpl-8f5a5b31-577b-4034-9f8b-a6dcc573b209/datanode-4/data/ratis/43b0eba0-d7ba-4344-882c-46c6f114fe18/current/log_inprogress_0
2019-07-14 11:08:22,388 INFO  segmented.SegmentedRaftLogWorker (SegmentedRaftLogWorker.java:execute(569)) - 2070baf0-4025-424a-b0f6-f75017e43d96-SegmentedRaftLogWorker:Storage Directory /workdir/hadoop-ozone/integration-test/target/test-dir/MiniOzoneClusterImpl-8f5a5b31-577b-4034-9f8b-a6dcc573b209/datanode-5/data/ratis/43b0eba0-d7ba-4344-882c-46c6f114fe18: created new log segment /workdir/hadoop-ozone/integration-test/target/test-dir/MiniOzoneClusterImpl-8f5a5b31-577b-4034-9f8b-a6dcc573b209/datanode-5/data/ratis/43b0eba0-d7ba-4344-882c-46c6f114fe18/current/log_inprogress_0
2019-07-14 11:08:22,572 INFO  client.GrpcClientProtocolClient (GrpcClientProtocolClient.java:onNext(255)) - client-8051B16ABFF2->2070baf0-4025-424a-b0f6-f75017e43d96: receive RaftClientReply:client-8051B16ABFF2->2070baf0-4025-424a-b0f6-f75017e43d96@group-46C6F114FE18, cid=235, FAILED org.apache.ratis.protocol.NotLeaderException: Server 2070baf0-4025-424a-b0f6-f75017e43d96 is not the leader (b77edfec-6442-4bf4-8031-76cd542021cd:192.168.157.209:46003). Request must be sent to leader., logIndex=0, commits[2070baf0-4025-424a-b0f6-f75017e43d96:c-1, b77edfec-6442-4bf4-8031-76cd542021cd:c-1, 16fc700d-3ecf-488f-92ee-8c3f3cf2f24e:c-1]
2019-07-14 11:08:22,580 INFO  impl.FollowerState (FollowerState.java:run(106)) - bcd0dc22-e653-4a59-a0ee-c6e2de64864f:group-8B831F80904E changes to CANDIDATE, lastRpcTime:5137, electionTimeout:5137ms
2019-07-14 11:08:22,580 INFO  impl.RoleInfo (RoleInfo.java:shutdownFollowerState(121)) - bcd0dc22-e653-4a59-a0ee-c6e2de64864f: shutdown FollowerState
2019-07-14 11:08:22,580 INFO  impl.RaftServerImpl (RaftServerImpl.java:setRole(171)) - bcd0dc22-e653-4a59-a0ee-c6e2de64864f:group-8B831F80904E changes role from FOLLOWER to CANDIDATE at term 0 for changeToCandidate
2019-07-14 11:08:22,580 INFO  impl.RoleInfo (RoleInfo.java:updateAndGet(143)) - bcd0dc22-e653-4a59-a0ee-c6e2de64864f: start LeaderElection
2019-07-14 11:08:22,606 INFO  impl.LeaderElection (LeaderElection.java:askForVotes(181)) - bcd0dc22-e653-4a59-a0ee-c6e2de64864f:group-8B831F80904E:LeaderElection119: begin an election at term 1 for -1: [bcd0dc22-e653-4a59-a0ee-c6e2de64864f:192.168.157.209:43910], old=null
2019-07-14 11:08:22,606 INFO  impl.RoleInfo (RoleInfo.java:shutdownLeaderElection(134)) - bcd0dc22-e653-4a59-a0ee-c6e2de64864f: shutdown LeaderElection
2019-07-14 11:08:22,606 INFO  impl.RaftServerImpl (RaftServerImpl.java:setRole(171)) - bcd0dc22-e653-4a59-a0ee-c6e2de64864f:group-8B831F80904E changes role from CANDIDATE to LEADER at term 1 for changeToLeader
2019-07-14 11:08:22,606 INFO  impl.RaftServerImpl (ServerState.java:setLeader(263)) - bcd0dc22-e653-4a59-a0ee-c6e2de64864f:group-8B831F80904E change Leader from null to bcd0dc22-e653-4a59-a0ee-c6e2de64864f at term 1 for becomeLeader, leader elected after 5168ms
2019-07-14 11:08:22,609 INFO  server.RaftServerConfigKeys (ConfUtils.java:logGet(43)) - raft.server.staging.catchup.gap = 1000 (default)
2019-07-14 11:08:22,609 INFO  server.RaftServerConfigKeys (ConfUtils.java:logGet(43)) - raft.server.rpc.sleep.time = 25ms (default)
2019-07-14 11:08:22,609 INFO  server.RaftServerConfigKeys (ConfUtils.java:logGet(43)) - raft.server.write.element-limit = 4096 (default)
2019-07-14 11:08:22,609 INFO  server.RaftServerConfigKeys (ConfUtils.java:logGet(43)) - raft.server.watch.timeout = 10s (default)
2019-07-14 11:08:22,609 INFO  server.RaftServerConfigKeys (ConfUtils.java:logGet(43)) - raft.server.watch.timeout.denomination = 1s (default)
2019-07-14 11:08:22,609 INFO  server.RaftServerConfigKeys (ConfUtils.java:logGet(43)) - raft.server.watch.element-limit = 65536 (default)
2019-07-14 11:08:22,610 INFO  impl.RoleInfo (RoleInfo.java:updateAndGet(143)) - bcd0dc22-e653-4a59-a0ee-c6e2de64864f: start LeaderState
2019-07-14 11:08:22,610 INFO  segmented.SegmentedRaftLogWorker (SegmentedRaftLogWorker.java:startLogSegment(380)) - bcd0dc22-e653-4a59-a0ee-c6e2de64864f-SegmentedRaftLogWorker:Storage Directory /workdir/hadoop-ozone/integration-test/target/test-dir/MiniOzoneClusterImpl-8f5a5b31-577b-4034-9f8b-a6dcc573b209/datanode-6/data/ratis/3b0ae63c-6b5a-4c15-b142-8b831f80904e: Starting segment from index:0
2019-07-14 11:08:22,610 INFO  impl.RaftServerImpl (ServerState.java:setRaftConf(361)) - bcd0dc22-e653-4a59-a0ee-c6e2de64864f:group-8B831F80904E set configuration 0: [bcd0dc22-e653-4a59-a0ee-c6e2de64864f:192.168.157.209:43910], old=null at 0
2019-07-14 11:08:22,634 INFO  segmented.SegmentedRaftLogWorker (SegmentedRaftLogWorker.java:execute(569)) - bcd0dc22-e653-4a59-a0ee-c6e2de64864f-SegmentedRaftLogWorker:Storage Directory /workdir/hadoop-ozone/integration-test/target/test-dir/MiniOzoneClusterImpl-8f5a5b31-577b-4034-9f8b-a6dcc573b209/datanode-6/data/ratis/3b0ae63c-6b5a-4c15-b142-8b831f80904e: created new log segment /workdir/hadoop-ozone/integration-test/target/test-dir/MiniOzoneClusterImpl-8f5a5b31-577b-4034-9f8b-a6dcc573b209/datanode-6/data/ratis/3b0ae63c-6b5a-4c15-b142-8b831f80904e/current/log_inprogress_0
2019-07-14 11:08:22,724 INFO  client.GrpcClientProtocolClient (GrpcClientProtocolClient.java:onNext(255)) - client-8051B16ABFF2->b77edfec-6442-4bf4-8031-76cd542021cd: receive RaftClientReply:client-8051B16ABFF2->b77edfec-6442-4bf4-8031-76cd542021cd@group-46C6F114FE18, cid=235, SUCCESS, logIndex=1, commits[b77edfec-6442-4bf4-8031-76cd542021cd:c1, 2070baf0-4025-424a-b0f6-f75017e43d96:c0, 16fc700d-3ecf-488f-92ee-8c3f3cf2f24e:c0]
2019-07-14 11:08:22,753 INFO  client.GrpcClientProtocolClient (GrpcClientProtocolClient.java:onNext(255)) - client-8051B16ABFF2->b77edfec-6442-4bf4-8031-76cd542021cd: receive RaftClientReply:client-8051B16ABFF2->b77edfec-6442-4bf4-8031-76cd542021cd@group-46C6F114FE18, cid=236, SUCCESS, logIndex=3, commits[b77edfec-6442-4bf4-8031-76cd542021cd:c5, 2070baf0-4025-424a-b0f6-f75017e43d96:c2, 16fc700d-3ecf-488f-92ee-8c3f3cf2f24e:c2]
2019-07-14 11:08:22,795 INFO  client.GrpcClientProtocolClient (GrpcClientProtocolClient.java:onNext(255)) - client-8051B16ABFF2->b77edfec-6442-4bf4-8031-76cd542021cd: receive RaftClientReply:client-8051B16ABFF2->b77edfec-6442-4bf4-8031-76cd542021cd@group-46C6F114FE18, cid=237, SUCCESS, logIndex=4, commits[b77edfec-6442-4bf4-8031-76cd542021cd:c12, 2070baf0-4025-424a-b0f6-f75017e43d96:c7, 16fc700d-3ecf-488f-92ee-8c3f3cf2f24e:c7]
2019-07-14 11:08:22,795 INFO  client.GrpcClientProtocolClient (GrpcClientProtocolClient.java:onNext(255)) - client-8051B16ABFF2->b77edfec-6442-4bf4-8031-76cd542021cd: receive RaftClientReply:client-8051B16ABFF2->b77edfec-6442-4bf4-8031-76cd542021cd@group-46C6F114FE18, cid=238, SUCCESS, logIndex=5, commits[b77edfec-6442-4bf4-8031-76cd542021cd:c12, 2070baf0-4025-424a-b0f6-f75017e43d96:c7, 16fc700d-3ecf-488f-92ee-8c3f3cf2f24e:c7]
2019-07-14 11:08:22,796 INFO  client.GrpcClientProtocolClient (GrpcClientProtocolClient.java:onNext(255)) - client-8051B16ABFF2->b77edfec-6442-4bf4-8031-76cd542021cd: receive RaftClientReply:client-8051B16ABFF2->b77edfec-6442-4bf4-8031-76cd542021cd@group-46C6F114FE18, cid=239, SUCCESS, logIndex=6, commits[b77edfec-6442-4bf4-8031-76cd542021cd:c12, 2070baf0-4025-424a-b0f6-f75017e43d96:c7, 16fc700d-3ecf-488f-92ee-8c3f3cf2f24e:c7]
2019-07-14 11:08:22,902 INFO  client.GrpcClientProtocolClient (GrpcClientProtocolClient.java:onNext(255)) - client-8051B16ABFF2->b77edfec-6442-4bf4-8031-76cd542021cd: receive RaftClientReply:client-8051B16ABFF2->b77edfec-6442-4bf4-8031-76cd542021cd@group-46C6F114FE18, cid=240, SUCCESS, logIndex=7, commits[b77edfec-6442-4bf4-8031-76cd542021cd:c12, 2070baf0-4025-424a-b0f6-f75017e43d96:c7, 16fc700d-3ecf-488f-92ee-8c3f3cf2f24e:c7]
2019-07-14 11:08:22,920 INFO  client.GrpcClientProtocolClient (GrpcClientProtocolClient.java:onNext(255)) - client-8051B16ABFF2->b77edfec-6442-4bf4-8031-76cd542021cd: receive RaftClientReply:client-8051B16ABFF2->b77edfec-6442-4bf4-8031-76cd542021cd@group-46C6F114FE18, cid=241, SUCCESS, logIndex=13, commits[b77edfec-6442-4bf4-8031-76cd542021cd:c14, 2070baf0-4025-424a-b0f6-f75017e43d96:c12, 16fc700d-3ecf-488f-92ee-8c3f3cf2f24e:c12]
2019-07-14 11:08:22,921 INFO  client.GrpcClientProtocolClient (GrpcClientProtocolClient.java:onNext(255)) - client-8051B16ABFF2->b77edfec-6442-4bf4-8031-76cd542021cd: receive RaftClientReply:client-8051B16ABFF2->b77edfec-6442-4bf4-8031-76cd542021cd@group-46C6F114FE18, cid=242, SUCCESS, logIndex=14, commits[b77edfec-6442-4bf4-8031-76cd542021cd:c14, 2070baf0-4025-424a-b0f6-f75017e43d96:c12, 16fc700d-3ecf-488f-92ee-8c3f3cf2f24e:c12]
2019-07-14 11:08:22,937 INFO  client.GrpcClientProtocolClient (GrpcClientProtocolClient.java:onNext(255)) - client-8051B16ABFF2->b77edfec-6442-4bf4-8031-76cd542021cd: receive RaftClientReply:client-8051B16ABFF2->b77edfec-6442-4bf4-8031-76cd542021cd@group-46C6F114FE18, cid=243, SUCCESS, logIndex=0, commits[b77edfec-6442-4bf4-8031-76cd542021cd:c16, 2070baf0-4025-424a-b0f6-f75017e43d96:c14, 16fc700d-3ecf-488f-92ee-8c3f3cf2f24e:c14]
2019-07-14 11:08:22,938 INFO  container.CloseContainerEventHandler (CloseContainerEventHandler.java:onMessage(61)) - Close container Event triggered for container : #1
2019-07-14 11:08:22,938 INFO  container.CloseContainerEventHandler (CloseContainerEventHandler.java:onMessage(61)) - Close container Event triggered for container : #1
2019-07-14 11:08:22,939 INFO  container.CloseContainerEventHandler (CloseContainerEventHandler.java:onMessage(61)) - Close container Event triggered for container : #1
2019-07-14 11:08:24,776 INFO  interfaces.Container (KeyValueContainer.java:compactDB(356)) - Container 1 is closed with bcsId 14.
2019-07-14 11:08:24,781 INFO  interfaces.Container (KeyValueContainer.java:compactDB(356)) - Container 1 is closed with bcsId 14.
2019-07-14 11:08:24,793 INFO  interfaces.Container (KeyValueContainer.java:compactDB(356)) - Container 1 is closed with bcsId 14.
11:08:24.940 [grpc-default-executor-12] ERROR DNAudit - user=null | ip=null | op=WRITE_CHUNK {blockData=conID: 1 locID: 102439485275176979 bcsId: 14} | ret=FAILURE
org.apache.hadoop.hdds.scm.container.common.helpers.ContainerNotOpenException: Container 1 in CLOSED state
	at org.apache.hadoop.ozone.container.common.impl.HddsDispatcher.validateContainerCommand(HddsDispatcher.java:408) ~[hadoop-hdds-container-service-0.5.0-SNAPSHOT.jar:?]
	at org.apache.hadoop.ozone.container.common.transport.server.ratis.ContainerStateMachine.startTransaction(ContainerStateMachine.java:272) ~[hadoop-hdds-container-service-0.5.0-SNAPSHOT.jar:?]
	at org.apache.ratis.server.impl.RaftServerImpl.submitClientRequestAsync(RaftServerImpl.java:566) ~[ratis-server-0.4.0-2337318-SNAPSHOT.jar:0.4.0-2337318-SNAPSHOT]
	at org.apache.ratis.server.impl.RaftServerProxy.lambda$submitClientRequestAsync$7(RaftServerProxy.java:333) ~[ratis-server-0.4.0-2337318-SNAPSHOT.jar:0.4.0-2337318-SNAPSHOT]
	at org.apache.ratis.server.impl.RaftServerProxy.lambda$null$5(RaftServerProxy.java:328) ~[ratis-server-0.4.0-2337318-SNAPSHOT.jar:0.4.0-2337318-SNAPSHOT]
	at org.apache.ratis.util.JavaUtils.callAsUnchecked(JavaUtils.java:109) ~[ratis-common-0.4.0-2337318-SNAPSHOT.jar:0.4.0-2337318-SNAPSHOT]
	at org.apache.ratis.server.impl.RaftServerProxy.lambda$submitRequest$6(RaftServerProxy.java:328) ~[ratis-server-0.4.0-2337318-SNAPSHOT.jar:0.4.0-2337318-SNAPSHOT]
	at java.util.concurrent.CompletableFuture.uniComposeStage(CompletableFuture.java:981) ~[?:1.8.0_212]
	at java.util.concurrent.CompletableFuture.thenCompose(CompletableFuture.java:2124) ~[?:1.8.0_212]
	at org.apache.ratis.server.impl.RaftServerProxy.submitRequest(RaftServerProxy.java:327) ~[ratis-server-0.4.0-2337318-SNAPSHOT.jar:0.4.0-2337318-SNAPSHOT]
	at org.apache.ratis.server.impl.RaftServerProxy.submitClientRequestAsync(RaftServerProxy.java:333) ~[ratis-server-0.4.0-2337318-SNAPSHOT.jar:0.4.0-2337318-SNAPSHOT]
	at org.apache.ratis.grpc.client.GrpcClientProtocolService$RequestStreamObserver.processClientRequest(GrpcClientProtocolService.java:220) ~[ratis-grpc-0.4.0-2337318-SNAPSHOT.jar:0.4.0-2337318-SNAPSHOT]
	at org.apache.ratis.grpc.client.GrpcClientProtocolService$OrderedRequestStreamObserver.processClientRequest(GrpcClientProtocolService.java:326) ~[ratis-grpc-0.4.0-2337318-SNAPSHOT.jar:0.4.0-2337318-SNAPSHOT]
	at org.apache.ratis.util.SlidingWindow$Server.processRequestsFromHead(SlidingWindow.java:429) [ratis-common-0.4.0-2337318-SNAPSHOT.jar:0.4.0-2337318-SNAPSHOT]
	at org.apache.ratis.util.SlidingWindow$Server.receivedRequest(SlidingWindow.java:421) [ratis-common-0.4.0-2337318-SNAPSHOT.jar:0.4.0-2337318-SNAPSHOT]
	at org.apache.ratis.grpc.client.GrpcClientProtocolService$OrderedRequestStreamObserver.processClientRequest(GrpcClientProtocolService.java:345) [ratis-grpc-0.4.0-2337318-SNAPSHOT.jar:0.4.0-2337318-SNAPSHOT]
	at org.apache.ratis.grpc.client.GrpcClientProtocolService$RequestStreamObserver.onNext(GrpcClientProtocolService.java:240) [ratis-grpc-0.4.0-2337318-SNAPSHOT.jar:0.4.0-2337318-SNAPSHOT]
	at org.apache.ratis.grpc.client.GrpcClientProtocolService$RequestStreamObserver.onNext(GrpcClientProtocolService.java:168) [ratis-grpc-0.4.0-2337318-SNAPSHOT.jar:0.4.0-2337318-SNAPSHOT]
	at org.apache.ratis.thirdparty.io.grpc.stub.ServerCalls$StreamingServerCallHandler$StreamingServerCallListener.onMessage(ServerCalls.java:248) [ratis-thirdparty-misc-0.2.0.jar:0.2.0]
	at org.apache.ratis.thirdparty.io.grpc.internal.ServerCallImpl$ServerStreamListenerImpl.messagesAvailable(ServerCallImpl.java:263) [ratis-thirdparty-misc-0.2.0.jar:0.2.0]
	at org.apache.ratis.thirdparty.io.grpc.internal.ServerImpl$JumpToApplicationThreadServerStreamListener$1MessagesAvailable.runInContext(ServerImpl.java:686) [ratis-thirdparty-misc-0.2.0.jar:0.2.0]
	at org.apache.ratis.thirdparty.io.grpc.internal.ContextRunnable.run(ContextRunnable.java:37) [ratis-thirdparty-misc-0.2.0.jar:0.2.0]
	at org.apache.ratis.thirdparty.io.grpc.internal.SerializingExecutor.run(SerializingExecutor.java:123) [ratis-thirdparty-misc-0.2.0.jar:0.2.0]
	at java.util.concurrent.ThreadPoolExecutor.runWorker(ThreadPoolExecutor.java:1149) [?:1.8.0_212]
	at java.util.concurrent.ThreadPoolExecutor$Worker.run(ThreadPoolExecutor.java:624) [?:1.8.0_212]
	at java.lang.Thread.run(Thread.java:748) [?:1.8.0_212]
11:08:24.950 [grpc-default-executor-12] ERROR DNAudit - user=null | ip=null | op=WRITE_CHUNK {blockData=conID: 1 locID: 102439485275176979 bcsId: 14} | ret=FAILURE
org.apache.hadoop.hdds.scm.container.common.helpers.ContainerNotOpenException: Container 1 in CLOSED state
	at org.apache.hadoop.ozone.container.common.impl.HddsDispatcher.validateContainerCommand(HddsDispatcher.java:408) ~[hadoop-hdds-container-service-0.5.0-SNAPSHOT.jar:?]
	at org.apache.hadoop.ozone.container.common.transport.server.ratis.ContainerStateMachine.startTransaction(ContainerStateMachine.java:272) ~[hadoop-hdds-container-service-0.5.0-SNAPSHOT.jar:?]
	at org.apache.ratis.server.impl.RaftServerImpl.submitClientRequestAsync(RaftServerImpl.java:566) ~[ratis-server-0.4.0-2337318-SNAPSHOT.jar:0.4.0-2337318-SNAPSHOT]
	at org.apache.ratis.server.impl.RaftServerProxy.lambda$submitClientRequestAsync$7(RaftServerProxy.java:333) ~[ratis-server-0.4.0-2337318-SNAPSHOT.jar:0.4.0-2337318-SNAPSHOT]
	at org.apache.ratis.server.impl.RaftServerProxy.lambda$null$5(RaftServerProxy.java:328) ~[ratis-server-0.4.0-2337318-SNAPSHOT.jar:0.4.0-2337318-SNAPSHOT]
	at org.apache.ratis.util.JavaUtils.callAsUnchecked(JavaUtils.java:109) ~[ratis-common-0.4.0-2337318-SNAPSHOT.jar:0.4.0-2337318-SNAPSHOT]
	at org.apache.ratis.server.impl.RaftServerProxy.lambda$submitRequest$6(RaftServerProxy.java:328) ~[ratis-server-0.4.0-2337318-SNAPSHOT.jar:0.4.0-2337318-SNAPSHOT]
	at java.util.concurrent.CompletableFuture.uniComposeStage(CompletableFuture.java:981) ~[?:1.8.0_212]
	at java.util.concurrent.CompletableFuture.thenCompose(CompletableFuture.java:2124) ~[?:1.8.0_212]
	at org.apache.ratis.server.impl.RaftServerProxy.submitRequest(RaftServerProxy.java:327) ~[ratis-server-0.4.0-2337318-SNAPSHOT.jar:0.4.0-2337318-SNAPSHOT]
	at org.apache.ratis.server.impl.RaftServerProxy.submitClientRequestAsync(RaftServerProxy.java:333) ~[ratis-server-0.4.0-2337318-SNAPSHOT.jar:0.4.0-2337318-SNAPSHOT]
	at org.apache.ratis.grpc.client.GrpcClientProtocolService$RequestStreamObserver.processClientRequest(GrpcClientProtocolService.java:220) ~[ratis-grpc-0.4.0-2337318-SNAPSHOT.jar:0.4.0-2337318-SNAPSHOT]
	at org.apache.ratis.grpc.client.GrpcClientProtocolService$OrderedRequestStreamObserver.processClientRequest(GrpcClientProtocolService.java:326) ~[ratis-grpc-0.4.0-2337318-SNAPSHOT.jar:0.4.0-2337318-SNAPSHOT]
	at org.apache.ratis.util.SlidingWindow$Server.processRequestsFromHead(SlidingWindow.java:429) [ratis-common-0.4.0-2337318-SNAPSHOT.jar:0.4.0-2337318-SNAPSHOT]
	at org.apache.ratis.util.SlidingWindow$Server.receivedRequest(SlidingWindow.java:421) [ratis-common-0.4.0-2337318-SNAPSHOT.jar:0.4.0-2337318-SNAPSHOT]
	at org.apache.ratis.grpc.client.GrpcClientProtocolService$OrderedRequestStreamObserver.processClientRequest(GrpcClientProtocolService.java:345) [ratis-grpc-0.4.0-2337318-SNAPSHOT.jar:0.4.0-2337318-SNAPSHOT]
	at org.apache.ratis.grpc.client.GrpcClientProtocolService$RequestStreamObserver.onNext(GrpcClientProtocolService.java:240) [ratis-grpc-0.4.0-2337318-SNAPSHOT.jar:0.4.0-2337318-SNAPSHOT]
	at org.apache.ratis.grpc.client.GrpcClientProtocolService$RequestStreamObserver.onNext(GrpcClientProtocolService.java:168) [ratis-grpc-0.4.0-2337318-SNAPSHOT.jar:0.4.0-2337318-SNAPSHOT]
	at org.apache.ratis.thirdparty.io.grpc.stub.ServerCalls$StreamingServerCallHandler$StreamingServerCallListener.onMessage(ServerCalls.java:248) [ratis-thirdparty-misc-0.2.0.jar:0.2.0]
	at org.apache.ratis.thirdparty.io.grpc.internal.ServerCallImpl$ServerStreamListenerImpl.messagesAvailable(ServerCallImpl.java:263) [ratis-thirdparty-misc-0.2.0.jar:0.2.0]
	at org.apache.ratis.thirdparty.io.grpc.internal.ServerImpl$JumpToApplicationThreadServerStreamListener$1MessagesAvailable.runInContext(ServerImpl.java:686) [ratis-thirdparty-misc-0.2.0.jar:0.2.0]
	at org.apache.ratis.thirdparty.io.grpc.internal.ContextRunnable.run(ContextRunnable.java:37) [ratis-thirdparty-misc-0.2.0.jar:0.2.0]
	at org.apache.ratis.thirdparty.io.grpc.internal.SerializingExecutor.run(SerializingExecutor.java:123) [ratis-thirdparty-misc-0.2.0.jar:0.2.0]
	at java.util.concurrent.ThreadPoolExecutor.runWorker(ThreadPoolExecutor.java:1149) [?:1.8.0_212]
	at java.util.concurrent.ThreadPoolExecutor$Worker.run(ThreadPoolExecutor.java:624) [?:1.8.0_212]
	at java.lang.Thread.run(Thread.java:748) [?:1.8.0_212]
2019-07-14 11:08:24,952 INFO  client.GrpcClientProtocolClient (GrpcClientProtocolClient.java:onNext(255)) - client-8051B16ABFF2->b77edfec-6442-4bf4-8031-76cd542021cd: receive RaftClientReply:client-8051B16ABFF2->b77edfec-6442-4bf4-8031-76cd542021cd@group-46C6F114FE18, cid=244, FAILED org.apache.ratis.protocol.StateMachineException: org.apache.hadoop.hdds.scm.container.common.helpers.ContainerNotOpenException from Server b77edfec-6442-4bf4-8031-76cd542021cd: Container 1 in CLOSED state, logIndex=0, commits[b77edfec-6442-4bf4-8031-76cd542021cd:c18, 2070baf0-4025-424a-b0f6-f75017e43d96:c17, 16fc700d-3ecf-488f-92ee-8c3f3cf2f24e:c17]
2019-07-14 11:08:24,960 INFO  client.GrpcClientProtocolClient (GrpcClientProtocolClient.java:onNext(255)) - client-8051B16ABFF2->b77edfec-6442-4bf4-8031-76cd542021cd: receive RaftClientReply:client-8051B16ABFF2->b77edfec-6442-4bf4-8031-76cd542021cd@group-46C6F114FE18, cid=245, FAILED org.apache.ratis.protocol.StateMachineException: org.apache.hadoop.hdds.scm.container.common.helpers.ContainerNotOpenException from Server b77edfec-6442-4bf4-8031-76cd542021cd: Container 1 in CLOSED state, logIndex=0, commits[b77edfec-6442-4bf4-8031-76cd542021cd:c18, 2070baf0-4025-424a-b0f6-f75017e43d96:c17, 16fc700d-3ecf-488f-92ee-8c3f3cf2f24e:c17]
11:08:24.959 [grpc-default-executor-12] ERROR DNAudit - user=null | ip=null | op=PUT_BLOCK {blockData=[blockId=conID: 1 locID: 102439485275176979 bcsId: 0,size=650]} | ret=FAILURE
org.apache.hadoop.hdds.scm.container.common.helpers.ContainerNotOpenException: Container 1 in CLOSED state
	at org.apache.hadoop.ozone.container.common.impl.HddsDispatcher.validateContainerCommand(HddsDispatcher.java:408) ~[hadoop-hdds-container-service-0.5.0-SNAPSHOT.jar:?]
	at org.apache.hadoop.ozone.container.common.transport.server.ratis.ContainerStateMachine.startTransaction(ContainerStateMachine.java:272) ~[hadoop-hdds-container-service-0.5.0-SNAPSHOT.jar:?]
	at org.apache.ratis.server.impl.RaftServerImpl.submitClientRequestAsync(RaftServerImpl.java:566) ~[ratis-server-0.4.0-2337318-SNAPSHOT.jar:0.4.0-2337318-SNAPSHOT]
	at org.apache.ratis.server.impl.RaftServerProxy.lambda$submitClientRequestAsync$7(RaftServerProxy.java:333) ~[ratis-server-0.4.0-2337318-SNAPSHOT.jar:0.4.0-2337318-SNAPSHOT]
	at org.apache.ratis.server.impl.RaftServerProxy.lambda$null$5(RaftServerProxy.java:328) ~[ratis-server-0.4.0-2337318-SNAPSHOT.jar:0.4.0-2337318-SNAPSHOT]
	at org.apache.ratis.util.JavaUtils.callAsUnchecked(JavaUtils.java:109) ~[ratis-common-0.4.0-2337318-SNAPSHOT.jar:0.4.0-2337318-SNAPSHOT]
	at org.apache.ratis.server.impl.RaftServerProxy.lambda$submitRequest$6(RaftServerProxy.java:328) ~[ratis-server-0.4.0-2337318-SNAPSHOT.jar:0.4.0-2337318-SNAPSHOT]
	at java.util.concurrent.CompletableFuture.uniComposeStage(CompletableFuture.java:981) ~[?:1.8.0_212]
	at java.util.concurrent.CompletableFuture.thenCompose(CompletableFuture.java:2124) ~[?:1.8.0_212]
	at org.apache.ratis.server.impl.RaftServerProxy.submitRequest(RaftServerProxy.java:327) ~[ratis-server-0.4.0-2337318-SNAPSHOT.jar:0.4.0-2337318-SNAPSHOT]
	at org.apache.ratis.server.impl.RaftServerProxy.submitClientRequestAsync(RaftServerProxy.java:333) ~[ratis-server-0.4.0-2337318-SNAPSHOT.jar:0.4.0-2337318-SNAPSHOT]
	at org.apache.ratis.grpc.client.GrpcClientProtocolService$RequestStreamObserver.processClientRequest(GrpcClientProtocolService.java:220) ~[ratis-grpc-0.4.0-2337318-SNAPSHOT.jar:0.4.0-2337318-SNAPSHOT]
	at org.apache.ratis.grpc.client.GrpcClientProtocolService$OrderedRequestStreamObserver.processClientRequest(GrpcClientProtocolService.java:326) ~[ratis-grpc-0.4.0-2337318-SNAPSHOT.jar:0.4.0-2337318-SNAPSHOT]
	at org.apache.ratis.util.SlidingWindow$Server.processRequestsFromHead(SlidingWindow.java:429) [ratis-common-0.4.0-2337318-SNAPSHOT.jar:0.4.0-2337318-SNAPSHOT]
	at org.apache.ratis.util.SlidingWindow$Server.receivedRequest(SlidingWindow.java:421) [ratis-common-0.4.0-2337318-SNAPSHOT.jar:0.4.0-2337318-SNAPSHOT]
	at org.apache.ratis.grpc.client.GrpcClientProtocolService$OrderedRequestStreamObserver.processClientRequest(GrpcClientProtocolService.java:345) [ratis-grpc-0.4.0-2337318-SNAPSHOT.jar:0.4.0-2337318-SNAPSHOT]
	at org.apache.ratis.grpc.client.GrpcClientProtocolService$RequestStreamObserver.onNext(GrpcClientProtocolService.java:240) [ratis-grpc-0.4.0-2337318-SNAPSHOT.jar:0.4.0-2337318-SNAPSHOT]
	at org.apache.ratis.grpc.client.GrpcClientProtocolService$RequestStreamObserver.onNext(GrpcClientProtocolService.java:168) [ratis-grpc-0.4.0-2337318-SNAPSHOT.jar:0.4.0-2337318-SNAPSHOT]
	at org.apache.ratis.thirdparty.io.grpc.stub.ServerCalls$StreamingServerCallHandler$StreamingServerCallListener.onMessage(ServerCalls.java:248) [ratis-thirdparty-misc-0.2.0.jar:0.2.0]
	at org.apache.ratis.thirdparty.io.grpc.internal.ServerCallImpl$ServerStreamListenerImpl.messagesAvailable(ServerCallImpl.java:263) [ratis-thirdparty-misc-0.2.0.jar:0.2.0]
	at org.apache.ratis.thirdparty.io.grpc.internal.ServerImpl$JumpToApplicationThreadServerStreamListener$1MessagesAvailable.runInContext(ServerImpl.java:686) [ratis-thirdparty-misc-0.2.0.jar:0.2.0]
	at org.apache.ratis.thirdparty.io.grpc.internal.ContextRunnable.run(ContextRunnable.java:37) [ratis-thirdparty-misc-0.2.0.jar:0.2.0]
	at org.apache.ratis.thirdparty.io.grpc.internal.SerializingExecutor.run(SerializingExecutor.java:123) [ratis-thirdparty-misc-0.2.0.jar:0.2.0]
	at java.util.concurrent.ThreadPoolExecutor.runWorker(ThreadPoolExecutor.java:1149) [?:1.8.0_212]
	at java.util.concurrent.ThreadPoolExecutor$Worker.run(ThreadPoolExecutor.java:624) [?:1.8.0_212]
	at java.lang.Thread.run(Thread.java:748) [?:1.8.0_212]
11:08:24.967 [grpc-default-executor-12] ERROR DNAudit - user=null | ip=null | op=WRITE_CHUNK {blockData=conID: 1 locID: 102439485275176979 bcsId: 14} | ret=FAILURE
org.apache.hadoop.hdds.scm.container.common.helpers.ContainerNotOpenException: Container 1 in CLOSED state
	at org.apache.hadoop.ozone.container.common.impl.HddsDispatcher.validateContainerCommand(HddsDispatcher.java:408) ~[hadoop-hdds-container-service-0.5.0-SNAPSHOT.jar:?]
	at org.apache.hadoop.ozone.container.common.transport.server.ratis.ContainerStateMachine.startTransaction(ContainerStateMachine.java:272) ~[hadoop-hdds-container-service-0.5.0-SNAPSHOT.jar:?]
	at org.apache.ratis.server.impl.RaftServerImpl.submitClientRequestAsync(RaftServerImpl.java:566) ~[ratis-server-0.4.0-2337318-SNAPSHOT.jar:0.4.0-2337318-SNAPSHOT]
	at org.apache.ratis.server.impl.RaftServerProxy.lambda$submitClientRequestAsync$7(RaftServerProxy.java:333) ~[ratis-server-0.4.0-2337318-SNAPSHOT.jar:0.4.0-2337318-SNAPSHOT]
	at org.apache.ratis.server.impl.RaftServerProxy.lambda$null$5(RaftServerProxy.java:328) ~[ratis-server-0.4.0-2337318-SNAPSHOT.jar:0.4.0-2337318-SNAPSHOT]
	at org.apache.ratis.util.JavaUtils.callAsUnchecked(JavaUtils.java:109) ~[ratis-common-0.4.0-2337318-SNAPSHOT.jar:0.4.0-2337318-SNAPSHOT]
	at org.apache.ratis.server.impl.RaftServerProxy.lambda$submitRequest$6(RaftServerProxy.java:328) ~[ratis-server-0.4.0-2337318-SNAPSHOT.jar:0.4.0-2337318-SNAPSHOT]
	at java.util.concurrent.CompletableFuture.uniComposeStage(CompletableFuture.java:981) ~[?:1.8.0_212]
	at java.util.concurrent.CompletableFuture.thenCompose(CompletableFuture.java:2124) ~[?:1.8.0_212]
	at org.apache.ratis.server.impl.RaftServerProxy.submitRequest(RaftServerProxy.java:327) ~[ratis-server-0.4.0-2337318-SNAPSHOT.jar:0.4.0-2337318-SNAPSHOT]
	at org.apache.ratis.server.impl.RaftServerProxy.submitClientRequestAsync(RaftServerProxy.java:333) ~[ratis-server-0.4.0-2337318-SNAPSHOT.jar:0.4.0-2337318-SNAPSHOT]
	at org.apache.ratis.grpc.client.GrpcClientProtocolService$RequestStreamObserver.processClientRequest(GrpcClientProtocolService.java:220) ~[ratis-grpc-0.4.0-2337318-SNAPSHOT.jar:0.4.0-2337318-SNAPSHOT]
	at org.apache.ratis.grpc.client.GrpcClientProtocolService$OrderedRequestStreamObserver.processClientRequest(GrpcClientProtocolService.java:326) ~[ratis-grpc-0.4.0-2337318-SNAPSHOT.jar:0.4.0-2337318-SNAPSHOT]
	at org.apache.ratis.util.SlidingWindow$Server.processRequestsFromHead(SlidingWindow.java:429) [ratis-common-0.4.0-2337318-SNAPSHOT.jar:0.4.0-2337318-SNAPSHOT]
	at org.apache.ratis.util.SlidingWindow$Server.receivedRequest(SlidingWindow.java:421) [ratis-common-0.4.0-2337318-SNAPSHOT.jar:0.4.0-2337318-SNAPSHOT]
	at org.apache.ratis.grpc.client.GrpcClientProtocolService$OrderedRequestStreamObserver.processClientRequest(GrpcClientProtocolService.java:345) [ratis-grpc-0.4.0-2337318-SNAPSHOT.jar:0.4.0-2337318-SNAPSHOT]
	at org.apache.ratis.grpc.client.GrpcClientProtocolService$RequestStreamObserver.onNext(GrpcClientProtocolService.java:240) [ratis-grpc-0.4.0-2337318-SNAPSHOT.jar:0.4.0-2337318-SNAPSHOT]
	at org.apache.ratis.grpc.client.GrpcClientProtocolService$RequestStreamObserver.onNext(GrpcClientProtocolService.java:168) [ratis-grpc-0.4.0-2337318-SNAPSHOT.jar:0.4.0-2337318-SNAPSHOT]
	at org.apache.ratis.thirdparty.io.grpc.stub.ServerCalls$StreamingServerCallHandler$StreamingServerCallListener.onMessage(ServerCalls.java:248) [ratis-thirdparty-misc-0.2.0.jar:0.2.0]
	at org.apache.ratis.thirdparty.io.grpc.internal.ServerCallImpl$ServerStreamListenerImpl.messagesAvailable(ServerCallImpl.java:263) [ratis-thirdparty-misc-0.2.0.jar:0.2.0]
	at org.apache.ratis.thirdparty.io.grpc.internal.ServerImpl$JumpToApplicationThreadServerStreamListener$1MessagesAvailable.runInContext(ServerImpl.java:686) [ratis-thirdparty-misc-0.2.0.jar:0.2.0]
	at org.apache.ratis.thirdparty.io.grpc.internal.ContextRunnable.run(ContextRunnable.java:37) [ratis-thirdparty-misc-0.2.0.jar:0.2.0]
	at org.apache.ratis.thirdparty.io.grpc.internal.SerializingExecutor.run(SerializingExecutor.java:123) [ratis-thirdparty-misc-0.2.0.jar:0.2.0]
	at java.util.concurrent.ThreadPoolExecutor.runWorker(ThreadPoolExecutor.java:1149) [?:1.8.0_212]
	at java.util.concurrent.ThreadPoolExecutor$Worker.run(ThreadPoolExecutor.java:624) [?:1.8.0_212]
	at java.lang.Thread.run(Thread.java:748) [?:1.8.0_212]
2019-07-14 11:08:24,968 INFO  client.GrpcClientProtocolClient (GrpcClientProtocolClient.java:onNext(255)) - client-8051B16ABFF2->b77edfec-6442-4bf4-8031-76cd542021cd: receive RaftClientReply:client-8051B16ABFF2->b77edfec-6442-4bf4-8031-76cd542021cd@group-46C6F114FE18, cid=246, FAILED org.apache.ratis.protocol.StateMachineException: org.apache.hadoop.hdds.scm.container.common.helpers.ContainerNotOpenException from Server b77edfec-6442-4bf4-8031-76cd542021cd: Container 1 in CLOSED state, logIndex=0, commits[b77edfec-6442-4bf4-8031-76cd542021cd:c18, 2070baf0-4025-424a-b0f6-f75017e43d96:c17, 16fc700d-3ecf-488f-92ee-8c3f3cf2f24e:c17]
11:08:24.975 [grpc-default-executor-11] ERROR DNAudit - user=null | ip=null | op=WRITE_CHUNK {blockData=conID: 1 locID: 102439485275176979 bcsId: 14} | ret=FAILURE
org.apache.hadoop.hdds.scm.container.common.helpers.ContainerNotOpenException: Container 1 in CLOSED state
	at org.apache.hadoop.ozone.container.common.impl.HddsDispatcher.validateContainerCommand(HddsDispatcher.java:408) ~[hadoop-hdds-container-service-0.5.0-SNAPSHOT.jar:?]
	at org.apache.hadoop.ozone.container.common.transport.server.ratis.ContainerStateMachine.startTransaction(ContainerStateMachine.java:272) ~[hadoop-hdds-container-service-0.5.0-SNAPSHOT.jar:?]
	at org.apache.ratis.server.impl.RaftServerImpl.submitClientRequestAsync(RaftServerImpl.java:566) ~[ratis-server-0.4.0-2337318-SNAPSHOT.jar:0.4.0-2337318-SNAPSHOT]
	at org.apache.ratis.server.impl.RaftServerProxy.lambda$submitClientRequestAsync$7(RaftServerProxy.java:333) ~[ratis-server-0.4.0-2337318-SNAPSHOT.jar:0.4.0-2337318-SNAPSHOT]
	at org.apache.ratis.server.impl.RaftServerProxy.lambda$null$5(RaftServerProxy.java:328) ~[ratis-server-0.4.0-2337318-SNAPSHOT.jar:0.4.0-2337318-SNAPSHOT]
	at org.apache.ratis.util.JavaUtils.callAsUnchecked(JavaUtils.java:109) ~[ratis-common-0.4.0-2337318-SNAPSHOT.jar:0.4.0-2337318-SNAPSHOT]
	at org.apache.ratis.server.impl.RaftServerProxy.lambda$submitRequest$6(RaftServerProxy.java:328) ~[ratis-server-0.4.0-2337318-SNAPSHOT.jar:0.4.0-2337318-SNAPSHOT]
	at java.util.concurrent.CompletableFuture.uniComposeStage(CompletableFuture.java:981) ~[?:1.8.0_212]
	at java.util.concurrent.CompletableFuture.thenCompose(CompletableFuture.java:2124) ~[?:1.8.0_212]
	at org.apache.ratis.server.impl.RaftServerProxy.submitRequest(RaftServerProxy.java:327) ~[ratis-server-0.4.0-2337318-SNAPSHOT.jar:0.4.0-2337318-SNAPSHOT]
	at org.apache.ratis.server.impl.RaftServerProxy.submitClientRequestAsync(RaftServerProxy.java:333) ~[ratis-server-0.4.0-2337318-SNAPSHOT.jar:0.4.0-2337318-SNAPSHOT]
	at org.apache.ratis.grpc.client.GrpcClientProtocolService$RequestStreamObserver.processClientRequest(GrpcClientProtocolService.java:220) ~[ratis-grpc-0.4.0-2337318-SNAPSHOT.jar:0.4.0-2337318-SNAPSHOT]
	at org.apache.ratis.grpc.client.GrpcClientProtocolService$OrderedRequestStreamObserver.processClientRequest(GrpcClientProtocolService.java:326) ~[ratis-grpc-0.4.0-2337318-SNAPSHOT.jar:0.4.0-2337318-SNAPSHOT]
	at org.apache.ratis.util.SlidingWindow$Server.processRequestsFromHead(SlidingWindow.java:429) [ratis-common-0.4.0-2337318-SNAPSHOT.jar:0.4.0-2337318-SNAPSHOT]
	at org.apache.ratis.util.SlidingWindow$Server.receivedRequest(SlidingWindow.java:421) [ratis-common-0.4.0-2337318-SNAPSHOT.jar:0.4.0-2337318-SNAPSHOT]
	at org.apache.ratis.grpc.client.GrpcClientProtocolService$OrderedRequestStreamObserver.processClientRequest(GrpcClientProtocolService.java:345) [ratis-grpc-0.4.0-2337318-SNAPSHOT.jar:0.4.0-2337318-SNAPSHOT]
	at org.apache.ratis.grpc.client.GrpcClientProtocolService$RequestStreamObserver.onNext(GrpcClientProtocolService.java:240) [ratis-grpc-0.4.0-2337318-SNAPSHOT.jar:0.4.0-2337318-SNAPSHOT]
	at org.apache.ratis.grpc.client.GrpcClientProtocolService$RequestStreamObserver.onNext(GrpcClientProtocolService.java:168) [ratis-grpc-0.4.0-2337318-SNAPSHOT.jar:0.4.0-2337318-SNAPSHOT]
	at org.apache.ratis.thirdparty.io.grpc.stub.ServerCalls$StreamingServerCallHandler$StreamingServerCallListener.onMessage(ServerCalls.java:248) [ratis-thirdparty-misc-0.2.0.jar:0.2.0]
	at org.apache.ratis.thirdparty.io.grpc.internal.ServerCallImpl$ServerStreamListenerImpl.messagesAvailable(ServerCallImpl.java:263) [ratis-thirdparty-misc-0.2.0.jar:0.2.0]
	at org.apache.ratis.thirdparty.io.grpc.internal.ServerImpl$JumpToApplicationThreadServerStreamListener$1MessagesAvailable.runInContext(ServerImpl.java:686) [ratis-thirdparty-misc-0.2.0.jar:0.2.0]
	at org.apache.ratis.thirdparty.io.grpc.internal.ContextRunnable.run(ContextRunnable.java:37) [ratis-thirdparty-misc-0.2.0.jar:0.2.0]
	at org.apache.ratis.thirdparty.io.grpc.internal.SerializingExecutor.run(SerializingExecutor.java:123) [ratis-thirdparty-misc-0.2.0.jar:0.2.0]
	at java.util.concurrent.ThreadPoolExecutor.runWorker(ThreadPoolExecutor.java:1149) [?:1.8.0_212]
	at java.util.concurrent.ThreadPoolExecutor$Worker.run(ThreadPoolExecutor.java:624) [?:1.8.0_212]
	at java.lang.Thread.run(Thread.java:748) [?:1.8.0_212]
2019-07-14 11:08:24,976 INFO  client.GrpcClientProtocolClient (GrpcClientProtocolClient.java:onNext(255)) - client-8051B16ABFF2->b77edfec-6442-4bf4-8031-76cd542021cd: receive RaftClientReply:client-8051B16ABFF2->b77edfec-6442-4bf4-8031-76cd542021cd@group-46C6F114FE18, cid=247, FAILED org.apache.ratis.protocol.StateMachineException: org.apache.hadoop.hdds.scm.container.common.helpers.ContainerNotOpenException from Server b77edfec-6442-4bf4-8031-76cd542021cd: Container 1 in CLOSED state, logIndex=0, commits[b77edfec-6442-4bf4-8031-76cd542021cd:c18, 2070baf0-4025-424a-b0f6-f75017e43d96:c17, 16fc700d-3ecf-488f-92ee-8c3f3cf2f24e:c17]
11:08:24.983 [grpc-default-executor-12] ERROR DNAudit - user=null | ip=null | op=PUT_BLOCK {blockData=[blockId=conID: 1 locID: 102439485275176979 bcsId: 0,size=800]} | ret=FAILURE
org.apache.hadoop.hdds.scm.container.common.helpers.ContainerNotOpenException: Container 1 in CLOSED state
	at org.apache.hadoop.ozone.container.common.impl.HddsDispatcher.validateContainerCommand(HddsDispatcher.java:408) ~[hadoop-hdds-container-service-0.5.0-SNAPSHOT.jar:?]
	at org.apache.hadoop.ozone.container.common.transport.server.ratis.ContainerStateMachine.startTransaction(ContainerStateMachine.java:272) ~[hadoop-hdds-container-service-0.5.0-SNAPSHOT.jar:?]
	at org.apache.ratis.server.impl.RaftServerImpl.submitClientRequestAsync(RaftServerImpl.java:566) ~[ratis-server-0.4.0-2337318-SNAPSHOT.jar:0.4.0-2337318-SNAPSHOT]
	at org.apache.ratis.server.impl.RaftServerProxy.lambda$submitClientRequestAsync$7(RaftServerProxy.java:333) ~[ratis-server-0.4.0-2337318-SNAPSHOT.jar:0.4.0-2337318-SNAPSHOT]
	at org.apache.ratis.server.impl.RaftServerProxy.lambda$null$5(RaftServerProxy.java:328) ~[ratis-server-0.4.0-2337318-SNAPSHOT.jar:0.4.0-2337318-SNAPSHOT]
	at org.apache.ratis.util.JavaUtils.callAsUnchecked(JavaUtils.java:109) ~[ratis-common-0.4.0-2337318-SNAPSHOT.jar:0.4.0-2337318-SNAPSHOT]
	at org.apache.ratis.server.impl.RaftServerProxy.lambda$submitRequest$6(RaftServerProxy.java:328) ~[ratis-server-0.4.0-2337318-SNAPSHOT.jar:0.4.0-2337318-SNAPSHOT]
	at java.util.concurrent.CompletableFuture.uniComposeStage(CompletableFuture.java:981) ~[?:1.8.0_212]
	at java.util.concurrent.CompletableFuture.thenCompose(CompletableFuture.java:2124) ~[?:1.8.0_212]
	at org.apache.ratis.server.impl.RaftServerProxy.submitRequest(RaftServerProxy.java:327) ~[ratis-server-0.4.0-2337318-SNAPSHOT.jar:0.4.0-2337318-SNAPSHOT]
	at org.apache.ratis.server.impl.RaftServerProxy.submitClientRequestAsync(RaftServerProxy.java:333) ~[ratis-server-0.4.0-2337318-SNAPSHOT.jar:0.4.0-2337318-SNAPSHOT]
	at org.apache.ratis.grpc.client.GrpcClientProtocolService$RequestStreamObserver.processClientRequest(GrpcClientProtocolService.java:220) ~[ratis-grpc-0.4.0-2337318-SNAPSHOT.jar:0.4.0-2337318-SNAPSHOT]
	at org.apache.ratis.grpc.client.GrpcClientProtocolService$OrderedRequestStreamObserver.processClientRequest(GrpcClientProtocolService.java:326) ~[ratis-grpc-0.4.0-2337318-SNAPSHOT.jar:0.4.0-2337318-SNAPSHOT]
	at org.apache.ratis.util.SlidingWindow$Server.processRequestsFromHead(SlidingWindow.java:429) [ratis-common-0.4.0-2337318-SNAPSHOT.jar:0.4.0-2337318-SNAPSHOT]
	at org.apache.ratis.util.SlidingWindow$Server.receivedRequest(SlidingWindow.java:421) [ratis-common-0.4.0-2337318-SNAPSHOT.jar:0.4.0-2337318-SNAPSHOT]
	at org.apache.ratis.grpc.client.GrpcClientProtocolService$OrderedRequestStreamObserver.processClientRequest(GrpcClientProtocolService.java:345) [ratis-grpc-0.4.0-2337318-SNAPSHOT.jar:0.4.0-2337318-SNAPSHOT]
	at org.apache.ratis.grpc.client.GrpcClientProtocolService$RequestStreamObserver.onNext(GrpcClientProtocolService.java:240) [ratis-grpc-0.4.0-2337318-SNAPSHOT.jar:0.4.0-2337318-SNAPSHOT]
	at org.apache.ratis.grpc.client.GrpcClientProtocolService$RequestStreamObserver.onNext(GrpcClientProtocolService.java:168) [ratis-grpc-0.4.0-2337318-SNAPSHOT.jar:0.4.0-2337318-SNAPSHOT]
	at org.apache.ratis.thirdparty.io.grpc.stub.ServerCalls$StreamingServerCallHandler$StreamingServerCallListener.onMessage(ServerCalls.java:248) [ratis-thirdparty-misc-0.2.0.jar:0.2.0]
	at org.apache.ratis.thirdparty.io.grpc.internal.ServerCallImpl$ServerStreamListenerImpl.messagesAvailable(ServerCallImpl.java:263) [ratis-thirdparty-misc-0.2.0.jar:0.2.0]
	at org.apache.ratis.thirdparty.io.grpc.internal.ServerImpl$JumpToApplicationThreadServerStreamListener$1MessagesAvailable.runInContext(ServerImpl.java:686) [ratis-thirdparty-misc-0.2.0.jar:0.2.0]
	at org.apache.ratis.thirdparty.io.grpc.internal.ContextRunnable.run(ContextRunnable.java:37) [ratis-thirdparty-misc-0.2.0.jar:0.2.0]
	at org.apache.ratis.thirdparty.io.grpc.internal.SerializingExecutor.run(SerializingExecutor.java:123) [ratis-thirdparty-misc-0.2.0.jar:0.2.0]
	at java.util.concurrent.ThreadPoolExecutor.runWorker(ThreadPoolExecutor.java:1149) [?:1.8.0_212]
	at java.util.concurrent.ThreadPoolExecutor$Worker.run(ThreadPoolExecutor.java:624) [?:1.8.0_212]
	at java.lang.Thread.run(Thread.java:748) [?:1.8.0_212]
2019-07-14 11:08:24,983 INFO  client.GrpcClientProtocolClient (GrpcClientProtocolClient.java:onNext(255)) - client-8051B16ABFF2->b77edfec-6442-4bf4-8031-76cd542021cd: receive RaftClientReply:client-8051B16ABFF2->b77edfec-6442-4bf4-8031-76cd542021cd@group-46C6F114FE18, cid=248, FAILED org.apache.ratis.protocol.StateMachineException: org.apache.hadoop.hdds.scm.container.common.helpers.ContainerNotOpenException from Server b77edfec-6442-4bf4-8031-76cd542021cd: Container 1 in CLOSED state, logIndex=0, commits[b77edfec-6442-4bf4-8031-76cd542021cd:c18, 2070baf0-4025-424a-b0f6-f75017e43d96:c17, 16fc700d-3ecf-488f-92ee-8c3f3cf2f24e:c17]
2019-07-14 11:08:24,991 INFO  client.GrpcClientProtocolClient (GrpcClientProtocolClient.java:onNext(255)) - client-8051B16ABFF2->b77edfec-6442-4bf4-8031-76cd542021cd: receive RaftClientReply:client-8051B16ABFF2->b77edfec-6442-4bf4-8031-76cd542021cd@group-46C6F114FE18, cid=249, FAILED org.apache.ratis.protocol.StateMachineException: org.apache.hadoop.hdds.scm.container.common.helpers.ContainerNotOpenException from Server b77edfec-6442-4bf4-8031-76cd542021cd: Container 1 in CLOSED state, logIndex=0, commits[b77edfec-6442-4bf4-8031-76cd542021cd:c18, 2070baf0-4025-424a-b0f6-f75017e43d96:c17, 16fc700d-3ecf-488f-92ee-8c3f3cf2f24e:c17]
2019-07-14 11:08:25,138 INFO  client.GrpcClientProtocolClient (GrpcClientProtocolClient.java:onNext(255)) - client-8051B16ABFF2->b77edfec-6442-4bf4-8031-76cd542021cd: receive RaftClientReply:client-8051B16ABFF2->b77edfec-6442-4bf4-8031-76cd542021cd@group-46C6F114FE18, cid=250, SUCCESS, logIndex=19, commits[b77edfec-6442-4bf4-8031-76cd542021cd:c24, 2070baf0-4025-424a-b0f6-f75017e43d96:c18, 16fc700d-3ecf-488f-92ee-8c3f3cf2f24e:c18]
2019-07-14 11:08:25,139 INFO  client.GrpcClientProtocolClient (GrpcClientProtocolClient.java:onNext(255)) - client-8051B16ABFF2->b77edfec-6442-4bf4-8031-76cd542021cd: receive RaftClientReply:client-8051B16ABFF2->b77edfec-6442-4bf4-8031-76cd542021cd@group-46C6F114FE18, cid=251, SUCCESS, logIndex=20, commits[b77edfec-6442-4bf4-8031-76cd542021cd:c24, 2070baf0-4025-424a-b0f6-f75017e43d96:c18, 16fc700d-3ecf-488f-92ee-8c3f3cf2f24e:c18]
2019-07-14 11:08:25,179 INFO  client.GrpcClientProtocolClient (GrpcClientProtocolClient.java:onNext(255)) - client-8051B16ABFF2->b77edfec-6442-4bf4-8031-76cd542021cd: receive RaftClientReply:client-8051B16ABFF2->b77edfec-6442-4bf4-8031-76cd542021cd@group-46C6F114FE18, cid=252, SUCCESS, logIndex=21, commits[b77edfec-6442-4bf4-8031-76cd542021cd:c30, 2070baf0-4025-424a-b0f6-f75017e43d96:c24, 16fc700d-3ecf-488f-92ee-8c3f3cf2f24e:c24]
2019-07-14 11:08:25,180 INFO  client.GrpcClientProtocolClient (GrpcClientProtocolClient.java:onNext(255)) - client-8051B16ABFF2->b77edfec-6442-4bf4-8031-76cd542021cd: receive RaftClientReply:client-8051B16ABFF2->b77edfec-6442-4bf4-8031-76cd542021cd@group-46C6F114FE18, cid=253, SUCCESS, logIndex=22, commits[b77edfec-6442-4bf4-8031-76cd542021cd:c30, 2070baf0-4025-424a-b0f6-f75017e43d96:c24, 16fc700d-3ecf-488f-92ee-8c3f3cf2f24e:c24]
2019-07-14 11:08:25,181 INFO  client.GrpcClientProtocolClient (GrpcClientProtocolClient.java:onNext(255)) - client-8051B16ABFF2->b77edfec-6442-4bf4-8031-76cd542021cd: receive RaftClientReply:client-8051B16ABFF2->b77edfec-6442-4bf4-8031-76cd542021cd@group-46C6F114FE18, cid=254, SUCCESS, logIndex=23, commits[b77edfec-6442-4bf4-8031-76cd542021cd:c30, 2070baf0-4025-424a-b0f6-f75017e43d96:c24, 16fc700d-3ecf-488f-92ee-8c3f3cf2f24e:c24]
2019-07-14 11:08:25,296 INFO  client.GrpcClientProtocolClient (GrpcClientProtocolClient.java:onNext(255)) - client-8051B16ABFF2->b77edfec-6442-4bf4-8031-76cd542021cd: receive RaftClientReply:client-8051B16ABFF2->b77edfec-6442-4bf4-8031-76cd542021cd@group-46C6F114FE18, cid=255, SUCCESS, logIndex=24, commits[b77edfec-6442-4bf4-8031-76cd542021cd:c30, 2070baf0-4025-424a-b0f6-f75017e43d96:c24, 16fc700d-3ecf-488f-92ee-8c3f3cf2f24e:c24]
2019-07-14 11:08:25,308 INFO  client.GrpcClientProtocolClient (GrpcClientProtocolClient.java:onNext(255)) - client-8051B16ABFF2->b77edfec-6442-4bf4-8031-76cd542021cd: receive RaftClientReply:client-8051B16ABFF2->b77edfec-6442-4bf4-8031-76cd542021cd@group-46C6F114FE18, cid=256, SUCCESS, logIndex=31, commits[b77edfec-6442-4bf4-8031-76cd542021cd:c32, 2070baf0-4025-424a-b0f6-f75017e43d96:c30, 16fc700d-3ecf-488f-92ee-8c3f3cf2f24e:c30]
2019-07-14 11:08:25,308 INFO  client.GrpcClientProtocolClient (GrpcClientProtocolClient.java:onNext(255)) - client-8051B16ABFF2->b77edfec-6442-4bf4-8031-76cd542021cd: receive RaftClientReply:client-8051B16ABFF2->b77edfec-6442-4bf4-8031-76cd542021cd@group-46C6F114FE18, cid=257, SUCCESS, logIndex=32, commits[b77edfec-6442-4bf4-8031-76cd542021cd:c32, 2070baf0-4025-424a-b0f6-f75017e43d96:c30, 16fc700d-3ecf-488f-92ee-8c3f3cf2f24e:c30]
2019-07-14 11:08:25,320 INFO  client.GrpcClientProtocolClient (GrpcClientProtocolClient.java:onNext(255)) - client-8051B16ABFF2->b77edfec-6442-4bf4-8031-76cd542021cd: receive RaftClientReply:client-8051B16ABFF2->b77edfec-6442-4bf4-8031-76cd542021cd@group-46C6F114FE18, cid=258, SUCCESS, logIndex=0, commits[b77edfec-6442-4bf4-8031-76cd542021cd:c33, 2070baf0-4025-424a-b0f6-f75017e43d96:c32, 16fc700d-3ecf-488f-92ee-8c3f3cf2f24e:c32]
2019-07-14 11:08:25,339 INFO  pipeline.Pipeline (Pipeline.java:getProtobufMessage(195)) - Serialize pipeline PipelineID=43b0eba0-d7ba-4344-882c-46c6f114fe18 with nodesInOrder{ }
2019-07-14 11:08:25,340 INFO  ozone.MiniOzoneClusterImpl (MiniOzoneClusterImpl.java:shutdown(321)) - Shutting down the Mini Ozone Cluster
2019-07-14 11:08:25,341 INFO  ozone.MiniOzoneClusterImpl (MiniOzoneClusterImpl.java:stop(336)) - Stopping the Mini Ozone Cluster
2019-07-14 11:08:25,341 INFO  ozone.MiniOzoneClusterImpl (MiniOzoneClusterImpl.java:stop(338)) - Stopping the OzoneManager
2019-07-14 11:08:25,341 INFO  ipc.Server (Server.java:stop(3082)) - Stopping server on 37784
2019-07-14 11:08:25,356 INFO  ipc.Server (Server.java:run(1185)) - Stopping IPC Server listener on 37784
2019-07-14 11:08:25,359 INFO  utils.BackgroundService (BackgroundService.java:shutdown(148)) - Shutting down service KeyDeletingService
2019-07-14 11:08:25,359 INFO  ipc.Server (Server.java:run(1319)) - Stopping IPC Server Responder
2019-07-14 11:08:25,394 INFO  handler.ContextHandler (ContextHandler.java:doStop(910)) - Stopped o.e.j.w.WebAppContext@7bfc7533{/,null,UNAVAILABLE}{/ozoneManager}
2019-07-14 11:08:25,395 INFO  server.AbstractConnector (AbstractConnector.java:doStop(318)) - Stopped ServerConnector@74fa4891{HTTP/1.1,[http/1.1]}{0.0.0.0:0}
2019-07-14 11:08:25,395 INFO  handler.ContextHandler (ContextHandler.java:doStop(910)) - Stopped o.e.j.s.ServletContextHandler@690337df{/static,file:///workdir/hadoop-ozone/integration-test/target/test-classes/webapps/static,UNAVAILABLE}
2019-07-14 11:08:25,396 INFO  handler.ContextHandler (ContextHandler.java:doStop(910)) - Stopped o.e.j.s.ServletContextHandler@3dcc59f5{/logs,file:///workdir/hadoop-ozone/integration-test/target/log,UNAVAILABLE}
2019-07-14 11:08:25,409 INFO  ozone.MiniOzoneClusterImpl (MiniOzoneClusterImpl.java:stop(344)) - Shutting the HddsDatanodes
2019-07-14 11:08:25,409 INFO  datanode.ObjectStoreHandler (ObjectStoreHandler.java:close(155)) - Closing ObjectStoreHandler.
2019-07-14 11:08:25,409 INFO  datanode.ObjectStoreHandler (ObjectStoreHandler.java:close(155)) - Closing ObjectStoreHandler.
2019-07-14 11:08:25,410 INFO  ozone.HddsDatanodeService (HddsDatanodeService.java:stop(452)) - Stopped plug-in org.apache.hadoop.ozone.web.OzoneHddsDatanodeService@680c372f
2019-07-14 11:08:25,410 INFO  ozone.HddsDatanodeService (HddsDatanodeService.java:stop(452)) - Stopped plug-in org.apache.hadoop.ozone.web.OzoneHddsDatanodeService@78fd9a11
2019-07-14 11:08:26,119 INFO  statemachine.DatanodeStateMachine (DatanodeStateMachine.java:lambda$startDaemon$0(350)) - Ozone container server started.
2019-07-14 11:08:26,369 INFO  statemachine.DatanodeStateMachine (DatanodeStateMachine.java:lambda$startDaemon$0(350)) - Ozone container server started.
2019-07-14 11:08:30,215 INFO  node.StaleNodeHandler (StaleNodeHandler.java:onMessage(58)) - Datanode 16fc700d-3ecf-488f-92ee-8c3f3cf2f24e{ip: 192.168.157.209, host: trunk-nightly-fxmrv-2540794721, networkLocation: /default-rack, certSerialId: null} moved to stale state. Finalizing its pipelines [PipelineID=43b0eba0-d7ba-4344-882c-46c6f114fe18, PipelineID=b8067ac2-e6b9-497e-999b-8a772e1f4b1c]
2019-07-14 11:08:30,216 INFO  pipeline.SCMPipelineManager (SCMPipelineManager.java:finalizeAndDestroyPipeline(309)) - destroying pipeline:Pipeline[ Id: 43b0eba0-d7ba-4344-882c-46c6f114fe18, Nodes: b77edfec-6442-4bf4-8031-76cd542021cd{ip: 192.168.157.209, host: trunk-nightly-fxmrv-2540794721, networkLocation: /default-rack, certSerialId: null}2070baf0-4025-424a-b0f6-f75017e43d96{ip: 192.168.157.209, host: trunk-nightly-fxmrv-2540794721, networkLocation: /default-rack, certSerialId: null}16fc700d-3ecf-488f-92ee-8c3f3cf2f24e{ip: 192.168.157.209, host: trunk-nightly-fxmrv-2540794721, networkLocation: /default-rack, certSerialId: null}, Type:RATIS, Factor:THREE, State:OPEN]
2019-07-14 11:08:30,216 INFO  pipeline.PipelineStateManager (PipelineStateManager.java:finalizePipeline(123)) - Pipeline Pipeline[ Id: 43b0eba0-d7ba-4344-882c-46c6f114fe18, Nodes: b77edfec-6442-4bf4-8031-76cd542021cd{ip: 192.168.157.209, host: trunk-nightly-fxmrv-2540794721, networkLocation: /default-rack, certSerialId: null}2070baf0-4025-424a-b0f6-f75017e43d96{ip: 192.168.157.209, host: trunk-nightly-fxmrv-2540794721, networkLocation: /default-rack, certSerialId: null}16fc700d-3ecf-488f-92ee-8c3f3cf2f24e{ip: 192.168.157.209, host: trunk-nightly-fxmrv-2540794721, networkLocation: /default-rack, certSerialId: null}, Type:RATIS, Factor:THREE, State:CLOSED] moved to CLOSED state
2019-07-14 11:08:30,216 INFO  container.CloseContainerEventHandler (CloseContainerEventHandler.java:onMessage(61)) - Close container Event triggered for container : #2
2019-07-14 11:08:30,216 INFO  pipeline.SCMPipelineManager (SCMPipelineManager.java:finalizeAndDestroyPipeline(309)) - destroying pipeline:Pipeline[ Id: b8067ac2-e6b9-497e-999b-8a772e1f4b1c, Nodes: 16fc700d-3ecf-488f-92ee-8c3f3cf2f24e{ip: 192.168.157.209, host: trunk-nightly-fxmrv-2540794721, networkLocation: /default-rack, certSerialId: null}, Type:RATIS, Factor:ONE, State:OPEN]
2019-07-14 11:08:30,217 INFO  pipeline.PipelineStateManager (PipelineStateManager.java:finalizePipeline(123)) - Pipeline Pipeline[ Id: b8067ac2-e6b9-497e-999b-8a772e1f4b1c, Nodes: 16fc700d-3ecf-488f-92ee-8c3f3cf2f24e{ip: 192.168.157.209, host: trunk-nightly-fxmrv-2540794721, networkLocation: /default-rack, certSerialId: null}, Type:RATIS, Factor:ONE, State:CLOSED] moved to CLOSED state
2019-07-14 11:08:30,411 INFO  ozoneimpl.OzoneContainer (OzoneContainer.java:stop(199)) - Attempting to stop container services.
2019-07-14 11:08:30,411 INFO  ozoneimpl.OzoneContainer (OzoneContainer.java:stop(199)) - Attempting to stop container services.
2019-07-14 11:08:30,412 INFO  impl.RaftServerProxy (RaftServerProxy.java:lambda$close$4(314)) - 16fc700d-3ecf-488f-92ee-8c3f3cf2f24e: close
2019-07-14 11:08:30,412 INFO  impl.RaftServerProxy (RaftServerProxy.java:lambda$close$4(314)) - 7a230a6e-c89e-43e9-bd97-6850a8a29c00: close
2019-07-14 11:08:30,412 INFO  impl.RaftServerImpl (RaftServerImpl.java:lambda$shutdown$3(245)) - 16fc700d-3ecf-488f-92ee-8c3f3cf2f24e: shutdown group-46C6F114FE18
2019-07-14 11:08:30,413 INFO  util.JmxRegister (JmxRegister.java:unregister(73)) - Successfully un-registered JMX Bean with object name Ratis:service=RaftServer,group=group-46C6F114FE18,id=16fc700d-3ecf-488f-92ee-8c3f3cf2f24e
2019-07-14 11:08:30,413 INFO  impl.RoleInfo (RoleInfo.java:shutdownFollowerState(121)) - 16fc700d-3ecf-488f-92ee-8c3f3cf2f24e: shutdown FollowerState
2019-07-14 11:08:30,414 INFO  impl.StateMachineUpdater (StateMachineUpdater.java:stopAndJoin(115)) - StateMachineUpdater:16fc700d-3ecf-488f-92ee-8c3f3cf2f24e:group-46C6F114FE18: set stopIndex = 34
2019-07-14 11:08:30,412 INFO  impl.RaftServerImpl (RaftServerImpl.java:lambda$shutdown$3(245)) - 7a230a6e-c89e-43e9-bd97-6850a8a29c00: shutdown group-67E5785209CB
2019-07-14 11:08:30,414 INFO  util.JmxRegister (JmxRegister.java:unregister(73)) - Successfully un-registered JMX Bean with object name Ratis:service=RaftServer,group=group-67E5785209CB,id=7a230a6e-c89e-43e9-bd97-6850a8a29c00
2019-07-14 11:08:30,414 INFO  impl.FollowerState (FollowerState.java:run(114)) - 16fc700d-3ecf-488f-92ee-8c3f3cf2f24e: FollowerState was interrupted: java.lang.InterruptedException: sleep interrupted
2019-07-14 11:08:30,414 INFO  ratis.ContainerStateMachine (ContainerStateMachine.java:takeSnapshot(249)) - group-46C6F114FE18: Taking a snapshot at:(t:1, i:32) file /workdir/hadoop-ozone/integration-test/target/test-dir/MiniOzoneClusterImpl-8f5a5b31-577b-4034-9f8b-a6dcc573b209/datanode-4/data/ratis/43b0eba0-d7ba-4344-882c-46c6f114fe18/sm/snapshot.1_32
2019-07-14 11:08:30,419 INFO  node.StaleNodeHandler (StaleNodeHandler.java:onMessage(58)) - Datanode 7a230a6e-c89e-43e9-bd97-6850a8a29c00{ip: 192.168.157.209, host: trunk-nightly-fxmrv-2540794721, networkLocation: /default-rack, certSerialId: null} moved to stale state. Finalizing its pipelines [PipelineID=b7c248c8-ec3e-4633-a54c-67e5785209cb, PipelineID=7ae37169-d414-4256-959e-dcfb5ebfdf2c]
2019-07-14 11:08:30,419 INFO  pipeline.SCMPipelineManager (SCMPipelineManager.java:finalizeAndDestroyPipeline(309)) - destroying pipeline:Pipeline[ Id: b7c248c8-ec3e-4633-a54c-67e5785209cb, Nodes: 7a230a6e-c89e-43e9-bd97-6850a8a29c00{ip: 192.168.157.209, host: trunk-nightly-fxmrv-2540794721, networkLocation: /default-rack, certSerialId: null}, Type:RATIS, Factor:ONE, State:OPEN]
2019-07-14 11:08:30,415 INFO  impl.RoleInfo (RoleInfo.java:shutdownLeaderState(104)) - 7a230a6e-c89e-43e9-bd97-6850a8a29c00: shutdown LeaderState
2019-07-14 11:08:30,420 INFO  ratis.ContainerStateMachine (ContainerStateMachine.java:takeSnapshot(257)) - group-46C6F114FE18: Finished taking a snapshot at:(t:1, i:32) file:/workdir/hadoop-ozone/integration-test/target/test-dir/MiniOzoneClusterImpl-8f5a5b31-577b-4034-9f8b-a6dcc573b209/datanode-4/data/ratis/43b0eba0-d7ba-4344-882c-46c6f114fe18/sm/snapshot.1_32 time:6
2019-07-14 11:08:30,419 INFO  pipeline.PipelineStateManager (PipelineStateManager.java:finalizePipeline(123)) - Pipeline Pipeline[ Id: b7c248c8-ec3e-4633-a54c-67e5785209cb, Nodes: 7a230a6e-c89e-43e9-bd97-6850a8a29c00{ip: 192.168.157.209, host: trunk-nightly-fxmrv-2540794721, networkLocation: /default-rack, certSerialId: null}, Type:RATIS, Factor:ONE, State:CLOSED] moved to CLOSED state
2019-07-14 11:08:30,420 INFO  impl.StateMachineUpdater (StateMachineUpdater.java:takeSnapshot(242)) - StateMachineUpdater:16fc700d-3ecf-488f-92ee-8c3f3cf2f24e:group-46C6F114FE18: Took a snapshot at index 32
2019-07-14 11:08:30,420 INFO  impl.PendingRequests (PendingRequests.java:sendNotLeaderResponses(202)) - 7a230a6e-c89e-43e9-bd97-6850a8a29c00-PendingRequests: sendNotLeaderResponses
2019-07-14 11:08:30,420 INFO  impl.StateMachineUpdater (StateMachineUpdater.java:lambda$new$0(80)) - StateMachineUpdater:16fc700d-3ecf-488f-92ee-8c3f3cf2f24e:group-46C6F114FE18: snapshotIndex: updateIncreasingly -1 -> 32
2019-07-14 11:08:30,421 INFO  impl.StateMachineUpdater (StateMachineUpdater.java:stopAndJoin(115)) - StateMachineUpdater:7a230a6e-c89e-43e9-bd97-6850a8a29c00:group-67E5785209CB: set stopIndex = 0
2019-07-14 11:08:30,420 INFO  pipeline.SCMPipelineManager (SCMPipelineManager.java:finalizeAndDestroyPipeline(309)) - destroying pipeline:Pipeline[ Id: 7ae37169-d414-4256-959e-dcfb5ebfdf2c, Nodes: 5fb10b7c-c93e-4655-beb6-d5c77dda5179{ip: 192.168.157.209, host: trunk-nightly-fxmrv-2540794721, networkLocation: /default-rack, certSerialId: null}9e312bf6-8a82-490e-8a95-6b8b213db0b6{ip: 192.168.157.209, host: trunk-nightly-fxmrv-2540794721, networkLocation: /default-rack, certSerialId: null}7a230a6e-c89e-43e9-bd97-6850a8a29c00{ip: 192.168.157.209, host: trunk-nightly-fxmrv-2540794721, networkLocation: /default-rack, certSerialId: null}, Type:RATIS, Factor:THREE, State:OPEN]
2019-07-14 11:08:30,421 INFO  impl.RaftServerImpl (ServerState.java:close(394)) - 16fc700d-3ecf-488f-92ee-8c3f3cf2f24e:group-46C6F114FE18 closes. The last applied log index is 34
2019-07-14 11:08:30,421 INFO  impl.RaftServerImpl (ServerState.java:close(394)) - 7a230a6e-c89e-43e9-bd97-6850a8a29c00:group-67E5785209CB closes. The last applied log index is 0
2019-07-14 11:08:30,422 INFO  segmented.SegmentedRaftLogWorker (SegmentedRaftLogWorker.java:run(313)) - 16fc700d-3ecf-488f-92ee-8c3f3cf2f24e-SegmentedRaftLogWorker:Storage Directory /workdir/hadoop-ozone/integration-test/target/test-dir/MiniOzoneClusterImpl-8f5a5b31-577b-4034-9f8b-a6dcc573b209/datanode-4/data/ratis/43b0eba0-d7ba-4344-882c-46c6f114fe18 was interrupted, exiting. There are 0 tasks remaining in the queue.
2019-07-14 11:08:30,422 INFO  segmented.SegmentedRaftLogWorker (SegmentedRaftLogWorker.java:run(313)) - 7a230a6e-c89e-43e9-bd97-6850a8a29c00-SegmentedRaftLogWorker:Storage Directory /workdir/hadoop-ozone/integration-test/target/test-dir/MiniOzoneClusterImpl-8f5a5b31-577b-4034-9f8b-a6dcc573b209/datanode-1/data/ratis/b7c248c8-ec3e-4633-a54c-67e5785209cb was interrupted, exiting. There are 0 tasks remaining in the queue.
2019-07-14 11:08:30,421 INFO  pipeline.PipelineStateManager (PipelineStateManager.java:finalizePipeline(123)) - Pipeline Pipeline[ Id: 7ae37169-d414-4256-959e-dcfb5ebfdf2c, Nodes: 5fb10b7c-c93e-4655-beb6-d5c77dda5179{ip: 192.168.157.209, host: trunk-nightly-fxmrv-2540794721, networkLocation: /default-rack, certSerialId: null}9e312bf6-8a82-490e-8a95-6b8b213db0b6{ip: 192.168.157.209, host: trunk-nightly-fxmrv-2540794721, networkLocation: /default-rack, certSerialId: null}7a230a6e-c89e-43e9-bd97-6850a8a29c00{ip: 192.168.157.209, host: trunk-nightly-fxmrv-2540794721, networkLocation: /default-rack, certSerialId: null}, Type:RATIS, Factor:THREE, State:CLOSED] moved to CLOSED state
2019-07-14 11:08:30,427 INFO  segmented.SegmentedRaftLogWorker (SegmentedRaftLogWorker.java:close(228)) - 7a230a6e-c89e-43e9-bd97-6850a8a29c00-SegmentedRaftLogWorker:Storage Directory /workdir/hadoop-ozone/integration-test/target/test-dir/MiniOzoneClusterImpl-8f5a5b31-577b-4034-9f8b-a6dcc573b209/datanode-1/data/ratis/b7c248c8-ec3e-4633-a54c-67e5785209cb close()
2019-07-14 11:08:30,425 INFO  segmented.SegmentedRaftLogWorker (SegmentedRaftLogWorker.java:close(228)) - 16fc700d-3ecf-488f-92ee-8c3f3cf2f24e-SegmentedRaftLogWorker:Storage Directory /workdir/hadoop-ozone/integration-test/target/test-dir/MiniOzoneClusterImpl-8f5a5b31-577b-4034-9f8b-a6dcc573b209/datanode-4/data/ratis/43b0eba0-d7ba-4344-882c-46c6f114fe18 close()
2019-07-14 11:08:30,432 INFO  impl.RaftServerImpl (RaftServerImpl.java:lambda$shutdown$3(245)) - 7a230a6e-c89e-43e9-bd97-6850a8a29c00: shutdown group-DCFB5EBFDF2C
2019-07-14 11:08:30,438 INFO  impl.RaftServerImpl (RaftServerImpl.java:lambda$shutdown$3(245)) - 16fc700d-3ecf-488f-92ee-8c3f3cf2f24e: shutdown group-8A772E1F4B1C
2019-07-14 11:08:30,438 INFO  util.JmxRegister (JmxRegister.java:unregister(73)) - Successfully un-registered JMX Bean with object name Ratis:service=RaftServer,group=group-DCFB5EBFDF2C,id=7a230a6e-c89e-43e9-bd97-6850a8a29c00
2019-07-14 11:08:30,438 INFO  util.JmxRegister (JmxRegister.java:unregister(73)) - Successfully un-registered JMX Bean with object name Ratis:service=RaftServer,group=group-8A772E1F4B1C,id=16fc700d-3ecf-488f-92ee-8c3f3cf2f24e
2019-07-14 11:08:30,439 INFO  impl.RoleInfo (RoleInfo.java:shutdownFollowerState(121)) - 7a230a6e-c89e-43e9-bd97-6850a8a29c00: shutdown FollowerState
2019-07-14 11:08:30,439 INFO  impl.RoleInfo (RoleInfo.java:shutdownLeaderState(104)) - 16fc700d-3ecf-488f-92ee-8c3f3cf2f24e: shutdown LeaderState
2019-07-14 11:08:30,439 INFO  impl.FollowerState (FollowerState.java:run(114)) - 7a230a6e-c89e-43e9-bd97-6850a8a29c00: FollowerState was interrupted: java.lang.InterruptedException: sleep interrupted
2019-07-14 11:08:30,439 INFO  impl.StateMachineUpdater (StateMachineUpdater.java:stopAndJoin(115)) - StateMachineUpdater:7a230a6e-c89e-43e9-bd97-6850a8a29c00:group-DCFB5EBFDF2C: set stopIndex = 0
2019-07-14 11:08:30,442 INFO  impl.RaftServerImpl (ServerState.java:close(394)) - 7a230a6e-c89e-43e9-bd97-6850a8a29c00:group-DCFB5EBFDF2C closes. The last applied log index is 0
2019-07-14 11:08:30,440 INFO  impl.PendingRequests (PendingRequests.java:sendNotLeaderResponses(202)) - 16fc700d-3ecf-488f-92ee-8c3f3cf2f24e-PendingRequests: sendNotLeaderResponses
2019-07-14 11:08:30,443 INFO  segmented.SegmentedRaftLogWorker (SegmentedRaftLogWorker.java:run(313)) - 7a230a6e-c89e-43e9-bd97-6850a8a29c00-SegmentedRaftLogWorker:Storage Directory /workdir/hadoop-ozone/integration-test/target/test-dir/MiniOzoneClusterImpl-8f5a5b31-577b-4034-9f8b-a6dcc573b209/datanode-1/data/ratis/7ae37169-d414-4256-959e-dcfb5ebfdf2c was interrupted, exiting. There are 0 tasks remaining in the queue.
2019-07-14 11:08:30,443 INFO  impl.StateMachineUpdater (StateMachineUpdater.java:stopAndJoin(115)) - StateMachineUpdater:16fc700d-3ecf-488f-92ee-8c3f3cf2f24e:group-8A772E1F4B1C: set stopIndex = 0
2019-07-14 11:08:30,446 INFO  segmented.SegmentedRaftLogWorker (SegmentedRaftLogWorker.java:close(228)) - 7a230a6e-c89e-43e9-bd97-6850a8a29c00-SegmentedRaftLogWorker:Storage Directory /workdir/hadoop-ozone/integration-test/target/test-dir/MiniOzoneClusterImpl-8f5a5b31-577b-4034-9f8b-a6dcc573b209/datanode-1/data/ratis/7ae37169-d414-4256-959e-dcfb5ebfdf2c close()
2019-07-14 11:08:30,446 INFO  impl.RaftServerImpl (ServerState.java:close(394)) - 16fc700d-3ecf-488f-92ee-8c3f3cf2f24e:group-8A772E1F4B1C closes. The last applied log index is 0
2019-07-14 11:08:30,451 INFO  server.GrpcService (GrpcService.java:closeImpl(155)) - 7a230a6e-c89e-43e9-bd97-6850a8a29c00: shutdown server with port 42893 now
2019-07-14 11:08:30,452 INFO  segmented.SegmentedRaftLogWorker (SegmentedRaftLogWorker.java:run(313)) - 16fc700d-3ecf-488f-92ee-8c3f3cf2f24e-SegmentedRaftLogWorker:Storage Directory /workdir/hadoop-ozone/integration-test/target/test-dir/MiniOzoneClusterImpl-8f5a5b31-577b-4034-9f8b-a6dcc573b209/datanode-4/data/ratis/b8067ac2-e6b9-497e-999b-8a772e1f4b1c was interrupted, exiting. There are 0 tasks remaining in the queue.
2019-07-14 11:08:30,455 INFO  segmented.SegmentedRaftLogWorker (SegmentedRaftLogWorker.java:close(228)) - 16fc700d-3ecf-488f-92ee-8c3f3cf2f24e-SegmentedRaftLogWorker:Storage Directory /workdir/hadoop-ozone/integration-test/target/test-dir/MiniOzoneClusterImpl-8f5a5b31-577b-4034-9f8b-a6dcc573b209/datanode-4/data/ratis/b8067ac2-e6b9-497e-999b-8a772e1f4b1c close()
2019-07-14 11:08:30,455 WARN  server.GrpcServerProtocolService (LogUtils.java:warn(134)) - 7a230a6e-c89e-43e9-bd97-6850a8a29c00: appendEntries onError: org.apache.ratis.thirdparty.io.grpc.StatusRuntimeException: CANCELLED: cancelled before receiving half close
2019-07-14 11:08:30,460 WARN  server.GrpcLogAppender (LogUtils.java:warn(134)) - 5fb10b7c-c93e-4655-beb6-d5c77dda5179->7a230a6e-c89e-43e9-bd97-6850a8a29c00: Failed appendEntries: org.apache.ratis.thirdparty.io.grpc.StatusRuntimeException: CANCELLED: HTTP/2 error code: CANCEL
Received Rst Stream
2019-07-14 11:08:30,460 INFO  server.GrpcService (GrpcService.java:closeImpl(163)) - 7a230a6e-c89e-43e9-bd97-6850a8a29c00: shutdown server with port 42893 successfully
2019-07-14 11:08:30,460 INFO  server.GrpcService (GrpcService.java:closeImpl(155)) - 16fc700d-3ecf-488f-92ee-8c3f3cf2f24e: shutdown server with port 43061 now
2019-07-14 11:08:30,460 INFO  impl.FollowerInfo (FollowerInfo.java:lambda$new$0(50)) - 5fb10b7c-c93e-4655-beb6-d5c77dda5179->7a230a6e-c89e-43e9-bd97-6850a8a29c00: nextIndex: updateUnconditionally 1 -> 0
2019-07-14 11:08:30,461 WARN  server.GrpcServerProtocolService (LogUtils.java:warn(134)) - 16fc700d-3ecf-488f-92ee-8c3f3cf2f24e: appendEntries onError: org.apache.ratis.thirdparty.io.grpc.StatusRuntimeException: CANCELLED: cancelled before receiving half close
2019-07-14 11:08:30,462 INFO  server.GrpcService (GrpcService.java:closeImpl(163)) - 16fc700d-3ecf-488f-92ee-8c3f3cf2f24e: shutdown server with port 43061 successfully
2019-07-14 11:08:30,462 WARN  server.GrpcLogAppender (LogUtils.java:warn(134)) - b77edfec-6442-4bf4-8031-76cd542021cd->16fc700d-3ecf-488f-92ee-8c3f3cf2f24e: Failed appendEntries: org.apache.ratis.thirdparty.io.grpc.StatusRuntimeException: CANCELLED: HTTP/2 error code: CANCEL
Received Rst Stream
2019-07-14 11:08:30,467 INFO  utils.BackgroundService (BackgroundService.java:shutdown(148)) - Shutting down service BlockDeletingService
2019-07-14 11:08:30,467 INFO  impl.FollowerInfo (FollowerInfo.java:lambda$new$0(50)) - b77edfec-6442-4bf4-8031-76cd542021cd->16fc700d-3ecf-488f-92ee-8c3f3cf2f24e: nextIndex: updateUnconditionally 35 -> 34
2019-07-14 11:08:30,467 INFO  utils.BackgroundService (BackgroundService.java:shutdown(148)) - Shutting down service BlockDeletingService
2019-07-14 11:08:30,472 WARN  fs.CachingGetSpaceUsed (CachingGetSpaceUsed.java:run(183)) - Thread Interrupted waiting to refresh disk information: sleep interrupted
2019-07-14 11:08:30,473 WARN  fs.CachingGetSpaceUsed (CachingGetSpaceUsed.java:run(183)) - Thread Interrupted waiting to refresh disk information: sleep interrupted
2019-07-14 11:08:30,492 INFO  statemachine.DatanodeStateMachine (DatanodeStateMachine.java:stopDaemon(395)) - Ozone container server stopped.
2019-07-14 11:08:30,492 INFO  statemachine.DatanodeStateMachine (DatanodeStateMachine.java:stopDaemon(395)) - Ozone container server stopped.
2019-07-14 11:08:30,512 INFO  handler.ContextHandler (ContextHandler.java:doStop(910)) - Stopped o.e.j.w.WebAppContext@78e3bebd{/,null,UNAVAILABLE}{/hddsDatanode}
2019-07-14 11:08:30,512 INFO  handler.ContextHandler (ContextHandler.java:doStop(910)) - Stopped o.e.j.w.WebAppContext@3f41a1f3{/,null,UNAVAILABLE}{/hddsDatanode}
2019-07-14 11:08:30,513 INFO  server.AbstractConnector (AbstractConnector.java:doStop(318)) - Stopped ServerConnector@4f0b02a3{HTTP/1.1,[http/1.1]}{0.0.0.0:0}
2019-07-14 11:08:30,513 INFO  server.AbstractConnector (AbstractConnector.java:doStop(318)) - Stopped ServerConnector@4374c051{HTTP/1.1,[http/1.1]}{0.0.0.0:0}
2019-07-14 11:08:30,515 INFO  handler.ContextHandler (ContextHandler.java:doStop(910)) - Stopped o.e.j.s.ServletContextHandler@5572be5a{/static,jar:file:/home/user/.m2/repository/org/apache/hadoop/hadoop-hdds-container-service/0.5.0-SNAPSHOT/hadoop-hdds-container-service-0.5.0-SNAPSHOT.jar!/webapps/static,UNAVAILABLE}
2019-07-14 11:08:30,515 INFO  handler.ContextHandler (ContextHandler.java:doStop(910)) - Stopped o.e.j.s.ServletContextHandler@20e1ce62{/static,jar:file:/home/user/.m2/repository/org/apache/hadoop/hadoop-hdds-container-service/0.5.0-SNAPSHOT/hadoop-hdds-container-service-0.5.0-SNAPSHOT.jar!/webapps/static,UNAVAILABLE}
2019-07-14 11:08:30,518 INFO  handler.ContextHandler (ContextHandler.java:doStop(910)) - Stopped o.e.j.s.ServletContextHandler@42f40ad0{/logs,file:///workdir/hadoop-ozone/integration-test/target/log,UNAVAILABLE}
2019-07-14 11:08:30,518 INFO  handler.ContextHandler (ContextHandler.java:doStop(910)) - Stopped o.e.j.s.ServletContextHandler@4e38b4ea{/logs,file:///workdir/hadoop-ozone/integration-test/target/log,UNAVAILABLE}
2019-07-14 11:08:30,519 INFO  datanode.ObjectStoreHandler (ObjectStoreHandler.java:close(155)) - Closing ObjectStoreHandler.
2019-07-14 11:08:30,519 INFO  datanode.ObjectStoreHandler (ObjectStoreHandler.java:close(155)) - Closing ObjectStoreHandler.
2019-07-14 11:08:30,520 INFO  ozone.HddsDatanodeService (HddsDatanodeService.java:stop(452)) - Stopped plug-in org.apache.hadoop.ozone.web.OzoneHddsDatanodeService@4bbc9862
2019-07-14 11:08:30,520 INFO  ozone.HddsDatanodeService (HddsDatanodeService.java:stop(452)) - Stopped plug-in org.apache.hadoop.ozone.web.OzoneHddsDatanodeService@521f2a23
2019-07-14 11:08:30,538 INFO  statemachine.DatanodeStateMachine (DatanodeStateMachine.java:lambda$startDaemon$0(350)) - Ozone container server started.
2019-07-14 11:08:31,119 INFO  statemachine.DatanodeStateMachine (DatanodeStateMachine.java:lambda$startDaemon$0(350)) - Ozone container server started.
2019-07-14 11:08:31,828 WARN  server.GrpcLogAppender (LogUtils.java:warn(134)) - 5fb10b7c-c93e-4655-beb6-d5c77dda5179->7a230a6e-c89e-43e9-bd97-6850a8a29c00: Failed appendEntries: org.apache.ratis.thirdparty.io.grpc.StatusRuntimeException: UNAVAILABLE: io exception
2019-07-14 11:08:31,828 INFO  impl.FollowerInfo (FollowerInfo.java:lambda$new$0(50)) - 5fb10b7c-c93e-4655-beb6-d5c77dda5179->7a230a6e-c89e-43e9-bd97-6850a8a29c00: nextIndex: updateUnconditionally 0 -> 0
2019-07-14 11:08:32,827 WARN  server.GrpcLogAppender (LogUtils.java:warn(134)) - b77edfec-6442-4bf4-8031-76cd542021cd->16fc700d-3ecf-488f-92ee-8c3f3cf2f24e: Failed appendEntries: org.apache.ratis.thirdparty.io.grpc.StatusRuntimeException: UNAVAILABLE: io exception
2019-07-14 11:08:32,828 INFO  impl.FollowerInfo (FollowerInfo.java:lambda$new$0(50)) - b77edfec-6442-4bf4-8031-76cd542021cd->16fc700d-3ecf-488f-92ee-8c3f3cf2f24e: nextIndex: updateUnconditionally 34 -> 33
2019-07-14 11:08:34,328 WARN  server.GrpcLogAppender (LogUtils.java:warn(134)) - 5fb10b7c-c93e-4655-beb6-d5c77dda5179->7a230a6e-c89e-43e9-bd97-6850a8a29c00: Failed appendEntries: org.apache.ratis.thirdparty.io.grpc.StatusRuntimeException: UNAVAILABLE: io exception
2019-07-14 11:08:34,328 INFO  impl.FollowerInfo (FollowerInfo.java:lambda$new$0(50)) - 5fb10b7c-c93e-4655-beb6-d5c77dda5179->7a230a6e-c89e-43e9-bd97-6850a8a29c00: nextIndex: updateUnconditionally 0 -> 0
2019-07-14 11:08:34,624 INFO  node.StaleNodeHandler (StaleNodeHandler.java:onMessage(58)) - Datanode 9e312bf6-8a82-490e-8a95-6b8b213db0b6{ip: 192.168.157.209, host: trunk-nightly-fxmrv-2540794721, networkLocation: /default-rack, certSerialId: null} moved to stale state. Finalizing its pipelines [PipelineID=a2ee11e7-287b-49c6-837a-63f4db05371a, PipelineID=7ae37169-d414-4256-959e-dcfb5ebfdf2c]
2019-07-14 11:08:34,625 INFO  pipeline.SCMPipelineManager (SCMPipelineManager.java:finalizeAndDestroyPipeline(309)) - destroying pipeline:Pipeline[ Id: a2ee11e7-287b-49c6-837a-63f4db05371a, Nodes: 9e312bf6-8a82-490e-8a95-6b8b213db0b6{ip: 192.168.157.209, host: trunk-nightly-fxmrv-2540794721, networkLocation: /default-rack, certSerialId: null}, Type:RATIS, Factor:ONE, State:OPEN]
2019-07-14 11:08:34,625 INFO  pipeline.PipelineStateManager (PipelineStateManager.java:finalizePipeline(123)) - Pipeline Pipeline[ Id: a2ee11e7-287b-49c6-837a-63f4db05371a, Nodes: 9e312bf6-8a82-490e-8a95-6b8b213db0b6{ip: 192.168.157.209, host: trunk-nightly-fxmrv-2540794721, networkLocation: /default-rack, certSerialId: null}, Type:RATIS, Factor:ONE, State:CLOSED] moved to CLOSED state
2019-07-14 11:08:34,625 INFO  pipeline.SCMPipelineManager (SCMPipelineManager.java:finalizeAndDestroyPipeline(309)) - destroying pipeline:Pipeline[ Id: 7ae37169-d414-4256-959e-dcfb5ebfdf2c, Nodes: 5fb10b7c-c93e-4655-beb6-d5c77dda5179{ip: 192.168.157.209, host: trunk-nightly-fxmrv-2540794721, networkLocation: /default-rack, certSerialId: null}9e312bf6-8a82-490e-8a95-6b8b213db0b6{ip: 192.168.157.209, host: trunk-nightly-fxmrv-2540794721, networkLocation: /default-rack, certSerialId: null}7a230a6e-c89e-43e9-bd97-6850a8a29c00{ip: 192.168.157.209, host: trunk-nightly-fxmrv-2540794721, networkLocation: /default-rack, certSerialId: null}, Type:RATIS, Factor:THREE, State:CLOSED]
2019-07-14 11:08:35,125 INFO  node.StaleNodeHandler (StaleNodeHandler.java:onMessage(58)) - Datanode b77edfec-6442-4bf4-8031-76cd542021cd{ip: 192.168.157.209, host: trunk-nightly-fxmrv-2540794721, networkLocation: /default-rack, certSerialId: null} moved to stale state. Finalizing its pipelines [PipelineID=f7f6cbfe-e801-4d29-845f-050c8230f976, PipelineID=43b0eba0-d7ba-4344-882c-46c6f114fe18]
2019-07-14 11:08:35,125 INFO  pipeline.SCMPipelineManager (SCMPipelineManager.java:finalizeAndDestroyPipeline(309)) - destroying pipeline:Pipeline[ Id: f7f6cbfe-e801-4d29-845f-050c8230f976, Nodes: b77edfec-6442-4bf4-8031-76cd542021cd{ip: 192.168.157.209, host: trunk-nightly-fxmrv-2540794721, networkLocation: /default-rack, certSerialId: null}, Type:RATIS, Factor:ONE, State:OPEN]
2019-07-14 11:08:35,126 INFO  pipeline.PipelineStateManager (PipelineStateManager.java:finalizePipeline(123)) - Pipeline Pipeline[ Id: f7f6cbfe-e801-4d29-845f-050c8230f976, Nodes: b77edfec-6442-4bf4-8031-76cd542021cd{ip: 192.168.157.209, host: trunk-nightly-fxmrv-2540794721, networkLocation: /default-rack, certSerialId: null}, Type:RATIS, Factor:ONE, State:CLOSED] moved to CLOSED state
2019-07-14 11:08:35,126 INFO  pipeline.SCMPipelineManager (SCMPipelineManager.java:finalizeAndDestroyPipeline(309)) - destroying pipeline:Pipeline[ Id: 43b0eba0-d7ba-4344-882c-46c6f114fe18, Nodes: b77edfec-6442-4bf4-8031-76cd542021cd{ip: 192.168.157.209, host: trunk-nightly-fxmrv-2540794721, networkLocation: /default-rack, certSerialId: null}2070baf0-4025-424a-b0f6-f75017e43d96{ip: 192.168.157.209, host: trunk-nightly-fxmrv-2540794721, networkLocation: /default-rack, certSerialId: null}16fc700d-3ecf-488f-92ee-8c3f3cf2f24e{ip: 192.168.157.209, host: trunk-nightly-fxmrv-2540794721, networkLocation: /default-rack, certSerialId: null}, Type:RATIS, Factor:THREE, State:CLOSED]
2019-07-14 11:08:35,328 WARN  server.GrpcLogAppender (LogUtils.java:warn(134)) - b77edfec-6442-4bf4-8031-76cd542021cd->16fc700d-3ecf-488f-92ee-8c3f3cf2f24e: Failed appendEntries: org.apache.ratis.thirdparty.io.grpc.StatusRuntimeException: UNAVAILABLE: io exception
2019-07-14 11:08:35,328 INFO  impl.FollowerInfo (FollowerInfo.java:lambda$new$0(50)) - b77edfec-6442-4bf4-8031-76cd542021cd->16fc700d-3ecf-488f-92ee-8c3f3cf2f24e: nextIndex: updateUnconditionally 33 -> 32
2019-07-14 11:08:35,521 INFO  ozoneimpl.OzoneContainer (OzoneContainer.java:stop(199)) - Attempting to stop container services.
2019-07-14 11:08:35,521 INFO  ozoneimpl.OzoneContainer (OzoneContainer.java:stop(199)) - Attempting to stop container services.
2019-07-14 11:08:35,522 INFO  impl.RaftServerProxy (RaftServerProxy.java:lambda$close$4(314)) - b77edfec-6442-4bf4-8031-76cd542021cd: close
2019-07-14 11:08:35,522 INFO  impl.RaftServerProxy (RaftServerProxy.java:lambda$close$4(314)) - 9e312bf6-8a82-490e-8a95-6b8b213db0b6: close
2019-07-14 11:08:35,522 INFO  impl.RaftServerImpl (RaftServerImpl.java:lambda$shutdown$3(245)) - b77edfec-6442-4bf4-8031-76cd542021cd: shutdown group-050C8230F976
2019-07-14 11:08:35,522 INFO  impl.RaftServerImpl (RaftServerImpl.java:lambda$shutdown$3(245)) - 9e312bf6-8a82-490e-8a95-6b8b213db0b6: shutdown group-63F4DB05371A
2019-07-14 11:08:35,523 INFO  util.JmxRegister (JmxRegister.java:unregister(73)) - Successfully un-registered JMX Bean with object name Ratis:service=RaftServer,group=group-050C8230F976,id=b77edfec-6442-4bf4-8031-76cd542021cd
2019-07-14 11:08:35,524 INFO  impl.RoleInfo (RoleInfo.java:shutdownLeaderState(104)) - b77edfec-6442-4bf4-8031-76cd542021cd: shutdown LeaderState
2019-07-14 11:08:35,523 INFO  util.JmxRegister (JmxRegister.java:unregister(73)) - Successfully un-registered JMX Bean with object name Ratis:service=RaftServer,group=group-63F4DB05371A,id=9e312bf6-8a82-490e-8a95-6b8b213db0b6
2019-07-14 11:08:35,524 INFO  impl.PendingRequests (PendingRequests.java:sendNotLeaderResponses(202)) - b77edfec-6442-4bf4-8031-76cd542021cd-PendingRequests: sendNotLeaderResponses
2019-07-14 11:08:35,524 INFO  impl.RoleInfo (RoleInfo.java:shutdownLeaderState(104)) - 9e312bf6-8a82-490e-8a95-6b8b213db0b6: shutdown LeaderState
2019-07-14 11:08:35,525 INFO  impl.StateMachineUpdater (StateMachineUpdater.java:stopAndJoin(115)) - StateMachineUpdater:b77edfec-6442-4bf4-8031-76cd542021cd:group-050C8230F976: set stopIndex = 0
2019-07-14 11:08:35,526 INFO  impl.RaftServerImpl (ServerState.java:close(394)) - b77edfec-6442-4bf4-8031-76cd542021cd:group-050C8230F976 closes. The last applied log index is 0
2019-07-14 11:08:35,525 INFO  impl.PendingRequests (PendingRequests.java:sendNotLeaderResponses(202)) - 9e312bf6-8a82-490e-8a95-6b8b213db0b6-PendingRequests: sendNotLeaderResponses
2019-07-14 11:08:35,526 INFO  segmented.SegmentedRaftLogWorker (SegmentedRaftLogWorker.java:run(313)) - b77edfec-6442-4bf4-8031-76cd542021cd-SegmentedRaftLogWorker:Storage Directory /workdir/hadoop-ozone/integration-test/target/test-dir/MiniOzoneClusterImpl-8f5a5b31-577b-4034-9f8b-a6dcc573b209/datanode-3/data/ratis/f7f6cbfe-e801-4d29-845f-050c8230f976 was interrupted, exiting. There are 0 tasks remaining in the queue.
2019-07-14 11:08:35,527 INFO  impl.StateMachineUpdater (StateMachineUpdater.java:stopAndJoin(115)) - StateMachineUpdater:9e312bf6-8a82-490e-8a95-6b8b213db0b6:group-63F4DB05371A: set stopIndex = 0
2019-07-14 11:08:35,530 INFO  impl.RaftServerImpl (ServerState.java:close(394)) - 9e312bf6-8a82-490e-8a95-6b8b213db0b6:group-63F4DB05371A closes. The last applied log index is 0
2019-07-14 11:08:35,530 INFO  segmented.SegmentedRaftLogWorker (SegmentedRaftLogWorker.java:close(228)) - b77edfec-6442-4bf4-8031-76cd542021cd-SegmentedRaftLogWorker:Storage Directory /workdir/hadoop-ozone/integration-test/target/test-dir/MiniOzoneClusterImpl-8f5a5b31-577b-4034-9f8b-a6dcc573b209/datanode-3/data/ratis/f7f6cbfe-e801-4d29-845f-050c8230f976 close()
2019-07-14 11:08:35,530 INFO  segmented.SegmentedRaftLogWorker (SegmentedRaftLogWorker.java:run(313)) - 9e312bf6-8a82-490e-8a95-6b8b213db0b6-SegmentedRaftLogWorker:Storage Directory /workdir/hadoop-ozone/integration-test/target/test-dir/MiniOzoneClusterImpl-8f5a5b31-577b-4034-9f8b-a6dcc573b209/datanode-2/data/ratis/a2ee11e7-287b-49c6-837a-63f4db05371a was interrupted, exiting. There are 0 tasks remaining in the queue.
2019-07-14 11:08:35,543 INFO  impl.RaftServerImpl (RaftServerImpl.java:lambda$shutdown$3(245)) - b77edfec-6442-4bf4-8031-76cd542021cd: shutdown group-46C6F114FE18
2019-07-14 11:08:35,544 INFO  util.JmxRegister (JmxRegister.java:unregister(73)) - Successfully un-registered JMX Bean with object name Ratis:service=RaftServer,group=group-46C6F114FE18,id=b77edfec-6442-4bf4-8031-76cd542021cd
2019-07-14 11:08:35,543 INFO  segmented.SegmentedRaftLogWorker (SegmentedRaftLogWorker.java:close(228)) - 9e312bf6-8a82-490e-8a95-6b8b213db0b6-SegmentedRaftLogWorker:Storage Directory /workdir/hadoop-ozone/integration-test/target/test-dir/MiniOzoneClusterImpl-8f5a5b31-577b-4034-9f8b-a6dcc573b209/datanode-2/data/ratis/a2ee11e7-287b-49c6-837a-63f4db05371a close()
2019-07-14 11:08:35,544 INFO  impl.RoleInfo (RoleInfo.java:shutdownLeaderState(104)) - b77edfec-6442-4bf4-8031-76cd542021cd: shutdown LeaderState
2019-07-14 11:08:35,546 INFO  impl.RaftServerImpl (RaftServerImpl.java:lambda$shutdown$3(245)) - 9e312bf6-8a82-490e-8a95-6b8b213db0b6: shutdown group-DCFB5EBFDF2C
2019-07-14 11:08:35,551 WARN  server.GrpcLogAppender (GrpcLogAppender.java:mayWait(143)) - GrpcLogAppender(b77edfec-6442-4bf4-8031-76cd542021cd->16fc700d-3ecf-488f-92ee-8c3f3cf2f24e): Wait interrupted by java.lang.InterruptedException
2019-07-14 11:08:35,551 INFO  impl.PendingRequests (PendingRequests.java:sendNotLeaderResponses(202)) - b77edfec-6442-4bf4-8031-76cd542021cd-PendingRequests: sendNotLeaderResponses
2019-07-14 11:08:35,551 WARN  server.GrpcLogAppender (GrpcLogAppender.java:mayWait(143)) - GrpcLogAppender(b77edfec-6442-4bf4-8031-76cd542021cd->2070baf0-4025-424a-b0f6-f75017e43d96): Wait interrupted by java.lang.InterruptedException
2019-07-14 11:08:35,551 INFO  util.JmxRegister (JmxRegister.java:unregister(73)) - Successfully un-registered JMX Bean with object name Ratis:service=RaftServer,group=group-DCFB5EBFDF2C,id=9e312bf6-8a82-490e-8a95-6b8b213db0b6
2019-07-14 11:08:35,556 INFO  server.GrpcServerProtocolService (GrpcServerProtocolService.java:onCompleted(104)) - 2070baf0-4025-424a-b0f6-f75017e43d96: appendEntries completed
2019-07-14 11:08:35,556 INFO  ratis.ContainerStateMachine (ContainerStateMachine.java:takeSnapshot(249)) - group-46C6F114FE18: Taking a snapshot at:(t:1, i:32) file /workdir/hadoop-ozone/integration-test/target/test-dir/MiniOzoneClusterImpl-8f5a5b31-577b-4034-9f8b-a6dcc573b209/datanode-3/data/ratis/43b0eba0-d7ba-4344-882c-46c6f114fe18/sm/snapshot.1_32
2019-07-14 11:08:35,556 INFO  impl.StateMachineUpdater (StateMachineUpdater.java:stopAndJoin(115)) - StateMachineUpdater:b77edfec-6442-4bf4-8031-76cd542021cd:group-46C6F114FE18: set stopIndex = 34
2019-07-14 11:08:35,557 INFO  ratis.ContainerStateMachine (ContainerStateMachine.java:takeSnapshot(257)) - group-46C6F114FE18: Finished taking a snapshot at:(t:1, i:32) file:/workdir/hadoop-ozone/integration-test/target/test-dir/MiniOzoneClusterImpl-8f5a5b31-577b-4034-9f8b-a6dcc573b209/datanode-3/data/ratis/43b0eba0-d7ba-4344-882c-46c6f114fe18/sm/snapshot.1_32 time:1
2019-07-14 11:08:35,557 INFO  impl.StateMachineUpdater (StateMachineUpdater.java:takeSnapshot(242)) - StateMachineUpdater:b77edfec-6442-4bf4-8031-76cd542021cd:group-46C6F114FE18: Took a snapshot at index 32
2019-07-14 11:08:35,556 INFO  server.GrpcLogAppender (GrpcLogAppender.java:onCompleted(292)) - b77edfec-6442-4bf4-8031-76cd542021cd->2070baf0-4025-424a-b0f6-f75017e43d96: follower responses appendEntries COMPLETED
2019-07-14 11:08:35,556 INFO  impl.RoleInfo (RoleInfo.java:shutdownFollowerState(121)) - 9e312bf6-8a82-490e-8a95-6b8b213db0b6: shutdown FollowerState
2019-07-14 11:08:35,557 INFO  impl.FollowerInfo (FollowerInfo.java:lambda$new$0(50)) - b77edfec-6442-4bf4-8031-76cd542021cd->2070baf0-4025-424a-b0f6-f75017e43d96: nextIndex: updateUnconditionally 35 -> 34
2019-07-14 11:08:35,557 INFO  impl.StateMachineUpdater (StateMachineUpdater.java:lambda$new$0(80)) - StateMachineUpdater:b77edfec-6442-4bf4-8031-76cd542021cd:group-46C6F114FE18: snapshotIndex: updateIncreasingly -1 -> 32
2019-07-14 11:08:35,558 INFO  impl.FollowerState (FollowerState.java:run(114)) - 9e312bf6-8a82-490e-8a95-6b8b213db0b6: FollowerState was interrupted: java.lang.InterruptedException: sleep interrupted
2019-07-14 11:08:35,558 INFO  impl.StateMachineUpdater (StateMachineUpdater.java:stopAndJoin(115)) - StateMachineUpdater:9e312bf6-8a82-490e-8a95-6b8b213db0b6:group-DCFB5EBFDF2C: set stopIndex = 0
2019-07-14 11:08:35,560 INFO  impl.RaftServerImpl (ServerState.java:close(394)) - 9e312bf6-8a82-490e-8a95-6b8b213db0b6:group-DCFB5EBFDF2C closes. The last applied log index is 0
2019-07-14 11:08:35,558 INFO  impl.RaftServerImpl (ServerState.java:close(394)) - b77edfec-6442-4bf4-8031-76cd542021cd:group-46C6F114FE18 closes. The last applied log index is 34
2019-07-14 11:08:35,561 INFO  segmented.SegmentedRaftLogWorker (SegmentedRaftLogWorker.java:run(313)) - 9e312bf6-8a82-490e-8a95-6b8b213db0b6-SegmentedRaftLogWorker:Storage Directory /workdir/hadoop-ozone/integration-test/target/test-dir/MiniOzoneClusterImpl-8f5a5b31-577b-4034-9f8b-a6dcc573b209/datanode-2/data/ratis/7ae37169-d414-4256-959e-dcfb5ebfdf2c was interrupted, exiting. There are 0 tasks remaining in the queue.
2019-07-14 11:08:35,561 INFO  segmented.SegmentedRaftLogWorker (SegmentedRaftLogWorker.java:run(313)) - b77edfec-6442-4bf4-8031-76cd542021cd-SegmentedRaftLogWorker:Storage Directory /workdir/hadoop-ozone/integration-test/target/test-dir/MiniOzoneClusterImpl-8f5a5b31-577b-4034-9f8b-a6dcc573b209/datanode-3/data/ratis/43b0eba0-d7ba-4344-882c-46c6f114fe18 was interrupted, exiting. There are 0 tasks remaining in the queue.
2019-07-14 11:08:35,561 INFO  segmented.SegmentedRaftLogWorker (SegmentedRaftLogWorker.java:close(228)) - 9e312bf6-8a82-490e-8a95-6b8b213db0b6-SegmentedRaftLogWorker:Storage Directory /workdir/hadoop-ozone/integration-test/target/test-dir/MiniOzoneClusterImpl-8f5a5b31-577b-4034-9f8b-a6dcc573b209/datanode-2/data/ratis/7ae37169-d414-4256-959e-dcfb5ebfdf2c close()
2019-07-14 11:08:35,562 INFO  segmented.SegmentedRaftLogWorker (SegmentedRaftLogWorker.java:close(228)) - b77edfec-6442-4bf4-8031-76cd542021cd-SegmentedRaftLogWorker:Storage Directory /workdir/hadoop-ozone/integration-test/target/test-dir/MiniOzoneClusterImpl-8f5a5b31-577b-4034-9f8b-a6dcc573b209/datanode-3/data/ratis/43b0eba0-d7ba-4344-882c-46c6f114fe18 close()
2019-07-14 11:08:35,564 INFO  server.GrpcService (GrpcService.java:closeImpl(155)) - 9e312bf6-8a82-490e-8a95-6b8b213db0b6: shutdown server with port 41728 now
2019-07-14 11:08:35,566 INFO  server.GrpcService (GrpcService.java:closeImpl(155)) - b77edfec-6442-4bf4-8031-76cd542021cd: shutdown server with port 46003 now
2019-07-14 11:08:35,567 WARN  server.GrpcServerProtocolService (LogUtils.java:warn(134)) - 9e312bf6-8a82-490e-8a95-6b8b213db0b6: appendEntries onError: org.apache.ratis.thirdparty.io.grpc.StatusRuntimeException: CANCELLED: cancelled before receiving half close
2019-07-14 11:08:35,567 INFO  server.GrpcService (GrpcService.java:closeImpl(163)) - 9e312bf6-8a82-490e-8a95-6b8b213db0b6: shutdown server with port 41728 successfully
2019-07-14 11:08:35,567 INFO  server.GrpcService (GrpcService.java:closeImpl(163)) - b77edfec-6442-4bf4-8031-76cd542021cd: shutdown server with port 46003 successfully
2019-07-14 11:08:35,567 WARN  client.GrpcClientProtocolService (LogUtils.java:warn(134)) - 3-UnorderedRequestStreamObserver3: onError: org.apache.ratis.thirdparty.io.grpc.StatusRuntimeException: CANCELLED: cancelled before receiving half close
2019-07-14 11:08:35,567 WARN  server.GrpcLogAppender (LogUtils.java:warn(134)) - 5fb10b7c-c93e-4655-beb6-d5c77dda5179->9e312bf6-8a82-490e-8a95-6b8b213db0b6: Failed appendEntries: org.apache.ratis.thirdparty.io.grpc.StatusRuntimeException: CANCELLED: HTTP/2 error code: CANCEL
Received Rst Stream
2019-07-14 11:08:35,568 INFO  impl.FollowerInfo (FollowerInfo.java:lambda$new$0(50)) - 5fb10b7c-c93e-4655-beb6-d5c77dda5179->9e312bf6-8a82-490e-8a95-6b8b213db0b6: nextIndex: updateUnconditionally 1 -> 0
2019-07-14 11:08:35,568 INFO  utils.BackgroundService (BackgroundService.java:shutdown(148)) - Shutting down service BlockDeletingService
2019-07-14 11:08:35,569 INFO  utils.BackgroundService (BackgroundService.java:shutdown(148)) - Shutting down service BlockDeletingService
2019-07-14 11:08:35,572 WARN  fs.CachingGetSpaceUsed (CachingGetSpaceUsed.java:run(183)) - Thread Interrupted waiting to refresh disk information: sleep interrupted
2019-07-14 11:08:35,572 WARN  fs.CachingGetSpaceUsed (CachingGetSpaceUsed.java:run(183)) - Thread Interrupted waiting to refresh disk information: sleep interrupted
2019-07-14 11:08:35,591 INFO  statemachine.DatanodeStateMachine (DatanodeStateMachine.java:stopDaemon(395)) - Ozone container server stopped.
2019-07-14 11:08:35,596 INFO  statemachine.DatanodeStateMachine (DatanodeStateMachine.java:stopDaemon(395)) - Ozone container server stopped.
2019-07-14 11:08:35,597 INFO  handler.ContextHandler (ContextHandler.java:doStop(910)) - Stopped o.e.j.w.WebAppContext@625439ba{/,null,UNAVAILABLE}{/hddsDatanode}
2019-07-14 11:08:35,597 INFO  handler.ContextHandler (ContextHandler.java:doStop(910)) - Stopped o.e.j.w.WebAppContext@686a192d{/,null,UNAVAILABLE}{/hddsDatanode}
2019-07-14 11:08:35,598 INFO  server.AbstractConnector (AbstractConnector.java:doStop(318)) - Stopped ServerConnector@2763500e{HTTP/1.1,[http/1.1]}{0.0.0.0:0}
2019-07-14 11:08:35,599 INFO  handler.ContextHandler (ContextHandler.java:doStop(910)) - Stopped o.e.j.s.ServletContextHandler@119b837{/static,jar:file:/home/user/.m2/repository/org/apache/hadoop/hadoop-hdds-container-service/0.5.0-SNAPSHOT/hadoop-hdds-container-service-0.5.0-SNAPSHOT.jar!/webapps/static,UNAVAILABLE}
2019-07-14 11:08:35,600 INFO  server.AbstractConnector (AbstractConnector.java:doStop(318)) - Stopped ServerConnector@aecfc07{HTTP/1.1,[http/1.1]}{0.0.0.0:0}
2019-07-14 11:08:35,601 INFO  handler.ContextHandler (ContextHandler.java:doStop(910)) - Stopped o.e.j.s.ServletContextHandler@14c5625d{/logs,file:///workdir/hadoop-ozone/integration-test/target/log,UNAVAILABLE}
2019-07-14 11:08:35,602 INFO  handler.ContextHandler (ContextHandler.java:doStop(910)) - Stopped o.e.j.s.ServletContextHandler@4dc9de0e{/static,jar:file:/home/user/.m2/repository/org/apache/hadoop/hadoop-hdds-container-service/0.5.0-SNAPSHOT/hadoop-hdds-container-service-0.5.0-SNAPSHOT.jar!/webapps/static,UNAVAILABLE}
2019-07-14 11:08:35,602 INFO  handler.ContextHandler (ContextHandler.java:doStop(910)) - Stopped o.e.j.s.ServletContextHandler@794a3410{/logs,file:///workdir/hadoop-ozone/integration-test/target/log,UNAVAILABLE}
2019-07-14 11:08:35,603 INFO  datanode.ObjectStoreHandler (ObjectStoreHandler.java:close(155)) - Closing ObjectStoreHandler.
2019-07-14 11:08:35,603 INFO  ozone.HddsDatanodeService (HddsDatanodeService.java:stop(452)) - Stopped plug-in org.apache.hadoop.ozone.web.OzoneHddsDatanodeService@372dc92e
2019-07-14 11:08:35,604 INFO  datanode.ObjectStoreHandler (ObjectStoreHandler.java:close(155)) - Closing ObjectStoreHandler.
2019-07-14 11:08:35,604 INFO  ozone.HddsDatanodeService (HddsDatanodeService.java:stop(452)) - Stopped plug-in org.apache.hadoop.ozone.web.OzoneHddsDatanodeService@7b1466e3
2019-07-14 11:08:36,167 INFO  statemachine.DatanodeStateMachine (DatanodeStateMachine.java:lambda$startDaemon$0(350)) - Ozone container server started.
2019-07-14 11:08:36,381 INFO  statemachine.DatanodeStateMachine (DatanodeStateMachine.java:lambda$startDaemon$0(350)) - Ozone container server started.
2019-07-14 11:08:36,829 WARN  server.GrpcLogAppender (LogUtils.java:warn(134)) - 5fb10b7c-c93e-4655-beb6-d5c77dda5179->7a230a6e-c89e-43e9-bd97-6850a8a29c00: Failed appendEntries: org.apache.ratis.thirdparty.io.grpc.StatusRuntimeException: UNAVAILABLE: io exception
2019-07-14 11:08:36,829 INFO  impl.FollowerInfo (FollowerInfo.java:lambda$new$0(50)) - 5fb10b7c-c93e-4655-beb6-d5c77dda5179->7a230a6e-c89e-43e9-bd97-6850a8a29c00: nextIndex: updateUnconditionally 0 -> 0
2019-07-14 11:08:36,831 WARN  server.GrpcLogAppender (LogUtils.java:warn(134)) - 5fb10b7c-c93e-4655-beb6-d5c77dda5179->9e312bf6-8a82-490e-8a95-6b8b213db0b6: Failed appendEntries: org.apache.ratis.thirdparty.io.grpc.StatusRuntimeException: UNAVAILABLE: io exception
2019-07-14 11:08:36,831 INFO  impl.FollowerInfo (FollowerInfo.java:lambda$new$0(50)) - 5fb10b7c-c93e-4655-beb6-d5c77dda5179->9e312bf6-8a82-490e-8a95-6b8b213db0b6: nextIndex: updateUnconditionally 0 -> 0
2019-07-14 11:08:39,329 WARN  server.GrpcLogAppender (LogUtils.java:warn(134)) - 5fb10b7c-c93e-4655-beb6-d5c77dda5179->7a230a6e-c89e-43e9-bd97-6850a8a29c00: Failed appendEntries: org.apache.ratis.thirdparty.io.grpc.StatusRuntimeException: UNAVAILABLE: io exception
2019-07-14 11:08:39,330 INFO  impl.FollowerInfo (FollowerInfo.java:lambda$new$0(50)) - 5fb10b7c-c93e-4655-beb6-d5c77dda5179->7a230a6e-c89e-43e9-bd97-6850a8a29c00: nextIndex: updateUnconditionally 0 -> 0
2019-07-14 11:08:39,332 WARN  server.GrpcLogAppender (LogUtils.java:warn(134)) - 5fb10b7c-c93e-4655-beb6-d5c77dda5179->9e312bf6-8a82-490e-8a95-6b8b213db0b6: Failed appendEntries: org.apache.ratis.thirdparty.io.grpc.StatusRuntimeException: UNAVAILABLE: io exception
2019-07-14 11:08:39,332 INFO  impl.FollowerInfo (FollowerInfo.java:lambda$new$0(50)) - 5fb10b7c-c93e-4655-beb6-d5c77dda5179->9e312bf6-8a82-490e-8a95-6b8b213db0b6: nextIndex: updateUnconditionally 0 -> 0
2019-07-14 11:08:40,232 INFO  node.StaleNodeHandler (StaleNodeHandler.java:onMessage(58)) - Datanode 5fb10b7c-c93e-4655-beb6-d5c77dda5179{ip: 192.168.157.209, host: trunk-nightly-fxmrv-2540794721, networkLocation: /default-rack, certSerialId: null} moved to stale state. Finalizing its pipelines [PipelineID=d86309f0-124e-4286-acfb-741fe2b13edb, PipelineID=7ae37169-d414-4256-959e-dcfb5ebfdf2c]
2019-07-14 11:08:40,232 INFO  pipeline.SCMPipelineManager (SCMPipelineManager.java:finalizeAndDestroyPipeline(309)) - destroying pipeline:Pipeline[ Id: d86309f0-124e-4286-acfb-741fe2b13edb, Nodes: 5fb10b7c-c93e-4655-beb6-d5c77dda5179{ip: 192.168.157.209, host: trunk-nightly-fxmrv-2540794721, networkLocation: /default-rack, certSerialId: null}, Type:RATIS, Factor:ONE, State:OPEN]
2019-07-14 11:08:40,232 INFO  pipeline.PipelineStateManager (PipelineStateManager.java:finalizePipeline(123)) - Pipeline Pipeline[ Id: d86309f0-124e-4286-acfb-741fe2b13edb, Nodes: 5fb10b7c-c93e-4655-beb6-d5c77dda5179{ip: 192.168.157.209, host: trunk-nightly-fxmrv-2540794721, networkLocation: /default-rack, certSerialId: null}, Type:RATIS, Factor:ONE, State:CLOSED] moved to CLOSED state
2019-07-14 11:08:40,233 INFO  pipeline.SCMPipelineManager (SCMPipelineManager.java:finalizeAndDestroyPipeline(309)) - destroying pipeline:Pipeline[ Id: 7ae37169-d414-4256-959e-dcfb5ebfdf2c, Nodes: 5fb10b7c-c93e-4655-beb6-d5c77dda5179{ip: 192.168.157.209, host: trunk-nightly-fxmrv-2540794721, networkLocation: /default-rack, certSerialId: null}9e312bf6-8a82-490e-8a95-6b8b213db0b6{ip: 192.168.157.209, host: trunk-nightly-fxmrv-2540794721, networkLocation: /default-rack, certSerialId: null}7a230a6e-c89e-43e9-bd97-6850a8a29c00{ip: 192.168.157.209, host: trunk-nightly-fxmrv-2540794721, networkLocation: /default-rack, certSerialId: null}, Type:RATIS, Factor:THREE, State:CLOSED]
2019-07-14 11:08:40,432 INFO  node.StaleNodeHandler (StaleNodeHandler.java:onMessage(58)) - Datanode bcd0dc22-e653-4a59-a0ee-c6e2de64864f{ip: 192.168.157.209, host: trunk-nightly-fxmrv-2540794721, networkLocation: /default-rack, certSerialId: null} moved to stale state. Finalizing its pipelines [PipelineID=3b0ae63c-6b5a-4c15-b142-8b831f80904e]
2019-07-14 11:08:40,432 INFO  pipeline.SCMPipelineManager (SCMPipelineManager.java:finalizeAndDestroyPipeline(309)) - destroying pipeline:Pipeline[ Id: 3b0ae63c-6b5a-4c15-b142-8b831f80904e, Nodes: bcd0dc22-e653-4a59-a0ee-c6e2de64864f{ip: 192.168.157.209, host: trunk-nightly-fxmrv-2540794721, networkLocation: /default-rack, certSerialId: null}, Type:RATIS, Factor:ONE, State:OPEN]
2019-07-14 11:08:40,432 INFO  pipeline.PipelineStateManager (PipelineStateManager.java:finalizePipeline(123)) - Pipeline Pipeline[ Id: 3b0ae63c-6b5a-4c15-b142-8b831f80904e, Nodes: bcd0dc22-e653-4a59-a0ee-c6e2de64864f{ip: 192.168.157.209, host: trunk-nightly-fxmrv-2540794721, networkLocation: /default-rack, certSerialId: null}, Type:RATIS, Factor:ONE, State:CLOSED] moved to CLOSED state
2019-07-14 11:08:40,604 INFO  ozoneimpl.OzoneContainer (OzoneContainer.java:stop(199)) - Attempting to stop container services.
2019-07-14 11:08:40,604 INFO  impl.RaftServerProxy (RaftServerProxy.java:lambda$close$4(314)) - 5fb10b7c-c93e-4655-beb6-d5c77dda5179: close
2019-07-14 11:08:40,605 INFO  ozoneimpl.OzoneContainer (OzoneContainer.java:stop(199)) - Attempting to stop container services.
2019-07-14 11:08:40,605 INFO  impl.RaftServerImpl (RaftServerImpl.java:lambda$shutdown$3(245)) - 5fb10b7c-c93e-4655-beb6-d5c77dda5179: shutdown group-741FE2B13EDB
2019-07-14 11:08:40,605 INFO  impl.RaftServerProxy (RaftServerProxy.java:lambda$close$4(314)) - bcd0dc22-e653-4a59-a0ee-c6e2de64864f: close
2019-07-14 11:08:40,606 INFO  util.JmxRegister (JmxRegister.java:unregister(73)) - Successfully un-registered JMX Bean with object name Ratis:service=RaftServer,group=group-741FE2B13EDB,id=5fb10b7c-c93e-4655-beb6-d5c77dda5179
2019-07-14 11:08:40,606 INFO  impl.RaftServerImpl (RaftServerImpl.java:lambda$shutdown$3(245)) - bcd0dc22-e653-4a59-a0ee-c6e2de64864f: shutdown group-8B831F80904E
2019-07-14 11:08:40,606 INFO  impl.RoleInfo (RoleInfo.java:shutdownLeaderState(104)) - 5fb10b7c-c93e-4655-beb6-d5c77dda5179: shutdown LeaderState
2019-07-14 11:08:40,607 INFO  util.JmxRegister (JmxRegister.java:unregister(73)) - Successfully un-registered JMX Bean with object name Ratis:service=RaftServer,group=group-8B831F80904E,id=bcd0dc22-e653-4a59-a0ee-c6e2de64864f
2019-07-14 11:08:40,607 INFO  impl.PendingRequests (PendingRequests.java:sendNotLeaderResponses(202)) - 5fb10b7c-c93e-4655-beb6-d5c77dda5179-PendingRequests: sendNotLeaderResponses
2019-07-14 11:08:40,607 INFO  impl.RoleInfo (RoleInfo.java:shutdownLeaderState(104)) - bcd0dc22-e653-4a59-a0ee-c6e2de64864f: shutdown LeaderState
2019-07-14 11:08:40,608 INFO  impl.StateMachineUpdater (StateMachineUpdater.java:stopAndJoin(115)) - StateMachineUpdater:5fb10b7c-c93e-4655-beb6-d5c77dda5179:group-741FE2B13EDB: set stopIndex = 0
2019-07-14 11:08:40,608 INFO  impl.PendingRequests (PendingRequests.java:sendNotLeaderResponses(202)) - bcd0dc22-e653-4a59-a0ee-c6e2de64864f-PendingRequests: sendNotLeaderResponses
2019-07-14 11:08:40,608 INFO  impl.RaftServerImpl (ServerState.java:close(394)) - 5fb10b7c-c93e-4655-beb6-d5c77dda5179:group-741FE2B13EDB closes. The last applied log index is 0
2019-07-14 11:08:40,609 INFO  impl.StateMachineUpdater (StateMachineUpdater.java:stopAndJoin(115)) - StateMachineUpdater:bcd0dc22-e653-4a59-a0ee-c6e2de64864f:group-8B831F80904E: set stopIndex = 0
2019-07-14 11:08:40,609 INFO  segmented.SegmentedRaftLogWorker (SegmentedRaftLogWorker.java:run(313)) - 5fb10b7c-c93e-4655-beb6-d5c77dda5179-SegmentedRaftLogWorker:Storage Directory /workdir/hadoop-ozone/integration-test/target/test-dir/MiniOzoneClusterImpl-8f5a5b31-577b-4034-9f8b-a6dcc573b209/datanode-0/data/ratis/d86309f0-124e-4286-acfb-741fe2b13edb was interrupted, exiting. There are 0 tasks remaining in the queue.
2019-07-14 11:08:40,610 INFO  impl.RaftServerImpl (ServerState.java:close(394)) - bcd0dc22-e653-4a59-a0ee-c6e2de64864f:group-8B831F80904E closes. The last applied log index is 0
2019-07-14 11:08:40,610 INFO  segmented.SegmentedRaftLogWorker (SegmentedRaftLogWorker.java:close(228)) - 5fb10b7c-c93e-4655-beb6-d5c77dda5179-SegmentedRaftLogWorker:Storage Directory /workdir/hadoop-ozone/integration-test/target/test-dir/MiniOzoneClusterImpl-8f5a5b31-577b-4034-9f8b-a6dcc573b209/datanode-0/data/ratis/d86309f0-124e-4286-acfb-741fe2b13edb close()
2019-07-14 11:08:40,610 INFO  segmented.SegmentedRaftLogWorker (SegmentedRaftLogWorker.java:run(313)) - bcd0dc22-e653-4a59-a0ee-c6e2de64864f-SegmentedRaftLogWorker:Storage Directory /workdir/hadoop-ozone/integration-test/target/test-dir/MiniOzoneClusterImpl-8f5a5b31-577b-4034-9f8b-a6dcc573b209/datanode-6/data/ratis/3b0ae63c-6b5a-4c15-b142-8b831f80904e was interrupted, exiting. There are 0 tasks remaining in the queue.
2019-07-14 11:08:40,613 INFO  impl.RaftServerImpl (RaftServerImpl.java:lambda$shutdown$3(245)) - 5fb10b7c-c93e-4655-beb6-d5c77dda5179: shutdown group-DCFB5EBFDF2C
2019-07-14 11:08:40,614 INFO  util.JmxRegister (JmxRegister.java:unregister(73)) - Successfully un-registered JMX Bean with object name Ratis:service=RaftServer,group=group-DCFB5EBFDF2C,id=5fb10b7c-c93e-4655-beb6-d5c77dda5179
2019-07-14 11:08:40,614 INFO  impl.RoleInfo (RoleInfo.java:shutdownLeaderState(104)) - 5fb10b7c-c93e-4655-beb6-d5c77dda5179: shutdown LeaderState
2019-07-14 11:08:40,617 WARN  server.GrpcLogAppender (GrpcLogAppender.java:mayWait(143)) - GrpcLogAppender(5fb10b7c-c93e-4655-beb6-d5c77dda5179->9e312bf6-8a82-490e-8a95-6b8b213db0b6): Wait interrupted by java.lang.InterruptedException
2019-07-14 11:08:40,617 INFO  impl.PendingRequests (PendingRequests.java:sendNotLeaderResponses(202)) - 5fb10b7c-c93e-4655-beb6-d5c77dda5179-PendingRequests: sendNotLeaderResponses
2019-07-14 11:08:40,617 WARN  server.GrpcLogAppender (GrpcLogAppender.java:mayWait(143)) - GrpcLogAppender(5fb10b7c-c93e-4655-beb6-d5c77dda5179->7a230a6e-c89e-43e9-bd97-6850a8a29c00): Wait interrupted by java.lang.InterruptedException
2019-07-14 11:08:40,618 INFO  impl.StateMachineUpdater (StateMachineUpdater.java:stopAndJoin(115)) - StateMachineUpdater:5fb10b7c-c93e-4655-beb6-d5c77dda5179:group-DCFB5EBFDF2C: set stopIndex = 0
2019-07-14 11:08:40,618 INFO  impl.RaftServerImpl (ServerState.java:close(394)) - 5fb10b7c-c93e-4655-beb6-d5c77dda5179:group-DCFB5EBFDF2C closes. The last applied log index is 0
2019-07-14 11:08:40,619 INFO  segmented.SegmentedRaftLogWorker (SegmentedRaftLogWorker.java:run(313)) - 5fb10b7c-c93e-4655-beb6-d5c77dda5179-SegmentedRaftLogWorker:Storage Directory /workdir/hadoop-ozone/integration-test/target/test-dir/MiniOzoneClusterImpl-8f5a5b31-577b-4034-9f8b-a6dcc573b209/datanode-0/data/ratis/7ae37169-d414-4256-959e-dcfb5ebfdf2c was interrupted, exiting. There are 0 tasks remaining in the queue.
2019-07-14 11:08:40,622 INFO  segmented.SegmentedRaftLogWorker (SegmentedRaftLogWorker.java:close(228)) - bcd0dc22-e653-4a59-a0ee-c6e2de64864f-SegmentedRaftLogWorker:Storage Directory /workdir/hadoop-ozone/integration-test/target/test-dir/MiniOzoneClusterImpl-8f5a5b31-577b-4034-9f8b-a6dcc573b209/datanode-6/data/ratis/3b0ae63c-6b5a-4c15-b142-8b831f80904e close()
2019-07-14 11:08:40,622 INFO  segmented.SegmentedRaftLogWorker (SegmentedRaftLogWorker.java:close(228)) - 5fb10b7c-c93e-4655-beb6-d5c77dda5179-SegmentedRaftLogWorker:Storage Directory /workdir/hadoop-ozone/integration-test/target/test-dir/MiniOzoneClusterImpl-8f5a5b31-577b-4034-9f8b-a6dcc573b209/datanode-0/data/ratis/7ae37169-d414-4256-959e-dcfb5ebfdf2c close()
2019-07-14 11:08:40,624 INFO  server.GrpcService (GrpcService.java:closeImpl(155)) - bcd0dc22-e653-4a59-a0ee-c6e2de64864f: shutdown server with port 43910 now
2019-07-14 11:08:40,626 INFO  server.GrpcService (GrpcService.java:closeImpl(155)) - 5fb10b7c-c93e-4655-beb6-d5c77dda5179: shutdown server with port 42309 now
2019-07-14 11:08:40,628 INFO  server.GrpcService (GrpcService.java:closeImpl(163)) - bcd0dc22-e653-4a59-a0ee-c6e2de64864f: shutdown server with port 43910 successfully
2019-07-14 11:08:40,628 INFO  server.GrpcService (GrpcService.java:closeImpl(163)) - 5fb10b7c-c93e-4655-beb6-d5c77dda5179: shutdown server with port 42309 successfully
2019-07-14 11:08:40,630 INFO  utils.BackgroundService (BackgroundService.java:shutdown(148)) - Shutting down service BlockDeletingService
2019-07-14 11:08:40,631 INFO  utils.BackgroundService (BackgroundService.java:shutdown(148)) - Shutting down service BlockDeletingService
2019-07-14 11:08:40,632 WARN  fs.CachingGetSpaceUsed (CachingGetSpaceUsed.java:run(183)) - Thread Interrupted waiting to refresh disk information: sleep interrupted
2019-07-14 11:08:40,638 WARN  fs.CachingGetSpaceUsed (CachingGetSpaceUsed.java:run(183)) - Thread Interrupted waiting to refresh disk information: sleep interrupted
2019-07-14 11:08:40,653 INFO  statemachine.DatanodeStateMachine (DatanodeStateMachine.java:stopDaemon(395)) - Ozone container server stopped.
2019-07-14 11:08:40,654 INFO  handler.ContextHandler (ContextHandler.java:doStop(910)) - Stopped o.e.j.w.WebAppContext@5e66d85d{/,null,UNAVAILABLE}{/hddsDatanode}
2019-07-14 11:08:40,657 INFO  server.AbstractConnector (AbstractConnector.java:doStop(318)) - Stopped ServerConnector@1a6d072e{HTTP/1.1,[http/1.1]}{0.0.0.0:0}
2019-07-14 11:08:40,659 INFO  statemachine.DatanodeStateMachine (DatanodeStateMachine.java:stopDaemon(395)) - Ozone container server stopped.
2019-07-14 11:08:40,659 INFO  handler.ContextHandler (ContextHandler.java:doStop(910)) - Stopped o.e.j.s.ServletContextHandler@6831286e{/static,jar:file:/home/user/.m2/repository/org/apache/hadoop/hadoop-hdds-container-service/0.5.0-SNAPSHOT/hadoop-hdds-container-service-0.5.0-SNAPSHOT.jar!/webapps/static,UNAVAILABLE}
2019-07-14 11:08:40,661 INFO  handler.ContextHandler (ContextHandler.java:doStop(910)) - Stopped o.e.j.s.ServletContextHandler@3f30c9cf{/logs,file:///workdir/hadoop-ozone/integration-test/target/log,UNAVAILABLE}
2019-07-14 11:08:40,661 INFO  handler.ContextHandler (ContextHandler.java:doStop(910)) - Stopped o.e.j.w.WebAppContext@cf822a6{/,null,UNAVAILABLE}{/hddsDatanode}
2019-07-14 11:08:40,662 INFO  datanode.ObjectStoreHandler (ObjectStoreHandler.java:close(155)) - Closing ObjectStoreHandler.
2019-07-14 11:08:40,663 INFO  ozone.HddsDatanodeService (HddsDatanodeService.java:stop(452)) - Stopped plug-in org.apache.hadoop.ozone.web.OzoneHddsDatanodeService@27de073b
2019-07-14 11:08:40,663 INFO  server.AbstractConnector (AbstractConnector.java:doStop(318)) - Stopped ServerConnector@2fb36d8d{HTTP/1.1,[http/1.1]}{0.0.0.0:0}
2019-07-14 11:08:40,664 INFO  handler.ContextHandler (ContextHandler.java:doStop(910)) - Stopped o.e.j.s.ServletContextHandler@3e216fc9{/static,jar:file:/home/user/.m2/repository/org/apache/hadoop/hadoop-hdds-container-service/0.5.0-SNAPSHOT/hadoop-hdds-container-service-0.5.0-SNAPSHOT.jar!/webapps/static,UNAVAILABLE}
2019-07-14 11:08:40,666 INFO  handler.ContextHandler (ContextHandler.java:doStop(910)) - Stopped o.e.j.s.ServletContextHandler@7ce09850{/logs,file:///workdir/hadoop-ozone/integration-test/target/log,UNAVAILABLE}
2019-07-14 11:08:41,125 INFO  statemachine.DatanodeStateMachine (DatanodeStateMachine.java:lambda$startDaemon$0(350)) - Ozone container server started.
2019-07-14 11:08:42,818 INFO  impl.FollowerState (FollowerState.java:run(106)) - 2070baf0-4025-424a-b0f6-f75017e43d96:group-46C6F114FE18 changes to CANDIDATE, lastRpcTime:7489, electionTimeout:5196ms
2019-07-14 11:08:42,818 INFO  impl.RoleInfo (RoleInfo.java:shutdownFollowerState(121)) - 2070baf0-4025-424a-b0f6-f75017e43d96: shutdown FollowerState
2019-07-14 11:08:42,818 INFO  impl.RaftServerImpl (RaftServerImpl.java:setRole(171)) - 2070baf0-4025-424a-b0f6-f75017e43d96:group-46C6F114FE18 changes role from FOLLOWER to CANDIDATE at term 1 for changeToCandidate
2019-07-14 11:08:42,818 INFO  impl.RoleInfo (RoleInfo.java:updateAndGet(143)) - 2070baf0-4025-424a-b0f6-f75017e43d96: start LeaderElection
2019-07-14 11:08:42,820 INFO  impl.RaftServerImpl (ServerState.java:setLeader(263)) - 2070baf0-4025-424a-b0f6-f75017e43d96:group-46C6F114FE18 change Leader from b77edfec-6442-4bf4-8031-76cd542021cd to null at term 1 for initElection
2019-07-14 11:08:42,847 INFO  impl.LeaderElection (LeaderElection.java:askForVotes(181)) - 2070baf0-4025-424a-b0f6-f75017e43d96:group-46C6F114FE18:LeaderElection120: begin an election at term 2 for 0: [b77edfec-6442-4bf4-8031-76cd542021cd:192.168.157.209:46003, 2070baf0-4025-424a-b0f6-f75017e43d96:192.168.157.209:43550, 16fc700d-3ecf-488f-92ee-8c3f3cf2f24e:192.168.157.209:43061], old=null
2019-07-14 11:08:42,850 INFO  impl.LeaderElection (LogUtils.java:infoOrTrace(149)) - 2070baf0-4025-424a-b0f6-f75017e43d96:group-46C6F114FE18:LeaderElection120 got exception when requesting votes: {}
java.util.concurrent.ExecutionException: org.apache.ratis.thirdparty.io.grpc.StatusRuntimeException: UNAVAILABLE: io exception
	at java.util.concurrent.FutureTask.report(FutureTask.java:122)
	at java.util.concurrent.FutureTask.get(FutureTask.java:192)
	at org.apache.ratis.server.impl.LeaderElection.waitForResults(LeaderElection.java:262)
	at org.apache.ratis.server.impl.LeaderElection.askForVotes(LeaderElection.java:200)
	at org.apache.ratis.server.impl.LeaderElection.run(LeaderElection.java:130)
	at java.lang.Thread.run(Thread.java:748)
Caused by: org.apache.ratis.thirdparty.io.grpc.StatusRuntimeException: UNAVAILABLE: io exception
	at org.apache.ratis.thirdparty.io.grpc.stub.ClientCalls.toStatusRuntimeException(ClientCalls.java:233)
	at org.apache.ratis.thirdparty.io.grpc.stub.ClientCalls.getUnchecked(ClientCalls.java:214)
	at org.apache.ratis.thirdparty.io.grpc.stub.ClientCalls.blockingUnaryCall(ClientCalls.java:139)
	at org.apache.ratis.proto.grpc.RaftServerProtocolServiceGrpc$RaftServerProtocolServiceBlockingStub.requestVote(RaftServerProtocolServiceGrpc.java:265)
	at org.apache.ratis.grpc.server.GrpcServerProtocolClient.requestVote(GrpcServerProtocolClient.java:83)
	at org.apache.ratis.grpc.server.GrpcService.requestVote(GrpcService.java:195)
	at org.apache.ratis.server.impl.LeaderElection.lambda$submitRequests$1(LeaderElection.java:237)
	at java.util.concurrent.FutureTask.run(FutureTask.java:266)
	at java.util.concurrent.Executors$RunnableAdapter.call(Executors.java:511)
	at java.util.concurrent.FutureTask.run(FutureTask.java:266)
	at java.util.concurrent.ThreadPoolExecutor.runWorker(ThreadPoolExecutor.java:1149)
	at java.util.concurrent.ThreadPoolExecutor$Worker.run(ThreadPoolExecutor.java:624)
	... 1 more
Caused by: org.apache.ratis.thirdparty.io.netty.channel.AbstractChannel$AnnotatedConnectException: Connection refused: /192.168.157.209:46003
	at sun.nio.ch.SocketChannelImpl.checkConnect(Native Method)
	at sun.nio.ch.SocketChannelImpl.finishConnect(SocketChannelImpl.java:717)
	at org.apache.ratis.thirdparty.io.netty.channel.socket.nio.NioSocketChannel.doFinishConnect(NioSocketChannel.java:327)
	at org.apache.ratis.thirdparty.io.netty.channel.nio.AbstractNioChannel$AbstractNioUnsafe.finishConnect(AbstractNioChannel.java:340)
	at org.apache.ratis.thirdparty.io.netty.channel.nio.NioEventLoop.processSelectedKey(NioEventLoop.java:632)
	at org.apache.ratis.thirdparty.io.netty.channel.nio.NioEventLoop.processSelectedKeysOptimized(NioEventLoop.java:579)
	at org.apache.ratis.thirdparty.io.netty.channel.nio.NioEventLoop.processSelectedKeys(NioEventLoop.java:496)
	at org.apache.ratis.thirdparty.io.netty.channel.nio.NioEventLoop.run(NioEventLoop.java:458)
	at org.apache.ratis.thirdparty.io.netty.util.concurrent.SingleThreadEventExecutor$5.run(SingleThreadEventExecutor.java:897)
	at org.apache.ratis.thirdparty.io.netty.util.concurrent.FastThreadLocalRunnable.run(FastThreadLocalRunnable.java:30)
	... 1 more
Caused by: java.net.ConnectException: Connection refused
	... 11 more
2019-07-14 11:08:42,852 INFO  impl.LeaderElection (LogUtils.java:infoOrTrace(149)) - 2070baf0-4025-424a-b0f6-f75017e43d96:group-46C6F114FE18:LeaderElection120 got exception when requesting votes: {}
java.util.concurrent.ExecutionException: org.apache.ratis.thirdparty.io.grpc.StatusRuntimeException: UNAVAILABLE: io exception
	at java.util.concurrent.FutureTask.report(FutureTask.java:122)
	at java.util.concurrent.FutureTask.get(FutureTask.java:192)
	at org.apache.ratis.server.impl.LeaderElection.waitForResults(LeaderElection.java:262)
	at org.apache.ratis.server.impl.LeaderElection.askForVotes(LeaderElection.java:200)
	at org.apache.ratis.server.impl.LeaderElection.run(LeaderElection.java:130)
	at java.lang.Thread.run(Thread.java:748)
Caused by: org.apache.ratis.thirdparty.io.grpc.StatusRuntimeException: UNAVAILABLE: io exception
	at org.apache.ratis.thirdparty.io.grpc.stub.ClientCalls.toStatusRuntimeException(ClientCalls.java:233)
	at org.apache.ratis.thirdparty.io.grpc.stub.ClientCalls.getUnchecked(ClientCalls.java:214)
	at org.apache.ratis.thirdparty.io.grpc.stub.ClientCalls.blockingUnaryCall(ClientCalls.java:139)
	at org.apache.ratis.proto.grpc.RaftServerProtocolServiceGrpc$RaftServerProtocolServiceBlockingStub.requestVote(RaftServerProtocolServiceGrpc.java:265)
	at org.apache.ratis.grpc.server.GrpcServerProtocolClient.requestVote(GrpcServerProtocolClient.java:83)
	at org.apache.ratis.grpc.server.GrpcService.requestVote(GrpcService.java:195)
	at org.apache.ratis.server.impl.LeaderElection.lambda$submitRequests$1(LeaderElection.java:237)
	at java.util.concurrent.FutureTask.run(FutureTask.java:266)
	at java.util.concurrent.Executors$RunnableAdapter.call(Executors.java:511)
	at java.util.concurrent.FutureTask.run(FutureTask.java:266)
	at java.util.concurrent.ThreadPoolExecutor.runWorker(ThreadPoolExecutor.java:1149)
	at java.util.concurrent.ThreadPoolExecutor$Worker.run(ThreadPoolExecutor.java:624)
	... 1 more
Caused by: org.apache.ratis.thirdparty.io.netty.channel.AbstractChannel$AnnotatedConnectException: Connection refused: /192.168.157.209:43061
	at sun.nio.ch.SocketChannelImpl.checkConnect(Native Method)
	at sun.nio.ch.SocketChannelImpl.finishConnect(SocketChannelImpl.java:717)
	at org.apache.ratis.thirdparty.io.netty.channel.socket.nio.NioSocketChannel.doFinishConnect(NioSocketChannel.java:327)
	at org.apache.ratis.thirdparty.io.netty.channel.nio.AbstractNioChannel$AbstractNioUnsafe.finishConnect(AbstractNioChannel.java:340)
	at org.apache.ratis.thirdparty.io.netty.channel.nio.NioEventLoop.processSelectedKey(NioEventLoop.java:632)
	at org.apache.ratis.thirdparty.io.netty.channel.nio.NioEventLoop.processSelectedKeysOptimized(NioEventLoop.java:579)
	at org.apache.ratis.thirdparty.io.netty.channel.nio.NioEventLoop.processSelectedKeys(NioEventLoop.java:496)
	at org.apache.ratis.thirdparty.io.netty.channel.nio.NioEventLoop.run(NioEventLoop.java:458)
	at org.apache.ratis.thirdparty.io.netty.util.concurrent.SingleThreadEventExecutor$5.run(SingleThreadEventExecutor.java:897)
	at org.apache.ratis.thirdparty.io.netty.util.concurrent.FastThreadLocalRunnable.run(FastThreadLocalRunnable.java:30)
	... 1 more
Caused by: java.net.ConnectException: Connection refused
	... 11 more
2019-07-14 11:08:42,854 INFO  impl.LeaderElection (LeaderElection.java:logAndReturn(56)) - 2070baf0-4025-424a-b0f6-f75017e43d96:group-46C6F114FE18:LeaderElection120: Election REJECTED; received 0 response(s) [] and 2 exception(s); 2070baf0-4025-424a-b0f6-f75017e43d96:t2, leader=null, voted=2070baf0-4025-424a-b0f6-f75017e43d96, raftlog=2070baf0-4025-424a-b0f6-f75017e43d96-SegmentedRaftLog:OPENED:c34,f34,i34, conf=0: [b77edfec-6442-4bf4-8031-76cd542021cd:192.168.157.209:46003, 2070baf0-4025-424a-b0f6-f75017e43d96:192.168.157.209:43550, 16fc700d-3ecf-488f-92ee-8c3f3cf2f24e:192.168.157.209:43061], old=null
2019-07-14 11:08:42,854 INFO  impl.LeaderElection (LogUtils.java:infoOrTrace(149)) -   Exception 0: {}
java.util.concurrent.ExecutionException: org.apache.ratis.thirdparty.io.grpc.StatusRuntimeException: UNAVAILABLE: io exception
	at java.util.concurrent.FutureTask.report(FutureTask.java:122)
	at java.util.concurrent.FutureTask.get(FutureTask.java:192)
	at org.apache.ratis.server.impl.LeaderElection.waitForResults(LeaderElection.java:262)
	at org.apache.ratis.server.impl.LeaderElection.askForVotes(LeaderElection.java:200)
	at org.apache.ratis.server.impl.LeaderElection.run(LeaderElection.java:130)
	at java.lang.Thread.run(Thread.java:748)
Caused by: org.apache.ratis.thirdparty.io.grpc.StatusRuntimeException: UNAVAILABLE: io exception
	at org.apache.ratis.thirdparty.io.grpc.stub.ClientCalls.toStatusRuntimeException(ClientCalls.java:233)
	at org.apache.ratis.thirdparty.io.grpc.stub.ClientCalls.getUnchecked(ClientCalls.java:214)
	at org.apache.ratis.thirdparty.io.grpc.stub.ClientCalls.blockingUnaryCall(ClientCalls.java:139)
	at org.apache.ratis.proto.grpc.RaftServerProtocolServiceGrpc$RaftServerProtocolServiceBlockingStub.requestVote(RaftServerProtocolServiceGrpc.java:265)
	at org.apache.ratis.grpc.server.GrpcServerProtocolClient.requestVote(GrpcServerProtocolClient.java:83)
	at org.apache.ratis.grpc.server.GrpcService.requestVote(GrpcService.java:195)
	at org.apache.ratis.server.impl.LeaderElection.lambda$submitRequests$1(LeaderElection.java:237)
	at java.util.concurrent.FutureTask.run(FutureTask.java:266)
	at java.util.concurrent.Executors$RunnableAdapter.call(Executors.java:511)
	at java.util.concurrent.FutureTask.run(FutureTask.java:266)
	at java.util.concurrent.ThreadPoolExecutor.runWorker(ThreadPoolExecutor.java:1149)
	at java.util.concurrent.ThreadPoolExecutor$Worker.run(ThreadPoolExecutor.java:624)
	... 1 more
Caused by: org.apache.ratis.thirdparty.io.netty.channel.AbstractChannel$AnnotatedConnectException: Connection refused: /192.168.157.209:46003
	at sun.nio.ch.SocketChannelImpl.checkConnect(Native Method)
	at sun.nio.ch.SocketChannelImpl.finishConnect(SocketChannelImpl.java:717)
	at org.apache.ratis.thirdparty.io.netty.channel.socket.nio.NioSocketChannel.doFinishConnect(NioSocketChannel.java:327)
	at org.apache.ratis.thirdparty.io.netty.channel.nio.AbstractNioChannel$AbstractNioUnsafe.finishConnect(AbstractNioChannel.java:340)
	at org.apache.ratis.thirdparty.io.netty.channel.nio.NioEventLoop.processSelectedKey(NioEventLoop.java:632)
	at org.apache.ratis.thirdparty.io.netty.channel.nio.NioEventLoop.processSelectedKeysOptimized(NioEventLoop.java:579)
	at org.apache.ratis.thirdparty.io.netty.channel.nio.NioEventLoop.processSelectedKeys(NioEventLoop.java:496)
	at org.apache.ratis.thirdparty.io.netty.channel.nio.NioEventLoop.run(NioEventLoop.java:458)
	at org.apache.ratis.thirdparty.io.netty.util.concurrent.SingleThreadEventExecutor$5.run(SingleThreadEventExecutor.java:897)
	at org.apache.ratis.thirdparty.io.netty.util.concurrent.FastThreadLocalRunnable.run(FastThreadLocalRunnable.java:30)
	... 1 more
Caused by: java.net.ConnectException: Connection refused
	... 11 more
2019-07-14 11:08:42,854 INFO  impl.LeaderElection (LogUtils.java:infoOrTrace(149)) -   Exception 1: {}
java.util.concurrent.ExecutionException: org.apache.ratis.thirdparty.io.grpc.StatusRuntimeException: UNAVAILABLE: io exception
	at java.util.concurrent.FutureTask.report(FutureTask.java:122)
	at java.util.concurrent.FutureTask.get(FutureTask.java:192)
	at org.apache.ratis.server.impl.LeaderElection.waitForResults(LeaderElection.java:262)
	at org.apache.ratis.server.impl.LeaderElection.askForVotes(LeaderElection.java:200)
	at org.apache.ratis.server.impl.LeaderElection.run(LeaderElection.java:130)
	at java.lang.Thread.run(Thread.java:748)
Caused by: org.apache.ratis.thirdparty.io.grpc.StatusRuntimeException: UNAVAILABLE: io exception
	at org.apache.ratis.thirdparty.io.grpc.stub.ClientCalls.toStatusRuntimeException(ClientCalls.java:233)
	at org.apache.ratis.thirdparty.io.grpc.stub.ClientCalls.getUnchecked(ClientCalls.java:214)
	at org.apache.ratis.thirdparty.io.grpc.stub.ClientCalls.blockingUnaryCall(ClientCalls.java:139)
	at org.apache.ratis.proto.grpc.RaftServerProtocolServiceGrpc$RaftServerProtocolServiceBlockingStub.requestVote(RaftServerProtocolServiceGrpc.java:265)
	at org.apache.ratis.grpc.server.GrpcServerProtocolClient.requestVote(GrpcServerProtocolClient.java:83)
	at org.apache.ratis.grpc.server.GrpcService.requestVote(GrpcService.java:195)
	at org.apache.ratis.server.impl.LeaderElection.lambda$submitRequests$1(LeaderElection.java:237)
	at java.util.concurrent.FutureTask.run(FutureTask.java:266)
	at java.util.concurrent.Executors$RunnableAdapter.call(Executors.java:511)
	at java.util.concurrent.FutureTask.run(FutureTask.java:266)
	at java.util.concurrent.ThreadPoolExecutor.runWorker(ThreadPoolExecutor.java:1149)
	at java.util.concurrent.ThreadPoolExecutor$Worker.run(ThreadPoolExecutor.java:624)
	... 1 more
Caused by: org.apache.ratis.thirdparty.io.netty.channel.AbstractChannel$AnnotatedConnectException: Connection refused: /192.168.157.209:43061
	at sun.nio.ch.SocketChannelImpl.checkConnect(Native Method)
	at sun.nio.ch.SocketChannelImpl.finishConnect(SocketChannelImpl.java:717)
	at org.apache.ratis.thirdparty.io.netty.channel.socket.nio.NioSocketChannel.doFinishConnect(NioSocketChannel.java:327)
	at org.apache.ratis.thirdparty.io.netty.channel.nio.AbstractNioChannel$AbstractNioUnsafe.finishConnect(AbstractNioChannel.java:340)
	at org.apache.ratis.thirdparty.io.netty.channel.nio.NioEventLoop.processSelectedKey(NioEventLoop.java:632)
	at org.apache.ratis.thirdparty.io.netty.channel.nio.NioEventLoop.processSelectedKeysOptimized(NioEventLoop.java:579)
	at org.apache.ratis.thirdparty.io.netty.channel.nio.NioEventLoop.processSelectedKeys(NioEventLoop.java:496)
	at org.apache.ratis.thirdparty.io.netty.channel.nio.NioEventLoop.run(NioEventLoop.java:458)
	at org.apache.ratis.thirdparty.io.netty.util.concurrent.SingleThreadEventExecutor$5.run(SingleThreadEventExecutor.java:897)
	at org.apache.ratis.thirdparty.io.netty.util.concurrent.FastThreadLocalRunnable.run(FastThreadLocalRunnable.java:30)
	... 1 more
Caused by: java.net.ConnectException: Connection refused
	... 11 more
2019-07-14 11:08:42,854 INFO  impl.RaftServerImpl (RaftServerImpl.java:setRole(171)) - 2070baf0-4025-424a-b0f6-f75017e43d96:group-46C6F114FE18 changes role from CANDIDATE to FOLLOWER at term 2 for DISCOVERED_A_NEW_TERM
2019-07-14 11:08:42,854 INFO  impl.RoleInfo (RoleInfo.java:shutdownLeaderElection(134)) - 2070baf0-4025-424a-b0f6-f75017e43d96: shutdown LeaderElection
2019-07-14 11:08:42,855 INFO  impl.RoleInfo (RoleInfo.java:updateAndGet(143)) - 2070baf0-4025-424a-b0f6-f75017e43d96: start FollowerState
2019-07-14 11:08:45,138 INFO  node.StaleNodeHandler (StaleNodeHandler.java:onMessage(58)) - Datanode 2070baf0-4025-424a-b0f6-f75017e43d96{ip: 192.168.157.209, host: trunk-nightly-fxmrv-2540794721, networkLocation: /default-rack, certSerialId: null} moved to stale state. Finalizing its pipelines [PipelineID=43b0eba0-d7ba-4344-882c-46c6f114fe18, PipelineID=236197bb-93e7-446f-a92e-fceaa31a3053]
2019-07-14 11:08:45,138 INFO  pipeline.SCMPipelineManager (SCMPipelineManager.java:finalizeAndDestroyPipeline(309)) - destroying pipeline:Pipeline[ Id: 43b0eba0-d7ba-4344-882c-46c6f114fe18, Nodes: b77edfec-6442-4bf4-8031-76cd542021cd{ip: 192.168.157.209, host: trunk-nightly-fxmrv-2540794721, networkLocation: /default-rack, certSerialId: null}2070baf0-4025-424a-b0f6-f75017e43d96{ip: 192.168.157.209, host: trunk-nightly-fxmrv-2540794721, networkLocation: /default-rack, certSerialId: null}16fc700d-3ecf-488f-92ee-8c3f3cf2f24e{ip: 192.168.157.209, host: trunk-nightly-fxmrv-2540794721, networkLocation: /default-rack, certSerialId: null}, Type:RATIS, Factor:THREE, State:CLOSED]
2019-07-14 11:08:45,138 INFO  pipeline.SCMPipelineManager (SCMPipelineManager.java:finalizeAndDestroyPipeline(309)) - destroying pipeline:Pipeline[ Id: 236197bb-93e7-446f-a92e-fceaa31a3053, Nodes: 2070baf0-4025-424a-b0f6-f75017e43d96{ip: 192.168.157.209, host: trunk-nightly-fxmrv-2540794721, networkLocation: /default-rack, certSerialId: null}, Type:RATIS, Factor:ONE, State:OPEN]
2019-07-14 11:08:45,139 INFO  pipeline.PipelineStateManager (PipelineStateManager.java:finalizePipeline(123)) - Pipeline Pipeline[ Id: 236197bb-93e7-446f-a92e-fceaa31a3053, Nodes: 2070baf0-4025-424a-b0f6-f75017e43d96{ip: 192.168.157.209, host: trunk-nightly-fxmrv-2540794721, networkLocation: /default-rack, certSerialId: null}, Type:RATIS, Factor:ONE, State:CLOSED] moved to CLOSED state
2019-07-14 11:08:45,663 INFO  ozoneimpl.OzoneContainer (OzoneContainer.java:stop(199)) - Attempting to stop container services.
2019-07-14 11:08:45,664 INFO  impl.RaftServerProxy (RaftServerProxy.java:lambda$close$4(314)) - 2070baf0-4025-424a-b0f6-f75017e43d96: close
2019-07-14 11:08:45,665 INFO  impl.RaftServerImpl (RaftServerImpl.java:lambda$shutdown$3(245)) - 2070baf0-4025-424a-b0f6-f75017e43d96: shutdown group-46C6F114FE18
2019-07-14 11:08:45,665 INFO  util.JmxRegister (JmxRegister.java:unregister(73)) - Successfully un-registered JMX Bean with object name Ratis:service=RaftServer,group=group-46C6F114FE18,id=2070baf0-4025-424a-b0f6-f75017e43d96
2019-07-14 11:08:45,666 INFO  impl.RoleInfo (RoleInfo.java:shutdownFollowerState(121)) - 2070baf0-4025-424a-b0f6-f75017e43d96: shutdown FollowerState
2019-07-14 11:08:45,666 INFO  impl.StateMachineUpdater (StateMachineUpdater.java:stopAndJoin(115)) - StateMachineUpdater:2070baf0-4025-424a-b0f6-f75017e43d96:group-46C6F114FE18: set stopIndex = 34
2019-07-14 11:08:45,666 INFO  impl.FollowerState (FollowerState.java:run(114)) - 2070baf0-4025-424a-b0f6-f75017e43d96: FollowerState was interrupted: java.lang.InterruptedException: sleep interrupted
2019-07-14 11:08:45,666 INFO  ratis.ContainerStateMachine (ContainerStateMachine.java:takeSnapshot(249)) - group-46C6F114FE18: Taking a snapshot at:(t:1, i:32) file /workdir/hadoop-ozone/integration-test/target/test-dir/MiniOzoneClusterImpl-8f5a5b31-577b-4034-9f8b-a6dcc573b209/datanode-5/data/ratis/43b0eba0-d7ba-4344-882c-46c6f114fe18/sm/snapshot.1_32
2019-07-14 11:08:45,669 INFO  ratis.ContainerStateMachine (ContainerStateMachine.java:takeSnapshot(257)) - group-46C6F114FE18: Finished taking a snapshot at:(t:1, i:32) file:/workdir/hadoop-ozone/integration-test/target/test-dir/MiniOzoneClusterImpl-8f5a5b31-577b-4034-9f8b-a6dcc573b209/datanode-5/data/ratis/43b0eba0-d7ba-4344-882c-46c6f114fe18/sm/snapshot.1_32 time:3
2019-07-14 11:08:45,670 INFO  impl.StateMachineUpdater (StateMachineUpdater.java:takeSnapshot(242)) - StateMachineUpdater:2070baf0-4025-424a-b0f6-f75017e43d96:group-46C6F114FE18: Took a snapshot at index 32
2019-07-14 11:08:45,670 INFO  impl.StateMachineUpdater (StateMachineUpdater.java:lambda$new$0(80)) - StateMachineUpdater:2070baf0-4025-424a-b0f6-f75017e43d96:group-46C6F114FE18: snapshotIndex: updateIncreasingly -1 -> 32
2019-07-14 11:08:45,670 INFO  impl.RaftServerImpl (ServerState.java:close(394)) - 2070baf0-4025-424a-b0f6-f75017e43d96:group-46C6F114FE18 closes. The last applied log index is 34
2019-07-14 11:08:45,671 INFO  segmented.SegmentedRaftLogWorker (SegmentedRaftLogWorker.java:run(313)) - 2070baf0-4025-424a-b0f6-f75017e43d96-SegmentedRaftLogWorker:Storage Directory /workdir/hadoop-ozone/integration-test/target/test-dir/MiniOzoneClusterImpl-8f5a5b31-577b-4034-9f8b-a6dcc573b209/datanode-5/data/ratis/43b0eba0-d7ba-4344-882c-46c6f114fe18 was interrupted, exiting. There are 0 tasks remaining in the queue.
2019-07-14 11:08:45,671 INFO  segmented.SegmentedRaftLogWorker (SegmentedRaftLogWorker.java:close(228)) - 2070baf0-4025-424a-b0f6-f75017e43d96-SegmentedRaftLogWorker:Storage Directory /workdir/hadoop-ozone/integration-test/target/test-dir/MiniOzoneClusterImpl-8f5a5b31-577b-4034-9f8b-a6dcc573b209/datanode-5/data/ratis/43b0eba0-d7ba-4344-882c-46c6f114fe18 close()
2019-07-14 11:08:45,673 INFO  impl.RaftServerImpl (RaftServerImpl.java:lambda$shutdown$3(245)) - 2070baf0-4025-424a-b0f6-f75017e43d96: shutdown group-FCEAA31A3053
2019-07-14 11:08:45,673 INFO  util.JmxRegister (JmxRegister.java:unregister(73)) - Successfully un-registered JMX Bean with object name Ratis:service=RaftServer,group=group-FCEAA31A3053,id=2070baf0-4025-424a-b0f6-f75017e43d96
2019-07-14 11:08:45,674 INFO  impl.RoleInfo (RoleInfo.java:shutdownLeaderState(104)) - 2070baf0-4025-424a-b0f6-f75017e43d96: shutdown LeaderState
2019-07-14 11:08:45,674 INFO  impl.PendingRequests (PendingRequests.java:sendNotLeaderResponses(202)) - 2070baf0-4025-424a-b0f6-f75017e43d96-PendingRequests: sendNotLeaderResponses
2019-07-14 11:08:45,675 INFO  impl.StateMachineUpdater (StateMachineUpdater.java:stopAndJoin(115)) - StateMachineUpdater:2070baf0-4025-424a-b0f6-f75017e43d96:group-FCEAA31A3053: set stopIndex = 0
2019-07-14 11:08:45,675 INFO  impl.RaftServerImpl (ServerState.java:close(394)) - 2070baf0-4025-424a-b0f6-f75017e43d96:group-FCEAA31A3053 closes. The last applied log index is 0
2019-07-14 11:08:45,676 INFO  segmented.SegmentedRaftLogWorker (SegmentedRaftLogWorker.java:run(313)) - 2070baf0-4025-424a-b0f6-f75017e43d96-SegmentedRaftLogWorker:Storage Directory /workdir/hadoop-ozone/integration-test/target/test-dir/MiniOzoneClusterImpl-8f5a5b31-577b-4034-9f8b-a6dcc573b209/datanode-5/data/ratis/236197bb-93e7-446f-a92e-fceaa31a3053 was interrupted, exiting. There are 0 tasks remaining in the queue.
2019-07-14 11:08:45,676 INFO  segmented.SegmentedRaftLogWorker (SegmentedRaftLogWorker.java:close(228)) - 2070baf0-4025-424a-b0f6-f75017e43d96-SegmentedRaftLogWorker:Storage Directory /workdir/hadoop-ozone/integration-test/target/test-dir/MiniOzoneClusterImpl-8f5a5b31-577b-4034-9f8b-a6dcc573b209/datanode-5/data/ratis/236197bb-93e7-446f-a92e-fceaa31a3053 close()
2019-07-14 11:08:45,677 INFO  server.GrpcService (GrpcService.java:closeImpl(155)) - 2070baf0-4025-424a-b0f6-f75017e43d96: shutdown server with port 43550 now
2019-07-14 11:08:45,678 INFO  server.GrpcService (GrpcService.java:closeImpl(163)) - 2070baf0-4025-424a-b0f6-f75017e43d96: shutdown server with port 43550 successfully
2019-07-14 11:08:45,679 INFO  utils.BackgroundService (BackgroundService.java:shutdown(148)) - Shutting down service BlockDeletingService
2019-07-14 11:08:45,682 WARN  fs.CachingGetSpaceUsed (CachingGetSpaceUsed.java:run(183)) - Thread Interrupted waiting to refresh disk information: sleep interrupted
2019-07-14 11:08:45,700 INFO  statemachine.DatanodeStateMachine (DatanodeStateMachine.java:stopDaemon(395)) - Ozone container server stopped.
2019-07-14 11:08:45,712 INFO  handler.ContextHandler (ContextHandler.java:doStop(910)) - Stopped o.e.j.w.WebAppContext@78605670{/,null,UNAVAILABLE}{/hddsDatanode}
2019-07-14 11:08:45,713 INFO  server.AbstractConnector (AbstractConnector.java:doStop(318)) - Stopped ServerConnector@6022cf7e{HTTP/1.1,[http/1.1]}{0.0.0.0:0}
2019-07-14 11:08:45,714 INFO  handler.ContextHandler (ContextHandler.java:doStop(910)) - Stopped o.e.j.s.ServletContextHandler@50e3be0a{/static,jar:file:/home/user/.m2/repository/org/apache/hadoop/hadoop-hdds-container-service/0.5.0-SNAPSHOT/hadoop-hdds-container-service-0.5.0-SNAPSHOT.jar!/webapps/static,UNAVAILABLE}
2019-07-14 11:08:45,714 INFO  handler.ContextHandler (ContextHandler.java:doStop(910)) - Stopped o.e.j.s.ServletContextHandler@35e79be0{/logs,file:///workdir/hadoop-ozone/integration-test/target/log,UNAVAILABLE}
2019-07-14 11:08:45,715 INFO  ozone.MiniOzoneClusterImpl (MiniOzoneClusterImpl.java:stop(353)) - Stopping the StorageContainerManager
2019-07-14 11:08:45,715 INFO  server.StorageContainerManager (StorageContainerManager.java:stop(796)) - Stopping Replication Manager Service.
2019-07-14 11:08:45,715 INFO  container.ReplicationManager (ReplicationManager.java:stop(187)) - Stopping Replication Monitor Thread.
2019-07-14 11:08:45,716 INFO  server.StorageContainerManager (StorageContainerManager.java:stop(803)) - Stopping Lease Manager of the command watchers
2019-07-14 11:08:45,716 INFO  server.StorageContainerManager (StorageContainerManager.java:stop(810)) - Stopping datanode service RPC server
2019-07-14 11:08:45,716 INFO  server.SCMDatanodeProtocolServer (SCMDatanodeProtocolServer.java:stop(375)) - Stopping the RPC server for DataNodes
2019-07-14 11:08:45,716 INFO  ipc.Server (Server.java:stop(3082)) - Stopping server on 37391
2019-07-14 11:08:45,720 INFO  ipc.Server (Server.java:run(1185)) - Stopping IPC Server listener on 37391
2019-07-14 11:08:45,720 INFO  ipc.Server (Server.java:run(1319)) - Stopping IPC Server Responder
2019-07-14 11:08:45,739 WARN  node.NodeStateManager (NodeStateManager.java:scheduleNextHealthCheck(631)) - Current Thread is interrupted, shutting down HB processing thread for Node Manager.
2019-07-14 11:08:45,739 INFO  server.StorageContainerManager (StorageContainerManager.java:stop(818)) - Stopping block service RPC server
2019-07-14 11:08:45,739 INFO  server.SCMBlockProtocolServer (SCMBlockProtocolServer.java:stop(148)) - Stopping the RPC server for Block Protocol
2019-07-14 11:08:45,739 INFO  ipc.Server (Server.java:stop(3082)) - Stopping server on 46618
2019-07-14 11:08:45,741 INFO  server.StorageContainerManager (StorageContainerManager.java:stop(825)) - Stopping the StorageContainerLocationProtocol RPC server
2019-07-14 11:08:45,741 INFO  server.SCMClientProtocolServer (SCMClientProtocolServer.java:stop(157)) - Stopping the RPC server for Client Protocol
2019-07-14 11:08:45,742 INFO  ipc.Server (Server.java:run(1185)) - Stopping IPC Server listener on 46618
2019-07-14 11:08:45,742 INFO  ipc.Server (Server.java:run(1319)) - Stopping IPC Server Responder
2019-07-14 11:08:45,742 INFO  ipc.Server (Server.java:stop(3082)) - Stopping server on 33583
2019-07-14 11:08:45,745 INFO  ipc.Server (Server.java:run(1185)) - Stopping IPC Server listener on 33583
2019-07-14 11:08:45,745 INFO  server.StorageContainerManager (StorageContainerManager.java:stop(832)) - Stopping Storage Container Manager HTTP server.
2019-07-14 11:08:45,746 INFO  ipc.Server (Server.java:run(1319)) - Stopping IPC Server Responder
2019-07-14 11:08:45,747 INFO  handler.ContextHandler (ContextHandler.java:doStop(910)) - Stopped o.e.j.w.WebAppContext@60ee1a29{/,null,UNAVAILABLE}{/scm}
2019-07-14 11:08:45,748 INFO  server.AbstractConnector (AbstractConnector.java:doStop(318)) - Stopped ServerConnector@6142b9dd{HTTP/1.1,[http/1.1]}{0.0.0.0:0}
2019-07-14 11:08:45,748 INFO  handler.ContextHandler (ContextHandler.java:doStop(910)) - Stopped o.e.j.s.ServletContextHandler@2175111e{/static,file:///workdir/hadoop-ozone/integration-test/target/test-classes/webapps/static,UNAVAILABLE}
2019-07-14 11:08:45,749 INFO  handler.ContextHandler (ContextHandler.java:doStop(910)) - Stopped o.e.j.s.ServletContextHandler@78d72c9b{/logs,file:///workdir/hadoop-ozone/integration-test/target/log,UNAVAILABLE}
2019-07-14 11:08:45,750 INFO  server.StorageContainerManager (StorageContainerManager.java:stop(843)) - Stopping Block Manager Service.
2019-07-14 11:08:45,750 INFO  utils.BackgroundService (BackgroundService.java:shutdown(148)) - Shutting down service SCMBlockDeletingService
2019-07-14 11:08:45,751 INFO  utils.BackgroundService (BackgroundService.java:shutdown(148)) - Shutting down service SCMBlockDeletingService
2019-07-14 11:08:45,751 INFO  server.StorageContainerManager (StorageContainerManager.java:stop(865)) - Stopping SCM Event Queue.
2019-07-14 11:08:45,755 INFO  impl.MetricsSystemImpl (MetricsSystemImpl.java:stop(210)) - Stopping HddsDatanode metrics system...
2019-07-14 11:08:45,765 INFO  impl.MetricsSystemImpl (MetricsSystemImpl.java:stop(216)) - HddsDatanode metrics system stopped.
]]></system-out>
    <system-err><![CDATA[Jul 14, 2019 11:08:12 AM com.sun.jersey.server.impl.application.WebApplicationImpl _initiate
INFO: Initiating Jersey application, version 'Jersey: 1.19 02/11/2015 03:25 AM'
Jul 14, 2019 11:08:12 AM com.sun.jersey.server.impl.application.WebApplicationImpl _initiate
INFO: Initiating Jersey application, version 'Jersey: 1.19 02/11/2015 03:25 AM'
Jul 14, 2019 11:08:12 AM com.sun.jersey.server.impl.application.WebApplicationImpl _initiate
INFO: Initiating Jersey application, version 'Jersey: 1.19 02/11/2015 03:25 AM'
Jul 14, 2019 11:08:12 AM com.sun.jersey.server.impl.application.WebApplicationImpl _initiate
INFO: Initiating Jersey application, version 'Jersey: 1.19 02/11/2015 03:25 AM'
Jul 14, 2019 11:08:12 AM com.sun.jersey.server.impl.application.WebApplicationImpl _initiate
INFO: Initiating Jersey application, version 'Jersey: 1.19 02/11/2015 03:25 AM'
Jul 14, 2019 11:08:12 AM com.sun.jersey.server.impl.application.WebApplicationImpl _initiate
INFO: Initiating Jersey application, version 'Jersey: 1.19 02/11/2015 03:25 AM'
Jul 14, 2019 11:08:13 AM com.sun.jersey.server.impl.application.WebApplicationImpl _initiate
INFO: Initiating Jersey application, version 'Jersey: 1.19 02/11/2015 03:25 AM'
Jul 14, 2019 11:08:16 AM org.apache.ratis.thirdparty.io.grpc.internal.ManagedChannelOrphanWrapper$ManagedChannelReference cleanQueue
SEVERE: *~*~*~ Channel ManagedChannelImpl{logId=3516, target=192.168.157.209:33325} was not shutdown properly!!! ~*~*~*
    Make sure to call shutdown()/shutdownNow() and wait until awaitTermination() returns true.
java.lang.RuntimeException: ManagedChannel allocation site
	at org.apache.ratis.thirdparty.io.grpc.internal.ManagedChannelOrphanWrapper$ManagedChannelReference.<init>(ManagedChannelOrphanWrapper.java:103)
	at org.apache.ratis.thirdparty.io.grpc.internal.ManagedChannelOrphanWrapper.<init>(ManagedChannelOrphanWrapper.java:53)
	at org.apache.ratis.thirdparty.io.grpc.internal.ManagedChannelOrphanWrapper.<init>(ManagedChannelOrphanWrapper.java:44)
	at org.apache.ratis.thirdparty.io.grpc.internal.AbstractManagedChannelImplBuilder.build(AbstractManagedChannelImplBuilder.java:411)
	at org.apache.ratis.grpc.client.GrpcClientProtocolClient.<init>(GrpcClientProtocolClient.java:119)
	at org.apache.ratis.grpc.client.GrpcClientRpc.lambda$new$0(GrpcClientRpc.java:55)
	at org.apache.ratis.util.PeerProxyMap$PeerAndProxy.lambda$getProxy$0(PeerProxyMap.java:61)
	at org.apache.ratis.util.LifeCycle.startAndTransition(LifeCycle.java:202)
	at org.apache.ratis.util.PeerProxyMap$PeerAndProxy.getProxy(PeerProxyMap.java:60)
	at org.apache.ratis.util.PeerProxyMap.getProxy(PeerProxyMap.java:107)
	at org.apache.ratis.grpc.client.GrpcClientRpc.sendRequestAsync(GrpcClientRpc.java:66)
	at org.apache.ratis.client.impl.OrderedAsync.sendRequest(OrderedAsync.java:208)
	at org.apache.ratis.client.impl.OrderedAsync.sendRequestWithRetry(OrderedAsync.java:169)
	at org.apache.ratis.util.SlidingWindow$Client.sendOrDelayRequest(SlidingWindow.java:278)
	at org.apache.ratis.util.SlidingWindow$Client.retry(SlidingWindow.java:294)
	at org.apache.ratis.client.impl.OrderedAsync.lambda$scheduleWithTimeout$7(OrderedAsync.java:195)
	at org.apache.ratis.util.TimeoutScheduler.lambda$onTimeout$0(TimeoutScheduler.java:85)
	at org.apache.ratis.util.TimeoutScheduler.lambda$onTimeout$1(TimeoutScheduler.java:104)
	at org.apache.ratis.util.LogUtils.runAndLog(LogUtils.java:50)
	at org.apache.ratis.util.LogUtils$1.run(LogUtils.java:91)
	at java.util.concurrent.Executors$RunnableAdapter.call(Executors.java:511)
	at java.util.concurrent.FutureTask.run(FutureTask.java:266)
	at java.util.concurrent.ScheduledThreadPoolExecutor$ScheduledFutureTask.access$201(ScheduledThreadPoolExecutor.java:180)
	at java.util.concurrent.ScheduledThreadPoolExecutor$ScheduledFutureTask.run(ScheduledThreadPoolExecutor.java:293)
	at java.util.concurrent.ThreadPoolExecutor.runWorker(ThreadPoolExecutor.java:1149)
	at java.util.concurrent.ThreadPoolExecutor$Worker.run(ThreadPoolExecutor.java:624)
	at java.lang.Thread.run(Thread.java:748)

]]></system-err>
  </testcase>
  <testcase name="testExceptionDuringClose" classname="org.apache.hadoop.ozone.client.rpc.TestBlockOutputStreamWithFailures" time="34.397">
    <error type="java.lang.IllegalArgumentException">java.lang.IllegalArgumentException
	at com.google.common.base.Preconditions.checkArgument(Preconditions.java:72)
	at org.apache.hadoop.hdds.scm.XceiverClientManager.acquireClient(XceiverClientManager.java:150)
	at org.apache.hadoop.hdds.scm.XceiverClientManager.acquireClientForReadData(XceiverClientManager.java:143)
	at org.apache.hadoop.hdds.scm.storage.BlockInputStream.getChunkInfos(BlockInputStream.java:154)
	at org.apache.hadoop.hdds.scm.storage.BlockInputStream.initialize(BlockInputStream.java:118)
	at org.apache.hadoop.hdds.scm.storage.BlockInputStream.read(BlockInputStream.java:222)
	at org.apache.hadoop.ozone.client.io.KeyInputStream.read(KeyInputStream.java:171)
	at org.apache.hadoop.ozone.client.io.OzoneInputStream.read(OzoneInputStream.java:47)
	at java.io.InputStream.read(InputStream.java:101)
	at org.apache.hadoop.ozone.container.ContainerTestHelper.validateData(ContainerTestHelper.java:709)
	at org.apache.hadoop.ozone.client.rpc.TestBlockOutputStreamWithFailures.validateData(TestBlockOutputStreamWithFailures.java:1212)
	at org.apache.hadoop.ozone.client.rpc.TestBlockOutputStreamWithFailures.testExceptionDuringClose(TestBlockOutputStreamWithFailures.java:773)
	at sun.reflect.NativeMethodAccessorImpl.invoke0(Native Method)
	at sun.reflect.NativeMethodAccessorImpl.invoke(NativeMethodAccessorImpl.java:62)
	at sun.reflect.DelegatingMethodAccessorImpl.invoke(DelegatingMethodAccessorImpl.java:43)
	at java.lang.reflect.Method.invoke(Method.java:498)
	at org.junit.runners.model.FrameworkMethod$1.runReflectiveCall(FrameworkMethod.java:47)
	at org.junit.internal.runners.model.ReflectiveCallable.run(ReflectiveCallable.java:12)
	at org.junit.runners.model.FrameworkMethod.invokeExplosively(FrameworkMethod.java:44)
	at org.junit.internal.runners.statements.InvokeMethod.evaluate(InvokeMethod.java:17)
	at org.junit.internal.runners.statements.RunBefores.evaluate(RunBefores.java:26)
	at org.junit.internal.runners.statements.RunAfters.evaluate(RunAfters.java:27)
	at org.junit.runners.ParentRunner.runLeaf(ParentRunner.java:271)
	at org.junit.runners.BlockJUnit4ClassRunner.runChild(BlockJUnit4ClassRunner.java:70)
	at org.junit.runners.BlockJUnit4ClassRunner.runChild(BlockJUnit4ClassRunner.java:50)
	at org.junit.runners.ParentRunner$3.run(ParentRunner.java:238)
	at org.junit.runners.ParentRunner$1.schedule(ParentRunner.java:63)
	at org.junit.runners.ParentRunner.runChildren(ParentRunner.java:236)
	at org.junit.runners.ParentRunner.access$000(ParentRunner.java:53)
	at org.junit.runners.ParentRunner$2.evaluate(ParentRunner.java:229)
	at org.junit.runners.ParentRunner.run(ParentRunner.java:309)
	at org.apache.maven.surefire.junit4.JUnit4Provider.execute(JUnit4Provider.java:365)
	at org.apache.maven.surefire.junit4.JUnit4Provider.executeWithRerun(JUnit4Provider.java:273)
	at org.apache.maven.surefire.junit4.JUnit4Provider.executeTestSet(JUnit4Provider.java:238)
	at org.apache.maven.surefire.junit4.JUnit4Provider.invoke(JUnit4Provider.java:159)
	at org.apache.maven.surefire.booter.ForkedBooter.invokeProviderInSameClassLoader(ForkedBooter.java:384)
	at org.apache.maven.surefire.booter.ForkedBooter.runSuitesInProcess(ForkedBooter.java:345)
	at org.apache.maven.surefire.booter.ForkedBooter.execute(ForkedBooter.java:126)
	at org.apache.maven.surefire.booter.ForkedBooter.main(ForkedBooter.java:418)
</error>
    <system-out><![CDATA[2019-07-14 11:08:45,812 WARN  server.ServerUtils (ServerUtils.java:getScmDbDir(145)) - ozone.scm.db.dirs is not configured. We recommend adding this setting. Falling back to ozone.metadata.dirs instead.
2019-07-14 11:08:45,836 WARN  server.ServerUtils (ServerUtils.java:getScmDbDir(145)) - ozone.scm.db.dirs is not configured. We recommend adding this setting. Falling back to ozone.metadata.dirs instead.
2019-07-14 11:08:45,837 WARN  server.ServerUtils (ServerUtils.java:getScmDbDir(145)) - ozone.scm.db.dirs is not configured. We recommend adding this setting. Falling back to ozone.metadata.dirs instead.
2019-07-14 11:08:45,837 INFO  db.DBStoreBuilder (DBStoreBuilder.java:addTable(110)) - using custom profile for table: deletedBlocks
2019-07-14 11:08:45,837 INFO  db.DBStoreBuilder (DBStoreBuilder.java:processTables(161)) - Using default column profile:DBProfile.DISK for Table:deletedBlocks
2019-07-14 11:08:45,838 INFO  db.DBStoreBuilder (DBStoreBuilder.java:addTable(110)) - using custom profile for table: validCerts
2019-07-14 11:08:45,838 INFO  db.DBStoreBuilder (DBStoreBuilder.java:processTables(161)) - Using default column profile:DBProfile.DISK for Table:validCerts
2019-07-14 11:08:45,838 INFO  db.DBStoreBuilder (DBStoreBuilder.java:addTable(110)) - using custom profile for table: revokedCerts
2019-07-14 11:08:45,838 INFO  db.DBStoreBuilder (DBStoreBuilder.java:processTables(161)) - Using default column profile:DBProfile.DISK for Table:revokedCerts
2019-07-14 11:08:45,839 INFO  db.DBStoreBuilder (DBStoreBuilder.java:addTable(110)) - using custom profile for table: default
2019-07-14 11:08:45,839 INFO  db.DBStoreBuilder (DBStoreBuilder.java:processTables(167)) - Using default column profile:DBProfile.DISK for Table:default
2019-07-14 11:08:45,839 INFO  db.DBStoreBuilder (DBStoreBuilder.java:getDbProfile(198)) - Using default options. DBProfile.DISK
2019-07-14 11:08:45,982 INFO  net.NodeSchemaLoader (NodeSchemaLoader.java:loadSchemaFromFile(125)) - Loading file from sun.misc.CompoundEnumeration@4589bc66
2019-07-14 11:08:45,982 INFO  net.NodeSchemaLoader (NodeSchemaLoader.java:loadSchema(171)) - Loading network topology layer schema file
2019-07-14 11:08:45,987 INFO  node.SCMNodeManager (SCMNodeManager.java:<init>(119)) - Entering startup safe mode.
2019-07-14 11:08:45,987 WARN  server.ServerUtils (ServerUtils.java:getScmDbDir(145)) - ozone.scm.db.dirs is not configured. We recommend adding this setting. Falling back to ozone.metadata.dirs instead.
2019-07-14 11:08:46,032 INFO  pipeline.SCMPipelineManager (SCMPipelineManager.java:initializePipelineState(126)) - No pipeline exists in current db
2019-07-14 11:08:46,032 WARN  server.ServerUtils (ServerUtils.java:getScmDbDir(145)) - ozone.scm.db.dirs is not configured. We recommend adding this setting. Falling back to ozone.metadata.dirs instead.
2019-07-14 11:08:46,081 WARN  events.EventQueue (EventQueue.java:fireEvent(175)) - No event handler registered for event TypedEvent{payloadType=SafeModeStatus, name='SafeModeStatus'}
2019-07-14 11:08:46,082 INFO  ipc.CallQueueManager (CallQueueManager.java:<init>(84)) - Using callQueue: class java.util.concurrent.LinkedBlockingQueue, queueCapacity: 2000, scheduler: class org.apache.hadoop.ipc.DefaultRpcScheduler, ipcBackoff: false.
2019-07-14 11:08:46,083 INFO  ipc.Server (Server.java:run(1074)) - Starting Socket Reader #1 for port 37024
2019-07-14 11:08:46,085 INFO  ipc.CallQueueManager (CallQueueManager.java:<init>(84)) - Using callQueue: class java.util.concurrent.LinkedBlockingQueue, queueCapacity: 2000, scheduler: class org.apache.hadoop.ipc.DefaultRpcScheduler, ipcBackoff: false.
2019-07-14 11:08:46,085 INFO  ipc.Server (Server.java:run(1074)) - Starting Socket Reader #1 for port 33576
2019-07-14 11:08:46,090 INFO  ipc.CallQueueManager (CallQueueManager.java:<init>(84)) - Using callQueue: class java.util.concurrent.LinkedBlockingQueue, queueCapacity: 2000, scheduler: class org.apache.hadoop.ipc.DefaultRpcScheduler, ipcBackoff: false.
2019-07-14 11:08:46,091 INFO  ipc.Server (Server.java:run(1074)) - Starting Socket Reader #1 for port 41360
2019-07-14 11:08:46,094 INFO  hdfs.DFSUtil (DFSUtil.java:httpServerTemplateForNNAndJN(1641)) - Starting Web-server for scm at: http://0.0.0.0:0
2019-07-14 11:08:46,096 INFO  server.AuthenticationFilter (AuthenticationFilter.java:constructSecretProvider(240)) - Unable to initialize FileSignerSecretProvider, falling back to use random secrets.
2019-07-14 11:08:46,097 WARN  http.HttpRequestLog (HttpRequestLog.java:getRequestLog(97)) - Jetty request log can only be enabled using Log4j
2019-07-14 11:08:46,099 INFO  http.HttpServer2 (HttpServer2.java:addGlobalFilter(975)) - Added global filter 'safety' (class=org.apache.hadoop.http.HttpServer2$QuotingInputFilter)
2019-07-14 11:08:46,100 INFO  http.HttpServer2 (HttpServer2.java:addFilter(948)) - Added filter static_user_filter (class=org.apache.hadoop.http.lib.StaticUserWebFilter$StaticUserFilter) to context scm
2019-07-14 11:08:46,100 INFO  http.HttpServer2 (HttpServer2.java:addFilter(958)) - Added filter static_user_filter (class=org.apache.hadoop.http.lib.StaticUserWebFilter$StaticUserFilter) to context static
2019-07-14 11:08:46,100 INFO  http.HttpServer2 (HttpServer2.java:addFilter(958)) - Added filter static_user_filter (class=org.apache.hadoop.http.lib.StaticUserWebFilter$StaticUserFilter) to context logs
2019-07-14 11:08:46,102 INFO  server.StorageContainerManager (StorageContainerManager.java:start(759)) - StorageContainerLocationProtocol RPC server is listening at /0.0.0.0:41360
2019-07-14 11:08:46,104 WARN  impl.MetricsConfig (MetricsConfig.java:loadFirst(134)) - Cannot locate configuration: tried hadoop-metrics2-storagecontainermanager.properties,hadoop-metrics2.properties
2019-07-14 11:08:46,105 INFO  impl.MetricsSystemImpl (MetricsSystemImpl.java:startTimer(374)) - Scheduled Metric snapshot period at 10 second(s).
2019-07-14 11:08:46,105 INFO  impl.MetricsSystemImpl (MetricsSystemImpl.java:start(191)) - StorageContainerManager metrics system started
2019-07-14 11:08:46,174 INFO  server.SCMClientProtocolServer (SCMClientProtocolServer.java:start(149)) - RPC server for Client  is listening at /0.0.0.0:41360
2019-07-14 11:08:46,175 INFO  ipc.Server (Server.java:run(1314)) - IPC Server Responder: starting
2019-07-14 11:08:46,175 INFO  ipc.Server (Server.java:run(1153)) - IPC Server listener on 41360: starting
2019-07-14 11:08:46,179 INFO  server.StorageContainerManager (StorageContainerManager.java:start(768)) - ScmBlockLocationProtocol RPC server is listening at /0.0.0.0:33576
2019-07-14 11:08:46,179 INFO  server.SCMBlockProtocolServer (SCMBlockProtocolServer.java:start(140)) - RPC server for Block Protocol is listening at /0.0.0.0:33576
2019-07-14 11:08:46,179 INFO  ipc.Server (Server.java:run(1314)) - IPC Server Responder: starting
2019-07-14 11:08:46,180 INFO  ipc.Server (Server.java:run(1153)) - IPC Server listener on 33576: starting
2019-07-14 11:08:46,183 INFO  server.StorageContainerManager (StorageContainerManager.java:start(772)) - ScmDatanodeProtocl RPC server is listening at /0.0.0.0:37024
2019-07-14 11:08:46,184 INFO  server.SCMDatanodeProtocolServer (SCMDatanodeProtocolServer.java:start(191)) - RPC server for DataNodes is listening at /0.0.0.0:37024
2019-07-14 11:08:46,184 INFO  ipc.Server (Server.java:run(1314)) - IPC Server Responder: starting
2019-07-14 11:08:46,185 INFO  ipc.Server (Server.java:run(1153)) - IPC Server listener on 37024: starting
2019-07-14 11:08:46,188 INFO  http.HttpServer2 (HttpServer2.java:bindListener(1191)) - Jetty bound to port 45270
2019-07-14 11:08:46,189 INFO  server.Server (Server.java:doStart(351)) - jetty-9.3.24.v20180605, build timestamp: 2018-06-05T17:11:56Z, git hash: 84205aa28f11a4f31f2a3b86d1bba2cc8ab69827
2019-07-14 11:08:46,191 INFO  handler.ContextHandler (ContextHandler.java:doStart(781)) - Started o.e.j.s.ServletContextHandler@4ff2ac2d{/logs,file:///workdir/hadoop-ozone/integration-test/target/log,AVAILABLE}
2019-07-14 11:08:46,191 INFO  handler.ContextHandler (ContextHandler.java:doStart(781)) - Started o.e.j.s.ServletContextHandler@2a654167{/static,file:///workdir/hadoop-ozone/integration-test/target/test-classes/webapps/static,AVAILABLE}
2019-07-14 11:08:46,196 INFO  handler.ContextHandler (ContextHandler.java:doStart(781)) - Started o.e.j.w.WebAppContext@172e4d3a{/,file:///workdir/hadoop-ozone/integration-test/target/test-classes/webapps/scm/,AVAILABLE}{/scm}
2019-07-14 11:08:46,197 INFO  server.AbstractConnector (AbstractConnector.java:doStart(278)) - Started ServerConnector@74faa12{HTTP/1.1,[http/1.1]}{0.0.0.0:45270}
2019-07-14 11:08:46,200 INFO  server.Server (Server.java:doStart(419)) - Started @702069ms
2019-07-14 11:08:46,202 INFO  server.BaseHttpServer (BaseHttpServer.java:updateConnectorAddress(207)) - HTTP server of SCM is listening at http://0.0.0.0:45270
2019-07-14 11:08:46,202 WARN  server.ServerUtils (ServerUtils.java:getDBPath(222)) - ozone.om.db.dirs is not configured. We recommend adding this setting. Falling back to ozone.metadata.dirs instead.
2019-07-14 11:08:46,205 INFO  util.JvmPauseMonitor (JvmPauseMonitor.java:run(188)) - Starting JVM pause monitor
2019-07-14 11:08:46,218 WARN  server.ServerUtils (ServerUtils.java:getDBPath(222)) - ozone.om.db.dirs is not configured. We recommend adding this setting. Falling back to ozone.metadata.dirs instead.
2019-07-14 11:08:46,219 INFO  om.OzoneManager (OzoneManager.java:setOMNodeDetails(630)) - OM Service ID is not set. Setting it to the default ID: omServiceIdDefault
2019-07-14 11:08:46,219 INFO  om.OzoneManager (OzoneManager.java:setOMNodeDetails(636)) - OM Node ID is not set. Setting it to the OmStorage's OmID: 2c8472a1-b11b-4de3-b4a4-984e8be9b060
2019-07-14 11:08:46,219 INFO  om.OzoneManager (OzoneManager.java:loadOMHAConfigs(587)) - Found matching OM address with OMServiceId: null, OMNodeId: null, RPC Address: localhost:0 and Ratis port: 9872
2019-07-14 11:08:46,226 WARN  server.ServerUtils (ServerUtils.java:getDBPath(222)) - ozone.om.db.dirs is not configured. We recommend adding this setting. Falling back to ozone.metadata.dirs instead.
2019-07-14 11:08:46,227 INFO  db.DBStoreBuilder (DBStoreBuilder.java:addTable(110)) - using custom profile for table: userTable
2019-07-14 11:08:46,227 INFO  db.DBStoreBuilder (DBStoreBuilder.java:processTables(161)) - Using default column profile:DBProfile.DISK for Table:userTable
2019-07-14 11:08:46,227 INFO  db.DBStoreBuilder (DBStoreBuilder.java:addTable(110)) - using custom profile for table: volumeTable
2019-07-14 11:08:46,227 INFO  db.DBStoreBuilder (DBStoreBuilder.java:processTables(161)) - Using default column profile:DBProfile.DISK for Table:volumeTable
2019-07-14 11:08:46,228 INFO  db.DBStoreBuilder (DBStoreBuilder.java:addTable(110)) - using custom profile for table: bucketTable
2019-07-14 11:08:46,228 INFO  db.DBStoreBuilder (DBStoreBuilder.java:processTables(161)) - Using default column profile:DBProfile.DISK for Table:bucketTable
2019-07-14 11:08:46,228 INFO  db.DBStoreBuilder (DBStoreBuilder.java:addTable(110)) - using custom profile for table: keyTable
2019-07-14 11:08:46,228 INFO  db.DBStoreBuilder (DBStoreBuilder.java:processTables(161)) - Using default column profile:DBProfile.DISK for Table:keyTable
2019-07-14 11:08:46,228 INFO  db.DBStoreBuilder (DBStoreBuilder.java:addTable(110)) - using custom profile for table: deletedTable
2019-07-14 11:08:46,229 INFO  db.DBStoreBuilder (DBStoreBuilder.java:processTables(161)) - Using default column profile:DBProfile.DISK for Table:deletedTable
2019-07-14 11:08:46,229 INFO  db.DBStoreBuilder (DBStoreBuilder.java:addTable(110)) - using custom profile for table: openKeyTable
2019-07-14 11:08:46,229 INFO  db.DBStoreBuilder (DBStoreBuilder.java:processTables(161)) - Using default column profile:DBProfile.DISK for Table:openKeyTable
2019-07-14 11:08:46,229 INFO  db.DBStoreBuilder (DBStoreBuilder.java:addTable(110)) - using custom profile for table: s3Table
2019-07-14 11:08:46,229 INFO  db.DBStoreBuilder (DBStoreBuilder.java:processTables(161)) - Using default column profile:DBProfile.DISK for Table:s3Table
2019-07-14 11:08:46,230 INFO  db.DBStoreBuilder (DBStoreBuilder.java:addTable(110)) - using custom profile for table: multipartInfoTable
2019-07-14 11:08:46,230 INFO  db.DBStoreBuilder (DBStoreBuilder.java:processTables(161)) - Using default column profile:DBProfile.DISK for Table:multipartInfoTable
2019-07-14 11:08:46,230 INFO  db.DBStoreBuilder (DBStoreBuilder.java:addTable(110)) - using custom profile for table: dTokenTable
2019-07-14 11:08:46,230 INFO  db.DBStoreBuilder (DBStoreBuilder.java:processTables(161)) - Using default column profile:DBProfile.DISK for Table:dTokenTable
2019-07-14 11:08:46,230 INFO  db.DBStoreBuilder (DBStoreBuilder.java:addTable(110)) - using custom profile for table: s3SecretTable
2019-07-14 11:08:46,231 INFO  db.DBStoreBuilder (DBStoreBuilder.java:processTables(161)) - Using default column profile:DBProfile.DISK for Table:s3SecretTable
2019-07-14 11:08:46,231 INFO  db.DBStoreBuilder (DBStoreBuilder.java:addTable(110)) - using custom profile for table: prefixTable
2019-07-14 11:08:46,231 INFO  db.DBStoreBuilder (DBStoreBuilder.java:processTables(161)) - Using default column profile:DBProfile.DISK for Table:prefixTable
2019-07-14 11:08:46,231 INFO  db.DBStoreBuilder (DBStoreBuilder.java:addTable(110)) - using custom profile for table: default
2019-07-14 11:08:46,232 INFO  db.DBStoreBuilder (DBStoreBuilder.java:processTables(167)) - Using default column profile:DBProfile.DISK for Table:default
2019-07-14 11:08:46,232 INFO  db.DBStoreBuilder (DBStoreBuilder.java:getDbProfile(198)) - Using default options. DBProfile.DISK
2019-07-14 11:08:46,720 INFO  ipc.CallQueueManager (CallQueueManager.java:<init>(84)) - Using callQueue: class java.util.concurrent.LinkedBlockingQueue, queueCapacity: 2000, scheduler: class org.apache.hadoop.ipc.DefaultRpcScheduler, ipcBackoff: false.
2019-07-14 11:08:46,721 INFO  ipc.Server (Server.java:run(1074)) - Starting Socket Reader #1 for port 33525
2019-07-14 11:08:46,735 WARN  server.ServerUtils (ServerUtils.java:getDBPath(222)) - ozone.om.db.dirs is not configured. We recommend adding this setting. Falling back to ozone.metadata.dirs instead.
2019-07-14 11:08:46,735 INFO  om.OzoneManager (OzoneManager.java:start(1228)) - OzoneManager RPC server is listening at localhost/127.0.0.1:33525
2019-07-14 11:08:46,735 INFO  impl.MetricsSystemImpl (MetricsSystemImpl.java:init(158)) - OzoneManager metrics system started (again)
2019-07-14 11:08:46,736 INFO  ipc.Server (Server.java:run(1314)) - IPC Server Responder: starting
2019-07-14 11:08:46,736 INFO  ipc.Server (Server.java:run(1153)) - IPC Server listener on 33525: starting
2019-07-14 11:08:46,741 INFO  hdfs.DFSUtil (DFSUtil.java:httpServerTemplateForNNAndJN(1641)) - Starting Web-server for ozoneManager at: http://0.0.0.0:0
2019-07-14 11:08:46,743 INFO  server.AuthenticationFilter (AuthenticationFilter.java:constructSecretProvider(240)) - Unable to initialize FileSignerSecretProvider, falling back to use random secrets.
2019-07-14 11:08:46,744 WARN  http.HttpRequestLog (HttpRequestLog.java:getRequestLog(97)) - Jetty request log can only be enabled using Log4j
2019-07-14 11:08:46,746 INFO  http.HttpServer2 (HttpServer2.java:addGlobalFilter(975)) - Added global filter 'safety' (class=org.apache.hadoop.http.HttpServer2$QuotingInputFilter)
2019-07-14 11:08:46,746 INFO  http.HttpServer2 (HttpServer2.java:addFilter(948)) - Added filter static_user_filter (class=org.apache.hadoop.http.lib.StaticUserWebFilter$StaticUserFilter) to context ozoneManager
2019-07-14 11:08:46,747 INFO  http.HttpServer2 (HttpServer2.java:addFilter(958)) - Added filter static_user_filter (class=org.apache.hadoop.http.lib.StaticUserWebFilter$StaticUserFilter) to context static
2019-07-14 11:08:46,747 INFO  http.HttpServer2 (HttpServer2.java:addFilter(958)) - Added filter static_user_filter (class=org.apache.hadoop.http.lib.StaticUserWebFilter$StaticUserFilter) to context logs
2019-07-14 11:08:46,748 INFO  http.HttpServer2 (HttpServer2.java:bindListener(1191)) - Jetty bound to port 42377
2019-07-14 11:08:46,748 INFO  server.Server (Server.java:doStart(351)) - jetty-9.3.24.v20180605, build timestamp: 2018-06-05T17:11:56Z, git hash: 84205aa28f11a4f31f2a3b86d1bba2cc8ab69827
2019-07-14 11:08:46,750 INFO  handler.ContextHandler (ContextHandler.java:doStart(781)) - Started o.e.j.s.ServletContextHandler@5cd3f5bf{/logs,file:///workdir/hadoop-ozone/integration-test/target/log,AVAILABLE}
2019-07-14 11:08:46,751 INFO  handler.ContextHandler (ContextHandler.java:doStart(781)) - Started o.e.j.s.ServletContextHandler@34f3189{/static,file:///workdir/hadoop-ozone/integration-test/target/test-classes/webapps/static,AVAILABLE}
2019-07-14 11:08:46,756 INFO  handler.ContextHandler (ContextHandler.java:doStart(781)) - Started o.e.j.w.WebAppContext@3b21f625{/,file:///workdir/hadoop-ozone/integration-test/target/test-classes/webapps/ozoneManager/,AVAILABLE}{/ozoneManager}
2019-07-14 11:08:46,757 INFO  server.AbstractConnector (AbstractConnector.java:doStart(278)) - Started ServerConnector@5d08bc22{HTTP/1.1,[http/1.1]}{0.0.0.0:42377}
2019-07-14 11:08:46,758 INFO  server.Server (Server.java:doStart(419)) - Started @702628ms
2019-07-14 11:08:46,759 INFO  server.BaseHttpServer (BaseHttpServer.java:updateConnectorAddress(207)) - HTTP server of OZONEMANAGER is listening at http://0.0.0.0:42377
2019-07-14 11:08:46,777 INFO  impl.MetricsSystemImpl (MetricsSystemImpl.java:init(158)) - HddsDatanode metrics system started (again)
2019-07-14 11:08:46,778 INFO  ozone.HddsDatanodeService (HddsDatanodeService.java:start(185)) - HddsDatanodeService host:trunk-nightly-fxmrv-2540794721 ip:192.168.157.209
2019-07-14 11:08:46,793 INFO  volume.HddsVolume (HddsVolume.java:<init>(176)) - Creating Volume: /workdir/hadoop-ozone/integration-test/target/test-dir/MiniOzoneClusterImpl-b769e16a-867c-4841-9f53-e34879b9b639/datanode-0/data/containers/hdds of  storage type : DISK and capacity : 52710309888
2019-07-14 11:08:46,793 INFO  volume.VolumeSet (VolumeSet.java:initializeVolumeSet(170)) - Added Volume : /workdir/hadoop-ozone/integration-test/target/test-dir/MiniOzoneClusterImpl-b769e16a-867c-4841-9f53-e34879b9b639/datanode-0/data/containers/hdds to VolumeSet
2019-07-14 11:08:46,794 INFO  volume.ThrottledAsyncChecker (ThrottledAsyncChecker.java:schedule(140)) - Scheduling a check for org.apache.hadoop.ozone.container.common.volume.HddsVolume@faa70af
2019-07-14 11:08:46,794 INFO  volume.HddsVolumeChecker (HddsVolumeChecker.java:checkAllVolumes(203)) - Scheduled health check for volume org.apache.hadoop.ozone.container.common.volume.HddsVolume@faa70af
2019-07-14 11:08:46,812 INFO  impl.RaftServerProxy (ConfUtils.java:logGet(43)) - raft.rpc.type = GRPC (default)
2019-07-14 11:08:46,812 INFO  grpc.GrpcFactory (GrpcFactory.java:checkPooledByteBufAllocatorUseCacheForAllThreads(45)) - PERFORMANCE WARNING: useCacheForAllThreads is true that may cause Netty to create a lot garbage objects and, as a result, trigger GC.
	It is recommended to disable useCacheForAllThreads by setting -Dorg.apache.ratis.thirdparty.io.netty.allocator.useCacheForAllThreads=false in command line.
2019-07-14 11:08:46,813 INFO  grpc.GrpcConfigKeys$Server (ConfUtils.java:logGet(43)) - raft.grpc.server.port = 0 (default)
2019-07-14 11:08:46,813 INFO  server.GrpcService (ConfUtils.java:logGet(43)) - raft.grpc.message.size.max = 33570816 (custom)
2019-07-14 11:08:46,813 INFO  server.RaftServerConfigKeys (ConfUtils.java:logGet(43)) - raft.server.log.appender.buffer.byte-limit = 33554432 (custom)
2019-07-14 11:08:46,813 INFO  server.GrpcService (ConfUtils.java:logGet(43)) - raft.grpc.flow.control.window = 1MB (=1048576) (default)
2019-07-14 11:08:46,814 INFO  server.RaftServerConfigKeys (ConfUtils.java:logGet(43)) - raft.server.rpc.request.timeout = 3000ms (default)
2019-07-14 11:08:46,814 INFO  server.RaftServerConfigKeys (ConfUtils.java:logGet(43)) - raft.server.storage.dir = [/workdir/hadoop-ozone/integration-test/target/test-dir/MiniOzoneClusterImpl-b769e16a-867c-4841-9f53-e34879b9b639/datanode-0/data/ratis] (custom)
2019-07-14 11:08:46,815 INFO  replication.SimpleContainerDownloader (SimpleContainerDownloader.java:<init>(72)) - Starting container downloader service to copy containers to replicate.
2019-07-14 11:08:46,816 INFO  hdfs.DFSUtil (DFSUtil.java:httpServerTemplateForNNAndJN(1641)) - Starting Web-server for hddsDatanode at: http://0.0.0.0:0
2019-07-14 11:08:46,818 INFO  server.AuthenticationFilter (AuthenticationFilter.java:constructSecretProvider(240)) - Unable to initialize FileSignerSecretProvider, falling back to use random secrets.
2019-07-14 11:08:46,819 WARN  http.HttpRequestLog (HttpRequestLog.java:getRequestLog(97)) - Jetty request log can only be enabled using Log4j
2019-07-14 11:08:46,820 INFO  http.HttpServer2 (HttpServer2.java:addGlobalFilter(975)) - Added global filter 'safety' (class=org.apache.hadoop.http.HttpServer2$QuotingInputFilter)
2019-07-14 11:08:46,821 INFO  http.HttpServer2 (HttpServer2.java:addFilter(948)) - Added filter static_user_filter (class=org.apache.hadoop.http.lib.StaticUserWebFilter$StaticUserFilter) to context hddsDatanode
2019-07-14 11:08:46,821 INFO  http.HttpServer2 (HttpServer2.java:addFilter(958)) - Added filter static_user_filter (class=org.apache.hadoop.http.lib.StaticUserWebFilter$StaticUserFilter) to context static
2019-07-14 11:08:46,821 INFO  http.HttpServer2 (HttpServer2.java:addFilter(958)) - Added filter static_user_filter (class=org.apache.hadoop.http.lib.StaticUserWebFilter$StaticUserFilter) to context logs
2019-07-14 11:08:46,822 INFO  http.HttpServer2 (HttpServer2.java:bindListener(1191)) - Jetty bound to port 35519
2019-07-14 11:08:46,822 INFO  server.Server (Server.java:doStart(351)) - jetty-9.3.24.v20180605, build timestamp: 2018-06-05T17:11:56Z, git hash: 84205aa28f11a4f31f2a3b86d1bba2cc8ab69827
2019-07-14 11:08:46,824 INFO  handler.ContextHandler (ContextHandler.java:doStart(781)) - Started o.e.j.s.ServletContextHandler@735beda7{/logs,file:///workdir/hadoop-ozone/integration-test/target/log,AVAILABLE}
2019-07-14 11:08:46,824 INFO  handler.ContextHandler (ContextHandler.java:doStart(781)) - Started o.e.j.s.ServletContextHandler@59f0f273{/static,jar:file:/home/user/.m2/repository/org/apache/hadoop/hadoop-hdds-container-service/0.5.0-SNAPSHOT/hadoop-hdds-container-service-0.5.0-SNAPSHOT.jar!/webapps/static,AVAILABLE}
2019-07-14 11:08:46,857 INFO  handler.ContextHandler (ContextHandler.java:doStart(781)) - Started o.e.j.w.WebAppContext@6e4e7a62{/,file:///tmp/jetty-0.0.0.0-35519-hddsDatanode-_-any-6533451240965225936.dir/webapp/,AVAILABLE}{/hddsDatanode}
2019-07-14 11:08:46,857 INFO  server.AbstractConnector (AbstractConnector.java:doStart(278)) - Started ServerConnector@2fdbd353{HTTP/1.1,[http/1.1]}{0.0.0.0:35519}
2019-07-14 11:08:46,858 INFO  server.Server (Server.java:doStart(419)) - Started @702728ms
2019-07-14 11:08:46,859 INFO  server.BaseHttpServer (BaseHttpServer.java:updateConnectorAddress(207)) - HTTP server of HDDSDATANODE is listening at http://0.0.0.0:35519
2019-07-14 11:08:46,958 INFO  ozone.HddsDatanodeService (HddsDatanodeService.java:startPlugins(396)) - Started plug-in org.apache.hadoop.ozone.web.OzoneHddsDatanodeService@57a22410
2019-07-14 11:08:46,958 INFO  impl.MetricsSystemImpl (MetricsSystemImpl.java:init(158)) - HddsDatanode metrics system started (again)
2019-07-14 11:08:46,960 INFO  ozone.HddsDatanodeService (HddsDatanodeService.java:start(185)) - HddsDatanodeService host:trunk-nightly-fxmrv-2540794721 ip:192.168.157.209
2019-07-14 11:08:46,961 INFO  util.JvmPauseMonitor (JvmPauseMonitor.java:run(188)) - Starting JVM pause monitor
2019-07-14 11:08:46,963 INFO  datanode.InitDatanodeState (InitDatanodeState.java:persistContainerDatanodeDetails(140)) - DatanodeDetails is persisted to /workdir/hadoop-ozone/integration-test/target/test-dir/MiniOzoneClusterImpl-b769e16a-867c-4841-9f53-e34879b9b639/datanode-0/meta/datanode.id
2019-07-14 11:08:46,973 INFO  volume.HddsVolume (HddsVolume.java:<init>(176)) - Creating Volume: /workdir/hadoop-ozone/integration-test/target/test-dir/MiniOzoneClusterImpl-b769e16a-867c-4841-9f53-e34879b9b639/datanode-1/data/containers/hdds of  storage type : DISK and capacity : 52710309888
2019-07-14 11:08:46,974 INFO  volume.VolumeSet (VolumeSet.java:initializeVolumeSet(170)) - Added Volume : /workdir/hadoop-ozone/integration-test/target/test-dir/MiniOzoneClusterImpl-b769e16a-867c-4841-9f53-e34879b9b639/datanode-1/data/containers/hdds to VolumeSet
2019-07-14 11:08:46,974 INFO  volume.ThrottledAsyncChecker (ThrottledAsyncChecker.java:schedule(140)) - Scheduling a check for org.apache.hadoop.ozone.container.common.volume.HddsVolume@333ea5d6
2019-07-14 11:08:46,974 INFO  volume.HddsVolumeChecker (HddsVolumeChecker.java:checkAllVolumes(203)) - Scheduled health check for volume org.apache.hadoop.ozone.container.common.volume.HddsVolume@333ea5d6
2019-07-14 11:08:46,988 INFO  impl.RaftServerProxy (ConfUtils.java:logGet(43)) - raft.rpc.type = GRPC (default)
2019-07-14 11:08:46,988 INFO  grpc.GrpcFactory (GrpcFactory.java:checkPooledByteBufAllocatorUseCacheForAllThreads(45)) - PERFORMANCE WARNING: useCacheForAllThreads is true that may cause Netty to create a lot garbage objects and, as a result, trigger GC.
	It is recommended to disable useCacheForAllThreads by setting -Dorg.apache.ratis.thirdparty.io.netty.allocator.useCacheForAllThreads=false in command line.
2019-07-14 11:08:46,988 INFO  grpc.GrpcConfigKeys$Server (ConfUtils.java:logGet(43)) - raft.grpc.server.port = 0 (default)
2019-07-14 11:08:46,989 INFO  server.GrpcService (ConfUtils.java:logGet(43)) - raft.grpc.message.size.max = 33570816 (custom)
2019-07-14 11:08:46,989 INFO  server.RaftServerConfigKeys (ConfUtils.java:logGet(43)) - raft.server.log.appender.buffer.byte-limit = 33554432 (custom)
2019-07-14 11:08:46,989 INFO  server.GrpcService (ConfUtils.java:logGet(43)) - raft.grpc.flow.control.window = 1MB (=1048576) (default)
2019-07-14 11:08:46,989 INFO  server.RaftServerConfigKeys (ConfUtils.java:logGet(43)) - raft.server.rpc.request.timeout = 3000ms (default)
2019-07-14 11:08:46,990 INFO  server.RaftServerConfigKeys (ConfUtils.java:logGet(43)) - raft.server.storage.dir = [/workdir/hadoop-ozone/integration-test/target/test-dir/MiniOzoneClusterImpl-b769e16a-867c-4841-9f53-e34879b9b639/datanode-1/data/ratis] (custom)
2019-07-14 11:08:46,990 INFO  replication.SimpleContainerDownloader (SimpleContainerDownloader.java:<init>(72)) - Starting container downloader service to copy containers to replicate.
2019-07-14 11:08:46,991 INFO  hdfs.DFSUtil (DFSUtil.java:httpServerTemplateForNNAndJN(1641)) - Starting Web-server for hddsDatanode at: http://0.0.0.0:0
2019-07-14 11:08:46,992 INFO  server.AuthenticationFilter (AuthenticationFilter.java:constructSecretProvider(240)) - Unable to initialize FileSignerSecretProvider, falling back to use random secrets.
2019-07-14 11:08:46,992 WARN  http.HttpRequestLog (HttpRequestLog.java:getRequestLog(97)) - Jetty request log can only be enabled using Log4j
2019-07-14 11:08:46,993 INFO  http.HttpServer2 (HttpServer2.java:addGlobalFilter(975)) - Added global filter 'safety' (class=org.apache.hadoop.http.HttpServer2$QuotingInputFilter)
2019-07-14 11:08:46,994 INFO  http.HttpServer2 (HttpServer2.java:addFilter(948)) - Added filter static_user_filter (class=org.apache.hadoop.http.lib.StaticUserWebFilter$StaticUserFilter) to context hddsDatanode
2019-07-14 11:08:46,994 INFO  http.HttpServer2 (HttpServer2.java:addFilter(958)) - Added filter static_user_filter (class=org.apache.hadoop.http.lib.StaticUserWebFilter$StaticUserFilter) to context logs
2019-07-14 11:08:46,994 INFO  http.HttpServer2 (HttpServer2.java:addFilter(958)) - Added filter static_user_filter (class=org.apache.hadoop.http.lib.StaticUserWebFilter$StaticUserFilter) to context static
2019-07-14 11:08:46,995 INFO  http.HttpServer2 (HttpServer2.java:bindListener(1191)) - Jetty bound to port 38151
2019-07-14 11:08:46,995 INFO  server.Server (Server.java:doStart(351)) - jetty-9.3.24.v20180605, build timestamp: 2018-06-05T17:11:56Z, git hash: 84205aa28f11a4f31f2a3b86d1bba2cc8ab69827
2019-07-14 11:08:46,996 INFO  handler.ContextHandler (ContextHandler.java:doStart(781)) - Started o.e.j.s.ServletContextHandler@d9ef223{/logs,file:///workdir/hadoop-ozone/integration-test/target/log,AVAILABLE}
2019-07-14 11:08:46,997 INFO  handler.ContextHandler (ContextHandler.java:doStart(781)) - Started o.e.j.s.ServletContextHandler@17f2e01d{/static,jar:file:/home/user/.m2/repository/org/apache/hadoop/hadoop-hdds-container-service/0.5.0-SNAPSHOT/hadoop-hdds-container-service-0.5.0-SNAPSHOT.jar!/webapps/static,AVAILABLE}
2019-07-14 11:08:47,023 INFO  handler.ContextHandler (ContextHandler.java:doStart(781)) - Started o.e.j.w.WebAppContext@4a3ef4c9{/,file:///tmp/jetty-0.0.0.0-38151-hddsDatanode-_-any-8293273332630134302.dir/webapp/,AVAILABLE}{/hddsDatanode}
2019-07-14 11:08:47,023 INFO  server.AbstractConnector (AbstractConnector.java:doStart(278)) - Started ServerConnector@6fc26fb1{HTTP/1.1,[http/1.1]}{0.0.0.0:38151}
2019-07-14 11:08:47,024 INFO  server.Server (Server.java:doStart(419)) - Started @702893ms
2019-07-14 11:08:47,025 INFO  server.BaseHttpServer (BaseHttpServer.java:updateConnectorAddress(207)) - HTTP server of HDDSDATANODE is listening at http://0.0.0.0:38151
2019-07-14 11:08:47,121 INFO  ozone.HddsDatanodeService (HddsDatanodeService.java:startPlugins(396)) - Started plug-in org.apache.hadoop.ozone.web.OzoneHddsDatanodeService@7018c94
2019-07-14 11:08:47,122 INFO  impl.MetricsSystemImpl (MetricsSystemImpl.java:init(158)) - HddsDatanode metrics system started (again)
2019-07-14 11:08:47,123 INFO  ozone.HddsDatanodeService (HddsDatanodeService.java:start(185)) - HddsDatanodeService host:trunk-nightly-fxmrv-2540794721 ip:192.168.157.209
2019-07-14 11:08:47,125 INFO  util.JvmPauseMonitor (JvmPauseMonitor.java:run(188)) - Starting JVM pause monitor
2019-07-14 11:08:47,127 INFO  datanode.InitDatanodeState (InitDatanodeState.java:persistContainerDatanodeDetails(140)) - DatanodeDetails is persisted to /workdir/hadoop-ozone/integration-test/target/test-dir/MiniOzoneClusterImpl-b769e16a-867c-4841-9f53-e34879b9b639/datanode-1/meta/datanode.id
2019-07-14 11:08:47,138 INFO  volume.HddsVolume (HddsVolume.java:<init>(176)) - Creating Volume: /workdir/hadoop-ozone/integration-test/target/test-dir/MiniOzoneClusterImpl-b769e16a-867c-4841-9f53-e34879b9b639/datanode-2/data/containers/hdds of  storage type : DISK and capacity : 52710309888
2019-07-14 11:08:47,139 INFO  volume.VolumeSet (VolumeSet.java:initializeVolumeSet(170)) - Added Volume : /workdir/hadoop-ozone/integration-test/target/test-dir/MiniOzoneClusterImpl-b769e16a-867c-4841-9f53-e34879b9b639/datanode-2/data/containers/hdds to VolumeSet
2019-07-14 11:08:47,139 INFO  volume.ThrottledAsyncChecker (ThrottledAsyncChecker.java:schedule(140)) - Scheduling a check for org.apache.hadoop.ozone.container.common.volume.HddsVolume@b79953e
2019-07-14 11:08:47,139 INFO  volume.HddsVolumeChecker (HddsVolumeChecker.java:checkAllVolumes(203)) - Scheduled health check for volume org.apache.hadoop.ozone.container.common.volume.HddsVolume@b79953e
2019-07-14 11:08:47,153 INFO  impl.RaftServerProxy (ConfUtils.java:logGet(43)) - raft.rpc.type = GRPC (default)
2019-07-14 11:08:47,153 INFO  grpc.GrpcFactory (GrpcFactory.java:checkPooledByteBufAllocatorUseCacheForAllThreads(45)) - PERFORMANCE WARNING: useCacheForAllThreads is true that may cause Netty to create a lot garbage objects and, as a result, trigger GC.
	It is recommended to disable useCacheForAllThreads by setting -Dorg.apache.ratis.thirdparty.io.netty.allocator.useCacheForAllThreads=false in command line.
2019-07-14 11:08:47,153 INFO  grpc.GrpcConfigKeys$Server (ConfUtils.java:logGet(43)) - raft.grpc.server.port = 0 (default)
2019-07-14 11:08:47,153 INFO  server.GrpcService (ConfUtils.java:logGet(43)) - raft.grpc.message.size.max = 33570816 (custom)
2019-07-14 11:08:47,154 INFO  server.RaftServerConfigKeys (ConfUtils.java:logGet(43)) - raft.server.log.appender.buffer.byte-limit = 33554432 (custom)
2019-07-14 11:08:47,154 INFO  server.GrpcService (ConfUtils.java:logGet(43)) - raft.grpc.flow.control.window = 1MB (=1048576) (default)
2019-07-14 11:08:47,154 INFO  server.RaftServerConfigKeys (ConfUtils.java:logGet(43)) - raft.server.rpc.request.timeout = 3000ms (default)
2019-07-14 11:08:47,154 INFO  server.RaftServerConfigKeys (ConfUtils.java:logGet(43)) - raft.server.storage.dir = [/workdir/hadoop-ozone/integration-test/target/test-dir/MiniOzoneClusterImpl-b769e16a-867c-4841-9f53-e34879b9b639/datanode-2/data/ratis] (custom)
2019-07-14 11:08:47,155 INFO  replication.SimpleContainerDownloader (SimpleContainerDownloader.java:<init>(72)) - Starting container downloader service to copy containers to replicate.
2019-07-14 11:08:47,156 INFO  hdfs.DFSUtil (DFSUtil.java:httpServerTemplateForNNAndJN(1641)) - Starting Web-server for hddsDatanode at: http://0.0.0.0:0
2019-07-14 11:08:47,157 INFO  server.AuthenticationFilter (AuthenticationFilter.java:constructSecretProvider(240)) - Unable to initialize FileSignerSecretProvider, falling back to use random secrets.
2019-07-14 11:08:47,157 WARN  http.HttpRequestLog (HttpRequestLog.java:getRequestLog(97)) - Jetty request log can only be enabled using Log4j
2019-07-14 11:08:47,158 INFO  http.HttpServer2 (HttpServer2.java:addGlobalFilter(975)) - Added global filter 'safety' (class=org.apache.hadoop.http.HttpServer2$QuotingInputFilter)
2019-07-14 11:08:47,159 INFO  http.HttpServer2 (HttpServer2.java:addFilter(948)) - Added filter static_user_filter (class=org.apache.hadoop.http.lib.StaticUserWebFilter$StaticUserFilter) to context hddsDatanode
2019-07-14 11:08:47,159 INFO  http.HttpServer2 (HttpServer2.java:addFilter(958)) - Added filter static_user_filter (class=org.apache.hadoop.http.lib.StaticUserWebFilter$StaticUserFilter) to context static
2019-07-14 11:08:47,159 INFO  http.HttpServer2 (HttpServer2.java:addFilter(958)) - Added filter static_user_filter (class=org.apache.hadoop.http.lib.StaticUserWebFilter$StaticUserFilter) to context logs
2019-07-14 11:08:47,159 INFO  http.HttpServer2 (HttpServer2.java:bindListener(1191)) - Jetty bound to port 33293
2019-07-14 11:08:47,160 INFO  server.Server (Server.java:doStart(351)) - jetty-9.3.24.v20180605, build timestamp: 2018-06-05T17:11:56Z, git hash: 84205aa28f11a4f31f2a3b86d1bba2cc8ab69827
2019-07-14 11:08:47,161 INFO  handler.ContextHandler (ContextHandler.java:doStart(781)) - Started o.e.j.s.ServletContextHandler@65ea3961{/logs,file:///workdir/hadoop-ozone/integration-test/target/log,AVAILABLE}
2019-07-14 11:08:47,161 INFO  handler.ContextHandler (ContextHandler.java:doStart(781)) - Started o.e.j.s.ServletContextHandler@4721485{/static,jar:file:/home/user/.m2/repository/org/apache/hadoop/hadoop-hdds-container-service/0.5.0-SNAPSHOT/hadoop-hdds-container-service-0.5.0-SNAPSHOT.jar!/webapps/static,AVAILABLE}
2019-07-14 11:08:47,187 INFO  handler.ContextHandler (ContextHandler.java:doStart(781)) - Started o.e.j.w.WebAppContext@66a74cba{/,file:///tmp/jetty-0.0.0.0-33293-hddsDatanode-_-any-1294457096989444475.dir/webapp/,AVAILABLE}{/hddsDatanode}
2019-07-14 11:08:47,188 INFO  server.AbstractConnector (AbstractConnector.java:doStart(278)) - Started ServerConnector@222abb8f{HTTP/1.1,[http/1.1]}{0.0.0.0:33293}
2019-07-14 11:08:47,189 INFO  server.Server (Server.java:doStart(419)) - Started @703059ms
2019-07-14 11:08:47,190 INFO  server.BaseHttpServer (BaseHttpServer.java:updateConnectorAddress(207)) - HTTP server of HDDSDATANODE is listening at http://0.0.0.0:33293
2019-07-14 11:08:47,286 INFO  ozone.HddsDatanodeService (HddsDatanodeService.java:startPlugins(396)) - Started plug-in org.apache.hadoop.ozone.web.OzoneHddsDatanodeService@49bc9588
2019-07-14 11:08:47,286 INFO  impl.MetricsSystemImpl (MetricsSystemImpl.java:init(158)) - HddsDatanode metrics system started (again)
2019-07-14 11:08:47,288 INFO  ozone.HddsDatanodeService (HddsDatanodeService.java:start(185)) - HddsDatanodeService host:trunk-nightly-fxmrv-2540794721 ip:192.168.157.209
2019-07-14 11:08:47,290 INFO  util.JvmPauseMonitor (JvmPauseMonitor.java:run(188)) - Starting JVM pause monitor
2019-07-14 11:08:47,291 INFO  datanode.InitDatanodeState (InitDatanodeState.java:persistContainerDatanodeDetails(140)) - DatanodeDetails is persisted to /workdir/hadoop-ozone/integration-test/target/test-dir/MiniOzoneClusterImpl-b769e16a-867c-4841-9f53-e34879b9b639/datanode-2/meta/datanode.id
2019-07-14 11:08:47,303 INFO  volume.HddsVolume (HddsVolume.java:<init>(176)) - Creating Volume: /workdir/hadoop-ozone/integration-test/target/test-dir/MiniOzoneClusterImpl-b769e16a-867c-4841-9f53-e34879b9b639/datanode-3/data/containers/hdds of  storage type : DISK and capacity : 52710309888
2019-07-14 11:08:47,303 INFO  volume.VolumeSet (VolumeSet.java:initializeVolumeSet(170)) - Added Volume : /workdir/hadoop-ozone/integration-test/target/test-dir/MiniOzoneClusterImpl-b769e16a-867c-4841-9f53-e34879b9b639/datanode-3/data/containers/hdds to VolumeSet
2019-07-14 11:08:47,303 INFO  volume.ThrottledAsyncChecker (ThrottledAsyncChecker.java:schedule(140)) - Scheduling a check for org.apache.hadoop.ozone.container.common.volume.HddsVolume@15f12e7b
2019-07-14 11:08:47,304 INFO  volume.HddsVolumeChecker (HddsVolumeChecker.java:checkAllVolumes(203)) - Scheduled health check for volume org.apache.hadoop.ozone.container.common.volume.HddsVolume@15f12e7b
2019-07-14 11:08:47,318 INFO  impl.RaftServerProxy (ConfUtils.java:logGet(43)) - raft.rpc.type = GRPC (default)
2019-07-14 11:08:47,318 INFO  grpc.GrpcFactory (GrpcFactory.java:checkPooledByteBufAllocatorUseCacheForAllThreads(45)) - PERFORMANCE WARNING: useCacheForAllThreads is true that may cause Netty to create a lot garbage objects and, as a result, trigger GC.
	It is recommended to disable useCacheForAllThreads by setting -Dorg.apache.ratis.thirdparty.io.netty.allocator.useCacheForAllThreads=false in command line.
2019-07-14 11:08:47,318 INFO  grpc.GrpcConfigKeys$Server (ConfUtils.java:logGet(43)) - raft.grpc.server.port = 0 (default)
2019-07-14 11:08:47,319 INFO  server.GrpcService (ConfUtils.java:logGet(43)) - raft.grpc.message.size.max = 33570816 (custom)
2019-07-14 11:08:47,319 INFO  server.RaftServerConfigKeys (ConfUtils.java:logGet(43)) - raft.server.log.appender.buffer.byte-limit = 33554432 (custom)
2019-07-14 11:08:47,319 INFO  server.GrpcService (ConfUtils.java:logGet(43)) - raft.grpc.flow.control.window = 1MB (=1048576) (default)
2019-07-14 11:08:47,319 INFO  server.RaftServerConfigKeys (ConfUtils.java:logGet(43)) - raft.server.rpc.request.timeout = 3000ms (default)
2019-07-14 11:08:47,319 INFO  server.RaftServerConfigKeys (ConfUtils.java:logGet(43)) - raft.server.storage.dir = [/workdir/hadoop-ozone/integration-test/target/test-dir/MiniOzoneClusterImpl-b769e16a-867c-4841-9f53-e34879b9b639/datanode-3/data/ratis] (custom)
2019-07-14 11:08:47,320 INFO  replication.SimpleContainerDownloader (SimpleContainerDownloader.java:<init>(72)) - Starting container downloader service to copy containers to replicate.
2019-07-14 11:08:47,321 INFO  hdfs.DFSUtil (DFSUtil.java:httpServerTemplateForNNAndJN(1641)) - Starting Web-server for hddsDatanode at: http://0.0.0.0:0
2019-07-14 11:08:47,322 INFO  server.AuthenticationFilter (AuthenticationFilter.java:constructSecretProvider(240)) - Unable to initialize FileSignerSecretProvider, falling back to use random secrets.
2019-07-14 11:08:47,322 WARN  http.HttpRequestLog (HttpRequestLog.java:getRequestLog(97)) - Jetty request log can only be enabled using Log4j
2019-07-14 11:08:47,323 INFO  http.HttpServer2 (HttpServer2.java:addGlobalFilter(975)) - Added global filter 'safety' (class=org.apache.hadoop.http.HttpServer2$QuotingInputFilter)
2019-07-14 11:08:47,323 INFO  http.HttpServer2 (HttpServer2.java:addFilter(948)) - Added filter static_user_filter (class=org.apache.hadoop.http.lib.StaticUserWebFilter$StaticUserFilter) to context hddsDatanode
2019-07-14 11:08:47,324 INFO  http.HttpServer2 (HttpServer2.java:addFilter(958)) - Added filter static_user_filter (class=org.apache.hadoop.http.lib.StaticUserWebFilter$StaticUserFilter) to context logs
2019-07-14 11:08:47,324 INFO  http.HttpServer2 (HttpServer2.java:addFilter(958)) - Added filter static_user_filter (class=org.apache.hadoop.http.lib.StaticUserWebFilter$StaticUserFilter) to context static
2019-07-14 11:08:47,324 INFO  http.HttpServer2 (HttpServer2.java:bindListener(1191)) - Jetty bound to port 37163
2019-07-14 11:08:47,324 INFO  server.Server (Server.java:doStart(351)) - jetty-9.3.24.v20180605, build timestamp: 2018-06-05T17:11:56Z, git hash: 84205aa28f11a4f31f2a3b86d1bba2cc8ab69827
2019-07-14 11:08:47,326 INFO  handler.ContextHandler (ContextHandler.java:doStart(781)) - Started o.e.j.s.ServletContextHandler@3c55c035{/logs,file:///workdir/hadoop-ozone/integration-test/target/log,AVAILABLE}
2019-07-14 11:08:47,326 INFO  handler.ContextHandler (ContextHandler.java:doStart(781)) - Started o.e.j.s.ServletContextHandler@2af6b556{/static,jar:file:/home/user/.m2/repository/org/apache/hadoop/hadoop-hdds-container-service/0.5.0-SNAPSHOT/hadoop-hdds-container-service-0.5.0-SNAPSHOT.jar!/webapps/static,AVAILABLE}
2019-07-14 11:08:47,352 INFO  handler.ContextHandler (ContextHandler.java:doStart(781)) - Started o.e.j.w.WebAppContext@5901caf8{/,file:///tmp/jetty-0.0.0.0-37163-hddsDatanode-_-any-5392747681232741451.dir/webapp/,AVAILABLE}{/hddsDatanode}
2019-07-14 11:08:47,353 INFO  server.AbstractConnector (AbstractConnector.java:doStart(278)) - Started ServerConnector@6e39b656{HTTP/1.1,[http/1.1]}{0.0.0.0:37163}
2019-07-14 11:08:47,353 INFO  server.Server (Server.java:doStart(419)) - Started @703223ms
2019-07-14 11:08:47,355 INFO  server.BaseHttpServer (BaseHttpServer.java:updateConnectorAddress(207)) - HTTP server of HDDSDATANODE is listening at http://0.0.0.0:37163
2019-07-14 11:08:47,451 INFO  ozone.HddsDatanodeService (HddsDatanodeService.java:startPlugins(396)) - Started plug-in org.apache.hadoop.ozone.web.OzoneHddsDatanodeService@2213c8fe
2019-07-14 11:08:47,451 INFO  impl.MetricsSystemImpl (MetricsSystemImpl.java:init(158)) - HddsDatanode metrics system started (again)
2019-07-14 11:08:47,453 INFO  ozone.HddsDatanodeService (HddsDatanodeService.java:start(185)) - HddsDatanodeService host:trunk-nightly-fxmrv-2540794721 ip:192.168.157.209
2019-07-14 11:08:47,455 INFO  util.JvmPauseMonitor (JvmPauseMonitor.java:run(188)) - Starting JVM pause monitor
2019-07-14 11:08:47,456 INFO  datanode.InitDatanodeState (InitDatanodeState.java:persistContainerDatanodeDetails(140)) - DatanodeDetails is persisted to /workdir/hadoop-ozone/integration-test/target/test-dir/MiniOzoneClusterImpl-b769e16a-867c-4841-9f53-e34879b9b639/datanode-3/meta/datanode.id
2019-07-14 11:08:47,468 INFO  volume.HddsVolume (HddsVolume.java:<init>(176)) - Creating Volume: /workdir/hadoop-ozone/integration-test/target/test-dir/MiniOzoneClusterImpl-b769e16a-867c-4841-9f53-e34879b9b639/datanode-4/data/containers/hdds of  storage type : DISK and capacity : 52710309888
2019-07-14 11:08:47,468 INFO  volume.VolumeSet (VolumeSet.java:initializeVolumeSet(170)) - Added Volume : /workdir/hadoop-ozone/integration-test/target/test-dir/MiniOzoneClusterImpl-b769e16a-867c-4841-9f53-e34879b9b639/datanode-4/data/containers/hdds to VolumeSet
2019-07-14 11:08:47,468 INFO  volume.ThrottledAsyncChecker (ThrottledAsyncChecker.java:schedule(140)) - Scheduling a check for org.apache.hadoop.ozone.container.common.volume.HddsVolume@16914a63
2019-07-14 11:08:47,469 INFO  volume.HddsVolumeChecker (HddsVolumeChecker.java:checkAllVolumes(203)) - Scheduled health check for volume org.apache.hadoop.ozone.container.common.volume.HddsVolume@16914a63
2019-07-14 11:08:47,484 INFO  impl.RaftServerProxy (ConfUtils.java:logGet(43)) - raft.rpc.type = GRPC (default)
2019-07-14 11:08:47,484 INFO  grpc.GrpcFactory (GrpcFactory.java:checkPooledByteBufAllocatorUseCacheForAllThreads(45)) - PERFORMANCE WARNING: useCacheForAllThreads is true that may cause Netty to create a lot garbage objects and, as a result, trigger GC.
	It is recommended to disable useCacheForAllThreads by setting -Dorg.apache.ratis.thirdparty.io.netty.allocator.useCacheForAllThreads=false in command line.
2019-07-14 11:08:47,485 INFO  grpc.GrpcConfigKeys$Server (ConfUtils.java:logGet(43)) - raft.grpc.server.port = 0 (default)
2019-07-14 11:08:47,485 INFO  server.GrpcService (ConfUtils.java:logGet(43)) - raft.grpc.message.size.max = 33570816 (custom)
2019-07-14 11:08:47,485 INFO  server.RaftServerConfigKeys (ConfUtils.java:logGet(43)) - raft.server.log.appender.buffer.byte-limit = 33554432 (custom)
2019-07-14 11:08:47,486 INFO  server.GrpcService (ConfUtils.java:logGet(43)) - raft.grpc.flow.control.window = 1MB (=1048576) (default)
2019-07-14 11:08:47,486 INFO  server.RaftServerConfigKeys (ConfUtils.java:logGet(43)) - raft.server.rpc.request.timeout = 3000ms (default)
2019-07-14 11:08:47,487 INFO  server.RaftServerConfigKeys (ConfUtils.java:logGet(43)) - raft.server.storage.dir = [/workdir/hadoop-ozone/integration-test/target/test-dir/MiniOzoneClusterImpl-b769e16a-867c-4841-9f53-e34879b9b639/datanode-4/data/ratis] (custom)
2019-07-14 11:08:47,487 INFO  replication.SimpleContainerDownloader (SimpleContainerDownloader.java:<init>(72)) - Starting container downloader service to copy containers to replicate.
2019-07-14 11:08:47,488 INFO  hdfs.DFSUtil (DFSUtil.java:httpServerTemplateForNNAndJN(1641)) - Starting Web-server for hddsDatanode at: http://0.0.0.0:0
2019-07-14 11:08:47,489 INFO  server.AuthenticationFilter (AuthenticationFilter.java:constructSecretProvider(240)) - Unable to initialize FileSignerSecretProvider, falling back to use random secrets.
2019-07-14 11:08:47,490 WARN  http.HttpRequestLog (HttpRequestLog.java:getRequestLog(97)) - Jetty request log can only be enabled using Log4j
2019-07-14 11:08:47,491 INFO  http.HttpServer2 (HttpServer2.java:addGlobalFilter(975)) - Added global filter 'safety' (class=org.apache.hadoop.http.HttpServer2$QuotingInputFilter)
2019-07-14 11:08:47,491 INFO  http.HttpServer2 (HttpServer2.java:addFilter(948)) - Added filter static_user_filter (class=org.apache.hadoop.http.lib.StaticUserWebFilter$StaticUserFilter) to context hddsDatanode
2019-07-14 11:08:47,491 INFO  http.HttpServer2 (HttpServer2.java:addFilter(958)) - Added filter static_user_filter (class=org.apache.hadoop.http.lib.StaticUserWebFilter$StaticUserFilter) to context logs
2019-07-14 11:08:47,492 INFO  http.HttpServer2 (HttpServer2.java:addFilter(958)) - Added filter static_user_filter (class=org.apache.hadoop.http.lib.StaticUserWebFilter$StaticUserFilter) to context static
2019-07-14 11:08:47,492 INFO  http.HttpServer2 (HttpServer2.java:bindListener(1191)) - Jetty bound to port 40836
2019-07-14 11:08:47,492 INFO  server.Server (Server.java:doStart(351)) - jetty-9.3.24.v20180605, build timestamp: 2018-06-05T17:11:56Z, git hash: 84205aa28f11a4f31f2a3b86d1bba2cc8ab69827
2019-07-14 11:08:47,494 INFO  handler.ContextHandler (ContextHandler.java:doStart(781)) - Started o.e.j.s.ServletContextHandler@75cc775c{/logs,file:///workdir/hadoop-ozone/integration-test/target/log,AVAILABLE}
2019-07-14 11:08:47,494 INFO  handler.ContextHandler (ContextHandler.java:doStart(781)) - Started o.e.j.s.ServletContextHandler@2bcfdefe{/static,jar:file:/home/user/.m2/repository/org/apache/hadoop/hadoop-hdds-container-service/0.5.0-SNAPSHOT/hadoop-hdds-container-service-0.5.0-SNAPSHOT.jar!/webapps/static,AVAILABLE}
2019-07-14 11:08:47,521 INFO  handler.ContextHandler (ContextHandler.java:doStart(781)) - Started o.e.j.w.WebAppContext@303ea430{/,file:///tmp/jetty-0.0.0.0-40836-hddsDatanode-_-any-6613874695280963980.dir/webapp/,AVAILABLE}{/hddsDatanode}
2019-07-14 11:08:47,522 INFO  server.AbstractConnector (AbstractConnector.java:doStart(278)) - Started ServerConnector@54d66499{HTTP/1.1,[http/1.1]}{0.0.0.0:40836}
2019-07-14 11:08:47,522 INFO  server.Server (Server.java:doStart(419)) - Started @703392ms
2019-07-14 11:08:47,524 INFO  server.BaseHttpServer (BaseHttpServer.java:updateConnectorAddress(207)) - HTTP server of HDDSDATANODE is listening at http://0.0.0.0:40836
2019-07-14 11:08:47,619 INFO  ozone.HddsDatanodeService (HddsDatanodeService.java:startPlugins(396)) - Started plug-in org.apache.hadoop.ozone.web.OzoneHddsDatanodeService@16b5c059
2019-07-14 11:08:47,620 INFO  impl.MetricsSystemImpl (MetricsSystemImpl.java:init(158)) - HddsDatanode metrics system started (again)
2019-07-14 11:08:47,622 INFO  ozone.HddsDatanodeService (HddsDatanodeService.java:start(185)) - HddsDatanodeService host:trunk-nightly-fxmrv-2540794721 ip:192.168.157.209
2019-07-14 11:08:47,623 INFO  util.JvmPauseMonitor (JvmPauseMonitor.java:run(188)) - Starting JVM pause monitor
2019-07-14 11:08:47,625 INFO  datanode.InitDatanodeState (InitDatanodeState.java:persistContainerDatanodeDetails(140)) - DatanodeDetails is persisted to /workdir/hadoop-ozone/integration-test/target/test-dir/MiniOzoneClusterImpl-b769e16a-867c-4841-9f53-e34879b9b639/datanode-4/meta/datanode.id
2019-07-14 11:08:47,637 INFO  volume.HddsVolume (HddsVolume.java:<init>(176)) - Creating Volume: /workdir/hadoop-ozone/integration-test/target/test-dir/MiniOzoneClusterImpl-b769e16a-867c-4841-9f53-e34879b9b639/datanode-5/data/containers/hdds of  storage type : DISK and capacity : 52710309888
2019-07-14 11:08:47,637 INFO  volume.VolumeSet (VolumeSet.java:initializeVolumeSet(170)) - Added Volume : /workdir/hadoop-ozone/integration-test/target/test-dir/MiniOzoneClusterImpl-b769e16a-867c-4841-9f53-e34879b9b639/datanode-5/data/containers/hdds to VolumeSet
2019-07-14 11:08:47,638 INFO  volume.ThrottledAsyncChecker (ThrottledAsyncChecker.java:schedule(140)) - Scheduling a check for org.apache.hadoop.ozone.container.common.volume.HddsVolume@32c3102
2019-07-14 11:08:47,638 INFO  volume.HddsVolumeChecker (HddsVolumeChecker.java:checkAllVolumes(203)) - Scheduled health check for volume org.apache.hadoop.ozone.container.common.volume.HddsVolume@32c3102
2019-07-14 11:08:47,652 INFO  impl.RaftServerProxy (ConfUtils.java:logGet(43)) - raft.rpc.type = GRPC (default)
2019-07-14 11:08:47,652 INFO  grpc.GrpcFactory (GrpcFactory.java:checkPooledByteBufAllocatorUseCacheForAllThreads(45)) - PERFORMANCE WARNING: useCacheForAllThreads is true that may cause Netty to create a lot garbage objects and, as a result, trigger GC.
	It is recommended to disable useCacheForAllThreads by setting -Dorg.apache.ratis.thirdparty.io.netty.allocator.useCacheForAllThreads=false in command line.
2019-07-14 11:08:47,653 INFO  grpc.GrpcConfigKeys$Server (ConfUtils.java:logGet(43)) - raft.grpc.server.port = 0 (default)
2019-07-14 11:08:47,653 INFO  server.GrpcService (ConfUtils.java:logGet(43)) - raft.grpc.message.size.max = 33570816 (custom)
2019-07-14 11:08:47,653 INFO  server.RaftServerConfigKeys (ConfUtils.java:logGet(43)) - raft.server.log.appender.buffer.byte-limit = 33554432 (custom)
2019-07-14 11:08:47,653 INFO  server.GrpcService (ConfUtils.java:logGet(43)) - raft.grpc.flow.control.window = 1MB (=1048576) (default)
2019-07-14 11:08:47,653 INFO  server.RaftServerConfigKeys (ConfUtils.java:logGet(43)) - raft.server.rpc.request.timeout = 3000ms (default)
2019-07-14 11:08:47,654 INFO  server.RaftServerConfigKeys (ConfUtils.java:logGet(43)) - raft.server.storage.dir = [/workdir/hadoop-ozone/integration-test/target/test-dir/MiniOzoneClusterImpl-b769e16a-867c-4841-9f53-e34879b9b639/datanode-5/data/ratis] (custom)
2019-07-14 11:08:47,654 INFO  replication.SimpleContainerDownloader (SimpleContainerDownloader.java:<init>(72)) - Starting container downloader service to copy containers to replicate.
2019-07-14 11:08:47,655 INFO  hdfs.DFSUtil (DFSUtil.java:httpServerTemplateForNNAndJN(1641)) - Starting Web-server for hddsDatanode at: http://0.0.0.0:0
2019-07-14 11:08:47,656 INFO  server.AuthenticationFilter (AuthenticationFilter.java:constructSecretProvider(240)) - Unable to initialize FileSignerSecretProvider, falling back to use random secrets.
2019-07-14 11:08:47,656 WARN  http.HttpRequestLog (HttpRequestLog.java:getRequestLog(97)) - Jetty request log can only be enabled using Log4j
2019-07-14 11:08:47,657 INFO  http.HttpServer2 (HttpServer2.java:addGlobalFilter(975)) - Added global filter 'safety' (class=org.apache.hadoop.http.HttpServer2$QuotingInputFilter)
2019-07-14 11:08:47,658 INFO  http.HttpServer2 (HttpServer2.java:addFilter(948)) - Added filter static_user_filter (class=org.apache.hadoop.http.lib.StaticUserWebFilter$StaticUserFilter) to context hddsDatanode
2019-07-14 11:08:47,658 INFO  http.HttpServer2 (HttpServer2.java:addFilter(958)) - Added filter static_user_filter (class=org.apache.hadoop.http.lib.StaticUserWebFilter$StaticUserFilter) to context logs
2019-07-14 11:08:47,658 INFO  http.HttpServer2 (HttpServer2.java:addFilter(958)) - Added filter static_user_filter (class=org.apache.hadoop.http.lib.StaticUserWebFilter$StaticUserFilter) to context static
2019-07-14 11:08:47,659 INFO  http.HttpServer2 (HttpServer2.java:bindListener(1191)) - Jetty bound to port 44191
2019-07-14 11:08:47,659 INFO  server.Server (Server.java:doStart(351)) - jetty-9.3.24.v20180605, build timestamp: 2018-06-05T17:11:56Z, git hash: 84205aa28f11a4f31f2a3b86d1bba2cc8ab69827
2019-07-14 11:08:47,660 INFO  handler.ContextHandler (ContextHandler.java:doStart(781)) - Started o.e.j.s.ServletContextHandler@3aecbab2{/logs,file:///workdir/hadoop-ozone/integration-test/target/log,AVAILABLE}
2019-07-14 11:08:47,661 INFO  handler.ContextHandler (ContextHandler.java:doStart(781)) - Started o.e.j.s.ServletContextHandler@a9375dd{/static,jar:file:/home/user/.m2/repository/org/apache/hadoop/hadoop-hdds-container-service/0.5.0-SNAPSHOT/hadoop-hdds-container-service-0.5.0-SNAPSHOT.jar!/webapps/static,AVAILABLE}
2019-07-14 11:08:47,692 INFO  handler.ContextHandler (ContextHandler.java:doStart(781)) - Started o.e.j.w.WebAppContext@6f20adb6{/,file:///tmp/jetty-0.0.0.0-44191-hddsDatanode-_-any-1228219951136791514.dir/webapp/,AVAILABLE}{/hddsDatanode}
2019-07-14 11:08:47,693 INFO  server.AbstractConnector (AbstractConnector.java:doStart(278)) - Started ServerConnector@55b89b11{HTTP/1.1,[http/1.1]}{0.0.0.0:44191}
2019-07-14 11:08:47,693 INFO  server.Server (Server.java:doStart(419)) - Started @703563ms
2019-07-14 11:08:47,695 INFO  server.BaseHttpServer (BaseHttpServer.java:updateConnectorAddress(207)) - HTTP server of HDDSDATANODE is listening at http://0.0.0.0:44191
2019-07-14 11:08:47,790 INFO  ozone.HddsDatanodeService (HddsDatanodeService.java:startPlugins(396)) - Started plug-in org.apache.hadoop.ozone.web.OzoneHddsDatanodeService@472cf6af
2019-07-14 11:08:47,791 INFO  impl.MetricsSystemImpl (MetricsSystemImpl.java:init(158)) - HddsDatanode metrics system started (again)
2019-07-14 11:08:47,794 INFO  ozone.HddsDatanodeService (HddsDatanodeService.java:start(185)) - HddsDatanodeService host:trunk-nightly-fxmrv-2540794721 ip:192.168.157.209
2019-07-14 11:08:47,795 INFO  util.JvmPauseMonitor (JvmPauseMonitor.java:run(188)) - Starting JVM pause monitor
2019-07-14 11:08:47,796 INFO  datanode.InitDatanodeState (InitDatanodeState.java:persistContainerDatanodeDetails(140)) - DatanodeDetails is persisted to /workdir/hadoop-ozone/integration-test/target/test-dir/MiniOzoneClusterImpl-b769e16a-867c-4841-9f53-e34879b9b639/datanode-5/meta/datanode.id
2019-07-14 11:08:47,809 INFO  volume.HddsVolume (HddsVolume.java:<init>(176)) - Creating Volume: /workdir/hadoop-ozone/integration-test/target/test-dir/MiniOzoneClusterImpl-b769e16a-867c-4841-9f53-e34879b9b639/datanode-6/data/containers/hdds of  storage type : DISK and capacity : 52710309888
2019-07-14 11:08:47,809 INFO  volume.VolumeSet (VolumeSet.java:initializeVolumeSet(170)) - Added Volume : /workdir/hadoop-ozone/integration-test/target/test-dir/MiniOzoneClusterImpl-b769e16a-867c-4841-9f53-e34879b9b639/datanode-6/data/containers/hdds to VolumeSet
2019-07-14 11:08:47,809 INFO  volume.ThrottledAsyncChecker (ThrottledAsyncChecker.java:schedule(140)) - Scheduling a check for org.apache.hadoop.ozone.container.common.volume.HddsVolume@2447d039
2019-07-14 11:08:47,810 INFO  volume.HddsVolumeChecker (HddsVolumeChecker.java:checkAllVolumes(203)) - Scheduled health check for volume org.apache.hadoop.ozone.container.common.volume.HddsVolume@2447d039
2019-07-14 11:08:47,826 INFO  impl.RaftServerProxy (ConfUtils.java:logGet(43)) - raft.rpc.type = GRPC (default)
2019-07-14 11:08:47,826 INFO  grpc.GrpcFactory (GrpcFactory.java:checkPooledByteBufAllocatorUseCacheForAllThreads(45)) - PERFORMANCE WARNING: useCacheForAllThreads is true that may cause Netty to create a lot garbage objects and, as a result, trigger GC.
	It is recommended to disable useCacheForAllThreads by setting -Dorg.apache.ratis.thirdparty.io.netty.allocator.useCacheForAllThreads=false in command line.
2019-07-14 11:08:47,826 INFO  grpc.GrpcConfigKeys$Server (ConfUtils.java:logGet(43)) - raft.grpc.server.port = 0 (default)
2019-07-14 11:08:47,827 INFO  server.GrpcService (ConfUtils.java:logGet(43)) - raft.grpc.message.size.max = 33570816 (custom)
2019-07-14 11:08:47,827 INFO  server.RaftServerConfigKeys (ConfUtils.java:logGet(43)) - raft.server.log.appender.buffer.byte-limit = 33554432 (custom)
2019-07-14 11:08:47,827 INFO  server.GrpcService (ConfUtils.java:logGet(43)) - raft.grpc.flow.control.window = 1MB (=1048576) (default)
2019-07-14 11:08:47,827 INFO  server.RaftServerConfigKeys (ConfUtils.java:logGet(43)) - raft.server.rpc.request.timeout = 3000ms (default)
2019-07-14 11:08:47,828 INFO  server.RaftServerConfigKeys (ConfUtils.java:logGet(43)) - raft.server.storage.dir = [/workdir/hadoop-ozone/integration-test/target/test-dir/MiniOzoneClusterImpl-b769e16a-867c-4841-9f53-e34879b9b639/datanode-6/data/ratis] (custom)
2019-07-14 11:08:47,828 INFO  replication.SimpleContainerDownloader (SimpleContainerDownloader.java:<init>(72)) - Starting container downloader service to copy containers to replicate.
2019-07-14 11:08:47,829 INFO  hdfs.DFSUtil (DFSUtil.java:httpServerTemplateForNNAndJN(1641)) - Starting Web-server for hddsDatanode at: http://0.0.0.0:0
2019-07-14 11:08:47,830 INFO  server.AuthenticationFilter (AuthenticationFilter.java:constructSecretProvider(240)) - Unable to initialize FileSignerSecretProvider, falling back to use random secrets.
2019-07-14 11:08:47,831 WARN  http.HttpRequestLog (HttpRequestLog.java:getRequestLog(97)) - Jetty request log can only be enabled using Log4j
2019-07-14 11:08:47,832 INFO  http.HttpServer2 (HttpServer2.java:addGlobalFilter(975)) - Added global filter 'safety' (class=org.apache.hadoop.http.HttpServer2$QuotingInputFilter)
2019-07-14 11:08:47,832 INFO  http.HttpServer2 (HttpServer2.java:addFilter(948)) - Added filter static_user_filter (class=org.apache.hadoop.http.lib.StaticUserWebFilter$StaticUserFilter) to context hddsDatanode
2019-07-14 11:08:47,832 INFO  http.HttpServer2 (HttpServer2.java:addFilter(958)) - Added filter static_user_filter (class=org.apache.hadoop.http.lib.StaticUserWebFilter$StaticUserFilter) to context static
2019-07-14 11:08:47,832 INFO  http.HttpServer2 (HttpServer2.java:addFilter(958)) - Added filter static_user_filter (class=org.apache.hadoop.http.lib.StaticUserWebFilter$StaticUserFilter) to context logs
2019-07-14 11:08:47,833 INFO  http.HttpServer2 (HttpServer2.java:bindListener(1191)) - Jetty bound to port 38542
2019-07-14 11:08:47,833 INFO  server.Server (Server.java:doStart(351)) - jetty-9.3.24.v20180605, build timestamp: 2018-06-05T17:11:56Z, git hash: 84205aa28f11a4f31f2a3b86d1bba2cc8ab69827
2019-07-14 11:08:47,835 INFO  handler.ContextHandler (ContextHandler.java:doStart(781)) - Started o.e.j.s.ServletContextHandler@43da05ee{/logs,file:///workdir/hadoop-ozone/integration-test/target/log,AVAILABLE}
2019-07-14 11:08:47,835 INFO  handler.ContextHandler (ContextHandler.java:doStart(781)) - Started o.e.j.s.ServletContextHandler@4b89b14a{/static,jar:file:/home/user/.m2/repository/org/apache/hadoop/hadoop-hdds-container-service/0.5.0-SNAPSHOT/hadoop-hdds-container-service-0.5.0-SNAPSHOT.jar!/webapps/static,AVAILABLE}
2019-07-14 11:08:47,863 INFO  handler.ContextHandler (ContextHandler.java:doStart(781)) - Started o.e.j.w.WebAppContext@317e9cf5{/,file:///tmp/jetty-0.0.0.0-38542-hddsDatanode-_-any-664148043203287435.dir/webapp/,AVAILABLE}{/hddsDatanode}
2019-07-14 11:08:47,864 INFO  server.AbstractConnector (AbstractConnector.java:doStart(278)) - Started ServerConnector@33a267f{HTTP/1.1,[http/1.1]}{0.0.0.0:38542}
2019-07-14 11:08:47,864 INFO  server.Server (Server.java:doStart(419)) - Started @703734ms
2019-07-14 11:08:47,866 INFO  server.BaseHttpServer (BaseHttpServer.java:updateConnectorAddress(207)) - HTTP server of HDDSDATANODE is listening at http://0.0.0.0:38542
2019-07-14 11:08:47,961 INFO  ozone.HddsDatanodeService (HddsDatanodeService.java:startPlugins(396)) - Started plug-in org.apache.hadoop.ozone.web.OzoneHddsDatanodeService@5a0ec54c
2019-07-14 11:08:47,962 INFO  ozone.MiniOzoneClusterImpl (MiniOzoneClusterImpl.java:lambda$waitForClusterToBeReady$0(142)) - Waiting for cluster to be ready. Got 0 of 7 DN Heartbeats.
2019-07-14 11:08:47,966 INFO  util.JvmPauseMonitor (JvmPauseMonitor.java:run(188)) - Starting JVM pause monitor
2019-07-14 11:08:47,967 INFO  datanode.InitDatanodeState (InitDatanodeState.java:persistContainerDatanodeDetails(140)) - DatanodeDetails is persisted to /workdir/hadoop-ozone/integration-test/target/test-dir/MiniOzoneClusterImpl-b769e16a-867c-4841-9f53-e34879b9b639/datanode-6/meta/datanode.id
2019-07-14 11:08:48,962 INFO  ozone.MiniOzoneClusterImpl (MiniOzoneClusterImpl.java:lambda$waitForClusterToBeReady$0(142)) - Waiting for cluster to be ready. Got 0 of 7 DN Heartbeats.
2019-07-14 11:08:48,983 INFO  ozoneimpl.OzoneContainer (OzoneContainer.java:start(186)) - Attempting to start container services.
2019-07-14 11:08:48,986 INFO  ozoneimpl.OzoneContainer (OzoneContainer.java:startContainerScrub(160)) - Background container scrubber has been disabled by hdds.containerscrub.enabled
2019-07-14 11:08:48,986 INFO  ratis.XceiverServerRatis (XceiverServerRatis.java:start(418)) - Starting XceiverServerRatis 665fa842-ba79-45b7-af82-2a2d5438b243 at port 0
2019-07-14 11:08:48,993 INFO  impl.RaftServerProxy (RaftServerProxy.java:lambda$start$3(299)) - 665fa842-ba79-45b7-af82-2a2d5438b243: start RPC server
2019-07-14 11:08:48,995 INFO  server.GrpcService (GrpcService.java:startImpl(149)) - 665fa842-ba79-45b7-af82-2a2d5438b243: GrpcService started, listening on 0.0.0.0/0.0.0.0:44896
2019-07-14 11:08:48,995 INFO  ratis.XceiverServerRatis (XceiverServerRatis.java:start(428)) - XceiverServerRatis 665fa842-ba79-45b7-af82-2a2d5438b243 is started using port 44896
2019-07-14 11:08:48,995 INFO  server.XceiverServerGrpc (XceiverServerGrpc.java:start(161)) - XceiverServerGrpc 665fa842-ba79-45b7-af82-2a2d5438b243 is started using port 36430
2019-07-14 11:08:49,140 INFO  ozoneimpl.OzoneContainer (OzoneContainer.java:start(186)) - Attempting to start container services.
2019-07-14 11:08:49,144 INFO  ozoneimpl.OzoneContainer (OzoneContainer.java:startContainerScrub(160)) - Background container scrubber has been disabled by hdds.containerscrub.enabled
2019-07-14 11:08:49,144 INFO  ratis.XceiverServerRatis (XceiverServerRatis.java:start(418)) - Starting XceiverServerRatis f296797d-749e-4308-b8db-39d6f9660560 at port 0
2019-07-14 11:08:49,151 INFO  impl.RaftServerProxy (RaftServerProxy.java:lambda$start$3(299)) - f296797d-749e-4308-b8db-39d6f9660560: start RPC server
2019-07-14 11:08:49,153 INFO  server.GrpcService (GrpcService.java:startImpl(149)) - f296797d-749e-4308-b8db-39d6f9660560: GrpcService started, listening on 0.0.0.0/0.0.0.0:44535
2019-07-14 11:08:49,154 INFO  ratis.XceiverServerRatis (XceiverServerRatis.java:start(428)) - XceiverServerRatis f296797d-749e-4308-b8db-39d6f9660560 is started using port 44535
2019-07-14 11:08:49,161 INFO  server.XceiverServerGrpc (XceiverServerGrpc.java:start(161)) - XceiverServerGrpc f296797d-749e-4308-b8db-39d6f9660560 is started using port 34762
2019-07-14 11:08:49,298 INFO  ozoneimpl.OzoneContainer (OzoneContainer.java:start(186)) - Attempting to start container services.
2019-07-14 11:08:49,304 INFO  ozoneimpl.OzoneContainer (OzoneContainer.java:startContainerScrub(160)) - Background container scrubber has been disabled by hdds.containerscrub.enabled
2019-07-14 11:08:49,304 INFO  ratis.XceiverServerRatis (XceiverServerRatis.java:start(418)) - Starting XceiverServerRatis b3c26f84-ced4-4ded-89e0-27fb4ce92002 at port 0
2019-07-14 11:08:49,312 INFO  impl.RaftServerProxy (RaftServerProxy.java:lambda$start$3(299)) - b3c26f84-ced4-4ded-89e0-27fb4ce92002: start RPC server
2019-07-14 11:08:49,313 INFO  server.GrpcService (GrpcService.java:startImpl(149)) - b3c26f84-ced4-4ded-89e0-27fb4ce92002: GrpcService started, listening on 0.0.0.0/0.0.0.0:43029
2019-07-14 11:08:49,313 INFO  ratis.XceiverServerRatis (XceiverServerRatis.java:start(428)) - XceiverServerRatis b3c26f84-ced4-4ded-89e0-27fb4ce92002 is started using port 43029
2019-07-14 11:08:49,321 INFO  server.XceiverServerGrpc (XceiverServerGrpc.java:start(161)) - XceiverServerGrpc b3c26f84-ced4-4ded-89e0-27fb4ce92002 is started using port 46568
2019-07-14 11:08:49,468 INFO  ozoneimpl.OzoneContainer (OzoneContainer.java:start(186)) - Attempting to start container services.
2019-07-14 11:08:49,469 INFO  ozoneimpl.OzoneContainer (OzoneContainer.java:startContainerScrub(160)) - Background container scrubber has been disabled by hdds.containerscrub.enabled
2019-07-14 11:08:49,469 INFO  ratis.XceiverServerRatis (XceiverServerRatis.java:start(418)) - Starting XceiverServerRatis 6ce46959-8e32-4e70-a445-cddac5da34a1 at port 0
2019-07-14 11:08:49,478 INFO  impl.RaftServerProxy (RaftServerProxy.java:lambda$start$3(299)) - 6ce46959-8e32-4e70-a445-cddac5da34a1: start RPC server
2019-07-14 11:08:49,478 INFO  server.GrpcService (GrpcService.java:startImpl(149)) - 6ce46959-8e32-4e70-a445-cddac5da34a1: GrpcService started, listening on 0.0.0.0/0.0.0.0:40930
2019-07-14 11:08:49,478 INFO  ratis.XceiverServerRatis (XceiverServerRatis.java:start(428)) - XceiverServerRatis 6ce46959-8e32-4e70-a445-cddac5da34a1 is started using port 40930
2019-07-14 11:08:49,479 INFO  server.XceiverServerGrpc (XceiverServerGrpc.java:start(161)) - XceiverServerGrpc 6ce46959-8e32-4e70-a445-cddac5da34a1 is started using port 35946
2019-07-14 11:08:49,638 INFO  ozoneimpl.OzoneContainer (OzoneContainer.java:start(186)) - Attempting to start container services.
2019-07-14 11:08:49,638 INFO  ozoneimpl.OzoneContainer (OzoneContainer.java:startContainerScrub(160)) - Background container scrubber has been disabled by hdds.containerscrub.enabled
2019-07-14 11:08:49,638 INFO  ratis.XceiverServerRatis (XceiverServerRatis.java:start(418)) - Starting XceiverServerRatis 28fe82b7-ebd9-4a2a-8554-bbddc320b8ae at port 0
2019-07-14 11:08:49,646 INFO  impl.RaftServerProxy (RaftServerProxy.java:lambda$start$3(299)) - 28fe82b7-ebd9-4a2a-8554-bbddc320b8ae: start RPC server
2019-07-14 11:08:49,647 INFO  server.GrpcService (GrpcService.java:startImpl(149)) - 28fe82b7-ebd9-4a2a-8554-bbddc320b8ae: GrpcService started, listening on 0.0.0.0/0.0.0.0:33828
2019-07-14 11:08:49,647 INFO  ratis.XceiverServerRatis (XceiverServerRatis.java:start(428)) - XceiverServerRatis 28fe82b7-ebd9-4a2a-8554-bbddc320b8ae is started using port 33828
2019-07-14 11:08:49,651 INFO  server.XceiverServerGrpc (XceiverServerGrpc.java:start(161)) - XceiverServerGrpc 28fe82b7-ebd9-4a2a-8554-bbddc320b8ae is started using port 38598
2019-07-14 11:08:49,808 INFO  ozoneimpl.OzoneContainer (OzoneContainer.java:start(186)) - Attempting to start container services.
2019-07-14 11:08:49,808 INFO  ozoneimpl.OzoneContainer (OzoneContainer.java:startContainerScrub(160)) - Background container scrubber has been disabled by hdds.containerscrub.enabled
2019-07-14 11:08:49,808 INFO  ratis.XceiverServerRatis (XceiverServerRatis.java:start(418)) - Starting XceiverServerRatis c850fbc6-b33b-4eb6-8c07-36c7bc8c2b81 at port 0
2019-07-14 11:08:49,814 INFO  impl.RaftServerProxy (RaftServerProxy.java:lambda$start$3(299)) - c850fbc6-b33b-4eb6-8c07-36c7bc8c2b81: start RPC server
2019-07-14 11:08:49,815 INFO  server.GrpcService (GrpcService.java:startImpl(149)) - c850fbc6-b33b-4eb6-8c07-36c7bc8c2b81: GrpcService started, listening on 0.0.0.0/0.0.0.0:36392
2019-07-14 11:08:49,815 INFO  ratis.XceiverServerRatis (XceiverServerRatis.java:start(428)) - XceiverServerRatis c850fbc6-b33b-4eb6-8c07-36c7bc8c2b81 is started using port 36392
2019-07-14 11:08:49,816 INFO  server.XceiverServerGrpc (XceiverServerGrpc.java:start(161)) - XceiverServerGrpc c850fbc6-b33b-4eb6-8c07-36c7bc8c2b81 is started using port 37796
2019-07-14 11:08:49,966 INFO  ozone.MiniOzoneClusterImpl (MiniOzoneClusterImpl.java:lambda$waitForClusterToBeReady$0(142)) - Waiting for cluster to be ready. Got 0 of 7 DN Heartbeats.
2019-07-14 11:08:49,980 INFO  ozoneimpl.OzoneContainer (OzoneContainer.java:start(186)) - Attempting to start container services.
2019-07-14 11:08:49,980 INFO  ozoneimpl.OzoneContainer (OzoneContainer.java:startContainerScrub(160)) - Background container scrubber has been disabled by hdds.containerscrub.enabled
2019-07-14 11:08:49,980 INFO  ratis.XceiverServerRatis (XceiverServerRatis.java:start(418)) - Starting XceiverServerRatis 81ae09c3-ec4e-4bf7-bc56-5c1adb625679 at port 0
2019-07-14 11:08:49,988 INFO  impl.RaftServerProxy (RaftServerProxy.java:lambda$start$3(299)) - 81ae09c3-ec4e-4bf7-bc56-5c1adb625679: start RPC server
2019-07-14 11:08:49,993 INFO  server.GrpcService (GrpcService.java:startImpl(149)) - 81ae09c3-ec4e-4bf7-bc56-5c1adb625679: GrpcService started, listening on 0.0.0.0/0.0.0.0:36016
2019-07-14 11:08:49,993 INFO  ratis.XceiverServerRatis (XceiverServerRatis.java:start(428)) - XceiverServerRatis 81ae09c3-ec4e-4bf7-bc56-5c1adb625679 is started using port 36016
2019-07-14 11:08:49,994 INFO  server.XceiverServerGrpc (XceiverServerGrpc.java:start(161)) - XceiverServerGrpc 81ae09c3-ec4e-4bf7-bc56-5c1adb625679 is started using port 38309
2019-07-14 11:08:50,967 INFO  ozone.MiniOzoneClusterImpl (MiniOzoneClusterImpl.java:lambda$waitForClusterToBeReady$0(142)) - Waiting for cluster to be ready. Got 1 of 7 DN Heartbeats.
2019-07-14 11:08:50,967 INFO  net.NetworkTopology (NetworkTopologyImpl.java:add(110)) - Added a new node: /default-rack/192.168.157.209
2019-07-14 11:08:50,970 INFO  node.SCMNodeManager (SCMNodeManager.java:register(269)) - Registered Data node : 665fa842-ba79-45b7-af82-2a2d5438b243{ip: 192.168.157.209, host: trunk-nightly-fxmrv-2540794721, networkLocation: /default-rack, certSerialId: null}
2019-07-14 11:08:50,971 INFO  safemode.SCMSafeModeManager (DataNodeSafeModeRule.java:process(71)) - SCM in safe mode. 1 DataNodes registered, 1 required.
2019-07-14 11:08:50,974 INFO  safemode.SCMSafeModeManager (SCMSafeModeManager.java:validateSafeModeExitRules(177)) - ScmSafeModeManager, all rules are successfully validated
2019-07-14 11:08:50,974 INFO  safemode.SCMSafeModeManager (SCMSafeModeManager.java:exitSafeMode(193)) - SCM exiting safe mode.
2019-07-14 11:08:50,987 INFO  impl.RaftServerProxy (RaftServerProxy.java:addNew(89)) - 665fa842-ba79-45b7-af82-2a2d5438b243: addNew group-C2A35888879D:[665fa842-ba79-45b7-af82-2a2d5438b243:192.168.157.209:44896] returns group-C2A35888879D:java.util.concurrent.CompletableFuture@1a63197e[Not completed]
2019-07-14 11:08:50,988 INFO  impl.RaftServerImpl (RaftServerImpl.java:<init>(93)) - 665fa842-ba79-45b7-af82-2a2d5438b243: new RaftServerImpl for group-C2A35888879D:[665fa842-ba79-45b7-af82-2a2d5438b243:192.168.157.209:44896] with ContainerStateMachine:uninitialized
2019-07-14 11:08:50,988 INFO  server.RaftServerConfigKeys (ConfUtils.java:logGet(43)) - raft.server.rpc.timeout.min = 5s (custom)
2019-07-14 11:08:50,988 INFO  server.RaftServerConfigKeys (ConfUtils.java:logGet(43)) - raft.server.rpc.timeout.max = 5200ms (custom)
2019-07-14 11:08:50,988 INFO  server.RaftServerConfigKeys (ConfUtils.java:logGet(43)) - raft.server.rpcslowness.timeout = 120s (custom)
2019-07-14 11:08:50,988 INFO  server.RaftServerConfigKeys (ConfUtils.java:logGet(43)) - raft.server.sleep.deviation.threshold = 300 (default)
2019-07-14 11:08:50,988 INFO  server.RaftServerConfigKeys (ConfUtils.java:logGet(43)) - raft.server.log.appender.install.snapshot.enabled = false (custom)
2019-07-14 11:08:50,989 INFO  impl.RaftServerImpl (ServerState.java:<init>(105)) - 665fa842-ba79-45b7-af82-2a2d5438b243:group-C2A35888879D ConfigurationManager, init=-1: [665fa842-ba79-45b7-af82-2a2d5438b243:192.168.157.209:44896], old=null, confs=<EMPTY_MAP>
2019-07-14 11:08:50,989 INFO  server.RaftServerConfigKeys (ConfUtils.java:logGet(43)) - raft.server.storage.dir = [/workdir/hadoop-ozone/integration-test/target/test-dir/MiniOzoneClusterImpl-b769e16a-867c-4841-9f53-e34879b9b639/datanode-0/data/ratis] (custom)
2019-07-14 11:08:50,989 INFO  storage.RaftStorageDirectory (RaftStorageDirectory.java:analyzeStorage(246)) - The storage directory /workdir/hadoop-ozone/integration-test/target/test-dir/MiniOzoneClusterImpl-b769e16a-867c-4841-9f53-e34879b9b639/datanode-0/data/ratis/5dd41565-60ae-48cb-bdd2-c2a35888879d does not exist. Creating ...
2019-07-14 11:08:51,003 INFO  storage.RaftStorageDirectory (RaftStorageDirectory.java:tryLock(328)) - Lock on /workdir/hadoop-ozone/integration-test/target/test-dir/MiniOzoneClusterImpl-b769e16a-867c-4841-9f53-e34879b9b639/datanode-0/data/ratis/5dd41565-60ae-48cb-bdd2-c2a35888879d/in_use.lock acquired by nodename 22243@trunk-nightly-fxmrv-2540794721
2019-07-14 11:08:51,171 INFO  node.SCMNodeManager (SCMNodeManager.java:register(269)) - Registered Data node : f296797d-749e-4308-b8db-39d6f9660560{ip: 192.168.157.209, host: trunk-nightly-fxmrv-2540794721, networkLocation: /default-rack, certSerialId: null}
2019-07-14 11:08:51,175 INFO  storage.RaftStorage (RaftStorage.java:format(72)) - Storage directory /workdir/hadoop-ozone/integration-test/target/test-dir/MiniOzoneClusterImpl-b769e16a-867c-4841-9f53-e34879b9b639/datanode-0/data/ratis/5dd41565-60ae-48cb-bdd2-c2a35888879d has been successfully formatted.
2019-07-14 11:08:51,176 INFO  ratis.ContainerStateMachine (ContainerStateMachine.java:loadSnapshot(200)) - group-C2A35888879D: The snapshot info is null. Setting the last applied indexto:(t:0, i:~)
2019-07-14 11:08:51,176 INFO  server.RaftServerConfigKeys (ConfUtils.java:logGet(43)) - raft.server.leader.election.timeout = 120s (custom)
2019-07-14 11:08:51,176 INFO  server.RaftServerConfigKeys (ConfUtils.java:logGet(43)) - raft.server.log.use.memory = false (default)
2019-07-14 11:08:51,177 INFO  server.RaftServerConfigKeys (ConfUtils.java:logGet(43)) - raft.server.log.purge.gap = 1000000000 (custom)
2019-07-14 11:08:51,183 INFO  server.RaftServerConfigKeys (ConfUtils.java:logGet(43)) - raft.server.log.appender.buffer.byte-limit = 33554432 (custom)
2019-07-14 11:08:51,189 INFO  server.RaftServerConfigKeys (ConfUtils.java:logGet(43)) - raft.server.log.segment.size.max = 1048576 (custom)
2019-07-14 11:08:51,189 INFO  server.RaftServerConfigKeys (ConfUtils.java:logGet(43)) - raft.server.log.segment.cache.num.max = 2 (custom)
2019-07-14 11:08:51,189 INFO  segmented.SegmentedRaftLogWorker (SegmentedRaftLogWorker.java:<init>(172)) - new 665fa842-ba79-45b7-af82-2a2d5438b243-SegmentedRaftLogWorker:Storage Directory /workdir/hadoop-ozone/integration-test/target/test-dir/MiniOzoneClusterImpl-b769e16a-867c-4841-9f53-e34879b9b639/datanode-0/data/ratis/5dd41565-60ae-48cb-bdd2-c2a35888879d for RaftStorage:Storage Directory /workdir/hadoop-ozone/integration-test/target/test-dir/MiniOzoneClusterImpl-b769e16a-867c-4841-9f53-e34879b9b639/datanode-0/data/ratis/5dd41565-60ae-48cb-bdd2-c2a35888879d
2019-07-14 11:08:51,189 INFO  server.RaftServerConfigKeys (ConfUtils.java:logGet(43)) - raft.server.log.queue.byte-limit = 2147483647 (custom)
2019-07-14 11:08:51,190 INFO  server.RaftServerConfigKeys (ConfUtils.java:logGet(43)) - raft.server.log.queue.element-limit = 1024 (custom)
2019-07-14 11:08:51,190 INFO  server.RaftServerConfigKeys (ConfUtils.java:logGet(43)) - raft.server.log.segment.size.max = 1048576 (custom)
2019-07-14 11:08:51,190 INFO  server.RaftServerConfigKeys (ConfUtils.java:logGet(43)) - raft.server.log.preallocated.size = 16384 (custom)
2019-07-14 11:08:51,190 INFO  server.RaftServerConfigKeys (ConfUtils.java:logGet(43)) - raft.server.log.write.buffer.size = 33554432 (custom)
2019-07-14 11:08:51,191 INFO  server.RaftServerConfigKeys (ConfUtils.java:logGet(43)) - raft.server.log.force.sync.num = 128 (default)
2019-07-14 11:08:51,191 INFO  server.RaftServerConfigKeys (ConfUtils.java:logGet(43)) - raft.server.log.statemachine.data.sync = true (default)
2019-07-14 11:08:51,191 INFO  server.RaftServerConfigKeys (ConfUtils.java:logGet(43)) - raft.server.log.statemachine.data.sync.timeout = 10s (default)
2019-07-14 11:08:51,191 INFO  server.RaftServerConfigKeys (ConfUtils.java:logGet(43)) - raft.server.log.statemachine.data.sync.timeout.retry = -1 (default)
2019-07-14 11:08:51,191 INFO  server.RaftServerConfigKeys (ConfUtils.java:logGet(43)) - raft.server.log.statemachine.data.caching.enabled = true (custom)
2019-07-14 11:08:51,192 INFO  segmented.SegmentedRaftLogWorker (SegmentedRaftLogWorker.java:lambda$new$0(132)) - 665fa842-ba79-45b7-af82-2a2d5438b243-SegmentedRaftLogWorker:Storage Directory /workdir/hadoop-ozone/integration-test/target/test-dir/MiniOzoneClusterImpl-b769e16a-867c-4841-9f53-e34879b9b639/datanode-0/data/ratis/5dd41565-60ae-48cb-bdd2-c2a35888879d: flushIndex: setUnconditionally 0 -> -1
2019-07-14 11:08:51,192 INFO  server.RaftServerConfigKeys (ConfUtils.java:logGet(43)) - raft.server.snapshot.auto.trigger.enabled = true (custom)
2019-07-14 11:08:51,192 INFO  server.RaftServerConfigKeys (ConfUtils.java:logGet(43)) - raft.server.snapshot.auto.trigger.threshold = 10000 (custom)
2019-07-14 11:08:51,192 INFO  server.RaftServerConfigKeys (ConfUtils.java:logGet(43)) - raft.server.retrycache.expirytime = 600000ms (custom)
2019-07-14 11:08:51,193 INFO  impl.RaftServerImpl (RaftServerImpl.java:start(180)) - 665fa842-ba79-45b7-af82-2a2d5438b243: start group-C2A35888879D
2019-07-14 11:08:51,193 INFO  impl.RaftServerImpl (RaftServerImpl.java:setRole(171)) - 665fa842-ba79-45b7-af82-2a2d5438b243:group-C2A35888879D changes role from null to FOLLOWER at term 0 for startAsFollower
2019-07-14 11:08:51,193 INFO  impl.RoleInfo (RoleInfo.java:updateAndGet(143)) - 665fa842-ba79-45b7-af82-2a2d5438b243: start FollowerState
2019-07-14 11:08:51,194 INFO  util.JmxRegister (JmxRegister.java:tryRegister(44)) - Successfully registered JMX Bean with object name Ratis:service=RaftServer,group=group-C2A35888879D,id=665fa842-ba79-45b7-af82-2a2d5438b243
2019-07-14 11:08:51,196 INFO  pipeline.PipelineStateManager (PipelineStateManager.java:addPipeline(56)) - Created pipeline Pipeline[ Id: 5dd41565-60ae-48cb-bdd2-c2a35888879d, Nodes: 665fa842-ba79-45b7-af82-2a2d5438b243{ip: 192.168.157.209, host: trunk-nightly-fxmrv-2540794721, networkLocation: /default-rack, certSerialId: null}, Type:RATIS, Factor:ONE, State:OPEN]
2019-07-14 11:08:51,206 INFO  impl.RaftServerProxy (RaftServerProxy.java:addNew(89)) - f296797d-749e-4308-b8db-39d6f9660560: addNew group-3AF67671DCC8:[f296797d-749e-4308-b8db-39d6f9660560:192.168.157.209:44535] returns group-3AF67671DCC8:java.util.concurrent.CompletableFuture@5be1cc4a[Not completed]
2019-07-14 11:08:51,207 INFO  impl.RaftServerImpl (RaftServerImpl.java:<init>(93)) - f296797d-749e-4308-b8db-39d6f9660560: new RaftServerImpl for group-3AF67671DCC8:[f296797d-749e-4308-b8db-39d6f9660560:192.168.157.209:44535] with ContainerStateMachine:uninitialized
2019-07-14 11:08:51,207 INFO  server.RaftServerConfigKeys (ConfUtils.java:logGet(43)) - raft.server.rpc.timeout.min = 5s (custom)
2019-07-14 11:08:51,207 INFO  server.RaftServerConfigKeys (ConfUtils.java:logGet(43)) - raft.server.rpc.timeout.max = 5200ms (custom)
2019-07-14 11:08:51,207 INFO  server.RaftServerConfigKeys (ConfUtils.java:logGet(43)) - raft.server.rpcslowness.timeout = 120s (custom)
2019-07-14 11:08:51,207 INFO  server.RaftServerConfigKeys (ConfUtils.java:logGet(43)) - raft.server.sleep.deviation.threshold = 300 (default)
2019-07-14 11:08:51,207 INFO  server.RaftServerConfigKeys (ConfUtils.java:logGet(43)) - raft.server.log.appender.install.snapshot.enabled = false (custom)
2019-07-14 11:08:51,208 INFO  impl.RaftServerImpl (ServerState.java:<init>(105)) - f296797d-749e-4308-b8db-39d6f9660560:group-3AF67671DCC8 ConfigurationManager, init=-1: [f296797d-749e-4308-b8db-39d6f9660560:192.168.157.209:44535], old=null, confs=<EMPTY_MAP>
2019-07-14 11:08:51,208 INFO  server.RaftServerConfigKeys (ConfUtils.java:logGet(43)) - raft.server.storage.dir = [/workdir/hadoop-ozone/integration-test/target/test-dir/MiniOzoneClusterImpl-b769e16a-867c-4841-9f53-e34879b9b639/datanode-1/data/ratis] (custom)
2019-07-14 11:08:51,208 INFO  storage.RaftStorageDirectory (RaftStorageDirectory.java:analyzeStorage(246)) - The storage directory /workdir/hadoop-ozone/integration-test/target/test-dir/MiniOzoneClusterImpl-b769e16a-867c-4841-9f53-e34879b9b639/datanode-1/data/ratis/14775844-fa73-4a94-adf1-3af67671dcc8 does not exist. Creating ...
2019-07-14 11:08:51,221 INFO  storage.RaftStorageDirectory (RaftStorageDirectory.java:tryLock(328)) - Lock on /workdir/hadoop-ozone/integration-test/target/test-dir/MiniOzoneClusterImpl-b769e16a-867c-4841-9f53-e34879b9b639/datanode-1/data/ratis/14775844-fa73-4a94-adf1-3af67671dcc8/in_use.lock acquired by nodename 22243@trunk-nightly-fxmrv-2540794721
2019-07-14 11:08:51,234 INFO  storage.RaftStorage (RaftStorage.java:format(72)) - Storage directory /workdir/hadoop-ozone/integration-test/target/test-dir/MiniOzoneClusterImpl-b769e16a-867c-4841-9f53-e34879b9b639/datanode-1/data/ratis/14775844-fa73-4a94-adf1-3af67671dcc8 has been successfully formatted.
2019-07-14 11:08:51,235 INFO  ratis.ContainerStateMachine (ContainerStateMachine.java:loadSnapshot(200)) - group-3AF67671DCC8: The snapshot info is null. Setting the last applied indexto:(t:0, i:~)
2019-07-14 11:08:51,235 INFO  server.RaftServerConfigKeys (ConfUtils.java:logGet(43)) - raft.server.leader.election.timeout = 120s (custom)
2019-07-14 11:08:51,235 INFO  server.RaftServerConfigKeys (ConfUtils.java:logGet(43)) - raft.server.log.use.memory = false (default)
2019-07-14 11:08:51,235 INFO  server.RaftServerConfigKeys (ConfUtils.java:logGet(43)) - raft.server.log.purge.gap = 1000000000 (custom)
2019-07-14 11:08:51,235 INFO  server.RaftServerConfigKeys (ConfUtils.java:logGet(43)) - raft.server.log.appender.buffer.byte-limit = 33554432 (custom)
2019-07-14 11:08:51,235 INFO  server.RaftServerConfigKeys (ConfUtils.java:logGet(43)) - raft.server.log.segment.size.max = 1048576 (custom)
2019-07-14 11:08:51,236 INFO  server.RaftServerConfigKeys (ConfUtils.java:logGet(43)) - raft.server.log.segment.cache.num.max = 2 (custom)
2019-07-14 11:08:51,236 INFO  segmented.SegmentedRaftLogWorker (SegmentedRaftLogWorker.java:<init>(172)) - new f296797d-749e-4308-b8db-39d6f9660560-SegmentedRaftLogWorker:Storage Directory /workdir/hadoop-ozone/integration-test/target/test-dir/MiniOzoneClusterImpl-b769e16a-867c-4841-9f53-e34879b9b639/datanode-1/data/ratis/14775844-fa73-4a94-adf1-3af67671dcc8 for RaftStorage:Storage Directory /workdir/hadoop-ozone/integration-test/target/test-dir/MiniOzoneClusterImpl-b769e16a-867c-4841-9f53-e34879b9b639/datanode-1/data/ratis/14775844-fa73-4a94-adf1-3af67671dcc8
2019-07-14 11:08:51,236 INFO  server.RaftServerConfigKeys (ConfUtils.java:logGet(43)) - raft.server.log.queue.byte-limit = 2147483647 (custom)
2019-07-14 11:08:51,236 INFO  server.RaftServerConfigKeys (ConfUtils.java:logGet(43)) - raft.server.log.queue.element-limit = 1024 (custom)
2019-07-14 11:08:51,236 INFO  server.RaftServerConfigKeys (ConfUtils.java:logGet(43)) - raft.server.log.segment.size.max = 1048576 (custom)
2019-07-14 11:08:51,237 INFO  server.RaftServerConfigKeys (ConfUtils.java:logGet(43)) - raft.server.log.preallocated.size = 16384 (custom)
2019-07-14 11:08:51,237 INFO  server.RaftServerConfigKeys (ConfUtils.java:logGet(43)) - raft.server.log.write.buffer.size = 33554432 (custom)
2019-07-14 11:08:51,237 INFO  server.RaftServerConfigKeys (ConfUtils.java:logGet(43)) - raft.server.log.force.sync.num = 128 (default)
2019-07-14 11:08:51,237 INFO  server.RaftServerConfigKeys (ConfUtils.java:logGet(43)) - raft.server.log.statemachine.data.sync = true (default)
2019-07-14 11:08:51,237 INFO  server.RaftServerConfigKeys (ConfUtils.java:logGet(43)) - raft.server.log.statemachine.data.sync.timeout = 10s (default)
2019-07-14 11:08:51,237 INFO  server.RaftServerConfigKeys (ConfUtils.java:logGet(43)) - raft.server.log.statemachine.data.sync.timeout.retry = -1 (default)
2019-07-14 11:08:51,238 INFO  server.RaftServerConfigKeys (ConfUtils.java:logGet(43)) - raft.server.log.statemachine.data.caching.enabled = true (custom)
2019-07-14 11:08:51,238 INFO  segmented.SegmentedRaftLogWorker (SegmentedRaftLogWorker.java:lambda$new$0(132)) - f296797d-749e-4308-b8db-39d6f9660560-SegmentedRaftLogWorker:Storage Directory /workdir/hadoop-ozone/integration-test/target/test-dir/MiniOzoneClusterImpl-b769e16a-867c-4841-9f53-e34879b9b639/datanode-1/data/ratis/14775844-fa73-4a94-adf1-3af67671dcc8: flushIndex: setUnconditionally 0 -> -1
2019-07-14 11:08:51,238 INFO  server.RaftServerConfigKeys (ConfUtils.java:logGet(43)) - raft.server.snapshot.auto.trigger.enabled = true (custom)
2019-07-14 11:08:51,238 INFO  server.RaftServerConfigKeys (ConfUtils.java:logGet(43)) - raft.server.snapshot.auto.trigger.threshold = 10000 (custom)
2019-07-14 11:08:51,239 INFO  server.RaftServerConfigKeys (ConfUtils.java:logGet(43)) - raft.server.retrycache.expirytime = 600000ms (custom)
2019-07-14 11:08:51,239 INFO  impl.RaftServerImpl (RaftServerImpl.java:start(180)) - f296797d-749e-4308-b8db-39d6f9660560: start group-3AF67671DCC8
2019-07-14 11:08:51,239 INFO  impl.RaftServerImpl (RaftServerImpl.java:setRole(171)) - f296797d-749e-4308-b8db-39d6f9660560:group-3AF67671DCC8 changes role from null to FOLLOWER at term 0 for startAsFollower
2019-07-14 11:08:51,239 INFO  impl.RoleInfo (RoleInfo.java:updateAndGet(143)) - f296797d-749e-4308-b8db-39d6f9660560: start FollowerState
2019-07-14 11:08:51,239 INFO  util.JmxRegister (JmxRegister.java:tryRegister(44)) - Successfully registered JMX Bean with object name Ratis:service=RaftServer,group=group-3AF67671DCC8,id=f296797d-749e-4308-b8db-39d6f9660560
2019-07-14 11:08:51,241 INFO  pipeline.PipelineStateManager (PipelineStateManager.java:addPipeline(56)) - Created pipeline Pipeline[ Id: 14775844-fa73-4a94-adf1-3af67671dcc8, Nodes: f296797d-749e-4308-b8db-39d6f9660560{ip: 192.168.157.209, host: trunk-nightly-fxmrv-2540794721, networkLocation: /default-rack, certSerialId: null}, Type:RATIS, Factor:ONE, State:OPEN]
2019-07-14 11:08:51,291 INFO  node.SCMNodeManager (SCMNodeManager.java:register(269)) - Registered Data node : b3c26f84-ced4-4ded-89e0-27fb4ce92002{ip: 192.168.157.209, host: trunk-nightly-fxmrv-2540794721, networkLocation: /default-rack, certSerialId: null}
2019-07-14 11:08:51,298 INFO  impl.RaftServerProxy (RaftServerProxy.java:addNew(89)) - b3c26f84-ced4-4ded-89e0-27fb4ce92002: addNew group-BD015D498E0C:[b3c26f84-ced4-4ded-89e0-27fb4ce92002:192.168.157.209:43029] returns group-BD015D498E0C:java.util.concurrent.CompletableFuture@6ca6078b[Not completed]
2019-07-14 11:08:51,299 INFO  impl.RaftServerImpl (RaftServerImpl.java:<init>(93)) - b3c26f84-ced4-4ded-89e0-27fb4ce92002: new RaftServerImpl for group-BD015D498E0C:[b3c26f84-ced4-4ded-89e0-27fb4ce92002:192.168.157.209:43029] with ContainerStateMachine:uninitialized
2019-07-14 11:08:51,299 INFO  server.RaftServerConfigKeys (ConfUtils.java:logGet(43)) - raft.server.rpc.timeout.min = 5s (custom)
2019-07-14 11:08:51,299 INFO  server.RaftServerConfigKeys (ConfUtils.java:logGet(43)) - raft.server.rpc.timeout.max = 5200ms (custom)
2019-07-14 11:08:51,299 INFO  server.RaftServerConfigKeys (ConfUtils.java:logGet(43)) - raft.server.rpcslowness.timeout = 120s (custom)
2019-07-14 11:08:51,299 INFO  server.RaftServerConfigKeys (ConfUtils.java:logGet(43)) - raft.server.sleep.deviation.threshold = 300 (default)
2019-07-14 11:08:51,300 INFO  server.RaftServerConfigKeys (ConfUtils.java:logGet(43)) - raft.server.log.appender.install.snapshot.enabled = false (custom)
2019-07-14 11:08:51,300 INFO  impl.RaftServerImpl (ServerState.java:<init>(105)) - b3c26f84-ced4-4ded-89e0-27fb4ce92002:group-BD015D498E0C ConfigurationManager, init=-1: [b3c26f84-ced4-4ded-89e0-27fb4ce92002:192.168.157.209:43029], old=null, confs=<EMPTY_MAP>
2019-07-14 11:08:51,300 INFO  server.RaftServerConfigKeys (ConfUtils.java:logGet(43)) - raft.server.storage.dir = [/workdir/hadoop-ozone/integration-test/target/test-dir/MiniOzoneClusterImpl-b769e16a-867c-4841-9f53-e34879b9b639/datanode-2/data/ratis] (custom)
2019-07-14 11:08:51,300 INFO  storage.RaftStorageDirectory (RaftStorageDirectory.java:analyzeStorage(246)) - The storage directory /workdir/hadoop-ozone/integration-test/target/test-dir/MiniOzoneClusterImpl-b769e16a-867c-4841-9f53-e34879b9b639/datanode-2/data/ratis/6e01d154-0d5c-40ca-a958-bd015d498e0c does not exist. Creating ...
2019-07-14 11:08:51,307 INFO  storage.RaftStorageDirectory (RaftStorageDirectory.java:tryLock(328)) - Lock on /workdir/hadoop-ozone/integration-test/target/test-dir/MiniOzoneClusterImpl-b769e16a-867c-4841-9f53-e34879b9b639/datanode-2/data/ratis/6e01d154-0d5c-40ca-a958-bd015d498e0c/in_use.lock acquired by nodename 22243@trunk-nightly-fxmrv-2540794721
2019-07-14 11:08:51,329 INFO  storage.RaftStorage (RaftStorage.java:format(72)) - Storage directory /workdir/hadoop-ozone/integration-test/target/test-dir/MiniOzoneClusterImpl-b769e16a-867c-4841-9f53-e34879b9b639/datanode-2/data/ratis/6e01d154-0d5c-40ca-a958-bd015d498e0c has been successfully formatted.
2019-07-14 11:08:51,329 INFO  ratis.ContainerStateMachine (ContainerStateMachine.java:loadSnapshot(200)) - group-BD015D498E0C: The snapshot info is null. Setting the last applied indexto:(t:0, i:~)
2019-07-14 11:08:51,329 INFO  server.RaftServerConfigKeys (ConfUtils.java:logGet(43)) - raft.server.leader.election.timeout = 120s (custom)
2019-07-14 11:08:51,329 INFO  server.RaftServerConfigKeys (ConfUtils.java:logGet(43)) - raft.server.log.use.memory = false (default)
2019-07-14 11:08:51,330 INFO  server.RaftServerConfigKeys (ConfUtils.java:logGet(43)) - raft.server.log.purge.gap = 1000000000 (custom)
2019-07-14 11:08:51,330 INFO  server.RaftServerConfigKeys (ConfUtils.java:logGet(43)) - raft.server.log.appender.buffer.byte-limit = 33554432 (custom)
2019-07-14 11:08:51,330 INFO  server.RaftServerConfigKeys (ConfUtils.java:logGet(43)) - raft.server.log.segment.size.max = 1048576 (custom)
2019-07-14 11:08:51,330 INFO  server.RaftServerConfigKeys (ConfUtils.java:logGet(43)) - raft.server.log.segment.cache.num.max = 2 (custom)
2019-07-14 11:08:51,330 INFO  segmented.SegmentedRaftLogWorker (SegmentedRaftLogWorker.java:<init>(172)) - new b3c26f84-ced4-4ded-89e0-27fb4ce92002-SegmentedRaftLogWorker:Storage Directory /workdir/hadoop-ozone/integration-test/target/test-dir/MiniOzoneClusterImpl-b769e16a-867c-4841-9f53-e34879b9b639/datanode-2/data/ratis/6e01d154-0d5c-40ca-a958-bd015d498e0c for RaftStorage:Storage Directory /workdir/hadoop-ozone/integration-test/target/test-dir/MiniOzoneClusterImpl-b769e16a-867c-4841-9f53-e34879b9b639/datanode-2/data/ratis/6e01d154-0d5c-40ca-a958-bd015d498e0c
2019-07-14 11:08:51,330 INFO  server.RaftServerConfigKeys (ConfUtils.java:logGet(43)) - raft.server.log.queue.byte-limit = 2147483647 (custom)
2019-07-14 11:08:51,330 INFO  server.RaftServerConfigKeys (ConfUtils.java:logGet(43)) - raft.server.log.queue.element-limit = 1024 (custom)
2019-07-14 11:08:51,331 INFO  server.RaftServerConfigKeys (ConfUtils.java:logGet(43)) - raft.server.log.segment.size.max = 1048576 (custom)
2019-07-14 11:08:51,331 INFO  server.RaftServerConfigKeys (ConfUtils.java:logGet(43)) - raft.server.log.preallocated.size = 16384 (custom)
2019-07-14 11:08:51,331 INFO  server.RaftServerConfigKeys (ConfUtils.java:logGet(43)) - raft.server.log.write.buffer.size = 33554432 (custom)
2019-07-14 11:08:51,331 INFO  server.RaftServerConfigKeys (ConfUtils.java:logGet(43)) - raft.server.log.force.sync.num = 128 (default)
2019-07-14 11:08:51,331 INFO  server.RaftServerConfigKeys (ConfUtils.java:logGet(43)) - raft.server.log.statemachine.data.sync = true (default)
2019-07-14 11:08:51,331 INFO  server.RaftServerConfigKeys (ConfUtils.java:logGet(43)) - raft.server.log.statemachine.data.sync.timeout = 10s (default)
2019-07-14 11:08:51,332 INFO  server.RaftServerConfigKeys (ConfUtils.java:logGet(43)) - raft.server.log.statemachine.data.sync.timeout.retry = -1 (default)
2019-07-14 11:08:51,332 INFO  server.RaftServerConfigKeys (ConfUtils.java:logGet(43)) - raft.server.log.statemachine.data.caching.enabled = true (custom)
2019-07-14 11:08:51,332 INFO  segmented.SegmentedRaftLogWorker (SegmentedRaftLogWorker.java:lambda$new$0(132)) - b3c26f84-ced4-4ded-89e0-27fb4ce92002-SegmentedRaftLogWorker:Storage Directory /workdir/hadoop-ozone/integration-test/target/test-dir/MiniOzoneClusterImpl-b769e16a-867c-4841-9f53-e34879b9b639/datanode-2/data/ratis/6e01d154-0d5c-40ca-a958-bd015d498e0c: flushIndex: setUnconditionally 0 -> -1
2019-07-14 11:08:51,332 INFO  server.RaftServerConfigKeys (ConfUtils.java:logGet(43)) - raft.server.snapshot.auto.trigger.enabled = true (custom)
2019-07-14 11:08:51,333 INFO  server.RaftServerConfigKeys (ConfUtils.java:logGet(43)) - raft.server.snapshot.auto.trigger.threshold = 10000 (custom)
2019-07-14 11:08:51,333 INFO  server.RaftServerConfigKeys (ConfUtils.java:logGet(43)) - raft.server.retrycache.expirytime = 600000ms (custom)
2019-07-14 11:08:51,333 INFO  impl.RaftServerImpl (RaftServerImpl.java:start(180)) - b3c26f84-ced4-4ded-89e0-27fb4ce92002: start group-BD015D498E0C
2019-07-14 11:08:51,333 INFO  impl.RaftServerImpl (RaftServerImpl.java:setRole(171)) - b3c26f84-ced4-4ded-89e0-27fb4ce92002:group-BD015D498E0C changes role from null to FOLLOWER at term 0 for startAsFollower
2019-07-14 11:08:51,333 INFO  impl.RoleInfo (RoleInfo.java:updateAndGet(143)) - b3c26f84-ced4-4ded-89e0-27fb4ce92002: start FollowerState
2019-07-14 11:08:51,334 INFO  util.JmxRegister (JmxRegister.java:tryRegister(44)) - Successfully registered JMX Bean with object name Ratis:service=RaftServer,group=group-BD015D498E0C,id=b3c26f84-ced4-4ded-89e0-27fb4ce92002
2019-07-14 11:08:51,335 INFO  pipeline.PipelineStateManager (PipelineStateManager.java:addPipeline(56)) - Created pipeline Pipeline[ Id: 6e01d154-0d5c-40ca-a958-bd015d498e0c, Nodes: b3c26f84-ced4-4ded-89e0-27fb4ce92002{ip: 192.168.157.209, host: trunk-nightly-fxmrv-2540794721, networkLocation: /default-rack, certSerialId: null}, Type:RATIS, Factor:ONE, State:OPEN]
2019-07-14 11:08:51,347 INFO  impl.RaftServerProxy (RaftServerProxy.java:addNew(89)) - b3c26f84-ced4-4ded-89e0-27fb4ce92002: addNew group-5C8DAF6BD76D:[b3c26f84-ced4-4ded-89e0-27fb4ce92002:192.168.157.209:43029, f296797d-749e-4308-b8db-39d6f9660560:192.168.157.209:44535, 665fa842-ba79-45b7-af82-2a2d5438b243:192.168.157.209:44896] returns group-5C8DAF6BD76D:java.util.concurrent.CompletableFuture@66adb597[Not completed]
2019-07-14 11:08:51,348 INFO  impl.RaftServerProxy (RaftServerProxy.java:addNew(89)) - 665fa842-ba79-45b7-af82-2a2d5438b243: addNew group-5C8DAF6BD76D:[b3c26f84-ced4-4ded-89e0-27fb4ce92002:192.168.157.209:43029, f296797d-749e-4308-b8db-39d6f9660560:192.168.157.209:44535, 665fa842-ba79-45b7-af82-2a2d5438b243:192.168.157.209:44896] returns group-5C8DAF6BD76D:java.util.concurrent.CompletableFuture@62f207cd[Not completed]
2019-07-14 11:08:51,348 INFO  impl.RaftServerProxy (RaftServerProxy.java:addNew(89)) - f296797d-749e-4308-b8db-39d6f9660560: addNew group-5C8DAF6BD76D:[b3c26f84-ced4-4ded-89e0-27fb4ce92002:192.168.157.209:43029, f296797d-749e-4308-b8db-39d6f9660560:192.168.157.209:44535, 665fa842-ba79-45b7-af82-2a2d5438b243:192.168.157.209:44896] returns group-5C8DAF6BD76D:java.util.concurrent.CompletableFuture@4d688ca6[Not completed]
2019-07-14 11:08:51,349 INFO  impl.RaftServerImpl (RaftServerImpl.java:<init>(93)) - b3c26f84-ced4-4ded-89e0-27fb4ce92002: new RaftServerImpl for group-5C8DAF6BD76D:[b3c26f84-ced4-4ded-89e0-27fb4ce92002:192.168.157.209:43029, f296797d-749e-4308-b8db-39d6f9660560:192.168.157.209:44535, 665fa842-ba79-45b7-af82-2a2d5438b243:192.168.157.209:44896] with ContainerStateMachine:uninitialized
2019-07-14 11:08:51,349 INFO  server.RaftServerConfigKeys (ConfUtils.java:logGet(43)) - raft.server.rpc.timeout.min = 5s (custom)
2019-07-14 11:08:51,349 INFO  server.RaftServerConfigKeys (ConfUtils.java:logGet(43)) - raft.server.rpc.timeout.max = 5200ms (custom)
2019-07-14 11:08:51,349 INFO  impl.RaftServerImpl (RaftServerImpl.java:<init>(93)) - 665fa842-ba79-45b7-af82-2a2d5438b243: new RaftServerImpl for group-5C8DAF6BD76D:[b3c26f84-ced4-4ded-89e0-27fb4ce92002:192.168.157.209:43029, f296797d-749e-4308-b8db-39d6f9660560:192.168.157.209:44535, 665fa842-ba79-45b7-af82-2a2d5438b243:192.168.157.209:44896] with ContainerStateMachine:uninitialized
2019-07-14 11:08:51,349 INFO  server.RaftServerConfigKeys (ConfUtils.java:logGet(43)) - raft.server.rpcslowness.timeout = 120s (custom)
2019-07-14 11:08:51,350 INFO  impl.RaftServerImpl (RaftServerImpl.java:<init>(93)) - f296797d-749e-4308-b8db-39d6f9660560: new RaftServerImpl for group-5C8DAF6BD76D:[b3c26f84-ced4-4ded-89e0-27fb4ce92002:192.168.157.209:43029, f296797d-749e-4308-b8db-39d6f9660560:192.168.157.209:44535, 665fa842-ba79-45b7-af82-2a2d5438b243:192.168.157.209:44896] with ContainerStateMachine:uninitialized
2019-07-14 11:08:51,349 INFO  server.RaftServerConfigKeys (ConfUtils.java:logGet(43)) - raft.server.rpc.timeout.min = 5s (custom)
2019-07-14 11:08:51,350 INFO  server.RaftServerConfigKeys (ConfUtils.java:logGet(43)) - raft.server.rpc.timeout.min = 5s (custom)
2019-07-14 11:08:51,350 INFO  server.RaftServerConfigKeys (ConfUtils.java:logGet(43)) - raft.server.rpc.timeout.max = 5200ms (custom)
2019-07-14 11:08:51,350 INFO  server.RaftServerConfigKeys (ConfUtils.java:logGet(43)) - raft.server.sleep.deviation.threshold = 300 (default)
2019-07-14 11:08:51,350 INFO  server.RaftServerConfigKeys (ConfUtils.java:logGet(43)) - raft.server.rpcslowness.timeout = 120s (custom)
2019-07-14 11:08:51,350 INFO  server.RaftServerConfigKeys (ConfUtils.java:logGet(43)) - raft.server.rpc.timeout.max = 5200ms (custom)
2019-07-14 11:08:51,351 INFO  server.RaftServerConfigKeys (ConfUtils.java:logGet(43)) - raft.server.sleep.deviation.threshold = 300 (default)
2019-07-14 11:08:51,351 INFO  server.RaftServerConfigKeys (ConfUtils.java:logGet(43)) - raft.server.log.appender.install.snapshot.enabled = false (custom)
2019-07-14 11:08:51,350 INFO  server.RaftServerConfigKeys (ConfUtils.java:logGet(43)) - raft.server.log.appender.install.snapshot.enabled = false (custom)
2019-07-14 11:08:51,351 INFO  impl.RaftServerImpl (ServerState.java:<init>(105)) - f296797d-749e-4308-b8db-39d6f9660560:group-5C8DAF6BD76D ConfigurationManager, init=-1: [b3c26f84-ced4-4ded-89e0-27fb4ce92002:192.168.157.209:43029, f296797d-749e-4308-b8db-39d6f9660560:192.168.157.209:44535, 665fa842-ba79-45b7-af82-2a2d5438b243:192.168.157.209:44896], old=null, confs=<EMPTY_MAP>
2019-07-14 11:08:51,351 INFO  server.RaftServerConfigKeys (ConfUtils.java:logGet(43)) - raft.server.rpcslowness.timeout = 120s (custom)
2019-07-14 11:08:51,351 INFO  server.RaftServerConfigKeys (ConfUtils.java:logGet(43)) - raft.server.storage.dir = [/workdir/hadoop-ozone/integration-test/target/test-dir/MiniOzoneClusterImpl-b769e16a-867c-4841-9f53-e34879b9b639/datanode-1/data/ratis] (custom)
2019-07-14 11:08:51,351 INFO  impl.RaftServerImpl (ServerState.java:<init>(105)) - b3c26f84-ced4-4ded-89e0-27fb4ce92002:group-5C8DAF6BD76D ConfigurationManager, init=-1: [b3c26f84-ced4-4ded-89e0-27fb4ce92002:192.168.157.209:43029, f296797d-749e-4308-b8db-39d6f9660560:192.168.157.209:44535, 665fa842-ba79-45b7-af82-2a2d5438b243:192.168.157.209:44896], old=null, confs=<EMPTY_MAP>
2019-07-14 11:08:51,351 INFO  server.RaftServerConfigKeys (ConfUtils.java:logGet(43)) - raft.server.sleep.deviation.threshold = 300 (default)
2019-07-14 11:08:51,352 INFO  server.RaftServerConfigKeys (ConfUtils.java:logGet(43)) - raft.server.storage.dir = [/workdir/hadoop-ozone/integration-test/target/test-dir/MiniOzoneClusterImpl-b769e16a-867c-4841-9f53-e34879b9b639/datanode-2/data/ratis] (custom)
2019-07-14 11:08:51,352 INFO  storage.RaftStorageDirectory (RaftStorageDirectory.java:analyzeStorage(246)) - The storage directory /workdir/hadoop-ozone/integration-test/target/test-dir/MiniOzoneClusterImpl-b769e16a-867c-4841-9f53-e34879b9b639/datanode-1/data/ratis/fe27d62f-e19e-454a-900c-5c8daf6bd76d does not exist. Creating ...
2019-07-14 11:08:51,352 INFO  server.RaftServerConfigKeys (ConfUtils.java:logGet(43)) - raft.server.log.appender.install.snapshot.enabled = false (custom)
2019-07-14 11:08:51,352 INFO  storage.RaftStorageDirectory (RaftStorageDirectory.java:analyzeStorage(246)) - The storage directory /workdir/hadoop-ozone/integration-test/target/test-dir/MiniOzoneClusterImpl-b769e16a-867c-4841-9f53-e34879b9b639/datanode-2/data/ratis/fe27d62f-e19e-454a-900c-5c8daf6bd76d does not exist. Creating ...
2019-07-14 11:08:51,353 INFO  impl.RaftServerImpl (ServerState.java:<init>(105)) - 665fa842-ba79-45b7-af82-2a2d5438b243:group-5C8DAF6BD76D ConfigurationManager, init=-1: [b3c26f84-ced4-4ded-89e0-27fb4ce92002:192.168.157.209:43029, f296797d-749e-4308-b8db-39d6f9660560:192.168.157.209:44535, 665fa842-ba79-45b7-af82-2a2d5438b243:192.168.157.209:44896], old=null, confs=<EMPTY_MAP>
2019-07-14 11:08:51,353 INFO  server.RaftServerConfigKeys (ConfUtils.java:logGet(43)) - raft.server.storage.dir = [/workdir/hadoop-ozone/integration-test/target/test-dir/MiniOzoneClusterImpl-b769e16a-867c-4841-9f53-e34879b9b639/datanode-0/data/ratis] (custom)
2019-07-14 11:08:51,353 INFO  storage.RaftStorageDirectory (RaftStorageDirectory.java:analyzeStorage(246)) - The storage directory /workdir/hadoop-ozone/integration-test/target/test-dir/MiniOzoneClusterImpl-b769e16a-867c-4841-9f53-e34879b9b639/datanode-0/data/ratis/fe27d62f-e19e-454a-900c-5c8daf6bd76d does not exist. Creating ...
2019-07-14 11:08:51,366 INFO  storage.RaftStorageDirectory (RaftStorageDirectory.java:tryLock(328)) - Lock on /workdir/hadoop-ozone/integration-test/target/test-dir/MiniOzoneClusterImpl-b769e16a-867c-4841-9f53-e34879b9b639/datanode-2/data/ratis/fe27d62f-e19e-454a-900c-5c8daf6bd76d/in_use.lock acquired by nodename 22243@trunk-nightly-fxmrv-2540794721
2019-07-14 11:08:51,366 INFO  storage.RaftStorageDirectory (RaftStorageDirectory.java:tryLock(328)) - Lock on /workdir/hadoop-ozone/integration-test/target/test-dir/MiniOzoneClusterImpl-b769e16a-867c-4841-9f53-e34879b9b639/datanode-0/data/ratis/fe27d62f-e19e-454a-900c-5c8daf6bd76d/in_use.lock acquired by nodename 22243@trunk-nightly-fxmrv-2540794721
2019-07-14 11:08:51,366 INFO  storage.RaftStorageDirectory (RaftStorageDirectory.java:tryLock(328)) - Lock on /workdir/hadoop-ozone/integration-test/target/test-dir/MiniOzoneClusterImpl-b769e16a-867c-4841-9f53-e34879b9b639/datanode-1/data/ratis/fe27d62f-e19e-454a-900c-5c8daf6bd76d/in_use.lock acquired by nodename 22243@trunk-nightly-fxmrv-2540794721
2019-07-14 11:08:51,381 INFO  storage.RaftStorage (RaftStorage.java:format(72)) - Storage directory /workdir/hadoop-ozone/integration-test/target/test-dir/MiniOzoneClusterImpl-b769e16a-867c-4841-9f53-e34879b9b639/datanode-2/data/ratis/fe27d62f-e19e-454a-900c-5c8daf6bd76d has been successfully formatted.
2019-07-14 11:08:51,381 INFO  storage.RaftStorage (RaftStorage.java:format(72)) - Storage directory /workdir/hadoop-ozone/integration-test/target/test-dir/MiniOzoneClusterImpl-b769e16a-867c-4841-9f53-e34879b9b639/datanode-0/data/ratis/fe27d62f-e19e-454a-900c-5c8daf6bd76d has been successfully formatted.
2019-07-14 11:08:51,381 INFO  storage.RaftStorage (RaftStorage.java:format(72)) - Storage directory /workdir/hadoop-ozone/integration-test/target/test-dir/MiniOzoneClusterImpl-b769e16a-867c-4841-9f53-e34879b9b639/datanode-1/data/ratis/fe27d62f-e19e-454a-900c-5c8daf6bd76d has been successfully formatted.
2019-07-14 11:08:51,381 INFO  ratis.ContainerStateMachine (ContainerStateMachine.java:loadSnapshot(200)) - group-5C8DAF6BD76D: The snapshot info is null. Setting the last applied indexto:(t:0, i:~)
2019-07-14 11:08:51,381 INFO  ratis.ContainerStateMachine (ContainerStateMachine.java:loadSnapshot(200)) - group-5C8DAF6BD76D: The snapshot info is null. Setting the last applied indexto:(t:0, i:~)
2019-07-14 11:08:51,381 INFO  ratis.ContainerStateMachine (ContainerStateMachine.java:loadSnapshot(200)) - group-5C8DAF6BD76D: The snapshot info is null. Setting the last applied indexto:(t:0, i:~)
2019-07-14 11:08:51,381 INFO  server.RaftServerConfigKeys (ConfUtils.java:logGet(43)) - raft.server.leader.election.timeout = 120s (custom)
2019-07-14 11:08:51,381 INFO  server.RaftServerConfigKeys (ConfUtils.java:logGet(43)) - raft.server.leader.election.timeout = 120s (custom)
2019-07-14 11:08:51,382 INFO  server.RaftServerConfigKeys (ConfUtils.java:logGet(43)) - raft.server.log.use.memory = false (default)
2019-07-14 11:08:51,382 INFO  server.RaftServerConfigKeys (ConfUtils.java:logGet(43)) - raft.server.leader.election.timeout = 120s (custom)
2019-07-14 11:08:51,382 INFO  server.RaftServerConfigKeys (ConfUtils.java:logGet(43)) - raft.server.log.purge.gap = 1000000000 (custom)
2019-07-14 11:08:51,382 INFO  server.RaftServerConfigKeys (ConfUtils.java:logGet(43)) - raft.server.log.use.memory = false (default)
2019-07-14 11:08:51,382 INFO  server.RaftServerConfigKeys (ConfUtils.java:logGet(43)) - raft.server.log.appender.buffer.byte-limit = 33554432 (custom)
2019-07-14 11:08:51,382 INFO  server.RaftServerConfigKeys (ConfUtils.java:logGet(43)) - raft.server.log.use.memory = false (default)
2019-07-14 11:08:51,383 INFO  server.RaftServerConfigKeys (ConfUtils.java:logGet(43)) - raft.server.log.segment.size.max = 1048576 (custom)
2019-07-14 11:08:51,382 INFO  server.RaftServerConfigKeys (ConfUtils.java:logGet(43)) - raft.server.log.purge.gap = 1000000000 (custom)
2019-07-14 11:08:51,383 INFO  server.RaftServerConfigKeys (ConfUtils.java:logGet(43)) - raft.server.log.segment.cache.num.max = 2 (custom)
2019-07-14 11:08:51,383 INFO  segmented.SegmentedRaftLogWorker (SegmentedRaftLogWorker.java:<init>(172)) - new f296797d-749e-4308-b8db-39d6f9660560-SegmentedRaftLogWorker:Storage Directory /workdir/hadoop-ozone/integration-test/target/test-dir/MiniOzoneClusterImpl-b769e16a-867c-4841-9f53-e34879b9b639/datanode-1/data/ratis/fe27d62f-e19e-454a-900c-5c8daf6bd76d for RaftStorage:Storage Directory /workdir/hadoop-ozone/integration-test/target/test-dir/MiniOzoneClusterImpl-b769e16a-867c-4841-9f53-e34879b9b639/datanode-1/data/ratis/fe27d62f-e19e-454a-900c-5c8daf6bd76d
2019-07-14 11:08:51,383 INFO  server.RaftServerConfigKeys (ConfUtils.java:logGet(43)) - raft.server.log.purge.gap = 1000000000 (custom)
2019-07-14 11:08:51,383 INFO  server.RaftServerConfigKeys (ConfUtils.java:logGet(43)) - raft.server.log.queue.byte-limit = 2147483647 (custom)
2019-07-14 11:08:51,383 INFO  server.RaftServerConfigKeys (ConfUtils.java:logGet(43)) - raft.server.log.appender.buffer.byte-limit = 33554432 (custom)
2019-07-14 11:08:51,384 INFO  server.RaftServerConfigKeys (ConfUtils.java:logGet(43)) - raft.server.log.queue.element-limit = 1024 (custom)
2019-07-14 11:08:51,383 INFO  server.RaftServerConfigKeys (ConfUtils.java:logGet(43)) - raft.server.log.appender.buffer.byte-limit = 33554432 (custom)
2019-07-14 11:08:51,384 INFO  server.RaftServerConfigKeys (ConfUtils.java:logGet(43)) - raft.server.log.segment.size.max = 1048576 (custom)
2019-07-14 11:08:51,384 INFO  server.RaftServerConfigKeys (ConfUtils.java:logGet(43)) - raft.server.log.preallocated.size = 16384 (custom)
2019-07-14 11:08:51,384 INFO  server.RaftServerConfigKeys (ConfUtils.java:logGet(43)) - raft.server.log.segment.size.max = 1048576 (custom)
2019-07-14 11:08:51,384 INFO  server.RaftServerConfigKeys (ConfUtils.java:logGet(43)) - raft.server.log.write.buffer.size = 33554432 (custom)
2019-07-14 11:08:51,385 INFO  server.RaftServerConfigKeys (ConfUtils.java:logGet(43)) - raft.server.log.force.sync.num = 128 (default)
2019-07-14 11:08:51,384 INFO  server.RaftServerConfigKeys (ConfUtils.java:logGet(43)) - raft.server.log.segment.size.max = 1048576 (custom)
2019-07-14 11:08:51,385 INFO  server.RaftServerConfigKeys (ConfUtils.java:logGet(43)) - raft.server.log.statemachine.data.sync = true (default)
2019-07-14 11:08:51,385 INFO  server.RaftServerConfigKeys (ConfUtils.java:logGet(43)) - raft.server.log.statemachine.data.sync.timeout = 10s (default)
2019-07-14 11:08:51,385 INFO  server.RaftServerConfigKeys (ConfUtils.java:logGet(43)) - raft.server.log.segment.cache.num.max = 2 (custom)
2019-07-14 11:08:51,385 INFO  server.RaftServerConfigKeys (ConfUtils.java:logGet(43)) - raft.server.log.statemachine.data.sync.timeout.retry = -1 (default)
2019-07-14 11:08:51,385 INFO  server.RaftServerConfigKeys (ConfUtils.java:logGet(43)) - raft.server.log.segment.cache.num.max = 2 (custom)
2019-07-14 11:08:51,386 INFO  server.RaftServerConfigKeys (ConfUtils.java:logGet(43)) - raft.server.log.statemachine.data.caching.enabled = true (custom)
2019-07-14 11:08:51,386 INFO  segmented.SegmentedRaftLogWorker (SegmentedRaftLogWorker.java:<init>(172)) - new 665fa842-ba79-45b7-af82-2a2d5438b243-SegmentedRaftLogWorker:Storage Directory /workdir/hadoop-ozone/integration-test/target/test-dir/MiniOzoneClusterImpl-b769e16a-867c-4841-9f53-e34879b9b639/datanode-0/data/ratis/fe27d62f-e19e-454a-900c-5c8daf6bd76d for RaftStorage:Storage Directory /workdir/hadoop-ozone/integration-test/target/test-dir/MiniOzoneClusterImpl-b769e16a-867c-4841-9f53-e34879b9b639/datanode-0/data/ratis/fe27d62f-e19e-454a-900c-5c8daf6bd76d
2019-07-14 11:08:51,386 INFO  segmented.SegmentedRaftLogWorker (SegmentedRaftLogWorker.java:<init>(172)) - new b3c26f84-ced4-4ded-89e0-27fb4ce92002-SegmentedRaftLogWorker:Storage Directory /workdir/hadoop-ozone/integration-test/target/test-dir/MiniOzoneClusterImpl-b769e16a-867c-4841-9f53-e34879b9b639/datanode-2/data/ratis/fe27d62f-e19e-454a-900c-5c8daf6bd76d for RaftStorage:Storage Directory /workdir/hadoop-ozone/integration-test/target/test-dir/MiniOzoneClusterImpl-b769e16a-867c-4841-9f53-e34879b9b639/datanode-2/data/ratis/fe27d62f-e19e-454a-900c-5c8daf6bd76d
2019-07-14 11:08:51,386 INFO  server.RaftServerConfigKeys (ConfUtils.java:logGet(43)) - raft.server.log.queue.byte-limit = 2147483647 (custom)
2019-07-14 11:08:51,386 INFO  segmented.SegmentedRaftLogWorker (SegmentedRaftLogWorker.java:lambda$new$0(132)) - f296797d-749e-4308-b8db-39d6f9660560-SegmentedRaftLogWorker:Storage Directory /workdir/hadoop-ozone/integration-test/target/test-dir/MiniOzoneClusterImpl-b769e16a-867c-4841-9f53-e34879b9b639/datanode-1/data/ratis/fe27d62f-e19e-454a-900c-5c8daf6bd76d: flushIndex: setUnconditionally 0 -> -1
2019-07-14 11:08:51,386 INFO  server.RaftServerConfigKeys (ConfUtils.java:logGet(43)) - raft.server.log.queue.element-limit = 1024 (custom)
2019-07-14 11:08:51,386 INFO  server.RaftServerConfigKeys (ConfUtils.java:logGet(43)) - raft.server.log.queue.byte-limit = 2147483647 (custom)
2019-07-14 11:08:51,387 INFO  server.RaftServerConfigKeys (ConfUtils.java:logGet(43)) - raft.server.snapshot.auto.trigger.enabled = true (custom)
2019-07-14 11:08:51,387 INFO  server.RaftServerConfigKeys (ConfUtils.java:logGet(43)) - raft.server.log.segment.size.max = 1048576 (custom)
2019-07-14 11:08:51,387 INFO  server.RaftServerConfigKeys (ConfUtils.java:logGet(43)) - raft.server.snapshot.auto.trigger.threshold = 10000 (custom)
2019-07-14 11:08:51,387 INFO  server.RaftServerConfigKeys (ConfUtils.java:logGet(43)) - raft.server.log.queue.element-limit = 1024 (custom)
2019-07-14 11:08:51,387 INFO  server.RaftServerConfigKeys (ConfUtils.java:logGet(43)) - raft.server.retrycache.expirytime = 600000ms (custom)
2019-07-14 11:08:51,387 INFO  server.RaftServerConfigKeys (ConfUtils.java:logGet(43)) - raft.server.log.preallocated.size = 16384 (custom)
2019-07-14 11:08:51,388 INFO  impl.RaftServerImpl (RaftServerImpl.java:start(180)) - f296797d-749e-4308-b8db-39d6f9660560: start group-5C8DAF6BD76D
2019-07-14 11:08:51,388 INFO  impl.RaftServerImpl (RaftServerImpl.java:setRole(171)) - f296797d-749e-4308-b8db-39d6f9660560:group-5C8DAF6BD76D changes role from null to FOLLOWER at term 0 for startAsFollower
2019-07-14 11:08:51,388 INFO  server.RaftServerConfigKeys (ConfUtils.java:logGet(43)) - raft.server.log.segment.size.max = 1048576 (custom)
2019-07-14 11:08:51,388 INFO  impl.RoleInfo (RoleInfo.java:updateAndGet(143)) - f296797d-749e-4308-b8db-39d6f9660560: start FollowerState
2019-07-14 11:08:51,388 INFO  server.RaftServerConfigKeys (ConfUtils.java:logGet(43)) - raft.server.log.write.buffer.size = 33554432 (custom)
2019-07-14 11:08:51,389 INFO  server.RaftServerConfigKeys (ConfUtils.java:logGet(43)) - raft.server.log.force.sync.num = 128 (default)
2019-07-14 11:08:51,389 INFO  util.JmxRegister (JmxRegister.java:tryRegister(44)) - Successfully registered JMX Bean with object name Ratis:service=RaftServer,group=group-5C8DAF6BD76D,id=f296797d-749e-4308-b8db-39d6f9660560
2019-07-14 11:08:51,388 INFO  server.RaftServerConfigKeys (ConfUtils.java:logGet(43)) - raft.server.log.preallocated.size = 16384 (custom)
2019-07-14 11:08:51,389 INFO  server.RaftServerConfigKeys (ConfUtils.java:logGet(43)) - raft.server.log.write.buffer.size = 33554432 (custom)
2019-07-14 11:08:51,389 INFO  server.RaftServerConfigKeys (ConfUtils.java:logGet(43)) - raft.server.log.statemachine.data.sync = true (default)
2019-07-14 11:08:51,389 INFO  server.RaftServerConfigKeys (ConfUtils.java:logGet(43)) - raft.server.log.force.sync.num = 128 (default)
2019-07-14 11:08:51,390 INFO  server.RaftServerConfigKeys (ConfUtils.java:logGet(43)) - raft.server.log.statemachine.data.sync.timeout = 10s (default)
2019-07-14 11:08:51,390 INFO  server.RaftServerConfigKeys (ConfUtils.java:logGet(43)) - raft.server.log.statemachine.data.sync = true (default)
2019-07-14 11:08:51,390 INFO  server.RaftServerConfigKeys (ConfUtils.java:logGet(43)) - raft.server.log.statemachine.data.sync.timeout.retry = -1 (default)
2019-07-14 11:08:51,390 INFO  server.RaftServerConfigKeys (ConfUtils.java:logGet(43)) - raft.server.log.statemachine.data.sync.timeout = 10s (default)
2019-07-14 11:08:51,390 INFO  server.RaftServerConfigKeys (ConfUtils.java:logGet(43)) - raft.server.log.statemachine.data.caching.enabled = true (custom)
2019-07-14 11:08:51,390 INFO  server.RaftServerConfigKeys (ConfUtils.java:logGet(43)) - raft.server.log.statemachine.data.sync.timeout.retry = -1 (default)
2019-07-14 11:08:51,391 INFO  segmented.SegmentedRaftLogWorker (SegmentedRaftLogWorker.java:lambda$new$0(132)) - 665fa842-ba79-45b7-af82-2a2d5438b243-SegmentedRaftLogWorker:Storage Directory /workdir/hadoop-ozone/integration-test/target/test-dir/MiniOzoneClusterImpl-b769e16a-867c-4841-9f53-e34879b9b639/datanode-0/data/ratis/fe27d62f-e19e-454a-900c-5c8daf6bd76d: flushIndex: setUnconditionally 0 -> -1
2019-07-14 11:08:51,391 INFO  server.RaftServerConfigKeys (ConfUtils.java:logGet(43)) - raft.server.log.statemachine.data.caching.enabled = true (custom)
2019-07-14 11:08:51,391 INFO  server.RaftServerConfigKeys (ConfUtils.java:logGet(43)) - raft.server.snapshot.auto.trigger.enabled = true (custom)
2019-07-14 11:08:51,391 INFO  server.RaftServerConfigKeys (ConfUtils.java:logGet(43)) - raft.server.snapshot.auto.trigger.threshold = 10000 (custom)
2019-07-14 11:08:51,391 INFO  segmented.SegmentedRaftLogWorker (SegmentedRaftLogWorker.java:lambda$new$0(132)) - b3c26f84-ced4-4ded-89e0-27fb4ce92002-SegmentedRaftLogWorker:Storage Directory /workdir/hadoop-ozone/integration-test/target/test-dir/MiniOzoneClusterImpl-b769e16a-867c-4841-9f53-e34879b9b639/datanode-2/data/ratis/fe27d62f-e19e-454a-900c-5c8daf6bd76d: flushIndex: setUnconditionally 0 -> -1
2019-07-14 11:08:51,391 INFO  server.RaftServerConfigKeys (ConfUtils.java:logGet(43)) - raft.server.retrycache.expirytime = 600000ms (custom)
2019-07-14 11:08:51,392 INFO  impl.RaftServerImpl (RaftServerImpl.java:start(180)) - 665fa842-ba79-45b7-af82-2a2d5438b243: start group-5C8DAF6BD76D
2019-07-14 11:08:51,392 INFO  server.RaftServerConfigKeys (ConfUtils.java:logGet(43)) - raft.server.snapshot.auto.trigger.enabled = true (custom)
2019-07-14 11:08:51,392 INFO  impl.RaftServerImpl (RaftServerImpl.java:setRole(171)) - 665fa842-ba79-45b7-af82-2a2d5438b243:group-5C8DAF6BD76D changes role from null to FOLLOWER at term 0 for startAsFollower
2019-07-14 11:08:51,392 INFO  server.RaftServerConfigKeys (ConfUtils.java:logGet(43)) - raft.server.snapshot.auto.trigger.threshold = 10000 (custom)
2019-07-14 11:08:51,392 INFO  impl.RoleInfo (RoleInfo.java:updateAndGet(143)) - 665fa842-ba79-45b7-af82-2a2d5438b243: start FollowerState
2019-07-14 11:08:51,392 INFO  server.RaftServerConfigKeys (ConfUtils.java:logGet(43)) - raft.server.retrycache.expirytime = 600000ms (custom)
2019-07-14 11:08:51,392 INFO  impl.RaftServerImpl (RaftServerImpl.java:start(180)) - b3c26f84-ced4-4ded-89e0-27fb4ce92002: start group-5C8DAF6BD76D
2019-07-14 11:08:51,392 INFO  util.JmxRegister (JmxRegister.java:tryRegister(44)) - Successfully registered JMX Bean with object name Ratis:service=RaftServer,group=group-5C8DAF6BD76D,id=665fa842-ba79-45b7-af82-2a2d5438b243
2019-07-14 11:08:51,393 INFO  impl.RaftServerImpl (RaftServerImpl.java:setRole(171)) - b3c26f84-ced4-4ded-89e0-27fb4ce92002:group-5C8DAF6BD76D changes role from null to FOLLOWER at term 0 for startAsFollower
2019-07-14 11:08:51,393 INFO  impl.RoleInfo (RoleInfo.java:updateAndGet(143)) - b3c26f84-ced4-4ded-89e0-27fb4ce92002: start FollowerState
2019-07-14 11:08:51,393 INFO  util.JmxRegister (JmxRegister.java:tryRegister(44)) - Successfully registered JMX Bean with object name Ratis:service=RaftServer,group=group-5C8DAF6BD76D,id=b3c26f84-ced4-4ded-89e0-27fb4ce92002
2019-07-14 11:08:51,406 INFO  pipeline.PipelineStateManager (PipelineStateManager.java:addPipeline(56)) - Created pipeline Pipeline[ Id: fe27d62f-e19e-454a-900c-5c8daf6bd76d, Nodes: f296797d-749e-4308-b8db-39d6f9660560{ip: 192.168.157.209, host: trunk-nightly-fxmrv-2540794721, networkLocation: /default-rack, certSerialId: null}665fa842-ba79-45b7-af82-2a2d5438b243{ip: 192.168.157.209, host: trunk-nightly-fxmrv-2540794721, networkLocation: /default-rack, certSerialId: null}b3c26f84-ced4-4ded-89e0-27fb4ce92002{ip: 192.168.157.209, host: trunk-nightly-fxmrv-2540794721, networkLocation: /default-rack, certSerialId: null}, Type:RATIS, Factor:THREE, State:OPEN]
2019-07-14 11:08:51,455 INFO  node.SCMNodeManager (SCMNodeManager.java:register(269)) - Registered Data node : 6ce46959-8e32-4e70-a445-cddac5da34a1{ip: 192.168.157.209, host: trunk-nightly-fxmrv-2540794721, networkLocation: /default-rack, certSerialId: null}
2019-07-14 11:08:51,462 INFO  impl.RaftServerProxy (RaftServerProxy.java:addNew(89)) - 6ce46959-8e32-4e70-a445-cddac5da34a1: addNew group-A2EBC874BD36:[6ce46959-8e32-4e70-a445-cddac5da34a1:192.168.157.209:40930] returns group-A2EBC874BD36:java.util.concurrent.CompletableFuture@345091be[Not completed]
2019-07-14 11:08:51,463 INFO  impl.RaftServerImpl (RaftServerImpl.java:<init>(93)) - 6ce46959-8e32-4e70-a445-cddac5da34a1: new RaftServerImpl for group-A2EBC874BD36:[6ce46959-8e32-4e70-a445-cddac5da34a1:192.168.157.209:40930] with ContainerStateMachine:uninitialized
2019-07-14 11:08:51,463 INFO  server.RaftServerConfigKeys (ConfUtils.java:logGet(43)) - raft.server.rpc.timeout.min = 5s (custom)
2019-07-14 11:08:51,463 INFO  server.RaftServerConfigKeys (ConfUtils.java:logGet(43)) - raft.server.rpc.timeout.max = 5200ms (custom)
2019-07-14 11:08:51,463 INFO  server.RaftServerConfigKeys (ConfUtils.java:logGet(43)) - raft.server.rpcslowness.timeout = 120s (custom)
2019-07-14 11:08:51,463 INFO  server.RaftServerConfigKeys (ConfUtils.java:logGet(43)) - raft.server.sleep.deviation.threshold = 300 (default)
2019-07-14 11:08:51,464 INFO  server.RaftServerConfigKeys (ConfUtils.java:logGet(43)) - raft.server.log.appender.install.snapshot.enabled = false (custom)
2019-07-14 11:08:51,464 INFO  impl.RaftServerImpl (ServerState.java:<init>(105)) - 6ce46959-8e32-4e70-a445-cddac5da34a1:group-A2EBC874BD36 ConfigurationManager, init=-1: [6ce46959-8e32-4e70-a445-cddac5da34a1:192.168.157.209:40930], old=null, confs=<EMPTY_MAP>
2019-07-14 11:08:51,464 INFO  server.RaftServerConfigKeys (ConfUtils.java:logGet(43)) - raft.server.storage.dir = [/workdir/hadoop-ozone/integration-test/target/test-dir/MiniOzoneClusterImpl-b769e16a-867c-4841-9f53-e34879b9b639/datanode-3/data/ratis] (custom)
2019-07-14 11:08:51,464 INFO  storage.RaftStorageDirectory (RaftStorageDirectory.java:analyzeStorage(246)) - The storage directory /workdir/hadoop-ozone/integration-test/target/test-dir/MiniOzoneClusterImpl-b769e16a-867c-4841-9f53-e34879b9b639/datanode-3/data/ratis/c4bce1e6-3c7d-474d-a06a-a2ebc874bd36 does not exist. Creating ...
2019-07-14 11:08:51,477 INFO  storage.RaftStorageDirectory (RaftStorageDirectory.java:tryLock(328)) - Lock on /workdir/hadoop-ozone/integration-test/target/test-dir/MiniOzoneClusterImpl-b769e16a-867c-4841-9f53-e34879b9b639/datanode-3/data/ratis/c4bce1e6-3c7d-474d-a06a-a2ebc874bd36/in_use.lock acquired by nodename 22243@trunk-nightly-fxmrv-2540794721
2019-07-14 11:08:51,489 INFO  storage.RaftStorage (RaftStorage.java:format(72)) - Storage directory /workdir/hadoop-ozone/integration-test/target/test-dir/MiniOzoneClusterImpl-b769e16a-867c-4841-9f53-e34879b9b639/datanode-3/data/ratis/c4bce1e6-3c7d-474d-a06a-a2ebc874bd36 has been successfully formatted.
2019-07-14 11:08:51,490 INFO  ratis.ContainerStateMachine (ContainerStateMachine.java:loadSnapshot(200)) - group-A2EBC874BD36: The snapshot info is null. Setting the last applied indexto:(t:0, i:~)
2019-07-14 11:08:51,490 INFO  server.RaftServerConfigKeys (ConfUtils.java:logGet(43)) - raft.server.leader.election.timeout = 120s (custom)
2019-07-14 11:08:51,490 INFO  server.RaftServerConfigKeys (ConfUtils.java:logGet(43)) - raft.server.log.use.memory = false (default)
2019-07-14 11:08:51,490 INFO  server.RaftServerConfigKeys (ConfUtils.java:logGet(43)) - raft.server.log.purge.gap = 1000000000 (custom)
2019-07-14 11:08:51,490 INFO  server.RaftServerConfigKeys (ConfUtils.java:logGet(43)) - raft.server.log.appender.buffer.byte-limit = 33554432 (custom)
2019-07-14 11:08:51,490 INFO  server.RaftServerConfigKeys (ConfUtils.java:logGet(43)) - raft.server.log.segment.size.max = 1048576 (custom)
2019-07-14 11:08:51,490 INFO  server.RaftServerConfigKeys (ConfUtils.java:logGet(43)) - raft.server.log.segment.cache.num.max = 2 (custom)
2019-07-14 11:08:51,491 INFO  segmented.SegmentedRaftLogWorker (SegmentedRaftLogWorker.java:<init>(172)) - new 6ce46959-8e32-4e70-a445-cddac5da34a1-SegmentedRaftLogWorker:Storage Directory /workdir/hadoop-ozone/integration-test/target/test-dir/MiniOzoneClusterImpl-b769e16a-867c-4841-9f53-e34879b9b639/datanode-3/data/ratis/c4bce1e6-3c7d-474d-a06a-a2ebc874bd36 for RaftStorage:Storage Directory /workdir/hadoop-ozone/integration-test/target/test-dir/MiniOzoneClusterImpl-b769e16a-867c-4841-9f53-e34879b9b639/datanode-3/data/ratis/c4bce1e6-3c7d-474d-a06a-a2ebc874bd36
2019-07-14 11:08:51,491 INFO  server.RaftServerConfigKeys (ConfUtils.java:logGet(43)) - raft.server.log.queue.byte-limit = 2147483647 (custom)
2019-07-14 11:08:51,491 INFO  server.RaftServerConfigKeys (ConfUtils.java:logGet(43)) - raft.server.log.queue.element-limit = 1024 (custom)
2019-07-14 11:08:51,491 INFO  server.RaftServerConfigKeys (ConfUtils.java:logGet(43)) - raft.server.log.segment.size.max = 1048576 (custom)
2019-07-14 11:08:51,491 INFO  server.RaftServerConfigKeys (ConfUtils.java:logGet(43)) - raft.server.log.preallocated.size = 16384 (custom)
2019-07-14 11:08:51,491 INFO  server.RaftServerConfigKeys (ConfUtils.java:logGet(43)) - raft.server.log.write.buffer.size = 33554432 (custom)
2019-07-14 11:08:51,492 INFO  server.RaftServerConfigKeys (ConfUtils.java:logGet(43)) - raft.server.log.force.sync.num = 128 (default)
2019-07-14 11:08:51,492 INFO  server.RaftServerConfigKeys (ConfUtils.java:logGet(43)) - raft.server.log.statemachine.data.sync = true (default)
2019-07-14 11:08:51,492 INFO  server.RaftServerConfigKeys (ConfUtils.java:logGet(43)) - raft.server.log.statemachine.data.sync.timeout = 10s (default)
2019-07-14 11:08:51,492 INFO  server.RaftServerConfigKeys (ConfUtils.java:logGet(43)) - raft.server.log.statemachine.data.sync.timeout.retry = -1 (default)
2019-07-14 11:08:51,492 INFO  server.RaftServerConfigKeys (ConfUtils.java:logGet(43)) - raft.server.log.statemachine.data.caching.enabled = true (custom)
2019-07-14 11:08:51,493 INFO  segmented.SegmentedRaftLogWorker (SegmentedRaftLogWorker.java:lambda$new$0(132)) - 6ce46959-8e32-4e70-a445-cddac5da34a1-SegmentedRaftLogWorker:Storage Directory /workdir/hadoop-ozone/integration-test/target/test-dir/MiniOzoneClusterImpl-b769e16a-867c-4841-9f53-e34879b9b639/datanode-3/data/ratis/c4bce1e6-3c7d-474d-a06a-a2ebc874bd36: flushIndex: setUnconditionally 0 -> -1
2019-07-14 11:08:51,493 INFO  server.RaftServerConfigKeys (ConfUtils.java:logGet(43)) - raft.server.snapshot.auto.trigger.enabled = true (custom)
2019-07-14 11:08:51,493 INFO  server.RaftServerConfigKeys (ConfUtils.java:logGet(43)) - raft.server.snapshot.auto.trigger.threshold = 10000 (custom)
2019-07-14 11:08:51,493 INFO  server.RaftServerConfigKeys (ConfUtils.java:logGet(43)) - raft.server.retrycache.expirytime = 600000ms (custom)
2019-07-14 11:08:51,493 INFO  impl.RaftServerImpl (RaftServerImpl.java:start(180)) - 6ce46959-8e32-4e70-a445-cddac5da34a1: start group-A2EBC874BD36
2019-07-14 11:08:51,494 INFO  impl.RaftServerImpl (RaftServerImpl.java:setRole(171)) - 6ce46959-8e32-4e70-a445-cddac5da34a1:group-A2EBC874BD36 changes role from null to FOLLOWER at term 0 for startAsFollower
2019-07-14 11:08:51,494 INFO  impl.RoleInfo (RoleInfo.java:updateAndGet(143)) - 6ce46959-8e32-4e70-a445-cddac5da34a1: start FollowerState
2019-07-14 11:08:51,494 INFO  util.JmxRegister (JmxRegister.java:tryRegister(44)) - Successfully registered JMX Bean with object name Ratis:service=RaftServer,group=group-A2EBC874BD36,id=6ce46959-8e32-4e70-a445-cddac5da34a1
2019-07-14 11:08:51,496 INFO  pipeline.PipelineStateManager (PipelineStateManager.java:addPipeline(56)) - Created pipeline Pipeline[ Id: c4bce1e6-3c7d-474d-a06a-a2ebc874bd36, Nodes: 6ce46959-8e32-4e70-a445-cddac5da34a1{ip: 192.168.157.209, host: trunk-nightly-fxmrv-2540794721, networkLocation: /default-rack, certSerialId: null}, Type:RATIS, Factor:ONE, State:OPEN]
2019-07-14 11:08:51,625 INFO  node.SCMNodeManager (SCMNodeManager.java:register(269)) - Registered Data node : 28fe82b7-ebd9-4a2a-8554-bbddc320b8ae{ip: 192.168.157.209, host: trunk-nightly-fxmrv-2540794721, networkLocation: /default-rack, certSerialId: null}
2019-07-14 11:08:51,633 INFO  impl.RaftServerProxy (RaftServerProxy.java:addNew(89)) - 28fe82b7-ebd9-4a2a-8554-bbddc320b8ae: addNew group-A6B1D6A1D5A3:[28fe82b7-ebd9-4a2a-8554-bbddc320b8ae:192.168.157.209:33828] returns group-A6B1D6A1D5A3:java.util.concurrent.CompletableFuture@581c9076[Not completed]
2019-07-14 11:08:51,634 INFO  impl.RaftServerImpl (RaftServerImpl.java:<init>(93)) - 28fe82b7-ebd9-4a2a-8554-bbddc320b8ae: new RaftServerImpl for group-A6B1D6A1D5A3:[28fe82b7-ebd9-4a2a-8554-bbddc320b8ae:192.168.157.209:33828] with ContainerStateMachine:uninitialized
2019-07-14 11:08:51,634 INFO  server.RaftServerConfigKeys (ConfUtils.java:logGet(43)) - raft.server.rpc.timeout.min = 5s (custom)
2019-07-14 11:08:51,634 INFO  server.RaftServerConfigKeys (ConfUtils.java:logGet(43)) - raft.server.rpc.timeout.max = 5200ms (custom)
2019-07-14 11:08:51,635 INFO  server.RaftServerConfigKeys (ConfUtils.java:logGet(43)) - raft.server.rpcslowness.timeout = 120s (custom)
2019-07-14 11:08:51,635 INFO  server.RaftServerConfigKeys (ConfUtils.java:logGet(43)) - raft.server.sleep.deviation.threshold = 300 (default)
2019-07-14 11:08:51,635 INFO  server.RaftServerConfigKeys (ConfUtils.java:logGet(43)) - raft.server.log.appender.install.snapshot.enabled = false (custom)
2019-07-14 11:08:51,635 INFO  impl.RaftServerImpl (ServerState.java:<init>(105)) - 28fe82b7-ebd9-4a2a-8554-bbddc320b8ae:group-A6B1D6A1D5A3 ConfigurationManager, init=-1: [28fe82b7-ebd9-4a2a-8554-bbddc320b8ae:192.168.157.209:33828], old=null, confs=<EMPTY_MAP>
2019-07-14 11:08:51,635 INFO  server.RaftServerConfigKeys (ConfUtils.java:logGet(43)) - raft.server.storage.dir = [/workdir/hadoop-ozone/integration-test/target/test-dir/MiniOzoneClusterImpl-b769e16a-867c-4841-9f53-e34879b9b639/datanode-4/data/ratis] (custom)
2019-07-14 11:08:51,636 INFO  storage.RaftStorageDirectory (RaftStorageDirectory.java:analyzeStorage(246)) - The storage directory /workdir/hadoop-ozone/integration-test/target/test-dir/MiniOzoneClusterImpl-b769e16a-867c-4841-9f53-e34879b9b639/datanode-4/data/ratis/c90e30c3-5e80-4733-ac11-a6b1d6a1d5a3 does not exist. Creating ...
2019-07-14 11:08:51,649 INFO  storage.RaftStorageDirectory (RaftStorageDirectory.java:tryLock(328)) - Lock on /workdir/hadoop-ozone/integration-test/target/test-dir/MiniOzoneClusterImpl-b769e16a-867c-4841-9f53-e34879b9b639/datanode-4/data/ratis/c90e30c3-5e80-4733-ac11-a6b1d6a1d5a3/in_use.lock acquired by nodename 22243@trunk-nightly-fxmrv-2540794721
2019-07-14 11:08:51,662 INFO  storage.RaftStorage (RaftStorage.java:format(72)) - Storage directory /workdir/hadoop-ozone/integration-test/target/test-dir/MiniOzoneClusterImpl-b769e16a-867c-4841-9f53-e34879b9b639/datanode-4/data/ratis/c90e30c3-5e80-4733-ac11-a6b1d6a1d5a3 has been successfully formatted.
2019-07-14 11:08:51,662 INFO  ratis.ContainerStateMachine (ContainerStateMachine.java:loadSnapshot(200)) - group-A6B1D6A1D5A3: The snapshot info is null. Setting the last applied indexto:(t:0, i:~)
2019-07-14 11:08:51,662 INFO  server.RaftServerConfigKeys (ConfUtils.java:logGet(43)) - raft.server.leader.election.timeout = 120s (custom)
2019-07-14 11:08:51,662 INFO  server.RaftServerConfigKeys (ConfUtils.java:logGet(43)) - raft.server.log.use.memory = false (default)
2019-07-14 11:08:51,662 INFO  server.RaftServerConfigKeys (ConfUtils.java:logGet(43)) - raft.server.log.purge.gap = 1000000000 (custom)
2019-07-14 11:08:51,663 INFO  server.RaftServerConfigKeys (ConfUtils.java:logGet(43)) - raft.server.log.appender.buffer.byte-limit = 33554432 (custom)
2019-07-14 11:08:51,663 INFO  server.RaftServerConfigKeys (ConfUtils.java:logGet(43)) - raft.server.log.segment.size.max = 1048576 (custom)
2019-07-14 11:08:51,663 INFO  server.RaftServerConfigKeys (ConfUtils.java:logGet(43)) - raft.server.log.segment.cache.num.max = 2 (custom)
2019-07-14 11:08:51,663 INFO  segmented.SegmentedRaftLogWorker (SegmentedRaftLogWorker.java:<init>(172)) - new 28fe82b7-ebd9-4a2a-8554-bbddc320b8ae-SegmentedRaftLogWorker:Storage Directory /workdir/hadoop-ozone/integration-test/target/test-dir/MiniOzoneClusterImpl-b769e16a-867c-4841-9f53-e34879b9b639/datanode-4/data/ratis/c90e30c3-5e80-4733-ac11-a6b1d6a1d5a3 for RaftStorage:Storage Directory /workdir/hadoop-ozone/integration-test/target/test-dir/MiniOzoneClusterImpl-b769e16a-867c-4841-9f53-e34879b9b639/datanode-4/data/ratis/c90e30c3-5e80-4733-ac11-a6b1d6a1d5a3
2019-07-14 11:08:51,663 INFO  server.RaftServerConfigKeys (ConfUtils.java:logGet(43)) - raft.server.log.queue.byte-limit = 2147483647 (custom)
2019-07-14 11:08:51,663 INFO  server.RaftServerConfigKeys (ConfUtils.java:logGet(43)) - raft.server.log.queue.element-limit = 1024 (custom)
2019-07-14 11:08:51,664 INFO  server.RaftServerConfigKeys (ConfUtils.java:logGet(43)) - raft.server.log.segment.size.max = 1048576 (custom)
2019-07-14 11:08:51,664 INFO  server.RaftServerConfigKeys (ConfUtils.java:logGet(43)) - raft.server.log.preallocated.size = 16384 (custom)
2019-07-14 11:08:51,664 INFO  server.RaftServerConfigKeys (ConfUtils.java:logGet(43)) - raft.server.log.write.buffer.size = 33554432 (custom)
2019-07-14 11:08:51,664 INFO  server.RaftServerConfigKeys (ConfUtils.java:logGet(43)) - raft.server.log.force.sync.num = 128 (default)
2019-07-14 11:08:51,664 INFO  server.RaftServerConfigKeys (ConfUtils.java:logGet(43)) - raft.server.log.statemachine.data.sync = true (default)
2019-07-14 11:08:51,665 INFO  server.RaftServerConfigKeys (ConfUtils.java:logGet(43)) - raft.server.log.statemachine.data.sync.timeout = 10s (default)
2019-07-14 11:08:51,665 INFO  server.RaftServerConfigKeys (ConfUtils.java:logGet(43)) - raft.server.log.statemachine.data.sync.timeout.retry = -1 (default)
2019-07-14 11:08:51,665 INFO  server.RaftServerConfigKeys (ConfUtils.java:logGet(43)) - raft.server.log.statemachine.data.caching.enabled = true (custom)
2019-07-14 11:08:51,665 INFO  segmented.SegmentedRaftLogWorker (SegmentedRaftLogWorker.java:lambda$new$0(132)) - 28fe82b7-ebd9-4a2a-8554-bbddc320b8ae-SegmentedRaftLogWorker:Storage Directory /workdir/hadoop-ozone/integration-test/target/test-dir/MiniOzoneClusterImpl-b769e16a-867c-4841-9f53-e34879b9b639/datanode-4/data/ratis/c90e30c3-5e80-4733-ac11-a6b1d6a1d5a3: flushIndex: setUnconditionally 0 -> -1
2019-07-14 11:08:51,666 INFO  server.RaftServerConfigKeys (ConfUtils.java:logGet(43)) - raft.server.snapshot.auto.trigger.enabled = true (custom)
2019-07-14 11:08:51,666 INFO  server.RaftServerConfigKeys (ConfUtils.java:logGet(43)) - raft.server.snapshot.auto.trigger.threshold = 10000 (custom)
2019-07-14 11:08:51,666 INFO  server.RaftServerConfigKeys (ConfUtils.java:logGet(43)) - raft.server.retrycache.expirytime = 600000ms (custom)
2019-07-14 11:08:51,666 INFO  impl.RaftServerImpl (RaftServerImpl.java:start(180)) - 28fe82b7-ebd9-4a2a-8554-bbddc320b8ae: start group-A6B1D6A1D5A3
2019-07-14 11:08:51,666 INFO  impl.RaftServerImpl (RaftServerImpl.java:setRole(171)) - 28fe82b7-ebd9-4a2a-8554-bbddc320b8ae:group-A6B1D6A1D5A3 changes role from null to FOLLOWER at term 0 for startAsFollower
2019-07-14 11:08:51,667 INFO  impl.RoleInfo (RoleInfo.java:updateAndGet(143)) - 28fe82b7-ebd9-4a2a-8554-bbddc320b8ae: start FollowerState
2019-07-14 11:08:51,667 INFO  util.JmxRegister (JmxRegister.java:tryRegister(44)) - Successfully registered JMX Bean with object name Ratis:service=RaftServer,group=group-A6B1D6A1D5A3,id=28fe82b7-ebd9-4a2a-8554-bbddc320b8ae
2019-07-14 11:08:51,669 INFO  pipeline.PipelineStateManager (PipelineStateManager.java:addPipeline(56)) - Created pipeline Pipeline[ Id: c90e30c3-5e80-4733-ac11-a6b1d6a1d5a3, Nodes: 28fe82b7-ebd9-4a2a-8554-bbddc320b8ae{ip: 192.168.157.209, host: trunk-nightly-fxmrv-2540794721, networkLocation: /default-rack, certSerialId: null}, Type:RATIS, Factor:ONE, State:OPEN]
2019-07-14 11:08:51,795 INFO  node.SCMNodeManager (SCMNodeManager.java:register(269)) - Registered Data node : c850fbc6-b33b-4eb6-8c07-36c7bc8c2b81{ip: 192.168.157.209, host: trunk-nightly-fxmrv-2540794721, networkLocation: /default-rack, certSerialId: null}
2019-07-14 11:08:51,802 INFO  impl.RaftServerProxy (RaftServerProxy.java:addNew(89)) - c850fbc6-b33b-4eb6-8c07-36c7bc8c2b81: addNew group-923E7229FC64:[c850fbc6-b33b-4eb6-8c07-36c7bc8c2b81:192.168.157.209:36392] returns group-923E7229FC64:java.util.concurrent.CompletableFuture@a412450[Not completed]
2019-07-14 11:08:51,803 INFO  impl.RaftServerImpl (RaftServerImpl.java:<init>(93)) - c850fbc6-b33b-4eb6-8c07-36c7bc8c2b81: new RaftServerImpl for group-923E7229FC64:[c850fbc6-b33b-4eb6-8c07-36c7bc8c2b81:192.168.157.209:36392] with ContainerStateMachine:uninitialized
2019-07-14 11:08:51,803 INFO  server.RaftServerConfigKeys (ConfUtils.java:logGet(43)) - raft.server.rpc.timeout.min = 5s (custom)
2019-07-14 11:08:51,803 INFO  server.RaftServerConfigKeys (ConfUtils.java:logGet(43)) - raft.server.rpc.timeout.max = 5200ms (custom)
2019-07-14 11:08:51,804 INFO  server.RaftServerConfigKeys (ConfUtils.java:logGet(43)) - raft.server.rpcslowness.timeout = 120s (custom)
2019-07-14 11:08:51,804 INFO  server.RaftServerConfigKeys (ConfUtils.java:logGet(43)) - raft.server.sleep.deviation.threshold = 300 (default)
2019-07-14 11:08:51,804 INFO  server.RaftServerConfigKeys (ConfUtils.java:logGet(43)) - raft.server.log.appender.install.snapshot.enabled = false (custom)
2019-07-14 11:08:51,804 INFO  impl.RaftServerImpl (ServerState.java:<init>(105)) - c850fbc6-b33b-4eb6-8c07-36c7bc8c2b81:group-923E7229FC64 ConfigurationManager, init=-1: [c850fbc6-b33b-4eb6-8c07-36c7bc8c2b81:192.168.157.209:36392], old=null, confs=<EMPTY_MAP>
2019-07-14 11:08:51,804 INFO  server.RaftServerConfigKeys (ConfUtils.java:logGet(43)) - raft.server.storage.dir = [/workdir/hadoop-ozone/integration-test/target/test-dir/MiniOzoneClusterImpl-b769e16a-867c-4841-9f53-e34879b9b639/datanode-5/data/ratis] (custom)
2019-07-14 11:08:51,804 INFO  storage.RaftStorageDirectory (RaftStorageDirectory.java:analyzeStorage(246)) - The storage directory /workdir/hadoop-ozone/integration-test/target/test-dir/MiniOzoneClusterImpl-b769e16a-867c-4841-9f53-e34879b9b639/datanode-5/data/ratis/101ff3fb-646a-48b3-b03c-923e7229fc64 does not exist. Creating ...
2019-07-14 11:08:51,817 INFO  storage.RaftStorageDirectory (RaftStorageDirectory.java:tryLock(328)) - Lock on /workdir/hadoop-ozone/integration-test/target/test-dir/MiniOzoneClusterImpl-b769e16a-867c-4841-9f53-e34879b9b639/datanode-5/data/ratis/101ff3fb-646a-48b3-b03c-923e7229fc64/in_use.lock acquired by nodename 22243@trunk-nightly-fxmrv-2540794721
2019-07-14 11:08:51,830 INFO  storage.RaftStorage (RaftStorage.java:format(72)) - Storage directory /workdir/hadoop-ozone/integration-test/target/test-dir/MiniOzoneClusterImpl-b769e16a-867c-4841-9f53-e34879b9b639/datanode-5/data/ratis/101ff3fb-646a-48b3-b03c-923e7229fc64 has been successfully formatted.
2019-07-14 11:08:51,831 INFO  ratis.ContainerStateMachine (ContainerStateMachine.java:loadSnapshot(200)) - group-923E7229FC64: The snapshot info is null. Setting the last applied indexto:(t:0, i:~)
2019-07-14 11:08:51,831 INFO  server.RaftServerConfigKeys (ConfUtils.java:logGet(43)) - raft.server.leader.election.timeout = 120s (custom)
2019-07-14 11:08:51,831 INFO  server.RaftServerConfigKeys (ConfUtils.java:logGet(43)) - raft.server.log.use.memory = false (default)
2019-07-14 11:08:51,831 INFO  server.RaftServerConfigKeys (ConfUtils.java:logGet(43)) - raft.server.log.purge.gap = 1000000000 (custom)
2019-07-14 11:08:51,831 INFO  server.RaftServerConfigKeys (ConfUtils.java:logGet(43)) - raft.server.log.appender.buffer.byte-limit = 33554432 (custom)
2019-07-14 11:08:51,832 INFO  server.RaftServerConfigKeys (ConfUtils.java:logGet(43)) - raft.server.log.segment.size.max = 1048576 (custom)
2019-07-14 11:08:51,832 INFO  server.RaftServerConfigKeys (ConfUtils.java:logGet(43)) - raft.server.log.segment.cache.num.max = 2 (custom)
2019-07-14 11:08:51,832 INFO  segmented.SegmentedRaftLogWorker (SegmentedRaftLogWorker.java:<init>(172)) - new c850fbc6-b33b-4eb6-8c07-36c7bc8c2b81-SegmentedRaftLogWorker:Storage Directory /workdir/hadoop-ozone/integration-test/target/test-dir/MiniOzoneClusterImpl-b769e16a-867c-4841-9f53-e34879b9b639/datanode-5/data/ratis/101ff3fb-646a-48b3-b03c-923e7229fc64 for RaftStorage:Storage Directory /workdir/hadoop-ozone/integration-test/target/test-dir/MiniOzoneClusterImpl-b769e16a-867c-4841-9f53-e34879b9b639/datanode-5/data/ratis/101ff3fb-646a-48b3-b03c-923e7229fc64
2019-07-14 11:08:51,832 INFO  server.RaftServerConfigKeys (ConfUtils.java:logGet(43)) - raft.server.log.queue.byte-limit = 2147483647 (custom)
2019-07-14 11:08:51,832 INFO  server.RaftServerConfigKeys (ConfUtils.java:logGet(43)) - raft.server.log.queue.element-limit = 1024 (custom)
2019-07-14 11:08:51,832 INFO  server.RaftServerConfigKeys (ConfUtils.java:logGet(43)) - raft.server.log.segment.size.max = 1048576 (custom)
2019-07-14 11:08:51,833 INFO  server.RaftServerConfigKeys (ConfUtils.java:logGet(43)) - raft.server.log.preallocated.size = 16384 (custom)
2019-07-14 11:08:51,833 INFO  server.RaftServerConfigKeys (ConfUtils.java:logGet(43)) - raft.server.log.write.buffer.size = 33554432 (custom)
2019-07-14 11:08:51,833 INFO  server.RaftServerConfigKeys (ConfUtils.java:logGet(43)) - raft.server.log.force.sync.num = 128 (default)
2019-07-14 11:08:51,833 INFO  server.RaftServerConfigKeys (ConfUtils.java:logGet(43)) - raft.server.log.statemachine.data.sync = true (default)
2019-07-14 11:08:51,833 INFO  server.RaftServerConfigKeys (ConfUtils.java:logGet(43)) - raft.server.log.statemachine.data.sync.timeout = 10s (default)
2019-07-14 11:08:51,833 INFO  server.RaftServerConfigKeys (ConfUtils.java:logGet(43)) - raft.server.log.statemachine.data.sync.timeout.retry = -1 (default)
2019-07-14 11:08:51,834 INFO  server.RaftServerConfigKeys (ConfUtils.java:logGet(43)) - raft.server.log.statemachine.data.caching.enabled = true (custom)
2019-07-14 11:08:51,834 INFO  segmented.SegmentedRaftLogWorker (SegmentedRaftLogWorker.java:lambda$new$0(132)) - c850fbc6-b33b-4eb6-8c07-36c7bc8c2b81-SegmentedRaftLogWorker:Storage Directory /workdir/hadoop-ozone/integration-test/target/test-dir/MiniOzoneClusterImpl-b769e16a-867c-4841-9f53-e34879b9b639/datanode-5/data/ratis/101ff3fb-646a-48b3-b03c-923e7229fc64: flushIndex: setUnconditionally 0 -> -1
2019-07-14 11:08:51,834 INFO  server.RaftServerConfigKeys (ConfUtils.java:logGet(43)) - raft.server.snapshot.auto.trigger.enabled = true (custom)
2019-07-14 11:08:51,834 INFO  server.RaftServerConfigKeys (ConfUtils.java:logGet(43)) - raft.server.snapshot.auto.trigger.threshold = 10000 (custom)
2019-07-14 11:08:51,835 INFO  server.RaftServerConfigKeys (ConfUtils.java:logGet(43)) - raft.server.retrycache.expirytime = 600000ms (custom)
2019-07-14 11:08:51,835 INFO  impl.RaftServerImpl (RaftServerImpl.java:start(180)) - c850fbc6-b33b-4eb6-8c07-36c7bc8c2b81: start group-923E7229FC64
2019-07-14 11:08:51,835 INFO  impl.RaftServerImpl (RaftServerImpl.java:setRole(171)) - c850fbc6-b33b-4eb6-8c07-36c7bc8c2b81:group-923E7229FC64 changes role from null to FOLLOWER at term 0 for startAsFollower
2019-07-14 11:08:51,835 INFO  impl.RoleInfo (RoleInfo.java:updateAndGet(143)) - c850fbc6-b33b-4eb6-8c07-36c7bc8c2b81: start FollowerState
2019-07-14 11:08:51,835 INFO  util.JmxRegister (JmxRegister.java:tryRegister(44)) - Successfully registered JMX Bean with object name Ratis:service=RaftServer,group=group-923E7229FC64,id=c850fbc6-b33b-4eb6-8c07-36c7bc8c2b81
2019-07-14 11:08:51,837 INFO  pipeline.PipelineStateManager (PipelineStateManager.java:addPipeline(56)) - Created pipeline Pipeline[ Id: 101ff3fb-646a-48b3-b03c-923e7229fc64, Nodes: c850fbc6-b33b-4eb6-8c07-36c7bc8c2b81{ip: 192.168.157.209, host: trunk-nightly-fxmrv-2540794721, networkLocation: /default-rack, certSerialId: null}, Type:RATIS, Factor:ONE, State:OPEN]
2019-07-14 11:08:51,849 INFO  impl.RaftServerProxy (RaftServerProxy.java:addNew(89)) - 28fe82b7-ebd9-4a2a-8554-bbddc320b8ae: addNew group-7C85724D7D1E:[c850fbc6-b33b-4eb6-8c07-36c7bc8c2b81:192.168.157.209:36392, 28fe82b7-ebd9-4a2a-8554-bbddc320b8ae:192.168.157.209:33828, 6ce46959-8e32-4e70-a445-cddac5da34a1:192.168.157.209:40930] returns group-7C85724D7D1E:java.util.concurrent.CompletableFuture@38c784f[Not completed]
2019-07-14 11:08:51,849 INFO  impl.RaftServerProxy (RaftServerProxy.java:addNew(89)) - c850fbc6-b33b-4eb6-8c07-36c7bc8c2b81: addNew group-7C85724D7D1E:[c850fbc6-b33b-4eb6-8c07-36c7bc8c2b81:192.168.157.209:36392, 28fe82b7-ebd9-4a2a-8554-bbddc320b8ae:192.168.157.209:33828, 6ce46959-8e32-4e70-a445-cddac5da34a1:192.168.157.209:40930] returns group-7C85724D7D1E:java.util.concurrent.CompletableFuture@57cf375f[Not completed]
2019-07-14 11:08:51,849 INFO  impl.RaftServerProxy (RaftServerProxy.java:addNew(89)) - 6ce46959-8e32-4e70-a445-cddac5da34a1: addNew group-7C85724D7D1E:[c850fbc6-b33b-4eb6-8c07-36c7bc8c2b81:192.168.157.209:36392, 28fe82b7-ebd9-4a2a-8554-bbddc320b8ae:192.168.157.209:33828, 6ce46959-8e32-4e70-a445-cddac5da34a1:192.168.157.209:40930] returns group-7C85724D7D1E:java.util.concurrent.CompletableFuture@51f7df81[Not completed]
2019-07-14 11:08:51,850 INFO  impl.RaftServerImpl (RaftServerImpl.java:<init>(93)) - 28fe82b7-ebd9-4a2a-8554-bbddc320b8ae: new RaftServerImpl for group-7C85724D7D1E:[c850fbc6-b33b-4eb6-8c07-36c7bc8c2b81:192.168.157.209:36392, 28fe82b7-ebd9-4a2a-8554-bbddc320b8ae:192.168.157.209:33828, 6ce46959-8e32-4e70-a445-cddac5da34a1:192.168.157.209:40930] with ContainerStateMachine:uninitialized
2019-07-14 11:08:51,850 INFO  server.RaftServerConfigKeys (ConfUtils.java:logGet(43)) - raft.server.rpc.timeout.min = 5s (custom)
2019-07-14 11:08:51,850 INFO  server.RaftServerConfigKeys (ConfUtils.java:logGet(43)) - raft.server.rpc.timeout.max = 5200ms (custom)
2019-07-14 11:08:51,851 INFO  server.RaftServerConfigKeys (ConfUtils.java:logGet(43)) - raft.server.rpcslowness.timeout = 120s (custom)
2019-07-14 11:08:51,851 INFO  impl.RaftServerImpl (RaftServerImpl.java:<init>(93)) - 6ce46959-8e32-4e70-a445-cddac5da34a1: new RaftServerImpl for group-7C85724D7D1E:[c850fbc6-b33b-4eb6-8c07-36c7bc8c2b81:192.168.157.209:36392, 28fe82b7-ebd9-4a2a-8554-bbddc320b8ae:192.168.157.209:33828, 6ce46959-8e32-4e70-a445-cddac5da34a1:192.168.157.209:40930] with ContainerStateMachine:uninitialized
2019-07-14 11:08:51,851 INFO  server.RaftServerConfigKeys (ConfUtils.java:logGet(43)) - raft.server.sleep.deviation.threshold = 300 (default)
2019-07-14 11:08:51,851 INFO  server.RaftServerConfigKeys (ConfUtils.java:logGet(43)) - raft.server.rpc.timeout.min = 5s (custom)
2019-07-14 11:08:51,851 INFO  impl.RaftServerImpl (RaftServerImpl.java:<init>(93)) - c850fbc6-b33b-4eb6-8c07-36c7bc8c2b81: new RaftServerImpl for group-7C85724D7D1E:[c850fbc6-b33b-4eb6-8c07-36c7bc8c2b81:192.168.157.209:36392, 28fe82b7-ebd9-4a2a-8554-bbddc320b8ae:192.168.157.209:33828, 6ce46959-8e32-4e70-a445-cddac5da34a1:192.168.157.209:40930] with ContainerStateMachine:uninitialized
2019-07-14 11:08:51,851 INFO  server.RaftServerConfigKeys (ConfUtils.java:logGet(43)) - raft.server.rpc.timeout.max = 5200ms (custom)
2019-07-14 11:08:51,852 INFO  server.RaftServerConfigKeys (ConfUtils.java:logGet(43)) - raft.server.rpcslowness.timeout = 120s (custom)
2019-07-14 11:08:51,851 INFO  server.RaftServerConfigKeys (ConfUtils.java:logGet(43)) - raft.server.log.appender.install.snapshot.enabled = false (custom)
2019-07-14 11:08:51,852 INFO  server.RaftServerConfigKeys (ConfUtils.java:logGet(43)) - raft.server.sleep.deviation.threshold = 300 (default)
2019-07-14 11:08:51,851 INFO  server.RaftServerConfigKeys (ConfUtils.java:logGet(43)) - raft.server.rpc.timeout.min = 5s (custom)
2019-07-14 11:08:51,852 INFO  server.RaftServerConfigKeys (ConfUtils.java:logGet(43)) - raft.server.log.appender.install.snapshot.enabled = false (custom)
2019-07-14 11:08:51,852 INFO  impl.RaftServerImpl (ServerState.java:<init>(105)) - 28fe82b7-ebd9-4a2a-8554-bbddc320b8ae:group-7C85724D7D1E ConfigurationManager, init=-1: [c850fbc6-b33b-4eb6-8c07-36c7bc8c2b81:192.168.157.209:36392, 28fe82b7-ebd9-4a2a-8554-bbddc320b8ae:192.168.157.209:33828, 6ce46959-8e32-4e70-a445-cddac5da34a1:192.168.157.209:40930], old=null, confs=<EMPTY_MAP>
2019-07-14 11:08:51,852 INFO  impl.RaftServerImpl (ServerState.java:<init>(105)) - 6ce46959-8e32-4e70-a445-cddac5da34a1:group-7C85724D7D1E ConfigurationManager, init=-1: [c850fbc6-b33b-4eb6-8c07-36c7bc8c2b81:192.168.157.209:36392, 28fe82b7-ebd9-4a2a-8554-bbddc320b8ae:192.168.157.209:33828, 6ce46959-8e32-4e70-a445-cddac5da34a1:192.168.157.209:40930], old=null, confs=<EMPTY_MAP>
2019-07-14 11:08:51,852 INFO  server.RaftServerConfigKeys (ConfUtils.java:logGet(43)) - raft.server.rpc.timeout.max = 5200ms (custom)
2019-07-14 11:08:51,853 INFO  server.RaftServerConfigKeys (ConfUtils.java:logGet(43)) - raft.server.storage.dir = [/workdir/hadoop-ozone/integration-test/target/test-dir/MiniOzoneClusterImpl-b769e16a-867c-4841-9f53-e34879b9b639/datanode-3/data/ratis] (custom)
2019-07-14 11:08:51,853 INFO  server.RaftServerConfigKeys (ConfUtils.java:logGet(43)) - raft.server.storage.dir = [/workdir/hadoop-ozone/integration-test/target/test-dir/MiniOzoneClusterImpl-b769e16a-867c-4841-9f53-e34879b9b639/datanode-4/data/ratis] (custom)
2019-07-14 11:08:51,853 INFO  server.RaftServerConfigKeys (ConfUtils.java:logGet(43)) - raft.server.rpcslowness.timeout = 120s (custom)
2019-07-14 11:08:51,853 INFO  storage.RaftStorageDirectory (RaftStorageDirectory.java:analyzeStorage(246)) - The storage directory /workdir/hadoop-ozone/integration-test/target/test-dir/MiniOzoneClusterImpl-b769e16a-867c-4841-9f53-e34879b9b639/datanode-3/data/ratis/62bb390a-bb89-4ff3-b396-7c85724d7d1e does not exist. Creating ...
2019-07-14 11:08:51,853 INFO  storage.RaftStorageDirectory (RaftStorageDirectory.java:analyzeStorage(246)) - The storage directory /workdir/hadoop-ozone/integration-test/target/test-dir/MiniOzoneClusterImpl-b769e16a-867c-4841-9f53-e34879b9b639/datanode-4/data/ratis/62bb390a-bb89-4ff3-b396-7c85724d7d1e does not exist. Creating ...
2019-07-14 11:08:51,853 INFO  server.RaftServerConfigKeys (ConfUtils.java:logGet(43)) - raft.server.sleep.deviation.threshold = 300 (default)
2019-07-14 11:08:51,854 INFO  server.RaftServerConfigKeys (ConfUtils.java:logGet(43)) - raft.server.log.appender.install.snapshot.enabled = false (custom)
2019-07-14 11:08:51,854 INFO  impl.RaftServerImpl (ServerState.java:<init>(105)) - c850fbc6-b33b-4eb6-8c07-36c7bc8c2b81:group-7C85724D7D1E ConfigurationManager, init=-1: [c850fbc6-b33b-4eb6-8c07-36c7bc8c2b81:192.168.157.209:36392, 28fe82b7-ebd9-4a2a-8554-bbddc320b8ae:192.168.157.209:33828, 6ce46959-8e32-4e70-a445-cddac5da34a1:192.168.157.209:40930], old=null, confs=<EMPTY_MAP>
2019-07-14 11:08:51,854 INFO  server.RaftServerConfigKeys (ConfUtils.java:logGet(43)) - raft.server.storage.dir = [/workdir/hadoop-ozone/integration-test/target/test-dir/MiniOzoneClusterImpl-b769e16a-867c-4841-9f53-e34879b9b639/datanode-5/data/ratis] (custom)
2019-07-14 11:08:51,854 INFO  storage.RaftStorageDirectory (RaftStorageDirectory.java:analyzeStorage(246)) - The storage directory /workdir/hadoop-ozone/integration-test/target/test-dir/MiniOzoneClusterImpl-b769e16a-867c-4841-9f53-e34879b9b639/datanode-5/data/ratis/62bb390a-bb89-4ff3-b396-7c85724d7d1e does not exist. Creating ...
2019-07-14 11:08:51,860 INFO  storage.RaftStorageDirectory (RaftStorageDirectory.java:tryLock(328)) - Lock on /workdir/hadoop-ozone/integration-test/target/test-dir/MiniOzoneClusterImpl-b769e16a-867c-4841-9f53-e34879b9b639/datanode-4/data/ratis/62bb390a-bb89-4ff3-b396-7c85724d7d1e/in_use.lock acquired by nodename 22243@trunk-nightly-fxmrv-2540794721
2019-07-14 11:08:51,860 INFO  storage.RaftStorageDirectory (RaftStorageDirectory.java:tryLock(328)) - Lock on /workdir/hadoop-ozone/integration-test/target/test-dir/MiniOzoneClusterImpl-b769e16a-867c-4841-9f53-e34879b9b639/datanode-3/data/ratis/62bb390a-bb89-4ff3-b396-7c85724d7d1e/in_use.lock acquired by nodename 22243@trunk-nightly-fxmrv-2540794721
2019-07-14 11:08:51,860 INFO  storage.RaftStorageDirectory (RaftStorageDirectory.java:tryLock(328)) - Lock on /workdir/hadoop-ozone/integration-test/target/test-dir/MiniOzoneClusterImpl-b769e16a-867c-4841-9f53-e34879b9b639/datanode-5/data/ratis/62bb390a-bb89-4ff3-b396-7c85724d7d1e/in_use.lock acquired by nodename 22243@trunk-nightly-fxmrv-2540794721
2019-07-14 11:08:51,874 INFO  storage.RaftStorage (RaftStorage.java:format(72)) - Storage directory /workdir/hadoop-ozone/integration-test/target/test-dir/MiniOzoneClusterImpl-b769e16a-867c-4841-9f53-e34879b9b639/datanode-5/data/ratis/62bb390a-bb89-4ff3-b396-7c85724d7d1e has been successfully formatted.
2019-07-14 11:08:51,874 INFO  storage.RaftStorage (RaftStorage.java:format(72)) - Storage directory /workdir/hadoop-ozone/integration-test/target/test-dir/MiniOzoneClusterImpl-b769e16a-867c-4841-9f53-e34879b9b639/datanode-3/data/ratis/62bb390a-bb89-4ff3-b396-7c85724d7d1e has been successfully formatted.
2019-07-14 11:08:51,874 INFO  storage.RaftStorage (RaftStorage.java:format(72)) - Storage directory /workdir/hadoop-ozone/integration-test/target/test-dir/MiniOzoneClusterImpl-b769e16a-867c-4841-9f53-e34879b9b639/datanode-4/data/ratis/62bb390a-bb89-4ff3-b396-7c85724d7d1e has been successfully formatted.
2019-07-14 11:08:51,875 INFO  ratis.ContainerStateMachine (ContainerStateMachine.java:loadSnapshot(200)) - group-7C85724D7D1E: The snapshot info is null. Setting the last applied indexto:(t:0, i:~)
2019-07-14 11:08:51,875 INFO  ratis.ContainerStateMachine (ContainerStateMachine.java:loadSnapshot(200)) - group-7C85724D7D1E: The snapshot info is null. Setting the last applied indexto:(t:0, i:~)
2019-07-14 11:08:51,875 INFO  ratis.ContainerStateMachine (ContainerStateMachine.java:loadSnapshot(200)) - group-7C85724D7D1E: The snapshot info is null. Setting the last applied indexto:(t:0, i:~)
2019-07-14 11:08:51,875 INFO  server.RaftServerConfigKeys (ConfUtils.java:logGet(43)) - raft.server.leader.election.timeout = 120s (custom)
2019-07-14 11:08:51,876 INFO  server.RaftServerConfigKeys (ConfUtils.java:logGet(43)) - raft.server.log.use.memory = false (default)
2019-07-14 11:08:51,875 INFO  server.RaftServerConfigKeys (ConfUtils.java:logGet(43)) - raft.server.leader.election.timeout = 120s (custom)
2019-07-14 11:08:51,876 INFO  server.RaftServerConfigKeys (ConfUtils.java:logGet(43)) - raft.server.log.purge.gap = 1000000000 (custom)
2019-07-14 11:08:51,875 INFO  server.RaftServerConfigKeys (ConfUtils.java:logGet(43)) - raft.server.leader.election.timeout = 120s (custom)
2019-07-14 11:08:51,876 INFO  server.RaftServerConfigKeys (ConfUtils.java:logGet(43)) - raft.server.log.appender.buffer.byte-limit = 33554432 (custom)
2019-07-14 11:08:51,876 INFO  server.RaftServerConfigKeys (ConfUtils.java:logGet(43)) - raft.server.log.use.memory = false (default)
2019-07-14 11:08:51,876 INFO  server.RaftServerConfigKeys (ConfUtils.java:logGet(43)) - raft.server.log.segment.size.max = 1048576 (custom)
2019-07-14 11:08:51,877 INFO  server.RaftServerConfigKeys (ConfUtils.java:logGet(43)) - raft.server.log.segment.cache.num.max = 2 (custom)
2019-07-14 11:08:51,876 INFO  server.RaftServerConfigKeys (ConfUtils.java:logGet(43)) - raft.server.log.use.memory = false (default)
2019-07-14 11:08:51,877 INFO  segmented.SegmentedRaftLogWorker (SegmentedRaftLogWorker.java:<init>(172)) - new 28fe82b7-ebd9-4a2a-8554-bbddc320b8ae-SegmentedRaftLogWorker:Storage Directory /workdir/hadoop-ozone/integration-test/target/test-dir/MiniOzoneClusterImpl-b769e16a-867c-4841-9f53-e34879b9b639/datanode-4/data/ratis/62bb390a-bb89-4ff3-b396-7c85724d7d1e for RaftStorage:Storage Directory /workdir/hadoop-ozone/integration-test/target/test-dir/MiniOzoneClusterImpl-b769e16a-867c-4841-9f53-e34879b9b639/datanode-4/data/ratis/62bb390a-bb89-4ff3-b396-7c85724d7d1e
2019-07-14 11:08:51,876 INFO  server.RaftServerConfigKeys (ConfUtils.java:logGet(43)) - raft.server.log.purge.gap = 1000000000 (custom)
2019-07-14 11:08:51,877 INFO  server.RaftServerConfigKeys (ConfUtils.java:logGet(43)) - raft.server.log.queue.byte-limit = 2147483647 (custom)
2019-07-14 11:08:51,877 INFO  server.RaftServerConfigKeys (ConfUtils.java:logGet(43)) - raft.server.log.purge.gap = 1000000000 (custom)
2019-07-14 11:08:51,877 INFO  server.RaftServerConfigKeys (ConfUtils.java:logGet(43)) - raft.server.log.queue.element-limit = 1024 (custom)
2019-07-14 11:08:51,877 INFO  server.RaftServerConfigKeys (ConfUtils.java:logGet(43)) - raft.server.log.appender.buffer.byte-limit = 33554432 (custom)
2019-07-14 11:08:51,878 INFO  server.RaftServerConfigKeys (ConfUtils.java:logGet(43)) - raft.server.log.segment.size.max = 1048576 (custom)
2019-07-14 11:08:51,878 INFO  server.RaftServerConfigKeys (ConfUtils.java:logGet(43)) - raft.server.log.appender.buffer.byte-limit = 33554432 (custom)
2019-07-14 11:08:51,878 INFO  server.RaftServerConfigKeys (ConfUtils.java:logGet(43)) - raft.server.log.preallocated.size = 16384 (custom)
2019-07-14 11:08:51,878 INFO  server.RaftServerConfigKeys (ConfUtils.java:logGet(43)) - raft.server.log.segment.size.max = 1048576 (custom)
2019-07-14 11:08:51,878 INFO  server.RaftServerConfigKeys (ConfUtils.java:logGet(43)) - raft.server.log.write.buffer.size = 33554432 (custom)
2019-07-14 11:08:51,879 INFO  server.RaftServerConfigKeys (ConfUtils.java:logGet(43)) - raft.server.log.force.sync.num = 128 (default)
2019-07-14 11:08:51,878 INFO  server.RaftServerConfigKeys (ConfUtils.java:logGet(43)) - raft.server.log.segment.size.max = 1048576 (custom)
2019-07-14 11:08:51,879 INFO  server.RaftServerConfigKeys (ConfUtils.java:logGet(43)) - raft.server.log.statemachine.data.sync = true (default)
2019-07-14 11:08:51,878 INFO  server.RaftServerConfigKeys (ConfUtils.java:logGet(43)) - raft.server.log.segment.cache.num.max = 2 (custom)
2019-07-14 11:08:51,879 INFO  server.RaftServerConfigKeys (ConfUtils.java:logGet(43)) - raft.server.log.statemachine.data.sync.timeout = 10s (default)
2019-07-14 11:08:51,879 INFO  server.RaftServerConfigKeys (ConfUtils.java:logGet(43)) - raft.server.log.segment.cache.num.max = 2 (custom)
2019-07-14 11:08:51,879 INFO  server.RaftServerConfigKeys (ConfUtils.java:logGet(43)) - raft.server.log.statemachine.data.sync.timeout.retry = -1 (default)
2019-07-14 11:08:51,879 INFO  segmented.SegmentedRaftLogWorker (SegmentedRaftLogWorker.java:<init>(172)) - new c850fbc6-b33b-4eb6-8c07-36c7bc8c2b81-SegmentedRaftLogWorker:Storage Directory /workdir/hadoop-ozone/integration-test/target/test-dir/MiniOzoneClusterImpl-b769e16a-867c-4841-9f53-e34879b9b639/datanode-5/data/ratis/62bb390a-bb89-4ff3-b396-7c85724d7d1e for RaftStorage:Storage Directory /workdir/hadoop-ozone/integration-test/target/test-dir/MiniOzoneClusterImpl-b769e16a-867c-4841-9f53-e34879b9b639/datanode-5/data/ratis/62bb390a-bb89-4ff3-b396-7c85724d7d1e
2019-07-14 11:08:51,880 INFO  server.RaftServerConfigKeys (ConfUtils.java:logGet(43)) - raft.server.log.statemachine.data.caching.enabled = true (custom)
2019-07-14 11:08:51,880 INFO  segmented.SegmentedRaftLogWorker (SegmentedRaftLogWorker.java:<init>(172)) - new 6ce46959-8e32-4e70-a445-cddac5da34a1-SegmentedRaftLogWorker:Storage Directory /workdir/hadoop-ozone/integration-test/target/test-dir/MiniOzoneClusterImpl-b769e16a-867c-4841-9f53-e34879b9b639/datanode-3/data/ratis/62bb390a-bb89-4ff3-b396-7c85724d7d1e for RaftStorage:Storage Directory /workdir/hadoop-ozone/integration-test/target/test-dir/MiniOzoneClusterImpl-b769e16a-867c-4841-9f53-e34879b9b639/datanode-3/data/ratis/62bb390a-bb89-4ff3-b396-7c85724d7d1e
2019-07-14 11:08:51,880 INFO  server.RaftServerConfigKeys (ConfUtils.java:logGet(43)) - raft.server.log.queue.byte-limit = 2147483647 (custom)
2019-07-14 11:08:51,880 INFO  server.RaftServerConfigKeys (ConfUtils.java:logGet(43)) - raft.server.log.queue.byte-limit = 2147483647 (custom)
2019-07-14 11:08:51,880 INFO  segmented.SegmentedRaftLogWorker (SegmentedRaftLogWorker.java:lambda$new$0(132)) - 28fe82b7-ebd9-4a2a-8554-bbddc320b8ae-SegmentedRaftLogWorker:Storage Directory /workdir/hadoop-ozone/integration-test/target/test-dir/MiniOzoneClusterImpl-b769e16a-867c-4841-9f53-e34879b9b639/datanode-4/data/ratis/62bb390a-bb89-4ff3-b396-7c85724d7d1e: flushIndex: setUnconditionally 0 -> -1
2019-07-14 11:08:51,880 INFO  server.RaftServerConfigKeys (ConfUtils.java:logGet(43)) - raft.server.log.queue.element-limit = 1024 (custom)
2019-07-14 11:08:51,880 INFO  server.RaftServerConfigKeys (ConfUtils.java:logGet(43)) - raft.server.log.queue.element-limit = 1024 (custom)
2019-07-14 11:08:51,881 INFO  server.RaftServerConfigKeys (ConfUtils.java:logGet(43)) - raft.server.log.segment.size.max = 1048576 (custom)
2019-07-14 11:08:51,881 INFO  server.RaftServerConfigKeys (ConfUtils.java:logGet(43)) - raft.server.log.preallocated.size = 16384 (custom)
2019-07-14 11:08:51,881 INFO  server.RaftServerConfigKeys (ConfUtils.java:logGet(43)) - raft.server.snapshot.auto.trigger.enabled = true (custom)
2019-07-14 11:08:51,881 INFO  server.RaftServerConfigKeys (ConfUtils.java:logGet(43)) - raft.server.log.write.buffer.size = 33554432 (custom)
2019-07-14 11:08:51,881 INFO  server.RaftServerConfigKeys (ConfUtils.java:logGet(43)) - raft.server.log.segment.size.max = 1048576 (custom)
2019-07-14 11:08:51,882 INFO  server.RaftServerConfigKeys (ConfUtils.java:logGet(43)) - raft.server.log.force.sync.num = 128 (default)
2019-07-14 11:08:51,881 INFO  server.RaftServerConfigKeys (ConfUtils.java:logGet(43)) - raft.server.snapshot.auto.trigger.threshold = 10000 (custom)
2019-07-14 11:08:51,882 INFO  server.RaftServerConfigKeys (ConfUtils.java:logGet(43)) - raft.server.log.statemachine.data.sync = true (default)
2019-07-14 11:08:51,882 INFO  server.RaftServerConfigKeys (ConfUtils.java:logGet(43)) - raft.server.log.statemachine.data.sync.timeout = 10s (default)
2019-07-14 11:08:51,882 INFO  server.RaftServerConfigKeys (ConfUtils.java:logGet(43)) - raft.server.log.preallocated.size = 16384 (custom)
2019-07-14 11:08:51,882 INFO  server.RaftServerConfigKeys (ConfUtils.java:logGet(43)) - raft.server.log.statemachine.data.sync.timeout.retry = -1 (default)
2019-07-14 11:08:51,882 INFO  server.RaftServerConfigKeys (ConfUtils.java:logGet(43)) - raft.server.retrycache.expirytime = 600000ms (custom)
2019-07-14 11:08:51,883 INFO  server.RaftServerConfigKeys (ConfUtils.java:logGet(43)) - raft.server.log.statemachine.data.caching.enabled = true (custom)
2019-07-14 11:08:51,883 INFO  server.RaftServerConfigKeys (ConfUtils.java:logGet(43)) - raft.server.log.write.buffer.size = 33554432 (custom)
2019-07-14 11:08:51,883 INFO  impl.RaftServerImpl (RaftServerImpl.java:start(180)) - 28fe82b7-ebd9-4a2a-8554-bbddc320b8ae: start group-7C85724D7D1E
2019-07-14 11:08:51,883 INFO  segmented.SegmentedRaftLogWorker (SegmentedRaftLogWorker.java:lambda$new$0(132)) - 6ce46959-8e32-4e70-a445-cddac5da34a1-SegmentedRaftLogWorker:Storage Directory /workdir/hadoop-ozone/integration-test/target/test-dir/MiniOzoneClusterImpl-b769e16a-867c-4841-9f53-e34879b9b639/datanode-3/data/ratis/62bb390a-bb89-4ff3-b396-7c85724d7d1e: flushIndex: setUnconditionally 0 -> -1
2019-07-14 11:08:51,883 INFO  server.RaftServerConfigKeys (ConfUtils.java:logGet(43)) - raft.server.log.force.sync.num = 128 (default)
2019-07-14 11:08:51,884 INFO  server.RaftServerConfigKeys (ConfUtils.java:logGet(43)) - raft.server.snapshot.auto.trigger.enabled = true (custom)
2019-07-14 11:08:51,883 INFO  impl.RaftServerImpl (RaftServerImpl.java:setRole(171)) - 28fe82b7-ebd9-4a2a-8554-bbddc320b8ae:group-7C85724D7D1E changes role from null to FOLLOWER at term 0 for startAsFollower
2019-07-14 11:08:51,884 INFO  server.RaftServerConfigKeys (ConfUtils.java:logGet(43)) - raft.server.snapshot.auto.trigger.threshold = 10000 (custom)
2019-07-14 11:08:51,884 INFO  server.RaftServerConfigKeys (ConfUtils.java:logGet(43)) - raft.server.log.statemachine.data.sync = true (default)
2019-07-14 11:08:51,884 INFO  server.RaftServerConfigKeys (ConfUtils.java:logGet(43)) - raft.server.retrycache.expirytime = 600000ms (custom)
2019-07-14 11:08:51,884 INFO  impl.RoleInfo (RoleInfo.java:updateAndGet(143)) - 28fe82b7-ebd9-4a2a-8554-bbddc320b8ae: start FollowerState
2019-07-14 11:08:51,885 INFO  impl.RaftServerImpl (RaftServerImpl.java:start(180)) - 6ce46959-8e32-4e70-a445-cddac5da34a1: start group-7C85724D7D1E
2019-07-14 11:08:51,885 INFO  impl.RaftServerImpl (RaftServerImpl.java:setRole(171)) - 6ce46959-8e32-4e70-a445-cddac5da34a1:group-7C85724D7D1E changes role from null to FOLLOWER at term 0 for startAsFollower
2019-07-14 11:08:51,884 INFO  server.RaftServerConfigKeys (ConfUtils.java:logGet(43)) - raft.server.log.statemachine.data.sync.timeout = 10s (default)
2019-07-14 11:08:51,885 INFO  impl.RoleInfo (RoleInfo.java:updateAndGet(143)) - 6ce46959-8e32-4e70-a445-cddac5da34a1: start FollowerState
2019-07-14 11:08:51,885 INFO  util.JmxRegister (JmxRegister.java:tryRegister(44)) - Successfully registered JMX Bean with object name Ratis:service=RaftServer,group=group-7C85724D7D1E,id=28fe82b7-ebd9-4a2a-8554-bbddc320b8ae
2019-07-14 11:08:51,885 INFO  server.RaftServerConfigKeys (ConfUtils.java:logGet(43)) - raft.server.log.statemachine.data.sync.timeout.retry = -1 (default)
2019-07-14 11:08:51,886 INFO  util.JmxRegister (JmxRegister.java:tryRegister(44)) - Successfully registered JMX Bean with object name Ratis:service=RaftServer,group=group-7C85724D7D1E,id=6ce46959-8e32-4e70-a445-cddac5da34a1
2019-07-14 11:08:51,886 INFO  server.RaftServerConfigKeys (ConfUtils.java:logGet(43)) - raft.server.log.statemachine.data.caching.enabled = true (custom)
2019-07-14 11:08:51,886 INFO  segmented.SegmentedRaftLogWorker (SegmentedRaftLogWorker.java:lambda$new$0(132)) - c850fbc6-b33b-4eb6-8c07-36c7bc8c2b81-SegmentedRaftLogWorker:Storage Directory /workdir/hadoop-ozone/integration-test/target/test-dir/MiniOzoneClusterImpl-b769e16a-867c-4841-9f53-e34879b9b639/datanode-5/data/ratis/62bb390a-bb89-4ff3-b396-7c85724d7d1e: flushIndex: setUnconditionally 0 -> -1
2019-07-14 11:08:51,886 INFO  server.RaftServerConfigKeys (ConfUtils.java:logGet(43)) - raft.server.snapshot.auto.trigger.enabled = true (custom)
2019-07-14 11:08:51,887 INFO  server.RaftServerConfigKeys (ConfUtils.java:logGet(43)) - raft.server.snapshot.auto.trigger.threshold = 10000 (custom)
2019-07-14 11:08:51,887 INFO  server.RaftServerConfigKeys (ConfUtils.java:logGet(43)) - raft.server.retrycache.expirytime = 600000ms (custom)
2019-07-14 11:08:51,887 INFO  impl.RaftServerImpl (RaftServerImpl.java:start(180)) - c850fbc6-b33b-4eb6-8c07-36c7bc8c2b81: start group-7C85724D7D1E
2019-07-14 11:08:51,887 INFO  impl.RaftServerImpl (RaftServerImpl.java:setRole(171)) - c850fbc6-b33b-4eb6-8c07-36c7bc8c2b81:group-7C85724D7D1E changes role from null to FOLLOWER at term 0 for startAsFollower
2019-07-14 11:08:51,887 INFO  impl.RoleInfo (RoleInfo.java:updateAndGet(143)) - c850fbc6-b33b-4eb6-8c07-36c7bc8c2b81: start FollowerState
2019-07-14 11:08:51,888 INFO  util.JmxRegister (JmxRegister.java:tryRegister(44)) - Successfully registered JMX Bean with object name Ratis:service=RaftServer,group=group-7C85724D7D1E,id=c850fbc6-b33b-4eb6-8c07-36c7bc8c2b81
2019-07-14 11:08:51,890 INFO  pipeline.PipelineStateManager (PipelineStateManager.java:addPipeline(56)) - Created pipeline Pipeline[ Id: 62bb390a-bb89-4ff3-b396-7c85724d7d1e, Nodes: c850fbc6-b33b-4eb6-8c07-36c7bc8c2b81{ip: 192.168.157.209, host: trunk-nightly-fxmrv-2540794721, networkLocation: /default-rack, certSerialId: null}6ce46959-8e32-4e70-a445-cddac5da34a1{ip: 192.168.157.209, host: trunk-nightly-fxmrv-2540794721, networkLocation: /default-rack, certSerialId: null}28fe82b7-ebd9-4a2a-8554-bbddc320b8ae{ip: 192.168.157.209, host: trunk-nightly-fxmrv-2540794721, networkLocation: /default-rack, certSerialId: null}, Type:RATIS, Factor:THREE, State:OPEN]
2019-07-14 11:08:51,967 INFO  node.SCMNodeManager (SCMNodeManager.java:register(269)) - Registered Data node : 81ae09c3-ec4e-4bf7-bc56-5c1adb625679{ip: 192.168.157.209, host: trunk-nightly-fxmrv-2540794721, networkLocation: /default-rack, certSerialId: null}
2019-07-14 11:08:51,967 INFO  ozone.MiniOzoneClusterImpl (MiniOzoneClusterImpl.java:lambda$waitForClusterToBeReady$0(142)) - Cluster is ready. Got 7 of 7 DN Heartbeats.
2019-07-14 11:08:51,980 INFO  impl.RaftServerProxy (RaftServerProxy.java:addNew(89)) - 81ae09c3-ec4e-4bf7-bc56-5c1adb625679: addNew group-FEF494829096:[81ae09c3-ec4e-4bf7-bc56-5c1adb625679:192.168.157.209:36016] returns group-FEF494829096:java.util.concurrent.CompletableFuture@69a6030d[Not completed]
2019-07-14 11:08:52,021 INFO  impl.RaftServerImpl (RaftServerImpl.java:<init>(93)) - 81ae09c3-ec4e-4bf7-bc56-5c1adb625679: new RaftServerImpl for group-FEF494829096:[81ae09c3-ec4e-4bf7-bc56-5c1adb625679:192.168.157.209:36016] with ContainerStateMachine:uninitialized
2019-07-14 11:08:52,021 INFO  server.RaftServerConfigKeys (ConfUtils.java:logGet(43)) - raft.server.rpc.timeout.min = 5s (custom)
2019-07-14 11:08:52,021 INFO  server.RaftServerConfigKeys (ConfUtils.java:logGet(43)) - raft.server.rpc.timeout.max = 5200ms (custom)
2019-07-14 11:08:52,021 INFO  server.RaftServerConfigKeys (ConfUtils.java:logGet(43)) - raft.server.rpcslowness.timeout = 120s (custom)
2019-07-14 11:08:52,021 INFO  server.RaftServerConfigKeys (ConfUtils.java:logGet(43)) - raft.server.sleep.deviation.threshold = 300 (default)
2019-07-14 11:08:52,022 INFO  server.RaftServerConfigKeys (ConfUtils.java:logGet(43)) - raft.server.log.appender.install.snapshot.enabled = false (custom)
2019-07-14 11:08:52,022 INFO  impl.RaftServerImpl (ServerState.java:<init>(105)) - 81ae09c3-ec4e-4bf7-bc56-5c1adb625679:group-FEF494829096 ConfigurationManager, init=-1: [81ae09c3-ec4e-4bf7-bc56-5c1adb625679:192.168.157.209:36016], old=null, confs=<EMPTY_MAP>
2019-07-14 11:08:52,022 INFO  server.RaftServerConfigKeys (ConfUtils.java:logGet(43)) - raft.server.storage.dir = [/workdir/hadoop-ozone/integration-test/target/test-dir/MiniOzoneClusterImpl-b769e16a-867c-4841-9f53-e34879b9b639/datanode-6/data/ratis] (custom)
2019-07-14 11:08:52,022 INFO  storage.RaftStorageDirectory (RaftStorageDirectory.java:analyzeStorage(246)) - The storage directory /workdir/hadoop-ozone/integration-test/target/test-dir/MiniOzoneClusterImpl-b769e16a-867c-4841-9f53-e34879b9b639/datanode-6/data/ratis/47e5a956-55f6-458d-8253-fef494829096 does not exist. Creating ...
2019-07-14 11:08:52,024 INFO  rpc.RpcClient (RpcClient.java:createVolume(287)) - Creating Volume: testblockoutputstream, with jenkins1000 as owner.
2019-07-14 11:08:52,044 INFO  storage.RaftStorageDirectory (RaftStorageDirectory.java:tryLock(328)) - Lock on /workdir/hadoop-ozone/integration-test/target/test-dir/MiniOzoneClusterImpl-b769e16a-867c-4841-9f53-e34879b9b639/datanode-6/data/ratis/47e5a956-55f6-458d-8253-fef494829096/in_use.lock acquired by nodename 22243@trunk-nightly-fxmrv-2540794721
2019-07-14 11:08:52,045 INFO  rpc.RpcClient (RpcClient.java:createBucket(424)) - Creating Bucket: testblockoutputstream/testblockoutputstream, with Versioning false and Storage Type set to DISK and Encryption set to false 
2019-07-14 11:08:52,057 INFO  storage.RaftStorage (RaftStorage.java:format(72)) - Storage directory /workdir/hadoop-ozone/integration-test/target/test-dir/MiniOzoneClusterImpl-b769e16a-867c-4841-9f53-e34879b9b639/datanode-6/data/ratis/47e5a956-55f6-458d-8253-fef494829096 has been successfully formatted.
2019-07-14 11:08:52,057 INFO  ratis.ContainerStateMachine (ContainerStateMachine.java:loadSnapshot(200)) - group-FEF494829096: The snapshot info is null. Setting the last applied indexto:(t:0, i:~)
2019-07-14 11:08:52,057 INFO  server.RaftServerConfigKeys (ConfUtils.java:logGet(43)) - raft.server.leader.election.timeout = 120s (custom)
2019-07-14 11:08:52,058 INFO  server.RaftServerConfigKeys (ConfUtils.java:logGet(43)) - raft.server.log.use.memory = false (default)
2019-07-14 11:08:52,058 INFO  server.RaftServerConfigKeys (ConfUtils.java:logGet(43)) - raft.server.log.purge.gap = 1000000000 (custom)
2019-07-14 11:08:52,058 INFO  server.RaftServerConfigKeys (ConfUtils.java:logGet(43)) - raft.server.log.appender.buffer.byte-limit = 33554432 (custom)
2019-07-14 11:08:52,058 INFO  server.RaftServerConfigKeys (ConfUtils.java:logGet(43)) - raft.server.log.segment.size.max = 1048576 (custom)
2019-07-14 11:08:52,058 INFO  server.RaftServerConfigKeys (ConfUtils.java:logGet(43)) - raft.server.log.segment.cache.num.max = 2 (custom)
2019-07-14 11:08:52,058 INFO  segmented.SegmentedRaftLogWorker (SegmentedRaftLogWorker.java:<init>(172)) - new 81ae09c3-ec4e-4bf7-bc56-5c1adb625679-SegmentedRaftLogWorker:Storage Directory /workdir/hadoop-ozone/integration-test/target/test-dir/MiniOzoneClusterImpl-b769e16a-867c-4841-9f53-e34879b9b639/datanode-6/data/ratis/47e5a956-55f6-458d-8253-fef494829096 for RaftStorage:Storage Directory /workdir/hadoop-ozone/integration-test/target/test-dir/MiniOzoneClusterImpl-b769e16a-867c-4841-9f53-e34879b9b639/datanode-6/data/ratis/47e5a956-55f6-458d-8253-fef494829096
2019-07-14 11:08:52,059 INFO  server.RaftServerConfigKeys (ConfUtils.java:logGet(43)) - raft.server.log.queue.byte-limit = 2147483647 (custom)
2019-07-14 11:08:52,059 INFO  server.RaftServerConfigKeys (ConfUtils.java:logGet(43)) - raft.server.log.queue.element-limit = 1024 (custom)
2019-07-14 11:08:52,059 INFO  server.RaftServerConfigKeys (ConfUtils.java:logGet(43)) - raft.server.log.segment.size.max = 1048576 (custom)
2019-07-14 11:08:52,059 INFO  server.RaftServerConfigKeys (ConfUtils.java:logGet(43)) - raft.server.log.preallocated.size = 16384 (custom)
2019-07-14 11:08:52,059 INFO  server.RaftServerConfigKeys (ConfUtils.java:logGet(43)) - raft.server.log.write.buffer.size = 33554432 (custom)
2019-07-14 11:08:52,060 INFO  server.RaftServerConfigKeys (ConfUtils.java:logGet(43)) - raft.server.log.force.sync.num = 128 (default)
2019-07-14 11:08:52,060 INFO  server.RaftServerConfigKeys (ConfUtils.java:logGet(43)) - raft.server.log.statemachine.data.sync = true (default)
2019-07-14 11:08:52,060 INFO  server.RaftServerConfigKeys (ConfUtils.java:logGet(43)) - raft.server.log.statemachine.data.sync.timeout = 10s (default)
2019-07-14 11:08:52,060 INFO  server.RaftServerConfigKeys (ConfUtils.java:logGet(43)) - raft.server.log.statemachine.data.sync.timeout.retry = -1 (default)
2019-07-14 11:08:52,060 INFO  server.RaftServerConfigKeys (ConfUtils.java:logGet(43)) - raft.server.log.statemachine.data.caching.enabled = true (custom)
2019-07-14 11:08:52,061 INFO  segmented.SegmentedRaftLogWorker (SegmentedRaftLogWorker.java:lambda$new$0(132)) - 81ae09c3-ec4e-4bf7-bc56-5c1adb625679-SegmentedRaftLogWorker:Storage Directory /workdir/hadoop-ozone/integration-test/target/test-dir/MiniOzoneClusterImpl-b769e16a-867c-4841-9f53-e34879b9b639/datanode-6/data/ratis/47e5a956-55f6-458d-8253-fef494829096: flushIndex: setUnconditionally 0 -> -1
2019-07-14 11:08:52,061 INFO  server.RaftServerConfigKeys (ConfUtils.java:logGet(43)) - raft.server.snapshot.auto.trigger.enabled = true (custom)
2019-07-14 11:08:52,061 INFO  server.RaftServerConfigKeys (ConfUtils.java:logGet(43)) - raft.server.snapshot.auto.trigger.threshold = 10000 (custom)
2019-07-14 11:08:52,061 INFO  server.RaftServerConfigKeys (ConfUtils.java:logGet(43)) - raft.server.retrycache.expirytime = 600000ms (custom)
2019-07-14 11:08:52,062 INFO  impl.RaftServerImpl (RaftServerImpl.java:start(180)) - 81ae09c3-ec4e-4bf7-bc56-5c1adb625679: start group-FEF494829096
2019-07-14 11:08:52,062 INFO  impl.RaftServerImpl (RaftServerImpl.java:setRole(171)) - 81ae09c3-ec4e-4bf7-bc56-5c1adb625679:group-FEF494829096 changes role from null to FOLLOWER at term 0 for startAsFollower
2019-07-14 11:08:52,062 INFO  impl.RoleInfo (RoleInfo.java:updateAndGet(143)) - 81ae09c3-ec4e-4bf7-bc56-5c1adb625679: start FollowerState
2019-07-14 11:08:52,062 INFO  util.JmxRegister (JmxRegister.java:tryRegister(44)) - Successfully registered JMX Bean with object name Ratis:service=RaftServer,group=group-FEF494829096,id=81ae09c3-ec4e-4bf7-bc56-5c1adb625679
2019-07-14 11:08:52,064 INFO  pipeline.PipelineStateManager (PipelineStateManager.java:addPipeline(56)) - Created pipeline Pipeline[ Id: 47e5a956-55f6-458d-8253-fef494829096, Nodes: 81ae09c3-ec4e-4bf7-bc56-5c1adb625679{ip: 192.168.157.209, host: trunk-nightly-fxmrv-2540794721, networkLocation: /default-rack, certSerialId: null}, Type:RATIS, Factor:ONE, State:OPEN]
2019-07-14 11:08:52,079 INFO  client.GrpcClientProtocolClient (GrpcClientProtocolClient.java:onNext(255)) - client-4DDDCEFE44B0->f296797d-749e-4308-b8db-39d6f9660560: receive RaftClientReply:client-4DDDCEFE44B0->f296797d-749e-4308-b8db-39d6f9660560@group-5C8DAF6BD76D, cid=272, FAILED org.apache.ratis.protocol.NotLeaderException: Server f296797d-749e-4308-b8db-39d6f9660560 is not the leader (null). Request must be sent to leader., logIndex=0, commits[f296797d-749e-4308-b8db-39d6f9660560:c-1]
2019-07-14 11:08:53,104 INFO  client.GrpcClientProtocolClient (GrpcClientProtocolClient.java:onNext(255)) - client-4DDDCEFE44B0->665fa842-ba79-45b7-af82-2a2d5438b243: receive RaftClientReply:client-4DDDCEFE44B0->665fa842-ba79-45b7-af82-2a2d5438b243@group-5C8DAF6BD76D, cid=272, FAILED org.apache.ratis.protocol.NotLeaderException: Server 665fa842-ba79-45b7-af82-2a2d5438b243 is not the leader (null). Request must be sent to leader., logIndex=0, commits[665fa842-ba79-45b7-af82-2a2d5438b243:c-1]
2019-07-14 11:08:53,980 INFO  container.ReplicationManager (ReplicationManager.java:start(155)) - Starting Replication Monitor Thread.
2019-07-14 11:08:53,984 INFO  container.ReplicationManager (ReplicationManager.java:run(207)) - Replication Monitor Thread took 1 milliseconds for processing 1 containers.
2019-07-14 11:08:54,112 INFO  client.GrpcClientProtocolClient (GrpcClientProtocolClient.java:onNext(255)) - client-4DDDCEFE44B0->f296797d-749e-4308-b8db-39d6f9660560: receive RaftClientReply:client-4DDDCEFE44B0->f296797d-749e-4308-b8db-39d6f9660560@group-5C8DAF6BD76D, cid=272, FAILED org.apache.ratis.protocol.NotLeaderException: Server f296797d-749e-4308-b8db-39d6f9660560 is not the leader (null). Request must be sent to leader., logIndex=0, commits[f296797d-749e-4308-b8db-39d6f9660560:c-1]
2019-07-14 11:08:55,124 INFO  client.GrpcClientProtocolClient (GrpcClientProtocolClient.java:onNext(255)) - client-4DDDCEFE44B0->b3c26f84-ced4-4ded-89e0-27fb4ce92002: receive RaftClientReply:client-4DDDCEFE44B0->b3c26f84-ced4-4ded-89e0-27fb4ce92002@group-5C8DAF6BD76D, cid=272, FAILED org.apache.ratis.protocol.NotLeaderException: Server b3c26f84-ced4-4ded-89e0-27fb4ce92002 is not the leader (null). Request must be sent to leader., logIndex=0, commits[b3c26f84-ced4-4ded-89e0-27fb4ce92002:c-1]
2019-07-14 11:08:56,135 INFO  client.GrpcClientProtocolClient (GrpcClientProtocolClient.java:onNext(255)) - client-4DDDCEFE44B0->665fa842-ba79-45b7-af82-2a2d5438b243: receive RaftClientReply:client-4DDDCEFE44B0->665fa842-ba79-45b7-af82-2a2d5438b243@group-5C8DAF6BD76D, cid=272, FAILED org.apache.ratis.protocol.NotLeaderException: Server 665fa842-ba79-45b7-af82-2a2d5438b243 is not the leader (null). Request must be sent to leader., logIndex=0, commits[665fa842-ba79-45b7-af82-2a2d5438b243:c-1]
2019-07-14 11:08:56,196 INFO  impl.FollowerState (FollowerState.java:run(106)) - 665fa842-ba79-45b7-af82-2a2d5438b243:group-C2A35888879D changes to CANDIDATE, lastRpcTime:5003, electionTimeout:5003ms
2019-07-14 11:08:56,197 INFO  impl.RoleInfo (RoleInfo.java:shutdownFollowerState(121)) - 665fa842-ba79-45b7-af82-2a2d5438b243: shutdown FollowerState
2019-07-14 11:08:56,197 INFO  impl.RaftServerImpl (RaftServerImpl.java:setRole(171)) - 665fa842-ba79-45b7-af82-2a2d5438b243:group-C2A35888879D changes role from FOLLOWER to CANDIDATE at term 0 for changeToCandidate
2019-07-14 11:08:56,197 INFO  impl.RoleInfo (RoleInfo.java:updateAndGet(143)) - 665fa842-ba79-45b7-af82-2a2d5438b243: start LeaderElection
2019-07-14 11:08:56,219 INFO  impl.LeaderElection (LeaderElection.java:askForVotes(181)) - 665fa842-ba79-45b7-af82-2a2d5438b243:group-C2A35888879D:LeaderElection121: begin an election at term 1 for -1: [665fa842-ba79-45b7-af82-2a2d5438b243:192.168.157.209:44896], old=null
2019-07-14 11:08:56,219 INFO  impl.RoleInfo (RoleInfo.java:shutdownLeaderElection(134)) - 665fa842-ba79-45b7-af82-2a2d5438b243: shutdown LeaderElection
2019-07-14 11:08:56,219 INFO  impl.RaftServerImpl (RaftServerImpl.java:setRole(171)) - 665fa842-ba79-45b7-af82-2a2d5438b243:group-C2A35888879D changes role from CANDIDATE to LEADER at term 1 for changeToLeader
2019-07-14 11:08:56,220 INFO  impl.RaftServerImpl (ServerState.java:setLeader(263)) - 665fa842-ba79-45b7-af82-2a2d5438b243:group-C2A35888879D change Leader from null to 665fa842-ba79-45b7-af82-2a2d5438b243 at term 1 for becomeLeader, leader elected after 5043ms
2019-07-14 11:08:56,222 INFO  server.RaftServerConfigKeys (ConfUtils.java:logGet(43)) - raft.server.staging.catchup.gap = 1000 (default)
2019-07-14 11:08:56,222 INFO  server.RaftServerConfigKeys (ConfUtils.java:logGet(43)) - raft.server.rpc.sleep.time = 25ms (default)
2019-07-14 11:08:56,222 INFO  server.RaftServerConfigKeys (ConfUtils.java:logGet(43)) - raft.server.write.element-limit = 4096 (default)
2019-07-14 11:08:56,223 INFO  server.RaftServerConfigKeys (ConfUtils.java:logGet(43)) - raft.server.watch.timeout = 10s (default)
2019-07-14 11:08:56,223 INFO  server.RaftServerConfigKeys (ConfUtils.java:logGet(43)) - raft.server.watch.timeout.denomination = 1s (default)
2019-07-14 11:08:56,223 INFO  server.RaftServerConfigKeys (ConfUtils.java:logGet(43)) - raft.server.watch.element-limit = 65536 (default)
2019-07-14 11:08:56,223 INFO  impl.RoleInfo (RoleInfo.java:updateAndGet(143)) - 665fa842-ba79-45b7-af82-2a2d5438b243: start LeaderState
2019-07-14 11:08:56,223 INFO  segmented.SegmentedRaftLogWorker (SegmentedRaftLogWorker.java:startLogSegment(380)) - 665fa842-ba79-45b7-af82-2a2d5438b243-SegmentedRaftLogWorker:Storage Directory /workdir/hadoop-ozone/integration-test/target/test-dir/MiniOzoneClusterImpl-b769e16a-867c-4841-9f53-e34879b9b639/datanode-0/data/ratis/5dd41565-60ae-48cb-bdd2-c2a35888879d: Starting segment from index:0
2019-07-14 11:08:56,225 INFO  impl.RaftServerImpl (ServerState.java:setRaftConf(361)) - 665fa842-ba79-45b7-af82-2a2d5438b243:group-C2A35888879D set configuration 0: [665fa842-ba79-45b7-af82-2a2d5438b243:192.168.157.209:44896], old=null at 0
2019-07-14 11:08:56,256 INFO  segmented.SegmentedRaftLogWorker (SegmentedRaftLogWorker.java:execute(569)) - 665fa842-ba79-45b7-af82-2a2d5438b243-SegmentedRaftLogWorker:Storage Directory /workdir/hadoop-ozone/integration-test/target/test-dir/MiniOzoneClusterImpl-b769e16a-867c-4841-9f53-e34879b9b639/datanode-0/data/ratis/5dd41565-60ae-48cb-bdd2-c2a35888879d: created new log segment /workdir/hadoop-ozone/integration-test/target/test-dir/MiniOzoneClusterImpl-b769e16a-867c-4841-9f53-e34879b9b639/datanode-0/data/ratis/5dd41565-60ae-48cb-bdd2-c2a35888879d/current/log_inprogress_0
2019-07-14 11:08:56,266 INFO  impl.FollowerState (FollowerState.java:run(106)) - f296797d-749e-4308-b8db-39d6f9660560:group-3AF67671DCC8 changes to CANDIDATE, lastRpcTime:5026, electionTimeout:5026ms
2019-07-14 11:08:56,266 INFO  impl.RoleInfo (RoleInfo.java:shutdownFollowerState(121)) - f296797d-749e-4308-b8db-39d6f9660560: shutdown FollowerState
2019-07-14 11:08:56,266 INFO  impl.RaftServerImpl (RaftServerImpl.java:setRole(171)) - f296797d-749e-4308-b8db-39d6f9660560:group-3AF67671DCC8 changes role from FOLLOWER to CANDIDATE at term 0 for changeToCandidate
2019-07-14 11:08:56,266 INFO  impl.RoleInfo (RoleInfo.java:updateAndGet(143)) - f296797d-749e-4308-b8db-39d6f9660560: start LeaderElection
2019-07-14 11:08:56,304 INFO  impl.LeaderElection (LeaderElection.java:askForVotes(181)) - f296797d-749e-4308-b8db-39d6f9660560:group-3AF67671DCC8:LeaderElection122: begin an election at term 1 for -1: [f296797d-749e-4308-b8db-39d6f9660560:192.168.157.209:44535], old=null
2019-07-14 11:08:56,304 INFO  impl.RoleInfo (RoleInfo.java:shutdownLeaderElection(134)) - f296797d-749e-4308-b8db-39d6f9660560: shutdown LeaderElection
2019-07-14 11:08:56,304 INFO  impl.RaftServerImpl (RaftServerImpl.java:setRole(171)) - f296797d-749e-4308-b8db-39d6f9660560:group-3AF67671DCC8 changes role from CANDIDATE to LEADER at term 1 for changeToLeader
2019-07-14 11:08:56,305 INFO  impl.RaftServerImpl (ServerState.java:setLeader(263)) - f296797d-749e-4308-b8db-39d6f9660560:group-3AF67671DCC8 change Leader from null to f296797d-749e-4308-b8db-39d6f9660560 at term 1 for becomeLeader, leader elected after 5069ms
2019-07-14 11:08:56,307 INFO  server.RaftServerConfigKeys (ConfUtils.java:logGet(43)) - raft.server.staging.catchup.gap = 1000 (default)
2019-07-14 11:08:56,307 INFO  server.RaftServerConfigKeys (ConfUtils.java:logGet(43)) - raft.server.rpc.sleep.time = 25ms (default)
2019-07-14 11:08:56,307 INFO  server.RaftServerConfigKeys (ConfUtils.java:logGet(43)) - raft.server.write.element-limit = 4096 (default)
2019-07-14 11:08:56,308 INFO  server.RaftServerConfigKeys (ConfUtils.java:logGet(43)) - raft.server.watch.timeout = 10s (default)
2019-07-14 11:08:56,308 INFO  server.RaftServerConfigKeys (ConfUtils.java:logGet(43)) - raft.server.watch.timeout.denomination = 1s (default)
2019-07-14 11:08:56,308 INFO  server.RaftServerConfigKeys (ConfUtils.java:logGet(43)) - raft.server.watch.element-limit = 65536 (default)
2019-07-14 11:08:56,308 INFO  impl.RoleInfo (RoleInfo.java:updateAndGet(143)) - f296797d-749e-4308-b8db-39d6f9660560: start LeaderState
2019-07-14 11:08:56,308 INFO  segmented.SegmentedRaftLogWorker (SegmentedRaftLogWorker.java:startLogSegment(380)) - f296797d-749e-4308-b8db-39d6f9660560-SegmentedRaftLogWorker:Storage Directory /workdir/hadoop-ozone/integration-test/target/test-dir/MiniOzoneClusterImpl-b769e16a-867c-4841-9f53-e34879b9b639/datanode-1/data/ratis/14775844-fa73-4a94-adf1-3af67671dcc8: Starting segment from index:0
2019-07-14 11:08:56,309 INFO  impl.RaftServerImpl (ServerState.java:setRaftConf(361)) - f296797d-749e-4308-b8db-39d6f9660560:group-3AF67671DCC8 set configuration 0: [f296797d-749e-4308-b8db-39d6f9660560:192.168.157.209:44535], old=null at 0
2019-07-14 11:08:56,340 INFO  segmented.SegmentedRaftLogWorker (SegmentedRaftLogWorker.java:execute(569)) - f296797d-749e-4308-b8db-39d6f9660560-SegmentedRaftLogWorker:Storage Directory /workdir/hadoop-ozone/integration-test/target/test-dir/MiniOzoneClusterImpl-b769e16a-867c-4841-9f53-e34879b9b639/datanode-1/data/ratis/14775844-fa73-4a94-adf1-3af67671dcc8: created new log segment /workdir/hadoop-ozone/integration-test/target/test-dir/MiniOzoneClusterImpl-b769e16a-867c-4841-9f53-e34879b9b639/datanode-1/data/ratis/14775844-fa73-4a94-adf1-3af67671dcc8/current/log_inprogress_0
2019-07-14 11:08:56,402 INFO  impl.FollowerState (FollowerState.java:run(106)) - f296797d-749e-4308-b8db-39d6f9660560:group-5C8DAF6BD76D changes to CANDIDATE, lastRpcTime:5013, electionTimeout:5013ms
2019-07-14 11:08:56,402 INFO  impl.RoleInfo (RoleInfo.java:shutdownFollowerState(121)) - f296797d-749e-4308-b8db-39d6f9660560: shutdown FollowerState
2019-07-14 11:08:56,402 INFO  impl.RaftServerImpl (RaftServerImpl.java:setRole(171)) - f296797d-749e-4308-b8db-39d6f9660560:group-5C8DAF6BD76D changes role from FOLLOWER to CANDIDATE at term 0 for changeToCandidate
2019-07-14 11:08:56,402 INFO  impl.RoleInfo (RoleInfo.java:updateAndGet(143)) - f296797d-749e-4308-b8db-39d6f9660560: start LeaderElection
2019-07-14 11:08:56,419 INFO  impl.LeaderElection (LeaderElection.java:askForVotes(181)) - f296797d-749e-4308-b8db-39d6f9660560:group-5C8DAF6BD76D:LeaderElection123: begin an election at term 1 for -1: [b3c26f84-ced4-4ded-89e0-27fb4ce92002:192.168.157.209:43029, f296797d-749e-4308-b8db-39d6f9660560:192.168.157.209:44535, 665fa842-ba79-45b7-af82-2a2d5438b243:192.168.157.209:44896], old=null
2019-07-14 11:08:56,425 INFO  impl.RaftServerImpl (RaftServerImpl.java:setRole(171)) - b3c26f84-ced4-4ded-89e0-27fb4ce92002:group-5C8DAF6BD76D changes role from FOLLOWER to FOLLOWER at term 1 for recognizeCandidate:f296797d-749e-4308-b8db-39d6f9660560
2019-07-14 11:08:56,425 INFO  impl.RaftServerImpl (RaftServerImpl.java:setRole(171)) - 665fa842-ba79-45b7-af82-2a2d5438b243:group-5C8DAF6BD76D changes role from FOLLOWER to FOLLOWER at term 1 for recognizeCandidate:f296797d-749e-4308-b8db-39d6f9660560
2019-07-14 11:08:56,426 INFO  impl.RoleInfo (RoleInfo.java:shutdownFollowerState(121)) - b3c26f84-ced4-4ded-89e0-27fb4ce92002: shutdown FollowerState
2019-07-14 11:08:56,426 INFO  impl.RoleInfo (RoleInfo.java:shutdownFollowerState(121)) - 665fa842-ba79-45b7-af82-2a2d5438b243: shutdown FollowerState
2019-07-14 11:08:56,426 INFO  impl.FollowerState (FollowerState.java:run(114)) - b3c26f84-ced4-4ded-89e0-27fb4ce92002: FollowerState was interrupted: java.lang.InterruptedException: sleep interrupted
2019-07-14 11:08:56,426 INFO  impl.RoleInfo (RoleInfo.java:updateAndGet(143)) - b3c26f84-ced4-4ded-89e0-27fb4ce92002: start FollowerState
2019-07-14 11:08:56,426 INFO  impl.FollowerState (FollowerState.java:run(114)) - 665fa842-ba79-45b7-af82-2a2d5438b243: FollowerState was interrupted: java.lang.InterruptedException: sleep interrupted
2019-07-14 11:08:56,426 INFO  impl.RoleInfo (RoleInfo.java:updateAndGet(143)) - 665fa842-ba79-45b7-af82-2a2d5438b243: start FollowerState
2019-07-14 11:08:56,441 INFO  impl.LeaderElection (LeaderElection.java:logAndReturn(56)) - f296797d-749e-4308-b8db-39d6f9660560:group-5C8DAF6BD76D:LeaderElection123: Election PASSED; received 1 response(s) [f296797d-749e-4308-b8db-39d6f9660560<-b3c26f84-ced4-4ded-89e0-27fb4ce92002#0:OK-t1] and 0 exception(s); f296797d-749e-4308-b8db-39d6f9660560:t1, leader=null, voted=f296797d-749e-4308-b8db-39d6f9660560, raftlog=f296797d-749e-4308-b8db-39d6f9660560-SegmentedRaftLog:OPENED:c-1,f-1,i0, conf=-1: [b3c26f84-ced4-4ded-89e0-27fb4ce92002:192.168.157.209:43029, f296797d-749e-4308-b8db-39d6f9660560:192.168.157.209:44535, 665fa842-ba79-45b7-af82-2a2d5438b243:192.168.157.209:44896], old=null
2019-07-14 11:08:56,441 INFO  impl.RoleInfo (RoleInfo.java:shutdownLeaderElection(134)) - f296797d-749e-4308-b8db-39d6f9660560: shutdown LeaderElection
2019-07-14 11:08:56,441 INFO  impl.RaftServerImpl (RaftServerImpl.java:setRole(171)) - f296797d-749e-4308-b8db-39d6f9660560:group-5C8DAF6BD76D changes role from CANDIDATE to LEADER at term 1 for changeToLeader
2019-07-14 11:08:56,441 INFO  impl.RaftServerImpl (ServerState.java:setLeader(263)) - f296797d-749e-4308-b8db-39d6f9660560:group-5C8DAF6BD76D change Leader from null to f296797d-749e-4308-b8db-39d6f9660560 at term 1 for becomeLeader, leader elected after 5060ms
2019-07-14 11:08:56,442 INFO  server.RaftServerConfigKeys (ConfUtils.java:logGet(43)) - raft.server.staging.catchup.gap = 1000 (default)
2019-07-14 11:08:56,442 INFO  server.RaftServerConfigKeys (ConfUtils.java:logGet(43)) - raft.server.rpc.sleep.time = 25ms (default)
2019-07-14 11:08:56,442 INFO  server.RaftServerConfigKeys (ConfUtils.java:logGet(43)) - raft.server.write.element-limit = 4096 (default)
2019-07-14 11:08:56,442 INFO  server.RaftServerConfigKeys (ConfUtils.java:logGet(43)) - raft.server.watch.timeout = 10s (default)
2019-07-14 11:08:56,442 INFO  server.RaftServerConfigKeys (ConfUtils.java:logGet(43)) - raft.server.watch.timeout.denomination = 1s (default)
2019-07-14 11:08:56,442 INFO  server.RaftServerConfigKeys (ConfUtils.java:logGet(43)) - raft.server.watch.element-limit = 65536 (default)
2019-07-14 11:08:56,443 INFO  server.RaftServerConfigKeys (ConfUtils.java:logGet(43)) - raft.server.log.appender.snapshot.chunk.size.max = 16MB (=16777216) (default)
2019-07-14 11:08:56,443 INFO  server.RaftServerConfigKeys (ConfUtils.java:logGet(43)) - raft.server.log.appender.buffer.byte-limit = 33554432 (custom)
2019-07-14 11:08:56,443 INFO  server.RaftServerConfigKeys (ConfUtils.java:logGet(43)) - raft.server.log.appender.buffer.element-limit = 1 (custom)
2019-07-14 11:08:56,443 INFO  grpc.GrpcConfigKeys$Server (ConfUtils.java:logGet(43)) - raft.grpc.server.leader.outstanding.appends.max = 128 (default)
2019-07-14 11:08:56,443 INFO  server.RaftServerConfigKeys (ConfUtils.java:logGet(43)) - raft.server.rpc.request.timeout = 3000ms (default)
2019-07-14 11:08:56,443 INFO  server.RaftServerConfigKeys (ConfUtils.java:logGet(43)) - raft.server.log.appender.install.snapshot.enabled = false (custom)
2019-07-14 11:08:56,444 INFO  server.RaftServerConfigKeys (ConfUtils.java:logGet(43)) - raft.server.log.appender.snapshot.chunk.size.max = 16MB (=16777216) (default)
2019-07-14 11:08:56,444 INFO  server.RaftServerConfigKeys (ConfUtils.java:logGet(43)) - raft.server.log.appender.buffer.byte-limit = 33554432 (custom)
2019-07-14 11:08:56,444 INFO  server.RaftServerConfigKeys (ConfUtils.java:logGet(43)) - raft.server.log.appender.buffer.element-limit = 1 (custom)
2019-07-14 11:08:56,444 INFO  grpc.GrpcConfigKeys$Server (ConfUtils.java:logGet(43)) - raft.grpc.server.leader.outstanding.appends.max = 128 (default)
2019-07-14 11:08:56,444 INFO  server.RaftServerConfigKeys (ConfUtils.java:logGet(43)) - raft.server.rpc.request.timeout = 3000ms (default)
2019-07-14 11:08:56,444 INFO  server.RaftServerConfigKeys (ConfUtils.java:logGet(43)) - raft.server.log.appender.install.snapshot.enabled = false (custom)
2019-07-14 11:08:56,445 INFO  impl.RoleInfo (RoleInfo.java:updateAndGet(143)) - f296797d-749e-4308-b8db-39d6f9660560: start LeaderState
2019-07-14 11:08:56,445 INFO  segmented.SegmentedRaftLogWorker (SegmentedRaftLogWorker.java:startLogSegment(380)) - f296797d-749e-4308-b8db-39d6f9660560-SegmentedRaftLogWorker:Storage Directory /workdir/hadoop-ozone/integration-test/target/test-dir/MiniOzoneClusterImpl-b769e16a-867c-4841-9f53-e34879b9b639/datanode-1/data/ratis/fe27d62f-e19e-454a-900c-5c8daf6bd76d: Starting segment from index:0
2019-07-14 11:08:56,446 INFO  impl.RaftServerImpl (ServerState.java:setRaftConf(361)) - f296797d-749e-4308-b8db-39d6f9660560:group-5C8DAF6BD76D set configuration 0: [b3c26f84-ced4-4ded-89e0-27fb4ce92002:192.168.157.209:43029, f296797d-749e-4308-b8db-39d6f9660560:192.168.157.209:44535, 665fa842-ba79-45b7-af82-2a2d5438b243:192.168.157.209:44896], old=null at 0
2019-07-14 11:08:56,447 INFO  impl.RaftServerImpl (ServerState.java:setLeader(263)) - b3c26f84-ced4-4ded-89e0-27fb4ce92002:group-5C8DAF6BD76D change Leader from null to f296797d-749e-4308-b8db-39d6f9660560 at term 1 for appendEntries, leader elected after 5065ms
2019-07-14 11:08:56,447 INFO  impl.RaftServerImpl (ServerState.java:setLeader(263)) - 665fa842-ba79-45b7-af82-2a2d5438b243:group-5C8DAF6BD76D change Leader from null to f296797d-749e-4308-b8db-39d6f9660560 at term 1 for appendEntries, leader elected after 5065ms
2019-07-14 11:08:56,466 INFO  impl.FollowerState (FollowerState.java:run(106)) - b3c26f84-ced4-4ded-89e0-27fb4ce92002:group-BD015D498E0C changes to CANDIDATE, lastRpcTime:5132, electionTimeout:5123ms
2019-07-14 11:08:56,466 INFO  impl.RoleInfo (RoleInfo.java:shutdownFollowerState(121)) - b3c26f84-ced4-4ded-89e0-27fb4ce92002: shutdown FollowerState
2019-07-14 11:08:56,466 INFO  impl.RaftServerImpl (RaftServerImpl.java:setRole(171)) - b3c26f84-ced4-4ded-89e0-27fb4ce92002:group-BD015D498E0C changes role from FOLLOWER to CANDIDATE at term 0 for changeToCandidate
2019-07-14 11:08:56,466 INFO  impl.RoleInfo (RoleInfo.java:updateAndGet(143)) - b3c26f84-ced4-4ded-89e0-27fb4ce92002: start LeaderElection
2019-07-14 11:08:56,475 INFO  impl.RaftServerImpl (ServerState.java:setRaftConf(361)) - b3c26f84-ced4-4ded-89e0-27fb4ce92002:group-5C8DAF6BD76D set configuration 0: [b3c26f84-ced4-4ded-89e0-27fb4ce92002:192.168.157.209:43029, f296797d-749e-4308-b8db-39d6f9660560:192.168.157.209:44535, 665fa842-ba79-45b7-af82-2a2d5438b243:192.168.157.209:44896], old=null at 0
2019-07-14 11:08:56,475 INFO  segmented.SegmentedRaftLogWorker (SegmentedRaftLogWorker.java:startLogSegment(380)) - b3c26f84-ced4-4ded-89e0-27fb4ce92002-SegmentedRaftLogWorker:Storage Directory /workdir/hadoop-ozone/integration-test/target/test-dir/MiniOzoneClusterImpl-b769e16a-867c-4841-9f53-e34879b9b639/datanode-2/data/ratis/fe27d62f-e19e-454a-900c-5c8daf6bd76d: Starting segment from index:0
2019-07-14 11:08:56,475 INFO  impl.RaftServerImpl (ServerState.java:setRaftConf(361)) - 665fa842-ba79-45b7-af82-2a2d5438b243:group-5C8DAF6BD76D set configuration 0: [b3c26f84-ced4-4ded-89e0-27fb4ce92002:192.168.157.209:43029, f296797d-749e-4308-b8db-39d6f9660560:192.168.157.209:44535, 665fa842-ba79-45b7-af82-2a2d5438b243:192.168.157.209:44896], old=null at 0
2019-07-14 11:08:56,476 INFO  segmented.SegmentedRaftLogWorker (SegmentedRaftLogWorker.java:startLogSegment(380)) - 665fa842-ba79-45b7-af82-2a2d5438b243-SegmentedRaftLogWorker:Storage Directory /workdir/hadoop-ozone/integration-test/target/test-dir/MiniOzoneClusterImpl-b769e16a-867c-4841-9f53-e34879b9b639/datanode-0/data/ratis/fe27d62f-e19e-454a-900c-5c8daf6bd76d: Starting segment from index:0
2019-07-14 11:08:56,479 INFO  segmented.SegmentedRaftLogWorker (SegmentedRaftLogWorker.java:execute(569)) - f296797d-749e-4308-b8db-39d6f9660560-SegmentedRaftLogWorker:Storage Directory /workdir/hadoop-ozone/integration-test/target/test-dir/MiniOzoneClusterImpl-b769e16a-867c-4841-9f53-e34879b9b639/datanode-1/data/ratis/fe27d62f-e19e-454a-900c-5c8daf6bd76d: created new log segment /workdir/hadoop-ozone/integration-test/target/test-dir/MiniOzoneClusterImpl-b769e16a-867c-4841-9f53-e34879b9b639/datanode-1/data/ratis/fe27d62f-e19e-454a-900c-5c8daf6bd76d/current/log_inprogress_0
2019-07-14 11:08:56,479 INFO  impl.LeaderElection (LeaderElection.java:askForVotes(181)) - b3c26f84-ced4-4ded-89e0-27fb4ce92002:group-BD015D498E0C:LeaderElection124: begin an election at term 1 for -1: [b3c26f84-ced4-4ded-89e0-27fb4ce92002:192.168.157.209:43029], old=null
2019-07-14 11:08:56,479 INFO  impl.RoleInfo (RoleInfo.java:shutdownLeaderElection(134)) - b3c26f84-ced4-4ded-89e0-27fb4ce92002: shutdown LeaderElection
2019-07-14 11:08:56,479 INFO  impl.RaftServerImpl (RaftServerImpl.java:setRole(171)) - b3c26f84-ced4-4ded-89e0-27fb4ce92002:group-BD015D498E0C changes role from CANDIDATE to LEADER at term 1 for changeToLeader
2019-07-14 11:08:56,479 INFO  impl.RaftServerImpl (ServerState.java:setLeader(263)) - b3c26f84-ced4-4ded-89e0-27fb4ce92002:group-BD015D498E0C change Leader from null to b3c26f84-ced4-4ded-89e0-27fb4ce92002 at term 1 for becomeLeader, leader elected after 5149ms
2019-07-14 11:08:56,497 INFO  server.RaftServerConfigKeys (ConfUtils.java:logGet(43)) - raft.server.staging.catchup.gap = 1000 (default)
2019-07-14 11:08:56,497 INFO  server.RaftServerConfigKeys (ConfUtils.java:logGet(43)) - raft.server.rpc.sleep.time = 25ms (default)
2019-07-14 11:08:56,497 INFO  server.RaftServerConfigKeys (ConfUtils.java:logGet(43)) - raft.server.write.element-limit = 4096 (default)
2019-07-14 11:08:56,497 INFO  server.RaftServerConfigKeys (ConfUtils.java:logGet(43)) - raft.server.watch.timeout = 10s (default)
2019-07-14 11:08:56,498 INFO  server.RaftServerConfigKeys (ConfUtils.java:logGet(43)) - raft.server.watch.timeout.denomination = 1s (default)
2019-07-14 11:08:56,498 INFO  server.RaftServerConfigKeys (ConfUtils.java:logGet(43)) - raft.server.watch.element-limit = 65536 (default)
2019-07-14 11:08:56,498 INFO  impl.RoleInfo (RoleInfo.java:updateAndGet(143)) - b3c26f84-ced4-4ded-89e0-27fb4ce92002: start LeaderState
2019-07-14 11:08:56,498 INFO  segmented.SegmentedRaftLogWorker (SegmentedRaftLogWorker.java:startLogSegment(380)) - b3c26f84-ced4-4ded-89e0-27fb4ce92002-SegmentedRaftLogWorker:Storage Directory /workdir/hadoop-ozone/integration-test/target/test-dir/MiniOzoneClusterImpl-b769e16a-867c-4841-9f53-e34879b9b639/datanode-2/data/ratis/6e01d154-0d5c-40ca-a958-bd015d498e0c: Starting segment from index:0
2019-07-14 11:08:56,499 INFO  impl.RaftServerImpl (ServerState.java:setRaftConf(361)) - b3c26f84-ced4-4ded-89e0-27fb4ce92002:group-BD015D498E0C set configuration 0: [b3c26f84-ced4-4ded-89e0-27fb4ce92002:192.168.157.209:43029], old=null at 0
2019-07-14 11:08:56,502 INFO  segmented.SegmentedRaftLogWorker (SegmentedRaftLogWorker.java:execute(569)) - 665fa842-ba79-45b7-af82-2a2d5438b243-SegmentedRaftLogWorker:Storage Directory /workdir/hadoop-ozone/integration-test/target/test-dir/MiniOzoneClusterImpl-b769e16a-867c-4841-9f53-e34879b9b639/datanode-0/data/ratis/fe27d62f-e19e-454a-900c-5c8daf6bd76d: created new log segment /workdir/hadoop-ozone/integration-test/target/test-dir/MiniOzoneClusterImpl-b769e16a-867c-4841-9f53-e34879b9b639/datanode-0/data/ratis/fe27d62f-e19e-454a-900c-5c8daf6bd76d/current/log_inprogress_0
2019-07-14 11:08:56,502 INFO  segmented.SegmentedRaftLogWorker (SegmentedRaftLogWorker.java:execute(569)) - b3c26f84-ced4-4ded-89e0-27fb4ce92002-SegmentedRaftLogWorker:Storage Directory /workdir/hadoop-ozone/integration-test/target/test-dir/MiniOzoneClusterImpl-b769e16a-867c-4841-9f53-e34879b9b639/datanode-2/data/ratis/fe27d62f-e19e-454a-900c-5c8daf6bd76d: created new log segment /workdir/hadoop-ozone/integration-test/target/test-dir/MiniOzoneClusterImpl-b769e16a-867c-4841-9f53-e34879b9b639/datanode-2/data/ratis/fe27d62f-e19e-454a-900c-5c8daf6bd76d/current/log_inprogress_0
2019-07-14 11:08:56,529 INFO  segmented.SegmentedRaftLogWorker (SegmentedRaftLogWorker.java:execute(569)) - b3c26f84-ced4-4ded-89e0-27fb4ce92002-SegmentedRaftLogWorker:Storage Directory /workdir/hadoop-ozone/integration-test/target/test-dir/MiniOzoneClusterImpl-b769e16a-867c-4841-9f53-e34879b9b639/datanode-2/data/ratis/6e01d154-0d5c-40ca-a958-bd015d498e0c: created new log segment /workdir/hadoop-ozone/integration-test/target/test-dir/MiniOzoneClusterImpl-b769e16a-867c-4841-9f53-e34879b9b639/datanode-2/data/ratis/6e01d154-0d5c-40ca-a958-bd015d498e0c/current/log_inprogress_0
2019-07-14 11:08:56,659 INFO  impl.FollowerState (FollowerState.java:run(106)) - 6ce46959-8e32-4e70-a445-cddac5da34a1:group-A2EBC874BD36 changes to CANDIDATE, lastRpcTime:5165, electionTimeout:5165ms
2019-07-14 11:08:56,659 INFO  impl.RoleInfo (RoleInfo.java:shutdownFollowerState(121)) - 6ce46959-8e32-4e70-a445-cddac5da34a1: shutdown FollowerState
2019-07-14 11:08:56,659 INFO  impl.RaftServerImpl (RaftServerImpl.java:setRole(171)) - 6ce46959-8e32-4e70-a445-cddac5da34a1:group-A2EBC874BD36 changes role from FOLLOWER to CANDIDATE at term 0 for changeToCandidate
2019-07-14 11:08:56,660 INFO  impl.RoleInfo (RoleInfo.java:updateAndGet(143)) - 6ce46959-8e32-4e70-a445-cddac5da34a1: start LeaderElection
2019-07-14 11:08:56,679 INFO  impl.LeaderElection (LeaderElection.java:askForVotes(181)) - 6ce46959-8e32-4e70-a445-cddac5da34a1:group-A2EBC874BD36:LeaderElection125: begin an election at term 1 for -1: [6ce46959-8e32-4e70-a445-cddac5da34a1:192.168.157.209:40930], old=null
2019-07-14 11:08:56,679 INFO  impl.RoleInfo (RoleInfo.java:shutdownLeaderElection(134)) - 6ce46959-8e32-4e70-a445-cddac5da34a1: shutdown LeaderElection
2019-07-14 11:08:56,679 INFO  impl.RaftServerImpl (RaftServerImpl.java:setRole(171)) - 6ce46959-8e32-4e70-a445-cddac5da34a1:group-A2EBC874BD36 changes role from CANDIDATE to LEADER at term 1 for changeToLeader
2019-07-14 11:08:56,679 INFO  impl.RaftServerImpl (ServerState.java:setLeader(263)) - 6ce46959-8e32-4e70-a445-cddac5da34a1:group-A2EBC874BD36 change Leader from null to 6ce46959-8e32-4e70-a445-cddac5da34a1 at term 1 for becomeLeader, leader elected after 5189ms
2019-07-14 11:08:56,682 INFO  server.RaftServerConfigKeys (ConfUtils.java:logGet(43)) - raft.server.staging.catchup.gap = 1000 (default)
2019-07-14 11:08:56,682 INFO  server.RaftServerConfigKeys (ConfUtils.java:logGet(43)) - raft.server.rpc.sleep.time = 25ms (default)
2019-07-14 11:08:56,682 INFO  server.RaftServerConfigKeys (ConfUtils.java:logGet(43)) - raft.server.write.element-limit = 4096 (default)
2019-07-14 11:08:56,682 INFO  server.RaftServerConfigKeys (ConfUtils.java:logGet(43)) - raft.server.watch.timeout = 10s (default)
2019-07-14 11:08:56,682 INFO  server.RaftServerConfigKeys (ConfUtils.java:logGet(43)) - raft.server.watch.timeout.denomination = 1s (default)
2019-07-14 11:08:56,683 INFO  server.RaftServerConfigKeys (ConfUtils.java:logGet(43)) - raft.server.watch.element-limit = 65536 (default)
2019-07-14 11:08:56,683 INFO  impl.RoleInfo (RoleInfo.java:updateAndGet(143)) - 6ce46959-8e32-4e70-a445-cddac5da34a1: start LeaderState
2019-07-14 11:08:56,683 INFO  segmented.SegmentedRaftLogWorker (SegmentedRaftLogWorker.java:startLogSegment(380)) - 6ce46959-8e32-4e70-a445-cddac5da34a1-SegmentedRaftLogWorker:Storage Directory /workdir/hadoop-ozone/integration-test/target/test-dir/MiniOzoneClusterImpl-b769e16a-867c-4841-9f53-e34879b9b639/datanode-3/data/ratis/c4bce1e6-3c7d-474d-a06a-a2ebc874bd36: Starting segment from index:0
2019-07-14 11:08:56,683 INFO  impl.RaftServerImpl (ServerState.java:setRaftConf(361)) - 6ce46959-8e32-4e70-a445-cddac5da34a1:group-A2EBC874BD36 set configuration 0: [6ce46959-8e32-4e70-a445-cddac5da34a1:192.168.157.209:40930], old=null at 0
2019-07-14 11:08:56,714 INFO  segmented.SegmentedRaftLogWorker (SegmentedRaftLogWorker.java:execute(569)) - 6ce46959-8e32-4e70-a445-cddac5da34a1-SegmentedRaftLogWorker:Storage Directory /workdir/hadoop-ozone/integration-test/target/test-dir/MiniOzoneClusterImpl-b769e16a-867c-4841-9f53-e34879b9b639/datanode-3/data/ratis/c4bce1e6-3c7d-474d-a06a-a2ebc874bd36: created new log segment /workdir/hadoop-ozone/integration-test/target/test-dir/MiniOzoneClusterImpl-b769e16a-867c-4841-9f53-e34879b9b639/datanode-3/data/ratis/c4bce1e6-3c7d-474d-a06a-a2ebc874bd36/current/log_inprogress_0
2019-07-14 11:08:56,772 INFO  impl.FollowerState (FollowerState.java:run(106)) - 28fe82b7-ebd9-4a2a-8554-bbddc320b8ae:group-A6B1D6A1D5A3 changes to CANDIDATE, lastRpcTime:5105, electionTimeout:5105ms
2019-07-14 11:08:56,772 INFO  impl.RoleInfo (RoleInfo.java:shutdownFollowerState(121)) - 28fe82b7-ebd9-4a2a-8554-bbddc320b8ae: shutdown FollowerState
2019-07-14 11:08:56,772 INFO  impl.RaftServerImpl (RaftServerImpl.java:setRole(171)) - 28fe82b7-ebd9-4a2a-8554-bbddc320b8ae:group-A6B1D6A1D5A3 changes role from FOLLOWER to CANDIDATE at term 0 for changeToCandidate
2019-07-14 11:08:56,773 INFO  impl.RoleInfo (RoleInfo.java:updateAndGet(143)) - 28fe82b7-ebd9-4a2a-8554-bbddc320b8ae: start LeaderElection
2019-07-14 11:08:56,791 INFO  impl.LeaderElection (LeaderElection.java:askForVotes(181)) - 28fe82b7-ebd9-4a2a-8554-bbddc320b8ae:group-A6B1D6A1D5A3:LeaderElection126: begin an election at term 1 for -1: [28fe82b7-ebd9-4a2a-8554-bbddc320b8ae:192.168.157.209:33828], old=null
2019-07-14 11:08:56,791 INFO  impl.RoleInfo (RoleInfo.java:shutdownLeaderElection(134)) - 28fe82b7-ebd9-4a2a-8554-bbddc320b8ae: shutdown LeaderElection
2019-07-14 11:08:56,791 INFO  impl.RaftServerImpl (RaftServerImpl.java:setRole(171)) - 28fe82b7-ebd9-4a2a-8554-bbddc320b8ae:group-A6B1D6A1D5A3 changes role from CANDIDATE to LEADER at term 1 for changeToLeader
2019-07-14 11:08:56,791 INFO  impl.RaftServerImpl (ServerState.java:setLeader(263)) - 28fe82b7-ebd9-4a2a-8554-bbddc320b8ae:group-A6B1D6A1D5A3 change Leader from null to 28fe82b7-ebd9-4a2a-8554-bbddc320b8ae at term 1 for becomeLeader, leader elected after 5129ms
2019-07-14 11:08:56,794 INFO  server.RaftServerConfigKeys (ConfUtils.java:logGet(43)) - raft.server.staging.catchup.gap = 1000 (default)
2019-07-14 11:08:56,794 INFO  server.RaftServerConfigKeys (ConfUtils.java:logGet(43)) - raft.server.rpc.sleep.time = 25ms (default)
2019-07-14 11:08:56,794 INFO  server.RaftServerConfigKeys (ConfUtils.java:logGet(43)) - raft.server.write.element-limit = 4096 (default)
2019-07-14 11:08:56,794 INFO  server.RaftServerConfigKeys (ConfUtils.java:logGet(43)) - raft.server.watch.timeout = 10s (default)
2019-07-14 11:08:56,795 INFO  server.RaftServerConfigKeys (ConfUtils.java:logGet(43)) - raft.server.watch.timeout.denomination = 1s (default)
2019-07-14 11:08:56,795 INFO  server.RaftServerConfigKeys (ConfUtils.java:logGet(43)) - raft.server.watch.element-limit = 65536 (default)
2019-07-14 11:08:56,795 INFO  impl.RoleInfo (RoleInfo.java:updateAndGet(143)) - 28fe82b7-ebd9-4a2a-8554-bbddc320b8ae: start LeaderState
2019-07-14 11:08:56,795 INFO  segmented.SegmentedRaftLogWorker (SegmentedRaftLogWorker.java:startLogSegment(380)) - 28fe82b7-ebd9-4a2a-8554-bbddc320b8ae-SegmentedRaftLogWorker:Storage Directory /workdir/hadoop-ozone/integration-test/target/test-dir/MiniOzoneClusterImpl-b769e16a-867c-4841-9f53-e34879b9b639/datanode-4/data/ratis/c90e30c3-5e80-4733-ac11-a6b1d6a1d5a3: Starting segment from index:0
2019-07-14 11:08:56,796 INFO  impl.RaftServerImpl (ServerState.java:setRaftConf(361)) - 28fe82b7-ebd9-4a2a-8554-bbddc320b8ae:group-A6B1D6A1D5A3 set configuration 0: [28fe82b7-ebd9-4a2a-8554-bbddc320b8ae:192.168.157.209:33828], old=null at 0
2019-07-14 11:08:56,827 INFO  segmented.SegmentedRaftLogWorker (SegmentedRaftLogWorker.java:execute(569)) - 28fe82b7-ebd9-4a2a-8554-bbddc320b8ae-SegmentedRaftLogWorker:Storage Directory /workdir/hadoop-ozone/integration-test/target/test-dir/MiniOzoneClusterImpl-b769e16a-867c-4841-9f53-e34879b9b639/datanode-4/data/ratis/c90e30c3-5e80-4733-ac11-a6b1d6a1d5a3: created new log segment /workdir/hadoop-ozone/integration-test/target/test-dir/MiniOzoneClusterImpl-b769e16a-867c-4841-9f53-e34879b9b639/datanode-4/data/ratis/c90e30c3-5e80-4733-ac11-a6b1d6a1d5a3/current/log_inprogress_0
2019-07-14 11:08:56,850 INFO  impl.FollowerState (FollowerState.java:run(106)) - c850fbc6-b33b-4eb6-8c07-36c7bc8c2b81:group-923E7229FC64 changes to CANDIDATE, lastRpcTime:5014, electionTimeout:5014ms
2019-07-14 11:08:56,850 INFO  impl.RoleInfo (RoleInfo.java:shutdownFollowerState(121)) - c850fbc6-b33b-4eb6-8c07-36c7bc8c2b81: shutdown FollowerState
2019-07-14 11:08:56,850 INFO  impl.RaftServerImpl (RaftServerImpl.java:setRole(171)) - c850fbc6-b33b-4eb6-8c07-36c7bc8c2b81:group-923E7229FC64 changes role from FOLLOWER to CANDIDATE at term 0 for changeToCandidate
2019-07-14 11:08:56,850 INFO  impl.RoleInfo (RoleInfo.java:updateAndGet(143)) - c850fbc6-b33b-4eb6-8c07-36c7bc8c2b81: start LeaderElection
2019-07-14 11:08:56,868 INFO  impl.LeaderElection (LeaderElection.java:askForVotes(181)) - c850fbc6-b33b-4eb6-8c07-36c7bc8c2b81:group-923E7229FC64:LeaderElection127: begin an election at term 1 for -1: [c850fbc6-b33b-4eb6-8c07-36c7bc8c2b81:192.168.157.209:36392], old=null
2019-07-14 11:08:56,868 INFO  impl.RoleInfo (RoleInfo.java:shutdownLeaderElection(134)) - c850fbc6-b33b-4eb6-8c07-36c7bc8c2b81: shutdown LeaderElection
2019-07-14 11:08:56,869 INFO  impl.RaftServerImpl (RaftServerImpl.java:setRole(171)) - c850fbc6-b33b-4eb6-8c07-36c7bc8c2b81:group-923E7229FC64 changes role from CANDIDATE to LEADER at term 1 for changeToLeader
2019-07-14 11:08:56,869 INFO  impl.RaftServerImpl (ServerState.java:setLeader(263)) - c850fbc6-b33b-4eb6-8c07-36c7bc8c2b81:group-923E7229FC64 change Leader from null to c850fbc6-b33b-4eb6-8c07-36c7bc8c2b81 at term 1 for becomeLeader, leader elected after 5037ms
2019-07-14 11:08:56,871 INFO  server.RaftServerConfigKeys (ConfUtils.java:logGet(43)) - raft.server.staging.catchup.gap = 1000 (default)
2019-07-14 11:08:56,872 INFO  server.RaftServerConfigKeys (ConfUtils.java:logGet(43)) - raft.server.rpc.sleep.time = 25ms (default)
2019-07-14 11:08:56,872 INFO  server.RaftServerConfigKeys (ConfUtils.java:logGet(43)) - raft.server.write.element-limit = 4096 (default)
2019-07-14 11:08:56,872 INFO  server.RaftServerConfigKeys (ConfUtils.java:logGet(43)) - raft.server.watch.timeout = 10s (default)
2019-07-14 11:08:56,872 INFO  server.RaftServerConfigKeys (ConfUtils.java:logGet(43)) - raft.server.watch.timeout.denomination = 1s (default)
2019-07-14 11:08:56,872 INFO  server.RaftServerConfigKeys (ConfUtils.java:logGet(43)) - raft.server.watch.element-limit = 65536 (default)
2019-07-14 11:08:56,872 INFO  impl.RoleInfo (RoleInfo.java:updateAndGet(143)) - c850fbc6-b33b-4eb6-8c07-36c7bc8c2b81: start LeaderState
2019-07-14 11:08:56,873 INFO  segmented.SegmentedRaftLogWorker (SegmentedRaftLogWorker.java:startLogSegment(380)) - c850fbc6-b33b-4eb6-8c07-36c7bc8c2b81-SegmentedRaftLogWorker:Storage Directory /workdir/hadoop-ozone/integration-test/target/test-dir/MiniOzoneClusterImpl-b769e16a-867c-4841-9f53-e34879b9b639/datanode-5/data/ratis/101ff3fb-646a-48b3-b03c-923e7229fc64: Starting segment from index:0
2019-07-14 11:08:56,873 INFO  impl.RaftServerImpl (ServerState.java:setRaftConf(361)) - c850fbc6-b33b-4eb6-8c07-36c7bc8c2b81:group-923E7229FC64 set configuration 0: [c850fbc6-b33b-4eb6-8c07-36c7bc8c2b81:192.168.157.209:36392], old=null at 0
2019-07-14 11:08:56,915 INFO  segmented.SegmentedRaftLogWorker (SegmentedRaftLogWorker.java:execute(569)) - c850fbc6-b33b-4eb6-8c07-36c7bc8c2b81-SegmentedRaftLogWorker:Storage Directory /workdir/hadoop-ozone/integration-test/target/test-dir/MiniOzoneClusterImpl-b769e16a-867c-4841-9f53-e34879b9b639/datanode-5/data/ratis/101ff3fb-646a-48b3-b03c-923e7229fc64: created new log segment /workdir/hadoop-ozone/integration-test/target/test-dir/MiniOzoneClusterImpl-b769e16a-867c-4841-9f53-e34879b9b639/datanode-5/data/ratis/101ff3fb-646a-48b3-b03c-923e7229fc64/current/log_inprogress_0
2019-07-14 11:08:56,997 INFO  impl.FollowerState (FollowerState.java:run(106)) - c850fbc6-b33b-4eb6-8c07-36c7bc8c2b81:group-7C85724D7D1E changes to CANDIDATE, lastRpcTime:5109, electionTimeout:5109ms
2019-07-14 11:08:56,997 INFO  impl.RoleInfo (RoleInfo.java:shutdownFollowerState(121)) - c850fbc6-b33b-4eb6-8c07-36c7bc8c2b81: shutdown FollowerState
2019-07-14 11:08:56,997 INFO  impl.RaftServerImpl (RaftServerImpl.java:setRole(171)) - c850fbc6-b33b-4eb6-8c07-36c7bc8c2b81:group-7C85724D7D1E changes role from FOLLOWER to CANDIDATE at term 0 for changeToCandidate
2019-07-14 11:08:56,997 INFO  impl.RoleInfo (RoleInfo.java:updateAndGet(143)) - c850fbc6-b33b-4eb6-8c07-36c7bc8c2b81: start LeaderElection
2019-07-14 11:08:57,002 INFO  impl.FollowerState (FollowerState.java:run(106)) - 28fe82b7-ebd9-4a2a-8554-bbddc320b8ae:group-7C85724D7D1E changes to CANDIDATE, lastRpcTime:5118, electionTimeout:5115ms
2019-07-14 11:08:57,005 INFO  impl.RoleInfo (RoleInfo.java:shutdownFollowerState(121)) - 28fe82b7-ebd9-4a2a-8554-bbddc320b8ae: shutdown FollowerState
2019-07-14 11:08:57,005 INFO  impl.RaftServerImpl (RaftServerImpl.java:setRole(171)) - 28fe82b7-ebd9-4a2a-8554-bbddc320b8ae:group-7C85724D7D1E changes role from FOLLOWER to CANDIDATE at term 0 for changeToCandidate
2019-07-14 11:08:57,005 INFO  impl.RoleInfo (RoleInfo.java:updateAndGet(143)) - 28fe82b7-ebd9-4a2a-8554-bbddc320b8ae: start LeaderElection
2019-07-14 11:08:57,018 INFO  impl.LeaderElection (LeaderElection.java:askForVotes(181)) - 28fe82b7-ebd9-4a2a-8554-bbddc320b8ae:group-7C85724D7D1E:LeaderElection129: begin an election at term 1 for -1: [c850fbc6-b33b-4eb6-8c07-36c7bc8c2b81:192.168.157.209:36392, 28fe82b7-ebd9-4a2a-8554-bbddc320b8ae:192.168.157.209:33828, 6ce46959-8e32-4e70-a445-cddac5da34a1:192.168.157.209:40930], old=null
2019-07-14 11:08:57,018 INFO  impl.LeaderElection (LeaderElection.java:askForVotes(181)) - c850fbc6-b33b-4eb6-8c07-36c7bc8c2b81:group-7C85724D7D1E:LeaderElection128: begin an election at term 1 for -1: [c850fbc6-b33b-4eb6-8c07-36c7bc8c2b81:192.168.157.209:36392, 28fe82b7-ebd9-4a2a-8554-bbddc320b8ae:192.168.157.209:33828, 6ce46959-8e32-4e70-a445-cddac5da34a1:192.168.157.209:40930], old=null
2019-07-14 11:08:57,025 INFO  impl.RaftServerImpl (RaftServerImpl.java:setRole(171)) - 6ce46959-8e32-4e70-a445-cddac5da34a1:group-7C85724D7D1E changes role from FOLLOWER to FOLLOWER at term 1 for recognizeCandidate:28fe82b7-ebd9-4a2a-8554-bbddc320b8ae
2019-07-14 11:08:57,025 INFO  impl.RoleInfo (RoleInfo.java:shutdownFollowerState(121)) - 6ce46959-8e32-4e70-a445-cddac5da34a1: shutdown FollowerState
2019-07-14 11:08:57,026 INFO  impl.RoleInfo (RoleInfo.java:updateAndGet(143)) - 6ce46959-8e32-4e70-a445-cddac5da34a1: start FollowerState
2019-07-14 11:08:57,026 INFO  impl.FollowerState (FollowerState.java:run(114)) - 6ce46959-8e32-4e70-a445-cddac5da34a1: FollowerState was interrupted: java.lang.InterruptedException: sleep interrupted
2019-07-14 11:08:57,041 INFO  impl.LeaderElection (LeaderElection.java:logAndReturn(56)) - 28fe82b7-ebd9-4a2a-8554-bbddc320b8ae:group-7C85724D7D1E:LeaderElection129: Election PASSED; received 2 response(s) [28fe82b7-ebd9-4a2a-8554-bbddc320b8ae<-c850fbc6-b33b-4eb6-8c07-36c7bc8c2b81#0:FAIL-t1, 28fe82b7-ebd9-4a2a-8554-bbddc320b8ae<-6ce46959-8e32-4e70-a445-cddac5da34a1#0:OK-t1] and 0 exception(s); 28fe82b7-ebd9-4a2a-8554-bbddc320b8ae:t1, leader=null, voted=28fe82b7-ebd9-4a2a-8554-bbddc320b8ae, raftlog=28fe82b7-ebd9-4a2a-8554-bbddc320b8ae-SegmentedRaftLog:OPENED:c-1,f-1,i0, conf=-1: [c850fbc6-b33b-4eb6-8c07-36c7bc8c2b81:192.168.157.209:36392, 28fe82b7-ebd9-4a2a-8554-bbddc320b8ae:192.168.157.209:33828, 6ce46959-8e32-4e70-a445-cddac5da34a1:192.168.157.209:40930], old=null
2019-07-14 11:08:57,041 INFO  impl.LeaderElection (LeaderElection.java:logAndReturn(56)) - c850fbc6-b33b-4eb6-8c07-36c7bc8c2b81:group-7C85724D7D1E:LeaderElection128: Election REJECTED; received 2 response(s) [c850fbc6-b33b-4eb6-8c07-36c7bc8c2b81<-28fe82b7-ebd9-4a2a-8554-bbddc320b8ae#0:FAIL-t1, c850fbc6-b33b-4eb6-8c07-36c7bc8c2b81<-6ce46959-8e32-4e70-a445-cddac5da34a1#0:FAIL-t1] and 0 exception(s); c850fbc6-b33b-4eb6-8c07-36c7bc8c2b81:t1, leader=null, voted=c850fbc6-b33b-4eb6-8c07-36c7bc8c2b81, raftlog=c850fbc6-b33b-4eb6-8c07-36c7bc8c2b81-SegmentedRaftLog:OPENED:c-1,f-1,i0, conf=-1: [c850fbc6-b33b-4eb6-8c07-36c7bc8c2b81:192.168.157.209:36392, 28fe82b7-ebd9-4a2a-8554-bbddc320b8ae:192.168.157.209:33828, 6ce46959-8e32-4e70-a445-cddac5da34a1:192.168.157.209:40930], old=null
2019-07-14 11:08:57,041 INFO  impl.RoleInfo (RoleInfo.java:shutdownLeaderElection(134)) - 28fe82b7-ebd9-4a2a-8554-bbddc320b8ae: shutdown LeaderElection
2019-07-14 11:08:57,041 INFO  impl.RaftServerImpl (RaftServerImpl.java:setRole(171)) - c850fbc6-b33b-4eb6-8c07-36c7bc8c2b81:group-7C85724D7D1E changes role from CANDIDATE to FOLLOWER at term 1 for DISCOVERED_A_NEW_TERM
2019-07-14 11:08:57,041 INFO  impl.RaftServerImpl (RaftServerImpl.java:setRole(171)) - 28fe82b7-ebd9-4a2a-8554-bbddc320b8ae:group-7C85724D7D1E changes role from CANDIDATE to LEADER at term 1 for changeToLeader
2019-07-14 11:08:57,041 INFO  impl.RoleInfo (RoleInfo.java:shutdownLeaderElection(134)) - c850fbc6-b33b-4eb6-8c07-36c7bc8c2b81: shutdown LeaderElection
2019-07-14 11:08:57,041 INFO  impl.RaftServerImpl (ServerState.java:setLeader(263)) - 28fe82b7-ebd9-4a2a-8554-bbddc320b8ae:group-7C85724D7D1E change Leader from null to 28fe82b7-ebd9-4a2a-8554-bbddc320b8ae at term 1 for becomeLeader, leader elected after 5166ms
2019-07-14 11:08:57,042 INFO  impl.RoleInfo (RoleInfo.java:updateAndGet(143)) - c850fbc6-b33b-4eb6-8c07-36c7bc8c2b81: start FollowerState
2019-07-14 11:08:57,042 INFO  server.RaftServerConfigKeys (ConfUtils.java:logGet(43)) - raft.server.staging.catchup.gap = 1000 (default)
2019-07-14 11:08:57,042 INFO  server.RaftServerConfigKeys (ConfUtils.java:logGet(43)) - raft.server.rpc.sleep.time = 25ms (default)
2019-07-14 11:08:57,042 INFO  server.RaftServerConfigKeys (ConfUtils.java:logGet(43)) - raft.server.write.element-limit = 4096 (default)
2019-07-14 11:08:57,042 INFO  server.RaftServerConfigKeys (ConfUtils.java:logGet(43)) - raft.server.watch.timeout = 10s (default)
2019-07-14 11:08:57,042 INFO  server.RaftServerConfigKeys (ConfUtils.java:logGet(43)) - raft.server.watch.timeout.denomination = 1s (default)
2019-07-14 11:08:57,042 INFO  server.RaftServerConfigKeys (ConfUtils.java:logGet(43)) - raft.server.watch.element-limit = 65536 (default)
2019-07-14 11:08:57,043 INFO  server.RaftServerConfigKeys (ConfUtils.java:logGet(43)) - raft.server.log.appender.snapshot.chunk.size.max = 16MB (=16777216) (default)
2019-07-14 11:08:57,043 INFO  server.RaftServerConfigKeys (ConfUtils.java:logGet(43)) - raft.server.log.appender.buffer.byte-limit = 33554432 (custom)
2019-07-14 11:08:57,043 INFO  server.RaftServerConfigKeys (ConfUtils.java:logGet(43)) - raft.server.log.appender.buffer.element-limit = 1 (custom)
2019-07-14 11:08:57,043 INFO  grpc.GrpcConfigKeys$Server (ConfUtils.java:logGet(43)) - raft.grpc.server.leader.outstanding.appends.max = 128 (default)
2019-07-14 11:08:57,043 INFO  server.RaftServerConfigKeys (ConfUtils.java:logGet(43)) - raft.server.rpc.request.timeout = 3000ms (default)
2019-07-14 11:08:57,043 INFO  server.RaftServerConfigKeys (ConfUtils.java:logGet(43)) - raft.server.log.appender.install.snapshot.enabled = false (custom)
2019-07-14 11:08:57,044 INFO  server.RaftServerConfigKeys (ConfUtils.java:logGet(43)) - raft.server.log.appender.snapshot.chunk.size.max = 16MB (=16777216) (default)
2019-07-14 11:08:57,044 INFO  server.RaftServerConfigKeys (ConfUtils.java:logGet(43)) - raft.server.log.appender.buffer.byte-limit = 33554432 (custom)
2019-07-14 11:08:57,044 INFO  server.RaftServerConfigKeys (ConfUtils.java:logGet(43)) - raft.server.log.appender.buffer.element-limit = 1 (custom)
2019-07-14 11:08:57,044 INFO  grpc.GrpcConfigKeys$Server (ConfUtils.java:logGet(43)) - raft.grpc.server.leader.outstanding.appends.max = 128 (default)
2019-07-14 11:08:57,044 INFO  server.RaftServerConfigKeys (ConfUtils.java:logGet(43)) - raft.server.rpc.request.timeout = 3000ms (default)
2019-07-14 11:08:57,044 INFO  server.RaftServerConfigKeys (ConfUtils.java:logGet(43)) - raft.server.log.appender.install.snapshot.enabled = false (custom)
2019-07-14 11:08:57,044 INFO  impl.RoleInfo (RoleInfo.java:updateAndGet(143)) - 28fe82b7-ebd9-4a2a-8554-bbddc320b8ae: start LeaderState
2019-07-14 11:08:57,045 INFO  segmented.SegmentedRaftLogWorker (SegmentedRaftLogWorker.java:startLogSegment(380)) - 28fe82b7-ebd9-4a2a-8554-bbddc320b8ae-SegmentedRaftLogWorker:Storage Directory /workdir/hadoop-ozone/integration-test/target/test-dir/MiniOzoneClusterImpl-b769e16a-867c-4841-9f53-e34879b9b639/datanode-4/data/ratis/62bb390a-bb89-4ff3-b396-7c85724d7d1e: Starting segment from index:0
2019-07-14 11:08:57,045 INFO  impl.RaftServerImpl (ServerState.java:setRaftConf(361)) - 28fe82b7-ebd9-4a2a-8554-bbddc320b8ae:group-7C85724D7D1E set configuration 0: [c850fbc6-b33b-4eb6-8c07-36c7bc8c2b81:192.168.157.209:36392, 28fe82b7-ebd9-4a2a-8554-bbddc320b8ae:192.168.157.209:33828, 6ce46959-8e32-4e70-a445-cddac5da34a1:192.168.157.209:40930], old=null at 0
2019-07-14 11:08:57,047 INFO  impl.RaftServerImpl (ServerState.java:setLeader(263)) - 6ce46959-8e32-4e70-a445-cddac5da34a1:group-7C85724D7D1E change Leader from null to 28fe82b7-ebd9-4a2a-8554-bbddc320b8ae at term 1 for appendEntries, leader elected after 5171ms
2019-07-14 11:08:57,047 INFO  impl.RaftServerImpl (ServerState.java:setLeader(263)) - c850fbc6-b33b-4eb6-8c07-36c7bc8c2b81:group-7C85724D7D1E change Leader from null to 28fe82b7-ebd9-4a2a-8554-bbddc320b8ae at term 1 for appendEntries, leader elected after 5171ms
2019-07-14 11:08:57,050 INFO  impl.RaftServerImpl (ServerState.java:setRaftConf(361)) - 6ce46959-8e32-4e70-a445-cddac5da34a1:group-7C85724D7D1E set configuration 0: [c850fbc6-b33b-4eb6-8c07-36c7bc8c2b81:192.168.157.209:36392, 28fe82b7-ebd9-4a2a-8554-bbddc320b8ae:192.168.157.209:33828, 6ce46959-8e32-4e70-a445-cddac5da34a1:192.168.157.209:40930], old=null at 0
2019-07-14 11:08:57,050 INFO  impl.RaftServerImpl (ServerState.java:setRaftConf(361)) - c850fbc6-b33b-4eb6-8c07-36c7bc8c2b81:group-7C85724D7D1E set configuration 0: [c850fbc6-b33b-4eb6-8c07-36c7bc8c2b81:192.168.157.209:36392, 28fe82b7-ebd9-4a2a-8554-bbddc320b8ae:192.168.157.209:33828, 6ce46959-8e32-4e70-a445-cddac5da34a1:192.168.157.209:40930], old=null at 0
2019-07-14 11:08:57,050 INFO  segmented.SegmentedRaftLogWorker (SegmentedRaftLogWorker.java:startLogSegment(380)) - 6ce46959-8e32-4e70-a445-cddac5da34a1-SegmentedRaftLogWorker:Storage Directory /workdir/hadoop-ozone/integration-test/target/test-dir/MiniOzoneClusterImpl-b769e16a-867c-4841-9f53-e34879b9b639/datanode-3/data/ratis/62bb390a-bb89-4ff3-b396-7c85724d7d1e: Starting segment from index:0
2019-07-14 11:08:57,051 INFO  segmented.SegmentedRaftLogWorker (SegmentedRaftLogWorker.java:startLogSegment(380)) - c850fbc6-b33b-4eb6-8c07-36c7bc8c2b81-SegmentedRaftLogWorker:Storage Directory /workdir/hadoop-ozone/integration-test/target/test-dir/MiniOzoneClusterImpl-b769e16a-867c-4841-9f53-e34879b9b639/datanode-5/data/ratis/62bb390a-bb89-4ff3-b396-7c85724d7d1e: Starting segment from index:0
2019-07-14 11:08:57,076 INFO  segmented.SegmentedRaftLogWorker (SegmentedRaftLogWorker.java:execute(569)) - 28fe82b7-ebd9-4a2a-8554-bbddc320b8ae-SegmentedRaftLogWorker:Storage Directory /workdir/hadoop-ozone/integration-test/target/test-dir/MiniOzoneClusterImpl-b769e16a-867c-4841-9f53-e34879b9b639/datanode-4/data/ratis/62bb390a-bb89-4ff3-b396-7c85724d7d1e: created new log segment /workdir/hadoop-ozone/integration-test/target/test-dir/MiniOzoneClusterImpl-b769e16a-867c-4841-9f53-e34879b9b639/datanode-4/data/ratis/62bb390a-bb89-4ff3-b396-7c85724d7d1e/current/log_inprogress_0
2019-07-14 11:08:57,076 INFO  segmented.SegmentedRaftLogWorker (SegmentedRaftLogWorker.java:execute(569)) - 6ce46959-8e32-4e70-a445-cddac5da34a1-SegmentedRaftLogWorker:Storage Directory /workdir/hadoop-ozone/integration-test/target/test-dir/MiniOzoneClusterImpl-b769e16a-867c-4841-9f53-e34879b9b639/datanode-3/data/ratis/62bb390a-bb89-4ff3-b396-7c85724d7d1e: created new log segment /workdir/hadoop-ozone/integration-test/target/test-dir/MiniOzoneClusterImpl-b769e16a-867c-4841-9f53-e34879b9b639/datanode-3/data/ratis/62bb390a-bb89-4ff3-b396-7c85724d7d1e/current/log_inprogress_0
2019-07-14 11:08:57,076 INFO  segmented.SegmentedRaftLogWorker (SegmentedRaftLogWorker.java:execute(569)) - c850fbc6-b33b-4eb6-8c07-36c7bc8c2b81-SegmentedRaftLogWorker:Storage Directory /workdir/hadoop-ozone/integration-test/target/test-dir/MiniOzoneClusterImpl-b769e16a-867c-4841-9f53-e34879b9b639/datanode-5/data/ratis/62bb390a-bb89-4ff3-b396-7c85724d7d1e: created new log segment /workdir/hadoop-ozone/integration-test/target/test-dir/MiniOzoneClusterImpl-b769e16a-867c-4841-9f53-e34879b9b639/datanode-5/data/ratis/62bb390a-bb89-4ff3-b396-7c85724d7d1e/current/log_inprogress_0
2019-07-14 11:08:57,078 INFO  impl.FollowerState (FollowerState.java:run(106)) - 81ae09c3-ec4e-4bf7-bc56-5c1adb625679:group-FEF494829096 changes to CANDIDATE, lastRpcTime:5016, electionTimeout:5016ms
2019-07-14 11:08:57,079 INFO  impl.RoleInfo (RoleInfo.java:shutdownFollowerState(121)) - 81ae09c3-ec4e-4bf7-bc56-5c1adb625679: shutdown FollowerState
2019-07-14 11:08:57,079 INFO  impl.RaftServerImpl (RaftServerImpl.java:setRole(171)) - 81ae09c3-ec4e-4bf7-bc56-5c1adb625679:group-FEF494829096 changes role from FOLLOWER to CANDIDATE at term 0 for changeToCandidate
2019-07-14 11:08:57,079 INFO  impl.RoleInfo (RoleInfo.java:updateAndGet(143)) - 81ae09c3-ec4e-4bf7-bc56-5c1adb625679: start LeaderElection
2019-07-14 11:08:57,089 INFO  impl.LeaderElection (LeaderElection.java:askForVotes(181)) - 81ae09c3-ec4e-4bf7-bc56-5c1adb625679:group-FEF494829096:LeaderElection130: begin an election at term 1 for -1: [81ae09c3-ec4e-4bf7-bc56-5c1adb625679:192.168.157.209:36016], old=null
2019-07-14 11:08:57,089 INFO  impl.RoleInfo (RoleInfo.java:shutdownLeaderElection(134)) - 81ae09c3-ec4e-4bf7-bc56-5c1adb625679: shutdown LeaderElection
2019-07-14 11:08:57,089 INFO  impl.RaftServerImpl (RaftServerImpl.java:setRole(171)) - 81ae09c3-ec4e-4bf7-bc56-5c1adb625679:group-FEF494829096 changes role from CANDIDATE to LEADER at term 1 for changeToLeader
2019-07-14 11:08:57,089 INFO  impl.RaftServerImpl (ServerState.java:setLeader(263)) - 81ae09c3-ec4e-4bf7-bc56-5c1adb625679:group-FEF494829096 change Leader from null to 81ae09c3-ec4e-4bf7-bc56-5c1adb625679 at term 1 for becomeLeader, leader elected after 5031ms
2019-07-14 11:08:57,092 INFO  server.RaftServerConfigKeys (ConfUtils.java:logGet(43)) - raft.server.staging.catchup.gap = 1000 (default)
2019-07-14 11:08:57,092 INFO  server.RaftServerConfigKeys (ConfUtils.java:logGet(43)) - raft.server.rpc.sleep.time = 25ms (default)
2019-07-14 11:08:57,092 INFO  server.RaftServerConfigKeys (ConfUtils.java:logGet(43)) - raft.server.write.element-limit = 4096 (default)
2019-07-14 11:08:57,092 INFO  server.RaftServerConfigKeys (ConfUtils.java:logGet(43)) - raft.server.watch.timeout = 10s (default)
2019-07-14 11:08:57,093 INFO  server.RaftServerConfigKeys (ConfUtils.java:logGet(43)) - raft.server.watch.timeout.denomination = 1s (default)
2019-07-14 11:08:57,093 INFO  server.RaftServerConfigKeys (ConfUtils.java:logGet(43)) - raft.server.watch.element-limit = 65536 (default)
2019-07-14 11:08:57,093 INFO  impl.RoleInfo (RoleInfo.java:updateAndGet(143)) - 81ae09c3-ec4e-4bf7-bc56-5c1adb625679: start LeaderState
2019-07-14 11:08:57,093 INFO  segmented.SegmentedRaftLogWorker (SegmentedRaftLogWorker.java:startLogSegment(380)) - 81ae09c3-ec4e-4bf7-bc56-5c1adb625679-SegmentedRaftLogWorker:Storage Directory /workdir/hadoop-ozone/integration-test/target/test-dir/MiniOzoneClusterImpl-b769e16a-867c-4841-9f53-e34879b9b639/datanode-6/data/ratis/47e5a956-55f6-458d-8253-fef494829096: Starting segment from index:0
2019-07-14 11:08:57,094 INFO  impl.RaftServerImpl (ServerState.java:setRaftConf(361)) - 81ae09c3-ec4e-4bf7-bc56-5c1adb625679:group-FEF494829096 set configuration 0: [81ae09c3-ec4e-4bf7-bc56-5c1adb625679:192.168.157.209:36016], old=null at 0
2019-07-14 11:08:57,124 INFO  segmented.SegmentedRaftLogWorker (SegmentedRaftLogWorker.java:execute(569)) - 81ae09c3-ec4e-4bf7-bc56-5c1adb625679-SegmentedRaftLogWorker:Storage Directory /workdir/hadoop-ozone/integration-test/target/test-dir/MiniOzoneClusterImpl-b769e16a-867c-4841-9f53-e34879b9b639/datanode-6/data/ratis/47e5a956-55f6-458d-8253-fef494829096: created new log segment /workdir/hadoop-ozone/integration-test/target/test-dir/MiniOzoneClusterImpl-b769e16a-867c-4841-9f53-e34879b9b639/datanode-6/data/ratis/47e5a956-55f6-458d-8253-fef494829096/current/log_inprogress_0
2019-07-14 11:08:57,145 INFO  client.GrpcClientProtocolClient (GrpcClientProtocolClient.java:onNext(255)) - client-4DDDCEFE44B0->b3c26f84-ced4-4ded-89e0-27fb4ce92002: receive RaftClientReply:client-4DDDCEFE44B0->b3c26f84-ced4-4ded-89e0-27fb4ce92002@group-5C8DAF6BD76D, cid=272, FAILED org.apache.ratis.protocol.NotLeaderException: Server b3c26f84-ced4-4ded-89e0-27fb4ce92002 is not the leader (f296797d-749e-4308-b8db-39d6f9660560:192.168.157.209:44535). Request must be sent to leader., logIndex=0, commits[b3c26f84-ced4-4ded-89e0-27fb4ce92002:c-1, f296797d-749e-4308-b8db-39d6f9660560:c-1, 665fa842-ba79-45b7-af82-2a2d5438b243:c-1]
2019-07-14 11:08:57,304 INFO  client.GrpcClientProtocolClient (GrpcClientProtocolClient.java:onNext(255)) - client-4DDDCEFE44B0->f296797d-749e-4308-b8db-39d6f9660560: receive RaftClientReply:client-4DDDCEFE44B0->f296797d-749e-4308-b8db-39d6f9660560@group-5C8DAF6BD76D, cid=272, SUCCESS, logIndex=1, commits[f296797d-749e-4308-b8db-39d6f9660560:c1, b3c26f84-ced4-4ded-89e0-27fb4ce92002:c0, 665fa842-ba79-45b7-af82-2a2d5438b243:c0]
2019-07-14 11:08:57,331 INFO  client.GrpcClientProtocolClient (GrpcClientProtocolClient.java:onNext(255)) - client-4DDDCEFE44B0->f296797d-749e-4308-b8db-39d6f9660560: receive RaftClientReply:client-4DDDCEFE44B0->f296797d-749e-4308-b8db-39d6f9660560@group-5C8DAF6BD76D, cid=273, SUCCESS, logIndex=3, commits[f296797d-749e-4308-b8db-39d6f9660560:c4, b3c26f84-ced4-4ded-89e0-27fb4ce92002:c2, 665fa842-ba79-45b7-af82-2a2d5438b243:c1]
2019-07-14 11:08:57,372 INFO  client.GrpcClientProtocolClient (GrpcClientProtocolClient.java:onNext(255)) - client-4DDDCEFE44B0->f296797d-749e-4308-b8db-39d6f9660560: receive RaftClientReply:client-4DDDCEFE44B0->f296797d-749e-4308-b8db-39d6f9660560@group-5C8DAF6BD76D, cid=274, SUCCESS, logIndex=4, commits[f296797d-749e-4308-b8db-39d6f9660560:c6, b3c26f84-ced4-4ded-89e0-27fb4ce92002:c4, 665fa842-ba79-45b7-af82-2a2d5438b243:c4]
2019-07-14 11:08:57,374 INFO  container.CloseContainerEventHandler (CloseContainerEventHandler.java:onMessage(61)) - Close container Event triggered for container : #1
2019-07-14 11:08:57,374 INFO  container.CloseContainerEventHandler (CloseContainerEventHandler.java:onMessage(61)) - Close container Event triggered for container : #1
2019-07-14 11:08:57,374 INFO  container.CloseContainerEventHandler (CloseContainerEventHandler.java:onMessage(61)) - Close container Event triggered for container : #1
11:08:59.378 [grpc-default-executor-8] ERROR DNAudit - user=null | ip=null | op=WRITE_CHUNK {blockData=conID: 1 locID: 102439487541411862 bcsId: 4} | ret=FAILURE
org.apache.hadoop.hdds.scm.container.common.helpers.ContainerNotOpenException: Container 1 in CLOSED state
	at org.apache.hadoop.ozone.container.common.impl.HddsDispatcher.validateContainerCommand(HddsDispatcher.java:408) ~[hadoop-hdds-container-service-0.5.0-SNAPSHOT.jar:?]
	at org.apache.hadoop.ozone.container.common.transport.server.ratis.ContainerStateMachine.startTransaction(ContainerStateMachine.java:272) ~[hadoop-hdds-container-service-0.5.0-SNAPSHOT.jar:?]
	at org.apache.ratis.server.impl.RaftServerImpl.submitClientRequestAsync(RaftServerImpl.java:566) ~[ratis-server-0.4.0-2337318-SNAPSHOT.jar:0.4.0-2337318-SNAPSHOT]
	at org.apache.ratis.server.impl.RaftServerProxy.lambda$submitClientRequestAsync$7(RaftServerProxy.java:333) ~[ratis-server-0.4.0-2337318-SNAPSHOT.jar:0.4.0-2337318-SNAPSHOT]
	at org.apache.ratis.server.impl.RaftServerProxy.lambda$null$5(RaftServerProxy.java:328) ~[ratis-server-0.4.0-2337318-SNAPSHOT.jar:0.4.0-2337318-SNAPSHOT]
	at org.apache.ratis.util.JavaUtils.callAsUnchecked(JavaUtils.java:109) ~[ratis-common-0.4.0-2337318-SNAPSHOT.jar:0.4.0-2337318-SNAPSHOT]
	at org.apache.ratis.server.impl.RaftServerProxy.lambda$submitRequest$6(RaftServerProxy.java:328) ~[ratis-server-0.4.0-2337318-SNAPSHOT.jar:0.4.0-2337318-SNAPSHOT]
	at java.util.concurrent.CompletableFuture.uniComposeStage(CompletableFuture.java:981) ~[?:1.8.0_212]
	at java.util.concurrent.CompletableFuture.thenCompose(CompletableFuture.java:2124) ~[?:1.8.0_212]
	at org.apache.ratis.server.impl.RaftServerProxy.submitRequest(RaftServerProxy.java:327) ~[ratis-server-0.4.0-2337318-SNAPSHOT.jar:0.4.0-2337318-SNAPSHOT]
	at org.apache.ratis.server.impl.RaftServerProxy.submitClientRequestAsync(RaftServerProxy.java:333) ~[ratis-server-0.4.0-2337318-SNAPSHOT.jar:0.4.0-2337318-SNAPSHOT]
	at org.apache.ratis.grpc.client.GrpcClientProtocolService$RequestStreamObserver.processClientRequest(GrpcClientProtocolService.java:220) ~[ratis-grpc-0.4.0-2337318-SNAPSHOT.jar:0.4.0-2337318-SNAPSHOT]
	at org.apache.ratis.grpc.client.GrpcClientProtocolService$OrderedRequestStreamObserver.processClientRequest(GrpcClientProtocolService.java:326) ~[ratis-grpc-0.4.0-2337318-SNAPSHOT.jar:0.4.0-2337318-SNAPSHOT]
	at org.apache.ratis.util.SlidingWindow$Server.processRequestsFromHead(SlidingWindow.java:429) [ratis-common-0.4.0-2337318-SNAPSHOT.jar:0.4.0-2337318-SNAPSHOT]
	at org.apache.ratis.util.SlidingWindow$Server.receivedRequest(SlidingWindow.java:421) [ratis-common-0.4.0-2337318-SNAPSHOT.jar:0.4.0-2337318-SNAPSHOT]
	at org.apache.ratis.grpc.client.GrpcClientProtocolService$OrderedRequestStreamObserver.processClientRequest(GrpcClientProtocolService.java:345) [ratis-grpc-0.4.0-2337318-SNAPSHOT.jar:0.4.0-2337318-SNAPSHOT]
	at org.apache.ratis.grpc.client.GrpcClientProtocolService$RequestStreamObserver.onNext(GrpcClientProtocolService.java:240) [ratis-grpc-0.4.0-2337318-SNAPSHOT.jar:0.4.0-2337318-SNAPSHOT]
	at org.apache.ratis.grpc.client.GrpcClientProtocolService$RequestStreamObserver.onNext(GrpcClientProtocolService.java:168) [ratis-grpc-0.4.0-2337318-SNAPSHOT.jar:0.4.0-2337318-SNAPSHOT]
	at org.apache.ratis.thirdparty.io.grpc.stub.ServerCalls$StreamingServerCallHandler$StreamingServerCallListener.onMessage(ServerCalls.java:248) [ratis-thirdparty-misc-0.2.0.jar:0.2.0]
	at org.apache.ratis.thirdparty.io.grpc.internal.ServerCallImpl$ServerStreamListenerImpl.messagesAvailable(ServerCallImpl.java:263) [ratis-thirdparty-misc-0.2.0.jar:0.2.0]
	at org.apache.ratis.thirdparty.io.grpc.internal.ServerImpl$JumpToApplicationThreadServerStreamListener$1MessagesAvailable.runInContext(ServerImpl.java:686) [ratis-thirdparty-misc-0.2.0.jar:0.2.0]
	at org.apache.ratis.thirdparty.io.grpc.internal.ContextRunnable.run(ContextRunnable.java:37) [ratis-thirdparty-misc-0.2.0.jar:0.2.0]
	at org.apache.ratis.thirdparty.io.grpc.internal.SerializingExecutor.run(SerializingExecutor.java:123) [ratis-thirdparty-misc-0.2.0.jar:0.2.0]
	at java.util.concurrent.ThreadPoolExecutor.runWorker(ThreadPoolExecutor.java:1149) [?:1.8.0_212]
	at java.util.concurrent.ThreadPoolExecutor$Worker.run(ThreadPoolExecutor.java:624) [?:1.8.0_212]
	at java.lang.Thread.run(Thread.java:748) [?:1.8.0_212]
11:08:59.379 [grpc-default-executor-8] ERROR DNAudit - user=null | ip=null | op=WRITE_CHUNK {blockData=conID: 1 locID: 102439487541411862 bcsId: 4} | ret=FAILURE
org.apache.hadoop.hdds.scm.container.common.helpers.ContainerNotOpenException: Container 1 in CLOSED state
	at org.apache.hadoop.ozone.container.common.impl.HddsDispatcher.validateContainerCommand(HddsDispatcher.java:408) ~[hadoop-hdds-container-service-0.5.0-SNAPSHOT.jar:?]
	at org.apache.hadoop.ozone.container.common.transport.server.ratis.ContainerStateMachine.startTransaction(ContainerStateMachine.java:272) ~[hadoop-hdds-container-service-0.5.0-SNAPSHOT.jar:?]
	at org.apache.ratis.server.impl.RaftServerImpl.submitClientRequestAsync(RaftServerImpl.java:566) ~[ratis-server-0.4.0-2337318-SNAPSHOT.jar:0.4.0-2337318-SNAPSHOT]
	at org.apache.ratis.server.impl.RaftServerProxy.lambda$submitClientRequestAsync$7(RaftServerProxy.java:333) ~[ratis-server-0.4.0-2337318-SNAPSHOT.jar:0.4.0-2337318-SNAPSHOT]
	at org.apache.ratis.server.impl.RaftServerProxy.lambda$null$5(RaftServerProxy.java:328) ~[ratis-server-0.4.0-2337318-SNAPSHOT.jar:0.4.0-2337318-SNAPSHOT]
	at org.apache.ratis.util.JavaUtils.callAsUnchecked(JavaUtils.java:109) ~[ratis-common-0.4.0-2337318-SNAPSHOT.jar:0.4.0-2337318-SNAPSHOT]
	at org.apache.ratis.server.impl.RaftServerProxy.lambda$submitRequest$6(RaftServerProxy.java:328) ~[ratis-server-0.4.0-2337318-SNAPSHOT.jar:0.4.0-2337318-SNAPSHOT]
	at java.util.concurrent.CompletableFuture.uniComposeStage(CompletableFuture.java:981) ~[?:1.8.0_212]
	at java.util.concurrent.CompletableFuture.thenCompose(CompletableFuture.java:2124) ~[?:1.8.0_212]
	at org.apache.ratis.server.impl.RaftServerProxy.submitRequest(RaftServerProxy.java:327) ~[ratis-server-0.4.0-2337318-SNAPSHOT.jar:0.4.0-2337318-SNAPSHOT]
	at org.apache.ratis.server.impl.RaftServerProxy.submitClientRequestAsync(RaftServerProxy.java:333) ~[ratis-server-0.4.0-2337318-SNAPSHOT.jar:0.4.0-2337318-SNAPSHOT]
	at org.apache.ratis.grpc.client.GrpcClientProtocolService$RequestStreamObserver.processClientRequest(GrpcClientProtocolService.java:220) ~[ratis-grpc-0.4.0-2337318-SNAPSHOT.jar:0.4.0-2337318-SNAPSHOT]
	at org.apache.ratis.grpc.client.GrpcClientProtocolService$OrderedRequestStreamObserver.processClientRequest(GrpcClientProtocolService.java:326) ~[ratis-grpc-0.4.0-2337318-SNAPSHOT.jar:0.4.0-2337318-SNAPSHOT]
	at org.apache.ratis.util.SlidingWindow$Server.processRequestsFromHead(SlidingWindow.java:429) [ratis-common-0.4.0-2337318-SNAPSHOT.jar:0.4.0-2337318-SNAPSHOT]
	at org.apache.ratis.util.SlidingWindow$Server.receivedRequest(SlidingWindow.java:421) [ratis-common-0.4.0-2337318-SNAPSHOT.jar:0.4.0-2337318-SNAPSHOT]
	at org.apache.ratis.grpc.client.GrpcClientProtocolService$OrderedRequestStreamObserver.processClientRequest(GrpcClientProtocolService.java:345) [ratis-grpc-0.4.0-2337318-SNAPSHOT.jar:0.4.0-2337318-SNAPSHOT]
	at org.apache.ratis.grpc.client.GrpcClientProtocolService$RequestStreamObserver.onNext(GrpcClientProtocolService.java:240) [ratis-grpc-0.4.0-2337318-SNAPSHOT.jar:0.4.0-2337318-SNAPSHOT]
	at org.apache.ratis.grpc.client.GrpcClientProtocolService$RequestStreamObserver.onNext(GrpcClientProtocolService.java:168) [ratis-grpc-0.4.0-2337318-SNAPSHOT.jar:0.4.0-2337318-SNAPSHOT]
	at org.apache.ratis.thirdparty.io.grpc.stub.ServerCalls$StreamingServerCallHandler$StreamingServerCallListener.onMessage(ServerCalls.java:248) [ratis-thirdparty-misc-0.2.0.jar:0.2.0]
	at org.apache.ratis.thirdparty.io.grpc.internal.ServerCallImpl$ServerStreamListenerImpl.messagesAvailable(ServerCallImpl.java:263) [ratis-thirdparty-misc-0.2.0.jar:0.2.0]
	at org.apache.ratis.thirdparty.io.grpc.internal.ServerImpl$JumpToApplicationThreadServerStreamListener$1MessagesAvailable.runInContext(ServerImpl.java:686) [ratis-thirdparty-misc-0.2.0.jar:0.2.0]
	at org.apache.ratis.thirdparty.io.grpc.internal.ContextRunnable.run(ContextRunnable.java:37) [ratis-thirdparty-misc-0.2.0.jar:0.2.0]
	at org.apache.ratis.thirdparty.io.grpc.internal.SerializingExecutor.run(SerializingExecutor.java:123) [ratis-thirdparty-misc-0.2.0.jar:0.2.0]
	at java.util.concurrent.ThreadPoolExecutor.runWorker(ThreadPoolExecutor.java:1149) [?:1.8.0_212]
	at java.util.concurrent.ThreadPoolExecutor$Worker.run(ThreadPoolExecutor.java:624) [?:1.8.0_212]
	at java.lang.Thread.run(Thread.java:748) [?:1.8.0_212]
2019-07-14 11:08:59,403 INFO  client.GrpcClientProtocolClient (GrpcClientProtocolClient.java:onNext(255)) - client-4DDDCEFE44B0->f296797d-749e-4308-b8db-39d6f9660560: receive RaftClientReply:client-4DDDCEFE44B0->f296797d-749e-4308-b8db-39d6f9660560@group-5C8DAF6BD76D, cid=275, FAILED org.apache.ratis.protocol.StateMachineException: org.apache.hadoop.hdds.scm.container.common.helpers.ContainerNotOpenException from Server f296797d-749e-4308-b8db-39d6f9660560: Container 1 in CLOSED state, logIndex=0, commits[f296797d-749e-4308-b8db-39d6f9660560:c8, b3c26f84-ced4-4ded-89e0-27fb4ce92002:c7, 665fa842-ba79-45b7-af82-2a2d5438b243:c7]
11:08:59.403 [grpc-default-executor-8] ERROR DNAudit - user=null | ip=null | op=PUT_BLOCK {blockData=[blockId=conID: 1 locID: 102439487541411862 bcsId: 0,size=334]} | ret=FAILURE
org.apache.hadoop.hdds.scm.container.common.helpers.ContainerNotOpenException: Container 1 in CLOSED state
	at org.apache.hadoop.ozone.container.common.impl.HddsDispatcher.validateContainerCommand(HddsDispatcher.java:408) ~[hadoop-hdds-container-service-0.5.0-SNAPSHOT.jar:?]
	at org.apache.hadoop.ozone.container.common.transport.server.ratis.ContainerStateMachine.startTransaction(ContainerStateMachine.java:272) ~[hadoop-hdds-container-service-0.5.0-SNAPSHOT.jar:?]
	at org.apache.ratis.server.impl.RaftServerImpl.submitClientRequestAsync(RaftServerImpl.java:566) ~[ratis-server-0.4.0-2337318-SNAPSHOT.jar:0.4.0-2337318-SNAPSHOT]
	at org.apache.ratis.server.impl.RaftServerProxy.lambda$submitClientRequestAsync$7(RaftServerProxy.java:333) ~[ratis-server-0.4.0-2337318-SNAPSHOT.jar:0.4.0-2337318-SNAPSHOT]
	at org.apache.ratis.server.impl.RaftServerProxy.lambda$null$5(RaftServerProxy.java:328) ~[ratis-server-0.4.0-2337318-SNAPSHOT.jar:0.4.0-2337318-SNAPSHOT]
	at org.apache.ratis.util.JavaUtils.callAsUnchecked(JavaUtils.java:109) ~[ratis-common-0.4.0-2337318-SNAPSHOT.jar:0.4.0-2337318-SNAPSHOT]
	at org.apache.ratis.server.impl.RaftServerProxy.lambda$submitRequest$6(RaftServerProxy.java:328) ~[ratis-server-0.4.0-2337318-SNAPSHOT.jar:0.4.0-2337318-SNAPSHOT]
	at java.util.concurrent.CompletableFuture.uniComposeStage(CompletableFuture.java:981) ~[?:1.8.0_212]
	at java.util.concurrent.CompletableFuture.thenCompose(CompletableFuture.java:2124) ~[?:1.8.0_212]
	at org.apache.ratis.server.impl.RaftServerProxy.submitRequest(RaftServerProxy.java:327) ~[ratis-server-0.4.0-2337318-SNAPSHOT.jar:0.4.0-2337318-SNAPSHOT]
	at org.apache.ratis.server.impl.RaftServerProxy.submitClientRequestAsync(RaftServerProxy.java:333) ~[ratis-server-0.4.0-2337318-SNAPSHOT.jar:0.4.0-2337318-SNAPSHOT]
	at org.apache.ratis.grpc.client.GrpcClientProtocolService$RequestStreamObserver.processClientRequest(GrpcClientProtocolService.java:220) ~[ratis-grpc-0.4.0-2337318-SNAPSHOT.jar:0.4.0-2337318-SNAPSHOT]
	at org.apache.ratis.grpc.client.GrpcClientProtocolService$OrderedRequestStreamObserver.processClientRequest(GrpcClientProtocolService.java:326) ~[ratis-grpc-0.4.0-2337318-SNAPSHOT.jar:0.4.0-2337318-SNAPSHOT]
	at org.apache.ratis.util.SlidingWindow$Server.processRequestsFromHead(SlidingWindow.java:429) [ratis-common-0.4.0-2337318-SNAPSHOT.jar:0.4.0-2337318-SNAPSHOT]
	at org.apache.ratis.util.SlidingWindow$Server.receivedRequest(SlidingWindow.java:421) [ratis-common-0.4.0-2337318-SNAPSHOT.jar:0.4.0-2337318-SNAPSHOT]
	at org.apache.ratis.grpc.client.GrpcClientProtocolService$OrderedRequestStreamObserver.processClientRequest(GrpcClientProtocolService.java:345) [ratis-grpc-0.4.0-2337318-SNAPSHOT.jar:0.4.0-2337318-SNAPSHOT]
	at org.apache.ratis.grpc.client.GrpcClientProtocolService$RequestStreamObserver.onNext(GrpcClientProtocolService.java:240) [ratis-grpc-0.4.0-2337318-SNAPSHOT.jar:0.4.0-2337318-SNAPSHOT]
	at org.apache.ratis.grpc.client.GrpcClientProtocolService$RequestStreamObserver.onNext(GrpcClientProtocolService.java:168) [ratis-grpc-0.4.0-2337318-SNAPSHOT.jar:0.4.0-2337318-SNAPSHOT]
	at org.apache.ratis.thirdparty.io.grpc.stub.ServerCalls$StreamingServerCallHandler$StreamingServerCallListener.onMessage(ServerCalls.java:248) [ratis-thirdparty-misc-0.2.0.jar:0.2.0]
	at org.apache.ratis.thirdparty.io.grpc.internal.ServerCallImpl$ServerStreamListenerImpl.messagesAvailable(ServerCallImpl.java:263) [ratis-thirdparty-misc-0.2.0.jar:0.2.0]
	at org.apache.ratis.thirdparty.io.grpc.internal.ServerImpl$JumpToApplicationThreadServerStreamListener$1MessagesAvailable.runInContext(ServerImpl.java:686) [ratis-thirdparty-misc-0.2.0.jar:0.2.0]
	at org.apache.ratis.thirdparty.io.grpc.internal.ContextRunnable.run(ContextRunnable.java:37) [ratis-thirdparty-misc-0.2.0.jar:0.2.0]
	at org.apache.ratis.thirdparty.io.grpc.internal.SerializingExecutor.run(SerializingExecutor.java:123) [ratis-thirdparty-misc-0.2.0.jar:0.2.0]
	at java.util.concurrent.ThreadPoolExecutor.runWorker(ThreadPoolExecutor.java:1149) [?:1.8.0_212]
	at java.util.concurrent.ThreadPoolExecutor$Worker.run(ThreadPoolExecutor.java:624) [?:1.8.0_212]
	at java.lang.Thread.run(Thread.java:748) [?:1.8.0_212]
2019-07-14 11:08:59,409 INFO  client.GrpcClientProtocolClient (GrpcClientProtocolClient.java:onNext(255)) - client-4DDDCEFE44B0->f296797d-749e-4308-b8db-39d6f9660560: receive RaftClientReply:client-4DDDCEFE44B0->f296797d-749e-4308-b8db-39d6f9660560@group-5C8DAF6BD76D, cid=276, FAILED org.apache.ratis.protocol.StateMachineException: org.apache.hadoop.hdds.scm.container.common.helpers.ContainerNotOpenException from Server f296797d-749e-4308-b8db-39d6f9660560: Container 1 in CLOSED state, logIndex=0, commits[f296797d-749e-4308-b8db-39d6f9660560:c8, b3c26f84-ced4-4ded-89e0-27fb4ce92002:c7, 665fa842-ba79-45b7-af82-2a2d5438b243:c7]
2019-07-14 11:08:59,411 INFO  client.GrpcClientProtocolClient (GrpcClientProtocolClient.java:onNext(255)) - client-4DDDCEFE44B0->f296797d-749e-4308-b8db-39d6f9660560: receive RaftClientReply:client-4DDDCEFE44B0->f296797d-749e-4308-b8db-39d6f9660560@group-5C8DAF6BD76D, cid=277, FAILED org.apache.ratis.protocol.StateMachineException: org.apache.hadoop.hdds.scm.container.common.helpers.ContainerNotOpenException from Server f296797d-749e-4308-b8db-39d6f9660560: Container 1 in CLOSED state, logIndex=0, commits[f296797d-749e-4308-b8db-39d6f9660560:c8, b3c26f84-ced4-4ded-89e0-27fb4ce92002:c7, 665fa842-ba79-45b7-af82-2a2d5438b243:c7]
2019-07-14 11:08:59,416 INFO  interfaces.Container (KeyValueContainer.java:compactDB(356)) - Container 1 is closed with bcsId 4.
2019-07-14 11:08:59,426 INFO  interfaces.Container (KeyValueContainer.java:compactDB(356)) - Container 1 is closed with bcsId 4.
2019-07-14 11:08:59,432 INFO  interfaces.Container (KeyValueContainer.java:compactDB(356)) - Container 1 is closed with bcsId 4.
2019-07-14 11:08:59,439 INFO  client.GrpcClientProtocolClient (GrpcClientProtocolClient.java:onNext(255)) - client-0D9EB2B949A6->c850fbc6-b33b-4eb6-8c07-36c7bc8c2b81: receive RaftClientReply:client-0D9EB2B949A6->c850fbc6-b33b-4eb6-8c07-36c7bc8c2b81@group-7C85724D7D1E, cid=278, FAILED org.apache.ratis.protocol.NotLeaderException: Server c850fbc6-b33b-4eb6-8c07-36c7bc8c2b81 is not the leader (28fe82b7-ebd9-4a2a-8554-bbddc320b8ae:192.168.157.209:33828). Request must be sent to leader., logIndex=0, commits[c850fbc6-b33b-4eb6-8c07-36c7bc8c2b81:c-1, 28fe82b7-ebd9-4a2a-8554-bbddc320b8ae:c-1, 6ce46959-8e32-4e70-a445-cddac5da34a1:c-1]
2019-07-14 11:08:59,602 INFO  client.GrpcClientProtocolClient (GrpcClientProtocolClient.java:onNext(255)) - client-0D9EB2B949A6->28fe82b7-ebd9-4a2a-8554-bbddc320b8ae: receive RaftClientReply:client-0D9EB2B949A6->28fe82b7-ebd9-4a2a-8554-bbddc320b8ae@group-7C85724D7D1E, cid=278, SUCCESS, logIndex=1, commits[28fe82b7-ebd9-4a2a-8554-bbddc320b8ae:c1, c850fbc6-b33b-4eb6-8c07-36c7bc8c2b81:c0, 6ce46959-8e32-4e70-a445-cddac5da34a1:c0]
2019-07-14 11:08:59,611 INFO  client.GrpcClientProtocolClient (GrpcClientProtocolClient.java:onNext(255)) - client-0D9EB2B949A6->28fe82b7-ebd9-4a2a-8554-bbddc320b8ae: receive RaftClientReply:client-0D9EB2B949A6->28fe82b7-ebd9-4a2a-8554-bbddc320b8ae@group-7C85724D7D1E, cid=279, SUCCESS, logIndex=3, commits[28fe82b7-ebd9-4a2a-8554-bbddc320b8ae:c4, c850fbc6-b33b-4eb6-8c07-36c7bc8c2b81:c1, 6ce46959-8e32-4e70-a445-cddac5da34a1:c1]
2019-07-14 11:08:59,694 INFO  client.GrpcClientProtocolClient (GrpcClientProtocolClient.java:onNext(255)) - client-0D9EB2B949A6->28fe82b7-ebd9-4a2a-8554-bbddc320b8ae: receive RaftClientReply:client-0D9EB2B949A6->28fe82b7-ebd9-4a2a-8554-bbddc320b8ae@group-7C85724D7D1E, cid=280, SUCCESS, logIndex=4, commits[28fe82b7-ebd9-4a2a-8554-bbddc320b8ae:c6, c850fbc6-b33b-4eb6-8c07-36c7bc8c2b81:c4, 6ce46959-8e32-4e70-a445-cddac5da34a1:c4]
2019-07-14 11:08:59,719 INFO  pipeline.Pipeline (Pipeline.java:getProtobufMessage(195)) - Serialize pipeline PipelineID=62bb390a-bb89-4ff3-b396-7c85724d7d1e with nodesInOrder{ }
2019-07-14 11:08:59,720 INFO  ozone.MiniOzoneClusterImpl (MiniOzoneClusterImpl.java:shutdown(321)) - Shutting down the Mini Ozone Cluster
2019-07-14 11:08:59,720 INFO  ozone.MiniOzoneClusterImpl (MiniOzoneClusterImpl.java:stop(336)) - Stopping the Mini Ozone Cluster
2019-07-14 11:08:59,721 INFO  ozone.MiniOzoneClusterImpl (MiniOzoneClusterImpl.java:stop(338)) - Stopping the OzoneManager
2019-07-14 11:08:59,721 INFO  ipc.Server (Server.java:stop(3082)) - Stopping server on 33525
2019-07-14 11:08:59,730 INFO  ipc.Server (Server.java:run(1185)) - Stopping IPC Server listener on 33525
2019-07-14 11:08:59,730 INFO  utils.BackgroundService (BackgroundService.java:shutdown(148)) - Shutting down service KeyDeletingService
2019-07-14 11:08:59,732 INFO  ipc.Server (Server.java:run(1319)) - Stopping IPC Server Responder
2019-07-14 11:08:59,748 INFO  handler.ContextHandler (ContextHandler.java:doStop(910)) - Stopped o.e.j.w.WebAppContext@3b21f625{/,null,UNAVAILABLE}{/ozoneManager}
2019-07-14 11:08:59,760 INFO  server.AbstractConnector (AbstractConnector.java:doStop(318)) - Stopped ServerConnector@5d08bc22{HTTP/1.1,[http/1.1]}{0.0.0.0:0}
2019-07-14 11:08:59,760 INFO  handler.ContextHandler (ContextHandler.java:doStop(910)) - Stopped o.e.j.s.ServletContextHandler@34f3189{/static,file:///workdir/hadoop-ozone/integration-test/target/test-classes/webapps/static,UNAVAILABLE}
2019-07-14 11:08:59,760 INFO  handler.ContextHandler (ContextHandler.java:doStop(910)) - Stopped o.e.j.s.ServletContextHandler@5cd3f5bf{/logs,file:///workdir/hadoop-ozone/integration-test/target/log,UNAVAILABLE}
2019-07-14 11:08:59,762 INFO  ozone.MiniOzoneClusterImpl (MiniOzoneClusterImpl.java:stop(344)) - Shutting the HddsDatanodes
2019-07-14 11:08:59,763 INFO  datanode.ObjectStoreHandler (ObjectStoreHandler.java:close(155)) - Closing ObjectStoreHandler.
2019-07-14 11:08:59,763 INFO  datanode.ObjectStoreHandler (ObjectStoreHandler.java:close(155)) - Closing ObjectStoreHandler.
2019-07-14 11:08:59,763 INFO  ozone.HddsDatanodeService (HddsDatanodeService.java:stop(452)) - Stopped plug-in org.apache.hadoop.ozone.web.OzoneHddsDatanodeService@16b5c059
2019-07-14 11:08:59,763 INFO  ozone.HddsDatanodeService (HddsDatanodeService.java:stop(452)) - Stopped plug-in org.apache.hadoop.ozone.web.OzoneHddsDatanodeService@7018c94
2019-07-14 11:09:00,427 INFO  statemachine.DatanodeStateMachine (DatanodeStateMachine.java:lambda$startDaemon$0(350)) - Ozone container server started.
2019-07-14 11:09:00,591 INFO  statemachine.DatanodeStateMachine (DatanodeStateMachine.java:lambda$startDaemon$0(350)) - Ozone container server started.
2019-07-14 11:09:04,508 INFO  node.StaleNodeHandler (StaleNodeHandler.java:onMessage(58)) - Datanode f296797d-749e-4308-b8db-39d6f9660560{ip: 192.168.157.209, host: trunk-nightly-fxmrv-2540794721, networkLocation: /default-rack, certSerialId: null} moved to stale state. Finalizing its pipelines [PipelineID=14775844-fa73-4a94-adf1-3af67671dcc8, PipelineID=fe27d62f-e19e-454a-900c-5c8daf6bd76d]
2019-07-14 11:09:04,508 INFO  pipeline.SCMPipelineManager (SCMPipelineManager.java:finalizeAndDestroyPipeline(309)) - destroying pipeline:Pipeline[ Id: 14775844-fa73-4a94-adf1-3af67671dcc8, Nodes: f296797d-749e-4308-b8db-39d6f9660560{ip: 192.168.157.209, host: trunk-nightly-fxmrv-2540794721, networkLocation: /default-rack, certSerialId: null}, Type:RATIS, Factor:ONE, State:OPEN]
2019-07-14 11:09:04,508 INFO  pipeline.PipelineStateManager (PipelineStateManager.java:finalizePipeline(123)) - Pipeline Pipeline[ Id: 14775844-fa73-4a94-adf1-3af67671dcc8, Nodes: f296797d-749e-4308-b8db-39d6f9660560{ip: 192.168.157.209, host: trunk-nightly-fxmrv-2540794721, networkLocation: /default-rack, certSerialId: null}, Type:RATIS, Factor:ONE, State:CLOSED] moved to CLOSED state
2019-07-14 11:09:04,509 INFO  pipeline.SCMPipelineManager (SCMPipelineManager.java:finalizeAndDestroyPipeline(309)) - destroying pipeline:Pipeline[ Id: fe27d62f-e19e-454a-900c-5c8daf6bd76d, Nodes: f296797d-749e-4308-b8db-39d6f9660560{ip: 192.168.157.209, host: trunk-nightly-fxmrv-2540794721, networkLocation: /default-rack, certSerialId: null}665fa842-ba79-45b7-af82-2a2d5438b243{ip: 192.168.157.209, host: trunk-nightly-fxmrv-2540794721, networkLocation: /default-rack, certSerialId: null}b3c26f84-ced4-4ded-89e0-27fb4ce92002{ip: 192.168.157.209, host: trunk-nightly-fxmrv-2540794721, networkLocation: /default-rack, certSerialId: null}, Type:RATIS, Factor:THREE, State:OPEN]
2019-07-14 11:09:04,509 INFO  pipeline.PipelineStateManager (PipelineStateManager.java:finalizePipeline(123)) - Pipeline Pipeline[ Id: fe27d62f-e19e-454a-900c-5c8daf6bd76d, Nodes: f296797d-749e-4308-b8db-39d6f9660560{ip: 192.168.157.209, host: trunk-nightly-fxmrv-2540794721, networkLocation: /default-rack, certSerialId: null}665fa842-ba79-45b7-af82-2a2d5438b243{ip: 192.168.157.209, host: trunk-nightly-fxmrv-2540794721, networkLocation: /default-rack, certSerialId: null}b3c26f84-ced4-4ded-89e0-27fb4ce92002{ip: 192.168.157.209, host: trunk-nightly-fxmrv-2540794721, networkLocation: /default-rack, certSerialId: null}, Type:RATIS, Factor:THREE, State:CLOSED] moved to CLOSED state
2019-07-14 11:09:04,608 INFO  node.StaleNodeHandler (StaleNodeHandler.java:onMessage(58)) - Datanode 28fe82b7-ebd9-4a2a-8554-bbddc320b8ae{ip: 192.168.157.209, host: trunk-nightly-fxmrv-2540794721, networkLocation: /default-rack, certSerialId: null} moved to stale state. Finalizing its pipelines [PipelineID=62bb390a-bb89-4ff3-b396-7c85724d7d1e, PipelineID=c90e30c3-5e80-4733-ac11-a6b1d6a1d5a3]
2019-07-14 11:09:04,608 INFO  pipeline.SCMPipelineManager (SCMPipelineManager.java:finalizeAndDestroyPipeline(309)) - destroying pipeline:Pipeline[ Id: 62bb390a-bb89-4ff3-b396-7c85724d7d1e, Nodes: c850fbc6-b33b-4eb6-8c07-36c7bc8c2b81{ip: 192.168.157.209, host: trunk-nightly-fxmrv-2540794721, networkLocation: /default-rack, certSerialId: null}6ce46959-8e32-4e70-a445-cddac5da34a1{ip: 192.168.157.209, host: trunk-nightly-fxmrv-2540794721, networkLocation: /default-rack, certSerialId: null}28fe82b7-ebd9-4a2a-8554-bbddc320b8ae{ip: 192.168.157.209, host: trunk-nightly-fxmrv-2540794721, networkLocation: /default-rack, certSerialId: null}, Type:RATIS, Factor:THREE, State:OPEN]
2019-07-14 11:09:04,608 INFO  pipeline.PipelineStateManager (PipelineStateManager.java:finalizePipeline(123)) - Pipeline Pipeline[ Id: 62bb390a-bb89-4ff3-b396-7c85724d7d1e, Nodes: c850fbc6-b33b-4eb6-8c07-36c7bc8c2b81{ip: 192.168.157.209, host: trunk-nightly-fxmrv-2540794721, networkLocation: /default-rack, certSerialId: null}6ce46959-8e32-4e70-a445-cddac5da34a1{ip: 192.168.157.209, host: trunk-nightly-fxmrv-2540794721, networkLocation: /default-rack, certSerialId: null}28fe82b7-ebd9-4a2a-8554-bbddc320b8ae{ip: 192.168.157.209, host: trunk-nightly-fxmrv-2540794721, networkLocation: /default-rack, certSerialId: null}, Type:RATIS, Factor:THREE, State:CLOSED] moved to CLOSED state
2019-07-14 11:09:04,608 INFO  container.CloseContainerEventHandler (CloseContainerEventHandler.java:onMessage(61)) - Close container Event triggered for container : #2
2019-07-14 11:09:04,609 INFO  pipeline.SCMPipelineManager (SCMPipelineManager.java:finalizeAndDestroyPipeline(309)) - destroying pipeline:Pipeline[ Id: c90e30c3-5e80-4733-ac11-a6b1d6a1d5a3, Nodes: 28fe82b7-ebd9-4a2a-8554-bbddc320b8ae{ip: 192.168.157.209, host: trunk-nightly-fxmrv-2540794721, networkLocation: /default-rack, certSerialId: null}, Type:RATIS, Factor:ONE, State:OPEN]
2019-07-14 11:09:04,609 INFO  pipeline.PipelineStateManager (PipelineStateManager.java:finalizePipeline(123)) - Pipeline Pipeline[ Id: c90e30c3-5e80-4733-ac11-a6b1d6a1d5a3, Nodes: 28fe82b7-ebd9-4a2a-8554-bbddc320b8ae{ip: 192.168.157.209, host: trunk-nightly-fxmrv-2540794721, networkLocation: /default-rack, certSerialId: null}, Type:RATIS, Factor:ONE, State:CLOSED] moved to CLOSED state
2019-07-14 11:09:04,764 INFO  ozoneimpl.OzoneContainer (OzoneContainer.java:stop(199)) - Attempting to stop container services.
2019-07-14 11:09:04,764 INFO  ozoneimpl.OzoneContainer (OzoneContainer.java:stop(199)) - Attempting to stop container services.
2019-07-14 11:09:04,764 INFO  impl.RaftServerProxy (RaftServerProxy.java:lambda$close$4(314)) - 28fe82b7-ebd9-4a2a-8554-bbddc320b8ae: close
2019-07-14 11:09:04,765 INFO  impl.RaftServerProxy (RaftServerProxy.java:lambda$close$4(314)) - f296797d-749e-4308-b8db-39d6f9660560: close
2019-07-14 11:09:04,765 INFO  impl.RaftServerImpl (RaftServerImpl.java:lambda$shutdown$3(245)) - 28fe82b7-ebd9-4a2a-8554-bbddc320b8ae: shutdown group-7C85724D7D1E
2019-07-14 11:09:04,765 INFO  impl.RaftServerImpl (RaftServerImpl.java:lambda$shutdown$3(245)) - f296797d-749e-4308-b8db-39d6f9660560: shutdown group-3AF67671DCC8
2019-07-14 11:09:04,765 INFO  util.JmxRegister (JmxRegister.java:unregister(73)) - Successfully un-registered JMX Bean with object name Ratis:service=RaftServer,group=group-7C85724D7D1E,id=28fe82b7-ebd9-4a2a-8554-bbddc320b8ae
2019-07-14 11:09:04,766 INFO  util.JmxRegister (JmxRegister.java:unregister(73)) - Successfully un-registered JMX Bean with object name Ratis:service=RaftServer,group=group-3AF67671DCC8,id=f296797d-749e-4308-b8db-39d6f9660560
2019-07-14 11:09:04,766 INFO  impl.RoleInfo (RoleInfo.java:shutdownLeaderState(104)) - 28fe82b7-ebd9-4a2a-8554-bbddc320b8ae: shutdown LeaderState
2019-07-14 11:09:04,767 INFO  impl.RoleInfo (RoleInfo.java:shutdownLeaderState(104)) - f296797d-749e-4308-b8db-39d6f9660560: shutdown LeaderState
2019-07-14 11:09:04,785 WARN  server.GrpcLogAppender (GrpcLogAppender.java:mayWait(143)) - GrpcLogAppender(28fe82b7-ebd9-4a2a-8554-bbddc320b8ae->c850fbc6-b33b-4eb6-8c07-36c7bc8c2b81): Wait interrupted by java.lang.InterruptedException
2019-07-14 11:09:04,785 WARN  server.GrpcLogAppender (GrpcLogAppender.java:mayWait(143)) - GrpcLogAppender(28fe82b7-ebd9-4a2a-8554-bbddc320b8ae->6ce46959-8e32-4e70-a445-cddac5da34a1): Wait interrupted by java.lang.InterruptedException
2019-07-14 11:09:04,785 INFO  impl.PendingRequests (PendingRequests.java:sendNotLeaderResponses(202)) - 28fe82b7-ebd9-4a2a-8554-bbddc320b8ae-PendingRequests: sendNotLeaderResponses
2019-07-14 11:09:04,786 INFO  server.GrpcServerProtocolService (GrpcServerProtocolService.java:onCompleted(104)) - 6ce46959-8e32-4e70-a445-cddac5da34a1: appendEntries completed
2019-07-14 11:09:04,786 INFO  server.GrpcServerProtocolService (GrpcServerProtocolService.java:onCompleted(104)) - c850fbc6-b33b-4eb6-8c07-36c7bc8c2b81: appendEntries completed
2019-07-14 11:09:04,785 INFO  impl.PendingRequests (PendingRequests.java:sendNotLeaderResponses(202)) - f296797d-749e-4308-b8db-39d6f9660560-PendingRequests: sendNotLeaderResponses
2019-07-14 11:09:04,795 INFO  server.GrpcLogAppender (GrpcLogAppender.java:onCompleted(292)) - 28fe82b7-ebd9-4a2a-8554-bbddc320b8ae->c850fbc6-b33b-4eb6-8c07-36c7bc8c2b81: follower responses appendEntries COMPLETED
2019-07-14 11:09:04,795 INFO  server.GrpcLogAppender (GrpcLogAppender.java:onCompleted(292)) - 28fe82b7-ebd9-4a2a-8554-bbddc320b8ae->6ce46959-8e32-4e70-a445-cddac5da34a1: follower responses appendEntries COMPLETED
2019-07-14 11:09:04,794 INFO  ratis.ContainerStateMachine (ContainerStateMachine.java:takeSnapshot(249)) - group-7C85724D7D1E: Taking a snapshot at:(t:1, i:6) file /workdir/hadoop-ozone/integration-test/target/test-dir/MiniOzoneClusterImpl-b769e16a-867c-4841-9f53-e34879b9b639/datanode-4/data/ratis/62bb390a-bb89-4ff3-b396-7c85724d7d1e/sm/snapshot.1_6
2019-07-14 11:09:04,794 INFO  impl.StateMachineUpdater (StateMachineUpdater.java:stopAndJoin(115)) - StateMachineUpdater:28fe82b7-ebd9-4a2a-8554-bbddc320b8ae:group-7C85724D7D1E: set stopIndex = 6
2019-07-14 11:09:04,795 INFO  impl.FollowerInfo (FollowerInfo.java:lambda$new$0(50)) - 28fe82b7-ebd9-4a2a-8554-bbddc320b8ae->6ce46959-8e32-4e70-a445-cddac5da34a1: nextIndex: updateUnconditionally 7 -> 6
2019-07-14 11:09:04,795 INFO  impl.FollowerInfo (FollowerInfo.java:lambda$new$0(50)) - 28fe82b7-ebd9-4a2a-8554-bbddc320b8ae->c850fbc6-b33b-4eb6-8c07-36c7bc8c2b81: nextIndex: updateUnconditionally 7 -> 6
2019-07-14 11:09:04,795 INFO  impl.StateMachineUpdater (StateMachineUpdater.java:stopAndJoin(115)) - StateMachineUpdater:f296797d-749e-4308-b8db-39d6f9660560:group-3AF67671DCC8: set stopIndex = 0
2019-07-14 11:09:04,796 INFO  ratis.ContainerStateMachine (ContainerStateMachine.java:takeSnapshot(257)) - group-7C85724D7D1E: Finished taking a snapshot at:(t:1, i:6) file:/workdir/hadoop-ozone/integration-test/target/test-dir/MiniOzoneClusterImpl-b769e16a-867c-4841-9f53-e34879b9b639/datanode-4/data/ratis/62bb390a-bb89-4ff3-b396-7c85724d7d1e/sm/snapshot.1_6 time:2
2019-07-14 11:09:04,797 INFO  impl.RaftServerImpl (ServerState.java:close(394)) - f296797d-749e-4308-b8db-39d6f9660560:group-3AF67671DCC8 closes. The last applied log index is 0
2019-07-14 11:09:04,797 INFO  impl.StateMachineUpdater (StateMachineUpdater.java:takeSnapshot(242)) - StateMachineUpdater:28fe82b7-ebd9-4a2a-8554-bbddc320b8ae:group-7C85724D7D1E: Took a snapshot at index 6
2019-07-14 11:09:04,798 INFO  impl.StateMachineUpdater (StateMachineUpdater.java:lambda$new$0(80)) - StateMachineUpdater:28fe82b7-ebd9-4a2a-8554-bbddc320b8ae:group-7C85724D7D1E: snapshotIndex: updateIncreasingly -1 -> 6
2019-07-14 11:09:04,798 INFO  impl.RaftServerImpl (ServerState.java:close(394)) - 28fe82b7-ebd9-4a2a-8554-bbddc320b8ae:group-7C85724D7D1E closes. The last applied log index is 6
2019-07-14 11:09:04,798 INFO  segmented.SegmentedRaftLogWorker (SegmentedRaftLogWorker.java:run(313)) - f296797d-749e-4308-b8db-39d6f9660560-SegmentedRaftLogWorker:Storage Directory /workdir/hadoop-ozone/integration-test/target/test-dir/MiniOzoneClusterImpl-b769e16a-867c-4841-9f53-e34879b9b639/datanode-1/data/ratis/14775844-fa73-4a94-adf1-3af67671dcc8 was interrupted, exiting. There are 0 tasks remaining in the queue.
2019-07-14 11:09:04,798 INFO  segmented.SegmentedRaftLogWorker (SegmentedRaftLogWorker.java:run(313)) - 28fe82b7-ebd9-4a2a-8554-bbddc320b8ae-SegmentedRaftLogWorker:Storage Directory /workdir/hadoop-ozone/integration-test/target/test-dir/MiniOzoneClusterImpl-b769e16a-867c-4841-9f53-e34879b9b639/datanode-4/data/ratis/62bb390a-bb89-4ff3-b396-7c85724d7d1e was interrupted, exiting. There are 0 tasks remaining in the queue.
2019-07-14 11:09:04,804 INFO  segmented.SegmentedRaftLogWorker (SegmentedRaftLogWorker.java:close(228)) - 28fe82b7-ebd9-4a2a-8554-bbddc320b8ae-SegmentedRaftLogWorker:Storage Directory /workdir/hadoop-ozone/integration-test/target/test-dir/MiniOzoneClusterImpl-b769e16a-867c-4841-9f53-e34879b9b639/datanode-4/data/ratis/62bb390a-bb89-4ff3-b396-7c85724d7d1e close()
2019-07-14 11:09:04,804 INFO  segmented.SegmentedRaftLogWorker (SegmentedRaftLogWorker.java:close(228)) - f296797d-749e-4308-b8db-39d6f9660560-SegmentedRaftLogWorker:Storage Directory /workdir/hadoop-ozone/integration-test/target/test-dir/MiniOzoneClusterImpl-b769e16a-867c-4841-9f53-e34879b9b639/datanode-1/data/ratis/14775844-fa73-4a94-adf1-3af67671dcc8 close()
2019-07-14 11:09:04,809 INFO  impl.RaftServerImpl (RaftServerImpl.java:lambda$shutdown$3(245)) - 28fe82b7-ebd9-4a2a-8554-bbddc320b8ae: shutdown group-A6B1D6A1D5A3
2019-07-14 11:09:04,814 INFO  impl.RaftServerImpl (RaftServerImpl.java:lambda$shutdown$3(245)) - f296797d-749e-4308-b8db-39d6f9660560: shutdown group-5C8DAF6BD76D
2019-07-14 11:09:04,815 INFO  util.JmxRegister (JmxRegister.java:unregister(73)) - Successfully un-registered JMX Bean with object name Ratis:service=RaftServer,group=group-A6B1D6A1D5A3,id=28fe82b7-ebd9-4a2a-8554-bbddc320b8ae
2019-07-14 11:09:04,815 INFO  util.JmxRegister (JmxRegister.java:unregister(73)) - Successfully un-registered JMX Bean with object name Ratis:service=RaftServer,group=group-5C8DAF6BD76D,id=f296797d-749e-4308-b8db-39d6f9660560
2019-07-14 11:09:04,815 INFO  impl.RoleInfo (RoleInfo.java:shutdownLeaderState(104)) - 28fe82b7-ebd9-4a2a-8554-bbddc320b8ae: shutdown LeaderState
2019-07-14 11:09:04,816 INFO  impl.RoleInfo (RoleInfo.java:shutdownLeaderState(104)) - f296797d-749e-4308-b8db-39d6f9660560: shutdown LeaderState
2019-07-14 11:09:04,816 INFO  impl.PendingRequests (PendingRequests.java:sendNotLeaderResponses(202)) - 28fe82b7-ebd9-4a2a-8554-bbddc320b8ae-PendingRequests: sendNotLeaderResponses
2019-07-14 11:09:04,817 WARN  server.GrpcLogAppender (GrpcLogAppender.java:mayWait(143)) - GrpcLogAppender(f296797d-749e-4308-b8db-39d6f9660560->b3c26f84-ced4-4ded-89e0-27fb4ce92002): Wait interrupted by java.lang.InterruptedException
2019-07-14 11:09:04,817 WARN  server.GrpcLogAppender (GrpcLogAppender.java:mayWait(143)) - GrpcLogAppender(f296797d-749e-4308-b8db-39d6f9660560->665fa842-ba79-45b7-af82-2a2d5438b243): Wait interrupted by java.lang.InterruptedException
2019-07-14 11:09:04,817 INFO  impl.PendingRequests (PendingRequests.java:sendNotLeaderResponses(202)) - f296797d-749e-4308-b8db-39d6f9660560-PendingRequests: sendNotLeaderResponses
2019-07-14 11:09:04,817 INFO  server.GrpcServerProtocolService (GrpcServerProtocolService.java:onCompleted(104)) - b3c26f84-ced4-4ded-89e0-27fb4ce92002: appendEntries completed
2019-07-14 11:09:04,817 INFO  impl.StateMachineUpdater (StateMachineUpdater.java:stopAndJoin(115)) - StateMachineUpdater:28fe82b7-ebd9-4a2a-8554-bbddc320b8ae:group-A6B1D6A1D5A3: set stopIndex = 0
2019-07-14 11:09:04,824 INFO  server.GrpcLogAppender (GrpcLogAppender.java:onCompleted(292)) - f296797d-749e-4308-b8db-39d6f9660560->b3c26f84-ced4-4ded-89e0-27fb4ce92002: follower responses appendEntries COMPLETED
2019-07-14 11:09:04,824 INFO  ratis.ContainerStateMachine (ContainerStateMachine.java:takeSnapshot(249)) - group-5C8DAF6BD76D: Taking a snapshot at:(t:1, i:8) file /workdir/hadoop-ozone/integration-test/target/test-dir/MiniOzoneClusterImpl-b769e16a-867c-4841-9f53-e34879b9b639/datanode-1/data/ratis/fe27d62f-e19e-454a-900c-5c8daf6bd76d/sm/snapshot.1_8
2019-07-14 11:09:04,824 INFO  impl.StateMachineUpdater (StateMachineUpdater.java:stopAndJoin(115)) - StateMachineUpdater:f296797d-749e-4308-b8db-39d6f9660560:group-5C8DAF6BD76D: set stopIndex = 8
2019-07-14 11:09:04,818 INFO  server.GrpcServerProtocolService (GrpcServerProtocolService.java:onCompleted(104)) - 665fa842-ba79-45b7-af82-2a2d5438b243: appendEntries completed
2019-07-14 11:09:04,825 INFO  ratis.ContainerStateMachine (ContainerStateMachine.java:takeSnapshot(257)) - group-5C8DAF6BD76D: Finished taking a snapshot at:(t:1, i:8) file:/workdir/hadoop-ozone/integration-test/target/test-dir/MiniOzoneClusterImpl-b769e16a-867c-4841-9f53-e34879b9b639/datanode-1/data/ratis/fe27d62f-e19e-454a-900c-5c8daf6bd76d/sm/snapshot.1_8 time:1
2019-07-14 11:09:04,825 INFO  impl.StateMachineUpdater (StateMachineUpdater.java:takeSnapshot(242)) - StateMachineUpdater:f296797d-749e-4308-b8db-39d6f9660560:group-5C8DAF6BD76D: Took a snapshot at index 8
2019-07-14 11:09:04,826 INFO  impl.StateMachineUpdater (StateMachineUpdater.java:lambda$new$0(80)) - StateMachineUpdater:f296797d-749e-4308-b8db-39d6f9660560:group-5C8DAF6BD76D: snapshotIndex: updateIncreasingly -1 -> 8
2019-07-14 11:09:04,826 INFO  server.GrpcLogAppender (GrpcLogAppender.java:onCompleted(292)) - f296797d-749e-4308-b8db-39d6f9660560->665fa842-ba79-45b7-af82-2a2d5438b243: follower responses appendEntries COMPLETED
2019-07-14 11:09:04,825 INFO  impl.FollowerInfo (FollowerInfo.java:lambda$new$0(50)) - f296797d-749e-4308-b8db-39d6f9660560->b3c26f84-ced4-4ded-89e0-27fb4ce92002: nextIndex: updateUnconditionally 9 -> 8
2019-07-14 11:09:04,824 INFO  impl.RaftServerImpl (ServerState.java:close(394)) - 28fe82b7-ebd9-4a2a-8554-bbddc320b8ae:group-A6B1D6A1D5A3 closes. The last applied log index is 0
2019-07-14 11:09:04,826 INFO  impl.FollowerInfo (FollowerInfo.java:lambda$new$0(50)) - f296797d-749e-4308-b8db-39d6f9660560->665fa842-ba79-45b7-af82-2a2d5438b243: nextIndex: updateUnconditionally 9 -> 8
2019-07-14 11:09:04,826 INFO  impl.RaftServerImpl (ServerState.java:close(394)) - f296797d-749e-4308-b8db-39d6f9660560:group-5C8DAF6BD76D closes. The last applied log index is 8
2019-07-14 11:09:04,827 INFO  segmented.SegmentedRaftLogWorker (SegmentedRaftLogWorker.java:run(313)) - 28fe82b7-ebd9-4a2a-8554-bbddc320b8ae-SegmentedRaftLogWorker:Storage Directory /workdir/hadoop-ozone/integration-test/target/test-dir/MiniOzoneClusterImpl-b769e16a-867c-4841-9f53-e34879b9b639/datanode-4/data/ratis/c90e30c3-5e80-4733-ac11-a6b1d6a1d5a3 was interrupted, exiting. There are 0 tasks remaining in the queue.
2019-07-14 11:09:04,827 INFO  segmented.SegmentedRaftLogWorker (SegmentedRaftLogWorker.java:run(313)) - f296797d-749e-4308-b8db-39d6f9660560-SegmentedRaftLogWorker:Storage Directory /workdir/hadoop-ozone/integration-test/target/test-dir/MiniOzoneClusterImpl-b769e16a-867c-4841-9f53-e34879b9b639/datanode-1/data/ratis/fe27d62f-e19e-454a-900c-5c8daf6bd76d was interrupted, exiting. There are 0 tasks remaining in the queue.
2019-07-14 11:09:04,838 INFO  segmented.SegmentedRaftLogWorker (SegmentedRaftLogWorker.java:close(228)) - 28fe82b7-ebd9-4a2a-8554-bbddc320b8ae-SegmentedRaftLogWorker:Storage Directory /workdir/hadoop-ozone/integration-test/target/test-dir/MiniOzoneClusterImpl-b769e16a-867c-4841-9f53-e34879b9b639/datanode-4/data/ratis/c90e30c3-5e80-4733-ac11-a6b1d6a1d5a3 close()
2019-07-14 11:09:04,838 INFO  segmented.SegmentedRaftLogWorker (SegmentedRaftLogWorker.java:close(228)) - f296797d-749e-4308-b8db-39d6f9660560-SegmentedRaftLogWorker:Storage Directory /workdir/hadoop-ozone/integration-test/target/test-dir/MiniOzoneClusterImpl-b769e16a-867c-4841-9f53-e34879b9b639/datanode-1/data/ratis/fe27d62f-e19e-454a-900c-5c8daf6bd76d close()
2019-07-14 11:09:04,843 INFO  server.GrpcService (GrpcService.java:closeImpl(155)) - 28fe82b7-ebd9-4a2a-8554-bbddc320b8ae: shutdown server with port 33828 now
2019-07-14 11:09:04,848 INFO  server.GrpcService (GrpcService.java:closeImpl(155)) - f296797d-749e-4308-b8db-39d6f9660560: shutdown server with port 44535 now
2019-07-14 11:09:04,848 INFO  server.GrpcService (GrpcService.java:closeImpl(163)) - 28fe82b7-ebd9-4a2a-8554-bbddc320b8ae: shutdown server with port 33828 successfully
2019-07-14 11:09:04,848 INFO  server.GrpcService (GrpcService.java:closeImpl(163)) - f296797d-749e-4308-b8db-39d6f9660560: shutdown server with port 44535 successfully
2019-07-14 11:09:04,850 INFO  utils.BackgroundService (BackgroundService.java:shutdown(148)) - Shutting down service BlockDeletingService
2019-07-14 11:09:04,851 WARN  fs.CachingGetSpaceUsed (CachingGetSpaceUsed.java:run(183)) - Thread Interrupted waiting to refresh disk information: sleep interrupted
2019-07-14 11:09:04,856 INFO  utils.BackgroundService (BackgroundService.java:shutdown(148)) - Shutting down service BlockDeletingService
2019-07-14 11:09:04,858 WARN  fs.CachingGetSpaceUsed (CachingGetSpaceUsed.java:run(183)) - Thread Interrupted waiting to refresh disk information: sleep interrupted
2019-07-14 11:09:04,884 INFO  statemachine.DatanodeStateMachine (DatanodeStateMachine.java:stopDaemon(395)) - Ozone container server stopped.
2019-07-14 11:09:04,899 INFO  handler.ContextHandler (ContextHandler.java:doStop(910)) - Stopped o.e.j.w.WebAppContext@4a3ef4c9{/,null,UNAVAILABLE}{/hddsDatanode}
2019-07-14 11:09:04,901 INFO  server.AbstractConnector (AbstractConnector.java:doStop(318)) - Stopped ServerConnector@6fc26fb1{HTTP/1.1,[http/1.1]}{0.0.0.0:0}
2019-07-14 11:09:04,917 INFO  handler.ContextHandler (ContextHandler.java:doStop(910)) - Stopped o.e.j.s.ServletContextHandler@17f2e01d{/static,jar:file:/home/user/.m2/repository/org/apache/hadoop/hadoop-hdds-container-service/0.5.0-SNAPSHOT/hadoop-hdds-container-service-0.5.0-SNAPSHOT.jar!/webapps/static,UNAVAILABLE}
2019-07-14 11:09:04,917 INFO  handler.ContextHandler (ContextHandler.java:doStop(910)) - Stopped o.e.j.s.ServletContextHandler@d9ef223{/logs,file:///workdir/hadoop-ozone/integration-test/target/log,UNAVAILABLE}
2019-07-14 11:09:04,919 INFO  datanode.ObjectStoreHandler (ObjectStoreHandler.java:close(155)) - Closing ObjectStoreHandler.
2019-07-14 11:09:04,919 INFO  ozone.HddsDatanodeService (HddsDatanodeService.java:stop(452)) - Stopped plug-in org.apache.hadoop.ozone.web.OzoneHddsDatanodeService@49bc9588
2019-07-14 11:09:04,925 INFO  statemachine.DatanodeStateMachine (DatanodeStateMachine.java:stopDaemon(395)) - Ozone container server stopped.
2019-07-14 11:09:04,927 INFO  handler.ContextHandler (ContextHandler.java:doStop(910)) - Stopped o.e.j.w.WebAppContext@303ea430{/,null,UNAVAILABLE}{/hddsDatanode}
2019-07-14 11:09:04,927 INFO  server.AbstractConnector (AbstractConnector.java:doStop(318)) - Stopped ServerConnector@54d66499{HTTP/1.1,[http/1.1]}{0.0.0.0:0}
2019-07-14 11:09:04,928 INFO  handler.ContextHandler (ContextHandler.java:doStop(910)) - Stopped o.e.j.s.ServletContextHandler@2bcfdefe{/static,jar:file:/home/user/.m2/repository/org/apache/hadoop/hadoop-hdds-container-service/0.5.0-SNAPSHOT/hadoop-hdds-container-service-0.5.0-SNAPSHOT.jar!/webapps/static,UNAVAILABLE}
2019-07-14 11:09:04,928 INFO  handler.ContextHandler (ContextHandler.java:doStop(910)) - Stopped o.e.j.s.ServletContextHandler@75cc775c{/logs,file:///workdir/hadoop-ozone/integration-test/target/log,UNAVAILABLE}
2019-07-14 11:09:04,929 INFO  datanode.ObjectStoreHandler (ObjectStoreHandler.java:close(155)) - Closing ObjectStoreHandler.
2019-07-14 11:09:04,930 INFO  ozone.HddsDatanodeService (HddsDatanodeService.java:stop(452)) - Stopped plug-in org.apache.hadoop.ozone.web.OzoneHddsDatanodeService@2213c8fe
2019-07-14 11:09:05,432 INFO  statemachine.DatanodeStateMachine (DatanodeStateMachine.java:lambda$startDaemon$0(350)) - Ozone container server started.
2019-07-14 11:09:05,595 INFO  statemachine.DatanodeStateMachine (DatanodeStateMachine.java:lambda$startDaemon$0(350)) - Ozone container server started.
2019-07-14 11:09:09,523 INFO  node.StaleNodeHandler (StaleNodeHandler.java:onMessage(58)) - Datanode b3c26f84-ced4-4ded-89e0-27fb4ce92002{ip: 192.168.157.209, host: trunk-nightly-fxmrv-2540794721, networkLocation: /default-rack, certSerialId: null} moved to stale state. Finalizing its pipelines [PipelineID=fe27d62f-e19e-454a-900c-5c8daf6bd76d, PipelineID=6e01d154-0d5c-40ca-a958-bd015d498e0c]
2019-07-14 11:09:09,524 INFO  pipeline.SCMPipelineManager (SCMPipelineManager.java:finalizeAndDestroyPipeline(309)) - destroying pipeline:Pipeline[ Id: fe27d62f-e19e-454a-900c-5c8daf6bd76d, Nodes: f296797d-749e-4308-b8db-39d6f9660560{ip: 192.168.157.209, host: trunk-nightly-fxmrv-2540794721, networkLocation: /default-rack, certSerialId: null}665fa842-ba79-45b7-af82-2a2d5438b243{ip: 192.168.157.209, host: trunk-nightly-fxmrv-2540794721, networkLocation: /default-rack, certSerialId: null}b3c26f84-ced4-4ded-89e0-27fb4ce92002{ip: 192.168.157.209, host: trunk-nightly-fxmrv-2540794721, networkLocation: /default-rack, certSerialId: null}, Type:RATIS, Factor:THREE, State:CLOSED]
2019-07-14 11:09:09,524 INFO  pipeline.SCMPipelineManager (SCMPipelineManager.java:finalizeAndDestroyPipeline(309)) - destroying pipeline:Pipeline[ Id: 6e01d154-0d5c-40ca-a958-bd015d498e0c, Nodes: b3c26f84-ced4-4ded-89e0-27fb4ce92002{ip: 192.168.157.209, host: trunk-nightly-fxmrv-2540794721, networkLocation: /default-rack, certSerialId: null}, Type:RATIS, Factor:ONE, State:OPEN]
2019-07-14 11:09:09,524 INFO  pipeline.PipelineStateManager (PipelineStateManager.java:finalizePipeline(123)) - Pipeline Pipeline[ Id: 6e01d154-0d5c-40ca-a958-bd015d498e0c, Nodes: b3c26f84-ced4-4ded-89e0-27fb4ce92002{ip: 192.168.157.209, host: trunk-nightly-fxmrv-2540794721, networkLocation: /default-rack, certSerialId: null}, Type:RATIS, Factor:ONE, State:CLOSED] moved to CLOSED state
2019-07-14 11:09:09,623 INFO  node.StaleNodeHandler (StaleNodeHandler.java:onMessage(58)) - Datanode 6ce46959-8e32-4e70-a445-cddac5da34a1{ip: 192.168.157.209, host: trunk-nightly-fxmrv-2540794721, networkLocation: /default-rack, certSerialId: null} moved to stale state. Finalizing its pipelines [PipelineID=c4bce1e6-3c7d-474d-a06a-a2ebc874bd36, PipelineID=62bb390a-bb89-4ff3-b396-7c85724d7d1e]
2019-07-14 11:09:09,623 INFO  pipeline.SCMPipelineManager (SCMPipelineManager.java:finalizeAndDestroyPipeline(309)) - destroying pipeline:Pipeline[ Id: c4bce1e6-3c7d-474d-a06a-a2ebc874bd36, Nodes: 6ce46959-8e32-4e70-a445-cddac5da34a1{ip: 192.168.157.209, host: trunk-nightly-fxmrv-2540794721, networkLocation: /default-rack, certSerialId: null}, Type:RATIS, Factor:ONE, State:OPEN]
2019-07-14 11:09:09,624 INFO  pipeline.PipelineStateManager (PipelineStateManager.java:finalizePipeline(123)) - Pipeline Pipeline[ Id: c4bce1e6-3c7d-474d-a06a-a2ebc874bd36, Nodes: 6ce46959-8e32-4e70-a445-cddac5da34a1{ip: 192.168.157.209, host: trunk-nightly-fxmrv-2540794721, networkLocation: /default-rack, certSerialId: null}, Type:RATIS, Factor:ONE, State:CLOSED] moved to CLOSED state
2019-07-14 11:09:09,624 INFO  pipeline.SCMPipelineManager (SCMPipelineManager.java:finalizeAndDestroyPipeline(309)) - destroying pipeline:Pipeline[ Id: 62bb390a-bb89-4ff3-b396-7c85724d7d1e, Nodes: c850fbc6-b33b-4eb6-8c07-36c7bc8c2b81{ip: 192.168.157.209, host: trunk-nightly-fxmrv-2540794721, networkLocation: /default-rack, certSerialId: null}6ce46959-8e32-4e70-a445-cddac5da34a1{ip: 192.168.157.209, host: trunk-nightly-fxmrv-2540794721, networkLocation: /default-rack, certSerialId: null}28fe82b7-ebd9-4a2a-8554-bbddc320b8ae{ip: 192.168.157.209, host: trunk-nightly-fxmrv-2540794721, networkLocation: /default-rack, certSerialId: null}, Type:RATIS, Factor:THREE, State:CLOSED]
2019-07-14 11:09:09,920 INFO  ozoneimpl.OzoneContainer (OzoneContainer.java:stop(199)) - Attempting to stop container services.
2019-07-14 11:09:09,921 INFO  impl.RaftServerProxy (RaftServerProxy.java:lambda$close$4(314)) - b3c26f84-ced4-4ded-89e0-27fb4ce92002: close
2019-07-14 11:09:09,921 INFO  impl.RaftServerImpl (RaftServerImpl.java:lambda$shutdown$3(245)) - b3c26f84-ced4-4ded-89e0-27fb4ce92002: shutdown group-5C8DAF6BD76D
2019-07-14 11:09:09,921 INFO  util.JmxRegister (JmxRegister.java:unregister(73)) - Successfully un-registered JMX Bean with object name Ratis:service=RaftServer,group=group-5C8DAF6BD76D,id=b3c26f84-ced4-4ded-89e0-27fb4ce92002
2019-07-14 11:09:09,922 INFO  impl.RoleInfo (RoleInfo.java:shutdownFollowerState(121)) - b3c26f84-ced4-4ded-89e0-27fb4ce92002: shutdown FollowerState
2019-07-14 11:09:09,922 INFO  impl.StateMachineUpdater (StateMachineUpdater.java:stopAndJoin(115)) - StateMachineUpdater:b3c26f84-ced4-4ded-89e0-27fb4ce92002:group-5C8DAF6BD76D: set stopIndex = 8
2019-07-14 11:09:09,922 INFO  ratis.ContainerStateMachine (ContainerStateMachine.java:takeSnapshot(249)) - group-5C8DAF6BD76D: Taking a snapshot at:(t:1, i:7) file /workdir/hadoop-ozone/integration-test/target/test-dir/MiniOzoneClusterImpl-b769e16a-867c-4841-9f53-e34879b9b639/datanode-2/data/ratis/fe27d62f-e19e-454a-900c-5c8daf6bd76d/sm/snapshot.1_7
2019-07-14 11:09:09,922 INFO  impl.FollowerState (FollowerState.java:run(114)) - b3c26f84-ced4-4ded-89e0-27fb4ce92002: FollowerState was interrupted: java.lang.InterruptedException: sleep interrupted
2019-07-14 11:09:09,926 INFO  ratis.ContainerStateMachine (ContainerStateMachine.java:takeSnapshot(257)) - group-5C8DAF6BD76D: Finished taking a snapshot at:(t:1, i:7) file:/workdir/hadoop-ozone/integration-test/target/test-dir/MiniOzoneClusterImpl-b769e16a-867c-4841-9f53-e34879b9b639/datanode-2/data/ratis/fe27d62f-e19e-454a-900c-5c8daf6bd76d/sm/snapshot.1_7 time:4
2019-07-14 11:09:09,926 INFO  impl.StateMachineUpdater (StateMachineUpdater.java:takeSnapshot(242)) - StateMachineUpdater:b3c26f84-ced4-4ded-89e0-27fb4ce92002:group-5C8DAF6BD76D: Took a snapshot at index 7
2019-07-14 11:09:09,926 INFO  impl.StateMachineUpdater (StateMachineUpdater.java:lambda$new$0(80)) - StateMachineUpdater:b3c26f84-ced4-4ded-89e0-27fb4ce92002:group-5C8DAF6BD76D: snapshotIndex: updateIncreasingly -1 -> 7
2019-07-14 11:09:09,926 INFO  impl.RaftServerImpl (ServerState.java:close(394)) - b3c26f84-ced4-4ded-89e0-27fb4ce92002:group-5C8DAF6BD76D closes. The last applied log index is 8
2019-07-14 11:09:09,927 INFO  segmented.SegmentedRaftLogWorker (SegmentedRaftLogWorker.java:run(313)) - b3c26f84-ced4-4ded-89e0-27fb4ce92002-SegmentedRaftLogWorker:Storage Directory /workdir/hadoop-ozone/integration-test/target/test-dir/MiniOzoneClusterImpl-b769e16a-867c-4841-9f53-e34879b9b639/datanode-2/data/ratis/fe27d62f-e19e-454a-900c-5c8daf6bd76d was interrupted, exiting. There are 0 tasks remaining in the queue.
2019-07-14 11:09:09,929 INFO  segmented.SegmentedRaftLogWorker (SegmentedRaftLogWorker.java:close(228)) - b3c26f84-ced4-4ded-89e0-27fb4ce92002-SegmentedRaftLogWorker:Storage Directory /workdir/hadoop-ozone/integration-test/target/test-dir/MiniOzoneClusterImpl-b769e16a-867c-4841-9f53-e34879b9b639/datanode-2/data/ratis/fe27d62f-e19e-454a-900c-5c8daf6bd76d close()
2019-07-14 11:09:09,934 INFO  impl.RaftServerImpl (RaftServerImpl.java:lambda$shutdown$3(245)) - b3c26f84-ced4-4ded-89e0-27fb4ce92002: shutdown group-BD015D498E0C
2019-07-14 11:09:09,934 INFO  ozoneimpl.OzoneContainer (OzoneContainer.java:stop(199)) - Attempting to stop container services.
2019-07-14 11:09:09,934 INFO  util.JmxRegister (JmxRegister.java:unregister(73)) - Successfully un-registered JMX Bean with object name Ratis:service=RaftServer,group=group-BD015D498E0C,id=b3c26f84-ced4-4ded-89e0-27fb4ce92002
2019-07-14 11:09:09,934 INFO  impl.RaftServerProxy (RaftServerProxy.java:lambda$close$4(314)) - 6ce46959-8e32-4e70-a445-cddac5da34a1: close
2019-07-14 11:09:09,935 INFO  impl.RoleInfo (RoleInfo.java:shutdownLeaderState(104)) - b3c26f84-ced4-4ded-89e0-27fb4ce92002: shutdown LeaderState
2019-07-14 11:09:09,935 INFO  impl.RaftServerImpl (RaftServerImpl.java:lambda$shutdown$3(245)) - 6ce46959-8e32-4e70-a445-cddac5da34a1: shutdown group-A2EBC874BD36
2019-07-14 11:09:09,936 INFO  util.JmxRegister (JmxRegister.java:unregister(73)) - Successfully un-registered JMX Bean with object name Ratis:service=RaftServer,group=group-A2EBC874BD36,id=6ce46959-8e32-4e70-a445-cddac5da34a1
2019-07-14 11:09:09,935 INFO  impl.PendingRequests (PendingRequests.java:sendNotLeaderResponses(202)) - b3c26f84-ced4-4ded-89e0-27fb4ce92002-PendingRequests: sendNotLeaderResponses
2019-07-14 11:09:09,936 INFO  impl.RoleInfo (RoleInfo.java:shutdownLeaderState(104)) - 6ce46959-8e32-4e70-a445-cddac5da34a1: shutdown LeaderState
2019-07-14 11:09:09,936 INFO  impl.StateMachineUpdater (StateMachineUpdater.java:stopAndJoin(115)) - StateMachineUpdater:b3c26f84-ced4-4ded-89e0-27fb4ce92002:group-BD015D498E0C: set stopIndex = 0
2019-07-14 11:09:09,937 INFO  impl.PendingRequests (PendingRequests.java:sendNotLeaderResponses(202)) - 6ce46959-8e32-4e70-a445-cddac5da34a1-PendingRequests: sendNotLeaderResponses
2019-07-14 11:09:09,937 INFO  impl.RaftServerImpl (ServerState.java:close(394)) - b3c26f84-ced4-4ded-89e0-27fb4ce92002:group-BD015D498E0C closes. The last applied log index is 0
2019-07-14 11:09:09,938 INFO  impl.StateMachineUpdater (StateMachineUpdater.java:stopAndJoin(115)) - StateMachineUpdater:6ce46959-8e32-4e70-a445-cddac5da34a1:group-A2EBC874BD36: set stopIndex = 0
2019-07-14 11:09:09,938 INFO  impl.RaftServerImpl (ServerState.java:close(394)) - 6ce46959-8e32-4e70-a445-cddac5da34a1:group-A2EBC874BD36 closes. The last applied log index is 0
2019-07-14 11:09:09,938 INFO  segmented.SegmentedRaftLogWorker (SegmentedRaftLogWorker.java:run(313)) - b3c26f84-ced4-4ded-89e0-27fb4ce92002-SegmentedRaftLogWorker:Storage Directory /workdir/hadoop-ozone/integration-test/target/test-dir/MiniOzoneClusterImpl-b769e16a-867c-4841-9f53-e34879b9b639/datanode-2/data/ratis/6e01d154-0d5c-40ca-a958-bd015d498e0c was interrupted, exiting. There are 0 tasks remaining in the queue.
2019-07-14 11:09:09,941 INFO  segmented.SegmentedRaftLogWorker (SegmentedRaftLogWorker.java:run(313)) - 6ce46959-8e32-4e70-a445-cddac5da34a1-SegmentedRaftLogWorker:Storage Directory /workdir/hadoop-ozone/integration-test/target/test-dir/MiniOzoneClusterImpl-b769e16a-867c-4841-9f53-e34879b9b639/datanode-3/data/ratis/c4bce1e6-3c7d-474d-a06a-a2ebc874bd36 was interrupted, exiting. There are 0 tasks remaining in the queue.
2019-07-14 11:09:09,943 INFO  segmented.SegmentedRaftLogWorker (SegmentedRaftLogWorker.java:close(228)) - b3c26f84-ced4-4ded-89e0-27fb4ce92002-SegmentedRaftLogWorker:Storage Directory /workdir/hadoop-ozone/integration-test/target/test-dir/MiniOzoneClusterImpl-b769e16a-867c-4841-9f53-e34879b9b639/datanode-2/data/ratis/6e01d154-0d5c-40ca-a958-bd015d498e0c close()
2019-07-14 11:09:09,943 INFO  segmented.SegmentedRaftLogWorker (SegmentedRaftLogWorker.java:close(228)) - 6ce46959-8e32-4e70-a445-cddac5da34a1-SegmentedRaftLogWorker:Storage Directory /workdir/hadoop-ozone/integration-test/target/test-dir/MiniOzoneClusterImpl-b769e16a-867c-4841-9f53-e34879b9b639/datanode-3/data/ratis/c4bce1e6-3c7d-474d-a06a-a2ebc874bd36 close()
2019-07-14 11:09:09,948 INFO  server.GrpcService (GrpcService.java:closeImpl(155)) - b3c26f84-ced4-4ded-89e0-27fb4ce92002: shutdown server with port 43029 now
2019-07-14 11:09:09,960 INFO  impl.RaftServerImpl (RaftServerImpl.java:lambda$shutdown$3(245)) - 6ce46959-8e32-4e70-a445-cddac5da34a1: shutdown group-7C85724D7D1E
2019-07-14 11:09:09,960 INFO  server.GrpcService (GrpcService.java:closeImpl(163)) - b3c26f84-ced4-4ded-89e0-27fb4ce92002: shutdown server with port 43029 successfully
2019-07-14 11:09:09,961 INFO  util.JmxRegister (JmxRegister.java:unregister(73)) - Successfully un-registered JMX Bean with object name Ratis:service=RaftServer,group=group-7C85724D7D1E,id=6ce46959-8e32-4e70-a445-cddac5da34a1
2019-07-14 11:09:09,961 INFO  impl.RoleInfo (RoleInfo.java:shutdownFollowerState(121)) - 6ce46959-8e32-4e70-a445-cddac5da34a1: shutdown FollowerState
2019-07-14 11:09:09,962 INFO  impl.StateMachineUpdater (StateMachineUpdater.java:stopAndJoin(115)) - StateMachineUpdater:6ce46959-8e32-4e70-a445-cddac5da34a1:group-7C85724D7D1E: set stopIndex = 6
2019-07-14 11:09:09,962 INFO  utils.BackgroundService (BackgroundService.java:shutdown(148)) - Shutting down service BlockDeletingService
2019-07-14 11:09:09,962 INFO  impl.FollowerState (FollowerState.java:run(114)) - 6ce46959-8e32-4e70-a445-cddac5da34a1: FollowerState was interrupted: java.lang.InterruptedException: sleep interrupted
2019-07-14 11:09:09,962 INFO  ratis.ContainerStateMachine (ContainerStateMachine.java:takeSnapshot(249)) - group-7C85724D7D1E: Taking a snapshot at:(t:1, i:4) file /workdir/hadoop-ozone/integration-test/target/test-dir/MiniOzoneClusterImpl-b769e16a-867c-4841-9f53-e34879b9b639/datanode-3/data/ratis/62bb390a-bb89-4ff3-b396-7c85724d7d1e/sm/snapshot.1_4
2019-07-14 11:09:09,965 INFO  ratis.ContainerStateMachine (ContainerStateMachine.java:takeSnapshot(257)) - group-7C85724D7D1E: Finished taking a snapshot at:(t:1, i:4) file:/workdir/hadoop-ozone/integration-test/target/test-dir/MiniOzoneClusterImpl-b769e16a-867c-4841-9f53-e34879b9b639/datanode-3/data/ratis/62bb390a-bb89-4ff3-b396-7c85724d7d1e/sm/snapshot.1_4 time:4
2019-07-14 11:09:09,965 INFO  impl.StateMachineUpdater (StateMachineUpdater.java:takeSnapshot(242)) - StateMachineUpdater:6ce46959-8e32-4e70-a445-cddac5da34a1:group-7C85724D7D1E: Took a snapshot at index 4
2019-07-14 11:09:09,965 INFO  impl.StateMachineUpdater (StateMachineUpdater.java:lambda$new$0(80)) - StateMachineUpdater:6ce46959-8e32-4e70-a445-cddac5da34a1:group-7C85724D7D1E: snapshotIndex: updateIncreasingly -1 -> 4
2019-07-14 11:09:09,966 INFO  impl.RaftServerImpl (ServerState.java:close(394)) - 6ce46959-8e32-4e70-a445-cddac5da34a1:group-7C85724D7D1E closes. The last applied log index is 6
2019-07-14 11:09:09,966 WARN  fs.CachingGetSpaceUsed (CachingGetSpaceUsed.java:run(183)) - Thread Interrupted waiting to refresh disk information: sleep interrupted
2019-07-14 11:09:09,966 INFO  segmented.SegmentedRaftLogWorker (SegmentedRaftLogWorker.java:run(313)) - 6ce46959-8e32-4e70-a445-cddac5da34a1-SegmentedRaftLogWorker:Storage Directory /workdir/hadoop-ozone/integration-test/target/test-dir/MiniOzoneClusterImpl-b769e16a-867c-4841-9f53-e34879b9b639/datanode-3/data/ratis/62bb390a-bb89-4ff3-b396-7c85724d7d1e was interrupted, exiting. There are 0 tasks remaining in the queue.
2019-07-14 11:09:09,968 INFO  segmented.SegmentedRaftLogWorker (SegmentedRaftLogWorker.java:close(228)) - 6ce46959-8e32-4e70-a445-cddac5da34a1-SegmentedRaftLogWorker:Storage Directory /workdir/hadoop-ozone/integration-test/target/test-dir/MiniOzoneClusterImpl-b769e16a-867c-4841-9f53-e34879b9b639/datanode-3/data/ratis/62bb390a-bb89-4ff3-b396-7c85724d7d1e close()
2019-07-14 11:09:09,971 INFO  server.GrpcService (GrpcService.java:closeImpl(155)) - 6ce46959-8e32-4e70-a445-cddac5da34a1: shutdown server with port 40930 now
2019-07-14 11:09:09,973 INFO  server.GrpcService (GrpcService.java:closeImpl(163)) - 6ce46959-8e32-4e70-a445-cddac5da34a1: shutdown server with port 40930 successfully
2019-07-14 11:09:09,975 INFO  utils.BackgroundService (BackgroundService.java:shutdown(148)) - Shutting down service BlockDeletingService
2019-07-14 11:09:09,976 WARN  fs.CachingGetSpaceUsed (CachingGetSpaceUsed.java:run(183)) - Thread Interrupted waiting to refresh disk information: sleep interrupted
2019-07-14 11:09:09,993 INFO  statemachine.DatanodeStateMachine (DatanodeStateMachine.java:stopDaemon(395)) - Ozone container server stopped.
2019-07-14 11:09:09,999 INFO  statemachine.DatanodeStateMachine (DatanodeStateMachine.java:stopDaemon(395)) - Ozone container server stopped.
2019-07-14 11:09:10,016 INFO  handler.ContextHandler (ContextHandler.java:doStop(910)) - Stopped o.e.j.w.WebAppContext@5901caf8{/,null,UNAVAILABLE}{/hddsDatanode}
2019-07-14 11:09:10,016 INFO  handler.ContextHandler (ContextHandler.java:doStop(910)) - Stopped o.e.j.w.WebAppContext@66a74cba{/,null,UNAVAILABLE}{/hddsDatanode}
2019-07-14 11:09:10,017 INFO  server.AbstractConnector (AbstractConnector.java:doStop(318)) - Stopped ServerConnector@6e39b656{HTTP/1.1,[http/1.1]}{0.0.0.0:0}
2019-07-14 11:09:10,017 INFO  server.AbstractConnector (AbstractConnector.java:doStop(318)) - Stopped ServerConnector@222abb8f{HTTP/1.1,[http/1.1]}{0.0.0.0:0}
2019-07-14 11:09:10,018 INFO  handler.ContextHandler (ContextHandler.java:doStop(910)) - Stopped o.e.j.s.ServletContextHandler@2af6b556{/static,jar:file:/home/user/.m2/repository/org/apache/hadoop/hadoop-hdds-container-service/0.5.0-SNAPSHOT/hadoop-hdds-container-service-0.5.0-SNAPSHOT.jar!/webapps/static,UNAVAILABLE}
2019-07-14 11:09:10,018 INFO  handler.ContextHandler (ContextHandler.java:doStop(910)) - Stopped o.e.j.s.ServletContextHandler@4721485{/static,jar:file:/home/user/.m2/repository/org/apache/hadoop/hadoop-hdds-container-service/0.5.0-SNAPSHOT/hadoop-hdds-container-service-0.5.0-SNAPSHOT.jar!/webapps/static,UNAVAILABLE}
2019-07-14 11:09:10,018 INFO  handler.ContextHandler (ContextHandler.java:doStop(910)) - Stopped o.e.j.s.ServletContextHandler@3c55c035{/logs,file:///workdir/hadoop-ozone/integration-test/target/log,UNAVAILABLE}
2019-07-14 11:09:10,018 INFO  handler.ContextHandler (ContextHandler.java:doStop(910)) - Stopped o.e.j.s.ServletContextHandler@65ea3961{/logs,file:///workdir/hadoop-ozone/integration-test/target/log,UNAVAILABLE}
2019-07-14 11:09:10,019 INFO  datanode.ObjectStoreHandler (ObjectStoreHandler.java:close(155)) - Closing ObjectStoreHandler.
2019-07-14 11:09:10,020 INFO  ozone.HddsDatanodeService (HddsDatanodeService.java:stop(452)) - Stopped plug-in org.apache.hadoop.ozone.web.OzoneHddsDatanodeService@5a0ec54c
2019-07-14 11:09:10,020 INFO  datanode.ObjectStoreHandler (ObjectStoreHandler.java:close(155)) - Closing ObjectStoreHandler.
2019-07-14 11:09:10,020 INFO  ozone.HddsDatanodeService (HddsDatanodeService.java:stop(452)) - Stopped plug-in org.apache.hadoop.ozone.web.OzoneHddsDatanodeService@57a22410
2019-07-14 11:09:10,429 INFO  statemachine.DatanodeStateMachine (DatanodeStateMachine.java:lambda$startDaemon$0(350)) - Ozone container server started.
2019-07-14 11:09:10,972 INFO  statemachine.DatanodeStateMachine (DatanodeStateMachine.java:lambda$startDaemon$0(350)) - Ozone container server started.
2019-07-14 11:09:11,742 INFO  impl.FollowerState (FollowerState.java:run(106)) - 665fa842-ba79-45b7-af82-2a2d5438b243:group-5C8DAF6BD76D changes to CANDIDATE, lastRpcTime:7408, electionTimeout:5162ms
2019-07-14 11:09:11,742 INFO  impl.RoleInfo (RoleInfo.java:shutdownFollowerState(121)) - 665fa842-ba79-45b7-af82-2a2d5438b243: shutdown FollowerState
2019-07-14 11:09:11,742 INFO  impl.RaftServerImpl (RaftServerImpl.java:setRole(171)) - 665fa842-ba79-45b7-af82-2a2d5438b243:group-5C8DAF6BD76D changes role from FOLLOWER to CANDIDATE at term 1 for changeToCandidate
2019-07-14 11:09:11,742 INFO  impl.RoleInfo (RoleInfo.java:updateAndGet(143)) - 665fa842-ba79-45b7-af82-2a2d5438b243: start LeaderElection
2019-07-14 11:09:11,746 INFO  impl.RaftServerImpl (ServerState.java:setLeader(263)) - 665fa842-ba79-45b7-af82-2a2d5438b243:group-5C8DAF6BD76D change Leader from f296797d-749e-4308-b8db-39d6f9660560 to null at term 1 for initElection
2019-07-14 11:09:11,772 INFO  impl.LeaderElection (LeaderElection.java:askForVotes(181)) - 665fa842-ba79-45b7-af82-2a2d5438b243:group-5C8DAF6BD76D:LeaderElection131: begin an election at term 2 for 0: [b3c26f84-ced4-4ded-89e0-27fb4ce92002:192.168.157.209:43029, f296797d-749e-4308-b8db-39d6f9660560:192.168.157.209:44535, 665fa842-ba79-45b7-af82-2a2d5438b243:192.168.157.209:44896], old=null
2019-07-14 11:09:11,776 INFO  impl.LeaderElection (LogUtils.java:infoOrTrace(149)) - 665fa842-ba79-45b7-af82-2a2d5438b243:group-5C8DAF6BD76D:LeaderElection131 got exception when requesting votes: {}
java.util.concurrent.ExecutionException: org.apache.ratis.thirdparty.io.grpc.StatusRuntimeException: UNAVAILABLE: io exception
	at java.util.concurrent.FutureTask.report(FutureTask.java:122)
	at java.util.concurrent.FutureTask.get(FutureTask.java:192)
	at org.apache.ratis.server.impl.LeaderElection.waitForResults(LeaderElection.java:262)
	at org.apache.ratis.server.impl.LeaderElection.askForVotes(LeaderElection.java:200)
	at org.apache.ratis.server.impl.LeaderElection.run(LeaderElection.java:130)
	at java.lang.Thread.run(Thread.java:748)
Caused by: org.apache.ratis.thirdparty.io.grpc.StatusRuntimeException: UNAVAILABLE: io exception
	at org.apache.ratis.thirdparty.io.grpc.stub.ClientCalls.toStatusRuntimeException(ClientCalls.java:233)
	at org.apache.ratis.thirdparty.io.grpc.stub.ClientCalls.getUnchecked(ClientCalls.java:214)
	at org.apache.ratis.thirdparty.io.grpc.stub.ClientCalls.blockingUnaryCall(ClientCalls.java:139)
	at org.apache.ratis.proto.grpc.RaftServerProtocolServiceGrpc$RaftServerProtocolServiceBlockingStub.requestVote(RaftServerProtocolServiceGrpc.java:265)
	at org.apache.ratis.grpc.server.GrpcServerProtocolClient.requestVote(GrpcServerProtocolClient.java:83)
	at org.apache.ratis.grpc.server.GrpcService.requestVote(GrpcService.java:195)
	at org.apache.ratis.server.impl.LeaderElection.lambda$submitRequests$1(LeaderElection.java:237)
	at java.util.concurrent.FutureTask.run(FutureTask.java:266)
	at java.util.concurrent.Executors$RunnableAdapter.call(Executors.java:511)
	at java.util.concurrent.FutureTask.run(FutureTask.java:266)
	at java.util.concurrent.ThreadPoolExecutor.runWorker(ThreadPoolExecutor.java:1149)
	at java.util.concurrent.ThreadPoolExecutor$Worker.run(ThreadPoolExecutor.java:624)
	... 1 more
Caused by: org.apache.ratis.thirdparty.io.netty.channel.AbstractChannel$AnnotatedConnectException: Connection refused: /192.168.157.209:43029
	at sun.nio.ch.SocketChannelImpl.checkConnect(Native Method)
	at sun.nio.ch.SocketChannelImpl.finishConnect(SocketChannelImpl.java:717)
	at org.apache.ratis.thirdparty.io.netty.channel.socket.nio.NioSocketChannel.doFinishConnect(NioSocketChannel.java:327)
	at org.apache.ratis.thirdparty.io.netty.channel.nio.AbstractNioChannel$AbstractNioUnsafe.finishConnect(AbstractNioChannel.java:340)
	at org.apache.ratis.thirdparty.io.netty.channel.nio.NioEventLoop.processSelectedKey(NioEventLoop.java:632)
	at org.apache.ratis.thirdparty.io.netty.channel.nio.NioEventLoop.processSelectedKeysOptimized(NioEventLoop.java:579)
	at org.apache.ratis.thirdparty.io.netty.channel.nio.NioEventLoop.processSelectedKeys(NioEventLoop.java:496)
	at org.apache.ratis.thirdparty.io.netty.channel.nio.NioEventLoop.run(NioEventLoop.java:458)
	at org.apache.ratis.thirdparty.io.netty.util.concurrent.SingleThreadEventExecutor$5.run(SingleThreadEventExecutor.java:897)
	at org.apache.ratis.thirdparty.io.netty.util.concurrent.FastThreadLocalRunnable.run(FastThreadLocalRunnable.java:30)
	... 1 more
Caused by: java.net.ConnectException: Connection refused
	... 11 more
2019-07-14 11:09:11,778 INFO  impl.LeaderElection (LogUtils.java:infoOrTrace(149)) - 665fa842-ba79-45b7-af82-2a2d5438b243:group-5C8DAF6BD76D:LeaderElection131 got exception when requesting votes: {}
java.util.concurrent.ExecutionException: org.apache.ratis.thirdparty.io.grpc.StatusRuntimeException: UNAVAILABLE: io exception
	at java.util.concurrent.FutureTask.report(FutureTask.java:122)
	at java.util.concurrent.FutureTask.get(FutureTask.java:192)
	at org.apache.ratis.server.impl.LeaderElection.waitForResults(LeaderElection.java:262)
	at org.apache.ratis.server.impl.LeaderElection.askForVotes(LeaderElection.java:200)
	at org.apache.ratis.server.impl.LeaderElection.run(LeaderElection.java:130)
	at java.lang.Thread.run(Thread.java:748)
Caused by: org.apache.ratis.thirdparty.io.grpc.StatusRuntimeException: UNAVAILABLE: io exception
	at org.apache.ratis.thirdparty.io.grpc.stub.ClientCalls.toStatusRuntimeException(ClientCalls.java:233)
	at org.apache.ratis.thirdparty.io.grpc.stub.ClientCalls.getUnchecked(ClientCalls.java:214)
	at org.apache.ratis.thirdparty.io.grpc.stub.ClientCalls.blockingUnaryCall(ClientCalls.java:139)
	at org.apache.ratis.proto.grpc.RaftServerProtocolServiceGrpc$RaftServerProtocolServiceBlockingStub.requestVote(RaftServerProtocolServiceGrpc.java:265)
	at org.apache.ratis.grpc.server.GrpcServerProtocolClient.requestVote(GrpcServerProtocolClient.java:83)
	at org.apache.ratis.grpc.server.GrpcService.requestVote(GrpcService.java:195)
	at org.apache.ratis.server.impl.LeaderElection.lambda$submitRequests$1(LeaderElection.java:237)
	at java.util.concurrent.FutureTask.run(FutureTask.java:266)
	at java.util.concurrent.Executors$RunnableAdapter.call(Executors.java:511)
	at java.util.concurrent.FutureTask.run(FutureTask.java:266)
	at java.util.concurrent.ThreadPoolExecutor.runWorker(ThreadPoolExecutor.java:1149)
	at java.util.concurrent.ThreadPoolExecutor$Worker.run(ThreadPoolExecutor.java:624)
	... 1 more
Caused by: org.apache.ratis.thirdparty.io.netty.channel.AbstractChannel$AnnotatedConnectException: Connection refused: /192.168.157.209:44535
	at sun.nio.ch.SocketChannelImpl.checkConnect(Native Method)
	at sun.nio.ch.SocketChannelImpl.finishConnect(SocketChannelImpl.java:717)
	at org.apache.ratis.thirdparty.io.netty.channel.socket.nio.NioSocketChannel.doFinishConnect(NioSocketChannel.java:327)
	at org.apache.ratis.thirdparty.io.netty.channel.nio.AbstractNioChannel$AbstractNioUnsafe.finishConnect(AbstractNioChannel.java:340)
	at org.apache.ratis.thirdparty.io.netty.channel.nio.NioEventLoop.processSelectedKey(NioEventLoop.java:632)
	at org.apache.ratis.thirdparty.io.netty.channel.nio.NioEventLoop.processSelectedKeysOptimized(NioEventLoop.java:579)
	at org.apache.ratis.thirdparty.io.netty.channel.nio.NioEventLoop.processSelectedKeys(NioEventLoop.java:496)
	at org.apache.ratis.thirdparty.io.netty.channel.nio.NioEventLoop.run(NioEventLoop.java:458)
	at org.apache.ratis.thirdparty.io.netty.util.concurrent.SingleThreadEventExecutor$5.run(SingleThreadEventExecutor.java:897)
	at org.apache.ratis.thirdparty.io.netty.util.concurrent.FastThreadLocalRunnable.run(FastThreadLocalRunnable.java:30)
	... 1 more
Caused by: java.net.ConnectException: Connection refused
	... 11 more
2019-07-14 11:09:11,780 INFO  impl.LeaderElection (LeaderElection.java:logAndReturn(56)) - 665fa842-ba79-45b7-af82-2a2d5438b243:group-5C8DAF6BD76D:LeaderElection131: Election REJECTED; received 0 response(s) [] and 2 exception(s); 665fa842-ba79-45b7-af82-2a2d5438b243:t2, leader=null, voted=665fa842-ba79-45b7-af82-2a2d5438b243, raftlog=665fa842-ba79-45b7-af82-2a2d5438b243-SegmentedRaftLog:OPENED:c8,f8,i8, conf=0: [b3c26f84-ced4-4ded-89e0-27fb4ce92002:192.168.157.209:43029, f296797d-749e-4308-b8db-39d6f9660560:192.168.157.209:44535, 665fa842-ba79-45b7-af82-2a2d5438b243:192.168.157.209:44896], old=null
2019-07-14 11:09:11,780 INFO  impl.LeaderElection (LogUtils.java:infoOrTrace(149)) -   Exception 0: {}
java.util.concurrent.ExecutionException: org.apache.ratis.thirdparty.io.grpc.StatusRuntimeException: UNAVAILABLE: io exception
	at java.util.concurrent.FutureTask.report(FutureTask.java:122)
	at java.util.concurrent.FutureTask.get(FutureTask.java:192)
	at org.apache.ratis.server.impl.LeaderElection.waitForResults(LeaderElection.java:262)
	at org.apache.ratis.server.impl.LeaderElection.askForVotes(LeaderElection.java:200)
	at org.apache.ratis.server.impl.LeaderElection.run(LeaderElection.java:130)
	at java.lang.Thread.run(Thread.java:748)
Caused by: org.apache.ratis.thirdparty.io.grpc.StatusRuntimeException: UNAVAILABLE: io exception
	at org.apache.ratis.thirdparty.io.grpc.stub.ClientCalls.toStatusRuntimeException(ClientCalls.java:233)
	at org.apache.ratis.thirdparty.io.grpc.stub.ClientCalls.getUnchecked(ClientCalls.java:214)
	at org.apache.ratis.thirdparty.io.grpc.stub.ClientCalls.blockingUnaryCall(ClientCalls.java:139)
	at org.apache.ratis.proto.grpc.RaftServerProtocolServiceGrpc$RaftServerProtocolServiceBlockingStub.requestVote(RaftServerProtocolServiceGrpc.java:265)
	at org.apache.ratis.grpc.server.GrpcServerProtocolClient.requestVote(GrpcServerProtocolClient.java:83)
	at org.apache.ratis.grpc.server.GrpcService.requestVote(GrpcService.java:195)
	at org.apache.ratis.server.impl.LeaderElection.lambda$submitRequests$1(LeaderElection.java:237)
	at java.util.concurrent.FutureTask.run(FutureTask.java:266)
	at java.util.concurrent.Executors$RunnableAdapter.call(Executors.java:511)
	at java.util.concurrent.FutureTask.run(FutureTask.java:266)
	at java.util.concurrent.ThreadPoolExecutor.runWorker(ThreadPoolExecutor.java:1149)
	at java.util.concurrent.ThreadPoolExecutor$Worker.run(ThreadPoolExecutor.java:624)
	... 1 more
Caused by: org.apache.ratis.thirdparty.io.netty.channel.AbstractChannel$AnnotatedConnectException: Connection refused: /192.168.157.209:43029
	at sun.nio.ch.SocketChannelImpl.checkConnect(Native Method)
	at sun.nio.ch.SocketChannelImpl.finishConnect(SocketChannelImpl.java:717)
	at org.apache.ratis.thirdparty.io.netty.channel.socket.nio.NioSocketChannel.doFinishConnect(NioSocketChannel.java:327)
	at org.apache.ratis.thirdparty.io.netty.channel.nio.AbstractNioChannel$AbstractNioUnsafe.finishConnect(AbstractNioChannel.java:340)
	at org.apache.ratis.thirdparty.io.netty.channel.nio.NioEventLoop.processSelectedKey(NioEventLoop.java:632)
	at org.apache.ratis.thirdparty.io.netty.channel.nio.NioEventLoop.processSelectedKeysOptimized(NioEventLoop.java:579)
	at org.apache.ratis.thirdparty.io.netty.channel.nio.NioEventLoop.processSelectedKeys(NioEventLoop.java:496)
	at org.apache.ratis.thirdparty.io.netty.channel.nio.NioEventLoop.run(NioEventLoop.java:458)
	at org.apache.ratis.thirdparty.io.netty.util.concurrent.SingleThreadEventExecutor$5.run(SingleThreadEventExecutor.java:897)
	at org.apache.ratis.thirdparty.io.netty.util.concurrent.FastThreadLocalRunnable.run(FastThreadLocalRunnable.java:30)
	... 1 more
Caused by: java.net.ConnectException: Connection refused
	... 11 more
2019-07-14 11:09:11,781 INFO  impl.LeaderElection (LogUtils.java:infoOrTrace(149)) -   Exception 1: {}
java.util.concurrent.ExecutionException: org.apache.ratis.thirdparty.io.grpc.StatusRuntimeException: UNAVAILABLE: io exception
	at java.util.concurrent.FutureTask.report(FutureTask.java:122)
	at java.util.concurrent.FutureTask.get(FutureTask.java:192)
	at org.apache.ratis.server.impl.LeaderElection.waitForResults(LeaderElection.java:262)
	at org.apache.ratis.server.impl.LeaderElection.askForVotes(LeaderElection.java:200)
	at org.apache.ratis.server.impl.LeaderElection.run(LeaderElection.java:130)
	at java.lang.Thread.run(Thread.java:748)
Caused by: org.apache.ratis.thirdparty.io.grpc.StatusRuntimeException: UNAVAILABLE: io exception
	at org.apache.ratis.thirdparty.io.grpc.stub.ClientCalls.toStatusRuntimeException(ClientCalls.java:233)
	at org.apache.ratis.thirdparty.io.grpc.stub.ClientCalls.getUnchecked(ClientCalls.java:214)
	at org.apache.ratis.thirdparty.io.grpc.stub.ClientCalls.blockingUnaryCall(ClientCalls.java:139)
	at org.apache.ratis.proto.grpc.RaftServerProtocolServiceGrpc$RaftServerProtocolServiceBlockingStub.requestVote(RaftServerProtocolServiceGrpc.java:265)
	at org.apache.ratis.grpc.server.GrpcServerProtocolClient.requestVote(GrpcServerProtocolClient.java:83)
	at org.apache.ratis.grpc.server.GrpcService.requestVote(GrpcService.java:195)
	at org.apache.ratis.server.impl.LeaderElection.lambda$submitRequests$1(LeaderElection.java:237)
	at java.util.concurrent.FutureTask.run(FutureTask.java:266)
	at java.util.concurrent.Executors$RunnableAdapter.call(Executors.java:511)
	at java.util.concurrent.FutureTask.run(FutureTask.java:266)
	at java.util.concurrent.ThreadPoolExecutor.runWorker(ThreadPoolExecutor.java:1149)
	at java.util.concurrent.ThreadPoolExecutor$Worker.run(ThreadPoolExecutor.java:624)
	... 1 more
Caused by: org.apache.ratis.thirdparty.io.netty.channel.AbstractChannel$AnnotatedConnectException: Connection refused: /192.168.157.209:44535
	at sun.nio.ch.SocketChannelImpl.checkConnect(Native Method)
	at sun.nio.ch.SocketChannelImpl.finishConnect(SocketChannelImpl.java:717)
	at org.apache.ratis.thirdparty.io.netty.channel.socket.nio.NioSocketChannel.doFinishConnect(NioSocketChannel.java:327)
	at org.apache.ratis.thirdparty.io.netty.channel.nio.AbstractNioChannel$AbstractNioUnsafe.finishConnect(AbstractNioChannel.java:340)
	at org.apache.ratis.thirdparty.io.netty.channel.nio.NioEventLoop.processSelectedKey(NioEventLoop.java:632)
	at org.apache.ratis.thirdparty.io.netty.channel.nio.NioEventLoop.processSelectedKeysOptimized(NioEventLoop.java:579)
	at org.apache.ratis.thirdparty.io.netty.channel.nio.NioEventLoop.processSelectedKeys(NioEventLoop.java:496)
	at org.apache.ratis.thirdparty.io.netty.channel.nio.NioEventLoop.run(NioEventLoop.java:458)
	at org.apache.ratis.thirdparty.io.netty.util.concurrent.SingleThreadEventExecutor$5.run(SingleThreadEventExecutor.java:897)
	at org.apache.ratis.thirdparty.io.netty.util.concurrent.FastThreadLocalRunnable.run(FastThreadLocalRunnable.java:30)
	... 1 more
Caused by: java.net.ConnectException: Connection refused
	... 11 more
2019-07-14 11:09:11,781 INFO  impl.RaftServerImpl (RaftServerImpl.java:setRole(171)) - 665fa842-ba79-45b7-af82-2a2d5438b243:group-5C8DAF6BD76D changes role from CANDIDATE to FOLLOWER at term 2 for DISCOVERED_A_NEW_TERM
2019-07-14 11:09:11,781 INFO  impl.RoleInfo (RoleInfo.java:shutdownLeaderElection(134)) - 665fa842-ba79-45b7-af82-2a2d5438b243: shutdown LeaderElection
2019-07-14 11:09:11,781 INFO  impl.RoleInfo (RoleInfo.java:updateAndGet(143)) - 665fa842-ba79-45b7-af82-2a2d5438b243: start FollowerState
2019-07-14 11:09:12,175 INFO  impl.FollowerState (FollowerState.java:run(106)) - c850fbc6-b33b-4eb6-8c07-36c7bc8c2b81:group-7C85724D7D1E changes to CANDIDATE, lastRpcTime:7513, electionTimeout:5092ms
2019-07-14 11:09:12,176 INFO  impl.RoleInfo (RoleInfo.java:shutdownFollowerState(121)) - c850fbc6-b33b-4eb6-8c07-36c7bc8c2b81: shutdown FollowerState
2019-07-14 11:09:12,176 INFO  impl.RaftServerImpl (RaftServerImpl.java:setRole(171)) - c850fbc6-b33b-4eb6-8c07-36c7bc8c2b81:group-7C85724D7D1E changes role from FOLLOWER to CANDIDATE at term 1 for changeToCandidate
2019-07-14 11:09:12,176 INFO  impl.RoleInfo (RoleInfo.java:updateAndGet(143)) - c850fbc6-b33b-4eb6-8c07-36c7bc8c2b81: start LeaderElection
2019-07-14 11:09:12,178 INFO  impl.RaftServerImpl (ServerState.java:setLeader(263)) - c850fbc6-b33b-4eb6-8c07-36c7bc8c2b81:group-7C85724D7D1E change Leader from 28fe82b7-ebd9-4a2a-8554-bbddc320b8ae to null at term 1 for initElection
2019-07-14 11:09:12,192 INFO  impl.LeaderElection (LeaderElection.java:askForVotes(181)) - c850fbc6-b33b-4eb6-8c07-36c7bc8c2b81:group-7C85724D7D1E:LeaderElection132: begin an election at term 2 for 0: [c850fbc6-b33b-4eb6-8c07-36c7bc8c2b81:192.168.157.209:36392, 28fe82b7-ebd9-4a2a-8554-bbddc320b8ae:192.168.157.209:33828, 6ce46959-8e32-4e70-a445-cddac5da34a1:192.168.157.209:40930], old=null
2019-07-14 11:09:12,194 INFO  impl.LeaderElection (LogUtils.java:infoOrTrace(149)) - c850fbc6-b33b-4eb6-8c07-36c7bc8c2b81:group-7C85724D7D1E:LeaderElection132 got exception when requesting votes: {}
java.util.concurrent.ExecutionException: org.apache.ratis.thirdparty.io.grpc.StatusRuntimeException: UNAVAILABLE: io exception
	at java.util.concurrent.FutureTask.report(FutureTask.java:122)
	at java.util.concurrent.FutureTask.get(FutureTask.java:192)
	at org.apache.ratis.server.impl.LeaderElection.waitForResults(LeaderElection.java:262)
	at org.apache.ratis.server.impl.LeaderElection.askForVotes(LeaderElection.java:200)
	at org.apache.ratis.server.impl.LeaderElection.run(LeaderElection.java:130)
	at java.lang.Thread.run(Thread.java:748)
Caused by: org.apache.ratis.thirdparty.io.grpc.StatusRuntimeException: UNAVAILABLE: io exception
	at org.apache.ratis.thirdparty.io.grpc.stub.ClientCalls.toStatusRuntimeException(ClientCalls.java:233)
	at org.apache.ratis.thirdparty.io.grpc.stub.ClientCalls.getUnchecked(ClientCalls.java:214)
	at org.apache.ratis.thirdparty.io.grpc.stub.ClientCalls.blockingUnaryCall(ClientCalls.java:139)
	at org.apache.ratis.proto.grpc.RaftServerProtocolServiceGrpc$RaftServerProtocolServiceBlockingStub.requestVote(RaftServerProtocolServiceGrpc.java:265)
	at org.apache.ratis.grpc.server.GrpcServerProtocolClient.requestVote(GrpcServerProtocolClient.java:83)
	at org.apache.ratis.grpc.server.GrpcService.requestVote(GrpcService.java:195)
	at org.apache.ratis.server.impl.LeaderElection.lambda$submitRequests$1(LeaderElection.java:237)
	at java.util.concurrent.FutureTask.run(FutureTask.java:266)
	at java.util.concurrent.Executors$RunnableAdapter.call(Executors.java:511)
	at java.util.concurrent.FutureTask.run(FutureTask.java:266)
	at java.util.concurrent.ThreadPoolExecutor.runWorker(ThreadPoolExecutor.java:1149)
	at java.util.concurrent.ThreadPoolExecutor$Worker.run(ThreadPoolExecutor.java:624)
	... 1 more
Caused by: org.apache.ratis.thirdparty.io.netty.channel.AbstractChannel$AnnotatedConnectException: Connection refused: /192.168.157.209:33828
	at sun.nio.ch.SocketChannelImpl.checkConnect(Native Method)
	at sun.nio.ch.SocketChannelImpl.finishConnect(SocketChannelImpl.java:717)
	at org.apache.ratis.thirdparty.io.netty.channel.socket.nio.NioSocketChannel.doFinishConnect(NioSocketChannel.java:327)
	at org.apache.ratis.thirdparty.io.netty.channel.nio.AbstractNioChannel$AbstractNioUnsafe.finishConnect(AbstractNioChannel.java:340)
	at org.apache.ratis.thirdparty.io.netty.channel.nio.NioEventLoop.processSelectedKey(NioEventLoop.java:632)
	at org.apache.ratis.thirdparty.io.netty.channel.nio.NioEventLoop.processSelectedKeysOptimized(NioEventLoop.java:579)
	at org.apache.ratis.thirdparty.io.netty.channel.nio.NioEventLoop.processSelectedKeys(NioEventLoop.java:496)
	at org.apache.ratis.thirdparty.io.netty.channel.nio.NioEventLoop.run(NioEventLoop.java:458)
	at org.apache.ratis.thirdparty.io.netty.util.concurrent.SingleThreadEventExecutor$5.run(SingleThreadEventExecutor.java:897)
	at org.apache.ratis.thirdparty.io.netty.util.concurrent.FastThreadLocalRunnable.run(FastThreadLocalRunnable.java:30)
	... 1 more
Caused by: java.net.ConnectException: Connection refused
	... 11 more
2019-07-14 11:09:12,196 INFO  impl.LeaderElection (LogUtils.java:infoOrTrace(149)) - c850fbc6-b33b-4eb6-8c07-36c7bc8c2b81:group-7C85724D7D1E:LeaderElection132 got exception when requesting votes: {}
java.util.concurrent.ExecutionException: org.apache.ratis.thirdparty.io.grpc.StatusRuntimeException: UNAVAILABLE: io exception
	at java.util.concurrent.FutureTask.report(FutureTask.java:122)
	at java.util.concurrent.FutureTask.get(FutureTask.java:192)
	at org.apache.ratis.server.impl.LeaderElection.waitForResults(LeaderElection.java:262)
	at org.apache.ratis.server.impl.LeaderElection.askForVotes(LeaderElection.java:200)
	at org.apache.ratis.server.impl.LeaderElection.run(LeaderElection.java:130)
	at java.lang.Thread.run(Thread.java:748)
Caused by: org.apache.ratis.thirdparty.io.grpc.StatusRuntimeException: UNAVAILABLE: io exception
	at org.apache.ratis.thirdparty.io.grpc.stub.ClientCalls.toStatusRuntimeException(ClientCalls.java:233)
	at org.apache.ratis.thirdparty.io.grpc.stub.ClientCalls.getUnchecked(ClientCalls.java:214)
	at org.apache.ratis.thirdparty.io.grpc.stub.ClientCalls.blockingUnaryCall(ClientCalls.java:139)
	at org.apache.ratis.proto.grpc.RaftServerProtocolServiceGrpc$RaftServerProtocolServiceBlockingStub.requestVote(RaftServerProtocolServiceGrpc.java:265)
	at org.apache.ratis.grpc.server.GrpcServerProtocolClient.requestVote(GrpcServerProtocolClient.java:83)
	at org.apache.ratis.grpc.server.GrpcService.requestVote(GrpcService.java:195)
	at org.apache.ratis.server.impl.LeaderElection.lambda$submitRequests$1(LeaderElection.java:237)
	at java.util.concurrent.FutureTask.run(FutureTask.java:266)
	at java.util.concurrent.Executors$RunnableAdapter.call(Executors.java:511)
	at java.util.concurrent.FutureTask.run(FutureTask.java:266)
	at java.util.concurrent.ThreadPoolExecutor.runWorker(ThreadPoolExecutor.java:1149)
	at java.util.concurrent.ThreadPoolExecutor$Worker.run(ThreadPoolExecutor.java:624)
	... 1 more
Caused by: org.apache.ratis.thirdparty.io.netty.channel.AbstractChannel$AnnotatedConnectException: Connection refused: /192.168.157.209:40930
	at sun.nio.ch.SocketChannelImpl.checkConnect(Native Method)
	at sun.nio.ch.SocketChannelImpl.finishConnect(SocketChannelImpl.java:717)
	at org.apache.ratis.thirdparty.io.netty.channel.socket.nio.NioSocketChannel.doFinishConnect(NioSocketChannel.java:327)
	at org.apache.ratis.thirdparty.io.netty.channel.nio.AbstractNioChannel$AbstractNioUnsafe.finishConnect(AbstractNioChannel.java:340)
	at org.apache.ratis.thirdparty.io.netty.channel.nio.NioEventLoop.processSelectedKey(NioEventLoop.java:632)
	at org.apache.ratis.thirdparty.io.netty.channel.nio.NioEventLoop.processSelectedKeysOptimized(NioEventLoop.java:579)
	at org.apache.ratis.thirdparty.io.netty.channel.nio.NioEventLoop.processSelectedKeys(NioEventLoop.java:496)
	at org.apache.ratis.thirdparty.io.netty.channel.nio.NioEventLoop.run(NioEventLoop.java:458)
	at org.apache.ratis.thirdparty.io.netty.util.concurrent.SingleThreadEventExecutor$5.run(SingleThreadEventExecutor.java:897)
	at org.apache.ratis.thirdparty.io.netty.util.concurrent.FastThreadLocalRunnable.run(FastThreadLocalRunnable.java:30)
	... 1 more
Caused by: java.net.ConnectException: Connection refused
	... 11 more
2019-07-14 11:09:12,198 INFO  impl.LeaderElection (LeaderElection.java:logAndReturn(56)) - c850fbc6-b33b-4eb6-8c07-36c7bc8c2b81:group-7C85724D7D1E:LeaderElection132: Election REJECTED; received 0 response(s) [] and 2 exception(s); c850fbc6-b33b-4eb6-8c07-36c7bc8c2b81:t2, leader=null, voted=c850fbc6-b33b-4eb6-8c07-36c7bc8c2b81, raftlog=c850fbc6-b33b-4eb6-8c07-36c7bc8c2b81-SegmentedRaftLog:OPENED:c6,f6,i6, conf=0: [c850fbc6-b33b-4eb6-8c07-36c7bc8c2b81:192.168.157.209:36392, 28fe82b7-ebd9-4a2a-8554-bbddc320b8ae:192.168.157.209:33828, 6ce46959-8e32-4e70-a445-cddac5da34a1:192.168.157.209:40930], old=null
2019-07-14 11:09:12,198 INFO  impl.LeaderElection (LogUtils.java:infoOrTrace(149)) -   Exception 0: {}
java.util.concurrent.ExecutionException: org.apache.ratis.thirdparty.io.grpc.StatusRuntimeException: UNAVAILABLE: io exception
	at java.util.concurrent.FutureTask.report(FutureTask.java:122)
	at java.util.concurrent.FutureTask.get(FutureTask.java:192)
	at org.apache.ratis.server.impl.LeaderElection.waitForResults(LeaderElection.java:262)
	at org.apache.ratis.server.impl.LeaderElection.askForVotes(LeaderElection.java:200)
	at org.apache.ratis.server.impl.LeaderElection.run(LeaderElection.java:130)
	at java.lang.Thread.run(Thread.java:748)
Caused by: org.apache.ratis.thirdparty.io.grpc.StatusRuntimeException: UNAVAILABLE: io exception
	at org.apache.ratis.thirdparty.io.grpc.stub.ClientCalls.toStatusRuntimeException(ClientCalls.java:233)
	at org.apache.ratis.thirdparty.io.grpc.stub.ClientCalls.getUnchecked(ClientCalls.java:214)
	at org.apache.ratis.thirdparty.io.grpc.stub.ClientCalls.blockingUnaryCall(ClientCalls.java:139)
	at org.apache.ratis.proto.grpc.RaftServerProtocolServiceGrpc$RaftServerProtocolServiceBlockingStub.requestVote(RaftServerProtocolServiceGrpc.java:265)
	at org.apache.ratis.grpc.server.GrpcServerProtocolClient.requestVote(GrpcServerProtocolClient.java:83)
	at org.apache.ratis.grpc.server.GrpcService.requestVote(GrpcService.java:195)
	at org.apache.ratis.server.impl.LeaderElection.lambda$submitRequests$1(LeaderElection.java:237)
	at java.util.concurrent.FutureTask.run(FutureTask.java:266)
	at java.util.concurrent.Executors$RunnableAdapter.call(Executors.java:511)
	at java.util.concurrent.FutureTask.run(FutureTask.java:266)
	at java.util.concurrent.ThreadPoolExecutor.runWorker(ThreadPoolExecutor.java:1149)
	at java.util.concurrent.ThreadPoolExecutor$Worker.run(ThreadPoolExecutor.java:624)
	... 1 more
Caused by: org.apache.ratis.thirdparty.io.netty.channel.AbstractChannel$AnnotatedConnectException: Connection refused: /192.168.157.209:33828
	at sun.nio.ch.SocketChannelImpl.checkConnect(Native Method)
	at sun.nio.ch.SocketChannelImpl.finishConnect(SocketChannelImpl.java:717)
	at org.apache.ratis.thirdparty.io.netty.channel.socket.nio.NioSocketChannel.doFinishConnect(NioSocketChannel.java:327)
	at org.apache.ratis.thirdparty.io.netty.channel.nio.AbstractNioChannel$AbstractNioUnsafe.finishConnect(AbstractNioChannel.java:340)
	at org.apache.ratis.thirdparty.io.netty.channel.nio.NioEventLoop.processSelectedKey(NioEventLoop.java:632)
	at org.apache.ratis.thirdparty.io.netty.channel.nio.NioEventLoop.processSelectedKeysOptimized(NioEventLoop.java:579)
	at org.apache.ratis.thirdparty.io.netty.channel.nio.NioEventLoop.processSelectedKeys(NioEventLoop.java:496)
	at org.apache.ratis.thirdparty.io.netty.channel.nio.NioEventLoop.run(NioEventLoop.java:458)
	at org.apache.ratis.thirdparty.io.netty.util.concurrent.SingleThreadEventExecutor$5.run(SingleThreadEventExecutor.java:897)
	at org.apache.ratis.thirdparty.io.netty.util.concurrent.FastThreadLocalRunnable.run(FastThreadLocalRunnable.java:30)
	... 1 more
Caused by: java.net.ConnectException: Connection refused
	... 11 more
2019-07-14 11:09:12,198 INFO  impl.LeaderElection (LogUtils.java:infoOrTrace(149)) -   Exception 1: {}
java.util.concurrent.ExecutionException: org.apache.ratis.thirdparty.io.grpc.StatusRuntimeException: UNAVAILABLE: io exception
	at java.util.concurrent.FutureTask.report(FutureTask.java:122)
	at java.util.concurrent.FutureTask.get(FutureTask.java:192)
	at org.apache.ratis.server.impl.LeaderElection.waitForResults(LeaderElection.java:262)
	at org.apache.ratis.server.impl.LeaderElection.askForVotes(LeaderElection.java:200)
	at org.apache.ratis.server.impl.LeaderElection.run(LeaderElection.java:130)
	at java.lang.Thread.run(Thread.java:748)
Caused by: org.apache.ratis.thirdparty.io.grpc.StatusRuntimeException: UNAVAILABLE: io exception
	at org.apache.ratis.thirdparty.io.grpc.stub.ClientCalls.toStatusRuntimeException(ClientCalls.java:233)
	at org.apache.ratis.thirdparty.io.grpc.stub.ClientCalls.getUnchecked(ClientCalls.java:214)
	at org.apache.ratis.thirdparty.io.grpc.stub.ClientCalls.blockingUnaryCall(ClientCalls.java:139)
	at org.apache.ratis.proto.grpc.RaftServerProtocolServiceGrpc$RaftServerProtocolServiceBlockingStub.requestVote(RaftServerProtocolServiceGrpc.java:265)
	at org.apache.ratis.grpc.server.GrpcServerProtocolClient.requestVote(GrpcServerProtocolClient.java:83)
	at org.apache.ratis.grpc.server.GrpcService.requestVote(GrpcService.java:195)
	at org.apache.ratis.server.impl.LeaderElection.lambda$submitRequests$1(LeaderElection.java:237)
	at java.util.concurrent.FutureTask.run(FutureTask.java:266)
	at java.util.concurrent.Executors$RunnableAdapter.call(Executors.java:511)
	at java.util.concurrent.FutureTask.run(FutureTask.java:266)
	at java.util.concurrent.ThreadPoolExecutor.runWorker(ThreadPoolExecutor.java:1149)
	at java.util.concurrent.ThreadPoolExecutor$Worker.run(ThreadPoolExecutor.java:624)
	... 1 more
Caused by: org.apache.ratis.thirdparty.io.netty.channel.AbstractChannel$AnnotatedConnectException: Connection refused: /192.168.157.209:40930
	at sun.nio.ch.SocketChannelImpl.checkConnect(Native Method)
	at sun.nio.ch.SocketChannelImpl.finishConnect(SocketChannelImpl.java:717)
	at org.apache.ratis.thirdparty.io.netty.channel.socket.nio.NioSocketChannel.doFinishConnect(NioSocketChannel.java:327)
	at org.apache.ratis.thirdparty.io.netty.channel.nio.AbstractNioChannel$AbstractNioUnsafe.finishConnect(AbstractNioChannel.java:340)
	at org.apache.ratis.thirdparty.io.netty.channel.nio.NioEventLoop.processSelectedKey(NioEventLoop.java:632)
	at org.apache.ratis.thirdparty.io.netty.channel.nio.NioEventLoop.processSelectedKeysOptimized(NioEventLoop.java:579)
	at org.apache.ratis.thirdparty.io.netty.channel.nio.NioEventLoop.processSelectedKeys(NioEventLoop.java:496)
	at org.apache.ratis.thirdparty.io.netty.channel.nio.NioEventLoop.run(NioEventLoop.java:458)
	at org.apache.ratis.thirdparty.io.netty.util.concurrent.SingleThreadEventExecutor$5.run(SingleThreadEventExecutor.java:897)
	at org.apache.ratis.thirdparty.io.netty.util.concurrent.FastThreadLocalRunnable.run(FastThreadLocalRunnable.java:30)
	... 1 more
Caused by: java.net.ConnectException: Connection refused
	... 11 more
2019-07-14 11:09:12,198 INFO  impl.RaftServerImpl (RaftServerImpl.java:setRole(171)) - c850fbc6-b33b-4eb6-8c07-36c7bc8c2b81:group-7C85724D7D1E changes role from CANDIDATE to FOLLOWER at term 2 for DISCOVERED_A_NEW_TERM
2019-07-14 11:09:12,198 INFO  impl.RoleInfo (RoleInfo.java:shutdownLeaderElection(134)) - c850fbc6-b33b-4eb6-8c07-36c7bc8c2b81: shutdown LeaderElection
2019-07-14 11:09:12,199 INFO  impl.RoleInfo (RoleInfo.java:updateAndGet(143)) - c850fbc6-b33b-4eb6-8c07-36c7bc8c2b81: start FollowerState
2019-07-14 11:09:14,432 INFO  node.StaleNodeHandler (StaleNodeHandler.java:onMessage(58)) - Datanode 665fa842-ba79-45b7-af82-2a2d5438b243{ip: 192.168.157.209, host: trunk-nightly-fxmrv-2540794721, networkLocation: /default-rack, certSerialId: null} moved to stale state. Finalizing its pipelines [PipelineID=5dd41565-60ae-48cb-bdd2-c2a35888879d, PipelineID=fe27d62f-e19e-454a-900c-5c8daf6bd76d]
2019-07-14 11:09:14,432 INFO  pipeline.SCMPipelineManager (SCMPipelineManager.java:finalizeAndDestroyPipeline(309)) - destroying pipeline:Pipeline[ Id: 5dd41565-60ae-48cb-bdd2-c2a35888879d, Nodes: 665fa842-ba79-45b7-af82-2a2d5438b243{ip: 192.168.157.209, host: trunk-nightly-fxmrv-2540794721, networkLocation: /default-rack, certSerialId: null}, Type:RATIS, Factor:ONE, State:OPEN]
2019-07-14 11:09:14,432 INFO  pipeline.PipelineStateManager (PipelineStateManager.java:finalizePipeline(123)) - Pipeline Pipeline[ Id: 5dd41565-60ae-48cb-bdd2-c2a35888879d, Nodes: 665fa842-ba79-45b7-af82-2a2d5438b243{ip: 192.168.157.209, host: trunk-nightly-fxmrv-2540794721, networkLocation: /default-rack, certSerialId: null}, Type:RATIS, Factor:ONE, State:CLOSED] moved to CLOSED state
2019-07-14 11:09:14,433 INFO  pipeline.SCMPipelineManager (SCMPipelineManager.java:finalizeAndDestroyPipeline(309)) - destroying pipeline:Pipeline[ Id: fe27d62f-e19e-454a-900c-5c8daf6bd76d, Nodes: f296797d-749e-4308-b8db-39d6f9660560{ip: 192.168.157.209, host: trunk-nightly-fxmrv-2540794721, networkLocation: /default-rack, certSerialId: null}665fa842-ba79-45b7-af82-2a2d5438b243{ip: 192.168.157.209, host: trunk-nightly-fxmrv-2540794721, networkLocation: /default-rack, certSerialId: null}b3c26f84-ced4-4ded-89e0-27fb4ce92002{ip: 192.168.157.209, host: trunk-nightly-fxmrv-2540794721, networkLocation: /default-rack, certSerialId: null}, Type:RATIS, Factor:THREE, State:CLOSED]
2019-07-14 11:09:15,021 INFO  ozoneimpl.OzoneContainer (OzoneContainer.java:stop(199)) - Attempting to stop container services.
2019-07-14 11:09:15,021 INFO  ozoneimpl.OzoneContainer (OzoneContainer.java:stop(199)) - Attempting to stop container services.
2019-07-14 11:09:15,021 INFO  impl.RaftServerProxy (RaftServerProxy.java:lambda$close$4(314)) - 81ae09c3-ec4e-4bf7-bc56-5c1adb625679: close
2019-07-14 11:09:15,022 INFO  impl.RaftServerProxy (RaftServerProxy.java:lambda$close$4(314)) - 665fa842-ba79-45b7-af82-2a2d5438b243: close
2019-07-14 11:09:15,022 INFO  impl.RaftServerImpl (RaftServerImpl.java:lambda$shutdown$3(245)) - 81ae09c3-ec4e-4bf7-bc56-5c1adb625679: shutdown group-FEF494829096
2019-07-14 11:09:15,023 INFO  util.JmxRegister (JmxRegister.java:unregister(73)) - Successfully un-registered JMX Bean with object name Ratis:service=RaftServer,group=group-FEF494829096,id=81ae09c3-ec4e-4bf7-bc56-5c1adb625679
2019-07-14 11:09:15,023 INFO  impl.RoleInfo (RoleInfo.java:shutdownLeaderState(104)) - 81ae09c3-ec4e-4bf7-bc56-5c1adb625679: shutdown LeaderState
2019-07-14 11:09:15,022 INFO  impl.RaftServerImpl (RaftServerImpl.java:lambda$shutdown$3(245)) - 665fa842-ba79-45b7-af82-2a2d5438b243: shutdown group-C2A35888879D
2019-07-14 11:09:15,023 INFO  impl.PendingRequests (PendingRequests.java:sendNotLeaderResponses(202)) - 81ae09c3-ec4e-4bf7-bc56-5c1adb625679-PendingRequests: sendNotLeaderResponses
2019-07-14 11:09:15,024 INFO  util.JmxRegister (JmxRegister.java:unregister(73)) - Successfully un-registered JMX Bean with object name Ratis:service=RaftServer,group=group-C2A35888879D,id=665fa842-ba79-45b7-af82-2a2d5438b243
2019-07-14 11:09:15,024 INFO  impl.StateMachineUpdater (StateMachineUpdater.java:stopAndJoin(115)) - StateMachineUpdater:81ae09c3-ec4e-4bf7-bc56-5c1adb625679:group-FEF494829096: set stopIndex = 0
2019-07-14 11:09:15,025 INFO  impl.RaftServerImpl (ServerState.java:close(394)) - 81ae09c3-ec4e-4bf7-bc56-5c1adb625679:group-FEF494829096 closes. The last applied log index is 0
2019-07-14 11:09:15,024 INFO  impl.RoleInfo (RoleInfo.java:shutdownLeaderState(104)) - 665fa842-ba79-45b7-af82-2a2d5438b243: shutdown LeaderState
2019-07-14 11:09:15,026 INFO  segmented.SegmentedRaftLogWorker (SegmentedRaftLogWorker.java:run(313)) - 81ae09c3-ec4e-4bf7-bc56-5c1adb625679-SegmentedRaftLogWorker:Storage Directory /workdir/hadoop-ozone/integration-test/target/test-dir/MiniOzoneClusterImpl-b769e16a-867c-4841-9f53-e34879b9b639/datanode-6/data/ratis/47e5a956-55f6-458d-8253-fef494829096 was interrupted, exiting. There are 0 tasks remaining in the queue.
2019-07-14 11:09:15,026 INFO  impl.PendingRequests (PendingRequests.java:sendNotLeaderResponses(202)) - 665fa842-ba79-45b7-af82-2a2d5438b243-PendingRequests: sendNotLeaderResponses
2019-07-14 11:09:15,029 INFO  segmented.SegmentedRaftLogWorker (SegmentedRaftLogWorker.java:close(228)) - 81ae09c3-ec4e-4bf7-bc56-5c1adb625679-SegmentedRaftLogWorker:Storage Directory /workdir/hadoop-ozone/integration-test/target/test-dir/MiniOzoneClusterImpl-b769e16a-867c-4841-9f53-e34879b9b639/datanode-6/data/ratis/47e5a956-55f6-458d-8253-fef494829096 close()
2019-07-14 11:09:15,029 INFO  impl.StateMachineUpdater (StateMachineUpdater.java:stopAndJoin(115)) - StateMachineUpdater:665fa842-ba79-45b7-af82-2a2d5438b243:group-C2A35888879D: set stopIndex = 0
2019-07-14 11:09:15,031 INFO  server.GrpcService (GrpcService.java:closeImpl(155)) - 81ae09c3-ec4e-4bf7-bc56-5c1adb625679: shutdown server with port 36016 now
2019-07-14 11:09:15,031 INFO  impl.RaftServerImpl (ServerState.java:close(394)) - 665fa842-ba79-45b7-af82-2a2d5438b243:group-C2A35888879D closes. The last applied log index is 0
2019-07-14 11:09:15,034 INFO  server.GrpcService (GrpcService.java:closeImpl(163)) - 81ae09c3-ec4e-4bf7-bc56-5c1adb625679: shutdown server with port 36016 successfully
2019-07-14 11:09:15,034 INFO  segmented.SegmentedRaftLogWorker (SegmentedRaftLogWorker.java:run(313)) - 665fa842-ba79-45b7-af82-2a2d5438b243-SegmentedRaftLogWorker:Storage Directory /workdir/hadoop-ozone/integration-test/target/test-dir/MiniOzoneClusterImpl-b769e16a-867c-4841-9f53-e34879b9b639/datanode-0/data/ratis/5dd41565-60ae-48cb-bdd2-c2a35888879d was interrupted, exiting. There are 0 tasks remaining in the queue.
2019-07-14 11:09:15,034 INFO  node.StaleNodeHandler (StaleNodeHandler.java:onMessage(58)) - Datanode 81ae09c3-ec4e-4bf7-bc56-5c1adb625679{ip: 192.168.157.209, host: trunk-nightly-fxmrv-2540794721, networkLocation: /default-rack, certSerialId: null} moved to stale state. Finalizing its pipelines [PipelineID=47e5a956-55f6-458d-8253-fef494829096]
2019-07-14 11:09:15,036 INFO  segmented.SegmentedRaftLogWorker (SegmentedRaftLogWorker.java:close(228)) - 665fa842-ba79-45b7-af82-2a2d5438b243-SegmentedRaftLogWorker:Storage Directory /workdir/hadoop-ozone/integration-test/target/test-dir/MiniOzoneClusterImpl-b769e16a-867c-4841-9f53-e34879b9b639/datanode-0/data/ratis/5dd41565-60ae-48cb-bdd2-c2a35888879d close()
2019-07-14 11:09:15,045 INFO  impl.RaftServerImpl (RaftServerImpl.java:lambda$shutdown$3(245)) - 665fa842-ba79-45b7-af82-2a2d5438b243: shutdown group-5C8DAF6BD76D
2019-07-14 11:09:15,045 INFO  util.JmxRegister (JmxRegister.java:unregister(73)) - Successfully un-registered JMX Bean with object name Ratis:service=RaftServer,group=group-5C8DAF6BD76D,id=665fa842-ba79-45b7-af82-2a2d5438b243
2019-07-14 11:09:15,046 INFO  impl.RoleInfo (RoleInfo.java:shutdownFollowerState(121)) - 665fa842-ba79-45b7-af82-2a2d5438b243: shutdown FollowerState
2019-07-14 11:09:15,045 INFO  pipeline.SCMPipelineManager (SCMPipelineManager.java:finalizeAndDestroyPipeline(309)) - destroying pipeline:Pipeline[ Id: 47e5a956-55f6-458d-8253-fef494829096, Nodes: 81ae09c3-ec4e-4bf7-bc56-5c1adb625679{ip: 192.168.157.209, host: trunk-nightly-fxmrv-2540794721, networkLocation: /default-rack, certSerialId: null}, Type:RATIS, Factor:ONE, State:OPEN]
2019-07-14 11:09:15,046 INFO  impl.StateMachineUpdater (StateMachineUpdater.java:stopAndJoin(115)) - StateMachineUpdater:665fa842-ba79-45b7-af82-2a2d5438b243:group-5C8DAF6BD76D: set stopIndex = 8
2019-07-14 11:09:15,046 INFO  ratis.ContainerStateMachine (ContainerStateMachine.java:takeSnapshot(249)) - group-5C8DAF6BD76D: Taking a snapshot at:(t:1, i:7) file /workdir/hadoop-ozone/integration-test/target/test-dir/MiniOzoneClusterImpl-b769e16a-867c-4841-9f53-e34879b9b639/datanode-0/data/ratis/fe27d62f-e19e-454a-900c-5c8daf6bd76d/sm/snapshot.1_7
2019-07-14 11:09:15,046 INFO  impl.FollowerState (FollowerState.java:run(114)) - 665fa842-ba79-45b7-af82-2a2d5438b243: FollowerState was interrupted: java.lang.InterruptedException: sleep interrupted
2019-07-14 11:09:15,046 INFO  pipeline.PipelineStateManager (PipelineStateManager.java:finalizePipeline(123)) - Pipeline Pipeline[ Id: 47e5a956-55f6-458d-8253-fef494829096, Nodes: 81ae09c3-ec4e-4bf7-bc56-5c1adb625679{ip: 192.168.157.209, host: trunk-nightly-fxmrv-2540794721, networkLocation: /default-rack, certSerialId: null}, Type:RATIS, Factor:ONE, State:CLOSED] moved to CLOSED state
2019-07-14 11:09:15,049 INFO  ratis.ContainerStateMachine (ContainerStateMachine.java:takeSnapshot(257)) - group-5C8DAF6BD76D: Finished taking a snapshot at:(t:1, i:7) file:/workdir/hadoop-ozone/integration-test/target/test-dir/MiniOzoneClusterImpl-b769e16a-867c-4841-9f53-e34879b9b639/datanode-0/data/ratis/fe27d62f-e19e-454a-900c-5c8daf6bd76d/sm/snapshot.1_7 time:2
2019-07-14 11:09:15,049 INFO  utils.BackgroundService (BackgroundService.java:shutdown(148)) - Shutting down service BlockDeletingService
2019-07-14 11:09:15,049 INFO  impl.StateMachineUpdater (StateMachineUpdater.java:takeSnapshot(242)) - StateMachineUpdater:665fa842-ba79-45b7-af82-2a2d5438b243:group-5C8DAF6BD76D: Took a snapshot at index 7
2019-07-14 11:09:15,050 INFO  impl.StateMachineUpdater (StateMachineUpdater.java:lambda$new$0(80)) - StateMachineUpdater:665fa842-ba79-45b7-af82-2a2d5438b243:group-5C8DAF6BD76D: snapshotIndex: updateIncreasingly -1 -> 7
2019-07-14 11:09:15,050 INFO  impl.RaftServerImpl (ServerState.java:close(394)) - 665fa842-ba79-45b7-af82-2a2d5438b243:group-5C8DAF6BD76D closes. The last applied log index is 8
2019-07-14 11:09:15,051 INFO  segmented.SegmentedRaftLogWorker (SegmentedRaftLogWorker.java:run(313)) - 665fa842-ba79-45b7-af82-2a2d5438b243-SegmentedRaftLogWorker:Storage Directory /workdir/hadoop-ozone/integration-test/target/test-dir/MiniOzoneClusterImpl-b769e16a-867c-4841-9f53-e34879b9b639/datanode-0/data/ratis/fe27d62f-e19e-454a-900c-5c8daf6bd76d was interrupted, exiting. There are 0 tasks remaining in the queue.
2019-07-14 11:09:15,051 INFO  segmented.SegmentedRaftLogWorker (SegmentedRaftLogWorker.java:close(228)) - 665fa842-ba79-45b7-af82-2a2d5438b243-SegmentedRaftLogWorker:Storage Directory /workdir/hadoop-ozone/integration-test/target/test-dir/MiniOzoneClusterImpl-b769e16a-867c-4841-9f53-e34879b9b639/datanode-0/data/ratis/fe27d62f-e19e-454a-900c-5c8daf6bd76d close()
2019-07-14 11:09:15,051 INFO  server.GrpcService (GrpcService.java:closeImpl(155)) - 665fa842-ba79-45b7-af82-2a2d5438b243: shutdown server with port 44896 now
2019-07-14 11:09:15,052 INFO  server.GrpcService (GrpcService.java:closeImpl(163)) - 665fa842-ba79-45b7-af82-2a2d5438b243: shutdown server with port 44896 successfully
2019-07-14 11:09:15,052 WARN  fs.CachingGetSpaceUsed (CachingGetSpaceUsed.java:run(183)) - Thread Interrupted waiting to refresh disk information: sleep interrupted
2019-07-14 11:09:15,053 INFO  utils.BackgroundService (BackgroundService.java:shutdown(148)) - Shutting down service BlockDeletingService
2019-07-14 11:09:15,055 WARN  fs.CachingGetSpaceUsed (CachingGetSpaceUsed.java:run(183)) - Thread Interrupted waiting to refresh disk information: sleep interrupted
2019-07-14 11:09:15,072 INFO  statemachine.DatanodeStateMachine (DatanodeStateMachine.java:stopDaemon(395)) - Ozone container server stopped.
2019-07-14 11:09:15,076 INFO  statemachine.DatanodeStateMachine (DatanodeStateMachine.java:stopDaemon(395)) - Ozone container server stopped.
2019-07-14 11:09:15,088 INFO  handler.ContextHandler (ContextHandler.java:doStop(910)) - Stopped o.e.j.w.WebAppContext@317e9cf5{/,null,UNAVAILABLE}{/hddsDatanode}
2019-07-14 11:09:15,090 INFO  handler.ContextHandler (ContextHandler.java:doStop(910)) - Stopped o.e.j.w.WebAppContext@6e4e7a62{/,null,UNAVAILABLE}{/hddsDatanode}
2019-07-14 11:09:15,090 INFO  server.AbstractConnector (AbstractConnector.java:doStop(318)) - Stopped ServerConnector@33a267f{HTTP/1.1,[http/1.1]}{0.0.0.0:0}
2019-07-14 11:09:15,090 INFO  server.AbstractConnector (AbstractConnector.java:doStop(318)) - Stopped ServerConnector@2fdbd353{HTTP/1.1,[http/1.1]}{0.0.0.0:0}
2019-07-14 11:09:15,091 INFO  handler.ContextHandler (ContextHandler.java:doStop(910)) - Stopped o.e.j.s.ServletContextHandler@4b89b14a{/static,jar:file:/home/user/.m2/repository/org/apache/hadoop/hadoop-hdds-container-service/0.5.0-SNAPSHOT/hadoop-hdds-container-service-0.5.0-SNAPSHOT.jar!/webapps/static,UNAVAILABLE}
2019-07-14 11:09:15,091 INFO  handler.ContextHandler (ContextHandler.java:doStop(910)) - Stopped o.e.j.s.ServletContextHandler@59f0f273{/static,jar:file:/home/user/.m2/repository/org/apache/hadoop/hadoop-hdds-container-service/0.5.0-SNAPSHOT/hadoop-hdds-container-service-0.5.0-SNAPSHOT.jar!/webapps/static,UNAVAILABLE}
2019-07-14 11:09:15,091 INFO  handler.ContextHandler (ContextHandler.java:doStop(910)) - Stopped o.e.j.s.ServletContextHandler@43da05ee{/logs,file:///workdir/hadoop-ozone/integration-test/target/log,UNAVAILABLE}
2019-07-14 11:09:15,092 INFO  handler.ContextHandler (ContextHandler.java:doStop(910)) - Stopped o.e.j.s.ServletContextHandler@735beda7{/logs,file:///workdir/hadoop-ozone/integration-test/target/log,UNAVAILABLE}
2019-07-14 11:09:15,093 INFO  datanode.ObjectStoreHandler (ObjectStoreHandler.java:close(155)) - Closing ObjectStoreHandler.
2019-07-14 11:09:15,093 INFO  ozone.HddsDatanodeService (HddsDatanodeService.java:stop(452)) - Stopped plug-in org.apache.hadoop.ozone.web.OzoneHddsDatanodeService@472cf6af
2019-07-14 11:09:15,597 INFO  statemachine.DatanodeStateMachine (DatanodeStateMachine.java:lambda$startDaemon$0(350)) - Ozone container server started.
2019-07-14 11:09:17,279 INFO  impl.FollowerState (FollowerState.java:run(106)) - c850fbc6-b33b-4eb6-8c07-36c7bc8c2b81:group-7C85724D7D1E changes to CANDIDATE, lastRpcTime:5080, electionTimeout:5080ms
2019-07-14 11:09:17,279 INFO  impl.RoleInfo (RoleInfo.java:shutdownFollowerState(121)) - c850fbc6-b33b-4eb6-8c07-36c7bc8c2b81: shutdown FollowerState
2019-07-14 11:09:17,280 INFO  impl.RaftServerImpl (RaftServerImpl.java:setRole(171)) - c850fbc6-b33b-4eb6-8c07-36c7bc8c2b81:group-7C85724D7D1E changes role from FOLLOWER to CANDIDATE at term 2 for changeToCandidate
2019-07-14 11:09:17,280 INFO  impl.RoleInfo (RoleInfo.java:updateAndGet(143)) - c850fbc6-b33b-4eb6-8c07-36c7bc8c2b81: start LeaderElection
2019-07-14 11:09:17,295 INFO  impl.LeaderElection (LeaderElection.java:askForVotes(181)) - c850fbc6-b33b-4eb6-8c07-36c7bc8c2b81:group-7C85724D7D1E:LeaderElection133: begin an election at term 3 for 0: [c850fbc6-b33b-4eb6-8c07-36c7bc8c2b81:192.168.157.209:36392, 28fe82b7-ebd9-4a2a-8554-bbddc320b8ae:192.168.157.209:33828, 6ce46959-8e32-4e70-a445-cddac5da34a1:192.168.157.209:40930], old=null
2019-07-14 11:09:17,296 INFO  impl.LeaderElection (LogUtils.java:infoOrTrace(149)) - c850fbc6-b33b-4eb6-8c07-36c7bc8c2b81:group-7C85724D7D1E:LeaderElection133 got exception when requesting votes: {}
java.util.concurrent.ExecutionException: org.apache.ratis.thirdparty.io.grpc.StatusRuntimeException: UNAVAILABLE: io exception
	at java.util.concurrent.FutureTask.report(FutureTask.java:122)
	at java.util.concurrent.FutureTask.get(FutureTask.java:192)
	at org.apache.ratis.server.impl.LeaderElection.waitForResults(LeaderElection.java:262)
	at org.apache.ratis.server.impl.LeaderElection.askForVotes(LeaderElection.java:200)
	at org.apache.ratis.server.impl.LeaderElection.run(LeaderElection.java:130)
	at java.lang.Thread.run(Thread.java:748)
Caused by: org.apache.ratis.thirdparty.io.grpc.StatusRuntimeException: UNAVAILABLE: io exception
	at org.apache.ratis.thirdparty.io.grpc.stub.ClientCalls.toStatusRuntimeException(ClientCalls.java:233)
	at org.apache.ratis.thirdparty.io.grpc.stub.ClientCalls.getUnchecked(ClientCalls.java:214)
	at org.apache.ratis.thirdparty.io.grpc.stub.ClientCalls.blockingUnaryCall(ClientCalls.java:139)
	at org.apache.ratis.proto.grpc.RaftServerProtocolServiceGrpc$RaftServerProtocolServiceBlockingStub.requestVote(RaftServerProtocolServiceGrpc.java:265)
	at org.apache.ratis.grpc.server.GrpcServerProtocolClient.requestVote(GrpcServerProtocolClient.java:83)
	at org.apache.ratis.grpc.server.GrpcService.requestVote(GrpcService.java:195)
	at org.apache.ratis.server.impl.LeaderElection.lambda$submitRequests$1(LeaderElection.java:237)
	at java.util.concurrent.FutureTask.run(FutureTask.java:266)
	at java.util.concurrent.Executors$RunnableAdapter.call(Executors.java:511)
	at java.util.concurrent.FutureTask.run(FutureTask.java:266)
	at java.util.concurrent.ThreadPoolExecutor.runWorker(ThreadPoolExecutor.java:1149)
	at java.util.concurrent.ThreadPoolExecutor$Worker.run(ThreadPoolExecutor.java:624)
	... 1 more
Caused by: org.apache.ratis.thirdparty.io.netty.channel.AbstractChannel$AnnotatedConnectException: Connection refused: /192.168.157.209:33828
	at sun.nio.ch.SocketChannelImpl.checkConnect(Native Method)
	at sun.nio.ch.SocketChannelImpl.finishConnect(SocketChannelImpl.java:717)
	at org.apache.ratis.thirdparty.io.netty.channel.socket.nio.NioSocketChannel.doFinishConnect(NioSocketChannel.java:327)
	at org.apache.ratis.thirdparty.io.netty.channel.nio.AbstractNioChannel$AbstractNioUnsafe.finishConnect(AbstractNioChannel.java:340)
	at org.apache.ratis.thirdparty.io.netty.channel.nio.NioEventLoop.processSelectedKey(NioEventLoop.java:632)
	at org.apache.ratis.thirdparty.io.netty.channel.nio.NioEventLoop.processSelectedKeysOptimized(NioEventLoop.java:579)
	at org.apache.ratis.thirdparty.io.netty.channel.nio.NioEventLoop.processSelectedKeys(NioEventLoop.java:496)
	at org.apache.ratis.thirdparty.io.netty.channel.nio.NioEventLoop.run(NioEventLoop.java:458)
	at org.apache.ratis.thirdparty.io.netty.util.concurrent.SingleThreadEventExecutor$5.run(SingleThreadEventExecutor.java:897)
	at org.apache.ratis.thirdparty.io.netty.util.concurrent.FastThreadLocalRunnable.run(FastThreadLocalRunnable.java:30)
	... 1 more
Caused by: java.net.ConnectException: Connection refused
	... 11 more
2019-07-14 11:09:17,298 INFO  impl.LeaderElection (LogUtils.java:infoOrTrace(149)) - c850fbc6-b33b-4eb6-8c07-36c7bc8c2b81:group-7C85724D7D1E:LeaderElection133 got exception when requesting votes: {}
java.util.concurrent.ExecutionException: org.apache.ratis.thirdparty.io.grpc.StatusRuntimeException: UNAVAILABLE: io exception
	at java.util.concurrent.FutureTask.report(FutureTask.java:122)
	at java.util.concurrent.FutureTask.get(FutureTask.java:192)
	at org.apache.ratis.server.impl.LeaderElection.waitForResults(LeaderElection.java:262)
	at org.apache.ratis.server.impl.LeaderElection.askForVotes(LeaderElection.java:200)
	at org.apache.ratis.server.impl.LeaderElection.run(LeaderElection.java:130)
	at java.lang.Thread.run(Thread.java:748)
Caused by: org.apache.ratis.thirdparty.io.grpc.StatusRuntimeException: UNAVAILABLE: io exception
	at org.apache.ratis.thirdparty.io.grpc.stub.ClientCalls.toStatusRuntimeException(ClientCalls.java:233)
	at org.apache.ratis.thirdparty.io.grpc.stub.ClientCalls.getUnchecked(ClientCalls.java:214)
	at org.apache.ratis.thirdparty.io.grpc.stub.ClientCalls.blockingUnaryCall(ClientCalls.java:139)
	at org.apache.ratis.proto.grpc.RaftServerProtocolServiceGrpc$RaftServerProtocolServiceBlockingStub.requestVote(RaftServerProtocolServiceGrpc.java:265)
	at org.apache.ratis.grpc.server.GrpcServerProtocolClient.requestVote(GrpcServerProtocolClient.java:83)
	at org.apache.ratis.grpc.server.GrpcService.requestVote(GrpcService.java:195)
	at org.apache.ratis.server.impl.LeaderElection.lambda$submitRequests$1(LeaderElection.java:237)
	at java.util.concurrent.FutureTask.run(FutureTask.java:266)
	at java.util.concurrent.Executors$RunnableAdapter.call(Executors.java:511)
	at java.util.concurrent.FutureTask.run(FutureTask.java:266)
	at java.util.concurrent.ThreadPoolExecutor.runWorker(ThreadPoolExecutor.java:1149)
	at java.util.concurrent.ThreadPoolExecutor$Worker.run(ThreadPoolExecutor.java:624)
	... 1 more
Caused by: org.apache.ratis.thirdparty.io.netty.channel.AbstractChannel$AnnotatedConnectException: Connection refused: /192.168.157.209:40930
	at sun.nio.ch.SocketChannelImpl.checkConnect(Native Method)
	at sun.nio.ch.SocketChannelImpl.finishConnect(SocketChannelImpl.java:717)
	at org.apache.ratis.thirdparty.io.netty.channel.socket.nio.NioSocketChannel.doFinishConnect(NioSocketChannel.java:327)
	at org.apache.ratis.thirdparty.io.netty.channel.nio.AbstractNioChannel$AbstractNioUnsafe.finishConnect(AbstractNioChannel.java:340)
	at org.apache.ratis.thirdparty.io.netty.channel.nio.NioEventLoop.processSelectedKey(NioEventLoop.java:632)
	at org.apache.ratis.thirdparty.io.netty.channel.nio.NioEventLoop.processSelectedKeysOptimized(NioEventLoop.java:579)
	at org.apache.ratis.thirdparty.io.netty.channel.nio.NioEventLoop.processSelectedKeys(NioEventLoop.java:496)
	at org.apache.ratis.thirdparty.io.netty.channel.nio.NioEventLoop.run(NioEventLoop.java:458)
	at org.apache.ratis.thirdparty.io.netty.util.concurrent.SingleThreadEventExecutor$5.run(SingleThreadEventExecutor.java:897)
	at org.apache.ratis.thirdparty.io.netty.util.concurrent.FastThreadLocalRunnable.run(FastThreadLocalRunnable.java:30)
	... 1 more
Caused by: java.net.ConnectException: Connection refused
	... 11 more
2019-07-14 11:09:17,300 INFO  impl.LeaderElection (LeaderElection.java:logAndReturn(56)) - c850fbc6-b33b-4eb6-8c07-36c7bc8c2b81:group-7C85724D7D1E:LeaderElection133: Election REJECTED; received 0 response(s) [] and 2 exception(s); c850fbc6-b33b-4eb6-8c07-36c7bc8c2b81:t3, leader=null, voted=c850fbc6-b33b-4eb6-8c07-36c7bc8c2b81, raftlog=c850fbc6-b33b-4eb6-8c07-36c7bc8c2b81-SegmentedRaftLog:OPENED:c6,f6,i6, conf=0: [c850fbc6-b33b-4eb6-8c07-36c7bc8c2b81:192.168.157.209:36392, 28fe82b7-ebd9-4a2a-8554-bbddc320b8ae:192.168.157.209:33828, 6ce46959-8e32-4e70-a445-cddac5da34a1:192.168.157.209:40930], old=null
2019-07-14 11:09:17,300 INFO  impl.LeaderElection (LogUtils.java:infoOrTrace(149)) -   Exception 0: {}
java.util.concurrent.ExecutionException: org.apache.ratis.thirdparty.io.grpc.StatusRuntimeException: UNAVAILABLE: io exception
	at java.util.concurrent.FutureTask.report(FutureTask.java:122)
	at java.util.concurrent.FutureTask.get(FutureTask.java:192)
	at org.apache.ratis.server.impl.LeaderElection.waitForResults(LeaderElection.java:262)
	at org.apache.ratis.server.impl.LeaderElection.askForVotes(LeaderElection.java:200)
	at org.apache.ratis.server.impl.LeaderElection.run(LeaderElection.java:130)
	at java.lang.Thread.run(Thread.java:748)
Caused by: org.apache.ratis.thirdparty.io.grpc.StatusRuntimeException: UNAVAILABLE: io exception
	at org.apache.ratis.thirdparty.io.grpc.stub.ClientCalls.toStatusRuntimeException(ClientCalls.java:233)
	at org.apache.ratis.thirdparty.io.grpc.stub.ClientCalls.getUnchecked(ClientCalls.java:214)
	at org.apache.ratis.thirdparty.io.grpc.stub.ClientCalls.blockingUnaryCall(ClientCalls.java:139)
	at org.apache.ratis.proto.grpc.RaftServerProtocolServiceGrpc$RaftServerProtocolServiceBlockingStub.requestVote(RaftServerProtocolServiceGrpc.java:265)
	at org.apache.ratis.grpc.server.GrpcServerProtocolClient.requestVote(GrpcServerProtocolClient.java:83)
	at org.apache.ratis.grpc.server.GrpcService.requestVote(GrpcService.java:195)
	at org.apache.ratis.server.impl.LeaderElection.lambda$submitRequests$1(LeaderElection.java:237)
	at java.util.concurrent.FutureTask.run(FutureTask.java:266)
	at java.util.concurrent.Executors$RunnableAdapter.call(Executors.java:511)
	at java.util.concurrent.FutureTask.run(FutureTask.java:266)
	at java.util.concurrent.ThreadPoolExecutor.runWorker(ThreadPoolExecutor.java:1149)
	at java.util.concurrent.ThreadPoolExecutor$Worker.run(ThreadPoolExecutor.java:624)
	... 1 more
Caused by: org.apache.ratis.thirdparty.io.netty.channel.AbstractChannel$AnnotatedConnectException: Connection refused: /192.168.157.209:33828
	at sun.nio.ch.SocketChannelImpl.checkConnect(Native Method)
	at sun.nio.ch.SocketChannelImpl.finishConnect(SocketChannelImpl.java:717)
	at org.apache.ratis.thirdparty.io.netty.channel.socket.nio.NioSocketChannel.doFinishConnect(NioSocketChannel.java:327)
	at org.apache.ratis.thirdparty.io.netty.channel.nio.AbstractNioChannel$AbstractNioUnsafe.finishConnect(AbstractNioChannel.java:340)
	at org.apache.ratis.thirdparty.io.netty.channel.nio.NioEventLoop.processSelectedKey(NioEventLoop.java:632)
	at org.apache.ratis.thirdparty.io.netty.channel.nio.NioEventLoop.processSelectedKeysOptimized(NioEventLoop.java:579)
	at org.apache.ratis.thirdparty.io.netty.channel.nio.NioEventLoop.processSelectedKeys(NioEventLoop.java:496)
	at org.apache.ratis.thirdparty.io.netty.channel.nio.NioEventLoop.run(NioEventLoop.java:458)
	at org.apache.ratis.thirdparty.io.netty.util.concurrent.SingleThreadEventExecutor$5.run(SingleThreadEventExecutor.java:897)
	at org.apache.ratis.thirdparty.io.netty.util.concurrent.FastThreadLocalRunnable.run(FastThreadLocalRunnable.java:30)
	... 1 more
Caused by: java.net.ConnectException: Connection refused
	... 11 more
2019-07-14 11:09:17,300 INFO  impl.LeaderElection (LogUtils.java:infoOrTrace(149)) -   Exception 1: {}
java.util.concurrent.ExecutionException: org.apache.ratis.thirdparty.io.grpc.StatusRuntimeException: UNAVAILABLE: io exception
	at java.util.concurrent.FutureTask.report(FutureTask.java:122)
	at java.util.concurrent.FutureTask.get(FutureTask.java:192)
	at org.apache.ratis.server.impl.LeaderElection.waitForResults(LeaderElection.java:262)
	at org.apache.ratis.server.impl.LeaderElection.askForVotes(LeaderElection.java:200)
	at org.apache.ratis.server.impl.LeaderElection.run(LeaderElection.java:130)
	at java.lang.Thread.run(Thread.java:748)
Caused by: org.apache.ratis.thirdparty.io.grpc.StatusRuntimeException: UNAVAILABLE: io exception
	at org.apache.ratis.thirdparty.io.grpc.stub.ClientCalls.toStatusRuntimeException(ClientCalls.java:233)
	at org.apache.ratis.thirdparty.io.grpc.stub.ClientCalls.getUnchecked(ClientCalls.java:214)
	at org.apache.ratis.thirdparty.io.grpc.stub.ClientCalls.blockingUnaryCall(ClientCalls.java:139)
	at org.apache.ratis.proto.grpc.RaftServerProtocolServiceGrpc$RaftServerProtocolServiceBlockingStub.requestVote(RaftServerProtocolServiceGrpc.java:265)
	at org.apache.ratis.grpc.server.GrpcServerProtocolClient.requestVote(GrpcServerProtocolClient.java:83)
	at org.apache.ratis.grpc.server.GrpcService.requestVote(GrpcService.java:195)
	at org.apache.ratis.server.impl.LeaderElection.lambda$submitRequests$1(LeaderElection.java:237)
	at java.util.concurrent.FutureTask.run(FutureTask.java:266)
	at java.util.concurrent.Executors$RunnableAdapter.call(Executors.java:511)
	at java.util.concurrent.FutureTask.run(FutureTask.java:266)
	at java.util.concurrent.ThreadPoolExecutor.runWorker(ThreadPoolExecutor.java:1149)
	at java.util.concurrent.ThreadPoolExecutor$Worker.run(ThreadPoolExecutor.java:624)
	... 1 more
Caused by: org.apache.ratis.thirdparty.io.netty.channel.AbstractChannel$AnnotatedConnectException: Connection refused: /192.168.157.209:40930
	at sun.nio.ch.SocketChannelImpl.checkConnect(Native Method)
	at sun.nio.ch.SocketChannelImpl.finishConnect(SocketChannelImpl.java:717)
	at org.apache.ratis.thirdparty.io.netty.channel.socket.nio.NioSocketChannel.doFinishConnect(NioSocketChannel.java:327)
	at org.apache.ratis.thirdparty.io.netty.channel.nio.AbstractNioChannel$AbstractNioUnsafe.finishConnect(AbstractNioChannel.java:340)
	at org.apache.ratis.thirdparty.io.netty.channel.nio.NioEventLoop.processSelectedKey(NioEventLoop.java:632)
	at org.apache.ratis.thirdparty.io.netty.channel.nio.NioEventLoop.processSelectedKeysOptimized(NioEventLoop.java:579)
	at org.apache.ratis.thirdparty.io.netty.channel.nio.NioEventLoop.processSelectedKeys(NioEventLoop.java:496)
	at org.apache.ratis.thirdparty.io.netty.channel.nio.NioEventLoop.run(NioEventLoop.java:458)
	at org.apache.ratis.thirdparty.io.netty.util.concurrent.SingleThreadEventExecutor$5.run(SingleThreadEventExecutor.java:897)
	at org.apache.ratis.thirdparty.io.netty.util.concurrent.FastThreadLocalRunnable.run(FastThreadLocalRunnable.java:30)
	... 1 more
Caused by: java.net.ConnectException: Connection refused
	... 11 more
2019-07-14 11:09:17,300 INFO  impl.RaftServerImpl (RaftServerImpl.java:setRole(171)) - c850fbc6-b33b-4eb6-8c07-36c7bc8c2b81:group-7C85724D7D1E changes role from CANDIDATE to FOLLOWER at term 3 for DISCOVERED_A_NEW_TERM
2019-07-14 11:09:17,300 INFO  impl.RoleInfo (RoleInfo.java:shutdownLeaderElection(134)) - c850fbc6-b33b-4eb6-8c07-36c7bc8c2b81: shutdown LeaderElection
2019-07-14 11:09:17,301 INFO  impl.RoleInfo (RoleInfo.java:updateAndGet(143)) - c850fbc6-b33b-4eb6-8c07-36c7bc8c2b81: start FollowerState
2019-07-14 11:09:19,640 INFO  node.StaleNodeHandler (StaleNodeHandler.java:onMessage(58)) - Datanode c850fbc6-b33b-4eb6-8c07-36c7bc8c2b81{ip: 192.168.157.209, host: trunk-nightly-fxmrv-2540794721, networkLocation: /default-rack, certSerialId: null} moved to stale state. Finalizing its pipelines [PipelineID=101ff3fb-646a-48b3-b03c-923e7229fc64, PipelineID=62bb390a-bb89-4ff3-b396-7c85724d7d1e]
2019-07-14 11:09:19,640 INFO  pipeline.SCMPipelineManager (SCMPipelineManager.java:finalizeAndDestroyPipeline(309)) - destroying pipeline:Pipeline[ Id: 101ff3fb-646a-48b3-b03c-923e7229fc64, Nodes: c850fbc6-b33b-4eb6-8c07-36c7bc8c2b81{ip: 192.168.157.209, host: trunk-nightly-fxmrv-2540794721, networkLocation: /default-rack, certSerialId: null}, Type:RATIS, Factor:ONE, State:OPEN]
2019-07-14 11:09:19,641 INFO  pipeline.PipelineStateManager (PipelineStateManager.java:finalizePipeline(123)) - Pipeline Pipeline[ Id: 101ff3fb-646a-48b3-b03c-923e7229fc64, Nodes: c850fbc6-b33b-4eb6-8c07-36c7bc8c2b81{ip: 192.168.157.209, host: trunk-nightly-fxmrv-2540794721, networkLocation: /default-rack, certSerialId: null}, Type:RATIS, Factor:ONE, State:CLOSED] moved to CLOSED state
2019-07-14 11:09:19,641 INFO  pipeline.SCMPipelineManager (SCMPipelineManager.java:finalizeAndDestroyPipeline(309)) - destroying pipeline:Pipeline[ Id: 62bb390a-bb89-4ff3-b396-7c85724d7d1e, Nodes: c850fbc6-b33b-4eb6-8c07-36c7bc8c2b81{ip: 192.168.157.209, host: trunk-nightly-fxmrv-2540794721, networkLocation: /default-rack, certSerialId: null}6ce46959-8e32-4e70-a445-cddac5da34a1{ip: 192.168.157.209, host: trunk-nightly-fxmrv-2540794721, networkLocation: /default-rack, certSerialId: null}28fe82b7-ebd9-4a2a-8554-bbddc320b8ae{ip: 192.168.157.209, host: trunk-nightly-fxmrv-2540794721, networkLocation: /default-rack, certSerialId: null}, Type:RATIS, Factor:THREE, State:CLOSED]
2019-07-14 11:09:20,094 INFO  ozoneimpl.OzoneContainer (OzoneContainer.java:stop(199)) - Attempting to stop container services.
2019-07-14 11:09:20,095 INFO  impl.RaftServerProxy (RaftServerProxy.java:lambda$close$4(314)) - c850fbc6-b33b-4eb6-8c07-36c7bc8c2b81: close
2019-07-14 11:09:20,095 INFO  impl.RaftServerImpl (RaftServerImpl.java:lambda$shutdown$3(245)) - c850fbc6-b33b-4eb6-8c07-36c7bc8c2b81: shutdown group-923E7229FC64
2019-07-14 11:09:20,096 INFO  impl.RaftServerImpl (RaftServerImpl.java:lambda$shutdown$3(245)) - c850fbc6-b33b-4eb6-8c07-36c7bc8c2b81: shutdown group-7C85724D7D1E
2019-07-14 11:09:20,096 INFO  util.JmxRegister (JmxRegister.java:unregister(73)) - Successfully un-registered JMX Bean with object name Ratis:service=RaftServer,group=group-923E7229FC64,id=c850fbc6-b33b-4eb6-8c07-36c7bc8c2b81
2019-07-14 11:09:20,096 INFO  util.JmxRegister (JmxRegister.java:unregister(73)) - Successfully un-registered JMX Bean with object name Ratis:service=RaftServer,group=group-7C85724D7D1E,id=c850fbc6-b33b-4eb6-8c07-36c7bc8c2b81
2019-07-14 11:09:20,097 INFO  impl.RoleInfo (RoleInfo.java:shutdownLeaderState(104)) - c850fbc6-b33b-4eb6-8c07-36c7bc8c2b81: shutdown LeaderState
2019-07-14 11:09:20,097 INFO  impl.RoleInfo (RoleInfo.java:shutdownFollowerState(121)) - c850fbc6-b33b-4eb6-8c07-36c7bc8c2b81: shutdown FollowerState
2019-07-14 11:09:20,097 INFO  impl.PendingRequests (PendingRequests.java:sendNotLeaderResponses(202)) - c850fbc6-b33b-4eb6-8c07-36c7bc8c2b81-PendingRequests: sendNotLeaderResponses
2019-07-14 11:09:20,097 INFO  ratis.ContainerStateMachine (ContainerStateMachine.java:takeSnapshot(249)) - group-7C85724D7D1E: Taking a snapshot at:(t:1, i:4) file /workdir/hadoop-ozone/integration-test/target/test-dir/MiniOzoneClusterImpl-b769e16a-867c-4841-9f53-e34879b9b639/datanode-5/data/ratis/62bb390a-bb89-4ff3-b396-7c85724d7d1e/sm/snapshot.1_4
2019-07-14 11:09:20,097 INFO  impl.FollowerState (FollowerState.java:run(114)) - c850fbc6-b33b-4eb6-8c07-36c7bc8c2b81: FollowerState was interrupted: java.lang.InterruptedException: sleep interrupted
2019-07-14 11:09:20,097 INFO  impl.StateMachineUpdater (StateMachineUpdater.java:stopAndJoin(115)) - StateMachineUpdater:c850fbc6-b33b-4eb6-8c07-36c7bc8c2b81:group-7C85724D7D1E: set stopIndex = 6
2019-07-14 11:09:20,100 INFO  ratis.ContainerStateMachine (ContainerStateMachine.java:takeSnapshot(257)) - group-7C85724D7D1E: Finished taking a snapshot at:(t:1, i:4) file:/workdir/hadoop-ozone/integration-test/target/test-dir/MiniOzoneClusterImpl-b769e16a-867c-4841-9f53-e34879b9b639/datanode-5/data/ratis/62bb390a-bb89-4ff3-b396-7c85724d7d1e/sm/snapshot.1_4 time:3
2019-07-14 11:09:20,100 INFO  impl.StateMachineUpdater (StateMachineUpdater.java:takeSnapshot(242)) - StateMachineUpdater:c850fbc6-b33b-4eb6-8c07-36c7bc8c2b81:group-7C85724D7D1E: Took a snapshot at index 4
2019-07-14 11:09:20,098 INFO  impl.StateMachineUpdater (StateMachineUpdater.java:stopAndJoin(115)) - StateMachineUpdater:c850fbc6-b33b-4eb6-8c07-36c7bc8c2b81:group-923E7229FC64: set stopIndex = 0
2019-07-14 11:09:20,101 INFO  impl.StateMachineUpdater (StateMachineUpdater.java:lambda$new$0(80)) - StateMachineUpdater:c850fbc6-b33b-4eb6-8c07-36c7bc8c2b81:group-7C85724D7D1E: snapshotIndex: updateIncreasingly -1 -> 4
2019-07-14 11:09:20,101 INFO  impl.RaftServerImpl (ServerState.java:close(394)) - c850fbc6-b33b-4eb6-8c07-36c7bc8c2b81:group-923E7229FC64 closes. The last applied log index is 0
2019-07-14 11:09:20,101 INFO  impl.RaftServerImpl (ServerState.java:close(394)) - c850fbc6-b33b-4eb6-8c07-36c7bc8c2b81:group-7C85724D7D1E closes. The last applied log index is 6
2019-07-14 11:09:20,102 INFO  segmented.SegmentedRaftLogWorker (SegmentedRaftLogWorker.java:run(313)) - c850fbc6-b33b-4eb6-8c07-36c7bc8c2b81-SegmentedRaftLogWorker:Storage Directory /workdir/hadoop-ozone/integration-test/target/test-dir/MiniOzoneClusterImpl-b769e16a-867c-4841-9f53-e34879b9b639/datanode-5/data/ratis/101ff3fb-646a-48b3-b03c-923e7229fc64 was interrupted, exiting. There are 0 tasks remaining in the queue.
2019-07-14 11:09:20,102 INFO  segmented.SegmentedRaftLogWorker (SegmentedRaftLogWorker.java:run(313)) - c850fbc6-b33b-4eb6-8c07-36c7bc8c2b81-SegmentedRaftLogWorker:Storage Directory /workdir/hadoop-ozone/integration-test/target/test-dir/MiniOzoneClusterImpl-b769e16a-867c-4841-9f53-e34879b9b639/datanode-5/data/ratis/62bb390a-bb89-4ff3-b396-7c85724d7d1e was interrupted, exiting. There are 0 tasks remaining in the queue.
2019-07-14 11:09:20,102 INFO  segmented.SegmentedRaftLogWorker (SegmentedRaftLogWorker.java:close(228)) - c850fbc6-b33b-4eb6-8c07-36c7bc8c2b81-SegmentedRaftLogWorker:Storage Directory /workdir/hadoop-ozone/integration-test/target/test-dir/MiniOzoneClusterImpl-b769e16a-867c-4841-9f53-e34879b9b639/datanode-5/data/ratis/101ff3fb-646a-48b3-b03c-923e7229fc64 close()
2019-07-14 11:09:20,102 INFO  segmented.SegmentedRaftLogWorker (SegmentedRaftLogWorker.java:close(228)) - c850fbc6-b33b-4eb6-8c07-36c7bc8c2b81-SegmentedRaftLogWorker:Storage Directory /workdir/hadoop-ozone/integration-test/target/test-dir/MiniOzoneClusterImpl-b769e16a-867c-4841-9f53-e34879b9b639/datanode-5/data/ratis/62bb390a-bb89-4ff3-b396-7c85724d7d1e close()
2019-07-14 11:09:20,103 INFO  server.GrpcService (GrpcService.java:closeImpl(155)) - c850fbc6-b33b-4eb6-8c07-36c7bc8c2b81: shutdown server with port 36392 now
2019-07-14 11:09:20,105 INFO  server.GrpcService (GrpcService.java:closeImpl(163)) - c850fbc6-b33b-4eb6-8c07-36c7bc8c2b81: shutdown server with port 36392 successfully
2019-07-14 11:09:20,106 INFO  utils.BackgroundService (BackgroundService.java:shutdown(148)) - Shutting down service BlockDeletingService
2019-07-14 11:09:20,108 WARN  fs.CachingGetSpaceUsed (CachingGetSpaceUsed.java:run(183)) - Thread Interrupted waiting to refresh disk information: sleep interrupted
2019-07-14 11:09:20,125 INFO  statemachine.DatanodeStateMachine (DatanodeStateMachine.java:stopDaemon(395)) - Ozone container server stopped.
2019-07-14 11:09:20,126 INFO  handler.ContextHandler (ContextHandler.java:doStop(910)) - Stopped o.e.j.w.WebAppContext@6f20adb6{/,null,UNAVAILABLE}{/hddsDatanode}
2019-07-14 11:09:20,127 INFO  server.AbstractConnector (AbstractConnector.java:doStop(318)) - Stopped ServerConnector@55b89b11{HTTP/1.1,[http/1.1]}{0.0.0.0:0}
2019-07-14 11:09:20,127 INFO  handler.ContextHandler (ContextHandler.java:doStop(910)) - Stopped o.e.j.s.ServletContextHandler@a9375dd{/static,jar:file:/home/user/.m2/repository/org/apache/hadoop/hadoop-hdds-container-service/0.5.0-SNAPSHOT/hadoop-hdds-container-service-0.5.0-SNAPSHOT.jar!/webapps/static,UNAVAILABLE}
2019-07-14 11:09:20,128 INFO  handler.ContextHandler (ContextHandler.java:doStop(910)) - Stopped o.e.j.s.ServletContextHandler@3aecbab2{/logs,file:///workdir/hadoop-ozone/integration-test/target/log,UNAVAILABLE}
2019-07-14 11:09:20,129 INFO  ozone.MiniOzoneClusterImpl (MiniOzoneClusterImpl.java:stop(353)) - Stopping the StorageContainerManager
2019-07-14 11:09:20,129 INFO  server.StorageContainerManager (StorageContainerManager.java:stop(796)) - Stopping Replication Manager Service.
2019-07-14 11:09:20,129 INFO  container.ReplicationManager (ReplicationManager.java:stop(187)) - Stopping Replication Monitor Thread.
2019-07-14 11:09:20,129 INFO  server.StorageContainerManager (StorageContainerManager.java:stop(803)) - Stopping Lease Manager of the command watchers
2019-07-14 11:09:20,129 INFO  server.StorageContainerManager (StorageContainerManager.java:stop(810)) - Stopping datanode service RPC server
2019-07-14 11:09:20,129 INFO  server.SCMDatanodeProtocolServer (SCMDatanodeProtocolServer.java:stop(375)) - Stopping the RPC server for DataNodes
2019-07-14 11:09:20,130 INFO  ipc.Server (Server.java:stop(3082)) - Stopping server on 37024
2019-07-14 11:09:20,131 INFO  ipc.Server (Server.java:run(1185)) - Stopping IPC Server listener on 37024
2019-07-14 11:09:20,132 INFO  ipc.Server (Server.java:run(1319)) - Stopping IPC Server Responder
2019-07-14 11:09:20,141 WARN  node.NodeStateManager (NodeStateManager.java:scheduleNextHealthCheck(631)) - Current Thread is interrupted, shutting down HB processing thread for Node Manager.
2019-07-14 11:09:20,141 INFO  server.StorageContainerManager (StorageContainerManager.java:stop(818)) - Stopping block service RPC server
2019-07-14 11:09:20,141 INFO  server.SCMBlockProtocolServer (SCMBlockProtocolServer.java:stop(148)) - Stopping the RPC server for Block Protocol
2019-07-14 11:09:20,141 INFO  ipc.Server (Server.java:stop(3082)) - Stopping server on 33576
2019-07-14 11:09:20,144 INFO  ipc.Server (Server.java:run(1185)) - Stopping IPC Server listener on 33576
2019-07-14 11:09:20,144 INFO  server.StorageContainerManager (StorageContainerManager.java:stop(825)) - Stopping the StorageContainerLocationProtocol RPC server
2019-07-14 11:09:20,144 INFO  server.SCMClientProtocolServer (SCMClientProtocolServer.java:stop(157)) - Stopping the RPC server for Client Protocol
2019-07-14 11:09:20,144 INFO  ipc.Server (Server.java:run(1319)) - Stopping IPC Server Responder
2019-07-14 11:09:20,145 INFO  ipc.Server (Server.java:stop(3082)) - Stopping server on 41360
2019-07-14 11:09:20,147 INFO  ipc.Server (Server.java:run(1185)) - Stopping IPC Server listener on 41360
2019-07-14 11:09:20,148 INFO  server.StorageContainerManager (StorageContainerManager.java:stop(832)) - Stopping Storage Container Manager HTTP server.
2019-07-14 11:09:20,148 INFO  ipc.Server (Server.java:run(1319)) - Stopping IPC Server Responder
2019-07-14 11:09:20,149 INFO  handler.ContextHandler (ContextHandler.java:doStop(910)) - Stopped o.e.j.w.WebAppContext@172e4d3a{/,null,UNAVAILABLE}{/scm}
2019-07-14 11:09:20,151 INFO  server.AbstractConnector (AbstractConnector.java:doStop(318)) - Stopped ServerConnector@74faa12{HTTP/1.1,[http/1.1]}{0.0.0.0:0}
2019-07-14 11:09:20,151 INFO  handler.ContextHandler (ContextHandler.java:doStop(910)) - Stopped o.e.j.s.ServletContextHandler@2a654167{/static,file:///workdir/hadoop-ozone/integration-test/target/test-classes/webapps/static,UNAVAILABLE}
2019-07-14 11:09:20,152 INFO  handler.ContextHandler (ContextHandler.java:doStop(910)) - Stopped o.e.j.s.ServletContextHandler@4ff2ac2d{/logs,file:///workdir/hadoop-ozone/integration-test/target/log,UNAVAILABLE}
2019-07-14 11:09:20,153 INFO  server.StorageContainerManager (StorageContainerManager.java:stop(843)) - Stopping Block Manager Service.
2019-07-14 11:09:20,153 INFO  utils.BackgroundService (BackgroundService.java:shutdown(148)) - Shutting down service SCMBlockDeletingService
2019-07-14 11:09:20,154 INFO  utils.BackgroundService (BackgroundService.java:shutdown(148)) - Shutting down service SCMBlockDeletingService
2019-07-14 11:09:20,154 INFO  server.StorageContainerManager (StorageContainerManager.java:stop(865)) - Stopping SCM Event Queue.
2019-07-14 11:09:20,159 INFO  impl.MetricsSystemImpl (MetricsSystemImpl.java:stop(210)) - Stopping HddsDatanode metrics system...
2019-07-14 11:09:20,169 INFO  impl.MetricsSystemImpl (MetricsSystemImpl.java:stop(216)) - HddsDatanode metrics system stopped.
]]></system-out>
    <system-err><![CDATA[Jul 14, 2019 11:08:46 AM com.sun.jersey.server.impl.application.WebApplicationImpl _initiate
INFO: Initiating Jersey application, version 'Jersey: 1.19 02/11/2015 03:25 AM'
Jul 14, 2019 11:08:47 AM com.sun.jersey.server.impl.application.WebApplicationImpl _initiate
INFO: Initiating Jersey application, version 'Jersey: 1.19 02/11/2015 03:25 AM'
Jul 14, 2019 11:08:47 AM com.sun.jersey.server.impl.application.WebApplicationImpl _initiate
INFO: Initiating Jersey application, version 'Jersey: 1.19 02/11/2015 03:25 AM'
Jul 14, 2019 11:08:47 AM com.sun.jersey.server.impl.application.WebApplicationImpl _initiate
INFO: Initiating Jersey application, version 'Jersey: 1.19 02/11/2015 03:25 AM'
Jul 14, 2019 11:08:47 AM com.sun.jersey.server.impl.application.WebApplicationImpl _initiate
INFO: Initiating Jersey application, version 'Jersey: 1.19 02/11/2015 03:25 AM'
Jul 14, 2019 11:08:47 AM com.sun.jersey.server.impl.application.WebApplicationImpl _initiate
INFO: Initiating Jersey application, version 'Jersey: 1.19 02/11/2015 03:25 AM'
Jul 14, 2019 11:08:47 AM com.sun.jersey.server.impl.application.WebApplicationImpl _initiate
INFO: Initiating Jersey application, version 'Jersey: 1.19 02/11/2015 03:25 AM'
Jul 14, 2019 11:08:51 AM org.apache.ratis.thirdparty.io.grpc.internal.ManagedChannelOrphanWrapper$ManagedChannelReference cleanQueue
SEVERE: *~*~*~ Channel ManagedChannelImpl{logId=3749, target=192.168.157.209:46003} was not shutdown properly!!! ~*~*~*
    Make sure to call shutdown()/shutdownNow() and wait until awaitTermination() returns true.
java.lang.RuntimeException: ManagedChannel allocation site
	at org.apache.ratis.thirdparty.io.grpc.internal.ManagedChannelOrphanWrapper$ManagedChannelReference.<init>(ManagedChannelOrphanWrapper.java:103)
	at org.apache.ratis.thirdparty.io.grpc.internal.ManagedChannelOrphanWrapper.<init>(ManagedChannelOrphanWrapper.java:53)
	at org.apache.ratis.thirdparty.io.grpc.internal.ManagedChannelOrphanWrapper.<init>(ManagedChannelOrphanWrapper.java:44)
	at org.apache.ratis.thirdparty.io.grpc.internal.AbstractManagedChannelImplBuilder.build(AbstractManagedChannelImplBuilder.java:411)
	at org.apache.ratis.grpc.client.GrpcClientProtocolClient.<init>(GrpcClientProtocolClient.java:119)
	at org.apache.ratis.grpc.client.GrpcClientRpc.lambda$new$0(GrpcClientRpc.java:55)
	at org.apache.ratis.util.PeerProxyMap$PeerAndProxy.lambda$getProxy$0(PeerProxyMap.java:61)
	at org.apache.ratis.util.LifeCycle.startAndTransition(LifeCycle.java:202)
	at org.apache.ratis.util.PeerProxyMap$PeerAndProxy.getProxy(PeerProxyMap.java:60)
	at org.apache.ratis.util.PeerProxyMap.getProxy(PeerProxyMap.java:107)
	at org.apache.ratis.grpc.client.GrpcClientRpc.sendRequestAsync(GrpcClientRpc.java:66)
	at org.apache.ratis.client.impl.OrderedAsync.sendRequest(OrderedAsync.java:208)
	at org.apache.ratis.client.impl.OrderedAsync.sendRequestWithRetry(OrderedAsync.java:169)
	at org.apache.ratis.util.SlidingWindow$Client.sendOrDelayRequest(SlidingWindow.java:278)
	at org.apache.ratis.util.SlidingWindow$Client.retry(SlidingWindow.java:294)
	at org.apache.ratis.client.impl.OrderedAsync.lambda$scheduleWithTimeout$7(OrderedAsync.java:195)
	at org.apache.ratis.util.TimeoutScheduler.lambda$onTimeout$0(TimeoutScheduler.java:85)
	at org.apache.ratis.util.TimeoutScheduler.lambda$onTimeout$1(TimeoutScheduler.java:104)
	at org.apache.ratis.util.LogUtils.runAndLog(LogUtils.java:50)
	at org.apache.ratis.util.LogUtils$1.run(LogUtils.java:91)
	at java.util.concurrent.Executors$RunnableAdapter.call(Executors.java:511)
	at java.util.concurrent.FutureTask.run(FutureTask.java:266)
	at java.util.concurrent.ScheduledThreadPoolExecutor$ScheduledFutureTask.access$201(ScheduledThreadPoolExecutor.java:180)
	at java.util.concurrent.ScheduledThreadPoolExecutor$ScheduledFutureTask.run(ScheduledThreadPoolExecutor.java:293)
	at java.util.concurrent.ThreadPoolExecutor.runWorker(ThreadPoolExecutor.java:1149)
	at java.util.concurrent.ThreadPoolExecutor$Worker.run(ThreadPoolExecutor.java:624)
	at java.lang.Thread.run(Thread.java:748)

]]></system-err>
  </testcase>
</testsuite>