<?xml version="1.0" encoding="UTF-8"?>
<testsuite xmlns:xsi="http://www.w3.org/2001/XMLSchema-instance" xsi:noNamespaceSchemaLocation="https://maven.apache.org/surefire/maven-surefire-plugin/xsd/surefire-test-report.xsd" name="org.apache.hadoop.ozone.client.rpc.TestOzoneClientRetriesOnException" time="81.519" tests="2" errors="1" skipped="0" failures="0">
  <properties>
    <property name="awt.toolkit" value="sun.awt.X11.XToolkit"/>
    <property name="file.encoding.pkg" value="sun.io"/>
    <property name="java.specification.version" value="1.8"/>
    <property name="sun.cpu.isalist" value=""/>
    <property name="sun.jnu.encoding" value="UTF-8"/>
    <property name="java.class.path" value="/workdir/hadoop-ozone/integration-test/target/test-classes:/workdir/hadoop-ozone/integration-test/target/classes:/home/user/.m2/repository/org/apache/hadoop/hadoop-ozone-common/0.5.0-SNAPSHOT/hadoop-ozone-common-0.5.0-SNAPSHOT.jar:/home/user/.m2/repository/org/apache/commons/commons-compress/1.4.1/commons-compress-1.4.1.jar:/home/user/.m2/repository/org/tukaani/xz/1.0/xz-1.0.jar:/home/user/.m2/repository/org/apache/hadoop/hadoop-common/3.2.0/hadoop-common-3.2.0.jar:/home/user/.m2/repository/org/apache/hadoop/hadoop-hdfs/3.2.0/hadoop-hdfs-3.2.0.jar:/home/user/.m2/repository/org/apache/hadoop/hadoop-hdfs-client/3.2.0/hadoop-hdfs-client-3.2.0.jar:/home/user/.m2/repository/com/fasterxml/jackson/core/jackson-annotations/2.9.5/jackson-annotations-2.9.5.jar:/home/user/.m2/repository/org/apache/hadoop/hadoop-hdds-common/0.5.0-SNAPSHOT/hadoop-hdds-common-0.5.0-SNAPSHOT.jar:/home/user/.m2/repository/javax/annotation/javax.annotation-api/1.2/javax.annotation-api-1.2.jar:/home/user/.m2/repository/org/apache/ratis/ratis-server/0.4.0-2337318-SNAPSHOT/ratis-server-0.4.0-2337318-SNAPSHOT.jar:/home/user/.m2/repository/org/apache/ratis/ratis-thirdparty-misc/0.2.0/ratis-thirdparty-misc-0.2.0.jar:/home/user/.m2/repository/org/apache/ratis/ratis-proto/0.4.0-2337318-SNAPSHOT/ratis-proto-0.4.0-2337318-SNAPSHOT.jar:/home/user/.m2/repository/org/apache/ratis/ratis-common/0.4.0-2337318-SNAPSHOT/ratis-common-0.4.0-2337318-SNAPSHOT.jar:/home/user/.m2/repository/org/apache/ratis/ratis-client/0.4.0-2337318-SNAPSHOT/ratis-client-0.4.0-2337318-SNAPSHOT.jar:/home/user/.m2/repository/org/apache/ratis/ratis-metrics/0.4.0-2337318-SNAPSHOT/ratis-metrics-0.4.0-2337318-SNAPSHOT.jar:/home/user/.m2/repository/org/apache/ratis/ratis-netty/0.4.0-2337318-SNAPSHOT/ratis-netty-0.4.0-2337318-SNAPSHOT.jar:/home/user/.m2/repository/org/apache/ratis/ratis-grpc/0.4.0-2337318-SNAPSHOT/ratis-grpc-0.4.0-2337318-SNAPSHOT.jar:/home/user/.m2/repository/org/rocksdb/rocksdbjni/6.0.1/rocksdbjni-6.0.1.jar:/home/user/.m2/repository/org/apache/logging/log4j/log4j-api/2.11.0/log4j-api-2.11.0.jar:/home/user/.m2/repository/org/apache/logging/log4j/log4j-core/2.11.0/log4j-core-2.11.0.jar:/home/user/.m2/repository/com/lmax/disruptor/3.4.2/disruptor-3.4.2.jar:/home/user/.m2/repository/org/apache/commons/commons-pool2/2.6.0/commons-pool2-2.6.0.jar:/home/user/.m2/repository/org/bouncycastle/bcpkix-jdk15on/1.60/bcpkix-jdk15on-1.60.jar:/home/user/.m2/repository/commons-validator/commons-validator/1.6/commons-validator-1.6.jar:/home/user/.m2/repository/commons-digester/commons-digester/1.8.1/commons-digester-1.8.1.jar:/home/user/.m2/repository/io/jaegertracing/jaeger-client/0.33.1/jaeger-client-0.33.1.jar:/home/user/.m2/repository/io/jaegertracing/jaeger-thrift/0.33.1/jaeger-thrift-0.33.1.jar:/home/user/.m2/repository/org/apache/thrift/libthrift/0.11.0/libthrift-0.11.0.jar:/home/user/.m2/repository/com/squareup/okhttp3/okhttp/3.9.0/okhttp-3.9.0.jar:/home/user/.m2/repository/com/squareup/okio/okio/1.13.0/okio-1.13.0.jar:/home/user/.m2/repository/io/jaegertracing/jaeger-core/0.33.1/jaeger-core-0.33.1.jar:/home/user/.m2/repository/io/jaegertracing/jaeger-tracerresolver/0.33.1/jaeger-tracerresolver-0.33.1.jar:/home/user/.m2/repository/io/opentracing/contrib/opentracing-tracerresolver/0.1.5/opentracing-tracerresolver-0.1.5.jar:/home/user/.m2/repository/io/opentracing/opentracing-util/0.31.0/opentracing-util-0.31.0.jar:/home/user/.m2/repository/io/opentracing/opentracing-api/0.31.0/opentracing-api-0.31.0.jar:/home/user/.m2/repository/io/opentracing/opentracing-noop/0.31.0/opentracing-noop-0.31.0.jar:/home/user/.m2/repository/org/apache/hadoop/hadoop-hdds-server-framework/0.5.0-SNAPSHOT/hadoop-hdds-server-framework-0.5.0-SNAPSHOT.jar:/home/user/.m2/repository/org/apache/hadoop/hadoop-hdds-container-service/0.5.0-SNAPSHOT/hadoop-hdds-container-service-0.5.0-SNAPSHOT.jar:/home/user/.m2/repository/org/apache/hadoop/hadoop-hdds-client/0.5.0-SNAPSHOT/hadoop-hdds-client-0.5.0-SNAPSHOT.jar:/home/user/.m2/repository/org/apache/hadoop/hadoop-hdds-tools/0.5.0-SNAPSHOT/hadoop-hdds-tools-0.5.0-SNAPSHOT.jar:/home/user/.m2/repository/org/apache/hadoop/hadoop-hdds-server-scm/0.5.0-SNAPSHOT/hadoop-hdds-server-scm-0.5.0-SNAPSHOT.jar:/home/user/.m2/repository/org/apache/hadoop/hadoop-hdds-docs/0.5.0-SNAPSHOT/hadoop-hdds-docs-0.5.0-SNAPSHOT.jar:/home/user/.m2/repository/io/dropwizard/metrics/metrics-core/3.2.4/metrics-core-3.2.4.jar:/home/user/.m2/repository/org/hamcrest/hamcrest-all/1.3/hamcrest-all-1.3.jar:/home/user/.m2/repository/org/bouncycastle/bcprov-jdk15on/1.60/bcprov-jdk15on-1.60.jar:/home/user/.m2/repository/info/picocli/picocli/3.9.6/picocli-3.9.6.jar:/home/user/.m2/repository/com/google/protobuf/protobuf-java/2.5.0/protobuf-java-2.5.0.jar:/home/user/.m2/repository/com/google/guava/guava/11.0.2/guava-11.0.2.jar:/home/user/.m2/repository/org/apache/hadoop/hadoop-ozone-ozone-manager/0.5.0-SNAPSHOT/hadoop-ozone-ozone-manager-0.5.0-SNAPSHOT.jar:/home/user/.m2/repository/org/apache/hadoop/hadoop-minikdc/3.2.0/hadoop-minikdc-3.2.0.jar:/home/user/.m2/repository/commons-io/commons-io/2.5/commons-io-2.5.jar:/home/user/.m2/repository/org/apache/kerby/kerb-simplekdc/1.0.1/kerb-simplekdc-1.0.1.jar:/home/user/.m2/repository/org/apache/kerby/kerb-client/1.0.1/kerb-client-1.0.1.jar:/home/user/.m2/repository/org/apache/kerby/kerby-config/1.0.1/kerby-config-1.0.1.jar:/home/user/.m2/repository/org/apache/kerby/kerb-core/1.0.1/kerb-core-1.0.1.jar:/home/user/.m2/repository/org/apache/kerby/kerby-pkix/1.0.1/kerby-pkix-1.0.1.jar:/home/user/.m2/repository/org/apache/kerby/kerby-asn1/1.0.1/kerby-asn1-1.0.1.jar:/home/user/.m2/repository/org/apache/kerby/kerby-util/1.0.1/kerby-util-1.0.1.jar:/home/user/.m2/repository/org/apache/kerby/kerb-common/1.0.1/kerb-common-1.0.1.jar:/home/user/.m2/repository/org/apache/kerby/kerb-crypto/1.0.1/kerb-crypto-1.0.1.jar:/home/user/.m2/repository/org/apache/kerby/kerb-util/1.0.1/kerb-util-1.0.1.jar:/home/user/.m2/repository/org/apache/kerby/token-provider/1.0.1/token-provider-1.0.1.jar:/home/user/.m2/repository/org/apache/kerby/kerb-admin/1.0.1/kerb-admin-1.0.1.jar:/home/user/.m2/repository/org/apache/kerby/kerb-server/1.0.1/kerb-server-1.0.1.jar:/home/user/.m2/repository/org/apache/kerby/kerb-identity/1.0.1/kerb-identity-1.0.1.jar:/home/user/.m2/repository/org/apache/kerby/kerby-xdr/1.0.1/kerby-xdr-1.0.1.jar:/home/user/.m2/repository/org/slf4j/slf4j-log4j12/1.7.25/slf4j-log4j12-1.7.25.jar:/home/user/.m2/repository/org/apache/hadoop/hadoop-ozone-objectstore-service/0.5.0-SNAPSHOT/hadoop-ozone-objectstore-service-0.5.0-SNAPSHOT.jar:/home/user/.m2/repository/org/apache/hadoop/hadoop-ozone-s3gateway/0.5.0-SNAPSHOT/hadoop-ozone-s3gateway-0.5.0-SNAPSHOT.jar:/home/user/.m2/repository/org/jboss/weld/servlet/weld-servlet/2.4.7.Final/weld-servlet-2.4.7.Final.jar:/home/user/.m2/repository/org/glassfish/jersey/containers/jersey-container-servlet-core/2.27/jersey-container-servlet-core-2.27.jar:/home/user/.m2/repository/org/glassfish/hk2/external/javax.inject/2.5.0-b42/javax.inject-2.5.0-b42.jar:/home/user/.m2/repository/org/glassfish/jersey/core/jersey-common/2.27/jersey-common-2.27.jar:/home/user/.m2/repository/org/glassfish/hk2/osgi-resource-locator/1.0.1/osgi-resource-locator-1.0.1.jar:/home/user/.m2/repository/javax/ws/rs/javax.ws.rs-api/2.1/javax.ws.rs-api-2.1.jar:/home/user/.m2/repository/org/glassfish/jersey/ext/cdi/jersey-cdi1x/2.27/jersey-cdi1x-2.27.jar:/home/user/.m2/repository/org/glassfish/jersey/inject/jersey-hk2/2.27/jersey-hk2-2.27.jar:/home/user/.m2/repository/org/glassfish/hk2/hk2-locator/2.5.0-b42/hk2-locator-2.5.0-b42.jar:/home/user/.m2/repository/org/javassist/javassist/3.22.0-CR2/javassist-3.22.0-CR2.jar:/home/user/.m2/repository/org/glassfish/hk2/hk2-api/2.5.0/hk2-api-2.5.0.jar:/home/user/.m2/repository/org/glassfish/hk2/external/jakarta.inject/2.5.0/jakarta.inject-2.5.0.jar:/home/user/.m2/repository/org/glassfish/hk2/hk2-utils/2.5.0/hk2-utils-2.5.0.jar:/home/user/.m2/repository/jakarta/annotation/jakarta.annotation-api/1.3.4/jakarta.annotation-api-1.3.4.jar:/home/user/.m2/repository/org/glassfish/hk2/external/aopalliance-repackaged/2.5.0/aopalliance-repackaged-2.5.0.jar:/home/user/.m2/repository/com/fasterxml/jackson/dataformat/jackson-dataformat-xml/2.9.0/jackson-dataformat-xml-2.9.0.jar:/home/user/.m2/repository/com/fasterxml/jackson/core/jackson-core/2.9.5/jackson-core-2.9.5.jar:/home/user/.m2/repository/com/fasterxml/jackson/module/jackson-module-jaxb-annotations/2.9.5/jackson-module-jaxb-annotations-2.9.5.jar:/home/user/.m2/repository/javax/enterprise/cdi-api/1.2/cdi-api-1.2.jar:/home/user/.m2/repository/javax/el/javax.el-api/3.0.0/javax.el-api-3.0.0.jar:/home/user/.m2/repository/javax/interceptor/javax.interceptor-api/1.2/javax.interceptor-api-1.2.jar:/home/user/.m2/repository/javax/inject/javax.inject/1/javax.inject-1.jar:/home/user/.m2/repository/com/sun/xml/bind/jaxb-impl/2.3.0.1/jaxb-impl-2.3.0.1.jar:/home/user/.m2/repository/com/sun/xml/bind/jaxb-core/2.3.0.1/jaxb-core-2.3.0.1.jar:/home/user/.m2/repository/javax/xml/bind/jaxb-api/2.3.0/jaxb-api-2.3.0.jar:/home/user/.m2/repository/javax/activation/activation/1.1.1/activation-1.1.1.jar:/home/user/.m2/repository/org/apache/hadoop/hadoop-ozone-csi/0.5.0-SNAPSHOT/hadoop-ozone-csi-0.5.0-SNAPSHOT.jar:/home/user/.m2/repository/com/google/protobuf/protobuf-java-util/3.5.1/protobuf-java-util-3.5.1.jar:/home/user/.m2/repository/org/apache/hadoop/hadoop-hdds-config/0.5.0-SNAPSHOT/hadoop-hdds-config-0.5.0-SNAPSHOT.jar:/home/user/.m2/repository/io/grpc/grpc-netty/1.17.1/grpc-netty-1.17.1.jar:/home/user/.m2/repository/io/grpc/grpc-core/1.17.1/grpc-core-1.17.1.jar:/home/user/.m2/repository/io/grpc/grpc-context/1.17.1/grpc-context-1.17.1.jar:/home/user/.m2/repository/com/google/errorprone/error_prone_annotations/2.2.0/error_prone_annotations-2.2.0.jar:/home/user/.m2/repository/org/codehaus/mojo/animal-sniffer-annotations/1.17/animal-sniffer-annotations-1.17.jar:/home/user/.m2/repository/io/opencensus/opencensus-api/0.17.0/opencensus-api-0.17.0.jar:/home/user/.m2/repository/io/opencensus/opencensus-contrib-grpc-metrics/0.17.0/opencensus-contrib-grpc-metrics-0.17.0.jar:/home/user/.m2/repository/io/netty/netty-codec-http2/4.1.30.Final/netty-codec-http2-4.1.30.Final.jar:/home/user/.m2/repository/io/netty/netty-codec-http/4.1.30.Final/netty-codec-http-4.1.30.Final.jar:/home/user/.m2/repository/io/netty/netty-codec/4.1.30.Final/netty-codec-4.1.30.Final.jar:/home/user/.m2/repository/io/netty/netty-handler/4.1.30.Final/netty-handler-4.1.30.Final.jar:/home/user/.m2/repository/io/netty/netty-handler-proxy/4.1.30.Final/netty-handler-proxy-4.1.30.Final.jar:/home/user/.m2/repository/io/netty/netty-codec-socks/4.1.30.Final/netty-codec-socks-4.1.30.Final.jar:/home/user/.m2/repository/io/netty/netty-transport-native-epoll/4.1.30.Final/netty-transport-native-epoll-4.1.30.Final.jar:/home/user/.m2/repository/io/netty/netty-common/4.1.30.Final/netty-common-4.1.30.Final.jar:/home/user/.m2/repository/io/netty/netty-buffer/4.1.30.Final/netty-buffer-4.1.30.Final.jar:/home/user/.m2/repository/io/netty/netty-transport/4.1.30.Final/netty-transport-4.1.30.Final.jar:/home/user/.m2/repository/io/netty/netty-resolver/4.1.30.Final/netty-resolver-4.1.30.Final.jar:/home/user/.m2/repository/io/netty/netty-transport-native-unix-common/4.1.30.Final/netty-transport-native-unix-common-4.1.30.Final.jar:/home/user/.m2/repository/io/grpc/grpc-protobuf/1.17.1/grpc-protobuf-1.17.1.jar:/home/user/.m2/repository/com/google/api/grpc/proto-google-common-protos/1.0.0/proto-google-common-protos-1.0.0.jar:/home/user/.m2/repository/io/grpc/grpc-protobuf-lite/1.17.1/grpc-protobuf-lite-1.17.1.jar:/home/user/.m2/repository/io/grpc/grpc-stub/1.17.1/grpc-stub-1.17.1.jar:/home/user/.m2/repository/org/apache/hadoop/hadoop-ozone-recon/0.5.0-SNAPSHOT/hadoop-ozone-recon-0.5.0-SNAPSHOT.jar:/home/user/.m2/repository/org/apache/hadoop/hadoop-ozone-reconcodegen/0.5.0-SNAPSHOT/hadoop-ozone-reconcodegen-0.5.0-SNAPSHOT.jar:/home/user/.m2/repository/com/google/inject/extensions/guice-multibindings/4.0/guice-multibindings-4.0.jar:/home/user/.m2/repository/com/google/inject/guice/4.0/guice-4.0.jar:/home/user/.m2/repository/aopalliance/aopalliance/1.0/aopalliance-1.0.jar:/home/user/.m2/repository/com/google/inject/extensions/guice-servlet/4.0/guice-servlet-4.0.jar:/home/user/.m2/repository/org/glassfish/jersey/containers/jersey-container-servlet/2.27/jersey-container-servlet-2.27.jar:/home/user/.m2/repository/org/glassfish/hk2/guice-bridge/2.5.0/guice-bridge-2.5.0.jar:/home/user/.m2/repository/org/glassfish/jersey/core/jersey-server/2.27/jersey-server-2.27.jar:/home/user/.m2/repository/org/glassfish/jersey/core/jersey-client/2.27/jersey-client-2.27.jar:/home/user/.m2/repository/org/glassfish/jersey/media/jersey-media-jaxb/2.27/jersey-media-jaxb-2.27.jar:/home/user/.m2/repository/javax/validation/validation-api/1.1.0.Final/validation-api-1.1.0.Final.jar:/home/user/.m2/repository/org/glassfish/jersey/media/jersey-media-json-jackson/2.27/jersey-media-json-jackson-2.27.jar:/home/user/.m2/repository/org/glassfish/jersey/ext/jersey-entity-filtering/2.27/jersey-entity-filtering-2.27.jar:/home/user/.m2/repository/com/google/inject/extensions/guice-assistedinject/4.0/guice-assistedinject-4.0.jar:/home/user/.m2/repository/org/jooq/jooq/3.11.10/jooq-3.11.10.jar:/home/user/.m2/repository/org/jooq/jooq-meta/3.11.10/jooq-meta-3.11.10.jar:/home/user/.m2/repository/org/jooq/jooq-codegen/3.11.10/jooq-codegen-3.11.10.jar:/home/user/.m2/repository/com/jolbox/bonecp/0.8.0.RELEASE/bonecp-0.8.0.RELEASE.jar:/home/user/.m2/repository/org/xerial/sqlite-jdbc/3.25.2/sqlite-jdbc-3.25.2.jar:/home/user/.m2/repository/org/springframework/spring-jdbc/5.1.3.RELEASE/spring-jdbc-5.1.3.RELEASE.jar:/home/user/.m2/repository/org/springframework/spring-beans/5.1.3.RELEASE/spring-beans-5.1.3.RELEASE.jar:/home/user/.m2/repository/org/springframework/spring-core/5.1.3.RELEASE/spring-core-5.1.3.RELEASE.jar:/home/user/.m2/repository/org/springframework/spring-jcl/5.1.3.RELEASE/spring-jcl-5.1.3.RELEASE.jar:/home/user/.m2/repository/org/springframework/spring-tx/5.1.3.RELEASE/spring-tx-5.1.3.RELEASE.jar:/home/user/.m2/repository/org/apache/hadoop/hadoop-ozone-client/0.5.0-SNAPSHOT/hadoop-ozone-client-0.5.0-SNAPSHOT.jar:/home/user/.m2/repository/commons-lang/commons-lang/2.6/commons-lang-2.6.jar:/home/user/.m2/repository/org/apache/hadoop/hadoop-ozone-ozone-manager/0.5.0-SNAPSHOT/hadoop-ozone-ozone-manager-0.5.0-SNAPSHOT-tests.jar:/home/user/.m2/repository/junit/junit/4.11/junit-4.11.jar:/home/user/.m2/repository/org/hamcrest/hamcrest-core/1.3/hamcrest-core-1.3.jar:/home/user/.m2/repository/org/openjdk/jmh/jmh-core/1.19/jmh-core-1.19.jar:/home/user/.m2/repository/net/sf/jopt-simple/jopt-simple/4.6/jopt-simple-4.6.jar:/home/user/.m2/repository/org/apache/commons/commons-math3/3.1.1/commons-math3-3.1.1.jar:/home/user/.m2/repository/org/openjdk/jmh/jmh-generator-annprocess/1.19/jmh-generator-annprocess-1.19.jar:/home/user/.m2/repository/org/mockito/mockito-all/1.8.5/mockito-all-1.8.5.jar:/home/user/.m2/repository/org/apache/hadoop/hadoop-kms/3.2.0/hadoop-kms-3.2.0.jar:/home/user/.m2/repository/org/apache/hadoop/hadoop-auth/3.2.0/hadoop-auth-3.2.0.jar:/home/user/.m2/repository/com/nimbusds/nimbus-jose-jwt/4.41.1/nimbus-jose-jwt-4.41.1.jar:/home/user/.m2/repository/com/github/stephenc/jcip/jcip-annotations/1.0-1/jcip-annotations-1.0-1.jar:/home/user/.m2/repository/net/minidev/json-smart/2.3/json-smart-2.3.jar:/home/user/.m2/repository/net/minidev/accessors-smart/1.2/accessors-smart-1.2.jar:/home/user/.m2/repository/org/ow2/asm/asm/5.0.4/asm-5.0.4.jar:/home/user/.m2/repository/org/apache/curator/curator-framework/2.12.0/curator-framework-2.12.0.jar:/home/user/.m2/repository/com/sun/jersey/jersey-core/1.19/jersey-core-1.19.jar:/home/user/.m2/repository/javax/ws/rs/jsr311-api/1.1.1/jsr311-api-1.1.1.jar:/home/user/.m2/repository/com/sun/jersey/jersey-server/1.19/jersey-server-1.19.jar:/home/user/.m2/repository/javax/servlet/javax.servlet-api/3.1.0/javax.servlet-api-3.1.0.jar:/home/user/.m2/repository/org/eclipse/jetty/jetty-server/9.3.24.v20180605/jetty-server-9.3.24.v20180605.jar:/home/user/.m2/repository/org/eclipse/jetty/jetty-http/9.3.24.v20180605/jetty-http-9.3.24.v20180605.jar:/home/user/.m2/repository/org/eclipse/jetty/jetty-io/9.3.24.v20180605/jetty-io-9.3.24.v20180605.jar:/home/user/.m2/repository/org/eclipse/jetty/jetty-webapp/9.3.24.v20180605/jetty-webapp-9.3.24.v20180605.jar:/home/user/.m2/repository/org/eclipse/jetty/jetty-xml/9.3.24.v20180605/jetty-xml-9.3.24.v20180605.jar:/home/user/.m2/repository/log4j/log4j/1.2.17/log4j-1.2.17.jar:/home/user/.m2/repository/org/slf4j/slf4j-api/1.7.25/slf4j-api-1.7.25.jar:/home/user/.m2/repository/org/slf4j/jul-to-slf4j/1.7.25/jul-to-slf4j-1.7.25.jar:/home/user/.m2/repository/org/eclipse/jetty/jetty-util/9.3.24.v20180605/jetty-util-9.3.24.v20180605.jar:/home/user/.m2/repository/com/fasterxml/jackson/core/jackson-databind/2.9.5/jackson-databind-2.9.5.jar:/home/user/.m2/repository/org/apache/hadoop/hadoop-kms/3.2.0/hadoop-kms-3.2.0-tests.jar:/home/user/.m2/repository/org/apache/hadoop/hadoop-hdds-server-scm/0.5.0-SNAPSHOT/hadoop-hdds-server-scm-0.5.0-SNAPSHOT-tests.jar:/home/user/.m2/repository/org/apache/hadoop/hadoop-hdds-container-service/0.5.0-SNAPSHOT/hadoop-hdds-container-service-0.5.0-SNAPSHOT-tests.jar:/home/user/.m2/repository/org/yaml/snakeyaml/1.16/snakeyaml-1.16.jar:/home/user/.m2/repository/org/apache/hadoop/hadoop-common/3.2.0/hadoop-common-3.2.0-tests.jar:/home/user/.m2/repository/org/apache/hadoop/hadoop-annotations/3.2.0/hadoop-annotations-3.2.0.jar:/usr/lib/jvm/java-1.8-openjdk/jre/../lib/tools.jar:/home/user/.m2/repository/commons-cli/commons-cli/1.2/commons-cli-1.2.jar:/home/user/.m2/repository/org/apache/httpcomponents/httpclient/4.5.2/httpclient-4.5.2.jar:/home/user/.m2/repository/org/apache/httpcomponents/httpcore/4.4.4/httpcore-4.4.4.jar:/home/user/.m2/repository/commons-codec/commons-codec/1.11/commons-codec-1.11.jar:/home/user/.m2/repository/commons-net/commons-net/3.6/commons-net-3.6.jar:/home/user/.m2/repository/commons-collections/commons-collections/3.2.2/commons-collections-3.2.2.jar:/home/user/.m2/repository/org/eclipse/jetty/jetty-servlet/9.3.24.v20180605/jetty-servlet-9.3.24.v20180605.jar:/home/user/.m2/repository/org/eclipse/jetty/jetty-security/9.3.24.v20180605/jetty-security-9.3.24.v20180605.jar:/home/user/.m2/repository/javax/servlet/jsp/jsp-api/2.1/jsp-api-2.1.jar:/home/user/.m2/repository/com/sun/jersey/jersey-servlet/1.19/jersey-servlet-1.19.jar:/home/user/.m2/repository/com/sun/jersey/jersey-json/1.19/jersey-json-1.19.jar:/home/user/.m2/repository/org/codehaus/jettison/jettison/1.1/jettison-1.1.jar:/home/user/.m2/repository/org/codehaus/jackson/jackson-core-asl/1.9.13/jackson-core-asl-1.9.13.jar:/home/user/.m2/repository/org/codehaus/jackson/jackson-mapper-asl/1.9.13/jackson-mapper-asl-1.9.13.jar:/home/user/.m2/repository/org/codehaus/jackson/jackson-jaxrs/1.9.13/jackson-jaxrs-1.9.13.jar:/home/user/.m2/repository/org/codehaus/jackson/jackson-xc/1.9.13/jackson-xc-1.9.13.jar:/home/user/.m2/repository/commons-logging/commons-logging/1.1.3/commons-logging-1.1.3.jar:/home/user/.m2/repository/commons-beanutils/commons-beanutils/1.9.3/commons-beanutils-1.9.3.jar:/home/user/.m2/repository/org/apache/commons/commons-configuration2/2.1.1/commons-configuration2-2.1.1.jar:/home/user/.m2/repository/org/apache/commons/commons-lang3/3.7/commons-lang3-3.7.jar:/home/user/.m2/repository/org/apache/commons/commons-text/1.4/commons-text-1.4.jar:/home/user/.m2/repository/org/apache/avro/avro/1.7.7/avro-1.7.7.jar:/home/user/.m2/repository/com/thoughtworks/paranamer/paranamer/2.3/paranamer-2.3.jar:/home/user/.m2/repository/org/xerial/snappy/snappy-java/1.0.5/snappy-java-1.0.5.jar:/home/user/.m2/repository/com/google/re2j/re2j/1.1/re2j-1.1.jar:/home/user/.m2/repository/com/google/code/gson/gson/2.2.4/gson-2.2.4.jar:/home/user/.m2/repository/com/jcraft/jsch/0.1.54/jsch-0.1.54.jar:/home/user/.m2/repository/org/apache/curator/curator-client/2.12.0/curator-client-2.12.0.jar:/home/user/.m2/repository/org/apache/curator/curator-recipes/2.12.0/curator-recipes-2.12.0.jar:/home/user/.m2/repository/com/google/code/findbugs/jsr305/3.0.0/jsr305-3.0.0.jar:/home/user/.m2/repository/org/apache/htrace/htrace-core4/4.1.0-incubating/htrace-core4-4.1.0-incubating.jar:/home/user/.m2/repository/org/apache/zookeeper/zookeeper/3.4.13/zookeeper-3.4.13.jar:/home/user/.m2/repository/org/apache/yetus/audience-annotations/0.5.0/audience-annotations-0.5.0.jar:/home/user/.m2/repository/org/codehaus/woodstox/stax2-api/3.1.4/stax2-api-3.1.4.jar:/home/user/.m2/repository/com/fasterxml/woodstox/woodstox-core/5.0.3/woodstox-core-5.0.3.jar:/home/user/.m2/repository/dnsjava/dnsjava/2.1.7/dnsjava-2.1.7.jar:/home/user/.m2/repository/org/apache/hadoop/hadoop-hdfs/3.2.0/hadoop-hdfs-3.2.0-tests.jar:/home/user/.m2/repository/org/eclipse/jetty/jetty-util-ajax/9.3.24.v20180605/jetty-util-ajax-9.3.24.v20180605.jar:/home/user/.m2/repository/commons-daemon/commons-daemon/1.0.13/commons-daemon-1.0.13.jar:/home/user/.m2/repository/io/netty/netty/3.10.5.Final/netty-3.10.5.Final.jar:/home/user/.m2/repository/io/netty/netty-all/4.0.52.Final/netty-all-4.0.52.Final.jar:/home/user/.m2/repository/org/fusesource/leveldbjni/leveldbjni-all/1.8/leveldbjni-all-1.8.jar:"/>
    <property name="java.vm.vendor" value="IcedTea"/>
    <property name="sun.arch.data.model" value="64"/>
    <property name="test.build.dir" value="/workdir/hadoop-ozone/integration-test/target/test-dir"/>
    <property name="test.cache.data" value=""/>
    <property name="java.vendor.url" value="https://icedtea.classpath.org"/>
    <property name="user.timezone" value=""/>
    <property name="java.vm.specification.version" value="1.8"/>
    <property name="os.name" value="Linux"/>
    <property name="test.build.data" value="/workdir/hadoop-ozone/integration-test/target/test-dir"/>
    <property name="user.country" value="US"/>
    <property name="sun.java.launcher" value="SUN_STANDARD"/>
    <property name="sun.boot.library.path" value="/usr/lib/jvm/java-1.8-openjdk/jre/lib/amd64"/>
    <property name="sun.java.command" value="/workdir/hadoop-ozone/integration-test/target/surefire/surefirebooter4246709977286678257.jar /workdir/hadoop-ozone/integration-test/target/surefire 2019-07-14T10-10-37_756-jvmRun1 surefire2767688709893629478tmp surefire_402944570298884181726tmp"/>
    <property name="surefire.test.class.path" value="/workdir/hadoop-ozone/integration-test/target/test-classes:/workdir/hadoop-ozone/integration-test/target/classes:/home/user/.m2/repository/org/apache/hadoop/hadoop-ozone-common/0.5.0-SNAPSHOT/hadoop-ozone-common-0.5.0-SNAPSHOT.jar:/home/user/.m2/repository/org/apache/commons/commons-compress/1.4.1/commons-compress-1.4.1.jar:/home/user/.m2/repository/org/tukaani/xz/1.0/xz-1.0.jar:/home/user/.m2/repository/org/apache/hadoop/hadoop-common/3.2.0/hadoop-common-3.2.0.jar:/home/user/.m2/repository/org/apache/hadoop/hadoop-hdfs/3.2.0/hadoop-hdfs-3.2.0.jar:/home/user/.m2/repository/org/apache/hadoop/hadoop-hdfs-client/3.2.0/hadoop-hdfs-client-3.2.0.jar:/home/user/.m2/repository/com/fasterxml/jackson/core/jackson-annotations/2.9.5/jackson-annotations-2.9.5.jar:/home/user/.m2/repository/org/apache/hadoop/hadoop-hdds-common/0.5.0-SNAPSHOT/hadoop-hdds-common-0.5.0-SNAPSHOT.jar:/home/user/.m2/repository/javax/annotation/javax.annotation-api/1.2/javax.annotation-api-1.2.jar:/home/user/.m2/repository/org/apache/ratis/ratis-server/0.4.0-2337318-SNAPSHOT/ratis-server-0.4.0-2337318-SNAPSHOT.jar:/home/user/.m2/repository/org/apache/ratis/ratis-thirdparty-misc/0.2.0/ratis-thirdparty-misc-0.2.0.jar:/home/user/.m2/repository/org/apache/ratis/ratis-proto/0.4.0-2337318-SNAPSHOT/ratis-proto-0.4.0-2337318-SNAPSHOT.jar:/home/user/.m2/repository/org/apache/ratis/ratis-common/0.4.0-2337318-SNAPSHOT/ratis-common-0.4.0-2337318-SNAPSHOT.jar:/home/user/.m2/repository/org/apache/ratis/ratis-client/0.4.0-2337318-SNAPSHOT/ratis-client-0.4.0-2337318-SNAPSHOT.jar:/home/user/.m2/repository/org/apache/ratis/ratis-metrics/0.4.0-2337318-SNAPSHOT/ratis-metrics-0.4.0-2337318-SNAPSHOT.jar:/home/user/.m2/repository/org/apache/ratis/ratis-netty/0.4.0-2337318-SNAPSHOT/ratis-netty-0.4.0-2337318-SNAPSHOT.jar:/home/user/.m2/repository/org/apache/ratis/ratis-grpc/0.4.0-2337318-SNAPSHOT/ratis-grpc-0.4.0-2337318-SNAPSHOT.jar:/home/user/.m2/repository/org/rocksdb/rocksdbjni/6.0.1/rocksdbjni-6.0.1.jar:/home/user/.m2/repository/org/apache/logging/log4j/log4j-api/2.11.0/log4j-api-2.11.0.jar:/home/user/.m2/repository/org/apache/logging/log4j/log4j-core/2.11.0/log4j-core-2.11.0.jar:/home/user/.m2/repository/com/lmax/disruptor/3.4.2/disruptor-3.4.2.jar:/home/user/.m2/repository/org/apache/commons/commons-pool2/2.6.0/commons-pool2-2.6.0.jar:/home/user/.m2/repository/org/bouncycastle/bcpkix-jdk15on/1.60/bcpkix-jdk15on-1.60.jar:/home/user/.m2/repository/commons-validator/commons-validator/1.6/commons-validator-1.6.jar:/home/user/.m2/repository/commons-digester/commons-digester/1.8.1/commons-digester-1.8.1.jar:/home/user/.m2/repository/io/jaegertracing/jaeger-client/0.33.1/jaeger-client-0.33.1.jar:/home/user/.m2/repository/io/jaegertracing/jaeger-thrift/0.33.1/jaeger-thrift-0.33.1.jar:/home/user/.m2/repository/org/apache/thrift/libthrift/0.11.0/libthrift-0.11.0.jar:/home/user/.m2/repository/com/squareup/okhttp3/okhttp/3.9.0/okhttp-3.9.0.jar:/home/user/.m2/repository/com/squareup/okio/okio/1.13.0/okio-1.13.0.jar:/home/user/.m2/repository/io/jaegertracing/jaeger-core/0.33.1/jaeger-core-0.33.1.jar:/home/user/.m2/repository/io/jaegertracing/jaeger-tracerresolver/0.33.1/jaeger-tracerresolver-0.33.1.jar:/home/user/.m2/repository/io/opentracing/contrib/opentracing-tracerresolver/0.1.5/opentracing-tracerresolver-0.1.5.jar:/home/user/.m2/repository/io/opentracing/opentracing-util/0.31.0/opentracing-util-0.31.0.jar:/home/user/.m2/repository/io/opentracing/opentracing-api/0.31.0/opentracing-api-0.31.0.jar:/home/user/.m2/repository/io/opentracing/opentracing-noop/0.31.0/opentracing-noop-0.31.0.jar:/home/user/.m2/repository/org/apache/hadoop/hadoop-hdds-server-framework/0.5.0-SNAPSHOT/hadoop-hdds-server-framework-0.5.0-SNAPSHOT.jar:/home/user/.m2/repository/org/apache/hadoop/hadoop-hdds-container-service/0.5.0-SNAPSHOT/hadoop-hdds-container-service-0.5.0-SNAPSHOT.jar:/home/user/.m2/repository/org/apache/hadoop/hadoop-hdds-client/0.5.0-SNAPSHOT/hadoop-hdds-client-0.5.0-SNAPSHOT.jar:/home/user/.m2/repository/org/apache/hadoop/hadoop-hdds-tools/0.5.0-SNAPSHOT/hadoop-hdds-tools-0.5.0-SNAPSHOT.jar:/home/user/.m2/repository/org/apache/hadoop/hadoop-hdds-server-scm/0.5.0-SNAPSHOT/hadoop-hdds-server-scm-0.5.0-SNAPSHOT.jar:/home/user/.m2/repository/org/apache/hadoop/hadoop-hdds-docs/0.5.0-SNAPSHOT/hadoop-hdds-docs-0.5.0-SNAPSHOT.jar:/home/user/.m2/repository/io/dropwizard/metrics/metrics-core/3.2.4/metrics-core-3.2.4.jar:/home/user/.m2/repository/org/hamcrest/hamcrest-all/1.3/hamcrest-all-1.3.jar:/home/user/.m2/repository/org/bouncycastle/bcprov-jdk15on/1.60/bcprov-jdk15on-1.60.jar:/home/user/.m2/repository/info/picocli/picocli/3.9.6/picocli-3.9.6.jar:/home/user/.m2/repository/com/google/protobuf/protobuf-java/2.5.0/protobuf-java-2.5.0.jar:/home/user/.m2/repository/com/google/guava/guava/11.0.2/guava-11.0.2.jar:/home/user/.m2/repository/org/apache/hadoop/hadoop-ozone-ozone-manager/0.5.0-SNAPSHOT/hadoop-ozone-ozone-manager-0.5.0-SNAPSHOT.jar:/home/user/.m2/repository/org/apache/hadoop/hadoop-minikdc/3.2.0/hadoop-minikdc-3.2.0.jar:/home/user/.m2/repository/commons-io/commons-io/2.5/commons-io-2.5.jar:/home/user/.m2/repository/org/apache/kerby/kerb-simplekdc/1.0.1/kerb-simplekdc-1.0.1.jar:/home/user/.m2/repository/org/apache/kerby/kerb-client/1.0.1/kerb-client-1.0.1.jar:/home/user/.m2/repository/org/apache/kerby/kerby-config/1.0.1/kerby-config-1.0.1.jar:/home/user/.m2/repository/org/apache/kerby/kerb-core/1.0.1/kerb-core-1.0.1.jar:/home/user/.m2/repository/org/apache/kerby/kerby-pkix/1.0.1/kerby-pkix-1.0.1.jar:/home/user/.m2/repository/org/apache/kerby/kerby-asn1/1.0.1/kerby-asn1-1.0.1.jar:/home/user/.m2/repository/org/apache/kerby/kerby-util/1.0.1/kerby-util-1.0.1.jar:/home/user/.m2/repository/org/apache/kerby/kerb-common/1.0.1/kerb-common-1.0.1.jar:/home/user/.m2/repository/org/apache/kerby/kerb-crypto/1.0.1/kerb-crypto-1.0.1.jar:/home/user/.m2/repository/org/apache/kerby/kerb-util/1.0.1/kerb-util-1.0.1.jar:/home/user/.m2/repository/org/apache/kerby/token-provider/1.0.1/token-provider-1.0.1.jar:/home/user/.m2/repository/org/apache/kerby/kerb-admin/1.0.1/kerb-admin-1.0.1.jar:/home/user/.m2/repository/org/apache/kerby/kerb-server/1.0.1/kerb-server-1.0.1.jar:/home/user/.m2/repository/org/apache/kerby/kerb-identity/1.0.1/kerb-identity-1.0.1.jar:/home/user/.m2/repository/org/apache/kerby/kerby-xdr/1.0.1/kerby-xdr-1.0.1.jar:/home/user/.m2/repository/org/slf4j/slf4j-log4j12/1.7.25/slf4j-log4j12-1.7.25.jar:/home/user/.m2/repository/org/apache/hadoop/hadoop-ozone-objectstore-service/0.5.0-SNAPSHOT/hadoop-ozone-objectstore-service-0.5.0-SNAPSHOT.jar:/home/user/.m2/repository/org/apache/hadoop/hadoop-ozone-s3gateway/0.5.0-SNAPSHOT/hadoop-ozone-s3gateway-0.5.0-SNAPSHOT.jar:/home/user/.m2/repository/org/jboss/weld/servlet/weld-servlet/2.4.7.Final/weld-servlet-2.4.7.Final.jar:/home/user/.m2/repository/org/glassfish/jersey/containers/jersey-container-servlet-core/2.27/jersey-container-servlet-core-2.27.jar:/home/user/.m2/repository/org/glassfish/hk2/external/javax.inject/2.5.0-b42/javax.inject-2.5.0-b42.jar:/home/user/.m2/repository/org/glassfish/jersey/core/jersey-common/2.27/jersey-common-2.27.jar:/home/user/.m2/repository/org/glassfish/hk2/osgi-resource-locator/1.0.1/osgi-resource-locator-1.0.1.jar:/home/user/.m2/repository/javax/ws/rs/javax.ws.rs-api/2.1/javax.ws.rs-api-2.1.jar:/home/user/.m2/repository/org/glassfish/jersey/ext/cdi/jersey-cdi1x/2.27/jersey-cdi1x-2.27.jar:/home/user/.m2/repository/org/glassfish/jersey/inject/jersey-hk2/2.27/jersey-hk2-2.27.jar:/home/user/.m2/repository/org/glassfish/hk2/hk2-locator/2.5.0-b42/hk2-locator-2.5.0-b42.jar:/home/user/.m2/repository/org/javassist/javassist/3.22.0-CR2/javassist-3.22.0-CR2.jar:/home/user/.m2/repository/org/glassfish/hk2/hk2-api/2.5.0/hk2-api-2.5.0.jar:/home/user/.m2/repository/org/glassfish/hk2/external/jakarta.inject/2.5.0/jakarta.inject-2.5.0.jar:/home/user/.m2/repository/org/glassfish/hk2/hk2-utils/2.5.0/hk2-utils-2.5.0.jar:/home/user/.m2/repository/jakarta/annotation/jakarta.annotation-api/1.3.4/jakarta.annotation-api-1.3.4.jar:/home/user/.m2/repository/org/glassfish/hk2/external/aopalliance-repackaged/2.5.0/aopalliance-repackaged-2.5.0.jar:/home/user/.m2/repository/com/fasterxml/jackson/dataformat/jackson-dataformat-xml/2.9.0/jackson-dataformat-xml-2.9.0.jar:/home/user/.m2/repository/com/fasterxml/jackson/core/jackson-core/2.9.5/jackson-core-2.9.5.jar:/home/user/.m2/repository/com/fasterxml/jackson/module/jackson-module-jaxb-annotations/2.9.5/jackson-module-jaxb-annotations-2.9.5.jar:/home/user/.m2/repository/javax/enterprise/cdi-api/1.2/cdi-api-1.2.jar:/home/user/.m2/repository/javax/el/javax.el-api/3.0.0/javax.el-api-3.0.0.jar:/home/user/.m2/repository/javax/interceptor/javax.interceptor-api/1.2/javax.interceptor-api-1.2.jar:/home/user/.m2/repository/javax/inject/javax.inject/1/javax.inject-1.jar:/home/user/.m2/repository/com/sun/xml/bind/jaxb-impl/2.3.0.1/jaxb-impl-2.3.0.1.jar:/home/user/.m2/repository/com/sun/xml/bind/jaxb-core/2.3.0.1/jaxb-core-2.3.0.1.jar:/home/user/.m2/repository/javax/xml/bind/jaxb-api/2.3.0/jaxb-api-2.3.0.jar:/home/user/.m2/repository/javax/activation/activation/1.1.1/activation-1.1.1.jar:/home/user/.m2/repository/org/apache/hadoop/hadoop-ozone-csi/0.5.0-SNAPSHOT/hadoop-ozone-csi-0.5.0-SNAPSHOT.jar:/home/user/.m2/repository/com/google/protobuf/protobuf-java-util/3.5.1/protobuf-java-util-3.5.1.jar:/home/user/.m2/repository/org/apache/hadoop/hadoop-hdds-config/0.5.0-SNAPSHOT/hadoop-hdds-config-0.5.0-SNAPSHOT.jar:/home/user/.m2/repository/io/grpc/grpc-netty/1.17.1/grpc-netty-1.17.1.jar:/home/user/.m2/repository/io/grpc/grpc-core/1.17.1/grpc-core-1.17.1.jar:/home/user/.m2/repository/io/grpc/grpc-context/1.17.1/grpc-context-1.17.1.jar:/home/user/.m2/repository/com/google/errorprone/error_prone_annotations/2.2.0/error_prone_annotations-2.2.0.jar:/home/user/.m2/repository/org/codehaus/mojo/animal-sniffer-annotations/1.17/animal-sniffer-annotations-1.17.jar:/home/user/.m2/repository/io/opencensus/opencensus-api/0.17.0/opencensus-api-0.17.0.jar:/home/user/.m2/repository/io/opencensus/opencensus-contrib-grpc-metrics/0.17.0/opencensus-contrib-grpc-metrics-0.17.0.jar:/home/user/.m2/repository/io/netty/netty-codec-http2/4.1.30.Final/netty-codec-http2-4.1.30.Final.jar:/home/user/.m2/repository/io/netty/netty-codec-http/4.1.30.Final/netty-codec-http-4.1.30.Final.jar:/home/user/.m2/repository/io/netty/netty-codec/4.1.30.Final/netty-codec-4.1.30.Final.jar:/home/user/.m2/repository/io/netty/netty-handler/4.1.30.Final/netty-handler-4.1.30.Final.jar:/home/user/.m2/repository/io/netty/netty-handler-proxy/4.1.30.Final/netty-handler-proxy-4.1.30.Final.jar:/home/user/.m2/repository/io/netty/netty-codec-socks/4.1.30.Final/netty-codec-socks-4.1.30.Final.jar:/home/user/.m2/repository/io/netty/netty-transport-native-epoll/4.1.30.Final/netty-transport-native-epoll-4.1.30.Final.jar:/home/user/.m2/repository/io/netty/netty-common/4.1.30.Final/netty-common-4.1.30.Final.jar:/home/user/.m2/repository/io/netty/netty-buffer/4.1.30.Final/netty-buffer-4.1.30.Final.jar:/home/user/.m2/repository/io/netty/netty-transport/4.1.30.Final/netty-transport-4.1.30.Final.jar:/home/user/.m2/repository/io/netty/netty-resolver/4.1.30.Final/netty-resolver-4.1.30.Final.jar:/home/user/.m2/repository/io/netty/netty-transport-native-unix-common/4.1.30.Final/netty-transport-native-unix-common-4.1.30.Final.jar:/home/user/.m2/repository/io/grpc/grpc-protobuf/1.17.1/grpc-protobuf-1.17.1.jar:/home/user/.m2/repository/com/google/api/grpc/proto-google-common-protos/1.0.0/proto-google-common-protos-1.0.0.jar:/home/user/.m2/repository/io/grpc/grpc-protobuf-lite/1.17.1/grpc-protobuf-lite-1.17.1.jar:/home/user/.m2/repository/io/grpc/grpc-stub/1.17.1/grpc-stub-1.17.1.jar:/home/user/.m2/repository/org/apache/hadoop/hadoop-ozone-recon/0.5.0-SNAPSHOT/hadoop-ozone-recon-0.5.0-SNAPSHOT.jar:/home/user/.m2/repository/org/apache/hadoop/hadoop-ozone-reconcodegen/0.5.0-SNAPSHOT/hadoop-ozone-reconcodegen-0.5.0-SNAPSHOT.jar:/home/user/.m2/repository/com/google/inject/extensions/guice-multibindings/4.0/guice-multibindings-4.0.jar:/home/user/.m2/repository/com/google/inject/guice/4.0/guice-4.0.jar:/home/user/.m2/repository/aopalliance/aopalliance/1.0/aopalliance-1.0.jar:/home/user/.m2/repository/com/google/inject/extensions/guice-servlet/4.0/guice-servlet-4.0.jar:/home/user/.m2/repository/org/glassfish/jersey/containers/jersey-container-servlet/2.27/jersey-container-servlet-2.27.jar:/home/user/.m2/repository/org/glassfish/hk2/guice-bridge/2.5.0/guice-bridge-2.5.0.jar:/home/user/.m2/repository/org/glassfish/jersey/core/jersey-server/2.27/jersey-server-2.27.jar:/home/user/.m2/repository/org/glassfish/jersey/core/jersey-client/2.27/jersey-client-2.27.jar:/home/user/.m2/repository/org/glassfish/jersey/media/jersey-media-jaxb/2.27/jersey-media-jaxb-2.27.jar:/home/user/.m2/repository/javax/validation/validation-api/1.1.0.Final/validation-api-1.1.0.Final.jar:/home/user/.m2/repository/org/glassfish/jersey/media/jersey-media-json-jackson/2.27/jersey-media-json-jackson-2.27.jar:/home/user/.m2/repository/org/glassfish/jersey/ext/jersey-entity-filtering/2.27/jersey-entity-filtering-2.27.jar:/home/user/.m2/repository/com/google/inject/extensions/guice-assistedinject/4.0/guice-assistedinject-4.0.jar:/home/user/.m2/repository/org/jooq/jooq/3.11.10/jooq-3.11.10.jar:/home/user/.m2/repository/org/jooq/jooq-meta/3.11.10/jooq-meta-3.11.10.jar:/home/user/.m2/repository/org/jooq/jooq-codegen/3.11.10/jooq-codegen-3.11.10.jar:/home/user/.m2/repository/com/jolbox/bonecp/0.8.0.RELEASE/bonecp-0.8.0.RELEASE.jar:/home/user/.m2/repository/org/xerial/sqlite-jdbc/3.25.2/sqlite-jdbc-3.25.2.jar:/home/user/.m2/repository/org/springframework/spring-jdbc/5.1.3.RELEASE/spring-jdbc-5.1.3.RELEASE.jar:/home/user/.m2/repository/org/springframework/spring-beans/5.1.3.RELEASE/spring-beans-5.1.3.RELEASE.jar:/home/user/.m2/repository/org/springframework/spring-core/5.1.3.RELEASE/spring-core-5.1.3.RELEASE.jar:/home/user/.m2/repository/org/springframework/spring-jcl/5.1.3.RELEASE/spring-jcl-5.1.3.RELEASE.jar:/home/user/.m2/repository/org/springframework/spring-tx/5.1.3.RELEASE/spring-tx-5.1.3.RELEASE.jar:/home/user/.m2/repository/org/apache/hadoop/hadoop-ozone-client/0.5.0-SNAPSHOT/hadoop-ozone-client-0.5.0-SNAPSHOT.jar:/home/user/.m2/repository/commons-lang/commons-lang/2.6/commons-lang-2.6.jar:/home/user/.m2/repository/org/apache/hadoop/hadoop-ozone-ozone-manager/0.5.0-SNAPSHOT/hadoop-ozone-ozone-manager-0.5.0-SNAPSHOT-tests.jar:/home/user/.m2/repository/junit/junit/4.11/junit-4.11.jar:/home/user/.m2/repository/org/hamcrest/hamcrest-core/1.3/hamcrest-core-1.3.jar:/home/user/.m2/repository/org/openjdk/jmh/jmh-core/1.19/jmh-core-1.19.jar:/home/user/.m2/repository/net/sf/jopt-simple/jopt-simple/4.6/jopt-simple-4.6.jar:/home/user/.m2/repository/org/apache/commons/commons-math3/3.1.1/commons-math3-3.1.1.jar:/home/user/.m2/repository/org/openjdk/jmh/jmh-generator-annprocess/1.19/jmh-generator-annprocess-1.19.jar:/home/user/.m2/repository/org/mockito/mockito-all/1.8.5/mockito-all-1.8.5.jar:/home/user/.m2/repository/org/apache/hadoop/hadoop-kms/3.2.0/hadoop-kms-3.2.0.jar:/home/user/.m2/repository/org/apache/hadoop/hadoop-auth/3.2.0/hadoop-auth-3.2.0.jar:/home/user/.m2/repository/com/nimbusds/nimbus-jose-jwt/4.41.1/nimbus-jose-jwt-4.41.1.jar:/home/user/.m2/repository/com/github/stephenc/jcip/jcip-annotations/1.0-1/jcip-annotations-1.0-1.jar:/home/user/.m2/repository/net/minidev/json-smart/2.3/json-smart-2.3.jar:/home/user/.m2/repository/net/minidev/accessors-smart/1.2/accessors-smart-1.2.jar:/home/user/.m2/repository/org/ow2/asm/asm/5.0.4/asm-5.0.4.jar:/home/user/.m2/repository/org/apache/curator/curator-framework/2.12.0/curator-framework-2.12.0.jar:/home/user/.m2/repository/com/sun/jersey/jersey-core/1.19/jersey-core-1.19.jar:/home/user/.m2/repository/javax/ws/rs/jsr311-api/1.1.1/jsr311-api-1.1.1.jar:/home/user/.m2/repository/com/sun/jersey/jersey-server/1.19/jersey-server-1.19.jar:/home/user/.m2/repository/javax/servlet/javax.servlet-api/3.1.0/javax.servlet-api-3.1.0.jar:/home/user/.m2/repository/org/eclipse/jetty/jetty-server/9.3.24.v20180605/jetty-server-9.3.24.v20180605.jar:/home/user/.m2/repository/org/eclipse/jetty/jetty-http/9.3.24.v20180605/jetty-http-9.3.24.v20180605.jar:/home/user/.m2/repository/org/eclipse/jetty/jetty-io/9.3.24.v20180605/jetty-io-9.3.24.v20180605.jar:/home/user/.m2/repository/org/eclipse/jetty/jetty-webapp/9.3.24.v20180605/jetty-webapp-9.3.24.v20180605.jar:/home/user/.m2/repository/org/eclipse/jetty/jetty-xml/9.3.24.v20180605/jetty-xml-9.3.24.v20180605.jar:/home/user/.m2/repository/log4j/log4j/1.2.17/log4j-1.2.17.jar:/home/user/.m2/repository/org/slf4j/slf4j-api/1.7.25/slf4j-api-1.7.25.jar:/home/user/.m2/repository/org/slf4j/jul-to-slf4j/1.7.25/jul-to-slf4j-1.7.25.jar:/home/user/.m2/repository/org/eclipse/jetty/jetty-util/9.3.24.v20180605/jetty-util-9.3.24.v20180605.jar:/home/user/.m2/repository/com/fasterxml/jackson/core/jackson-databind/2.9.5/jackson-databind-2.9.5.jar:/home/user/.m2/repository/org/apache/hadoop/hadoop-kms/3.2.0/hadoop-kms-3.2.0-tests.jar:/home/user/.m2/repository/org/apache/hadoop/hadoop-hdds-server-scm/0.5.0-SNAPSHOT/hadoop-hdds-server-scm-0.5.0-SNAPSHOT-tests.jar:/home/user/.m2/repository/org/apache/hadoop/hadoop-hdds-container-service/0.5.0-SNAPSHOT/hadoop-hdds-container-service-0.5.0-SNAPSHOT-tests.jar:/home/user/.m2/repository/org/yaml/snakeyaml/1.16/snakeyaml-1.16.jar:/home/user/.m2/repository/org/apache/hadoop/hadoop-common/3.2.0/hadoop-common-3.2.0-tests.jar:/home/user/.m2/repository/org/apache/hadoop/hadoop-annotations/3.2.0/hadoop-annotations-3.2.0.jar:/usr/lib/jvm/java-1.8-openjdk/jre/../lib/tools.jar:/home/user/.m2/repository/commons-cli/commons-cli/1.2/commons-cli-1.2.jar:/home/user/.m2/repository/org/apache/httpcomponents/httpclient/4.5.2/httpclient-4.5.2.jar:/home/user/.m2/repository/org/apache/httpcomponents/httpcore/4.4.4/httpcore-4.4.4.jar:/home/user/.m2/repository/commons-codec/commons-codec/1.11/commons-codec-1.11.jar:/home/user/.m2/repository/commons-net/commons-net/3.6/commons-net-3.6.jar:/home/user/.m2/repository/commons-collections/commons-collections/3.2.2/commons-collections-3.2.2.jar:/home/user/.m2/repository/org/eclipse/jetty/jetty-servlet/9.3.24.v20180605/jetty-servlet-9.3.24.v20180605.jar:/home/user/.m2/repository/org/eclipse/jetty/jetty-security/9.3.24.v20180605/jetty-security-9.3.24.v20180605.jar:/home/user/.m2/repository/javax/servlet/jsp/jsp-api/2.1/jsp-api-2.1.jar:/home/user/.m2/repository/com/sun/jersey/jersey-servlet/1.19/jersey-servlet-1.19.jar:/home/user/.m2/repository/com/sun/jersey/jersey-json/1.19/jersey-json-1.19.jar:/home/user/.m2/repository/org/codehaus/jettison/jettison/1.1/jettison-1.1.jar:/home/user/.m2/repository/org/codehaus/jackson/jackson-core-asl/1.9.13/jackson-core-asl-1.9.13.jar:/home/user/.m2/repository/org/codehaus/jackson/jackson-mapper-asl/1.9.13/jackson-mapper-asl-1.9.13.jar:/home/user/.m2/repository/org/codehaus/jackson/jackson-jaxrs/1.9.13/jackson-jaxrs-1.9.13.jar:/home/user/.m2/repository/org/codehaus/jackson/jackson-xc/1.9.13/jackson-xc-1.9.13.jar:/home/user/.m2/repository/commons-logging/commons-logging/1.1.3/commons-logging-1.1.3.jar:/home/user/.m2/repository/commons-beanutils/commons-beanutils/1.9.3/commons-beanutils-1.9.3.jar:/home/user/.m2/repository/org/apache/commons/commons-configuration2/2.1.1/commons-configuration2-2.1.1.jar:/home/user/.m2/repository/org/apache/commons/commons-lang3/3.7/commons-lang3-3.7.jar:/home/user/.m2/repository/org/apache/commons/commons-text/1.4/commons-text-1.4.jar:/home/user/.m2/repository/org/apache/avro/avro/1.7.7/avro-1.7.7.jar:/home/user/.m2/repository/com/thoughtworks/paranamer/paranamer/2.3/paranamer-2.3.jar:/home/user/.m2/repository/org/xerial/snappy/snappy-java/1.0.5/snappy-java-1.0.5.jar:/home/user/.m2/repository/com/google/re2j/re2j/1.1/re2j-1.1.jar:/home/user/.m2/repository/com/google/code/gson/gson/2.2.4/gson-2.2.4.jar:/home/user/.m2/repository/com/jcraft/jsch/0.1.54/jsch-0.1.54.jar:/home/user/.m2/repository/org/apache/curator/curator-client/2.12.0/curator-client-2.12.0.jar:/home/user/.m2/repository/org/apache/curator/curator-recipes/2.12.0/curator-recipes-2.12.0.jar:/home/user/.m2/repository/com/google/code/findbugs/jsr305/3.0.0/jsr305-3.0.0.jar:/home/user/.m2/repository/org/apache/htrace/htrace-core4/4.1.0-incubating/htrace-core4-4.1.0-incubating.jar:/home/user/.m2/repository/org/apache/zookeeper/zookeeper/3.4.13/zookeeper-3.4.13.jar:/home/user/.m2/repository/org/apache/yetus/audience-annotations/0.5.0/audience-annotations-0.5.0.jar:/home/user/.m2/repository/org/codehaus/woodstox/stax2-api/3.1.4/stax2-api-3.1.4.jar:/home/user/.m2/repository/com/fasterxml/woodstox/woodstox-core/5.0.3/woodstox-core-5.0.3.jar:/home/user/.m2/repository/dnsjava/dnsjava/2.1.7/dnsjava-2.1.7.jar:/home/user/.m2/repository/org/apache/hadoop/hadoop-hdfs/3.2.0/hadoop-hdfs-3.2.0-tests.jar:/home/user/.m2/repository/org/eclipse/jetty/jetty-util-ajax/9.3.24.v20180605/jetty-util-ajax-9.3.24.v20180605.jar:/home/user/.m2/repository/commons-daemon/commons-daemon/1.0.13/commons-daemon-1.0.13.jar:/home/user/.m2/repository/io/netty/netty/3.10.5.Final/netty-3.10.5.Final.jar:/home/user/.m2/repository/io/netty/netty-all/4.0.52.Final/netty-all-4.0.52.Final.jar:/home/user/.m2/repository/org/fusesource/leveldbjni/leveldbjni-all/1.8/leveldbjni-all-1.8.jar:"/>
    <property name="sun.cpu.endian" value="little"/>
    <property name="user.home" value="/home/user"/>
    <property name="user.language" value="en"/>
    <property name="java.specification.vendor" value="Oracle Corporation"/>
    <property name="java.home" value="/usr/lib/jvm/java-1.8-openjdk/jre"/>
    <property name="java.security.krb5.conf" value="/workdir/hadoop-ozone/integration-test/target/test-classes/krb5.conf"/>
    <property name="basedir" value="/workdir/hadoop-ozone/integration-test"/>
    <property name="file.separator" value="/"/>
    <property name="line.separator" value="&#10;"/>
    <property name="java.vm.specification.vendor" value="Oracle Corporation"/>
    <property name="java.specification.name" value="Java Platform API Specification"/>
    <property name="java.awt.graphicsenv" value="sun.awt.X11GraphicsEnvironment"/>
    <property name="surefire.real.class.path" value="/workdir/hadoop-ozone/integration-test/target/surefire/surefirebooter4246709977286678257.jar"/>
    <property name="hadoop.log.dir" value="/workdir/hadoop-ozone/integration-test/target/log"/>
    <property name="sun.boot.class.path" value="/usr/lib/jvm/java-1.8-openjdk/jre/lib/resources.jar:/usr/lib/jvm/java-1.8-openjdk/jre/lib/rt.jar:/usr/lib/jvm/java-1.8-openjdk/jre/lib/sunrsasign.jar:/usr/lib/jvm/java-1.8-openjdk/jre/lib/jsse.jar:/usr/lib/jvm/java-1.8-openjdk/jre/lib/jce.jar:/usr/lib/jvm/java-1.8-openjdk/jre/lib/charsets.jar:/usr/lib/jvm/java-1.8-openjdk/jre/lib/jfr.jar:/usr/lib/jvm/java-1.8-openjdk/jre/classes"/>
    <property name="sun.management.compiler" value="HotSpot 64-Bit Tiered Compilers"/>
    <property name="java.runtime.version" value="1.8.0_212-b04"/>
    <property name="java.net.preferIPv4Stack" value="true"/>
    <property name="user.name" value="jenkins1000"/>
    <property name="path.separator" value=":"/>
    <property name="java.security.egd" value="file:///dev/urandom"/>
    <property name="os.version" value="3.10.0-957.12.2.el7.x86_64"/>
    <property name="java.endorsed.dirs" value="/usr/lib/jvm/java-1.8-openjdk/jre/lib/endorsed"/>
    <property name="java.runtime.name" value="OpenJDK Runtime Environment"/>
    <property name="file.encoding" value="UTF-8"/>
    <property name="java.vm.name" value="OpenJDK 64-Bit Server VM"/>
    <property name="test.build.webapps" value=""/>
    <property name="localRepository" value="/home/user/.m2/repository"/>
    <property name="java.vendor.url.bug" value="https://icedtea.classpath.org/bugzilla"/>
    <property name="java.io.tmpdir" value="/tmp"/>
    <property name="require.test.libhadoop" value=""/>
    <property name="java.version" value="1.8.0_212"/>
    <property name="user.dir" value="/workdir/hadoop-ozone/integration-test"/>
    <property name="os.arch" value="amd64"/>
    <property name="java.vm.specification.name" value="Java Virtual Machine Specification"/>
    <property name="test.build.classes" value="/workdir/hadoop-ozone/integration-test/target/test-classes"/>
    <property name="java.awt.printerjob" value="sun.print.PSPrinterJob"/>
    <property name="sun.os.patch.level" value="unknown"/>
    <property name="hadoop.tmp.dir" value="/workdir/hadoop-ozone/integration-test/target/tmp"/>
    <property name="java.library.path" value="/usr/lib/jvm/java-1.8-openjdk/jre/lib/amd64/server:/usr/lib/jvm/java-1.8-openjdk/jre/lib/amd64:/usr/lib/jvm/java-1.8-openjdk/jre/../lib/amd64:/workdir/hadoop-ozone/integration-test/target/native/target/usr/local/lib:/workdir/hadoop-ozone/integration-test/../../hadoop-common-project/hadoop-common/target/native/target/usr/local/lib:/usr/java/packages/lib/amd64:/usr/lib64:/lib64:/lib:/usr/lib"/>
    <property name="java.vm.info" value="mixed mode"/>
    <property name="java.vendor" value="IcedTea"/>
    <property name="java.vm.version" value="25.212-b04"/>
    <property name="java.ext.dirs" value="/usr/lib/jvm/java-1.8-openjdk/jre/lib/ext:/usr/java/packages/lib/ext"/>
    <property name="sun.io.unicode.encoding" value="UnicodeLittle"/>
    <property name="java.class.version" value="52.0"/>
  </properties>
  <testcase name="testGroupMismatchExceptionHandling" classname="org.apache.hadoop.ozone.client.rpc.TestOzoneClientRetriesOnException" time="45.978">
    <error type="java.lang.IllegalArgumentException">java.lang.IllegalArgumentException
	at com.google.common.base.Preconditions.checkArgument(Preconditions.java:72)
	at org.apache.hadoop.hdds.scm.XceiverClientManager.acquireClient(XceiverClientManager.java:150)
	at org.apache.hadoop.hdds.scm.XceiverClientManager.acquireClientForReadData(XceiverClientManager.java:143)
	at org.apache.hadoop.hdds.scm.storage.BlockInputStream.getChunkInfos(BlockInputStream.java:154)
	at org.apache.hadoop.hdds.scm.storage.BlockInputStream.initialize(BlockInputStream.java:118)
	at org.apache.hadoop.hdds.scm.storage.BlockInputStream.read(BlockInputStream.java:222)
	at org.apache.hadoop.ozone.client.io.KeyInputStream.read(KeyInputStream.java:171)
	at org.apache.hadoop.ozone.client.io.OzoneInputStream.read(OzoneInputStream.java:47)
	at java.io.InputStream.read(InputStream.java:101)
	at org.apache.hadoop.ozone.container.ContainerTestHelper.validateData(ContainerTestHelper.java:709)
	at org.apache.hadoop.ozone.client.rpc.TestOzoneClientRetriesOnException.validateData(TestOzoneClientRetriesOnException.java:231)
	at org.apache.hadoop.ozone.client.rpc.TestOzoneClientRetriesOnException.testGroupMismatchExceptionHandling(TestOzoneClientRetriesOnException.java:160)
	at sun.reflect.NativeMethodAccessorImpl.invoke0(Native Method)
	at sun.reflect.NativeMethodAccessorImpl.invoke(NativeMethodAccessorImpl.java:62)
	at sun.reflect.DelegatingMethodAccessorImpl.invoke(DelegatingMethodAccessorImpl.java:43)
	at java.lang.reflect.Method.invoke(Method.java:498)
	at org.junit.runners.model.FrameworkMethod$1.runReflectiveCall(FrameworkMethod.java:47)
	at org.junit.internal.runners.model.ReflectiveCallable.run(ReflectiveCallable.java:12)
	at org.junit.runners.model.FrameworkMethod.invokeExplosively(FrameworkMethod.java:44)
	at org.junit.internal.runners.statements.InvokeMethod.evaluate(InvokeMethod.java:17)
	at org.junit.internal.runners.statements.RunBefores.evaluate(RunBefores.java:26)
	at org.junit.internal.runners.statements.RunAfters.evaluate(RunAfters.java:27)
	at org.junit.runners.ParentRunner.runLeaf(ParentRunner.java:271)
	at org.junit.runners.BlockJUnit4ClassRunner.runChild(BlockJUnit4ClassRunner.java:70)
	at org.junit.runners.BlockJUnit4ClassRunner.runChild(BlockJUnit4ClassRunner.java:50)
	at org.junit.runners.ParentRunner$3.run(ParentRunner.java:238)
	at org.junit.runners.ParentRunner$1.schedule(ParentRunner.java:63)
	at org.junit.runners.ParentRunner.runChildren(ParentRunner.java:236)
	at org.junit.runners.ParentRunner.access$000(ParentRunner.java:53)
	at org.junit.runners.ParentRunner$2.evaluate(ParentRunner.java:229)
	at org.junit.runners.ParentRunner.run(ParentRunner.java:309)
	at org.apache.maven.surefire.junit4.JUnit4Provider.execute(JUnit4Provider.java:365)
	at org.apache.maven.surefire.junit4.JUnit4Provider.executeWithRerun(JUnit4Provider.java:273)
	at org.apache.maven.surefire.junit4.JUnit4Provider.executeTestSet(JUnit4Provider.java:238)
	at org.apache.maven.surefire.junit4.JUnit4Provider.invoke(JUnit4Provider.java:159)
	at org.apache.maven.surefire.booter.ForkedBooter.invokeProviderInSameClassLoader(ForkedBooter.java:384)
	at org.apache.maven.surefire.booter.ForkedBooter.runSuitesInProcess(ForkedBooter.java:345)
	at org.apache.maven.surefire.booter.ForkedBooter.execute(ForkedBooter.java:126)
	at org.apache.maven.surefire.booter.ForkedBooter.main(ForkedBooter.java:418)
</error>
    <system-out><![CDATA[2019-07-14 10:44:14,881 WARN  server.ServerUtils (ServerUtils.java:getScmDbDir(145)) - ozone.scm.db.dirs is not configured. We recommend adding this setting. Falling back to ozone.metadata.dirs instead.
2019-07-14 10:44:14,987 WARN  server.ServerUtils (ServerUtils.java:getScmDbDir(145)) - ozone.scm.db.dirs is not configured. We recommend adding this setting. Falling back to ozone.metadata.dirs instead.
2019-07-14 10:44:14,989 WARN  server.ServerUtils (ServerUtils.java:getScmDbDir(145)) - ozone.scm.db.dirs is not configured. We recommend adding this setting. Falling back to ozone.metadata.dirs instead.
2019-07-14 10:44:15,007 INFO  util.log (Log.java:initialized(192)) - Logging initialized @921ms
2019-07-14 10:44:15,108 INFO  db.DBStoreBuilder (DBStoreBuilder.java:addTable(110)) - using custom profile for table: deletedBlocks
2019-07-14 10:44:15,109 INFO  db.DBStoreBuilder (DBStoreBuilder.java:processTables(161)) - Using default column profile:DBProfile.DISK for Table:deletedBlocks
2019-07-14 10:44:15,109 INFO  db.DBStoreBuilder (DBStoreBuilder.java:addTable(110)) - using custom profile for table: validCerts
2019-07-14 10:44:15,109 INFO  db.DBStoreBuilder (DBStoreBuilder.java:processTables(161)) - Using default column profile:DBProfile.DISK for Table:validCerts
2019-07-14 10:44:15,110 INFO  db.DBStoreBuilder (DBStoreBuilder.java:addTable(110)) - using custom profile for table: revokedCerts
2019-07-14 10:44:15,110 INFO  db.DBStoreBuilder (DBStoreBuilder.java:processTables(161)) - Using default column profile:DBProfile.DISK for Table:revokedCerts
2019-07-14 10:44:15,130 INFO  db.DBStoreBuilder (DBStoreBuilder.java:addTable(110)) - using custom profile for table: default
2019-07-14 10:44:15,132 INFO  db.DBStoreBuilder (DBStoreBuilder.java:processTables(167)) - Using default column profile:DBProfile.DISK for Table:default
2019-07-14 10:44:15,135 INFO  db.DBStoreBuilder (DBStoreBuilder.java:getDbProfile(198)) - Using default options. DBProfile.DISK
2019-07-14 10:44:15,369 INFO  net.NodeSchemaLoader (NodeSchemaLoader.java:loadSchemaFromFile(125)) - Loading file from sun.misc.CompoundEnumeration@20ce78ec
2019-07-14 10:44:15,373 INFO  net.NodeSchemaLoader (NodeSchemaLoader.java:loadSchema(171)) - Loading network topology layer schema file
2019-07-14 10:44:15,460 WARN  server.ServerUtils (ServerUtils.java:sanitizeUserArgs(70)) - ozone.scm.stale.node.interval value = 300000 is larger than max = 100000 based on the key value of ozone.scm.heartbeat.thread.interval, reset to the max value 100000.
2019-07-14 10:44:15,461 WARN  server.ServerUtils (ServerUtils.java:sanitizeUserArgs(70)) - ozone.scm.stale.node.interval value = 300000 is larger than max = 100000 based on the key value of ozone.scm.heartbeat.thread.interval, reset to the max value 100000.
2019-07-14 10:44:15,464 INFO  node.SCMNodeManager (SCMNodeManager.java:<init>(119)) - Entering startup safe mode.
2019-07-14 10:44:15,545 WARN  server.ServerUtils (ServerUtils.java:getScmDbDir(145)) - ozone.scm.db.dirs is not configured. We recommend adding this setting. Falling back to ozone.metadata.dirs instead.
2019-07-14 10:44:15,605 INFO  pipeline.SCMPipelineManager (SCMPipelineManager.java:initializePipelineState(126)) - No pipeline exists in current db
2019-07-14 10:44:15,607 WARN  server.ServerUtils (ServerUtils.java:getScmDbDir(145)) - ozone.scm.db.dirs is not configured. We recommend adding this setting. Falling back to ozone.metadata.dirs instead.
2019-07-14 10:44:15,733 WARN  events.EventQueue (EventQueue.java:fireEvent(175)) - No event handler registered for event TypedEvent{payloadType=SafeModeStatus, name='SafeModeStatus'}
2019-07-14 10:44:16,117 INFO  ipc.CallQueueManager (CallQueueManager.java:<init>(84)) - Using callQueue: class java.util.concurrent.LinkedBlockingQueue, queueCapacity: 2000, scheduler: class org.apache.hadoop.ipc.DefaultRpcScheduler, ipcBackoff: false.
2019-07-14 10:44:16,143 INFO  ipc.Server (Server.java:run(1074)) - Starting Socket Reader #1 for port 44199
2019-07-14 10:44:16,165 INFO  ipc.CallQueueManager (CallQueueManager.java:<init>(84)) - Using callQueue: class java.util.concurrent.LinkedBlockingQueue, queueCapacity: 2000, scheduler: class org.apache.hadoop.ipc.DefaultRpcScheduler, ipcBackoff: false.
2019-07-14 10:44:16,167 INFO  ipc.Server (Server.java:run(1074)) - Starting Socket Reader #1 for port 37109
2019-07-14 10:44:16,173 INFO  ipc.CallQueueManager (CallQueueManager.java:<init>(84)) - Using callQueue: class java.util.concurrent.LinkedBlockingQueue, queueCapacity: 2000, scheduler: class org.apache.hadoop.ipc.DefaultRpcScheduler, ipcBackoff: false.
2019-07-14 10:44:16,174 INFO  ipc.Server (Server.java:run(1074)) - Starting Socket Reader #1 for port 37931
2019-07-14 10:44:16,315 INFO  hdfs.DFSUtil (DFSUtil.java:httpServerTemplateForNNAndJN(1641)) - Starting Web-server for scm at: http://0.0.0.0:0
2019-07-14 10:44:16,475 INFO  server.AuthenticationFilter (AuthenticationFilter.java:constructSecretProvider(240)) - Unable to initialize FileSignerSecretProvider, falling back to use random secrets.
2019-07-14 10:44:16,483 WARN  http.HttpRequestLog (HttpRequestLog.java:getRequestLog(97)) - Jetty request log can only be enabled using Log4j
2019-07-14 10:44:16,491 INFO  http.HttpServer2 (HttpServer2.java:addGlobalFilter(975)) - Added global filter 'safety' (class=org.apache.hadoop.http.HttpServer2$QuotingInputFilter)
2019-07-14 10:44:16,493 INFO  http.HttpServer2 (HttpServer2.java:addFilter(948)) - Added filter static_user_filter (class=org.apache.hadoop.http.lib.StaticUserWebFilter$StaticUserFilter) to context scm
2019-07-14 10:44:16,493 INFO  http.HttpServer2 (HttpServer2.java:addFilter(958)) - Added filter static_user_filter (class=org.apache.hadoop.http.lib.StaticUserWebFilter$StaticUserFilter) to context static
2019-07-14 10:44:16,494 INFO  http.HttpServer2 (HttpServer2.java:addFilter(958)) - Added filter static_user_filter (class=org.apache.hadoop.http.lib.StaticUserWebFilter$StaticUserFilter) to context logs
2019-07-14 10:44:16,522 INFO  server.StorageContainerManager (StorageContainerManager.java:start(759)) - StorageContainerLocationProtocol RPC server is listening at /0.0.0.0:37931
2019-07-14 10:44:16,583 WARN  impl.MetricsConfig (MetricsConfig.java:loadFirst(134)) - Cannot locate configuration: tried hadoop-metrics2-storagecontainermanager.properties,hadoop-metrics2.properties
2019-07-14 10:44:16,596 INFO  impl.MetricsSystemImpl (MetricsSystemImpl.java:startTimer(374)) - Scheduled Metric snapshot period at 10 second(s).
2019-07-14 10:44:16,596 INFO  impl.MetricsSystemImpl (MetricsSystemImpl.java:start(191)) - StorageContainerManager metrics system started
2019-07-14 10:44:16,844 INFO  server.SCMClientProtocolServer (SCMClientProtocolServer.java:start(149)) - RPC server for Client  is listening at /0.0.0.0:37931
2019-07-14 10:44:16,845 INFO  ipc.Server (Server.java:run(1314)) - IPC Server Responder: starting
2019-07-14 10:44:16,845 INFO  ipc.Server (Server.java:run(1153)) - IPC Server listener on 37931: starting
2019-07-14 10:44:16,850 INFO  server.StorageContainerManager (StorageContainerManager.java:start(768)) - ScmBlockLocationProtocol RPC server is listening at /0.0.0.0:37109
2019-07-14 10:44:16,850 INFO  server.SCMBlockProtocolServer (SCMBlockProtocolServer.java:start(140)) - RPC server for Block Protocol is listening at /0.0.0.0:37109
2019-07-14 10:44:16,851 INFO  ipc.Server (Server.java:run(1314)) - IPC Server Responder: starting
2019-07-14 10:44:16,851 INFO  ipc.Server (Server.java:run(1153)) - IPC Server listener on 37109: starting
2019-07-14 10:44:16,859 INFO  server.StorageContainerManager (StorageContainerManager.java:start(772)) - ScmDatanodeProtocl RPC server is listening at /0.0.0.0:44199
2019-07-14 10:44:16,859 INFO  server.SCMDatanodeProtocolServer (SCMDatanodeProtocolServer.java:start(191)) - RPC server for DataNodes is listening at /0.0.0.0:44199
2019-07-14 10:44:16,860 INFO  ipc.Server (Server.java:run(1314)) - IPC Server Responder: starting
2019-07-14 10:44:16,861 INFO  ipc.Server (Server.java:run(1153)) - IPC Server listener on 44199: starting
2019-07-14 10:44:16,874 INFO  http.HttpServer2 (HttpServer2.java:bindListener(1191)) - Jetty bound to port 39319
2019-07-14 10:44:16,876 INFO  server.Server (Server.java:doStart(351)) - jetty-9.3.24.v20180605, build timestamp: 2018-06-05T17:11:56Z, git hash: 84205aa28f11a4f31f2a3b86d1bba2cc8ab69827
2019-07-14 10:44:16,915 INFO  handler.ContextHandler (ContextHandler.java:doStart(781)) - Started o.e.j.s.ServletContextHandler@635572a7{/logs,file:///workdir/hadoop-ozone/integration-test/target/log,AVAILABLE}
2019-07-14 10:44:16,916 INFO  handler.ContextHandler (ContextHandler.java:doStart(781)) - Started o.e.j.s.ServletContextHandler@4dd02341{/static,file:///workdir/hadoop-ozone/integration-test/target/test-classes/webapps/static,AVAILABLE}
2019-07-14 10:44:16,947 INFO  handler.ContextHandler (ContextHandler.java:doStart(781)) - Started o.e.j.w.WebAppContext@6fff253c{/,file:///workdir/hadoop-ozone/integration-test/target/test-classes/webapps/scm/,AVAILABLE}{/scm}
2019-07-14 10:44:16,952 INFO  server.AbstractConnector (AbstractConnector.java:doStart(278)) - Started ServerConnector@7c041b41{HTTP/1.1,[http/1.1]}{0.0.0.0:39319}
2019-07-14 10:44:16,953 INFO  server.Server (Server.java:doStart(419)) - Started @2867ms
2019-07-14 10:44:16,954 INFO  server.BaseHttpServer (BaseHttpServer.java:updateConnectorAddress(207)) - HTTP server of SCM is listening at http://0.0.0.0:39319
2019-07-14 10:44:16,965 INFO  util.JvmPauseMonitor (JvmPauseMonitor.java:run(188)) - Starting JVM pause monitor
2019-07-14 10:44:16,970 WARN  server.ServerUtils (ServerUtils.java:getDBPath(222)) - ozone.om.db.dirs is not configured. We recommend adding this setting. Falling back to ozone.metadata.dirs instead.
2019-07-14 10:44:17,094 WARN  server.ServerUtils (ServerUtils.java:getDBPath(222)) - ozone.om.db.dirs is not configured. We recommend adding this setting. Falling back to ozone.metadata.dirs instead.
2019-07-14 10:44:17,095 INFO  om.OzoneManager (OzoneManager.java:setOMNodeDetails(630)) - OM Service ID is not set. Setting it to the default ID: omServiceIdDefault
2019-07-14 10:44:17,095 INFO  om.OzoneManager (OzoneManager.java:setOMNodeDetails(636)) - OM Node ID is not set. Setting it to the OmStorage's OmID: 19cec30f-3a5f-42f2-8f0a-c0ef460917a6
2019-07-14 10:44:17,097 INFO  om.OzoneManager (OzoneManager.java:loadOMHAConfigs(587)) - Found matching OM address with OMServiceId: null, OMNodeId: null, RPC Address: localhost:0 and Ratis port: 9872
2019-07-14 10:44:17,336 WARN  server.ServerUtils (ServerUtils.java:getDBPath(222)) - ozone.om.db.dirs is not configured. We recommend adding this setting. Falling back to ozone.metadata.dirs instead.
2019-07-14 10:44:17,348 INFO  db.DBStoreBuilder (DBStoreBuilder.java:addTable(110)) - using custom profile for table: userTable
2019-07-14 10:44:17,348 INFO  db.DBStoreBuilder (DBStoreBuilder.java:processTables(161)) - Using default column profile:DBProfile.DISK for Table:userTable
2019-07-14 10:44:17,349 INFO  db.DBStoreBuilder (DBStoreBuilder.java:addTable(110)) - using custom profile for table: volumeTable
2019-07-14 10:44:17,349 INFO  db.DBStoreBuilder (DBStoreBuilder.java:processTables(161)) - Using default column profile:DBProfile.DISK for Table:volumeTable
2019-07-14 10:44:17,350 INFO  db.DBStoreBuilder (DBStoreBuilder.java:addTable(110)) - using custom profile for table: bucketTable
2019-07-14 10:44:17,350 INFO  db.DBStoreBuilder (DBStoreBuilder.java:processTables(161)) - Using default column profile:DBProfile.DISK for Table:bucketTable
2019-07-14 10:44:17,351 INFO  db.DBStoreBuilder (DBStoreBuilder.java:addTable(110)) - using custom profile for table: keyTable
2019-07-14 10:44:17,351 INFO  db.DBStoreBuilder (DBStoreBuilder.java:processTables(161)) - Using default column profile:DBProfile.DISK for Table:keyTable
2019-07-14 10:44:17,351 INFO  db.DBStoreBuilder (DBStoreBuilder.java:addTable(110)) - using custom profile for table: deletedTable
2019-07-14 10:44:17,352 INFO  db.DBStoreBuilder (DBStoreBuilder.java:processTables(161)) - Using default column profile:DBProfile.DISK for Table:deletedTable
2019-07-14 10:44:17,352 INFO  db.DBStoreBuilder (DBStoreBuilder.java:addTable(110)) - using custom profile for table: openKeyTable
2019-07-14 10:44:17,353 INFO  db.DBStoreBuilder (DBStoreBuilder.java:processTables(161)) - Using default column profile:DBProfile.DISK for Table:openKeyTable
2019-07-14 10:44:17,354 INFO  db.DBStoreBuilder (DBStoreBuilder.java:addTable(110)) - using custom profile for table: s3Table
2019-07-14 10:44:17,354 INFO  db.DBStoreBuilder (DBStoreBuilder.java:processTables(161)) - Using default column profile:DBProfile.DISK for Table:s3Table
2019-07-14 10:44:17,354 INFO  db.DBStoreBuilder (DBStoreBuilder.java:addTable(110)) - using custom profile for table: multipartInfoTable
2019-07-14 10:44:17,355 INFO  db.DBStoreBuilder (DBStoreBuilder.java:processTables(161)) - Using default column profile:DBProfile.DISK for Table:multipartInfoTable
2019-07-14 10:44:17,355 INFO  db.DBStoreBuilder (DBStoreBuilder.java:addTable(110)) - using custom profile for table: dTokenTable
2019-07-14 10:44:17,355 INFO  db.DBStoreBuilder (DBStoreBuilder.java:processTables(161)) - Using default column profile:DBProfile.DISK for Table:dTokenTable
2019-07-14 10:44:17,356 INFO  db.DBStoreBuilder (DBStoreBuilder.java:addTable(110)) - using custom profile for table: s3SecretTable
2019-07-14 10:44:17,356 INFO  db.DBStoreBuilder (DBStoreBuilder.java:processTables(161)) - Using default column profile:DBProfile.DISK for Table:s3SecretTable
2019-07-14 10:44:17,357 INFO  db.DBStoreBuilder (DBStoreBuilder.java:addTable(110)) - using custom profile for table: prefixTable
2019-07-14 10:44:17,357 INFO  db.DBStoreBuilder (DBStoreBuilder.java:processTables(161)) - Using default column profile:DBProfile.DISK for Table:prefixTable
2019-07-14 10:44:17,358 INFO  db.DBStoreBuilder (DBStoreBuilder.java:addTable(110)) - using custom profile for table: default
2019-07-14 10:44:17,358 INFO  db.DBStoreBuilder (DBStoreBuilder.java:processTables(167)) - Using default column profile:DBProfile.DISK for Table:default
2019-07-14 10:44:17,358 INFO  db.DBStoreBuilder (DBStoreBuilder.java:getDbProfile(198)) - Using default options. DBProfile.DISK
2019-07-14 10:44:18,315 INFO  ipc.CallQueueManager (CallQueueManager.java:<init>(84)) - Using callQueue: class java.util.concurrent.LinkedBlockingQueue, queueCapacity: 2000, scheduler: class org.apache.hadoop.ipc.DefaultRpcScheduler, ipcBackoff: false.
2019-07-14 10:44:18,316 INFO  ipc.Server (Server.java:run(1074)) - Starting Socket Reader #1 for port 37679
2019-07-14 10:44:18,345 WARN  server.ServerUtils (ServerUtils.java:getDBPath(222)) - ozone.om.db.dirs is not configured. We recommend adding this setting. Falling back to ozone.metadata.dirs instead.
2019-07-14 10:44:18,346 INFO  om.OzoneManager (OzoneManager.java:start(1228)) - OzoneManager RPC server is listening at localhost/127.0.0.1:37679
2019-07-14 10:44:18,346 INFO  impl.MetricsSystemImpl (MetricsSystemImpl.java:init(158)) - OzoneManager metrics system started (again)
2019-07-14 10:44:18,348 INFO  ipc.Server (Server.java:run(1314)) - IPC Server Responder: starting
2019-07-14 10:44:18,348 INFO  ipc.Server (Server.java:run(1153)) - IPC Server listener on 37679: starting
2019-07-14 10:44:18,363 INFO  hdfs.DFSUtil (DFSUtil.java:httpServerTemplateForNNAndJN(1641)) - Starting Web-server for ozoneManager at: http://0.0.0.0:0
2019-07-14 10:44:18,365 INFO  server.AuthenticationFilter (AuthenticationFilter.java:constructSecretProvider(240)) - Unable to initialize FileSignerSecretProvider, falling back to use random secrets.
2019-07-14 10:44:18,366 WARN  http.HttpRequestLog (HttpRequestLog.java:getRequestLog(97)) - Jetty request log can only be enabled using Log4j
2019-07-14 10:44:18,369 INFO  http.HttpServer2 (HttpServer2.java:addGlobalFilter(975)) - Added global filter 'safety' (class=org.apache.hadoop.http.HttpServer2$QuotingInputFilter)
2019-07-14 10:44:18,371 INFO  http.HttpServer2 (HttpServer2.java:addFilter(948)) - Added filter static_user_filter (class=org.apache.hadoop.http.lib.StaticUserWebFilter$StaticUserFilter) to context ozoneManager
2019-07-14 10:44:18,371 INFO  http.HttpServer2 (HttpServer2.java:addFilter(958)) - Added filter static_user_filter (class=org.apache.hadoop.http.lib.StaticUserWebFilter$StaticUserFilter) to context static
2019-07-14 10:44:18,371 INFO  http.HttpServer2 (HttpServer2.java:addFilter(958)) - Added filter static_user_filter (class=org.apache.hadoop.http.lib.StaticUserWebFilter$StaticUserFilter) to context logs
2019-07-14 10:44:18,374 INFO  http.HttpServer2 (HttpServer2.java:bindListener(1191)) - Jetty bound to port 46842
2019-07-14 10:44:18,375 INFO  server.Server (Server.java:doStart(351)) - jetty-9.3.24.v20180605, build timestamp: 2018-06-05T17:11:56Z, git hash: 84205aa28f11a4f31f2a3b86d1bba2cc8ab69827
2019-07-14 10:44:18,378 INFO  handler.ContextHandler (ContextHandler.java:doStart(781)) - Started o.e.j.s.ServletContextHandler@2d0bfb24{/logs,file:///workdir/hadoop-ozone/integration-test/target/log,AVAILABLE}
2019-07-14 10:44:18,378 INFO  handler.ContextHandler (ContextHandler.java:doStart(781)) - Started o.e.j.s.ServletContextHandler@7b44b63d{/static,file:///workdir/hadoop-ozone/integration-test/target/test-classes/webapps/static,AVAILABLE}
2019-07-14 10:44:18,385 INFO  handler.ContextHandler (ContextHandler.java:doStart(781)) - Started o.e.j.w.WebAppContext@3e9803c2{/,file:///workdir/hadoop-ozone/integration-test/target/test-classes/webapps/ozoneManager/,AVAILABLE}{/ozoneManager}
2019-07-14 10:44:18,387 INFO  server.AbstractConnector (AbstractConnector.java:doStart(278)) - Started ServerConnector@4525d1d3{HTTP/1.1,[http/1.1]}{0.0.0.0:46842}
2019-07-14 10:44:18,388 INFO  server.Server (Server.java:doStart(419)) - Started @4302ms
2019-07-14 10:44:18,389 INFO  server.BaseHttpServer (BaseHttpServer.java:updateConnectorAddress(207)) - HTTP server of OZONEMANAGER is listening at http://0.0.0.0:46842
2019-07-14 10:44:18,737 INFO  impl.MetricsSystemImpl (MetricsSystemImpl.java:init(158)) - HddsDatanode metrics system started (again)
2019-07-14 10:44:18,822 INFO  ozone.HddsDatanodeService (HddsDatanodeService.java:start(185)) - HddsDatanodeService host:trunk-nightly-fxmrv-2540794721 ip:192.168.157.209
2019-07-14 10:44:18,869 INFO  volume.HddsVolume (HddsVolume.java:<init>(176)) - Creating Volume: /workdir/hadoop-ozone/integration-test/target/test-dir/MiniOzoneClusterImpl-d0d75479-cbfc-4267-8062-a3c34fb2ee67/datanode-0/data/containers/hdds of  storage type : DISK and capacity : 52710309888
2019-07-14 10:44:18,872 INFO  volume.VolumeSet (VolumeSet.java:initializeVolumeSet(170)) - Added Volume : /workdir/hadoop-ozone/integration-test/target/test-dir/MiniOzoneClusterImpl-d0d75479-cbfc-4267-8062-a3c34fb2ee67/datanode-0/data/containers/hdds to VolumeSet
2019-07-14 10:44:18,876 INFO  volume.ThrottledAsyncChecker (ThrottledAsyncChecker.java:schedule(140)) - Scheduling a check for org.apache.hadoop.ozone.container.common.volume.HddsVolume@59546cfe
2019-07-14 10:44:18,899 INFO  volume.HddsVolumeChecker (HddsVolumeChecker.java:checkAllVolumes(203)) - Scheduled health check for volume org.apache.hadoop.ozone.container.common.volume.HddsVolume@59546cfe
2019-07-14 10:44:19,037 INFO  impl.RaftServerProxy (ConfUtils.java:logGet(43)) - raft.rpc.type = GRPC (default)
2019-07-14 10:44:19,104 INFO  grpc.GrpcFactory (GrpcFactory.java:checkPooledByteBufAllocatorUseCacheForAllThreads(45)) - PERFORMANCE WARNING: useCacheForAllThreads is true that may cause Netty to create a lot garbage objects and, as a result, trigger GC.
	It is recommended to disable useCacheForAllThreads by setting -Dorg.apache.ratis.thirdparty.io.netty.allocator.useCacheForAllThreads=false in command line.
2019-07-14 10:44:19,109 INFO  grpc.GrpcConfigKeys$Server (ConfUtils.java:logGet(43)) - raft.grpc.server.port = 0 (default)
2019-07-14 10:44:19,110 INFO  server.GrpcService (ConfUtils.java:logGet(43)) - raft.grpc.message.size.max = 33570816 (custom)
2019-07-14 10:44:19,111 INFO  server.RaftServerConfigKeys (ConfUtils.java:logGet(43)) - raft.server.log.appender.buffer.byte-limit = 33554432 (custom)
2019-07-14 10:44:19,112 INFO  server.GrpcService (ConfUtils.java:logGet(43)) - raft.grpc.flow.control.window = 1MB (=1048576) (default)
2019-07-14 10:44:19,113 INFO  server.RaftServerConfigKeys (ConfUtils.java:logGet(43)) - raft.server.rpc.request.timeout = 3000ms (default)
2019-07-14 10:44:19,274 INFO  server.RaftServerConfigKeys (ConfUtils.java:logGet(43)) - raft.server.storage.dir = [/workdir/hadoop-ozone/integration-test/target/test-dir/MiniOzoneClusterImpl-d0d75479-cbfc-4267-8062-a3c34fb2ee67/datanode-0/data/ratis] (custom)
2019-07-14 10:44:19,311 INFO  replication.SimpleContainerDownloader (SimpleContainerDownloader.java:<init>(72)) - Starting container downloader service to copy containers to replicate.
2019-07-14 10:44:19,324 INFO  hdfs.DFSUtil (DFSUtil.java:httpServerTemplateForNNAndJN(1641)) - Starting Web-server for hddsDatanode at: http://0.0.0.0:0
2019-07-14 10:44:19,328 INFO  server.AuthenticationFilter (AuthenticationFilter.java:constructSecretProvider(240)) - Unable to initialize FileSignerSecretProvider, falling back to use random secrets.
2019-07-14 10:44:19,329 WARN  http.HttpRequestLog (HttpRequestLog.java:getRequestLog(97)) - Jetty request log can only be enabled using Log4j
2019-07-14 10:44:19,333 INFO  http.HttpServer2 (HttpServer2.java:addGlobalFilter(975)) - Added global filter 'safety' (class=org.apache.hadoop.http.HttpServer2$QuotingInputFilter)
2019-07-14 10:44:19,335 INFO  http.HttpServer2 (HttpServer2.java:addFilter(948)) - Added filter static_user_filter (class=org.apache.hadoop.http.lib.StaticUserWebFilter$StaticUserFilter) to context hddsDatanode
2019-07-14 10:44:19,335 INFO  http.HttpServer2 (HttpServer2.java:addFilter(958)) - Added filter static_user_filter (class=org.apache.hadoop.http.lib.StaticUserWebFilter$StaticUserFilter) to context static
2019-07-14 10:44:19,336 INFO  http.HttpServer2 (HttpServer2.java:addFilter(958)) - Added filter static_user_filter (class=org.apache.hadoop.http.lib.StaticUserWebFilter$StaticUserFilter) to context logs
2019-07-14 10:44:19,338 INFO  http.HttpServer2 (HttpServer2.java:bindListener(1191)) - Jetty bound to port 35536
2019-07-14 10:44:19,339 INFO  server.Server (Server.java:doStart(351)) - jetty-9.3.24.v20180605, build timestamp: 2018-06-05T17:11:56Z, git hash: 84205aa28f11a4f31f2a3b86d1bba2cc8ab69827
2019-07-14 10:44:19,342 INFO  handler.ContextHandler (ContextHandler.java:doStart(781)) - Started o.e.j.s.ServletContextHandler@36cc9385{/logs,file:///workdir/hadoop-ozone/integration-test/target/log,AVAILABLE}
2019-07-14 10:44:19,343 INFO  handler.ContextHandler (ContextHandler.java:doStart(781)) - Started o.e.j.s.ServletContextHandler@7915bca3{/static,jar:file:/home/user/.m2/repository/org/apache/hadoop/hadoop-hdds-container-service/0.5.0-SNAPSHOT/hadoop-hdds-container-service-0.5.0-SNAPSHOT.jar!/webapps/static,AVAILABLE}
2019-07-14 10:44:19,392 INFO  handler.ContextHandler (ContextHandler.java:doStart(781)) - Started o.e.j.w.WebAppContext@37e0292a{/,file:///tmp/jetty-0.0.0.0-35536-hddsDatanode-_-any-3182143102111453911.dir/webapp/,AVAILABLE}{/hddsDatanode}
2019-07-14 10:44:19,393 INFO  server.AbstractConnector (AbstractConnector.java:doStart(278)) - Started ServerConnector@4af70944{HTTP/1.1,[http/1.1]}{0.0.0.0:35536}
2019-07-14 10:44:19,394 INFO  server.Server (Server.java:doStart(419)) - Started @5308ms
2019-07-14 10:44:19,396 INFO  server.BaseHttpServer (BaseHttpServer.java:updateConnectorAddress(207)) - HTTP server of HDDSDATANODE is listening at http://0.0.0.0:35536
2019-07-14 10:44:20,643 INFO  ozone.HddsDatanodeService (HddsDatanodeService.java:startPlugins(396)) - Started plug-in org.apache.hadoop.ozone.web.OzoneHddsDatanodeService@b4732dc
2019-07-14 10:44:20,645 INFO  impl.MetricsSystemImpl (MetricsSystemImpl.java:init(158)) - HddsDatanode metrics system started (again)
2019-07-14 10:44:20,647 INFO  ozone.HddsDatanodeService (HddsDatanodeService.java:start(185)) - HddsDatanodeService host:trunk-nightly-fxmrv-2540794721 ip:192.168.157.209
2019-07-14 10:44:20,653 INFO  util.JvmPauseMonitor (JvmPauseMonitor.java:run(188)) - Starting JVM pause monitor
2019-07-14 10:44:20,660 INFO  volume.HddsVolume (HddsVolume.java:<init>(176)) - Creating Volume: /workdir/hadoop-ozone/integration-test/target/test-dir/MiniOzoneClusterImpl-d0d75479-cbfc-4267-8062-a3c34fb2ee67/datanode-1/data/containers/hdds of  storage type : DISK and capacity : 52710309888
2019-07-14 10:44:20,661 INFO  volume.VolumeSet (VolumeSet.java:initializeVolumeSet(170)) - Added Volume : /workdir/hadoop-ozone/integration-test/target/test-dir/MiniOzoneClusterImpl-d0d75479-cbfc-4267-8062-a3c34fb2ee67/datanode-1/data/containers/hdds to VolumeSet
2019-07-14 10:44:20,662 INFO  volume.ThrottledAsyncChecker (ThrottledAsyncChecker.java:schedule(140)) - Scheduling a check for org.apache.hadoop.ozone.container.common.volume.HddsVolume@778a1250
2019-07-14 10:44:20,664 INFO  volume.HddsVolumeChecker (HddsVolumeChecker.java:checkAllVolumes(203)) - Scheduled health check for volume org.apache.hadoop.ozone.container.common.volume.HddsVolume@778a1250
2019-07-14 10:44:20,690 INFO  impl.RaftServerProxy (ConfUtils.java:logGet(43)) - raft.rpc.type = GRPC (default)
2019-07-14 10:44:20,690 INFO  grpc.GrpcFactory (GrpcFactory.java:checkPooledByteBufAllocatorUseCacheForAllThreads(45)) - PERFORMANCE WARNING: useCacheForAllThreads is true that may cause Netty to create a lot garbage objects and, as a result, trigger GC.
	It is recommended to disable useCacheForAllThreads by setting -Dorg.apache.ratis.thirdparty.io.netty.allocator.useCacheForAllThreads=false in command line.
2019-07-14 10:44:20,690 INFO  grpc.GrpcConfigKeys$Server (ConfUtils.java:logGet(43)) - raft.grpc.server.port = 0 (default)
2019-07-14 10:44:20,691 INFO  server.GrpcService (ConfUtils.java:logGet(43)) - raft.grpc.message.size.max = 33570816 (custom)
2019-07-14 10:44:20,691 INFO  server.RaftServerConfigKeys (ConfUtils.java:logGet(43)) - raft.server.log.appender.buffer.byte-limit = 33554432 (custom)
2019-07-14 10:44:20,691 INFO  server.GrpcService (ConfUtils.java:logGet(43)) - raft.grpc.flow.control.window = 1MB (=1048576) (default)
2019-07-14 10:44:20,692 INFO  server.RaftServerConfigKeys (ConfUtils.java:logGet(43)) - raft.server.rpc.request.timeout = 3000ms (default)
2019-07-14 10:44:20,692 INFO  server.RaftServerConfigKeys (ConfUtils.java:logGet(43)) - raft.server.storage.dir = [/workdir/hadoop-ozone/integration-test/target/test-dir/MiniOzoneClusterImpl-d0d75479-cbfc-4267-8062-a3c34fb2ee67/datanode-1/data/ratis] (custom)
2019-07-14 10:44:20,693 INFO  replication.SimpleContainerDownloader (SimpleContainerDownloader.java:<init>(72)) - Starting container downloader service to copy containers to replicate.
2019-07-14 10:44:20,695 INFO  hdfs.DFSUtil (DFSUtil.java:httpServerTemplateForNNAndJN(1641)) - Starting Web-server for hddsDatanode at: http://0.0.0.0:0
2019-07-14 10:44:20,697 INFO  server.AuthenticationFilter (AuthenticationFilter.java:constructSecretProvider(240)) - Unable to initialize FileSignerSecretProvider, falling back to use random secrets.
2019-07-14 10:44:20,698 WARN  http.HttpRequestLog (HttpRequestLog.java:getRequestLog(97)) - Jetty request log can only be enabled using Log4j
2019-07-14 10:44:20,700 INFO  http.HttpServer2 (HttpServer2.java:addGlobalFilter(975)) - Added global filter 'safety' (class=org.apache.hadoop.http.HttpServer2$QuotingInputFilter)
2019-07-14 10:44:20,701 INFO  http.HttpServer2 (HttpServer2.java:addFilter(948)) - Added filter static_user_filter (class=org.apache.hadoop.http.lib.StaticUserWebFilter$StaticUserFilter) to context hddsDatanode
2019-07-14 10:44:20,701 INFO  http.HttpServer2 (HttpServer2.java:addFilter(958)) - Added filter static_user_filter (class=org.apache.hadoop.http.lib.StaticUserWebFilter$StaticUserFilter) to context static
2019-07-14 10:44:20,701 INFO  http.HttpServer2 (HttpServer2.java:addFilter(958)) - Added filter static_user_filter (class=org.apache.hadoop.http.lib.StaticUserWebFilter$StaticUserFilter) to context logs
2019-07-14 10:44:20,702 INFO  http.HttpServer2 (HttpServer2.java:bindListener(1191)) - Jetty bound to port 38367
2019-07-14 10:44:20,703 INFO  server.Server (Server.java:doStart(351)) - jetty-9.3.24.v20180605, build timestamp: 2018-06-05T17:11:56Z, git hash: 84205aa28f11a4f31f2a3b86d1bba2cc8ab69827
2019-07-14 10:44:20,706 INFO  handler.ContextHandler (ContextHandler.java:doStart(781)) - Started o.e.j.s.ServletContextHandler@359066bc{/logs,file:///workdir/hadoop-ozone/integration-test/target/log,AVAILABLE}
2019-07-14 10:44:20,707 INFO  handler.ContextHandler (ContextHandler.java:doStart(781)) - Started o.e.j.s.ServletContextHandler@364fd4ae{/static,jar:file:/home/user/.m2/repository/org/apache/hadoop/hadoop-hdds-container-service/0.5.0-SNAPSHOT/hadoop-hdds-container-service-0.5.0-SNAPSHOT.jar!/webapps/static,AVAILABLE}
2019-07-14 10:44:20,741 INFO  handler.ContextHandler (ContextHandler.java:doStart(781)) - Started o.e.j.w.WebAppContext@2e1eb85f{/,file:///tmp/jetty-0.0.0.0-38367-hddsDatanode-_-any-5819712644176712886.dir/webapp/,AVAILABLE}{/hddsDatanode}
2019-07-14 10:44:20,742 INFO  server.AbstractConnector (AbstractConnector.java:doStart(278)) - Started ServerConnector@ea7a4c3{HTTP/1.1,[http/1.1]}{0.0.0.0:38367}
2019-07-14 10:44:20,744 INFO  server.Server (Server.java:doStart(419)) - Started @6657ms
2019-07-14 10:44:20,745 INFO  server.BaseHttpServer (BaseHttpServer.java:updateConnectorAddress(207)) - HTTP server of HDDSDATANODE is listening at http://0.0.0.0:38367
2019-07-14 10:44:20,786 INFO  datanode.InitDatanodeState (InitDatanodeState.java:persistContainerDatanodeDetails(140)) - DatanodeDetails is persisted to /workdir/hadoop-ozone/integration-test/target/test-dir/MiniOzoneClusterImpl-d0d75479-cbfc-4267-8062-a3c34fb2ee67/datanode-0/meta/datanode.id
2019-07-14 10:44:20,937 INFO  ozone.HddsDatanodeService (HddsDatanodeService.java:startPlugins(396)) - Started plug-in org.apache.hadoop.ozone.web.OzoneHddsDatanodeService@5729b410
2019-07-14 10:44:20,937 INFO  impl.MetricsSystemImpl (MetricsSystemImpl.java:init(158)) - HddsDatanode metrics system started (again)
2019-07-14 10:44:20,939 INFO  ozone.HddsDatanodeService (HddsDatanodeService.java:start(185)) - HddsDatanodeService host:trunk-nightly-fxmrv-2540794721 ip:192.168.157.209
2019-07-14 10:44:20,940 INFO  util.JvmPauseMonitor (JvmPauseMonitor.java:run(188)) - Starting JVM pause monitor
2019-07-14 10:44:20,950 INFO  volume.HddsVolume (HddsVolume.java:<init>(176)) - Creating Volume: /workdir/hadoop-ozone/integration-test/target/test-dir/MiniOzoneClusterImpl-d0d75479-cbfc-4267-8062-a3c34fb2ee67/datanode-2/data/containers/hdds of  storage type : DISK and capacity : 52710309888
2019-07-14 10:44:20,950 INFO  volume.VolumeSet (VolumeSet.java:initializeVolumeSet(170)) - Added Volume : /workdir/hadoop-ozone/integration-test/target/test-dir/MiniOzoneClusterImpl-d0d75479-cbfc-4267-8062-a3c34fb2ee67/datanode-2/data/containers/hdds to VolumeSet
2019-07-14 10:44:20,951 INFO  volume.ThrottledAsyncChecker (ThrottledAsyncChecker.java:schedule(140)) - Scheduling a check for org.apache.hadoop.ozone.container.common.volume.HddsVolume@52b959df
2019-07-14 10:44:20,951 INFO  volume.HddsVolumeChecker (HddsVolumeChecker.java:checkAllVolumes(203)) - Scheduled health check for volume org.apache.hadoop.ozone.container.common.volume.HddsVolume@52b959df
2019-07-14 10:44:20,952 INFO  datanode.InitDatanodeState (InitDatanodeState.java:persistContainerDatanodeDetails(140)) - DatanodeDetails is persisted to /workdir/hadoop-ozone/integration-test/target/test-dir/MiniOzoneClusterImpl-d0d75479-cbfc-4267-8062-a3c34fb2ee67/datanode-1/meta/datanode.id
2019-07-14 10:44:20,970 INFO  impl.RaftServerProxy (ConfUtils.java:logGet(43)) - raft.rpc.type = GRPC (default)
2019-07-14 10:44:20,970 INFO  grpc.GrpcFactory (GrpcFactory.java:checkPooledByteBufAllocatorUseCacheForAllThreads(45)) - PERFORMANCE WARNING: useCacheForAllThreads is true that may cause Netty to create a lot garbage objects and, as a result, trigger GC.
	It is recommended to disable useCacheForAllThreads by setting -Dorg.apache.ratis.thirdparty.io.netty.allocator.useCacheForAllThreads=false in command line.
2019-07-14 10:44:20,970 INFO  grpc.GrpcConfigKeys$Server (ConfUtils.java:logGet(43)) - raft.grpc.server.port = 0 (default)
2019-07-14 10:44:20,971 INFO  server.GrpcService (ConfUtils.java:logGet(43)) - raft.grpc.message.size.max = 33570816 (custom)
2019-07-14 10:44:20,971 INFO  server.RaftServerConfigKeys (ConfUtils.java:logGet(43)) - raft.server.log.appender.buffer.byte-limit = 33554432 (custom)
2019-07-14 10:44:20,971 INFO  server.GrpcService (ConfUtils.java:logGet(43)) - raft.grpc.flow.control.window = 1MB (=1048576) (default)
2019-07-14 10:44:20,971 INFO  server.RaftServerConfigKeys (ConfUtils.java:logGet(43)) - raft.server.rpc.request.timeout = 3000ms (default)
2019-07-14 10:44:20,972 INFO  server.RaftServerConfigKeys (ConfUtils.java:logGet(43)) - raft.server.storage.dir = [/workdir/hadoop-ozone/integration-test/target/test-dir/MiniOzoneClusterImpl-d0d75479-cbfc-4267-8062-a3c34fb2ee67/datanode-2/data/ratis] (custom)
2019-07-14 10:44:20,973 INFO  replication.SimpleContainerDownloader (SimpleContainerDownloader.java:<init>(72)) - Starting container downloader service to copy containers to replicate.
2019-07-14 10:44:20,974 INFO  hdfs.DFSUtil (DFSUtil.java:httpServerTemplateForNNAndJN(1641)) - Starting Web-server for hddsDatanode at: http://0.0.0.0:0
2019-07-14 10:44:20,976 INFO  server.AuthenticationFilter (AuthenticationFilter.java:constructSecretProvider(240)) - Unable to initialize FileSignerSecretProvider, falling back to use random secrets.
2019-07-14 10:44:20,976 WARN  http.HttpRequestLog (HttpRequestLog.java:getRequestLog(97)) - Jetty request log can only be enabled using Log4j
2019-07-14 10:44:20,978 INFO  http.HttpServer2 (HttpServer2.java:addGlobalFilter(975)) - Added global filter 'safety' (class=org.apache.hadoop.http.HttpServer2$QuotingInputFilter)
2019-07-14 10:44:20,979 INFO  http.HttpServer2 (HttpServer2.java:addFilter(948)) - Added filter static_user_filter (class=org.apache.hadoop.http.lib.StaticUserWebFilter$StaticUserFilter) to context hddsDatanode
2019-07-14 10:44:20,979 INFO  http.HttpServer2 (HttpServer2.java:addFilter(958)) - Added filter static_user_filter (class=org.apache.hadoop.http.lib.StaticUserWebFilter$StaticUserFilter) to context static
2019-07-14 10:44:20,979 INFO  http.HttpServer2 (HttpServer2.java:addFilter(958)) - Added filter static_user_filter (class=org.apache.hadoop.http.lib.StaticUserWebFilter$StaticUserFilter) to context logs
2019-07-14 10:44:20,980 INFO  http.HttpServer2 (HttpServer2.java:bindListener(1191)) - Jetty bound to port 41546
2019-07-14 10:44:20,980 INFO  server.Server (Server.java:doStart(351)) - jetty-9.3.24.v20180605, build timestamp: 2018-06-05T17:11:56Z, git hash: 84205aa28f11a4f31f2a3b86d1bba2cc8ab69827
2019-07-14 10:44:20,982 INFO  handler.ContextHandler (ContextHandler.java:doStart(781)) - Started o.e.j.s.ServletContextHandler@631c6d11{/logs,file:///workdir/hadoop-ozone/integration-test/target/log,AVAILABLE}
2019-07-14 10:44:20,983 INFO  handler.ContextHandler (ContextHandler.java:doStart(781)) - Started o.e.j.s.ServletContextHandler@62ade015{/static,jar:file:/home/user/.m2/repository/org/apache/hadoop/hadoop-hdds-container-service/0.5.0-SNAPSHOT/hadoop-hdds-container-service-0.5.0-SNAPSHOT.jar!/webapps/static,AVAILABLE}
2019-07-14 10:44:21,017 INFO  handler.ContextHandler (ContextHandler.java:doStart(781)) - Started o.e.j.w.WebAppContext@7197b07f{/,file:///tmp/jetty-0.0.0.0-41546-hddsDatanode-_-any-885981254225028655.dir/webapp/,AVAILABLE}{/hddsDatanode}
2019-07-14 10:44:21,017 INFO  server.AbstractConnector (AbstractConnector.java:doStart(278)) - Started ServerConnector@1f10fec6{HTTP/1.1,[http/1.1]}{0.0.0.0:41546}
2019-07-14 10:44:21,018 INFO  server.Server (Server.java:doStart(419)) - Started @6932ms
2019-07-14 10:44:21,020 INFO  server.BaseHttpServer (BaseHttpServer.java:updateConnectorAddress(207)) - HTTP server of HDDSDATANODE is listening at http://0.0.0.0:41546
2019-07-14 10:44:21,207 INFO  ozone.HddsDatanodeService (HddsDatanodeService.java:startPlugins(396)) - Started plug-in org.apache.hadoop.ozone.web.OzoneHddsDatanodeService@7436364d
2019-07-14 10:44:21,208 INFO  impl.MetricsSystemImpl (MetricsSystemImpl.java:init(158)) - HddsDatanode metrics system started (again)
2019-07-14 10:44:21,210 INFO  ozone.HddsDatanodeService (HddsDatanodeService.java:start(185)) - HddsDatanodeService host:trunk-nightly-fxmrv-2540794721 ip:192.168.157.209
2019-07-14 10:44:21,212 INFO  util.JvmPauseMonitor (JvmPauseMonitor.java:run(188)) - Starting JVM pause monitor
2019-07-14 10:44:21,215 INFO  datanode.InitDatanodeState (InitDatanodeState.java:persistContainerDatanodeDetails(140)) - DatanodeDetails is persisted to /workdir/hadoop-ozone/integration-test/target/test-dir/MiniOzoneClusterImpl-d0d75479-cbfc-4267-8062-a3c34fb2ee67/datanode-2/meta/datanode.id
2019-07-14 10:44:21,218 INFO  volume.HddsVolume (HddsVolume.java:<init>(176)) - Creating Volume: /workdir/hadoop-ozone/integration-test/target/test-dir/MiniOzoneClusterImpl-d0d75479-cbfc-4267-8062-a3c34fb2ee67/datanode-3/data/containers/hdds of  storage type : DISK and capacity : 52710309888
2019-07-14 10:44:21,219 INFO  volume.VolumeSet (VolumeSet.java:initializeVolumeSet(170)) - Added Volume : /workdir/hadoop-ozone/integration-test/target/test-dir/MiniOzoneClusterImpl-d0d75479-cbfc-4267-8062-a3c34fb2ee67/datanode-3/data/containers/hdds to VolumeSet
2019-07-14 10:44:21,219 INFO  volume.ThrottledAsyncChecker (ThrottledAsyncChecker.java:schedule(140)) - Scheduling a check for org.apache.hadoop.ozone.container.common.volume.HddsVolume@517704
2019-07-14 10:44:21,220 INFO  volume.HddsVolumeChecker (HddsVolumeChecker.java:checkAllVolumes(203)) - Scheduled health check for volume org.apache.hadoop.ozone.container.common.volume.HddsVolume@517704
2019-07-14 10:44:21,239 INFO  impl.RaftServerProxy (ConfUtils.java:logGet(43)) - raft.rpc.type = GRPC (default)
2019-07-14 10:44:21,239 INFO  grpc.GrpcFactory (GrpcFactory.java:checkPooledByteBufAllocatorUseCacheForAllThreads(45)) - PERFORMANCE WARNING: useCacheForAllThreads is true that may cause Netty to create a lot garbage objects and, as a result, trigger GC.
	It is recommended to disable useCacheForAllThreads by setting -Dorg.apache.ratis.thirdparty.io.netty.allocator.useCacheForAllThreads=false in command line.
2019-07-14 10:44:21,240 INFO  grpc.GrpcConfigKeys$Server (ConfUtils.java:logGet(43)) - raft.grpc.server.port = 0 (default)
2019-07-14 10:44:21,240 INFO  server.GrpcService (ConfUtils.java:logGet(43)) - raft.grpc.message.size.max = 33570816 (custom)
2019-07-14 10:44:21,240 INFO  server.RaftServerConfigKeys (ConfUtils.java:logGet(43)) - raft.server.log.appender.buffer.byte-limit = 33554432 (custom)
2019-07-14 10:44:21,241 INFO  server.GrpcService (ConfUtils.java:logGet(43)) - raft.grpc.flow.control.window = 1MB (=1048576) (default)
2019-07-14 10:44:21,241 INFO  server.RaftServerConfigKeys (ConfUtils.java:logGet(43)) - raft.server.rpc.request.timeout = 3000ms (default)
2019-07-14 10:44:21,241 INFO  server.RaftServerConfigKeys (ConfUtils.java:logGet(43)) - raft.server.storage.dir = [/workdir/hadoop-ozone/integration-test/target/test-dir/MiniOzoneClusterImpl-d0d75479-cbfc-4267-8062-a3c34fb2ee67/datanode-3/data/ratis] (custom)
2019-07-14 10:44:21,242 INFO  replication.SimpleContainerDownloader (SimpleContainerDownloader.java:<init>(72)) - Starting container downloader service to copy containers to replicate.
2019-07-14 10:44:21,243 INFO  hdfs.DFSUtil (DFSUtil.java:httpServerTemplateForNNAndJN(1641)) - Starting Web-server for hddsDatanode at: http://0.0.0.0:0
2019-07-14 10:44:21,245 INFO  server.AuthenticationFilter (AuthenticationFilter.java:constructSecretProvider(240)) - Unable to initialize FileSignerSecretProvider, falling back to use random secrets.
2019-07-14 10:44:21,246 WARN  http.HttpRequestLog (HttpRequestLog.java:getRequestLog(97)) - Jetty request log can only be enabled using Log4j
2019-07-14 10:44:21,248 INFO  http.HttpServer2 (HttpServer2.java:addGlobalFilter(975)) - Added global filter 'safety' (class=org.apache.hadoop.http.HttpServer2$QuotingInputFilter)
2019-07-14 10:44:21,248 INFO  http.HttpServer2 (HttpServer2.java:addFilter(948)) - Added filter static_user_filter (class=org.apache.hadoop.http.lib.StaticUserWebFilter$StaticUserFilter) to context hddsDatanode
2019-07-14 10:44:21,248 INFO  http.HttpServer2 (HttpServer2.java:addFilter(958)) - Added filter static_user_filter (class=org.apache.hadoop.http.lib.StaticUserWebFilter$StaticUserFilter) to context static
2019-07-14 10:44:21,249 INFO  http.HttpServer2 (HttpServer2.java:addFilter(958)) - Added filter static_user_filter (class=org.apache.hadoop.http.lib.StaticUserWebFilter$StaticUserFilter) to context logs
2019-07-14 10:44:21,250 INFO  http.HttpServer2 (HttpServer2.java:bindListener(1191)) - Jetty bound to port 37411
2019-07-14 10:44:21,250 INFO  server.Server (Server.java:doStart(351)) - jetty-9.3.24.v20180605, build timestamp: 2018-06-05T17:11:56Z, git hash: 84205aa28f11a4f31f2a3b86d1bba2cc8ab69827
2019-07-14 10:44:21,254 INFO  handler.ContextHandler (ContextHandler.java:doStart(781)) - Started o.e.j.s.ServletContextHandler@1e30db85{/logs,file:///workdir/hadoop-ozone/integration-test/target/log,AVAILABLE}
2019-07-14 10:44:21,255 INFO  handler.ContextHandler (ContextHandler.java:doStart(781)) - Started o.e.j.s.ServletContextHandler@cc9ef8d{/static,jar:file:/home/user/.m2/repository/org/apache/hadoop/hadoop-hdds-container-service/0.5.0-SNAPSHOT/hadoop-hdds-container-service-0.5.0-SNAPSHOT.jar!/webapps/static,AVAILABLE}
2019-07-14 10:44:21,286 INFO  handler.ContextHandler (ContextHandler.java:doStart(781)) - Started o.e.j.w.WebAppContext@6a2d867d{/,file:///tmp/jetty-0.0.0.0-37411-hddsDatanode-_-any-6306198401116819300.dir/webapp/,AVAILABLE}{/hddsDatanode}
2019-07-14 10:44:21,286 INFO  server.AbstractConnector (AbstractConnector.java:doStart(278)) - Started ServerConnector@73bb1337{HTTP/1.1,[http/1.1]}{0.0.0.0:37411}
2019-07-14 10:44:21,287 INFO  server.Server (Server.java:doStart(419)) - Started @7201ms
2019-07-14 10:44:21,288 INFO  server.BaseHttpServer (BaseHttpServer.java:updateConnectorAddress(207)) - HTTP server of HDDSDATANODE is listening at http://0.0.0.0:37411
2019-07-14 10:44:21,392 INFO  ozone.HddsDatanodeService (HddsDatanodeService.java:startPlugins(396)) - Started plug-in org.apache.hadoop.ozone.web.OzoneHddsDatanodeService@65da01f4
2019-07-14 10:44:21,393 INFO  impl.MetricsSystemImpl (MetricsSystemImpl.java:init(158)) - HddsDatanode metrics system started (again)
2019-07-14 10:44:21,394 INFO  ozone.HddsDatanodeService (HddsDatanodeService.java:start(185)) - HddsDatanodeService host:trunk-nightly-fxmrv-2540794721 ip:192.168.157.209
2019-07-14 10:44:21,397 INFO  util.JvmPauseMonitor (JvmPauseMonitor.java:run(188)) - Starting JVM pause monitor
2019-07-14 10:44:21,400 INFO  datanode.InitDatanodeState (InitDatanodeState.java:persistContainerDatanodeDetails(140)) - DatanodeDetails is persisted to /workdir/hadoop-ozone/integration-test/target/test-dir/MiniOzoneClusterImpl-d0d75479-cbfc-4267-8062-a3c34fb2ee67/datanode-3/meta/datanode.id
2019-07-14 10:44:21,403 INFO  volume.HddsVolume (HddsVolume.java:<init>(176)) - Creating Volume: /workdir/hadoop-ozone/integration-test/target/test-dir/MiniOzoneClusterImpl-d0d75479-cbfc-4267-8062-a3c34fb2ee67/datanode-4/data/containers/hdds of  storage type : DISK and capacity : 52710309888
2019-07-14 10:44:21,403 INFO  volume.VolumeSet (VolumeSet.java:initializeVolumeSet(170)) - Added Volume : /workdir/hadoop-ozone/integration-test/target/test-dir/MiniOzoneClusterImpl-d0d75479-cbfc-4267-8062-a3c34fb2ee67/datanode-4/data/containers/hdds to VolumeSet
2019-07-14 10:44:21,403 INFO  volume.ThrottledAsyncChecker (ThrottledAsyncChecker.java:schedule(140)) - Scheduling a check for org.apache.hadoop.ozone.container.common.volume.HddsVolume@6b2fdffc
2019-07-14 10:44:21,403 INFO  volume.HddsVolumeChecker (HddsVolumeChecker.java:checkAllVolumes(203)) - Scheduled health check for volume org.apache.hadoop.ozone.container.common.volume.HddsVolume@6b2fdffc
2019-07-14 10:44:21,417 INFO  impl.RaftServerProxy (ConfUtils.java:logGet(43)) - raft.rpc.type = GRPC (default)
2019-07-14 10:44:21,417 INFO  grpc.GrpcFactory (GrpcFactory.java:checkPooledByteBufAllocatorUseCacheForAllThreads(45)) - PERFORMANCE WARNING: useCacheForAllThreads is true that may cause Netty to create a lot garbage objects and, as a result, trigger GC.
	It is recommended to disable useCacheForAllThreads by setting -Dorg.apache.ratis.thirdparty.io.netty.allocator.useCacheForAllThreads=false in command line.
2019-07-14 10:44:21,417 INFO  grpc.GrpcConfigKeys$Server (ConfUtils.java:logGet(43)) - raft.grpc.server.port = 0 (default)
2019-07-14 10:44:21,417 INFO  server.GrpcService (ConfUtils.java:logGet(43)) - raft.grpc.message.size.max = 33570816 (custom)
2019-07-14 10:44:21,418 INFO  server.RaftServerConfigKeys (ConfUtils.java:logGet(43)) - raft.server.log.appender.buffer.byte-limit = 33554432 (custom)
2019-07-14 10:44:21,418 INFO  server.GrpcService (ConfUtils.java:logGet(43)) - raft.grpc.flow.control.window = 1MB (=1048576) (default)
2019-07-14 10:44:21,418 INFO  server.RaftServerConfigKeys (ConfUtils.java:logGet(43)) - raft.server.rpc.request.timeout = 3000ms (default)
2019-07-14 10:44:21,419 INFO  server.RaftServerConfigKeys (ConfUtils.java:logGet(43)) - raft.server.storage.dir = [/workdir/hadoop-ozone/integration-test/target/test-dir/MiniOzoneClusterImpl-d0d75479-cbfc-4267-8062-a3c34fb2ee67/datanode-4/data/ratis] (custom)
2019-07-14 10:44:21,419 INFO  replication.SimpleContainerDownloader (SimpleContainerDownloader.java:<init>(72)) - Starting container downloader service to copy containers to replicate.
2019-07-14 10:44:21,420 INFO  hdfs.DFSUtil (DFSUtil.java:httpServerTemplateForNNAndJN(1641)) - Starting Web-server for hddsDatanode at: http://0.0.0.0:0
2019-07-14 10:44:21,421 INFO  server.AuthenticationFilter (AuthenticationFilter.java:constructSecretProvider(240)) - Unable to initialize FileSignerSecretProvider, falling back to use random secrets.
2019-07-14 10:44:21,422 WARN  http.HttpRequestLog (HttpRequestLog.java:getRequestLog(97)) - Jetty request log can only be enabled using Log4j
2019-07-14 10:44:21,423 INFO  http.HttpServer2 (HttpServer2.java:addGlobalFilter(975)) - Added global filter 'safety' (class=org.apache.hadoop.http.HttpServer2$QuotingInputFilter)
2019-07-14 10:44:21,423 INFO  http.HttpServer2 (HttpServer2.java:addFilter(948)) - Added filter static_user_filter (class=org.apache.hadoop.http.lib.StaticUserWebFilter$StaticUserFilter) to context hddsDatanode
2019-07-14 10:44:21,423 INFO  http.HttpServer2 (HttpServer2.java:addFilter(958)) - Added filter static_user_filter (class=org.apache.hadoop.http.lib.StaticUserWebFilter$StaticUserFilter) to context logs
2019-07-14 10:44:21,424 INFO  http.HttpServer2 (HttpServer2.java:addFilter(958)) - Added filter static_user_filter (class=org.apache.hadoop.http.lib.StaticUserWebFilter$StaticUserFilter) to context static
2019-07-14 10:44:21,424 INFO  http.HttpServer2 (HttpServer2.java:bindListener(1191)) - Jetty bound to port 34167
2019-07-14 10:44:21,424 INFO  server.Server (Server.java:doStart(351)) - jetty-9.3.24.v20180605, build timestamp: 2018-06-05T17:11:56Z, git hash: 84205aa28f11a4f31f2a3b86d1bba2cc8ab69827
2019-07-14 10:44:21,427 INFO  handler.ContextHandler (ContextHandler.java:doStart(781)) - Started o.e.j.s.ServletContextHandler@615db358{/logs,file:///workdir/hadoop-ozone/integration-test/target/log,AVAILABLE}
2019-07-14 10:44:21,427 INFO  handler.ContextHandler (ContextHandler.java:doStart(781)) - Started o.e.j.s.ServletContextHandler@5fef0c19{/static,jar:file:/home/user/.m2/repository/org/apache/hadoop/hadoop-hdds-container-service/0.5.0-SNAPSHOT/hadoop-hdds-container-service-0.5.0-SNAPSHOT.jar!/webapps/static,AVAILABLE}
2019-07-14 10:44:21,450 INFO  handler.ContextHandler (ContextHandler.java:doStart(781)) - Started o.e.j.w.WebAppContext@367d34c0{/,file:///tmp/jetty-0.0.0.0-34167-hddsDatanode-_-any-1313978755524317049.dir/webapp/,AVAILABLE}{/hddsDatanode}
2019-07-14 10:44:21,451 INFO  server.AbstractConnector (AbstractConnector.java:doStart(278)) - Started ServerConnector@4ce25e47{HTTP/1.1,[http/1.1]}{0.0.0.0:34167}
2019-07-14 10:44:21,452 INFO  server.Server (Server.java:doStart(419)) - Started @7366ms
2019-07-14 10:44:21,452 INFO  server.BaseHttpServer (BaseHttpServer.java:updateConnectorAddress(207)) - HTTP server of HDDSDATANODE is listening at http://0.0.0.0:34167
2019-07-14 10:44:21,560 INFO  ozone.HddsDatanodeService (HddsDatanodeService.java:startPlugins(396)) - Started plug-in org.apache.hadoop.ozone.web.OzoneHddsDatanodeService@15d236fd
2019-07-14 10:44:21,561 INFO  impl.MetricsSystemImpl (MetricsSystemImpl.java:init(158)) - HddsDatanode metrics system started (again)
2019-07-14 10:44:21,562 INFO  ozone.HddsDatanodeService (HddsDatanodeService.java:start(185)) - HddsDatanodeService host:trunk-nightly-fxmrv-2540794721 ip:192.168.157.209
2019-07-14 10:44:21,564 INFO  util.JvmPauseMonitor (JvmPauseMonitor.java:run(188)) - Starting JVM pause monitor
2019-07-14 10:44:21,566 INFO  datanode.InitDatanodeState (InitDatanodeState.java:persistContainerDatanodeDetails(140)) - DatanodeDetails is persisted to /workdir/hadoop-ozone/integration-test/target/test-dir/MiniOzoneClusterImpl-d0d75479-cbfc-4267-8062-a3c34fb2ee67/datanode-4/meta/datanode.id
2019-07-14 10:44:21,570 INFO  volume.HddsVolume (HddsVolume.java:<init>(176)) - Creating Volume: /workdir/hadoop-ozone/integration-test/target/test-dir/MiniOzoneClusterImpl-d0d75479-cbfc-4267-8062-a3c34fb2ee67/datanode-5/data/containers/hdds of  storage type : DISK and capacity : 52710309888
2019-07-14 10:44:21,570 INFO  volume.VolumeSet (VolumeSet.java:initializeVolumeSet(170)) - Added Volume : /workdir/hadoop-ozone/integration-test/target/test-dir/MiniOzoneClusterImpl-d0d75479-cbfc-4267-8062-a3c34fb2ee67/datanode-5/data/containers/hdds to VolumeSet
2019-07-14 10:44:21,571 INFO  volume.ThrottledAsyncChecker (ThrottledAsyncChecker.java:schedule(140)) - Scheduling a check for org.apache.hadoop.ozone.container.common.volume.HddsVolume@33eb0d4
2019-07-14 10:44:21,571 INFO  volume.HddsVolumeChecker (HddsVolumeChecker.java:checkAllVolumes(203)) - Scheduled health check for volume org.apache.hadoop.ozone.container.common.volume.HddsVolume@33eb0d4
2019-07-14 10:44:21,590 INFO  impl.RaftServerProxy (ConfUtils.java:logGet(43)) - raft.rpc.type = GRPC (default)
2019-07-14 10:44:21,591 INFO  grpc.GrpcFactory (GrpcFactory.java:checkPooledByteBufAllocatorUseCacheForAllThreads(45)) - PERFORMANCE WARNING: useCacheForAllThreads is true that may cause Netty to create a lot garbage objects and, as a result, trigger GC.
	It is recommended to disable useCacheForAllThreads by setting -Dorg.apache.ratis.thirdparty.io.netty.allocator.useCacheForAllThreads=false in command line.
2019-07-14 10:44:21,591 INFO  grpc.GrpcConfigKeys$Server (ConfUtils.java:logGet(43)) - raft.grpc.server.port = 0 (default)
2019-07-14 10:44:21,591 INFO  server.GrpcService (ConfUtils.java:logGet(43)) - raft.grpc.message.size.max = 33570816 (custom)
2019-07-14 10:44:21,592 INFO  server.RaftServerConfigKeys (ConfUtils.java:logGet(43)) - raft.server.log.appender.buffer.byte-limit = 33554432 (custom)
2019-07-14 10:44:21,592 INFO  server.GrpcService (ConfUtils.java:logGet(43)) - raft.grpc.flow.control.window = 1MB (=1048576) (default)
2019-07-14 10:44:21,592 INFO  server.RaftServerConfigKeys (ConfUtils.java:logGet(43)) - raft.server.rpc.request.timeout = 3000ms (default)
2019-07-14 10:44:21,593 INFO  server.RaftServerConfigKeys (ConfUtils.java:logGet(43)) - raft.server.storage.dir = [/workdir/hadoop-ozone/integration-test/target/test-dir/MiniOzoneClusterImpl-d0d75479-cbfc-4267-8062-a3c34fb2ee67/datanode-5/data/ratis] (custom)
2019-07-14 10:44:21,594 INFO  replication.SimpleContainerDownloader (SimpleContainerDownloader.java:<init>(72)) - Starting container downloader service to copy containers to replicate.
2019-07-14 10:44:21,595 INFO  hdfs.DFSUtil (DFSUtil.java:httpServerTemplateForNNAndJN(1641)) - Starting Web-server for hddsDatanode at: http://0.0.0.0:0
2019-07-14 10:44:21,596 INFO  server.AuthenticationFilter (AuthenticationFilter.java:constructSecretProvider(240)) - Unable to initialize FileSignerSecretProvider, falling back to use random secrets.
2019-07-14 10:44:21,597 WARN  http.HttpRequestLog (HttpRequestLog.java:getRequestLog(97)) - Jetty request log can only be enabled using Log4j
2019-07-14 10:44:21,598 INFO  http.HttpServer2 (HttpServer2.java:addGlobalFilter(975)) - Added global filter 'safety' (class=org.apache.hadoop.http.HttpServer2$QuotingInputFilter)
2019-07-14 10:44:21,599 INFO  http.HttpServer2 (HttpServer2.java:addFilter(948)) - Added filter static_user_filter (class=org.apache.hadoop.http.lib.StaticUserWebFilter$StaticUserFilter) to context hddsDatanode
2019-07-14 10:44:21,599 INFO  http.HttpServer2 (HttpServer2.java:addFilter(958)) - Added filter static_user_filter (class=org.apache.hadoop.http.lib.StaticUserWebFilter$StaticUserFilter) to context static
2019-07-14 10:44:21,599 INFO  http.HttpServer2 (HttpServer2.java:addFilter(958)) - Added filter static_user_filter (class=org.apache.hadoop.http.lib.StaticUserWebFilter$StaticUserFilter) to context logs
2019-07-14 10:44:21,600 INFO  http.HttpServer2 (HttpServer2.java:bindListener(1191)) - Jetty bound to port 34255
2019-07-14 10:44:21,600 INFO  server.Server (Server.java:doStart(351)) - jetty-9.3.24.v20180605, build timestamp: 2018-06-05T17:11:56Z, git hash: 84205aa28f11a4f31f2a3b86d1bba2cc8ab69827
2019-07-14 10:44:21,602 INFO  handler.ContextHandler (ContextHandler.java:doStart(781)) - Started o.e.j.s.ServletContextHandler@6885ed19{/logs,file:///workdir/hadoop-ozone/integration-test/target/log,AVAILABLE}
2019-07-14 10:44:21,602 INFO  handler.ContextHandler (ContextHandler.java:doStart(781)) - Started o.e.j.s.ServletContextHandler@2d4a3e13{/static,jar:file:/home/user/.m2/repository/org/apache/hadoop/hadoop-hdds-container-service/0.5.0-SNAPSHOT/hadoop-hdds-container-service-0.5.0-SNAPSHOT.jar!/webapps/static,AVAILABLE}
2019-07-14 10:44:21,628 INFO  handler.ContextHandler (ContextHandler.java:doStart(781)) - Started o.e.j.w.WebAppContext@561f9d92{/,file:///tmp/jetty-0.0.0.0-34255-hddsDatanode-_-any-368120533761430712.dir/webapp/,AVAILABLE}{/hddsDatanode}
2019-07-14 10:44:21,630 INFO  server.AbstractConnector (AbstractConnector.java:doStart(278)) - Started ServerConnector@1c84d80a{HTTP/1.1,[http/1.1]}{0.0.0.0:34255}
2019-07-14 10:44:21,630 INFO  server.Server (Server.java:doStart(419)) - Started @7544ms
2019-07-14 10:44:21,631 INFO  server.BaseHttpServer (BaseHttpServer.java:updateConnectorAddress(207)) - HTTP server of HDDSDATANODE is listening at http://0.0.0.0:34255
2019-07-14 10:44:21,730 INFO  ozone.HddsDatanodeService (HddsDatanodeService.java:startPlugins(396)) - Started plug-in org.apache.hadoop.ozone.web.OzoneHddsDatanodeService@16f15ae9
2019-07-14 10:44:21,731 INFO  impl.MetricsSystemImpl (MetricsSystemImpl.java:init(158)) - HddsDatanode metrics system started (again)
2019-07-14 10:44:21,732 INFO  ozone.HddsDatanodeService (HddsDatanodeService.java:start(185)) - HddsDatanodeService host:trunk-nightly-fxmrv-2540794721 ip:192.168.157.209
2019-07-14 10:44:21,734 INFO  util.JvmPauseMonitor (JvmPauseMonitor.java:run(188)) - Starting JVM pause monitor
2019-07-14 10:44:21,737 INFO  datanode.InitDatanodeState (InitDatanodeState.java:persistContainerDatanodeDetails(140)) - DatanodeDetails is persisted to /workdir/hadoop-ozone/integration-test/target/test-dir/MiniOzoneClusterImpl-d0d75479-cbfc-4267-8062-a3c34fb2ee67/datanode-5/meta/datanode.id
2019-07-14 10:44:21,741 INFO  volume.HddsVolume (HddsVolume.java:<init>(176)) - Creating Volume: /workdir/hadoop-ozone/integration-test/target/test-dir/MiniOzoneClusterImpl-d0d75479-cbfc-4267-8062-a3c34fb2ee67/datanode-6/data/containers/hdds of  storage type : DISK and capacity : 52710309888
2019-07-14 10:44:21,741 INFO  volume.VolumeSet (VolumeSet.java:initializeVolumeSet(170)) - Added Volume : /workdir/hadoop-ozone/integration-test/target/test-dir/MiniOzoneClusterImpl-d0d75479-cbfc-4267-8062-a3c34fb2ee67/datanode-6/data/containers/hdds to VolumeSet
2019-07-14 10:44:21,741 INFO  volume.ThrottledAsyncChecker (ThrottledAsyncChecker.java:schedule(140)) - Scheduling a check for org.apache.hadoop.ozone.container.common.volume.HddsVolume@2b79c8ff
2019-07-14 10:44:21,742 INFO  volume.HddsVolumeChecker (HddsVolumeChecker.java:checkAllVolumes(203)) - Scheduled health check for volume org.apache.hadoop.ozone.container.common.volume.HddsVolume@2b79c8ff
2019-07-14 10:44:21,806 INFO  impl.RaftServerProxy (ConfUtils.java:logGet(43)) - raft.rpc.type = GRPC (default)
2019-07-14 10:44:21,806 INFO  grpc.GrpcFactory (GrpcFactory.java:checkPooledByteBufAllocatorUseCacheForAllThreads(45)) - PERFORMANCE WARNING: useCacheForAllThreads is true that may cause Netty to create a lot garbage objects and, as a result, trigger GC.
	It is recommended to disable useCacheForAllThreads by setting -Dorg.apache.ratis.thirdparty.io.netty.allocator.useCacheForAllThreads=false in command line.
2019-07-14 10:44:21,807 INFO  grpc.GrpcConfigKeys$Server (ConfUtils.java:logGet(43)) - raft.grpc.server.port = 0 (default)
2019-07-14 10:44:21,807 INFO  server.GrpcService (ConfUtils.java:logGet(43)) - raft.grpc.message.size.max = 33570816 (custom)
2019-07-14 10:44:21,807 INFO  server.RaftServerConfigKeys (ConfUtils.java:logGet(43)) - raft.server.log.appender.buffer.byte-limit = 33554432 (custom)
2019-07-14 10:44:21,809 INFO  server.GrpcService (ConfUtils.java:logGet(43)) - raft.grpc.flow.control.window = 1MB (=1048576) (default)
2019-07-14 10:44:21,811 INFO  server.RaftServerConfigKeys (ConfUtils.java:logGet(43)) - raft.server.rpc.request.timeout = 3000ms (default)
2019-07-14 10:44:21,821 INFO  server.RaftServerConfigKeys (ConfUtils.java:logGet(43)) - raft.server.storage.dir = [/workdir/hadoop-ozone/integration-test/target/test-dir/MiniOzoneClusterImpl-d0d75479-cbfc-4267-8062-a3c34fb2ee67/datanode-6/data/ratis] (custom)
2019-07-14 10:44:21,822 INFO  replication.SimpleContainerDownloader (SimpleContainerDownloader.java:<init>(72)) - Starting container downloader service to copy containers to replicate.
2019-07-14 10:44:21,824 INFO  hdfs.DFSUtil (DFSUtil.java:httpServerTemplateForNNAndJN(1641)) - Starting Web-server for hddsDatanode at: http://0.0.0.0:0
2019-07-14 10:44:21,826 INFO  server.AuthenticationFilter (AuthenticationFilter.java:constructSecretProvider(240)) - Unable to initialize FileSignerSecretProvider, falling back to use random secrets.
2019-07-14 10:44:21,826 WARN  http.HttpRequestLog (HttpRequestLog.java:getRequestLog(97)) - Jetty request log can only be enabled using Log4j
2019-07-14 10:44:21,828 INFO  http.HttpServer2 (HttpServer2.java:addGlobalFilter(975)) - Added global filter 'safety' (class=org.apache.hadoop.http.HttpServer2$QuotingInputFilter)
2019-07-14 10:44:21,828 INFO  http.HttpServer2 (HttpServer2.java:addFilter(948)) - Added filter static_user_filter (class=org.apache.hadoop.http.lib.StaticUserWebFilter$StaticUserFilter) to context hddsDatanode
2019-07-14 10:44:21,828 INFO  http.HttpServer2 (HttpServer2.java:addFilter(958)) - Added filter static_user_filter (class=org.apache.hadoop.http.lib.StaticUserWebFilter$StaticUserFilter) to context logs
2019-07-14 10:44:21,829 INFO  http.HttpServer2 (HttpServer2.java:addFilter(958)) - Added filter static_user_filter (class=org.apache.hadoop.http.lib.StaticUserWebFilter$StaticUserFilter) to context static
2019-07-14 10:44:21,829 INFO  http.HttpServer2 (HttpServer2.java:bindListener(1191)) - Jetty bound to port 46843
2019-07-14 10:44:21,830 INFO  server.Server (Server.java:doStart(351)) - jetty-9.3.24.v20180605, build timestamp: 2018-06-05T17:11:56Z, git hash: 84205aa28f11a4f31f2a3b86d1bba2cc8ab69827
2019-07-14 10:44:21,832 INFO  handler.ContextHandler (ContextHandler.java:doStart(781)) - Started o.e.j.s.ServletContextHandler@6568f998{/logs,file:///workdir/hadoop-ozone/integration-test/target/log,AVAILABLE}
2019-07-14 10:44:21,832 INFO  handler.ContextHandler (ContextHandler.java:doStart(781)) - Started o.e.j.s.ServletContextHandler@782fd504{/static,jar:file:/home/user/.m2/repository/org/apache/hadoop/hadoop-hdds-container-service/0.5.0-SNAPSHOT/hadoop-hdds-container-service-0.5.0-SNAPSHOT.jar!/webapps/static,AVAILABLE}
2019-07-14 10:44:21,863 INFO  handler.ContextHandler (ContextHandler.java:doStart(781)) - Started o.e.j.w.WebAppContext@418f0534{/,file:///tmp/jetty-0.0.0.0-46843-hddsDatanode-_-any-307560649930124972.dir/webapp/,AVAILABLE}{/hddsDatanode}
2019-07-14 10:44:21,864 INFO  server.AbstractConnector (AbstractConnector.java:doStart(278)) - Started ServerConnector@3dfd7eaa{HTTP/1.1,[http/1.1]}{0.0.0.0:46843}
2019-07-14 10:44:21,864 INFO  server.Server (Server.java:doStart(419)) - Started @7779ms
2019-07-14 10:44:21,865 INFO  server.BaseHttpServer (BaseHttpServer.java:updateConnectorAddress(207)) - HTTP server of HDDSDATANODE is listening at http://0.0.0.0:46843
2019-07-14 10:44:21,966 INFO  ozone.HddsDatanodeService (HddsDatanodeService.java:startPlugins(396)) - Started plug-in org.apache.hadoop.ozone.web.OzoneHddsDatanodeService@28e7bb31
2019-07-14 10:44:21,969 INFO  ozone.MiniOzoneClusterImpl (MiniOzoneClusterImpl.java:lambda$waitForClusterToBeReady$0(142)) - Waiting for cluster to be ready. Got 0 of 7 DN Heartbeats.
2019-07-14 10:44:21,970 INFO  util.JvmPauseMonitor (JvmPauseMonitor.java:run(188)) - Starting JVM pause monitor
2019-07-14 10:44:21,972 INFO  datanode.InitDatanodeState (InitDatanodeState.java:persistContainerDatanodeDetails(140)) - DatanodeDetails is persisted to /workdir/hadoop-ozone/integration-test/target/test-dir/MiniOzoneClusterImpl-d0d75479-cbfc-4267-8062-a3c34fb2ee67/datanode-6/meta/datanode.id
2019-07-14 10:44:22,715 INFO  ozoneimpl.OzoneContainer (OzoneContainer.java:start(186)) - Attempting to start container services.
2019-07-14 10:44:22,717 INFO  ozoneimpl.OzoneContainer (OzoneContainer.java:startContainerScrub(160)) - Background container scrubber has been disabled by hdds.containerscrub.enabled
2019-07-14 10:44:22,717 INFO  ratis.XceiverServerRatis (XceiverServerRatis.java:start(418)) - Starting XceiverServerRatis c7d10479-3d5f-4018-8d1a-d6ec9a3ad4d5 at port 0
2019-07-14 10:44:22,740 INFO  impl.RaftServerProxy (RaftServerProxy.java:lambda$start$3(299)) - c7d10479-3d5f-4018-8d1a-d6ec9a3ad4d5: start RPC server
2019-07-14 10:44:22,865 INFO  server.GrpcService (GrpcService.java:startImpl(149)) - c7d10479-3d5f-4018-8d1a-d6ec9a3ad4d5: GrpcService started, listening on 0.0.0.0/0.0.0.0:44214
2019-07-14 10:44:22,866 INFO  ratis.XceiverServerRatis (XceiverServerRatis.java:start(428)) - XceiverServerRatis c7d10479-3d5f-4018-8d1a-d6ec9a3ad4d5 is started using port 44214
2019-07-14 10:44:22,869 INFO  server.XceiverServerGrpc (XceiverServerGrpc.java:start(161)) - XceiverServerGrpc c7d10479-3d5f-4018-8d1a-d6ec9a3ad4d5 is started using port 39181
2019-07-14 10:44:22,957 INFO  ozoneimpl.OzoneContainer (OzoneContainer.java:start(186)) - Attempting to start container services.
2019-07-14 10:44:22,960 INFO  ozoneimpl.OzoneContainer (OzoneContainer.java:startContainerScrub(160)) - Background container scrubber has been disabled by hdds.containerscrub.enabled
2019-07-14 10:44:22,961 INFO  ratis.XceiverServerRatis (XceiverServerRatis.java:start(418)) - Starting XceiverServerRatis ff375dc0-9cb5-45d1-bd28-e2fef21c954c at port 0
2019-07-14 10:44:22,969 INFO  ozone.MiniOzoneClusterImpl (MiniOzoneClusterImpl.java:lambda$waitForClusterToBeReady$0(142)) - Waiting for cluster to be ready. Got 0 of 7 DN Heartbeats.
2019-07-14 10:44:22,971 INFO  impl.RaftServerProxy (RaftServerProxy.java:lambda$start$3(299)) - ff375dc0-9cb5-45d1-bd28-e2fef21c954c: start RPC server
2019-07-14 10:44:22,974 INFO  server.GrpcService (GrpcService.java:startImpl(149)) - ff375dc0-9cb5-45d1-bd28-e2fef21c954c: GrpcService started, listening on 0.0.0.0/0.0.0.0:40178
2019-07-14 10:44:22,974 INFO  ratis.XceiverServerRatis (XceiverServerRatis.java:start(428)) - XceiverServerRatis ff375dc0-9cb5-45d1-bd28-e2fef21c954c is started using port 40178
2019-07-14 10:44:22,977 INFO  server.XceiverServerGrpc (XceiverServerGrpc.java:start(161)) - XceiverServerGrpc ff375dc0-9cb5-45d1-bd28-e2fef21c954c is started using port 36084
2019-07-14 10:44:23,231 INFO  ozoneimpl.OzoneContainer (OzoneContainer.java:start(186)) - Attempting to start container services.
2019-07-14 10:44:23,237 INFO  ozoneimpl.OzoneContainer (OzoneContainer.java:startContainerScrub(160)) - Background container scrubber has been disabled by hdds.containerscrub.enabled
2019-07-14 10:44:23,237 INFO  ratis.XceiverServerRatis (XceiverServerRatis.java:start(418)) - Starting XceiverServerRatis ccbd68d9-77a2-4857-9d3b-9ab097a27f9f at port 0
2019-07-14 10:44:23,246 INFO  impl.RaftServerProxy (RaftServerProxy.java:lambda$start$3(299)) - ccbd68d9-77a2-4857-9d3b-9ab097a27f9f: start RPC server
2019-07-14 10:44:23,250 INFO  server.GrpcService (GrpcService.java:startImpl(149)) - ccbd68d9-77a2-4857-9d3b-9ab097a27f9f: GrpcService started, listening on 0.0.0.0/0.0.0.0:45953
2019-07-14 10:44:23,250 INFO  ratis.XceiverServerRatis (XceiverServerRatis.java:start(428)) - XceiverServerRatis ccbd68d9-77a2-4857-9d3b-9ab097a27f9f is started using port 45953
2019-07-14 10:44:23,253 INFO  server.XceiverServerGrpc (XceiverServerGrpc.java:start(161)) - XceiverServerGrpc ccbd68d9-77a2-4857-9d3b-9ab097a27f9f is started using port 41993
2019-07-14 10:44:23,413 INFO  ozoneimpl.OzoneContainer (OzoneContainer.java:start(186)) - Attempting to start container services.
2019-07-14 10:44:23,413 INFO  ozoneimpl.OzoneContainer (OzoneContainer.java:startContainerScrub(160)) - Background container scrubber has been disabled by hdds.containerscrub.enabled
2019-07-14 10:44:23,413 INFO  ratis.XceiverServerRatis (XceiverServerRatis.java:start(418)) - Starting XceiverServerRatis c8598515-65c5-4bb9-bfb5-ce6a9d9d28f6 at port 0
2019-07-14 10:44:23,424 INFO  impl.RaftServerProxy (RaftServerProxy.java:lambda$start$3(299)) - c8598515-65c5-4bb9-bfb5-ce6a9d9d28f6: start RPC server
2019-07-14 10:44:23,428 INFO  server.GrpcService (GrpcService.java:startImpl(149)) - c8598515-65c5-4bb9-bfb5-ce6a9d9d28f6: GrpcService started, listening on 0.0.0.0/0.0.0.0:35669
2019-07-14 10:44:23,428 INFO  ratis.XceiverServerRatis (XceiverServerRatis.java:start(428)) - XceiverServerRatis c8598515-65c5-4bb9-bfb5-ce6a9d9d28f6 is started using port 35669
2019-07-14 10:44:23,431 INFO  server.XceiverServerGrpc (XceiverServerGrpc.java:start(161)) - XceiverServerGrpc c8598515-65c5-4bb9-bfb5-ce6a9d9d28f6 is started using port 40242
2019-07-14 10:44:23,581 INFO  ozoneimpl.OzoneContainer (OzoneContainer.java:start(186)) - Attempting to start container services.
2019-07-14 10:44:23,581 INFO  ozoneimpl.OzoneContainer (OzoneContainer.java:startContainerScrub(160)) - Background container scrubber has been disabled by hdds.containerscrub.enabled
2019-07-14 10:44:23,581 INFO  ratis.XceiverServerRatis (XceiverServerRatis.java:start(418)) - Starting XceiverServerRatis eb62a69c-ba0e-428c-befd-cb4e748e66ff at port 0
2019-07-14 10:44:23,593 INFO  impl.RaftServerProxy (RaftServerProxy.java:lambda$start$3(299)) - eb62a69c-ba0e-428c-befd-cb4e748e66ff: start RPC server
2019-07-14 10:44:23,597 INFO  server.GrpcService (GrpcService.java:startImpl(149)) - eb62a69c-ba0e-428c-befd-cb4e748e66ff: GrpcService started, listening on 0.0.0.0/0.0.0.0:41245
2019-07-14 10:44:23,597 INFO  ratis.XceiverServerRatis (XceiverServerRatis.java:start(428)) - XceiverServerRatis eb62a69c-ba0e-428c-befd-cb4e748e66ff is started using port 41245
2019-07-14 10:44:23,601 INFO  server.XceiverServerGrpc (XceiverServerGrpc.java:start(161)) - XceiverServerGrpc eb62a69c-ba0e-428c-befd-cb4e748e66ff is started using port 42429
2019-07-14 10:44:23,750 INFO  ozoneimpl.OzoneContainer (OzoneContainer.java:start(186)) - Attempting to start container services.
2019-07-14 10:44:23,750 INFO  ozoneimpl.OzoneContainer (OzoneContainer.java:startContainerScrub(160)) - Background container scrubber has been disabled by hdds.containerscrub.enabled
2019-07-14 10:44:23,750 INFO  ratis.XceiverServerRatis (XceiverServerRatis.java:start(418)) - Starting XceiverServerRatis 06ba8222-4d2c-4c23-8038-17270b72c5f0 at port 0
2019-07-14 10:44:23,759 INFO  impl.RaftServerProxy (RaftServerProxy.java:lambda$start$3(299)) - 06ba8222-4d2c-4c23-8038-17270b72c5f0: start RPC server
2019-07-14 10:44:23,764 INFO  server.GrpcService (GrpcService.java:startImpl(149)) - 06ba8222-4d2c-4c23-8038-17270b72c5f0: GrpcService started, listening on 0.0.0.0/0.0.0.0:42209
2019-07-14 10:44:23,764 INFO  ratis.XceiverServerRatis (XceiverServerRatis.java:start(428)) - XceiverServerRatis 06ba8222-4d2c-4c23-8038-17270b72c5f0 is started using port 42209
2019-07-14 10:44:23,767 INFO  server.XceiverServerGrpc (XceiverServerGrpc.java:start(161)) - XceiverServerGrpc 06ba8222-4d2c-4c23-8038-17270b72c5f0 is started using port 43856
2019-07-14 10:44:23,970 INFO  ozone.MiniOzoneClusterImpl (MiniOzoneClusterImpl.java:lambda$waitForClusterToBeReady$0(142)) - Waiting for cluster to be ready. Got 0 of 7 DN Heartbeats.
2019-07-14 10:44:23,988 INFO  ozoneimpl.OzoneContainer (OzoneContainer.java:start(186)) - Attempting to start container services.
2019-07-14 10:44:23,989 INFO  ozoneimpl.OzoneContainer (OzoneContainer.java:startContainerScrub(160)) - Background container scrubber has been disabled by hdds.containerscrub.enabled
2019-07-14 10:44:23,989 INFO  ratis.XceiverServerRatis (XceiverServerRatis.java:start(418)) - Starting XceiverServerRatis 1cecd33d-bb15-4021-8928-f4e4bf07f303 at port 0
2019-07-14 10:44:23,998 INFO  impl.RaftServerProxy (RaftServerProxy.java:lambda$start$3(299)) - 1cecd33d-bb15-4021-8928-f4e4bf07f303: start RPC server
2019-07-14 10:44:24,001 INFO  server.GrpcService (GrpcService.java:startImpl(149)) - 1cecd33d-bb15-4021-8928-f4e4bf07f303: GrpcService started, listening on 0.0.0.0/0.0.0.0:39898
2019-07-14 10:44:24,002 INFO  ratis.XceiverServerRatis (XceiverServerRatis.java:start(428)) - XceiverServerRatis 1cecd33d-bb15-4021-8928-f4e4bf07f303 is started using port 39898
2019-07-14 10:44:24,004 INFO  server.XceiverServerGrpc (XceiverServerGrpc.java:start(161)) - XceiverServerGrpc 1cecd33d-bb15-4021-8928-f4e4bf07f303 is started using port 36267
2019-07-14 10:44:24,702 INFO  net.NetworkTopology (NetworkTopologyImpl.java:add(110)) - Added a new node: /default-rack/192.168.157.209
2019-07-14 10:44:24,702 INFO  node.SCMNodeManager (SCMNodeManager.java:register(269)) - Registered Data node : c7d10479-3d5f-4018-8d1a-d6ec9a3ad4d5{ip: 192.168.157.209, host: trunk-nightly-fxmrv-2540794721, networkLocation: /default-rack, certSerialId: null}
2019-07-14 10:44:24,711 INFO  safemode.SCMSafeModeManager (DataNodeSafeModeRule.java:process(71)) - SCM in safe mode. 1 DataNodes registered, 1 required.
2019-07-14 10:44:24,711 INFO  safemode.SCMSafeModeManager (SCMSafeModeManager.java:validateSafeModeExitRules(177)) - ScmSafeModeManager, all rules are successfully validated
2019-07-14 10:44:24,711 INFO  safemode.SCMSafeModeManager (SCMSafeModeManager.java:exitSafeMode(193)) - SCM exiting safe mode.
2019-07-14 10:44:24,948 INFO  node.SCMNodeManager (SCMNodeManager.java:register(269)) - Registered Data node : ff375dc0-9cb5-45d1-bd28-e2fef21c954c{ip: 192.168.157.209, host: trunk-nightly-fxmrv-2540794721, networkLocation: /default-rack, certSerialId: null}
2019-07-14 10:44:24,973 INFO  ozone.MiniOzoneClusterImpl (MiniOzoneClusterImpl.java:lambda$waitForClusterToBeReady$0(142)) - Waiting for cluster to be ready. Got 2 of 7 DN Heartbeats.
2019-07-14 10:44:25,217 INFO  node.SCMNodeManager (SCMNodeManager.java:register(269)) - Registered Data node : ccbd68d9-77a2-4857-9d3b-9ab097a27f9f{ip: 192.168.157.209, host: trunk-nightly-fxmrv-2540794721, networkLocation: /default-rack, certSerialId: null}
2019-07-14 10:44:25,683 INFO  node.SCMNodeManager (SCMNodeManager.java:register(269)) - Registered Data node : c8598515-65c5-4bb9-bfb5-ce6a9d9d28f6{ip: 192.168.157.209, host: trunk-nightly-fxmrv-2540794721, networkLocation: /default-rack, certSerialId: null}
2019-07-14 10:44:25,683 INFO  node.SCMNodeManager (SCMNodeManager.java:register(269)) - Registered Data node : eb62a69c-ba0e-428c-befd-cb4e748e66ff{ip: 192.168.157.209, host: trunk-nightly-fxmrv-2540794721, networkLocation: /default-rack, certSerialId: null}
2019-07-14 10:44:25,716 INFO  impl.RaftServerProxy (RaftServerProxy.java:addNew(89)) - c7d10479-3d5f-4018-8d1a-d6ec9a3ad4d5: addNew group-37D800DB2D92:[c7d10479-3d5f-4018-8d1a-d6ec9a3ad4d5:192.168.157.209:44214] returns group-37D800DB2D92:java.util.concurrent.CompletableFuture@24b364dc[Not completed]
2019-07-14 10:44:25,736 INFO  node.SCMNodeManager (SCMNodeManager.java:register(269)) - Registered Data node : 06ba8222-4d2c-4c23-8038-17270b72c5f0{ip: 192.168.157.209, host: trunk-nightly-fxmrv-2540794721, networkLocation: /default-rack, certSerialId: null}
2019-07-14 10:44:25,737 INFO  impl.RaftServerImpl (RaftServerImpl.java:<init>(93)) - c7d10479-3d5f-4018-8d1a-d6ec9a3ad4d5: new RaftServerImpl for group-37D800DB2D92:[c7d10479-3d5f-4018-8d1a-d6ec9a3ad4d5:192.168.157.209:44214] with ContainerStateMachine:uninitialized
2019-07-14 10:44:25,740 INFO  server.RaftServerConfigKeys (ConfUtils.java:logGet(43)) - raft.server.rpc.timeout.min = 5s (custom)
2019-07-14 10:44:25,741 INFO  server.RaftServerConfigKeys (ConfUtils.java:logGet(43)) - raft.server.rpc.timeout.max = 5200ms (custom)
2019-07-14 10:44:25,742 INFO  server.RaftServerConfigKeys (ConfUtils.java:logGet(43)) - raft.server.rpcslowness.timeout = 120s (custom)
2019-07-14 10:44:25,742 INFO  server.RaftServerConfigKeys (ConfUtils.java:logGet(43)) - raft.server.sleep.deviation.threshold = 300 (default)
2019-07-14 10:44:25,743 INFO  server.RaftServerConfigKeys (ConfUtils.java:logGet(43)) - raft.server.log.appender.install.snapshot.enabled = false (custom)
2019-07-14 10:44:25,754 INFO  impl.RaftServerImpl (ServerState.java:<init>(105)) - c7d10479-3d5f-4018-8d1a-d6ec9a3ad4d5:group-37D800DB2D92 ConfigurationManager, init=-1: [c7d10479-3d5f-4018-8d1a-d6ec9a3ad4d5:192.168.157.209:44214], old=null, confs=<EMPTY_MAP>
2019-07-14 10:44:25,755 INFO  server.RaftServerConfigKeys (ConfUtils.java:logGet(43)) - raft.server.storage.dir = [/workdir/hadoop-ozone/integration-test/target/test-dir/MiniOzoneClusterImpl-d0d75479-cbfc-4267-8062-a3c34fb2ee67/datanode-0/data/ratis] (custom)
2019-07-14 10:44:25,772 INFO  storage.RaftStorageDirectory (RaftStorageDirectory.java:analyzeStorage(246)) - The storage directory /workdir/hadoop-ozone/integration-test/target/test-dir/MiniOzoneClusterImpl-d0d75479-cbfc-4267-8062-a3c34fb2ee67/datanode-0/data/ratis/87ccd580-5de0-4fbd-96b6-37d800db2d92 does not exist. Creating ...
2019-07-14 10:44:25,790 INFO  storage.RaftStorageDirectory (RaftStorageDirectory.java:tryLock(328)) - Lock on /workdir/hadoop-ozone/integration-test/target/test-dir/MiniOzoneClusterImpl-d0d75479-cbfc-4267-8062-a3c34fb2ee67/datanode-0/data/ratis/87ccd580-5de0-4fbd-96b6-37d800db2d92/in_use.lock acquired by nodename 24855@trunk-nightly-fxmrv-2540794721
2019-07-14 10:44:25,806 INFO  storage.RaftStorage (RaftStorage.java:format(72)) - Storage directory /workdir/hadoop-ozone/integration-test/target/test-dir/MiniOzoneClusterImpl-d0d75479-cbfc-4267-8062-a3c34fb2ee67/datanode-0/data/ratis/87ccd580-5de0-4fbd-96b6-37d800db2d92 has been successfully formatted.
2019-07-14 10:44:25,808 INFO  ratis.ContainerStateMachine (ContainerStateMachine.java:loadSnapshot(200)) - group-37D800DB2D92: The snapshot info is null. Setting the last applied indexto:(t:0, i:~)
2019-07-14 10:44:25,809 INFO  server.RaftServerConfigKeys (ConfUtils.java:logGet(43)) - raft.server.leader.election.timeout = 120s (custom)
2019-07-14 10:44:25,811 INFO  server.RaftServerConfigKeys (ConfUtils.java:logGet(43)) - raft.server.log.use.memory = false (default)
2019-07-14 10:44:25,818 INFO  server.RaftServerConfigKeys (ConfUtils.java:logGet(43)) - raft.server.log.purge.gap = 1000000000 (custom)
2019-07-14 10:44:25,818 INFO  server.RaftServerConfigKeys (ConfUtils.java:logGet(43)) - raft.server.log.appender.buffer.byte-limit = 33554432 (custom)
2019-07-14 10:44:25,820 INFO  server.RaftServerConfigKeys (ConfUtils.java:logGet(43)) - raft.server.log.segment.size.max = 1048576 (custom)
2019-07-14 10:44:25,826 INFO  server.RaftServerConfigKeys (ConfUtils.java:logGet(43)) - raft.server.log.segment.cache.num.max = 2 (custom)
2019-07-14 10:44:25,833 INFO  segmented.SegmentedRaftLogWorker (SegmentedRaftLogWorker.java:<init>(172)) - new c7d10479-3d5f-4018-8d1a-d6ec9a3ad4d5-SegmentedRaftLogWorker:Storage Directory /workdir/hadoop-ozone/integration-test/target/test-dir/MiniOzoneClusterImpl-d0d75479-cbfc-4267-8062-a3c34fb2ee67/datanode-0/data/ratis/87ccd580-5de0-4fbd-96b6-37d800db2d92 for RaftStorage:Storage Directory /workdir/hadoop-ozone/integration-test/target/test-dir/MiniOzoneClusterImpl-d0d75479-cbfc-4267-8062-a3c34fb2ee67/datanode-0/data/ratis/87ccd580-5de0-4fbd-96b6-37d800db2d92
2019-07-14 10:44:25,847 INFO  server.RaftServerConfigKeys (ConfUtils.java:logGet(43)) - raft.server.log.queue.byte-limit = 2147483647 (custom)
2019-07-14 10:44:25,847 INFO  server.RaftServerConfigKeys (ConfUtils.java:logGet(43)) - raft.server.log.queue.element-limit = 1024 (custom)
2019-07-14 10:44:25,852 INFO  server.RaftServerConfigKeys (ConfUtils.java:logGet(43)) - raft.server.log.segment.size.max = 1048576 (custom)
2019-07-14 10:44:25,853 INFO  server.RaftServerConfigKeys (ConfUtils.java:logGet(43)) - raft.server.log.preallocated.size = 16384 (custom)
2019-07-14 10:44:25,853 INFO  server.RaftServerConfigKeys (ConfUtils.java:logGet(43)) - raft.server.log.write.buffer.size = 33554432 (custom)
2019-07-14 10:44:25,854 INFO  server.RaftServerConfigKeys (ConfUtils.java:logGet(43)) - raft.server.log.force.sync.num = 128 (default)
2019-07-14 10:44:25,855 INFO  server.RaftServerConfigKeys (ConfUtils.java:logGet(43)) - raft.server.log.statemachine.data.sync = true (default)
2019-07-14 10:44:25,855 INFO  server.RaftServerConfigKeys (ConfUtils.java:logGet(43)) - raft.server.log.statemachine.data.sync.timeout = 10s (default)
2019-07-14 10:44:25,856 INFO  server.RaftServerConfigKeys (ConfUtils.java:logGet(43)) - raft.server.log.statemachine.data.sync.timeout.retry = -1 (default)
2019-07-14 10:44:25,865 INFO  server.RaftServerConfigKeys (ConfUtils.java:logGet(43)) - raft.server.log.statemachine.data.caching.enabled = true (custom)
2019-07-14 10:44:25,870 INFO  segmented.SegmentedRaftLogWorker (SegmentedRaftLogWorker.java:lambda$new$0(132)) - c7d10479-3d5f-4018-8d1a-d6ec9a3ad4d5-SegmentedRaftLogWorker:Storage Directory /workdir/hadoop-ozone/integration-test/target/test-dir/MiniOzoneClusterImpl-d0d75479-cbfc-4267-8062-a3c34fb2ee67/datanode-0/data/ratis/87ccd580-5de0-4fbd-96b6-37d800db2d92: flushIndex: setUnconditionally 0 -> -1
2019-07-14 10:44:25,874 INFO  server.RaftServerConfigKeys (ConfUtils.java:logGet(43)) - raft.server.snapshot.auto.trigger.enabled = true (custom)
2019-07-14 10:44:25,875 INFO  server.RaftServerConfigKeys (ConfUtils.java:logGet(43)) - raft.server.snapshot.auto.trigger.threshold = 10000 (custom)
2019-07-14 10:44:25,875 INFO  server.RaftServerConfigKeys (ConfUtils.java:logGet(43)) - raft.server.retrycache.expirytime = 600000ms (custom)
2019-07-14 10:44:25,896 INFO  impl.RaftServerImpl (RaftServerImpl.java:start(180)) - c7d10479-3d5f-4018-8d1a-d6ec9a3ad4d5: start group-37D800DB2D92
2019-07-14 10:44:25,897 INFO  impl.RaftServerImpl (RaftServerImpl.java:setRole(171)) - c7d10479-3d5f-4018-8d1a-d6ec9a3ad4d5:group-37D800DB2D92 changes role from null to FOLLOWER at term 0 for startAsFollower
2019-07-14 10:44:25,898 INFO  impl.RoleInfo (RoleInfo.java:updateAndGet(143)) - c7d10479-3d5f-4018-8d1a-d6ec9a3ad4d5: start FollowerState
2019-07-14 10:44:25,900 INFO  util.JmxRegister (JmxRegister.java:tryRegister(44)) - Successfully registered JMX Bean with object name Ratis:service=RaftServer,group=group-37D800DB2D92,id=c7d10479-3d5f-4018-8d1a-d6ec9a3ad4d5
2019-07-14 10:44:25,963 INFO  pipeline.PipelineStateManager (PipelineStateManager.java:addPipeline(56)) - Created pipeline Pipeline[ Id: 87ccd580-5de0-4fbd-96b6-37d800db2d92, Nodes: c7d10479-3d5f-4018-8d1a-d6ec9a3ad4d5{ip: 192.168.157.209, host: trunk-nightly-fxmrv-2540794721, networkLocation: /default-rack, certSerialId: null}, Type:RATIS, Factor:ONE, State:OPEN]
2019-07-14 10:44:25,974 INFO  ozone.MiniOzoneClusterImpl (MiniOzoneClusterImpl.java:lambda$waitForClusterToBeReady$0(142)) - Waiting for cluster to be ready. Got 6 of 7 DN Heartbeats.
2019-07-14 10:44:25,991 INFO  node.SCMNodeManager (SCMNodeManager.java:register(269)) - Registered Data node : 1cecd33d-bb15-4021-8928-f4e4bf07f303{ip: 192.168.157.209, host: trunk-nightly-fxmrv-2540794721, networkLocation: /default-rack, certSerialId: null}
2019-07-14 10:44:26,002 INFO  impl.RaftServerProxy (RaftServerProxy.java:addNew(89)) - c8598515-65c5-4bb9-bfb5-ce6a9d9d28f6: addNew group-1E9CA9ECCB4B:[c8598515-65c5-4bb9-bfb5-ce6a9d9d28f6:192.168.157.209:35669] returns group-1E9CA9ECCB4B:java.util.concurrent.CompletableFuture@3e4615dc[Not completed]
2019-07-14 10:44:26,054 INFO  impl.RaftServerImpl (RaftServerImpl.java:<init>(93)) - c8598515-65c5-4bb9-bfb5-ce6a9d9d28f6: new RaftServerImpl for group-1E9CA9ECCB4B:[c8598515-65c5-4bb9-bfb5-ce6a9d9d28f6:192.168.157.209:35669] with ContainerStateMachine:uninitialized
2019-07-14 10:44:26,055 INFO  server.RaftServerConfigKeys (ConfUtils.java:logGet(43)) - raft.server.rpc.timeout.min = 5s (custom)
2019-07-14 10:44:26,056 INFO  server.RaftServerConfigKeys (ConfUtils.java:logGet(43)) - raft.server.rpc.timeout.max = 5200ms (custom)
2019-07-14 10:44:26,056 INFO  server.RaftServerConfigKeys (ConfUtils.java:logGet(43)) - raft.server.rpcslowness.timeout = 120s (custom)
2019-07-14 10:44:26,056 INFO  server.RaftServerConfigKeys (ConfUtils.java:logGet(43)) - raft.server.sleep.deviation.threshold = 300 (default)
2019-07-14 10:44:26,056 INFO  server.RaftServerConfigKeys (ConfUtils.java:logGet(43)) - raft.server.log.appender.install.snapshot.enabled = false (custom)
2019-07-14 10:44:26,056 INFO  impl.RaftServerImpl (ServerState.java:<init>(105)) - c8598515-65c5-4bb9-bfb5-ce6a9d9d28f6:group-1E9CA9ECCB4B ConfigurationManager, init=-1: [c8598515-65c5-4bb9-bfb5-ce6a9d9d28f6:192.168.157.209:35669], old=null, confs=<EMPTY_MAP>
2019-07-14 10:44:26,057 INFO  server.RaftServerConfigKeys (ConfUtils.java:logGet(43)) - raft.server.storage.dir = [/workdir/hadoop-ozone/integration-test/target/test-dir/MiniOzoneClusterImpl-d0d75479-cbfc-4267-8062-a3c34fb2ee67/datanode-3/data/ratis] (custom)
2019-07-14 10:44:26,057 INFO  storage.RaftStorageDirectory (RaftStorageDirectory.java:analyzeStorage(246)) - The storage directory /workdir/hadoop-ozone/integration-test/target/test-dir/MiniOzoneClusterImpl-d0d75479-cbfc-4267-8062-a3c34fb2ee67/datanode-3/data/ratis/7c83aac5-b5ef-449c-aadd-1e9ca9eccb4b does not exist. Creating ...
2019-07-14 10:44:26,071 INFO  storage.RaftStorageDirectory (RaftStorageDirectory.java:tryLock(328)) - Lock on /workdir/hadoop-ozone/integration-test/target/test-dir/MiniOzoneClusterImpl-d0d75479-cbfc-4267-8062-a3c34fb2ee67/datanode-3/data/ratis/7c83aac5-b5ef-449c-aadd-1e9ca9eccb4b/in_use.lock acquired by nodename 24855@trunk-nightly-fxmrv-2540794721
2019-07-14 10:44:26,093 INFO  storage.RaftStorage (RaftStorage.java:format(72)) - Storage directory /workdir/hadoop-ozone/integration-test/target/test-dir/MiniOzoneClusterImpl-d0d75479-cbfc-4267-8062-a3c34fb2ee67/datanode-3/data/ratis/7c83aac5-b5ef-449c-aadd-1e9ca9eccb4b has been successfully formatted.
2019-07-14 10:44:26,095 INFO  ratis.ContainerStateMachine (ContainerStateMachine.java:loadSnapshot(200)) - group-1E9CA9ECCB4B: The snapshot info is null. Setting the last applied indexto:(t:0, i:~)
2019-07-14 10:44:26,097 INFO  server.RaftServerConfigKeys (ConfUtils.java:logGet(43)) - raft.server.leader.election.timeout = 120s (custom)
2019-07-14 10:44:26,097 INFO  server.RaftServerConfigKeys (ConfUtils.java:logGet(43)) - raft.server.log.use.memory = false (default)
2019-07-14 10:44:26,097 INFO  server.RaftServerConfigKeys (ConfUtils.java:logGet(43)) - raft.server.log.purge.gap = 1000000000 (custom)
2019-07-14 10:44:26,097 INFO  server.RaftServerConfigKeys (ConfUtils.java:logGet(43)) - raft.server.log.appender.buffer.byte-limit = 33554432 (custom)
2019-07-14 10:44:26,097 INFO  server.RaftServerConfigKeys (ConfUtils.java:logGet(43)) - raft.server.log.segment.size.max = 1048576 (custom)
2019-07-14 10:44:26,098 INFO  server.RaftServerConfigKeys (ConfUtils.java:logGet(43)) - raft.server.log.segment.cache.num.max = 2 (custom)
2019-07-14 10:44:26,098 INFO  segmented.SegmentedRaftLogWorker (SegmentedRaftLogWorker.java:<init>(172)) - new c8598515-65c5-4bb9-bfb5-ce6a9d9d28f6-SegmentedRaftLogWorker:Storage Directory /workdir/hadoop-ozone/integration-test/target/test-dir/MiniOzoneClusterImpl-d0d75479-cbfc-4267-8062-a3c34fb2ee67/datanode-3/data/ratis/7c83aac5-b5ef-449c-aadd-1e9ca9eccb4b for RaftStorage:Storage Directory /workdir/hadoop-ozone/integration-test/target/test-dir/MiniOzoneClusterImpl-d0d75479-cbfc-4267-8062-a3c34fb2ee67/datanode-3/data/ratis/7c83aac5-b5ef-449c-aadd-1e9ca9eccb4b
2019-07-14 10:44:26,100 INFO  server.RaftServerConfigKeys (ConfUtils.java:logGet(43)) - raft.server.log.queue.byte-limit = 2147483647 (custom)
2019-07-14 10:44:26,100 INFO  server.RaftServerConfigKeys (ConfUtils.java:logGet(43)) - raft.server.log.queue.element-limit = 1024 (custom)
2019-07-14 10:44:26,100 INFO  server.RaftServerConfigKeys (ConfUtils.java:logGet(43)) - raft.server.log.segment.size.max = 1048576 (custom)
2019-07-14 10:44:26,100 INFO  server.RaftServerConfigKeys (ConfUtils.java:logGet(43)) - raft.server.log.preallocated.size = 16384 (custom)
2019-07-14 10:44:26,101 INFO  server.RaftServerConfigKeys (ConfUtils.java:logGet(43)) - raft.server.log.write.buffer.size = 33554432 (custom)
2019-07-14 10:44:26,101 INFO  server.RaftServerConfigKeys (ConfUtils.java:logGet(43)) - raft.server.log.force.sync.num = 128 (default)
2019-07-14 10:44:26,101 INFO  server.RaftServerConfigKeys (ConfUtils.java:logGet(43)) - raft.server.log.statemachine.data.sync = true (default)
2019-07-14 10:44:26,101 INFO  server.RaftServerConfigKeys (ConfUtils.java:logGet(43)) - raft.server.log.statemachine.data.sync.timeout = 10s (default)
2019-07-14 10:44:26,101 INFO  server.RaftServerConfigKeys (ConfUtils.java:logGet(43)) - raft.server.log.statemachine.data.sync.timeout.retry = -1 (default)
2019-07-14 10:44:26,102 INFO  server.RaftServerConfigKeys (ConfUtils.java:logGet(43)) - raft.server.log.statemachine.data.caching.enabled = true (custom)
2019-07-14 10:44:26,102 INFO  segmented.SegmentedRaftLogWorker (SegmentedRaftLogWorker.java:lambda$new$0(132)) - c8598515-65c5-4bb9-bfb5-ce6a9d9d28f6-SegmentedRaftLogWorker:Storage Directory /workdir/hadoop-ozone/integration-test/target/test-dir/MiniOzoneClusterImpl-d0d75479-cbfc-4267-8062-a3c34fb2ee67/datanode-3/data/ratis/7c83aac5-b5ef-449c-aadd-1e9ca9eccb4b: flushIndex: setUnconditionally 0 -> -1
2019-07-14 10:44:26,102 INFO  server.RaftServerConfigKeys (ConfUtils.java:logGet(43)) - raft.server.snapshot.auto.trigger.enabled = true (custom)
2019-07-14 10:44:26,103 INFO  server.RaftServerConfigKeys (ConfUtils.java:logGet(43)) - raft.server.snapshot.auto.trigger.threshold = 10000 (custom)
2019-07-14 10:44:26,103 INFO  server.RaftServerConfigKeys (ConfUtils.java:logGet(43)) - raft.server.retrycache.expirytime = 600000ms (custom)
2019-07-14 10:44:26,103 INFO  impl.RaftServerImpl (RaftServerImpl.java:start(180)) - c8598515-65c5-4bb9-bfb5-ce6a9d9d28f6: start group-1E9CA9ECCB4B
2019-07-14 10:44:26,103 INFO  impl.RaftServerImpl (RaftServerImpl.java:setRole(171)) - c8598515-65c5-4bb9-bfb5-ce6a9d9d28f6:group-1E9CA9ECCB4B changes role from null to FOLLOWER at term 0 for startAsFollower
2019-07-14 10:44:26,103 INFO  impl.RoleInfo (RoleInfo.java:updateAndGet(143)) - c8598515-65c5-4bb9-bfb5-ce6a9d9d28f6: start FollowerState
2019-07-14 10:44:26,106 INFO  util.JmxRegister (JmxRegister.java:tryRegister(44)) - Successfully registered JMX Bean with object name Ratis:service=RaftServer,group=group-1E9CA9ECCB4B,id=c8598515-65c5-4bb9-bfb5-ce6a9d9d28f6
2019-07-14 10:44:26,122 INFO  pipeline.PipelineStateManager (PipelineStateManager.java:addPipeline(56)) - Created pipeline Pipeline[ Id: 7c83aac5-b5ef-449c-aadd-1e9ca9eccb4b, Nodes: c8598515-65c5-4bb9-bfb5-ce6a9d9d28f6{ip: 192.168.157.209, host: trunk-nightly-fxmrv-2540794721, networkLocation: /default-rack, certSerialId: null}, Type:RATIS, Factor:ONE, State:OPEN]
2019-07-14 10:44:26,158 INFO  impl.RaftServerProxy (RaftServerProxy.java:addNew(89)) - ff375dc0-9cb5-45d1-bd28-e2fef21c954c: addNew group-9A30F68DB9CD:[ff375dc0-9cb5-45d1-bd28-e2fef21c954c:192.168.157.209:40178] returns group-9A30F68DB9CD:java.util.concurrent.CompletableFuture@7c51c9aa[Not completed]
2019-07-14 10:44:26,168 INFO  impl.RaftServerImpl (RaftServerImpl.java:<init>(93)) - ff375dc0-9cb5-45d1-bd28-e2fef21c954c: new RaftServerImpl for group-9A30F68DB9CD:[ff375dc0-9cb5-45d1-bd28-e2fef21c954c:192.168.157.209:40178] with ContainerStateMachine:uninitialized
2019-07-14 10:44:26,169 INFO  server.RaftServerConfigKeys (ConfUtils.java:logGet(43)) - raft.server.rpc.timeout.min = 5s (custom)
2019-07-14 10:44:26,169 INFO  server.RaftServerConfigKeys (ConfUtils.java:logGet(43)) - raft.server.rpc.timeout.max = 5200ms (custom)
2019-07-14 10:44:26,169 INFO  server.RaftServerConfigKeys (ConfUtils.java:logGet(43)) - raft.server.rpcslowness.timeout = 120s (custom)
2019-07-14 10:44:26,169 INFO  server.RaftServerConfigKeys (ConfUtils.java:logGet(43)) - raft.server.sleep.deviation.threshold = 300 (default)
2019-07-14 10:44:26,169 INFO  server.RaftServerConfigKeys (ConfUtils.java:logGet(43)) - raft.server.log.appender.install.snapshot.enabled = false (custom)
2019-07-14 10:44:26,170 INFO  impl.RaftServerImpl (ServerState.java:<init>(105)) - ff375dc0-9cb5-45d1-bd28-e2fef21c954c:group-9A30F68DB9CD ConfigurationManager, init=-1: [ff375dc0-9cb5-45d1-bd28-e2fef21c954c:192.168.157.209:40178], old=null, confs=<EMPTY_MAP>
2019-07-14 10:44:26,170 INFO  server.RaftServerConfigKeys (ConfUtils.java:logGet(43)) - raft.server.storage.dir = [/workdir/hadoop-ozone/integration-test/target/test-dir/MiniOzoneClusterImpl-d0d75479-cbfc-4267-8062-a3c34fb2ee67/datanode-1/data/ratis] (custom)
2019-07-14 10:44:26,170 INFO  storage.RaftStorageDirectory (RaftStorageDirectory.java:analyzeStorage(246)) - The storage directory /workdir/hadoop-ozone/integration-test/target/test-dir/MiniOzoneClusterImpl-d0d75479-cbfc-4267-8062-a3c34fb2ee67/datanode-1/data/ratis/0f5da8d7-f397-43a2-8756-9a30f68db9cd does not exist. Creating ...
2019-07-14 10:44:26,183 INFO  storage.RaftStorageDirectory (RaftStorageDirectory.java:tryLock(328)) - Lock on /workdir/hadoop-ozone/integration-test/target/test-dir/MiniOzoneClusterImpl-d0d75479-cbfc-4267-8062-a3c34fb2ee67/datanode-1/data/ratis/0f5da8d7-f397-43a2-8756-9a30f68db9cd/in_use.lock acquired by nodename 24855@trunk-nightly-fxmrv-2540794721
2019-07-14 10:44:26,196 INFO  storage.RaftStorage (RaftStorage.java:format(72)) - Storage directory /workdir/hadoop-ozone/integration-test/target/test-dir/MiniOzoneClusterImpl-d0d75479-cbfc-4267-8062-a3c34fb2ee67/datanode-1/data/ratis/0f5da8d7-f397-43a2-8756-9a30f68db9cd has been successfully formatted.
2019-07-14 10:44:26,196 INFO  ratis.ContainerStateMachine (ContainerStateMachine.java:loadSnapshot(200)) - group-9A30F68DB9CD: The snapshot info is null. Setting the last applied indexto:(t:0, i:~)
2019-07-14 10:44:26,196 INFO  server.RaftServerConfigKeys (ConfUtils.java:logGet(43)) - raft.server.leader.election.timeout = 120s (custom)
2019-07-14 10:44:26,196 INFO  server.RaftServerConfigKeys (ConfUtils.java:logGet(43)) - raft.server.log.use.memory = false (default)
2019-07-14 10:44:26,197 INFO  server.RaftServerConfigKeys (ConfUtils.java:logGet(43)) - raft.server.log.purge.gap = 1000000000 (custom)
2019-07-14 10:44:26,197 INFO  server.RaftServerConfigKeys (ConfUtils.java:logGet(43)) - raft.server.log.appender.buffer.byte-limit = 33554432 (custom)
2019-07-14 10:44:26,197 INFO  server.RaftServerConfigKeys (ConfUtils.java:logGet(43)) - raft.server.log.segment.size.max = 1048576 (custom)
2019-07-14 10:44:26,197 INFO  server.RaftServerConfigKeys (ConfUtils.java:logGet(43)) - raft.server.log.segment.cache.num.max = 2 (custom)
2019-07-14 10:44:26,197 INFO  segmented.SegmentedRaftLogWorker (SegmentedRaftLogWorker.java:<init>(172)) - new ff375dc0-9cb5-45d1-bd28-e2fef21c954c-SegmentedRaftLogWorker:Storage Directory /workdir/hadoop-ozone/integration-test/target/test-dir/MiniOzoneClusterImpl-d0d75479-cbfc-4267-8062-a3c34fb2ee67/datanode-1/data/ratis/0f5da8d7-f397-43a2-8756-9a30f68db9cd for RaftStorage:Storage Directory /workdir/hadoop-ozone/integration-test/target/test-dir/MiniOzoneClusterImpl-d0d75479-cbfc-4267-8062-a3c34fb2ee67/datanode-1/data/ratis/0f5da8d7-f397-43a2-8756-9a30f68db9cd
2019-07-14 10:44:26,197 INFO  server.RaftServerConfigKeys (ConfUtils.java:logGet(43)) - raft.server.log.queue.byte-limit = 2147483647 (custom)
2019-07-14 10:44:26,198 INFO  server.RaftServerConfigKeys (ConfUtils.java:logGet(43)) - raft.server.log.queue.element-limit = 1024 (custom)
2019-07-14 10:44:26,198 INFO  server.RaftServerConfigKeys (ConfUtils.java:logGet(43)) - raft.server.log.segment.size.max = 1048576 (custom)
2019-07-14 10:44:26,198 INFO  server.RaftServerConfigKeys (ConfUtils.java:logGet(43)) - raft.server.log.preallocated.size = 16384 (custom)
2019-07-14 10:44:26,198 INFO  server.RaftServerConfigKeys (ConfUtils.java:logGet(43)) - raft.server.log.write.buffer.size = 33554432 (custom)
2019-07-14 10:44:26,198 INFO  server.RaftServerConfigKeys (ConfUtils.java:logGet(43)) - raft.server.log.force.sync.num = 128 (default)
2019-07-14 10:44:26,199 INFO  server.RaftServerConfigKeys (ConfUtils.java:logGet(43)) - raft.server.log.statemachine.data.sync = true (default)
2019-07-14 10:44:26,199 INFO  server.RaftServerConfigKeys (ConfUtils.java:logGet(43)) - raft.server.log.statemachine.data.sync.timeout = 10s (default)
2019-07-14 10:44:26,199 INFO  server.RaftServerConfigKeys (ConfUtils.java:logGet(43)) - raft.server.log.statemachine.data.sync.timeout.retry = -1 (default)
2019-07-14 10:44:26,199 INFO  server.RaftServerConfigKeys (ConfUtils.java:logGet(43)) - raft.server.log.statemachine.data.caching.enabled = true (custom)
2019-07-14 10:44:26,200 INFO  segmented.SegmentedRaftLogWorker (SegmentedRaftLogWorker.java:lambda$new$0(132)) - ff375dc0-9cb5-45d1-bd28-e2fef21c954c-SegmentedRaftLogWorker:Storage Directory /workdir/hadoop-ozone/integration-test/target/test-dir/MiniOzoneClusterImpl-d0d75479-cbfc-4267-8062-a3c34fb2ee67/datanode-1/data/ratis/0f5da8d7-f397-43a2-8756-9a30f68db9cd: flushIndex: setUnconditionally 0 -> -1
2019-07-14 10:44:26,200 INFO  server.RaftServerConfigKeys (ConfUtils.java:logGet(43)) - raft.server.snapshot.auto.trigger.enabled = true (custom)
2019-07-14 10:44:26,200 INFO  server.RaftServerConfigKeys (ConfUtils.java:logGet(43)) - raft.server.snapshot.auto.trigger.threshold = 10000 (custom)
2019-07-14 10:44:26,201 INFO  server.RaftServerConfigKeys (ConfUtils.java:logGet(43)) - raft.server.retrycache.expirytime = 600000ms (custom)
2019-07-14 10:44:26,201 INFO  impl.RaftServerImpl (RaftServerImpl.java:start(180)) - ff375dc0-9cb5-45d1-bd28-e2fef21c954c: start group-9A30F68DB9CD
2019-07-14 10:44:26,201 INFO  impl.RaftServerImpl (RaftServerImpl.java:setRole(171)) - ff375dc0-9cb5-45d1-bd28-e2fef21c954c:group-9A30F68DB9CD changes role from null to FOLLOWER at term 0 for startAsFollower
2019-07-14 10:44:26,201 INFO  impl.RoleInfo (RoleInfo.java:updateAndGet(143)) - ff375dc0-9cb5-45d1-bd28-e2fef21c954c: start FollowerState
2019-07-14 10:44:26,202 INFO  util.JmxRegister (JmxRegister.java:tryRegister(44)) - Successfully registered JMX Bean with object name Ratis:service=RaftServer,group=group-9A30F68DB9CD,id=ff375dc0-9cb5-45d1-bd28-e2fef21c954c
2019-07-14 10:44:26,216 INFO  pipeline.PipelineStateManager (PipelineStateManager.java:addPipeline(56)) - Created pipeline Pipeline[ Id: 0f5da8d7-f397-43a2-8756-9a30f68db9cd, Nodes: ff375dc0-9cb5-45d1-bd28-e2fef21c954c{ip: 192.168.157.209, host: trunk-nightly-fxmrv-2540794721, networkLocation: /default-rack, certSerialId: null}, Type:RATIS, Factor:ONE, State:OPEN]
2019-07-14 10:44:26,239 INFO  impl.RaftServerProxy (RaftServerProxy.java:addNew(89)) - ccbd68d9-77a2-4857-9d3b-9ab097a27f9f: addNew group-731D731E2001:[ccbd68d9-77a2-4857-9d3b-9ab097a27f9f:192.168.157.209:45953] returns group-731D731E2001:java.util.concurrent.CompletableFuture@71c0c638[Not completed]
2019-07-14 10:44:26,241 INFO  impl.RaftServerImpl (RaftServerImpl.java:<init>(93)) - ccbd68d9-77a2-4857-9d3b-9ab097a27f9f: new RaftServerImpl for group-731D731E2001:[ccbd68d9-77a2-4857-9d3b-9ab097a27f9f:192.168.157.209:45953] with ContainerStateMachine:uninitialized
2019-07-14 10:44:26,241 INFO  server.RaftServerConfigKeys (ConfUtils.java:logGet(43)) - raft.server.rpc.timeout.min = 5s (custom)
2019-07-14 10:44:26,241 INFO  server.RaftServerConfigKeys (ConfUtils.java:logGet(43)) - raft.server.rpc.timeout.max = 5200ms (custom)
2019-07-14 10:44:26,241 INFO  server.RaftServerConfigKeys (ConfUtils.java:logGet(43)) - raft.server.rpcslowness.timeout = 120s (custom)
2019-07-14 10:44:26,241 INFO  server.RaftServerConfigKeys (ConfUtils.java:logGet(43)) - raft.server.sleep.deviation.threshold = 300 (default)
2019-07-14 10:44:26,242 INFO  server.RaftServerConfigKeys (ConfUtils.java:logGet(43)) - raft.server.log.appender.install.snapshot.enabled = false (custom)
2019-07-14 10:44:26,242 INFO  impl.RaftServerImpl (ServerState.java:<init>(105)) - ccbd68d9-77a2-4857-9d3b-9ab097a27f9f:group-731D731E2001 ConfigurationManager, init=-1: [ccbd68d9-77a2-4857-9d3b-9ab097a27f9f:192.168.157.209:45953], old=null, confs=<EMPTY_MAP>
2019-07-14 10:44:26,242 INFO  server.RaftServerConfigKeys (ConfUtils.java:logGet(43)) - raft.server.storage.dir = [/workdir/hadoop-ozone/integration-test/target/test-dir/MiniOzoneClusterImpl-d0d75479-cbfc-4267-8062-a3c34fb2ee67/datanode-2/data/ratis] (custom)
2019-07-14 10:44:26,242 INFO  storage.RaftStorageDirectory (RaftStorageDirectory.java:analyzeStorage(246)) - The storage directory /workdir/hadoop-ozone/integration-test/target/test-dir/MiniOzoneClusterImpl-d0d75479-cbfc-4267-8062-a3c34fb2ee67/datanode-2/data/ratis/092a986f-aa83-42d3-9067-731d731e2001 does not exist. Creating ...
2019-07-14 10:44:26,255 INFO  storage.RaftStorageDirectory (RaftStorageDirectory.java:tryLock(328)) - Lock on /workdir/hadoop-ozone/integration-test/target/test-dir/MiniOzoneClusterImpl-d0d75479-cbfc-4267-8062-a3c34fb2ee67/datanode-2/data/ratis/092a986f-aa83-42d3-9067-731d731e2001/in_use.lock acquired by nodename 24855@trunk-nightly-fxmrv-2540794721
2019-07-14 10:44:26,268 INFO  storage.RaftStorage (RaftStorage.java:format(72)) - Storage directory /workdir/hadoop-ozone/integration-test/target/test-dir/MiniOzoneClusterImpl-d0d75479-cbfc-4267-8062-a3c34fb2ee67/datanode-2/data/ratis/092a986f-aa83-42d3-9067-731d731e2001 has been successfully formatted.
2019-07-14 10:44:26,268 INFO  ratis.ContainerStateMachine (ContainerStateMachine.java:loadSnapshot(200)) - group-731D731E2001: The snapshot info is null. Setting the last applied indexto:(t:0, i:~)
2019-07-14 10:44:26,268 INFO  server.RaftServerConfigKeys (ConfUtils.java:logGet(43)) - raft.server.leader.election.timeout = 120s (custom)
2019-07-14 10:44:26,268 INFO  server.RaftServerConfigKeys (ConfUtils.java:logGet(43)) - raft.server.log.use.memory = false (default)
2019-07-14 10:44:26,268 INFO  server.RaftServerConfigKeys (ConfUtils.java:logGet(43)) - raft.server.log.purge.gap = 1000000000 (custom)
2019-07-14 10:44:26,269 INFO  server.RaftServerConfigKeys (ConfUtils.java:logGet(43)) - raft.server.log.appender.buffer.byte-limit = 33554432 (custom)
2019-07-14 10:44:26,269 INFO  server.RaftServerConfigKeys (ConfUtils.java:logGet(43)) - raft.server.log.segment.size.max = 1048576 (custom)
2019-07-14 10:44:26,269 INFO  server.RaftServerConfigKeys (ConfUtils.java:logGet(43)) - raft.server.log.segment.cache.num.max = 2 (custom)
2019-07-14 10:44:26,269 INFO  segmented.SegmentedRaftLogWorker (SegmentedRaftLogWorker.java:<init>(172)) - new ccbd68d9-77a2-4857-9d3b-9ab097a27f9f-SegmentedRaftLogWorker:Storage Directory /workdir/hadoop-ozone/integration-test/target/test-dir/MiniOzoneClusterImpl-d0d75479-cbfc-4267-8062-a3c34fb2ee67/datanode-2/data/ratis/092a986f-aa83-42d3-9067-731d731e2001 for RaftStorage:Storage Directory /workdir/hadoop-ozone/integration-test/target/test-dir/MiniOzoneClusterImpl-d0d75479-cbfc-4267-8062-a3c34fb2ee67/datanode-2/data/ratis/092a986f-aa83-42d3-9067-731d731e2001
2019-07-14 10:44:26,269 INFO  server.RaftServerConfigKeys (ConfUtils.java:logGet(43)) - raft.server.log.queue.byte-limit = 2147483647 (custom)
2019-07-14 10:44:26,269 INFO  server.RaftServerConfigKeys (ConfUtils.java:logGet(43)) - raft.server.log.queue.element-limit = 1024 (custom)
2019-07-14 10:44:26,270 INFO  server.RaftServerConfigKeys (ConfUtils.java:logGet(43)) - raft.server.log.segment.size.max = 1048576 (custom)
2019-07-14 10:44:26,270 INFO  server.RaftServerConfigKeys (ConfUtils.java:logGet(43)) - raft.server.log.preallocated.size = 16384 (custom)
2019-07-14 10:44:26,270 INFO  server.RaftServerConfigKeys (ConfUtils.java:logGet(43)) - raft.server.log.write.buffer.size = 33554432 (custom)
2019-07-14 10:44:26,270 INFO  server.RaftServerConfigKeys (ConfUtils.java:logGet(43)) - raft.server.log.force.sync.num = 128 (default)
2019-07-14 10:44:26,270 INFO  server.RaftServerConfigKeys (ConfUtils.java:logGet(43)) - raft.server.log.statemachine.data.sync = true (default)
2019-07-14 10:44:26,270 INFO  server.RaftServerConfigKeys (ConfUtils.java:logGet(43)) - raft.server.log.statemachine.data.sync.timeout = 10s (default)
2019-07-14 10:44:26,271 INFO  server.RaftServerConfigKeys (ConfUtils.java:logGet(43)) - raft.server.log.statemachine.data.sync.timeout.retry = -1 (default)
2019-07-14 10:44:26,271 INFO  server.RaftServerConfigKeys (ConfUtils.java:logGet(43)) - raft.server.log.statemachine.data.caching.enabled = true (custom)
2019-07-14 10:44:26,271 INFO  segmented.SegmentedRaftLogWorker (SegmentedRaftLogWorker.java:lambda$new$0(132)) - ccbd68d9-77a2-4857-9d3b-9ab097a27f9f-SegmentedRaftLogWorker:Storage Directory /workdir/hadoop-ozone/integration-test/target/test-dir/MiniOzoneClusterImpl-d0d75479-cbfc-4267-8062-a3c34fb2ee67/datanode-2/data/ratis/092a986f-aa83-42d3-9067-731d731e2001: flushIndex: setUnconditionally 0 -> -1
2019-07-14 10:44:26,271 INFO  server.RaftServerConfigKeys (ConfUtils.java:logGet(43)) - raft.server.snapshot.auto.trigger.enabled = true (custom)
2019-07-14 10:44:26,272 INFO  server.RaftServerConfigKeys (ConfUtils.java:logGet(43)) - raft.server.snapshot.auto.trigger.threshold = 10000 (custom)
2019-07-14 10:44:26,272 INFO  server.RaftServerConfigKeys (ConfUtils.java:logGet(43)) - raft.server.retrycache.expirytime = 600000ms (custom)
2019-07-14 10:44:26,272 INFO  impl.RaftServerImpl (RaftServerImpl.java:start(180)) - ccbd68d9-77a2-4857-9d3b-9ab097a27f9f: start group-731D731E2001
2019-07-14 10:44:26,272 INFO  impl.RaftServerImpl (RaftServerImpl.java:setRole(171)) - ccbd68d9-77a2-4857-9d3b-9ab097a27f9f:group-731D731E2001 changes role from null to FOLLOWER at term 0 for startAsFollower
2019-07-14 10:44:26,272 INFO  impl.RoleInfo (RoleInfo.java:updateAndGet(143)) - ccbd68d9-77a2-4857-9d3b-9ab097a27f9f: start FollowerState
2019-07-14 10:44:26,273 INFO  util.JmxRegister (JmxRegister.java:tryRegister(44)) - Successfully registered JMX Bean with object name Ratis:service=RaftServer,group=group-731D731E2001,id=ccbd68d9-77a2-4857-9d3b-9ab097a27f9f
2019-07-14 10:44:26,290 INFO  pipeline.PipelineStateManager (PipelineStateManager.java:addPipeline(56)) - Created pipeline Pipeline[ Id: 092a986f-aa83-42d3-9067-731d731e2001, Nodes: ccbd68d9-77a2-4857-9d3b-9ab097a27f9f{ip: 192.168.157.209, host: trunk-nightly-fxmrv-2540794721, networkLocation: /default-rack, certSerialId: null}, Type:RATIS, Factor:ONE, State:OPEN]
2019-07-14 10:44:26,323 INFO  impl.RaftServerProxy (RaftServerProxy.java:addNew(89)) - 06ba8222-4d2c-4c23-8038-17270b72c5f0: addNew group-5145B67B1D0F:[06ba8222-4d2c-4c23-8038-17270b72c5f0:192.168.157.209:42209] returns group-5145B67B1D0F:java.util.concurrent.CompletableFuture@978df1e[Not completed]
2019-07-14 10:44:26,325 INFO  impl.RaftServerImpl (RaftServerImpl.java:<init>(93)) - 06ba8222-4d2c-4c23-8038-17270b72c5f0: new RaftServerImpl for group-5145B67B1D0F:[06ba8222-4d2c-4c23-8038-17270b72c5f0:192.168.157.209:42209] with ContainerStateMachine:uninitialized
2019-07-14 10:44:26,326 INFO  server.RaftServerConfigKeys (ConfUtils.java:logGet(43)) - raft.server.rpc.timeout.min = 5s (custom)
2019-07-14 10:44:26,326 INFO  server.RaftServerConfigKeys (ConfUtils.java:logGet(43)) - raft.server.rpc.timeout.max = 5200ms (custom)
2019-07-14 10:44:26,326 INFO  server.RaftServerConfigKeys (ConfUtils.java:logGet(43)) - raft.server.rpcslowness.timeout = 120s (custom)
2019-07-14 10:44:26,326 INFO  server.RaftServerConfigKeys (ConfUtils.java:logGet(43)) - raft.server.sleep.deviation.threshold = 300 (default)
2019-07-14 10:44:26,327 INFO  server.RaftServerConfigKeys (ConfUtils.java:logGet(43)) - raft.server.log.appender.install.snapshot.enabled = false (custom)
2019-07-14 10:44:26,327 INFO  impl.RaftServerImpl (ServerState.java:<init>(105)) - 06ba8222-4d2c-4c23-8038-17270b72c5f0:group-5145B67B1D0F ConfigurationManager, init=-1: [06ba8222-4d2c-4c23-8038-17270b72c5f0:192.168.157.209:42209], old=null, confs=<EMPTY_MAP>
2019-07-14 10:44:26,327 INFO  server.RaftServerConfigKeys (ConfUtils.java:logGet(43)) - raft.server.storage.dir = [/workdir/hadoop-ozone/integration-test/target/test-dir/MiniOzoneClusterImpl-d0d75479-cbfc-4267-8062-a3c34fb2ee67/datanode-5/data/ratis] (custom)
2019-07-14 10:44:26,328 INFO  storage.RaftStorageDirectory (RaftStorageDirectory.java:analyzeStorage(246)) - The storage directory /workdir/hadoop-ozone/integration-test/target/test-dir/MiniOzoneClusterImpl-d0d75479-cbfc-4267-8062-a3c34fb2ee67/datanode-5/data/ratis/789da449-40a7-4839-b705-5145b67b1d0f does not exist. Creating ...
2019-07-14 10:44:26,340 INFO  storage.RaftStorageDirectory (RaftStorageDirectory.java:tryLock(328)) - Lock on /workdir/hadoop-ozone/integration-test/target/test-dir/MiniOzoneClusterImpl-d0d75479-cbfc-4267-8062-a3c34fb2ee67/datanode-5/data/ratis/789da449-40a7-4839-b705-5145b67b1d0f/in_use.lock acquired by nodename 24855@trunk-nightly-fxmrv-2540794721
2019-07-14 10:44:26,374 INFO  storage.RaftStorage (RaftStorage.java:format(72)) - Storage directory /workdir/hadoop-ozone/integration-test/target/test-dir/MiniOzoneClusterImpl-d0d75479-cbfc-4267-8062-a3c34fb2ee67/datanode-5/data/ratis/789da449-40a7-4839-b705-5145b67b1d0f has been successfully formatted.
2019-07-14 10:44:26,375 INFO  ratis.ContainerStateMachine (ContainerStateMachine.java:loadSnapshot(200)) - group-5145B67B1D0F: The snapshot info is null. Setting the last applied indexto:(t:0, i:~)
2019-07-14 10:44:26,375 INFO  server.RaftServerConfigKeys (ConfUtils.java:logGet(43)) - raft.server.leader.election.timeout = 120s (custom)
2019-07-14 10:44:26,375 INFO  server.RaftServerConfigKeys (ConfUtils.java:logGet(43)) - raft.server.log.use.memory = false (default)
2019-07-14 10:44:26,375 INFO  server.RaftServerConfigKeys (ConfUtils.java:logGet(43)) - raft.server.log.purge.gap = 1000000000 (custom)
2019-07-14 10:44:26,376 INFO  server.RaftServerConfigKeys (ConfUtils.java:logGet(43)) - raft.server.log.appender.buffer.byte-limit = 33554432 (custom)
2019-07-14 10:44:26,376 INFO  server.RaftServerConfigKeys (ConfUtils.java:logGet(43)) - raft.server.log.segment.size.max = 1048576 (custom)
2019-07-14 10:44:26,376 INFO  server.RaftServerConfigKeys (ConfUtils.java:logGet(43)) - raft.server.log.segment.cache.num.max = 2 (custom)
2019-07-14 10:44:26,376 INFO  segmented.SegmentedRaftLogWorker (SegmentedRaftLogWorker.java:<init>(172)) - new 06ba8222-4d2c-4c23-8038-17270b72c5f0-SegmentedRaftLogWorker:Storage Directory /workdir/hadoop-ozone/integration-test/target/test-dir/MiniOzoneClusterImpl-d0d75479-cbfc-4267-8062-a3c34fb2ee67/datanode-5/data/ratis/789da449-40a7-4839-b705-5145b67b1d0f for RaftStorage:Storage Directory /workdir/hadoop-ozone/integration-test/target/test-dir/MiniOzoneClusterImpl-d0d75479-cbfc-4267-8062-a3c34fb2ee67/datanode-5/data/ratis/789da449-40a7-4839-b705-5145b67b1d0f
2019-07-14 10:44:26,377 INFO  server.RaftServerConfigKeys (ConfUtils.java:logGet(43)) - raft.server.log.queue.byte-limit = 2147483647 (custom)
2019-07-14 10:44:26,377 INFO  server.RaftServerConfigKeys (ConfUtils.java:logGet(43)) - raft.server.log.queue.element-limit = 1024 (custom)
2019-07-14 10:44:26,377 INFO  server.RaftServerConfigKeys (ConfUtils.java:logGet(43)) - raft.server.log.segment.size.max = 1048576 (custom)
2019-07-14 10:44:26,377 INFO  server.RaftServerConfigKeys (ConfUtils.java:logGet(43)) - raft.server.log.preallocated.size = 16384 (custom)
2019-07-14 10:44:26,377 INFO  server.RaftServerConfigKeys (ConfUtils.java:logGet(43)) - raft.server.log.write.buffer.size = 33554432 (custom)
2019-07-14 10:44:26,378 INFO  server.RaftServerConfigKeys (ConfUtils.java:logGet(43)) - raft.server.log.force.sync.num = 128 (default)
2019-07-14 10:44:26,378 INFO  server.RaftServerConfigKeys (ConfUtils.java:logGet(43)) - raft.server.log.statemachine.data.sync = true (default)
2019-07-14 10:44:26,378 INFO  server.RaftServerConfigKeys (ConfUtils.java:logGet(43)) - raft.server.log.statemachine.data.sync.timeout = 10s (default)
2019-07-14 10:44:26,378 INFO  server.RaftServerConfigKeys (ConfUtils.java:logGet(43)) - raft.server.log.statemachine.data.sync.timeout.retry = -1 (default)
2019-07-14 10:44:26,379 INFO  server.RaftServerConfigKeys (ConfUtils.java:logGet(43)) - raft.server.log.statemachine.data.caching.enabled = true (custom)
2019-07-14 10:44:26,379 INFO  segmented.SegmentedRaftLogWorker (SegmentedRaftLogWorker.java:lambda$new$0(132)) - 06ba8222-4d2c-4c23-8038-17270b72c5f0-SegmentedRaftLogWorker:Storage Directory /workdir/hadoop-ozone/integration-test/target/test-dir/MiniOzoneClusterImpl-d0d75479-cbfc-4267-8062-a3c34fb2ee67/datanode-5/data/ratis/789da449-40a7-4839-b705-5145b67b1d0f: flushIndex: setUnconditionally 0 -> -1
2019-07-14 10:44:26,380 INFO  server.RaftServerConfigKeys (ConfUtils.java:logGet(43)) - raft.server.snapshot.auto.trigger.enabled = true (custom)
2019-07-14 10:44:26,380 INFO  server.RaftServerConfigKeys (ConfUtils.java:logGet(43)) - raft.server.snapshot.auto.trigger.threshold = 10000 (custom)
2019-07-14 10:44:26,380 INFO  server.RaftServerConfigKeys (ConfUtils.java:logGet(43)) - raft.server.retrycache.expirytime = 600000ms (custom)
2019-07-14 10:44:26,380 INFO  impl.RaftServerImpl (RaftServerImpl.java:start(180)) - 06ba8222-4d2c-4c23-8038-17270b72c5f0: start group-5145B67B1D0F
2019-07-14 10:44:26,381 INFO  impl.RaftServerImpl (RaftServerImpl.java:setRole(171)) - 06ba8222-4d2c-4c23-8038-17270b72c5f0:group-5145B67B1D0F changes role from null to FOLLOWER at term 0 for startAsFollower
2019-07-14 10:44:26,381 INFO  impl.RoleInfo (RoleInfo.java:updateAndGet(143)) - 06ba8222-4d2c-4c23-8038-17270b72c5f0: start FollowerState
2019-07-14 10:44:26,381 INFO  util.JmxRegister (JmxRegister.java:tryRegister(44)) - Successfully registered JMX Bean with object name Ratis:service=RaftServer,group=group-5145B67B1D0F,id=06ba8222-4d2c-4c23-8038-17270b72c5f0
2019-07-14 10:44:26,406 INFO  pipeline.PipelineStateManager (PipelineStateManager.java:addPipeline(56)) - Created pipeline Pipeline[ Id: 789da449-40a7-4839-b705-5145b67b1d0f, Nodes: 06ba8222-4d2c-4c23-8038-17270b72c5f0{ip: 192.168.157.209, host: trunk-nightly-fxmrv-2540794721, networkLocation: /default-rack, certSerialId: null}, Type:RATIS, Factor:ONE, State:OPEN]
2019-07-14 10:44:26,440 INFO  impl.RaftServerProxy (RaftServerProxy.java:addNew(89)) - 1cecd33d-bb15-4021-8928-f4e4bf07f303: addNew group-F80ECC06148B:[1cecd33d-bb15-4021-8928-f4e4bf07f303:192.168.157.209:39898] returns group-F80ECC06148B:java.util.concurrent.CompletableFuture@296d7752[Not completed]
2019-07-14 10:44:26,441 INFO  impl.RaftServerImpl (RaftServerImpl.java:<init>(93)) - 1cecd33d-bb15-4021-8928-f4e4bf07f303: new RaftServerImpl for group-F80ECC06148B:[1cecd33d-bb15-4021-8928-f4e4bf07f303:192.168.157.209:39898] with ContainerStateMachine:uninitialized
2019-07-14 10:44:26,441 INFO  server.RaftServerConfigKeys (ConfUtils.java:logGet(43)) - raft.server.rpc.timeout.min = 5s (custom)
2019-07-14 10:44:26,441 INFO  server.RaftServerConfigKeys (ConfUtils.java:logGet(43)) - raft.server.rpc.timeout.max = 5200ms (custom)
2019-07-14 10:44:26,442 INFO  server.RaftServerConfigKeys (ConfUtils.java:logGet(43)) - raft.server.rpcslowness.timeout = 120s (custom)
2019-07-14 10:44:26,442 INFO  server.RaftServerConfigKeys (ConfUtils.java:logGet(43)) - raft.server.sleep.deviation.threshold = 300 (default)
2019-07-14 10:44:26,442 INFO  server.RaftServerConfigKeys (ConfUtils.java:logGet(43)) - raft.server.log.appender.install.snapshot.enabled = false (custom)
2019-07-14 10:44:26,442 INFO  impl.RaftServerImpl (ServerState.java:<init>(105)) - 1cecd33d-bb15-4021-8928-f4e4bf07f303:group-F80ECC06148B ConfigurationManager, init=-1: [1cecd33d-bb15-4021-8928-f4e4bf07f303:192.168.157.209:39898], old=null, confs=<EMPTY_MAP>
2019-07-14 10:44:26,442 INFO  server.RaftServerConfigKeys (ConfUtils.java:logGet(43)) - raft.server.storage.dir = [/workdir/hadoop-ozone/integration-test/target/test-dir/MiniOzoneClusterImpl-d0d75479-cbfc-4267-8062-a3c34fb2ee67/datanode-6/data/ratis] (custom)
2019-07-14 10:44:26,443 INFO  storage.RaftStorageDirectory (RaftStorageDirectory.java:analyzeStorage(246)) - The storage directory /workdir/hadoop-ozone/integration-test/target/test-dir/MiniOzoneClusterImpl-d0d75479-cbfc-4267-8062-a3c34fb2ee67/datanode-6/data/ratis/29ecddd9-3d30-4b06-88cb-f80ecc06148b does not exist. Creating ...
2019-07-14 10:44:26,455 INFO  storage.RaftStorageDirectory (RaftStorageDirectory.java:tryLock(328)) - Lock on /workdir/hadoop-ozone/integration-test/target/test-dir/MiniOzoneClusterImpl-d0d75479-cbfc-4267-8062-a3c34fb2ee67/datanode-6/data/ratis/29ecddd9-3d30-4b06-88cb-f80ecc06148b/in_use.lock acquired by nodename 24855@trunk-nightly-fxmrv-2540794721
2019-07-14 10:44:26,468 INFO  storage.RaftStorage (RaftStorage.java:format(72)) - Storage directory /workdir/hadoop-ozone/integration-test/target/test-dir/MiniOzoneClusterImpl-d0d75479-cbfc-4267-8062-a3c34fb2ee67/datanode-6/data/ratis/29ecddd9-3d30-4b06-88cb-f80ecc06148b has been successfully formatted.
2019-07-14 10:44:26,469 INFO  ratis.ContainerStateMachine (ContainerStateMachine.java:loadSnapshot(200)) - group-F80ECC06148B: The snapshot info is null. Setting the last applied indexto:(t:0, i:~)
2019-07-14 10:44:26,469 INFO  server.RaftServerConfigKeys (ConfUtils.java:logGet(43)) - raft.server.leader.election.timeout = 120s (custom)
2019-07-14 10:44:26,469 INFO  server.RaftServerConfigKeys (ConfUtils.java:logGet(43)) - raft.server.log.use.memory = false (default)
2019-07-14 10:44:26,469 INFO  server.RaftServerConfigKeys (ConfUtils.java:logGet(43)) - raft.server.log.purge.gap = 1000000000 (custom)
2019-07-14 10:44:26,469 INFO  server.RaftServerConfigKeys (ConfUtils.java:logGet(43)) - raft.server.log.appender.buffer.byte-limit = 33554432 (custom)
2019-07-14 10:44:26,470 INFO  server.RaftServerConfigKeys (ConfUtils.java:logGet(43)) - raft.server.log.segment.size.max = 1048576 (custom)
2019-07-14 10:44:26,470 INFO  server.RaftServerConfigKeys (ConfUtils.java:logGet(43)) - raft.server.log.segment.cache.num.max = 2 (custom)
2019-07-14 10:44:26,470 INFO  segmented.SegmentedRaftLogWorker (SegmentedRaftLogWorker.java:<init>(172)) - new 1cecd33d-bb15-4021-8928-f4e4bf07f303-SegmentedRaftLogWorker:Storage Directory /workdir/hadoop-ozone/integration-test/target/test-dir/MiniOzoneClusterImpl-d0d75479-cbfc-4267-8062-a3c34fb2ee67/datanode-6/data/ratis/29ecddd9-3d30-4b06-88cb-f80ecc06148b for RaftStorage:Storage Directory /workdir/hadoop-ozone/integration-test/target/test-dir/MiniOzoneClusterImpl-d0d75479-cbfc-4267-8062-a3c34fb2ee67/datanode-6/data/ratis/29ecddd9-3d30-4b06-88cb-f80ecc06148b
2019-07-14 10:44:26,470 INFO  server.RaftServerConfigKeys (ConfUtils.java:logGet(43)) - raft.server.log.queue.byte-limit = 2147483647 (custom)
2019-07-14 10:44:26,470 INFO  server.RaftServerConfigKeys (ConfUtils.java:logGet(43)) - raft.server.log.queue.element-limit = 1024 (custom)
2019-07-14 10:44:26,470 INFO  server.RaftServerConfigKeys (ConfUtils.java:logGet(43)) - raft.server.log.segment.size.max = 1048576 (custom)
2019-07-14 10:44:26,471 INFO  server.RaftServerConfigKeys (ConfUtils.java:logGet(43)) - raft.server.log.preallocated.size = 16384 (custom)
2019-07-14 10:44:26,471 INFO  server.RaftServerConfigKeys (ConfUtils.java:logGet(43)) - raft.server.log.write.buffer.size = 33554432 (custom)
2019-07-14 10:44:26,471 INFO  server.RaftServerConfigKeys (ConfUtils.java:logGet(43)) - raft.server.log.force.sync.num = 128 (default)
2019-07-14 10:44:26,471 INFO  server.RaftServerConfigKeys (ConfUtils.java:logGet(43)) - raft.server.log.statemachine.data.sync = true (default)
2019-07-14 10:44:26,471 INFO  server.RaftServerConfigKeys (ConfUtils.java:logGet(43)) - raft.server.log.statemachine.data.sync.timeout = 10s (default)
2019-07-14 10:44:26,472 INFO  server.RaftServerConfigKeys (ConfUtils.java:logGet(43)) - raft.server.log.statemachine.data.sync.timeout.retry = -1 (default)
2019-07-14 10:44:26,472 INFO  server.RaftServerConfigKeys (ConfUtils.java:logGet(43)) - raft.server.log.statemachine.data.caching.enabled = true (custom)
2019-07-14 10:44:26,472 INFO  segmented.SegmentedRaftLogWorker (SegmentedRaftLogWorker.java:lambda$new$0(132)) - 1cecd33d-bb15-4021-8928-f4e4bf07f303-SegmentedRaftLogWorker:Storage Directory /workdir/hadoop-ozone/integration-test/target/test-dir/MiniOzoneClusterImpl-d0d75479-cbfc-4267-8062-a3c34fb2ee67/datanode-6/data/ratis/29ecddd9-3d30-4b06-88cb-f80ecc06148b: flushIndex: setUnconditionally 0 -> -1
2019-07-14 10:44:26,473 INFO  server.RaftServerConfigKeys (ConfUtils.java:logGet(43)) - raft.server.snapshot.auto.trigger.enabled = true (custom)
2019-07-14 10:44:26,473 INFO  server.RaftServerConfigKeys (ConfUtils.java:logGet(43)) - raft.server.snapshot.auto.trigger.threshold = 10000 (custom)
2019-07-14 10:44:26,473 INFO  server.RaftServerConfigKeys (ConfUtils.java:logGet(43)) - raft.server.retrycache.expirytime = 600000ms (custom)
2019-07-14 10:44:26,473 INFO  impl.RaftServerImpl (RaftServerImpl.java:start(180)) - 1cecd33d-bb15-4021-8928-f4e4bf07f303: start group-F80ECC06148B
2019-07-14 10:44:26,473 INFO  impl.RaftServerImpl (RaftServerImpl.java:setRole(171)) - 1cecd33d-bb15-4021-8928-f4e4bf07f303:group-F80ECC06148B changes role from null to FOLLOWER at term 0 for startAsFollower
2019-07-14 10:44:26,473 INFO  impl.RoleInfo (RoleInfo.java:updateAndGet(143)) - 1cecd33d-bb15-4021-8928-f4e4bf07f303: start FollowerState
2019-07-14 10:44:26,474 INFO  util.JmxRegister (JmxRegister.java:tryRegister(44)) - Successfully registered JMX Bean with object name Ratis:service=RaftServer,group=group-F80ECC06148B,id=1cecd33d-bb15-4021-8928-f4e4bf07f303
2019-07-14 10:44:26,487 INFO  pipeline.PipelineStateManager (PipelineStateManager.java:addPipeline(56)) - Created pipeline Pipeline[ Id: 29ecddd9-3d30-4b06-88cb-f80ecc06148b, Nodes: 1cecd33d-bb15-4021-8928-f4e4bf07f303{ip: 192.168.157.209, host: trunk-nightly-fxmrv-2540794721, networkLocation: /default-rack, certSerialId: null}, Type:RATIS, Factor:ONE, State:OPEN]
2019-07-14 10:44:26,506 INFO  impl.RaftServerProxy (RaftServerProxy.java:addNew(89)) - eb62a69c-ba0e-428c-befd-cb4e748e66ff: addNew group-A8C0194959E8:[eb62a69c-ba0e-428c-befd-cb4e748e66ff:192.168.157.209:41245] returns group-A8C0194959E8:java.util.concurrent.CompletableFuture@27bc4645[Not completed]
2019-07-14 10:44:26,508 INFO  impl.RaftServerImpl (RaftServerImpl.java:<init>(93)) - eb62a69c-ba0e-428c-befd-cb4e748e66ff: new RaftServerImpl for group-A8C0194959E8:[eb62a69c-ba0e-428c-befd-cb4e748e66ff:192.168.157.209:41245] with ContainerStateMachine:uninitialized
2019-07-14 10:44:26,509 INFO  server.RaftServerConfigKeys (ConfUtils.java:logGet(43)) - raft.server.rpc.timeout.min = 5s (custom)
2019-07-14 10:44:26,509 INFO  server.RaftServerConfigKeys (ConfUtils.java:logGet(43)) - raft.server.rpc.timeout.max = 5200ms (custom)
2019-07-14 10:44:26,509 INFO  server.RaftServerConfigKeys (ConfUtils.java:logGet(43)) - raft.server.rpcslowness.timeout = 120s (custom)
2019-07-14 10:44:26,509 INFO  server.RaftServerConfigKeys (ConfUtils.java:logGet(43)) - raft.server.sleep.deviation.threshold = 300 (default)
2019-07-14 10:44:26,509 INFO  server.RaftServerConfigKeys (ConfUtils.java:logGet(43)) - raft.server.log.appender.install.snapshot.enabled = false (custom)
2019-07-14 10:44:26,510 INFO  impl.RaftServerImpl (ServerState.java:<init>(105)) - eb62a69c-ba0e-428c-befd-cb4e748e66ff:group-A8C0194959E8 ConfigurationManager, init=-1: [eb62a69c-ba0e-428c-befd-cb4e748e66ff:192.168.157.209:41245], old=null, confs=<EMPTY_MAP>
2019-07-14 10:44:26,510 INFO  server.RaftServerConfigKeys (ConfUtils.java:logGet(43)) - raft.server.storage.dir = [/workdir/hadoop-ozone/integration-test/target/test-dir/MiniOzoneClusterImpl-d0d75479-cbfc-4267-8062-a3c34fb2ee67/datanode-4/data/ratis] (custom)
2019-07-14 10:44:26,510 INFO  storage.RaftStorageDirectory (RaftStorageDirectory.java:analyzeStorage(246)) - The storage directory /workdir/hadoop-ozone/integration-test/target/test-dir/MiniOzoneClusterImpl-d0d75479-cbfc-4267-8062-a3c34fb2ee67/datanode-4/data/ratis/5aa17714-19c8-4d3d-a1c4-a8c0194959e8 does not exist. Creating ...
2019-07-14 10:44:26,523 INFO  storage.RaftStorageDirectory (RaftStorageDirectory.java:tryLock(328)) - Lock on /workdir/hadoop-ozone/integration-test/target/test-dir/MiniOzoneClusterImpl-d0d75479-cbfc-4267-8062-a3c34fb2ee67/datanode-4/data/ratis/5aa17714-19c8-4d3d-a1c4-a8c0194959e8/in_use.lock acquired by nodename 24855@trunk-nightly-fxmrv-2540794721
2019-07-14 10:44:26,536 INFO  storage.RaftStorage (RaftStorage.java:format(72)) - Storage directory /workdir/hadoop-ozone/integration-test/target/test-dir/MiniOzoneClusterImpl-d0d75479-cbfc-4267-8062-a3c34fb2ee67/datanode-4/data/ratis/5aa17714-19c8-4d3d-a1c4-a8c0194959e8 has been successfully formatted.
2019-07-14 10:44:26,537 INFO  ratis.ContainerStateMachine (ContainerStateMachine.java:loadSnapshot(200)) - group-A8C0194959E8: The snapshot info is null. Setting the last applied indexto:(t:0, i:~)
2019-07-14 10:44:26,537 INFO  server.RaftServerConfigKeys (ConfUtils.java:logGet(43)) - raft.server.leader.election.timeout = 120s (custom)
2019-07-14 10:44:26,537 INFO  server.RaftServerConfigKeys (ConfUtils.java:logGet(43)) - raft.server.log.use.memory = false (default)
2019-07-14 10:44:26,537 INFO  server.RaftServerConfigKeys (ConfUtils.java:logGet(43)) - raft.server.log.purge.gap = 1000000000 (custom)
2019-07-14 10:44:26,537 INFO  server.RaftServerConfigKeys (ConfUtils.java:logGet(43)) - raft.server.log.appender.buffer.byte-limit = 33554432 (custom)
2019-07-14 10:44:26,537 INFO  server.RaftServerConfigKeys (ConfUtils.java:logGet(43)) - raft.server.log.segment.size.max = 1048576 (custom)
2019-07-14 10:44:26,537 INFO  server.RaftServerConfigKeys (ConfUtils.java:logGet(43)) - raft.server.log.segment.cache.num.max = 2 (custom)
2019-07-14 10:44:26,538 INFO  segmented.SegmentedRaftLogWorker (SegmentedRaftLogWorker.java:<init>(172)) - new eb62a69c-ba0e-428c-befd-cb4e748e66ff-SegmentedRaftLogWorker:Storage Directory /workdir/hadoop-ozone/integration-test/target/test-dir/MiniOzoneClusterImpl-d0d75479-cbfc-4267-8062-a3c34fb2ee67/datanode-4/data/ratis/5aa17714-19c8-4d3d-a1c4-a8c0194959e8 for RaftStorage:Storage Directory /workdir/hadoop-ozone/integration-test/target/test-dir/MiniOzoneClusterImpl-d0d75479-cbfc-4267-8062-a3c34fb2ee67/datanode-4/data/ratis/5aa17714-19c8-4d3d-a1c4-a8c0194959e8
2019-07-14 10:44:26,538 INFO  server.RaftServerConfigKeys (ConfUtils.java:logGet(43)) - raft.server.log.queue.byte-limit = 2147483647 (custom)
2019-07-14 10:44:26,538 INFO  server.RaftServerConfigKeys (ConfUtils.java:logGet(43)) - raft.server.log.queue.element-limit = 1024 (custom)
2019-07-14 10:44:26,538 INFO  server.RaftServerConfigKeys (ConfUtils.java:logGet(43)) - raft.server.log.segment.size.max = 1048576 (custom)
2019-07-14 10:44:26,538 INFO  server.RaftServerConfigKeys (ConfUtils.java:logGet(43)) - raft.server.log.preallocated.size = 16384 (custom)
2019-07-14 10:44:26,539 INFO  server.RaftServerConfigKeys (ConfUtils.java:logGet(43)) - raft.server.log.write.buffer.size = 33554432 (custom)
2019-07-14 10:44:26,539 INFO  server.RaftServerConfigKeys (ConfUtils.java:logGet(43)) - raft.server.log.force.sync.num = 128 (default)
2019-07-14 10:44:26,539 INFO  server.RaftServerConfigKeys (ConfUtils.java:logGet(43)) - raft.server.log.statemachine.data.sync = true (default)
2019-07-14 10:44:26,539 INFO  server.RaftServerConfigKeys (ConfUtils.java:logGet(43)) - raft.server.log.statemachine.data.sync.timeout = 10s (default)
2019-07-14 10:44:26,539 INFO  server.RaftServerConfigKeys (ConfUtils.java:logGet(43)) - raft.server.log.statemachine.data.sync.timeout.retry = -1 (default)
2019-07-14 10:44:26,540 INFO  server.RaftServerConfigKeys (ConfUtils.java:logGet(43)) - raft.server.log.statemachine.data.caching.enabled = true (custom)
2019-07-14 10:44:26,540 INFO  segmented.SegmentedRaftLogWorker (SegmentedRaftLogWorker.java:lambda$new$0(132)) - eb62a69c-ba0e-428c-befd-cb4e748e66ff-SegmentedRaftLogWorker:Storage Directory /workdir/hadoop-ozone/integration-test/target/test-dir/MiniOzoneClusterImpl-d0d75479-cbfc-4267-8062-a3c34fb2ee67/datanode-4/data/ratis/5aa17714-19c8-4d3d-a1c4-a8c0194959e8: flushIndex: setUnconditionally 0 -> -1
2019-07-14 10:44:26,540 INFO  server.RaftServerConfigKeys (ConfUtils.java:logGet(43)) - raft.server.snapshot.auto.trigger.enabled = true (custom)
2019-07-14 10:44:26,541 INFO  server.RaftServerConfigKeys (ConfUtils.java:logGet(43)) - raft.server.snapshot.auto.trigger.threshold = 10000 (custom)
2019-07-14 10:44:26,541 INFO  server.RaftServerConfigKeys (ConfUtils.java:logGet(43)) - raft.server.retrycache.expirytime = 600000ms (custom)
2019-07-14 10:44:26,541 INFO  impl.RaftServerImpl (RaftServerImpl.java:start(180)) - eb62a69c-ba0e-428c-befd-cb4e748e66ff: start group-A8C0194959E8
2019-07-14 10:44:26,541 INFO  impl.RaftServerImpl (RaftServerImpl.java:setRole(171)) - eb62a69c-ba0e-428c-befd-cb4e748e66ff:group-A8C0194959E8 changes role from null to FOLLOWER at term 0 for startAsFollower
2019-07-14 10:44:26,542 INFO  impl.RoleInfo (RoleInfo.java:updateAndGet(143)) - eb62a69c-ba0e-428c-befd-cb4e748e66ff: start FollowerState
2019-07-14 10:44:26,542 INFO  util.JmxRegister (JmxRegister.java:tryRegister(44)) - Successfully registered JMX Bean with object name Ratis:service=RaftServer,group=group-A8C0194959E8,id=eb62a69c-ba0e-428c-befd-cb4e748e66ff
2019-07-14 10:44:26,561 INFO  pipeline.PipelineStateManager (PipelineStateManager.java:addPipeline(56)) - Created pipeline Pipeline[ Id: 5aa17714-19c8-4d3d-a1c4-a8c0194959e8, Nodes: eb62a69c-ba0e-428c-befd-cb4e748e66ff{ip: 192.168.157.209, host: trunk-nightly-fxmrv-2540794721, networkLocation: /default-rack, certSerialId: null}, Type:RATIS, Factor:ONE, State:OPEN]
2019-07-14 10:44:26,601 INFO  impl.RaftServerProxy (RaftServerProxy.java:addNew(89)) - c8598515-65c5-4bb9-bfb5-ce6a9d9d28f6: addNew group-00B57133DE59:[ff375dc0-9cb5-45d1-bd28-e2fef21c954c:192.168.157.209:40178, c8598515-65c5-4bb9-bfb5-ce6a9d9d28f6:192.168.157.209:35669, c7d10479-3d5f-4018-8d1a-d6ec9a3ad4d5:192.168.157.209:44214] returns group-00B57133DE59:java.util.concurrent.CompletableFuture@4d6b315[Not completed]
2019-07-14 10:44:26,603 INFO  impl.RaftServerProxy (RaftServerProxy.java:addNew(89)) - c7d10479-3d5f-4018-8d1a-d6ec9a3ad4d5: addNew group-00B57133DE59:[ff375dc0-9cb5-45d1-bd28-e2fef21c954c:192.168.157.209:40178, c8598515-65c5-4bb9-bfb5-ce6a9d9d28f6:192.168.157.209:35669, c7d10479-3d5f-4018-8d1a-d6ec9a3ad4d5:192.168.157.209:44214] returns group-00B57133DE59:java.util.concurrent.CompletableFuture@15111b41[Not completed]
2019-07-14 10:44:26,604 INFO  impl.RaftServerProxy (RaftServerProxy.java:addNew(89)) - ff375dc0-9cb5-45d1-bd28-e2fef21c954c: addNew group-00B57133DE59:[ff375dc0-9cb5-45d1-bd28-e2fef21c954c:192.168.157.209:40178, c8598515-65c5-4bb9-bfb5-ce6a9d9d28f6:192.168.157.209:35669, c7d10479-3d5f-4018-8d1a-d6ec9a3ad4d5:192.168.157.209:44214] returns group-00B57133DE59:java.util.concurrent.CompletableFuture@39c12844[Not completed]
2019-07-14 10:44:26,604 INFO  impl.RaftServerImpl (RaftServerImpl.java:<init>(93)) - c8598515-65c5-4bb9-bfb5-ce6a9d9d28f6: new RaftServerImpl for group-00B57133DE59:[ff375dc0-9cb5-45d1-bd28-e2fef21c954c:192.168.157.209:40178, c8598515-65c5-4bb9-bfb5-ce6a9d9d28f6:192.168.157.209:35669, c7d10479-3d5f-4018-8d1a-d6ec9a3ad4d5:192.168.157.209:44214] with ContainerStateMachine:uninitialized
2019-07-14 10:44:26,604 INFO  server.RaftServerConfigKeys (ConfUtils.java:logGet(43)) - raft.server.rpc.timeout.min = 5s (custom)
2019-07-14 10:44:26,605 INFO  server.RaftServerConfigKeys (ConfUtils.java:logGet(43)) - raft.server.rpc.timeout.max = 5200ms (custom)
2019-07-14 10:44:26,605 INFO  server.RaftServerConfigKeys (ConfUtils.java:logGet(43)) - raft.server.rpcslowness.timeout = 120s (custom)
2019-07-14 10:44:26,605 INFO  server.RaftServerConfigKeys (ConfUtils.java:logGet(43)) - raft.server.sleep.deviation.threshold = 300 (default)
2019-07-14 10:44:26,605 INFO  server.RaftServerConfigKeys (ConfUtils.java:logGet(43)) - raft.server.log.appender.install.snapshot.enabled = false (custom)
2019-07-14 10:44:26,605 INFO  impl.RaftServerImpl (ServerState.java:<init>(105)) - c8598515-65c5-4bb9-bfb5-ce6a9d9d28f6:group-00B57133DE59 ConfigurationManager, init=-1: [ff375dc0-9cb5-45d1-bd28-e2fef21c954c:192.168.157.209:40178, c8598515-65c5-4bb9-bfb5-ce6a9d9d28f6:192.168.157.209:35669, c7d10479-3d5f-4018-8d1a-d6ec9a3ad4d5:192.168.157.209:44214], old=null, confs=<EMPTY_MAP>
2019-07-14 10:44:26,605 INFO  impl.RaftServerImpl (RaftServerImpl.java:<init>(93)) - ff375dc0-9cb5-45d1-bd28-e2fef21c954c: new RaftServerImpl for group-00B57133DE59:[ff375dc0-9cb5-45d1-bd28-e2fef21c954c:192.168.157.209:40178, c8598515-65c5-4bb9-bfb5-ce6a9d9d28f6:192.168.157.209:35669, c7d10479-3d5f-4018-8d1a-d6ec9a3ad4d5:192.168.157.209:44214] with ContainerStateMachine:uninitialized
2019-07-14 10:44:26,605 INFO  server.RaftServerConfigKeys (ConfUtils.java:logGet(43)) - raft.server.storage.dir = [/workdir/hadoop-ozone/integration-test/target/test-dir/MiniOzoneClusterImpl-d0d75479-cbfc-4267-8062-a3c34fb2ee67/datanode-3/data/ratis] (custom)
2019-07-14 10:44:26,605 INFO  server.RaftServerConfigKeys (ConfUtils.java:logGet(43)) - raft.server.rpc.timeout.min = 5s (custom)
2019-07-14 10:44:26,606 INFO  server.RaftServerConfigKeys (ConfUtils.java:logGet(43)) - raft.server.rpc.timeout.max = 5200ms (custom)
2019-07-14 10:44:26,606 INFO  storage.RaftStorageDirectory (RaftStorageDirectory.java:analyzeStorage(246)) - The storage directory /workdir/hadoop-ozone/integration-test/target/test-dir/MiniOzoneClusterImpl-d0d75479-cbfc-4267-8062-a3c34fb2ee67/datanode-3/data/ratis/976a9283-917d-4672-baed-00b57133de59 does not exist. Creating ...
2019-07-14 10:44:26,606 INFO  server.RaftServerConfigKeys (ConfUtils.java:logGet(43)) - raft.server.rpcslowness.timeout = 120s (custom)
2019-07-14 10:44:26,606 INFO  impl.RaftServerImpl (RaftServerImpl.java:<init>(93)) - c7d10479-3d5f-4018-8d1a-d6ec9a3ad4d5: new RaftServerImpl for group-00B57133DE59:[ff375dc0-9cb5-45d1-bd28-e2fef21c954c:192.168.157.209:40178, c8598515-65c5-4bb9-bfb5-ce6a9d9d28f6:192.168.157.209:35669, c7d10479-3d5f-4018-8d1a-d6ec9a3ad4d5:192.168.157.209:44214] with ContainerStateMachine:uninitialized
2019-07-14 10:44:26,606 INFO  server.RaftServerConfigKeys (ConfUtils.java:logGet(43)) - raft.server.sleep.deviation.threshold = 300 (default)
2019-07-14 10:44:26,606 INFO  server.RaftServerConfigKeys (ConfUtils.java:logGet(43)) - raft.server.rpc.timeout.min = 5s (custom)
2019-07-14 10:44:26,606 INFO  server.RaftServerConfigKeys (ConfUtils.java:logGet(43)) - raft.server.log.appender.install.snapshot.enabled = false (custom)
2019-07-14 10:44:26,607 INFO  server.RaftServerConfigKeys (ConfUtils.java:logGet(43)) - raft.server.rpc.timeout.max = 5200ms (custom)
2019-07-14 10:44:26,607 INFO  impl.RaftServerImpl (ServerState.java:<init>(105)) - ff375dc0-9cb5-45d1-bd28-e2fef21c954c:group-00B57133DE59 ConfigurationManager, init=-1: [ff375dc0-9cb5-45d1-bd28-e2fef21c954c:192.168.157.209:40178, c8598515-65c5-4bb9-bfb5-ce6a9d9d28f6:192.168.157.209:35669, c7d10479-3d5f-4018-8d1a-d6ec9a3ad4d5:192.168.157.209:44214], old=null, confs=<EMPTY_MAP>
2019-07-14 10:44:26,607 INFO  server.RaftServerConfigKeys (ConfUtils.java:logGet(43)) - raft.server.rpcslowness.timeout = 120s (custom)
2019-07-14 10:44:26,607 INFO  server.RaftServerConfigKeys (ConfUtils.java:logGet(43)) - raft.server.storage.dir = [/workdir/hadoop-ozone/integration-test/target/test-dir/MiniOzoneClusterImpl-d0d75479-cbfc-4267-8062-a3c34fb2ee67/datanode-1/data/ratis] (custom)
2019-07-14 10:44:26,607 INFO  server.RaftServerConfigKeys (ConfUtils.java:logGet(43)) - raft.server.sleep.deviation.threshold = 300 (default)
2019-07-14 10:44:26,607 INFO  server.RaftServerConfigKeys (ConfUtils.java:logGet(43)) - raft.server.log.appender.install.snapshot.enabled = false (custom)
2019-07-14 10:44:26,608 INFO  storage.RaftStorageDirectory (RaftStorageDirectory.java:analyzeStorage(246)) - The storage directory /workdir/hadoop-ozone/integration-test/target/test-dir/MiniOzoneClusterImpl-d0d75479-cbfc-4267-8062-a3c34fb2ee67/datanode-1/data/ratis/976a9283-917d-4672-baed-00b57133de59 does not exist. Creating ...
2019-07-14 10:44:26,608 INFO  impl.RaftServerImpl (ServerState.java:<init>(105)) - c7d10479-3d5f-4018-8d1a-d6ec9a3ad4d5:group-00B57133DE59 ConfigurationManager, init=-1: [ff375dc0-9cb5-45d1-bd28-e2fef21c954c:192.168.157.209:40178, c8598515-65c5-4bb9-bfb5-ce6a9d9d28f6:192.168.157.209:35669, c7d10479-3d5f-4018-8d1a-d6ec9a3ad4d5:192.168.157.209:44214], old=null, confs=<EMPTY_MAP>
2019-07-14 10:44:26,608 INFO  server.RaftServerConfigKeys (ConfUtils.java:logGet(43)) - raft.server.storage.dir = [/workdir/hadoop-ozone/integration-test/target/test-dir/MiniOzoneClusterImpl-d0d75479-cbfc-4267-8062-a3c34fb2ee67/datanode-0/data/ratis] (custom)
2019-07-14 10:44:26,608 INFO  storage.RaftStorageDirectory (RaftStorageDirectory.java:analyzeStorage(246)) - The storage directory /workdir/hadoop-ozone/integration-test/target/test-dir/MiniOzoneClusterImpl-d0d75479-cbfc-4267-8062-a3c34fb2ee67/datanode-0/data/ratis/976a9283-917d-4672-baed-00b57133de59 does not exist. Creating ...
2019-07-14 10:44:26,619 INFO  storage.RaftStorageDirectory (RaftStorageDirectory.java:tryLock(328)) - Lock on /workdir/hadoop-ozone/integration-test/target/test-dir/MiniOzoneClusterImpl-d0d75479-cbfc-4267-8062-a3c34fb2ee67/datanode-3/data/ratis/976a9283-917d-4672-baed-00b57133de59/in_use.lock acquired by nodename 24855@trunk-nightly-fxmrv-2540794721
2019-07-14 10:44:26,619 INFO  storage.RaftStorageDirectory (RaftStorageDirectory.java:tryLock(328)) - Lock on /workdir/hadoop-ozone/integration-test/target/test-dir/MiniOzoneClusterImpl-d0d75479-cbfc-4267-8062-a3c34fb2ee67/datanode-1/data/ratis/976a9283-917d-4672-baed-00b57133de59/in_use.lock acquired by nodename 24855@trunk-nightly-fxmrv-2540794721
2019-07-14 10:44:26,619 INFO  storage.RaftStorageDirectory (RaftStorageDirectory.java:tryLock(328)) - Lock on /workdir/hadoop-ozone/integration-test/target/test-dir/MiniOzoneClusterImpl-d0d75479-cbfc-4267-8062-a3c34fb2ee67/datanode-0/data/ratis/976a9283-917d-4672-baed-00b57133de59/in_use.lock acquired by nodename 24855@trunk-nightly-fxmrv-2540794721
2019-07-14 10:44:26,638 INFO  storage.RaftStorage (RaftStorage.java:format(72)) - Storage directory /workdir/hadoop-ozone/integration-test/target/test-dir/MiniOzoneClusterImpl-d0d75479-cbfc-4267-8062-a3c34fb2ee67/datanode-3/data/ratis/976a9283-917d-4672-baed-00b57133de59 has been successfully formatted.
2019-07-14 10:44:26,638 INFO  storage.RaftStorage (RaftStorage.java:format(72)) - Storage directory /workdir/hadoop-ozone/integration-test/target/test-dir/MiniOzoneClusterImpl-d0d75479-cbfc-4267-8062-a3c34fb2ee67/datanode-0/data/ratis/976a9283-917d-4672-baed-00b57133de59 has been successfully formatted.
2019-07-14 10:44:26,638 INFO  storage.RaftStorage (RaftStorage.java:format(72)) - Storage directory /workdir/hadoop-ozone/integration-test/target/test-dir/MiniOzoneClusterImpl-d0d75479-cbfc-4267-8062-a3c34fb2ee67/datanode-1/data/ratis/976a9283-917d-4672-baed-00b57133de59 has been successfully formatted.
2019-07-14 10:44:26,639 INFO  ratis.ContainerStateMachine (ContainerStateMachine.java:loadSnapshot(200)) - group-00B57133DE59: The snapshot info is null. Setting the last applied indexto:(t:0, i:~)
2019-07-14 10:44:26,639 INFO  ratis.ContainerStateMachine (ContainerStateMachine.java:loadSnapshot(200)) - group-00B57133DE59: The snapshot info is null. Setting the last applied indexto:(t:0, i:~)
2019-07-14 10:44:26,639 INFO  server.RaftServerConfigKeys (ConfUtils.java:logGet(43)) - raft.server.leader.election.timeout = 120s (custom)
2019-07-14 10:44:26,639 INFO  ratis.ContainerStateMachine (ContainerStateMachine.java:loadSnapshot(200)) - group-00B57133DE59: The snapshot info is null. Setting the last applied indexto:(t:0, i:~)
2019-07-14 10:44:26,639 INFO  server.RaftServerConfigKeys (ConfUtils.java:logGet(43)) - raft.server.log.use.memory = false (default)
2019-07-14 10:44:26,639 INFO  server.RaftServerConfigKeys (ConfUtils.java:logGet(43)) - raft.server.leader.election.timeout = 120s (custom)
2019-07-14 10:44:26,640 INFO  server.RaftServerConfigKeys (ConfUtils.java:logGet(43)) - raft.server.log.purge.gap = 1000000000 (custom)
2019-07-14 10:44:26,640 INFO  server.RaftServerConfigKeys (ConfUtils.java:logGet(43)) - raft.server.leader.election.timeout = 120s (custom)
2019-07-14 10:44:26,640 INFO  server.RaftServerConfigKeys (ConfUtils.java:logGet(43)) - raft.server.log.appender.buffer.byte-limit = 33554432 (custom)
2019-07-14 10:44:26,640 INFO  server.RaftServerConfigKeys (ConfUtils.java:logGet(43)) - raft.server.log.use.memory = false (default)
2019-07-14 10:44:26,640 INFO  server.RaftServerConfigKeys (ConfUtils.java:logGet(43)) - raft.server.log.segment.size.max = 1048576 (custom)
2019-07-14 10:44:26,640 INFO  server.RaftServerConfigKeys (ConfUtils.java:logGet(43)) - raft.server.log.use.memory = false (default)
2019-07-14 10:44:26,641 INFO  server.RaftServerConfigKeys (ConfUtils.java:logGet(43)) - raft.server.log.segment.cache.num.max = 2 (custom)
2019-07-14 10:44:26,640 INFO  server.RaftServerConfigKeys (ConfUtils.java:logGet(43)) - raft.server.log.purge.gap = 1000000000 (custom)
2019-07-14 10:44:26,641 INFO  segmented.SegmentedRaftLogWorker (SegmentedRaftLogWorker.java:<init>(172)) - new c7d10479-3d5f-4018-8d1a-d6ec9a3ad4d5-SegmentedRaftLogWorker:Storage Directory /workdir/hadoop-ozone/integration-test/target/test-dir/MiniOzoneClusterImpl-d0d75479-cbfc-4267-8062-a3c34fb2ee67/datanode-0/data/ratis/976a9283-917d-4672-baed-00b57133de59 for RaftStorage:Storage Directory /workdir/hadoop-ozone/integration-test/target/test-dir/MiniOzoneClusterImpl-d0d75479-cbfc-4267-8062-a3c34fb2ee67/datanode-0/data/ratis/976a9283-917d-4672-baed-00b57133de59
2019-07-14 10:44:26,641 INFO  server.RaftServerConfigKeys (ConfUtils.java:logGet(43)) - raft.server.log.purge.gap = 1000000000 (custom)
2019-07-14 10:44:26,641 INFO  server.RaftServerConfigKeys (ConfUtils.java:logGet(43)) - raft.server.log.queue.byte-limit = 2147483647 (custom)
2019-07-14 10:44:26,641 INFO  server.RaftServerConfigKeys (ConfUtils.java:logGet(43)) - raft.server.log.appender.buffer.byte-limit = 33554432 (custom)
2019-07-14 10:44:26,644 INFO  server.RaftServerConfigKeys (ConfUtils.java:logGet(43)) - raft.server.log.queue.element-limit = 1024 (custom)
2019-07-14 10:44:26,641 INFO  server.RaftServerConfigKeys (ConfUtils.java:logGet(43)) - raft.server.log.appender.buffer.byte-limit = 33554432 (custom)
2019-07-14 10:44:26,644 INFO  server.RaftServerConfigKeys (ConfUtils.java:logGet(43)) - raft.server.log.segment.size.max = 1048576 (custom)
2019-07-14 10:44:26,644 INFO  server.RaftServerConfigKeys (ConfUtils.java:logGet(43)) - raft.server.log.segment.size.max = 1048576 (custom)
2019-07-14 10:44:26,644 INFO  server.RaftServerConfigKeys (ConfUtils.java:logGet(43)) - raft.server.log.preallocated.size = 16384 (custom)
2019-07-14 10:44:26,644 INFO  server.RaftServerConfigKeys (ConfUtils.java:logGet(43)) - raft.server.log.segment.size.max = 1048576 (custom)
2019-07-14 10:44:26,645 INFO  server.RaftServerConfigKeys (ConfUtils.java:logGet(43)) - raft.server.log.write.buffer.size = 33554432 (custom)
2019-07-14 10:44:26,644 INFO  server.RaftServerConfigKeys (ConfUtils.java:logGet(43)) - raft.server.log.segment.cache.num.max = 2 (custom)
2019-07-14 10:44:26,645 INFO  server.RaftServerConfigKeys (ConfUtils.java:logGet(43)) - raft.server.log.force.sync.num = 128 (default)
2019-07-14 10:44:26,645 INFO  server.RaftServerConfigKeys (ConfUtils.java:logGet(43)) - raft.server.log.statemachine.data.sync = true (default)
2019-07-14 10:44:26,645 INFO  server.RaftServerConfigKeys (ConfUtils.java:logGet(43)) - raft.server.log.segment.cache.num.max = 2 (custom)
2019-07-14 10:44:26,645 INFO  server.RaftServerConfigKeys (ConfUtils.java:logGet(43)) - raft.server.log.statemachine.data.sync.timeout = 10s (default)
2019-07-14 10:44:26,646 INFO  server.RaftServerConfigKeys (ConfUtils.java:logGet(43)) - raft.server.log.statemachine.data.sync.timeout.retry = -1 (default)
2019-07-14 10:44:26,645 INFO  segmented.SegmentedRaftLogWorker (SegmentedRaftLogWorker.java:<init>(172)) - new c8598515-65c5-4bb9-bfb5-ce6a9d9d28f6-SegmentedRaftLogWorker:Storage Directory /workdir/hadoop-ozone/integration-test/target/test-dir/MiniOzoneClusterImpl-d0d75479-cbfc-4267-8062-a3c34fb2ee67/datanode-3/data/ratis/976a9283-917d-4672-baed-00b57133de59 for RaftStorage:Storage Directory /workdir/hadoop-ozone/integration-test/target/test-dir/MiniOzoneClusterImpl-d0d75479-cbfc-4267-8062-a3c34fb2ee67/datanode-3/data/ratis/976a9283-917d-4672-baed-00b57133de59
2019-07-14 10:44:26,646 INFO  server.RaftServerConfigKeys (ConfUtils.java:logGet(43)) - raft.server.log.statemachine.data.caching.enabled = true (custom)
2019-07-14 10:44:26,646 INFO  segmented.SegmentedRaftLogWorker (SegmentedRaftLogWorker.java:<init>(172)) - new ff375dc0-9cb5-45d1-bd28-e2fef21c954c-SegmentedRaftLogWorker:Storage Directory /workdir/hadoop-ozone/integration-test/target/test-dir/MiniOzoneClusterImpl-d0d75479-cbfc-4267-8062-a3c34fb2ee67/datanode-1/data/ratis/976a9283-917d-4672-baed-00b57133de59 for RaftStorage:Storage Directory /workdir/hadoop-ozone/integration-test/target/test-dir/MiniOzoneClusterImpl-d0d75479-cbfc-4267-8062-a3c34fb2ee67/datanode-1/data/ratis/976a9283-917d-4672-baed-00b57133de59
2019-07-14 10:44:26,648 INFO  segmented.SegmentedRaftLogWorker (SegmentedRaftLogWorker.java:lambda$new$0(132)) - c7d10479-3d5f-4018-8d1a-d6ec9a3ad4d5-SegmentedRaftLogWorker:Storage Directory /workdir/hadoop-ozone/integration-test/target/test-dir/MiniOzoneClusterImpl-d0d75479-cbfc-4267-8062-a3c34fb2ee67/datanode-0/data/ratis/976a9283-917d-4672-baed-00b57133de59: flushIndex: setUnconditionally 0 -> -1
2019-07-14 10:44:26,646 INFO  server.RaftServerConfigKeys (ConfUtils.java:logGet(43)) - raft.server.log.queue.byte-limit = 2147483647 (custom)
2019-07-14 10:44:26,651 INFO  server.RaftServerConfigKeys (ConfUtils.java:logGet(43)) - raft.server.snapshot.auto.trigger.enabled = true (custom)
2019-07-14 10:44:26,648 INFO  server.RaftServerConfigKeys (ConfUtils.java:logGet(43)) - raft.server.log.queue.byte-limit = 2147483647 (custom)
2019-07-14 10:44:26,651 INFO  server.RaftServerConfigKeys (ConfUtils.java:logGet(43)) - raft.server.snapshot.auto.trigger.threshold = 10000 (custom)
2019-07-14 10:44:26,651 INFO  server.RaftServerConfigKeys (ConfUtils.java:logGet(43)) - raft.server.log.queue.element-limit = 1024 (custom)
2019-07-14 10:44:26,651 INFO  server.RaftServerConfigKeys (ConfUtils.java:logGet(43)) - raft.server.retrycache.expirytime = 600000ms (custom)
2019-07-14 10:44:26,651 INFO  server.RaftServerConfigKeys (ConfUtils.java:logGet(43)) - raft.server.log.queue.element-limit = 1024 (custom)
2019-07-14 10:44:26,652 INFO  impl.RaftServerImpl (RaftServerImpl.java:start(180)) - c7d10479-3d5f-4018-8d1a-d6ec9a3ad4d5: start group-00B57133DE59
2019-07-14 10:44:26,651 INFO  server.RaftServerConfigKeys (ConfUtils.java:logGet(43)) - raft.server.log.segment.size.max = 1048576 (custom)
2019-07-14 10:44:26,652 INFO  impl.RaftServerImpl (RaftServerImpl.java:setRole(171)) - c7d10479-3d5f-4018-8d1a-d6ec9a3ad4d5:group-00B57133DE59 changes role from null to FOLLOWER at term 0 for startAsFollower
2019-07-14 10:44:26,652 INFO  server.RaftServerConfigKeys (ConfUtils.java:logGet(43)) - raft.server.log.segment.size.max = 1048576 (custom)
2019-07-14 10:44:26,652 INFO  impl.RoleInfo (RoleInfo.java:updateAndGet(143)) - c7d10479-3d5f-4018-8d1a-d6ec9a3ad4d5: start FollowerState
2019-07-14 10:44:26,652 INFO  server.RaftServerConfigKeys (ConfUtils.java:logGet(43)) - raft.server.log.preallocated.size = 16384 (custom)
2019-07-14 10:44:26,652 INFO  server.RaftServerConfigKeys (ConfUtils.java:logGet(43)) - raft.server.log.preallocated.size = 16384 (custom)
2019-07-14 10:44:26,653 INFO  util.JmxRegister (JmxRegister.java:tryRegister(44)) - Successfully registered JMX Bean with object name Ratis:service=RaftServer,group=group-00B57133DE59,id=c7d10479-3d5f-4018-8d1a-d6ec9a3ad4d5
2019-07-14 10:44:26,653 INFO  server.RaftServerConfigKeys (ConfUtils.java:logGet(43)) - raft.server.log.write.buffer.size = 33554432 (custom)
2019-07-14 10:44:26,653 INFO  server.RaftServerConfigKeys (ConfUtils.java:logGet(43)) - raft.server.log.write.buffer.size = 33554432 (custom)
2019-07-14 10:44:26,653 INFO  server.RaftServerConfigKeys (ConfUtils.java:logGet(43)) - raft.server.log.force.sync.num = 128 (default)
2019-07-14 10:44:26,654 INFO  server.RaftServerConfigKeys (ConfUtils.java:logGet(43)) - raft.server.log.force.sync.num = 128 (default)
2019-07-14 10:44:26,654 INFO  server.RaftServerConfigKeys (ConfUtils.java:logGet(43)) - raft.server.log.statemachine.data.sync = true (default)
2019-07-14 10:44:26,654 INFO  server.RaftServerConfigKeys (ConfUtils.java:logGet(43)) - raft.server.log.statemachine.data.sync = true (default)
2019-07-14 10:44:26,654 INFO  server.RaftServerConfigKeys (ConfUtils.java:logGet(43)) - raft.server.log.statemachine.data.sync.timeout = 10s (default)
2019-07-14 10:44:26,654 INFO  server.RaftServerConfigKeys (ConfUtils.java:logGet(43)) - raft.server.log.statemachine.data.sync.timeout = 10s (default)
2019-07-14 10:44:26,655 INFO  server.RaftServerConfigKeys (ConfUtils.java:logGet(43)) - raft.server.log.statemachine.data.sync.timeout.retry = -1 (default)
2019-07-14 10:44:26,655 INFO  server.RaftServerConfigKeys (ConfUtils.java:logGet(43)) - raft.server.log.statemachine.data.sync.timeout.retry = -1 (default)
2019-07-14 10:44:26,655 INFO  server.RaftServerConfigKeys (ConfUtils.java:logGet(43)) - raft.server.log.statemachine.data.caching.enabled = true (custom)
2019-07-14 10:44:26,657 INFO  server.RaftServerConfigKeys (ConfUtils.java:logGet(43)) - raft.server.log.statemachine.data.caching.enabled = true (custom)
2019-07-14 10:44:26,659 INFO  segmented.SegmentedRaftLogWorker (SegmentedRaftLogWorker.java:lambda$new$0(132)) - c8598515-65c5-4bb9-bfb5-ce6a9d9d28f6-SegmentedRaftLogWorker:Storage Directory /workdir/hadoop-ozone/integration-test/target/test-dir/MiniOzoneClusterImpl-d0d75479-cbfc-4267-8062-a3c34fb2ee67/datanode-3/data/ratis/976a9283-917d-4672-baed-00b57133de59: flushIndex: setUnconditionally 0 -> -1
2019-07-14 10:44:26,660 INFO  segmented.SegmentedRaftLogWorker (SegmentedRaftLogWorker.java:lambda$new$0(132)) - ff375dc0-9cb5-45d1-bd28-e2fef21c954c-SegmentedRaftLogWorker:Storage Directory /workdir/hadoop-ozone/integration-test/target/test-dir/MiniOzoneClusterImpl-d0d75479-cbfc-4267-8062-a3c34fb2ee67/datanode-1/data/ratis/976a9283-917d-4672-baed-00b57133de59: flushIndex: setUnconditionally 0 -> -1
2019-07-14 10:44:26,661 INFO  server.RaftServerConfigKeys (ConfUtils.java:logGet(43)) - raft.server.snapshot.auto.trigger.enabled = true (custom)
2019-07-14 10:44:26,663 INFO  server.RaftServerConfigKeys (ConfUtils.java:logGet(43)) - raft.server.snapshot.auto.trigger.threshold = 10000 (custom)
2019-07-14 10:44:26,663 INFO  server.RaftServerConfigKeys (ConfUtils.java:logGet(43)) - raft.server.snapshot.auto.trigger.enabled = true (custom)
2019-07-14 10:44:26,663 INFO  server.RaftServerConfigKeys (ConfUtils.java:logGet(43)) - raft.server.retrycache.expirytime = 600000ms (custom)
2019-07-14 10:44:26,663 INFO  server.RaftServerConfigKeys (ConfUtils.java:logGet(43)) - raft.server.snapshot.auto.trigger.threshold = 10000 (custom)
2019-07-14 10:44:26,664 INFO  impl.RaftServerImpl (RaftServerImpl.java:start(180)) - c8598515-65c5-4bb9-bfb5-ce6a9d9d28f6: start group-00B57133DE59
2019-07-14 10:44:26,664 INFO  server.RaftServerConfigKeys (ConfUtils.java:logGet(43)) - raft.server.retrycache.expirytime = 600000ms (custom)
2019-07-14 10:44:26,664 INFO  impl.RaftServerImpl (RaftServerImpl.java:setRole(171)) - c8598515-65c5-4bb9-bfb5-ce6a9d9d28f6:group-00B57133DE59 changes role from null to FOLLOWER at term 0 for startAsFollower
2019-07-14 10:44:26,664 INFO  impl.RaftServerImpl (RaftServerImpl.java:start(180)) - ff375dc0-9cb5-45d1-bd28-e2fef21c954c: start group-00B57133DE59
2019-07-14 10:44:26,664 INFO  impl.RoleInfo (RoleInfo.java:updateAndGet(143)) - c8598515-65c5-4bb9-bfb5-ce6a9d9d28f6: start FollowerState
2019-07-14 10:44:26,664 INFO  impl.RaftServerImpl (RaftServerImpl.java:setRole(171)) - ff375dc0-9cb5-45d1-bd28-e2fef21c954c:group-00B57133DE59 changes role from null to FOLLOWER at term 0 for startAsFollower
2019-07-14 10:44:26,665 INFO  impl.RoleInfo (RoleInfo.java:updateAndGet(143)) - ff375dc0-9cb5-45d1-bd28-e2fef21c954c: start FollowerState
2019-07-14 10:44:26,665 INFO  util.JmxRegister (JmxRegister.java:tryRegister(44)) - Successfully registered JMX Bean with object name Ratis:service=RaftServer,group=group-00B57133DE59,id=c8598515-65c5-4bb9-bfb5-ce6a9d9d28f6
2019-07-14 10:44:26,665 INFO  util.JmxRegister (JmxRegister.java:tryRegister(44)) - Successfully registered JMX Bean with object name Ratis:service=RaftServer,group=group-00B57133DE59,id=ff375dc0-9cb5-45d1-bd28-e2fef21c954c
2019-07-14 10:44:26,680 INFO  pipeline.PipelineStateManager (PipelineStateManager.java:addPipeline(56)) - Created pipeline Pipeline[ Id: 976a9283-917d-4672-baed-00b57133de59, Nodes: c8598515-65c5-4bb9-bfb5-ce6a9d9d28f6{ip: 192.168.157.209, host: trunk-nightly-fxmrv-2540794721, networkLocation: /default-rack, certSerialId: null}ff375dc0-9cb5-45d1-bd28-e2fef21c954c{ip: 192.168.157.209, host: trunk-nightly-fxmrv-2540794721, networkLocation: /default-rack, certSerialId: null}c7d10479-3d5f-4018-8d1a-d6ec9a3ad4d5{ip: 192.168.157.209, host: trunk-nightly-fxmrv-2540794721, networkLocation: /default-rack, certSerialId: null}, Type:RATIS, Factor:THREE, State:OPEN]
2019-07-14 10:44:26,710 INFO  impl.RaftServerProxy (RaftServerProxy.java:addNew(89)) - 06ba8222-4d2c-4c23-8038-17270b72c5f0: addNew group-2CC995457397:[ccbd68d9-77a2-4857-9d3b-9ab097a27f9f:192.168.157.209:45953, 1cecd33d-bb15-4021-8928-f4e4bf07f303:192.168.157.209:39898, 06ba8222-4d2c-4c23-8038-17270b72c5f0:192.168.157.209:42209] returns group-2CC995457397:java.util.concurrent.CompletableFuture@7405b67c[Not completed]
2019-07-14 10:44:26,711 INFO  impl.RaftServerProxy (RaftServerProxy.java:addNew(89)) - 1cecd33d-bb15-4021-8928-f4e4bf07f303: addNew group-2CC995457397:[ccbd68d9-77a2-4857-9d3b-9ab097a27f9f:192.168.157.209:45953, 1cecd33d-bb15-4021-8928-f4e4bf07f303:192.168.157.209:39898, 06ba8222-4d2c-4c23-8038-17270b72c5f0:192.168.157.209:42209] returns group-2CC995457397:java.util.concurrent.CompletableFuture@4e50a97e[Not completed]
2019-07-14 10:44:26,713 INFO  impl.RaftServerProxy (RaftServerProxy.java:addNew(89)) - ccbd68d9-77a2-4857-9d3b-9ab097a27f9f: addNew group-2CC995457397:[ccbd68d9-77a2-4857-9d3b-9ab097a27f9f:192.168.157.209:45953, 1cecd33d-bb15-4021-8928-f4e4bf07f303:192.168.157.209:39898, 06ba8222-4d2c-4c23-8038-17270b72c5f0:192.168.157.209:42209] returns group-2CC995457397:java.util.concurrent.CompletableFuture@4120940e[Not completed]
2019-07-14 10:44:26,714 INFO  impl.RaftServerImpl (RaftServerImpl.java:<init>(93)) - 1cecd33d-bb15-4021-8928-f4e4bf07f303: new RaftServerImpl for group-2CC995457397:[ccbd68d9-77a2-4857-9d3b-9ab097a27f9f:192.168.157.209:45953, 1cecd33d-bb15-4021-8928-f4e4bf07f303:192.168.157.209:39898, 06ba8222-4d2c-4c23-8038-17270b72c5f0:192.168.157.209:42209] with ContainerStateMachine:uninitialized
2019-07-14 10:44:26,714 INFO  server.RaftServerConfigKeys (ConfUtils.java:logGet(43)) - raft.server.rpc.timeout.min = 5s (custom)
2019-07-14 10:44:26,714 INFO  server.RaftServerConfigKeys (ConfUtils.java:logGet(43)) - raft.server.rpc.timeout.max = 5200ms (custom)
2019-07-14 10:44:26,714 INFO  server.RaftServerConfigKeys (ConfUtils.java:logGet(43)) - raft.server.rpcslowness.timeout = 120s (custom)
2019-07-14 10:44:26,715 INFO  server.RaftServerConfigKeys (ConfUtils.java:logGet(43)) - raft.server.sleep.deviation.threshold = 300 (default)
2019-07-14 10:44:26,715 INFO  server.RaftServerConfigKeys (ConfUtils.java:logGet(43)) - raft.server.log.appender.install.snapshot.enabled = false (custom)
2019-07-14 10:44:26,715 INFO  impl.RaftServerImpl (ServerState.java:<init>(105)) - 1cecd33d-bb15-4021-8928-f4e4bf07f303:group-2CC995457397 ConfigurationManager, init=-1: [ccbd68d9-77a2-4857-9d3b-9ab097a27f9f:192.168.157.209:45953, 1cecd33d-bb15-4021-8928-f4e4bf07f303:192.168.157.209:39898, 06ba8222-4d2c-4c23-8038-17270b72c5f0:192.168.157.209:42209], old=null, confs=<EMPTY_MAP>
2019-07-14 10:44:26,715 INFO  impl.RaftServerImpl (RaftServerImpl.java:<init>(93)) - ccbd68d9-77a2-4857-9d3b-9ab097a27f9f: new RaftServerImpl for group-2CC995457397:[ccbd68d9-77a2-4857-9d3b-9ab097a27f9f:192.168.157.209:45953, 1cecd33d-bb15-4021-8928-f4e4bf07f303:192.168.157.209:39898, 06ba8222-4d2c-4c23-8038-17270b72c5f0:192.168.157.209:42209] with ContainerStateMachine:uninitialized
2019-07-14 10:44:26,715 INFO  server.RaftServerConfigKeys (ConfUtils.java:logGet(43)) - raft.server.storage.dir = [/workdir/hadoop-ozone/integration-test/target/test-dir/MiniOzoneClusterImpl-d0d75479-cbfc-4267-8062-a3c34fb2ee67/datanode-6/data/ratis] (custom)
2019-07-14 10:44:26,715 INFO  server.RaftServerConfigKeys (ConfUtils.java:logGet(43)) - raft.server.rpc.timeout.min = 5s (custom)
2019-07-14 10:44:26,716 INFO  server.RaftServerConfigKeys (ConfUtils.java:logGet(43)) - raft.server.rpc.timeout.max = 5200ms (custom)
2019-07-14 10:44:26,716 INFO  storage.RaftStorageDirectory (RaftStorageDirectory.java:analyzeStorage(246)) - The storage directory /workdir/hadoop-ozone/integration-test/target/test-dir/MiniOzoneClusterImpl-d0d75479-cbfc-4267-8062-a3c34fb2ee67/datanode-6/data/ratis/c97615c0-0df4-4caa-81c4-2cc995457397 does not exist. Creating ...
2019-07-14 10:44:26,716 INFO  server.RaftServerConfigKeys (ConfUtils.java:logGet(43)) - raft.server.rpcslowness.timeout = 120s (custom)
2019-07-14 10:44:26,716 INFO  impl.RaftServerImpl (RaftServerImpl.java:<init>(93)) - 06ba8222-4d2c-4c23-8038-17270b72c5f0: new RaftServerImpl for group-2CC995457397:[ccbd68d9-77a2-4857-9d3b-9ab097a27f9f:192.168.157.209:45953, 1cecd33d-bb15-4021-8928-f4e4bf07f303:192.168.157.209:39898, 06ba8222-4d2c-4c23-8038-17270b72c5f0:192.168.157.209:42209] with ContainerStateMachine:uninitialized
2019-07-14 10:44:26,716 INFO  server.RaftServerConfigKeys (ConfUtils.java:logGet(43)) - raft.server.sleep.deviation.threshold = 300 (default)
2019-07-14 10:44:26,716 INFO  server.RaftServerConfigKeys (ConfUtils.java:logGet(43)) - raft.server.rpc.timeout.min = 5s (custom)
2019-07-14 10:44:26,716 INFO  server.RaftServerConfigKeys (ConfUtils.java:logGet(43)) - raft.server.log.appender.install.snapshot.enabled = false (custom)
2019-07-14 10:44:26,717 INFO  server.RaftServerConfigKeys (ConfUtils.java:logGet(43)) - raft.server.rpc.timeout.max = 5200ms (custom)
2019-07-14 10:44:26,717 INFO  impl.RaftServerImpl (ServerState.java:<init>(105)) - ccbd68d9-77a2-4857-9d3b-9ab097a27f9f:group-2CC995457397 ConfigurationManager, init=-1: [ccbd68d9-77a2-4857-9d3b-9ab097a27f9f:192.168.157.209:45953, 1cecd33d-bb15-4021-8928-f4e4bf07f303:192.168.157.209:39898, 06ba8222-4d2c-4c23-8038-17270b72c5f0:192.168.157.209:42209], old=null, confs=<EMPTY_MAP>
2019-07-14 10:44:26,717 INFO  server.RaftServerConfigKeys (ConfUtils.java:logGet(43)) - raft.server.rpcslowness.timeout = 120s (custom)
2019-07-14 10:44:26,717 INFO  server.RaftServerConfigKeys (ConfUtils.java:logGet(43)) - raft.server.storage.dir = [/workdir/hadoop-ozone/integration-test/target/test-dir/MiniOzoneClusterImpl-d0d75479-cbfc-4267-8062-a3c34fb2ee67/datanode-2/data/ratis] (custom)
2019-07-14 10:44:26,717 INFO  server.RaftServerConfigKeys (ConfUtils.java:logGet(43)) - raft.server.sleep.deviation.threshold = 300 (default)
2019-07-14 10:44:26,718 INFO  server.RaftServerConfigKeys (ConfUtils.java:logGet(43)) - raft.server.log.appender.install.snapshot.enabled = false (custom)
2019-07-14 10:44:26,718 INFO  storage.RaftStorageDirectory (RaftStorageDirectory.java:analyzeStorage(246)) - The storage directory /workdir/hadoop-ozone/integration-test/target/test-dir/MiniOzoneClusterImpl-d0d75479-cbfc-4267-8062-a3c34fb2ee67/datanode-2/data/ratis/c97615c0-0df4-4caa-81c4-2cc995457397 does not exist. Creating ...
2019-07-14 10:44:26,718 INFO  impl.RaftServerImpl (ServerState.java:<init>(105)) - 06ba8222-4d2c-4c23-8038-17270b72c5f0:group-2CC995457397 ConfigurationManager, init=-1: [ccbd68d9-77a2-4857-9d3b-9ab097a27f9f:192.168.157.209:45953, 1cecd33d-bb15-4021-8928-f4e4bf07f303:192.168.157.209:39898, 06ba8222-4d2c-4c23-8038-17270b72c5f0:192.168.157.209:42209], old=null, confs=<EMPTY_MAP>
2019-07-14 10:44:26,718 INFO  server.RaftServerConfigKeys (ConfUtils.java:logGet(43)) - raft.server.storage.dir = [/workdir/hadoop-ozone/integration-test/target/test-dir/MiniOzoneClusterImpl-d0d75479-cbfc-4267-8062-a3c34fb2ee67/datanode-5/data/ratis] (custom)
2019-07-14 10:44:26,719 INFO  storage.RaftStorageDirectory (RaftStorageDirectory.java:analyzeStorage(246)) - The storage directory /workdir/hadoop-ozone/integration-test/target/test-dir/MiniOzoneClusterImpl-d0d75479-cbfc-4267-8062-a3c34fb2ee67/datanode-5/data/ratis/c97615c0-0df4-4caa-81c4-2cc995457397 does not exist. Creating ...
2019-07-14 10:44:26,729 INFO  storage.RaftStorageDirectory (RaftStorageDirectory.java:tryLock(328)) - Lock on /workdir/hadoop-ozone/integration-test/target/test-dir/MiniOzoneClusterImpl-d0d75479-cbfc-4267-8062-a3c34fb2ee67/datanode-5/data/ratis/c97615c0-0df4-4caa-81c4-2cc995457397/in_use.lock acquired by nodename 24855@trunk-nightly-fxmrv-2540794721
2019-07-14 10:44:26,729 INFO  storage.RaftStorageDirectory (RaftStorageDirectory.java:tryLock(328)) - Lock on /workdir/hadoop-ozone/integration-test/target/test-dir/MiniOzoneClusterImpl-d0d75479-cbfc-4267-8062-a3c34fb2ee67/datanode-6/data/ratis/c97615c0-0df4-4caa-81c4-2cc995457397/in_use.lock acquired by nodename 24855@trunk-nightly-fxmrv-2540794721
2019-07-14 10:44:26,729 INFO  storage.RaftStorageDirectory (RaftStorageDirectory.java:tryLock(328)) - Lock on /workdir/hadoop-ozone/integration-test/target/test-dir/MiniOzoneClusterImpl-d0d75479-cbfc-4267-8062-a3c34fb2ee67/datanode-2/data/ratis/c97615c0-0df4-4caa-81c4-2cc995457397/in_use.lock acquired by nodename 24855@trunk-nightly-fxmrv-2540794721
2019-07-14 10:44:26,755 INFO  storage.RaftStorage (RaftStorage.java:format(72)) - Storage directory /workdir/hadoop-ozone/integration-test/target/test-dir/MiniOzoneClusterImpl-d0d75479-cbfc-4267-8062-a3c34fb2ee67/datanode-6/data/ratis/c97615c0-0df4-4caa-81c4-2cc995457397 has been successfully formatted.
2019-07-14 10:44:26,755 INFO  storage.RaftStorage (RaftStorage.java:format(72)) - Storage directory /workdir/hadoop-ozone/integration-test/target/test-dir/MiniOzoneClusterImpl-d0d75479-cbfc-4267-8062-a3c34fb2ee67/datanode-5/data/ratis/c97615c0-0df4-4caa-81c4-2cc995457397 has been successfully formatted.
2019-07-14 10:44:26,755 INFO  storage.RaftStorage (RaftStorage.java:format(72)) - Storage directory /workdir/hadoop-ozone/integration-test/target/test-dir/MiniOzoneClusterImpl-d0d75479-cbfc-4267-8062-a3c34fb2ee67/datanode-2/data/ratis/c97615c0-0df4-4caa-81c4-2cc995457397 has been successfully formatted.
2019-07-14 10:44:26,756 INFO  ratis.ContainerStateMachine (ContainerStateMachine.java:loadSnapshot(200)) - group-2CC995457397: The snapshot info is null. Setting the last applied indexto:(t:0, i:~)
2019-07-14 10:44:26,756 INFO  ratis.ContainerStateMachine (ContainerStateMachine.java:loadSnapshot(200)) - group-2CC995457397: The snapshot info is null. Setting the last applied indexto:(t:0, i:~)
2019-07-14 10:44:26,756 INFO  server.RaftServerConfigKeys (ConfUtils.java:logGet(43)) - raft.server.leader.election.timeout = 120s (custom)
2019-07-14 10:44:26,756 INFO  ratis.ContainerStateMachine (ContainerStateMachine.java:loadSnapshot(200)) - group-2CC995457397: The snapshot info is null. Setting the last applied indexto:(t:0, i:~)
2019-07-14 10:44:26,756 INFO  server.RaftServerConfigKeys (ConfUtils.java:logGet(43)) - raft.server.log.use.memory = false (default)
2019-07-14 10:44:26,756 INFO  server.RaftServerConfigKeys (ConfUtils.java:logGet(43)) - raft.server.leader.election.timeout = 120s (custom)
2019-07-14 10:44:26,757 INFO  server.RaftServerConfigKeys (ConfUtils.java:logGet(43)) - raft.server.log.purge.gap = 1000000000 (custom)
2019-07-14 10:44:26,756 INFO  server.RaftServerConfigKeys (ConfUtils.java:logGet(43)) - raft.server.leader.election.timeout = 120s (custom)
2019-07-14 10:44:26,757 INFO  server.RaftServerConfigKeys (ConfUtils.java:logGet(43)) - raft.server.log.appender.buffer.byte-limit = 33554432 (custom)
2019-07-14 10:44:26,757 INFO  server.RaftServerConfigKeys (ConfUtils.java:logGet(43)) - raft.server.log.use.memory = false (default)
2019-07-14 10:44:26,757 INFO  server.RaftServerConfigKeys (ConfUtils.java:logGet(43)) - raft.server.log.segment.size.max = 1048576 (custom)
2019-07-14 10:44:26,757 INFO  server.RaftServerConfigKeys (ConfUtils.java:logGet(43)) - raft.server.log.use.memory = false (default)
2019-07-14 10:44:26,758 INFO  server.RaftServerConfigKeys (ConfUtils.java:logGet(43)) - raft.server.log.segment.cache.num.max = 2 (custom)
2019-07-14 10:44:26,757 INFO  server.RaftServerConfigKeys (ConfUtils.java:logGet(43)) - raft.server.log.purge.gap = 1000000000 (custom)
2019-07-14 10:44:26,758 INFO  segmented.SegmentedRaftLogWorker (SegmentedRaftLogWorker.java:<init>(172)) - new 06ba8222-4d2c-4c23-8038-17270b72c5f0-SegmentedRaftLogWorker:Storage Directory /workdir/hadoop-ozone/integration-test/target/test-dir/MiniOzoneClusterImpl-d0d75479-cbfc-4267-8062-a3c34fb2ee67/datanode-5/data/ratis/c97615c0-0df4-4caa-81c4-2cc995457397 for RaftStorage:Storage Directory /workdir/hadoop-ozone/integration-test/target/test-dir/MiniOzoneClusterImpl-d0d75479-cbfc-4267-8062-a3c34fb2ee67/datanode-5/data/ratis/c97615c0-0df4-4caa-81c4-2cc995457397
2019-07-14 10:44:26,758 INFO  server.RaftServerConfigKeys (ConfUtils.java:logGet(43)) - raft.server.log.purge.gap = 1000000000 (custom)
2019-07-14 10:44:26,758 INFO  server.RaftServerConfigKeys (ConfUtils.java:logGet(43)) - raft.server.log.queue.byte-limit = 2147483647 (custom)
2019-07-14 10:44:26,758 INFO  server.RaftServerConfigKeys (ConfUtils.java:logGet(43)) - raft.server.log.appender.buffer.byte-limit = 33554432 (custom)
2019-07-14 10:44:26,761 INFO  server.RaftServerConfigKeys (ConfUtils.java:logGet(43)) - raft.server.log.queue.element-limit = 1024 (custom)
2019-07-14 10:44:26,759 INFO  server.RaftServerConfigKeys (ConfUtils.java:logGet(43)) - raft.server.log.appender.buffer.byte-limit = 33554432 (custom)
2019-07-14 10:44:26,762 INFO  server.RaftServerConfigKeys (ConfUtils.java:logGet(43)) - raft.server.log.segment.size.max = 1048576 (custom)
2019-07-14 10:44:26,761 INFO  server.RaftServerConfigKeys (ConfUtils.java:logGet(43)) - raft.server.log.segment.size.max = 1048576 (custom)
2019-07-14 10:44:26,762 INFO  server.RaftServerConfigKeys (ConfUtils.java:logGet(43)) - raft.server.log.preallocated.size = 16384 (custom)
2019-07-14 10:44:26,762 INFO  server.RaftServerConfigKeys (ConfUtils.java:logGet(43)) - raft.server.log.segment.size.max = 1048576 (custom)
2019-07-14 10:44:26,762 INFO  server.RaftServerConfigKeys (ConfUtils.java:logGet(43)) - raft.server.log.write.buffer.size = 33554432 (custom)
2019-07-14 10:44:26,762 INFO  server.RaftServerConfigKeys (ConfUtils.java:logGet(43)) - raft.server.log.segment.cache.num.max = 2 (custom)
2019-07-14 10:44:26,763 INFO  server.RaftServerConfigKeys (ConfUtils.java:logGet(43)) - raft.server.log.force.sync.num = 128 (default)
2019-07-14 10:44:26,763 INFO  server.RaftServerConfigKeys (ConfUtils.java:logGet(43)) - raft.server.log.segment.cache.num.max = 2 (custom)
2019-07-14 10:44:26,763 INFO  server.RaftServerConfigKeys (ConfUtils.java:logGet(43)) - raft.server.log.statemachine.data.sync = true (default)
2019-07-14 10:44:26,763 INFO  segmented.SegmentedRaftLogWorker (SegmentedRaftLogWorker.java:<init>(172)) - new 1cecd33d-bb15-4021-8928-f4e4bf07f303-SegmentedRaftLogWorker:Storage Directory /workdir/hadoop-ozone/integration-test/target/test-dir/MiniOzoneClusterImpl-d0d75479-cbfc-4267-8062-a3c34fb2ee67/datanode-6/data/ratis/c97615c0-0df4-4caa-81c4-2cc995457397 for RaftStorage:Storage Directory /workdir/hadoop-ozone/integration-test/target/test-dir/MiniOzoneClusterImpl-d0d75479-cbfc-4267-8062-a3c34fb2ee67/datanode-6/data/ratis/c97615c0-0df4-4caa-81c4-2cc995457397
2019-07-14 10:44:26,763 INFO  server.RaftServerConfigKeys (ConfUtils.java:logGet(43)) - raft.server.log.statemachine.data.sync.timeout = 10s (default)
2019-07-14 10:44:26,763 INFO  segmented.SegmentedRaftLogWorker (SegmentedRaftLogWorker.java:<init>(172)) - new ccbd68d9-77a2-4857-9d3b-9ab097a27f9f-SegmentedRaftLogWorker:Storage Directory /workdir/hadoop-ozone/integration-test/target/test-dir/MiniOzoneClusterImpl-d0d75479-cbfc-4267-8062-a3c34fb2ee67/datanode-2/data/ratis/c97615c0-0df4-4caa-81c4-2cc995457397 for RaftStorage:Storage Directory /workdir/hadoop-ozone/integration-test/target/test-dir/MiniOzoneClusterImpl-d0d75479-cbfc-4267-8062-a3c34fb2ee67/datanode-2/data/ratis/c97615c0-0df4-4caa-81c4-2cc995457397
2019-07-14 10:44:26,764 INFO  server.RaftServerConfigKeys (ConfUtils.java:logGet(43)) - raft.server.log.statemachine.data.sync.timeout.retry = -1 (default)
2019-07-14 10:44:26,763 INFO  server.RaftServerConfigKeys (ConfUtils.java:logGet(43)) - raft.server.log.queue.byte-limit = 2147483647 (custom)
2019-07-14 10:44:26,767 INFO  server.RaftServerConfigKeys (ConfUtils.java:logGet(43)) - raft.server.log.statemachine.data.caching.enabled = true (custom)
2019-07-14 10:44:26,765 INFO  server.RaftServerConfigKeys (ConfUtils.java:logGet(43)) - raft.server.log.queue.byte-limit = 2147483647 (custom)
2019-07-14 10:44:26,767 INFO  server.RaftServerConfigKeys (ConfUtils.java:logGet(43)) - raft.server.log.queue.element-limit = 1024 (custom)
2019-07-14 10:44:26,768 INFO  segmented.SegmentedRaftLogWorker (SegmentedRaftLogWorker.java:lambda$new$0(132)) - 06ba8222-4d2c-4c23-8038-17270b72c5f0-SegmentedRaftLogWorker:Storage Directory /workdir/hadoop-ozone/integration-test/target/test-dir/MiniOzoneClusterImpl-d0d75479-cbfc-4267-8062-a3c34fb2ee67/datanode-5/data/ratis/c97615c0-0df4-4caa-81c4-2cc995457397: flushIndex: setUnconditionally 0 -> -1
2019-07-14 10:44:26,768 INFO  server.RaftServerConfigKeys (ConfUtils.java:logGet(43)) - raft.server.log.queue.element-limit = 1024 (custom)
2019-07-14 10:44:26,768 INFO  server.RaftServerConfigKeys (ConfUtils.java:logGet(43)) - raft.server.log.segment.size.max = 1048576 (custom)
2019-07-14 10:44:26,768 INFO  server.RaftServerConfigKeys (ConfUtils.java:logGet(43)) - raft.server.log.segment.size.max = 1048576 (custom)
2019-07-14 10:44:26,768 INFO  server.RaftServerConfigKeys (ConfUtils.java:logGet(43)) - raft.server.snapshot.auto.trigger.enabled = true (custom)
2019-07-14 10:44:26,768 INFO  server.RaftServerConfigKeys (ConfUtils.java:logGet(43)) - raft.server.log.preallocated.size = 16384 (custom)
2019-07-14 10:44:26,769 INFO  server.RaftServerConfigKeys (ConfUtils.java:logGet(43)) - raft.server.log.write.buffer.size = 33554432 (custom)
2019-07-14 10:44:26,768 INFO  server.RaftServerConfigKeys (ConfUtils.java:logGet(43)) - raft.server.log.preallocated.size = 16384 (custom)
2019-07-14 10:44:26,769 INFO  server.RaftServerConfigKeys (ConfUtils.java:logGet(43)) - raft.server.log.force.sync.num = 128 (default)
2019-07-14 10:44:26,769 INFO  server.RaftServerConfigKeys (ConfUtils.java:logGet(43)) - raft.server.snapshot.auto.trigger.threshold = 10000 (custom)
2019-07-14 10:44:26,769 INFO  server.RaftServerConfigKeys (ConfUtils.java:logGet(43)) - raft.server.log.statemachine.data.sync = true (default)
2019-07-14 10:44:26,769 INFO  server.RaftServerConfigKeys (ConfUtils.java:logGet(43)) - raft.server.log.write.buffer.size = 33554432 (custom)
2019-07-14 10:44:26,770 INFO  server.RaftServerConfigKeys (ConfUtils.java:logGet(43)) - raft.server.log.statemachine.data.sync.timeout = 10s (default)
2019-07-14 10:44:26,770 INFO  server.RaftServerConfigKeys (ConfUtils.java:logGet(43)) - raft.server.retrycache.expirytime = 600000ms (custom)
2019-07-14 10:44:26,770 INFO  server.RaftServerConfigKeys (ConfUtils.java:logGet(43)) - raft.server.log.statemachine.data.sync.timeout.retry = -1 (default)
2019-07-14 10:44:26,770 INFO  server.RaftServerConfigKeys (ConfUtils.java:logGet(43)) - raft.server.log.force.sync.num = 128 (default)
2019-07-14 10:44:26,770 INFO  server.RaftServerConfigKeys (ConfUtils.java:logGet(43)) - raft.server.log.statemachine.data.caching.enabled = true (custom)
2019-07-14 10:44:26,770 INFO  impl.RaftServerImpl (RaftServerImpl.java:start(180)) - 06ba8222-4d2c-4c23-8038-17270b72c5f0: start group-2CC995457397
2019-07-14 10:44:26,771 INFO  server.RaftServerConfigKeys (ConfUtils.java:logGet(43)) - raft.server.log.statemachine.data.sync = true (default)
2019-07-14 10:44:26,771 INFO  impl.RaftServerImpl (RaftServerImpl.java:setRole(171)) - 06ba8222-4d2c-4c23-8038-17270b72c5f0:group-2CC995457397 changes role from null to FOLLOWER at term 0 for startAsFollower
2019-07-14 10:44:26,771 INFO  segmented.SegmentedRaftLogWorker (SegmentedRaftLogWorker.java:lambda$new$0(132)) - ccbd68d9-77a2-4857-9d3b-9ab097a27f9f-SegmentedRaftLogWorker:Storage Directory /workdir/hadoop-ozone/integration-test/target/test-dir/MiniOzoneClusterImpl-d0d75479-cbfc-4267-8062-a3c34fb2ee67/datanode-2/data/ratis/c97615c0-0df4-4caa-81c4-2cc995457397: flushIndex: setUnconditionally 0 -> -1
2019-07-14 10:44:26,771 INFO  impl.RoleInfo (RoleInfo.java:updateAndGet(143)) - 06ba8222-4d2c-4c23-8038-17270b72c5f0: start FollowerState
2019-07-14 10:44:26,771 INFO  server.RaftServerConfigKeys (ConfUtils.java:logGet(43)) - raft.server.log.statemachine.data.sync.timeout = 10s (default)
2019-07-14 10:44:26,772 INFO  server.RaftServerConfigKeys (ConfUtils.java:logGet(43)) - raft.server.snapshot.auto.trigger.enabled = true (custom)
2019-07-14 10:44:26,772 INFO  server.RaftServerConfigKeys (ConfUtils.java:logGet(43)) - raft.server.log.statemachine.data.sync.timeout.retry = -1 (default)
2019-07-14 10:44:26,772 INFO  server.RaftServerConfigKeys (ConfUtils.java:logGet(43)) - raft.server.snapshot.auto.trigger.threshold = 10000 (custom)
2019-07-14 10:44:26,772 INFO  util.JmxRegister (JmxRegister.java:tryRegister(44)) - Successfully registered JMX Bean with object name Ratis:service=RaftServer,group=group-2CC995457397,id=06ba8222-4d2c-4c23-8038-17270b72c5f0
2019-07-14 10:44:26,772 INFO  server.RaftServerConfigKeys (ConfUtils.java:logGet(43)) - raft.server.retrycache.expirytime = 600000ms (custom)
2019-07-14 10:44:26,772 INFO  server.RaftServerConfigKeys (ConfUtils.java:logGet(43)) - raft.server.log.statemachine.data.caching.enabled = true (custom)
2019-07-14 10:44:26,773 INFO  impl.RaftServerImpl (RaftServerImpl.java:start(180)) - ccbd68d9-77a2-4857-9d3b-9ab097a27f9f: start group-2CC995457397
2019-07-14 10:44:26,773 INFO  impl.RaftServerImpl (RaftServerImpl.java:setRole(171)) - ccbd68d9-77a2-4857-9d3b-9ab097a27f9f:group-2CC995457397 changes role from null to FOLLOWER at term 0 for startAsFollower
2019-07-14 10:44:26,773 INFO  segmented.SegmentedRaftLogWorker (SegmentedRaftLogWorker.java:lambda$new$0(132)) - 1cecd33d-bb15-4021-8928-f4e4bf07f303-SegmentedRaftLogWorker:Storage Directory /workdir/hadoop-ozone/integration-test/target/test-dir/MiniOzoneClusterImpl-d0d75479-cbfc-4267-8062-a3c34fb2ee67/datanode-6/data/ratis/c97615c0-0df4-4caa-81c4-2cc995457397: flushIndex: setUnconditionally 0 -> -1
2019-07-14 10:44:26,773 INFO  impl.RoleInfo (RoleInfo.java:updateAndGet(143)) - ccbd68d9-77a2-4857-9d3b-9ab097a27f9f: start FollowerState
2019-07-14 10:44:26,773 INFO  server.RaftServerConfigKeys (ConfUtils.java:logGet(43)) - raft.server.snapshot.auto.trigger.enabled = true (custom)
2019-07-14 10:44:26,774 INFO  server.RaftServerConfigKeys (ConfUtils.java:logGet(43)) - raft.server.snapshot.auto.trigger.threshold = 10000 (custom)
2019-07-14 10:44:26,774 INFO  util.JmxRegister (JmxRegister.java:tryRegister(44)) - Successfully registered JMX Bean with object name Ratis:service=RaftServer,group=group-2CC995457397,id=ccbd68d9-77a2-4857-9d3b-9ab097a27f9f
2019-07-14 10:44:26,774 INFO  server.RaftServerConfigKeys (ConfUtils.java:logGet(43)) - raft.server.retrycache.expirytime = 600000ms (custom)
2019-07-14 10:44:26,774 INFO  impl.RaftServerImpl (RaftServerImpl.java:start(180)) - 1cecd33d-bb15-4021-8928-f4e4bf07f303: start group-2CC995457397
2019-07-14 10:44:26,774 INFO  impl.RaftServerImpl (RaftServerImpl.java:setRole(171)) - 1cecd33d-bb15-4021-8928-f4e4bf07f303:group-2CC995457397 changes role from null to FOLLOWER at term 0 for startAsFollower
2019-07-14 10:44:26,774 INFO  impl.RoleInfo (RoleInfo.java:updateAndGet(143)) - 1cecd33d-bb15-4021-8928-f4e4bf07f303: start FollowerState
2019-07-14 10:44:26,781 INFO  util.JmxRegister (JmxRegister.java:tryRegister(44)) - Successfully registered JMX Bean with object name Ratis:service=RaftServer,group=group-2CC995457397,id=1cecd33d-bb15-4021-8928-f4e4bf07f303
2019-07-14 10:44:26,802 INFO  pipeline.PipelineStateManager (PipelineStateManager.java:addPipeline(56)) - Created pipeline Pipeline[ Id: c97615c0-0df4-4caa-81c4-2cc995457397, Nodes: ccbd68d9-77a2-4857-9d3b-9ab097a27f9f{ip: 192.168.157.209, host: trunk-nightly-fxmrv-2540794721, networkLocation: /default-rack, certSerialId: null}06ba8222-4d2c-4c23-8038-17270b72c5f0{ip: 192.168.157.209, host: trunk-nightly-fxmrv-2540794721, networkLocation: /default-rack, certSerialId: null}1cecd33d-bb15-4021-8928-f4e4bf07f303{ip: 192.168.157.209, host: trunk-nightly-fxmrv-2540794721, networkLocation: /default-rack, certSerialId: null}, Type:RATIS, Factor:THREE, State:OPEN]
2019-07-14 10:44:26,975 INFO  ozone.MiniOzoneClusterImpl (MiniOzoneClusterImpl.java:lambda$waitForClusterToBeReady$0(142)) - Cluster is ready. Got 7 of 7 DN Heartbeats.
2019-07-14 10:44:27,304 INFO  rpc.RpcClient (RpcClient.java:createVolume(287)) - Creating Volume: testblockoutputstreamwithretries, with jenkins1000 as owner.
2019-07-14 10:44:27,358 INFO  rpc.RpcClient (RpcClient.java:createBucket(424)) - Creating Bucket: testblockoutputstreamwithretries/testblockoutputstreamwithretries, with Versioning false and Storage Type set to DISK and Encryption set to false 
2019-07-14 10:44:27,662 INFO  client.GrpcClientProtocolClient (GrpcClientProtocolClient.java:onNext(255)) - client-AC4A3825FACF->c8598515-65c5-4bb9-bfb5-ce6a9d9d28f6: receive RaftClientReply:client-AC4A3825FACF->c8598515-65c5-4bb9-bfb5-ce6a9d9d28f6@group-00B57133DE59, cid=13, FAILED org.apache.ratis.protocol.NotLeaderException: Server c8598515-65c5-4bb9-bfb5-ce6a9d9d28f6 is not the leader (null). Request must be sent to leader., logIndex=0, commits[c8598515-65c5-4bb9-bfb5-ce6a9d9d28f6:c-1]
2019-07-14 10:44:27,713 INFO  container.ReplicationManager (ReplicationManager.java:start(155)) - Starting Replication Monitor Thread.
2019-07-14 10:44:27,718 INFO  container.ReplicationManager (ReplicationManager.java:run(207)) - Replication Monitor Thread took 3 milliseconds for processing 1 containers.
2019-07-14 10:44:28,713 INFO  client.GrpcClientProtocolClient (GrpcClientProtocolClient.java:onNext(255)) - client-AC4A3825FACF->c7d10479-3d5f-4018-8d1a-d6ec9a3ad4d5: receive RaftClientReply:client-AC4A3825FACF->c7d10479-3d5f-4018-8d1a-d6ec9a3ad4d5@group-00B57133DE59, cid=13, FAILED org.apache.ratis.protocol.NotLeaderException: Server c7d10479-3d5f-4018-8d1a-d6ec9a3ad4d5 is not the leader (null). Request must be sent to leader., logIndex=0, commits[c7d10479-3d5f-4018-8d1a-d6ec9a3ad4d5:c-1]
2019-07-14 10:44:29,743 INFO  client.GrpcClientProtocolClient (GrpcClientProtocolClient.java:onNext(255)) - client-AC4A3825FACF->ff375dc0-9cb5-45d1-bd28-e2fef21c954c: receive RaftClientReply:client-AC4A3825FACF->ff375dc0-9cb5-45d1-bd28-e2fef21c954c@group-00B57133DE59, cid=13, FAILED org.apache.ratis.protocol.NotLeaderException: Server ff375dc0-9cb5-45d1-bd28-e2fef21c954c is not the leader (null). Request must be sent to leader., logIndex=0, commits[ff375dc0-9cb5-45d1-bd28-e2fef21c954c:c-1]
2019-07-14 10:44:30,769 INFO  client.GrpcClientProtocolClient (GrpcClientProtocolClient.java:onNext(255)) - client-AC4A3825FACF->c8598515-65c5-4bb9-bfb5-ce6a9d9d28f6: receive RaftClientReply:client-AC4A3825FACF->c8598515-65c5-4bb9-bfb5-ce6a9d9d28f6@group-00B57133DE59, cid=13, FAILED org.apache.ratis.protocol.NotLeaderException: Server c8598515-65c5-4bb9-bfb5-ce6a9d9d28f6 is not the leader (null). Request must be sent to leader., logIndex=0, commits[c8598515-65c5-4bb9-bfb5-ce6a9d9d28f6:c-1]
2019-07-14 10:44:31,052 INFO  impl.FollowerState (FollowerState.java:run(106)) - c7d10479-3d5f-4018-8d1a-d6ec9a3ad4d5:group-37D800DB2D92 changes to CANDIDATE, lastRpcTime:5154, electionTimeout:5153ms
2019-07-14 10:44:31,052 INFO  impl.RoleInfo (RoleInfo.java:shutdownFollowerState(121)) - c7d10479-3d5f-4018-8d1a-d6ec9a3ad4d5: shutdown FollowerState
2019-07-14 10:44:31,053 INFO  impl.RaftServerImpl (RaftServerImpl.java:setRole(171)) - c7d10479-3d5f-4018-8d1a-d6ec9a3ad4d5:group-37D800DB2D92 changes role from FOLLOWER to CANDIDATE at term 0 for changeToCandidate
2019-07-14 10:44:31,060 INFO  impl.RoleInfo (RoleInfo.java:updateAndGet(143)) - c7d10479-3d5f-4018-8d1a-d6ec9a3ad4d5: start LeaderElection
2019-07-14 10:44:31,090 INFO  impl.LeaderElection (LeaderElection.java:askForVotes(181)) - c7d10479-3d5f-4018-8d1a-d6ec9a3ad4d5:group-37D800DB2D92:LeaderElection1: begin an election at term 1 for -1: [c7d10479-3d5f-4018-8d1a-d6ec9a3ad4d5:192.168.157.209:44214], old=null
2019-07-14 10:44:31,092 INFO  impl.RoleInfo (RoleInfo.java:shutdownLeaderElection(134)) - c7d10479-3d5f-4018-8d1a-d6ec9a3ad4d5: shutdown LeaderElection
2019-07-14 10:44:31,093 INFO  impl.RaftServerImpl (RaftServerImpl.java:setRole(171)) - c7d10479-3d5f-4018-8d1a-d6ec9a3ad4d5:group-37D800DB2D92 changes role from CANDIDATE to LEADER at term 1 for changeToLeader
2019-07-14 10:44:31,093 INFO  impl.RaftServerImpl (ServerState.java:setLeader(263)) - c7d10479-3d5f-4018-8d1a-d6ec9a3ad4d5:group-37D800DB2D92 change Leader from null to c7d10479-3d5f-4018-8d1a-d6ec9a3ad4d5 at term 1 for becomeLeader, leader elected after 5284ms
2019-07-14 10:44:31,104 INFO  server.RaftServerConfigKeys (ConfUtils.java:logGet(43)) - raft.server.staging.catchup.gap = 1000 (default)
2019-07-14 10:44:31,104 INFO  server.RaftServerConfigKeys (ConfUtils.java:logGet(43)) - raft.server.rpc.sleep.time = 25ms (default)
2019-07-14 10:44:31,108 INFO  server.RaftServerConfigKeys (ConfUtils.java:logGet(43)) - raft.server.write.element-limit = 4096 (default)
2019-07-14 10:44:31,111 INFO  server.RaftServerConfigKeys (ConfUtils.java:logGet(43)) - raft.server.watch.timeout = 10s (default)
2019-07-14 10:44:31,112 INFO  server.RaftServerConfigKeys (ConfUtils.java:logGet(43)) - raft.server.watch.timeout.denomination = 1s (default)
2019-07-14 10:44:31,113 INFO  server.RaftServerConfigKeys (ConfUtils.java:logGet(43)) - raft.server.watch.element-limit = 65536 (default)
2019-07-14 10:44:31,124 INFO  impl.RoleInfo (RoleInfo.java:updateAndGet(143)) - c7d10479-3d5f-4018-8d1a-d6ec9a3ad4d5: start LeaderState
2019-07-14 10:44:31,140 INFO  impl.FollowerState (FollowerState.java:run(106)) - c8598515-65c5-4bb9-bfb5-ce6a9d9d28f6:group-1E9CA9ECCB4B changes to CANDIDATE, lastRpcTime:5036, electionTimeout:5034ms
2019-07-14 10:44:31,143 INFO  impl.RoleInfo (RoleInfo.java:shutdownFollowerState(121)) - c8598515-65c5-4bb9-bfb5-ce6a9d9d28f6: shutdown FollowerState
2019-07-14 10:44:31,143 INFO  impl.RaftServerImpl (RaftServerImpl.java:setRole(171)) - c8598515-65c5-4bb9-bfb5-ce6a9d9d28f6:group-1E9CA9ECCB4B changes role from FOLLOWER to CANDIDATE at term 0 for changeToCandidate
2019-07-14 10:44:31,143 INFO  impl.RoleInfo (RoleInfo.java:updateAndGet(143)) - c8598515-65c5-4bb9-bfb5-ce6a9d9d28f6: start LeaderElection
2019-07-14 10:44:31,163 INFO  impl.LeaderElection (LeaderElection.java:askForVotes(181)) - c8598515-65c5-4bb9-bfb5-ce6a9d9d28f6:group-1E9CA9ECCB4B:LeaderElection2: begin an election at term 1 for -1: [c8598515-65c5-4bb9-bfb5-ce6a9d9d28f6:192.168.157.209:35669], old=null
2019-07-14 10:44:31,165 INFO  impl.RoleInfo (RoleInfo.java:shutdownLeaderElection(134)) - c8598515-65c5-4bb9-bfb5-ce6a9d9d28f6: shutdown LeaderElection
2019-07-14 10:44:31,165 INFO  impl.RaftServerImpl (RaftServerImpl.java:setRole(171)) - c8598515-65c5-4bb9-bfb5-ce6a9d9d28f6:group-1E9CA9ECCB4B changes role from CANDIDATE to LEADER at term 1 for changeToLeader
2019-07-14 10:44:31,165 INFO  impl.RaftServerImpl (ServerState.java:setLeader(263)) - c8598515-65c5-4bb9-bfb5-ce6a9d9d28f6:group-1E9CA9ECCB4B change Leader from null to c8598515-65c5-4bb9-bfb5-ce6a9d9d28f6 at term 1 for becomeLeader, leader elected after 5068ms
2019-07-14 10:44:31,165 INFO  segmented.SegmentedRaftLogWorker (SegmentedRaftLogWorker.java:startLogSegment(380)) - c7d10479-3d5f-4018-8d1a-d6ec9a3ad4d5-SegmentedRaftLogWorker:Storage Directory /workdir/hadoop-ozone/integration-test/target/test-dir/MiniOzoneClusterImpl-d0d75479-cbfc-4267-8062-a3c34fb2ee67/datanode-0/data/ratis/87ccd580-5de0-4fbd-96b6-37d800db2d92: Starting segment from index:0
2019-07-14 10:44:31,167 INFO  server.RaftServerConfigKeys (ConfUtils.java:logGet(43)) - raft.server.staging.catchup.gap = 1000 (default)
2019-07-14 10:44:31,167 INFO  server.RaftServerConfigKeys (ConfUtils.java:logGet(43)) - raft.server.rpc.sleep.time = 25ms (default)
2019-07-14 10:44:31,168 INFO  server.RaftServerConfigKeys (ConfUtils.java:logGet(43)) - raft.server.write.element-limit = 4096 (default)
2019-07-14 10:44:31,168 INFO  server.RaftServerConfigKeys (ConfUtils.java:logGet(43)) - raft.server.watch.timeout = 10s (default)
2019-07-14 10:44:31,168 INFO  server.RaftServerConfigKeys (ConfUtils.java:logGet(43)) - raft.server.watch.timeout.denomination = 1s (default)
2019-07-14 10:44:31,168 INFO  server.RaftServerConfigKeys (ConfUtils.java:logGet(43)) - raft.server.watch.element-limit = 65536 (default)
2019-07-14 10:44:31,168 INFO  impl.RoleInfo (RoleInfo.java:updateAndGet(143)) - c8598515-65c5-4bb9-bfb5-ce6a9d9d28f6: start LeaderState
2019-07-14 10:44:31,169 INFO  segmented.SegmentedRaftLogWorker (SegmentedRaftLogWorker.java:startLogSegment(380)) - c8598515-65c5-4bb9-bfb5-ce6a9d9d28f6-SegmentedRaftLogWorker:Storage Directory /workdir/hadoop-ozone/integration-test/target/test-dir/MiniOzoneClusterImpl-d0d75479-cbfc-4267-8062-a3c34fb2ee67/datanode-3/data/ratis/7c83aac5-b5ef-449c-aadd-1e9ca9eccb4b: Starting segment from index:0
2019-07-14 10:44:31,180 INFO  impl.RaftServerImpl (ServerState.java:setRaftConf(361)) - c7d10479-3d5f-4018-8d1a-d6ec9a3ad4d5:group-37D800DB2D92 set configuration 0: [c7d10479-3d5f-4018-8d1a-d6ec9a3ad4d5:192.168.157.209:44214], old=null at 0
2019-07-14 10:44:31,180 INFO  impl.RaftServerImpl (ServerState.java:setRaftConf(361)) - c8598515-65c5-4bb9-bfb5-ce6a9d9d28f6:group-1E9CA9ECCB4B set configuration 0: [c8598515-65c5-4bb9-bfb5-ce6a9d9d28f6:192.168.157.209:35669], old=null at 0
2019-07-14 10:44:31,340 INFO  impl.FollowerState (FollowerState.java:run(106)) - ff375dc0-9cb5-45d1-bd28-e2fef21c954c:group-9A30F68DB9CD changes to CANDIDATE, lastRpcTime:5138, electionTimeout:5138ms
2019-07-14 10:44:31,340 INFO  impl.RoleInfo (RoleInfo.java:shutdownFollowerState(121)) - ff375dc0-9cb5-45d1-bd28-e2fef21c954c: shutdown FollowerState
2019-07-14 10:44:31,341 INFO  impl.RaftServerImpl (RaftServerImpl.java:setRole(171)) - ff375dc0-9cb5-45d1-bd28-e2fef21c954c:group-9A30F68DB9CD changes role from FOLLOWER to CANDIDATE at term 0 for changeToCandidate
2019-07-14 10:44:31,341 INFO  impl.RoleInfo (RoleInfo.java:updateAndGet(143)) - ff375dc0-9cb5-45d1-bd28-e2fef21c954c: start LeaderElection
2019-07-14 10:44:31,367 INFO  segmented.SegmentedRaftLogWorker (SegmentedRaftLogWorker.java:execute(569)) - c7d10479-3d5f-4018-8d1a-d6ec9a3ad4d5-SegmentedRaftLogWorker:Storage Directory /workdir/hadoop-ozone/integration-test/target/test-dir/MiniOzoneClusterImpl-d0d75479-cbfc-4267-8062-a3c34fb2ee67/datanode-0/data/ratis/87ccd580-5de0-4fbd-96b6-37d800db2d92: created new log segment /workdir/hadoop-ozone/integration-test/target/test-dir/MiniOzoneClusterImpl-d0d75479-cbfc-4267-8062-a3c34fb2ee67/datanode-0/data/ratis/87ccd580-5de0-4fbd-96b6-37d800db2d92/current/log_inprogress_0
2019-07-14 10:44:31,367 INFO  impl.LeaderElection (LeaderElection.java:askForVotes(181)) - ff375dc0-9cb5-45d1-bd28-e2fef21c954c:group-9A30F68DB9CD:LeaderElection3: begin an election at term 1 for -1: [ff375dc0-9cb5-45d1-bd28-e2fef21c954c:192.168.157.209:40178], old=null
2019-07-14 10:44:31,367 INFO  segmented.SegmentedRaftLogWorker (SegmentedRaftLogWorker.java:execute(569)) - c8598515-65c5-4bb9-bfb5-ce6a9d9d28f6-SegmentedRaftLogWorker:Storage Directory /workdir/hadoop-ozone/integration-test/target/test-dir/MiniOzoneClusterImpl-d0d75479-cbfc-4267-8062-a3c34fb2ee67/datanode-3/data/ratis/7c83aac5-b5ef-449c-aadd-1e9ca9eccb4b: created new log segment /workdir/hadoop-ozone/integration-test/target/test-dir/MiniOzoneClusterImpl-d0d75479-cbfc-4267-8062-a3c34fb2ee67/datanode-3/data/ratis/7c83aac5-b5ef-449c-aadd-1e9ca9eccb4b/current/log_inprogress_0
2019-07-14 10:44:31,369 INFO  impl.RoleInfo (RoleInfo.java:shutdownLeaderElection(134)) - ff375dc0-9cb5-45d1-bd28-e2fef21c954c: shutdown LeaderElection
2019-07-14 10:44:31,370 INFO  impl.RaftServerImpl (RaftServerImpl.java:setRole(171)) - ff375dc0-9cb5-45d1-bd28-e2fef21c954c:group-9A30F68DB9CD changes role from CANDIDATE to LEADER at term 1 for changeToLeader
2019-07-14 10:44:31,370 INFO  impl.RaftServerImpl (ServerState.java:setLeader(263)) - ff375dc0-9cb5-45d1-bd28-e2fef21c954c:group-9A30F68DB9CD change Leader from null to ff375dc0-9cb5-45d1-bd28-e2fef21c954c at term 1 for becomeLeader, leader elected after 5173ms
2019-07-14 10:44:31,372 INFO  server.RaftServerConfigKeys (ConfUtils.java:logGet(43)) - raft.server.staging.catchup.gap = 1000 (default)
2019-07-14 10:44:31,372 INFO  server.RaftServerConfigKeys (ConfUtils.java:logGet(43)) - raft.server.rpc.sleep.time = 25ms (default)
2019-07-14 10:44:31,372 INFO  server.RaftServerConfigKeys (ConfUtils.java:logGet(43)) - raft.server.write.element-limit = 4096 (default)
2019-07-14 10:44:31,372 INFO  server.RaftServerConfigKeys (ConfUtils.java:logGet(43)) - raft.server.watch.timeout = 10s (default)
2019-07-14 10:44:31,373 INFO  server.RaftServerConfigKeys (ConfUtils.java:logGet(43)) - raft.server.watch.timeout.denomination = 1s (default)
2019-07-14 10:44:31,373 INFO  server.RaftServerConfigKeys (ConfUtils.java:logGet(43)) - raft.server.watch.element-limit = 65536 (default)
2019-07-14 10:44:31,373 INFO  impl.RoleInfo (RoleInfo.java:updateAndGet(143)) - ff375dc0-9cb5-45d1-bd28-e2fef21c954c: start LeaderState
2019-07-14 10:44:31,373 INFO  segmented.SegmentedRaftLogWorker (SegmentedRaftLogWorker.java:startLogSegment(380)) - ff375dc0-9cb5-45d1-bd28-e2fef21c954c-SegmentedRaftLogWorker:Storage Directory /workdir/hadoop-ozone/integration-test/target/test-dir/MiniOzoneClusterImpl-d0d75479-cbfc-4267-8062-a3c34fb2ee67/datanode-1/data/ratis/0f5da8d7-f397-43a2-8756-9a30f68db9cd: Starting segment from index:0
2019-07-14 10:44:31,374 INFO  impl.RaftServerImpl (ServerState.java:setRaftConf(361)) - ff375dc0-9cb5-45d1-bd28-e2fef21c954c:group-9A30F68DB9CD set configuration 0: [ff375dc0-9cb5-45d1-bd28-e2fef21c954c:192.168.157.209:40178], old=null at 0
2019-07-14 10:44:31,391 INFO  impl.FollowerState (FollowerState.java:run(106)) - ccbd68d9-77a2-4857-9d3b-9ab097a27f9f:group-731D731E2001 changes to CANDIDATE, lastRpcTime:5118, electionTimeout:5112ms
2019-07-14 10:44:31,393 INFO  impl.RoleInfo (RoleInfo.java:shutdownFollowerState(121)) - ccbd68d9-77a2-4857-9d3b-9ab097a27f9f: shutdown FollowerState
2019-07-14 10:44:31,393 INFO  impl.RaftServerImpl (RaftServerImpl.java:setRole(171)) - ccbd68d9-77a2-4857-9d3b-9ab097a27f9f:group-731D731E2001 changes role from FOLLOWER to CANDIDATE at term 0 for changeToCandidate
2019-07-14 10:44:31,394 INFO  impl.RoleInfo (RoleInfo.java:updateAndGet(143)) - ccbd68d9-77a2-4857-9d3b-9ab097a27f9f: start LeaderElection
2019-07-14 10:44:31,399 INFO  segmented.SegmentedRaftLogWorker (SegmentedRaftLogWorker.java:execute(569)) - ff375dc0-9cb5-45d1-bd28-e2fef21c954c-SegmentedRaftLogWorker:Storage Directory /workdir/hadoop-ozone/integration-test/target/test-dir/MiniOzoneClusterImpl-d0d75479-cbfc-4267-8062-a3c34fb2ee67/datanode-1/data/ratis/0f5da8d7-f397-43a2-8756-9a30f68db9cd: created new log segment /workdir/hadoop-ozone/integration-test/target/test-dir/MiniOzoneClusterImpl-d0d75479-cbfc-4267-8062-a3c34fb2ee67/datanode-1/data/ratis/0f5da8d7-f397-43a2-8756-9a30f68db9cd/current/log_inprogress_0
2019-07-14 10:44:31,413 INFO  impl.LeaderElection (LeaderElection.java:askForVotes(181)) - ccbd68d9-77a2-4857-9d3b-9ab097a27f9f:group-731D731E2001:LeaderElection4: begin an election at term 1 for -1: [ccbd68d9-77a2-4857-9d3b-9ab097a27f9f:192.168.157.209:45953], old=null
2019-07-14 10:44:31,413 INFO  impl.RoleInfo (RoleInfo.java:shutdownLeaderElection(134)) - ccbd68d9-77a2-4857-9d3b-9ab097a27f9f: shutdown LeaderElection
2019-07-14 10:44:31,413 INFO  impl.RaftServerImpl (RaftServerImpl.java:setRole(171)) - ccbd68d9-77a2-4857-9d3b-9ab097a27f9f:group-731D731E2001 changes role from CANDIDATE to LEADER at term 1 for changeToLeader
2019-07-14 10:44:31,414 INFO  impl.RaftServerImpl (ServerState.java:setLeader(263)) - ccbd68d9-77a2-4857-9d3b-9ab097a27f9f:group-731D731E2001 change Leader from null to ccbd68d9-77a2-4857-9d3b-9ab097a27f9f at term 1 for becomeLeader, leader elected after 5145ms
2019-07-14 10:44:31,415 INFO  server.RaftServerConfigKeys (ConfUtils.java:logGet(43)) - raft.server.staging.catchup.gap = 1000 (default)
2019-07-14 10:44:31,416 INFO  server.RaftServerConfigKeys (ConfUtils.java:logGet(43)) - raft.server.rpc.sleep.time = 25ms (default)
2019-07-14 10:44:31,416 INFO  server.RaftServerConfigKeys (ConfUtils.java:logGet(43)) - raft.server.write.element-limit = 4096 (default)
2019-07-14 10:44:31,416 INFO  server.RaftServerConfigKeys (ConfUtils.java:logGet(43)) - raft.server.watch.timeout = 10s (default)
2019-07-14 10:44:31,416 INFO  server.RaftServerConfigKeys (ConfUtils.java:logGet(43)) - raft.server.watch.timeout.denomination = 1s (default)
2019-07-14 10:44:31,416 INFO  server.RaftServerConfigKeys (ConfUtils.java:logGet(43)) - raft.server.watch.element-limit = 65536 (default)
2019-07-14 10:44:31,417 INFO  impl.RoleInfo (RoleInfo.java:updateAndGet(143)) - ccbd68d9-77a2-4857-9d3b-9ab097a27f9f: start LeaderState
2019-07-14 10:44:31,417 INFO  segmented.SegmentedRaftLogWorker (SegmentedRaftLogWorker.java:startLogSegment(380)) - ccbd68d9-77a2-4857-9d3b-9ab097a27f9f-SegmentedRaftLogWorker:Storage Directory /workdir/hadoop-ozone/integration-test/target/test-dir/MiniOzoneClusterImpl-d0d75479-cbfc-4267-8062-a3c34fb2ee67/datanode-2/data/ratis/092a986f-aa83-42d3-9067-731d731e2001: Starting segment from index:0
2019-07-14 10:44:31,418 INFO  impl.RaftServerImpl (ServerState.java:setRaftConf(361)) - ccbd68d9-77a2-4857-9d3b-9ab097a27f9f:group-731D731E2001 set configuration 0: [ccbd68d9-77a2-4857-9d3b-9ab097a27f9f:192.168.157.209:45953], old=null at 0
2019-07-14 10:44:31,446 INFO  segmented.SegmentedRaftLogWorker (SegmentedRaftLogWorker.java:execute(569)) - ccbd68d9-77a2-4857-9d3b-9ab097a27f9f-SegmentedRaftLogWorker:Storage Directory /workdir/hadoop-ozone/integration-test/target/test-dir/MiniOzoneClusterImpl-d0d75479-cbfc-4267-8062-a3c34fb2ee67/datanode-2/data/ratis/092a986f-aa83-42d3-9067-731d731e2001: created new log segment /workdir/hadoop-ozone/integration-test/target/test-dir/MiniOzoneClusterImpl-d0d75479-cbfc-4267-8062-a3c34fb2ee67/datanode-2/data/ratis/092a986f-aa83-42d3-9067-731d731e2001/current/log_inprogress_0
2019-07-14 10:44:31,576 INFO  impl.FollowerState (FollowerState.java:run(106)) - 06ba8222-4d2c-4c23-8038-17270b72c5f0:group-5145B67B1D0F changes to CANDIDATE, lastRpcTime:5195, electionTimeout:5195ms
2019-07-14 10:44:31,577 INFO  impl.RoleInfo (RoleInfo.java:shutdownFollowerState(121)) - 06ba8222-4d2c-4c23-8038-17270b72c5f0: shutdown FollowerState
2019-07-14 10:44:31,577 INFO  impl.RaftServerImpl (RaftServerImpl.java:setRole(171)) - 06ba8222-4d2c-4c23-8038-17270b72c5f0:group-5145B67B1D0F changes role from FOLLOWER to CANDIDATE at term 0 for changeToCandidate
2019-07-14 10:44:31,577 INFO  impl.RoleInfo (RoleInfo.java:updateAndGet(143)) - 06ba8222-4d2c-4c23-8038-17270b72c5f0: start LeaderElection
2019-07-14 10:44:31,593 INFO  impl.FollowerState (FollowerState.java:run(106)) - eb62a69c-ba0e-428c-befd-cb4e748e66ff:group-A8C0194959E8 changes to CANDIDATE, lastRpcTime:5051, electionTimeout:5051ms
2019-07-14 10:44:31,595 INFO  impl.LeaderElection (LeaderElection.java:askForVotes(181)) - 06ba8222-4d2c-4c23-8038-17270b72c5f0:group-5145B67B1D0F:LeaderElection5: begin an election at term 1 for -1: [06ba8222-4d2c-4c23-8038-17270b72c5f0:192.168.157.209:42209], old=null
2019-07-14 10:44:31,595 INFO  impl.RoleInfo (RoleInfo.java:shutdownFollowerState(121)) - eb62a69c-ba0e-428c-befd-cb4e748e66ff: shutdown FollowerState
2019-07-14 10:44:31,595 INFO  impl.RoleInfo (RoleInfo.java:shutdownLeaderElection(134)) - 06ba8222-4d2c-4c23-8038-17270b72c5f0: shutdown LeaderElection
2019-07-14 10:44:31,596 INFO  impl.RaftServerImpl (RaftServerImpl.java:setRole(171)) - eb62a69c-ba0e-428c-befd-cb4e748e66ff:group-A8C0194959E8 changes role from FOLLOWER to CANDIDATE at term 0 for changeToCandidate
2019-07-14 10:44:31,596 INFO  impl.RaftServerImpl (RaftServerImpl.java:setRole(171)) - 06ba8222-4d2c-4c23-8038-17270b72c5f0:group-5145B67B1D0F changes role from CANDIDATE to LEADER at term 1 for changeToLeader
2019-07-14 10:44:31,596 INFO  impl.RoleInfo (RoleInfo.java:updateAndGet(143)) - eb62a69c-ba0e-428c-befd-cb4e748e66ff: start LeaderElection
2019-07-14 10:44:31,596 INFO  impl.RaftServerImpl (ServerState.java:setLeader(263)) - 06ba8222-4d2c-4c23-8038-17270b72c5f0:group-5145B67B1D0F change Leader from null to 06ba8222-4d2c-4c23-8038-17270b72c5f0 at term 1 for becomeLeader, leader elected after 5221ms
2019-07-14 10:44:31,598 INFO  server.RaftServerConfigKeys (ConfUtils.java:logGet(43)) - raft.server.staging.catchup.gap = 1000 (default)
2019-07-14 10:44:31,600 INFO  server.RaftServerConfigKeys (ConfUtils.java:logGet(43)) - raft.server.rpc.sleep.time = 25ms (default)
2019-07-14 10:44:31,604 INFO  server.RaftServerConfigKeys (ConfUtils.java:logGet(43)) - raft.server.write.element-limit = 4096 (default)
2019-07-14 10:44:31,605 INFO  server.RaftServerConfigKeys (ConfUtils.java:logGet(43)) - raft.server.watch.timeout = 10s (default)
2019-07-14 10:44:31,605 INFO  server.RaftServerConfigKeys (ConfUtils.java:logGet(43)) - raft.server.watch.timeout.denomination = 1s (default)
2019-07-14 10:44:31,605 INFO  server.RaftServerConfigKeys (ConfUtils.java:logGet(43)) - raft.server.watch.element-limit = 65536 (default)
2019-07-14 10:44:31,605 INFO  impl.RoleInfo (RoleInfo.java:updateAndGet(143)) - 06ba8222-4d2c-4c23-8038-17270b72c5f0: start LeaderState
2019-07-14 10:44:31,606 INFO  segmented.SegmentedRaftLogWorker (SegmentedRaftLogWorker.java:startLogSegment(380)) - 06ba8222-4d2c-4c23-8038-17270b72c5f0-SegmentedRaftLogWorker:Storage Directory /workdir/hadoop-ozone/integration-test/target/test-dir/MiniOzoneClusterImpl-d0d75479-cbfc-4267-8062-a3c34fb2ee67/datanode-5/data/ratis/789da449-40a7-4839-b705-5145b67b1d0f: Starting segment from index:0
2019-07-14 10:44:31,606 INFO  impl.RaftServerImpl (ServerState.java:setRaftConf(361)) - 06ba8222-4d2c-4c23-8038-17270b72c5f0:group-5145B67B1D0F set configuration 0: [06ba8222-4d2c-4c23-8038-17270b72c5f0:192.168.157.209:42209], old=null at 0
2019-07-14 10:44:31,627 INFO  impl.LeaderElection (LeaderElection.java:askForVotes(181)) - eb62a69c-ba0e-428c-befd-cb4e748e66ff:group-A8C0194959E8:LeaderElection6: begin an election at term 1 for -1: [eb62a69c-ba0e-428c-befd-cb4e748e66ff:192.168.157.209:41245], old=null
2019-07-14 10:44:31,627 INFO  impl.RoleInfo (RoleInfo.java:shutdownLeaderElection(134)) - eb62a69c-ba0e-428c-befd-cb4e748e66ff: shutdown LeaderElection
2019-07-14 10:44:31,627 INFO  impl.RaftServerImpl (RaftServerImpl.java:setRole(171)) - eb62a69c-ba0e-428c-befd-cb4e748e66ff:group-A8C0194959E8 changes role from CANDIDATE to LEADER at term 1 for changeToLeader
2019-07-14 10:44:31,627 INFO  impl.RaftServerImpl (ServerState.java:setLeader(263)) - eb62a69c-ba0e-428c-befd-cb4e748e66ff:group-A8C0194959E8 change Leader from null to eb62a69c-ba0e-428c-befd-cb4e748e66ff at term 1 for becomeLeader, leader elected after 5090ms
2019-07-14 10:44:31,629 INFO  server.RaftServerConfigKeys (ConfUtils.java:logGet(43)) - raft.server.staging.catchup.gap = 1000 (default)
2019-07-14 10:44:31,629 INFO  server.RaftServerConfigKeys (ConfUtils.java:logGet(43)) - raft.server.rpc.sleep.time = 25ms (default)
2019-07-14 10:44:31,630 INFO  server.RaftServerConfigKeys (ConfUtils.java:logGet(43)) - raft.server.write.element-limit = 4096 (default)
2019-07-14 10:44:31,630 INFO  server.RaftServerConfigKeys (ConfUtils.java:logGet(43)) - raft.server.watch.timeout = 10s (default)
2019-07-14 10:44:31,630 INFO  server.RaftServerConfigKeys (ConfUtils.java:logGet(43)) - raft.server.watch.timeout.denomination = 1s (default)
2019-07-14 10:44:31,630 INFO  server.RaftServerConfigKeys (ConfUtils.java:logGet(43)) - raft.server.watch.element-limit = 65536 (default)
2019-07-14 10:44:31,630 INFO  impl.RoleInfo (RoleInfo.java:updateAndGet(143)) - eb62a69c-ba0e-428c-befd-cb4e748e66ff: start LeaderState
2019-07-14 10:44:31,631 INFO  segmented.SegmentedRaftLogWorker (SegmentedRaftLogWorker.java:startLogSegment(380)) - eb62a69c-ba0e-428c-befd-cb4e748e66ff-SegmentedRaftLogWorker:Storage Directory /workdir/hadoop-ozone/integration-test/target/test-dir/MiniOzoneClusterImpl-d0d75479-cbfc-4267-8062-a3c34fb2ee67/datanode-4/data/ratis/5aa17714-19c8-4d3d-a1c4-a8c0194959e8: Starting segment from index:0
2019-07-14 10:44:31,631 INFO  impl.RaftServerImpl (ServerState.java:setRaftConf(361)) - eb62a69c-ba0e-428c-befd-cb4e748e66ff:group-A8C0194959E8 set configuration 0: [eb62a69c-ba0e-428c-befd-cb4e748e66ff:192.168.157.209:41245], old=null at 0
2019-07-14 10:44:31,651 INFO  segmented.SegmentedRaftLogWorker (SegmentedRaftLogWorker.java:execute(569)) - 06ba8222-4d2c-4c23-8038-17270b72c5f0-SegmentedRaftLogWorker:Storage Directory /workdir/hadoop-ozone/integration-test/target/test-dir/MiniOzoneClusterImpl-d0d75479-cbfc-4267-8062-a3c34fb2ee67/datanode-5/data/ratis/789da449-40a7-4839-b705-5145b67b1d0f: created new log segment /workdir/hadoop-ozone/integration-test/target/test-dir/MiniOzoneClusterImpl-d0d75479-cbfc-4267-8062-a3c34fb2ee67/datanode-5/data/ratis/789da449-40a7-4839-b705-5145b67b1d0f/current/log_inprogress_0
2019-07-14 10:44:31,664 INFO  segmented.SegmentedRaftLogWorker (SegmentedRaftLogWorker.java:execute(569)) - eb62a69c-ba0e-428c-befd-cb4e748e66ff-SegmentedRaftLogWorker:Storage Directory /workdir/hadoop-ozone/integration-test/target/test-dir/MiniOzoneClusterImpl-d0d75479-cbfc-4267-8062-a3c34fb2ee67/datanode-4/data/ratis/5aa17714-19c8-4d3d-a1c4-a8c0194959e8: created new log segment /workdir/hadoop-ozone/integration-test/target/test-dir/MiniOzoneClusterImpl-d0d75479-cbfc-4267-8062-a3c34fb2ee67/datanode-4/data/ratis/5aa17714-19c8-4d3d-a1c4-a8c0194959e8/current/log_inprogress_0
2019-07-14 10:44:31,668 INFO  impl.FollowerState (FollowerState.java:run(106)) - 1cecd33d-bb15-4021-8928-f4e4bf07f303:group-F80ECC06148B changes to CANDIDATE, lastRpcTime:5194, electionTimeout:5194ms
2019-07-14 10:44:31,676 INFO  impl.RoleInfo (RoleInfo.java:shutdownFollowerState(121)) - 1cecd33d-bb15-4021-8928-f4e4bf07f303: shutdown FollowerState
2019-07-14 10:44:31,677 INFO  impl.RaftServerImpl (RaftServerImpl.java:setRole(171)) - 1cecd33d-bb15-4021-8928-f4e4bf07f303:group-F80ECC06148B changes role from FOLLOWER to CANDIDATE at term 0 for changeToCandidate
2019-07-14 10:44:31,677 INFO  impl.RoleInfo (RoleInfo.java:updateAndGet(143)) - 1cecd33d-bb15-4021-8928-f4e4bf07f303: start LeaderElection
2019-07-14 10:44:31,695 INFO  impl.LeaderElection (LeaderElection.java:askForVotes(181)) - 1cecd33d-bb15-4021-8928-f4e4bf07f303:group-F80ECC06148B:LeaderElection7: begin an election at term 1 for -1: [1cecd33d-bb15-4021-8928-f4e4bf07f303:192.168.157.209:39898], old=null
2019-07-14 10:44:31,697 INFO  impl.RoleInfo (RoleInfo.java:shutdownLeaderElection(134)) - 1cecd33d-bb15-4021-8928-f4e4bf07f303: shutdown LeaderElection
2019-07-14 10:44:31,697 INFO  impl.RaftServerImpl (RaftServerImpl.java:setRole(171)) - 1cecd33d-bb15-4021-8928-f4e4bf07f303:group-F80ECC06148B changes role from CANDIDATE to LEADER at term 1 for changeToLeader
2019-07-14 10:44:31,697 INFO  impl.RaftServerImpl (ServerState.java:setLeader(263)) - 1cecd33d-bb15-4021-8928-f4e4bf07f303:group-F80ECC06148B change Leader from null to 1cecd33d-bb15-4021-8928-f4e4bf07f303 at term 1 for becomeLeader, leader elected after 5228ms
2019-07-14 10:44:31,699 INFO  server.RaftServerConfigKeys (ConfUtils.java:logGet(43)) - raft.server.staging.catchup.gap = 1000 (default)
2019-07-14 10:44:31,700 INFO  server.RaftServerConfigKeys (ConfUtils.java:logGet(43)) - raft.server.rpc.sleep.time = 25ms (default)
2019-07-14 10:44:31,700 INFO  server.RaftServerConfigKeys (ConfUtils.java:logGet(43)) - raft.server.write.element-limit = 4096 (default)
2019-07-14 10:44:31,700 INFO  server.RaftServerConfigKeys (ConfUtils.java:logGet(43)) - raft.server.watch.timeout = 10s (default)
2019-07-14 10:44:31,700 INFO  server.RaftServerConfigKeys (ConfUtils.java:logGet(43)) - raft.server.watch.timeout.denomination = 1s (default)
2019-07-14 10:44:31,700 INFO  server.RaftServerConfigKeys (ConfUtils.java:logGet(43)) - raft.server.watch.element-limit = 65536 (default)
2019-07-14 10:44:31,701 INFO  impl.RoleInfo (RoleInfo.java:updateAndGet(143)) - 1cecd33d-bb15-4021-8928-f4e4bf07f303: start LeaderState
2019-07-14 10:44:31,701 INFO  segmented.SegmentedRaftLogWorker (SegmentedRaftLogWorker.java:startLogSegment(380)) - 1cecd33d-bb15-4021-8928-f4e4bf07f303-SegmentedRaftLogWorker:Storage Directory /workdir/hadoop-ozone/integration-test/target/test-dir/MiniOzoneClusterImpl-d0d75479-cbfc-4267-8062-a3c34fb2ee67/datanode-6/data/ratis/29ecddd9-3d30-4b06-88cb-f80ecc06148b: Starting segment from index:0
2019-07-14 10:44:31,702 INFO  impl.RaftServerImpl (ServerState.java:setRaftConf(361)) - 1cecd33d-bb15-4021-8928-f4e4bf07f303:group-F80ECC06148B set configuration 0: [1cecd33d-bb15-4021-8928-f4e4bf07f303:192.168.157.209:39898], old=null at 0
2019-07-14 10:44:31,746 INFO  segmented.SegmentedRaftLogWorker (SegmentedRaftLogWorker.java:execute(569)) - 1cecd33d-bb15-4021-8928-f4e4bf07f303-SegmentedRaftLogWorker:Storage Directory /workdir/hadoop-ozone/integration-test/target/test-dir/MiniOzoneClusterImpl-d0d75479-cbfc-4267-8062-a3c34fb2ee67/datanode-6/data/ratis/29ecddd9-3d30-4b06-88cb-f80ecc06148b: created new log segment /workdir/hadoop-ozone/integration-test/target/test-dir/MiniOzoneClusterImpl-d0d75479-cbfc-4267-8062-a3c34fb2ee67/datanode-6/data/ratis/29ecddd9-3d30-4b06-88cb-f80ecc06148b/current/log_inprogress_0
2019-07-14 10:44:31,793 INFO  client.GrpcClientProtocolClient (GrpcClientProtocolClient.java:onNext(255)) - client-AC4A3825FACF->c7d10479-3d5f-4018-8d1a-d6ec9a3ad4d5: receive RaftClientReply:client-AC4A3825FACF->c7d10479-3d5f-4018-8d1a-d6ec9a3ad4d5@group-00B57133DE59, cid=13, FAILED org.apache.ratis.protocol.NotLeaderException: Server c7d10479-3d5f-4018-8d1a-d6ec9a3ad4d5 is not the leader (null). Request must be sent to leader., logIndex=0, commits[c7d10479-3d5f-4018-8d1a-d6ec9a3ad4d5:c-1]
2019-07-14 10:44:31,808 INFO  impl.FollowerState (FollowerState.java:run(106)) - 06ba8222-4d2c-4c23-8038-17270b72c5f0:group-2CC995457397 changes to CANDIDATE, lastRpcTime:5036, electionTimeout:5036ms
2019-07-14 10:44:31,810 INFO  impl.RoleInfo (RoleInfo.java:shutdownFollowerState(121)) - 06ba8222-4d2c-4c23-8038-17270b72c5f0: shutdown FollowerState
2019-07-14 10:44:31,810 INFO  impl.RaftServerImpl (RaftServerImpl.java:setRole(171)) - 06ba8222-4d2c-4c23-8038-17270b72c5f0:group-2CC995457397 changes role from FOLLOWER to CANDIDATE at term 0 for changeToCandidate
2019-07-14 10:44:31,810 INFO  impl.RoleInfo (RoleInfo.java:updateAndGet(143)) - 06ba8222-4d2c-4c23-8038-17270b72c5f0: start LeaderElection
2019-07-14 10:44:31,816 INFO  impl.FollowerState (FollowerState.java:run(106)) - ff375dc0-9cb5-45d1-bd28-e2fef21c954c:group-00B57133DE59 changes to CANDIDATE, lastRpcTime:5149, electionTimeout:5145ms
2019-07-14 10:44:31,816 INFO  impl.RoleInfo (RoleInfo.java:shutdownFollowerState(121)) - ff375dc0-9cb5-45d1-bd28-e2fef21c954c: shutdown FollowerState
2019-07-14 10:44:31,816 INFO  impl.RaftServerImpl (RaftServerImpl.java:setRole(171)) - ff375dc0-9cb5-45d1-bd28-e2fef21c954c:group-00B57133DE59 changes role from FOLLOWER to CANDIDATE at term 0 for changeToCandidate
2019-07-14 10:44:31,816 INFO  impl.RoleInfo (RoleInfo.java:updateAndGet(143)) - ff375dc0-9cb5-45d1-bd28-e2fef21c954c: start LeaderElection
2019-07-14 10:44:31,829 INFO  impl.LeaderElection (LeaderElection.java:askForVotes(181)) - ff375dc0-9cb5-45d1-bd28-e2fef21c954c:group-00B57133DE59:LeaderElection9: begin an election at term 1 for -1: [ff375dc0-9cb5-45d1-bd28-e2fef21c954c:192.168.157.209:40178, c8598515-65c5-4bb9-bfb5-ce6a9d9d28f6:192.168.157.209:35669, c7d10479-3d5f-4018-8d1a-d6ec9a3ad4d5:192.168.157.209:44214], old=null
2019-07-14 10:44:31,829 INFO  impl.LeaderElection (LeaderElection.java:askForVotes(181)) - 06ba8222-4d2c-4c23-8038-17270b72c5f0:group-2CC995457397:LeaderElection8: begin an election at term 1 for -1: [ccbd68d9-77a2-4857-9d3b-9ab097a27f9f:192.168.157.209:45953, 1cecd33d-bb15-4021-8928-f4e4bf07f303:192.168.157.209:39898, 06ba8222-4d2c-4c23-8038-17270b72c5f0:192.168.157.209:42209], old=null
2019-07-14 10:44:31,853 INFO  impl.FollowerState (FollowerState.java:run(106)) - c8598515-65c5-4bb9-bfb5-ce6a9d9d28f6:group-00B57133DE59 changes to CANDIDATE, lastRpcTime:5188, electionTimeout:5184ms
2019-07-14 10:44:31,853 INFO  impl.FollowerState (FollowerState.java:run(106)) - c7d10479-3d5f-4018-8d1a-d6ec9a3ad4d5:group-00B57133DE59 changes to CANDIDATE, lastRpcTime:5200, electionTimeout:5196ms
2019-07-14 10:44:31,853 INFO  impl.RoleInfo (RoleInfo.java:shutdownFollowerState(121)) - c8598515-65c5-4bb9-bfb5-ce6a9d9d28f6: shutdown FollowerState
2019-07-14 10:44:31,853 INFO  impl.RaftServerImpl (RaftServerImpl.java:setRole(171)) - c8598515-65c5-4bb9-bfb5-ce6a9d9d28f6:group-00B57133DE59 changes role from FOLLOWER to CANDIDATE at term 0 for changeToCandidate
2019-07-14 10:44:31,853 INFO  impl.RoleInfo (RoleInfo.java:shutdownFollowerState(121)) - c7d10479-3d5f-4018-8d1a-d6ec9a3ad4d5: shutdown FollowerState
2019-07-14 10:44:31,858 INFO  impl.RaftServerImpl (RaftServerImpl.java:setRole(171)) - c7d10479-3d5f-4018-8d1a-d6ec9a3ad4d5:group-00B57133DE59 changes role from FOLLOWER to CANDIDATE at term 0 for changeToCandidate
2019-07-14 10:44:31,858 INFO  impl.RoleInfo (RoleInfo.java:updateAndGet(143)) - c8598515-65c5-4bb9-bfb5-ce6a9d9d28f6: start LeaderElection
2019-07-14 10:44:31,859 INFO  impl.RoleInfo (RoleInfo.java:updateAndGet(143)) - c7d10479-3d5f-4018-8d1a-d6ec9a3ad4d5: start LeaderElection
2019-07-14 10:44:31,890 INFO  impl.RaftServerImpl (RaftServerImpl.java:setRole(171)) - 1cecd33d-bb15-4021-8928-f4e4bf07f303:group-2CC995457397 changes role from FOLLOWER to FOLLOWER at term 1 for recognizeCandidate:06ba8222-4d2c-4c23-8038-17270b72c5f0
2019-07-14 10:44:31,890 INFO  impl.RaftServerImpl (RaftServerImpl.java:setRole(171)) - ccbd68d9-77a2-4857-9d3b-9ab097a27f9f:group-2CC995457397 changes role from FOLLOWER to FOLLOWER at term 1 for recognizeCandidate:06ba8222-4d2c-4c23-8038-17270b72c5f0
2019-07-14 10:44:31,892 INFO  impl.LeaderElection (LeaderElection.java:askForVotes(181)) - c8598515-65c5-4bb9-bfb5-ce6a9d9d28f6:group-00B57133DE59:LeaderElection10: begin an election at term 1 for -1: [ff375dc0-9cb5-45d1-bd28-e2fef21c954c:192.168.157.209:40178, c8598515-65c5-4bb9-bfb5-ce6a9d9d28f6:192.168.157.209:35669, c7d10479-3d5f-4018-8d1a-d6ec9a3ad4d5:192.168.157.209:44214], old=null
2019-07-14 10:44:31,892 INFO  impl.LeaderElection (LeaderElection.java:askForVotes(181)) - c7d10479-3d5f-4018-8d1a-d6ec9a3ad4d5:group-00B57133DE59:LeaderElection11: begin an election at term 1 for -1: [ff375dc0-9cb5-45d1-bd28-e2fef21c954c:192.168.157.209:40178, c8598515-65c5-4bb9-bfb5-ce6a9d9d28f6:192.168.157.209:35669, c7d10479-3d5f-4018-8d1a-d6ec9a3ad4d5:192.168.157.209:44214], old=null
2019-07-14 10:44:31,892 INFO  impl.RoleInfo (RoleInfo.java:shutdownFollowerState(121)) - 1cecd33d-bb15-4021-8928-f4e4bf07f303: shutdown FollowerState
2019-07-14 10:44:31,892 INFO  impl.RoleInfo (RoleInfo.java:shutdownFollowerState(121)) - ccbd68d9-77a2-4857-9d3b-9ab097a27f9f: shutdown FollowerState
2019-07-14 10:44:31,893 INFO  impl.RoleInfo (RoleInfo.java:updateAndGet(143)) - 1cecd33d-bb15-4021-8928-f4e4bf07f303: start FollowerState
2019-07-14 10:44:31,893 INFO  impl.RoleInfo (RoleInfo.java:updateAndGet(143)) - ccbd68d9-77a2-4857-9d3b-9ab097a27f9f: start FollowerState
2019-07-14 10:44:31,893 INFO  impl.FollowerState (FollowerState.java:run(114)) - 1cecd33d-bb15-4021-8928-f4e4bf07f303: FollowerState was interrupted: java.lang.InterruptedException: sleep interrupted
2019-07-14 10:44:31,893 INFO  impl.FollowerState (FollowerState.java:run(114)) - ccbd68d9-77a2-4857-9d3b-9ab097a27f9f: FollowerState was interrupted: java.lang.InterruptedException: sleep interrupted
2019-07-14 10:44:31,926 INFO  impl.LeaderElection (LeaderElection.java:logAndReturn(56)) - ff375dc0-9cb5-45d1-bd28-e2fef21c954c:group-00B57133DE59:LeaderElection9: Election REJECTED; received 2 response(s) [ff375dc0-9cb5-45d1-bd28-e2fef21c954c<-c7d10479-3d5f-4018-8d1a-d6ec9a3ad4d5#0:FAIL-t1, ff375dc0-9cb5-45d1-bd28-e2fef21c954c<-c8598515-65c5-4bb9-bfb5-ce6a9d9d28f6#0:FAIL-t1] and 0 exception(s); ff375dc0-9cb5-45d1-bd28-e2fef21c954c:t1, leader=null, voted=ff375dc0-9cb5-45d1-bd28-e2fef21c954c, raftlog=ff375dc0-9cb5-45d1-bd28-e2fef21c954c-SegmentedRaftLog:OPENED:c-1,f-1,i0, conf=-1: [ff375dc0-9cb5-45d1-bd28-e2fef21c954c:192.168.157.209:40178, c8598515-65c5-4bb9-bfb5-ce6a9d9d28f6:192.168.157.209:35669, c7d10479-3d5f-4018-8d1a-d6ec9a3ad4d5:192.168.157.209:44214], old=null
2019-07-14 10:44:31,926 INFO  impl.RaftServerImpl (RaftServerImpl.java:setRole(171)) - ff375dc0-9cb5-45d1-bd28-e2fef21c954c:group-00B57133DE59 changes role from CANDIDATE to FOLLOWER at term 1 for DISCOVERED_A_NEW_TERM
2019-07-14 10:44:31,926 INFO  impl.RoleInfo (RoleInfo.java:shutdownLeaderElection(134)) - ff375dc0-9cb5-45d1-bd28-e2fef21c954c: shutdown LeaderElection
2019-07-14 10:44:31,931 INFO  impl.RoleInfo (RoleInfo.java:updateAndGet(143)) - ff375dc0-9cb5-45d1-bd28-e2fef21c954c: start FollowerState
2019-07-14 10:44:31,935 INFO  impl.LeaderElection (LeaderElection.java:logAndReturn(56)) - 06ba8222-4d2c-4c23-8038-17270b72c5f0:group-2CC995457397:LeaderElection8: Election PASSED; received 1 response(s) [06ba8222-4d2c-4c23-8038-17270b72c5f0<-1cecd33d-bb15-4021-8928-f4e4bf07f303#0:OK-t1] and 0 exception(s); 06ba8222-4d2c-4c23-8038-17270b72c5f0:t1, leader=null, voted=06ba8222-4d2c-4c23-8038-17270b72c5f0, raftlog=06ba8222-4d2c-4c23-8038-17270b72c5f0-SegmentedRaftLog:OPENED:c-1,f-1,i0, conf=-1: [ccbd68d9-77a2-4857-9d3b-9ab097a27f9f:192.168.157.209:45953, 1cecd33d-bb15-4021-8928-f4e4bf07f303:192.168.157.209:39898, 06ba8222-4d2c-4c23-8038-17270b72c5f0:192.168.157.209:42209], old=null
2019-07-14 10:44:31,937 INFO  impl.RoleInfo (RoleInfo.java:shutdownLeaderElection(134)) - 06ba8222-4d2c-4c23-8038-17270b72c5f0: shutdown LeaderElection
2019-07-14 10:44:31,940 INFO  impl.RaftServerImpl (RaftServerImpl.java:setRole(171)) - 06ba8222-4d2c-4c23-8038-17270b72c5f0:group-2CC995457397 changes role from CANDIDATE to LEADER at term 1 for changeToLeader
2019-07-14 10:44:31,940 INFO  impl.RaftServerImpl (ServerState.java:setLeader(263)) - 06ba8222-4d2c-4c23-8038-17270b72c5f0:group-2CC995457397 change Leader from null to 06ba8222-4d2c-4c23-8038-17270b72c5f0 at term 1 for becomeLeader, leader elected after 5184ms
2019-07-14 10:44:31,942 INFO  server.RaftServerConfigKeys (ConfUtils.java:logGet(43)) - raft.server.staging.catchup.gap = 1000 (default)
2019-07-14 10:44:31,943 INFO  server.RaftServerConfigKeys (ConfUtils.java:logGet(43)) - raft.server.rpc.sleep.time = 25ms (default)
2019-07-14 10:44:31,943 INFO  server.RaftServerConfigKeys (ConfUtils.java:logGet(43)) - raft.server.write.element-limit = 4096 (default)
2019-07-14 10:44:31,945 INFO  server.RaftServerConfigKeys (ConfUtils.java:logGet(43)) - raft.server.watch.timeout = 10s (default)
2019-07-14 10:44:31,946 INFO  server.RaftServerConfigKeys (ConfUtils.java:logGet(43)) - raft.server.watch.timeout.denomination = 1s (default)
2019-07-14 10:44:31,946 INFO  server.RaftServerConfigKeys (ConfUtils.java:logGet(43)) - raft.server.watch.element-limit = 65536 (default)
2019-07-14 10:44:31,952 INFO  impl.LeaderElection (LeaderElection.java:logAndReturn(56)) - c8598515-65c5-4bb9-bfb5-ce6a9d9d28f6:group-00B57133DE59:LeaderElection10: Election REJECTED; received 2 response(s) [c8598515-65c5-4bb9-bfb5-ce6a9d9d28f6<-ff375dc0-9cb5-45d1-bd28-e2fef21c954c#0:FAIL-t1, c8598515-65c5-4bb9-bfb5-ce6a9d9d28f6<-c7d10479-3d5f-4018-8d1a-d6ec9a3ad4d5#0:FAIL-t1] and 0 exception(s); c8598515-65c5-4bb9-bfb5-ce6a9d9d28f6:t1, leader=null, voted=c8598515-65c5-4bb9-bfb5-ce6a9d9d28f6, raftlog=c8598515-65c5-4bb9-bfb5-ce6a9d9d28f6-SegmentedRaftLog:OPENED:c-1,f-1,i0, conf=-1: [ff375dc0-9cb5-45d1-bd28-e2fef21c954c:192.168.157.209:40178, c8598515-65c5-4bb9-bfb5-ce6a9d9d28f6:192.168.157.209:35669, c7d10479-3d5f-4018-8d1a-d6ec9a3ad4d5:192.168.157.209:44214], old=null
2019-07-14 10:44:31,957 INFO  impl.RaftServerImpl (RaftServerImpl.java:setRole(171)) - c8598515-65c5-4bb9-bfb5-ce6a9d9d28f6:group-00B57133DE59 changes role from CANDIDATE to FOLLOWER at term 1 for DISCOVERED_A_NEW_TERM
2019-07-14 10:44:31,957 INFO  impl.RoleInfo (RoleInfo.java:shutdownLeaderElection(134)) - c8598515-65c5-4bb9-bfb5-ce6a9d9d28f6: shutdown LeaderElection
2019-07-14 10:44:31,961 INFO  server.RaftServerConfigKeys (ConfUtils.java:logGet(43)) - raft.server.log.appender.snapshot.chunk.size.max = 16MB (=16777216) (default)
2019-07-14 10:44:31,964 INFO  impl.RoleInfo (RoleInfo.java:updateAndGet(143)) - c8598515-65c5-4bb9-bfb5-ce6a9d9d28f6: start FollowerState
2019-07-14 10:44:31,964 INFO  server.RaftServerConfigKeys (ConfUtils.java:logGet(43)) - raft.server.log.appender.buffer.byte-limit = 33554432 (custom)
2019-07-14 10:44:31,967 INFO  server.RaftServerConfigKeys (ConfUtils.java:logGet(43)) - raft.server.log.appender.buffer.element-limit = 1 (custom)
2019-07-14 10:44:31,970 INFO  impl.LeaderElection (LeaderElection.java:logAndReturn(56)) - c7d10479-3d5f-4018-8d1a-d6ec9a3ad4d5:group-00B57133DE59:LeaderElection11: Election REJECTED; received 2 response(s) [c7d10479-3d5f-4018-8d1a-d6ec9a3ad4d5<-ff375dc0-9cb5-45d1-bd28-e2fef21c954c#0:FAIL-t1, c7d10479-3d5f-4018-8d1a-d6ec9a3ad4d5<-c8598515-65c5-4bb9-bfb5-ce6a9d9d28f6#0:FAIL-t1] and 0 exception(s); c7d10479-3d5f-4018-8d1a-d6ec9a3ad4d5:t1, leader=null, voted=c7d10479-3d5f-4018-8d1a-d6ec9a3ad4d5, raftlog=c7d10479-3d5f-4018-8d1a-d6ec9a3ad4d5-SegmentedRaftLog:OPENED:c-1,f-1,i0, conf=-1: [ff375dc0-9cb5-45d1-bd28-e2fef21c954c:192.168.157.209:40178, c8598515-65c5-4bb9-bfb5-ce6a9d9d28f6:192.168.157.209:35669, c7d10479-3d5f-4018-8d1a-d6ec9a3ad4d5:192.168.157.209:44214], old=null
2019-07-14 10:44:31,971 INFO  impl.RaftServerImpl (RaftServerImpl.java:setRole(171)) - c7d10479-3d5f-4018-8d1a-d6ec9a3ad4d5:group-00B57133DE59 changes role from CANDIDATE to FOLLOWER at term 1 for DISCOVERED_A_NEW_TERM
2019-07-14 10:44:31,975 INFO  impl.RoleInfo (RoleInfo.java:shutdownLeaderElection(134)) - c7d10479-3d5f-4018-8d1a-d6ec9a3ad4d5: shutdown LeaderElection
2019-07-14 10:44:31,975 INFO  impl.RoleInfo (RoleInfo.java:updateAndGet(143)) - c7d10479-3d5f-4018-8d1a-d6ec9a3ad4d5: start FollowerState
2019-07-14 10:44:31,978 INFO  grpc.GrpcConfigKeys$Server (ConfUtils.java:logGet(43)) - raft.grpc.server.leader.outstanding.appends.max = 128 (default)
2019-07-14 10:44:31,982 INFO  server.RaftServerConfigKeys (ConfUtils.java:logGet(43)) - raft.server.rpc.request.timeout = 3000ms (default)
2019-07-14 10:44:31,982 INFO  server.RaftServerConfigKeys (ConfUtils.java:logGet(43)) - raft.server.log.appender.install.snapshot.enabled = false (custom)
2019-07-14 10:44:31,982 INFO  server.RaftServerConfigKeys (ConfUtils.java:logGet(43)) - raft.server.log.appender.snapshot.chunk.size.max = 16MB (=16777216) (default)
2019-07-14 10:44:31,982 INFO  server.RaftServerConfigKeys (ConfUtils.java:logGet(43)) - raft.server.log.appender.buffer.byte-limit = 33554432 (custom)
2019-07-14 10:44:31,982 INFO  server.RaftServerConfigKeys (ConfUtils.java:logGet(43)) - raft.server.log.appender.buffer.element-limit = 1 (custom)
2019-07-14 10:44:31,983 INFO  grpc.GrpcConfigKeys$Server (ConfUtils.java:logGet(43)) - raft.grpc.server.leader.outstanding.appends.max = 128 (default)
2019-07-14 10:44:31,983 INFO  server.RaftServerConfigKeys (ConfUtils.java:logGet(43)) - raft.server.rpc.request.timeout = 3000ms (default)
2019-07-14 10:44:31,983 INFO  server.RaftServerConfigKeys (ConfUtils.java:logGet(43)) - raft.server.log.appender.install.snapshot.enabled = false (custom)
2019-07-14 10:44:31,984 INFO  impl.RoleInfo (RoleInfo.java:updateAndGet(143)) - 06ba8222-4d2c-4c23-8038-17270b72c5f0: start LeaderState
2019-07-14 10:44:31,985 INFO  segmented.SegmentedRaftLogWorker (SegmentedRaftLogWorker.java:startLogSegment(380)) - 06ba8222-4d2c-4c23-8038-17270b72c5f0-SegmentedRaftLogWorker:Storage Directory /workdir/hadoop-ozone/integration-test/target/test-dir/MiniOzoneClusterImpl-d0d75479-cbfc-4267-8062-a3c34fb2ee67/datanode-5/data/ratis/c97615c0-0df4-4caa-81c4-2cc995457397: Starting segment from index:0
2019-07-14 10:44:31,986 INFO  impl.RaftServerImpl (ServerState.java:setRaftConf(361)) - 06ba8222-4d2c-4c23-8038-17270b72c5f0:group-2CC995457397 set configuration 0: [ccbd68d9-77a2-4857-9d3b-9ab097a27f9f:192.168.157.209:45953, 1cecd33d-bb15-4021-8928-f4e4bf07f303:192.168.157.209:39898, 06ba8222-4d2c-4c23-8038-17270b72c5f0:192.168.157.209:42209], old=null at 0
2019-07-14 10:44:32,017 INFO  segmented.SegmentedRaftLogWorker (SegmentedRaftLogWorker.java:execute(569)) - 06ba8222-4d2c-4c23-8038-17270b72c5f0-SegmentedRaftLogWorker:Storage Directory /workdir/hadoop-ozone/integration-test/target/test-dir/MiniOzoneClusterImpl-d0d75479-cbfc-4267-8062-a3c34fb2ee67/datanode-5/data/ratis/c97615c0-0df4-4caa-81c4-2cc995457397: created new log segment /workdir/hadoop-ozone/integration-test/target/test-dir/MiniOzoneClusterImpl-d0d75479-cbfc-4267-8062-a3c34fb2ee67/datanode-5/data/ratis/c97615c0-0df4-4caa-81c4-2cc995457397/current/log_inprogress_0
2019-07-14 10:44:32,029 INFO  impl.RaftServerImpl (ServerState.java:setLeader(263)) - 1cecd33d-bb15-4021-8928-f4e4bf07f303:group-2CC995457397 change Leader from null to 06ba8222-4d2c-4c23-8038-17270b72c5f0 at term 1 for appendEntries, leader elected after 5272ms
2019-07-14 10:44:32,029 INFO  impl.RaftServerImpl (ServerState.java:setLeader(263)) - ccbd68d9-77a2-4857-9d3b-9ab097a27f9f:group-2CC995457397 change Leader from null to 06ba8222-4d2c-4c23-8038-17270b72c5f0 at term 1 for appendEntries, leader elected after 5272ms
2019-07-14 10:44:32,067 INFO  impl.RaftServerImpl (ServerState.java:setRaftConf(361)) - 1cecd33d-bb15-4021-8928-f4e4bf07f303:group-2CC995457397 set configuration 0: [ccbd68d9-77a2-4857-9d3b-9ab097a27f9f:192.168.157.209:45953, 1cecd33d-bb15-4021-8928-f4e4bf07f303:192.168.157.209:39898, 06ba8222-4d2c-4c23-8038-17270b72c5f0:192.168.157.209:42209], old=null at 0
2019-07-14 10:44:32,067 INFO  impl.RaftServerImpl (ServerState.java:setRaftConf(361)) - ccbd68d9-77a2-4857-9d3b-9ab097a27f9f:group-2CC995457397 set configuration 0: [ccbd68d9-77a2-4857-9d3b-9ab097a27f9f:192.168.157.209:45953, 1cecd33d-bb15-4021-8928-f4e4bf07f303:192.168.157.209:39898, 06ba8222-4d2c-4c23-8038-17270b72c5f0:192.168.157.209:42209], old=null at 0
2019-07-14 10:44:32,067 INFO  segmented.SegmentedRaftLogWorker (SegmentedRaftLogWorker.java:startLogSegment(380)) - 1cecd33d-bb15-4021-8928-f4e4bf07f303-SegmentedRaftLogWorker:Storage Directory /workdir/hadoop-ozone/integration-test/target/test-dir/MiniOzoneClusterImpl-d0d75479-cbfc-4267-8062-a3c34fb2ee67/datanode-6/data/ratis/c97615c0-0df4-4caa-81c4-2cc995457397: Starting segment from index:0
2019-07-14 10:44:32,068 INFO  segmented.SegmentedRaftLogWorker (SegmentedRaftLogWorker.java:startLogSegment(380)) - ccbd68d9-77a2-4857-9d3b-9ab097a27f9f-SegmentedRaftLogWorker:Storage Directory /workdir/hadoop-ozone/integration-test/target/test-dir/MiniOzoneClusterImpl-d0d75479-cbfc-4267-8062-a3c34fb2ee67/datanode-2/data/ratis/c97615c0-0df4-4caa-81c4-2cc995457397: Starting segment from index:0
2019-07-14 10:44:32,096 INFO  segmented.SegmentedRaftLogWorker (SegmentedRaftLogWorker.java:execute(569)) - 1cecd33d-bb15-4021-8928-f4e4bf07f303-SegmentedRaftLogWorker:Storage Directory /workdir/hadoop-ozone/integration-test/target/test-dir/MiniOzoneClusterImpl-d0d75479-cbfc-4267-8062-a3c34fb2ee67/datanode-6/data/ratis/c97615c0-0df4-4caa-81c4-2cc995457397: created new log segment /workdir/hadoop-ozone/integration-test/target/test-dir/MiniOzoneClusterImpl-d0d75479-cbfc-4267-8062-a3c34fb2ee67/datanode-6/data/ratis/c97615c0-0df4-4caa-81c4-2cc995457397/current/log_inprogress_0
2019-07-14 10:44:32,096 INFO  segmented.SegmentedRaftLogWorker (SegmentedRaftLogWorker.java:execute(569)) - ccbd68d9-77a2-4857-9d3b-9ab097a27f9f-SegmentedRaftLogWorker:Storage Directory /workdir/hadoop-ozone/integration-test/target/test-dir/MiniOzoneClusterImpl-d0d75479-cbfc-4267-8062-a3c34fb2ee67/datanode-2/data/ratis/c97615c0-0df4-4caa-81c4-2cc995457397: created new log segment /workdir/hadoop-ozone/integration-test/target/test-dir/MiniOzoneClusterImpl-d0d75479-cbfc-4267-8062-a3c34fb2ee67/datanode-2/data/ratis/c97615c0-0df4-4caa-81c4-2cc995457397/current/log_inprogress_0
2019-07-14 10:44:32,823 INFO  client.GrpcClientProtocolClient (GrpcClientProtocolClient.java:onNext(255)) - client-AC4A3825FACF->c8598515-65c5-4bb9-bfb5-ce6a9d9d28f6: receive RaftClientReply:client-AC4A3825FACF->c8598515-65c5-4bb9-bfb5-ce6a9d9d28f6@group-00B57133DE59, cid=13, FAILED org.apache.ratis.protocol.NotLeaderException: Server c8598515-65c5-4bb9-bfb5-ce6a9d9d28f6 is not the leader (null). Request must be sent to leader., logIndex=0, commits[c8598515-65c5-4bb9-bfb5-ce6a9d9d28f6:c-1]
2019-07-14 10:44:33,852 INFO  client.GrpcClientProtocolClient (GrpcClientProtocolClient.java:onNext(255)) - client-AC4A3825FACF->c7d10479-3d5f-4018-8d1a-d6ec9a3ad4d5: receive RaftClientReply:client-AC4A3825FACF->c7d10479-3d5f-4018-8d1a-d6ec9a3ad4d5@group-00B57133DE59, cid=13, FAILED org.apache.ratis.protocol.NotLeaderException: Server c7d10479-3d5f-4018-8d1a-d6ec9a3ad4d5 is not the leader (null). Request must be sent to leader., logIndex=0, commits[c7d10479-3d5f-4018-8d1a-d6ec9a3ad4d5:c-1]
2019-07-14 10:44:34,878 INFO  client.GrpcClientProtocolClient (GrpcClientProtocolClient.java:onNext(255)) - client-AC4A3825FACF->ff375dc0-9cb5-45d1-bd28-e2fef21c954c: receive RaftClientReply:client-AC4A3825FACF->ff375dc0-9cb5-45d1-bd28-e2fef21c954c@group-00B57133DE59, cid=13, FAILED org.apache.ratis.protocol.NotLeaderException: Server ff375dc0-9cb5-45d1-bd28-e2fef21c954c is not the leader (null). Request must be sent to leader., logIndex=0, commits[ff375dc0-9cb5-45d1-bd28-e2fef21c954c:c-1]
2019-07-14 10:44:35,902 INFO  client.GrpcClientProtocolClient (GrpcClientProtocolClient.java:onNext(255)) - client-AC4A3825FACF->c8598515-65c5-4bb9-bfb5-ce6a9d9d28f6: receive RaftClientReply:client-AC4A3825FACF->c8598515-65c5-4bb9-bfb5-ce6a9d9d28f6@group-00B57133DE59, cid=13, FAILED org.apache.ratis.protocol.NotLeaderException: Server c8598515-65c5-4bb9-bfb5-ce6a9d9d28f6 is not the leader (null). Request must be sent to leader., logIndex=0, commits[c8598515-65c5-4bb9-bfb5-ce6a9d9d28f6:c-1]
2019-07-14 10:44:36,933 INFO  client.GrpcClientProtocolClient (GrpcClientProtocolClient.java:onNext(255)) - client-AC4A3825FACF->ff375dc0-9cb5-45d1-bd28-e2fef21c954c: receive RaftClientReply:client-AC4A3825FACF->ff375dc0-9cb5-45d1-bd28-e2fef21c954c@group-00B57133DE59, cid=13, FAILED org.apache.ratis.protocol.NotLeaderException: Server ff375dc0-9cb5-45d1-bd28-e2fef21c954c is not the leader (null). Request must be sent to leader., logIndex=0, commits[ff375dc0-9cb5-45d1-bd28-e2fef21c954c:c-1]
2019-07-14 10:44:37,004 INFO  impl.FollowerState (FollowerState.java:run(106)) - c7d10479-3d5f-4018-8d1a-d6ec9a3ad4d5:group-00B57133DE59 changes to CANDIDATE, lastRpcTime:5029, electionTimeout:5027ms
2019-07-14 10:44:37,005 INFO  impl.RoleInfo (RoleInfo.java:shutdownFollowerState(121)) - c7d10479-3d5f-4018-8d1a-d6ec9a3ad4d5: shutdown FollowerState
2019-07-14 10:44:37,005 INFO  impl.RaftServerImpl (RaftServerImpl.java:setRole(171)) - c7d10479-3d5f-4018-8d1a-d6ec9a3ad4d5:group-00B57133DE59 changes role from FOLLOWER to CANDIDATE at term 1 for changeToCandidate
2019-07-14 10:44:37,005 INFO  impl.RoleInfo (RoleInfo.java:updateAndGet(143)) - c7d10479-3d5f-4018-8d1a-d6ec9a3ad4d5: start LeaderElection
2019-07-14 10:44:37,011 INFO  impl.FollowerState (FollowerState.java:run(106)) - c8598515-65c5-4bb9-bfb5-ce6a9d9d28f6:group-00B57133DE59 changes to CANDIDATE, lastRpcTime:5047, electionTimeout:5045ms
2019-07-14 10:44:37,011 INFO  impl.RoleInfo (RoleInfo.java:shutdownFollowerState(121)) - c8598515-65c5-4bb9-bfb5-ce6a9d9d28f6: shutdown FollowerState
2019-07-14 10:44:37,011 INFO  impl.RaftServerImpl (RaftServerImpl.java:setRole(171)) - c8598515-65c5-4bb9-bfb5-ce6a9d9d28f6:group-00B57133DE59 changes role from FOLLOWER to CANDIDATE at term 1 for changeToCandidate
2019-07-14 10:44:37,012 INFO  impl.RoleInfo (RoleInfo.java:updateAndGet(143)) - c8598515-65c5-4bb9-bfb5-ce6a9d9d28f6: start LeaderElection
2019-07-14 10:44:37,022 INFO  impl.LeaderElection (LeaderElection.java:askForVotes(181)) - c7d10479-3d5f-4018-8d1a-d6ec9a3ad4d5:group-00B57133DE59:LeaderElection12: begin an election at term 2 for -1: [ff375dc0-9cb5-45d1-bd28-e2fef21c954c:192.168.157.209:40178, c8598515-65c5-4bb9-bfb5-ce6a9d9d28f6:192.168.157.209:35669, c7d10479-3d5f-4018-8d1a-d6ec9a3ad4d5:192.168.157.209:44214], old=null
2019-07-14 10:44:37,022 INFO  impl.LeaderElection (LeaderElection.java:askForVotes(181)) - c8598515-65c5-4bb9-bfb5-ce6a9d9d28f6:group-00B57133DE59:LeaderElection13: begin an election at term 2 for -1: [ff375dc0-9cb5-45d1-bd28-e2fef21c954c:192.168.157.209:40178, c8598515-65c5-4bb9-bfb5-ce6a9d9d28f6:192.168.157.209:35669, c7d10479-3d5f-4018-8d1a-d6ec9a3ad4d5:192.168.157.209:44214], old=null
2019-07-14 10:44:37,035 INFO  impl.RaftServerImpl (RaftServerImpl.java:setRole(171)) - ff375dc0-9cb5-45d1-bd28-e2fef21c954c:group-00B57133DE59 changes role from FOLLOWER to FOLLOWER at term 2 for recognizeCandidate:c8598515-65c5-4bb9-bfb5-ce6a9d9d28f6
2019-07-14 10:44:37,037 INFO  impl.RoleInfo (RoleInfo.java:shutdownFollowerState(121)) - ff375dc0-9cb5-45d1-bd28-e2fef21c954c: shutdown FollowerState
2019-07-14 10:44:37,038 INFO  impl.RoleInfo (RoleInfo.java:updateAndGet(143)) - ff375dc0-9cb5-45d1-bd28-e2fef21c954c: start FollowerState
2019-07-14 10:44:37,038 INFO  impl.FollowerState (FollowerState.java:run(114)) - ff375dc0-9cb5-45d1-bd28-e2fef21c954c: FollowerState was interrupted: java.lang.InterruptedException: sleep interrupted
2019-07-14 10:44:37,055 INFO  impl.LeaderElection (LeaderElection.java:logAndReturn(56)) - c7d10479-3d5f-4018-8d1a-d6ec9a3ad4d5:group-00B57133DE59:LeaderElection12: Election REJECTED; received 2 response(s) [c7d10479-3d5f-4018-8d1a-d6ec9a3ad4d5<-ff375dc0-9cb5-45d1-bd28-e2fef21c954c#0:FAIL-t2, c7d10479-3d5f-4018-8d1a-d6ec9a3ad4d5<-c8598515-65c5-4bb9-bfb5-ce6a9d9d28f6#0:FAIL-t2] and 0 exception(s); c7d10479-3d5f-4018-8d1a-d6ec9a3ad4d5:t2, leader=null, voted=c7d10479-3d5f-4018-8d1a-d6ec9a3ad4d5, raftlog=c7d10479-3d5f-4018-8d1a-d6ec9a3ad4d5-SegmentedRaftLog:OPENED:c-1,f-1,i0, conf=-1: [ff375dc0-9cb5-45d1-bd28-e2fef21c954c:192.168.157.209:40178, c8598515-65c5-4bb9-bfb5-ce6a9d9d28f6:192.168.157.209:35669, c7d10479-3d5f-4018-8d1a-d6ec9a3ad4d5:192.168.157.209:44214], old=null
2019-07-14 10:44:37,056 INFO  impl.RaftServerImpl (RaftServerImpl.java:setRole(171)) - c7d10479-3d5f-4018-8d1a-d6ec9a3ad4d5:group-00B57133DE59 changes role from CANDIDATE to FOLLOWER at term 2 for DISCOVERED_A_NEW_TERM
2019-07-14 10:44:37,069 INFO  impl.RoleInfo (RoleInfo.java:shutdownLeaderElection(134)) - c7d10479-3d5f-4018-8d1a-d6ec9a3ad4d5: shutdown LeaderElection
2019-07-14 10:44:37,069 INFO  impl.RoleInfo (RoleInfo.java:updateAndGet(143)) - c7d10479-3d5f-4018-8d1a-d6ec9a3ad4d5: start FollowerState
2019-07-14 10:44:37,069 INFO  impl.LeaderElection (LeaderElection.java:logAndReturn(56)) - c8598515-65c5-4bb9-bfb5-ce6a9d9d28f6:group-00B57133DE59:LeaderElection13: Election PASSED; received 2 response(s) [c8598515-65c5-4bb9-bfb5-ce6a9d9d28f6<-ff375dc0-9cb5-45d1-bd28-e2fef21c954c#0:OK-t2, c8598515-65c5-4bb9-bfb5-ce6a9d9d28f6<-c7d10479-3d5f-4018-8d1a-d6ec9a3ad4d5#0:FAIL-t2] and 0 exception(s); c8598515-65c5-4bb9-bfb5-ce6a9d9d28f6:t2, leader=null, voted=c8598515-65c5-4bb9-bfb5-ce6a9d9d28f6, raftlog=c8598515-65c5-4bb9-bfb5-ce6a9d9d28f6-SegmentedRaftLog:OPENED:c-1,f-1,i0, conf=-1: [ff375dc0-9cb5-45d1-bd28-e2fef21c954c:192.168.157.209:40178, c8598515-65c5-4bb9-bfb5-ce6a9d9d28f6:192.168.157.209:35669, c7d10479-3d5f-4018-8d1a-d6ec9a3ad4d5:192.168.157.209:44214], old=null
2019-07-14 10:44:37,072 INFO  impl.RoleInfo (RoleInfo.java:shutdownLeaderElection(134)) - c8598515-65c5-4bb9-bfb5-ce6a9d9d28f6: shutdown LeaderElection
2019-07-14 10:44:37,072 INFO  impl.RaftServerImpl (RaftServerImpl.java:setRole(171)) - c8598515-65c5-4bb9-bfb5-ce6a9d9d28f6:group-00B57133DE59 changes role from CANDIDATE to LEADER at term 2 for changeToLeader
2019-07-14 10:44:37,072 INFO  impl.RaftServerImpl (ServerState.java:setLeader(263)) - c8598515-65c5-4bb9-bfb5-ce6a9d9d28f6:group-00B57133DE59 change Leader from null to c8598515-65c5-4bb9-bfb5-ce6a9d9d28f6 at term 2 for becomeLeader, leader elected after 10432ms
2019-07-14 10:44:37,072 INFO  server.RaftServerConfigKeys (ConfUtils.java:logGet(43)) - raft.server.staging.catchup.gap = 1000 (default)
2019-07-14 10:44:37,072 INFO  server.RaftServerConfigKeys (ConfUtils.java:logGet(43)) - raft.server.rpc.sleep.time = 25ms (default)
2019-07-14 10:44:37,073 INFO  server.RaftServerConfigKeys (ConfUtils.java:logGet(43)) - raft.server.write.element-limit = 4096 (default)
2019-07-14 10:44:37,073 INFO  server.RaftServerConfigKeys (ConfUtils.java:logGet(43)) - raft.server.watch.timeout = 10s (default)
2019-07-14 10:44:37,073 INFO  server.RaftServerConfigKeys (ConfUtils.java:logGet(43)) - raft.server.watch.timeout.denomination = 1s (default)
2019-07-14 10:44:37,073 INFO  server.RaftServerConfigKeys (ConfUtils.java:logGet(43)) - raft.server.watch.element-limit = 65536 (default)
2019-07-14 10:44:37,074 INFO  server.RaftServerConfigKeys (ConfUtils.java:logGet(43)) - raft.server.log.appender.snapshot.chunk.size.max = 16MB (=16777216) (default)
2019-07-14 10:44:37,074 INFO  server.RaftServerConfigKeys (ConfUtils.java:logGet(43)) - raft.server.log.appender.buffer.byte-limit = 33554432 (custom)
2019-07-14 10:44:37,074 INFO  server.RaftServerConfigKeys (ConfUtils.java:logGet(43)) - raft.server.log.appender.buffer.element-limit = 1 (custom)
2019-07-14 10:44:37,074 INFO  grpc.GrpcConfigKeys$Server (ConfUtils.java:logGet(43)) - raft.grpc.server.leader.outstanding.appends.max = 128 (default)
2019-07-14 10:44:37,075 INFO  server.RaftServerConfigKeys (ConfUtils.java:logGet(43)) - raft.server.rpc.request.timeout = 3000ms (default)
2019-07-14 10:44:37,075 INFO  server.RaftServerConfigKeys (ConfUtils.java:logGet(43)) - raft.server.log.appender.install.snapshot.enabled = false (custom)
2019-07-14 10:44:37,075 INFO  server.RaftServerConfigKeys (ConfUtils.java:logGet(43)) - raft.server.log.appender.snapshot.chunk.size.max = 16MB (=16777216) (default)
2019-07-14 10:44:37,075 INFO  server.RaftServerConfigKeys (ConfUtils.java:logGet(43)) - raft.server.log.appender.buffer.byte-limit = 33554432 (custom)
2019-07-14 10:44:37,076 INFO  server.RaftServerConfigKeys (ConfUtils.java:logGet(43)) - raft.server.log.appender.buffer.element-limit = 1 (custom)
2019-07-14 10:44:37,076 INFO  grpc.GrpcConfigKeys$Server (ConfUtils.java:logGet(43)) - raft.grpc.server.leader.outstanding.appends.max = 128 (default)
2019-07-14 10:44:37,076 INFO  server.RaftServerConfigKeys (ConfUtils.java:logGet(43)) - raft.server.rpc.request.timeout = 3000ms (default)
2019-07-14 10:44:37,076 INFO  server.RaftServerConfigKeys (ConfUtils.java:logGet(43)) - raft.server.log.appender.install.snapshot.enabled = false (custom)
2019-07-14 10:44:37,076 INFO  impl.RoleInfo (RoleInfo.java:updateAndGet(143)) - c8598515-65c5-4bb9-bfb5-ce6a9d9d28f6: start LeaderState
2019-07-14 10:44:37,077 INFO  segmented.SegmentedRaftLogWorker (SegmentedRaftLogWorker.java:startLogSegment(380)) - c8598515-65c5-4bb9-bfb5-ce6a9d9d28f6-SegmentedRaftLogWorker:Storage Directory /workdir/hadoop-ozone/integration-test/target/test-dir/MiniOzoneClusterImpl-d0d75479-cbfc-4267-8062-a3c34fb2ee67/datanode-3/data/ratis/976a9283-917d-4672-baed-00b57133de59: Starting segment from index:0
2019-07-14 10:44:37,078 INFO  impl.RaftServerImpl (ServerState.java:setRaftConf(361)) - c8598515-65c5-4bb9-bfb5-ce6a9d9d28f6:group-00B57133DE59 set configuration 0: [ff375dc0-9cb5-45d1-bd28-e2fef21c954c:192.168.157.209:40178, c8598515-65c5-4bb9-bfb5-ce6a9d9d28f6:192.168.157.209:35669, c7d10479-3d5f-4018-8d1a-d6ec9a3ad4d5:192.168.157.209:44214], old=null at 0
2019-07-14 10:44:37,081 INFO  impl.RaftServerImpl (ServerState.java:setLeader(263)) - ff375dc0-9cb5-45d1-bd28-e2fef21c954c:group-00B57133DE59 change Leader from null to c8598515-65c5-4bb9-bfb5-ce6a9d9d28f6 at term 2 for appendEntries, leader elected after 10441ms
2019-07-14 10:44:37,099 INFO  impl.RaftServerImpl (ServerState.java:setLeader(263)) - c7d10479-3d5f-4018-8d1a-d6ec9a3ad4d5:group-00B57133DE59 change Leader from null to c8598515-65c5-4bb9-bfb5-ce6a9d9d28f6 at term 2 for appendEntries, leader elected after 10459ms
2019-07-14 10:44:37,104 INFO  impl.RaftServerImpl (ServerState.java:setRaftConf(361)) - c7d10479-3d5f-4018-8d1a-d6ec9a3ad4d5:group-00B57133DE59 set configuration 0: [ff375dc0-9cb5-45d1-bd28-e2fef21c954c:192.168.157.209:40178, c8598515-65c5-4bb9-bfb5-ce6a9d9d28f6:192.168.157.209:35669, c7d10479-3d5f-4018-8d1a-d6ec9a3ad4d5:192.168.157.209:44214], old=null at 0
2019-07-14 10:44:37,104 INFO  impl.RaftServerImpl (ServerState.java:setRaftConf(361)) - ff375dc0-9cb5-45d1-bd28-e2fef21c954c:group-00B57133DE59 set configuration 0: [ff375dc0-9cb5-45d1-bd28-e2fef21c954c:192.168.157.209:40178, c8598515-65c5-4bb9-bfb5-ce6a9d9d28f6:192.168.157.209:35669, c7d10479-3d5f-4018-8d1a-d6ec9a3ad4d5:192.168.157.209:44214], old=null at 0
2019-07-14 10:44:37,104 INFO  segmented.SegmentedRaftLogWorker (SegmentedRaftLogWorker.java:startLogSegment(380)) - c7d10479-3d5f-4018-8d1a-d6ec9a3ad4d5-SegmentedRaftLogWorker:Storage Directory /workdir/hadoop-ozone/integration-test/target/test-dir/MiniOzoneClusterImpl-d0d75479-cbfc-4267-8062-a3c34fb2ee67/datanode-0/data/ratis/976a9283-917d-4672-baed-00b57133de59: Starting segment from index:0
2019-07-14 10:44:37,104 INFO  segmented.SegmentedRaftLogWorker (SegmentedRaftLogWorker.java:startLogSegment(380)) - ff375dc0-9cb5-45d1-bd28-e2fef21c954c-SegmentedRaftLogWorker:Storage Directory /workdir/hadoop-ozone/integration-test/target/test-dir/MiniOzoneClusterImpl-d0d75479-cbfc-4267-8062-a3c34fb2ee67/datanode-1/data/ratis/976a9283-917d-4672-baed-00b57133de59: Starting segment from index:0
2019-07-14 10:44:37,111 INFO  segmented.SegmentedRaftLogWorker (SegmentedRaftLogWorker.java:execute(569)) - c8598515-65c5-4bb9-bfb5-ce6a9d9d28f6-SegmentedRaftLogWorker:Storage Directory /workdir/hadoop-ozone/integration-test/target/test-dir/MiniOzoneClusterImpl-d0d75479-cbfc-4267-8062-a3c34fb2ee67/datanode-3/data/ratis/976a9283-917d-4672-baed-00b57133de59: created new log segment /workdir/hadoop-ozone/integration-test/target/test-dir/MiniOzoneClusterImpl-d0d75479-cbfc-4267-8062-a3c34fb2ee67/datanode-3/data/ratis/976a9283-917d-4672-baed-00b57133de59/current/log_inprogress_0
2019-07-14 10:44:37,124 INFO  segmented.SegmentedRaftLogWorker (SegmentedRaftLogWorker.java:execute(569)) - c7d10479-3d5f-4018-8d1a-d6ec9a3ad4d5-SegmentedRaftLogWorker:Storage Directory /workdir/hadoop-ozone/integration-test/target/test-dir/MiniOzoneClusterImpl-d0d75479-cbfc-4267-8062-a3c34fb2ee67/datanode-0/data/ratis/976a9283-917d-4672-baed-00b57133de59: created new log segment /workdir/hadoop-ozone/integration-test/target/test-dir/MiniOzoneClusterImpl-d0d75479-cbfc-4267-8062-a3c34fb2ee67/datanode-0/data/ratis/976a9283-917d-4672-baed-00b57133de59/current/log_inprogress_0
2019-07-14 10:44:37,124 INFO  segmented.SegmentedRaftLogWorker (SegmentedRaftLogWorker.java:execute(569)) - ff375dc0-9cb5-45d1-bd28-e2fef21c954c-SegmentedRaftLogWorker:Storage Directory /workdir/hadoop-ozone/integration-test/target/test-dir/MiniOzoneClusterImpl-d0d75479-cbfc-4267-8062-a3c34fb2ee67/datanode-1/data/ratis/976a9283-917d-4672-baed-00b57133de59: created new log segment /workdir/hadoop-ozone/integration-test/target/test-dir/MiniOzoneClusterImpl-d0d75479-cbfc-4267-8062-a3c34fb2ee67/datanode-1/data/ratis/976a9283-917d-4672-baed-00b57133de59/current/log_inprogress_0
2019-07-14 10:44:37,959 INFO  client.GrpcClientProtocolClient (GrpcClientProtocolClient.java:onNext(255)) - client-AC4A3825FACF->c7d10479-3d5f-4018-8d1a-d6ec9a3ad4d5: receive RaftClientReply:client-AC4A3825FACF->c7d10479-3d5f-4018-8d1a-d6ec9a3ad4d5@group-00B57133DE59, cid=13, FAILED org.apache.ratis.protocol.NotLeaderException: Server c7d10479-3d5f-4018-8d1a-d6ec9a3ad4d5 is not the leader (c8598515-65c5-4bb9-bfb5-ce6a9d9d28f6:192.168.157.209:35669). Request must be sent to leader., logIndex=0, commits[c7d10479-3d5f-4018-8d1a-d6ec9a3ad4d5:c-1, ff375dc0-9cb5-45d1-bd28-e2fef21c954c:c-1, c8598515-65c5-4bb9-bfb5-ce6a9d9d28f6:c-1]
2019-07-14 10:44:38,295 INFO  client.GrpcClientProtocolClient (GrpcClientProtocolClient.java:onNext(255)) - client-AC4A3825FACF->c8598515-65c5-4bb9-bfb5-ce6a9d9d28f6: receive RaftClientReply:client-AC4A3825FACF->c8598515-65c5-4bb9-bfb5-ce6a9d9d28f6@group-00B57133DE59, cid=13, SUCCESS, logIndex=1, commits[c8598515-65c5-4bb9-bfb5-ce6a9d9d28f6:c1, ff375dc0-9cb5-45d1-bd28-e2fef21c954c:c0, c7d10479-3d5f-4018-8d1a-d6ec9a3ad4d5:c0]
2019-07-14 10:44:38,339 INFO  client.GrpcClientProtocolClient (GrpcClientProtocolClient.java:onNext(255)) - client-AC4A3825FACF->c8598515-65c5-4bb9-bfb5-ce6a9d9d28f6: receive RaftClientReply:client-AC4A3825FACF->c8598515-65c5-4bb9-bfb5-ce6a9d9d28f6@group-00B57133DE59, cid=14, SUCCESS, logIndex=3, commits[c8598515-65c5-4bb9-bfb5-ce6a9d9d28f6:c3, ff375dc0-9cb5-45d1-bd28-e2fef21c954c:c2, c7d10479-3d5f-4018-8d1a-d6ec9a3ad4d5:c2]
2019-07-14 10:44:38,496 INFO  client.GrpcClientProtocolClient (GrpcClientProtocolClient.java:onNext(255)) - client-AC4A3825FACF->c8598515-65c5-4bb9-bfb5-ce6a9d9d28f6: receive RaftClientReply:client-AC4A3825FACF->c8598515-65c5-4bb9-bfb5-ce6a9d9d28f6@group-00B57133DE59, cid=15, SUCCESS, logIndex=4, commits[c8598515-65c5-4bb9-bfb5-ce6a9d9d28f6:c12, ff375dc0-9cb5-45d1-bd28-e2fef21c954c:c8, c7d10479-3d5f-4018-8d1a-d6ec9a3ad4d5:c8]
2019-07-14 10:44:38,502 INFO  client.GrpcClientProtocolClient (GrpcClientProtocolClient.java:onNext(255)) - client-AC4A3825FACF->c8598515-65c5-4bb9-bfb5-ce6a9d9d28f6: receive RaftClientReply:client-AC4A3825FACF->c8598515-65c5-4bb9-bfb5-ce6a9d9d28f6@group-00B57133DE59, cid=16, SUCCESS, logIndex=5, commits[c8598515-65c5-4bb9-bfb5-ce6a9d9d28f6:c12, ff375dc0-9cb5-45d1-bd28-e2fef21c954c:c8, c7d10479-3d5f-4018-8d1a-d6ec9a3ad4d5:c8]
2019-07-14 10:44:38,503 INFO  client.GrpcClientProtocolClient (GrpcClientProtocolClient.java:onNext(255)) - client-AC4A3825FACF->c8598515-65c5-4bb9-bfb5-ce6a9d9d28f6: receive RaftClientReply:client-AC4A3825FACF->c8598515-65c5-4bb9-bfb5-ce6a9d9d28f6@group-00B57133DE59, cid=17, SUCCESS, logIndex=6, commits[c8598515-65c5-4bb9-bfb5-ce6a9d9d28f6:c12, ff375dc0-9cb5-45d1-bd28-e2fef21c954c:c8, c7d10479-3d5f-4018-8d1a-d6ec9a3ad4d5:c8]
2019-07-14 10:44:38,504 INFO  client.GrpcClientProtocolClient (GrpcClientProtocolClient.java:onNext(255)) - client-AC4A3825FACF->c8598515-65c5-4bb9-bfb5-ce6a9d9d28f6: receive RaftClientReply:client-AC4A3825FACF->c8598515-65c5-4bb9-bfb5-ce6a9d9d28f6@group-00B57133DE59, cid=18, SUCCESS, logIndex=8, commits[c8598515-65c5-4bb9-bfb5-ce6a9d9d28f6:c12, ff375dc0-9cb5-45d1-bd28-e2fef21c954c:c8, c7d10479-3d5f-4018-8d1a-d6ec9a3ad4d5:c8]
2019-07-14 10:44:38,510 INFO  pipeline.SCMPipelineManager (SCMPipelineManager.java:finalizeAndDestroyPipeline(309)) - destroying pipeline:Pipeline[ Id: 976a9283-917d-4672-baed-00b57133de59, Nodes: c8598515-65c5-4bb9-bfb5-ce6a9d9d28f6{ip: 192.168.157.209, host: trunk-nightly-fxmrv-2540794721, networkLocation: /default-rack, certSerialId: null}ff375dc0-9cb5-45d1-bd28-e2fef21c954c{ip: 192.168.157.209, host: trunk-nightly-fxmrv-2540794721, networkLocation: /default-rack, certSerialId: null}c7d10479-3d5f-4018-8d1a-d6ec9a3ad4d5{ip: 192.168.157.209, host: trunk-nightly-fxmrv-2540794721, networkLocation: /default-rack, certSerialId: null}, Type:RATIS, Factor:THREE, State:OPEN]
2019-07-14 10:44:38,512 INFO  pipeline.PipelineStateManager (PipelineStateManager.java:finalizePipeline(123)) - Pipeline Pipeline[ Id: 976a9283-917d-4672-baed-00b57133de59, Nodes: c8598515-65c5-4bb9-bfb5-ce6a9d9d28f6{ip: 192.168.157.209, host: trunk-nightly-fxmrv-2540794721, networkLocation: /default-rack, certSerialId: null}ff375dc0-9cb5-45d1-bd28-e2fef21c954c{ip: 192.168.157.209, host: trunk-nightly-fxmrv-2540794721, networkLocation: /default-rack, certSerialId: null}c7d10479-3d5f-4018-8d1a-d6ec9a3ad4d5{ip: 192.168.157.209, host: trunk-nightly-fxmrv-2540794721, networkLocation: /default-rack, certSerialId: null}, Type:RATIS, Factor:THREE, State:CLOSED] moved to CLOSED state
2019-07-14 10:44:38,512 INFO  container.CloseContainerEventHandler (CloseContainerEventHandler.java:onMessage(61)) - Close container Event triggered for container : #1
2019-07-14 10:44:38,531 INFO  impl.RaftServerProxy (RaftServerProxy.java:remove(95)) - c8598515-65c5-4bb9-bfb5-ce6a9d9d28f6: remove   LEADER group-00B57133DE59 c8598515-65c5-4bb9-bfb5-ce6a9d9d28f6:t2, leader=c8598515-65c5-4bb9-bfb5-ce6a9d9d28f6, voted=c8598515-65c5-4bb9-bfb5-ce6a9d9d28f6, raftlog=c8598515-65c5-4bb9-bfb5-ce6a9d9d28f6-SegmentedRaftLog:OPENED:c12,f12,i12, conf=0: [ff375dc0-9cb5-45d1-bd28-e2fef21c954c:192.168.157.209:40178, c8598515-65c5-4bb9-bfb5-ce6a9d9d28f6:192.168.157.209:35669, c7d10479-3d5f-4018-8d1a-d6ec9a3ad4d5:192.168.157.209:44214], old=null RUNNING
2019-07-14 10:44:38,535 INFO  impl.RaftServerImpl (RaftServerImpl.java:lambda$shutdown$3(245)) - c8598515-65c5-4bb9-bfb5-ce6a9d9d28f6: shutdown group-00B57133DE59
2019-07-14 10:44:38,536 INFO  util.JmxRegister (JmxRegister.java:unregister(73)) - Successfully un-registered JMX Bean with object name Ratis:service=RaftServer,group=group-00B57133DE59,id=c8598515-65c5-4bb9-bfb5-ce6a9d9d28f6
2019-07-14 10:44:38,536 INFO  impl.RoleInfo (RoleInfo.java:shutdownLeaderState(104)) - c8598515-65c5-4bb9-bfb5-ce6a9d9d28f6: shutdown LeaderState
2019-07-14 10:44:38,540 WARN  server.GrpcLogAppender (GrpcLogAppender.java:mayWait(143)) - GrpcLogAppender(c8598515-65c5-4bb9-bfb5-ce6a9d9d28f6->ff375dc0-9cb5-45d1-bd28-e2fef21c954c): Wait interrupted by java.lang.InterruptedException
2019-07-14 10:44:38,542 WARN  server.GrpcLogAppender (GrpcLogAppender.java:mayWait(143)) - GrpcLogAppender(c8598515-65c5-4bb9-bfb5-ce6a9d9d28f6->c7d10479-3d5f-4018-8d1a-d6ec9a3ad4d5): Wait interrupted by java.lang.InterruptedException
2019-07-14 10:44:38,542 INFO  impl.PendingRequests (PendingRequests.java:sendNotLeaderResponses(202)) - c8598515-65c5-4bb9-bfb5-ce6a9d9d28f6-PendingRequests: sendNotLeaderResponses
2019-07-14 10:44:38,549 INFO  server.GrpcServerProtocolService (GrpcServerProtocolService.java:onCompleted(104)) - c7d10479-3d5f-4018-8d1a-d6ec9a3ad4d5: appendEntries completed
2019-07-14 10:44:38,549 INFO  server.GrpcServerProtocolService (GrpcServerProtocolService.java:onCompleted(104)) - ff375dc0-9cb5-45d1-bd28-e2fef21c954c: appendEntries completed
2019-07-14 10:44:38,562 INFO  server.GrpcLogAppender (GrpcLogAppender.java:onCompleted(292)) - c8598515-65c5-4bb9-bfb5-ce6a9d9d28f6->ff375dc0-9cb5-45d1-bd28-e2fef21c954c: follower responses appendEntries COMPLETED
2019-07-14 10:44:38,564 INFO  server.GrpcLogAppender (GrpcLogAppender.java:onCompleted(292)) - c8598515-65c5-4bb9-bfb5-ce6a9d9d28f6->c7d10479-3d5f-4018-8d1a-d6ec9a3ad4d5: follower responses appendEntries COMPLETED
2019-07-14 10:44:38,568 INFO  impl.FollowerInfo (FollowerInfo.java:lambda$new$0(50)) - c8598515-65c5-4bb9-bfb5-ce6a9d9d28f6->ff375dc0-9cb5-45d1-bd28-e2fef21c954c: nextIndex: updateUnconditionally 13 -> 12
2019-07-14 10:44:38,568 INFO  impl.FollowerInfo (FollowerInfo.java:lambda$new$0(50)) - c8598515-65c5-4bb9-bfb5-ce6a9d9d28f6->c7d10479-3d5f-4018-8d1a-d6ec9a3ad4d5: nextIndex: updateUnconditionally 13 -> 12
2019-07-14 10:44:38,575 INFO  impl.StateMachineUpdater (StateMachineUpdater.java:stopAndJoin(115)) - StateMachineUpdater:c8598515-65c5-4bb9-bfb5-ce6a9d9d28f6:group-00B57133DE59: set stopIndex = 12
2019-07-14 10:44:38,576 INFO  ratis.ContainerStateMachine (ContainerStateMachine.java:takeSnapshot(249)) - group-00B57133DE59: Taking a snapshot at:(t:2, i:12) file /workdir/hadoop-ozone/integration-test/target/test-dir/MiniOzoneClusterImpl-d0d75479-cbfc-4267-8062-a3c34fb2ee67/datanode-3/data/ratis/976a9283-917d-4672-baed-00b57133de59/sm/snapshot.2_12
2019-07-14 10:44:38,591 INFO  ratis.ContainerStateMachine (ContainerStateMachine.java:takeSnapshot(257)) - group-00B57133DE59: Finished taking a snapshot at:(t:2, i:12) file:/workdir/hadoop-ozone/integration-test/target/test-dir/MiniOzoneClusterImpl-d0d75479-cbfc-4267-8062-a3c34fb2ee67/datanode-3/data/ratis/976a9283-917d-4672-baed-00b57133de59/sm/snapshot.2_12 time:15
2019-07-14 10:44:38,591 INFO  impl.StateMachineUpdater (StateMachineUpdater.java:takeSnapshot(242)) - StateMachineUpdater:c8598515-65c5-4bb9-bfb5-ce6a9d9d28f6:group-00B57133DE59: Took a snapshot at index 12
2019-07-14 10:44:38,593 INFO  impl.StateMachineUpdater (StateMachineUpdater.java:lambda$new$0(80)) - StateMachineUpdater:c8598515-65c5-4bb9-bfb5-ce6a9d9d28f6:group-00B57133DE59: snapshotIndex: updateIncreasingly -1 -> 12
2019-07-14 10:44:38,598 INFO  impl.RaftServerImpl (ServerState.java:close(394)) - c8598515-65c5-4bb9-bfb5-ce6a9d9d28f6:group-00B57133DE59 closes. The last applied log index is 12
2019-07-14 10:44:38,600 INFO  segmented.SegmentedRaftLogWorker (SegmentedRaftLogWorker.java:run(313)) - c8598515-65c5-4bb9-bfb5-ce6a9d9d28f6-SegmentedRaftLogWorker:Storage Directory /workdir/hadoop-ozone/integration-test/target/test-dir/MiniOzoneClusterImpl-d0d75479-cbfc-4267-8062-a3c34fb2ee67/datanode-3/data/ratis/976a9283-917d-4672-baed-00b57133de59 was interrupted, exiting. There are 0 tasks remaining in the queue.
2019-07-14 10:44:38,603 INFO  segmented.SegmentedRaftLogWorker (SegmentedRaftLogWorker.java:close(228)) - c8598515-65c5-4bb9-bfb5-ce6a9d9d28f6-SegmentedRaftLogWorker:Storage Directory /workdir/hadoop-ozone/integration-test/target/test-dir/MiniOzoneClusterImpl-d0d75479-cbfc-4267-8062-a3c34fb2ee67/datanode-3/data/ratis/976a9283-917d-4672-baed-00b57133de59 close()
2019-07-14 10:44:38,628 INFO  impl.RaftServerProxy (RaftServerProxy.java:remove(95)) - ff375dc0-9cb5-45d1-bd28-e2fef21c954c: remove FOLLOWER group-00B57133DE59 ff375dc0-9cb5-45d1-bd28-e2fef21c954c:t2, leader=c8598515-65c5-4bb9-bfb5-ce6a9d9d28f6, voted=c8598515-65c5-4bb9-bfb5-ce6a9d9d28f6, raftlog=ff375dc0-9cb5-45d1-bd28-e2fef21c954c-SegmentedRaftLog:OPENED:c8,f12,i12, conf=0: [ff375dc0-9cb5-45d1-bd28-e2fef21c954c:192.168.157.209:40178, c8598515-65c5-4bb9-bfb5-ce6a9d9d28f6:192.168.157.209:35669, c7d10479-3d5f-4018-8d1a-d6ec9a3ad4d5:192.168.157.209:44214], old=null RUNNING
2019-07-14 10:44:38,629 INFO  impl.RaftServerImpl (RaftServerImpl.java:lambda$shutdown$3(245)) - ff375dc0-9cb5-45d1-bd28-e2fef21c954c: shutdown group-00B57133DE59
2019-07-14 10:44:38,629 INFO  util.JmxRegister (JmxRegister.java:unregister(73)) - Successfully un-registered JMX Bean with object name Ratis:service=RaftServer,group=group-00B57133DE59,id=ff375dc0-9cb5-45d1-bd28-e2fef21c954c
2019-07-14 10:44:38,629 INFO  impl.RoleInfo (RoleInfo.java:shutdownFollowerState(121)) - ff375dc0-9cb5-45d1-bd28-e2fef21c954c: shutdown FollowerState
2019-07-14 10:44:38,629 INFO  impl.StateMachineUpdater (StateMachineUpdater.java:stopAndJoin(115)) - StateMachineUpdater:ff375dc0-9cb5-45d1-bd28-e2fef21c954c:group-00B57133DE59: set stopIndex = 8
2019-07-14 10:44:38,629 INFO  ratis.ContainerStateMachine (ContainerStateMachine.java:takeSnapshot(249)) - group-00B57133DE59: Taking a snapshot at:(t:2, i:8) file /workdir/hadoop-ozone/integration-test/target/test-dir/MiniOzoneClusterImpl-d0d75479-cbfc-4267-8062-a3c34fb2ee67/datanode-1/data/ratis/976a9283-917d-4672-baed-00b57133de59/sm/snapshot.2_8
2019-07-14 10:44:38,629 INFO  impl.FollowerState (FollowerState.java:run(114)) - ff375dc0-9cb5-45d1-bd28-e2fef21c954c: FollowerState was interrupted: java.lang.InterruptedException: sleep interrupted
2019-07-14 10:44:38,633 INFO  ratis.ContainerStateMachine (ContainerStateMachine.java:takeSnapshot(257)) - group-00B57133DE59: Finished taking a snapshot at:(t:2, i:8) file:/workdir/hadoop-ozone/integration-test/target/test-dir/MiniOzoneClusterImpl-d0d75479-cbfc-4267-8062-a3c34fb2ee67/datanode-1/data/ratis/976a9283-917d-4672-baed-00b57133de59/sm/snapshot.2_8 time:4
2019-07-14 10:44:38,633 INFO  impl.StateMachineUpdater (StateMachineUpdater.java:takeSnapshot(242)) - StateMachineUpdater:ff375dc0-9cb5-45d1-bd28-e2fef21c954c:group-00B57133DE59: Took a snapshot at index 8
2019-07-14 10:44:38,633 INFO  impl.StateMachineUpdater (StateMachineUpdater.java:lambda$new$0(80)) - StateMachineUpdater:ff375dc0-9cb5-45d1-bd28-e2fef21c954c:group-00B57133DE59: snapshotIndex: updateIncreasingly -1 -> 8
2019-07-14 10:44:38,634 INFO  impl.RaftServerImpl (ServerState.java:close(394)) - ff375dc0-9cb5-45d1-bd28-e2fef21c954c:group-00B57133DE59 closes. The last applied log index is 8
2019-07-14 10:44:38,634 INFO  segmented.SegmentedRaftLogWorker (SegmentedRaftLogWorker.java:run(313)) - ff375dc0-9cb5-45d1-bd28-e2fef21c954c-SegmentedRaftLogWorker:Storage Directory /workdir/hadoop-ozone/integration-test/target/test-dir/MiniOzoneClusterImpl-d0d75479-cbfc-4267-8062-a3c34fb2ee67/datanode-1/data/ratis/976a9283-917d-4672-baed-00b57133de59 was interrupted, exiting. There are 0 tasks remaining in the queue.
2019-07-14 10:44:38,636 INFO  segmented.SegmentedRaftLogWorker (SegmentedRaftLogWorker.java:close(228)) - ff375dc0-9cb5-45d1-bd28-e2fef21c954c-SegmentedRaftLogWorker:Storage Directory /workdir/hadoop-ozone/integration-test/target/test-dir/MiniOzoneClusterImpl-d0d75479-cbfc-4267-8062-a3c34fb2ee67/datanode-1/data/ratis/976a9283-917d-4672-baed-00b57133de59 close()
2019-07-14 10:44:38,660 INFO  impl.RaftServerProxy (RaftServerProxy.java:remove(95)) - c7d10479-3d5f-4018-8d1a-d6ec9a3ad4d5: remove FOLLOWER group-00B57133DE59 c7d10479-3d5f-4018-8d1a-d6ec9a3ad4d5:t2, leader=c8598515-65c5-4bb9-bfb5-ce6a9d9d28f6, voted=c7d10479-3d5f-4018-8d1a-d6ec9a3ad4d5, raftlog=c7d10479-3d5f-4018-8d1a-d6ec9a3ad4d5-SegmentedRaftLog:OPENED:c8,f12,i12, conf=0: [ff375dc0-9cb5-45d1-bd28-e2fef21c954c:192.168.157.209:40178, c8598515-65c5-4bb9-bfb5-ce6a9d9d28f6:192.168.157.209:35669, c7d10479-3d5f-4018-8d1a-d6ec9a3ad4d5:192.168.157.209:44214], old=null RUNNING
2019-07-14 10:44:38,660 INFO  impl.RaftServerImpl (RaftServerImpl.java:lambda$shutdown$3(245)) - c7d10479-3d5f-4018-8d1a-d6ec9a3ad4d5: shutdown group-00B57133DE59
2019-07-14 10:44:38,660 INFO  util.JmxRegister (JmxRegister.java:unregister(73)) - Successfully un-registered JMX Bean with object name Ratis:service=RaftServer,group=group-00B57133DE59,id=c7d10479-3d5f-4018-8d1a-d6ec9a3ad4d5
2019-07-14 10:44:38,660 INFO  impl.RoleInfo (RoleInfo.java:shutdownFollowerState(121)) - c7d10479-3d5f-4018-8d1a-d6ec9a3ad4d5: shutdown FollowerState
2019-07-14 10:44:38,660 INFO  impl.StateMachineUpdater (StateMachineUpdater.java:stopAndJoin(115)) - StateMachineUpdater:c7d10479-3d5f-4018-8d1a-d6ec9a3ad4d5:group-00B57133DE59: set stopIndex = 8
2019-07-14 10:44:38,661 INFO  impl.FollowerState (FollowerState.java:run(114)) - c7d10479-3d5f-4018-8d1a-d6ec9a3ad4d5: FollowerState was interrupted: java.lang.InterruptedException: sleep interrupted
2019-07-14 10:44:38,661 INFO  ratis.ContainerStateMachine (ContainerStateMachine.java:takeSnapshot(249)) - group-00B57133DE59: Taking a snapshot at:(t:2, i:8) file /workdir/hadoop-ozone/integration-test/target/test-dir/MiniOzoneClusterImpl-d0d75479-cbfc-4267-8062-a3c34fb2ee67/datanode-0/data/ratis/976a9283-917d-4672-baed-00b57133de59/sm/snapshot.2_8
2019-07-14 10:44:38,671 INFO  ratis.ContainerStateMachine (ContainerStateMachine.java:takeSnapshot(257)) - group-00B57133DE59: Finished taking a snapshot at:(t:2, i:8) file:/workdir/hadoop-ozone/integration-test/target/test-dir/MiniOzoneClusterImpl-d0d75479-cbfc-4267-8062-a3c34fb2ee67/datanode-0/data/ratis/976a9283-917d-4672-baed-00b57133de59/sm/snapshot.2_8 time:10
2019-07-14 10:44:38,671 INFO  impl.StateMachineUpdater (StateMachineUpdater.java:takeSnapshot(242)) - StateMachineUpdater:c7d10479-3d5f-4018-8d1a-d6ec9a3ad4d5:group-00B57133DE59: Took a snapshot at index 8
2019-07-14 10:44:38,671 INFO  impl.StateMachineUpdater (StateMachineUpdater.java:lambda$new$0(80)) - StateMachineUpdater:c7d10479-3d5f-4018-8d1a-d6ec9a3ad4d5:group-00B57133DE59: snapshotIndex: updateIncreasingly -1 -> 8
2019-07-14 10:44:38,672 INFO  impl.RaftServerImpl (ServerState.java:close(394)) - c7d10479-3d5f-4018-8d1a-d6ec9a3ad4d5:group-00B57133DE59 closes. The last applied log index is 8
2019-07-14 10:44:38,672 INFO  segmented.SegmentedRaftLogWorker (SegmentedRaftLogWorker.java:run(313)) - c7d10479-3d5f-4018-8d1a-d6ec9a3ad4d5-SegmentedRaftLogWorker:Storage Directory /workdir/hadoop-ozone/integration-test/target/test-dir/MiniOzoneClusterImpl-d0d75479-cbfc-4267-8062-a3c34fb2ee67/datanode-0/data/ratis/976a9283-917d-4672-baed-00b57133de59 was interrupted, exiting. There are 0 tasks remaining in the queue.
2019-07-14 10:44:38,674 INFO  segmented.SegmentedRaftLogWorker (SegmentedRaftLogWorker.java:close(228)) - c7d10479-3d5f-4018-8d1a-d6ec9a3ad4d5-SegmentedRaftLogWorker:Storage Directory /workdir/hadoop-ozone/integration-test/target/test-dir/MiniOzoneClusterImpl-d0d75479-cbfc-4267-8062-a3c34fb2ee67/datanode-0/data/ratis/976a9283-917d-4672-baed-00b57133de59 close()
2019-07-14 10:44:38,684 INFO  pipeline.PipelineStateManager (PipelineStateManager.java:removePipeline(108)) - Pipeline Pipeline[ Id: 976a9283-917d-4672-baed-00b57133de59, Nodes: c8598515-65c5-4bb9-bfb5-ce6a9d9d28f6{ip: 192.168.157.209, host: trunk-nightly-fxmrv-2540794721, networkLocation: /default-rack, certSerialId: null}ff375dc0-9cb5-45d1-bd28-e2fef21c954c{ip: 192.168.157.209, host: trunk-nightly-fxmrv-2540794721, networkLocation: /default-rack, certSerialId: null}c7d10479-3d5f-4018-8d1a-d6ec9a3ad4d5{ip: 192.168.157.209, host: trunk-nightly-fxmrv-2540794721, networkLocation: /default-rack, certSerialId: null}, Type:RATIS, Factor:THREE, State:CLOSED] removed from db
2019-07-14 10:44:38,688 INFO  ratis.XceiverServerRatis (XceiverServerRatis.java:getPipelineIds(614)) - pipeline id PipelineID=7c83aac5-b5ef-449c-aadd-1e9ca9eccb4b
2019-07-14 10:44:38,688 INFO  ratis.XceiverServerRatis (XceiverServerRatis.java:getPipelineIds(614)) - pipeline id PipelineID=0f5da8d7-f397-43a2-8756-9a30f68db9cd
2019-07-14 10:44:38,696 INFO  ratis.XceiverServerRatis (XceiverServerRatis.java:getPipelineIds(614)) - pipeline id PipelineID=87ccd580-5de0-4fbd-96b6-37d800db2d92
2019-07-14 10:44:38,720 INFO  impl.RaftServerProxy (RaftServerProxy.java:addNew(89)) - c7d10479-3d5f-4018-8d1a-d6ec9a3ad4d5: addNew group-D1F7F36D7511:[ff375dc0-9cb5-45d1-bd28-e2fef21c954c:192.168.157.209:40178, c8598515-65c5-4bb9-bfb5-ce6a9d9d28f6:192.168.157.209:35669, c7d10479-3d5f-4018-8d1a-d6ec9a3ad4d5:192.168.157.209:44214] returns group-D1F7F36D7511:java.util.concurrent.CompletableFuture@92795ea[Not completed]
2019-07-14 10:44:38,720 INFO  impl.RaftServerProxy (RaftServerProxy.java:addNew(89)) - ff375dc0-9cb5-45d1-bd28-e2fef21c954c: addNew group-D1F7F36D7511:[ff375dc0-9cb5-45d1-bd28-e2fef21c954c:192.168.157.209:40178, c8598515-65c5-4bb9-bfb5-ce6a9d9d28f6:192.168.157.209:35669, c7d10479-3d5f-4018-8d1a-d6ec9a3ad4d5:192.168.157.209:44214] returns group-D1F7F36D7511:java.util.concurrent.CompletableFuture@691315f[Not completed]
2019-07-14 10:44:38,720 INFO  impl.RaftServerProxy (RaftServerProxy.java:addNew(89)) - c8598515-65c5-4bb9-bfb5-ce6a9d9d28f6: addNew group-D1F7F36D7511:[ff375dc0-9cb5-45d1-bd28-e2fef21c954c:192.168.157.209:40178, c8598515-65c5-4bb9-bfb5-ce6a9d9d28f6:192.168.157.209:35669, c7d10479-3d5f-4018-8d1a-d6ec9a3ad4d5:192.168.157.209:44214] returns group-D1F7F36D7511:java.util.concurrent.CompletableFuture@5b76cd85[Not completed]
2019-07-14 10:44:38,722 INFO  impl.RaftServerImpl (RaftServerImpl.java:<init>(93)) - c7d10479-3d5f-4018-8d1a-d6ec9a3ad4d5: new RaftServerImpl for group-D1F7F36D7511:[ff375dc0-9cb5-45d1-bd28-e2fef21c954c:192.168.157.209:40178, c8598515-65c5-4bb9-bfb5-ce6a9d9d28f6:192.168.157.209:35669, c7d10479-3d5f-4018-8d1a-d6ec9a3ad4d5:192.168.157.209:44214] with ContainerStateMachine:uninitialized
2019-07-14 10:44:38,722 INFO  server.RaftServerConfigKeys (ConfUtils.java:logGet(43)) - raft.server.rpc.timeout.min = 5s (custom)
2019-07-14 10:44:38,722 INFO  server.RaftServerConfigKeys (ConfUtils.java:logGet(43)) - raft.server.rpc.timeout.max = 5200ms (custom)
2019-07-14 10:44:38,722 INFO  server.RaftServerConfigKeys (ConfUtils.java:logGet(43)) - raft.server.rpcslowness.timeout = 120s (custom)
2019-07-14 10:44:38,722 INFO  server.RaftServerConfigKeys (ConfUtils.java:logGet(43)) - raft.server.sleep.deviation.threshold = 300 (default)
2019-07-14 10:44:38,723 INFO  impl.RaftServerImpl (RaftServerImpl.java:<init>(93)) - c8598515-65c5-4bb9-bfb5-ce6a9d9d28f6: new RaftServerImpl for group-D1F7F36D7511:[ff375dc0-9cb5-45d1-bd28-e2fef21c954c:192.168.157.209:40178, c8598515-65c5-4bb9-bfb5-ce6a9d9d28f6:192.168.157.209:35669, c7d10479-3d5f-4018-8d1a-d6ec9a3ad4d5:192.168.157.209:44214] with ContainerStateMachine:uninitialized
2019-07-14 10:44:38,723 INFO  server.RaftServerConfigKeys (ConfUtils.java:logGet(43)) - raft.server.log.appender.install.snapshot.enabled = false (custom)
2019-07-14 10:44:38,723 INFO  server.RaftServerConfigKeys (ConfUtils.java:logGet(43)) - raft.server.rpc.timeout.min = 5s (custom)
2019-07-14 10:44:38,723 INFO  impl.RaftServerImpl (ServerState.java:<init>(105)) - c7d10479-3d5f-4018-8d1a-d6ec9a3ad4d5:group-D1F7F36D7511 ConfigurationManager, init=-1: [ff375dc0-9cb5-45d1-bd28-e2fef21c954c:192.168.157.209:40178, c8598515-65c5-4bb9-bfb5-ce6a9d9d28f6:192.168.157.209:35669, c7d10479-3d5f-4018-8d1a-d6ec9a3ad4d5:192.168.157.209:44214], old=null, confs=<EMPTY_MAP>
2019-07-14 10:44:38,723 INFO  server.RaftServerConfigKeys (ConfUtils.java:logGet(43)) - raft.server.rpc.timeout.max = 5200ms (custom)
2019-07-14 10:44:38,723 INFO  server.RaftServerConfigKeys (ConfUtils.java:logGet(43)) - raft.server.rpcslowness.timeout = 120s (custom)
2019-07-14 10:44:38,723 INFO  server.RaftServerConfigKeys (ConfUtils.java:logGet(43)) - raft.server.sleep.deviation.threshold = 300 (default)
2019-07-14 10:44:38,723 INFO  server.RaftServerConfigKeys (ConfUtils.java:logGet(43)) - raft.server.storage.dir = [/workdir/hadoop-ozone/integration-test/target/test-dir/MiniOzoneClusterImpl-d0d75479-cbfc-4267-8062-a3c34fb2ee67/datanode-0/data/ratis] (custom)
2019-07-14 10:44:38,723 INFO  server.RaftServerConfigKeys (ConfUtils.java:logGet(43)) - raft.server.log.appender.install.snapshot.enabled = false (custom)
2019-07-14 10:44:38,724 INFO  storage.RaftStorageDirectory (RaftStorageDirectory.java:analyzeStorage(246)) - The storage directory /workdir/hadoop-ozone/integration-test/target/test-dir/MiniOzoneClusterImpl-d0d75479-cbfc-4267-8062-a3c34fb2ee67/datanode-0/data/ratis/0ee28696-c184-4474-9d28-d1f7f36d7511 does not exist. Creating ...
2019-07-14 10:44:38,724 INFO  impl.RaftServerImpl (ServerState.java:<init>(105)) - c8598515-65c5-4bb9-bfb5-ce6a9d9d28f6:group-D1F7F36D7511 ConfigurationManager, init=-1: [ff375dc0-9cb5-45d1-bd28-e2fef21c954c:192.168.157.209:40178, c8598515-65c5-4bb9-bfb5-ce6a9d9d28f6:192.168.157.209:35669, c7d10479-3d5f-4018-8d1a-d6ec9a3ad4d5:192.168.157.209:44214], old=null, confs=<EMPTY_MAP>
2019-07-14 10:44:38,724 INFO  impl.RaftServerImpl (RaftServerImpl.java:<init>(93)) - ff375dc0-9cb5-45d1-bd28-e2fef21c954c: new RaftServerImpl for group-D1F7F36D7511:[ff375dc0-9cb5-45d1-bd28-e2fef21c954c:192.168.157.209:40178, c8598515-65c5-4bb9-bfb5-ce6a9d9d28f6:192.168.157.209:35669, c7d10479-3d5f-4018-8d1a-d6ec9a3ad4d5:192.168.157.209:44214] with ContainerStateMachine:uninitialized
2019-07-14 10:44:38,724 INFO  server.RaftServerConfigKeys (ConfUtils.java:logGet(43)) - raft.server.storage.dir = [/workdir/hadoop-ozone/integration-test/target/test-dir/MiniOzoneClusterImpl-d0d75479-cbfc-4267-8062-a3c34fb2ee67/datanode-3/data/ratis] (custom)
2019-07-14 10:44:38,724 INFO  server.RaftServerConfigKeys (ConfUtils.java:logGet(43)) - raft.server.rpc.timeout.min = 5s (custom)
2019-07-14 10:44:38,725 INFO  server.RaftServerConfigKeys (ConfUtils.java:logGet(43)) - raft.server.rpc.timeout.max = 5200ms (custom)
2019-07-14 10:44:38,725 INFO  storage.RaftStorageDirectory (RaftStorageDirectory.java:analyzeStorage(246)) - The storage directory /workdir/hadoop-ozone/integration-test/target/test-dir/MiniOzoneClusterImpl-d0d75479-cbfc-4267-8062-a3c34fb2ee67/datanode-3/data/ratis/0ee28696-c184-4474-9d28-d1f7f36d7511 does not exist. Creating ...
2019-07-14 10:44:38,725 INFO  server.RaftServerConfigKeys (ConfUtils.java:logGet(43)) - raft.server.rpcslowness.timeout = 120s (custom)
2019-07-14 10:44:38,725 INFO  server.RaftServerConfigKeys (ConfUtils.java:logGet(43)) - raft.server.sleep.deviation.threshold = 300 (default)
2019-07-14 10:44:38,725 INFO  server.RaftServerConfigKeys (ConfUtils.java:logGet(43)) - raft.server.log.appender.install.snapshot.enabled = false (custom)
2019-07-14 10:44:38,725 INFO  impl.RaftServerImpl (ServerState.java:<init>(105)) - ff375dc0-9cb5-45d1-bd28-e2fef21c954c:group-D1F7F36D7511 ConfigurationManager, init=-1: [ff375dc0-9cb5-45d1-bd28-e2fef21c954c:192.168.157.209:40178, c8598515-65c5-4bb9-bfb5-ce6a9d9d28f6:192.168.157.209:35669, c7d10479-3d5f-4018-8d1a-d6ec9a3ad4d5:192.168.157.209:44214], old=null, confs=<EMPTY_MAP>
2019-07-14 10:44:38,725 INFO  server.RaftServerConfigKeys (ConfUtils.java:logGet(43)) - raft.server.storage.dir = [/workdir/hadoop-ozone/integration-test/target/test-dir/MiniOzoneClusterImpl-d0d75479-cbfc-4267-8062-a3c34fb2ee67/datanode-1/data/ratis] (custom)
2019-07-14 10:44:38,726 INFO  storage.RaftStorageDirectory (RaftStorageDirectory.java:analyzeStorage(246)) - The storage directory /workdir/hadoop-ozone/integration-test/target/test-dir/MiniOzoneClusterImpl-d0d75479-cbfc-4267-8062-a3c34fb2ee67/datanode-1/data/ratis/0ee28696-c184-4474-9d28-d1f7f36d7511 does not exist. Creating ...
2019-07-14 10:44:38,735 INFO  storage.RaftStorageDirectory (RaftStorageDirectory.java:tryLock(328)) - Lock on /workdir/hadoop-ozone/integration-test/target/test-dir/MiniOzoneClusterImpl-d0d75479-cbfc-4267-8062-a3c34fb2ee67/datanode-3/data/ratis/0ee28696-c184-4474-9d28-d1f7f36d7511/in_use.lock acquired by nodename 24855@trunk-nightly-fxmrv-2540794721
2019-07-14 10:44:38,735 INFO  storage.RaftStorageDirectory (RaftStorageDirectory.java:tryLock(328)) - Lock on /workdir/hadoop-ozone/integration-test/target/test-dir/MiniOzoneClusterImpl-d0d75479-cbfc-4267-8062-a3c34fb2ee67/datanode-0/data/ratis/0ee28696-c184-4474-9d28-d1f7f36d7511/in_use.lock acquired by nodename 24855@trunk-nightly-fxmrv-2540794721
2019-07-14 10:44:38,735 INFO  storage.RaftStorageDirectory (RaftStorageDirectory.java:tryLock(328)) - Lock on /workdir/hadoop-ozone/integration-test/target/test-dir/MiniOzoneClusterImpl-d0d75479-cbfc-4267-8062-a3c34fb2ee67/datanode-1/data/ratis/0ee28696-c184-4474-9d28-d1f7f36d7511/in_use.lock acquired by nodename 24855@trunk-nightly-fxmrv-2540794721
2019-07-14 10:44:38,749 INFO  storage.RaftStorage (RaftStorage.java:format(72)) - Storage directory /workdir/hadoop-ozone/integration-test/target/test-dir/MiniOzoneClusterImpl-d0d75479-cbfc-4267-8062-a3c34fb2ee67/datanode-3/data/ratis/0ee28696-c184-4474-9d28-d1f7f36d7511 has been successfully formatted.
2019-07-14 10:44:38,749 INFO  storage.RaftStorage (RaftStorage.java:format(72)) - Storage directory /workdir/hadoop-ozone/integration-test/target/test-dir/MiniOzoneClusterImpl-d0d75479-cbfc-4267-8062-a3c34fb2ee67/datanode-0/data/ratis/0ee28696-c184-4474-9d28-d1f7f36d7511 has been successfully formatted.
2019-07-14 10:44:38,749 INFO  storage.RaftStorage (RaftStorage.java:format(72)) - Storage directory /workdir/hadoop-ozone/integration-test/target/test-dir/MiniOzoneClusterImpl-d0d75479-cbfc-4267-8062-a3c34fb2ee67/datanode-1/data/ratis/0ee28696-c184-4474-9d28-d1f7f36d7511 has been successfully formatted.
2019-07-14 10:44:38,749 INFO  ratis.ContainerStateMachine (ContainerStateMachine.java:loadSnapshot(200)) - group-D1F7F36D7511: The snapshot info is null. Setting the last applied indexto:(t:0, i:~)
2019-07-14 10:44:38,749 INFO  ratis.ContainerStateMachine (ContainerStateMachine.java:loadSnapshot(200)) - group-D1F7F36D7511: The snapshot info is null. Setting the last applied indexto:(t:0, i:~)
2019-07-14 10:44:38,749 INFO  server.RaftServerConfigKeys (ConfUtils.java:logGet(43)) - raft.server.leader.election.timeout = 120s (custom)
2019-07-14 10:44:38,749 INFO  ratis.ContainerStateMachine (ContainerStateMachine.java:loadSnapshot(200)) - group-D1F7F36D7511: The snapshot info is null. Setting the last applied indexto:(t:0, i:~)
2019-07-14 10:44:38,749 INFO  server.RaftServerConfigKeys (ConfUtils.java:logGet(43)) - raft.server.log.use.memory = false (default)
2019-07-14 10:44:38,749 INFO  server.RaftServerConfigKeys (ConfUtils.java:logGet(43)) - raft.server.leader.election.timeout = 120s (custom)
2019-07-14 10:44:38,750 INFO  server.RaftServerConfigKeys (ConfUtils.java:logGet(43)) - raft.server.log.purge.gap = 1000000000 (custom)
2019-07-14 10:44:38,749 INFO  server.RaftServerConfigKeys (ConfUtils.java:logGet(43)) - raft.server.leader.election.timeout = 120s (custom)
2019-07-14 10:44:38,750 INFO  server.RaftServerConfigKeys (ConfUtils.java:logGet(43)) - raft.server.log.appender.buffer.byte-limit = 33554432 (custom)
2019-07-14 10:44:38,750 INFO  server.RaftServerConfigKeys (ConfUtils.java:logGet(43)) - raft.server.log.use.memory = false (default)
2019-07-14 10:44:38,750 INFO  server.RaftServerConfigKeys (ConfUtils.java:logGet(43)) - raft.server.log.segment.size.max = 1048576 (custom)
2019-07-14 10:44:38,750 INFO  server.RaftServerConfigKeys (ConfUtils.java:logGet(43)) - raft.server.log.use.memory = false (default)
2019-07-14 10:44:38,750 INFO  server.RaftServerConfigKeys (ConfUtils.java:logGet(43)) - raft.server.log.segment.cache.num.max = 2 (custom)
2019-07-14 10:44:38,750 INFO  server.RaftServerConfigKeys (ConfUtils.java:logGet(43)) - raft.server.log.purge.gap = 1000000000 (custom)
2019-07-14 10:44:38,750 INFO  segmented.SegmentedRaftLogWorker (SegmentedRaftLogWorker.java:<init>(172)) - new c7d10479-3d5f-4018-8d1a-d6ec9a3ad4d5-SegmentedRaftLogWorker:Storage Directory /workdir/hadoop-ozone/integration-test/target/test-dir/MiniOzoneClusterImpl-d0d75479-cbfc-4267-8062-a3c34fb2ee67/datanode-0/data/ratis/0ee28696-c184-4474-9d28-d1f7f36d7511 for RaftStorage:Storage Directory /workdir/hadoop-ozone/integration-test/target/test-dir/MiniOzoneClusterImpl-d0d75479-cbfc-4267-8062-a3c34fb2ee67/datanode-0/data/ratis/0ee28696-c184-4474-9d28-d1f7f36d7511
2019-07-14 10:44:38,750 INFO  server.RaftServerConfigKeys (ConfUtils.java:logGet(43)) - raft.server.log.purge.gap = 1000000000 (custom)
2019-07-14 10:44:38,751 INFO  server.RaftServerConfigKeys (ConfUtils.java:logGet(43)) - raft.server.log.queue.byte-limit = 2147483647 (custom)
2019-07-14 10:44:38,751 INFO  server.RaftServerConfigKeys (ConfUtils.java:logGet(43)) - raft.server.log.appender.buffer.byte-limit = 33554432 (custom)
2019-07-14 10:44:38,751 INFO  server.RaftServerConfigKeys (ConfUtils.java:logGet(43)) - raft.server.log.queue.element-limit = 1024 (custom)
2019-07-14 10:44:38,751 INFO  server.RaftServerConfigKeys (ConfUtils.java:logGet(43)) - raft.server.log.appender.buffer.byte-limit = 33554432 (custom)
2019-07-14 10:44:38,751 INFO  server.RaftServerConfigKeys (ConfUtils.java:logGet(43)) - raft.server.log.segment.size.max = 1048576 (custom)
2019-07-14 10:44:38,751 INFO  server.RaftServerConfigKeys (ConfUtils.java:logGet(43)) - raft.server.log.segment.size.max = 1048576 (custom)
2019-07-14 10:44:38,751 INFO  server.RaftServerConfigKeys (ConfUtils.java:logGet(43)) - raft.server.log.preallocated.size = 16384 (custom)
2019-07-14 10:44:38,752 INFO  server.RaftServerConfigKeys (ConfUtils.java:logGet(43)) - raft.server.log.write.buffer.size = 33554432 (custom)
2019-07-14 10:44:38,751 INFO  server.RaftServerConfigKeys (ConfUtils.java:logGet(43)) - raft.server.log.segment.size.max = 1048576 (custom)
2019-07-14 10:44:38,752 INFO  server.RaftServerConfigKeys (ConfUtils.java:logGet(43)) - raft.server.log.force.sync.num = 128 (default)
2019-07-14 10:44:38,751 INFO  server.RaftServerConfigKeys (ConfUtils.java:logGet(43)) - raft.server.log.segment.cache.num.max = 2 (custom)
2019-07-14 10:44:38,752 INFO  server.RaftServerConfigKeys (ConfUtils.java:logGet(43)) - raft.server.log.statemachine.data.sync = true (default)
2019-07-14 10:44:38,752 INFO  server.RaftServerConfigKeys (ConfUtils.java:logGet(43)) - raft.server.log.segment.cache.num.max = 2 (custom)
2019-07-14 10:44:38,752 INFO  server.RaftServerConfigKeys (ConfUtils.java:logGet(43)) - raft.server.log.statemachine.data.sync.timeout = 10s (default)
2019-07-14 10:44:38,752 INFO  server.RaftServerConfigKeys (ConfUtils.java:logGet(43)) - raft.server.log.statemachine.data.sync.timeout.retry = -1 (default)
2019-07-14 10:44:38,752 INFO  segmented.SegmentedRaftLogWorker (SegmentedRaftLogWorker.java:<init>(172)) - new c8598515-65c5-4bb9-bfb5-ce6a9d9d28f6-SegmentedRaftLogWorker:Storage Directory /workdir/hadoop-ozone/integration-test/target/test-dir/MiniOzoneClusterImpl-d0d75479-cbfc-4267-8062-a3c34fb2ee67/datanode-3/data/ratis/0ee28696-c184-4474-9d28-d1f7f36d7511 for RaftStorage:Storage Directory /workdir/hadoop-ozone/integration-test/target/test-dir/MiniOzoneClusterImpl-d0d75479-cbfc-4267-8062-a3c34fb2ee67/datanode-3/data/ratis/0ee28696-c184-4474-9d28-d1f7f36d7511
2019-07-14 10:44:38,753 INFO  server.RaftServerConfigKeys (ConfUtils.java:logGet(43)) - raft.server.log.statemachine.data.caching.enabled = true (custom)
2019-07-14 10:44:38,752 INFO  segmented.SegmentedRaftLogWorker (SegmentedRaftLogWorker.java:<init>(172)) - new ff375dc0-9cb5-45d1-bd28-e2fef21c954c-SegmentedRaftLogWorker:Storage Directory /workdir/hadoop-ozone/integration-test/target/test-dir/MiniOzoneClusterImpl-d0d75479-cbfc-4267-8062-a3c34fb2ee67/datanode-1/data/ratis/0ee28696-c184-4474-9d28-d1f7f36d7511 for RaftStorage:Storage Directory /workdir/hadoop-ozone/integration-test/target/test-dir/MiniOzoneClusterImpl-d0d75479-cbfc-4267-8062-a3c34fb2ee67/datanode-1/data/ratis/0ee28696-c184-4474-9d28-d1f7f36d7511
2019-07-14 10:44:38,753 INFO  server.RaftServerConfigKeys (ConfUtils.java:logGet(43)) - raft.server.log.queue.byte-limit = 2147483647 (custom)
2019-07-14 10:44:38,753 INFO  segmented.SegmentedRaftLogWorker (SegmentedRaftLogWorker.java:lambda$new$0(132)) - c7d10479-3d5f-4018-8d1a-d6ec9a3ad4d5-SegmentedRaftLogWorker:Storage Directory /workdir/hadoop-ozone/integration-test/target/test-dir/MiniOzoneClusterImpl-d0d75479-cbfc-4267-8062-a3c34fb2ee67/datanode-0/data/ratis/0ee28696-c184-4474-9d28-d1f7f36d7511: flushIndex: setUnconditionally 0 -> -1
2019-07-14 10:44:38,753 INFO  server.RaftServerConfigKeys (ConfUtils.java:logGet(43)) - raft.server.log.queue.element-limit = 1024 (custom)
2019-07-14 10:44:38,753 INFO  server.RaftServerConfigKeys (ConfUtils.java:logGet(43)) - raft.server.log.queue.byte-limit = 2147483647 (custom)
2019-07-14 10:44:38,753 INFO  server.RaftServerConfigKeys (ConfUtils.java:logGet(43)) - raft.server.log.segment.size.max = 1048576 (custom)
2019-07-14 10:44:38,753 INFO  server.RaftServerConfigKeys (ConfUtils.java:logGet(43)) - raft.server.snapshot.auto.trigger.enabled = true (custom)
2019-07-14 10:44:38,754 INFO  server.RaftServerConfigKeys (ConfUtils.java:logGet(43)) - raft.server.log.preallocated.size = 16384 (custom)
2019-07-14 10:44:38,753 INFO  server.RaftServerConfigKeys (ConfUtils.java:logGet(43)) - raft.server.log.queue.element-limit = 1024 (custom)
2019-07-14 10:44:38,754 INFO  server.RaftServerConfigKeys (ConfUtils.java:logGet(43)) - raft.server.log.write.buffer.size = 33554432 (custom)
2019-07-14 10:44:38,754 INFO  server.RaftServerConfigKeys (ConfUtils.java:logGet(43)) - raft.server.snapshot.auto.trigger.threshold = 10000 (custom)
2019-07-14 10:44:38,754 INFO  server.RaftServerConfigKeys (ConfUtils.java:logGet(43)) - raft.server.log.force.sync.num = 128 (default)
2019-07-14 10:44:38,754 INFO  server.RaftServerConfigKeys (ConfUtils.java:logGet(43)) - raft.server.log.segment.size.max = 1048576 (custom)
2019-07-14 10:44:38,754 INFO  server.RaftServerConfigKeys (ConfUtils.java:logGet(43)) - raft.server.log.statemachine.data.sync = true (default)
2019-07-14 10:44:38,754 INFO  server.RaftServerConfigKeys (ConfUtils.java:logGet(43)) - raft.server.retrycache.expirytime = 600000ms (custom)
2019-07-14 10:44:38,755 INFO  server.RaftServerConfigKeys (ConfUtils.java:logGet(43)) - raft.server.log.statemachine.data.sync.timeout = 10s (default)
2019-07-14 10:44:38,754 INFO  server.RaftServerConfigKeys (ConfUtils.java:logGet(43)) - raft.server.log.preallocated.size = 16384 (custom)
2019-07-14 10:44:38,755 INFO  server.RaftServerConfigKeys (ConfUtils.java:logGet(43)) - raft.server.log.statemachine.data.sync.timeout.retry = -1 (default)
2019-07-14 10:44:38,755 INFO  impl.RaftServerImpl (RaftServerImpl.java:start(180)) - c7d10479-3d5f-4018-8d1a-d6ec9a3ad4d5: start group-D1F7F36D7511
2019-07-14 10:44:38,755 INFO  server.RaftServerConfigKeys (ConfUtils.java:logGet(43)) - raft.server.log.statemachine.data.caching.enabled = true (custom)
2019-07-14 10:44:38,755 INFO  server.RaftServerConfigKeys (ConfUtils.java:logGet(43)) - raft.server.log.write.buffer.size = 33554432 (custom)
2019-07-14 10:44:38,755 INFO  impl.RaftServerImpl (RaftServerImpl.java:setRole(171)) - c7d10479-3d5f-4018-8d1a-d6ec9a3ad4d5:group-D1F7F36D7511 changes role from null to FOLLOWER at term 0 for startAsFollower
2019-07-14 10:44:38,756 INFO  segmented.SegmentedRaftLogWorker (SegmentedRaftLogWorker.java:lambda$new$0(132)) - c8598515-65c5-4bb9-bfb5-ce6a9d9d28f6-SegmentedRaftLogWorker:Storage Directory /workdir/hadoop-ozone/integration-test/target/test-dir/MiniOzoneClusterImpl-d0d75479-cbfc-4267-8062-a3c34fb2ee67/datanode-3/data/ratis/0ee28696-c184-4474-9d28-d1f7f36d7511: flushIndex: setUnconditionally 0 -> -1
2019-07-14 10:44:38,755 INFO  server.RaftServerConfigKeys (ConfUtils.java:logGet(43)) - raft.server.log.force.sync.num = 128 (default)
2019-07-14 10:44:38,756 INFO  impl.RoleInfo (RoleInfo.java:updateAndGet(143)) - c7d10479-3d5f-4018-8d1a-d6ec9a3ad4d5: start FollowerState
2019-07-14 10:44:38,756 INFO  server.RaftServerConfigKeys (ConfUtils.java:logGet(43)) - raft.server.snapshot.auto.trigger.enabled = true (custom)
2019-07-14 10:44:38,756 INFO  server.RaftServerConfigKeys (ConfUtils.java:logGet(43)) - raft.server.log.statemachine.data.sync = true (default)
2019-07-14 10:44:38,756 INFO  server.RaftServerConfigKeys (ConfUtils.java:logGet(43)) - raft.server.snapshot.auto.trigger.threshold = 10000 (custom)
2019-07-14 10:44:38,756 INFO  util.JmxRegister (JmxRegister.java:tryRegister(44)) - Successfully registered JMX Bean with object name Ratis:service=RaftServer,group=group-D1F7F36D7511,id=c7d10479-3d5f-4018-8d1a-d6ec9a3ad4d5
2019-07-14 10:44:38,756 INFO  server.RaftServerConfigKeys (ConfUtils.java:logGet(43)) - raft.server.retrycache.expirytime = 600000ms (custom)
2019-07-14 10:44:38,756 INFO  server.RaftServerConfigKeys (ConfUtils.java:logGet(43)) - raft.server.log.statemachine.data.sync.timeout = 10s (default)
2019-07-14 10:44:38,757 INFO  impl.RaftServerImpl (RaftServerImpl.java:start(180)) - c8598515-65c5-4bb9-bfb5-ce6a9d9d28f6: start group-D1F7F36D7511
2019-07-14 10:44:38,757 INFO  server.RaftServerConfigKeys (ConfUtils.java:logGet(43)) - raft.server.log.statemachine.data.sync.timeout.retry = -1 (default)
2019-07-14 10:44:38,757 INFO  impl.RaftServerImpl (RaftServerImpl.java:setRole(171)) - c8598515-65c5-4bb9-bfb5-ce6a9d9d28f6:group-D1F7F36D7511 changes role from null to FOLLOWER at term 0 for startAsFollower
2019-07-14 10:44:38,757 INFO  server.RaftServerConfigKeys (ConfUtils.java:logGet(43)) - raft.server.log.statemachine.data.caching.enabled = true (custom)
2019-07-14 10:44:38,757 INFO  impl.RoleInfo (RoleInfo.java:updateAndGet(143)) - c8598515-65c5-4bb9-bfb5-ce6a9d9d28f6: start FollowerState
2019-07-14 10:44:38,757 INFO  segmented.SegmentedRaftLogWorker (SegmentedRaftLogWorker.java:lambda$new$0(132)) - ff375dc0-9cb5-45d1-bd28-e2fef21c954c-SegmentedRaftLogWorker:Storage Directory /workdir/hadoop-ozone/integration-test/target/test-dir/MiniOzoneClusterImpl-d0d75479-cbfc-4267-8062-a3c34fb2ee67/datanode-1/data/ratis/0ee28696-c184-4474-9d28-d1f7f36d7511: flushIndex: setUnconditionally 0 -> -1
2019-07-14 10:44:38,757 INFO  util.JmxRegister (JmxRegister.java:tryRegister(44)) - Successfully registered JMX Bean with object name Ratis:service=RaftServer,group=group-D1F7F36D7511,id=c8598515-65c5-4bb9-bfb5-ce6a9d9d28f6
2019-07-14 10:44:38,758 INFO  server.RaftServerConfigKeys (ConfUtils.java:logGet(43)) - raft.server.snapshot.auto.trigger.enabled = true (custom)
2019-07-14 10:44:38,760 INFO  server.RaftServerConfigKeys (ConfUtils.java:logGet(43)) - raft.server.snapshot.auto.trigger.threshold = 10000 (custom)
2019-07-14 10:44:38,760 INFO  server.RaftServerConfigKeys (ConfUtils.java:logGet(43)) - raft.server.retrycache.expirytime = 600000ms (custom)
2019-07-14 10:44:38,760 INFO  impl.RaftServerImpl (RaftServerImpl.java:start(180)) - ff375dc0-9cb5-45d1-bd28-e2fef21c954c: start group-D1F7F36D7511
2019-07-14 10:44:38,760 INFO  impl.RaftServerImpl (RaftServerImpl.java:setRole(171)) - ff375dc0-9cb5-45d1-bd28-e2fef21c954c:group-D1F7F36D7511 changes role from null to FOLLOWER at term 0 for startAsFollower
2019-07-14 10:44:38,760 INFO  impl.RoleInfo (RoleInfo.java:updateAndGet(143)) - ff375dc0-9cb5-45d1-bd28-e2fef21c954c: start FollowerState
2019-07-14 10:44:38,762 INFO  util.JmxRegister (JmxRegister.java:tryRegister(44)) - Successfully registered JMX Bean with object name Ratis:service=RaftServer,group=group-D1F7F36D7511,id=ff375dc0-9cb5-45d1-bd28-e2fef21c954c
2019-07-14 10:44:38,767 INFO  pipeline.PipelineStateManager (PipelineStateManager.java:addPipeline(56)) - Created pipeline Pipeline[ Id: 0ee28696-c184-4474-9d28-d1f7f36d7511, Nodes: c8598515-65c5-4bb9-bfb5-ce6a9d9d28f6{ip: 192.168.157.209, host: trunk-nightly-fxmrv-2540794721, networkLocation: /default-rack, certSerialId: null}ff375dc0-9cb5-45d1-bd28-e2fef21c954c{ip: 192.168.157.209, host: trunk-nightly-fxmrv-2540794721, networkLocation: /default-rack, certSerialId: null}c7d10479-3d5f-4018-8d1a-d6ec9a3ad4d5{ip: 192.168.157.209, host: trunk-nightly-fxmrv-2540794721, networkLocation: /default-rack, certSerialId: null}, Type:RATIS, Factor:THREE, State:OPEN]
2019-07-14 10:44:39,784 WARN  io.KeyOutputStream (KeyOutputStream.java:handleException(276)) - Encountered exception java.io.IOException: Unexpected Storage Container Exception: java.util.concurrent.CompletionException: java.util.concurrent.CompletionException: org.apache.ratis.protocol.GroupMismatchException: c8598515-65c5-4bb9-bfb5-ce6a9d9d28f6: group-00B57133DE59 not found. on the pipeline Pipeline[ Id: 976a9283-917d-4672-baed-00b57133de59, Nodes: c8598515-65c5-4bb9-bfb5-ce6a9d9d28f6{ip: 192.168.157.209, host: trunk-nightly-fxmrv-2540794721, networkLocation: /default-rack, certSerialId: null}ff375dc0-9cb5-45d1-bd28-e2fef21c954c{ip: 192.168.157.209, host: trunk-nightly-fxmrv-2540794721, networkLocation: /default-rack, certSerialId: null}c7d10479-3d5f-4018-8d1a-d6ec9a3ad4d5{ip: 192.168.157.209, host: trunk-nightly-fxmrv-2540794721, networkLocation: /default-rack, certSerialId: null}, Type:RATIS, Factor:THREE, State:OPEN]. The last committed block length is 400, uncommitted data length is 50 retry count 0
2019-07-14 10:44:39,832 INFO  client.GrpcClientProtocolClient (GrpcClientProtocolClient.java:onNext(255)) - client-2A4BD66F4918->ccbd68d9-77a2-4857-9d3b-9ab097a27f9f: receive RaftClientReply:client-2A4BD66F4918->ccbd68d9-77a2-4857-9d3b-9ab097a27f9f@group-2CC995457397, cid=27, FAILED org.apache.ratis.protocol.NotLeaderException: Server ccbd68d9-77a2-4857-9d3b-9ab097a27f9f is not the leader (06ba8222-4d2c-4c23-8038-17270b72c5f0:192.168.157.209:42209). Request must be sent to leader., logIndex=0, commits[ccbd68d9-77a2-4857-9d3b-9ab097a27f9f:c0, 1cecd33d-bb15-4021-8928-f4e4bf07f303:c0, 06ba8222-4d2c-4c23-8038-17270b72c5f0:c0]
2019-07-14 10:44:39,972 INFO  client.GrpcClientProtocolClient (GrpcClientProtocolClient.java:onNext(255)) - client-2A4BD66F4918->06ba8222-4d2c-4c23-8038-17270b72c5f0: receive RaftClientReply:client-2A4BD66F4918->06ba8222-4d2c-4c23-8038-17270b72c5f0@group-2CC995457397, cid=27, SUCCESS, logIndex=1, commits[06ba8222-4d2c-4c23-8038-17270b72c5f0:c1, ccbd68d9-77a2-4857-9d3b-9ab097a27f9f:c0, 1cecd33d-bb15-4021-8928-f4e4bf07f303:c0]
2019-07-14 10:44:40,039 INFO  client.GrpcClientProtocolClient (GrpcClientProtocolClient.java:onNext(255)) - client-2A4BD66F4918->06ba8222-4d2c-4c23-8038-17270b72c5f0: receive RaftClientReply:client-2A4BD66F4918->06ba8222-4d2c-4c23-8038-17270b72c5f0@group-2CC995457397, cid=28, SUCCESS, logIndex=3, commits[06ba8222-4d2c-4c23-8038-17270b72c5f0:c4, ccbd68d9-77a2-4857-9d3b-9ab097a27f9f:c3, 1cecd33d-bb15-4021-8928-f4e4bf07f303:c3]
2019-07-14 10:44:40,102 INFO  pipeline.Pipeline (Pipeline.java:getProtobufMessage(195)) - Serialize pipeline PipelineID=c97615c0-0df4-4caa-81c4-2cc995457397 with nodesInOrder{ }
2019-07-14 10:44:40,103 INFO  pipeline.Pipeline (Pipeline.java:build(342)) - Deserialize nodesInOrder [1cecd33d-bb15-4021-8928-f4e4bf07f303{ip: 192.168.157.209, host: trunk-nightly-fxmrv-2540794721, networkLocation: /default-rack, certSerialId: null}, 1cecd33d-bb15-4021-8928-f4e4bf07f303{ip: 192.168.157.209, host: trunk-nightly-fxmrv-2540794721, networkLocation: /default-rack, certSerialId: null}, 1cecd33d-bb15-4021-8928-f4e4bf07f303{ip: 192.168.157.209, host: trunk-nightly-fxmrv-2540794721, networkLocation: /default-rack, certSerialId: null}] in pipeline PipelineID=c97615c0-0df4-4caa-81c4-2cc995457397
2019-07-14 10:44:40,110 INFO  ozone.MiniOzoneClusterImpl (MiniOzoneClusterImpl.java:shutdown(321)) - Shutting down the Mini Ozone Cluster
2019-07-14 10:44:40,110 INFO  ozone.MiniOzoneClusterImpl (MiniOzoneClusterImpl.java:stop(336)) - Stopping the Mini Ozone Cluster
2019-07-14 10:44:40,111 INFO  ozone.MiniOzoneClusterImpl (MiniOzoneClusterImpl.java:stop(338)) - Stopping the OzoneManager
2019-07-14 10:44:40,111 INFO  ipc.Server (Server.java:stop(3082)) - Stopping server on 37679
2019-07-14 10:44:40,126 INFO  ipc.Server (Server.java:run(1185)) - Stopping IPC Server listener on 37679
2019-07-14 10:44:40,126 INFO  ipc.Server (Server.java:run(1319)) - Stopping IPC Server Responder
2019-07-14 10:44:40,126 INFO  utils.BackgroundService (BackgroundService.java:shutdown(148)) - Shutting down service KeyDeletingService
2019-07-14 10:44:40,143 INFO  handler.ContextHandler (ContextHandler.java:doStop(910)) - Stopped o.e.j.w.WebAppContext@3e9803c2{/,null,UNAVAILABLE}{/ozoneManager}
2019-07-14 10:44:40,150 INFO  server.AbstractConnector (AbstractConnector.java:doStop(318)) - Stopped ServerConnector@4525d1d3{HTTP/1.1,[http/1.1]}{0.0.0.0:0}
2019-07-14 10:44:40,150 INFO  handler.ContextHandler (ContextHandler.java:doStop(910)) - Stopped o.e.j.s.ServletContextHandler@7b44b63d{/static,file:///workdir/hadoop-ozone/integration-test/target/test-classes/webapps/static,UNAVAILABLE}
2019-07-14 10:44:40,151 INFO  handler.ContextHandler (ContextHandler.java:doStop(910)) - Stopped o.e.j.s.ServletContextHandler@2d0bfb24{/logs,file:///workdir/hadoop-ozone/integration-test/target/log,UNAVAILABLE}
2019-07-14 10:44:40,157 INFO  ozone.MiniOzoneClusterImpl (MiniOzoneClusterImpl.java:stop(344)) - Shutting the HddsDatanodes
2019-07-14 10:44:40,157 INFO  datanode.ObjectStoreHandler (ObjectStoreHandler.java:close(155)) - Closing ObjectStoreHandler.
2019-07-14 10:44:40,157 INFO  datanode.ObjectStoreHandler (ObjectStoreHandler.java:close(155)) - Closing ObjectStoreHandler.
2019-07-14 10:44:40,161 INFO  ozone.HddsDatanodeService (HddsDatanodeService.java:stop(452)) - Stopped plug-in org.apache.hadoop.ozone.web.OzoneHddsDatanodeService@15d236fd
2019-07-14 10:44:40,161 INFO  ozone.HddsDatanodeService (HddsDatanodeService.java:stop(452)) - Stopped plug-in org.apache.hadoop.ozone.web.OzoneHddsDatanodeService@5729b410
2019-07-14 10:44:40,660 INFO  statemachine.DatanodeStateMachine (DatanodeStateMachine.java:lambda$startDaemon$0(350)) - Ozone container server started.
2019-07-14 10:44:40,958 INFO  statemachine.DatanodeStateMachine (DatanodeStateMachine.java:lambda$startDaemon$0(350)) - Ozone container server started.
2019-07-14 10:44:43,798 INFO  impl.FollowerState (FollowerState.java:run(106)) - ff375dc0-9cb5-45d1-bd28-e2fef21c954c:group-D1F7F36D7511 changes to CANDIDATE, lastRpcTime:5037, electionTimeout:5035ms
2019-07-14 10:44:43,798 INFO  impl.RoleInfo (RoleInfo.java:shutdownFollowerState(121)) - ff375dc0-9cb5-45d1-bd28-e2fef21c954c: shutdown FollowerState
2019-07-14 10:44:43,798 INFO  impl.RaftServerImpl (RaftServerImpl.java:setRole(171)) - ff375dc0-9cb5-45d1-bd28-e2fef21c954c:group-D1F7F36D7511 changes role from FOLLOWER to CANDIDATE at term 0 for changeToCandidate
2019-07-14 10:44:43,798 INFO  impl.RoleInfo (RoleInfo.java:updateAndGet(143)) - ff375dc0-9cb5-45d1-bd28-e2fef21c954c: start LeaderElection
2019-07-14 10:44:43,822 INFO  impl.LeaderElection (LeaderElection.java:askForVotes(181)) - ff375dc0-9cb5-45d1-bd28-e2fef21c954c:group-D1F7F36D7511:LeaderElection14: begin an election at term 1 for -1: [ff375dc0-9cb5-45d1-bd28-e2fef21c954c:192.168.157.209:40178, c8598515-65c5-4bb9-bfb5-ce6a9d9d28f6:192.168.157.209:35669, c7d10479-3d5f-4018-8d1a-d6ec9a3ad4d5:192.168.157.209:44214], old=null
2019-07-14 10:44:43,829 INFO  impl.RaftServerImpl (RaftServerImpl.java:setRole(171)) - c7d10479-3d5f-4018-8d1a-d6ec9a3ad4d5:group-D1F7F36D7511 changes role from FOLLOWER to FOLLOWER at term 1 for recognizeCandidate:ff375dc0-9cb5-45d1-bd28-e2fef21c954c
2019-07-14 10:44:43,833 INFO  impl.RaftServerImpl (RaftServerImpl.java:setRole(171)) - c8598515-65c5-4bb9-bfb5-ce6a9d9d28f6:group-D1F7F36D7511 changes role from FOLLOWER to FOLLOWER at term 1 for recognizeCandidate:ff375dc0-9cb5-45d1-bd28-e2fef21c954c
2019-07-14 10:44:43,833 INFO  impl.RoleInfo (RoleInfo.java:shutdownFollowerState(121)) - c7d10479-3d5f-4018-8d1a-d6ec9a3ad4d5: shutdown FollowerState
2019-07-14 10:44:43,833 INFO  impl.RoleInfo (RoleInfo.java:shutdownFollowerState(121)) - c8598515-65c5-4bb9-bfb5-ce6a9d9d28f6: shutdown FollowerState
2019-07-14 10:44:43,833 INFO  impl.FollowerState (FollowerState.java:run(114)) - c7d10479-3d5f-4018-8d1a-d6ec9a3ad4d5: FollowerState was interrupted: java.lang.InterruptedException: sleep interrupted
2019-07-14 10:44:43,833 INFO  impl.RoleInfo (RoleInfo.java:updateAndGet(143)) - c7d10479-3d5f-4018-8d1a-d6ec9a3ad4d5: start FollowerState
2019-07-14 10:44:43,834 INFO  impl.FollowerState (FollowerState.java:run(114)) - c8598515-65c5-4bb9-bfb5-ce6a9d9d28f6: FollowerState was interrupted: java.lang.InterruptedException: sleep interrupted
2019-07-14 10:44:43,833 INFO  impl.RoleInfo (RoleInfo.java:updateAndGet(143)) - c8598515-65c5-4bb9-bfb5-ce6a9d9d28f6: start FollowerState
2019-07-14 10:44:43,859 INFO  impl.LeaderElection (LeaderElection.java:logAndReturn(56)) - ff375dc0-9cb5-45d1-bd28-e2fef21c954c:group-D1F7F36D7511:LeaderElection14: Election PASSED; received 1 response(s) [ff375dc0-9cb5-45d1-bd28-e2fef21c954c<-c8598515-65c5-4bb9-bfb5-ce6a9d9d28f6#0:OK-t1] and 0 exception(s); ff375dc0-9cb5-45d1-bd28-e2fef21c954c:t1, leader=null, voted=ff375dc0-9cb5-45d1-bd28-e2fef21c954c, raftlog=ff375dc0-9cb5-45d1-bd28-e2fef21c954c-SegmentedRaftLog:OPENED:c-1,f-1,i0, conf=-1: [ff375dc0-9cb5-45d1-bd28-e2fef21c954c:192.168.157.209:40178, c8598515-65c5-4bb9-bfb5-ce6a9d9d28f6:192.168.157.209:35669, c7d10479-3d5f-4018-8d1a-d6ec9a3ad4d5:192.168.157.209:44214], old=null
2019-07-14 10:44:43,860 INFO  impl.RoleInfo (RoleInfo.java:shutdownLeaderElection(134)) - ff375dc0-9cb5-45d1-bd28-e2fef21c954c: shutdown LeaderElection
2019-07-14 10:44:43,860 INFO  impl.RaftServerImpl (RaftServerImpl.java:setRole(171)) - ff375dc0-9cb5-45d1-bd28-e2fef21c954c:group-D1F7F36D7511 changes role from CANDIDATE to LEADER at term 1 for changeToLeader
2019-07-14 10:44:43,863 INFO  impl.RaftServerImpl (ServerState.java:setLeader(263)) - ff375dc0-9cb5-45d1-bd28-e2fef21c954c:group-D1F7F36D7511 change Leader from null to ff375dc0-9cb5-45d1-bd28-e2fef21c954c at term 1 for becomeLeader, leader elected after 5113ms
2019-07-14 10:44:43,865 INFO  server.RaftServerConfigKeys (ConfUtils.java:logGet(43)) - raft.server.staging.catchup.gap = 1000 (default)
2019-07-14 10:44:43,865 INFO  server.RaftServerConfigKeys (ConfUtils.java:logGet(43)) - raft.server.rpc.sleep.time = 25ms (default)
2019-07-14 10:44:43,866 INFO  server.RaftServerConfigKeys (ConfUtils.java:logGet(43)) - raft.server.write.element-limit = 4096 (default)
2019-07-14 10:44:43,866 INFO  server.RaftServerConfigKeys (ConfUtils.java:logGet(43)) - raft.server.watch.timeout = 10s (default)
2019-07-14 10:44:43,866 INFO  server.RaftServerConfigKeys (ConfUtils.java:logGet(43)) - raft.server.watch.timeout.denomination = 1s (default)
2019-07-14 10:44:43,866 INFO  server.RaftServerConfigKeys (ConfUtils.java:logGet(43)) - raft.server.watch.element-limit = 65536 (default)
2019-07-14 10:44:43,866 INFO  server.RaftServerConfigKeys (ConfUtils.java:logGet(43)) - raft.server.log.appender.snapshot.chunk.size.max = 16MB (=16777216) (default)
2019-07-14 10:44:43,867 INFO  server.RaftServerConfigKeys (ConfUtils.java:logGet(43)) - raft.server.log.appender.buffer.byte-limit = 33554432 (custom)
2019-07-14 10:44:43,867 INFO  server.RaftServerConfigKeys (ConfUtils.java:logGet(43)) - raft.server.log.appender.buffer.element-limit = 1 (custom)
2019-07-14 10:44:43,867 INFO  grpc.GrpcConfigKeys$Server (ConfUtils.java:logGet(43)) - raft.grpc.server.leader.outstanding.appends.max = 128 (default)
2019-07-14 10:44:43,867 INFO  server.RaftServerConfigKeys (ConfUtils.java:logGet(43)) - raft.server.rpc.request.timeout = 3000ms (default)
2019-07-14 10:44:43,868 INFO  server.RaftServerConfigKeys (ConfUtils.java:logGet(43)) - raft.server.log.appender.install.snapshot.enabled = false (custom)
2019-07-14 10:44:43,868 INFO  server.RaftServerConfigKeys (ConfUtils.java:logGet(43)) - raft.server.log.appender.snapshot.chunk.size.max = 16MB (=16777216) (default)
2019-07-14 10:44:43,868 INFO  server.RaftServerConfigKeys (ConfUtils.java:logGet(43)) - raft.server.log.appender.buffer.byte-limit = 33554432 (custom)
2019-07-14 10:44:43,868 INFO  server.RaftServerConfigKeys (ConfUtils.java:logGet(43)) - raft.server.log.appender.buffer.element-limit = 1 (custom)
2019-07-14 10:44:43,869 INFO  grpc.GrpcConfigKeys$Server (ConfUtils.java:logGet(43)) - raft.grpc.server.leader.outstanding.appends.max = 128 (default)
2019-07-14 10:44:43,869 INFO  server.RaftServerConfigKeys (ConfUtils.java:logGet(43)) - raft.server.rpc.request.timeout = 3000ms (default)
2019-07-14 10:44:43,869 INFO  server.RaftServerConfigKeys (ConfUtils.java:logGet(43)) - raft.server.log.appender.install.snapshot.enabled = false (custom)
2019-07-14 10:44:43,869 INFO  impl.RoleInfo (RoleInfo.java:updateAndGet(143)) - ff375dc0-9cb5-45d1-bd28-e2fef21c954c: start LeaderState
2019-07-14 10:44:43,870 INFO  segmented.SegmentedRaftLogWorker (SegmentedRaftLogWorker.java:startLogSegment(380)) - ff375dc0-9cb5-45d1-bd28-e2fef21c954c-SegmentedRaftLogWorker:Storage Directory /workdir/hadoop-ozone/integration-test/target/test-dir/MiniOzoneClusterImpl-d0d75479-cbfc-4267-8062-a3c34fb2ee67/datanode-1/data/ratis/0ee28696-c184-4474-9d28-d1f7f36d7511: Starting segment from index:0
2019-07-14 10:44:43,871 INFO  impl.RaftServerImpl (ServerState.java:setRaftConf(361)) - ff375dc0-9cb5-45d1-bd28-e2fef21c954c:group-D1F7F36D7511 set configuration 0: [ff375dc0-9cb5-45d1-bd28-e2fef21c954c:192.168.157.209:40178, c8598515-65c5-4bb9-bfb5-ce6a9d9d28f6:192.168.157.209:35669, c7d10479-3d5f-4018-8d1a-d6ec9a3ad4d5:192.168.157.209:44214], old=null at 0
2019-07-14 10:44:43,896 INFO  impl.RaftServerImpl (ServerState.java:setLeader(263)) - c8598515-65c5-4bb9-bfb5-ce6a9d9d28f6:group-D1F7F36D7511 change Leader from null to ff375dc0-9cb5-45d1-bd28-e2fef21c954c at term 1 for appendEntries, leader elected after 5146ms
2019-07-14 10:44:43,898 INFO  impl.RaftServerImpl (ServerState.java:setLeader(263)) - c7d10479-3d5f-4018-8d1a-d6ec9a3ad4d5:group-D1F7F36D7511 change Leader from null to ff375dc0-9cb5-45d1-bd28-e2fef21c954c at term 1 for appendEntries, leader elected after 5148ms
2019-07-14 10:44:43,902 INFO  impl.RaftServerImpl (ServerState.java:setRaftConf(361)) - c8598515-65c5-4bb9-bfb5-ce6a9d9d28f6:group-D1F7F36D7511 set configuration 0: [ff375dc0-9cb5-45d1-bd28-e2fef21c954c:192.168.157.209:40178, c8598515-65c5-4bb9-bfb5-ce6a9d9d28f6:192.168.157.209:35669, c7d10479-3d5f-4018-8d1a-d6ec9a3ad4d5:192.168.157.209:44214], old=null at 0
2019-07-14 10:44:43,902 INFO  impl.RaftServerImpl (ServerState.java:setRaftConf(361)) - c7d10479-3d5f-4018-8d1a-d6ec9a3ad4d5:group-D1F7F36D7511 set configuration 0: [ff375dc0-9cb5-45d1-bd28-e2fef21c954c:192.168.157.209:40178, c8598515-65c5-4bb9-bfb5-ce6a9d9d28f6:192.168.157.209:35669, c7d10479-3d5f-4018-8d1a-d6ec9a3ad4d5:192.168.157.209:44214], old=null at 0
2019-07-14 10:44:43,902 INFO  segmented.SegmentedRaftLogWorker (SegmentedRaftLogWorker.java:startLogSegment(380)) - c8598515-65c5-4bb9-bfb5-ce6a9d9d28f6-SegmentedRaftLogWorker:Storage Directory /workdir/hadoop-ozone/integration-test/target/test-dir/MiniOzoneClusterImpl-d0d75479-cbfc-4267-8062-a3c34fb2ee67/datanode-3/data/ratis/0ee28696-c184-4474-9d28-d1f7f36d7511: Starting segment from index:0
2019-07-14 10:44:43,902 INFO  segmented.SegmentedRaftLogWorker (SegmentedRaftLogWorker.java:startLogSegment(380)) - c7d10479-3d5f-4018-8d1a-d6ec9a3ad4d5-SegmentedRaftLogWorker:Storage Directory /workdir/hadoop-ozone/integration-test/target/test-dir/MiniOzoneClusterImpl-d0d75479-cbfc-4267-8062-a3c34fb2ee67/datanode-0/data/ratis/0ee28696-c184-4474-9d28-d1f7f36d7511: Starting segment from index:0
2019-07-14 10:44:43,903 INFO  segmented.SegmentedRaftLogWorker (SegmentedRaftLogWorker.java:execute(569)) - ff375dc0-9cb5-45d1-bd28-e2fef21c954c-SegmentedRaftLogWorker:Storage Directory /workdir/hadoop-ozone/integration-test/target/test-dir/MiniOzoneClusterImpl-d0d75479-cbfc-4267-8062-a3c34fb2ee67/datanode-1/data/ratis/0ee28696-c184-4474-9d28-d1f7f36d7511: created new log segment /workdir/hadoop-ozone/integration-test/target/test-dir/MiniOzoneClusterImpl-d0d75479-cbfc-4267-8062-a3c34fb2ee67/datanode-1/data/ratis/0ee28696-c184-4474-9d28-d1f7f36d7511/current/log_inprogress_0
2019-07-14 10:44:43,944 INFO  segmented.SegmentedRaftLogWorker (SegmentedRaftLogWorker.java:execute(569)) - c8598515-65c5-4bb9-bfb5-ce6a9d9d28f6-SegmentedRaftLogWorker:Storage Directory /workdir/hadoop-ozone/integration-test/target/test-dir/MiniOzoneClusterImpl-d0d75479-cbfc-4267-8062-a3c34fb2ee67/datanode-3/data/ratis/0ee28696-c184-4474-9d28-d1f7f36d7511: created new log segment /workdir/hadoop-ozone/integration-test/target/test-dir/MiniOzoneClusterImpl-d0d75479-cbfc-4267-8062-a3c34fb2ee67/datanode-3/data/ratis/0ee28696-c184-4474-9d28-d1f7f36d7511/current/log_inprogress_0
2019-07-14 10:44:43,944 INFO  segmented.SegmentedRaftLogWorker (SegmentedRaftLogWorker.java:execute(569)) - c7d10479-3d5f-4018-8d1a-d6ec9a3ad4d5-SegmentedRaftLogWorker:Storage Directory /workdir/hadoop-ozone/integration-test/target/test-dir/MiniOzoneClusterImpl-d0d75479-cbfc-4267-8062-a3c34fb2ee67/datanode-0/data/ratis/0ee28696-c184-4474-9d28-d1f7f36d7511: created new log segment /workdir/hadoop-ozone/integration-test/target/test-dir/MiniOzoneClusterImpl-d0d75479-cbfc-4267-8062-a3c34fb2ee67/datanode-0/data/ratis/0ee28696-c184-4474-9d28-d1f7f36d7511/current/log_inprogress_0
2019-07-14 10:44:45,165 INFO  ozoneimpl.OzoneContainer (OzoneContainer.java:stop(199)) - Attempting to stop container services.
2019-07-14 10:44:45,165 INFO  ozoneimpl.OzoneContainer (OzoneContainer.java:stop(199)) - Attempting to stop container services.
2019-07-14 10:44:45,167 INFO  impl.RaftServerProxy (RaftServerProxy.java:lambda$close$4(314)) - eb62a69c-ba0e-428c-befd-cb4e748e66ff: close
2019-07-14 10:44:45,167 INFO  impl.RaftServerProxy (RaftServerProxy.java:lambda$close$4(314)) - ff375dc0-9cb5-45d1-bd28-e2fef21c954c: close
2019-07-14 10:44:45,168 INFO  impl.RaftServerImpl (RaftServerImpl.java:lambda$shutdown$3(245)) - ff375dc0-9cb5-45d1-bd28-e2fef21c954c: shutdown group-D1F7F36D7511
2019-07-14 10:44:45,168 INFO  impl.RaftServerImpl (RaftServerImpl.java:lambda$shutdown$3(245)) - eb62a69c-ba0e-428c-befd-cb4e748e66ff: shutdown group-A8C0194959E8
2019-07-14 10:44:45,168 INFO  util.JmxRegister (JmxRegister.java:unregister(73)) - Successfully un-registered JMX Bean with object name Ratis:service=RaftServer,group=group-D1F7F36D7511,id=ff375dc0-9cb5-45d1-bd28-e2fef21c954c
2019-07-14 10:44:45,169 INFO  util.JmxRegister (JmxRegister.java:unregister(73)) - Successfully un-registered JMX Bean with object name Ratis:service=RaftServer,group=group-A8C0194959E8,id=eb62a69c-ba0e-428c-befd-cb4e748e66ff
2019-07-14 10:44:45,169 INFO  impl.RoleInfo (RoleInfo.java:shutdownLeaderState(104)) - ff375dc0-9cb5-45d1-bd28-e2fef21c954c: shutdown LeaderState
2019-07-14 10:44:45,169 INFO  impl.RoleInfo (RoleInfo.java:shutdownLeaderState(104)) - eb62a69c-ba0e-428c-befd-cb4e748e66ff: shutdown LeaderState
2019-07-14 10:44:45,174 WARN  server.GrpcLogAppender (GrpcLogAppender.java:mayWait(143)) - GrpcLogAppender(ff375dc0-9cb5-45d1-bd28-e2fef21c954c->c7d10479-3d5f-4018-8d1a-d6ec9a3ad4d5): Wait interrupted by java.lang.InterruptedException
2019-07-14 10:44:45,174 WARN  server.GrpcLogAppender (GrpcLogAppender.java:mayWait(143)) - GrpcLogAppender(ff375dc0-9cb5-45d1-bd28-e2fef21c954c->c8598515-65c5-4bb9-bfb5-ce6a9d9d28f6): Wait interrupted by java.lang.InterruptedException
2019-07-14 10:44:45,174 INFO  impl.PendingRequests (PendingRequests.java:sendNotLeaderResponses(202)) - ff375dc0-9cb5-45d1-bd28-e2fef21c954c-PendingRequests: sendNotLeaderResponses
2019-07-14 10:44:45,175 INFO  impl.PendingRequests (PendingRequests.java:sendNotLeaderResponses(202)) - eb62a69c-ba0e-428c-befd-cb4e748e66ff-PendingRequests: sendNotLeaderResponses
2019-07-14 10:44:45,184 INFO  server.GrpcServerProtocolService (GrpcServerProtocolService.java:onCompleted(104)) - c7d10479-3d5f-4018-8d1a-d6ec9a3ad4d5: appendEntries completed
2019-07-14 10:44:45,182 INFO  impl.StateMachineUpdater (StateMachineUpdater.java:stopAndJoin(115)) - StateMachineUpdater:ff375dc0-9cb5-45d1-bd28-e2fef21c954c:group-D1F7F36D7511: set stopIndex = 0
2019-07-14 10:44:45,185 INFO  server.GrpcServerProtocolService (GrpcServerProtocolService.java:onCompleted(104)) - c8598515-65c5-4bb9-bfb5-ce6a9d9d28f6: appendEntries completed
2019-07-14 10:44:45,185 INFO  impl.StateMachineUpdater (StateMachineUpdater.java:stopAndJoin(115)) - StateMachineUpdater:eb62a69c-ba0e-428c-befd-cb4e748e66ff:group-A8C0194959E8: set stopIndex = 0
2019-07-14 10:44:45,188 INFO  impl.RaftServerImpl (ServerState.java:close(394)) - eb62a69c-ba0e-428c-befd-cb4e748e66ff:group-A8C0194959E8 closes. The last applied log index is 0
2019-07-14 10:44:45,188 INFO  server.GrpcLogAppender (GrpcLogAppender.java:onCompleted(292)) - ff375dc0-9cb5-45d1-bd28-e2fef21c954c->c7d10479-3d5f-4018-8d1a-d6ec9a3ad4d5: follower responses appendEntries COMPLETED
2019-07-14 10:44:45,187 INFO  impl.RaftServerImpl (ServerState.java:close(394)) - ff375dc0-9cb5-45d1-bd28-e2fef21c954c:group-D1F7F36D7511 closes. The last applied log index is 0
2019-07-14 10:44:45,191 INFO  impl.FollowerInfo (FollowerInfo.java:lambda$new$0(50)) - ff375dc0-9cb5-45d1-bd28-e2fef21c954c->c7d10479-3d5f-4018-8d1a-d6ec9a3ad4d5: nextIndex: updateUnconditionally 1 -> 0
2019-07-14 10:44:45,189 INFO  segmented.SegmentedRaftLogWorker (SegmentedRaftLogWorker.java:run(313)) - eb62a69c-ba0e-428c-befd-cb4e748e66ff-SegmentedRaftLogWorker:Storage Directory /workdir/hadoop-ozone/integration-test/target/test-dir/MiniOzoneClusterImpl-d0d75479-cbfc-4267-8062-a3c34fb2ee67/datanode-4/data/ratis/5aa17714-19c8-4d3d-a1c4-a8c0194959e8 was interrupted, exiting. There are 0 tasks remaining in the queue.
2019-07-14 10:44:45,188 INFO  server.GrpcLogAppender (GrpcLogAppender.java:onCompleted(292)) - ff375dc0-9cb5-45d1-bd28-e2fef21c954c->c8598515-65c5-4bb9-bfb5-ce6a9d9d28f6: follower responses appendEntries COMPLETED
2019-07-14 10:44:45,194 INFO  segmented.SegmentedRaftLogWorker (SegmentedRaftLogWorker.java:close(228)) - eb62a69c-ba0e-428c-befd-cb4e748e66ff-SegmentedRaftLogWorker:Storage Directory /workdir/hadoop-ozone/integration-test/target/test-dir/MiniOzoneClusterImpl-d0d75479-cbfc-4267-8062-a3c34fb2ee67/datanode-4/data/ratis/5aa17714-19c8-4d3d-a1c4-a8c0194959e8 close()
2019-07-14 10:44:45,191 INFO  segmented.SegmentedRaftLogWorker (SegmentedRaftLogWorker.java:run(313)) - ff375dc0-9cb5-45d1-bd28-e2fef21c954c-SegmentedRaftLogWorker:Storage Directory /workdir/hadoop-ozone/integration-test/target/test-dir/MiniOzoneClusterImpl-d0d75479-cbfc-4267-8062-a3c34fb2ee67/datanode-1/data/ratis/0ee28696-c184-4474-9d28-d1f7f36d7511 was interrupted, exiting. There are 0 tasks remaining in the queue.
2019-07-14 10:44:45,196 INFO  impl.FollowerInfo (FollowerInfo.java:lambda$new$0(50)) - ff375dc0-9cb5-45d1-bd28-e2fef21c954c->c8598515-65c5-4bb9-bfb5-ce6a9d9d28f6: nextIndex: updateUnconditionally 1 -> 0
2019-07-14 10:44:45,202 INFO  segmented.SegmentedRaftLogWorker (SegmentedRaftLogWorker.java:close(228)) - ff375dc0-9cb5-45d1-bd28-e2fef21c954c-SegmentedRaftLogWorker:Storage Directory /workdir/hadoop-ozone/integration-test/target/test-dir/MiniOzoneClusterImpl-d0d75479-cbfc-4267-8062-a3c34fb2ee67/datanode-1/data/ratis/0ee28696-c184-4474-9d28-d1f7f36d7511 close()
2019-07-14 10:44:45,203 INFO  server.GrpcService (GrpcService.java:closeImpl(155)) - eb62a69c-ba0e-428c-befd-cb4e748e66ff: shutdown server with port 41245 now
2019-07-14 10:44:45,207 INFO  impl.RaftServerImpl (RaftServerImpl.java:lambda$shutdown$3(245)) - ff375dc0-9cb5-45d1-bd28-e2fef21c954c: shutdown group-9A30F68DB9CD
2019-07-14 10:44:45,207 INFO  util.JmxRegister (JmxRegister.java:unregister(73)) - Successfully un-registered JMX Bean with object name Ratis:service=RaftServer,group=group-9A30F68DB9CD,id=ff375dc0-9cb5-45d1-bd28-e2fef21c954c
2019-07-14 10:44:45,208 INFO  impl.RoleInfo (RoleInfo.java:shutdownLeaderState(104)) - ff375dc0-9cb5-45d1-bd28-e2fef21c954c: shutdown LeaderState
2019-07-14 10:44:45,208 INFO  impl.PendingRequests (PendingRequests.java:sendNotLeaderResponses(202)) - ff375dc0-9cb5-45d1-bd28-e2fef21c954c-PendingRequests: sendNotLeaderResponses
2019-07-14 10:44:45,209 INFO  impl.StateMachineUpdater (StateMachineUpdater.java:stopAndJoin(115)) - StateMachineUpdater:ff375dc0-9cb5-45d1-bd28-e2fef21c954c:group-9A30F68DB9CD: set stopIndex = 0
2019-07-14 10:44:45,209 INFO  impl.RaftServerImpl (ServerState.java:close(394)) - ff375dc0-9cb5-45d1-bd28-e2fef21c954c:group-9A30F68DB9CD closes. The last applied log index is 0
2019-07-14 10:44:45,211 INFO  server.GrpcService (GrpcService.java:closeImpl(163)) - eb62a69c-ba0e-428c-befd-cb4e748e66ff: shutdown server with port 41245 successfully
2019-07-14 10:44:45,211 INFO  segmented.SegmentedRaftLogWorker (SegmentedRaftLogWorker.java:run(313)) - ff375dc0-9cb5-45d1-bd28-e2fef21c954c-SegmentedRaftLogWorker:Storage Directory /workdir/hadoop-ozone/integration-test/target/test-dir/MiniOzoneClusterImpl-d0d75479-cbfc-4267-8062-a3c34fb2ee67/datanode-1/data/ratis/0f5da8d7-f397-43a2-8756-9a30f68db9cd was interrupted, exiting. There are 0 tasks remaining in the queue.
2019-07-14 10:44:45,215 INFO  segmented.SegmentedRaftLogWorker (SegmentedRaftLogWorker.java:close(228)) - ff375dc0-9cb5-45d1-bd28-e2fef21c954c-SegmentedRaftLogWorker:Storage Directory /workdir/hadoop-ozone/integration-test/target/test-dir/MiniOzoneClusterImpl-d0d75479-cbfc-4267-8062-a3c34fb2ee67/datanode-1/data/ratis/0f5da8d7-f397-43a2-8756-9a30f68db9cd close()
2019-07-14 10:44:45,221 INFO  server.GrpcService (GrpcService.java:closeImpl(155)) - ff375dc0-9cb5-45d1-bd28-e2fef21c954c: shutdown server with port 40178 now
2019-07-14 10:44:45,223 INFO  server.GrpcService (GrpcService.java:closeImpl(163)) - ff375dc0-9cb5-45d1-bd28-e2fef21c954c: shutdown server with port 40178 successfully
2019-07-14 10:44:45,228 INFO  utils.BackgroundService (BackgroundService.java:shutdown(148)) - Shutting down service BlockDeletingService
2019-07-14 10:44:45,228 INFO  utils.BackgroundService (BackgroundService.java:shutdown(148)) - Shutting down service BlockDeletingService
2019-07-14 10:44:45,235 WARN  fs.CachingGetSpaceUsed (CachingGetSpaceUsed.java:run(183)) - Thread Interrupted waiting to refresh disk information: sleep interrupted
2019-07-14 10:44:45,239 WARN  fs.CachingGetSpaceUsed (CachingGetSpaceUsed.java:run(183)) - Thread Interrupted waiting to refresh disk information: sleep interrupted
2019-07-14 10:44:45,267 INFO  statemachine.DatanodeStateMachine (DatanodeStateMachine.java:stopDaemon(395)) - Ozone container server stopped.
2019-07-14 10:44:45,267 INFO  statemachine.DatanodeStateMachine (DatanodeStateMachine.java:stopDaemon(395)) - Ozone container server stopped.
2019-07-14 10:44:45,272 INFO  handler.ContextHandler (ContextHandler.java:doStop(910)) - Stopped o.e.j.w.WebAppContext@2e1eb85f{/,null,UNAVAILABLE}{/hddsDatanode}
2019-07-14 10:44:45,272 INFO  handler.ContextHandler (ContextHandler.java:doStop(910)) - Stopped o.e.j.w.WebAppContext@367d34c0{/,null,UNAVAILABLE}{/hddsDatanode}
2019-07-14 10:44:45,273 INFO  server.AbstractConnector (AbstractConnector.java:doStop(318)) - Stopped ServerConnector@ea7a4c3{HTTP/1.1,[http/1.1]}{0.0.0.0:0}
2019-07-14 10:44:45,273 INFO  server.AbstractConnector (AbstractConnector.java:doStop(318)) - Stopped ServerConnector@4ce25e47{HTTP/1.1,[http/1.1]}{0.0.0.0:0}
2019-07-14 10:44:45,275 INFO  handler.ContextHandler (ContextHandler.java:doStop(910)) - Stopped o.e.j.s.ServletContextHandler@364fd4ae{/static,jar:file:/home/user/.m2/repository/org/apache/hadoop/hadoop-hdds-container-service/0.5.0-SNAPSHOT/hadoop-hdds-container-service-0.5.0-SNAPSHOT.jar!/webapps/static,UNAVAILABLE}
2019-07-14 10:44:45,275 INFO  handler.ContextHandler (ContextHandler.java:doStop(910)) - Stopped o.e.j.s.ServletContextHandler@5fef0c19{/static,jar:file:/home/user/.m2/repository/org/apache/hadoop/hadoop-hdds-container-service/0.5.0-SNAPSHOT/hadoop-hdds-container-service-0.5.0-SNAPSHOT.jar!/webapps/static,UNAVAILABLE}
2019-07-14 10:44:45,277 INFO  handler.ContextHandler (ContextHandler.java:doStop(910)) - Stopped o.e.j.s.ServletContextHandler@359066bc{/logs,file:///workdir/hadoop-ozone/integration-test/target/log,UNAVAILABLE}
2019-07-14 10:44:45,277 INFO  handler.ContextHandler (ContextHandler.java:doStop(910)) - Stopped o.e.j.s.ServletContextHandler@615db358{/logs,file:///workdir/hadoop-ozone/integration-test/target/log,UNAVAILABLE}
2019-07-14 10:44:45,278 INFO  datanode.ObjectStoreHandler (ObjectStoreHandler.java:close(155)) - Closing ObjectStoreHandler.
2019-07-14 10:44:45,279 INFO  ozone.HddsDatanodeService (HddsDatanodeService.java:stop(452)) - Stopped plug-in org.apache.hadoop.ozone.web.OzoneHddsDatanodeService@7436364d
2019-07-14 10:44:45,279 INFO  datanode.ObjectStoreHandler (ObjectStoreHandler.java:close(155)) - Closing ObjectStoreHandler.
2019-07-14 10:44:45,281 INFO  ozone.HddsDatanodeService (HddsDatanodeService.java:stop(452)) - Stopped plug-in org.apache.hadoop.ozone.web.OzoneHddsDatanodeService@65da01f4
2019-07-14 10:44:45,937 INFO  statemachine.DatanodeStateMachine (DatanodeStateMachine.java:lambda$startDaemon$0(350)) - Ozone container server started.
2019-07-14 10:44:46,156 INFO  statemachine.DatanodeStateMachine (DatanodeStateMachine.java:lambda$startDaemon$0(350)) - Ozone container server started.
2019-07-14 10:44:50,280 INFO  ozoneimpl.OzoneContainer (OzoneContainer.java:stop(199)) - Attempting to stop container services.
2019-07-14 10:44:50,281 INFO  impl.RaftServerProxy (RaftServerProxy.java:lambda$close$4(314)) - ccbd68d9-77a2-4857-9d3b-9ab097a27f9f: close
2019-07-14 10:44:50,281 INFO  impl.RaftServerImpl (RaftServerImpl.java:lambda$shutdown$3(245)) - ccbd68d9-77a2-4857-9d3b-9ab097a27f9f: shutdown group-731D731E2001
2019-07-14 10:44:50,281 INFO  util.JmxRegister (JmxRegister.java:unregister(73)) - Successfully un-registered JMX Bean with object name Ratis:service=RaftServer,group=group-731D731E2001,id=ccbd68d9-77a2-4857-9d3b-9ab097a27f9f
2019-07-14 10:44:50,282 INFO  impl.RoleInfo (RoleInfo.java:shutdownLeaderState(104)) - ccbd68d9-77a2-4857-9d3b-9ab097a27f9f: shutdown LeaderState
2019-07-14 10:44:50,282 INFO  ozoneimpl.OzoneContainer (OzoneContainer.java:stop(199)) - Attempting to stop container services.
2019-07-14 10:44:50,282 INFO  impl.PendingRequests (PendingRequests.java:sendNotLeaderResponses(202)) - ccbd68d9-77a2-4857-9d3b-9ab097a27f9f-PendingRequests: sendNotLeaderResponses
2019-07-14 10:44:50,283 INFO  impl.RaftServerProxy (RaftServerProxy.java:lambda$close$4(314)) - c8598515-65c5-4bb9-bfb5-ce6a9d9d28f6: close
2019-07-14 10:44:50,283 INFO  impl.StateMachineUpdater (StateMachineUpdater.java:stopAndJoin(115)) - StateMachineUpdater:ccbd68d9-77a2-4857-9d3b-9ab097a27f9f:group-731D731E2001: set stopIndex = 0
2019-07-14 10:44:50,284 INFO  impl.RaftServerImpl (RaftServerImpl.java:lambda$shutdown$3(245)) - c8598515-65c5-4bb9-bfb5-ce6a9d9d28f6: shutdown group-1E9CA9ECCB4B
2019-07-14 10:44:50,284 INFO  impl.RaftServerImpl (ServerState.java:close(394)) - ccbd68d9-77a2-4857-9d3b-9ab097a27f9f:group-731D731E2001 closes. The last applied log index is 0
2019-07-14 10:44:50,284 INFO  util.JmxRegister (JmxRegister.java:unregister(73)) - Successfully un-registered JMX Bean with object name Ratis:service=RaftServer,group=group-1E9CA9ECCB4B,id=c8598515-65c5-4bb9-bfb5-ce6a9d9d28f6
2019-07-14 10:44:50,285 INFO  segmented.SegmentedRaftLogWorker (SegmentedRaftLogWorker.java:run(313)) - ccbd68d9-77a2-4857-9d3b-9ab097a27f9f-SegmentedRaftLogWorker:Storage Directory /workdir/hadoop-ozone/integration-test/target/test-dir/MiniOzoneClusterImpl-d0d75479-cbfc-4267-8062-a3c34fb2ee67/datanode-2/data/ratis/092a986f-aa83-42d3-9067-731d731e2001 was interrupted, exiting. There are 0 tasks remaining in the queue.
2019-07-14 10:44:50,285 INFO  impl.RoleInfo (RoleInfo.java:shutdownLeaderState(104)) - c8598515-65c5-4bb9-bfb5-ce6a9d9d28f6: shutdown LeaderState
2019-07-14 10:44:50,288 INFO  segmented.SegmentedRaftLogWorker (SegmentedRaftLogWorker.java:close(228)) - ccbd68d9-77a2-4857-9d3b-9ab097a27f9f-SegmentedRaftLogWorker:Storage Directory /workdir/hadoop-ozone/integration-test/target/test-dir/MiniOzoneClusterImpl-d0d75479-cbfc-4267-8062-a3c34fb2ee67/datanode-2/data/ratis/092a986f-aa83-42d3-9067-731d731e2001 close()
2019-07-14 10:44:50,288 INFO  impl.PendingRequests (PendingRequests.java:sendNotLeaderResponses(202)) - c8598515-65c5-4bb9-bfb5-ce6a9d9d28f6-PendingRequests: sendNotLeaderResponses
2019-07-14 10:44:50,292 INFO  impl.RaftServerImpl (RaftServerImpl.java:lambda$shutdown$3(245)) - ccbd68d9-77a2-4857-9d3b-9ab097a27f9f: shutdown group-2CC995457397
2019-07-14 10:44:50,292 INFO  impl.StateMachineUpdater (StateMachineUpdater.java:stopAndJoin(115)) - StateMachineUpdater:c8598515-65c5-4bb9-bfb5-ce6a9d9d28f6:group-1E9CA9ECCB4B: set stopIndex = 0
2019-07-14 10:44:50,293 INFO  impl.RaftServerImpl (ServerState.java:close(394)) - c8598515-65c5-4bb9-bfb5-ce6a9d9d28f6:group-1E9CA9ECCB4B closes. The last applied log index is 0
2019-07-14 10:44:50,292 INFO  util.JmxRegister (JmxRegister.java:unregister(73)) - Successfully un-registered JMX Bean with object name Ratis:service=RaftServer,group=group-2CC995457397,id=ccbd68d9-77a2-4857-9d3b-9ab097a27f9f
2019-07-14 10:44:50,293 INFO  segmented.SegmentedRaftLogWorker (SegmentedRaftLogWorker.java:run(313)) - c8598515-65c5-4bb9-bfb5-ce6a9d9d28f6-SegmentedRaftLogWorker:Storage Directory /workdir/hadoop-ozone/integration-test/target/test-dir/MiniOzoneClusterImpl-d0d75479-cbfc-4267-8062-a3c34fb2ee67/datanode-3/data/ratis/7c83aac5-b5ef-449c-aadd-1e9ca9eccb4b was interrupted, exiting. There are 0 tasks remaining in the queue.
2019-07-14 10:44:50,293 INFO  impl.RoleInfo (RoleInfo.java:shutdownFollowerState(121)) - ccbd68d9-77a2-4857-9d3b-9ab097a27f9f: shutdown FollowerState
2019-07-14 10:44:50,295 INFO  segmented.SegmentedRaftLogWorker (SegmentedRaftLogWorker.java:close(228)) - c8598515-65c5-4bb9-bfb5-ce6a9d9d28f6-SegmentedRaftLogWorker:Storage Directory /workdir/hadoop-ozone/integration-test/target/test-dir/MiniOzoneClusterImpl-d0d75479-cbfc-4267-8062-a3c34fb2ee67/datanode-3/data/ratis/7c83aac5-b5ef-449c-aadd-1e9ca9eccb4b close()
2019-07-14 10:44:50,296 INFO  ratis.ContainerStateMachine (ContainerStateMachine.java:takeSnapshot(249)) - group-2CC995457397: Taking a snapshot at:(t:1, i:3) file /workdir/hadoop-ozone/integration-test/target/test-dir/MiniOzoneClusterImpl-d0d75479-cbfc-4267-8062-a3c34fb2ee67/datanode-2/data/ratis/c97615c0-0df4-4caa-81c4-2cc995457397/sm/snapshot.1_3
2019-07-14 10:44:50,295 INFO  impl.FollowerState (FollowerState.java:run(114)) - ccbd68d9-77a2-4857-9d3b-9ab097a27f9f: FollowerState was interrupted: java.lang.InterruptedException: sleep interrupted
2019-07-14 10:44:50,295 INFO  impl.StateMachineUpdater (StateMachineUpdater.java:stopAndJoin(115)) - StateMachineUpdater:ccbd68d9-77a2-4857-9d3b-9ab097a27f9f:group-2CC995457397: set stopIndex = 4
2019-07-14 10:44:50,299 INFO  impl.RaftServerImpl (RaftServerImpl.java:lambda$shutdown$3(245)) - c8598515-65c5-4bb9-bfb5-ce6a9d9d28f6: shutdown group-D1F7F36D7511
2019-07-14 10:44:50,300 INFO  ratis.ContainerStateMachine (ContainerStateMachine.java:takeSnapshot(257)) - group-2CC995457397: Finished taking a snapshot at:(t:1, i:3) file:/workdir/hadoop-ozone/integration-test/target/test-dir/MiniOzoneClusterImpl-d0d75479-cbfc-4267-8062-a3c34fb2ee67/datanode-2/data/ratis/c97615c0-0df4-4caa-81c4-2cc995457397/sm/snapshot.1_3 time:4
2019-07-14 10:44:50,300 INFO  util.JmxRegister (JmxRegister.java:unregister(73)) - Successfully un-registered JMX Bean with object name Ratis:service=RaftServer,group=group-D1F7F36D7511,id=c8598515-65c5-4bb9-bfb5-ce6a9d9d28f6
2019-07-14 10:44:50,300 INFO  impl.StateMachineUpdater (StateMachineUpdater.java:takeSnapshot(242)) - StateMachineUpdater:ccbd68d9-77a2-4857-9d3b-9ab097a27f9f:group-2CC995457397: Took a snapshot at index 3
2019-07-14 10:44:50,301 INFO  impl.RoleInfo (RoleInfo.java:shutdownFollowerState(121)) - c8598515-65c5-4bb9-bfb5-ce6a9d9d28f6: shutdown FollowerState
2019-07-14 10:44:50,301 INFO  impl.StateMachineUpdater (StateMachineUpdater.java:lambda$new$0(80)) - StateMachineUpdater:ccbd68d9-77a2-4857-9d3b-9ab097a27f9f:group-2CC995457397: snapshotIndex: updateIncreasingly -1 -> 3
2019-07-14 10:44:50,301 INFO  impl.StateMachineUpdater (StateMachineUpdater.java:stopAndJoin(115)) - StateMachineUpdater:c8598515-65c5-4bb9-bfb5-ce6a9d9d28f6:group-D1F7F36D7511: set stopIndex = -1
2019-07-14 10:44:50,303 INFO  impl.RaftServerImpl (ServerState.java:close(394)) - ccbd68d9-77a2-4857-9d3b-9ab097a27f9f:group-2CC995457397 closes. The last applied log index is 4
2019-07-14 10:44:50,301 INFO  impl.FollowerState (FollowerState.java:run(114)) - c8598515-65c5-4bb9-bfb5-ce6a9d9d28f6: FollowerState was interrupted: java.lang.InterruptedException: sleep interrupted
2019-07-14 10:44:50,304 INFO  segmented.SegmentedRaftLogWorker (SegmentedRaftLogWorker.java:run(313)) - ccbd68d9-77a2-4857-9d3b-9ab097a27f9f-SegmentedRaftLogWorker:Storage Directory /workdir/hadoop-ozone/integration-test/target/test-dir/MiniOzoneClusterImpl-d0d75479-cbfc-4267-8062-a3c34fb2ee67/datanode-2/data/ratis/c97615c0-0df4-4caa-81c4-2cc995457397 was interrupted, exiting. There are 0 tasks remaining in the queue.
2019-07-14 10:44:50,304 INFO  impl.RaftServerImpl (ServerState.java:close(394)) - c8598515-65c5-4bb9-bfb5-ce6a9d9d28f6:group-D1F7F36D7511 closes. The last applied log index is -1
2019-07-14 10:44:50,308 INFO  segmented.SegmentedRaftLogWorker (SegmentedRaftLogWorker.java:close(228)) - ccbd68d9-77a2-4857-9d3b-9ab097a27f9f-SegmentedRaftLogWorker:Storage Directory /workdir/hadoop-ozone/integration-test/target/test-dir/MiniOzoneClusterImpl-d0d75479-cbfc-4267-8062-a3c34fb2ee67/datanode-2/data/ratis/c97615c0-0df4-4caa-81c4-2cc995457397 close()
2019-07-14 10:44:50,308 INFO  segmented.SegmentedRaftLogWorker (SegmentedRaftLogWorker.java:run(313)) - c8598515-65c5-4bb9-bfb5-ce6a9d9d28f6-SegmentedRaftLogWorker:Storage Directory /workdir/hadoop-ozone/integration-test/target/test-dir/MiniOzoneClusterImpl-d0d75479-cbfc-4267-8062-a3c34fb2ee67/datanode-3/data/ratis/0ee28696-c184-4474-9d28-d1f7f36d7511 was interrupted, exiting. There are 0 tasks remaining in the queue.
2019-07-14 10:44:50,312 INFO  server.GrpcService (GrpcService.java:closeImpl(155)) - ccbd68d9-77a2-4857-9d3b-9ab097a27f9f: shutdown server with port 45953 now
2019-07-14 10:44:50,314 INFO  segmented.SegmentedRaftLogWorker (SegmentedRaftLogWorker.java:close(228)) - c8598515-65c5-4bb9-bfb5-ce6a9d9d28f6-SegmentedRaftLogWorker:Storage Directory /workdir/hadoop-ozone/integration-test/target/test-dir/MiniOzoneClusterImpl-d0d75479-cbfc-4267-8062-a3c34fb2ee67/datanode-3/data/ratis/0ee28696-c184-4474-9d28-d1f7f36d7511 close()
2019-07-14 10:44:50,323 INFO  server.GrpcService (GrpcService.java:closeImpl(155)) - c8598515-65c5-4bb9-bfb5-ce6a9d9d28f6: shutdown server with port 35669 now
2019-07-14 10:44:50,324 INFO  server.GrpcService (GrpcService.java:closeImpl(163)) - c8598515-65c5-4bb9-bfb5-ce6a9d9d28f6: shutdown server with port 35669 successfully
2019-07-14 10:44:50,325 INFO  server.GrpcService (GrpcService.java:closeImpl(163)) - ccbd68d9-77a2-4857-9d3b-9ab097a27f9f: shutdown server with port 45953 successfully
2019-07-14 10:44:50,326 INFO  utils.BackgroundService (BackgroundService.java:shutdown(148)) - Shutting down service BlockDeletingService
2019-07-14 10:44:50,327 WARN  server.GrpcLogAppender (LogUtils.java:warn(134)) - 06ba8222-4d2c-4c23-8038-17270b72c5f0->ccbd68d9-77a2-4857-9d3b-9ab097a27f9f: Failed appendEntries: org.apache.ratis.thirdparty.io.grpc.StatusRuntimeException: CANCELLED: HTTP/2 error code: CANCEL
Received Rst Stream
2019-07-14 10:44:50,327 WARN  server.GrpcServerProtocolService (LogUtils.java:warn(134)) - ccbd68d9-77a2-4857-9d3b-9ab097a27f9f: appendEntries onError: org.apache.ratis.thirdparty.io.grpc.StatusRuntimeException: CANCELLED: cancelled before receiving half close
2019-07-14 10:44:50,329 INFO  impl.FollowerInfo (FollowerInfo.java:lambda$new$0(50)) - 06ba8222-4d2c-4c23-8038-17270b72c5f0->ccbd68d9-77a2-4857-9d3b-9ab097a27f9f: nextIndex: updateUnconditionally 5 -> 4
2019-07-14 10:44:50,331 INFO  utils.BackgroundService (BackgroundService.java:shutdown(148)) - Shutting down service BlockDeletingService
2019-07-14 10:44:50,331 WARN  fs.CachingGetSpaceUsed (CachingGetSpaceUsed.java:run(183)) - Thread Interrupted waiting to refresh disk information: sleep interrupted
2019-07-14 10:44:50,334 WARN  fs.CachingGetSpaceUsed (CachingGetSpaceUsed.java:run(183)) - Thread Interrupted waiting to refresh disk information: sleep interrupted
2019-07-14 10:44:50,352 INFO  statemachine.DatanodeStateMachine (DatanodeStateMachine.java:stopDaemon(395)) - Ozone container server stopped.
2019-07-14 10:44:50,353 INFO  handler.ContextHandler (ContextHandler.java:doStop(910)) - Stopped o.e.j.w.WebAppContext@6a2d867d{/,null,UNAVAILABLE}{/hddsDatanode}
2019-07-14 10:44:50,354 INFO  server.AbstractConnector (AbstractConnector.java:doStop(318)) - Stopped ServerConnector@73bb1337{HTTP/1.1,[http/1.1]}{0.0.0.0:0}
2019-07-14 10:44:50,354 INFO  handler.ContextHandler (ContextHandler.java:doStop(910)) - Stopped o.e.j.s.ServletContextHandler@cc9ef8d{/static,jar:file:/home/user/.m2/repository/org/apache/hadoop/hadoop-hdds-container-service/0.5.0-SNAPSHOT/hadoop-hdds-container-service-0.5.0-SNAPSHOT.jar!/webapps/static,UNAVAILABLE}
2019-07-14 10:44:50,355 INFO  handler.ContextHandler (ContextHandler.java:doStop(910)) - Stopped o.e.j.s.ServletContextHandler@1e30db85{/logs,file:///workdir/hadoop-ozone/integration-test/target/log,UNAVAILABLE}
2019-07-14 10:44:50,356 INFO  datanode.ObjectStoreHandler (ObjectStoreHandler.java:close(155)) - Closing ObjectStoreHandler.
2019-07-14 10:44:50,357 INFO  ozone.HddsDatanodeService (HddsDatanodeService.java:stop(452)) - Stopped plug-in org.apache.hadoop.ozone.web.OzoneHddsDatanodeService@28e7bb31
2019-07-14 10:44:50,362 INFO  statemachine.DatanodeStateMachine (DatanodeStateMachine.java:stopDaemon(395)) - Ozone container server stopped.
2019-07-14 10:44:50,366 INFO  handler.ContextHandler (ContextHandler.java:doStop(910)) - Stopped o.e.j.w.WebAppContext@7197b07f{/,null,UNAVAILABLE}{/hddsDatanode}
2019-07-14 10:44:50,367 INFO  server.AbstractConnector (AbstractConnector.java:doStop(318)) - Stopped ServerConnector@1f10fec6{HTTP/1.1,[http/1.1]}{0.0.0.0:0}
2019-07-14 10:44:50,368 INFO  handler.ContextHandler (ContextHandler.java:doStop(910)) - Stopped o.e.j.s.ServletContextHandler@62ade015{/static,jar:file:/home/user/.m2/repository/org/apache/hadoop/hadoop-hdds-container-service/0.5.0-SNAPSHOT/hadoop-hdds-container-service-0.5.0-SNAPSHOT.jar!/webapps/static,UNAVAILABLE}
2019-07-14 10:44:50,370 INFO  handler.ContextHandler (ContextHandler.java:doStop(910)) - Stopped o.e.j.s.ServletContextHandler@631c6d11{/logs,file:///workdir/hadoop-ozone/integration-test/target/log,UNAVAILABLE}
2019-07-14 10:44:50,372 INFO  datanode.ObjectStoreHandler (ObjectStoreHandler.java:close(155)) - Closing ObjectStoreHandler.
2019-07-14 10:44:50,372 INFO  ozone.HddsDatanodeService (HddsDatanodeService.java:stop(452)) - Stopped plug-in org.apache.hadoop.ozone.web.OzoneHddsDatanodeService@b4732dc
2019-07-14 10:44:50,674 INFO  statemachine.DatanodeStateMachine (DatanodeStateMachine.java:lambda$startDaemon$0(350)) - Ozone container server started.
2019-07-14 10:44:50,934 INFO  statemachine.DatanodeStateMachine (DatanodeStateMachine.java:lambda$startDaemon$0(350)) - Ozone container server started.
2019-07-14 10:44:52,540 WARN  server.GrpcLogAppender (LogUtils.java:warn(134)) - 06ba8222-4d2c-4c23-8038-17270b72c5f0->ccbd68d9-77a2-4857-9d3b-9ab097a27f9f: Failed appendEntries: org.apache.ratis.thirdparty.io.grpc.StatusRuntimeException: UNAVAILABLE: io exception
2019-07-14 10:44:52,542 INFO  impl.FollowerInfo (FollowerInfo.java:lambda$new$0(50)) - 06ba8222-4d2c-4c23-8038-17270b72c5f0->ccbd68d9-77a2-4857-9d3b-9ab097a27f9f: nextIndex: updateUnconditionally 4 -> 3
2019-07-14 10:44:54,125 INFO  impl.FollowerState (FollowerState.java:run(106)) - c7d10479-3d5f-4018-8d1a-d6ec9a3ad4d5:group-D1F7F36D7511 changes to CANDIDATE, lastRpcTime:10168, electionTimeout:5147ms
2019-07-14 10:44:54,125 INFO  impl.RoleInfo (RoleInfo.java:shutdownFollowerState(121)) - c7d10479-3d5f-4018-8d1a-d6ec9a3ad4d5: shutdown FollowerState
2019-07-14 10:44:54,125 INFO  impl.RaftServerImpl (RaftServerImpl.java:setRole(171)) - c7d10479-3d5f-4018-8d1a-d6ec9a3ad4d5:group-D1F7F36D7511 changes role from FOLLOWER to CANDIDATE at term 1 for changeToCandidate
2019-07-14 10:44:54,125 INFO  impl.RoleInfo (RoleInfo.java:updateAndGet(143)) - c7d10479-3d5f-4018-8d1a-d6ec9a3ad4d5: start LeaderElection
2019-07-14 10:44:54,128 INFO  impl.RaftServerImpl (ServerState.java:setLeader(263)) - c7d10479-3d5f-4018-8d1a-d6ec9a3ad4d5:group-D1F7F36D7511 change Leader from ff375dc0-9cb5-45d1-bd28-e2fef21c954c to null at term 1 for initElection
2019-07-14 10:44:54,144 INFO  impl.LeaderElection (LeaderElection.java:askForVotes(181)) - c7d10479-3d5f-4018-8d1a-d6ec9a3ad4d5:group-D1F7F36D7511:LeaderElection15: begin an election at term 2 for 0: [ff375dc0-9cb5-45d1-bd28-e2fef21c954c:192.168.157.209:40178, c8598515-65c5-4bb9-bfb5-ce6a9d9d28f6:192.168.157.209:35669, c7d10479-3d5f-4018-8d1a-d6ec9a3ad4d5:192.168.157.209:44214], old=null
2019-07-14 10:44:54,151 INFO  impl.LeaderElection (LogUtils.java:infoOrTrace(149)) - c7d10479-3d5f-4018-8d1a-d6ec9a3ad4d5:group-D1F7F36D7511:LeaderElection15 got exception when requesting votes: {}
java.util.concurrent.ExecutionException: org.apache.ratis.thirdparty.io.grpc.StatusRuntimeException: UNAVAILABLE: io exception
	at java.util.concurrent.FutureTask.report(FutureTask.java:122)
	at java.util.concurrent.FutureTask.get(FutureTask.java:192)
	at org.apache.ratis.server.impl.LeaderElection.waitForResults(LeaderElection.java:262)
	at org.apache.ratis.server.impl.LeaderElection.askForVotes(LeaderElection.java:200)
	at org.apache.ratis.server.impl.LeaderElection.run(LeaderElection.java:130)
	at java.lang.Thread.run(Thread.java:748)
Caused by: org.apache.ratis.thirdparty.io.grpc.StatusRuntimeException: UNAVAILABLE: io exception
	at org.apache.ratis.thirdparty.io.grpc.stub.ClientCalls.toStatusRuntimeException(ClientCalls.java:233)
	at org.apache.ratis.thirdparty.io.grpc.stub.ClientCalls.getUnchecked(ClientCalls.java:214)
	at org.apache.ratis.thirdparty.io.grpc.stub.ClientCalls.blockingUnaryCall(ClientCalls.java:139)
	at org.apache.ratis.proto.grpc.RaftServerProtocolServiceGrpc$RaftServerProtocolServiceBlockingStub.requestVote(RaftServerProtocolServiceGrpc.java:265)
	at org.apache.ratis.grpc.server.GrpcServerProtocolClient.requestVote(GrpcServerProtocolClient.java:83)
	at org.apache.ratis.grpc.server.GrpcService.requestVote(GrpcService.java:195)
	at org.apache.ratis.server.impl.LeaderElection.lambda$submitRequests$1(LeaderElection.java:237)
	at java.util.concurrent.FutureTask.run(FutureTask.java:266)
	at java.util.concurrent.Executors$RunnableAdapter.call(Executors.java:511)
	at java.util.concurrent.FutureTask.run(FutureTask.java:266)
	at java.util.concurrent.ThreadPoolExecutor.runWorker(ThreadPoolExecutor.java:1149)
	at java.util.concurrent.ThreadPoolExecutor$Worker.run(ThreadPoolExecutor.java:624)
	... 1 more
Caused by: org.apache.ratis.thirdparty.io.netty.channel.AbstractChannel$AnnotatedConnectException: Connection refused: /192.168.157.209:35669
	at sun.nio.ch.SocketChannelImpl.checkConnect(Native Method)
	at sun.nio.ch.SocketChannelImpl.finishConnect(SocketChannelImpl.java:717)
	at org.apache.ratis.thirdparty.io.netty.channel.socket.nio.NioSocketChannel.doFinishConnect(NioSocketChannel.java:327)
	at org.apache.ratis.thirdparty.io.netty.channel.nio.AbstractNioChannel$AbstractNioUnsafe.finishConnect(AbstractNioChannel.java:340)
	at org.apache.ratis.thirdparty.io.netty.channel.nio.NioEventLoop.processSelectedKey(NioEventLoop.java:632)
	at org.apache.ratis.thirdparty.io.netty.channel.nio.NioEventLoop.processSelectedKeysOptimized(NioEventLoop.java:579)
	at org.apache.ratis.thirdparty.io.netty.channel.nio.NioEventLoop.processSelectedKeys(NioEventLoop.java:496)
	at org.apache.ratis.thirdparty.io.netty.channel.nio.NioEventLoop.run(NioEventLoop.java:458)
	at org.apache.ratis.thirdparty.io.netty.util.concurrent.SingleThreadEventExecutor$5.run(SingleThreadEventExecutor.java:897)
	at org.apache.ratis.thirdparty.io.netty.util.concurrent.FastThreadLocalRunnable.run(FastThreadLocalRunnable.java:30)
	... 1 more
Caused by: java.net.ConnectException: Connection refused
	... 11 more
2019-07-14 10:44:54,156 INFO  impl.LeaderElection (LogUtils.java:infoOrTrace(149)) - c7d10479-3d5f-4018-8d1a-d6ec9a3ad4d5:group-D1F7F36D7511:LeaderElection15 got exception when requesting votes: {}
java.util.concurrent.ExecutionException: org.apache.ratis.thirdparty.io.grpc.StatusRuntimeException: UNAVAILABLE: io exception
	at java.util.concurrent.FutureTask.report(FutureTask.java:122)
	at java.util.concurrent.FutureTask.get(FutureTask.java:192)
	at org.apache.ratis.server.impl.LeaderElection.waitForResults(LeaderElection.java:262)
	at org.apache.ratis.server.impl.LeaderElection.askForVotes(LeaderElection.java:200)
	at org.apache.ratis.server.impl.LeaderElection.run(LeaderElection.java:130)
	at java.lang.Thread.run(Thread.java:748)
Caused by: org.apache.ratis.thirdparty.io.grpc.StatusRuntimeException: UNAVAILABLE: io exception
	at org.apache.ratis.thirdparty.io.grpc.stub.ClientCalls.toStatusRuntimeException(ClientCalls.java:233)
	at org.apache.ratis.thirdparty.io.grpc.stub.ClientCalls.getUnchecked(ClientCalls.java:214)
	at org.apache.ratis.thirdparty.io.grpc.stub.ClientCalls.blockingUnaryCall(ClientCalls.java:139)
	at org.apache.ratis.proto.grpc.RaftServerProtocolServiceGrpc$RaftServerProtocolServiceBlockingStub.requestVote(RaftServerProtocolServiceGrpc.java:265)
	at org.apache.ratis.grpc.server.GrpcServerProtocolClient.requestVote(GrpcServerProtocolClient.java:83)
	at org.apache.ratis.grpc.server.GrpcService.requestVote(GrpcService.java:195)
	at org.apache.ratis.server.impl.LeaderElection.lambda$submitRequests$1(LeaderElection.java:237)
	at java.util.concurrent.FutureTask.run(FutureTask.java:266)
	at java.util.concurrent.Executors$RunnableAdapter.call(Executors.java:511)
	at java.util.concurrent.FutureTask.run(FutureTask.java:266)
	at java.util.concurrent.ThreadPoolExecutor.runWorker(ThreadPoolExecutor.java:1149)
	at java.util.concurrent.ThreadPoolExecutor$Worker.run(ThreadPoolExecutor.java:624)
	... 1 more
Caused by: org.apache.ratis.thirdparty.io.netty.channel.AbstractChannel$AnnotatedConnectException: Connection refused: /192.168.157.209:40178
	at sun.nio.ch.SocketChannelImpl.checkConnect(Native Method)
	at sun.nio.ch.SocketChannelImpl.finishConnect(SocketChannelImpl.java:717)
	at org.apache.ratis.thirdparty.io.netty.channel.socket.nio.NioSocketChannel.doFinishConnect(NioSocketChannel.java:327)
	at org.apache.ratis.thirdparty.io.netty.channel.nio.AbstractNioChannel$AbstractNioUnsafe.finishConnect(AbstractNioChannel.java:340)
	at org.apache.ratis.thirdparty.io.netty.channel.nio.NioEventLoop.processSelectedKey(NioEventLoop.java:632)
	at org.apache.ratis.thirdparty.io.netty.channel.nio.NioEventLoop.processSelectedKeysOptimized(NioEventLoop.java:579)
	at org.apache.ratis.thirdparty.io.netty.channel.nio.NioEventLoop.processSelectedKeys(NioEventLoop.java:496)
	at org.apache.ratis.thirdparty.io.netty.channel.nio.NioEventLoop.run(NioEventLoop.java:458)
	at org.apache.ratis.thirdparty.io.netty.util.concurrent.SingleThreadEventExecutor$5.run(SingleThreadEventExecutor.java:897)
	at org.apache.ratis.thirdparty.io.netty.util.concurrent.FastThreadLocalRunnable.run(FastThreadLocalRunnable.java:30)
	... 1 more
Caused by: java.net.ConnectException: Connection refused
	... 11 more
2019-07-14 10:44:54,158 INFO  impl.LeaderElection (LeaderElection.java:logAndReturn(56)) - c7d10479-3d5f-4018-8d1a-d6ec9a3ad4d5:group-D1F7F36D7511:LeaderElection15: Election REJECTED; received 0 response(s) [] and 2 exception(s); c7d10479-3d5f-4018-8d1a-d6ec9a3ad4d5:t2, leader=null, voted=c7d10479-3d5f-4018-8d1a-d6ec9a3ad4d5, raftlog=c7d10479-3d5f-4018-8d1a-d6ec9a3ad4d5-SegmentedRaftLog:OPENED:c-1,f0,i0, conf=0: [ff375dc0-9cb5-45d1-bd28-e2fef21c954c:192.168.157.209:40178, c8598515-65c5-4bb9-bfb5-ce6a9d9d28f6:192.168.157.209:35669, c7d10479-3d5f-4018-8d1a-d6ec9a3ad4d5:192.168.157.209:44214], old=null
2019-07-14 10:44:54,158 INFO  impl.LeaderElection (LogUtils.java:infoOrTrace(149)) -   Exception 0: {}
java.util.concurrent.ExecutionException: org.apache.ratis.thirdparty.io.grpc.StatusRuntimeException: UNAVAILABLE: io exception
	at java.util.concurrent.FutureTask.report(FutureTask.java:122)
	at java.util.concurrent.FutureTask.get(FutureTask.java:192)
	at org.apache.ratis.server.impl.LeaderElection.waitForResults(LeaderElection.java:262)
	at org.apache.ratis.server.impl.LeaderElection.askForVotes(LeaderElection.java:200)
	at org.apache.ratis.server.impl.LeaderElection.run(LeaderElection.java:130)
	at java.lang.Thread.run(Thread.java:748)
Caused by: org.apache.ratis.thirdparty.io.grpc.StatusRuntimeException: UNAVAILABLE: io exception
	at org.apache.ratis.thirdparty.io.grpc.stub.ClientCalls.toStatusRuntimeException(ClientCalls.java:233)
	at org.apache.ratis.thirdparty.io.grpc.stub.ClientCalls.getUnchecked(ClientCalls.java:214)
	at org.apache.ratis.thirdparty.io.grpc.stub.ClientCalls.blockingUnaryCall(ClientCalls.java:139)
	at org.apache.ratis.proto.grpc.RaftServerProtocolServiceGrpc$RaftServerProtocolServiceBlockingStub.requestVote(RaftServerProtocolServiceGrpc.java:265)
	at org.apache.ratis.grpc.server.GrpcServerProtocolClient.requestVote(GrpcServerProtocolClient.java:83)
	at org.apache.ratis.grpc.server.GrpcService.requestVote(GrpcService.java:195)
	at org.apache.ratis.server.impl.LeaderElection.lambda$submitRequests$1(LeaderElection.java:237)
	at java.util.concurrent.FutureTask.run(FutureTask.java:266)
	at java.util.concurrent.Executors$RunnableAdapter.call(Executors.java:511)
	at java.util.concurrent.FutureTask.run(FutureTask.java:266)
	at java.util.concurrent.ThreadPoolExecutor.runWorker(ThreadPoolExecutor.java:1149)
	at java.util.concurrent.ThreadPoolExecutor$Worker.run(ThreadPoolExecutor.java:624)
	... 1 more
Caused by: org.apache.ratis.thirdparty.io.netty.channel.AbstractChannel$AnnotatedConnectException: Connection refused: /192.168.157.209:35669
	at sun.nio.ch.SocketChannelImpl.checkConnect(Native Method)
	at sun.nio.ch.SocketChannelImpl.finishConnect(SocketChannelImpl.java:717)
	at org.apache.ratis.thirdparty.io.netty.channel.socket.nio.NioSocketChannel.doFinishConnect(NioSocketChannel.java:327)
	at org.apache.ratis.thirdparty.io.netty.channel.nio.AbstractNioChannel$AbstractNioUnsafe.finishConnect(AbstractNioChannel.java:340)
	at org.apache.ratis.thirdparty.io.netty.channel.nio.NioEventLoop.processSelectedKey(NioEventLoop.java:632)
	at org.apache.ratis.thirdparty.io.netty.channel.nio.NioEventLoop.processSelectedKeysOptimized(NioEventLoop.java:579)
	at org.apache.ratis.thirdparty.io.netty.channel.nio.NioEventLoop.processSelectedKeys(NioEventLoop.java:496)
	at org.apache.ratis.thirdparty.io.netty.channel.nio.NioEventLoop.run(NioEventLoop.java:458)
	at org.apache.ratis.thirdparty.io.netty.util.concurrent.SingleThreadEventExecutor$5.run(SingleThreadEventExecutor.java:897)
	at org.apache.ratis.thirdparty.io.netty.util.concurrent.FastThreadLocalRunnable.run(FastThreadLocalRunnable.java:30)
	... 1 more
Caused by: java.net.ConnectException: Connection refused
	... 11 more
2019-07-14 10:44:54,159 INFO  impl.LeaderElection (LogUtils.java:infoOrTrace(149)) -   Exception 1: {}
java.util.concurrent.ExecutionException: org.apache.ratis.thirdparty.io.grpc.StatusRuntimeException: UNAVAILABLE: io exception
	at java.util.concurrent.FutureTask.report(FutureTask.java:122)
	at java.util.concurrent.FutureTask.get(FutureTask.java:192)
	at org.apache.ratis.server.impl.LeaderElection.waitForResults(LeaderElection.java:262)
	at org.apache.ratis.server.impl.LeaderElection.askForVotes(LeaderElection.java:200)
	at org.apache.ratis.server.impl.LeaderElection.run(LeaderElection.java:130)
	at java.lang.Thread.run(Thread.java:748)
Caused by: org.apache.ratis.thirdparty.io.grpc.StatusRuntimeException: UNAVAILABLE: io exception
	at org.apache.ratis.thirdparty.io.grpc.stub.ClientCalls.toStatusRuntimeException(ClientCalls.java:233)
	at org.apache.ratis.thirdparty.io.grpc.stub.ClientCalls.getUnchecked(ClientCalls.java:214)
	at org.apache.ratis.thirdparty.io.grpc.stub.ClientCalls.blockingUnaryCall(ClientCalls.java:139)
	at org.apache.ratis.proto.grpc.RaftServerProtocolServiceGrpc$RaftServerProtocolServiceBlockingStub.requestVote(RaftServerProtocolServiceGrpc.java:265)
	at org.apache.ratis.grpc.server.GrpcServerProtocolClient.requestVote(GrpcServerProtocolClient.java:83)
	at org.apache.ratis.grpc.server.GrpcService.requestVote(GrpcService.java:195)
	at org.apache.ratis.server.impl.LeaderElection.lambda$submitRequests$1(LeaderElection.java:237)
	at java.util.concurrent.FutureTask.run(FutureTask.java:266)
	at java.util.concurrent.Executors$RunnableAdapter.call(Executors.java:511)
	at java.util.concurrent.FutureTask.run(FutureTask.java:266)
	at java.util.concurrent.ThreadPoolExecutor.runWorker(ThreadPoolExecutor.java:1149)
	at java.util.concurrent.ThreadPoolExecutor$Worker.run(ThreadPoolExecutor.java:624)
	... 1 more
Caused by: org.apache.ratis.thirdparty.io.netty.channel.AbstractChannel$AnnotatedConnectException: Connection refused: /192.168.157.209:40178
	at sun.nio.ch.SocketChannelImpl.checkConnect(Native Method)
	at sun.nio.ch.SocketChannelImpl.finishConnect(SocketChannelImpl.java:717)
	at org.apache.ratis.thirdparty.io.netty.channel.socket.nio.NioSocketChannel.doFinishConnect(NioSocketChannel.java:327)
	at org.apache.ratis.thirdparty.io.netty.channel.nio.AbstractNioChannel$AbstractNioUnsafe.finishConnect(AbstractNioChannel.java:340)
	at org.apache.ratis.thirdparty.io.netty.channel.nio.NioEventLoop.processSelectedKey(NioEventLoop.java:632)
	at org.apache.ratis.thirdparty.io.netty.channel.nio.NioEventLoop.processSelectedKeysOptimized(NioEventLoop.java:579)
	at org.apache.ratis.thirdparty.io.netty.channel.nio.NioEventLoop.processSelectedKeys(NioEventLoop.java:496)
	at org.apache.ratis.thirdparty.io.netty.channel.nio.NioEventLoop.run(NioEventLoop.java:458)
	at org.apache.ratis.thirdparty.io.netty.util.concurrent.SingleThreadEventExecutor$5.run(SingleThreadEventExecutor.java:897)
	at org.apache.ratis.thirdparty.io.netty.util.concurrent.FastThreadLocalRunnable.run(FastThreadLocalRunnable.java:30)
	... 1 more
Caused by: java.net.ConnectException: Connection refused
	... 11 more
2019-07-14 10:44:54,160 INFO  impl.RaftServerImpl (RaftServerImpl.java:setRole(171)) - c7d10479-3d5f-4018-8d1a-d6ec9a3ad4d5:group-D1F7F36D7511 changes role from CANDIDATE to FOLLOWER at term 2 for DISCOVERED_A_NEW_TERM
2019-07-14 10:44:54,161 INFO  impl.RoleInfo (RoleInfo.java:shutdownLeaderElection(134)) - c7d10479-3d5f-4018-8d1a-d6ec9a3ad4d5: shutdown LeaderElection
2019-07-14 10:44:54,161 INFO  impl.RoleInfo (RoleInfo.java:updateAndGet(143)) - c7d10479-3d5f-4018-8d1a-d6ec9a3ad4d5: start FollowerState
2019-07-14 10:44:55,032 WARN  server.GrpcLogAppender (LogUtils.java:warn(134)) - 06ba8222-4d2c-4c23-8038-17270b72c5f0->ccbd68d9-77a2-4857-9d3b-9ab097a27f9f: Failed appendEntries: org.apache.ratis.thirdparty.io.grpc.StatusRuntimeException: UNAVAILABLE: io exception
2019-07-14 10:44:55,040 INFO  impl.FollowerInfo (FollowerInfo.java:lambda$new$0(50)) - 06ba8222-4d2c-4c23-8038-17270b72c5f0->ccbd68d9-77a2-4857-9d3b-9ab097a27f9f: nextIndex: updateUnconditionally 3 -> 2
2019-07-14 10:44:55,358 INFO  ozoneimpl.OzoneContainer (OzoneContainer.java:stop(199)) - Attempting to stop container services.
2019-07-14 10:44:55,359 INFO  impl.RaftServerProxy (RaftServerProxy.java:lambda$close$4(314)) - 1cecd33d-bb15-4021-8928-f4e4bf07f303: close
2019-07-14 10:44:55,359 INFO  impl.RaftServerImpl (RaftServerImpl.java:lambda$shutdown$3(245)) - 1cecd33d-bb15-4021-8928-f4e4bf07f303: shutdown group-2CC995457397
2019-07-14 10:44:55,360 INFO  util.JmxRegister (JmxRegister.java:unregister(73)) - Successfully un-registered JMX Bean with object name Ratis:service=RaftServer,group=group-2CC995457397,id=1cecd33d-bb15-4021-8928-f4e4bf07f303
2019-07-14 10:44:55,360 INFO  impl.RoleInfo (RoleInfo.java:shutdownFollowerState(121)) - 1cecd33d-bb15-4021-8928-f4e4bf07f303: shutdown FollowerState
2019-07-14 10:44:55,361 INFO  impl.StateMachineUpdater (StateMachineUpdater.java:stopAndJoin(115)) - StateMachineUpdater:1cecd33d-bb15-4021-8928-f4e4bf07f303:group-2CC995457397: set stopIndex = 4
2019-07-14 10:44:55,361 INFO  ratis.ContainerStateMachine (ContainerStateMachine.java:takeSnapshot(249)) - group-2CC995457397: Taking a snapshot at:(t:1, i:3) file /workdir/hadoop-ozone/integration-test/target/test-dir/MiniOzoneClusterImpl-d0d75479-cbfc-4267-8062-a3c34fb2ee67/datanode-6/data/ratis/c97615c0-0df4-4caa-81c4-2cc995457397/sm/snapshot.1_3
2019-07-14 10:44:55,361 INFO  impl.FollowerState (FollowerState.java:run(114)) - 1cecd33d-bb15-4021-8928-f4e4bf07f303: FollowerState was interrupted: java.lang.InterruptedException: sleep interrupted
2019-07-14 10:44:55,362 INFO  ratis.ContainerStateMachine (ContainerStateMachine.java:takeSnapshot(257)) - group-2CC995457397: Finished taking a snapshot at:(t:1, i:3) file:/workdir/hadoop-ozone/integration-test/target/test-dir/MiniOzoneClusterImpl-d0d75479-cbfc-4267-8062-a3c34fb2ee67/datanode-6/data/ratis/c97615c0-0df4-4caa-81c4-2cc995457397/sm/snapshot.1_3 time:1
2019-07-14 10:44:55,362 INFO  impl.StateMachineUpdater (StateMachineUpdater.java:takeSnapshot(242)) - StateMachineUpdater:1cecd33d-bb15-4021-8928-f4e4bf07f303:group-2CC995457397: Took a snapshot at index 3
2019-07-14 10:44:55,362 INFO  impl.StateMachineUpdater (StateMachineUpdater.java:lambda$new$0(80)) - StateMachineUpdater:1cecd33d-bb15-4021-8928-f4e4bf07f303:group-2CC995457397: snapshotIndex: updateIncreasingly -1 -> 3
2019-07-14 10:44:55,363 INFO  impl.RaftServerImpl (ServerState.java:close(394)) - 1cecd33d-bb15-4021-8928-f4e4bf07f303:group-2CC995457397 closes. The last applied log index is 4
2019-07-14 10:44:55,363 INFO  segmented.SegmentedRaftLogWorker (SegmentedRaftLogWorker.java:run(313)) - 1cecd33d-bb15-4021-8928-f4e4bf07f303-SegmentedRaftLogWorker:Storage Directory /workdir/hadoop-ozone/integration-test/target/test-dir/MiniOzoneClusterImpl-d0d75479-cbfc-4267-8062-a3c34fb2ee67/datanode-6/data/ratis/c97615c0-0df4-4caa-81c4-2cc995457397 was interrupted, exiting. There are 0 tasks remaining in the queue.
2019-07-14 10:44:55,364 INFO  segmented.SegmentedRaftLogWorker (SegmentedRaftLogWorker.java:close(228)) - 1cecd33d-bb15-4021-8928-f4e4bf07f303-SegmentedRaftLogWorker:Storage Directory /workdir/hadoop-ozone/integration-test/target/test-dir/MiniOzoneClusterImpl-d0d75479-cbfc-4267-8062-a3c34fb2ee67/datanode-6/data/ratis/c97615c0-0df4-4caa-81c4-2cc995457397 close()
2019-07-14 10:44:55,366 INFO  impl.RaftServerImpl (RaftServerImpl.java:lambda$shutdown$3(245)) - 1cecd33d-bb15-4021-8928-f4e4bf07f303: shutdown group-F80ECC06148B
2019-07-14 10:44:55,367 INFO  util.JmxRegister (JmxRegister.java:unregister(73)) - Successfully un-registered JMX Bean with object name Ratis:service=RaftServer,group=group-F80ECC06148B,id=1cecd33d-bb15-4021-8928-f4e4bf07f303
2019-07-14 10:44:55,367 INFO  impl.RoleInfo (RoleInfo.java:shutdownLeaderState(104)) - 1cecd33d-bb15-4021-8928-f4e4bf07f303: shutdown LeaderState
2019-07-14 10:44:55,368 INFO  impl.PendingRequests (PendingRequests.java:sendNotLeaderResponses(202)) - 1cecd33d-bb15-4021-8928-f4e4bf07f303-PendingRequests: sendNotLeaderResponses
2019-07-14 10:44:55,368 INFO  impl.StateMachineUpdater (StateMachineUpdater.java:stopAndJoin(115)) - StateMachineUpdater:1cecd33d-bb15-4021-8928-f4e4bf07f303:group-F80ECC06148B: set stopIndex = 0
2019-07-14 10:44:55,369 INFO  impl.RaftServerImpl (ServerState.java:close(394)) - 1cecd33d-bb15-4021-8928-f4e4bf07f303:group-F80ECC06148B closes. The last applied log index is 0
2019-07-14 10:44:55,369 INFO  segmented.SegmentedRaftLogWorker (SegmentedRaftLogWorker.java:run(313)) - 1cecd33d-bb15-4021-8928-f4e4bf07f303-SegmentedRaftLogWorker:Storage Directory /workdir/hadoop-ozone/integration-test/target/test-dir/MiniOzoneClusterImpl-d0d75479-cbfc-4267-8062-a3c34fb2ee67/datanode-6/data/ratis/29ecddd9-3d30-4b06-88cb-f80ecc06148b was interrupted, exiting. There are 0 tasks remaining in the queue.
2019-07-14 10:44:55,370 INFO  segmented.SegmentedRaftLogWorker (SegmentedRaftLogWorker.java:close(228)) - 1cecd33d-bb15-4021-8928-f4e4bf07f303-SegmentedRaftLogWorker:Storage Directory /workdir/hadoop-ozone/integration-test/target/test-dir/MiniOzoneClusterImpl-d0d75479-cbfc-4267-8062-a3c34fb2ee67/datanode-6/data/ratis/29ecddd9-3d30-4b06-88cb-f80ecc06148b close()
2019-07-14 10:44:55,371 INFO  server.GrpcService (GrpcService.java:closeImpl(155)) - 1cecd33d-bb15-4021-8928-f4e4bf07f303: shutdown server with port 39898 now
2019-07-14 10:44:55,373 INFO  ozoneimpl.OzoneContainer (OzoneContainer.java:stop(199)) - Attempting to stop container services.
2019-07-14 10:44:55,373 WARN  server.GrpcServerProtocolService (LogUtils.java:warn(134)) - 1cecd33d-bb15-4021-8928-f4e4bf07f303: appendEntries onError: org.apache.ratis.thirdparty.io.grpc.StatusRuntimeException: CANCELLED: cancelled before receiving half close
2019-07-14 10:44:55,373 INFO  impl.RaftServerProxy (RaftServerProxy.java:lambda$close$4(314)) - c7d10479-3d5f-4018-8d1a-d6ec9a3ad4d5: close
2019-07-14 10:44:55,373 INFO  server.GrpcService (GrpcService.java:closeImpl(163)) - 1cecd33d-bb15-4021-8928-f4e4bf07f303: shutdown server with port 39898 successfully
2019-07-14 10:44:55,373 INFO  impl.RaftServerImpl (RaftServerImpl.java:lambda$shutdown$3(245)) - c7d10479-3d5f-4018-8d1a-d6ec9a3ad4d5: shutdown group-37D800DB2D92
2019-07-14 10:44:55,373 WARN  server.GrpcLogAppender (LogUtils.java:warn(134)) - 06ba8222-4d2c-4c23-8038-17270b72c5f0->1cecd33d-bb15-4021-8928-f4e4bf07f303: Failed appendEntries: org.apache.ratis.thirdparty.io.grpc.StatusRuntimeException: CANCELLED: HTTP/2 error code: CANCEL
Received Rst Stream
2019-07-14 10:44:55,374 INFO  util.JmxRegister (JmxRegister.java:unregister(73)) - Successfully un-registered JMX Bean with object name Ratis:service=RaftServer,group=group-37D800DB2D92,id=c7d10479-3d5f-4018-8d1a-d6ec9a3ad4d5
2019-07-14 10:44:55,375 INFO  impl.FollowerInfo (FollowerInfo.java:lambda$new$0(50)) - 06ba8222-4d2c-4c23-8038-17270b72c5f0->1cecd33d-bb15-4021-8928-f4e4bf07f303: nextIndex: updateUnconditionally 5 -> 4
2019-07-14 10:44:55,375 INFO  impl.RoleInfo (RoleInfo.java:shutdownLeaderState(104)) - c7d10479-3d5f-4018-8d1a-d6ec9a3ad4d5: shutdown LeaderState
2019-07-14 10:44:55,375 INFO  utils.BackgroundService (BackgroundService.java:shutdown(148)) - Shutting down service BlockDeletingService
2019-07-14 10:44:55,375 INFO  impl.PendingRequests (PendingRequests.java:sendNotLeaderResponses(202)) - c7d10479-3d5f-4018-8d1a-d6ec9a3ad4d5-PendingRequests: sendNotLeaderResponses
2019-07-14 10:44:55,376 INFO  impl.StateMachineUpdater (StateMachineUpdater.java:stopAndJoin(115)) - StateMachineUpdater:c7d10479-3d5f-4018-8d1a-d6ec9a3ad4d5:group-37D800DB2D92: set stopIndex = 0
2019-07-14 10:44:55,376 INFO  impl.RaftServerImpl (ServerState.java:close(394)) - c7d10479-3d5f-4018-8d1a-d6ec9a3ad4d5:group-37D800DB2D92 closes. The last applied log index is 0
2019-07-14 10:44:55,377 WARN  fs.CachingGetSpaceUsed (CachingGetSpaceUsed.java:run(183)) - Thread Interrupted waiting to refresh disk information: sleep interrupted
2019-07-14 10:44:55,377 INFO  segmented.SegmentedRaftLogWorker (SegmentedRaftLogWorker.java:run(313)) - c7d10479-3d5f-4018-8d1a-d6ec9a3ad4d5-SegmentedRaftLogWorker:Storage Directory /workdir/hadoop-ozone/integration-test/target/test-dir/MiniOzoneClusterImpl-d0d75479-cbfc-4267-8062-a3c34fb2ee67/datanode-0/data/ratis/87ccd580-5de0-4fbd-96b6-37d800db2d92 was interrupted, exiting. There are 0 tasks remaining in the queue.
2019-07-14 10:44:55,377 INFO  segmented.SegmentedRaftLogWorker (SegmentedRaftLogWorker.java:close(228)) - c7d10479-3d5f-4018-8d1a-d6ec9a3ad4d5-SegmentedRaftLogWorker:Storage Directory /workdir/hadoop-ozone/integration-test/target/test-dir/MiniOzoneClusterImpl-d0d75479-cbfc-4267-8062-a3c34fb2ee67/datanode-0/data/ratis/87ccd580-5de0-4fbd-96b6-37d800db2d92 close()
2019-07-14 10:44:55,380 INFO  impl.RaftServerImpl (RaftServerImpl.java:lambda$shutdown$3(245)) - c7d10479-3d5f-4018-8d1a-d6ec9a3ad4d5: shutdown group-D1F7F36D7511
2019-07-14 10:44:55,380 INFO  util.JmxRegister (JmxRegister.java:unregister(73)) - Successfully un-registered JMX Bean with object name Ratis:service=RaftServer,group=group-D1F7F36D7511,id=c7d10479-3d5f-4018-8d1a-d6ec9a3ad4d5
2019-07-14 10:44:55,381 INFO  impl.RoleInfo (RoleInfo.java:shutdownFollowerState(121)) - c7d10479-3d5f-4018-8d1a-d6ec9a3ad4d5: shutdown FollowerState
2019-07-14 10:44:55,381 INFO  impl.StateMachineUpdater (StateMachineUpdater.java:stopAndJoin(115)) - StateMachineUpdater:c7d10479-3d5f-4018-8d1a-d6ec9a3ad4d5:group-D1F7F36D7511: set stopIndex = -1
2019-07-14 10:44:55,381 INFO  impl.FollowerState (FollowerState.java:run(114)) - c7d10479-3d5f-4018-8d1a-d6ec9a3ad4d5: FollowerState was interrupted: java.lang.InterruptedException: sleep interrupted
2019-07-14 10:44:55,383 INFO  impl.RaftServerImpl (ServerState.java:close(394)) - c7d10479-3d5f-4018-8d1a-d6ec9a3ad4d5:group-D1F7F36D7511 closes. The last applied log index is -1
2019-07-14 10:44:55,385 INFO  segmented.SegmentedRaftLogWorker (SegmentedRaftLogWorker.java:run(313)) - c7d10479-3d5f-4018-8d1a-d6ec9a3ad4d5-SegmentedRaftLogWorker:Storage Directory /workdir/hadoop-ozone/integration-test/target/test-dir/MiniOzoneClusterImpl-d0d75479-cbfc-4267-8062-a3c34fb2ee67/datanode-0/data/ratis/0ee28696-c184-4474-9d28-d1f7f36d7511 was interrupted, exiting. There are 0 tasks remaining in the queue.
2019-07-14 10:44:55,386 INFO  segmented.SegmentedRaftLogWorker (SegmentedRaftLogWorker.java:close(228)) - c7d10479-3d5f-4018-8d1a-d6ec9a3ad4d5-SegmentedRaftLogWorker:Storage Directory /workdir/hadoop-ozone/integration-test/target/test-dir/MiniOzoneClusterImpl-d0d75479-cbfc-4267-8062-a3c34fb2ee67/datanode-0/data/ratis/0ee28696-c184-4474-9d28-d1f7f36d7511 close()
2019-07-14 10:44:55,388 INFO  server.GrpcService (GrpcService.java:closeImpl(155)) - c7d10479-3d5f-4018-8d1a-d6ec9a3ad4d5: shutdown server with port 44214 now
2019-07-14 10:44:55,388 INFO  server.GrpcService (GrpcService.java:closeImpl(163)) - c7d10479-3d5f-4018-8d1a-d6ec9a3ad4d5: shutdown server with port 44214 successfully
2019-07-14 10:44:55,392 INFO  utils.BackgroundService (BackgroundService.java:shutdown(148)) - Shutting down service BlockDeletingService
2019-07-14 10:44:55,394 WARN  fs.CachingGetSpaceUsed (CachingGetSpaceUsed.java:run(183)) - Thread Interrupted waiting to refresh disk information: sleep interrupted
2019-07-14 10:44:55,414 INFO  statemachine.DatanodeStateMachine (DatanodeStateMachine.java:stopDaemon(395)) - Ozone container server stopped.
2019-07-14 10:44:55,415 INFO  statemachine.DatanodeStateMachine (DatanodeStateMachine.java:stopDaemon(395)) - Ozone container server stopped.
2019-07-14 10:44:55,419 INFO  handler.ContextHandler (ContextHandler.java:doStop(910)) - Stopped o.e.j.w.WebAppContext@37e0292a{/,null,UNAVAILABLE}{/hddsDatanode}
2019-07-14 10:44:55,420 INFO  handler.ContextHandler (ContextHandler.java:doStop(910)) - Stopped o.e.j.w.WebAppContext@418f0534{/,null,UNAVAILABLE}{/hddsDatanode}
2019-07-14 10:44:55,420 INFO  server.AbstractConnector (AbstractConnector.java:doStop(318)) - Stopped ServerConnector@4af70944{HTTP/1.1,[http/1.1]}{0.0.0.0:0}
2019-07-14 10:44:55,422 INFO  handler.ContextHandler (ContextHandler.java:doStop(910)) - Stopped o.e.j.s.ServletContextHandler@7915bca3{/static,jar:file:/home/user/.m2/repository/org/apache/hadoop/hadoop-hdds-container-service/0.5.0-SNAPSHOT/hadoop-hdds-container-service-0.5.0-SNAPSHOT.jar!/webapps/static,UNAVAILABLE}
2019-07-14 10:44:55,422 INFO  server.AbstractConnector (AbstractConnector.java:doStop(318)) - Stopped ServerConnector@3dfd7eaa{HTTP/1.1,[http/1.1]}{0.0.0.0:0}
2019-07-14 10:44:55,423 INFO  handler.ContextHandler (ContextHandler.java:doStop(910)) - Stopped o.e.j.s.ServletContextHandler@36cc9385{/logs,file:///workdir/hadoop-ozone/integration-test/target/log,UNAVAILABLE}
2019-07-14 10:44:55,423 INFO  handler.ContextHandler (ContextHandler.java:doStop(910)) - Stopped o.e.j.s.ServletContextHandler@782fd504{/static,jar:file:/home/user/.m2/repository/org/apache/hadoop/hadoop-hdds-container-service/0.5.0-SNAPSHOT/hadoop-hdds-container-service-0.5.0-SNAPSHOT.jar!/webapps/static,UNAVAILABLE}
2019-07-14 10:44:55,424 INFO  handler.ContextHandler (ContextHandler.java:doStop(910)) - Stopped o.e.j.s.ServletContextHandler@6568f998{/logs,file:///workdir/hadoop-ozone/integration-test/target/log,UNAVAILABLE}
2019-07-14 10:44:55,425 INFO  datanode.ObjectStoreHandler (ObjectStoreHandler.java:close(155)) - Closing ObjectStoreHandler.
2019-07-14 10:44:55,425 INFO  ozone.HddsDatanodeService (HddsDatanodeService.java:stop(452)) - Stopped plug-in org.apache.hadoop.ozone.web.OzoneHddsDatanodeService@16f15ae9
2019-07-14 10:44:55,944 INFO  statemachine.DatanodeStateMachine (DatanodeStateMachine.java:lambda$startDaemon$0(350)) - Ozone container server started.
2019-07-14 10:44:57,533 WARN  server.GrpcLogAppender (LogUtils.java:warn(134)) - 06ba8222-4d2c-4c23-8038-17270b72c5f0->ccbd68d9-77a2-4857-9d3b-9ab097a27f9f: Failed appendEntries: org.apache.ratis.thirdparty.io.grpc.StatusRuntimeException: UNAVAILABLE: io exception
2019-07-14 10:44:57,535 INFO  impl.FollowerInfo (FollowerInfo.java:lambda$new$0(50)) - 06ba8222-4d2c-4c23-8038-17270b72c5f0->ccbd68d9-77a2-4857-9d3b-9ab097a27f9f: nextIndex: updateUnconditionally 2 -> 1
2019-07-14 10:44:57,546 WARN  server.GrpcLogAppender (LogUtils.java:warn(134)) - 06ba8222-4d2c-4c23-8038-17270b72c5f0->1cecd33d-bb15-4021-8928-f4e4bf07f303: Failed appendEntries: org.apache.ratis.thirdparty.io.grpc.StatusRuntimeException: UNAVAILABLE: io exception
2019-07-14 10:44:57,547 INFO  impl.FollowerInfo (FollowerInfo.java:lambda$new$0(50)) - 06ba8222-4d2c-4c23-8038-17270b72c5f0->1cecd33d-bb15-4021-8928-f4e4bf07f303: nextIndex: updateUnconditionally 4 -> 3
2019-07-14 10:45:00,036 WARN  server.GrpcLogAppender (LogUtils.java:warn(134)) - 06ba8222-4d2c-4c23-8038-17270b72c5f0->ccbd68d9-77a2-4857-9d3b-9ab097a27f9f: Failed appendEntries: org.apache.ratis.thirdparty.io.grpc.StatusRuntimeException: UNAVAILABLE: io exception
2019-07-14 10:45:00,038 INFO  impl.FollowerInfo (FollowerInfo.java:lambda$new$0(50)) - 06ba8222-4d2c-4c23-8038-17270b72c5f0->ccbd68d9-77a2-4857-9d3b-9ab097a27f9f: nextIndex: updateUnconditionally 1 -> 0
2019-07-14 10:45:00,047 WARN  server.GrpcLogAppender (LogUtils.java:warn(134)) - 06ba8222-4d2c-4c23-8038-17270b72c5f0->1cecd33d-bb15-4021-8928-f4e4bf07f303: Failed appendEntries: org.apache.ratis.thirdparty.io.grpc.StatusRuntimeException: UNAVAILABLE: io exception
2019-07-14 10:45:00,048 INFO  impl.FollowerInfo (FollowerInfo.java:lambda$new$0(50)) - 06ba8222-4d2c-4c23-8038-17270b72c5f0->1cecd33d-bb15-4021-8928-f4e4bf07f303: nextIndex: updateUnconditionally 3 -> 2
2019-07-14 10:45:00,426 INFO  ozoneimpl.OzoneContainer (OzoneContainer.java:stop(199)) - Attempting to stop container services.
2019-07-14 10:45:00,427 INFO  impl.RaftServerProxy (RaftServerProxy.java:lambda$close$4(314)) - 06ba8222-4d2c-4c23-8038-17270b72c5f0: close
2019-07-14 10:45:00,427 INFO  impl.RaftServerImpl (RaftServerImpl.java:lambda$shutdown$3(245)) - 06ba8222-4d2c-4c23-8038-17270b72c5f0: shutdown group-2CC995457397
2019-07-14 10:45:00,427 INFO  util.JmxRegister (JmxRegister.java:unregister(73)) - Successfully un-registered JMX Bean with object name Ratis:service=RaftServer,group=group-2CC995457397,id=06ba8222-4d2c-4c23-8038-17270b72c5f0
2019-07-14 10:45:00,428 INFO  impl.RoleInfo (RoleInfo.java:shutdownLeaderState(104)) - 06ba8222-4d2c-4c23-8038-17270b72c5f0: shutdown LeaderState
2019-07-14 10:45:00,430 WARN  server.GrpcLogAppender (GrpcLogAppender.java:mayWait(143)) - GrpcLogAppender(06ba8222-4d2c-4c23-8038-17270b72c5f0->ccbd68d9-77a2-4857-9d3b-9ab097a27f9f): Wait interrupted by java.lang.InterruptedException
2019-07-14 10:45:00,430 WARN  server.GrpcLogAppender (GrpcLogAppender.java:mayWait(143)) - GrpcLogAppender(06ba8222-4d2c-4c23-8038-17270b72c5f0->1cecd33d-bb15-4021-8928-f4e4bf07f303): Wait interrupted by java.lang.InterruptedException
2019-07-14 10:45:00,430 INFO  impl.PendingRequests (PendingRequests.java:sendNotLeaderResponses(202)) - 06ba8222-4d2c-4c23-8038-17270b72c5f0-PendingRequests: sendNotLeaderResponses
2019-07-14 10:45:00,433 INFO  impl.StateMachineUpdater (StateMachineUpdater.java:stopAndJoin(115)) - StateMachineUpdater:06ba8222-4d2c-4c23-8038-17270b72c5f0:group-2CC995457397: set stopIndex = 4
2019-07-14 10:45:00,433 INFO  ratis.ContainerStateMachine (ContainerStateMachine.java:takeSnapshot(249)) - group-2CC995457397: Taking a snapshot at:(t:1, i:4) file /workdir/hadoop-ozone/integration-test/target/test-dir/MiniOzoneClusterImpl-d0d75479-cbfc-4267-8062-a3c34fb2ee67/datanode-5/data/ratis/c97615c0-0df4-4caa-81c4-2cc995457397/sm/snapshot.1_4
2019-07-14 10:45:00,438 INFO  ratis.ContainerStateMachine (ContainerStateMachine.java:takeSnapshot(257)) - group-2CC995457397: Finished taking a snapshot at:(t:1, i:4) file:/workdir/hadoop-ozone/integration-test/target/test-dir/MiniOzoneClusterImpl-d0d75479-cbfc-4267-8062-a3c34fb2ee67/datanode-5/data/ratis/c97615c0-0df4-4caa-81c4-2cc995457397/sm/snapshot.1_4 time:4
2019-07-14 10:45:00,438 INFO  impl.StateMachineUpdater (StateMachineUpdater.java:takeSnapshot(242)) - StateMachineUpdater:06ba8222-4d2c-4c23-8038-17270b72c5f0:group-2CC995457397: Took a snapshot at index 4
2019-07-14 10:45:00,438 INFO  impl.StateMachineUpdater (StateMachineUpdater.java:lambda$new$0(80)) - StateMachineUpdater:06ba8222-4d2c-4c23-8038-17270b72c5f0:group-2CC995457397: snapshotIndex: updateIncreasingly -1 -> 4
2019-07-14 10:45:00,438 INFO  impl.RaftServerImpl (ServerState.java:close(394)) - 06ba8222-4d2c-4c23-8038-17270b72c5f0:group-2CC995457397 closes. The last applied log index is 4
2019-07-14 10:45:00,439 INFO  segmented.SegmentedRaftLogWorker (SegmentedRaftLogWorker.java:run(313)) - 06ba8222-4d2c-4c23-8038-17270b72c5f0-SegmentedRaftLogWorker:Storage Directory /workdir/hadoop-ozone/integration-test/target/test-dir/MiniOzoneClusterImpl-d0d75479-cbfc-4267-8062-a3c34fb2ee67/datanode-5/data/ratis/c97615c0-0df4-4caa-81c4-2cc995457397 was interrupted, exiting. There are 0 tasks remaining in the queue.
2019-07-14 10:45:00,439 INFO  segmented.SegmentedRaftLogWorker (SegmentedRaftLogWorker.java:close(228)) - 06ba8222-4d2c-4c23-8038-17270b72c5f0-SegmentedRaftLogWorker:Storage Directory /workdir/hadoop-ozone/integration-test/target/test-dir/MiniOzoneClusterImpl-d0d75479-cbfc-4267-8062-a3c34fb2ee67/datanode-5/data/ratis/c97615c0-0df4-4caa-81c4-2cc995457397 close()
2019-07-14 10:45:00,441 INFO  impl.RaftServerImpl (RaftServerImpl.java:lambda$shutdown$3(245)) - 06ba8222-4d2c-4c23-8038-17270b72c5f0: shutdown group-5145B67B1D0F
2019-07-14 10:45:00,441 INFO  util.JmxRegister (JmxRegister.java:unregister(73)) - Successfully un-registered JMX Bean with object name Ratis:service=RaftServer,group=group-5145B67B1D0F,id=06ba8222-4d2c-4c23-8038-17270b72c5f0
2019-07-14 10:45:00,441 INFO  impl.RoleInfo (RoleInfo.java:shutdownLeaderState(104)) - 06ba8222-4d2c-4c23-8038-17270b72c5f0: shutdown LeaderState
2019-07-14 10:45:00,442 INFO  impl.PendingRequests (PendingRequests.java:sendNotLeaderResponses(202)) - 06ba8222-4d2c-4c23-8038-17270b72c5f0-PendingRequests: sendNotLeaderResponses
2019-07-14 10:45:00,442 INFO  impl.StateMachineUpdater (StateMachineUpdater.java:stopAndJoin(115)) - StateMachineUpdater:06ba8222-4d2c-4c23-8038-17270b72c5f0:group-5145B67B1D0F: set stopIndex = 0
2019-07-14 10:45:00,442 INFO  impl.RaftServerImpl (ServerState.java:close(394)) - 06ba8222-4d2c-4c23-8038-17270b72c5f0:group-5145B67B1D0F closes. The last applied log index is 0
2019-07-14 10:45:00,443 INFO  segmented.SegmentedRaftLogWorker (SegmentedRaftLogWorker.java:run(313)) - 06ba8222-4d2c-4c23-8038-17270b72c5f0-SegmentedRaftLogWorker:Storage Directory /workdir/hadoop-ozone/integration-test/target/test-dir/MiniOzoneClusterImpl-d0d75479-cbfc-4267-8062-a3c34fb2ee67/datanode-5/data/ratis/789da449-40a7-4839-b705-5145b67b1d0f was interrupted, exiting. There are 0 tasks remaining in the queue.
2019-07-14 10:45:00,443 INFO  segmented.SegmentedRaftLogWorker (SegmentedRaftLogWorker.java:close(228)) - 06ba8222-4d2c-4c23-8038-17270b72c5f0-SegmentedRaftLogWorker:Storage Directory /workdir/hadoop-ozone/integration-test/target/test-dir/MiniOzoneClusterImpl-d0d75479-cbfc-4267-8062-a3c34fb2ee67/datanode-5/data/ratis/789da449-40a7-4839-b705-5145b67b1d0f close()
2019-07-14 10:45:00,444 INFO  server.GrpcService (GrpcService.java:closeImpl(155)) - 06ba8222-4d2c-4c23-8038-17270b72c5f0: shutdown server with port 42209 now
2019-07-14 10:45:00,446 INFO  server.GrpcService (GrpcService.java:closeImpl(163)) - 06ba8222-4d2c-4c23-8038-17270b72c5f0: shutdown server with port 42209 successfully
2019-07-14 10:45:00,447 INFO  utils.BackgroundService (BackgroundService.java:shutdown(148)) - Shutting down service BlockDeletingService
2019-07-14 10:45:00,450 WARN  fs.CachingGetSpaceUsed (CachingGetSpaceUsed.java:run(183)) - Thread Interrupted waiting to refresh disk information: sleep interrupted
2019-07-14 10:45:00,470 INFO  statemachine.DatanodeStateMachine (DatanodeStateMachine.java:stopDaemon(395)) - Ozone container server stopped.
2019-07-14 10:45:00,474 INFO  handler.ContextHandler (ContextHandler.java:doStop(910)) - Stopped o.e.j.w.WebAppContext@561f9d92{/,null,UNAVAILABLE}{/hddsDatanode}
2019-07-14 10:45:00,475 INFO  server.AbstractConnector (AbstractConnector.java:doStop(318)) - Stopped ServerConnector@1c84d80a{HTTP/1.1,[http/1.1]}{0.0.0.0:0}
2019-07-14 10:45:00,476 INFO  handler.ContextHandler (ContextHandler.java:doStop(910)) - Stopped o.e.j.s.ServletContextHandler@2d4a3e13{/static,jar:file:/home/user/.m2/repository/org/apache/hadoop/hadoop-hdds-container-service/0.5.0-SNAPSHOT/hadoop-hdds-container-service-0.5.0-SNAPSHOT.jar!/webapps/static,UNAVAILABLE}
2019-07-14 10:45:00,477 INFO  handler.ContextHandler (ContextHandler.java:doStop(910)) - Stopped o.e.j.s.ServletContextHandler@6885ed19{/logs,file:///workdir/hadoop-ozone/integration-test/target/log,UNAVAILABLE}
2019-07-14 10:45:00,479 INFO  ozone.MiniOzoneClusterImpl (MiniOzoneClusterImpl.java:stop(353)) - Stopping the StorageContainerManager
2019-07-14 10:45:00,479 INFO  server.StorageContainerManager (StorageContainerManager.java:stop(796)) - Stopping Replication Manager Service.
2019-07-14 10:45:00,480 INFO  container.ReplicationManager (ReplicationManager.java:stop(187)) - Stopping Replication Monitor Thread.
2019-07-14 10:45:00,480 INFO  server.StorageContainerManager (StorageContainerManager.java:stop(803)) - Stopping Lease Manager of the command watchers
2019-07-14 10:45:00,480 INFO  server.StorageContainerManager (StorageContainerManager.java:stop(810)) - Stopping datanode service RPC server
2019-07-14 10:45:00,480 INFO  server.SCMDatanodeProtocolServer (SCMDatanodeProtocolServer.java:stop(375)) - Stopping the RPC server for DataNodes
2019-07-14 10:45:00,481 INFO  ipc.Server (Server.java:stop(3082)) - Stopping server on 44199
2019-07-14 10:45:00,483 INFO  ipc.Server (Server.java:run(1185)) - Stopping IPC Server listener on 44199
2019-07-14 10:45:00,484 INFO  ipc.Server (Server.java:run(1319)) - Stopping IPC Server Responder
2019-07-14 10:45:00,550 WARN  node.NodeStateManager (NodeStateManager.java:scheduleNextHealthCheck(631)) - Current Thread is interrupted, shutting down HB processing thread for Node Manager.
2019-07-14 10:45:00,550 INFO  server.StorageContainerManager (StorageContainerManager.java:stop(818)) - Stopping block service RPC server
2019-07-14 10:45:00,550 INFO  server.SCMBlockProtocolServer (SCMBlockProtocolServer.java:stop(148)) - Stopping the RPC server for Block Protocol
2019-07-14 10:45:00,551 INFO  ipc.Server (Server.java:stop(3082)) - Stopping server on 37109
2019-07-14 10:45:00,552 INFO  ipc.Server (Server.java:run(1185)) - Stopping IPC Server listener on 37109
2019-07-14 10:45:00,552 INFO  server.StorageContainerManager (StorageContainerManager.java:stop(825)) - Stopping the StorageContainerLocationProtocol RPC server
2019-07-14 10:45:00,553 INFO  ipc.Server (Server.java:run(1319)) - Stopping IPC Server Responder
2019-07-14 10:45:00,553 INFO  server.SCMClientProtocolServer (SCMClientProtocolServer.java:stop(157)) - Stopping the RPC server for Client Protocol
2019-07-14 10:45:00,553 INFO  ipc.Server (Server.java:stop(3082)) - Stopping server on 37931
2019-07-14 10:45:00,555 INFO  ipc.Server (Server.java:run(1185)) - Stopping IPC Server listener on 37931
2019-07-14 10:45:00,555 INFO  server.StorageContainerManager (StorageContainerManager.java:stop(832)) - Stopping Storage Container Manager HTTP server.
2019-07-14 10:45:00,557 INFO  ipc.Server (Server.java:run(1319)) - Stopping IPC Server Responder
2019-07-14 10:45:00,557 INFO  handler.ContextHandler (ContextHandler.java:doStop(910)) - Stopped o.e.j.w.WebAppContext@6fff253c{/,null,UNAVAILABLE}{/scm}
2019-07-14 10:45:00,558 INFO  server.AbstractConnector (AbstractConnector.java:doStop(318)) - Stopped ServerConnector@7c041b41{HTTP/1.1,[http/1.1]}{0.0.0.0:0}
2019-07-14 10:45:00,559 INFO  handler.ContextHandler (ContextHandler.java:doStop(910)) - Stopped o.e.j.s.ServletContextHandler@4dd02341{/static,file:///workdir/hadoop-ozone/integration-test/target/test-classes/webapps/static,UNAVAILABLE}
2019-07-14 10:45:00,559 INFO  handler.ContextHandler (ContextHandler.java:doStop(910)) - Stopped o.e.j.s.ServletContextHandler@635572a7{/logs,file:///workdir/hadoop-ozone/integration-test/target/log,UNAVAILABLE}
2019-07-14 10:45:00,561 INFO  server.StorageContainerManager (StorageContainerManager.java:stop(843)) - Stopping Block Manager Service.
2019-07-14 10:45:00,562 INFO  utils.BackgroundService (BackgroundService.java:shutdown(148)) - Shutting down service SCMBlockDeletingService
2019-07-14 10:45:00,563 INFO  utils.BackgroundService (BackgroundService.java:shutdown(148)) - Shutting down service SCMBlockDeletingService
2019-07-14 10:45:00,563 INFO  server.StorageContainerManager (StorageContainerManager.java:stop(865)) - Stopping SCM Event Queue.
2019-07-14 10:45:00,571 INFO  impl.MetricsSystemImpl (MetricsSystemImpl.java:stop(210)) - Stopping HddsDatanode metrics system...
2019-07-14 10:45:00,580 INFO  impl.MetricsSystemImpl (MetricsSystemImpl.java:stop(216)) - HddsDatanode metrics system stopped.
]]></system-out>
    <system-err><![CDATA[ERROR StatusLogger No Log4j 2 configuration file found. Using default configuration (logging only errors to the console), or user programmatically provided configurations. Set system property 'log4j2.debug' to show Log4j 2 internal initialization logging. See https://logging.apache.org/log4j/2.x/manual/configuration.html for instructions on how to configure Log4j 2
Jul 14, 2019 10:44:19 AM com.sun.jersey.server.impl.application.WebApplicationImpl _initiate
INFO: Initiating Jersey application, version 'Jersey: 1.19 02/11/2015 03:25 AM'
Jul 14, 2019 10:44:20 AM com.sun.jersey.server.impl.application.WebApplicationImpl _initiate
INFO: Initiating Jersey application, version 'Jersey: 1.19 02/11/2015 03:25 AM'
Jul 14, 2019 10:44:21 AM com.sun.jersey.server.impl.application.WebApplicationImpl _initiate
INFO: Initiating Jersey application, version 'Jersey: 1.19 02/11/2015 03:25 AM'
Jul 14, 2019 10:44:21 AM com.sun.jersey.server.impl.application.WebApplicationImpl _initiate
INFO: Initiating Jersey application, version 'Jersey: 1.19 02/11/2015 03:25 AM'
Jul 14, 2019 10:44:21 AM com.sun.jersey.server.impl.application.WebApplicationImpl _initiate
INFO: Initiating Jersey application, version 'Jersey: 1.19 02/11/2015 03:25 AM'
Jul 14, 2019 10:44:21 AM com.sun.jersey.server.impl.application.WebApplicationImpl _initiate
INFO: Initiating Jersey application, version 'Jersey: 1.19 02/11/2015 03:25 AM'
Jul 14, 2019 10:44:21 AM com.sun.jersey.server.impl.application.WebApplicationImpl _initiate
INFO: Initiating Jersey application, version 'Jersey: 1.19 02/11/2015 03:25 AM'
]]></system-err>
  </testcase>
  <testcase name="testMaxRetriesByOzoneClient" classname="org.apache.hadoop.ozone.client.rpc.TestOzoneClientRetriesOnException" time="35.325"/>
</testsuite>