<?xml version="1.0" encoding="UTF-8"?>
<testsuite xmlns:xsi="http://www.w3.org/2001/XMLSchema-instance" xsi:noNamespaceSchemaLocation="https://maven.apache.org/surefire/maven-surefire-plugin/xsd/surefire-test-report.xsd" name="org.apache.hadoop.ozone.freon.TestFreonWithPipelineDestroy" time="31.16" tests="1" errors="1" skipped="0" failures="0">
  <properties>
    <property name="awt.toolkit" value="sun.awt.X11.XToolkit"/>
    <property name="file.encoding.pkg" value="sun.io"/>
    <property name="java.specification.version" value="1.8"/>
    <property name="sun.cpu.isalist" value=""/>
    <property name="sun.jnu.encoding" value="UTF-8"/>
    <property name="java.class.path" value="/tmp/workdir/hadoop-ozone/tools/target/test-classes:/tmp/workdir/hadoop-ozone/tools/target/classes:/tmp/workdir/hadoop-ozone/ozone-manager/target/classes:/tmp/workdir/hadoop-hdds/docs/target/classes:/home/user/.m2/repository/org/bouncycastle/bcprov-jdk15on/1.60/bcprov-jdk15on-1.60.jar:/tmp/workdir/hadoop-ozone/common/target/classes:/home/user/.m2/repository/org/apache/commons/commons-compress/1.4.1/commons-compress-1.4.1.jar:/home/user/.m2/repository/org/tukaani/xz/1.0/xz-1.0.jar:/home/user/.m2/repository/org/apache/hadoop/hadoop-hdfs-client/3.2.0/hadoop-hdfs-client-3.2.0.jar:/home/user/.m2/repository/com/fasterxml/jackson/core/jackson-annotations/2.9.5/jackson-annotations-2.9.5.jar:/tmp/workdir/hadoop-hdds/common/target/classes:/tmp/workdir/hadoop-hdds/config/target/classes:/home/user/.m2/repository/javax/annotation/javax.annotation-api/1.2/javax.annotation-api-1.2.jar:/home/user/.m2/repository/org/apache/ratis/ratis-server/0.4.0-2337318-SNAPSHOT/ratis-server-0.4.0-2337318-SNAPSHOT.jar:/home/user/.m2/repository/org/apache/ratis/ratis-thirdparty-misc/0.2.0/ratis-thirdparty-misc-0.2.0.jar:/home/user/.m2/repository/org/apache/ratis/ratis-proto/0.4.0-2337318-SNAPSHOT/ratis-proto-0.4.0-2337318-SNAPSHOT.jar:/home/user/.m2/repository/org/apache/ratis/ratis-common/0.4.0-2337318-SNAPSHOT/ratis-common-0.4.0-2337318-SNAPSHOT.jar:/home/user/.m2/repository/org/apache/ratis/ratis-client/0.4.0-2337318-SNAPSHOT/ratis-client-0.4.0-2337318-SNAPSHOT.jar:/home/user/.m2/repository/org/apache/ratis/ratis-metrics/0.4.0-2337318-SNAPSHOT/ratis-metrics-0.4.0-2337318-SNAPSHOT.jar:/home/user/.m2/repository/org/apache/ratis/ratis-netty/0.4.0-2337318-SNAPSHOT/ratis-netty-0.4.0-2337318-SNAPSHOT.jar:/home/user/.m2/repository/org/apache/ratis/ratis-grpc/0.4.0-2337318-SNAPSHOT/ratis-grpc-0.4.0-2337318-SNAPSHOT.jar:/home/user/.m2/repository/org/rocksdb/rocksdbjni/6.0.1/rocksdbjni-6.0.1.jar:/home/user/.m2/repository/org/apache/logging/log4j/log4j-api/2.11.0/log4j-api-2.11.0.jar:/home/user/.m2/repository/org/apache/logging/log4j/log4j-core/2.11.0/log4j-core-2.11.0.jar:/home/user/.m2/repository/com/lmax/disruptor/3.4.2/disruptor-3.4.2.jar:/home/user/.m2/repository/org/apache/commons/commons-pool2/2.6.0/commons-pool2-2.6.0.jar:/home/user/.m2/repository/org/bouncycastle/bcpkix-jdk15on/1.60/bcpkix-jdk15on-1.60.jar:/home/user/.m2/repository/commons-validator/commons-validator/1.6/commons-validator-1.6.jar:/home/user/.m2/repository/commons-digester/commons-digester/1.8.1/commons-digester-1.8.1.jar:/home/user/.m2/repository/io/jaegertracing/jaeger-client/0.33.1/jaeger-client-0.33.1.jar:/home/user/.m2/repository/io/jaegertracing/jaeger-thrift/0.33.1/jaeger-thrift-0.33.1.jar:/home/user/.m2/repository/org/apache/thrift/libthrift/0.11.0/libthrift-0.11.0.jar:/home/user/.m2/repository/com/squareup/okhttp3/okhttp/3.9.0/okhttp-3.9.0.jar:/home/user/.m2/repository/com/squareup/okio/okio/1.13.0/okio-1.13.0.jar:/home/user/.m2/repository/io/jaegertracing/jaeger-core/0.33.1/jaeger-core-0.33.1.jar:/home/user/.m2/repository/io/jaegertracing/jaeger-tracerresolver/0.33.1/jaeger-tracerresolver-0.33.1.jar:/home/user/.m2/repository/io/opentracing/contrib/opentracing-tracerresolver/0.1.5/opentracing-tracerresolver-0.1.5.jar:/home/user/.m2/repository/io/opentracing/opentracing-util/0.31.0/opentracing-util-0.31.0.jar:/home/user/.m2/repository/io/opentracing/opentracing-api/0.31.0/opentracing-api-0.31.0.jar:/home/user/.m2/repository/io/opentracing/opentracing-noop/0.31.0/opentracing-noop-0.31.0.jar:/home/user/.m2/repository/org/yaml/snakeyaml/1.16/snakeyaml-1.16.jar:/tmp/workdir/hadoop-hdds/container-service/target/classes:/tmp/workdir/hadoop-hdds/client/target/classes:/tmp/workdir/hadoop-hdds/tools/target/classes:/home/user/.m2/repository/org/xerial/sqlite-jdbc/3.25.2/sqlite-jdbc-3.25.2.jar:/tmp/workdir/hadoop-hdds/server-scm/target/classes:/home/user/.m2/repository/org/hamcrest/hamcrest-all/1.3/hamcrest-all-1.3.jar:/home/user/.m2/repository/info/picocli/picocli/3.9.6/picocli-3.9.6.jar:/home/user/.m2/repository/com/google/protobuf/protobuf-java/2.5.0/protobuf-java-2.5.0.jar:/home/user/.m2/repository/com/google/guava/guava/11.0.2/guava-11.0.2.jar:/tmp/workdir/hadoop-ozone/client/target/classes:/home/user/.m2/repository/org/apache/hadoop/hadoop-ozone-filesystem/0.5.0-SNAPSHOT/hadoop-ozone-filesystem-0.5.0-SNAPSHOT.jar:/tmp/workdir/hadoop-hdds/framework/target/classes:/home/user/.m2/repository/org/apache/hadoop/hadoop-common/3.2.0/hadoop-common-3.2.0.jar:/home/user/.m2/repository/org/apache/hadoop/hadoop-annotations/3.2.0/hadoop-annotations-3.2.0.jar:/usr/lib/jvm/java-1.8-openjdk/jre/../lib/tools.jar:/home/user/.m2/repository/commons-cli/commons-cli/1.2/commons-cli-1.2.jar:/home/user/.m2/repository/org/apache/commons/commons-math3/3.1.1/commons-math3-3.1.1.jar:/home/user/.m2/repository/org/apache/httpcomponents/httpclient/4.5.2/httpclient-4.5.2.jar:/home/user/.m2/repository/org/apache/httpcomponents/httpcore/4.4.4/httpcore-4.4.4.jar:/home/user/.m2/repository/commons-codec/commons-codec/1.11/commons-codec-1.11.jar:/home/user/.m2/repository/commons-io/commons-io/2.5/commons-io-2.5.jar:/home/user/.m2/repository/commons-net/commons-net/3.6/commons-net-3.6.jar:/home/user/.m2/repository/commons-collections/commons-collections/3.2.2/commons-collections-3.2.2.jar:/home/user/.m2/repository/javax/servlet/javax.servlet-api/3.1.0/javax.servlet-api-3.1.0.jar:/home/user/.m2/repository/org/eclipse/jetty/jetty-server/9.3.24.v20180605/jetty-server-9.3.24.v20180605.jar:/home/user/.m2/repository/org/eclipse/jetty/jetty-http/9.3.24.v20180605/jetty-http-9.3.24.v20180605.jar:/home/user/.m2/repository/org/eclipse/jetty/jetty-io/9.3.24.v20180605/jetty-io-9.3.24.v20180605.jar:/home/user/.m2/repository/org/eclipse/jetty/jetty-util/9.3.24.v20180605/jetty-util-9.3.24.v20180605.jar:/home/user/.m2/repository/org/eclipse/jetty/jetty-servlet/9.3.24.v20180605/jetty-servlet-9.3.24.v20180605.jar:/home/user/.m2/repository/org/eclipse/jetty/jetty-security/9.3.24.v20180605/jetty-security-9.3.24.v20180605.jar:/home/user/.m2/repository/org/eclipse/jetty/jetty-webapp/9.3.24.v20180605/jetty-webapp-9.3.24.v20180605.jar:/home/user/.m2/repository/org/eclipse/jetty/jetty-xml/9.3.24.v20180605/jetty-xml-9.3.24.v20180605.jar:/home/user/.m2/repository/javax/servlet/jsp/jsp-api/2.1/jsp-api-2.1.jar:/home/user/.m2/repository/com/sun/jersey/jersey-core/1.19/jersey-core-1.19.jar:/home/user/.m2/repository/javax/ws/rs/jsr311-api/1.1.1/jsr311-api-1.1.1.jar:/home/user/.m2/repository/com/sun/jersey/jersey-servlet/1.19/jersey-servlet-1.19.jar:/home/user/.m2/repository/com/sun/jersey/jersey-json/1.19/jersey-json-1.19.jar:/home/user/.m2/repository/org/codehaus/jettison/jettison/1.1/jettison-1.1.jar:/home/user/.m2/repository/com/sun/xml/bind/jaxb-impl/2.3.0.1/jaxb-impl-2.3.0.1.jar:/home/user/.m2/repository/org/codehaus/jackson/jackson-core-asl/1.9.13/jackson-core-asl-1.9.13.jar:/home/user/.m2/repository/org/codehaus/jackson/jackson-mapper-asl/1.9.13/jackson-mapper-asl-1.9.13.jar:/home/user/.m2/repository/org/codehaus/jackson/jackson-jaxrs/1.9.13/jackson-jaxrs-1.9.13.jar:/home/user/.m2/repository/org/codehaus/jackson/jackson-xc/1.9.13/jackson-xc-1.9.13.jar:/home/user/.m2/repository/com/sun/jersey/jersey-server/1.19/jersey-server-1.19.jar:/home/user/.m2/repository/commons-logging/commons-logging/1.1.3/commons-logging-1.1.3.jar:/home/user/.m2/repository/log4j/log4j/1.2.17/log4j-1.2.17.jar:/home/user/.m2/repository/commons-beanutils/commons-beanutils/1.9.3/commons-beanutils-1.9.3.jar:/home/user/.m2/repository/org/apache/commons/commons-configuration2/2.1.1/commons-configuration2-2.1.1.jar:/home/user/.m2/repository/org/apache/commons/commons-lang3/3.7/commons-lang3-3.7.jar:/home/user/.m2/repository/org/apache/commons/commons-text/1.4/commons-text-1.4.jar:/home/user/.m2/repository/org/slf4j/slf4j-api/1.7.25/slf4j-api-1.7.25.jar:/home/user/.m2/repository/org/slf4j/slf4j-log4j12/1.7.25/slf4j-log4j12-1.7.25.jar:/home/user/.m2/repository/org/apache/avro/avro/1.7.7/avro-1.7.7.jar:/home/user/.m2/repository/com/thoughtworks/paranamer/paranamer/2.3/paranamer-2.3.jar:/home/user/.m2/repository/org/xerial/snappy/snappy-java/1.0.5/snappy-java-1.0.5.jar:/home/user/.m2/repository/com/google/re2j/re2j/1.1/re2j-1.1.jar:/home/user/.m2/repository/com/google/code/gson/gson/2.2.4/gson-2.2.4.jar:/home/user/.m2/repository/org/apache/hadoop/hadoop-auth/3.2.0/hadoop-auth-3.2.0.jar:/home/user/.m2/repository/com/nimbusds/nimbus-jose-jwt/4.41.1/nimbus-jose-jwt-4.41.1.jar:/home/user/.m2/repository/com/github/stephenc/jcip/jcip-annotations/1.0-1/jcip-annotations-1.0-1.jar:/home/user/.m2/repository/net/minidev/json-smart/2.3/json-smart-2.3.jar:/home/user/.m2/repository/net/minidev/accessors-smart/1.2/accessors-smart-1.2.jar:/home/user/.m2/repository/org/apache/curator/curator-framework/2.12.0/curator-framework-2.12.0.jar:/home/user/.m2/repository/com/jcraft/jsch/0.1.54/jsch-0.1.54.jar:/home/user/.m2/repository/org/apache/curator/curator-client/2.12.0/curator-client-2.12.0.jar:/home/user/.m2/repository/org/apache/curator/curator-recipes/2.12.0/curator-recipes-2.12.0.jar:/home/user/.m2/repository/com/google/code/findbugs/jsr305/3.0.0/jsr305-3.0.0.jar:/home/user/.m2/repository/org/apache/htrace/htrace-core4/4.1.0-incubating/htrace-core4-4.1.0-incubating.jar:/home/user/.m2/repository/org/apache/zookeeper/zookeeper/3.4.13/zookeeper-3.4.13.jar:/home/user/.m2/repository/org/apache/yetus/audience-annotations/0.5.0/audience-annotations-0.5.0.jar:/home/user/.m2/repository/org/apache/kerby/kerb-simplekdc/1.0.1/kerb-simplekdc-1.0.1.jar:/home/user/.m2/repository/org/apache/kerby/kerb-client/1.0.1/kerb-client-1.0.1.jar:/home/user/.m2/repository/org/apache/kerby/kerby-config/1.0.1/kerby-config-1.0.1.jar:/home/user/.m2/repository/org/apache/kerby/kerb-core/1.0.1/kerb-core-1.0.1.jar:/home/user/.m2/repository/org/apache/kerby/kerby-pkix/1.0.1/kerby-pkix-1.0.1.jar:/home/user/.m2/repository/org/apache/kerby/kerby-asn1/1.0.1/kerby-asn1-1.0.1.jar:/home/user/.m2/repository/org/apache/kerby/kerby-util/1.0.1/kerby-util-1.0.1.jar:/home/user/.m2/repository/org/apache/kerby/kerb-common/1.0.1/kerb-common-1.0.1.jar:/home/user/.m2/repository/org/apache/kerby/kerb-crypto/1.0.1/kerb-crypto-1.0.1.jar:/home/user/.m2/repository/org/apache/kerby/kerb-util/1.0.1/kerb-util-1.0.1.jar:/home/user/.m2/repository/org/apache/kerby/token-provider/1.0.1/token-provider-1.0.1.jar:/home/user/.m2/repository/org/apache/kerby/kerb-admin/1.0.1/kerb-admin-1.0.1.jar:/home/user/.m2/repository/org/apache/kerby/kerb-server/1.0.1/kerb-server-1.0.1.jar:/home/user/.m2/repository/org/apache/kerby/kerb-identity/1.0.1/kerb-identity-1.0.1.jar:/home/user/.m2/repository/org/apache/kerby/kerby-xdr/1.0.1/kerby-xdr-1.0.1.jar:/home/user/.m2/repository/com/fasterxml/jackson/core/jackson-databind/2.9.5/jackson-databind-2.9.5.jar:/home/user/.m2/repository/com/fasterxml/jackson/core/jackson-core/2.9.5/jackson-core-2.9.5.jar:/home/user/.m2/repository/org/codehaus/woodstox/stax2-api/3.1.4/stax2-api-3.1.4.jar:/home/user/.m2/repository/com/fasterxml/woodstox/woodstox-core/5.0.3/woodstox-core-5.0.3.jar:/home/user/.m2/repository/dnsjava/dnsjava/2.1.7/dnsjava-2.1.7.jar:/home/user/.m2/repository/org/apache/hadoop/hadoop-hdfs/3.2.0/hadoop-hdfs-3.2.0.jar:/home/user/.m2/repository/org/eclipse/jetty/jetty-util-ajax/9.3.24.v20180605/jetty-util-ajax-9.3.24.v20180605.jar:/home/user/.m2/repository/commons-daemon/commons-daemon/1.0.13/commons-daemon-1.0.13.jar:/home/user/.m2/repository/io/netty/netty/3.10.5.Final/netty-3.10.5.Final.jar:/home/user/.m2/repository/io/netty/netty-all/4.0.52.Final/netty-all-4.0.52.Final.jar:/home/user/.m2/repository/org/fusesource/leveldbjni/leveldbjni-all/1.8/leveldbjni-all-1.8.jar:/home/user/.m2/repository/com/sun/xml/bind/jaxb-core/2.3.0.1/jaxb-core-2.3.0.1.jar:/home/user/.m2/repository/javax/xml/bind/jaxb-api/2.3.0/jaxb-api-2.3.0.jar:/home/user/.m2/repository/javax/activation/activation/1.1.1/activation-1.1.1.jar:/home/user/.m2/repository/io/dropwizard/metrics/metrics-core/3.2.4/metrics-core-3.2.4.jar:/home/user/.m2/repository/org/openjdk/jmh/jmh-core/1.19/jmh-core-1.19.jar:/home/user/.m2/repository/net/sf/jopt-simple/jopt-simple/4.6/jopt-simple-4.6.jar:/home/user/.m2/repository/org/openjdk/jmh/jmh-generator-annprocess/1.19/jmh-generator-annprocess-1.19.jar:/home/user/.m2/repository/com/google/code/findbugs/findbugs/3.0.1/findbugs-3.0.1.jar:/home/user/.m2/repository/net/jcip/jcip-annotations/1.0/jcip-annotations-1.0.jar:/home/user/.m2/repository/com/google/code/findbugs/bcel-findbugs/6.0/bcel-findbugs-6.0.jar:/home/user/.m2/repository/com/google/code/findbugs/jFormatString/2.0.1/jFormatString-2.0.1.jar:/home/user/.m2/repository/dom4j/dom4j/1.6.1/dom4j-1.6.1.jar:/home/user/.m2/repository/xml-apis/xml-apis/1.0.b2/xml-apis-1.0.b2.jar:/home/user/.m2/repository/org/ow2/asm/asm-debug-all/5.0.2/asm-debug-all-5.0.2.jar:/home/user/.m2/repository/org/ow2/asm/asm-commons/5.0.2/asm-commons-5.0.2.jar:/home/user/.m2/repository/org/ow2/asm/asm-tree/5.0.2/asm-tree-5.0.2.jar:/home/user/.m2/repository/org/ow2/asm/asm/5.0.4/asm-5.0.4.jar:/home/user/.m2/repository/commons-lang/commons-lang/2.6/commons-lang-2.6.jar:/home/user/.m2/repository/com/apple/AppleJavaExtensions/1.4/AppleJavaExtensions-1.4.jar:/home/user/.m2/repository/jaxen/jaxen/1.1.6/jaxen-1.1.6.jar:/home/user/.m2/repository/junit/junit/4.11/junit-4.11.jar:/home/user/.m2/repository/org/hamcrest/hamcrest-core/1.3/hamcrest-core-1.3.jar:/home/user/.m2/repository/org/apache/hadoop/hadoop-common/3.2.0/hadoop-common-3.2.0-tests.jar:/home/user/.m2/repository/org/apache/hadoop/hadoop-ozone-integration-test/0.5.0-SNAPSHOT/hadoop-ozone-integration-test-0.5.0-SNAPSHOT-tests.jar:/tmp/workdir/hadoop-ozone/objectstore-service/target/classes:/tmp/workdir/hadoop-ozone/s3gateway/target/classes:/home/user/.m2/repository/org/jboss/weld/servlet/weld-servlet/2.4.7.Final/weld-servlet-2.4.7.Final.jar:/home/user/.m2/repository/org/glassfish/jersey/containers/jersey-container-servlet-core/2.27/jersey-container-servlet-core-2.27.jar:/home/user/.m2/repository/org/glassfish/hk2/external/javax.inject/2.5.0-b42/javax.inject-2.5.0-b42.jar:/home/user/.m2/repository/org/glassfish/jersey/core/jersey-common/2.27/jersey-common-2.27.jar:/home/user/.m2/repository/org/glassfish/hk2/osgi-resource-locator/1.0.1/osgi-resource-locator-1.0.1.jar:/home/user/.m2/repository/javax/ws/rs/javax.ws.rs-api/2.1/javax.ws.rs-api-2.1.jar:/home/user/.m2/repository/org/glassfish/jersey/ext/cdi/jersey-cdi1x/2.27/jersey-cdi1x-2.27.jar:/home/user/.m2/repository/org/glassfish/jersey/inject/jersey-hk2/2.27/jersey-hk2-2.27.jar:/home/user/.m2/repository/org/glassfish/hk2/hk2-locator/2.5.0-b42/hk2-locator-2.5.0-b42.jar:/home/user/.m2/repository/org/javassist/javassist/3.22.0-CR2/javassist-3.22.0-CR2.jar:/home/user/.m2/repository/org/glassfish/hk2/hk2-api/2.5.0/hk2-api-2.5.0.jar:/home/user/.m2/repository/org/glassfish/hk2/external/jakarta.inject/2.5.0/jakarta.inject-2.5.0.jar:/home/user/.m2/repository/org/glassfish/hk2/hk2-utils/2.5.0/hk2-utils-2.5.0.jar:/home/user/.m2/repository/jakarta/annotation/jakarta.annotation-api/1.3.4/jakarta.annotation-api-1.3.4.jar:/home/user/.m2/repository/org/glassfish/hk2/external/aopalliance-repackaged/2.5.0/aopalliance-repackaged-2.5.0.jar:/home/user/.m2/repository/com/fasterxml/jackson/dataformat/jackson-dataformat-xml/2.9.0/jackson-dataformat-xml-2.9.0.jar:/home/user/.m2/repository/com/fasterxml/jackson/module/jackson-module-jaxb-annotations/2.9.5/jackson-module-jaxb-annotations-2.9.5.jar:/home/user/.m2/repository/javax/enterprise/cdi-api/1.2/cdi-api-1.2.jar:/home/user/.m2/repository/javax/el/javax.el-api/3.0.0/javax.el-api-3.0.0.jar:/home/user/.m2/repository/javax/interceptor/javax.interceptor-api/1.2/javax.interceptor-api-1.2.jar:/home/user/.m2/repository/javax/inject/javax.inject/1/javax.inject-1.jar:/tmp/workdir/hadoop-ozone/csi/target/classes:/home/user/.m2/repository/com/google/protobuf/protobuf-java-util/3.5.1/protobuf-java-util-3.5.1.jar:/home/user/.m2/repository/io/grpc/grpc-netty/1.17.1/grpc-netty-1.17.1.jar:/home/user/.m2/repository/io/grpc/grpc-core/1.17.1/grpc-core-1.17.1.jar:/home/user/.m2/repository/io/grpc/grpc-context/1.17.1/grpc-context-1.17.1.jar:/home/user/.m2/repository/com/google/errorprone/error_prone_annotations/2.2.0/error_prone_annotations-2.2.0.jar:/home/user/.m2/repository/org/codehaus/mojo/animal-sniffer-annotations/1.17/animal-sniffer-annotations-1.17.jar:/home/user/.m2/repository/io/opencensus/opencensus-api/0.17.0/opencensus-api-0.17.0.jar:/home/user/.m2/repository/io/opencensus/opencensus-contrib-grpc-metrics/0.17.0/opencensus-contrib-grpc-metrics-0.17.0.jar:/home/user/.m2/repository/io/netty/netty-codec-http2/4.1.30.Final/netty-codec-http2-4.1.30.Final.jar:/home/user/.m2/repository/io/netty/netty-codec-http/4.1.30.Final/netty-codec-http-4.1.30.Final.jar:/home/user/.m2/repository/io/netty/netty-codec/4.1.30.Final/netty-codec-4.1.30.Final.jar:/home/user/.m2/repository/io/netty/netty-handler/4.1.30.Final/netty-handler-4.1.30.Final.jar:/home/user/.m2/repository/io/netty/netty-handler-proxy/4.1.30.Final/netty-handler-proxy-4.1.30.Final.jar:/home/user/.m2/repository/io/netty/netty-codec-socks/4.1.30.Final/netty-codec-socks-4.1.30.Final.jar:/home/user/.m2/repository/io/netty/netty-transport-native-epoll/4.1.30.Final/netty-transport-native-epoll-4.1.30.Final.jar:/home/user/.m2/repository/io/netty/netty-common/4.1.30.Final/netty-common-4.1.30.Final.jar:/home/user/.m2/repository/io/netty/netty-buffer/4.1.30.Final/netty-buffer-4.1.30.Final.jar:/home/user/.m2/repository/io/netty/netty-transport/4.1.30.Final/netty-transport-4.1.30.Final.jar:/home/user/.m2/repository/io/netty/netty-resolver/4.1.30.Final/netty-resolver-4.1.30.Final.jar:/home/user/.m2/repository/io/netty/netty-transport-native-unix-common/4.1.30.Final/netty-transport-native-unix-common-4.1.30.Final.jar:/home/user/.m2/repository/io/grpc/grpc-protobuf/1.17.1/grpc-protobuf-1.17.1.jar:/home/user/.m2/repository/com/google/api/grpc/proto-google-common-protos/1.0.0/proto-google-common-protos-1.0.0.jar:/home/user/.m2/repository/io/grpc/grpc-protobuf-lite/1.17.1/grpc-protobuf-lite-1.17.1.jar:/home/user/.m2/repository/io/grpc/grpc-stub/1.17.1/grpc-stub-1.17.1.jar:/tmp/workdir/hadoop-ozone/ozone-recon/target/classes:/tmp/workdir/hadoop-ozone/ozone-recon-codegen/target/classes:/home/user/.m2/repository/com/google/inject/extensions/guice-multibindings/4.0/guice-multibindings-4.0.jar:/home/user/.m2/repository/com/google/inject/guice/4.0/guice-4.0.jar:/home/user/.m2/repository/aopalliance/aopalliance/1.0/aopalliance-1.0.jar:/home/user/.m2/repository/com/google/inject/extensions/guice-servlet/4.0/guice-servlet-4.0.jar:/home/user/.m2/repository/org/glassfish/jersey/containers/jersey-container-servlet/2.27/jersey-container-servlet-2.27.jar:/home/user/.m2/repository/org/glassfish/hk2/guice-bridge/2.5.0/guice-bridge-2.5.0.jar:/home/user/.m2/repository/org/glassfish/jersey/core/jersey-server/2.27/jersey-server-2.27.jar:/home/user/.m2/repository/org/glassfish/jersey/core/jersey-client/2.27/jersey-client-2.27.jar:/home/user/.m2/repository/org/glassfish/jersey/media/jersey-media-jaxb/2.27/jersey-media-jaxb-2.27.jar:/home/user/.m2/repository/javax/validation/validation-api/1.1.0.Final/validation-api-1.1.0.Final.jar:/home/user/.m2/repository/org/glassfish/jersey/media/jersey-media-json-jackson/2.27/jersey-media-json-jackson-2.27.jar:/home/user/.m2/repository/org/glassfish/jersey/ext/jersey-entity-filtering/2.27/jersey-entity-filtering-2.27.jar:/home/user/.m2/repository/com/google/inject/extensions/guice-assistedinject/4.0/guice-assistedinject-4.0.jar:/home/user/.m2/repository/org/jooq/jooq/3.11.10/jooq-3.11.10.jar:/home/user/.m2/repository/org/jooq/jooq-meta/3.11.10/jooq-meta-3.11.10.jar:/home/user/.m2/repository/org/jooq/jooq-codegen/3.11.10/jooq-codegen-3.11.10.jar:/home/user/.m2/repository/com/jolbox/bonecp/0.8.0.RELEASE/bonecp-0.8.0.RELEASE.jar:/home/user/.m2/repository/org/springframework/spring-jdbc/5.1.3.RELEASE/spring-jdbc-5.1.3.RELEASE.jar:/home/user/.m2/repository/org/springframework/spring-beans/5.1.3.RELEASE/spring-beans-5.1.3.RELEASE.jar:/home/user/.m2/repository/org/springframework/spring-core/5.1.3.RELEASE/spring-core-5.1.3.RELEASE.jar:/home/user/.m2/repository/org/springframework/spring-jcl/5.1.3.RELEASE/spring-jcl-5.1.3.RELEASE.jar:/home/user/.m2/repository/org/springframework/spring-tx/5.1.3.RELEASE/spring-tx-5.1.3.RELEASE.jar:/home/user/.m2/repository/org/mockito/mockito-core/2.15.0/mockito-core-2.15.0.jar:/home/user/.m2/repository/net/bytebuddy/byte-buddy/1.7.9/byte-buddy-1.7.9.jar:/home/user/.m2/repository/net/bytebuddy/byte-buddy-agent/1.7.9/byte-buddy-agent-1.7.9.jar:/home/user/.m2/repository/org/objenesis/objenesis/1.0/objenesis-1.0.jar:"/>
    <property name="java.vm.vendor" value="IcedTea"/>
    <property name="sun.arch.data.model" value="64"/>
    <property name="test.build.dir" value="/tmp/workdir/hadoop-ozone/tools/target/test-dir"/>
    <property name="test.cache.data" value=""/>
    <property name="java.vendor.url" value="https://icedtea.classpath.org"/>
    <property name="user.timezone" value=""/>
    <property name="java.vm.specification.version" value="1.8"/>
    <property name="os.name" value="Linux"/>
    <property name="test.build.data" value="/tmp/workdir/hadoop-ozone/tools/target/test-dir"/>
    <property name="user.country" value="US"/>
    <property name="sun.java.launcher" value="SUN_STANDARD"/>
    <property name="sun.boot.library.path" value="/usr/lib/jvm/java-1.8-openjdk/jre/lib/amd64"/>
    <property name="sun.java.command" value="/tmp/workdir/hadoop-ozone/tools/target/surefire/surefirebooter4975144263599000280.jar /tmp/workdir/hadoop-ozone/tools/target/surefire 2019-07-09T19-56-31_621-jvmRun1 surefire9196638406842385739tmp surefire_1012923198851392369219tmp"/>
    <property name="surefire.test.class.path" value="/tmp/workdir/hadoop-ozone/tools/target/test-classes:/tmp/workdir/hadoop-ozone/tools/target/classes:/tmp/workdir/hadoop-ozone/ozone-manager/target/classes:/tmp/workdir/hadoop-hdds/docs/target/classes:/home/user/.m2/repository/org/bouncycastle/bcprov-jdk15on/1.60/bcprov-jdk15on-1.60.jar:/tmp/workdir/hadoop-ozone/common/target/classes:/home/user/.m2/repository/org/apache/commons/commons-compress/1.4.1/commons-compress-1.4.1.jar:/home/user/.m2/repository/org/tukaani/xz/1.0/xz-1.0.jar:/home/user/.m2/repository/org/apache/hadoop/hadoop-hdfs-client/3.2.0/hadoop-hdfs-client-3.2.0.jar:/home/user/.m2/repository/com/fasterxml/jackson/core/jackson-annotations/2.9.5/jackson-annotations-2.9.5.jar:/tmp/workdir/hadoop-hdds/common/target/classes:/tmp/workdir/hadoop-hdds/config/target/classes:/home/user/.m2/repository/javax/annotation/javax.annotation-api/1.2/javax.annotation-api-1.2.jar:/home/user/.m2/repository/org/apache/ratis/ratis-server/0.4.0-2337318-SNAPSHOT/ratis-server-0.4.0-2337318-SNAPSHOT.jar:/home/user/.m2/repository/org/apache/ratis/ratis-thirdparty-misc/0.2.0/ratis-thirdparty-misc-0.2.0.jar:/home/user/.m2/repository/org/apache/ratis/ratis-proto/0.4.0-2337318-SNAPSHOT/ratis-proto-0.4.0-2337318-SNAPSHOT.jar:/home/user/.m2/repository/org/apache/ratis/ratis-common/0.4.0-2337318-SNAPSHOT/ratis-common-0.4.0-2337318-SNAPSHOT.jar:/home/user/.m2/repository/org/apache/ratis/ratis-client/0.4.0-2337318-SNAPSHOT/ratis-client-0.4.0-2337318-SNAPSHOT.jar:/home/user/.m2/repository/org/apache/ratis/ratis-metrics/0.4.0-2337318-SNAPSHOT/ratis-metrics-0.4.0-2337318-SNAPSHOT.jar:/home/user/.m2/repository/org/apache/ratis/ratis-netty/0.4.0-2337318-SNAPSHOT/ratis-netty-0.4.0-2337318-SNAPSHOT.jar:/home/user/.m2/repository/org/apache/ratis/ratis-grpc/0.4.0-2337318-SNAPSHOT/ratis-grpc-0.4.0-2337318-SNAPSHOT.jar:/home/user/.m2/repository/org/rocksdb/rocksdbjni/6.0.1/rocksdbjni-6.0.1.jar:/home/user/.m2/repository/org/apache/logging/log4j/log4j-api/2.11.0/log4j-api-2.11.0.jar:/home/user/.m2/repository/org/apache/logging/log4j/log4j-core/2.11.0/log4j-core-2.11.0.jar:/home/user/.m2/repository/com/lmax/disruptor/3.4.2/disruptor-3.4.2.jar:/home/user/.m2/repository/org/apache/commons/commons-pool2/2.6.0/commons-pool2-2.6.0.jar:/home/user/.m2/repository/org/bouncycastle/bcpkix-jdk15on/1.60/bcpkix-jdk15on-1.60.jar:/home/user/.m2/repository/commons-validator/commons-validator/1.6/commons-validator-1.6.jar:/home/user/.m2/repository/commons-digester/commons-digester/1.8.1/commons-digester-1.8.1.jar:/home/user/.m2/repository/io/jaegertracing/jaeger-client/0.33.1/jaeger-client-0.33.1.jar:/home/user/.m2/repository/io/jaegertracing/jaeger-thrift/0.33.1/jaeger-thrift-0.33.1.jar:/home/user/.m2/repository/org/apache/thrift/libthrift/0.11.0/libthrift-0.11.0.jar:/home/user/.m2/repository/com/squareup/okhttp3/okhttp/3.9.0/okhttp-3.9.0.jar:/home/user/.m2/repository/com/squareup/okio/okio/1.13.0/okio-1.13.0.jar:/home/user/.m2/repository/io/jaegertracing/jaeger-core/0.33.1/jaeger-core-0.33.1.jar:/home/user/.m2/repository/io/jaegertracing/jaeger-tracerresolver/0.33.1/jaeger-tracerresolver-0.33.1.jar:/home/user/.m2/repository/io/opentracing/contrib/opentracing-tracerresolver/0.1.5/opentracing-tracerresolver-0.1.5.jar:/home/user/.m2/repository/io/opentracing/opentracing-util/0.31.0/opentracing-util-0.31.0.jar:/home/user/.m2/repository/io/opentracing/opentracing-api/0.31.0/opentracing-api-0.31.0.jar:/home/user/.m2/repository/io/opentracing/opentracing-noop/0.31.0/opentracing-noop-0.31.0.jar:/home/user/.m2/repository/org/yaml/snakeyaml/1.16/snakeyaml-1.16.jar:/tmp/workdir/hadoop-hdds/container-service/target/classes:/tmp/workdir/hadoop-hdds/client/target/classes:/tmp/workdir/hadoop-hdds/tools/target/classes:/home/user/.m2/repository/org/xerial/sqlite-jdbc/3.25.2/sqlite-jdbc-3.25.2.jar:/tmp/workdir/hadoop-hdds/server-scm/target/classes:/home/user/.m2/repository/org/hamcrest/hamcrest-all/1.3/hamcrest-all-1.3.jar:/home/user/.m2/repository/info/picocli/picocli/3.9.6/picocli-3.9.6.jar:/home/user/.m2/repository/com/google/protobuf/protobuf-java/2.5.0/protobuf-java-2.5.0.jar:/home/user/.m2/repository/com/google/guava/guava/11.0.2/guava-11.0.2.jar:/tmp/workdir/hadoop-ozone/client/target/classes:/home/user/.m2/repository/org/apache/hadoop/hadoop-ozone-filesystem/0.5.0-SNAPSHOT/hadoop-ozone-filesystem-0.5.0-SNAPSHOT.jar:/tmp/workdir/hadoop-hdds/framework/target/classes:/home/user/.m2/repository/org/apache/hadoop/hadoop-common/3.2.0/hadoop-common-3.2.0.jar:/home/user/.m2/repository/org/apache/hadoop/hadoop-annotations/3.2.0/hadoop-annotations-3.2.0.jar:/usr/lib/jvm/java-1.8-openjdk/jre/../lib/tools.jar:/home/user/.m2/repository/commons-cli/commons-cli/1.2/commons-cli-1.2.jar:/home/user/.m2/repository/org/apache/commons/commons-math3/3.1.1/commons-math3-3.1.1.jar:/home/user/.m2/repository/org/apache/httpcomponents/httpclient/4.5.2/httpclient-4.5.2.jar:/home/user/.m2/repository/org/apache/httpcomponents/httpcore/4.4.4/httpcore-4.4.4.jar:/home/user/.m2/repository/commons-codec/commons-codec/1.11/commons-codec-1.11.jar:/home/user/.m2/repository/commons-io/commons-io/2.5/commons-io-2.5.jar:/home/user/.m2/repository/commons-net/commons-net/3.6/commons-net-3.6.jar:/home/user/.m2/repository/commons-collections/commons-collections/3.2.2/commons-collections-3.2.2.jar:/home/user/.m2/repository/javax/servlet/javax.servlet-api/3.1.0/javax.servlet-api-3.1.0.jar:/home/user/.m2/repository/org/eclipse/jetty/jetty-server/9.3.24.v20180605/jetty-server-9.3.24.v20180605.jar:/home/user/.m2/repository/org/eclipse/jetty/jetty-http/9.3.24.v20180605/jetty-http-9.3.24.v20180605.jar:/home/user/.m2/repository/org/eclipse/jetty/jetty-io/9.3.24.v20180605/jetty-io-9.3.24.v20180605.jar:/home/user/.m2/repository/org/eclipse/jetty/jetty-util/9.3.24.v20180605/jetty-util-9.3.24.v20180605.jar:/home/user/.m2/repository/org/eclipse/jetty/jetty-servlet/9.3.24.v20180605/jetty-servlet-9.3.24.v20180605.jar:/home/user/.m2/repository/org/eclipse/jetty/jetty-security/9.3.24.v20180605/jetty-security-9.3.24.v20180605.jar:/home/user/.m2/repository/org/eclipse/jetty/jetty-webapp/9.3.24.v20180605/jetty-webapp-9.3.24.v20180605.jar:/home/user/.m2/repository/org/eclipse/jetty/jetty-xml/9.3.24.v20180605/jetty-xml-9.3.24.v20180605.jar:/home/user/.m2/repository/javax/servlet/jsp/jsp-api/2.1/jsp-api-2.1.jar:/home/user/.m2/repository/com/sun/jersey/jersey-core/1.19/jersey-core-1.19.jar:/home/user/.m2/repository/javax/ws/rs/jsr311-api/1.1.1/jsr311-api-1.1.1.jar:/home/user/.m2/repository/com/sun/jersey/jersey-servlet/1.19/jersey-servlet-1.19.jar:/home/user/.m2/repository/com/sun/jersey/jersey-json/1.19/jersey-json-1.19.jar:/home/user/.m2/repository/org/codehaus/jettison/jettison/1.1/jettison-1.1.jar:/home/user/.m2/repository/com/sun/xml/bind/jaxb-impl/2.3.0.1/jaxb-impl-2.3.0.1.jar:/home/user/.m2/repository/org/codehaus/jackson/jackson-core-asl/1.9.13/jackson-core-asl-1.9.13.jar:/home/user/.m2/repository/org/codehaus/jackson/jackson-mapper-asl/1.9.13/jackson-mapper-asl-1.9.13.jar:/home/user/.m2/repository/org/codehaus/jackson/jackson-jaxrs/1.9.13/jackson-jaxrs-1.9.13.jar:/home/user/.m2/repository/org/codehaus/jackson/jackson-xc/1.9.13/jackson-xc-1.9.13.jar:/home/user/.m2/repository/com/sun/jersey/jersey-server/1.19/jersey-server-1.19.jar:/home/user/.m2/repository/commons-logging/commons-logging/1.1.3/commons-logging-1.1.3.jar:/home/user/.m2/repository/log4j/log4j/1.2.17/log4j-1.2.17.jar:/home/user/.m2/repository/commons-beanutils/commons-beanutils/1.9.3/commons-beanutils-1.9.3.jar:/home/user/.m2/repository/org/apache/commons/commons-configuration2/2.1.1/commons-configuration2-2.1.1.jar:/home/user/.m2/repository/org/apache/commons/commons-lang3/3.7/commons-lang3-3.7.jar:/home/user/.m2/repository/org/apache/commons/commons-text/1.4/commons-text-1.4.jar:/home/user/.m2/repository/org/slf4j/slf4j-api/1.7.25/slf4j-api-1.7.25.jar:/home/user/.m2/repository/org/slf4j/slf4j-log4j12/1.7.25/slf4j-log4j12-1.7.25.jar:/home/user/.m2/repository/org/apache/avro/avro/1.7.7/avro-1.7.7.jar:/home/user/.m2/repository/com/thoughtworks/paranamer/paranamer/2.3/paranamer-2.3.jar:/home/user/.m2/repository/org/xerial/snappy/snappy-java/1.0.5/snappy-java-1.0.5.jar:/home/user/.m2/repository/com/google/re2j/re2j/1.1/re2j-1.1.jar:/home/user/.m2/repository/com/google/code/gson/gson/2.2.4/gson-2.2.4.jar:/home/user/.m2/repository/org/apache/hadoop/hadoop-auth/3.2.0/hadoop-auth-3.2.0.jar:/home/user/.m2/repository/com/nimbusds/nimbus-jose-jwt/4.41.1/nimbus-jose-jwt-4.41.1.jar:/home/user/.m2/repository/com/github/stephenc/jcip/jcip-annotations/1.0-1/jcip-annotations-1.0-1.jar:/home/user/.m2/repository/net/minidev/json-smart/2.3/json-smart-2.3.jar:/home/user/.m2/repository/net/minidev/accessors-smart/1.2/accessors-smart-1.2.jar:/home/user/.m2/repository/org/apache/curator/curator-framework/2.12.0/curator-framework-2.12.0.jar:/home/user/.m2/repository/com/jcraft/jsch/0.1.54/jsch-0.1.54.jar:/home/user/.m2/repository/org/apache/curator/curator-client/2.12.0/curator-client-2.12.0.jar:/home/user/.m2/repository/org/apache/curator/curator-recipes/2.12.0/curator-recipes-2.12.0.jar:/home/user/.m2/repository/com/google/code/findbugs/jsr305/3.0.0/jsr305-3.0.0.jar:/home/user/.m2/repository/org/apache/htrace/htrace-core4/4.1.0-incubating/htrace-core4-4.1.0-incubating.jar:/home/user/.m2/repository/org/apache/zookeeper/zookeeper/3.4.13/zookeeper-3.4.13.jar:/home/user/.m2/repository/org/apache/yetus/audience-annotations/0.5.0/audience-annotations-0.5.0.jar:/home/user/.m2/repository/org/apache/kerby/kerb-simplekdc/1.0.1/kerb-simplekdc-1.0.1.jar:/home/user/.m2/repository/org/apache/kerby/kerb-client/1.0.1/kerb-client-1.0.1.jar:/home/user/.m2/repository/org/apache/kerby/kerby-config/1.0.1/kerby-config-1.0.1.jar:/home/user/.m2/repository/org/apache/kerby/kerb-core/1.0.1/kerb-core-1.0.1.jar:/home/user/.m2/repository/org/apache/kerby/kerby-pkix/1.0.1/kerby-pkix-1.0.1.jar:/home/user/.m2/repository/org/apache/kerby/kerby-asn1/1.0.1/kerby-asn1-1.0.1.jar:/home/user/.m2/repository/org/apache/kerby/kerby-util/1.0.1/kerby-util-1.0.1.jar:/home/user/.m2/repository/org/apache/kerby/kerb-common/1.0.1/kerb-common-1.0.1.jar:/home/user/.m2/repository/org/apache/kerby/kerb-crypto/1.0.1/kerb-crypto-1.0.1.jar:/home/user/.m2/repository/org/apache/kerby/kerb-util/1.0.1/kerb-util-1.0.1.jar:/home/user/.m2/repository/org/apache/kerby/token-provider/1.0.1/token-provider-1.0.1.jar:/home/user/.m2/repository/org/apache/kerby/kerb-admin/1.0.1/kerb-admin-1.0.1.jar:/home/user/.m2/repository/org/apache/kerby/kerb-server/1.0.1/kerb-server-1.0.1.jar:/home/user/.m2/repository/org/apache/kerby/kerb-identity/1.0.1/kerb-identity-1.0.1.jar:/home/user/.m2/repository/org/apache/kerby/kerby-xdr/1.0.1/kerby-xdr-1.0.1.jar:/home/user/.m2/repository/com/fasterxml/jackson/core/jackson-databind/2.9.5/jackson-databind-2.9.5.jar:/home/user/.m2/repository/com/fasterxml/jackson/core/jackson-core/2.9.5/jackson-core-2.9.5.jar:/home/user/.m2/repository/org/codehaus/woodstox/stax2-api/3.1.4/stax2-api-3.1.4.jar:/home/user/.m2/repository/com/fasterxml/woodstox/woodstox-core/5.0.3/woodstox-core-5.0.3.jar:/home/user/.m2/repository/dnsjava/dnsjava/2.1.7/dnsjava-2.1.7.jar:/home/user/.m2/repository/org/apache/hadoop/hadoop-hdfs/3.2.0/hadoop-hdfs-3.2.0.jar:/home/user/.m2/repository/org/eclipse/jetty/jetty-util-ajax/9.3.24.v20180605/jetty-util-ajax-9.3.24.v20180605.jar:/home/user/.m2/repository/commons-daemon/commons-daemon/1.0.13/commons-daemon-1.0.13.jar:/home/user/.m2/repository/io/netty/netty/3.10.5.Final/netty-3.10.5.Final.jar:/home/user/.m2/repository/io/netty/netty-all/4.0.52.Final/netty-all-4.0.52.Final.jar:/home/user/.m2/repository/org/fusesource/leveldbjni/leveldbjni-all/1.8/leveldbjni-all-1.8.jar:/home/user/.m2/repository/com/sun/xml/bind/jaxb-core/2.3.0.1/jaxb-core-2.3.0.1.jar:/home/user/.m2/repository/javax/xml/bind/jaxb-api/2.3.0/jaxb-api-2.3.0.jar:/home/user/.m2/repository/javax/activation/activation/1.1.1/activation-1.1.1.jar:/home/user/.m2/repository/io/dropwizard/metrics/metrics-core/3.2.4/metrics-core-3.2.4.jar:/home/user/.m2/repository/org/openjdk/jmh/jmh-core/1.19/jmh-core-1.19.jar:/home/user/.m2/repository/net/sf/jopt-simple/jopt-simple/4.6/jopt-simple-4.6.jar:/home/user/.m2/repository/org/openjdk/jmh/jmh-generator-annprocess/1.19/jmh-generator-annprocess-1.19.jar:/home/user/.m2/repository/com/google/code/findbugs/findbugs/3.0.1/findbugs-3.0.1.jar:/home/user/.m2/repository/net/jcip/jcip-annotations/1.0/jcip-annotations-1.0.jar:/home/user/.m2/repository/com/google/code/findbugs/bcel-findbugs/6.0/bcel-findbugs-6.0.jar:/home/user/.m2/repository/com/google/code/findbugs/jFormatString/2.0.1/jFormatString-2.0.1.jar:/home/user/.m2/repository/dom4j/dom4j/1.6.1/dom4j-1.6.1.jar:/home/user/.m2/repository/xml-apis/xml-apis/1.0.b2/xml-apis-1.0.b2.jar:/home/user/.m2/repository/org/ow2/asm/asm-debug-all/5.0.2/asm-debug-all-5.0.2.jar:/home/user/.m2/repository/org/ow2/asm/asm-commons/5.0.2/asm-commons-5.0.2.jar:/home/user/.m2/repository/org/ow2/asm/asm-tree/5.0.2/asm-tree-5.0.2.jar:/home/user/.m2/repository/org/ow2/asm/asm/5.0.4/asm-5.0.4.jar:/home/user/.m2/repository/commons-lang/commons-lang/2.6/commons-lang-2.6.jar:/home/user/.m2/repository/com/apple/AppleJavaExtensions/1.4/AppleJavaExtensions-1.4.jar:/home/user/.m2/repository/jaxen/jaxen/1.1.6/jaxen-1.1.6.jar:/home/user/.m2/repository/junit/junit/4.11/junit-4.11.jar:/home/user/.m2/repository/org/hamcrest/hamcrest-core/1.3/hamcrest-core-1.3.jar:/home/user/.m2/repository/org/apache/hadoop/hadoop-common/3.2.0/hadoop-common-3.2.0-tests.jar:/home/user/.m2/repository/org/apache/hadoop/hadoop-ozone-integration-test/0.5.0-SNAPSHOT/hadoop-ozone-integration-test-0.5.0-SNAPSHOT-tests.jar:/tmp/workdir/hadoop-ozone/objectstore-service/target/classes:/tmp/workdir/hadoop-ozone/s3gateway/target/classes:/home/user/.m2/repository/org/jboss/weld/servlet/weld-servlet/2.4.7.Final/weld-servlet-2.4.7.Final.jar:/home/user/.m2/repository/org/glassfish/jersey/containers/jersey-container-servlet-core/2.27/jersey-container-servlet-core-2.27.jar:/home/user/.m2/repository/org/glassfish/hk2/external/javax.inject/2.5.0-b42/javax.inject-2.5.0-b42.jar:/home/user/.m2/repository/org/glassfish/jersey/core/jersey-common/2.27/jersey-common-2.27.jar:/home/user/.m2/repository/org/glassfish/hk2/osgi-resource-locator/1.0.1/osgi-resource-locator-1.0.1.jar:/home/user/.m2/repository/javax/ws/rs/javax.ws.rs-api/2.1/javax.ws.rs-api-2.1.jar:/home/user/.m2/repository/org/glassfish/jersey/ext/cdi/jersey-cdi1x/2.27/jersey-cdi1x-2.27.jar:/home/user/.m2/repository/org/glassfish/jersey/inject/jersey-hk2/2.27/jersey-hk2-2.27.jar:/home/user/.m2/repository/org/glassfish/hk2/hk2-locator/2.5.0-b42/hk2-locator-2.5.0-b42.jar:/home/user/.m2/repository/org/javassist/javassist/3.22.0-CR2/javassist-3.22.0-CR2.jar:/home/user/.m2/repository/org/glassfish/hk2/hk2-api/2.5.0/hk2-api-2.5.0.jar:/home/user/.m2/repository/org/glassfish/hk2/external/jakarta.inject/2.5.0/jakarta.inject-2.5.0.jar:/home/user/.m2/repository/org/glassfish/hk2/hk2-utils/2.5.0/hk2-utils-2.5.0.jar:/home/user/.m2/repository/jakarta/annotation/jakarta.annotation-api/1.3.4/jakarta.annotation-api-1.3.4.jar:/home/user/.m2/repository/org/glassfish/hk2/external/aopalliance-repackaged/2.5.0/aopalliance-repackaged-2.5.0.jar:/home/user/.m2/repository/com/fasterxml/jackson/dataformat/jackson-dataformat-xml/2.9.0/jackson-dataformat-xml-2.9.0.jar:/home/user/.m2/repository/com/fasterxml/jackson/module/jackson-module-jaxb-annotations/2.9.5/jackson-module-jaxb-annotations-2.9.5.jar:/home/user/.m2/repository/javax/enterprise/cdi-api/1.2/cdi-api-1.2.jar:/home/user/.m2/repository/javax/el/javax.el-api/3.0.0/javax.el-api-3.0.0.jar:/home/user/.m2/repository/javax/interceptor/javax.interceptor-api/1.2/javax.interceptor-api-1.2.jar:/home/user/.m2/repository/javax/inject/javax.inject/1/javax.inject-1.jar:/tmp/workdir/hadoop-ozone/csi/target/classes:/home/user/.m2/repository/com/google/protobuf/protobuf-java-util/3.5.1/protobuf-java-util-3.5.1.jar:/home/user/.m2/repository/io/grpc/grpc-netty/1.17.1/grpc-netty-1.17.1.jar:/home/user/.m2/repository/io/grpc/grpc-core/1.17.1/grpc-core-1.17.1.jar:/home/user/.m2/repository/io/grpc/grpc-context/1.17.1/grpc-context-1.17.1.jar:/home/user/.m2/repository/com/google/errorprone/error_prone_annotations/2.2.0/error_prone_annotations-2.2.0.jar:/home/user/.m2/repository/org/codehaus/mojo/animal-sniffer-annotations/1.17/animal-sniffer-annotations-1.17.jar:/home/user/.m2/repository/io/opencensus/opencensus-api/0.17.0/opencensus-api-0.17.0.jar:/home/user/.m2/repository/io/opencensus/opencensus-contrib-grpc-metrics/0.17.0/opencensus-contrib-grpc-metrics-0.17.0.jar:/home/user/.m2/repository/io/netty/netty-codec-http2/4.1.30.Final/netty-codec-http2-4.1.30.Final.jar:/home/user/.m2/repository/io/netty/netty-codec-http/4.1.30.Final/netty-codec-http-4.1.30.Final.jar:/home/user/.m2/repository/io/netty/netty-codec/4.1.30.Final/netty-codec-4.1.30.Final.jar:/home/user/.m2/repository/io/netty/netty-handler/4.1.30.Final/netty-handler-4.1.30.Final.jar:/home/user/.m2/repository/io/netty/netty-handler-proxy/4.1.30.Final/netty-handler-proxy-4.1.30.Final.jar:/home/user/.m2/repository/io/netty/netty-codec-socks/4.1.30.Final/netty-codec-socks-4.1.30.Final.jar:/home/user/.m2/repository/io/netty/netty-transport-native-epoll/4.1.30.Final/netty-transport-native-epoll-4.1.30.Final.jar:/home/user/.m2/repository/io/netty/netty-common/4.1.30.Final/netty-common-4.1.30.Final.jar:/home/user/.m2/repository/io/netty/netty-buffer/4.1.30.Final/netty-buffer-4.1.30.Final.jar:/home/user/.m2/repository/io/netty/netty-transport/4.1.30.Final/netty-transport-4.1.30.Final.jar:/home/user/.m2/repository/io/netty/netty-resolver/4.1.30.Final/netty-resolver-4.1.30.Final.jar:/home/user/.m2/repository/io/netty/netty-transport-native-unix-common/4.1.30.Final/netty-transport-native-unix-common-4.1.30.Final.jar:/home/user/.m2/repository/io/grpc/grpc-protobuf/1.17.1/grpc-protobuf-1.17.1.jar:/home/user/.m2/repository/com/google/api/grpc/proto-google-common-protos/1.0.0/proto-google-common-protos-1.0.0.jar:/home/user/.m2/repository/io/grpc/grpc-protobuf-lite/1.17.1/grpc-protobuf-lite-1.17.1.jar:/home/user/.m2/repository/io/grpc/grpc-stub/1.17.1/grpc-stub-1.17.1.jar:/tmp/workdir/hadoop-ozone/ozone-recon/target/classes:/tmp/workdir/hadoop-ozone/ozone-recon-codegen/target/classes:/home/user/.m2/repository/com/google/inject/extensions/guice-multibindings/4.0/guice-multibindings-4.0.jar:/home/user/.m2/repository/com/google/inject/guice/4.0/guice-4.0.jar:/home/user/.m2/repository/aopalliance/aopalliance/1.0/aopalliance-1.0.jar:/home/user/.m2/repository/com/google/inject/extensions/guice-servlet/4.0/guice-servlet-4.0.jar:/home/user/.m2/repository/org/glassfish/jersey/containers/jersey-container-servlet/2.27/jersey-container-servlet-2.27.jar:/home/user/.m2/repository/org/glassfish/hk2/guice-bridge/2.5.0/guice-bridge-2.5.0.jar:/home/user/.m2/repository/org/glassfish/jersey/core/jersey-server/2.27/jersey-server-2.27.jar:/home/user/.m2/repository/org/glassfish/jersey/core/jersey-client/2.27/jersey-client-2.27.jar:/home/user/.m2/repository/org/glassfish/jersey/media/jersey-media-jaxb/2.27/jersey-media-jaxb-2.27.jar:/home/user/.m2/repository/javax/validation/validation-api/1.1.0.Final/validation-api-1.1.0.Final.jar:/home/user/.m2/repository/org/glassfish/jersey/media/jersey-media-json-jackson/2.27/jersey-media-json-jackson-2.27.jar:/home/user/.m2/repository/org/glassfish/jersey/ext/jersey-entity-filtering/2.27/jersey-entity-filtering-2.27.jar:/home/user/.m2/repository/com/google/inject/extensions/guice-assistedinject/4.0/guice-assistedinject-4.0.jar:/home/user/.m2/repository/org/jooq/jooq/3.11.10/jooq-3.11.10.jar:/home/user/.m2/repository/org/jooq/jooq-meta/3.11.10/jooq-meta-3.11.10.jar:/home/user/.m2/repository/org/jooq/jooq-codegen/3.11.10/jooq-codegen-3.11.10.jar:/home/user/.m2/repository/com/jolbox/bonecp/0.8.0.RELEASE/bonecp-0.8.0.RELEASE.jar:/home/user/.m2/repository/org/springframework/spring-jdbc/5.1.3.RELEASE/spring-jdbc-5.1.3.RELEASE.jar:/home/user/.m2/repository/org/springframework/spring-beans/5.1.3.RELEASE/spring-beans-5.1.3.RELEASE.jar:/home/user/.m2/repository/org/springframework/spring-core/5.1.3.RELEASE/spring-core-5.1.3.RELEASE.jar:/home/user/.m2/repository/org/springframework/spring-jcl/5.1.3.RELEASE/spring-jcl-5.1.3.RELEASE.jar:/home/user/.m2/repository/org/springframework/spring-tx/5.1.3.RELEASE/spring-tx-5.1.3.RELEASE.jar:/home/user/.m2/repository/org/mockito/mockito-core/2.15.0/mockito-core-2.15.0.jar:/home/user/.m2/repository/net/bytebuddy/byte-buddy/1.7.9/byte-buddy-1.7.9.jar:/home/user/.m2/repository/net/bytebuddy/byte-buddy-agent/1.7.9/byte-buddy-agent-1.7.9.jar:/home/user/.m2/repository/org/objenesis/objenesis/1.0/objenesis-1.0.jar:"/>
    <property name="sun.cpu.endian" value="little"/>
    <property name="user.home" value="/home/user"/>
    <property name="user.language" value="en"/>
    <property name="java.specification.vendor" value="Oracle Corporation"/>
    <property name="java.home" value="/usr/lib/jvm/java-1.8-openjdk/jre"/>
    <property name="java.security.krb5.conf" value="/tmp/workdir/hadoop-ozone/tools/target/test-classes/krb5.conf"/>
    <property name="basedir" value="/tmp/workdir/hadoop-ozone/tools"/>
    <property name="file.separator" value="/"/>
    <property name="line.separator" value="&#10;"/>
    <property name="java.vm.specification.vendor" value="Oracle Corporation"/>
    <property name="java.specification.name" value="Java Platform API Specification"/>
    <property name="java.awt.graphicsenv" value="sun.awt.X11GraphicsEnvironment"/>
    <property name="surefire.real.class.path" value="/tmp/workdir/hadoop-ozone/tools/target/surefire/surefirebooter4975144263599000280.jar"/>
    <property name="hadoop.log.dir" value="/tmp/workdir/hadoop-ozone/tools/target/log"/>
    <property name="sun.boot.class.path" value="/usr/lib/jvm/java-1.8-openjdk/jre/lib/resources.jar:/usr/lib/jvm/java-1.8-openjdk/jre/lib/rt.jar:/usr/lib/jvm/java-1.8-openjdk/jre/lib/sunrsasign.jar:/usr/lib/jvm/java-1.8-openjdk/jre/lib/jsse.jar:/usr/lib/jvm/java-1.8-openjdk/jre/lib/jce.jar:/usr/lib/jvm/java-1.8-openjdk/jre/lib/charsets.jar:/usr/lib/jvm/java-1.8-openjdk/jre/lib/jfr.jar:/usr/lib/jvm/java-1.8-openjdk/jre/classes"/>
    <property name="sun.management.compiler" value="HotSpot 64-Bit Tiered Compilers"/>
    <property name="java.runtime.version" value="1.8.0_212-b04"/>
    <property name="java.net.preferIPv4Stack" value="true"/>
    <property name="user.name" value="jenkins1000"/>
    <property name="path.separator" value=":"/>
    <property name="java.security.egd" value="file:///dev/urandom"/>
    <property name="os.version" value="3.10.0-957.12.2.el7.x86_64"/>
    <property name="java.endorsed.dirs" value="/usr/lib/jvm/java-1.8-openjdk/jre/lib/endorsed"/>
    <property name="java.runtime.name" value="OpenJDK Runtime Environment"/>
    <property name="file.encoding" value="UTF-8"/>
    <property name="java.vm.name" value="OpenJDK 64-Bit Server VM"/>
    <property name="test.build.webapps" value=""/>
    <property name="localRepository" value="/home/user/.m2/repository"/>
    <property name="java.vendor.url.bug" value="https://icedtea.classpath.org/bugzilla"/>
    <property name="java.io.tmpdir" value="/tmp"/>
    <property name="require.test.libhadoop" value=""/>
    <property name="java.version" value="1.8.0_212"/>
    <property name="user.dir" value="/tmp/workdir/hadoop-ozone/tools"/>
    <property name="os.arch" value="amd64"/>
    <property name="java.vm.specification.name" value="Java Virtual Machine Specification"/>
    <property name="test.build.classes" value="/tmp/workdir/hadoop-ozone/tools/target/test-classes"/>
    <property name="java.awt.printerjob" value="sun.print.PSPrinterJob"/>
    <property name="sun.os.patch.level" value="unknown"/>
    <property name="hadoop.tmp.dir" value="/tmp/workdir/hadoop-ozone/tools/target/tmp"/>
    <property name="java.library.path" value="/usr/lib/jvm/java-1.8-openjdk/jre/lib/amd64/server:/usr/lib/jvm/java-1.8-openjdk/jre/lib/amd64:/usr/lib/jvm/java-1.8-openjdk/jre/../lib/amd64:/tmp/workdir/hadoop-ozone/tools/target/native/target/usr/local/lib:/tmp/workdir/hadoop-ozone/tools/../../hadoop-common-project/hadoop-common/target/native/target/usr/local/lib:/usr/java/packages/lib/amd64:/usr/lib64:/lib64:/lib:/usr/lib"/>
    <property name="java.vm.info" value="mixed mode"/>
    <property name="java.vendor" value="IcedTea"/>
    <property name="java.vm.version" value="25.212-b04"/>
    <property name="java.ext.dirs" value="/usr/lib/jvm/java-1.8-openjdk/jre/lib/ext:/usr/java/packages/lib/ext"/>
    <property name="sun.io.unicode.encoding" value="UnicodeLittle"/>
    <property name="java.class.version" value="52.0"/>
  </properties>
  <testcase name="testRestart" classname="org.apache.hadoop.ozone.freon.TestFreonWithPipelineDestroy" time="19.246">
    <error message="Unexpected Storage Container Exception: org.apache.hadoop.hdds.scm.container.common.helpers.StorageContainerException: ContainerID 5 does not exist" type="java.io.IOException">java.io.IOException: Unexpected Storage Container Exception: org.apache.hadoop.hdds.scm.container.common.helpers.StorageContainerException: ContainerID 5 does not exist
	at org.apache.hadoop.hdds.scm.storage.BlockOutputStream.setIoException(BlockOutputStream.java:548)
	at org.apache.hadoop.hdds.scm.storage.BlockOutputStream.validateResponse(BlockOutputStream.java:539)
	at org.apache.hadoop.hdds.scm.storage.BlockOutputStream.lambda$writeChunkToContainer$2(BlockOutputStream.java:614)
	at java.util.concurrent.CompletableFuture.uniApply(CompletableFuture.java:602)
	at java.util.concurrent.CompletableFuture$UniApply.tryFire(CompletableFuture.java:577)
	at java.util.concurrent.CompletableFuture$Completion.run(CompletableFuture.java:442)
	at java.util.concurrent.ThreadPoolExecutor.runWorker(ThreadPoolExecutor.java:1149)
	at java.util.concurrent.ThreadPoolExecutor$Worker.run(ThreadPoolExecutor.java:624)
	at java.lang.Thread.run(Thread.java:748)
Caused by: org.apache.hadoop.hdds.scm.container.common.helpers.StorageContainerException: ContainerID 5 does not exist
	at org.apache.hadoop.hdds.scm.storage.ContainerProtocolCalls.validateContainerResponse(ContainerProtocolCalls.java:536)
	at org.apache.hadoop.hdds.scm.storage.BlockOutputStream.validateResponse(BlockOutputStream.java:536)
	... 7 more
</error>
    <system-out><![CDATA[2019-07-09 20:05:22,170 WARN  server.ServerUtils (ServerUtils.java:getScmDbDir(145)) - ozone.scm.db.dirs is not configured. We recommend adding this setting. Falling back to ozone.metadata.dirs instead.
2019-07-09 20:05:22,309 WARN  server.ServerUtils (ServerUtils.java:getScmDbDir(145)) - ozone.scm.db.dirs is not configured. We recommend adding this setting. Falling back to ozone.metadata.dirs instead.
2019-07-09 20:05:22,313 WARN  server.ServerUtils (ServerUtils.java:getScmDbDir(145)) - ozone.scm.db.dirs is not configured. We recommend adding this setting. Falling back to ozone.metadata.dirs instead.
2019-07-09 20:05:22,333 INFO  util.log (Log.java:initialized(192)) - Logging initialized @929ms
2019-07-09 20:05:22,446 INFO  db.DBStoreBuilder (DBStoreBuilder.java:addTable(110)) - using custom profile for table: deletedBlocks
2019-07-09 20:05:22,449 INFO  db.DBStoreBuilder (DBStoreBuilder.java:processTables(161)) - Using default column profile:DBProfile.DISK for Table:deletedBlocks
2019-07-09 20:05:22,450 INFO  db.DBStoreBuilder (DBStoreBuilder.java:addTable(110)) - using custom profile for table: validCerts
2019-07-09 20:05:22,451 INFO  db.DBStoreBuilder (DBStoreBuilder.java:processTables(161)) - Using default column profile:DBProfile.DISK for Table:validCerts
2019-07-09 20:05:22,451 INFO  db.DBStoreBuilder (DBStoreBuilder.java:addTable(110)) - using custom profile for table: revokedCerts
2019-07-09 20:05:22,451 INFO  db.DBStoreBuilder (DBStoreBuilder.java:processTables(161)) - Using default column profile:DBProfile.DISK for Table:revokedCerts
2019-07-09 20:05:22,467 INFO  db.DBStoreBuilder (DBStoreBuilder.java:addTable(110)) - using custom profile for table: default
2019-07-09 20:05:22,468 INFO  db.DBStoreBuilder (DBStoreBuilder.java:processTables(167)) - Using default column profile:DBProfile.DISK for Table:default
2019-07-09 20:05:22,469 INFO  db.DBStoreBuilder (DBStoreBuilder.java:getDbProfile(198)) - Using default options. DBProfile.DISK
2019-07-09 20:05:22,665 INFO  net.NodeSchemaLoader (NodeSchemaLoader.java:loadSchemaFromFile(125)) - Loading file from sun.misc.CompoundEnumeration@12b0404f
2019-07-09 20:05:22,668 INFO  net.NodeSchemaLoader (NodeSchemaLoader.java:loadSchema(171)) - Loading network topology layer schema file
2019-07-09 20:05:22,745 INFO  node.SCMNodeManager (SCMNodeManager.java:<init>(119)) - Entering startup safe mode.
2019-07-09 20:05:22,829 WARN  server.ServerUtils (ServerUtils.java:getScmDbDir(145)) - ozone.scm.db.dirs is not configured. We recommend adding this setting. Falling back to ozone.metadata.dirs instead.
2019-07-09 20:05:22,887 INFO  pipeline.SCMPipelineManager (SCMPipelineManager.java:initializePipelineState(126)) - No pipeline exists in current db
2019-07-09 20:05:22,889 WARN  server.ServerUtils (ServerUtils.java:getScmDbDir(145)) - ozone.scm.db.dirs is not configured. We recommend adding this setting. Falling back to ozone.metadata.dirs instead.
2019-07-09 20:05:23,005 WARN  events.EventQueue (EventQueue.java:fireEvent(175)) - No event handler registered for event TypedEvent{payloadType=SafeModeStatus, name='SafeModeStatus'}
2019-07-09 20:05:23,401 INFO  ipc.CallQueueManager (CallQueueManager.java:<init>(84)) - Using callQueue: class java.util.concurrent.LinkedBlockingQueue, queueCapacity: 2000, scheduler: class org.apache.hadoop.ipc.DefaultRpcScheduler, ipcBackoff: false.
2019-07-09 20:05:23,430 INFO  ipc.Server (Server.java:run(1074)) - Starting Socket Reader #1 for port 42366
2019-07-09 20:05:23,455 INFO  ipc.CallQueueManager (CallQueueManager.java:<init>(84)) - Using callQueue: class java.util.concurrent.LinkedBlockingQueue, queueCapacity: 2000, scheduler: class org.apache.hadoop.ipc.DefaultRpcScheduler, ipcBackoff: false.
2019-07-09 20:05:23,456 INFO  ipc.Server (Server.java:run(1074)) - Starting Socket Reader #1 for port 46332
2019-07-09 20:05:23,463 INFO  ipc.CallQueueManager (CallQueueManager.java:<init>(84)) - Using callQueue: class java.util.concurrent.LinkedBlockingQueue, queueCapacity: 2000, scheduler: class org.apache.hadoop.ipc.DefaultRpcScheduler, ipcBackoff: false.
2019-07-09 20:05:23,464 INFO  ipc.Server (Server.java:run(1074)) - Starting Socket Reader #1 for port 34466
2019-07-09 20:05:23,581 INFO  hdfs.DFSUtil (DFSUtil.java:httpServerTemplateForNNAndJN(1641)) - Starting Web-server for scm at: http://0.0.0.0:0
2019-07-09 20:05:23,747 INFO  server.AuthenticationFilter (AuthenticationFilter.java:constructSecretProvider(240)) - Unable to initialize FileSignerSecretProvider, falling back to use random secrets.
2019-07-09 20:05:23,764 WARN  http.HttpRequestLog (HttpRequestLog.java:getRequestLog(97)) - Jetty request log can only be enabled using Log4j
2019-07-09 20:05:23,773 INFO  http.HttpServer2 (HttpServer2.java:addGlobalFilter(975)) - Added global filter 'safety' (class=org.apache.hadoop.http.HttpServer2$QuotingInputFilter)
2019-07-09 20:05:23,775 INFO  http.HttpServer2 (HttpServer2.java:addFilter(948)) - Added filter static_user_filter (class=org.apache.hadoop.http.lib.StaticUserWebFilter$StaticUserFilter) to context scm
2019-07-09 20:05:23,776 INFO  http.HttpServer2 (HttpServer2.java:addFilter(958)) - Added filter static_user_filter (class=org.apache.hadoop.http.lib.StaticUserWebFilter$StaticUserFilter) to context logs
2019-07-09 20:05:23,776 INFO  http.HttpServer2 (HttpServer2.java:addFilter(958)) - Added filter static_user_filter (class=org.apache.hadoop.http.lib.StaticUserWebFilter$StaticUserFilter) to context static
2019-07-09 20:05:23,803 INFO  server.StorageContainerManager (StorageContainerManager.java:start(753)) - StorageContainerLocationProtocol RPC server is listening at /0.0.0.0:34466
2019-07-09 20:05:23,858 WARN  impl.MetricsConfig (MetricsConfig.java:loadFirst(134)) - Cannot locate configuration: tried hadoop-metrics2-storagecontainermanager.properties,hadoop-metrics2.properties
2019-07-09 20:05:23,871 INFO  impl.MetricsSystemImpl (MetricsSystemImpl.java:startTimer(374)) - Scheduled Metric snapshot period at 10 second(s).
2019-07-09 20:05:23,872 INFO  impl.MetricsSystemImpl (MetricsSystemImpl.java:start(191)) - StorageContainerManager metrics system started
2019-07-09 20:05:24,091 INFO  server.SCMClientProtocolServer (SCMClientProtocolServer.java:start(149)) - RPC server for Client  is listening at /0.0.0.0:34466
2019-07-09 20:05:24,092 INFO  ipc.Server (Server.java:run(1314)) - IPC Server Responder: starting
2019-07-09 20:05:24,092 INFO  ipc.Server (Server.java:run(1153)) - IPC Server listener on 34466: starting
2019-07-09 20:05:24,098 INFO  server.StorageContainerManager (StorageContainerManager.java:start(762)) - ScmBlockLocationProtocol RPC server is listening at /0.0.0.0:46332
2019-07-09 20:05:24,098 INFO  server.SCMBlockProtocolServer (SCMBlockProtocolServer.java:start(137)) - RPC server for Block Protocol is listening at /0.0.0.0:46332
2019-07-09 20:05:24,098 INFO  ipc.Server (Server.java:run(1314)) - IPC Server Responder: starting
2019-07-09 20:05:24,098 INFO  ipc.Server (Server.java:run(1153)) - IPC Server listener on 46332: starting
2019-07-09 20:05:24,108 INFO  server.StorageContainerManager (StorageContainerManager.java:start(766)) - ScmDatanodeProtocl RPC server is listening at /0.0.0.0:42366
2019-07-09 20:05:24,108 INFO  server.SCMDatanodeProtocolServer (SCMDatanodeProtocolServer.java:start(191)) - RPC server for DataNodes is listening at /0.0.0.0:42366
2019-07-09 20:05:24,110 INFO  ipc.Server (Server.java:run(1314)) - IPC Server Responder: starting
2019-07-09 20:05:24,110 INFO  ipc.Server (Server.java:run(1153)) - IPC Server listener on 42366: starting
2019-07-09 20:05:24,123 INFO  http.HttpServer2 (HttpServer2.java:bindListener(1191)) - Jetty bound to port 36809
2019-07-09 20:05:24,125 INFO  server.Server (Server.java:doStart(351)) - jetty-9.3.24.v20180605, build timestamp: 2018-06-05T17:11:56Z, git hash: 84205aa28f11a4f31f2a3b86d1bba2cc8ab69827
2019-07-09 20:05:24,163 INFO  handler.ContextHandler (ContextHandler.java:doStart(781)) - Started o.e.j.s.ServletContextHandler@413f69cc{/logs,file:///tmp/workdir/hadoop-ozone/tools/target/log,AVAILABLE}
2019-07-09 20:05:24,164 INFO  handler.ContextHandler (ContextHandler.java:doStart(781)) - Started o.e.j.s.ServletContextHandler@1b75c2e3{/static,file:///tmp/workdir/hadoop-hdds/server-scm/target/classes/webapps/static/,AVAILABLE}
2019-07-09 20:05:24,219 INFO  handler.ContextHandler (ContextHandler.java:doStart(781)) - Started o.e.j.w.WebAppContext@3918c187{/,file:///tmp/workdir/hadoop-hdds/server-scm/target/classes/webapps/scm/,AVAILABLE}{/scm}
2019-07-09 20:05:24,226 INFO  server.AbstractConnector (AbstractConnector.java:doStart(278)) - Started ServerConnector@11eadcba{HTTP/1.1,[http/1.1]}{0.0.0.0:36809}
2019-07-09 20:05:24,227 INFO  server.Server (Server.java:doStart(419)) - Started @2822ms
2019-07-09 20:05:24,228 INFO  server.BaseHttpServer (BaseHttpServer.java:updateConnectorAddress(207)) - HTTP server of SCM is listening at http://0.0.0.0:36809
2019-07-09 20:05:24,240 INFO  util.JvmPauseMonitor (JvmPauseMonitor.java:run(188)) - Starting JVM pause monitor
2019-07-09 20:05:24,243 WARN  server.ServerUtils (ServerUtils.java:getDBPath(222)) - ozone.om.db.dirs is not configured. We recommend adding this setting. Falling back to ozone.metadata.dirs instead.
2019-07-09 20:05:24,334 WARN  server.ServerUtils (ServerUtils.java:getDBPath(222)) - ozone.om.db.dirs is not configured. We recommend adding this setting. Falling back to ozone.metadata.dirs instead.
2019-07-09 20:05:24,336 INFO  om.OzoneManager (OzoneManager.java:setOMNodeDetails(621)) - OM Service ID is not set. Setting it to the default ID: omServiceIdDefault
2019-07-09 20:05:24,336 INFO  om.OzoneManager (OzoneManager.java:setOMNodeDetails(627)) - OM Node ID is not set. Setting it to the OmStorage's OmID: 5f61e363-a523-4218-964d-0a36c1d1725c
2019-07-09 20:05:24,337 INFO  om.OzoneManager (OzoneManager.java:loadOMHAConfigs(578)) - Found matching OM address with OMServiceId: null, OMNodeId: null, RPC Address: localhost:0 and Ratis port: 9872
2019-07-09 20:05:24,625 WARN  server.ServerUtils (ServerUtils.java:getDBPath(222)) - ozone.om.db.dirs is not configured. We recommend adding this setting. Falling back to ozone.metadata.dirs instead.
2019-07-09 20:05:24,635 INFO  db.DBStoreBuilder (DBStoreBuilder.java:addTable(110)) - using custom profile for table: userTable
2019-07-09 20:05:24,635 INFO  db.DBStoreBuilder (DBStoreBuilder.java:processTables(161)) - Using default column profile:DBProfile.DISK for Table:userTable
2019-07-09 20:05:24,636 INFO  db.DBStoreBuilder (DBStoreBuilder.java:addTable(110)) - using custom profile for table: volumeTable
2019-07-09 20:05:24,636 INFO  db.DBStoreBuilder (DBStoreBuilder.java:processTables(161)) - Using default column profile:DBProfile.DISK for Table:volumeTable
2019-07-09 20:05:24,637 INFO  db.DBStoreBuilder (DBStoreBuilder.java:addTable(110)) - using custom profile for table: bucketTable
2019-07-09 20:05:24,637 INFO  db.DBStoreBuilder (DBStoreBuilder.java:processTables(161)) - Using default column profile:DBProfile.DISK for Table:bucketTable
2019-07-09 20:05:24,637 INFO  db.DBStoreBuilder (DBStoreBuilder.java:addTable(110)) - using custom profile for table: keyTable
2019-07-09 20:05:24,637 INFO  db.DBStoreBuilder (DBStoreBuilder.java:processTables(161)) - Using default column profile:DBProfile.DISK for Table:keyTable
2019-07-09 20:05:24,638 INFO  db.DBStoreBuilder (DBStoreBuilder.java:addTable(110)) - using custom profile for table: deletedTable
2019-07-09 20:05:24,638 INFO  db.DBStoreBuilder (DBStoreBuilder.java:processTables(161)) - Using default column profile:DBProfile.DISK for Table:deletedTable
2019-07-09 20:05:24,639 INFO  db.DBStoreBuilder (DBStoreBuilder.java:addTable(110)) - using custom profile for table: openKeyTable
2019-07-09 20:05:24,639 INFO  db.DBStoreBuilder (DBStoreBuilder.java:processTables(161)) - Using default column profile:DBProfile.DISK for Table:openKeyTable
2019-07-09 20:05:24,639 INFO  db.DBStoreBuilder (DBStoreBuilder.java:addTable(110)) - using custom profile for table: s3Table
2019-07-09 20:05:24,640 INFO  db.DBStoreBuilder (DBStoreBuilder.java:processTables(161)) - Using default column profile:DBProfile.DISK for Table:s3Table
2019-07-09 20:05:24,640 INFO  db.DBStoreBuilder (DBStoreBuilder.java:addTable(110)) - using custom profile for table: multipartInfoTable
2019-07-09 20:05:24,640 INFO  db.DBStoreBuilder (DBStoreBuilder.java:processTables(161)) - Using default column profile:DBProfile.DISK for Table:multipartInfoTable
2019-07-09 20:05:24,641 INFO  db.DBStoreBuilder (DBStoreBuilder.java:addTable(110)) - using custom profile for table: dTokenTable
2019-07-09 20:05:24,641 INFO  db.DBStoreBuilder (DBStoreBuilder.java:processTables(161)) - Using default column profile:DBProfile.DISK for Table:dTokenTable
2019-07-09 20:05:24,641 INFO  db.DBStoreBuilder (DBStoreBuilder.java:addTable(110)) - using custom profile for table: s3SecretTable
2019-07-09 20:05:24,642 INFO  db.DBStoreBuilder (DBStoreBuilder.java:processTables(161)) - Using default column profile:DBProfile.DISK for Table:s3SecretTable
2019-07-09 20:05:24,642 INFO  db.DBStoreBuilder (DBStoreBuilder.java:addTable(110)) - using custom profile for table: prefixTable
2019-07-09 20:05:24,642 INFO  db.DBStoreBuilder (DBStoreBuilder.java:processTables(161)) - Using default column profile:DBProfile.DISK for Table:prefixTable
2019-07-09 20:05:24,643 INFO  db.DBStoreBuilder (DBStoreBuilder.java:addTable(110)) - using custom profile for table: default
2019-07-09 20:05:24,643 INFO  db.DBStoreBuilder (DBStoreBuilder.java:processTables(167)) - Using default column profile:DBProfile.DISK for Table:default
2019-07-09 20:05:24,643 INFO  db.DBStoreBuilder (DBStoreBuilder.java:getDbProfile(198)) - Using default options. DBProfile.DISK
2019-07-09 20:05:25,666 INFO  ipc.CallQueueManager (CallQueueManager.java:<init>(84)) - Using callQueue: class java.util.concurrent.LinkedBlockingQueue, queueCapacity: 2000, scheduler: class org.apache.hadoop.ipc.DefaultRpcScheduler, ipcBackoff: false.
2019-07-09 20:05:25,669 INFO  ipc.Server (Server.java:run(1074)) - Starting Socket Reader #1 for port 41997
2019-07-09 20:05:25,719 WARN  server.ServerUtils (ServerUtils.java:getDBPath(222)) - ozone.om.db.dirs is not configured. We recommend adding this setting. Falling back to ozone.metadata.dirs instead.
2019-07-09 20:05:25,720 INFO  om.OzoneManager (OzoneManager.java:start(1219)) - OzoneManager RPC server is listening at localhost/127.0.0.1:41997
2019-07-09 20:05:25,720 INFO  impl.MetricsSystemImpl (MetricsSystemImpl.java:init(158)) - OzoneManager metrics system started (again)
2019-07-09 20:05:25,723 INFO  ipc.Server (Server.java:run(1314)) - IPC Server Responder: starting
2019-07-09 20:05:25,725 INFO  ipc.Server (Server.java:run(1153)) - IPC Server listener on 41997: starting
2019-07-09 20:05:25,740 INFO  hdfs.DFSUtil (DFSUtil.java:httpServerTemplateForNNAndJN(1641)) - Starting Web-server for ozoneManager at: http://0.0.0.0:0
2019-07-09 20:05:25,745 INFO  server.AuthenticationFilter (AuthenticationFilter.java:constructSecretProvider(240)) - Unable to initialize FileSignerSecretProvider, falling back to use random secrets.
2019-07-09 20:05:25,746 WARN  http.HttpRequestLog (HttpRequestLog.java:getRequestLog(97)) - Jetty request log can only be enabled using Log4j
2019-07-09 20:05:25,750 INFO  http.HttpServer2 (HttpServer2.java:addGlobalFilter(975)) - Added global filter 'safety' (class=org.apache.hadoop.http.HttpServer2$QuotingInputFilter)
2019-07-09 20:05:25,752 INFO  http.HttpServer2 (HttpServer2.java:addFilter(948)) - Added filter static_user_filter (class=org.apache.hadoop.http.lib.StaticUserWebFilter$StaticUserFilter) to context ozoneManager
2019-07-09 20:05:25,752 INFO  http.HttpServer2 (HttpServer2.java:addFilter(958)) - Added filter static_user_filter (class=org.apache.hadoop.http.lib.StaticUserWebFilter$StaticUserFilter) to context static
2019-07-09 20:05:25,752 INFO  http.HttpServer2 (HttpServer2.java:addFilter(958)) - Added filter static_user_filter (class=org.apache.hadoop.http.lib.StaticUserWebFilter$StaticUserFilter) to context logs
2019-07-09 20:05:25,756 INFO  http.HttpServer2 (HttpServer2.java:bindListener(1191)) - Jetty bound to port 43111
2019-07-09 20:05:25,756 INFO  server.Server (Server.java:doStart(351)) - jetty-9.3.24.v20180605, build timestamp: 2018-06-05T17:11:56Z, git hash: 84205aa28f11a4f31f2a3b86d1bba2cc8ab69827
2019-07-09 20:05:25,759 INFO  handler.ContextHandler (ContextHandler.java:doStart(781)) - Started o.e.j.s.ServletContextHandler@85ec632{/logs,file:///tmp/workdir/hadoop-ozone/tools/target/log,AVAILABLE}
2019-07-09 20:05:25,760 INFO  handler.ContextHandler (ContextHandler.java:doStart(781)) - Started o.e.j.s.ServletContextHandler@65ef722a{/static,file:///tmp/workdir/hadoop-ozone/ozone-manager/target/classes/webapps/static/,AVAILABLE}
2019-07-09 20:05:25,768 INFO  handler.ContextHandler (ContextHandler.java:doStart(781)) - Started o.e.j.w.WebAppContext@1c65121{/,file:///tmp/workdir/hadoop-ozone/ozone-manager/target/classes/webapps/ozoneManager/,AVAILABLE}{/ozoneManager}
2019-07-09 20:05:25,770 INFO  server.AbstractConnector (AbstractConnector.java:doStart(278)) - Started ServerConnector@159e366{HTTP/1.1,[http/1.1]}{0.0.0.0:43111}
2019-07-09 20:05:25,771 INFO  server.Server (Server.java:doStart(419)) - Started @4366ms
2019-07-09 20:05:25,772 INFO  server.BaseHttpServer (BaseHttpServer.java:updateConnectorAddress(207)) - HTTP server of OZONEMANAGER is listening at http://0.0.0.0:43111
2019-07-09 20:05:26,119 INFO  impl.MetricsSystemImpl (MetricsSystemImpl.java:init(158)) - HddsDatanode metrics system started (again)
2019-07-09 20:05:26,218 INFO  ozone.HddsDatanodeService (HddsDatanodeService.java:start(185)) - HddsDatanodeService host:hdds1735-4kssb-1465987686 ip:192.168.69.87
2019-07-09 20:05:26,253 INFO  volume.HddsVolume (HddsVolume.java:<init>(176)) - Creating Volume: /tmp/workdir/hadoop-ozone/tools/target/test-dir/MiniOzoneClusterImpl-beb5748c-665f-4527-a560-1f0d02116ab6/datanode-0/data/containers/hdds of  storage type : DISK and capacity : 52710309888
2019-07-09 20:05:26,255 INFO  volume.VolumeSet (VolumeSet.java:initializeVolumeSet(170)) - Added Volume : /tmp/workdir/hadoop-ozone/tools/target/test-dir/MiniOzoneClusterImpl-beb5748c-665f-4527-a560-1f0d02116ab6/datanode-0/data/containers/hdds to VolumeSet
2019-07-09 20:05:26,258 INFO  volume.ThrottledAsyncChecker (ThrottledAsyncChecker.java:schedule(140)) - Scheduling a check for org.apache.hadoop.ozone.container.common.volume.HddsVolume@3122b117
2019-07-09 20:05:26,277 INFO  volume.HddsVolumeChecker (HddsVolumeChecker.java:checkAllVolumes(203)) - Scheduled health check for volume org.apache.hadoop.ozone.container.common.volume.HddsVolume@3122b117
2019-07-09 20:05:26,343 INFO  ratis.XceiverServerRatis (XceiverServerRatis.java:newXceiverServerRatis(411)) - Found a free port for the server : 43466
2019-07-09 20:05:26,432 INFO  impl.RaftServerProxy (ConfUtils.java:logGet(43)) - raft.rpc.type = GRPC (default)
2019-07-09 20:05:26,499 INFO  grpc.GrpcFactory (GrpcFactory.java:checkPooledByteBufAllocatorUseCacheForAllThreads(45)) - PERFORMANCE WARNING: useCacheForAllThreads is true that may cause Netty to create a lot garbage objects and, as a result, trigger GC.
	It is recommended to disable useCacheForAllThreads by setting -Dorg.apache.ratis.thirdparty.io.netty.allocator.useCacheForAllThreads=false in command line.
2019-07-09 20:05:26,503 INFO  grpc.GrpcConfigKeys$Server (ConfUtils.java:logGet(43)) - raft.grpc.server.port = 43466 (custom)
2019-07-09 20:05:26,504 INFO  server.GrpcService (ConfUtils.java:logGet(43)) - raft.grpc.message.size.max = 33570816 (custom)
2019-07-09 20:05:26,506 INFO  server.RaftServerConfigKeys (ConfUtils.java:logGet(43)) - raft.server.log.appender.buffer.byte-limit = 33554432 (custom)
2019-07-09 20:05:26,506 INFO  server.GrpcService (ConfUtils.java:logGet(43)) - raft.grpc.flow.control.window = 1MB (=1048576) (default)
2019-07-09 20:05:26,507 INFO  server.RaftServerConfigKeys (ConfUtils.java:logGet(43)) - raft.server.rpc.request.timeout = 3000ms (default)
2019-07-09 20:05:26,716 INFO  server.RaftServerConfigKeys (ConfUtils.java:logGet(43)) - raft.server.storage.dir = [/tmp/workdir/hadoop-ozone/tools/target/test-dir/MiniOzoneClusterImpl-beb5748c-665f-4527-a560-1f0d02116ab6/datanode-0/data/ratis] (custom)
2019-07-09 20:05:26,723 INFO  server.XceiverServerGrpc (XceiverServerGrpc.java:<init>(97)) - Found a free port for the server : 32981
2019-07-09 20:05:26,762 INFO  replication.SimpleContainerDownloader (SimpleContainerDownloader.java:<init>(72)) - Starting container downloader service to copy containers to replicate.
2019-07-09 20:05:26,777 INFO  hdfs.DFSUtil (DFSUtil.java:httpServerTemplateForNNAndJN(1641)) - Starting Web-server for hddsDatanode at: http://0.0.0.0:0
2019-07-09 20:05:26,779 INFO  server.AuthenticationFilter (AuthenticationFilter.java:constructSecretProvider(240)) - Unable to initialize FileSignerSecretProvider, falling back to use random secrets.
2019-07-09 20:05:26,780 WARN  http.HttpRequestLog (HttpRequestLog.java:getRequestLog(97)) - Jetty request log can only be enabled using Log4j
2019-07-09 20:05:26,782 INFO  http.HttpServer2 (HttpServer2.java:addGlobalFilter(975)) - Added global filter 'safety' (class=org.apache.hadoop.http.HttpServer2$QuotingInputFilter)
2019-07-09 20:05:26,783 INFO  http.HttpServer2 (HttpServer2.java:addFilter(948)) - Added filter static_user_filter (class=org.apache.hadoop.http.lib.StaticUserWebFilter$StaticUserFilter) to context hddsDatanode
2019-07-09 20:05:26,783 INFO  http.HttpServer2 (HttpServer2.java:addFilter(958)) - Added filter static_user_filter (class=org.apache.hadoop.http.lib.StaticUserWebFilter$StaticUserFilter) to context static
2019-07-09 20:05:26,783 INFO  http.HttpServer2 (HttpServer2.java:addFilter(958)) - Added filter static_user_filter (class=org.apache.hadoop.http.lib.StaticUserWebFilter$StaticUserFilter) to context logs
2019-07-09 20:05:26,784 INFO  http.HttpServer2 (HttpServer2.java:bindListener(1191)) - Jetty bound to port 46874
2019-07-09 20:05:26,784 INFO  server.Server (Server.java:doStart(351)) - jetty-9.3.24.v20180605, build timestamp: 2018-06-05T17:11:56Z, git hash: 84205aa28f11a4f31f2a3b86d1bba2cc8ab69827
2019-07-09 20:05:26,786 INFO  handler.ContextHandler (ContextHandler.java:doStart(781)) - Started o.e.j.s.ServletContextHandler@3f4cd155{/logs,file:///tmp/workdir/hadoop-ozone/tools/target/log,AVAILABLE}
2019-07-09 20:05:26,787 INFO  handler.ContextHandler (ContextHandler.java:doStart(781)) - Started o.e.j.s.ServletContextHandler@506dcf55{/static,file:///tmp/workdir/hadoop-hdds/container-service/target/classes/webapps/static,AVAILABLE}
2019-07-09 20:05:26,792 INFO  handler.ContextHandler (ContextHandler.java:doStart(781)) - Started o.e.j.w.WebAppContext@6145b81e{/,file:///tmp/workdir/hadoop-hdds/container-service/target/classes/webapps/hddsDatanode/,AVAILABLE}{/hddsDatanode}
2019-07-09 20:05:26,792 INFO  server.AbstractConnector (AbstractConnector.java:doStart(278)) - Started ServerConnector@64355120{HTTP/1.1,[http/1.1]}{0.0.0.0:46874}
2019-07-09 20:05:26,793 INFO  server.Server (Server.java:doStart(419)) - Started @5389ms
2019-07-09 20:05:26,794 INFO  server.BaseHttpServer (BaseHttpServer.java:updateConnectorAddress(207)) - HTTP server of HDDSDATANODE is listening at http://0.0.0.0:46874
2019-07-09 20:05:27,893 INFO  ozone.HddsDatanodeService (HddsDatanodeService.java:startPlugins(396)) - Started plug-in org.apache.hadoop.ozone.web.OzoneHddsDatanodeService@6bee793f
2019-07-09 20:05:27,895 INFO  impl.MetricsSystemImpl (MetricsSystemImpl.java:init(158)) - HddsDatanode metrics system started (again)
2019-07-09 20:05:27,897 INFO  ozone.HddsDatanodeService (HddsDatanodeService.java:start(185)) - HddsDatanodeService host:hdds1735-4kssb-1465987686 ip:192.168.69.87
2019-07-09 20:05:27,902 INFO  util.JvmPauseMonitor (JvmPauseMonitor.java:run(188)) - Starting JVM pause monitor
2019-07-09 20:05:27,908 INFO  volume.HddsVolume (HddsVolume.java:<init>(176)) - Creating Volume: /tmp/workdir/hadoop-ozone/tools/target/test-dir/MiniOzoneClusterImpl-beb5748c-665f-4527-a560-1f0d02116ab6/datanode-1/data/containers/hdds of  storage type : DISK and capacity : 52710309888
2019-07-09 20:05:27,908 INFO  volume.VolumeSet (VolumeSet.java:initializeVolumeSet(170)) - Added Volume : /tmp/workdir/hadoop-ozone/tools/target/test-dir/MiniOzoneClusterImpl-beb5748c-665f-4527-a560-1f0d02116ab6/datanode-1/data/containers/hdds to VolumeSet
2019-07-09 20:05:27,908 INFO  volume.ThrottledAsyncChecker (ThrottledAsyncChecker.java:schedule(140)) - Scheduling a check for org.apache.hadoop.ozone.container.common.volume.HddsVolume@39c96e48
2019-07-09 20:05:27,910 INFO  volume.HddsVolumeChecker (HddsVolumeChecker.java:checkAllVolumes(203)) - Scheduled health check for volume org.apache.hadoop.ozone.container.common.volume.HddsVolume@39c96e48
2019-07-09 20:05:27,930 INFO  ratis.XceiverServerRatis (XceiverServerRatis.java:newXceiverServerRatis(411)) - Found a free port for the server : 32778
2019-07-09 20:05:27,932 INFO  impl.RaftServerProxy (ConfUtils.java:logGet(43)) - raft.rpc.type = GRPC (default)
2019-07-09 20:05:27,932 INFO  grpc.GrpcFactory (GrpcFactory.java:checkPooledByteBufAllocatorUseCacheForAllThreads(45)) - PERFORMANCE WARNING: useCacheForAllThreads is true that may cause Netty to create a lot garbage objects and, as a result, trigger GC.
	It is recommended to disable useCacheForAllThreads by setting -Dorg.apache.ratis.thirdparty.io.netty.allocator.useCacheForAllThreads=false in command line.
2019-07-09 20:05:27,932 INFO  grpc.GrpcConfigKeys$Server (ConfUtils.java:logGet(43)) - raft.grpc.server.port = 32778 (custom)
2019-07-09 20:05:27,933 INFO  server.GrpcService (ConfUtils.java:logGet(43)) - raft.grpc.message.size.max = 33570816 (custom)
2019-07-09 20:05:27,933 INFO  server.RaftServerConfigKeys (ConfUtils.java:logGet(43)) - raft.server.log.appender.buffer.byte-limit = 33554432 (custom)
2019-07-09 20:05:27,933 INFO  server.GrpcService (ConfUtils.java:logGet(43)) - raft.grpc.flow.control.window = 1MB (=1048576) (default)
2019-07-09 20:05:27,933 INFO  server.RaftServerConfigKeys (ConfUtils.java:logGet(43)) - raft.server.rpc.request.timeout = 3000ms (default)
2019-07-09 20:05:27,934 INFO  server.RaftServerConfigKeys (ConfUtils.java:logGet(43)) - raft.server.storage.dir = [/tmp/workdir/hadoop-ozone/tools/target/test-dir/MiniOzoneClusterImpl-beb5748c-665f-4527-a560-1f0d02116ab6/datanode-1/data/ratis] (custom)
2019-07-09 20:05:27,935 INFO  server.XceiverServerGrpc (XceiverServerGrpc.java:<init>(97)) - Found a free port for the server : 45801
2019-07-09 20:05:27,935 INFO  replication.SimpleContainerDownloader (SimpleContainerDownloader.java:<init>(72)) - Starting container downloader service to copy containers to replicate.
2019-07-09 20:05:27,937 INFO  hdfs.DFSUtil (DFSUtil.java:httpServerTemplateForNNAndJN(1641)) - Starting Web-server for hddsDatanode at: http://0.0.0.0:0
2019-07-09 20:05:27,940 INFO  server.AuthenticationFilter (AuthenticationFilter.java:constructSecretProvider(240)) - Unable to initialize FileSignerSecretProvider, falling back to use random secrets.
2019-07-09 20:05:27,941 WARN  http.HttpRequestLog (HttpRequestLog.java:getRequestLog(97)) - Jetty request log can only be enabled using Log4j
2019-07-09 20:05:27,943 INFO  http.HttpServer2 (HttpServer2.java:addGlobalFilter(975)) - Added global filter 'safety' (class=org.apache.hadoop.http.HttpServer2$QuotingInputFilter)
2019-07-09 20:05:27,944 INFO  http.HttpServer2 (HttpServer2.java:addFilter(948)) - Added filter static_user_filter (class=org.apache.hadoop.http.lib.StaticUserWebFilter$StaticUserFilter) to context hddsDatanode
2019-07-09 20:05:27,944 INFO  http.HttpServer2 (HttpServer2.java:addFilter(958)) - Added filter static_user_filter (class=org.apache.hadoop.http.lib.StaticUserWebFilter$StaticUserFilter) to context static
2019-07-09 20:05:27,944 INFO  http.HttpServer2 (HttpServer2.java:addFilter(958)) - Added filter static_user_filter (class=org.apache.hadoop.http.lib.StaticUserWebFilter$StaticUserFilter) to context logs
2019-07-09 20:05:27,945 INFO  http.HttpServer2 (HttpServer2.java:bindListener(1191)) - Jetty bound to port 33188
2019-07-09 20:05:27,945 INFO  server.Server (Server.java:doStart(351)) - jetty-9.3.24.v20180605, build timestamp: 2018-06-05T17:11:56Z, git hash: 84205aa28f11a4f31f2a3b86d1bba2cc8ab69827
2019-07-09 20:05:27,949 INFO  handler.ContextHandler (ContextHandler.java:doStart(781)) - Started o.e.j.s.ServletContextHandler@5de5e95{/logs,file:///tmp/workdir/hadoop-ozone/tools/target/log,AVAILABLE}
2019-07-09 20:05:27,950 INFO  handler.ContextHandler (ContextHandler.java:doStart(781)) - Started o.e.j.s.ServletContextHandler@303c55fa{/static,file:///tmp/workdir/hadoop-hdds/container-service/target/classes/webapps/static,AVAILABLE}
2019-07-09 20:05:27,955 INFO  handler.ContextHandler (ContextHandler.java:doStart(781)) - Started o.e.j.w.WebAppContext@75156240{/,file:///tmp/workdir/hadoop-hdds/container-service/target/classes/webapps/hddsDatanode/,AVAILABLE}{/hddsDatanode}
2019-07-09 20:05:27,955 INFO  server.AbstractConnector (AbstractConnector.java:doStart(278)) - Started ServerConnector@6198e9b5{HTTP/1.1,[http/1.1]}{0.0.0.0:33188}
2019-07-09 20:05:27,957 INFO  server.Server (Server.java:doStart(419)) - Started @6552ms
2019-07-09 20:05:27,957 INFO  server.BaseHttpServer (BaseHttpServer.java:updateConnectorAddress(207)) - HTTP server of HDDSDATANODE is listening at http://0.0.0.0:33188
2019-07-09 20:05:28,016 INFO  datanode.InitDatanodeState (InitDatanodeState.java:persistContainerDatanodeDetails(140)) - DatanodeDetails is persisted to /tmp/workdir/hadoop-ozone/tools/target/test-dir/MiniOzoneClusterImpl-beb5748c-665f-4527-a560-1f0d02116ab6/datanode-0/meta/datanode.id
2019-07-09 20:05:28,105 INFO  ozone.HddsDatanodeService (HddsDatanodeService.java:startPlugins(396)) - Started plug-in org.apache.hadoop.ozone.web.OzoneHddsDatanodeService@7d986d83
2019-07-09 20:05:28,105 INFO  impl.MetricsSystemImpl (MetricsSystemImpl.java:init(158)) - HddsDatanode metrics system started (again)
2019-07-09 20:05:28,107 INFO  ozone.HddsDatanodeService (HddsDatanodeService.java:start(185)) - HddsDatanodeService host:hdds1735-4kssb-1465987686 ip:192.168.69.87
2019-07-09 20:05:28,108 INFO  util.JvmPauseMonitor (JvmPauseMonitor.java:run(188)) - Starting JVM pause monitor
2019-07-09 20:05:28,116 INFO  volume.HddsVolume (HddsVolume.java:<init>(176)) - Creating Volume: /tmp/workdir/hadoop-ozone/tools/target/test-dir/MiniOzoneClusterImpl-beb5748c-665f-4527-a560-1f0d02116ab6/datanode-2/data/containers/hdds of  storage type : DISK and capacity : 52710309888
2019-07-09 20:05:28,116 INFO  volume.VolumeSet (VolumeSet.java:initializeVolumeSet(170)) - Added Volume : /tmp/workdir/hadoop-ozone/tools/target/test-dir/MiniOzoneClusterImpl-beb5748c-665f-4527-a560-1f0d02116ab6/datanode-2/data/containers/hdds to VolumeSet
2019-07-09 20:05:28,116 INFO  volume.ThrottledAsyncChecker (ThrottledAsyncChecker.java:schedule(140)) - Scheduling a check for org.apache.hadoop.ozone.container.common.volume.HddsVolume@5568c66f
2019-07-09 20:05:28,117 INFO  volume.HddsVolumeChecker (HddsVolumeChecker.java:checkAllVolumes(203)) - Scheduled health check for volume org.apache.hadoop.ozone.container.common.volume.HddsVolume@5568c66f
2019-07-09 20:05:28,118 INFO  datanode.InitDatanodeState (InitDatanodeState.java:persistContainerDatanodeDetails(140)) - DatanodeDetails is persisted to /tmp/workdir/hadoop-ozone/tools/target/test-dir/MiniOzoneClusterImpl-beb5748c-665f-4527-a560-1f0d02116ab6/datanode-1/meta/datanode.id
2019-07-09 20:05:28,132 INFO  ratis.XceiverServerRatis (XceiverServerRatis.java:newXceiverServerRatis(411)) - Found a free port for the server : 43432
2019-07-09 20:05:28,134 INFO  impl.RaftServerProxy (ConfUtils.java:logGet(43)) - raft.rpc.type = GRPC (default)
2019-07-09 20:05:28,134 INFO  grpc.GrpcFactory (GrpcFactory.java:checkPooledByteBufAllocatorUseCacheForAllThreads(45)) - PERFORMANCE WARNING: useCacheForAllThreads is true that may cause Netty to create a lot garbage objects and, as a result, trigger GC.
	It is recommended to disable useCacheForAllThreads by setting -Dorg.apache.ratis.thirdparty.io.netty.allocator.useCacheForAllThreads=false in command line.
2019-07-09 20:05:28,134 INFO  grpc.GrpcConfigKeys$Server (ConfUtils.java:logGet(43)) - raft.grpc.server.port = 43432 (custom)
2019-07-09 20:05:28,134 INFO  server.GrpcService (ConfUtils.java:logGet(43)) - raft.grpc.message.size.max = 33570816 (custom)
2019-07-09 20:05:28,135 INFO  server.RaftServerConfigKeys (ConfUtils.java:logGet(43)) - raft.server.log.appender.buffer.byte-limit = 33554432 (custom)
2019-07-09 20:05:28,135 INFO  server.GrpcService (ConfUtils.java:logGet(43)) - raft.grpc.flow.control.window = 1MB (=1048576) (default)
2019-07-09 20:05:28,135 INFO  server.RaftServerConfigKeys (ConfUtils.java:logGet(43)) - raft.server.rpc.request.timeout = 3000ms (default)
2019-07-09 20:05:28,136 INFO  server.RaftServerConfigKeys (ConfUtils.java:logGet(43)) - raft.server.storage.dir = [/tmp/workdir/hadoop-ozone/tools/target/test-dir/MiniOzoneClusterImpl-beb5748c-665f-4527-a560-1f0d02116ab6/datanode-2/data/ratis] (custom)
2019-07-09 20:05:28,136 INFO  server.XceiverServerGrpc (XceiverServerGrpc.java:<init>(97)) - Found a free port for the server : 39066
2019-07-09 20:05:28,137 INFO  replication.SimpleContainerDownloader (SimpleContainerDownloader.java:<init>(72)) - Starting container downloader service to copy containers to replicate.
2019-07-09 20:05:28,138 INFO  hdfs.DFSUtil (DFSUtil.java:httpServerTemplateForNNAndJN(1641)) - Starting Web-server for hddsDatanode at: http://0.0.0.0:0
2019-07-09 20:05:28,139 INFO  server.AuthenticationFilter (AuthenticationFilter.java:constructSecretProvider(240)) - Unable to initialize FileSignerSecretProvider, falling back to use random secrets.
2019-07-09 20:05:28,140 WARN  http.HttpRequestLog (HttpRequestLog.java:getRequestLog(97)) - Jetty request log can only be enabled using Log4j
2019-07-09 20:05:28,141 INFO  http.HttpServer2 (HttpServer2.java:addGlobalFilter(975)) - Added global filter 'safety' (class=org.apache.hadoop.http.HttpServer2$QuotingInputFilter)
2019-07-09 20:05:28,142 INFO  http.HttpServer2 (HttpServer2.java:addFilter(948)) - Added filter static_user_filter (class=org.apache.hadoop.http.lib.StaticUserWebFilter$StaticUserFilter) to context hddsDatanode
2019-07-09 20:05:28,142 INFO  http.HttpServer2 (HttpServer2.java:addFilter(958)) - Added filter static_user_filter (class=org.apache.hadoop.http.lib.StaticUserWebFilter$StaticUserFilter) to context logs
2019-07-09 20:05:28,142 INFO  http.HttpServer2 (HttpServer2.java:addFilter(958)) - Added filter static_user_filter (class=org.apache.hadoop.http.lib.StaticUserWebFilter$StaticUserFilter) to context static
2019-07-09 20:05:28,143 INFO  http.HttpServer2 (HttpServer2.java:bindListener(1191)) - Jetty bound to port 34571
2019-07-09 20:05:28,143 INFO  server.Server (Server.java:doStart(351)) - jetty-9.3.24.v20180605, build timestamp: 2018-06-05T17:11:56Z, git hash: 84205aa28f11a4f31f2a3b86d1bba2cc8ab69827
2019-07-09 20:05:28,145 INFO  handler.ContextHandler (ContextHandler.java:doStart(781)) - Started o.e.j.s.ServletContextHandler@39f5b723{/logs,file:///tmp/workdir/hadoop-ozone/tools/target/log,AVAILABLE}
2019-07-09 20:05:28,145 INFO  handler.ContextHandler (ContextHandler.java:doStart(781)) - Started o.e.j.s.ServletContextHandler@2404b5a{/static,file:///tmp/workdir/hadoop-hdds/container-service/target/classes/webapps/static,AVAILABLE}
2019-07-09 20:05:28,149 INFO  handler.ContextHandler (ContextHandler.java:doStart(781)) - Started o.e.j.w.WebAppContext@550e9be6{/,file:///tmp/workdir/hadoop-hdds/container-service/target/classes/webapps/hddsDatanode/,AVAILABLE}{/hddsDatanode}
2019-07-09 20:05:28,150 INFO  server.AbstractConnector (AbstractConnector.java:doStart(278)) - Started ServerConnector@3f96f020{HTTP/1.1,[http/1.1]}{0.0.0.0:34571}
2019-07-09 20:05:28,151 INFO  server.Server (Server.java:doStart(419)) - Started @6746ms
2019-07-09 20:05:28,151 INFO  server.BaseHttpServer (BaseHttpServer.java:updateConnectorAddress(207)) - HTTP server of HDDSDATANODE is listening at http://0.0.0.0:34571
2019-07-09 20:05:28,287 INFO  ozone.HddsDatanodeService (HddsDatanodeService.java:startPlugins(396)) - Started plug-in org.apache.hadoop.ozone.web.OzoneHddsDatanodeService@661fe025
2019-07-09 20:05:28,290 INFO  ozone.MiniOzoneClusterImpl (MiniOzoneClusterImpl.java:lambda$waitForClusterToBeReady$0(142)) - Waiting for cluster to be ready. Got 0 of 3 DN Heartbeats.
2019-07-09 20:05:28,291 INFO  util.JvmPauseMonitor (JvmPauseMonitor.java:run(188)) - Starting JVM pause monitor
2019-07-09 20:05:28,294 INFO  datanode.InitDatanodeState (InitDatanodeState.java:persistContainerDatanodeDetails(140)) - DatanodeDetails is persisted to /tmp/workdir/hadoop-ozone/tools/target/test-dir/MiniOzoneClusterImpl-beb5748c-665f-4527-a560-1f0d02116ab6/datanode-2/meta/datanode.id
2019-07-09 20:05:29,290 INFO  ozone.MiniOzoneClusterImpl (MiniOzoneClusterImpl.java:lambda$waitForClusterToBeReady$0(142)) - Waiting for cluster to be ready. Got 0 of 3 DN Heartbeats.
2019-07-09 20:05:29,961 INFO  ozoneimpl.OzoneContainer (OzoneContainer.java:start(186)) - Attempting to start container services.
2019-07-09 20:05:29,963 INFO  ozoneimpl.OzoneContainer (OzoneContainer.java:startContainerScrub(160)) - Background container scrubber has been disabled by hdds.containerscrub.enabled
2019-07-09 20:05:29,963 INFO  ratis.XceiverServerRatis (XceiverServerRatis.java:start(428)) - Starting XceiverServerRatis 16889555-9ebc-4b39-bcfc-affe4469384a at port 43466
2019-07-09 20:05:29,995 INFO  impl.RaftServerProxy (RaftServerProxy.java:lambda$start$3(299)) - 16889555-9ebc-4b39-bcfc-affe4469384a: start RPC server
2019-07-09 20:05:30,125 INFO  ozoneimpl.OzoneContainer (OzoneContainer.java:start(186)) - Attempting to start container services.
2019-07-09 20:05:30,127 INFO  ozoneimpl.OzoneContainer (OzoneContainer.java:startContainerScrub(160)) - Background container scrubber has been disabled by hdds.containerscrub.enabled
2019-07-09 20:05:30,127 INFO  ratis.XceiverServerRatis (XceiverServerRatis.java:start(428)) - Starting XceiverServerRatis 8f4a7b7a-ae1b-4fd7-9143-a909162b5f06 at port 32778
2019-07-09 20:05:30,132 INFO  server.GrpcService (GrpcService.java:startImpl(149)) - 16889555-9ebc-4b39-bcfc-affe4469384a: GrpcService started, listening on 0.0.0.0/0.0.0.0:43466
2019-07-09 20:05:30,141 INFO  impl.RaftServerProxy (RaftServerProxy.java:lambda$start$3(299)) - 8f4a7b7a-ae1b-4fd7-9143-a909162b5f06: start RPC server
2019-07-09 20:05:30,145 INFO  server.GrpcService (GrpcService.java:startImpl(149)) - 8f4a7b7a-ae1b-4fd7-9143-a909162b5f06: GrpcService started, listening on 0.0.0.0/0.0.0.0:32778
2019-07-09 20:05:30,291 INFO  ozone.MiniOzoneClusterImpl (MiniOzoneClusterImpl.java:lambda$waitForClusterToBeReady$0(142)) - Waiting for cluster to be ready. Got 0 of 3 DN Heartbeats.
2019-07-09 20:05:30,309 INFO  ozoneimpl.OzoneContainer (OzoneContainer.java:start(186)) - Attempting to start container services.
2019-07-09 20:05:30,311 INFO  ozoneimpl.OzoneContainer (OzoneContainer.java:startContainerScrub(160)) - Background container scrubber has been disabled by hdds.containerscrub.enabled
2019-07-09 20:05:30,311 INFO  ratis.XceiverServerRatis (XceiverServerRatis.java:start(428)) - Starting XceiverServerRatis 13d97a13-4593-46eb-aba7-b2ac7a1cb781 at port 43432
2019-07-09 20:05:30,363 INFO  impl.RaftServerProxy (RaftServerProxy.java:lambda$start$3(299)) - 13d97a13-4593-46eb-aba7-b2ac7a1cb781: start RPC server
2019-07-09 20:05:30,367 INFO  server.GrpcService (GrpcService.java:startImpl(149)) - 13d97a13-4593-46eb-aba7-b2ac7a1cb781: GrpcService started, listening on 0.0.0.0/0.0.0.0:43432
2019-07-09 20:05:31,292 INFO  ozone.MiniOzoneClusterImpl (MiniOzoneClusterImpl.java:lambda$waitForClusterToBeReady$0(142)) - Waiting for cluster to be ready. Got 0 of 3 DN Heartbeats.
2019-07-09 20:05:31,949 INFO  net.NetworkTopology (NetworkTopologyImpl.java:add(109)) - Added a new node: /default-rack/192.168.69.87
2019-07-09 20:05:31,949 INFO  node.SCMNodeManager (SCMNodeManager.java:register(268)) - Registered Data node : 16889555-9ebc-4b39-bcfc-affe4469384a{ip: 192.168.69.87, host: hdds1735-4kssb-1465987686, networkLocation: /default-rack, certSerialId: null}
2019-07-09 20:05:31,956 INFO  safemode.SCMSafeModeManager (DataNodeSafeModeRule.java:process(71)) - SCM in safe mode. 1 DataNodes registered, 1 required.
2019-07-09 20:05:31,956 INFO  safemode.SCMSafeModeManager (SCMSafeModeManager.java:validateSafeModeExitRules(177)) - ScmSafeModeManager, all rules are successfully validated
2019-07-09 20:05:31,956 INFO  safemode.SCMSafeModeManager (SCMSafeModeManager.java:exitSafeMode(193)) - SCM exiting safe mode.
2019-07-09 20:05:32,111 INFO  node.SCMNodeManager (SCMNodeManager.java:register(268)) - Registered Data node : 8f4a7b7a-ae1b-4fd7-9143-a909162b5f06{ip: 192.168.69.87, host: hdds1735-4kssb-1465987686, networkLocation: /default-rack, certSerialId: null}
2019-07-09 20:05:32,292 INFO  ozone.MiniOzoneClusterImpl (MiniOzoneClusterImpl.java:lambda$waitForClusterToBeReady$0(142)) - Waiting for cluster to be ready. Got 2 of 3 DN Heartbeats.
2019-07-09 20:05:32,295 INFO  node.SCMNodeManager (SCMNodeManager.java:register(268)) - Registered Data node : 13d97a13-4593-46eb-aba7-b2ac7a1cb781{ip: 192.168.69.87, host: hdds1735-4kssb-1465987686, networkLocation: /default-rack, certSerialId: null}
2019-07-09 20:05:32,556 INFO  impl.RaftServerProxy (RaftServerProxy.java:addNew(89)) - 16889555-9ebc-4b39-bcfc-affe4469384a: addNew group-3B3568FE2ADE:[16889555-9ebc-4b39-bcfc-affe4469384a:192.168.69.87:43466] returns group-3B3568FE2ADE:java.util.concurrent.CompletableFuture@741fb1e9[Not completed]
2019-07-09 20:05:32,566 INFO  impl.RaftServerImpl (RaftServerImpl.java:<init>(93)) - 16889555-9ebc-4b39-bcfc-affe4469384a: new RaftServerImpl for group-3B3568FE2ADE:[16889555-9ebc-4b39-bcfc-affe4469384a:192.168.69.87:43466] with ContainerStateMachine:uninitialized
2019-07-09 20:05:32,568 INFO  server.RaftServerConfigKeys (ConfUtils.java:logGet(43)) - raft.server.rpc.timeout.min = 1s (custom)
2019-07-09 20:05:32,569 INFO  server.RaftServerConfigKeys (ConfUtils.java:logGet(43)) - raft.server.rpc.timeout.max = 1200ms (custom)
2019-07-09 20:05:32,569 INFO  server.RaftServerConfigKeys (ConfUtils.java:logGet(43)) - raft.server.rpcslowness.timeout = 120s (custom)
2019-07-09 20:05:32,570 INFO  server.RaftServerConfigKeys (ConfUtils.java:logGet(43)) - raft.server.sleep.deviation.threshold = 300 (default)
2019-07-09 20:05:32,571 INFO  server.RaftServerConfigKeys (ConfUtils.java:logGet(43)) - raft.server.log.appender.install.snapshot.enabled = false (custom)
2019-07-09 20:05:32,578 INFO  impl.RaftServerImpl (ServerState.java:<init>(105)) - 16889555-9ebc-4b39-bcfc-affe4469384a:group-3B3568FE2ADE ConfigurationManager, init=-1: [16889555-9ebc-4b39-bcfc-affe4469384a:192.168.69.87:43466], old=null, confs=<EMPTY_MAP>
2019-07-09 20:05:32,578 INFO  server.RaftServerConfigKeys (ConfUtils.java:logGet(43)) - raft.server.storage.dir = [/tmp/workdir/hadoop-ozone/tools/target/test-dir/MiniOzoneClusterImpl-beb5748c-665f-4527-a560-1f0d02116ab6/datanode-0/data/ratis] (custom)
2019-07-09 20:05:32,586 INFO  storage.RaftStorageDirectory (RaftStorageDirectory.java:analyzeStorage(246)) - The storage directory /tmp/workdir/hadoop-ozone/tools/target/test-dir/MiniOzoneClusterImpl-beb5748c-665f-4527-a560-1f0d02116ab6/datanode-0/data/ratis/f6c1b5d7-37c4-4ccc-bba4-3b3568fe2ade does not exist. Creating ...
2019-07-09 20:05:32,603 INFO  storage.RaftStorageDirectory (RaftStorageDirectory.java:tryLock(328)) - Lock on /tmp/workdir/hadoop-ozone/tools/target/test-dir/MiniOzoneClusterImpl-beb5748c-665f-4527-a560-1f0d02116ab6/datanode-0/data/ratis/f6c1b5d7-37c4-4ccc-bba4-3b3568fe2ade/in_use.lock acquired by nodename 21149@hdds1735-4kssb-1465987686
2019-07-09 20:05:32,617 INFO  storage.RaftStorage (RaftStorage.java:format(72)) - Storage directory /tmp/workdir/hadoop-ozone/tools/target/test-dir/MiniOzoneClusterImpl-beb5748c-665f-4527-a560-1f0d02116ab6/datanode-0/data/ratis/f6c1b5d7-37c4-4ccc-bba4-3b3568fe2ade has been successfully formatted.
2019-07-09 20:05:32,619 INFO  ratis.ContainerStateMachine (ContainerStateMachine.java:loadSnapshot(198)) - The snapshot info is null.Setting the last applied index to:(t:0, i:~)
2019-07-09 20:05:32,620 INFO  server.RaftServerConfigKeys (ConfUtils.java:logGet(43)) - raft.server.leader.election.timeout = 120s (custom)
2019-07-09 20:05:32,623 INFO  server.RaftServerConfigKeys (ConfUtils.java:logGet(43)) - raft.server.log.use.memory = false (default)
2019-07-09 20:05:32,632 INFO  server.RaftServerConfigKeys (ConfUtils.java:logGet(43)) - raft.server.log.purge.gap = 1000000000 (custom)
2019-07-09 20:05:32,632 INFO  server.RaftServerConfigKeys (ConfUtils.java:logGet(43)) - raft.server.log.appender.buffer.byte-limit = 33554432 (custom)
2019-07-09 20:05:32,635 INFO  server.RaftServerConfigKeys (ConfUtils.java:logGet(43)) - raft.server.log.segment.size.max = 1048576 (custom)
2019-07-09 20:05:32,642 INFO  server.RaftServerConfigKeys (ConfUtils.java:logGet(43)) - raft.server.log.segment.cache.num.max = 2 (custom)
2019-07-09 20:05:32,650 INFO  segmented.SegmentedRaftLogWorker (SegmentedRaftLogWorker.java:<init>(172)) - new 16889555-9ebc-4b39-bcfc-affe4469384a-SegmentedRaftLogWorker:Storage Directory /tmp/workdir/hadoop-ozone/tools/target/test-dir/MiniOzoneClusterImpl-beb5748c-665f-4527-a560-1f0d02116ab6/datanode-0/data/ratis/f6c1b5d7-37c4-4ccc-bba4-3b3568fe2ade for RaftStorage:Storage Directory /tmp/workdir/hadoop-ozone/tools/target/test-dir/MiniOzoneClusterImpl-beb5748c-665f-4527-a560-1f0d02116ab6/datanode-0/data/ratis/f6c1b5d7-37c4-4ccc-bba4-3b3568fe2ade
2019-07-09 20:05:32,670 INFO  server.RaftServerConfigKeys (ConfUtils.java:logGet(43)) - raft.server.log.queue.byte-limit = 2147483647 (custom)
2019-07-09 20:05:32,671 INFO  server.RaftServerConfigKeys (ConfUtils.java:logGet(43)) - raft.server.log.queue.element-limit = 1024 (custom)
2019-07-09 20:05:32,678 INFO  server.RaftServerConfigKeys (ConfUtils.java:logGet(43)) - raft.server.log.segment.size.max = 1048576 (custom)
2019-07-09 20:05:32,679 INFO  server.RaftServerConfigKeys (ConfUtils.java:logGet(43)) - raft.server.log.preallocated.size = 16384 (custom)
2019-07-09 20:05:32,680 INFO  server.RaftServerConfigKeys (ConfUtils.java:logGet(43)) - raft.server.log.write.buffer.size = 33554432 (custom)
2019-07-09 20:05:32,681 INFO  server.RaftServerConfigKeys (ConfUtils.java:logGet(43)) - raft.server.log.force.sync.num = 128 (default)
2019-07-09 20:05:32,682 INFO  server.RaftServerConfigKeys (ConfUtils.java:logGet(43)) - raft.server.log.statemachine.data.sync = true (default)
2019-07-09 20:05:32,682 INFO  server.RaftServerConfigKeys (ConfUtils.java:logGet(43)) - raft.server.log.statemachine.data.sync.timeout = 10s (default)
2019-07-09 20:05:32,683 INFO  server.RaftServerConfigKeys (ConfUtils.java:logGet(43)) - raft.server.log.statemachine.data.sync.timeout.retry = -1 (default)
2019-07-09 20:05:32,697 INFO  server.RaftServerConfigKeys (ConfUtils.java:logGet(43)) - raft.server.log.statemachine.data.caching.enabled = true (custom)
2019-07-09 20:05:32,702 INFO  segmented.SegmentedRaftLogWorker (SegmentedRaftLogWorker.java:lambda$new$0(132)) - 16889555-9ebc-4b39-bcfc-affe4469384a-SegmentedRaftLogWorker:Storage Directory /tmp/workdir/hadoop-ozone/tools/target/test-dir/MiniOzoneClusterImpl-beb5748c-665f-4527-a560-1f0d02116ab6/datanode-0/data/ratis/f6c1b5d7-37c4-4ccc-bba4-3b3568fe2ade: flushIndex: setUnconditionally 0 -> -1
2019-07-09 20:05:32,707 INFO  server.RaftServerConfigKeys (ConfUtils.java:logGet(43)) - raft.server.snapshot.auto.trigger.enabled = true (custom)
2019-07-09 20:05:32,708 INFO  server.RaftServerConfigKeys (ConfUtils.java:logGet(43)) - raft.server.snapshot.auto.trigger.threshold = 10000 (custom)
2019-07-09 20:05:32,708 INFO  server.RaftServerConfigKeys (ConfUtils.java:logGet(43)) - raft.server.retrycache.expirytime = 600000ms (custom)
2019-07-09 20:05:32,959 INFO  impl.RaftServerImpl (RaftServerImpl.java:start(180)) - 16889555-9ebc-4b39-bcfc-affe4469384a: start group-3B3568FE2ADE
2019-07-09 20:05:32,961 INFO  impl.RaftServerImpl (RaftServerImpl.java:setRole(171)) - 16889555-9ebc-4b39-bcfc-affe4469384a:group-3B3568FE2ADE changes role from null to FOLLOWER at term 0 for startAsFollower
2019-07-09 20:05:32,963 INFO  impl.RoleInfo (RoleInfo.java:updateAndGet(143)) - 16889555-9ebc-4b39-bcfc-affe4469384a: start FollowerState
2019-07-09 20:05:32,965 INFO  util.JmxRegister (JmxRegister.java:tryRegister(44)) - Successfully registered JMX Bean with object name Ratis:service=RaftServer,group=group-3B3568FE2ADE,id=16889555-9ebc-4b39-bcfc-affe4469384a
2019-07-09 20:05:33,037 INFO  pipeline.PipelineStateManager (PipelineStateManager.java:addPipeline(56)) - Created pipeline Pipeline[ Id: f6c1b5d7-37c4-4ccc-bba4-3b3568fe2ade, Nodes: 16889555-9ebc-4b39-bcfc-affe4469384a{ip: 192.168.69.87, host: hdds1735-4kssb-1465987686, networkLocation: /default-rack, certSerialId: null}, Type:RATIS, Factor:ONE, State:OPEN]
2019-07-09 20:05:33,064 INFO  impl.RaftServerProxy (RaftServerProxy.java:addNew(89)) - 13d97a13-4593-46eb-aba7-b2ac7a1cb781: addNew group-503D8C2F04F1:[13d97a13-4593-46eb-aba7-b2ac7a1cb781:192.168.69.87:43432] returns group-503D8C2F04F1:java.util.concurrent.CompletableFuture@792fc786[Not completed]
2019-07-09 20:05:33,094 INFO  impl.RaftServerImpl (RaftServerImpl.java:<init>(93)) - 13d97a13-4593-46eb-aba7-b2ac7a1cb781: new RaftServerImpl for group-503D8C2F04F1:[13d97a13-4593-46eb-aba7-b2ac7a1cb781:192.168.69.87:43432] with ContainerStateMachine:uninitialized
2019-07-09 20:05:33,096 INFO  server.RaftServerConfigKeys (ConfUtils.java:logGet(43)) - raft.server.rpc.timeout.min = 1s (custom)
2019-07-09 20:05:33,097 INFO  server.RaftServerConfigKeys (ConfUtils.java:logGet(43)) - raft.server.rpc.timeout.max = 1200ms (custom)
2019-07-09 20:05:33,097 INFO  server.RaftServerConfigKeys (ConfUtils.java:logGet(43)) - raft.server.rpcslowness.timeout = 120s (custom)
2019-07-09 20:05:33,097 INFO  server.RaftServerConfigKeys (ConfUtils.java:logGet(43)) - raft.server.sleep.deviation.threshold = 300 (default)
2019-07-09 20:05:33,097 INFO  server.RaftServerConfigKeys (ConfUtils.java:logGet(43)) - raft.server.log.appender.install.snapshot.enabled = false (custom)
2019-07-09 20:05:33,098 INFO  impl.RaftServerImpl (ServerState.java:<init>(105)) - 13d97a13-4593-46eb-aba7-b2ac7a1cb781:group-503D8C2F04F1 ConfigurationManager, init=-1: [13d97a13-4593-46eb-aba7-b2ac7a1cb781:192.168.69.87:43432], old=null, confs=<EMPTY_MAP>
2019-07-09 20:05:33,098 INFO  server.RaftServerConfigKeys (ConfUtils.java:logGet(43)) - raft.server.storage.dir = [/tmp/workdir/hadoop-ozone/tools/target/test-dir/MiniOzoneClusterImpl-beb5748c-665f-4527-a560-1f0d02116ab6/datanode-2/data/ratis] (custom)
2019-07-09 20:05:33,099 INFO  storage.RaftStorageDirectory (RaftStorageDirectory.java:analyzeStorage(246)) - The storage directory /tmp/workdir/hadoop-ozone/tools/target/test-dir/MiniOzoneClusterImpl-beb5748c-665f-4527-a560-1f0d02116ab6/datanode-2/data/ratis/5013c9b1-af82-4a9e-9824-503d8c2f04f1 does not exist. Creating ...
2019-07-09 20:05:33,114 INFO  storage.RaftStorageDirectory (RaftStorageDirectory.java:tryLock(328)) - Lock on /tmp/workdir/hadoop-ozone/tools/target/test-dir/MiniOzoneClusterImpl-beb5748c-665f-4527-a560-1f0d02116ab6/datanode-2/data/ratis/5013c9b1-af82-4a9e-9824-503d8c2f04f1/in_use.lock acquired by nodename 21149@hdds1735-4kssb-1465987686
2019-07-09 20:05:33,128 INFO  storage.RaftStorage (RaftStorage.java:format(72)) - Storage directory /tmp/workdir/hadoop-ozone/tools/target/test-dir/MiniOzoneClusterImpl-beb5748c-665f-4527-a560-1f0d02116ab6/datanode-2/data/ratis/5013c9b1-af82-4a9e-9824-503d8c2f04f1 has been successfully formatted.
2019-07-09 20:05:33,129 INFO  ratis.ContainerStateMachine (ContainerStateMachine.java:loadSnapshot(198)) - The snapshot info is null.Setting the last applied index to:(t:0, i:~)
2019-07-09 20:05:33,130 INFO  server.RaftServerConfigKeys (ConfUtils.java:logGet(43)) - raft.server.leader.election.timeout = 120s (custom)
2019-07-09 20:05:33,130 INFO  server.RaftServerConfigKeys (ConfUtils.java:logGet(43)) - raft.server.log.use.memory = false (default)
2019-07-09 20:05:33,131 INFO  server.RaftServerConfigKeys (ConfUtils.java:logGet(43)) - raft.server.log.purge.gap = 1000000000 (custom)
2019-07-09 20:05:33,131 INFO  server.RaftServerConfigKeys (ConfUtils.java:logGet(43)) - raft.server.log.appender.buffer.byte-limit = 33554432 (custom)
2019-07-09 20:05:33,131 INFO  server.RaftServerConfigKeys (ConfUtils.java:logGet(43)) - raft.server.log.segment.size.max = 1048576 (custom)
2019-07-09 20:05:33,131 INFO  server.RaftServerConfigKeys (ConfUtils.java:logGet(43)) - raft.server.log.segment.cache.num.max = 2 (custom)
2019-07-09 20:05:33,132 INFO  segmented.SegmentedRaftLogWorker (SegmentedRaftLogWorker.java:<init>(172)) - new 13d97a13-4593-46eb-aba7-b2ac7a1cb781-SegmentedRaftLogWorker:Storage Directory /tmp/workdir/hadoop-ozone/tools/target/test-dir/MiniOzoneClusterImpl-beb5748c-665f-4527-a560-1f0d02116ab6/datanode-2/data/ratis/5013c9b1-af82-4a9e-9824-503d8c2f04f1 for RaftStorage:Storage Directory /tmp/workdir/hadoop-ozone/tools/target/test-dir/MiniOzoneClusterImpl-beb5748c-665f-4527-a560-1f0d02116ab6/datanode-2/data/ratis/5013c9b1-af82-4a9e-9824-503d8c2f04f1
2019-07-09 20:05:33,133 INFO  server.RaftServerConfigKeys (ConfUtils.java:logGet(43)) - raft.server.log.queue.byte-limit = 2147483647 (custom)
2019-07-09 20:05:33,133 INFO  server.RaftServerConfigKeys (ConfUtils.java:logGet(43)) - raft.server.log.queue.element-limit = 1024 (custom)
2019-07-09 20:05:33,134 INFO  server.RaftServerConfigKeys (ConfUtils.java:logGet(43)) - raft.server.log.segment.size.max = 1048576 (custom)
2019-07-09 20:05:33,134 INFO  server.RaftServerConfigKeys (ConfUtils.java:logGet(43)) - raft.server.log.preallocated.size = 16384 (custom)
2019-07-09 20:05:33,134 INFO  server.RaftServerConfigKeys (ConfUtils.java:logGet(43)) - raft.server.log.write.buffer.size = 33554432 (custom)
2019-07-09 20:05:33,134 INFO  server.RaftServerConfigKeys (ConfUtils.java:logGet(43)) - raft.server.log.force.sync.num = 128 (default)
2019-07-09 20:05:33,135 INFO  server.RaftServerConfigKeys (ConfUtils.java:logGet(43)) - raft.server.log.statemachine.data.sync = true (default)
2019-07-09 20:05:33,135 INFO  server.RaftServerConfigKeys (ConfUtils.java:logGet(43)) - raft.server.log.statemachine.data.sync.timeout = 10s (default)
2019-07-09 20:05:33,135 INFO  server.RaftServerConfigKeys (ConfUtils.java:logGet(43)) - raft.server.log.statemachine.data.sync.timeout.retry = -1 (default)
2019-07-09 20:05:33,136 INFO  server.RaftServerConfigKeys (ConfUtils.java:logGet(43)) - raft.server.log.statemachine.data.caching.enabled = true (custom)
2019-07-09 20:05:33,136 INFO  segmented.SegmentedRaftLogWorker (SegmentedRaftLogWorker.java:lambda$new$0(132)) - 13d97a13-4593-46eb-aba7-b2ac7a1cb781-SegmentedRaftLogWorker:Storage Directory /tmp/workdir/hadoop-ozone/tools/target/test-dir/MiniOzoneClusterImpl-beb5748c-665f-4527-a560-1f0d02116ab6/datanode-2/data/ratis/5013c9b1-af82-4a9e-9824-503d8c2f04f1: flushIndex: setUnconditionally 0 -> -1
2019-07-09 20:05:33,137 INFO  server.RaftServerConfigKeys (ConfUtils.java:logGet(43)) - raft.server.snapshot.auto.trigger.enabled = true (custom)
2019-07-09 20:05:33,137 INFO  server.RaftServerConfigKeys (ConfUtils.java:logGet(43)) - raft.server.snapshot.auto.trigger.threshold = 10000 (custom)
2019-07-09 20:05:33,137 INFO  server.RaftServerConfigKeys (ConfUtils.java:logGet(43)) - raft.server.retrycache.expirytime = 600000ms (custom)
2019-07-09 20:05:33,137 INFO  impl.RaftServerImpl (RaftServerImpl.java:start(180)) - 13d97a13-4593-46eb-aba7-b2ac7a1cb781: start group-503D8C2F04F1
2019-07-09 20:05:33,138 INFO  impl.RaftServerImpl (RaftServerImpl.java:setRole(171)) - 13d97a13-4593-46eb-aba7-b2ac7a1cb781:group-503D8C2F04F1 changes role from null to FOLLOWER at term 0 for startAsFollower
2019-07-09 20:05:33,138 INFO  impl.RoleInfo (RoleInfo.java:updateAndGet(143)) - 13d97a13-4593-46eb-aba7-b2ac7a1cb781: start FollowerState
2019-07-09 20:05:33,139 INFO  util.JmxRegister (JmxRegister.java:tryRegister(44)) - Successfully registered JMX Bean with object name Ratis:service=RaftServer,group=group-503D8C2F04F1,id=13d97a13-4593-46eb-aba7-b2ac7a1cb781
2019-07-09 20:05:33,152 INFO  pipeline.PipelineStateManager (PipelineStateManager.java:addPipeline(56)) - Created pipeline Pipeline[ Id: 5013c9b1-af82-4a9e-9824-503d8c2f04f1, Nodes: 13d97a13-4593-46eb-aba7-b2ac7a1cb781{ip: 192.168.69.87, host: hdds1735-4kssb-1465987686, networkLocation: /default-rack, certSerialId: null}, Type:RATIS, Factor:ONE, State:OPEN]
2019-07-09 20:05:33,171 INFO  impl.RaftServerProxy (RaftServerProxy.java:addNew(89)) - 8f4a7b7a-ae1b-4fd7-9143-a909162b5f06: addNew group-7204510E3ECD:[8f4a7b7a-ae1b-4fd7-9143-a909162b5f06:192.168.69.87:32778] returns group-7204510E3ECD:java.util.concurrent.CompletableFuture@4c8272b4[Not completed]
2019-07-09 20:05:33,175 INFO  impl.RaftServerImpl (RaftServerImpl.java:<init>(93)) - 8f4a7b7a-ae1b-4fd7-9143-a909162b5f06: new RaftServerImpl for group-7204510E3ECD:[8f4a7b7a-ae1b-4fd7-9143-a909162b5f06:192.168.69.87:32778] with ContainerStateMachine:uninitialized
2019-07-09 20:05:33,176 INFO  server.RaftServerConfigKeys (ConfUtils.java:logGet(43)) - raft.server.rpc.timeout.min = 1s (custom)
2019-07-09 20:05:33,176 INFO  server.RaftServerConfigKeys (ConfUtils.java:logGet(43)) - raft.server.rpc.timeout.max = 1200ms (custom)
2019-07-09 20:05:33,176 INFO  server.RaftServerConfigKeys (ConfUtils.java:logGet(43)) - raft.server.rpcslowness.timeout = 120s (custom)
2019-07-09 20:05:33,176 INFO  server.RaftServerConfigKeys (ConfUtils.java:logGet(43)) - raft.server.sleep.deviation.threshold = 300 (default)
2019-07-09 20:05:33,176 INFO  server.RaftServerConfigKeys (ConfUtils.java:logGet(43)) - raft.server.log.appender.install.snapshot.enabled = false (custom)
2019-07-09 20:05:33,177 INFO  impl.RaftServerImpl (ServerState.java:<init>(105)) - 8f4a7b7a-ae1b-4fd7-9143-a909162b5f06:group-7204510E3ECD ConfigurationManager, init=-1: [8f4a7b7a-ae1b-4fd7-9143-a909162b5f06:192.168.69.87:32778], old=null, confs=<EMPTY_MAP>
2019-07-09 20:05:33,177 INFO  server.RaftServerConfigKeys (ConfUtils.java:logGet(43)) - raft.server.storage.dir = [/tmp/workdir/hadoop-ozone/tools/target/test-dir/MiniOzoneClusterImpl-beb5748c-665f-4527-a560-1f0d02116ab6/datanode-1/data/ratis] (custom)
2019-07-09 20:05:33,178 INFO  storage.RaftStorageDirectory (RaftStorageDirectory.java:analyzeStorage(246)) - The storage directory /tmp/workdir/hadoop-ozone/tools/target/test-dir/MiniOzoneClusterImpl-beb5748c-665f-4527-a560-1f0d02116ab6/datanode-1/data/ratis/3bd92e05-bf49-4bb3-8694-7204510e3ecd does not exist. Creating ...
2019-07-09 20:05:33,191 INFO  storage.RaftStorageDirectory (RaftStorageDirectory.java:tryLock(328)) - Lock on /tmp/workdir/hadoop-ozone/tools/target/test-dir/MiniOzoneClusterImpl-beb5748c-665f-4527-a560-1f0d02116ab6/datanode-1/data/ratis/3bd92e05-bf49-4bb3-8694-7204510e3ecd/in_use.lock acquired by nodename 21149@hdds1735-4kssb-1465987686
2019-07-09 20:05:33,205 INFO  storage.RaftStorage (RaftStorage.java:format(72)) - Storage directory /tmp/workdir/hadoop-ozone/tools/target/test-dir/MiniOzoneClusterImpl-beb5748c-665f-4527-a560-1f0d02116ab6/datanode-1/data/ratis/3bd92e05-bf49-4bb3-8694-7204510e3ecd has been successfully formatted.
2019-07-09 20:05:33,205 INFO  ratis.ContainerStateMachine (ContainerStateMachine.java:loadSnapshot(198)) - The snapshot info is null.Setting the last applied index to:(t:0, i:~)
2019-07-09 20:05:33,206 INFO  server.RaftServerConfigKeys (ConfUtils.java:logGet(43)) - raft.server.leader.election.timeout = 120s (custom)
2019-07-09 20:05:33,206 INFO  server.RaftServerConfigKeys (ConfUtils.java:logGet(43)) - raft.server.log.use.memory = false (default)
2019-07-09 20:05:33,206 INFO  server.RaftServerConfigKeys (ConfUtils.java:logGet(43)) - raft.server.log.purge.gap = 1000000000 (custom)
2019-07-09 20:05:33,206 INFO  server.RaftServerConfigKeys (ConfUtils.java:logGet(43)) - raft.server.log.appender.buffer.byte-limit = 33554432 (custom)
2019-07-09 20:05:33,207 INFO  server.RaftServerConfigKeys (ConfUtils.java:logGet(43)) - raft.server.log.segment.size.max = 1048576 (custom)
2019-07-09 20:05:33,207 INFO  server.RaftServerConfigKeys (ConfUtils.java:logGet(43)) - raft.server.log.segment.cache.num.max = 2 (custom)
2019-07-09 20:05:33,207 INFO  segmented.SegmentedRaftLogWorker (SegmentedRaftLogWorker.java:<init>(172)) - new 8f4a7b7a-ae1b-4fd7-9143-a909162b5f06-SegmentedRaftLogWorker:Storage Directory /tmp/workdir/hadoop-ozone/tools/target/test-dir/MiniOzoneClusterImpl-beb5748c-665f-4527-a560-1f0d02116ab6/datanode-1/data/ratis/3bd92e05-bf49-4bb3-8694-7204510e3ecd for RaftStorage:Storage Directory /tmp/workdir/hadoop-ozone/tools/target/test-dir/MiniOzoneClusterImpl-beb5748c-665f-4527-a560-1f0d02116ab6/datanode-1/data/ratis/3bd92e05-bf49-4bb3-8694-7204510e3ecd
2019-07-09 20:05:33,207 INFO  server.RaftServerConfigKeys (ConfUtils.java:logGet(43)) - raft.server.log.queue.byte-limit = 2147483647 (custom)
2019-07-09 20:05:33,208 INFO  server.RaftServerConfigKeys (ConfUtils.java:logGet(43)) - raft.server.log.queue.element-limit = 1024 (custom)
2019-07-09 20:05:33,208 INFO  server.RaftServerConfigKeys (ConfUtils.java:logGet(43)) - raft.server.log.segment.size.max = 1048576 (custom)
2019-07-09 20:05:33,208 INFO  server.RaftServerConfigKeys (ConfUtils.java:logGet(43)) - raft.server.log.preallocated.size = 16384 (custom)
2019-07-09 20:05:33,208 INFO  server.RaftServerConfigKeys (ConfUtils.java:logGet(43)) - raft.server.log.write.buffer.size = 33554432 (custom)
2019-07-09 20:05:33,209 INFO  server.RaftServerConfigKeys (ConfUtils.java:logGet(43)) - raft.server.log.force.sync.num = 128 (default)
2019-07-09 20:05:33,209 INFO  server.RaftServerConfigKeys (ConfUtils.java:logGet(43)) - raft.server.log.statemachine.data.sync = true (default)
2019-07-09 20:05:33,209 INFO  server.RaftServerConfigKeys (ConfUtils.java:logGet(43)) - raft.server.log.statemachine.data.sync.timeout = 10s (default)
2019-07-09 20:05:33,209 INFO  server.RaftServerConfigKeys (ConfUtils.java:logGet(43)) - raft.server.log.statemachine.data.sync.timeout.retry = -1 (default)
2019-07-09 20:05:33,210 INFO  server.RaftServerConfigKeys (ConfUtils.java:logGet(43)) - raft.server.log.statemachine.data.caching.enabled = true (custom)
2019-07-09 20:05:33,210 INFO  segmented.SegmentedRaftLogWorker (SegmentedRaftLogWorker.java:lambda$new$0(132)) - 8f4a7b7a-ae1b-4fd7-9143-a909162b5f06-SegmentedRaftLogWorker:Storage Directory /tmp/workdir/hadoop-ozone/tools/target/test-dir/MiniOzoneClusterImpl-beb5748c-665f-4527-a560-1f0d02116ab6/datanode-1/data/ratis/3bd92e05-bf49-4bb3-8694-7204510e3ecd: flushIndex: setUnconditionally 0 -> -1
2019-07-09 20:05:33,211 INFO  server.RaftServerConfigKeys (ConfUtils.java:logGet(43)) - raft.server.snapshot.auto.trigger.enabled = true (custom)
2019-07-09 20:05:33,211 INFO  server.RaftServerConfigKeys (ConfUtils.java:logGet(43)) - raft.server.snapshot.auto.trigger.threshold = 10000 (custom)
2019-07-09 20:05:33,211 INFO  server.RaftServerConfigKeys (ConfUtils.java:logGet(43)) - raft.server.retrycache.expirytime = 600000ms (custom)
2019-07-09 20:05:33,212 INFO  impl.RaftServerImpl (RaftServerImpl.java:start(180)) - 8f4a7b7a-ae1b-4fd7-9143-a909162b5f06: start group-7204510E3ECD
2019-07-09 20:05:33,212 INFO  impl.RaftServerImpl (RaftServerImpl.java:setRole(171)) - 8f4a7b7a-ae1b-4fd7-9143-a909162b5f06:group-7204510E3ECD changes role from null to FOLLOWER at term 0 for startAsFollower
2019-07-09 20:05:33,212 INFO  impl.RoleInfo (RoleInfo.java:updateAndGet(143)) - 8f4a7b7a-ae1b-4fd7-9143-a909162b5f06: start FollowerState
2019-07-09 20:05:33,213 INFO  util.JmxRegister (JmxRegister.java:tryRegister(44)) - Successfully registered JMX Bean with object name Ratis:service=RaftServer,group=group-7204510E3ECD,id=8f4a7b7a-ae1b-4fd7-9143-a909162b5f06
2019-07-09 20:05:33,223 INFO  pipeline.PipelineStateManager (PipelineStateManager.java:addPipeline(56)) - Created pipeline Pipeline[ Id: 3bd92e05-bf49-4bb3-8694-7204510e3ecd, Nodes: 8f4a7b7a-ae1b-4fd7-9143-a909162b5f06{ip: 192.168.69.87, host: hdds1735-4kssb-1465987686, networkLocation: /default-rack, certSerialId: null}, Type:RATIS, Factor:ONE, State:OPEN]
2019-07-09 20:05:33,258 INFO  impl.RaftServerProxy (RaftServerProxy.java:addNew(89)) - 13d97a13-4593-46eb-aba7-b2ac7a1cb781: addNew group-CFD0CF64EE67:[13d97a13-4593-46eb-aba7-b2ac7a1cb781:192.168.69.87:43432, 8f4a7b7a-ae1b-4fd7-9143-a909162b5f06:192.168.69.87:32778, 16889555-9ebc-4b39-bcfc-affe4469384a:192.168.69.87:43466] returns group-CFD0CF64EE67:java.util.concurrent.CompletableFuture@313bf624[Not completed]
2019-07-09 20:05:33,260 INFO  impl.RaftServerImpl (RaftServerImpl.java:<init>(93)) - 13d97a13-4593-46eb-aba7-b2ac7a1cb781: new RaftServerImpl for group-CFD0CF64EE67:[13d97a13-4593-46eb-aba7-b2ac7a1cb781:192.168.69.87:43432, 8f4a7b7a-ae1b-4fd7-9143-a909162b5f06:192.168.69.87:32778, 16889555-9ebc-4b39-bcfc-affe4469384a:192.168.69.87:43466] with ContainerStateMachine:uninitialized
2019-07-09 20:05:33,260 INFO  server.RaftServerConfigKeys (ConfUtils.java:logGet(43)) - raft.server.rpc.timeout.min = 1s (custom)
2019-07-09 20:05:33,260 INFO  impl.RaftServerProxy (RaftServerProxy.java:addNew(89)) - 16889555-9ebc-4b39-bcfc-affe4469384a: addNew group-CFD0CF64EE67:[13d97a13-4593-46eb-aba7-b2ac7a1cb781:192.168.69.87:43432, 8f4a7b7a-ae1b-4fd7-9143-a909162b5f06:192.168.69.87:32778, 16889555-9ebc-4b39-bcfc-affe4469384a:192.168.69.87:43466] returns group-CFD0CF64EE67:java.util.concurrent.CompletableFuture@599be76f[Not completed]
2019-07-09 20:05:33,260 INFO  server.RaftServerConfigKeys (ConfUtils.java:logGet(43)) - raft.server.rpc.timeout.max = 1200ms (custom)
2019-07-09 20:05:33,261 INFO  server.RaftServerConfigKeys (ConfUtils.java:logGet(43)) - raft.server.rpcslowness.timeout = 120s (custom)
2019-07-09 20:05:33,261 INFO  server.RaftServerConfigKeys (ConfUtils.java:logGet(43)) - raft.server.sleep.deviation.threshold = 300 (default)
2019-07-09 20:05:33,263 INFO  server.RaftServerConfigKeys (ConfUtils.java:logGet(43)) - raft.server.log.appender.install.snapshot.enabled = false (custom)
2019-07-09 20:05:33,263 INFO  impl.RaftServerImpl (ServerState.java:<init>(105)) - 13d97a13-4593-46eb-aba7-b2ac7a1cb781:group-CFD0CF64EE67 ConfigurationManager, init=-1: [13d97a13-4593-46eb-aba7-b2ac7a1cb781:192.168.69.87:43432, 8f4a7b7a-ae1b-4fd7-9143-a909162b5f06:192.168.69.87:32778, 16889555-9ebc-4b39-bcfc-affe4469384a:192.168.69.87:43466], old=null, confs=<EMPTY_MAP>
2019-07-09 20:05:33,263 INFO  impl.RaftServerImpl (RaftServerImpl.java:<init>(93)) - 16889555-9ebc-4b39-bcfc-affe4469384a: new RaftServerImpl for group-CFD0CF64EE67:[13d97a13-4593-46eb-aba7-b2ac7a1cb781:192.168.69.87:43432, 8f4a7b7a-ae1b-4fd7-9143-a909162b5f06:192.168.69.87:32778, 16889555-9ebc-4b39-bcfc-affe4469384a:192.168.69.87:43466] with ContainerStateMachine:uninitialized
2019-07-09 20:05:33,263 INFO  server.RaftServerConfigKeys (ConfUtils.java:logGet(43)) - raft.server.storage.dir = [/tmp/workdir/hadoop-ozone/tools/target/test-dir/MiniOzoneClusterImpl-beb5748c-665f-4527-a560-1f0d02116ab6/datanode-2/data/ratis] (custom)
2019-07-09 20:05:33,263 INFO  server.RaftServerConfigKeys (ConfUtils.java:logGet(43)) - raft.server.rpc.timeout.min = 1s (custom)
2019-07-09 20:05:33,264 INFO  server.RaftServerConfigKeys (ConfUtils.java:logGet(43)) - raft.server.rpc.timeout.max = 1200ms (custom)
2019-07-09 20:05:33,264 INFO  storage.RaftStorageDirectory (RaftStorageDirectory.java:analyzeStorage(246)) - The storage directory /tmp/workdir/hadoop-ozone/tools/target/test-dir/MiniOzoneClusterImpl-beb5748c-665f-4527-a560-1f0d02116ab6/datanode-2/data/ratis/22f992c9-2055-4554-aa5a-cfd0cf64ee67 does not exist. Creating ...
2019-07-09 20:05:33,264 INFO  server.RaftServerConfigKeys (ConfUtils.java:logGet(43)) - raft.server.rpcslowness.timeout = 120s (custom)
2019-07-09 20:05:33,265 INFO  server.RaftServerConfigKeys (ConfUtils.java:logGet(43)) - raft.server.sleep.deviation.threshold = 300 (default)
2019-07-09 20:05:33,265 INFO  server.RaftServerConfigKeys (ConfUtils.java:logGet(43)) - raft.server.log.appender.install.snapshot.enabled = false (custom)
2019-07-09 20:05:33,265 INFO  impl.RaftServerProxy (RaftServerProxy.java:addNew(89)) - 8f4a7b7a-ae1b-4fd7-9143-a909162b5f06: addNew group-CFD0CF64EE67:[13d97a13-4593-46eb-aba7-b2ac7a1cb781:192.168.69.87:43432, 8f4a7b7a-ae1b-4fd7-9143-a909162b5f06:192.168.69.87:32778, 16889555-9ebc-4b39-bcfc-affe4469384a:192.168.69.87:43466] returns group-CFD0CF64EE67:java.util.concurrent.CompletableFuture@1c997238[Not completed]
2019-07-09 20:05:33,265 INFO  impl.RaftServerImpl (ServerState.java:<init>(105)) - 16889555-9ebc-4b39-bcfc-affe4469384a:group-CFD0CF64EE67 ConfigurationManager, init=-1: [13d97a13-4593-46eb-aba7-b2ac7a1cb781:192.168.69.87:43432, 8f4a7b7a-ae1b-4fd7-9143-a909162b5f06:192.168.69.87:32778, 16889555-9ebc-4b39-bcfc-affe4469384a:192.168.69.87:43466], old=null, confs=<EMPTY_MAP>
2019-07-09 20:05:33,266 INFO  server.RaftServerConfigKeys (ConfUtils.java:logGet(43)) - raft.server.storage.dir = [/tmp/workdir/hadoop-ozone/tools/target/test-dir/MiniOzoneClusterImpl-beb5748c-665f-4527-a560-1f0d02116ab6/datanode-0/data/ratis] (custom)
2019-07-09 20:05:33,266 INFO  impl.RaftServerImpl (RaftServerImpl.java:<init>(93)) - 8f4a7b7a-ae1b-4fd7-9143-a909162b5f06: new RaftServerImpl for group-CFD0CF64EE67:[13d97a13-4593-46eb-aba7-b2ac7a1cb781:192.168.69.87:43432, 8f4a7b7a-ae1b-4fd7-9143-a909162b5f06:192.168.69.87:32778, 16889555-9ebc-4b39-bcfc-affe4469384a:192.168.69.87:43466] with ContainerStateMachine:uninitialized
2019-07-09 20:05:33,266 INFO  storage.RaftStorageDirectory (RaftStorageDirectory.java:analyzeStorage(246)) - The storage directory /tmp/workdir/hadoop-ozone/tools/target/test-dir/MiniOzoneClusterImpl-beb5748c-665f-4527-a560-1f0d02116ab6/datanode-0/data/ratis/22f992c9-2055-4554-aa5a-cfd0cf64ee67 does not exist. Creating ...
2019-07-09 20:05:33,266 INFO  server.RaftServerConfigKeys (ConfUtils.java:logGet(43)) - raft.server.rpc.timeout.min = 1s (custom)
2019-07-09 20:05:33,267 INFO  server.RaftServerConfigKeys (ConfUtils.java:logGet(43)) - raft.server.rpc.timeout.max = 1200ms (custom)
2019-07-09 20:05:33,267 INFO  server.RaftServerConfigKeys (ConfUtils.java:logGet(43)) - raft.server.rpcslowness.timeout = 120s (custom)
2019-07-09 20:05:33,267 INFO  server.RaftServerConfigKeys (ConfUtils.java:logGet(43)) - raft.server.sleep.deviation.threshold = 300 (default)
2019-07-09 20:05:33,267 INFO  server.RaftServerConfigKeys (ConfUtils.java:logGet(43)) - raft.server.log.appender.install.snapshot.enabled = false (custom)
2019-07-09 20:05:33,267 INFO  impl.RaftServerImpl (ServerState.java:<init>(105)) - 8f4a7b7a-ae1b-4fd7-9143-a909162b5f06:group-CFD0CF64EE67 ConfigurationManager, init=-1: [13d97a13-4593-46eb-aba7-b2ac7a1cb781:192.168.69.87:43432, 8f4a7b7a-ae1b-4fd7-9143-a909162b5f06:192.168.69.87:32778, 16889555-9ebc-4b39-bcfc-affe4469384a:192.168.69.87:43466], old=null, confs=<EMPTY_MAP>
2019-07-09 20:05:33,268 INFO  server.RaftServerConfigKeys (ConfUtils.java:logGet(43)) - raft.server.storage.dir = [/tmp/workdir/hadoop-ozone/tools/target/test-dir/MiniOzoneClusterImpl-beb5748c-665f-4527-a560-1f0d02116ab6/datanode-1/data/ratis] (custom)
2019-07-09 20:05:33,268 INFO  storage.RaftStorageDirectory (RaftStorageDirectory.java:analyzeStorage(246)) - The storage directory /tmp/workdir/hadoop-ozone/tools/target/test-dir/MiniOzoneClusterImpl-beb5748c-665f-4527-a560-1f0d02116ab6/datanode-1/data/ratis/22f992c9-2055-4554-aa5a-cfd0cf64ee67 does not exist. Creating ...
2019-07-09 20:05:33,278 INFO  storage.RaftStorageDirectory (RaftStorageDirectory.java:tryLock(328)) - Lock on /tmp/workdir/hadoop-ozone/tools/target/test-dir/MiniOzoneClusterImpl-beb5748c-665f-4527-a560-1f0d02116ab6/datanode-2/data/ratis/22f992c9-2055-4554-aa5a-cfd0cf64ee67/in_use.lock acquired by nodename 21149@hdds1735-4kssb-1465987686
2019-07-09 20:05:33,278 INFO  storage.RaftStorageDirectory (RaftStorageDirectory.java:tryLock(328)) - Lock on /tmp/workdir/hadoop-ozone/tools/target/test-dir/MiniOzoneClusterImpl-beb5748c-665f-4527-a560-1f0d02116ab6/datanode-0/data/ratis/22f992c9-2055-4554-aa5a-cfd0cf64ee67/in_use.lock acquired by nodename 21149@hdds1735-4kssb-1465987686
2019-07-09 20:05:33,278 INFO  storage.RaftStorageDirectory (RaftStorageDirectory.java:tryLock(328)) - Lock on /tmp/workdir/hadoop-ozone/tools/target/test-dir/MiniOzoneClusterImpl-beb5748c-665f-4527-a560-1f0d02116ab6/datanode-1/data/ratis/22f992c9-2055-4554-aa5a-cfd0cf64ee67/in_use.lock acquired by nodename 21149@hdds1735-4kssb-1465987686
2019-07-09 20:05:33,292 INFO  storage.RaftStorage (RaftStorage.java:format(72)) - Storage directory /tmp/workdir/hadoop-ozone/tools/target/test-dir/MiniOzoneClusterImpl-beb5748c-665f-4527-a560-1f0d02116ab6/datanode-1/data/ratis/22f992c9-2055-4554-aa5a-cfd0cf64ee67 has been successfully formatted.
2019-07-09 20:05:33,292 INFO  storage.RaftStorage (RaftStorage.java:format(72)) - Storage directory /tmp/workdir/hadoop-ozone/tools/target/test-dir/MiniOzoneClusterImpl-beb5748c-665f-4527-a560-1f0d02116ab6/datanode-2/data/ratis/22f992c9-2055-4554-aa5a-cfd0cf64ee67 has been successfully formatted.
2019-07-09 20:05:33,292 INFO  storage.RaftStorage (RaftStorage.java:format(72)) - Storage directory /tmp/workdir/hadoop-ozone/tools/target/test-dir/MiniOzoneClusterImpl-beb5748c-665f-4527-a560-1f0d02116ab6/datanode-0/data/ratis/22f992c9-2055-4554-aa5a-cfd0cf64ee67 has been successfully formatted.
2019-07-09 20:05:33,293 INFO  ozone.MiniOzoneClusterImpl (MiniOzoneClusterImpl.java:lambda$waitForClusterToBeReady$0(142)) - Cluster is ready. Got 3 of 3 DN Heartbeats.
2019-07-09 20:05:33,293 INFO  ratis.ContainerStateMachine (ContainerStateMachine.java:loadSnapshot(198)) - The snapshot info is null.Setting the last applied index to:(t:0, i:~)
2019-07-09 20:05:33,293 INFO  ratis.ContainerStateMachine (ContainerStateMachine.java:loadSnapshot(198)) - The snapshot info is null.Setting the last applied index to:(t:0, i:~)
2019-07-09 20:05:33,293 INFO  server.RaftServerConfigKeys (ConfUtils.java:logGet(43)) - raft.server.leader.election.timeout = 120s (custom)
2019-07-09 20:05:33,293 INFO  ratis.ContainerStateMachine (ContainerStateMachine.java:loadSnapshot(198)) - The snapshot info is null.Setting the last applied index to:(t:0, i:~)
2019-07-09 20:05:33,294 INFO  server.RaftServerConfigKeys (ConfUtils.java:logGet(43)) - raft.server.log.use.memory = false (default)
2019-07-09 20:05:33,293 INFO  server.RaftServerConfigKeys (ConfUtils.java:logGet(43)) - raft.server.leader.election.timeout = 120s (custom)
2019-07-09 20:05:33,294 INFO  server.RaftServerConfigKeys (ConfUtils.java:logGet(43)) - raft.server.log.purge.gap = 1000000000 (custom)
2019-07-09 20:05:33,294 INFO  server.RaftServerConfigKeys (ConfUtils.java:logGet(43)) - raft.server.leader.election.timeout = 120s (custom)
2019-07-09 20:05:33,294 INFO  server.RaftServerConfigKeys (ConfUtils.java:logGet(43)) - raft.server.log.appender.buffer.byte-limit = 33554432 (custom)
2019-07-09 20:05:33,294 INFO  server.RaftServerConfigKeys (ConfUtils.java:logGet(43)) - raft.server.log.use.memory = false (default)
2019-07-09 20:05:33,295 INFO  server.RaftServerConfigKeys (ConfUtils.java:logGet(43)) - raft.server.log.segment.size.max = 1048576 (custom)
2019-07-09 20:05:33,294 INFO  server.RaftServerConfigKeys (ConfUtils.java:logGet(43)) - raft.server.log.use.memory = false (default)
2019-07-09 20:05:33,295 INFO  server.RaftServerConfigKeys (ConfUtils.java:logGet(43)) - raft.server.log.segment.cache.num.max = 2 (custom)
2019-07-09 20:05:33,295 INFO  server.RaftServerConfigKeys (ConfUtils.java:logGet(43)) - raft.server.log.purge.gap = 1000000000 (custom)
2019-07-09 20:05:33,295 INFO  segmented.SegmentedRaftLogWorker (SegmentedRaftLogWorker.java:<init>(172)) - new 13d97a13-4593-46eb-aba7-b2ac7a1cb781-SegmentedRaftLogWorker:Storage Directory /tmp/workdir/hadoop-ozone/tools/target/test-dir/MiniOzoneClusterImpl-beb5748c-665f-4527-a560-1f0d02116ab6/datanode-2/data/ratis/22f992c9-2055-4554-aa5a-cfd0cf64ee67 for RaftStorage:Storage Directory /tmp/workdir/hadoop-ozone/tools/target/test-dir/MiniOzoneClusterImpl-beb5748c-665f-4527-a560-1f0d02116ab6/datanode-2/data/ratis/22f992c9-2055-4554-aa5a-cfd0cf64ee67
2019-07-09 20:05:33,295 INFO  server.RaftServerConfigKeys (ConfUtils.java:logGet(43)) - raft.server.log.purge.gap = 1000000000 (custom)
2019-07-09 20:05:33,295 INFO  server.RaftServerConfigKeys (ConfUtils.java:logGet(43)) - raft.server.log.queue.byte-limit = 2147483647 (custom)
2019-07-09 20:05:33,295 INFO  server.RaftServerConfigKeys (ConfUtils.java:logGet(43)) - raft.server.log.appender.buffer.byte-limit = 33554432 (custom)
2019-07-09 20:05:33,298 INFO  server.RaftServerConfigKeys (ConfUtils.java:logGet(43)) - raft.server.log.queue.element-limit = 1024 (custom)
2019-07-09 20:05:33,296 INFO  server.RaftServerConfigKeys (ConfUtils.java:logGet(43)) - raft.server.log.appender.buffer.byte-limit = 33554432 (custom)
2019-07-09 20:05:33,298 INFO  server.RaftServerConfigKeys (ConfUtils.java:logGet(43)) - raft.server.log.segment.size.max = 1048576 (custom)
2019-07-09 20:05:33,298 INFO  server.RaftServerConfigKeys (ConfUtils.java:logGet(43)) - raft.server.log.segment.size.max = 1048576 (custom)
2019-07-09 20:05:33,298 INFO  server.RaftServerConfigKeys (ConfUtils.java:logGet(43)) - raft.server.log.preallocated.size = 16384 (custom)
2019-07-09 20:05:33,298 INFO  server.RaftServerConfigKeys (ConfUtils.java:logGet(43)) - raft.server.log.segment.size.max = 1048576 (custom)
2019-07-09 20:05:33,299 INFO  server.RaftServerConfigKeys (ConfUtils.java:logGet(43)) - raft.server.log.write.buffer.size = 33554432 (custom)
2019-07-09 20:05:33,298 INFO  server.RaftServerConfigKeys (ConfUtils.java:logGet(43)) - raft.server.log.segment.cache.num.max = 2 (custom)
2019-07-09 20:05:33,299 INFO  server.RaftServerConfigKeys (ConfUtils.java:logGet(43)) - raft.server.log.force.sync.num = 128 (default)
2019-07-09 20:05:33,299 INFO  server.RaftServerConfigKeys (ConfUtils.java:logGet(43)) - raft.server.log.statemachine.data.sync = true (default)
2019-07-09 20:05:33,299 INFO  server.RaftServerConfigKeys (ConfUtils.java:logGet(43)) - raft.server.log.segment.cache.num.max = 2 (custom)
2019-07-09 20:05:33,299 INFO  server.RaftServerConfigKeys (ConfUtils.java:logGet(43)) - raft.server.log.statemachine.data.sync.timeout = 10s (default)
2019-07-09 20:05:33,299 INFO  segmented.SegmentedRaftLogWorker (SegmentedRaftLogWorker.java:<init>(172)) - new 8f4a7b7a-ae1b-4fd7-9143-a909162b5f06-SegmentedRaftLogWorker:Storage Directory /tmp/workdir/hadoop-ozone/tools/target/test-dir/MiniOzoneClusterImpl-beb5748c-665f-4527-a560-1f0d02116ab6/datanode-1/data/ratis/22f992c9-2055-4554-aa5a-cfd0cf64ee67 for RaftStorage:Storage Directory /tmp/workdir/hadoop-ozone/tools/target/test-dir/MiniOzoneClusterImpl-beb5748c-665f-4527-a560-1f0d02116ab6/datanode-1/data/ratis/22f992c9-2055-4554-aa5a-cfd0cf64ee67
2019-07-09 20:05:33,300 INFO  server.RaftServerConfigKeys (ConfUtils.java:logGet(43)) - raft.server.log.statemachine.data.sync.timeout.retry = -1 (default)
2019-07-09 20:05:33,300 INFO  segmented.SegmentedRaftLogWorker (SegmentedRaftLogWorker.java:<init>(172)) - new 16889555-9ebc-4b39-bcfc-affe4469384a-SegmentedRaftLogWorker:Storage Directory /tmp/workdir/hadoop-ozone/tools/target/test-dir/MiniOzoneClusterImpl-beb5748c-665f-4527-a560-1f0d02116ab6/datanode-0/data/ratis/22f992c9-2055-4554-aa5a-cfd0cf64ee67 for RaftStorage:Storage Directory /tmp/workdir/hadoop-ozone/tools/target/test-dir/MiniOzoneClusterImpl-beb5748c-665f-4527-a560-1f0d02116ab6/datanode-0/data/ratis/22f992c9-2055-4554-aa5a-cfd0cf64ee67
2019-07-09 20:05:33,300 INFO  server.RaftServerConfigKeys (ConfUtils.java:logGet(43)) - raft.server.log.queue.byte-limit = 2147483647 (custom)
2019-07-09 20:05:33,302 INFO  server.RaftServerConfigKeys (ConfUtils.java:logGet(43)) - raft.server.log.queue.byte-limit = 2147483647 (custom)
2019-07-09 20:05:33,302 INFO  server.RaftServerConfigKeys (ConfUtils.java:logGet(43)) - raft.server.log.statemachine.data.caching.enabled = true (custom)
2019-07-09 20:05:33,304 INFO  server.RaftServerConfigKeys (ConfUtils.java:logGet(43)) - raft.server.log.queue.element-limit = 1024 (custom)
2019-07-09 20:05:33,302 INFO  server.RaftServerConfigKeys (ConfUtils.java:logGet(43)) - raft.server.log.queue.element-limit = 1024 (custom)
2019-07-09 20:05:33,304 INFO  segmented.SegmentedRaftLogWorker (SegmentedRaftLogWorker.java:lambda$new$0(132)) - 13d97a13-4593-46eb-aba7-b2ac7a1cb781-SegmentedRaftLogWorker:Storage Directory /tmp/workdir/hadoop-ozone/tools/target/test-dir/MiniOzoneClusterImpl-beb5748c-665f-4527-a560-1f0d02116ab6/datanode-2/data/ratis/22f992c9-2055-4554-aa5a-cfd0cf64ee67: flushIndex: setUnconditionally 0 -> -1
2019-07-09 20:05:33,304 INFO  server.RaftServerConfigKeys (ConfUtils.java:logGet(43)) - raft.server.log.segment.size.max = 1048576 (custom)
2019-07-09 20:05:33,304 INFO  server.RaftServerConfigKeys (ConfUtils.java:logGet(43)) - raft.server.log.segment.size.max = 1048576 (custom)
2019-07-09 20:05:33,305 INFO  server.RaftServerConfigKeys (ConfUtils.java:logGet(43)) - raft.server.log.preallocated.size = 16384 (custom)
2019-07-09 20:05:33,305 INFO  server.RaftServerConfigKeys (ConfUtils.java:logGet(43)) - raft.server.snapshot.auto.trigger.enabled = true (custom)
2019-07-09 20:05:33,305 INFO  server.RaftServerConfigKeys (ConfUtils.java:logGet(43)) - raft.server.log.write.buffer.size = 33554432 (custom)
2019-07-09 20:05:33,305 INFO  server.RaftServerConfigKeys (ConfUtils.java:logGet(43)) - raft.server.log.preallocated.size = 16384 (custom)
2019-07-09 20:05:33,305 INFO  server.RaftServerConfigKeys (ConfUtils.java:logGet(43)) - raft.server.log.force.sync.num = 128 (default)
2019-07-09 20:05:33,305 INFO  server.RaftServerConfigKeys (ConfUtils.java:logGet(43)) - raft.server.snapshot.auto.trigger.threshold = 10000 (custom)
2019-07-09 20:05:33,306 INFO  server.RaftServerConfigKeys (ConfUtils.java:logGet(43)) - raft.server.log.statemachine.data.sync = true (default)
2019-07-09 20:05:33,306 INFO  server.RaftServerConfigKeys (ConfUtils.java:logGet(43)) - raft.server.log.write.buffer.size = 33554432 (custom)
2019-07-09 20:05:33,306 INFO  server.RaftServerConfigKeys (ConfUtils.java:logGet(43)) - raft.server.log.statemachine.data.sync.timeout = 10s (default)
2019-07-09 20:05:33,306 INFO  server.RaftServerConfigKeys (ConfUtils.java:logGet(43)) - raft.server.retrycache.expirytime = 600000ms (custom)
2019-07-09 20:05:33,306 INFO  server.RaftServerConfigKeys (ConfUtils.java:logGet(43)) - raft.server.log.statemachine.data.sync.timeout.retry = -1 (default)
2019-07-09 20:05:33,306 INFO  server.RaftServerConfigKeys (ConfUtils.java:logGet(43)) - raft.server.log.force.sync.num = 128 (default)
2019-07-09 20:05:33,307 INFO  server.RaftServerConfigKeys (ConfUtils.java:logGet(43)) - raft.server.log.statemachine.data.caching.enabled = true (custom)
2019-07-09 20:05:33,307 INFO  impl.RaftServerImpl (RaftServerImpl.java:start(180)) - 13d97a13-4593-46eb-aba7-b2ac7a1cb781: start group-CFD0CF64EE67
2019-07-09 20:05:33,307 INFO  server.RaftServerConfigKeys (ConfUtils.java:logGet(43)) - raft.server.log.statemachine.data.sync = true (default)
2019-07-09 20:05:33,307 INFO  segmented.SegmentedRaftLogWorker (SegmentedRaftLogWorker.java:lambda$new$0(132)) - 16889555-9ebc-4b39-bcfc-affe4469384a-SegmentedRaftLogWorker:Storage Directory /tmp/workdir/hadoop-ozone/tools/target/test-dir/MiniOzoneClusterImpl-beb5748c-665f-4527-a560-1f0d02116ab6/datanode-0/data/ratis/22f992c9-2055-4554-aa5a-cfd0cf64ee67: flushIndex: setUnconditionally 0 -> -1
2019-07-09 20:05:33,307 INFO  impl.RaftServerImpl (RaftServerImpl.java:setRole(171)) - 13d97a13-4593-46eb-aba7-b2ac7a1cb781:group-CFD0CF64EE67 changes role from null to FOLLOWER at term 0 for startAsFollower
2019-07-09 20:05:33,307 INFO  server.RaftServerConfigKeys (ConfUtils.java:logGet(43)) - raft.server.log.statemachine.data.sync.timeout = 10s (default)
2019-07-09 20:05:33,308 INFO  impl.RoleInfo (RoleInfo.java:updateAndGet(143)) - 13d97a13-4593-46eb-aba7-b2ac7a1cb781: start FollowerState
2019-07-09 20:05:33,307 INFO  server.RaftServerConfigKeys (ConfUtils.java:logGet(43)) - raft.server.snapshot.auto.trigger.enabled = true (custom)
2019-07-09 20:05:33,308 INFO  server.RaftServerConfigKeys (ConfUtils.java:logGet(43)) - raft.server.log.statemachine.data.sync.timeout.retry = -1 (default)
2019-07-09 20:05:33,308 INFO  server.RaftServerConfigKeys (ConfUtils.java:logGet(43)) - raft.server.snapshot.auto.trigger.threshold = 10000 (custom)
2019-07-09 20:05:33,308 INFO  server.RaftServerConfigKeys (ConfUtils.java:logGet(43)) - raft.server.log.statemachine.data.caching.enabled = true (custom)
2019-07-09 20:05:33,308 INFO  server.RaftServerConfigKeys (ConfUtils.java:logGet(43)) - raft.server.retrycache.expirytime = 600000ms (custom)
2019-07-09 20:05:33,308 INFO  util.JmxRegister (JmxRegister.java:tryRegister(44)) - Successfully registered JMX Bean with object name Ratis:service=RaftServer,group=group-CFD0CF64EE67,id=13d97a13-4593-46eb-aba7-b2ac7a1cb781
2019-07-09 20:05:33,309 INFO  impl.RaftServerImpl (RaftServerImpl.java:start(180)) - 16889555-9ebc-4b39-bcfc-affe4469384a: start group-CFD0CF64EE67
2019-07-09 20:05:33,308 INFO  segmented.SegmentedRaftLogWorker (SegmentedRaftLogWorker.java:lambda$new$0(132)) - 8f4a7b7a-ae1b-4fd7-9143-a909162b5f06-SegmentedRaftLogWorker:Storage Directory /tmp/workdir/hadoop-ozone/tools/target/test-dir/MiniOzoneClusterImpl-beb5748c-665f-4527-a560-1f0d02116ab6/datanode-1/data/ratis/22f992c9-2055-4554-aa5a-cfd0cf64ee67: flushIndex: setUnconditionally 0 -> -1
2019-07-09 20:05:33,309 INFO  impl.RaftServerImpl (RaftServerImpl.java:setRole(171)) - 16889555-9ebc-4b39-bcfc-affe4469384a:group-CFD0CF64EE67 changes role from null to FOLLOWER at term 0 for startAsFollower
2019-07-09 20:05:33,309 INFO  server.RaftServerConfigKeys (ConfUtils.java:logGet(43)) - raft.server.snapshot.auto.trigger.enabled = true (custom)
2019-07-09 20:05:33,309 INFO  impl.RoleInfo (RoleInfo.java:updateAndGet(143)) - 16889555-9ebc-4b39-bcfc-affe4469384a: start FollowerState
2019-07-09 20:05:33,309 INFO  server.RaftServerConfigKeys (ConfUtils.java:logGet(43)) - raft.server.snapshot.auto.trigger.threshold = 10000 (custom)
2019-07-09 20:05:33,310 INFO  server.RaftServerConfigKeys (ConfUtils.java:logGet(43)) - raft.server.retrycache.expirytime = 600000ms (custom)
2019-07-09 20:05:33,310 INFO  util.JmxRegister (JmxRegister.java:tryRegister(44)) - Successfully registered JMX Bean with object name Ratis:service=RaftServer,group=group-CFD0CF64EE67,id=16889555-9ebc-4b39-bcfc-affe4469384a
2019-07-09 20:05:33,310 INFO  impl.RaftServerImpl (RaftServerImpl.java:start(180)) - 8f4a7b7a-ae1b-4fd7-9143-a909162b5f06: start group-CFD0CF64EE67
2019-07-09 20:05:33,311 INFO  impl.RaftServerImpl (RaftServerImpl.java:setRole(171)) - 8f4a7b7a-ae1b-4fd7-9143-a909162b5f06:group-CFD0CF64EE67 changes role from null to FOLLOWER at term 0 for startAsFollower
2019-07-09 20:05:33,312 INFO  impl.RoleInfo (RoleInfo.java:updateAndGet(143)) - 8f4a7b7a-ae1b-4fd7-9143-a909162b5f06: start FollowerState
2019-07-09 20:05:33,313 INFO  util.JmxRegister (JmxRegister.java:tryRegister(44)) - Successfully registered JMX Bean with object name Ratis:service=RaftServer,group=group-CFD0CF64EE67,id=8f4a7b7a-ae1b-4fd7-9143-a909162b5f06
2019-07-09 20:05:33,338 INFO  pipeline.PipelineStateManager (PipelineStateManager.java:addPipeline(56)) - Created pipeline Pipeline[ Id: 22f992c9-2055-4554-aa5a-cfd0cf64ee67, Nodes: 13d97a13-4593-46eb-aba7-b2ac7a1cb781{ip: 192.168.69.87, host: hdds1735-4kssb-1465987686, networkLocation: /default-rack, certSerialId: null}16889555-9ebc-4b39-bcfc-affe4469384a{ip: 192.168.69.87, host: hdds1735-4kssb-1465987686, networkLocation: /default-rack, certSerialId: null}8f4a7b7a-ae1b-4fd7-9143-a909162b5f06{ip: 192.168.69.87, host: hdds1735-4kssb-1465987686, networkLocation: /default-rack, certSerialId: null}, Type:RATIS, Factor:THREE, State:OPEN]
2019-07-09 20:05:33,680 INFO  freon.RandomKeyGenerator (RandomKeyGenerator.java:call(262)) - Number of Threads: 10
2019-07-09 20:05:33,681 INFO  freon.RandomKeyGenerator (RandomKeyGenerator.java:call(267)) - Number of Volumes: 1.
2019-07-09 20:05:33,681 INFO  freon.RandomKeyGenerator (RandomKeyGenerator.java:call(268)) - Number of Buckets per Volume: 1.
2019-07-09 20:05:33,681 INFO  freon.RandomKeyGenerator (RandomKeyGenerator.java:call(269)) - Number of Keys per Bucket: 1.
2019-07-09 20:05:33,681 INFO  freon.RandomKeyGenerator (RandomKeyGenerator.java:call(270)) - Key size: 20971520 bytes
2019-07-09 20:05:33,681 INFO  freon.RandomKeyGenerator (RandomKeyGenerator.java:call(271)) - Buffer size: 4096 bytes
2019-07-09 20:05:33,683 INFO  freon.RandomKeyGenerator (RandomKeyGenerator.java:call(286)) - Data validation is enabled.
2019-07-09 20:05:33,684 INFO  freon.RandomKeyGenerator (RandomKeyGenerator.java:call(299)) - Starting progress bar Thread.

 0.00% |█                                                                                                    |  0/1 Time: 0:00:002019-07-09 20:05:33,725 INFO  rpc.RpcClient (RpcClient.java:createVolume(289)) - Creating Volume: vol-0-98759, with jenkins1000 as owner.
2019-07-09 20:05:33,775 INFO  rpc.RpcClient (RpcClient.java:createBucket(426)) - Creating Bucket: vol-0-98759/bucket-0-61522, with Versioning false and Storage Type set to DISK and Encryption set to false 
2019-07-09 20:05:34,092 INFO  client.GrpcClientProtocolClient (GrpcClientProtocolClient.java:onNext(255)) - client-21272AA08658->13d97a13-4593-46eb-aba7-b2ac7a1cb781: receive RaftClientReply:client-21272AA08658->13d97a13-4593-46eb-aba7-b2ac7a1cb781@group-CFD0CF64EE67, cid=6, FAILED org.apache.ratis.protocol.NotLeaderException: Server 13d97a13-4593-46eb-aba7-b2ac7a1cb781 is not the leader (null). Request must be sent to leader., logIndex=0, commits[13d97a13-4593-46eb-aba7-b2ac7a1cb781:c-1]
2019-07-09 20:05:34,121 INFO  impl.FollowerState (FollowerState.java:run(106)) - 16889555-9ebc-4b39-bcfc-affe4469384a:group-3B3568FE2ADE changes to CANDIDATE, lastRpcTime:1158, electionTimeout:1157ms
2019-07-09 20:05:34,121 INFO  impl.RoleInfo (RoleInfo.java:shutdownFollowerState(121)) - 16889555-9ebc-4b39-bcfc-affe4469384a: shutdown FollowerState
2019-07-09 20:05:34,121 INFO  impl.RaftServerImpl (RaftServerImpl.java:setRole(171)) - 16889555-9ebc-4b39-bcfc-affe4469384a:group-3B3568FE2ADE changes role from FOLLOWER to CANDIDATE at term 0 for changeToCandidate
2019-07-09 20:05:34,126 INFO  impl.RoleInfo (RoleInfo.java:updateAndGet(143)) - 16889555-9ebc-4b39-bcfc-affe4469384a: start LeaderElection
2019-07-09 20:05:34,143 INFO  impl.LeaderElection (LeaderElection.java:askForVotes(181)) - 16889555-9ebc-4b39-bcfc-affe4469384a:group-3B3568FE2ADE:LeaderElection1: begin an election at term 1 for -1: [16889555-9ebc-4b39-bcfc-affe4469384a:192.168.69.87:43466], old=null
2019-07-09 20:05:34,146 INFO  impl.RoleInfo (RoleInfo.java:shutdownLeaderElection(134)) - 16889555-9ebc-4b39-bcfc-affe4469384a: shutdown LeaderElection
2019-07-09 20:05:34,146 INFO  impl.RaftServerImpl (RaftServerImpl.java:setRole(171)) - 16889555-9ebc-4b39-bcfc-affe4469384a:group-3B3568FE2ADE changes role from CANDIDATE to LEADER at term 1 for changeToLeader
2019-07-09 20:05:34,147 INFO  impl.RaftServerImpl (ServerState.java:setLeader(263)) - 16889555-9ebc-4b39-bcfc-affe4469384a:group-3B3568FE2ADE change Leader from null to 16889555-9ebc-4b39-bcfc-affe4469384a at term 1 for becomeLeader, leader elected after 1526ms
2019-07-09 20:05:34,154 INFO  server.RaftServerConfigKeys (ConfUtils.java:logGet(43)) - raft.server.staging.catchup.gap = 1000 (default)
2019-07-09 20:05:34,155 INFO  server.RaftServerConfigKeys (ConfUtils.java:logGet(43)) - raft.server.rpc.sleep.time = 25ms (default)
2019-07-09 20:05:34,158 INFO  server.RaftServerConfigKeys (ConfUtils.java:logGet(43)) - raft.server.write.element-limit = 4096 (default)
2019-07-09 20:05:34,162 INFO  server.RaftServerConfigKeys (ConfUtils.java:logGet(43)) - raft.server.watch.timeout = 10s (default)
2019-07-09 20:05:34,162 INFO  server.RaftServerConfigKeys (ConfUtils.java:logGet(43)) - raft.server.watch.timeout.denomination = 1s (default)
2019-07-09 20:05:34,163 INFO  server.RaftServerConfigKeys (ConfUtils.java:logGet(43)) - raft.server.watch.element-limit = 65536 (default)
2019-07-09 20:05:34,174 INFO  impl.RoleInfo (RoleInfo.java:updateAndGet(143)) - 16889555-9ebc-4b39-bcfc-affe4469384a: start LeaderState
2019-07-09 20:05:34,200 INFO  segmented.SegmentedRaftLogWorker (SegmentedRaftLogWorker.java:startLogSegment(380)) - 16889555-9ebc-4b39-bcfc-affe4469384a-SegmentedRaftLogWorker:Storage Directory /tmp/workdir/hadoop-ozone/tools/target/test-dir/MiniOzoneClusterImpl-beb5748c-665f-4527-a560-1f0d02116ab6/datanode-0/data/ratis/f6c1b5d7-37c4-4ccc-bba4-3b3568fe2ade: Starting segment from index:0
2019-07-09 20:05:34,209 INFO  impl.RaftServerImpl (ServerState.java:setRaftConf(361)) - 16889555-9ebc-4b39-bcfc-affe4469384a:group-3B3568FE2ADE set configuration 0: [16889555-9ebc-4b39-bcfc-affe4469384a:192.168.69.87:43466], old=null at 0
2019-07-09 20:05:34,282 INFO  impl.FollowerState (FollowerState.java:run(106)) - 13d97a13-4593-46eb-aba7-b2ac7a1cb781:group-503D8C2F04F1 changes to CANDIDATE, lastRpcTime:1144, electionTimeout:1143ms
2019-07-09 20:05:34,284 INFO  impl.RoleInfo (RoleInfo.java:shutdownFollowerState(121)) - 13d97a13-4593-46eb-aba7-b2ac7a1cb781: shutdown FollowerState
2019-07-09 20:05:34,284 INFO  impl.RaftServerImpl (RaftServerImpl.java:setRole(171)) - 13d97a13-4593-46eb-aba7-b2ac7a1cb781:group-503D8C2F04F1 changes role from FOLLOWER to CANDIDATE at term 0 for changeToCandidate
2019-07-09 20:05:34,284 INFO  impl.RoleInfo (RoleInfo.java:updateAndGet(143)) - 13d97a13-4593-46eb-aba7-b2ac7a1cb781: start LeaderElection
2019-07-09 20:05:34,302 INFO  impl.LeaderElection (LeaderElection.java:askForVotes(181)) - 13d97a13-4593-46eb-aba7-b2ac7a1cb781:group-503D8C2F04F1:LeaderElection2: begin an election at term 1 for -1: [13d97a13-4593-46eb-aba7-b2ac7a1cb781:192.168.69.87:43432], old=null
2019-07-09 20:05:34,302 INFO  impl.RoleInfo (RoleInfo.java:shutdownLeaderElection(134)) - 13d97a13-4593-46eb-aba7-b2ac7a1cb781: shutdown LeaderElection
2019-07-09 20:05:34,302 INFO  impl.RaftServerImpl (RaftServerImpl.java:setRole(171)) - 13d97a13-4593-46eb-aba7-b2ac7a1cb781:group-503D8C2F04F1 changes role from CANDIDATE to LEADER at term 1 for changeToLeader
2019-07-09 20:05:34,302 INFO  impl.RaftServerImpl (ServerState.java:setLeader(263)) - 13d97a13-4593-46eb-aba7-b2ac7a1cb781:group-503D8C2F04F1 change Leader from null to 13d97a13-4593-46eb-aba7-b2ac7a1cb781 at term 1 for becomeLeader, leader elected after 1171ms
2019-07-09 20:05:34,302 INFO  server.RaftServerConfigKeys (ConfUtils.java:logGet(43)) - raft.server.staging.catchup.gap = 1000 (default)
2019-07-09 20:05:34,303 INFO  server.RaftServerConfigKeys (ConfUtils.java:logGet(43)) - raft.server.rpc.sleep.time = 25ms (default)
2019-07-09 20:05:34,303 INFO  server.RaftServerConfigKeys (ConfUtils.java:logGet(43)) - raft.server.write.element-limit = 4096 (default)
2019-07-09 20:05:34,304 INFO  server.RaftServerConfigKeys (ConfUtils.java:logGet(43)) - raft.server.watch.timeout = 10s (default)
2019-07-09 20:05:34,304 INFO  server.RaftServerConfigKeys (ConfUtils.java:logGet(43)) - raft.server.watch.timeout.denomination = 1s (default)
2019-07-09 20:05:34,304 INFO  server.RaftServerConfigKeys (ConfUtils.java:logGet(43)) - raft.server.watch.element-limit = 65536 (default)
2019-07-09 20:05:34,304 INFO  impl.RoleInfo (RoleInfo.java:updateAndGet(143)) - 13d97a13-4593-46eb-aba7-b2ac7a1cb781: start LeaderState
2019-07-09 20:05:34,305 INFO  segmented.SegmentedRaftLogWorker (SegmentedRaftLogWorker.java:startLogSegment(380)) - 13d97a13-4593-46eb-aba7-b2ac7a1cb781-SegmentedRaftLogWorker:Storage Directory /tmp/workdir/hadoop-ozone/tools/target/test-dir/MiniOzoneClusterImpl-beb5748c-665f-4527-a560-1f0d02116ab6/datanode-2/data/ratis/5013c9b1-af82-4a9e-9824-503d8c2f04f1: Starting segment from index:0
2019-07-09 20:05:34,305 INFO  impl.RaftServerImpl (ServerState.java:setRaftConf(361)) - 13d97a13-4593-46eb-aba7-b2ac7a1cb781:group-503D8C2F04F1 set configuration 0: [13d97a13-4593-46eb-aba7-b2ac7a1cb781:192.168.69.87:43432], old=null at 0
2019-07-09 20:05:34,324 INFO  impl.FollowerState (FollowerState.java:run(106)) - 8f4a7b7a-ae1b-4fd7-9143-a909162b5f06:group-7204510E3ECD changes to CANDIDATE, lastRpcTime:1111, electionTimeout:1111ms
2019-07-09 20:05:34,324 INFO  impl.RoleInfo (RoleInfo.java:shutdownFollowerState(121)) - 8f4a7b7a-ae1b-4fd7-9143-a909162b5f06: shutdown FollowerState
2019-07-09 20:05:34,324 INFO  impl.RaftServerImpl (RaftServerImpl.java:setRole(171)) - 8f4a7b7a-ae1b-4fd7-9143-a909162b5f06:group-7204510E3ECD changes role from FOLLOWER to CANDIDATE at term 0 for changeToCandidate
2019-07-09 20:05:34,324 INFO  impl.RoleInfo (RoleInfo.java:updateAndGet(143)) - 8f4a7b7a-ae1b-4fd7-9143-a909162b5f06: start LeaderElection
2019-07-09 20:05:34,341 INFO  impl.LeaderElection (LeaderElection.java:askForVotes(181)) - 8f4a7b7a-ae1b-4fd7-9143-a909162b5f06:group-7204510E3ECD:LeaderElection3: begin an election at term 1 for -1: [8f4a7b7a-ae1b-4fd7-9143-a909162b5f06:192.168.69.87:32778], old=null
2019-07-09 20:05:34,342 INFO  impl.RoleInfo (RoleInfo.java:shutdownLeaderElection(134)) - 8f4a7b7a-ae1b-4fd7-9143-a909162b5f06: shutdown LeaderElection
2019-07-09 20:05:34,342 INFO  impl.RaftServerImpl (RaftServerImpl.java:setRole(171)) - 8f4a7b7a-ae1b-4fd7-9143-a909162b5f06:group-7204510E3ECD changes role from CANDIDATE to LEADER at term 1 for changeToLeader
2019-07-09 20:05:34,343 INFO  impl.RaftServerImpl (ServerState.java:setLeader(263)) - 8f4a7b7a-ae1b-4fd7-9143-a909162b5f06:group-7204510E3ECD change Leader from null to 8f4a7b7a-ae1b-4fd7-9143-a909162b5f06 at term 1 for becomeLeader, leader elected after 1137ms
2019-07-09 20:05:34,343 INFO  server.RaftServerConfigKeys (ConfUtils.java:logGet(43)) - raft.server.staging.catchup.gap = 1000 (default)
2019-07-09 20:05:34,343 INFO  server.RaftServerConfigKeys (ConfUtils.java:logGet(43)) - raft.server.rpc.sleep.time = 25ms (default)
2019-07-09 20:05:34,343 INFO  server.RaftServerConfigKeys (ConfUtils.java:logGet(43)) - raft.server.write.element-limit = 4096 (default)
2019-07-09 20:05:34,343 INFO  server.RaftServerConfigKeys (ConfUtils.java:logGet(43)) - raft.server.watch.timeout = 10s (default)
2019-07-09 20:05:34,344 INFO  server.RaftServerConfigKeys (ConfUtils.java:logGet(43)) - raft.server.watch.timeout.denomination = 1s (default)
2019-07-09 20:05:34,344 INFO  server.RaftServerConfigKeys (ConfUtils.java:logGet(43)) - raft.server.watch.element-limit = 65536 (default)
2019-07-09 20:05:34,344 INFO  impl.RoleInfo (RoleInfo.java:updateAndGet(143)) - 8f4a7b7a-ae1b-4fd7-9143-a909162b5f06: start LeaderState
2019-07-09 20:05:34,344 INFO  segmented.SegmentedRaftLogWorker (SegmentedRaftLogWorker.java:startLogSegment(380)) - 8f4a7b7a-ae1b-4fd7-9143-a909162b5f06-SegmentedRaftLogWorker:Storage Directory /tmp/workdir/hadoop-ozone/tools/target/test-dir/MiniOzoneClusterImpl-beb5748c-665f-4527-a560-1f0d02116ab6/datanode-1/data/ratis/3bd92e05-bf49-4bb3-8694-7204510e3ecd: Starting segment from index:0
2019-07-09 20:05:34,345 INFO  impl.RaftServerImpl (ServerState.java:setRaftConf(361)) - 8f4a7b7a-ae1b-4fd7-9143-a909162b5f06:group-7204510E3ECD set configuration 0: [8f4a7b7a-ae1b-4fd7-9143-a909162b5f06:192.168.69.87:32778], old=null at 0
2019-07-09 20:05:34,368 INFO  impl.FollowerState (FollowerState.java:run(106)) - 8f4a7b7a-ae1b-4fd7-9143-a909162b5f06:group-CFD0CF64EE67 changes to CANDIDATE, lastRpcTime:1055, electionTimeout:1055ms
2019-07-09 20:05:34,368 INFO  impl.RoleInfo (RoleInfo.java:shutdownFollowerState(121)) - 8f4a7b7a-ae1b-4fd7-9143-a909162b5f06: shutdown FollowerState
2019-07-09 20:05:34,368 INFO  impl.RaftServerImpl (RaftServerImpl.java:setRole(171)) - 8f4a7b7a-ae1b-4fd7-9143-a909162b5f06:group-CFD0CF64EE67 changes role from FOLLOWER to CANDIDATE at term 0 for changeToCandidate
2019-07-09 20:05:34,368 INFO  impl.RoleInfo (RoleInfo.java:updateAndGet(143)) - 8f4a7b7a-ae1b-4fd7-9143-a909162b5f06: start LeaderElection
2019-07-09 20:05:34,370 INFO  impl.FollowerState (FollowerState.java:run(106)) - 16889555-9ebc-4b39-bcfc-affe4469384a:group-CFD0CF64EE67 changes to CANDIDATE, lastRpcTime:1060, electionTimeout:1060ms
2019-07-09 20:05:34,372 INFO  impl.RoleInfo (RoleInfo.java:shutdownFollowerState(121)) - 16889555-9ebc-4b39-bcfc-affe4469384a: shutdown FollowerState
2019-07-09 20:05:34,372 INFO  impl.RaftServerImpl (RaftServerImpl.java:setRole(171)) - 16889555-9ebc-4b39-bcfc-affe4469384a:group-CFD0CF64EE67 changes role from FOLLOWER to CANDIDATE at term 0 for changeToCandidate
2019-07-09 20:05:34,372 INFO  impl.RoleInfo (RoleInfo.java:updateAndGet(143)) - 16889555-9ebc-4b39-bcfc-affe4469384a: start LeaderElection
2019-07-09 20:05:34,385 INFO  impl.LeaderElection (LeaderElection.java:askForVotes(181)) - 8f4a7b7a-ae1b-4fd7-9143-a909162b5f06:group-CFD0CF64EE67:LeaderElection4: begin an election at term 1 for -1: [13d97a13-4593-46eb-aba7-b2ac7a1cb781:192.168.69.87:43432, 8f4a7b7a-ae1b-4fd7-9143-a909162b5f06:192.168.69.87:32778, 16889555-9ebc-4b39-bcfc-affe4469384a:192.168.69.87:43466], old=null
2019-07-09 20:05:34,386 INFO  impl.LeaderElection (LeaderElection.java:askForVotes(181)) - 16889555-9ebc-4b39-bcfc-affe4469384a:group-CFD0CF64EE67:LeaderElection5: begin an election at term 1 for -1: [13d97a13-4593-46eb-aba7-b2ac7a1cb781:192.168.69.87:43432, 8f4a7b7a-ae1b-4fd7-9143-a909162b5f06:192.168.69.87:32778, 16889555-9ebc-4b39-bcfc-affe4469384a:192.168.69.87:43466], old=null
2019-07-09 20:05:34,410 INFO  segmented.SegmentedRaftLogWorker (SegmentedRaftLogWorker.java:execute(569)) - 13d97a13-4593-46eb-aba7-b2ac7a1cb781-SegmentedRaftLogWorker:Storage Directory /tmp/workdir/hadoop-ozone/tools/target/test-dir/MiniOzoneClusterImpl-beb5748c-665f-4527-a560-1f0d02116ab6/datanode-2/data/ratis/5013c9b1-af82-4a9e-9824-503d8c2f04f1: created new log segment /tmp/workdir/hadoop-ozone/tools/target/test-dir/MiniOzoneClusterImpl-beb5748c-665f-4527-a560-1f0d02116ab6/datanode-2/data/ratis/5013c9b1-af82-4a9e-9824-503d8c2f04f1/current/log_inprogress_0
2019-07-09 20:05:34,410 INFO  segmented.SegmentedRaftLogWorker (SegmentedRaftLogWorker.java:execute(569)) - 8f4a7b7a-ae1b-4fd7-9143-a909162b5f06-SegmentedRaftLogWorker:Storage Directory /tmp/workdir/hadoop-ozone/tools/target/test-dir/MiniOzoneClusterImpl-beb5748c-665f-4527-a560-1f0d02116ab6/datanode-1/data/ratis/3bd92e05-bf49-4bb3-8694-7204510e3ecd: created new log segment /tmp/workdir/hadoop-ozone/tools/target/test-dir/MiniOzoneClusterImpl-beb5748c-665f-4527-a560-1f0d02116ab6/datanode-1/data/ratis/3bd92e05-bf49-4bb3-8694-7204510e3ecd/current/log_inprogress_0
2019-07-09 20:05:34,410 INFO  segmented.SegmentedRaftLogWorker (SegmentedRaftLogWorker.java:execute(569)) - 16889555-9ebc-4b39-bcfc-affe4469384a-SegmentedRaftLogWorker:Storage Directory /tmp/workdir/hadoop-ozone/tools/target/test-dir/MiniOzoneClusterImpl-beb5748c-665f-4527-a560-1f0d02116ab6/datanode-0/data/ratis/f6c1b5d7-37c4-4ccc-bba4-3b3568fe2ade: created new log segment /tmp/workdir/hadoop-ozone/tools/target/test-dir/MiniOzoneClusterImpl-beb5748c-665f-4527-a560-1f0d02116ab6/datanode-0/data/ratis/f6c1b5d7-37c4-4ccc-bba4-3b3568fe2ade/current/log_inprogress_0
2019-07-09 20:05:34,424 INFO  impl.RaftServerImpl (RaftServerImpl.java:setRole(171)) - 13d97a13-4593-46eb-aba7-b2ac7a1cb781:group-CFD0CF64EE67 changes role from FOLLOWER to FOLLOWER at term 1 for recognizeCandidate:8f4a7b7a-ae1b-4fd7-9143-a909162b5f06
2019-07-09 20:05:34,425 INFO  impl.RoleInfo (RoleInfo.java:shutdownFollowerState(121)) - 13d97a13-4593-46eb-aba7-b2ac7a1cb781: shutdown FollowerState
2019-07-09 20:05:34,426 INFO  impl.RoleInfo (RoleInfo.java:updateAndGet(143)) - 13d97a13-4593-46eb-aba7-b2ac7a1cb781: start FollowerState
2019-07-09 20:05:34,426 INFO  impl.FollowerState (FollowerState.java:run(114)) - 13d97a13-4593-46eb-aba7-b2ac7a1cb781: FollowerState was interrupted: java.lang.InterruptedException: sleep interrupted
2019-07-09 20:05:34,464 INFO  impl.LeaderElection (LeaderElection.java:logAndReturn(56)) - 8f4a7b7a-ae1b-4fd7-9143-a909162b5f06:group-CFD0CF64EE67:LeaderElection4: Election PASSED; received 2 response(s) [8f4a7b7a-ae1b-4fd7-9143-a909162b5f06<-13d97a13-4593-46eb-aba7-b2ac7a1cb781#0:OK-t1, 8f4a7b7a-ae1b-4fd7-9143-a909162b5f06<-16889555-9ebc-4b39-bcfc-affe4469384a#0:FAIL-t1] and 0 exception(s); 8f4a7b7a-ae1b-4fd7-9143-a909162b5f06:t1, leader=null, voted=8f4a7b7a-ae1b-4fd7-9143-a909162b5f06, raftlog=8f4a7b7a-ae1b-4fd7-9143-a909162b5f06-SegmentedRaftLog:OPENED:c-1,f-1,i0, conf=-1: [13d97a13-4593-46eb-aba7-b2ac7a1cb781:192.168.69.87:43432, 8f4a7b7a-ae1b-4fd7-9143-a909162b5f06:192.168.69.87:32778, 16889555-9ebc-4b39-bcfc-affe4469384a:192.168.69.87:43466], old=null
2019-07-09 20:05:34,464 INFO  impl.LeaderElection (LeaderElection.java:logAndReturn(56)) - 16889555-9ebc-4b39-bcfc-affe4469384a:group-CFD0CF64EE67:LeaderElection5: Election REJECTED; received 2 response(s) [16889555-9ebc-4b39-bcfc-affe4469384a<-13d97a13-4593-46eb-aba7-b2ac7a1cb781#0:FAIL-t1, 16889555-9ebc-4b39-bcfc-affe4469384a<-8f4a7b7a-ae1b-4fd7-9143-a909162b5f06#0:FAIL-t1] and 0 exception(s); 16889555-9ebc-4b39-bcfc-affe4469384a:t1, leader=null, voted=16889555-9ebc-4b39-bcfc-affe4469384a, raftlog=16889555-9ebc-4b39-bcfc-affe4469384a-SegmentedRaftLog:OPENED:c-1,f-1,i0, conf=-1: [13d97a13-4593-46eb-aba7-b2ac7a1cb781:192.168.69.87:43432, 8f4a7b7a-ae1b-4fd7-9143-a909162b5f06:192.168.69.87:32778, 16889555-9ebc-4b39-bcfc-affe4469384a:192.168.69.87:43466], old=null
2019-07-09 20:05:34,465 INFO  impl.RoleInfo (RoleInfo.java:shutdownLeaderElection(134)) - 8f4a7b7a-ae1b-4fd7-9143-a909162b5f06: shutdown LeaderElection
2019-07-09 20:05:34,469 INFO  impl.RaftServerImpl (RaftServerImpl.java:setRole(171)) - 8f4a7b7a-ae1b-4fd7-9143-a909162b5f06:group-CFD0CF64EE67 changes role from CANDIDATE to LEADER at term 1 for changeToLeader
2019-07-09 20:05:34,469 INFO  impl.RaftServerImpl (RaftServerImpl.java:setRole(171)) - 16889555-9ebc-4b39-bcfc-affe4469384a:group-CFD0CF64EE67 changes role from CANDIDATE to FOLLOWER at term 1 for DISCOVERED_A_NEW_TERM
2019-07-09 20:05:34,470 INFO  impl.RaftServerImpl (ServerState.java:setLeader(263)) - 8f4a7b7a-ae1b-4fd7-9143-a909162b5f06:group-CFD0CF64EE67 change Leader from null to 8f4a7b7a-ae1b-4fd7-9143-a909162b5f06 at term 1 for becomeLeader, leader elected after 1175ms
2019-07-09 20:05:34,470 INFO  impl.RoleInfo (RoleInfo.java:shutdownLeaderElection(134)) - 16889555-9ebc-4b39-bcfc-affe4469384a: shutdown LeaderElection
2019-07-09 20:05:34,471 INFO  server.RaftServerConfigKeys (ConfUtils.java:logGet(43)) - raft.server.staging.catchup.gap = 1000 (default)
2019-07-09 20:05:34,471 INFO  impl.RoleInfo (RoleInfo.java:updateAndGet(143)) - 16889555-9ebc-4b39-bcfc-affe4469384a: start FollowerState
2019-07-09 20:05:34,471 INFO  server.RaftServerConfigKeys (ConfUtils.java:logGet(43)) - raft.server.rpc.sleep.time = 25ms (default)
2019-07-09 20:05:34,472 INFO  server.RaftServerConfigKeys (ConfUtils.java:logGet(43)) - raft.server.write.element-limit = 4096 (default)
2019-07-09 20:05:34,472 INFO  server.RaftServerConfigKeys (ConfUtils.java:logGet(43)) - raft.server.watch.timeout = 10s (default)
2019-07-09 20:05:34,473 INFO  server.RaftServerConfigKeys (ConfUtils.java:logGet(43)) - raft.server.watch.timeout.denomination = 1s (default)
2019-07-09 20:05:34,473 INFO  server.RaftServerConfigKeys (ConfUtils.java:logGet(43)) - raft.server.watch.element-limit = 65536 (default)
2019-07-09 20:05:34,476 INFO  server.RaftServerConfigKeys (ConfUtils.java:logGet(43)) - raft.server.log.appender.snapshot.chunk.size.max = 16MB (=16777216) (default)
2019-07-09 20:05:34,476 INFO  server.RaftServerConfigKeys (ConfUtils.java:logGet(43)) - raft.server.log.appender.buffer.byte-limit = 33554432 (custom)
2019-07-09 20:05:34,477 INFO  server.RaftServerConfigKeys (ConfUtils.java:logGet(43)) - raft.server.log.appender.buffer.element-limit = 1 (custom)
2019-07-09 20:05:34,480 INFO  grpc.GrpcConfigKeys$Server (ConfUtils.java:logGet(43)) - raft.grpc.server.leader.outstanding.appends.max = 128 (default)
2019-07-09 20:05:34,482 INFO  server.RaftServerConfigKeys (ConfUtils.java:logGet(43)) - raft.server.rpc.request.timeout = 3000ms (default)
2019-07-09 20:05:34,482 INFO  server.RaftServerConfigKeys (ConfUtils.java:logGet(43)) - raft.server.log.appender.install.snapshot.enabled = false (custom)
2019-07-09 20:05:34,482 INFO  server.RaftServerConfigKeys (ConfUtils.java:logGet(43)) - raft.server.log.appender.snapshot.chunk.size.max = 16MB (=16777216) (default)
2019-07-09 20:05:34,482 INFO  server.RaftServerConfigKeys (ConfUtils.java:logGet(43)) - raft.server.log.appender.buffer.byte-limit = 33554432 (custom)
2019-07-09 20:05:34,482 INFO  server.RaftServerConfigKeys (ConfUtils.java:logGet(43)) - raft.server.log.appender.buffer.element-limit = 1 (custom)
2019-07-09 20:05:34,483 INFO  grpc.GrpcConfigKeys$Server (ConfUtils.java:logGet(43)) - raft.grpc.server.leader.outstanding.appends.max = 128 (default)
2019-07-09 20:05:34,483 INFO  server.RaftServerConfigKeys (ConfUtils.java:logGet(43)) - raft.server.rpc.request.timeout = 3000ms (default)
2019-07-09 20:05:34,483 INFO  server.RaftServerConfigKeys (ConfUtils.java:logGet(43)) - raft.server.log.appender.install.snapshot.enabled = false (custom)
2019-07-09 20:05:34,485 INFO  impl.RoleInfo (RoleInfo.java:updateAndGet(143)) - 8f4a7b7a-ae1b-4fd7-9143-a909162b5f06: start LeaderState
2019-07-09 20:05:34,485 INFO  segmented.SegmentedRaftLogWorker (SegmentedRaftLogWorker.java:startLogSegment(380)) - 8f4a7b7a-ae1b-4fd7-9143-a909162b5f06-SegmentedRaftLogWorker:Storage Directory /tmp/workdir/hadoop-ozone/tools/target/test-dir/MiniOzoneClusterImpl-beb5748c-665f-4527-a560-1f0d02116ab6/datanode-1/data/ratis/22f992c9-2055-4554-aa5a-cfd0cf64ee67: Starting segment from index:0
2019-07-09 20:05:34,487 INFO  impl.RaftServerImpl (ServerState.java:setRaftConf(361)) - 8f4a7b7a-ae1b-4fd7-9143-a909162b5f06:group-CFD0CF64EE67 set configuration 0: [13d97a13-4593-46eb-aba7-b2ac7a1cb781:192.168.69.87:43432, 8f4a7b7a-ae1b-4fd7-9143-a909162b5f06:192.168.69.87:32778, 16889555-9ebc-4b39-bcfc-affe4469384a:192.168.69.87:43466], old=null at 0
2019-07-09 20:05:34,514 INFO  segmented.SegmentedRaftLogWorker (SegmentedRaftLogWorker.java:execute(569)) - 8f4a7b7a-ae1b-4fd7-9143-a909162b5f06-SegmentedRaftLogWorker:Storage Directory /tmp/workdir/hadoop-ozone/tools/target/test-dir/MiniOzoneClusterImpl-beb5748c-665f-4527-a560-1f0d02116ab6/datanode-1/data/ratis/22f992c9-2055-4554-aa5a-cfd0cf64ee67: created new log segment /tmp/workdir/hadoop-ozone/tools/target/test-dir/MiniOzoneClusterImpl-beb5748c-665f-4527-a560-1f0d02116ab6/datanode-1/data/ratis/22f992c9-2055-4554-aa5a-cfd0cf64ee67/current/log_inprogress_0
2019-07-09 20:05:34,524 INFO  impl.RaftServerImpl (ServerState.java:setLeader(263)) - 16889555-9ebc-4b39-bcfc-affe4469384a:group-CFD0CF64EE67 change Leader from null to 8f4a7b7a-ae1b-4fd7-9143-a909162b5f06 at term 1 for appendEntries, leader elected after 1229ms
2019-07-09 20:05:34,524 INFO  impl.RaftServerImpl (ServerState.java:setLeader(263)) - 13d97a13-4593-46eb-aba7-b2ac7a1cb781:group-CFD0CF64EE67 change Leader from null to 8f4a7b7a-ae1b-4fd7-9143-a909162b5f06 at term 1 for appendEntries, leader elected after 1230ms
2019-07-09 20:05:34,555 INFO  impl.RaftServerImpl (ServerState.java:setRaftConf(361)) - 16889555-9ebc-4b39-bcfc-affe4469384a:group-CFD0CF64EE67 set configuration 0: [13d97a13-4593-46eb-aba7-b2ac7a1cb781:192.168.69.87:43432, 8f4a7b7a-ae1b-4fd7-9143-a909162b5f06:192.168.69.87:32778, 16889555-9ebc-4b39-bcfc-affe4469384a:192.168.69.87:43466], old=null at 0
2019-07-09 20:05:34,555 INFO  segmented.SegmentedRaftLogWorker (SegmentedRaftLogWorker.java:startLogSegment(380)) - 16889555-9ebc-4b39-bcfc-affe4469384a-SegmentedRaftLogWorker:Storage Directory /tmp/workdir/hadoop-ozone/tools/target/test-dir/MiniOzoneClusterImpl-beb5748c-665f-4527-a560-1f0d02116ab6/datanode-0/data/ratis/22f992c9-2055-4554-aa5a-cfd0cf64ee67: Starting segment from index:0
2019-07-09 20:05:34,556 INFO  impl.RaftServerImpl (ServerState.java:setRaftConf(361)) - 13d97a13-4593-46eb-aba7-b2ac7a1cb781:group-CFD0CF64EE67 set configuration 0: [13d97a13-4593-46eb-aba7-b2ac7a1cb781:192.168.69.87:43432, 8f4a7b7a-ae1b-4fd7-9143-a909162b5f06:192.168.69.87:32778, 16889555-9ebc-4b39-bcfc-affe4469384a:192.168.69.87:43466], old=null at 0
2019-07-09 20:05:34,556 INFO  segmented.SegmentedRaftLogWorker (SegmentedRaftLogWorker.java:startLogSegment(380)) - 13d97a13-4593-46eb-aba7-b2ac7a1cb781-SegmentedRaftLogWorker:Storage Directory /tmp/workdir/hadoop-ozone/tools/target/test-dir/MiniOzoneClusterImpl-beb5748c-665f-4527-a560-1f0d02116ab6/datanode-2/data/ratis/22f992c9-2055-4554-aa5a-cfd0cf64ee67: Starting segment from index:0
2019-07-09 20:05:34,585 INFO  segmented.SegmentedRaftLogWorker (SegmentedRaftLogWorker.java:execute(569)) - 16889555-9ebc-4b39-bcfc-affe4469384a-SegmentedRaftLogWorker:Storage Directory /tmp/workdir/hadoop-ozone/tools/target/test-dir/MiniOzoneClusterImpl-beb5748c-665f-4527-a560-1f0d02116ab6/datanode-0/data/ratis/22f992c9-2055-4554-aa5a-cfd0cf64ee67: created new log segment /tmp/workdir/hadoop-ozone/tools/target/test-dir/MiniOzoneClusterImpl-beb5748c-665f-4527-a560-1f0d02116ab6/datanode-0/data/ratis/22f992c9-2055-4554-aa5a-cfd0cf64ee67/current/log_inprogress_0
2019-07-09 20:05:34,585 INFO  segmented.SegmentedRaftLogWorker (SegmentedRaftLogWorker.java:execute(569)) - 13d97a13-4593-46eb-aba7-b2ac7a1cb781-SegmentedRaftLogWorker:Storage Directory /tmp/workdir/hadoop-ozone/tools/target/test-dir/MiniOzoneClusterImpl-beb5748c-665f-4527-a560-1f0d02116ab6/datanode-2/data/ratis/22f992c9-2055-4554-aa5a-cfd0cf64ee67: created new log segment /tmp/workdir/hadoop-ozone/tools/target/test-dir/MiniOzoneClusterImpl-beb5748c-665f-4527-a560-1f0d02116ab6/datanode-2/data/ratis/22f992c9-2055-4554-aa5a-cfd0cf64ee67/current/log_inprogress_0
 0.00% |█                                                                                                    |  0/1 Time: 0:00:012019-07-09 20:05:35,408 INFO  client.GrpcClientProtocolClient (GrpcClientProtocolClient.java:onNext(255)) - client-21272AA08658->8f4a7b7a-ae1b-4fd7-9143-a909162b5f06: receive RaftClientReply:client-21272AA08658->8f4a7b7a-ae1b-4fd7-9143-a909162b5f06@group-CFD0CF64EE67, cid=6, SUCCESS, logIndex=1, commits[8f4a7b7a-ae1b-4fd7-9143-a909162b5f06:c1, 13d97a13-4593-46eb-aba7-b2ac7a1cb781:c0, 16889555-9ebc-4b39-bcfc-affe4469384a:c0]
2019-07-09 20:05:35,509 INFO  client.GrpcClientProtocolClient (GrpcClientProtocolClient.java:onNext(255)) - client-21272AA08658->8f4a7b7a-ae1b-4fd7-9143-a909162b5f06: receive RaftClientReply:client-21272AA08658->8f4a7b7a-ae1b-4fd7-9143-a909162b5f06@group-CFD0CF64EE67, cid=7, SUCCESS, logIndex=3, commits[8f4a7b7a-ae1b-4fd7-9143-a909162b5f06:c8, 13d97a13-4593-46eb-aba7-b2ac7a1cb781:c6, 16889555-9ebc-4b39-bcfc-affe4469384a:c5]
2019-07-09 20:05:35,515 INFO  client.GrpcClientProtocolClient (GrpcClientProtocolClient.java:onNext(255)) - client-21272AA08658->8f4a7b7a-ae1b-4fd7-9143-a909162b5f06: receive RaftClientReply:client-21272AA08658->8f4a7b7a-ae1b-4fd7-9143-a909162b5f06@group-CFD0CF64EE67, cid=8, SUCCESS, logIndex=4, commits[8f4a7b7a-ae1b-4fd7-9143-a909162b5f06:c8, 13d97a13-4593-46eb-aba7-b2ac7a1cb781:c6, 16889555-9ebc-4b39-bcfc-affe4469384a:c5]
2019-07-09 20:05:35,605 INFO  client.GrpcClientProtocolClient (GrpcClientProtocolClient.java:onNext(255)) - client-21272AA08658->8f4a7b7a-ae1b-4fd7-9143-a909162b5f06: receive RaftClientReply:client-21272AA08658->8f4a7b7a-ae1b-4fd7-9143-a909162b5f06@group-CFD0CF64EE67, cid=9, SUCCESS, logIndex=5, commits[8f4a7b7a-ae1b-4fd7-9143-a909162b5f06:c8, 13d97a13-4593-46eb-aba7-b2ac7a1cb781:c6, 16889555-9ebc-4b39-bcfc-affe4469384a:c5]
2019-07-09 20:05:35,668 INFO  client.GrpcClientProtocolClient (GrpcClientProtocolClient.java:onNext(255)) - client-21272AA08658->8f4a7b7a-ae1b-4fd7-9143-a909162b5f06: receive RaftClientReply:client-21272AA08658->8f4a7b7a-ae1b-4fd7-9143-a909162b5f06@group-CFD0CF64EE67, cid=10, SUCCESS, logIndex=9, commits[8f4a7b7a-ae1b-4fd7-9143-a909162b5f06:c10, 13d97a13-4593-46eb-aba7-b2ac7a1cb781:c8, 16889555-9ebc-4b39-bcfc-affe4469384a:c8]
2019-07-09 20:05:35,669 INFO  client.GrpcClientProtocolClient (GrpcClientProtocolClient.java:onNext(255)) - client-21272AA08658->8f4a7b7a-ae1b-4fd7-9143-a909162b5f06: receive RaftClientReply:client-21272AA08658->8f4a7b7a-ae1b-4fd7-9143-a909162b5f06@group-CFD0CF64EE67, cid=11, SUCCESS, logIndex=10, commits[8f4a7b7a-ae1b-4fd7-9143-a909162b5f06:c10, 13d97a13-4593-46eb-aba7-b2ac7a1cb781:c8, 16889555-9ebc-4b39-bcfc-affe4469384a:c8]
2019-07-09 20:05:35,681 INFO  client.GrpcClientProtocolClient (GrpcClientProtocolClient.java:onNext(255)) - client-21272AA08658->8f4a7b7a-ae1b-4fd7-9143-a909162b5f06: receive RaftClientReply:client-21272AA08658->8f4a7b7a-ae1b-4fd7-9143-a909162b5f06@group-CFD0CF64EE67, cid=12, SUCCESS, logIndex=11, commits[8f4a7b7a-ae1b-4fd7-9143-a909162b5f06:c12, 13d97a13-4593-46eb-aba7-b2ac7a1cb781:c8, 16889555-9ebc-4b39-bcfc-affe4469384a:c8]
2019-07-09 20:05:35,682 INFO  client.GrpcClientProtocolClient (GrpcClientProtocolClient.java:onNext(255)) - client-21272AA08658->8f4a7b7a-ae1b-4fd7-9143-a909162b5f06: receive RaftClientReply:client-21272AA08658->8f4a7b7a-ae1b-4fd7-9143-a909162b5f06@group-CFD0CF64EE67, cid=13, SUCCESS, logIndex=12, commits[8f4a7b7a-ae1b-4fd7-9143-a909162b5f06:c14, 13d97a13-4593-46eb-aba7-b2ac7a1cb781:c10, 16889555-9ebc-4b39-bcfc-affe4469384a:c10]
 0.00% |█                                                                                                    |  0/1 Time: 0:00:022019-07-09 20:05:35,707 INFO  client.GrpcClientProtocolClient (GrpcClientProtocolClient.java:onNext(255)) - client-21272AA08658->8f4a7b7a-ae1b-4fd7-9143-a909162b5f06: receive RaftClientReply:client-21272AA08658->8f4a7b7a-ae1b-4fd7-9143-a909162b5f06@group-CFD0CF64EE67, cid=14, SUCCESS, logIndex=0, commits[8f4a7b7a-ae1b-4fd7-9143-a909162b5f06:c16, 13d97a13-4593-46eb-aba7-b2ac7a1cb781:c12, 16889555-9ebc-4b39-bcfc-affe4469384a:c12]
2019-07-09 20:05:35,870 INFO  client.GrpcClientProtocolClient (GrpcClientProtocolClient.java:onNext(255)) - client-21272AA08658->8f4a7b7a-ae1b-4fd7-9143-a909162b5f06: receive RaftClientReply:client-21272AA08658->8f4a7b7a-ae1b-4fd7-9143-a909162b5f06@group-CFD0CF64EE67, cid=15, SUCCESS, logIndex=17, commits[8f4a7b7a-ae1b-4fd7-9143-a909162b5f06:c19, 13d97a13-4593-46eb-aba7-b2ac7a1cb781:c16, 16889555-9ebc-4b39-bcfc-affe4469384a:c16]
2019-07-09 20:05:35,924 INFO  client.GrpcClientProtocolClient (GrpcClientProtocolClient.java:onNext(255)) - client-21272AA08658->8f4a7b7a-ae1b-4fd7-9143-a909162b5f06: receive RaftClientReply:client-21272AA08658->8f4a7b7a-ae1b-4fd7-9143-a909162b5f06@group-CFD0CF64EE67, cid=16, SUCCESS, logIndex=18, commits[8f4a7b7a-ae1b-4fd7-9143-a909162b5f06:c24, 13d97a13-4593-46eb-aba7-b2ac7a1cb781:c20, 16889555-9ebc-4b39-bcfc-affe4469384a:c20]
2019-07-09 20:05:35,925 INFO  client.GrpcClientProtocolClient (GrpcClientProtocolClient.java:onNext(255)) - client-21272AA08658->8f4a7b7a-ae1b-4fd7-9143-a909162b5f06: receive RaftClientReply:client-21272AA08658->8f4a7b7a-ae1b-4fd7-9143-a909162b5f06@group-CFD0CF64EE67, cid=17, SUCCESS, logIndex=19, commits[8f4a7b7a-ae1b-4fd7-9143-a909162b5f06:c24, 13d97a13-4593-46eb-aba7-b2ac7a1cb781:c20, 16889555-9ebc-4b39-bcfc-affe4469384a:c20]
2019-07-09 20:05:36,035 INFO  client.GrpcClientProtocolClient (GrpcClientProtocolClient.java:onNext(255)) - client-21272AA08658->8f4a7b7a-ae1b-4fd7-9143-a909162b5f06: receive RaftClientReply:client-21272AA08658->8f4a7b7a-ae1b-4fd7-9143-a909162b5f06@group-CFD0CF64EE67, cid=18, SUCCESS, logIndex=20, commits[8f4a7b7a-ae1b-4fd7-9143-a909162b5f06:c24, 13d97a13-4593-46eb-aba7-b2ac7a1cb781:c20, 16889555-9ebc-4b39-bcfc-affe4469384a:c20]
2019-07-09 20:05:36,087 INFO  client.GrpcClientProtocolClient (GrpcClientProtocolClient.java:onNext(255)) - client-21272AA08658->8f4a7b7a-ae1b-4fd7-9143-a909162b5f06: receive RaftClientReply:client-21272AA08658->8f4a7b7a-ae1b-4fd7-9143-a909162b5f06@group-CFD0CF64EE67, cid=19, SUCCESS, logIndex=25, commits[8f4a7b7a-ae1b-4fd7-9143-a909162b5f06:c26, 13d97a13-4593-46eb-aba7-b2ac7a1cb781:c24, 16889555-9ebc-4b39-bcfc-affe4469384a:c24]
2019-07-09 20:05:36,088 INFO  client.GrpcClientProtocolClient (GrpcClientProtocolClient.java:onNext(255)) - client-21272AA08658->8f4a7b7a-ae1b-4fd7-9143-a909162b5f06: receive RaftClientReply:client-21272AA08658->8f4a7b7a-ae1b-4fd7-9143-a909162b5f06@group-CFD0CF64EE67, cid=20, SUCCESS, logIndex=26, commits[8f4a7b7a-ae1b-4fd7-9143-a909162b5f06:c26, 13d97a13-4593-46eb-aba7-b2ac7a1cb781:c24, 16889555-9ebc-4b39-bcfc-affe4469384a:c24]
2019-07-09 20:05:36,104 INFO  client.GrpcClientProtocolClient (GrpcClientProtocolClient.java:onNext(255)) - client-21272AA08658->8f4a7b7a-ae1b-4fd7-9143-a909162b5f06: receive RaftClientReply:client-21272AA08658->8f4a7b7a-ae1b-4fd7-9143-a909162b5f06@group-CFD0CF64EE67, cid=21, SUCCESS, logIndex=27, commits[8f4a7b7a-ae1b-4fd7-9143-a909162b5f06:c28, 13d97a13-4593-46eb-aba7-b2ac7a1cb781:c24, 16889555-9ebc-4b39-bcfc-affe4469384a:c24]
2019-07-09 20:05:36,105 INFO  client.GrpcClientProtocolClient (GrpcClientProtocolClient.java:onNext(255)) - client-21272AA08658->8f4a7b7a-ae1b-4fd7-9143-a909162b5f06: receive RaftClientReply:client-21272AA08658->8f4a7b7a-ae1b-4fd7-9143-a909162b5f06@group-CFD0CF64EE67, cid=22, SUCCESS, logIndex=28, commits[8f4a7b7a-ae1b-4fd7-9143-a909162b5f06:c29, 13d97a13-4593-46eb-aba7-b2ac7a1cb781:c25, 16889555-9ebc-4b39-bcfc-affe4469384a:c24]
2019-07-09 20:05:36,108 INFO  client.GrpcClientProtocolClient (GrpcClientProtocolClient.java:onNext(255)) - client-21272AA08658->8f4a7b7a-ae1b-4fd7-9143-a909162b5f06: receive RaftClientReply:client-21272AA08658->8f4a7b7a-ae1b-4fd7-9143-a909162b5f06@group-CFD0CF64EE67, cid=23, SUCCESS, logIndex=0, commits[8f4a7b7a-ae1b-4fd7-9143-a909162b5f06:c30, 13d97a13-4593-46eb-aba7-b2ac7a1cb781:c26, 16889555-9ebc-4b39-bcfc-affe4469384a:c26]
2019-07-09 20:05:36,116 INFO  client.GrpcClientProtocolClient (GrpcClientProtocolClient.java:onNext(255)) - client-21272AA08658->8f4a7b7a-ae1b-4fd7-9143-a909162b5f06: receive RaftClientReply:client-21272AA08658->8f4a7b7a-ae1b-4fd7-9143-a909162b5f06@group-CFD0CF64EE67, cid=24, SUCCESS, logIndex=0, commits[8f4a7b7a-ae1b-4fd7-9143-a909162b5f06:c32, 13d97a13-4593-46eb-aba7-b2ac7a1cb781:c28, 16889555-9ebc-4b39-bcfc-affe4469384a:c28]
2019-07-09 20:05:36,230 INFO  client.GrpcClientProtocolClient (GrpcClientProtocolClient.java:onNext(255)) - client-21272AA08658->8f4a7b7a-ae1b-4fd7-9143-a909162b5f06: receive RaftClientReply:client-21272AA08658->8f4a7b7a-ae1b-4fd7-9143-a909162b5f06@group-CFD0CF64EE67, cid=25, SUCCESS, logIndex=33, commits[8f4a7b7a-ae1b-4fd7-9143-a909162b5f06:c35, 13d97a13-4593-46eb-aba7-b2ac7a1cb781:c32, 16889555-9ebc-4b39-bcfc-affe4469384a:c28]
2019-07-09 20:05:36,276 INFO  client.GrpcClientProtocolClient (GrpcClientProtocolClient.java:onNext(255)) - client-21272AA08658->8f4a7b7a-ae1b-4fd7-9143-a909162b5f06: receive RaftClientReply:client-21272AA08658->8f4a7b7a-ae1b-4fd7-9143-a909162b5f06@group-CFD0CF64EE67, cid=26, SUCCESS, logIndex=34, commits[8f4a7b7a-ae1b-4fd7-9143-a909162b5f06:c40, 13d97a13-4593-46eb-aba7-b2ac7a1cb781:c36, 16889555-9ebc-4b39-bcfc-affe4469384a:c36]
2019-07-09 20:05:36,277 INFO  client.GrpcClientProtocolClient (GrpcClientProtocolClient.java:onNext(255)) - client-21272AA08658->8f4a7b7a-ae1b-4fd7-9143-a909162b5f06: receive RaftClientReply:client-21272AA08658->8f4a7b7a-ae1b-4fd7-9143-a909162b5f06@group-CFD0CF64EE67, cid=27, SUCCESS, logIndex=35, commits[8f4a7b7a-ae1b-4fd7-9143-a909162b5f06:c40, 13d97a13-4593-46eb-aba7-b2ac7a1cb781:c36, 16889555-9ebc-4b39-bcfc-affe4469384a:c36]
2019-07-09 20:05:36,372 INFO  client.GrpcClientProtocolClient (GrpcClientProtocolClient.java:onNext(255)) - client-21272AA08658->8f4a7b7a-ae1b-4fd7-9143-a909162b5f06: receive RaftClientReply:client-21272AA08658->8f4a7b7a-ae1b-4fd7-9143-a909162b5f06@group-CFD0CF64EE67, cid=28, SUCCESS, logIndex=36, commits[8f4a7b7a-ae1b-4fd7-9143-a909162b5f06:c40, 13d97a13-4593-46eb-aba7-b2ac7a1cb781:c36, 16889555-9ebc-4b39-bcfc-affe4469384a:c36]
2019-07-09 20:05:36,413 INFO  client.GrpcClientProtocolClient (GrpcClientProtocolClient.java:onNext(255)) - client-21272AA08658->8f4a7b7a-ae1b-4fd7-9143-a909162b5f06: receive RaftClientReply:client-21272AA08658->8f4a7b7a-ae1b-4fd7-9143-a909162b5f06@group-CFD0CF64EE67, cid=29, SUCCESS, logIndex=41, commits[8f4a7b7a-ae1b-4fd7-9143-a909162b5f06:c42, 13d97a13-4593-46eb-aba7-b2ac7a1cb781:c40, 16889555-9ebc-4b39-bcfc-affe4469384a:c40]
2019-07-09 20:05:36,414 INFO  client.GrpcClientProtocolClient (GrpcClientProtocolClient.java:onNext(255)) - client-21272AA08658->8f4a7b7a-ae1b-4fd7-9143-a909162b5f06: receive RaftClientReply:client-21272AA08658->8f4a7b7a-ae1b-4fd7-9143-a909162b5f06@group-CFD0CF64EE67, cid=30, SUCCESS, logIndex=42, commits[8f4a7b7a-ae1b-4fd7-9143-a909162b5f06:c42, 13d97a13-4593-46eb-aba7-b2ac7a1cb781:c40, 16889555-9ebc-4b39-bcfc-affe4469384a:c40]
2019-07-09 20:05:36,419 INFO  client.GrpcClientProtocolClient (GrpcClientProtocolClient.java:onNext(255)) - client-21272AA08658->8f4a7b7a-ae1b-4fd7-9143-a909162b5f06: receive RaftClientReply:client-21272AA08658->8f4a7b7a-ae1b-4fd7-9143-a909162b5f06@group-CFD0CF64EE67, cid=31, SUCCESS, logIndex=43, commits[8f4a7b7a-ae1b-4fd7-9143-a909162b5f06:c44, 13d97a13-4593-46eb-aba7-b2ac7a1cb781:c41, 16889555-9ebc-4b39-bcfc-affe4469384a:c40]
2019-07-09 20:05:36,420 INFO  client.GrpcClientProtocolClient (GrpcClientProtocolClient.java:onNext(255)) - client-21272AA08658->8f4a7b7a-ae1b-4fd7-9143-a909162b5f06: receive RaftClientReply:client-21272AA08658->8f4a7b7a-ae1b-4fd7-9143-a909162b5f06@group-CFD0CF64EE67, cid=32, SUCCESS, logIndex=44, commits[8f4a7b7a-ae1b-4fd7-9143-a909162b5f06:c46, 13d97a13-4593-46eb-aba7-b2ac7a1cb781:c42, 16889555-9ebc-4b39-bcfc-affe4469384a:c41]
2019-07-09 20:05:36,423 INFO  client.GrpcClientProtocolClient (GrpcClientProtocolClient.java:onNext(255)) - client-21272AA08658->8f4a7b7a-ae1b-4fd7-9143-a909162b5f06: receive RaftClientReply:client-21272AA08658->8f4a7b7a-ae1b-4fd7-9143-a909162b5f06@group-CFD0CF64EE67, cid=33, SUCCESS, logIndex=0, commits[8f4a7b7a-ae1b-4fd7-9143-a909162b5f06:c46, 13d97a13-4593-46eb-aba7-b2ac7a1cb781:c42, 16889555-9ebc-4b39-bcfc-affe4469384a:c42]
2019-07-09 20:05:36,431 INFO  client.GrpcClientProtocolClient (GrpcClientProtocolClient.java:onNext(255)) - client-21272AA08658->8f4a7b7a-ae1b-4fd7-9143-a909162b5f06: receive RaftClientReply:client-21272AA08658->8f4a7b7a-ae1b-4fd7-9143-a909162b5f06@group-CFD0CF64EE67, cid=34, SUCCESS, logIndex=0, commits[8f4a7b7a-ae1b-4fd7-9143-a909162b5f06:c46, 13d97a13-4593-46eb-aba7-b2ac7a1cb781:c44, 16889555-9ebc-4b39-bcfc-affe4469384a:c44]
2019-07-09 20:05:36,460 INFO  client.GrpcClientProtocolClient (GrpcClientProtocolClient.java:onNext(255)) - client-21272AA08658->8f4a7b7a-ae1b-4fd7-9143-a909162b5f06: receive RaftClientReply:client-21272AA08658->8f4a7b7a-ae1b-4fd7-9143-a909162b5f06@group-CFD0CF64EE67, cid=35, SUCCESS, logIndex=49, commits[8f4a7b7a-ae1b-4fd7-9143-a909162b5f06:c51, 13d97a13-4593-46eb-aba7-b2ac7a1cb781:c48, 16889555-9ebc-4b39-bcfc-affe4469384a:c48]
2019-07-09 20:05:36,461 INFO  client.GrpcClientProtocolClient (GrpcClientProtocolClient.java:onNext(255)) - client-21272AA08658->8f4a7b7a-ae1b-4fd7-9143-a909162b5f06: receive RaftClientReply:client-21272AA08658->8f4a7b7a-ae1b-4fd7-9143-a909162b5f06@group-CFD0CF64EE67, cid=36, SUCCESS, logIndex=50, commits[8f4a7b7a-ae1b-4fd7-9143-a909162b5f06:c52, 13d97a13-4593-46eb-aba7-b2ac7a1cb781:c48, 16889555-9ebc-4b39-bcfc-affe4469384a:c48]
2019-07-09 20:05:36,462 INFO  client.GrpcClientProtocolClient (GrpcClientProtocolClient.java:onNext(255)) - client-21272AA08658->8f4a7b7a-ae1b-4fd7-9143-a909162b5f06: receive RaftClientReply:client-21272AA08658->8f4a7b7a-ae1b-4fd7-9143-a909162b5f06@group-CFD0CF64EE67, cid=37, SUCCESS, logIndex=51, commits[8f4a7b7a-ae1b-4fd7-9143-a909162b5f06:c52, 13d97a13-4593-46eb-aba7-b2ac7a1cb781:c48, 16889555-9ebc-4b39-bcfc-affe4469384a:c48]
2019-07-09 20:05:36,462 INFO  client.GrpcClientProtocolClient (GrpcClientProtocolClient.java:onNext(255)) - client-21272AA08658->8f4a7b7a-ae1b-4fd7-9143-a909162b5f06: receive RaftClientReply:client-21272AA08658->8f4a7b7a-ae1b-4fd7-9143-a909162b5f06@group-CFD0CF64EE67, cid=38, SUCCESS, logIndex=52, commits[8f4a7b7a-ae1b-4fd7-9143-a909162b5f06:c52, 13d97a13-4593-46eb-aba7-b2ac7a1cb781:c48, 16889555-9ebc-4b39-bcfc-affe4469384a:c48]
2019-07-09 20:05:36,485 INFO  client.GrpcClientProtocolClient (GrpcClientProtocolClient.java:onNext(255)) - client-21272AA08658->8f4a7b7a-ae1b-4fd7-9143-a909162b5f06: receive RaftClientReply:client-21272AA08658->8f4a7b7a-ae1b-4fd7-9143-a909162b5f06@group-CFD0CF64EE67, cid=39, SUCCESS, logIndex=0, commits[8f4a7b7a-ae1b-4fd7-9143-a909162b5f06:c56, 13d97a13-4593-46eb-aba7-b2ac7a1cb781:c51, 16889555-9ebc-4b39-bcfc-affe4469384a:c52]
2019-07-09 20:05:36,513 INFO  client.GrpcClientProtocolClient (GrpcClientProtocolClient.java:onNext(255)) - client-21272AA08658->8f4a7b7a-ae1b-4fd7-9143-a909162b5f06: receive RaftClientReply:client-21272AA08658->8f4a7b7a-ae1b-4fd7-9143-a909162b5f06@group-CFD0CF64EE67, cid=40, SUCCESS, logIndex=57, commits[8f4a7b7a-ae1b-4fd7-9143-a909162b5f06:c58, 13d97a13-4593-46eb-aba7-b2ac7a1cb781:c56, 16889555-9ebc-4b39-bcfc-affe4469384a:c56]
2019-07-09 20:05:36,514 INFO  client.GrpcClientProtocolClient (GrpcClientProtocolClient.java:onNext(255)) - client-21272AA08658->8f4a7b7a-ae1b-4fd7-9143-a909162b5f06: receive RaftClientReply:client-21272AA08658->8f4a7b7a-ae1b-4fd7-9143-a909162b5f06@group-CFD0CF64EE67, cid=41, SUCCESS, logIndex=58, commits[8f4a7b7a-ae1b-4fd7-9143-a909162b5f06:c58, 13d97a13-4593-46eb-aba7-b2ac7a1cb781:c56, 16889555-9ebc-4b39-bcfc-affe4469384a:c56]
2019-07-09 20:05:36,540 INFO  client.GrpcClientProtocolClient (GrpcClientProtocolClient.java:onNext(255)) - client-21272AA08658->8f4a7b7a-ae1b-4fd7-9143-a909162b5f06: receive RaftClientReply:client-21272AA08658->8f4a7b7a-ae1b-4fd7-9143-a909162b5f06@group-CFD0CF64EE67, cid=42, SUCCESS, logIndex=61, commits[8f4a7b7a-ae1b-4fd7-9143-a909162b5f06:c62, 13d97a13-4593-46eb-aba7-b2ac7a1cb781:c59, 16889555-9ebc-4b39-bcfc-affe4469384a:c59]
2019-07-09 20:05:36,541 INFO  client.GrpcClientProtocolClient (GrpcClientProtocolClient.java:onNext(255)) - client-21272AA08658->8f4a7b7a-ae1b-4fd7-9143-a909162b5f06: receive RaftClientReply:client-21272AA08658->8f4a7b7a-ae1b-4fd7-9143-a909162b5f06@group-CFD0CF64EE67, cid=43, SUCCESS, logIndex=62, commits[8f4a7b7a-ae1b-4fd7-9143-a909162b5f06:c62, 13d97a13-4593-46eb-aba7-b2ac7a1cb781:c59, 16889555-9ebc-4b39-bcfc-affe4469384a:c59]
2019-07-09 20:05:36,554 INFO  client.GrpcClientProtocolClient (GrpcClientProtocolClient.java:onNext(255)) - client-21272AA08658->8f4a7b7a-ae1b-4fd7-9143-a909162b5f06: receive RaftClientReply:client-21272AA08658->8f4a7b7a-ae1b-4fd7-9143-a909162b5f06@group-CFD0CF64EE67, cid=44, SUCCESS, logIndex=0, commits[8f4a7b7a-ae1b-4fd7-9143-a909162b5f06:c64, 13d97a13-4593-46eb-aba7-b2ac7a1cb781:c62, 16889555-9ebc-4b39-bcfc-affe4469384a:c62]
2019-07-09 20:05:36,584 INFO  client.GrpcClientProtocolClient (GrpcClientProtocolClient.java:onNext(255)) - client-21272AA08658->8f4a7b7a-ae1b-4fd7-9143-a909162b5f06: receive RaftClientReply:client-21272AA08658->8f4a7b7a-ae1b-4fd7-9143-a909162b5f06@group-CFD0CF64EE67, cid=45, SUCCESS, logIndex=65, commits[8f4a7b7a-ae1b-4fd7-9143-a909162b5f06:c66, 13d97a13-4593-46eb-aba7-b2ac7a1cb781:c64, 16889555-9ebc-4b39-bcfc-affe4469384a:c64]
2019-07-09 20:05:36,585 INFO  client.GrpcClientProtocolClient (GrpcClientProtocolClient.java:onNext(255)) - client-21272AA08658->8f4a7b7a-ae1b-4fd7-9143-a909162b5f06: receive RaftClientReply:client-21272AA08658->8f4a7b7a-ae1b-4fd7-9143-a909162b5f06@group-CFD0CF64EE67, cid=46, SUCCESS, logIndex=66, commits[8f4a7b7a-ae1b-4fd7-9143-a909162b5f06:c66, 13d97a13-4593-46eb-aba7-b2ac7a1cb781:c64, 16889555-9ebc-4b39-bcfc-affe4469384a:c64]
2019-07-09 20:05:36,595 INFO  client.GrpcClientProtocolClient (GrpcClientProtocolClient.java:onNext(255)) - client-21272AA08658->8f4a7b7a-ae1b-4fd7-9143-a909162b5f06: receive RaftClientReply:client-21272AA08658->8f4a7b7a-ae1b-4fd7-9143-a909162b5f06@group-CFD0CF64EE67, cid=47, SUCCESS, logIndex=67, commits[8f4a7b7a-ae1b-4fd7-9143-a909162b5f06:c68, 13d97a13-4593-46eb-aba7-b2ac7a1cb781:c64, 16889555-9ebc-4b39-bcfc-affe4469384a:c64]
2019-07-09 20:05:36,596 INFO  client.GrpcClientProtocolClient (GrpcClientProtocolClient.java:onNext(255)) - client-21272AA08658->8f4a7b7a-ae1b-4fd7-9143-a909162b5f06: receive RaftClientReply:client-21272AA08658->8f4a7b7a-ae1b-4fd7-9143-a909162b5f06@group-CFD0CF64EE67, cid=48, SUCCESS, logIndex=68, commits[8f4a7b7a-ae1b-4fd7-9143-a909162b5f06:c70, 13d97a13-4593-46eb-aba7-b2ac7a1cb781:c66, 16889555-9ebc-4b39-bcfc-affe4469384a:c66]
2019-07-09 20:05:36,625 INFO  client.GrpcClientProtocolClient (GrpcClientProtocolClient.java:onNext(255)) - client-21272AA08658->8f4a7b7a-ae1b-4fd7-9143-a909162b5f06: receive RaftClientReply:client-21272AA08658->8f4a7b7a-ae1b-4fd7-9143-a909162b5f06@group-CFD0CF64EE67, cid=49, SUCCESS, logIndex=73, commits[8f4a7b7a-ae1b-4fd7-9143-a909162b5f06:c74, 13d97a13-4593-46eb-aba7-b2ac7a1cb781:c72, 16889555-9ebc-4b39-bcfc-affe4469384a:c72]
2019-07-09 20:05:36,626 INFO  client.GrpcClientProtocolClient (GrpcClientProtocolClient.java:onNext(255)) - client-21272AA08658->8f4a7b7a-ae1b-4fd7-9143-a909162b5f06: receive RaftClientReply:client-21272AA08658->8f4a7b7a-ae1b-4fd7-9143-a909162b5f06@group-CFD0CF64EE67, cid=50, SUCCESS, logIndex=74, commits[8f4a7b7a-ae1b-4fd7-9143-a909162b5f06:c74, 13d97a13-4593-46eb-aba7-b2ac7a1cb781:c72, 16889555-9ebc-4b39-bcfc-affe4469384a:c72]
2019-07-09 20:05:36,651 INFO  client.GrpcClientProtocolClient (GrpcClientProtocolClient.java:onNext(255)) - client-21272AA08658->8f4a7b7a-ae1b-4fd7-9143-a909162b5f06: receive RaftClientReply:client-21272AA08658->8f4a7b7a-ae1b-4fd7-9143-a909162b5f06@group-CFD0CF64EE67, cid=51, SUCCESS, logIndex=77, commits[8f4a7b7a-ae1b-4fd7-9143-a909162b5f06:c78, 13d97a13-4593-46eb-aba7-b2ac7a1cb781:c76, 16889555-9ebc-4b39-bcfc-affe4469384a:c76]
2019-07-09 20:05:36,652 INFO  client.GrpcClientProtocolClient (GrpcClientProtocolClient.java:onNext(255)) - client-21272AA08658->8f4a7b7a-ae1b-4fd7-9143-a909162b5f06: receive RaftClientReply:client-21272AA08658->8f4a7b7a-ae1b-4fd7-9143-a909162b5f06@group-CFD0CF64EE67, cid=52, SUCCESS, logIndex=78, commits[8f4a7b7a-ae1b-4fd7-9143-a909162b5f06:c78, 13d97a13-4593-46eb-aba7-b2ac7a1cb781:c76, 16889555-9ebc-4b39-bcfc-affe4469384a:c76]
2019-07-09 20:05:36,664 INFO  client.GrpcClientProtocolClient (GrpcClientProtocolClient.java:onNext(255)) - client-21272AA08658->8f4a7b7a-ae1b-4fd7-9143-a909162b5f06: receive RaftClientReply:client-21272AA08658->8f4a7b7a-ae1b-4fd7-9143-a909162b5f06@group-CFD0CF64EE67, cid=53, SUCCESS, logIndex=0, commits[8f4a7b7a-ae1b-4fd7-9143-a909162b5f06:c80, 13d97a13-4593-46eb-aba7-b2ac7a1cb781:c78, 16889555-9ebc-4b39-bcfc-affe4469384a:c78]
 100.00% |█████████████████████████████████████████████████████████████████████████████████████████████████████|  1/1 Time: 0:00:03
2019-07-09 20:05:42,226 INFO  pipeline.SCMPipelineManager (SCMPipelineManager.java:finalizeAndDestroyPipeline(307)) - destroying pipeline:Pipeline[ Id: 22f992c9-2055-4554-aa5a-cfd0cf64ee67, Nodes: 13d97a13-4593-46eb-aba7-b2ac7a1cb781{ip: 192.168.69.87, host: hdds1735-4kssb-1465987686, networkLocation: /default-rack, certSerialId: null}16889555-9ebc-4b39-bcfc-affe4469384a{ip: 192.168.69.87, host: hdds1735-4kssb-1465987686, networkLocation: /default-rack, certSerialId: null}8f4a7b7a-ae1b-4fd7-9143-a909162b5f06{ip: 192.168.69.87, host: hdds1735-4kssb-1465987686, networkLocation: /default-rack, certSerialId: null}, Type:RATIS, Factor:THREE, State:OPEN]
2019-07-09 20:05:42,228 INFO  pipeline.PipelineStateManager (PipelineStateManager.java:finalizePipeline(123)) - Pipeline Pipeline[ Id: 22f992c9-2055-4554-aa5a-cfd0cf64ee67, Nodes: 13d97a13-4593-46eb-aba7-b2ac7a1cb781{ip: 192.168.69.87, host: hdds1735-4kssb-1465987686, networkLocation: /default-rack, certSerialId: null}16889555-9ebc-4b39-bcfc-affe4469384a{ip: 192.168.69.87, host: hdds1735-4kssb-1465987686, networkLocation: /default-rack, certSerialId: null}8f4a7b7a-ae1b-4fd7-9143-a909162b5f06{ip: 192.168.69.87, host: hdds1735-4kssb-1465987686, networkLocation: /default-rack, certSerialId: null}, Type:RATIS, Factor:THREE, State:CLOSED] moved to CLOSED state
2019-07-09 20:05:42,229 INFO  container.CloseContainerEventHandler (CloseContainerEventHandler.java:onMessage(61)) - Close container Event triggered for container : #1
2019-07-09 20:05:42,237 INFO  container.CloseContainerEventHandler (CloseContainerEventHandler.java:onMessage(61)) - Close container Event triggered for container : #2
2019-07-09 20:05:42,238 INFO  container.CloseContainerEventHandler (CloseContainerEventHandler.java:onMessage(61)) - Close container Event triggered for container : #3
2019-07-09 20:05:42,251 INFO  impl.RaftServerProxy (RaftServerProxy.java:remove(95)) - 13d97a13-4593-46eb-aba7-b2ac7a1cb781: remove FOLLOWER group-CFD0CF64EE67 13d97a13-4593-46eb-aba7-b2ac7a1cb781:t1, leader=8f4a7b7a-ae1b-4fd7-9143-a909162b5f06, voted=8f4a7b7a-ae1b-4fd7-9143-a909162b5f06, raftlog=13d97a13-4593-46eb-aba7-b2ac7a1cb781-SegmentedRaftLog:OPENED:c80,f80,i80, conf=0: [13d97a13-4593-46eb-aba7-b2ac7a1cb781:192.168.69.87:43432, 8f4a7b7a-ae1b-4fd7-9143-a909162b5f06:192.168.69.87:32778, 16889555-9ebc-4b39-bcfc-affe4469384a:192.168.69.87:43466], old=null RUNNING
2019-07-09 20:05:42,255 INFO  impl.RaftServerImpl (RaftServerImpl.java:lambda$shutdown$3(245)) - 13d97a13-4593-46eb-aba7-b2ac7a1cb781: shutdown group-CFD0CF64EE67
2019-07-09 20:05:42,256 INFO  util.JmxRegister (JmxRegister.java:unregister(73)) - Successfully un-registered JMX Bean with object name Ratis:service=RaftServer,group=group-CFD0CF64EE67,id=13d97a13-4593-46eb-aba7-b2ac7a1cb781
2019-07-09 20:05:42,256 INFO  impl.RoleInfo (RoleInfo.java:shutdownFollowerState(121)) - 13d97a13-4593-46eb-aba7-b2ac7a1cb781: shutdown FollowerState
2019-07-09 20:05:42,259 INFO  impl.FollowerState (FollowerState.java:run(114)) - 13d97a13-4593-46eb-aba7-b2ac7a1cb781: FollowerState was interrupted: java.lang.InterruptedException: sleep interrupted
2019-07-09 20:05:42,259 INFO  impl.StateMachineUpdater (StateMachineUpdater.java:stopAndJoin(115)) - StateMachineUpdater:13d97a13-4593-46eb-aba7-b2ac7a1cb781:group-CFD0CF64EE67: set stopIndex = 80
2019-07-09 20:05:42,265 INFO  ratis.ContainerStateMachine (ContainerStateMachine.java:takeSnapshot(244)) - Taking snapshot at termIndex:(t:1, i:78)
2019-07-09 20:05:42,267 INFO  ratis.ContainerStateMachine (ContainerStateMachine.java:takeSnapshot(248)) - Taking a snapshot to file /tmp/workdir/hadoop-ozone/tools/target/test-dir/MiniOzoneClusterImpl-beb5748c-665f-4527-a560-1f0d02116ab6/datanode-2/data/ratis/22f992c9-2055-4554-aa5a-cfd0cf64ee67/sm/snapshot.1_78
2019-07-09 20:05:42,281 INFO  impl.StateMachineUpdater (StateMachineUpdater.java:takeSnapshot(242)) - StateMachineUpdater:13d97a13-4593-46eb-aba7-b2ac7a1cb781:group-CFD0CF64EE67: Took a snapshot at index 78
2019-07-09 20:05:42,282 INFO  impl.StateMachineUpdater (StateMachineUpdater.java:lambda$new$0(80)) - StateMachineUpdater:13d97a13-4593-46eb-aba7-b2ac7a1cb781:group-CFD0CF64EE67: snapshotIndex: updateIncreasingly -1 -> 78
2019-07-09 20:05:42,288 INFO  impl.RaftServerImpl (ServerState.java:close(394)) - 13d97a13-4593-46eb-aba7-b2ac7a1cb781:group-CFD0CF64EE67 closes. The last applied log index is 80
2019-07-09 20:05:42,293 INFO  segmented.SegmentedRaftLogWorker (SegmentedRaftLogWorker.java:run(313)) - 13d97a13-4593-46eb-aba7-b2ac7a1cb781-SegmentedRaftLogWorker:Storage Directory /tmp/workdir/hadoop-ozone/tools/target/test-dir/MiniOzoneClusterImpl-beb5748c-665f-4527-a560-1f0d02116ab6/datanode-2/data/ratis/22f992c9-2055-4554-aa5a-cfd0cf64ee67 was interrupted, exiting. There are 0 tasks remaining in the queue.
2019-07-09 20:05:42,294 INFO  segmented.SegmentedRaftLogWorker (SegmentedRaftLogWorker.java:close(228)) - 13d97a13-4593-46eb-aba7-b2ac7a1cb781-SegmentedRaftLogWorker:Storage Directory /tmp/workdir/hadoop-ozone/tools/target/test-dir/MiniOzoneClusterImpl-beb5748c-665f-4527-a560-1f0d02116ab6/datanode-2/data/ratis/22f992c9-2055-4554-aa5a-cfd0cf64ee67 close()
2019-07-09 20:05:42,323 INFO  impl.RaftServerProxy (RaftServerProxy.java:remove(95)) - 16889555-9ebc-4b39-bcfc-affe4469384a: remove FOLLOWER group-CFD0CF64EE67 16889555-9ebc-4b39-bcfc-affe4469384a:t1, leader=8f4a7b7a-ae1b-4fd7-9143-a909162b5f06, voted=16889555-9ebc-4b39-bcfc-affe4469384a, raftlog=16889555-9ebc-4b39-bcfc-affe4469384a-SegmentedRaftLog:OPENED:c80,f80,i80, conf=0: [13d97a13-4593-46eb-aba7-b2ac7a1cb781:192.168.69.87:43432, 8f4a7b7a-ae1b-4fd7-9143-a909162b5f06:192.168.69.87:32778, 16889555-9ebc-4b39-bcfc-affe4469384a:192.168.69.87:43466], old=null RUNNING
2019-07-09 20:05:42,324 INFO  impl.RaftServerImpl (RaftServerImpl.java:lambda$shutdown$3(245)) - 16889555-9ebc-4b39-bcfc-affe4469384a: shutdown group-CFD0CF64EE67
2019-07-09 20:05:42,324 INFO  util.JmxRegister (JmxRegister.java:unregister(73)) - Successfully un-registered JMX Bean with object name Ratis:service=RaftServer,group=group-CFD0CF64EE67,id=16889555-9ebc-4b39-bcfc-affe4469384a
2019-07-09 20:05:42,324 INFO  impl.RoleInfo (RoleInfo.java:shutdownFollowerState(121)) - 16889555-9ebc-4b39-bcfc-affe4469384a: shutdown FollowerState
2019-07-09 20:05:42,324 INFO  impl.StateMachineUpdater (StateMachineUpdater.java:stopAndJoin(115)) - StateMachineUpdater:16889555-9ebc-4b39-bcfc-affe4469384a:group-CFD0CF64EE67: set stopIndex = 80
2019-07-09 20:05:42,324 INFO  impl.FollowerState (FollowerState.java:run(114)) - 16889555-9ebc-4b39-bcfc-affe4469384a: FollowerState was interrupted: java.lang.InterruptedException: sleep interrupted
2019-07-09 20:05:42,326 INFO  ratis.ContainerStateMachine (ContainerStateMachine.java:takeSnapshot(244)) - Taking snapshot at termIndex:(t:1, i:78)
2019-07-09 20:05:42,328 INFO  ratis.ContainerStateMachine (ContainerStateMachine.java:takeSnapshot(248)) - Taking a snapshot to file /tmp/workdir/hadoop-ozone/tools/target/test-dir/MiniOzoneClusterImpl-beb5748c-665f-4527-a560-1f0d02116ab6/datanode-0/data/ratis/22f992c9-2055-4554-aa5a-cfd0cf64ee67/sm/snapshot.1_78
2019-07-09 20:05:42,328 INFO  impl.StateMachineUpdater (StateMachineUpdater.java:takeSnapshot(242)) - StateMachineUpdater:16889555-9ebc-4b39-bcfc-affe4469384a:group-CFD0CF64EE67: Took a snapshot at index 78
2019-07-09 20:05:42,328 INFO  impl.StateMachineUpdater (StateMachineUpdater.java:lambda$new$0(80)) - StateMachineUpdater:16889555-9ebc-4b39-bcfc-affe4469384a:group-CFD0CF64EE67: snapshotIndex: updateIncreasingly -1 -> 78
2019-07-09 20:05:42,328 INFO  impl.RaftServerImpl (ServerState.java:close(394)) - 16889555-9ebc-4b39-bcfc-affe4469384a:group-CFD0CF64EE67 closes. The last applied log index is 80
2019-07-09 20:05:42,329 INFO  segmented.SegmentedRaftLogWorker (SegmentedRaftLogWorker.java:run(313)) - 16889555-9ebc-4b39-bcfc-affe4469384a-SegmentedRaftLogWorker:Storage Directory /tmp/workdir/hadoop-ozone/tools/target/test-dir/MiniOzoneClusterImpl-beb5748c-665f-4527-a560-1f0d02116ab6/datanode-0/data/ratis/22f992c9-2055-4554-aa5a-cfd0cf64ee67 was interrupted, exiting. There are 0 tasks remaining in the queue.
2019-07-09 20:05:42,330 INFO  segmented.SegmentedRaftLogWorker (SegmentedRaftLogWorker.java:close(228)) - 16889555-9ebc-4b39-bcfc-affe4469384a-SegmentedRaftLogWorker:Storage Directory /tmp/workdir/hadoop-ozone/tools/target/test-dir/MiniOzoneClusterImpl-beb5748c-665f-4527-a560-1f0d02116ab6/datanode-0/data/ratis/22f992c9-2055-4554-aa5a-cfd0cf64ee67 close()
2019-07-09 20:05:42,350 INFO  impl.RaftServerProxy (RaftServerProxy.java:remove(95)) - 8f4a7b7a-ae1b-4fd7-9143-a909162b5f06: remove   LEADER group-CFD0CF64EE67 8f4a7b7a-ae1b-4fd7-9143-a909162b5f06:t1, leader=8f4a7b7a-ae1b-4fd7-9143-a909162b5f06, voted=8f4a7b7a-ae1b-4fd7-9143-a909162b5f06, raftlog=8f4a7b7a-ae1b-4fd7-9143-a909162b5f06-SegmentedRaftLog:OPENED:c80,f80,i80, conf=0: [13d97a13-4593-46eb-aba7-b2ac7a1cb781:192.168.69.87:43432, 8f4a7b7a-ae1b-4fd7-9143-a909162b5f06:192.168.69.87:32778, 16889555-9ebc-4b39-bcfc-affe4469384a:192.168.69.87:43466], old=null RUNNING
2019-07-09 20:05:42,350 INFO  impl.RaftServerImpl (RaftServerImpl.java:lambda$shutdown$3(245)) - 8f4a7b7a-ae1b-4fd7-9143-a909162b5f06: shutdown group-CFD0CF64EE67
2019-07-09 20:05:42,351 INFO  util.JmxRegister (JmxRegister.java:unregister(73)) - Successfully un-registered JMX Bean with object name Ratis:service=RaftServer,group=group-CFD0CF64EE67,id=8f4a7b7a-ae1b-4fd7-9143-a909162b5f06
2019-07-09 20:05:42,351 INFO  impl.RoleInfo (RoleInfo.java:shutdownLeaderState(104)) - 8f4a7b7a-ae1b-4fd7-9143-a909162b5f06: shutdown LeaderState
2019-07-09 20:05:42,354 WARN  server.GrpcLogAppender (GrpcLogAppender.java:mayWait(143)) - GrpcLogAppender(8f4a7b7a-ae1b-4fd7-9143-a909162b5f06->16889555-9ebc-4b39-bcfc-affe4469384a): Wait interrupted by java.lang.InterruptedException
2019-07-09 20:05:42,354 WARN  server.GrpcLogAppender (GrpcLogAppender.java:mayWait(143)) - GrpcLogAppender(8f4a7b7a-ae1b-4fd7-9143-a909162b5f06->13d97a13-4593-46eb-aba7-b2ac7a1cb781): Wait interrupted by java.lang.InterruptedException
2019-07-09 20:05:42,354 INFO  impl.PendingRequests (PendingRequests.java:sendNotLeaderResponses(202)) - 8f4a7b7a-ae1b-4fd7-9143-a909162b5f06-PendingRequests: sendNotLeaderResponses
2019-07-09 20:05:42,366 INFO  server.GrpcServerProtocolService (GrpcServerProtocolService.java:onCompleted(104)) - 13d97a13-4593-46eb-aba7-b2ac7a1cb781: appendEntries completed
2019-07-09 20:05:42,368 INFO  server.GrpcServerProtocolService (GrpcServerProtocolService.java:onCompleted(104)) - 16889555-9ebc-4b39-bcfc-affe4469384a: appendEntries completed
2019-07-09 20:05:42,370 INFO  server.GrpcLogAppender (GrpcLogAppender.java:onCompleted(292)) - 8f4a7b7a-ae1b-4fd7-9143-a909162b5f06->13d97a13-4593-46eb-aba7-b2ac7a1cb781: follower responses appendEntries COMPLETED
2019-07-09 20:05:42,373 INFO  server.GrpcLogAppender (GrpcLogAppender.java:onCompleted(292)) - 8f4a7b7a-ae1b-4fd7-9143-a909162b5f06->16889555-9ebc-4b39-bcfc-affe4469384a: follower responses appendEntries COMPLETED
2019-07-09 20:05:42,377 INFO  impl.FollowerInfo (FollowerInfo.java:lambda$new$0(50)) - 8f4a7b7a-ae1b-4fd7-9143-a909162b5f06->13d97a13-4593-46eb-aba7-b2ac7a1cb781: nextIndex: updateUnconditionally 81 -> 80
2019-07-09 20:05:42,377 INFO  impl.StateMachineUpdater (StateMachineUpdater.java:stopAndJoin(115)) - StateMachineUpdater:8f4a7b7a-ae1b-4fd7-9143-a909162b5f06:group-CFD0CF64EE67: set stopIndex = 80
2019-07-09 20:05:42,378 INFO  impl.FollowerInfo (FollowerInfo.java:lambda$new$0(50)) - 8f4a7b7a-ae1b-4fd7-9143-a909162b5f06->16889555-9ebc-4b39-bcfc-affe4469384a: nextIndex: updateUnconditionally 81 -> 80
2019-07-09 20:05:42,378 INFO  ratis.ContainerStateMachine (ContainerStateMachine.java:takeSnapshot(244)) - Taking snapshot at termIndex:(t:1, i:78)
2019-07-09 20:05:42,380 INFO  ratis.ContainerStateMachine (ContainerStateMachine.java:takeSnapshot(248)) - Taking a snapshot to file /tmp/workdir/hadoop-ozone/tools/target/test-dir/MiniOzoneClusterImpl-beb5748c-665f-4527-a560-1f0d02116ab6/datanode-1/data/ratis/22f992c9-2055-4554-aa5a-cfd0cf64ee67/sm/snapshot.1_78
2019-07-09 20:05:42,381 INFO  impl.StateMachineUpdater (StateMachineUpdater.java:takeSnapshot(242)) - StateMachineUpdater:8f4a7b7a-ae1b-4fd7-9143-a909162b5f06:group-CFD0CF64EE67: Took a snapshot at index 78
2019-07-09 20:05:42,381 INFO  impl.StateMachineUpdater (StateMachineUpdater.java:lambda$new$0(80)) - StateMachineUpdater:8f4a7b7a-ae1b-4fd7-9143-a909162b5f06:group-CFD0CF64EE67: snapshotIndex: updateIncreasingly -1 -> 78
2019-07-09 20:05:42,381 INFO  impl.RaftServerImpl (ServerState.java:close(394)) - 8f4a7b7a-ae1b-4fd7-9143-a909162b5f06:group-CFD0CF64EE67 closes. The last applied log index is 80
2019-07-09 20:05:42,382 INFO  segmented.SegmentedRaftLogWorker (SegmentedRaftLogWorker.java:run(313)) - 8f4a7b7a-ae1b-4fd7-9143-a909162b5f06-SegmentedRaftLogWorker:Storage Directory /tmp/workdir/hadoop-ozone/tools/target/test-dir/MiniOzoneClusterImpl-beb5748c-665f-4527-a560-1f0d02116ab6/datanode-1/data/ratis/22f992c9-2055-4554-aa5a-cfd0cf64ee67 was interrupted, exiting. There are 0 tasks remaining in the queue.
2019-07-09 20:05:42,383 INFO  segmented.SegmentedRaftLogWorker (SegmentedRaftLogWorker.java:close(228)) - 8f4a7b7a-ae1b-4fd7-9143-a909162b5f06-SegmentedRaftLogWorker:Storage Directory /tmp/workdir/hadoop-ozone/tools/target/test-dir/MiniOzoneClusterImpl-beb5748c-665f-4527-a560-1f0d02116ab6/datanode-1/data/ratis/22f992c9-2055-4554-aa5a-cfd0cf64ee67 close()
2019-07-09 20:05:42,397 INFO  pipeline.PipelineStateManager (PipelineStateManager.java:removePipeline(108)) - Pipeline Pipeline[ Id: 22f992c9-2055-4554-aa5a-cfd0cf64ee67, Nodes: 13d97a13-4593-46eb-aba7-b2ac7a1cb781{ip: 192.168.69.87, host: hdds1735-4kssb-1465987686, networkLocation: /default-rack, certSerialId: null}16889555-9ebc-4b39-bcfc-affe4469384a{ip: 192.168.69.87, host: hdds1735-4kssb-1465987686, networkLocation: /default-rack, certSerialId: null}8f4a7b7a-ae1b-4fd7-9143-a909162b5f06{ip: 192.168.69.87, host: hdds1735-4kssb-1465987686, networkLocation: /default-rack, certSerialId: null}, Type:RATIS, Factor:THREE, State:CLOSED] removed from db
2019-07-09 20:05:42,421 INFO  impl.RaftServerProxy (RaftServerProxy.java:addNew(89)) - 13d97a13-4593-46eb-aba7-b2ac7a1cb781: addNew group-342A1ED36511:[13d97a13-4593-46eb-aba7-b2ac7a1cb781:192.168.69.87:43432, 8f4a7b7a-ae1b-4fd7-9143-a909162b5f06:192.168.69.87:32778, 16889555-9ebc-4b39-bcfc-affe4469384a:192.168.69.87:43466] returns group-342A1ED36511:java.util.concurrent.CompletableFuture@5bad86bc[Not completed]
2019-07-09 20:05:42,421 INFO  impl.RaftServerProxy (RaftServerProxy.java:addNew(89)) - 8f4a7b7a-ae1b-4fd7-9143-a909162b5f06: addNew group-342A1ED36511:[13d97a13-4593-46eb-aba7-b2ac7a1cb781:192.168.69.87:43432, 8f4a7b7a-ae1b-4fd7-9143-a909162b5f06:192.168.69.87:32778, 16889555-9ebc-4b39-bcfc-affe4469384a:192.168.69.87:43466] returns group-342A1ED36511:java.util.concurrent.CompletableFuture@5df61c4f[Not completed]
2019-07-09 20:05:42,421 INFO  impl.RaftServerProxy (RaftServerProxy.java:addNew(89)) - 16889555-9ebc-4b39-bcfc-affe4469384a: addNew group-342A1ED36511:[13d97a13-4593-46eb-aba7-b2ac7a1cb781:192.168.69.87:43432, 8f4a7b7a-ae1b-4fd7-9143-a909162b5f06:192.168.69.87:32778, 16889555-9ebc-4b39-bcfc-affe4469384a:192.168.69.87:43466] returns group-342A1ED36511:java.util.concurrent.CompletableFuture@61ea1480[Not completed]
2019-07-09 20:05:42,424 INFO  impl.RaftServerImpl (RaftServerImpl.java:<init>(93)) - 13d97a13-4593-46eb-aba7-b2ac7a1cb781: new RaftServerImpl for group-342A1ED36511:[13d97a13-4593-46eb-aba7-b2ac7a1cb781:192.168.69.87:43432, 8f4a7b7a-ae1b-4fd7-9143-a909162b5f06:192.168.69.87:32778, 16889555-9ebc-4b39-bcfc-affe4469384a:192.168.69.87:43466] with ContainerStateMachine:uninitialized
2019-07-09 20:05:42,424 INFO  server.RaftServerConfigKeys (ConfUtils.java:logGet(43)) - raft.server.rpc.timeout.min = 1s (custom)
2019-07-09 20:05:42,425 INFO  server.RaftServerConfigKeys (ConfUtils.java:logGet(43)) - raft.server.rpc.timeout.max = 1200ms (custom)
2019-07-09 20:05:42,425 INFO  server.RaftServerConfigKeys (ConfUtils.java:logGet(43)) - raft.server.rpcslowness.timeout = 120s (custom)
2019-07-09 20:05:42,425 INFO  impl.RaftServerImpl (RaftServerImpl.java:<init>(93)) - 16889555-9ebc-4b39-bcfc-affe4469384a: new RaftServerImpl for group-342A1ED36511:[13d97a13-4593-46eb-aba7-b2ac7a1cb781:192.168.69.87:43432, 8f4a7b7a-ae1b-4fd7-9143-a909162b5f06:192.168.69.87:32778, 16889555-9ebc-4b39-bcfc-affe4469384a:192.168.69.87:43466] with ContainerStateMachine:uninitialized
2019-07-09 20:05:42,425 INFO  server.RaftServerConfigKeys (ConfUtils.java:logGet(43)) - raft.server.sleep.deviation.threshold = 300 (default)
2019-07-09 20:05:42,425 INFO  server.RaftServerConfigKeys (ConfUtils.java:logGet(43)) - raft.server.rpc.timeout.min = 1s (custom)
2019-07-09 20:05:42,425 INFO  server.RaftServerConfigKeys (ConfUtils.java:logGet(43)) - raft.server.log.appender.install.snapshot.enabled = false (custom)
2019-07-09 20:05:42,425 INFO  server.RaftServerConfigKeys (ConfUtils.java:logGet(43)) - raft.server.rpc.timeout.max = 1200ms (custom)
2019-07-09 20:05:42,426 INFO  impl.RaftServerImpl (RaftServerImpl.java:<init>(93)) - 8f4a7b7a-ae1b-4fd7-9143-a909162b5f06: new RaftServerImpl for group-342A1ED36511:[13d97a13-4593-46eb-aba7-b2ac7a1cb781:192.168.69.87:43432, 8f4a7b7a-ae1b-4fd7-9143-a909162b5f06:192.168.69.87:32778, 16889555-9ebc-4b39-bcfc-affe4469384a:192.168.69.87:43466] with ContainerStateMachine:uninitialized
2019-07-09 20:05:42,426 INFO  impl.RaftServerImpl (ServerState.java:<init>(105)) - 13d97a13-4593-46eb-aba7-b2ac7a1cb781:group-342A1ED36511 ConfigurationManager, init=-1: [13d97a13-4593-46eb-aba7-b2ac7a1cb781:192.168.69.87:43432, 8f4a7b7a-ae1b-4fd7-9143-a909162b5f06:192.168.69.87:32778, 16889555-9ebc-4b39-bcfc-affe4469384a:192.168.69.87:43466], old=null, confs=<EMPTY_MAP>
2019-07-09 20:05:42,426 INFO  server.RaftServerConfigKeys (ConfUtils.java:logGet(43)) - raft.server.rpc.timeout.min = 1s (custom)
2019-07-09 20:05:42,426 INFO  server.RaftServerConfigKeys (ConfUtils.java:logGet(43)) - raft.server.rpcslowness.timeout = 120s (custom)
2019-07-09 20:05:42,426 INFO  server.RaftServerConfigKeys (ConfUtils.java:logGet(43)) - raft.server.rpc.timeout.max = 1200ms (custom)
2019-07-09 20:05:42,426 INFO  server.RaftServerConfigKeys (ConfUtils.java:logGet(43)) - raft.server.storage.dir = [/tmp/workdir/hadoop-ozone/tools/target/test-dir/MiniOzoneClusterImpl-beb5748c-665f-4527-a560-1f0d02116ab6/datanode-2/data/ratis] (custom)
2019-07-09 20:05:42,426 INFO  server.RaftServerConfigKeys (ConfUtils.java:logGet(43)) - raft.server.rpcslowness.timeout = 120s (custom)
2019-07-09 20:05:42,426 INFO  server.RaftServerConfigKeys (ConfUtils.java:logGet(43)) - raft.server.sleep.deviation.threshold = 300 (default)
2019-07-09 20:05:42,427 INFO  server.RaftServerConfigKeys (ConfUtils.java:logGet(43)) - raft.server.sleep.deviation.threshold = 300 (default)
2019-07-09 20:05:42,427 INFO  server.RaftServerConfigKeys (ConfUtils.java:logGet(43)) - raft.server.log.appender.install.snapshot.enabled = false (custom)
2019-07-09 20:05:42,427 INFO  storage.RaftStorageDirectory (RaftStorageDirectory.java:analyzeStorage(246)) - The storage directory /tmp/workdir/hadoop-ozone/tools/target/test-dir/MiniOzoneClusterImpl-beb5748c-665f-4527-a560-1f0d02116ab6/datanode-2/data/ratis/cad984fe-8b33-4bda-8869-342a1ed36511 does not exist. Creating ...
2019-07-09 20:05:42,427 INFO  server.RaftServerConfigKeys (ConfUtils.java:logGet(43)) - raft.server.log.appender.install.snapshot.enabled = false (custom)
2019-07-09 20:05:42,427 INFO  impl.RaftServerImpl (ServerState.java:<init>(105)) - 16889555-9ebc-4b39-bcfc-affe4469384a:group-342A1ED36511 ConfigurationManager, init=-1: [13d97a13-4593-46eb-aba7-b2ac7a1cb781:192.168.69.87:43432, 8f4a7b7a-ae1b-4fd7-9143-a909162b5f06:192.168.69.87:32778, 16889555-9ebc-4b39-bcfc-affe4469384a:192.168.69.87:43466], old=null, confs=<EMPTY_MAP>
2019-07-09 20:05:42,428 INFO  impl.RaftServerImpl (ServerState.java:<init>(105)) - 8f4a7b7a-ae1b-4fd7-9143-a909162b5f06:group-342A1ED36511 ConfigurationManager, init=-1: [13d97a13-4593-46eb-aba7-b2ac7a1cb781:192.168.69.87:43432, 8f4a7b7a-ae1b-4fd7-9143-a909162b5f06:192.168.69.87:32778, 16889555-9ebc-4b39-bcfc-affe4469384a:192.168.69.87:43466], old=null, confs=<EMPTY_MAP>
2019-07-09 20:05:42,428 INFO  server.RaftServerConfigKeys (ConfUtils.java:logGet(43)) - raft.server.storage.dir = [/tmp/workdir/hadoop-ozone/tools/target/test-dir/MiniOzoneClusterImpl-beb5748c-665f-4527-a560-1f0d02116ab6/datanode-0/data/ratis] (custom)
2019-07-09 20:05:42,428 INFO  server.RaftServerConfigKeys (ConfUtils.java:logGet(43)) - raft.server.storage.dir = [/tmp/workdir/hadoop-ozone/tools/target/test-dir/MiniOzoneClusterImpl-beb5748c-665f-4527-a560-1f0d02116ab6/datanode-1/data/ratis] (custom)
2019-07-09 20:05:42,428 INFO  storage.RaftStorageDirectory (RaftStorageDirectory.java:analyzeStorage(246)) - The storage directory /tmp/workdir/hadoop-ozone/tools/target/test-dir/MiniOzoneClusterImpl-beb5748c-665f-4527-a560-1f0d02116ab6/datanode-0/data/ratis/cad984fe-8b33-4bda-8869-342a1ed36511 does not exist. Creating ...
2019-07-09 20:05:42,428 INFO  storage.RaftStorageDirectory (RaftStorageDirectory.java:analyzeStorage(246)) - The storage directory /tmp/workdir/hadoop-ozone/tools/target/test-dir/MiniOzoneClusterImpl-beb5748c-665f-4527-a560-1f0d02116ab6/datanode-1/data/ratis/cad984fe-8b33-4bda-8869-342a1ed36511 does not exist. Creating ...
2019-07-09 20:05:42,443 INFO  storage.RaftStorageDirectory (RaftStorageDirectory.java:tryLock(328)) - Lock on /tmp/workdir/hadoop-ozone/tools/target/test-dir/MiniOzoneClusterImpl-beb5748c-665f-4527-a560-1f0d02116ab6/datanode-0/data/ratis/cad984fe-8b33-4bda-8869-342a1ed36511/in_use.lock acquired by nodename 21149@hdds1735-4kssb-1465987686
2019-07-09 20:05:42,443 INFO  storage.RaftStorageDirectory (RaftStorageDirectory.java:tryLock(328)) - Lock on /tmp/workdir/hadoop-ozone/tools/target/test-dir/MiniOzoneClusterImpl-beb5748c-665f-4527-a560-1f0d02116ab6/datanode-1/data/ratis/cad984fe-8b33-4bda-8869-342a1ed36511/in_use.lock acquired by nodename 21149@hdds1735-4kssb-1465987686
2019-07-09 20:05:42,443 INFO  storage.RaftStorageDirectory (RaftStorageDirectory.java:tryLock(328)) - Lock on /tmp/workdir/hadoop-ozone/tools/target/test-dir/MiniOzoneClusterImpl-beb5748c-665f-4527-a560-1f0d02116ab6/datanode-2/data/ratis/cad984fe-8b33-4bda-8869-342a1ed36511/in_use.lock acquired by nodename 21149@hdds1735-4kssb-1465987686
2019-07-09 20:05:42,458 INFO  storage.RaftStorage (RaftStorage.java:format(72)) - Storage directory /tmp/workdir/hadoop-ozone/tools/target/test-dir/MiniOzoneClusterImpl-beb5748c-665f-4527-a560-1f0d02116ab6/datanode-0/data/ratis/cad984fe-8b33-4bda-8869-342a1ed36511 has been successfully formatted.
2019-07-09 20:05:42,458 INFO  storage.RaftStorage (RaftStorage.java:format(72)) - Storage directory /tmp/workdir/hadoop-ozone/tools/target/test-dir/MiniOzoneClusterImpl-beb5748c-665f-4527-a560-1f0d02116ab6/datanode-2/data/ratis/cad984fe-8b33-4bda-8869-342a1ed36511 has been successfully formatted.
2019-07-09 20:05:42,458 INFO  storage.RaftStorage (RaftStorage.java:format(72)) - Storage directory /tmp/workdir/hadoop-ozone/tools/target/test-dir/MiniOzoneClusterImpl-beb5748c-665f-4527-a560-1f0d02116ab6/datanode-1/data/ratis/cad984fe-8b33-4bda-8869-342a1ed36511 has been successfully formatted.
2019-07-09 20:05:42,458 INFO  ratis.ContainerStateMachine (ContainerStateMachine.java:loadSnapshot(198)) - The snapshot info is null.Setting the last applied index to:(t:0, i:~)
2019-07-09 20:05:42,458 INFO  ratis.ContainerStateMachine (ContainerStateMachine.java:loadSnapshot(198)) - The snapshot info is null.Setting the last applied index to:(t:0, i:~)
2019-07-09 20:05:42,458 INFO  ratis.ContainerStateMachine (ContainerStateMachine.java:loadSnapshot(198)) - The snapshot info is null.Setting the last applied index to:(t:0, i:~)
2019-07-09 20:05:42,459 INFO  server.RaftServerConfigKeys (ConfUtils.java:logGet(43)) - raft.server.leader.election.timeout = 120s (custom)
2019-07-09 20:05:42,459 INFO  server.RaftServerConfigKeys (ConfUtils.java:logGet(43)) - raft.server.leader.election.timeout = 120s (custom)
2019-07-09 20:05:42,459 INFO  server.RaftServerConfigKeys (ConfUtils.java:logGet(43)) - raft.server.log.use.memory = false (default)
2019-07-09 20:05:42,459 INFO  server.RaftServerConfigKeys (ConfUtils.java:logGet(43)) - raft.server.leader.election.timeout = 120s (custom)
2019-07-09 20:05:42,459 INFO  server.RaftServerConfigKeys (ConfUtils.java:logGet(43)) - raft.server.log.purge.gap = 1000000000 (custom)
2019-07-09 20:05:42,459 INFO  server.RaftServerConfigKeys (ConfUtils.java:logGet(43)) - raft.server.log.use.memory = false (default)
2019-07-09 20:05:42,459 INFO  server.RaftServerConfigKeys (ConfUtils.java:logGet(43)) - raft.server.log.appender.buffer.byte-limit = 33554432 (custom)
2019-07-09 20:05:42,459 INFO  server.RaftServerConfigKeys (ConfUtils.java:logGet(43)) - raft.server.log.use.memory = false (default)
2019-07-09 20:05:42,460 INFO  server.RaftServerConfigKeys (ConfUtils.java:logGet(43)) - raft.server.log.segment.size.max = 1048576 (custom)
2019-07-09 20:05:42,460 INFO  server.RaftServerConfigKeys (ConfUtils.java:logGet(43)) - raft.server.log.purge.gap = 1000000000 (custom)
2019-07-09 20:05:42,460 INFO  server.RaftServerConfigKeys (ConfUtils.java:logGet(43)) - raft.server.log.segment.cache.num.max = 2 (custom)
2019-07-09 20:05:42,460 INFO  server.RaftServerConfigKeys (ConfUtils.java:logGet(43)) - raft.server.log.purge.gap = 1000000000 (custom)
2019-07-09 20:05:42,460 INFO  segmented.SegmentedRaftLogWorker (SegmentedRaftLogWorker.java:<init>(172)) - new 8f4a7b7a-ae1b-4fd7-9143-a909162b5f06-SegmentedRaftLogWorker:Storage Directory /tmp/workdir/hadoop-ozone/tools/target/test-dir/MiniOzoneClusterImpl-beb5748c-665f-4527-a560-1f0d02116ab6/datanode-1/data/ratis/cad984fe-8b33-4bda-8869-342a1ed36511 for RaftStorage:Storage Directory /tmp/workdir/hadoop-ozone/tools/target/test-dir/MiniOzoneClusterImpl-beb5748c-665f-4527-a560-1f0d02116ab6/datanode-1/data/ratis/cad984fe-8b33-4bda-8869-342a1ed36511
2019-07-09 20:05:42,460 INFO  server.RaftServerConfigKeys (ConfUtils.java:logGet(43)) - raft.server.log.appender.buffer.byte-limit = 33554432 (custom)
2019-07-09 20:05:42,461 INFO  server.RaftServerConfigKeys (ConfUtils.java:logGet(43)) - raft.server.log.queue.byte-limit = 2147483647 (custom)
2019-07-09 20:05:42,461 INFO  server.RaftServerConfigKeys (ConfUtils.java:logGet(43)) - raft.server.log.appender.buffer.byte-limit = 33554432 (custom)
2019-07-09 20:05:42,462 INFO  server.RaftServerConfigKeys (ConfUtils.java:logGet(43)) - raft.server.log.queue.element-limit = 1024 (custom)
2019-07-09 20:05:42,461 INFO  server.RaftServerConfigKeys (ConfUtils.java:logGet(43)) - raft.server.log.segment.size.max = 1048576 (custom)
2019-07-09 20:05:42,463 INFO  server.RaftServerConfigKeys (ConfUtils.java:logGet(43)) - raft.server.log.segment.size.max = 1048576 (custom)
2019-07-09 20:05:42,462 INFO  server.RaftServerConfigKeys (ConfUtils.java:logGet(43)) - raft.server.log.segment.size.max = 1048576 (custom)
2019-07-09 20:05:42,463 INFO  server.RaftServerConfigKeys (ConfUtils.java:logGet(43)) - raft.server.log.preallocated.size = 16384 (custom)
2019-07-09 20:05:42,463 INFO  server.RaftServerConfigKeys (ConfUtils.java:logGet(43)) - raft.server.log.segment.cache.num.max = 2 (custom)
2019-07-09 20:05:42,463 INFO  server.RaftServerConfigKeys (ConfUtils.java:logGet(43)) - raft.server.log.write.buffer.size = 33554432 (custom)
2019-07-09 20:05:42,463 INFO  server.RaftServerConfigKeys (ConfUtils.java:logGet(43)) - raft.server.log.segment.cache.num.max = 2 (custom)
2019-07-09 20:05:42,464 INFO  server.RaftServerConfigKeys (ConfUtils.java:logGet(43)) - raft.server.log.force.sync.num = 128 (default)
2019-07-09 20:05:42,463 INFO  segmented.SegmentedRaftLogWorker (SegmentedRaftLogWorker.java:<init>(172)) - new 13d97a13-4593-46eb-aba7-b2ac7a1cb781-SegmentedRaftLogWorker:Storage Directory /tmp/workdir/hadoop-ozone/tools/target/test-dir/MiniOzoneClusterImpl-beb5748c-665f-4527-a560-1f0d02116ab6/datanode-2/data/ratis/cad984fe-8b33-4bda-8869-342a1ed36511 for RaftStorage:Storage Directory /tmp/workdir/hadoop-ozone/tools/target/test-dir/MiniOzoneClusterImpl-beb5748c-665f-4527-a560-1f0d02116ab6/datanode-2/data/ratis/cad984fe-8b33-4bda-8869-342a1ed36511
2019-07-09 20:05:42,464 INFO  server.RaftServerConfigKeys (ConfUtils.java:logGet(43)) - raft.server.log.statemachine.data.sync = true (default)
2019-07-09 20:05:42,464 INFO  segmented.SegmentedRaftLogWorker (SegmentedRaftLogWorker.java:<init>(172)) - new 16889555-9ebc-4b39-bcfc-affe4469384a-SegmentedRaftLogWorker:Storage Directory /tmp/workdir/hadoop-ozone/tools/target/test-dir/MiniOzoneClusterImpl-beb5748c-665f-4527-a560-1f0d02116ab6/datanode-0/data/ratis/cad984fe-8b33-4bda-8869-342a1ed36511 for RaftStorage:Storage Directory /tmp/workdir/hadoop-ozone/tools/target/test-dir/MiniOzoneClusterImpl-beb5748c-665f-4527-a560-1f0d02116ab6/datanode-0/data/ratis/cad984fe-8b33-4bda-8869-342a1ed36511
2019-07-09 20:05:42,465 INFO  server.RaftServerConfigKeys (ConfUtils.java:logGet(43)) - raft.server.log.statemachine.data.sync.timeout = 10s (default)
2019-07-09 20:05:42,464 INFO  server.RaftServerConfigKeys (ConfUtils.java:logGet(43)) - raft.server.log.queue.byte-limit = 2147483647 (custom)
2019-07-09 20:05:42,466 INFO  server.RaftServerConfigKeys (ConfUtils.java:logGet(43)) - raft.server.log.statemachine.data.sync.timeout.retry = -1 (default)
2019-07-09 20:05:42,465 INFO  server.RaftServerConfigKeys (ConfUtils.java:logGet(43)) - raft.server.log.queue.byte-limit = 2147483647 (custom)
2019-07-09 20:05:42,467 INFO  server.RaftServerConfigKeys (ConfUtils.java:logGet(43)) - raft.server.log.statemachine.data.caching.enabled = true (custom)
2019-07-09 20:05:42,467 INFO  server.RaftServerConfigKeys (ConfUtils.java:logGet(43)) - raft.server.log.queue.element-limit = 1024 (custom)
2019-07-09 20:05:42,467 INFO  server.RaftServerConfigKeys (ConfUtils.java:logGet(43)) - raft.server.log.queue.element-limit = 1024 (custom)
2019-07-09 20:05:42,468 INFO  segmented.SegmentedRaftLogWorker (SegmentedRaftLogWorker.java:lambda$new$0(132)) - 8f4a7b7a-ae1b-4fd7-9143-a909162b5f06-SegmentedRaftLogWorker:Storage Directory /tmp/workdir/hadoop-ozone/tools/target/test-dir/MiniOzoneClusterImpl-beb5748c-665f-4527-a560-1f0d02116ab6/datanode-1/data/ratis/cad984fe-8b33-4bda-8869-342a1ed36511: flushIndex: setUnconditionally 0 -> -1
2019-07-09 20:05:42,468 INFO  server.RaftServerConfigKeys (ConfUtils.java:logGet(43)) - raft.server.log.segment.size.max = 1048576 (custom)
2019-07-09 20:05:42,468 INFO  server.RaftServerConfigKeys (ConfUtils.java:logGet(43)) - raft.server.log.segment.size.max = 1048576 (custom)
2019-07-09 20:05:42,468 INFO  server.RaftServerConfigKeys (ConfUtils.java:logGet(43)) - raft.server.snapshot.auto.trigger.enabled = true (custom)
2019-07-09 20:05:42,468 INFO  server.RaftServerConfigKeys (ConfUtils.java:logGet(43)) - raft.server.log.preallocated.size = 16384 (custom)
2019-07-09 20:05:42,468 INFO  server.RaftServerConfigKeys (ConfUtils.java:logGet(43)) - raft.server.snapshot.auto.trigger.threshold = 10000 (custom)
2019-07-09 20:05:42,468 INFO  server.RaftServerConfigKeys (ConfUtils.java:logGet(43)) - raft.server.log.preallocated.size = 16384 (custom)
2019-07-09 20:05:42,469 INFO  server.RaftServerConfigKeys (ConfUtils.java:logGet(43)) - raft.server.retrycache.expirytime = 600000ms (custom)
2019-07-09 20:05:42,469 INFO  server.RaftServerConfigKeys (ConfUtils.java:logGet(43)) - raft.server.log.write.buffer.size = 33554432 (custom)
2019-07-09 20:05:42,469 INFO  server.RaftServerConfigKeys (ConfUtils.java:logGet(43)) - raft.server.log.write.buffer.size = 33554432 (custom)
2019-07-09 20:05:42,469 INFO  impl.RaftServerImpl (RaftServerImpl.java:start(180)) - 8f4a7b7a-ae1b-4fd7-9143-a909162b5f06: start group-342A1ED36511
2019-07-09 20:05:42,469 INFO  server.RaftServerConfigKeys (ConfUtils.java:logGet(43)) - raft.server.log.force.sync.num = 128 (default)
2019-07-09 20:05:42,469 INFO  impl.RaftServerImpl (RaftServerImpl.java:setRole(171)) - 8f4a7b7a-ae1b-4fd7-9143-a909162b5f06:group-342A1ED36511 changes role from null to FOLLOWER at term 0 for startAsFollower
2019-07-09 20:05:42,469 INFO  server.RaftServerConfigKeys (ConfUtils.java:logGet(43)) - raft.server.log.force.sync.num = 128 (default)
2019-07-09 20:05:42,470 INFO  impl.RoleInfo (RoleInfo.java:updateAndGet(143)) - 8f4a7b7a-ae1b-4fd7-9143-a909162b5f06: start FollowerState
2019-07-09 20:05:42,470 INFO  server.RaftServerConfigKeys (ConfUtils.java:logGet(43)) - raft.server.log.statemachine.data.sync = true (default)
2019-07-09 20:05:42,470 INFO  server.RaftServerConfigKeys (ConfUtils.java:logGet(43)) - raft.server.log.statemachine.data.sync = true (default)
2019-07-09 20:05:42,470 INFO  server.RaftServerConfigKeys (ConfUtils.java:logGet(43)) - raft.server.log.statemachine.data.sync.timeout = 10s (default)
2019-07-09 20:05:42,470 INFO  util.JmxRegister (JmxRegister.java:tryRegister(44)) - Successfully registered JMX Bean with object name Ratis:service=RaftServer,group=group-342A1ED36511,id=8f4a7b7a-ae1b-4fd7-9143-a909162b5f06
2019-07-09 20:05:42,470 INFO  server.RaftServerConfigKeys (ConfUtils.java:logGet(43)) - raft.server.log.statemachine.data.sync.timeout = 10s (default)
2019-07-09 20:05:42,470 INFO  server.RaftServerConfigKeys (ConfUtils.java:logGet(43)) - raft.server.log.statemachine.data.sync.timeout.retry = -1 (default)
2019-07-09 20:05:42,471 INFO  server.RaftServerConfigKeys (ConfUtils.java:logGet(43)) - raft.server.log.statemachine.data.sync.timeout.retry = -1 (default)
2019-07-09 20:05:42,471 INFO  server.RaftServerConfigKeys (ConfUtils.java:logGet(43)) - raft.server.log.statemachine.data.caching.enabled = true (custom)
2019-07-09 20:05:42,471 INFO  server.RaftServerConfigKeys (ConfUtils.java:logGet(43)) - raft.server.log.statemachine.data.caching.enabled = true (custom)
2019-07-09 20:05:42,471 INFO  segmented.SegmentedRaftLogWorker (SegmentedRaftLogWorker.java:lambda$new$0(132)) - 13d97a13-4593-46eb-aba7-b2ac7a1cb781-SegmentedRaftLogWorker:Storage Directory /tmp/workdir/hadoop-ozone/tools/target/test-dir/MiniOzoneClusterImpl-beb5748c-665f-4527-a560-1f0d02116ab6/datanode-2/data/ratis/cad984fe-8b33-4bda-8869-342a1ed36511: flushIndex: setUnconditionally 0 -> -1
2019-07-09 20:05:42,471 INFO  segmented.SegmentedRaftLogWorker (SegmentedRaftLogWorker.java:lambda$new$0(132)) - 16889555-9ebc-4b39-bcfc-affe4469384a-SegmentedRaftLogWorker:Storage Directory /tmp/workdir/hadoop-ozone/tools/target/test-dir/MiniOzoneClusterImpl-beb5748c-665f-4527-a560-1f0d02116ab6/datanode-0/data/ratis/cad984fe-8b33-4bda-8869-342a1ed36511: flushIndex: setUnconditionally 0 -> -1
2019-07-09 20:05:42,472 INFO  server.RaftServerConfigKeys (ConfUtils.java:logGet(43)) - raft.server.snapshot.auto.trigger.enabled = true (custom)
2019-07-09 20:05:42,472 INFO  server.RaftServerConfigKeys (ConfUtils.java:logGet(43)) - raft.server.snapshot.auto.trigger.enabled = true (custom)
2019-07-09 20:05:42,473 INFO  server.RaftServerConfigKeys (ConfUtils.java:logGet(43)) - raft.server.snapshot.auto.trigger.threshold = 10000 (custom)
2019-07-09 20:05:42,473 INFO  server.RaftServerConfigKeys (ConfUtils.java:logGet(43)) - raft.server.snapshot.auto.trigger.threshold = 10000 (custom)
2019-07-09 20:05:42,474 INFO  server.RaftServerConfigKeys (ConfUtils.java:logGet(43)) - raft.server.retrycache.expirytime = 600000ms (custom)
2019-07-09 20:05:42,474 INFO  server.RaftServerConfigKeys (ConfUtils.java:logGet(43)) - raft.server.retrycache.expirytime = 600000ms (custom)
2019-07-09 20:05:42,474 INFO  impl.RaftServerImpl (RaftServerImpl.java:start(180)) - 13d97a13-4593-46eb-aba7-b2ac7a1cb781: start group-342A1ED36511
2019-07-09 20:05:42,474 INFO  impl.RaftServerImpl (RaftServerImpl.java:start(180)) - 16889555-9ebc-4b39-bcfc-affe4469384a: start group-342A1ED36511
2019-07-09 20:05:42,474 INFO  impl.RaftServerImpl (RaftServerImpl.java:setRole(171)) - 13d97a13-4593-46eb-aba7-b2ac7a1cb781:group-342A1ED36511 changes role from null to FOLLOWER at term 0 for startAsFollower
2019-07-09 20:05:42,474 INFO  impl.RaftServerImpl (RaftServerImpl.java:setRole(171)) - 16889555-9ebc-4b39-bcfc-affe4469384a:group-342A1ED36511 changes role from null to FOLLOWER at term 0 for startAsFollower
2019-07-09 20:05:42,474 INFO  impl.RoleInfo (RoleInfo.java:updateAndGet(143)) - 13d97a13-4593-46eb-aba7-b2ac7a1cb781: start FollowerState
2019-07-09 20:05:42,475 INFO  impl.RoleInfo (RoleInfo.java:updateAndGet(143)) - 16889555-9ebc-4b39-bcfc-affe4469384a: start FollowerState
2019-07-09 20:05:42,475 INFO  util.JmxRegister (JmxRegister.java:tryRegister(44)) - Successfully registered JMX Bean with object name Ratis:service=RaftServer,group=group-342A1ED36511,id=13d97a13-4593-46eb-aba7-b2ac7a1cb781
2019-07-09 20:05:42,475 INFO  util.JmxRegister (JmxRegister.java:tryRegister(44)) - Successfully registered JMX Bean with object name Ratis:service=RaftServer,group=group-342A1ED36511,id=16889555-9ebc-4b39-bcfc-affe4469384a
2019-07-09 20:05:42,481 INFO  pipeline.PipelineStateManager (PipelineStateManager.java:addPipeline(56)) - Created pipeline Pipeline[ Id: cad984fe-8b33-4bda-8869-342a1ed36511, Nodes: 13d97a13-4593-46eb-aba7-b2ac7a1cb781{ip: 192.168.69.87, host: hdds1735-4kssb-1465987686, networkLocation: /default-rack, certSerialId: null}16889555-9ebc-4b39-bcfc-affe4469384a{ip: 192.168.69.87, host: hdds1735-4kssb-1465987686, networkLocation: /default-rack, certSerialId: null}8f4a7b7a-ae1b-4fd7-9143-a909162b5f06{ip: 192.168.69.87, host: hdds1735-4kssb-1465987686, networkLocation: /default-rack, certSerialId: null}, Type:RATIS, Factor:THREE, State:OPEN]
2019-07-09 20:05:42,519 INFO  freon.RandomKeyGenerator (RandomKeyGenerator.java:call(262)) - Number of Threads: 10
2019-07-09 20:05:42,519 INFO  freon.RandomKeyGenerator (RandomKeyGenerator.java:call(267)) - Number of Volumes: 1.
2019-07-09 20:05:42,519 INFO  freon.RandomKeyGenerator (RandomKeyGenerator.java:call(268)) - Number of Buckets per Volume: 1.
2019-07-09 20:05:42,519 INFO  freon.RandomKeyGenerator (RandomKeyGenerator.java:call(269)) - Number of Keys per Bucket: 1.
2019-07-09 20:05:42,519 INFO  freon.RandomKeyGenerator (RandomKeyGenerator.java:call(270)) - Key size: 20971520 bytes
2019-07-09 20:05:42,520 INFO  freon.RandomKeyGenerator (RandomKeyGenerator.java:call(271)) - Buffer size: 4096 bytes
2019-07-09 20:05:42,520 INFO  freon.RandomKeyGenerator (RandomKeyGenerator.java:call(286)) - Data validation is enabled.
2019-07-09 20:05:42,520 INFO  freon.RandomKeyGenerator (RandomKeyGenerator.java:call(299)) - Starting progress bar Thread.

 0.00% |█                                                                                                    |  0/1 Time: 0:00:002019-07-09 20:05:42,521 INFO  rpc.RpcClient (RpcClient.java:createVolume(289)) - Creating Volume: vol-0-08309, with jenkins1000 as owner.
2019-07-09 20:05:42,534 INFO  rpc.RpcClient (RpcClient.java:createBucket(426)) - Creating Bucket: vol-0-08309/bucket-0-00551, with Versioning false and Storage Type set to DISK and Encryption set to false 
2019-07-09 20:05:42,585 INFO  client.GrpcClientProtocolClient (GrpcClientProtocolClient.java:onNext(255)) - client-0E528562D53A->13d97a13-4593-46eb-aba7-b2ac7a1cb781: receive RaftClientReply:client-0E528562D53A->13d97a13-4593-46eb-aba7-b2ac7a1cb781@group-342A1ED36511, cid=60, FAILED org.apache.ratis.protocol.NotLeaderException: Server 13d97a13-4593-46eb-aba7-b2ac7a1cb781 is not the leader (null). Request must be sent to leader., logIndex=0, commits[13d97a13-4593-46eb-aba7-b2ac7a1cb781:c-1]
2019-07-09 20:05:43,502 INFO  impl.FollowerState (FollowerState.java:run(106)) - 16889555-9ebc-4b39-bcfc-affe4469384a:group-342A1ED36511 changes to CANDIDATE, lastRpcTime:1027, electionTimeout:1027ms
2019-07-09 20:05:43,502 INFO  impl.RoleInfo (RoleInfo.java:shutdownFollowerState(121)) - 16889555-9ebc-4b39-bcfc-affe4469384a: shutdown FollowerState
2019-07-09 20:05:43,503 INFO  impl.RaftServerImpl (RaftServerImpl.java:setRole(171)) - 16889555-9ebc-4b39-bcfc-affe4469384a:group-342A1ED36511 changes role from FOLLOWER to CANDIDATE at term 0 for changeToCandidate
2019-07-09 20:05:43,503 INFO  impl.RoleInfo (RoleInfo.java:updateAndGet(143)) - 16889555-9ebc-4b39-bcfc-affe4469384a: start LeaderElection
 0.00% |█                                                                                                    |  0/1 Time: 0:00:012019-07-09 20:05:43,522 INFO  impl.LeaderElection (LeaderElection.java:askForVotes(181)) - 16889555-9ebc-4b39-bcfc-affe4469384a:group-342A1ED36511:LeaderElection6: begin an election at term 1 for -1: [13d97a13-4593-46eb-aba7-b2ac7a1cb781:192.168.69.87:43432, 8f4a7b7a-ae1b-4fd7-9143-a909162b5f06:192.168.69.87:32778, 16889555-9ebc-4b39-bcfc-affe4469384a:192.168.69.87:43466], old=null
2019-07-09 20:05:43,527 INFO  impl.RaftServerImpl (RaftServerImpl.java:setRole(171)) - 13d97a13-4593-46eb-aba7-b2ac7a1cb781:group-342A1ED36511 changes role from FOLLOWER to FOLLOWER at term 1 for recognizeCandidate:16889555-9ebc-4b39-bcfc-affe4469384a
2019-07-09 20:05:43,528 INFO  impl.RaftServerImpl (RaftServerImpl.java:setRole(171)) - 8f4a7b7a-ae1b-4fd7-9143-a909162b5f06:group-342A1ED36511 changes role from FOLLOWER to FOLLOWER at term 1 for recognizeCandidate:16889555-9ebc-4b39-bcfc-affe4469384a
2019-07-09 20:05:43,528 INFO  impl.RoleInfo (RoleInfo.java:shutdownFollowerState(121)) - 13d97a13-4593-46eb-aba7-b2ac7a1cb781: shutdown FollowerState
2019-07-09 20:05:43,528 INFO  impl.RoleInfo (RoleInfo.java:shutdownFollowerState(121)) - 8f4a7b7a-ae1b-4fd7-9143-a909162b5f06: shutdown FollowerState
2019-07-09 20:05:43,529 INFO  impl.FollowerState (FollowerState.java:run(114)) - 13d97a13-4593-46eb-aba7-b2ac7a1cb781: FollowerState was interrupted: java.lang.InterruptedException: sleep interrupted
2019-07-09 20:05:43,529 INFO  impl.FollowerState (FollowerState.java:run(114)) - 8f4a7b7a-ae1b-4fd7-9143-a909162b5f06: FollowerState was interrupted: java.lang.InterruptedException: sleep interrupted
2019-07-09 20:05:43,529 INFO  impl.RoleInfo (RoleInfo.java:updateAndGet(143)) - 13d97a13-4593-46eb-aba7-b2ac7a1cb781: start FollowerState
2019-07-09 20:05:43,529 INFO  impl.RoleInfo (RoleInfo.java:updateAndGet(143)) - 8f4a7b7a-ae1b-4fd7-9143-a909162b5f06: start FollowerState
2019-07-09 20:05:43,547 INFO  impl.LeaderElection (LeaderElection.java:logAndReturn(56)) - 16889555-9ebc-4b39-bcfc-affe4469384a:group-342A1ED36511:LeaderElection6: Election PASSED; received 1 response(s) [16889555-9ebc-4b39-bcfc-affe4469384a<-8f4a7b7a-ae1b-4fd7-9143-a909162b5f06#0:OK-t1] and 0 exception(s); 16889555-9ebc-4b39-bcfc-affe4469384a:t1, leader=null, voted=16889555-9ebc-4b39-bcfc-affe4469384a, raftlog=16889555-9ebc-4b39-bcfc-affe4469384a-SegmentedRaftLog:OPENED:c-1,f-1,i0, conf=-1: [13d97a13-4593-46eb-aba7-b2ac7a1cb781:192.168.69.87:43432, 8f4a7b7a-ae1b-4fd7-9143-a909162b5f06:192.168.69.87:32778, 16889555-9ebc-4b39-bcfc-affe4469384a:192.168.69.87:43466], old=null
2019-07-09 20:05:43,547 INFO  impl.RoleInfo (RoleInfo.java:shutdownLeaderElection(134)) - 16889555-9ebc-4b39-bcfc-affe4469384a: shutdown LeaderElection
2019-07-09 20:05:43,549 INFO  impl.RaftServerImpl (RaftServerImpl.java:setRole(171)) - 16889555-9ebc-4b39-bcfc-affe4469384a:group-342A1ED36511 changes role from CANDIDATE to LEADER at term 1 for changeToLeader
2019-07-09 20:05:43,549 INFO  impl.RaftServerImpl (ServerState.java:setLeader(263)) - 16889555-9ebc-4b39-bcfc-affe4469384a:group-342A1ED36511 change Leader from null to 16889555-9ebc-4b39-bcfc-affe4469384a at term 1 for becomeLeader, leader elected after 1090ms
2019-07-09 20:05:43,549 INFO  server.RaftServerConfigKeys (ConfUtils.java:logGet(43)) - raft.server.staging.catchup.gap = 1000 (default)
2019-07-09 20:05:43,549 INFO  server.RaftServerConfigKeys (ConfUtils.java:logGet(43)) - raft.server.rpc.sleep.time = 25ms (default)
2019-07-09 20:05:43,550 INFO  server.RaftServerConfigKeys (ConfUtils.java:logGet(43)) - raft.server.write.element-limit = 4096 (default)
2019-07-09 20:05:43,550 INFO  server.RaftServerConfigKeys (ConfUtils.java:logGet(43)) - raft.server.watch.timeout = 10s (default)
2019-07-09 20:05:43,550 INFO  server.RaftServerConfigKeys (ConfUtils.java:logGet(43)) - raft.server.watch.timeout.denomination = 1s (default)
2019-07-09 20:05:43,550 INFO  server.RaftServerConfigKeys (ConfUtils.java:logGet(43)) - raft.server.watch.element-limit = 65536 (default)
2019-07-09 20:05:43,551 INFO  server.RaftServerConfigKeys (ConfUtils.java:logGet(43)) - raft.server.log.appender.snapshot.chunk.size.max = 16MB (=16777216) (default)
2019-07-09 20:05:43,551 INFO  server.RaftServerConfigKeys (ConfUtils.java:logGet(43)) - raft.server.log.appender.buffer.byte-limit = 33554432 (custom)
2019-07-09 20:05:43,551 INFO  server.RaftServerConfigKeys (ConfUtils.java:logGet(43)) - raft.server.log.appender.buffer.element-limit = 1 (custom)
2019-07-09 20:05:43,551 INFO  grpc.GrpcConfigKeys$Server (ConfUtils.java:logGet(43)) - raft.grpc.server.leader.outstanding.appends.max = 128 (default)
2019-07-09 20:05:43,551 INFO  server.RaftServerConfigKeys (ConfUtils.java:logGet(43)) - raft.server.rpc.request.timeout = 3000ms (default)
2019-07-09 20:05:43,552 INFO  server.RaftServerConfigKeys (ConfUtils.java:logGet(43)) - raft.server.log.appender.install.snapshot.enabled = false (custom)
2019-07-09 20:05:43,552 INFO  server.RaftServerConfigKeys (ConfUtils.java:logGet(43)) - raft.server.log.appender.snapshot.chunk.size.max = 16MB (=16777216) (default)
2019-07-09 20:05:43,552 INFO  server.RaftServerConfigKeys (ConfUtils.java:logGet(43)) - raft.server.log.appender.buffer.byte-limit = 33554432 (custom)
2019-07-09 20:05:43,552 INFO  server.RaftServerConfigKeys (ConfUtils.java:logGet(43)) - raft.server.log.appender.buffer.element-limit = 1 (custom)
2019-07-09 20:05:43,553 INFO  grpc.GrpcConfigKeys$Server (ConfUtils.java:logGet(43)) - raft.grpc.server.leader.outstanding.appends.max = 128 (default)
2019-07-09 20:05:43,553 INFO  server.RaftServerConfigKeys (ConfUtils.java:logGet(43)) - raft.server.rpc.request.timeout = 3000ms (default)
2019-07-09 20:05:43,553 INFO  server.RaftServerConfigKeys (ConfUtils.java:logGet(43)) - raft.server.log.appender.install.snapshot.enabled = false (custom)
2019-07-09 20:05:43,553 INFO  impl.RoleInfo (RoleInfo.java:updateAndGet(143)) - 16889555-9ebc-4b39-bcfc-affe4469384a: start LeaderState
2019-07-09 20:05:43,554 INFO  segmented.SegmentedRaftLogWorker (SegmentedRaftLogWorker.java:startLogSegment(380)) - 16889555-9ebc-4b39-bcfc-affe4469384a-SegmentedRaftLogWorker:Storage Directory /tmp/workdir/hadoop-ozone/tools/target/test-dir/MiniOzoneClusterImpl-beb5748c-665f-4527-a560-1f0d02116ab6/datanode-0/data/ratis/cad984fe-8b33-4bda-8869-342a1ed36511: Starting segment from index:0
2019-07-09 20:05:43,555 INFO  impl.RaftServerImpl (ServerState.java:setRaftConf(361)) - 16889555-9ebc-4b39-bcfc-affe4469384a:group-342A1ED36511 set configuration 0: [13d97a13-4593-46eb-aba7-b2ac7a1cb781:192.168.69.87:43432, 8f4a7b7a-ae1b-4fd7-9143-a909162b5f06:192.168.69.87:32778, 16889555-9ebc-4b39-bcfc-affe4469384a:192.168.69.87:43466], old=null at 0
2019-07-09 20:05:43,576 INFO  impl.RaftServerImpl (ServerState.java:setLeader(263)) - 13d97a13-4593-46eb-aba7-b2ac7a1cb781:group-342A1ED36511 change Leader from null to 16889555-9ebc-4b39-bcfc-affe4469384a at term 1 for appendEntries, leader elected after 1117ms
2019-07-09 20:05:43,576 INFO  impl.RaftServerImpl (ServerState.java:setLeader(263)) - 8f4a7b7a-ae1b-4fd7-9143-a909162b5f06:group-342A1ED36511 change Leader from null to 16889555-9ebc-4b39-bcfc-affe4469384a at term 1 for appendEntries, leader elected after 1117ms
2019-07-09 20:05:43,583 INFO  impl.RaftServerImpl (ServerState.java:setRaftConf(361)) - 8f4a7b7a-ae1b-4fd7-9143-a909162b5f06:group-342A1ED36511 set configuration 0: [13d97a13-4593-46eb-aba7-b2ac7a1cb781:192.168.69.87:43432, 8f4a7b7a-ae1b-4fd7-9143-a909162b5f06:192.168.69.87:32778, 16889555-9ebc-4b39-bcfc-affe4469384a:192.168.69.87:43466], old=null at 0
2019-07-09 20:05:43,583 INFO  impl.RaftServerImpl (ServerState.java:setRaftConf(361)) - 13d97a13-4593-46eb-aba7-b2ac7a1cb781:group-342A1ED36511 set configuration 0: [13d97a13-4593-46eb-aba7-b2ac7a1cb781:192.168.69.87:43432, 8f4a7b7a-ae1b-4fd7-9143-a909162b5f06:192.168.69.87:32778, 16889555-9ebc-4b39-bcfc-affe4469384a:192.168.69.87:43466], old=null at 0
2019-07-09 20:05:43,584 INFO  segmented.SegmentedRaftLogWorker (SegmentedRaftLogWorker.java:startLogSegment(380)) - 8f4a7b7a-ae1b-4fd7-9143-a909162b5f06-SegmentedRaftLogWorker:Storage Directory /tmp/workdir/hadoop-ozone/tools/target/test-dir/MiniOzoneClusterImpl-beb5748c-665f-4527-a560-1f0d02116ab6/datanode-1/data/ratis/cad984fe-8b33-4bda-8869-342a1ed36511: Starting segment from index:0
2019-07-09 20:05:43,584 INFO  segmented.SegmentedRaftLogWorker (SegmentedRaftLogWorker.java:startLogSegment(380)) - 13d97a13-4593-46eb-aba7-b2ac7a1cb781-SegmentedRaftLogWorker:Storage Directory /tmp/workdir/hadoop-ozone/tools/target/test-dir/MiniOzoneClusterImpl-beb5748c-665f-4527-a560-1f0d02116ab6/datanode-2/data/ratis/cad984fe-8b33-4bda-8869-342a1ed36511: Starting segment from index:0
2019-07-09 20:05:43,588 INFO  segmented.SegmentedRaftLogWorker (SegmentedRaftLogWorker.java:execute(569)) - 16889555-9ebc-4b39-bcfc-affe4469384a-SegmentedRaftLogWorker:Storage Directory /tmp/workdir/hadoop-ozone/tools/target/test-dir/MiniOzoneClusterImpl-beb5748c-665f-4527-a560-1f0d02116ab6/datanode-0/data/ratis/cad984fe-8b33-4bda-8869-342a1ed36511: created new log segment /tmp/workdir/hadoop-ozone/tools/target/test-dir/MiniOzoneClusterImpl-beb5748c-665f-4527-a560-1f0d02116ab6/datanode-0/data/ratis/cad984fe-8b33-4bda-8869-342a1ed36511/current/log_inprogress_0
2019-07-09 20:05:43,617 INFO  segmented.SegmentedRaftLogWorker (SegmentedRaftLogWorker.java:execute(569)) - 13d97a13-4593-46eb-aba7-b2ac7a1cb781-SegmentedRaftLogWorker:Storage Directory /tmp/workdir/hadoop-ozone/tools/target/test-dir/MiniOzoneClusterImpl-beb5748c-665f-4527-a560-1f0d02116ab6/datanode-2/data/ratis/cad984fe-8b33-4bda-8869-342a1ed36511: created new log segment /tmp/workdir/hadoop-ozone/tools/target/test-dir/MiniOzoneClusterImpl-beb5748c-665f-4527-a560-1f0d02116ab6/datanode-2/data/ratis/cad984fe-8b33-4bda-8869-342a1ed36511/current/log_inprogress_0
2019-07-09 20:05:43,617 INFO  segmented.SegmentedRaftLogWorker (SegmentedRaftLogWorker.java:execute(569)) - 8f4a7b7a-ae1b-4fd7-9143-a909162b5f06-SegmentedRaftLogWorker:Storage Directory /tmp/workdir/hadoop-ozone/tools/target/test-dir/MiniOzoneClusterImpl-beb5748c-665f-4527-a560-1f0d02116ab6/datanode-1/data/ratis/cad984fe-8b33-4bda-8869-342a1ed36511: created new log segment /tmp/workdir/hadoop-ozone/tools/target/test-dir/MiniOzoneClusterImpl-beb5748c-665f-4527-a560-1f0d02116ab6/datanode-1/data/ratis/cad984fe-8b33-4bda-8869-342a1ed36511/current/log_inprogress_0
2019-07-09 20:05:43,731 INFO  client.GrpcClientProtocolClient (GrpcClientProtocolClient.java:onNext(255)) - client-0E528562D53A->16889555-9ebc-4b39-bcfc-affe4469384a: receive RaftClientReply:client-0E528562D53A->16889555-9ebc-4b39-bcfc-affe4469384a@group-342A1ED36511, cid=60, SUCCESS, logIndex=1, commits[16889555-9ebc-4b39-bcfc-affe4469384a:c1, 13d97a13-4593-46eb-aba7-b2ac7a1cb781:c-1, 8f4a7b7a-ae1b-4fd7-9143-a909162b5f06:c0]
2019-07-09 20:05:43,802 INFO  client.GrpcClientProtocolClient (GrpcClientProtocolClient.java:onNext(255)) - client-0E528562D53A->16889555-9ebc-4b39-bcfc-affe4469384a: receive RaftClientReply:client-0E528562D53A->16889555-9ebc-4b39-bcfc-affe4469384a@group-342A1ED36511, cid=61, SUCCESS, logIndex=3, commits[16889555-9ebc-4b39-bcfc-affe4469384a:c8, 13d97a13-4593-46eb-aba7-b2ac7a1cb781:c5, 8f4a7b7a-ae1b-4fd7-9143-a909162b5f06:c5]
2019-07-09 20:05:43,804 INFO  client.GrpcClientProtocolClient (GrpcClientProtocolClient.java:onNext(255)) - client-0E528562D53A->16889555-9ebc-4b39-bcfc-affe4469384a: receive RaftClientReply:client-0E528562D53A->16889555-9ebc-4b39-bcfc-affe4469384a@group-342A1ED36511, cid=62, SUCCESS, logIndex=4, commits[16889555-9ebc-4b39-bcfc-affe4469384a:c8, 13d97a13-4593-46eb-aba7-b2ac7a1cb781:c5, 8f4a7b7a-ae1b-4fd7-9143-a909162b5f06:c5]
2019-07-09 20:05:43,900 INFO  client.GrpcClientProtocolClient (GrpcClientProtocolClient.java:onNext(255)) - client-0E528562D53A->16889555-9ebc-4b39-bcfc-affe4469384a: receive RaftClientReply:client-0E528562D53A->16889555-9ebc-4b39-bcfc-affe4469384a@group-342A1ED36511, cid=63, SUCCESS, logIndex=5, commits[16889555-9ebc-4b39-bcfc-affe4469384a:c8, 13d97a13-4593-46eb-aba7-b2ac7a1cb781:c5, 8f4a7b7a-ae1b-4fd7-9143-a909162b5f06:c5]
2019-07-09 20:05:43,929 INFO  client.GrpcClientProtocolClient (GrpcClientProtocolClient.java:onNext(255)) - client-0E528562D53A->16889555-9ebc-4b39-bcfc-affe4469384a: receive RaftClientReply:client-0E528562D53A->16889555-9ebc-4b39-bcfc-affe4469384a@group-342A1ED36511, cid=64, SUCCESS, logIndex=9, commits[16889555-9ebc-4b39-bcfc-affe4469384a:c11, 13d97a13-4593-46eb-aba7-b2ac7a1cb781:c8, 8f4a7b7a-ae1b-4fd7-9143-a909162b5f06:c8]
2019-07-09 20:05:43,934 INFO  client.GrpcClientProtocolClient (GrpcClientProtocolClient.java:onNext(255)) - client-0E528562D53A->16889555-9ebc-4b39-bcfc-affe4469384a: receive RaftClientReply:client-0E528562D53A->16889555-9ebc-4b39-bcfc-affe4469384a@group-342A1ED36511, cid=65, SUCCESS, logIndex=10, commits[16889555-9ebc-4b39-bcfc-affe4469384a:c12, 13d97a13-4593-46eb-aba7-b2ac7a1cb781:c8, 8f4a7b7a-ae1b-4fd7-9143-a909162b5f06:c8]
2019-07-09 20:05:43,934 INFO  client.GrpcClientProtocolClient (GrpcClientProtocolClient.java:onNext(255)) - client-0E528562D53A->16889555-9ebc-4b39-bcfc-affe4469384a: receive RaftClientReply:client-0E528562D53A->16889555-9ebc-4b39-bcfc-affe4469384a@group-342A1ED36511, cid=66, SUCCESS, logIndex=11, commits[16889555-9ebc-4b39-bcfc-affe4469384a:c14, 13d97a13-4593-46eb-aba7-b2ac7a1cb781:c9, 8f4a7b7a-ae1b-4fd7-9143-a909162b5f06:c11]
2019-07-09 20:05:43,935 INFO  client.GrpcClientProtocolClient (GrpcClientProtocolClient.java:onNext(255)) - client-0E528562D53A->16889555-9ebc-4b39-bcfc-affe4469384a: receive RaftClientReply:client-0E528562D53A->16889555-9ebc-4b39-bcfc-affe4469384a@group-342A1ED36511, cid=67, SUCCESS, logIndex=12, commits[16889555-9ebc-4b39-bcfc-affe4469384a:c15, 13d97a13-4593-46eb-aba7-b2ac7a1cb781:c10, 8f4a7b7a-ae1b-4fd7-9143-a909162b5f06:c11]
2019-07-09 20:05:43,948 INFO  client.GrpcClientProtocolClient (GrpcClientProtocolClient.java:onNext(255)) - client-0E528562D53A->16889555-9ebc-4b39-bcfc-affe4469384a: receive RaftClientReply:client-0E528562D53A->16889555-9ebc-4b39-bcfc-affe4469384a@group-342A1ED36511, cid=68, SUCCESS, logIndex=0, commits[16889555-9ebc-4b39-bcfc-affe4469384a:c16, 13d97a13-4593-46eb-aba7-b2ac7a1cb781:c12, 8f4a7b7a-ae1b-4fd7-9143-a909162b5f06:c12]
2019-07-09 20:05:43,958 INFO  keyvalue.KeyValueHandler (ContainerUtils.java:logAndReturnError(146)) - Operation: CreateContainer : Trace ID: 82294ad606626fa1:f5b7f96e015ad972:f93ec0bff0e32978:0 : Message: Container creation failed, due to disk out of space : Result: DISK_OUT_OF_SPACE
2019-07-09 20:05:43,962 INFO  keyvalue.KeyValueHandler (ContainerUtils.java:logAndReturnError(146)) - Operation: CreateContainer : Trace ID: 82294ad606626fa1:6f07e7fc5c62d19c:f93ec0bff0e32978:0 : Message: Container creation failed, due to disk out of space : Result: DISK_OUT_OF_SPACE
2019-07-09 20:05:43,965 INFO  keyvalue.KeyValueHandler (ContainerUtils.java:logAndReturnError(146)) - Operation: CreateContainer : Trace ID: 82294ad606626fa1:f5b7f96e015ad972:f93ec0bff0e32978:0 : Message: Container creation failed, due to disk out of space : Result: DISK_OUT_OF_SPACE
2019-07-09 20:05:43,966 INFO  keyvalue.KeyValueHandler (ContainerUtils.java:logAndReturnError(146)) - Operation: CreateContainer : Trace ID: 82294ad606626fa1:f5b7f96e015ad972:f93ec0bff0e32978:0 : Message: Container creation failed, due to disk out of space : Result: DISK_OUT_OF_SPACE
2019-07-09 20:05:43,968 INFO  keyvalue.KeyValueHandler (ContainerUtils.java:logAndReturnError(146)) - Operation: CreateContainer : Trace ID: 82294ad606626fa1:6f07e7fc5c62d19c:f93ec0bff0e32978:0 : Message: Container creation failed, due to disk out of space : Result: DISK_OUT_OF_SPACE
2019-07-09 20:05:43,970 INFO  keyvalue.KeyValueHandler (ContainerUtils.java:logAndReturnError(146)) - Operation: CreateContainer : Trace ID: 82294ad606626fa1:6f07e7fc5c62d19c:f93ec0bff0e32978:0 : Message: Container creation failed, due to disk out of space : Result: DISK_OUT_OF_SPACE
20:05:43.967 [pool-68-thread-25] ERROR DNAudit - user=null | ip=null | op=WRITE_CHUNK {blockData=conID: 5 locID: 102413286935494664 bcsId: 0} | ret=FAILURE
org.apache.hadoop.hdds.scm.container.common.helpers.StorageContainerException: ContainerID 5 creation failed
	at org.apache.hadoop.ozone.container.common.impl.HddsDispatcher.dispatchRequest(HddsDispatcher.java:227) ~[classes/:?]
	at org.apache.hadoop.ozone.container.common.impl.HddsDispatcher.dispatch(HddsDispatcher.java:148) ~[classes/:?]
	at org.apache.hadoop.ozone.container.common.transport.server.ratis.ContainerStateMachine.dispatchCommand(ContainerStateMachine.java:346) ~[classes/:?]
	at org.apache.hadoop.ozone.container.common.transport.server.ratis.ContainerStateMachine.runCommand(ContainerStateMachine.java:353) ~[classes/:?]
	at org.apache.hadoop.ozone.container.common.transport.server.ratis.ContainerStateMachine.lambda$handleWriteChunk$0(ContainerStateMachine.java:384) ~[classes/:?]
	at java.util.concurrent.CompletableFuture$AsyncSupply.run(CompletableFuture.java:1590) [?:1.8.0_212]
	at java.util.concurrent.ThreadPoolExecutor.runWorker(ThreadPoolExecutor.java:1149) [?:1.8.0_212]
	at java.util.concurrent.ThreadPoolExecutor$Worker.run(ThreadPoolExecutor.java:624) [?:1.8.0_212]
	at java.lang.Thread.run(Thread.java:748) [?:1.8.0_212]
20:05:43.970 [pool-68-thread-26] ERROR DNAudit - user=null | ip=null | op=WRITE_CHUNK {blockData=conID: 5 locID: 102413286935494664 bcsId: 0} | ret=FAILURE
org.apache.hadoop.hdds.scm.container.common.helpers.StorageContainerException: ContainerID 5 creation failed
	at org.apache.hadoop.ozone.container.common.impl.HddsDispatcher.dispatchRequest(HddsDispatcher.java:227) ~[classes/:?]
	at org.apache.hadoop.ozone.container.common.impl.HddsDispatcher.dispatch(HddsDispatcher.java:148) ~[classes/:?]
	at org.apache.hadoop.ozone.container.common.transport.server.ratis.ContainerStateMachine.dispatchCommand(ContainerStateMachine.java:346) ~[classes/:?]
	at org.apache.hadoop.ozone.container.common.transport.server.ratis.ContainerStateMachine.runCommand(ContainerStateMachine.java:353) ~[classes/:?]
	at org.apache.hadoop.ozone.container.common.transport.server.ratis.ContainerStateMachine.lambda$handleWriteChunk$0(ContainerStateMachine.java:384) ~[classes/:?]
	at java.util.concurrent.CompletableFuture$AsyncSupply.run(CompletableFuture.java:1590) [?:1.8.0_212]
	at java.util.concurrent.ThreadPoolExecutor.runWorker(ThreadPoolExecutor.java:1149) [?:1.8.0_212]
	at java.util.concurrent.ThreadPoolExecutor$Worker.run(ThreadPoolExecutor.java:624) [?:1.8.0_212]
	at java.lang.Thread.run(Thread.java:748) [?:1.8.0_212]
20:05:43.961 [pool-26-thread-33] ERROR DNAudit - user=null | ip=null | op=WRITE_CHUNK {blockData=conID: 5 locID: 102413286935494664 bcsId: 0} | ret=FAILURE
org.apache.hadoop.hdds.scm.container.common.helpers.StorageContainerException: ContainerID 5 creation failed
	at org.apache.hadoop.ozone.container.common.impl.HddsDispatcher.dispatchRequest(HddsDispatcher.java:227) ~[classes/:?]
	at org.apache.hadoop.ozone.container.common.impl.HddsDispatcher.dispatch(HddsDispatcher.java:148) ~[classes/:?]
	at org.apache.hadoop.ozone.container.common.transport.server.ratis.ContainerStateMachine.dispatchCommand(ContainerStateMachine.java:346) ~[classes/:?]
	at org.apache.hadoop.ozone.container.common.transport.server.ratis.ContainerStateMachine.runCommand(ContainerStateMachine.java:353) ~[classes/:?]
	at org.apache.hadoop.ozone.container.common.transport.server.ratis.ContainerStateMachine.lambda$handleWriteChunk$0(ContainerStateMachine.java:384) ~[classes/:?]
	at java.util.concurrent.CompletableFuture$AsyncSupply.run(CompletableFuture.java:1590) [?:1.8.0_212]
	at java.util.concurrent.ThreadPoolExecutor.runWorker(ThreadPoolExecutor.java:1149) [?:1.8.0_212]
	at java.util.concurrent.ThreadPoolExecutor$Worker.run(ThreadPoolExecutor.java:624) [?:1.8.0_212]
	at java.lang.Thread.run(Thread.java:748) [?:1.8.0_212]
20:05:43.969 [pool-47-thread-4] ERROR DNAudit - user=null | ip=null | op=WRITE_CHUNK {blockData=conID: 5 locID: 102413286935494664 bcsId: 0} | ret=FAILURE
org.apache.hadoop.hdds.scm.container.common.helpers.StorageContainerException: ContainerID 5 creation failed
	at org.apache.hadoop.ozone.container.common.impl.HddsDispatcher.dispatchRequest(HddsDispatcher.java:227) ~[classes/:?]
	at org.apache.hadoop.ozone.container.common.impl.HddsDispatcher.dispatch(HddsDispatcher.java:148) ~[classes/:?]
	at org.apache.hadoop.ozone.container.common.transport.server.ratis.ContainerStateMachine.dispatchCommand(ContainerStateMachine.java:346) ~[classes/:?]
	at org.apache.hadoop.ozone.container.common.transport.server.ratis.ContainerStateMachine.runCommand(ContainerStateMachine.java:353) ~[classes/:?]
	at org.apache.hadoop.ozone.container.common.transport.server.ratis.ContainerStateMachine.lambda$handleWriteChunk$0(ContainerStateMachine.java:384) ~[classes/:?]
	at java.util.concurrent.CompletableFuture$AsyncSupply.run(CompletableFuture.java:1590) [?:1.8.0_212]
	at java.util.concurrent.ThreadPoolExecutor.runWorker(ThreadPoolExecutor.java:1149) [?:1.8.0_212]
	at java.util.concurrent.ThreadPoolExecutor$Worker.run(ThreadPoolExecutor.java:624) [?:1.8.0_212]
	at java.lang.Thread.run(Thread.java:748) [?:1.8.0_212]
20:05:43.964 [pool-26-thread-36] ERROR DNAudit - user=null | ip=null | op=WRITE_CHUNK {blockData=conID: 5 locID: 102413286935494664 bcsId: 0} | ret=FAILURE
org.apache.hadoop.hdds.scm.container.common.helpers.StorageContainerException: ContainerID 5 creation failed
	at org.apache.hadoop.ozone.container.common.impl.HddsDispatcher.dispatchRequest(HddsDispatcher.java:227) ~[classes/:?]
	at org.apache.hadoop.ozone.container.common.impl.HddsDispatcher.dispatch(HddsDispatcher.java:148) ~[classes/:?]
	at org.apache.hadoop.ozone.container.common.transport.server.ratis.ContainerStateMachine.dispatchCommand(ContainerStateMachine.java:346) ~[classes/:?]
	at org.apache.hadoop.ozone.container.common.transport.server.ratis.ContainerStateMachine.runCommand(ContainerStateMachine.java:353) ~[classes/:?]
	at org.apache.hadoop.ozone.container.common.transport.server.ratis.ContainerStateMachine.lambda$handleWriteChunk$0(ContainerStateMachine.java:384) ~[classes/:?]
	at java.util.concurrent.CompletableFuture$AsyncSupply.run(CompletableFuture.java:1590) [?:1.8.0_212]
	at java.util.concurrent.ThreadPoolExecutor.runWorker(ThreadPoolExecutor.java:1149) [?:1.8.0_212]
	at java.util.concurrent.ThreadPoolExecutor$Worker.run(ThreadPoolExecutor.java:624) [?:1.8.0_212]
	at java.lang.Thread.run(Thread.java:748) [?:1.8.0_212]
20:05:43.965 [pool-47-thread-9] ERROR DNAudit - user=null | ip=null | op=WRITE_CHUNK {blockData=conID: 5 locID: 102413286935494664 bcsId: 0} | ret=FAILURE
org.apache.hadoop.hdds.scm.container.common.helpers.StorageContainerException: ContainerID 5 creation failed
	at org.apache.hadoop.ozone.container.common.impl.HddsDispatcher.dispatchRequest(HddsDispatcher.java:227) ~[classes/:?]
	at org.apache.hadoop.ozone.container.common.impl.HddsDispatcher.dispatch(HddsDispatcher.java:148) ~[classes/:?]
	at org.apache.hadoop.ozone.container.common.transport.server.ratis.ContainerStateMachine.dispatchCommand(ContainerStateMachine.java:346) ~[classes/:?]
	at org.apache.hadoop.ozone.container.common.transport.server.ratis.ContainerStateMachine.runCommand(ContainerStateMachine.java:353) ~[classes/:?]
	at org.apache.hadoop.ozone.container.common.transport.server.ratis.ContainerStateMachine.lambda$handleWriteChunk$0(ContainerStateMachine.java:384) ~[classes/:?]
	at java.util.concurrent.CompletableFuture$AsyncSupply.run(CompletableFuture.java:1590) [?:1.8.0_212]
	at java.util.concurrent.ThreadPoolExecutor.runWorker(ThreadPoolExecutor.java:1149) [?:1.8.0_212]
	at java.util.concurrent.ThreadPoolExecutor$Worker.run(ThreadPoolExecutor.java:624) [?:1.8.0_212]
	at java.lang.Thread.run(Thread.java:748) [?:1.8.0_212]
2019-07-09 20:05:43,978 INFO  impl.HddsDispatcher (ContainerUtils.java:logAndReturnError(146)) - Operation: WriteChunk : Trace ID: 82294ad606626fa1:f5b7f96e015ad972:f93ec0bff0e32978:0 : Message: ContainerID 5 creation failed : Result: DISK_OUT_OF_SPACE
2019-07-09 20:05:43,978 INFO  impl.HddsDispatcher (ContainerUtils.java:logAndReturnError(146)) - Operation: WriteChunk : Trace ID: 82294ad606626fa1:6f07e7fc5c62d19c:f93ec0bff0e32978:0 : Message: ContainerID 5 creation failed : Result: DISK_OUT_OF_SPACE
2019-07-09 20:05:43,980 INFO  impl.HddsDispatcher (ContainerUtils.java:logAndReturnError(146)) - Operation: WriteChunk : Trace ID: 82294ad606626fa1:f5b7f96e015ad972:f93ec0bff0e32978:0 : Message: ContainerID 5 creation failed : Result: DISK_OUT_OF_SPACE
2019-07-09 20:05:43,979 INFO  impl.HddsDispatcher (ContainerUtils.java:logAndReturnError(146)) - Operation: WriteChunk : Trace ID: 82294ad606626fa1:6f07e7fc5c62d19c:f93ec0bff0e32978:0 : Message: ContainerID 5 creation failed : Result: DISK_OUT_OF_SPACE
2019-07-09 20:05:43,978 INFO  impl.HddsDispatcher (ContainerUtils.java:logAndReturnError(146)) - Operation: WriteChunk : Trace ID: 82294ad606626fa1:f5b7f96e015ad972:f93ec0bff0e32978:0 : Message: ContainerID 5 creation failed : Result: DISK_OUT_OF_SPACE
2019-07-09 20:05:43,978 INFO  impl.HddsDispatcher (ContainerUtils.java:logAndReturnError(146)) - Operation: WriteChunk : Trace ID: 82294ad606626fa1:6f07e7fc5c62d19c:f93ec0bff0e32978:0 : Message: ContainerID 5 creation failed : Result: DISK_OUT_OF_SPACE
20:05:43.993 [pool-32-thread-1] ERROR DNAudit - user=null | ip=null | op=WRITE_CHUNK {blockData=conID: 5 locID: 102413286935494664 bcsId: 0} | ret=FAILURE
org.apache.hadoop.hdds.scm.container.common.helpers.StorageContainerException: ContainerID 5 does not exist
	at org.apache.hadoop.ozone.container.common.impl.HddsDispatcher.dispatchRequest(HddsDispatcher.java:242) ~[classes/:?]
	at org.apache.hadoop.ozone.container.common.impl.HddsDispatcher.dispatch(HddsDispatcher.java:148) ~[classes/:?]
	at org.apache.hadoop.ozone.container.common.transport.server.ratis.ContainerStateMachine.dispatchCommand(ContainerStateMachine.java:346) ~[classes/:?]
	at org.apache.hadoop.ozone.container.common.transport.server.ratis.ContainerStateMachine.runCommand(ContainerStateMachine.java:353) ~[classes/:?]
	at org.apache.hadoop.ozone.container.common.transport.server.ratis.ContainerStateMachine.lambda$applyTransaction$5(ContainerStateMachine.java:620) ~[classes/:?]
	at java.util.concurrent.CompletableFuture$AsyncSupply.run(CompletableFuture.java:1590) [?:1.8.0_212]
	at java.util.concurrent.ThreadPoolExecutor.runWorker(ThreadPoolExecutor.java:1149) [?:1.8.0_212]
	at java.util.concurrent.ThreadPoolExecutor$Worker.run(ThreadPoolExecutor.java:624) [?:1.8.0_212]
	at java.lang.Thread.run(Thread.java:748) [?:1.8.0_212]
2019-07-09 20:05:43,994 INFO  impl.HddsDispatcher (ContainerUtils.java:logAndReturnError(146)) - Operation: WriteChunk : Trace ID: 82294ad606626fa1:f5b7f96e015ad972:f93ec0bff0e32978:0 : Message: ContainerID 5 does not exist : Result: CONTAINER_NOT_FOUND
20:05:43.995 [pool-32-thread-1] ERROR DNAudit - user=null | ip=null | op=PUT_BLOCK {blockData=[blockId=conID: 5 locID: 102413286935494664 bcsId: 0,size=1048576]} | ret=FAILURE
org.apache.hadoop.hdds.scm.container.common.helpers.StorageContainerException: ContainerID 5 does not exist
	at org.apache.hadoop.ozone.container.common.impl.HddsDispatcher.dispatchRequest(HddsDispatcher.java:242) ~[classes/:?]
	at org.apache.hadoop.ozone.container.common.impl.HddsDispatcher.dispatch(HddsDispatcher.java:148) ~[classes/:?]
	at org.apache.hadoop.ozone.container.common.transport.server.ratis.ContainerStateMachine.dispatchCommand(ContainerStateMachine.java:346) ~[classes/:?]
	at org.apache.hadoop.ozone.container.common.transport.server.ratis.ContainerStateMachine.runCommand(ContainerStateMachine.java:353) ~[classes/:?]
	at org.apache.hadoop.ozone.container.common.transport.server.ratis.ContainerStateMachine.lambda$applyTransaction$5(ContainerStateMachine.java:620) ~[classes/:?]
	at java.util.concurrent.CompletableFuture$AsyncSupply.run(CompletableFuture.java:1590) [?:1.8.0_212]
	at java.util.concurrent.ThreadPoolExecutor.runWorker(ThreadPoolExecutor.java:1149) [?:1.8.0_212]
	at java.util.concurrent.ThreadPoolExecutor$Worker.run(ThreadPoolExecutor.java:624) [?:1.8.0_212]
	at java.lang.Thread.run(Thread.java:748) [?:1.8.0_212]
2019-07-09 20:05:43,995 INFO  impl.HddsDispatcher (ContainerUtils.java:logAndReturnError(146)) - Operation: PutBlock : Trace ID: 82294ad606626fa1:617b5ee67c731b2f:f93ec0bff0e32978:0 : Message: ContainerID 5 does not exist : Result: CONTAINER_NOT_FOUND
2019-07-09 20:05:43,995 INFO  client.GrpcClientProtocolClient (GrpcClientProtocolClient.java:onNext(255)) - client-0E528562D53A->16889555-9ebc-4b39-bcfc-affe4469384a: receive RaftClientReply:client-0E528562D53A->16889555-9ebc-4b39-bcfc-affe4469384a@group-342A1ED36511, cid=69, SUCCESS, logIndex=17, commits[16889555-9ebc-4b39-bcfc-affe4469384a:c20, 13d97a13-4593-46eb-aba7-b2ac7a1cb781:c16, 8f4a7b7a-ae1b-4fd7-9143-a909162b5f06:c16]
20:05:43.996 [pool-32-thread-1] ERROR DNAudit - user=null | ip=null | op=WRITE_CHUNK {blockData=conID: 5 locID: 102413286935494664 bcsId: 0} | ret=FAILURE
org.apache.hadoop.hdds.scm.container.common.helpers.StorageContainerException: ContainerID 5 does not exist
	at org.apache.hadoop.ozone.container.common.impl.HddsDispatcher.dispatchRequest(HddsDispatcher.java:242) ~[classes/:?]
	at org.apache.hadoop.ozone.container.common.impl.HddsDispatcher.dispatch(HddsDispatcher.java:148) ~[classes/:?]
	at org.apache.hadoop.ozone.container.common.transport.server.ratis.ContainerStateMachine.dispatchCommand(ContainerStateMachine.java:346) ~[classes/:?]
	at org.apache.hadoop.ozone.container.common.transport.server.ratis.ContainerStateMachine.runCommand(ContainerStateMachine.java:353) ~[classes/:?]
	at org.apache.hadoop.ozone.container.common.transport.server.ratis.ContainerStateMachine.lambda$applyTransaction$5(ContainerStateMachine.java:620) ~[classes/:?]
	at java.util.concurrent.CompletableFuture$AsyncSupply.run(CompletableFuture.java:1590) [?:1.8.0_212]
	at java.util.concurrent.ThreadPoolExecutor.runWorker(ThreadPoolExecutor.java:1149) [?:1.8.0_212]
	at java.util.concurrent.ThreadPoolExecutor$Worker.run(ThreadPoolExecutor.java:624) [?:1.8.0_212]
	at java.lang.Thread.run(Thread.java:748) [?:1.8.0_212]
2019-07-09 20:05:43,996 INFO  impl.HddsDispatcher (ContainerUtils.java:logAndReturnError(146)) - Operation: WriteChunk : Trace ID: 82294ad606626fa1:6f07e7fc5c62d19c:f93ec0bff0e32978:0 : Message: ContainerID 5 does not exist : Result: CONTAINER_NOT_FOUND
2019-07-09 20:05:43,996 INFO  client.GrpcClientProtocolClient (GrpcClientProtocolClient.java:onNext(255)) - client-0E528562D53A->16889555-9ebc-4b39-bcfc-affe4469384a: receive RaftClientReply:client-0E528562D53A->16889555-9ebc-4b39-bcfc-affe4469384a@group-342A1ED36511, cid=70, SUCCESS, logIndex=18, commits[16889555-9ebc-4b39-bcfc-affe4469384a:c20, 13d97a13-4593-46eb-aba7-b2ac7a1cb781:c16, 8f4a7b7a-ae1b-4fd7-9143-a909162b5f06:c16]
20:05:43.997 [pool-32-thread-1] ERROR DNAudit - user=null | ip=null | op=PUT_BLOCK {blockData=[blockId=conID: 5 locID: 102413286935494664 bcsId: 0,size=2097152]} | ret=FAILURE
org.apache.hadoop.hdds.scm.container.common.helpers.StorageContainerException: ContainerID 5 does not exist
	at org.apache.hadoop.ozone.container.common.impl.HddsDispatcher.dispatchRequest(HddsDispatcher.java:242) ~[classes/:?]
	at org.apache.hadoop.ozone.container.common.impl.HddsDispatcher.dispatch(HddsDispatcher.java:148) ~[classes/:?]
	at org.apache.hadoop.ozone.container.common.transport.server.ratis.ContainerStateMachine.dispatchCommand(ContainerStateMachine.java:346) ~[classes/:?]
	at org.apache.hadoop.ozone.container.common.transport.server.ratis.ContainerStateMachine.runCommand(ContainerStateMachine.java:353) ~[classes/:?]
	at org.apache.hadoop.ozone.container.common.transport.server.ratis.ContainerStateMachine.lambda$applyTransaction$5(ContainerStateMachine.java:620) ~[classes/:?]
	at java.util.concurrent.CompletableFuture$AsyncSupply.run(CompletableFuture.java:1590) [?:1.8.0_212]
	at java.util.concurrent.ThreadPoolExecutor.runWorker(ThreadPoolExecutor.java:1149) [?:1.8.0_212]
	at java.util.concurrent.ThreadPoolExecutor$Worker.run(ThreadPoolExecutor.java:624) [?:1.8.0_212]
	at java.lang.Thread.run(Thread.java:748) [?:1.8.0_212]
2019-07-09 20:05:43,997 INFO  impl.HddsDispatcher (ContainerUtils.java:logAndReturnError(146)) - Operation: PutBlock : Trace ID: 82294ad606626fa1:81183f98b61d38df:f93ec0bff0e32978:0 : Message: ContainerID 5 does not exist : Result: CONTAINER_NOT_FOUND
2019-07-09 20:05:43,997 INFO  client.GrpcClientProtocolClient (GrpcClientProtocolClient.java:onNext(255)) - client-0E528562D53A->16889555-9ebc-4b39-bcfc-affe4469384a: receive RaftClientReply:client-0E528562D53A->16889555-9ebc-4b39-bcfc-affe4469384a@group-342A1ED36511, cid=71, SUCCESS, logIndex=19, commits[16889555-9ebc-4b39-bcfc-affe4469384a:c20, 13d97a13-4593-46eb-aba7-b2ac7a1cb781:c16, 8f4a7b7a-ae1b-4fd7-9143-a909162b5f06:c16]
2019-07-09 20:05:43,997 ERROR storage.BlockOutputStream (BlockOutputStream.java:validateResponse(538)) - Unexpected Storage Container Exception: 
org.apache.hadoop.hdds.scm.container.common.helpers.StorageContainerException: ContainerID 5 does not exist
	at org.apache.hadoop.hdds.scm.storage.ContainerProtocolCalls.validateContainerResponse(ContainerProtocolCalls.java:536)
	at org.apache.hadoop.hdds.scm.storage.BlockOutputStream.validateResponse(BlockOutputStream.java:536)
	at org.apache.hadoop.hdds.scm.storage.BlockOutputStream.lambda$writeChunkToContainer$2(BlockOutputStream.java:614)
	at java.util.concurrent.CompletableFuture.uniApply(CompletableFuture.java:602)
	at java.util.concurrent.CompletableFuture$UniApply.tryFire(CompletableFuture.java:577)
	at java.util.concurrent.CompletableFuture$Completion.run(CompletableFuture.java:442)
	at java.util.concurrent.ThreadPoolExecutor.runWorker(ThreadPoolExecutor.java:1149)
	at java.util.concurrent.ThreadPoolExecutor$Worker.run(ThreadPoolExecutor.java:624)
	at java.lang.Thread.run(Thread.java:748)
2019-07-09 20:05:43,998 INFO  client.GrpcClientProtocolClient (GrpcClientProtocolClient.java:onNext(255)) - client-0E528562D53A->16889555-9ebc-4b39-bcfc-affe4469384a: receive RaftClientReply:client-0E528562D53A->16889555-9ebc-4b39-bcfc-affe4469384a@group-342A1ED36511, cid=72, SUCCESS, logIndex=20, commits[16889555-9ebc-4b39-bcfc-affe4469384a:c20, 13d97a13-4593-46eb-aba7-b2ac7a1cb781:c16, 8f4a7b7a-ae1b-4fd7-9143-a909162b5f06:c16]
2019-07-09 20:05:44,003 ERROR freon.RandomKeyGenerator (RandomKeyGenerator.java:run(718)) - Exception while adding key: key-0-31744 in bucket: bucket-0-00551 of volume: vol-0-08309.
java.io.IOException: Unexpected Storage Container Exception: org.apache.hadoop.hdds.scm.container.common.helpers.StorageContainerException: ContainerID 5 does not exist
	at org.apache.hadoop.hdds.scm.storage.BlockOutputStream.setIoException(BlockOutputStream.java:548)
	at org.apache.hadoop.hdds.scm.storage.BlockOutputStream.validateResponse(BlockOutputStream.java:539)
	at org.apache.hadoop.hdds.scm.storage.BlockOutputStream.lambda$writeChunkToContainer$2(BlockOutputStream.java:614)
	at java.util.concurrent.CompletableFuture.uniApply(CompletableFuture.java:602)
	at java.util.concurrent.CompletableFuture$UniApply.tryFire(CompletableFuture.java:577)
	at java.util.concurrent.CompletableFuture$Completion.run(CompletableFuture.java:442)
	at java.util.concurrent.ThreadPoolExecutor.runWorker(ThreadPoolExecutor.java:1149)
	at java.util.concurrent.ThreadPoolExecutor$Worker.run(ThreadPoolExecutor.java:624)
	at java.lang.Thread.run(Thread.java:748)
Caused by: org.apache.hadoop.hdds.scm.container.common.helpers.StorageContainerException: ContainerID 5 does not exist
	at org.apache.hadoop.hdds.scm.storage.ContainerProtocolCalls.validateContainerResponse(ContainerProtocolCalls.java:536)
	at org.apache.hadoop.hdds.scm.storage.BlockOutputStream.validateResponse(BlockOutputStream.java:536)
	... 7 more
20:05:44.007 [pool-53-thread-1] ERROR DNAudit - user=null | ip=null | op=WRITE_CHUNK {blockData=conID: 5 locID: 102413286935494664 bcsId: 0} | ret=FAILURE
org.apache.hadoop.hdds.scm.container.common.helpers.StorageContainerException: ContainerID 5 does not exist
	at org.apache.hadoop.ozone.container.common.impl.HddsDispatcher.dispatchRequest(HddsDispatcher.java:242) ~[classes/:?]
	at org.apache.hadoop.ozone.container.common.impl.HddsDispatcher.dispatch(HddsDispatcher.java:148) ~[classes/:?]
	at org.apache.hadoop.ozone.container.common.transport.server.ratis.ContainerStateMachine.dispatchCommand(ContainerStateMachine.java:346) ~[classes/:?]
	at org.apache.hadoop.ozone.container.common.transport.server.ratis.ContainerStateMachine.runCommand(ContainerStateMachine.java:353) ~[classes/:?]
	at org.apache.hadoop.ozone.container.common.transport.server.ratis.ContainerStateMachine.lambda$applyTransaction$5(ContainerStateMachine.java:620) ~[classes/:?]
	at java.util.concurrent.CompletableFuture$AsyncSupply.run(CompletableFuture.java:1590) [?:1.8.0_212]
	at java.util.concurrent.ThreadPoolExecutor.runWorker(ThreadPoolExecutor.java:1149) [?:1.8.0_212]
	at java.util.concurrent.ThreadPoolExecutor$Worker.run(ThreadPoolExecutor.java:624) [?:1.8.0_212]
	at java.lang.Thread.run(Thread.java:748) [?:1.8.0_212]
2019-07-09 20:05:44,007 INFO  impl.HddsDispatcher (ContainerUtils.java:logAndReturnError(146)) - Operation: WriteChunk : Trace ID: 82294ad606626fa1:f5b7f96e015ad972:f93ec0bff0e32978:0 : Message: ContainerID 5 does not exist : Result: CONTAINER_NOT_FOUND
20:05:44.007 [pool-53-thread-1] ERROR DNAudit - user=null | ip=null | op=PUT_BLOCK {blockData=[blockId=conID: 5 locID: 102413286935494664 bcsId: 0,size=1048576]} | ret=FAILURE
org.apache.hadoop.hdds.scm.container.common.helpers.StorageContainerException: ContainerID 5 does not exist
	at org.apache.hadoop.ozone.container.common.impl.HddsDispatcher.dispatchRequest(HddsDispatcher.java:242) ~[classes/:?]
	at org.apache.hadoop.ozone.container.common.impl.HddsDispatcher.dispatch(HddsDispatcher.java:148) ~[classes/:?]
	at org.apache.hadoop.ozone.container.common.transport.server.ratis.ContainerStateMachine.dispatchCommand(ContainerStateMachine.java:346) ~[classes/:?]
	at org.apache.hadoop.ozone.container.common.transport.server.ratis.ContainerStateMachine.runCommand(ContainerStateMachine.java:353) ~[classes/:?]
	at org.apache.hadoop.ozone.container.common.transport.server.ratis.ContainerStateMachine.lambda$applyTransaction$5(ContainerStateMachine.java:620) ~[classes/:?]
	at java.util.concurrent.CompletableFuture$AsyncSupply.run(CompletableFuture.java:1590) [?:1.8.0_212]
	at java.util.concurrent.ThreadPoolExecutor.runWorker(ThreadPoolExecutor.java:1149) [?:1.8.0_212]
	at java.util.concurrent.ThreadPoolExecutor$Worker.run(ThreadPoolExecutor.java:624) [?:1.8.0_212]
	at java.lang.Thread.run(Thread.java:748) [?:1.8.0_212]
2019-07-09 20:05:44,008 INFO  impl.HddsDispatcher (ContainerUtils.java:logAndReturnError(146)) - Operation: PutBlock : Trace ID: 82294ad606626fa1:617b5ee67c731b2f:f93ec0bff0e32978:0 : Message: ContainerID 5 does not exist : Result: CONTAINER_NOT_FOUND
20:05:44.007 [pool-74-thread-1] ERROR DNAudit - user=null | ip=null | op=WRITE_CHUNK {blockData=conID: 5 locID: 102413286935494664 bcsId: 0} | ret=FAILURE
org.apache.hadoop.hdds.scm.container.common.helpers.StorageContainerException: ContainerID 5 does not exist
	at org.apache.hadoop.ozone.container.common.impl.HddsDispatcher.dispatchRequest(HddsDispatcher.java:242) ~[classes/:?]
	at org.apache.hadoop.ozone.container.common.impl.HddsDispatcher.dispatch(HddsDispatcher.java:148) ~[classes/:?]
	at org.apache.hadoop.ozone.container.common.transport.server.ratis.ContainerStateMachine.dispatchCommand(ContainerStateMachine.java:346) ~[classes/:?]
	at org.apache.hadoop.ozone.container.common.transport.server.ratis.ContainerStateMachine.runCommand(ContainerStateMachine.java:353) ~[classes/:?]
	at org.apache.hadoop.ozone.container.common.transport.server.ratis.ContainerStateMachine.lambda$applyTransaction$5(ContainerStateMachine.java:620) ~[classes/:?]
	at java.util.concurrent.CompletableFuture$AsyncSupply.run(CompletableFuture.java:1590) [?:1.8.0_212]
	at java.util.concurrent.ThreadPoolExecutor.runWorker(ThreadPoolExecutor.java:1149) [?:1.8.0_212]
	at java.util.concurrent.ThreadPoolExecutor$Worker.run(ThreadPoolExecutor.java:624) [?:1.8.0_212]
	at java.lang.Thread.run(Thread.java:748) [?:1.8.0_212]
2019-07-09 20:05:44,008 INFO  impl.HddsDispatcher (ContainerUtils.java:logAndReturnError(146)) - Operation: WriteChunk : Trace ID: 82294ad606626fa1:f5b7f96e015ad972:f93ec0bff0e32978:0 : Message: ContainerID 5 does not exist : Result: CONTAINER_NOT_FOUND
20:05:44.008 [pool-53-thread-1] ERROR DNAudit - user=null | ip=null | op=WRITE_CHUNK {blockData=conID: 5 locID: 102413286935494664 bcsId: 0} | ret=FAILURE
org.apache.hadoop.hdds.scm.container.common.helpers.StorageContainerException: ContainerID 5 does not exist
	at org.apache.hadoop.ozone.container.common.impl.HddsDispatcher.dispatchRequest(HddsDispatcher.java:242) ~[classes/:?]
	at org.apache.hadoop.ozone.container.common.impl.HddsDispatcher.dispatch(HddsDispatcher.java:148) ~[classes/:?]
	at org.apache.hadoop.ozone.container.common.transport.server.ratis.ContainerStateMachine.dispatchCommand(ContainerStateMachine.java:346) ~[classes/:?]
	at org.apache.hadoop.ozone.container.common.transport.server.ratis.ContainerStateMachine.runCommand(ContainerStateMachine.java:353) ~[classes/:?]
	at org.apache.hadoop.ozone.container.common.transport.server.ratis.ContainerStateMachine.lambda$applyTransaction$5(ContainerStateMachine.java:620) ~[classes/:?]
	at java.util.concurrent.CompletableFuture$AsyncSupply.run(CompletableFuture.java:1590) [?:1.8.0_212]
	at java.util.concurrent.ThreadPoolExecutor.runWorker(ThreadPoolExecutor.java:1149) [?:1.8.0_212]
	at java.util.concurrent.ThreadPoolExecutor$Worker.run(ThreadPoolExecutor.java:624) [?:1.8.0_212]
	at java.lang.Thread.run(Thread.java:748) [?:1.8.0_212]
2019-07-09 20:05:44,008 INFO  impl.HddsDispatcher (ContainerUtils.java:logAndReturnError(146)) - Operation: WriteChunk : Trace ID: 82294ad606626fa1:6f07e7fc5c62d19c:f93ec0bff0e32978:0 : Message: ContainerID 5 does not exist : Result: CONTAINER_NOT_FOUND
20:05:44.008 [pool-74-thread-1] ERROR DNAudit - user=null | ip=null | op=PUT_BLOCK {blockData=[blockId=conID: 5 locID: 102413286935494664 bcsId: 0,size=1048576]} | ret=FAILURE
org.apache.hadoop.hdds.scm.container.common.helpers.StorageContainerException: ContainerID 5 does not exist
	at org.apache.hadoop.ozone.container.common.impl.HddsDispatcher.dispatchRequest(HddsDispatcher.java:242) ~[classes/:?]
	at org.apache.hadoop.ozone.container.common.impl.HddsDispatcher.dispatch(HddsDispatcher.java:148) ~[classes/:?]
	at org.apache.hadoop.ozone.container.common.transport.server.ratis.ContainerStateMachine.dispatchCommand(ContainerStateMachine.java:346) ~[classes/:?]
	at org.apache.hadoop.ozone.container.common.transport.server.ratis.ContainerStateMachine.runCommand(ContainerStateMachine.java:353) ~[classes/:?]
	at org.apache.hadoop.ozone.container.common.transport.server.ratis.ContainerStateMachine.lambda$applyTransaction$5(ContainerStateMachine.java:620) ~[classes/:?]
	at java.util.concurrent.CompletableFuture$AsyncSupply.run(CompletableFuture.java:1590) [?:1.8.0_212]
	at java.util.concurrent.ThreadPoolExecutor.runWorker(ThreadPoolExecutor.java:1149) [?:1.8.0_212]
	at java.util.concurrent.ThreadPoolExecutor$Worker.run(ThreadPoolExecutor.java:624) [?:1.8.0_212]
	at java.lang.Thread.run(Thread.java:748) [?:1.8.0_212]
20:05:44.009 [pool-53-thread-1] ERROR DNAudit - user=null | ip=null | op=PUT_BLOCK {blockData=[blockId=conID: 5 locID: 102413286935494664 bcsId: 0,size=2097152]} | ret=FAILURE
org.apache.hadoop.hdds.scm.container.common.helpers.StorageContainerException: ContainerID 5 does not exist
	at org.apache.hadoop.ozone.container.common.impl.HddsDispatcher.dispatchRequest(HddsDispatcher.java:242) ~[classes/:?]
	at org.apache.hadoop.ozone.container.common.impl.HddsDispatcher.dispatch(HddsDispatcher.java:148) ~[classes/:?]
	at org.apache.hadoop.ozone.container.common.transport.server.ratis.ContainerStateMachine.dispatchCommand(ContainerStateMachine.java:346) ~[classes/:?]
	at org.apache.hadoop.ozone.container.common.transport.server.ratis.ContainerStateMachine.runCommand(ContainerStateMachine.java:353) ~[classes/:?]
	at org.apache.hadoop.ozone.container.common.transport.server.ratis.ContainerStateMachine.lambda$applyTransaction$5(ContainerStateMachine.java:620) ~[classes/:?]
	at java.util.concurrent.CompletableFuture$AsyncSupply.run(CompletableFuture.java:1590) [?:1.8.0_212]
	at java.util.concurrent.ThreadPoolExecutor.runWorker(ThreadPoolExecutor.java:1149) [?:1.8.0_212]
	at java.util.concurrent.ThreadPoolExecutor$Worker.run(ThreadPoolExecutor.java:624) [?:1.8.0_212]
	at java.lang.Thread.run(Thread.java:748) [?:1.8.0_212]
2019-07-09 20:05:44,009 INFO  impl.HddsDispatcher (ContainerUtils.java:logAndReturnError(146)) - Operation: PutBlock : Trace ID: 82294ad606626fa1:81183f98b61d38df:f93ec0bff0e32978:0 : Message: ContainerID 5 does not exist : Result: CONTAINER_NOT_FOUND
2019-07-09 20:05:44,009 INFO  impl.HddsDispatcher (ContainerUtils.java:logAndReturnError(146)) - Operation: PutBlock : Trace ID: 82294ad606626fa1:617b5ee67c731b2f:f93ec0bff0e32978:0 : Message: ContainerID 5 does not exist : Result: CONTAINER_NOT_FOUND
20:05:44.010 [pool-74-thread-1] ERROR DNAudit - user=null | ip=null | op=WRITE_CHUNK {blockData=conID: 5 locID: 102413286935494664 bcsId: 0} | ret=FAILURE
org.apache.hadoop.hdds.scm.container.common.helpers.StorageContainerException: ContainerID 5 does not exist
	at org.apache.hadoop.ozone.container.common.impl.HddsDispatcher.dispatchRequest(HddsDispatcher.java:242) ~[classes/:?]
	at org.apache.hadoop.ozone.container.common.impl.HddsDispatcher.dispatch(HddsDispatcher.java:148) ~[classes/:?]
	at org.apache.hadoop.ozone.container.common.transport.server.ratis.ContainerStateMachine.dispatchCommand(ContainerStateMachine.java:346) ~[classes/:?]
	at org.apache.hadoop.ozone.container.common.transport.server.ratis.ContainerStateMachine.runCommand(ContainerStateMachine.java:353) ~[classes/:?]
	at org.apache.hadoop.ozone.container.common.transport.server.ratis.ContainerStateMachine.lambda$applyTransaction$5(ContainerStateMachine.java:620) ~[classes/:?]
	at java.util.concurrent.CompletableFuture$AsyncSupply.run(CompletableFuture.java:1590) [?:1.8.0_212]
	at java.util.concurrent.ThreadPoolExecutor.runWorker(ThreadPoolExecutor.java:1149) [?:1.8.0_212]
	at java.util.concurrent.ThreadPoolExecutor$Worker.run(ThreadPoolExecutor.java:624) [?:1.8.0_212]
	at java.lang.Thread.run(Thread.java:748) [?:1.8.0_212]
2019-07-09 20:05:44,010 INFO  impl.HddsDispatcher (ContainerUtils.java:logAndReturnError(146)) - Operation: WriteChunk : Trace ID: 82294ad606626fa1:6f07e7fc5c62d19c:f93ec0bff0e32978:0 : Message: ContainerID 5 does not exist : Result: CONTAINER_NOT_FOUND
20:05:44.011 [pool-74-thread-1] ERROR DNAudit - user=null | ip=null | op=PUT_BLOCK {blockData=[blockId=conID: 5 locID: 102413286935494664 bcsId: 0,size=2097152]} | ret=FAILURE
org.apache.hadoop.hdds.scm.container.common.helpers.StorageContainerException: ContainerID 5 does not exist
	at org.apache.hadoop.ozone.container.common.impl.HddsDispatcher.dispatchRequest(HddsDispatcher.java:242) ~[classes/:?]
	at org.apache.hadoop.ozone.container.common.impl.HddsDispatcher.dispatch(HddsDispatcher.java:148) ~[classes/:?]
	at org.apache.hadoop.ozone.container.common.transport.server.ratis.ContainerStateMachine.dispatchCommand(ContainerStateMachine.java:346) ~[classes/:?]
	at org.apache.hadoop.ozone.container.common.transport.server.ratis.ContainerStateMachine.runCommand(ContainerStateMachine.java:353) ~[classes/:?]
	at org.apache.hadoop.ozone.container.common.transport.server.ratis.ContainerStateMachine.lambda$applyTransaction$5(ContainerStateMachine.java:620) ~[classes/:?]
	at java.util.concurrent.CompletableFuture$AsyncSupply.run(CompletableFuture.java:1590) [?:1.8.0_212]
	at java.util.concurrent.ThreadPoolExecutor.runWorker(ThreadPoolExecutor.java:1149) [?:1.8.0_212]
	at java.util.concurrent.ThreadPoolExecutor$Worker.run(ThreadPoolExecutor.java:624) [?:1.8.0_212]
	at java.lang.Thread.run(Thread.java:748) [?:1.8.0_212]
2019-07-09 20:05:44,011 INFO  impl.HddsDispatcher (ContainerUtils.java:logAndReturnError(146)) - Operation: PutBlock : Trace ID: 82294ad606626fa1:81183f98b61d38df:f93ec0bff0e32978:0 : Message: ContainerID 5 does not exist : Result: CONTAINER_NOT_FOUND
 0.00% |█                                                                                                    |  0/1 Time: 0:00:02 0.00% |█                                                                                                    |  0/1 Time: 0:00:03 0.00% |█                                                                                                    |  0/1 Time: 0:00:04 100.00% |█████████████████████████████████████████████████████████████████████████████████████████████████████|  1/1 Time: 0:00:05
]]></system-out>
    <system-err><![CDATA[ERROR StatusLogger No Log4j 2 configuration file found. Using default configuration (logging only errors to the console), or user programmatically provided configurations. Set system property 'log4j2.debug' to show Log4j 2 internal initialization logging. See https://logging.apache.org/log4j/2.x/manual/configuration.html for instructions on how to configure Log4j 2
Jul 09, 2019 8:05:27 PM com.sun.jersey.server.impl.application.WebApplicationImpl _initiate
INFO: Initiating Jersey application, version 'Jersey: 1.19 02/11/2015 03:25 AM'
Jul 09, 2019 8:05:27 PM com.sun.jersey.server.impl.application.WebApplicationImpl _initiate
INFO: Initiating Jersey application, version 'Jersey: 1.19 02/11/2015 03:25 AM'
Jul 09, 2019 8:05:28 PM com.sun.jersey.server.impl.application.WebApplicationImpl _initiate
INFO: Initiating Jersey application, version 'Jersey: 1.19 02/11/2015 03:25 AM'
]]></system-err>
  </testcase>
</testsuite>