<?xml version="1.0" encoding="UTF-8"?>
<testsuite xmlns:xsi="http://www.w3.org/2001/XMLSchema-instance" xsi:noNamespaceSchemaLocation="https://maven.apache.org/surefire/maven-surefire-plugin/xsd/surefire-test-report.xsd" name="org.apache.hadoop.ozone.freon.TestRandomKeyGenerator" time="127.815" tests="5" errors="1" skipped="0" failures="0">
  <properties>
    <property name="awt.toolkit" value="sun.awt.X11.XToolkit"/>
    <property name="file.encoding.pkg" value="sun.io"/>
    <property name="java.specification.version" value="1.8"/>
    <property name="sun.cpu.isalist" value=""/>
    <property name="sun.jnu.encoding" value="UTF-8"/>
    <property name="java.class.path" value="/tmp/workdir/hadoop-ozone/tools/target/test-classes:/tmp/workdir/hadoop-ozone/tools/target/classes:/tmp/workdir/hadoop-ozone/ozone-manager/target/classes:/tmp/workdir/hadoop-hdds/docs/target/classes:/home/user/.m2/repository/org/bouncycastle/bcprov-jdk15on/1.60/bcprov-jdk15on-1.60.jar:/tmp/workdir/hadoop-ozone/common/target/classes:/home/user/.m2/repository/org/apache/commons/commons-compress/1.4.1/commons-compress-1.4.1.jar:/home/user/.m2/repository/org/tukaani/xz/1.0/xz-1.0.jar:/home/user/.m2/repository/org/apache/hadoop/hadoop-hdfs-client/3.2.0/hadoop-hdfs-client-3.2.0.jar:/home/user/.m2/repository/com/fasterxml/jackson/core/jackson-annotations/2.9.5/jackson-annotations-2.9.5.jar:/tmp/workdir/hadoop-hdds/common/target/classes:/tmp/workdir/hadoop-hdds/config/target/classes:/home/user/.m2/repository/javax/annotation/javax.annotation-api/1.2/javax.annotation-api-1.2.jar:/home/user/.m2/repository/org/apache/ratis/ratis-server/0.4.0-2337318-SNAPSHOT/ratis-server-0.4.0-2337318-SNAPSHOT.jar:/home/user/.m2/repository/org/apache/ratis/ratis-thirdparty-misc/0.2.0/ratis-thirdparty-misc-0.2.0.jar:/home/user/.m2/repository/org/apache/ratis/ratis-proto/0.4.0-2337318-SNAPSHOT/ratis-proto-0.4.0-2337318-SNAPSHOT.jar:/home/user/.m2/repository/org/apache/ratis/ratis-common/0.4.0-2337318-SNAPSHOT/ratis-common-0.4.0-2337318-SNAPSHOT.jar:/home/user/.m2/repository/org/apache/ratis/ratis-client/0.4.0-2337318-SNAPSHOT/ratis-client-0.4.0-2337318-SNAPSHOT.jar:/home/user/.m2/repository/org/apache/ratis/ratis-metrics/0.4.0-2337318-SNAPSHOT/ratis-metrics-0.4.0-2337318-SNAPSHOT.jar:/home/user/.m2/repository/org/apache/ratis/ratis-netty/0.4.0-2337318-SNAPSHOT/ratis-netty-0.4.0-2337318-SNAPSHOT.jar:/home/user/.m2/repository/org/apache/ratis/ratis-grpc/0.4.0-2337318-SNAPSHOT/ratis-grpc-0.4.0-2337318-SNAPSHOT.jar:/home/user/.m2/repository/org/rocksdb/rocksdbjni/6.0.1/rocksdbjni-6.0.1.jar:/home/user/.m2/repository/org/apache/logging/log4j/log4j-api/2.11.0/log4j-api-2.11.0.jar:/home/user/.m2/repository/org/apache/logging/log4j/log4j-core/2.11.0/log4j-core-2.11.0.jar:/home/user/.m2/repository/com/lmax/disruptor/3.4.2/disruptor-3.4.2.jar:/home/user/.m2/repository/org/apache/commons/commons-pool2/2.6.0/commons-pool2-2.6.0.jar:/home/user/.m2/repository/org/bouncycastle/bcpkix-jdk15on/1.60/bcpkix-jdk15on-1.60.jar:/home/user/.m2/repository/commons-validator/commons-validator/1.6/commons-validator-1.6.jar:/home/user/.m2/repository/commons-digester/commons-digester/1.8.1/commons-digester-1.8.1.jar:/home/user/.m2/repository/io/jaegertracing/jaeger-client/0.33.1/jaeger-client-0.33.1.jar:/home/user/.m2/repository/io/jaegertracing/jaeger-thrift/0.33.1/jaeger-thrift-0.33.1.jar:/home/user/.m2/repository/org/apache/thrift/libthrift/0.11.0/libthrift-0.11.0.jar:/home/user/.m2/repository/com/squareup/okhttp3/okhttp/3.9.0/okhttp-3.9.0.jar:/home/user/.m2/repository/com/squareup/okio/okio/1.13.0/okio-1.13.0.jar:/home/user/.m2/repository/io/jaegertracing/jaeger-core/0.33.1/jaeger-core-0.33.1.jar:/home/user/.m2/repository/io/jaegertracing/jaeger-tracerresolver/0.33.1/jaeger-tracerresolver-0.33.1.jar:/home/user/.m2/repository/io/opentracing/contrib/opentracing-tracerresolver/0.1.5/opentracing-tracerresolver-0.1.5.jar:/home/user/.m2/repository/io/opentracing/opentracing-util/0.31.0/opentracing-util-0.31.0.jar:/home/user/.m2/repository/io/opentracing/opentracing-api/0.31.0/opentracing-api-0.31.0.jar:/home/user/.m2/repository/io/opentracing/opentracing-noop/0.31.0/opentracing-noop-0.31.0.jar:/home/user/.m2/repository/org/yaml/snakeyaml/1.16/snakeyaml-1.16.jar:/tmp/workdir/hadoop-hdds/container-service/target/classes:/tmp/workdir/hadoop-hdds/client/target/classes:/tmp/workdir/hadoop-hdds/tools/target/classes:/home/user/.m2/repository/org/xerial/sqlite-jdbc/3.25.2/sqlite-jdbc-3.25.2.jar:/tmp/workdir/hadoop-hdds/server-scm/target/classes:/home/user/.m2/repository/org/hamcrest/hamcrest-all/1.3/hamcrest-all-1.3.jar:/home/user/.m2/repository/info/picocli/picocli/3.9.6/picocli-3.9.6.jar:/home/user/.m2/repository/com/google/protobuf/protobuf-java/2.5.0/protobuf-java-2.5.0.jar:/home/user/.m2/repository/com/google/guava/guava/11.0.2/guava-11.0.2.jar:/tmp/workdir/hadoop-ozone/client/target/classes:/home/user/.m2/repository/org/apache/hadoop/hadoop-ozone-filesystem/0.5.0-SNAPSHOT/hadoop-ozone-filesystem-0.5.0-SNAPSHOT.jar:/tmp/workdir/hadoop-hdds/framework/target/classes:/home/user/.m2/repository/org/apache/hadoop/hadoop-common/3.2.0/hadoop-common-3.2.0.jar:/home/user/.m2/repository/org/apache/hadoop/hadoop-annotations/3.2.0/hadoop-annotations-3.2.0.jar:/usr/lib/jvm/java-1.8-openjdk/jre/../lib/tools.jar:/home/user/.m2/repository/commons-cli/commons-cli/1.2/commons-cli-1.2.jar:/home/user/.m2/repository/org/apache/commons/commons-math3/3.1.1/commons-math3-3.1.1.jar:/home/user/.m2/repository/org/apache/httpcomponents/httpclient/4.5.2/httpclient-4.5.2.jar:/home/user/.m2/repository/org/apache/httpcomponents/httpcore/4.4.4/httpcore-4.4.4.jar:/home/user/.m2/repository/commons-codec/commons-codec/1.11/commons-codec-1.11.jar:/home/user/.m2/repository/commons-io/commons-io/2.5/commons-io-2.5.jar:/home/user/.m2/repository/commons-net/commons-net/3.6/commons-net-3.6.jar:/home/user/.m2/repository/commons-collections/commons-collections/3.2.2/commons-collections-3.2.2.jar:/home/user/.m2/repository/javax/servlet/javax.servlet-api/3.1.0/javax.servlet-api-3.1.0.jar:/home/user/.m2/repository/org/eclipse/jetty/jetty-server/9.3.24.v20180605/jetty-server-9.3.24.v20180605.jar:/home/user/.m2/repository/org/eclipse/jetty/jetty-http/9.3.24.v20180605/jetty-http-9.3.24.v20180605.jar:/home/user/.m2/repository/org/eclipse/jetty/jetty-io/9.3.24.v20180605/jetty-io-9.3.24.v20180605.jar:/home/user/.m2/repository/org/eclipse/jetty/jetty-util/9.3.24.v20180605/jetty-util-9.3.24.v20180605.jar:/home/user/.m2/repository/org/eclipse/jetty/jetty-servlet/9.3.24.v20180605/jetty-servlet-9.3.24.v20180605.jar:/home/user/.m2/repository/org/eclipse/jetty/jetty-security/9.3.24.v20180605/jetty-security-9.3.24.v20180605.jar:/home/user/.m2/repository/org/eclipse/jetty/jetty-webapp/9.3.24.v20180605/jetty-webapp-9.3.24.v20180605.jar:/home/user/.m2/repository/org/eclipse/jetty/jetty-xml/9.3.24.v20180605/jetty-xml-9.3.24.v20180605.jar:/home/user/.m2/repository/javax/servlet/jsp/jsp-api/2.1/jsp-api-2.1.jar:/home/user/.m2/repository/com/sun/jersey/jersey-core/1.19/jersey-core-1.19.jar:/home/user/.m2/repository/javax/ws/rs/jsr311-api/1.1.1/jsr311-api-1.1.1.jar:/home/user/.m2/repository/com/sun/jersey/jersey-servlet/1.19/jersey-servlet-1.19.jar:/home/user/.m2/repository/com/sun/jersey/jersey-json/1.19/jersey-json-1.19.jar:/home/user/.m2/repository/org/codehaus/jettison/jettison/1.1/jettison-1.1.jar:/home/user/.m2/repository/com/sun/xml/bind/jaxb-impl/2.3.0.1/jaxb-impl-2.3.0.1.jar:/home/user/.m2/repository/org/codehaus/jackson/jackson-core-asl/1.9.13/jackson-core-asl-1.9.13.jar:/home/user/.m2/repository/org/codehaus/jackson/jackson-mapper-asl/1.9.13/jackson-mapper-asl-1.9.13.jar:/home/user/.m2/repository/org/codehaus/jackson/jackson-jaxrs/1.9.13/jackson-jaxrs-1.9.13.jar:/home/user/.m2/repository/org/codehaus/jackson/jackson-xc/1.9.13/jackson-xc-1.9.13.jar:/home/user/.m2/repository/com/sun/jersey/jersey-server/1.19/jersey-server-1.19.jar:/home/user/.m2/repository/commons-logging/commons-logging/1.1.3/commons-logging-1.1.3.jar:/home/user/.m2/repository/log4j/log4j/1.2.17/log4j-1.2.17.jar:/home/user/.m2/repository/commons-beanutils/commons-beanutils/1.9.3/commons-beanutils-1.9.3.jar:/home/user/.m2/repository/org/apache/commons/commons-configuration2/2.1.1/commons-configuration2-2.1.1.jar:/home/user/.m2/repository/org/apache/commons/commons-lang3/3.7/commons-lang3-3.7.jar:/home/user/.m2/repository/org/apache/commons/commons-text/1.4/commons-text-1.4.jar:/home/user/.m2/repository/org/slf4j/slf4j-api/1.7.25/slf4j-api-1.7.25.jar:/home/user/.m2/repository/org/slf4j/slf4j-log4j12/1.7.25/slf4j-log4j12-1.7.25.jar:/home/user/.m2/repository/org/apache/avro/avro/1.7.7/avro-1.7.7.jar:/home/user/.m2/repository/com/thoughtworks/paranamer/paranamer/2.3/paranamer-2.3.jar:/home/user/.m2/repository/org/xerial/snappy/snappy-java/1.0.5/snappy-java-1.0.5.jar:/home/user/.m2/repository/com/google/re2j/re2j/1.1/re2j-1.1.jar:/home/user/.m2/repository/com/google/code/gson/gson/2.2.4/gson-2.2.4.jar:/home/user/.m2/repository/org/apache/hadoop/hadoop-auth/3.2.0/hadoop-auth-3.2.0.jar:/home/user/.m2/repository/com/nimbusds/nimbus-jose-jwt/4.41.1/nimbus-jose-jwt-4.41.1.jar:/home/user/.m2/repository/com/github/stephenc/jcip/jcip-annotations/1.0-1/jcip-annotations-1.0-1.jar:/home/user/.m2/repository/net/minidev/json-smart/2.3/json-smart-2.3.jar:/home/user/.m2/repository/net/minidev/accessors-smart/1.2/accessors-smart-1.2.jar:/home/user/.m2/repository/org/apache/curator/curator-framework/2.12.0/curator-framework-2.12.0.jar:/home/user/.m2/repository/com/jcraft/jsch/0.1.54/jsch-0.1.54.jar:/home/user/.m2/repository/org/apache/curator/curator-client/2.12.0/curator-client-2.12.0.jar:/home/user/.m2/repository/org/apache/curator/curator-recipes/2.12.0/curator-recipes-2.12.0.jar:/home/user/.m2/repository/com/google/code/findbugs/jsr305/3.0.0/jsr305-3.0.0.jar:/home/user/.m2/repository/org/apache/htrace/htrace-core4/4.1.0-incubating/htrace-core4-4.1.0-incubating.jar:/home/user/.m2/repository/org/apache/zookeeper/zookeeper/3.4.13/zookeeper-3.4.13.jar:/home/user/.m2/repository/org/apache/yetus/audience-annotations/0.5.0/audience-annotations-0.5.0.jar:/home/user/.m2/repository/org/apache/kerby/kerb-simplekdc/1.0.1/kerb-simplekdc-1.0.1.jar:/home/user/.m2/repository/org/apache/kerby/kerb-client/1.0.1/kerb-client-1.0.1.jar:/home/user/.m2/repository/org/apache/kerby/kerby-config/1.0.1/kerby-config-1.0.1.jar:/home/user/.m2/repository/org/apache/kerby/kerb-core/1.0.1/kerb-core-1.0.1.jar:/home/user/.m2/repository/org/apache/kerby/kerby-pkix/1.0.1/kerby-pkix-1.0.1.jar:/home/user/.m2/repository/org/apache/kerby/kerby-asn1/1.0.1/kerby-asn1-1.0.1.jar:/home/user/.m2/repository/org/apache/kerby/kerby-util/1.0.1/kerby-util-1.0.1.jar:/home/user/.m2/repository/org/apache/kerby/kerb-common/1.0.1/kerb-common-1.0.1.jar:/home/user/.m2/repository/org/apache/kerby/kerb-crypto/1.0.1/kerb-crypto-1.0.1.jar:/home/user/.m2/repository/org/apache/kerby/kerb-util/1.0.1/kerb-util-1.0.1.jar:/home/user/.m2/repository/org/apache/kerby/token-provider/1.0.1/token-provider-1.0.1.jar:/home/user/.m2/repository/org/apache/kerby/kerb-admin/1.0.1/kerb-admin-1.0.1.jar:/home/user/.m2/repository/org/apache/kerby/kerb-server/1.0.1/kerb-server-1.0.1.jar:/home/user/.m2/repository/org/apache/kerby/kerb-identity/1.0.1/kerb-identity-1.0.1.jar:/home/user/.m2/repository/org/apache/kerby/kerby-xdr/1.0.1/kerby-xdr-1.0.1.jar:/home/user/.m2/repository/com/fasterxml/jackson/core/jackson-databind/2.9.5/jackson-databind-2.9.5.jar:/home/user/.m2/repository/com/fasterxml/jackson/core/jackson-core/2.9.5/jackson-core-2.9.5.jar:/home/user/.m2/repository/org/codehaus/woodstox/stax2-api/3.1.4/stax2-api-3.1.4.jar:/home/user/.m2/repository/com/fasterxml/woodstox/woodstox-core/5.0.3/woodstox-core-5.0.3.jar:/home/user/.m2/repository/dnsjava/dnsjava/2.1.7/dnsjava-2.1.7.jar:/home/user/.m2/repository/org/apache/hadoop/hadoop-hdfs/3.2.0/hadoop-hdfs-3.2.0.jar:/home/user/.m2/repository/org/eclipse/jetty/jetty-util-ajax/9.3.24.v20180605/jetty-util-ajax-9.3.24.v20180605.jar:/home/user/.m2/repository/commons-daemon/commons-daemon/1.0.13/commons-daemon-1.0.13.jar:/home/user/.m2/repository/io/netty/netty/3.10.5.Final/netty-3.10.5.Final.jar:/home/user/.m2/repository/io/netty/netty-all/4.0.52.Final/netty-all-4.0.52.Final.jar:/home/user/.m2/repository/org/fusesource/leveldbjni/leveldbjni-all/1.8/leveldbjni-all-1.8.jar:/home/user/.m2/repository/com/sun/xml/bind/jaxb-core/2.3.0.1/jaxb-core-2.3.0.1.jar:/home/user/.m2/repository/javax/xml/bind/jaxb-api/2.3.0/jaxb-api-2.3.0.jar:/home/user/.m2/repository/javax/activation/activation/1.1.1/activation-1.1.1.jar:/home/user/.m2/repository/io/dropwizard/metrics/metrics-core/3.2.4/metrics-core-3.2.4.jar:/home/user/.m2/repository/org/openjdk/jmh/jmh-core/1.19/jmh-core-1.19.jar:/home/user/.m2/repository/net/sf/jopt-simple/jopt-simple/4.6/jopt-simple-4.6.jar:/home/user/.m2/repository/org/openjdk/jmh/jmh-generator-annprocess/1.19/jmh-generator-annprocess-1.19.jar:/home/user/.m2/repository/com/google/code/findbugs/findbugs/3.0.1/findbugs-3.0.1.jar:/home/user/.m2/repository/net/jcip/jcip-annotations/1.0/jcip-annotations-1.0.jar:/home/user/.m2/repository/com/google/code/findbugs/bcel-findbugs/6.0/bcel-findbugs-6.0.jar:/home/user/.m2/repository/com/google/code/findbugs/jFormatString/2.0.1/jFormatString-2.0.1.jar:/home/user/.m2/repository/dom4j/dom4j/1.6.1/dom4j-1.6.1.jar:/home/user/.m2/repository/xml-apis/xml-apis/1.0.b2/xml-apis-1.0.b2.jar:/home/user/.m2/repository/org/ow2/asm/asm-debug-all/5.0.2/asm-debug-all-5.0.2.jar:/home/user/.m2/repository/org/ow2/asm/asm-commons/5.0.2/asm-commons-5.0.2.jar:/home/user/.m2/repository/org/ow2/asm/asm-tree/5.0.2/asm-tree-5.0.2.jar:/home/user/.m2/repository/org/ow2/asm/asm/5.0.4/asm-5.0.4.jar:/home/user/.m2/repository/commons-lang/commons-lang/2.6/commons-lang-2.6.jar:/home/user/.m2/repository/com/apple/AppleJavaExtensions/1.4/AppleJavaExtensions-1.4.jar:/home/user/.m2/repository/jaxen/jaxen/1.1.6/jaxen-1.1.6.jar:/home/user/.m2/repository/junit/junit/4.11/junit-4.11.jar:/home/user/.m2/repository/org/hamcrest/hamcrest-core/1.3/hamcrest-core-1.3.jar:/home/user/.m2/repository/org/apache/hadoop/hadoop-common/3.2.0/hadoop-common-3.2.0-tests.jar:/home/user/.m2/repository/org/apache/hadoop/hadoop-ozone-integration-test/0.5.0-SNAPSHOT/hadoop-ozone-integration-test-0.5.0-SNAPSHOT-tests.jar:/tmp/workdir/hadoop-ozone/objectstore-service/target/classes:/tmp/workdir/hadoop-ozone/s3gateway/target/classes:/home/user/.m2/repository/org/jboss/weld/servlet/weld-servlet/2.4.7.Final/weld-servlet-2.4.7.Final.jar:/home/user/.m2/repository/org/glassfish/jersey/containers/jersey-container-servlet-core/2.27/jersey-container-servlet-core-2.27.jar:/home/user/.m2/repository/org/glassfish/hk2/external/javax.inject/2.5.0-b42/javax.inject-2.5.0-b42.jar:/home/user/.m2/repository/org/glassfish/jersey/core/jersey-common/2.27/jersey-common-2.27.jar:/home/user/.m2/repository/org/glassfish/hk2/osgi-resource-locator/1.0.1/osgi-resource-locator-1.0.1.jar:/home/user/.m2/repository/javax/ws/rs/javax.ws.rs-api/2.1/javax.ws.rs-api-2.1.jar:/home/user/.m2/repository/org/glassfish/jersey/ext/cdi/jersey-cdi1x/2.27/jersey-cdi1x-2.27.jar:/home/user/.m2/repository/org/glassfish/jersey/inject/jersey-hk2/2.27/jersey-hk2-2.27.jar:/home/user/.m2/repository/org/glassfish/hk2/hk2-locator/2.5.0-b42/hk2-locator-2.5.0-b42.jar:/home/user/.m2/repository/org/javassist/javassist/3.22.0-CR2/javassist-3.22.0-CR2.jar:/home/user/.m2/repository/org/glassfish/hk2/hk2-api/2.5.0/hk2-api-2.5.0.jar:/home/user/.m2/repository/org/glassfish/hk2/external/jakarta.inject/2.5.0/jakarta.inject-2.5.0.jar:/home/user/.m2/repository/org/glassfish/hk2/hk2-utils/2.5.0/hk2-utils-2.5.0.jar:/home/user/.m2/repository/jakarta/annotation/jakarta.annotation-api/1.3.4/jakarta.annotation-api-1.3.4.jar:/home/user/.m2/repository/org/glassfish/hk2/external/aopalliance-repackaged/2.5.0/aopalliance-repackaged-2.5.0.jar:/home/user/.m2/repository/com/fasterxml/jackson/dataformat/jackson-dataformat-xml/2.9.0/jackson-dataformat-xml-2.9.0.jar:/home/user/.m2/repository/com/fasterxml/jackson/module/jackson-module-jaxb-annotations/2.9.5/jackson-module-jaxb-annotations-2.9.5.jar:/home/user/.m2/repository/javax/enterprise/cdi-api/1.2/cdi-api-1.2.jar:/home/user/.m2/repository/javax/el/javax.el-api/3.0.0/javax.el-api-3.0.0.jar:/home/user/.m2/repository/javax/interceptor/javax.interceptor-api/1.2/javax.interceptor-api-1.2.jar:/home/user/.m2/repository/javax/inject/javax.inject/1/javax.inject-1.jar:/tmp/workdir/hadoop-ozone/csi/target/classes:/home/user/.m2/repository/com/google/protobuf/protobuf-java-util/3.5.1/protobuf-java-util-3.5.1.jar:/home/user/.m2/repository/io/grpc/grpc-netty/1.17.1/grpc-netty-1.17.1.jar:/home/user/.m2/repository/io/grpc/grpc-core/1.17.1/grpc-core-1.17.1.jar:/home/user/.m2/repository/io/grpc/grpc-context/1.17.1/grpc-context-1.17.1.jar:/home/user/.m2/repository/com/google/errorprone/error_prone_annotations/2.2.0/error_prone_annotations-2.2.0.jar:/home/user/.m2/repository/org/codehaus/mojo/animal-sniffer-annotations/1.17/animal-sniffer-annotations-1.17.jar:/home/user/.m2/repository/io/opencensus/opencensus-api/0.17.0/opencensus-api-0.17.0.jar:/home/user/.m2/repository/io/opencensus/opencensus-contrib-grpc-metrics/0.17.0/opencensus-contrib-grpc-metrics-0.17.0.jar:/home/user/.m2/repository/io/netty/netty-codec-http2/4.1.30.Final/netty-codec-http2-4.1.30.Final.jar:/home/user/.m2/repository/io/netty/netty-codec-http/4.1.30.Final/netty-codec-http-4.1.30.Final.jar:/home/user/.m2/repository/io/netty/netty-codec/4.1.30.Final/netty-codec-4.1.30.Final.jar:/home/user/.m2/repository/io/netty/netty-handler/4.1.30.Final/netty-handler-4.1.30.Final.jar:/home/user/.m2/repository/io/netty/netty-handler-proxy/4.1.30.Final/netty-handler-proxy-4.1.30.Final.jar:/home/user/.m2/repository/io/netty/netty-codec-socks/4.1.30.Final/netty-codec-socks-4.1.30.Final.jar:/home/user/.m2/repository/io/netty/netty-transport-native-epoll/4.1.30.Final/netty-transport-native-epoll-4.1.30.Final.jar:/home/user/.m2/repository/io/netty/netty-common/4.1.30.Final/netty-common-4.1.30.Final.jar:/home/user/.m2/repository/io/netty/netty-buffer/4.1.30.Final/netty-buffer-4.1.30.Final.jar:/home/user/.m2/repository/io/netty/netty-transport/4.1.30.Final/netty-transport-4.1.30.Final.jar:/home/user/.m2/repository/io/netty/netty-resolver/4.1.30.Final/netty-resolver-4.1.30.Final.jar:/home/user/.m2/repository/io/netty/netty-transport-native-unix-common/4.1.30.Final/netty-transport-native-unix-common-4.1.30.Final.jar:/home/user/.m2/repository/io/grpc/grpc-protobuf/1.17.1/grpc-protobuf-1.17.1.jar:/home/user/.m2/repository/com/google/api/grpc/proto-google-common-protos/1.0.0/proto-google-common-protos-1.0.0.jar:/home/user/.m2/repository/io/grpc/grpc-protobuf-lite/1.17.1/grpc-protobuf-lite-1.17.1.jar:/home/user/.m2/repository/io/grpc/grpc-stub/1.17.1/grpc-stub-1.17.1.jar:/tmp/workdir/hadoop-ozone/ozone-recon/target/classes:/tmp/workdir/hadoop-ozone/ozone-recon-codegen/target/classes:/home/user/.m2/repository/com/google/inject/extensions/guice-multibindings/4.0/guice-multibindings-4.0.jar:/home/user/.m2/repository/com/google/inject/guice/4.0/guice-4.0.jar:/home/user/.m2/repository/aopalliance/aopalliance/1.0/aopalliance-1.0.jar:/home/user/.m2/repository/com/google/inject/extensions/guice-servlet/4.0/guice-servlet-4.0.jar:/home/user/.m2/repository/org/glassfish/jersey/containers/jersey-container-servlet/2.27/jersey-container-servlet-2.27.jar:/home/user/.m2/repository/org/glassfish/hk2/guice-bridge/2.5.0/guice-bridge-2.5.0.jar:/home/user/.m2/repository/org/glassfish/jersey/core/jersey-server/2.27/jersey-server-2.27.jar:/home/user/.m2/repository/org/glassfish/jersey/core/jersey-client/2.27/jersey-client-2.27.jar:/home/user/.m2/repository/org/glassfish/jersey/media/jersey-media-jaxb/2.27/jersey-media-jaxb-2.27.jar:/home/user/.m2/repository/javax/validation/validation-api/1.1.0.Final/validation-api-1.1.0.Final.jar:/home/user/.m2/repository/org/glassfish/jersey/media/jersey-media-json-jackson/2.27/jersey-media-json-jackson-2.27.jar:/home/user/.m2/repository/org/glassfish/jersey/ext/jersey-entity-filtering/2.27/jersey-entity-filtering-2.27.jar:/home/user/.m2/repository/com/google/inject/extensions/guice-assistedinject/4.0/guice-assistedinject-4.0.jar:/home/user/.m2/repository/org/jooq/jooq/3.11.10/jooq-3.11.10.jar:/home/user/.m2/repository/org/jooq/jooq-meta/3.11.10/jooq-meta-3.11.10.jar:/home/user/.m2/repository/org/jooq/jooq-codegen/3.11.10/jooq-codegen-3.11.10.jar:/home/user/.m2/repository/com/jolbox/bonecp/0.8.0.RELEASE/bonecp-0.8.0.RELEASE.jar:/home/user/.m2/repository/org/springframework/spring-jdbc/5.1.3.RELEASE/spring-jdbc-5.1.3.RELEASE.jar:/home/user/.m2/repository/org/springframework/spring-beans/5.1.3.RELEASE/spring-beans-5.1.3.RELEASE.jar:/home/user/.m2/repository/org/springframework/spring-core/5.1.3.RELEASE/spring-core-5.1.3.RELEASE.jar:/home/user/.m2/repository/org/springframework/spring-jcl/5.1.3.RELEASE/spring-jcl-5.1.3.RELEASE.jar:/home/user/.m2/repository/org/springframework/spring-tx/5.1.3.RELEASE/spring-tx-5.1.3.RELEASE.jar:/home/user/.m2/repository/org/mockito/mockito-core/2.15.0/mockito-core-2.15.0.jar:/home/user/.m2/repository/net/bytebuddy/byte-buddy/1.7.9/byte-buddy-1.7.9.jar:/home/user/.m2/repository/net/bytebuddy/byte-buddy-agent/1.7.9/byte-buddy-agent-1.7.9.jar:/home/user/.m2/repository/org/objenesis/objenesis/1.0/objenesis-1.0.jar:"/>
    <property name="java.vm.vendor" value="IcedTea"/>
    <property name="sun.arch.data.model" value="64"/>
    <property name="test.build.dir" value="/tmp/workdir/hadoop-ozone/tools/target/test-dir"/>
    <property name="test.cache.data" value=""/>
    <property name="java.vendor.url" value="https://icedtea.classpath.org"/>
    <property name="user.timezone" value=""/>
    <property name="java.vm.specification.version" value="1.8"/>
    <property name="os.name" value="Linux"/>
    <property name="test.build.data" value="/tmp/workdir/hadoop-ozone/tools/target/test-dir"/>
    <property name="user.country" value="US"/>
    <property name="sun.java.launcher" value="SUN_STANDARD"/>
    <property name="sun.boot.library.path" value="/usr/lib/jvm/java-1.8-openjdk/jre/lib/amd64"/>
    <property name="sun.java.command" value="/tmp/workdir/hadoop-ozone/tools/target/surefire/surefirebooter8456604504438009093.jar /tmp/workdir/hadoop-ozone/tools/target/surefire 2019-07-09T19-56-31_621-jvmRun1 surefire8677741174435368848tmp surefire_1026490561879935108718tmp"/>
    <property name="surefire.test.class.path" value="/tmp/workdir/hadoop-ozone/tools/target/test-classes:/tmp/workdir/hadoop-ozone/tools/target/classes:/tmp/workdir/hadoop-ozone/ozone-manager/target/classes:/tmp/workdir/hadoop-hdds/docs/target/classes:/home/user/.m2/repository/org/bouncycastle/bcprov-jdk15on/1.60/bcprov-jdk15on-1.60.jar:/tmp/workdir/hadoop-ozone/common/target/classes:/home/user/.m2/repository/org/apache/commons/commons-compress/1.4.1/commons-compress-1.4.1.jar:/home/user/.m2/repository/org/tukaani/xz/1.0/xz-1.0.jar:/home/user/.m2/repository/org/apache/hadoop/hadoop-hdfs-client/3.2.0/hadoop-hdfs-client-3.2.0.jar:/home/user/.m2/repository/com/fasterxml/jackson/core/jackson-annotations/2.9.5/jackson-annotations-2.9.5.jar:/tmp/workdir/hadoop-hdds/common/target/classes:/tmp/workdir/hadoop-hdds/config/target/classes:/home/user/.m2/repository/javax/annotation/javax.annotation-api/1.2/javax.annotation-api-1.2.jar:/home/user/.m2/repository/org/apache/ratis/ratis-server/0.4.0-2337318-SNAPSHOT/ratis-server-0.4.0-2337318-SNAPSHOT.jar:/home/user/.m2/repository/org/apache/ratis/ratis-thirdparty-misc/0.2.0/ratis-thirdparty-misc-0.2.0.jar:/home/user/.m2/repository/org/apache/ratis/ratis-proto/0.4.0-2337318-SNAPSHOT/ratis-proto-0.4.0-2337318-SNAPSHOT.jar:/home/user/.m2/repository/org/apache/ratis/ratis-common/0.4.0-2337318-SNAPSHOT/ratis-common-0.4.0-2337318-SNAPSHOT.jar:/home/user/.m2/repository/org/apache/ratis/ratis-client/0.4.0-2337318-SNAPSHOT/ratis-client-0.4.0-2337318-SNAPSHOT.jar:/home/user/.m2/repository/org/apache/ratis/ratis-metrics/0.4.0-2337318-SNAPSHOT/ratis-metrics-0.4.0-2337318-SNAPSHOT.jar:/home/user/.m2/repository/org/apache/ratis/ratis-netty/0.4.0-2337318-SNAPSHOT/ratis-netty-0.4.0-2337318-SNAPSHOT.jar:/home/user/.m2/repository/org/apache/ratis/ratis-grpc/0.4.0-2337318-SNAPSHOT/ratis-grpc-0.4.0-2337318-SNAPSHOT.jar:/home/user/.m2/repository/org/rocksdb/rocksdbjni/6.0.1/rocksdbjni-6.0.1.jar:/home/user/.m2/repository/org/apache/logging/log4j/log4j-api/2.11.0/log4j-api-2.11.0.jar:/home/user/.m2/repository/org/apache/logging/log4j/log4j-core/2.11.0/log4j-core-2.11.0.jar:/home/user/.m2/repository/com/lmax/disruptor/3.4.2/disruptor-3.4.2.jar:/home/user/.m2/repository/org/apache/commons/commons-pool2/2.6.0/commons-pool2-2.6.0.jar:/home/user/.m2/repository/org/bouncycastle/bcpkix-jdk15on/1.60/bcpkix-jdk15on-1.60.jar:/home/user/.m2/repository/commons-validator/commons-validator/1.6/commons-validator-1.6.jar:/home/user/.m2/repository/commons-digester/commons-digester/1.8.1/commons-digester-1.8.1.jar:/home/user/.m2/repository/io/jaegertracing/jaeger-client/0.33.1/jaeger-client-0.33.1.jar:/home/user/.m2/repository/io/jaegertracing/jaeger-thrift/0.33.1/jaeger-thrift-0.33.1.jar:/home/user/.m2/repository/org/apache/thrift/libthrift/0.11.0/libthrift-0.11.0.jar:/home/user/.m2/repository/com/squareup/okhttp3/okhttp/3.9.0/okhttp-3.9.0.jar:/home/user/.m2/repository/com/squareup/okio/okio/1.13.0/okio-1.13.0.jar:/home/user/.m2/repository/io/jaegertracing/jaeger-core/0.33.1/jaeger-core-0.33.1.jar:/home/user/.m2/repository/io/jaegertracing/jaeger-tracerresolver/0.33.1/jaeger-tracerresolver-0.33.1.jar:/home/user/.m2/repository/io/opentracing/contrib/opentracing-tracerresolver/0.1.5/opentracing-tracerresolver-0.1.5.jar:/home/user/.m2/repository/io/opentracing/opentracing-util/0.31.0/opentracing-util-0.31.0.jar:/home/user/.m2/repository/io/opentracing/opentracing-api/0.31.0/opentracing-api-0.31.0.jar:/home/user/.m2/repository/io/opentracing/opentracing-noop/0.31.0/opentracing-noop-0.31.0.jar:/home/user/.m2/repository/org/yaml/snakeyaml/1.16/snakeyaml-1.16.jar:/tmp/workdir/hadoop-hdds/container-service/target/classes:/tmp/workdir/hadoop-hdds/client/target/classes:/tmp/workdir/hadoop-hdds/tools/target/classes:/home/user/.m2/repository/org/xerial/sqlite-jdbc/3.25.2/sqlite-jdbc-3.25.2.jar:/tmp/workdir/hadoop-hdds/server-scm/target/classes:/home/user/.m2/repository/org/hamcrest/hamcrest-all/1.3/hamcrest-all-1.3.jar:/home/user/.m2/repository/info/picocli/picocli/3.9.6/picocli-3.9.6.jar:/home/user/.m2/repository/com/google/protobuf/protobuf-java/2.5.0/protobuf-java-2.5.0.jar:/home/user/.m2/repository/com/google/guava/guava/11.0.2/guava-11.0.2.jar:/tmp/workdir/hadoop-ozone/client/target/classes:/home/user/.m2/repository/org/apache/hadoop/hadoop-ozone-filesystem/0.5.0-SNAPSHOT/hadoop-ozone-filesystem-0.5.0-SNAPSHOT.jar:/tmp/workdir/hadoop-hdds/framework/target/classes:/home/user/.m2/repository/org/apache/hadoop/hadoop-common/3.2.0/hadoop-common-3.2.0.jar:/home/user/.m2/repository/org/apache/hadoop/hadoop-annotations/3.2.0/hadoop-annotations-3.2.0.jar:/usr/lib/jvm/java-1.8-openjdk/jre/../lib/tools.jar:/home/user/.m2/repository/commons-cli/commons-cli/1.2/commons-cli-1.2.jar:/home/user/.m2/repository/org/apache/commons/commons-math3/3.1.1/commons-math3-3.1.1.jar:/home/user/.m2/repository/org/apache/httpcomponents/httpclient/4.5.2/httpclient-4.5.2.jar:/home/user/.m2/repository/org/apache/httpcomponents/httpcore/4.4.4/httpcore-4.4.4.jar:/home/user/.m2/repository/commons-codec/commons-codec/1.11/commons-codec-1.11.jar:/home/user/.m2/repository/commons-io/commons-io/2.5/commons-io-2.5.jar:/home/user/.m2/repository/commons-net/commons-net/3.6/commons-net-3.6.jar:/home/user/.m2/repository/commons-collections/commons-collections/3.2.2/commons-collections-3.2.2.jar:/home/user/.m2/repository/javax/servlet/javax.servlet-api/3.1.0/javax.servlet-api-3.1.0.jar:/home/user/.m2/repository/org/eclipse/jetty/jetty-server/9.3.24.v20180605/jetty-server-9.3.24.v20180605.jar:/home/user/.m2/repository/org/eclipse/jetty/jetty-http/9.3.24.v20180605/jetty-http-9.3.24.v20180605.jar:/home/user/.m2/repository/org/eclipse/jetty/jetty-io/9.3.24.v20180605/jetty-io-9.3.24.v20180605.jar:/home/user/.m2/repository/org/eclipse/jetty/jetty-util/9.3.24.v20180605/jetty-util-9.3.24.v20180605.jar:/home/user/.m2/repository/org/eclipse/jetty/jetty-servlet/9.3.24.v20180605/jetty-servlet-9.3.24.v20180605.jar:/home/user/.m2/repository/org/eclipse/jetty/jetty-security/9.3.24.v20180605/jetty-security-9.3.24.v20180605.jar:/home/user/.m2/repository/org/eclipse/jetty/jetty-webapp/9.3.24.v20180605/jetty-webapp-9.3.24.v20180605.jar:/home/user/.m2/repository/org/eclipse/jetty/jetty-xml/9.3.24.v20180605/jetty-xml-9.3.24.v20180605.jar:/home/user/.m2/repository/javax/servlet/jsp/jsp-api/2.1/jsp-api-2.1.jar:/home/user/.m2/repository/com/sun/jersey/jersey-core/1.19/jersey-core-1.19.jar:/home/user/.m2/repository/javax/ws/rs/jsr311-api/1.1.1/jsr311-api-1.1.1.jar:/home/user/.m2/repository/com/sun/jersey/jersey-servlet/1.19/jersey-servlet-1.19.jar:/home/user/.m2/repository/com/sun/jersey/jersey-json/1.19/jersey-json-1.19.jar:/home/user/.m2/repository/org/codehaus/jettison/jettison/1.1/jettison-1.1.jar:/home/user/.m2/repository/com/sun/xml/bind/jaxb-impl/2.3.0.1/jaxb-impl-2.3.0.1.jar:/home/user/.m2/repository/org/codehaus/jackson/jackson-core-asl/1.9.13/jackson-core-asl-1.9.13.jar:/home/user/.m2/repository/org/codehaus/jackson/jackson-mapper-asl/1.9.13/jackson-mapper-asl-1.9.13.jar:/home/user/.m2/repository/org/codehaus/jackson/jackson-jaxrs/1.9.13/jackson-jaxrs-1.9.13.jar:/home/user/.m2/repository/org/codehaus/jackson/jackson-xc/1.9.13/jackson-xc-1.9.13.jar:/home/user/.m2/repository/com/sun/jersey/jersey-server/1.19/jersey-server-1.19.jar:/home/user/.m2/repository/commons-logging/commons-logging/1.1.3/commons-logging-1.1.3.jar:/home/user/.m2/repository/log4j/log4j/1.2.17/log4j-1.2.17.jar:/home/user/.m2/repository/commons-beanutils/commons-beanutils/1.9.3/commons-beanutils-1.9.3.jar:/home/user/.m2/repository/org/apache/commons/commons-configuration2/2.1.1/commons-configuration2-2.1.1.jar:/home/user/.m2/repository/org/apache/commons/commons-lang3/3.7/commons-lang3-3.7.jar:/home/user/.m2/repository/org/apache/commons/commons-text/1.4/commons-text-1.4.jar:/home/user/.m2/repository/org/slf4j/slf4j-api/1.7.25/slf4j-api-1.7.25.jar:/home/user/.m2/repository/org/slf4j/slf4j-log4j12/1.7.25/slf4j-log4j12-1.7.25.jar:/home/user/.m2/repository/org/apache/avro/avro/1.7.7/avro-1.7.7.jar:/home/user/.m2/repository/com/thoughtworks/paranamer/paranamer/2.3/paranamer-2.3.jar:/home/user/.m2/repository/org/xerial/snappy/snappy-java/1.0.5/snappy-java-1.0.5.jar:/home/user/.m2/repository/com/google/re2j/re2j/1.1/re2j-1.1.jar:/home/user/.m2/repository/com/google/code/gson/gson/2.2.4/gson-2.2.4.jar:/home/user/.m2/repository/org/apache/hadoop/hadoop-auth/3.2.0/hadoop-auth-3.2.0.jar:/home/user/.m2/repository/com/nimbusds/nimbus-jose-jwt/4.41.1/nimbus-jose-jwt-4.41.1.jar:/home/user/.m2/repository/com/github/stephenc/jcip/jcip-annotations/1.0-1/jcip-annotations-1.0-1.jar:/home/user/.m2/repository/net/minidev/json-smart/2.3/json-smart-2.3.jar:/home/user/.m2/repository/net/minidev/accessors-smart/1.2/accessors-smart-1.2.jar:/home/user/.m2/repository/org/apache/curator/curator-framework/2.12.0/curator-framework-2.12.0.jar:/home/user/.m2/repository/com/jcraft/jsch/0.1.54/jsch-0.1.54.jar:/home/user/.m2/repository/org/apache/curator/curator-client/2.12.0/curator-client-2.12.0.jar:/home/user/.m2/repository/org/apache/curator/curator-recipes/2.12.0/curator-recipes-2.12.0.jar:/home/user/.m2/repository/com/google/code/findbugs/jsr305/3.0.0/jsr305-3.0.0.jar:/home/user/.m2/repository/org/apache/htrace/htrace-core4/4.1.0-incubating/htrace-core4-4.1.0-incubating.jar:/home/user/.m2/repository/org/apache/zookeeper/zookeeper/3.4.13/zookeeper-3.4.13.jar:/home/user/.m2/repository/org/apache/yetus/audience-annotations/0.5.0/audience-annotations-0.5.0.jar:/home/user/.m2/repository/org/apache/kerby/kerb-simplekdc/1.0.1/kerb-simplekdc-1.0.1.jar:/home/user/.m2/repository/org/apache/kerby/kerb-client/1.0.1/kerb-client-1.0.1.jar:/home/user/.m2/repository/org/apache/kerby/kerby-config/1.0.1/kerby-config-1.0.1.jar:/home/user/.m2/repository/org/apache/kerby/kerb-core/1.0.1/kerb-core-1.0.1.jar:/home/user/.m2/repository/org/apache/kerby/kerby-pkix/1.0.1/kerby-pkix-1.0.1.jar:/home/user/.m2/repository/org/apache/kerby/kerby-asn1/1.0.1/kerby-asn1-1.0.1.jar:/home/user/.m2/repository/org/apache/kerby/kerby-util/1.0.1/kerby-util-1.0.1.jar:/home/user/.m2/repository/org/apache/kerby/kerb-common/1.0.1/kerb-common-1.0.1.jar:/home/user/.m2/repository/org/apache/kerby/kerb-crypto/1.0.1/kerb-crypto-1.0.1.jar:/home/user/.m2/repository/org/apache/kerby/kerb-util/1.0.1/kerb-util-1.0.1.jar:/home/user/.m2/repository/org/apache/kerby/token-provider/1.0.1/token-provider-1.0.1.jar:/home/user/.m2/repository/org/apache/kerby/kerb-admin/1.0.1/kerb-admin-1.0.1.jar:/home/user/.m2/repository/org/apache/kerby/kerb-server/1.0.1/kerb-server-1.0.1.jar:/home/user/.m2/repository/org/apache/kerby/kerb-identity/1.0.1/kerb-identity-1.0.1.jar:/home/user/.m2/repository/org/apache/kerby/kerby-xdr/1.0.1/kerby-xdr-1.0.1.jar:/home/user/.m2/repository/com/fasterxml/jackson/core/jackson-databind/2.9.5/jackson-databind-2.9.5.jar:/home/user/.m2/repository/com/fasterxml/jackson/core/jackson-core/2.9.5/jackson-core-2.9.5.jar:/home/user/.m2/repository/org/codehaus/woodstox/stax2-api/3.1.4/stax2-api-3.1.4.jar:/home/user/.m2/repository/com/fasterxml/woodstox/woodstox-core/5.0.3/woodstox-core-5.0.3.jar:/home/user/.m2/repository/dnsjava/dnsjava/2.1.7/dnsjava-2.1.7.jar:/home/user/.m2/repository/org/apache/hadoop/hadoop-hdfs/3.2.0/hadoop-hdfs-3.2.0.jar:/home/user/.m2/repository/org/eclipse/jetty/jetty-util-ajax/9.3.24.v20180605/jetty-util-ajax-9.3.24.v20180605.jar:/home/user/.m2/repository/commons-daemon/commons-daemon/1.0.13/commons-daemon-1.0.13.jar:/home/user/.m2/repository/io/netty/netty/3.10.5.Final/netty-3.10.5.Final.jar:/home/user/.m2/repository/io/netty/netty-all/4.0.52.Final/netty-all-4.0.52.Final.jar:/home/user/.m2/repository/org/fusesource/leveldbjni/leveldbjni-all/1.8/leveldbjni-all-1.8.jar:/home/user/.m2/repository/com/sun/xml/bind/jaxb-core/2.3.0.1/jaxb-core-2.3.0.1.jar:/home/user/.m2/repository/javax/xml/bind/jaxb-api/2.3.0/jaxb-api-2.3.0.jar:/home/user/.m2/repository/javax/activation/activation/1.1.1/activation-1.1.1.jar:/home/user/.m2/repository/io/dropwizard/metrics/metrics-core/3.2.4/metrics-core-3.2.4.jar:/home/user/.m2/repository/org/openjdk/jmh/jmh-core/1.19/jmh-core-1.19.jar:/home/user/.m2/repository/net/sf/jopt-simple/jopt-simple/4.6/jopt-simple-4.6.jar:/home/user/.m2/repository/org/openjdk/jmh/jmh-generator-annprocess/1.19/jmh-generator-annprocess-1.19.jar:/home/user/.m2/repository/com/google/code/findbugs/findbugs/3.0.1/findbugs-3.0.1.jar:/home/user/.m2/repository/net/jcip/jcip-annotations/1.0/jcip-annotations-1.0.jar:/home/user/.m2/repository/com/google/code/findbugs/bcel-findbugs/6.0/bcel-findbugs-6.0.jar:/home/user/.m2/repository/com/google/code/findbugs/jFormatString/2.0.1/jFormatString-2.0.1.jar:/home/user/.m2/repository/dom4j/dom4j/1.6.1/dom4j-1.6.1.jar:/home/user/.m2/repository/xml-apis/xml-apis/1.0.b2/xml-apis-1.0.b2.jar:/home/user/.m2/repository/org/ow2/asm/asm-debug-all/5.0.2/asm-debug-all-5.0.2.jar:/home/user/.m2/repository/org/ow2/asm/asm-commons/5.0.2/asm-commons-5.0.2.jar:/home/user/.m2/repository/org/ow2/asm/asm-tree/5.0.2/asm-tree-5.0.2.jar:/home/user/.m2/repository/org/ow2/asm/asm/5.0.4/asm-5.0.4.jar:/home/user/.m2/repository/commons-lang/commons-lang/2.6/commons-lang-2.6.jar:/home/user/.m2/repository/com/apple/AppleJavaExtensions/1.4/AppleJavaExtensions-1.4.jar:/home/user/.m2/repository/jaxen/jaxen/1.1.6/jaxen-1.1.6.jar:/home/user/.m2/repository/junit/junit/4.11/junit-4.11.jar:/home/user/.m2/repository/org/hamcrest/hamcrest-core/1.3/hamcrest-core-1.3.jar:/home/user/.m2/repository/org/apache/hadoop/hadoop-common/3.2.0/hadoop-common-3.2.0-tests.jar:/home/user/.m2/repository/org/apache/hadoop/hadoop-ozone-integration-test/0.5.0-SNAPSHOT/hadoop-ozone-integration-test-0.5.0-SNAPSHOT-tests.jar:/tmp/workdir/hadoop-ozone/objectstore-service/target/classes:/tmp/workdir/hadoop-ozone/s3gateway/target/classes:/home/user/.m2/repository/org/jboss/weld/servlet/weld-servlet/2.4.7.Final/weld-servlet-2.4.7.Final.jar:/home/user/.m2/repository/org/glassfish/jersey/containers/jersey-container-servlet-core/2.27/jersey-container-servlet-core-2.27.jar:/home/user/.m2/repository/org/glassfish/hk2/external/javax.inject/2.5.0-b42/javax.inject-2.5.0-b42.jar:/home/user/.m2/repository/org/glassfish/jersey/core/jersey-common/2.27/jersey-common-2.27.jar:/home/user/.m2/repository/org/glassfish/hk2/osgi-resource-locator/1.0.1/osgi-resource-locator-1.0.1.jar:/home/user/.m2/repository/javax/ws/rs/javax.ws.rs-api/2.1/javax.ws.rs-api-2.1.jar:/home/user/.m2/repository/org/glassfish/jersey/ext/cdi/jersey-cdi1x/2.27/jersey-cdi1x-2.27.jar:/home/user/.m2/repository/org/glassfish/jersey/inject/jersey-hk2/2.27/jersey-hk2-2.27.jar:/home/user/.m2/repository/org/glassfish/hk2/hk2-locator/2.5.0-b42/hk2-locator-2.5.0-b42.jar:/home/user/.m2/repository/org/javassist/javassist/3.22.0-CR2/javassist-3.22.0-CR2.jar:/home/user/.m2/repository/org/glassfish/hk2/hk2-api/2.5.0/hk2-api-2.5.0.jar:/home/user/.m2/repository/org/glassfish/hk2/external/jakarta.inject/2.5.0/jakarta.inject-2.5.0.jar:/home/user/.m2/repository/org/glassfish/hk2/hk2-utils/2.5.0/hk2-utils-2.5.0.jar:/home/user/.m2/repository/jakarta/annotation/jakarta.annotation-api/1.3.4/jakarta.annotation-api-1.3.4.jar:/home/user/.m2/repository/org/glassfish/hk2/external/aopalliance-repackaged/2.5.0/aopalliance-repackaged-2.5.0.jar:/home/user/.m2/repository/com/fasterxml/jackson/dataformat/jackson-dataformat-xml/2.9.0/jackson-dataformat-xml-2.9.0.jar:/home/user/.m2/repository/com/fasterxml/jackson/module/jackson-module-jaxb-annotations/2.9.5/jackson-module-jaxb-annotations-2.9.5.jar:/home/user/.m2/repository/javax/enterprise/cdi-api/1.2/cdi-api-1.2.jar:/home/user/.m2/repository/javax/el/javax.el-api/3.0.0/javax.el-api-3.0.0.jar:/home/user/.m2/repository/javax/interceptor/javax.interceptor-api/1.2/javax.interceptor-api-1.2.jar:/home/user/.m2/repository/javax/inject/javax.inject/1/javax.inject-1.jar:/tmp/workdir/hadoop-ozone/csi/target/classes:/home/user/.m2/repository/com/google/protobuf/protobuf-java-util/3.5.1/protobuf-java-util-3.5.1.jar:/home/user/.m2/repository/io/grpc/grpc-netty/1.17.1/grpc-netty-1.17.1.jar:/home/user/.m2/repository/io/grpc/grpc-core/1.17.1/grpc-core-1.17.1.jar:/home/user/.m2/repository/io/grpc/grpc-context/1.17.1/grpc-context-1.17.1.jar:/home/user/.m2/repository/com/google/errorprone/error_prone_annotations/2.2.0/error_prone_annotations-2.2.0.jar:/home/user/.m2/repository/org/codehaus/mojo/animal-sniffer-annotations/1.17/animal-sniffer-annotations-1.17.jar:/home/user/.m2/repository/io/opencensus/opencensus-api/0.17.0/opencensus-api-0.17.0.jar:/home/user/.m2/repository/io/opencensus/opencensus-contrib-grpc-metrics/0.17.0/opencensus-contrib-grpc-metrics-0.17.0.jar:/home/user/.m2/repository/io/netty/netty-codec-http2/4.1.30.Final/netty-codec-http2-4.1.30.Final.jar:/home/user/.m2/repository/io/netty/netty-codec-http/4.1.30.Final/netty-codec-http-4.1.30.Final.jar:/home/user/.m2/repository/io/netty/netty-codec/4.1.30.Final/netty-codec-4.1.30.Final.jar:/home/user/.m2/repository/io/netty/netty-handler/4.1.30.Final/netty-handler-4.1.30.Final.jar:/home/user/.m2/repository/io/netty/netty-handler-proxy/4.1.30.Final/netty-handler-proxy-4.1.30.Final.jar:/home/user/.m2/repository/io/netty/netty-codec-socks/4.1.30.Final/netty-codec-socks-4.1.30.Final.jar:/home/user/.m2/repository/io/netty/netty-transport-native-epoll/4.1.30.Final/netty-transport-native-epoll-4.1.30.Final.jar:/home/user/.m2/repository/io/netty/netty-common/4.1.30.Final/netty-common-4.1.30.Final.jar:/home/user/.m2/repository/io/netty/netty-buffer/4.1.30.Final/netty-buffer-4.1.30.Final.jar:/home/user/.m2/repository/io/netty/netty-transport/4.1.30.Final/netty-transport-4.1.30.Final.jar:/home/user/.m2/repository/io/netty/netty-resolver/4.1.30.Final/netty-resolver-4.1.30.Final.jar:/home/user/.m2/repository/io/netty/netty-transport-native-unix-common/4.1.30.Final/netty-transport-native-unix-common-4.1.30.Final.jar:/home/user/.m2/repository/io/grpc/grpc-protobuf/1.17.1/grpc-protobuf-1.17.1.jar:/home/user/.m2/repository/com/google/api/grpc/proto-google-common-protos/1.0.0/proto-google-common-protos-1.0.0.jar:/home/user/.m2/repository/io/grpc/grpc-protobuf-lite/1.17.1/grpc-protobuf-lite-1.17.1.jar:/home/user/.m2/repository/io/grpc/grpc-stub/1.17.1/grpc-stub-1.17.1.jar:/tmp/workdir/hadoop-ozone/ozone-recon/target/classes:/tmp/workdir/hadoop-ozone/ozone-recon-codegen/target/classes:/home/user/.m2/repository/com/google/inject/extensions/guice-multibindings/4.0/guice-multibindings-4.0.jar:/home/user/.m2/repository/com/google/inject/guice/4.0/guice-4.0.jar:/home/user/.m2/repository/aopalliance/aopalliance/1.0/aopalliance-1.0.jar:/home/user/.m2/repository/com/google/inject/extensions/guice-servlet/4.0/guice-servlet-4.0.jar:/home/user/.m2/repository/org/glassfish/jersey/containers/jersey-container-servlet/2.27/jersey-container-servlet-2.27.jar:/home/user/.m2/repository/org/glassfish/hk2/guice-bridge/2.5.0/guice-bridge-2.5.0.jar:/home/user/.m2/repository/org/glassfish/jersey/core/jersey-server/2.27/jersey-server-2.27.jar:/home/user/.m2/repository/org/glassfish/jersey/core/jersey-client/2.27/jersey-client-2.27.jar:/home/user/.m2/repository/org/glassfish/jersey/media/jersey-media-jaxb/2.27/jersey-media-jaxb-2.27.jar:/home/user/.m2/repository/javax/validation/validation-api/1.1.0.Final/validation-api-1.1.0.Final.jar:/home/user/.m2/repository/org/glassfish/jersey/media/jersey-media-json-jackson/2.27/jersey-media-json-jackson-2.27.jar:/home/user/.m2/repository/org/glassfish/jersey/ext/jersey-entity-filtering/2.27/jersey-entity-filtering-2.27.jar:/home/user/.m2/repository/com/google/inject/extensions/guice-assistedinject/4.0/guice-assistedinject-4.0.jar:/home/user/.m2/repository/org/jooq/jooq/3.11.10/jooq-3.11.10.jar:/home/user/.m2/repository/org/jooq/jooq-meta/3.11.10/jooq-meta-3.11.10.jar:/home/user/.m2/repository/org/jooq/jooq-codegen/3.11.10/jooq-codegen-3.11.10.jar:/home/user/.m2/repository/com/jolbox/bonecp/0.8.0.RELEASE/bonecp-0.8.0.RELEASE.jar:/home/user/.m2/repository/org/springframework/spring-jdbc/5.1.3.RELEASE/spring-jdbc-5.1.3.RELEASE.jar:/home/user/.m2/repository/org/springframework/spring-beans/5.1.3.RELEASE/spring-beans-5.1.3.RELEASE.jar:/home/user/.m2/repository/org/springframework/spring-core/5.1.3.RELEASE/spring-core-5.1.3.RELEASE.jar:/home/user/.m2/repository/org/springframework/spring-jcl/5.1.3.RELEASE/spring-jcl-5.1.3.RELEASE.jar:/home/user/.m2/repository/org/springframework/spring-tx/5.1.3.RELEASE/spring-tx-5.1.3.RELEASE.jar:/home/user/.m2/repository/org/mockito/mockito-core/2.15.0/mockito-core-2.15.0.jar:/home/user/.m2/repository/net/bytebuddy/byte-buddy/1.7.9/byte-buddy-1.7.9.jar:/home/user/.m2/repository/net/bytebuddy/byte-buddy-agent/1.7.9/byte-buddy-agent-1.7.9.jar:/home/user/.m2/repository/org/objenesis/objenesis/1.0/objenesis-1.0.jar:"/>
    <property name="sun.cpu.endian" value="little"/>
    <property name="user.home" value="/home/user"/>
    <property name="user.language" value="en"/>
    <property name="java.specification.vendor" value="Oracle Corporation"/>
    <property name="java.home" value="/usr/lib/jvm/java-1.8-openjdk/jre"/>
    <property name="java.security.krb5.conf" value="/tmp/workdir/hadoop-ozone/tools/target/test-classes/krb5.conf"/>
    <property name="basedir" value="/tmp/workdir/hadoop-ozone/tools"/>
    <property name="file.separator" value="/"/>
    <property name="line.separator" value="&#10;"/>
    <property name="java.vm.specification.vendor" value="Oracle Corporation"/>
    <property name="java.specification.name" value="Java Platform API Specification"/>
    <property name="java.awt.graphicsenv" value="sun.awt.X11GraphicsEnvironment"/>
    <property name="surefire.real.class.path" value="/tmp/workdir/hadoop-ozone/tools/target/surefire/surefirebooter8456604504438009093.jar"/>
    <property name="hadoop.log.dir" value="/tmp/workdir/hadoop-ozone/tools/target/log"/>
    <property name="sun.boot.class.path" value="/usr/lib/jvm/java-1.8-openjdk/jre/lib/resources.jar:/usr/lib/jvm/java-1.8-openjdk/jre/lib/rt.jar:/usr/lib/jvm/java-1.8-openjdk/jre/lib/sunrsasign.jar:/usr/lib/jvm/java-1.8-openjdk/jre/lib/jsse.jar:/usr/lib/jvm/java-1.8-openjdk/jre/lib/jce.jar:/usr/lib/jvm/java-1.8-openjdk/jre/lib/charsets.jar:/usr/lib/jvm/java-1.8-openjdk/jre/lib/jfr.jar:/usr/lib/jvm/java-1.8-openjdk/jre/classes"/>
    <property name="sun.management.compiler" value="HotSpot 64-Bit Tiered Compilers"/>
    <property name="java.runtime.version" value="1.8.0_212-b04"/>
    <property name="java.net.preferIPv4Stack" value="true"/>
    <property name="user.name" value="jenkins1000"/>
    <property name="path.separator" value=":"/>
    <property name="java.security.egd" value="file:///dev/urandom"/>
    <property name="os.version" value="3.10.0-957.12.2.el7.x86_64"/>
    <property name="java.endorsed.dirs" value="/usr/lib/jvm/java-1.8-openjdk/jre/lib/endorsed"/>
    <property name="java.runtime.name" value="OpenJDK Runtime Environment"/>
    <property name="file.encoding" value="UTF-8"/>
    <property name="java.vm.name" value="OpenJDK 64-Bit Server VM"/>
    <property name="test.build.webapps" value=""/>
    <property name="localRepository" value="/home/user/.m2/repository"/>
    <property name="java.vendor.url.bug" value="https://icedtea.classpath.org/bugzilla"/>
    <property name="java.io.tmpdir" value="/tmp"/>
    <property name="require.test.libhadoop" value=""/>
    <property name="java.version" value="1.8.0_212"/>
    <property name="user.dir" value="/tmp/workdir/hadoop-ozone/tools"/>
    <property name="os.arch" value="amd64"/>
    <property name="java.vm.specification.name" value="Java Virtual Machine Specification"/>
    <property name="test.build.classes" value="/tmp/workdir/hadoop-ozone/tools/target/test-classes"/>
    <property name="java.awt.printerjob" value="sun.print.PSPrinterJob"/>
    <property name="sun.os.patch.level" value="unknown"/>
    <property name="hadoop.tmp.dir" value="/tmp/workdir/hadoop-ozone/tools/target/tmp"/>
    <property name="java.library.path" value="/usr/lib/jvm/java-1.8-openjdk/jre/lib/amd64/server:/usr/lib/jvm/java-1.8-openjdk/jre/lib/amd64:/usr/lib/jvm/java-1.8-openjdk/jre/../lib/amd64:/tmp/workdir/hadoop-ozone/tools/target/native/target/usr/local/lib:/tmp/workdir/hadoop-ozone/tools/../../hadoop-common-project/hadoop-common/target/native/target/usr/local/lib:/usr/java/packages/lib/amd64:/usr/lib64:/lib64:/lib:/usr/lib"/>
    <property name="java.vm.info" value="mixed mode"/>
    <property name="java.vendor" value="IcedTea"/>
    <property name="java.vm.version" value="25.212-b04"/>
    <property name="java.ext.dirs" value="/usr/lib/jvm/java-1.8-openjdk/jre/lib/ext:/usr/java/packages/lib/ext"/>
    <property name="sun.io.unicode.encoding" value="UnicodeLittle"/>
    <property name="java.class.version" value="52.0"/>
  </properties>
  <testcase name="ratisTest3" classname="org.apache.hadoop.ozone.freon.TestRandomKeyGenerator" time="5.331"/>
  <testcase name="testThreadPoolSize" classname="org.apache.hadoop.ozone.freon.TestRandomKeyGenerator" time="5.028"/>
  <testcase name="defaultTest" classname="org.apache.hadoop.ozone.freon.TestRandomKeyGenerator" time="5.026"/>
  <testcase name="bigFileThan2GB" classname="org.apache.hadoop.ozone.freon.TestRandomKeyGenerator" time="88.351">
    <error message="Allocated 0 blocks. Requested 1 blocks" type="INTERNAL_ERROR org.apache.hadoop.ozone.om.exceptions.OMException">INTERNAL_ERROR org.apache.hadoop.ozone.om.exceptions.OMException: Allocated 0 blocks. Requested 1 blocks
	at org.apache.hadoop.ozone.om.protocolPB.OzoneManagerProtocolClientSideTranslatorPB.handleError(OzoneManagerProtocolClientSideTranslatorPB.java:720)
	at org.apache.hadoop.ozone.om.protocolPB.OzoneManagerProtocolClientSideTranslatorPB.allocateBlock(OzoneManagerProtocolClientSideTranslatorPB.java:752)
	at org.apache.hadoop.ozone.client.io.BlockOutputStreamEntryPool.allocateNewBlock(BlockOutputStreamEntryPool.java:248)
	at org.apache.hadoop.ozone.client.io.BlockOutputStreamEntryPool.allocateBlockIfNeeded(BlockOutputStreamEntryPool.java:296)
	at org.apache.hadoop.ozone.client.io.KeyOutputStream.handleWrite(KeyOutputStream.java:201)
	at org.apache.hadoop.ozone.client.io.KeyOutputStream.write(KeyOutputStream.java:193)
	at org.apache.hadoop.ozone.client.io.OzoneOutputStream.write(OzoneOutputStream.java:49)
	at org.apache.hadoop.ozone.freon.RandomKeyGenerator$KeyProcessor.run(RandomKeyGenerator.java:693)
	at java.util.concurrent.Executors$RunnableAdapter.call(Executors.java:511)
	at java.util.concurrent.FutureTask.run(FutureTask.java:266)
	at java.util.concurrent.ThreadPoolExecutor.runWorker(ThreadPoolExecutor.java:1149)
	at java.util.concurrent.ThreadPoolExecutor$Worker.run(ThreadPoolExecutor.java:624)
	at java.lang.Thread.run(Thread.java:748)
</error>
    <system-out><![CDATA[2019-07-09 20:06:20,600 WARN  client.GrpcClientProtocolService (LogUtils.java:warn(134)) - 7-UnorderedRequestStreamObserver7: onError: org.apache.ratis.thirdparty.io.grpc.StatusRuntimeException: CANCELLED: cancelled before receiving half close
2019-07-09 20:06:28,766 INFO  freon.RandomKeyGenerator (RandomKeyGenerator.java:call(262)) - Number of Threads: 1
2019-07-09 20:06:28,766 INFO  freon.RandomKeyGenerator (RandomKeyGenerator.java:call(267)) - Number of Volumes: 1.
2019-07-09 20:06:28,766 INFO  freon.RandomKeyGenerator (RandomKeyGenerator.java:call(268)) - Number of Buckets per Volume: 1.
2019-07-09 20:06:28,767 INFO  freon.RandomKeyGenerator (RandomKeyGenerator.java:call(269)) - Number of Keys per Bucket: 1.
2019-07-09 20:06:28,767 INFO  freon.RandomKeyGenerator (RandomKeyGenerator.java:call(270)) - Key size: 2147483657 bytes
2019-07-09 20:06:28,767 INFO  freon.RandomKeyGenerator (RandomKeyGenerator.java:call(271)) - Buffer size: 4096 bytes
2019-07-09 20:06:28,769 INFO  freon.RandomKeyGenerator (RandomKeyGenerator.java:call(286)) - Data validation is enabled.
2019-07-09 20:06:28,769 INFO  rpc.RpcClient (RpcClient.java:createVolume(289)) - Creating Volume: vol-0-34033, with jenkins1000 as owner.
2019-07-09 20:06:28,769 INFO  freon.RandomKeyGenerator (RandomKeyGenerator.java:call(299)) - Starting progress bar Thread.

 0.00% |█                                                                                                    |  0/1 Time: 0:00:002019-07-09 20:06:28,783 INFO  rpc.RpcClient (RpcClient.java:createBucket(426)) - Creating Bucket: vol-0-34033/bucket-0-35322, with Versioning false and Storage Type set to DISK and Encryption set to false 
2019-07-09 20:06:28,898 INFO  client.GrpcClientProtocolClient (GrpcClientProtocolClient.java:onNext(255)) - client-FB00420D972B->0a7e6056-64a2-4302-b029-255d48a66d7f: receive RaftClientReply:client-FB00420D972B->0a7e6056-64a2-4302-b029-255d48a66d7f@group-1EE0336AADCF, cid=600, SUCCESS, logIndex=691, commits[0a7e6056-64a2-4302-b029-255d48a66d7f:c691, 82c1508e-6289-48e2-a567-a0e29c8b4903:c690, f63d6ef8-0266-4bf3-bcb1-484cdaae1fbb:c690]
2019-07-09 20:06:28,922 INFO  client.GrpcClientProtocolClient (GrpcClientProtocolClient.java:onNext(255)) - client-FB00420D972B->0a7e6056-64a2-4302-b029-255d48a66d7f: receive RaftClientReply:client-FB00420D972B->0a7e6056-64a2-4302-b029-255d48a66d7f@group-1EE0336AADCF, cid=601, SUCCESS, logIndex=693, commits[0a7e6056-64a2-4302-b029-255d48a66d7f:c693, 82c1508e-6289-48e2-a567-a0e29c8b4903:c691, f63d6ef8-0266-4bf3-bcb1-484cdaae1fbb:c691]
2019-07-09 20:06:28,932 INFO  client.GrpcClientProtocolClient (GrpcClientProtocolClient.java:onNext(255)) - client-FB00420D972B->0a7e6056-64a2-4302-b029-255d48a66d7f: receive RaftClientReply:client-FB00420D972B->0a7e6056-64a2-4302-b029-255d48a66d7f@group-1EE0336AADCF, cid=602, SUCCESS, logIndex=694, commits[0a7e6056-64a2-4302-b029-255d48a66d7f:c695, 82c1508e-6289-48e2-a567-a0e29c8b4903:c692, f63d6ef8-0266-4bf3-bcb1-484cdaae1fbb:c692]
2019-07-09 20:06:28,933 INFO  client.GrpcClientProtocolClient (GrpcClientProtocolClient.java:onNext(255)) - client-FB00420D972B->0a7e6056-64a2-4302-b029-255d48a66d7f: receive RaftClientReply:client-FB00420D972B->0a7e6056-64a2-4302-b029-255d48a66d7f@group-1EE0336AADCF, cid=603, SUCCESS, logIndex=695, commits[0a7e6056-64a2-4302-b029-255d48a66d7f:c696, 82c1508e-6289-48e2-a567-a0e29c8b4903:c693, f63d6ef8-0266-4bf3-bcb1-484cdaae1fbb:c693]
2019-07-09 20:06:28,962 INFO  client.GrpcClientProtocolClient (GrpcClientProtocolClient.java:onNext(255)) - client-FB00420D972B->0a7e6056-64a2-4302-b029-255d48a66d7f: receive RaftClientReply:client-FB00420D972B->0a7e6056-64a2-4302-b029-255d48a66d7f@group-1EE0336AADCF, cid=604, SUCCESS, logIndex=699, commits[0a7e6056-64a2-4302-b029-255d48a66d7f:c700, 82c1508e-6289-48e2-a567-a0e29c8b4903:c698, f63d6ef8-0266-4bf3-bcb1-484cdaae1fbb:c697]
2019-07-09 20:06:28,963 INFO  client.GrpcClientProtocolClient (GrpcClientProtocolClient.java:onNext(255)) - client-FB00420D972B->0a7e6056-64a2-4302-b029-255d48a66d7f: receive RaftClientReply:client-FB00420D972B->0a7e6056-64a2-4302-b029-255d48a66d7f@group-1EE0336AADCF, cid=605, SUCCESS, logIndex=700, commits[0a7e6056-64a2-4302-b029-255d48a66d7f:c700, 82c1508e-6289-48e2-a567-a0e29c8b4903:c698, f63d6ef8-0266-4bf3-bcb1-484cdaae1fbb:c697]
2019-07-09 20:06:28,993 INFO  client.GrpcClientProtocolClient (GrpcClientProtocolClient.java:onNext(255)) - client-FB00420D972B->0a7e6056-64a2-4302-b029-255d48a66d7f: receive RaftClientReply:client-FB00420D972B->0a7e6056-64a2-4302-b029-255d48a66d7f@group-1EE0336AADCF, cid=606, SUCCESS, logIndex=703, commits[0a7e6056-64a2-4302-b029-255d48a66d7f:c704, 82c1508e-6289-48e2-a567-a0e29c8b4903:c700, f63d6ef8-0266-4bf3-bcb1-484cdaae1fbb:c700]
2019-07-09 20:06:28,994 INFO  client.GrpcClientProtocolClient (GrpcClientProtocolClient.java:onNext(255)) - client-FB00420D972B->0a7e6056-64a2-4302-b029-255d48a66d7f: receive RaftClientReply:client-FB00420D972B->0a7e6056-64a2-4302-b029-255d48a66d7f@group-1EE0336AADCF, cid=607, SUCCESS, logIndex=704, commits[0a7e6056-64a2-4302-b029-255d48a66d7f:c704, 82c1508e-6289-48e2-a567-a0e29c8b4903:c700, f63d6ef8-0266-4bf3-bcb1-484cdaae1fbb:c700]
2019-07-09 20:06:29,007 INFO  client.GrpcClientProtocolClient (GrpcClientProtocolClient.java:onNext(255)) - client-FB00420D972B->0a7e6056-64a2-4302-b029-255d48a66d7f: receive RaftClientReply:client-FB00420D972B->0a7e6056-64a2-4302-b029-255d48a66d7f@group-1EE0336AADCF, cid=608, SUCCESS, logIndex=0, commits[0a7e6056-64a2-4302-b029-255d48a66d7f:c705, 82c1508e-6289-48e2-a567-a0e29c8b4903:c704, f63d6ef8-0266-4bf3-bcb1-484cdaae1fbb:c704]
2019-07-09 20:06:29,241 INFO  client.GrpcClientProtocolClient (GrpcClientProtocolClient.java:onNext(255)) - client-FB00420D972B->0a7e6056-64a2-4302-b029-255d48a66d7f: receive RaftClientReply:client-FB00420D972B->0a7e6056-64a2-4302-b029-255d48a66d7f@group-1EE0336AADCF, cid=609, SUCCESS, logIndex=707, commits[0a7e6056-64a2-4302-b029-255d48a66d7f:c710, 82c1508e-6289-48e2-a567-a0e29c8b4903:c706, f63d6ef8-0266-4bf3-bcb1-484cdaae1fbb:c706]
2019-07-09 20:06:29,242 INFO  client.GrpcClientProtocolClient (GrpcClientProtocolClient.java:onNext(255)) - client-FB00420D972B->0a7e6056-64a2-4302-b029-255d48a66d7f: receive RaftClientReply:client-FB00420D972B->0a7e6056-64a2-4302-b029-255d48a66d7f@group-1EE0336AADCF, cid=610, SUCCESS, logIndex=708, commits[0a7e6056-64a2-4302-b029-255d48a66d7f:c710, 82c1508e-6289-48e2-a567-a0e29c8b4903:c706, f63d6ef8-0266-4bf3-bcb1-484cdaae1fbb:c706]
2019-07-09 20:06:29,242 INFO  client.GrpcClientProtocolClient (GrpcClientProtocolClient.java:onNext(255)) - client-FB00420D972B->0a7e6056-64a2-4302-b029-255d48a66d7f: receive RaftClientReply:client-FB00420D972B->0a7e6056-64a2-4302-b029-255d48a66d7f@group-1EE0336AADCF, cid=611, SUCCESS, logIndex=709, commits[0a7e6056-64a2-4302-b029-255d48a66d7f:c710, 82c1508e-6289-48e2-a567-a0e29c8b4903:c706, f63d6ef8-0266-4bf3-bcb1-484cdaae1fbb:c706]
2019-07-09 20:06:29,243 INFO  client.GrpcClientProtocolClient (GrpcClientProtocolClient.java:onNext(255)) - client-FB00420D972B->0a7e6056-64a2-4302-b029-255d48a66d7f: receive RaftClientReply:client-FB00420D972B->0a7e6056-64a2-4302-b029-255d48a66d7f@group-1EE0336AADCF, cid=612, SUCCESS, logIndex=710, commits[0a7e6056-64a2-4302-b029-255d48a66d7f:c710, 82c1508e-6289-48e2-a567-a0e29c8b4903:c706, f63d6ef8-0266-4bf3-bcb1-484cdaae1fbb:c706]
2019-07-09 20:06:29,254 INFO  client.GrpcClientProtocolClient (GrpcClientProtocolClient.java:onNext(255)) - client-FB00420D972B->0a7e6056-64a2-4302-b029-255d48a66d7f: receive RaftClientReply:client-FB00420D972B->0a7e6056-64a2-4302-b029-255d48a66d7f@group-1EE0336AADCF, cid=613, SUCCESS, logIndex=0, commits[0a7e6056-64a2-4302-b029-255d48a66d7f:c714, 82c1508e-6289-48e2-a567-a0e29c8b4903:c710, f63d6ef8-0266-4bf3-bcb1-484cdaae1fbb:c709]
2019-07-09 20:06:29,281 INFO  client.GrpcClientProtocolClient (GrpcClientProtocolClient.java:onNext(255)) - client-FB00420D972B->0a7e6056-64a2-4302-b029-255d48a66d7f: receive RaftClientReply:client-FB00420D972B->0a7e6056-64a2-4302-b029-255d48a66d7f@group-1EE0336AADCF, cid=614, SUCCESS, logIndex=715, commits[0a7e6056-64a2-4302-b029-255d48a66d7f:c716, 82c1508e-6289-48e2-a567-a0e29c8b4903:c714, f63d6ef8-0266-4bf3-bcb1-484cdaae1fbb:c714]
2019-07-09 20:06:29,281 INFO  client.GrpcClientProtocolClient (GrpcClientProtocolClient.java:onNext(255)) - client-FB00420D972B->0a7e6056-64a2-4302-b029-255d48a66d7f: receive RaftClientReply:client-FB00420D972B->0a7e6056-64a2-4302-b029-255d48a66d7f@group-1EE0336AADCF, cid=615, SUCCESS, logIndex=716, commits[0a7e6056-64a2-4302-b029-255d48a66d7f:c716, 82c1508e-6289-48e2-a567-a0e29c8b4903:c714, f63d6ef8-0266-4bf3-bcb1-484cdaae1fbb:c714]
2019-07-09 20:06:29,307 INFO  client.GrpcClientProtocolClient (GrpcClientProtocolClient.java:onNext(255)) - client-FB00420D972B->0a7e6056-64a2-4302-b029-255d48a66d7f: receive RaftClientReply:client-FB00420D972B->0a7e6056-64a2-4302-b029-255d48a66d7f@group-1EE0336AADCF, cid=616, SUCCESS, logIndex=719, commits[0a7e6056-64a2-4302-b029-255d48a66d7f:c720, 82c1508e-6289-48e2-a567-a0e29c8b4903:c716, f63d6ef8-0266-4bf3-bcb1-484cdaae1fbb:c716]
2019-07-09 20:06:29,308 INFO  client.GrpcClientProtocolClient (GrpcClientProtocolClient.java:onNext(255)) - client-FB00420D972B->0a7e6056-64a2-4302-b029-255d48a66d7f: receive RaftClientReply:client-FB00420D972B->0a7e6056-64a2-4302-b029-255d48a66d7f@group-1EE0336AADCF, cid=617, SUCCESS, logIndex=720, commits[0a7e6056-64a2-4302-b029-255d48a66d7f:c720, 82c1508e-6289-48e2-a567-a0e29c8b4903:c716, f63d6ef8-0266-4bf3-bcb1-484cdaae1fbb:c716]
2019-07-09 20:06:29,322 INFO  client.GrpcClientProtocolClient (GrpcClientProtocolClient.java:onNext(255)) - client-FB00420D972B->0a7e6056-64a2-4302-b029-255d48a66d7f: receive RaftClientReply:client-FB00420D972B->0a7e6056-64a2-4302-b029-255d48a66d7f@group-1EE0336AADCF, cid=618, SUCCESS, logIndex=0, commits[0a7e6056-64a2-4302-b029-255d48a66d7f:c721, 82c1508e-6289-48e2-a567-a0e29c8b4903:c720, f63d6ef8-0266-4bf3-bcb1-484cdaae1fbb:c720]
2019-07-09 20:06:29,348 INFO  client.GrpcClientProtocolClient (GrpcClientProtocolClient.java:onNext(255)) - client-FB00420D972B->0a7e6056-64a2-4302-b029-255d48a66d7f: receive RaftClientReply:client-FB00420D972B->0a7e6056-64a2-4302-b029-255d48a66d7f@group-1EE0336AADCF, cid=619, SUCCESS, logIndex=723, commits[0a7e6056-64a2-4302-b029-255d48a66d7f:c724, 82c1508e-6289-48e2-a567-a0e29c8b4903:c722, f63d6ef8-0266-4bf3-bcb1-484cdaae1fbb:c722]
2019-07-09 20:06:29,349 INFO  client.GrpcClientProtocolClient (GrpcClientProtocolClient.java:onNext(255)) - client-FB00420D972B->0a7e6056-64a2-4302-b029-255d48a66d7f: receive RaftClientReply:client-FB00420D972B->0a7e6056-64a2-4302-b029-255d48a66d7f@group-1EE0336AADCF, cid=620, SUCCESS, logIndex=724, commits[0a7e6056-64a2-4302-b029-255d48a66d7f:c724, 82c1508e-6289-48e2-a567-a0e29c8b4903:c722, f63d6ef8-0266-4bf3-bcb1-484cdaae1fbb:c722]
2019-07-09 20:06:29,360 INFO  client.GrpcClientProtocolClient (GrpcClientProtocolClient.java:onNext(255)) - client-FB00420D972B->0a7e6056-64a2-4302-b029-255d48a66d7f: receive RaftClientReply:client-FB00420D972B->0a7e6056-64a2-4302-b029-255d48a66d7f@group-1EE0336AADCF, cid=621, SUCCESS, logIndex=725, commits[0a7e6056-64a2-4302-b029-255d48a66d7f:c726, 82c1508e-6289-48e2-a567-a0e29c8b4903:c722, f63d6ef8-0266-4bf3-bcb1-484cdaae1fbb:c722]
2019-07-09 20:06:29,361 INFO  client.GrpcClientProtocolClient (GrpcClientProtocolClient.java:onNext(255)) - client-FB00420D972B->0a7e6056-64a2-4302-b029-255d48a66d7f: receive RaftClientReply:client-FB00420D972B->0a7e6056-64a2-4302-b029-255d48a66d7f@group-1EE0336AADCF, cid=622, SUCCESS, logIndex=726, commits[0a7e6056-64a2-4302-b029-255d48a66d7f:c728, 82c1508e-6289-48e2-a567-a0e29c8b4903:c724, f63d6ef8-0266-4bf3-bcb1-484cdaae1fbb:c724]
2019-07-09 20:06:29,386 INFO  client.GrpcClientProtocolClient (GrpcClientProtocolClient.java:onNext(255)) - client-FB00420D972B->0a7e6056-64a2-4302-b029-255d48a66d7f: receive RaftClientReply:client-FB00420D972B->0a7e6056-64a2-4302-b029-255d48a66d7f@group-1EE0336AADCF, cid=623, SUCCESS, logIndex=731, commits[0a7e6056-64a2-4302-b029-255d48a66d7f:c732, 82c1508e-6289-48e2-a567-a0e29c8b4903:c730, f63d6ef8-0266-4bf3-bcb1-484cdaae1fbb:c730]
2019-07-09 20:06:29,387 INFO  client.GrpcClientProtocolClient (GrpcClientProtocolClient.java:onNext(255)) - client-FB00420D972B->0a7e6056-64a2-4302-b029-255d48a66d7f: receive RaftClientReply:client-FB00420D972B->0a7e6056-64a2-4302-b029-255d48a66d7f@group-1EE0336AADCF, cid=624, SUCCESS, logIndex=732, commits[0a7e6056-64a2-4302-b029-255d48a66d7f:c732, 82c1508e-6289-48e2-a567-a0e29c8b4903:c730, f63d6ef8-0266-4bf3-bcb1-484cdaae1fbb:c730]
2019-07-09 20:06:29,425 INFO  client.GrpcClientProtocolClient (GrpcClientProtocolClient.java:onNext(255)) - client-FB00420D972B->0a7e6056-64a2-4302-b029-255d48a66d7f: receive RaftClientReply:client-FB00420D972B->0a7e6056-64a2-4302-b029-255d48a66d7f@group-1EE0336AADCF, cid=625, SUCCESS, logIndex=735, commits[0a7e6056-64a2-4302-b029-255d48a66d7f:c736, 82c1508e-6289-48e2-a567-a0e29c8b4903:c732, f63d6ef8-0266-4bf3-bcb1-484cdaae1fbb:c732]
2019-07-09 20:06:29,426 INFO  client.GrpcClientProtocolClient (GrpcClientProtocolClient.java:onNext(255)) - client-FB00420D972B->0a7e6056-64a2-4302-b029-255d48a66d7f: receive RaftClientReply:client-FB00420D972B->0a7e6056-64a2-4302-b029-255d48a66d7f@group-1EE0336AADCF, cid=626, SUCCESS, logIndex=736, commits[0a7e6056-64a2-4302-b029-255d48a66d7f:c736, 82c1508e-6289-48e2-a567-a0e29c8b4903:c732, f63d6ef8-0266-4bf3-bcb1-484cdaae1fbb:c732]
2019-07-09 20:06:29,436 INFO  client.GrpcClientProtocolClient (GrpcClientProtocolClient.java:onNext(255)) - client-FB00420D972B->0a7e6056-64a2-4302-b029-255d48a66d7f: receive RaftClientReply:client-FB00420D972B->0a7e6056-64a2-4302-b029-255d48a66d7f@group-1EE0336AADCF, cid=627, SUCCESS, logIndex=0, commits[0a7e6056-64a2-4302-b029-255d48a66d7f:c737, 82c1508e-6289-48e2-a567-a0e29c8b4903:c736, f63d6ef8-0266-4bf3-bcb1-484cdaae1fbb:c736]
2019-07-09 20:06:29,467 INFO  client.GrpcClientProtocolClient (GrpcClientProtocolClient.java:onNext(255)) - client-FB00420D972B->0a7e6056-64a2-4302-b029-255d48a66d7f: receive RaftClientReply:client-FB00420D972B->0a7e6056-64a2-4302-b029-255d48a66d7f@group-1EE0336AADCF, cid=628, SUCCESS, logIndex=739, commits[0a7e6056-64a2-4302-b029-255d48a66d7f:c740, 82c1508e-6289-48e2-a567-a0e29c8b4903:c738, f63d6ef8-0266-4bf3-bcb1-484cdaae1fbb:c738]
2019-07-09 20:06:29,467 INFO  client.GrpcClientProtocolClient (GrpcClientProtocolClient.java:onNext(255)) - client-FB00420D972B->0a7e6056-64a2-4302-b029-255d48a66d7f: receive RaftClientReply:client-FB00420D972B->0a7e6056-64a2-4302-b029-255d48a66d7f@group-1EE0336AADCF, cid=629, SUCCESS, logIndex=740, commits[0a7e6056-64a2-4302-b029-255d48a66d7f:c740, 82c1508e-6289-48e2-a567-a0e29c8b4903:c738, f63d6ef8-0266-4bf3-bcb1-484cdaae1fbb:c738]
2019-07-09 20:06:29,477 INFO  client.GrpcClientProtocolClient (GrpcClientProtocolClient.java:onNext(255)) - client-FB00420D972B->0a7e6056-64a2-4302-b029-255d48a66d7f: receive RaftClientReply:client-FB00420D972B->0a7e6056-64a2-4302-b029-255d48a66d7f@group-1EE0336AADCF, cid=630, SUCCESS, logIndex=741, commits[0a7e6056-64a2-4302-b029-255d48a66d7f:c742, 82c1508e-6289-48e2-a567-a0e29c8b4903:c740, f63d6ef8-0266-4bf3-bcb1-484cdaae1fbb:c738]
2019-07-09 20:06:29,477 INFO  client.GrpcClientProtocolClient (GrpcClientProtocolClient.java:onNext(255)) - client-FB00420D972B->0a7e6056-64a2-4302-b029-255d48a66d7f: receive RaftClientReply:client-FB00420D972B->0a7e6056-64a2-4302-b029-255d48a66d7f@group-1EE0336AADCF, cid=631, SUCCESS, logIndex=742, commits[0a7e6056-64a2-4302-b029-255d48a66d7f:c743, 82c1508e-6289-48e2-a567-a0e29c8b4903:c740, f63d6ef8-0266-4bf3-bcb1-484cdaae1fbb:c738]
2019-07-09 20:06:29,480 INFO  client.GrpcClientProtocolClient (GrpcClientProtocolClient.java:onNext(255)) - client-FB00420D972B->0a7e6056-64a2-4302-b029-255d48a66d7f: receive RaftClientReply:client-FB00420D972B->0a7e6056-64a2-4302-b029-255d48a66d7f@group-1EE0336AADCF, cid=632, SUCCESS, logIndex=0, commits[0a7e6056-64a2-4302-b029-255d48a66d7f:c744, 82c1508e-6289-48e2-a567-a0e29c8b4903:c740, f63d6ef8-0266-4bf3-bcb1-484cdaae1fbb:c740]
2019-07-09 20:06:29,504 INFO  client.GrpcClientProtocolClient (GrpcClientProtocolClient.java:onNext(255)) - client-FB00420D972B->0a7e6056-64a2-4302-b029-255d48a66d7f: receive RaftClientReply:client-FB00420D972B->0a7e6056-64a2-4302-b029-255d48a66d7f@group-1EE0336AADCF, cid=633, SUCCESS, logIndex=747, commits[0a7e6056-64a2-4302-b029-255d48a66d7f:c748, 82c1508e-6289-48e2-a567-a0e29c8b4903:c744, f63d6ef8-0266-4bf3-bcb1-484cdaae1fbb:c744]
2019-07-09 20:06:29,505 INFO  client.GrpcClientProtocolClient (GrpcClientProtocolClient.java:onNext(255)) - client-FB00420D972B->0a7e6056-64a2-4302-b029-255d48a66d7f: receive RaftClientReply:client-FB00420D972B->0a7e6056-64a2-4302-b029-255d48a66d7f@group-1EE0336AADCF, cid=634, SUCCESS, logIndex=748, commits[0a7e6056-64a2-4302-b029-255d48a66d7f:c748, 82c1508e-6289-48e2-a567-a0e29c8b4903:c744, f63d6ef8-0266-4bf3-bcb1-484cdaae1fbb:c744]
2019-07-09 20:06:29,532 INFO  client.GrpcClientProtocolClient (GrpcClientProtocolClient.java:onNext(255)) - client-FB00420D972B->0a7e6056-64a2-4302-b029-255d48a66d7f: receive RaftClientReply:client-FB00420D972B->0a7e6056-64a2-4302-b029-255d48a66d7f@group-1EE0336AADCF, cid=635, SUCCESS, logIndex=751, commits[0a7e6056-64a2-4302-b029-255d48a66d7f:c752, 82c1508e-6289-48e2-a567-a0e29c8b4903:c748, f63d6ef8-0266-4bf3-bcb1-484cdaae1fbb:c748]
2019-07-09 20:06:29,532 INFO  client.GrpcClientProtocolClient (GrpcClientProtocolClient.java:onNext(255)) - client-FB00420D972B->0a7e6056-64a2-4302-b029-255d48a66d7f: receive RaftClientReply:client-FB00420D972B->0a7e6056-64a2-4302-b029-255d48a66d7f@group-1EE0336AADCF, cid=636, SUCCESS, logIndex=752, commits[0a7e6056-64a2-4302-b029-255d48a66d7f:c752, 82c1508e-6289-48e2-a567-a0e29c8b4903:c748, f63d6ef8-0266-4bf3-bcb1-484cdaae1fbb:c748]
2019-07-09 20:06:29,545 INFO  client.GrpcClientProtocolClient (GrpcClientProtocolClient.java:onNext(255)) - client-FB00420D972B->0a7e6056-64a2-4302-b029-255d48a66d7f: receive RaftClientReply:client-FB00420D972B->0a7e6056-64a2-4302-b029-255d48a66d7f@group-1EE0336AADCF, cid=637, SUCCESS, logIndex=0, commits[0a7e6056-64a2-4302-b029-255d48a66d7f:c754, 82c1508e-6289-48e2-a567-a0e29c8b4903:c752, f63d6ef8-0266-4bf3-bcb1-484cdaae1fbb:c752]
2019-07-09 20:06:29,568 INFO  client.GrpcClientProtocolClient (GrpcClientProtocolClient.java:onNext(255)) - client-FB00420D972B->0a7e6056-64a2-4302-b029-255d48a66d7f: receive RaftClientReply:client-FB00420D972B->0a7e6056-64a2-4302-b029-255d48a66d7f@group-1EE0336AADCF, cid=638, SUCCESS, logIndex=755, commits[0a7e6056-64a2-4302-b029-255d48a66d7f:c758, 82c1508e-6289-48e2-a567-a0e29c8b4903:c754, f63d6ef8-0266-4bf3-bcb1-484cdaae1fbb:c754]
2019-07-09 20:06:29,569 INFO  client.GrpcClientProtocolClient (GrpcClientProtocolClient.java:onNext(255)) - client-FB00420D972B->0a7e6056-64a2-4302-b029-255d48a66d7f: receive RaftClientReply:client-FB00420D972B->0a7e6056-64a2-4302-b029-255d48a66d7f@group-1EE0336AADCF, cid=639, SUCCESS, logIndex=756, commits[0a7e6056-64a2-4302-b029-255d48a66d7f:c758, 82c1508e-6289-48e2-a567-a0e29c8b4903:c754, f63d6ef8-0266-4bf3-bcb1-484cdaae1fbb:c754]
2019-07-09 20:06:29,569 INFO  client.GrpcClientProtocolClient (GrpcClientProtocolClient.java:onNext(255)) - client-FB00420D972B->0a7e6056-64a2-4302-b029-255d48a66d7f: receive RaftClientReply:client-FB00420D972B->0a7e6056-64a2-4302-b029-255d48a66d7f@group-1EE0336AADCF, cid=640, SUCCESS, logIndex=757, commits[0a7e6056-64a2-4302-b029-255d48a66d7f:c758, 82c1508e-6289-48e2-a567-a0e29c8b4903:c754, f63d6ef8-0266-4bf3-bcb1-484cdaae1fbb:c754]
2019-07-09 20:06:29,570 INFO  client.GrpcClientProtocolClient (GrpcClientProtocolClient.java:onNext(255)) - client-FB00420D972B->0a7e6056-64a2-4302-b029-255d48a66d7f: receive RaftClientReply:client-FB00420D972B->0a7e6056-64a2-4302-b029-255d48a66d7f@group-1EE0336AADCF, cid=641, SUCCESS, logIndex=758, commits[0a7e6056-64a2-4302-b029-255d48a66d7f:c759, 82c1508e-6289-48e2-a567-a0e29c8b4903:c756, f63d6ef8-0266-4bf3-bcb1-484cdaae1fbb:c755]
2019-07-09 20:06:29,571 INFO  client.GrpcClientProtocolClient (GrpcClientProtocolClient.java:onNext(255)) - client-FB00420D972B->0a7e6056-64a2-4302-b029-255d48a66d7f: receive RaftClientReply:client-FB00420D972B->0a7e6056-64a2-4302-b029-255d48a66d7f@group-1EE0336AADCF, cid=642, SUCCESS, logIndex=0, commits[0a7e6056-64a2-4302-b029-255d48a66d7f:c760, 82c1508e-6289-48e2-a567-a0e29c8b4903:c756, f63d6ef8-0266-4bf3-bcb1-484cdaae1fbb:c758]
2019-07-09 20:06:29,596 INFO  client.GrpcClientProtocolClient (GrpcClientProtocolClient.java:onNext(255)) - client-FB00420D972B->0a7e6056-64a2-4302-b029-255d48a66d7f: receive RaftClientReply:client-FB00420D972B->0a7e6056-64a2-4302-b029-255d48a66d7f@group-1EE0336AADCF, cid=643, SUCCESS, logIndex=763, commits[0a7e6056-64a2-4302-b029-255d48a66d7f:c764, 82c1508e-6289-48e2-a567-a0e29c8b4903:c762, f63d6ef8-0266-4bf3-bcb1-484cdaae1fbb:c762]
2019-07-09 20:06:29,596 INFO  client.GrpcClientProtocolClient (GrpcClientProtocolClient.java:onNext(255)) - client-FB00420D972B->0a7e6056-64a2-4302-b029-255d48a66d7f: receive RaftClientReply:client-FB00420D972B->0a7e6056-64a2-4302-b029-255d48a66d7f@group-1EE0336AADCF, cid=644, SUCCESS, logIndex=764, commits[0a7e6056-64a2-4302-b029-255d48a66d7f:c764, 82c1508e-6289-48e2-a567-a0e29c8b4903:c762, f63d6ef8-0266-4bf3-bcb1-484cdaae1fbb:c762]
2019-07-09 20:06:29,622 INFO  client.GrpcClientProtocolClient (GrpcClientProtocolClient.java:onNext(255)) - client-FB00420D972B->0a7e6056-64a2-4302-b029-255d48a66d7f: receive RaftClientReply:client-FB00420D972B->0a7e6056-64a2-4302-b029-255d48a66d7f@group-1EE0336AADCF, cid=645, SUCCESS, logIndex=767, commits[0a7e6056-64a2-4302-b029-255d48a66d7f:c768, 82c1508e-6289-48e2-a567-a0e29c8b4903:c764, f63d6ef8-0266-4bf3-bcb1-484cdaae1fbb:c764]
2019-07-09 20:06:29,623 INFO  client.GrpcClientProtocolClient (GrpcClientProtocolClient.java:onNext(255)) - client-FB00420D972B->0a7e6056-64a2-4302-b029-255d48a66d7f: receive RaftClientReply:client-FB00420D972B->0a7e6056-64a2-4302-b029-255d48a66d7f@group-1EE0336AADCF, cid=646, SUCCESS, logIndex=768, commits[0a7e6056-64a2-4302-b029-255d48a66d7f:c768, 82c1508e-6289-48e2-a567-a0e29c8b4903:c764, f63d6ef8-0266-4bf3-bcb1-484cdaae1fbb:c764]
2019-07-09 20:06:29,624 INFO  client.GrpcClientProtocolClient (GrpcClientProtocolClient.java:onNext(255)) - client-FB00420D972B->0a7e6056-64a2-4302-b029-255d48a66d7f: receive RaftClientReply:client-FB00420D972B->0a7e6056-64a2-4302-b029-255d48a66d7f@group-1EE0336AADCF, cid=647, SUCCESS, logIndex=0, commits[0a7e6056-64a2-4302-b029-255d48a66d7f:c770, 82c1508e-6289-48e2-a567-a0e29c8b4903:c768, f63d6ef8-0266-4bf3-bcb1-484cdaae1fbb:c768]
2019-07-09 20:06:29,648 INFO  client.GrpcClientProtocolClient (GrpcClientProtocolClient.java:onNext(255)) - client-FB00420D972B->0a7e6056-64a2-4302-b029-255d48a66d7f: receive RaftClientReply:client-FB00420D972B->0a7e6056-64a2-4302-b029-255d48a66d7f@group-1EE0336AADCF, cid=648, SUCCESS, logIndex=771, commits[0a7e6056-64a2-4302-b029-255d48a66d7f:c772, 82c1508e-6289-48e2-a567-a0e29c8b4903:c770, f63d6ef8-0266-4bf3-bcb1-484cdaae1fbb:c770]
2019-07-09 20:06:29,649 INFO  client.GrpcClientProtocolClient (GrpcClientProtocolClient.java:onNext(255)) - client-FB00420D972B->0a7e6056-64a2-4302-b029-255d48a66d7f: receive RaftClientReply:client-FB00420D972B->0a7e6056-64a2-4302-b029-255d48a66d7f@group-1EE0336AADCF, cid=649, SUCCESS, logIndex=772, commits[0a7e6056-64a2-4302-b029-255d48a66d7f:c774, 82c1508e-6289-48e2-a567-a0e29c8b4903:c770, f63d6ef8-0266-4bf3-bcb1-484cdaae1fbb:c770]
2019-07-09 20:06:29,649 INFO  client.GrpcClientProtocolClient (GrpcClientProtocolClient.java:onNext(255)) - client-FB00420D972B->0a7e6056-64a2-4302-b029-255d48a66d7f: receive RaftClientReply:client-FB00420D972B->0a7e6056-64a2-4302-b029-255d48a66d7f@group-1EE0336AADCF, cid=650, SUCCESS, logIndex=773, commits[0a7e6056-64a2-4302-b029-255d48a66d7f:c774, 82c1508e-6289-48e2-a567-a0e29c8b4903:c770, f63d6ef8-0266-4bf3-bcb1-484cdaae1fbb:c770]
2019-07-09 20:06:29,650 INFO  client.GrpcClientProtocolClient (GrpcClientProtocolClient.java:onNext(255)) - client-FB00420D972B->0a7e6056-64a2-4302-b029-255d48a66d7f: receive RaftClientReply:client-FB00420D972B->0a7e6056-64a2-4302-b029-255d48a66d7f@group-1EE0336AADCF, cid=651, SUCCESS, logIndex=774, commits[0a7e6056-64a2-4302-b029-255d48a66d7f:c775, 82c1508e-6289-48e2-a567-a0e29c8b4903:c770, f63d6ef8-0266-4bf3-bcb1-484cdaae1fbb:c771]
2019-07-09 20:06:29,651 INFO  client.GrpcClientProtocolClient (GrpcClientProtocolClient.java:onNext(255)) - client-FB00420D972B->0a7e6056-64a2-4302-b029-255d48a66d7f: receive RaftClientReply:client-FB00420D972B->0a7e6056-64a2-4302-b029-255d48a66d7f@group-1EE0336AADCF, cid=652, SUCCESS, logIndex=0, commits[0a7e6056-64a2-4302-b029-255d48a66d7f:c778, 82c1508e-6289-48e2-a567-a0e29c8b4903:c772, f63d6ef8-0266-4bf3-bcb1-484cdaae1fbb:c774]
2019-07-09 20:06:29,674 INFO  client.GrpcClientProtocolClient (GrpcClientProtocolClient.java:onNext(255)) - client-FB00420D972B->0a7e6056-64a2-4302-b029-255d48a66d7f: receive RaftClientReply:client-FB00420D972B->0a7e6056-64a2-4302-b029-255d48a66d7f@group-1EE0336AADCF, cid=653, SUCCESS, logIndex=779, commits[0a7e6056-64a2-4302-b029-255d48a66d7f:c780, 82c1508e-6289-48e2-a567-a0e29c8b4903:c778, f63d6ef8-0266-4bf3-bcb1-484cdaae1fbb:c778]
2019-07-09 20:06:29,674 INFO  client.GrpcClientProtocolClient (GrpcClientProtocolClient.java:onNext(255)) - client-FB00420D972B->0a7e6056-64a2-4302-b029-255d48a66d7f: receive RaftClientReply:client-FB00420D972B->0a7e6056-64a2-4302-b029-255d48a66d7f@group-1EE0336AADCF, cid=654, SUCCESS, logIndex=780, commits[0a7e6056-64a2-4302-b029-255d48a66d7f:c780, 82c1508e-6289-48e2-a567-a0e29c8b4903:c778, f63d6ef8-0266-4bf3-bcb1-484cdaae1fbb:c778]
2019-07-09 20:06:29,700 INFO  client.GrpcClientProtocolClient (GrpcClientProtocolClient.java:onNext(255)) - client-FB00420D972B->0a7e6056-64a2-4302-b029-255d48a66d7f: receive RaftClientReply:client-FB00420D972B->0a7e6056-64a2-4302-b029-255d48a66d7f@group-1EE0336AADCF, cid=655, SUCCESS, logIndex=783, commits[0a7e6056-64a2-4302-b029-255d48a66d7f:c784, 82c1508e-6289-48e2-a567-a0e29c8b4903:c780, f63d6ef8-0266-4bf3-bcb1-484cdaae1fbb:c780]
2019-07-09 20:06:29,701 INFO  client.GrpcClientProtocolClient (GrpcClientProtocolClient.java:onNext(255)) - client-FB00420D972B->0a7e6056-64a2-4302-b029-255d48a66d7f: receive RaftClientReply:client-FB00420D972B->0a7e6056-64a2-4302-b029-255d48a66d7f@group-1EE0336AADCF, cid=656, SUCCESS, logIndex=784, commits[0a7e6056-64a2-4302-b029-255d48a66d7f:c784, 82c1508e-6289-48e2-a567-a0e29c8b4903:c780, f63d6ef8-0266-4bf3-bcb1-484cdaae1fbb:c780]
2019-07-09 20:06:29,702 INFO  client.GrpcClientProtocolClient (GrpcClientProtocolClient.java:onNext(255)) - client-FB00420D972B->0a7e6056-64a2-4302-b029-255d48a66d7f: receive RaftClientReply:client-FB00420D972B->0a7e6056-64a2-4302-b029-255d48a66d7f@group-1EE0336AADCF, cid=657, SUCCESS, logIndex=0, commits[0a7e6056-64a2-4302-b029-255d48a66d7f:c784, 82c1508e-6289-48e2-a567-a0e29c8b4903:c784, f63d6ef8-0266-4bf3-bcb1-484cdaae1fbb:c784]
2019-07-09 20:06:29,736 INFO  client.GrpcClientProtocolClient (GrpcClientProtocolClient.java:onNext(255)) - client-FB00420D972B->0a7e6056-64a2-4302-b029-255d48a66d7f: receive RaftClientReply:client-FB00420D972B->0a7e6056-64a2-4302-b029-255d48a66d7f@group-1EE0336AADCF, cid=658, SUCCESS, logIndex=787, commits[0a7e6056-64a2-4302-b029-255d48a66d7f:c788, 82c1508e-6289-48e2-a567-a0e29c8b4903:c786, f63d6ef8-0266-4bf3-bcb1-484cdaae1fbb:c786]
2019-07-09 20:06:29,737 INFO  client.GrpcClientProtocolClient (GrpcClientProtocolClient.java:onNext(255)) - client-FB00420D972B->0a7e6056-64a2-4302-b029-255d48a66d7f: receive RaftClientReply:client-FB00420D972B->0a7e6056-64a2-4302-b029-255d48a66d7f@group-1EE0336AADCF, cid=659, SUCCESS, logIndex=788, commits[0a7e6056-64a2-4302-b029-255d48a66d7f:c788, 82c1508e-6289-48e2-a567-a0e29c8b4903:c786, f63d6ef8-0266-4bf3-bcb1-484cdaae1fbb:c786]
2019-07-09 20:06:29,745 INFO  client.GrpcClientProtocolClient (GrpcClientProtocolClient.java:onNext(255)) - client-FB00420D972B->0a7e6056-64a2-4302-b029-255d48a66d7f: receive RaftClientReply:client-FB00420D972B->0a7e6056-64a2-4302-b029-255d48a66d7f@group-1EE0336AADCF, cid=660, SUCCESS, logIndex=789, commits[0a7e6056-64a2-4302-b029-255d48a66d7f:c790, 82c1508e-6289-48e2-a567-a0e29c8b4903:c786, f63d6ef8-0266-4bf3-bcb1-484cdaae1fbb:c786]
2019-07-09 20:06:29,746 INFO  client.GrpcClientProtocolClient (GrpcClientProtocolClient.java:onNext(255)) - client-FB00420D972B->0a7e6056-64a2-4302-b029-255d48a66d7f: receive RaftClientReply:client-FB00420D972B->0a7e6056-64a2-4302-b029-255d48a66d7f@group-1EE0336AADCF, cid=661, SUCCESS, logIndex=790, commits[0a7e6056-64a2-4302-b029-255d48a66d7f:c792, 82c1508e-6289-48e2-a567-a0e29c8b4903:c786, f63d6ef8-0266-4bf3-bcb1-484cdaae1fbb:c788]
2019-07-09 20:06:29,747 INFO  client.GrpcClientProtocolClient (GrpcClientProtocolClient.java:onNext(255)) - client-FB00420D972B->0a7e6056-64a2-4302-b029-255d48a66d7f: receive RaftClientReply:client-FB00420D972B->0a7e6056-64a2-4302-b029-255d48a66d7f@group-1EE0336AADCF, cid=662, SUCCESS, logIndex=0, commits[0a7e6056-64a2-4302-b029-255d48a66d7f:c792, 82c1508e-6289-48e2-a567-a0e29c8b4903:c788, f63d6ef8-0266-4bf3-bcb1-484cdaae1fbb:c788]
2019-07-09 20:06:29,770 INFO  client.GrpcClientProtocolClient (GrpcClientProtocolClient.java:onNext(255)) - client-FB00420D972B->0a7e6056-64a2-4302-b029-255d48a66d7f: receive RaftClientReply:client-FB00420D972B->0a7e6056-64a2-4302-b029-255d48a66d7f@group-1EE0336AADCF, cid=663, SUCCESS, logIndex=795, commits[0a7e6056-64a2-4302-b029-255d48a66d7f:c796, 82c1508e-6289-48e2-a567-a0e29c8b4903:c794, f63d6ef8-0266-4bf3-bcb1-484cdaae1fbb:c794]
 0.00% |█                                                                                                    |  0/1 Time: 0:00:012019-07-09 20:06:29,780 INFO  client.GrpcClientProtocolClient (GrpcClientProtocolClient.java:onNext(255)) - client-FB00420D972B->0a7e6056-64a2-4302-b029-255d48a66d7f: receive RaftClientReply:client-FB00420D972B->0a7e6056-64a2-4302-b029-255d48a66d7f@group-1EE0336AADCF, cid=664, SUCCESS, logIndex=796, commits[0a7e6056-64a2-4302-b029-255d48a66d7f:c796, 82c1508e-6289-48e2-a567-a0e29c8b4903:c794, f63d6ef8-0266-4bf3-bcb1-484cdaae1fbb:c794]
2019-07-09 20:06:29,805 INFO  client.GrpcClientProtocolClient (GrpcClientProtocolClient.java:onNext(255)) - client-FB00420D972B->0a7e6056-64a2-4302-b029-255d48a66d7f: receive RaftClientReply:client-FB00420D972B->0a7e6056-64a2-4302-b029-255d48a66d7f@group-1EE0336AADCF, cid=665, SUCCESS, logIndex=799, commits[0a7e6056-64a2-4302-b029-255d48a66d7f:c800, 82c1508e-6289-48e2-a567-a0e29c8b4903:c798, f63d6ef8-0266-4bf3-bcb1-484cdaae1fbb:c798]
2019-07-09 20:06:29,806 INFO  client.GrpcClientProtocolClient (GrpcClientProtocolClient.java:onNext(255)) - client-FB00420D972B->0a7e6056-64a2-4302-b029-255d48a66d7f: receive RaftClientReply:client-FB00420D972B->0a7e6056-64a2-4302-b029-255d48a66d7f@group-1EE0336AADCF, cid=666, SUCCESS, logIndex=800, commits[0a7e6056-64a2-4302-b029-255d48a66d7f:c800, 82c1508e-6289-48e2-a567-a0e29c8b4903:c798, f63d6ef8-0266-4bf3-bcb1-484cdaae1fbb:c798]
2019-07-09 20:06:29,818 INFO  client.GrpcClientProtocolClient (GrpcClientProtocolClient.java:onNext(255)) - client-FB00420D972B->0a7e6056-64a2-4302-b029-255d48a66d7f: receive RaftClientReply:client-FB00420D972B->0a7e6056-64a2-4302-b029-255d48a66d7f@group-1EE0336AADCF, cid=667, SUCCESS, logIndex=0, commits[0a7e6056-64a2-4302-b029-255d48a66d7f:c802, 82c1508e-6289-48e2-a567-a0e29c8b4903:c800, f63d6ef8-0266-4bf3-bcb1-484cdaae1fbb:c800]
2019-07-09 20:06:29,841 INFO  client.GrpcClientProtocolClient (GrpcClientProtocolClient.java:onNext(255)) - client-FB00420D972B->0a7e6056-64a2-4302-b029-255d48a66d7f: receive RaftClientReply:client-FB00420D972B->0a7e6056-64a2-4302-b029-255d48a66d7f@group-1EE0336AADCF, cid=668, SUCCESS, logIndex=803, commits[0a7e6056-64a2-4302-b029-255d48a66d7f:c804, 82c1508e-6289-48e2-a567-a0e29c8b4903:c802, f63d6ef8-0266-4bf3-bcb1-484cdaae1fbb:c802]
2019-07-09 20:06:29,841 INFO  client.GrpcClientProtocolClient (GrpcClientProtocolClient.java:onNext(255)) - client-FB00420D972B->0a7e6056-64a2-4302-b029-255d48a66d7f: receive RaftClientReply:client-FB00420D972B->0a7e6056-64a2-4302-b029-255d48a66d7f@group-1EE0336AADCF, cid=669, SUCCESS, logIndex=804, commits[0a7e6056-64a2-4302-b029-255d48a66d7f:c804, 82c1508e-6289-48e2-a567-a0e29c8b4903:c802, f63d6ef8-0266-4bf3-bcb1-484cdaae1fbb:c802]
2019-07-09 20:06:29,852 INFO  client.GrpcClientProtocolClient (GrpcClientProtocolClient.java:onNext(255)) - client-FB00420D972B->0a7e6056-64a2-4302-b029-255d48a66d7f: receive RaftClientReply:client-FB00420D972B->0a7e6056-64a2-4302-b029-255d48a66d7f@group-1EE0336AADCF, cid=670, SUCCESS, logIndex=805, commits[0a7e6056-64a2-4302-b029-255d48a66d7f:c806, 82c1508e-6289-48e2-a567-a0e29c8b4903:c802, f63d6ef8-0266-4bf3-bcb1-484cdaae1fbb:c802]
2019-07-09 20:06:29,852 INFO  client.GrpcClientProtocolClient (GrpcClientProtocolClient.java:onNext(255)) - client-FB00420D972B->0a7e6056-64a2-4302-b029-255d48a66d7f: receive RaftClientReply:client-FB00420D972B->0a7e6056-64a2-4302-b029-255d48a66d7f@group-1EE0336AADCF, cid=671, SUCCESS, logIndex=806, commits[0a7e6056-64a2-4302-b029-255d48a66d7f:c806, 82c1508e-6289-48e2-a567-a0e29c8b4903:c802, f63d6ef8-0266-4bf3-bcb1-484cdaae1fbb:c802]
2019-07-09 20:06:29,855 INFO  client.GrpcClientProtocolClient (GrpcClientProtocolClient.java:onNext(255)) - client-FB00420D972B->0a7e6056-64a2-4302-b029-255d48a66d7f: receive RaftClientReply:client-FB00420D972B->0a7e6056-64a2-4302-b029-255d48a66d7f@group-1EE0336AADCF, cid=672, SUCCESS, logIndex=0, commits[0a7e6056-64a2-4302-b029-255d48a66d7f:c808, 82c1508e-6289-48e2-a567-a0e29c8b4903:c804, f63d6ef8-0266-4bf3-bcb1-484cdaae1fbb:c804]
2019-07-09 20:06:29,880 INFO  client.GrpcClientProtocolClient (GrpcClientProtocolClient.java:onNext(255)) - client-FB00420D972B->0a7e6056-64a2-4302-b029-255d48a66d7f: receive RaftClientReply:client-FB00420D972B->0a7e6056-64a2-4302-b029-255d48a66d7f@group-1EE0336AADCF, cid=673, SUCCESS, logIndex=811, commits[0a7e6056-64a2-4302-b029-255d48a66d7f:c812, 82c1508e-6289-48e2-a567-a0e29c8b4903:c806, f63d6ef8-0266-4bf3-bcb1-484cdaae1fbb:c808]
2019-07-09 20:06:29,881 INFO  client.GrpcClientProtocolClient (GrpcClientProtocolClient.java:onNext(255)) - client-FB00420D972B->0a7e6056-64a2-4302-b029-255d48a66d7f: receive RaftClientReply:client-FB00420D972B->0a7e6056-64a2-4302-b029-255d48a66d7f@group-1EE0336AADCF, cid=674, SUCCESS, logIndex=812, commits[0a7e6056-64a2-4302-b029-255d48a66d7f:c812, 82c1508e-6289-48e2-a567-a0e29c8b4903:c808, f63d6ef8-0266-4bf3-bcb1-484cdaae1fbb:c808]
2019-07-09 20:06:29,903 INFO  client.GrpcClientProtocolClient (GrpcClientProtocolClient.java:onNext(255)) - client-FB00420D972B->0a7e6056-64a2-4302-b029-255d48a66d7f: receive RaftClientReply:client-FB00420D972B->0a7e6056-64a2-4302-b029-255d48a66d7f@group-1EE0336AADCF, cid=675, SUCCESS, logIndex=815, commits[0a7e6056-64a2-4302-b029-255d48a66d7f:c816, 82c1508e-6289-48e2-a567-a0e29c8b4903:c814, f63d6ef8-0266-4bf3-bcb1-484cdaae1fbb:c814]
2019-07-09 20:06:29,903 INFO  client.GrpcClientProtocolClient (GrpcClientProtocolClient.java:onNext(255)) - client-FB00420D972B->0a7e6056-64a2-4302-b029-255d48a66d7f: receive RaftClientReply:client-FB00420D972B->0a7e6056-64a2-4302-b029-255d48a66d7f@group-1EE0336AADCF, cid=676, SUCCESS, logIndex=816, commits[0a7e6056-64a2-4302-b029-255d48a66d7f:c816, 82c1508e-6289-48e2-a567-a0e29c8b4903:c814, f63d6ef8-0266-4bf3-bcb1-484cdaae1fbb:c814]
2019-07-09 20:06:29,916 INFO  client.GrpcClientProtocolClient (GrpcClientProtocolClient.java:onNext(255)) - client-FB00420D972B->0a7e6056-64a2-4302-b029-255d48a66d7f: receive RaftClientReply:client-FB00420D972B->0a7e6056-64a2-4302-b029-255d48a66d7f@group-1EE0336AADCF, cid=677, SUCCESS, logIndex=0, commits[0a7e6056-64a2-4302-b029-255d48a66d7f:c818, 82c1508e-6289-48e2-a567-a0e29c8b4903:c816, f63d6ef8-0266-4bf3-bcb1-484cdaae1fbb:c816]
2019-07-09 20:06:29,942 INFO  client.GrpcClientProtocolClient (GrpcClientProtocolClient.java:onNext(255)) - client-FB00420D972B->0a7e6056-64a2-4302-b029-255d48a66d7f: receive RaftClientReply:client-FB00420D972B->0a7e6056-64a2-4302-b029-255d48a66d7f@group-1EE0336AADCF, cid=678, SUCCESS, logIndex=819, commits[0a7e6056-64a2-4302-b029-255d48a66d7f:c820, 82c1508e-6289-48e2-a567-a0e29c8b4903:c818, f63d6ef8-0266-4bf3-bcb1-484cdaae1fbb:c818]
2019-07-09 20:06:29,943 INFO  client.GrpcClientProtocolClient (GrpcClientProtocolClient.java:onNext(255)) - client-FB00420D972B->0a7e6056-64a2-4302-b029-255d48a66d7f: receive RaftClientReply:client-FB00420D972B->0a7e6056-64a2-4302-b029-255d48a66d7f@group-1EE0336AADCF, cid=679, SUCCESS, logIndex=820, commits[0a7e6056-64a2-4302-b029-255d48a66d7f:c822, 82c1508e-6289-48e2-a567-a0e29c8b4903:c818, f63d6ef8-0266-4bf3-bcb1-484cdaae1fbb:c818]
2019-07-09 20:06:29,943 INFO  client.GrpcClientProtocolClient (GrpcClientProtocolClient.java:onNext(255)) - client-FB00420D972B->0a7e6056-64a2-4302-b029-255d48a66d7f: receive RaftClientReply:client-FB00420D972B->0a7e6056-64a2-4302-b029-255d48a66d7f@group-1EE0336AADCF, cid=680, SUCCESS, logIndex=821, commits[0a7e6056-64a2-4302-b029-255d48a66d7f:c822, 82c1508e-6289-48e2-a567-a0e29c8b4903:c818, f63d6ef8-0266-4bf3-bcb1-484cdaae1fbb:c818]
2019-07-09 20:06:29,943 INFO  client.GrpcClientProtocolClient (GrpcClientProtocolClient.java:onNext(255)) - client-FB00420D972B->0a7e6056-64a2-4302-b029-255d48a66d7f: receive RaftClientReply:client-FB00420D972B->0a7e6056-64a2-4302-b029-255d48a66d7f@group-1EE0336AADCF, cid=681, SUCCESS, logIndex=822, commits[0a7e6056-64a2-4302-b029-255d48a66d7f:c823, 82c1508e-6289-48e2-a567-a0e29c8b4903:c818, f63d6ef8-0266-4bf3-bcb1-484cdaae1fbb:c819]
2019-07-09 20:06:29,945 INFO  client.GrpcClientProtocolClient (GrpcClientProtocolClient.java:onNext(255)) - client-FB00420D972B->0a7e6056-64a2-4302-b029-255d48a66d7f: receive RaftClientReply:client-FB00420D972B->0a7e6056-64a2-4302-b029-255d48a66d7f@group-1EE0336AADCF, cid=682, SUCCESS, logIndex=0, commits[0a7e6056-64a2-4302-b029-255d48a66d7f:c825, 82c1508e-6289-48e2-a567-a0e29c8b4903:c820, f63d6ef8-0266-4bf3-bcb1-484cdaae1fbb:c822]
2019-07-09 20:06:29,976 INFO  client.GrpcClientProtocolClient (GrpcClientProtocolClient.java:onNext(255)) - client-FB00420D972B->0a7e6056-64a2-4302-b029-255d48a66d7f: receive RaftClientReply:client-FB00420D972B->0a7e6056-64a2-4302-b029-255d48a66d7f@group-1EE0336AADCF, cid=683, SUCCESS, logIndex=826, commits[0a7e6056-64a2-4302-b029-255d48a66d7f:c827, 82c1508e-6289-48e2-a567-a0e29c8b4903:c825, f63d6ef8-0266-4bf3-bcb1-484cdaae1fbb:c825]
2019-07-09 20:06:29,976 INFO  client.GrpcClientProtocolClient (GrpcClientProtocolClient.java:onNext(255)) - client-FB00420D972B->0a7e6056-64a2-4302-b029-255d48a66d7f: receive RaftClientReply:client-FB00420D972B->0a7e6056-64a2-4302-b029-255d48a66d7f@group-1EE0336AADCF, cid=684, SUCCESS, logIndex=827, commits[0a7e6056-64a2-4302-b029-255d48a66d7f:c827, 82c1508e-6289-48e2-a567-a0e29c8b4903:c825, f63d6ef8-0266-4bf3-bcb1-484cdaae1fbb:c825]
2019-07-09 20:06:30,001 INFO  client.GrpcClientProtocolClient (GrpcClientProtocolClient.java:onNext(255)) - client-FB00420D972B->0a7e6056-64a2-4302-b029-255d48a66d7f: receive RaftClientReply:client-FB00420D972B->0a7e6056-64a2-4302-b029-255d48a66d7f@group-1EE0336AADCF, cid=685, SUCCESS, logIndex=830, commits[0a7e6056-64a2-4302-b029-255d48a66d7f:c831, 82c1508e-6289-48e2-a567-a0e29c8b4903:c827, f63d6ef8-0266-4bf3-bcb1-484cdaae1fbb:c827]
2019-07-09 20:06:30,002 INFO  client.GrpcClientProtocolClient (GrpcClientProtocolClient.java:onNext(255)) - client-FB00420D972B->0a7e6056-64a2-4302-b029-255d48a66d7f: receive RaftClientReply:client-FB00420D972B->0a7e6056-64a2-4302-b029-255d48a66d7f@group-1EE0336AADCF, cid=686, SUCCESS, logIndex=831, commits[0a7e6056-64a2-4302-b029-255d48a66d7f:c831, 82c1508e-6289-48e2-a567-a0e29c8b4903:c827, f63d6ef8-0266-4bf3-bcb1-484cdaae1fbb:c827]
2019-07-09 20:06:30,015 INFO  client.GrpcClientProtocolClient (GrpcClientProtocolClient.java:onNext(255)) - client-FB00420D972B->0a7e6056-64a2-4302-b029-255d48a66d7f: receive RaftClientReply:client-FB00420D972B->0a7e6056-64a2-4302-b029-255d48a66d7f@group-1EE0336AADCF, cid=687, SUCCESS, logIndex=0, commits[0a7e6056-64a2-4302-b029-255d48a66d7f:c833, 82c1508e-6289-48e2-a567-a0e29c8b4903:c831, f63d6ef8-0266-4bf3-bcb1-484cdaae1fbb:c831]
2019-07-09 20:06:30,134 INFO  client.GrpcClientProtocolClient (GrpcClientProtocolClient.java:onNext(255)) - client-FB00420D972B->0a7e6056-64a2-4302-b029-255d48a66d7f: receive RaftClientReply:client-FB00420D972B->0a7e6056-64a2-4302-b029-255d48a66d7f@group-1EE0336AADCF, cid=688, SUCCESS, logIndex=834, commits[0a7e6056-64a2-4302-b029-255d48a66d7f:c836, 82c1508e-6289-48e2-a567-a0e29c8b4903:c833, f63d6ef8-0266-4bf3-bcb1-484cdaae1fbb:c833]
2019-07-09 20:06:30,135 INFO  client.GrpcClientProtocolClient (GrpcClientProtocolClient.java:onNext(255)) - client-FB00420D972B->0a7e6056-64a2-4302-b029-255d48a66d7f: receive RaftClientReply:client-FB00420D972B->0a7e6056-64a2-4302-b029-255d48a66d7f@group-1EE0336AADCF, cid=689, SUCCESS, logIndex=835, commits[0a7e6056-64a2-4302-b029-255d48a66d7f:c837, 82c1508e-6289-48e2-a567-a0e29c8b4903:c833, f63d6ef8-0266-4bf3-bcb1-484cdaae1fbb:c834]
2019-07-09 20:06:30,136 INFO  client.GrpcClientProtocolClient (GrpcClientProtocolClient.java:onNext(255)) - client-FB00420D972B->0a7e6056-64a2-4302-b029-255d48a66d7f: receive RaftClientReply:client-FB00420D972B->0a7e6056-64a2-4302-b029-255d48a66d7f@group-1EE0336AADCF, cid=690, SUCCESS, logIndex=836, commits[0a7e6056-64a2-4302-b029-255d48a66d7f:c838, 82c1508e-6289-48e2-a567-a0e29c8b4903:c833, f63d6ef8-0266-4bf3-bcb1-484cdaae1fbb:c834]
2019-07-09 20:06:30,136 INFO  client.GrpcClientProtocolClient (GrpcClientProtocolClient.java:onNext(255)) - client-FB00420D972B->0a7e6056-64a2-4302-b029-255d48a66d7f: receive RaftClientReply:client-FB00420D972B->0a7e6056-64a2-4302-b029-255d48a66d7f@group-1EE0336AADCF, cid=691, SUCCESS, logIndex=837, commits[0a7e6056-64a2-4302-b029-255d48a66d7f:c838, 82c1508e-6289-48e2-a567-a0e29c8b4903:c833, f63d6ef8-0266-4bf3-bcb1-484cdaae1fbb:c834]
2019-07-09 20:06:30,147 INFO  client.GrpcClientProtocolClient (GrpcClientProtocolClient.java:onNext(255)) - client-FB00420D972B->0a7e6056-64a2-4302-b029-255d48a66d7f: receive RaftClientReply:client-FB00420D972B->0a7e6056-64a2-4302-b029-255d48a66d7f@group-1EE0336AADCF, cid=692, SUCCESS, logIndex=0, commits[0a7e6056-64a2-4302-b029-255d48a66d7f:c840, 82c1508e-6289-48e2-a567-a0e29c8b4903:c835, f63d6ef8-0266-4bf3-bcb1-484cdaae1fbb:c836]
2019-07-09 20:06:30,172 INFO  client.GrpcClientProtocolClient (GrpcClientProtocolClient.java:onNext(255)) - client-FB00420D972B->0a7e6056-64a2-4302-b029-255d48a66d7f: receive RaftClientReply:client-FB00420D972B->0a7e6056-64a2-4302-b029-255d48a66d7f@group-1EE0336AADCF, cid=693, SUCCESS, logIndex=842, commits[0a7e6056-64a2-4302-b029-255d48a66d7f:c843, 82c1508e-6289-48e2-a567-a0e29c8b4903:c841, f63d6ef8-0266-4bf3-bcb1-484cdaae1fbb:c841]
2019-07-09 20:06:30,172 INFO  client.GrpcClientProtocolClient (GrpcClientProtocolClient.java:onNext(255)) - client-FB00420D972B->0a7e6056-64a2-4302-b029-255d48a66d7f: receive RaftClientReply:client-FB00420D972B->0a7e6056-64a2-4302-b029-255d48a66d7f@group-1EE0336AADCF, cid=694, SUCCESS, logIndex=843, commits[0a7e6056-64a2-4302-b029-255d48a66d7f:c843, 82c1508e-6289-48e2-a567-a0e29c8b4903:c841, f63d6ef8-0266-4bf3-bcb1-484cdaae1fbb:c841]
2019-07-09 20:06:30,200 INFO  client.GrpcClientProtocolClient (GrpcClientProtocolClient.java:onNext(255)) - client-FB00420D972B->0a7e6056-64a2-4302-b029-255d48a66d7f: receive RaftClientReply:client-FB00420D972B->0a7e6056-64a2-4302-b029-255d48a66d7f@group-1EE0336AADCF, cid=695, SUCCESS, logIndex=846, commits[0a7e6056-64a2-4302-b029-255d48a66d7f:c847, 82c1508e-6289-48e2-a567-a0e29c8b4903:c843, f63d6ef8-0266-4bf3-bcb1-484cdaae1fbb:c843]
2019-07-09 20:06:30,200 INFO  client.GrpcClientProtocolClient (GrpcClientProtocolClient.java:onNext(255)) - client-FB00420D972B->0a7e6056-64a2-4302-b029-255d48a66d7f: receive RaftClientReply:client-FB00420D972B->0a7e6056-64a2-4302-b029-255d48a66d7f@group-1EE0336AADCF, cid=696, SUCCESS, logIndex=847, commits[0a7e6056-64a2-4302-b029-255d48a66d7f:c847, 82c1508e-6289-48e2-a567-a0e29c8b4903:c843, f63d6ef8-0266-4bf3-bcb1-484cdaae1fbb:c843]
2019-07-09 20:06:30,221 INFO  client.GrpcClientProtocolClient (GrpcClientProtocolClient.java:onNext(255)) - client-FB00420D972B->0a7e6056-64a2-4302-b029-255d48a66d7f: receive RaftClientReply:client-FB00420D972B->0a7e6056-64a2-4302-b029-255d48a66d7f@group-1EE0336AADCF, cid=697, SUCCESS, logIndex=0, commits[0a7e6056-64a2-4302-b029-255d48a66d7f:c848, 82c1508e-6289-48e2-a567-a0e29c8b4903:c847, f63d6ef8-0266-4bf3-bcb1-484cdaae1fbb:c847]
2019-07-09 20:06:30,246 INFO  client.GrpcClientProtocolClient (GrpcClientProtocolClient.java:onNext(255)) - client-FB00420D972B->0a7e6056-64a2-4302-b029-255d48a66d7f: receive RaftClientReply:client-FB00420D972B->0a7e6056-64a2-4302-b029-255d48a66d7f@group-1EE0336AADCF, cid=698, SUCCESS, logIndex=850, commits[0a7e6056-64a2-4302-b029-255d48a66d7f:c852, 82c1508e-6289-48e2-a567-a0e29c8b4903:c849, f63d6ef8-0266-4bf3-bcb1-484cdaae1fbb:c849]
2019-07-09 20:06:30,247 INFO  client.GrpcClientProtocolClient (GrpcClientProtocolClient.java:onNext(255)) - client-FB00420D972B->0a7e6056-64a2-4302-b029-255d48a66d7f: receive RaftClientReply:client-FB00420D972B->0a7e6056-64a2-4302-b029-255d48a66d7f@group-1EE0336AADCF, cid=699, SUCCESS, logIndex=851, commits[0a7e6056-64a2-4302-b029-255d48a66d7f:c853, 82c1508e-6289-48e2-a567-a0e29c8b4903:c849, f63d6ef8-0266-4bf3-bcb1-484cdaae1fbb:c849]
2019-07-09 20:06:30,248 INFO  client.GrpcClientProtocolClient (GrpcClientProtocolClient.java:onNext(255)) - client-FB00420D972B->0a7e6056-64a2-4302-b029-255d48a66d7f: receive RaftClientReply:client-FB00420D972B->0a7e6056-64a2-4302-b029-255d48a66d7f@group-1EE0336AADCF, cid=700, SUCCESS, logIndex=852, commits[0a7e6056-64a2-4302-b029-255d48a66d7f:c853, 82c1508e-6289-48e2-a567-a0e29c8b4903:c849, f63d6ef8-0266-4bf3-bcb1-484cdaae1fbb:c849]
2019-07-09 20:06:30,248 INFO  client.GrpcClientProtocolClient (GrpcClientProtocolClient.java:onNext(255)) - client-FB00420D972B->0a7e6056-64a2-4302-b029-255d48a66d7f: receive RaftClientReply:client-FB00420D972B->0a7e6056-64a2-4302-b029-255d48a66d7f@group-1EE0336AADCF, cid=701, SUCCESS, logIndex=853, commits[0a7e6056-64a2-4302-b029-255d48a66d7f:c853, 82c1508e-6289-48e2-a567-a0e29c8b4903:c849, f63d6ef8-0266-4bf3-bcb1-484cdaae1fbb:c849]
2019-07-09 20:06:30,250 INFO  client.GrpcClientProtocolClient (GrpcClientProtocolClient.java:onNext(255)) - client-FB00420D972B->0a7e6056-64a2-4302-b029-255d48a66d7f: receive RaftClientReply:client-FB00420D972B->0a7e6056-64a2-4302-b029-255d48a66d7f@group-1EE0336AADCF, cid=702, SUCCESS, logIndex=0, commits[0a7e6056-64a2-4302-b029-255d48a66d7f:c857, 82c1508e-6289-48e2-a567-a0e29c8b4903:c853, f63d6ef8-0266-4bf3-bcb1-484cdaae1fbb:c853]
2019-07-09 20:06:30,283 INFO  client.GrpcClientProtocolClient (GrpcClientProtocolClient.java:onNext(255)) - client-FB00420D972B->0a7e6056-64a2-4302-b029-255d48a66d7f: receive RaftClientReply:client-FB00420D972B->0a7e6056-64a2-4302-b029-255d48a66d7f@group-1EE0336AADCF, cid=703, SUCCESS, logIndex=858, commits[0a7e6056-64a2-4302-b029-255d48a66d7f:c859, 82c1508e-6289-48e2-a567-a0e29c8b4903:c857, f63d6ef8-0266-4bf3-bcb1-484cdaae1fbb:c857]
2019-07-09 20:06:30,284 INFO  client.GrpcClientProtocolClient (GrpcClientProtocolClient.java:onNext(255)) - client-FB00420D972B->0a7e6056-64a2-4302-b029-255d48a66d7f: receive RaftClientReply:client-FB00420D972B->0a7e6056-64a2-4302-b029-255d48a66d7f@group-1EE0336AADCF, cid=704, SUCCESS, logIndex=859, commits[0a7e6056-64a2-4302-b029-255d48a66d7f:c859, 82c1508e-6289-48e2-a567-a0e29c8b4903:c857, f63d6ef8-0266-4bf3-bcb1-484cdaae1fbb:c857]
2019-07-09 20:06:30,310 INFO  client.GrpcClientProtocolClient (GrpcClientProtocolClient.java:onNext(255)) - client-FB00420D972B->0a7e6056-64a2-4302-b029-255d48a66d7f: receive RaftClientReply:client-FB00420D972B->0a7e6056-64a2-4302-b029-255d48a66d7f@group-1EE0336AADCF, cid=705, SUCCESS, logIndex=862, commits[0a7e6056-64a2-4302-b029-255d48a66d7f:c863, 82c1508e-6289-48e2-a567-a0e29c8b4903:c859, f63d6ef8-0266-4bf3-bcb1-484cdaae1fbb:c859]
2019-07-09 20:06:30,310 INFO  client.GrpcClientProtocolClient (GrpcClientProtocolClient.java:onNext(255)) - client-FB00420D972B->0a7e6056-64a2-4302-b029-255d48a66d7f: receive RaftClientReply:client-FB00420D972B->0a7e6056-64a2-4302-b029-255d48a66d7f@group-1EE0336AADCF, cid=706, SUCCESS, logIndex=863, commits[0a7e6056-64a2-4302-b029-255d48a66d7f:c863, 82c1508e-6289-48e2-a567-a0e29c8b4903:c859, f63d6ef8-0266-4bf3-bcb1-484cdaae1fbb:c859]
2019-07-09 20:06:30,324 INFO  client.GrpcClientProtocolClient (GrpcClientProtocolClient.java:onNext(255)) - client-FB00420D972B->0a7e6056-64a2-4302-b029-255d48a66d7f: receive RaftClientReply:client-FB00420D972B->0a7e6056-64a2-4302-b029-255d48a66d7f@group-1EE0336AADCF, cid=707, SUCCESS, logIndex=0, commits[0a7e6056-64a2-4302-b029-255d48a66d7f:c865, 82c1508e-6289-48e2-a567-a0e29c8b4903:c863, f63d6ef8-0266-4bf3-bcb1-484cdaae1fbb:c863]
2019-07-09 20:06:30,348 INFO  client.GrpcClientProtocolClient (GrpcClientProtocolClient.java:onNext(255)) - client-FB00420D972B->0a7e6056-64a2-4302-b029-255d48a66d7f: receive RaftClientReply:client-FB00420D972B->0a7e6056-64a2-4302-b029-255d48a66d7f@group-1EE0336AADCF, cid=708, SUCCESS, logIndex=866, commits[0a7e6056-64a2-4302-b029-255d48a66d7f:c867, 82c1508e-6289-48e2-a567-a0e29c8b4903:c865, f63d6ef8-0266-4bf3-bcb1-484cdaae1fbb:c865]
2019-07-09 20:06:30,349 INFO  client.GrpcClientProtocolClient (GrpcClientProtocolClient.java:onNext(255)) - client-FB00420D972B->0a7e6056-64a2-4302-b029-255d48a66d7f: receive RaftClientReply:client-FB00420D972B->0a7e6056-64a2-4302-b029-255d48a66d7f@group-1EE0336AADCF, cid=709, SUCCESS, logIndex=867, commits[0a7e6056-64a2-4302-b029-255d48a66d7f:c868, 82c1508e-6289-48e2-a567-a0e29c8b4903:c865, f63d6ef8-0266-4bf3-bcb1-484cdaae1fbb:c865]
2019-07-09 20:06:30,349 INFO  client.GrpcClientProtocolClient (GrpcClientProtocolClient.java:onNext(255)) - client-FB00420D972B->0a7e6056-64a2-4302-b029-255d48a66d7f: receive RaftClientReply:client-FB00420D972B->0a7e6056-64a2-4302-b029-255d48a66d7f@group-1EE0336AADCF, cid=710, SUCCESS, logIndex=868, commits[0a7e6056-64a2-4302-b029-255d48a66d7f:c869, 82c1508e-6289-48e2-a567-a0e29c8b4903:c865, f63d6ef8-0266-4bf3-bcb1-484cdaae1fbb:c865]
2019-07-09 20:06:30,350 INFO  client.GrpcClientProtocolClient (GrpcClientProtocolClient.java:onNext(255)) - client-FB00420D972B->0a7e6056-64a2-4302-b029-255d48a66d7f: receive RaftClientReply:client-FB00420D972B->0a7e6056-64a2-4302-b029-255d48a66d7f@group-1EE0336AADCF, cid=711, SUCCESS, logIndex=869, commits[0a7e6056-64a2-4302-b029-255d48a66d7f:c869, 82c1508e-6289-48e2-a567-a0e29c8b4903:c865, f63d6ef8-0266-4bf3-bcb1-484cdaae1fbb:c865]
2019-07-09 20:06:30,351 INFO  client.GrpcClientProtocolClient (GrpcClientProtocolClient.java:onNext(255)) - client-FB00420D972B->0a7e6056-64a2-4302-b029-255d48a66d7f: receive RaftClientReply:client-FB00420D972B->0a7e6056-64a2-4302-b029-255d48a66d7f@group-1EE0336AADCF, cid=712, SUCCESS, logIndex=0, commits[0a7e6056-64a2-4302-b029-255d48a66d7f:c873, 82c1508e-6289-48e2-a567-a0e29c8b4903:c867, f63d6ef8-0266-4bf3-bcb1-484cdaae1fbb:c869]
2019-07-09 20:06:30,384 INFO  client.GrpcClientProtocolClient (GrpcClientProtocolClient.java:onNext(255)) - client-FB00420D972B->0a7e6056-64a2-4302-b029-255d48a66d7f: receive RaftClientReply:client-FB00420D972B->0a7e6056-64a2-4302-b029-255d48a66d7f@group-1EE0336AADCF, cid=713, SUCCESS, logIndex=874, commits[0a7e6056-64a2-4302-b029-255d48a66d7f:c875, 82c1508e-6289-48e2-a567-a0e29c8b4903:c873, f63d6ef8-0266-4bf3-bcb1-484cdaae1fbb:c873]
2019-07-09 20:06:30,384 INFO  client.GrpcClientProtocolClient (GrpcClientProtocolClient.java:onNext(255)) - client-FB00420D972B->0a7e6056-64a2-4302-b029-255d48a66d7f: receive RaftClientReply:client-FB00420D972B->0a7e6056-64a2-4302-b029-255d48a66d7f@group-1EE0336AADCF, cid=714, SUCCESS, logIndex=875, commits[0a7e6056-64a2-4302-b029-255d48a66d7f:c875, 82c1508e-6289-48e2-a567-a0e29c8b4903:c873, f63d6ef8-0266-4bf3-bcb1-484cdaae1fbb:c873]
2019-07-09 20:06:30,410 INFO  client.GrpcClientProtocolClient (GrpcClientProtocolClient.java:onNext(255)) - client-FB00420D972B->0a7e6056-64a2-4302-b029-255d48a66d7f: receive RaftClientReply:client-FB00420D972B->0a7e6056-64a2-4302-b029-255d48a66d7f@group-1EE0336AADCF, cid=715, SUCCESS, logIndex=878, commits[0a7e6056-64a2-4302-b029-255d48a66d7f:c879, 82c1508e-6289-48e2-a567-a0e29c8b4903:c875, f63d6ef8-0266-4bf3-bcb1-484cdaae1fbb:c875]
2019-07-09 20:06:30,411 INFO  client.GrpcClientProtocolClient (GrpcClientProtocolClient.java:onNext(255)) - client-FB00420D972B->0a7e6056-64a2-4302-b029-255d48a66d7f: receive RaftClientReply:client-FB00420D972B->0a7e6056-64a2-4302-b029-255d48a66d7f@group-1EE0336AADCF, cid=716, SUCCESS, logIndex=879, commits[0a7e6056-64a2-4302-b029-255d48a66d7f:c879, 82c1508e-6289-48e2-a567-a0e29c8b4903:c875, f63d6ef8-0266-4bf3-bcb1-484cdaae1fbb:c875]
2019-07-09 20:06:30,412 INFO  client.GrpcClientProtocolClient (GrpcClientProtocolClient.java:onNext(255)) - client-FB00420D972B->0a7e6056-64a2-4302-b029-255d48a66d7f: receive RaftClientReply:client-FB00420D972B->0a7e6056-64a2-4302-b029-255d48a66d7f@group-1EE0336AADCF, cid=717, SUCCESS, logIndex=0, commits[0a7e6056-64a2-4302-b029-255d48a66d7f:c880, 82c1508e-6289-48e2-a567-a0e29c8b4903:c879, f63d6ef8-0266-4bf3-bcb1-484cdaae1fbb:c879]
2019-07-09 20:06:30,437 INFO  client.GrpcClientProtocolClient (GrpcClientProtocolClient.java:onNext(255)) - client-FB00420D972B->0a7e6056-64a2-4302-b029-255d48a66d7f: receive RaftClientReply:client-FB00420D972B->0a7e6056-64a2-4302-b029-255d48a66d7f@group-1EE0336AADCF, cid=718, SUCCESS, logIndex=882, commits[0a7e6056-64a2-4302-b029-255d48a66d7f:c883, 82c1508e-6289-48e2-a567-a0e29c8b4903:c881, f63d6ef8-0266-4bf3-bcb1-484cdaae1fbb:c881]
2019-07-09 20:06:30,438 INFO  client.GrpcClientProtocolClient (GrpcClientProtocolClient.java:onNext(255)) - client-FB00420D972B->0a7e6056-64a2-4302-b029-255d48a66d7f: receive RaftClientReply:client-FB00420D972B->0a7e6056-64a2-4302-b029-255d48a66d7f@group-1EE0336AADCF, cid=719, SUCCESS, logIndex=883, commits[0a7e6056-64a2-4302-b029-255d48a66d7f:c885, 82c1508e-6289-48e2-a567-a0e29c8b4903:c881, f63d6ef8-0266-4bf3-bcb1-484cdaae1fbb:c881]
2019-07-09 20:06:30,438 INFO  client.GrpcClientProtocolClient (GrpcClientProtocolClient.java:onNext(255)) - client-FB00420D972B->0a7e6056-64a2-4302-b029-255d48a66d7f: receive RaftClientReply:client-FB00420D972B->0a7e6056-64a2-4302-b029-255d48a66d7f@group-1EE0336AADCF, cid=720, SUCCESS, logIndex=884, commits[0a7e6056-64a2-4302-b029-255d48a66d7f:c885, 82c1508e-6289-48e2-a567-a0e29c8b4903:c881, f63d6ef8-0266-4bf3-bcb1-484cdaae1fbb:c881]
2019-07-09 20:06:30,438 INFO  client.GrpcClientProtocolClient (GrpcClientProtocolClient.java:onNext(255)) - client-FB00420D972B->0a7e6056-64a2-4302-b029-255d48a66d7f: receive RaftClientReply:client-FB00420D972B->0a7e6056-64a2-4302-b029-255d48a66d7f@group-1EE0336AADCF, cid=721, SUCCESS, logIndex=885, commits[0a7e6056-64a2-4302-b029-255d48a66d7f:c886, 82c1508e-6289-48e2-a567-a0e29c8b4903:c882, f63d6ef8-0266-4bf3-bcb1-484cdaae1fbb:c881]
2019-07-09 20:06:30,440 INFO  client.GrpcClientProtocolClient (GrpcClientProtocolClient.java:onNext(255)) - client-FB00420D972B->0a7e6056-64a2-4302-b029-255d48a66d7f: receive RaftClientReply:client-FB00420D972B->0a7e6056-64a2-4302-b029-255d48a66d7f@group-1EE0336AADCF, cid=722, SUCCESS, logIndex=0, commits[0a7e6056-64a2-4302-b029-255d48a66d7f:c888, 82c1508e-6289-48e2-a567-a0e29c8b4903:c883, f63d6ef8-0266-4bf3-bcb1-484cdaae1fbb:c885]
2019-07-09 20:06:30,462 INFO  client.GrpcClientProtocolClient (GrpcClientProtocolClient.java:onNext(255)) - client-FB00420D972B->0a7e6056-64a2-4302-b029-255d48a66d7f: receive RaftClientReply:client-FB00420D972B->0a7e6056-64a2-4302-b029-255d48a66d7f@group-1EE0336AADCF, cid=723, SUCCESS, logIndex=890, commits[0a7e6056-64a2-4302-b029-255d48a66d7f:c891, 82c1508e-6289-48e2-a567-a0e29c8b4903:c889, f63d6ef8-0266-4bf3-bcb1-484cdaae1fbb:c889]
2019-07-09 20:06:30,463 INFO  client.GrpcClientProtocolClient (GrpcClientProtocolClient.java:onNext(255)) - client-FB00420D972B->0a7e6056-64a2-4302-b029-255d48a66d7f: receive RaftClientReply:client-FB00420D972B->0a7e6056-64a2-4302-b029-255d48a66d7f@group-1EE0336AADCF, cid=724, SUCCESS, logIndex=891, commits[0a7e6056-64a2-4302-b029-255d48a66d7f:c891, 82c1508e-6289-48e2-a567-a0e29c8b4903:c889, f63d6ef8-0266-4bf3-bcb1-484cdaae1fbb:c889]
2019-07-09 20:06:30,499 INFO  client.GrpcClientProtocolClient (GrpcClientProtocolClient.java:onNext(255)) - client-FB00420D972B->0a7e6056-64a2-4302-b029-255d48a66d7f: receive RaftClientReply:client-FB00420D972B->0a7e6056-64a2-4302-b029-255d48a66d7f@group-1EE0336AADCF, cid=725, SUCCESS, logIndex=894, commits[0a7e6056-64a2-4302-b029-255d48a66d7f:c895, 82c1508e-6289-48e2-a567-a0e29c8b4903:c891, f63d6ef8-0266-4bf3-bcb1-484cdaae1fbb:c891]
2019-07-09 20:06:30,500 INFO  client.GrpcClientProtocolClient (GrpcClientProtocolClient.java:onNext(255)) - client-FB00420D972B->0a7e6056-64a2-4302-b029-255d48a66d7f: receive RaftClientReply:client-FB00420D972B->0a7e6056-64a2-4302-b029-255d48a66d7f@group-1EE0336AADCF, cid=726, SUCCESS, logIndex=895, commits[0a7e6056-64a2-4302-b029-255d48a66d7f:c895, 82c1508e-6289-48e2-a567-a0e29c8b4903:c891, f63d6ef8-0266-4bf3-bcb1-484cdaae1fbb:c891]
2019-07-09 20:06:30,511 INFO  client.GrpcClientProtocolClient (GrpcClientProtocolClient.java:onNext(255)) - client-FB00420D972B->0a7e6056-64a2-4302-b029-255d48a66d7f: receive RaftClientReply:client-FB00420D972B->0a7e6056-64a2-4302-b029-255d48a66d7f@group-1EE0336AADCF, cid=727, SUCCESS, logIndex=0, commits[0a7e6056-64a2-4302-b029-255d48a66d7f:c896, 82c1508e-6289-48e2-a567-a0e29c8b4903:c895, f63d6ef8-0266-4bf3-bcb1-484cdaae1fbb:c895]
2019-07-09 20:06:30,541 INFO  client.GrpcClientProtocolClient (GrpcClientProtocolClient.java:onNext(255)) - client-FB00420D972B->0a7e6056-64a2-4302-b029-255d48a66d7f: receive RaftClientReply:client-FB00420D972B->0a7e6056-64a2-4302-b029-255d48a66d7f@group-1EE0336AADCF, cid=728, SUCCESS, logIndex=898, commits[0a7e6056-64a2-4302-b029-255d48a66d7f:c901, 82c1508e-6289-48e2-a567-a0e29c8b4903:c897, f63d6ef8-0266-4bf3-bcb1-484cdaae1fbb:c897]
2019-07-09 20:06:30,542 INFO  client.GrpcClientProtocolClient (GrpcClientProtocolClient.java:onNext(255)) - client-FB00420D972B->0a7e6056-64a2-4302-b029-255d48a66d7f: receive RaftClientReply:client-FB00420D972B->0a7e6056-64a2-4302-b029-255d48a66d7f@group-1EE0336AADCF, cid=729, SUCCESS, logIndex=899, commits[0a7e6056-64a2-4302-b029-255d48a66d7f:c901, 82c1508e-6289-48e2-a567-a0e29c8b4903:c897, f63d6ef8-0266-4bf3-bcb1-484cdaae1fbb:c897]
2019-07-09 20:06:30,542 INFO  client.GrpcClientProtocolClient (GrpcClientProtocolClient.java:onNext(255)) - client-FB00420D972B->0a7e6056-64a2-4302-b029-255d48a66d7f: receive RaftClientReply:client-FB00420D972B->0a7e6056-64a2-4302-b029-255d48a66d7f@group-1EE0336AADCF, cid=730, SUCCESS, logIndex=900, commits[0a7e6056-64a2-4302-b029-255d48a66d7f:c901, 82c1508e-6289-48e2-a567-a0e29c8b4903:c897, f63d6ef8-0266-4bf3-bcb1-484cdaae1fbb:c897]
2019-07-09 20:06:30,543 INFO  client.GrpcClientProtocolClient (GrpcClientProtocolClient.java:onNext(255)) - client-FB00420D972B->0a7e6056-64a2-4302-b029-255d48a66d7f: receive RaftClientReply:client-FB00420D972B->0a7e6056-64a2-4302-b029-255d48a66d7f@group-1EE0336AADCF, cid=731, SUCCESS, logIndex=901, commits[0a7e6056-64a2-4302-b029-255d48a66d7f:c901, 82c1508e-6289-48e2-a567-a0e29c8b4903:c897, f63d6ef8-0266-4bf3-bcb1-484cdaae1fbb:c897]
2019-07-09 20:06:30,553 INFO  client.GrpcClientProtocolClient (GrpcClientProtocolClient.java:onNext(255)) - client-FB00420D972B->0a7e6056-64a2-4302-b029-255d48a66d7f: receive RaftClientReply:client-FB00420D972B->0a7e6056-64a2-4302-b029-255d48a66d7f@group-1EE0336AADCF, cid=732, SUCCESS, logIndex=0, commits[0a7e6056-64a2-4302-b029-255d48a66d7f:c902, 82c1508e-6289-48e2-a567-a0e29c8b4903:c899, f63d6ef8-0266-4bf3-bcb1-484cdaae1fbb:c899]
2019-07-09 20:06:30,575 INFO  client.GrpcClientProtocolClient (GrpcClientProtocolClient.java:onNext(255)) - client-FB00420D972B->0a7e6056-64a2-4302-b029-255d48a66d7f: receive RaftClientReply:client-FB00420D972B->0a7e6056-64a2-4302-b029-255d48a66d7f@group-1EE0336AADCF, cid=733, SUCCESS, logIndex=906, commits[0a7e6056-64a2-4302-b029-255d48a66d7f:c907, 82c1508e-6289-48e2-a567-a0e29c8b4903:c905, f63d6ef8-0266-4bf3-bcb1-484cdaae1fbb:c905]
2019-07-09 20:06:30,575 INFO  client.GrpcClientProtocolClient (GrpcClientProtocolClient.java:onNext(255)) - client-FB00420D972B->0a7e6056-64a2-4302-b029-255d48a66d7f: receive RaftClientReply:client-FB00420D972B->0a7e6056-64a2-4302-b029-255d48a66d7f@group-1EE0336AADCF, cid=734, SUCCESS, logIndex=907, commits[0a7e6056-64a2-4302-b029-255d48a66d7f:c907, 82c1508e-6289-48e2-a567-a0e29c8b4903:c905, f63d6ef8-0266-4bf3-bcb1-484cdaae1fbb:c905]
2019-07-09 20:06:30,587 INFO  client.GrpcClientProtocolClient (GrpcClientProtocolClient.java:onNext(255)) - client-FB00420D972B->0a7e6056-64a2-4302-b029-255d48a66d7f: receive RaftClientReply:client-FB00420D972B->0a7e6056-64a2-4302-b029-255d48a66d7f@group-1EE0336AADCF, cid=735, SUCCESS, logIndex=910, commits[0a7e6056-64a2-4302-b029-255d48a66d7f:c911, 82c1508e-6289-48e2-a567-a0e29c8b4903:c906, f63d6ef8-0266-4bf3-bcb1-484cdaae1fbb:c907]
2019-07-09 20:06:30,588 INFO  client.GrpcClientProtocolClient (GrpcClientProtocolClient.java:onNext(255)) - client-FB00420D972B->0a7e6056-64a2-4302-b029-255d48a66d7f: receive RaftClientReply:client-FB00420D972B->0a7e6056-64a2-4302-b029-255d48a66d7f@group-1EE0336AADCF, cid=736, SUCCESS, logIndex=911, commits[0a7e6056-64a2-4302-b029-255d48a66d7f:c911, 82c1508e-6289-48e2-a567-a0e29c8b4903:c906, f63d6ef8-0266-4bf3-bcb1-484cdaae1fbb:c907]
2019-07-09 20:06:30,599 INFO  client.GrpcClientProtocolClient (GrpcClientProtocolClient.java:onNext(255)) - client-FB00420D972B->0a7e6056-64a2-4302-b029-255d48a66d7f: receive RaftClientReply:client-FB00420D972B->0a7e6056-64a2-4302-b029-255d48a66d7f@group-1EE0336AADCF, cid=737, SUCCESS, logIndex=0, commits[0a7e6056-64a2-4302-b029-255d48a66d7f:c911, 82c1508e-6289-48e2-a567-a0e29c8b4903:c907, f63d6ef8-0266-4bf3-bcb1-484cdaae1fbb:c907]
2019-07-09 20:06:30,600 INFO  client.GrpcClientProtocolClient (GrpcClientProtocolClient.java:onNext(255)) - client-FB00420D972B->0a7e6056-64a2-4302-b029-255d48a66d7f: receive RaftClientReply:client-FB00420D972B->0a7e6056-64a2-4302-b029-255d48a66d7f@group-1EE0336AADCF, cid=738, SUCCESS, logIndex=0, commits[0a7e6056-64a2-4302-b029-255d48a66d7f:c913, 82c1508e-6289-48e2-a567-a0e29c8b4903:c911, f63d6ef8-0266-4bf3-bcb1-484cdaae1fbb:c911]
2019-07-09 20:06:30,622 INFO  client.GrpcClientProtocolClient (GrpcClientProtocolClient.java:onNext(255)) - client-FB00420D972B->0a7e6056-64a2-4302-b029-255d48a66d7f: receive RaftClientReply:client-FB00420D972B->0a7e6056-64a2-4302-b029-255d48a66d7f@group-1EE0336AADCF, cid=739, SUCCESS, logIndex=914, commits[0a7e6056-64a2-4302-b029-255d48a66d7f:c915, 82c1508e-6289-48e2-a567-a0e29c8b4903:c913, f63d6ef8-0266-4bf3-bcb1-484cdaae1fbb:c913]
2019-07-09 20:06:30,622 INFO  client.GrpcClientProtocolClient (GrpcClientProtocolClient.java:onNext(255)) - client-FB00420D972B->0a7e6056-64a2-4302-b029-255d48a66d7f: receive RaftClientReply:client-FB00420D972B->0a7e6056-64a2-4302-b029-255d48a66d7f@group-1EE0336AADCF, cid=740, SUCCESS, logIndex=915, commits[0a7e6056-64a2-4302-b029-255d48a66d7f:c917, 82c1508e-6289-48e2-a567-a0e29c8b4903:c913, f63d6ef8-0266-4bf3-bcb1-484cdaae1fbb:c913]
2019-07-09 20:06:30,623 INFO  client.GrpcClientProtocolClient (GrpcClientProtocolClient.java:onNext(255)) - client-FB00420D972B->0a7e6056-64a2-4302-b029-255d48a66d7f: receive RaftClientReply:client-FB00420D972B->0a7e6056-64a2-4302-b029-255d48a66d7f@group-1EE0336AADCF, cid=741, SUCCESS, logIndex=916, commits[0a7e6056-64a2-4302-b029-255d48a66d7f:c917, 82c1508e-6289-48e2-a567-a0e29c8b4903:c913, f63d6ef8-0266-4bf3-bcb1-484cdaae1fbb:c913]
2019-07-09 20:06:30,623 INFO  client.GrpcClientProtocolClient (GrpcClientProtocolClient.java:onNext(255)) - client-FB00420D972B->0a7e6056-64a2-4302-b029-255d48a66d7f: receive RaftClientReply:client-FB00420D972B->0a7e6056-64a2-4302-b029-255d48a66d7f@group-1EE0336AADCF, cid=742, SUCCESS, logIndex=917, commits[0a7e6056-64a2-4302-b029-255d48a66d7f:c917, 82c1508e-6289-48e2-a567-a0e29c8b4903:c913, f63d6ef8-0266-4bf3-bcb1-484cdaae1fbb:c913]
2019-07-09 20:06:30,634 INFO  client.GrpcClientProtocolClient (GrpcClientProtocolClient.java:onNext(255)) - client-FB00420D972B->0a7e6056-64a2-4302-b029-255d48a66d7f: receive RaftClientReply:client-FB00420D972B->0a7e6056-64a2-4302-b029-255d48a66d7f@group-1EE0336AADCF, cid=743, SUCCESS, logIndex=0, commits[0a7e6056-64a2-4302-b029-255d48a66d7f:c918, 82c1508e-6289-48e2-a567-a0e29c8b4903:c915, f63d6ef8-0266-4bf3-bcb1-484cdaae1fbb:c915]
2019-07-09 20:06:30,655 INFO  client.GrpcClientProtocolClient (GrpcClientProtocolClient.java:onNext(255)) - client-FB00420D972B->0a7e6056-64a2-4302-b029-255d48a66d7f: receive RaftClientReply:client-FB00420D972B->0a7e6056-64a2-4302-b029-255d48a66d7f@group-1EE0336AADCF, cid=744, SUCCESS, logIndex=921, commits[0a7e6056-64a2-4302-b029-255d48a66d7f:c922, 82c1508e-6289-48e2-a567-a0e29c8b4903:c920, f63d6ef8-0266-4bf3-bcb1-484cdaae1fbb:c920]
2019-07-09 20:06:30,656 INFO  client.GrpcClientProtocolClient (GrpcClientProtocolClient.java:onNext(255)) - client-FB00420D972B->0a7e6056-64a2-4302-b029-255d48a66d7f: receive RaftClientReply:client-FB00420D972B->0a7e6056-64a2-4302-b029-255d48a66d7f@group-1EE0336AADCF, cid=745, SUCCESS, logIndex=922, commits[0a7e6056-64a2-4302-b029-255d48a66d7f:c922, 82c1508e-6289-48e2-a567-a0e29c8b4903:c920, f63d6ef8-0266-4bf3-bcb1-484cdaae1fbb:c920]
2019-07-09 20:06:30,679 INFO  client.GrpcClientProtocolClient (GrpcClientProtocolClient.java:onNext(255)) - client-FB00420D972B->0a7e6056-64a2-4302-b029-255d48a66d7f: receive RaftClientReply:client-FB00420D972B->0a7e6056-64a2-4302-b029-255d48a66d7f@group-1EE0336AADCF, cid=746, SUCCESS, logIndex=925, commits[0a7e6056-64a2-4302-b029-255d48a66d7f:c926, 82c1508e-6289-48e2-a567-a0e29c8b4903:c922, f63d6ef8-0266-4bf3-bcb1-484cdaae1fbb:c922]
2019-07-09 20:06:30,680 INFO  client.GrpcClientProtocolClient (GrpcClientProtocolClient.java:onNext(255)) - client-FB00420D972B->0a7e6056-64a2-4302-b029-255d48a66d7f: receive RaftClientReply:client-FB00420D972B->0a7e6056-64a2-4302-b029-255d48a66d7f@group-1EE0336AADCF, cid=747, SUCCESS, logIndex=926, commits[0a7e6056-64a2-4302-b029-255d48a66d7f:c926, 82c1508e-6289-48e2-a567-a0e29c8b4903:c922, f63d6ef8-0266-4bf3-bcb1-484cdaae1fbb:c922]
2019-07-09 20:06:30,681 INFO  client.GrpcClientProtocolClient (GrpcClientProtocolClient.java:onNext(255)) - client-FB00420D972B->0a7e6056-64a2-4302-b029-255d48a66d7f: receive RaftClientReply:client-FB00420D972B->0a7e6056-64a2-4302-b029-255d48a66d7f@group-1EE0336AADCF, cid=748, SUCCESS, logIndex=0, commits[0a7e6056-64a2-4302-b029-255d48a66d7f:c927, 82c1508e-6289-48e2-a567-a0e29c8b4903:c926, f63d6ef8-0266-4bf3-bcb1-484cdaae1fbb:c926]
2019-07-09 20:06:30,701 INFO  client.GrpcClientProtocolClient (GrpcClientProtocolClient.java:onNext(255)) - client-FB00420D972B->0a7e6056-64a2-4302-b029-255d48a66d7f: receive RaftClientReply:client-FB00420D972B->0a7e6056-64a2-4302-b029-255d48a66d7f@group-1EE0336AADCF, cid=749, SUCCESS, logIndex=929, commits[0a7e6056-64a2-4302-b029-255d48a66d7f:c932, 82c1508e-6289-48e2-a567-a0e29c8b4903:c928, f63d6ef8-0266-4bf3-bcb1-484cdaae1fbb:c928]
2019-07-09 20:06:30,702 INFO  client.GrpcClientProtocolClient (GrpcClientProtocolClient.java:onNext(255)) - client-FB00420D972B->0a7e6056-64a2-4302-b029-255d48a66d7f: receive RaftClientReply:client-FB00420D972B->0a7e6056-64a2-4302-b029-255d48a66d7f@group-1EE0336AADCF, cid=750, SUCCESS, logIndex=930, commits[0a7e6056-64a2-4302-b029-255d48a66d7f:c932, 82c1508e-6289-48e2-a567-a0e29c8b4903:c928, f63d6ef8-0266-4bf3-bcb1-484cdaae1fbb:c928]
2019-07-09 20:06:30,702 INFO  client.GrpcClientProtocolClient (GrpcClientProtocolClient.java:onNext(255)) - client-FB00420D972B->0a7e6056-64a2-4302-b029-255d48a66d7f: receive RaftClientReply:client-FB00420D972B->0a7e6056-64a2-4302-b029-255d48a66d7f@group-1EE0336AADCF, cid=751, SUCCESS, logIndex=931, commits[0a7e6056-64a2-4302-b029-255d48a66d7f:c932, 82c1508e-6289-48e2-a567-a0e29c8b4903:c928, f63d6ef8-0266-4bf3-bcb1-484cdaae1fbb:c928]
2019-07-09 20:06:30,702 INFO  client.GrpcClientProtocolClient (GrpcClientProtocolClient.java:onNext(255)) - client-FB00420D972B->0a7e6056-64a2-4302-b029-255d48a66d7f: receive RaftClientReply:client-FB00420D972B->0a7e6056-64a2-4302-b029-255d48a66d7f@group-1EE0336AADCF, cid=752, SUCCESS, logIndex=932, commits[0a7e6056-64a2-4302-b029-255d48a66d7f:c932, 82c1508e-6289-48e2-a567-a0e29c8b4903:c928, f63d6ef8-0266-4bf3-bcb1-484cdaae1fbb:c928]
2019-07-09 20:06:30,713 INFO  client.GrpcClientProtocolClient (GrpcClientProtocolClient.java:onNext(255)) - client-FB00420D972B->0a7e6056-64a2-4302-b029-255d48a66d7f: receive RaftClientReply:client-FB00420D972B->0a7e6056-64a2-4302-b029-255d48a66d7f@group-1EE0336AADCF, cid=753, SUCCESS, logIndex=0, commits[0a7e6056-64a2-4302-b029-255d48a66d7f:c933, 82c1508e-6289-48e2-a567-a0e29c8b4903:c930, f63d6ef8-0266-4bf3-bcb1-484cdaae1fbb:c930]
2019-07-09 20:06:30,741 INFO  client.GrpcClientProtocolClient (GrpcClientProtocolClient.java:onNext(255)) - client-FB00420D972B->0a7e6056-64a2-4302-b029-255d48a66d7f: receive RaftClientReply:client-FB00420D972B->0a7e6056-64a2-4302-b029-255d48a66d7f@group-1EE0336AADCF, cid=754, SUCCESS, logIndex=937, commits[0a7e6056-64a2-4302-b029-255d48a66d7f:c938, 82c1508e-6289-48e2-a567-a0e29c8b4903:c936, f63d6ef8-0266-4bf3-bcb1-484cdaae1fbb:c936]
2019-07-09 20:06:30,742 INFO  client.GrpcClientProtocolClient (GrpcClientProtocolClient.java:onNext(255)) - client-FB00420D972B->0a7e6056-64a2-4302-b029-255d48a66d7f: receive RaftClientReply:client-FB00420D972B->0a7e6056-64a2-4302-b029-255d48a66d7f@group-1EE0336AADCF, cid=755, SUCCESS, logIndex=938, commits[0a7e6056-64a2-4302-b029-255d48a66d7f:c938, 82c1508e-6289-48e2-a567-a0e29c8b4903:c936, f63d6ef8-0266-4bf3-bcb1-484cdaae1fbb:c936]
2019-07-09 20:06:30,762 INFO  client.GrpcClientProtocolClient (GrpcClientProtocolClient.java:onNext(255)) - client-FB00420D972B->0a7e6056-64a2-4302-b029-255d48a66d7f: receive RaftClientReply:client-FB00420D972B->0a7e6056-64a2-4302-b029-255d48a66d7f@group-1EE0336AADCF, cid=756, SUCCESS, logIndex=941, commits[0a7e6056-64a2-4302-b029-255d48a66d7f:c942, 82c1508e-6289-48e2-a567-a0e29c8b4903:c940, f63d6ef8-0266-4bf3-bcb1-484cdaae1fbb:c940]
2019-07-09 20:06:30,763 INFO  client.GrpcClientProtocolClient (GrpcClientProtocolClient.java:onNext(255)) - client-FB00420D972B->0a7e6056-64a2-4302-b029-255d48a66d7f: receive RaftClientReply:client-FB00420D972B->0a7e6056-64a2-4302-b029-255d48a66d7f@group-1EE0336AADCF, cid=757, SUCCESS, logIndex=942, commits[0a7e6056-64a2-4302-b029-255d48a66d7f:c942, 82c1508e-6289-48e2-a567-a0e29c8b4903:c940, f63d6ef8-0266-4bf3-bcb1-484cdaae1fbb:c940]
 0.00% |█                                                                                                    |  0/1 Time: 0:00:022019-07-09 20:06:30,775 INFO  client.GrpcClientProtocolClient (GrpcClientProtocolClient.java:onNext(255)) - client-FB00420D972B->0a7e6056-64a2-4302-b029-255d48a66d7f: receive RaftClientReply:client-FB00420D972B->0a7e6056-64a2-4302-b029-255d48a66d7f@group-1EE0336AADCF, cid=758, SUCCESS, logIndex=0, commits[0a7e6056-64a2-4302-b029-255d48a66d7f:c944, 82c1508e-6289-48e2-a567-a0e29c8b4903:c942, f63d6ef8-0266-4bf3-bcb1-484cdaae1fbb:c942]
2019-07-09 20:06:30,795 INFO  client.GrpcClientProtocolClient (GrpcClientProtocolClient.java:onNext(255)) - client-FB00420D972B->0a7e6056-64a2-4302-b029-255d48a66d7f: receive RaftClientReply:client-FB00420D972B->0a7e6056-64a2-4302-b029-255d48a66d7f@group-1EE0336AADCF, cid=759, SUCCESS, logIndex=945, commits[0a7e6056-64a2-4302-b029-255d48a66d7f:c946, 82c1508e-6289-48e2-a567-a0e29c8b4903:c944, f63d6ef8-0266-4bf3-bcb1-484cdaae1fbb:c944]
2019-07-09 20:06:30,796 INFO  client.GrpcClientProtocolClient (GrpcClientProtocolClient.java:onNext(255)) - client-FB00420D972B->0a7e6056-64a2-4302-b029-255d48a66d7f: receive RaftClientReply:client-FB00420D972B->0a7e6056-64a2-4302-b029-255d48a66d7f@group-1EE0336AADCF, cid=760, SUCCESS, logIndex=946, commits[0a7e6056-64a2-4302-b029-255d48a66d7f:c947, 82c1508e-6289-48e2-a567-a0e29c8b4903:c944, f63d6ef8-0266-4bf3-bcb1-484cdaae1fbb:c944]
2019-07-09 20:06:30,796 INFO  client.GrpcClientProtocolClient (GrpcClientProtocolClient.java:onNext(255)) - client-FB00420D972B->0a7e6056-64a2-4302-b029-255d48a66d7f: receive RaftClientReply:client-FB00420D972B->0a7e6056-64a2-4302-b029-255d48a66d7f@group-1EE0336AADCF, cid=761, SUCCESS, logIndex=947, commits[0a7e6056-64a2-4302-b029-255d48a66d7f:c948, 82c1508e-6289-48e2-a567-a0e29c8b4903:c944, f63d6ef8-0266-4bf3-bcb1-484cdaae1fbb:c944]
2019-07-09 20:06:30,796 INFO  client.GrpcClientProtocolClient (GrpcClientProtocolClient.java:onNext(255)) - client-FB00420D972B->0a7e6056-64a2-4302-b029-255d48a66d7f: receive RaftClientReply:client-FB00420D972B->0a7e6056-64a2-4302-b029-255d48a66d7f@group-1EE0336AADCF, cid=762, SUCCESS, logIndex=948, commits[0a7e6056-64a2-4302-b029-255d48a66d7f:c948, 82c1508e-6289-48e2-a567-a0e29c8b4903:c944, f63d6ef8-0266-4bf3-bcb1-484cdaae1fbb:c944]
2019-07-09 20:06:30,798 INFO  client.GrpcClientProtocolClient (GrpcClientProtocolClient.java:onNext(255)) - client-FB00420D972B->0a7e6056-64a2-4302-b029-255d48a66d7f: receive RaftClientReply:client-FB00420D972B->0a7e6056-64a2-4302-b029-255d48a66d7f@group-1EE0336AADCF, cid=763, SUCCESS, logIndex=0, commits[0a7e6056-64a2-4302-b029-255d48a66d7f:c950, 82c1508e-6289-48e2-a567-a0e29c8b4903:c946, f63d6ef8-0266-4bf3-bcb1-484cdaae1fbb:c946]
2019-07-09 20:06:30,818 INFO  client.GrpcClientProtocolClient (GrpcClientProtocolClient.java:onNext(255)) - client-FB00420D972B->0a7e6056-64a2-4302-b029-255d48a66d7f: receive RaftClientReply:client-FB00420D972B->0a7e6056-64a2-4302-b029-255d48a66d7f@group-1EE0336AADCF, cid=764, SUCCESS, logIndex=953, commits[0a7e6056-64a2-4302-b029-255d48a66d7f:c954, 82c1508e-6289-48e2-a567-a0e29c8b4903:c952, f63d6ef8-0266-4bf3-bcb1-484cdaae1fbb:c952]
2019-07-09 20:06:30,819 INFO  client.GrpcClientProtocolClient (GrpcClientProtocolClient.java:onNext(255)) - client-FB00420D972B->0a7e6056-64a2-4302-b029-255d48a66d7f: receive RaftClientReply:client-FB00420D972B->0a7e6056-64a2-4302-b029-255d48a66d7f@group-1EE0336AADCF, cid=765, SUCCESS, logIndex=954, commits[0a7e6056-64a2-4302-b029-255d48a66d7f:c954, 82c1508e-6289-48e2-a567-a0e29c8b4903:c952, f63d6ef8-0266-4bf3-bcb1-484cdaae1fbb:c952]
2019-07-09 20:06:30,832 INFO  client.GrpcClientProtocolClient (GrpcClientProtocolClient.java:onNext(255)) - client-FB00420D972B->0a7e6056-64a2-4302-b029-255d48a66d7f: receive RaftClientReply:client-FB00420D972B->0a7e6056-64a2-4302-b029-255d48a66d7f@group-1EE0336AADCF, cid=766, SUCCESS, logIndex=957, commits[0a7e6056-64a2-4302-b029-255d48a66d7f:c958, 82c1508e-6289-48e2-a567-a0e29c8b4903:c954, f63d6ef8-0266-4bf3-bcb1-484cdaae1fbb:c954]
2019-07-09 20:06:30,833 INFO  client.GrpcClientProtocolClient (GrpcClientProtocolClient.java:onNext(255)) - client-FB00420D972B->0a7e6056-64a2-4302-b029-255d48a66d7f: receive RaftClientReply:client-FB00420D972B->0a7e6056-64a2-4302-b029-255d48a66d7f@group-1EE0336AADCF, cid=767, SUCCESS, logIndex=958, commits[0a7e6056-64a2-4302-b029-255d48a66d7f:c958, 82c1508e-6289-48e2-a567-a0e29c8b4903:c954, f63d6ef8-0266-4bf3-bcb1-484cdaae1fbb:c954]
2019-07-09 20:06:30,846 INFO  client.GrpcClientProtocolClient (GrpcClientProtocolClient.java:onNext(255)) - client-FB00420D972B->0a7e6056-64a2-4302-b029-255d48a66d7f: receive RaftClientReply:client-FB00420D972B->0a7e6056-64a2-4302-b029-255d48a66d7f@group-1EE0336AADCF, cid=768, SUCCESS, logIndex=0, commits[0a7e6056-64a2-4302-b029-255d48a66d7f:c960, 82c1508e-6289-48e2-a567-a0e29c8b4903:c958, f63d6ef8-0266-4bf3-bcb1-484cdaae1fbb:c958]
2019-07-09 20:06:30,866 INFO  client.GrpcClientProtocolClient (GrpcClientProtocolClient.java:onNext(255)) - client-FB00420D972B->0a7e6056-64a2-4302-b029-255d48a66d7f: receive RaftClientReply:client-FB00420D972B->0a7e6056-64a2-4302-b029-255d48a66d7f@group-1EE0336AADCF, cid=769, SUCCESS, logIndex=961, commits[0a7e6056-64a2-4302-b029-255d48a66d7f:c962, 82c1508e-6289-48e2-a567-a0e29c8b4903:c960, f63d6ef8-0266-4bf3-bcb1-484cdaae1fbb:c960]
2019-07-09 20:06:30,867 INFO  client.GrpcClientProtocolClient (GrpcClientProtocolClient.java:onNext(255)) - client-FB00420D972B->0a7e6056-64a2-4302-b029-255d48a66d7f: receive RaftClientReply:client-FB00420D972B->0a7e6056-64a2-4302-b029-255d48a66d7f@group-1EE0336AADCF, cid=770, SUCCESS, logIndex=962, commits[0a7e6056-64a2-4302-b029-255d48a66d7f:c963, 82c1508e-6289-48e2-a567-a0e29c8b4903:c960, f63d6ef8-0266-4bf3-bcb1-484cdaae1fbb:c960]
2019-07-09 20:06:30,867 INFO  client.GrpcClientProtocolClient (GrpcClientProtocolClient.java:onNext(255)) - client-FB00420D972B->0a7e6056-64a2-4302-b029-255d48a66d7f: receive RaftClientReply:client-FB00420D972B->0a7e6056-64a2-4302-b029-255d48a66d7f@group-1EE0336AADCF, cid=771, SUCCESS, logIndex=963, commits[0a7e6056-64a2-4302-b029-255d48a66d7f:c964, 82c1508e-6289-48e2-a567-a0e29c8b4903:c960, f63d6ef8-0266-4bf3-bcb1-484cdaae1fbb:c960]
2019-07-09 20:06:30,867 INFO  client.GrpcClientProtocolClient (GrpcClientProtocolClient.java:onNext(255)) - client-FB00420D972B->0a7e6056-64a2-4302-b029-255d48a66d7f: receive RaftClientReply:client-FB00420D972B->0a7e6056-64a2-4302-b029-255d48a66d7f@group-1EE0336AADCF, cid=772, SUCCESS, logIndex=964, commits[0a7e6056-64a2-4302-b029-255d48a66d7f:c964, 82c1508e-6289-48e2-a567-a0e29c8b4903:c960, f63d6ef8-0266-4bf3-bcb1-484cdaae1fbb:c960]
2019-07-09 20:06:30,869 INFO  client.GrpcClientProtocolClient (GrpcClientProtocolClient.java:onNext(255)) - client-FB00420D972B->0a7e6056-64a2-4302-b029-255d48a66d7f: receive RaftClientReply:client-FB00420D972B->0a7e6056-64a2-4302-b029-255d48a66d7f@group-1EE0336AADCF, cid=773, SUCCESS, logIndex=0, commits[0a7e6056-64a2-4302-b029-255d48a66d7f:c968, 82c1508e-6289-48e2-a567-a0e29c8b4903:c963, f63d6ef8-0266-4bf3-bcb1-484cdaae1fbb:c964]
2019-07-09 20:06:31,004 INFO  client.GrpcClientProtocolClient (GrpcClientProtocolClient.java:onNext(255)) - client-FB00420D972B->0a7e6056-64a2-4302-b029-255d48a66d7f: receive RaftClientReply:client-FB00420D972B->0a7e6056-64a2-4302-b029-255d48a66d7f@group-1EE0336AADCF, cid=774, SUCCESS, logIndex=969, commits[0a7e6056-64a2-4302-b029-255d48a66d7f:c970, 82c1508e-6289-48e2-a567-a0e29c8b4903:c968, f63d6ef8-0266-4bf3-bcb1-484cdaae1fbb:c968]
2019-07-09 20:06:31,004 INFO  client.GrpcClientProtocolClient (GrpcClientProtocolClient.java:onNext(255)) - client-FB00420D972B->0a7e6056-64a2-4302-b029-255d48a66d7f: receive RaftClientReply:client-FB00420D972B->0a7e6056-64a2-4302-b029-255d48a66d7f@group-1EE0336AADCF, cid=775, SUCCESS, logIndex=970, commits[0a7e6056-64a2-4302-b029-255d48a66d7f:c970, 82c1508e-6289-48e2-a567-a0e29c8b4903:c968, f63d6ef8-0266-4bf3-bcb1-484cdaae1fbb:c968]
2019-07-09 20:06:31,030 INFO  client.GrpcClientProtocolClient (GrpcClientProtocolClient.java:onNext(255)) - client-FB00420D972B->0a7e6056-64a2-4302-b029-255d48a66d7f: receive RaftClientReply:client-FB00420D972B->0a7e6056-64a2-4302-b029-255d48a66d7f@group-1EE0336AADCF, cid=776, SUCCESS, logIndex=973, commits[0a7e6056-64a2-4302-b029-255d48a66d7f:c974, 82c1508e-6289-48e2-a567-a0e29c8b4903:c970, f63d6ef8-0266-4bf3-bcb1-484cdaae1fbb:c970]
2019-07-09 20:06:31,031 INFO  client.GrpcClientProtocolClient (GrpcClientProtocolClient.java:onNext(255)) - client-FB00420D972B->0a7e6056-64a2-4302-b029-255d48a66d7f: receive RaftClientReply:client-FB00420D972B->0a7e6056-64a2-4302-b029-255d48a66d7f@group-1EE0336AADCF, cid=777, SUCCESS, logIndex=974, commits[0a7e6056-64a2-4302-b029-255d48a66d7f:c974, 82c1508e-6289-48e2-a567-a0e29c8b4903:c970, f63d6ef8-0266-4bf3-bcb1-484cdaae1fbb:c970]
2019-07-09 20:06:31,033 INFO  client.GrpcClientProtocolClient (GrpcClientProtocolClient.java:onNext(255)) - client-FB00420D972B->0a7e6056-64a2-4302-b029-255d48a66d7f: receive RaftClientReply:client-FB00420D972B->0a7e6056-64a2-4302-b029-255d48a66d7f@group-1EE0336AADCF, cid=778, SUCCESS, logIndex=0, commits[0a7e6056-64a2-4302-b029-255d48a66d7f:c976, 82c1508e-6289-48e2-a567-a0e29c8b4903:c974, f63d6ef8-0266-4bf3-bcb1-484cdaae1fbb:c974]
2019-07-09 20:06:31,058 INFO  client.GrpcClientProtocolClient (GrpcClientProtocolClient.java:onNext(255)) - client-FB00420D972B->0a7e6056-64a2-4302-b029-255d48a66d7f: receive RaftClientReply:client-FB00420D972B->0a7e6056-64a2-4302-b029-255d48a66d7f@group-1EE0336AADCF, cid=779, SUCCESS, logIndex=977, commits[0a7e6056-64a2-4302-b029-255d48a66d7f:c978, 82c1508e-6289-48e2-a567-a0e29c8b4903:c976, f63d6ef8-0266-4bf3-bcb1-484cdaae1fbb:c976]
2019-07-09 20:06:31,058 INFO  client.GrpcClientProtocolClient (GrpcClientProtocolClient.java:onNext(255)) - client-FB00420D972B->0a7e6056-64a2-4302-b029-255d48a66d7f: receive RaftClientReply:client-FB00420D972B->0a7e6056-64a2-4302-b029-255d48a66d7f@group-1EE0336AADCF, cid=780, SUCCESS, logIndex=978, commits[0a7e6056-64a2-4302-b029-255d48a66d7f:c978, 82c1508e-6289-48e2-a567-a0e29c8b4903:c976, f63d6ef8-0266-4bf3-bcb1-484cdaae1fbb:c976]
2019-07-09 20:06:31,069 INFO  client.GrpcClientProtocolClient (GrpcClientProtocolClient.java:onNext(255)) - client-FB00420D972B->0a7e6056-64a2-4302-b029-255d48a66d7f: receive RaftClientReply:client-FB00420D972B->0a7e6056-64a2-4302-b029-255d48a66d7f@group-1EE0336AADCF, cid=781, SUCCESS, logIndex=979, commits[0a7e6056-64a2-4302-b029-255d48a66d7f:c980, 82c1508e-6289-48e2-a567-a0e29c8b4903:c976, f63d6ef8-0266-4bf3-bcb1-484cdaae1fbb:c976]
2019-07-09 20:06:31,069 INFO  client.GrpcClientProtocolClient (GrpcClientProtocolClient.java:onNext(255)) - client-FB00420D972B->0a7e6056-64a2-4302-b029-255d48a66d7f: receive RaftClientReply:client-FB00420D972B->0a7e6056-64a2-4302-b029-255d48a66d7f@group-1EE0336AADCF, cid=782, SUCCESS, logIndex=980, commits[0a7e6056-64a2-4302-b029-255d48a66d7f:c980, 82c1508e-6289-48e2-a567-a0e29c8b4903:c976, f63d6ef8-0266-4bf3-bcb1-484cdaae1fbb:c976]
2019-07-09 20:06:31,071 INFO  client.GrpcClientProtocolClient (GrpcClientProtocolClient.java:onNext(255)) - client-FB00420D972B->0a7e6056-64a2-4302-b029-255d48a66d7f: receive RaftClientReply:client-FB00420D972B->0a7e6056-64a2-4302-b029-255d48a66d7f@group-1EE0336AADCF, cid=783, SUCCESS, logIndex=0, commits[0a7e6056-64a2-4302-b029-255d48a66d7f:c984, 82c1508e-6289-48e2-a567-a0e29c8b4903:c980, f63d6ef8-0266-4bf3-bcb1-484cdaae1fbb:c978]
2019-07-09 20:06:31,096 INFO  client.GrpcClientProtocolClient (GrpcClientProtocolClient.java:onNext(255)) - client-FB00420D972B->0a7e6056-64a2-4302-b029-255d48a66d7f: receive RaftClientReply:client-FB00420D972B->0a7e6056-64a2-4302-b029-255d48a66d7f@group-1EE0336AADCF, cid=784, SUCCESS, logIndex=985, commits[0a7e6056-64a2-4302-b029-255d48a66d7f:c986, 82c1508e-6289-48e2-a567-a0e29c8b4903:c984, f63d6ef8-0266-4bf3-bcb1-484cdaae1fbb:c984]
2019-07-09 20:06:31,096 INFO  client.GrpcClientProtocolClient (GrpcClientProtocolClient.java:onNext(255)) - client-FB00420D972B->0a7e6056-64a2-4302-b029-255d48a66d7f: receive RaftClientReply:client-FB00420D972B->0a7e6056-64a2-4302-b029-255d48a66d7f@group-1EE0336AADCF, cid=785, SUCCESS, logIndex=986, commits[0a7e6056-64a2-4302-b029-255d48a66d7f:c986, 82c1508e-6289-48e2-a567-a0e29c8b4903:c984, f63d6ef8-0266-4bf3-bcb1-484cdaae1fbb:c984]
2019-07-09 20:06:31,120 INFO  client.GrpcClientProtocolClient (GrpcClientProtocolClient.java:onNext(255)) - client-FB00420D972B->0a7e6056-64a2-4302-b029-255d48a66d7f: receive RaftClientReply:client-FB00420D972B->0a7e6056-64a2-4302-b029-255d48a66d7f@group-1EE0336AADCF, cid=786, SUCCESS, logIndex=989, commits[0a7e6056-64a2-4302-b029-255d48a66d7f:c990, 82c1508e-6289-48e2-a567-a0e29c8b4903:c986, f63d6ef8-0266-4bf3-bcb1-484cdaae1fbb:c986]
2019-07-09 20:06:31,120 INFO  client.GrpcClientProtocolClient (GrpcClientProtocolClient.java:onNext(255)) - client-FB00420D972B->0a7e6056-64a2-4302-b029-255d48a66d7f: receive RaftClientReply:client-FB00420D972B->0a7e6056-64a2-4302-b029-255d48a66d7f@group-1EE0336AADCF, cid=787, SUCCESS, logIndex=990, commits[0a7e6056-64a2-4302-b029-255d48a66d7f:c990, 82c1508e-6289-48e2-a567-a0e29c8b4903:c986, f63d6ef8-0266-4bf3-bcb1-484cdaae1fbb:c986]
2019-07-09 20:06:31,122 INFO  client.GrpcClientProtocolClient (GrpcClientProtocolClient.java:onNext(255)) - client-FB00420D972B->0a7e6056-64a2-4302-b029-255d48a66d7f: receive RaftClientReply:client-FB00420D972B->0a7e6056-64a2-4302-b029-255d48a66d7f@group-1EE0336AADCF, cid=788, SUCCESS, logIndex=0, commits[0a7e6056-64a2-4302-b029-255d48a66d7f:c992, 82c1508e-6289-48e2-a567-a0e29c8b4903:c990, f63d6ef8-0266-4bf3-bcb1-484cdaae1fbb:c990]
2019-07-09 20:06:31,144 INFO  client.GrpcClientProtocolClient (GrpcClientProtocolClient.java:onNext(255)) - client-FB00420D972B->0a7e6056-64a2-4302-b029-255d48a66d7f: receive RaftClientReply:client-FB00420D972B->0a7e6056-64a2-4302-b029-255d48a66d7f@group-1EE0336AADCF, cid=789, SUCCESS, logIndex=993, commits[0a7e6056-64a2-4302-b029-255d48a66d7f:c994, 82c1508e-6289-48e2-a567-a0e29c8b4903:c992, f63d6ef8-0266-4bf3-bcb1-484cdaae1fbb:c992]
2019-07-09 20:06:31,145 INFO  client.GrpcClientProtocolClient (GrpcClientProtocolClient.java:onNext(255)) - client-FB00420D972B->0a7e6056-64a2-4302-b029-255d48a66d7f: receive RaftClientReply:client-FB00420D972B->0a7e6056-64a2-4302-b029-255d48a66d7f@group-1EE0336AADCF, cid=790, SUCCESS, logIndex=994, commits[0a7e6056-64a2-4302-b029-255d48a66d7f:c994, 82c1508e-6289-48e2-a567-a0e29c8b4903:c992, f63d6ef8-0266-4bf3-bcb1-484cdaae1fbb:c992]
2019-07-09 20:06:31,145 INFO  client.GrpcClientProtocolClient (GrpcClientProtocolClient.java:onNext(255)) - client-FB00420D972B->0a7e6056-64a2-4302-b029-255d48a66d7f: receive RaftClientReply:client-FB00420D972B->0a7e6056-64a2-4302-b029-255d48a66d7f@group-1EE0336AADCF, cid=791, SUCCESS, logIndex=995, commits[0a7e6056-64a2-4302-b029-255d48a66d7f:c996, 82c1508e-6289-48e2-a567-a0e29c8b4903:c992, f63d6ef8-0266-4bf3-bcb1-484cdaae1fbb:c992]
2019-07-09 20:06:31,146 INFO  client.GrpcClientProtocolClient (GrpcClientProtocolClient.java:onNext(255)) - client-FB00420D972B->0a7e6056-64a2-4302-b029-255d48a66d7f: receive RaftClientReply:client-FB00420D972B->0a7e6056-64a2-4302-b029-255d48a66d7f@group-1EE0336AADCF, cid=792, SUCCESS, logIndex=996, commits[0a7e6056-64a2-4302-b029-255d48a66d7f:c996, 82c1508e-6289-48e2-a567-a0e29c8b4903:c992, f63d6ef8-0266-4bf3-bcb1-484cdaae1fbb:c992]
2019-07-09 20:06:31,147 INFO  client.GrpcClientProtocolClient (GrpcClientProtocolClient.java:onNext(255)) - client-FB00420D972B->0a7e6056-64a2-4302-b029-255d48a66d7f: receive RaftClientReply:client-FB00420D972B->0a7e6056-64a2-4302-b029-255d48a66d7f@group-1EE0336AADCF, cid=793, SUCCESS, logIndex=0, commits[0a7e6056-64a2-4302-b029-255d48a66d7f:c998, 82c1508e-6289-48e2-a567-a0e29c8b4903:c994, f63d6ef8-0266-4bf3-bcb1-484cdaae1fbb:c994]
2019-07-09 20:06:31,167 INFO  client.GrpcClientProtocolClient (GrpcClientProtocolClient.java:onNext(255)) - client-FB00420D972B->0a7e6056-64a2-4302-b029-255d48a66d7f: receive RaftClientReply:client-FB00420D972B->0a7e6056-64a2-4302-b029-255d48a66d7f@group-1EE0336AADCF, cid=794, SUCCESS, logIndex=1001, commits[0a7e6056-64a2-4302-b029-255d48a66d7f:c1002, 82c1508e-6289-48e2-a567-a0e29c8b4903:c1000, f63d6ef8-0266-4bf3-bcb1-484cdaae1fbb:c1000]
2019-07-09 20:06:31,167 INFO  client.GrpcClientProtocolClient (GrpcClientProtocolClient.java:onNext(255)) - client-FB00420D972B->0a7e6056-64a2-4302-b029-255d48a66d7f: receive RaftClientReply:client-FB00420D972B->0a7e6056-64a2-4302-b029-255d48a66d7f@group-1EE0336AADCF, cid=795, SUCCESS, logIndex=1002, commits[0a7e6056-64a2-4302-b029-255d48a66d7f:c1002, 82c1508e-6289-48e2-a567-a0e29c8b4903:c1000, f63d6ef8-0266-4bf3-bcb1-484cdaae1fbb:c1000]
2019-07-09 20:06:31,181 INFO  client.GrpcClientProtocolClient (GrpcClientProtocolClient.java:onNext(255)) - client-FB00420D972B->0a7e6056-64a2-4302-b029-255d48a66d7f: receive RaftClientReply:client-FB00420D972B->0a7e6056-64a2-4302-b029-255d48a66d7f@group-1EE0336AADCF, cid=796, SUCCESS, logIndex=1005, commits[0a7e6056-64a2-4302-b029-255d48a66d7f:c1006, 82c1508e-6289-48e2-a567-a0e29c8b4903:c1002, f63d6ef8-0266-4bf3-bcb1-484cdaae1fbb:c1002]
2019-07-09 20:06:31,181 INFO  client.GrpcClientProtocolClient (GrpcClientProtocolClient.java:onNext(255)) - client-FB00420D972B->0a7e6056-64a2-4302-b029-255d48a66d7f: receive RaftClientReply:client-FB00420D972B->0a7e6056-64a2-4302-b029-255d48a66d7f@group-1EE0336AADCF, cid=797, SUCCESS, logIndex=1006, commits[0a7e6056-64a2-4302-b029-255d48a66d7f:c1006, 82c1508e-6289-48e2-a567-a0e29c8b4903:c1002, f63d6ef8-0266-4bf3-bcb1-484cdaae1fbb:c1002]
2019-07-09 20:06:31,194 INFO  client.GrpcClientProtocolClient (GrpcClientProtocolClient.java:onNext(255)) - client-FB00420D972B->0a7e6056-64a2-4302-b029-255d48a66d7f: receive RaftClientReply:client-FB00420D972B->0a7e6056-64a2-4302-b029-255d48a66d7f@group-1EE0336AADCF, cid=798, SUCCESS, logIndex=0, commits[0a7e6056-64a2-4302-b029-255d48a66d7f:c1007, 82c1508e-6289-48e2-a567-a0e29c8b4903:c1006, f63d6ef8-0266-4bf3-bcb1-484cdaae1fbb:c1006]
2019-07-09 20:06:31,224 INFO  client.GrpcClientProtocolClient (GrpcClientProtocolClient.java:onNext(255)) - client-FB00420D972B->0a7e6056-64a2-4302-b029-255d48a66d7f: receive RaftClientReply:client-FB00420D972B->0a7e6056-64a2-4302-b029-255d48a66d7f@group-1EE0336AADCF, cid=799, SUCCESS, logIndex=1009, commits[0a7e6056-64a2-4302-b029-255d48a66d7f:c1010, 82c1508e-6289-48e2-a567-a0e29c8b4903:c1008, f63d6ef8-0266-4bf3-bcb1-484cdaae1fbb:c1008]
2019-07-09 20:06:31,225 INFO  client.GrpcClientProtocolClient (GrpcClientProtocolClient.java:onNext(255)) - client-FB00420D972B->0a7e6056-64a2-4302-b029-255d48a66d7f: receive RaftClientReply:client-FB00420D972B->0a7e6056-64a2-4302-b029-255d48a66d7f@group-1EE0336AADCF, cid=800, SUCCESS, logIndex=1010, commits[0a7e6056-64a2-4302-b029-255d48a66d7f:c1010, 82c1508e-6289-48e2-a567-a0e29c8b4903:c1008, f63d6ef8-0266-4bf3-bcb1-484cdaae1fbb:c1008]
2019-07-09 20:06:31,226 INFO  client.GrpcClientProtocolClient (GrpcClientProtocolClient.java:onNext(255)) - client-FB00420D972B->0a7e6056-64a2-4302-b029-255d48a66d7f: receive RaftClientReply:client-FB00420D972B->0a7e6056-64a2-4302-b029-255d48a66d7f@group-1EE0336AADCF, cid=801, SUCCESS, logIndex=1011, commits[0a7e6056-64a2-4302-b029-255d48a66d7f:c1012, 82c1508e-6289-48e2-a567-a0e29c8b4903:c1008, f63d6ef8-0266-4bf3-bcb1-484cdaae1fbb:c1008]
2019-07-09 20:06:31,226 INFO  client.GrpcClientProtocolClient (GrpcClientProtocolClient.java:onNext(255)) - client-FB00420D972B->0a7e6056-64a2-4302-b029-255d48a66d7f: receive RaftClientReply:client-FB00420D972B->0a7e6056-64a2-4302-b029-255d48a66d7f@group-1EE0336AADCF, cid=802, SUCCESS, logIndex=1012, commits[0a7e6056-64a2-4302-b029-255d48a66d7f:c1012, 82c1508e-6289-48e2-a567-a0e29c8b4903:c1009, f63d6ef8-0266-4bf3-bcb1-484cdaae1fbb:c1009]
2019-07-09 20:06:31,515 INFO  client.GrpcClientProtocolClient (GrpcClientProtocolClient.java:onNext(255)) - client-FB00420D972B->0a7e6056-64a2-4302-b029-255d48a66d7f: receive RaftClientReply:client-FB00420D972B->0a7e6056-64a2-4302-b029-255d48a66d7f@group-1EE0336AADCF, cid=803, SUCCESS, logIndex=0, commits[0a7e6056-64a2-4302-b029-255d48a66d7f:c1015, 82c1508e-6289-48e2-a567-a0e29c8b4903:c1010, f63d6ef8-0266-4bf3-bcb1-484cdaae1fbb:c1010]
 0.00% |█                                                                                                    |  0/1 Time: 0:00:032019-07-09 20:06:31,796 INFO  client.GrpcClientProtocolClient (GrpcClientProtocolClient.java:onNext(255)) - client-FB00420D972B->0a7e6056-64a2-4302-b029-255d48a66d7f: receive RaftClientReply:client-FB00420D972B->0a7e6056-64a2-4302-b029-255d48a66d7f@group-1EE0336AADCF, cid=804, SUCCESS, logIndex=1017, commits[0a7e6056-64a2-4302-b029-255d48a66d7f:c1018, 82c1508e-6289-48e2-a567-a0e29c8b4903:c1010, f63d6ef8-0266-4bf3-bcb1-484cdaae1fbb:c1016]
2019-07-09 20:06:31,796 INFO  client.GrpcClientProtocolClient (GrpcClientProtocolClient.java:onNext(255)) - client-FB00420D972B->0a7e6056-64a2-4302-b029-255d48a66d7f: receive RaftClientReply:client-FB00420D972B->0a7e6056-64a2-4302-b029-255d48a66d7f@group-1EE0336AADCF, cid=805, SUCCESS, logIndex=1018, commits[0a7e6056-64a2-4302-b029-255d48a66d7f:c1018, 82c1508e-6289-48e2-a567-a0e29c8b4903:c1016, f63d6ef8-0266-4bf3-bcb1-484cdaae1fbb:c1016]
2019-07-09 20:06:31,838 INFO  client.GrpcClientProtocolClient (GrpcClientProtocolClient.java:onNext(255)) - client-FB00420D972B->0a7e6056-64a2-4302-b029-255d48a66d7f: receive RaftClientReply:client-FB00420D972B->0a7e6056-64a2-4302-b029-255d48a66d7f@group-1EE0336AADCF, cid=806, SUCCESS, logIndex=1020, commits[0a7e6056-64a2-4302-b029-255d48a66d7f:c1021, 82c1508e-6289-48e2-a567-a0e29c8b4903:c1018, f63d6ef8-0266-4bf3-bcb1-484cdaae1fbb:c1018]
2019-07-09 20:06:31,839 INFO  client.GrpcClientProtocolClient (GrpcClientProtocolClient.java:onNext(255)) - client-FB00420D972B->0a7e6056-64a2-4302-b029-255d48a66d7f: receive RaftClientReply:client-FB00420D972B->0a7e6056-64a2-4302-b029-255d48a66d7f@group-1EE0336AADCF, cid=807, SUCCESS, logIndex=1021, commits[0a7e6056-64a2-4302-b029-255d48a66d7f:c1021, 82c1508e-6289-48e2-a567-a0e29c8b4903:c1018, f63d6ef8-0266-4bf3-bcb1-484cdaae1fbb:c1018]
2019-07-09 20:06:31,850 INFO  client.GrpcClientProtocolClient (GrpcClientProtocolClient.java:onNext(255)) - client-FB00420D972B->0a7e6056-64a2-4302-b029-255d48a66d7f: receive RaftClientReply:client-FB00420D972B->0a7e6056-64a2-4302-b029-255d48a66d7f@group-1EE0336AADCF, cid=808, SUCCESS, logIndex=0, commits[0a7e6056-64a2-4302-b029-255d48a66d7f:c1023, 82c1508e-6289-48e2-a567-a0e29c8b4903:c1021, f63d6ef8-0266-4bf3-bcb1-484cdaae1fbb:c1021]
2019-07-09 20:06:31,871 INFO  client.GrpcClientProtocolClient (GrpcClientProtocolClient.java:onNext(255)) - client-FB00420D972B->0a7e6056-64a2-4302-b029-255d48a66d7f: receive RaftClientReply:client-FB00420D972B->0a7e6056-64a2-4302-b029-255d48a66d7f@group-1EE0336AADCF, cid=809, SUCCESS, logIndex=1024, commits[0a7e6056-64a2-4302-b029-255d48a66d7f:c1025, 82c1508e-6289-48e2-a567-a0e29c8b4903:c1021, f63d6ef8-0266-4bf3-bcb1-484cdaae1fbb:c1023]
2019-07-09 20:06:31,872 INFO  client.GrpcClientProtocolClient (GrpcClientProtocolClient.java:onNext(255)) - client-FB00420D972B->0a7e6056-64a2-4302-b029-255d48a66d7f: receive RaftClientReply:client-FB00420D972B->0a7e6056-64a2-4302-b029-255d48a66d7f@group-1EE0336AADCF, cid=810, SUCCESS, logIndex=1025, commits[0a7e6056-64a2-4302-b029-255d48a66d7f:c1026, 82c1508e-6289-48e2-a567-a0e29c8b4903:c1023, f63d6ef8-0266-4bf3-bcb1-484cdaae1fbb:c1023]
2019-07-09 20:06:31,872 INFO  client.GrpcClientProtocolClient (GrpcClientProtocolClient.java:onNext(255)) - client-FB00420D972B->0a7e6056-64a2-4302-b029-255d48a66d7f: receive RaftClientReply:client-FB00420D972B->0a7e6056-64a2-4302-b029-255d48a66d7f@group-1EE0336AADCF, cid=811, SUCCESS, logIndex=1026, commits[0a7e6056-64a2-4302-b029-255d48a66d7f:c1027, 82c1508e-6289-48e2-a567-a0e29c8b4903:c1023, f63d6ef8-0266-4bf3-bcb1-484cdaae1fbb:c1023]
2019-07-09 20:06:31,873 INFO  client.GrpcClientProtocolClient (GrpcClientProtocolClient.java:onNext(255)) - client-FB00420D972B->0a7e6056-64a2-4302-b029-255d48a66d7f: receive RaftClientReply:client-FB00420D972B->0a7e6056-64a2-4302-b029-255d48a66d7f@group-1EE0336AADCF, cid=812, SUCCESS, logIndex=1027, commits[0a7e6056-64a2-4302-b029-255d48a66d7f:c1027, 82c1508e-6289-48e2-a567-a0e29c8b4903:c1023, f63d6ef8-0266-4bf3-bcb1-484cdaae1fbb:c1023]
2019-07-09 20:06:31,874 INFO  client.GrpcClientProtocolClient (GrpcClientProtocolClient.java:onNext(255)) - client-FB00420D972B->0a7e6056-64a2-4302-b029-255d48a66d7f: receive RaftClientReply:client-FB00420D972B->0a7e6056-64a2-4302-b029-255d48a66d7f@group-1EE0336AADCF, cid=813, SUCCESS, logIndex=0, commits[0a7e6056-64a2-4302-b029-255d48a66d7f:c1029, 82c1508e-6289-48e2-a567-a0e29c8b4903:c1026, f63d6ef8-0266-4bf3-bcb1-484cdaae1fbb:c1025]
2019-07-09 20:06:31,891 INFO  client.GrpcClientProtocolClient (GrpcClientProtocolClient.java:onNext(255)) - client-FB00420D972B->0a7e6056-64a2-4302-b029-255d48a66d7f: receive RaftClientReply:client-FB00420D972B->0a7e6056-64a2-4302-b029-255d48a66d7f@group-1EE0336AADCF, cid=814, SUCCESS, logIndex=1032, commits[0a7e6056-64a2-4302-b029-255d48a66d7f:c1033, 82c1508e-6289-48e2-a567-a0e29c8b4903:c1031, f63d6ef8-0266-4bf3-bcb1-484cdaae1fbb:c1031]
2019-07-09 20:06:31,892 INFO  client.GrpcClientProtocolClient (GrpcClientProtocolClient.java:onNext(255)) - client-FB00420D972B->0a7e6056-64a2-4302-b029-255d48a66d7f: receive RaftClientReply:client-FB00420D972B->0a7e6056-64a2-4302-b029-255d48a66d7f@group-1EE0336AADCF, cid=815, SUCCESS, logIndex=1033, commits[0a7e6056-64a2-4302-b029-255d48a66d7f:c1033, 82c1508e-6289-48e2-a567-a0e29c8b4903:c1031, f63d6ef8-0266-4bf3-bcb1-484cdaae1fbb:c1031]
2019-07-09 20:06:31,927 INFO  client.GrpcClientProtocolClient (GrpcClientProtocolClient.java:onNext(255)) - client-FB00420D972B->0a7e6056-64a2-4302-b029-255d48a66d7f: receive RaftClientReply:client-FB00420D972B->0a7e6056-64a2-4302-b029-255d48a66d7f@group-1EE0336AADCF, cid=816, SUCCESS, logIndex=1036, commits[0a7e6056-64a2-4302-b029-255d48a66d7f:c1037, 82c1508e-6289-48e2-a567-a0e29c8b4903:c1035, f63d6ef8-0266-4bf3-bcb1-484cdaae1fbb:c1035]
2019-07-09 20:06:31,928 INFO  client.GrpcClientProtocolClient (GrpcClientProtocolClient.java:onNext(255)) - client-FB00420D972B->0a7e6056-64a2-4302-b029-255d48a66d7f: receive RaftClientReply:client-FB00420D972B->0a7e6056-64a2-4302-b029-255d48a66d7f@group-1EE0336AADCF, cid=817, SUCCESS, logIndex=1037, commits[0a7e6056-64a2-4302-b029-255d48a66d7f:c1037, 82c1508e-6289-48e2-a567-a0e29c8b4903:c1035, f63d6ef8-0266-4bf3-bcb1-484cdaae1fbb:c1035]
2019-07-09 20:06:31,940 INFO  client.GrpcClientProtocolClient (GrpcClientProtocolClient.java:onNext(255)) - client-FB00420D972B->0a7e6056-64a2-4302-b029-255d48a66d7f: receive RaftClientReply:client-FB00420D972B->0a7e6056-64a2-4302-b029-255d48a66d7f@group-1EE0336AADCF, cid=818, SUCCESS, logIndex=0, commits[0a7e6056-64a2-4302-b029-255d48a66d7f:c1038, 82c1508e-6289-48e2-a567-a0e29c8b4903:c1037, f63d6ef8-0266-4bf3-bcb1-484cdaae1fbb:c1037]
2019-07-09 20:06:31,958 INFO  client.GrpcClientProtocolClient (GrpcClientProtocolClient.java:onNext(255)) - client-FB00420D972B->0a7e6056-64a2-4302-b029-255d48a66d7f: receive RaftClientReply:client-FB00420D972B->0a7e6056-64a2-4302-b029-255d48a66d7f@group-1EE0336AADCF, cid=819, SUCCESS, logIndex=1040, commits[0a7e6056-64a2-4302-b029-255d48a66d7f:c1041, 82c1508e-6289-48e2-a567-a0e29c8b4903:c1039, f63d6ef8-0266-4bf3-bcb1-484cdaae1fbb:c1039]
2019-07-09 20:06:31,959 INFO  client.GrpcClientProtocolClient (GrpcClientProtocolClient.java:onNext(255)) - client-FB00420D972B->0a7e6056-64a2-4302-b029-255d48a66d7f: receive RaftClientReply:client-FB00420D972B->0a7e6056-64a2-4302-b029-255d48a66d7f@group-1EE0336AADCF, cid=820, SUCCESS, logIndex=1041, commits[0a7e6056-64a2-4302-b029-255d48a66d7f:c1041, 82c1508e-6289-48e2-a567-a0e29c8b4903:c1039, f63d6ef8-0266-4bf3-bcb1-484cdaae1fbb:c1039]
2019-07-09 20:06:31,966 INFO  client.GrpcClientProtocolClient (GrpcClientProtocolClient.java:onNext(255)) - client-FB00420D972B->0a7e6056-64a2-4302-b029-255d48a66d7f: receive RaftClientReply:client-FB00420D972B->0a7e6056-64a2-4302-b029-255d48a66d7f@group-1EE0336AADCF, cid=821, SUCCESS, logIndex=1042, commits[0a7e6056-64a2-4302-b029-255d48a66d7f:c1043, 82c1508e-6289-48e2-a567-a0e29c8b4903:c1039, f63d6ef8-0266-4bf3-bcb1-484cdaae1fbb:c1039]
2019-07-09 20:06:31,967 INFO  client.GrpcClientProtocolClient (GrpcClientProtocolClient.java:onNext(255)) - client-FB00420D972B->0a7e6056-64a2-4302-b029-255d48a66d7f: receive RaftClientReply:client-FB00420D972B->0a7e6056-64a2-4302-b029-255d48a66d7f@group-1EE0336AADCF, cid=822, SUCCESS, logIndex=1043, commits[0a7e6056-64a2-4302-b029-255d48a66d7f:c1043, 82c1508e-6289-48e2-a567-a0e29c8b4903:c1039, f63d6ef8-0266-4bf3-bcb1-484cdaae1fbb:c1039]
2019-07-09 20:06:31,968 INFO  client.GrpcClientProtocolClient (GrpcClientProtocolClient.java:onNext(255)) - client-FB00420D972B->0a7e6056-64a2-4302-b029-255d48a66d7f: receive RaftClientReply:client-FB00420D972B->0a7e6056-64a2-4302-b029-255d48a66d7f@group-1EE0336AADCF, cid=823, SUCCESS, logIndex=0, commits[0a7e6056-64a2-4302-b029-255d48a66d7f:c1047, 82c1508e-6289-48e2-a567-a0e29c8b4903:c1041, f63d6ef8-0266-4bf3-bcb1-484cdaae1fbb:c1043]
2019-07-09 20:06:31,983 INFO  client.GrpcClientProtocolClient (GrpcClientProtocolClient.java:onNext(255)) - client-FB00420D972B->0a7e6056-64a2-4302-b029-255d48a66d7f: receive RaftClientReply:client-FB00420D972B->0a7e6056-64a2-4302-b029-255d48a66d7f@group-1EE0336AADCF, cid=824, SUCCESS, logIndex=1048, commits[0a7e6056-64a2-4302-b029-255d48a66d7f:c1049, 82c1508e-6289-48e2-a567-a0e29c8b4903:c1047, f63d6ef8-0266-4bf3-bcb1-484cdaae1fbb:c1047]
2019-07-09 20:06:31,984 INFO  client.GrpcClientProtocolClient (GrpcClientProtocolClient.java:onNext(255)) - client-FB00420D972B->0a7e6056-64a2-4302-b029-255d48a66d7f: receive RaftClientReply:client-FB00420D972B->0a7e6056-64a2-4302-b029-255d48a66d7f@group-1EE0336AADCF, cid=825, SUCCESS, logIndex=1049, commits[0a7e6056-64a2-4302-b029-255d48a66d7f:c1049, 82c1508e-6289-48e2-a567-a0e29c8b4903:c1047, f63d6ef8-0266-4bf3-bcb1-484cdaae1fbb:c1047]
2019-07-09 20:06:32,008 INFO  client.GrpcClientProtocolClient (GrpcClientProtocolClient.java:onNext(255)) - client-FB00420D972B->0a7e6056-64a2-4302-b029-255d48a66d7f: receive RaftClientReply:client-FB00420D972B->0a7e6056-64a2-4302-b029-255d48a66d7f@group-1EE0336AADCF, cid=826, SUCCESS, logIndex=1052, commits[0a7e6056-64a2-4302-b029-255d48a66d7f:c1053, 82c1508e-6289-48e2-a567-a0e29c8b4903:c1049, f63d6ef8-0266-4bf3-bcb1-484cdaae1fbb:c1049]
2019-07-09 20:06:32,008 INFO  client.GrpcClientProtocolClient (GrpcClientProtocolClient.java:onNext(255)) - client-FB00420D972B->0a7e6056-64a2-4302-b029-255d48a66d7f: receive RaftClientReply:client-FB00420D972B->0a7e6056-64a2-4302-b029-255d48a66d7f@group-1EE0336AADCF, cid=827, SUCCESS, logIndex=1053, commits[0a7e6056-64a2-4302-b029-255d48a66d7f:c1053, 82c1508e-6289-48e2-a567-a0e29c8b4903:c1049, f63d6ef8-0266-4bf3-bcb1-484cdaae1fbb:c1049]
2019-07-09 20:06:32,010 INFO  client.GrpcClientProtocolClient (GrpcClientProtocolClient.java:onNext(255)) - client-FB00420D972B->0a7e6056-64a2-4302-b029-255d48a66d7f: receive RaftClientReply:client-FB00420D972B->0a7e6056-64a2-4302-b029-255d48a66d7f@group-1EE0336AADCF, cid=828, SUCCESS, logIndex=0, commits[0a7e6056-64a2-4302-b029-255d48a66d7f:c1054, 82c1508e-6289-48e2-a567-a0e29c8b4903:c1053, f63d6ef8-0266-4bf3-bcb1-484cdaae1fbb:c1053]
2019-07-09 20:06:32,034 INFO  client.GrpcClientProtocolClient (GrpcClientProtocolClient.java:onNext(255)) - client-FB00420D972B->0a7e6056-64a2-4302-b029-255d48a66d7f: receive RaftClientReply:client-FB00420D972B->0a7e6056-64a2-4302-b029-255d48a66d7f@group-1EE0336AADCF, cid=829, SUCCESS, logIndex=1056, commits[0a7e6056-64a2-4302-b029-255d48a66d7f:c1056, 82c1508e-6289-48e2-a567-a0e29c8b4903:c1053, f63d6ef8-0266-4bf3-bcb1-484cdaae1fbb:c1055]
2019-07-09 20:06:32,035 INFO  client.GrpcClientProtocolClient (GrpcClientProtocolClient.java:onNext(255)) - client-FB00420D972B->0a7e6056-64a2-4302-b029-255d48a66d7f: receive RaftClientReply:client-FB00420D972B->0a7e6056-64a2-4302-b029-255d48a66d7f@group-1EE0336AADCF, cid=830, SUCCESS, logIndex=1057, commits[0a7e6056-64a2-4302-b029-255d48a66d7f:c1057, 82c1508e-6289-48e2-a567-a0e29c8b4903:c1053, f63d6ef8-0266-4bf3-bcb1-484cdaae1fbb:c1055]
2019-07-09 20:06:32,045 INFO  client.GrpcClientProtocolClient (GrpcClientProtocolClient.java:onNext(255)) - client-FB00420D972B->0a7e6056-64a2-4302-b029-255d48a66d7f: receive RaftClientReply:client-FB00420D972B->0a7e6056-64a2-4302-b029-255d48a66d7f@group-1EE0336AADCF, cid=831, SUCCESS, logIndex=1058, commits[0a7e6056-64a2-4302-b029-255d48a66d7f:c1060, 82c1508e-6289-48e2-a567-a0e29c8b4903:c1056, f63d6ef8-0266-4bf3-bcb1-484cdaae1fbb:c1056]
2019-07-09 20:06:32,046 INFO  client.GrpcClientProtocolClient (GrpcClientProtocolClient.java:onNext(255)) - client-FB00420D972B->0a7e6056-64a2-4302-b029-255d48a66d7f: receive RaftClientReply:client-FB00420D972B->0a7e6056-64a2-4302-b029-255d48a66d7f@group-1EE0336AADCF, cid=832, SUCCESS, logIndex=1059, commits[0a7e6056-64a2-4302-b029-255d48a66d7f:c1060, 82c1508e-6289-48e2-a567-a0e29c8b4903:c1056, f63d6ef8-0266-4bf3-bcb1-484cdaae1fbb:c1056]
2019-07-09 20:06:32,047 INFO  client.GrpcClientProtocolClient (GrpcClientProtocolClient.java:onNext(255)) - client-FB00420D972B->0a7e6056-64a2-4302-b029-255d48a66d7f: receive RaftClientReply:client-FB00420D972B->0a7e6056-64a2-4302-b029-255d48a66d7f@group-1EE0336AADCF, cid=833, SUCCESS, logIndex=0, commits[0a7e6056-64a2-4302-b029-255d48a66d7f:c1062, 82c1508e-6289-48e2-a567-a0e29c8b4903:c1058, f63d6ef8-0266-4bf3-bcb1-484cdaae1fbb:c1057]
2019-07-09 20:06:32,085 INFO  client.GrpcClientProtocolClient (GrpcClientProtocolClient.java:onNext(255)) - client-FB00420D972B->0a7e6056-64a2-4302-b029-255d48a66d7f: receive RaftClientReply:client-FB00420D972B->0a7e6056-64a2-4302-b029-255d48a66d7f@group-1EE0336AADCF, cid=834, SUCCESS, logIndex=1064, commits[0a7e6056-64a2-4302-b029-255d48a66d7f:c1065, 82c1508e-6289-48e2-a567-a0e29c8b4903:c1063, f63d6ef8-0266-4bf3-bcb1-484cdaae1fbb:c1063]
2019-07-09 20:06:32,085 INFO  client.GrpcClientProtocolClient (GrpcClientProtocolClient.java:onNext(255)) - client-FB00420D972B->0a7e6056-64a2-4302-b029-255d48a66d7f: receive RaftClientReply:client-FB00420D972B->0a7e6056-64a2-4302-b029-255d48a66d7f@group-1EE0336AADCF, cid=835, SUCCESS, logIndex=1065, commits[0a7e6056-64a2-4302-b029-255d48a66d7f:c1065, 82c1508e-6289-48e2-a567-a0e29c8b4903:c1063, f63d6ef8-0266-4bf3-bcb1-484cdaae1fbb:c1063]
2019-07-09 20:06:32,101 INFO  client.GrpcClientProtocolClient (GrpcClientProtocolClient.java:onNext(255)) - client-FB00420D972B->0a7e6056-64a2-4302-b029-255d48a66d7f: receive RaftClientReply:client-FB00420D972B->0a7e6056-64a2-4302-b029-255d48a66d7f@group-1EE0336AADCF, cid=836, SUCCESS, logIndex=1068, commits[0a7e6056-64a2-4302-b029-255d48a66d7f:c1069, 82c1508e-6289-48e2-a567-a0e29c8b4903:c1065, f63d6ef8-0266-4bf3-bcb1-484cdaae1fbb:c1065]
2019-07-09 20:06:32,101 INFO  client.GrpcClientProtocolClient (GrpcClientProtocolClient.java:onNext(255)) - client-FB00420D972B->0a7e6056-64a2-4302-b029-255d48a66d7f: receive RaftClientReply:client-FB00420D972B->0a7e6056-64a2-4302-b029-255d48a66d7f@group-1EE0336AADCF, cid=837, SUCCESS, logIndex=1069, commits[0a7e6056-64a2-4302-b029-255d48a66d7f:c1069, 82c1508e-6289-48e2-a567-a0e29c8b4903:c1065, f63d6ef8-0266-4bf3-bcb1-484cdaae1fbb:c1065]
2019-07-09 20:06:32,112 INFO  client.GrpcClientProtocolClient (GrpcClientProtocolClient.java:onNext(255)) - client-FB00420D972B->0a7e6056-64a2-4302-b029-255d48a66d7f: receive RaftClientReply:client-FB00420D972B->0a7e6056-64a2-4302-b029-255d48a66d7f@group-1EE0336AADCF, cid=838, SUCCESS, logIndex=0, commits[0a7e6056-64a2-4302-b029-255d48a66d7f:c1071, 82c1508e-6289-48e2-a567-a0e29c8b4903:c1069, f63d6ef8-0266-4bf3-bcb1-484cdaae1fbb:c1069]
2019-07-09 20:06:32,134 INFO  client.GrpcClientProtocolClient (GrpcClientProtocolClient.java:onNext(255)) - client-FB00420D972B->0a7e6056-64a2-4302-b029-255d48a66d7f: receive RaftClientReply:client-FB00420D972B->0a7e6056-64a2-4302-b029-255d48a66d7f@group-1EE0336AADCF, cid=839, SUCCESS, logIndex=1072, commits[0a7e6056-64a2-4302-b029-255d48a66d7f:c1073, 82c1508e-6289-48e2-a567-a0e29c8b4903:c1071, f63d6ef8-0266-4bf3-bcb1-484cdaae1fbb:c1071]
2019-07-09 20:06:32,135 INFO  client.GrpcClientProtocolClient (GrpcClientProtocolClient.java:onNext(255)) - client-FB00420D972B->0a7e6056-64a2-4302-b029-255d48a66d7f: receive RaftClientReply:client-FB00420D972B->0a7e6056-64a2-4302-b029-255d48a66d7f@group-1EE0336AADCF, cid=840, SUCCESS, logIndex=1073, commits[0a7e6056-64a2-4302-b029-255d48a66d7f:c1075, 82c1508e-6289-48e2-a567-a0e29c8b4903:c1071, f63d6ef8-0266-4bf3-bcb1-484cdaae1fbb:c1071]
2019-07-09 20:06:32,136 INFO  client.GrpcClientProtocolClient (GrpcClientProtocolClient.java:onNext(255)) - client-FB00420D972B->0a7e6056-64a2-4302-b029-255d48a66d7f: receive RaftClientReply:client-FB00420D972B->0a7e6056-64a2-4302-b029-255d48a66d7f@group-1EE0336AADCF, cid=841, SUCCESS, logIndex=1074, commits[0a7e6056-64a2-4302-b029-255d48a66d7f:c1075, 82c1508e-6289-48e2-a567-a0e29c8b4903:c1071, f63d6ef8-0266-4bf3-bcb1-484cdaae1fbb:c1071]
2019-07-09 20:06:32,136 INFO  client.GrpcClientProtocolClient (GrpcClientProtocolClient.java:onNext(255)) - client-FB00420D972B->0a7e6056-64a2-4302-b029-255d48a66d7f: receive RaftClientReply:client-FB00420D972B->0a7e6056-64a2-4302-b029-255d48a66d7f@group-1EE0336AADCF, cid=842, SUCCESS, logIndex=1075, commits[0a7e6056-64a2-4302-b029-255d48a66d7f:c1075, 82c1508e-6289-48e2-a567-a0e29c8b4903:c1071, f63d6ef8-0266-4bf3-bcb1-484cdaae1fbb:c1071]
2019-07-09 20:06:32,137 INFO  client.GrpcClientProtocolClient (GrpcClientProtocolClient.java:onNext(255)) - client-FB00420D972B->0a7e6056-64a2-4302-b029-255d48a66d7f: receive RaftClientReply:client-FB00420D972B->0a7e6056-64a2-4302-b029-255d48a66d7f@group-1EE0336AADCF, cid=843, SUCCESS, logIndex=0, commits[0a7e6056-64a2-4302-b029-255d48a66d7f:c1079, 82c1508e-6289-48e2-a567-a0e29c8b4903:c1074, f63d6ef8-0266-4bf3-bcb1-484cdaae1fbb:c1075]
2019-07-09 20:06:32,273 INFO  client.GrpcClientProtocolClient (GrpcClientProtocolClient.java:onNext(255)) - client-FB00420D972B->0a7e6056-64a2-4302-b029-255d48a66d7f: receive RaftClientReply:client-FB00420D972B->0a7e6056-64a2-4302-b029-255d48a66d7f@group-1EE0336AADCF, cid=844, SUCCESS, logIndex=1080, commits[0a7e6056-64a2-4302-b029-255d48a66d7f:c1081, 82c1508e-6289-48e2-a567-a0e29c8b4903:c1079, f63d6ef8-0266-4bf3-bcb1-484cdaae1fbb:c1079]
2019-07-09 20:06:32,276 INFO  client.GrpcClientProtocolClient (GrpcClientProtocolClient.java:onNext(255)) - client-FB00420D972B->0a7e6056-64a2-4302-b029-255d48a66d7f: receive RaftClientReply:client-FB00420D972B->0a7e6056-64a2-4302-b029-255d48a66d7f@group-1EE0336AADCF, cid=845, SUCCESS, logIndex=1081, commits[0a7e6056-64a2-4302-b029-255d48a66d7f:c1081, 82c1508e-6289-48e2-a567-a0e29c8b4903:c1080, f63d6ef8-0266-4bf3-bcb1-484cdaae1fbb:c1080]
2019-07-09 20:06:32,300 INFO  client.GrpcClientProtocolClient (GrpcClientProtocolClient.java:onNext(255)) - client-FB00420D972B->0a7e6056-64a2-4302-b029-255d48a66d7f: receive RaftClientReply:client-FB00420D972B->0a7e6056-64a2-4302-b029-255d48a66d7f@group-1EE0336AADCF, cid=846, SUCCESS, logIndex=1084, commits[0a7e6056-64a2-4302-b029-255d48a66d7f:c1085, 82c1508e-6289-48e2-a567-a0e29c8b4903:c1082, f63d6ef8-0266-4bf3-bcb1-484cdaae1fbb:c1082]
2019-07-09 20:06:32,301 INFO  client.GrpcClientProtocolClient (GrpcClientProtocolClient.java:onNext(255)) - client-FB00420D972B->0a7e6056-64a2-4302-b029-255d48a66d7f: receive RaftClientReply:client-FB00420D972B->0a7e6056-64a2-4302-b029-255d48a66d7f@group-1EE0336AADCF, cid=847, SUCCESS, logIndex=1085, commits[0a7e6056-64a2-4302-b029-255d48a66d7f:c1085, 82c1508e-6289-48e2-a567-a0e29c8b4903:c1082, f63d6ef8-0266-4bf3-bcb1-484cdaae1fbb:c1082]
2019-07-09 20:06:32,313 INFO  client.GrpcClientProtocolClient (GrpcClientProtocolClient.java:onNext(255)) - client-FB00420D972B->0a7e6056-64a2-4302-b029-255d48a66d7f: receive RaftClientReply:client-FB00420D972B->0a7e6056-64a2-4302-b029-255d48a66d7f@group-1EE0336AADCF, cid=848, SUCCESS, logIndex=0, commits[0a7e6056-64a2-4302-b029-255d48a66d7f:c1087, 82c1508e-6289-48e2-a567-a0e29c8b4903:c1085, f63d6ef8-0266-4bf3-bcb1-484cdaae1fbb:c1085]
2019-07-09 20:06:32,336 INFO  client.GrpcClientProtocolClient (GrpcClientProtocolClient.java:onNext(255)) - client-FB00420D972B->0a7e6056-64a2-4302-b029-255d48a66d7f: receive RaftClientReply:client-FB00420D972B->0a7e6056-64a2-4302-b029-255d48a66d7f@group-1EE0336AADCF, cid=849, SUCCESS, logIndex=1088, commits[0a7e6056-64a2-4302-b029-255d48a66d7f:c1089, 82c1508e-6289-48e2-a567-a0e29c8b4903:c1087, f63d6ef8-0266-4bf3-bcb1-484cdaae1fbb:c1087]
2019-07-09 20:06:32,338 INFO  client.GrpcClientProtocolClient (GrpcClientProtocolClient.java:onNext(255)) - client-FB00420D972B->0a7e6056-64a2-4302-b029-255d48a66d7f: receive RaftClientReply:client-FB00420D972B->0a7e6056-64a2-4302-b029-255d48a66d7f@group-1EE0336AADCF, cid=850, SUCCESS, logIndex=1089, commits[0a7e6056-64a2-4302-b029-255d48a66d7f:c1090, 82c1508e-6289-48e2-a567-a0e29c8b4903:c1087, f63d6ef8-0266-4bf3-bcb1-484cdaae1fbb:c1087]
2019-07-09 20:06:32,338 INFO  client.GrpcClientProtocolClient (GrpcClientProtocolClient.java:onNext(255)) - client-FB00420D972B->0a7e6056-64a2-4302-b029-255d48a66d7f: receive RaftClientReply:client-FB00420D972B->0a7e6056-64a2-4302-b029-255d48a66d7f@group-1EE0336AADCF, cid=851, SUCCESS, logIndex=1090, commits[0a7e6056-64a2-4302-b029-255d48a66d7f:c1091, 82c1508e-6289-48e2-a567-a0e29c8b4903:c1087, f63d6ef8-0266-4bf3-bcb1-484cdaae1fbb:c1087]
2019-07-09 20:06:32,339 INFO  client.GrpcClientProtocolClient (GrpcClientProtocolClient.java:onNext(255)) - client-FB00420D972B->0a7e6056-64a2-4302-b029-255d48a66d7f: receive RaftClientReply:client-FB00420D972B->0a7e6056-64a2-4302-b029-255d48a66d7f@group-1EE0336AADCF, cid=852, SUCCESS, logIndex=1091, commits[0a7e6056-64a2-4302-b029-255d48a66d7f:c1091, 82c1508e-6289-48e2-a567-a0e29c8b4903:c1087, f63d6ef8-0266-4bf3-bcb1-484cdaae1fbb:c1087]
2019-07-09 20:06:32,340 INFO  client.GrpcClientProtocolClient (GrpcClientProtocolClient.java:onNext(255)) - client-FB00420D972B->0a7e6056-64a2-4302-b029-255d48a66d7f: receive RaftClientReply:client-FB00420D972B->0a7e6056-64a2-4302-b029-255d48a66d7f@group-1EE0336AADCF, cid=853, SUCCESS, logIndex=0, commits[0a7e6056-64a2-4302-b029-255d48a66d7f:c1095, 82c1508e-6289-48e2-a567-a0e29c8b4903:c1091, f63d6ef8-0266-4bf3-bcb1-484cdaae1fbb:c1091]
2019-07-09 20:06:32,364 INFO  client.GrpcClientProtocolClient (GrpcClientProtocolClient.java:onNext(255)) - client-FB00420D972B->0a7e6056-64a2-4302-b029-255d48a66d7f: receive RaftClientReply:client-FB00420D972B->0a7e6056-64a2-4302-b029-255d48a66d7f@group-1EE0336AADCF, cid=854, SUCCESS, logIndex=1096, commits[0a7e6056-64a2-4302-b029-255d48a66d7f:c1097, 82c1508e-6289-48e2-a567-a0e29c8b4903:c1095, f63d6ef8-0266-4bf3-bcb1-484cdaae1fbb:c1095]
2019-07-09 20:06:32,364 INFO  client.GrpcClientProtocolClient (GrpcClientProtocolClient.java:onNext(255)) - client-FB00420D972B->0a7e6056-64a2-4302-b029-255d48a66d7f: receive RaftClientReply:client-FB00420D972B->0a7e6056-64a2-4302-b029-255d48a66d7f@group-1EE0336AADCF, cid=855, SUCCESS, logIndex=1097, commits[0a7e6056-64a2-4302-b029-255d48a66d7f:c1097, 82c1508e-6289-48e2-a567-a0e29c8b4903:c1095, f63d6ef8-0266-4bf3-bcb1-484cdaae1fbb:c1095]
2019-07-09 20:06:32,388 INFO  client.GrpcClientProtocolClient (GrpcClientProtocolClient.java:onNext(255)) - client-FB00420D972B->0a7e6056-64a2-4302-b029-255d48a66d7f: receive RaftClientReply:client-FB00420D972B->0a7e6056-64a2-4302-b029-255d48a66d7f@group-1EE0336AADCF, cid=856, SUCCESS, logIndex=1100, commits[0a7e6056-64a2-4302-b029-255d48a66d7f:c1101, 82c1508e-6289-48e2-a567-a0e29c8b4903:c1097, f63d6ef8-0266-4bf3-bcb1-484cdaae1fbb:c1097]
2019-07-09 20:06:32,389 INFO  client.GrpcClientProtocolClient (GrpcClientProtocolClient.java:onNext(255)) - client-FB00420D972B->0a7e6056-64a2-4302-b029-255d48a66d7f: receive RaftClientReply:client-FB00420D972B->0a7e6056-64a2-4302-b029-255d48a66d7f@group-1EE0336AADCF, cid=857, SUCCESS, logIndex=1101, commits[0a7e6056-64a2-4302-b029-255d48a66d7f:c1101, 82c1508e-6289-48e2-a567-a0e29c8b4903:c1097, f63d6ef8-0266-4bf3-bcb1-484cdaae1fbb:c1097]
2019-07-09 20:06:32,401 INFO  client.GrpcClientProtocolClient (GrpcClientProtocolClient.java:onNext(255)) - client-FB00420D972B->0a7e6056-64a2-4302-b029-255d48a66d7f: receive RaftClientReply:client-FB00420D972B->0a7e6056-64a2-4302-b029-255d48a66d7f@group-1EE0336AADCF, cid=858, SUCCESS, logIndex=0, commits[0a7e6056-64a2-4302-b029-255d48a66d7f:c1102, 82c1508e-6289-48e2-a567-a0e29c8b4903:c1101, f63d6ef8-0266-4bf3-bcb1-484cdaae1fbb:c1101]
2019-07-09 20:06:32,423 INFO  client.GrpcClientProtocolClient (GrpcClientProtocolClient.java:onNext(255)) - client-FB00420D972B->0a7e6056-64a2-4302-b029-255d48a66d7f: receive RaftClientReply:client-FB00420D972B->0a7e6056-64a2-4302-b029-255d48a66d7f@group-1EE0336AADCF, cid=859, SUCCESS, logIndex=1104, commits[0a7e6056-64a2-4302-b029-255d48a66d7f:c1105, 82c1508e-6289-48e2-a567-a0e29c8b4903:c1103, f63d6ef8-0266-4bf3-bcb1-484cdaae1fbb:c1103]
2019-07-09 20:06:32,424 INFO  client.GrpcClientProtocolClient (GrpcClientProtocolClient.java:onNext(255)) - client-FB00420D972B->0a7e6056-64a2-4302-b029-255d48a66d7f: receive RaftClientReply:client-FB00420D972B->0a7e6056-64a2-4302-b029-255d48a66d7f@group-1EE0336AADCF, cid=860, SUCCESS, logIndex=1105, commits[0a7e6056-64a2-4302-b029-255d48a66d7f:c1105, 82c1508e-6289-48e2-a567-a0e29c8b4903:c1103, f63d6ef8-0266-4bf3-bcb1-484cdaae1fbb:c1103]
2019-07-09 20:06:32,425 INFO  client.GrpcClientProtocolClient (GrpcClientProtocolClient.java:onNext(255)) - client-FB00420D972B->0a7e6056-64a2-4302-b029-255d48a66d7f: receive RaftClientReply:client-FB00420D972B->0a7e6056-64a2-4302-b029-255d48a66d7f@group-1EE0336AADCF, cid=861, SUCCESS, logIndex=1106, commits[0a7e6056-64a2-4302-b029-255d48a66d7f:c1107, 82c1508e-6289-48e2-a567-a0e29c8b4903:c1103, f63d6ef8-0266-4bf3-bcb1-484cdaae1fbb:c1103]
2019-07-09 20:06:32,425 INFO  client.GrpcClientProtocolClient (GrpcClientProtocolClient.java:onNext(255)) - client-FB00420D972B->0a7e6056-64a2-4302-b029-255d48a66d7f: receive RaftClientReply:client-FB00420D972B->0a7e6056-64a2-4302-b029-255d48a66d7f@group-1EE0336AADCF, cid=862, SUCCESS, logIndex=1107, commits[0a7e6056-64a2-4302-b029-255d48a66d7f:c1107, 82c1508e-6289-48e2-a567-a0e29c8b4903:c1103, f63d6ef8-0266-4bf3-bcb1-484cdaae1fbb:c1103]
2019-07-09 20:06:32,426 INFO  client.GrpcClientProtocolClient (GrpcClientProtocolClient.java:onNext(255)) - client-FB00420D972B->0a7e6056-64a2-4302-b029-255d48a66d7f: receive RaftClientReply:client-FB00420D972B->0a7e6056-64a2-4302-b029-255d48a66d7f@group-1EE0336AADCF, cid=863, SUCCESS, logIndex=0, commits[0a7e6056-64a2-4302-b029-255d48a66d7f:c1111, 82c1508e-6289-48e2-a567-a0e29c8b4903:c1107, f63d6ef8-0266-4bf3-bcb1-484cdaae1fbb:c1107]
2019-07-09 20:06:32,446 INFO  client.GrpcClientProtocolClient (GrpcClientProtocolClient.java:onNext(255)) - client-FB00420D972B->0a7e6056-64a2-4302-b029-255d48a66d7f: receive RaftClientReply:client-FB00420D972B->0a7e6056-64a2-4302-b029-255d48a66d7f@group-1EE0336AADCF, cid=864, SUCCESS, logIndex=1112, commits[0a7e6056-64a2-4302-b029-255d48a66d7f:c1113, 82c1508e-6289-48e2-a567-a0e29c8b4903:c1111, f63d6ef8-0266-4bf3-bcb1-484cdaae1fbb:c1111]
2019-07-09 20:06:32,447 INFO  client.GrpcClientProtocolClient (GrpcClientProtocolClient.java:onNext(255)) - client-FB00420D972B->0a7e6056-64a2-4302-b029-255d48a66d7f: receive RaftClientReply:client-FB00420D972B->0a7e6056-64a2-4302-b029-255d48a66d7f@group-1EE0336AADCF, cid=865, SUCCESS, logIndex=1113, commits[0a7e6056-64a2-4302-b029-255d48a66d7f:c1113, 82c1508e-6289-48e2-a567-a0e29c8b4903:c1111, f63d6ef8-0266-4bf3-bcb1-484cdaae1fbb:c1111]
2019-07-09 20:06:32,460 INFO  client.GrpcClientProtocolClient (GrpcClientProtocolClient.java:onNext(255)) - client-FB00420D972B->0a7e6056-64a2-4302-b029-255d48a66d7f: receive RaftClientReply:client-FB00420D972B->0a7e6056-64a2-4302-b029-255d48a66d7f@group-1EE0336AADCF, cid=866, SUCCESS, logIndex=1116, commits[0a7e6056-64a2-4302-b029-255d48a66d7f:c1117, 82c1508e-6289-48e2-a567-a0e29c8b4903:c1113, f63d6ef8-0266-4bf3-bcb1-484cdaae1fbb:c1113]
2019-07-09 20:06:32,460 INFO  client.GrpcClientProtocolClient (GrpcClientProtocolClient.java:onNext(255)) - client-FB00420D972B->0a7e6056-64a2-4302-b029-255d48a66d7f: receive RaftClientReply:client-FB00420D972B->0a7e6056-64a2-4302-b029-255d48a66d7f@group-1EE0336AADCF, cid=867, SUCCESS, logIndex=1117, commits[0a7e6056-64a2-4302-b029-255d48a66d7f:c1117, 82c1508e-6289-48e2-a567-a0e29c8b4903:c1113, f63d6ef8-0266-4bf3-bcb1-484cdaae1fbb:c1113]
2019-07-09 20:06:32,473 INFO  client.GrpcClientProtocolClient (GrpcClientProtocolClient.java:onNext(255)) - client-FB00420D972B->0a7e6056-64a2-4302-b029-255d48a66d7f: receive RaftClientReply:client-FB00420D972B->0a7e6056-64a2-4302-b029-255d48a66d7f@group-1EE0336AADCF, cid=868, SUCCESS, logIndex=0, commits[0a7e6056-64a2-4302-b029-255d48a66d7f:c1118, 82c1508e-6289-48e2-a567-a0e29c8b4903:c1117, f63d6ef8-0266-4bf3-bcb1-484cdaae1fbb:c1117]
2019-07-09 20:06:32,494 INFO  client.GrpcClientProtocolClient (GrpcClientProtocolClient.java:onNext(255)) - client-FB00420D972B->0a7e6056-64a2-4302-b029-255d48a66d7f: receive RaftClientReply:client-FB00420D972B->0a7e6056-64a2-4302-b029-255d48a66d7f@group-1EE0336AADCF, cid=869, SUCCESS, logIndex=1120, commits[0a7e6056-64a2-4302-b029-255d48a66d7f:c1122, 82c1508e-6289-48e2-a567-a0e29c8b4903:c1119, f63d6ef8-0266-4bf3-bcb1-484cdaae1fbb:c1119]
2019-07-09 20:06:32,495 INFO  client.GrpcClientProtocolClient (GrpcClientProtocolClient.java:onNext(255)) - client-FB00420D972B->0a7e6056-64a2-4302-b029-255d48a66d7f: receive RaftClientReply:client-FB00420D972B->0a7e6056-64a2-4302-b029-255d48a66d7f@group-1EE0336AADCF, cid=870, SUCCESS, logIndex=1121, commits[0a7e6056-64a2-4302-b029-255d48a66d7f:c1123, 82c1508e-6289-48e2-a567-a0e29c8b4903:c1119, f63d6ef8-0266-4bf3-bcb1-484cdaae1fbb:c1119]
2019-07-09 20:06:32,496 INFO  client.GrpcClientProtocolClient (GrpcClientProtocolClient.java:onNext(255)) - client-FB00420D972B->0a7e6056-64a2-4302-b029-255d48a66d7f: receive RaftClientReply:client-FB00420D972B->0a7e6056-64a2-4302-b029-255d48a66d7f@group-1EE0336AADCF, cid=871, SUCCESS, logIndex=1122, commits[0a7e6056-64a2-4302-b029-255d48a66d7f:c1123, 82c1508e-6289-48e2-a567-a0e29c8b4903:c1119, f63d6ef8-0266-4bf3-bcb1-484cdaae1fbb:c1119]
2019-07-09 20:06:32,496 INFO  client.GrpcClientProtocolClient (GrpcClientProtocolClient.java:onNext(255)) - client-FB00420D972B->0a7e6056-64a2-4302-b029-255d48a66d7f: receive RaftClientReply:client-FB00420D972B->0a7e6056-64a2-4302-b029-255d48a66d7f@group-1EE0336AADCF, cid=872, SUCCESS, logIndex=1123, commits[0a7e6056-64a2-4302-b029-255d48a66d7f:c1123, 82c1508e-6289-48e2-a567-a0e29c8b4903:c1119, f63d6ef8-0266-4bf3-bcb1-484cdaae1fbb:c1119]
2019-07-09 20:06:32,497 INFO  client.GrpcClientProtocolClient (GrpcClientProtocolClient.java:onNext(255)) - client-FB00420D972B->0a7e6056-64a2-4302-b029-255d48a66d7f: receive RaftClientReply:client-FB00420D972B->0a7e6056-64a2-4302-b029-255d48a66d7f@group-1EE0336AADCF, cid=873, SUCCESS, logIndex=0, commits[0a7e6056-64a2-4302-b029-255d48a66d7f:c1127, 82c1508e-6289-48e2-a567-a0e29c8b4903:c1122, f63d6ef8-0266-4bf3-bcb1-484cdaae1fbb:c1123]
2019-07-09 20:06:32,517 INFO  client.GrpcClientProtocolClient (GrpcClientProtocolClient.java:onNext(255)) - client-FB00420D972B->0a7e6056-64a2-4302-b029-255d48a66d7f: receive RaftClientReply:client-FB00420D972B->0a7e6056-64a2-4302-b029-255d48a66d7f@group-1EE0336AADCF, cid=874, SUCCESS, logIndex=1128, commits[0a7e6056-64a2-4302-b029-255d48a66d7f:c1129, 82c1508e-6289-48e2-a567-a0e29c8b4903:c1127, f63d6ef8-0266-4bf3-bcb1-484cdaae1fbb:c1127]
2019-07-09 20:06:32,517 INFO  client.GrpcClientProtocolClient (GrpcClientProtocolClient.java:onNext(255)) - client-FB00420D972B->0a7e6056-64a2-4302-b029-255d48a66d7f: receive RaftClientReply:client-FB00420D972B->0a7e6056-64a2-4302-b029-255d48a66d7f@group-1EE0336AADCF, cid=875, SUCCESS, logIndex=1129, commits[0a7e6056-64a2-4302-b029-255d48a66d7f:c1129, 82c1508e-6289-48e2-a567-a0e29c8b4903:c1127, f63d6ef8-0266-4bf3-bcb1-484cdaae1fbb:c1127]
2019-07-09 20:06:32,530 INFO  client.GrpcClientProtocolClient (GrpcClientProtocolClient.java:onNext(255)) - client-FB00420D972B->0a7e6056-64a2-4302-b029-255d48a66d7f: receive RaftClientReply:client-FB00420D972B->0a7e6056-64a2-4302-b029-255d48a66d7f@group-1EE0336AADCF, cid=876, SUCCESS, logIndex=1132, commits[0a7e6056-64a2-4302-b029-255d48a66d7f:c1133, 82c1508e-6289-48e2-a567-a0e29c8b4903:c1129, f63d6ef8-0266-4bf3-bcb1-484cdaae1fbb:c1129]
2019-07-09 20:06:32,531 INFO  client.GrpcClientProtocolClient (GrpcClientProtocolClient.java:onNext(255)) - client-FB00420D972B->0a7e6056-64a2-4302-b029-255d48a66d7f: receive RaftClientReply:client-FB00420D972B->0a7e6056-64a2-4302-b029-255d48a66d7f@group-1EE0336AADCF, cid=877, SUCCESS, logIndex=1133, commits[0a7e6056-64a2-4302-b029-255d48a66d7f:c1133, 82c1508e-6289-48e2-a567-a0e29c8b4903:c1129, f63d6ef8-0266-4bf3-bcb1-484cdaae1fbb:c1129]
2019-07-09 20:06:32,543 INFO  client.GrpcClientProtocolClient (GrpcClientProtocolClient.java:onNext(255)) - client-FB00420D972B->0a7e6056-64a2-4302-b029-255d48a66d7f: receive RaftClientReply:client-FB00420D972B->0a7e6056-64a2-4302-b029-255d48a66d7f@group-1EE0336AADCF, cid=878, SUCCESS, logIndex=0, commits[0a7e6056-64a2-4302-b029-255d48a66d7f:c1135, 82c1508e-6289-48e2-a567-a0e29c8b4903:c1133, f63d6ef8-0266-4bf3-bcb1-484cdaae1fbb:c1133]
2019-07-09 20:06:32,565 INFO  client.GrpcClientProtocolClient (GrpcClientProtocolClient.java:onNext(255)) - client-FB00420D972B->0a7e6056-64a2-4302-b029-255d48a66d7f: receive RaftClientReply:client-FB00420D972B->0a7e6056-64a2-4302-b029-255d48a66d7f@group-1EE0336AADCF, cid=879, SUCCESS, logIndex=1136, commits[0a7e6056-64a2-4302-b029-255d48a66d7f:c1137, 82c1508e-6289-48e2-a567-a0e29c8b4903:c1135, f63d6ef8-0266-4bf3-bcb1-484cdaae1fbb:c1135]
2019-07-09 20:06:32,565 INFO  client.GrpcClientProtocolClient (GrpcClientProtocolClient.java:onNext(255)) - client-FB00420D972B->0a7e6056-64a2-4302-b029-255d48a66d7f: receive RaftClientReply:client-FB00420D972B->0a7e6056-64a2-4302-b029-255d48a66d7f@group-1EE0336AADCF, cid=880, SUCCESS, logIndex=1137, commits[0a7e6056-64a2-4302-b029-255d48a66d7f:c1138, 82c1508e-6289-48e2-a567-a0e29c8b4903:c1135, f63d6ef8-0266-4bf3-bcb1-484cdaae1fbb:c1135]
2019-07-09 20:06:32,566 INFO  client.GrpcClientProtocolClient (GrpcClientProtocolClient.java:onNext(255)) - client-FB00420D972B->0a7e6056-64a2-4302-b029-255d48a66d7f: receive RaftClientReply:client-FB00420D972B->0a7e6056-64a2-4302-b029-255d48a66d7f@group-1EE0336AADCF, cid=881, SUCCESS, logIndex=1138, commits[0a7e6056-64a2-4302-b029-255d48a66d7f:c1139, 82c1508e-6289-48e2-a567-a0e29c8b4903:c1135, f63d6ef8-0266-4bf3-bcb1-484cdaae1fbb:c1135]
2019-07-09 20:06:32,566 INFO  client.GrpcClientProtocolClient (GrpcClientProtocolClient.java:onNext(255)) - client-FB00420D972B->0a7e6056-64a2-4302-b029-255d48a66d7f: receive RaftClientReply:client-FB00420D972B->0a7e6056-64a2-4302-b029-255d48a66d7f@group-1EE0336AADCF, cid=882, SUCCESS, logIndex=1139, commits[0a7e6056-64a2-4302-b029-255d48a66d7f:c1139, 82c1508e-6289-48e2-a567-a0e29c8b4903:c1135, f63d6ef8-0266-4bf3-bcb1-484cdaae1fbb:c1135]
2019-07-09 20:06:32,568 INFO  client.GrpcClientProtocolClient (GrpcClientProtocolClient.java:onNext(255)) - client-FB00420D972B->0a7e6056-64a2-4302-b029-255d48a66d7f: receive RaftClientReply:client-FB00420D972B->0a7e6056-64a2-4302-b029-255d48a66d7f@group-1EE0336AADCF, cid=883, SUCCESS, logIndex=0, commits[0a7e6056-64a2-4302-b029-255d48a66d7f:c1142, 82c1508e-6289-48e2-a567-a0e29c8b4903:c1138, f63d6ef8-0266-4bf3-bcb1-484cdaae1fbb:c1137]
2019-07-09 20:06:32,588 INFO  client.GrpcClientProtocolClient (GrpcClientProtocolClient.java:onNext(255)) - client-FB00420D972B->0a7e6056-64a2-4302-b029-255d48a66d7f: receive RaftClientReply:client-FB00420D972B->0a7e6056-64a2-4302-b029-255d48a66d7f@group-1EE0336AADCF, cid=884, SUCCESS, logIndex=1144, commits[0a7e6056-64a2-4302-b029-255d48a66d7f:c1145, 82c1508e-6289-48e2-a567-a0e29c8b4903:c1143, f63d6ef8-0266-4bf3-bcb1-484cdaae1fbb:c1143]
2019-07-09 20:06:32,589 INFO  client.GrpcClientProtocolClient (GrpcClientProtocolClient.java:onNext(255)) - client-FB00420D972B->0a7e6056-64a2-4302-b029-255d48a66d7f: receive RaftClientReply:client-FB00420D972B->0a7e6056-64a2-4302-b029-255d48a66d7f@group-1EE0336AADCF, cid=885, SUCCESS, logIndex=1145, commits[0a7e6056-64a2-4302-b029-255d48a66d7f:c1145, 82c1508e-6289-48e2-a567-a0e29c8b4903:c1143, f63d6ef8-0266-4bf3-bcb1-484cdaae1fbb:c1143]
2019-07-09 20:06:32,619 INFO  client.GrpcClientProtocolClient (GrpcClientProtocolClient.java:onNext(255)) - client-FB00420D972B->0a7e6056-64a2-4302-b029-255d48a66d7f: receive RaftClientReply:client-FB00420D972B->0a7e6056-64a2-4302-b029-255d48a66d7f@group-1EE0336AADCF, cid=886, SUCCESS, logIndex=1148, commits[0a7e6056-64a2-4302-b029-255d48a66d7f:c1149, 82c1508e-6289-48e2-a567-a0e29c8b4903:c1147, f63d6ef8-0266-4bf3-bcb1-484cdaae1fbb:c1147]
2019-07-09 20:06:32,619 INFO  client.GrpcClientProtocolClient (GrpcClientProtocolClient.java:onNext(255)) - client-FB00420D972B->0a7e6056-64a2-4302-b029-255d48a66d7f: receive RaftClientReply:client-FB00420D972B->0a7e6056-64a2-4302-b029-255d48a66d7f@group-1EE0336AADCF, cid=887, SUCCESS, logIndex=1149, commits[0a7e6056-64a2-4302-b029-255d48a66d7f:c1149, 82c1508e-6289-48e2-a567-a0e29c8b4903:c1147, f63d6ef8-0266-4bf3-bcb1-484cdaae1fbb:c1147]
2019-07-09 20:06:32,643 INFO  client.GrpcClientProtocolClient (GrpcClientProtocolClient.java:onNext(255)) - client-FB00420D972B->0a7e6056-64a2-4302-b029-255d48a66d7f: receive RaftClientReply:client-FB00420D972B->0a7e6056-64a2-4302-b029-255d48a66d7f@group-1EE0336AADCF, cid=888, SUCCESS, logIndex=0, commits[0a7e6056-64a2-4302-b029-255d48a66d7f:c1150, 82c1508e-6289-48e2-a567-a0e29c8b4903:c1149, f63d6ef8-0266-4bf3-bcb1-484cdaae1fbb:c1149]
2019-07-09 20:06:32,665 INFO  client.GrpcClientProtocolClient (GrpcClientProtocolClient.java:onNext(255)) - client-FB00420D972B->0a7e6056-64a2-4302-b029-255d48a66d7f: receive RaftClientReply:client-FB00420D972B->0a7e6056-64a2-4302-b029-255d48a66d7f@group-1EE0336AADCF, cid=889, SUCCESS, logIndex=1152, commits[0a7e6056-64a2-4302-b029-255d48a66d7f:c1153, 82c1508e-6289-48e2-a567-a0e29c8b4903:c1151, f63d6ef8-0266-4bf3-bcb1-484cdaae1fbb:c1151]
2019-07-09 20:06:32,666 INFO  client.GrpcClientProtocolClient (GrpcClientProtocolClient.java:onNext(255)) - client-FB00420D972B->0a7e6056-64a2-4302-b029-255d48a66d7f: receive RaftClientReply:client-FB00420D972B->0a7e6056-64a2-4302-b029-255d48a66d7f@group-1EE0336AADCF, cid=890, SUCCESS, logIndex=1153, commits[0a7e6056-64a2-4302-b029-255d48a66d7f:c1154, 82c1508e-6289-48e2-a567-a0e29c8b4903:c1151, f63d6ef8-0266-4bf3-bcb1-484cdaae1fbb:c1151]
2019-07-09 20:06:32,667 INFO  client.GrpcClientProtocolClient (GrpcClientProtocolClient.java:onNext(255)) - client-FB00420D972B->0a7e6056-64a2-4302-b029-255d48a66d7f: receive RaftClientReply:client-FB00420D972B->0a7e6056-64a2-4302-b029-255d48a66d7f@group-1EE0336AADCF, cid=891, SUCCESS, logIndex=1154, commits[0a7e6056-64a2-4302-b029-255d48a66d7f:c1155, 82c1508e-6289-48e2-a567-a0e29c8b4903:c1151, f63d6ef8-0266-4bf3-bcb1-484cdaae1fbb:c1151]
2019-07-09 20:06:32,667 INFO  client.GrpcClientProtocolClient (GrpcClientProtocolClient.java:onNext(255)) - client-FB00420D972B->0a7e6056-64a2-4302-b029-255d48a66d7f: receive RaftClientReply:client-FB00420D972B->0a7e6056-64a2-4302-b029-255d48a66d7f@group-1EE0336AADCF, cid=892, SUCCESS, logIndex=1155, commits[0a7e6056-64a2-4302-b029-255d48a66d7f:c1155, 82c1508e-6289-48e2-a567-a0e29c8b4903:c1151, f63d6ef8-0266-4bf3-bcb1-484cdaae1fbb:c1151]
2019-07-09 20:06:32,670 INFO  client.GrpcClientProtocolClient (GrpcClientProtocolClient.java:onNext(255)) - client-FB00420D972B->0a7e6056-64a2-4302-b029-255d48a66d7f: receive RaftClientReply:client-FB00420D972B->0a7e6056-64a2-4302-b029-255d48a66d7f@group-1EE0336AADCF, cid=893, SUCCESS, logIndex=0, commits[0a7e6056-64a2-4302-b029-255d48a66d7f:c1156, 82c1508e-6289-48e2-a567-a0e29c8b4903:c1153, f63d6ef8-0266-4bf3-bcb1-484cdaae1fbb:c1153]
2019-07-09 20:06:32,694 INFO  client.GrpcClientProtocolClient (GrpcClientProtocolClient.java:onNext(255)) - client-FB00420D972B->0a7e6056-64a2-4302-b029-255d48a66d7f: receive RaftClientReply:client-FB00420D972B->0a7e6056-64a2-4302-b029-255d48a66d7f@group-1EE0336AADCF, cid=894, SUCCESS, logIndex=1160, commits[0a7e6056-64a2-4302-b029-255d48a66d7f:c1161, 82c1508e-6289-48e2-a567-a0e29c8b4903:c1157, f63d6ef8-0266-4bf3-bcb1-484cdaae1fbb:c1157]
2019-07-09 20:06:32,695 INFO  client.GrpcClientProtocolClient (GrpcClientProtocolClient.java:onNext(255)) - client-FB00420D972B->0a7e6056-64a2-4302-b029-255d48a66d7f: receive RaftClientReply:client-FB00420D972B->0a7e6056-64a2-4302-b029-255d48a66d7f@group-1EE0336AADCF, cid=895, SUCCESS, logIndex=1161, commits[0a7e6056-64a2-4302-b029-255d48a66d7f:c1161, 82c1508e-6289-48e2-a567-a0e29c8b4903:c1157, f63d6ef8-0266-4bf3-bcb1-484cdaae1fbb:c1157]
2019-07-09 20:06:32,708 INFO  client.GrpcClientProtocolClient (GrpcClientProtocolClient.java:onNext(255)) - client-FB00420D972B->0a7e6056-64a2-4302-b029-255d48a66d7f: receive RaftClientReply:client-FB00420D972B->0a7e6056-64a2-4302-b029-255d48a66d7f@group-1EE0336AADCF, cid=896, SUCCESS, logIndex=1164, commits[0a7e6056-64a2-4302-b029-255d48a66d7f:c1165, 82c1508e-6289-48e2-a567-a0e29c8b4903:c1161, f63d6ef8-0266-4bf3-bcb1-484cdaae1fbb:c1161]
2019-07-09 20:06:32,709 INFO  client.GrpcClientProtocolClient (GrpcClientProtocolClient.java:onNext(255)) - client-FB00420D972B->0a7e6056-64a2-4302-b029-255d48a66d7f: receive RaftClientReply:client-FB00420D972B->0a7e6056-64a2-4302-b029-255d48a66d7f@group-1EE0336AADCF, cid=897, SUCCESS, logIndex=1165, commits[0a7e6056-64a2-4302-b029-255d48a66d7f:c1165, 82c1508e-6289-48e2-a567-a0e29c8b4903:c1161, f63d6ef8-0266-4bf3-bcb1-484cdaae1fbb:c1161]
2019-07-09 20:06:32,721 INFO  client.GrpcClientProtocolClient (GrpcClientProtocolClient.java:onNext(255)) - client-FB00420D972B->0a7e6056-64a2-4302-b029-255d48a66d7f: receive RaftClientReply:client-FB00420D972B->0a7e6056-64a2-4302-b029-255d48a66d7f@group-1EE0336AADCF, cid=898, SUCCESS, logIndex=0, commits[0a7e6056-64a2-4302-b029-255d48a66d7f:c1166, 82c1508e-6289-48e2-a567-a0e29c8b4903:c1165, f63d6ef8-0266-4bf3-bcb1-484cdaae1fbb:c1165]
2019-07-09 20:06:32,758 INFO  client.GrpcClientProtocolClient (GrpcClientProtocolClient.java:onNext(255)) - client-FB00420D972B->0a7e6056-64a2-4302-b029-255d48a66d7f: receive RaftClientReply:client-FB00420D972B->0a7e6056-64a2-4302-b029-255d48a66d7f@group-1EE0336AADCF, cid=899, SUCCESS, logIndex=1168, commits[0a7e6056-64a2-4302-b029-255d48a66d7f:c1169, 82c1508e-6289-48e2-a567-a0e29c8b4903:c1167, f63d6ef8-0266-4bf3-bcb1-484cdaae1fbb:c1167]
2019-07-09 20:06:32,759 INFO  client.GrpcClientProtocolClient (GrpcClientProtocolClient.java:onNext(255)) - client-FB00420D972B->0a7e6056-64a2-4302-b029-255d48a66d7f: receive RaftClientReply:client-FB00420D972B->0a7e6056-64a2-4302-b029-255d48a66d7f@group-1EE0336AADCF, cid=900, SUCCESS, logIndex=1169, commits[0a7e6056-64a2-4302-b029-255d48a66d7f:c1169, 82c1508e-6289-48e2-a567-a0e29c8b4903:c1167, f63d6ef8-0266-4bf3-bcb1-484cdaae1fbb:c1167]
2019-07-09 20:06:32,760 INFO  client.GrpcClientProtocolClient (GrpcClientProtocolClient.java:onNext(255)) - client-FB00420D972B->0a7e6056-64a2-4302-b029-255d48a66d7f: receive RaftClientReply:client-FB00420D972B->0a7e6056-64a2-4302-b029-255d48a66d7f@group-1EE0336AADCF, cid=901, SUCCESS, logIndex=1170, commits[0a7e6056-64a2-4302-b029-255d48a66d7f:c1171, 82c1508e-6289-48e2-a567-a0e29c8b4903:c1167, f63d6ef8-0266-4bf3-bcb1-484cdaae1fbb:c1167]
2019-07-09 20:06:32,760 INFO  client.GrpcClientProtocolClient (GrpcClientProtocolClient.java:onNext(255)) - client-FB00420D972B->0a7e6056-64a2-4302-b029-255d48a66d7f: receive RaftClientReply:client-FB00420D972B->0a7e6056-64a2-4302-b029-255d48a66d7f@group-1EE0336AADCF, cid=902, SUCCESS, logIndex=1171, commits[0a7e6056-64a2-4302-b029-255d48a66d7f:c1171, 82c1508e-6289-48e2-a567-a0e29c8b4903:c1167, f63d6ef8-0266-4bf3-bcb1-484cdaae1fbb:c1167]
2019-07-09 20:06:32,761 INFO  client.GrpcClientProtocolClient (GrpcClientProtocolClient.java:onNext(255)) - client-FB00420D972B->0a7e6056-64a2-4302-b029-255d48a66d7f: receive RaftClientReply:client-FB00420D972B->0a7e6056-64a2-4302-b029-255d48a66d7f@group-1EE0336AADCF, cid=903, SUCCESS, logIndex=0, commits[0a7e6056-64a2-4302-b029-255d48a66d7f:c1174, 82c1508e-6289-48e2-a567-a0e29c8b4903:c1170, f63d6ef8-0266-4bf3-bcb1-484cdaae1fbb:c1169]
 0.00% |█                                                                                                    |  0/1 Time: 0:00:042019-07-09 20:06:32,781 INFO  client.GrpcClientProtocolClient (GrpcClientProtocolClient.java:onNext(255)) - client-FB00420D972B->0a7e6056-64a2-4302-b029-255d48a66d7f: receive RaftClientReply:client-FB00420D972B->0a7e6056-64a2-4302-b029-255d48a66d7f@group-1EE0336AADCF, cid=904, SUCCESS, logIndex=1176, commits[0a7e6056-64a2-4302-b029-255d48a66d7f:c1177, 82c1508e-6289-48e2-a567-a0e29c8b4903:c1175, f63d6ef8-0266-4bf3-bcb1-484cdaae1fbb:c1175]
2019-07-09 20:06:32,781 INFO  client.GrpcClientProtocolClient (GrpcClientProtocolClient.java:onNext(255)) - client-FB00420D972B->0a7e6056-64a2-4302-b029-255d48a66d7f: receive RaftClientReply:client-FB00420D972B->0a7e6056-64a2-4302-b029-255d48a66d7f@group-1EE0336AADCF, cid=905, SUCCESS, logIndex=1177, commits[0a7e6056-64a2-4302-b029-255d48a66d7f:c1177, 82c1508e-6289-48e2-a567-a0e29c8b4903:c1175, f63d6ef8-0266-4bf3-bcb1-484cdaae1fbb:c1175]
2019-07-09 20:06:32,794 INFO  client.GrpcClientProtocolClient (GrpcClientProtocolClient.java:onNext(255)) - client-FB00420D972B->0a7e6056-64a2-4302-b029-255d48a66d7f: receive RaftClientReply:client-FB00420D972B->0a7e6056-64a2-4302-b029-255d48a66d7f@group-1EE0336AADCF, cid=906, SUCCESS, logIndex=1180, commits[0a7e6056-64a2-4302-b029-255d48a66d7f:c1181, 82c1508e-6289-48e2-a567-a0e29c8b4903:c1177, f63d6ef8-0266-4bf3-bcb1-484cdaae1fbb:c1177]
2019-07-09 20:06:32,795 INFO  client.GrpcClientProtocolClient (GrpcClientProtocolClient.java:onNext(255)) - client-FB00420D972B->0a7e6056-64a2-4302-b029-255d48a66d7f: receive RaftClientReply:client-FB00420D972B->0a7e6056-64a2-4302-b029-255d48a66d7f@group-1EE0336AADCF, cid=907, SUCCESS, logIndex=1181, commits[0a7e6056-64a2-4302-b029-255d48a66d7f:c1181, 82c1508e-6289-48e2-a567-a0e29c8b4903:c1177, f63d6ef8-0266-4bf3-bcb1-484cdaae1fbb:c1177]
2019-07-09 20:06:32,808 INFO  client.GrpcClientProtocolClient (GrpcClientProtocolClient.java:onNext(255)) - client-FB00420D972B->0a7e6056-64a2-4302-b029-255d48a66d7f: receive RaftClientReply:client-FB00420D972B->0a7e6056-64a2-4302-b029-255d48a66d7f@group-1EE0336AADCF, cid=908, SUCCESS, logIndex=0, commits[0a7e6056-64a2-4302-b029-255d48a66d7f:c1183, 82c1508e-6289-48e2-a567-a0e29c8b4903:c1181, f63d6ef8-0266-4bf3-bcb1-484cdaae1fbb:c1181]
2019-07-09 20:06:32,829 INFO  client.GrpcClientProtocolClient (GrpcClientProtocolClient.java:onNext(255)) - client-FB00420D972B->0a7e6056-64a2-4302-b029-255d48a66d7f: receive RaftClientReply:client-FB00420D972B->0a7e6056-64a2-4302-b029-255d48a66d7f@group-1EE0336AADCF, cid=909, SUCCESS, logIndex=1184, commits[0a7e6056-64a2-4302-b029-255d48a66d7f:c1185, 82c1508e-6289-48e2-a567-a0e29c8b4903:c1183, f63d6ef8-0266-4bf3-bcb1-484cdaae1fbb:c1183]
2019-07-09 20:06:32,830 INFO  client.GrpcClientProtocolClient (GrpcClientProtocolClient.java:onNext(255)) - client-FB00420D972B->0a7e6056-64a2-4302-b029-255d48a66d7f: receive RaftClientReply:client-FB00420D972B->0a7e6056-64a2-4302-b029-255d48a66d7f@group-1EE0336AADCF, cid=910, SUCCESS, logIndex=1185, commits[0a7e6056-64a2-4302-b029-255d48a66d7f:c1185, 82c1508e-6289-48e2-a567-a0e29c8b4903:c1183, f63d6ef8-0266-4bf3-bcb1-484cdaae1fbb:c1183]
2019-07-09 20:06:32,830 INFO  client.GrpcClientProtocolClient (GrpcClientProtocolClient.java:onNext(255)) - client-FB00420D972B->0a7e6056-64a2-4302-b029-255d48a66d7f: receive RaftClientReply:client-FB00420D972B->0a7e6056-64a2-4302-b029-255d48a66d7f@group-1EE0336AADCF, cid=911, SUCCESS, logIndex=1186, commits[0a7e6056-64a2-4302-b029-255d48a66d7f:c1187, 82c1508e-6289-48e2-a567-a0e29c8b4903:c1183, f63d6ef8-0266-4bf3-bcb1-484cdaae1fbb:c1183]
2019-07-09 20:06:32,831 INFO  client.GrpcClientProtocolClient (GrpcClientProtocolClient.java:onNext(255)) - client-FB00420D972B->0a7e6056-64a2-4302-b029-255d48a66d7f: receive RaftClientReply:client-FB00420D972B->0a7e6056-64a2-4302-b029-255d48a66d7f@group-1EE0336AADCF, cid=912, SUCCESS, logIndex=1187, commits[0a7e6056-64a2-4302-b029-255d48a66d7f:c1187, 82c1508e-6289-48e2-a567-a0e29c8b4903:c1183, f63d6ef8-0266-4bf3-bcb1-484cdaae1fbb:c1183]
2019-07-09 20:06:32,832 INFO  client.GrpcClientProtocolClient (GrpcClientProtocolClient.java:onNext(255)) - client-FB00420D972B->0a7e6056-64a2-4302-b029-255d48a66d7f: receive RaftClientReply:client-FB00420D972B->0a7e6056-64a2-4302-b029-255d48a66d7f@group-1EE0336AADCF, cid=913, SUCCESS, logIndex=0, commits[0a7e6056-64a2-4302-b029-255d48a66d7f:c1189, 82c1508e-6289-48e2-a567-a0e29c8b4903:c1185, f63d6ef8-0266-4bf3-bcb1-484cdaae1fbb:c1185]
2019-07-09 20:06:32,852 INFO  client.GrpcClientProtocolClient (GrpcClientProtocolClient.java:onNext(255)) - client-FB00420D972B->0a7e6056-64a2-4302-b029-255d48a66d7f: receive RaftClientReply:client-FB00420D972B->0a7e6056-64a2-4302-b029-255d48a66d7f@group-1EE0336AADCF, cid=914, SUCCESS, logIndex=1191, commits[0a7e6056-64a2-4302-b029-255d48a66d7f:c1192, 82c1508e-6289-48e2-a567-a0e29c8b4903:c1190, f63d6ef8-0266-4bf3-bcb1-484cdaae1fbb:c1190]
2019-07-09 20:06:32,852 INFO  client.GrpcClientProtocolClient (GrpcClientProtocolClient.java:onNext(255)) - client-FB00420D972B->0a7e6056-64a2-4302-b029-255d48a66d7f: receive RaftClientReply:client-FB00420D972B->0a7e6056-64a2-4302-b029-255d48a66d7f@group-1EE0336AADCF, cid=915, SUCCESS, logIndex=1192, commits[0a7e6056-64a2-4302-b029-255d48a66d7f:c1192, 82c1508e-6289-48e2-a567-a0e29c8b4903:c1190, f63d6ef8-0266-4bf3-bcb1-484cdaae1fbb:c1190]
2019-07-09 20:06:32,987 INFO  client.GrpcClientProtocolClient (GrpcClientProtocolClient.java:onNext(255)) - client-FB00420D972B->0a7e6056-64a2-4302-b029-255d48a66d7f: receive RaftClientReply:client-FB00420D972B->0a7e6056-64a2-4302-b029-255d48a66d7f@group-1EE0336AADCF, cid=916, SUCCESS, logIndex=1195, commits[0a7e6056-64a2-4302-b029-255d48a66d7f:c1196, 82c1508e-6289-48e2-a567-a0e29c8b4903:c1193, f63d6ef8-0266-4bf3-bcb1-484cdaae1fbb:c1193]
2019-07-09 20:06:32,988 INFO  client.GrpcClientProtocolClient (GrpcClientProtocolClient.java:onNext(255)) - client-FB00420D972B->0a7e6056-64a2-4302-b029-255d48a66d7f: receive RaftClientReply:client-FB00420D972B->0a7e6056-64a2-4302-b029-255d48a66d7f@group-1EE0336AADCF, cid=917, SUCCESS, logIndex=1196, commits[0a7e6056-64a2-4302-b029-255d48a66d7f:c1196, 82c1508e-6289-48e2-a567-a0e29c8b4903:c1193, f63d6ef8-0266-4bf3-bcb1-484cdaae1fbb:c1193]
2019-07-09 20:06:33,001 INFO  client.GrpcClientProtocolClient (GrpcClientProtocolClient.java:onNext(255)) - client-FB00420D972B->0a7e6056-64a2-4302-b029-255d48a66d7f: receive RaftClientReply:client-FB00420D972B->0a7e6056-64a2-4302-b029-255d48a66d7f@group-1EE0336AADCF, cid=918, SUCCESS, logIndex=0, commits[0a7e6056-64a2-4302-b029-255d48a66d7f:c1198, 82c1508e-6289-48e2-a567-a0e29c8b4903:c1196, f63d6ef8-0266-4bf3-bcb1-484cdaae1fbb:c1196]
2019-07-09 20:06:33,023 INFO  client.GrpcClientProtocolClient (GrpcClientProtocolClient.java:onNext(255)) - client-FB00420D972B->0a7e6056-64a2-4302-b029-255d48a66d7f: receive RaftClientReply:client-FB00420D972B->0a7e6056-64a2-4302-b029-255d48a66d7f@group-1EE0336AADCF, cid=919, SUCCESS, logIndex=1199, commits[0a7e6056-64a2-4302-b029-255d48a66d7f:c1200, 82c1508e-6289-48e2-a567-a0e29c8b4903:c1198, f63d6ef8-0266-4bf3-bcb1-484cdaae1fbb:c1198]
2019-07-09 20:06:33,024 INFO  client.GrpcClientProtocolClient (GrpcClientProtocolClient.java:onNext(255)) - client-FB00420D972B->0a7e6056-64a2-4302-b029-255d48a66d7f: receive RaftClientReply:client-FB00420D972B->0a7e6056-64a2-4302-b029-255d48a66d7f@group-1EE0336AADCF, cid=920, SUCCESS, logIndex=1200, commits[0a7e6056-64a2-4302-b029-255d48a66d7f:c1202, 82c1508e-6289-48e2-a567-a0e29c8b4903:c1198, f63d6ef8-0266-4bf3-bcb1-484cdaae1fbb:c1198]
2019-07-09 20:06:33,024 INFO  client.GrpcClientProtocolClient (GrpcClientProtocolClient.java:onNext(255)) - client-FB00420D972B->0a7e6056-64a2-4302-b029-255d48a66d7f: receive RaftClientReply:client-FB00420D972B->0a7e6056-64a2-4302-b029-255d48a66d7f@group-1EE0336AADCF, cid=921, SUCCESS, logIndex=1201, commits[0a7e6056-64a2-4302-b029-255d48a66d7f:c1202, 82c1508e-6289-48e2-a567-a0e29c8b4903:c1198, f63d6ef8-0266-4bf3-bcb1-484cdaae1fbb:c1198]
2019-07-09 20:06:33,025 INFO  client.GrpcClientProtocolClient (GrpcClientProtocolClient.java:onNext(255)) - client-FB00420D972B->0a7e6056-64a2-4302-b029-255d48a66d7f: receive RaftClientReply:client-FB00420D972B->0a7e6056-64a2-4302-b029-255d48a66d7f@group-1EE0336AADCF, cid=922, SUCCESS, logIndex=1202, commits[0a7e6056-64a2-4302-b029-255d48a66d7f:c1203, 82c1508e-6289-48e2-a567-a0e29c8b4903:c1198, f63d6ef8-0266-4bf3-bcb1-484cdaae1fbb:c1199]
2019-07-09 20:06:33,027 INFO  client.GrpcClientProtocolClient (GrpcClientProtocolClient.java:onNext(255)) - client-FB00420D972B->0a7e6056-64a2-4302-b029-255d48a66d7f: receive RaftClientReply:client-FB00420D972B->0a7e6056-64a2-4302-b029-255d48a66d7f@group-1EE0336AADCF, cid=923, SUCCESS, logIndex=0, commits[0a7e6056-64a2-4302-b029-255d48a66d7f:c1206, 82c1508e-6289-48e2-a567-a0e29c8b4903:c1200, f63d6ef8-0266-4bf3-bcb1-484cdaae1fbb:c1202]
2019-07-09 20:06:33,049 INFO  client.GrpcClientProtocolClient (GrpcClientProtocolClient.java:onNext(255)) - client-FB00420D972B->0a7e6056-64a2-4302-b029-255d48a66d7f: receive RaftClientReply:client-FB00420D972B->0a7e6056-64a2-4302-b029-255d48a66d7f@group-1EE0336AADCF, cid=924, SUCCESS, logIndex=1207, commits[0a7e6056-64a2-4302-b029-255d48a66d7f:c1208, 82c1508e-6289-48e2-a567-a0e29c8b4903:c1206, f63d6ef8-0266-4bf3-bcb1-484cdaae1fbb:c1206]
2019-07-09 20:06:33,049 INFO  client.GrpcClientProtocolClient (GrpcClientProtocolClient.java:onNext(255)) - client-FB00420D972B->0a7e6056-64a2-4302-b029-255d48a66d7f: receive RaftClientReply:client-FB00420D972B->0a7e6056-64a2-4302-b029-255d48a66d7f@group-1EE0336AADCF, cid=925, SUCCESS, logIndex=1208, commits[0a7e6056-64a2-4302-b029-255d48a66d7f:c1208, 82c1508e-6289-48e2-a567-a0e29c8b4903:c1206, f63d6ef8-0266-4bf3-bcb1-484cdaae1fbb:c1206]
2019-07-09 20:06:33,074 INFO  client.GrpcClientProtocolClient (GrpcClientProtocolClient.java:onNext(255)) - client-FB00420D972B->0a7e6056-64a2-4302-b029-255d48a66d7f: receive RaftClientReply:client-FB00420D972B->0a7e6056-64a2-4302-b029-255d48a66d7f@group-1EE0336AADCF, cid=926, SUCCESS, logIndex=1211, commits[0a7e6056-64a2-4302-b029-255d48a66d7f:c1212, 82c1508e-6289-48e2-a567-a0e29c8b4903:c1208, f63d6ef8-0266-4bf3-bcb1-484cdaae1fbb:c1208]
2019-07-09 20:06:33,075 INFO  client.GrpcClientProtocolClient (GrpcClientProtocolClient.java:onNext(255)) - client-FB00420D972B->0a7e6056-64a2-4302-b029-255d48a66d7f: receive RaftClientReply:client-FB00420D972B->0a7e6056-64a2-4302-b029-255d48a66d7f@group-1EE0336AADCF, cid=927, SUCCESS, logIndex=1212, commits[0a7e6056-64a2-4302-b029-255d48a66d7f:c1212, 82c1508e-6289-48e2-a567-a0e29c8b4903:c1208, f63d6ef8-0266-4bf3-bcb1-484cdaae1fbb:c1208]
2019-07-09 20:06:33,077 INFO  client.GrpcClientProtocolClient (GrpcClientProtocolClient.java:onNext(255)) - client-FB00420D972B->0a7e6056-64a2-4302-b029-255d48a66d7f: receive RaftClientReply:client-FB00420D972B->0a7e6056-64a2-4302-b029-255d48a66d7f@group-1EE0336AADCF, cid=928, SUCCESS, logIndex=0, commits[0a7e6056-64a2-4302-b029-255d48a66d7f:c1214, 82c1508e-6289-48e2-a567-a0e29c8b4903:c1212, f63d6ef8-0266-4bf3-bcb1-484cdaae1fbb:c1212]
2019-07-09 20:06:33,097 INFO  client.GrpcClientProtocolClient (GrpcClientProtocolClient.java:onNext(255)) - client-FB00420D972B->0a7e6056-64a2-4302-b029-255d48a66d7f: receive RaftClientReply:client-FB00420D972B->0a7e6056-64a2-4302-b029-255d48a66d7f@group-1EE0336AADCF, cid=929, SUCCESS, logIndex=1215, commits[0a7e6056-64a2-4302-b029-255d48a66d7f:c1216, 82c1508e-6289-48e2-a567-a0e29c8b4903:c1214, f63d6ef8-0266-4bf3-bcb1-484cdaae1fbb:c1214]
2019-07-09 20:06:33,098 INFO  client.GrpcClientProtocolClient (GrpcClientProtocolClient.java:onNext(255)) - client-FB00420D972B->0a7e6056-64a2-4302-b029-255d48a66d7f: receive RaftClientReply:client-FB00420D972B->0a7e6056-64a2-4302-b029-255d48a66d7f@group-1EE0336AADCF, cid=930, SUCCESS, logIndex=1216, commits[0a7e6056-64a2-4302-b029-255d48a66d7f:c1216, 82c1508e-6289-48e2-a567-a0e29c8b4903:c1214, f63d6ef8-0266-4bf3-bcb1-484cdaae1fbb:c1214]
2019-07-09 20:06:33,099 INFO  client.GrpcClientProtocolClient (GrpcClientProtocolClient.java:onNext(255)) - client-FB00420D972B->0a7e6056-64a2-4302-b029-255d48a66d7f: receive RaftClientReply:client-FB00420D972B->0a7e6056-64a2-4302-b029-255d48a66d7f@group-1EE0336AADCF, cid=931, SUCCESS, logIndex=1217, commits[0a7e6056-64a2-4302-b029-255d48a66d7f:c1218, 82c1508e-6289-48e2-a567-a0e29c8b4903:c1214, f63d6ef8-0266-4bf3-bcb1-484cdaae1fbb:c1214]
2019-07-09 20:06:33,099 INFO  client.GrpcClientProtocolClient (GrpcClientProtocolClient.java:onNext(255)) - client-FB00420D972B->0a7e6056-64a2-4302-b029-255d48a66d7f: receive RaftClientReply:client-FB00420D972B->0a7e6056-64a2-4302-b029-255d48a66d7f@group-1EE0336AADCF, cid=932, SUCCESS, logIndex=1218, commits[0a7e6056-64a2-4302-b029-255d48a66d7f:c1218, 82c1508e-6289-48e2-a567-a0e29c8b4903:c1214, f63d6ef8-0266-4bf3-bcb1-484cdaae1fbb:c1214]
2019-07-09 20:06:33,101 INFO  client.GrpcClientProtocolClient (GrpcClientProtocolClient.java:onNext(255)) - client-FB00420D972B->0a7e6056-64a2-4302-b029-255d48a66d7f: receive RaftClientReply:client-FB00420D972B->0a7e6056-64a2-4302-b029-255d48a66d7f@group-1EE0336AADCF, cid=933, SUCCESS, logIndex=0, commits[0a7e6056-64a2-4302-b029-255d48a66d7f:c1221, 82c1508e-6289-48e2-a567-a0e29c8b4903:c1217, f63d6ef8-0266-4bf3-bcb1-484cdaae1fbb:c1218]
2019-07-09 20:06:33,123 INFO  client.GrpcClientProtocolClient (GrpcClientProtocolClient.java:onNext(255)) - client-FB00420D972B->0a7e6056-64a2-4302-b029-255d48a66d7f: receive RaftClientReply:client-FB00420D972B->0a7e6056-64a2-4302-b029-255d48a66d7f@group-1EE0336AADCF, cid=934, SUCCESS, logIndex=1223, commits[0a7e6056-64a2-4302-b029-255d48a66d7f:c1224, 82c1508e-6289-48e2-a567-a0e29c8b4903:c1222, f63d6ef8-0266-4bf3-bcb1-484cdaae1fbb:c1222]
2019-07-09 20:06:33,123 INFO  client.GrpcClientProtocolClient (GrpcClientProtocolClient.java:onNext(255)) - client-FB00420D972B->0a7e6056-64a2-4302-b029-255d48a66d7f: receive RaftClientReply:client-FB00420D972B->0a7e6056-64a2-4302-b029-255d48a66d7f@group-1EE0336AADCF, cid=935, SUCCESS, logIndex=1224, commits[0a7e6056-64a2-4302-b029-255d48a66d7f:c1224, 82c1508e-6289-48e2-a567-a0e29c8b4903:c1222, f63d6ef8-0266-4bf3-bcb1-484cdaae1fbb:c1222]
2019-07-09 20:06:33,147 INFO  client.GrpcClientProtocolClient (GrpcClientProtocolClient.java:onNext(255)) - client-FB00420D972B->0a7e6056-64a2-4302-b029-255d48a66d7f: receive RaftClientReply:client-FB00420D972B->0a7e6056-64a2-4302-b029-255d48a66d7f@group-1EE0336AADCF, cid=936, SUCCESS, logIndex=1227, commits[0a7e6056-64a2-4302-b029-255d48a66d7f:c1228, 82c1508e-6289-48e2-a567-a0e29c8b4903:c1224, f63d6ef8-0266-4bf3-bcb1-484cdaae1fbb:c1224]
2019-07-09 20:06:33,147 INFO  client.GrpcClientProtocolClient (GrpcClientProtocolClient.java:onNext(255)) - client-FB00420D972B->0a7e6056-64a2-4302-b029-255d48a66d7f: receive RaftClientReply:client-FB00420D972B->0a7e6056-64a2-4302-b029-255d48a66d7f@group-1EE0336AADCF, cid=937, SUCCESS, logIndex=1228, commits[0a7e6056-64a2-4302-b029-255d48a66d7f:c1228, 82c1508e-6289-48e2-a567-a0e29c8b4903:c1224, f63d6ef8-0266-4bf3-bcb1-484cdaae1fbb:c1224]
2019-07-09 20:06:33,161 INFO  client.GrpcClientProtocolClient (GrpcClientProtocolClient.java:onNext(255)) - client-FB00420D972B->0a7e6056-64a2-4302-b029-255d48a66d7f: receive RaftClientReply:client-FB00420D972B->0a7e6056-64a2-4302-b029-255d48a66d7f@group-1EE0336AADCF, cid=938, SUCCESS, logIndex=0, commits[0a7e6056-64a2-4302-b029-255d48a66d7f:c1230, 82c1508e-6289-48e2-a567-a0e29c8b4903:c1228, f63d6ef8-0266-4bf3-bcb1-484cdaae1fbb:c1228]
2019-07-09 20:06:33,185 INFO  client.GrpcClientProtocolClient (GrpcClientProtocolClient.java:onNext(255)) - client-FB00420D972B->0a7e6056-64a2-4302-b029-255d48a66d7f: receive RaftClientReply:client-FB00420D972B->0a7e6056-64a2-4302-b029-255d48a66d7f@group-1EE0336AADCF, cid=939, SUCCESS, logIndex=1231, commits[0a7e6056-64a2-4302-b029-255d48a66d7f:c1232, 82c1508e-6289-48e2-a567-a0e29c8b4903:c1230, f63d6ef8-0266-4bf3-bcb1-484cdaae1fbb:c1230]
2019-07-09 20:06:33,186 INFO  client.GrpcClientProtocolClient (GrpcClientProtocolClient.java:onNext(255)) - client-FB00420D972B->0a7e6056-64a2-4302-b029-255d48a66d7f: receive RaftClientReply:client-FB00420D972B->0a7e6056-64a2-4302-b029-255d48a66d7f@group-1EE0336AADCF, cid=940, SUCCESS, logIndex=1232, commits[0a7e6056-64a2-4302-b029-255d48a66d7f:c1232, 82c1508e-6289-48e2-a567-a0e29c8b4903:c1230, f63d6ef8-0266-4bf3-bcb1-484cdaae1fbb:c1230]
2019-07-09 20:06:33,186 INFO  client.GrpcClientProtocolClient (GrpcClientProtocolClient.java:onNext(255)) - client-FB00420D972B->0a7e6056-64a2-4302-b029-255d48a66d7f: receive RaftClientReply:client-FB00420D972B->0a7e6056-64a2-4302-b029-255d48a66d7f@group-1EE0336AADCF, cid=941, SUCCESS, logIndex=1233, commits[0a7e6056-64a2-4302-b029-255d48a66d7f:c1234, 82c1508e-6289-48e2-a567-a0e29c8b4903:c1230, f63d6ef8-0266-4bf3-bcb1-484cdaae1fbb:c1230]
2019-07-09 20:06:33,187 INFO  client.GrpcClientProtocolClient (GrpcClientProtocolClient.java:onNext(255)) - client-FB00420D972B->0a7e6056-64a2-4302-b029-255d48a66d7f: receive RaftClientReply:client-FB00420D972B->0a7e6056-64a2-4302-b029-255d48a66d7f@group-1EE0336AADCF, cid=942, SUCCESS, logIndex=1234, commits[0a7e6056-64a2-4302-b029-255d48a66d7f:c1234, 82c1508e-6289-48e2-a567-a0e29c8b4903:c1230, f63d6ef8-0266-4bf3-bcb1-484cdaae1fbb:c1230]
2019-07-09 20:06:33,198 INFO  client.GrpcClientProtocolClient (GrpcClientProtocolClient.java:onNext(255)) - client-FB00420D972B->0a7e6056-64a2-4302-b029-255d48a66d7f: receive RaftClientReply:client-FB00420D972B->0a7e6056-64a2-4302-b029-255d48a66d7f@group-1EE0336AADCF, cid=943, SUCCESS, logIndex=0, commits[0a7e6056-64a2-4302-b029-255d48a66d7f:c1236, 82c1508e-6289-48e2-a567-a0e29c8b4903:c1232, f63d6ef8-0266-4bf3-bcb1-484cdaae1fbb:c1232]
2019-07-09 20:06:33,219 INFO  client.GrpcClientProtocolClient (GrpcClientProtocolClient.java:onNext(255)) - client-FB00420D972B->0a7e6056-64a2-4302-b029-255d48a66d7f: receive RaftClientReply:client-FB00420D972B->0a7e6056-64a2-4302-b029-255d48a66d7f@group-1EE0336AADCF, cid=944, SUCCESS, logIndex=1239, commits[0a7e6056-64a2-4302-b029-255d48a66d7f:c1240, 82c1508e-6289-48e2-a567-a0e29c8b4903:c1238, f63d6ef8-0266-4bf3-bcb1-484cdaae1fbb:c1238]
2019-07-09 20:06:33,219 INFO  client.GrpcClientProtocolClient (GrpcClientProtocolClient.java:onNext(255)) - client-FB00420D972B->0a7e6056-64a2-4302-b029-255d48a66d7f: receive RaftClientReply:client-FB00420D972B->0a7e6056-64a2-4302-b029-255d48a66d7f@group-1EE0336AADCF, cid=945, SUCCESS, logIndex=1240, commits[0a7e6056-64a2-4302-b029-255d48a66d7f:c1240, 82c1508e-6289-48e2-a567-a0e29c8b4903:c1238, f63d6ef8-0266-4bf3-bcb1-484cdaae1fbb:c1238]
2019-07-09 20:06:33,232 INFO  client.GrpcClientProtocolClient (GrpcClientProtocolClient.java:onNext(255)) - client-FB00420D972B->0a7e6056-64a2-4302-b029-255d48a66d7f: receive RaftClientReply:client-FB00420D972B->0a7e6056-64a2-4302-b029-255d48a66d7f@group-1EE0336AADCF, cid=946, SUCCESS, logIndex=1243, commits[0a7e6056-64a2-4302-b029-255d48a66d7f:c1243, 82c1508e-6289-48e2-a567-a0e29c8b4903:c1240, f63d6ef8-0266-4bf3-bcb1-484cdaae1fbb:c1239]
2019-07-09 20:06:33,233 INFO  client.GrpcClientProtocolClient (GrpcClientProtocolClient.java:onNext(255)) - client-FB00420D972B->0a7e6056-64a2-4302-b029-255d48a66d7f: receive RaftClientReply:client-FB00420D972B->0a7e6056-64a2-4302-b029-255d48a66d7f@group-1EE0336AADCF, cid=947, SUCCESS, logIndex=1244, commits[0a7e6056-64a2-4302-b029-255d48a66d7f:c1244, 82c1508e-6289-48e2-a567-a0e29c8b4903:c1240, f63d6ef8-0266-4bf3-bcb1-484cdaae1fbb:c1240]
2019-07-09 20:06:33,247 INFO  client.GrpcClientProtocolClient (GrpcClientProtocolClient.java:onNext(255)) - client-FB00420D972B->0a7e6056-64a2-4302-b029-255d48a66d7f: receive RaftClientReply:client-FB00420D972B->0a7e6056-64a2-4302-b029-255d48a66d7f@group-1EE0336AADCF, cid=948, SUCCESS, logIndex=0, commits[0a7e6056-64a2-4302-b029-255d48a66d7f:c1246, 82c1508e-6289-48e2-a567-a0e29c8b4903:c1244, f63d6ef8-0266-4bf3-bcb1-484cdaae1fbb:c1244]
2019-07-09 20:06:33,268 INFO  client.GrpcClientProtocolClient (GrpcClientProtocolClient.java:onNext(255)) - client-FB00420D972B->0a7e6056-64a2-4302-b029-255d48a66d7f: receive RaftClientReply:client-FB00420D972B->0a7e6056-64a2-4302-b029-255d48a66d7f@group-1EE0336AADCF, cid=949, SUCCESS, logIndex=1247, commits[0a7e6056-64a2-4302-b029-255d48a66d7f:c1248, 82c1508e-6289-48e2-a567-a0e29c8b4903:c1246, f63d6ef8-0266-4bf3-bcb1-484cdaae1fbb:c1246]
2019-07-09 20:06:33,269 INFO  client.GrpcClientProtocolClient (GrpcClientProtocolClient.java:onNext(255)) - client-FB00420D972B->0a7e6056-64a2-4302-b029-255d48a66d7f: receive RaftClientReply:client-FB00420D972B->0a7e6056-64a2-4302-b029-255d48a66d7f@group-1EE0336AADCF, cid=950, SUCCESS, logIndex=1248, commits[0a7e6056-64a2-4302-b029-255d48a66d7f:c1250, 82c1508e-6289-48e2-a567-a0e29c8b4903:c1246, f63d6ef8-0266-4bf3-bcb1-484cdaae1fbb:c1246]
2019-07-09 20:06:33,269 INFO  client.GrpcClientProtocolClient (GrpcClientProtocolClient.java:onNext(255)) - client-FB00420D972B->0a7e6056-64a2-4302-b029-255d48a66d7f: receive RaftClientReply:client-FB00420D972B->0a7e6056-64a2-4302-b029-255d48a66d7f@group-1EE0336AADCF, cid=951, SUCCESS, logIndex=1249, commits[0a7e6056-64a2-4302-b029-255d48a66d7f:c1250, 82c1508e-6289-48e2-a567-a0e29c8b4903:c1246, f63d6ef8-0266-4bf3-bcb1-484cdaae1fbb:c1246]
2019-07-09 20:06:33,270 INFO  client.GrpcClientProtocolClient (GrpcClientProtocolClient.java:onNext(255)) - client-FB00420D972B->0a7e6056-64a2-4302-b029-255d48a66d7f: receive RaftClientReply:client-FB00420D972B->0a7e6056-64a2-4302-b029-255d48a66d7f@group-1EE0336AADCF, cid=952, SUCCESS, logIndex=1250, commits[0a7e6056-64a2-4302-b029-255d48a66d7f:c1251, 82c1508e-6289-48e2-a567-a0e29c8b4903:c1248, f63d6ef8-0266-4bf3-bcb1-484cdaae1fbb:c1248]
2019-07-09 20:06:33,289 INFO  client.GrpcClientProtocolClient (GrpcClientProtocolClient.java:onNext(255)) - client-FB00420D972B->0a7e6056-64a2-4302-b029-255d48a66d7f: receive RaftClientReply:client-FB00420D972B->0a7e6056-64a2-4302-b029-255d48a66d7f@group-1EE0336AADCF, cid=953, SUCCESS, logIndex=1255, commits[0a7e6056-64a2-4302-b029-255d48a66d7f:c1256, 82c1508e-6289-48e2-a567-a0e29c8b4903:c1254, f63d6ef8-0266-4bf3-bcb1-484cdaae1fbb:c1254]
2019-07-09 20:06:33,289 INFO  client.GrpcClientProtocolClient (GrpcClientProtocolClient.java:onNext(255)) - client-FB00420D972B->0a7e6056-64a2-4302-b029-255d48a66d7f: receive RaftClientReply:client-FB00420D972B->0a7e6056-64a2-4302-b029-255d48a66d7f@group-1EE0336AADCF, cid=954, SUCCESS, logIndex=1256, commits[0a7e6056-64a2-4302-b029-255d48a66d7f:c1256, 82c1508e-6289-48e2-a567-a0e29c8b4903:c1254, f63d6ef8-0266-4bf3-bcb1-484cdaae1fbb:c1254]
2019-07-09 20:06:33,302 INFO  client.GrpcClientProtocolClient (GrpcClientProtocolClient.java:onNext(255)) - client-FB00420D972B->0a7e6056-64a2-4302-b029-255d48a66d7f: receive RaftClientReply:client-FB00420D972B->0a7e6056-64a2-4302-b029-255d48a66d7f@group-1EE0336AADCF, cid=955, SUCCESS, logIndex=1259, commits[0a7e6056-64a2-4302-b029-255d48a66d7f:c1260, 82c1508e-6289-48e2-a567-a0e29c8b4903:c1256, f63d6ef8-0266-4bf3-bcb1-484cdaae1fbb:c1256]
2019-07-09 20:06:33,303 INFO  client.GrpcClientProtocolClient (GrpcClientProtocolClient.java:onNext(255)) - client-FB00420D972B->0a7e6056-64a2-4302-b029-255d48a66d7f: receive RaftClientReply:client-FB00420D972B->0a7e6056-64a2-4302-b029-255d48a66d7f@group-1EE0336AADCF, cid=956, SUCCESS, logIndex=1260, commits[0a7e6056-64a2-4302-b029-255d48a66d7f:c1260, 82c1508e-6289-48e2-a567-a0e29c8b4903:c1256, f63d6ef8-0266-4bf3-bcb1-484cdaae1fbb:c1256]
2019-07-09 20:06:33,314 INFO  client.GrpcClientProtocolClient (GrpcClientProtocolClient.java:onNext(255)) - client-FB00420D972B->0a7e6056-64a2-4302-b029-255d48a66d7f: receive RaftClientReply:client-FB00420D972B->0a7e6056-64a2-4302-b029-255d48a66d7f@group-1EE0336AADCF, cid=957, SUCCESS, logIndex=0, commits[0a7e6056-64a2-4302-b029-255d48a66d7f:c1261, 82c1508e-6289-48e2-a567-a0e29c8b4903:c1260, f63d6ef8-0266-4bf3-bcb1-484cdaae1fbb:c1260]
2019-07-09 20:06:33,333 INFO  client.GrpcClientProtocolClient (GrpcClientProtocolClient.java:onNext(255)) - client-FB00420D972B->0a7e6056-64a2-4302-b029-255d48a66d7f: receive RaftClientReply:client-FB00420D972B->0a7e6056-64a2-4302-b029-255d48a66d7f@group-1EE0336AADCF, cid=958, SUCCESS, logIndex=1263, commits[0a7e6056-64a2-4302-b029-255d48a66d7f:c1264, 82c1508e-6289-48e2-a567-a0e29c8b4903:c1262, f63d6ef8-0266-4bf3-bcb1-484cdaae1fbb:c1262]
2019-07-09 20:06:33,334 INFO  client.GrpcClientProtocolClient (GrpcClientProtocolClient.java:onNext(255)) - client-FB00420D972B->0a7e6056-64a2-4302-b029-255d48a66d7f: receive RaftClientReply:client-FB00420D972B->0a7e6056-64a2-4302-b029-255d48a66d7f@group-1EE0336AADCF, cid=959, SUCCESS, logIndex=1264, commits[0a7e6056-64a2-4302-b029-255d48a66d7f:c1264, 82c1508e-6289-48e2-a567-a0e29c8b4903:c1262, f63d6ef8-0266-4bf3-bcb1-484cdaae1fbb:c1262]
2019-07-09 20:06:33,334 INFO  client.GrpcClientProtocolClient (GrpcClientProtocolClient.java:onNext(255)) - client-FB00420D972B->0a7e6056-64a2-4302-b029-255d48a66d7f: receive RaftClientReply:client-FB00420D972B->0a7e6056-64a2-4302-b029-255d48a66d7f@group-1EE0336AADCF, cid=960, SUCCESS, logIndex=1265, commits[0a7e6056-64a2-4302-b029-255d48a66d7f:c1266, 82c1508e-6289-48e2-a567-a0e29c8b4903:c1262, f63d6ef8-0266-4bf3-bcb1-484cdaae1fbb:c1262]
2019-07-09 20:06:33,335 INFO  client.GrpcClientProtocolClient (GrpcClientProtocolClient.java:onNext(255)) - client-FB00420D972B->0a7e6056-64a2-4302-b029-255d48a66d7f: receive RaftClientReply:client-FB00420D972B->0a7e6056-64a2-4302-b029-255d48a66d7f@group-1EE0336AADCF, cid=961, SUCCESS, logIndex=1266, commits[0a7e6056-64a2-4302-b029-255d48a66d7f:c1266, 82c1508e-6289-48e2-a567-a0e29c8b4903:c1262, f63d6ef8-0266-4bf3-bcb1-484cdaae1fbb:c1262]
2019-07-09 20:06:33,336 INFO  client.GrpcClientProtocolClient (GrpcClientProtocolClient.java:onNext(255)) - client-FB00420D972B->0a7e6056-64a2-4302-b029-255d48a66d7f: receive RaftClientReply:client-FB00420D972B->0a7e6056-64a2-4302-b029-255d48a66d7f@group-1EE0336AADCF, cid=962, SUCCESS, logIndex=0, commits[0a7e6056-64a2-4302-b029-255d48a66d7f:c1268, 82c1508e-6289-48e2-a567-a0e29c8b4903:c1264, f63d6ef8-0266-4bf3-bcb1-484cdaae1fbb:c1266]
2019-07-09 20:06:33,356 INFO  client.GrpcClientProtocolClient (GrpcClientProtocolClient.java:onNext(255)) - client-FB00420D972B->0a7e6056-64a2-4302-b029-255d48a66d7f: receive RaftClientReply:client-FB00420D972B->0a7e6056-64a2-4302-b029-255d48a66d7f@group-1EE0336AADCF, cid=963, SUCCESS, logIndex=1271, commits[0a7e6056-64a2-4302-b029-255d48a66d7f:c1272, 82c1508e-6289-48e2-a567-a0e29c8b4903:c1270, f63d6ef8-0266-4bf3-bcb1-484cdaae1fbb:c1270]
2019-07-09 20:06:33,356 INFO  client.GrpcClientProtocolClient (GrpcClientProtocolClient.java:onNext(255)) - client-FB00420D972B->0a7e6056-64a2-4302-b029-255d48a66d7f: receive RaftClientReply:client-FB00420D972B->0a7e6056-64a2-4302-b029-255d48a66d7f@group-1EE0336AADCF, cid=964, SUCCESS, logIndex=1272, commits[0a7e6056-64a2-4302-b029-255d48a66d7f:c1272, 82c1508e-6289-48e2-a567-a0e29c8b4903:c1270, f63d6ef8-0266-4bf3-bcb1-484cdaae1fbb:c1270]
2019-07-09 20:06:33,393 INFO  client.GrpcClientProtocolClient (GrpcClientProtocolClient.java:onNext(255)) - client-FB00420D972B->0a7e6056-64a2-4302-b029-255d48a66d7f: receive RaftClientReply:client-FB00420D972B->0a7e6056-64a2-4302-b029-255d48a66d7f@group-1EE0336AADCF, cid=965, SUCCESS, logIndex=1275, commits[0a7e6056-64a2-4302-b029-255d48a66d7f:c1276, 82c1508e-6289-48e2-a567-a0e29c8b4903:c1272, f63d6ef8-0266-4bf3-bcb1-484cdaae1fbb:c1272]
2019-07-09 20:06:33,393 INFO  client.GrpcClientProtocolClient (GrpcClientProtocolClient.java:onNext(255)) - client-FB00420D972B->0a7e6056-64a2-4302-b029-255d48a66d7f: receive RaftClientReply:client-FB00420D972B->0a7e6056-64a2-4302-b029-255d48a66d7f@group-1EE0336AADCF, cid=966, SUCCESS, logIndex=1276, commits[0a7e6056-64a2-4302-b029-255d48a66d7f:c1276, 82c1508e-6289-48e2-a567-a0e29c8b4903:c1272, f63d6ef8-0266-4bf3-bcb1-484cdaae1fbb:c1272]
2019-07-09 20:06:33,413 INFO  client.GrpcClientProtocolClient (GrpcClientProtocolClient.java:onNext(255)) - client-FB00420D972B->0a7e6056-64a2-4302-b029-255d48a66d7f: receive RaftClientReply:client-FB00420D972B->0a7e6056-64a2-4302-b029-255d48a66d7f@group-1EE0336AADCF, cid=967, SUCCESS, logIndex=0, commits[0a7e6056-64a2-4302-b029-255d48a66d7f:c1277, 82c1508e-6289-48e2-a567-a0e29c8b4903:c1276, f63d6ef8-0266-4bf3-bcb1-484cdaae1fbb:c1276]
2019-07-09 20:06:33,437 INFO  client.GrpcClientProtocolClient (GrpcClientProtocolClient.java:onNext(255)) - client-FB00420D972B->0a7e6056-64a2-4302-b029-255d48a66d7f: receive RaftClientReply:client-FB00420D972B->0a7e6056-64a2-4302-b029-255d48a66d7f@group-1EE0336AADCF, cid=968, SUCCESS, logIndex=1279, commits[0a7e6056-64a2-4302-b029-255d48a66d7f:c1281, 82c1508e-6289-48e2-a567-a0e29c8b4903:c1278, f63d6ef8-0266-4bf3-bcb1-484cdaae1fbb:c1278]
2019-07-09 20:06:33,438 INFO  client.GrpcClientProtocolClient (GrpcClientProtocolClient.java:onNext(255)) - client-FB00420D972B->0a7e6056-64a2-4302-b029-255d48a66d7f: receive RaftClientReply:client-FB00420D972B->0a7e6056-64a2-4302-b029-255d48a66d7f@group-1EE0336AADCF, cid=969, SUCCESS, logIndex=1280, commits[0a7e6056-64a2-4302-b029-255d48a66d7f:c1282, 82c1508e-6289-48e2-a567-a0e29c8b4903:c1278, f63d6ef8-0266-4bf3-bcb1-484cdaae1fbb:c1278]
2019-07-09 20:06:33,438 INFO  client.GrpcClientProtocolClient (GrpcClientProtocolClient.java:onNext(255)) - client-FB00420D972B->0a7e6056-64a2-4302-b029-255d48a66d7f: receive RaftClientReply:client-FB00420D972B->0a7e6056-64a2-4302-b029-255d48a66d7f@group-1EE0336AADCF, cid=970, SUCCESS, logIndex=1281, commits[0a7e6056-64a2-4302-b029-255d48a66d7f:c1282, 82c1508e-6289-48e2-a567-a0e29c8b4903:c1278, f63d6ef8-0266-4bf3-bcb1-484cdaae1fbb:c1278]
2019-07-09 20:06:33,438 INFO  client.GrpcClientProtocolClient (GrpcClientProtocolClient.java:onNext(255)) - client-FB00420D972B->0a7e6056-64a2-4302-b029-255d48a66d7f: receive RaftClientReply:client-FB00420D972B->0a7e6056-64a2-4302-b029-255d48a66d7f@group-1EE0336AADCF, cid=971, SUCCESS, logIndex=1282, commits[0a7e6056-64a2-4302-b029-255d48a66d7f:c1282, 82c1508e-6289-48e2-a567-a0e29c8b4903:c1278, f63d6ef8-0266-4bf3-bcb1-484cdaae1fbb:c1278]
2019-07-09 20:06:33,449 INFO  client.GrpcClientProtocolClient (GrpcClientProtocolClient.java:onNext(255)) - client-FB00420D972B->0a7e6056-64a2-4302-b029-255d48a66d7f: receive RaftClientReply:client-FB00420D972B->0a7e6056-64a2-4302-b029-255d48a66d7f@group-1EE0336AADCF, cid=972, SUCCESS, logIndex=0, commits[0a7e6056-64a2-4302-b029-255d48a66d7f:c1283, 82c1508e-6289-48e2-a567-a0e29c8b4903:c1280, f63d6ef8-0266-4bf3-bcb1-484cdaae1fbb:c1280]
2019-07-09 20:06:33,469 INFO  client.GrpcClientProtocolClient (GrpcClientProtocolClient.java:onNext(255)) - client-FB00420D972B->0a7e6056-64a2-4302-b029-255d48a66d7f: receive RaftClientReply:client-FB00420D972B->0a7e6056-64a2-4302-b029-255d48a66d7f@group-1EE0336AADCF, cid=973, SUCCESS, logIndex=1287, commits[0a7e6056-64a2-4302-b029-255d48a66d7f:c1288, 82c1508e-6289-48e2-a567-a0e29c8b4903:c1286, f63d6ef8-0266-4bf3-bcb1-484cdaae1fbb:c1286]
2019-07-09 20:06:33,470 INFO  client.GrpcClientProtocolClient (GrpcClientProtocolClient.java:onNext(255)) - client-FB00420D972B->0a7e6056-64a2-4302-b029-255d48a66d7f: receive RaftClientReply:client-FB00420D972B->0a7e6056-64a2-4302-b029-255d48a66d7f@group-1EE0336AADCF, cid=974, SUCCESS, logIndex=1288, commits[0a7e6056-64a2-4302-b029-255d48a66d7f:c1288, 82c1508e-6289-48e2-a567-a0e29c8b4903:c1286, f63d6ef8-0266-4bf3-bcb1-484cdaae1fbb:c1286]
2019-07-09 20:06:33,482 INFO  client.GrpcClientProtocolClient (GrpcClientProtocolClient.java:onNext(255)) - client-FB00420D972B->0a7e6056-64a2-4302-b029-255d48a66d7f: receive RaftClientReply:client-FB00420D972B->0a7e6056-64a2-4302-b029-255d48a66d7f@group-1EE0336AADCF, cid=975, SUCCESS, logIndex=1291, commits[0a7e6056-64a2-4302-b029-255d48a66d7f:c1292, 82c1508e-6289-48e2-a567-a0e29c8b4903:c1288, f63d6ef8-0266-4bf3-bcb1-484cdaae1fbb:c1288]
2019-07-09 20:06:33,483 INFO  client.GrpcClientProtocolClient (GrpcClientProtocolClient.java:onNext(255)) - client-FB00420D972B->0a7e6056-64a2-4302-b029-255d48a66d7f: receive RaftClientReply:client-FB00420D972B->0a7e6056-64a2-4302-b029-255d48a66d7f@group-1EE0336AADCF, cid=976, SUCCESS, logIndex=1292, commits[0a7e6056-64a2-4302-b029-255d48a66d7f:c1292, 82c1508e-6289-48e2-a567-a0e29c8b4903:c1288, f63d6ef8-0266-4bf3-bcb1-484cdaae1fbb:c1288]
2019-07-09 20:06:33,508 INFO  client.GrpcClientProtocolClient (GrpcClientProtocolClient.java:onNext(255)) - client-FB00420D972B->0a7e6056-64a2-4302-b029-255d48a66d7f: receive RaftClientReply:client-FB00420D972B->0a7e6056-64a2-4302-b029-255d48a66d7f@group-1EE0336AADCF, cid=977, SUCCESS, logIndex=0, commits[0a7e6056-64a2-4302-b029-255d48a66d7f:c1294, 82c1508e-6289-48e2-a567-a0e29c8b4903:c1292, f63d6ef8-0266-4bf3-bcb1-484cdaae1fbb:c1292]
2019-07-09 20:06:33,529 INFO  client.GrpcClientProtocolClient (GrpcClientProtocolClient.java:onNext(255)) - client-FB00420D972B->0a7e6056-64a2-4302-b029-255d48a66d7f: receive RaftClientReply:client-FB00420D972B->0a7e6056-64a2-4302-b029-255d48a66d7f@group-1EE0336AADCF, cid=978, SUCCESS, logIndex=1295, commits[0a7e6056-64a2-4302-b029-255d48a66d7f:c1297, 82c1508e-6289-48e2-a567-a0e29c8b4903:c1294, f63d6ef8-0266-4bf3-bcb1-484cdaae1fbb:c1294]
2019-07-09 20:06:33,530 INFO  client.GrpcClientProtocolClient (GrpcClientProtocolClient.java:onNext(255)) - client-FB00420D972B->0a7e6056-64a2-4302-b029-255d48a66d7f: receive RaftClientReply:client-FB00420D972B->0a7e6056-64a2-4302-b029-255d48a66d7f@group-1EE0336AADCF, cid=979, SUCCESS, logIndex=1296, commits[0a7e6056-64a2-4302-b029-255d48a66d7f:c1298, 82c1508e-6289-48e2-a567-a0e29c8b4903:c1294, f63d6ef8-0266-4bf3-bcb1-484cdaae1fbb:c1294]
2019-07-09 20:06:33,530 INFO  client.GrpcClientProtocolClient (GrpcClientProtocolClient.java:onNext(255)) - client-FB00420D972B->0a7e6056-64a2-4302-b029-255d48a66d7f: receive RaftClientReply:client-FB00420D972B->0a7e6056-64a2-4302-b029-255d48a66d7f@group-1EE0336AADCF, cid=980, SUCCESS, logIndex=1297, commits[0a7e6056-64a2-4302-b029-255d48a66d7f:c1298, 82c1508e-6289-48e2-a567-a0e29c8b4903:c1294, f63d6ef8-0266-4bf3-bcb1-484cdaae1fbb:c1294]
2019-07-09 20:06:33,530 INFO  client.GrpcClientProtocolClient (GrpcClientProtocolClient.java:onNext(255)) - client-FB00420D972B->0a7e6056-64a2-4302-b029-255d48a66d7f: receive RaftClientReply:client-FB00420D972B->0a7e6056-64a2-4302-b029-255d48a66d7f@group-1EE0336AADCF, cid=981, SUCCESS, logIndex=1298, commits[0a7e6056-64a2-4302-b029-255d48a66d7f:c1298, 82c1508e-6289-48e2-a567-a0e29c8b4903:c1294, f63d6ef8-0266-4bf3-bcb1-484cdaae1fbb:c1294]
2019-07-09 20:06:33,532 INFO  client.GrpcClientProtocolClient (GrpcClientProtocolClient.java:onNext(255)) - client-FB00420D972B->0a7e6056-64a2-4302-b029-255d48a66d7f: receive RaftClientReply:client-FB00420D972B->0a7e6056-64a2-4302-b029-255d48a66d7f@group-1EE0336AADCF, cid=982, SUCCESS, logIndex=0, commits[0a7e6056-64a2-4302-b029-255d48a66d7f:c1302, 82c1508e-6289-48e2-a567-a0e29c8b4903:c1297, f63d6ef8-0266-4bf3-bcb1-484cdaae1fbb:c1298]
2019-07-09 20:06:33,553 INFO  client.GrpcClientProtocolClient (GrpcClientProtocolClient.java:onNext(255)) - client-FB00420D972B->0a7e6056-64a2-4302-b029-255d48a66d7f: receive RaftClientReply:client-FB00420D972B->0a7e6056-64a2-4302-b029-255d48a66d7f@group-1EE0336AADCF, cid=983, SUCCESS, logIndex=1303, commits[0a7e6056-64a2-4302-b029-255d48a66d7f:c1304, 82c1508e-6289-48e2-a567-a0e29c8b4903:c1302, f63d6ef8-0266-4bf3-bcb1-484cdaae1fbb:c1302]
2019-07-09 20:06:33,553 INFO  client.GrpcClientProtocolClient (GrpcClientProtocolClient.java:onNext(255)) - client-FB00420D972B->0a7e6056-64a2-4302-b029-255d48a66d7f: receive RaftClientReply:client-FB00420D972B->0a7e6056-64a2-4302-b029-255d48a66d7f@group-1EE0336AADCF, cid=984, SUCCESS, logIndex=1304, commits[0a7e6056-64a2-4302-b029-255d48a66d7f:c1304, 82c1508e-6289-48e2-a567-a0e29c8b4903:c1302, f63d6ef8-0266-4bf3-bcb1-484cdaae1fbb:c1302]
2019-07-09 20:06:33,681 INFO  client.GrpcClientProtocolClient (GrpcClientProtocolClient.java:onNext(255)) - client-FB00420D972B->0a7e6056-64a2-4302-b029-255d48a66d7f: receive RaftClientReply:client-FB00420D972B->0a7e6056-64a2-4302-b029-255d48a66d7f@group-1EE0336AADCF, cid=985, SUCCESS, logIndex=1307, commits[0a7e6056-64a2-4302-b029-255d48a66d7f:c1308, 82c1508e-6289-48e2-a567-a0e29c8b4903:c1304, f63d6ef8-0266-4bf3-bcb1-484cdaae1fbb:c1304]
2019-07-09 20:06:33,682 INFO  client.GrpcClientProtocolClient (GrpcClientProtocolClient.java:onNext(255)) - client-FB00420D972B->0a7e6056-64a2-4302-b029-255d48a66d7f: receive RaftClientReply:client-FB00420D972B->0a7e6056-64a2-4302-b029-255d48a66d7f@group-1EE0336AADCF, cid=986, SUCCESS, logIndex=1308, commits[0a7e6056-64a2-4302-b029-255d48a66d7f:c1308, 82c1508e-6289-48e2-a567-a0e29c8b4903:c1304, f63d6ef8-0266-4bf3-bcb1-484cdaae1fbb:c1304]
2019-07-09 20:06:33,693 INFO  client.GrpcClientProtocolClient (GrpcClientProtocolClient.java:onNext(255)) - client-FB00420D972B->0a7e6056-64a2-4302-b029-255d48a66d7f: receive RaftClientReply:client-FB00420D972B->0a7e6056-64a2-4302-b029-255d48a66d7f@group-1EE0336AADCF, cid=987, SUCCESS, logIndex=0, commits[0a7e6056-64a2-4302-b029-255d48a66d7f:c1309, 82c1508e-6289-48e2-a567-a0e29c8b4903:c1308, f63d6ef8-0266-4bf3-bcb1-484cdaae1fbb:c1308]
2019-07-09 20:06:33,718 INFO  client.GrpcClientProtocolClient (GrpcClientProtocolClient.java:onNext(255)) - client-FB00420D972B->0a7e6056-64a2-4302-b029-255d48a66d7f: receive RaftClientReply:client-FB00420D972B->0a7e6056-64a2-4302-b029-255d48a66d7f@group-1EE0336AADCF, cid=988, SUCCESS, logIndex=1311, commits[0a7e6056-64a2-4302-b029-255d48a66d7f:c1312, 82c1508e-6289-48e2-a567-a0e29c8b4903:c1310, f63d6ef8-0266-4bf3-bcb1-484cdaae1fbb:c1310]
2019-07-09 20:06:33,719 INFO  client.GrpcClientProtocolClient (GrpcClientProtocolClient.java:onNext(255)) - client-FB00420D972B->0a7e6056-64a2-4302-b029-255d48a66d7f: receive RaftClientReply:client-FB00420D972B->0a7e6056-64a2-4302-b029-255d48a66d7f@group-1EE0336AADCF, cid=989, SUCCESS, logIndex=1312, commits[0a7e6056-64a2-4302-b029-255d48a66d7f:c1312, 82c1508e-6289-48e2-a567-a0e29c8b4903:c1310, f63d6ef8-0266-4bf3-bcb1-484cdaae1fbb:c1310]
2019-07-09 20:06:33,723 INFO  client.GrpcClientProtocolClient (GrpcClientProtocolClient.java:onNext(255)) - client-FB00420D972B->0a7e6056-64a2-4302-b029-255d48a66d7f: receive RaftClientReply:client-FB00420D972B->0a7e6056-64a2-4302-b029-255d48a66d7f@group-1EE0336AADCF, cid=990, SUCCESS, logIndex=1313, commits[0a7e6056-64a2-4302-b029-255d48a66d7f:c1314, 82c1508e-6289-48e2-a567-a0e29c8b4903:c1310, f63d6ef8-0266-4bf3-bcb1-484cdaae1fbb:c1310]
2019-07-09 20:06:33,724 INFO  client.GrpcClientProtocolClient (GrpcClientProtocolClient.java:onNext(255)) - client-FB00420D972B->0a7e6056-64a2-4302-b029-255d48a66d7f: receive RaftClientReply:client-FB00420D972B->0a7e6056-64a2-4302-b029-255d48a66d7f@group-1EE0336AADCF, cid=991, SUCCESS, logIndex=1314, commits[0a7e6056-64a2-4302-b029-255d48a66d7f:c1315, 82c1508e-6289-48e2-a567-a0e29c8b4903:c1312, f63d6ef8-0266-4bf3-bcb1-484cdaae1fbb:c1310]
2019-07-09 20:06:33,735 INFO  client.GrpcClientProtocolClient (GrpcClientProtocolClient.java:onNext(255)) - client-FB00420D972B->0a7e6056-64a2-4302-b029-255d48a66d7f: receive RaftClientReply:client-FB00420D972B->0a7e6056-64a2-4302-b029-255d48a66d7f@group-1EE0336AADCF, cid=992, SUCCESS, logIndex=0, commits[0a7e6056-64a2-4302-b029-255d48a66d7f:c1316, 82c1508e-6289-48e2-a567-a0e29c8b4903:c1312, f63d6ef8-0266-4bf3-bcb1-484cdaae1fbb:c1312]
2019-07-09 20:06:33,757 INFO  client.GrpcClientProtocolClient (GrpcClientProtocolClient.java:onNext(255)) - client-FB00420D972B->0a7e6056-64a2-4302-b029-255d48a66d7f: receive RaftClientReply:client-FB00420D972B->0a7e6056-64a2-4302-b029-255d48a66d7f@group-1EE0336AADCF, cid=993, SUCCESS, logIndex=1319, commits[0a7e6056-64a2-4302-b029-255d48a66d7f:c1320, 82c1508e-6289-48e2-a567-a0e29c8b4903:c1318, f63d6ef8-0266-4bf3-bcb1-484cdaae1fbb:c1318]
2019-07-09 20:06:33,757 INFO  client.GrpcClientProtocolClient (GrpcClientProtocolClient.java:onNext(255)) - client-FB00420D972B->0a7e6056-64a2-4302-b029-255d48a66d7f: receive RaftClientReply:client-FB00420D972B->0a7e6056-64a2-4302-b029-255d48a66d7f@group-1EE0336AADCF, cid=994, SUCCESS, logIndex=1320, commits[0a7e6056-64a2-4302-b029-255d48a66d7f:c1320, 82c1508e-6289-48e2-a567-a0e29c8b4903:c1318, f63d6ef8-0266-4bf3-bcb1-484cdaae1fbb:c1318]
 0.00% |█                                                                                                    |  0/1 Time: 0:00:052019-07-09 20:06:33,782 INFO  client.GrpcClientProtocolClient (GrpcClientProtocolClient.java:onNext(255)) - client-FB00420D972B->0a7e6056-64a2-4302-b029-255d48a66d7f: receive RaftClientReply:client-FB00420D972B->0a7e6056-64a2-4302-b029-255d48a66d7f@group-1EE0336AADCF, cid=995, SUCCESS, logIndex=1323, commits[0a7e6056-64a2-4302-b029-255d48a66d7f:c1324, 82c1508e-6289-48e2-a567-a0e29c8b4903:c1319, f63d6ef8-0266-4bf3-bcb1-484cdaae1fbb:c1320]
2019-07-09 20:06:33,782 INFO  client.GrpcClientProtocolClient (GrpcClientProtocolClient.java:onNext(255)) - client-FB00420D972B->0a7e6056-64a2-4302-b029-255d48a66d7f: receive RaftClientReply:client-FB00420D972B->0a7e6056-64a2-4302-b029-255d48a66d7f@group-1EE0336AADCF, cid=996, SUCCESS, logIndex=1324, commits[0a7e6056-64a2-4302-b029-255d48a66d7f:c1324, 82c1508e-6289-48e2-a567-a0e29c8b4903:c1320, f63d6ef8-0266-4bf3-bcb1-484cdaae1fbb:c1320]
2019-07-09 20:06:33,784 INFO  client.GrpcClientProtocolClient (GrpcClientProtocolClient.java:onNext(255)) - client-FB00420D972B->0a7e6056-64a2-4302-b029-255d48a66d7f: receive RaftClientReply:client-FB00420D972B->0a7e6056-64a2-4302-b029-255d48a66d7f@group-1EE0336AADCF, cid=997, SUCCESS, logIndex=0, commits[0a7e6056-64a2-4302-b029-255d48a66d7f:c1325, 82c1508e-6289-48e2-a567-a0e29c8b4903:c1324, f63d6ef8-0266-4bf3-bcb1-484cdaae1fbb:c1324]
2019-07-09 20:06:33,806 INFO  client.GrpcClientProtocolClient (GrpcClientProtocolClient.java:onNext(255)) - client-FB00420D972B->0a7e6056-64a2-4302-b029-255d48a66d7f: receive RaftClientReply:client-FB00420D972B->0a7e6056-64a2-4302-b029-255d48a66d7f@group-1EE0336AADCF, cid=998, SUCCESS, logIndex=1327, commits[0a7e6056-64a2-4302-b029-255d48a66d7f:c1328, 82c1508e-6289-48e2-a567-a0e29c8b4903:c1326, f63d6ef8-0266-4bf3-bcb1-484cdaae1fbb:c1326]
2019-07-09 20:06:33,807 INFO  client.GrpcClientProtocolClient (GrpcClientProtocolClient.java:onNext(255)) - client-FB00420D972B->0a7e6056-64a2-4302-b029-255d48a66d7f: receive RaftClientReply:client-FB00420D972B->0a7e6056-64a2-4302-b029-255d48a66d7f@group-1EE0336AADCF, cid=999, SUCCESS, logIndex=1328, commits[0a7e6056-64a2-4302-b029-255d48a66d7f:c1328, 82c1508e-6289-48e2-a567-a0e29c8b4903:c1326, f63d6ef8-0266-4bf3-bcb1-484cdaae1fbb:c1326]
2019-07-09 20:06:33,817 INFO  client.GrpcClientProtocolClient (GrpcClientProtocolClient.java:onNext(255)) - client-FB00420D972B->0a7e6056-64a2-4302-b029-255d48a66d7f: receive RaftClientReply:client-FB00420D972B->0a7e6056-64a2-4302-b029-255d48a66d7f@group-1EE0336AADCF, cid=1000, SUCCESS, logIndex=1329, commits[0a7e6056-64a2-4302-b029-255d48a66d7f:c1330, 82c1508e-6289-48e2-a567-a0e29c8b4903:c1326, f63d6ef8-0266-4bf3-bcb1-484cdaae1fbb:c1326]
2019-07-09 20:06:33,818 INFO  client.GrpcClientProtocolClient (GrpcClientProtocolClient.java:onNext(255)) - client-FB00420D972B->0a7e6056-64a2-4302-b029-255d48a66d7f: receive RaftClientReply:client-FB00420D972B->0a7e6056-64a2-4302-b029-255d48a66d7f@group-1EE0336AADCF, cid=1001, SUCCESS, logIndex=1330, commits[0a7e6056-64a2-4302-b029-255d48a66d7f:c1330, 82c1508e-6289-48e2-a567-a0e29c8b4903:c1326, f63d6ef8-0266-4bf3-bcb1-484cdaae1fbb:c1326]
2019-07-09 20:06:33,819 INFO  client.GrpcClientProtocolClient (GrpcClientProtocolClient.java:onNext(255)) - client-FB00420D972B->0a7e6056-64a2-4302-b029-255d48a66d7f: receive RaftClientReply:client-FB00420D972B->0a7e6056-64a2-4302-b029-255d48a66d7f@group-1EE0336AADCF, cid=1002, SUCCESS, logIndex=0, commits[0a7e6056-64a2-4302-b029-255d48a66d7f:c1332, 82c1508e-6289-48e2-a567-a0e29c8b4903:c1328, f63d6ef8-0266-4bf3-bcb1-484cdaae1fbb:c1328]
2019-07-09 20:06:33,840 INFO  client.GrpcClientProtocolClient (GrpcClientProtocolClient.java:onNext(255)) - client-FB00420D972B->0a7e6056-64a2-4302-b029-255d48a66d7f: receive RaftClientReply:client-FB00420D972B->0a7e6056-64a2-4302-b029-255d48a66d7f@group-1EE0336AADCF, cid=1003, SUCCESS, logIndex=1335, commits[0a7e6056-64a2-4302-b029-255d48a66d7f:c1336, 82c1508e-6289-48e2-a567-a0e29c8b4903:c1334, f63d6ef8-0266-4bf3-bcb1-484cdaae1fbb:c1334]
2019-07-09 20:06:33,840 INFO  client.GrpcClientProtocolClient (GrpcClientProtocolClient.java:onNext(255)) - client-FB00420D972B->0a7e6056-64a2-4302-b029-255d48a66d7f: receive RaftClientReply:client-FB00420D972B->0a7e6056-64a2-4302-b029-255d48a66d7f@group-1EE0336AADCF, cid=1004, SUCCESS, logIndex=1336, commits[0a7e6056-64a2-4302-b029-255d48a66d7f:c1336, 82c1508e-6289-48e2-a567-a0e29c8b4903:c1334, f63d6ef8-0266-4bf3-bcb1-484cdaae1fbb:c1334]
2019-07-09 20:06:33,854 INFO  client.GrpcClientProtocolClient (GrpcClientProtocolClient.java:onNext(255)) - client-FB00420D972B->0a7e6056-64a2-4302-b029-255d48a66d7f: receive RaftClientReply:client-FB00420D972B->0a7e6056-64a2-4302-b029-255d48a66d7f@group-1EE0336AADCF, cid=1005, SUCCESS, logIndex=1339, commits[0a7e6056-64a2-4302-b029-255d48a66d7f:c1340, 82c1508e-6289-48e2-a567-a0e29c8b4903:c1336, f63d6ef8-0266-4bf3-bcb1-484cdaae1fbb:c1336]
2019-07-09 20:06:33,854 INFO  client.GrpcClientProtocolClient (GrpcClientProtocolClient.java:onNext(255)) - client-FB00420D972B->0a7e6056-64a2-4302-b029-255d48a66d7f: receive RaftClientReply:client-FB00420D972B->0a7e6056-64a2-4302-b029-255d48a66d7f@group-1EE0336AADCF, cid=1006, SUCCESS, logIndex=1340, commits[0a7e6056-64a2-4302-b029-255d48a66d7f:c1340, 82c1508e-6289-48e2-a567-a0e29c8b4903:c1336, f63d6ef8-0266-4bf3-bcb1-484cdaae1fbb:c1336]
2019-07-09 20:06:33,866 INFO  client.GrpcClientProtocolClient (GrpcClientProtocolClient.java:onNext(255)) - client-FB00420D972B->0a7e6056-64a2-4302-b029-255d48a66d7f: receive RaftClientReply:client-FB00420D972B->0a7e6056-64a2-4302-b029-255d48a66d7f@group-1EE0336AADCF, cid=1007, SUCCESS, logIndex=0, commits[0a7e6056-64a2-4302-b029-255d48a66d7f:c1342, 82c1508e-6289-48e2-a567-a0e29c8b4903:c1340, f63d6ef8-0266-4bf3-bcb1-484cdaae1fbb:c1340]
2019-07-09 20:06:33,887 INFO  client.GrpcClientProtocolClient (GrpcClientProtocolClient.java:onNext(255)) - client-FB00420D972B->0a7e6056-64a2-4302-b029-255d48a66d7f: receive RaftClientReply:client-FB00420D972B->0a7e6056-64a2-4302-b029-255d48a66d7f@group-1EE0336AADCF, cid=1008, SUCCESS, logIndex=1343, commits[0a7e6056-64a2-4302-b029-255d48a66d7f:c1343, 82c1508e-6289-48e2-a567-a0e29c8b4903:c1342, f63d6ef8-0266-4bf3-bcb1-484cdaae1fbb:c1342]
2019-07-09 20:06:33,888 INFO  client.GrpcClientProtocolClient (GrpcClientProtocolClient.java:onNext(255)) - client-FB00420D972B->0a7e6056-64a2-4302-b029-255d48a66d7f: receive RaftClientReply:client-FB00420D972B->0a7e6056-64a2-4302-b029-255d48a66d7f@group-1EE0336AADCF, cid=1009, SUCCESS, logIndex=1344, commits[0a7e6056-64a2-4302-b029-255d48a66d7f:c1344, 82c1508e-6289-48e2-a567-a0e29c8b4903:c1342, f63d6ef8-0266-4bf3-bcb1-484cdaae1fbb:c1342]
2019-07-09 20:06:33,888 INFO  client.GrpcClientProtocolClient (GrpcClientProtocolClient.java:onNext(255)) - client-FB00420D972B->0a7e6056-64a2-4302-b029-255d48a66d7f: receive RaftClientReply:client-FB00420D972B->0a7e6056-64a2-4302-b029-255d48a66d7f@group-1EE0336AADCF, cid=1010, SUCCESS, logIndex=1345, commits[0a7e6056-64a2-4302-b029-255d48a66d7f:c1346, 82c1508e-6289-48e2-a567-a0e29c8b4903:c1342, f63d6ef8-0266-4bf3-bcb1-484cdaae1fbb:c1342]
2019-07-09 20:06:33,889 INFO  client.GrpcClientProtocolClient (GrpcClientProtocolClient.java:onNext(255)) - client-FB00420D972B->0a7e6056-64a2-4302-b029-255d48a66d7f: receive RaftClientReply:client-FB00420D972B->0a7e6056-64a2-4302-b029-255d48a66d7f@group-1EE0336AADCF, cid=1011, SUCCESS, logIndex=1346, commits[0a7e6056-64a2-4302-b029-255d48a66d7f:c1346, 82c1508e-6289-48e2-a567-a0e29c8b4903:c1342, f63d6ef8-0266-4bf3-bcb1-484cdaae1fbb:c1342]
2019-07-09 20:06:33,890 INFO  client.GrpcClientProtocolClient (GrpcClientProtocolClient.java:onNext(255)) - client-FB00420D972B->0a7e6056-64a2-4302-b029-255d48a66d7f: receive RaftClientReply:client-FB00420D972B->0a7e6056-64a2-4302-b029-255d48a66d7f@group-1EE0336AADCF, cid=1012, SUCCESS, logIndex=0, commits[0a7e6056-64a2-4302-b029-255d48a66d7f:c1348, 82c1508e-6289-48e2-a567-a0e29c8b4903:c1344, f63d6ef8-0266-4bf3-bcb1-484cdaae1fbb:c1344]
2019-07-09 20:06:33,929 INFO  client.GrpcClientProtocolClient (GrpcClientProtocolClient.java:onNext(255)) - client-FB00420D972B->0a7e6056-64a2-4302-b029-255d48a66d7f: receive RaftClientReply:client-FB00420D972B->0a7e6056-64a2-4302-b029-255d48a66d7f@group-1EE0336AADCF, cid=1013, SUCCESS, logIndex=1351, commits[0a7e6056-64a2-4302-b029-255d48a66d7f:c1352, 82c1508e-6289-48e2-a567-a0e29c8b4903:c1350, f63d6ef8-0266-4bf3-bcb1-484cdaae1fbb:c1350]
2019-07-09 20:06:33,930 INFO  client.GrpcClientProtocolClient (GrpcClientProtocolClient.java:onNext(255)) - client-FB00420D972B->0a7e6056-64a2-4302-b029-255d48a66d7f: receive RaftClientReply:client-FB00420D972B->0a7e6056-64a2-4302-b029-255d48a66d7f@group-1EE0336AADCF, cid=1014, SUCCESS, logIndex=1352, commits[0a7e6056-64a2-4302-b029-255d48a66d7f:c1352, 82c1508e-6289-48e2-a567-a0e29c8b4903:c1350, f63d6ef8-0266-4bf3-bcb1-484cdaae1fbb:c1350]
2019-07-09 20:06:33,956 INFO  client.GrpcClientProtocolClient (GrpcClientProtocolClient.java:onNext(255)) - client-FB00420D972B->0a7e6056-64a2-4302-b029-255d48a66d7f: receive RaftClientReply:client-FB00420D972B->0a7e6056-64a2-4302-b029-255d48a66d7f@group-1EE0336AADCF, cid=1015, SUCCESS, logIndex=1355, commits[0a7e6056-64a2-4302-b029-255d48a66d7f:c1356, 82c1508e-6289-48e2-a567-a0e29c8b4903:c1352, f63d6ef8-0266-4bf3-bcb1-484cdaae1fbb:c1352]
2019-07-09 20:06:33,957 INFO  client.GrpcClientProtocolClient (GrpcClientProtocolClient.java:onNext(255)) - client-FB00420D972B->0a7e6056-64a2-4302-b029-255d48a66d7f: receive RaftClientReply:client-FB00420D972B->0a7e6056-64a2-4302-b029-255d48a66d7f@group-1EE0336AADCF, cid=1016, SUCCESS, logIndex=1356, commits[0a7e6056-64a2-4302-b029-255d48a66d7f:c1356, 82c1508e-6289-48e2-a567-a0e29c8b4903:c1352, f63d6ef8-0266-4bf3-bcb1-484cdaae1fbb:c1352]
2019-07-09 20:06:33,970 INFO  client.GrpcClientProtocolClient (GrpcClientProtocolClient.java:onNext(255)) - client-FB00420D972B->0a7e6056-64a2-4302-b029-255d48a66d7f: receive RaftClientReply:client-FB00420D972B->0a7e6056-64a2-4302-b029-255d48a66d7f@group-1EE0336AADCF, cid=1017, SUCCESS, logIndex=0, commits[0a7e6056-64a2-4302-b029-255d48a66d7f:c1358, 82c1508e-6289-48e2-a567-a0e29c8b4903:c1356, f63d6ef8-0266-4bf3-bcb1-484cdaae1fbb:c1356]
2019-07-09 20:06:33,992 INFO  client.GrpcClientProtocolClient (GrpcClientProtocolClient.java:onNext(255)) - client-FB00420D972B->0a7e6056-64a2-4302-b029-255d48a66d7f: receive RaftClientReply:client-FB00420D972B->0a7e6056-64a2-4302-b029-255d48a66d7f@group-1EE0336AADCF, cid=1018, SUCCESS, logIndex=1359, commits[0a7e6056-64a2-4302-b029-255d48a66d7f:c1360, 82c1508e-6289-48e2-a567-a0e29c8b4903:c1358, f63d6ef8-0266-4bf3-bcb1-484cdaae1fbb:c1358]
2019-07-09 20:06:33,993 INFO  client.GrpcClientProtocolClient (GrpcClientProtocolClient.java:onNext(255)) - client-FB00420D972B->0a7e6056-64a2-4302-b029-255d48a66d7f: receive RaftClientReply:client-FB00420D972B->0a7e6056-64a2-4302-b029-255d48a66d7f@group-1EE0336AADCF, cid=1019, SUCCESS, logIndex=1360, commits[0a7e6056-64a2-4302-b029-255d48a66d7f:c1362, 82c1508e-6289-48e2-a567-a0e29c8b4903:c1358, f63d6ef8-0266-4bf3-bcb1-484cdaae1fbb:c1358]
2019-07-09 20:06:33,993 INFO  client.GrpcClientProtocolClient (GrpcClientProtocolClient.java:onNext(255)) - client-FB00420D972B->0a7e6056-64a2-4302-b029-255d48a66d7f: receive RaftClientReply:client-FB00420D972B->0a7e6056-64a2-4302-b029-255d48a66d7f@group-1EE0336AADCF, cid=1020, SUCCESS, logIndex=1361, commits[0a7e6056-64a2-4302-b029-255d48a66d7f:c1362, 82c1508e-6289-48e2-a567-a0e29c8b4903:c1358, f63d6ef8-0266-4bf3-bcb1-484cdaae1fbb:c1358]
2019-07-09 20:06:33,994 INFO  client.GrpcClientProtocolClient (GrpcClientProtocolClient.java:onNext(255)) - client-FB00420D972B->0a7e6056-64a2-4302-b029-255d48a66d7f: receive RaftClientReply:client-FB00420D972B->0a7e6056-64a2-4302-b029-255d48a66d7f@group-1EE0336AADCF, cid=1021, SUCCESS, logIndex=1362, commits[0a7e6056-64a2-4302-b029-255d48a66d7f:c1364, 82c1508e-6289-48e2-a567-a0e29c8b4903:c1358, f63d6ef8-0266-4bf3-bcb1-484cdaae1fbb:c1360]
2019-07-09 20:06:33,995 INFO  client.GrpcClientProtocolClient (GrpcClientProtocolClient.java:onNext(255)) - client-FB00420D972B->0a7e6056-64a2-4302-b029-255d48a66d7f: receive RaftClientReply:client-FB00420D972B->0a7e6056-64a2-4302-b029-255d48a66d7f@group-1EE0336AADCF, cid=1022, SUCCESS, logIndex=0, commits[0a7e6056-64a2-4302-b029-255d48a66d7f:c1366, 82c1508e-6289-48e2-a567-a0e29c8b4903:c1360, f63d6ef8-0266-4bf3-bcb1-484cdaae1fbb:c1362]
2019-07-09 20:06:34,016 INFO  client.GrpcClientProtocolClient (GrpcClientProtocolClient.java:onNext(255)) - client-FB00420D972B->0a7e6056-64a2-4302-b029-255d48a66d7f: receive RaftClientReply:client-FB00420D972B->0a7e6056-64a2-4302-b029-255d48a66d7f@group-1EE0336AADCF, cid=1023, SUCCESS, logIndex=1367, commits[0a7e6056-64a2-4302-b029-255d48a66d7f:c1368, 82c1508e-6289-48e2-a567-a0e29c8b4903:c1366, f63d6ef8-0266-4bf3-bcb1-484cdaae1fbb:c1366]
2019-07-09 20:06:34,017 INFO  client.GrpcClientProtocolClient (GrpcClientProtocolClient.java:onNext(255)) - client-FB00420D972B->0a7e6056-64a2-4302-b029-255d48a66d7f: receive RaftClientReply:client-FB00420D972B->0a7e6056-64a2-4302-b029-255d48a66d7f@group-1EE0336AADCF, cid=1024, SUCCESS, logIndex=1368, commits[0a7e6056-64a2-4302-b029-255d48a66d7f:c1368, 82c1508e-6289-48e2-a567-a0e29c8b4903:c1366, f63d6ef8-0266-4bf3-bcb1-484cdaae1fbb:c1366]
2019-07-09 20:06:34,030 INFO  client.GrpcClientProtocolClient (GrpcClientProtocolClient.java:onNext(255)) - client-FB00420D972B->0a7e6056-64a2-4302-b029-255d48a66d7f: receive RaftClientReply:client-FB00420D972B->0a7e6056-64a2-4302-b029-255d48a66d7f@group-1EE0336AADCF, cid=1025, SUCCESS, logIndex=1371, commits[0a7e6056-64a2-4302-b029-255d48a66d7f:c1372, 82c1508e-6289-48e2-a567-a0e29c8b4903:c1368, f63d6ef8-0266-4bf3-bcb1-484cdaae1fbb:c1367]
2019-07-09 20:06:34,030 INFO  client.GrpcClientProtocolClient (GrpcClientProtocolClient.java:onNext(255)) - client-FB00420D972B->0a7e6056-64a2-4302-b029-255d48a66d7f: receive RaftClientReply:client-FB00420D972B->0a7e6056-64a2-4302-b029-255d48a66d7f@group-1EE0336AADCF, cid=1026, SUCCESS, logIndex=1372, commits[0a7e6056-64a2-4302-b029-255d48a66d7f:c1372, 82c1508e-6289-48e2-a567-a0e29c8b4903:c1368, f63d6ef8-0266-4bf3-bcb1-484cdaae1fbb:c1368]
2019-07-09 20:06:34,032 INFO  client.GrpcClientProtocolClient (GrpcClientProtocolClient.java:onNext(255)) - client-FB00420D972B->0a7e6056-64a2-4302-b029-255d48a66d7f: receive RaftClientReply:client-FB00420D972B->0a7e6056-64a2-4302-b029-255d48a66d7f@group-1EE0336AADCF, cid=1027, SUCCESS, logIndex=0, commits[0a7e6056-64a2-4302-b029-255d48a66d7f:c1373, 82c1508e-6289-48e2-a567-a0e29c8b4903:c1372, f63d6ef8-0266-4bf3-bcb1-484cdaae1fbb:c1372]
2019-07-09 20:06:34,053 INFO  client.GrpcClientProtocolClient (GrpcClientProtocolClient.java:onNext(255)) - client-FB00420D972B->0a7e6056-64a2-4302-b029-255d48a66d7f: receive RaftClientReply:client-FB00420D972B->0a7e6056-64a2-4302-b029-255d48a66d7f@group-1EE0336AADCF, cid=1028, SUCCESS, logIndex=1375, commits[0a7e6056-64a2-4302-b029-255d48a66d7f:c1376, 82c1508e-6289-48e2-a567-a0e29c8b4903:c1374, f63d6ef8-0266-4bf3-bcb1-484cdaae1fbb:c1374]
2019-07-09 20:06:34,054 INFO  client.GrpcClientProtocolClient (GrpcClientProtocolClient.java:onNext(255)) - client-FB00420D972B->0a7e6056-64a2-4302-b029-255d48a66d7f: receive RaftClientReply:client-FB00420D972B->0a7e6056-64a2-4302-b029-255d48a66d7f@group-1EE0336AADCF, cid=1029, SUCCESS, logIndex=1376, commits[0a7e6056-64a2-4302-b029-255d48a66d7f:c1376, 82c1508e-6289-48e2-a567-a0e29c8b4903:c1374, f63d6ef8-0266-4bf3-bcb1-484cdaae1fbb:c1374]
2019-07-09 20:06:34,054 INFO  client.GrpcClientProtocolClient (GrpcClientProtocolClient.java:onNext(255)) - client-FB00420D972B->0a7e6056-64a2-4302-b029-255d48a66d7f: receive RaftClientReply:client-FB00420D972B->0a7e6056-64a2-4302-b029-255d48a66d7f@group-1EE0336AADCF, cid=1030, SUCCESS, logIndex=1377, commits[0a7e6056-64a2-4302-b029-255d48a66d7f:c1378, 82c1508e-6289-48e2-a567-a0e29c8b4903:c1374, f63d6ef8-0266-4bf3-bcb1-484cdaae1fbb:c1374]
2019-07-09 20:06:34,055 INFO  client.GrpcClientProtocolClient (GrpcClientProtocolClient.java:onNext(255)) - client-FB00420D972B->0a7e6056-64a2-4302-b029-255d48a66d7f: receive RaftClientReply:client-FB00420D972B->0a7e6056-64a2-4302-b029-255d48a66d7f@group-1EE0336AADCF, cid=1031, SUCCESS, logIndex=1378, commits[0a7e6056-64a2-4302-b029-255d48a66d7f:c1378, 82c1508e-6289-48e2-a567-a0e29c8b4903:c1374, f63d6ef8-0266-4bf3-bcb1-484cdaae1fbb:c1374]
2019-07-09 20:06:34,056 INFO  client.GrpcClientProtocolClient (GrpcClientProtocolClient.java:onNext(255)) - client-FB00420D972B->0a7e6056-64a2-4302-b029-255d48a66d7f: receive RaftClientReply:client-FB00420D972B->0a7e6056-64a2-4302-b029-255d48a66d7f@group-1EE0336AADCF, cid=1032, SUCCESS, logIndex=0, commits[0a7e6056-64a2-4302-b029-255d48a66d7f:c1380, 82c1508e-6289-48e2-a567-a0e29c8b4903:c1376, f63d6ef8-0266-4bf3-bcb1-484cdaae1fbb:c1376]
2019-07-09 20:06:34,078 INFO  client.GrpcClientProtocolClient (GrpcClientProtocolClient.java:onNext(255)) - client-FB00420D972B->0a7e6056-64a2-4302-b029-255d48a66d7f: receive RaftClientReply:client-FB00420D972B->0a7e6056-64a2-4302-b029-255d48a66d7f@group-1EE0336AADCF, cid=1033, SUCCESS, logIndex=1383, commits[0a7e6056-64a2-4302-b029-255d48a66d7f:c1384, 82c1508e-6289-48e2-a567-a0e29c8b4903:c1382, f63d6ef8-0266-4bf3-bcb1-484cdaae1fbb:c1382]
2019-07-09 20:06:34,078 INFO  client.GrpcClientProtocolClient (GrpcClientProtocolClient.java:onNext(255)) - client-FB00420D972B->0a7e6056-64a2-4302-b029-255d48a66d7f: receive RaftClientReply:client-FB00420D972B->0a7e6056-64a2-4302-b029-255d48a66d7f@group-1EE0336AADCF, cid=1034, SUCCESS, logIndex=1384, commits[0a7e6056-64a2-4302-b029-255d48a66d7f:c1384, 82c1508e-6289-48e2-a567-a0e29c8b4903:c1382, f63d6ef8-0266-4bf3-bcb1-484cdaae1fbb:c1382]
2019-07-09 20:06:34,091 INFO  client.GrpcClientProtocolClient (GrpcClientProtocolClient.java:onNext(255)) - client-FB00420D972B->0a7e6056-64a2-4302-b029-255d48a66d7f: receive RaftClientReply:client-FB00420D972B->0a7e6056-64a2-4302-b029-255d48a66d7f@group-1EE0336AADCF, cid=1035, SUCCESS, logIndex=1387, commits[0a7e6056-64a2-4302-b029-255d48a66d7f:c1388, 82c1508e-6289-48e2-a567-a0e29c8b4903:c1384, f63d6ef8-0266-4bf3-bcb1-484cdaae1fbb:c1383]
2019-07-09 20:06:34,092 INFO  client.GrpcClientProtocolClient (GrpcClientProtocolClient.java:onNext(255)) - client-FB00420D972B->0a7e6056-64a2-4302-b029-255d48a66d7f: receive RaftClientReply:client-FB00420D972B->0a7e6056-64a2-4302-b029-255d48a66d7f@group-1EE0336AADCF, cid=1036, SUCCESS, logIndex=1388, commits[0a7e6056-64a2-4302-b029-255d48a66d7f:c1388, 82c1508e-6289-48e2-a567-a0e29c8b4903:c1384, f63d6ef8-0266-4bf3-bcb1-484cdaae1fbb:c1384]
2019-07-09 20:06:34,093 INFO  client.GrpcClientProtocolClient (GrpcClientProtocolClient.java:onNext(255)) - client-FB00420D972B->0a7e6056-64a2-4302-b029-255d48a66d7f: receive RaftClientReply:client-FB00420D972B->0a7e6056-64a2-4302-b029-255d48a66d7f@group-1EE0336AADCF, cid=1037, SUCCESS, logIndex=0, commits[0a7e6056-64a2-4302-b029-255d48a66d7f:c1390, 82c1508e-6289-48e2-a567-a0e29c8b4903:c1388, f63d6ef8-0266-4bf3-bcb1-484cdaae1fbb:c1388]
2019-07-09 20:06:34,114 INFO  client.GrpcClientProtocolClient (GrpcClientProtocolClient.java:onNext(255)) - client-FB00420D972B->0a7e6056-64a2-4302-b029-255d48a66d7f: receive RaftClientReply:client-FB00420D972B->0a7e6056-64a2-4302-b029-255d48a66d7f@group-1EE0336AADCF, cid=1038, SUCCESS, logIndex=1391, commits[0a7e6056-64a2-4302-b029-255d48a66d7f:c1391, 82c1508e-6289-48e2-a567-a0e29c8b4903:c1390, f63d6ef8-0266-4bf3-bcb1-484cdaae1fbb:c1390]
2019-07-09 20:06:34,115 INFO  client.GrpcClientProtocolClient (GrpcClientProtocolClient.java:onNext(255)) - client-FB00420D972B->0a7e6056-64a2-4302-b029-255d48a66d7f: receive RaftClientReply:client-FB00420D972B->0a7e6056-64a2-4302-b029-255d48a66d7f@group-1EE0336AADCF, cid=1039, SUCCESS, logIndex=1392, commits[0a7e6056-64a2-4302-b029-255d48a66d7f:c1392, 82c1508e-6289-48e2-a567-a0e29c8b4903:c1390, f63d6ef8-0266-4bf3-bcb1-484cdaae1fbb:c1390]
2019-07-09 20:06:34,115 INFO  client.GrpcClientProtocolClient (GrpcClientProtocolClient.java:onNext(255)) - client-FB00420D972B->0a7e6056-64a2-4302-b029-255d48a66d7f: receive RaftClientReply:client-FB00420D972B->0a7e6056-64a2-4302-b029-255d48a66d7f@group-1EE0336AADCF, cid=1040, SUCCESS, logIndex=1393, commits[0a7e6056-64a2-4302-b029-255d48a66d7f:c1394, 82c1508e-6289-48e2-a567-a0e29c8b4903:c1390, f63d6ef8-0266-4bf3-bcb1-484cdaae1fbb:c1390]
2019-07-09 20:06:34,116 INFO  client.GrpcClientProtocolClient (GrpcClientProtocolClient.java:onNext(255)) - client-FB00420D972B->0a7e6056-64a2-4302-b029-255d48a66d7f: receive RaftClientReply:client-FB00420D972B->0a7e6056-64a2-4302-b029-255d48a66d7f@group-1EE0336AADCF, cid=1041, SUCCESS, logIndex=1394, commits[0a7e6056-64a2-4302-b029-255d48a66d7f:c1394, 82c1508e-6289-48e2-a567-a0e29c8b4903:c1390, f63d6ef8-0266-4bf3-bcb1-484cdaae1fbb:c1390]
2019-07-09 20:06:34,117 INFO  client.GrpcClientProtocolClient (GrpcClientProtocolClient.java:onNext(255)) - client-FB00420D972B->0a7e6056-64a2-4302-b029-255d48a66d7f: receive RaftClientReply:client-FB00420D972B->0a7e6056-64a2-4302-b029-255d48a66d7f@group-1EE0336AADCF, cid=1042, SUCCESS, logIndex=0, commits[0a7e6056-64a2-4302-b029-255d48a66d7f:c1396, 82c1508e-6289-48e2-a567-a0e29c8b4903:c1392, f63d6ef8-0266-4bf3-bcb1-484cdaae1fbb:c1392]
2019-07-09 20:06:34,140 INFO  client.GrpcClientProtocolClient (GrpcClientProtocolClient.java:onNext(255)) - client-FB00420D972B->0a7e6056-64a2-4302-b029-255d48a66d7f: receive RaftClientReply:client-FB00420D972B->0a7e6056-64a2-4302-b029-255d48a66d7f@group-1EE0336AADCF, cid=1043, SUCCESS, logIndex=1399, commits[0a7e6056-64a2-4302-b029-255d48a66d7f:c1400, 82c1508e-6289-48e2-a567-a0e29c8b4903:c1398, f63d6ef8-0266-4bf3-bcb1-484cdaae1fbb:c1398]
2019-07-09 20:06:34,141 INFO  client.GrpcClientProtocolClient (GrpcClientProtocolClient.java:onNext(255)) - client-FB00420D972B->0a7e6056-64a2-4302-b029-255d48a66d7f: receive RaftClientReply:client-FB00420D972B->0a7e6056-64a2-4302-b029-255d48a66d7f@group-1EE0336AADCF, cid=1044, SUCCESS, logIndex=1400, commits[0a7e6056-64a2-4302-b029-255d48a66d7f:c1400, 82c1508e-6289-48e2-a567-a0e29c8b4903:c1398, f63d6ef8-0266-4bf3-bcb1-484cdaae1fbb:c1398]
2019-07-09 20:06:34,154 INFO  client.GrpcClientProtocolClient (GrpcClientProtocolClient.java:onNext(255)) - client-FB00420D972B->0a7e6056-64a2-4302-b029-255d48a66d7f: receive RaftClientReply:client-FB00420D972B->0a7e6056-64a2-4302-b029-255d48a66d7f@group-1EE0336AADCF, cid=1045, SUCCESS, logIndex=1403, commits[0a7e6056-64a2-4302-b029-255d48a66d7f:c1404, 82c1508e-6289-48e2-a567-a0e29c8b4903:c1400, f63d6ef8-0266-4bf3-bcb1-484cdaae1fbb:c1400]
2019-07-09 20:06:34,155 INFO  client.GrpcClientProtocolClient (GrpcClientProtocolClient.java:onNext(255)) - client-FB00420D972B->0a7e6056-64a2-4302-b029-255d48a66d7f: receive RaftClientReply:client-FB00420D972B->0a7e6056-64a2-4302-b029-255d48a66d7f@group-1EE0336AADCF, cid=1046, SUCCESS, logIndex=1404, commits[0a7e6056-64a2-4302-b029-255d48a66d7f:c1404, 82c1508e-6289-48e2-a567-a0e29c8b4903:c1400, f63d6ef8-0266-4bf3-bcb1-484cdaae1fbb:c1400]
2019-07-09 20:06:34,187 INFO  client.GrpcClientProtocolClient (GrpcClientProtocolClient.java:onNext(255)) - client-FB00420D972B->0a7e6056-64a2-4302-b029-255d48a66d7f: receive RaftClientReply:client-FB00420D972B->0a7e6056-64a2-4302-b029-255d48a66d7f@group-1EE0336AADCF, cid=1047, SUCCESS, logIndex=0, commits[0a7e6056-64a2-4302-b029-255d48a66d7f:c1406, 82c1508e-6289-48e2-a567-a0e29c8b4903:c1404, f63d6ef8-0266-4bf3-bcb1-484cdaae1fbb:c1404]
2019-07-09 20:06:34,205 INFO  client.GrpcClientProtocolClient (GrpcClientProtocolClient.java:onNext(255)) - client-FB00420D972B->0a7e6056-64a2-4302-b029-255d48a66d7f: receive RaftClientReply:client-FB00420D972B->0a7e6056-64a2-4302-b029-255d48a66d7f@group-1EE0336AADCF, cid=1048, SUCCESS, logIndex=1407, commits[0a7e6056-64a2-4302-b029-255d48a66d7f:c1408, 82c1508e-6289-48e2-a567-a0e29c8b4903:c1406, f63d6ef8-0266-4bf3-bcb1-484cdaae1fbb:c1406]
2019-07-09 20:06:34,206 INFO  client.GrpcClientProtocolClient (GrpcClientProtocolClient.java:onNext(255)) - client-FB00420D972B->0a7e6056-64a2-4302-b029-255d48a66d7f: receive RaftClientReply:client-FB00420D972B->0a7e6056-64a2-4302-b029-255d48a66d7f@group-1EE0336AADCF, cid=1049, SUCCESS, logIndex=1408, commits[0a7e6056-64a2-4302-b029-255d48a66d7f:c1409, 82c1508e-6289-48e2-a567-a0e29c8b4903:c1406, f63d6ef8-0266-4bf3-bcb1-484cdaae1fbb:c1406]
2019-07-09 20:06:34,206 INFO  client.GrpcClientProtocolClient (GrpcClientProtocolClient.java:onNext(255)) - client-FB00420D972B->0a7e6056-64a2-4302-b029-255d48a66d7f: receive RaftClientReply:client-FB00420D972B->0a7e6056-64a2-4302-b029-255d48a66d7f@group-1EE0336AADCF, cid=1050, SUCCESS, logIndex=1409, commits[0a7e6056-64a2-4302-b029-255d48a66d7f:c1410, 82c1508e-6289-48e2-a567-a0e29c8b4903:c1406, f63d6ef8-0266-4bf3-bcb1-484cdaae1fbb:c1406]
2019-07-09 20:06:34,207 INFO  client.GrpcClientProtocolClient (GrpcClientProtocolClient.java:onNext(255)) - client-FB00420D972B->0a7e6056-64a2-4302-b029-255d48a66d7f: receive RaftClientReply:client-FB00420D972B->0a7e6056-64a2-4302-b029-255d48a66d7f@group-1EE0336AADCF, cid=1051, SUCCESS, logIndex=1410, commits[0a7e6056-64a2-4302-b029-255d48a66d7f:c1410, 82c1508e-6289-48e2-a567-a0e29c8b4903:c1406, f63d6ef8-0266-4bf3-bcb1-484cdaae1fbb:c1406]
2019-07-09 20:06:34,208 INFO  client.GrpcClientProtocolClient (GrpcClientProtocolClient.java:onNext(255)) - client-FB00420D972B->0a7e6056-64a2-4302-b029-255d48a66d7f: receive RaftClientReply:client-FB00420D972B->0a7e6056-64a2-4302-b029-255d48a66d7f@group-1EE0336AADCF, cid=1052, SUCCESS, logIndex=0, commits[0a7e6056-64a2-4302-b029-255d48a66d7f:c1414, 82c1508e-6289-48e2-a567-a0e29c8b4903:c1409, f63d6ef8-0266-4bf3-bcb1-484cdaae1fbb:c1410]
2019-07-09 20:06:34,229 INFO  client.GrpcClientProtocolClient (GrpcClientProtocolClient.java:onNext(255)) - client-FB00420D972B->0a7e6056-64a2-4302-b029-255d48a66d7f: receive RaftClientReply:client-FB00420D972B->0a7e6056-64a2-4302-b029-255d48a66d7f@group-1EE0336AADCF, cid=1053, SUCCESS, logIndex=1415, commits[0a7e6056-64a2-4302-b029-255d48a66d7f:c1416, 82c1508e-6289-48e2-a567-a0e29c8b4903:c1414, f63d6ef8-0266-4bf3-bcb1-484cdaae1fbb:c1414]
2019-07-09 20:06:34,230 INFO  client.GrpcClientProtocolClient (GrpcClientProtocolClient.java:onNext(255)) - client-FB00420D972B->0a7e6056-64a2-4302-b029-255d48a66d7f: receive RaftClientReply:client-FB00420D972B->0a7e6056-64a2-4302-b029-255d48a66d7f@group-1EE0336AADCF, cid=1054, SUCCESS, logIndex=1416, commits[0a7e6056-64a2-4302-b029-255d48a66d7f:c1416, 82c1508e-6289-48e2-a567-a0e29c8b4903:c1414, f63d6ef8-0266-4bf3-bcb1-484cdaae1fbb:c1414]
2019-07-09 20:06:34,251 INFO  client.GrpcClientProtocolClient (GrpcClientProtocolClient.java:onNext(255)) - client-FB00420D972B->0a7e6056-64a2-4302-b029-255d48a66d7f: receive RaftClientReply:client-FB00420D972B->0a7e6056-64a2-4302-b029-255d48a66d7f@group-1EE0336AADCF, cid=1055, SUCCESS, logIndex=1419, commits[0a7e6056-64a2-4302-b029-255d48a66d7f:c1420, 82c1508e-6289-48e2-a567-a0e29c8b4903:c1416, f63d6ef8-0266-4bf3-bcb1-484cdaae1fbb:c1416]
2019-07-09 20:06:34,252 INFO  client.GrpcClientProtocolClient (GrpcClientProtocolClient.java:onNext(255)) - client-FB00420D972B->0a7e6056-64a2-4302-b029-255d48a66d7f: receive RaftClientReply:client-FB00420D972B->0a7e6056-64a2-4302-b029-255d48a66d7f@group-1EE0336AADCF, cid=1056, SUCCESS, logIndex=1420, commits[0a7e6056-64a2-4302-b029-255d48a66d7f:c1420, 82c1508e-6289-48e2-a567-a0e29c8b4903:c1416, f63d6ef8-0266-4bf3-bcb1-484cdaae1fbb:c1416]
2019-07-09 20:06:34,263 INFO  client.GrpcClientProtocolClient (GrpcClientProtocolClient.java:onNext(255)) - client-FB00420D972B->0a7e6056-64a2-4302-b029-255d48a66d7f: receive RaftClientReply:client-FB00420D972B->0a7e6056-64a2-4302-b029-255d48a66d7f@group-1EE0336AADCF, cid=1057, SUCCESS, logIndex=0, commits[0a7e6056-64a2-4302-b029-255d48a66d7f:c1421, 82c1508e-6289-48e2-a567-a0e29c8b4903:c1420, f63d6ef8-0266-4bf3-bcb1-484cdaae1fbb:c1420]
2019-07-09 20:06:34,404 INFO  client.GrpcClientProtocolClient (GrpcClientProtocolClient.java:onNext(255)) - client-FB00420D972B->0a7e6056-64a2-4302-b029-255d48a66d7f: receive RaftClientReply:client-FB00420D972B->0a7e6056-64a2-4302-b029-255d48a66d7f@group-1EE0336AADCF, cid=1058, SUCCESS, logIndex=1423, commits[0a7e6056-64a2-4302-b029-255d48a66d7f:c1424, 82c1508e-6289-48e2-a567-a0e29c8b4903:c1422, f63d6ef8-0266-4bf3-bcb1-484cdaae1fbb:c1422]
2019-07-09 20:06:34,405 INFO  client.GrpcClientProtocolClient (GrpcClientProtocolClient.java:onNext(255)) - client-FB00420D972B->0a7e6056-64a2-4302-b029-255d48a66d7f: receive RaftClientReply:client-FB00420D972B->0a7e6056-64a2-4302-b029-255d48a66d7f@group-1EE0336AADCF, cid=1059, SUCCESS, logIndex=1424, commits[0a7e6056-64a2-4302-b029-255d48a66d7f:c1426, 82c1508e-6289-48e2-a567-a0e29c8b4903:c1422, f63d6ef8-0266-4bf3-bcb1-484cdaae1fbb:c1422]
2019-07-09 20:06:34,406 INFO  client.GrpcClientProtocolClient (GrpcClientProtocolClient.java:onNext(255)) - client-FB00420D972B->0a7e6056-64a2-4302-b029-255d48a66d7f: receive RaftClientReply:client-FB00420D972B->0a7e6056-64a2-4302-b029-255d48a66d7f@group-1EE0336AADCF, cid=1060, SUCCESS, logIndex=1425, commits[0a7e6056-64a2-4302-b029-255d48a66d7f:c1426, 82c1508e-6289-48e2-a567-a0e29c8b4903:c1422, f63d6ef8-0266-4bf3-bcb1-484cdaae1fbb:c1422]
2019-07-09 20:06:34,406 INFO  client.GrpcClientProtocolClient (GrpcClientProtocolClient.java:onNext(255)) - client-FB00420D972B->0a7e6056-64a2-4302-b029-255d48a66d7f: receive RaftClientReply:client-FB00420D972B->0a7e6056-64a2-4302-b029-255d48a66d7f@group-1EE0336AADCF, cid=1061, SUCCESS, logIndex=1426, commits[0a7e6056-64a2-4302-b029-255d48a66d7f:c1426, 82c1508e-6289-48e2-a567-a0e29c8b4903:c1422, f63d6ef8-0266-4bf3-bcb1-484cdaae1fbb:c1422]
2019-07-09 20:06:34,408 INFO  client.GrpcClientProtocolClient (GrpcClientProtocolClient.java:onNext(255)) - client-FB00420D972B->0a7e6056-64a2-4302-b029-255d48a66d7f: receive RaftClientReply:client-FB00420D972B->0a7e6056-64a2-4302-b029-255d48a66d7f@group-1EE0336AADCF, cid=1062, SUCCESS, logIndex=0, commits[0a7e6056-64a2-4302-b029-255d48a66d7f:c1430, 82c1508e-6289-48e2-a567-a0e29c8b4903:c1426, f63d6ef8-0266-4bf3-bcb1-484cdaae1fbb:c1426]
2019-07-09 20:06:34,426 INFO  client.GrpcClientProtocolClient (GrpcClientProtocolClient.java:onNext(255)) - client-FB00420D972B->0a7e6056-64a2-4302-b029-255d48a66d7f: receive RaftClientReply:client-FB00420D972B->0a7e6056-64a2-4302-b029-255d48a66d7f@group-1EE0336AADCF, cid=1063, SUCCESS, logIndex=1431, commits[0a7e6056-64a2-4302-b029-255d48a66d7f:c1432, 82c1508e-6289-48e2-a567-a0e29c8b4903:c1430, f63d6ef8-0266-4bf3-bcb1-484cdaae1fbb:c1430]
2019-07-09 20:06:34,427 INFO  client.GrpcClientProtocolClient (GrpcClientProtocolClient.java:onNext(255)) - client-FB00420D972B->0a7e6056-64a2-4302-b029-255d48a66d7f: receive RaftClientReply:client-FB00420D972B->0a7e6056-64a2-4302-b029-255d48a66d7f@group-1EE0336AADCF, cid=1064, SUCCESS, logIndex=1432, commits[0a7e6056-64a2-4302-b029-255d48a66d7f:c1432, 82c1508e-6289-48e2-a567-a0e29c8b4903:c1430, f63d6ef8-0266-4bf3-bcb1-484cdaae1fbb:c1430]
2019-07-09 20:06:34,451 INFO  client.GrpcClientProtocolClient (GrpcClientProtocolClient.java:onNext(255)) - client-FB00420D972B->0a7e6056-64a2-4302-b029-255d48a66d7f: receive RaftClientReply:client-FB00420D972B->0a7e6056-64a2-4302-b029-255d48a66d7f@group-1EE0336AADCF, cid=1065, SUCCESS, logIndex=1435, commits[0a7e6056-64a2-4302-b029-255d48a66d7f:c1436, 82c1508e-6289-48e2-a567-a0e29c8b4903:c1432, f63d6ef8-0266-4bf3-bcb1-484cdaae1fbb:c1432]
2019-07-09 20:06:34,453 INFO  client.GrpcClientProtocolClient (GrpcClientProtocolClient.java:onNext(255)) - client-FB00420D972B->0a7e6056-64a2-4302-b029-255d48a66d7f: receive RaftClientReply:client-FB00420D972B->0a7e6056-64a2-4302-b029-255d48a66d7f@group-1EE0336AADCF, cid=1066, SUCCESS, logIndex=1436, commits[0a7e6056-64a2-4302-b029-255d48a66d7f:c1436, 82c1508e-6289-48e2-a567-a0e29c8b4903:c1432, f63d6ef8-0266-4bf3-bcb1-484cdaae1fbb:c1432]
2019-07-09 20:06:34,454 INFO  client.GrpcClientProtocolClient (GrpcClientProtocolClient.java:onNext(255)) - client-FB00420D972B->0a7e6056-64a2-4302-b029-255d48a66d7f: receive RaftClientReply:client-FB00420D972B->0a7e6056-64a2-4302-b029-255d48a66d7f@group-1EE0336AADCF, cid=1067, SUCCESS, logIndex=0, commits[0a7e6056-64a2-4302-b029-255d48a66d7f:c1438, 82c1508e-6289-48e2-a567-a0e29c8b4903:c1436, f63d6ef8-0266-4bf3-bcb1-484cdaae1fbb:c1436]
2019-07-09 20:06:34,478 INFO  client.GrpcClientProtocolClient (GrpcClientProtocolClient.java:onNext(255)) - client-FB00420D972B->0a7e6056-64a2-4302-b029-255d48a66d7f: receive RaftClientReply:client-FB00420D972B->0a7e6056-64a2-4302-b029-255d48a66d7f@group-1EE0336AADCF, cid=1068, SUCCESS, logIndex=1439, commits[0a7e6056-64a2-4302-b029-255d48a66d7f:c1441, 82c1508e-6289-48e2-a567-a0e29c8b4903:c1438, f63d6ef8-0266-4bf3-bcb1-484cdaae1fbb:c1438]
2019-07-09 20:06:34,479 INFO  client.GrpcClientProtocolClient (GrpcClientProtocolClient.java:onNext(255)) - client-FB00420D972B->0a7e6056-64a2-4302-b029-255d48a66d7f: receive RaftClientReply:client-FB00420D972B->0a7e6056-64a2-4302-b029-255d48a66d7f@group-1EE0336AADCF, cid=1069, SUCCESS, logIndex=1440, commits[0a7e6056-64a2-4302-b029-255d48a66d7f:c1442, 82c1508e-6289-48e2-a567-a0e29c8b4903:c1438, f63d6ef8-0266-4bf3-bcb1-484cdaae1fbb:c1438]
2019-07-09 20:06:34,480 INFO  client.GrpcClientProtocolClient (GrpcClientProtocolClient.java:onNext(255)) - client-FB00420D972B->0a7e6056-64a2-4302-b029-255d48a66d7f: receive RaftClientReply:client-FB00420D972B->0a7e6056-64a2-4302-b029-255d48a66d7f@group-1EE0336AADCF, cid=1070, SUCCESS, logIndex=1441, commits[0a7e6056-64a2-4302-b029-255d48a66d7f:c1443, 82c1508e-6289-48e2-a567-a0e29c8b4903:c1439, f63d6ef8-0266-4bf3-bcb1-484cdaae1fbb:c1438]
2019-07-09 20:06:34,480 INFO  client.GrpcClientProtocolClient (GrpcClientProtocolClient.java:onNext(255)) - client-FB00420D972B->0a7e6056-64a2-4302-b029-255d48a66d7f: receive RaftClientReply:client-FB00420D972B->0a7e6056-64a2-4302-b029-255d48a66d7f@group-1EE0336AADCF, cid=1071, SUCCESS, logIndex=1442, commits[0a7e6056-64a2-4302-b029-255d48a66d7f:c1443, 82c1508e-6289-48e2-a567-a0e29c8b4903:c1439, f63d6ef8-0266-4bf3-bcb1-484cdaae1fbb:c1438]
2019-07-09 20:06:34,493 INFO  client.GrpcClientProtocolClient (GrpcClientProtocolClient.java:onNext(255)) - client-FB00420D972B->0a7e6056-64a2-4302-b029-255d48a66d7f: receive RaftClientReply:client-FB00420D972B->0a7e6056-64a2-4302-b029-255d48a66d7f@group-1EE0336AADCF, cid=1072, SUCCESS, logIndex=0, commits[0a7e6056-64a2-4302-b029-255d48a66d7f:c1444, 82c1508e-6289-48e2-a567-a0e29c8b4903:c1440, f63d6ef8-0266-4bf3-bcb1-484cdaae1fbb:c1440]
2019-07-09 20:06:34,515 INFO  client.GrpcClientProtocolClient (GrpcClientProtocolClient.java:onNext(255)) - client-FB00420D972B->0a7e6056-64a2-4302-b029-255d48a66d7f: receive RaftClientReply:client-FB00420D972B->0a7e6056-64a2-4302-b029-255d48a66d7f@group-1EE0336AADCF, cid=1073, SUCCESS, logIndex=1447, commits[0a7e6056-64a2-4302-b029-255d48a66d7f:c1448, 82c1508e-6289-48e2-a567-a0e29c8b4903:c1446, f63d6ef8-0266-4bf3-bcb1-484cdaae1fbb:c1446]
2019-07-09 20:06:34,516 INFO  client.GrpcClientProtocolClient (GrpcClientProtocolClient.java:onNext(255)) - client-FB00420D972B->0a7e6056-64a2-4302-b029-255d48a66d7f: receive RaftClientReply:client-FB00420D972B->0a7e6056-64a2-4302-b029-255d48a66d7f@group-1EE0336AADCF, cid=1074, SUCCESS, logIndex=1448, commits[0a7e6056-64a2-4302-b029-255d48a66d7f:c1448, 82c1508e-6289-48e2-a567-a0e29c8b4903:c1446, f63d6ef8-0266-4bf3-bcb1-484cdaae1fbb:c1446]
2019-07-09 20:06:34,530 INFO  client.GrpcClientProtocolClient (GrpcClientProtocolClient.java:onNext(255)) - client-FB00420D972B->0a7e6056-64a2-4302-b029-255d48a66d7f: receive RaftClientReply:client-FB00420D972B->0a7e6056-64a2-4302-b029-255d48a66d7f@group-1EE0336AADCF, cid=1075, SUCCESS, logIndex=1451, commits[0a7e6056-64a2-4302-b029-255d48a66d7f:c1452, 82c1508e-6289-48e2-a567-a0e29c8b4903:c1448, f63d6ef8-0266-4bf3-bcb1-484cdaae1fbb:c1448]
2019-07-09 20:06:34,531 INFO  client.GrpcClientProtocolClient (GrpcClientProtocolClient.java:onNext(255)) - client-FB00420D972B->0a7e6056-64a2-4302-b029-255d48a66d7f: receive RaftClientReply:client-FB00420D972B->0a7e6056-64a2-4302-b029-255d48a66d7f@group-1EE0336AADCF, cid=1076, SUCCESS, logIndex=1452, commits[0a7e6056-64a2-4302-b029-255d48a66d7f:c1452, 82c1508e-6289-48e2-a567-a0e29c8b4903:c1448, f63d6ef8-0266-4bf3-bcb1-484cdaae1fbb:c1448]
2019-07-09 20:06:34,542 INFO  client.GrpcClientProtocolClient (GrpcClientProtocolClient.java:onNext(255)) - client-FB00420D972B->0a7e6056-64a2-4302-b029-255d48a66d7f: receive RaftClientReply:client-FB00420D972B->0a7e6056-64a2-4302-b029-255d48a66d7f@group-1EE0336AADCF, cid=1077, SUCCESS, logIndex=0, commits[0a7e6056-64a2-4302-b029-255d48a66d7f:c1453, 82c1508e-6289-48e2-a567-a0e29c8b4903:c1452, f63d6ef8-0266-4bf3-bcb1-484cdaae1fbb:c1452]
2019-07-09 20:06:34,567 INFO  client.GrpcClientProtocolClient (GrpcClientProtocolClient.java:onNext(255)) - client-FB00420D972B->0a7e6056-64a2-4302-b029-255d48a66d7f: receive RaftClientReply:client-FB00420D972B->0a7e6056-64a2-4302-b029-255d48a66d7f@group-1EE0336AADCF, cid=1078, SUCCESS, logIndex=1455, commits[0a7e6056-64a2-4302-b029-255d48a66d7f:c1457, 82c1508e-6289-48e2-a567-a0e29c8b4903:c1454, f63d6ef8-0266-4bf3-bcb1-484cdaae1fbb:c1454]
2019-07-09 20:06:34,568 INFO  client.GrpcClientProtocolClient (GrpcClientProtocolClient.java:onNext(255)) - client-FB00420D972B->0a7e6056-64a2-4302-b029-255d48a66d7f: receive RaftClientReply:client-FB00420D972B->0a7e6056-64a2-4302-b029-255d48a66d7f@group-1EE0336AADCF, cid=1079, SUCCESS, logIndex=1456, commits[0a7e6056-64a2-4302-b029-255d48a66d7f:c1458, 82c1508e-6289-48e2-a567-a0e29c8b4903:c1454, f63d6ef8-0266-4bf3-bcb1-484cdaae1fbb:c1454]
2019-07-09 20:06:34,568 INFO  client.GrpcClientProtocolClient (GrpcClientProtocolClient.java:onNext(255)) - client-FB00420D972B->0a7e6056-64a2-4302-b029-255d48a66d7f: receive RaftClientReply:client-FB00420D972B->0a7e6056-64a2-4302-b029-255d48a66d7f@group-1EE0336AADCF, cid=1080, SUCCESS, logIndex=1457, commits[0a7e6056-64a2-4302-b029-255d48a66d7f:c1458, 82c1508e-6289-48e2-a567-a0e29c8b4903:c1454, f63d6ef8-0266-4bf3-bcb1-484cdaae1fbb:c1454]
2019-07-09 20:06:34,568 INFO  client.GrpcClientProtocolClient (GrpcClientProtocolClient.java:onNext(255)) - client-FB00420D972B->0a7e6056-64a2-4302-b029-255d48a66d7f: receive RaftClientReply:client-FB00420D972B->0a7e6056-64a2-4302-b029-255d48a66d7f@group-1EE0336AADCF, cid=1081, SUCCESS, logIndex=1458, commits[0a7e6056-64a2-4302-b029-255d48a66d7f:c1458, 82c1508e-6289-48e2-a567-a0e29c8b4903:c1454, f63d6ef8-0266-4bf3-bcb1-484cdaae1fbb:c1454]
2019-07-09 20:06:34,570 INFO  client.GrpcClientProtocolClient (GrpcClientProtocolClient.java:onNext(255)) - client-FB00420D972B->0a7e6056-64a2-4302-b029-255d48a66d7f: receive RaftClientReply:client-FB00420D972B->0a7e6056-64a2-4302-b029-255d48a66d7f@group-1EE0336AADCF, cid=1082, SUCCESS, logIndex=0, commits[0a7e6056-64a2-4302-b029-255d48a66d7f:c1460, 82c1508e-6289-48e2-a567-a0e29c8b4903:c1456, f63d6ef8-0266-4bf3-bcb1-484cdaae1fbb:c1456]
2019-07-09 20:06:34,600 INFO  client.GrpcClientProtocolClient (GrpcClientProtocolClient.java:onNext(255)) - client-FB00420D972B->0a7e6056-64a2-4302-b029-255d48a66d7f: receive RaftClientReply:client-FB00420D972B->0a7e6056-64a2-4302-b029-255d48a66d7f@group-1EE0336AADCF, cid=1083, SUCCESS, logIndex=1463, commits[0a7e6056-64a2-4302-b029-255d48a66d7f:c1464, 82c1508e-6289-48e2-a567-a0e29c8b4903:c1462, f63d6ef8-0266-4bf3-bcb1-484cdaae1fbb:c1462]
2019-07-09 20:06:34,601 INFO  client.GrpcClientProtocolClient (GrpcClientProtocolClient.java:onNext(255)) - client-FB00420D972B->0a7e6056-64a2-4302-b029-255d48a66d7f: receive RaftClientReply:client-FB00420D972B->0a7e6056-64a2-4302-b029-255d48a66d7f@group-1EE0336AADCF, cid=1084, SUCCESS, logIndex=1464, commits[0a7e6056-64a2-4302-b029-255d48a66d7f:c1464, 82c1508e-6289-48e2-a567-a0e29c8b4903:c1462, f63d6ef8-0266-4bf3-bcb1-484cdaae1fbb:c1462]
2019-07-09 20:06:34,623 INFO  client.GrpcClientProtocolClient (GrpcClientProtocolClient.java:onNext(255)) - client-FB00420D972B->0a7e6056-64a2-4302-b029-255d48a66d7f: receive RaftClientReply:client-FB00420D972B->0a7e6056-64a2-4302-b029-255d48a66d7f@group-1EE0336AADCF, cid=1085, SUCCESS, logIndex=1467, commits[0a7e6056-64a2-4302-b029-255d48a66d7f:c1468, 82c1508e-6289-48e2-a567-a0e29c8b4903:c1464, f63d6ef8-0266-4bf3-bcb1-484cdaae1fbb:c1464]
2019-07-09 20:06:34,623 INFO  client.GrpcClientProtocolClient (GrpcClientProtocolClient.java:onNext(255)) - client-FB00420D972B->0a7e6056-64a2-4302-b029-255d48a66d7f: receive RaftClientReply:client-FB00420D972B->0a7e6056-64a2-4302-b029-255d48a66d7f@group-1EE0336AADCF, cid=1086, SUCCESS, logIndex=1468, commits[0a7e6056-64a2-4302-b029-255d48a66d7f:c1468, 82c1508e-6289-48e2-a567-a0e29c8b4903:c1464, f63d6ef8-0266-4bf3-bcb1-484cdaae1fbb:c1464]
2019-07-09 20:06:34,627 INFO  client.GrpcClientProtocolClient (GrpcClientProtocolClient.java:onNext(255)) - client-FB00420D972B->0a7e6056-64a2-4302-b029-255d48a66d7f: receive RaftClientReply:client-FB00420D972B->0a7e6056-64a2-4302-b029-255d48a66d7f@group-1EE0336AADCF, cid=1087, SUCCESS, logIndex=0, commits[0a7e6056-64a2-4302-b029-255d48a66d7f:c1469, 82c1508e-6289-48e2-a567-a0e29c8b4903:c1468, f63d6ef8-0266-4bf3-bcb1-484cdaae1fbb:c1468]
2019-07-09 20:06:34,639 INFO  client.GrpcClientProtocolClient (GrpcClientProtocolClient.java:onNext(255)) - client-FB00420D972B->0a7e6056-64a2-4302-b029-255d48a66d7f: receive RaftClientReply:client-FB00420D972B->0a7e6056-64a2-4302-b029-255d48a66d7f@group-1EE0336AADCF, cid=1088, SUCCESS, logIndex=1471, commits[0a7e6056-64a2-4302-b029-255d48a66d7f:c1472, 82c1508e-6289-48e2-a567-a0e29c8b4903:c1468, f63d6ef8-0266-4bf3-bcb1-484cdaae1fbb:c1469]
2019-07-09 20:06:34,640 INFO  client.GrpcClientProtocolClient (GrpcClientProtocolClient.java:onNext(255)) - client-FB00420D972B->0a7e6056-64a2-4302-b029-255d48a66d7f: receive RaftClientReply:client-FB00420D972B->0a7e6056-64a2-4302-b029-255d48a66d7f@group-1EE0336AADCF, cid=1089, SUCCESS, logIndex=1472, commits[0a7e6056-64a2-4302-b029-255d48a66d7f:c1472, 82c1508e-6289-48e2-a567-a0e29c8b4903:c1468, f63d6ef8-0266-4bf3-bcb1-484cdaae1fbb:c1469]
2019-07-09 20:06:34,641 INFO  client.GrpcClientProtocolClient (GrpcClientProtocolClient.java:onNext(255)) - client-FB00420D972B->0a7e6056-64a2-4302-b029-255d48a66d7f: receive RaftClientReply:client-FB00420D972B->0a7e6056-64a2-4302-b029-255d48a66d7f@group-1EE0336AADCF, cid=1090, SUCCESS, logIndex=1473, commits[0a7e6056-64a2-4302-b029-255d48a66d7f:c1474, 82c1508e-6289-48e2-a567-a0e29c8b4903:c1469, f63d6ef8-0266-4bf3-bcb1-484cdaae1fbb:c1469]
2019-07-09 20:06:34,641 INFO  client.GrpcClientProtocolClient (GrpcClientProtocolClient.java:onNext(255)) - client-FB00420D972B->0a7e6056-64a2-4302-b029-255d48a66d7f: receive RaftClientReply:client-FB00420D972B->0a7e6056-64a2-4302-b029-255d48a66d7f@group-1EE0336AADCF, cid=1091, SUCCESS, logIndex=1474, commits[0a7e6056-64a2-4302-b029-255d48a66d7f:c1476, 82c1508e-6289-48e2-a567-a0e29c8b4903:c1469, f63d6ef8-0266-4bf3-bcb1-484cdaae1fbb:c1472]
2019-07-09 20:06:34,643 INFO  client.GrpcClientProtocolClient (GrpcClientProtocolClient.java:onNext(255)) - client-FB00420D972B->0a7e6056-64a2-4302-b029-255d48a66d7f: receive RaftClientReply:client-FB00420D972B->0a7e6056-64a2-4302-b029-255d48a66d7f@group-1EE0336AADCF, cid=1092, SUCCESS, logIndex=0, commits[0a7e6056-64a2-4302-b029-255d48a66d7f:c1476, 82c1508e-6289-48e2-a567-a0e29c8b4903:c1472, f63d6ef8-0266-4bf3-bcb1-484cdaae1fbb:c1472]
2019-07-09 20:06:34,662 INFO  client.GrpcClientProtocolClient (GrpcClientProtocolClient.java:onNext(255)) - client-FB00420D972B->0a7e6056-64a2-4302-b029-255d48a66d7f: receive RaftClientReply:client-FB00420D972B->0a7e6056-64a2-4302-b029-255d48a66d7f@group-1EE0336AADCF, cid=1093, SUCCESS, logIndex=1479, commits[0a7e6056-64a2-4302-b029-255d48a66d7f:c1480, 82c1508e-6289-48e2-a567-a0e29c8b4903:c1478, f63d6ef8-0266-4bf3-bcb1-484cdaae1fbb:c1478]
2019-07-09 20:06:34,662 INFO  client.GrpcClientProtocolClient (GrpcClientProtocolClient.java:onNext(255)) - client-FB00420D972B->0a7e6056-64a2-4302-b029-255d48a66d7f: receive RaftClientReply:client-FB00420D972B->0a7e6056-64a2-4302-b029-255d48a66d7f@group-1EE0336AADCF, cid=1094, SUCCESS, logIndex=1480, commits[0a7e6056-64a2-4302-b029-255d48a66d7f:c1480, 82c1508e-6289-48e2-a567-a0e29c8b4903:c1478, f63d6ef8-0266-4bf3-bcb1-484cdaae1fbb:c1478]
2019-07-09 20:06:34,681 INFO  client.GrpcClientProtocolClient (GrpcClientProtocolClient.java:onNext(255)) - client-FB00420D972B->0a7e6056-64a2-4302-b029-255d48a66d7f: receive RaftClientReply:client-FB00420D972B->0a7e6056-64a2-4302-b029-255d48a66d7f@group-1EE0336AADCF, cid=1095, SUCCESS, logIndex=1483, commits[0a7e6056-64a2-4302-b029-255d48a66d7f:c1484, 82c1508e-6289-48e2-a567-a0e29c8b4903:c1480, f63d6ef8-0266-4bf3-bcb1-484cdaae1fbb:c1480]
2019-07-09 20:06:34,681 INFO  client.GrpcClientProtocolClient (GrpcClientProtocolClient.java:onNext(255)) - client-FB00420D972B->0a7e6056-64a2-4302-b029-255d48a66d7f: receive RaftClientReply:client-FB00420D972B->0a7e6056-64a2-4302-b029-255d48a66d7f@group-1EE0336AADCF, cid=1096, SUCCESS, logIndex=1484, commits[0a7e6056-64a2-4302-b029-255d48a66d7f:c1484, 82c1508e-6289-48e2-a567-a0e29c8b4903:c1480, f63d6ef8-0266-4bf3-bcb1-484cdaae1fbb:c1480]
2019-07-09 20:06:34,694 INFO  client.GrpcClientProtocolClient (GrpcClientProtocolClient.java:onNext(255)) - client-FB00420D972B->0a7e6056-64a2-4302-b029-255d48a66d7f: receive RaftClientReply:client-FB00420D972B->0a7e6056-64a2-4302-b029-255d48a66d7f@group-1EE0336AADCF, cid=1097, SUCCESS, logIndex=0, commits[0a7e6056-64a2-4302-b029-255d48a66d7f:c1486, 82c1508e-6289-48e2-a567-a0e29c8b4903:c1484, f63d6ef8-0266-4bf3-bcb1-484cdaae1fbb:c1484]
2019-07-09 20:06:34,710 INFO  client.GrpcClientProtocolClient (GrpcClientProtocolClient.java:onNext(255)) - client-FB00420D972B->0a7e6056-64a2-4302-b029-255d48a66d7f: receive RaftClientReply:client-FB00420D972B->0a7e6056-64a2-4302-b029-255d48a66d7f@group-1EE0336AADCF, cid=1098, SUCCESS, logIndex=1487, commits[0a7e6056-64a2-4302-b029-255d48a66d7f:c1488, 82c1508e-6289-48e2-a567-a0e29c8b4903:c1486, f63d6ef8-0266-4bf3-bcb1-484cdaae1fbb:c1486]
2019-07-09 20:06:34,711 INFO  client.GrpcClientProtocolClient (GrpcClientProtocolClient.java:onNext(255)) - client-FB00420D972B->0a7e6056-64a2-4302-b029-255d48a66d7f: receive RaftClientReply:client-FB00420D972B->0a7e6056-64a2-4302-b029-255d48a66d7f@group-1EE0336AADCF, cid=1099, SUCCESS, logIndex=1488, commits[0a7e6056-64a2-4302-b029-255d48a66d7f:c1490, 82c1508e-6289-48e2-a567-a0e29c8b4903:c1486, f63d6ef8-0266-4bf3-bcb1-484cdaae1fbb:c1486]
2019-07-09 20:06:34,711 INFO  client.GrpcClientProtocolClient (GrpcClientProtocolClient.java:onNext(255)) - client-FB00420D972B->0a7e6056-64a2-4302-b029-255d48a66d7f: receive RaftClientReply:client-FB00420D972B->0a7e6056-64a2-4302-b029-255d48a66d7f@group-1EE0336AADCF, cid=1100, SUCCESS, logIndex=1489, commits[0a7e6056-64a2-4302-b029-255d48a66d7f:c1490, 82c1508e-6289-48e2-a567-a0e29c8b4903:c1486, f63d6ef8-0266-4bf3-bcb1-484cdaae1fbb:c1486]
2019-07-09 20:06:34,711 INFO  client.GrpcClientProtocolClient (GrpcClientProtocolClient.java:onNext(255)) - client-FB00420D972B->0a7e6056-64a2-4302-b029-255d48a66d7f: receive RaftClientReply:client-FB00420D972B->0a7e6056-64a2-4302-b029-255d48a66d7f@group-1EE0336AADCF, cid=1101, SUCCESS, logIndex=1490, commits[0a7e6056-64a2-4302-b029-255d48a66d7f:c1490, 82c1508e-6289-48e2-a567-a0e29c8b4903:c1486, f63d6ef8-0266-4bf3-bcb1-484cdaae1fbb:c1486]
2019-07-09 20:06:34,723 INFO  client.GrpcClientProtocolClient (GrpcClientProtocolClient.java:onNext(255)) - client-FB00420D972B->0a7e6056-64a2-4302-b029-255d48a66d7f: receive RaftClientReply:client-FB00420D972B->0a7e6056-64a2-4302-b029-255d48a66d7f@group-1EE0336AADCF, cid=1102, SUCCESS, logIndex=0, commits[0a7e6056-64a2-4302-b029-255d48a66d7f:c1493, 82c1508e-6289-48e2-a567-a0e29c8b4903:c1488, f63d6ef8-0266-4bf3-bcb1-484cdaae1fbb:c1490]
2019-07-09 20:06:34,741 INFO  client.GrpcClientProtocolClient (GrpcClientProtocolClient.java:onNext(255)) - client-FB00420D972B->0a7e6056-64a2-4302-b029-255d48a66d7f: receive RaftClientReply:client-FB00420D972B->0a7e6056-64a2-4302-b029-255d48a66d7f@group-1EE0336AADCF, cid=1103, SUCCESS, logIndex=1494, commits[0a7e6056-64a2-4302-b029-255d48a66d7f:c1495, 82c1508e-6289-48e2-a567-a0e29c8b4903:c1493, f63d6ef8-0266-4bf3-bcb1-484cdaae1fbb:c1493]
2019-07-09 20:06:34,742 INFO  client.GrpcClientProtocolClient (GrpcClientProtocolClient.java:onNext(255)) - client-FB00420D972B->0a7e6056-64a2-4302-b029-255d48a66d7f: receive RaftClientReply:client-FB00420D972B->0a7e6056-64a2-4302-b029-255d48a66d7f@group-1EE0336AADCF, cid=1104, SUCCESS, logIndex=1495, commits[0a7e6056-64a2-4302-b029-255d48a66d7f:c1495, 82c1508e-6289-48e2-a567-a0e29c8b4903:c1493, f63d6ef8-0266-4bf3-bcb1-484cdaae1fbb:c1493]
2019-07-09 20:06:34,755 INFO  client.GrpcClientProtocolClient (GrpcClientProtocolClient.java:onNext(255)) - client-FB00420D972B->0a7e6056-64a2-4302-b029-255d48a66d7f: receive RaftClientReply:client-FB00420D972B->0a7e6056-64a2-4302-b029-255d48a66d7f@group-1EE0336AADCF, cid=1105, SUCCESS, logIndex=1498, commits[0a7e6056-64a2-4302-b029-255d48a66d7f:c1499, 82c1508e-6289-48e2-a567-a0e29c8b4903:c1495, f63d6ef8-0266-4bf3-bcb1-484cdaae1fbb:c1495]
2019-07-09 20:06:34,755 INFO  client.GrpcClientProtocolClient (GrpcClientProtocolClient.java:onNext(255)) - client-FB00420D972B->0a7e6056-64a2-4302-b029-255d48a66d7f: receive RaftClientReply:client-FB00420D972B->0a7e6056-64a2-4302-b029-255d48a66d7f@group-1EE0336AADCF, cid=1106, SUCCESS, logIndex=1499, commits[0a7e6056-64a2-4302-b029-255d48a66d7f:c1499, 82c1508e-6289-48e2-a567-a0e29c8b4903:c1495, f63d6ef8-0266-4bf3-bcb1-484cdaae1fbb:c1495]
2019-07-09 20:06:34,770 INFO  client.GrpcClientProtocolClient (GrpcClientProtocolClient.java:onNext(255)) - client-FB00420D972B->0a7e6056-64a2-4302-b029-255d48a66d7f: receive RaftClientReply:client-FB00420D972B->0a7e6056-64a2-4302-b029-255d48a66d7f@group-1EE0336AADCF, cid=1107, SUCCESS, logIndex=0, commits[0a7e6056-64a2-4302-b029-255d48a66d7f:c1501, 82c1508e-6289-48e2-a567-a0e29c8b4903:c1499, f63d6ef8-0266-4bf3-bcb1-484cdaae1fbb:c1499]
 0.00% |█                                                                                                    |  0/1 Time: 0:00:062019-07-09 20:06:34,792 INFO  client.GrpcClientProtocolClient (GrpcClientProtocolClient.java:onNext(255)) - client-FB00420D972B->0a7e6056-64a2-4302-b029-255d48a66d7f: receive RaftClientReply:client-FB00420D972B->0a7e6056-64a2-4302-b029-255d48a66d7f@group-1EE0336AADCF, cid=1108, SUCCESS, logIndex=1502, commits[0a7e6056-64a2-4302-b029-255d48a66d7f:c1505, 82c1508e-6289-48e2-a567-a0e29c8b4903:c1501, f63d6ef8-0266-4bf3-bcb1-484cdaae1fbb:c1501]
2019-07-09 20:06:34,793 INFO  client.GrpcClientProtocolClient (GrpcClientProtocolClient.java:onNext(255)) - client-FB00420D972B->0a7e6056-64a2-4302-b029-255d48a66d7f: receive RaftClientReply:client-FB00420D972B->0a7e6056-64a2-4302-b029-255d48a66d7f@group-1EE0336AADCF, cid=1109, SUCCESS, logIndex=1503, commits[0a7e6056-64a2-4302-b029-255d48a66d7f:c1505, 82c1508e-6289-48e2-a567-a0e29c8b4903:c1501, f63d6ef8-0266-4bf3-bcb1-484cdaae1fbb:c1501]
2019-07-09 20:06:34,793 INFO  client.GrpcClientProtocolClient (GrpcClientProtocolClient.java:onNext(255)) - client-FB00420D972B->0a7e6056-64a2-4302-b029-255d48a66d7f: receive RaftClientReply:client-FB00420D972B->0a7e6056-64a2-4302-b029-255d48a66d7f@group-1EE0336AADCF, cid=1110, SUCCESS, logIndex=1504, commits[0a7e6056-64a2-4302-b029-255d48a66d7f:c1505, 82c1508e-6289-48e2-a567-a0e29c8b4903:c1501, f63d6ef8-0266-4bf3-bcb1-484cdaae1fbb:c1501]
2019-07-09 20:06:34,793 INFO  client.GrpcClientProtocolClient (GrpcClientProtocolClient.java:onNext(255)) - client-FB00420D972B->0a7e6056-64a2-4302-b029-255d48a66d7f: receive RaftClientReply:client-FB00420D972B->0a7e6056-64a2-4302-b029-255d48a66d7f@group-1EE0336AADCF, cid=1111, SUCCESS, logIndex=1505, commits[0a7e6056-64a2-4302-b029-255d48a66d7f:c1505, 82c1508e-6289-48e2-a567-a0e29c8b4903:c1501, f63d6ef8-0266-4bf3-bcb1-484cdaae1fbb:c1501]
2019-07-09 20:06:34,803 INFO  client.GrpcClientProtocolClient (GrpcClientProtocolClient.java:onNext(255)) - client-FB00420D972B->0a7e6056-64a2-4302-b029-255d48a66d7f: receive RaftClientReply:client-FB00420D972B->0a7e6056-64a2-4302-b029-255d48a66d7f@group-1EE0336AADCF, cid=1112, SUCCESS, logIndex=0, commits[0a7e6056-64a2-4302-b029-255d48a66d7f:c1506, 82c1508e-6289-48e2-a567-a0e29c8b4903:c1503, f63d6ef8-0266-4bf3-bcb1-484cdaae1fbb:c1503]
2019-07-09 20:06:34,822 INFO  client.GrpcClientProtocolClient (GrpcClientProtocolClient.java:onNext(255)) - client-FB00420D972B->0a7e6056-64a2-4302-b029-255d48a66d7f: receive RaftClientReply:client-FB00420D972B->0a7e6056-64a2-4302-b029-255d48a66d7f@group-1EE0336AADCF, cid=1113, SUCCESS, logIndex=1510, commits[0a7e6056-64a2-4302-b029-255d48a66d7f:c1511, 82c1508e-6289-48e2-a567-a0e29c8b4903:c1509, f63d6ef8-0266-4bf3-bcb1-484cdaae1fbb:c1509]
2019-07-09 20:06:34,823 INFO  client.GrpcClientProtocolClient (GrpcClientProtocolClient.java:onNext(255)) - client-FB00420D972B->0a7e6056-64a2-4302-b029-255d48a66d7f: receive RaftClientReply:client-FB00420D972B->0a7e6056-64a2-4302-b029-255d48a66d7f@group-1EE0336AADCF, cid=1114, SUCCESS, logIndex=1511, commits[0a7e6056-64a2-4302-b029-255d48a66d7f:c1511, 82c1508e-6289-48e2-a567-a0e29c8b4903:c1509, f63d6ef8-0266-4bf3-bcb1-484cdaae1fbb:c1509]
2019-07-09 20:06:34,836 INFO  client.GrpcClientProtocolClient (GrpcClientProtocolClient.java:onNext(255)) - client-FB00420D972B->0a7e6056-64a2-4302-b029-255d48a66d7f: receive RaftClientReply:client-FB00420D972B->0a7e6056-64a2-4302-b029-255d48a66d7f@group-1EE0336AADCF, cid=1115, SUCCESS, logIndex=1514, commits[0a7e6056-64a2-4302-b029-255d48a66d7f:c1515, 82c1508e-6289-48e2-a567-a0e29c8b4903:c1511, f63d6ef8-0266-4bf3-bcb1-484cdaae1fbb:c1510]
2019-07-09 20:06:34,836 INFO  client.GrpcClientProtocolClient (GrpcClientProtocolClient.java:onNext(255)) - client-FB00420D972B->0a7e6056-64a2-4302-b029-255d48a66d7f: receive RaftClientReply:client-FB00420D972B->0a7e6056-64a2-4302-b029-255d48a66d7f@group-1EE0336AADCF, cid=1116, SUCCESS, logIndex=1515, commits[0a7e6056-64a2-4302-b029-255d48a66d7f:c1515, 82c1508e-6289-48e2-a567-a0e29c8b4903:c1511, f63d6ef8-0266-4bf3-bcb1-484cdaae1fbb:c1510]
2019-07-09 20:06:34,847 INFO  client.GrpcClientProtocolClient (GrpcClientProtocolClient.java:onNext(255)) - client-FB00420D972B->0a7e6056-64a2-4302-b029-255d48a66d7f: receive RaftClientReply:client-FB00420D972B->0a7e6056-64a2-4302-b029-255d48a66d7f@group-1EE0336AADCF, cid=1117, SUCCESS, logIndex=0, commits[0a7e6056-64a2-4302-b029-255d48a66d7f:c1515, 82c1508e-6289-48e2-a567-a0e29c8b4903:c1511, f63d6ef8-0266-4bf3-bcb1-484cdaae1fbb:c1511]
2019-07-09 20:06:34,849 INFO  client.GrpcClientProtocolClient (GrpcClientProtocolClient.java:onNext(255)) - client-FB00420D972B->0a7e6056-64a2-4302-b029-255d48a66d7f: receive RaftClientReply:client-FB00420D972B->0a7e6056-64a2-4302-b029-255d48a66d7f@group-1EE0336AADCF, cid=1118, SUCCESS, logIndex=0, commits[0a7e6056-64a2-4302-b029-255d48a66d7f:c1517, 82c1508e-6289-48e2-a567-a0e29c8b4903:c1515, f63d6ef8-0266-4bf3-bcb1-484cdaae1fbb:c1515]
2019-07-09 20:06:34,869 INFO  client.GrpcClientProtocolClient (GrpcClientProtocolClient.java:onNext(255)) - client-FB00420D972B->0a7e6056-64a2-4302-b029-255d48a66d7f: receive RaftClientReply:client-FB00420D972B->0a7e6056-64a2-4302-b029-255d48a66d7f@group-1EE0336AADCF, cid=1119, SUCCESS, logIndex=1518, commits[0a7e6056-64a2-4302-b029-255d48a66d7f:c1519, 82c1508e-6289-48e2-a567-a0e29c8b4903:c1517, f63d6ef8-0266-4bf3-bcb1-484cdaae1fbb:c1517]
2019-07-09 20:06:34,869 INFO  client.GrpcClientProtocolClient (GrpcClientProtocolClient.java:onNext(255)) - client-FB00420D972B->0a7e6056-64a2-4302-b029-255d48a66d7f: receive RaftClientReply:client-FB00420D972B->0a7e6056-64a2-4302-b029-255d48a66d7f@group-1EE0336AADCF, cid=1120, SUCCESS, logIndex=1519, commits[0a7e6056-64a2-4302-b029-255d48a66d7f:c1520, 82c1508e-6289-48e2-a567-a0e29c8b4903:c1517, f63d6ef8-0266-4bf3-bcb1-484cdaae1fbb:c1517]
2019-07-09 20:06:34,870 INFO  client.GrpcClientProtocolClient (GrpcClientProtocolClient.java:onNext(255)) - client-FB00420D972B->0a7e6056-64a2-4302-b029-255d48a66d7f: receive RaftClientReply:client-FB00420D972B->0a7e6056-64a2-4302-b029-255d48a66d7f@group-1EE0336AADCF, cid=1121, SUCCESS, logIndex=1520, commits[0a7e6056-64a2-4302-b029-255d48a66d7f:c1521, 82c1508e-6289-48e2-a567-a0e29c8b4903:c1517, f63d6ef8-0266-4bf3-bcb1-484cdaae1fbb:c1517]
2019-07-09 20:06:34,870 INFO  client.GrpcClientProtocolClient (GrpcClientProtocolClient.java:onNext(255)) - client-FB00420D972B->0a7e6056-64a2-4302-b029-255d48a66d7f: receive RaftClientReply:client-FB00420D972B->0a7e6056-64a2-4302-b029-255d48a66d7f@group-1EE0336AADCF, cid=1122, SUCCESS, logIndex=1521, commits[0a7e6056-64a2-4302-b029-255d48a66d7f:c1521, 82c1508e-6289-48e2-a567-a0e29c8b4903:c1517, f63d6ef8-0266-4bf3-bcb1-484cdaae1fbb:c1517]
2019-07-09 20:06:34,884 INFO  client.GrpcClientProtocolClient (GrpcClientProtocolClient.java:onNext(255)) - client-FB00420D972B->0a7e6056-64a2-4302-b029-255d48a66d7f: receive RaftClientReply:client-FB00420D972B->0a7e6056-64a2-4302-b029-255d48a66d7f@group-1EE0336AADCF, cid=1123, SUCCESS, logIndex=0, commits[0a7e6056-64a2-4302-b029-255d48a66d7f:c1523, 82c1508e-6289-48e2-a567-a0e29c8b4903:c1520, f63d6ef8-0266-4bf3-bcb1-484cdaae1fbb:c1519]
2019-07-09 20:06:34,905 INFO  client.GrpcClientProtocolClient (GrpcClientProtocolClient.java:onNext(255)) - client-FB00420D972B->0a7e6056-64a2-4302-b029-255d48a66d7f: receive RaftClientReply:client-FB00420D972B->0a7e6056-64a2-4302-b029-255d48a66d7f@group-1EE0336AADCF, cid=1124, SUCCESS, logIndex=1526, commits[0a7e6056-64a2-4302-b029-255d48a66d7f:c1527, 82c1508e-6289-48e2-a567-a0e29c8b4903:c1525, f63d6ef8-0266-4bf3-bcb1-484cdaae1fbb:c1525]
2019-07-09 20:06:34,906 INFO  client.GrpcClientProtocolClient (GrpcClientProtocolClient.java:onNext(255)) - client-FB00420D972B->0a7e6056-64a2-4302-b029-255d48a66d7f: receive RaftClientReply:client-FB00420D972B->0a7e6056-64a2-4302-b029-255d48a66d7f@group-1EE0336AADCF, cid=1125, SUCCESS, logIndex=1527, commits[0a7e6056-64a2-4302-b029-255d48a66d7f:c1527, 82c1508e-6289-48e2-a567-a0e29c8b4903:c1525, f63d6ef8-0266-4bf3-bcb1-484cdaae1fbb:c1525]
2019-07-09 20:06:34,925 INFO  client.GrpcClientProtocolClient (GrpcClientProtocolClient.java:onNext(255)) - client-FB00420D972B->0a7e6056-64a2-4302-b029-255d48a66d7f: receive RaftClientReply:client-FB00420D972B->0a7e6056-64a2-4302-b029-255d48a66d7f@group-1EE0336AADCF, cid=1126, SUCCESS, logIndex=1530, commits[0a7e6056-64a2-4302-b029-255d48a66d7f:c1531, 82c1508e-6289-48e2-a567-a0e29c8b4903:c1527, f63d6ef8-0266-4bf3-bcb1-484cdaae1fbb:c1527]
2019-07-09 20:06:34,926 INFO  client.GrpcClientProtocolClient (GrpcClientProtocolClient.java:onNext(255)) - client-FB00420D972B->0a7e6056-64a2-4302-b029-255d48a66d7f: receive RaftClientReply:client-FB00420D972B->0a7e6056-64a2-4302-b029-255d48a66d7f@group-1EE0336AADCF, cid=1127, SUCCESS, logIndex=1531, commits[0a7e6056-64a2-4302-b029-255d48a66d7f:c1531, 82c1508e-6289-48e2-a567-a0e29c8b4903:c1527, f63d6ef8-0266-4bf3-bcb1-484cdaae1fbb:c1527]
2019-07-09 20:06:34,940 INFO  client.GrpcClientProtocolClient (GrpcClientProtocolClient.java:onNext(255)) - client-FB00420D972B->0a7e6056-64a2-4302-b029-255d48a66d7f: receive RaftClientReply:client-FB00420D972B->0a7e6056-64a2-4302-b029-255d48a66d7f@group-1EE0336AADCF, cid=1128, SUCCESS, logIndex=0, commits[0a7e6056-64a2-4302-b029-255d48a66d7f:c1533, 82c1508e-6289-48e2-a567-a0e29c8b4903:c1531, f63d6ef8-0266-4bf3-bcb1-484cdaae1fbb:c1531]
2019-07-09 20:06:35,086 INFO  client.GrpcClientProtocolClient (GrpcClientProtocolClient.java:onNext(255)) - client-FB00420D972B->0a7e6056-64a2-4302-b029-255d48a66d7f: receive RaftClientReply:client-FB00420D972B->0a7e6056-64a2-4302-b029-255d48a66d7f@group-1EE0336AADCF, cid=1129, SUCCESS, logIndex=1534, commits[0a7e6056-64a2-4302-b029-255d48a66d7f:c1537, 82c1508e-6289-48e2-a567-a0e29c8b4903:c1533, f63d6ef8-0266-4bf3-bcb1-484cdaae1fbb:c1533]
2019-07-09 20:06:35,087 INFO  client.GrpcClientProtocolClient (GrpcClientProtocolClient.java:onNext(255)) - client-FB00420D972B->0a7e6056-64a2-4302-b029-255d48a66d7f: receive RaftClientReply:client-FB00420D972B->0a7e6056-64a2-4302-b029-255d48a66d7f@group-1EE0336AADCF, cid=1130, SUCCESS, logIndex=1535, commits[0a7e6056-64a2-4302-b029-255d48a66d7f:c1537, 82c1508e-6289-48e2-a567-a0e29c8b4903:c1533, f63d6ef8-0266-4bf3-bcb1-484cdaae1fbb:c1533]
2019-07-09 20:06:35,087 INFO  client.GrpcClientProtocolClient (GrpcClientProtocolClient.java:onNext(255)) - client-FB00420D972B->0a7e6056-64a2-4302-b029-255d48a66d7f: receive RaftClientReply:client-FB00420D972B->0a7e6056-64a2-4302-b029-255d48a66d7f@group-1EE0336AADCF, cid=1131, SUCCESS, logIndex=1536, commits[0a7e6056-64a2-4302-b029-255d48a66d7f:c1537, 82c1508e-6289-48e2-a567-a0e29c8b4903:c1533, f63d6ef8-0266-4bf3-bcb1-484cdaae1fbb:c1533]
2019-07-09 20:06:35,088 INFO  client.GrpcClientProtocolClient (GrpcClientProtocolClient.java:onNext(255)) - client-FB00420D972B->0a7e6056-64a2-4302-b029-255d48a66d7f: receive RaftClientReply:client-FB00420D972B->0a7e6056-64a2-4302-b029-255d48a66d7f@group-1EE0336AADCF, cid=1132, SUCCESS, logIndex=1537, commits[0a7e6056-64a2-4302-b029-255d48a66d7f:c1538, 82c1508e-6289-48e2-a567-a0e29c8b4903:c1533, f63d6ef8-0266-4bf3-bcb1-484cdaae1fbb:c1534]
2019-07-09 20:06:35,090 INFO  client.GrpcClientProtocolClient (GrpcClientProtocolClient.java:onNext(255)) - client-FB00420D972B->0a7e6056-64a2-4302-b029-255d48a66d7f: receive RaftClientReply:client-FB00420D972B->0a7e6056-64a2-4302-b029-255d48a66d7f@group-1EE0336AADCF, cid=1133, SUCCESS, logIndex=0, commits[0a7e6056-64a2-4302-b029-255d48a66d7f:c1541, 82c1508e-6289-48e2-a567-a0e29c8b4903:c1537, f63d6ef8-0266-4bf3-bcb1-484cdaae1fbb:c1537]
2019-07-09 20:06:35,113 INFO  client.GrpcClientProtocolClient (GrpcClientProtocolClient.java:onNext(255)) - client-FB00420D972B->0a7e6056-64a2-4302-b029-255d48a66d7f: receive RaftClientReply:client-FB00420D972B->0a7e6056-64a2-4302-b029-255d48a66d7f@group-1EE0336AADCF, cid=1134, SUCCESS, logIndex=1542, commits[0a7e6056-64a2-4302-b029-255d48a66d7f:c1543, 82c1508e-6289-48e2-a567-a0e29c8b4903:c1541, f63d6ef8-0266-4bf3-bcb1-484cdaae1fbb:c1541]
2019-07-09 20:06:35,114 INFO  client.GrpcClientProtocolClient (GrpcClientProtocolClient.java:onNext(255)) - client-FB00420D972B->0a7e6056-64a2-4302-b029-255d48a66d7f: receive RaftClientReply:client-FB00420D972B->0a7e6056-64a2-4302-b029-255d48a66d7f@group-1EE0336AADCF, cid=1135, SUCCESS, logIndex=1543, commits[0a7e6056-64a2-4302-b029-255d48a66d7f:c1543, 82c1508e-6289-48e2-a567-a0e29c8b4903:c1541, f63d6ef8-0266-4bf3-bcb1-484cdaae1fbb:c1541]
2019-07-09 20:06:35,140 INFO  client.GrpcClientProtocolClient (GrpcClientProtocolClient.java:onNext(255)) - client-FB00420D972B->0a7e6056-64a2-4302-b029-255d48a66d7f: receive RaftClientReply:client-FB00420D972B->0a7e6056-64a2-4302-b029-255d48a66d7f@group-1EE0336AADCF, cid=1136, SUCCESS, logIndex=1546, commits[0a7e6056-64a2-4302-b029-255d48a66d7f:c1547, 82c1508e-6289-48e2-a567-a0e29c8b4903:c1543, f63d6ef8-0266-4bf3-bcb1-484cdaae1fbb:c1543]
2019-07-09 20:06:35,140 INFO  client.GrpcClientProtocolClient (GrpcClientProtocolClient.java:onNext(255)) - client-FB00420D972B->0a7e6056-64a2-4302-b029-255d48a66d7f: receive RaftClientReply:client-FB00420D972B->0a7e6056-64a2-4302-b029-255d48a66d7f@group-1EE0336AADCF, cid=1137, SUCCESS, logIndex=1547, commits[0a7e6056-64a2-4302-b029-255d48a66d7f:c1547, 82c1508e-6289-48e2-a567-a0e29c8b4903:c1543, f63d6ef8-0266-4bf3-bcb1-484cdaae1fbb:c1543]
2019-07-09 20:06:35,151 INFO  client.GrpcClientProtocolClient (GrpcClientProtocolClient.java:onNext(255)) - client-FB00420D972B->0a7e6056-64a2-4302-b029-255d48a66d7f: receive RaftClientReply:client-FB00420D972B->0a7e6056-64a2-4302-b029-255d48a66d7f@group-1EE0336AADCF, cid=1138, SUCCESS, logIndex=0, commits[0a7e6056-64a2-4302-b029-255d48a66d7f:c1547, 82c1508e-6289-48e2-a567-a0e29c8b4903:c1547, f63d6ef8-0266-4bf3-bcb1-484cdaae1fbb:c1547]
2019-07-09 20:06:35,174 INFO  client.GrpcClientProtocolClient (GrpcClientProtocolClient.java:onNext(255)) - client-FB00420D972B->0a7e6056-64a2-4302-b029-255d48a66d7f: receive RaftClientReply:client-FB00420D972B->0a7e6056-64a2-4302-b029-255d48a66d7f@group-1EE0336AADCF, cid=1139, SUCCESS, logIndex=1550, commits[0a7e6056-64a2-4302-b029-255d48a66d7f:c1551, 82c1508e-6289-48e2-a567-a0e29c8b4903:c1549, f63d6ef8-0266-4bf3-bcb1-484cdaae1fbb:c1549]
2019-07-09 20:06:35,175 INFO  client.GrpcClientProtocolClient (GrpcClientProtocolClient.java:onNext(255)) - client-FB00420D972B->0a7e6056-64a2-4302-b029-255d48a66d7f: receive RaftClientReply:client-FB00420D972B->0a7e6056-64a2-4302-b029-255d48a66d7f@group-1EE0336AADCF, cid=1140, SUCCESS, logIndex=1551, commits[0a7e6056-64a2-4302-b029-255d48a66d7f:c1552, 82c1508e-6289-48e2-a567-a0e29c8b4903:c1549, f63d6ef8-0266-4bf3-bcb1-484cdaae1fbb:c1549]
2019-07-09 20:06:35,175 INFO  client.GrpcClientProtocolClient (GrpcClientProtocolClient.java:onNext(255)) - client-FB00420D972B->0a7e6056-64a2-4302-b029-255d48a66d7f: receive RaftClientReply:client-FB00420D972B->0a7e6056-64a2-4302-b029-255d48a66d7f@group-1EE0336AADCF, cid=1141, SUCCESS, logIndex=1552, commits[0a7e6056-64a2-4302-b029-255d48a66d7f:c1553, 82c1508e-6289-48e2-a567-a0e29c8b4903:c1549, f63d6ef8-0266-4bf3-bcb1-484cdaae1fbb:c1549]
2019-07-09 20:06:35,176 INFO  client.GrpcClientProtocolClient (GrpcClientProtocolClient.java:onNext(255)) - client-FB00420D972B->0a7e6056-64a2-4302-b029-255d48a66d7f: receive RaftClientReply:client-FB00420D972B->0a7e6056-64a2-4302-b029-255d48a66d7f@group-1EE0336AADCF, cid=1142, SUCCESS, logIndex=1553, commits[0a7e6056-64a2-4302-b029-255d48a66d7f:c1553, 82c1508e-6289-48e2-a567-a0e29c8b4903:c1549, f63d6ef8-0266-4bf3-bcb1-484cdaae1fbb:c1549]
2019-07-09 20:06:35,188 INFO  client.GrpcClientProtocolClient (GrpcClientProtocolClient.java:onNext(255)) - client-FB00420D972B->0a7e6056-64a2-4302-b029-255d48a66d7f: receive RaftClientReply:client-FB00420D972B->0a7e6056-64a2-4302-b029-255d48a66d7f@group-1EE0336AADCF, cid=1143, SUCCESS, logIndex=0, commits[0a7e6056-64a2-4302-b029-255d48a66d7f:c1555, 82c1508e-6289-48e2-a567-a0e29c8b4903:c1551, f63d6ef8-0266-4bf3-bcb1-484cdaae1fbb:c1551]
2019-07-09 20:06:35,210 INFO  client.GrpcClientProtocolClient (GrpcClientProtocolClient.java:onNext(255)) - client-FB00420D972B->0a7e6056-64a2-4302-b029-255d48a66d7f: receive RaftClientReply:client-FB00420D972B->0a7e6056-64a2-4302-b029-255d48a66d7f@group-1EE0336AADCF, cid=1144, SUCCESS, logIndex=1558, commits[0a7e6056-64a2-4302-b029-255d48a66d7f:c1559, 82c1508e-6289-48e2-a567-a0e29c8b4903:c1557, f63d6ef8-0266-4bf3-bcb1-484cdaae1fbb:c1557]
2019-07-09 20:06:35,211 INFO  client.GrpcClientProtocolClient (GrpcClientProtocolClient.java:onNext(255)) - client-FB00420D972B->0a7e6056-64a2-4302-b029-255d48a66d7f: receive RaftClientReply:client-FB00420D972B->0a7e6056-64a2-4302-b029-255d48a66d7f@group-1EE0336AADCF, cid=1145, SUCCESS, logIndex=1559, commits[0a7e6056-64a2-4302-b029-255d48a66d7f:c1559, 82c1508e-6289-48e2-a567-a0e29c8b4903:c1557, f63d6ef8-0266-4bf3-bcb1-484cdaae1fbb:c1557]
2019-07-09 20:06:35,256 INFO  client.GrpcClientProtocolClient (GrpcClientProtocolClient.java:onNext(255)) - client-FB00420D972B->0a7e6056-64a2-4302-b029-255d48a66d7f: receive RaftClientReply:client-FB00420D972B->0a7e6056-64a2-4302-b029-255d48a66d7f@group-1EE0336AADCF, cid=1146, SUCCESS, logIndex=1562, commits[0a7e6056-64a2-4302-b029-255d48a66d7f:c1563, 82c1508e-6289-48e2-a567-a0e29c8b4903:c1559, f63d6ef8-0266-4bf3-bcb1-484cdaae1fbb:c1559]
2019-07-09 20:06:35,256 INFO  client.GrpcClientProtocolClient (GrpcClientProtocolClient.java:onNext(255)) - client-FB00420D972B->0a7e6056-64a2-4302-b029-255d48a66d7f: receive RaftClientReply:client-FB00420D972B->0a7e6056-64a2-4302-b029-255d48a66d7f@group-1EE0336AADCF, cid=1147, SUCCESS, logIndex=1563, commits[0a7e6056-64a2-4302-b029-255d48a66d7f:c1563, 82c1508e-6289-48e2-a567-a0e29c8b4903:c1559, f63d6ef8-0266-4bf3-bcb1-484cdaae1fbb:c1559]
2019-07-09 20:06:35,267 INFO  client.GrpcClientProtocolClient (GrpcClientProtocolClient.java:onNext(255)) - client-FB00420D972B->0a7e6056-64a2-4302-b029-255d48a66d7f: receive RaftClientReply:client-FB00420D972B->0a7e6056-64a2-4302-b029-255d48a66d7f@group-1EE0336AADCF, cid=1148, SUCCESS, logIndex=0, commits[0a7e6056-64a2-4302-b029-255d48a66d7f:c1565, 82c1508e-6289-48e2-a567-a0e29c8b4903:c1563, f63d6ef8-0266-4bf3-bcb1-484cdaae1fbb:c1563]
2019-07-09 20:06:35,288 INFO  client.GrpcClientProtocolClient (GrpcClientProtocolClient.java:onNext(255)) - client-FB00420D972B->0a7e6056-64a2-4302-b029-255d48a66d7f: receive RaftClientReply:client-FB00420D972B->0a7e6056-64a2-4302-b029-255d48a66d7f@group-1EE0336AADCF, cid=1149, SUCCESS, logIndex=1566, commits[0a7e6056-64a2-4302-b029-255d48a66d7f:c1568, 82c1508e-6289-48e2-a567-a0e29c8b4903:c1565, f63d6ef8-0266-4bf3-bcb1-484cdaae1fbb:c1565]
2019-07-09 20:06:35,289 INFO  client.GrpcClientProtocolClient (GrpcClientProtocolClient.java:onNext(255)) - client-FB00420D972B->0a7e6056-64a2-4302-b029-255d48a66d7f: receive RaftClientReply:client-FB00420D972B->0a7e6056-64a2-4302-b029-255d48a66d7f@group-1EE0336AADCF, cid=1150, SUCCESS, logIndex=1567, commits[0a7e6056-64a2-4302-b029-255d48a66d7f:c1569, 82c1508e-6289-48e2-a567-a0e29c8b4903:c1565, f63d6ef8-0266-4bf3-bcb1-484cdaae1fbb:c1565]
2019-07-09 20:06:35,289 INFO  client.GrpcClientProtocolClient (GrpcClientProtocolClient.java:onNext(255)) - client-FB00420D972B->0a7e6056-64a2-4302-b029-255d48a66d7f: receive RaftClientReply:client-FB00420D972B->0a7e6056-64a2-4302-b029-255d48a66d7f@group-1EE0336AADCF, cid=1151, SUCCESS, logIndex=1568, commits[0a7e6056-64a2-4302-b029-255d48a66d7f:c1569, 82c1508e-6289-48e2-a567-a0e29c8b4903:c1565, f63d6ef8-0266-4bf3-bcb1-484cdaae1fbb:c1565]
2019-07-09 20:06:35,290 INFO  client.GrpcClientProtocolClient (GrpcClientProtocolClient.java:onNext(255)) - client-FB00420D972B->0a7e6056-64a2-4302-b029-255d48a66d7f: receive RaftClientReply:client-FB00420D972B->0a7e6056-64a2-4302-b029-255d48a66d7f@group-1EE0336AADCF, cid=1152, SUCCESS, logIndex=1569, commits[0a7e6056-64a2-4302-b029-255d48a66d7f:c1570, 82c1508e-6289-48e2-a567-a0e29c8b4903:c1565, f63d6ef8-0266-4bf3-bcb1-484cdaae1fbb:c1566]
2019-07-09 20:06:35,293 INFO  client.GrpcClientProtocolClient (GrpcClientProtocolClient.java:onNext(255)) - client-FB00420D972B->0a7e6056-64a2-4302-b029-255d48a66d7f: receive RaftClientReply:client-FB00420D972B->0a7e6056-64a2-4302-b029-255d48a66d7f@group-1EE0336AADCF, cid=1153, SUCCESS, logIndex=0, commits[0a7e6056-64a2-4302-b029-255d48a66d7f:c1572, 82c1508e-6289-48e2-a567-a0e29c8b4903:c1567, f63d6ef8-0266-4bf3-bcb1-484cdaae1fbb:c1568]
2019-07-09 20:06:35,316 INFO  client.GrpcClientProtocolClient (GrpcClientProtocolClient.java:onNext(255)) - client-FB00420D972B->0a7e6056-64a2-4302-b029-255d48a66d7f: receive RaftClientReply:client-FB00420D972B->0a7e6056-64a2-4302-b029-255d48a66d7f@group-1EE0336AADCF, cid=1154, SUCCESS, logIndex=1574, commits[0a7e6056-64a2-4302-b029-255d48a66d7f:c1575, 82c1508e-6289-48e2-a567-a0e29c8b4903:c1572, f63d6ef8-0266-4bf3-bcb1-484cdaae1fbb:c1572]
2019-07-09 20:06:35,317 INFO  client.GrpcClientProtocolClient (GrpcClientProtocolClient.java:onNext(255)) - client-FB00420D972B->0a7e6056-64a2-4302-b029-255d48a66d7f: receive RaftClientReply:client-FB00420D972B->0a7e6056-64a2-4302-b029-255d48a66d7f@group-1EE0336AADCF, cid=1155, SUCCESS, logIndex=1575, commits[0a7e6056-64a2-4302-b029-255d48a66d7f:c1575, 82c1508e-6289-48e2-a567-a0e29c8b4903:c1572, f63d6ef8-0266-4bf3-bcb1-484cdaae1fbb:c1572]
2019-07-09 20:06:35,338 INFO  client.GrpcClientProtocolClient (GrpcClientProtocolClient.java:onNext(255)) - client-FB00420D972B->0a7e6056-64a2-4302-b029-255d48a66d7f: receive RaftClientReply:client-FB00420D972B->0a7e6056-64a2-4302-b029-255d48a66d7f@group-1EE0336AADCF, cid=1156, SUCCESS, logIndex=1578, commits[0a7e6056-64a2-4302-b029-255d48a66d7f:c1579, 82c1508e-6289-48e2-a567-a0e29c8b4903:c1577, f63d6ef8-0266-4bf3-bcb1-484cdaae1fbb:c1577]
2019-07-09 20:06:35,339 INFO  client.GrpcClientProtocolClient (GrpcClientProtocolClient.java:onNext(255)) - client-FB00420D972B->0a7e6056-64a2-4302-b029-255d48a66d7f: receive RaftClientReply:client-FB00420D972B->0a7e6056-64a2-4302-b029-255d48a66d7f@group-1EE0336AADCF, cid=1157, SUCCESS, logIndex=1579, commits[0a7e6056-64a2-4302-b029-255d48a66d7f:c1579, 82c1508e-6289-48e2-a567-a0e29c8b4903:c1577, f63d6ef8-0266-4bf3-bcb1-484cdaae1fbb:c1577]
2019-07-09 20:06:35,353 INFO  client.GrpcClientProtocolClient (GrpcClientProtocolClient.java:onNext(255)) - client-FB00420D972B->0a7e6056-64a2-4302-b029-255d48a66d7f: receive RaftClientReply:client-FB00420D972B->0a7e6056-64a2-4302-b029-255d48a66d7f@group-1EE0336AADCF, cid=1158, SUCCESS, logIndex=0, commits[0a7e6056-64a2-4302-b029-255d48a66d7f:c1581, 82c1508e-6289-48e2-a567-a0e29c8b4903:c1579, f63d6ef8-0266-4bf3-bcb1-484cdaae1fbb:c1579]
2019-07-09 20:06:35,377 INFO  client.GrpcClientProtocolClient (GrpcClientProtocolClient.java:onNext(255)) - client-FB00420D972B->0a7e6056-64a2-4302-b029-255d48a66d7f: receive RaftClientReply:client-FB00420D972B->0a7e6056-64a2-4302-b029-255d48a66d7f@group-1EE0336AADCF, cid=1159, SUCCESS, logIndex=1582, commits[0a7e6056-64a2-4302-b029-255d48a66d7f:c1583, 82c1508e-6289-48e2-a567-a0e29c8b4903:c1581, f63d6ef8-0266-4bf3-bcb1-484cdaae1fbb:c1581]
2019-07-09 20:06:35,378 INFO  client.GrpcClientProtocolClient (GrpcClientProtocolClient.java:onNext(255)) - client-FB00420D972B->0a7e6056-64a2-4302-b029-255d48a66d7f: receive RaftClientReply:client-FB00420D972B->0a7e6056-64a2-4302-b029-255d48a66d7f@group-1EE0336AADCF, cid=1160, SUCCESS, logIndex=1583, commits[0a7e6056-64a2-4302-b029-255d48a66d7f:c1585, 82c1508e-6289-48e2-a567-a0e29c8b4903:c1581, f63d6ef8-0266-4bf3-bcb1-484cdaae1fbb:c1581]
2019-07-09 20:06:35,378 INFO  client.GrpcClientProtocolClient (GrpcClientProtocolClient.java:onNext(255)) - client-FB00420D972B->0a7e6056-64a2-4302-b029-255d48a66d7f: receive RaftClientReply:client-FB00420D972B->0a7e6056-64a2-4302-b029-255d48a66d7f@group-1EE0336AADCF, cid=1161, SUCCESS, logIndex=1584, commits[0a7e6056-64a2-4302-b029-255d48a66d7f:c1585, 82c1508e-6289-48e2-a567-a0e29c8b4903:c1581, f63d6ef8-0266-4bf3-bcb1-484cdaae1fbb:c1581]
2019-07-09 20:06:35,379 INFO  client.GrpcClientProtocolClient (GrpcClientProtocolClient.java:onNext(255)) - client-FB00420D972B->0a7e6056-64a2-4302-b029-255d48a66d7f: receive RaftClientReply:client-FB00420D972B->0a7e6056-64a2-4302-b029-255d48a66d7f@group-1EE0336AADCF, cid=1162, SUCCESS, logIndex=1585, commits[0a7e6056-64a2-4302-b029-255d48a66d7f:c1585, 82c1508e-6289-48e2-a567-a0e29c8b4903:c1581, f63d6ef8-0266-4bf3-bcb1-484cdaae1fbb:c1581]
2019-07-09 20:06:35,391 INFO  client.GrpcClientProtocolClient (GrpcClientProtocolClient.java:onNext(255)) - client-FB00420D972B->0a7e6056-64a2-4302-b029-255d48a66d7f: receive RaftClientReply:client-FB00420D972B->0a7e6056-64a2-4302-b029-255d48a66d7f@group-1EE0336AADCF, cid=1163, SUCCESS, logIndex=0, commits[0a7e6056-64a2-4302-b029-255d48a66d7f:c1587, 82c1508e-6289-48e2-a567-a0e29c8b4903:c1583, f63d6ef8-0266-4bf3-bcb1-484cdaae1fbb:c1583]
2019-07-09 20:06:35,412 INFO  client.GrpcClientProtocolClient (GrpcClientProtocolClient.java:onNext(255)) - client-FB00420D972B->0a7e6056-64a2-4302-b029-255d48a66d7f: receive RaftClientReply:client-FB00420D972B->0a7e6056-64a2-4302-b029-255d48a66d7f@group-1EE0336AADCF, cid=1164, SUCCESS, logIndex=1590, commits[0a7e6056-64a2-4302-b029-255d48a66d7f:c1591, 82c1508e-6289-48e2-a567-a0e29c8b4903:c1589, f63d6ef8-0266-4bf3-bcb1-484cdaae1fbb:c1589]
2019-07-09 20:06:35,412 INFO  client.GrpcClientProtocolClient (GrpcClientProtocolClient.java:onNext(255)) - client-FB00420D972B->0a7e6056-64a2-4302-b029-255d48a66d7f: receive RaftClientReply:client-FB00420D972B->0a7e6056-64a2-4302-b029-255d48a66d7f@group-1EE0336AADCF, cid=1165, SUCCESS, logIndex=1591, commits[0a7e6056-64a2-4302-b029-255d48a66d7f:c1591, 82c1508e-6289-48e2-a567-a0e29c8b4903:c1589, f63d6ef8-0266-4bf3-bcb1-484cdaae1fbb:c1589]
2019-07-09 20:06:35,439 INFO  client.GrpcClientProtocolClient (GrpcClientProtocolClient.java:onNext(255)) - client-FB00420D972B->0a7e6056-64a2-4302-b029-255d48a66d7f: receive RaftClientReply:client-FB00420D972B->0a7e6056-64a2-4302-b029-255d48a66d7f@group-1EE0336AADCF, cid=1166, SUCCESS, logIndex=1594, commits[0a7e6056-64a2-4302-b029-255d48a66d7f:c1595, 82c1508e-6289-48e2-a567-a0e29c8b4903:c1591, f63d6ef8-0266-4bf3-bcb1-484cdaae1fbb:c1591]
2019-07-09 20:06:35,439 INFO  client.GrpcClientProtocolClient (GrpcClientProtocolClient.java:onNext(255)) - client-FB00420D972B->0a7e6056-64a2-4302-b029-255d48a66d7f: receive RaftClientReply:client-FB00420D972B->0a7e6056-64a2-4302-b029-255d48a66d7f@group-1EE0336AADCF, cid=1167, SUCCESS, logIndex=1595, commits[0a7e6056-64a2-4302-b029-255d48a66d7f:c1595, 82c1508e-6289-48e2-a567-a0e29c8b4903:c1591, f63d6ef8-0266-4bf3-bcb1-484cdaae1fbb:c1591]
2019-07-09 20:06:35,447 INFO  client.GrpcClientProtocolClient (GrpcClientProtocolClient.java:onNext(255)) - client-FB00420D972B->0a7e6056-64a2-4302-b029-255d48a66d7f: receive RaftClientReply:client-FB00420D972B->0a7e6056-64a2-4302-b029-255d48a66d7f@group-1EE0336AADCF, cid=1168, SUCCESS, logIndex=0, commits[0a7e6056-64a2-4302-b029-255d48a66d7f:c1596, 82c1508e-6289-48e2-a567-a0e29c8b4903:c1595, f63d6ef8-0266-4bf3-bcb1-484cdaae1fbb:c1595]
2019-07-09 20:06:35,468 INFO  client.GrpcClientProtocolClient (GrpcClientProtocolClient.java:onNext(255)) - client-FB00420D972B->0a7e6056-64a2-4302-b029-255d48a66d7f: receive RaftClientReply:client-FB00420D972B->0a7e6056-64a2-4302-b029-255d48a66d7f@group-1EE0336AADCF, cid=1169, SUCCESS, logIndex=1598, commits[0a7e6056-64a2-4302-b029-255d48a66d7f:c1599, 82c1508e-6289-48e2-a567-a0e29c8b4903:c1597, f63d6ef8-0266-4bf3-bcb1-484cdaae1fbb:c1597]
2019-07-09 20:06:35,468 INFO  client.GrpcClientProtocolClient (GrpcClientProtocolClient.java:onNext(255)) - client-FB00420D972B->0a7e6056-64a2-4302-b029-255d48a66d7f: receive RaftClientReply:client-FB00420D972B->0a7e6056-64a2-4302-b029-255d48a66d7f@group-1EE0336AADCF, cid=1170, SUCCESS, logIndex=1599, commits[0a7e6056-64a2-4302-b029-255d48a66d7f:c1599, 82c1508e-6289-48e2-a567-a0e29c8b4903:c1597, f63d6ef8-0266-4bf3-bcb1-484cdaae1fbb:c1597]
2019-07-09 20:06:35,469 INFO  client.GrpcClientProtocolClient (GrpcClientProtocolClient.java:onNext(255)) - client-FB00420D972B->0a7e6056-64a2-4302-b029-255d48a66d7f: receive RaftClientReply:client-FB00420D972B->0a7e6056-64a2-4302-b029-255d48a66d7f@group-1EE0336AADCF, cid=1171, SUCCESS, logIndex=1600, commits[0a7e6056-64a2-4302-b029-255d48a66d7f:c1601, 82c1508e-6289-48e2-a567-a0e29c8b4903:c1597, f63d6ef8-0266-4bf3-bcb1-484cdaae1fbb:c1597]
2019-07-09 20:06:35,469 INFO  client.GrpcClientProtocolClient (GrpcClientProtocolClient.java:onNext(255)) - client-FB00420D972B->0a7e6056-64a2-4302-b029-255d48a66d7f: receive RaftClientReply:client-FB00420D972B->0a7e6056-64a2-4302-b029-255d48a66d7f@group-1EE0336AADCF, cid=1172, SUCCESS, logIndex=1601, commits[0a7e6056-64a2-4302-b029-255d48a66d7f:c1601, 82c1508e-6289-48e2-a567-a0e29c8b4903:c1597, f63d6ef8-0266-4bf3-bcb1-484cdaae1fbb:c1597]
2019-07-09 20:06:35,482 INFO  client.GrpcClientProtocolClient (GrpcClientProtocolClient.java:onNext(255)) - client-FB00420D972B->0a7e6056-64a2-4302-b029-255d48a66d7f: receive RaftClientReply:client-FB00420D972B->0a7e6056-64a2-4302-b029-255d48a66d7f@group-1EE0336AADCF, cid=1173, SUCCESS, logIndex=0, commits[0a7e6056-64a2-4302-b029-255d48a66d7f:c1603, 82c1508e-6289-48e2-a567-a0e29c8b4903:c1599, f63d6ef8-0266-4bf3-bcb1-484cdaae1fbb:c1599]
2019-07-09 20:06:35,506 INFO  client.GrpcClientProtocolClient (GrpcClientProtocolClient.java:onNext(255)) - client-FB00420D972B->0a7e6056-64a2-4302-b029-255d48a66d7f: receive RaftClientReply:client-FB00420D972B->0a7e6056-64a2-4302-b029-255d48a66d7f@group-1EE0336AADCF, cid=1174, SUCCESS, logIndex=1606, commits[0a7e6056-64a2-4302-b029-255d48a66d7f:c1607, 82c1508e-6289-48e2-a567-a0e29c8b4903:c1605, f63d6ef8-0266-4bf3-bcb1-484cdaae1fbb:c1605]
2019-07-09 20:06:35,507 INFO  client.GrpcClientProtocolClient (GrpcClientProtocolClient.java:onNext(255)) - client-FB00420D972B->0a7e6056-64a2-4302-b029-255d48a66d7f: receive RaftClientReply:client-FB00420D972B->0a7e6056-64a2-4302-b029-255d48a66d7f@group-1EE0336AADCF, cid=1175, SUCCESS, logIndex=1607, commits[0a7e6056-64a2-4302-b029-255d48a66d7f:c1607, 82c1508e-6289-48e2-a567-a0e29c8b4903:c1605, f63d6ef8-0266-4bf3-bcb1-484cdaae1fbb:c1605]
2019-07-09 20:06:35,528 INFO  client.GrpcClientProtocolClient (GrpcClientProtocolClient.java:onNext(255)) - client-FB00420D972B->0a7e6056-64a2-4302-b029-255d48a66d7f: receive RaftClientReply:client-FB00420D972B->0a7e6056-64a2-4302-b029-255d48a66d7f@group-1EE0336AADCF, cid=1176, SUCCESS, logIndex=1610, commits[0a7e6056-64a2-4302-b029-255d48a66d7f:c1611, 82c1508e-6289-48e2-a567-a0e29c8b4903:c1609, f63d6ef8-0266-4bf3-bcb1-484cdaae1fbb:c1609]
2019-07-09 20:06:35,529 INFO  client.GrpcClientProtocolClient (GrpcClientProtocolClient.java:onNext(255)) - client-FB00420D972B->0a7e6056-64a2-4302-b029-255d48a66d7f: receive RaftClientReply:client-FB00420D972B->0a7e6056-64a2-4302-b029-255d48a66d7f@group-1EE0336AADCF, cid=1177, SUCCESS, logIndex=1611, commits[0a7e6056-64a2-4302-b029-255d48a66d7f:c1611, 82c1508e-6289-48e2-a567-a0e29c8b4903:c1609, f63d6ef8-0266-4bf3-bcb1-484cdaae1fbb:c1609]
2019-07-09 20:06:35,543 INFO  client.GrpcClientProtocolClient (GrpcClientProtocolClient.java:onNext(255)) - client-FB00420D972B->0a7e6056-64a2-4302-b029-255d48a66d7f: receive RaftClientReply:client-FB00420D972B->0a7e6056-64a2-4302-b029-255d48a66d7f@group-1EE0336AADCF, cid=1178, SUCCESS, logIndex=0, commits[0a7e6056-64a2-4302-b029-255d48a66d7f:c1613, 82c1508e-6289-48e2-a567-a0e29c8b4903:c1611, f63d6ef8-0266-4bf3-bcb1-484cdaae1fbb:c1611]
2019-07-09 20:06:35,565 INFO  client.GrpcClientProtocolClient (GrpcClientProtocolClient.java:onNext(255)) - client-FB00420D972B->0a7e6056-64a2-4302-b029-255d48a66d7f: receive RaftClientReply:client-FB00420D972B->0a7e6056-64a2-4302-b029-255d48a66d7f@group-1EE0336AADCF, cid=1179, SUCCESS, logIndex=1614, commits[0a7e6056-64a2-4302-b029-255d48a66d7f:c1617, 82c1508e-6289-48e2-a567-a0e29c8b4903:c1613, f63d6ef8-0266-4bf3-bcb1-484cdaae1fbb:c1613]
2019-07-09 20:06:35,566 INFO  client.GrpcClientProtocolClient (GrpcClientProtocolClient.java:onNext(255)) - client-FB00420D972B->0a7e6056-64a2-4302-b029-255d48a66d7f: receive RaftClientReply:client-FB00420D972B->0a7e6056-64a2-4302-b029-255d48a66d7f@group-1EE0336AADCF, cid=1180, SUCCESS, logIndex=1615, commits[0a7e6056-64a2-4302-b029-255d48a66d7f:c1617, 82c1508e-6289-48e2-a567-a0e29c8b4903:c1613, f63d6ef8-0266-4bf3-bcb1-484cdaae1fbb:c1613]
2019-07-09 20:06:35,566 INFO  client.GrpcClientProtocolClient (GrpcClientProtocolClient.java:onNext(255)) - client-FB00420D972B->0a7e6056-64a2-4302-b029-255d48a66d7f: receive RaftClientReply:client-FB00420D972B->0a7e6056-64a2-4302-b029-255d48a66d7f@group-1EE0336AADCF, cid=1181, SUCCESS, logIndex=1616, commits[0a7e6056-64a2-4302-b029-255d48a66d7f:c1617, 82c1508e-6289-48e2-a567-a0e29c8b4903:c1613, f63d6ef8-0266-4bf3-bcb1-484cdaae1fbb:c1613]
2019-07-09 20:06:35,567 INFO  client.GrpcClientProtocolClient (GrpcClientProtocolClient.java:onNext(255)) - client-FB00420D972B->0a7e6056-64a2-4302-b029-255d48a66d7f: receive RaftClientReply:client-FB00420D972B->0a7e6056-64a2-4302-b029-255d48a66d7f@group-1EE0336AADCF, cid=1182, SUCCESS, logIndex=1617, commits[0a7e6056-64a2-4302-b029-255d48a66d7f:c1618, 82c1508e-6289-48e2-a567-a0e29c8b4903:c1614, f63d6ef8-0266-4bf3-bcb1-484cdaae1fbb:c1614]
2019-07-09 20:06:35,568 INFO  client.GrpcClientProtocolClient (GrpcClientProtocolClient.java:onNext(255)) - client-FB00420D972B->0a7e6056-64a2-4302-b029-255d48a66d7f: receive RaftClientReply:client-FB00420D972B->0a7e6056-64a2-4302-b029-255d48a66d7f@group-1EE0336AADCF, cid=1183, SUCCESS, logIndex=0, commits[0a7e6056-64a2-4302-b029-255d48a66d7f:c1620, 82c1508e-6289-48e2-a567-a0e29c8b4903:c1617, f63d6ef8-0266-4bf3-bcb1-484cdaae1fbb:c1615]
2019-07-09 20:06:35,594 INFO  client.GrpcClientProtocolClient (GrpcClientProtocolClient.java:onNext(255)) - client-FB00420D972B->0a7e6056-64a2-4302-b029-255d48a66d7f: receive RaftClientReply:client-FB00420D972B->0a7e6056-64a2-4302-b029-255d48a66d7f@group-1EE0336AADCF, cid=1184, SUCCESS, logIndex=1622, commits[0a7e6056-64a2-4302-b029-255d48a66d7f:c1623, 82c1508e-6289-48e2-a567-a0e29c8b4903:c1621, f63d6ef8-0266-4bf3-bcb1-484cdaae1fbb:c1621]
2019-07-09 20:06:35,595 INFO  client.GrpcClientProtocolClient (GrpcClientProtocolClient.java:onNext(255)) - client-FB00420D972B->0a7e6056-64a2-4302-b029-255d48a66d7f: receive RaftClientReply:client-FB00420D972B->0a7e6056-64a2-4302-b029-255d48a66d7f@group-1EE0336AADCF, cid=1185, SUCCESS, logIndex=1623, commits[0a7e6056-64a2-4302-b029-255d48a66d7f:c1623, 82c1508e-6289-48e2-a567-a0e29c8b4903:c1621, f63d6ef8-0266-4bf3-bcb1-484cdaae1fbb:c1621]
2019-07-09 20:06:35,619 INFO  client.GrpcClientProtocolClient (GrpcClientProtocolClient.java:onNext(255)) - client-FB00420D972B->0a7e6056-64a2-4302-b029-255d48a66d7f: receive RaftClientReply:client-FB00420D972B->0a7e6056-64a2-4302-b029-255d48a66d7f@group-1EE0336AADCF, cid=1186, SUCCESS, logIndex=1626, commits[0a7e6056-64a2-4302-b029-255d48a66d7f:c1627, 82c1508e-6289-48e2-a567-a0e29c8b4903:c1623, f63d6ef8-0266-4bf3-bcb1-484cdaae1fbb:c1623]
2019-07-09 20:06:35,620 INFO  client.GrpcClientProtocolClient (GrpcClientProtocolClient.java:onNext(255)) - client-FB00420D972B->0a7e6056-64a2-4302-b029-255d48a66d7f: receive RaftClientReply:client-FB00420D972B->0a7e6056-64a2-4302-b029-255d48a66d7f@group-1EE0336AADCF, cid=1187, SUCCESS, logIndex=1627, commits[0a7e6056-64a2-4302-b029-255d48a66d7f:c1627, 82c1508e-6289-48e2-a567-a0e29c8b4903:c1623, f63d6ef8-0266-4bf3-bcb1-484cdaae1fbb:c1623]
2019-07-09 20:06:35,622 INFO  client.GrpcClientProtocolClient (GrpcClientProtocolClient.java:onNext(255)) - client-FB00420D972B->0a7e6056-64a2-4302-b029-255d48a66d7f: receive RaftClientReply:client-FB00420D972B->0a7e6056-64a2-4302-b029-255d48a66d7f@group-1EE0336AADCF, cid=1188, SUCCESS, logIndex=0, commits[0a7e6056-64a2-4302-b029-255d48a66d7f:c1628, 82c1508e-6289-48e2-a567-a0e29c8b4903:c1627, f63d6ef8-0266-4bf3-bcb1-484cdaae1fbb:c1627]
2019-07-09 20:06:35,643 INFO  client.GrpcClientProtocolClient (GrpcClientProtocolClient.java:onNext(255)) - client-FB00420D972B->0a7e6056-64a2-4302-b029-255d48a66d7f: receive RaftClientReply:client-FB00420D972B->0a7e6056-64a2-4302-b029-255d48a66d7f@group-1EE0336AADCF, cid=1189, SUCCESS, logIndex=1630, commits[0a7e6056-64a2-4302-b029-255d48a66d7f:c1633, 82c1508e-6289-48e2-a567-a0e29c8b4903:c1629, f63d6ef8-0266-4bf3-bcb1-484cdaae1fbb:c1629]
2019-07-09 20:06:35,644 INFO  client.GrpcClientProtocolClient (GrpcClientProtocolClient.java:onNext(255)) - client-FB00420D972B->0a7e6056-64a2-4302-b029-255d48a66d7f: receive RaftClientReply:client-FB00420D972B->0a7e6056-64a2-4302-b029-255d48a66d7f@group-1EE0336AADCF, cid=1190, SUCCESS, logIndex=1631, commits[0a7e6056-64a2-4302-b029-255d48a66d7f:c1633, 82c1508e-6289-48e2-a567-a0e29c8b4903:c1629, f63d6ef8-0266-4bf3-bcb1-484cdaae1fbb:c1629]
2019-07-09 20:06:35,644 INFO  client.GrpcClientProtocolClient (GrpcClientProtocolClient.java:onNext(255)) - client-FB00420D972B->0a7e6056-64a2-4302-b029-255d48a66d7f: receive RaftClientReply:client-FB00420D972B->0a7e6056-64a2-4302-b029-255d48a66d7f@group-1EE0336AADCF, cid=1191, SUCCESS, logIndex=1632, commits[0a7e6056-64a2-4302-b029-255d48a66d7f:c1633, 82c1508e-6289-48e2-a567-a0e29c8b4903:c1629, f63d6ef8-0266-4bf3-bcb1-484cdaae1fbb:c1629]
2019-07-09 20:06:35,644 INFO  client.GrpcClientProtocolClient (GrpcClientProtocolClient.java:onNext(255)) - client-FB00420D972B->0a7e6056-64a2-4302-b029-255d48a66d7f: receive RaftClientReply:client-FB00420D972B->0a7e6056-64a2-4302-b029-255d48a66d7f@group-1EE0336AADCF, cid=1192, SUCCESS, logIndex=1633, commits[0a7e6056-64a2-4302-b029-255d48a66d7f:c1633, 82c1508e-6289-48e2-a567-a0e29c8b4903:c1629, f63d6ef8-0266-4bf3-bcb1-484cdaae1fbb:c1629]
2019-07-09 20:06:35,645 INFO  client.GrpcClientProtocolClient (GrpcClientProtocolClient.java:onNext(255)) - client-FB00420D972B->0a7e6056-64a2-4302-b029-255d48a66d7f: receive RaftClientReply:client-FB00420D972B->0a7e6056-64a2-4302-b029-255d48a66d7f@group-1EE0336AADCF, cid=1193, SUCCESS, logIndex=0, commits[0a7e6056-64a2-4302-b029-255d48a66d7f:c1637, 82c1508e-6289-48e2-a567-a0e29c8b4903:c1631, f63d6ef8-0266-4bf3-bcb1-484cdaae1fbb:c1633]
2019-07-09 20:06:35,665 INFO  client.GrpcClientProtocolClient (GrpcClientProtocolClient.java:onNext(255)) - client-FB00420D972B->0a7e6056-64a2-4302-b029-255d48a66d7f: receive RaftClientReply:client-FB00420D972B->0a7e6056-64a2-4302-b029-255d48a66d7f@group-1EE0336AADCF, cid=1194, SUCCESS, logIndex=1638, commits[0a7e6056-64a2-4302-b029-255d48a66d7f:c1639, 82c1508e-6289-48e2-a567-a0e29c8b4903:c1637, f63d6ef8-0266-4bf3-bcb1-484cdaae1fbb:c1637]
2019-07-09 20:06:35,665 INFO  client.GrpcClientProtocolClient (GrpcClientProtocolClient.java:onNext(255)) - client-FB00420D972B->0a7e6056-64a2-4302-b029-255d48a66d7f: receive RaftClientReply:client-FB00420D972B->0a7e6056-64a2-4302-b029-255d48a66d7f@group-1EE0336AADCF, cid=1195, SUCCESS, logIndex=1639, commits[0a7e6056-64a2-4302-b029-255d48a66d7f:c1639, 82c1508e-6289-48e2-a567-a0e29c8b4903:c1637, f63d6ef8-0266-4bf3-bcb1-484cdaae1fbb:c1637]
2019-07-09 20:06:35,687 INFO  client.GrpcClientProtocolClient (GrpcClientProtocolClient.java:onNext(255)) - client-FB00420D972B->0a7e6056-64a2-4302-b029-255d48a66d7f: receive RaftClientReply:client-FB00420D972B->0a7e6056-64a2-4302-b029-255d48a66d7f@group-1EE0336AADCF, cid=1196, SUCCESS, logIndex=1642, commits[0a7e6056-64a2-4302-b029-255d48a66d7f:c1642, 82c1508e-6289-48e2-a567-a0e29c8b4903:c1639, f63d6ef8-0266-4bf3-bcb1-484cdaae1fbb:c1639]
2019-07-09 20:06:35,687 INFO  client.GrpcClientProtocolClient (GrpcClientProtocolClient.java:onNext(255)) - client-FB00420D972B->0a7e6056-64a2-4302-b029-255d48a66d7f: receive RaftClientReply:client-FB00420D972B->0a7e6056-64a2-4302-b029-255d48a66d7f@group-1EE0336AADCF, cid=1197, SUCCESS, logIndex=1643, commits[0a7e6056-64a2-4302-b029-255d48a66d7f:c1643, 82c1508e-6289-48e2-a567-a0e29c8b4903:c1639, f63d6ef8-0266-4bf3-bcb1-484cdaae1fbb:c1639]
2019-07-09 20:06:35,705 INFO  client.GrpcClientProtocolClient (GrpcClientProtocolClient.java:onNext(255)) - client-FB00420D972B->0a7e6056-64a2-4302-b029-255d48a66d7f: receive RaftClientReply:client-FB00420D972B->0a7e6056-64a2-4302-b029-255d48a66d7f@group-1EE0336AADCF, cid=1198, SUCCESS, logIndex=0, commits[0a7e6056-64a2-4302-b029-255d48a66d7f:c1644, 82c1508e-6289-48e2-a567-a0e29c8b4903:c1643, f63d6ef8-0266-4bf3-bcb1-484cdaae1fbb:c1643]
 0.00% |█                                                                                                    |  0/1 Time: 0:00:072019-07-09 20:06:35,838 INFO  client.GrpcClientProtocolClient (GrpcClientProtocolClient.java:onNext(255)) - client-FB00420D972B->0a7e6056-64a2-4302-b029-255d48a66d7f: receive RaftClientReply:client-FB00420D972B->0a7e6056-64a2-4302-b029-255d48a66d7f@group-1EE0336AADCF, cid=1199, SUCCESS, logIndex=1646, commits[0a7e6056-64a2-4302-b029-255d48a66d7f:c1647, 82c1508e-6289-48e2-a567-a0e29c8b4903:c1645, f63d6ef8-0266-4bf3-bcb1-484cdaae1fbb:c1645]
2019-07-09 20:06:35,839 INFO  client.GrpcClientProtocolClient (GrpcClientProtocolClient.java:onNext(255)) - client-FB00420D972B->0a7e6056-64a2-4302-b029-255d48a66d7f: receive RaftClientReply:client-FB00420D972B->0a7e6056-64a2-4302-b029-255d48a66d7f@group-1EE0336AADCF, cid=1200, SUCCESS, logIndex=1647, commits[0a7e6056-64a2-4302-b029-255d48a66d7f:c1649, 82c1508e-6289-48e2-a567-a0e29c8b4903:c1645, f63d6ef8-0266-4bf3-bcb1-484cdaae1fbb:c1645]
2019-07-09 20:06:35,840 INFO  client.GrpcClientProtocolClient (GrpcClientProtocolClient.java:onNext(255)) - client-FB00420D972B->0a7e6056-64a2-4302-b029-255d48a66d7f: receive RaftClientReply:client-FB00420D972B->0a7e6056-64a2-4302-b029-255d48a66d7f@group-1EE0336AADCF, cid=1201, SUCCESS, logIndex=1648, commits[0a7e6056-64a2-4302-b029-255d48a66d7f:c1649, 82c1508e-6289-48e2-a567-a0e29c8b4903:c1645, f63d6ef8-0266-4bf3-bcb1-484cdaae1fbb:c1645]
2019-07-09 20:06:35,840 INFO  client.GrpcClientProtocolClient (GrpcClientProtocolClient.java:onNext(255)) - client-FB00420D972B->0a7e6056-64a2-4302-b029-255d48a66d7f: receive RaftClientReply:client-FB00420D972B->0a7e6056-64a2-4302-b029-255d48a66d7f@group-1EE0336AADCF, cid=1202, SUCCESS, logIndex=1649, commits[0a7e6056-64a2-4302-b029-255d48a66d7f:c1651, 82c1508e-6289-48e2-a567-a0e29c8b4903:c1647, f63d6ef8-0266-4bf3-bcb1-484cdaae1fbb:c1646]
2019-07-09 20:06:35,842 INFO  client.GrpcClientProtocolClient (GrpcClientProtocolClient.java:onNext(255)) - client-FB00420D972B->0a7e6056-64a2-4302-b029-255d48a66d7f: receive RaftClientReply:client-FB00420D972B->0a7e6056-64a2-4302-b029-255d48a66d7f@group-1EE0336AADCF, cid=1203, SUCCESS, logIndex=0, commits[0a7e6056-64a2-4302-b029-255d48a66d7f:c1653, 82c1508e-6289-48e2-a567-a0e29c8b4903:c1649, f63d6ef8-0266-4bf3-bcb1-484cdaae1fbb:c1649]
2019-07-09 20:06:35,864 INFO  client.GrpcClientProtocolClient (GrpcClientProtocolClient.java:onNext(255)) - client-FB00420D972B->0a7e6056-64a2-4302-b029-255d48a66d7f: receive RaftClientReply:client-FB00420D972B->0a7e6056-64a2-4302-b029-255d48a66d7f@group-1EE0336AADCF, cid=1204, SUCCESS, logIndex=1654, commits[0a7e6056-64a2-4302-b029-255d48a66d7f:c1655, 82c1508e-6289-48e2-a567-a0e29c8b4903:c1653, f63d6ef8-0266-4bf3-bcb1-484cdaae1fbb:c1653]
2019-07-09 20:06:35,865 INFO  client.GrpcClientProtocolClient (GrpcClientProtocolClient.java:onNext(255)) - client-FB00420D972B->0a7e6056-64a2-4302-b029-255d48a66d7f: receive RaftClientReply:client-FB00420D972B->0a7e6056-64a2-4302-b029-255d48a66d7f@group-1EE0336AADCF, cid=1205, SUCCESS, logIndex=1655, commits[0a7e6056-64a2-4302-b029-255d48a66d7f:c1655, 82c1508e-6289-48e2-a567-a0e29c8b4903:c1653, f63d6ef8-0266-4bf3-bcb1-484cdaae1fbb:c1653]
2019-07-09 20:06:35,891 INFO  client.GrpcClientProtocolClient (GrpcClientProtocolClient.java:onNext(255)) - client-FB00420D972B->0a7e6056-64a2-4302-b029-255d48a66d7f: receive RaftClientReply:client-FB00420D972B->0a7e6056-64a2-4302-b029-255d48a66d7f@group-1EE0336AADCF, cid=1206, SUCCESS, logIndex=1658, commits[0a7e6056-64a2-4302-b029-255d48a66d7f:c1659, 82c1508e-6289-48e2-a567-a0e29c8b4903:c1655, f63d6ef8-0266-4bf3-bcb1-484cdaae1fbb:c1655]
2019-07-09 20:06:35,891 INFO  client.GrpcClientProtocolClient (GrpcClientProtocolClient.java:onNext(255)) - client-FB00420D972B->0a7e6056-64a2-4302-b029-255d48a66d7f: receive RaftClientReply:client-FB00420D972B->0a7e6056-64a2-4302-b029-255d48a66d7f@group-1EE0336AADCF, cid=1207, SUCCESS, logIndex=1659, commits[0a7e6056-64a2-4302-b029-255d48a66d7f:c1659, 82c1508e-6289-48e2-a567-a0e29c8b4903:c1655, f63d6ef8-0266-4bf3-bcb1-484cdaae1fbb:c1655]
2019-07-09 20:06:35,903 INFO  client.GrpcClientProtocolClient (GrpcClientProtocolClient.java:onNext(255)) - client-FB00420D972B->0a7e6056-64a2-4302-b029-255d48a66d7f: receive RaftClientReply:client-FB00420D972B->0a7e6056-64a2-4302-b029-255d48a66d7f@group-1EE0336AADCF, cid=1208, SUCCESS, logIndex=0, commits[0a7e6056-64a2-4302-b029-255d48a66d7f:c1660, 82c1508e-6289-48e2-a567-a0e29c8b4903:c1659, f63d6ef8-0266-4bf3-bcb1-484cdaae1fbb:c1659]
2019-07-09 20:06:35,924 INFO  client.GrpcClientProtocolClient (GrpcClientProtocolClient.java:onNext(255)) - client-FB00420D972B->0a7e6056-64a2-4302-b029-255d48a66d7f: receive RaftClientReply:client-FB00420D972B->0a7e6056-64a2-4302-b029-255d48a66d7f@group-1EE0336AADCF, cid=1209, SUCCESS, logIndex=1662, commits[0a7e6056-64a2-4302-b029-255d48a66d7f:c1663, 82c1508e-6289-48e2-a567-a0e29c8b4903:c1661, f63d6ef8-0266-4bf3-bcb1-484cdaae1fbb:c1661]
2019-07-09 20:06:35,925 INFO  client.GrpcClientProtocolClient (GrpcClientProtocolClient.java:onNext(255)) - client-FB00420D972B->0a7e6056-64a2-4302-b029-255d48a66d7f: receive RaftClientReply:client-FB00420D972B->0a7e6056-64a2-4302-b029-255d48a66d7f@group-1EE0336AADCF, cid=1210, SUCCESS, logIndex=1663, commits[0a7e6056-64a2-4302-b029-255d48a66d7f:c1665, 82c1508e-6289-48e2-a567-a0e29c8b4903:c1661, f63d6ef8-0266-4bf3-bcb1-484cdaae1fbb:c1661]
2019-07-09 20:06:35,925 INFO  client.GrpcClientProtocolClient (GrpcClientProtocolClient.java:onNext(255)) - client-FB00420D972B->0a7e6056-64a2-4302-b029-255d48a66d7f: receive RaftClientReply:client-FB00420D972B->0a7e6056-64a2-4302-b029-255d48a66d7f@group-1EE0336AADCF, cid=1211, SUCCESS, logIndex=1664, commits[0a7e6056-64a2-4302-b029-255d48a66d7f:c1665, 82c1508e-6289-48e2-a567-a0e29c8b4903:c1661, f63d6ef8-0266-4bf3-bcb1-484cdaae1fbb:c1661]
2019-07-09 20:06:35,926 INFO  client.GrpcClientProtocolClient (GrpcClientProtocolClient.java:onNext(255)) - client-FB00420D972B->0a7e6056-64a2-4302-b029-255d48a66d7f: receive RaftClientReply:client-FB00420D972B->0a7e6056-64a2-4302-b029-255d48a66d7f@group-1EE0336AADCF, cid=1212, SUCCESS, logIndex=1665, commits[0a7e6056-64a2-4302-b029-255d48a66d7f:c1665, 82c1508e-6289-48e2-a567-a0e29c8b4903:c1661, f63d6ef8-0266-4bf3-bcb1-484cdaae1fbb:c1661]
2019-07-09 20:06:35,937 INFO  client.GrpcClientProtocolClient (GrpcClientProtocolClient.java:onNext(255)) - client-FB00420D972B->0a7e6056-64a2-4302-b029-255d48a66d7f: receive RaftClientReply:client-FB00420D972B->0a7e6056-64a2-4302-b029-255d48a66d7f@group-1EE0336AADCF, cid=1213, SUCCESS, logIndex=0, commits[0a7e6056-64a2-4302-b029-255d48a66d7f:c1667, 82c1508e-6289-48e2-a567-a0e29c8b4903:c1663, f63d6ef8-0266-4bf3-bcb1-484cdaae1fbb:c1663]
2019-07-09 20:06:35,963 INFO  client.GrpcClientProtocolClient (GrpcClientProtocolClient.java:onNext(255)) - client-FB00420D972B->0a7e6056-64a2-4302-b029-255d48a66d7f: receive RaftClientReply:client-FB00420D972B->0a7e6056-64a2-4302-b029-255d48a66d7f@group-1EE0336AADCF, cid=1214, SUCCESS, logIndex=1669, commits[0a7e6056-64a2-4302-b029-255d48a66d7f:c1670, 82c1508e-6289-48e2-a567-a0e29c8b4903:c1668, f63d6ef8-0266-4bf3-bcb1-484cdaae1fbb:c1668]
2019-07-09 20:06:35,963 INFO  client.GrpcClientProtocolClient (GrpcClientProtocolClient.java:onNext(255)) - client-FB00420D972B->0a7e6056-64a2-4302-b029-255d48a66d7f: receive RaftClientReply:client-FB00420D972B->0a7e6056-64a2-4302-b029-255d48a66d7f@group-1EE0336AADCF, cid=1215, SUCCESS, logIndex=1670, commits[0a7e6056-64a2-4302-b029-255d48a66d7f:c1670, 82c1508e-6289-48e2-a567-a0e29c8b4903:c1668, f63d6ef8-0266-4bf3-bcb1-484cdaae1fbb:c1668]
2019-07-09 20:06:35,977 INFO  client.GrpcClientProtocolClient (GrpcClientProtocolClient.java:onNext(255)) - client-FB00420D972B->0a7e6056-64a2-4302-b029-255d48a66d7f: receive RaftClientReply:client-FB00420D972B->0a7e6056-64a2-4302-b029-255d48a66d7f@group-1EE0336AADCF, cid=1216, SUCCESS, logIndex=1673, commits[0a7e6056-64a2-4302-b029-255d48a66d7f:c1674, 82c1508e-6289-48e2-a567-a0e29c8b4903:c1670, f63d6ef8-0266-4bf3-bcb1-484cdaae1fbb:c1670]
2019-07-09 20:06:35,977 INFO  client.GrpcClientProtocolClient (GrpcClientProtocolClient.java:onNext(255)) - client-FB00420D972B->0a7e6056-64a2-4302-b029-255d48a66d7f: receive RaftClientReply:client-FB00420D972B->0a7e6056-64a2-4302-b029-255d48a66d7f@group-1EE0336AADCF, cid=1217, SUCCESS, logIndex=1674, commits[0a7e6056-64a2-4302-b029-255d48a66d7f:c1674, 82c1508e-6289-48e2-a567-a0e29c8b4903:c1670, f63d6ef8-0266-4bf3-bcb1-484cdaae1fbb:c1670]
2019-07-09 20:06:35,979 INFO  client.GrpcClientProtocolClient (GrpcClientProtocolClient.java:onNext(255)) - client-FB00420D972B->0a7e6056-64a2-4302-b029-255d48a66d7f: receive RaftClientReply:client-FB00420D972B->0a7e6056-64a2-4302-b029-255d48a66d7f@group-1EE0336AADCF, cid=1218, SUCCESS, logIndex=0, commits[0a7e6056-64a2-4302-b029-255d48a66d7f:c1675, 82c1508e-6289-48e2-a567-a0e29c8b4903:c1674, f63d6ef8-0266-4bf3-bcb1-484cdaae1fbb:c1674]
2019-07-09 20:06:35,995 INFO  client.GrpcClientProtocolClient (GrpcClientProtocolClient.java:onNext(255)) - client-FB00420D972B->0a7e6056-64a2-4302-b029-255d48a66d7f: receive RaftClientReply:client-FB00420D972B->0a7e6056-64a2-4302-b029-255d48a66d7f@group-1EE0336AADCF, cid=1219, SUCCESS, logIndex=1677, commits[0a7e6056-64a2-4302-b029-255d48a66d7f:c1680, 82c1508e-6289-48e2-a567-a0e29c8b4903:c1676, f63d6ef8-0266-4bf3-bcb1-484cdaae1fbb:c1676]
2019-07-09 20:06:35,996 INFO  client.GrpcClientProtocolClient (GrpcClientProtocolClient.java:onNext(255)) - client-FB00420D972B->0a7e6056-64a2-4302-b029-255d48a66d7f: receive RaftClientReply:client-FB00420D972B->0a7e6056-64a2-4302-b029-255d48a66d7f@group-1EE0336AADCF, cid=1220, SUCCESS, logIndex=1678, commits[0a7e6056-64a2-4302-b029-255d48a66d7f:c1680, 82c1508e-6289-48e2-a567-a0e29c8b4903:c1676, f63d6ef8-0266-4bf3-bcb1-484cdaae1fbb:c1676]
2019-07-09 20:06:35,996 INFO  client.GrpcClientProtocolClient (GrpcClientProtocolClient.java:onNext(255)) - client-FB00420D972B->0a7e6056-64a2-4302-b029-255d48a66d7f: receive RaftClientReply:client-FB00420D972B->0a7e6056-64a2-4302-b029-255d48a66d7f@group-1EE0336AADCF, cid=1221, SUCCESS, logIndex=1679, commits[0a7e6056-64a2-4302-b029-255d48a66d7f:c1680, 82c1508e-6289-48e2-a567-a0e29c8b4903:c1676, f63d6ef8-0266-4bf3-bcb1-484cdaae1fbb:c1676]
2019-07-09 20:06:35,996 INFO  client.GrpcClientProtocolClient (GrpcClientProtocolClient.java:onNext(255)) - client-FB00420D972B->0a7e6056-64a2-4302-b029-255d48a66d7f: receive RaftClientReply:client-FB00420D972B->0a7e6056-64a2-4302-b029-255d48a66d7f@group-1EE0336AADCF, cid=1222, SUCCESS, logIndex=1680, commits[0a7e6056-64a2-4302-b029-255d48a66d7f:c1680, 82c1508e-6289-48e2-a567-a0e29c8b4903:c1676, f63d6ef8-0266-4bf3-bcb1-484cdaae1fbb:c1676]
2019-07-09 20:06:35,999 INFO  client.GrpcClientProtocolClient (GrpcClientProtocolClient.java:onNext(255)) - client-FB00420D972B->0a7e6056-64a2-4302-b029-255d48a66d7f: receive RaftClientReply:client-FB00420D972B->0a7e6056-64a2-4302-b029-255d48a66d7f@group-1EE0336AADCF, cid=1223, SUCCESS, logIndex=0, commits[0a7e6056-64a2-4302-b029-255d48a66d7f:c1684, 82c1508e-6289-48e2-a567-a0e29c8b4903:c1680, f63d6ef8-0266-4bf3-bcb1-484cdaae1fbb:c1678]
2019-07-09 20:06:36,019 INFO  client.GrpcClientProtocolClient (GrpcClientProtocolClient.java:onNext(255)) - client-FB00420D972B->0a7e6056-64a2-4302-b029-255d48a66d7f: receive RaftClientReply:client-FB00420D972B->0a7e6056-64a2-4302-b029-255d48a66d7f@group-1EE0336AADCF, cid=1224, SUCCESS, logIndex=1685, commits[0a7e6056-64a2-4302-b029-255d48a66d7f:c1686, 82c1508e-6289-48e2-a567-a0e29c8b4903:c1684, f63d6ef8-0266-4bf3-bcb1-484cdaae1fbb:c1684]
2019-07-09 20:06:36,019 INFO  client.GrpcClientProtocolClient (GrpcClientProtocolClient.java:onNext(255)) - client-FB00420D972B->0a7e6056-64a2-4302-b029-255d48a66d7f: receive RaftClientReply:client-FB00420D972B->0a7e6056-64a2-4302-b029-255d48a66d7f@group-1EE0336AADCF, cid=1225, SUCCESS, logIndex=1686, commits[0a7e6056-64a2-4302-b029-255d48a66d7f:c1686, 82c1508e-6289-48e2-a567-a0e29c8b4903:c1684, f63d6ef8-0266-4bf3-bcb1-484cdaae1fbb:c1684]
2019-07-09 20:06:36,053 INFO  client.GrpcClientProtocolClient (GrpcClientProtocolClient.java:onNext(255)) - client-FB00420D972B->0a7e6056-64a2-4302-b029-255d48a66d7f: receive RaftClientReply:client-FB00420D972B->0a7e6056-64a2-4302-b029-255d48a66d7f@group-1EE0336AADCF, cid=1226, SUCCESS, logIndex=1689, commits[0a7e6056-64a2-4302-b029-255d48a66d7f:c1690, 82c1508e-6289-48e2-a567-a0e29c8b4903:c1686, f63d6ef8-0266-4bf3-bcb1-484cdaae1fbb:c1686]
2019-07-09 20:06:36,053 INFO  client.GrpcClientProtocolClient (GrpcClientProtocolClient.java:onNext(255)) - client-FB00420D972B->0a7e6056-64a2-4302-b029-255d48a66d7f: receive RaftClientReply:client-FB00420D972B->0a7e6056-64a2-4302-b029-255d48a66d7f@group-1EE0336AADCF, cid=1227, SUCCESS, logIndex=1690, commits[0a7e6056-64a2-4302-b029-255d48a66d7f:c1690, 82c1508e-6289-48e2-a567-a0e29c8b4903:c1686, f63d6ef8-0266-4bf3-bcb1-484cdaae1fbb:c1686]
2019-07-09 20:06:36,055 INFO  client.GrpcClientProtocolClient (GrpcClientProtocolClient.java:onNext(255)) - client-FB00420D972B->0a7e6056-64a2-4302-b029-255d48a66d7f: receive RaftClientReply:client-FB00420D972B->0a7e6056-64a2-4302-b029-255d48a66d7f@group-1EE0336AADCF, cid=1228, SUCCESS, logIndex=0, commits[0a7e6056-64a2-4302-b029-255d48a66d7f:c1692, 82c1508e-6289-48e2-a567-a0e29c8b4903:c1690, f63d6ef8-0266-4bf3-bcb1-484cdaae1fbb:c1690]
2019-07-09 20:06:36,076 INFO  client.GrpcClientProtocolClient (GrpcClientProtocolClient.java:onNext(255)) - client-FB00420D972B->0a7e6056-64a2-4302-b029-255d48a66d7f: receive RaftClientReply:client-FB00420D972B->0a7e6056-64a2-4302-b029-255d48a66d7f@group-1EE0336AADCF, cid=1229, SUCCESS, logIndex=1693, commits[0a7e6056-64a2-4302-b029-255d48a66d7f:c1694, 82c1508e-6289-48e2-a567-a0e29c8b4903:c1692, f63d6ef8-0266-4bf3-bcb1-484cdaae1fbb:c1692]
2019-07-09 20:06:36,077 INFO  client.GrpcClientProtocolClient (GrpcClientProtocolClient.java:onNext(255)) - client-FB00420D972B->0a7e6056-64a2-4302-b029-255d48a66d7f: receive RaftClientReply:client-FB00420D972B->0a7e6056-64a2-4302-b029-255d48a66d7f@group-1EE0336AADCF, cid=1230, SUCCESS, logIndex=1694, commits[0a7e6056-64a2-4302-b029-255d48a66d7f:c1696, 82c1508e-6289-48e2-a567-a0e29c8b4903:c1692, f63d6ef8-0266-4bf3-bcb1-484cdaae1fbb:c1692]
2019-07-09 20:06:36,077 INFO  client.GrpcClientProtocolClient (GrpcClientProtocolClient.java:onNext(255)) - client-FB00420D972B->0a7e6056-64a2-4302-b029-255d48a66d7f: receive RaftClientReply:client-FB00420D972B->0a7e6056-64a2-4302-b029-255d48a66d7f@group-1EE0336AADCF, cid=1231, SUCCESS, logIndex=1695, commits[0a7e6056-64a2-4302-b029-255d48a66d7f:c1696, 82c1508e-6289-48e2-a567-a0e29c8b4903:c1692, f63d6ef8-0266-4bf3-bcb1-484cdaae1fbb:c1692]
2019-07-09 20:06:36,078 INFO  client.GrpcClientProtocolClient (GrpcClientProtocolClient.java:onNext(255)) - client-FB00420D972B->0a7e6056-64a2-4302-b029-255d48a66d7f: receive RaftClientReply:client-FB00420D972B->0a7e6056-64a2-4302-b029-255d48a66d7f@group-1EE0336AADCF, cid=1232, SUCCESS, logIndex=1696, commits[0a7e6056-64a2-4302-b029-255d48a66d7f:c1696, 82c1508e-6289-48e2-a567-a0e29c8b4903:c1692, f63d6ef8-0266-4bf3-bcb1-484cdaae1fbb:c1692]
2019-07-09 20:06:36,090 INFO  client.GrpcClientProtocolClient (GrpcClientProtocolClient.java:onNext(255)) - client-FB00420D972B->0a7e6056-64a2-4302-b029-255d48a66d7f: receive RaftClientReply:client-FB00420D972B->0a7e6056-64a2-4302-b029-255d48a66d7f@group-1EE0336AADCF, cid=1233, SUCCESS, logIndex=0, commits[0a7e6056-64a2-4302-b029-255d48a66d7f:c1698, 82c1508e-6289-48e2-a567-a0e29c8b4903:c1694, f63d6ef8-0266-4bf3-bcb1-484cdaae1fbb:c1694]
2019-07-09 20:06:36,110 INFO  client.GrpcClientProtocolClient (GrpcClientProtocolClient.java:onNext(255)) - client-FB00420D972B->0a7e6056-64a2-4302-b029-255d48a66d7f: receive RaftClientReply:client-FB00420D972B->0a7e6056-64a2-4302-b029-255d48a66d7f@group-1EE0336AADCF, cid=1234, SUCCESS, logIndex=1701, commits[0a7e6056-64a2-4302-b029-255d48a66d7f:c1702, 82c1508e-6289-48e2-a567-a0e29c8b4903:c1700, f63d6ef8-0266-4bf3-bcb1-484cdaae1fbb:c1700]
2019-07-09 20:06:36,111 INFO  client.GrpcClientProtocolClient (GrpcClientProtocolClient.java:onNext(255)) - client-FB00420D972B->0a7e6056-64a2-4302-b029-255d48a66d7f: receive RaftClientReply:client-FB00420D972B->0a7e6056-64a2-4302-b029-255d48a66d7f@group-1EE0336AADCF, cid=1235, SUCCESS, logIndex=1702, commits[0a7e6056-64a2-4302-b029-255d48a66d7f:c1702, 82c1508e-6289-48e2-a567-a0e29c8b4903:c1700, f63d6ef8-0266-4bf3-bcb1-484cdaae1fbb:c1700]
2019-07-09 20:06:36,124 INFO  client.GrpcClientProtocolClient (GrpcClientProtocolClient.java:onNext(255)) - client-FB00420D972B->0a7e6056-64a2-4302-b029-255d48a66d7f: receive RaftClientReply:client-FB00420D972B->0a7e6056-64a2-4302-b029-255d48a66d7f@group-1EE0336AADCF, cid=1236, SUCCESS, logIndex=1705, commits[0a7e6056-64a2-4302-b029-255d48a66d7f:c1706, 82c1508e-6289-48e2-a567-a0e29c8b4903:c1701, f63d6ef8-0266-4bf3-bcb1-484cdaae1fbb:c1702]
2019-07-09 20:06:36,124 INFO  client.GrpcClientProtocolClient (GrpcClientProtocolClient.java:onNext(255)) - client-FB00420D972B->0a7e6056-64a2-4302-b029-255d48a66d7f: receive RaftClientReply:client-FB00420D972B->0a7e6056-64a2-4302-b029-255d48a66d7f@group-1EE0336AADCF, cid=1237, SUCCESS, logIndex=1706, commits[0a7e6056-64a2-4302-b029-255d48a66d7f:c1706, 82c1508e-6289-48e2-a567-a0e29c8b4903:c1701, f63d6ef8-0266-4bf3-bcb1-484cdaae1fbb:c1702]
2019-07-09 20:06:36,134 INFO  client.GrpcClientProtocolClient (GrpcClientProtocolClient.java:onNext(255)) - client-FB00420D972B->0a7e6056-64a2-4302-b029-255d48a66d7f: receive RaftClientReply:client-FB00420D972B->0a7e6056-64a2-4302-b029-255d48a66d7f@group-1EE0336AADCF, cid=1238, SUCCESS, logIndex=0, commits[0a7e6056-64a2-4302-b029-255d48a66d7f:c1706, 82c1508e-6289-48e2-a567-a0e29c8b4903:c1702, f63d6ef8-0266-4bf3-bcb1-484cdaae1fbb:c1702]
2019-07-09 20:06:36,135 INFO  client.GrpcClientProtocolClient (GrpcClientProtocolClient.java:onNext(255)) - client-FB00420D972B->0a7e6056-64a2-4302-b029-255d48a66d7f: receive RaftClientReply:client-FB00420D972B->0a7e6056-64a2-4302-b029-255d48a66d7f@group-1EE0336AADCF, cid=1239, SUCCESS, logIndex=0, commits[0a7e6056-64a2-4302-b029-255d48a66d7f:c1708, 82c1508e-6289-48e2-a567-a0e29c8b4903:c1706, f63d6ef8-0266-4bf3-bcb1-484cdaae1fbb:c1706]
2019-07-09 20:06:36,177 INFO  client.GrpcClientProtocolClient (GrpcClientProtocolClient.java:onNext(255)) - client-FB00420D972B->0a7e6056-64a2-4302-b029-255d48a66d7f: receive RaftClientReply:client-FB00420D972B->0a7e6056-64a2-4302-b029-255d48a66d7f@group-1EE0336AADCF, cid=1240, SUCCESS, logIndex=1709, commits[0a7e6056-64a2-4302-b029-255d48a66d7f:c1711, 82c1508e-6289-48e2-a567-a0e29c8b4903:c1708, f63d6ef8-0266-4bf3-bcb1-484cdaae1fbb:c1708]
2019-07-09 20:06:36,178 INFO  client.GrpcClientProtocolClient (GrpcClientProtocolClient.java:onNext(255)) - client-FB00420D972B->0a7e6056-64a2-4302-b029-255d48a66d7f: receive RaftClientReply:client-FB00420D972B->0a7e6056-64a2-4302-b029-255d48a66d7f@group-1EE0336AADCF, cid=1241, SUCCESS, logIndex=1710, commits[0a7e6056-64a2-4302-b029-255d48a66d7f:c1712, 82c1508e-6289-48e2-a567-a0e29c8b4903:c1708, f63d6ef8-0266-4bf3-bcb1-484cdaae1fbb:c1708]
2019-07-09 20:06:36,178 INFO  client.GrpcClientProtocolClient (GrpcClientProtocolClient.java:onNext(255)) - client-FB00420D972B->0a7e6056-64a2-4302-b029-255d48a66d7f: receive RaftClientReply:client-FB00420D972B->0a7e6056-64a2-4302-b029-255d48a66d7f@group-1EE0336AADCF, cid=1242, SUCCESS, logIndex=1711, commits[0a7e6056-64a2-4302-b029-255d48a66d7f:c1712, 82c1508e-6289-48e2-a567-a0e29c8b4903:c1708, f63d6ef8-0266-4bf3-bcb1-484cdaae1fbb:c1708]
2019-07-09 20:06:36,179 INFO  client.GrpcClientProtocolClient (GrpcClientProtocolClient.java:onNext(255)) - client-FB00420D972B->0a7e6056-64a2-4302-b029-255d48a66d7f: receive RaftClientReply:client-FB00420D972B->0a7e6056-64a2-4302-b029-255d48a66d7f@group-1EE0336AADCF, cid=1243, SUCCESS, logIndex=1712, commits[0a7e6056-64a2-4302-b029-255d48a66d7f:c1713, 82c1508e-6289-48e2-a567-a0e29c8b4903:c1709, f63d6ef8-0266-4bf3-bcb1-484cdaae1fbb:c1708]
2019-07-09 20:06:36,190 INFO  client.GrpcClientProtocolClient (GrpcClientProtocolClient.java:onNext(255)) - client-FB00420D972B->0a7e6056-64a2-4302-b029-255d48a66d7f: receive RaftClientReply:client-FB00420D972B->0a7e6056-64a2-4302-b029-255d48a66d7f@group-1EE0336AADCF, cid=1244, SUCCESS, logIndex=0, commits[0a7e6056-64a2-4302-b029-255d48a66d7f:c1716, 82c1508e-6289-48e2-a567-a0e29c8b4903:c1712, f63d6ef8-0266-4bf3-bcb1-484cdaae1fbb:c1710]
2019-07-09 20:06:36,219 INFO  client.GrpcClientProtocolClient (GrpcClientProtocolClient.java:onNext(255)) - client-FB00420D972B->0a7e6056-64a2-4302-b029-255d48a66d7f: receive RaftClientReply:client-FB00420D972B->0a7e6056-64a2-4302-b029-255d48a66d7f@group-1EE0336AADCF, cid=1245, SUCCESS, logIndex=1717, commits[0a7e6056-64a2-4302-b029-255d48a66d7f:c1718, 82c1508e-6289-48e2-a567-a0e29c8b4903:c1716, f63d6ef8-0266-4bf3-bcb1-484cdaae1fbb:c1716]
2019-07-09 20:06:36,220 INFO  client.GrpcClientProtocolClient (GrpcClientProtocolClient.java:onNext(255)) - client-FB00420D972B->0a7e6056-64a2-4302-b029-255d48a66d7f: receive RaftClientReply:client-FB00420D972B->0a7e6056-64a2-4302-b029-255d48a66d7f@group-1EE0336AADCF, cid=1246, SUCCESS, logIndex=1718, commits[0a7e6056-64a2-4302-b029-255d48a66d7f:c1718, 82c1508e-6289-48e2-a567-a0e29c8b4903:c1716, f63d6ef8-0266-4bf3-bcb1-484cdaae1fbb:c1716]
2019-07-09 20:06:36,233 INFO  client.GrpcClientProtocolClient (GrpcClientProtocolClient.java:onNext(255)) - client-FB00420D972B->0a7e6056-64a2-4302-b029-255d48a66d7f: receive RaftClientReply:client-FB00420D972B->0a7e6056-64a2-4302-b029-255d48a66d7f@group-1EE0336AADCF, cid=1247, SUCCESS, logIndex=1721, commits[0a7e6056-64a2-4302-b029-255d48a66d7f:c1722, 82c1508e-6289-48e2-a567-a0e29c8b4903:c1718, f63d6ef8-0266-4bf3-bcb1-484cdaae1fbb:c1717]
2019-07-09 20:06:36,233 INFO  client.GrpcClientProtocolClient (GrpcClientProtocolClient.java:onNext(255)) - client-FB00420D972B->0a7e6056-64a2-4302-b029-255d48a66d7f: receive RaftClientReply:client-FB00420D972B->0a7e6056-64a2-4302-b029-255d48a66d7f@group-1EE0336AADCF, cid=1248, SUCCESS, logIndex=1722, commits[0a7e6056-64a2-4302-b029-255d48a66d7f:c1722, 82c1508e-6289-48e2-a567-a0e29c8b4903:c1718, f63d6ef8-0266-4bf3-bcb1-484cdaae1fbb:c1718]
2019-07-09 20:06:36,235 INFO  client.GrpcClientProtocolClient (GrpcClientProtocolClient.java:onNext(255)) - client-FB00420D972B->0a7e6056-64a2-4302-b029-255d48a66d7f: receive RaftClientReply:client-FB00420D972B->0a7e6056-64a2-4302-b029-255d48a66d7f@group-1EE0336AADCF, cid=1249, SUCCESS, logIndex=0, commits[0a7e6056-64a2-4302-b029-255d48a66d7f:c1723, 82c1508e-6289-48e2-a567-a0e29c8b4903:c1722, f63d6ef8-0266-4bf3-bcb1-484cdaae1fbb:c1722]
2019-07-09 20:06:36,275 INFO  client.GrpcClientProtocolClient (GrpcClientProtocolClient.java:onNext(255)) - client-FB00420D972B->0a7e6056-64a2-4302-b029-255d48a66d7f: receive RaftClientReply:client-FB00420D972B->0a7e6056-64a2-4302-b029-255d48a66d7f@group-1EE0336AADCF, cid=1250, SUCCESS, logIndex=1725, commits[0a7e6056-64a2-4302-b029-255d48a66d7f:c1727, 82c1508e-6289-48e2-a567-a0e29c8b4903:c1724, f63d6ef8-0266-4bf3-bcb1-484cdaae1fbb:c1724]
2019-07-09 20:06:36,276 INFO  client.GrpcClientProtocolClient (GrpcClientProtocolClient.java:onNext(255)) - client-FB00420D972B->0a7e6056-64a2-4302-b029-255d48a66d7f: receive RaftClientReply:client-FB00420D972B->0a7e6056-64a2-4302-b029-255d48a66d7f@group-1EE0336AADCF, cid=1251, SUCCESS, logIndex=1726, commits[0a7e6056-64a2-4302-b029-255d48a66d7f:c1728, 82c1508e-6289-48e2-a567-a0e29c8b4903:c1724, f63d6ef8-0266-4bf3-bcb1-484cdaae1fbb:c1724]
2019-07-09 20:06:36,276 INFO  client.GrpcClientProtocolClient (GrpcClientProtocolClient.java:onNext(255)) - client-FB00420D972B->0a7e6056-64a2-4302-b029-255d48a66d7f: receive RaftClientReply:client-FB00420D972B->0a7e6056-64a2-4302-b029-255d48a66d7f@group-1EE0336AADCF, cid=1252, SUCCESS, logIndex=1727, commits[0a7e6056-64a2-4302-b029-255d48a66d7f:c1728, 82c1508e-6289-48e2-a567-a0e29c8b4903:c1724, f63d6ef8-0266-4bf3-bcb1-484cdaae1fbb:c1724]
2019-07-09 20:06:36,276 INFO  client.GrpcClientProtocolClient (GrpcClientProtocolClient.java:onNext(255)) - client-FB00420D972B->0a7e6056-64a2-4302-b029-255d48a66d7f: receive RaftClientReply:client-FB00420D972B->0a7e6056-64a2-4302-b029-255d48a66d7f@group-1EE0336AADCF, cid=1253, SUCCESS, logIndex=1728, commits[0a7e6056-64a2-4302-b029-255d48a66d7f:c1728, 82c1508e-6289-48e2-a567-a0e29c8b4903:c1724, f63d6ef8-0266-4bf3-bcb1-484cdaae1fbb:c1724]
2019-07-09 20:06:36,291 INFO  client.GrpcClientProtocolClient (GrpcClientProtocolClient.java:onNext(255)) - client-FB00420D972B->0a7e6056-64a2-4302-b029-255d48a66d7f: receive RaftClientReply:client-FB00420D972B->0a7e6056-64a2-4302-b029-255d48a66d7f@group-1EE0336AADCF, cid=1254, SUCCESS, logIndex=0, commits[0a7e6056-64a2-4302-b029-255d48a66d7f:c1730, 82c1508e-6289-48e2-a567-a0e29c8b4903:c1726, f63d6ef8-0266-4bf3-bcb1-484cdaae1fbb:c1726]
2019-07-09 20:06:36,311 INFO  client.GrpcClientProtocolClient (GrpcClientProtocolClient.java:onNext(255)) - client-FB00420D972B->0a7e6056-64a2-4302-b029-255d48a66d7f: receive RaftClientReply:client-FB00420D972B->0a7e6056-64a2-4302-b029-255d48a66d7f@group-1EE0336AADCF, cid=1255, SUCCESS, logIndex=1733, commits[0a7e6056-64a2-4302-b029-255d48a66d7f:c1734, 82c1508e-6289-48e2-a567-a0e29c8b4903:c1732, f63d6ef8-0266-4bf3-bcb1-484cdaae1fbb:c1732]
2019-07-09 20:06:36,311 INFO  client.GrpcClientProtocolClient (GrpcClientProtocolClient.java:onNext(255)) - client-FB00420D972B->0a7e6056-64a2-4302-b029-255d48a66d7f: receive RaftClientReply:client-FB00420D972B->0a7e6056-64a2-4302-b029-255d48a66d7f@group-1EE0336AADCF, cid=1256, SUCCESS, logIndex=1734, commits[0a7e6056-64a2-4302-b029-255d48a66d7f:c1734, 82c1508e-6289-48e2-a567-a0e29c8b4903:c1732, f63d6ef8-0266-4bf3-bcb1-484cdaae1fbb:c1732]
2019-07-09 20:06:36,326 INFO  client.GrpcClientProtocolClient (GrpcClientProtocolClient.java:onNext(255)) - client-FB00420D972B->0a7e6056-64a2-4302-b029-255d48a66d7f: receive RaftClientReply:client-FB00420D972B->0a7e6056-64a2-4302-b029-255d48a66d7f@group-1EE0336AADCF, cid=1257, SUCCESS, logIndex=1737, commits[0a7e6056-64a2-4302-b029-255d48a66d7f:c1738, 82c1508e-6289-48e2-a567-a0e29c8b4903:c1734, f63d6ef8-0266-4bf3-bcb1-484cdaae1fbb:c1734]
2019-07-09 20:06:36,327 INFO  client.GrpcClientProtocolClient (GrpcClientProtocolClient.java:onNext(255)) - client-FB00420D972B->0a7e6056-64a2-4302-b029-255d48a66d7f: receive RaftClientReply:client-FB00420D972B->0a7e6056-64a2-4302-b029-255d48a66d7f@group-1EE0336AADCF, cid=1258, SUCCESS, logIndex=1738, commits[0a7e6056-64a2-4302-b029-255d48a66d7f:c1738, 82c1508e-6289-48e2-a567-a0e29c8b4903:c1734, f63d6ef8-0266-4bf3-bcb1-484cdaae1fbb:c1734]
2019-07-09 20:06:36,341 INFO  client.GrpcClientProtocolClient (GrpcClientProtocolClient.java:onNext(255)) - client-FB00420D972B->0a7e6056-64a2-4302-b029-255d48a66d7f: receive RaftClientReply:client-FB00420D972B->0a7e6056-64a2-4302-b029-255d48a66d7f@group-1EE0336AADCF, cid=1259, SUCCESS, logIndex=0, commits[0a7e6056-64a2-4302-b029-255d48a66d7f:c1740, 82c1508e-6289-48e2-a567-a0e29c8b4903:c1738, f63d6ef8-0266-4bf3-bcb1-484cdaae1fbb:c1738]
 0.00% |█                                                                                                    |  0/1 Time: 0:00:082019-07-09 20:06:37,131 INFO  client.GrpcClientProtocolClient (GrpcClientProtocolClient.java:onNext(255)) - client-FB00420D972B->0a7e6056-64a2-4302-b029-255d48a66d7f: receive RaftClientReply:client-FB00420D972B->0a7e6056-64a2-4302-b029-255d48a66d7f@group-1EE0336AADCF, cid=1260, SUCCESS, logIndex=1741, commits[0a7e6056-64a2-4302-b029-255d48a66d7f:c1742, 82c1508e-6289-48e2-a567-a0e29c8b4903:c1738, f63d6ef8-0266-4bf3-bcb1-484cdaae1fbb:c1740]
2019-07-09 20:06:37,132 INFO  client.GrpcClientProtocolClient (GrpcClientProtocolClient.java:onNext(255)) - client-FB00420D972B->0a7e6056-64a2-4302-b029-255d48a66d7f: receive RaftClientReply:client-FB00420D972B->0a7e6056-64a2-4302-b029-255d48a66d7f@group-1EE0336AADCF, cid=1261, SUCCESS, logIndex=1742, commits[0a7e6056-64a2-4302-b029-255d48a66d7f:c1742, 82c1508e-6289-48e2-a567-a0e29c8b4903:c1738, f63d6ef8-0266-4bf3-bcb1-484cdaae1fbb:c1740]
2019-07-09 20:06:37,677 INFO  client.GrpcClientProtocolClient (GrpcClientProtocolClient.java:onNext(255)) - client-FB00420D972B->0a7e6056-64a2-4302-b029-255d48a66d7f: receive RaftClientReply:client-FB00420D972B->0a7e6056-64a2-4302-b029-255d48a66d7f@group-1EE0336AADCF, cid=1262, SUCCESS, logIndex=1743, commits[0a7e6056-64a2-4302-b029-255d48a66d7f:c1744, 82c1508e-6289-48e2-a567-a0e29c8b4903:c1742, f63d6ef8-0266-4bf3-bcb1-484cdaae1fbb:c1742]
2019-07-09 20:06:37,677 INFO  client.GrpcClientProtocolClient (GrpcClientProtocolClient.java:onNext(255)) - client-FB00420D972B->0a7e6056-64a2-4302-b029-255d48a66d7f: receive RaftClientReply:client-FB00420D972B->0a7e6056-64a2-4302-b029-255d48a66d7f@group-1EE0336AADCF, cid=1263, SUCCESS, logIndex=1744, commits[0a7e6056-64a2-4302-b029-255d48a66d7f:c1744, 82c1508e-6289-48e2-a567-a0e29c8b4903:c1742, f63d6ef8-0266-4bf3-bcb1-484cdaae1fbb:c1742]
 0.00% |█                                                                                                    |  0/1 Time: 0:00:092019-07-09 20:06:38,426 INFO  client.GrpcClientProtocolClient (GrpcClientProtocolClient.java:onNext(255)) - client-FB00420D972B->0a7e6056-64a2-4302-b029-255d48a66d7f: receive RaftClientReply:client-FB00420D972B->0a7e6056-64a2-4302-b029-255d48a66d7f@group-1EE0336AADCF, cid=1264, SUCCESS, logIndex=1749, commits[0a7e6056-64a2-4302-b029-255d48a66d7f:c1750, 82c1508e-6289-48e2-a567-a0e29c8b4903:c1744, f63d6ef8-0266-4bf3-bcb1-484cdaae1fbb:c1744]
2019-07-09 20:06:38,426 INFO  client.GrpcClientProtocolClient (GrpcClientProtocolClient.java:onNext(255)) - client-FB00420D972B->0a7e6056-64a2-4302-b029-255d48a66d7f: receive RaftClientReply:client-FB00420D972B->0a7e6056-64a2-4302-b029-255d48a66d7f@group-1EE0336AADCF, cid=1265, SUCCESS, logIndex=1750, commits[0a7e6056-64a2-4302-b029-255d48a66d7f:c1750, 82c1508e-6289-48e2-a567-a0e29c8b4903:c1744, f63d6ef8-0266-4bf3-bcb1-484cdaae1fbb:c1744]
2019-07-09 20:06:38,563 INFO  client.GrpcClientProtocolClient (GrpcClientProtocolClient.java:onNext(255)) - client-FB00420D972B->0a7e6056-64a2-4302-b029-255d48a66d7f: receive RaftClientReply:client-FB00420D972B->0a7e6056-64a2-4302-b029-255d48a66d7f@group-1EE0336AADCF, cid=1266, SUCCESS, logIndex=1753, commits[0a7e6056-64a2-4302-b029-255d48a66d7f:c1754, 82c1508e-6289-48e2-a567-a0e29c8b4903:c1750, f63d6ef8-0266-4bf3-bcb1-484cdaae1fbb:c1750]
2019-07-09 20:06:38,563 INFO  client.GrpcClientProtocolClient (GrpcClientProtocolClient.java:onNext(255)) - client-FB00420D972B->0a7e6056-64a2-4302-b029-255d48a66d7f: receive RaftClientReply:client-FB00420D972B->0a7e6056-64a2-4302-b029-255d48a66d7f@group-1EE0336AADCF, cid=1267, SUCCESS, logIndex=1754, commits[0a7e6056-64a2-4302-b029-255d48a66d7f:c1754, 82c1508e-6289-48e2-a567-a0e29c8b4903:c1750, f63d6ef8-0266-4bf3-bcb1-484cdaae1fbb:c1750]
2019-07-09 20:06:38,577 INFO  client.GrpcClientProtocolClient (GrpcClientProtocolClient.java:onNext(255)) - client-FB00420D972B->0a7e6056-64a2-4302-b029-255d48a66d7f: receive RaftClientReply:client-FB00420D972B->0a7e6056-64a2-4302-b029-255d48a66d7f@group-1EE0336AADCF, cid=1268, SUCCESS, logIndex=0, commits[0a7e6056-64a2-4302-b029-255d48a66d7f:c1756, 82c1508e-6289-48e2-a567-a0e29c8b4903:c1754, f63d6ef8-0266-4bf3-bcb1-484cdaae1fbb:c1754]
2019-07-09 20:06:38,613 INFO  client.GrpcClientProtocolClient (GrpcClientProtocolClient.java:onNext(255)) - client-FB00420D972B->0a7e6056-64a2-4302-b029-255d48a66d7f: receive RaftClientReply:client-FB00420D972B->0a7e6056-64a2-4302-b029-255d48a66d7f@group-1EE0336AADCF, cid=1269, SUCCESS, logIndex=1757, commits[0a7e6056-64a2-4302-b029-255d48a66d7f:c1758, 82c1508e-6289-48e2-a567-a0e29c8b4903:c1756, f63d6ef8-0266-4bf3-bcb1-484cdaae1fbb:c1756]
2019-07-09 20:06:38,614 INFO  client.GrpcClientProtocolClient (GrpcClientProtocolClient.java:onNext(255)) - client-FB00420D972B->0a7e6056-64a2-4302-b029-255d48a66d7f: receive RaftClientReply:client-FB00420D972B->0a7e6056-64a2-4302-b029-255d48a66d7f@group-1EE0336AADCF, cid=1270, SUCCESS, logIndex=1758, commits[0a7e6056-64a2-4302-b029-255d48a66d7f:c1760, 82c1508e-6289-48e2-a567-a0e29c8b4903:c1756, f63d6ef8-0266-4bf3-bcb1-484cdaae1fbb:c1756]
2019-07-09 20:06:38,614 INFO  client.GrpcClientProtocolClient (GrpcClientProtocolClient.java:onNext(255)) - client-FB00420D972B->0a7e6056-64a2-4302-b029-255d48a66d7f: receive RaftClientReply:client-FB00420D972B->0a7e6056-64a2-4302-b029-255d48a66d7f@group-1EE0336AADCF, cid=1271, SUCCESS, logIndex=1759, commits[0a7e6056-64a2-4302-b029-255d48a66d7f:c1760, 82c1508e-6289-48e2-a567-a0e29c8b4903:c1756, f63d6ef8-0266-4bf3-bcb1-484cdaae1fbb:c1756]
2019-07-09 20:06:38,615 INFO  client.GrpcClientProtocolClient (GrpcClientProtocolClient.java:onNext(255)) - client-FB00420D972B->0a7e6056-64a2-4302-b029-255d48a66d7f: receive RaftClientReply:client-FB00420D972B->0a7e6056-64a2-4302-b029-255d48a66d7f@group-1EE0336AADCF, cid=1272, SUCCESS, logIndex=1760, commits[0a7e6056-64a2-4302-b029-255d48a66d7f:c1760, 82c1508e-6289-48e2-a567-a0e29c8b4903:c1756, f63d6ef8-0266-4bf3-bcb1-484cdaae1fbb:c1756]
2019-07-09 20:06:38,628 INFO  client.GrpcClientProtocolClient (GrpcClientProtocolClient.java:onNext(255)) - client-FB00420D972B->0a7e6056-64a2-4302-b029-255d48a66d7f: receive RaftClientReply:client-FB00420D972B->0a7e6056-64a2-4302-b029-255d48a66d7f@group-1EE0336AADCF, cid=1273, SUCCESS, logIndex=0, commits[0a7e6056-64a2-4302-b029-255d48a66d7f:c1761, 82c1508e-6289-48e2-a567-a0e29c8b4903:c1758, f63d6ef8-0266-4bf3-bcb1-484cdaae1fbb:c1758]
2019-07-09 20:06:38,645 INFO  client.GrpcClientProtocolClient (GrpcClientProtocolClient.java:onNext(255)) - client-FB00420D972B->0a7e6056-64a2-4302-b029-255d48a66d7f: receive RaftClientReply:client-FB00420D972B->0a7e6056-64a2-4302-b029-255d48a66d7f@group-1EE0336AADCF, cid=1274, SUCCESS, logIndex=1765, commits[0a7e6056-64a2-4302-b029-255d48a66d7f:c1766, 82c1508e-6289-48e2-a567-a0e29c8b4903:c1764, f63d6ef8-0266-4bf3-bcb1-484cdaae1fbb:c1764]
2019-07-09 20:06:38,645 INFO  client.GrpcClientProtocolClient (GrpcClientProtocolClient.java:onNext(255)) - client-FB00420D972B->0a7e6056-64a2-4302-b029-255d48a66d7f: receive RaftClientReply:client-FB00420D972B->0a7e6056-64a2-4302-b029-255d48a66d7f@group-1EE0336AADCF, cid=1275, SUCCESS, logIndex=1766, commits[0a7e6056-64a2-4302-b029-255d48a66d7f:c1766, 82c1508e-6289-48e2-a567-a0e29c8b4903:c1764, f63d6ef8-0266-4bf3-bcb1-484cdaae1fbb:c1764]
2019-07-09 20:06:38,668 INFO  client.GrpcClientProtocolClient (GrpcClientProtocolClient.java:onNext(255)) - client-FB00420D972B->0a7e6056-64a2-4302-b029-255d48a66d7f: receive RaftClientReply:client-FB00420D972B->0a7e6056-64a2-4302-b029-255d48a66d7f@group-1EE0336AADCF, cid=1276, SUCCESS, logIndex=1769, commits[0a7e6056-64a2-4302-b029-255d48a66d7f:c1770, 82c1508e-6289-48e2-a567-a0e29c8b4903:c1766, f63d6ef8-0266-4bf3-bcb1-484cdaae1fbb:c1766]
2019-07-09 20:06:38,669 INFO  client.GrpcClientProtocolClient (GrpcClientProtocolClient.java:onNext(255)) - client-FB00420D972B->0a7e6056-64a2-4302-b029-255d48a66d7f: receive RaftClientReply:client-FB00420D972B->0a7e6056-64a2-4302-b029-255d48a66d7f@group-1EE0336AADCF, cid=1277, SUCCESS, logIndex=1770, commits[0a7e6056-64a2-4302-b029-255d48a66d7f:c1770, 82c1508e-6289-48e2-a567-a0e29c8b4903:c1766, f63d6ef8-0266-4bf3-bcb1-484cdaae1fbb:c1766]
2019-07-09 20:06:38,683 INFO  client.GrpcClientProtocolClient (GrpcClientProtocolClient.java:onNext(255)) - client-FB00420D972B->0a7e6056-64a2-4302-b029-255d48a66d7f: receive RaftClientReply:client-FB00420D972B->0a7e6056-64a2-4302-b029-255d48a66d7f@group-1EE0336AADCF, cid=1278, SUCCESS, logIndex=0, commits[0a7e6056-64a2-4302-b029-255d48a66d7f:c1772, 82c1508e-6289-48e2-a567-a0e29c8b4903:c1770, f63d6ef8-0266-4bf3-bcb1-484cdaae1fbb:c1770]
2019-07-09 20:06:38,712 INFO  client.GrpcClientProtocolClient (GrpcClientProtocolClient.java:onNext(255)) - client-FB00420D972B->0a7e6056-64a2-4302-b029-255d48a66d7f: receive RaftClientReply:client-FB00420D972B->0a7e6056-64a2-4302-b029-255d48a66d7f@group-1EE0336AADCF, cid=1279, SUCCESS, logIndex=1773, commits[0a7e6056-64a2-4302-b029-255d48a66d7f:c1774, 82c1508e-6289-48e2-a567-a0e29c8b4903:c1772, f63d6ef8-0266-4bf3-bcb1-484cdaae1fbb:c1772]
2019-07-09 20:06:38,713 INFO  client.GrpcClientProtocolClient (GrpcClientProtocolClient.java:onNext(255)) - client-FB00420D972B->0a7e6056-64a2-4302-b029-255d48a66d7f: receive RaftClientReply:client-FB00420D972B->0a7e6056-64a2-4302-b029-255d48a66d7f@group-1EE0336AADCF, cid=1280, SUCCESS, logIndex=1774, commits[0a7e6056-64a2-4302-b029-255d48a66d7f:c1774, 82c1508e-6289-48e2-a567-a0e29c8b4903:c1772, f63d6ef8-0266-4bf3-bcb1-484cdaae1fbb:c1772]
2019-07-09 20:06:38,713 INFO  client.GrpcClientProtocolClient (GrpcClientProtocolClient.java:onNext(255)) - client-FB00420D972B->0a7e6056-64a2-4302-b029-255d48a66d7f: receive RaftClientReply:client-FB00420D972B->0a7e6056-64a2-4302-b029-255d48a66d7f@group-1EE0336AADCF, cid=1281, SUCCESS, logIndex=1775, commits[0a7e6056-64a2-4302-b029-255d48a66d7f:c1776, 82c1508e-6289-48e2-a567-a0e29c8b4903:c1772, f63d6ef8-0266-4bf3-bcb1-484cdaae1fbb:c1772]
2019-07-09 20:06:38,714 INFO  client.GrpcClientProtocolClient (GrpcClientProtocolClient.java:onNext(255)) - client-FB00420D972B->0a7e6056-64a2-4302-b029-255d48a66d7f: receive RaftClientReply:client-FB00420D972B->0a7e6056-64a2-4302-b029-255d48a66d7f@group-1EE0336AADCF, cid=1282, SUCCESS, logIndex=1776, commits[0a7e6056-64a2-4302-b029-255d48a66d7f:c1776, 82c1508e-6289-48e2-a567-a0e29c8b4903:c1772, f63d6ef8-0266-4bf3-bcb1-484cdaae1fbb:c1772]
2019-07-09 20:06:38,727 INFO  client.GrpcClientProtocolClient (GrpcClientProtocolClient.java:onNext(255)) - client-FB00420D972B->0a7e6056-64a2-4302-b029-255d48a66d7f: receive RaftClientReply:client-FB00420D972B->0a7e6056-64a2-4302-b029-255d48a66d7f@group-1EE0336AADCF, cid=1283, SUCCESS, logIndex=0, commits[0a7e6056-64a2-4302-b029-255d48a66d7f:c1778, 82c1508e-6289-48e2-a567-a0e29c8b4903:c1774, f63d6ef8-0266-4bf3-bcb1-484cdaae1fbb:c1774]
2019-07-09 20:06:38,756 INFO  client.GrpcClientProtocolClient (GrpcClientProtocolClient.java:onNext(255)) - client-FB00420D972B->0a7e6056-64a2-4302-b029-255d48a66d7f: receive RaftClientReply:client-FB00420D972B->0a7e6056-64a2-4302-b029-255d48a66d7f@group-1EE0336AADCF, cid=1284, SUCCESS, logIndex=1781, commits[0a7e6056-64a2-4302-b029-255d48a66d7f:c1782, 82c1508e-6289-48e2-a567-a0e29c8b4903:c1780, f63d6ef8-0266-4bf3-bcb1-484cdaae1fbb:c1780]
2019-07-09 20:06:38,757 INFO  client.GrpcClientProtocolClient (GrpcClientProtocolClient.java:onNext(255)) - client-FB00420D972B->0a7e6056-64a2-4302-b029-255d48a66d7f: receive RaftClientReply:client-FB00420D972B->0a7e6056-64a2-4302-b029-255d48a66d7f@group-1EE0336AADCF, cid=1285, SUCCESS, logIndex=1782, commits[0a7e6056-64a2-4302-b029-255d48a66d7f:c1782, 82c1508e-6289-48e2-a567-a0e29c8b4903:c1780, f63d6ef8-0266-4bf3-bcb1-484cdaae1fbb:c1780]
2019-07-09 20:06:38,792 INFO  client.GrpcClientProtocolClient (GrpcClientProtocolClient.java:onNext(255)) - client-FB00420D972B->0a7e6056-64a2-4302-b029-255d48a66d7f: receive RaftClientReply:client-FB00420D972B->0a7e6056-64a2-4302-b029-255d48a66d7f@group-1EE0336AADCF, cid=1286, SUCCESS, logIndex=1785, commits[0a7e6056-64a2-4302-b029-255d48a66d7f:c1786, 82c1508e-6289-48e2-a567-a0e29c8b4903:c1782, f63d6ef8-0266-4bf3-bcb1-484cdaae1fbb:c1782]
2019-07-09 20:06:38,792 INFO  client.GrpcClientProtocolClient (GrpcClientProtocolClient.java:onNext(255)) - client-FB00420D972B->0a7e6056-64a2-4302-b029-255d48a66d7f: receive RaftClientReply:client-FB00420D972B->0a7e6056-64a2-4302-b029-255d48a66d7f@group-1EE0336AADCF, cid=1287, SUCCESS, logIndex=1786, commits[0a7e6056-64a2-4302-b029-255d48a66d7f:c1786, 82c1508e-6289-48e2-a567-a0e29c8b4903:c1782, f63d6ef8-0266-4bf3-bcb1-484cdaae1fbb:c1782]
2019-07-09 20:06:38,808 INFO  client.GrpcClientProtocolClient (GrpcClientProtocolClient.java:onNext(255)) - client-FB00420D972B->0a7e6056-64a2-4302-b029-255d48a66d7f: receive RaftClientReply:client-FB00420D972B->0a7e6056-64a2-4302-b029-255d48a66d7f@group-1EE0336AADCF, cid=1288, SUCCESS, logIndex=0, commits[0a7e6056-64a2-4302-b029-255d48a66d7f:c1787, 82c1508e-6289-48e2-a567-a0e29c8b4903:c1786, f63d6ef8-0266-4bf3-bcb1-484cdaae1fbb:c1786]
 0.00% |█                                                                                                    |  0/1 Time: 0:00:102019-07-09 20:06:38,839 INFO  client.GrpcClientProtocolClient (GrpcClientProtocolClient.java:onNext(255)) - client-FB00420D972B->0a7e6056-64a2-4302-b029-255d48a66d7f: receive RaftClientReply:client-FB00420D972B->0a7e6056-64a2-4302-b029-255d48a66d7f@group-1EE0336AADCF, cid=1289, SUCCESS, logIndex=1789, commits[0a7e6056-64a2-4302-b029-255d48a66d7f:c1790, 82c1508e-6289-48e2-a567-a0e29c8b4903:c1788, f63d6ef8-0266-4bf3-bcb1-484cdaae1fbb:c1788]
2019-07-09 20:06:38,840 INFO  client.GrpcClientProtocolClient (GrpcClientProtocolClient.java:onNext(255)) - client-FB00420D972B->0a7e6056-64a2-4302-b029-255d48a66d7f: receive RaftClientReply:client-FB00420D972B->0a7e6056-64a2-4302-b029-255d48a66d7f@group-1EE0336AADCF, cid=1290, SUCCESS, logIndex=1790, commits[0a7e6056-64a2-4302-b029-255d48a66d7f:c1792, 82c1508e-6289-48e2-a567-a0e29c8b4903:c1788, f63d6ef8-0266-4bf3-bcb1-484cdaae1fbb:c1788]
2019-07-09 20:06:38,841 INFO  client.GrpcClientProtocolClient (GrpcClientProtocolClient.java:onNext(255)) - client-FB00420D972B->0a7e6056-64a2-4302-b029-255d48a66d7f: receive RaftClientReply:client-FB00420D972B->0a7e6056-64a2-4302-b029-255d48a66d7f@group-1EE0336AADCF, cid=1291, SUCCESS, logIndex=1791, commits[0a7e6056-64a2-4302-b029-255d48a66d7f:c1792, 82c1508e-6289-48e2-a567-a0e29c8b4903:c1788, f63d6ef8-0266-4bf3-bcb1-484cdaae1fbb:c1788]
2019-07-09 20:06:38,841 INFO  client.GrpcClientProtocolClient (GrpcClientProtocolClient.java:onNext(255)) - client-FB00420D972B->0a7e6056-64a2-4302-b029-255d48a66d7f: receive RaftClientReply:client-FB00420D972B->0a7e6056-64a2-4302-b029-255d48a66d7f@group-1EE0336AADCF, cid=1292, SUCCESS, logIndex=1792, commits[0a7e6056-64a2-4302-b029-255d48a66d7f:c1793, 82c1508e-6289-48e2-a567-a0e29c8b4903:c1788, f63d6ef8-0266-4bf3-bcb1-484cdaae1fbb:c1790]
2019-07-09 20:06:38,843 INFO  client.GrpcClientProtocolClient (GrpcClientProtocolClient.java:onNext(255)) - client-FB00420D972B->0a7e6056-64a2-4302-b029-255d48a66d7f: receive RaftClientReply:client-FB00420D972B->0a7e6056-64a2-4302-b029-255d48a66d7f@group-1EE0336AADCF, cid=1293, SUCCESS, logIndex=0, commits[0a7e6056-64a2-4302-b029-255d48a66d7f:c1794, 82c1508e-6289-48e2-a567-a0e29c8b4903:c1790, f63d6ef8-0266-4bf3-bcb1-484cdaae1fbb:c1790]
2019-07-09 20:06:38,858 INFO  client.GrpcClientProtocolClient (GrpcClientProtocolClient.java:onNext(255)) - client-FB00420D972B->0a7e6056-64a2-4302-b029-255d48a66d7f: receive RaftClientReply:client-FB00420D972B->0a7e6056-64a2-4302-b029-255d48a66d7f@group-1EE0336AADCF, cid=1294, SUCCESS, logIndex=1797, commits[0a7e6056-64a2-4302-b029-255d48a66d7f:c1798, 82c1508e-6289-48e2-a567-a0e29c8b4903:c1794, f63d6ef8-0266-4bf3-bcb1-484cdaae1fbb:c1794]
2019-07-09 20:06:38,859 INFO  client.GrpcClientProtocolClient (GrpcClientProtocolClient.java:onNext(255)) - client-FB00420D972B->0a7e6056-64a2-4302-b029-255d48a66d7f: receive RaftClientReply:client-FB00420D972B->0a7e6056-64a2-4302-b029-255d48a66d7f@group-1EE0336AADCF, cid=1295, SUCCESS, logIndex=1798, commits[0a7e6056-64a2-4302-b029-255d48a66d7f:c1798, 82c1508e-6289-48e2-a567-a0e29c8b4903:c1794, f63d6ef8-0266-4bf3-bcb1-484cdaae1fbb:c1794]
2019-07-09 20:06:38,882 INFO  client.GrpcClientProtocolClient (GrpcClientProtocolClient.java:onNext(255)) - client-FB00420D972B->0a7e6056-64a2-4302-b029-255d48a66d7f: receive RaftClientReply:client-FB00420D972B->0a7e6056-64a2-4302-b029-255d48a66d7f@group-1EE0336AADCF, cid=1296, SUCCESS, logIndex=1801, commits[0a7e6056-64a2-4302-b029-255d48a66d7f:c1802, 82c1508e-6289-48e2-a567-a0e29c8b4903:c1798, f63d6ef8-0266-4bf3-bcb1-484cdaae1fbb:c1798]
2019-07-09 20:06:38,882 INFO  client.GrpcClientProtocolClient (GrpcClientProtocolClient.java:onNext(255)) - client-FB00420D972B->0a7e6056-64a2-4302-b029-255d48a66d7f: receive RaftClientReply:client-FB00420D972B->0a7e6056-64a2-4302-b029-255d48a66d7f@group-1EE0336AADCF, cid=1297, SUCCESS, logIndex=1802, commits[0a7e6056-64a2-4302-b029-255d48a66d7f:c1802, 82c1508e-6289-48e2-a567-a0e29c8b4903:c1798, f63d6ef8-0266-4bf3-bcb1-484cdaae1fbb:c1798]
2019-07-09 20:06:38,905 INFO  client.GrpcClientProtocolClient (GrpcClientProtocolClient.java:onNext(255)) - client-FB00420D972B->0a7e6056-64a2-4302-b029-255d48a66d7f: receive RaftClientReply:client-FB00420D972B->0a7e6056-64a2-4302-b029-255d48a66d7f@group-1EE0336AADCF, cid=1298, SUCCESS, logIndex=0, commits[0a7e6056-64a2-4302-b029-255d48a66d7f:c1804, 82c1508e-6289-48e2-a567-a0e29c8b4903:c1802, f63d6ef8-0266-4bf3-bcb1-484cdaae1fbb:c1802]
2019-07-09 20:06:38,942 INFO  client.GrpcClientProtocolClient (GrpcClientProtocolClient.java:onNext(255)) - client-FB00420D972B->0a7e6056-64a2-4302-b029-255d48a66d7f: receive RaftClientReply:client-FB00420D972B->0a7e6056-64a2-4302-b029-255d48a66d7f@group-1EE0336AADCF, cid=1299, SUCCESS, logIndex=1805, commits[0a7e6056-64a2-4302-b029-255d48a66d7f:c1806, 82c1508e-6289-48e2-a567-a0e29c8b4903:c1804, f63d6ef8-0266-4bf3-bcb1-484cdaae1fbb:c1804]
2019-07-09 20:06:38,943 INFO  client.GrpcClientProtocolClient (GrpcClientProtocolClient.java:onNext(255)) - client-FB00420D972B->0a7e6056-64a2-4302-b029-255d48a66d7f: receive RaftClientReply:client-FB00420D972B->0a7e6056-64a2-4302-b029-255d48a66d7f@group-1EE0336AADCF, cid=1300, SUCCESS, logIndex=1806, commits[0a7e6056-64a2-4302-b029-255d48a66d7f:c1806, 82c1508e-6289-48e2-a567-a0e29c8b4903:c1804, f63d6ef8-0266-4bf3-bcb1-484cdaae1fbb:c1804]
2019-07-09 20:06:38,953 INFO  client.GrpcClientProtocolClient (GrpcClientProtocolClient.java:onNext(255)) - client-FB00420D972B->0a7e6056-64a2-4302-b029-255d48a66d7f: receive RaftClientReply:client-FB00420D972B->0a7e6056-64a2-4302-b029-255d48a66d7f@group-1EE0336AADCF, cid=1301, SUCCESS, logIndex=1807, commits[0a7e6056-64a2-4302-b029-255d48a66d7f:c1808, 82c1508e-6289-48e2-a567-a0e29c8b4903:c1804, f63d6ef8-0266-4bf3-bcb1-484cdaae1fbb:c1804]
2019-07-09 20:06:38,953 INFO  client.GrpcClientProtocolClient (GrpcClientProtocolClient.java:onNext(255)) - client-FB00420D972B->0a7e6056-64a2-4302-b029-255d48a66d7f: receive RaftClientReply:client-FB00420D972B->0a7e6056-64a2-4302-b029-255d48a66d7f@group-1EE0336AADCF, cid=1302, SUCCESS, logIndex=1808, commits[0a7e6056-64a2-4302-b029-255d48a66d7f:c1808, 82c1508e-6289-48e2-a567-a0e29c8b4903:c1804, f63d6ef8-0266-4bf3-bcb1-484cdaae1fbb:c1804]
2019-07-09 20:06:38,956 INFO  client.GrpcClientProtocolClient (GrpcClientProtocolClient.java:onNext(255)) - client-FB00420D972B->0a7e6056-64a2-4302-b029-255d48a66d7f: receive RaftClientReply:client-FB00420D972B->0a7e6056-64a2-4302-b029-255d48a66d7f@group-1EE0336AADCF, cid=1303, SUCCESS, logIndex=0, commits[0a7e6056-64a2-4302-b029-255d48a66d7f:c1810, 82c1508e-6289-48e2-a567-a0e29c8b4903:c1806, f63d6ef8-0266-4bf3-bcb1-484cdaae1fbb:c1806]
2019-07-09 20:06:38,985 INFO  client.GrpcClientProtocolClient (GrpcClientProtocolClient.java:onNext(255)) - client-FB00420D972B->0a7e6056-64a2-4302-b029-255d48a66d7f: receive RaftClientReply:client-FB00420D972B->0a7e6056-64a2-4302-b029-255d48a66d7f@group-1EE0336AADCF, cid=1304, SUCCESS, logIndex=1813, commits[0a7e6056-64a2-4302-b029-255d48a66d7f:c1814, 82c1508e-6289-48e2-a567-a0e29c8b4903:c1810, f63d6ef8-0266-4bf3-bcb1-484cdaae1fbb:c1810]
2019-07-09 20:06:38,985 INFO  client.GrpcClientProtocolClient (GrpcClientProtocolClient.java:onNext(255)) - client-FB00420D972B->0a7e6056-64a2-4302-b029-255d48a66d7f: receive RaftClientReply:client-FB00420D972B->0a7e6056-64a2-4302-b029-255d48a66d7f@group-1EE0336AADCF, cid=1305, SUCCESS, logIndex=1814, commits[0a7e6056-64a2-4302-b029-255d48a66d7f:c1814, 82c1508e-6289-48e2-a567-a0e29c8b4903:c1810, f63d6ef8-0266-4bf3-bcb1-484cdaae1fbb:c1810]
2019-07-09 20:06:39,011 INFO  client.GrpcClientProtocolClient (GrpcClientProtocolClient.java:onNext(255)) - client-FB00420D972B->0a7e6056-64a2-4302-b029-255d48a66d7f: receive RaftClientReply:client-FB00420D972B->0a7e6056-64a2-4302-b029-255d48a66d7f@group-1EE0336AADCF, cid=1306, SUCCESS, logIndex=1817, commits[0a7e6056-64a2-4302-b029-255d48a66d7f:c1818, 82c1508e-6289-48e2-a567-a0e29c8b4903:c1814, f63d6ef8-0266-4bf3-bcb1-484cdaae1fbb:c1814]
2019-07-09 20:06:39,011 INFO  client.GrpcClientProtocolClient (GrpcClientProtocolClient.java:onNext(255)) - client-FB00420D972B->0a7e6056-64a2-4302-b029-255d48a66d7f: receive RaftClientReply:client-FB00420D972B->0a7e6056-64a2-4302-b029-255d48a66d7f@group-1EE0336AADCF, cid=1307, SUCCESS, logIndex=1818, commits[0a7e6056-64a2-4302-b029-255d48a66d7f:c1818, 82c1508e-6289-48e2-a567-a0e29c8b4903:c1814, f63d6ef8-0266-4bf3-bcb1-484cdaae1fbb:c1814]
2019-07-09 20:06:39,024 INFO  client.GrpcClientProtocolClient (GrpcClientProtocolClient.java:onNext(255)) - client-FB00420D972B->0a7e6056-64a2-4302-b029-255d48a66d7f: receive RaftClientReply:client-FB00420D972B->0a7e6056-64a2-4302-b029-255d48a66d7f@group-1EE0336AADCF, cid=1308, SUCCESS, logIndex=0, commits[0a7e6056-64a2-4302-b029-255d48a66d7f:c1819, 82c1508e-6289-48e2-a567-a0e29c8b4903:c1818, f63d6ef8-0266-4bf3-bcb1-484cdaae1fbb:c1818]
2019-07-09 20:06:39,054 INFO  client.GrpcClientProtocolClient (GrpcClientProtocolClient.java:onNext(255)) - client-FB00420D972B->0a7e6056-64a2-4302-b029-255d48a66d7f: receive RaftClientReply:client-FB00420D972B->0a7e6056-64a2-4302-b029-255d48a66d7f@group-1EE0336AADCF, cid=1309, SUCCESS, logIndex=1821, commits[0a7e6056-64a2-4302-b029-255d48a66d7f:c1822, 82c1508e-6289-48e2-a567-a0e29c8b4903:c1820, f63d6ef8-0266-4bf3-bcb1-484cdaae1fbb:c1820]
2019-07-09 20:06:39,055 INFO  client.GrpcClientProtocolClient (GrpcClientProtocolClient.java:onNext(255)) - client-FB00420D972B->0a7e6056-64a2-4302-b029-255d48a66d7f: receive RaftClientReply:client-FB00420D972B->0a7e6056-64a2-4302-b029-255d48a66d7f@group-1EE0336AADCF, cid=1310, SUCCESS, logIndex=1822, commits[0a7e6056-64a2-4302-b029-255d48a66d7f:c1822, 82c1508e-6289-48e2-a567-a0e29c8b4903:c1820, f63d6ef8-0266-4bf3-bcb1-484cdaae1fbb:c1820]
2019-07-09 20:06:39,055 INFO  client.GrpcClientProtocolClient (GrpcClientProtocolClient.java:onNext(255)) - client-FB00420D972B->0a7e6056-64a2-4302-b029-255d48a66d7f: receive RaftClientReply:client-FB00420D972B->0a7e6056-64a2-4302-b029-255d48a66d7f@group-1EE0336AADCF, cid=1311, SUCCESS, logIndex=1823, commits[0a7e6056-64a2-4302-b029-255d48a66d7f:c1824, 82c1508e-6289-48e2-a567-a0e29c8b4903:c1820, f63d6ef8-0266-4bf3-bcb1-484cdaae1fbb:c1820]
2019-07-09 20:06:39,056 INFO  client.GrpcClientProtocolClient (GrpcClientProtocolClient.java:onNext(255)) - client-FB00420D972B->0a7e6056-64a2-4302-b029-255d48a66d7f: receive RaftClientReply:client-FB00420D972B->0a7e6056-64a2-4302-b029-255d48a66d7f@group-1EE0336AADCF, cid=1312, SUCCESS, logIndex=1824, commits[0a7e6056-64a2-4302-b029-255d48a66d7f:c1824, 82c1508e-6289-48e2-a567-a0e29c8b4903:c1820, f63d6ef8-0266-4bf3-bcb1-484cdaae1fbb:c1820]
2019-07-09 20:06:39,057 INFO  client.GrpcClientProtocolClient (GrpcClientProtocolClient.java:onNext(255)) - client-FB00420D972B->0a7e6056-64a2-4302-b029-255d48a66d7f: receive RaftClientReply:client-FB00420D972B->0a7e6056-64a2-4302-b029-255d48a66d7f@group-1EE0336AADCF, cid=1313, SUCCESS, logIndex=0, commits[0a7e6056-64a2-4302-b029-255d48a66d7f:c1826, 82c1508e-6289-48e2-a567-a0e29c8b4903:c1822, f63d6ef8-0266-4bf3-bcb1-484cdaae1fbb:c1822]
2019-07-09 20:06:39,084 INFO  client.GrpcClientProtocolClient (GrpcClientProtocolClient.java:onNext(255)) - client-FB00420D972B->0a7e6056-64a2-4302-b029-255d48a66d7f: receive RaftClientReply:client-FB00420D972B->0a7e6056-64a2-4302-b029-255d48a66d7f@group-1EE0336AADCF, cid=1314, SUCCESS, logIndex=1828, commits[0a7e6056-64a2-4302-b029-255d48a66d7f:c1829, 82c1508e-6289-48e2-a567-a0e29c8b4903:c1827, f63d6ef8-0266-4bf3-bcb1-484cdaae1fbb:c1827]
2019-07-09 20:06:39,084 INFO  client.GrpcClientProtocolClient (GrpcClientProtocolClient.java:onNext(255)) - client-FB00420D972B->0a7e6056-64a2-4302-b029-255d48a66d7f: receive RaftClientReply:client-FB00420D972B->0a7e6056-64a2-4302-b029-255d48a66d7f@group-1EE0336AADCF, cid=1315, SUCCESS, logIndex=1829, commits[0a7e6056-64a2-4302-b029-255d48a66d7f:c1829, 82c1508e-6289-48e2-a567-a0e29c8b4903:c1827, f63d6ef8-0266-4bf3-bcb1-484cdaae1fbb:c1827]
2019-07-09 20:06:39,096 INFO  client.GrpcClientProtocolClient (GrpcClientProtocolClient.java:onNext(255)) - client-FB00420D972B->0a7e6056-64a2-4302-b029-255d48a66d7f: receive RaftClientReply:client-FB00420D972B->0a7e6056-64a2-4302-b029-255d48a66d7f@group-1EE0336AADCF, cid=1316, SUCCESS, logIndex=1832, commits[0a7e6056-64a2-4302-b029-255d48a66d7f:c1833, 82c1508e-6289-48e2-a567-a0e29c8b4903:c1829, f63d6ef8-0266-4bf3-bcb1-484cdaae1fbb:c1829]
2019-07-09 20:06:39,097 INFO  client.GrpcClientProtocolClient (GrpcClientProtocolClient.java:onNext(255)) - client-FB00420D972B->0a7e6056-64a2-4302-b029-255d48a66d7f: receive RaftClientReply:client-FB00420D972B->0a7e6056-64a2-4302-b029-255d48a66d7f@group-1EE0336AADCF, cid=1317, SUCCESS, logIndex=1833, commits[0a7e6056-64a2-4302-b029-255d48a66d7f:c1833, 82c1508e-6289-48e2-a567-a0e29c8b4903:c1829, f63d6ef8-0266-4bf3-bcb1-484cdaae1fbb:c1829]
2019-07-09 20:06:39,110 INFO  client.GrpcClientProtocolClient (GrpcClientProtocolClient.java:onNext(255)) - client-FB00420D972B->0a7e6056-64a2-4302-b029-255d48a66d7f: receive RaftClientReply:client-FB00420D972B->0a7e6056-64a2-4302-b029-255d48a66d7f@group-1EE0336AADCF, cid=1318, SUCCESS, logIndex=0, commits[0a7e6056-64a2-4302-b029-255d48a66d7f:c1835, 82c1508e-6289-48e2-a567-a0e29c8b4903:c1833, f63d6ef8-0266-4bf3-bcb1-484cdaae1fbb:c1833]
2019-07-09 20:06:39,139 INFO  client.GrpcClientProtocolClient (GrpcClientProtocolClient.java:onNext(255)) - client-FB00420D972B->0a7e6056-64a2-4302-b029-255d48a66d7f: receive RaftClientReply:client-FB00420D972B->0a7e6056-64a2-4302-b029-255d48a66d7f@group-1EE0336AADCF, cid=1319, SUCCESS, logIndex=1836, commits[0a7e6056-64a2-4302-b029-255d48a66d7f:c1837, 82c1508e-6289-48e2-a567-a0e29c8b4903:c1835, f63d6ef8-0266-4bf3-bcb1-484cdaae1fbb:c1835]
2019-07-09 20:06:39,140 INFO  client.GrpcClientProtocolClient (GrpcClientProtocolClient.java:onNext(255)) - client-FB00420D972B->0a7e6056-64a2-4302-b029-255d48a66d7f: receive RaftClientReply:client-FB00420D972B->0a7e6056-64a2-4302-b029-255d48a66d7f@group-1EE0336AADCF, cid=1320, SUCCESS, logIndex=1837, commits[0a7e6056-64a2-4302-b029-255d48a66d7f:c1839, 82c1508e-6289-48e2-a567-a0e29c8b4903:c1835, f63d6ef8-0266-4bf3-bcb1-484cdaae1fbb:c1835]
2019-07-09 20:06:39,141 INFO  client.GrpcClientProtocolClient (GrpcClientProtocolClient.java:onNext(255)) - client-FB00420D972B->0a7e6056-64a2-4302-b029-255d48a66d7f: receive RaftClientReply:client-FB00420D972B->0a7e6056-64a2-4302-b029-255d48a66d7f@group-1EE0336AADCF, cid=1321, SUCCESS, logIndex=1838, commits[0a7e6056-64a2-4302-b029-255d48a66d7f:c1839, 82c1508e-6289-48e2-a567-a0e29c8b4903:c1835, f63d6ef8-0266-4bf3-bcb1-484cdaae1fbb:c1835]
2019-07-09 20:06:39,141 INFO  client.GrpcClientProtocolClient (GrpcClientProtocolClient.java:onNext(255)) - client-FB00420D972B->0a7e6056-64a2-4302-b029-255d48a66d7f: receive RaftClientReply:client-FB00420D972B->0a7e6056-64a2-4302-b029-255d48a66d7f@group-1EE0336AADCF, cid=1322, SUCCESS, logIndex=1839, commits[0a7e6056-64a2-4302-b029-255d48a66d7f:c1839, 82c1508e-6289-48e2-a567-a0e29c8b4903:c1835, f63d6ef8-0266-4bf3-bcb1-484cdaae1fbb:c1836]
2019-07-09 20:06:39,142 INFO  client.GrpcClientProtocolClient (GrpcClientProtocolClient.java:onNext(255)) - client-FB00420D972B->0a7e6056-64a2-4302-b029-255d48a66d7f: receive RaftClientReply:client-FB00420D972B->0a7e6056-64a2-4302-b029-255d48a66d7f@group-1EE0336AADCF, cid=1323, SUCCESS, logIndex=0, commits[0a7e6056-64a2-4302-b029-255d48a66d7f:c1843, 82c1508e-6289-48e2-a567-a0e29c8b4903:c1837, f63d6ef8-0266-4bf3-bcb1-484cdaae1fbb:c1839]
2019-07-09 20:06:39,163 INFO  client.GrpcClientProtocolClient (GrpcClientProtocolClient.java:onNext(255)) - client-FB00420D972B->0a7e6056-64a2-4302-b029-255d48a66d7f: receive RaftClientReply:client-FB00420D972B->0a7e6056-64a2-4302-b029-255d48a66d7f@group-1EE0336AADCF, cid=1324, SUCCESS, logIndex=1844, commits[0a7e6056-64a2-4302-b029-255d48a66d7f:c1845, 82c1508e-6289-48e2-a567-a0e29c8b4903:c1843, f63d6ef8-0266-4bf3-bcb1-484cdaae1fbb:c1843]
2019-07-09 20:06:39,164 INFO  client.GrpcClientProtocolClient (GrpcClientProtocolClient.java:onNext(255)) - client-FB00420D972B->0a7e6056-64a2-4302-b029-255d48a66d7f: receive RaftClientReply:client-FB00420D972B->0a7e6056-64a2-4302-b029-255d48a66d7f@group-1EE0336AADCF, cid=1325, SUCCESS, logIndex=1845, commits[0a7e6056-64a2-4302-b029-255d48a66d7f:c1845, 82c1508e-6289-48e2-a567-a0e29c8b4903:c1843, f63d6ef8-0266-4bf3-bcb1-484cdaae1fbb:c1843]
2019-07-09 20:06:39,176 INFO  client.GrpcClientProtocolClient (GrpcClientProtocolClient.java:onNext(255)) - client-FB00420D972B->0a7e6056-64a2-4302-b029-255d48a66d7f: receive RaftClientReply:client-FB00420D972B->0a7e6056-64a2-4302-b029-255d48a66d7f@group-1EE0336AADCF, cid=1326, SUCCESS, logIndex=1848, commits[0a7e6056-64a2-4302-b029-255d48a66d7f:c1849, 82c1508e-6289-48e2-a567-a0e29c8b4903:c1845, f63d6ef8-0266-4bf3-bcb1-484cdaae1fbb:c1845]
2019-07-09 20:06:39,176 INFO  client.GrpcClientProtocolClient (GrpcClientProtocolClient.java:onNext(255)) - client-FB00420D972B->0a7e6056-64a2-4302-b029-255d48a66d7f: receive RaftClientReply:client-FB00420D972B->0a7e6056-64a2-4302-b029-255d48a66d7f@group-1EE0336AADCF, cid=1327, SUCCESS, logIndex=1849, commits[0a7e6056-64a2-4302-b029-255d48a66d7f:c1849, 82c1508e-6289-48e2-a567-a0e29c8b4903:c1845, f63d6ef8-0266-4bf3-bcb1-484cdaae1fbb:c1845]
2019-07-09 20:06:39,188 INFO  client.GrpcClientProtocolClient (GrpcClientProtocolClient.java:onNext(255)) - client-FB00420D972B->0a7e6056-64a2-4302-b029-255d48a66d7f: receive RaftClientReply:client-FB00420D972B->0a7e6056-64a2-4302-b029-255d48a66d7f@group-1EE0336AADCF, cid=1328, SUCCESS, logIndex=0, commits[0a7e6056-64a2-4302-b029-255d48a66d7f:c1850, 82c1508e-6289-48e2-a567-a0e29c8b4903:c1849, f63d6ef8-0266-4bf3-bcb1-484cdaae1fbb:c1849]
2019-07-09 20:06:39,223 INFO  client.GrpcClientProtocolClient (GrpcClientProtocolClient.java:onNext(255)) - client-FB00420D972B->0a7e6056-64a2-4302-b029-255d48a66d7f: receive RaftClientReply:client-FB00420D972B->0a7e6056-64a2-4302-b029-255d48a66d7f@group-1EE0336AADCF, cid=1329, SUCCESS, logIndex=1852, commits[0a7e6056-64a2-4302-b029-255d48a66d7f:c1853, 82c1508e-6289-48e2-a567-a0e29c8b4903:c1851, f63d6ef8-0266-4bf3-bcb1-484cdaae1fbb:c1851]
2019-07-09 20:06:39,223 INFO  client.GrpcClientProtocolClient (GrpcClientProtocolClient.java:onNext(255)) - client-FB00420D972B->0a7e6056-64a2-4302-b029-255d48a66d7f: receive RaftClientReply:client-FB00420D972B->0a7e6056-64a2-4302-b029-255d48a66d7f@group-1EE0336AADCF, cid=1330, SUCCESS, logIndex=1853, commits[0a7e6056-64a2-4302-b029-255d48a66d7f:c1853, 82c1508e-6289-48e2-a567-a0e29c8b4903:c1851, f63d6ef8-0266-4bf3-bcb1-484cdaae1fbb:c1851]
2019-07-09 20:06:39,224 INFO  client.GrpcClientProtocolClient (GrpcClientProtocolClient.java:onNext(255)) - client-FB00420D972B->0a7e6056-64a2-4302-b029-255d48a66d7f: receive RaftClientReply:client-FB00420D972B->0a7e6056-64a2-4302-b029-255d48a66d7f@group-1EE0336AADCF, cid=1331, SUCCESS, logIndex=1854, commits[0a7e6056-64a2-4302-b029-255d48a66d7f:c1855, 82c1508e-6289-48e2-a567-a0e29c8b4903:c1851, f63d6ef8-0266-4bf3-bcb1-484cdaae1fbb:c1851]
2019-07-09 20:06:39,225 INFO  client.GrpcClientProtocolClient (GrpcClientProtocolClient.java:onNext(255)) - client-FB00420D972B->0a7e6056-64a2-4302-b029-255d48a66d7f: receive RaftClientReply:client-FB00420D972B->0a7e6056-64a2-4302-b029-255d48a66d7f@group-1EE0336AADCF, cid=1332, SUCCESS, logIndex=1855, commits[0a7e6056-64a2-4302-b029-255d48a66d7f:c1857, 82c1508e-6289-48e2-a567-a0e29c8b4903:c1851, f63d6ef8-0266-4bf3-bcb1-484cdaae1fbb:c1853]
2019-07-09 20:06:39,226 INFO  client.GrpcClientProtocolClient (GrpcClientProtocolClient.java:onNext(255)) - client-FB00420D972B->0a7e6056-64a2-4302-b029-255d48a66d7f: receive RaftClientReply:client-FB00420D972B->0a7e6056-64a2-4302-b029-255d48a66d7f@group-1EE0336AADCF, cid=1333, SUCCESS, logIndex=0, commits[0a7e6056-64a2-4302-b029-255d48a66d7f:c1859, 82c1508e-6289-48e2-a567-a0e29c8b4903:c1853, f63d6ef8-0266-4bf3-bcb1-484cdaae1fbb:c1855]
2019-07-09 20:06:39,343 INFO  client.GrpcClientProtocolClient (GrpcClientProtocolClient.java:onNext(255)) - client-FB00420D972B->0a7e6056-64a2-4302-b029-255d48a66d7f: receive RaftClientReply:client-FB00420D972B->0a7e6056-64a2-4302-b029-255d48a66d7f@group-1EE0336AADCF, cid=1334, SUCCESS, logIndex=1860, commits[0a7e6056-64a2-4302-b029-255d48a66d7f:c1861, 82c1508e-6289-48e2-a567-a0e29c8b4903:c1859, f63d6ef8-0266-4bf3-bcb1-484cdaae1fbb:c1859]
2019-07-09 20:06:39,344 INFO  client.GrpcClientProtocolClient (GrpcClientProtocolClient.java:onNext(255)) - client-FB00420D972B->0a7e6056-64a2-4302-b029-255d48a66d7f: receive RaftClientReply:client-FB00420D972B->0a7e6056-64a2-4302-b029-255d48a66d7f@group-1EE0336AADCF, cid=1335, SUCCESS, logIndex=1861, commits[0a7e6056-64a2-4302-b029-255d48a66d7f:c1861, 82c1508e-6289-48e2-a567-a0e29c8b4903:c1859, f63d6ef8-0266-4bf3-bcb1-484cdaae1fbb:c1859]
2019-07-09 20:06:39,368 INFO  client.GrpcClientProtocolClient (GrpcClientProtocolClient.java:onNext(255)) - client-FB00420D972B->0a7e6056-64a2-4302-b029-255d48a66d7f: receive RaftClientReply:client-FB00420D972B->0a7e6056-64a2-4302-b029-255d48a66d7f@group-1EE0336AADCF, cid=1336, SUCCESS, logIndex=1864, commits[0a7e6056-64a2-4302-b029-255d48a66d7f:c1865, 82c1508e-6289-48e2-a567-a0e29c8b4903:c1861, f63d6ef8-0266-4bf3-bcb1-484cdaae1fbb:c1861]
2019-07-09 20:06:39,369 INFO  client.GrpcClientProtocolClient (GrpcClientProtocolClient.java:onNext(255)) - client-FB00420D972B->0a7e6056-64a2-4302-b029-255d48a66d7f: receive RaftClientReply:client-FB00420D972B->0a7e6056-64a2-4302-b029-255d48a66d7f@group-1EE0336AADCF, cid=1337, SUCCESS, logIndex=1865, commits[0a7e6056-64a2-4302-b029-255d48a66d7f:c1865, 82c1508e-6289-48e2-a567-a0e29c8b4903:c1861, f63d6ef8-0266-4bf3-bcb1-484cdaae1fbb:c1861]
2019-07-09 20:06:39,370 INFO  client.GrpcClientProtocolClient (GrpcClientProtocolClient.java:onNext(255)) - client-FB00420D972B->0a7e6056-64a2-4302-b029-255d48a66d7f: receive RaftClientReply:client-FB00420D972B->0a7e6056-64a2-4302-b029-255d48a66d7f@group-1EE0336AADCF, cid=1338, SUCCESS, logIndex=0, commits[0a7e6056-64a2-4302-b029-255d48a66d7f:c1866, 82c1508e-6289-48e2-a567-a0e29c8b4903:c1865, f63d6ef8-0266-4bf3-bcb1-484cdaae1fbb:c1865]
2019-07-09 20:06:39,403 INFO  client.GrpcClientProtocolClient (GrpcClientProtocolClient.java:onNext(255)) - client-FB00420D972B->0a7e6056-64a2-4302-b029-255d48a66d7f: receive RaftClientReply:client-FB00420D972B->0a7e6056-64a2-4302-b029-255d48a66d7f@group-1EE0336AADCF, cid=1339, SUCCESS, logIndex=1868, commits[0a7e6056-64a2-4302-b029-255d48a66d7f:c1871, 82c1508e-6289-48e2-a567-a0e29c8b4903:c1867, f63d6ef8-0266-4bf3-bcb1-484cdaae1fbb:c1867]
2019-07-09 20:06:39,405 INFO  client.GrpcClientProtocolClient (GrpcClientProtocolClient.java:onNext(255)) - client-FB00420D972B->0a7e6056-64a2-4302-b029-255d48a66d7f: receive RaftClientReply:client-FB00420D972B->0a7e6056-64a2-4302-b029-255d48a66d7f@group-1EE0336AADCF, cid=1340, SUCCESS, logIndex=1869, commits[0a7e6056-64a2-4302-b029-255d48a66d7f:c1871, 82c1508e-6289-48e2-a567-a0e29c8b4903:c1867, f63d6ef8-0266-4bf3-bcb1-484cdaae1fbb:c1867]
2019-07-09 20:06:39,405 INFO  client.GrpcClientProtocolClient (GrpcClientProtocolClient.java:onNext(255)) - client-FB00420D972B->0a7e6056-64a2-4302-b029-255d48a66d7f: receive RaftClientReply:client-FB00420D972B->0a7e6056-64a2-4302-b029-255d48a66d7f@group-1EE0336AADCF, cid=1341, SUCCESS, logIndex=1870, commits[0a7e6056-64a2-4302-b029-255d48a66d7f:c1871, 82c1508e-6289-48e2-a567-a0e29c8b4903:c1867, f63d6ef8-0266-4bf3-bcb1-484cdaae1fbb:c1867]
2019-07-09 20:06:39,405 INFO  client.GrpcClientProtocolClient (GrpcClientProtocolClient.java:onNext(255)) - client-FB00420D972B->0a7e6056-64a2-4302-b029-255d48a66d7f: receive RaftClientReply:client-FB00420D972B->0a7e6056-64a2-4302-b029-255d48a66d7f@group-1EE0336AADCF, cid=1342, SUCCESS, logIndex=1871, commits[0a7e6056-64a2-4302-b029-255d48a66d7f:c1871, 82c1508e-6289-48e2-a567-a0e29c8b4903:c1867, f63d6ef8-0266-4bf3-bcb1-484cdaae1fbb:c1867]
2019-07-09 20:06:39,414 INFO  client.GrpcClientProtocolClient (GrpcClientProtocolClient.java:onNext(255)) - client-FB00420D972B->0a7e6056-64a2-4302-b029-255d48a66d7f: receive RaftClientReply:client-FB00420D972B->0a7e6056-64a2-4302-b029-255d48a66d7f@group-1EE0336AADCF, cid=1343, SUCCESS, logIndex=0, commits[0a7e6056-64a2-4302-b029-255d48a66d7f:c1875, 82c1508e-6289-48e2-a567-a0e29c8b4903:c1869, f63d6ef8-0266-4bf3-bcb1-484cdaae1fbb:c1871]
2019-07-09 20:06:39,437 INFO  client.GrpcClientProtocolClient (GrpcClientProtocolClient.java:onNext(255)) - client-FB00420D972B->0a7e6056-64a2-4302-b029-255d48a66d7f: receive RaftClientReply:client-FB00420D972B->0a7e6056-64a2-4302-b029-255d48a66d7f@group-1EE0336AADCF, cid=1344, SUCCESS, logIndex=1876, commits[0a7e6056-64a2-4302-b029-255d48a66d7f:c1877, 82c1508e-6289-48e2-a567-a0e29c8b4903:c1875, f63d6ef8-0266-4bf3-bcb1-484cdaae1fbb:c1875]
2019-07-09 20:06:39,437 INFO  client.GrpcClientProtocolClient (GrpcClientProtocolClient.java:onNext(255)) - client-FB00420D972B->0a7e6056-64a2-4302-b029-255d48a66d7f: receive RaftClientReply:client-FB00420D972B->0a7e6056-64a2-4302-b029-255d48a66d7f@group-1EE0336AADCF, cid=1345, SUCCESS, logIndex=1877, commits[0a7e6056-64a2-4302-b029-255d48a66d7f:c1877, 82c1508e-6289-48e2-a567-a0e29c8b4903:c1875, f63d6ef8-0266-4bf3-bcb1-484cdaae1fbb:c1875]
2019-07-09 20:06:39,450 INFO  client.GrpcClientProtocolClient (GrpcClientProtocolClient.java:onNext(255)) - client-FB00420D972B->0a7e6056-64a2-4302-b029-255d48a66d7f: receive RaftClientReply:client-FB00420D972B->0a7e6056-64a2-4302-b029-255d48a66d7f@group-1EE0336AADCF, cid=1346, SUCCESS, logIndex=1880, commits[0a7e6056-64a2-4302-b029-255d48a66d7f:c1881, 82c1508e-6289-48e2-a567-a0e29c8b4903:c1877, f63d6ef8-0266-4bf3-bcb1-484cdaae1fbb:c1876]
2019-07-09 20:06:39,451 INFO  client.GrpcClientProtocolClient (GrpcClientProtocolClient.java:onNext(255)) - client-FB00420D972B->0a7e6056-64a2-4302-b029-255d48a66d7f: receive RaftClientReply:client-FB00420D972B->0a7e6056-64a2-4302-b029-255d48a66d7f@group-1EE0336AADCF, cid=1347, SUCCESS, logIndex=1881, commits[0a7e6056-64a2-4302-b029-255d48a66d7f:c1881, 82c1508e-6289-48e2-a567-a0e29c8b4903:c1877, f63d6ef8-0266-4bf3-bcb1-484cdaae1fbb:c1877]
2019-07-09 20:06:39,453 INFO  client.GrpcClientProtocolClient (GrpcClientProtocolClient.java:onNext(255)) - client-FB00420D972B->0a7e6056-64a2-4302-b029-255d48a66d7f: receive RaftClientReply:client-FB00420D972B->0a7e6056-64a2-4302-b029-255d48a66d7f@group-1EE0336AADCF, cid=1348, SUCCESS, logIndex=0, commits[0a7e6056-64a2-4302-b029-255d48a66d7f:c1883, 82c1508e-6289-48e2-a567-a0e29c8b4903:c1881, f63d6ef8-0266-4bf3-bcb1-484cdaae1fbb:c1881]
2019-07-09 20:06:39,476 INFO  client.GrpcClientProtocolClient (GrpcClientProtocolClient.java:onNext(255)) - client-FB00420D972B->0a7e6056-64a2-4302-b029-255d48a66d7f: receive RaftClientReply:client-FB00420D972B->0a7e6056-64a2-4302-b029-255d48a66d7f@group-1EE0336AADCF, cid=1349, SUCCESS, logIndex=1884, commits[0a7e6056-64a2-4302-b029-255d48a66d7f:c1886, 82c1508e-6289-48e2-a567-a0e29c8b4903:c1883, f63d6ef8-0266-4bf3-bcb1-484cdaae1fbb:c1883]
2019-07-09 20:06:39,477 INFO  client.GrpcClientProtocolClient (GrpcClientProtocolClient.java:onNext(255)) - client-FB00420D972B->0a7e6056-64a2-4302-b029-255d48a66d7f: receive RaftClientReply:client-FB00420D972B->0a7e6056-64a2-4302-b029-255d48a66d7f@group-1EE0336AADCF, cid=1350, SUCCESS, logIndex=1885, commits[0a7e6056-64a2-4302-b029-255d48a66d7f:c1887, 82c1508e-6289-48e2-a567-a0e29c8b4903:c1883, f63d6ef8-0266-4bf3-bcb1-484cdaae1fbb:c1883]
2019-07-09 20:06:39,477 INFO  client.GrpcClientProtocolClient (GrpcClientProtocolClient.java:onNext(255)) - client-FB00420D972B->0a7e6056-64a2-4302-b029-255d48a66d7f: receive RaftClientReply:client-FB00420D972B->0a7e6056-64a2-4302-b029-255d48a66d7f@group-1EE0336AADCF, cid=1351, SUCCESS, logIndex=1886, commits[0a7e6056-64a2-4302-b029-255d48a66d7f:c1887, 82c1508e-6289-48e2-a567-a0e29c8b4903:c1883, f63d6ef8-0266-4bf3-bcb1-484cdaae1fbb:c1883]
2019-07-09 20:06:39,477 INFO  client.GrpcClientProtocolClient (GrpcClientProtocolClient.java:onNext(255)) - client-FB00420D972B->0a7e6056-64a2-4302-b029-255d48a66d7f: receive RaftClientReply:client-FB00420D972B->0a7e6056-64a2-4302-b029-255d48a66d7f@group-1EE0336AADCF, cid=1352, SUCCESS, logIndex=1887, commits[0a7e6056-64a2-4302-b029-255d48a66d7f:c1888, 82c1508e-6289-48e2-a567-a0e29c8b4903:c1883, f63d6ef8-0266-4bf3-bcb1-484cdaae1fbb:c1885]
2019-07-09 20:06:39,478 INFO  client.GrpcClientProtocolClient (GrpcClientProtocolClient.java:onNext(255)) - client-FB00420D972B->0a7e6056-64a2-4302-b029-255d48a66d7f: receive RaftClientReply:client-FB00420D972B->0a7e6056-64a2-4302-b029-255d48a66d7f@group-1EE0336AADCF, cid=1353, SUCCESS, logIndex=0, commits[0a7e6056-64a2-4302-b029-255d48a66d7f:c1888, 82c1508e-6289-48e2-a567-a0e29c8b4903:c1885, f63d6ef8-0266-4bf3-bcb1-484cdaae1fbb:c1885]
2019-07-09 20:06:39,492 INFO  client.GrpcClientProtocolClient (GrpcClientProtocolClient.java:onNext(255)) - client-FB00420D972B->0a7e6056-64a2-4302-b029-255d48a66d7f: receive RaftClientReply:client-FB00420D972B->0a7e6056-64a2-4302-b029-255d48a66d7f@group-1EE0336AADCF, cid=1354, SUCCESS, logIndex=1892, commits[0a7e6056-64a2-4302-b029-255d48a66d7f:c1893, 82c1508e-6289-48e2-a567-a0e29c8b4903:c1887, f63d6ef8-0266-4bf3-bcb1-484cdaae1fbb:c1891]
2019-07-09 20:06:39,492 INFO  client.GrpcClientProtocolClient (GrpcClientProtocolClient.java:onNext(255)) - client-FB00420D972B->0a7e6056-64a2-4302-b029-255d48a66d7f: receive RaftClientReply:client-FB00420D972B->0a7e6056-64a2-4302-b029-255d48a66d7f@group-1EE0336AADCF, cid=1355, SUCCESS, logIndex=1893, commits[0a7e6056-64a2-4302-b029-255d48a66d7f:c1893, 82c1508e-6289-48e2-a567-a0e29c8b4903:c1891, f63d6ef8-0266-4bf3-bcb1-484cdaae1fbb:c1891]
2019-07-09 20:06:39,511 INFO  client.GrpcClientProtocolClient (GrpcClientProtocolClient.java:onNext(255)) - client-FB00420D972B->0a7e6056-64a2-4302-b029-255d48a66d7f: receive RaftClientReply:client-FB00420D972B->0a7e6056-64a2-4302-b029-255d48a66d7f@group-1EE0336AADCF, cid=1356, SUCCESS, logIndex=1896, commits[0a7e6056-64a2-4302-b029-255d48a66d7f:c1897, 82c1508e-6289-48e2-a567-a0e29c8b4903:c1894, f63d6ef8-0266-4bf3-bcb1-484cdaae1fbb:c1894]
2019-07-09 20:06:39,511 INFO  client.GrpcClientProtocolClient (GrpcClientProtocolClient.java:onNext(255)) - client-FB00420D972B->0a7e6056-64a2-4302-b029-255d48a66d7f: receive RaftClientReply:client-FB00420D972B->0a7e6056-64a2-4302-b029-255d48a66d7f@group-1EE0336AADCF, cid=1357, SUCCESS, logIndex=1897, commits[0a7e6056-64a2-4302-b029-255d48a66d7f:c1897, 82c1508e-6289-48e2-a567-a0e29c8b4903:c1894, f63d6ef8-0266-4bf3-bcb1-484cdaae1fbb:c1894]
2019-07-09 20:06:39,524 INFO  client.GrpcClientProtocolClient (GrpcClientProtocolClient.java:onNext(255)) - client-FB00420D972B->0a7e6056-64a2-4302-b029-255d48a66d7f: receive RaftClientReply:client-FB00420D972B->0a7e6056-64a2-4302-b029-255d48a66d7f@group-1EE0336AADCF, cid=1358, SUCCESS, logIndex=0, commits[0a7e6056-64a2-4302-b029-255d48a66d7f:c1899, 82c1508e-6289-48e2-a567-a0e29c8b4903:c1897, f63d6ef8-0266-4bf3-bcb1-484cdaae1fbb:c1897]
2019-07-09 20:06:39,548 INFO  client.GrpcClientProtocolClient (GrpcClientProtocolClient.java:onNext(255)) - client-FB00420D972B->0a7e6056-64a2-4302-b029-255d48a66d7f: receive RaftClientReply:client-FB00420D972B->0a7e6056-64a2-4302-b029-255d48a66d7f@group-1EE0336AADCF, cid=1359, SUCCESS, logIndex=1900, commits[0a7e6056-64a2-4302-b029-255d48a66d7f:c1902, 82c1508e-6289-48e2-a567-a0e29c8b4903:c1899, f63d6ef8-0266-4bf3-bcb1-484cdaae1fbb:c1899]
2019-07-09 20:06:39,548 INFO  client.GrpcClientProtocolClient (GrpcClientProtocolClient.java:onNext(255)) - client-FB00420D972B->0a7e6056-64a2-4302-b029-255d48a66d7f: receive RaftClientReply:client-FB00420D972B->0a7e6056-64a2-4302-b029-255d48a66d7f@group-1EE0336AADCF, cid=1360, SUCCESS, logIndex=1901, commits[0a7e6056-64a2-4302-b029-255d48a66d7f:c1903, 82c1508e-6289-48e2-a567-a0e29c8b4903:c1899, f63d6ef8-0266-4bf3-bcb1-484cdaae1fbb:c1899]
2019-07-09 20:06:39,549 INFO  client.GrpcClientProtocolClient (GrpcClientProtocolClient.java:onNext(255)) - client-FB00420D972B->0a7e6056-64a2-4302-b029-255d48a66d7f: receive RaftClientReply:client-FB00420D972B->0a7e6056-64a2-4302-b029-255d48a66d7f@group-1EE0336AADCF, cid=1361, SUCCESS, logIndex=1902, commits[0a7e6056-64a2-4302-b029-255d48a66d7f:c1904, 82c1508e-6289-48e2-a567-a0e29c8b4903:c1900, f63d6ef8-0266-4bf3-bcb1-484cdaae1fbb:c1899]
2019-07-09 20:06:39,549 INFO  client.GrpcClientProtocolClient (GrpcClientProtocolClient.java:onNext(255)) - client-FB00420D972B->0a7e6056-64a2-4302-b029-255d48a66d7f: receive RaftClientReply:client-FB00420D972B->0a7e6056-64a2-4302-b029-255d48a66d7f@group-1EE0336AADCF, cid=1362, SUCCESS, logIndex=1903, commits[0a7e6056-64a2-4302-b029-255d48a66d7f:c1904, 82c1508e-6289-48e2-a567-a0e29c8b4903:c1900, f63d6ef8-0266-4bf3-bcb1-484cdaae1fbb:c1900]
2019-07-09 20:06:39,551 INFO  client.GrpcClientProtocolClient (GrpcClientProtocolClient.java:onNext(255)) - client-FB00420D972B->0a7e6056-64a2-4302-b029-255d48a66d7f: receive RaftClientReply:client-FB00420D972B->0a7e6056-64a2-4302-b029-255d48a66d7f@group-1EE0336AADCF, cid=1363, SUCCESS, logIndex=0, commits[0a7e6056-64a2-4302-b029-255d48a66d7f:c1907, 82c1508e-6289-48e2-a567-a0e29c8b4903:c1903, f63d6ef8-0266-4bf3-bcb1-484cdaae1fbb:c1901]
2019-07-09 20:06:39,570 INFO  client.GrpcClientProtocolClient (GrpcClientProtocolClient.java:onNext(255)) - client-FB00420D972B->0a7e6056-64a2-4302-b029-255d48a66d7f: receive RaftClientReply:client-FB00420D972B->0a7e6056-64a2-4302-b029-255d48a66d7f@group-1EE0336AADCF, cid=1364, SUCCESS, logIndex=1908, commits[0a7e6056-64a2-4302-b029-255d48a66d7f:c1909, 82c1508e-6289-48e2-a567-a0e29c8b4903:c1907, f63d6ef8-0266-4bf3-bcb1-484cdaae1fbb:c1907]
2019-07-09 20:06:39,571 INFO  client.GrpcClientProtocolClient (GrpcClientProtocolClient.java:onNext(255)) - client-FB00420D972B->0a7e6056-64a2-4302-b029-255d48a66d7f: receive RaftClientReply:client-FB00420D972B->0a7e6056-64a2-4302-b029-255d48a66d7f@group-1EE0336AADCF, cid=1365, SUCCESS, logIndex=1909, commits[0a7e6056-64a2-4302-b029-255d48a66d7f:c1909, 82c1508e-6289-48e2-a567-a0e29c8b4903:c1907, f63d6ef8-0266-4bf3-bcb1-484cdaae1fbb:c1907]
2019-07-09 20:06:39,584 INFO  client.GrpcClientProtocolClient (GrpcClientProtocolClient.java:onNext(255)) - client-FB00420D972B->0a7e6056-64a2-4302-b029-255d48a66d7f: receive RaftClientReply:client-FB00420D972B->0a7e6056-64a2-4302-b029-255d48a66d7f@group-1EE0336AADCF, cid=1366, SUCCESS, logIndex=1912, commits[0a7e6056-64a2-4302-b029-255d48a66d7f:c1913, 82c1508e-6289-48e2-a567-a0e29c8b4903:c1909, f63d6ef8-0266-4bf3-bcb1-484cdaae1fbb:c1908]
2019-07-09 20:06:39,584 INFO  client.GrpcClientProtocolClient (GrpcClientProtocolClient.java:onNext(255)) - client-FB00420D972B->0a7e6056-64a2-4302-b029-255d48a66d7f: receive RaftClientReply:client-FB00420D972B->0a7e6056-64a2-4302-b029-255d48a66d7f@group-1EE0336AADCF, cid=1367, SUCCESS, logIndex=1913, commits[0a7e6056-64a2-4302-b029-255d48a66d7f:c1913, 82c1508e-6289-48e2-a567-a0e29c8b4903:c1909, f63d6ef8-0266-4bf3-bcb1-484cdaae1fbb:c1909]
2019-07-09 20:06:39,586 INFO  client.GrpcClientProtocolClient (GrpcClientProtocolClient.java:onNext(255)) - client-FB00420D972B->0a7e6056-64a2-4302-b029-255d48a66d7f: receive RaftClientReply:client-FB00420D972B->0a7e6056-64a2-4302-b029-255d48a66d7f@group-1EE0336AADCF, cid=1368, SUCCESS, logIndex=0, commits[0a7e6056-64a2-4302-b029-255d48a66d7f:c1915, 82c1508e-6289-48e2-a567-a0e29c8b4903:c1913, f63d6ef8-0266-4bf3-bcb1-484cdaae1fbb:c1913]
2019-07-09 20:06:39,615 INFO  client.GrpcClientProtocolClient (GrpcClientProtocolClient.java:onNext(255)) - client-FB00420D972B->0a7e6056-64a2-4302-b029-255d48a66d7f: receive RaftClientReply:client-FB00420D972B->0a7e6056-64a2-4302-b029-255d48a66d7f@group-1EE0336AADCF, cid=1369, SUCCESS, logIndex=1916, commits[0a7e6056-64a2-4302-b029-255d48a66d7f:c1919, 82c1508e-6289-48e2-a567-a0e29c8b4903:c1915, f63d6ef8-0266-4bf3-bcb1-484cdaae1fbb:c1915]
2019-07-09 20:06:39,615 INFO  client.GrpcClientProtocolClient (GrpcClientProtocolClient.java:onNext(255)) - client-FB00420D972B->0a7e6056-64a2-4302-b029-255d48a66d7f: receive RaftClientReply:client-FB00420D972B->0a7e6056-64a2-4302-b029-255d48a66d7f@group-1EE0336AADCF, cid=1370, SUCCESS, logIndex=1917, commits[0a7e6056-64a2-4302-b029-255d48a66d7f:c1919, 82c1508e-6289-48e2-a567-a0e29c8b4903:c1915, f63d6ef8-0266-4bf3-bcb1-484cdaae1fbb:c1915]
2019-07-09 20:06:39,616 INFO  client.GrpcClientProtocolClient (GrpcClientProtocolClient.java:onNext(255)) - client-FB00420D972B->0a7e6056-64a2-4302-b029-255d48a66d7f: receive RaftClientReply:client-FB00420D972B->0a7e6056-64a2-4302-b029-255d48a66d7f@group-1EE0336AADCF, cid=1371, SUCCESS, logIndex=1918, commits[0a7e6056-64a2-4302-b029-255d48a66d7f:c1919, 82c1508e-6289-48e2-a567-a0e29c8b4903:c1915, f63d6ef8-0266-4bf3-bcb1-484cdaae1fbb:c1915]
2019-07-09 20:06:39,616 INFO  client.GrpcClientProtocolClient (GrpcClientProtocolClient.java:onNext(255)) - client-FB00420D972B->0a7e6056-64a2-4302-b029-255d48a66d7f: receive RaftClientReply:client-FB00420D972B->0a7e6056-64a2-4302-b029-255d48a66d7f@group-1EE0336AADCF, cid=1372, SUCCESS, logIndex=1919, commits[0a7e6056-64a2-4302-b029-255d48a66d7f:c1919, 82c1508e-6289-48e2-a567-a0e29c8b4903:c1915, f63d6ef8-0266-4bf3-bcb1-484cdaae1fbb:c1915]
2019-07-09 20:06:39,626 INFO  client.GrpcClientProtocolClient (GrpcClientProtocolClient.java:onNext(255)) - client-FB00420D972B->0a7e6056-64a2-4302-b029-255d48a66d7f: receive RaftClientReply:client-FB00420D972B->0a7e6056-64a2-4302-b029-255d48a66d7f@group-1EE0336AADCF, cid=1373, SUCCESS, logIndex=0, commits[0a7e6056-64a2-4302-b029-255d48a66d7f:c1920, 82c1508e-6289-48e2-a567-a0e29c8b4903:c1917, f63d6ef8-0266-4bf3-bcb1-484cdaae1fbb:c1917]
2019-07-09 20:06:39,647 INFO  client.GrpcClientProtocolClient (GrpcClientProtocolClient.java:onNext(255)) - client-FB00420D972B->0a7e6056-64a2-4302-b029-255d48a66d7f: receive RaftClientReply:client-FB00420D972B->0a7e6056-64a2-4302-b029-255d48a66d7f@group-1EE0336AADCF, cid=1374, SUCCESS, logIndex=1924, commits[0a7e6056-64a2-4302-b029-255d48a66d7f:c1925, 82c1508e-6289-48e2-a567-a0e29c8b4903:c1923, f63d6ef8-0266-4bf3-bcb1-484cdaae1fbb:c1923]
2019-07-09 20:06:39,647 INFO  client.GrpcClientProtocolClient (GrpcClientProtocolClient.java:onNext(255)) - client-FB00420D972B->0a7e6056-64a2-4302-b029-255d48a66d7f: receive RaftClientReply:client-FB00420D972B->0a7e6056-64a2-4302-b029-255d48a66d7f@group-1EE0336AADCF, cid=1375, SUCCESS, logIndex=1925, commits[0a7e6056-64a2-4302-b029-255d48a66d7f:c1925, 82c1508e-6289-48e2-a567-a0e29c8b4903:c1923, f63d6ef8-0266-4bf3-bcb1-484cdaae1fbb:c1923]
2019-07-09 20:06:39,660 INFO  client.GrpcClientProtocolClient (GrpcClientProtocolClient.java:onNext(255)) - client-FB00420D972B->0a7e6056-64a2-4302-b029-255d48a66d7f: receive RaftClientReply:client-FB00420D972B->0a7e6056-64a2-4302-b029-255d48a66d7f@group-1EE0336AADCF, cid=1376, SUCCESS, logIndex=1928, commits[0a7e6056-64a2-4302-b029-255d48a66d7f:c1929, 82c1508e-6289-48e2-a567-a0e29c8b4903:c1925, f63d6ef8-0266-4bf3-bcb1-484cdaae1fbb:c1925]
2019-07-09 20:06:39,661 INFO  client.GrpcClientProtocolClient (GrpcClientProtocolClient.java:onNext(255)) - client-FB00420D972B->0a7e6056-64a2-4302-b029-255d48a66d7f: receive RaftClientReply:client-FB00420D972B->0a7e6056-64a2-4302-b029-255d48a66d7f@group-1EE0336AADCF, cid=1377, SUCCESS, logIndex=1929, commits[0a7e6056-64a2-4302-b029-255d48a66d7f:c1929, 82c1508e-6289-48e2-a567-a0e29c8b4903:c1925, f63d6ef8-0266-4bf3-bcb1-484cdaae1fbb:c1925]
2019-07-09 20:06:39,663 INFO  client.GrpcClientProtocolClient (GrpcClientProtocolClient.java:onNext(255)) - client-FB00420D972B->0a7e6056-64a2-4302-b029-255d48a66d7f: receive RaftClientReply:client-FB00420D972B->0a7e6056-64a2-4302-b029-255d48a66d7f@group-1EE0336AADCF, cid=1378, SUCCESS, logIndex=0, commits[0a7e6056-64a2-4302-b029-255d48a66d7f:c1931, 82c1508e-6289-48e2-a567-a0e29c8b4903:c1929, f63d6ef8-0266-4bf3-bcb1-484cdaae1fbb:c1929]
2019-07-09 20:06:39,691 INFO  client.GrpcClientProtocolClient (GrpcClientProtocolClient.java:onNext(255)) - client-FB00420D972B->0a7e6056-64a2-4302-b029-255d48a66d7f: receive RaftClientReply:client-FB00420D972B->0a7e6056-64a2-4302-b029-255d48a66d7f@group-1EE0336AADCF, cid=1379, SUCCESS, logIndex=1932, commits[0a7e6056-64a2-4302-b029-255d48a66d7f:c1934, 82c1508e-6289-48e2-a567-a0e29c8b4903:c1931, f63d6ef8-0266-4bf3-bcb1-484cdaae1fbb:c1931]
2019-07-09 20:06:39,691 INFO  client.GrpcClientProtocolClient (GrpcClientProtocolClient.java:onNext(255)) - client-FB00420D972B->0a7e6056-64a2-4302-b029-255d48a66d7f: receive RaftClientReply:client-FB00420D972B->0a7e6056-64a2-4302-b029-255d48a66d7f@group-1EE0336AADCF, cid=1380, SUCCESS, logIndex=1933, commits[0a7e6056-64a2-4302-b029-255d48a66d7f:c1935, 82c1508e-6289-48e2-a567-a0e29c8b4903:c1931, f63d6ef8-0266-4bf3-bcb1-484cdaae1fbb:c1931]
2019-07-09 20:06:39,692 INFO  client.GrpcClientProtocolClient (GrpcClientProtocolClient.java:onNext(255)) - client-FB00420D972B->0a7e6056-64a2-4302-b029-255d48a66d7f: receive RaftClientReply:client-FB00420D972B->0a7e6056-64a2-4302-b029-255d48a66d7f@group-1EE0336AADCF, cid=1381, SUCCESS, logIndex=1934, commits[0a7e6056-64a2-4302-b029-255d48a66d7f:c1935, 82c1508e-6289-48e2-a567-a0e29c8b4903:c1931, f63d6ef8-0266-4bf3-bcb1-484cdaae1fbb:c1931]
2019-07-09 20:06:39,692 INFO  client.GrpcClientProtocolClient (GrpcClientProtocolClient.java:onNext(255)) - client-FB00420D972B->0a7e6056-64a2-4302-b029-255d48a66d7f: receive RaftClientReply:client-FB00420D972B->0a7e6056-64a2-4302-b029-255d48a66d7f@group-1EE0336AADCF, cid=1382, SUCCESS, logIndex=1935, commits[0a7e6056-64a2-4302-b029-255d48a66d7f:c1936, 82c1508e-6289-48e2-a567-a0e29c8b4903:c1932, f63d6ef8-0266-4bf3-bcb1-484cdaae1fbb:c1932]
2019-07-09 20:06:39,693 INFO  client.GrpcClientProtocolClient (GrpcClientProtocolClient.java:onNext(255)) - client-FB00420D972B->0a7e6056-64a2-4302-b029-255d48a66d7f: receive RaftClientReply:client-FB00420D972B->0a7e6056-64a2-4302-b029-255d48a66d7f@group-1EE0336AADCF, cid=1383, SUCCESS, logIndex=0, commits[0a7e6056-64a2-4302-b029-255d48a66d7f:c1938, 82c1508e-6289-48e2-a567-a0e29c8b4903:c1934, f63d6ef8-0266-4bf3-bcb1-484cdaae1fbb:c1934]
2019-07-09 20:06:39,714 INFO  client.GrpcClientProtocolClient (GrpcClientProtocolClient.java:onNext(255)) - client-FB00420D972B->0a7e6056-64a2-4302-b029-255d48a66d7f: receive RaftClientReply:client-FB00420D972B->0a7e6056-64a2-4302-b029-255d48a66d7f@group-1EE0336AADCF, cid=1384, SUCCESS, logIndex=1940, commits[0a7e6056-64a2-4302-b029-255d48a66d7f:c1941, 82c1508e-6289-48e2-a567-a0e29c8b4903:c1939, f63d6ef8-0266-4bf3-bcb1-484cdaae1fbb:c1939]
2019-07-09 20:06:39,715 INFO  client.GrpcClientProtocolClient (GrpcClientProtocolClient.java:onNext(255)) - client-FB00420D972B->0a7e6056-64a2-4302-b029-255d48a66d7f: receive RaftClientReply:client-FB00420D972B->0a7e6056-64a2-4302-b029-255d48a66d7f@group-1EE0336AADCF, cid=1385, SUCCESS, logIndex=1941, commits[0a7e6056-64a2-4302-b029-255d48a66d7f:c1941, 82c1508e-6289-48e2-a567-a0e29c8b4903:c1939, f63d6ef8-0266-4bf3-bcb1-484cdaae1fbb:c1939]
2019-07-09 20:06:39,744 INFO  client.GrpcClientProtocolClient (GrpcClientProtocolClient.java:onNext(255)) - client-FB00420D972B->0a7e6056-64a2-4302-b029-255d48a66d7f: receive RaftClientReply:client-FB00420D972B->0a7e6056-64a2-4302-b029-255d48a66d7f@group-1EE0336AADCF, cid=1386, SUCCESS, logIndex=1944, commits[0a7e6056-64a2-4302-b029-255d48a66d7f:c1945, 82c1508e-6289-48e2-a567-a0e29c8b4903:c1941, f63d6ef8-0266-4bf3-bcb1-484cdaae1fbb:c1941]
2019-07-09 20:06:39,744 INFO  client.GrpcClientProtocolClient (GrpcClientProtocolClient.java:onNext(255)) - client-FB00420D972B->0a7e6056-64a2-4302-b029-255d48a66d7f: receive RaftClientReply:client-FB00420D972B->0a7e6056-64a2-4302-b029-255d48a66d7f@group-1EE0336AADCF, cid=1387, SUCCESS, logIndex=1945, commits[0a7e6056-64a2-4302-b029-255d48a66d7f:c1945, 82c1508e-6289-48e2-a567-a0e29c8b4903:c1941, f63d6ef8-0266-4bf3-bcb1-484cdaae1fbb:c1941]
2019-07-09 20:06:39,762 INFO  client.GrpcClientProtocolClient (GrpcClientProtocolClient.java:onNext(255)) - client-FB00420D972B->0a7e6056-64a2-4302-b029-255d48a66d7f: receive RaftClientReply:client-FB00420D972B->0a7e6056-64a2-4302-b029-255d48a66d7f@group-1EE0336AADCF, cid=1388, SUCCESS, logIndex=0, commits[0a7e6056-64a2-4302-b029-255d48a66d7f:c1946, 82c1508e-6289-48e2-a567-a0e29c8b4903:c1945, f63d6ef8-0266-4bf3-bcb1-484cdaae1fbb:c1945]
 0.00% |█                                                                                                    |  0/1 Time: 0:00:112019-07-09 20:06:39,817 INFO  client.GrpcClientProtocolClient (GrpcClientProtocolClient.java:onNext(255)) - client-FB00420D972B->0a7e6056-64a2-4302-b029-255d48a66d7f: receive RaftClientReply:client-FB00420D972B->0a7e6056-64a2-4302-b029-255d48a66d7f@group-1EE0336AADCF, cid=1389, SUCCESS, logIndex=1948, commits[0a7e6056-64a2-4302-b029-255d48a66d7f:c1951, 82c1508e-6289-48e2-a567-a0e29c8b4903:c1947, f63d6ef8-0266-4bf3-bcb1-484cdaae1fbb:c1947]
2019-07-09 20:06:39,818 INFO  client.GrpcClientProtocolClient (GrpcClientProtocolClient.java:onNext(255)) - client-FB00420D972B->0a7e6056-64a2-4302-b029-255d48a66d7f: receive RaftClientReply:client-FB00420D972B->0a7e6056-64a2-4302-b029-255d48a66d7f@group-1EE0336AADCF, cid=1390, SUCCESS, logIndex=1949, commits[0a7e6056-64a2-4302-b029-255d48a66d7f:c1951, 82c1508e-6289-48e2-a567-a0e29c8b4903:c1947, f63d6ef8-0266-4bf3-bcb1-484cdaae1fbb:c1947]
2019-07-09 20:06:39,818 INFO  client.GrpcClientProtocolClient (GrpcClientProtocolClient.java:onNext(255)) - client-FB00420D972B->0a7e6056-64a2-4302-b029-255d48a66d7f: receive RaftClientReply:client-FB00420D972B->0a7e6056-64a2-4302-b029-255d48a66d7f@group-1EE0336AADCF, cid=1391, SUCCESS, logIndex=1950, commits[0a7e6056-64a2-4302-b029-255d48a66d7f:c1951, 82c1508e-6289-48e2-a567-a0e29c8b4903:c1947, f63d6ef8-0266-4bf3-bcb1-484cdaae1fbb:c1947]
2019-07-09 20:06:39,818 INFO  client.GrpcClientProtocolClient (GrpcClientProtocolClient.java:onNext(255)) - client-FB00420D972B->0a7e6056-64a2-4302-b029-255d48a66d7f: receive RaftClientReply:client-FB00420D972B->0a7e6056-64a2-4302-b029-255d48a66d7f@group-1EE0336AADCF, cid=1392, SUCCESS, logIndex=1951, commits[0a7e6056-64a2-4302-b029-255d48a66d7f:c1952, 82c1508e-6289-48e2-a567-a0e29c8b4903:c1949, f63d6ef8-0266-4bf3-bcb1-484cdaae1fbb:c1949]
2019-07-09 20:06:39,849 INFO  client.GrpcClientProtocolClient (GrpcClientProtocolClient.java:onNext(255)) - client-FB00420D972B->0a7e6056-64a2-4302-b029-255d48a66d7f: receive RaftClientReply:client-FB00420D972B->0a7e6056-64a2-4302-b029-255d48a66d7f@group-1EE0336AADCF, cid=1393, SUCCESS, logIndex=1956, commits[0a7e6056-64a2-4302-b029-255d48a66d7f:c1957, 82c1508e-6289-48e2-a567-a0e29c8b4903:c1955, f63d6ef8-0266-4bf3-bcb1-484cdaae1fbb:c1955]
2019-07-09 20:06:39,849 INFO  client.GrpcClientProtocolClient (GrpcClientProtocolClient.java:onNext(255)) - client-FB00420D972B->0a7e6056-64a2-4302-b029-255d48a66d7f: receive RaftClientReply:client-FB00420D972B->0a7e6056-64a2-4302-b029-255d48a66d7f@group-1EE0336AADCF, cid=1394, SUCCESS, logIndex=1957, commits[0a7e6056-64a2-4302-b029-255d48a66d7f:c1957, 82c1508e-6289-48e2-a567-a0e29c8b4903:c1955, f63d6ef8-0266-4bf3-bcb1-484cdaae1fbb:c1955]
2019-07-09 20:06:39,864 INFO  client.GrpcClientProtocolClient (GrpcClientProtocolClient.java:onNext(255)) - client-FB00420D972B->0a7e6056-64a2-4302-b029-255d48a66d7f: receive RaftClientReply:client-FB00420D972B->0a7e6056-64a2-4302-b029-255d48a66d7f@group-1EE0336AADCF, cid=1395, SUCCESS, logIndex=1960, commits[0a7e6056-64a2-4302-b029-255d48a66d7f:c1961, 82c1508e-6289-48e2-a567-a0e29c8b4903:c1957, f63d6ef8-0266-4bf3-bcb1-484cdaae1fbb:c1959]
2019-07-09 20:06:39,864 INFO  client.GrpcClientProtocolClient (GrpcClientProtocolClient.java:onNext(255)) - client-FB00420D972B->0a7e6056-64a2-4302-b029-255d48a66d7f: receive RaftClientReply:client-FB00420D972B->0a7e6056-64a2-4302-b029-255d48a66d7f@group-1EE0336AADCF, cid=1396, SUCCESS, logIndex=1961, commits[0a7e6056-64a2-4302-b029-255d48a66d7f:c1961, 82c1508e-6289-48e2-a567-a0e29c8b4903:c1959, f63d6ef8-0266-4bf3-bcb1-484cdaae1fbb:c1959]
2019-07-09 20:06:39,866 INFO  client.GrpcClientProtocolClient (GrpcClientProtocolClient.java:onNext(255)) - client-FB00420D972B->0a7e6056-64a2-4302-b029-255d48a66d7f: receive RaftClientReply:client-FB00420D972B->0a7e6056-64a2-4302-b029-255d48a66d7f@group-1EE0336AADCF, cid=1397, SUCCESS, logIndex=0, commits[0a7e6056-64a2-4302-b029-255d48a66d7f:c1962, 82c1508e-6289-48e2-a567-a0e29c8b4903:c1961, f63d6ef8-0266-4bf3-bcb1-484cdaae1fbb:c1961]
2019-07-09 20:06:40,023 INFO  client.GrpcClientProtocolClient (GrpcClientProtocolClient.java:onNext(255)) - client-FB00420D972B->0a7e6056-64a2-4302-b029-255d48a66d7f: receive RaftClientReply:client-FB00420D972B->0a7e6056-64a2-4302-b029-255d48a66d7f@group-1EE0336AADCF, cid=1398, SUCCESS, logIndex=1964, commits[0a7e6056-64a2-4302-b029-255d48a66d7f:c1965, 82c1508e-6289-48e2-a567-a0e29c8b4903:c1963, f63d6ef8-0266-4bf3-bcb1-484cdaae1fbb:c1963]
2019-07-09 20:06:40,024 INFO  client.GrpcClientProtocolClient (GrpcClientProtocolClient.java:onNext(255)) - client-FB00420D972B->0a7e6056-64a2-4302-b029-255d48a66d7f: receive RaftClientReply:client-FB00420D972B->0a7e6056-64a2-4302-b029-255d48a66d7f@group-1EE0336AADCF, cid=1399, SUCCESS, logIndex=1965, commits[0a7e6056-64a2-4302-b029-255d48a66d7f:c1965, 82c1508e-6289-48e2-a567-a0e29c8b4903:c1963, f63d6ef8-0266-4bf3-bcb1-484cdaae1fbb:c1963]
2019-07-09 20:06:40,025 INFO  client.GrpcClientProtocolClient (GrpcClientProtocolClient.java:onNext(255)) - client-FB00420D972B->0a7e6056-64a2-4302-b029-255d48a66d7f: receive RaftClientReply:client-FB00420D972B->0a7e6056-64a2-4302-b029-255d48a66d7f@group-1EE0336AADCF, cid=1400, SUCCESS, logIndex=1966, commits[0a7e6056-64a2-4302-b029-255d48a66d7f:c1967, 82c1508e-6289-48e2-a567-a0e29c8b4903:c1963, f63d6ef8-0266-4bf3-bcb1-484cdaae1fbb:c1963]
2019-07-09 20:06:40,025 INFO  client.GrpcClientProtocolClient (GrpcClientProtocolClient.java:onNext(255)) - client-FB00420D972B->0a7e6056-64a2-4302-b029-255d48a66d7f: receive RaftClientReply:client-FB00420D972B->0a7e6056-64a2-4302-b029-255d48a66d7f@group-1EE0336AADCF, cid=1401, SUCCESS, logIndex=1967, commits[0a7e6056-64a2-4302-b029-255d48a66d7f:c1967, 82c1508e-6289-48e2-a567-a0e29c8b4903:c1964, f63d6ef8-0266-4bf3-bcb1-484cdaae1fbb:c1963]
2019-07-09 20:06:40,027 INFO  client.GrpcClientProtocolClient (GrpcClientProtocolClient.java:onNext(255)) - client-FB00420D972B->0a7e6056-64a2-4302-b029-255d48a66d7f: receive RaftClientReply:client-FB00420D972B->0a7e6056-64a2-4302-b029-255d48a66d7f@group-1EE0336AADCF, cid=1402, SUCCESS, logIndex=0, commits[0a7e6056-64a2-4302-b029-255d48a66d7f:c1970, 82c1508e-6289-48e2-a567-a0e29c8b4903:c1967, f63d6ef8-0266-4bf3-bcb1-484cdaae1fbb:c1965]
2019-07-09 20:06:40,050 INFO  client.GrpcClientProtocolClient (GrpcClientProtocolClient.java:onNext(255)) - client-FB00420D972B->0a7e6056-64a2-4302-b029-255d48a66d7f: receive RaftClientReply:client-FB00420D972B->0a7e6056-64a2-4302-b029-255d48a66d7f@group-1EE0336AADCF, cid=1403, SUCCESS, logIndex=1971, commits[0a7e6056-64a2-4302-b029-255d48a66d7f:c1972, 82c1508e-6289-48e2-a567-a0e29c8b4903:c1970, f63d6ef8-0266-4bf3-bcb1-484cdaae1fbb:c1970]
2019-07-09 20:06:40,051 INFO  client.GrpcClientProtocolClient (GrpcClientProtocolClient.java:onNext(255)) - client-FB00420D972B->0a7e6056-64a2-4302-b029-255d48a66d7f: receive RaftClientReply:client-FB00420D972B->0a7e6056-64a2-4302-b029-255d48a66d7f@group-1EE0336AADCF, cid=1404, SUCCESS, logIndex=1972, commits[0a7e6056-64a2-4302-b029-255d48a66d7f:c1972, 82c1508e-6289-48e2-a567-a0e29c8b4903:c1970, f63d6ef8-0266-4bf3-bcb1-484cdaae1fbb:c1970]
2019-07-09 20:06:40,082 INFO  client.GrpcClientProtocolClient (GrpcClientProtocolClient.java:onNext(255)) - client-FB00420D972B->0a7e6056-64a2-4302-b029-255d48a66d7f: receive RaftClientReply:client-FB00420D972B->0a7e6056-64a2-4302-b029-255d48a66d7f@group-1EE0336AADCF, cid=1405, SUCCESS, logIndex=1975, commits[0a7e6056-64a2-4302-b029-255d48a66d7f:c1975, 82c1508e-6289-48e2-a567-a0e29c8b4903:c1972, f63d6ef8-0266-4bf3-bcb1-484cdaae1fbb:c1972]
2019-07-09 20:06:40,082 INFO  client.GrpcClientProtocolClient (GrpcClientProtocolClient.java:onNext(255)) - client-FB00420D972B->0a7e6056-64a2-4302-b029-255d48a66d7f: receive RaftClientReply:client-FB00420D972B->0a7e6056-64a2-4302-b029-255d48a66d7f@group-1EE0336AADCF, cid=1406, SUCCESS, logIndex=1976, commits[0a7e6056-64a2-4302-b029-255d48a66d7f:c1976, 82c1508e-6289-48e2-a567-a0e29c8b4903:c1972, f63d6ef8-0266-4bf3-bcb1-484cdaae1fbb:c1972]
2019-07-09 20:06:40,095 INFO  client.GrpcClientProtocolClient (GrpcClientProtocolClient.java:onNext(255)) - client-FB00420D972B->0a7e6056-64a2-4302-b029-255d48a66d7f: receive RaftClientReply:client-FB00420D972B->0a7e6056-64a2-4302-b029-255d48a66d7f@group-1EE0336AADCF, cid=1407, SUCCESS, logIndex=0, commits[0a7e6056-64a2-4302-b029-255d48a66d7f:c1978, 82c1508e-6289-48e2-a567-a0e29c8b4903:c1976, f63d6ef8-0266-4bf3-bcb1-484cdaae1fbb:c1976]
2019-07-09 20:06:40,125 INFO  client.GrpcClientProtocolClient (GrpcClientProtocolClient.java:onNext(255)) - client-FB00420D972B->0a7e6056-64a2-4302-b029-255d48a66d7f: receive RaftClientReply:client-FB00420D972B->0a7e6056-64a2-4302-b029-255d48a66d7f@group-1EE0336AADCF, cid=1408, SUCCESS, logIndex=1979, commits[0a7e6056-64a2-4302-b029-255d48a66d7f:c1982, 82c1508e-6289-48e2-a567-a0e29c8b4903:c1978, f63d6ef8-0266-4bf3-bcb1-484cdaae1fbb:c1978]
2019-07-09 20:06:40,126 INFO  client.GrpcClientProtocolClient (GrpcClientProtocolClient.java:onNext(255)) - client-FB00420D972B->0a7e6056-64a2-4302-b029-255d48a66d7f: receive RaftClientReply:client-FB00420D972B->0a7e6056-64a2-4302-b029-255d48a66d7f@group-1EE0336AADCF, cid=1409, SUCCESS, logIndex=1980, commits[0a7e6056-64a2-4302-b029-255d48a66d7f:c1982, 82c1508e-6289-48e2-a567-a0e29c8b4903:c1978, f63d6ef8-0266-4bf3-bcb1-484cdaae1fbb:c1978]
2019-07-09 20:06:40,126 INFO  client.GrpcClientProtocolClient (GrpcClientProtocolClient.java:onNext(255)) - client-FB00420D972B->0a7e6056-64a2-4302-b029-255d48a66d7f: receive RaftClientReply:client-FB00420D972B->0a7e6056-64a2-4302-b029-255d48a66d7f@group-1EE0336AADCF, cid=1410, SUCCESS, logIndex=1981, commits[0a7e6056-64a2-4302-b029-255d48a66d7f:c1982, 82c1508e-6289-48e2-a567-a0e29c8b4903:c1978, f63d6ef8-0266-4bf3-bcb1-484cdaae1fbb:c1978]
2019-07-09 20:06:40,126 INFO  client.GrpcClientProtocolClient (GrpcClientProtocolClient.java:onNext(255)) - client-FB00420D972B->0a7e6056-64a2-4302-b029-255d48a66d7f: receive RaftClientReply:client-FB00420D972B->0a7e6056-64a2-4302-b029-255d48a66d7f@group-1EE0336AADCF, cid=1411, SUCCESS, logIndex=1982, commits[0a7e6056-64a2-4302-b029-255d48a66d7f:c1982, 82c1508e-6289-48e2-a567-a0e29c8b4903:c1978, f63d6ef8-0266-4bf3-bcb1-484cdaae1fbb:c1978]
2019-07-09 20:06:40,137 INFO  client.GrpcClientProtocolClient (GrpcClientProtocolClient.java:onNext(255)) - client-FB00420D972B->0a7e6056-64a2-4302-b029-255d48a66d7f: receive RaftClientReply:client-FB00420D972B->0a7e6056-64a2-4302-b029-255d48a66d7f@group-1EE0336AADCF, cid=1412, SUCCESS, logIndex=0, commits[0a7e6056-64a2-4302-b029-255d48a66d7f:c1983, 82c1508e-6289-48e2-a567-a0e29c8b4903:c1980, f63d6ef8-0266-4bf3-bcb1-484cdaae1fbb:c1980]
2019-07-09 20:06:40,159 INFO  client.GrpcClientProtocolClient (GrpcClientProtocolClient.java:onNext(255)) - client-FB00420D972B->0a7e6056-64a2-4302-b029-255d48a66d7f: receive RaftClientReply:client-FB00420D972B->0a7e6056-64a2-4302-b029-255d48a66d7f@group-1EE0336AADCF, cid=1413, SUCCESS, logIndex=1987, commits[0a7e6056-64a2-4302-b029-255d48a66d7f:c1988, 82c1508e-6289-48e2-a567-a0e29c8b4903:c1986, f63d6ef8-0266-4bf3-bcb1-484cdaae1fbb:c1986]
2019-07-09 20:06:40,159 INFO  client.GrpcClientProtocolClient (GrpcClientProtocolClient.java:onNext(255)) - client-FB00420D972B->0a7e6056-64a2-4302-b029-255d48a66d7f: receive RaftClientReply:client-FB00420D972B->0a7e6056-64a2-4302-b029-255d48a66d7f@group-1EE0336AADCF, cid=1414, SUCCESS, logIndex=1988, commits[0a7e6056-64a2-4302-b029-255d48a66d7f:c1988, 82c1508e-6289-48e2-a567-a0e29c8b4903:c1986, f63d6ef8-0266-4bf3-bcb1-484cdaae1fbb:c1986]
2019-07-09 20:06:40,184 INFO  client.GrpcClientProtocolClient (GrpcClientProtocolClient.java:onNext(255)) - client-FB00420D972B->0a7e6056-64a2-4302-b029-255d48a66d7f: receive RaftClientReply:client-FB00420D972B->0a7e6056-64a2-4302-b029-255d48a66d7f@group-1EE0336AADCF, cid=1415, SUCCESS, logIndex=1991, commits[0a7e6056-64a2-4302-b029-255d48a66d7f:c1992, 82c1508e-6289-48e2-a567-a0e29c8b4903:c1988, f63d6ef8-0266-4bf3-bcb1-484cdaae1fbb:c1988]
2019-07-09 20:06:40,184 INFO  client.GrpcClientProtocolClient (GrpcClientProtocolClient.java:onNext(255)) - client-FB00420D972B->0a7e6056-64a2-4302-b029-255d48a66d7f: receive RaftClientReply:client-FB00420D972B->0a7e6056-64a2-4302-b029-255d48a66d7f@group-1EE0336AADCF, cid=1416, SUCCESS, logIndex=1992, commits[0a7e6056-64a2-4302-b029-255d48a66d7f:c1992, 82c1508e-6289-48e2-a567-a0e29c8b4903:c1988, f63d6ef8-0266-4bf3-bcb1-484cdaae1fbb:c1988]
2019-07-09 20:06:40,186 INFO  client.GrpcClientProtocolClient (GrpcClientProtocolClient.java:onNext(255)) - client-FB00420D972B->0a7e6056-64a2-4302-b029-255d48a66d7f: receive RaftClientReply:client-FB00420D972B->0a7e6056-64a2-4302-b029-255d48a66d7f@group-1EE0336AADCF, cid=1417, SUCCESS, logIndex=0, commits[0a7e6056-64a2-4302-b029-255d48a66d7f:c1993, 82c1508e-6289-48e2-a567-a0e29c8b4903:c1992, f63d6ef8-0266-4bf3-bcb1-484cdaae1fbb:c1992]
2019-07-09 20:06:40,218 INFO  client.GrpcClientProtocolClient (GrpcClientProtocolClient.java:onNext(255)) - client-FB00420D972B->0a7e6056-64a2-4302-b029-255d48a66d7f: receive RaftClientReply:client-FB00420D972B->0a7e6056-64a2-4302-b029-255d48a66d7f@group-1EE0336AADCF, cid=1418, SUCCESS, logIndex=1995, commits[0a7e6056-64a2-4302-b029-255d48a66d7f:c1995, 82c1508e-6289-48e2-a567-a0e29c8b4903:c1994, f63d6ef8-0266-4bf3-bcb1-484cdaae1fbb:c1994]
2019-07-09 20:06:40,218 INFO  client.GrpcClientProtocolClient (GrpcClientProtocolClient.java:onNext(255)) - client-FB00420D972B->0a7e6056-64a2-4302-b029-255d48a66d7f: receive RaftClientReply:client-FB00420D972B->0a7e6056-64a2-4302-b029-255d48a66d7f@group-1EE0336AADCF, cid=1419, SUCCESS, logIndex=1996, commits[0a7e6056-64a2-4302-b029-255d48a66d7f:c1996, 82c1508e-6289-48e2-a567-a0e29c8b4903:c1994, f63d6ef8-0266-4bf3-bcb1-484cdaae1fbb:c1994]
2019-07-09 20:06:40,219 INFO  client.GrpcClientProtocolClient (GrpcClientProtocolClient.java:onNext(255)) - client-FB00420D972B->0a7e6056-64a2-4302-b029-255d48a66d7f: receive RaftClientReply:client-FB00420D972B->0a7e6056-64a2-4302-b029-255d48a66d7f@group-1EE0336AADCF, cid=1420, SUCCESS, logIndex=1997, commits[0a7e6056-64a2-4302-b029-255d48a66d7f:c1998, 82c1508e-6289-48e2-a567-a0e29c8b4903:c1994, f63d6ef8-0266-4bf3-bcb1-484cdaae1fbb:c1994]
2019-07-09 20:06:40,219 INFO  client.GrpcClientProtocolClient (GrpcClientProtocolClient.java:onNext(255)) - client-FB00420D972B->0a7e6056-64a2-4302-b029-255d48a66d7f: receive RaftClientReply:client-FB00420D972B->0a7e6056-64a2-4302-b029-255d48a66d7f@group-1EE0336AADCF, cid=1421, SUCCESS, logIndex=1998, commits[0a7e6056-64a2-4302-b029-255d48a66d7f:c1998, 82c1508e-6289-48e2-a567-a0e29c8b4903:c1994, f63d6ef8-0266-4bf3-bcb1-484cdaae1fbb:c1994]
2019-07-09 20:06:40,221 INFO  client.GrpcClientProtocolClient (GrpcClientProtocolClient.java:onNext(255)) - client-FB00420D972B->0a7e6056-64a2-4302-b029-255d48a66d7f: receive RaftClientReply:client-FB00420D972B->0a7e6056-64a2-4302-b029-255d48a66d7f@group-1EE0336AADCF, cid=1422, SUCCESS, logIndex=0, commits[0a7e6056-64a2-4302-b029-255d48a66d7f:c2000, 82c1508e-6289-48e2-a567-a0e29c8b4903:c1996, f63d6ef8-0266-4bf3-bcb1-484cdaae1fbb:c1996]
2019-07-09 20:06:40,244 INFO  client.GrpcClientProtocolClient (GrpcClientProtocolClient.java:onNext(255)) - client-FB00420D972B->0a7e6056-64a2-4302-b029-255d48a66d7f: receive RaftClientReply:client-FB00420D972B->0a7e6056-64a2-4302-b029-255d48a66d7f@group-1EE0336AADCF, cid=1423, SUCCESS, logIndex=2003, commits[0a7e6056-64a2-4302-b029-255d48a66d7f:c2004, 82c1508e-6289-48e2-a567-a0e29c8b4903:c2002, f63d6ef8-0266-4bf3-bcb1-484cdaae1fbb:c2002]
2019-07-09 20:06:40,244 INFO  client.GrpcClientProtocolClient (GrpcClientProtocolClient.java:onNext(255)) - client-FB00420D972B->0a7e6056-64a2-4302-b029-255d48a66d7f: receive RaftClientReply:client-FB00420D972B->0a7e6056-64a2-4302-b029-255d48a66d7f@group-1EE0336AADCF, cid=1424, SUCCESS, logIndex=2004, commits[0a7e6056-64a2-4302-b029-255d48a66d7f:c2004, 82c1508e-6289-48e2-a567-a0e29c8b4903:c2002, f63d6ef8-0266-4bf3-bcb1-484cdaae1fbb:c2002]
2019-07-09 20:06:40,264 INFO  client.GrpcClientProtocolClient (GrpcClientProtocolClient.java:onNext(255)) - client-FB00420D972B->0a7e6056-64a2-4302-b029-255d48a66d7f: receive RaftClientReply:client-FB00420D972B->0a7e6056-64a2-4302-b029-255d48a66d7f@group-1EE0336AADCF, cid=1425, SUCCESS, logIndex=2007, commits[0a7e6056-64a2-4302-b029-255d48a66d7f:c2008, 82c1508e-6289-48e2-a567-a0e29c8b4903:c2004, f63d6ef8-0266-4bf3-bcb1-484cdaae1fbb:c2004]
2019-07-09 20:06:40,265 INFO  client.GrpcClientProtocolClient (GrpcClientProtocolClient.java:onNext(255)) - client-FB00420D972B->0a7e6056-64a2-4302-b029-255d48a66d7f: receive RaftClientReply:client-FB00420D972B->0a7e6056-64a2-4302-b029-255d48a66d7f@group-1EE0336AADCF, cid=1426, SUCCESS, logIndex=2008, commits[0a7e6056-64a2-4302-b029-255d48a66d7f:c2008, 82c1508e-6289-48e2-a567-a0e29c8b4903:c2004, f63d6ef8-0266-4bf3-bcb1-484cdaae1fbb:c2004]
2019-07-09 20:06:40,286 INFO  client.GrpcClientProtocolClient (GrpcClientProtocolClient.java:onNext(255)) - client-FB00420D972B->0a7e6056-64a2-4302-b029-255d48a66d7f: receive RaftClientReply:client-FB00420D972B->0a7e6056-64a2-4302-b029-255d48a66d7f@group-1EE0336AADCF, cid=1427, SUCCESS, logIndex=0, commits[0a7e6056-64a2-4302-b029-255d48a66d7f:c2010, 82c1508e-6289-48e2-a567-a0e29c8b4903:c2008, f63d6ef8-0266-4bf3-bcb1-484cdaae1fbb:c2008]
2019-07-09 20:06:40,316 INFO  client.GrpcClientProtocolClient (GrpcClientProtocolClient.java:onNext(255)) - client-FB00420D972B->0a7e6056-64a2-4302-b029-255d48a66d7f: receive RaftClientReply:client-FB00420D972B->0a7e6056-64a2-4302-b029-255d48a66d7f@group-1EE0336AADCF, cid=1428, SUCCESS, logIndex=2011, commits[0a7e6056-64a2-4302-b029-255d48a66d7f:c2012, 82c1508e-6289-48e2-a567-a0e29c8b4903:c2010, f63d6ef8-0266-4bf3-bcb1-484cdaae1fbb:c2010]
2019-07-09 20:06:40,317 INFO  client.GrpcClientProtocolClient (GrpcClientProtocolClient.java:onNext(255)) - client-FB00420D972B->0a7e6056-64a2-4302-b029-255d48a66d7f: receive RaftClientReply:client-FB00420D972B->0a7e6056-64a2-4302-b029-255d48a66d7f@group-1EE0336AADCF, cid=1429, SUCCESS, logIndex=2012, commits[0a7e6056-64a2-4302-b029-255d48a66d7f:c2012, 82c1508e-6289-48e2-a567-a0e29c8b4903:c2010, f63d6ef8-0266-4bf3-bcb1-484cdaae1fbb:c2010]
2019-07-09 20:06:40,317 INFO  client.GrpcClientProtocolClient (GrpcClientProtocolClient.java:onNext(255)) - client-FB00420D972B->0a7e6056-64a2-4302-b029-255d48a66d7f: receive RaftClientReply:client-FB00420D972B->0a7e6056-64a2-4302-b029-255d48a66d7f@group-1EE0336AADCF, cid=1430, SUCCESS, logIndex=2013, commits[0a7e6056-64a2-4302-b029-255d48a66d7f:c2014, 82c1508e-6289-48e2-a567-a0e29c8b4903:c2010, f63d6ef8-0266-4bf3-bcb1-484cdaae1fbb:c2010]
2019-07-09 20:06:40,318 INFO  client.GrpcClientProtocolClient (GrpcClientProtocolClient.java:onNext(255)) - client-FB00420D972B->0a7e6056-64a2-4302-b029-255d48a66d7f: receive RaftClientReply:client-FB00420D972B->0a7e6056-64a2-4302-b029-255d48a66d7f@group-1EE0336AADCF, cid=1431, SUCCESS, logIndex=2014, commits[0a7e6056-64a2-4302-b029-255d48a66d7f:c2014, 82c1508e-6289-48e2-a567-a0e29c8b4903:c2010, f63d6ef8-0266-4bf3-bcb1-484cdaae1fbb:c2010]
2019-07-09 20:06:40,319 INFO  client.GrpcClientProtocolClient (GrpcClientProtocolClient.java:onNext(255)) - client-FB00420D972B->0a7e6056-64a2-4302-b029-255d48a66d7f: receive RaftClientReply:client-FB00420D972B->0a7e6056-64a2-4302-b029-255d48a66d7f@group-1EE0336AADCF, cid=1432, SUCCESS, logIndex=0, commits[0a7e6056-64a2-4302-b029-255d48a66d7f:c2018, 82c1508e-6289-48e2-a567-a0e29c8b4903:c2012, f63d6ef8-0266-4bf3-bcb1-484cdaae1fbb:c2014]
2019-07-09 20:06:40,340 INFO  client.GrpcClientProtocolClient (GrpcClientProtocolClient.java:onNext(255)) - client-FB00420D972B->0a7e6056-64a2-4302-b029-255d48a66d7f: receive RaftClientReply:client-FB00420D972B->0a7e6056-64a2-4302-b029-255d48a66d7f@group-1EE0336AADCF, cid=1433, SUCCESS, logIndex=2019, commits[0a7e6056-64a2-4302-b029-255d48a66d7f:c2020, 82c1508e-6289-48e2-a567-a0e29c8b4903:c2018, f63d6ef8-0266-4bf3-bcb1-484cdaae1fbb:c2018]
2019-07-09 20:06:40,340 INFO  client.GrpcClientProtocolClient (GrpcClientProtocolClient.java:onNext(255)) - client-FB00420D972B->0a7e6056-64a2-4302-b029-255d48a66d7f: receive RaftClientReply:client-FB00420D972B->0a7e6056-64a2-4302-b029-255d48a66d7f@group-1EE0336AADCF, cid=1434, SUCCESS, logIndex=2020, commits[0a7e6056-64a2-4302-b029-255d48a66d7f:c2020, 82c1508e-6289-48e2-a567-a0e29c8b4903:c2018, f63d6ef8-0266-4bf3-bcb1-484cdaae1fbb:c2018]
2019-07-09 20:06:40,367 INFO  client.GrpcClientProtocolClient (GrpcClientProtocolClient.java:onNext(255)) - client-FB00420D972B->0a7e6056-64a2-4302-b029-255d48a66d7f: receive RaftClientReply:client-FB00420D972B->0a7e6056-64a2-4302-b029-255d48a66d7f@group-1EE0336AADCF, cid=1435, SUCCESS, logIndex=2023, commits[0a7e6056-64a2-4302-b029-255d48a66d7f:c2024, 82c1508e-6289-48e2-a567-a0e29c8b4903:c2020, f63d6ef8-0266-4bf3-bcb1-484cdaae1fbb:c2020]
2019-07-09 20:06:40,368 INFO  client.GrpcClientProtocolClient (GrpcClientProtocolClient.java:onNext(255)) - client-FB00420D972B->0a7e6056-64a2-4302-b029-255d48a66d7f: receive RaftClientReply:client-FB00420D972B->0a7e6056-64a2-4302-b029-255d48a66d7f@group-1EE0336AADCF, cid=1436, SUCCESS, logIndex=2024, commits[0a7e6056-64a2-4302-b029-255d48a66d7f:c2024, 82c1508e-6289-48e2-a567-a0e29c8b4903:c2020, f63d6ef8-0266-4bf3-bcb1-484cdaae1fbb:c2020]
2019-07-09 20:06:40,379 INFO  client.GrpcClientProtocolClient (GrpcClientProtocolClient.java:onNext(255)) - client-FB00420D972B->0a7e6056-64a2-4302-b029-255d48a66d7f: receive RaftClientReply:client-FB00420D972B->0a7e6056-64a2-4302-b029-255d48a66d7f@group-1EE0336AADCF, cid=1437, SUCCESS, logIndex=0, commits[0a7e6056-64a2-4302-b029-255d48a66d7f:c2025, 82c1508e-6289-48e2-a567-a0e29c8b4903:c2024, f63d6ef8-0266-4bf3-bcb1-484cdaae1fbb:c2024]
2019-07-09 20:06:40,411 INFO  client.GrpcClientProtocolClient (GrpcClientProtocolClient.java:onNext(255)) - client-FB00420D972B->0a7e6056-64a2-4302-b029-255d48a66d7f: receive RaftClientReply:client-FB00420D972B->0a7e6056-64a2-4302-b029-255d48a66d7f@group-1EE0336AADCF, cid=1438, SUCCESS, logIndex=2027, commits[0a7e6056-64a2-4302-b029-255d48a66d7f:c2029, 82c1508e-6289-48e2-a567-a0e29c8b4903:c2026, f63d6ef8-0266-4bf3-bcb1-484cdaae1fbb:c2026]
2019-07-09 20:06:40,412 INFO  client.GrpcClientProtocolClient (GrpcClientProtocolClient.java:onNext(255)) - client-FB00420D972B->0a7e6056-64a2-4302-b029-255d48a66d7f: receive RaftClientReply:client-FB00420D972B->0a7e6056-64a2-4302-b029-255d48a66d7f@group-1EE0336AADCF, cid=1439, SUCCESS, logIndex=2028, commits[0a7e6056-64a2-4302-b029-255d48a66d7f:c2030, 82c1508e-6289-48e2-a567-a0e29c8b4903:c2026, f63d6ef8-0266-4bf3-bcb1-484cdaae1fbb:c2026]
2019-07-09 20:06:40,412 INFO  client.GrpcClientProtocolClient (GrpcClientProtocolClient.java:onNext(255)) - client-FB00420D972B->0a7e6056-64a2-4302-b029-255d48a66d7f: receive RaftClientReply:client-FB00420D972B->0a7e6056-64a2-4302-b029-255d48a66d7f@group-1EE0336AADCF, cid=1440, SUCCESS, logIndex=2029, commits[0a7e6056-64a2-4302-b029-255d48a66d7f:c2030, 82c1508e-6289-48e2-a567-a0e29c8b4903:c2026, f63d6ef8-0266-4bf3-bcb1-484cdaae1fbb:c2026]
2019-07-09 20:06:40,413 INFO  client.GrpcClientProtocolClient (GrpcClientProtocolClient.java:onNext(255)) - client-FB00420D972B->0a7e6056-64a2-4302-b029-255d48a66d7f: receive RaftClientReply:client-FB00420D972B->0a7e6056-64a2-4302-b029-255d48a66d7f@group-1EE0336AADCF, cid=1441, SUCCESS, logIndex=2030, commits[0a7e6056-64a2-4302-b029-255d48a66d7f:c2031, 82c1508e-6289-48e2-a567-a0e29c8b4903:c2026, f63d6ef8-0266-4bf3-bcb1-484cdaae1fbb:c2027]
2019-07-09 20:06:40,414 INFO  client.GrpcClientProtocolClient (GrpcClientProtocolClient.java:onNext(255)) - client-FB00420D972B->0a7e6056-64a2-4302-b029-255d48a66d7f: receive RaftClientReply:client-FB00420D972B->0a7e6056-64a2-4302-b029-255d48a66d7f@group-1EE0336AADCF, cid=1442, SUCCESS, logIndex=0, commits[0a7e6056-64a2-4302-b029-255d48a66d7f:c2034, 82c1508e-6289-48e2-a567-a0e29c8b4903:c2030, f63d6ef8-0266-4bf3-bcb1-484cdaae1fbb:c2030]
2019-07-09 20:06:40,435 INFO  client.GrpcClientProtocolClient (GrpcClientProtocolClient.java:onNext(255)) - client-FB00420D972B->0a7e6056-64a2-4302-b029-255d48a66d7f: receive RaftClientReply:client-FB00420D972B->0a7e6056-64a2-4302-b029-255d48a66d7f@group-1EE0336AADCF, cid=1443, SUCCESS, logIndex=2035, commits[0a7e6056-64a2-4302-b029-255d48a66d7f:c2036, 82c1508e-6289-48e2-a567-a0e29c8b4903:c2034, f63d6ef8-0266-4bf3-bcb1-484cdaae1fbb:c2034]
2019-07-09 20:06:40,435 INFO  client.GrpcClientProtocolClient (GrpcClientProtocolClient.java:onNext(255)) - client-FB00420D972B->0a7e6056-64a2-4302-b029-255d48a66d7f: receive RaftClientReply:client-FB00420D972B->0a7e6056-64a2-4302-b029-255d48a66d7f@group-1EE0336AADCF, cid=1444, SUCCESS, logIndex=2036, commits[0a7e6056-64a2-4302-b029-255d48a66d7f:c2036, 82c1508e-6289-48e2-a567-a0e29c8b4903:c2034, f63d6ef8-0266-4bf3-bcb1-484cdaae1fbb:c2034]
2019-07-09 20:06:40,459 INFO  client.GrpcClientProtocolClient (GrpcClientProtocolClient.java:onNext(255)) - client-FB00420D972B->0a7e6056-64a2-4302-b029-255d48a66d7f: receive RaftClientReply:client-FB00420D972B->0a7e6056-64a2-4302-b029-255d48a66d7f@group-1EE0336AADCF, cid=1445, SUCCESS, logIndex=2039, commits[0a7e6056-64a2-4302-b029-255d48a66d7f:c2039, 82c1508e-6289-48e2-a567-a0e29c8b4903:c2036, f63d6ef8-0266-4bf3-bcb1-484cdaae1fbb:c2036]
2019-07-09 20:06:40,460 INFO  client.GrpcClientProtocolClient (GrpcClientProtocolClient.java:onNext(255)) - client-FB00420D972B->0a7e6056-64a2-4302-b029-255d48a66d7f: receive RaftClientReply:client-FB00420D972B->0a7e6056-64a2-4302-b029-255d48a66d7f@group-1EE0336AADCF, cid=1446, SUCCESS, logIndex=2040, commits[0a7e6056-64a2-4302-b029-255d48a66d7f:c2040, 82c1508e-6289-48e2-a567-a0e29c8b4903:c2036, f63d6ef8-0266-4bf3-bcb1-484cdaae1fbb:c2036]
2019-07-09 20:06:40,462 INFO  client.GrpcClientProtocolClient (GrpcClientProtocolClient.java:onNext(255)) - client-FB00420D972B->0a7e6056-64a2-4302-b029-255d48a66d7f: receive RaftClientReply:client-FB00420D972B->0a7e6056-64a2-4302-b029-255d48a66d7f@group-1EE0336AADCF, cid=1447, SUCCESS, logIndex=0, commits[0a7e6056-64a2-4302-b029-255d48a66d7f:c2042, 82c1508e-6289-48e2-a567-a0e29c8b4903:c2040, f63d6ef8-0266-4bf3-bcb1-484cdaae1fbb:c2040]
2019-07-09 20:06:40,491 INFO  client.GrpcClientProtocolClient (GrpcClientProtocolClient.java:onNext(255)) - client-FB00420D972B->0a7e6056-64a2-4302-b029-255d48a66d7f: receive RaftClientReply:client-FB00420D972B->0a7e6056-64a2-4302-b029-255d48a66d7f@group-1EE0336AADCF, cid=1448, SUCCESS, logIndex=2043, commits[0a7e6056-64a2-4302-b029-255d48a66d7f:c2044, 82c1508e-6289-48e2-a567-a0e29c8b4903:c2042, f63d6ef8-0266-4bf3-bcb1-484cdaae1fbb:c2042]
2019-07-09 20:06:40,492 INFO  client.GrpcClientProtocolClient (GrpcClientProtocolClient.java:onNext(255)) - client-FB00420D972B->0a7e6056-64a2-4302-b029-255d48a66d7f: receive RaftClientReply:client-FB00420D972B->0a7e6056-64a2-4302-b029-255d48a66d7f@group-1EE0336AADCF, cid=1449, SUCCESS, logIndex=2044, commits[0a7e6056-64a2-4302-b029-255d48a66d7f:c2045, 82c1508e-6289-48e2-a567-a0e29c8b4903:c2042, f63d6ef8-0266-4bf3-bcb1-484cdaae1fbb:c2042]
2019-07-09 20:06:40,492 INFO  client.GrpcClientProtocolClient (GrpcClientProtocolClient.java:onNext(255)) - client-FB00420D972B->0a7e6056-64a2-4302-b029-255d48a66d7f: receive RaftClientReply:client-FB00420D972B->0a7e6056-64a2-4302-b029-255d48a66d7f@group-1EE0336AADCF, cid=1450, SUCCESS, logIndex=2045, commits[0a7e6056-64a2-4302-b029-255d48a66d7f:c2046, 82c1508e-6289-48e2-a567-a0e29c8b4903:c2042, f63d6ef8-0266-4bf3-bcb1-484cdaae1fbb:c2042]
2019-07-09 20:06:40,492 INFO  client.GrpcClientProtocolClient (GrpcClientProtocolClient.java:onNext(255)) - client-FB00420D972B->0a7e6056-64a2-4302-b029-255d48a66d7f: receive RaftClientReply:client-FB00420D972B->0a7e6056-64a2-4302-b029-255d48a66d7f@group-1EE0336AADCF, cid=1451, SUCCESS, logIndex=2046, commits[0a7e6056-64a2-4302-b029-255d48a66d7f:c2046, 82c1508e-6289-48e2-a567-a0e29c8b4903:c2042, f63d6ef8-0266-4bf3-bcb1-484cdaae1fbb:c2042]
2019-07-09 20:06:40,494 INFO  client.GrpcClientProtocolClient (GrpcClientProtocolClient.java:onNext(255)) - client-FB00420D972B->0a7e6056-64a2-4302-b029-255d48a66d7f: receive RaftClientReply:client-FB00420D972B->0a7e6056-64a2-4302-b029-255d48a66d7f@group-1EE0336AADCF, cid=1452, SUCCESS, logIndex=0, commits[0a7e6056-64a2-4302-b029-255d48a66d7f:c2050, 82c1508e-6289-48e2-a567-a0e29c8b4903:c2044, f63d6ef8-0266-4bf3-bcb1-484cdaae1fbb:c2046]
2019-07-09 20:06:40,527 INFO  client.GrpcClientProtocolClient (GrpcClientProtocolClient.java:onNext(255)) - client-FB00420D972B->0a7e6056-64a2-4302-b029-255d48a66d7f: receive RaftClientReply:client-FB00420D972B->0a7e6056-64a2-4302-b029-255d48a66d7f@group-1EE0336AADCF, cid=1453, SUCCESS, logIndex=2051, commits[0a7e6056-64a2-4302-b029-255d48a66d7f:c2052, 82c1508e-6289-48e2-a567-a0e29c8b4903:c2050, f63d6ef8-0266-4bf3-bcb1-484cdaae1fbb:c2050]
2019-07-09 20:06:40,527 INFO  client.GrpcClientProtocolClient (GrpcClientProtocolClient.java:onNext(255)) - client-FB00420D972B->0a7e6056-64a2-4302-b029-255d48a66d7f: receive RaftClientReply:client-FB00420D972B->0a7e6056-64a2-4302-b029-255d48a66d7f@group-1EE0336AADCF, cid=1454, SUCCESS, logIndex=2052, commits[0a7e6056-64a2-4302-b029-255d48a66d7f:c2052, 82c1508e-6289-48e2-a567-a0e29c8b4903:c2050, f63d6ef8-0266-4bf3-bcb1-484cdaae1fbb:c2050]
2019-07-09 20:06:40,556 INFO  client.GrpcClientProtocolClient (GrpcClientProtocolClient.java:onNext(255)) - client-FB00420D972B->0a7e6056-64a2-4302-b029-255d48a66d7f: receive RaftClientReply:client-FB00420D972B->0a7e6056-64a2-4302-b029-255d48a66d7f@group-1EE0336AADCF, cid=1455, SUCCESS, logIndex=2055, commits[0a7e6056-64a2-4302-b029-255d48a66d7f:c2056, 82c1508e-6289-48e2-a567-a0e29c8b4903:c2052, f63d6ef8-0266-4bf3-bcb1-484cdaae1fbb:c2052]
2019-07-09 20:06:40,556 INFO  client.GrpcClientProtocolClient (GrpcClientProtocolClient.java:onNext(255)) - client-FB00420D972B->0a7e6056-64a2-4302-b029-255d48a66d7f: receive RaftClientReply:client-FB00420D972B->0a7e6056-64a2-4302-b029-255d48a66d7f@group-1EE0336AADCF, cid=1456, SUCCESS, logIndex=2056, commits[0a7e6056-64a2-4302-b029-255d48a66d7f:c2056, 82c1508e-6289-48e2-a567-a0e29c8b4903:c2052, f63d6ef8-0266-4bf3-bcb1-484cdaae1fbb:c2052]
2019-07-09 20:06:40,570 INFO  client.GrpcClientProtocolClient (GrpcClientProtocolClient.java:onNext(255)) - client-FB00420D972B->0a7e6056-64a2-4302-b029-255d48a66d7f: receive RaftClientReply:client-FB00420D972B->0a7e6056-64a2-4302-b029-255d48a66d7f@group-1EE0336AADCF, cid=1457, SUCCESS, logIndex=0, commits[0a7e6056-64a2-4302-b029-255d48a66d7f:c2058, 82c1508e-6289-48e2-a567-a0e29c8b4903:c2056, f63d6ef8-0266-4bf3-bcb1-484cdaae1fbb:c2056]
2019-07-09 20:06:40,609 INFO  client.GrpcClientProtocolClient (GrpcClientProtocolClient.java:onNext(255)) - client-FB00420D972B->0a7e6056-64a2-4302-b029-255d48a66d7f: receive RaftClientReply:client-FB00420D972B->0a7e6056-64a2-4302-b029-255d48a66d7f@group-1EE0336AADCF, cid=1458, SUCCESS, logIndex=2059, commits[0a7e6056-64a2-4302-b029-255d48a66d7f:c2062, 82c1508e-6289-48e2-a567-a0e29c8b4903:c2058, f63d6ef8-0266-4bf3-bcb1-484cdaae1fbb:c2058]
2019-07-09 20:06:40,610 INFO  client.GrpcClientProtocolClient (GrpcClientProtocolClient.java:onNext(255)) - client-FB00420D972B->0a7e6056-64a2-4302-b029-255d48a66d7f: receive RaftClientReply:client-FB00420D972B->0a7e6056-64a2-4302-b029-255d48a66d7f@group-1EE0336AADCF, cid=1459, SUCCESS, logIndex=2060, commits[0a7e6056-64a2-4302-b029-255d48a66d7f:c2062, 82c1508e-6289-48e2-a567-a0e29c8b4903:c2058, f63d6ef8-0266-4bf3-bcb1-484cdaae1fbb:c2058]
2019-07-09 20:06:40,610 INFO  client.GrpcClientProtocolClient (GrpcClientProtocolClient.java:onNext(255)) - client-FB00420D972B->0a7e6056-64a2-4302-b029-255d48a66d7f: receive RaftClientReply:client-FB00420D972B->0a7e6056-64a2-4302-b029-255d48a66d7f@group-1EE0336AADCF, cid=1460, SUCCESS, logIndex=2061, commits[0a7e6056-64a2-4302-b029-255d48a66d7f:c2062, 82c1508e-6289-48e2-a567-a0e29c8b4903:c2058, f63d6ef8-0266-4bf3-bcb1-484cdaae1fbb:c2058]
2019-07-09 20:06:40,610 INFO  client.GrpcClientProtocolClient (GrpcClientProtocolClient.java:onNext(255)) - client-FB00420D972B->0a7e6056-64a2-4302-b029-255d48a66d7f: receive RaftClientReply:client-FB00420D972B->0a7e6056-64a2-4302-b029-255d48a66d7f@group-1EE0336AADCF, cid=1461, SUCCESS, logIndex=2062, commits[0a7e6056-64a2-4302-b029-255d48a66d7f:c2062, 82c1508e-6289-48e2-a567-a0e29c8b4903:c2058, f63d6ef8-0266-4bf3-bcb1-484cdaae1fbb:c2058]
2019-07-09 20:06:40,621 INFO  client.GrpcClientProtocolClient (GrpcClientProtocolClient.java:onNext(255)) - client-FB00420D972B->0a7e6056-64a2-4302-b029-255d48a66d7f: receive RaftClientReply:client-FB00420D972B->0a7e6056-64a2-4302-b029-255d48a66d7f@group-1EE0336AADCF, cid=1462, SUCCESS, logIndex=0, commits[0a7e6056-64a2-4302-b029-255d48a66d7f:c2063, 82c1508e-6289-48e2-a567-a0e29c8b4903:c2060, f63d6ef8-0266-4bf3-bcb1-484cdaae1fbb:c2060]
2019-07-09 20:06:40,641 INFO  client.GrpcClientProtocolClient (GrpcClientProtocolClient.java:onNext(255)) - client-FB00420D972B->0a7e6056-64a2-4302-b029-255d48a66d7f: receive RaftClientReply:client-FB00420D972B->0a7e6056-64a2-4302-b029-255d48a66d7f@group-1EE0336AADCF, cid=1463, SUCCESS, logIndex=2067, commits[0a7e6056-64a2-4302-b029-255d48a66d7f:c2068, 82c1508e-6289-48e2-a567-a0e29c8b4903:c2066, f63d6ef8-0266-4bf3-bcb1-484cdaae1fbb:c2066]
2019-07-09 20:06:40,641 INFO  client.GrpcClientProtocolClient (GrpcClientProtocolClient.java:onNext(255)) - client-FB00420D972B->0a7e6056-64a2-4302-b029-255d48a66d7f: receive RaftClientReply:client-FB00420D972B->0a7e6056-64a2-4302-b029-255d48a66d7f@group-1EE0336AADCF, cid=1464, SUCCESS, logIndex=2068, commits[0a7e6056-64a2-4302-b029-255d48a66d7f:c2068, 82c1508e-6289-48e2-a567-a0e29c8b4903:c2066, f63d6ef8-0266-4bf3-bcb1-484cdaae1fbb:c2066]
2019-07-09 20:06:40,654 INFO  client.GrpcClientProtocolClient (GrpcClientProtocolClient.java:onNext(255)) - client-FB00420D972B->0a7e6056-64a2-4302-b029-255d48a66d7f: receive RaftClientReply:client-FB00420D972B->0a7e6056-64a2-4302-b029-255d48a66d7f@group-1EE0336AADCF, cid=1465, SUCCESS, logIndex=2070, commits[0a7e6056-64a2-4302-b029-255d48a66d7f:c2071, 82c1508e-6289-48e2-a567-a0e29c8b4903:c2068, f63d6ef8-0266-4bf3-bcb1-484cdaae1fbb:c2068]
2019-07-09 20:06:40,654 INFO  client.GrpcClientProtocolClient (GrpcClientProtocolClient.java:onNext(255)) - client-FB00420D972B->0a7e6056-64a2-4302-b029-255d48a66d7f: receive RaftClientReply:client-FB00420D972B->0a7e6056-64a2-4302-b029-255d48a66d7f@group-1EE0336AADCF, cid=1466, SUCCESS, logIndex=2071, commits[0a7e6056-64a2-4302-b029-255d48a66d7f:c2071, 82c1508e-6289-48e2-a567-a0e29c8b4903:c2068, f63d6ef8-0266-4bf3-bcb1-484cdaae1fbb:c2068]
2019-07-09 20:06:40,666 INFO  client.GrpcClientProtocolClient (GrpcClientProtocolClient.java:onNext(255)) - client-FB00420D972B->0a7e6056-64a2-4302-b029-255d48a66d7f: receive RaftClientReply:client-FB00420D972B->0a7e6056-64a2-4302-b029-255d48a66d7f@group-1EE0336AADCF, cid=1467, SUCCESS, logIndex=0, commits[0a7e6056-64a2-4302-b029-255d48a66d7f:c2072, 82c1508e-6289-48e2-a567-a0e29c8b4903:c2071, f63d6ef8-0266-4bf3-bcb1-484cdaae1fbb:c2071]
2019-07-09 20:06:40,790 INFO  client.GrpcClientProtocolClient (GrpcClientProtocolClient.java:onNext(255)) - client-FB00420D972B->0a7e6056-64a2-4302-b029-255d48a66d7f: receive RaftClientReply:client-FB00420D972B->0a7e6056-64a2-4302-b029-255d48a66d7f@group-1EE0336AADCF, cid=1468, SUCCESS, logIndex=2074, commits[0a7e6056-64a2-4302-b029-255d48a66d7f:c2077, 82c1508e-6289-48e2-a567-a0e29c8b4903:c2073, f63d6ef8-0266-4bf3-bcb1-484cdaae1fbb:c2073]
2019-07-09 20:06:40,791 INFO  client.GrpcClientProtocolClient (GrpcClientProtocolClient.java:onNext(255)) - client-FB00420D972B->0a7e6056-64a2-4302-b029-255d48a66d7f: receive RaftClientReply:client-FB00420D972B->0a7e6056-64a2-4302-b029-255d48a66d7f@group-1EE0336AADCF, cid=1469, SUCCESS, logIndex=2075, commits[0a7e6056-64a2-4302-b029-255d48a66d7f:c2077, 82c1508e-6289-48e2-a567-a0e29c8b4903:c2073, f63d6ef8-0266-4bf3-bcb1-484cdaae1fbb:c2073]
2019-07-09 20:06:40,792 INFO  client.GrpcClientProtocolClient (GrpcClientProtocolClient.java:onNext(255)) - client-FB00420D972B->0a7e6056-64a2-4302-b029-255d48a66d7f: receive RaftClientReply:client-FB00420D972B->0a7e6056-64a2-4302-b029-255d48a66d7f@group-1EE0336AADCF, cid=1470, SUCCESS, logIndex=2076, commits[0a7e6056-64a2-4302-b029-255d48a66d7f:c2077, 82c1508e-6289-48e2-a567-a0e29c8b4903:c2073, f63d6ef8-0266-4bf3-bcb1-484cdaae1fbb:c2073]
2019-07-09 20:06:40,792 INFO  client.GrpcClientProtocolClient (GrpcClientProtocolClient.java:onNext(255)) - client-FB00420D972B->0a7e6056-64a2-4302-b029-255d48a66d7f: receive RaftClientReply:client-FB00420D972B->0a7e6056-64a2-4302-b029-255d48a66d7f@group-1EE0336AADCF, cid=1471, SUCCESS, logIndex=2077, commits[0a7e6056-64a2-4302-b029-255d48a66d7f:c2077, 82c1508e-6289-48e2-a567-a0e29c8b4903:c2073, f63d6ef8-0266-4bf3-bcb1-484cdaae1fbb:c2073]
2019-07-09 20:06:40,802 INFO  client.GrpcClientProtocolClient (GrpcClientProtocolClient.java:onNext(255)) - client-FB00420D972B->0a7e6056-64a2-4302-b029-255d48a66d7f: receive RaftClientReply:client-FB00420D972B->0a7e6056-64a2-4302-b029-255d48a66d7f@group-1EE0336AADCF, cid=1472, SUCCESS, logIndex=0, commits[0a7e6056-64a2-4302-b029-255d48a66d7f:c2078, 82c1508e-6289-48e2-a567-a0e29c8b4903:c2075, f63d6ef8-0266-4bf3-bcb1-484cdaae1fbb:c2075]
 0.00% |█                                                                                                    |  0/1 Time: 0:00:122019-07-09 20:06:40,824 INFO  client.GrpcClientProtocolClient (GrpcClientProtocolClient.java:onNext(255)) - client-FB00420D972B->0a7e6056-64a2-4302-b029-255d48a66d7f: receive RaftClientReply:client-FB00420D972B->0a7e6056-64a2-4302-b029-255d48a66d7f@group-1EE0336AADCF, cid=1473, SUCCESS, logIndex=2082, commits[0a7e6056-64a2-4302-b029-255d48a66d7f:c2083, 82c1508e-6289-48e2-a567-a0e29c8b4903:c2081, f63d6ef8-0266-4bf3-bcb1-484cdaae1fbb:c2081]
2019-07-09 20:06:40,824 INFO  client.GrpcClientProtocolClient (GrpcClientProtocolClient.java:onNext(255)) - client-FB00420D972B->0a7e6056-64a2-4302-b029-255d48a66d7f: receive RaftClientReply:client-FB00420D972B->0a7e6056-64a2-4302-b029-255d48a66d7f@group-1EE0336AADCF, cid=1474, SUCCESS, logIndex=2083, commits[0a7e6056-64a2-4302-b029-255d48a66d7f:c2083, 82c1508e-6289-48e2-a567-a0e29c8b4903:c2081, f63d6ef8-0266-4bf3-bcb1-484cdaae1fbb:c2081]
2019-07-09 20:06:40,837 INFO  client.GrpcClientProtocolClient (GrpcClientProtocolClient.java:onNext(255)) - client-FB00420D972B->0a7e6056-64a2-4302-b029-255d48a66d7f: receive RaftClientReply:client-FB00420D972B->0a7e6056-64a2-4302-b029-255d48a66d7f@group-1EE0336AADCF, cid=1475, SUCCESS, logIndex=2086, commits[0a7e6056-64a2-4302-b029-255d48a66d7f:c2087, 82c1508e-6289-48e2-a567-a0e29c8b4903:c2083, f63d6ef8-0266-4bf3-bcb1-484cdaae1fbb:c2083]
2019-07-09 20:06:40,837 INFO  client.GrpcClientProtocolClient (GrpcClientProtocolClient.java:onNext(255)) - client-FB00420D972B->0a7e6056-64a2-4302-b029-255d48a66d7f: receive RaftClientReply:client-FB00420D972B->0a7e6056-64a2-4302-b029-255d48a66d7f@group-1EE0336AADCF, cid=1476, SUCCESS, logIndex=2087, commits[0a7e6056-64a2-4302-b029-255d48a66d7f:c2087, 82c1508e-6289-48e2-a567-a0e29c8b4903:c2083, f63d6ef8-0266-4bf3-bcb1-484cdaae1fbb:c2083]
2019-07-09 20:06:40,850 INFO  client.GrpcClientProtocolClient (GrpcClientProtocolClient.java:onNext(255)) - client-FB00420D972B->0a7e6056-64a2-4302-b029-255d48a66d7f: receive RaftClientReply:client-FB00420D972B->0a7e6056-64a2-4302-b029-255d48a66d7f@group-1EE0336AADCF, cid=1477, SUCCESS, logIndex=0, commits[0a7e6056-64a2-4302-b029-255d48a66d7f:c2089, 82c1508e-6289-48e2-a567-a0e29c8b4903:c2087, f63d6ef8-0266-4bf3-bcb1-484cdaae1fbb:c2087]
2019-07-09 20:06:40,871 INFO  client.GrpcClientProtocolClient (GrpcClientProtocolClient.java:onNext(255)) - client-FB00420D972B->0a7e6056-64a2-4302-b029-255d48a66d7f: receive RaftClientReply:client-FB00420D972B->0a7e6056-64a2-4302-b029-255d48a66d7f@group-1EE0336AADCF, cid=1478, SUCCESS, logIndex=2090, commits[0a7e6056-64a2-4302-b029-255d48a66d7f:c2092, 82c1508e-6289-48e2-a567-a0e29c8b4903:c2089, f63d6ef8-0266-4bf3-bcb1-484cdaae1fbb:c2089]
2019-07-09 20:06:40,871 INFO  client.GrpcClientProtocolClient (GrpcClientProtocolClient.java:onNext(255)) - client-FB00420D972B->0a7e6056-64a2-4302-b029-255d48a66d7f: receive RaftClientReply:client-FB00420D972B->0a7e6056-64a2-4302-b029-255d48a66d7f@group-1EE0336AADCF, cid=1479, SUCCESS, logIndex=2091, commits[0a7e6056-64a2-4302-b029-255d48a66d7f:c2093, 82c1508e-6289-48e2-a567-a0e29c8b4903:c2089, f63d6ef8-0266-4bf3-bcb1-484cdaae1fbb:c2089]
2019-07-09 20:06:40,871 INFO  client.GrpcClientProtocolClient (GrpcClientProtocolClient.java:onNext(255)) - client-FB00420D972B->0a7e6056-64a2-4302-b029-255d48a66d7f: receive RaftClientReply:client-FB00420D972B->0a7e6056-64a2-4302-b029-255d48a66d7f@group-1EE0336AADCF, cid=1480, SUCCESS, logIndex=2092, commits[0a7e6056-64a2-4302-b029-255d48a66d7f:c2093, 82c1508e-6289-48e2-a567-a0e29c8b4903:c2089, f63d6ef8-0266-4bf3-bcb1-484cdaae1fbb:c2089]
2019-07-09 20:06:40,872 INFO  client.GrpcClientProtocolClient (GrpcClientProtocolClient.java:onNext(255)) - client-FB00420D972B->0a7e6056-64a2-4302-b029-255d48a66d7f: receive RaftClientReply:client-FB00420D972B->0a7e6056-64a2-4302-b029-255d48a66d7f@group-1EE0336AADCF, cid=1481, SUCCESS, logIndex=2093, commits[0a7e6056-64a2-4302-b029-255d48a66d7f:c2094, 82c1508e-6289-48e2-a567-a0e29c8b4903:c2090, f63d6ef8-0266-4bf3-bcb1-484cdaae1fbb:c2089]
2019-07-09 20:06:40,873 INFO  client.GrpcClientProtocolClient (GrpcClientProtocolClient.java:onNext(255)) - client-FB00420D972B->0a7e6056-64a2-4302-b029-255d48a66d7f: receive RaftClientReply:client-FB00420D972B->0a7e6056-64a2-4302-b029-255d48a66d7f@group-1EE0336AADCF, cid=1482, SUCCESS, logIndex=0, commits[0a7e6056-64a2-4302-b029-255d48a66d7f:c2095, 82c1508e-6289-48e2-a567-a0e29c8b4903:c2092, f63d6ef8-0266-4bf3-bcb1-484cdaae1fbb:c2092]
2019-07-09 20:06:40,893 INFO  client.GrpcClientProtocolClient (GrpcClientProtocolClient.java:onNext(255)) - client-FB00420D972B->0a7e6056-64a2-4302-b029-255d48a66d7f: receive RaftClientReply:client-FB00420D972B->0a7e6056-64a2-4302-b029-255d48a66d7f@group-1EE0336AADCF, cid=1483, SUCCESS, logIndex=2098, commits[0a7e6056-64a2-4302-b029-255d48a66d7f:c2099, 82c1508e-6289-48e2-a567-a0e29c8b4903:c2097, f63d6ef8-0266-4bf3-bcb1-484cdaae1fbb:c2097]
2019-07-09 20:06:40,893 INFO  client.GrpcClientProtocolClient (GrpcClientProtocolClient.java:onNext(255)) - client-FB00420D972B->0a7e6056-64a2-4302-b029-255d48a66d7f: receive RaftClientReply:client-FB00420D972B->0a7e6056-64a2-4302-b029-255d48a66d7f@group-1EE0336AADCF, cid=1484, SUCCESS, logIndex=2099, commits[0a7e6056-64a2-4302-b029-255d48a66d7f:c2099, 82c1508e-6289-48e2-a567-a0e29c8b4903:c2097, f63d6ef8-0266-4bf3-bcb1-484cdaae1fbb:c2097]
2019-07-09 20:06:40,906 INFO  client.GrpcClientProtocolClient (GrpcClientProtocolClient.java:onNext(255)) - client-FB00420D972B->0a7e6056-64a2-4302-b029-255d48a66d7f: receive RaftClientReply:client-FB00420D972B->0a7e6056-64a2-4302-b029-255d48a66d7f@group-1EE0336AADCF, cid=1485, SUCCESS, logIndex=2102, commits[0a7e6056-64a2-4302-b029-255d48a66d7f:c2103, 82c1508e-6289-48e2-a567-a0e29c8b4903:c2099, f63d6ef8-0266-4bf3-bcb1-484cdaae1fbb:c2099]
2019-07-09 20:06:40,906 INFO  client.GrpcClientProtocolClient (GrpcClientProtocolClient.java:onNext(255)) - client-FB00420D972B->0a7e6056-64a2-4302-b029-255d48a66d7f: receive RaftClientReply:client-FB00420D972B->0a7e6056-64a2-4302-b029-255d48a66d7f@group-1EE0336AADCF, cid=1486, SUCCESS, logIndex=2103, commits[0a7e6056-64a2-4302-b029-255d48a66d7f:c2103, 82c1508e-6289-48e2-a567-a0e29c8b4903:c2099, f63d6ef8-0266-4bf3-bcb1-484cdaae1fbb:c2099]
2019-07-09 20:06:40,917 INFO  client.GrpcClientProtocolClient (GrpcClientProtocolClient.java:onNext(255)) - client-FB00420D972B->0a7e6056-64a2-4302-b029-255d48a66d7f: receive RaftClientReply:client-FB00420D972B->0a7e6056-64a2-4302-b029-255d48a66d7f@group-1EE0336AADCF, cid=1487, SUCCESS, logIndex=0, commits[0a7e6056-64a2-4302-b029-255d48a66d7f:c2104, 82c1508e-6289-48e2-a567-a0e29c8b4903:c2103, f63d6ef8-0266-4bf3-bcb1-484cdaae1fbb:c2103]
2019-07-09 20:06:40,944 INFO  client.GrpcClientProtocolClient (GrpcClientProtocolClient.java:onNext(255)) - client-FB00420D972B->0a7e6056-64a2-4302-b029-255d48a66d7f: receive RaftClientReply:client-FB00420D972B->0a7e6056-64a2-4302-b029-255d48a66d7f@group-1EE0336AADCF, cid=1488, SUCCESS, logIndex=2106, commits[0a7e6056-64a2-4302-b029-255d48a66d7f:c2108, 82c1508e-6289-48e2-a567-a0e29c8b4903:c2105, f63d6ef8-0266-4bf3-bcb1-484cdaae1fbb:c2105]
2019-07-09 20:06:40,945 INFO  client.GrpcClientProtocolClient (GrpcClientProtocolClient.java:onNext(255)) - client-FB00420D972B->0a7e6056-64a2-4302-b029-255d48a66d7f: receive RaftClientReply:client-FB00420D972B->0a7e6056-64a2-4302-b029-255d48a66d7f@group-1EE0336AADCF, cid=1489, SUCCESS, logIndex=2107, commits[0a7e6056-64a2-4302-b029-255d48a66d7f:c2109, 82c1508e-6289-48e2-a567-a0e29c8b4903:c2105, f63d6ef8-0266-4bf3-bcb1-484cdaae1fbb:c2105]
2019-07-09 20:06:40,945 INFO  client.GrpcClientProtocolClient (GrpcClientProtocolClient.java:onNext(255)) - client-FB00420D972B->0a7e6056-64a2-4302-b029-255d48a66d7f: receive RaftClientReply:client-FB00420D972B->0a7e6056-64a2-4302-b029-255d48a66d7f@group-1EE0336AADCF, cid=1490, SUCCESS, logIndex=2108, commits[0a7e6056-64a2-4302-b029-255d48a66d7f:c2109, 82c1508e-6289-48e2-a567-a0e29c8b4903:c2105, f63d6ef8-0266-4bf3-bcb1-484cdaae1fbb:c2105]
2019-07-09 20:06:40,945 INFO  client.GrpcClientProtocolClient (GrpcClientProtocolClient.java:onNext(255)) - client-FB00420D972B->0a7e6056-64a2-4302-b029-255d48a66d7f: receive RaftClientReply:client-FB00420D972B->0a7e6056-64a2-4302-b029-255d48a66d7f@group-1EE0336AADCF, cid=1491, SUCCESS, logIndex=2109, commits[0a7e6056-64a2-4302-b029-255d48a66d7f:c2109, 82c1508e-6289-48e2-a567-a0e29c8b4903:c2105, f63d6ef8-0266-4bf3-bcb1-484cdaae1fbb:c2105]
2019-07-09 20:06:40,956 INFO  client.GrpcClientProtocolClient (GrpcClientProtocolClient.java:onNext(255)) - client-FB00420D972B->0a7e6056-64a2-4302-b029-255d48a66d7f: receive RaftClientReply:client-FB00420D972B->0a7e6056-64a2-4302-b029-255d48a66d7f@group-1EE0336AADCF, cid=1492, SUCCESS, logIndex=0, commits[0a7e6056-64a2-4302-b029-255d48a66d7f:c2110, 82c1508e-6289-48e2-a567-a0e29c8b4903:c2107, f63d6ef8-0266-4bf3-bcb1-484cdaae1fbb:c2107]
2019-07-09 20:06:40,973 INFO  client.GrpcClientProtocolClient (GrpcClientProtocolClient.java:onNext(255)) - client-FB00420D972B->0a7e6056-64a2-4302-b029-255d48a66d7f: receive RaftClientReply:client-FB00420D972B->0a7e6056-64a2-4302-b029-255d48a66d7f@group-1EE0336AADCF, cid=1493, SUCCESS, logIndex=2114, commits[0a7e6056-64a2-4302-b029-255d48a66d7f:c2115, 82c1508e-6289-48e2-a567-a0e29c8b4903:c2113, f63d6ef8-0266-4bf3-bcb1-484cdaae1fbb:c2113]
2019-07-09 20:06:40,974 INFO  client.GrpcClientProtocolClient (GrpcClientProtocolClient.java:onNext(255)) - client-FB00420D972B->0a7e6056-64a2-4302-b029-255d48a66d7f: receive RaftClientReply:client-FB00420D972B->0a7e6056-64a2-4302-b029-255d48a66d7f@group-1EE0336AADCF, cid=1494, SUCCESS, logIndex=2115, commits[0a7e6056-64a2-4302-b029-255d48a66d7f:c2115, 82c1508e-6289-48e2-a567-a0e29c8b4903:c2113, f63d6ef8-0266-4bf3-bcb1-484cdaae1fbb:c2113]
2019-07-09 20:06:40,985 INFO  client.GrpcClientProtocolClient (GrpcClientProtocolClient.java:onNext(255)) - client-FB00420D972B->0a7e6056-64a2-4302-b029-255d48a66d7f: receive RaftClientReply:client-FB00420D972B->0a7e6056-64a2-4302-b029-255d48a66d7f@group-1EE0336AADCF, cid=1495, SUCCESS, logIndex=2118, commits[0a7e6056-64a2-4302-b029-255d48a66d7f:c2119, 82c1508e-6289-48e2-a567-a0e29c8b4903:c2115, f63d6ef8-0266-4bf3-bcb1-484cdaae1fbb:c2115]
2019-07-09 20:06:40,986 INFO  client.GrpcClientProtocolClient (GrpcClientProtocolClient.java:onNext(255)) - client-FB00420D972B->0a7e6056-64a2-4302-b029-255d48a66d7f: receive RaftClientReply:client-FB00420D972B->0a7e6056-64a2-4302-b029-255d48a66d7f@group-1EE0336AADCF, cid=1496, SUCCESS, logIndex=2119, commits[0a7e6056-64a2-4302-b029-255d48a66d7f:c2119, 82c1508e-6289-48e2-a567-a0e29c8b4903:c2115, f63d6ef8-0266-4bf3-bcb1-484cdaae1fbb:c2115]
2019-07-09 20:06:40,988 INFO  client.GrpcClientProtocolClient (GrpcClientProtocolClient.java:onNext(255)) - client-FB00420D972B->0a7e6056-64a2-4302-b029-255d48a66d7f: receive RaftClientReply:client-FB00420D972B->0a7e6056-64a2-4302-b029-255d48a66d7f@group-1EE0336AADCF, cid=1497, SUCCESS, logIndex=0, commits[0a7e6056-64a2-4302-b029-255d48a66d7f:c2120, 82c1508e-6289-48e2-a567-a0e29c8b4903:c2119, f63d6ef8-0266-4bf3-bcb1-484cdaae1fbb:c2119]
2019-07-09 20:06:41,023 INFO  client.GrpcClientProtocolClient (GrpcClientProtocolClient.java:onNext(255)) - client-FB00420D972B->0a7e6056-64a2-4302-b029-255d48a66d7f: receive RaftClientReply:client-FB00420D972B->0a7e6056-64a2-4302-b029-255d48a66d7f@group-1EE0336AADCF, cid=1498, SUCCESS, logIndex=2122, commits[0a7e6056-64a2-4302-b029-255d48a66d7f:c2123, 82c1508e-6289-48e2-a567-a0e29c8b4903:c2121, f63d6ef8-0266-4bf3-bcb1-484cdaae1fbb:c2121]
2019-07-09 20:06:41,024 INFO  client.GrpcClientProtocolClient (GrpcClientProtocolClient.java:onNext(255)) - client-FB00420D972B->0a7e6056-64a2-4302-b029-255d48a66d7f: receive RaftClientReply:client-FB00420D972B->0a7e6056-64a2-4302-b029-255d48a66d7f@group-1EE0336AADCF, cid=1499, SUCCESS, logIndex=2123, commits[0a7e6056-64a2-4302-b029-255d48a66d7f:c2124, 82c1508e-6289-48e2-a567-a0e29c8b4903:c2121, f63d6ef8-0266-4bf3-bcb1-484cdaae1fbb:c2121]
2019-07-09 20:06:41,024 INFO  client.GrpcClientProtocolClient (GrpcClientProtocolClient.java:onNext(255)) - client-FB00420D972B->0a7e6056-64a2-4302-b029-255d48a66d7f: receive RaftClientReply:client-FB00420D972B->0a7e6056-64a2-4302-b029-255d48a66d7f@group-1EE0336AADCF, cid=1500, SUCCESS, logIndex=2124, commits[0a7e6056-64a2-4302-b029-255d48a66d7f:c2125, 82c1508e-6289-48e2-a567-a0e29c8b4903:c2121, f63d6ef8-0266-4bf3-bcb1-484cdaae1fbb:c2121]
2019-07-09 20:06:41,024 INFO  client.GrpcClientProtocolClient (GrpcClientProtocolClient.java:onNext(255)) - client-FB00420D972B->0a7e6056-64a2-4302-b029-255d48a66d7f: receive RaftClientReply:client-FB00420D972B->0a7e6056-64a2-4302-b029-255d48a66d7f@group-1EE0336AADCF, cid=1501, SUCCESS, logIndex=2125, commits[0a7e6056-64a2-4302-b029-255d48a66d7f:c2125, 82c1508e-6289-48e2-a567-a0e29c8b4903:c2121, f63d6ef8-0266-4bf3-bcb1-484cdaae1fbb:c2121]
2019-07-09 20:06:41,025 INFO  client.GrpcClientProtocolClient (GrpcClientProtocolClient.java:onNext(255)) - client-FB00420D972B->0a7e6056-64a2-4302-b029-255d48a66d7f: receive RaftClientReply:client-FB00420D972B->0a7e6056-64a2-4302-b029-255d48a66d7f@group-1EE0336AADCF, cid=1502, SUCCESS, logIndex=0, commits[0a7e6056-64a2-4302-b029-255d48a66d7f:c2129, 82c1508e-6289-48e2-a567-a0e29c8b4903:c2124, f63d6ef8-0266-4bf3-bcb1-484cdaae1fbb:c2125]
2019-07-09 20:06:41,041 INFO  client.GrpcClientProtocolClient (GrpcClientProtocolClient.java:onNext(255)) - client-FB00420D972B->0a7e6056-64a2-4302-b029-255d48a66d7f: receive RaftClientReply:client-FB00420D972B->0a7e6056-64a2-4302-b029-255d48a66d7f@group-1EE0336AADCF, cid=1503, SUCCESS, logIndex=2130, commits[0a7e6056-64a2-4302-b029-255d48a66d7f:c2131, 82c1508e-6289-48e2-a567-a0e29c8b4903:c2129, f63d6ef8-0266-4bf3-bcb1-484cdaae1fbb:c2129]
2019-07-09 20:06:41,041 INFO  client.GrpcClientProtocolClient (GrpcClientProtocolClient.java:onNext(255)) - client-FB00420D972B->0a7e6056-64a2-4302-b029-255d48a66d7f: receive RaftClientReply:client-FB00420D972B->0a7e6056-64a2-4302-b029-255d48a66d7f@group-1EE0336AADCF, cid=1504, SUCCESS, logIndex=2131, commits[0a7e6056-64a2-4302-b029-255d48a66d7f:c2131, 82c1508e-6289-48e2-a567-a0e29c8b4903:c2129, f63d6ef8-0266-4bf3-bcb1-484cdaae1fbb:c2129]
2019-07-09 20:06:41,054 INFO  client.GrpcClientProtocolClient (GrpcClientProtocolClient.java:onNext(255)) - client-FB00420D972B->0a7e6056-64a2-4302-b029-255d48a66d7f: receive RaftClientReply:client-FB00420D972B->0a7e6056-64a2-4302-b029-255d48a66d7f@group-1EE0336AADCF, cid=1505, SUCCESS, logIndex=2134, commits[0a7e6056-64a2-4302-b029-255d48a66d7f:c2135, 82c1508e-6289-48e2-a567-a0e29c8b4903:c2131, f63d6ef8-0266-4bf3-bcb1-484cdaae1fbb:c2131]
2019-07-09 20:06:41,055 INFO  client.GrpcClientProtocolClient (GrpcClientProtocolClient.java:onNext(255)) - client-FB00420D972B->0a7e6056-64a2-4302-b029-255d48a66d7f: receive RaftClientReply:client-FB00420D972B->0a7e6056-64a2-4302-b029-255d48a66d7f@group-1EE0336AADCF, cid=1506, SUCCESS, logIndex=2135, commits[0a7e6056-64a2-4302-b029-255d48a66d7f:c2135, 82c1508e-6289-48e2-a567-a0e29c8b4903:c2131, f63d6ef8-0266-4bf3-bcb1-484cdaae1fbb:c2131]
2019-07-09 20:06:41,067 INFO  client.GrpcClientProtocolClient (GrpcClientProtocolClient.java:onNext(255)) - client-FB00420D972B->0a7e6056-64a2-4302-b029-255d48a66d7f: receive RaftClientReply:client-FB00420D972B->0a7e6056-64a2-4302-b029-255d48a66d7f@group-1EE0336AADCF, cid=1507, SUCCESS, logIndex=0, commits[0a7e6056-64a2-4302-b029-255d48a66d7f:c2137, 82c1508e-6289-48e2-a567-a0e29c8b4903:c2135, f63d6ef8-0266-4bf3-bcb1-484cdaae1fbb:c2135]
2019-07-09 20:06:41,097 INFO  client.GrpcClientProtocolClient (GrpcClientProtocolClient.java:onNext(255)) - client-FB00420D972B->0a7e6056-64a2-4302-b029-255d48a66d7f: receive RaftClientReply:client-FB00420D972B->0a7e6056-64a2-4302-b029-255d48a66d7f@group-1EE0336AADCF, cid=1508, SUCCESS, logIndex=2138, commits[0a7e6056-64a2-4302-b029-255d48a66d7f:c2139, 82c1508e-6289-48e2-a567-a0e29c8b4903:c2137, f63d6ef8-0266-4bf3-bcb1-484cdaae1fbb:c2137]
2019-07-09 20:06:41,097 INFO  client.GrpcClientProtocolClient (GrpcClientProtocolClient.java:onNext(255)) - client-FB00420D972B->0a7e6056-64a2-4302-b029-255d48a66d7f: receive RaftClientReply:client-FB00420D972B->0a7e6056-64a2-4302-b029-255d48a66d7f@group-1EE0336AADCF, cid=1509, SUCCESS, logIndex=2139, commits[0a7e6056-64a2-4302-b029-255d48a66d7f:c2139, 82c1508e-6289-48e2-a567-a0e29c8b4903:c2137, f63d6ef8-0266-4bf3-bcb1-484cdaae1fbb:c2137]
2019-07-09 20:06:41,098 INFO  client.GrpcClientProtocolClient (GrpcClientProtocolClient.java:onNext(255)) - client-FB00420D972B->0a7e6056-64a2-4302-b029-255d48a66d7f: receive RaftClientReply:client-FB00420D972B->0a7e6056-64a2-4302-b029-255d48a66d7f@group-1EE0336AADCF, cid=1510, SUCCESS, logIndex=2140, commits[0a7e6056-64a2-4302-b029-255d48a66d7f:c2141, 82c1508e-6289-48e2-a567-a0e29c8b4903:c2137, f63d6ef8-0266-4bf3-bcb1-484cdaae1fbb:c2137]
2019-07-09 20:06:41,099 INFO  client.GrpcClientProtocolClient (GrpcClientProtocolClient.java:onNext(255)) - client-FB00420D972B->0a7e6056-64a2-4302-b029-255d48a66d7f: receive RaftClientReply:client-FB00420D972B->0a7e6056-64a2-4302-b029-255d48a66d7f@group-1EE0336AADCF, cid=1511, SUCCESS, logIndex=2141, commits[0a7e6056-64a2-4302-b029-255d48a66d7f:c2141, 82c1508e-6289-48e2-a567-a0e29c8b4903:c2137, f63d6ef8-0266-4bf3-bcb1-484cdaae1fbb:c2137]
2019-07-09 20:06:41,100 INFO  client.GrpcClientProtocolClient (GrpcClientProtocolClient.java:onNext(255)) - client-FB00420D972B->0a7e6056-64a2-4302-b029-255d48a66d7f: receive RaftClientReply:client-FB00420D972B->0a7e6056-64a2-4302-b029-255d48a66d7f@group-1EE0336AADCF, cid=1512, SUCCESS, logIndex=0, commits[0a7e6056-64a2-4302-b029-255d48a66d7f:c2143, 82c1508e-6289-48e2-a567-a0e29c8b4903:c2139, f63d6ef8-0266-4bf3-bcb1-484cdaae1fbb:c2139]
2019-07-09 20:06:41,119 INFO  client.GrpcClientProtocolClient (GrpcClientProtocolClient.java:onNext(255)) - client-FB00420D972B->0a7e6056-64a2-4302-b029-255d48a66d7f: receive RaftClientReply:client-FB00420D972B->0a7e6056-64a2-4302-b029-255d48a66d7f@group-1EE0336AADCF, cid=1513, SUCCESS, logIndex=2146, commits[0a7e6056-64a2-4302-b029-255d48a66d7f:c2147, 82c1508e-6289-48e2-a567-a0e29c8b4903:c2145, f63d6ef8-0266-4bf3-bcb1-484cdaae1fbb:c2145]
2019-07-09 20:06:41,119 INFO  client.GrpcClientProtocolClient (GrpcClientProtocolClient.java:onNext(255)) - client-FB00420D972B->0a7e6056-64a2-4302-b029-255d48a66d7f: receive RaftClientReply:client-FB00420D972B->0a7e6056-64a2-4302-b029-255d48a66d7f@group-1EE0336AADCF, cid=1514, SUCCESS, logIndex=2147, commits[0a7e6056-64a2-4302-b029-255d48a66d7f:c2147, 82c1508e-6289-48e2-a567-a0e29c8b4903:c2145, f63d6ef8-0266-4bf3-bcb1-484cdaae1fbb:c2145]
2019-07-09 20:06:41,132 INFO  client.GrpcClientProtocolClient (GrpcClientProtocolClient.java:onNext(255)) - client-FB00420D972B->0a7e6056-64a2-4302-b029-255d48a66d7f: receive RaftClientReply:client-FB00420D972B->0a7e6056-64a2-4302-b029-255d48a66d7f@group-1EE0336AADCF, cid=1515, SUCCESS, logIndex=2150, commits[0a7e6056-64a2-4302-b029-255d48a66d7f:c2151, 82c1508e-6289-48e2-a567-a0e29c8b4903:c2147, f63d6ef8-0266-4bf3-bcb1-484cdaae1fbb:c2147]
2019-07-09 20:06:41,133 INFO  client.GrpcClientProtocolClient (GrpcClientProtocolClient.java:onNext(255)) - client-FB00420D972B->0a7e6056-64a2-4302-b029-255d48a66d7f: receive RaftClientReply:client-FB00420D972B->0a7e6056-64a2-4302-b029-255d48a66d7f@group-1EE0336AADCF, cid=1516, SUCCESS, logIndex=2151, commits[0a7e6056-64a2-4302-b029-255d48a66d7f:c2151, 82c1508e-6289-48e2-a567-a0e29c8b4903:c2147, f63d6ef8-0266-4bf3-bcb1-484cdaae1fbb:c2147]
2019-07-09 20:06:41,145 INFO  client.GrpcClientProtocolClient (GrpcClientProtocolClient.java:onNext(255)) - client-FB00420D972B->0a7e6056-64a2-4302-b029-255d48a66d7f: receive RaftClientReply:client-FB00420D972B->0a7e6056-64a2-4302-b029-255d48a66d7f@group-1EE0336AADCF, cid=1517, SUCCESS, logIndex=0, commits[0a7e6056-64a2-4302-b029-255d48a66d7f:c2153, 82c1508e-6289-48e2-a567-a0e29c8b4903:c2151, f63d6ef8-0266-4bf3-bcb1-484cdaae1fbb:c2151]
2019-07-09 20:06:41,173 INFO  client.GrpcClientProtocolClient (GrpcClientProtocolClient.java:onNext(255)) - client-FB00420D972B->0a7e6056-64a2-4302-b029-255d48a66d7f: receive RaftClientReply:client-FB00420D972B->0a7e6056-64a2-4302-b029-255d48a66d7f@group-1EE0336AADCF, cid=1518, SUCCESS, logIndex=2154, commits[0a7e6056-64a2-4302-b029-255d48a66d7f:c2155, 82c1508e-6289-48e2-a567-a0e29c8b4903:c2153, f63d6ef8-0266-4bf3-bcb1-484cdaae1fbb:c2153]
2019-07-09 20:06:41,174 INFO  client.GrpcClientProtocolClient (GrpcClientProtocolClient.java:onNext(255)) - client-FB00420D972B->0a7e6056-64a2-4302-b029-255d48a66d7f: receive RaftClientReply:client-FB00420D972B->0a7e6056-64a2-4302-b029-255d48a66d7f@group-1EE0336AADCF, cid=1519, SUCCESS, logIndex=2155, commits[0a7e6056-64a2-4302-b029-255d48a66d7f:c2155, 82c1508e-6289-48e2-a567-a0e29c8b4903:c2153, f63d6ef8-0266-4bf3-bcb1-484cdaae1fbb:c2153]
2019-07-09 20:06:41,174 INFO  client.GrpcClientProtocolClient (GrpcClientProtocolClient.java:onNext(255)) - client-FB00420D972B->0a7e6056-64a2-4302-b029-255d48a66d7f: receive RaftClientReply:client-FB00420D972B->0a7e6056-64a2-4302-b029-255d48a66d7f@group-1EE0336AADCF, cid=1520, SUCCESS, logIndex=2156, commits[0a7e6056-64a2-4302-b029-255d48a66d7f:c2156, 82c1508e-6289-48e2-a567-a0e29c8b4903:c2153, f63d6ef8-0266-4bf3-bcb1-484cdaae1fbb:c2153]
2019-07-09 20:06:41,174 INFO  client.GrpcClientProtocolClient (GrpcClientProtocolClient.java:onNext(255)) - client-FB00420D972B->0a7e6056-64a2-4302-b029-255d48a66d7f: receive RaftClientReply:client-FB00420D972B->0a7e6056-64a2-4302-b029-255d48a66d7f@group-1EE0336AADCF, cid=1521, SUCCESS, logIndex=2157, commits[0a7e6056-64a2-4302-b029-255d48a66d7f:c2157, 82c1508e-6289-48e2-a567-a0e29c8b4903:c2153, f63d6ef8-0266-4bf3-bcb1-484cdaae1fbb:c2153]
2019-07-09 20:06:41,176 INFO  client.GrpcClientProtocolClient (GrpcClientProtocolClient.java:onNext(255)) - client-FB00420D972B->0a7e6056-64a2-4302-b029-255d48a66d7f: receive RaftClientReply:client-FB00420D972B->0a7e6056-64a2-4302-b029-255d48a66d7f@group-1EE0336AADCF, cid=1522, SUCCESS, logIndex=0, commits[0a7e6056-64a2-4302-b029-255d48a66d7f:c2159, 82c1508e-6289-48e2-a567-a0e29c8b4903:c2155, f63d6ef8-0266-4bf3-bcb1-484cdaae1fbb:c2155]
2019-07-09 20:06:41,195 INFO  client.GrpcClientProtocolClient (GrpcClientProtocolClient.java:onNext(255)) - client-FB00420D972B->0a7e6056-64a2-4302-b029-255d48a66d7f: receive RaftClientReply:client-FB00420D972B->0a7e6056-64a2-4302-b029-255d48a66d7f@group-1EE0336AADCF, cid=1523, SUCCESS, logIndex=2162, commits[0a7e6056-64a2-4302-b029-255d48a66d7f:c2163, 82c1508e-6289-48e2-a567-a0e29c8b4903:c2161, f63d6ef8-0266-4bf3-bcb1-484cdaae1fbb:c2161]
2019-07-09 20:06:41,195 INFO  client.GrpcClientProtocolClient (GrpcClientProtocolClient.java:onNext(255)) - client-FB00420D972B->0a7e6056-64a2-4302-b029-255d48a66d7f: receive RaftClientReply:client-FB00420D972B->0a7e6056-64a2-4302-b029-255d48a66d7f@group-1EE0336AADCF, cid=1524, SUCCESS, logIndex=2163, commits[0a7e6056-64a2-4302-b029-255d48a66d7f:c2163, 82c1508e-6289-48e2-a567-a0e29c8b4903:c2161, f63d6ef8-0266-4bf3-bcb1-484cdaae1fbb:c2161]
2019-07-09 20:06:41,208 INFO  client.GrpcClientProtocolClient (GrpcClientProtocolClient.java:onNext(255)) - client-FB00420D972B->0a7e6056-64a2-4302-b029-255d48a66d7f: receive RaftClientReply:client-FB00420D972B->0a7e6056-64a2-4302-b029-255d48a66d7f@group-1EE0336AADCF, cid=1525, SUCCESS, logIndex=2166, commits[0a7e6056-64a2-4302-b029-255d48a66d7f:c2167, 82c1508e-6289-48e2-a567-a0e29c8b4903:c2163, f63d6ef8-0266-4bf3-bcb1-484cdaae1fbb:c2163]
2019-07-09 20:06:41,208 INFO  client.GrpcClientProtocolClient (GrpcClientProtocolClient.java:onNext(255)) - client-FB00420D972B->0a7e6056-64a2-4302-b029-255d48a66d7f: receive RaftClientReply:client-FB00420D972B->0a7e6056-64a2-4302-b029-255d48a66d7f@group-1EE0336AADCF, cid=1526, SUCCESS, logIndex=2167, commits[0a7e6056-64a2-4302-b029-255d48a66d7f:c2167, 82c1508e-6289-48e2-a567-a0e29c8b4903:c2163, f63d6ef8-0266-4bf3-bcb1-484cdaae1fbb:c2163]
2019-07-09 20:06:41,221 INFO  client.GrpcClientProtocolClient (GrpcClientProtocolClient.java:onNext(255)) - client-FB00420D972B->0a7e6056-64a2-4302-b029-255d48a66d7f: receive RaftClientReply:client-FB00420D972B->0a7e6056-64a2-4302-b029-255d48a66d7f@group-1EE0336AADCF, cid=1527, SUCCESS, logIndex=0, commits[0a7e6056-64a2-4302-b029-255d48a66d7f:c2169, 82c1508e-6289-48e2-a567-a0e29c8b4903:c2167, f63d6ef8-0266-4bf3-bcb1-484cdaae1fbb:c2167]
2019-07-09 20:06:41,246 INFO  client.GrpcClientProtocolClient (GrpcClientProtocolClient.java:onNext(255)) - client-FB00420D972B->0a7e6056-64a2-4302-b029-255d48a66d7f: receive RaftClientReply:client-FB00420D972B->0a7e6056-64a2-4302-b029-255d48a66d7f@group-1EE0336AADCF, cid=1528, SUCCESS, logIndex=2170, commits[0a7e6056-64a2-4302-b029-255d48a66d7f:c2171, 82c1508e-6289-48e2-a567-a0e29c8b4903:c2169, f63d6ef8-0266-4bf3-bcb1-484cdaae1fbb:c2169]
2019-07-09 20:06:41,247 INFO  client.GrpcClientProtocolClient (GrpcClientProtocolClient.java:onNext(255)) - client-FB00420D972B->0a7e6056-64a2-4302-b029-255d48a66d7f: receive RaftClientReply:client-FB00420D972B->0a7e6056-64a2-4302-b029-255d48a66d7f@group-1EE0336AADCF, cid=1529, SUCCESS, logIndex=2171, commits[0a7e6056-64a2-4302-b029-255d48a66d7f:c2172, 82c1508e-6289-48e2-a567-a0e29c8b4903:c2169, f63d6ef8-0266-4bf3-bcb1-484cdaae1fbb:c2169]
2019-07-09 20:06:41,247 INFO  client.GrpcClientProtocolClient (GrpcClientProtocolClient.java:onNext(255)) - client-FB00420D972B->0a7e6056-64a2-4302-b029-255d48a66d7f: receive RaftClientReply:client-FB00420D972B->0a7e6056-64a2-4302-b029-255d48a66d7f@group-1EE0336AADCF, cid=1530, SUCCESS, logIndex=2172, commits[0a7e6056-64a2-4302-b029-255d48a66d7f:c2173, 82c1508e-6289-48e2-a567-a0e29c8b4903:c2169, f63d6ef8-0266-4bf3-bcb1-484cdaae1fbb:c2169]
2019-07-09 20:06:41,248 INFO  client.GrpcClientProtocolClient (GrpcClientProtocolClient.java:onNext(255)) - client-FB00420D972B->0a7e6056-64a2-4302-b029-255d48a66d7f: receive RaftClientReply:client-FB00420D972B->0a7e6056-64a2-4302-b029-255d48a66d7f@group-1EE0336AADCF, cid=1531, SUCCESS, logIndex=2173, commits[0a7e6056-64a2-4302-b029-255d48a66d7f:c2173, 82c1508e-6289-48e2-a567-a0e29c8b4903:c2169, f63d6ef8-0266-4bf3-bcb1-484cdaae1fbb:c2169]
2019-07-09 20:06:41,249 INFO  client.GrpcClientProtocolClient (GrpcClientProtocolClient.java:onNext(255)) - client-FB00420D972B->0a7e6056-64a2-4302-b029-255d48a66d7f: receive RaftClientReply:client-FB00420D972B->0a7e6056-64a2-4302-b029-255d48a66d7f@group-1EE0336AADCF, cid=1532, SUCCESS, logIndex=0, commits[0a7e6056-64a2-4302-b029-255d48a66d7f:c2175, 82c1508e-6289-48e2-a567-a0e29c8b4903:c2171, f63d6ef8-0266-4bf3-bcb1-484cdaae1fbb:c2171]
2019-07-09 20:06:41,366 INFO  client.GrpcClientProtocolClient (GrpcClientProtocolClient.java:onNext(255)) - client-FB00420D972B->0a7e6056-64a2-4302-b029-255d48a66d7f: receive RaftClientReply:client-FB00420D972B->0a7e6056-64a2-4302-b029-255d48a66d7f@group-1EE0336AADCF, cid=1533, SUCCESS, logIndex=2178, commits[0a7e6056-64a2-4302-b029-255d48a66d7f:c2179, 82c1508e-6289-48e2-a567-a0e29c8b4903:c2177, f63d6ef8-0266-4bf3-bcb1-484cdaae1fbb:c2177]
2019-07-09 20:06:41,366 INFO  client.GrpcClientProtocolClient (GrpcClientProtocolClient.java:onNext(255)) - client-FB00420D972B->0a7e6056-64a2-4302-b029-255d48a66d7f: receive RaftClientReply:client-FB00420D972B->0a7e6056-64a2-4302-b029-255d48a66d7f@group-1EE0336AADCF, cid=1534, SUCCESS, logIndex=2179, commits[0a7e6056-64a2-4302-b029-255d48a66d7f:c2179, 82c1508e-6289-48e2-a567-a0e29c8b4903:c2177, f63d6ef8-0266-4bf3-bcb1-484cdaae1fbb:c2177]
2019-07-09 20:06:41,391 INFO  client.GrpcClientProtocolClient (GrpcClientProtocolClient.java:onNext(255)) - client-FB00420D972B->0a7e6056-64a2-4302-b029-255d48a66d7f: receive RaftClientReply:client-FB00420D972B->0a7e6056-64a2-4302-b029-255d48a66d7f@group-1EE0336AADCF, cid=1535, SUCCESS, logIndex=2182, commits[0a7e6056-64a2-4302-b029-255d48a66d7f:c2183, 82c1508e-6289-48e2-a567-a0e29c8b4903:c2179, f63d6ef8-0266-4bf3-bcb1-484cdaae1fbb:c2179]
2019-07-09 20:06:41,392 INFO  client.GrpcClientProtocolClient (GrpcClientProtocolClient.java:onNext(255)) - client-FB00420D972B->0a7e6056-64a2-4302-b029-255d48a66d7f: receive RaftClientReply:client-FB00420D972B->0a7e6056-64a2-4302-b029-255d48a66d7f@group-1EE0336AADCF, cid=1536, SUCCESS, logIndex=2183, commits[0a7e6056-64a2-4302-b029-255d48a66d7f:c2183, 82c1508e-6289-48e2-a567-a0e29c8b4903:c2179, f63d6ef8-0266-4bf3-bcb1-484cdaae1fbb:c2179]
2019-07-09 20:06:41,404 INFO  client.GrpcClientProtocolClient (GrpcClientProtocolClient.java:onNext(255)) - client-FB00420D972B->0a7e6056-64a2-4302-b029-255d48a66d7f: receive RaftClientReply:client-FB00420D972B->0a7e6056-64a2-4302-b029-255d48a66d7f@group-1EE0336AADCF, cid=1537, SUCCESS, logIndex=0, commits[0a7e6056-64a2-4302-b029-255d48a66d7f:c2184, 82c1508e-6289-48e2-a567-a0e29c8b4903:c2183, f63d6ef8-0266-4bf3-bcb1-484cdaae1fbb:c2183]
2019-07-09 20:06:41,434 INFO  client.GrpcClientProtocolClient (GrpcClientProtocolClient.java:onNext(255)) - client-FB00420D972B->0a7e6056-64a2-4302-b029-255d48a66d7f: receive RaftClientReply:client-FB00420D972B->0a7e6056-64a2-4302-b029-255d48a66d7f@group-1EE0336AADCF, cid=1538, SUCCESS, logIndex=2186, commits[0a7e6056-64a2-4302-b029-255d48a66d7f:c2187, 82c1508e-6289-48e2-a567-a0e29c8b4903:c2185, f63d6ef8-0266-4bf3-bcb1-484cdaae1fbb:c2185]
2019-07-09 20:06:41,435 INFO  client.GrpcClientProtocolClient (GrpcClientProtocolClient.java:onNext(255)) - client-FB00420D972B->0a7e6056-64a2-4302-b029-255d48a66d7f: receive RaftClientReply:client-FB00420D972B->0a7e6056-64a2-4302-b029-255d48a66d7f@group-1EE0336AADCF, cid=1539, SUCCESS, logIndex=2187, commits[0a7e6056-64a2-4302-b029-255d48a66d7f:c2188, 82c1508e-6289-48e2-a567-a0e29c8b4903:c2185, f63d6ef8-0266-4bf3-bcb1-484cdaae1fbb:c2185]
2019-07-09 20:06:41,435 INFO  client.GrpcClientProtocolClient (GrpcClientProtocolClient.java:onNext(255)) - client-FB00420D972B->0a7e6056-64a2-4302-b029-255d48a66d7f: receive RaftClientReply:client-FB00420D972B->0a7e6056-64a2-4302-b029-255d48a66d7f@group-1EE0336AADCF, cid=1540, SUCCESS, logIndex=2188, commits[0a7e6056-64a2-4302-b029-255d48a66d7f:c2189, 82c1508e-6289-48e2-a567-a0e29c8b4903:c2185, f63d6ef8-0266-4bf3-bcb1-484cdaae1fbb:c2185]
2019-07-09 20:06:41,436 INFO  client.GrpcClientProtocolClient (GrpcClientProtocolClient.java:onNext(255)) - client-FB00420D972B->0a7e6056-64a2-4302-b029-255d48a66d7f: receive RaftClientReply:client-FB00420D972B->0a7e6056-64a2-4302-b029-255d48a66d7f@group-1EE0336AADCF, cid=1541, SUCCESS, logIndex=2189, commits[0a7e6056-64a2-4302-b029-255d48a66d7f:c2189, 82c1508e-6289-48e2-a567-a0e29c8b4903:c2185, f63d6ef8-0266-4bf3-bcb1-484cdaae1fbb:c2185]
2019-07-09 20:06:41,438 INFO  client.GrpcClientProtocolClient (GrpcClientProtocolClient.java:onNext(255)) - client-FB00420D972B->0a7e6056-64a2-4302-b029-255d48a66d7f: receive RaftClientReply:client-FB00420D972B->0a7e6056-64a2-4302-b029-255d48a66d7f@group-1EE0336AADCF, cid=1542, SUCCESS, logIndex=0, commits[0a7e6056-64a2-4302-b029-255d48a66d7f:c2192, 82c1508e-6289-48e2-a567-a0e29c8b4903:c2188, f63d6ef8-0266-4bf3-bcb1-484cdaae1fbb:c2188]
2019-07-09 20:06:41,459 INFO  client.GrpcClientProtocolClient (GrpcClientProtocolClient.java:onNext(255)) - client-FB00420D972B->0a7e6056-64a2-4302-b029-255d48a66d7f: receive RaftClientReply:client-FB00420D972B->0a7e6056-64a2-4302-b029-255d48a66d7f@group-1EE0336AADCF, cid=1543, SUCCESS, logIndex=2194, commits[0a7e6056-64a2-4302-b029-255d48a66d7f:c2195, 82c1508e-6289-48e2-a567-a0e29c8b4903:c2193, f63d6ef8-0266-4bf3-bcb1-484cdaae1fbb:c2193]
2019-07-09 20:06:41,459 INFO  client.GrpcClientProtocolClient (GrpcClientProtocolClient.java:onNext(255)) - client-FB00420D972B->0a7e6056-64a2-4302-b029-255d48a66d7f: receive RaftClientReply:client-FB00420D972B->0a7e6056-64a2-4302-b029-255d48a66d7f@group-1EE0336AADCF, cid=1544, SUCCESS, logIndex=2195, commits[0a7e6056-64a2-4302-b029-255d48a66d7f:c2195, 82c1508e-6289-48e2-a567-a0e29c8b4903:c2193, f63d6ef8-0266-4bf3-bcb1-484cdaae1fbb:c2193]
2019-07-09 20:06:41,472 INFO  client.GrpcClientProtocolClient (GrpcClientProtocolClient.java:onNext(255)) - client-FB00420D972B->0a7e6056-64a2-4302-b029-255d48a66d7f: receive RaftClientReply:client-FB00420D972B->0a7e6056-64a2-4302-b029-255d48a66d7f@group-1EE0336AADCF, cid=1545, SUCCESS, logIndex=2198, commits[0a7e6056-64a2-4302-b029-255d48a66d7f:c2199, 82c1508e-6289-48e2-a567-a0e29c8b4903:c2195, f63d6ef8-0266-4bf3-bcb1-484cdaae1fbb:c2195]
2019-07-09 20:06:41,473 INFO  client.GrpcClientProtocolClient (GrpcClientProtocolClient.java:onNext(255)) - client-FB00420D972B->0a7e6056-64a2-4302-b029-255d48a66d7f: receive RaftClientReply:client-FB00420D972B->0a7e6056-64a2-4302-b029-255d48a66d7f@group-1EE0336AADCF, cid=1546, SUCCESS, logIndex=2199, commits[0a7e6056-64a2-4302-b029-255d48a66d7f:c2199, 82c1508e-6289-48e2-a567-a0e29c8b4903:c2195, f63d6ef8-0266-4bf3-bcb1-484cdaae1fbb:c2195]
2019-07-09 20:06:41,474 INFO  client.GrpcClientProtocolClient (GrpcClientProtocolClient.java:onNext(255)) - client-FB00420D972B->0a7e6056-64a2-4302-b029-255d48a66d7f: receive RaftClientReply:client-FB00420D972B->0a7e6056-64a2-4302-b029-255d48a66d7f@group-1EE0336AADCF, cid=1547, SUCCESS, logIndex=0, commits[0a7e6056-64a2-4302-b029-255d48a66d7f:c2201, 82c1508e-6289-48e2-a567-a0e29c8b4903:c2199, f63d6ef8-0266-4bf3-bcb1-484cdaae1fbb:c2199]
2019-07-09 20:06:41,501 INFO  client.GrpcClientProtocolClient (GrpcClientProtocolClient.java:onNext(255)) - client-FB00420D972B->0a7e6056-64a2-4302-b029-255d48a66d7f: receive RaftClientReply:client-FB00420D972B->0a7e6056-64a2-4302-b029-255d48a66d7f@group-1EE0336AADCF, cid=1548, SUCCESS, logIndex=2202, commits[0a7e6056-64a2-4302-b029-255d48a66d7f:c2203, 82c1508e-6289-48e2-a567-a0e29c8b4903:c2201, f63d6ef8-0266-4bf3-bcb1-484cdaae1fbb:c2201]
2019-07-09 20:06:41,502 INFO  client.GrpcClientProtocolClient (GrpcClientProtocolClient.java:onNext(255)) - client-FB00420D972B->0a7e6056-64a2-4302-b029-255d48a66d7f: receive RaftClientReply:client-FB00420D972B->0a7e6056-64a2-4302-b029-255d48a66d7f@group-1EE0336AADCF, cid=1549, SUCCESS, logIndex=2203, commits[0a7e6056-64a2-4302-b029-255d48a66d7f:c2204, 82c1508e-6289-48e2-a567-a0e29c8b4903:c2201, f63d6ef8-0266-4bf3-bcb1-484cdaae1fbb:c2201]
2019-07-09 20:06:41,503 INFO  client.GrpcClientProtocolClient (GrpcClientProtocolClient.java:onNext(255)) - client-FB00420D972B->0a7e6056-64a2-4302-b029-255d48a66d7f: receive RaftClientReply:client-FB00420D972B->0a7e6056-64a2-4302-b029-255d48a66d7f@group-1EE0336AADCF, cid=1550, SUCCESS, logIndex=2204, commits[0a7e6056-64a2-4302-b029-255d48a66d7f:c2205, 82c1508e-6289-48e2-a567-a0e29c8b4903:c2201, f63d6ef8-0266-4bf3-bcb1-484cdaae1fbb:c2201]
2019-07-09 20:06:41,503 INFO  client.GrpcClientProtocolClient (GrpcClientProtocolClient.java:onNext(255)) - client-FB00420D972B->0a7e6056-64a2-4302-b029-255d48a66d7f: receive RaftClientReply:client-FB00420D972B->0a7e6056-64a2-4302-b029-255d48a66d7f@group-1EE0336AADCF, cid=1551, SUCCESS, logIndex=2205, commits[0a7e6056-64a2-4302-b029-255d48a66d7f:c2207, 82c1508e-6289-48e2-a567-a0e29c8b4903:c2201, f63d6ef8-0266-4bf3-bcb1-484cdaae1fbb:c2203]
2019-07-09 20:06:41,504 INFO  client.GrpcClientProtocolClient (GrpcClientProtocolClient.java:onNext(255)) - client-FB00420D972B->0a7e6056-64a2-4302-b029-255d48a66d7f: receive RaftClientReply:client-FB00420D972B->0a7e6056-64a2-4302-b029-255d48a66d7f@group-1EE0336AADCF, cid=1552, SUCCESS, logIndex=0, commits[0a7e6056-64a2-4302-b029-255d48a66d7f:c2208, 82c1508e-6289-48e2-a567-a0e29c8b4903:c2203, f63d6ef8-0266-4bf3-bcb1-484cdaae1fbb:c2204]
2019-07-09 20:06:41,524 INFO  client.GrpcClientProtocolClient (GrpcClientProtocolClient.java:onNext(255)) - client-FB00420D972B->0a7e6056-64a2-4302-b029-255d48a66d7f: receive RaftClientReply:client-FB00420D972B->0a7e6056-64a2-4302-b029-255d48a66d7f@group-1EE0336AADCF, cid=1553, SUCCESS, logIndex=2210, commits[0a7e6056-64a2-4302-b029-255d48a66d7f:c2211, 82c1508e-6289-48e2-a567-a0e29c8b4903:c2209, f63d6ef8-0266-4bf3-bcb1-484cdaae1fbb:c2209]
2019-07-09 20:06:41,525 INFO  client.GrpcClientProtocolClient (GrpcClientProtocolClient.java:onNext(255)) - client-FB00420D972B->0a7e6056-64a2-4302-b029-255d48a66d7f: receive RaftClientReply:client-FB00420D972B->0a7e6056-64a2-4302-b029-255d48a66d7f@group-1EE0336AADCF, cid=1554, SUCCESS, logIndex=2211, commits[0a7e6056-64a2-4302-b029-255d48a66d7f:c2211, 82c1508e-6289-48e2-a567-a0e29c8b4903:c2209, f63d6ef8-0266-4bf3-bcb1-484cdaae1fbb:c2209]
2019-07-09 20:06:41,538 INFO  client.GrpcClientProtocolClient (GrpcClientProtocolClient.java:onNext(255)) - client-FB00420D972B->0a7e6056-64a2-4302-b029-255d48a66d7f: receive RaftClientReply:client-FB00420D972B->0a7e6056-64a2-4302-b029-255d48a66d7f@group-1EE0336AADCF, cid=1555, SUCCESS, logIndex=2214, commits[0a7e6056-64a2-4302-b029-255d48a66d7f:c2215, 82c1508e-6289-48e2-a567-a0e29c8b4903:c2211, f63d6ef8-0266-4bf3-bcb1-484cdaae1fbb:c2211]
2019-07-09 20:06:41,538 INFO  client.GrpcClientProtocolClient (GrpcClientProtocolClient.java:onNext(255)) - client-FB00420D972B->0a7e6056-64a2-4302-b029-255d48a66d7f: receive RaftClientReply:client-FB00420D972B->0a7e6056-64a2-4302-b029-255d48a66d7f@group-1EE0336AADCF, cid=1556, SUCCESS, logIndex=2215, commits[0a7e6056-64a2-4302-b029-255d48a66d7f:c2215, 82c1508e-6289-48e2-a567-a0e29c8b4903:c2211, f63d6ef8-0266-4bf3-bcb1-484cdaae1fbb:c2211]
2019-07-09 20:06:41,551 INFO  client.GrpcClientProtocolClient (GrpcClientProtocolClient.java:onNext(255)) - client-FB00420D972B->0a7e6056-64a2-4302-b029-255d48a66d7f: receive RaftClientReply:client-FB00420D972B->0a7e6056-64a2-4302-b029-255d48a66d7f@group-1EE0336AADCF, cid=1557, SUCCESS, logIndex=0, commits[0a7e6056-64a2-4302-b029-255d48a66d7f:c2216, 82c1508e-6289-48e2-a567-a0e29c8b4903:c2215, f63d6ef8-0266-4bf3-bcb1-484cdaae1fbb:c2215]
2019-07-09 20:06:41,579 INFO  client.GrpcClientProtocolClient (GrpcClientProtocolClient.java:onNext(255)) - client-FB00420D972B->0a7e6056-64a2-4302-b029-255d48a66d7f: receive RaftClientReply:client-FB00420D972B->0a7e6056-64a2-4302-b029-255d48a66d7f@group-1EE0336AADCF, cid=1558, SUCCESS, logIndex=2218, commits[0a7e6056-64a2-4302-b029-255d48a66d7f:c2219, 82c1508e-6289-48e2-a567-a0e29c8b4903:c2217, f63d6ef8-0266-4bf3-bcb1-484cdaae1fbb:c2217]
2019-07-09 20:06:41,580 INFO  client.GrpcClientProtocolClient (GrpcClientProtocolClient.java:onNext(255)) - client-FB00420D972B->0a7e6056-64a2-4302-b029-255d48a66d7f: receive RaftClientReply:client-FB00420D972B->0a7e6056-64a2-4302-b029-255d48a66d7f@group-1EE0336AADCF, cid=1559, SUCCESS, logIndex=2219, commits[0a7e6056-64a2-4302-b029-255d48a66d7f:c2221, 82c1508e-6289-48e2-a567-a0e29c8b4903:c2217, f63d6ef8-0266-4bf3-bcb1-484cdaae1fbb:c2217]
2019-07-09 20:06:41,580 INFO  client.GrpcClientProtocolClient (GrpcClientProtocolClient.java:onNext(255)) - client-FB00420D972B->0a7e6056-64a2-4302-b029-255d48a66d7f: receive RaftClientReply:client-FB00420D972B->0a7e6056-64a2-4302-b029-255d48a66d7f@group-1EE0336AADCF, cid=1560, SUCCESS, logIndex=2220, commits[0a7e6056-64a2-4302-b029-255d48a66d7f:c2221, 82c1508e-6289-48e2-a567-a0e29c8b4903:c2217, f63d6ef8-0266-4bf3-bcb1-484cdaae1fbb:c2217]
2019-07-09 20:06:41,580 INFO  client.GrpcClientProtocolClient (GrpcClientProtocolClient.java:onNext(255)) - client-FB00420D972B->0a7e6056-64a2-4302-b029-255d48a66d7f: receive RaftClientReply:client-FB00420D972B->0a7e6056-64a2-4302-b029-255d48a66d7f@group-1EE0336AADCF, cid=1561, SUCCESS, logIndex=2221, commits[0a7e6056-64a2-4302-b029-255d48a66d7f:c2221, 82c1508e-6289-48e2-a567-a0e29c8b4903:c2217, f63d6ef8-0266-4bf3-bcb1-484cdaae1fbb:c2217]
2019-07-09 20:06:41,582 INFO  client.GrpcClientProtocolClient (GrpcClientProtocolClient.java:onNext(255)) - client-FB00420D972B->0a7e6056-64a2-4302-b029-255d48a66d7f: receive RaftClientReply:client-FB00420D972B->0a7e6056-64a2-4302-b029-255d48a66d7f@group-1EE0336AADCF, cid=1562, SUCCESS, logIndex=0, commits[0a7e6056-64a2-4302-b029-255d48a66d7f:c2223, 82c1508e-6289-48e2-a567-a0e29c8b4903:c2219, f63d6ef8-0266-4bf3-bcb1-484cdaae1fbb:c2219]
2019-07-09 20:06:41,607 INFO  client.GrpcClientProtocolClient (GrpcClientProtocolClient.java:onNext(255)) - client-FB00420D972B->0a7e6056-64a2-4302-b029-255d48a66d7f: receive RaftClientReply:client-FB00420D972B->0a7e6056-64a2-4302-b029-255d48a66d7f@group-1EE0336AADCF, cid=1563, SUCCESS, logIndex=2226, commits[0a7e6056-64a2-4302-b029-255d48a66d7f:c2227, 82c1508e-6289-48e2-a567-a0e29c8b4903:c2225, f63d6ef8-0266-4bf3-bcb1-484cdaae1fbb:c2225]
2019-07-09 20:06:41,608 INFO  client.GrpcClientProtocolClient (GrpcClientProtocolClient.java:onNext(255)) - client-FB00420D972B->0a7e6056-64a2-4302-b029-255d48a66d7f: receive RaftClientReply:client-FB00420D972B->0a7e6056-64a2-4302-b029-255d48a66d7f@group-1EE0336AADCF, cid=1564, SUCCESS, logIndex=2227, commits[0a7e6056-64a2-4302-b029-255d48a66d7f:c2227, 82c1508e-6289-48e2-a567-a0e29c8b4903:c2225, f63d6ef8-0266-4bf3-bcb1-484cdaae1fbb:c2225]
2019-07-09 20:06:41,622 INFO  client.GrpcClientProtocolClient (GrpcClientProtocolClient.java:onNext(255)) - client-FB00420D972B->0a7e6056-64a2-4302-b029-255d48a66d7f: receive RaftClientReply:client-FB00420D972B->0a7e6056-64a2-4302-b029-255d48a66d7f@group-1EE0336AADCF, cid=1565, SUCCESS, logIndex=2230, commits[0a7e6056-64a2-4302-b029-255d48a66d7f:c2231, 82c1508e-6289-48e2-a567-a0e29c8b4903:c2227, f63d6ef8-0266-4bf3-bcb1-484cdaae1fbb:c2227]
2019-07-09 20:06:41,622 INFO  client.GrpcClientProtocolClient (GrpcClientProtocolClient.java:onNext(255)) - client-FB00420D972B->0a7e6056-64a2-4302-b029-255d48a66d7f: receive RaftClientReply:client-FB00420D972B->0a7e6056-64a2-4302-b029-255d48a66d7f@group-1EE0336AADCF, cid=1566, SUCCESS, logIndex=2231, commits[0a7e6056-64a2-4302-b029-255d48a66d7f:c2231, 82c1508e-6289-48e2-a567-a0e29c8b4903:c2227, f63d6ef8-0266-4bf3-bcb1-484cdaae1fbb:c2227]
2019-07-09 20:06:41,634 INFO  client.GrpcClientProtocolClient (GrpcClientProtocolClient.java:onNext(255)) - client-FB00420D972B->0a7e6056-64a2-4302-b029-255d48a66d7f: receive RaftClientReply:client-FB00420D972B->0a7e6056-64a2-4302-b029-255d48a66d7f@group-1EE0336AADCF, cid=1567, SUCCESS, logIndex=0, commits[0a7e6056-64a2-4302-b029-255d48a66d7f:c2233, 82c1508e-6289-48e2-a567-a0e29c8b4903:c2231, f63d6ef8-0266-4bf3-bcb1-484cdaae1fbb:c2231]
2019-07-09 20:06:41,664 INFO  client.GrpcClientProtocolClient (GrpcClientProtocolClient.java:onNext(255)) - client-FB00420D972B->0a7e6056-64a2-4302-b029-255d48a66d7f: receive RaftClientReply:client-FB00420D972B->0a7e6056-64a2-4302-b029-255d48a66d7f@group-1EE0336AADCF, cid=1568, SUCCESS, logIndex=2234, commits[0a7e6056-64a2-4302-b029-255d48a66d7f:c2235, 82c1508e-6289-48e2-a567-a0e29c8b4903:c2233, f63d6ef8-0266-4bf3-bcb1-484cdaae1fbb:c2233]
2019-07-09 20:06:41,665 INFO  client.GrpcClientProtocolClient (GrpcClientProtocolClient.java:onNext(255)) - client-FB00420D972B->0a7e6056-64a2-4302-b029-255d48a66d7f: receive RaftClientReply:client-FB00420D972B->0a7e6056-64a2-4302-b029-255d48a66d7f@group-1EE0336AADCF, cid=1569, SUCCESS, logIndex=2235, commits[0a7e6056-64a2-4302-b029-255d48a66d7f:c2236, 82c1508e-6289-48e2-a567-a0e29c8b4903:c2233, f63d6ef8-0266-4bf3-bcb1-484cdaae1fbb:c2233]
2019-07-09 20:06:41,666 INFO  client.GrpcClientProtocolClient (GrpcClientProtocolClient.java:onNext(255)) - client-FB00420D972B->0a7e6056-64a2-4302-b029-255d48a66d7f: receive RaftClientReply:client-FB00420D972B->0a7e6056-64a2-4302-b029-255d48a66d7f@group-1EE0336AADCF, cid=1570, SUCCESS, logIndex=2236, commits[0a7e6056-64a2-4302-b029-255d48a66d7f:c2237, 82c1508e-6289-48e2-a567-a0e29c8b4903:c2233, f63d6ef8-0266-4bf3-bcb1-484cdaae1fbb:c2233]
2019-07-09 20:06:41,666 INFO  client.GrpcClientProtocolClient (GrpcClientProtocolClient.java:onNext(255)) - client-FB00420D972B->0a7e6056-64a2-4302-b029-255d48a66d7f: receive RaftClientReply:client-FB00420D972B->0a7e6056-64a2-4302-b029-255d48a66d7f@group-1EE0336AADCF, cid=1571, SUCCESS, logIndex=2237, commits[0a7e6056-64a2-4302-b029-255d48a66d7f:c2237, 82c1508e-6289-48e2-a567-a0e29c8b4903:c2233, f63d6ef8-0266-4bf3-bcb1-484cdaae1fbb:c2233]
2019-07-09 20:06:41,667 INFO  client.GrpcClientProtocolClient (GrpcClientProtocolClient.java:onNext(255)) - client-FB00420D972B->0a7e6056-64a2-4302-b029-255d48a66d7f: receive RaftClientReply:client-FB00420D972B->0a7e6056-64a2-4302-b029-255d48a66d7f@group-1EE0336AADCF, cid=1572, SUCCESS, logIndex=0, commits[0a7e6056-64a2-4302-b029-255d48a66d7f:c2239, 82c1508e-6289-48e2-a567-a0e29c8b4903:c2235, f63d6ef8-0266-4bf3-bcb1-484cdaae1fbb:c2235]
2019-07-09 20:06:41,688 INFO  client.GrpcClientProtocolClient (GrpcClientProtocolClient.java:onNext(255)) - client-FB00420D972B->0a7e6056-64a2-4302-b029-255d48a66d7f: receive RaftClientReply:client-FB00420D972B->0a7e6056-64a2-4302-b029-255d48a66d7f@group-1EE0336AADCF, cid=1573, SUCCESS, logIndex=2242, commits[0a7e6056-64a2-4302-b029-255d48a66d7f:c2243, 82c1508e-6289-48e2-a567-a0e29c8b4903:c2241, f63d6ef8-0266-4bf3-bcb1-484cdaae1fbb:c2241]
2019-07-09 20:06:41,688 INFO  client.GrpcClientProtocolClient (GrpcClientProtocolClient.java:onNext(255)) - client-FB00420D972B->0a7e6056-64a2-4302-b029-255d48a66d7f: receive RaftClientReply:client-FB00420D972B->0a7e6056-64a2-4302-b029-255d48a66d7f@group-1EE0336AADCF, cid=1574, SUCCESS, logIndex=2243, commits[0a7e6056-64a2-4302-b029-255d48a66d7f:c2243, 82c1508e-6289-48e2-a567-a0e29c8b4903:c2241, f63d6ef8-0266-4bf3-bcb1-484cdaae1fbb:c2241]
2019-07-09 20:06:41,702 INFO  client.GrpcClientProtocolClient (GrpcClientProtocolClient.java:onNext(255)) - client-FB00420D972B->0a7e6056-64a2-4302-b029-255d48a66d7f: receive RaftClientReply:client-FB00420D972B->0a7e6056-64a2-4302-b029-255d48a66d7f@group-1EE0336AADCF, cid=1575, SUCCESS, logIndex=2246, commits[0a7e6056-64a2-4302-b029-255d48a66d7f:c2247, 82c1508e-6289-48e2-a567-a0e29c8b4903:c2243, f63d6ef8-0266-4bf3-bcb1-484cdaae1fbb:c2243]
2019-07-09 20:06:41,702 INFO  client.GrpcClientProtocolClient (GrpcClientProtocolClient.java:onNext(255)) - client-FB00420D972B->0a7e6056-64a2-4302-b029-255d48a66d7f: receive RaftClientReply:client-FB00420D972B->0a7e6056-64a2-4302-b029-255d48a66d7f@group-1EE0336AADCF, cid=1576, SUCCESS, logIndex=2247, commits[0a7e6056-64a2-4302-b029-255d48a66d7f:c2247, 82c1508e-6289-48e2-a567-a0e29c8b4903:c2243, f63d6ef8-0266-4bf3-bcb1-484cdaae1fbb:c2243]
2019-07-09 20:06:41,714 INFO  client.GrpcClientProtocolClient (GrpcClientProtocolClient.java:onNext(255)) - client-FB00420D972B->0a7e6056-64a2-4302-b029-255d48a66d7f: receive RaftClientReply:client-FB00420D972B->0a7e6056-64a2-4302-b029-255d48a66d7f@group-1EE0336AADCF, cid=1577, SUCCESS, logIndex=0, commits[0a7e6056-64a2-4302-b029-255d48a66d7f:c2249, 82c1508e-6289-48e2-a567-a0e29c8b4903:c2247, f63d6ef8-0266-4bf3-bcb1-484cdaae1fbb:c2247]
2019-07-09 20:06:41,744 INFO  client.GrpcClientProtocolClient (GrpcClientProtocolClient.java:onNext(255)) - client-FB00420D972B->0a7e6056-64a2-4302-b029-255d48a66d7f: receive RaftClientReply:client-FB00420D972B->0a7e6056-64a2-4302-b029-255d48a66d7f@group-1EE0336AADCF, cid=1578, SUCCESS, logIndex=2250, commits[0a7e6056-64a2-4302-b029-255d48a66d7f:c2251, 82c1508e-6289-48e2-a567-a0e29c8b4903:c2249, f63d6ef8-0266-4bf3-bcb1-484cdaae1fbb:c2249]
2019-07-09 20:06:41,745 INFO  client.GrpcClientProtocolClient (GrpcClientProtocolClient.java:onNext(255)) - client-FB00420D972B->0a7e6056-64a2-4302-b029-255d48a66d7f: receive RaftClientReply:client-FB00420D972B->0a7e6056-64a2-4302-b029-255d48a66d7f@group-1EE0336AADCF, cid=1579, SUCCESS, logIndex=2251, commits[0a7e6056-64a2-4302-b029-255d48a66d7f:c2251, 82c1508e-6289-48e2-a567-a0e29c8b4903:c2249, f63d6ef8-0266-4bf3-bcb1-484cdaae1fbb:c2249]
2019-07-09 20:06:41,759 INFO  client.GrpcClientProtocolClient (GrpcClientProtocolClient.java:onNext(255)) - client-FB00420D972B->0a7e6056-64a2-4302-b029-255d48a66d7f: receive RaftClientReply:client-FB00420D972B->0a7e6056-64a2-4302-b029-255d48a66d7f@group-1EE0336AADCF, cid=1580, SUCCESS, logIndex=2252, commits[0a7e6056-64a2-4302-b029-255d48a66d7f:c2252, 82c1508e-6289-48e2-a567-a0e29c8b4903:c2249, f63d6ef8-0266-4bf3-bcb1-484cdaae1fbb:c2249]
2019-07-09 20:06:41,759 INFO  client.GrpcClientProtocolClient (GrpcClientProtocolClient.java:onNext(255)) - client-FB00420D972B->0a7e6056-64a2-4302-b029-255d48a66d7f: receive RaftClientReply:client-FB00420D972B->0a7e6056-64a2-4302-b029-255d48a66d7f@group-1EE0336AADCF, cid=1581, SUCCESS, logIndex=2253, commits[0a7e6056-64a2-4302-b029-255d48a66d7f:c2253, 82c1508e-6289-48e2-a567-a0e29c8b4903:c2249, f63d6ef8-0266-4bf3-bcb1-484cdaae1fbb:c2249]
2019-07-09 20:06:41,769 INFO  client.GrpcClientProtocolClient (GrpcClientProtocolClient.java:onNext(255)) - client-FB00420D972B->0a7e6056-64a2-4302-b029-255d48a66d7f: receive RaftClientReply:client-FB00420D972B->0a7e6056-64a2-4302-b029-255d48a66d7f@group-1EE0336AADCF, cid=1582, SUCCESS, logIndex=0, commits[0a7e6056-64a2-4302-b029-255d48a66d7f:c2256, 82c1508e-6289-48e2-a567-a0e29c8b4903:c2251, f63d6ef8-0266-4bf3-bcb1-484cdaae1fbb:c2252]
2019-07-09 20:06:41,800 INFO  client.GrpcClientProtocolClient (GrpcClientProtocolClient.java:onNext(255)) - client-FB00420D972B->0a7e6056-64a2-4302-b029-255d48a66d7f: receive RaftClientReply:client-FB00420D972B->0a7e6056-64a2-4302-b029-255d48a66d7f@group-1EE0336AADCF, cid=1583, SUCCESS, logIndex=2258, commits[0a7e6056-64a2-4302-b029-255d48a66d7f:c2259, 82c1508e-6289-48e2-a567-a0e29c8b4903:c2257, f63d6ef8-0266-4bf3-bcb1-484cdaae1fbb:c2257]
2019-07-09 20:06:41,800 INFO  client.GrpcClientProtocolClient (GrpcClientProtocolClient.java:onNext(255)) - client-FB00420D972B->0a7e6056-64a2-4302-b029-255d48a66d7f: receive RaftClientReply:client-FB00420D972B->0a7e6056-64a2-4302-b029-255d48a66d7f@group-1EE0336AADCF, cid=1584, SUCCESS, logIndex=2259, commits[0a7e6056-64a2-4302-b029-255d48a66d7f:c2259, 82c1508e-6289-48e2-a567-a0e29c8b4903:c2257, f63d6ef8-0266-4bf3-bcb1-484cdaae1fbb:c2257]
2019-07-09 20:06:41,812 INFO  client.GrpcClientProtocolClient (GrpcClientProtocolClient.java:onNext(255)) - client-FB00420D972B->0a7e6056-64a2-4302-b029-255d48a66d7f: receive RaftClientReply:client-FB00420D972B->0a7e6056-64a2-4302-b029-255d48a66d7f@group-1EE0336AADCF, cid=1585, SUCCESS, logIndex=2262, commits[0a7e6056-64a2-4302-b029-255d48a66d7f:c2263, 82c1508e-6289-48e2-a567-a0e29c8b4903:c2259, f63d6ef8-0266-4bf3-bcb1-484cdaae1fbb:c2259]
2019-07-09 20:06:41,812 INFO  client.GrpcClientProtocolClient (GrpcClientProtocolClient.java:onNext(255)) - client-FB00420D972B->0a7e6056-64a2-4302-b029-255d48a66d7f: receive RaftClientReply:client-FB00420D972B->0a7e6056-64a2-4302-b029-255d48a66d7f@group-1EE0336AADCF, cid=1586, SUCCESS, logIndex=2263, commits[0a7e6056-64a2-4302-b029-255d48a66d7f:c2263, 82c1508e-6289-48e2-a567-a0e29c8b4903:c2259, f63d6ef8-0266-4bf3-bcb1-484cdaae1fbb:c2259]
 0.00% |█                                                                                                    |  0/1 Time: 0:00:132019-07-09 20:06:41,815 INFO  client.GrpcClientProtocolClient (GrpcClientProtocolClient.java:onNext(255)) - client-FB00420D972B->0a7e6056-64a2-4302-b029-255d48a66d7f: receive RaftClientReply:client-FB00420D972B->0a7e6056-64a2-4302-b029-255d48a66d7f@group-1EE0336AADCF, cid=1587, SUCCESS, logIndex=0, commits[0a7e6056-64a2-4302-b029-255d48a66d7f:c2265, 82c1508e-6289-48e2-a567-a0e29c8b4903:c2263, f63d6ef8-0266-4bf3-bcb1-484cdaae1fbb:c2263]
2019-07-09 20:06:41,841 INFO  client.GrpcClientProtocolClient (GrpcClientProtocolClient.java:onNext(255)) - client-FB00420D972B->0a7e6056-64a2-4302-b029-255d48a66d7f: receive RaftClientReply:client-FB00420D972B->0a7e6056-64a2-4302-b029-255d48a66d7f@group-1EE0336AADCF, cid=1588, SUCCESS, logIndex=2266, commits[0a7e6056-64a2-4302-b029-255d48a66d7f:c2267, 82c1508e-6289-48e2-a567-a0e29c8b4903:c2265, f63d6ef8-0266-4bf3-bcb1-484cdaae1fbb:c2265]
2019-07-09 20:06:41,842 INFO  client.GrpcClientProtocolClient (GrpcClientProtocolClient.java:onNext(255)) - client-FB00420D972B->0a7e6056-64a2-4302-b029-255d48a66d7f: receive RaftClientReply:client-FB00420D972B->0a7e6056-64a2-4302-b029-255d48a66d7f@group-1EE0336AADCF, cid=1589, SUCCESS, logIndex=2267, commits[0a7e6056-64a2-4302-b029-255d48a66d7f:c2267, 82c1508e-6289-48e2-a567-a0e29c8b4903:c2265, f63d6ef8-0266-4bf3-bcb1-484cdaae1fbb:c2265]
2019-07-09 20:06:41,843 INFO  client.GrpcClientProtocolClient (GrpcClientProtocolClient.java:onNext(255)) - client-FB00420D972B->0a7e6056-64a2-4302-b029-255d48a66d7f: receive RaftClientReply:client-FB00420D972B->0a7e6056-64a2-4302-b029-255d48a66d7f@group-1EE0336AADCF, cid=1590, SUCCESS, logIndex=2268, commits[0a7e6056-64a2-4302-b029-255d48a66d7f:c2268, 82c1508e-6289-48e2-a567-a0e29c8b4903:c2265, f63d6ef8-0266-4bf3-bcb1-484cdaae1fbb:c2265]
2019-07-09 20:06:41,843 INFO  client.GrpcClientProtocolClient (GrpcClientProtocolClient.java:onNext(255)) - client-FB00420D972B->0a7e6056-64a2-4302-b029-255d48a66d7f: receive RaftClientReply:client-FB00420D972B->0a7e6056-64a2-4302-b029-255d48a66d7f@group-1EE0336AADCF, cid=1591, SUCCESS, logIndex=2269, commits[0a7e6056-64a2-4302-b029-255d48a66d7f:c2269, 82c1508e-6289-48e2-a567-a0e29c8b4903:c2265, f63d6ef8-0266-4bf3-bcb1-484cdaae1fbb:c2265]
2019-07-09 20:06:41,844 INFO  client.GrpcClientProtocolClient (GrpcClientProtocolClient.java:onNext(255)) - client-FB00420D972B->0a7e6056-64a2-4302-b029-255d48a66d7f: receive RaftClientReply:client-FB00420D972B->0a7e6056-64a2-4302-b029-255d48a66d7f@group-1EE0336AADCF, cid=1592, SUCCESS, logIndex=0, commits[0a7e6056-64a2-4302-b029-255d48a66d7f:c2271, 82c1508e-6289-48e2-a567-a0e29c8b4903:c2267, f63d6ef8-0266-4bf3-bcb1-484cdaae1fbb:c2267]
2019-07-09 20:06:41,865 INFO  client.GrpcClientProtocolClient (GrpcClientProtocolClient.java:onNext(255)) - client-FB00420D972B->0a7e6056-64a2-4302-b029-255d48a66d7f: receive RaftClientReply:client-FB00420D972B->0a7e6056-64a2-4302-b029-255d48a66d7f@group-1EE0336AADCF, cid=1593, SUCCESS, logIndex=2274, commits[0a7e6056-64a2-4302-b029-255d48a66d7f:c2275, 82c1508e-6289-48e2-a567-a0e29c8b4903:c2273, f63d6ef8-0266-4bf3-bcb1-484cdaae1fbb:c2273]
2019-07-09 20:06:41,865 INFO  client.GrpcClientProtocolClient (GrpcClientProtocolClient.java:onNext(255)) - client-FB00420D972B->0a7e6056-64a2-4302-b029-255d48a66d7f: receive RaftClientReply:client-FB00420D972B->0a7e6056-64a2-4302-b029-255d48a66d7f@group-1EE0336AADCF, cid=1594, SUCCESS, logIndex=2275, commits[0a7e6056-64a2-4302-b029-255d48a66d7f:c2275, 82c1508e-6289-48e2-a567-a0e29c8b4903:c2273, f63d6ef8-0266-4bf3-bcb1-484cdaae1fbb:c2273]
2019-07-09 20:06:41,878 INFO  client.GrpcClientProtocolClient (GrpcClientProtocolClient.java:onNext(255)) - client-FB00420D972B->0a7e6056-64a2-4302-b029-255d48a66d7f: receive RaftClientReply:client-FB00420D972B->0a7e6056-64a2-4302-b029-255d48a66d7f@group-1EE0336AADCF, cid=1595, SUCCESS, logIndex=2278, commits[0a7e6056-64a2-4302-b029-255d48a66d7f:c2279, 82c1508e-6289-48e2-a567-a0e29c8b4903:c2275, f63d6ef8-0266-4bf3-bcb1-484cdaae1fbb:c2275]
2019-07-09 20:06:41,879 INFO  client.GrpcClientProtocolClient (GrpcClientProtocolClient.java:onNext(255)) - client-FB00420D972B->0a7e6056-64a2-4302-b029-255d48a66d7f: receive RaftClientReply:client-FB00420D972B->0a7e6056-64a2-4302-b029-255d48a66d7f@group-1EE0336AADCF, cid=1596, SUCCESS, logIndex=2279, commits[0a7e6056-64a2-4302-b029-255d48a66d7f:c2279, 82c1508e-6289-48e2-a567-a0e29c8b4903:c2275, f63d6ef8-0266-4bf3-bcb1-484cdaae1fbb:c2275]
2019-07-09 20:06:41,890 INFO  client.GrpcClientProtocolClient (GrpcClientProtocolClient.java:onNext(255)) - client-FB00420D972B->0a7e6056-64a2-4302-b029-255d48a66d7f: receive RaftClientReply:client-FB00420D972B->0a7e6056-64a2-4302-b029-255d48a66d7f@group-1EE0336AADCF, cid=1597, SUCCESS, logIndex=0, commits[0a7e6056-64a2-4302-b029-255d48a66d7f:c2279, 82c1508e-6289-48e2-a567-a0e29c8b4903:c2279, f63d6ef8-0266-4bf3-bcb1-484cdaae1fbb:c2279]
2019-07-09 20:06:41,987 INFO  client.GrpcClientProtocolClient (GrpcClientProtocolClient.java:onNext(255)) - client-FB00420D972B->0a7e6056-64a2-4302-b029-255d48a66d7f: receive RaftClientReply:client-FB00420D972B->0a7e6056-64a2-4302-b029-255d48a66d7f@group-1EE0336AADCF, cid=1598, SUCCESS, logIndex=2282, commits[0a7e6056-64a2-4302-b029-255d48a66d7f:c2283, 82c1508e-6289-48e2-a567-a0e29c8b4903:c2281, f63d6ef8-0266-4bf3-bcb1-484cdaae1fbb:c2281]
2019-07-09 20:06:41,987 INFO  client.GrpcClientProtocolClient (GrpcClientProtocolClient.java:onNext(255)) - client-FB00420D972B->0a7e6056-64a2-4302-b029-255d48a66d7f: receive RaftClientReply:client-FB00420D972B->0a7e6056-64a2-4302-b029-255d48a66d7f@group-1EE0336AADCF, cid=1599, SUCCESS, logIndex=2283, commits[0a7e6056-64a2-4302-b029-255d48a66d7f:c2283, 82c1508e-6289-48e2-a567-a0e29c8b4903:c2281, f63d6ef8-0266-4bf3-bcb1-484cdaae1fbb:c2281]
2019-07-09 20:06:41,998 INFO  client.GrpcClientProtocolClient (GrpcClientProtocolClient.java:onNext(255)) - client-FB00420D972B->0a7e6056-64a2-4302-b029-255d48a66d7f: receive RaftClientReply:client-FB00420D972B->0a7e6056-64a2-4302-b029-255d48a66d7f@group-1EE0336AADCF, cid=1600, SUCCESS, logIndex=2284, commits[0a7e6056-64a2-4302-b029-255d48a66d7f:c2286, 82c1508e-6289-48e2-a567-a0e29c8b4903:c2281, f63d6ef8-0266-4bf3-bcb1-484cdaae1fbb:c2282]
2019-07-09 20:06:41,998 INFO  client.GrpcClientProtocolClient (GrpcClientProtocolClient.java:onNext(255)) - client-FB00420D972B->0a7e6056-64a2-4302-b029-255d48a66d7f: receive RaftClientReply:client-FB00420D972B->0a7e6056-64a2-4302-b029-255d48a66d7f@group-1EE0336AADCF, cid=1601, SUCCESS, logIndex=2285, commits[0a7e6056-64a2-4302-b029-255d48a66d7f:c2287, 82c1508e-6289-48e2-a567-a0e29c8b4903:c2282, f63d6ef8-0266-4bf3-bcb1-484cdaae1fbb:c2283]
2019-07-09 20:06:42,000 INFO  client.GrpcClientProtocolClient (GrpcClientProtocolClient.java:onNext(255)) - client-FB00420D972B->0a7e6056-64a2-4302-b029-255d48a66d7f: receive RaftClientReply:client-FB00420D972B->0a7e6056-64a2-4302-b029-255d48a66d7f@group-1EE0336AADCF, cid=1602, SUCCESS, logIndex=0, commits[0a7e6056-64a2-4302-b029-255d48a66d7f:c2288, 82c1508e-6289-48e2-a567-a0e29c8b4903:c2283, f63d6ef8-0266-4bf3-bcb1-484cdaae1fbb:c2284]
2019-07-09 20:06:42,024 INFO  client.GrpcClientProtocolClient (GrpcClientProtocolClient.java:onNext(255)) - client-FB00420D972B->0a7e6056-64a2-4302-b029-255d48a66d7f: receive RaftClientReply:client-FB00420D972B->0a7e6056-64a2-4302-b029-255d48a66d7f@group-1EE0336AADCF, cid=1603, SUCCESS, logIndex=2290, commits[0a7e6056-64a2-4302-b029-255d48a66d7f:c2291, 82c1508e-6289-48e2-a567-a0e29c8b4903:c2289, f63d6ef8-0266-4bf3-bcb1-484cdaae1fbb:c2289]
2019-07-09 20:06:42,024 INFO  client.GrpcClientProtocolClient (GrpcClientProtocolClient.java:onNext(255)) - client-FB00420D972B->0a7e6056-64a2-4302-b029-255d48a66d7f: receive RaftClientReply:client-FB00420D972B->0a7e6056-64a2-4302-b029-255d48a66d7f@group-1EE0336AADCF, cid=1604, SUCCESS, logIndex=2291, commits[0a7e6056-64a2-4302-b029-255d48a66d7f:c2291, 82c1508e-6289-48e2-a567-a0e29c8b4903:c2289, f63d6ef8-0266-4bf3-bcb1-484cdaae1fbb:c2289]
2019-07-09 20:06:42,048 INFO  client.GrpcClientProtocolClient (GrpcClientProtocolClient.java:onNext(255)) - client-FB00420D972B->0a7e6056-64a2-4302-b029-255d48a66d7f: receive RaftClientReply:client-FB00420D972B->0a7e6056-64a2-4302-b029-255d48a66d7f@group-1EE0336AADCF, cid=1605, SUCCESS, logIndex=2294, commits[0a7e6056-64a2-4302-b029-255d48a66d7f:c2295, 82c1508e-6289-48e2-a567-a0e29c8b4903:c2291, f63d6ef8-0266-4bf3-bcb1-484cdaae1fbb:c2291]
2019-07-09 20:06:42,048 INFO  client.GrpcClientProtocolClient (GrpcClientProtocolClient.java:onNext(255)) - client-FB00420D972B->0a7e6056-64a2-4302-b029-255d48a66d7f: receive RaftClientReply:client-FB00420D972B->0a7e6056-64a2-4302-b029-255d48a66d7f@group-1EE0336AADCF, cid=1606, SUCCESS, logIndex=2295, commits[0a7e6056-64a2-4302-b029-255d48a66d7f:c2295, 82c1508e-6289-48e2-a567-a0e29c8b4903:c2291, f63d6ef8-0266-4bf3-bcb1-484cdaae1fbb:c2291]
2019-07-09 20:06:42,059 INFO  client.GrpcClientProtocolClient (GrpcClientProtocolClient.java:onNext(255)) - client-FB00420D972B->0a7e6056-64a2-4302-b029-255d48a66d7f: receive RaftClientReply:client-FB00420D972B->0a7e6056-64a2-4302-b029-255d48a66d7f@group-1EE0336AADCF, cid=1607, SUCCESS, logIndex=0, commits[0a7e6056-64a2-4302-b029-255d48a66d7f:c2295, 82c1508e-6289-48e2-a567-a0e29c8b4903:c2295, f63d6ef8-0266-4bf3-bcb1-484cdaae1fbb:c2295]
2019-07-09 20:06:42,097 INFO  client.GrpcClientProtocolClient (GrpcClientProtocolClient.java:onNext(255)) - client-FB00420D972B->0a7e6056-64a2-4302-b029-255d48a66d7f: receive RaftClientReply:client-FB00420D972B->0a7e6056-64a2-4302-b029-255d48a66d7f@group-1EE0336AADCF, cid=1608, SUCCESS, logIndex=2298, commits[0a7e6056-64a2-4302-b029-255d48a66d7f:c2299, 82c1508e-6289-48e2-a567-a0e29c8b4903:c2297, f63d6ef8-0266-4bf3-bcb1-484cdaae1fbb:c2297]
2019-07-09 20:06:42,097 INFO  client.GrpcClientProtocolClient (GrpcClientProtocolClient.java:onNext(255)) - client-FB00420D972B->0a7e6056-64a2-4302-b029-255d48a66d7f: receive RaftClientReply:client-FB00420D972B->0a7e6056-64a2-4302-b029-255d48a66d7f@group-1EE0336AADCF, cid=1609, SUCCESS, logIndex=2299, commits[0a7e6056-64a2-4302-b029-255d48a66d7f:c2301, 82c1508e-6289-48e2-a567-a0e29c8b4903:c2297, f63d6ef8-0266-4bf3-bcb1-484cdaae1fbb:c2297]
2019-07-09 20:06:42,098 INFO  client.GrpcClientProtocolClient (GrpcClientProtocolClient.java:onNext(255)) - client-FB00420D972B->0a7e6056-64a2-4302-b029-255d48a66d7f: receive RaftClientReply:client-FB00420D972B->0a7e6056-64a2-4302-b029-255d48a66d7f@group-1EE0336AADCF, cid=1610, SUCCESS, logIndex=2300, commits[0a7e6056-64a2-4302-b029-255d48a66d7f:c2301, 82c1508e-6289-48e2-a567-a0e29c8b4903:c2297, f63d6ef8-0266-4bf3-bcb1-484cdaae1fbb:c2297]
2019-07-09 20:06:42,099 INFO  client.GrpcClientProtocolClient (GrpcClientProtocolClient.java:onNext(255)) - client-FB00420D972B->0a7e6056-64a2-4302-b029-255d48a66d7f: receive RaftClientReply:client-FB00420D972B->0a7e6056-64a2-4302-b029-255d48a66d7f@group-1EE0336AADCF, cid=1611, SUCCESS, logIndex=2301, commits[0a7e6056-64a2-4302-b029-255d48a66d7f:c2302, 82c1508e-6289-48e2-a567-a0e29c8b4903:c2299, f63d6ef8-0266-4bf3-bcb1-484cdaae1fbb:c2297]
2019-07-09 20:06:42,100 INFO  client.GrpcClientProtocolClient (GrpcClientProtocolClient.java:onNext(255)) - client-FB00420D972B->0a7e6056-64a2-4302-b029-255d48a66d7f: receive RaftClientReply:client-FB00420D972B->0a7e6056-64a2-4302-b029-255d48a66d7f@group-1EE0336AADCF, cid=1612, SUCCESS, logIndex=0, commits[0a7e6056-64a2-4302-b029-255d48a66d7f:c2305, 82c1508e-6289-48e2-a567-a0e29c8b4903:c2301, f63d6ef8-0266-4bf3-bcb1-484cdaae1fbb:c2299]
2019-07-09 20:06:42,121 INFO  client.GrpcClientProtocolClient (GrpcClientProtocolClient.java:onNext(255)) - client-FB00420D972B->0a7e6056-64a2-4302-b029-255d48a66d7f: receive RaftClientReply:client-FB00420D972B->0a7e6056-64a2-4302-b029-255d48a66d7f@group-1EE0336AADCF, cid=1613, SUCCESS, logIndex=2306, commits[0a7e6056-64a2-4302-b029-255d48a66d7f:c2307, 82c1508e-6289-48e2-a567-a0e29c8b4903:c2305, f63d6ef8-0266-4bf3-bcb1-484cdaae1fbb:c2305]
2019-07-09 20:06:42,122 INFO  client.GrpcClientProtocolClient (GrpcClientProtocolClient.java:onNext(255)) - client-FB00420D972B->0a7e6056-64a2-4302-b029-255d48a66d7f: receive RaftClientReply:client-FB00420D972B->0a7e6056-64a2-4302-b029-255d48a66d7f@group-1EE0336AADCF, cid=1614, SUCCESS, logIndex=2307, commits[0a7e6056-64a2-4302-b029-255d48a66d7f:c2307, 82c1508e-6289-48e2-a567-a0e29c8b4903:c2305, f63d6ef8-0266-4bf3-bcb1-484cdaae1fbb:c2305]
2019-07-09 20:06:42,139 INFO  client.GrpcClientProtocolClient (GrpcClientProtocolClient.java:onNext(255)) - client-FB00420D972B->0a7e6056-64a2-4302-b029-255d48a66d7f: receive RaftClientReply:client-FB00420D972B->0a7e6056-64a2-4302-b029-255d48a66d7f@group-1EE0336AADCF, cid=1615, SUCCESS, logIndex=2310, commits[0a7e6056-64a2-4302-b029-255d48a66d7f:c2311, 82c1508e-6289-48e2-a567-a0e29c8b4903:c2307, f63d6ef8-0266-4bf3-bcb1-484cdaae1fbb:c2307]
2019-07-09 20:06:42,139 INFO  client.GrpcClientProtocolClient (GrpcClientProtocolClient.java:onNext(255)) - client-FB00420D972B->0a7e6056-64a2-4302-b029-255d48a66d7f: receive RaftClientReply:client-FB00420D972B->0a7e6056-64a2-4302-b029-255d48a66d7f@group-1EE0336AADCF, cid=1616, SUCCESS, logIndex=2311, commits[0a7e6056-64a2-4302-b029-255d48a66d7f:c2311, 82c1508e-6289-48e2-a567-a0e29c8b4903:c2307, f63d6ef8-0266-4bf3-bcb1-484cdaae1fbb:c2307]
2019-07-09 20:06:42,151 INFO  client.GrpcClientProtocolClient (GrpcClientProtocolClient.java:onNext(255)) - client-FB00420D972B->0a7e6056-64a2-4302-b029-255d48a66d7f: receive RaftClientReply:client-FB00420D972B->0a7e6056-64a2-4302-b029-255d48a66d7f@group-1EE0336AADCF, cid=1617, SUCCESS, logIndex=0, commits[0a7e6056-64a2-4302-b029-255d48a66d7f:c2312, 82c1508e-6289-48e2-a567-a0e29c8b4903:c2311, f63d6ef8-0266-4bf3-bcb1-484cdaae1fbb:c2311]
2019-07-09 20:06:42,180 INFO  client.GrpcClientProtocolClient (GrpcClientProtocolClient.java:onNext(255)) - client-FB00420D972B->0a7e6056-64a2-4302-b029-255d48a66d7f: receive RaftClientReply:client-FB00420D972B->0a7e6056-64a2-4302-b029-255d48a66d7f@group-1EE0336AADCF, cid=1618, SUCCESS, logIndex=2314, commits[0a7e6056-64a2-4302-b029-255d48a66d7f:c2315, 82c1508e-6289-48e2-a567-a0e29c8b4903:c2313, f63d6ef8-0266-4bf3-bcb1-484cdaae1fbb:c2313]
2019-07-09 20:06:42,180 INFO  client.GrpcClientProtocolClient (GrpcClientProtocolClient.java:onNext(255)) - client-FB00420D972B->0a7e6056-64a2-4302-b029-255d48a66d7f: receive RaftClientReply:client-FB00420D972B->0a7e6056-64a2-4302-b029-255d48a66d7f@group-1EE0336AADCF, cid=1619, SUCCESS, logIndex=2315, commits[0a7e6056-64a2-4302-b029-255d48a66d7f:c2317, 82c1508e-6289-48e2-a567-a0e29c8b4903:c2313, f63d6ef8-0266-4bf3-bcb1-484cdaae1fbb:c2313]
2019-07-09 20:06:42,181 INFO  client.GrpcClientProtocolClient (GrpcClientProtocolClient.java:onNext(255)) - client-FB00420D972B->0a7e6056-64a2-4302-b029-255d48a66d7f: receive RaftClientReply:client-FB00420D972B->0a7e6056-64a2-4302-b029-255d48a66d7f@group-1EE0336AADCF, cid=1620, SUCCESS, logIndex=2316, commits[0a7e6056-64a2-4302-b029-255d48a66d7f:c2317, 82c1508e-6289-48e2-a567-a0e29c8b4903:c2313, f63d6ef8-0266-4bf3-bcb1-484cdaae1fbb:c2313]
2019-07-09 20:06:42,181 INFO  client.GrpcClientProtocolClient (GrpcClientProtocolClient.java:onNext(255)) - client-FB00420D972B->0a7e6056-64a2-4302-b029-255d48a66d7f: receive RaftClientReply:client-FB00420D972B->0a7e6056-64a2-4302-b029-255d48a66d7f@group-1EE0336AADCF, cid=1621, SUCCESS, logIndex=2317, commits[0a7e6056-64a2-4302-b029-255d48a66d7f:c2317, 82c1508e-6289-48e2-a567-a0e29c8b4903:c2313, f63d6ef8-0266-4bf3-bcb1-484cdaae1fbb:c2313]
2019-07-09 20:06:42,193 INFO  client.GrpcClientProtocolClient (GrpcClientProtocolClient.java:onNext(255)) - client-FB00420D972B->0a7e6056-64a2-4302-b029-255d48a66d7f: receive RaftClientReply:client-FB00420D972B->0a7e6056-64a2-4302-b029-255d48a66d7f@group-1EE0336AADCF, cid=1622, SUCCESS, logIndex=0, commits[0a7e6056-64a2-4302-b029-255d48a66d7f:c2319, 82c1508e-6289-48e2-a567-a0e29c8b4903:c2315, f63d6ef8-0266-4bf3-bcb1-484cdaae1fbb:c2315]
2019-07-09 20:06:42,215 INFO  client.GrpcClientProtocolClient (GrpcClientProtocolClient.java:onNext(255)) - client-FB00420D972B->0a7e6056-64a2-4302-b029-255d48a66d7f: receive RaftClientReply:client-FB00420D972B->0a7e6056-64a2-4302-b029-255d48a66d7f@group-1EE0336AADCF, cid=1623, SUCCESS, logIndex=2322, commits[0a7e6056-64a2-4302-b029-255d48a66d7f:c2323, 82c1508e-6289-48e2-a567-a0e29c8b4903:c2321, f63d6ef8-0266-4bf3-bcb1-484cdaae1fbb:c2321]
2019-07-09 20:06:42,215 INFO  client.GrpcClientProtocolClient (GrpcClientProtocolClient.java:onNext(255)) - client-FB00420D972B->0a7e6056-64a2-4302-b029-255d48a66d7f: receive RaftClientReply:client-FB00420D972B->0a7e6056-64a2-4302-b029-255d48a66d7f@group-1EE0336AADCF, cid=1624, SUCCESS, logIndex=2323, commits[0a7e6056-64a2-4302-b029-255d48a66d7f:c2323, 82c1508e-6289-48e2-a567-a0e29c8b4903:c2321, f63d6ef8-0266-4bf3-bcb1-484cdaae1fbb:c2321]
2019-07-09 20:06:42,230 INFO  client.GrpcClientProtocolClient (GrpcClientProtocolClient.java:onNext(255)) - client-FB00420D972B->0a7e6056-64a2-4302-b029-255d48a66d7f: receive RaftClientReply:client-FB00420D972B->0a7e6056-64a2-4302-b029-255d48a66d7f@group-1EE0336AADCF, cid=1625, SUCCESS, logIndex=2326, commits[0a7e6056-64a2-4302-b029-255d48a66d7f:c2327, 82c1508e-6289-48e2-a567-a0e29c8b4903:c2323, f63d6ef8-0266-4bf3-bcb1-484cdaae1fbb:c2323]
2019-07-09 20:06:42,231 INFO  client.GrpcClientProtocolClient (GrpcClientProtocolClient.java:onNext(255)) - client-FB00420D972B->0a7e6056-64a2-4302-b029-255d48a66d7f: receive RaftClientReply:client-FB00420D972B->0a7e6056-64a2-4302-b029-255d48a66d7f@group-1EE0336AADCF, cid=1626, SUCCESS, logIndex=2327, commits[0a7e6056-64a2-4302-b029-255d48a66d7f:c2327, 82c1508e-6289-48e2-a567-a0e29c8b4903:c2323, f63d6ef8-0266-4bf3-bcb1-484cdaae1fbb:c2323]
2019-07-09 20:06:42,245 INFO  client.GrpcClientProtocolClient (GrpcClientProtocolClient.java:onNext(255)) - client-FB00420D972B->0a7e6056-64a2-4302-b029-255d48a66d7f: receive RaftClientReply:client-FB00420D972B->0a7e6056-64a2-4302-b029-255d48a66d7f@group-1EE0336AADCF, cid=1627, SUCCESS, logIndex=0, commits[0a7e6056-64a2-4302-b029-255d48a66d7f:c2329, 82c1508e-6289-48e2-a567-a0e29c8b4903:c2327, f63d6ef8-0266-4bf3-bcb1-484cdaae1fbb:c2327]
2019-07-09 20:06:42,273 INFO  client.GrpcClientProtocolClient (GrpcClientProtocolClient.java:onNext(255)) - client-FB00420D972B->0a7e6056-64a2-4302-b029-255d48a66d7f: receive RaftClientReply:client-FB00420D972B->0a7e6056-64a2-4302-b029-255d48a66d7f@group-1EE0336AADCF, cid=1628, SUCCESS, logIndex=2330, commits[0a7e6056-64a2-4302-b029-255d48a66d7f:c2331, 82c1508e-6289-48e2-a567-a0e29c8b4903:c2329, f63d6ef8-0266-4bf3-bcb1-484cdaae1fbb:c2329]
2019-07-09 20:06:42,274 INFO  client.GrpcClientProtocolClient (GrpcClientProtocolClient.java:onNext(255)) - client-FB00420D972B->0a7e6056-64a2-4302-b029-255d48a66d7f: receive RaftClientReply:client-FB00420D972B->0a7e6056-64a2-4302-b029-255d48a66d7f@group-1EE0336AADCF, cid=1629, SUCCESS, logIndex=2331, commits[0a7e6056-64a2-4302-b029-255d48a66d7f:c2332, 82c1508e-6289-48e2-a567-a0e29c8b4903:c2329, f63d6ef8-0266-4bf3-bcb1-484cdaae1fbb:c2329]
2019-07-09 20:06:42,274 INFO  client.GrpcClientProtocolClient (GrpcClientProtocolClient.java:onNext(255)) - client-FB00420D972B->0a7e6056-64a2-4302-b029-255d48a66d7f: receive RaftClientReply:client-FB00420D972B->0a7e6056-64a2-4302-b029-255d48a66d7f@group-1EE0336AADCF, cid=1630, SUCCESS, logIndex=2332, commits[0a7e6056-64a2-4302-b029-255d48a66d7f:c2333, 82c1508e-6289-48e2-a567-a0e29c8b4903:c2329, f63d6ef8-0266-4bf3-bcb1-484cdaae1fbb:c2329]
2019-07-09 20:06:42,275 INFO  client.GrpcClientProtocolClient (GrpcClientProtocolClient.java:onNext(255)) - client-FB00420D972B->0a7e6056-64a2-4302-b029-255d48a66d7f: receive RaftClientReply:client-FB00420D972B->0a7e6056-64a2-4302-b029-255d48a66d7f@group-1EE0336AADCF, cid=1631, SUCCESS, logIndex=2333, commits[0a7e6056-64a2-4302-b029-255d48a66d7f:c2333, 82c1508e-6289-48e2-a567-a0e29c8b4903:c2329, f63d6ef8-0266-4bf3-bcb1-484cdaae1fbb:c2329]
2019-07-09 20:06:42,287 INFO  client.GrpcClientProtocolClient (GrpcClientProtocolClient.java:onNext(255)) - client-FB00420D972B->0a7e6056-64a2-4302-b029-255d48a66d7f: receive RaftClientReply:client-FB00420D972B->0a7e6056-64a2-4302-b029-255d48a66d7f@group-1EE0336AADCF, cid=1632, SUCCESS, logIndex=0, commits[0a7e6056-64a2-4302-b029-255d48a66d7f:c2336, 82c1508e-6289-48e2-a567-a0e29c8b4903:c2331, f63d6ef8-0266-4bf3-bcb1-484cdaae1fbb:c2332]
2019-07-09 20:06:42,310 INFO  client.GrpcClientProtocolClient (GrpcClientProtocolClient.java:onNext(255)) - client-FB00420D972B->0a7e6056-64a2-4302-b029-255d48a66d7f: receive RaftClientReply:client-FB00420D972B->0a7e6056-64a2-4302-b029-255d48a66d7f@group-1EE0336AADCF, cid=1633, SUCCESS, logIndex=2338, commits[0a7e6056-64a2-4302-b029-255d48a66d7f:c2339, 82c1508e-6289-48e2-a567-a0e29c8b4903:c2337, f63d6ef8-0266-4bf3-bcb1-484cdaae1fbb:c2337]
2019-07-09 20:06:42,310 INFO  client.GrpcClientProtocolClient (GrpcClientProtocolClient.java:onNext(255)) - client-FB00420D972B->0a7e6056-64a2-4302-b029-255d48a66d7f: receive RaftClientReply:client-FB00420D972B->0a7e6056-64a2-4302-b029-255d48a66d7f@group-1EE0336AADCF, cid=1634, SUCCESS, logIndex=2339, commits[0a7e6056-64a2-4302-b029-255d48a66d7f:c2339, 82c1508e-6289-48e2-a567-a0e29c8b4903:c2337, f63d6ef8-0266-4bf3-bcb1-484cdaae1fbb:c2337]
2019-07-09 20:06:42,324 INFO  client.GrpcClientProtocolClient (GrpcClientProtocolClient.java:onNext(255)) - client-FB00420D972B->0a7e6056-64a2-4302-b029-255d48a66d7f: receive RaftClientReply:client-FB00420D972B->0a7e6056-64a2-4302-b029-255d48a66d7f@group-1EE0336AADCF, cid=1635, SUCCESS, logIndex=2342, commits[0a7e6056-64a2-4302-b029-255d48a66d7f:c2343, 82c1508e-6289-48e2-a567-a0e29c8b4903:c2339, f63d6ef8-0266-4bf3-bcb1-484cdaae1fbb:c2339]
2019-07-09 20:06:42,324 INFO  client.GrpcClientProtocolClient (GrpcClientProtocolClient.java:onNext(255)) - client-FB00420D972B->0a7e6056-64a2-4302-b029-255d48a66d7f: receive RaftClientReply:client-FB00420D972B->0a7e6056-64a2-4302-b029-255d48a66d7f@group-1EE0336AADCF, cid=1636, SUCCESS, logIndex=2343, commits[0a7e6056-64a2-4302-b029-255d48a66d7f:c2343, 82c1508e-6289-48e2-a567-a0e29c8b4903:c2339, f63d6ef8-0266-4bf3-bcb1-484cdaae1fbb:c2339]
2019-07-09 20:06:42,335 INFO  client.GrpcClientProtocolClient (GrpcClientProtocolClient.java:onNext(255)) - client-FB00420D972B->0a7e6056-64a2-4302-b029-255d48a66d7f: receive RaftClientReply:client-FB00420D972B->0a7e6056-64a2-4302-b029-255d48a66d7f@group-1EE0336AADCF, cid=1637, SUCCESS, logIndex=0, commits[0a7e6056-64a2-4302-b029-255d48a66d7f:c2344, 82c1508e-6289-48e2-a567-a0e29c8b4903:c2343, f63d6ef8-0266-4bf3-bcb1-484cdaae1fbb:c2343]
2019-07-09 20:06:42,363 INFO  client.GrpcClientProtocolClient (GrpcClientProtocolClient.java:onNext(255)) - client-FB00420D972B->0a7e6056-64a2-4302-b029-255d48a66d7f: receive RaftClientReply:client-FB00420D972B->0a7e6056-64a2-4302-b029-255d48a66d7f@group-1EE0336AADCF, cid=1638, SUCCESS, logIndex=2346, commits[0a7e6056-64a2-4302-b029-255d48a66d7f:c2347, 82c1508e-6289-48e2-a567-a0e29c8b4903:c2345, f63d6ef8-0266-4bf3-bcb1-484cdaae1fbb:c2345]
2019-07-09 20:06:42,364 INFO  client.GrpcClientProtocolClient (GrpcClientProtocolClient.java:onNext(255)) - client-FB00420D972B->0a7e6056-64a2-4302-b029-255d48a66d7f: receive RaftClientReply:client-FB00420D972B->0a7e6056-64a2-4302-b029-255d48a66d7f@group-1EE0336AADCF, cid=1639, SUCCESS, logIndex=2347, commits[0a7e6056-64a2-4302-b029-255d48a66d7f:c2349, 82c1508e-6289-48e2-a567-a0e29c8b4903:c2345, f63d6ef8-0266-4bf3-bcb1-484cdaae1fbb:c2345]
2019-07-09 20:06:42,364 INFO  client.GrpcClientProtocolClient (GrpcClientProtocolClient.java:onNext(255)) - client-FB00420D972B->0a7e6056-64a2-4302-b029-255d48a66d7f: receive RaftClientReply:client-FB00420D972B->0a7e6056-64a2-4302-b029-255d48a66d7f@group-1EE0336AADCF, cid=1640, SUCCESS, logIndex=2348, commits[0a7e6056-64a2-4302-b029-255d48a66d7f:c2349, 82c1508e-6289-48e2-a567-a0e29c8b4903:c2345, f63d6ef8-0266-4bf3-bcb1-484cdaae1fbb:c2345]
2019-07-09 20:06:42,365 INFO  client.GrpcClientProtocolClient (GrpcClientProtocolClient.java:onNext(255)) - client-FB00420D972B->0a7e6056-64a2-4302-b029-255d48a66d7f: receive RaftClientReply:client-FB00420D972B->0a7e6056-64a2-4302-b029-255d48a66d7f@group-1EE0336AADCF, cid=1641, SUCCESS, logIndex=2349, commits[0a7e6056-64a2-4302-b029-255d48a66d7f:c2351, 82c1508e-6289-48e2-a567-a0e29c8b4903:c2345, f63d6ef8-0266-4bf3-bcb1-484cdaae1fbb:c2347]
2019-07-09 20:06:42,366 INFO  client.GrpcClientProtocolClient (GrpcClientProtocolClient.java:onNext(255)) - client-FB00420D972B->0a7e6056-64a2-4302-b029-255d48a66d7f: receive RaftClientReply:client-FB00420D972B->0a7e6056-64a2-4302-b029-255d48a66d7f@group-1EE0336AADCF, cid=1642, SUCCESS, logIndex=0, commits[0a7e6056-64a2-4302-b029-255d48a66d7f:c2353, 82c1508e-6289-48e2-a567-a0e29c8b4903:c2347, f63d6ef8-0266-4bf3-bcb1-484cdaae1fbb:c2349]
2019-07-09 20:06:42,385 INFO  client.GrpcClientProtocolClient (GrpcClientProtocolClient.java:onNext(255)) - client-FB00420D972B->0a7e6056-64a2-4302-b029-255d48a66d7f: receive RaftClientReply:client-FB00420D972B->0a7e6056-64a2-4302-b029-255d48a66d7f@group-1EE0336AADCF, cid=1643, SUCCESS, logIndex=2354, commits[0a7e6056-64a2-4302-b029-255d48a66d7f:c2355, 82c1508e-6289-48e2-a567-a0e29c8b4903:c2353, f63d6ef8-0266-4bf3-bcb1-484cdaae1fbb:c2353]
2019-07-09 20:06:42,385 INFO  client.GrpcClientProtocolClient (GrpcClientProtocolClient.java:onNext(255)) - client-FB00420D972B->0a7e6056-64a2-4302-b029-255d48a66d7f: receive RaftClientReply:client-FB00420D972B->0a7e6056-64a2-4302-b029-255d48a66d7f@group-1EE0336AADCF, cid=1644, SUCCESS, logIndex=2355, commits[0a7e6056-64a2-4302-b029-255d48a66d7f:c2355, 82c1508e-6289-48e2-a567-a0e29c8b4903:c2353, f63d6ef8-0266-4bf3-bcb1-484cdaae1fbb:c2353]
2019-07-09 20:06:42,400 INFO  client.GrpcClientProtocolClient (GrpcClientProtocolClient.java:onNext(255)) - client-FB00420D972B->0a7e6056-64a2-4302-b029-255d48a66d7f: receive RaftClientReply:client-FB00420D972B->0a7e6056-64a2-4302-b029-255d48a66d7f@group-1EE0336AADCF, cid=1645, SUCCESS, logIndex=2358, commits[0a7e6056-64a2-4302-b029-255d48a66d7f:c2358, 82c1508e-6289-48e2-a567-a0e29c8b4903:c2355, f63d6ef8-0266-4bf3-bcb1-484cdaae1fbb:c2355]
2019-07-09 20:06:42,401 INFO  client.GrpcClientProtocolClient (GrpcClientProtocolClient.java:onNext(255)) - client-FB00420D972B->0a7e6056-64a2-4302-b029-255d48a66d7f: receive RaftClientReply:client-FB00420D972B->0a7e6056-64a2-4302-b029-255d48a66d7f@group-1EE0336AADCF, cid=1646, SUCCESS, logIndex=2359, commits[0a7e6056-64a2-4302-b029-255d48a66d7f:c2359, 82c1508e-6289-48e2-a567-a0e29c8b4903:c2355, f63d6ef8-0266-4bf3-bcb1-484cdaae1fbb:c2355]
2019-07-09 20:06:42,414 INFO  client.GrpcClientProtocolClient (GrpcClientProtocolClient.java:onNext(255)) - client-FB00420D972B->0a7e6056-64a2-4302-b029-255d48a66d7f: receive RaftClientReply:client-FB00420D972B->0a7e6056-64a2-4302-b029-255d48a66d7f@group-1EE0336AADCF, cid=1647, SUCCESS, logIndex=0, commits[0a7e6056-64a2-4302-b029-255d48a66d7f:c2360, 82c1508e-6289-48e2-a567-a0e29c8b4903:c2359, f63d6ef8-0266-4bf3-bcb1-484cdaae1fbb:c2359]
2019-07-09 20:06:42,442 INFO  client.GrpcClientProtocolClient (GrpcClientProtocolClient.java:onNext(255)) - client-FB00420D972B->0a7e6056-64a2-4302-b029-255d48a66d7f: receive RaftClientReply:client-FB00420D972B->0a7e6056-64a2-4302-b029-255d48a66d7f@group-1EE0336AADCF, cid=1648, SUCCESS, logIndex=2362, commits[0a7e6056-64a2-4302-b029-255d48a66d7f:c2363, 82c1508e-6289-48e2-a567-a0e29c8b4903:c2361, f63d6ef8-0266-4bf3-bcb1-484cdaae1fbb:c2361]
2019-07-09 20:06:42,443 INFO  client.GrpcClientProtocolClient (GrpcClientProtocolClient.java:onNext(255)) - client-FB00420D972B->0a7e6056-64a2-4302-b029-255d48a66d7f: receive RaftClientReply:client-FB00420D972B->0a7e6056-64a2-4302-b029-255d48a66d7f@group-1EE0336AADCF, cid=1649, SUCCESS, logIndex=2363, commits[0a7e6056-64a2-4302-b029-255d48a66d7f:c2365, 82c1508e-6289-48e2-a567-a0e29c8b4903:c2361, f63d6ef8-0266-4bf3-bcb1-484cdaae1fbb:c2361]
2019-07-09 20:06:42,443 INFO  client.GrpcClientProtocolClient (GrpcClientProtocolClient.java:onNext(255)) - client-FB00420D972B->0a7e6056-64a2-4302-b029-255d48a66d7f: receive RaftClientReply:client-FB00420D972B->0a7e6056-64a2-4302-b029-255d48a66d7f@group-1EE0336AADCF, cid=1650, SUCCESS, logIndex=2364, commits[0a7e6056-64a2-4302-b029-255d48a66d7f:c2365, 82c1508e-6289-48e2-a567-a0e29c8b4903:c2361, f63d6ef8-0266-4bf3-bcb1-484cdaae1fbb:c2361]
2019-07-09 20:06:42,443 INFO  client.GrpcClientProtocolClient (GrpcClientProtocolClient.java:onNext(255)) - client-FB00420D972B->0a7e6056-64a2-4302-b029-255d48a66d7f: receive RaftClientReply:client-FB00420D972B->0a7e6056-64a2-4302-b029-255d48a66d7f@group-1EE0336AADCF, cid=1651, SUCCESS, logIndex=2365, commits[0a7e6056-64a2-4302-b029-255d48a66d7f:c2365, 82c1508e-6289-48e2-a567-a0e29c8b4903:c2361, f63d6ef8-0266-4bf3-bcb1-484cdaae1fbb:c2361]
2019-07-09 20:06:42,453 INFO  client.GrpcClientProtocolClient (GrpcClientProtocolClient.java:onNext(255)) - client-FB00420D972B->0a7e6056-64a2-4302-b029-255d48a66d7f: receive RaftClientReply:client-FB00420D972B->0a7e6056-64a2-4302-b029-255d48a66d7f@group-1EE0336AADCF, cid=1652, SUCCESS, logIndex=0, commits[0a7e6056-64a2-4302-b029-255d48a66d7f:c2366, 82c1508e-6289-48e2-a567-a0e29c8b4903:c2363, f63d6ef8-0266-4bf3-bcb1-484cdaae1fbb:c2363]
2019-07-09 20:06:42,472 INFO  client.GrpcClientProtocolClient (GrpcClientProtocolClient.java:onNext(255)) - client-FB00420D972B->0a7e6056-64a2-4302-b029-255d48a66d7f: receive RaftClientReply:client-FB00420D972B->0a7e6056-64a2-4302-b029-255d48a66d7f@group-1EE0336AADCF, cid=1653, SUCCESS, logIndex=2369, commits[0a7e6056-64a2-4302-b029-255d48a66d7f:c2370, 82c1508e-6289-48e2-a567-a0e29c8b4903:c2368, f63d6ef8-0266-4bf3-bcb1-484cdaae1fbb:c2368]
2019-07-09 20:06:42,472 INFO  client.GrpcClientProtocolClient (GrpcClientProtocolClient.java:onNext(255)) - client-FB00420D972B->0a7e6056-64a2-4302-b029-255d48a66d7f: receive RaftClientReply:client-FB00420D972B->0a7e6056-64a2-4302-b029-255d48a66d7f@group-1EE0336AADCF, cid=1654, SUCCESS, logIndex=2370, commits[0a7e6056-64a2-4302-b029-255d48a66d7f:c2370, 82c1508e-6289-48e2-a567-a0e29c8b4903:c2368, f63d6ef8-0266-4bf3-bcb1-484cdaae1fbb:c2368]
2019-07-09 20:06:42,487 INFO  client.GrpcClientProtocolClient (GrpcClientProtocolClient.java:onNext(255)) - client-FB00420D972B->0a7e6056-64a2-4302-b029-255d48a66d7f: receive RaftClientReply:client-FB00420D972B->0a7e6056-64a2-4302-b029-255d48a66d7f@group-1EE0336AADCF, cid=1655, SUCCESS, logIndex=2373, commits[0a7e6056-64a2-4302-b029-255d48a66d7f:c2374, 82c1508e-6289-48e2-a567-a0e29c8b4903:c2370, f63d6ef8-0266-4bf3-bcb1-484cdaae1fbb:c2370]
2019-07-09 20:06:42,488 INFO  client.GrpcClientProtocolClient (GrpcClientProtocolClient.java:onNext(255)) - client-FB00420D972B->0a7e6056-64a2-4302-b029-255d48a66d7f: receive RaftClientReply:client-FB00420D972B->0a7e6056-64a2-4302-b029-255d48a66d7f@group-1EE0336AADCF, cid=1656, SUCCESS, logIndex=2374, commits[0a7e6056-64a2-4302-b029-255d48a66d7f:c2374, 82c1508e-6289-48e2-a567-a0e29c8b4903:c2370, f63d6ef8-0266-4bf3-bcb1-484cdaae1fbb:c2370]
2019-07-09 20:06:42,498 INFO  client.GrpcClientProtocolClient (GrpcClientProtocolClient.java:onNext(255)) - client-FB00420D972B->0a7e6056-64a2-4302-b029-255d48a66d7f: receive RaftClientReply:client-FB00420D972B->0a7e6056-64a2-4302-b029-255d48a66d7f@group-1EE0336AADCF, cid=1657, SUCCESS, logIndex=0, commits[0a7e6056-64a2-4302-b029-255d48a66d7f:c2375, 82c1508e-6289-48e2-a567-a0e29c8b4903:c2374, f63d6ef8-0266-4bf3-bcb1-484cdaae1fbb:c2374]
2019-07-09 20:06:42,525 INFO  client.GrpcClientProtocolClient (GrpcClientProtocolClient.java:onNext(255)) - client-FB00420D972B->0a7e6056-64a2-4302-b029-255d48a66d7f: receive RaftClientReply:client-FB00420D972B->0a7e6056-64a2-4302-b029-255d48a66d7f@group-1EE0336AADCF, cid=1658, SUCCESS, logIndex=2377, commits[0a7e6056-64a2-4302-b029-255d48a66d7f:c2380, 82c1508e-6289-48e2-a567-a0e29c8b4903:c2376, f63d6ef8-0266-4bf3-bcb1-484cdaae1fbb:c2376]
2019-07-09 20:06:42,526 INFO  client.GrpcClientProtocolClient (GrpcClientProtocolClient.java:onNext(255)) - client-FB00420D972B->0a7e6056-64a2-4302-b029-255d48a66d7f: receive RaftClientReply:client-FB00420D972B->0a7e6056-64a2-4302-b029-255d48a66d7f@group-1EE0336AADCF, cid=1659, SUCCESS, logIndex=2378, commits[0a7e6056-64a2-4302-b029-255d48a66d7f:c2380, 82c1508e-6289-48e2-a567-a0e29c8b4903:c2376, f63d6ef8-0266-4bf3-bcb1-484cdaae1fbb:c2376]
2019-07-09 20:06:42,526 INFO  client.GrpcClientProtocolClient (GrpcClientProtocolClient.java:onNext(255)) - client-FB00420D972B->0a7e6056-64a2-4302-b029-255d48a66d7f: receive RaftClientReply:client-FB00420D972B->0a7e6056-64a2-4302-b029-255d48a66d7f@group-1EE0336AADCF, cid=1660, SUCCESS, logIndex=2379, commits[0a7e6056-64a2-4302-b029-255d48a66d7f:c2380, 82c1508e-6289-48e2-a567-a0e29c8b4903:c2376, f63d6ef8-0266-4bf3-bcb1-484cdaae1fbb:c2376]
2019-07-09 20:06:42,527 INFO  client.GrpcClientProtocolClient (GrpcClientProtocolClient.java:onNext(255)) - client-FB00420D972B->0a7e6056-64a2-4302-b029-255d48a66d7f: receive RaftClientReply:client-FB00420D972B->0a7e6056-64a2-4302-b029-255d48a66d7f@group-1EE0336AADCF, cid=1661, SUCCESS, logIndex=2380, commits[0a7e6056-64a2-4302-b029-255d48a66d7f:c2381, 82c1508e-6289-48e2-a567-a0e29c8b4903:c2376, f63d6ef8-0266-4bf3-bcb1-484cdaae1fbb:c2377]
2019-07-09 20:06:42,528 INFO  client.GrpcClientProtocolClient (GrpcClientProtocolClient.java:onNext(255)) - client-FB00420D972B->0a7e6056-64a2-4302-b029-255d48a66d7f: receive RaftClientReply:client-FB00420D972B->0a7e6056-64a2-4302-b029-255d48a66d7f@group-1EE0336AADCF, cid=1662, SUCCESS, logIndex=0, commits[0a7e6056-64a2-4302-b029-255d48a66d7f:c2383, 82c1508e-6289-48e2-a567-a0e29c8b4903:c2379, f63d6ef8-0266-4bf3-bcb1-484cdaae1fbb:c2379]
2019-07-09 20:06:42,554 INFO  client.GrpcClientProtocolClient (GrpcClientProtocolClient.java:onNext(255)) - client-FB00420D972B->0a7e6056-64a2-4302-b029-255d48a66d7f: receive RaftClientReply:client-FB00420D972B->0a7e6056-64a2-4302-b029-255d48a66d7f@group-1EE0336AADCF, cid=1663, SUCCESS, logIndex=2385, commits[0a7e6056-64a2-4302-b029-255d48a66d7f:c2386, 82c1508e-6289-48e2-a567-a0e29c8b4903:c2384, f63d6ef8-0266-4bf3-bcb1-484cdaae1fbb:c2384]
2019-07-09 20:06:42,554 INFO  client.GrpcClientProtocolClient (GrpcClientProtocolClient.java:onNext(255)) - client-FB00420D972B->0a7e6056-64a2-4302-b029-255d48a66d7f: receive RaftClientReply:client-FB00420D972B->0a7e6056-64a2-4302-b029-255d48a66d7f@group-1EE0336AADCF, cid=1664, SUCCESS, logIndex=2386, commits[0a7e6056-64a2-4302-b029-255d48a66d7f:c2386, 82c1508e-6289-48e2-a567-a0e29c8b4903:c2384, f63d6ef8-0266-4bf3-bcb1-484cdaae1fbb:c2384]
2019-07-09 20:06:42,586 INFO  client.GrpcClientProtocolClient (GrpcClientProtocolClient.java:onNext(255)) - client-FB00420D972B->0a7e6056-64a2-4302-b029-255d48a66d7f: receive RaftClientReply:client-FB00420D972B->0a7e6056-64a2-4302-b029-255d48a66d7f@group-1EE0336AADCF, cid=1665, SUCCESS, logIndex=2389, commits[0a7e6056-64a2-4302-b029-255d48a66d7f:c2390, 82c1508e-6289-48e2-a567-a0e29c8b4903:c2388, f63d6ef8-0266-4bf3-bcb1-484cdaae1fbb:c2388]
2019-07-09 20:06:42,586 INFO  client.GrpcClientProtocolClient (GrpcClientProtocolClient.java:onNext(255)) - client-FB00420D972B->0a7e6056-64a2-4302-b029-255d48a66d7f: receive RaftClientReply:client-FB00420D972B->0a7e6056-64a2-4302-b029-255d48a66d7f@group-1EE0336AADCF, cid=1666, SUCCESS, logIndex=2390, commits[0a7e6056-64a2-4302-b029-255d48a66d7f:c2390, 82c1508e-6289-48e2-a567-a0e29c8b4903:c2388, f63d6ef8-0266-4bf3-bcb1-484cdaae1fbb:c2388]
2019-07-09 20:06:42,599 INFO  client.GrpcClientProtocolClient (GrpcClientProtocolClient.java:onNext(255)) - client-FB00420D972B->0a7e6056-64a2-4302-b029-255d48a66d7f: receive RaftClientReply:client-FB00420D972B->0a7e6056-64a2-4302-b029-255d48a66d7f@group-1EE0336AADCF, cid=1667, SUCCESS, logIndex=0, commits[0a7e6056-64a2-4302-b029-255d48a66d7f:c2392, 82c1508e-6289-48e2-a567-a0e29c8b4903:c2390, f63d6ef8-0266-4bf3-bcb1-484cdaae1fbb:c2390]
2019-07-09 20:06:42,715 INFO  client.GrpcClientProtocolClient (GrpcClientProtocolClient.java:onNext(255)) - client-FB00420D972B->0a7e6056-64a2-4302-b029-255d48a66d7f: receive RaftClientReply:client-FB00420D972B->0a7e6056-64a2-4302-b029-255d48a66d7f@group-1EE0336AADCF, cid=1668, SUCCESS, logIndex=2393, commits[0a7e6056-64a2-4302-b029-255d48a66d7f:c2393, 82c1508e-6289-48e2-a567-a0e29c8b4903:c2392, f63d6ef8-0266-4bf3-bcb1-484cdaae1fbb:c2392]
2019-07-09 20:06:42,716 INFO  client.GrpcClientProtocolClient (GrpcClientProtocolClient.java:onNext(255)) - client-FB00420D972B->0a7e6056-64a2-4302-b029-255d48a66d7f: receive RaftClientReply:client-FB00420D972B->0a7e6056-64a2-4302-b029-255d48a66d7f@group-1EE0336AADCF, cid=1669, SUCCESS, logIndex=2394, commits[0a7e6056-64a2-4302-b029-255d48a66d7f:c2396, 82c1508e-6289-48e2-a567-a0e29c8b4903:c2392, f63d6ef8-0266-4bf3-bcb1-484cdaae1fbb:c2392]
2019-07-09 20:06:42,716 INFO  client.GrpcClientProtocolClient (GrpcClientProtocolClient.java:onNext(255)) - client-FB00420D972B->0a7e6056-64a2-4302-b029-255d48a66d7f: receive RaftClientReply:client-FB00420D972B->0a7e6056-64a2-4302-b029-255d48a66d7f@group-1EE0336AADCF, cid=1670, SUCCESS, logIndex=2395, commits[0a7e6056-64a2-4302-b029-255d48a66d7f:c2396, 82c1508e-6289-48e2-a567-a0e29c8b4903:c2392, f63d6ef8-0266-4bf3-bcb1-484cdaae1fbb:c2392]
2019-07-09 20:06:42,717 INFO  client.GrpcClientProtocolClient (GrpcClientProtocolClient.java:onNext(255)) - client-FB00420D972B->0a7e6056-64a2-4302-b029-255d48a66d7f: receive RaftClientReply:client-FB00420D972B->0a7e6056-64a2-4302-b029-255d48a66d7f@group-1EE0336AADCF, cid=1671, SUCCESS, logIndex=2396, commits[0a7e6056-64a2-4302-b029-255d48a66d7f:c2396, 82c1508e-6289-48e2-a567-a0e29c8b4903:c2392, f63d6ef8-0266-4bf3-bcb1-484cdaae1fbb:c2392]
2019-07-09 20:06:42,726 INFO  client.GrpcClientProtocolClient (GrpcClientProtocolClient.java:onNext(255)) - client-FB00420D972B->0a7e6056-64a2-4302-b029-255d48a66d7f: receive RaftClientReply:client-FB00420D972B->0a7e6056-64a2-4302-b029-255d48a66d7f@group-1EE0336AADCF, cid=1672, SUCCESS, logIndex=0, commits[0a7e6056-64a2-4302-b029-255d48a66d7f:c2396, 82c1508e-6289-48e2-a567-a0e29c8b4903:c2394, f63d6ef8-0266-4bf3-bcb1-484cdaae1fbb:c2394]
2019-07-09 20:06:42,746 INFO  client.GrpcClientProtocolClient (GrpcClientProtocolClient.java:onNext(255)) - client-FB00420D972B->0a7e6056-64a2-4302-b029-255d48a66d7f: receive RaftClientReply:client-FB00420D972B->0a7e6056-64a2-4302-b029-255d48a66d7f@group-1EE0336AADCF, cid=1673, SUCCESS, logIndex=2401, commits[0a7e6056-64a2-4302-b029-255d48a66d7f:c2402, 82c1508e-6289-48e2-a567-a0e29c8b4903:c2400, f63d6ef8-0266-4bf3-bcb1-484cdaae1fbb:c2400]
2019-07-09 20:06:42,747 INFO  client.GrpcClientProtocolClient (GrpcClientProtocolClient.java:onNext(255)) - client-FB00420D972B->0a7e6056-64a2-4302-b029-255d48a66d7f: receive RaftClientReply:client-FB00420D972B->0a7e6056-64a2-4302-b029-255d48a66d7f@group-1EE0336AADCF, cid=1674, SUCCESS, logIndex=2402, commits[0a7e6056-64a2-4302-b029-255d48a66d7f:c2402, 82c1508e-6289-48e2-a567-a0e29c8b4903:c2400, f63d6ef8-0266-4bf3-bcb1-484cdaae1fbb:c2400]
2019-07-09 20:06:42,760 INFO  client.GrpcClientProtocolClient (GrpcClientProtocolClient.java:onNext(255)) - client-FB00420D972B->0a7e6056-64a2-4302-b029-255d48a66d7f: receive RaftClientReply:client-FB00420D972B->0a7e6056-64a2-4302-b029-255d48a66d7f@group-1EE0336AADCF, cid=1675, SUCCESS, logIndex=2405, commits[0a7e6056-64a2-4302-b029-255d48a66d7f:c2405, 82c1508e-6289-48e2-a567-a0e29c8b4903:c2402, f63d6ef8-0266-4bf3-bcb1-484cdaae1fbb:c2402]
2019-07-09 20:06:42,760 INFO  client.GrpcClientProtocolClient (GrpcClientProtocolClient.java:onNext(255)) - client-FB00420D972B->0a7e6056-64a2-4302-b029-255d48a66d7f: receive RaftClientReply:client-FB00420D972B->0a7e6056-64a2-4302-b029-255d48a66d7f@group-1EE0336AADCF, cid=1676, SUCCESS, logIndex=2406, commits[0a7e6056-64a2-4302-b029-255d48a66d7f:c2406, 82c1508e-6289-48e2-a567-a0e29c8b4903:c2402, f63d6ef8-0266-4bf3-bcb1-484cdaae1fbb:c2402]
2019-07-09 20:06:42,774 INFO  client.GrpcClientProtocolClient (GrpcClientProtocolClient.java:onNext(255)) - client-FB00420D972B->0a7e6056-64a2-4302-b029-255d48a66d7f: receive RaftClientReply:client-FB00420D972B->0a7e6056-64a2-4302-b029-255d48a66d7f@group-1EE0336AADCF, cid=1677, SUCCESS, logIndex=0, commits[0a7e6056-64a2-4302-b029-255d48a66d7f:c2408, 82c1508e-6289-48e2-a567-a0e29c8b4903:c2406, f63d6ef8-0266-4bf3-bcb1-484cdaae1fbb:c2406]
2019-07-09 20:06:42,807 INFO  client.GrpcClientProtocolClient (GrpcClientProtocolClient.java:onNext(255)) - client-FB00420D972B->0a7e6056-64a2-4302-b029-255d48a66d7f: receive RaftClientReply:client-FB00420D972B->0a7e6056-64a2-4302-b029-255d48a66d7f@group-1EE0336AADCF, cid=1678, SUCCESS, logIndex=2409, commits[0a7e6056-64a2-4302-b029-255d48a66d7f:c2412, 82c1508e-6289-48e2-a567-a0e29c8b4903:c2408, f63d6ef8-0266-4bf3-bcb1-484cdaae1fbb:c2408]
2019-07-09 20:06:42,809 INFO  client.GrpcClientProtocolClient (GrpcClientProtocolClient.java:onNext(255)) - client-FB00420D972B->0a7e6056-64a2-4302-b029-255d48a66d7f: receive RaftClientReply:client-FB00420D972B->0a7e6056-64a2-4302-b029-255d48a66d7f@group-1EE0336AADCF, cid=1679, SUCCESS, logIndex=2410, commits[0a7e6056-64a2-4302-b029-255d48a66d7f:c2412, 82c1508e-6289-48e2-a567-a0e29c8b4903:c2408, f63d6ef8-0266-4bf3-bcb1-484cdaae1fbb:c2408]
2019-07-09 20:06:42,809 INFO  client.GrpcClientProtocolClient (GrpcClientProtocolClient.java:onNext(255)) - client-FB00420D972B->0a7e6056-64a2-4302-b029-255d48a66d7f: receive RaftClientReply:client-FB00420D972B->0a7e6056-64a2-4302-b029-255d48a66d7f@group-1EE0336AADCF, cid=1680, SUCCESS, logIndex=2411, commits[0a7e6056-64a2-4302-b029-255d48a66d7f:c2412, 82c1508e-6289-48e2-a567-a0e29c8b4903:c2408, f63d6ef8-0266-4bf3-bcb1-484cdaae1fbb:c2408]
2019-07-09 20:06:42,810 INFO  client.GrpcClientProtocolClient (GrpcClientProtocolClient.java:onNext(255)) - client-FB00420D972B->0a7e6056-64a2-4302-b029-255d48a66d7f: receive RaftClientReply:client-FB00420D972B->0a7e6056-64a2-4302-b029-255d48a66d7f@group-1EE0336AADCF, cid=1681, SUCCESS, logIndex=2412, commits[0a7e6056-64a2-4302-b029-255d48a66d7f:c2412, 82c1508e-6289-48e2-a567-a0e29c8b4903:c2408, f63d6ef8-0266-4bf3-bcb1-484cdaae1fbb:c2408]
 0.00% |█                                                                                                    |  0/1 Time: 0:00:142019-07-09 20:06:42,840 INFO  client.GrpcClientProtocolClient (GrpcClientProtocolClient.java:onNext(255)) - client-FB00420D972B->0a7e6056-64a2-4302-b029-255d48a66d7f: receive RaftClientReply:client-FB00420D972B->0a7e6056-64a2-4302-b029-255d48a66d7f@group-1EE0336AADCF, cid=1682, SUCCESS, logIndex=0, commits[0a7e6056-64a2-4302-b029-255d48a66d7f:c2416, 82c1508e-6289-48e2-a567-a0e29c8b4903:c2410, f63d6ef8-0266-4bf3-bcb1-484cdaae1fbb:c2412]
2019-07-09 20:06:42,863 INFO  client.GrpcClientProtocolClient (GrpcClientProtocolClient.java:onNext(255)) - client-FB00420D972B->0a7e6056-64a2-4302-b029-255d48a66d7f: receive RaftClientReply:client-FB00420D972B->0a7e6056-64a2-4302-b029-255d48a66d7f@group-1EE0336AADCF, cid=1683, SUCCESS, logIndex=2417, commits[0a7e6056-64a2-4302-b029-255d48a66d7f:c2418, 82c1508e-6289-48e2-a567-a0e29c8b4903:c2416, f63d6ef8-0266-4bf3-bcb1-484cdaae1fbb:c2416]
2019-07-09 20:06:42,864 INFO  client.GrpcClientProtocolClient (GrpcClientProtocolClient.java:onNext(255)) - client-FB00420D972B->0a7e6056-64a2-4302-b029-255d48a66d7f: receive RaftClientReply:client-FB00420D972B->0a7e6056-64a2-4302-b029-255d48a66d7f@group-1EE0336AADCF, cid=1684, SUCCESS, logIndex=2418, commits[0a7e6056-64a2-4302-b029-255d48a66d7f:c2418, 82c1508e-6289-48e2-a567-a0e29c8b4903:c2416, f63d6ef8-0266-4bf3-bcb1-484cdaae1fbb:c2416]
2019-07-09 20:06:42,888 INFO  client.GrpcClientProtocolClient (GrpcClientProtocolClient.java:onNext(255)) - client-FB00420D972B->0a7e6056-64a2-4302-b029-255d48a66d7f: receive RaftClientReply:client-FB00420D972B->0a7e6056-64a2-4302-b029-255d48a66d7f@group-1EE0336AADCF, cid=1685, SUCCESS, logIndex=2421, commits[0a7e6056-64a2-4302-b029-255d48a66d7f:c2422, 82c1508e-6289-48e2-a567-a0e29c8b4903:c2417, f63d6ef8-0266-4bf3-bcb1-484cdaae1fbb:c2418]
2019-07-09 20:06:42,888 INFO  client.GrpcClientProtocolClient (GrpcClientProtocolClient.java:onNext(255)) - client-FB00420D972B->0a7e6056-64a2-4302-b029-255d48a66d7f: receive RaftClientReply:client-FB00420D972B->0a7e6056-64a2-4302-b029-255d48a66d7f@group-1EE0336AADCF, cid=1686, SUCCESS, logIndex=2422, commits[0a7e6056-64a2-4302-b029-255d48a66d7f:c2422, 82c1508e-6289-48e2-a567-a0e29c8b4903:c2418, f63d6ef8-0266-4bf3-bcb1-484cdaae1fbb:c2418]
2019-07-09 20:06:42,889 INFO  client.GrpcClientProtocolClient (GrpcClientProtocolClient.java:onNext(255)) - client-FB00420D972B->0a7e6056-64a2-4302-b029-255d48a66d7f: receive RaftClientReply:client-FB00420D972B->0a7e6056-64a2-4302-b029-255d48a66d7f@group-1EE0336AADCF, cid=1687, SUCCESS, logIndex=0, commits[0a7e6056-64a2-4302-b029-255d48a66d7f:c2423, 82c1508e-6289-48e2-a567-a0e29c8b4903:c2422, f63d6ef8-0266-4bf3-bcb1-484cdaae1fbb:c2422]
2019-07-09 20:06:42,921 INFO  client.GrpcClientProtocolClient (GrpcClientProtocolClient.java:onNext(255)) - client-FB00420D972B->0a7e6056-64a2-4302-b029-255d48a66d7f: receive RaftClientReply:client-FB00420D972B->0a7e6056-64a2-4302-b029-255d48a66d7f@group-1EE0336AADCF, cid=1688, SUCCESS, logIndex=2425, commits[0a7e6056-64a2-4302-b029-255d48a66d7f:c2427, 82c1508e-6289-48e2-a567-a0e29c8b4903:c2424, f63d6ef8-0266-4bf3-bcb1-484cdaae1fbb:c2424]
2019-07-09 20:06:42,921 INFO  client.GrpcClientProtocolClient (GrpcClientProtocolClient.java:onNext(255)) - client-FB00420D972B->0a7e6056-64a2-4302-b029-255d48a66d7f: receive RaftClientReply:client-FB00420D972B->0a7e6056-64a2-4302-b029-255d48a66d7f@group-1EE0336AADCF, cid=1689, SUCCESS, logIndex=2426, commits[0a7e6056-64a2-4302-b029-255d48a66d7f:c2428, 82c1508e-6289-48e2-a567-a0e29c8b4903:c2424, f63d6ef8-0266-4bf3-bcb1-484cdaae1fbb:c2424]
2019-07-09 20:06:42,922 INFO  client.GrpcClientProtocolClient (GrpcClientProtocolClient.java:onNext(255)) - client-FB00420D972B->0a7e6056-64a2-4302-b029-255d48a66d7f: receive RaftClientReply:client-FB00420D972B->0a7e6056-64a2-4302-b029-255d48a66d7f@group-1EE0336AADCF, cid=1690, SUCCESS, logIndex=2427, commits[0a7e6056-64a2-4302-b029-255d48a66d7f:c2428, 82c1508e-6289-48e2-a567-a0e29c8b4903:c2424, f63d6ef8-0266-4bf3-bcb1-484cdaae1fbb:c2424]
2019-07-09 20:06:42,922 INFO  client.GrpcClientProtocolClient (GrpcClientProtocolClient.java:onNext(255)) - client-FB00420D972B->0a7e6056-64a2-4302-b029-255d48a66d7f: receive RaftClientReply:client-FB00420D972B->0a7e6056-64a2-4302-b029-255d48a66d7f@group-1EE0336AADCF, cid=1691, SUCCESS, logIndex=2428, commits[0a7e6056-64a2-4302-b029-255d48a66d7f:c2428, 82c1508e-6289-48e2-a567-a0e29c8b4903:c2424, f63d6ef8-0266-4bf3-bcb1-484cdaae1fbb:c2424]
2019-07-09 20:06:42,923 INFO  client.GrpcClientProtocolClient (GrpcClientProtocolClient.java:onNext(255)) - client-FB00420D972B->0a7e6056-64a2-4302-b029-255d48a66d7f: receive RaftClientReply:client-FB00420D972B->0a7e6056-64a2-4302-b029-255d48a66d7f@group-1EE0336AADCF, cid=1692, SUCCESS, logIndex=0, commits[0a7e6056-64a2-4302-b029-255d48a66d7f:c2430, 82c1508e-6289-48e2-a567-a0e29c8b4903:c2427, f63d6ef8-0266-4bf3-bcb1-484cdaae1fbb:c2426]
2019-07-09 20:06:42,945 INFO  client.GrpcClientProtocolClient (GrpcClientProtocolClient.java:onNext(255)) - client-FB00420D972B->0a7e6056-64a2-4302-b029-255d48a66d7f: receive RaftClientReply:client-FB00420D972B->0a7e6056-64a2-4302-b029-255d48a66d7f@group-1EE0336AADCF, cid=1693, SUCCESS, logIndex=2433, commits[0a7e6056-64a2-4302-b029-255d48a66d7f:c2434, 82c1508e-6289-48e2-a567-a0e29c8b4903:c2432, f63d6ef8-0266-4bf3-bcb1-484cdaae1fbb:c2432]
2019-07-09 20:06:42,946 INFO  client.GrpcClientProtocolClient (GrpcClientProtocolClient.java:onNext(255)) - client-FB00420D972B->0a7e6056-64a2-4302-b029-255d48a66d7f: receive RaftClientReply:client-FB00420D972B->0a7e6056-64a2-4302-b029-255d48a66d7f@group-1EE0336AADCF, cid=1694, SUCCESS, logIndex=2434, commits[0a7e6056-64a2-4302-b029-255d48a66d7f:c2434, 82c1508e-6289-48e2-a567-a0e29c8b4903:c2432, f63d6ef8-0266-4bf3-bcb1-484cdaae1fbb:c2432]
2019-07-09 20:06:42,959 INFO  client.GrpcClientProtocolClient (GrpcClientProtocolClient.java:onNext(255)) - client-FB00420D972B->0a7e6056-64a2-4302-b029-255d48a66d7f: receive RaftClientReply:client-FB00420D972B->0a7e6056-64a2-4302-b029-255d48a66d7f@group-1EE0336AADCF, cid=1695, SUCCESS, logIndex=2437, commits[0a7e6056-64a2-4302-b029-255d48a66d7f:c2438, 82c1508e-6289-48e2-a567-a0e29c8b4903:c2434, f63d6ef8-0266-4bf3-bcb1-484cdaae1fbb:c2433]
2019-07-09 20:06:42,959 INFO  client.GrpcClientProtocolClient (GrpcClientProtocolClient.java:onNext(255)) - client-FB00420D972B->0a7e6056-64a2-4302-b029-255d48a66d7f: receive RaftClientReply:client-FB00420D972B->0a7e6056-64a2-4302-b029-255d48a66d7f@group-1EE0336AADCF, cid=1696, SUCCESS, logIndex=2438, commits[0a7e6056-64a2-4302-b029-255d48a66d7f:c2438, 82c1508e-6289-48e2-a567-a0e29c8b4903:c2434, f63d6ef8-0266-4bf3-bcb1-484cdaae1fbb:c2434]
2019-07-09 20:06:42,974 INFO  client.GrpcClientProtocolClient (GrpcClientProtocolClient.java:onNext(255)) - client-FB00420D972B->0a7e6056-64a2-4302-b029-255d48a66d7f: receive RaftClientReply:client-FB00420D972B->0a7e6056-64a2-4302-b029-255d48a66d7f@group-1EE0336AADCF, cid=1697, SUCCESS, logIndex=0, commits[0a7e6056-64a2-4302-b029-255d48a66d7f:c2440, 82c1508e-6289-48e2-a567-a0e29c8b4903:c2438, f63d6ef8-0266-4bf3-bcb1-484cdaae1fbb:c2438]
2019-07-09 20:06:43,002 INFO  client.GrpcClientProtocolClient (GrpcClientProtocolClient.java:onNext(255)) - client-FB00420D972B->0a7e6056-64a2-4302-b029-255d48a66d7f: receive RaftClientReply:client-FB00420D972B->0a7e6056-64a2-4302-b029-255d48a66d7f@group-1EE0336AADCF, cid=1698, SUCCESS, logIndex=2441, commits[0a7e6056-64a2-4302-b029-255d48a66d7f:c2443, 82c1508e-6289-48e2-a567-a0e29c8b4903:c2440, f63d6ef8-0266-4bf3-bcb1-484cdaae1fbb:c2440]
2019-07-09 20:06:43,003 INFO  client.GrpcClientProtocolClient (GrpcClientProtocolClient.java:onNext(255)) - client-FB00420D972B->0a7e6056-64a2-4302-b029-255d48a66d7f: receive RaftClientReply:client-FB00420D972B->0a7e6056-64a2-4302-b029-255d48a66d7f@group-1EE0336AADCF, cid=1699, SUCCESS, logIndex=2442, commits[0a7e6056-64a2-4302-b029-255d48a66d7f:c2444, 82c1508e-6289-48e2-a567-a0e29c8b4903:c2440, f63d6ef8-0266-4bf3-bcb1-484cdaae1fbb:c2440]
2019-07-09 20:06:43,003 INFO  client.GrpcClientProtocolClient (GrpcClientProtocolClient.java:onNext(255)) - client-FB00420D972B->0a7e6056-64a2-4302-b029-255d48a66d7f: receive RaftClientReply:client-FB00420D972B->0a7e6056-64a2-4302-b029-255d48a66d7f@group-1EE0336AADCF, cid=1700, SUCCESS, logIndex=2443, commits[0a7e6056-64a2-4302-b029-255d48a66d7f:c2444, 82c1508e-6289-48e2-a567-a0e29c8b4903:c2440, f63d6ef8-0266-4bf3-bcb1-484cdaae1fbb:c2440]
2019-07-09 20:06:43,004 INFO  client.GrpcClientProtocolClient (GrpcClientProtocolClient.java:onNext(255)) - client-FB00420D972B->0a7e6056-64a2-4302-b029-255d48a66d7f: receive RaftClientReply:client-FB00420D972B->0a7e6056-64a2-4302-b029-255d48a66d7f@group-1EE0336AADCF, cid=1701, SUCCESS, logIndex=2444, commits[0a7e6056-64a2-4302-b029-255d48a66d7f:c2444, 82c1508e-6289-48e2-a567-a0e29c8b4903:c2440, f63d6ef8-0266-4bf3-bcb1-484cdaae1fbb:c2442]
2019-07-09 20:06:43,005 INFO  client.GrpcClientProtocolClient (GrpcClientProtocolClient.java:onNext(255)) - client-FB00420D972B->0a7e6056-64a2-4302-b029-255d48a66d7f: receive RaftClientReply:client-FB00420D972B->0a7e6056-64a2-4302-b029-255d48a66d7f@group-1EE0336AADCF, cid=1702, SUCCESS, logIndex=0, commits[0a7e6056-64a2-4302-b029-255d48a66d7f:c2448, 82c1508e-6289-48e2-a567-a0e29c8b4903:c2444, f63d6ef8-0266-4bf3-bcb1-484cdaae1fbb:c2442]
2019-07-09 20:06:43,026 INFO  client.GrpcClientProtocolClient (GrpcClientProtocolClient.java:onNext(255)) - client-FB00420D972B->0a7e6056-64a2-4302-b029-255d48a66d7f: receive RaftClientReply:client-FB00420D972B->0a7e6056-64a2-4302-b029-255d48a66d7f@group-1EE0336AADCF, cid=1703, SUCCESS, logIndex=2449, commits[0a7e6056-64a2-4302-b029-255d48a66d7f:c2450, 82c1508e-6289-48e2-a567-a0e29c8b4903:c2448, f63d6ef8-0266-4bf3-bcb1-484cdaae1fbb:c2448]
2019-07-09 20:06:43,027 INFO  client.GrpcClientProtocolClient (GrpcClientProtocolClient.java:onNext(255)) - client-FB00420D972B->0a7e6056-64a2-4302-b029-255d48a66d7f: receive RaftClientReply:client-FB00420D972B->0a7e6056-64a2-4302-b029-255d48a66d7f@group-1EE0336AADCF, cid=1704, SUCCESS, logIndex=2450, commits[0a7e6056-64a2-4302-b029-255d48a66d7f:c2450, 82c1508e-6289-48e2-a567-a0e29c8b4903:c2448, f63d6ef8-0266-4bf3-bcb1-484cdaae1fbb:c2448]
2019-07-09 20:06:43,040 INFO  client.GrpcClientProtocolClient (GrpcClientProtocolClient.java:onNext(255)) - client-FB00420D972B->0a7e6056-64a2-4302-b029-255d48a66d7f: receive RaftClientReply:client-FB00420D972B->0a7e6056-64a2-4302-b029-255d48a66d7f@group-1EE0336AADCF, cid=1705, SUCCESS, logIndex=2453, commits[0a7e6056-64a2-4302-b029-255d48a66d7f:c2453, 82c1508e-6289-48e2-a567-a0e29c8b4903:c2450, f63d6ef8-0266-4bf3-bcb1-484cdaae1fbb:c2450]
2019-07-09 20:06:43,040 INFO  client.GrpcClientProtocolClient (GrpcClientProtocolClient.java:onNext(255)) - client-FB00420D972B->0a7e6056-64a2-4302-b029-255d48a66d7f: receive RaftClientReply:client-FB00420D972B->0a7e6056-64a2-4302-b029-255d48a66d7f@group-1EE0336AADCF, cid=1706, SUCCESS, logIndex=2454, commits[0a7e6056-64a2-4302-b029-255d48a66d7f:c2454, 82c1508e-6289-48e2-a567-a0e29c8b4903:c2450, f63d6ef8-0266-4bf3-bcb1-484cdaae1fbb:c2450]
2019-07-09 20:06:43,055 INFO  client.GrpcClientProtocolClient (GrpcClientProtocolClient.java:onNext(255)) - client-FB00420D972B->0a7e6056-64a2-4302-b029-255d48a66d7f: receive RaftClientReply:client-FB00420D972B->0a7e6056-64a2-4302-b029-255d48a66d7f@group-1EE0336AADCF, cid=1707, SUCCESS, logIndex=0, commits[0a7e6056-64a2-4302-b029-255d48a66d7f:c2456, 82c1508e-6289-48e2-a567-a0e29c8b4903:c2454, f63d6ef8-0266-4bf3-bcb1-484cdaae1fbb:c2454]
2019-07-09 20:06:43,080 INFO  client.GrpcClientProtocolClient (GrpcClientProtocolClient.java:onNext(255)) - client-FB00420D972B->0a7e6056-64a2-4302-b029-255d48a66d7f: receive RaftClientReply:client-FB00420D972B->0a7e6056-64a2-4302-b029-255d48a66d7f@group-1EE0336AADCF, cid=1708, SUCCESS, logIndex=2457, commits[0a7e6056-64a2-4302-b029-255d48a66d7f:c2459, 82c1508e-6289-48e2-a567-a0e29c8b4903:c2456, f63d6ef8-0266-4bf3-bcb1-484cdaae1fbb:c2456]
2019-07-09 20:06:43,080 INFO  client.GrpcClientProtocolClient (GrpcClientProtocolClient.java:onNext(255)) - client-FB00420D972B->0a7e6056-64a2-4302-b029-255d48a66d7f: receive RaftClientReply:client-FB00420D972B->0a7e6056-64a2-4302-b029-255d48a66d7f@group-1EE0336AADCF, cid=1709, SUCCESS, logIndex=2458, commits[0a7e6056-64a2-4302-b029-255d48a66d7f:c2460, 82c1508e-6289-48e2-a567-a0e29c8b4903:c2456, f63d6ef8-0266-4bf3-bcb1-484cdaae1fbb:c2456]
2019-07-09 20:06:43,080 INFO  client.GrpcClientProtocolClient (GrpcClientProtocolClient.java:onNext(255)) - client-FB00420D972B->0a7e6056-64a2-4302-b029-255d48a66d7f: receive RaftClientReply:client-FB00420D972B->0a7e6056-64a2-4302-b029-255d48a66d7f@group-1EE0336AADCF, cid=1710, SUCCESS, logIndex=2459, commits[0a7e6056-64a2-4302-b029-255d48a66d7f:c2460, 82c1508e-6289-48e2-a567-a0e29c8b4903:c2456, f63d6ef8-0266-4bf3-bcb1-484cdaae1fbb:c2456]
2019-07-09 20:06:43,081 INFO  client.GrpcClientProtocolClient (GrpcClientProtocolClient.java:onNext(255)) - client-FB00420D972B->0a7e6056-64a2-4302-b029-255d48a66d7f: receive RaftClientReply:client-FB00420D972B->0a7e6056-64a2-4302-b029-255d48a66d7f@group-1EE0336AADCF, cid=1711, SUCCESS, logIndex=2460, commits[0a7e6056-64a2-4302-b029-255d48a66d7f:c2460, 82c1508e-6289-48e2-a567-a0e29c8b4903:c2456, f63d6ef8-0266-4bf3-bcb1-484cdaae1fbb:c2456]
2019-07-09 20:06:43,082 INFO  client.GrpcClientProtocolClient (GrpcClientProtocolClient.java:onNext(255)) - client-FB00420D972B->0a7e6056-64a2-4302-b029-255d48a66d7f: receive RaftClientReply:client-FB00420D972B->0a7e6056-64a2-4302-b029-255d48a66d7f@group-1EE0336AADCF, cid=1712, SUCCESS, logIndex=0, commits[0a7e6056-64a2-4302-b029-255d48a66d7f:c2461, 82c1508e-6289-48e2-a567-a0e29c8b4903:c2458, f63d6ef8-0266-4bf3-bcb1-484cdaae1fbb:c2458]
2019-07-09 20:06:43,095 INFO  client.GrpcClientProtocolClient (GrpcClientProtocolClient.java:onNext(255)) - client-FB00420D972B->0a7e6056-64a2-4302-b029-255d48a66d7f: receive RaftClientReply:client-FB00420D972B->0a7e6056-64a2-4302-b029-255d48a66d7f@group-1EE0336AADCF, cid=1713, SUCCESS, logIndex=2465, commits[0a7e6056-64a2-4302-b029-255d48a66d7f:c2466, 82c1508e-6289-48e2-a567-a0e29c8b4903:c2460, f63d6ef8-0266-4bf3-bcb1-484cdaae1fbb:c2464]
2019-07-09 20:06:43,096 INFO  client.GrpcClientProtocolClient (GrpcClientProtocolClient.java:onNext(255)) - client-FB00420D972B->0a7e6056-64a2-4302-b029-255d48a66d7f: receive RaftClientReply:client-FB00420D972B->0a7e6056-64a2-4302-b029-255d48a66d7f@group-1EE0336AADCF, cid=1714, SUCCESS, logIndex=2466, commits[0a7e6056-64a2-4302-b029-255d48a66d7f:c2466, 82c1508e-6289-48e2-a567-a0e29c8b4903:c2464, f63d6ef8-0266-4bf3-bcb1-484cdaae1fbb:c2464]
2019-07-09 20:06:43,116 INFO  client.GrpcClientProtocolClient (GrpcClientProtocolClient.java:onNext(255)) - client-FB00420D972B->0a7e6056-64a2-4302-b029-255d48a66d7f: receive RaftClientReply:client-FB00420D972B->0a7e6056-64a2-4302-b029-255d48a66d7f@group-1EE0336AADCF, cid=1715, SUCCESS, logIndex=2469, commits[0a7e6056-64a2-4302-b029-255d48a66d7f:c2470, 82c1508e-6289-48e2-a567-a0e29c8b4903:c2468, f63d6ef8-0266-4bf3-bcb1-484cdaae1fbb:c2468]
2019-07-09 20:06:43,116 INFO  client.GrpcClientProtocolClient (GrpcClientProtocolClient.java:onNext(255)) - client-FB00420D972B->0a7e6056-64a2-4302-b029-255d48a66d7f: receive RaftClientReply:client-FB00420D972B->0a7e6056-64a2-4302-b029-255d48a66d7f@group-1EE0336AADCF, cid=1716, SUCCESS, logIndex=2470, commits[0a7e6056-64a2-4302-b029-255d48a66d7f:c2470, 82c1508e-6289-48e2-a567-a0e29c8b4903:c2468, f63d6ef8-0266-4bf3-bcb1-484cdaae1fbb:c2468]
2019-07-09 20:06:43,129 INFO  client.GrpcClientProtocolClient (GrpcClientProtocolClient.java:onNext(255)) - client-FB00420D972B->0a7e6056-64a2-4302-b029-255d48a66d7f: receive RaftClientReply:client-FB00420D972B->0a7e6056-64a2-4302-b029-255d48a66d7f@group-1EE0336AADCF, cid=1717, SUCCESS, logIndex=0, commits[0a7e6056-64a2-4302-b029-255d48a66d7f:c2472, 82c1508e-6289-48e2-a567-a0e29c8b4903:c2470, f63d6ef8-0266-4bf3-bcb1-484cdaae1fbb:c2470]
2019-07-09 20:06:43,160 INFO  client.GrpcClientProtocolClient (GrpcClientProtocolClient.java:onNext(255)) - client-FB00420D972B->0a7e6056-64a2-4302-b029-255d48a66d7f: receive RaftClientReply:client-FB00420D972B->0a7e6056-64a2-4302-b029-255d48a66d7f@group-1EE0336AADCF, cid=1718, SUCCESS, logIndex=2473, commits[0a7e6056-64a2-4302-b029-255d48a66d7f:c2474, 82c1508e-6289-48e2-a567-a0e29c8b4903:c2472, f63d6ef8-0266-4bf3-bcb1-484cdaae1fbb:c2472]
2019-07-09 20:06:43,161 INFO  client.GrpcClientProtocolClient (GrpcClientProtocolClient.java:onNext(255)) - client-FB00420D972B->0a7e6056-64a2-4302-b029-255d48a66d7f: receive RaftClientReply:client-FB00420D972B->0a7e6056-64a2-4302-b029-255d48a66d7f@group-1EE0336AADCF, cid=1719, SUCCESS, logIndex=2474, commits[0a7e6056-64a2-4302-b029-255d48a66d7f:c2474, 82c1508e-6289-48e2-a567-a0e29c8b4903:c2472, f63d6ef8-0266-4bf3-bcb1-484cdaae1fbb:c2472]
2019-07-09 20:06:43,162 INFO  client.GrpcClientProtocolClient (GrpcClientProtocolClient.java:onNext(255)) - client-FB00420D972B->0a7e6056-64a2-4302-b029-255d48a66d7f: receive RaftClientReply:client-FB00420D972B->0a7e6056-64a2-4302-b029-255d48a66d7f@group-1EE0336AADCF, cid=1720, SUCCESS, logIndex=2475, commits[0a7e6056-64a2-4302-b029-255d48a66d7f:c2476, 82c1508e-6289-48e2-a567-a0e29c8b4903:c2472, f63d6ef8-0266-4bf3-bcb1-484cdaae1fbb:c2472]
2019-07-09 20:06:43,162 INFO  client.GrpcClientProtocolClient (GrpcClientProtocolClient.java:onNext(255)) - client-FB00420D972B->0a7e6056-64a2-4302-b029-255d48a66d7f: receive RaftClientReply:client-FB00420D972B->0a7e6056-64a2-4302-b029-255d48a66d7f@group-1EE0336AADCF, cid=1721, SUCCESS, logIndex=2476, commits[0a7e6056-64a2-4302-b029-255d48a66d7f:c2477, 82c1508e-6289-48e2-a567-a0e29c8b4903:c2472, f63d6ef8-0266-4bf3-bcb1-484cdaae1fbb:c2474]
2019-07-09 20:06:43,163 INFO  client.GrpcClientProtocolClient (GrpcClientProtocolClient.java:onNext(255)) - client-FB00420D972B->0a7e6056-64a2-4302-b029-255d48a66d7f: receive RaftClientReply:client-FB00420D972B->0a7e6056-64a2-4302-b029-255d48a66d7f@group-1EE0336AADCF, cid=1722, SUCCESS, logIndex=0, commits[0a7e6056-64a2-4302-b029-255d48a66d7f:c2478, 82c1508e-6289-48e2-a567-a0e29c8b4903:c2474, f63d6ef8-0266-4bf3-bcb1-484cdaae1fbb:c2474]
2019-07-09 20:06:43,185 INFO  client.GrpcClientProtocolClient (GrpcClientProtocolClient.java:onNext(255)) - client-FB00420D972B->0a7e6056-64a2-4302-b029-255d48a66d7f: receive RaftClientReply:client-FB00420D972B->0a7e6056-64a2-4302-b029-255d48a66d7f@group-1EE0336AADCF, cid=1723, SUCCESS, logIndex=2480, commits[0a7e6056-64a2-4302-b029-255d48a66d7f:c2481, 82c1508e-6289-48e2-a567-a0e29c8b4903:c2479, f63d6ef8-0266-4bf3-bcb1-484cdaae1fbb:c2479]
2019-07-09 20:06:43,185 INFO  client.GrpcClientProtocolClient (GrpcClientProtocolClient.java:onNext(255)) - client-FB00420D972B->0a7e6056-64a2-4302-b029-255d48a66d7f: receive RaftClientReply:client-FB00420D972B->0a7e6056-64a2-4302-b029-255d48a66d7f@group-1EE0336AADCF, cid=1724, SUCCESS, logIndex=2481, commits[0a7e6056-64a2-4302-b029-255d48a66d7f:c2481, 82c1508e-6289-48e2-a567-a0e29c8b4903:c2479, f63d6ef8-0266-4bf3-bcb1-484cdaae1fbb:c2479]
2019-07-09 20:06:43,198 INFO  client.GrpcClientProtocolClient (GrpcClientProtocolClient.java:onNext(255)) - client-FB00420D972B->0a7e6056-64a2-4302-b029-255d48a66d7f: receive RaftClientReply:client-FB00420D972B->0a7e6056-64a2-4302-b029-255d48a66d7f@group-1EE0336AADCF, cid=1725, SUCCESS, logIndex=2484, commits[0a7e6056-64a2-4302-b029-255d48a66d7f:c2485, 82c1508e-6289-48e2-a567-a0e29c8b4903:c2481, f63d6ef8-0266-4bf3-bcb1-484cdaae1fbb:c2481]
2019-07-09 20:06:43,198 INFO  client.GrpcClientProtocolClient (GrpcClientProtocolClient.java:onNext(255)) - client-FB00420D972B->0a7e6056-64a2-4302-b029-255d48a66d7f: receive RaftClientReply:client-FB00420D972B->0a7e6056-64a2-4302-b029-255d48a66d7f@group-1EE0336AADCF, cid=1726, SUCCESS, logIndex=2485, commits[0a7e6056-64a2-4302-b029-255d48a66d7f:c2485, 82c1508e-6289-48e2-a567-a0e29c8b4903:c2481, f63d6ef8-0266-4bf3-bcb1-484cdaae1fbb:c2481]
2019-07-09 20:06:43,201 INFO  client.GrpcClientProtocolClient (GrpcClientProtocolClient.java:onNext(255)) - client-FB00420D972B->0a7e6056-64a2-4302-b029-255d48a66d7f: receive RaftClientReply:client-FB00420D972B->0a7e6056-64a2-4302-b029-255d48a66d7f@group-1EE0336AADCF, cid=1727, SUCCESS, logIndex=0, commits[0a7e6056-64a2-4302-b029-255d48a66d7f:c2487, 82c1508e-6289-48e2-a567-a0e29c8b4903:c2485, f63d6ef8-0266-4bf3-bcb1-484cdaae1fbb:c2485]
2019-07-09 20:06:43,229 INFO  client.GrpcClientProtocolClient (GrpcClientProtocolClient.java:onNext(255)) - client-FB00420D972B->0a7e6056-64a2-4302-b029-255d48a66d7f: receive RaftClientReply:client-FB00420D972B->0a7e6056-64a2-4302-b029-255d48a66d7f@group-1EE0336AADCF, cid=1728, SUCCESS, logIndex=2488, commits[0a7e6056-64a2-4302-b029-255d48a66d7f:c2489, 82c1508e-6289-48e2-a567-a0e29c8b4903:c2487, f63d6ef8-0266-4bf3-bcb1-484cdaae1fbb:c2487]
2019-07-09 20:06:43,230 INFO  client.GrpcClientProtocolClient (GrpcClientProtocolClient.java:onNext(255)) - client-FB00420D972B->0a7e6056-64a2-4302-b029-255d48a66d7f: receive RaftClientReply:client-FB00420D972B->0a7e6056-64a2-4302-b029-255d48a66d7f@group-1EE0336AADCF, cid=1729, SUCCESS, logIndex=2489, commits[0a7e6056-64a2-4302-b029-255d48a66d7f:c2489, 82c1508e-6289-48e2-a567-a0e29c8b4903:c2487, f63d6ef8-0266-4bf3-bcb1-484cdaae1fbb:c2487]
2019-07-09 20:06:43,230 INFO  client.GrpcClientProtocolClient (GrpcClientProtocolClient.java:onNext(255)) - client-FB00420D972B->0a7e6056-64a2-4302-b029-255d48a66d7f: receive RaftClientReply:client-FB00420D972B->0a7e6056-64a2-4302-b029-255d48a66d7f@group-1EE0336AADCF, cid=1730, SUCCESS, logIndex=2490, commits[0a7e6056-64a2-4302-b029-255d48a66d7f:c2491, 82c1508e-6289-48e2-a567-a0e29c8b4903:c2487, f63d6ef8-0266-4bf3-bcb1-484cdaae1fbb:c2487]
2019-07-09 20:06:43,231 INFO  client.GrpcClientProtocolClient (GrpcClientProtocolClient.java:onNext(255)) - client-FB00420D972B->0a7e6056-64a2-4302-b029-255d48a66d7f: receive RaftClientReply:client-FB00420D972B->0a7e6056-64a2-4302-b029-255d48a66d7f@group-1EE0336AADCF, cid=1731, SUCCESS, logIndex=2491, commits[0a7e6056-64a2-4302-b029-255d48a66d7f:c2491, 82c1508e-6289-48e2-a567-a0e29c8b4903:c2487, f63d6ef8-0266-4bf3-bcb1-484cdaae1fbb:c2487]
2019-07-09 20:06:43,244 INFO  client.GrpcClientProtocolClient (GrpcClientProtocolClient.java:onNext(255)) - client-FB00420D972B->0a7e6056-64a2-4302-b029-255d48a66d7f: receive RaftClientReply:client-FB00420D972B->0a7e6056-64a2-4302-b029-255d48a66d7f@group-1EE0336AADCF, cid=1732, SUCCESS, logIndex=0, commits[0a7e6056-64a2-4302-b029-255d48a66d7f:c2493, 82c1508e-6289-48e2-a567-a0e29c8b4903:c2489, f63d6ef8-0266-4bf3-bcb1-484cdaae1fbb:c2489]
2019-07-09 20:06:43,265 INFO  client.GrpcClientProtocolClient (GrpcClientProtocolClient.java:onNext(255)) - client-FB00420D972B->0a7e6056-64a2-4302-b029-255d48a66d7f: receive RaftClientReply:client-FB00420D972B->0a7e6056-64a2-4302-b029-255d48a66d7f@group-1EE0336AADCF, cid=1733, SUCCESS, logIndex=2496, commits[0a7e6056-64a2-4302-b029-255d48a66d7f:c2497, 82c1508e-6289-48e2-a567-a0e29c8b4903:c2495, f63d6ef8-0266-4bf3-bcb1-484cdaae1fbb:c2495]
2019-07-09 20:06:43,266 INFO  client.GrpcClientProtocolClient (GrpcClientProtocolClient.java:onNext(255)) - client-FB00420D972B->0a7e6056-64a2-4302-b029-255d48a66d7f: receive RaftClientReply:client-FB00420D972B->0a7e6056-64a2-4302-b029-255d48a66d7f@group-1EE0336AADCF, cid=1734, SUCCESS, logIndex=2497, commits[0a7e6056-64a2-4302-b029-255d48a66d7f:c2497, 82c1508e-6289-48e2-a567-a0e29c8b4903:c2495, f63d6ef8-0266-4bf3-bcb1-484cdaae1fbb:c2495]
2019-07-09 20:06:43,391 INFO  client.GrpcClientProtocolClient (GrpcClientProtocolClient.java:onNext(255)) - client-FB00420D972B->0a7e6056-64a2-4302-b029-255d48a66d7f: receive RaftClientReply:client-FB00420D972B->0a7e6056-64a2-4302-b029-255d48a66d7f@group-1EE0336AADCF, cid=1735, SUCCESS, logIndex=2500, commits[0a7e6056-64a2-4302-b029-255d48a66d7f:c2501, 82c1508e-6289-48e2-a567-a0e29c8b4903:c2497, f63d6ef8-0266-4bf3-bcb1-484cdaae1fbb:c2497]
2019-07-09 20:06:43,393 INFO  client.GrpcClientProtocolClient (GrpcClientProtocolClient.java:onNext(255)) - client-FB00420D972B->0a7e6056-64a2-4302-b029-255d48a66d7f: receive RaftClientReply:client-FB00420D972B->0a7e6056-64a2-4302-b029-255d48a66d7f@group-1EE0336AADCF, cid=1736, SUCCESS, logIndex=2501, commits[0a7e6056-64a2-4302-b029-255d48a66d7f:c2501, 82c1508e-6289-48e2-a567-a0e29c8b4903:c2497, f63d6ef8-0266-4bf3-bcb1-484cdaae1fbb:c2497]
2019-07-09 20:06:43,394 INFO  client.GrpcClientProtocolClient (GrpcClientProtocolClient.java:onNext(255)) - client-FB00420D972B->0a7e6056-64a2-4302-b029-255d48a66d7f: receive RaftClientReply:client-FB00420D972B->0a7e6056-64a2-4302-b029-255d48a66d7f@group-1EE0336AADCF, cid=1737, SUCCESS, logIndex=0, commits[0a7e6056-64a2-4302-b029-255d48a66d7f:c2502, 82c1508e-6289-48e2-a567-a0e29c8b4903:c2501, f63d6ef8-0266-4bf3-bcb1-484cdaae1fbb:c2501]
2019-07-09 20:06:43,425 INFO  client.GrpcClientProtocolClient (GrpcClientProtocolClient.java:onNext(255)) - client-FB00420D972B->0a7e6056-64a2-4302-b029-255d48a66d7f: receive RaftClientReply:client-FB00420D972B->0a7e6056-64a2-4302-b029-255d48a66d7f@group-1EE0336AADCF, cid=1738, SUCCESS, logIndex=2504, commits[0a7e6056-64a2-4302-b029-255d48a66d7f:c2504, 82c1508e-6289-48e2-a567-a0e29c8b4903:c2503, f63d6ef8-0266-4bf3-bcb1-484cdaae1fbb:c2503]
2019-07-09 20:06:43,426 INFO  client.GrpcClientProtocolClient (GrpcClientProtocolClient.java:onNext(255)) - client-FB00420D972B->0a7e6056-64a2-4302-b029-255d48a66d7f: receive RaftClientReply:client-FB00420D972B->0a7e6056-64a2-4302-b029-255d48a66d7f@group-1EE0336AADCF, cid=1739, SUCCESS, logIndex=2505, commits[0a7e6056-64a2-4302-b029-255d48a66d7f:c2507, 82c1508e-6289-48e2-a567-a0e29c8b4903:c2503, f63d6ef8-0266-4bf3-bcb1-484cdaae1fbb:c2503]
2019-07-09 20:06:43,427 INFO  client.GrpcClientProtocolClient (GrpcClientProtocolClient.java:onNext(255)) - client-FB00420D972B->0a7e6056-64a2-4302-b029-255d48a66d7f: receive RaftClientReply:client-FB00420D972B->0a7e6056-64a2-4302-b029-255d48a66d7f@group-1EE0336AADCF, cid=1740, SUCCESS, logIndex=2506, commits[0a7e6056-64a2-4302-b029-255d48a66d7f:c2507, 82c1508e-6289-48e2-a567-a0e29c8b4903:c2503, f63d6ef8-0266-4bf3-bcb1-484cdaae1fbb:c2503]
2019-07-09 20:06:43,427 INFO  client.GrpcClientProtocolClient (GrpcClientProtocolClient.java:onNext(255)) - client-FB00420D972B->0a7e6056-64a2-4302-b029-255d48a66d7f: receive RaftClientReply:client-FB00420D972B->0a7e6056-64a2-4302-b029-255d48a66d7f@group-1EE0336AADCF, cid=1741, SUCCESS, logIndex=2507, commits[0a7e6056-64a2-4302-b029-255d48a66d7f:c2508, 82c1508e-6289-48e2-a567-a0e29c8b4903:c2503, f63d6ef8-0266-4bf3-bcb1-484cdaae1fbb:c2504]
2019-07-09 20:06:43,430 INFO  client.GrpcClientProtocolClient (GrpcClientProtocolClient.java:onNext(255)) - client-FB00420D972B->0a7e6056-64a2-4302-b029-255d48a66d7f: receive RaftClientReply:client-FB00420D972B->0a7e6056-64a2-4302-b029-255d48a66d7f@group-1EE0336AADCF, cid=1742, SUCCESS, logIndex=0, commits[0a7e6056-64a2-4302-b029-255d48a66d7f:c2509, 82c1508e-6289-48e2-a567-a0e29c8b4903:c2505, f63d6ef8-0266-4bf3-bcb1-484cdaae1fbb:c2505]
2019-07-09 20:06:43,455 INFO  client.GrpcClientProtocolClient (GrpcClientProtocolClient.java:onNext(255)) - client-FB00420D972B->0a7e6056-64a2-4302-b029-255d48a66d7f: receive RaftClientReply:client-FB00420D972B->0a7e6056-64a2-4302-b029-255d48a66d7f@group-1EE0336AADCF, cid=1743, SUCCESS, logIndex=2512, commits[0a7e6056-64a2-4302-b029-255d48a66d7f:c2513, 82c1508e-6289-48e2-a567-a0e29c8b4903:c2511, f63d6ef8-0266-4bf3-bcb1-484cdaae1fbb:c2511]
2019-07-09 20:06:43,455 INFO  client.GrpcClientProtocolClient (GrpcClientProtocolClient.java:onNext(255)) - client-FB00420D972B->0a7e6056-64a2-4302-b029-255d48a66d7f: receive RaftClientReply:client-FB00420D972B->0a7e6056-64a2-4302-b029-255d48a66d7f@group-1EE0336AADCF, cid=1744, SUCCESS, logIndex=2513, commits[0a7e6056-64a2-4302-b029-255d48a66d7f:c2513, 82c1508e-6289-48e2-a567-a0e29c8b4903:c2511, f63d6ef8-0266-4bf3-bcb1-484cdaae1fbb:c2511]
2019-07-09 20:06:43,480 INFO  client.GrpcClientProtocolClient (GrpcClientProtocolClient.java:onNext(255)) - client-FB00420D972B->0a7e6056-64a2-4302-b029-255d48a66d7f: receive RaftClientReply:client-FB00420D972B->0a7e6056-64a2-4302-b029-255d48a66d7f@group-1EE0336AADCF, cid=1745, SUCCESS, logIndex=2516, commits[0a7e6056-64a2-4302-b029-255d48a66d7f:c2517, 82c1508e-6289-48e2-a567-a0e29c8b4903:c2513, f63d6ef8-0266-4bf3-bcb1-484cdaae1fbb:c2513]
2019-07-09 20:06:43,481 INFO  client.GrpcClientProtocolClient (GrpcClientProtocolClient.java:onNext(255)) - client-FB00420D972B->0a7e6056-64a2-4302-b029-255d48a66d7f: receive RaftClientReply:client-FB00420D972B->0a7e6056-64a2-4302-b029-255d48a66d7f@group-1EE0336AADCF, cid=1746, SUCCESS, logIndex=2517, commits[0a7e6056-64a2-4302-b029-255d48a66d7f:c2517, 82c1508e-6289-48e2-a567-a0e29c8b4903:c2513, f63d6ef8-0266-4bf3-bcb1-484cdaae1fbb:c2513]
2019-07-09 20:06:43,495 INFO  client.GrpcClientProtocolClient (GrpcClientProtocolClient.java:onNext(255)) - client-FB00420D972B->0a7e6056-64a2-4302-b029-255d48a66d7f: receive RaftClientReply:client-FB00420D972B->0a7e6056-64a2-4302-b029-255d48a66d7f@group-1EE0336AADCF, cid=1747, SUCCESS, logIndex=0, commits[0a7e6056-64a2-4302-b029-255d48a66d7f:c2519, 82c1508e-6289-48e2-a567-a0e29c8b4903:c2517, f63d6ef8-0266-4bf3-bcb1-484cdaae1fbb:c2517]
2019-07-09 20:06:43,525 INFO  client.GrpcClientProtocolClient (GrpcClientProtocolClient.java:onNext(255)) - client-FB00420D972B->0a7e6056-64a2-4302-b029-255d48a66d7f: receive RaftClientReply:client-FB00420D972B->0a7e6056-64a2-4302-b029-255d48a66d7f@group-1EE0336AADCF, cid=1748, SUCCESS, logIndex=2520, commits[0a7e6056-64a2-4302-b029-255d48a66d7f:c2521, 82c1508e-6289-48e2-a567-a0e29c8b4903:c2519, f63d6ef8-0266-4bf3-bcb1-484cdaae1fbb:c2519]
2019-07-09 20:06:43,526 INFO  client.GrpcClientProtocolClient (GrpcClientProtocolClient.java:onNext(255)) - client-FB00420D972B->0a7e6056-64a2-4302-b029-255d48a66d7f: receive RaftClientReply:client-FB00420D972B->0a7e6056-64a2-4302-b029-255d48a66d7f@group-1EE0336AADCF, cid=1749, SUCCESS, logIndex=2521, commits[0a7e6056-64a2-4302-b029-255d48a66d7f:c2522, 82c1508e-6289-48e2-a567-a0e29c8b4903:c2519, f63d6ef8-0266-4bf3-bcb1-484cdaae1fbb:c2519]
2019-07-09 20:06:43,526 INFO  client.GrpcClientProtocolClient (GrpcClientProtocolClient.java:onNext(255)) - client-FB00420D972B->0a7e6056-64a2-4302-b029-255d48a66d7f: receive RaftClientReply:client-FB00420D972B->0a7e6056-64a2-4302-b029-255d48a66d7f@group-1EE0336AADCF, cid=1750, SUCCESS, logIndex=2522, commits[0a7e6056-64a2-4302-b029-255d48a66d7f:c2523, 82c1508e-6289-48e2-a567-a0e29c8b4903:c2519, f63d6ef8-0266-4bf3-bcb1-484cdaae1fbb:c2519]
2019-07-09 20:06:43,526 INFO  client.GrpcClientProtocolClient (GrpcClientProtocolClient.java:onNext(255)) - client-FB00420D972B->0a7e6056-64a2-4302-b029-255d48a66d7f: receive RaftClientReply:client-FB00420D972B->0a7e6056-64a2-4302-b029-255d48a66d7f@group-1EE0336AADCF, cid=1751, SUCCESS, logIndex=2523, commits[0a7e6056-64a2-4302-b029-255d48a66d7f:c2523, 82c1508e-6289-48e2-a567-a0e29c8b4903:c2519, f63d6ef8-0266-4bf3-bcb1-484cdaae1fbb:c2519]
2019-07-09 20:06:43,539 INFO  client.GrpcClientProtocolClient (GrpcClientProtocolClient.java:onNext(255)) - client-FB00420D972B->0a7e6056-64a2-4302-b029-255d48a66d7f: receive RaftClientReply:client-FB00420D972B->0a7e6056-64a2-4302-b029-255d48a66d7f@group-1EE0336AADCF, cid=1752, SUCCESS, logIndex=0, commits[0a7e6056-64a2-4302-b029-255d48a66d7f:c2525, 82c1508e-6289-48e2-a567-a0e29c8b4903:c2521, f63d6ef8-0266-4bf3-bcb1-484cdaae1fbb:c2521]
2019-07-09 20:06:43,561 INFO  client.GrpcClientProtocolClient (GrpcClientProtocolClient.java:onNext(255)) - client-FB00420D972B->0a7e6056-64a2-4302-b029-255d48a66d7f: receive RaftClientReply:client-FB00420D972B->0a7e6056-64a2-4302-b029-255d48a66d7f@group-1EE0336AADCF, cid=1753, SUCCESS, logIndex=2528, commits[0a7e6056-64a2-4302-b029-255d48a66d7f:c2529, 82c1508e-6289-48e2-a567-a0e29c8b4903:c2527, f63d6ef8-0266-4bf3-bcb1-484cdaae1fbb:c2527]
2019-07-09 20:06:43,562 INFO  client.GrpcClientProtocolClient (GrpcClientProtocolClient.java:onNext(255)) - client-FB00420D972B->0a7e6056-64a2-4302-b029-255d48a66d7f: receive RaftClientReply:client-FB00420D972B->0a7e6056-64a2-4302-b029-255d48a66d7f@group-1EE0336AADCF, cid=1754, SUCCESS, logIndex=2529, commits[0a7e6056-64a2-4302-b029-255d48a66d7f:c2529, 82c1508e-6289-48e2-a567-a0e29c8b4903:c2527, f63d6ef8-0266-4bf3-bcb1-484cdaae1fbb:c2527]
2019-07-09 20:06:43,586 INFO  client.GrpcClientProtocolClient (GrpcClientProtocolClient.java:onNext(255)) - client-FB00420D972B->0a7e6056-64a2-4302-b029-255d48a66d7f: receive RaftClientReply:client-FB00420D972B->0a7e6056-64a2-4302-b029-255d48a66d7f@group-1EE0336AADCF, cid=1755, SUCCESS, logIndex=2532, commits[0a7e6056-64a2-4302-b029-255d48a66d7f:c2533, 82c1508e-6289-48e2-a567-a0e29c8b4903:c2528, f63d6ef8-0266-4bf3-bcb1-484cdaae1fbb:c2529]
2019-07-09 20:06:43,586 INFO  client.GrpcClientProtocolClient (GrpcClientProtocolClient.java:onNext(255)) - client-FB00420D972B->0a7e6056-64a2-4302-b029-255d48a66d7f: receive RaftClientReply:client-FB00420D972B->0a7e6056-64a2-4302-b029-255d48a66d7f@group-1EE0336AADCF, cid=1756, SUCCESS, logIndex=2533, commits[0a7e6056-64a2-4302-b029-255d48a66d7f:c2533, 82c1508e-6289-48e2-a567-a0e29c8b4903:c2529, f63d6ef8-0266-4bf3-bcb1-484cdaae1fbb:c2529]
2019-07-09 20:06:43,588 INFO  client.GrpcClientProtocolClient (GrpcClientProtocolClient.java:onNext(255)) - client-FB00420D972B->0a7e6056-64a2-4302-b029-255d48a66d7f: receive RaftClientReply:client-FB00420D972B->0a7e6056-64a2-4302-b029-255d48a66d7f@group-1EE0336AADCF, cid=1757, SUCCESS, logIndex=0, commits[0a7e6056-64a2-4302-b029-255d48a66d7f:c2535, 82c1508e-6289-48e2-a567-a0e29c8b4903:c2533, f63d6ef8-0266-4bf3-bcb1-484cdaae1fbb:c2533]
2019-07-09 20:06:43,613 INFO  client.GrpcClientProtocolClient (GrpcClientProtocolClient.java:onNext(255)) - client-FB00420D972B->0a7e6056-64a2-4302-b029-255d48a66d7f: receive RaftClientReply:client-FB00420D972B->0a7e6056-64a2-4302-b029-255d48a66d7f@group-1EE0336AADCF, cid=1758, SUCCESS, logIndex=2536, commits[0a7e6056-64a2-4302-b029-255d48a66d7f:c2537, 82c1508e-6289-48e2-a567-a0e29c8b4903:c2535, f63d6ef8-0266-4bf3-bcb1-484cdaae1fbb:c2535]
2019-07-09 20:06:43,614 INFO  client.GrpcClientProtocolClient (GrpcClientProtocolClient.java:onNext(255)) - client-FB00420D972B->0a7e6056-64a2-4302-b029-255d48a66d7f: receive RaftClientReply:client-FB00420D972B->0a7e6056-64a2-4302-b029-255d48a66d7f@group-1EE0336AADCF, cid=1759, SUCCESS, logIndex=2537, commits[0a7e6056-64a2-4302-b029-255d48a66d7f:c2539, 82c1508e-6289-48e2-a567-a0e29c8b4903:c2535, f63d6ef8-0266-4bf3-bcb1-484cdaae1fbb:c2535]
2019-07-09 20:06:43,614 INFO  client.GrpcClientProtocolClient (GrpcClientProtocolClient.java:onNext(255)) - client-FB00420D972B->0a7e6056-64a2-4302-b029-255d48a66d7f: receive RaftClientReply:client-FB00420D972B->0a7e6056-64a2-4302-b029-255d48a66d7f@group-1EE0336AADCF, cid=1760, SUCCESS, logIndex=2538, commits[0a7e6056-64a2-4302-b029-255d48a66d7f:c2539, 82c1508e-6289-48e2-a567-a0e29c8b4903:c2535, f63d6ef8-0266-4bf3-bcb1-484cdaae1fbb:c2535]
2019-07-09 20:06:43,614 INFO  client.GrpcClientProtocolClient (GrpcClientProtocolClient.java:onNext(255)) - client-FB00420D972B->0a7e6056-64a2-4302-b029-255d48a66d7f: receive RaftClientReply:client-FB00420D972B->0a7e6056-64a2-4302-b029-255d48a66d7f@group-1EE0336AADCF, cid=1761, SUCCESS, logIndex=2539, commits[0a7e6056-64a2-4302-b029-255d48a66d7f:c2539, 82c1508e-6289-48e2-a567-a0e29c8b4903:c2535, f63d6ef8-0266-4bf3-bcb1-484cdaae1fbb:c2535]
2019-07-09 20:06:43,615 INFO  client.GrpcClientProtocolClient (GrpcClientProtocolClient.java:onNext(255)) - client-FB00420D972B->0a7e6056-64a2-4302-b029-255d48a66d7f: receive RaftClientReply:client-FB00420D972B->0a7e6056-64a2-4302-b029-255d48a66d7f@group-1EE0336AADCF, cid=1762, SUCCESS, logIndex=0, commits[0a7e6056-64a2-4302-b029-255d48a66d7f:c2540, 82c1508e-6289-48e2-a567-a0e29c8b4903:c2537, f63d6ef8-0266-4bf3-bcb1-484cdaae1fbb:c2537]
2019-07-09 20:06:43,636 INFO  client.GrpcClientProtocolClient (GrpcClientProtocolClient.java:onNext(255)) - client-FB00420D972B->0a7e6056-64a2-4302-b029-255d48a66d7f: receive RaftClientReply:client-FB00420D972B->0a7e6056-64a2-4302-b029-255d48a66d7f@group-1EE0336AADCF, cid=1763, SUCCESS, logIndex=2544, commits[0a7e6056-64a2-4302-b029-255d48a66d7f:c2545, 82c1508e-6289-48e2-a567-a0e29c8b4903:c2543, f63d6ef8-0266-4bf3-bcb1-484cdaae1fbb:c2543]
2019-07-09 20:06:43,636 INFO  client.GrpcClientProtocolClient (GrpcClientProtocolClient.java:onNext(255)) - client-FB00420D972B->0a7e6056-64a2-4302-b029-255d48a66d7f: receive RaftClientReply:client-FB00420D972B->0a7e6056-64a2-4302-b029-255d48a66d7f@group-1EE0336AADCF, cid=1764, SUCCESS, logIndex=2545, commits[0a7e6056-64a2-4302-b029-255d48a66d7f:c2545, 82c1508e-6289-48e2-a567-a0e29c8b4903:c2543, f63d6ef8-0266-4bf3-bcb1-484cdaae1fbb:c2543]
2019-07-09 20:06:43,650 INFO  client.GrpcClientProtocolClient (GrpcClientProtocolClient.java:onNext(255)) - client-FB00420D972B->0a7e6056-64a2-4302-b029-255d48a66d7f: receive RaftClientReply:client-FB00420D972B->0a7e6056-64a2-4302-b029-255d48a66d7f@group-1EE0336AADCF, cid=1765, SUCCESS, logIndex=2548, commits[0a7e6056-64a2-4302-b029-255d48a66d7f:c2549, 82c1508e-6289-48e2-a567-a0e29c8b4903:c2545, f63d6ef8-0266-4bf3-bcb1-484cdaae1fbb:c2545]
2019-07-09 20:06:43,650 INFO  client.GrpcClientProtocolClient (GrpcClientProtocolClient.java:onNext(255)) - client-FB00420D972B->0a7e6056-64a2-4302-b029-255d48a66d7f: receive RaftClientReply:client-FB00420D972B->0a7e6056-64a2-4302-b029-255d48a66d7f@group-1EE0336AADCF, cid=1766, SUCCESS, logIndex=2549, commits[0a7e6056-64a2-4302-b029-255d48a66d7f:c2549, 82c1508e-6289-48e2-a567-a0e29c8b4903:c2545, f63d6ef8-0266-4bf3-bcb1-484cdaae1fbb:c2545]
2019-07-09 20:06:43,665 INFO  client.GrpcClientProtocolClient (GrpcClientProtocolClient.java:onNext(255)) - client-FB00420D972B->0a7e6056-64a2-4302-b029-255d48a66d7f: receive RaftClientReply:client-FB00420D972B->0a7e6056-64a2-4302-b029-255d48a66d7f@group-1EE0336AADCF, cid=1767, SUCCESS, logIndex=0, commits[0a7e6056-64a2-4302-b029-255d48a66d7f:c2551, 82c1508e-6289-48e2-a567-a0e29c8b4903:c2549, f63d6ef8-0266-4bf3-bcb1-484cdaae1fbb:c2549]
2019-07-09 20:06:43,697 INFO  client.GrpcClientProtocolClient (GrpcClientProtocolClient.java:onNext(255)) - client-FB00420D972B->0a7e6056-64a2-4302-b029-255d48a66d7f: receive RaftClientReply:client-FB00420D972B->0a7e6056-64a2-4302-b029-255d48a66d7f@group-1EE0336AADCF, cid=1768, SUCCESS, logIndex=2552, commits[0a7e6056-64a2-4302-b029-255d48a66d7f:c2554, 82c1508e-6289-48e2-a567-a0e29c8b4903:c2551, f63d6ef8-0266-4bf3-bcb1-484cdaae1fbb:c2551]
2019-07-09 20:06:43,698 INFO  client.GrpcClientProtocolClient (GrpcClientProtocolClient.java:onNext(255)) - client-FB00420D972B->0a7e6056-64a2-4302-b029-255d48a66d7f: receive RaftClientReply:client-FB00420D972B->0a7e6056-64a2-4302-b029-255d48a66d7f@group-1EE0336AADCF, cid=1769, SUCCESS, logIndex=2553, commits[0a7e6056-64a2-4302-b029-255d48a66d7f:c2555, 82c1508e-6289-48e2-a567-a0e29c8b4903:c2551, f63d6ef8-0266-4bf3-bcb1-484cdaae1fbb:c2551]
2019-07-09 20:06:43,699 INFO  client.GrpcClientProtocolClient (GrpcClientProtocolClient.java:onNext(255)) - client-FB00420D972B->0a7e6056-64a2-4302-b029-255d48a66d7f: receive RaftClientReply:client-FB00420D972B->0a7e6056-64a2-4302-b029-255d48a66d7f@group-1EE0336AADCF, cid=1770, SUCCESS, logIndex=2554, commits[0a7e6056-64a2-4302-b029-255d48a66d7f:c2555, 82c1508e-6289-48e2-a567-a0e29c8b4903:c2551, f63d6ef8-0266-4bf3-bcb1-484cdaae1fbb:c2551]
2019-07-09 20:06:43,699 INFO  client.GrpcClientProtocolClient (GrpcClientProtocolClient.java:onNext(255)) - client-FB00420D972B->0a7e6056-64a2-4302-b029-255d48a66d7f: receive RaftClientReply:client-FB00420D972B->0a7e6056-64a2-4302-b029-255d48a66d7f@group-1EE0336AADCF, cid=1771, SUCCESS, logIndex=2555, commits[0a7e6056-64a2-4302-b029-255d48a66d7f:c2555, 82c1508e-6289-48e2-a567-a0e29c8b4903:c2551, f63d6ef8-0266-4bf3-bcb1-484cdaae1fbb:c2551]
2019-07-09 20:06:43,712 INFO  client.GrpcClientProtocolClient (GrpcClientProtocolClient.java:onNext(255)) - client-FB00420D972B->0a7e6056-64a2-4302-b029-255d48a66d7f: receive RaftClientReply:client-FB00420D972B->0a7e6056-64a2-4302-b029-255d48a66d7f@group-1EE0336AADCF, cid=1772, SUCCESS, logIndex=0, commits[0a7e6056-64a2-4302-b029-255d48a66d7f:c2557, 82c1508e-6289-48e2-a567-a0e29c8b4903:c2553, f63d6ef8-0266-4bf3-bcb1-484cdaae1fbb:c2553]
2019-07-09 20:06:43,733 INFO  client.GrpcClientProtocolClient (GrpcClientProtocolClient.java:onNext(255)) - client-FB00420D972B->0a7e6056-64a2-4302-b029-255d48a66d7f: receive RaftClientReply:client-FB00420D972B->0a7e6056-64a2-4302-b029-255d48a66d7f@group-1EE0336AADCF, cid=1773, SUCCESS, logIndex=2560, commits[0a7e6056-64a2-4302-b029-255d48a66d7f:c2561, 82c1508e-6289-48e2-a567-a0e29c8b4903:c2559, f63d6ef8-0266-4bf3-bcb1-484cdaae1fbb:c2559]
2019-07-09 20:06:43,733 INFO  client.GrpcClientProtocolClient (GrpcClientProtocolClient.java:onNext(255)) - client-FB00420D972B->0a7e6056-64a2-4302-b029-255d48a66d7f: receive RaftClientReply:client-FB00420D972B->0a7e6056-64a2-4302-b029-255d48a66d7f@group-1EE0336AADCF, cid=1774, SUCCESS, logIndex=2561, commits[0a7e6056-64a2-4302-b029-255d48a66d7f:c2561, 82c1508e-6289-48e2-a567-a0e29c8b4903:c2559, f63d6ef8-0266-4bf3-bcb1-484cdaae1fbb:c2559]
2019-07-09 20:06:43,748 INFO  client.GrpcClientProtocolClient (GrpcClientProtocolClient.java:onNext(255)) - client-FB00420D972B->0a7e6056-64a2-4302-b029-255d48a66d7f: receive RaftClientReply:client-FB00420D972B->0a7e6056-64a2-4302-b029-255d48a66d7f@group-1EE0336AADCF, cid=1775, SUCCESS, logIndex=2564, commits[0a7e6056-64a2-4302-b029-255d48a66d7f:c2564, 82c1508e-6289-48e2-a567-a0e29c8b4903:c2561, f63d6ef8-0266-4bf3-bcb1-484cdaae1fbb:c2561]
2019-07-09 20:06:43,748 INFO  client.GrpcClientProtocolClient (GrpcClientProtocolClient.java:onNext(255)) - client-FB00420D972B->0a7e6056-64a2-4302-b029-255d48a66d7f: receive RaftClientReply:client-FB00420D972B->0a7e6056-64a2-4302-b029-255d48a66d7f@group-1EE0336AADCF, cid=1776, SUCCESS, logIndex=2565, commits[0a7e6056-64a2-4302-b029-255d48a66d7f:c2565, 82c1508e-6289-48e2-a567-a0e29c8b4903:c2561, f63d6ef8-0266-4bf3-bcb1-484cdaae1fbb:c2561]
2019-07-09 20:06:43,761 INFO  client.GrpcClientProtocolClient (GrpcClientProtocolClient.java:onNext(255)) - client-FB00420D972B->0a7e6056-64a2-4302-b029-255d48a66d7f: receive RaftClientReply:client-FB00420D972B->0a7e6056-64a2-4302-b029-255d48a66d7f@group-1EE0336AADCF, cid=1777, SUCCESS, logIndex=0, commits[0a7e6056-64a2-4302-b029-255d48a66d7f:c2567, 82c1508e-6289-48e2-a567-a0e29c8b4903:c2565, f63d6ef8-0266-4bf3-bcb1-484cdaae1fbb:c2565]
2019-07-09 20:06:43,789 INFO  client.GrpcClientProtocolClient (GrpcClientProtocolClient.java:onNext(255)) - client-FB00420D972B->0a7e6056-64a2-4302-b029-255d48a66d7f: receive RaftClientReply:client-FB00420D972B->0a7e6056-64a2-4302-b029-255d48a66d7f@group-1EE0336AADCF, cid=1778, SUCCESS, logIndex=2568, commits[0a7e6056-64a2-4302-b029-255d48a66d7f:c2570, 82c1508e-6289-48e2-a567-a0e29c8b4903:c2567, f63d6ef8-0266-4bf3-bcb1-484cdaae1fbb:c2567]
2019-07-09 20:06:43,789 INFO  client.GrpcClientProtocolClient (GrpcClientProtocolClient.java:onNext(255)) - client-FB00420D972B->0a7e6056-64a2-4302-b029-255d48a66d7f: receive RaftClientReply:client-FB00420D972B->0a7e6056-64a2-4302-b029-255d48a66d7f@group-1EE0336AADCF, cid=1779, SUCCESS, logIndex=2569, commits[0a7e6056-64a2-4302-b029-255d48a66d7f:c2571, 82c1508e-6289-48e2-a567-a0e29c8b4903:c2567, f63d6ef8-0266-4bf3-bcb1-484cdaae1fbb:c2567]
2019-07-09 20:06:43,789 INFO  client.GrpcClientProtocolClient (GrpcClientProtocolClient.java:onNext(255)) - client-FB00420D972B->0a7e6056-64a2-4302-b029-255d48a66d7f: receive RaftClientReply:client-FB00420D972B->0a7e6056-64a2-4302-b029-255d48a66d7f@group-1EE0336AADCF, cid=1780, SUCCESS, logIndex=2570, commits[0a7e6056-64a2-4302-b029-255d48a66d7f:c2571, 82c1508e-6289-48e2-a567-a0e29c8b4903:c2567, f63d6ef8-0266-4bf3-bcb1-484cdaae1fbb:c2567]
2019-07-09 20:06:43,790 INFO  client.GrpcClientProtocolClient (GrpcClientProtocolClient.java:onNext(255)) - client-FB00420D972B->0a7e6056-64a2-4302-b029-255d48a66d7f: receive RaftClientReply:client-FB00420D972B->0a7e6056-64a2-4302-b029-255d48a66d7f@group-1EE0336AADCF, cid=1781, SUCCESS, logIndex=2571, commits[0a7e6056-64a2-4302-b029-255d48a66d7f:c2571, 82c1508e-6289-48e2-a567-a0e29c8b4903:c2567, f63d6ef8-0266-4bf3-bcb1-484cdaae1fbb:c2567]
2019-07-09 20:06:43,803 INFO  client.GrpcClientProtocolClient (GrpcClientProtocolClient.java:onNext(255)) - client-FB00420D972B->0a7e6056-64a2-4302-b029-255d48a66d7f: receive RaftClientReply:client-FB00420D972B->0a7e6056-64a2-4302-b029-255d48a66d7f@group-1EE0336AADCF, cid=1782, SUCCESS, logIndex=0, commits[0a7e6056-64a2-4302-b029-255d48a66d7f:c2574, 82c1508e-6289-48e2-a567-a0e29c8b4903:c2570, f63d6ef8-0266-4bf3-bcb1-484cdaae1fbb:c2570]
 0.00% |█                                                                                                    |  0/1 Time: 0:00:152019-07-09 20:06:43,823 INFO  client.GrpcClientProtocolClient (GrpcClientProtocolClient.java:onNext(255)) - client-FB00420D972B->0a7e6056-64a2-4302-b029-255d48a66d7f: receive RaftClientReply:client-FB00420D972B->0a7e6056-64a2-4302-b029-255d48a66d7f@group-1EE0336AADCF, cid=1783, SUCCESS, logIndex=2576, commits[0a7e6056-64a2-4302-b029-255d48a66d7f:c2577, 82c1508e-6289-48e2-a567-a0e29c8b4903:c2575, f63d6ef8-0266-4bf3-bcb1-484cdaae1fbb:c2575]
2019-07-09 20:06:43,823 INFO  client.GrpcClientProtocolClient (GrpcClientProtocolClient.java:onNext(255)) - client-FB00420D972B->0a7e6056-64a2-4302-b029-255d48a66d7f: receive RaftClientReply:client-FB00420D972B->0a7e6056-64a2-4302-b029-255d48a66d7f@group-1EE0336AADCF, cid=1784, SUCCESS, logIndex=2577, commits[0a7e6056-64a2-4302-b029-255d48a66d7f:c2577, 82c1508e-6289-48e2-a567-a0e29c8b4903:c2575, f63d6ef8-0266-4bf3-bcb1-484cdaae1fbb:c2575]
2019-07-09 20:06:43,838 INFO  client.GrpcClientProtocolClient (GrpcClientProtocolClient.java:onNext(255)) - client-FB00420D972B->0a7e6056-64a2-4302-b029-255d48a66d7f: receive RaftClientReply:client-FB00420D972B->0a7e6056-64a2-4302-b029-255d48a66d7f@group-1EE0336AADCF, cid=1785, SUCCESS, logIndex=2580, commits[0a7e6056-64a2-4302-b029-255d48a66d7f:c2580, 82c1508e-6289-48e2-a567-a0e29c8b4903:c2577, f63d6ef8-0266-4bf3-bcb1-484cdaae1fbb:c2577]
2019-07-09 20:06:43,838 INFO  client.GrpcClientProtocolClient (GrpcClientProtocolClient.java:onNext(255)) - client-FB00420D972B->0a7e6056-64a2-4302-b029-255d48a66d7f: receive RaftClientReply:client-FB00420D972B->0a7e6056-64a2-4302-b029-255d48a66d7f@group-1EE0336AADCF, cid=1786, SUCCESS, logIndex=2581, commits[0a7e6056-64a2-4302-b029-255d48a66d7f:c2581, 82c1508e-6289-48e2-a567-a0e29c8b4903:c2577, f63d6ef8-0266-4bf3-bcb1-484cdaae1fbb:c2577]
2019-07-09 20:06:43,843 INFO  client.GrpcClientProtocolClient (GrpcClientProtocolClient.java:onNext(255)) - client-FB00420D972B->0a7e6056-64a2-4302-b029-255d48a66d7f: receive RaftClientReply:client-FB00420D972B->0a7e6056-64a2-4302-b029-255d48a66d7f@group-1EE0336AADCF, cid=1787, SUCCESS, logIndex=0, commits[0a7e6056-64a2-4302-b029-255d48a66d7f:c2583, 82c1508e-6289-48e2-a567-a0e29c8b4903:c2581, f63d6ef8-0266-4bf3-bcb1-484cdaae1fbb:c2581]
2019-07-09 20:06:43,870 INFO  client.GrpcClientProtocolClient (GrpcClientProtocolClient.java:onNext(255)) - client-FB00420D972B->0a7e6056-64a2-4302-b029-255d48a66d7f: receive RaftClientReply:client-FB00420D972B->0a7e6056-64a2-4302-b029-255d48a66d7f@group-1EE0336AADCF, cid=1788, SUCCESS, logIndex=2584, commits[0a7e6056-64a2-4302-b029-255d48a66d7f:c2585, 82c1508e-6289-48e2-a567-a0e29c8b4903:c2583, f63d6ef8-0266-4bf3-bcb1-484cdaae1fbb:c2583]
2019-07-09 20:06:43,871 INFO  client.GrpcClientProtocolClient (GrpcClientProtocolClient.java:onNext(255)) - client-FB00420D972B->0a7e6056-64a2-4302-b029-255d48a66d7f: receive RaftClientReply:client-FB00420D972B->0a7e6056-64a2-4302-b029-255d48a66d7f@group-1EE0336AADCF, cid=1789, SUCCESS, logIndex=2585, commits[0a7e6056-64a2-4302-b029-255d48a66d7f:c2587, 82c1508e-6289-48e2-a567-a0e29c8b4903:c2583, f63d6ef8-0266-4bf3-bcb1-484cdaae1fbb:c2583]
2019-07-09 20:06:43,871 INFO  client.GrpcClientProtocolClient (GrpcClientProtocolClient.java:onNext(255)) - client-FB00420D972B->0a7e6056-64a2-4302-b029-255d48a66d7f: receive RaftClientReply:client-FB00420D972B->0a7e6056-64a2-4302-b029-255d48a66d7f@group-1EE0336AADCF, cid=1790, SUCCESS, logIndex=2586, commits[0a7e6056-64a2-4302-b029-255d48a66d7f:c2587, 82c1508e-6289-48e2-a567-a0e29c8b4903:c2583, f63d6ef8-0266-4bf3-bcb1-484cdaae1fbb:c2583]
2019-07-09 20:06:43,872 INFO  client.GrpcClientProtocolClient (GrpcClientProtocolClient.java:onNext(255)) - client-FB00420D972B->0a7e6056-64a2-4302-b029-255d48a66d7f: receive RaftClientReply:client-FB00420D972B->0a7e6056-64a2-4302-b029-255d48a66d7f@group-1EE0336AADCF, cid=1791, SUCCESS, logIndex=2587, commits[0a7e6056-64a2-4302-b029-255d48a66d7f:c2587, 82c1508e-6289-48e2-a567-a0e29c8b4903:c2583, f63d6ef8-0266-4bf3-bcb1-484cdaae1fbb:c2583]
2019-07-09 20:06:43,885 INFO  client.GrpcClientProtocolClient (GrpcClientProtocolClient.java:onNext(255)) - client-FB00420D972B->0a7e6056-64a2-4302-b029-255d48a66d7f: receive RaftClientReply:client-FB00420D972B->0a7e6056-64a2-4302-b029-255d48a66d7f@group-1EE0336AADCF, cid=1792, SUCCESS, logIndex=0, commits[0a7e6056-64a2-4302-b029-255d48a66d7f:c2589, 82c1508e-6289-48e2-a567-a0e29c8b4903:c2585, f63d6ef8-0266-4bf3-bcb1-484cdaae1fbb:c2585]
2019-07-09 20:06:43,902 INFO  client.GrpcClientProtocolClient (GrpcClientProtocolClient.java:onNext(255)) - client-FB00420D972B->0a7e6056-64a2-4302-b029-255d48a66d7f: receive RaftClientReply:client-FB00420D972B->0a7e6056-64a2-4302-b029-255d48a66d7f@group-1EE0336AADCF, cid=1793, SUCCESS, logIndex=2592, commits[0a7e6056-64a2-4302-b029-255d48a66d7f:c2593, 82c1508e-6289-48e2-a567-a0e29c8b4903:c2591, f63d6ef8-0266-4bf3-bcb1-484cdaae1fbb:c2587]
2019-07-09 20:06:43,902 INFO  client.GrpcClientProtocolClient (GrpcClientProtocolClient.java:onNext(255)) - client-FB00420D972B->0a7e6056-64a2-4302-b029-255d48a66d7f: receive RaftClientReply:client-FB00420D972B->0a7e6056-64a2-4302-b029-255d48a66d7f@group-1EE0336AADCF, cid=1794, SUCCESS, logIndex=2593, commits[0a7e6056-64a2-4302-b029-255d48a66d7f:c2593, 82c1508e-6289-48e2-a567-a0e29c8b4903:c2591, f63d6ef8-0266-4bf3-bcb1-484cdaae1fbb:c2591]
2019-07-09 20:06:43,921 INFO  client.GrpcClientProtocolClient (GrpcClientProtocolClient.java:onNext(255)) - client-FB00420D972B->0a7e6056-64a2-4302-b029-255d48a66d7f: receive RaftClientReply:client-FB00420D972B->0a7e6056-64a2-4302-b029-255d48a66d7f@group-1EE0336AADCF, cid=1795, SUCCESS, logIndex=2596, commits[0a7e6056-64a2-4302-b029-255d48a66d7f:c2597, 82c1508e-6289-48e2-a567-a0e29c8b4903:c2595, f63d6ef8-0266-4bf3-bcb1-484cdaae1fbb:c2595]
2019-07-09 20:06:43,922 INFO  client.GrpcClientProtocolClient (GrpcClientProtocolClient.java:onNext(255)) - client-FB00420D972B->0a7e6056-64a2-4302-b029-255d48a66d7f: receive RaftClientReply:client-FB00420D972B->0a7e6056-64a2-4302-b029-255d48a66d7f@group-1EE0336AADCF, cid=1796, SUCCESS, logIndex=2597, commits[0a7e6056-64a2-4302-b029-255d48a66d7f:c2597, 82c1508e-6289-48e2-a567-a0e29c8b4903:c2595, f63d6ef8-0266-4bf3-bcb1-484cdaae1fbb:c2595]
2019-07-09 20:06:43,936 INFO  client.GrpcClientProtocolClient (GrpcClientProtocolClient.java:onNext(255)) - client-FB00420D972B->0a7e6056-64a2-4302-b029-255d48a66d7f: receive RaftClientReply:client-FB00420D972B->0a7e6056-64a2-4302-b029-255d48a66d7f@group-1EE0336AADCF, cid=1797, SUCCESS, logIndex=0, commits[0a7e6056-64a2-4302-b029-255d48a66d7f:c2599, 82c1508e-6289-48e2-a567-a0e29c8b4903:c2597, f63d6ef8-0266-4bf3-bcb1-484cdaae1fbb:c2597]
2019-07-09 20:06:43,963 INFO  client.GrpcClientProtocolClient (GrpcClientProtocolClient.java:onNext(255)) - client-FB00420D972B->0a7e6056-64a2-4302-b029-255d48a66d7f: receive RaftClientReply:client-FB00420D972B->0a7e6056-64a2-4302-b029-255d48a66d7f@group-1EE0336AADCF, cid=1798, SUCCESS, logIndex=2600, commits[0a7e6056-64a2-4302-b029-255d48a66d7f:c2603, 82c1508e-6289-48e2-a567-a0e29c8b4903:c2599, f63d6ef8-0266-4bf3-bcb1-484cdaae1fbb:c2599]
2019-07-09 20:06:43,963 INFO  client.GrpcClientProtocolClient (GrpcClientProtocolClient.java:onNext(255)) - client-FB00420D972B->0a7e6056-64a2-4302-b029-255d48a66d7f: receive RaftClientReply:client-FB00420D972B->0a7e6056-64a2-4302-b029-255d48a66d7f@group-1EE0336AADCF, cid=1799, SUCCESS, logIndex=2601, commits[0a7e6056-64a2-4302-b029-255d48a66d7f:c2603, 82c1508e-6289-48e2-a567-a0e29c8b4903:c2599, f63d6ef8-0266-4bf3-bcb1-484cdaae1fbb:c2599]
2019-07-09 20:06:43,964 INFO  client.GrpcClientProtocolClient (GrpcClientProtocolClient.java:onNext(255)) - client-FB00420D972B->0a7e6056-64a2-4302-b029-255d48a66d7f: receive RaftClientReply:client-FB00420D972B->0a7e6056-64a2-4302-b029-255d48a66d7f@group-1EE0336AADCF, cid=1800, SUCCESS, logIndex=2602, commits[0a7e6056-64a2-4302-b029-255d48a66d7f:c2603, 82c1508e-6289-48e2-a567-a0e29c8b4903:c2599, f63d6ef8-0266-4bf3-bcb1-484cdaae1fbb:c2599]
2019-07-09 20:06:43,964 INFO  client.GrpcClientProtocolClient (GrpcClientProtocolClient.java:onNext(255)) - client-FB00420D972B->0a7e6056-64a2-4302-b029-255d48a66d7f: receive RaftClientReply:client-FB00420D972B->0a7e6056-64a2-4302-b029-255d48a66d7f@group-1EE0336AADCF, cid=1801, SUCCESS, logIndex=2603, commits[0a7e6056-64a2-4302-b029-255d48a66d7f:c2603, 82c1508e-6289-48e2-a567-a0e29c8b4903:c2599, f63d6ef8-0266-4bf3-bcb1-484cdaae1fbb:c2599]
2019-07-09 20:06:43,977 INFO  client.GrpcClientProtocolClient (GrpcClientProtocolClient.java:onNext(255)) - client-FB00420D972B->0a7e6056-64a2-4302-b029-255d48a66d7f: receive RaftClientReply:client-FB00420D972B->0a7e6056-64a2-4302-b029-255d48a66d7f@group-1EE0336AADCF, cid=1802, SUCCESS, logIndex=0, commits[0a7e6056-64a2-4302-b029-255d48a66d7f:c2607, 82c1508e-6289-48e2-a567-a0e29c8b4903:c2603, f63d6ef8-0266-4bf3-bcb1-484cdaae1fbb:c2601]
2019-07-09 20:06:44,081 INFO  client.GrpcClientProtocolClient (GrpcClientProtocolClient.java:onNext(255)) - client-FB00420D972B->0a7e6056-64a2-4302-b029-255d48a66d7f: receive RaftClientReply:client-FB00420D972B->0a7e6056-64a2-4302-b029-255d48a66d7f@group-1EE0336AADCF, cid=1803, SUCCESS, logIndex=2608, commits[0a7e6056-64a2-4302-b029-255d48a66d7f:c2609, 82c1508e-6289-48e2-a567-a0e29c8b4903:c2607, f63d6ef8-0266-4bf3-bcb1-484cdaae1fbb:c2607]
2019-07-09 20:06:44,083 INFO  client.GrpcClientProtocolClient (GrpcClientProtocolClient.java:onNext(255)) - client-FB00420D972B->0a7e6056-64a2-4302-b029-255d48a66d7f: receive RaftClientReply:client-FB00420D972B->0a7e6056-64a2-4302-b029-255d48a66d7f@group-1EE0336AADCF, cid=1804, SUCCESS, logIndex=2609, commits[0a7e6056-64a2-4302-b029-255d48a66d7f:c2609, 82c1508e-6289-48e2-a567-a0e29c8b4903:c2608, f63d6ef8-0266-4bf3-bcb1-484cdaae1fbb:c2607]
2019-07-09 20:06:44,119 INFO  client.GrpcClientProtocolClient (GrpcClientProtocolClient.java:onNext(255)) - client-FB00420D972B->0a7e6056-64a2-4302-b029-255d48a66d7f: receive RaftClientReply:client-FB00420D972B->0a7e6056-64a2-4302-b029-255d48a66d7f@group-1EE0336AADCF, cid=1805, SUCCESS, logIndex=2612, commits[0a7e6056-64a2-4302-b029-255d48a66d7f:c2613, 82c1508e-6289-48e2-a567-a0e29c8b4903:c2610, f63d6ef8-0266-4bf3-bcb1-484cdaae1fbb:c2610]
2019-07-09 20:06:44,120 INFO  client.GrpcClientProtocolClient (GrpcClientProtocolClient.java:onNext(255)) - client-FB00420D972B->0a7e6056-64a2-4302-b029-255d48a66d7f: receive RaftClientReply:client-FB00420D972B->0a7e6056-64a2-4302-b029-255d48a66d7f@group-1EE0336AADCF, cid=1806, SUCCESS, logIndex=2613, commits[0a7e6056-64a2-4302-b029-255d48a66d7f:c2613, 82c1508e-6289-48e2-a567-a0e29c8b4903:c2610, f63d6ef8-0266-4bf3-bcb1-484cdaae1fbb:c2610]
2019-07-09 20:06:44,121 INFO  client.GrpcClientProtocolClient (GrpcClientProtocolClient.java:onNext(255)) - client-FB00420D972B->0a7e6056-64a2-4302-b029-255d48a66d7f: receive RaftClientReply:client-FB00420D972B->0a7e6056-64a2-4302-b029-255d48a66d7f@group-1EE0336AADCF, cid=1807, SUCCESS, logIndex=0, commits[0a7e6056-64a2-4302-b029-255d48a66d7f:c2614, 82c1508e-6289-48e2-a567-a0e29c8b4903:c2613, f63d6ef8-0266-4bf3-bcb1-484cdaae1fbb:c2613]
2019-07-09 20:06:44,151 INFO  client.GrpcClientProtocolClient (GrpcClientProtocolClient.java:onNext(255)) - client-FB00420D972B->0a7e6056-64a2-4302-b029-255d48a66d7f: receive RaftClientReply:client-FB00420D972B->0a7e6056-64a2-4302-b029-255d48a66d7f@group-1EE0336AADCF, cid=1808, SUCCESS, logIndex=2616, commits[0a7e6056-64a2-4302-b029-255d48a66d7f:c2617, 82c1508e-6289-48e2-a567-a0e29c8b4903:c2615, f63d6ef8-0266-4bf3-bcb1-484cdaae1fbb:c2615]
2019-07-09 20:06:44,152 INFO  client.GrpcClientProtocolClient (GrpcClientProtocolClient.java:onNext(255)) - client-FB00420D972B->0a7e6056-64a2-4302-b029-255d48a66d7f: receive RaftClientReply:client-FB00420D972B->0a7e6056-64a2-4302-b029-255d48a66d7f@group-1EE0336AADCF, cid=1809, SUCCESS, logIndex=2617, commits[0a7e6056-64a2-4302-b029-255d48a66d7f:c2619, 82c1508e-6289-48e2-a567-a0e29c8b4903:c2615, f63d6ef8-0266-4bf3-bcb1-484cdaae1fbb:c2615]
2019-07-09 20:06:44,152 INFO  client.GrpcClientProtocolClient (GrpcClientProtocolClient.java:onNext(255)) - client-FB00420D972B->0a7e6056-64a2-4302-b029-255d48a66d7f: receive RaftClientReply:client-FB00420D972B->0a7e6056-64a2-4302-b029-255d48a66d7f@group-1EE0336AADCF, cid=1810, SUCCESS, logIndex=2618, commits[0a7e6056-64a2-4302-b029-255d48a66d7f:c2619, 82c1508e-6289-48e2-a567-a0e29c8b4903:c2615, f63d6ef8-0266-4bf3-bcb1-484cdaae1fbb:c2615]
2019-07-09 20:06:44,153 INFO  client.GrpcClientProtocolClient (GrpcClientProtocolClient.java:onNext(255)) - client-FB00420D972B->0a7e6056-64a2-4302-b029-255d48a66d7f: receive RaftClientReply:client-FB00420D972B->0a7e6056-64a2-4302-b029-255d48a66d7f@group-1EE0336AADCF, cid=1811, SUCCESS, logIndex=2619, commits[0a7e6056-64a2-4302-b029-255d48a66d7f:c2619, 82c1508e-6289-48e2-a567-a0e29c8b4903:c2615, f63d6ef8-0266-4bf3-bcb1-484cdaae1fbb:c2615]
2019-07-09 20:06:44,155 INFO  client.GrpcClientProtocolClient (GrpcClientProtocolClient.java:onNext(255)) - client-FB00420D972B->0a7e6056-64a2-4302-b029-255d48a66d7f: receive RaftClientReply:client-FB00420D972B->0a7e6056-64a2-4302-b029-255d48a66d7f@group-1EE0336AADCF, cid=1812, SUCCESS, logIndex=0, commits[0a7e6056-64a2-4302-b029-255d48a66d7f:c2622, 82c1508e-6289-48e2-a567-a0e29c8b4903:c2619, f63d6ef8-0266-4bf3-bcb1-484cdaae1fbb:c2617]
2019-07-09 20:06:44,176 INFO  client.GrpcClientProtocolClient (GrpcClientProtocolClient.java:onNext(255)) - client-FB00420D972B->0a7e6056-64a2-4302-b029-255d48a66d7f: receive RaftClientReply:client-FB00420D972B->0a7e6056-64a2-4302-b029-255d48a66d7f@group-1EE0336AADCF, cid=1813, SUCCESS, logIndex=2624, commits[0a7e6056-64a2-4302-b029-255d48a66d7f:c2625, 82c1508e-6289-48e2-a567-a0e29c8b4903:c2623, f63d6ef8-0266-4bf3-bcb1-484cdaae1fbb:c2623]
2019-07-09 20:06:44,177 INFO  client.GrpcClientProtocolClient (GrpcClientProtocolClient.java:onNext(255)) - client-FB00420D972B->0a7e6056-64a2-4302-b029-255d48a66d7f: receive RaftClientReply:client-FB00420D972B->0a7e6056-64a2-4302-b029-255d48a66d7f@group-1EE0336AADCF, cid=1814, SUCCESS, logIndex=2625, commits[0a7e6056-64a2-4302-b029-255d48a66d7f:c2625, 82c1508e-6289-48e2-a567-a0e29c8b4903:c2623, f63d6ef8-0266-4bf3-bcb1-484cdaae1fbb:c2623]
2019-07-09 20:06:44,201 INFO  client.GrpcClientProtocolClient (GrpcClientProtocolClient.java:onNext(255)) - client-FB00420D972B->0a7e6056-64a2-4302-b029-255d48a66d7f: receive RaftClientReply:client-FB00420D972B->0a7e6056-64a2-4302-b029-255d48a66d7f@group-1EE0336AADCF, cid=1815, SUCCESS, logIndex=2628, commits[0a7e6056-64a2-4302-b029-255d48a66d7f:c2628, 82c1508e-6289-48e2-a567-a0e29c8b4903:c2625, f63d6ef8-0266-4bf3-bcb1-484cdaae1fbb:c2625]
2019-07-09 20:06:44,201 INFO  client.GrpcClientProtocolClient (GrpcClientProtocolClient.java:onNext(255)) - client-FB00420D972B->0a7e6056-64a2-4302-b029-255d48a66d7f: receive RaftClientReply:client-FB00420D972B->0a7e6056-64a2-4302-b029-255d48a66d7f@group-1EE0336AADCF, cid=1816, SUCCESS, logIndex=2629, commits[0a7e6056-64a2-4302-b029-255d48a66d7f:c2629, 82c1508e-6289-48e2-a567-a0e29c8b4903:c2625, f63d6ef8-0266-4bf3-bcb1-484cdaae1fbb:c2625]
2019-07-09 20:06:44,203 INFO  client.GrpcClientProtocolClient (GrpcClientProtocolClient.java:onNext(255)) - client-FB00420D972B->0a7e6056-64a2-4302-b029-255d48a66d7f: receive RaftClientReply:client-FB00420D972B->0a7e6056-64a2-4302-b029-255d48a66d7f@group-1EE0336AADCF, cid=1817, SUCCESS, logIndex=0, commits[0a7e6056-64a2-4302-b029-255d48a66d7f:c2630, 82c1508e-6289-48e2-a567-a0e29c8b4903:c2629, f63d6ef8-0266-4bf3-bcb1-484cdaae1fbb:c2629]
2019-07-09 20:06:44,232 INFO  client.GrpcClientProtocolClient (GrpcClientProtocolClient.java:onNext(255)) - client-FB00420D972B->0a7e6056-64a2-4302-b029-255d48a66d7f: receive RaftClientReply:client-FB00420D972B->0a7e6056-64a2-4302-b029-255d48a66d7f@group-1EE0336AADCF, cid=1818, SUCCESS, logIndex=2632, commits[0a7e6056-64a2-4302-b029-255d48a66d7f:c2634, 82c1508e-6289-48e2-a567-a0e29c8b4903:c2631, f63d6ef8-0266-4bf3-bcb1-484cdaae1fbb:c2631]
2019-07-09 20:06:44,232 INFO  client.GrpcClientProtocolClient (GrpcClientProtocolClient.java:onNext(255)) - client-FB00420D972B->0a7e6056-64a2-4302-b029-255d48a66d7f: receive RaftClientReply:client-FB00420D972B->0a7e6056-64a2-4302-b029-255d48a66d7f@group-1EE0336AADCF, cid=1819, SUCCESS, logIndex=2633, commits[0a7e6056-64a2-4302-b029-255d48a66d7f:c2635, 82c1508e-6289-48e2-a567-a0e29c8b4903:c2631, f63d6ef8-0266-4bf3-bcb1-484cdaae1fbb:c2631]
2019-07-09 20:06:44,233 INFO  client.GrpcClientProtocolClient (GrpcClientProtocolClient.java:onNext(255)) - client-FB00420D972B->0a7e6056-64a2-4302-b029-255d48a66d7f: receive RaftClientReply:client-FB00420D972B->0a7e6056-64a2-4302-b029-255d48a66d7f@group-1EE0336AADCF, cid=1820, SUCCESS, logIndex=2634, commits[0a7e6056-64a2-4302-b029-255d48a66d7f:c2635, 82c1508e-6289-48e2-a567-a0e29c8b4903:c2631, f63d6ef8-0266-4bf3-bcb1-484cdaae1fbb:c2631]
2019-07-09 20:06:44,233 INFO  client.GrpcClientProtocolClient (GrpcClientProtocolClient.java:onNext(255)) - client-FB00420D972B->0a7e6056-64a2-4302-b029-255d48a66d7f: receive RaftClientReply:client-FB00420D972B->0a7e6056-64a2-4302-b029-255d48a66d7f@group-1EE0336AADCF, cid=1821, SUCCESS, logIndex=2635, commits[0a7e6056-64a2-4302-b029-255d48a66d7f:c2635, 82c1508e-6289-48e2-a567-a0e29c8b4903:c2631, f63d6ef8-0266-4bf3-bcb1-484cdaae1fbb:c2631]
2019-07-09 20:06:44,235 INFO  client.GrpcClientProtocolClient (GrpcClientProtocolClient.java:onNext(255)) - client-FB00420D972B->0a7e6056-64a2-4302-b029-255d48a66d7f: receive RaftClientReply:client-FB00420D972B->0a7e6056-64a2-4302-b029-255d48a66d7f@group-1EE0336AADCF, cid=1822, SUCCESS, logIndex=0, commits[0a7e6056-64a2-4302-b029-255d48a66d7f:c2636, 82c1508e-6289-48e2-a567-a0e29c8b4903:c2633, f63d6ef8-0266-4bf3-bcb1-484cdaae1fbb:c2633]
2019-07-09 20:06:44,254 INFO  client.GrpcClientProtocolClient (GrpcClientProtocolClient.java:onNext(255)) - client-FB00420D972B->0a7e6056-64a2-4302-b029-255d48a66d7f: receive RaftClientReply:client-FB00420D972B->0a7e6056-64a2-4302-b029-255d48a66d7f@group-1EE0336AADCF, cid=1823, SUCCESS, logIndex=2640, commits[0a7e6056-64a2-4302-b029-255d48a66d7f:c2640, 82c1508e-6289-48e2-a567-a0e29c8b4903:c2636, f63d6ef8-0266-4bf3-bcb1-484cdaae1fbb:c2636]
2019-07-09 20:06:44,254 INFO  client.GrpcClientProtocolClient (GrpcClientProtocolClient.java:onNext(255)) - client-FB00420D972B->0a7e6056-64a2-4302-b029-255d48a66d7f: receive RaftClientReply:client-FB00420D972B->0a7e6056-64a2-4302-b029-255d48a66d7f@group-1EE0336AADCF, cid=1824, SUCCESS, logIndex=2641, commits[0a7e6056-64a2-4302-b029-255d48a66d7f:c2641, 82c1508e-6289-48e2-a567-a0e29c8b4903:c2636, f63d6ef8-0266-4bf3-bcb1-484cdaae1fbb:c2636]
2019-07-09 20:06:44,268 INFO  client.GrpcClientProtocolClient (GrpcClientProtocolClient.java:onNext(255)) - client-FB00420D972B->0a7e6056-64a2-4302-b029-255d48a66d7f: receive RaftClientReply:client-FB00420D972B->0a7e6056-64a2-4302-b029-255d48a66d7f@group-1EE0336AADCF, cid=1825, SUCCESS, logIndex=2644, commits[0a7e6056-64a2-4302-b029-255d48a66d7f:c2645, 82c1508e-6289-48e2-a567-a0e29c8b4903:c2641, f63d6ef8-0266-4bf3-bcb1-484cdaae1fbb:c2641]
2019-07-09 20:06:44,269 INFO  client.GrpcClientProtocolClient (GrpcClientProtocolClient.java:onNext(255)) - client-FB00420D972B->0a7e6056-64a2-4302-b029-255d48a66d7f: receive RaftClientReply:client-FB00420D972B->0a7e6056-64a2-4302-b029-255d48a66d7f@group-1EE0336AADCF, cid=1826, SUCCESS, logIndex=2645, commits[0a7e6056-64a2-4302-b029-255d48a66d7f:c2645, 82c1508e-6289-48e2-a567-a0e29c8b4903:c2641, f63d6ef8-0266-4bf3-bcb1-484cdaae1fbb:c2641]
2019-07-09 20:06:44,280 INFO  client.GrpcClientProtocolClient (GrpcClientProtocolClient.java:onNext(255)) - client-FB00420D972B->0a7e6056-64a2-4302-b029-255d48a66d7f: receive RaftClientReply:client-FB00420D972B->0a7e6056-64a2-4302-b029-255d48a66d7f@group-1EE0336AADCF, cid=1827, SUCCESS, logIndex=0, commits[0a7e6056-64a2-4302-b029-255d48a66d7f:c2646, 82c1508e-6289-48e2-a567-a0e29c8b4903:c2645, f63d6ef8-0266-4bf3-bcb1-484cdaae1fbb:c2645]
2019-07-09 20:06:44,306 INFO  client.GrpcClientProtocolClient (GrpcClientProtocolClient.java:onNext(255)) - client-FB00420D972B->0a7e6056-64a2-4302-b029-255d48a66d7f: receive RaftClientReply:client-FB00420D972B->0a7e6056-64a2-4302-b029-255d48a66d7f@group-1EE0336AADCF, cid=1828, SUCCESS, logIndex=2648, commits[0a7e6056-64a2-4302-b029-255d48a66d7f:c2649, 82c1508e-6289-48e2-a567-a0e29c8b4903:c2647, f63d6ef8-0266-4bf3-bcb1-484cdaae1fbb:c2647]
2019-07-09 20:06:44,307 INFO  client.GrpcClientProtocolClient (GrpcClientProtocolClient.java:onNext(255)) - client-FB00420D972B->0a7e6056-64a2-4302-b029-255d48a66d7f: receive RaftClientReply:client-FB00420D972B->0a7e6056-64a2-4302-b029-255d48a66d7f@group-1EE0336AADCF, cid=1829, SUCCESS, logIndex=2649, commits[0a7e6056-64a2-4302-b029-255d48a66d7f:c2649, 82c1508e-6289-48e2-a567-a0e29c8b4903:c2647, f63d6ef8-0266-4bf3-bcb1-484cdaae1fbb:c2647]
2019-07-09 20:06:44,307 INFO  client.GrpcClientProtocolClient (GrpcClientProtocolClient.java:onNext(255)) - client-FB00420D972B->0a7e6056-64a2-4302-b029-255d48a66d7f: receive RaftClientReply:client-FB00420D972B->0a7e6056-64a2-4302-b029-255d48a66d7f@group-1EE0336AADCF, cid=1830, SUCCESS, logIndex=2650, commits[0a7e6056-64a2-4302-b029-255d48a66d7f:c2651, 82c1508e-6289-48e2-a567-a0e29c8b4903:c2647, f63d6ef8-0266-4bf3-bcb1-484cdaae1fbb:c2647]
2019-07-09 20:06:44,307 INFO  client.GrpcClientProtocolClient (GrpcClientProtocolClient.java:onNext(255)) - client-FB00420D972B->0a7e6056-64a2-4302-b029-255d48a66d7f: receive RaftClientReply:client-FB00420D972B->0a7e6056-64a2-4302-b029-255d48a66d7f@group-1EE0336AADCF, cid=1831, SUCCESS, logIndex=2651, commits[0a7e6056-64a2-4302-b029-255d48a66d7f:c2651, 82c1508e-6289-48e2-a567-a0e29c8b4903:c2647, f63d6ef8-0266-4bf3-bcb1-484cdaae1fbb:c2647]
2019-07-09 20:06:44,309 INFO  client.GrpcClientProtocolClient (GrpcClientProtocolClient.java:onNext(255)) - client-FB00420D972B->0a7e6056-64a2-4302-b029-255d48a66d7f: receive RaftClientReply:client-FB00420D972B->0a7e6056-64a2-4302-b029-255d48a66d7f@group-1EE0336AADCF, cid=1832, SUCCESS, logIndex=0, commits[0a7e6056-64a2-4302-b029-255d48a66d7f:c2653, 82c1508e-6289-48e2-a567-a0e29c8b4903:c2649, f63d6ef8-0266-4bf3-bcb1-484cdaae1fbb:c2649]
2019-07-09 20:06:44,323 INFO  client.GrpcClientProtocolClient (GrpcClientProtocolClient.java:onNext(255)) - client-FB00420D972B->0a7e6056-64a2-4302-b029-255d48a66d7f: receive RaftClientReply:client-FB00420D972B->0a7e6056-64a2-4302-b029-255d48a66d7f@group-1EE0336AADCF, cid=1833, SUCCESS, logIndex=2656, commits[0a7e6056-64a2-4302-b029-255d48a66d7f:c2657, 82c1508e-6289-48e2-a567-a0e29c8b4903:c2651, f63d6ef8-0266-4bf3-bcb1-484cdaae1fbb:c2653]
2019-07-09 20:06:44,324 INFO  client.GrpcClientProtocolClient (GrpcClientProtocolClient.java:onNext(255)) - client-FB00420D972B->0a7e6056-64a2-4302-b029-255d48a66d7f: receive RaftClientReply:client-FB00420D972B->0a7e6056-64a2-4302-b029-255d48a66d7f@group-1EE0336AADCF, cid=1834, SUCCESS, logIndex=2657, commits[0a7e6056-64a2-4302-b029-255d48a66d7f:c2657, 82c1508e-6289-48e2-a567-a0e29c8b4903:c2653, f63d6ef8-0266-4bf3-bcb1-484cdaae1fbb:c2653]
2019-07-09 20:06:44,336 INFO  client.GrpcClientProtocolClient (GrpcClientProtocolClient.java:onNext(255)) - client-FB00420D972B->0a7e6056-64a2-4302-b029-255d48a66d7f: receive RaftClientReply:client-FB00420D972B->0a7e6056-64a2-4302-b029-255d48a66d7f@group-1EE0336AADCF, cid=1835, SUCCESS, logIndex=2659, commits[0a7e6056-64a2-4302-b029-255d48a66d7f:c2660, 82c1508e-6289-48e2-a567-a0e29c8b4903:c2657, f63d6ef8-0266-4bf3-bcb1-484cdaae1fbb:c2657]
2019-07-09 20:06:44,337 INFO  client.GrpcClientProtocolClient (GrpcClientProtocolClient.java:onNext(255)) - client-FB00420D972B->0a7e6056-64a2-4302-b029-255d48a66d7f: receive RaftClientReply:client-FB00420D972B->0a7e6056-64a2-4302-b029-255d48a66d7f@group-1EE0336AADCF, cid=1836, SUCCESS, logIndex=2660, commits[0a7e6056-64a2-4302-b029-255d48a66d7f:c2660, 82c1508e-6289-48e2-a567-a0e29c8b4903:c2657, f63d6ef8-0266-4bf3-bcb1-484cdaae1fbb:c2657]
2019-07-09 20:06:44,351 INFO  client.GrpcClientProtocolClient (GrpcClientProtocolClient.java:onNext(255)) - client-FB00420D972B->0a7e6056-64a2-4302-b029-255d48a66d7f: receive RaftClientReply:client-FB00420D972B->0a7e6056-64a2-4302-b029-255d48a66d7f@group-1EE0336AADCF, cid=1837, SUCCESS, logIndex=0, commits[0a7e6056-64a2-4302-b029-255d48a66d7f:c2662, 82c1508e-6289-48e2-a567-a0e29c8b4903:c2660, f63d6ef8-0266-4bf3-bcb1-484cdaae1fbb:c2660]
2019-07-09 20:06:44,375 INFO  client.GrpcClientProtocolClient (GrpcClientProtocolClient.java:onNext(255)) - client-FB00420D972B->0a7e6056-64a2-4302-b029-255d48a66d7f: receive RaftClientReply:client-FB00420D972B->0a7e6056-64a2-4302-b029-255d48a66d7f@group-1EE0336AADCF, cid=1838, SUCCESS, logIndex=2663, commits[0a7e6056-64a2-4302-b029-255d48a66d7f:c2665, 82c1508e-6289-48e2-a567-a0e29c8b4903:c2662, f63d6ef8-0266-4bf3-bcb1-484cdaae1fbb:c2662]
2019-07-09 20:06:44,375 INFO  client.GrpcClientProtocolClient (GrpcClientProtocolClient.java:onNext(255)) - client-FB00420D972B->0a7e6056-64a2-4302-b029-255d48a66d7f: receive RaftClientReply:client-FB00420D972B->0a7e6056-64a2-4302-b029-255d48a66d7f@group-1EE0336AADCF, cid=1839, SUCCESS, logIndex=2664, commits[0a7e6056-64a2-4302-b029-255d48a66d7f:c2666, 82c1508e-6289-48e2-a567-a0e29c8b4903:c2662, f63d6ef8-0266-4bf3-bcb1-484cdaae1fbb:c2662]
2019-07-09 20:06:44,375 INFO  client.GrpcClientProtocolClient (GrpcClientProtocolClient.java:onNext(255)) - client-FB00420D972B->0a7e6056-64a2-4302-b029-255d48a66d7f: receive RaftClientReply:client-FB00420D972B->0a7e6056-64a2-4302-b029-255d48a66d7f@group-1EE0336AADCF, cid=1840, SUCCESS, logIndex=2665, commits[0a7e6056-64a2-4302-b029-255d48a66d7f:c2666, 82c1508e-6289-48e2-a567-a0e29c8b4903:c2662, f63d6ef8-0266-4bf3-bcb1-484cdaae1fbb:c2662]
2019-07-09 20:06:44,376 INFO  client.GrpcClientProtocolClient (GrpcClientProtocolClient.java:onNext(255)) - client-FB00420D972B->0a7e6056-64a2-4302-b029-255d48a66d7f: receive RaftClientReply:client-FB00420D972B->0a7e6056-64a2-4302-b029-255d48a66d7f@group-1EE0336AADCF, cid=1841, SUCCESS, logIndex=2666, commits[0a7e6056-64a2-4302-b029-255d48a66d7f:c2666, 82c1508e-6289-48e2-a567-a0e29c8b4903:c2662, f63d6ef8-0266-4bf3-bcb1-484cdaae1fbb:c2662]
2019-07-09 20:06:44,390 INFO  client.GrpcClientProtocolClient (GrpcClientProtocolClient.java:onNext(255)) - client-FB00420D972B->0a7e6056-64a2-4302-b029-255d48a66d7f: receive RaftClientReply:client-FB00420D972B->0a7e6056-64a2-4302-b029-255d48a66d7f@group-1EE0336AADCF, cid=1842, SUCCESS, logIndex=0, commits[0a7e6056-64a2-4302-b029-255d48a66d7f:c2670, 82c1508e-6289-48e2-a567-a0e29c8b4903:c2665, f63d6ef8-0266-4bf3-bcb1-484cdaae1fbb:c2666]
2019-07-09 20:06:44,411 INFO  client.GrpcClientProtocolClient (GrpcClientProtocolClient.java:onNext(255)) - client-FB00420D972B->0a7e6056-64a2-4302-b029-255d48a66d7f: receive RaftClientReply:client-FB00420D972B->0a7e6056-64a2-4302-b029-255d48a66d7f@group-1EE0336AADCF, cid=1843, SUCCESS, logIndex=2671, commits[0a7e6056-64a2-4302-b029-255d48a66d7f:c2672, 82c1508e-6289-48e2-a567-a0e29c8b4903:c2670, f63d6ef8-0266-4bf3-bcb1-484cdaae1fbb:c2670]
2019-07-09 20:06:44,411 INFO  client.GrpcClientProtocolClient (GrpcClientProtocolClient.java:onNext(255)) - client-FB00420D972B->0a7e6056-64a2-4302-b029-255d48a66d7f: receive RaftClientReply:client-FB00420D972B->0a7e6056-64a2-4302-b029-255d48a66d7f@group-1EE0336AADCF, cid=1844, SUCCESS, logIndex=2672, commits[0a7e6056-64a2-4302-b029-255d48a66d7f:c2672, 82c1508e-6289-48e2-a567-a0e29c8b4903:c2670, f63d6ef8-0266-4bf3-bcb1-484cdaae1fbb:c2670]
2019-07-09 20:06:44,426 INFO  client.GrpcClientProtocolClient (GrpcClientProtocolClient.java:onNext(255)) - client-FB00420D972B->0a7e6056-64a2-4302-b029-255d48a66d7f: receive RaftClientReply:client-FB00420D972B->0a7e6056-64a2-4302-b029-255d48a66d7f@group-1EE0336AADCF, cid=1845, SUCCESS, logIndex=2675, commits[0a7e6056-64a2-4302-b029-255d48a66d7f:c2676, 82c1508e-6289-48e2-a567-a0e29c8b4903:c2672, f63d6ef8-0266-4bf3-bcb1-484cdaae1fbb:c2672]
2019-07-09 20:06:44,426 INFO  client.GrpcClientProtocolClient (GrpcClientProtocolClient.java:onNext(255)) - client-FB00420D972B->0a7e6056-64a2-4302-b029-255d48a66d7f: receive RaftClientReply:client-FB00420D972B->0a7e6056-64a2-4302-b029-255d48a66d7f@group-1EE0336AADCF, cid=1846, SUCCESS, logIndex=2676, commits[0a7e6056-64a2-4302-b029-255d48a66d7f:c2676, 82c1508e-6289-48e2-a567-a0e29c8b4903:c2672, f63d6ef8-0266-4bf3-bcb1-484cdaae1fbb:c2672]
2019-07-09 20:06:44,439 INFO  client.GrpcClientProtocolClient (GrpcClientProtocolClient.java:onNext(255)) - client-FB00420D972B->0a7e6056-64a2-4302-b029-255d48a66d7f: receive RaftClientReply:client-FB00420D972B->0a7e6056-64a2-4302-b029-255d48a66d7f@group-1EE0336AADCF, cid=1847, SUCCESS, logIndex=0, commits[0a7e6056-64a2-4302-b029-255d48a66d7f:c2678, 82c1508e-6289-48e2-a567-a0e29c8b4903:c2676, f63d6ef8-0266-4bf3-bcb1-484cdaae1fbb:c2676]
2019-07-09 20:06:44,467 INFO  client.GrpcClientProtocolClient (GrpcClientProtocolClient.java:onNext(255)) - client-FB00420D972B->0a7e6056-64a2-4302-b029-255d48a66d7f: receive RaftClientReply:client-FB00420D972B->0a7e6056-64a2-4302-b029-255d48a66d7f@group-1EE0336AADCF, cid=1848, SUCCESS, logIndex=2679, commits[0a7e6056-64a2-4302-b029-255d48a66d7f:c2680, 82c1508e-6289-48e2-a567-a0e29c8b4903:c2678, f63d6ef8-0266-4bf3-bcb1-484cdaae1fbb:c2678]
2019-07-09 20:06:44,468 INFO  client.GrpcClientProtocolClient (GrpcClientProtocolClient.java:onNext(255)) - client-FB00420D972B->0a7e6056-64a2-4302-b029-255d48a66d7f: receive RaftClientReply:client-FB00420D972B->0a7e6056-64a2-4302-b029-255d48a66d7f@group-1EE0336AADCF, cid=1849, SUCCESS, logIndex=2680, commits[0a7e6056-64a2-4302-b029-255d48a66d7f:c2682, 82c1508e-6289-48e2-a567-a0e29c8b4903:c2678, f63d6ef8-0266-4bf3-bcb1-484cdaae1fbb:c2678]
2019-07-09 20:06:44,468 INFO  client.GrpcClientProtocolClient (GrpcClientProtocolClient.java:onNext(255)) - client-FB00420D972B->0a7e6056-64a2-4302-b029-255d48a66d7f: receive RaftClientReply:client-FB00420D972B->0a7e6056-64a2-4302-b029-255d48a66d7f@group-1EE0336AADCF, cid=1850, SUCCESS, logIndex=2681, commits[0a7e6056-64a2-4302-b029-255d48a66d7f:c2682, 82c1508e-6289-48e2-a567-a0e29c8b4903:c2678, f63d6ef8-0266-4bf3-bcb1-484cdaae1fbb:c2678]
2019-07-09 20:06:44,468 INFO  client.GrpcClientProtocolClient (GrpcClientProtocolClient.java:onNext(255)) - client-FB00420D972B->0a7e6056-64a2-4302-b029-255d48a66d7f: receive RaftClientReply:client-FB00420D972B->0a7e6056-64a2-4302-b029-255d48a66d7f@group-1EE0336AADCF, cid=1851, SUCCESS, logIndex=2682, commits[0a7e6056-64a2-4302-b029-255d48a66d7f:c2682, 82c1508e-6289-48e2-a567-a0e29c8b4903:c2678, f63d6ef8-0266-4bf3-bcb1-484cdaae1fbb:c2678]
2019-07-09 20:06:44,482 INFO  client.GrpcClientProtocolClient (GrpcClientProtocolClient.java:onNext(255)) - client-FB00420D972B->0a7e6056-64a2-4302-b029-255d48a66d7f: receive RaftClientReply:client-FB00420D972B->0a7e6056-64a2-4302-b029-255d48a66d7f@group-1EE0336AADCF, cid=1852, SUCCESS, logIndex=0, commits[0a7e6056-64a2-4302-b029-255d48a66d7f:c2684, 82c1508e-6289-48e2-a567-a0e29c8b4903:c2680, f63d6ef8-0266-4bf3-bcb1-484cdaae1fbb:c2680]
2019-07-09 20:06:44,502 INFO  client.GrpcClientProtocolClient (GrpcClientProtocolClient.java:onNext(255)) - client-FB00420D972B->0a7e6056-64a2-4302-b029-255d48a66d7f: receive RaftClientReply:client-FB00420D972B->0a7e6056-64a2-4302-b029-255d48a66d7f@group-1EE0336AADCF, cid=1853, SUCCESS, logIndex=2686, commits[0a7e6056-64a2-4302-b029-255d48a66d7f:c2687, 82c1508e-6289-48e2-a567-a0e29c8b4903:c2685, f63d6ef8-0266-4bf3-bcb1-484cdaae1fbb:c2685]
2019-07-09 20:06:44,502 INFO  client.GrpcClientProtocolClient (GrpcClientProtocolClient.java:onNext(255)) - client-FB00420D972B->0a7e6056-64a2-4302-b029-255d48a66d7f: receive RaftClientReply:client-FB00420D972B->0a7e6056-64a2-4302-b029-255d48a66d7f@group-1EE0336AADCF, cid=1854, SUCCESS, logIndex=2687, commits[0a7e6056-64a2-4302-b029-255d48a66d7f:c2687, 82c1508e-6289-48e2-a567-a0e29c8b4903:c2685, f63d6ef8-0266-4bf3-bcb1-484cdaae1fbb:c2685]
2019-07-09 20:06:44,515 INFO  client.GrpcClientProtocolClient (GrpcClientProtocolClient.java:onNext(255)) - client-FB00420D972B->0a7e6056-64a2-4302-b029-255d48a66d7f: receive RaftClientReply:client-FB00420D972B->0a7e6056-64a2-4302-b029-255d48a66d7f@group-1EE0336AADCF, cid=1855, SUCCESS, logIndex=2690, commits[0a7e6056-64a2-4302-b029-255d48a66d7f:c2691, 82c1508e-6289-48e2-a567-a0e29c8b4903:c2687, f63d6ef8-0266-4bf3-bcb1-484cdaae1fbb:c2687]
2019-07-09 20:06:44,515 INFO  client.GrpcClientProtocolClient (GrpcClientProtocolClient.java:onNext(255)) - client-FB00420D972B->0a7e6056-64a2-4302-b029-255d48a66d7f: receive RaftClientReply:client-FB00420D972B->0a7e6056-64a2-4302-b029-255d48a66d7f@group-1EE0336AADCF, cid=1856, SUCCESS, logIndex=2691, commits[0a7e6056-64a2-4302-b029-255d48a66d7f:c2691, 82c1508e-6289-48e2-a567-a0e29c8b4903:c2687, f63d6ef8-0266-4bf3-bcb1-484cdaae1fbb:c2687]
2019-07-09 20:06:44,529 INFO  client.GrpcClientProtocolClient (GrpcClientProtocolClient.java:onNext(255)) - client-FB00420D972B->0a7e6056-64a2-4302-b029-255d48a66d7f: receive RaftClientReply:client-FB00420D972B->0a7e6056-64a2-4302-b029-255d48a66d7f@group-1EE0336AADCF, cid=1857, SUCCESS, logIndex=0, commits[0a7e6056-64a2-4302-b029-255d48a66d7f:c2693, 82c1508e-6289-48e2-a567-a0e29c8b4903:c2691, f63d6ef8-0266-4bf3-bcb1-484cdaae1fbb:c2691]
2019-07-09 20:06:44,555 INFO  client.GrpcClientProtocolClient (GrpcClientProtocolClient.java:onNext(255)) - client-FB00420D972B->0a7e6056-64a2-4302-b029-255d48a66d7f: receive RaftClientReply:client-FB00420D972B->0a7e6056-64a2-4302-b029-255d48a66d7f@group-1EE0336AADCF, cid=1858, SUCCESS, logIndex=2694, commits[0a7e6056-64a2-4302-b029-255d48a66d7f:c2695, 82c1508e-6289-48e2-a567-a0e29c8b4903:c2693, f63d6ef8-0266-4bf3-bcb1-484cdaae1fbb:c2693]
2019-07-09 20:06:44,556 INFO  client.GrpcClientProtocolClient (GrpcClientProtocolClient.java:onNext(255)) - client-FB00420D972B->0a7e6056-64a2-4302-b029-255d48a66d7f: receive RaftClientReply:client-FB00420D972B->0a7e6056-64a2-4302-b029-255d48a66d7f@group-1EE0336AADCF, cid=1859, SUCCESS, logIndex=2695, commits[0a7e6056-64a2-4302-b029-255d48a66d7f:c2695, 82c1508e-6289-48e2-a567-a0e29c8b4903:c2693, f63d6ef8-0266-4bf3-bcb1-484cdaae1fbb:c2693]
2019-07-09 20:06:44,556 INFO  client.GrpcClientProtocolClient (GrpcClientProtocolClient.java:onNext(255)) - client-FB00420D972B->0a7e6056-64a2-4302-b029-255d48a66d7f: receive RaftClientReply:client-FB00420D972B->0a7e6056-64a2-4302-b029-255d48a66d7f@group-1EE0336AADCF, cid=1860, SUCCESS, logIndex=2696, commits[0a7e6056-64a2-4302-b029-255d48a66d7f:c2697, 82c1508e-6289-48e2-a567-a0e29c8b4903:c2693, f63d6ef8-0266-4bf3-bcb1-484cdaae1fbb:c2693]
2019-07-09 20:06:44,557 INFO  client.GrpcClientProtocolClient (GrpcClientProtocolClient.java:onNext(255)) - client-FB00420D972B->0a7e6056-64a2-4302-b029-255d48a66d7f: receive RaftClientReply:client-FB00420D972B->0a7e6056-64a2-4302-b029-255d48a66d7f@group-1EE0336AADCF, cid=1861, SUCCESS, logIndex=2697, commits[0a7e6056-64a2-4302-b029-255d48a66d7f:c2697, 82c1508e-6289-48e2-a567-a0e29c8b4903:c2693, f63d6ef8-0266-4bf3-bcb1-484cdaae1fbb:c2693]
2019-07-09 20:06:44,570 INFO  client.GrpcClientProtocolClient (GrpcClientProtocolClient.java:onNext(255)) - client-FB00420D972B->0a7e6056-64a2-4302-b029-255d48a66d7f: receive RaftClientReply:client-FB00420D972B->0a7e6056-64a2-4302-b029-255d48a66d7f@group-1EE0336AADCF, cid=1862, SUCCESS, logIndex=0, commits[0a7e6056-64a2-4302-b029-255d48a66d7f:c2699, 82c1508e-6289-48e2-a567-a0e29c8b4903:c2695, f63d6ef8-0266-4bf3-bcb1-484cdaae1fbb:c2695]
2019-07-09 20:06:44,589 INFO  client.GrpcClientProtocolClient (GrpcClientProtocolClient.java:onNext(255)) - client-FB00420D972B->0a7e6056-64a2-4302-b029-255d48a66d7f: receive RaftClientReply:client-FB00420D972B->0a7e6056-64a2-4302-b029-255d48a66d7f@group-1EE0336AADCF, cid=1863, SUCCESS, logIndex=2702, commits[0a7e6056-64a2-4302-b029-255d48a66d7f:c2703, 82c1508e-6289-48e2-a567-a0e29c8b4903:c2701, f63d6ef8-0266-4bf3-bcb1-484cdaae1fbb:c2701]
2019-07-09 20:06:44,590 INFO  client.GrpcClientProtocolClient (GrpcClientProtocolClient.java:onNext(255)) - client-FB00420D972B->0a7e6056-64a2-4302-b029-255d48a66d7f: receive RaftClientReply:client-FB00420D972B->0a7e6056-64a2-4302-b029-255d48a66d7f@group-1EE0336AADCF, cid=1864, SUCCESS, logIndex=2703, commits[0a7e6056-64a2-4302-b029-255d48a66d7f:c2703, 82c1508e-6289-48e2-a567-a0e29c8b4903:c2701, f63d6ef8-0266-4bf3-bcb1-484cdaae1fbb:c2701]
2019-07-09 20:06:44,621 INFO  client.GrpcClientProtocolClient (GrpcClientProtocolClient.java:onNext(255)) - client-FB00420D972B->0a7e6056-64a2-4302-b029-255d48a66d7f: receive RaftClientReply:client-FB00420D972B->0a7e6056-64a2-4302-b029-255d48a66d7f@group-1EE0336AADCF, cid=1865, SUCCESS, logIndex=2706, commits[0a7e6056-64a2-4302-b029-255d48a66d7f:c2706, 82c1508e-6289-48e2-a567-a0e29c8b4903:c2703, f63d6ef8-0266-4bf3-bcb1-484cdaae1fbb:c2703]
2019-07-09 20:06:44,621 INFO  client.GrpcClientProtocolClient (GrpcClientProtocolClient.java:onNext(255)) - client-FB00420D972B->0a7e6056-64a2-4302-b029-255d48a66d7f: receive RaftClientReply:client-FB00420D972B->0a7e6056-64a2-4302-b029-255d48a66d7f@group-1EE0336AADCF, cid=1866, SUCCESS, logIndex=2707, commits[0a7e6056-64a2-4302-b029-255d48a66d7f:c2707, 82c1508e-6289-48e2-a567-a0e29c8b4903:c2703, f63d6ef8-0266-4bf3-bcb1-484cdaae1fbb:c2703]
2019-07-09 20:06:44,639 INFO  client.GrpcClientProtocolClient (GrpcClientProtocolClient.java:onNext(255)) - client-FB00420D972B->0a7e6056-64a2-4302-b029-255d48a66d7f: receive RaftClientReply:client-FB00420D972B->0a7e6056-64a2-4302-b029-255d48a66d7f@group-1EE0336AADCF, cid=1867, SUCCESS, logIndex=0, commits[0a7e6056-64a2-4302-b029-255d48a66d7f:c2709, 82c1508e-6289-48e2-a567-a0e29c8b4903:c2707, f63d6ef8-0266-4bf3-bcb1-484cdaae1fbb:c2707]
2019-07-09 20:06:44,666 INFO  client.GrpcClientProtocolClient (GrpcClientProtocolClient.java:onNext(255)) - client-FB00420D972B->0a7e6056-64a2-4302-b029-255d48a66d7f: receive RaftClientReply:client-FB00420D972B->0a7e6056-64a2-4302-b029-255d48a66d7f@group-1EE0336AADCF, cid=1868, SUCCESS, logIndex=2710, commits[0a7e6056-64a2-4302-b029-255d48a66d7f:c2711, 82c1508e-6289-48e2-a567-a0e29c8b4903:c2709, f63d6ef8-0266-4bf3-bcb1-484cdaae1fbb:c2709]
2019-07-09 20:06:44,666 INFO  client.GrpcClientProtocolClient (GrpcClientProtocolClient.java:onNext(255)) - client-FB00420D972B->0a7e6056-64a2-4302-b029-255d48a66d7f: receive RaftClientReply:client-FB00420D972B->0a7e6056-64a2-4302-b029-255d48a66d7f@group-1EE0336AADCF, cid=1869, SUCCESS, logIndex=2711, commits[0a7e6056-64a2-4302-b029-255d48a66d7f:c2711, 82c1508e-6289-48e2-a567-a0e29c8b4903:c2709, f63d6ef8-0266-4bf3-bcb1-484cdaae1fbb:c2709]
2019-07-09 20:06:44,667 INFO  client.GrpcClientProtocolClient (GrpcClientProtocolClient.java:onNext(255)) - client-FB00420D972B->0a7e6056-64a2-4302-b029-255d48a66d7f: receive RaftClientReply:client-FB00420D972B->0a7e6056-64a2-4302-b029-255d48a66d7f@group-1EE0336AADCF, cid=1870, SUCCESS, logIndex=2712, commits[0a7e6056-64a2-4302-b029-255d48a66d7f:c2713, 82c1508e-6289-48e2-a567-a0e29c8b4903:c2709, f63d6ef8-0266-4bf3-bcb1-484cdaae1fbb:c2709]
2019-07-09 20:06:44,667 INFO  client.GrpcClientProtocolClient (GrpcClientProtocolClient.java:onNext(255)) - client-FB00420D972B->0a7e6056-64a2-4302-b029-255d48a66d7f: receive RaftClientReply:client-FB00420D972B->0a7e6056-64a2-4302-b029-255d48a66d7f@group-1EE0336AADCF, cid=1871, SUCCESS, logIndex=2713, commits[0a7e6056-64a2-4302-b029-255d48a66d7f:c2713, 82c1508e-6289-48e2-a567-a0e29c8b4903:c2709, f63d6ef8-0266-4bf3-bcb1-484cdaae1fbb:c2709]
2019-07-09 20:06:44,761 INFO  client.GrpcClientProtocolClient (GrpcClientProtocolClient.java:onNext(255)) - client-FB00420D972B->0a7e6056-64a2-4302-b029-255d48a66d7f: receive RaftClientReply:client-FB00420D972B->0a7e6056-64a2-4302-b029-255d48a66d7f@group-1EE0336AADCF, cid=1872, SUCCESS, logIndex=0, commits[0a7e6056-64a2-4302-b029-255d48a66d7f:c2715, 82c1508e-6289-48e2-a567-a0e29c8b4903:c2711, f63d6ef8-0266-4bf3-bcb1-484cdaae1fbb:c2711]
2019-07-09 20:06:44,783 INFO  client.GrpcClientProtocolClient (GrpcClientProtocolClient.java:onNext(255)) - client-FB00420D972B->0a7e6056-64a2-4302-b029-255d48a66d7f: receive RaftClientReply:client-FB00420D972B->0a7e6056-64a2-4302-b029-255d48a66d7f@group-1EE0336AADCF, cid=1873, SUCCESS, logIndex=2718, commits[0a7e6056-64a2-4302-b029-255d48a66d7f:c2719, 82c1508e-6289-48e2-a567-a0e29c8b4903:c2717, f63d6ef8-0266-4bf3-bcb1-484cdaae1fbb:c2717]
2019-07-09 20:06:44,783 INFO  client.GrpcClientProtocolClient (GrpcClientProtocolClient.java:onNext(255)) - client-FB00420D972B->0a7e6056-64a2-4302-b029-255d48a66d7f: receive RaftClientReply:client-FB00420D972B->0a7e6056-64a2-4302-b029-255d48a66d7f@group-1EE0336AADCF, cid=1874, SUCCESS, logIndex=2719, commits[0a7e6056-64a2-4302-b029-255d48a66d7f:c2719, 82c1508e-6289-48e2-a567-a0e29c8b4903:c2717, f63d6ef8-0266-4bf3-bcb1-484cdaae1fbb:c2717]
2019-07-09 20:06:44,808 INFO  client.GrpcClientProtocolClient (GrpcClientProtocolClient.java:onNext(255)) - client-FB00420D972B->0a7e6056-64a2-4302-b029-255d48a66d7f: receive RaftClientReply:client-FB00420D972B->0a7e6056-64a2-4302-b029-255d48a66d7f@group-1EE0336AADCF, cid=1875, SUCCESS, logIndex=2722, commits[0a7e6056-64a2-4302-b029-255d48a66d7f:c2723, 82c1508e-6289-48e2-a567-a0e29c8b4903:c2719, f63d6ef8-0266-4bf3-bcb1-484cdaae1fbb:c2719]
2019-07-09 20:06:44,808 INFO  client.GrpcClientProtocolClient (GrpcClientProtocolClient.java:onNext(255)) - client-FB00420D972B->0a7e6056-64a2-4302-b029-255d48a66d7f: receive RaftClientReply:client-FB00420D972B->0a7e6056-64a2-4302-b029-255d48a66d7f@group-1EE0336AADCF, cid=1876, SUCCESS, logIndex=2723, commits[0a7e6056-64a2-4302-b029-255d48a66d7f:c2723, 82c1508e-6289-48e2-a567-a0e29c8b4903:c2719, f63d6ef8-0266-4bf3-bcb1-484cdaae1fbb:c2719]
 0.00% |█                                                                                                    |  0/1 Time: 0:00:162019-07-09 20:06:44,819 INFO  client.GrpcClientProtocolClient (GrpcClientProtocolClient.java:onNext(255)) - client-FB00420D972B->0a7e6056-64a2-4302-b029-255d48a66d7f: receive RaftClientReply:client-FB00420D972B->0a7e6056-64a2-4302-b029-255d48a66d7f@group-1EE0336AADCF, cid=1877, SUCCESS, logIndex=0, commits[0a7e6056-64a2-4302-b029-255d48a66d7f:c2724, 82c1508e-6289-48e2-a567-a0e29c8b4903:c2723, f63d6ef8-0266-4bf3-bcb1-484cdaae1fbb:c2723]
2019-07-09 20:06:44,849 INFO  client.GrpcClientProtocolClient (GrpcClientProtocolClient.java:onNext(255)) - client-FB00420D972B->0a7e6056-64a2-4302-b029-255d48a66d7f: receive RaftClientReply:client-FB00420D972B->0a7e6056-64a2-4302-b029-255d48a66d7f@group-1EE0336AADCF, cid=1878, SUCCESS, logIndex=2726, commits[0a7e6056-64a2-4302-b029-255d48a66d7f:c2727, 82c1508e-6289-48e2-a567-a0e29c8b4903:c2725, f63d6ef8-0266-4bf3-bcb1-484cdaae1fbb:c2725]
2019-07-09 20:06:44,850 INFO  client.GrpcClientProtocolClient (GrpcClientProtocolClient.java:onNext(255)) - client-FB00420D972B->0a7e6056-64a2-4302-b029-255d48a66d7f: receive RaftClientReply:client-FB00420D972B->0a7e6056-64a2-4302-b029-255d48a66d7f@group-1EE0336AADCF, cid=1879, SUCCESS, logIndex=2727, commits[0a7e6056-64a2-4302-b029-255d48a66d7f:c2729, 82c1508e-6289-48e2-a567-a0e29c8b4903:c2725, f63d6ef8-0266-4bf3-bcb1-484cdaae1fbb:c2725]
2019-07-09 20:06:44,850 INFO  client.GrpcClientProtocolClient (GrpcClientProtocolClient.java:onNext(255)) - client-FB00420D972B->0a7e6056-64a2-4302-b029-255d48a66d7f: receive RaftClientReply:client-FB00420D972B->0a7e6056-64a2-4302-b029-255d48a66d7f@group-1EE0336AADCF, cid=1880, SUCCESS, logIndex=2728, commits[0a7e6056-64a2-4302-b029-255d48a66d7f:c2729, 82c1508e-6289-48e2-a567-a0e29c8b4903:c2725, f63d6ef8-0266-4bf3-bcb1-484cdaae1fbb:c2725]
2019-07-09 20:06:44,851 INFO  client.GrpcClientProtocolClient (GrpcClientProtocolClient.java:onNext(255)) - client-FB00420D972B->0a7e6056-64a2-4302-b029-255d48a66d7f: receive RaftClientReply:client-FB00420D972B->0a7e6056-64a2-4302-b029-255d48a66d7f@group-1EE0336AADCF, cid=1881, SUCCESS, logIndex=2729, commits[0a7e6056-64a2-4302-b029-255d48a66d7f:c2729, 82c1508e-6289-48e2-a567-a0e29c8b4903:c2725, f63d6ef8-0266-4bf3-bcb1-484cdaae1fbb:c2725]
2019-07-09 20:06:44,864 INFO  client.GrpcClientProtocolClient (GrpcClientProtocolClient.java:onNext(255)) - client-FB00420D972B->0a7e6056-64a2-4302-b029-255d48a66d7f: receive RaftClientReply:client-FB00420D972B->0a7e6056-64a2-4302-b029-255d48a66d7f@group-1EE0336AADCF, cid=1882, SUCCESS, logIndex=0, commits[0a7e6056-64a2-4302-b029-255d48a66d7f:c2731, 82c1508e-6289-48e2-a567-a0e29c8b4903:c2727, f63d6ef8-0266-4bf3-bcb1-484cdaae1fbb:c2727]
2019-07-09 20:06:44,882 INFO  client.GrpcClientProtocolClient (GrpcClientProtocolClient.java:onNext(255)) - client-FB00420D972B->0a7e6056-64a2-4302-b029-255d48a66d7f: receive RaftClientReply:client-FB00420D972B->0a7e6056-64a2-4302-b029-255d48a66d7f@group-1EE0336AADCF, cid=1883, SUCCESS, logIndex=2734, commits[0a7e6056-64a2-4302-b029-255d48a66d7f:c2735, 82c1508e-6289-48e2-a567-a0e29c8b4903:c2733, f63d6ef8-0266-4bf3-bcb1-484cdaae1fbb:c2733]
2019-07-09 20:06:44,883 INFO  client.GrpcClientProtocolClient (GrpcClientProtocolClient.java:onNext(255)) - client-FB00420D972B->0a7e6056-64a2-4302-b029-255d48a66d7f: receive RaftClientReply:client-FB00420D972B->0a7e6056-64a2-4302-b029-255d48a66d7f@group-1EE0336AADCF, cid=1884, SUCCESS, logIndex=2735, commits[0a7e6056-64a2-4302-b029-255d48a66d7f:c2735, 82c1508e-6289-48e2-a567-a0e29c8b4903:c2733, f63d6ef8-0266-4bf3-bcb1-484cdaae1fbb:c2733]
2019-07-09 20:06:44,897 INFO  client.GrpcClientProtocolClient (GrpcClientProtocolClient.java:onNext(255)) - client-FB00420D972B->0a7e6056-64a2-4302-b029-255d48a66d7f: receive RaftClientReply:client-FB00420D972B->0a7e6056-64a2-4302-b029-255d48a66d7f@group-1EE0336AADCF, cid=1885, SUCCESS, logIndex=2738, commits[0a7e6056-64a2-4302-b029-255d48a66d7f:c2738, 82c1508e-6289-48e2-a567-a0e29c8b4903:c2735, f63d6ef8-0266-4bf3-bcb1-484cdaae1fbb:c2735]
2019-07-09 20:06:44,898 INFO  client.GrpcClientProtocolClient (GrpcClientProtocolClient.java:onNext(255)) - client-FB00420D972B->0a7e6056-64a2-4302-b029-255d48a66d7f: receive RaftClientReply:client-FB00420D972B->0a7e6056-64a2-4302-b029-255d48a66d7f@group-1EE0336AADCF, cid=1886, SUCCESS, logIndex=2739, commits[0a7e6056-64a2-4302-b029-255d48a66d7f:c2739, 82c1508e-6289-48e2-a567-a0e29c8b4903:c2735, f63d6ef8-0266-4bf3-bcb1-484cdaae1fbb:c2735]
2019-07-09 20:06:44,919 INFO  client.GrpcClientProtocolClient (GrpcClientProtocolClient.java:onNext(255)) - client-FB00420D972B->0a7e6056-64a2-4302-b029-255d48a66d7f: receive RaftClientReply:client-FB00420D972B->0a7e6056-64a2-4302-b029-255d48a66d7f@group-1EE0336AADCF, cid=1887, SUCCESS, logIndex=0, commits[0a7e6056-64a2-4302-b029-255d48a66d7f:c2741, 82c1508e-6289-48e2-a567-a0e29c8b4903:c2739, f63d6ef8-0266-4bf3-bcb1-484cdaae1fbb:c2739]
2019-07-09 20:06:44,947 INFO  client.GrpcClientProtocolClient (GrpcClientProtocolClient.java:onNext(255)) - client-FB00420D972B->0a7e6056-64a2-4302-b029-255d48a66d7f: receive RaftClientReply:client-FB00420D972B->0a7e6056-64a2-4302-b029-255d48a66d7f@group-1EE0336AADCF, cid=1888, SUCCESS, logIndex=2742, commits[0a7e6056-64a2-4302-b029-255d48a66d7f:c2745, 82c1508e-6289-48e2-a567-a0e29c8b4903:c2741, f63d6ef8-0266-4bf3-bcb1-484cdaae1fbb:c2741]
2019-07-09 20:06:44,948 INFO  client.GrpcClientProtocolClient (GrpcClientProtocolClient.java:onNext(255)) - client-FB00420D972B->0a7e6056-64a2-4302-b029-255d48a66d7f: receive RaftClientReply:client-FB00420D972B->0a7e6056-64a2-4302-b029-255d48a66d7f@group-1EE0336AADCF, cid=1889, SUCCESS, logIndex=2743, commits[0a7e6056-64a2-4302-b029-255d48a66d7f:c2745, 82c1508e-6289-48e2-a567-a0e29c8b4903:c2741, f63d6ef8-0266-4bf3-bcb1-484cdaae1fbb:c2741]
2019-07-09 20:06:44,948 INFO  client.GrpcClientProtocolClient (GrpcClientProtocolClient.java:onNext(255)) - client-FB00420D972B->0a7e6056-64a2-4302-b029-255d48a66d7f: receive RaftClientReply:client-FB00420D972B->0a7e6056-64a2-4302-b029-255d48a66d7f@group-1EE0336AADCF, cid=1890, SUCCESS, logIndex=2744, commits[0a7e6056-64a2-4302-b029-255d48a66d7f:c2745, 82c1508e-6289-48e2-a567-a0e29c8b4903:c2741, f63d6ef8-0266-4bf3-bcb1-484cdaae1fbb:c2741]
2019-07-09 20:06:44,948 INFO  client.GrpcClientProtocolClient (GrpcClientProtocolClient.java:onNext(255)) - client-FB00420D972B->0a7e6056-64a2-4302-b029-255d48a66d7f: receive RaftClientReply:client-FB00420D972B->0a7e6056-64a2-4302-b029-255d48a66d7f@group-1EE0336AADCF, cid=1891, SUCCESS, logIndex=2745, commits[0a7e6056-64a2-4302-b029-255d48a66d7f:c2745, 82c1508e-6289-48e2-a567-a0e29c8b4903:c2741, f63d6ef8-0266-4bf3-bcb1-484cdaae1fbb:c2741]
2019-07-09 20:06:44,961 INFO  client.GrpcClientProtocolClient (GrpcClientProtocolClient.java:onNext(255)) - client-FB00420D972B->0a7e6056-64a2-4302-b029-255d48a66d7f: receive RaftClientReply:client-FB00420D972B->0a7e6056-64a2-4302-b029-255d48a66d7f@group-1EE0336AADCF, cid=1892, SUCCESS, logIndex=0, commits[0a7e6056-64a2-4302-b029-255d48a66d7f:c2748, 82c1508e-6289-48e2-a567-a0e29c8b4903:c2743, f63d6ef8-0266-4bf3-bcb1-484cdaae1fbb:c2744]
2019-07-09 20:06:44,981 INFO  client.GrpcClientProtocolClient (GrpcClientProtocolClient.java:onNext(255)) - client-FB00420D972B->0a7e6056-64a2-4302-b029-255d48a66d7f: receive RaftClientReply:client-FB00420D972B->0a7e6056-64a2-4302-b029-255d48a66d7f@group-1EE0336AADCF, cid=1893, SUCCESS, logIndex=2750, commits[0a7e6056-64a2-4302-b029-255d48a66d7f:c2751, 82c1508e-6289-48e2-a567-a0e29c8b4903:c2749, f63d6ef8-0266-4bf3-bcb1-484cdaae1fbb:c2749]
2019-07-09 20:06:44,981 INFO  client.GrpcClientProtocolClient (GrpcClientProtocolClient.java:onNext(255)) - client-FB00420D972B->0a7e6056-64a2-4302-b029-255d48a66d7f: receive RaftClientReply:client-FB00420D972B->0a7e6056-64a2-4302-b029-255d48a66d7f@group-1EE0336AADCF, cid=1894, SUCCESS, logIndex=2751, commits[0a7e6056-64a2-4302-b029-255d48a66d7f:c2751, 82c1508e-6289-48e2-a567-a0e29c8b4903:c2749, f63d6ef8-0266-4bf3-bcb1-484cdaae1fbb:c2749]
2019-07-09 20:06:44,996 INFO  client.GrpcClientProtocolClient (GrpcClientProtocolClient.java:onNext(255)) - client-FB00420D972B->0a7e6056-64a2-4302-b029-255d48a66d7f: receive RaftClientReply:client-FB00420D972B->0a7e6056-64a2-4302-b029-255d48a66d7f@group-1EE0336AADCF, cid=1895, SUCCESS, logIndex=2754, commits[0a7e6056-64a2-4302-b029-255d48a66d7f:c2755, 82c1508e-6289-48e2-a567-a0e29c8b4903:c2750, f63d6ef8-0266-4bf3-bcb1-484cdaae1fbb:c2751]
2019-07-09 20:06:44,996 INFO  client.GrpcClientProtocolClient (GrpcClientProtocolClient.java:onNext(255)) - client-FB00420D972B->0a7e6056-64a2-4302-b029-255d48a66d7f: receive RaftClientReply:client-FB00420D972B->0a7e6056-64a2-4302-b029-255d48a66d7f@group-1EE0336AADCF, cid=1896, SUCCESS, logIndex=2755, commits[0a7e6056-64a2-4302-b029-255d48a66d7f:c2755, 82c1508e-6289-48e2-a567-a0e29c8b4903:c2751, f63d6ef8-0266-4bf3-bcb1-484cdaae1fbb:c2751]
2019-07-09 20:06:45,007 INFO  client.GrpcClientProtocolClient (GrpcClientProtocolClient.java:onNext(255)) - client-FB00420D972B->0a7e6056-64a2-4302-b029-255d48a66d7f: receive RaftClientReply:client-FB00420D972B->0a7e6056-64a2-4302-b029-255d48a66d7f@group-1EE0336AADCF, cid=1897, SUCCESS, logIndex=0, commits[0a7e6056-64a2-4302-b029-255d48a66d7f:c2756, 82c1508e-6289-48e2-a567-a0e29c8b4903:c2755, f63d6ef8-0266-4bf3-bcb1-484cdaae1fbb:c2755]
2019-07-09 20:06:45,036 INFO  client.GrpcClientProtocolClient (GrpcClientProtocolClient.java:onNext(255)) - client-FB00420D972B->0a7e6056-64a2-4302-b029-255d48a66d7f: receive RaftClientReply:client-FB00420D972B->0a7e6056-64a2-4302-b029-255d48a66d7f@group-1EE0336AADCF, cid=1898, SUCCESS, logIndex=2758, commits[0a7e6056-64a2-4302-b029-255d48a66d7f:c2759, 82c1508e-6289-48e2-a567-a0e29c8b4903:c2757, f63d6ef8-0266-4bf3-bcb1-484cdaae1fbb:c2757]
2019-07-09 20:06:45,037 INFO  client.GrpcClientProtocolClient (GrpcClientProtocolClient.java:onNext(255)) - client-FB00420D972B->0a7e6056-64a2-4302-b029-255d48a66d7f: receive RaftClientReply:client-FB00420D972B->0a7e6056-64a2-4302-b029-255d48a66d7f@group-1EE0336AADCF, cid=1899, SUCCESS, logIndex=2759, commits[0a7e6056-64a2-4302-b029-255d48a66d7f:c2759, 82c1508e-6289-48e2-a567-a0e29c8b4903:c2757, f63d6ef8-0266-4bf3-bcb1-484cdaae1fbb:c2757]
2019-07-09 20:06:45,037 INFO  client.GrpcClientProtocolClient (GrpcClientProtocolClient.java:onNext(255)) - client-FB00420D972B->0a7e6056-64a2-4302-b029-255d48a66d7f: receive RaftClientReply:client-FB00420D972B->0a7e6056-64a2-4302-b029-255d48a66d7f@group-1EE0336AADCF, cid=1900, SUCCESS, logIndex=2760, commits[0a7e6056-64a2-4302-b029-255d48a66d7f:c2761, 82c1508e-6289-48e2-a567-a0e29c8b4903:c2757, f63d6ef8-0266-4bf3-bcb1-484cdaae1fbb:c2757]
2019-07-09 20:06:45,037 INFO  client.GrpcClientProtocolClient (GrpcClientProtocolClient.java:onNext(255)) - client-FB00420D972B->0a7e6056-64a2-4302-b029-255d48a66d7f: receive RaftClientReply:client-FB00420D972B->0a7e6056-64a2-4302-b029-255d48a66d7f@group-1EE0336AADCF, cid=1901, SUCCESS, logIndex=2761, commits[0a7e6056-64a2-4302-b029-255d48a66d7f:c2761, 82c1508e-6289-48e2-a567-a0e29c8b4903:c2757, f63d6ef8-0266-4bf3-bcb1-484cdaae1fbb:c2757]
2019-07-09 20:06:45,038 INFO  client.GrpcClientProtocolClient (GrpcClientProtocolClient.java:onNext(255)) - client-FB00420D972B->0a7e6056-64a2-4302-b029-255d48a66d7f: receive RaftClientReply:client-FB00420D972B->0a7e6056-64a2-4302-b029-255d48a66d7f@group-1EE0336AADCF, cid=1902, SUCCESS, logIndex=0, commits[0a7e6056-64a2-4302-b029-255d48a66d7f:c2763, 82c1508e-6289-48e2-a567-a0e29c8b4903:c2759, f63d6ef8-0266-4bf3-bcb1-484cdaae1fbb:c2759]
2019-07-09 20:06:45,062 INFO  client.GrpcClientProtocolClient (GrpcClientProtocolClient.java:onNext(255)) - client-FB00420D972B->0a7e6056-64a2-4302-b029-255d48a66d7f: receive RaftClientReply:client-FB00420D972B->0a7e6056-64a2-4302-b029-255d48a66d7f@group-1EE0336AADCF, cid=1903, SUCCESS, logIndex=2766, commits[0a7e6056-64a2-4302-b029-255d48a66d7f:c2767, 82c1508e-6289-48e2-a567-a0e29c8b4903:c2765, f63d6ef8-0266-4bf3-bcb1-484cdaae1fbb:c2765]
2019-07-09 20:06:45,063 INFO  client.GrpcClientProtocolClient (GrpcClientProtocolClient.java:onNext(255)) - client-FB00420D972B->0a7e6056-64a2-4302-b029-255d48a66d7f: receive RaftClientReply:client-FB00420D972B->0a7e6056-64a2-4302-b029-255d48a66d7f@group-1EE0336AADCF, cid=1904, SUCCESS, logIndex=2767, commits[0a7e6056-64a2-4302-b029-255d48a66d7f:c2767, 82c1508e-6289-48e2-a567-a0e29c8b4903:c2765, f63d6ef8-0266-4bf3-bcb1-484cdaae1fbb:c2765]
2019-07-09 20:06:45,075 INFO  client.GrpcClientProtocolClient (GrpcClientProtocolClient.java:onNext(255)) - client-FB00420D972B->0a7e6056-64a2-4302-b029-255d48a66d7f: receive RaftClientReply:client-FB00420D972B->0a7e6056-64a2-4302-b029-255d48a66d7f@group-1EE0336AADCF, cid=1905, SUCCESS, logIndex=2770, commits[0a7e6056-64a2-4302-b029-255d48a66d7f:c2771, 82c1508e-6289-48e2-a567-a0e29c8b4903:c2767, f63d6ef8-0266-4bf3-bcb1-484cdaae1fbb:c2767]
2019-07-09 20:06:45,075 INFO  client.GrpcClientProtocolClient (GrpcClientProtocolClient.java:onNext(255)) - client-FB00420D972B->0a7e6056-64a2-4302-b029-255d48a66d7f: receive RaftClientReply:client-FB00420D972B->0a7e6056-64a2-4302-b029-255d48a66d7f@group-1EE0336AADCF, cid=1906, SUCCESS, logIndex=2771, commits[0a7e6056-64a2-4302-b029-255d48a66d7f:c2771, 82c1508e-6289-48e2-a567-a0e29c8b4903:c2767, f63d6ef8-0266-4bf3-bcb1-484cdaae1fbb:c2767]
2019-07-09 20:06:45,088 INFO  client.GrpcClientProtocolClient (GrpcClientProtocolClient.java:onNext(255)) - client-FB00420D972B->0a7e6056-64a2-4302-b029-255d48a66d7f: receive RaftClientReply:client-FB00420D972B->0a7e6056-64a2-4302-b029-255d48a66d7f@group-1EE0336AADCF, cid=1907, SUCCESS, logIndex=0, commits[0a7e6056-64a2-4302-b029-255d48a66d7f:c2773, 82c1508e-6289-48e2-a567-a0e29c8b4903:c2771, f63d6ef8-0266-4bf3-bcb1-484cdaae1fbb:c2771]
2019-07-09 20:06:45,119 INFO  client.GrpcClientProtocolClient (GrpcClientProtocolClient.java:onNext(255)) - client-FB00420D972B->0a7e6056-64a2-4302-b029-255d48a66d7f: receive RaftClientReply:client-FB00420D972B->0a7e6056-64a2-4302-b029-255d48a66d7f@group-1EE0336AADCF, cid=1908, SUCCESS, logIndex=2774, commits[0a7e6056-64a2-4302-b029-255d48a66d7f:c2775, 82c1508e-6289-48e2-a567-a0e29c8b4903:c2773, f63d6ef8-0266-4bf3-bcb1-484cdaae1fbb:c2773]
2019-07-09 20:06:45,119 INFO  client.GrpcClientProtocolClient (GrpcClientProtocolClient.java:onNext(255)) - client-FB00420D972B->0a7e6056-64a2-4302-b029-255d48a66d7f: receive RaftClientReply:client-FB00420D972B->0a7e6056-64a2-4302-b029-255d48a66d7f@group-1EE0336AADCF, cid=1909, SUCCESS, logIndex=2775, commits[0a7e6056-64a2-4302-b029-255d48a66d7f:c2775, 82c1508e-6289-48e2-a567-a0e29c8b4903:c2773, f63d6ef8-0266-4bf3-bcb1-484cdaae1fbb:c2773]
2019-07-09 20:06:45,130 INFO  client.GrpcClientProtocolClient (GrpcClientProtocolClient.java:onNext(255)) - client-FB00420D972B->0a7e6056-64a2-4302-b029-255d48a66d7f: receive RaftClientReply:client-FB00420D972B->0a7e6056-64a2-4302-b029-255d48a66d7f@group-1EE0336AADCF, cid=1910, SUCCESS, logIndex=2776, commits[0a7e6056-64a2-4302-b029-255d48a66d7f:c2777, 82c1508e-6289-48e2-a567-a0e29c8b4903:c2773, f63d6ef8-0266-4bf3-bcb1-484cdaae1fbb:c2773]
2019-07-09 20:06:45,131 INFO  client.GrpcClientProtocolClient (GrpcClientProtocolClient.java:onNext(255)) - client-FB00420D972B->0a7e6056-64a2-4302-b029-255d48a66d7f: receive RaftClientReply:client-FB00420D972B->0a7e6056-64a2-4302-b029-255d48a66d7f@group-1EE0336AADCF, cid=1911, SUCCESS, logIndex=2777, commits[0a7e6056-64a2-4302-b029-255d48a66d7f:c2777, 82c1508e-6289-48e2-a567-a0e29c8b4903:c2773, f63d6ef8-0266-4bf3-bcb1-484cdaae1fbb:c2773]
2019-07-09 20:06:45,133 INFO  client.GrpcClientProtocolClient (GrpcClientProtocolClient.java:onNext(255)) - client-FB00420D972B->0a7e6056-64a2-4302-b029-255d48a66d7f: receive RaftClientReply:client-FB00420D972B->0a7e6056-64a2-4302-b029-255d48a66d7f@group-1EE0336AADCF, cid=1912, SUCCESS, logIndex=0, commits[0a7e6056-64a2-4302-b029-255d48a66d7f:c2779, 82c1508e-6289-48e2-a567-a0e29c8b4903:c2775, f63d6ef8-0266-4bf3-bcb1-484cdaae1fbb:c2775]
2019-07-09 20:06:45,145 INFO  client.GrpcClientProtocolClient (GrpcClientProtocolClient.java:onNext(255)) - client-FB00420D972B->0a7e6056-64a2-4302-b029-255d48a66d7f: receive RaftClientReply:client-FB00420D972B->0a7e6056-64a2-4302-b029-255d48a66d7f@group-1EE0336AADCF, cid=1913, SUCCESS, logIndex=2782, commits[0a7e6056-64a2-4302-b029-255d48a66d7f:c2783, 82c1508e-6289-48e2-a567-a0e29c8b4903:c2777, f63d6ef8-0266-4bf3-bcb1-484cdaae1fbb:c2779]
2019-07-09 20:06:45,146 INFO  client.GrpcClientProtocolClient (GrpcClientProtocolClient.java:onNext(255)) - client-FB00420D972B->0a7e6056-64a2-4302-b029-255d48a66d7f: receive RaftClientReply:client-FB00420D972B->0a7e6056-64a2-4302-b029-255d48a66d7f@group-1EE0336AADCF, cid=1914, SUCCESS, logIndex=2783, commits[0a7e6056-64a2-4302-b029-255d48a66d7f:c2783, 82c1508e-6289-48e2-a567-a0e29c8b4903:c2779, f63d6ef8-0266-4bf3-bcb1-484cdaae1fbb:c2779]
2019-07-09 20:06:45,172 INFO  client.GrpcClientProtocolClient (GrpcClientProtocolClient.java:onNext(255)) - client-FB00420D972B->0a7e6056-64a2-4302-b029-255d48a66d7f: receive RaftClientReply:client-FB00420D972B->0a7e6056-64a2-4302-b029-255d48a66d7f@group-1EE0336AADCF, cid=1915, SUCCESS, logIndex=2786, commits[0a7e6056-64a2-4302-b029-255d48a66d7f:c2787, 82c1508e-6289-48e2-a567-a0e29c8b4903:c2785, f63d6ef8-0266-4bf3-bcb1-484cdaae1fbb:c2785]
2019-07-09 20:06:45,173 INFO  client.GrpcClientProtocolClient (GrpcClientProtocolClient.java:onNext(255)) - client-FB00420D972B->0a7e6056-64a2-4302-b029-255d48a66d7f: receive RaftClientReply:client-FB00420D972B->0a7e6056-64a2-4302-b029-255d48a66d7f@group-1EE0336AADCF, cid=1916, SUCCESS, logIndex=2787, commits[0a7e6056-64a2-4302-b029-255d48a66d7f:c2787, 82c1508e-6289-48e2-a567-a0e29c8b4903:c2785, f63d6ef8-0266-4bf3-bcb1-484cdaae1fbb:c2785]
2019-07-09 20:06:45,179 INFO  client.GrpcClientProtocolClient (GrpcClientProtocolClient.java:onNext(255)) - client-FB00420D972B->0a7e6056-64a2-4302-b029-255d48a66d7f: receive RaftClientReply:client-FB00420D972B->0a7e6056-64a2-4302-b029-255d48a66d7f@group-1EE0336AADCF, cid=1917, SUCCESS, logIndex=0, commits[0a7e6056-64a2-4302-b029-255d48a66d7f:c2789, 82c1508e-6289-48e2-a567-a0e29c8b4903:c2787, f63d6ef8-0266-4bf3-bcb1-484cdaae1fbb:c2787]
2019-07-09 20:06:45,208 INFO  client.GrpcClientProtocolClient (GrpcClientProtocolClient.java:onNext(255)) - client-FB00420D972B->0a7e6056-64a2-4302-b029-255d48a66d7f: receive RaftClientReply:client-FB00420D972B->0a7e6056-64a2-4302-b029-255d48a66d7f@group-1EE0336AADCF, cid=1918, SUCCESS, logIndex=2790, commits[0a7e6056-64a2-4302-b029-255d48a66d7f:c2791, 82c1508e-6289-48e2-a567-a0e29c8b4903:c2789, f63d6ef8-0266-4bf3-bcb1-484cdaae1fbb:c2789]
2019-07-09 20:06:45,209 INFO  client.GrpcClientProtocolClient (GrpcClientProtocolClient.java:onNext(255)) - client-FB00420D972B->0a7e6056-64a2-4302-b029-255d48a66d7f: receive RaftClientReply:client-FB00420D972B->0a7e6056-64a2-4302-b029-255d48a66d7f@group-1EE0336AADCF, cid=1919, SUCCESS, logIndex=2791, commits[0a7e6056-64a2-4302-b029-255d48a66d7f:c2791, 82c1508e-6289-48e2-a567-a0e29c8b4903:c2789, f63d6ef8-0266-4bf3-bcb1-484cdaae1fbb:c2789]
2019-07-09 20:06:45,209 INFO  client.GrpcClientProtocolClient (GrpcClientProtocolClient.java:onNext(255)) - client-FB00420D972B->0a7e6056-64a2-4302-b029-255d48a66d7f: receive RaftClientReply:client-FB00420D972B->0a7e6056-64a2-4302-b029-255d48a66d7f@group-1EE0336AADCF, cid=1920, SUCCESS, logIndex=2792, commits[0a7e6056-64a2-4302-b029-255d48a66d7f:c2793, 82c1508e-6289-48e2-a567-a0e29c8b4903:c2789, f63d6ef8-0266-4bf3-bcb1-484cdaae1fbb:c2789]
2019-07-09 20:06:45,210 INFO  client.GrpcClientProtocolClient (GrpcClientProtocolClient.java:onNext(255)) - client-FB00420D972B->0a7e6056-64a2-4302-b029-255d48a66d7f: receive RaftClientReply:client-FB00420D972B->0a7e6056-64a2-4302-b029-255d48a66d7f@group-1EE0336AADCF, cid=1921, SUCCESS, logIndex=2793, commits[0a7e6056-64a2-4302-b029-255d48a66d7f:c2793, 82c1508e-6289-48e2-a567-a0e29c8b4903:c2789, f63d6ef8-0266-4bf3-bcb1-484cdaae1fbb:c2789]
2019-07-09 20:06:45,222 INFO  client.GrpcClientProtocolClient (GrpcClientProtocolClient.java:onNext(255)) - client-FB00420D972B->0a7e6056-64a2-4302-b029-255d48a66d7f: receive RaftClientReply:client-FB00420D972B->0a7e6056-64a2-4302-b029-255d48a66d7f@group-1EE0336AADCF, cid=1922, SUCCESS, logIndex=0, commits[0a7e6056-64a2-4302-b029-255d48a66d7f:c2795, 82c1508e-6289-48e2-a567-a0e29c8b4903:c2791, f63d6ef8-0266-4bf3-bcb1-484cdaae1fbb:c2791]
2019-07-09 20:06:45,245 INFO  client.GrpcClientProtocolClient (GrpcClientProtocolClient.java:onNext(255)) - client-FB00420D972B->0a7e6056-64a2-4302-b029-255d48a66d7f: receive RaftClientReply:client-FB00420D972B->0a7e6056-64a2-4302-b029-255d48a66d7f@group-1EE0336AADCF, cid=1923, SUCCESS, logIndex=2798, commits[0a7e6056-64a2-4302-b029-255d48a66d7f:c2799, 82c1508e-6289-48e2-a567-a0e29c8b4903:c2795, f63d6ef8-0266-4bf3-bcb1-484cdaae1fbb:c2795]
2019-07-09 20:06:45,245 INFO  client.GrpcClientProtocolClient (GrpcClientProtocolClient.java:onNext(255)) - client-FB00420D972B->0a7e6056-64a2-4302-b029-255d48a66d7f: receive RaftClientReply:client-FB00420D972B->0a7e6056-64a2-4302-b029-255d48a66d7f@group-1EE0336AADCF, cid=1924, SUCCESS, logIndex=2799, commits[0a7e6056-64a2-4302-b029-255d48a66d7f:c2799, 82c1508e-6289-48e2-a567-a0e29c8b4903:c2795, f63d6ef8-0266-4bf3-bcb1-484cdaae1fbb:c2795]
2019-07-09 20:06:45,265 INFO  client.GrpcClientProtocolClient (GrpcClientProtocolClient.java:onNext(255)) - client-FB00420D972B->0a7e6056-64a2-4302-b029-255d48a66d7f: receive RaftClientReply:client-FB00420D972B->0a7e6056-64a2-4302-b029-255d48a66d7f@group-1EE0336AADCF, cid=1925, SUCCESS, logIndex=2802, commits[0a7e6056-64a2-4302-b029-255d48a66d7f:c2803, 82c1508e-6289-48e2-a567-a0e29c8b4903:c2799, f63d6ef8-0266-4bf3-bcb1-484cdaae1fbb:c2800]
2019-07-09 20:06:45,274 INFO  client.GrpcClientProtocolClient (GrpcClientProtocolClient.java:onNext(255)) - client-FB00420D972B->0a7e6056-64a2-4302-b029-255d48a66d7f: receive RaftClientReply:client-FB00420D972B->0a7e6056-64a2-4302-b029-255d48a66d7f@group-1EE0336AADCF, cid=1926, SUCCESS, logIndex=2803, commits[0a7e6056-64a2-4302-b029-255d48a66d7f:c2803, 82c1508e-6289-48e2-a567-a0e29c8b4903:c2799, f63d6ef8-0266-4bf3-bcb1-484cdaae1fbb:c2800]
2019-07-09 20:06:45,279 INFO  client.GrpcClientProtocolClient (GrpcClientProtocolClient.java:onNext(255)) - client-FB00420D972B->0a7e6056-64a2-4302-b029-255d48a66d7f: receive RaftClientReply:client-FB00420D972B->0a7e6056-64a2-4302-b029-255d48a66d7f@group-1EE0336AADCF, cid=1927, SUCCESS, logIndex=0, commits[0a7e6056-64a2-4302-b029-255d48a66d7f:c2805, 82c1508e-6289-48e2-a567-a0e29c8b4903:c2803, f63d6ef8-0266-4bf3-bcb1-484cdaae1fbb:c2803]
2019-07-09 20:06:45,309 INFO  client.GrpcClientProtocolClient (GrpcClientProtocolClient.java:onNext(255)) - client-FB00420D972B->0a7e6056-64a2-4302-b029-255d48a66d7f: receive RaftClientReply:client-FB00420D972B->0a7e6056-64a2-4302-b029-255d48a66d7f@group-1EE0336AADCF, cid=1928, SUCCESS, logIndex=2806, commits[0a7e6056-64a2-4302-b029-255d48a66d7f:c2807, 82c1508e-6289-48e2-a567-a0e29c8b4903:c2805, f63d6ef8-0266-4bf3-bcb1-484cdaae1fbb:c2805]
2019-07-09 20:06:45,309 INFO  client.GrpcClientProtocolClient (GrpcClientProtocolClient.java:onNext(255)) - client-FB00420D972B->0a7e6056-64a2-4302-b029-255d48a66d7f: receive RaftClientReply:client-FB00420D972B->0a7e6056-64a2-4302-b029-255d48a66d7f@group-1EE0336AADCF, cid=1929, SUCCESS, logIndex=2807, commits[0a7e6056-64a2-4302-b029-255d48a66d7f:c2809, 82c1508e-6289-48e2-a567-a0e29c8b4903:c2805, f63d6ef8-0266-4bf3-bcb1-484cdaae1fbb:c2805]
2019-07-09 20:06:45,309 INFO  client.GrpcClientProtocolClient (GrpcClientProtocolClient.java:onNext(255)) - client-FB00420D972B->0a7e6056-64a2-4302-b029-255d48a66d7f: receive RaftClientReply:client-FB00420D972B->0a7e6056-64a2-4302-b029-255d48a66d7f@group-1EE0336AADCF, cid=1930, SUCCESS, logIndex=2808, commits[0a7e6056-64a2-4302-b029-255d48a66d7f:c2809, 82c1508e-6289-48e2-a567-a0e29c8b4903:c2805, f63d6ef8-0266-4bf3-bcb1-484cdaae1fbb:c2805]
2019-07-09 20:06:45,310 INFO  client.GrpcClientProtocolClient (GrpcClientProtocolClient.java:onNext(255)) - client-FB00420D972B->0a7e6056-64a2-4302-b029-255d48a66d7f: receive RaftClientReply:client-FB00420D972B->0a7e6056-64a2-4302-b029-255d48a66d7f@group-1EE0336AADCF, cid=1931, SUCCESS, logIndex=2809, commits[0a7e6056-64a2-4302-b029-255d48a66d7f:c2809, 82c1508e-6289-48e2-a567-a0e29c8b4903:c2805, f63d6ef8-0266-4bf3-bcb1-484cdaae1fbb:c2805]
2019-07-09 20:06:45,320 INFO  client.GrpcClientProtocolClient (GrpcClientProtocolClient.java:onNext(255)) - client-FB00420D972B->0a7e6056-64a2-4302-b029-255d48a66d7f: receive RaftClientReply:client-FB00420D972B->0a7e6056-64a2-4302-b029-255d48a66d7f@group-1EE0336AADCF, cid=1932, SUCCESS, logIndex=0, commits[0a7e6056-64a2-4302-b029-255d48a66d7f:c2810, 82c1508e-6289-48e2-a567-a0e29c8b4903:c2807, f63d6ef8-0266-4bf3-bcb1-484cdaae1fbb:c2807]
2019-07-09 20:06:45,340 INFO  client.GrpcClientProtocolClient (GrpcClientProtocolClient.java:onNext(255)) - client-FB00420D972B->0a7e6056-64a2-4302-b029-255d48a66d7f: receive RaftClientReply:client-FB00420D972B->0a7e6056-64a2-4302-b029-255d48a66d7f@group-1EE0336AADCF, cid=1933, SUCCESS, logIndex=2814, commits[0a7e6056-64a2-4302-b029-255d48a66d7f:c2815, 82c1508e-6289-48e2-a567-a0e29c8b4903:c2813, f63d6ef8-0266-4bf3-bcb1-484cdaae1fbb:c2813]
2019-07-09 20:06:45,340 INFO  client.GrpcClientProtocolClient (GrpcClientProtocolClient.java:onNext(255)) - client-FB00420D972B->0a7e6056-64a2-4302-b029-255d48a66d7f: receive RaftClientReply:client-FB00420D972B->0a7e6056-64a2-4302-b029-255d48a66d7f@group-1EE0336AADCF, cid=1934, SUCCESS, logIndex=2815, commits[0a7e6056-64a2-4302-b029-255d48a66d7f:c2815, 82c1508e-6289-48e2-a567-a0e29c8b4903:c2813, f63d6ef8-0266-4bf3-bcb1-484cdaae1fbb:c2813]
2019-07-09 20:06:45,353 INFO  client.GrpcClientProtocolClient (GrpcClientProtocolClient.java:onNext(255)) - client-FB00420D972B->0a7e6056-64a2-4302-b029-255d48a66d7f: receive RaftClientReply:client-FB00420D972B->0a7e6056-64a2-4302-b029-255d48a66d7f@group-1EE0336AADCF, cid=1935, SUCCESS, logIndex=2818, commits[0a7e6056-64a2-4302-b029-255d48a66d7f:c2819, 82c1508e-6289-48e2-a567-a0e29c8b4903:c2814, f63d6ef8-0266-4bf3-bcb1-484cdaae1fbb:c2815]
2019-07-09 20:06:45,354 INFO  client.GrpcClientProtocolClient (GrpcClientProtocolClient.java:onNext(255)) - client-FB00420D972B->0a7e6056-64a2-4302-b029-255d48a66d7f: receive RaftClientReply:client-FB00420D972B->0a7e6056-64a2-4302-b029-255d48a66d7f@group-1EE0336AADCF, cid=1936, SUCCESS, logIndex=2819, commits[0a7e6056-64a2-4302-b029-255d48a66d7f:c2819, 82c1508e-6289-48e2-a567-a0e29c8b4903:c2815, f63d6ef8-0266-4bf3-bcb1-484cdaae1fbb:c2815]
2019-07-09 20:06:45,368 INFO  client.GrpcClientProtocolClient (GrpcClientProtocolClient.java:onNext(255)) - client-FB00420D972B->0a7e6056-64a2-4302-b029-255d48a66d7f: receive RaftClientReply:client-FB00420D972B->0a7e6056-64a2-4302-b029-255d48a66d7f@group-1EE0336AADCF, cid=1937, SUCCESS, logIndex=0, commits[0a7e6056-64a2-4302-b029-255d48a66d7f:c2821, 82c1508e-6289-48e2-a567-a0e29c8b4903:c2819, f63d6ef8-0266-4bf3-bcb1-484cdaae1fbb:c2819]
2019-07-09 20:06:45,396 INFO  client.GrpcClientProtocolClient (GrpcClientProtocolClient.java:onNext(255)) - client-FB00420D972B->0a7e6056-64a2-4302-b029-255d48a66d7f: receive RaftClientReply:client-FB00420D972B->0a7e6056-64a2-4302-b029-255d48a66d7f@group-1EE0336AADCF, cid=1938, SUCCESS, logIndex=2822, commits[0a7e6056-64a2-4302-b029-255d48a66d7f:c2823, 82c1508e-6289-48e2-a567-a0e29c8b4903:c2821, f63d6ef8-0266-4bf3-bcb1-484cdaae1fbb:c2821]
2019-07-09 20:06:45,397 INFO  client.GrpcClientProtocolClient (GrpcClientProtocolClient.java:onNext(255)) - client-FB00420D972B->0a7e6056-64a2-4302-b029-255d48a66d7f: receive RaftClientReply:client-FB00420D972B->0a7e6056-64a2-4302-b029-255d48a66d7f@group-1EE0336AADCF, cid=1939, SUCCESS, logIndex=2823, commits[0a7e6056-64a2-4302-b029-255d48a66d7f:c2825, 82c1508e-6289-48e2-a567-a0e29c8b4903:c2821, f63d6ef8-0266-4bf3-bcb1-484cdaae1fbb:c2821]
2019-07-09 20:06:45,506 INFO  client.GrpcClientProtocolClient (GrpcClientProtocolClient.java:onNext(255)) - client-FB00420D972B->0a7e6056-64a2-4302-b029-255d48a66d7f: receive RaftClientReply:client-FB00420D972B->0a7e6056-64a2-4302-b029-255d48a66d7f@group-1EE0336AADCF, cid=1940, SUCCESS, logIndex=2824, commits[0a7e6056-64a2-4302-b029-255d48a66d7f:c2825, 82c1508e-6289-48e2-a567-a0e29c8b4903:c2821, f63d6ef8-0266-4bf3-bcb1-484cdaae1fbb:c2821]
2019-07-09 20:06:45,506 INFO  client.GrpcClientProtocolClient (GrpcClientProtocolClient.java:onNext(255)) - client-FB00420D972B->0a7e6056-64a2-4302-b029-255d48a66d7f: receive RaftClientReply:client-FB00420D972B->0a7e6056-64a2-4302-b029-255d48a66d7f@group-1EE0336AADCF, cid=1941, SUCCESS, logIndex=2825, commits[0a7e6056-64a2-4302-b029-255d48a66d7f:c2825, 82c1508e-6289-48e2-a567-a0e29c8b4903:c2821, f63d6ef8-0266-4bf3-bcb1-484cdaae1fbb:c2821]
2019-07-09 20:06:45,507 INFO  client.GrpcClientProtocolClient (GrpcClientProtocolClient.java:onNext(255)) - client-FB00420D972B->0a7e6056-64a2-4302-b029-255d48a66d7f: receive RaftClientReply:client-FB00420D972B->0a7e6056-64a2-4302-b029-255d48a66d7f@group-1EE0336AADCF, cid=1942, SUCCESS, logIndex=0, commits[0a7e6056-64a2-4302-b029-255d48a66d7f:c2829, 82c1508e-6289-48e2-a567-a0e29c8b4903:c2825, f63d6ef8-0266-4bf3-bcb1-484cdaae1fbb:c2823]
2019-07-09 20:06:45,529 INFO  client.GrpcClientProtocolClient (GrpcClientProtocolClient.java:onNext(255)) - client-FB00420D972B->0a7e6056-64a2-4302-b029-255d48a66d7f: receive RaftClientReply:client-FB00420D972B->0a7e6056-64a2-4302-b029-255d48a66d7f@group-1EE0336AADCF, cid=1943, SUCCESS, logIndex=2830, commits[0a7e6056-64a2-4302-b029-255d48a66d7f:c2831, 82c1508e-6289-48e2-a567-a0e29c8b4903:c2829, f63d6ef8-0266-4bf3-bcb1-484cdaae1fbb:c2829]
2019-07-09 20:06:45,530 INFO  client.GrpcClientProtocolClient (GrpcClientProtocolClient.java:onNext(255)) - client-FB00420D972B->0a7e6056-64a2-4302-b029-255d48a66d7f: receive RaftClientReply:client-FB00420D972B->0a7e6056-64a2-4302-b029-255d48a66d7f@group-1EE0336AADCF, cid=1944, SUCCESS, logIndex=2831, commits[0a7e6056-64a2-4302-b029-255d48a66d7f:c2831, 82c1508e-6289-48e2-a567-a0e29c8b4903:c2829, f63d6ef8-0266-4bf3-bcb1-484cdaae1fbb:c2829]
2019-07-09 20:06:45,555 INFO  client.GrpcClientProtocolClient (GrpcClientProtocolClient.java:onNext(255)) - client-FB00420D972B->0a7e6056-64a2-4302-b029-255d48a66d7f: receive RaftClientReply:client-FB00420D972B->0a7e6056-64a2-4302-b029-255d48a66d7f@group-1EE0336AADCF, cid=1945, SUCCESS, logIndex=2834, commits[0a7e6056-64a2-4302-b029-255d48a66d7f:c2834, 82c1508e-6289-48e2-a567-a0e29c8b4903:c2831, f63d6ef8-0266-4bf3-bcb1-484cdaae1fbb:c2831]
2019-07-09 20:06:45,555 INFO  client.GrpcClientProtocolClient (GrpcClientProtocolClient.java:onNext(255)) - client-FB00420D972B->0a7e6056-64a2-4302-b029-255d48a66d7f: receive RaftClientReply:client-FB00420D972B->0a7e6056-64a2-4302-b029-255d48a66d7f@group-1EE0336AADCF, cid=1946, SUCCESS, logIndex=2835, commits[0a7e6056-64a2-4302-b029-255d48a66d7f:c2835, 82c1508e-6289-48e2-a567-a0e29c8b4903:c2831, f63d6ef8-0266-4bf3-bcb1-484cdaae1fbb:c2831]
2019-07-09 20:06:45,566 INFO  client.GrpcClientProtocolClient (GrpcClientProtocolClient.java:onNext(255)) - client-FB00420D972B->0a7e6056-64a2-4302-b029-255d48a66d7f: receive RaftClientReply:client-FB00420D972B->0a7e6056-64a2-4302-b029-255d48a66d7f@group-1EE0336AADCF, cid=1947, SUCCESS, logIndex=0, commits[0a7e6056-64a2-4302-b029-255d48a66d7f:c2836, 82c1508e-6289-48e2-a567-a0e29c8b4903:c2835, f63d6ef8-0266-4bf3-bcb1-484cdaae1fbb:c2835]
2019-07-09 20:06:45,595 INFO  client.GrpcClientProtocolClient (GrpcClientProtocolClient.java:onNext(255)) - client-FB00420D972B->0a7e6056-64a2-4302-b029-255d48a66d7f: receive RaftClientReply:client-FB00420D972B->0a7e6056-64a2-4302-b029-255d48a66d7f@group-1EE0336AADCF, cid=1948, SUCCESS, logIndex=2838, commits[0a7e6056-64a2-4302-b029-255d48a66d7f:c2839, 82c1508e-6289-48e2-a567-a0e29c8b4903:c2837, f63d6ef8-0266-4bf3-bcb1-484cdaae1fbb:c2837]
2019-07-09 20:06:45,596 INFO  client.GrpcClientProtocolClient (GrpcClientProtocolClient.java:onNext(255)) - client-FB00420D972B->0a7e6056-64a2-4302-b029-255d48a66d7f: receive RaftClientReply:client-FB00420D972B->0a7e6056-64a2-4302-b029-255d48a66d7f@group-1EE0336AADCF, cid=1949, SUCCESS, logIndex=2839, commits[0a7e6056-64a2-4302-b029-255d48a66d7f:c2839, 82c1508e-6289-48e2-a567-a0e29c8b4903:c2837, f63d6ef8-0266-4bf3-bcb1-484cdaae1fbb:c2837]
2019-07-09 20:06:45,596 INFO  client.GrpcClientProtocolClient (GrpcClientProtocolClient.java:onNext(255)) - client-FB00420D972B->0a7e6056-64a2-4302-b029-255d48a66d7f: receive RaftClientReply:client-FB00420D972B->0a7e6056-64a2-4302-b029-255d48a66d7f@group-1EE0336AADCF, cid=1950, SUCCESS, logIndex=2840, commits[0a7e6056-64a2-4302-b029-255d48a66d7f:c2841, 82c1508e-6289-48e2-a567-a0e29c8b4903:c2837, f63d6ef8-0266-4bf3-bcb1-484cdaae1fbb:c2837]
2019-07-09 20:06:45,596 INFO  client.GrpcClientProtocolClient (GrpcClientProtocolClient.java:onNext(255)) - client-FB00420D972B->0a7e6056-64a2-4302-b029-255d48a66d7f: receive RaftClientReply:client-FB00420D972B->0a7e6056-64a2-4302-b029-255d48a66d7f@group-1EE0336AADCF, cid=1951, SUCCESS, logIndex=2841, commits[0a7e6056-64a2-4302-b029-255d48a66d7f:c2841, 82c1508e-6289-48e2-a567-a0e29c8b4903:c2837, f63d6ef8-0266-4bf3-bcb1-484cdaae1fbb:c2837]
2019-07-09 20:06:45,597 INFO  client.GrpcClientProtocolClient (GrpcClientProtocolClient.java:onNext(255)) - client-FB00420D972B->0a7e6056-64a2-4302-b029-255d48a66d7f: receive RaftClientReply:client-FB00420D972B->0a7e6056-64a2-4302-b029-255d48a66d7f@group-1EE0336AADCF, cid=1952, SUCCESS, logIndex=0, commits[0a7e6056-64a2-4302-b029-255d48a66d7f:c2843, 82c1508e-6289-48e2-a567-a0e29c8b4903:c2839, f63d6ef8-0266-4bf3-bcb1-484cdaae1fbb:c2839]
2019-07-09 20:06:45,609 INFO  client.GrpcClientProtocolClient (GrpcClientProtocolClient.java:onNext(255)) - client-FB00420D972B->0a7e6056-64a2-4302-b029-255d48a66d7f: receive RaftClientReply:client-FB00420D972B->0a7e6056-64a2-4302-b029-255d48a66d7f@group-1EE0336AADCF, cid=1953, SUCCESS, logIndex=2845, commits[0a7e6056-64a2-4302-b029-255d48a66d7f:c2846, 82c1508e-6289-48e2-a567-a0e29c8b4903:c2844, f63d6ef8-0266-4bf3-bcb1-484cdaae1fbb:c2841]
2019-07-09 20:06:45,610 INFO  client.GrpcClientProtocolClient (GrpcClientProtocolClient.java:onNext(255)) - client-FB00420D972B->0a7e6056-64a2-4302-b029-255d48a66d7f: receive RaftClientReply:client-FB00420D972B->0a7e6056-64a2-4302-b029-255d48a66d7f@group-1EE0336AADCF, cid=1954, SUCCESS, logIndex=2846, commits[0a7e6056-64a2-4302-b029-255d48a66d7f:c2846, 82c1508e-6289-48e2-a567-a0e29c8b4903:c2844, f63d6ef8-0266-4bf3-bcb1-484cdaae1fbb:c2844]
2019-07-09 20:06:45,625 INFO  client.GrpcClientProtocolClient (GrpcClientProtocolClient.java:onNext(255)) - client-FB00420D972B->0a7e6056-64a2-4302-b029-255d48a66d7f: receive RaftClientReply:client-FB00420D972B->0a7e6056-64a2-4302-b029-255d48a66d7f@group-1EE0336AADCF, cid=1955, SUCCESS, logIndex=2849, commits[0a7e6056-64a2-4302-b029-255d48a66d7f:c2850, 82c1508e-6289-48e2-a567-a0e29c8b4903:c2846, f63d6ef8-0266-4bf3-bcb1-484cdaae1fbb:c2847]
2019-07-09 20:06:45,625 INFO  client.GrpcClientProtocolClient (GrpcClientProtocolClient.java:onNext(255)) - client-FB00420D972B->0a7e6056-64a2-4302-b029-255d48a66d7f: receive RaftClientReply:client-FB00420D972B->0a7e6056-64a2-4302-b029-255d48a66d7f@group-1EE0336AADCF, cid=1956, SUCCESS, logIndex=2850, commits[0a7e6056-64a2-4302-b029-255d48a66d7f:c2850, 82c1508e-6289-48e2-a567-a0e29c8b4903:c2847, f63d6ef8-0266-4bf3-bcb1-484cdaae1fbb:c2847]
2019-07-09 20:06:45,626 INFO  client.GrpcClientProtocolClient (GrpcClientProtocolClient.java:onNext(255)) - client-FB00420D972B->0a7e6056-64a2-4302-b029-255d48a66d7f: receive RaftClientReply:client-FB00420D972B->0a7e6056-64a2-4302-b029-255d48a66d7f@group-1EE0336AADCF, cid=1957, SUCCESS, logIndex=0, commits[0a7e6056-64a2-4302-b029-255d48a66d7f:c2851, 82c1508e-6289-48e2-a567-a0e29c8b4903:c2850, f63d6ef8-0266-4bf3-bcb1-484cdaae1fbb:c2850]
2019-07-09 20:06:45,652 INFO  client.GrpcClientProtocolClient (GrpcClientProtocolClient.java:onNext(255)) - client-FB00420D972B->0a7e6056-64a2-4302-b029-255d48a66d7f: receive RaftClientReply:client-FB00420D972B->0a7e6056-64a2-4302-b029-255d48a66d7f@group-1EE0336AADCF, cid=1958, SUCCESS, logIndex=2852, commits[0a7e6056-64a2-4302-b029-255d48a66d7f:c2853, 82c1508e-6289-48e2-a567-a0e29c8b4903:c2851, f63d6ef8-0266-4bf3-bcb1-484cdaae1fbb:c2851]
2019-07-09 20:06:45,652 INFO  client.GrpcClientProtocolClient (GrpcClientProtocolClient.java:onNext(255)) - client-FB00420D972B->0a7e6056-64a2-4302-b029-255d48a66d7f: receive RaftClientReply:client-FB00420D972B->0a7e6056-64a2-4302-b029-255d48a66d7f@group-1EE0336AADCF, cid=1959, SUCCESS, logIndex=2853, commits[0a7e6056-64a2-4302-b029-255d48a66d7f:c2853, 82c1508e-6289-48e2-a567-a0e29c8b4903:c2851, f63d6ef8-0266-4bf3-bcb1-484cdaae1fbb:c2851]
2019-07-09 20:06:45,653 INFO  client.GrpcClientProtocolClient (GrpcClientProtocolClient.java:onNext(255)) - client-FB00420D972B->0a7e6056-64a2-4302-b029-255d48a66d7f: receive RaftClientReply:client-FB00420D972B->0a7e6056-64a2-4302-b029-255d48a66d7f@group-1EE0336AADCF, cid=1960, SUCCESS, logIndex=2854, commits[0a7e6056-64a2-4302-b029-255d48a66d7f:c2855, 82c1508e-6289-48e2-a567-a0e29c8b4903:c2851, f63d6ef8-0266-4bf3-bcb1-484cdaae1fbb:c2851]
2019-07-09 20:06:45,653 INFO  client.GrpcClientProtocolClient (GrpcClientProtocolClient.java:onNext(255)) - client-FB00420D972B->0a7e6056-64a2-4302-b029-255d48a66d7f: receive RaftClientReply:client-FB00420D972B->0a7e6056-64a2-4302-b029-255d48a66d7f@group-1EE0336AADCF, cid=1961, SUCCESS, logIndex=2855, commits[0a7e6056-64a2-4302-b029-255d48a66d7f:c2855, 82c1508e-6289-48e2-a567-a0e29c8b4903:c2851, f63d6ef8-0266-4bf3-bcb1-484cdaae1fbb:c2851]
2019-07-09 20:06:45,655 INFO  client.GrpcClientProtocolClient (GrpcClientProtocolClient.java:onNext(255)) - client-FB00420D972B->0a7e6056-64a2-4302-b029-255d48a66d7f: receive RaftClientReply:client-FB00420D972B->0a7e6056-64a2-4302-b029-255d48a66d7f@group-1EE0336AADCF, cid=1962, SUCCESS, logIndex=0, commits[0a7e6056-64a2-4302-b029-255d48a66d7f:c2858, 82c1508e-6289-48e2-a567-a0e29c8b4903:c2853, f63d6ef8-0266-4bf3-bcb1-484cdaae1fbb:c2855]
2019-07-09 20:06:45,680 INFO  client.GrpcClientProtocolClient (GrpcClientProtocolClient.java:onNext(255)) - client-FB00420D972B->0a7e6056-64a2-4302-b029-255d48a66d7f: receive RaftClientReply:client-FB00420D972B->0a7e6056-64a2-4302-b029-255d48a66d7f@group-1EE0336AADCF, cid=1963, SUCCESS, logIndex=2859, commits[0a7e6056-64a2-4302-b029-255d48a66d7f:c2860, 82c1508e-6289-48e2-a567-a0e29c8b4903:c2858, f63d6ef8-0266-4bf3-bcb1-484cdaae1fbb:c2858]
2019-07-09 20:06:45,680 INFO  client.GrpcClientProtocolClient (GrpcClientProtocolClient.java:onNext(255)) - client-FB00420D972B->0a7e6056-64a2-4302-b029-255d48a66d7f: receive RaftClientReply:client-FB00420D972B->0a7e6056-64a2-4302-b029-255d48a66d7f@group-1EE0336AADCF, cid=1964, SUCCESS, logIndex=2860, commits[0a7e6056-64a2-4302-b029-255d48a66d7f:c2860, 82c1508e-6289-48e2-a567-a0e29c8b4903:c2858, f63d6ef8-0266-4bf3-bcb1-484cdaae1fbb:c2858]
2019-07-09 20:06:45,699 INFO  client.GrpcClientProtocolClient (GrpcClientProtocolClient.java:onNext(255)) - client-FB00420D972B->0a7e6056-64a2-4302-b029-255d48a66d7f: receive RaftClientReply:client-FB00420D972B->0a7e6056-64a2-4302-b029-255d48a66d7f@group-1EE0336AADCF, cid=1965, SUCCESS, logIndex=2863, commits[0a7e6056-64a2-4302-b029-255d48a66d7f:c2864, 82c1508e-6289-48e2-a567-a0e29c8b4903:c2862, f63d6ef8-0266-4bf3-bcb1-484cdaae1fbb:c2862]
2019-07-09 20:06:45,699 INFO  client.GrpcClientProtocolClient (GrpcClientProtocolClient.java:onNext(255)) - client-FB00420D972B->0a7e6056-64a2-4302-b029-255d48a66d7f: receive RaftClientReply:client-FB00420D972B->0a7e6056-64a2-4302-b029-255d48a66d7f@group-1EE0336AADCF, cid=1966, SUCCESS, logIndex=2864, commits[0a7e6056-64a2-4302-b029-255d48a66d7f:c2864, 82c1508e-6289-48e2-a567-a0e29c8b4903:c2862, f63d6ef8-0266-4bf3-bcb1-484cdaae1fbb:c2862]
2019-07-09 20:06:45,715 INFO  client.GrpcClientProtocolClient (GrpcClientProtocolClient.java:onNext(255)) - client-FB00420D972B->0a7e6056-64a2-4302-b029-255d48a66d7f: receive RaftClientReply:client-FB00420D972B->0a7e6056-64a2-4302-b029-255d48a66d7f@group-1EE0336AADCF, cid=1967, SUCCESS, logIndex=0, commits[0a7e6056-64a2-4302-b029-255d48a66d7f:c2866, 82c1508e-6289-48e2-a567-a0e29c8b4903:c2864, f63d6ef8-0266-4bf3-bcb1-484cdaae1fbb:c2864]
2019-07-09 20:06:45,743 INFO  client.GrpcClientProtocolClient (GrpcClientProtocolClient.java:onNext(255)) - client-FB00420D972B->0a7e6056-64a2-4302-b029-255d48a66d7f: receive RaftClientReply:client-FB00420D972B->0a7e6056-64a2-4302-b029-255d48a66d7f@group-1EE0336AADCF, cid=1968, SUCCESS, logIndex=2867, commits[0a7e6056-64a2-4302-b029-255d48a66d7f:c2868, 82c1508e-6289-48e2-a567-a0e29c8b4903:c2866, f63d6ef8-0266-4bf3-bcb1-484cdaae1fbb:c2866]
2019-07-09 20:06:45,743 INFO  client.GrpcClientProtocolClient (GrpcClientProtocolClient.java:onNext(255)) - client-FB00420D972B->0a7e6056-64a2-4302-b029-255d48a66d7f: receive RaftClientReply:client-FB00420D972B->0a7e6056-64a2-4302-b029-255d48a66d7f@group-1EE0336AADCF, cid=1969, SUCCESS, logIndex=2868, commits[0a7e6056-64a2-4302-b029-255d48a66d7f:c2868, 82c1508e-6289-48e2-a567-a0e29c8b4903:c2866, f63d6ef8-0266-4bf3-bcb1-484cdaae1fbb:c2866]
2019-07-09 20:06:45,743 INFO  client.GrpcClientProtocolClient (GrpcClientProtocolClient.java:onNext(255)) - client-FB00420D972B->0a7e6056-64a2-4302-b029-255d48a66d7f: receive RaftClientReply:client-FB00420D972B->0a7e6056-64a2-4302-b029-255d48a66d7f@group-1EE0336AADCF, cid=1970, SUCCESS, logIndex=2869, commits[0a7e6056-64a2-4302-b029-255d48a66d7f:c2869, 82c1508e-6289-48e2-a567-a0e29c8b4903:c2866, f63d6ef8-0266-4bf3-bcb1-484cdaae1fbb:c2866]
2019-07-09 20:06:45,744 INFO  client.GrpcClientProtocolClient (GrpcClientProtocolClient.java:onNext(255)) - client-FB00420D972B->0a7e6056-64a2-4302-b029-255d48a66d7f: receive RaftClientReply:client-FB00420D972B->0a7e6056-64a2-4302-b029-255d48a66d7f@group-1EE0336AADCF, cid=1971, SUCCESS, logIndex=2870, commits[0a7e6056-64a2-4302-b029-255d48a66d7f:c2870, 82c1508e-6289-48e2-a567-a0e29c8b4903:c2866, f63d6ef8-0266-4bf3-bcb1-484cdaae1fbb:c2866]
2019-07-09 20:06:45,745 INFO  client.GrpcClientProtocolClient (GrpcClientProtocolClient.java:onNext(255)) - client-FB00420D972B->0a7e6056-64a2-4302-b029-255d48a66d7f: receive RaftClientReply:client-FB00420D972B->0a7e6056-64a2-4302-b029-255d48a66d7f@group-1EE0336AADCF, cid=1972, SUCCESS, logIndex=0, commits[0a7e6056-64a2-4302-b029-255d48a66d7f:c2872, 82c1508e-6289-48e2-a567-a0e29c8b4903:c2868, f63d6ef8-0266-4bf3-bcb1-484cdaae1fbb:c2868]
2019-07-09 20:06:45,759 INFO  client.GrpcClientProtocolClient (GrpcClientProtocolClient.java:onNext(255)) - client-FB00420D972B->0a7e6056-64a2-4302-b029-255d48a66d7f: receive RaftClientReply:client-FB00420D972B->0a7e6056-64a2-4302-b029-255d48a66d7f@group-1EE0336AADCF, cid=1973, SUCCESS, logIndex=2875, commits[0a7e6056-64a2-4302-b029-255d48a66d7f:c2876, 82c1508e-6289-48e2-a567-a0e29c8b4903:c2870, f63d6ef8-0266-4bf3-bcb1-484cdaae1fbb:c2873]
2019-07-09 20:06:45,760 INFO  client.GrpcClientProtocolClient (GrpcClientProtocolClient.java:onNext(255)) - client-FB00420D972B->0a7e6056-64a2-4302-b029-255d48a66d7f: receive RaftClientReply:client-FB00420D972B->0a7e6056-64a2-4302-b029-255d48a66d7f@group-1EE0336AADCF, cid=1974, SUCCESS, logIndex=2876, commits[0a7e6056-64a2-4302-b029-255d48a66d7f:c2876, 82c1508e-6289-48e2-a567-a0e29c8b4903:c2873, f63d6ef8-0266-4bf3-bcb1-484cdaae1fbb:c2873]
2019-07-09 20:06:45,779 INFO  client.GrpcClientProtocolClient (GrpcClientProtocolClient.java:onNext(255)) - client-FB00420D972B->0a7e6056-64a2-4302-b029-255d48a66d7f: receive RaftClientReply:client-FB00420D972B->0a7e6056-64a2-4302-b029-255d48a66d7f@group-1EE0336AADCF, cid=1975, SUCCESS, logIndex=2879, commits[0a7e6056-64a2-4302-b029-255d48a66d7f:c2880, 82c1508e-6289-48e2-a567-a0e29c8b4903:c2878, f63d6ef8-0266-4bf3-bcb1-484cdaae1fbb:c2878]
2019-07-09 20:06:45,779 INFO  client.GrpcClientProtocolClient (GrpcClientProtocolClient.java:onNext(255)) - client-FB00420D972B->0a7e6056-64a2-4302-b029-255d48a66d7f: receive RaftClientReply:client-FB00420D972B->0a7e6056-64a2-4302-b029-255d48a66d7f@group-1EE0336AADCF, cid=1976, SUCCESS, logIndex=2880, commits[0a7e6056-64a2-4302-b029-255d48a66d7f:c2880, 82c1508e-6289-48e2-a567-a0e29c8b4903:c2878, f63d6ef8-0266-4bf3-bcb1-484cdaae1fbb:c2878]
2019-07-09 20:06:45,794 INFO  client.GrpcClientProtocolClient (GrpcClientProtocolClient.java:onNext(255)) - client-FB00420D972B->0a7e6056-64a2-4302-b029-255d48a66d7f: receive RaftClientReply:client-FB00420D972B->0a7e6056-64a2-4302-b029-255d48a66d7f@group-1EE0336AADCF, cid=1977, SUCCESS, logIndex=0, commits[0a7e6056-64a2-4302-b029-255d48a66d7f:c2882, 82c1508e-6289-48e2-a567-a0e29c8b4903:c2880, f63d6ef8-0266-4bf3-bcb1-484cdaae1fbb:c2880]
 0.00% |█                                                                                                    |  0/1 Time: 0:00:172019-07-09 20:06:45,823 INFO  client.GrpcClientProtocolClient (GrpcClientProtocolClient.java:onNext(255)) - client-FB00420D972B->0a7e6056-64a2-4302-b029-255d48a66d7f: receive RaftClientReply:client-FB00420D972B->0a7e6056-64a2-4302-b029-255d48a66d7f@group-1EE0336AADCF, cid=1978, SUCCESS, logIndex=2883, commits[0a7e6056-64a2-4302-b029-255d48a66d7f:c2884, 82c1508e-6289-48e2-a567-a0e29c8b4903:c2882, f63d6ef8-0266-4bf3-bcb1-484cdaae1fbb:c2882]
2019-07-09 20:06:45,823 INFO  client.GrpcClientProtocolClient (GrpcClientProtocolClient.java:onNext(255)) - client-FB00420D972B->0a7e6056-64a2-4302-b029-255d48a66d7f: receive RaftClientReply:client-FB00420D972B->0a7e6056-64a2-4302-b029-255d48a66d7f@group-1EE0336AADCF, cid=1979, SUCCESS, logIndex=2884, commits[0a7e6056-64a2-4302-b029-255d48a66d7f:c2886, 82c1508e-6289-48e2-a567-a0e29c8b4903:c2882, f63d6ef8-0266-4bf3-bcb1-484cdaae1fbb:c2882]
2019-07-09 20:06:45,824 INFO  client.GrpcClientProtocolClient (GrpcClientProtocolClient.java:onNext(255)) - client-FB00420D972B->0a7e6056-64a2-4302-b029-255d48a66d7f: receive RaftClientReply:client-FB00420D972B->0a7e6056-64a2-4302-b029-255d48a66d7f@group-1EE0336AADCF, cid=1980, SUCCESS, logIndex=2885, commits[0a7e6056-64a2-4302-b029-255d48a66d7f:c2886, 82c1508e-6289-48e2-a567-a0e29c8b4903:c2882, f63d6ef8-0266-4bf3-bcb1-484cdaae1fbb:c2882]
2019-07-09 20:06:45,824 INFO  client.GrpcClientProtocolClient (GrpcClientProtocolClient.java:onNext(255)) - client-FB00420D972B->0a7e6056-64a2-4302-b029-255d48a66d7f: receive RaftClientReply:client-FB00420D972B->0a7e6056-64a2-4302-b029-255d48a66d7f@group-1EE0336AADCF, cid=1981, SUCCESS, logIndex=2886, commits[0a7e6056-64a2-4302-b029-255d48a66d7f:c2886, 82c1508e-6289-48e2-a567-a0e29c8b4903:c2882, f63d6ef8-0266-4bf3-bcb1-484cdaae1fbb:c2883]
2019-07-09 20:06:45,825 INFO  client.GrpcClientProtocolClient (GrpcClientProtocolClient.java:onNext(255)) - client-FB00420D972B->0a7e6056-64a2-4302-b029-255d48a66d7f: receive RaftClientReply:client-FB00420D972B->0a7e6056-64a2-4302-b029-255d48a66d7f@group-1EE0336AADCF, cid=1982, SUCCESS, logIndex=0, commits[0a7e6056-64a2-4302-b029-255d48a66d7f:c2888, 82c1508e-6289-48e2-a567-a0e29c8b4903:c2884, f63d6ef8-0266-4bf3-bcb1-484cdaae1fbb:c2884]
2019-07-09 20:06:45,843 INFO  client.GrpcClientProtocolClient (GrpcClientProtocolClient.java:onNext(255)) - client-FB00420D972B->0a7e6056-64a2-4302-b029-255d48a66d7f: receive RaftClientReply:client-FB00420D972B->0a7e6056-64a2-4302-b029-255d48a66d7f@group-1EE0336AADCF, cid=1983, SUCCESS, logIndex=2891, commits[0a7e6056-64a2-4302-b029-255d48a66d7f:c2892, 82c1508e-6289-48e2-a567-a0e29c8b4903:c2890, f63d6ef8-0266-4bf3-bcb1-484cdaae1fbb:c2890]
2019-07-09 20:06:45,844 INFO  client.GrpcClientProtocolClient (GrpcClientProtocolClient.java:onNext(255)) - client-FB00420D972B->0a7e6056-64a2-4302-b029-255d48a66d7f: receive RaftClientReply:client-FB00420D972B->0a7e6056-64a2-4302-b029-255d48a66d7f@group-1EE0336AADCF, cid=1984, SUCCESS, logIndex=2892, commits[0a7e6056-64a2-4302-b029-255d48a66d7f:c2892, 82c1508e-6289-48e2-a567-a0e29c8b4903:c2890, f63d6ef8-0266-4bf3-bcb1-484cdaae1fbb:c2890]
2019-07-09 20:06:45,858 INFO  client.GrpcClientProtocolClient (GrpcClientProtocolClient.java:onNext(255)) - client-FB00420D972B->0a7e6056-64a2-4302-b029-255d48a66d7f: receive RaftClientReply:client-FB00420D972B->0a7e6056-64a2-4302-b029-255d48a66d7f@group-1EE0336AADCF, cid=1985, SUCCESS, logIndex=2895, commits[0a7e6056-64a2-4302-b029-255d48a66d7f:c2895, 82c1508e-6289-48e2-a567-a0e29c8b4903:c2892, f63d6ef8-0266-4bf3-bcb1-484cdaae1fbb:c2892]
2019-07-09 20:06:45,859 INFO  client.GrpcClientProtocolClient (GrpcClientProtocolClient.java:onNext(255)) - client-FB00420D972B->0a7e6056-64a2-4302-b029-255d48a66d7f: receive RaftClientReply:client-FB00420D972B->0a7e6056-64a2-4302-b029-255d48a66d7f@group-1EE0336AADCF, cid=1986, SUCCESS, logIndex=2896, commits[0a7e6056-64a2-4302-b029-255d48a66d7f:c2896, 82c1508e-6289-48e2-a567-a0e29c8b4903:c2892, f63d6ef8-0266-4bf3-bcb1-484cdaae1fbb:c2892]
2019-07-09 20:06:45,872 INFO  client.GrpcClientProtocolClient (GrpcClientProtocolClient.java:onNext(255)) - client-FB00420D972B->0a7e6056-64a2-4302-b029-255d48a66d7f: receive RaftClientReply:client-FB00420D972B->0a7e6056-64a2-4302-b029-255d48a66d7f@group-1EE0336AADCF, cid=1987, SUCCESS, logIndex=0, commits[0a7e6056-64a2-4302-b029-255d48a66d7f:c2898, 82c1508e-6289-48e2-a567-a0e29c8b4903:c2896, f63d6ef8-0266-4bf3-bcb1-484cdaae1fbb:c2896]
2019-07-09 20:06:45,897 INFO  client.GrpcClientProtocolClient (GrpcClientProtocolClient.java:onNext(255)) - client-FB00420D972B->0a7e6056-64a2-4302-b029-255d48a66d7f: receive RaftClientReply:client-FB00420D972B->0a7e6056-64a2-4302-b029-255d48a66d7f@group-1EE0336AADCF, cid=1988, SUCCESS, logIndex=2899, commits[0a7e6056-64a2-4302-b029-255d48a66d7f:c2902, 82c1508e-6289-48e2-a567-a0e29c8b4903:c2898, f63d6ef8-0266-4bf3-bcb1-484cdaae1fbb:c2898]
2019-07-09 20:06:45,897 INFO  client.GrpcClientProtocolClient (GrpcClientProtocolClient.java:onNext(255)) - client-FB00420D972B->0a7e6056-64a2-4302-b029-255d48a66d7f: receive RaftClientReply:client-FB00420D972B->0a7e6056-64a2-4302-b029-255d48a66d7f@group-1EE0336AADCF, cid=1989, SUCCESS, logIndex=2900, commits[0a7e6056-64a2-4302-b029-255d48a66d7f:c2902, 82c1508e-6289-48e2-a567-a0e29c8b4903:c2898, f63d6ef8-0266-4bf3-bcb1-484cdaae1fbb:c2898]
2019-07-09 20:06:45,898 INFO  client.GrpcClientProtocolClient (GrpcClientProtocolClient.java:onNext(255)) - client-FB00420D972B->0a7e6056-64a2-4302-b029-255d48a66d7f: receive RaftClientReply:client-FB00420D972B->0a7e6056-64a2-4302-b029-255d48a66d7f@group-1EE0336AADCF, cid=1990, SUCCESS, logIndex=2901, commits[0a7e6056-64a2-4302-b029-255d48a66d7f:c2902, 82c1508e-6289-48e2-a567-a0e29c8b4903:c2898, f63d6ef8-0266-4bf3-bcb1-484cdaae1fbb:c2898]
2019-07-09 20:06:45,898 INFO  client.GrpcClientProtocolClient (GrpcClientProtocolClient.java:onNext(255)) - client-FB00420D972B->0a7e6056-64a2-4302-b029-255d48a66d7f: receive RaftClientReply:client-FB00420D972B->0a7e6056-64a2-4302-b029-255d48a66d7f@group-1EE0336AADCF, cid=1991, SUCCESS, logIndex=2902, commits[0a7e6056-64a2-4302-b029-255d48a66d7f:c2902, 82c1508e-6289-48e2-a567-a0e29c8b4903:c2898, f63d6ef8-0266-4bf3-bcb1-484cdaae1fbb:c2898]
2019-07-09 20:06:45,912 INFO  client.GrpcClientProtocolClient (GrpcClientProtocolClient.java:onNext(255)) - client-FB00420D972B->0a7e6056-64a2-4302-b029-255d48a66d7f: receive RaftClientReply:client-FB00420D972B->0a7e6056-64a2-4302-b029-255d48a66d7f@group-1EE0336AADCF, cid=1992, SUCCESS, logIndex=0, commits[0a7e6056-64a2-4302-b029-255d48a66d7f:c2906, 82c1508e-6289-48e2-a567-a0e29c8b4903:c2902, f63d6ef8-0266-4bf3-bcb1-484cdaae1fbb:c2900]
2019-07-09 20:06:45,936 INFO  client.GrpcClientProtocolClient (GrpcClientProtocolClient.java:onNext(255)) - client-FB00420D972B->0a7e6056-64a2-4302-b029-255d48a66d7f: receive RaftClientReply:client-FB00420D972B->0a7e6056-64a2-4302-b029-255d48a66d7f@group-1EE0336AADCF, cid=1993, SUCCESS, logIndex=2907, commits[0a7e6056-64a2-4302-b029-255d48a66d7f:c2908, 82c1508e-6289-48e2-a567-a0e29c8b4903:c2906, f63d6ef8-0266-4bf3-bcb1-484cdaae1fbb:c2906]
2019-07-09 20:06:45,936 INFO  client.GrpcClientProtocolClient (GrpcClientProtocolClient.java:onNext(255)) - client-FB00420D972B->0a7e6056-64a2-4302-b029-255d48a66d7f: receive RaftClientReply:client-FB00420D972B->0a7e6056-64a2-4302-b029-255d48a66d7f@group-1EE0336AADCF, cid=1994, SUCCESS, logIndex=2908, commits[0a7e6056-64a2-4302-b029-255d48a66d7f:c2908, 82c1508e-6289-48e2-a567-a0e29c8b4903:c2906, f63d6ef8-0266-4bf3-bcb1-484cdaae1fbb:c2906]
2019-07-09 20:06:45,953 INFO  client.GrpcClientProtocolClient (GrpcClientProtocolClient.java:onNext(255)) - client-FB00420D972B->0a7e6056-64a2-4302-b029-255d48a66d7f: receive RaftClientReply:client-FB00420D972B->0a7e6056-64a2-4302-b029-255d48a66d7f@group-1EE0336AADCF, cid=1995, SUCCESS, logIndex=2911, commits[0a7e6056-64a2-4302-b029-255d48a66d7f:c2912, 82c1508e-6289-48e2-a567-a0e29c8b4903:c2908, f63d6ef8-0266-4bf3-bcb1-484cdaae1fbb:c2908]
2019-07-09 20:06:45,954 INFO  client.GrpcClientProtocolClient (GrpcClientProtocolClient.java:onNext(255)) - client-FB00420D972B->0a7e6056-64a2-4302-b029-255d48a66d7f: receive RaftClientReply:client-FB00420D972B->0a7e6056-64a2-4302-b029-255d48a66d7f@group-1EE0336AADCF, cid=1996, SUCCESS, logIndex=2912, commits[0a7e6056-64a2-4302-b029-255d48a66d7f:c2912, 82c1508e-6289-48e2-a567-a0e29c8b4903:c2908, f63d6ef8-0266-4bf3-bcb1-484cdaae1fbb:c2908]
2019-07-09 20:06:45,971 INFO  client.GrpcClientProtocolClient (GrpcClientProtocolClient.java:onNext(255)) - client-FB00420D972B->0a7e6056-64a2-4302-b029-255d48a66d7f: receive RaftClientReply:client-FB00420D972B->0a7e6056-64a2-4302-b029-255d48a66d7f@group-1EE0336AADCF, cid=1997, SUCCESS, logIndex=0, commits[0a7e6056-64a2-4302-b029-255d48a66d7f:c2914, 82c1508e-6289-48e2-a567-a0e29c8b4903:c2912, f63d6ef8-0266-4bf3-bcb1-484cdaae1fbb:c2912]
2019-07-09 20:06:45,997 INFO  client.GrpcClientProtocolClient (GrpcClientProtocolClient.java:onNext(255)) - client-FB00420D972B->0a7e6056-64a2-4302-b029-255d48a66d7f: receive RaftClientReply:client-FB00420D972B->0a7e6056-64a2-4302-b029-255d48a66d7f@group-1EE0336AADCF, cid=1998, SUCCESS, logIndex=2915, commits[0a7e6056-64a2-4302-b029-255d48a66d7f:c2916, 82c1508e-6289-48e2-a567-a0e29c8b4903:c2914, f63d6ef8-0266-4bf3-bcb1-484cdaae1fbb:c2914]
2019-07-09 20:06:45,998 INFO  client.GrpcClientProtocolClient (GrpcClientProtocolClient.java:onNext(255)) - client-FB00420D972B->0a7e6056-64a2-4302-b029-255d48a66d7f: receive RaftClientReply:client-FB00420D972B->0a7e6056-64a2-4302-b029-255d48a66d7f@group-1EE0336AADCF, cid=1999, SUCCESS, logIndex=2916, commits[0a7e6056-64a2-4302-b029-255d48a66d7f:c2917, 82c1508e-6289-48e2-a567-a0e29c8b4903:c2914, f63d6ef8-0266-4bf3-bcb1-484cdaae1fbb:c2914]
2019-07-09 20:06:45,998 INFO  client.GrpcClientProtocolClient (GrpcClientProtocolClient.java:onNext(255)) - client-FB00420D972B->0a7e6056-64a2-4302-b029-255d48a66d7f: receive RaftClientReply:client-FB00420D972B->0a7e6056-64a2-4302-b029-255d48a66d7f@group-1EE0336AADCF, cid=2000, SUCCESS, logIndex=2917, commits[0a7e6056-64a2-4302-b029-255d48a66d7f:c2918, 82c1508e-6289-48e2-a567-a0e29c8b4903:c2914, f63d6ef8-0266-4bf3-bcb1-484cdaae1fbb:c2914]
2019-07-09 20:06:45,998 INFO  client.GrpcClientProtocolClient (GrpcClientProtocolClient.java:onNext(255)) - client-FB00420D972B->0a7e6056-64a2-4302-b029-255d48a66d7f: receive RaftClientReply:client-FB00420D972B->0a7e6056-64a2-4302-b029-255d48a66d7f@group-1EE0336AADCF, cid=2001, SUCCESS, logIndex=2918, commits[0a7e6056-64a2-4302-b029-255d48a66d7f:c2918, 82c1508e-6289-48e2-a567-a0e29c8b4903:c2914, f63d6ef8-0266-4bf3-bcb1-484cdaae1fbb:c2914]
2019-07-09 20:06:46,011 INFO  client.GrpcClientProtocolClient (GrpcClientProtocolClient.java:onNext(255)) - client-FB00420D972B->0a7e6056-64a2-4302-b029-255d48a66d7f: receive RaftClientReply:client-FB00420D972B->0a7e6056-64a2-4302-b029-255d48a66d7f@group-1EE0336AADCF, cid=2002, SUCCESS, logIndex=0, commits[0a7e6056-64a2-4302-b029-255d48a66d7f:c2922, 82c1508e-6289-48e2-a567-a0e29c8b4903:c2918, f63d6ef8-0266-4bf3-bcb1-484cdaae1fbb:c2916]
2019-07-09 20:06:46,029 INFO  client.GrpcClientProtocolClient (GrpcClientProtocolClient.java:onNext(255)) - client-FB00420D972B->0a7e6056-64a2-4302-b029-255d48a66d7f: receive RaftClientReply:client-FB00420D972B->0a7e6056-64a2-4302-b029-255d48a66d7f@group-1EE0336AADCF, cid=2003, SUCCESS, logIndex=2923, commits[0a7e6056-64a2-4302-b029-255d48a66d7f:c2924, 82c1508e-6289-48e2-a567-a0e29c8b4903:c2922, f63d6ef8-0266-4bf3-bcb1-484cdaae1fbb:c2922]
2019-07-09 20:06:46,030 INFO  client.GrpcClientProtocolClient (GrpcClientProtocolClient.java:onNext(255)) - client-FB00420D972B->0a7e6056-64a2-4302-b029-255d48a66d7f: receive RaftClientReply:client-FB00420D972B->0a7e6056-64a2-4302-b029-255d48a66d7f@group-1EE0336AADCF, cid=2004, SUCCESS, logIndex=2924, commits[0a7e6056-64a2-4302-b029-255d48a66d7f:c2924, 82c1508e-6289-48e2-a567-a0e29c8b4903:c2922, f63d6ef8-0266-4bf3-bcb1-484cdaae1fbb:c2922]
2019-07-09 20:06:46,043 INFO  client.GrpcClientProtocolClient (GrpcClientProtocolClient.java:onNext(255)) - client-FB00420D972B->0a7e6056-64a2-4302-b029-255d48a66d7f: receive RaftClientReply:client-FB00420D972B->0a7e6056-64a2-4302-b029-255d48a66d7f@group-1EE0336AADCF, cid=2005, SUCCESS, logIndex=2927, commits[0a7e6056-64a2-4302-b029-255d48a66d7f:c2928, 82c1508e-6289-48e2-a567-a0e29c8b4903:c2924, f63d6ef8-0266-4bf3-bcb1-484cdaae1fbb:c2924]
2019-07-09 20:06:46,044 INFO  client.GrpcClientProtocolClient (GrpcClientProtocolClient.java:onNext(255)) - client-FB00420D972B->0a7e6056-64a2-4302-b029-255d48a66d7f: receive RaftClientReply:client-FB00420D972B->0a7e6056-64a2-4302-b029-255d48a66d7f@group-1EE0336AADCF, cid=2006, SUCCESS, logIndex=2928, commits[0a7e6056-64a2-4302-b029-255d48a66d7f:c2928, 82c1508e-6289-48e2-a567-a0e29c8b4903:c2924, f63d6ef8-0266-4bf3-bcb1-484cdaae1fbb:c2924]
2019-07-09 20:06:46,055 INFO  client.GrpcClientProtocolClient (GrpcClientProtocolClient.java:onNext(255)) - client-FB00420D972B->0a7e6056-64a2-4302-b029-255d48a66d7f: receive RaftClientReply:client-FB00420D972B->0a7e6056-64a2-4302-b029-255d48a66d7f@group-1EE0336AADCF, cid=2007, SUCCESS, logIndex=0, commits[0a7e6056-64a2-4302-b029-255d48a66d7f:c2929, 82c1508e-6289-48e2-a567-a0e29c8b4903:c2928, f63d6ef8-0266-4bf3-bcb1-484cdaae1fbb:c2928]
2019-07-09 20:06:46,181 INFO  client.GrpcClientProtocolClient (GrpcClientProtocolClient.java:onNext(255)) - client-FB00420D972B->0a7e6056-64a2-4302-b029-255d48a66d7f: receive RaftClientReply:client-FB00420D972B->0a7e6056-64a2-4302-b029-255d48a66d7f@group-1EE0336AADCF, cid=2008, SUCCESS, logIndex=2931, commits[0a7e6056-64a2-4302-b029-255d48a66d7f:c2931, 82c1508e-6289-48e2-a567-a0e29c8b4903:c2928, f63d6ef8-0266-4bf3-bcb1-484cdaae1fbb:c2930]
2019-07-09 20:06:46,182 INFO  client.GrpcClientProtocolClient (GrpcClientProtocolClient.java:onNext(255)) - client-FB00420D972B->0a7e6056-64a2-4302-b029-255d48a66d7f: receive RaftClientReply:client-FB00420D972B->0a7e6056-64a2-4302-b029-255d48a66d7f@group-1EE0336AADCF, cid=2009, SUCCESS, logIndex=2932, commits[0a7e6056-64a2-4302-b029-255d48a66d7f:c2934, 82c1508e-6289-48e2-a567-a0e29c8b4903:c2930, f63d6ef8-0266-4bf3-bcb1-484cdaae1fbb:c2930]
2019-07-09 20:06:46,183 INFO  client.GrpcClientProtocolClient (GrpcClientProtocolClient.java:onNext(255)) - client-FB00420D972B->0a7e6056-64a2-4302-b029-255d48a66d7f: receive RaftClientReply:client-FB00420D972B->0a7e6056-64a2-4302-b029-255d48a66d7f@group-1EE0336AADCF, cid=2010, SUCCESS, logIndex=2933, commits[0a7e6056-64a2-4302-b029-255d48a66d7f:c2934, 82c1508e-6289-48e2-a567-a0e29c8b4903:c2930, f63d6ef8-0266-4bf3-bcb1-484cdaae1fbb:c2930]
2019-07-09 20:06:46,183 INFO  client.GrpcClientProtocolClient (GrpcClientProtocolClient.java:onNext(255)) - client-FB00420D972B->0a7e6056-64a2-4302-b029-255d48a66d7f: receive RaftClientReply:client-FB00420D972B->0a7e6056-64a2-4302-b029-255d48a66d7f@group-1EE0336AADCF, cid=2011, SUCCESS, logIndex=2934, commits[0a7e6056-64a2-4302-b029-255d48a66d7f:c2934, 82c1508e-6289-48e2-a567-a0e29c8b4903:c2930, f63d6ef8-0266-4bf3-bcb1-484cdaae1fbb:c2930]
2019-07-09 20:06:46,198 INFO  client.GrpcClientProtocolClient (GrpcClientProtocolClient.java:onNext(255)) - client-FB00420D972B->0a7e6056-64a2-4302-b029-255d48a66d7f: receive RaftClientReply:client-FB00420D972B->0a7e6056-64a2-4302-b029-255d48a66d7f@group-1EE0336AADCF, cid=2012, SUCCESS, logIndex=0, commits[0a7e6056-64a2-4302-b029-255d48a66d7f:c2938, 82c1508e-6289-48e2-a567-a0e29c8b4903:c2934, f63d6ef8-0266-4bf3-bcb1-484cdaae1fbb:c2933]
2019-07-09 20:06:46,220 INFO  client.GrpcClientProtocolClient (GrpcClientProtocolClient.java:onNext(255)) - client-FB00420D972B->0a7e6056-64a2-4302-b029-255d48a66d7f: receive RaftClientReply:client-FB00420D972B->0a7e6056-64a2-4302-b029-255d48a66d7f@group-1EE0336AADCF, cid=2013, SUCCESS, logIndex=2939, commits[0a7e6056-64a2-4302-b029-255d48a66d7f:c2940, 82c1508e-6289-48e2-a567-a0e29c8b4903:c2938, f63d6ef8-0266-4bf3-bcb1-484cdaae1fbb:c2938]
2019-07-09 20:06:46,221 INFO  client.GrpcClientProtocolClient (GrpcClientProtocolClient.java:onNext(255)) - client-FB00420D972B->0a7e6056-64a2-4302-b029-255d48a66d7f: receive RaftClientReply:client-FB00420D972B->0a7e6056-64a2-4302-b029-255d48a66d7f@group-1EE0336AADCF, cid=2014, SUCCESS, logIndex=2940, commits[0a7e6056-64a2-4302-b029-255d48a66d7f:c2940, 82c1508e-6289-48e2-a567-a0e29c8b4903:c2938, f63d6ef8-0266-4bf3-bcb1-484cdaae1fbb:c2938]
2019-07-09 20:06:46,246 INFO  client.GrpcClientProtocolClient (GrpcClientProtocolClient.java:onNext(255)) - client-FB00420D972B->0a7e6056-64a2-4302-b029-255d48a66d7f: receive RaftClientReply:client-FB00420D972B->0a7e6056-64a2-4302-b029-255d48a66d7f@group-1EE0336AADCF, cid=2015, SUCCESS, logIndex=2943, commits[0a7e6056-64a2-4302-b029-255d48a66d7f:c2944, 82c1508e-6289-48e2-a567-a0e29c8b4903:c2940, f63d6ef8-0266-4bf3-bcb1-484cdaae1fbb:c2940]
2019-07-09 20:06:46,246 INFO  client.GrpcClientProtocolClient (GrpcClientProtocolClient.java:onNext(255)) - client-FB00420D972B->0a7e6056-64a2-4302-b029-255d48a66d7f: receive RaftClientReply:client-FB00420D972B->0a7e6056-64a2-4302-b029-255d48a66d7f@group-1EE0336AADCF, cid=2016, SUCCESS, logIndex=2944, commits[0a7e6056-64a2-4302-b029-255d48a66d7f:c2944, 82c1508e-6289-48e2-a567-a0e29c8b4903:c2940, f63d6ef8-0266-4bf3-bcb1-484cdaae1fbb:c2940]
2019-07-09 20:06:46,260 INFO  client.GrpcClientProtocolClient (GrpcClientProtocolClient.java:onNext(255)) - client-FB00420D972B->0a7e6056-64a2-4302-b029-255d48a66d7f: receive RaftClientReply:client-FB00420D972B->0a7e6056-64a2-4302-b029-255d48a66d7f@group-1EE0336AADCF, cid=2017, SUCCESS, logIndex=0, commits[0a7e6056-64a2-4302-b029-255d48a66d7f:c2946, 82c1508e-6289-48e2-a567-a0e29c8b4903:c2944, f63d6ef8-0266-4bf3-bcb1-484cdaae1fbb:c2944]
2019-07-09 20:06:46,290 INFO  client.GrpcClientProtocolClient (GrpcClientProtocolClient.java:onNext(255)) - client-FB00420D972B->0a7e6056-64a2-4302-b029-255d48a66d7f: receive RaftClientReply:client-FB00420D972B->0a7e6056-64a2-4302-b029-255d48a66d7f@group-1EE0336AADCF, cid=2018, SUCCESS, logIndex=2947, commits[0a7e6056-64a2-4302-b029-255d48a66d7f:c2948, 82c1508e-6289-48e2-a567-a0e29c8b4903:c2946, f63d6ef8-0266-4bf3-bcb1-484cdaae1fbb:c2946]
2019-07-09 20:06:46,291 INFO  client.GrpcClientProtocolClient (GrpcClientProtocolClient.java:onNext(255)) - client-FB00420D972B->0a7e6056-64a2-4302-b029-255d48a66d7f: receive RaftClientReply:client-FB00420D972B->0a7e6056-64a2-4302-b029-255d48a66d7f@group-1EE0336AADCF, cid=2019, SUCCESS, logIndex=2948, commits[0a7e6056-64a2-4302-b029-255d48a66d7f:c2950, 82c1508e-6289-48e2-a567-a0e29c8b4903:c2946, f63d6ef8-0266-4bf3-bcb1-484cdaae1fbb:c2946]
2019-07-09 20:06:46,292 INFO  client.GrpcClientProtocolClient (GrpcClientProtocolClient.java:onNext(255)) - client-FB00420D972B->0a7e6056-64a2-4302-b029-255d48a66d7f: receive RaftClientReply:client-FB00420D972B->0a7e6056-64a2-4302-b029-255d48a66d7f@group-1EE0336AADCF, cid=2020, SUCCESS, logIndex=2949, commits[0a7e6056-64a2-4302-b029-255d48a66d7f:c2950, 82c1508e-6289-48e2-a567-a0e29c8b4903:c2946, f63d6ef8-0266-4bf3-bcb1-484cdaae1fbb:c2946]
2019-07-09 20:06:46,293 INFO  client.GrpcClientProtocolClient (GrpcClientProtocolClient.java:onNext(255)) - client-FB00420D972B->0a7e6056-64a2-4302-b029-255d48a66d7f: receive RaftClientReply:client-FB00420D972B->0a7e6056-64a2-4302-b029-255d48a66d7f@group-1EE0336AADCF, cid=2021, SUCCESS, logIndex=2950, commits[0a7e6056-64a2-4302-b029-255d48a66d7f:c2950, 82c1508e-6289-48e2-a567-a0e29c8b4903:c2946, f63d6ef8-0266-4bf3-bcb1-484cdaae1fbb:c2946]
2019-07-09 20:06:46,294 INFO  client.GrpcClientProtocolClient (GrpcClientProtocolClient.java:onNext(255)) - client-FB00420D972B->0a7e6056-64a2-4302-b029-255d48a66d7f: receive RaftClientReply:client-FB00420D972B->0a7e6056-64a2-4302-b029-255d48a66d7f@group-1EE0336AADCF, cid=2022, SUCCESS, logIndex=0, commits[0a7e6056-64a2-4302-b029-255d48a66d7f:c2954, 82c1508e-6289-48e2-a567-a0e29c8b4903:c2950, f63d6ef8-0266-4bf3-bcb1-484cdaae1fbb:c2950]
2019-07-09 20:06:46,314 INFO  client.GrpcClientProtocolClient (GrpcClientProtocolClient.java:onNext(255)) - client-FB00420D972B->0a7e6056-64a2-4302-b029-255d48a66d7f: receive RaftClientReply:client-FB00420D972B->0a7e6056-64a2-4302-b029-255d48a66d7f@group-1EE0336AADCF, cid=2023, SUCCESS, logIndex=2955, commits[0a7e6056-64a2-4302-b029-255d48a66d7f:c2956, 82c1508e-6289-48e2-a567-a0e29c8b4903:c2954, f63d6ef8-0266-4bf3-bcb1-484cdaae1fbb:c2954]
2019-07-09 20:06:46,315 INFO  client.GrpcClientProtocolClient (GrpcClientProtocolClient.java:onNext(255)) - client-FB00420D972B->0a7e6056-64a2-4302-b029-255d48a66d7f: receive RaftClientReply:client-FB00420D972B->0a7e6056-64a2-4302-b029-255d48a66d7f@group-1EE0336AADCF, cid=2024, SUCCESS, logIndex=2956, commits[0a7e6056-64a2-4302-b029-255d48a66d7f:c2956, 82c1508e-6289-48e2-a567-a0e29c8b4903:c2954, f63d6ef8-0266-4bf3-bcb1-484cdaae1fbb:c2954]
2019-07-09 20:06:46,329 INFO  client.GrpcClientProtocolClient (GrpcClientProtocolClient.java:onNext(255)) - client-FB00420D972B->0a7e6056-64a2-4302-b029-255d48a66d7f: receive RaftClientReply:client-FB00420D972B->0a7e6056-64a2-4302-b029-255d48a66d7f@group-1EE0336AADCF, cid=2025, SUCCESS, logIndex=2959, commits[0a7e6056-64a2-4302-b029-255d48a66d7f:c2960, 82c1508e-6289-48e2-a567-a0e29c8b4903:c2956, f63d6ef8-0266-4bf3-bcb1-484cdaae1fbb:c2956]
2019-07-09 20:06:46,329 INFO  client.GrpcClientProtocolClient (GrpcClientProtocolClient.java:onNext(255)) - client-FB00420D972B->0a7e6056-64a2-4302-b029-255d48a66d7f: receive RaftClientReply:client-FB00420D972B->0a7e6056-64a2-4302-b029-255d48a66d7f@group-1EE0336AADCF, cid=2026, SUCCESS, logIndex=2960, commits[0a7e6056-64a2-4302-b029-255d48a66d7f:c2960, 82c1508e-6289-48e2-a567-a0e29c8b4903:c2956, f63d6ef8-0266-4bf3-bcb1-484cdaae1fbb:c2956]
2019-07-09 20:06:46,343 INFO  client.GrpcClientProtocolClient (GrpcClientProtocolClient.java:onNext(255)) - client-FB00420D972B->0a7e6056-64a2-4302-b029-255d48a66d7f: receive RaftClientReply:client-FB00420D972B->0a7e6056-64a2-4302-b029-255d48a66d7f@group-1EE0336AADCF, cid=2027, SUCCESS, logIndex=0, commits[0a7e6056-64a2-4302-b029-255d48a66d7f:c2962, 82c1508e-6289-48e2-a567-a0e29c8b4903:c2960, f63d6ef8-0266-4bf3-bcb1-484cdaae1fbb:c2960]
2019-07-09 20:06:46,375 INFO  client.GrpcClientProtocolClient (GrpcClientProtocolClient.java:onNext(255)) - client-FB00420D972B->0a7e6056-64a2-4302-b029-255d48a66d7f: receive RaftClientReply:client-FB00420D972B->0a7e6056-64a2-4302-b029-255d48a66d7f@group-1EE0336AADCF, cid=2028, SUCCESS, logIndex=2963, commits[0a7e6056-64a2-4302-b029-255d48a66d7f:c2964, 82c1508e-6289-48e2-a567-a0e29c8b4903:c2962, f63d6ef8-0266-4bf3-bcb1-484cdaae1fbb:c2962]
2019-07-09 20:06:46,375 INFO  client.GrpcClientProtocolClient (GrpcClientProtocolClient.java:onNext(255)) - client-FB00420D972B->0a7e6056-64a2-4302-b029-255d48a66d7f: receive RaftClientReply:client-FB00420D972B->0a7e6056-64a2-4302-b029-255d48a66d7f@group-1EE0336AADCF, cid=2029, SUCCESS, logIndex=2964, commits[0a7e6056-64a2-4302-b029-255d48a66d7f:c2964, 82c1508e-6289-48e2-a567-a0e29c8b4903:c2962, f63d6ef8-0266-4bf3-bcb1-484cdaae1fbb:c2962]
2019-07-09 20:06:46,379 INFO  client.GrpcClientProtocolClient (GrpcClientProtocolClient.java:onNext(255)) - client-FB00420D972B->0a7e6056-64a2-4302-b029-255d48a66d7f: receive RaftClientReply:client-FB00420D972B->0a7e6056-64a2-4302-b029-255d48a66d7f@group-1EE0336AADCF, cid=2030, SUCCESS, logIndex=2965, commits[0a7e6056-64a2-4302-b029-255d48a66d7f:c2966, 82c1508e-6289-48e2-a567-a0e29c8b4903:c2962, f63d6ef8-0266-4bf3-bcb1-484cdaae1fbb:c2962]
2019-07-09 20:06:46,379 INFO  client.GrpcClientProtocolClient (GrpcClientProtocolClient.java:onNext(255)) - client-FB00420D972B->0a7e6056-64a2-4302-b029-255d48a66d7f: receive RaftClientReply:client-FB00420D972B->0a7e6056-64a2-4302-b029-255d48a66d7f@group-1EE0336AADCF, cid=2031, SUCCESS, logIndex=2966, commits[0a7e6056-64a2-4302-b029-255d48a66d7f:c2966, 82c1508e-6289-48e2-a567-a0e29c8b4903:c2962, f63d6ef8-0266-4bf3-bcb1-484cdaae1fbb:c2962]
2019-07-09 20:06:46,390 INFO  client.GrpcClientProtocolClient (GrpcClientProtocolClient.java:onNext(255)) - client-FB00420D972B->0a7e6056-64a2-4302-b029-255d48a66d7f: receive RaftClientReply:client-FB00420D972B->0a7e6056-64a2-4302-b029-255d48a66d7f@group-1EE0336AADCF, cid=2032, SUCCESS, logIndex=0, commits[0a7e6056-64a2-4302-b029-255d48a66d7f:c2968, 82c1508e-6289-48e2-a567-a0e29c8b4903:c2964, f63d6ef8-0266-4bf3-bcb1-484cdaae1fbb:c2964]
2019-07-09 20:06:46,410 INFO  client.GrpcClientProtocolClient (GrpcClientProtocolClient.java:onNext(255)) - client-FB00420D972B->0a7e6056-64a2-4302-b029-255d48a66d7f: receive RaftClientReply:client-FB00420D972B->0a7e6056-64a2-4302-b029-255d48a66d7f@group-1EE0336AADCF, cid=2033, SUCCESS, logIndex=2971, commits[0a7e6056-64a2-4302-b029-255d48a66d7f:c2972, 82c1508e-6289-48e2-a567-a0e29c8b4903:c2970, f63d6ef8-0266-4bf3-bcb1-484cdaae1fbb:c2970]
2019-07-09 20:06:46,411 INFO  client.GrpcClientProtocolClient (GrpcClientProtocolClient.java:onNext(255)) - client-FB00420D972B->0a7e6056-64a2-4302-b029-255d48a66d7f: receive RaftClientReply:client-FB00420D972B->0a7e6056-64a2-4302-b029-255d48a66d7f@group-1EE0336AADCF, cid=2034, SUCCESS, logIndex=2972, commits[0a7e6056-64a2-4302-b029-255d48a66d7f:c2972, 82c1508e-6289-48e2-a567-a0e29c8b4903:c2970, f63d6ef8-0266-4bf3-bcb1-484cdaae1fbb:c2970]
2019-07-09 20:06:46,424 INFO  client.GrpcClientProtocolClient (GrpcClientProtocolClient.java:onNext(255)) - client-FB00420D972B->0a7e6056-64a2-4302-b029-255d48a66d7f: receive RaftClientReply:client-FB00420D972B->0a7e6056-64a2-4302-b029-255d48a66d7f@group-1EE0336AADCF, cid=2035, SUCCESS, logIndex=2975, commits[0a7e6056-64a2-4302-b029-255d48a66d7f:c2976, 82c1508e-6289-48e2-a567-a0e29c8b4903:c2971, f63d6ef8-0266-4bf3-bcb1-484cdaae1fbb:c2972]
2019-07-09 20:06:46,424 INFO  client.GrpcClientProtocolClient (GrpcClientProtocolClient.java:onNext(255)) - client-FB00420D972B->0a7e6056-64a2-4302-b029-255d48a66d7f: receive RaftClientReply:client-FB00420D972B->0a7e6056-64a2-4302-b029-255d48a66d7f@group-1EE0336AADCF, cid=2036, SUCCESS, logIndex=2976, commits[0a7e6056-64a2-4302-b029-255d48a66d7f:c2976, 82c1508e-6289-48e2-a567-a0e29c8b4903:c2972, f63d6ef8-0266-4bf3-bcb1-484cdaae1fbb:c2972]
2019-07-09 20:06:46,429 INFO  client.GrpcClientProtocolClient (GrpcClientProtocolClient.java:onNext(255)) - client-FB00420D972B->0a7e6056-64a2-4302-b029-255d48a66d7f: receive RaftClientReply:client-FB00420D972B->0a7e6056-64a2-4302-b029-255d48a66d7f@group-1EE0336AADCF, cid=2037, SUCCESS, logIndex=0, commits[0a7e6056-64a2-4302-b029-255d48a66d7f:c2978, 82c1508e-6289-48e2-a567-a0e29c8b4903:c2976, f63d6ef8-0266-4bf3-bcb1-484cdaae1fbb:c2976]
2019-07-09 20:06:46,455 INFO  client.GrpcClientProtocolClient (GrpcClientProtocolClient.java:onNext(255)) - client-FB00420D972B->0a7e6056-64a2-4302-b029-255d48a66d7f: receive RaftClientReply:client-FB00420D972B->0a7e6056-64a2-4302-b029-255d48a66d7f@group-1EE0336AADCF, cid=2038, SUCCESS, logIndex=2979, commits[0a7e6056-64a2-4302-b029-255d48a66d7f:c2980, 82c1508e-6289-48e2-a567-a0e29c8b4903:c2976, f63d6ef8-0266-4bf3-bcb1-484cdaae1fbb:c2978]
2019-07-09 20:06:46,455 INFO  client.GrpcClientProtocolClient (GrpcClientProtocolClient.java:onNext(255)) - client-FB00420D972B->0a7e6056-64a2-4302-b029-255d48a66d7f: receive RaftClientReply:client-FB00420D972B->0a7e6056-64a2-4302-b029-255d48a66d7f@group-1EE0336AADCF, cid=2039, SUCCESS, logIndex=2980, commits[0a7e6056-64a2-4302-b029-255d48a66d7f:c2982, 82c1508e-6289-48e2-a567-a0e29c8b4903:c2978, f63d6ef8-0266-4bf3-bcb1-484cdaae1fbb:c2978]
2019-07-09 20:06:46,455 INFO  client.GrpcClientProtocolClient (GrpcClientProtocolClient.java:onNext(255)) - client-FB00420D972B->0a7e6056-64a2-4302-b029-255d48a66d7f: receive RaftClientReply:client-FB00420D972B->0a7e6056-64a2-4302-b029-255d48a66d7f@group-1EE0336AADCF, cid=2040, SUCCESS, logIndex=2981, commits[0a7e6056-64a2-4302-b029-255d48a66d7f:c2982, 82c1508e-6289-48e2-a567-a0e29c8b4903:c2978, f63d6ef8-0266-4bf3-bcb1-484cdaae1fbb:c2978]
2019-07-09 20:06:46,456 INFO  client.GrpcClientProtocolClient (GrpcClientProtocolClient.java:onNext(255)) - client-FB00420D972B->0a7e6056-64a2-4302-b029-255d48a66d7f: receive RaftClientReply:client-FB00420D972B->0a7e6056-64a2-4302-b029-255d48a66d7f@group-1EE0336AADCF, cid=2041, SUCCESS, logIndex=2982, commits[0a7e6056-64a2-4302-b029-255d48a66d7f:c2982, 82c1508e-6289-48e2-a567-a0e29c8b4903:c2978, f63d6ef8-0266-4bf3-bcb1-484cdaae1fbb:c2978]
2019-07-09 20:06:46,466 INFO  client.GrpcClientProtocolClient (GrpcClientProtocolClient.java:onNext(255)) - client-FB00420D972B->0a7e6056-64a2-4302-b029-255d48a66d7f: receive RaftClientReply:client-FB00420D972B->0a7e6056-64a2-4302-b029-255d48a66d7f@group-1EE0336AADCF, cid=2042, SUCCESS, logIndex=0, commits[0a7e6056-64a2-4302-b029-255d48a66d7f:c2983, 82c1508e-6289-48e2-a567-a0e29c8b4903:c2980, f63d6ef8-0266-4bf3-bcb1-484cdaae1fbb:c2980]
2019-07-09 20:06:46,487 INFO  client.GrpcClientProtocolClient (GrpcClientProtocolClient.java:onNext(255)) - client-FB00420D972B->0a7e6056-64a2-4302-b029-255d48a66d7f: receive RaftClientReply:client-FB00420D972B->0a7e6056-64a2-4302-b029-255d48a66d7f@group-1EE0336AADCF, cid=2043, SUCCESS, logIndex=2987, commits[0a7e6056-64a2-4302-b029-255d48a66d7f:c2988, 82c1508e-6289-48e2-a567-a0e29c8b4903:c2986, f63d6ef8-0266-4bf3-bcb1-484cdaae1fbb:c2986]
2019-07-09 20:06:46,487 INFO  client.GrpcClientProtocolClient (GrpcClientProtocolClient.java:onNext(255)) - client-FB00420D972B->0a7e6056-64a2-4302-b029-255d48a66d7f: receive RaftClientReply:client-FB00420D972B->0a7e6056-64a2-4302-b029-255d48a66d7f@group-1EE0336AADCF, cid=2044, SUCCESS, logIndex=2988, commits[0a7e6056-64a2-4302-b029-255d48a66d7f:c2988, 82c1508e-6289-48e2-a567-a0e29c8b4903:c2986, f63d6ef8-0266-4bf3-bcb1-484cdaae1fbb:c2986]
2019-07-09 20:06:46,502 INFO  client.GrpcClientProtocolClient (GrpcClientProtocolClient.java:onNext(255)) - client-FB00420D972B->0a7e6056-64a2-4302-b029-255d48a66d7f: receive RaftClientReply:client-FB00420D972B->0a7e6056-64a2-4302-b029-255d48a66d7f@group-1EE0336AADCF, cid=2045, SUCCESS, logIndex=2991, commits[0a7e6056-64a2-4302-b029-255d48a66d7f:c2992, 82c1508e-6289-48e2-a567-a0e29c8b4903:c2988, f63d6ef8-0266-4bf3-bcb1-484cdaae1fbb:c2988]
2019-07-09 20:06:46,502 INFO  client.GrpcClientProtocolClient (GrpcClientProtocolClient.java:onNext(255)) - client-FB00420D972B->0a7e6056-64a2-4302-b029-255d48a66d7f: receive RaftClientReply:client-FB00420D972B->0a7e6056-64a2-4302-b029-255d48a66d7f@group-1EE0336AADCF, cid=2046, SUCCESS, logIndex=2992, commits[0a7e6056-64a2-4302-b029-255d48a66d7f:c2992, 82c1508e-6289-48e2-a567-a0e29c8b4903:c2988, f63d6ef8-0266-4bf3-bcb1-484cdaae1fbb:c2988]
2019-07-09 20:06:46,513 INFO  client.GrpcClientProtocolClient (GrpcClientProtocolClient.java:onNext(255)) - client-FB00420D972B->0a7e6056-64a2-4302-b029-255d48a66d7f: receive RaftClientReply:client-FB00420D972B->0a7e6056-64a2-4302-b029-255d48a66d7f@group-1EE0336AADCF, cid=2047, SUCCESS, logIndex=0, commits[0a7e6056-64a2-4302-b029-255d48a66d7f:c2993, 82c1508e-6289-48e2-a567-a0e29c8b4903:c2992, f63d6ef8-0266-4bf3-bcb1-484cdaae1fbb:c2992]
2019-07-09 20:06:46,541 INFO  client.GrpcClientProtocolClient (GrpcClientProtocolClient.java:onNext(255)) - client-FB00420D972B->0a7e6056-64a2-4302-b029-255d48a66d7f: receive RaftClientReply:client-FB00420D972B->0a7e6056-64a2-4302-b029-255d48a66d7f@group-1EE0336AADCF, cid=2048, SUCCESS, logIndex=2995, commits[0a7e6056-64a2-4302-b029-255d48a66d7f:c2997, 82c1508e-6289-48e2-a567-a0e29c8b4903:c2994, f63d6ef8-0266-4bf3-bcb1-484cdaae1fbb:c2994]
2019-07-09 20:06:46,541 INFO  client.GrpcClientProtocolClient (GrpcClientProtocolClient.java:onNext(255)) - client-FB00420D972B->0a7e6056-64a2-4302-b029-255d48a66d7f: receive RaftClientReply:client-FB00420D972B->0a7e6056-64a2-4302-b029-255d48a66d7f@group-1EE0336AADCF, cid=2049, SUCCESS, logIndex=2996, commits[0a7e6056-64a2-4302-b029-255d48a66d7f:c2998, 82c1508e-6289-48e2-a567-a0e29c8b4903:c2994, f63d6ef8-0266-4bf3-bcb1-484cdaae1fbb:c2994]
2019-07-09 20:06:46,542 INFO  client.GrpcClientProtocolClient (GrpcClientProtocolClient.java:onNext(255)) - client-FB00420D972B->0a7e6056-64a2-4302-b029-255d48a66d7f: receive RaftClientReply:client-FB00420D972B->0a7e6056-64a2-4302-b029-255d48a66d7f@group-1EE0336AADCF, cid=2050, SUCCESS, logIndex=2997, commits[0a7e6056-64a2-4302-b029-255d48a66d7f:c2998, 82c1508e-6289-48e2-a567-a0e29c8b4903:c2994, f63d6ef8-0266-4bf3-bcb1-484cdaae1fbb:c2994]
2019-07-09 20:06:46,542 INFO  client.GrpcClientProtocolClient (GrpcClientProtocolClient.java:onNext(255)) - client-FB00420D972B->0a7e6056-64a2-4302-b029-255d48a66d7f: receive RaftClientReply:client-FB00420D972B->0a7e6056-64a2-4302-b029-255d48a66d7f@group-1EE0336AADCF, cid=2051, SUCCESS, logIndex=2998, commits[0a7e6056-64a2-4302-b029-255d48a66d7f:c2998, 82c1508e-6289-48e2-a567-a0e29c8b4903:c2994, f63d6ef8-0266-4bf3-bcb1-484cdaae1fbb:c2994]
2019-07-09 20:06:46,545 INFO  client.GrpcClientProtocolClient (GrpcClientProtocolClient.java:onNext(255)) - client-FB00420D972B->0a7e6056-64a2-4302-b029-255d48a66d7f: receive RaftClientReply:client-FB00420D972B->0a7e6056-64a2-4302-b029-255d48a66d7f@group-1EE0336AADCF, cid=2052, SUCCESS, logIndex=0, commits[0a7e6056-64a2-4302-b029-255d48a66d7f:c3002, 82c1508e-6289-48e2-a567-a0e29c8b4903:c2996, f63d6ef8-0266-4bf3-bcb1-484cdaae1fbb:c2998]
2019-07-09 20:06:46,566 INFO  client.GrpcClientProtocolClient (GrpcClientProtocolClient.java:onNext(255)) - client-FB00420D972B->0a7e6056-64a2-4302-b029-255d48a66d7f: receive RaftClientReply:client-FB00420D972B->0a7e6056-64a2-4302-b029-255d48a66d7f@group-1EE0336AADCF, cid=2053, SUCCESS, logIndex=3003, commits[0a7e6056-64a2-4302-b029-255d48a66d7f:c3004, 82c1508e-6289-48e2-a567-a0e29c8b4903:c3002, f63d6ef8-0266-4bf3-bcb1-484cdaae1fbb:c3002]
2019-07-09 20:06:46,567 INFO  client.GrpcClientProtocolClient (GrpcClientProtocolClient.java:onNext(255)) - client-FB00420D972B->0a7e6056-64a2-4302-b029-255d48a66d7f: receive RaftClientReply:client-FB00420D972B->0a7e6056-64a2-4302-b029-255d48a66d7f@group-1EE0336AADCF, cid=2054, SUCCESS, logIndex=3004, commits[0a7e6056-64a2-4302-b029-255d48a66d7f:c3004, 82c1508e-6289-48e2-a567-a0e29c8b4903:c3002, f63d6ef8-0266-4bf3-bcb1-484cdaae1fbb:c3002]
2019-07-09 20:06:46,581 INFO  client.GrpcClientProtocolClient (GrpcClientProtocolClient.java:onNext(255)) - client-FB00420D972B->0a7e6056-64a2-4302-b029-255d48a66d7f: receive RaftClientReply:client-FB00420D972B->0a7e6056-64a2-4302-b029-255d48a66d7f@group-1EE0336AADCF, cid=2055, SUCCESS, logIndex=3007, commits[0a7e6056-64a2-4302-b029-255d48a66d7f:c3007, 82c1508e-6289-48e2-a567-a0e29c8b4903:c3004, f63d6ef8-0266-4bf3-bcb1-484cdaae1fbb:c3004]
2019-07-09 20:06:46,582 INFO  client.GrpcClientProtocolClient (GrpcClientProtocolClient.java:onNext(255)) - client-FB00420D972B->0a7e6056-64a2-4302-b029-255d48a66d7f: receive RaftClientReply:client-FB00420D972B->0a7e6056-64a2-4302-b029-255d48a66d7f@group-1EE0336AADCF, cid=2056, SUCCESS, logIndex=3008, commits[0a7e6056-64a2-4302-b029-255d48a66d7f:c3008, 82c1508e-6289-48e2-a567-a0e29c8b4903:c3004, f63d6ef8-0266-4bf3-bcb1-484cdaae1fbb:c3004]
2019-07-09 20:06:46,594 INFO  client.GrpcClientProtocolClient (GrpcClientProtocolClient.java:onNext(255)) - client-FB00420D972B->0a7e6056-64a2-4302-b029-255d48a66d7f: receive RaftClientReply:client-FB00420D972B->0a7e6056-64a2-4302-b029-255d48a66d7f@group-1EE0336AADCF, cid=2057, SUCCESS, logIndex=0, commits[0a7e6056-64a2-4302-b029-255d48a66d7f:c3010, 82c1508e-6289-48e2-a567-a0e29c8b4903:c3008, f63d6ef8-0266-4bf3-bcb1-484cdaae1fbb:c3008]
2019-07-09 20:06:46,620 INFO  client.GrpcClientProtocolClient (GrpcClientProtocolClient.java:onNext(255)) - client-FB00420D972B->0a7e6056-64a2-4302-b029-255d48a66d7f: receive RaftClientReply:client-FB00420D972B->0a7e6056-64a2-4302-b029-255d48a66d7f@group-1EE0336AADCF, cid=2058, SUCCESS, logIndex=3011, commits[0a7e6056-64a2-4302-b029-255d48a66d7f:c3013, 82c1508e-6289-48e2-a567-a0e29c8b4903:c3010, f63d6ef8-0266-4bf3-bcb1-484cdaae1fbb:c3010]
2019-07-09 20:06:46,621 INFO  client.GrpcClientProtocolClient (GrpcClientProtocolClient.java:onNext(255)) - client-FB00420D972B->0a7e6056-64a2-4302-b029-255d48a66d7f: receive RaftClientReply:client-FB00420D972B->0a7e6056-64a2-4302-b029-255d48a66d7f@group-1EE0336AADCF, cid=2059, SUCCESS, logIndex=3012, commits[0a7e6056-64a2-4302-b029-255d48a66d7f:c3014, 82c1508e-6289-48e2-a567-a0e29c8b4903:c3010, f63d6ef8-0266-4bf3-bcb1-484cdaae1fbb:c3010]
2019-07-09 20:06:46,622 INFO  client.GrpcClientProtocolClient (GrpcClientProtocolClient.java:onNext(255)) - client-FB00420D972B->0a7e6056-64a2-4302-b029-255d48a66d7f: receive RaftClientReply:client-FB00420D972B->0a7e6056-64a2-4302-b029-255d48a66d7f@group-1EE0336AADCF, cid=2060, SUCCESS, logIndex=3013, commits[0a7e6056-64a2-4302-b029-255d48a66d7f:c3014, 82c1508e-6289-48e2-a567-a0e29c8b4903:c3010, f63d6ef8-0266-4bf3-bcb1-484cdaae1fbb:c3010]
2019-07-09 20:06:46,622 INFO  client.GrpcClientProtocolClient (GrpcClientProtocolClient.java:onNext(255)) - client-FB00420D972B->0a7e6056-64a2-4302-b029-255d48a66d7f: receive RaftClientReply:client-FB00420D972B->0a7e6056-64a2-4302-b029-255d48a66d7f@group-1EE0336AADCF, cid=2061, SUCCESS, logIndex=3014, commits[0a7e6056-64a2-4302-b029-255d48a66d7f:c3014, 82c1508e-6289-48e2-a567-a0e29c8b4903:c3011, f63d6ef8-0266-4bf3-bcb1-484cdaae1fbb:c3010]
2019-07-09 20:06:46,623 INFO  client.GrpcClientProtocolClient (GrpcClientProtocolClient.java:onNext(255)) - client-FB00420D972B->0a7e6056-64a2-4302-b029-255d48a66d7f: receive RaftClientReply:client-FB00420D972B->0a7e6056-64a2-4302-b029-255d48a66d7f@group-1EE0336AADCF, cid=2062, SUCCESS, logIndex=0, commits[0a7e6056-64a2-4302-b029-255d48a66d7f:c3018, 82c1508e-6289-48e2-a567-a0e29c8b4903:c3013, f63d6ef8-0266-4bf3-bcb1-484cdaae1fbb:c3014]
2019-07-09 20:06:46,641 INFO  client.GrpcClientProtocolClient (GrpcClientProtocolClient.java:onNext(255)) - client-FB00420D972B->0a7e6056-64a2-4302-b029-255d48a66d7f: receive RaftClientReply:client-FB00420D972B->0a7e6056-64a2-4302-b029-255d48a66d7f@group-1EE0336AADCF, cid=2063, SUCCESS, logIndex=3019, commits[0a7e6056-64a2-4302-b029-255d48a66d7f:c3020, 82c1508e-6289-48e2-a567-a0e29c8b4903:c3018, f63d6ef8-0266-4bf3-bcb1-484cdaae1fbb:c3018]
2019-07-09 20:06:46,642 INFO  client.GrpcClientProtocolClient (GrpcClientProtocolClient.java:onNext(255)) - client-FB00420D972B->0a7e6056-64a2-4302-b029-255d48a66d7f: receive RaftClientReply:client-FB00420D972B->0a7e6056-64a2-4302-b029-255d48a66d7f@group-1EE0336AADCF, cid=2064, SUCCESS, logIndex=3020, commits[0a7e6056-64a2-4302-b029-255d48a66d7f:c3020, 82c1508e-6289-48e2-a567-a0e29c8b4903:c3018, f63d6ef8-0266-4bf3-bcb1-484cdaae1fbb:c3018]
2019-07-09 20:06:46,655 INFO  client.GrpcClientProtocolClient (GrpcClientProtocolClient.java:onNext(255)) - client-FB00420D972B->0a7e6056-64a2-4302-b029-255d48a66d7f: receive RaftClientReply:client-FB00420D972B->0a7e6056-64a2-4302-b029-255d48a66d7f@group-1EE0336AADCF, cid=2065, SUCCESS, logIndex=3023, commits[0a7e6056-64a2-4302-b029-255d48a66d7f:c3024, 82c1508e-6289-48e2-a567-a0e29c8b4903:c3020, f63d6ef8-0266-4bf3-bcb1-484cdaae1fbb:c3020]
2019-07-09 20:06:46,656 INFO  client.GrpcClientProtocolClient (GrpcClientProtocolClient.java:onNext(255)) - client-FB00420D972B->0a7e6056-64a2-4302-b029-255d48a66d7f: receive RaftClientReply:client-FB00420D972B->0a7e6056-64a2-4302-b029-255d48a66d7f@group-1EE0336AADCF, cid=2066, SUCCESS, logIndex=3024, commits[0a7e6056-64a2-4302-b029-255d48a66d7f:c3024, 82c1508e-6289-48e2-a567-a0e29c8b4903:c3020, f63d6ef8-0266-4bf3-bcb1-484cdaae1fbb:c3020]
2019-07-09 20:06:46,666 INFO  client.GrpcClientProtocolClient (GrpcClientProtocolClient.java:onNext(255)) - client-FB00420D972B->0a7e6056-64a2-4302-b029-255d48a66d7f: receive RaftClientReply:client-FB00420D972B->0a7e6056-64a2-4302-b029-255d48a66d7f@group-1EE0336AADCF, cid=2067, SUCCESS, logIndex=0, commits[0a7e6056-64a2-4302-b029-255d48a66d7f:c3025, 82c1508e-6289-48e2-a567-a0e29c8b4903:c3024, f63d6ef8-0266-4bf3-bcb1-484cdaae1fbb:c3024]
2019-07-09 20:06:46,694 INFO  client.GrpcClientProtocolClient (GrpcClientProtocolClient.java:onNext(255)) - client-FB00420D972B->0a7e6056-64a2-4302-b029-255d48a66d7f: receive RaftClientReply:client-FB00420D972B->0a7e6056-64a2-4302-b029-255d48a66d7f@group-1EE0336AADCF, cid=2068, SUCCESS, logIndex=3027, commits[0a7e6056-64a2-4302-b029-255d48a66d7f:c3028, 82c1508e-6289-48e2-a567-a0e29c8b4903:c3026, f63d6ef8-0266-4bf3-bcb1-484cdaae1fbb:c3026]
2019-07-09 20:06:46,695 INFO  client.GrpcClientProtocolClient (GrpcClientProtocolClient.java:onNext(255)) - client-FB00420D972B->0a7e6056-64a2-4302-b029-255d48a66d7f: receive RaftClientReply:client-FB00420D972B->0a7e6056-64a2-4302-b029-255d48a66d7f@group-1EE0336AADCF, cid=2069, SUCCESS, logIndex=3028, commits[0a7e6056-64a2-4302-b029-255d48a66d7f:c3028, 82c1508e-6289-48e2-a567-a0e29c8b4903:c3026, f63d6ef8-0266-4bf3-bcb1-484cdaae1fbb:c3026]
2019-07-09 20:06:46,695 INFO  client.GrpcClientProtocolClient (GrpcClientProtocolClient.java:onNext(255)) - client-FB00420D972B->0a7e6056-64a2-4302-b029-255d48a66d7f: receive RaftClientReply:client-FB00420D972B->0a7e6056-64a2-4302-b029-255d48a66d7f@group-1EE0336AADCF, cid=2070, SUCCESS, logIndex=3029, commits[0a7e6056-64a2-4302-b029-255d48a66d7f:c3030, 82c1508e-6289-48e2-a567-a0e29c8b4903:c3026, f63d6ef8-0266-4bf3-bcb1-484cdaae1fbb:c3026]
2019-07-09 20:06:46,696 INFO  client.GrpcClientProtocolClient (GrpcClientProtocolClient.java:onNext(255)) - client-FB00420D972B->0a7e6056-64a2-4302-b029-255d48a66d7f: receive RaftClientReply:client-FB00420D972B->0a7e6056-64a2-4302-b029-255d48a66d7f@group-1EE0336AADCF, cid=2071, SUCCESS, logIndex=3030, commits[0a7e6056-64a2-4302-b029-255d48a66d7f:c3030, 82c1508e-6289-48e2-a567-a0e29c8b4903:c3026, f63d6ef8-0266-4bf3-bcb1-484cdaae1fbb:c3026]
2019-07-09 20:06:46,697 INFO  client.GrpcClientProtocolClient (GrpcClientProtocolClient.java:onNext(255)) - client-FB00420D972B->0a7e6056-64a2-4302-b029-255d48a66d7f: receive RaftClientReply:client-FB00420D972B->0a7e6056-64a2-4302-b029-255d48a66d7f@group-1EE0336AADCF, cid=2072, SUCCESS, logIndex=0, commits[0a7e6056-64a2-4302-b029-255d48a66d7f:c3033, 82c1508e-6289-48e2-a567-a0e29c8b4903:c3028, f63d6ef8-0266-4bf3-bcb1-484cdaae1fbb:c3029]
2019-07-09 20:06:46,723 INFO  client.GrpcClientProtocolClient (GrpcClientProtocolClient.java:onNext(255)) - client-FB00420D972B->0a7e6056-64a2-4302-b029-255d48a66d7f: receive RaftClientReply:client-FB00420D972B->0a7e6056-64a2-4302-b029-255d48a66d7f@group-1EE0336AADCF, cid=2073, SUCCESS, logIndex=3035, commits[0a7e6056-64a2-4302-b029-255d48a66d7f:c3036, 82c1508e-6289-48e2-a567-a0e29c8b4903:c3034, f63d6ef8-0266-4bf3-bcb1-484cdaae1fbb:c3034]
2019-07-09 20:06:46,723 INFO  client.GrpcClientProtocolClient (GrpcClientProtocolClient.java:onNext(255)) - client-FB00420D972B->0a7e6056-64a2-4302-b029-255d48a66d7f: receive RaftClientReply:client-FB00420D972B->0a7e6056-64a2-4302-b029-255d48a66d7f@group-1EE0336AADCF, cid=2074, SUCCESS, logIndex=3036, commits[0a7e6056-64a2-4302-b029-255d48a66d7f:c3036, 82c1508e-6289-48e2-a567-a0e29c8b4903:c3034, f63d6ef8-0266-4bf3-bcb1-484cdaae1fbb:c3034]
2019-07-09 20:06:46,736 INFO  client.GrpcClientProtocolClient (GrpcClientProtocolClient.java:onNext(255)) - client-FB00420D972B->0a7e6056-64a2-4302-b029-255d48a66d7f: receive RaftClientReply:client-FB00420D972B->0a7e6056-64a2-4302-b029-255d48a66d7f@group-1EE0336AADCF, cid=2075, SUCCESS, logIndex=3039, commits[0a7e6056-64a2-4302-b029-255d48a66d7f:c3040, 82c1508e-6289-48e2-a567-a0e29c8b4903:c3035, f63d6ef8-0266-4bf3-bcb1-484cdaae1fbb:c3036]
2019-07-09 20:06:46,736 INFO  client.GrpcClientProtocolClient (GrpcClientProtocolClient.java:onNext(255)) - client-FB00420D972B->0a7e6056-64a2-4302-b029-255d48a66d7f: receive RaftClientReply:client-FB00420D972B->0a7e6056-64a2-4302-b029-255d48a66d7f@group-1EE0336AADCF, cid=2076, SUCCESS, logIndex=3040, commits[0a7e6056-64a2-4302-b029-255d48a66d7f:c3040, 82c1508e-6289-48e2-a567-a0e29c8b4903:c3035, f63d6ef8-0266-4bf3-bcb1-484cdaae1fbb:c3036]
2019-07-09 20:06:46,737 INFO  client.GrpcClientProtocolClient (GrpcClientProtocolClient.java:onNext(255)) - client-FB00420D972B->0a7e6056-64a2-4302-b029-255d48a66d7f: receive RaftClientReply:client-FB00420D972B->0a7e6056-64a2-4302-b029-255d48a66d7f@group-1EE0336AADCF, cid=2077, SUCCESS, logIndex=0, commits[0a7e6056-64a2-4302-b029-255d48a66d7f:c3041, 82c1508e-6289-48e2-a567-a0e29c8b4903:c3036, f63d6ef8-0266-4bf3-bcb1-484cdaae1fbb:c3039]
2019-07-09 20:06:46,742 INFO  client.GrpcClientProtocolClient (GrpcClientProtocolClient.java:onNext(255)) - client-FB00420D972B->0a7e6056-64a2-4302-b029-255d48a66d7f: receive RaftClientReply:client-FB00420D972B->0a7e6056-64a2-4302-b029-255d48a66d7f@group-1EE0336AADCF, cid=2078, SUCCESS, logIndex=0, commits[0a7e6056-64a2-4302-b029-255d48a66d7f:c3042, 82c1508e-6289-48e2-a567-a0e29c8b4903:c3040, f63d6ef8-0266-4bf3-bcb1-484cdaae1fbb:c3040]
2019-07-09 20:06:46,766 INFO  client.GrpcClientProtocolClient (GrpcClientProtocolClient.java:onNext(255)) - client-FB00420D972B->0a7e6056-64a2-4302-b029-255d48a66d7f: receive RaftClientReply:client-FB00420D972B->0a7e6056-64a2-4302-b029-255d48a66d7f@group-1EE0336AADCF, cid=2079, SUCCESS, logIndex=3043, commits[0a7e6056-64a2-4302-b029-255d48a66d7f:c3044, 82c1508e-6289-48e2-a567-a0e29c8b4903:c3042, f63d6ef8-0266-4bf3-bcb1-484cdaae1fbb:c3042]
2019-07-09 20:06:46,767 INFO  client.GrpcClientProtocolClient (GrpcClientProtocolClient.java:onNext(255)) - client-FB00420D972B->0a7e6056-64a2-4302-b029-255d48a66d7f: receive RaftClientReply:client-FB00420D972B->0a7e6056-64a2-4302-b029-255d48a66d7f@group-1EE0336AADCF, cid=2080, SUCCESS, logIndex=3044, commits[0a7e6056-64a2-4302-b029-255d48a66d7f:c3044, 82c1508e-6289-48e2-a567-a0e29c8b4903:c3042, f63d6ef8-0266-4bf3-bcb1-484cdaae1fbb:c3042]
2019-07-09 20:06:46,767 INFO  client.GrpcClientProtocolClient (GrpcClientProtocolClient.java:onNext(255)) - client-FB00420D972B->0a7e6056-64a2-4302-b029-255d48a66d7f: receive RaftClientReply:client-FB00420D972B->0a7e6056-64a2-4302-b029-255d48a66d7f@group-1EE0336AADCF, cid=2081, SUCCESS, logIndex=3045, commits[0a7e6056-64a2-4302-b029-255d48a66d7f:c3046, 82c1508e-6289-48e2-a567-a0e29c8b4903:c3042, f63d6ef8-0266-4bf3-bcb1-484cdaae1fbb:c3042]
2019-07-09 20:06:46,767 INFO  client.GrpcClientProtocolClient (GrpcClientProtocolClient.java:onNext(255)) - client-FB00420D972B->0a7e6056-64a2-4302-b029-255d48a66d7f: receive RaftClientReply:client-FB00420D972B->0a7e6056-64a2-4302-b029-255d48a66d7f@group-1EE0336AADCF, cid=2082, SUCCESS, logIndex=3046, commits[0a7e6056-64a2-4302-b029-255d48a66d7f:c3046, 82c1508e-6289-48e2-a567-a0e29c8b4903:c3042, f63d6ef8-0266-4bf3-bcb1-484cdaae1fbb:c3042]
2019-07-09 20:06:46,768 INFO  client.GrpcClientProtocolClient (GrpcClientProtocolClient.java:onNext(255)) - client-FB00420D972B->0a7e6056-64a2-4302-b029-255d48a66d7f: receive RaftClientReply:client-FB00420D972B->0a7e6056-64a2-4302-b029-255d48a66d7f@group-1EE0336AADCF, cid=2083, SUCCESS, logIndex=0, commits[0a7e6056-64a2-4302-b029-255d48a66d7f:c3048, 82c1508e-6289-48e2-a567-a0e29c8b4903:c3044, f63d6ef8-0266-4bf3-bcb1-484cdaae1fbb:c3044]
2019-07-09 20:06:46,803 INFO  client.GrpcClientProtocolClient (GrpcClientProtocolClient.java:onNext(255)) - client-FB00420D972B->0a7e6056-64a2-4302-b029-255d48a66d7f: receive RaftClientReply:client-FB00420D972B->0a7e6056-64a2-4302-b029-255d48a66d7f@group-1EE0336AADCF, cid=2084, SUCCESS, logIndex=3051, commits[0a7e6056-64a2-4302-b029-255d48a66d7f:c3052, 82c1508e-6289-48e2-a567-a0e29c8b4903:c3050, f63d6ef8-0266-4bf3-bcb1-484cdaae1fbb:c3050]
2019-07-09 20:06:46,804 INFO  client.GrpcClientProtocolClient (GrpcClientProtocolClient.java:onNext(255)) - client-FB00420D972B->0a7e6056-64a2-4302-b029-255d48a66d7f: receive RaftClientReply:client-FB00420D972B->0a7e6056-64a2-4302-b029-255d48a66d7f@group-1EE0336AADCF, cid=2085, SUCCESS, logIndex=3052, commits[0a7e6056-64a2-4302-b029-255d48a66d7f:c3052, 82c1508e-6289-48e2-a567-a0e29c8b4903:c3050, f63d6ef8-0266-4bf3-bcb1-484cdaae1fbb:c3050]
 0.00% |█                                                                                                    |  0/1 Time: 0:00:182019-07-09 20:06:46,818 INFO  client.GrpcClientProtocolClient (GrpcClientProtocolClient.java:onNext(255)) - client-FB00420D972B->0a7e6056-64a2-4302-b029-255d48a66d7f: receive RaftClientReply:client-FB00420D972B->0a7e6056-64a2-4302-b029-255d48a66d7f@group-1EE0336AADCF, cid=2086, SUCCESS, logIndex=3055, commits[0a7e6056-64a2-4302-b029-255d48a66d7f:c3055, 82c1508e-6289-48e2-a567-a0e29c8b4903:c3052, f63d6ef8-0266-4bf3-bcb1-484cdaae1fbb:c3052]
2019-07-09 20:06:46,818 INFO  client.GrpcClientProtocolClient (GrpcClientProtocolClient.java:onNext(255)) - client-FB00420D972B->0a7e6056-64a2-4302-b029-255d48a66d7f: receive RaftClientReply:client-FB00420D972B->0a7e6056-64a2-4302-b029-255d48a66d7f@group-1EE0336AADCF, cid=2087, SUCCESS, logIndex=3056, commits[0a7e6056-64a2-4302-b029-255d48a66d7f:c3056, 82c1508e-6289-48e2-a567-a0e29c8b4903:c3052, f63d6ef8-0266-4bf3-bcb1-484cdaae1fbb:c3052]
2019-07-09 20:06:47,365 WARN  util.JavaUtils (JavaUtils.java:sleep(250)) - Unexpected long sleep: sleep(1154ms) actually took 1469ms which is over the threshold 300ms
2019-07-09 20:06:47,368 INFO  client.GrpcClientProtocolClient (GrpcClientProtocolClient.java:onNext(255)) - client-FB00420D972B->0a7e6056-64a2-4302-b029-255d48a66d7f: receive RaftClientReply:client-FB00420D972B->0a7e6056-64a2-4302-b029-255d48a66d7f@group-1EE0336AADCF, cid=2088, SUCCESS, logIndex=0, commits[0a7e6056-64a2-4302-b029-255d48a66d7f:c3057, 82c1508e-6289-48e2-a567-a0e29c8b4903:c3056, f63d6ef8-0266-4bf3-bcb1-484cdaae1fbb:c3056]
2019-07-09 20:06:47,401 INFO  client.GrpcClientProtocolClient (GrpcClientProtocolClient.java:onNext(255)) - client-FB00420D972B->0a7e6056-64a2-4302-b029-255d48a66d7f: receive RaftClientReply:client-FB00420D972B->0a7e6056-64a2-4302-b029-255d48a66d7f@group-1EE0336AADCF, cid=2089, SUCCESS, logIndex=3059, commits[0a7e6056-64a2-4302-b029-255d48a66d7f:c3059, 82c1508e-6289-48e2-a567-a0e29c8b4903:c3058, f63d6ef8-0266-4bf3-bcb1-484cdaae1fbb:c3058]
2019-07-09 20:06:47,402 INFO  client.GrpcClientProtocolClient (GrpcClientProtocolClient.java:onNext(255)) - client-FB00420D972B->0a7e6056-64a2-4302-b029-255d48a66d7f: receive RaftClientReply:client-FB00420D972B->0a7e6056-64a2-4302-b029-255d48a66d7f@group-1EE0336AADCF, cid=2090, SUCCESS, logIndex=3060, commits[0a7e6056-64a2-4302-b029-255d48a66d7f:c3061, 82c1508e-6289-48e2-a567-a0e29c8b4903:c3058, f63d6ef8-0266-4bf3-bcb1-484cdaae1fbb:c3058]
2019-07-09 20:06:47,402 INFO  client.GrpcClientProtocolClient (GrpcClientProtocolClient.java:onNext(255)) - client-FB00420D972B->0a7e6056-64a2-4302-b029-255d48a66d7f: receive RaftClientReply:client-FB00420D972B->0a7e6056-64a2-4302-b029-255d48a66d7f@group-1EE0336AADCF, cid=2091, SUCCESS, logIndex=3061, commits[0a7e6056-64a2-4302-b029-255d48a66d7f:c3062, 82c1508e-6289-48e2-a567-a0e29c8b4903:c3058, f63d6ef8-0266-4bf3-bcb1-484cdaae1fbb:c3058]
2019-07-09 20:06:47,403 INFO  client.GrpcClientProtocolClient (GrpcClientProtocolClient.java:onNext(255)) - client-FB00420D972B->0a7e6056-64a2-4302-b029-255d48a66d7f: receive RaftClientReply:client-FB00420D972B->0a7e6056-64a2-4302-b029-255d48a66d7f@group-1EE0336AADCF, cid=2092, SUCCESS, logIndex=3062, commits[0a7e6056-64a2-4302-b029-255d48a66d7f:c3062, 82c1508e-6289-48e2-a567-a0e29c8b4903:c3058, f63d6ef8-0266-4bf3-bcb1-484cdaae1fbb:c3058]
2019-07-09 20:06:47,414 INFO  client.GrpcClientProtocolClient (GrpcClientProtocolClient.java:onNext(255)) - client-FB00420D972B->0a7e6056-64a2-4302-b029-255d48a66d7f: receive RaftClientReply:client-FB00420D972B->0a7e6056-64a2-4302-b029-255d48a66d7f@group-1EE0336AADCF, cid=2093, SUCCESS, logIndex=0, commits[0a7e6056-64a2-4302-b029-255d48a66d7f:c3064, 82c1508e-6289-48e2-a567-a0e29c8b4903:c3061, f63d6ef8-0266-4bf3-bcb1-484cdaae1fbb:c3060]
2019-07-09 20:06:47,437 INFO  client.GrpcClientProtocolClient (GrpcClientProtocolClient.java:onNext(255)) - client-FB00420D972B->0a7e6056-64a2-4302-b029-255d48a66d7f: receive RaftClientReply:client-FB00420D972B->0a7e6056-64a2-4302-b029-255d48a66d7f@group-1EE0336AADCF, cid=2094, SUCCESS, logIndex=3067, commits[0a7e6056-64a2-4302-b029-255d48a66d7f:c3068, 82c1508e-6289-48e2-a567-a0e29c8b4903:c3066, f63d6ef8-0266-4bf3-bcb1-484cdaae1fbb:c3066]
2019-07-09 20:06:47,437 INFO  client.GrpcClientProtocolClient (GrpcClientProtocolClient.java:onNext(255)) - client-FB00420D972B->0a7e6056-64a2-4302-b029-255d48a66d7f: receive RaftClientReply:client-FB00420D972B->0a7e6056-64a2-4302-b029-255d48a66d7f@group-1EE0336AADCF, cid=2095, SUCCESS, logIndex=3068, commits[0a7e6056-64a2-4302-b029-255d48a66d7f:c3068, 82c1508e-6289-48e2-a567-a0e29c8b4903:c3066, f63d6ef8-0266-4bf3-bcb1-484cdaae1fbb:c3066]
2019-07-09 20:06:47,451 INFO  client.GrpcClientProtocolClient (GrpcClientProtocolClient.java:onNext(255)) - client-FB00420D972B->0a7e6056-64a2-4302-b029-255d48a66d7f: receive RaftClientReply:client-FB00420D972B->0a7e6056-64a2-4302-b029-255d48a66d7f@group-1EE0336AADCF, cid=2096, SUCCESS, logIndex=3071, commits[0a7e6056-64a2-4302-b029-255d48a66d7f:c3072, 82c1508e-6289-48e2-a567-a0e29c8b4903:c3067, f63d6ef8-0266-4bf3-bcb1-484cdaae1fbb:c3068]
2019-07-09 20:06:47,451 INFO  client.GrpcClientProtocolClient (GrpcClientProtocolClient.java:onNext(255)) - client-FB00420D972B->0a7e6056-64a2-4302-b029-255d48a66d7f: receive RaftClientReply:client-FB00420D972B->0a7e6056-64a2-4302-b029-255d48a66d7f@group-1EE0336AADCF, cid=2097, SUCCESS, logIndex=3072, commits[0a7e6056-64a2-4302-b029-255d48a66d7f:c3072, 82c1508e-6289-48e2-a567-a0e29c8b4903:c3068, f63d6ef8-0266-4bf3-bcb1-484cdaae1fbb:c3068]
2019-07-09 20:06:47,454 INFO  client.GrpcClientProtocolClient (GrpcClientProtocolClient.java:onNext(255)) - client-FB00420D972B->0a7e6056-64a2-4302-b029-255d48a66d7f: receive RaftClientReply:client-FB00420D972B->0a7e6056-64a2-4302-b029-255d48a66d7f@group-1EE0336AADCF, cid=2098, SUCCESS, logIndex=0, commits[0a7e6056-64a2-4302-b029-255d48a66d7f:c3074, 82c1508e-6289-48e2-a567-a0e29c8b4903:c3072, f63d6ef8-0266-4bf3-bcb1-484cdaae1fbb:c3072]
2019-07-09 20:06:47,481 INFO  client.GrpcClientProtocolClient (GrpcClientProtocolClient.java:onNext(255)) - client-FB00420D972B->0a7e6056-64a2-4302-b029-255d48a66d7f: receive RaftClientReply:client-FB00420D972B->0a7e6056-64a2-4302-b029-255d48a66d7f@group-1EE0336AADCF, cid=2099, SUCCESS, logIndex=3075, commits[0a7e6056-64a2-4302-b029-255d48a66d7f:c3076, 82c1508e-6289-48e2-a567-a0e29c8b4903:c3074, f63d6ef8-0266-4bf3-bcb1-484cdaae1fbb:c3074]
2019-07-09 20:06:47,482 INFO  client.GrpcClientProtocolClient (GrpcClientProtocolClient.java:onNext(255)) - client-FB00420D972B->0a7e6056-64a2-4302-b029-255d48a66d7f: receive RaftClientReply:client-FB00420D972B->0a7e6056-64a2-4302-b029-255d48a66d7f@group-1EE0336AADCF, cid=2100, SUCCESS, logIndex=3076, commits[0a7e6056-64a2-4302-b029-255d48a66d7f:c3076, 82c1508e-6289-48e2-a567-a0e29c8b4903:c3074, f63d6ef8-0266-4bf3-bcb1-484cdaae1fbb:c3074]
2019-07-09 20:06:47,483 INFO  client.GrpcClientProtocolClient (GrpcClientProtocolClient.java:onNext(255)) - client-FB00420D972B->0a7e6056-64a2-4302-b029-255d48a66d7f: receive RaftClientReply:client-FB00420D972B->0a7e6056-64a2-4302-b029-255d48a66d7f@group-1EE0336AADCF, cid=2101, SUCCESS, logIndex=3077, commits[0a7e6056-64a2-4302-b029-255d48a66d7f:c3077, 82c1508e-6289-48e2-a567-a0e29c8b4903:c3074, f63d6ef8-0266-4bf3-bcb1-484cdaae1fbb:c3074]
2019-07-09 20:06:47,483 INFO  client.GrpcClientProtocolClient (GrpcClientProtocolClient.java:onNext(255)) - client-FB00420D972B->0a7e6056-64a2-4302-b029-255d48a66d7f: receive RaftClientReply:client-FB00420D972B->0a7e6056-64a2-4302-b029-255d48a66d7f@group-1EE0336AADCF, cid=2102, SUCCESS, logIndex=3078, commits[0a7e6056-64a2-4302-b029-255d48a66d7f:c3078, 82c1508e-6289-48e2-a567-a0e29c8b4903:c3074, f63d6ef8-0266-4bf3-bcb1-484cdaae1fbb:c3074]
2019-07-09 20:06:47,484 INFO  client.GrpcClientProtocolClient (GrpcClientProtocolClient.java:onNext(255)) - client-FB00420D972B->0a7e6056-64a2-4302-b029-255d48a66d7f: receive RaftClientReply:client-FB00420D972B->0a7e6056-64a2-4302-b029-255d48a66d7f@group-1EE0336AADCF, cid=2103, SUCCESS, logIndex=0, commits[0a7e6056-64a2-4302-b029-255d48a66d7f:c3080, 82c1508e-6289-48e2-a567-a0e29c8b4903:c3076, f63d6ef8-0266-4bf3-bcb1-484cdaae1fbb:c3076]
2019-07-09 20:06:47,504 INFO  client.GrpcClientProtocolClient (GrpcClientProtocolClient.java:onNext(255)) - client-FB00420D972B->0a7e6056-64a2-4302-b029-255d48a66d7f: receive RaftClientReply:client-FB00420D972B->0a7e6056-64a2-4302-b029-255d48a66d7f@group-1EE0336AADCF, cid=2104, SUCCESS, logIndex=3083, commits[0a7e6056-64a2-4302-b029-255d48a66d7f:c3084, 82c1508e-6289-48e2-a567-a0e29c8b4903:c3082, f63d6ef8-0266-4bf3-bcb1-484cdaae1fbb:c3082]
2019-07-09 20:06:47,505 INFO  client.GrpcClientProtocolClient (GrpcClientProtocolClient.java:onNext(255)) - client-FB00420D972B->0a7e6056-64a2-4302-b029-255d48a66d7f: receive RaftClientReply:client-FB00420D972B->0a7e6056-64a2-4302-b029-255d48a66d7f@group-1EE0336AADCF, cid=2105, SUCCESS, logIndex=3084, commits[0a7e6056-64a2-4302-b029-255d48a66d7f:c3084, 82c1508e-6289-48e2-a567-a0e29c8b4903:c3082, f63d6ef8-0266-4bf3-bcb1-484cdaae1fbb:c3082]
2019-07-09 20:06:47,518 INFO  client.GrpcClientProtocolClient (GrpcClientProtocolClient.java:onNext(255)) - client-FB00420D972B->0a7e6056-64a2-4302-b029-255d48a66d7f: receive RaftClientReply:client-FB00420D972B->0a7e6056-64a2-4302-b029-255d48a66d7f@group-1EE0336AADCF, cid=2106, SUCCESS, logIndex=3087, commits[0a7e6056-64a2-4302-b029-255d48a66d7f:c3088, 82c1508e-6289-48e2-a567-a0e29c8b4903:c3084, f63d6ef8-0266-4bf3-bcb1-484cdaae1fbb:c3084]
2019-07-09 20:06:47,518 INFO  client.GrpcClientProtocolClient (GrpcClientProtocolClient.java:onNext(255)) - client-FB00420D972B->0a7e6056-64a2-4302-b029-255d48a66d7f: receive RaftClientReply:client-FB00420D972B->0a7e6056-64a2-4302-b029-255d48a66d7f@group-1EE0336AADCF, cid=2107, SUCCESS, logIndex=3088, commits[0a7e6056-64a2-4302-b029-255d48a66d7f:c3088, 82c1508e-6289-48e2-a567-a0e29c8b4903:c3084, f63d6ef8-0266-4bf3-bcb1-484cdaae1fbb:c3084]
2019-07-09 20:06:47,531 INFO  client.GrpcClientProtocolClient (GrpcClientProtocolClient.java:onNext(255)) - client-FB00420D972B->0a7e6056-64a2-4302-b029-255d48a66d7f: receive RaftClientReply:client-FB00420D972B->0a7e6056-64a2-4302-b029-255d48a66d7f@group-1EE0336AADCF, cid=2108, SUCCESS, logIndex=0, commits[0a7e6056-64a2-4302-b029-255d48a66d7f:c3090, 82c1508e-6289-48e2-a567-a0e29c8b4903:c3088, f63d6ef8-0266-4bf3-bcb1-484cdaae1fbb:c3088]
2019-07-09 20:06:47,559 INFO  client.GrpcClientProtocolClient (GrpcClientProtocolClient.java:onNext(255)) - client-FB00420D972B->0a7e6056-64a2-4302-b029-255d48a66d7f: receive RaftClientReply:client-FB00420D972B->0a7e6056-64a2-4302-b029-255d48a66d7f@group-1EE0336AADCF, cid=2109, SUCCESS, logIndex=3091, commits[0a7e6056-64a2-4302-b029-255d48a66d7f:c3092, 82c1508e-6289-48e2-a567-a0e29c8b4903:c3090, f63d6ef8-0266-4bf3-bcb1-484cdaae1fbb:c3090]
2019-07-09 20:06:47,560 INFO  client.GrpcClientProtocolClient (GrpcClientProtocolClient.java:onNext(255)) - client-FB00420D972B->0a7e6056-64a2-4302-b029-255d48a66d7f: receive RaftClientReply:client-FB00420D972B->0a7e6056-64a2-4302-b029-255d48a66d7f@group-1EE0336AADCF, cid=2110, SUCCESS, logIndex=3092, commits[0a7e6056-64a2-4302-b029-255d48a66d7f:c3092, 82c1508e-6289-48e2-a567-a0e29c8b4903:c3090, f63d6ef8-0266-4bf3-bcb1-484cdaae1fbb:c3090]
2019-07-09 20:06:47,560 INFO  client.GrpcClientProtocolClient (GrpcClientProtocolClient.java:onNext(255)) - client-FB00420D972B->0a7e6056-64a2-4302-b029-255d48a66d7f: receive RaftClientReply:client-FB00420D972B->0a7e6056-64a2-4302-b029-255d48a66d7f@group-1EE0336AADCF, cid=2111, SUCCESS, logIndex=3093, commits[0a7e6056-64a2-4302-b029-255d48a66d7f:c3094, 82c1508e-6289-48e2-a567-a0e29c8b4903:c3090, f63d6ef8-0266-4bf3-bcb1-484cdaae1fbb:c3090]
2019-07-09 20:06:47,560 INFO  client.GrpcClientProtocolClient (GrpcClientProtocolClient.java:onNext(255)) - client-FB00420D972B->0a7e6056-64a2-4302-b029-255d48a66d7f: receive RaftClientReply:client-FB00420D972B->0a7e6056-64a2-4302-b029-255d48a66d7f@group-1EE0336AADCF, cid=2112, SUCCESS, logIndex=3094, commits[0a7e6056-64a2-4302-b029-255d48a66d7f:c3094, 82c1508e-6289-48e2-a567-a0e29c8b4903:c3090, f63d6ef8-0266-4bf3-bcb1-484cdaae1fbb:c3090]
2019-07-09 20:06:47,561 INFO  client.GrpcClientProtocolClient (GrpcClientProtocolClient.java:onNext(255)) - client-FB00420D972B->0a7e6056-64a2-4302-b029-255d48a66d7f: receive RaftClientReply:client-FB00420D972B->0a7e6056-64a2-4302-b029-255d48a66d7f@group-1EE0336AADCF, cid=2113, SUCCESS, logIndex=0, commits[0a7e6056-64a2-4302-b029-255d48a66d7f:c3096, 82c1508e-6289-48e2-a567-a0e29c8b4903:c3092, f63d6ef8-0266-4bf3-bcb1-484cdaae1fbb:c3092]
2019-07-09 20:06:47,585 INFO  client.GrpcClientProtocolClient (GrpcClientProtocolClient.java:onNext(255)) - client-FB00420D972B->0a7e6056-64a2-4302-b029-255d48a66d7f: receive RaftClientReply:client-FB00420D972B->0a7e6056-64a2-4302-b029-255d48a66d7f@group-1EE0336AADCF, cid=2114, SUCCESS, logIndex=3099, commits[0a7e6056-64a2-4302-b029-255d48a66d7f:c3100, 82c1508e-6289-48e2-a567-a0e29c8b4903:c3098, f63d6ef8-0266-4bf3-bcb1-484cdaae1fbb:c3098]
2019-07-09 20:06:47,586 INFO  client.GrpcClientProtocolClient (GrpcClientProtocolClient.java:onNext(255)) - client-FB00420D972B->0a7e6056-64a2-4302-b029-255d48a66d7f: receive RaftClientReply:client-FB00420D972B->0a7e6056-64a2-4302-b029-255d48a66d7f@group-1EE0336AADCF, cid=2115, SUCCESS, logIndex=3100, commits[0a7e6056-64a2-4302-b029-255d48a66d7f:c3100, 82c1508e-6289-48e2-a567-a0e29c8b4903:c3098, f63d6ef8-0266-4bf3-bcb1-484cdaae1fbb:c3098]
2019-07-09 20:06:47,609 INFO  client.GrpcClientProtocolClient (GrpcClientProtocolClient.java:onNext(255)) - client-FB00420D972B->0a7e6056-64a2-4302-b029-255d48a66d7f: receive RaftClientReply:client-FB00420D972B->0a7e6056-64a2-4302-b029-255d48a66d7f@group-1EE0336AADCF, cid=2116, SUCCESS, logIndex=3103, commits[0a7e6056-64a2-4302-b029-255d48a66d7f:c3104, 82c1508e-6289-48e2-a567-a0e29c8b4903:c3100, f63d6ef8-0266-4bf3-bcb1-484cdaae1fbb:c3100]
2019-07-09 20:06:47,609 INFO  client.GrpcClientProtocolClient (GrpcClientProtocolClient.java:onNext(255)) - client-FB00420D972B->0a7e6056-64a2-4302-b029-255d48a66d7f: receive RaftClientReply:client-FB00420D972B->0a7e6056-64a2-4302-b029-255d48a66d7f@group-1EE0336AADCF, cid=2117, SUCCESS, logIndex=3104, commits[0a7e6056-64a2-4302-b029-255d48a66d7f:c3104, 82c1508e-6289-48e2-a567-a0e29c8b4903:c3100, f63d6ef8-0266-4bf3-bcb1-484cdaae1fbb:c3100]
2019-07-09 20:06:47,611 INFO  client.GrpcClientProtocolClient (GrpcClientProtocolClient.java:onNext(255)) - client-FB00420D972B->0a7e6056-64a2-4302-b029-255d48a66d7f: receive RaftClientReply:client-FB00420D972B->0a7e6056-64a2-4302-b029-255d48a66d7f@group-1EE0336AADCF, cid=2118, SUCCESS, logIndex=0, commits[0a7e6056-64a2-4302-b029-255d48a66d7f:c3105, 82c1508e-6289-48e2-a567-a0e29c8b4903:c3104, f63d6ef8-0266-4bf3-bcb1-484cdaae1fbb:c3104]
2019-07-09 20:06:47,636 INFO  client.GrpcClientProtocolClient (GrpcClientProtocolClient.java:onNext(255)) - client-FB00420D972B->0a7e6056-64a2-4302-b029-255d48a66d7f: receive RaftClientReply:client-FB00420D972B->0a7e6056-64a2-4302-b029-255d48a66d7f@group-1EE0336AADCF, cid=2119, SUCCESS, logIndex=3107, commits[0a7e6056-64a2-4302-b029-255d48a66d7f:c3109, 82c1508e-6289-48e2-a567-a0e29c8b4903:c3106, f63d6ef8-0266-4bf3-bcb1-484cdaae1fbb:c3104]
2019-07-09 20:06:47,636 INFO  client.GrpcClientProtocolClient (GrpcClientProtocolClient.java:onNext(255)) - client-FB00420D972B->0a7e6056-64a2-4302-b029-255d48a66d7f: receive RaftClientReply:client-FB00420D972B->0a7e6056-64a2-4302-b029-255d48a66d7f@group-1EE0336AADCF, cid=2120, SUCCESS, logIndex=3108, commits[0a7e6056-64a2-4302-b029-255d48a66d7f:c3110, 82c1508e-6289-48e2-a567-a0e29c8b4903:c3106, f63d6ef8-0266-4bf3-bcb1-484cdaae1fbb:c3106]
2019-07-09 20:06:47,637 INFO  client.GrpcClientProtocolClient (GrpcClientProtocolClient.java:onNext(255)) - client-FB00420D972B->0a7e6056-64a2-4302-b029-255d48a66d7f: receive RaftClientReply:client-FB00420D972B->0a7e6056-64a2-4302-b029-255d48a66d7f@group-1EE0336AADCF, cid=2121, SUCCESS, logIndex=3109, commits[0a7e6056-64a2-4302-b029-255d48a66d7f:c3110, 82c1508e-6289-48e2-a567-a0e29c8b4903:c3106, f63d6ef8-0266-4bf3-bcb1-484cdaae1fbb:c3106]
2019-07-09 20:06:47,637 INFO  client.GrpcClientProtocolClient (GrpcClientProtocolClient.java:onNext(255)) - client-FB00420D972B->0a7e6056-64a2-4302-b029-255d48a66d7f: receive RaftClientReply:client-FB00420D972B->0a7e6056-64a2-4302-b029-255d48a66d7f@group-1EE0336AADCF, cid=2122, SUCCESS, logIndex=3110, commits[0a7e6056-64a2-4302-b029-255d48a66d7f:c3111, 82c1508e-6289-48e2-a567-a0e29c8b4903:c3108, f63d6ef8-0266-4bf3-bcb1-484cdaae1fbb:c3106]
2019-07-09 20:06:47,638 INFO  client.GrpcClientProtocolClient (GrpcClientProtocolClient.java:onNext(255)) - client-FB00420D972B->0a7e6056-64a2-4302-b029-255d48a66d7f: receive RaftClientReply:client-FB00420D972B->0a7e6056-64a2-4302-b029-255d48a66d7f@group-1EE0336AADCF, cid=2123, SUCCESS, logIndex=0, commits[0a7e6056-64a2-4302-b029-255d48a66d7f:c3112, 82c1508e-6289-48e2-a567-a0e29c8b4903:c3108, f63d6ef8-0266-4bf3-bcb1-484cdaae1fbb:c3108]
2019-07-09 20:06:47,650 INFO  client.GrpcClientProtocolClient (GrpcClientProtocolClient.java:onNext(255)) - client-FB00420D972B->0a7e6056-64a2-4302-b029-255d48a66d7f: receive RaftClientReply:client-FB00420D972B->0a7e6056-64a2-4302-b029-255d48a66d7f@group-1EE0336AADCF, cid=2124, SUCCESS, logIndex=3115, commits[0a7e6056-64a2-4302-b029-255d48a66d7f:c3116, 82c1508e-6289-48e2-a567-a0e29c8b4903:c3110, f63d6ef8-0266-4bf3-bcb1-484cdaae1fbb:c3114]
2019-07-09 20:06:47,650 INFO  client.GrpcClientProtocolClient (GrpcClientProtocolClient.java:onNext(255)) - client-FB00420D972B->0a7e6056-64a2-4302-b029-255d48a66d7f: receive RaftClientReply:client-FB00420D972B->0a7e6056-64a2-4302-b029-255d48a66d7f@group-1EE0336AADCF, cid=2125, SUCCESS, logIndex=3116, commits[0a7e6056-64a2-4302-b029-255d48a66d7f:c3116, 82c1508e-6289-48e2-a567-a0e29c8b4903:c3114, f63d6ef8-0266-4bf3-bcb1-484cdaae1fbb:c3114]
2019-07-09 20:06:47,681 INFO  client.GrpcClientProtocolClient (GrpcClientProtocolClient.java:onNext(255)) - client-FB00420D972B->0a7e6056-64a2-4302-b029-255d48a66d7f: receive RaftClientReply:client-FB00420D972B->0a7e6056-64a2-4302-b029-255d48a66d7f@group-1EE0336AADCF, cid=2126, SUCCESS, logIndex=3119, commits[0a7e6056-64a2-4302-b029-255d48a66d7f:c3120, 82c1508e-6289-48e2-a567-a0e29c8b4903:c3118, f63d6ef8-0266-4bf3-bcb1-484cdaae1fbb:c3116]
2019-07-09 20:06:47,681 INFO  client.GrpcClientProtocolClient (GrpcClientProtocolClient.java:onNext(255)) - client-FB00420D972B->0a7e6056-64a2-4302-b029-255d48a66d7f: receive RaftClientReply:client-FB00420D972B->0a7e6056-64a2-4302-b029-255d48a66d7f@group-1EE0336AADCF, cid=2127, SUCCESS, logIndex=3120, commits[0a7e6056-64a2-4302-b029-255d48a66d7f:c3120, 82c1508e-6289-48e2-a567-a0e29c8b4903:c3118, f63d6ef8-0266-4bf3-bcb1-484cdaae1fbb:c3118]
2019-07-09 20:06:47,682 INFO  client.GrpcClientProtocolClient (GrpcClientProtocolClient.java:onNext(255)) - client-FB00420D972B->0a7e6056-64a2-4302-b029-255d48a66d7f: receive RaftClientReply:client-FB00420D972B->0a7e6056-64a2-4302-b029-255d48a66d7f@group-1EE0336AADCF, cid=2128, SUCCESS, logIndex=0, commits[0a7e6056-64a2-4302-b029-255d48a66d7f:c3121, 82c1508e-6289-48e2-a567-a0e29c8b4903:c3120, f63d6ef8-0266-4bf3-bcb1-484cdaae1fbb:c3120]
2019-07-09 20:06:47,709 INFO  client.GrpcClientProtocolClient (GrpcClientProtocolClient.java:onNext(255)) - client-FB00420D972B->0a7e6056-64a2-4302-b029-255d48a66d7f: receive RaftClientReply:client-FB00420D972B->0a7e6056-64a2-4302-b029-255d48a66d7f@group-1EE0336AADCF, cid=2129, SUCCESS, logIndex=3123, commits[0a7e6056-64a2-4302-b029-255d48a66d7f:c3124, 82c1508e-6289-48e2-a567-a0e29c8b4903:c3122, f63d6ef8-0266-4bf3-bcb1-484cdaae1fbb:c3122]
2019-07-09 20:06:47,710 INFO  client.GrpcClientProtocolClient (GrpcClientProtocolClient.java:onNext(255)) - client-FB00420D972B->0a7e6056-64a2-4302-b029-255d48a66d7f: receive RaftClientReply:client-FB00420D972B->0a7e6056-64a2-4302-b029-255d48a66d7f@group-1EE0336AADCF, cid=2130, SUCCESS, logIndex=3124, commits[0a7e6056-64a2-4302-b029-255d48a66d7f:c3126, 82c1508e-6289-48e2-a567-a0e29c8b4903:c3122, f63d6ef8-0266-4bf3-bcb1-484cdaae1fbb:c3122]
2019-07-09 20:06:47,710 INFO  client.GrpcClientProtocolClient (GrpcClientProtocolClient.java:onNext(255)) - client-FB00420D972B->0a7e6056-64a2-4302-b029-255d48a66d7f: receive RaftClientReply:client-FB00420D972B->0a7e6056-64a2-4302-b029-255d48a66d7f@group-1EE0336AADCF, cid=2131, SUCCESS, logIndex=3125, commits[0a7e6056-64a2-4302-b029-255d48a66d7f:c3126, 82c1508e-6289-48e2-a567-a0e29c8b4903:c3122, f63d6ef8-0266-4bf3-bcb1-484cdaae1fbb:c3122]
2019-07-09 20:06:47,711 INFO  client.GrpcClientProtocolClient (GrpcClientProtocolClient.java:onNext(255)) - client-FB00420D972B->0a7e6056-64a2-4302-b029-255d48a66d7f: receive RaftClientReply:client-FB00420D972B->0a7e6056-64a2-4302-b029-255d48a66d7f@group-1EE0336AADCF, cid=2132, SUCCESS, logIndex=3126, commits[0a7e6056-64a2-4302-b029-255d48a66d7f:c3126, 82c1508e-6289-48e2-a567-a0e29c8b4903:c3122, f63d6ef8-0266-4bf3-bcb1-484cdaae1fbb:c3122]
2019-07-09 20:06:47,712 INFO  client.GrpcClientProtocolClient (GrpcClientProtocolClient.java:onNext(255)) - client-FB00420D972B->0a7e6056-64a2-4302-b029-255d48a66d7f: receive RaftClientReply:client-FB00420D972B->0a7e6056-64a2-4302-b029-255d48a66d7f@group-1EE0336AADCF, cid=2133, SUCCESS, logIndex=0, commits[0a7e6056-64a2-4302-b029-255d48a66d7f:c3129, 82c1508e-6289-48e2-a567-a0e29c8b4903:c3124, f63d6ef8-0266-4bf3-bcb1-484cdaae1fbb:c3126]
2019-07-09 20:06:47,733 INFO  client.GrpcClientProtocolClient (GrpcClientProtocolClient.java:onNext(255)) - client-FB00420D972B->0a7e6056-64a2-4302-b029-255d48a66d7f: receive RaftClientReply:client-FB00420D972B->0a7e6056-64a2-4302-b029-255d48a66d7f@group-1EE0336AADCF, cid=2134, SUCCESS, logIndex=3130, commits[0a7e6056-64a2-4302-b029-255d48a66d7f:c3131, 82c1508e-6289-48e2-a567-a0e29c8b4903:c3129, f63d6ef8-0266-4bf3-bcb1-484cdaae1fbb:c3129]
2019-07-09 20:06:47,733 INFO  client.GrpcClientProtocolClient (GrpcClientProtocolClient.java:onNext(255)) - client-FB00420D972B->0a7e6056-64a2-4302-b029-255d48a66d7f: receive RaftClientReply:client-FB00420D972B->0a7e6056-64a2-4302-b029-255d48a66d7f@group-1EE0336AADCF, cid=2135, SUCCESS, logIndex=3131, commits[0a7e6056-64a2-4302-b029-255d48a66d7f:c3131, 82c1508e-6289-48e2-a567-a0e29c8b4903:c3129, f63d6ef8-0266-4bf3-bcb1-484cdaae1fbb:c3129]
2019-07-09 20:06:47,752 INFO  client.GrpcClientProtocolClient (GrpcClientProtocolClient.java:onNext(255)) - client-FB00420D972B->0a7e6056-64a2-4302-b029-255d48a66d7f: receive RaftClientReply:client-FB00420D972B->0a7e6056-64a2-4302-b029-255d48a66d7f@group-1EE0336AADCF, cid=2136, SUCCESS, logIndex=3134, commits[0a7e6056-64a2-4302-b029-255d48a66d7f:c3135, 82c1508e-6289-48e2-a567-a0e29c8b4903:c3131, f63d6ef8-0266-4bf3-bcb1-484cdaae1fbb:c3131]
2019-07-09 20:06:47,752 INFO  client.GrpcClientProtocolClient (GrpcClientProtocolClient.java:onNext(255)) - client-FB00420D972B->0a7e6056-64a2-4302-b029-255d48a66d7f: receive RaftClientReply:client-FB00420D972B->0a7e6056-64a2-4302-b029-255d48a66d7f@group-1EE0336AADCF, cid=2137, SUCCESS, logIndex=3135, commits[0a7e6056-64a2-4302-b029-255d48a66d7f:c3135, 82c1508e-6289-48e2-a567-a0e29c8b4903:c3131, f63d6ef8-0266-4bf3-bcb1-484cdaae1fbb:c3131]
2019-07-09 20:06:47,763 INFO  client.GrpcClientProtocolClient (GrpcClientProtocolClient.java:onNext(255)) - client-FB00420D972B->0a7e6056-64a2-4302-b029-255d48a66d7f: receive RaftClientReply:client-FB00420D972B->0a7e6056-64a2-4302-b029-255d48a66d7f@group-1EE0336AADCF, cid=2138, SUCCESS, logIndex=0, commits[0a7e6056-64a2-4302-b029-255d48a66d7f:c3136, 82c1508e-6289-48e2-a567-a0e29c8b4903:c3135, f63d6ef8-0266-4bf3-bcb1-484cdaae1fbb:c3135]
2019-07-09 20:06:47,791 INFO  client.GrpcClientProtocolClient (GrpcClientProtocolClient.java:onNext(255)) - client-FB00420D972B->0a7e6056-64a2-4302-b029-255d48a66d7f: receive RaftClientReply:client-FB00420D972B->0a7e6056-64a2-4302-b029-255d48a66d7f@group-1EE0336AADCF, cid=2139, SUCCESS, logIndex=3138, commits[0a7e6056-64a2-4302-b029-255d48a66d7f:c3140, 82c1508e-6289-48e2-a567-a0e29c8b4903:c3137, f63d6ef8-0266-4bf3-bcb1-484cdaae1fbb:c3137]
2019-07-09 20:06:47,792 INFO  client.GrpcClientProtocolClient (GrpcClientProtocolClient.java:onNext(255)) - client-FB00420D972B->0a7e6056-64a2-4302-b029-255d48a66d7f: receive RaftClientReply:client-FB00420D972B->0a7e6056-64a2-4302-b029-255d48a66d7f@group-1EE0336AADCF, cid=2140, SUCCESS, logIndex=3139, commits[0a7e6056-64a2-4302-b029-255d48a66d7f:c3141, 82c1508e-6289-48e2-a567-a0e29c8b4903:c3137, f63d6ef8-0266-4bf3-bcb1-484cdaae1fbb:c3137]
2019-07-09 20:06:47,792 INFO  client.GrpcClientProtocolClient (GrpcClientProtocolClient.java:onNext(255)) - client-FB00420D972B->0a7e6056-64a2-4302-b029-255d48a66d7f: receive RaftClientReply:client-FB00420D972B->0a7e6056-64a2-4302-b029-255d48a66d7f@group-1EE0336AADCF, cid=2141, SUCCESS, logIndex=3140, commits[0a7e6056-64a2-4302-b029-255d48a66d7f:c3141, 82c1508e-6289-48e2-a567-a0e29c8b4903:c3137, f63d6ef8-0266-4bf3-bcb1-484cdaae1fbb:c3137]
2019-07-09 20:06:47,792 INFO  client.GrpcClientProtocolClient (GrpcClientProtocolClient.java:onNext(255)) - client-FB00420D972B->0a7e6056-64a2-4302-b029-255d48a66d7f: receive RaftClientReply:client-FB00420D972B->0a7e6056-64a2-4302-b029-255d48a66d7f@group-1EE0336AADCF, cid=2142, SUCCESS, logIndex=3141, commits[0a7e6056-64a2-4302-b029-255d48a66d7f:c3141, 82c1508e-6289-48e2-a567-a0e29c8b4903:c3137, f63d6ef8-0266-4bf3-bcb1-484cdaae1fbb:c3137]
2019-07-09 20:06:47,793 INFO  client.GrpcClientProtocolClient (GrpcClientProtocolClient.java:onNext(255)) - client-FB00420D972B->0a7e6056-64a2-4302-b029-255d48a66d7f: receive RaftClientReply:client-FB00420D972B->0a7e6056-64a2-4302-b029-255d48a66d7f@group-1EE0336AADCF, cid=2143, SUCCESS, logIndex=0, commits[0a7e6056-64a2-4302-b029-255d48a66d7f:c3143, 82c1508e-6289-48e2-a567-a0e29c8b4903:c3139, f63d6ef8-0266-4bf3-bcb1-484cdaae1fbb:c3139]
2019-07-09 20:06:47,813 INFO  client.GrpcClientProtocolClient (GrpcClientProtocolClient.java:onNext(255)) - client-FB00420D972B->0a7e6056-64a2-4302-b029-255d48a66d7f: receive RaftClientReply:client-FB00420D972B->0a7e6056-64a2-4302-b029-255d48a66d7f@group-1EE0336AADCF, cid=2144, SUCCESS, logIndex=3146, commits[0a7e6056-64a2-4302-b029-255d48a66d7f:c3147, 82c1508e-6289-48e2-a567-a0e29c8b4903:c3145, f63d6ef8-0266-4bf3-bcb1-484cdaae1fbb:c3145]
2019-07-09 20:06:47,814 INFO  client.GrpcClientProtocolClient (GrpcClientProtocolClient.java:onNext(255)) - client-FB00420D972B->0a7e6056-64a2-4302-b029-255d48a66d7f: receive RaftClientReply:client-FB00420D972B->0a7e6056-64a2-4302-b029-255d48a66d7f@group-1EE0336AADCF, cid=2145, SUCCESS, logIndex=3147, commits[0a7e6056-64a2-4302-b029-255d48a66d7f:c3147, 82c1508e-6289-48e2-a567-a0e29c8b4903:c3145, f63d6ef8-0266-4bf3-bcb1-484cdaae1fbb:c3145]
 0.00% |█                                                                                                    |  0/1 Time: 0:00:192019-07-09 20:06:47,826 INFO  client.GrpcClientProtocolClient (GrpcClientProtocolClient.java:onNext(255)) - client-FB00420D972B->0a7e6056-64a2-4302-b029-255d48a66d7f: receive RaftClientReply:client-FB00420D972B->0a7e6056-64a2-4302-b029-255d48a66d7f@group-1EE0336AADCF, cid=2146, SUCCESS, logIndex=3150, commits[0a7e6056-64a2-4302-b029-255d48a66d7f:c3150, 82c1508e-6289-48e2-a567-a0e29c8b4903:c3147, f63d6ef8-0266-4bf3-bcb1-484cdaae1fbb:c3147]
2019-07-09 20:06:47,827 INFO  client.GrpcClientProtocolClient (GrpcClientProtocolClient.java:onNext(255)) - client-FB00420D972B->0a7e6056-64a2-4302-b029-255d48a66d7f: receive RaftClientReply:client-FB00420D972B->0a7e6056-64a2-4302-b029-255d48a66d7f@group-1EE0336AADCF, cid=2147, SUCCESS, logIndex=3151, commits[0a7e6056-64a2-4302-b029-255d48a66d7f:c3151, 82c1508e-6289-48e2-a567-a0e29c8b4903:c3147, f63d6ef8-0266-4bf3-bcb1-484cdaae1fbb:c3147]
2019-07-09 20:06:47,839 INFO  client.GrpcClientProtocolClient (GrpcClientProtocolClient.java:onNext(255)) - client-FB00420D972B->0a7e6056-64a2-4302-b029-255d48a66d7f: receive RaftClientReply:client-FB00420D972B->0a7e6056-64a2-4302-b029-255d48a66d7f@group-1EE0336AADCF, cid=2148, SUCCESS, logIndex=0, commits[0a7e6056-64a2-4302-b029-255d48a66d7f:c3153, 82c1508e-6289-48e2-a567-a0e29c8b4903:c3151, f63d6ef8-0266-4bf3-bcb1-484cdaae1fbb:c3151]
2019-07-09 20:06:47,867 INFO  client.GrpcClientProtocolClient (GrpcClientProtocolClient.java:onNext(255)) - client-FB00420D972B->0a7e6056-64a2-4302-b029-255d48a66d7f: receive RaftClientReply:client-FB00420D972B->0a7e6056-64a2-4302-b029-255d48a66d7f@group-1EE0336AADCF, cid=2149, SUCCESS, logIndex=3154, commits[0a7e6056-64a2-4302-b029-255d48a66d7f:c3157, 82c1508e-6289-48e2-a567-a0e29c8b4903:c3153, f63d6ef8-0266-4bf3-bcb1-484cdaae1fbb:c3153]
2019-07-09 20:06:47,868 INFO  client.GrpcClientProtocolClient (GrpcClientProtocolClient.java:onNext(255)) - client-FB00420D972B->0a7e6056-64a2-4302-b029-255d48a66d7f: receive RaftClientReply:client-FB00420D972B->0a7e6056-64a2-4302-b029-255d48a66d7f@group-1EE0336AADCF, cid=2150, SUCCESS, logIndex=3155, commits[0a7e6056-64a2-4302-b029-255d48a66d7f:c3157, 82c1508e-6289-48e2-a567-a0e29c8b4903:c3153, f63d6ef8-0266-4bf3-bcb1-484cdaae1fbb:c3153]
2019-07-09 20:06:47,868 INFO  client.GrpcClientProtocolClient (GrpcClientProtocolClient.java:onNext(255)) - client-FB00420D972B->0a7e6056-64a2-4302-b029-255d48a66d7f: receive RaftClientReply:client-FB00420D972B->0a7e6056-64a2-4302-b029-255d48a66d7f@group-1EE0336AADCF, cid=2151, SUCCESS, logIndex=3156, commits[0a7e6056-64a2-4302-b029-255d48a66d7f:c3157, 82c1508e-6289-48e2-a567-a0e29c8b4903:c3153, f63d6ef8-0266-4bf3-bcb1-484cdaae1fbb:c3153]
2019-07-09 20:06:47,868 INFO  client.GrpcClientProtocolClient (GrpcClientProtocolClient.java:onNext(255)) - client-FB00420D972B->0a7e6056-64a2-4302-b029-255d48a66d7f: receive RaftClientReply:client-FB00420D972B->0a7e6056-64a2-4302-b029-255d48a66d7f@group-1EE0336AADCF, cid=2152, SUCCESS, logIndex=3157, commits[0a7e6056-64a2-4302-b029-255d48a66d7f:c3157, 82c1508e-6289-48e2-a567-a0e29c8b4903:c3153, f63d6ef8-0266-4bf3-bcb1-484cdaae1fbb:c3153]
2019-07-09 20:06:47,878 INFO  client.GrpcClientProtocolClient (GrpcClientProtocolClient.java:onNext(255)) - client-FB00420D972B->0a7e6056-64a2-4302-b029-255d48a66d7f: receive RaftClientReply:client-FB00420D972B->0a7e6056-64a2-4302-b029-255d48a66d7f@group-1EE0336AADCF, cid=2153, SUCCESS, logIndex=0, commits[0a7e6056-64a2-4302-b029-255d48a66d7f:c3158, 82c1508e-6289-48e2-a567-a0e29c8b4903:c3155, f63d6ef8-0266-4bf3-bcb1-484cdaae1fbb:c3155]
2019-07-09 20:06:47,897 INFO  client.GrpcClientProtocolClient (GrpcClientProtocolClient.java:onNext(255)) - client-FB00420D972B->0a7e6056-64a2-4302-b029-255d48a66d7f: receive RaftClientReply:client-FB00420D972B->0a7e6056-64a2-4302-b029-255d48a66d7f@group-1EE0336AADCF, cid=2154, SUCCESS, logIndex=3161, commits[0a7e6056-64a2-4302-b029-255d48a66d7f:c3162, 82c1508e-6289-48e2-a567-a0e29c8b4903:c3160, f63d6ef8-0266-4bf3-bcb1-484cdaae1fbb:c3160]
2019-07-09 20:06:47,898 INFO  client.GrpcClientProtocolClient (GrpcClientProtocolClient.java:onNext(255)) - client-FB00420D972B->0a7e6056-64a2-4302-b029-255d48a66d7f: receive RaftClientReply:client-FB00420D972B->0a7e6056-64a2-4302-b029-255d48a66d7f@group-1EE0336AADCF, cid=2155, SUCCESS, logIndex=3162, commits[0a7e6056-64a2-4302-b029-255d48a66d7f:c3162, 82c1508e-6289-48e2-a567-a0e29c8b4903:c3160, f63d6ef8-0266-4bf3-bcb1-484cdaae1fbb:c3160]
2019-07-09 20:06:47,911 INFO  client.GrpcClientProtocolClient (GrpcClientProtocolClient.java:onNext(255)) - client-FB00420D972B->0a7e6056-64a2-4302-b029-255d48a66d7f: receive RaftClientReply:client-FB00420D972B->0a7e6056-64a2-4302-b029-255d48a66d7f@group-1EE0336AADCF, cid=2156, SUCCESS, logIndex=3165, commits[0a7e6056-64a2-4302-b029-255d48a66d7f:c3165, 82c1508e-6289-48e2-a567-a0e29c8b4903:c3162, f63d6ef8-0266-4bf3-bcb1-484cdaae1fbb:c3162]
2019-07-09 20:06:47,911 INFO  client.GrpcClientProtocolClient (GrpcClientProtocolClient.java:onNext(255)) - client-FB00420D972B->0a7e6056-64a2-4302-b029-255d48a66d7f: receive RaftClientReply:client-FB00420D972B->0a7e6056-64a2-4302-b029-255d48a66d7f@group-1EE0336AADCF, cid=2157, SUCCESS, logIndex=3166, commits[0a7e6056-64a2-4302-b029-255d48a66d7f:c3166, 82c1508e-6289-48e2-a567-a0e29c8b4903:c3162, f63d6ef8-0266-4bf3-bcb1-484cdaae1fbb:c3162]
2019-07-09 20:06:47,936 INFO  client.GrpcClientProtocolClient (GrpcClientProtocolClient.java:onNext(255)) - client-FB00420D972B->0a7e6056-64a2-4302-b029-255d48a66d7f: receive RaftClientReply:client-FB00420D972B->0a7e6056-64a2-4302-b029-255d48a66d7f@group-1EE0336AADCF, cid=2158, SUCCESS, logIndex=0, commits[0a7e6056-64a2-4302-b029-255d48a66d7f:c3168, 82c1508e-6289-48e2-a567-a0e29c8b4903:c3166, f63d6ef8-0266-4bf3-bcb1-484cdaae1fbb:c3166]
2019-07-09 20:06:48,031 INFO  client.GrpcClientProtocolClient (GrpcClientProtocolClient.java:onNext(255)) - client-FB00420D972B->0a7e6056-64a2-4302-b029-255d48a66d7f: receive RaftClientReply:client-FB00420D972B->0a7e6056-64a2-4302-b029-255d48a66d7f@group-1EE0336AADCF, cid=2159, SUCCESS, logIndex=3169, commits[0a7e6056-64a2-4302-b029-255d48a66d7f:c3170, 82c1508e-6289-48e2-a567-a0e29c8b4903:c3168, f63d6ef8-0266-4bf3-bcb1-484cdaae1fbb:c3168]
2019-07-09 20:06:48,031 INFO  client.GrpcClientProtocolClient (GrpcClientProtocolClient.java:onNext(255)) - client-FB00420D972B->0a7e6056-64a2-4302-b029-255d48a66d7f: receive RaftClientReply:client-FB00420D972B->0a7e6056-64a2-4302-b029-255d48a66d7f@group-1EE0336AADCF, cid=2160, SUCCESS, logIndex=3170, commits[0a7e6056-64a2-4302-b029-255d48a66d7f:c3172, 82c1508e-6289-48e2-a567-a0e29c8b4903:c3168, f63d6ef8-0266-4bf3-bcb1-484cdaae1fbb:c3168]
2019-07-09 20:06:48,032 INFO  client.GrpcClientProtocolClient (GrpcClientProtocolClient.java:onNext(255)) - client-FB00420D972B->0a7e6056-64a2-4302-b029-255d48a66d7f: receive RaftClientReply:client-FB00420D972B->0a7e6056-64a2-4302-b029-255d48a66d7f@group-1EE0336AADCF, cid=2161, SUCCESS, logIndex=3171, commits[0a7e6056-64a2-4302-b029-255d48a66d7f:c3172, 82c1508e-6289-48e2-a567-a0e29c8b4903:c3168, f63d6ef8-0266-4bf3-bcb1-484cdaae1fbb:c3168]
2019-07-09 20:06:48,032 INFO  client.GrpcClientProtocolClient (GrpcClientProtocolClient.java:onNext(255)) - client-FB00420D972B->0a7e6056-64a2-4302-b029-255d48a66d7f: receive RaftClientReply:client-FB00420D972B->0a7e6056-64a2-4302-b029-255d48a66d7f@group-1EE0336AADCF, cid=2162, SUCCESS, logIndex=3172, commits[0a7e6056-64a2-4302-b029-255d48a66d7f:c3172, 82c1508e-6289-48e2-a567-a0e29c8b4903:c3168, f63d6ef8-0266-4bf3-bcb1-484cdaae1fbb:c3168]
2019-07-09 20:06:48,034 INFO  client.GrpcClientProtocolClient (GrpcClientProtocolClient.java:onNext(255)) - client-FB00420D972B->0a7e6056-64a2-4302-b029-255d48a66d7f: receive RaftClientReply:client-FB00420D972B->0a7e6056-64a2-4302-b029-255d48a66d7f@group-1EE0336AADCF, cid=2163, SUCCESS, logIndex=0, commits[0a7e6056-64a2-4302-b029-255d48a66d7f:c3175, 82c1508e-6289-48e2-a567-a0e29c8b4903:c3170, f63d6ef8-0266-4bf3-bcb1-484cdaae1fbb:c3172]
2019-07-09 20:06:48,053 INFO  client.GrpcClientProtocolClient (GrpcClientProtocolClient.java:onNext(255)) - client-FB00420D972B->0a7e6056-64a2-4302-b029-255d48a66d7f: receive RaftClientReply:client-FB00420D972B->0a7e6056-64a2-4302-b029-255d48a66d7f@group-1EE0336AADCF, cid=2164, SUCCESS, logIndex=3176, commits[0a7e6056-64a2-4302-b029-255d48a66d7f:c3177, 82c1508e-6289-48e2-a567-a0e29c8b4903:c3175, f63d6ef8-0266-4bf3-bcb1-484cdaae1fbb:c3175]
2019-07-09 20:06:48,054 INFO  client.GrpcClientProtocolClient (GrpcClientProtocolClient.java:onNext(255)) - client-FB00420D972B->0a7e6056-64a2-4302-b029-255d48a66d7f: receive RaftClientReply:client-FB00420D972B->0a7e6056-64a2-4302-b029-255d48a66d7f@group-1EE0336AADCF, cid=2165, SUCCESS, logIndex=3177, commits[0a7e6056-64a2-4302-b029-255d48a66d7f:c3177, 82c1508e-6289-48e2-a567-a0e29c8b4903:c3175, f63d6ef8-0266-4bf3-bcb1-484cdaae1fbb:c3175]
2019-07-09 20:06:48,066 INFO  client.GrpcClientProtocolClient (GrpcClientProtocolClient.java:onNext(255)) - client-FB00420D972B->0a7e6056-64a2-4302-b029-255d48a66d7f: receive RaftClientReply:client-FB00420D972B->0a7e6056-64a2-4302-b029-255d48a66d7f@group-1EE0336AADCF, cid=2166, SUCCESS, logIndex=3180, commits[0a7e6056-64a2-4302-b029-255d48a66d7f:c3180, 82c1508e-6289-48e2-a567-a0e29c8b4903:c3177, f63d6ef8-0266-4bf3-bcb1-484cdaae1fbb:c3177]
2019-07-09 20:06:48,067 INFO  client.GrpcClientProtocolClient (GrpcClientProtocolClient.java:onNext(255)) - client-FB00420D972B->0a7e6056-64a2-4302-b029-255d48a66d7f: receive RaftClientReply:client-FB00420D972B->0a7e6056-64a2-4302-b029-255d48a66d7f@group-1EE0336AADCF, cid=2167, SUCCESS, logIndex=3181, commits[0a7e6056-64a2-4302-b029-255d48a66d7f:c3181, 82c1508e-6289-48e2-a567-a0e29c8b4903:c3177, f63d6ef8-0266-4bf3-bcb1-484cdaae1fbb:c3177]
2019-07-09 20:06:48,079 INFO  client.GrpcClientProtocolClient (GrpcClientProtocolClient.java:onNext(255)) - client-FB00420D972B->0a7e6056-64a2-4302-b029-255d48a66d7f: receive RaftClientReply:client-FB00420D972B->0a7e6056-64a2-4302-b029-255d48a66d7f@group-1EE0336AADCF, cid=2168, SUCCESS, logIndex=0, commits[0a7e6056-64a2-4302-b029-255d48a66d7f:c3183, 82c1508e-6289-48e2-a567-a0e29c8b4903:c3181, f63d6ef8-0266-4bf3-bcb1-484cdaae1fbb:c3181]
2019-07-09 20:06:48,108 INFO  client.GrpcClientProtocolClient (GrpcClientProtocolClient.java:onNext(255)) - client-FB00420D972B->0a7e6056-64a2-4302-b029-255d48a66d7f: receive RaftClientReply:client-FB00420D972B->0a7e6056-64a2-4302-b029-255d48a66d7f@group-1EE0336AADCF, cid=2169, SUCCESS, logIndex=3184, commits[0a7e6056-64a2-4302-b029-255d48a66d7f:c3185, 82c1508e-6289-48e2-a567-a0e29c8b4903:c3183, f63d6ef8-0266-4bf3-bcb1-484cdaae1fbb:c3183]
2019-07-09 20:06:48,109 INFO  client.GrpcClientProtocolClient (GrpcClientProtocolClient.java:onNext(255)) - client-FB00420D972B->0a7e6056-64a2-4302-b029-255d48a66d7f: receive RaftClientReply:client-FB00420D972B->0a7e6056-64a2-4302-b029-255d48a66d7f@group-1EE0336AADCF, cid=2170, SUCCESS, logIndex=3185, commits[0a7e6056-64a2-4302-b029-255d48a66d7f:c3187, 82c1508e-6289-48e2-a567-a0e29c8b4903:c3183, f63d6ef8-0266-4bf3-bcb1-484cdaae1fbb:c3183]
2019-07-09 20:06:48,109 INFO  client.GrpcClientProtocolClient (GrpcClientProtocolClient.java:onNext(255)) - client-FB00420D972B->0a7e6056-64a2-4302-b029-255d48a66d7f: receive RaftClientReply:client-FB00420D972B->0a7e6056-64a2-4302-b029-255d48a66d7f@group-1EE0336AADCF, cid=2171, SUCCESS, logIndex=3186, commits[0a7e6056-64a2-4302-b029-255d48a66d7f:c3187, 82c1508e-6289-48e2-a567-a0e29c8b4903:c3183, f63d6ef8-0266-4bf3-bcb1-484cdaae1fbb:c3183]
2019-07-09 20:06:48,109 INFO  client.GrpcClientProtocolClient (GrpcClientProtocolClient.java:onNext(255)) - client-FB00420D972B->0a7e6056-64a2-4302-b029-255d48a66d7f: receive RaftClientReply:client-FB00420D972B->0a7e6056-64a2-4302-b029-255d48a66d7f@group-1EE0336AADCF, cid=2172, SUCCESS, logIndex=3187, commits[0a7e6056-64a2-4302-b029-255d48a66d7f:c3187, 82c1508e-6289-48e2-a567-a0e29c8b4903:c3183, f63d6ef8-0266-4bf3-bcb1-484cdaae1fbb:c3183]
2019-07-09 20:06:48,121 INFO  client.GrpcClientProtocolClient (GrpcClientProtocolClient.java:onNext(255)) - client-FB00420D972B->0a7e6056-64a2-4302-b029-255d48a66d7f: receive RaftClientReply:client-FB00420D972B->0a7e6056-64a2-4302-b029-255d48a66d7f@group-1EE0336AADCF, cid=2173, SUCCESS, logIndex=0, commits[0a7e6056-64a2-4302-b029-255d48a66d7f:c3190, 82c1508e-6289-48e2-a567-a0e29c8b4903:c3185, f63d6ef8-0266-4bf3-bcb1-484cdaae1fbb:c3186]
2019-07-09 20:06:48,139 INFO  client.GrpcClientProtocolClient (GrpcClientProtocolClient.java:onNext(255)) - client-FB00420D972B->0a7e6056-64a2-4302-b029-255d48a66d7f: receive RaftClientReply:client-FB00420D972B->0a7e6056-64a2-4302-b029-255d48a66d7f@group-1EE0336AADCF, cid=2174, SUCCESS, logIndex=3192, commits[0a7e6056-64a2-4302-b029-255d48a66d7f:c3193, 82c1508e-6289-48e2-a567-a0e29c8b4903:c3191, f63d6ef8-0266-4bf3-bcb1-484cdaae1fbb:c3191]
2019-07-09 20:06:48,139 INFO  client.GrpcClientProtocolClient (GrpcClientProtocolClient.java:onNext(255)) - client-FB00420D972B->0a7e6056-64a2-4302-b029-255d48a66d7f: receive RaftClientReply:client-FB00420D972B->0a7e6056-64a2-4302-b029-255d48a66d7f@group-1EE0336AADCF, cid=2175, SUCCESS, logIndex=3193, commits[0a7e6056-64a2-4302-b029-255d48a66d7f:c3193, 82c1508e-6289-48e2-a567-a0e29c8b4903:c3191, f63d6ef8-0266-4bf3-bcb1-484cdaae1fbb:c3191]
2019-07-09 20:06:48,152 INFO  client.GrpcClientProtocolClient (GrpcClientProtocolClient.java:onNext(255)) - client-FB00420D972B->0a7e6056-64a2-4302-b029-255d48a66d7f: receive RaftClientReply:client-FB00420D972B->0a7e6056-64a2-4302-b029-255d48a66d7f@group-1EE0336AADCF, cid=2176, SUCCESS, logIndex=3196, commits[0a7e6056-64a2-4302-b029-255d48a66d7f:c3196, 82c1508e-6289-48e2-a567-a0e29c8b4903:c3193, f63d6ef8-0266-4bf3-bcb1-484cdaae1fbb:c3193]
2019-07-09 20:06:48,153 INFO  client.GrpcClientProtocolClient (GrpcClientProtocolClient.java:onNext(255)) - client-FB00420D972B->0a7e6056-64a2-4302-b029-255d48a66d7f: receive RaftClientReply:client-FB00420D972B->0a7e6056-64a2-4302-b029-255d48a66d7f@group-1EE0336AADCF, cid=2177, SUCCESS, logIndex=3197, commits[0a7e6056-64a2-4302-b029-255d48a66d7f:c3197, 82c1508e-6289-48e2-a567-a0e29c8b4903:c3193, f63d6ef8-0266-4bf3-bcb1-484cdaae1fbb:c3193]
2019-07-09 20:06:48,165 INFO  client.GrpcClientProtocolClient (GrpcClientProtocolClient.java:onNext(255)) - client-FB00420D972B->0a7e6056-64a2-4302-b029-255d48a66d7f: receive RaftClientReply:client-FB00420D972B->0a7e6056-64a2-4302-b029-255d48a66d7f@group-1EE0336AADCF, cid=2178, SUCCESS, logIndex=0, commits[0a7e6056-64a2-4302-b029-255d48a66d7f:c3199, 82c1508e-6289-48e2-a567-a0e29c8b4903:c3197, f63d6ef8-0266-4bf3-bcb1-484cdaae1fbb:c3197]
2019-07-09 20:06:48,191 INFO  client.GrpcClientProtocolClient (GrpcClientProtocolClient.java:onNext(255)) - client-FB00420D972B->0a7e6056-64a2-4302-b029-255d48a66d7f: receive RaftClientReply:client-FB00420D972B->0a7e6056-64a2-4302-b029-255d48a66d7f@group-1EE0336AADCF, cid=2179, SUCCESS, logIndex=3200, commits[0a7e6056-64a2-4302-b029-255d48a66d7f:c3202, 82c1508e-6289-48e2-a567-a0e29c8b4903:c3199, f63d6ef8-0266-4bf3-bcb1-484cdaae1fbb:c3199]
2019-07-09 20:06:48,191 INFO  client.GrpcClientProtocolClient (GrpcClientProtocolClient.java:onNext(255)) - client-FB00420D972B->0a7e6056-64a2-4302-b029-255d48a66d7f: receive RaftClientReply:client-FB00420D972B->0a7e6056-64a2-4302-b029-255d48a66d7f@group-1EE0336AADCF, cid=2180, SUCCESS, logIndex=3201, commits[0a7e6056-64a2-4302-b029-255d48a66d7f:c3203, 82c1508e-6289-48e2-a567-a0e29c8b4903:c3199, f63d6ef8-0266-4bf3-bcb1-484cdaae1fbb:c3199]
2019-07-09 20:06:48,192 INFO  client.GrpcClientProtocolClient (GrpcClientProtocolClient.java:onNext(255)) - client-FB00420D972B->0a7e6056-64a2-4302-b029-255d48a66d7f: receive RaftClientReply:client-FB00420D972B->0a7e6056-64a2-4302-b029-255d48a66d7f@group-1EE0336AADCF, cid=2181, SUCCESS, logIndex=3202, commits[0a7e6056-64a2-4302-b029-255d48a66d7f:c3203, 82c1508e-6289-48e2-a567-a0e29c8b4903:c3199, f63d6ef8-0266-4bf3-bcb1-484cdaae1fbb:c3199]
2019-07-09 20:06:48,192 INFO  client.GrpcClientProtocolClient (GrpcClientProtocolClient.java:onNext(255)) - client-FB00420D972B->0a7e6056-64a2-4302-b029-255d48a66d7f: receive RaftClientReply:client-FB00420D972B->0a7e6056-64a2-4302-b029-255d48a66d7f@group-1EE0336AADCF, cid=2182, SUCCESS, logIndex=3203, commits[0a7e6056-64a2-4302-b029-255d48a66d7f:c3203, 82c1508e-6289-48e2-a567-a0e29c8b4903:c3199, f63d6ef8-0266-4bf3-bcb1-484cdaae1fbb:c3199]
2019-07-09 20:06:48,202 INFO  client.GrpcClientProtocolClient (GrpcClientProtocolClient.java:onNext(255)) - client-FB00420D972B->0a7e6056-64a2-4302-b029-255d48a66d7f: receive RaftClientReply:client-FB00420D972B->0a7e6056-64a2-4302-b029-255d48a66d7f@group-1EE0336AADCF, cid=2183, SUCCESS, logIndex=0, commits[0a7e6056-64a2-4302-b029-255d48a66d7f:c3205, 82c1508e-6289-48e2-a567-a0e29c8b4903:c3202, f63d6ef8-0266-4bf3-bcb1-484cdaae1fbb:c3202]
2019-07-09 20:06:48,220 INFO  client.GrpcClientProtocolClient (GrpcClientProtocolClient.java:onNext(255)) - client-FB00420D972B->0a7e6056-64a2-4302-b029-255d48a66d7f: receive RaftClientReply:client-FB00420D972B->0a7e6056-64a2-4302-b029-255d48a66d7f@group-1EE0336AADCF, cid=2184, SUCCESS, logIndex=3208, commits[0a7e6056-64a2-4302-b029-255d48a66d7f:c3209, 82c1508e-6289-48e2-a567-a0e29c8b4903:c3203, f63d6ef8-0266-4bf3-bcb1-484cdaae1fbb:c3207]
2019-07-09 20:06:48,220 INFO  client.GrpcClientProtocolClient (GrpcClientProtocolClient.java:onNext(255)) - client-FB00420D972B->0a7e6056-64a2-4302-b029-255d48a66d7f: receive RaftClientReply:client-FB00420D972B->0a7e6056-64a2-4302-b029-255d48a66d7f@group-1EE0336AADCF, cid=2185, SUCCESS, logIndex=3209, commits[0a7e6056-64a2-4302-b029-255d48a66d7f:c3209, 82c1508e-6289-48e2-a567-a0e29c8b4903:c3207, f63d6ef8-0266-4bf3-bcb1-484cdaae1fbb:c3207]
2019-07-09 20:06:48,243 INFO  client.GrpcClientProtocolClient (GrpcClientProtocolClient.java:onNext(255)) - client-FB00420D972B->0a7e6056-64a2-4302-b029-255d48a66d7f: receive RaftClientReply:client-FB00420D972B->0a7e6056-64a2-4302-b029-255d48a66d7f@group-1EE0336AADCF, cid=2186, SUCCESS, logIndex=3212, commits[0a7e6056-64a2-4302-b029-255d48a66d7f:c3213, 82c1508e-6289-48e2-a567-a0e29c8b4903:c3211, f63d6ef8-0266-4bf3-bcb1-484cdaae1fbb:c3209]
2019-07-09 20:06:48,243 INFO  client.GrpcClientProtocolClient (GrpcClientProtocolClient.java:onNext(255)) - client-FB00420D972B->0a7e6056-64a2-4302-b029-255d48a66d7f: receive RaftClientReply:client-FB00420D972B->0a7e6056-64a2-4302-b029-255d48a66d7f@group-1EE0336AADCF, cid=2187, SUCCESS, logIndex=3213, commits[0a7e6056-64a2-4302-b029-255d48a66d7f:c3213, 82c1508e-6289-48e2-a567-a0e29c8b4903:c3211, f63d6ef8-0266-4bf3-bcb1-484cdaae1fbb:c3211]
2019-07-09 20:06:48,256 INFO  client.GrpcClientProtocolClient (GrpcClientProtocolClient.java:onNext(255)) - client-FB00420D972B->0a7e6056-64a2-4302-b029-255d48a66d7f: receive RaftClientReply:client-FB00420D972B->0a7e6056-64a2-4302-b029-255d48a66d7f@group-1EE0336AADCF, cid=2188, SUCCESS, logIndex=0, commits[0a7e6056-64a2-4302-b029-255d48a66d7f:c3215, 82c1508e-6289-48e2-a567-a0e29c8b4903:c3213, f63d6ef8-0266-4bf3-bcb1-484cdaae1fbb:c3213]
2019-07-09 20:06:48,286 INFO  client.GrpcClientProtocolClient (GrpcClientProtocolClient.java:onNext(255)) - client-FB00420D972B->0a7e6056-64a2-4302-b029-255d48a66d7f: receive RaftClientReply:client-FB00420D972B->0a7e6056-64a2-4302-b029-255d48a66d7f@group-1EE0336AADCF, cid=2189, SUCCESS, logIndex=3216, commits[0a7e6056-64a2-4302-b029-255d48a66d7f:c3218, 82c1508e-6289-48e2-a567-a0e29c8b4903:c3215, f63d6ef8-0266-4bf3-bcb1-484cdaae1fbb:c3215]
2019-07-09 20:06:48,286 INFO  client.GrpcClientProtocolClient (GrpcClientProtocolClient.java:onNext(255)) - client-FB00420D972B->0a7e6056-64a2-4302-b029-255d48a66d7f: receive RaftClientReply:client-FB00420D972B->0a7e6056-64a2-4302-b029-255d48a66d7f@group-1EE0336AADCF, cid=2190, SUCCESS, logIndex=3217, commits[0a7e6056-64a2-4302-b029-255d48a66d7f:c3219, 82c1508e-6289-48e2-a567-a0e29c8b4903:c3215, f63d6ef8-0266-4bf3-bcb1-484cdaae1fbb:c3215]
2019-07-09 20:06:48,286 INFO  client.GrpcClientProtocolClient (GrpcClientProtocolClient.java:onNext(255)) - client-FB00420D972B->0a7e6056-64a2-4302-b029-255d48a66d7f: receive RaftClientReply:client-FB00420D972B->0a7e6056-64a2-4302-b029-255d48a66d7f@group-1EE0336AADCF, cid=2191, SUCCESS, logIndex=3218, commits[0a7e6056-64a2-4302-b029-255d48a66d7f:c3219, 82c1508e-6289-48e2-a567-a0e29c8b4903:c3215, f63d6ef8-0266-4bf3-bcb1-484cdaae1fbb:c3215]
2019-07-09 20:06:48,287 INFO  client.GrpcClientProtocolClient (GrpcClientProtocolClient.java:onNext(255)) - client-FB00420D972B->0a7e6056-64a2-4302-b029-255d48a66d7f: receive RaftClientReply:client-FB00420D972B->0a7e6056-64a2-4302-b029-255d48a66d7f@group-1EE0336AADCF, cid=2192, SUCCESS, logIndex=3219, commits[0a7e6056-64a2-4302-b029-255d48a66d7f:c3219, 82c1508e-6289-48e2-a567-a0e29c8b4903:c3215, f63d6ef8-0266-4bf3-bcb1-484cdaae1fbb:c3215]
2019-07-09 20:06:48,298 INFO  client.GrpcClientProtocolClient (GrpcClientProtocolClient.java:onNext(255)) - client-FB00420D972B->0a7e6056-64a2-4302-b029-255d48a66d7f: receive RaftClientReply:client-FB00420D972B->0a7e6056-64a2-4302-b029-255d48a66d7f@group-1EE0336AADCF, cid=2193, SUCCESS, logIndex=0, commits[0a7e6056-64a2-4302-b029-255d48a66d7f:c3221, 82c1508e-6289-48e2-a567-a0e29c8b4903:c3218, f63d6ef8-0266-4bf3-bcb1-484cdaae1fbb:c3217]
2019-07-09 20:06:48,317 INFO  client.GrpcClientProtocolClient (GrpcClientProtocolClient.java:onNext(255)) - client-FB00420D972B->0a7e6056-64a2-4302-b029-255d48a66d7f: receive RaftClientReply:client-FB00420D972B->0a7e6056-64a2-4302-b029-255d48a66d7f@group-1EE0336AADCF, cid=2194, SUCCESS, logIndex=3224, commits[0a7e6056-64a2-4302-b029-255d48a66d7f:c3225, 82c1508e-6289-48e2-a567-a0e29c8b4903:c3223, f63d6ef8-0266-4bf3-bcb1-484cdaae1fbb:c3223]
2019-07-09 20:06:48,317 INFO  client.GrpcClientProtocolClient (GrpcClientProtocolClient.java:onNext(255)) - client-FB00420D972B->0a7e6056-64a2-4302-b029-255d48a66d7f: receive RaftClientReply:client-FB00420D972B->0a7e6056-64a2-4302-b029-255d48a66d7f@group-1EE0336AADCF, cid=2195, SUCCESS, logIndex=3225, commits[0a7e6056-64a2-4302-b029-255d48a66d7f:c3225, 82c1508e-6289-48e2-a567-a0e29c8b4903:c3223, f63d6ef8-0266-4bf3-bcb1-484cdaae1fbb:c3223]
2019-07-09 20:06:48,330 INFO  client.GrpcClientProtocolClient (GrpcClientProtocolClient.java:onNext(255)) - client-FB00420D972B->0a7e6056-64a2-4302-b029-255d48a66d7f: receive RaftClientReply:client-FB00420D972B->0a7e6056-64a2-4302-b029-255d48a66d7f@group-1EE0336AADCF, cid=2196, SUCCESS, logIndex=3228, commits[0a7e6056-64a2-4302-b029-255d48a66d7f:c3229, 82c1508e-6289-48e2-a567-a0e29c8b4903:c3225, f63d6ef8-0266-4bf3-bcb1-484cdaae1fbb:c3225]
2019-07-09 20:06:48,331 INFO  client.GrpcClientProtocolClient (GrpcClientProtocolClient.java:onNext(255)) - client-FB00420D972B->0a7e6056-64a2-4302-b029-255d48a66d7f: receive RaftClientReply:client-FB00420D972B->0a7e6056-64a2-4302-b029-255d48a66d7f@group-1EE0336AADCF, cid=2197, SUCCESS, logIndex=3229, commits[0a7e6056-64a2-4302-b029-255d48a66d7f:c3229, 82c1508e-6289-48e2-a567-a0e29c8b4903:c3225, f63d6ef8-0266-4bf3-bcb1-484cdaae1fbb:c3225]
2019-07-09 20:06:48,343 INFO  client.GrpcClientProtocolClient (GrpcClientProtocolClient.java:onNext(255)) - client-FB00420D972B->0a7e6056-64a2-4302-b029-255d48a66d7f: receive RaftClientReply:client-FB00420D972B->0a7e6056-64a2-4302-b029-255d48a66d7f@group-1EE0336AADCF, cid=2198, SUCCESS, logIndex=0, commits[0a7e6056-64a2-4302-b029-255d48a66d7f:c3231, 82c1508e-6289-48e2-a567-a0e29c8b4903:c3229, f63d6ef8-0266-4bf3-bcb1-484cdaae1fbb:c3229]
2019-07-09 20:06:48,372 INFO  client.GrpcClientProtocolClient (GrpcClientProtocolClient.java:onNext(255)) - client-FB00420D972B->0a7e6056-64a2-4302-b029-255d48a66d7f: receive RaftClientReply:client-FB00420D972B->0a7e6056-64a2-4302-b029-255d48a66d7f@group-1EE0336AADCF, cid=2199, SUCCESS, logIndex=3232, commits[0a7e6056-64a2-4302-b029-255d48a66d7f:c3233, 82c1508e-6289-48e2-a567-a0e29c8b4903:c3231, f63d6ef8-0266-4bf3-bcb1-484cdaae1fbb:c3231]
2019-07-09 20:06:48,373 INFO  client.GrpcClientProtocolClient (GrpcClientProtocolClient.java:onNext(255)) - client-FB00420D972B->0a7e6056-64a2-4302-b029-255d48a66d7f: receive RaftClientReply:client-FB00420D972B->0a7e6056-64a2-4302-b029-255d48a66d7f@group-1EE0336AADCF, cid=2200, SUCCESS, logIndex=3233, commits[0a7e6056-64a2-4302-b029-255d48a66d7f:c3233, 82c1508e-6289-48e2-a567-a0e29c8b4903:c3231, f63d6ef8-0266-4bf3-bcb1-484cdaae1fbb:c3231]
2019-07-09 20:06:48,373 INFO  client.GrpcClientProtocolClient (GrpcClientProtocolClient.java:onNext(255)) - client-FB00420D972B->0a7e6056-64a2-4302-b029-255d48a66d7f: receive RaftClientReply:client-FB00420D972B->0a7e6056-64a2-4302-b029-255d48a66d7f@group-1EE0336AADCF, cid=2201, SUCCESS, logIndex=3234, commits[0a7e6056-64a2-4302-b029-255d48a66d7f:c3235, 82c1508e-6289-48e2-a567-a0e29c8b4903:c3231, f63d6ef8-0266-4bf3-bcb1-484cdaae1fbb:c3231]
2019-07-09 20:06:48,373 INFO  client.GrpcClientProtocolClient (GrpcClientProtocolClient.java:onNext(255)) - client-FB00420D972B->0a7e6056-64a2-4302-b029-255d48a66d7f: receive RaftClientReply:client-FB00420D972B->0a7e6056-64a2-4302-b029-255d48a66d7f@group-1EE0336AADCF, cid=2202, SUCCESS, logIndex=3235, commits[0a7e6056-64a2-4302-b029-255d48a66d7f:c3235, 82c1508e-6289-48e2-a567-a0e29c8b4903:c3231, f63d6ef8-0266-4bf3-bcb1-484cdaae1fbb:c3231]
2019-07-09 20:06:48,375 INFO  client.GrpcClientProtocolClient (GrpcClientProtocolClient.java:onNext(255)) - client-FB00420D972B->0a7e6056-64a2-4302-b029-255d48a66d7f: receive RaftClientReply:client-FB00420D972B->0a7e6056-64a2-4302-b029-255d48a66d7f@group-1EE0336AADCF, cid=2203, SUCCESS, logIndex=0, commits[0a7e6056-64a2-4302-b029-255d48a66d7f:c3239, 82c1508e-6289-48e2-a567-a0e29c8b4903:c3235, f63d6ef8-0266-4bf3-bcb1-484cdaae1fbb:c3233]
2019-07-09 20:06:48,395 INFO  client.GrpcClientProtocolClient (GrpcClientProtocolClient.java:onNext(255)) - client-FB00420D972B->0a7e6056-64a2-4302-b029-255d48a66d7f: receive RaftClientReply:client-FB00420D972B->0a7e6056-64a2-4302-b029-255d48a66d7f@group-1EE0336AADCF, cid=2204, SUCCESS, logIndex=3240, commits[0a7e6056-64a2-4302-b029-255d48a66d7f:c3241, 82c1508e-6289-48e2-a567-a0e29c8b4903:c3239, f63d6ef8-0266-4bf3-bcb1-484cdaae1fbb:c3239]
2019-07-09 20:06:48,395 INFO  client.GrpcClientProtocolClient (GrpcClientProtocolClient.java:onNext(255)) - client-FB00420D972B->0a7e6056-64a2-4302-b029-255d48a66d7f: receive RaftClientReply:client-FB00420D972B->0a7e6056-64a2-4302-b029-255d48a66d7f@group-1EE0336AADCF, cid=2205, SUCCESS, logIndex=3241, commits[0a7e6056-64a2-4302-b029-255d48a66d7f:c3241, 82c1508e-6289-48e2-a567-a0e29c8b4903:c3239, f63d6ef8-0266-4bf3-bcb1-484cdaae1fbb:c3239]
2019-07-09 20:06:48,408 INFO  client.GrpcClientProtocolClient (GrpcClientProtocolClient.java:onNext(255)) - client-FB00420D972B->0a7e6056-64a2-4302-b029-255d48a66d7f: receive RaftClientReply:client-FB00420D972B->0a7e6056-64a2-4302-b029-255d48a66d7f@group-1EE0336AADCF, cid=2206, SUCCESS, logIndex=3244, commits[0a7e6056-64a2-4302-b029-255d48a66d7f:c3245, 82c1508e-6289-48e2-a567-a0e29c8b4903:c3241, f63d6ef8-0266-4bf3-bcb1-484cdaae1fbb:c3241]
2019-07-09 20:06:48,409 INFO  client.GrpcClientProtocolClient (GrpcClientProtocolClient.java:onNext(255)) - client-FB00420D972B->0a7e6056-64a2-4302-b029-255d48a66d7f: receive RaftClientReply:client-FB00420D972B->0a7e6056-64a2-4302-b029-255d48a66d7f@group-1EE0336AADCF, cid=2207, SUCCESS, logIndex=3245, commits[0a7e6056-64a2-4302-b029-255d48a66d7f:c3245, 82c1508e-6289-48e2-a567-a0e29c8b4903:c3241, f63d6ef8-0266-4bf3-bcb1-484cdaae1fbb:c3241]
2019-07-09 20:06:48,420 INFO  client.GrpcClientProtocolClient (GrpcClientProtocolClient.java:onNext(255)) - client-FB00420D972B->0a7e6056-64a2-4302-b029-255d48a66d7f: receive RaftClientReply:client-FB00420D972B->0a7e6056-64a2-4302-b029-255d48a66d7f@group-1EE0336AADCF, cid=2208, SUCCESS, logIndex=0, commits[0a7e6056-64a2-4302-b029-255d48a66d7f:c3246, 82c1508e-6289-48e2-a567-a0e29c8b4903:c3245, f63d6ef8-0266-4bf3-bcb1-484cdaae1fbb:c3245]
2019-07-09 20:06:48,450 INFO  client.GrpcClientProtocolClient (GrpcClientProtocolClient.java:onNext(255)) - client-FB00420D972B->0a7e6056-64a2-4302-b029-255d48a66d7f: receive RaftClientReply:client-FB00420D972B->0a7e6056-64a2-4302-b029-255d48a66d7f@group-1EE0336AADCF, cid=2209, SUCCESS, logIndex=3248, commits[0a7e6056-64a2-4302-b029-255d48a66d7f:c3249, 82c1508e-6289-48e2-a567-a0e29c8b4903:c3247, f63d6ef8-0266-4bf3-bcb1-484cdaae1fbb:c3247]
2019-07-09 20:06:48,451 INFO  client.GrpcClientProtocolClient (GrpcClientProtocolClient.java:onNext(255)) - client-FB00420D972B->0a7e6056-64a2-4302-b029-255d48a66d7f: receive RaftClientReply:client-FB00420D972B->0a7e6056-64a2-4302-b029-255d48a66d7f@group-1EE0336AADCF, cid=2210, SUCCESS, logIndex=3249, commits[0a7e6056-64a2-4302-b029-255d48a66d7f:c3251, 82c1508e-6289-48e2-a567-a0e29c8b4903:c3247, f63d6ef8-0266-4bf3-bcb1-484cdaae1fbb:c3247]
2019-07-09 20:06:48,451 INFO  client.GrpcClientProtocolClient (GrpcClientProtocolClient.java:onNext(255)) - client-FB00420D972B->0a7e6056-64a2-4302-b029-255d48a66d7f: receive RaftClientReply:client-FB00420D972B->0a7e6056-64a2-4302-b029-255d48a66d7f@group-1EE0336AADCF, cid=2211, SUCCESS, logIndex=3250, commits[0a7e6056-64a2-4302-b029-255d48a66d7f:c3251, 82c1508e-6289-48e2-a567-a0e29c8b4903:c3247, f63d6ef8-0266-4bf3-bcb1-484cdaae1fbb:c3247]
2019-07-09 20:06:48,451 INFO  client.GrpcClientProtocolClient (GrpcClientProtocolClient.java:onNext(255)) - client-FB00420D972B->0a7e6056-64a2-4302-b029-255d48a66d7f: receive RaftClientReply:client-FB00420D972B->0a7e6056-64a2-4302-b029-255d48a66d7f@group-1EE0336AADCF, cid=2212, SUCCESS, logIndex=3251, commits[0a7e6056-64a2-4302-b029-255d48a66d7f:c3251, 82c1508e-6289-48e2-a567-a0e29c8b4903:c3247, f63d6ef8-0266-4bf3-bcb1-484cdaae1fbb:c3247]
2019-07-09 20:06:48,453 INFO  client.GrpcClientProtocolClient (GrpcClientProtocolClient.java:onNext(255)) - client-FB00420D972B->0a7e6056-64a2-4302-b029-255d48a66d7f: receive RaftClientReply:client-FB00420D972B->0a7e6056-64a2-4302-b029-255d48a66d7f@group-1EE0336AADCF, cid=2213, SUCCESS, logIndex=0, commits[0a7e6056-64a2-4302-b029-255d48a66d7f:c3252, 82c1508e-6289-48e2-a567-a0e29c8b4903:c3249, f63d6ef8-0266-4bf3-bcb1-484cdaae1fbb:c3249]
2019-07-09 20:06:48,473 INFO  client.GrpcClientProtocolClient (GrpcClientProtocolClient.java:onNext(255)) - client-FB00420D972B->0a7e6056-64a2-4302-b029-255d48a66d7f: receive RaftClientReply:client-FB00420D972B->0a7e6056-64a2-4302-b029-255d48a66d7f@group-1EE0336AADCF, cid=2214, SUCCESS, logIndex=3255, commits[0a7e6056-64a2-4302-b029-255d48a66d7f:c3256, 82c1508e-6289-48e2-a567-a0e29c8b4903:c3254, f63d6ef8-0266-4bf3-bcb1-484cdaae1fbb:c3254]
2019-07-09 20:06:48,474 INFO  client.GrpcClientProtocolClient (GrpcClientProtocolClient.java:onNext(255)) - client-FB00420D972B->0a7e6056-64a2-4302-b029-255d48a66d7f: receive RaftClientReply:client-FB00420D972B->0a7e6056-64a2-4302-b029-255d48a66d7f@group-1EE0336AADCF, cid=2215, SUCCESS, logIndex=3256, commits[0a7e6056-64a2-4302-b029-255d48a66d7f:c3256, 82c1508e-6289-48e2-a567-a0e29c8b4903:c3254, f63d6ef8-0266-4bf3-bcb1-484cdaae1fbb:c3254]
2019-07-09 20:06:48,486 INFO  client.GrpcClientProtocolClient (GrpcClientProtocolClient.java:onNext(255)) - client-FB00420D972B->0a7e6056-64a2-4302-b029-255d48a66d7f: receive RaftClientReply:client-FB00420D972B->0a7e6056-64a2-4302-b029-255d48a66d7f@group-1EE0336AADCF, cid=2216, SUCCESS, logIndex=3259, commits[0a7e6056-64a2-4302-b029-255d48a66d7f:c3260, 82c1508e-6289-48e2-a567-a0e29c8b4903:c3256, f63d6ef8-0266-4bf3-bcb1-484cdaae1fbb:c3256]
2019-07-09 20:06:48,487 INFO  client.GrpcClientProtocolClient (GrpcClientProtocolClient.java:onNext(255)) - client-FB00420D972B->0a7e6056-64a2-4302-b029-255d48a66d7f: receive RaftClientReply:client-FB00420D972B->0a7e6056-64a2-4302-b029-255d48a66d7f@group-1EE0336AADCF, cid=2217, SUCCESS, logIndex=3260, commits[0a7e6056-64a2-4302-b029-255d48a66d7f:c3260, 82c1508e-6289-48e2-a567-a0e29c8b4903:c3256, f63d6ef8-0266-4bf3-bcb1-484cdaae1fbb:c3256]
2019-07-09 20:06:48,500 INFO  client.GrpcClientProtocolClient (GrpcClientProtocolClient.java:onNext(255)) - client-FB00420D972B->0a7e6056-64a2-4302-b029-255d48a66d7f: receive RaftClientReply:client-FB00420D972B->0a7e6056-64a2-4302-b029-255d48a66d7f@group-1EE0336AADCF, cid=2218, SUCCESS, logIndex=0, commits[0a7e6056-64a2-4302-b029-255d48a66d7f:c3262, 82c1508e-6289-48e2-a567-a0e29c8b4903:c3260, f63d6ef8-0266-4bf3-bcb1-484cdaae1fbb:c3260]
2019-07-09 20:06:48,527 INFO  client.GrpcClientProtocolClient (GrpcClientProtocolClient.java:onNext(255)) - client-FB00420D972B->0a7e6056-64a2-4302-b029-255d48a66d7f: receive RaftClientReply:client-FB00420D972B->0a7e6056-64a2-4302-b029-255d48a66d7f@group-1EE0336AADCF, cid=2219, SUCCESS, logIndex=3263, commits[0a7e6056-64a2-4302-b029-255d48a66d7f:c3264, 82c1508e-6289-48e2-a567-a0e29c8b4903:c3262, f63d6ef8-0266-4bf3-bcb1-484cdaae1fbb:c3262]
2019-07-09 20:06:48,528 INFO  client.GrpcClientProtocolClient (GrpcClientProtocolClient.java:onNext(255)) - client-FB00420D972B->0a7e6056-64a2-4302-b029-255d48a66d7f: receive RaftClientReply:client-FB00420D972B->0a7e6056-64a2-4302-b029-255d48a66d7f@group-1EE0336AADCF, cid=2220, SUCCESS, logIndex=3264, commits[0a7e6056-64a2-4302-b029-255d48a66d7f:c3266, 82c1508e-6289-48e2-a567-a0e29c8b4903:c3262, f63d6ef8-0266-4bf3-bcb1-484cdaae1fbb:c3262]
2019-07-09 20:06:48,528 INFO  client.GrpcClientProtocolClient (GrpcClientProtocolClient.java:onNext(255)) - client-FB00420D972B->0a7e6056-64a2-4302-b029-255d48a66d7f: receive RaftClientReply:client-FB00420D972B->0a7e6056-64a2-4302-b029-255d48a66d7f@group-1EE0336AADCF, cid=2221, SUCCESS, logIndex=3265, commits[0a7e6056-64a2-4302-b029-255d48a66d7f:c3266, 82c1508e-6289-48e2-a567-a0e29c8b4903:c3262, f63d6ef8-0266-4bf3-bcb1-484cdaae1fbb:c3262]
2019-07-09 20:06:48,529 INFO  client.GrpcClientProtocolClient (GrpcClientProtocolClient.java:onNext(255)) - client-FB00420D972B->0a7e6056-64a2-4302-b029-255d48a66d7f: receive RaftClientReply:client-FB00420D972B->0a7e6056-64a2-4302-b029-255d48a66d7f@group-1EE0336AADCF, cid=2222, SUCCESS, logIndex=3266, commits[0a7e6056-64a2-4302-b029-255d48a66d7f:c3266, 82c1508e-6289-48e2-a567-a0e29c8b4903:c3262, f63d6ef8-0266-4bf3-bcb1-484cdaae1fbb:c3262]
2019-07-09 20:06:48,530 INFO  client.GrpcClientProtocolClient (GrpcClientProtocolClient.java:onNext(255)) - client-FB00420D972B->0a7e6056-64a2-4302-b029-255d48a66d7f: receive RaftClientReply:client-FB00420D972B->0a7e6056-64a2-4302-b029-255d48a66d7f@group-1EE0336AADCF, cid=2223, SUCCESS, logIndex=0, commits[0a7e6056-64a2-4302-b029-255d48a66d7f:c3269, 82c1508e-6289-48e2-a567-a0e29c8b4903:c3264, f63d6ef8-0266-4bf3-bcb1-484cdaae1fbb:c3266]
2019-07-09 20:06:48,550 INFO  client.GrpcClientProtocolClient (GrpcClientProtocolClient.java:onNext(255)) - client-FB00420D972B->0a7e6056-64a2-4302-b029-255d48a66d7f: receive RaftClientReply:client-FB00420D972B->0a7e6056-64a2-4302-b029-255d48a66d7f@group-1EE0336AADCF, cid=2224, SUCCESS, logIndex=3270, commits[0a7e6056-64a2-4302-b029-255d48a66d7f:c3271, 82c1508e-6289-48e2-a567-a0e29c8b4903:c3269, f63d6ef8-0266-4bf3-bcb1-484cdaae1fbb:c3269]
2019-07-09 20:06:48,550 INFO  client.GrpcClientProtocolClient (GrpcClientProtocolClient.java:onNext(255)) - client-FB00420D972B->0a7e6056-64a2-4302-b029-255d48a66d7f: receive RaftClientReply:client-FB00420D972B->0a7e6056-64a2-4302-b029-255d48a66d7f@group-1EE0336AADCF, cid=2225, SUCCESS, logIndex=3271, commits[0a7e6056-64a2-4302-b029-255d48a66d7f:c3271, 82c1508e-6289-48e2-a567-a0e29c8b4903:c3269, f63d6ef8-0266-4bf3-bcb1-484cdaae1fbb:c3269]
2019-07-09 20:06:48,566 INFO  client.GrpcClientProtocolClient (GrpcClientProtocolClient.java:onNext(255)) - client-FB00420D972B->0a7e6056-64a2-4302-b029-255d48a66d7f: receive RaftClientReply:client-FB00420D972B->0a7e6056-64a2-4302-b029-255d48a66d7f@group-1EE0336AADCF, cid=2226, SUCCESS, logIndex=3274, commits[0a7e6056-64a2-4302-b029-255d48a66d7f:c3275, 82c1508e-6289-48e2-a567-a0e29c8b4903:c3271, f63d6ef8-0266-4bf3-bcb1-484cdaae1fbb:c3271]
2019-07-09 20:06:48,566 INFO  client.GrpcClientProtocolClient (GrpcClientProtocolClient.java:onNext(255)) - client-FB00420D972B->0a7e6056-64a2-4302-b029-255d48a66d7f: receive RaftClientReply:client-FB00420D972B->0a7e6056-64a2-4302-b029-255d48a66d7f@group-1EE0336AADCF, cid=2227, SUCCESS, logIndex=3275, commits[0a7e6056-64a2-4302-b029-255d48a66d7f:c3275, 82c1508e-6289-48e2-a567-a0e29c8b4903:c3271, f63d6ef8-0266-4bf3-bcb1-484cdaae1fbb:c3271]
2019-07-09 20:06:48,577 INFO  client.GrpcClientProtocolClient (GrpcClientProtocolClient.java:onNext(255)) - client-FB00420D972B->0a7e6056-64a2-4302-b029-255d48a66d7f: receive RaftClientReply:client-FB00420D972B->0a7e6056-64a2-4302-b029-255d48a66d7f@group-1EE0336AADCF, cid=2228, SUCCESS, logIndex=0, commits[0a7e6056-64a2-4302-b029-255d48a66d7f:c3276, 82c1508e-6289-48e2-a567-a0e29c8b4903:c3275, f63d6ef8-0266-4bf3-bcb1-484cdaae1fbb:c3275]
2019-07-09 20:06:48,604 INFO  client.GrpcClientProtocolClient (GrpcClientProtocolClient.java:onNext(255)) - client-FB00420D972B->0a7e6056-64a2-4302-b029-255d48a66d7f: receive RaftClientReply:client-FB00420D972B->0a7e6056-64a2-4302-b029-255d48a66d7f@group-1EE0336AADCF, cid=2229, SUCCESS, logIndex=3277, commits[0a7e6056-64a2-4302-b029-255d48a66d7f:c3279, 82c1508e-6289-48e2-a567-a0e29c8b4903:c3276, f63d6ef8-0266-4bf3-bcb1-484cdaae1fbb:c3276]
2019-07-09 20:06:48,605 INFO  client.GrpcClientProtocolClient (GrpcClientProtocolClient.java:onNext(255)) - client-FB00420D972B->0a7e6056-64a2-4302-b029-255d48a66d7f: receive RaftClientReply:client-FB00420D972B->0a7e6056-64a2-4302-b029-255d48a66d7f@group-1EE0336AADCF, cid=2230, SUCCESS, logIndex=3278, commits[0a7e6056-64a2-4302-b029-255d48a66d7f:c3280, 82c1508e-6289-48e2-a567-a0e29c8b4903:c3276, f63d6ef8-0266-4bf3-bcb1-484cdaae1fbb:c3276]
2019-07-09 20:06:48,605 INFO  client.GrpcClientProtocolClient (GrpcClientProtocolClient.java:onNext(255)) - client-FB00420D972B->0a7e6056-64a2-4302-b029-255d48a66d7f: receive RaftClientReply:client-FB00420D972B->0a7e6056-64a2-4302-b029-255d48a66d7f@group-1EE0336AADCF, cid=2231, SUCCESS, logIndex=3279, commits[0a7e6056-64a2-4302-b029-255d48a66d7f:c3280, 82c1508e-6289-48e2-a567-a0e29c8b4903:c3276, f63d6ef8-0266-4bf3-bcb1-484cdaae1fbb:c3276]
2019-07-09 20:06:48,605 INFO  client.GrpcClientProtocolClient (GrpcClientProtocolClient.java:onNext(255)) - client-FB00420D972B->0a7e6056-64a2-4302-b029-255d48a66d7f: receive RaftClientReply:client-FB00420D972B->0a7e6056-64a2-4302-b029-255d48a66d7f@group-1EE0336AADCF, cid=2232, SUCCESS, logIndex=3280, commits[0a7e6056-64a2-4302-b029-255d48a66d7f:c3280, 82c1508e-6289-48e2-a567-a0e29c8b4903:c3276, f63d6ef8-0266-4bf3-bcb1-484cdaae1fbb:c3276]
2019-07-09 20:06:48,606 INFO  client.GrpcClientProtocolClient (GrpcClientProtocolClient.java:onNext(255)) - client-FB00420D972B->0a7e6056-64a2-4302-b029-255d48a66d7f: receive RaftClientReply:client-FB00420D972B->0a7e6056-64a2-4302-b029-255d48a66d7f@group-1EE0336AADCF, cid=2233, SUCCESS, logIndex=0, commits[0a7e6056-64a2-4302-b029-255d48a66d7f:c3282, 82c1508e-6289-48e2-a567-a0e29c8b4903:c3278, f63d6ef8-0266-4bf3-bcb1-484cdaae1fbb:c3278]
2019-07-09 20:06:48,625 INFO  client.GrpcClientProtocolClient (GrpcClientProtocolClient.java:onNext(255)) - client-FB00420D972B->0a7e6056-64a2-4302-b029-255d48a66d7f: receive RaftClientReply:client-FB00420D972B->0a7e6056-64a2-4302-b029-255d48a66d7f@group-1EE0336AADCF, cid=2234, SUCCESS, logIndex=3285, commits[0a7e6056-64a2-4302-b029-255d48a66d7f:c3286, 82c1508e-6289-48e2-a567-a0e29c8b4903:c3284, f63d6ef8-0266-4bf3-bcb1-484cdaae1fbb:c3284]
2019-07-09 20:06:48,625 INFO  client.GrpcClientProtocolClient (GrpcClientProtocolClient.java:onNext(255)) - client-FB00420D972B->0a7e6056-64a2-4302-b029-255d48a66d7f: receive RaftClientReply:client-FB00420D972B->0a7e6056-64a2-4302-b029-255d48a66d7f@group-1EE0336AADCF, cid=2235, SUCCESS, logIndex=3286, commits[0a7e6056-64a2-4302-b029-255d48a66d7f:c3286, 82c1508e-6289-48e2-a567-a0e29c8b4903:c3284, f63d6ef8-0266-4bf3-bcb1-484cdaae1fbb:c3284]
2019-07-09 20:06:48,638 INFO  client.GrpcClientProtocolClient (GrpcClientProtocolClient.java:onNext(255)) - client-FB00420D972B->0a7e6056-64a2-4302-b029-255d48a66d7f: receive RaftClientReply:client-FB00420D972B->0a7e6056-64a2-4302-b029-255d48a66d7f@group-1EE0336AADCF, cid=2236, SUCCESS, logIndex=3289, commits[0a7e6056-64a2-4302-b029-255d48a66d7f:c3290, 82c1508e-6289-48e2-a567-a0e29c8b4903:c3286, f63d6ef8-0266-4bf3-bcb1-484cdaae1fbb:c3286]
2019-07-09 20:06:48,638 INFO  client.GrpcClientProtocolClient (GrpcClientProtocolClient.java:onNext(255)) - client-FB00420D972B->0a7e6056-64a2-4302-b029-255d48a66d7f: receive RaftClientReply:client-FB00420D972B->0a7e6056-64a2-4302-b029-255d48a66d7f@group-1EE0336AADCF, cid=2237, SUCCESS, logIndex=3290, commits[0a7e6056-64a2-4302-b029-255d48a66d7f:c3290, 82c1508e-6289-48e2-a567-a0e29c8b4903:c3286, f63d6ef8-0266-4bf3-bcb1-484cdaae1fbb:c3286]
2019-07-09 20:06:48,651 INFO  client.GrpcClientProtocolClient (GrpcClientProtocolClient.java:onNext(255)) - client-FB00420D972B->0a7e6056-64a2-4302-b029-255d48a66d7f: receive RaftClientReply:client-FB00420D972B->0a7e6056-64a2-4302-b029-255d48a66d7f@group-1EE0336AADCF, cid=2238, SUCCESS, logIndex=0, commits[0a7e6056-64a2-4302-b029-255d48a66d7f:c3291, 82c1508e-6289-48e2-a567-a0e29c8b4903:c3290, f63d6ef8-0266-4bf3-bcb1-484cdaae1fbb:c3290]
2019-07-09 20:06:48,749 INFO  client.GrpcClientProtocolClient (GrpcClientProtocolClient.java:onNext(255)) - client-FB00420D972B->0a7e6056-64a2-4302-b029-255d48a66d7f: receive RaftClientReply:client-FB00420D972B->0a7e6056-64a2-4302-b029-255d48a66d7f@group-1EE0336AADCF, cid=2239, SUCCESS, logIndex=3293, commits[0a7e6056-64a2-4302-b029-255d48a66d7f:c3294, 82c1508e-6289-48e2-a567-a0e29c8b4903:c3290, f63d6ef8-0266-4bf3-bcb1-484cdaae1fbb:c3292]
2019-07-09 20:06:48,750 INFO  client.GrpcClientProtocolClient (GrpcClientProtocolClient.java:onNext(255)) - client-FB00420D972B->0a7e6056-64a2-4302-b029-255d48a66d7f: receive RaftClientReply:client-FB00420D972B->0a7e6056-64a2-4302-b029-255d48a66d7f@group-1EE0336AADCF, cid=2240, SUCCESS, logIndex=3294, commits[0a7e6056-64a2-4302-b029-255d48a66d7f:c3294, 82c1508e-6289-48e2-a567-a0e29c8b4903:c3290, f63d6ef8-0266-4bf3-bcb1-484cdaae1fbb:c3292]
2019-07-09 20:06:48,775 INFO  client.GrpcClientProtocolClient (GrpcClientProtocolClient.java:onNext(255)) - client-FB00420D972B->0a7e6056-64a2-4302-b029-255d48a66d7f: receive RaftClientReply:client-FB00420D972B->0a7e6056-64a2-4302-b029-255d48a66d7f@group-1EE0336AADCF, cid=2241, SUCCESS, logIndex=3295, commits[0a7e6056-64a2-4302-b029-255d48a66d7f:c3297, 82c1508e-6289-48e2-a567-a0e29c8b4903:c3294, f63d6ef8-0266-4bf3-bcb1-484cdaae1fbb:c3292]
2019-07-09 20:06:48,775 INFO  client.GrpcClientProtocolClient (GrpcClientProtocolClient.java:onNext(255)) - client-FB00420D972B->0a7e6056-64a2-4302-b029-255d48a66d7f: receive RaftClientReply:client-FB00420D972B->0a7e6056-64a2-4302-b029-255d48a66d7f@group-1EE0336AADCF, cid=2242, SUCCESS, logIndex=3296, commits[0a7e6056-64a2-4302-b029-255d48a66d7f:c3298, 82c1508e-6289-48e2-a567-a0e29c8b4903:c3294, f63d6ef8-0266-4bf3-bcb1-484cdaae1fbb:c3294]
2019-07-09 20:06:48,799 INFO  client.GrpcClientProtocolClient (GrpcClientProtocolClient.java:onNext(255)) - client-FB00420D972B->0a7e6056-64a2-4302-b029-255d48a66d7f: receive RaftClientReply:client-FB00420D972B->0a7e6056-64a2-4302-b029-255d48a66d7f@group-1EE0336AADCF, cid=2243, SUCCESS, logIndex=3301, commits[0a7e6056-64a2-4302-b029-255d48a66d7f:c3302, 82c1508e-6289-48e2-a567-a0e29c8b4903:c3298, f63d6ef8-0266-4bf3-bcb1-484cdaae1fbb:c3296]
2019-07-09 20:06:48,799 INFO  client.GrpcClientProtocolClient (GrpcClientProtocolClient.java:onNext(255)) - client-FB00420D972B->0a7e6056-64a2-4302-b029-255d48a66d7f: receive RaftClientReply:client-FB00420D972B->0a7e6056-64a2-4302-b029-255d48a66d7f@group-1EE0336AADCF, cid=2244, SUCCESS, logIndex=3302, commits[0a7e6056-64a2-4302-b029-255d48a66d7f:c3302, 82c1508e-6289-48e2-a567-a0e29c8b4903:c3298, f63d6ef8-0266-4bf3-bcb1-484cdaae1fbb:c3298]
 0.00% |█                                                                                                    |  0/1 Time: 0:00:202019-07-09 20:06:48,820 INFO  client.GrpcClientProtocolClient (GrpcClientProtocolClient.java:onNext(255)) - client-FB00420D972B->0a7e6056-64a2-4302-b029-255d48a66d7f: receive RaftClientReply:client-FB00420D972B->0a7e6056-64a2-4302-b029-255d48a66d7f@group-1EE0336AADCF, cid=2245, SUCCESS, logIndex=3305, commits[0a7e6056-64a2-4302-b029-255d48a66d7f:c3306, 82c1508e-6289-48e2-a567-a0e29c8b4903:c3304, f63d6ef8-0266-4bf3-bcb1-484cdaae1fbb:c3304]
2019-07-09 20:06:48,820 INFO  client.GrpcClientProtocolClient (GrpcClientProtocolClient.java:onNext(255)) - client-FB00420D972B->0a7e6056-64a2-4302-b029-255d48a66d7f: receive RaftClientReply:client-FB00420D972B->0a7e6056-64a2-4302-b029-255d48a66d7f@group-1EE0336AADCF, cid=2246, SUCCESS, logIndex=3306, commits[0a7e6056-64a2-4302-b029-255d48a66d7f:c3306, 82c1508e-6289-48e2-a567-a0e29c8b4903:c3304, f63d6ef8-0266-4bf3-bcb1-484cdaae1fbb:c3304]
2019-07-09 20:06:48,832 INFO  client.GrpcClientProtocolClient (GrpcClientProtocolClient.java:onNext(255)) - client-FB00420D972B->0a7e6056-64a2-4302-b029-255d48a66d7f: receive RaftClientReply:client-FB00420D972B->0a7e6056-64a2-4302-b029-255d48a66d7f@group-1EE0336AADCF, cid=2247, SUCCESS, logIndex=0, commits[0a7e6056-64a2-4302-b029-255d48a66d7f:c3308, 82c1508e-6289-48e2-a567-a0e29c8b4903:c3306, f63d6ef8-0266-4bf3-bcb1-484cdaae1fbb:c3306]
2019-07-09 20:06:48,863 INFO  client.GrpcClientProtocolClient (GrpcClientProtocolClient.java:onNext(255)) - client-FB00420D972B->0a7e6056-64a2-4302-b029-255d48a66d7f: receive RaftClientReply:client-FB00420D972B->0a7e6056-64a2-4302-b029-255d48a66d7f@group-1EE0336AADCF, cid=2248, SUCCESS, logIndex=3309, commits[0a7e6056-64a2-4302-b029-255d48a66d7f:c3311, 82c1508e-6289-48e2-a567-a0e29c8b4903:c3308, f63d6ef8-0266-4bf3-bcb1-484cdaae1fbb:c3308]
2019-07-09 20:06:48,864 INFO  client.GrpcClientProtocolClient (GrpcClientProtocolClient.java:onNext(255)) - client-FB00420D972B->0a7e6056-64a2-4302-b029-255d48a66d7f: receive RaftClientReply:client-FB00420D972B->0a7e6056-64a2-4302-b029-255d48a66d7f@group-1EE0336AADCF, cid=2249, SUCCESS, logIndex=3310, commits[0a7e6056-64a2-4302-b029-255d48a66d7f:c3312, 82c1508e-6289-48e2-a567-a0e29c8b4903:c3308, f63d6ef8-0266-4bf3-bcb1-484cdaae1fbb:c3308]
2019-07-09 20:06:48,864 INFO  client.GrpcClientProtocolClient (GrpcClientProtocolClient.java:onNext(255)) - client-FB00420D972B->0a7e6056-64a2-4302-b029-255d48a66d7f: receive RaftClientReply:client-FB00420D972B->0a7e6056-64a2-4302-b029-255d48a66d7f@group-1EE0336AADCF, cid=2250, SUCCESS, logIndex=3311, commits[0a7e6056-64a2-4302-b029-255d48a66d7f:c3312, 82c1508e-6289-48e2-a567-a0e29c8b4903:c3308, f63d6ef8-0266-4bf3-bcb1-484cdaae1fbb:c3308]
2019-07-09 20:06:48,864 INFO  client.GrpcClientProtocolClient (GrpcClientProtocolClient.java:onNext(255)) - client-FB00420D972B->0a7e6056-64a2-4302-b029-255d48a66d7f: receive RaftClientReply:client-FB00420D972B->0a7e6056-64a2-4302-b029-255d48a66d7f@group-1EE0336AADCF, cid=2251, SUCCESS, logIndex=3312, commits[0a7e6056-64a2-4302-b029-255d48a66d7f:c3312, 82c1508e-6289-48e2-a567-a0e29c8b4903:c3308, f63d6ef8-0266-4bf3-bcb1-484cdaae1fbb:c3308]
2019-07-09 20:06:48,876 INFO  client.GrpcClientProtocolClient (GrpcClientProtocolClient.java:onNext(255)) - client-FB00420D972B->0a7e6056-64a2-4302-b029-255d48a66d7f: receive RaftClientReply:client-FB00420D972B->0a7e6056-64a2-4302-b029-255d48a66d7f@group-1EE0336AADCF, cid=2252, SUCCESS, logIndex=0, commits[0a7e6056-64a2-4302-b029-255d48a66d7f:c3315, 82c1508e-6289-48e2-a567-a0e29c8b4903:c3310, f63d6ef8-0266-4bf3-bcb1-484cdaae1fbb:c3311]
2019-07-09 20:06:48,894 INFO  client.GrpcClientProtocolClient (GrpcClientProtocolClient.java:onNext(255)) - client-FB00420D972B->0a7e6056-64a2-4302-b029-255d48a66d7f: receive RaftClientReply:client-FB00420D972B->0a7e6056-64a2-4302-b029-255d48a66d7f@group-1EE0336AADCF, cid=2253, SUCCESS, logIndex=3317, commits[0a7e6056-64a2-4302-b029-255d48a66d7f:c3318, 82c1508e-6289-48e2-a567-a0e29c8b4903:c3316, f63d6ef8-0266-4bf3-bcb1-484cdaae1fbb:c3316]
2019-07-09 20:06:48,895 INFO  client.GrpcClientProtocolClient (GrpcClientProtocolClient.java:onNext(255)) - client-FB00420D972B->0a7e6056-64a2-4302-b029-255d48a66d7f: receive RaftClientReply:client-FB00420D972B->0a7e6056-64a2-4302-b029-255d48a66d7f@group-1EE0336AADCF, cid=2254, SUCCESS, logIndex=3318, commits[0a7e6056-64a2-4302-b029-255d48a66d7f:c3318, 82c1508e-6289-48e2-a567-a0e29c8b4903:c3316, f63d6ef8-0266-4bf3-bcb1-484cdaae1fbb:c3316]
2019-07-09 20:06:48,908 INFO  client.GrpcClientProtocolClient (GrpcClientProtocolClient.java:onNext(255)) - client-FB00420D972B->0a7e6056-64a2-4302-b029-255d48a66d7f: receive RaftClientReply:client-FB00420D972B->0a7e6056-64a2-4302-b029-255d48a66d7f@group-1EE0336AADCF, cid=2255, SUCCESS, logIndex=3321, commits[0a7e6056-64a2-4302-b029-255d48a66d7f:c3322, 82c1508e-6289-48e2-a567-a0e29c8b4903:c3318, f63d6ef8-0266-4bf3-bcb1-484cdaae1fbb:c3318]
2019-07-09 20:06:48,908 INFO  client.GrpcClientProtocolClient (GrpcClientProtocolClient.java:onNext(255)) - client-FB00420D972B->0a7e6056-64a2-4302-b029-255d48a66d7f: receive RaftClientReply:client-FB00420D972B->0a7e6056-64a2-4302-b029-255d48a66d7f@group-1EE0336AADCF, cid=2256, SUCCESS, logIndex=3322, commits[0a7e6056-64a2-4302-b029-255d48a66d7f:c3322, 82c1508e-6289-48e2-a567-a0e29c8b4903:c3318, f63d6ef8-0266-4bf3-bcb1-484cdaae1fbb:c3318]
2019-07-09 20:06:48,920 INFO  client.GrpcClientProtocolClient (GrpcClientProtocolClient.java:onNext(255)) - client-FB00420D972B->0a7e6056-64a2-4302-b029-255d48a66d7f: receive RaftClientReply:client-FB00420D972B->0a7e6056-64a2-4302-b029-255d48a66d7f@group-1EE0336AADCF, cid=2257, SUCCESS, logIndex=0, commits[0a7e6056-64a2-4302-b029-255d48a66d7f:c3324, 82c1508e-6289-48e2-a567-a0e29c8b4903:c3322, f63d6ef8-0266-4bf3-bcb1-484cdaae1fbb:c3322]
2019-07-09 20:06:48,947 INFO  client.GrpcClientProtocolClient (GrpcClientProtocolClient.java:onNext(255)) - client-FB00420D972B->0a7e6056-64a2-4302-b029-255d48a66d7f: receive RaftClientReply:client-FB00420D972B->0a7e6056-64a2-4302-b029-255d48a66d7f@group-1EE0336AADCF, cid=2258, SUCCESS, logIndex=3325, commits[0a7e6056-64a2-4302-b029-255d48a66d7f:c3325, 82c1508e-6289-48e2-a567-a0e29c8b4903:c3324, f63d6ef8-0266-4bf3-bcb1-484cdaae1fbb:c3324]
2019-07-09 20:06:48,947 INFO  client.GrpcClientProtocolClient (GrpcClientProtocolClient.java:onNext(255)) - client-FB00420D972B->0a7e6056-64a2-4302-b029-255d48a66d7f: receive RaftClientReply:client-FB00420D972B->0a7e6056-64a2-4302-b029-255d48a66d7f@group-1EE0336AADCF, cid=2259, SUCCESS, logIndex=3326, commits[0a7e6056-64a2-4302-b029-255d48a66d7f:c3328, 82c1508e-6289-48e2-a567-a0e29c8b4903:c3324, f63d6ef8-0266-4bf3-bcb1-484cdaae1fbb:c3324]
2019-07-09 20:06:48,947 INFO  client.GrpcClientProtocolClient (GrpcClientProtocolClient.java:onNext(255)) - client-FB00420D972B->0a7e6056-64a2-4302-b029-255d48a66d7f: receive RaftClientReply:client-FB00420D972B->0a7e6056-64a2-4302-b029-255d48a66d7f@group-1EE0336AADCF, cid=2260, SUCCESS, logIndex=3327, commits[0a7e6056-64a2-4302-b029-255d48a66d7f:c3328, 82c1508e-6289-48e2-a567-a0e29c8b4903:c3324, f63d6ef8-0266-4bf3-bcb1-484cdaae1fbb:c3324]
2019-07-09 20:06:48,948 INFO  client.GrpcClientProtocolClient (GrpcClientProtocolClient.java:onNext(255)) - client-FB00420D972B->0a7e6056-64a2-4302-b029-255d48a66d7f: receive RaftClientReply:client-FB00420D972B->0a7e6056-64a2-4302-b029-255d48a66d7f@group-1EE0336AADCF, cid=2261, SUCCESS, logIndex=3328, commits[0a7e6056-64a2-4302-b029-255d48a66d7f:c3328, 82c1508e-6289-48e2-a567-a0e29c8b4903:c3324, f63d6ef8-0266-4bf3-bcb1-484cdaae1fbb:c3324]
2019-07-09 20:06:48,950 INFO  client.GrpcClientProtocolClient (GrpcClientProtocolClient.java:onNext(255)) - client-FB00420D972B->0a7e6056-64a2-4302-b029-255d48a66d7f: receive RaftClientReply:client-FB00420D972B->0a7e6056-64a2-4302-b029-255d48a66d7f@group-1EE0336AADCF, cid=2262, SUCCESS, logIndex=0, commits[0a7e6056-64a2-4302-b029-255d48a66d7f:c3332, 82c1508e-6289-48e2-a567-a0e29c8b4903:c3328, f63d6ef8-0266-4bf3-bcb1-484cdaae1fbb:c3326]
2019-07-09 20:06:48,977 INFO  client.GrpcClientProtocolClient (GrpcClientProtocolClient.java:onNext(255)) - client-FB00420D972B->0a7e6056-64a2-4302-b029-255d48a66d7f: receive RaftClientReply:client-FB00420D972B->0a7e6056-64a2-4302-b029-255d48a66d7f@group-1EE0336AADCF, cid=2263, SUCCESS, logIndex=3333, commits[0a7e6056-64a2-4302-b029-255d48a66d7f:c3334, 82c1508e-6289-48e2-a567-a0e29c8b4903:c3332, f63d6ef8-0266-4bf3-bcb1-484cdaae1fbb:c3332]
2019-07-09 20:06:48,978 INFO  client.GrpcClientProtocolClient (GrpcClientProtocolClient.java:onNext(255)) - client-FB00420D972B->0a7e6056-64a2-4302-b029-255d48a66d7f: receive RaftClientReply:client-FB00420D972B->0a7e6056-64a2-4302-b029-255d48a66d7f@group-1EE0336AADCF, cid=2264, SUCCESS, logIndex=3334, commits[0a7e6056-64a2-4302-b029-255d48a66d7f:c3334, 82c1508e-6289-48e2-a567-a0e29c8b4903:c3332, f63d6ef8-0266-4bf3-bcb1-484cdaae1fbb:c3332]
2019-07-09 20:06:48,997 INFO  client.GrpcClientProtocolClient (GrpcClientProtocolClient.java:onNext(255)) - client-FB00420D972B->0a7e6056-64a2-4302-b029-255d48a66d7f: receive RaftClientReply:client-FB00420D972B->0a7e6056-64a2-4302-b029-255d48a66d7f@group-1EE0336AADCF, cid=2265, SUCCESS, logIndex=3337, commits[0a7e6056-64a2-4302-b029-255d48a66d7f:c3338, 82c1508e-6289-48e2-a567-a0e29c8b4903:c3336, f63d6ef8-0266-4bf3-bcb1-484cdaae1fbb:c3336]
2019-07-09 20:06:48,997 INFO  client.GrpcClientProtocolClient (GrpcClientProtocolClient.java:onNext(255)) - client-FB00420D972B->0a7e6056-64a2-4302-b029-255d48a66d7f: receive RaftClientReply:client-FB00420D972B->0a7e6056-64a2-4302-b029-255d48a66d7f@group-1EE0336AADCF, cid=2266, SUCCESS, logIndex=3338, commits[0a7e6056-64a2-4302-b029-255d48a66d7f:c3338, 82c1508e-6289-48e2-a567-a0e29c8b4903:c3336, f63d6ef8-0266-4bf3-bcb1-484cdaae1fbb:c3336]
2019-07-09 20:06:49,009 INFO  client.GrpcClientProtocolClient (GrpcClientProtocolClient.java:onNext(255)) - client-FB00420D972B->0a7e6056-64a2-4302-b029-255d48a66d7f: receive RaftClientReply:client-FB00420D972B->0a7e6056-64a2-4302-b029-255d48a66d7f@group-1EE0336AADCF, cid=2267, SUCCESS, logIndex=0, commits[0a7e6056-64a2-4302-b029-255d48a66d7f:c3339, 82c1508e-6289-48e2-a567-a0e29c8b4903:c3338, f63d6ef8-0266-4bf3-bcb1-484cdaae1fbb:c3338]
2019-07-09 20:06:49,037 INFO  client.GrpcClientProtocolClient (GrpcClientProtocolClient.java:onNext(255)) - client-FB00420D972B->0a7e6056-64a2-4302-b029-255d48a66d7f: receive RaftClientReply:client-FB00420D972B->0a7e6056-64a2-4302-b029-255d48a66d7f@group-1EE0336AADCF, cid=2268, SUCCESS, logIndex=3341, commits[0a7e6056-64a2-4302-b029-255d48a66d7f:c3342, 82c1508e-6289-48e2-a567-a0e29c8b4903:c3340, f63d6ef8-0266-4bf3-bcb1-484cdaae1fbb:c3340]
2019-07-09 20:06:49,038 INFO  client.GrpcClientProtocolClient (GrpcClientProtocolClient.java:onNext(255)) - client-FB00420D972B->0a7e6056-64a2-4302-b029-255d48a66d7f: receive RaftClientReply:client-FB00420D972B->0a7e6056-64a2-4302-b029-255d48a66d7f@group-1EE0336AADCF, cid=2269, SUCCESS, logIndex=3342, commits[0a7e6056-64a2-4302-b029-255d48a66d7f:c3344, 82c1508e-6289-48e2-a567-a0e29c8b4903:c3340, f63d6ef8-0266-4bf3-bcb1-484cdaae1fbb:c3340]
2019-07-09 20:06:49,038 INFO  client.GrpcClientProtocolClient (GrpcClientProtocolClient.java:onNext(255)) - client-FB00420D972B->0a7e6056-64a2-4302-b029-255d48a66d7f: receive RaftClientReply:client-FB00420D972B->0a7e6056-64a2-4302-b029-255d48a66d7f@group-1EE0336AADCF, cid=2270, SUCCESS, logIndex=3343, commits[0a7e6056-64a2-4302-b029-255d48a66d7f:c3344, 82c1508e-6289-48e2-a567-a0e29c8b4903:c3340, f63d6ef8-0266-4bf3-bcb1-484cdaae1fbb:c3340]
2019-07-09 20:06:49,039 INFO  client.GrpcClientProtocolClient (GrpcClientProtocolClient.java:onNext(255)) - client-FB00420D972B->0a7e6056-64a2-4302-b029-255d48a66d7f: receive RaftClientReply:client-FB00420D972B->0a7e6056-64a2-4302-b029-255d48a66d7f@group-1EE0336AADCF, cid=2271, SUCCESS, logIndex=3344, commits[0a7e6056-64a2-4302-b029-255d48a66d7f:c3345, 82c1508e-6289-48e2-a567-a0e29c8b4903:c3341, f63d6ef8-0266-4bf3-bcb1-484cdaae1fbb:c3340]
2019-07-09 20:06:49,040 INFO  client.GrpcClientProtocolClient (GrpcClientProtocolClient.java:onNext(255)) - client-FB00420D972B->0a7e6056-64a2-4302-b029-255d48a66d7f: receive RaftClientReply:client-FB00420D972B->0a7e6056-64a2-4302-b029-255d48a66d7f@group-1EE0336AADCF, cid=2272, SUCCESS, logIndex=0, commits[0a7e6056-64a2-4302-b029-255d48a66d7f:c3346, 82c1508e-6289-48e2-a567-a0e29c8b4903:c3342, f63d6ef8-0266-4bf3-bcb1-484cdaae1fbb:c3342]
2019-07-09 20:06:49,058 INFO  client.GrpcClientProtocolClient (GrpcClientProtocolClient.java:onNext(255)) - client-FB00420D972B->0a7e6056-64a2-4302-b029-255d48a66d7f: receive RaftClientReply:client-FB00420D972B->0a7e6056-64a2-4302-b029-255d48a66d7f@group-1EE0336AADCF, cid=2273, SUCCESS, logIndex=3348, commits[0a7e6056-64a2-4302-b029-255d48a66d7f:c3349, 82c1508e-6289-48e2-a567-a0e29c8b4903:c3347, f63d6ef8-0266-4bf3-bcb1-484cdaae1fbb:c3347]
2019-07-09 20:06:49,059 INFO  client.GrpcClientProtocolClient (GrpcClientProtocolClient.java:onNext(255)) - client-FB00420D972B->0a7e6056-64a2-4302-b029-255d48a66d7f: receive RaftClientReply:client-FB00420D972B->0a7e6056-64a2-4302-b029-255d48a66d7f@group-1EE0336AADCF, cid=2274, SUCCESS, logIndex=3349, commits[0a7e6056-64a2-4302-b029-255d48a66d7f:c3349, 82c1508e-6289-48e2-a567-a0e29c8b4903:c3347, f63d6ef8-0266-4bf3-bcb1-484cdaae1fbb:c3347]
2019-07-09 20:06:49,072 INFO  client.GrpcClientProtocolClient (GrpcClientProtocolClient.java:onNext(255)) - client-FB00420D972B->0a7e6056-64a2-4302-b029-255d48a66d7f: receive RaftClientReply:client-FB00420D972B->0a7e6056-64a2-4302-b029-255d48a66d7f@group-1EE0336AADCF, cid=2275, SUCCESS, logIndex=3352, commits[0a7e6056-64a2-4302-b029-255d48a66d7f:c3353, 82c1508e-6289-48e2-a567-a0e29c8b4903:c3349, f63d6ef8-0266-4bf3-bcb1-484cdaae1fbb:c3349]
2019-07-09 20:06:49,072 INFO  client.GrpcClientProtocolClient (GrpcClientProtocolClient.java:onNext(255)) - client-FB00420D972B->0a7e6056-64a2-4302-b029-255d48a66d7f: receive RaftClientReply:client-FB00420D972B->0a7e6056-64a2-4302-b029-255d48a66d7f@group-1EE0336AADCF, cid=2276, SUCCESS, logIndex=3353, commits[0a7e6056-64a2-4302-b029-255d48a66d7f:c3353, 82c1508e-6289-48e2-a567-a0e29c8b4903:c3349, f63d6ef8-0266-4bf3-bcb1-484cdaae1fbb:c3349]
2019-07-09 20:06:49,084 INFO  client.GrpcClientProtocolClient (GrpcClientProtocolClient.java:onNext(255)) - client-FB00420D972B->0a7e6056-64a2-4302-b029-255d48a66d7f: receive RaftClientReply:client-FB00420D972B->0a7e6056-64a2-4302-b029-255d48a66d7f@group-1EE0336AADCF, cid=2277, SUCCESS, logIndex=0, commits[0a7e6056-64a2-4302-b029-255d48a66d7f:c3354, 82c1508e-6289-48e2-a567-a0e29c8b4903:c3353, f63d6ef8-0266-4bf3-bcb1-484cdaae1fbb:c3353]
2019-07-09 20:06:49,111 INFO  client.GrpcClientProtocolClient (GrpcClientProtocolClient.java:onNext(255)) - client-FB00420D972B->0a7e6056-64a2-4302-b029-255d48a66d7f: receive RaftClientReply:client-FB00420D972B->0a7e6056-64a2-4302-b029-255d48a66d7f@group-1EE0336AADCF, cid=2278, SUCCESS, logIndex=3356, commits[0a7e6056-64a2-4302-b029-255d48a66d7f:c3359, 82c1508e-6289-48e2-a567-a0e29c8b4903:c3355, f63d6ef8-0266-4bf3-bcb1-484cdaae1fbb:c3355]
2019-07-09 20:06:49,112 INFO  client.GrpcClientProtocolClient (GrpcClientProtocolClient.java:onNext(255)) - client-FB00420D972B->0a7e6056-64a2-4302-b029-255d48a66d7f: receive RaftClientReply:client-FB00420D972B->0a7e6056-64a2-4302-b029-255d48a66d7f@group-1EE0336AADCF, cid=2279, SUCCESS, logIndex=3357, commits[0a7e6056-64a2-4302-b029-255d48a66d7f:c3359, 82c1508e-6289-48e2-a567-a0e29c8b4903:c3355, f63d6ef8-0266-4bf3-bcb1-484cdaae1fbb:c3355]
2019-07-09 20:06:49,112 INFO  client.GrpcClientProtocolClient (GrpcClientProtocolClient.java:onNext(255)) - client-FB00420D972B->0a7e6056-64a2-4302-b029-255d48a66d7f: receive RaftClientReply:client-FB00420D972B->0a7e6056-64a2-4302-b029-255d48a66d7f@group-1EE0336AADCF, cid=2280, SUCCESS, logIndex=3358, commits[0a7e6056-64a2-4302-b029-255d48a66d7f:c3359, 82c1508e-6289-48e2-a567-a0e29c8b4903:c3355, f63d6ef8-0266-4bf3-bcb1-484cdaae1fbb:c3355]
2019-07-09 20:06:49,112 INFO  client.GrpcClientProtocolClient (GrpcClientProtocolClient.java:onNext(255)) - client-FB00420D972B->0a7e6056-64a2-4302-b029-255d48a66d7f: receive RaftClientReply:client-FB00420D972B->0a7e6056-64a2-4302-b029-255d48a66d7f@group-1EE0336AADCF, cid=2281, SUCCESS, logIndex=3359, commits[0a7e6056-64a2-4302-b029-255d48a66d7f:c3359, 82c1508e-6289-48e2-a567-a0e29c8b4903:c3355, f63d6ef8-0266-4bf3-bcb1-484cdaae1fbb:c3355]
2019-07-09 20:06:49,123 INFO  client.GrpcClientProtocolClient (GrpcClientProtocolClient.java:onNext(255)) - client-FB00420D972B->0a7e6056-64a2-4302-b029-255d48a66d7f: receive RaftClientReply:client-FB00420D972B->0a7e6056-64a2-4302-b029-255d48a66d7f@group-1EE0336AADCF, cid=2282, SUCCESS, logIndex=0, commits[0a7e6056-64a2-4302-b029-255d48a66d7f:c3362, 82c1508e-6289-48e2-a567-a0e29c8b4903:c3358, f63d6ef8-0266-4bf3-bcb1-484cdaae1fbb:c3357]
2019-07-09 20:06:49,142 INFO  client.GrpcClientProtocolClient (GrpcClientProtocolClient.java:onNext(255)) - client-FB00420D972B->0a7e6056-64a2-4302-b029-255d48a66d7f: receive RaftClientReply:client-FB00420D972B->0a7e6056-64a2-4302-b029-255d48a66d7f@group-1EE0336AADCF, cid=2283, SUCCESS, logIndex=3364, commits[0a7e6056-64a2-4302-b029-255d48a66d7f:c3365, 82c1508e-6289-48e2-a567-a0e29c8b4903:c3363, f63d6ef8-0266-4bf3-bcb1-484cdaae1fbb:c3363]
2019-07-09 20:06:49,142 INFO  client.GrpcClientProtocolClient (GrpcClientProtocolClient.java:onNext(255)) - client-FB00420D972B->0a7e6056-64a2-4302-b029-255d48a66d7f: receive RaftClientReply:client-FB00420D972B->0a7e6056-64a2-4302-b029-255d48a66d7f@group-1EE0336AADCF, cid=2284, SUCCESS, logIndex=3365, commits[0a7e6056-64a2-4302-b029-255d48a66d7f:c3365, 82c1508e-6289-48e2-a567-a0e29c8b4903:c3363, f63d6ef8-0266-4bf3-bcb1-484cdaae1fbb:c3363]
2019-07-09 20:06:49,155 INFO  client.GrpcClientProtocolClient (GrpcClientProtocolClient.java:onNext(255)) - client-FB00420D972B->0a7e6056-64a2-4302-b029-255d48a66d7f: receive RaftClientReply:client-FB00420D972B->0a7e6056-64a2-4302-b029-255d48a66d7f@group-1EE0336AADCF, cid=2285, SUCCESS, logIndex=3368, commits[0a7e6056-64a2-4302-b029-255d48a66d7f:c3369, 82c1508e-6289-48e2-a567-a0e29c8b4903:c3365, f63d6ef8-0266-4bf3-bcb1-484cdaae1fbb:c3365]
2019-07-09 20:06:49,156 INFO  client.GrpcClientProtocolClient (GrpcClientProtocolClient.java:onNext(255)) - client-FB00420D972B->0a7e6056-64a2-4302-b029-255d48a66d7f: receive RaftClientReply:client-FB00420D972B->0a7e6056-64a2-4302-b029-255d48a66d7f@group-1EE0336AADCF, cid=2286, SUCCESS, logIndex=3369, commits[0a7e6056-64a2-4302-b029-255d48a66d7f:c3369, 82c1508e-6289-48e2-a567-a0e29c8b4903:c3365, f63d6ef8-0266-4bf3-bcb1-484cdaae1fbb:c3365]
2019-07-09 20:06:49,168 INFO  client.GrpcClientProtocolClient (GrpcClientProtocolClient.java:onNext(255)) - client-FB00420D972B->0a7e6056-64a2-4302-b029-255d48a66d7f: receive RaftClientReply:client-FB00420D972B->0a7e6056-64a2-4302-b029-255d48a66d7f@group-1EE0336AADCF, cid=2287, SUCCESS, logIndex=0, commits[0a7e6056-64a2-4302-b029-255d48a66d7f:c3371, 82c1508e-6289-48e2-a567-a0e29c8b4903:c3369, f63d6ef8-0266-4bf3-bcb1-484cdaae1fbb:c3369]
2019-07-09 20:06:49,206 INFO  client.GrpcClientProtocolClient (GrpcClientProtocolClient.java:onNext(255)) - client-FB00420D972B->0a7e6056-64a2-4302-b029-255d48a66d7f: receive RaftClientReply:client-FB00420D972B->0a7e6056-64a2-4302-b029-255d48a66d7f@group-1EE0336AADCF, cid=2288, SUCCESS, logIndex=3372, commits[0a7e6056-64a2-4302-b029-255d48a66d7f:c3373, 82c1508e-6289-48e2-a567-a0e29c8b4903:c3371, f63d6ef8-0266-4bf3-bcb1-484cdaae1fbb:c3371]
2019-07-09 20:06:49,207 INFO  client.GrpcClientProtocolClient (GrpcClientProtocolClient.java:onNext(255)) - client-FB00420D972B->0a7e6056-64a2-4302-b029-255d48a66d7f: receive RaftClientReply:client-FB00420D972B->0a7e6056-64a2-4302-b029-255d48a66d7f@group-1EE0336AADCF, cid=2289, SUCCESS, logIndex=3373, commits[0a7e6056-64a2-4302-b029-255d48a66d7f:c3373, 82c1508e-6289-48e2-a567-a0e29c8b4903:c3371, f63d6ef8-0266-4bf3-bcb1-484cdaae1fbb:c3371]
2019-07-09 20:06:49,208 INFO  client.GrpcClientProtocolClient (GrpcClientProtocolClient.java:onNext(255)) - client-FB00420D972B->0a7e6056-64a2-4302-b029-255d48a66d7f: receive RaftClientReply:client-FB00420D972B->0a7e6056-64a2-4302-b029-255d48a66d7f@group-1EE0336AADCF, cid=2290, SUCCESS, logIndex=3374, commits[0a7e6056-64a2-4302-b029-255d48a66d7f:c3375, 82c1508e-6289-48e2-a567-a0e29c8b4903:c3371, f63d6ef8-0266-4bf3-bcb1-484cdaae1fbb:c3371]
2019-07-09 20:06:49,209 INFO  client.GrpcClientProtocolClient (GrpcClientProtocolClient.java:onNext(255)) - client-FB00420D972B->0a7e6056-64a2-4302-b029-255d48a66d7f: receive RaftClientReply:client-FB00420D972B->0a7e6056-64a2-4302-b029-255d48a66d7f@group-1EE0336AADCF, cid=2291, SUCCESS, logIndex=3375, commits[0a7e6056-64a2-4302-b029-255d48a66d7f:c3375, 82c1508e-6289-48e2-a567-a0e29c8b4903:c3371, f63d6ef8-0266-4bf3-bcb1-484cdaae1fbb:c3371]
2019-07-09 20:06:49,212 INFO  client.GrpcClientProtocolClient (GrpcClientProtocolClient.java:onNext(255)) - client-FB00420D972B->0a7e6056-64a2-4302-b029-255d48a66d7f: receive RaftClientReply:client-FB00420D972B->0a7e6056-64a2-4302-b029-255d48a66d7f@group-1EE0336AADCF, cid=2292, SUCCESS, logIndex=0, commits[0a7e6056-64a2-4302-b029-255d48a66d7f:c3379, 82c1508e-6289-48e2-a567-a0e29c8b4903:c3373, f63d6ef8-0266-4bf3-bcb1-484cdaae1fbb:c3375]
2019-07-09 20:06:49,239 INFO  client.GrpcClientProtocolClient (GrpcClientProtocolClient.java:onNext(255)) - client-FB00420D972B->0a7e6056-64a2-4302-b029-255d48a66d7f: receive RaftClientReply:client-FB00420D972B->0a7e6056-64a2-4302-b029-255d48a66d7f@group-1EE0336AADCF, cid=2293, SUCCESS, logIndex=3380, commits[0a7e6056-64a2-4302-b029-255d48a66d7f:c3381, 82c1508e-6289-48e2-a567-a0e29c8b4903:c3379, f63d6ef8-0266-4bf3-bcb1-484cdaae1fbb:c3379]
2019-07-09 20:06:49,239 INFO  client.GrpcClientProtocolClient (GrpcClientProtocolClient.java:onNext(255)) - client-FB00420D972B->0a7e6056-64a2-4302-b029-255d48a66d7f: receive RaftClientReply:client-FB00420D972B->0a7e6056-64a2-4302-b029-255d48a66d7f@group-1EE0336AADCF, cid=2294, SUCCESS, logIndex=3381, commits[0a7e6056-64a2-4302-b029-255d48a66d7f:c3381, 82c1508e-6289-48e2-a567-a0e29c8b4903:c3379, f63d6ef8-0266-4bf3-bcb1-484cdaae1fbb:c3379]
2019-07-09 20:06:49,260 INFO  client.GrpcClientProtocolClient (GrpcClientProtocolClient.java:onNext(255)) - client-FB00420D972B->0a7e6056-64a2-4302-b029-255d48a66d7f: receive RaftClientReply:client-FB00420D972B->0a7e6056-64a2-4302-b029-255d48a66d7f@group-1EE0336AADCF, cid=2295, SUCCESS, logIndex=3384, commits[0a7e6056-64a2-4302-b029-255d48a66d7f:c3385, 82c1508e-6289-48e2-a567-a0e29c8b4903:c3383, f63d6ef8-0266-4bf3-bcb1-484cdaae1fbb:c3383]
2019-07-09 20:06:49,260 INFO  client.GrpcClientProtocolClient (GrpcClientProtocolClient.java:onNext(255)) - client-FB00420D972B->0a7e6056-64a2-4302-b029-255d48a66d7f: receive RaftClientReply:client-FB00420D972B->0a7e6056-64a2-4302-b029-255d48a66d7f@group-1EE0336AADCF, cid=2296, SUCCESS, logIndex=3385, commits[0a7e6056-64a2-4302-b029-255d48a66d7f:c3385, 82c1508e-6289-48e2-a567-a0e29c8b4903:c3383, f63d6ef8-0266-4bf3-bcb1-484cdaae1fbb:c3383]
2019-07-09 20:06:49,273 INFO  client.GrpcClientProtocolClient (GrpcClientProtocolClient.java:onNext(255)) - client-FB00420D972B->0a7e6056-64a2-4302-b029-255d48a66d7f: receive RaftClientReply:client-FB00420D972B->0a7e6056-64a2-4302-b029-255d48a66d7f@group-1EE0336AADCF, cid=2297, SUCCESS, logIndex=0, commits[0a7e6056-64a2-4302-b029-255d48a66d7f:c3387, 82c1508e-6289-48e2-a567-a0e29c8b4903:c3385, f63d6ef8-0266-4bf3-bcb1-484cdaae1fbb:c3385]
2019-07-09 20:06:49,303 INFO  client.GrpcClientProtocolClient (GrpcClientProtocolClient.java:onNext(255)) - client-FB00420D972B->0a7e6056-64a2-4302-b029-255d48a66d7f: receive RaftClientReply:client-FB00420D972B->0a7e6056-64a2-4302-b029-255d48a66d7f@group-1EE0336AADCF, cid=2298, SUCCESS, logIndex=3388, commits[0a7e6056-64a2-4302-b029-255d48a66d7f:c3390, 82c1508e-6289-48e2-a567-a0e29c8b4903:c3387, f63d6ef8-0266-4bf3-bcb1-484cdaae1fbb:c3387]
2019-07-09 20:06:49,303 INFO  client.GrpcClientProtocolClient (GrpcClientProtocolClient.java:onNext(255)) - client-FB00420D972B->0a7e6056-64a2-4302-b029-255d48a66d7f: receive RaftClientReply:client-FB00420D972B->0a7e6056-64a2-4302-b029-255d48a66d7f@group-1EE0336AADCF, cid=2299, SUCCESS, logIndex=3389, commits[0a7e6056-64a2-4302-b029-255d48a66d7f:c3391, 82c1508e-6289-48e2-a567-a0e29c8b4903:c3387, f63d6ef8-0266-4bf3-bcb1-484cdaae1fbb:c3387]
2019-07-09 20:06:49,304 INFO  client.GrpcClientProtocolClient (GrpcClientProtocolClient.java:onNext(255)) - client-FB00420D972B->0a7e6056-64a2-4302-b029-255d48a66d7f: receive RaftClientReply:client-FB00420D972B->0a7e6056-64a2-4302-b029-255d48a66d7f@group-1EE0336AADCF, cid=2300, SUCCESS, logIndex=3390, commits[0a7e6056-64a2-4302-b029-255d48a66d7f:c3391, 82c1508e-6289-48e2-a567-a0e29c8b4903:c3387, f63d6ef8-0266-4bf3-bcb1-484cdaae1fbb:c3387]
2019-07-09 20:06:49,304 INFO  client.GrpcClientProtocolClient (GrpcClientProtocolClient.java:onNext(255)) - client-FB00420D972B->0a7e6056-64a2-4302-b029-255d48a66d7f: receive RaftClientReply:client-FB00420D972B->0a7e6056-64a2-4302-b029-255d48a66d7f@group-1EE0336AADCF, cid=2301, SUCCESS, logIndex=3391, commits[0a7e6056-64a2-4302-b029-255d48a66d7f:c3392, 82c1508e-6289-48e2-a567-a0e29c8b4903:c3387, f63d6ef8-0266-4bf3-bcb1-484cdaae1fbb:c3388]
2019-07-09 20:06:49,306 INFO  client.GrpcClientProtocolClient (GrpcClientProtocolClient.java:onNext(255)) - client-FB00420D972B->0a7e6056-64a2-4302-b029-255d48a66d7f: receive RaftClientReply:client-FB00420D972B->0a7e6056-64a2-4302-b029-255d48a66d7f@group-1EE0336AADCF, cid=2302, SUCCESS, logIndex=0, commits[0a7e6056-64a2-4302-b029-255d48a66d7f:c3395, 82c1508e-6289-48e2-a567-a0e29c8b4903:c3389, f63d6ef8-0266-4bf3-bcb1-484cdaae1fbb:c3391]
2019-07-09 20:06:49,325 INFO  client.GrpcClientProtocolClient (GrpcClientProtocolClient.java:onNext(255)) - client-FB00420D972B->0a7e6056-64a2-4302-b029-255d48a66d7f: receive RaftClientReply:client-FB00420D972B->0a7e6056-64a2-4302-b029-255d48a66d7f@group-1EE0336AADCF, cid=2303, SUCCESS, logIndex=3396, commits[0a7e6056-64a2-4302-b029-255d48a66d7f:c3396, 82c1508e-6289-48e2-a567-a0e29c8b4903:c3395, f63d6ef8-0266-4bf3-bcb1-484cdaae1fbb:c3395]
2019-07-09 20:06:49,326 INFO  client.GrpcClientProtocolClient (GrpcClientProtocolClient.java:onNext(255)) - client-FB00420D972B->0a7e6056-64a2-4302-b029-255d48a66d7f: receive RaftClientReply:client-FB00420D972B->0a7e6056-64a2-4302-b029-255d48a66d7f@group-1EE0336AADCF, cid=2304, SUCCESS, logIndex=3397, commits[0a7e6056-64a2-4302-b029-255d48a66d7f:c3397, 82c1508e-6289-48e2-a567-a0e29c8b4903:c3395, f63d6ef8-0266-4bf3-bcb1-484cdaae1fbb:c3395]
2019-07-09 20:06:49,339 INFO  client.GrpcClientProtocolClient (GrpcClientProtocolClient.java:onNext(255)) - client-FB00420D972B->0a7e6056-64a2-4302-b029-255d48a66d7f: receive RaftClientReply:client-FB00420D972B->0a7e6056-64a2-4302-b029-255d48a66d7f@group-1EE0336AADCF, cid=2305, SUCCESS, logIndex=3400, commits[0a7e6056-64a2-4302-b029-255d48a66d7f:c3401, 82c1508e-6289-48e2-a567-a0e29c8b4903:c3397, f63d6ef8-0266-4bf3-bcb1-484cdaae1fbb:c3397]
2019-07-09 20:06:49,339 INFO  client.GrpcClientProtocolClient (GrpcClientProtocolClient.java:onNext(255)) - client-FB00420D972B->0a7e6056-64a2-4302-b029-255d48a66d7f: receive RaftClientReply:client-FB00420D972B->0a7e6056-64a2-4302-b029-255d48a66d7f@group-1EE0336AADCF, cid=2306, SUCCESS, logIndex=3401, commits[0a7e6056-64a2-4302-b029-255d48a66d7f:c3401, 82c1508e-6289-48e2-a567-a0e29c8b4903:c3397, f63d6ef8-0266-4bf3-bcb1-484cdaae1fbb:c3397]
2019-07-09 20:06:49,351 INFO  client.GrpcClientProtocolClient (GrpcClientProtocolClient.java:onNext(255)) - client-FB00420D972B->0a7e6056-64a2-4302-b029-255d48a66d7f: receive RaftClientReply:client-FB00420D972B->0a7e6056-64a2-4302-b029-255d48a66d7f@group-1EE0336AADCF, cid=2307, SUCCESS, logIndex=0, commits[0a7e6056-64a2-4302-b029-255d48a66d7f:c3403, 82c1508e-6289-48e2-a567-a0e29c8b4903:c3401, f63d6ef8-0266-4bf3-bcb1-484cdaae1fbb:c3401]
2019-07-09 20:06:49,380 INFO  client.GrpcClientProtocolClient (GrpcClientProtocolClient.java:onNext(255)) - client-FB00420D972B->0a7e6056-64a2-4302-b029-255d48a66d7f: receive RaftClientReply:client-FB00420D972B->0a7e6056-64a2-4302-b029-255d48a66d7f@group-1EE0336AADCF, cid=2308, SUCCESS, logIndex=3404, commits[0a7e6056-64a2-4302-b029-255d48a66d7f:c3405, 82c1508e-6289-48e2-a567-a0e29c8b4903:c3403, f63d6ef8-0266-4bf3-bcb1-484cdaae1fbb:c3403]
2019-07-09 20:06:49,381 INFO  client.GrpcClientProtocolClient (GrpcClientProtocolClient.java:onNext(255)) - client-FB00420D972B->0a7e6056-64a2-4302-b029-255d48a66d7f: receive RaftClientReply:client-FB00420D972B->0a7e6056-64a2-4302-b029-255d48a66d7f@group-1EE0336AADCF, cid=2309, SUCCESS, logIndex=3405, commits[0a7e6056-64a2-4302-b029-255d48a66d7f:c3405, 82c1508e-6289-48e2-a567-a0e29c8b4903:c3403, f63d6ef8-0266-4bf3-bcb1-484cdaae1fbb:c3403]
2019-07-09 20:06:49,382 INFO  client.GrpcClientProtocolClient (GrpcClientProtocolClient.java:onNext(255)) - client-FB00420D972B->0a7e6056-64a2-4302-b029-255d48a66d7f: receive RaftClientReply:client-FB00420D972B->0a7e6056-64a2-4302-b029-255d48a66d7f@group-1EE0336AADCF, cid=2310, SUCCESS, logIndex=3406, commits[0a7e6056-64a2-4302-b029-255d48a66d7f:c3407, 82c1508e-6289-48e2-a567-a0e29c8b4903:c3403, f63d6ef8-0266-4bf3-bcb1-484cdaae1fbb:c3403]
2019-07-09 20:06:49,382 INFO  client.GrpcClientProtocolClient (GrpcClientProtocolClient.java:onNext(255)) - client-FB00420D972B->0a7e6056-64a2-4302-b029-255d48a66d7f: receive RaftClientReply:client-FB00420D972B->0a7e6056-64a2-4302-b029-255d48a66d7f@group-1EE0336AADCF, cid=2311, SUCCESS, logIndex=3407, commits[0a7e6056-64a2-4302-b029-255d48a66d7f:c3407, 82c1508e-6289-48e2-a567-a0e29c8b4903:c3403, f63d6ef8-0266-4bf3-bcb1-484cdaae1fbb:c3403]
2019-07-09 20:06:49,383 INFO  client.GrpcClientProtocolClient (GrpcClientProtocolClient.java:onNext(255)) - client-FB00420D972B->0a7e6056-64a2-4302-b029-255d48a66d7f: receive RaftClientReply:client-FB00420D972B->0a7e6056-64a2-4302-b029-255d48a66d7f@group-1EE0336AADCF, cid=2312, SUCCESS, logIndex=0, commits[0a7e6056-64a2-4302-b029-255d48a66d7f:c3409, 82c1508e-6289-48e2-a567-a0e29c8b4903:c3405, f63d6ef8-0266-4bf3-bcb1-484cdaae1fbb:c3405]
2019-07-09 20:06:49,403 INFO  client.GrpcClientProtocolClient (GrpcClientProtocolClient.java:onNext(255)) - client-FB00420D972B->0a7e6056-64a2-4302-b029-255d48a66d7f: receive RaftClientReply:client-FB00420D972B->0a7e6056-64a2-4302-b029-255d48a66d7f@group-1EE0336AADCF, cid=2313, SUCCESS, logIndex=3412, commits[0a7e6056-64a2-4302-b029-255d48a66d7f:c3413, 82c1508e-6289-48e2-a567-a0e29c8b4903:c3411, f63d6ef8-0266-4bf3-bcb1-484cdaae1fbb:c3411]
2019-07-09 20:06:49,403 INFO  client.GrpcClientProtocolClient (GrpcClientProtocolClient.java:onNext(255)) - client-FB00420D972B->0a7e6056-64a2-4302-b029-255d48a66d7f: receive RaftClientReply:client-FB00420D972B->0a7e6056-64a2-4302-b029-255d48a66d7f@group-1EE0336AADCF, cid=2314, SUCCESS, logIndex=3413, commits[0a7e6056-64a2-4302-b029-255d48a66d7f:c3413, 82c1508e-6289-48e2-a567-a0e29c8b4903:c3411, f63d6ef8-0266-4bf3-bcb1-484cdaae1fbb:c3411]
2019-07-09 20:06:49,416 INFO  client.GrpcClientProtocolClient (GrpcClientProtocolClient.java:onNext(255)) - client-FB00420D972B->0a7e6056-64a2-4302-b029-255d48a66d7f: receive RaftClientReply:client-FB00420D972B->0a7e6056-64a2-4302-b029-255d48a66d7f@group-1EE0336AADCF, cid=2315, SUCCESS, logIndex=3416, commits[0a7e6056-64a2-4302-b029-255d48a66d7f:c3417, 82c1508e-6289-48e2-a567-a0e29c8b4903:c3413, f63d6ef8-0266-4bf3-bcb1-484cdaae1fbb:c3413]
2019-07-09 20:06:49,417 INFO  client.GrpcClientProtocolClient (GrpcClientProtocolClient.java:onNext(255)) - client-FB00420D972B->0a7e6056-64a2-4302-b029-255d48a66d7f: receive RaftClientReply:client-FB00420D972B->0a7e6056-64a2-4302-b029-255d48a66d7f@group-1EE0336AADCF, cid=2316, SUCCESS, logIndex=3417, commits[0a7e6056-64a2-4302-b029-255d48a66d7f:c3417, 82c1508e-6289-48e2-a567-a0e29c8b4903:c3413, f63d6ef8-0266-4bf3-bcb1-484cdaae1fbb:c3413]
2019-07-09 20:06:49,429 INFO  client.GrpcClientProtocolClient (GrpcClientProtocolClient.java:onNext(255)) - client-FB00420D972B->0a7e6056-64a2-4302-b029-255d48a66d7f: receive RaftClientReply:client-FB00420D972B->0a7e6056-64a2-4302-b029-255d48a66d7f@group-1EE0336AADCF, cid=2317, SUCCESS, logIndex=0, commits[0a7e6056-64a2-4302-b029-255d48a66d7f:c3419, 82c1508e-6289-48e2-a567-a0e29c8b4903:c3417, f63d6ef8-0266-4bf3-bcb1-484cdaae1fbb:c3417]
2019-07-09 20:06:49,457 INFO  client.GrpcClientProtocolClient (GrpcClientProtocolClient.java:onNext(255)) - client-FB00420D972B->0a7e6056-64a2-4302-b029-255d48a66d7f: receive RaftClientReply:client-FB00420D972B->0a7e6056-64a2-4302-b029-255d48a66d7f@group-1EE0336AADCF, cid=2318, SUCCESS, logIndex=3420, commits[0a7e6056-64a2-4302-b029-255d48a66d7f:c3421, 82c1508e-6289-48e2-a567-a0e29c8b4903:c3419, f63d6ef8-0266-4bf3-bcb1-484cdaae1fbb:c3419]
2019-07-09 20:06:49,457 INFO  client.GrpcClientProtocolClient (GrpcClientProtocolClient.java:onNext(255)) - client-FB00420D972B->0a7e6056-64a2-4302-b029-255d48a66d7f: receive RaftClientReply:client-FB00420D972B->0a7e6056-64a2-4302-b029-255d48a66d7f@group-1EE0336AADCF, cid=2319, SUCCESS, logIndex=3421, commits[0a7e6056-64a2-4302-b029-255d48a66d7f:c3422, 82c1508e-6289-48e2-a567-a0e29c8b4903:c3419, f63d6ef8-0266-4bf3-bcb1-484cdaae1fbb:c3419]
2019-07-09 20:06:49,458 INFO  client.GrpcClientProtocolClient (GrpcClientProtocolClient.java:onNext(255)) - client-FB00420D972B->0a7e6056-64a2-4302-b029-255d48a66d7f: receive RaftClientReply:client-FB00420D972B->0a7e6056-64a2-4302-b029-255d48a66d7f@group-1EE0336AADCF, cid=2320, SUCCESS, logIndex=3422, commits[0a7e6056-64a2-4302-b029-255d48a66d7f:c3423, 82c1508e-6289-48e2-a567-a0e29c8b4903:c3419, f63d6ef8-0266-4bf3-bcb1-484cdaae1fbb:c3419]
2019-07-09 20:06:49,458 INFO  client.GrpcClientProtocolClient (GrpcClientProtocolClient.java:onNext(255)) - client-FB00420D972B->0a7e6056-64a2-4302-b029-255d48a66d7f: receive RaftClientReply:client-FB00420D972B->0a7e6056-64a2-4302-b029-255d48a66d7f@group-1EE0336AADCF, cid=2321, SUCCESS, logIndex=3423, commits[0a7e6056-64a2-4302-b029-255d48a66d7f:c3423, 82c1508e-6289-48e2-a567-a0e29c8b4903:c3419, f63d6ef8-0266-4bf3-bcb1-484cdaae1fbb:c3419]
2019-07-09 20:06:49,459 INFO  client.GrpcClientProtocolClient (GrpcClientProtocolClient.java:onNext(255)) - client-FB00420D972B->0a7e6056-64a2-4302-b029-255d48a66d7f: receive RaftClientReply:client-FB00420D972B->0a7e6056-64a2-4302-b029-255d48a66d7f@group-1EE0336AADCF, cid=2322, SUCCESS, logIndex=0, commits[0a7e6056-64a2-4302-b029-255d48a66d7f:c3425, 82c1508e-6289-48e2-a567-a0e29c8b4903:c3422, f63d6ef8-0266-4bf3-bcb1-484cdaae1fbb:c3421]
2019-07-09 20:06:49,588 INFO  client.GrpcClientProtocolClient (GrpcClientProtocolClient.java:onNext(255)) - client-FB00420D972B->0a7e6056-64a2-4302-b029-255d48a66d7f: receive RaftClientReply:client-FB00420D972B->0a7e6056-64a2-4302-b029-255d48a66d7f@group-1EE0336AADCF, cid=2323, SUCCESS, logIndex=3428, commits[0a7e6056-64a2-4302-b029-255d48a66d7f:c3429, 82c1508e-6289-48e2-a567-a0e29c8b4903:c3427, f63d6ef8-0266-4bf3-bcb1-484cdaae1fbb:c3427]
2019-07-09 20:06:49,588 INFO  client.GrpcClientProtocolClient (GrpcClientProtocolClient.java:onNext(255)) - client-FB00420D972B->0a7e6056-64a2-4302-b029-255d48a66d7f: receive RaftClientReply:client-FB00420D972B->0a7e6056-64a2-4302-b029-255d48a66d7f@group-1EE0336AADCF, cid=2324, SUCCESS, logIndex=3429, commits[0a7e6056-64a2-4302-b029-255d48a66d7f:c3429, 82c1508e-6289-48e2-a567-a0e29c8b4903:c3427, f63d6ef8-0266-4bf3-bcb1-484cdaae1fbb:c3427]
2019-07-09 20:06:49,618 INFO  client.GrpcClientProtocolClient (GrpcClientProtocolClient.java:onNext(255)) - client-FB00420D972B->0a7e6056-64a2-4302-b029-255d48a66d7f: receive RaftClientReply:client-FB00420D972B->0a7e6056-64a2-4302-b029-255d48a66d7f@group-1EE0336AADCF, cid=2325, SUCCESS, logIndex=3432, commits[0a7e6056-64a2-4302-b029-255d48a66d7f:c3433, 82c1508e-6289-48e2-a567-a0e29c8b4903:c3429, f63d6ef8-0266-4bf3-bcb1-484cdaae1fbb:c3429]
2019-07-09 20:06:49,618 INFO  client.GrpcClientProtocolClient (GrpcClientProtocolClient.java:onNext(255)) - client-FB00420D972B->0a7e6056-64a2-4302-b029-255d48a66d7f: receive RaftClientReply:client-FB00420D972B->0a7e6056-64a2-4302-b029-255d48a66d7f@group-1EE0336AADCF, cid=2326, SUCCESS, logIndex=3433, commits[0a7e6056-64a2-4302-b029-255d48a66d7f:c3433, 82c1508e-6289-48e2-a567-a0e29c8b4903:c3429, f63d6ef8-0266-4bf3-bcb1-484cdaae1fbb:c3429]
2019-07-09 20:06:49,621 INFO  client.GrpcClientProtocolClient (GrpcClientProtocolClient.java:onNext(255)) - client-FB00420D972B->0a7e6056-64a2-4302-b029-255d48a66d7f: receive RaftClientReply:client-FB00420D972B->0a7e6056-64a2-4302-b029-255d48a66d7f@group-1EE0336AADCF, cid=2327, SUCCESS, logIndex=0, commits[0a7e6056-64a2-4302-b029-255d48a66d7f:c3435, 82c1508e-6289-48e2-a567-a0e29c8b4903:c3433, f63d6ef8-0266-4bf3-bcb1-484cdaae1fbb:c3433]
2019-07-09 20:06:49,642 INFO  client.GrpcClientProtocolClient (GrpcClientProtocolClient.java:onNext(255)) - client-FB00420D972B->0a7e6056-64a2-4302-b029-255d48a66d7f: receive RaftClientReply:client-FB00420D972B->0a7e6056-64a2-4302-b029-255d48a66d7f@group-1EE0336AADCF, cid=2328, SUCCESS, logIndex=3436, commits[0a7e6056-64a2-4302-b029-255d48a66d7f:c3437, 82c1508e-6289-48e2-a567-a0e29c8b4903:c3435, f63d6ef8-0266-4bf3-bcb1-484cdaae1fbb:c3435]
2019-07-09 20:06:49,643 INFO  client.GrpcClientProtocolClient (GrpcClientProtocolClient.java:onNext(255)) - client-FB00420D972B->0a7e6056-64a2-4302-b029-255d48a66d7f: receive RaftClientReply:client-FB00420D972B->0a7e6056-64a2-4302-b029-255d48a66d7f@group-1EE0336AADCF, cid=2329, SUCCESS, logIndex=3437, commits[0a7e6056-64a2-4302-b029-255d48a66d7f:c3437, 82c1508e-6289-48e2-a567-a0e29c8b4903:c3435, f63d6ef8-0266-4bf3-bcb1-484cdaae1fbb:c3435]
2019-07-09 20:06:49,644 INFO  client.GrpcClientProtocolClient (GrpcClientProtocolClient.java:onNext(255)) - client-FB00420D972B->0a7e6056-64a2-4302-b029-255d48a66d7f: receive RaftClientReply:client-FB00420D972B->0a7e6056-64a2-4302-b029-255d48a66d7f@group-1EE0336AADCF, cid=2330, SUCCESS, logIndex=3438, commits[0a7e6056-64a2-4302-b029-255d48a66d7f:c3439, 82c1508e-6289-48e2-a567-a0e29c8b4903:c3435, f63d6ef8-0266-4bf3-bcb1-484cdaae1fbb:c3436]
2019-07-09 20:06:49,644 INFO  client.GrpcClientProtocolClient (GrpcClientProtocolClient.java:onNext(255)) - client-FB00420D972B->0a7e6056-64a2-4302-b029-255d48a66d7f: receive RaftClientReply:client-FB00420D972B->0a7e6056-64a2-4302-b029-255d48a66d7f@group-1EE0336AADCF, cid=2331, SUCCESS, logIndex=3439, commits[0a7e6056-64a2-4302-b029-255d48a66d7f:c3441, 82c1508e-6289-48e2-a567-a0e29c8b4903:c3435, f63d6ef8-0266-4bf3-bcb1-484cdaae1fbb:c3437]
2019-07-09 20:06:49,646 INFO  client.GrpcClientProtocolClient (GrpcClientProtocolClient.java:onNext(255)) - client-FB00420D972B->0a7e6056-64a2-4302-b029-255d48a66d7f: receive RaftClientReply:client-FB00420D972B->0a7e6056-64a2-4302-b029-255d48a66d7f@group-1EE0336AADCF, cid=2332, SUCCESS, logIndex=0, commits[0a7e6056-64a2-4302-b029-255d48a66d7f:c3442, 82c1508e-6289-48e2-a567-a0e29c8b4903:c3437, f63d6ef8-0266-4bf3-bcb1-484cdaae1fbb:c3438]
2019-07-09 20:06:49,660 INFO  client.GrpcClientProtocolClient (GrpcClientProtocolClient.java:onNext(255)) - client-FB00420D972B->0a7e6056-64a2-4302-b029-255d48a66d7f: receive RaftClientReply:client-FB00420D972B->0a7e6056-64a2-4302-b029-255d48a66d7f@group-1EE0336AADCF, cid=2333, SUCCESS, logIndex=3444, commits[0a7e6056-64a2-4302-b029-255d48a66d7f:c3445, 82c1508e-6289-48e2-a567-a0e29c8b4903:c3443, f63d6ef8-0266-4bf3-bcb1-484cdaae1fbb:c3443]
2019-07-09 20:06:49,660 INFO  client.GrpcClientProtocolClient (GrpcClientProtocolClient.java:onNext(255)) - client-FB00420D972B->0a7e6056-64a2-4302-b029-255d48a66d7f: receive RaftClientReply:client-FB00420D972B->0a7e6056-64a2-4302-b029-255d48a66d7f@group-1EE0336AADCF, cid=2334, SUCCESS, logIndex=3445, commits[0a7e6056-64a2-4302-b029-255d48a66d7f:c3445, 82c1508e-6289-48e2-a567-a0e29c8b4903:c3443, f63d6ef8-0266-4bf3-bcb1-484cdaae1fbb:c3443]
2019-07-09 20:06:49,673 INFO  client.GrpcClientProtocolClient (GrpcClientProtocolClient.java:onNext(255)) - client-FB00420D972B->0a7e6056-64a2-4302-b029-255d48a66d7f: receive RaftClientReply:client-FB00420D972B->0a7e6056-64a2-4302-b029-255d48a66d7f@group-1EE0336AADCF, cid=2335, SUCCESS, logIndex=3448, commits[0a7e6056-64a2-4302-b029-255d48a66d7f:c3449, 82c1508e-6289-48e2-a567-a0e29c8b4903:c3445, f63d6ef8-0266-4bf3-bcb1-484cdaae1fbb:c3447]
2019-07-09 20:06:49,674 INFO  client.GrpcClientProtocolClient (GrpcClientProtocolClient.java:onNext(255)) - client-FB00420D972B->0a7e6056-64a2-4302-b029-255d48a66d7f: receive RaftClientReply:client-FB00420D972B->0a7e6056-64a2-4302-b029-255d48a66d7f@group-1EE0336AADCF, cid=2336, SUCCESS, logIndex=3449, commits[0a7e6056-64a2-4302-b029-255d48a66d7f:c3449, 82c1508e-6289-48e2-a567-a0e29c8b4903:c3447, f63d6ef8-0266-4bf3-bcb1-484cdaae1fbb:c3447]
2019-07-09 20:06:49,675 INFO  client.GrpcClientProtocolClient (GrpcClientProtocolClient.java:onNext(255)) - client-FB00420D972B->0a7e6056-64a2-4302-b029-255d48a66d7f: receive RaftClientReply:client-FB00420D972B->0a7e6056-64a2-4302-b029-255d48a66d7f@group-1EE0336AADCF, cid=2337, SUCCESS, logIndex=0, commits[0a7e6056-64a2-4302-b029-255d48a66d7f:c3450, 82c1508e-6289-48e2-a567-a0e29c8b4903:c3449, f63d6ef8-0266-4bf3-bcb1-484cdaae1fbb:c3449]
2019-07-09 20:06:49,723 INFO  client.GrpcClientProtocolClient (GrpcClientProtocolClient.java:onNext(255)) - client-FB00420D972B->0a7e6056-64a2-4302-b029-255d48a66d7f: receive RaftClientReply:client-FB00420D972B->0a7e6056-64a2-4302-b029-255d48a66d7f@group-1EE0336AADCF, cid=2338, SUCCESS, logIndex=3452, commits[0a7e6056-64a2-4302-b029-255d48a66d7f:c3453, 82c1508e-6289-48e2-a567-a0e29c8b4903:c3451, f63d6ef8-0266-4bf3-bcb1-484cdaae1fbb:c3451]
2019-07-09 20:06:49,724 INFO  client.GrpcClientProtocolClient (GrpcClientProtocolClient.java:onNext(255)) - client-FB00420D972B->0a7e6056-64a2-4302-b029-255d48a66d7f: receive RaftClientReply:client-FB00420D972B->0a7e6056-64a2-4302-b029-255d48a66d7f@group-1EE0336AADCF, cid=2339, SUCCESS, logIndex=3453, commits[0a7e6056-64a2-4302-b029-255d48a66d7f:c3453, 82c1508e-6289-48e2-a567-a0e29c8b4903:c3451, f63d6ef8-0266-4bf3-bcb1-484cdaae1fbb:c3451]
2019-07-09 20:06:49,734 INFO  client.GrpcClientProtocolClient (GrpcClientProtocolClient.java:onNext(255)) - client-FB00420D972B->0a7e6056-64a2-4302-b029-255d48a66d7f: receive RaftClientReply:client-FB00420D972B->0a7e6056-64a2-4302-b029-255d48a66d7f@group-1EE0336AADCF, cid=2340, SUCCESS, logIndex=3454, commits[0a7e6056-64a2-4302-b029-255d48a66d7f:c3455, 82c1508e-6289-48e2-a567-a0e29c8b4903:c3451, f63d6ef8-0266-4bf3-bcb1-484cdaae1fbb:c3451]
2019-07-09 20:06:49,735 INFO  client.GrpcClientProtocolClient (GrpcClientProtocolClient.java:onNext(255)) - client-FB00420D972B->0a7e6056-64a2-4302-b029-255d48a66d7f: receive RaftClientReply:client-FB00420D972B->0a7e6056-64a2-4302-b029-255d48a66d7f@group-1EE0336AADCF, cid=2341, SUCCESS, logIndex=3455, commits[0a7e6056-64a2-4302-b029-255d48a66d7f:c3455, 82c1508e-6289-48e2-a567-a0e29c8b4903:c3451, f63d6ef8-0266-4bf3-bcb1-484cdaae1fbb:c3451]
2019-07-09 20:06:49,736 INFO  client.GrpcClientProtocolClient (GrpcClientProtocolClient.java:onNext(255)) - client-FB00420D972B->0a7e6056-64a2-4302-b029-255d48a66d7f: receive RaftClientReply:client-FB00420D972B->0a7e6056-64a2-4302-b029-255d48a66d7f@group-1EE0336AADCF, cid=2342, SUCCESS, logIndex=0, commits[0a7e6056-64a2-4302-b029-255d48a66d7f:c3457, 82c1508e-6289-48e2-a567-a0e29c8b4903:c3453, f63d6ef8-0266-4bf3-bcb1-484cdaae1fbb:c3453]
2019-07-09 20:06:49,764 INFO  client.GrpcClientProtocolClient (GrpcClientProtocolClient.java:onNext(255)) - client-FB00420D972B->0a7e6056-64a2-4302-b029-255d48a66d7f: receive RaftClientReply:client-FB00420D972B->0a7e6056-64a2-4302-b029-255d48a66d7f@group-1EE0336AADCF, cid=2343, SUCCESS, logIndex=3460, commits[0a7e6056-64a2-4302-b029-255d48a66d7f:c3461, 82c1508e-6289-48e2-a567-a0e29c8b4903:c3459, f63d6ef8-0266-4bf3-bcb1-484cdaae1fbb:c3459]
2019-07-09 20:06:49,765 INFO  client.GrpcClientProtocolClient (GrpcClientProtocolClient.java:onNext(255)) - client-FB00420D972B->0a7e6056-64a2-4302-b029-255d48a66d7f: receive RaftClientReply:client-FB00420D972B->0a7e6056-64a2-4302-b029-255d48a66d7f@group-1EE0336AADCF, cid=2344, SUCCESS, logIndex=3461, commits[0a7e6056-64a2-4302-b029-255d48a66d7f:c3461, 82c1508e-6289-48e2-a567-a0e29c8b4903:c3459, f63d6ef8-0266-4bf3-bcb1-484cdaae1fbb:c3459]
2019-07-09 20:06:49,778 INFO  client.GrpcClientProtocolClient (GrpcClientProtocolClient.java:onNext(255)) - client-FB00420D972B->0a7e6056-64a2-4302-b029-255d48a66d7f: receive RaftClientReply:client-FB00420D972B->0a7e6056-64a2-4302-b029-255d48a66d7f@group-1EE0336AADCF, cid=2345, SUCCESS, logIndex=3464, commits[0a7e6056-64a2-4302-b029-255d48a66d7f:c3464, 82c1508e-6289-48e2-a567-a0e29c8b4903:c3461, f63d6ef8-0266-4bf3-bcb1-484cdaae1fbb:c3461]
2019-07-09 20:06:49,778 INFO  client.GrpcClientProtocolClient (GrpcClientProtocolClient.java:onNext(255)) - client-FB00420D972B->0a7e6056-64a2-4302-b029-255d48a66d7f: receive RaftClientReply:client-FB00420D972B->0a7e6056-64a2-4302-b029-255d48a66d7f@group-1EE0336AADCF, cid=2346, SUCCESS, logIndex=3465, commits[0a7e6056-64a2-4302-b029-255d48a66d7f:c3465, 82c1508e-6289-48e2-a567-a0e29c8b4903:c3461, f63d6ef8-0266-4bf3-bcb1-484cdaae1fbb:c3461]
2019-07-09 20:06:49,781 INFO  client.GrpcClientProtocolClient (GrpcClientProtocolClient.java:onNext(255)) - client-FB00420D972B->0a7e6056-64a2-4302-b029-255d48a66d7f: receive RaftClientReply:client-FB00420D972B->0a7e6056-64a2-4302-b029-255d48a66d7f@group-1EE0336AADCF, cid=2347, SUCCESS, logIndex=0, commits[0a7e6056-64a2-4302-b029-255d48a66d7f:c3467, 82c1508e-6289-48e2-a567-a0e29c8b4903:c3465, f63d6ef8-0266-4bf3-bcb1-484cdaae1fbb:c3465]
2019-07-09 20:06:49,811 INFO  client.GrpcClientProtocolClient (GrpcClientProtocolClient.java:onNext(255)) - client-FB00420D972B->0a7e6056-64a2-4302-b029-255d48a66d7f: receive RaftClientReply:client-FB00420D972B->0a7e6056-64a2-4302-b029-255d48a66d7f@group-1EE0336AADCF, cid=2348, SUCCESS, logIndex=3468, commits[0a7e6056-64a2-4302-b029-255d48a66d7f:c3468, 82c1508e-6289-48e2-a567-a0e29c8b4903:c3467, f63d6ef8-0266-4bf3-bcb1-484cdaae1fbb:c3467]
2019-07-09 20:06:49,812 INFO  client.GrpcClientProtocolClient (GrpcClientProtocolClient.java:onNext(255)) - client-FB00420D972B->0a7e6056-64a2-4302-b029-255d48a66d7f: receive RaftClientReply:client-FB00420D972B->0a7e6056-64a2-4302-b029-255d48a66d7f@group-1EE0336AADCF, cid=2349, SUCCESS, logIndex=3469, commits[0a7e6056-64a2-4302-b029-255d48a66d7f:c3469, 82c1508e-6289-48e2-a567-a0e29c8b4903:c3467, f63d6ef8-0266-4bf3-bcb1-484cdaae1fbb:c3467]
2019-07-09 20:06:49,812 INFO  client.GrpcClientProtocolClient (GrpcClientProtocolClient.java:onNext(255)) - client-FB00420D972B->0a7e6056-64a2-4302-b029-255d48a66d7f: receive RaftClientReply:client-FB00420D972B->0a7e6056-64a2-4302-b029-255d48a66d7f@group-1EE0336AADCF, cid=2350, SUCCESS, logIndex=3470, commits[0a7e6056-64a2-4302-b029-255d48a66d7f:c3471, 82c1508e-6289-48e2-a567-a0e29c8b4903:c3467, f63d6ef8-0266-4bf3-bcb1-484cdaae1fbb:c3467]
2019-07-09 20:06:49,812 INFO  client.GrpcClientProtocolClient (GrpcClientProtocolClient.java:onNext(255)) - client-FB00420D972B->0a7e6056-64a2-4302-b029-255d48a66d7f: receive RaftClientReply:client-FB00420D972B->0a7e6056-64a2-4302-b029-255d48a66d7f@group-1EE0336AADCF, cid=2351, SUCCESS, logIndex=3471, commits[0a7e6056-64a2-4302-b029-255d48a66d7f:c3471, 82c1508e-6289-48e2-a567-a0e29c8b4903:c3467, f63d6ef8-0266-4bf3-bcb1-484cdaae1fbb:c3467]
2019-07-09 20:06:49,814 INFO  client.GrpcClientProtocolClient (GrpcClientProtocolClient.java:onNext(255)) - client-FB00420D972B->0a7e6056-64a2-4302-b029-255d48a66d7f: receive RaftClientReply:client-FB00420D972B->0a7e6056-64a2-4302-b029-255d48a66d7f@group-1EE0336AADCF, cid=2352, SUCCESS, logIndex=0, commits[0a7e6056-64a2-4302-b029-255d48a66d7f:c3475, 82c1508e-6289-48e2-a567-a0e29c8b4903:c3469, f63d6ef8-0266-4bf3-bcb1-484cdaae1fbb:c3471]
 0.00% |█                                                                                                    |  0/1 Time: 0:00:212019-07-09 20:06:49,834 INFO  client.GrpcClientProtocolClient (GrpcClientProtocolClient.java:onNext(255)) - client-FB00420D972B->0a7e6056-64a2-4302-b029-255d48a66d7f: receive RaftClientReply:client-FB00420D972B->0a7e6056-64a2-4302-b029-255d48a66d7f@group-1EE0336AADCF, cid=2353, SUCCESS, logIndex=3476, commits[0a7e6056-64a2-4302-b029-255d48a66d7f:c3476, 82c1508e-6289-48e2-a567-a0e29c8b4903:c3475, f63d6ef8-0266-4bf3-bcb1-484cdaae1fbb:c3475]
2019-07-09 20:06:49,835 INFO  client.GrpcClientProtocolClient (GrpcClientProtocolClient.java:onNext(255)) - client-FB00420D972B->0a7e6056-64a2-4302-b029-255d48a66d7f: receive RaftClientReply:client-FB00420D972B->0a7e6056-64a2-4302-b029-255d48a66d7f@group-1EE0336AADCF, cid=2354, SUCCESS, logIndex=3477, commits[0a7e6056-64a2-4302-b029-255d48a66d7f:c3477, 82c1508e-6289-48e2-a567-a0e29c8b4903:c3475, f63d6ef8-0266-4bf3-bcb1-484cdaae1fbb:c3475]
2019-07-09 20:06:49,858 INFO  client.GrpcClientProtocolClient (GrpcClientProtocolClient.java:onNext(255)) - client-FB00420D972B->0a7e6056-64a2-4302-b029-255d48a66d7f: receive RaftClientReply:client-FB00420D972B->0a7e6056-64a2-4302-b029-255d48a66d7f@group-1EE0336AADCF, cid=2355, SUCCESS, logIndex=3480, commits[0a7e6056-64a2-4302-b029-255d48a66d7f:c3481, 82c1508e-6289-48e2-a567-a0e29c8b4903:c3477, f63d6ef8-0266-4bf3-bcb1-484cdaae1fbb:c3477]
2019-07-09 20:06:49,859 INFO  client.GrpcClientProtocolClient (GrpcClientProtocolClient.java:onNext(255)) - client-FB00420D972B->0a7e6056-64a2-4302-b029-255d48a66d7f: receive RaftClientReply:client-FB00420D972B->0a7e6056-64a2-4302-b029-255d48a66d7f@group-1EE0336AADCF, cid=2356, SUCCESS, logIndex=3481, commits[0a7e6056-64a2-4302-b029-255d48a66d7f:c3481, 82c1508e-6289-48e2-a567-a0e29c8b4903:c3477, f63d6ef8-0266-4bf3-bcb1-484cdaae1fbb:c3477]
2019-07-09 20:06:49,861 INFO  client.GrpcClientProtocolClient (GrpcClientProtocolClient.java:onNext(255)) - client-FB00420D972B->0a7e6056-64a2-4302-b029-255d48a66d7f: receive RaftClientReply:client-FB00420D972B->0a7e6056-64a2-4302-b029-255d48a66d7f@group-1EE0336AADCF, cid=2357, SUCCESS, logIndex=0, commits[0a7e6056-64a2-4302-b029-255d48a66d7f:c3483, 82c1508e-6289-48e2-a567-a0e29c8b4903:c3481, f63d6ef8-0266-4bf3-bcb1-484cdaae1fbb:c3481]
2019-07-09 20:06:49,890 INFO  client.GrpcClientProtocolClient (GrpcClientProtocolClient.java:onNext(255)) - client-FB00420D972B->0a7e6056-64a2-4302-b029-255d48a66d7f: receive RaftClientReply:client-FB00420D972B->0a7e6056-64a2-4302-b029-255d48a66d7f@group-1EE0336AADCF, cid=2358, SUCCESS, logIndex=3484, commits[0a7e6056-64a2-4302-b029-255d48a66d7f:c3485, 82c1508e-6289-48e2-a567-a0e29c8b4903:c3483, f63d6ef8-0266-4bf3-bcb1-484cdaae1fbb:c3483]
2019-07-09 20:06:49,891 INFO  client.GrpcClientProtocolClient (GrpcClientProtocolClient.java:onNext(255)) - client-FB00420D972B->0a7e6056-64a2-4302-b029-255d48a66d7f: receive RaftClientReply:client-FB00420D972B->0a7e6056-64a2-4302-b029-255d48a66d7f@group-1EE0336AADCF, cid=2359, SUCCESS, logIndex=3485, commits[0a7e6056-64a2-4302-b029-255d48a66d7f:c3485, 82c1508e-6289-48e2-a567-a0e29c8b4903:c3483, f63d6ef8-0266-4bf3-bcb1-484cdaae1fbb:c3483]
2019-07-09 20:06:49,891 INFO  client.GrpcClientProtocolClient (GrpcClientProtocolClient.java:onNext(255)) - client-FB00420D972B->0a7e6056-64a2-4302-b029-255d48a66d7f: receive RaftClientReply:client-FB00420D972B->0a7e6056-64a2-4302-b029-255d48a66d7f@group-1EE0336AADCF, cid=2360, SUCCESS, logIndex=3486, commits[0a7e6056-64a2-4302-b029-255d48a66d7f:c3487, 82c1508e-6289-48e2-a567-a0e29c8b4903:c3483, f63d6ef8-0266-4bf3-bcb1-484cdaae1fbb:c3483]
2019-07-09 20:06:49,892 INFO  client.GrpcClientProtocolClient (GrpcClientProtocolClient.java:onNext(255)) - client-FB00420D972B->0a7e6056-64a2-4302-b029-255d48a66d7f: receive RaftClientReply:client-FB00420D972B->0a7e6056-64a2-4302-b029-255d48a66d7f@group-1EE0336AADCF, cid=2361, SUCCESS, logIndex=3487, commits[0a7e6056-64a2-4302-b029-255d48a66d7f:c3487, 82c1508e-6289-48e2-a567-a0e29c8b4903:c3483, f63d6ef8-0266-4bf3-bcb1-484cdaae1fbb:c3483]
2019-07-09 20:06:49,895 INFO  client.GrpcClientProtocolClient (GrpcClientProtocolClient.java:onNext(255)) - client-FB00420D972B->0a7e6056-64a2-4302-b029-255d48a66d7f: receive RaftClientReply:client-FB00420D972B->0a7e6056-64a2-4302-b029-255d48a66d7f@group-1EE0336AADCF, cid=2362, SUCCESS, logIndex=0, commits[0a7e6056-64a2-4302-b029-255d48a66d7f:c3490, 82c1508e-6289-48e2-a567-a0e29c8b4903:c3485, f63d6ef8-0266-4bf3-bcb1-484cdaae1fbb:c3487]
2019-07-09 20:06:49,918 INFO  client.GrpcClientProtocolClient (GrpcClientProtocolClient.java:onNext(255)) - client-FB00420D972B->0a7e6056-64a2-4302-b029-255d48a66d7f: receive RaftClientReply:client-FB00420D972B->0a7e6056-64a2-4302-b029-255d48a66d7f@group-1EE0336AADCF, cid=2363, SUCCESS, logIndex=3492, commits[0a7e6056-64a2-4302-b029-255d48a66d7f:c3493, 82c1508e-6289-48e2-a567-a0e29c8b4903:c3487, f63d6ef8-0266-4bf3-bcb1-484cdaae1fbb:c3490]
2019-07-09 20:06:49,918 INFO  client.GrpcClientProtocolClient (GrpcClientProtocolClient.java:onNext(255)) - client-FB00420D972B->0a7e6056-64a2-4302-b029-255d48a66d7f: receive RaftClientReply:client-FB00420D972B->0a7e6056-64a2-4302-b029-255d48a66d7f@group-1EE0336AADCF, cid=2364, SUCCESS, logIndex=3493, commits[0a7e6056-64a2-4302-b029-255d48a66d7f:c3493, 82c1508e-6289-48e2-a567-a0e29c8b4903:c3490, f63d6ef8-0266-4bf3-bcb1-484cdaae1fbb:c3490]
2019-07-09 20:06:49,938 INFO  client.GrpcClientProtocolClient (GrpcClientProtocolClient.java:onNext(255)) - client-FB00420D972B->0a7e6056-64a2-4302-b029-255d48a66d7f: receive RaftClientReply:client-FB00420D972B->0a7e6056-64a2-4302-b029-255d48a66d7f@group-1EE0336AADCF, cid=2365, SUCCESS, logIndex=3496, commits[0a7e6056-64a2-4302-b029-255d48a66d7f:c3496, 82c1508e-6289-48e2-a567-a0e29c8b4903:c3495, f63d6ef8-0266-4bf3-bcb1-484cdaae1fbb:c3495]
2019-07-09 20:06:49,939 INFO  client.GrpcClientProtocolClient (GrpcClientProtocolClient.java:onNext(255)) - client-FB00420D972B->0a7e6056-64a2-4302-b029-255d48a66d7f: receive RaftClientReply:client-FB00420D972B->0a7e6056-64a2-4302-b029-255d48a66d7f@group-1EE0336AADCF, cid=2366, SUCCESS, logIndex=3497, commits[0a7e6056-64a2-4302-b029-255d48a66d7f:c3497, 82c1508e-6289-48e2-a567-a0e29c8b4903:c3495, f63d6ef8-0266-4bf3-bcb1-484cdaae1fbb:c3495]
2019-07-09 20:06:49,952 INFO  client.GrpcClientProtocolClient (GrpcClientProtocolClient.java:onNext(255)) - client-FB00420D972B->0a7e6056-64a2-4302-b029-255d48a66d7f: receive RaftClientReply:client-FB00420D972B->0a7e6056-64a2-4302-b029-255d48a66d7f@group-1EE0336AADCF, cid=2367, SUCCESS, logIndex=0, commits[0a7e6056-64a2-4302-b029-255d48a66d7f:c3499, 82c1508e-6289-48e2-a567-a0e29c8b4903:c3497, f63d6ef8-0266-4bf3-bcb1-484cdaae1fbb:c3497]
2019-07-09 20:06:49,977 INFO  client.GrpcClientProtocolClient (GrpcClientProtocolClient.java:onNext(255)) - client-FB00420D972B->0a7e6056-64a2-4302-b029-255d48a66d7f: receive RaftClientReply:client-FB00420D972B->0a7e6056-64a2-4302-b029-255d48a66d7f@group-1EE0336AADCF, cid=2368, SUCCESS, logIndex=3500, commits[0a7e6056-64a2-4302-b029-255d48a66d7f:c3501, 82c1508e-6289-48e2-a567-a0e29c8b4903:c3497, f63d6ef8-0266-4bf3-bcb1-484cdaae1fbb:c3499]
2019-07-09 20:06:49,978 INFO  client.GrpcClientProtocolClient (GrpcClientProtocolClient.java:onNext(255)) - client-FB00420D972B->0a7e6056-64a2-4302-b029-255d48a66d7f: receive RaftClientReply:client-FB00420D972B->0a7e6056-64a2-4302-b029-255d48a66d7f@group-1EE0336AADCF, cid=2369, SUCCESS, logIndex=3501, commits[0a7e6056-64a2-4302-b029-255d48a66d7f:c3501, 82c1508e-6289-48e2-a567-a0e29c8b4903:c3499, f63d6ef8-0266-4bf3-bcb1-484cdaae1fbb:c3499]
2019-07-09 20:06:49,978 INFO  client.GrpcClientProtocolClient (GrpcClientProtocolClient.java:onNext(255)) - client-FB00420D972B->0a7e6056-64a2-4302-b029-255d48a66d7f: receive RaftClientReply:client-FB00420D972B->0a7e6056-64a2-4302-b029-255d48a66d7f@group-1EE0336AADCF, cid=2370, SUCCESS, logIndex=3502, commits[0a7e6056-64a2-4302-b029-255d48a66d7f:c3503, 82c1508e-6289-48e2-a567-a0e29c8b4903:c3499, f63d6ef8-0266-4bf3-bcb1-484cdaae1fbb:c3499]
2019-07-09 20:06:49,979 INFO  client.GrpcClientProtocolClient (GrpcClientProtocolClient.java:onNext(255)) - client-FB00420D972B->0a7e6056-64a2-4302-b029-255d48a66d7f: receive RaftClientReply:client-FB00420D972B->0a7e6056-64a2-4302-b029-255d48a66d7f@group-1EE0336AADCF, cid=2371, SUCCESS, logIndex=3503, commits[0a7e6056-64a2-4302-b029-255d48a66d7f:c3504, 82c1508e-6289-48e2-a567-a0e29c8b4903:c3500, f63d6ef8-0266-4bf3-bcb1-484cdaae1fbb:c3499]
2019-07-09 20:06:49,980 INFO  client.GrpcClientProtocolClient (GrpcClientProtocolClient.java:onNext(255)) - client-FB00420D972B->0a7e6056-64a2-4302-b029-255d48a66d7f: receive RaftClientReply:client-FB00420D972B->0a7e6056-64a2-4302-b029-255d48a66d7f@group-1EE0336AADCF, cid=2372, SUCCESS, logIndex=0, commits[0a7e6056-64a2-4302-b029-255d48a66d7f:c3505, 82c1508e-6289-48e2-a567-a0e29c8b4903:c3501, f63d6ef8-0266-4bf3-bcb1-484cdaae1fbb:c3501]
2019-07-09 20:06:49,995 INFO  client.GrpcClientProtocolClient (GrpcClientProtocolClient.java:onNext(255)) - client-FB00420D972B->0a7e6056-64a2-4302-b029-255d48a66d7f: receive RaftClientReply:client-FB00420D972B->0a7e6056-64a2-4302-b029-255d48a66d7f@group-1EE0336AADCF, cid=2373, SUCCESS, logIndex=3507, commits[0a7e6056-64a2-4302-b029-255d48a66d7f:c3508, 82c1508e-6289-48e2-a567-a0e29c8b4903:c3503, f63d6ef8-0266-4bf3-bcb1-484cdaae1fbb:c3506]
2019-07-09 20:06:49,995 INFO  client.GrpcClientProtocolClient (GrpcClientProtocolClient.java:onNext(255)) - client-FB00420D972B->0a7e6056-64a2-4302-b029-255d48a66d7f: receive RaftClientReply:client-FB00420D972B->0a7e6056-64a2-4302-b029-255d48a66d7f@group-1EE0336AADCF, cid=2374, SUCCESS, logIndex=3508, commits[0a7e6056-64a2-4302-b029-255d48a66d7f:c3508, 82c1508e-6289-48e2-a567-a0e29c8b4903:c3506, f63d6ef8-0266-4bf3-bcb1-484cdaae1fbb:c3506]
2019-07-09 20:06:50,015 INFO  client.GrpcClientProtocolClient (GrpcClientProtocolClient.java:onNext(255)) - client-FB00420D972B->0a7e6056-64a2-4302-b029-255d48a66d7f: receive RaftClientReply:client-FB00420D972B->0a7e6056-64a2-4302-b029-255d48a66d7f@group-1EE0336AADCF, cid=2375, SUCCESS, logIndex=3511, commits[0a7e6056-64a2-4302-b029-255d48a66d7f:c3512, 82c1508e-6289-48e2-a567-a0e29c8b4903:c3510, f63d6ef8-0266-4bf3-bcb1-484cdaae1fbb:c3510]
2019-07-09 20:06:50,016 INFO  client.GrpcClientProtocolClient (GrpcClientProtocolClient.java:onNext(255)) - client-FB00420D972B->0a7e6056-64a2-4302-b029-255d48a66d7f: receive RaftClientReply:client-FB00420D972B->0a7e6056-64a2-4302-b029-255d48a66d7f@group-1EE0336AADCF, cid=2376, SUCCESS, logIndex=3512, commits[0a7e6056-64a2-4302-b029-255d48a66d7f:c3512, 82c1508e-6289-48e2-a567-a0e29c8b4903:c3510, f63d6ef8-0266-4bf3-bcb1-484cdaae1fbb:c3510]
2019-07-09 20:06:50,029 INFO  client.GrpcClientProtocolClient (GrpcClientProtocolClient.java:onNext(255)) - client-FB00420D972B->0a7e6056-64a2-4302-b029-255d48a66d7f: receive RaftClientReply:client-FB00420D972B->0a7e6056-64a2-4302-b029-255d48a66d7f@group-1EE0336AADCF, cid=2377, SUCCESS, logIndex=0, commits[0a7e6056-64a2-4302-b029-255d48a66d7f:c3514, 82c1508e-6289-48e2-a567-a0e29c8b4903:c3512, f63d6ef8-0266-4bf3-bcb1-484cdaae1fbb:c3512]
2019-07-09 20:06:50,060 INFO  client.GrpcClientProtocolClient (GrpcClientProtocolClient.java:onNext(255)) - client-FB00420D972B->0a7e6056-64a2-4302-b029-255d48a66d7f: receive RaftClientReply:client-FB00420D972B->0a7e6056-64a2-4302-b029-255d48a66d7f@group-1EE0336AADCF, cid=2378, SUCCESS, logIndex=3515, commits[0a7e6056-64a2-4302-b029-255d48a66d7f:c3516, 82c1508e-6289-48e2-a567-a0e29c8b4903:c3514, f63d6ef8-0266-4bf3-bcb1-484cdaae1fbb:c3514]
2019-07-09 20:06:50,061 INFO  client.GrpcClientProtocolClient (GrpcClientProtocolClient.java:onNext(255)) - client-FB00420D972B->0a7e6056-64a2-4302-b029-255d48a66d7f: receive RaftClientReply:client-FB00420D972B->0a7e6056-64a2-4302-b029-255d48a66d7f@group-1EE0336AADCF, cid=2379, SUCCESS, logIndex=3516, commits[0a7e6056-64a2-4302-b029-255d48a66d7f:c3516, 82c1508e-6289-48e2-a567-a0e29c8b4903:c3514, f63d6ef8-0266-4bf3-bcb1-484cdaae1fbb:c3514]
2019-07-09 20:06:50,061 INFO  client.GrpcClientProtocolClient (GrpcClientProtocolClient.java:onNext(255)) - client-FB00420D972B->0a7e6056-64a2-4302-b029-255d48a66d7f: receive RaftClientReply:client-FB00420D972B->0a7e6056-64a2-4302-b029-255d48a66d7f@group-1EE0336AADCF, cid=2380, SUCCESS, logIndex=3517, commits[0a7e6056-64a2-4302-b029-255d48a66d7f:c3518, 82c1508e-6289-48e2-a567-a0e29c8b4903:c3514, f63d6ef8-0266-4bf3-bcb1-484cdaae1fbb:c3514]
2019-07-09 20:06:50,061 INFO  client.GrpcClientProtocolClient (GrpcClientProtocolClient.java:onNext(255)) - client-FB00420D972B->0a7e6056-64a2-4302-b029-255d48a66d7f: receive RaftClientReply:client-FB00420D972B->0a7e6056-64a2-4302-b029-255d48a66d7f@group-1EE0336AADCF, cid=2381, SUCCESS, logIndex=3518, commits[0a7e6056-64a2-4302-b029-255d48a66d7f:c3518, 82c1508e-6289-48e2-a567-a0e29c8b4903:c3514, f63d6ef8-0266-4bf3-bcb1-484cdaae1fbb:c3514]
2019-07-09 20:06:50,074 INFO  client.GrpcClientProtocolClient (GrpcClientProtocolClient.java:onNext(255)) - client-FB00420D972B->0a7e6056-64a2-4302-b029-255d48a66d7f: receive RaftClientReply:client-FB00420D972B->0a7e6056-64a2-4302-b029-255d48a66d7f@group-1EE0336AADCF, cid=2382, SUCCESS, logIndex=0, commits[0a7e6056-64a2-4302-b029-255d48a66d7f:c3520, 82c1508e-6289-48e2-a567-a0e29c8b4903:c3516, f63d6ef8-0266-4bf3-bcb1-484cdaae1fbb:c3516]
2019-07-09 20:06:50,094 INFO  client.GrpcClientProtocolClient (GrpcClientProtocolClient.java:onNext(255)) - client-FB00420D972B->0a7e6056-64a2-4302-b029-255d48a66d7f: receive RaftClientReply:client-FB00420D972B->0a7e6056-64a2-4302-b029-255d48a66d7f@group-1EE0336AADCF, cid=2383, SUCCESS, logIndex=3523, commits[0a7e6056-64a2-4302-b029-255d48a66d7f:c3524, 82c1508e-6289-48e2-a567-a0e29c8b4903:c3522, f63d6ef8-0266-4bf3-bcb1-484cdaae1fbb:c3522]
2019-07-09 20:06:50,095 INFO  client.GrpcClientProtocolClient (GrpcClientProtocolClient.java:onNext(255)) - client-FB00420D972B->0a7e6056-64a2-4302-b029-255d48a66d7f: receive RaftClientReply:client-FB00420D972B->0a7e6056-64a2-4302-b029-255d48a66d7f@group-1EE0336AADCF, cid=2384, SUCCESS, logIndex=3524, commits[0a7e6056-64a2-4302-b029-255d48a66d7f:c3524, 82c1508e-6289-48e2-a567-a0e29c8b4903:c3522, f63d6ef8-0266-4bf3-bcb1-484cdaae1fbb:c3522]
2019-07-09 20:06:50,107 INFO  client.GrpcClientProtocolClient (GrpcClientProtocolClient.java:onNext(255)) - client-FB00420D972B->0a7e6056-64a2-4302-b029-255d48a66d7f: receive RaftClientReply:client-FB00420D972B->0a7e6056-64a2-4302-b029-255d48a66d7f@group-1EE0336AADCF, cid=2385, SUCCESS, logIndex=3527, commits[0a7e6056-64a2-4302-b029-255d48a66d7f:c3528, 82c1508e-6289-48e2-a567-a0e29c8b4903:c3524, f63d6ef8-0266-4bf3-bcb1-484cdaae1fbb:c3523]
2019-07-09 20:06:50,108 INFO  client.GrpcClientProtocolClient (GrpcClientProtocolClient.java:onNext(255)) - client-FB00420D972B->0a7e6056-64a2-4302-b029-255d48a66d7f: receive RaftClientReply:client-FB00420D972B->0a7e6056-64a2-4302-b029-255d48a66d7f@group-1EE0336AADCF, cid=2386, SUCCESS, logIndex=3528, commits[0a7e6056-64a2-4302-b029-255d48a66d7f:c3528, 82c1508e-6289-48e2-a567-a0e29c8b4903:c3524, f63d6ef8-0266-4bf3-bcb1-484cdaae1fbb:c3523]
2019-07-09 20:06:50,110 INFO  client.GrpcClientProtocolClient (GrpcClientProtocolClient.java:onNext(255)) - client-FB00420D972B->0a7e6056-64a2-4302-b029-255d48a66d7f: receive RaftClientReply:client-FB00420D972B->0a7e6056-64a2-4302-b029-255d48a66d7f@group-1EE0336AADCF, cid=2387, SUCCESS, logIndex=0, commits[0a7e6056-64a2-4302-b029-255d48a66d7f:c3528, 82c1508e-6289-48e2-a567-a0e29c8b4903:c3524, f63d6ef8-0266-4bf3-bcb1-484cdaae1fbb:c3524]
2019-07-09 20:06:50,111 INFO  client.GrpcClientProtocolClient (GrpcClientProtocolClient.java:onNext(255)) - client-FB00420D972B->0a7e6056-64a2-4302-b029-255d48a66d7f: receive RaftClientReply:client-FB00420D972B->0a7e6056-64a2-4302-b029-255d48a66d7f@group-1EE0336AADCF, cid=2388, SUCCESS, logIndex=0, commits[0a7e6056-64a2-4302-b029-255d48a66d7f:c3530, 82c1508e-6289-48e2-a567-a0e29c8b4903:c3528, f63d6ef8-0266-4bf3-bcb1-484cdaae1fbb:c3528]
2019-07-09 20:06:50,138 INFO  client.GrpcClientProtocolClient (GrpcClientProtocolClient.java:onNext(255)) - client-FB00420D972B->0a7e6056-64a2-4302-b029-255d48a66d7f: receive RaftClientReply:client-FB00420D972B->0a7e6056-64a2-4302-b029-255d48a66d7f@group-1EE0336AADCF, cid=2389, SUCCESS, logIndex=3531, commits[0a7e6056-64a2-4302-b029-255d48a66d7f:c3532, 82c1508e-6289-48e2-a567-a0e29c8b4903:c3530, f63d6ef8-0266-4bf3-bcb1-484cdaae1fbb:c3530]
2019-07-09 20:06:50,139 INFO  client.GrpcClientProtocolClient (GrpcClientProtocolClient.java:onNext(255)) - client-FB00420D972B->0a7e6056-64a2-4302-b029-255d48a66d7f: receive RaftClientReply:client-FB00420D972B->0a7e6056-64a2-4302-b029-255d48a66d7f@group-1EE0336AADCF, cid=2390, SUCCESS, logIndex=3532, commits[0a7e6056-64a2-4302-b029-255d48a66d7f:c3532, 82c1508e-6289-48e2-a567-a0e29c8b4903:c3530, f63d6ef8-0266-4bf3-bcb1-484cdaae1fbb:c3530]
2019-07-09 20:06:50,149 INFO  client.GrpcClientProtocolClient (GrpcClientProtocolClient.java:onNext(255)) - client-FB00420D972B->0a7e6056-64a2-4302-b029-255d48a66d7f: receive RaftClientReply:client-FB00420D972B->0a7e6056-64a2-4302-b029-255d48a66d7f@group-1EE0336AADCF, cid=2391, SUCCESS, logIndex=3533, commits[0a7e6056-64a2-4302-b029-255d48a66d7f:c3534, 82c1508e-6289-48e2-a567-a0e29c8b4903:c3530, f63d6ef8-0266-4bf3-bcb1-484cdaae1fbb:c3530]
2019-07-09 20:06:50,150 INFO  client.GrpcClientProtocolClient (GrpcClientProtocolClient.java:onNext(255)) - client-FB00420D972B->0a7e6056-64a2-4302-b029-255d48a66d7f: receive RaftClientReply:client-FB00420D972B->0a7e6056-64a2-4302-b029-255d48a66d7f@group-1EE0336AADCF, cid=2392, SUCCESS, logIndex=3534, commits[0a7e6056-64a2-4302-b029-255d48a66d7f:c3534, 82c1508e-6289-48e2-a567-a0e29c8b4903:c3530, f63d6ef8-0266-4bf3-bcb1-484cdaae1fbb:c3530]
2019-07-09 20:06:50,151 INFO  client.GrpcClientProtocolClient (GrpcClientProtocolClient.java:onNext(255)) - client-FB00420D972B->0a7e6056-64a2-4302-b029-255d48a66d7f: receive RaftClientReply:client-FB00420D972B->0a7e6056-64a2-4302-b029-255d48a66d7f@group-1EE0336AADCF, cid=2393, SUCCESS, logIndex=0, commits[0a7e6056-64a2-4302-b029-255d48a66d7f:c3536, 82c1508e-6289-48e2-a567-a0e29c8b4903:c3532, f63d6ef8-0266-4bf3-bcb1-484cdaae1fbb:c3533]
2019-07-09 20:06:50,171 INFO  client.GrpcClientProtocolClient (GrpcClientProtocolClient.java:onNext(255)) - client-FB00420D972B->0a7e6056-64a2-4302-b029-255d48a66d7f: receive RaftClientReply:client-FB00420D972B->0a7e6056-64a2-4302-b029-255d48a66d7f@group-1EE0336AADCF, cid=2394, SUCCESS, logIndex=3539, commits[0a7e6056-64a2-4302-b029-255d48a66d7f:c3539, 82c1508e-6289-48e2-a567-a0e29c8b4903:c3538, f63d6ef8-0266-4bf3-bcb1-484cdaae1fbb:c3538]
2019-07-09 20:06:50,172 INFO  client.GrpcClientProtocolClient (GrpcClientProtocolClient.java:onNext(255)) - client-FB00420D972B->0a7e6056-64a2-4302-b029-255d48a66d7f: receive RaftClientReply:client-FB00420D972B->0a7e6056-64a2-4302-b029-255d48a66d7f@group-1EE0336AADCF, cid=2395, SUCCESS, logIndex=3540, commits[0a7e6056-64a2-4302-b029-255d48a66d7f:c3540, 82c1508e-6289-48e2-a567-a0e29c8b4903:c3538, f63d6ef8-0266-4bf3-bcb1-484cdaae1fbb:c3538]
2019-07-09 20:06:50,200 INFO  client.GrpcClientProtocolClient (GrpcClientProtocolClient.java:onNext(255)) - client-FB00420D972B->0a7e6056-64a2-4302-b029-255d48a66d7f: receive RaftClientReply:client-FB00420D972B->0a7e6056-64a2-4302-b029-255d48a66d7f@group-1EE0336AADCF, cid=2396, SUCCESS, logIndex=3543, commits[0a7e6056-64a2-4302-b029-255d48a66d7f:c3543, 82c1508e-6289-48e2-a567-a0e29c8b4903:c3540, f63d6ef8-0266-4bf3-bcb1-484cdaae1fbb:c3540]
2019-07-09 20:06:50,201 INFO  client.GrpcClientProtocolClient (GrpcClientProtocolClient.java:onNext(255)) - client-FB00420D972B->0a7e6056-64a2-4302-b029-255d48a66d7f: receive RaftClientReply:client-FB00420D972B->0a7e6056-64a2-4302-b029-255d48a66d7f@group-1EE0336AADCF, cid=2397, SUCCESS, logIndex=3544, commits[0a7e6056-64a2-4302-b029-255d48a66d7f:c3544, 82c1508e-6289-48e2-a567-a0e29c8b4903:c3540, f63d6ef8-0266-4bf3-bcb1-484cdaae1fbb:c3540]
2019-07-09 20:06:50,215 INFO  client.GrpcClientProtocolClient (GrpcClientProtocolClient.java:onNext(255)) - client-FB00420D972B->0a7e6056-64a2-4302-b029-255d48a66d7f: receive RaftClientReply:client-FB00420D972B->0a7e6056-64a2-4302-b029-255d48a66d7f@group-1EE0336AADCF, cid=2398, SUCCESS, logIndex=0, commits[0a7e6056-64a2-4302-b029-255d48a66d7f:c3546, 82c1508e-6289-48e2-a567-a0e29c8b4903:c3544, f63d6ef8-0266-4bf3-bcb1-484cdaae1fbb:c3544]
2019-07-09 20:06:50,242 INFO  client.GrpcClientProtocolClient (GrpcClientProtocolClient.java:onNext(255)) - client-FB00420D972B->0a7e6056-64a2-4302-b029-255d48a66d7f: receive RaftClientReply:client-FB00420D972B->0a7e6056-64a2-4302-b029-255d48a66d7f@group-1EE0336AADCF, cid=2399, SUCCESS, logIndex=3547, commits[0a7e6056-64a2-4302-b029-255d48a66d7f:c3550, 82c1508e-6289-48e2-a567-a0e29c8b4903:c3546, f63d6ef8-0266-4bf3-bcb1-484cdaae1fbb:c3546]
2019-07-09 20:06:50,244 INFO  client.GrpcClientProtocolClient (GrpcClientProtocolClient.java:onNext(255)) - client-FB00420D972B->0a7e6056-64a2-4302-b029-255d48a66d7f: receive RaftClientReply:client-FB00420D972B->0a7e6056-64a2-4302-b029-255d48a66d7f@group-1EE0336AADCF, cid=2400, SUCCESS, logIndex=3548, commits[0a7e6056-64a2-4302-b029-255d48a66d7f:c3550, 82c1508e-6289-48e2-a567-a0e29c8b4903:c3546, f63d6ef8-0266-4bf3-bcb1-484cdaae1fbb:c3546]
2019-07-09 20:06:50,244 INFO  client.GrpcClientProtocolClient (GrpcClientProtocolClient.java:onNext(255)) - client-FB00420D972B->0a7e6056-64a2-4302-b029-255d48a66d7f: receive RaftClientReply:client-FB00420D972B->0a7e6056-64a2-4302-b029-255d48a66d7f@group-1EE0336AADCF, cid=2401, SUCCESS, logIndex=3549, commits[0a7e6056-64a2-4302-b029-255d48a66d7f:c3550, 82c1508e-6289-48e2-a567-a0e29c8b4903:c3546, f63d6ef8-0266-4bf3-bcb1-484cdaae1fbb:c3546]
2019-07-09 20:06:50,245 INFO  client.GrpcClientProtocolClient (GrpcClientProtocolClient.java:onNext(255)) - client-FB00420D972B->0a7e6056-64a2-4302-b029-255d48a66d7f: receive RaftClientReply:client-FB00420D972B->0a7e6056-64a2-4302-b029-255d48a66d7f@group-1EE0336AADCF, cid=2402, SUCCESS, logIndex=3550, commits[0a7e6056-64a2-4302-b029-255d48a66d7f:c3553, 82c1508e-6289-48e2-a567-a0e29c8b4903:c3549, f63d6ef8-0266-4bf3-bcb1-484cdaae1fbb:c3548]
2019-07-09 20:06:50,265 INFO  client.GrpcClientProtocolClient (GrpcClientProtocolClient.java:onNext(255)) - client-FB00420D972B->0a7e6056-64a2-4302-b029-255d48a66d7f: receive RaftClientReply:client-FB00420D972B->0a7e6056-64a2-4302-b029-255d48a66d7f@group-1EE0336AADCF, cid=2403, SUCCESS, logIndex=3555, commits[0a7e6056-64a2-4302-b029-255d48a66d7f:c3555, 82c1508e-6289-48e2-a567-a0e29c8b4903:c3554, f63d6ef8-0266-4bf3-bcb1-484cdaae1fbb:c3554]
2019-07-09 20:06:50,265 INFO  client.GrpcClientProtocolClient (GrpcClientProtocolClient.java:onNext(255)) - client-FB00420D972B->0a7e6056-64a2-4302-b029-255d48a66d7f: receive RaftClientReply:client-FB00420D972B->0a7e6056-64a2-4302-b029-255d48a66d7f@group-1EE0336AADCF, cid=2404, SUCCESS, logIndex=3556, commits[0a7e6056-64a2-4302-b029-255d48a66d7f:c3556, 82c1508e-6289-48e2-a567-a0e29c8b4903:c3554, f63d6ef8-0266-4bf3-bcb1-484cdaae1fbb:c3554]
2019-07-09 20:06:50,278 INFO  client.GrpcClientProtocolClient (GrpcClientProtocolClient.java:onNext(255)) - client-FB00420D972B->0a7e6056-64a2-4302-b029-255d48a66d7f: receive RaftClientReply:client-FB00420D972B->0a7e6056-64a2-4302-b029-255d48a66d7f@group-1EE0336AADCF, cid=2405, SUCCESS, logIndex=3559, commits[0a7e6056-64a2-4302-b029-255d48a66d7f:c3560, 82c1508e-6289-48e2-a567-a0e29c8b4903:c3556, f63d6ef8-0266-4bf3-bcb1-484cdaae1fbb:c3556]
2019-07-09 20:06:50,279 INFO  client.GrpcClientProtocolClient (GrpcClientProtocolClient.java:onNext(255)) - client-FB00420D972B->0a7e6056-64a2-4302-b029-255d48a66d7f: receive RaftClientReply:client-FB00420D972B->0a7e6056-64a2-4302-b029-255d48a66d7f@group-1EE0336AADCF, cid=2406, SUCCESS, logIndex=3560, commits[0a7e6056-64a2-4302-b029-255d48a66d7f:c3560, 82c1508e-6289-48e2-a567-a0e29c8b4903:c3556, f63d6ef8-0266-4bf3-bcb1-484cdaae1fbb:c3556]
2019-07-09 20:06:50,292 INFO  client.GrpcClientProtocolClient (GrpcClientProtocolClient.java:onNext(255)) - client-FB00420D972B->0a7e6056-64a2-4302-b029-255d48a66d7f: receive RaftClientReply:client-FB00420D972B->0a7e6056-64a2-4302-b029-255d48a66d7f@group-1EE0336AADCF, cid=2407, SUCCESS, logIndex=0, commits[0a7e6056-64a2-4302-b029-255d48a66d7f:c3562, 82c1508e-6289-48e2-a567-a0e29c8b4903:c3560, f63d6ef8-0266-4bf3-bcb1-484cdaae1fbb:c3560]
2019-07-09 20:06:50,320 INFO  client.GrpcClientProtocolClient (GrpcClientProtocolClient.java:onNext(255)) - client-FB00420D972B->0a7e6056-64a2-4302-b029-255d48a66d7f: receive RaftClientReply:client-FB00420D972B->0a7e6056-64a2-4302-b029-255d48a66d7f@group-1EE0336AADCF, cid=2408, SUCCESS, logIndex=3563, commits[0a7e6056-64a2-4302-b029-255d48a66d7f:c3565, 82c1508e-6289-48e2-a567-a0e29c8b4903:c3562, f63d6ef8-0266-4bf3-bcb1-484cdaae1fbb:c3562]
2019-07-09 20:06:50,321 INFO  client.GrpcClientProtocolClient (GrpcClientProtocolClient.java:onNext(255)) - client-FB00420D972B->0a7e6056-64a2-4302-b029-255d48a66d7f: receive RaftClientReply:client-FB00420D972B->0a7e6056-64a2-4302-b029-255d48a66d7f@group-1EE0336AADCF, cid=2409, SUCCESS, logIndex=3564, commits[0a7e6056-64a2-4302-b029-255d48a66d7f:c3566, 82c1508e-6289-48e2-a567-a0e29c8b4903:c3562, f63d6ef8-0266-4bf3-bcb1-484cdaae1fbb:c3562]
2019-07-09 20:06:50,321 INFO  client.GrpcClientProtocolClient (GrpcClientProtocolClient.java:onNext(255)) - client-FB00420D972B->0a7e6056-64a2-4302-b029-255d48a66d7f: receive RaftClientReply:client-FB00420D972B->0a7e6056-64a2-4302-b029-255d48a66d7f@group-1EE0336AADCF, cid=2410, SUCCESS, logIndex=3565, commits[0a7e6056-64a2-4302-b029-255d48a66d7f:c3566, 82c1508e-6289-48e2-a567-a0e29c8b4903:c3562, f63d6ef8-0266-4bf3-bcb1-484cdaae1fbb:c3562]
2019-07-09 20:06:50,322 INFO  client.GrpcClientProtocolClient (GrpcClientProtocolClient.java:onNext(255)) - client-FB00420D972B->0a7e6056-64a2-4302-b029-255d48a66d7f: receive RaftClientReply:client-FB00420D972B->0a7e6056-64a2-4302-b029-255d48a66d7f@group-1EE0336AADCF, cid=2411, SUCCESS, logIndex=3566, commits[0a7e6056-64a2-4302-b029-255d48a66d7f:c3567, 82c1508e-6289-48e2-a567-a0e29c8b4903:c3562, f63d6ef8-0266-4bf3-bcb1-484cdaae1fbb:c3563]
2019-07-09 20:06:50,451 INFO  client.GrpcClientProtocolClient (GrpcClientProtocolClient.java:onNext(255)) - client-FB00420D972B->0a7e6056-64a2-4302-b029-255d48a66d7f: receive RaftClientReply:client-FB00420D972B->0a7e6056-64a2-4302-b029-255d48a66d7f@group-1EE0336AADCF, cid=2412, SUCCESS, logIndex=0, commits[0a7e6056-64a2-4302-b029-255d48a66d7f:c3570, 82c1508e-6289-48e2-a567-a0e29c8b4903:c3566, f63d6ef8-0266-4bf3-bcb1-484cdaae1fbb:c3566]
2019-07-09 20:06:50,474 INFO  client.GrpcClientProtocolClient (GrpcClientProtocolClient.java:onNext(255)) - client-FB00420D972B->0a7e6056-64a2-4302-b029-255d48a66d7f: receive RaftClientReply:client-FB00420D972B->0a7e6056-64a2-4302-b029-255d48a66d7f@group-1EE0336AADCF, cid=2413, SUCCESS, logIndex=3571, commits[0a7e6056-64a2-4302-b029-255d48a66d7f:c3572, 82c1508e-6289-48e2-a567-a0e29c8b4903:c3570, f63d6ef8-0266-4bf3-bcb1-484cdaae1fbb:c3570]
2019-07-09 20:06:50,474 INFO  client.GrpcClientProtocolClient (GrpcClientProtocolClient.java:onNext(255)) - client-FB00420D972B->0a7e6056-64a2-4302-b029-255d48a66d7f: receive RaftClientReply:client-FB00420D972B->0a7e6056-64a2-4302-b029-255d48a66d7f@group-1EE0336AADCF, cid=2414, SUCCESS, logIndex=3572, commits[0a7e6056-64a2-4302-b029-255d48a66d7f:c3572, 82c1508e-6289-48e2-a567-a0e29c8b4903:c3570, f63d6ef8-0266-4bf3-bcb1-484cdaae1fbb:c3570]
2019-07-09 20:06:50,498 INFO  client.GrpcClientProtocolClient (GrpcClientProtocolClient.java:onNext(255)) - client-FB00420D972B->0a7e6056-64a2-4302-b029-255d48a66d7f: receive RaftClientReply:client-FB00420D972B->0a7e6056-64a2-4302-b029-255d48a66d7f@group-1EE0336AADCF, cid=2415, SUCCESS, logIndex=3575, commits[0a7e6056-64a2-4302-b029-255d48a66d7f:c3576, 82c1508e-6289-48e2-a567-a0e29c8b4903:c3571, f63d6ef8-0266-4bf3-bcb1-484cdaae1fbb:c3572]
2019-07-09 20:06:50,499 INFO  client.GrpcClientProtocolClient (GrpcClientProtocolClient.java:onNext(255)) - client-FB00420D972B->0a7e6056-64a2-4302-b029-255d48a66d7f: receive RaftClientReply:client-FB00420D972B->0a7e6056-64a2-4302-b029-255d48a66d7f@group-1EE0336AADCF, cid=2416, SUCCESS, logIndex=3576, commits[0a7e6056-64a2-4302-b029-255d48a66d7f:c3576, 82c1508e-6289-48e2-a567-a0e29c8b4903:c3572, f63d6ef8-0266-4bf3-bcb1-484cdaae1fbb:c3572]
2019-07-09 20:06:50,500 INFO  client.GrpcClientProtocolClient (GrpcClientProtocolClient.java:onNext(255)) - client-FB00420D972B->0a7e6056-64a2-4302-b029-255d48a66d7f: receive RaftClientReply:client-FB00420D972B->0a7e6056-64a2-4302-b029-255d48a66d7f@group-1EE0336AADCF, cid=2417, SUCCESS, logIndex=0, commits[0a7e6056-64a2-4302-b029-255d48a66d7f:c3577, 82c1508e-6289-48e2-a567-a0e29c8b4903:c3576, f63d6ef8-0266-4bf3-bcb1-484cdaae1fbb:c3576]
2019-07-09 20:06:50,533 INFO  client.GrpcClientProtocolClient (GrpcClientProtocolClient.java:onNext(255)) - client-FB00420D972B->0a7e6056-64a2-4302-b029-255d48a66d7f: receive RaftClientReply:client-FB00420D972B->0a7e6056-64a2-4302-b029-255d48a66d7f@group-1EE0336AADCF, cid=2418, SUCCESS, logIndex=3578, commits[0a7e6056-64a2-4302-b029-255d48a66d7f:c3579, 82c1508e-6289-48e2-a567-a0e29c8b4903:c3577, f63d6ef8-0266-4bf3-bcb1-484cdaae1fbb:c3577]
2019-07-09 20:06:50,533 INFO  client.GrpcClientProtocolClient (GrpcClientProtocolClient.java:onNext(255)) - client-FB00420D972B->0a7e6056-64a2-4302-b029-255d48a66d7f: receive RaftClientReply:client-FB00420D972B->0a7e6056-64a2-4302-b029-255d48a66d7f@group-1EE0336AADCF, cid=2419, SUCCESS, logIndex=3579, commits[0a7e6056-64a2-4302-b029-255d48a66d7f:c3581, 82c1508e-6289-48e2-a567-a0e29c8b4903:c3577, f63d6ef8-0266-4bf3-bcb1-484cdaae1fbb:c3577]
2019-07-09 20:06:50,534 INFO  client.GrpcClientProtocolClient (GrpcClientProtocolClient.java:onNext(255)) - client-FB00420D972B->0a7e6056-64a2-4302-b029-255d48a66d7f: receive RaftClientReply:client-FB00420D972B->0a7e6056-64a2-4302-b029-255d48a66d7f@group-1EE0336AADCF, cid=2420, SUCCESS, logIndex=3580, commits[0a7e6056-64a2-4302-b029-255d48a66d7f:c3583, 82c1508e-6289-48e2-a567-a0e29c8b4903:c3577, f63d6ef8-0266-4bf3-bcb1-484cdaae1fbb:c3579]
2019-07-09 20:06:50,534 INFO  client.GrpcClientProtocolClient (GrpcClientProtocolClient.java:onNext(255)) - client-FB00420D972B->0a7e6056-64a2-4302-b029-255d48a66d7f: receive RaftClientReply:client-FB00420D972B->0a7e6056-64a2-4302-b029-255d48a66d7f@group-1EE0336AADCF, cid=2421, SUCCESS, logIndex=3581, commits[0a7e6056-64a2-4302-b029-255d48a66d7f:c3583, 82c1508e-6289-48e2-a567-a0e29c8b4903:c3577, f63d6ef8-0266-4bf3-bcb1-484cdaae1fbb:c3579]
2019-07-09 20:06:50,535 INFO  client.GrpcClientProtocolClient (GrpcClientProtocolClient.java:onNext(255)) - client-FB00420D972B->0a7e6056-64a2-4302-b029-255d48a66d7f: receive RaftClientReply:client-FB00420D972B->0a7e6056-64a2-4302-b029-255d48a66d7f@group-1EE0336AADCF, cid=2422, SUCCESS, logIndex=0, commits[0a7e6056-64a2-4302-b029-255d48a66d7f:c3585, 82c1508e-6289-48e2-a567-a0e29c8b4903:c3579, f63d6ef8-0266-4bf3-bcb1-484cdaae1fbb:c3581]
2019-07-09 20:06:50,556 INFO  client.GrpcClientProtocolClient (GrpcClientProtocolClient.java:onNext(255)) - client-FB00420D972B->0a7e6056-64a2-4302-b029-255d48a66d7f: receive RaftClientReply:client-FB00420D972B->0a7e6056-64a2-4302-b029-255d48a66d7f@group-1EE0336AADCF, cid=2423, SUCCESS, logIndex=3586, commits[0a7e6056-64a2-4302-b029-255d48a66d7f:c3587, 82c1508e-6289-48e2-a567-a0e29c8b4903:c3585, f63d6ef8-0266-4bf3-bcb1-484cdaae1fbb:c3585]
2019-07-09 20:06:50,556 INFO  client.GrpcClientProtocolClient (GrpcClientProtocolClient.java:onNext(255)) - client-FB00420D972B->0a7e6056-64a2-4302-b029-255d48a66d7f: receive RaftClientReply:client-FB00420D972B->0a7e6056-64a2-4302-b029-255d48a66d7f@group-1EE0336AADCF, cid=2424, SUCCESS, logIndex=3587, commits[0a7e6056-64a2-4302-b029-255d48a66d7f:c3587, 82c1508e-6289-48e2-a567-a0e29c8b4903:c3585, f63d6ef8-0266-4bf3-bcb1-484cdaae1fbb:c3585]
2019-07-09 20:06:50,570 INFO  client.GrpcClientProtocolClient (GrpcClientProtocolClient.java:onNext(255)) - client-FB00420D972B->0a7e6056-64a2-4302-b029-255d48a66d7f: receive RaftClientReply:client-FB00420D972B->0a7e6056-64a2-4302-b029-255d48a66d7f@group-1EE0336AADCF, cid=2425, SUCCESS, logIndex=3590, commits[0a7e6056-64a2-4302-b029-255d48a66d7f:c3591, 82c1508e-6289-48e2-a567-a0e29c8b4903:c3587, f63d6ef8-0266-4bf3-bcb1-484cdaae1fbb:c3587]
2019-07-09 20:06:50,570 INFO  client.GrpcClientProtocolClient (GrpcClientProtocolClient.java:onNext(255)) - client-FB00420D972B->0a7e6056-64a2-4302-b029-255d48a66d7f: receive RaftClientReply:client-FB00420D972B->0a7e6056-64a2-4302-b029-255d48a66d7f@group-1EE0336AADCF, cid=2426, SUCCESS, logIndex=3591, commits[0a7e6056-64a2-4302-b029-255d48a66d7f:c3591, 82c1508e-6289-48e2-a567-a0e29c8b4903:c3587, f63d6ef8-0266-4bf3-bcb1-484cdaae1fbb:c3587]
2019-07-09 20:06:50,571 INFO  client.GrpcClientProtocolClient (GrpcClientProtocolClient.java:onNext(255)) - client-FB00420D972B->0a7e6056-64a2-4302-b029-255d48a66d7f: receive RaftClientReply:client-FB00420D972B->0a7e6056-64a2-4302-b029-255d48a66d7f@group-1EE0336AADCF, cid=2427, SUCCESS, logIndex=0, commits[0a7e6056-64a2-4302-b029-255d48a66d7f:c3592, 82c1508e-6289-48e2-a567-a0e29c8b4903:c3591, f63d6ef8-0266-4bf3-bcb1-484cdaae1fbb:c3591]
2019-07-09 20:06:50,605 INFO  client.GrpcClientProtocolClient (GrpcClientProtocolClient.java:onNext(255)) - client-FB00420D972B->0a7e6056-64a2-4302-b029-255d48a66d7f: receive RaftClientReply:client-FB00420D972B->0a7e6056-64a2-4302-b029-255d48a66d7f@group-1EE0336AADCF, cid=2428, SUCCESS, logIndex=3594, commits[0a7e6056-64a2-4302-b029-255d48a66d7f:c3594, 82c1508e-6289-48e2-a567-a0e29c8b4903:c3593, f63d6ef8-0266-4bf3-bcb1-484cdaae1fbb:c3593]
2019-07-09 20:06:50,606 INFO  client.GrpcClientProtocolClient (GrpcClientProtocolClient.java:onNext(255)) - client-FB00420D972B->0a7e6056-64a2-4302-b029-255d48a66d7f: receive RaftClientReply:client-FB00420D972B->0a7e6056-64a2-4302-b029-255d48a66d7f@group-1EE0336AADCF, cid=2429, SUCCESS, logIndex=3595, commits[0a7e6056-64a2-4302-b029-255d48a66d7f:c3596, 82c1508e-6289-48e2-a567-a0e29c8b4903:c3593, f63d6ef8-0266-4bf3-bcb1-484cdaae1fbb:c3593]
2019-07-09 20:06:50,607 INFO  client.GrpcClientProtocolClient (GrpcClientProtocolClient.java:onNext(255)) - client-FB00420D972B->0a7e6056-64a2-4302-b029-255d48a66d7f: receive RaftClientReply:client-FB00420D972B->0a7e6056-64a2-4302-b029-255d48a66d7f@group-1EE0336AADCF, cid=2430, SUCCESS, logIndex=3596, commits[0a7e6056-64a2-4302-b029-255d48a66d7f:c3597, 82c1508e-6289-48e2-a567-a0e29c8b4903:c3593, f63d6ef8-0266-4bf3-bcb1-484cdaae1fbb:c3593]
2019-07-09 20:06:50,607 INFO  client.GrpcClientProtocolClient (GrpcClientProtocolClient.java:onNext(255)) - client-FB00420D972B->0a7e6056-64a2-4302-b029-255d48a66d7f: receive RaftClientReply:client-FB00420D972B->0a7e6056-64a2-4302-b029-255d48a66d7f@group-1EE0336AADCF, cid=2431, SUCCESS, logIndex=3597, commits[0a7e6056-64a2-4302-b029-255d48a66d7f:c3597, 82c1508e-6289-48e2-a567-a0e29c8b4903:c3593, f63d6ef8-0266-4bf3-bcb1-484cdaae1fbb:c3594]
2019-07-09 20:06:50,608 INFO  client.GrpcClientProtocolClient (GrpcClientProtocolClient.java:onNext(255)) - client-FB00420D972B->0a7e6056-64a2-4302-b029-255d48a66d7f: receive RaftClientReply:client-FB00420D972B->0a7e6056-64a2-4302-b029-255d48a66d7f@group-1EE0336AADCF, cid=2432, SUCCESS, logIndex=0, commits[0a7e6056-64a2-4302-b029-255d48a66d7f:c3600, 82c1508e-6289-48e2-a567-a0e29c8b4903:c3596, f63d6ef8-0266-4bf3-bcb1-484cdaae1fbb:c3595]
2019-07-09 20:06:50,630 INFO  client.GrpcClientProtocolClient (GrpcClientProtocolClient.java:onNext(255)) - client-FB00420D972B->0a7e6056-64a2-4302-b029-255d48a66d7f: receive RaftClientReply:client-FB00420D972B->0a7e6056-64a2-4302-b029-255d48a66d7f@group-1EE0336AADCF, cid=2433, SUCCESS, logIndex=3602, commits[0a7e6056-64a2-4302-b029-255d48a66d7f:c3603, 82c1508e-6289-48e2-a567-a0e29c8b4903:c3601, f63d6ef8-0266-4bf3-bcb1-484cdaae1fbb:c3601]
2019-07-09 20:06:50,630 INFO  client.GrpcClientProtocolClient (GrpcClientProtocolClient.java:onNext(255)) - client-FB00420D972B->0a7e6056-64a2-4302-b029-255d48a66d7f: receive RaftClientReply:client-FB00420D972B->0a7e6056-64a2-4302-b029-255d48a66d7f@group-1EE0336AADCF, cid=2434, SUCCESS, logIndex=3603, commits[0a7e6056-64a2-4302-b029-255d48a66d7f:c3603, 82c1508e-6289-48e2-a567-a0e29c8b4903:c3601, f63d6ef8-0266-4bf3-bcb1-484cdaae1fbb:c3601]
2019-07-09 20:06:50,654 INFO  client.GrpcClientProtocolClient (GrpcClientProtocolClient.java:onNext(255)) - client-FB00420D972B->0a7e6056-64a2-4302-b029-255d48a66d7f: receive RaftClientReply:client-FB00420D972B->0a7e6056-64a2-4302-b029-255d48a66d7f@group-1EE0336AADCF, cid=2435, SUCCESS, logIndex=3606, commits[0a7e6056-64a2-4302-b029-255d48a66d7f:c3607, 82c1508e-6289-48e2-a567-a0e29c8b4903:c3603, f63d6ef8-0266-4bf3-bcb1-484cdaae1fbb:c3603]
2019-07-09 20:06:50,654 INFO  client.GrpcClientProtocolClient (GrpcClientProtocolClient.java:onNext(255)) - client-FB00420D972B->0a7e6056-64a2-4302-b029-255d48a66d7f: receive RaftClientReply:client-FB00420D972B->0a7e6056-64a2-4302-b029-255d48a66d7f@group-1EE0336AADCF, cid=2436, SUCCESS, logIndex=3607, commits[0a7e6056-64a2-4302-b029-255d48a66d7f:c3607, 82c1508e-6289-48e2-a567-a0e29c8b4903:c3603, f63d6ef8-0266-4bf3-bcb1-484cdaae1fbb:c3603]
2019-07-09 20:06:50,656 INFO  client.GrpcClientProtocolClient (GrpcClientProtocolClient.java:onNext(255)) - client-FB00420D972B->0a7e6056-64a2-4302-b029-255d48a66d7f: receive RaftClientReply:client-FB00420D972B->0a7e6056-64a2-4302-b029-255d48a66d7f@group-1EE0336AADCF, cid=2437, SUCCESS, logIndex=0, commits[0a7e6056-64a2-4302-b029-255d48a66d7f:c3608, 82c1508e-6289-48e2-a567-a0e29c8b4903:c3607, f63d6ef8-0266-4bf3-bcb1-484cdaae1fbb:c3607]
2019-07-09 20:06:50,687 INFO  client.GrpcClientProtocolClient (GrpcClientProtocolClient.java:onNext(255)) - client-FB00420D972B->0a7e6056-64a2-4302-b029-255d48a66d7f: receive RaftClientReply:client-FB00420D972B->0a7e6056-64a2-4302-b029-255d48a66d7f@group-1EE0336AADCF, cid=2438, SUCCESS, logIndex=3610, commits[0a7e6056-64a2-4302-b029-255d48a66d7f:c3611, 82c1508e-6289-48e2-a567-a0e29c8b4903:c3609, f63d6ef8-0266-4bf3-bcb1-484cdaae1fbb:c3609]
2019-07-09 20:06:50,688 INFO  client.GrpcClientProtocolClient (GrpcClientProtocolClient.java:onNext(255)) - client-FB00420D972B->0a7e6056-64a2-4302-b029-255d48a66d7f: receive RaftClientReply:client-FB00420D972B->0a7e6056-64a2-4302-b029-255d48a66d7f@group-1EE0336AADCF, cid=2439, SUCCESS, logIndex=3611, commits[0a7e6056-64a2-4302-b029-255d48a66d7f:c3613, 82c1508e-6289-48e2-a567-a0e29c8b4903:c3609, f63d6ef8-0266-4bf3-bcb1-484cdaae1fbb:c3609]
2019-07-09 20:06:50,688 INFO  client.GrpcClientProtocolClient (GrpcClientProtocolClient.java:onNext(255)) - client-FB00420D972B->0a7e6056-64a2-4302-b029-255d48a66d7f: receive RaftClientReply:client-FB00420D972B->0a7e6056-64a2-4302-b029-255d48a66d7f@group-1EE0336AADCF, cid=2440, SUCCESS, logIndex=3612, commits[0a7e6056-64a2-4302-b029-255d48a66d7f:c3613, 82c1508e-6289-48e2-a567-a0e29c8b4903:c3609, f63d6ef8-0266-4bf3-bcb1-484cdaae1fbb:c3609]
2019-07-09 20:06:50,689 INFO  client.GrpcClientProtocolClient (GrpcClientProtocolClient.java:onNext(255)) - client-FB00420D972B->0a7e6056-64a2-4302-b029-255d48a66d7f: receive RaftClientReply:client-FB00420D972B->0a7e6056-64a2-4302-b029-255d48a66d7f@group-1EE0336AADCF, cid=2441, SUCCESS, logIndex=3613, commits[0a7e6056-64a2-4302-b029-255d48a66d7f:c3613, 82c1508e-6289-48e2-a567-a0e29c8b4903:c3609, f63d6ef8-0266-4bf3-bcb1-484cdaae1fbb:c3609]
2019-07-09 20:06:50,690 INFO  client.GrpcClientProtocolClient (GrpcClientProtocolClient.java:onNext(255)) - client-FB00420D972B->0a7e6056-64a2-4302-b029-255d48a66d7f: receive RaftClientReply:client-FB00420D972B->0a7e6056-64a2-4302-b029-255d48a66d7f@group-1EE0336AADCF, cid=2442, SUCCESS, logIndex=0, commits[0a7e6056-64a2-4302-b029-255d48a66d7f:c3615, 82c1508e-6289-48e2-a567-a0e29c8b4903:c3611, f63d6ef8-0266-4bf3-bcb1-484cdaae1fbb:c3612]
2019-07-09 20:06:50,708 INFO  client.GrpcClientProtocolClient (GrpcClientProtocolClient.java:onNext(255)) - client-FB00420D972B->0a7e6056-64a2-4302-b029-255d48a66d7f: receive RaftClientReply:client-FB00420D972B->0a7e6056-64a2-4302-b029-255d48a66d7f@group-1EE0336AADCF, cid=2443, SUCCESS, logIndex=3618, commits[0a7e6056-64a2-4302-b029-255d48a66d7f:c3619, 82c1508e-6289-48e2-a567-a0e29c8b4903:c3617, f63d6ef8-0266-4bf3-bcb1-484cdaae1fbb:c3617]
2019-07-09 20:06:50,709 INFO  client.GrpcClientProtocolClient (GrpcClientProtocolClient.java:onNext(255)) - client-FB00420D972B->0a7e6056-64a2-4302-b029-255d48a66d7f: receive RaftClientReply:client-FB00420D972B->0a7e6056-64a2-4302-b029-255d48a66d7f@group-1EE0336AADCF, cid=2444, SUCCESS, logIndex=3619, commits[0a7e6056-64a2-4302-b029-255d48a66d7f:c3619, 82c1508e-6289-48e2-a567-a0e29c8b4903:c3617, f63d6ef8-0266-4bf3-bcb1-484cdaae1fbb:c3617]
2019-07-09 20:06:50,723 INFO  client.GrpcClientProtocolClient (GrpcClientProtocolClient.java:onNext(255)) - client-FB00420D972B->0a7e6056-64a2-4302-b029-255d48a66d7f: receive RaftClientReply:client-FB00420D972B->0a7e6056-64a2-4302-b029-255d48a66d7f@group-1EE0336AADCF, cid=2445, SUCCESS, logIndex=3622, commits[0a7e6056-64a2-4302-b029-255d48a66d7f:c3623, 82c1508e-6289-48e2-a567-a0e29c8b4903:c3619, f63d6ef8-0266-4bf3-bcb1-484cdaae1fbb:c3619]
2019-07-09 20:06:50,723 INFO  client.GrpcClientProtocolClient (GrpcClientProtocolClient.java:onNext(255)) - client-FB00420D972B->0a7e6056-64a2-4302-b029-255d48a66d7f: receive RaftClientReply:client-FB00420D972B->0a7e6056-64a2-4302-b029-255d48a66d7f@group-1EE0336AADCF, cid=2446, SUCCESS, logIndex=3623, commits[0a7e6056-64a2-4302-b029-255d48a66d7f:c3623, 82c1508e-6289-48e2-a567-a0e29c8b4903:c3619, f63d6ef8-0266-4bf3-bcb1-484cdaae1fbb:c3619]
2019-07-09 20:06:50,738 INFO  client.GrpcClientProtocolClient (GrpcClientProtocolClient.java:onNext(255)) - client-FB00420D972B->0a7e6056-64a2-4302-b029-255d48a66d7f: receive RaftClientReply:client-FB00420D972B->0a7e6056-64a2-4302-b029-255d48a66d7f@group-1EE0336AADCF, cid=2447, SUCCESS, logIndex=0, commits[0a7e6056-64a2-4302-b029-255d48a66d7f:c3625, 82c1508e-6289-48e2-a567-a0e29c8b4903:c3623, f63d6ef8-0266-4bf3-bcb1-484cdaae1fbb:c3623]
2019-07-09 20:06:50,787 INFO  client.GrpcClientProtocolClient (GrpcClientProtocolClient.java:onNext(255)) - client-FB00420D972B->0a7e6056-64a2-4302-b029-255d48a66d7f: receive RaftClientReply:client-FB00420D972B->0a7e6056-64a2-4302-b029-255d48a66d7f@group-1EE0336AADCF, cid=2448, SUCCESS, logIndex=3626, commits[0a7e6056-64a2-4302-b029-255d48a66d7f:c3627, 82c1508e-6289-48e2-a567-a0e29c8b4903:c3625, f63d6ef8-0266-4bf3-bcb1-484cdaae1fbb:c3625]
2019-07-09 20:06:50,788 INFO  client.GrpcClientProtocolClient (GrpcClientProtocolClient.java:onNext(255)) - client-FB00420D972B->0a7e6056-64a2-4302-b029-255d48a66d7f: receive RaftClientReply:client-FB00420D972B->0a7e6056-64a2-4302-b029-255d48a66d7f@group-1EE0336AADCF, cid=2449, SUCCESS, logIndex=3627, commits[0a7e6056-64a2-4302-b029-255d48a66d7f:c3629, 82c1508e-6289-48e2-a567-a0e29c8b4903:c3625, f63d6ef8-0266-4bf3-bcb1-484cdaae1fbb:c3625]
2019-07-09 20:06:50,788 INFO  client.GrpcClientProtocolClient (GrpcClientProtocolClient.java:onNext(255)) - client-FB00420D972B->0a7e6056-64a2-4302-b029-255d48a66d7f: receive RaftClientReply:client-FB00420D972B->0a7e6056-64a2-4302-b029-255d48a66d7f@group-1EE0336AADCF, cid=2450, SUCCESS, logIndex=3628, commits[0a7e6056-64a2-4302-b029-255d48a66d7f:c3629, 82c1508e-6289-48e2-a567-a0e29c8b4903:c3625, f63d6ef8-0266-4bf3-bcb1-484cdaae1fbb:c3625]
2019-07-09 20:06:50,789 INFO  client.GrpcClientProtocolClient (GrpcClientProtocolClient.java:onNext(255)) - client-FB00420D972B->0a7e6056-64a2-4302-b029-255d48a66d7f: receive RaftClientReply:client-FB00420D972B->0a7e6056-64a2-4302-b029-255d48a66d7f@group-1EE0336AADCF, cid=2451, SUCCESS, logIndex=3629, commits[0a7e6056-64a2-4302-b029-255d48a66d7f:c3629, 82c1508e-6289-48e2-a567-a0e29c8b4903:c3625, f63d6ef8-0266-4bf3-bcb1-484cdaae1fbb:c3625]
2019-07-09 20:06:50,800 INFO  client.GrpcClientProtocolClient (GrpcClientProtocolClient.java:onNext(255)) - client-FB00420D972B->0a7e6056-64a2-4302-b029-255d48a66d7f: receive RaftClientReply:client-FB00420D972B->0a7e6056-64a2-4302-b029-255d48a66d7f@group-1EE0336AADCF, cid=2452, SUCCESS, logIndex=0, commits[0a7e6056-64a2-4302-b029-255d48a66d7f:c3632, 82c1508e-6289-48e2-a567-a0e29c8b4903:c3628, f63d6ef8-0266-4bf3-bcb1-484cdaae1fbb:c3627]
 0.00% |█                                                                                                    |  0/1 Time: 0:00:222019-07-09 20:06:50,822 INFO  client.GrpcClientProtocolClient (GrpcClientProtocolClient.java:onNext(255)) - client-FB00420D972B->0a7e6056-64a2-4302-b029-255d48a66d7f: receive RaftClientReply:client-FB00420D972B->0a7e6056-64a2-4302-b029-255d48a66d7f@group-1EE0336AADCF, cid=2453, SUCCESS, logIndex=3634, commits[0a7e6056-64a2-4302-b029-255d48a66d7f:c3635, 82c1508e-6289-48e2-a567-a0e29c8b4903:c3633, f63d6ef8-0266-4bf3-bcb1-484cdaae1fbb:c3633]
2019-07-09 20:06:50,822 INFO  client.GrpcClientProtocolClient (GrpcClientProtocolClient.java:onNext(255)) - client-FB00420D972B->0a7e6056-64a2-4302-b029-255d48a66d7f: receive RaftClientReply:client-FB00420D972B->0a7e6056-64a2-4302-b029-255d48a66d7f@group-1EE0336AADCF, cid=2454, SUCCESS, logIndex=3635, commits[0a7e6056-64a2-4302-b029-255d48a66d7f:c3635, 82c1508e-6289-48e2-a567-a0e29c8b4903:c3633, f63d6ef8-0266-4bf3-bcb1-484cdaae1fbb:c3633]
2019-07-09 20:06:50,835 INFO  client.GrpcClientProtocolClient (GrpcClientProtocolClient.java:onNext(255)) - client-FB00420D972B->0a7e6056-64a2-4302-b029-255d48a66d7f: receive RaftClientReply:client-FB00420D972B->0a7e6056-64a2-4302-b029-255d48a66d7f@group-1EE0336AADCF, cid=2455, SUCCESS, logIndex=3638, commits[0a7e6056-64a2-4302-b029-255d48a66d7f:c3638, 82c1508e-6289-48e2-a567-a0e29c8b4903:c3635, f63d6ef8-0266-4bf3-bcb1-484cdaae1fbb:c3635]
2019-07-09 20:06:50,836 INFO  client.GrpcClientProtocolClient (GrpcClientProtocolClient.java:onNext(255)) - client-FB00420D972B->0a7e6056-64a2-4302-b029-255d48a66d7f: receive RaftClientReply:client-FB00420D972B->0a7e6056-64a2-4302-b029-255d48a66d7f@group-1EE0336AADCF, cid=2456, SUCCESS, logIndex=3639, commits[0a7e6056-64a2-4302-b029-255d48a66d7f:c3639, 82c1508e-6289-48e2-a567-a0e29c8b4903:c3635, f63d6ef8-0266-4bf3-bcb1-484cdaae1fbb:c3635]
2019-07-09 20:06:50,848 INFO  client.GrpcClientProtocolClient (GrpcClientProtocolClient.java:onNext(255)) - client-FB00420D972B->0a7e6056-64a2-4302-b029-255d48a66d7f: receive RaftClientReply:client-FB00420D972B->0a7e6056-64a2-4302-b029-255d48a66d7f@group-1EE0336AADCF, cid=2457, SUCCESS, logIndex=0, commits[0a7e6056-64a2-4302-b029-255d48a66d7f:c3641, 82c1508e-6289-48e2-a567-a0e29c8b4903:c3639, f63d6ef8-0266-4bf3-bcb1-484cdaae1fbb:c3639]
2019-07-09 20:06:50,874 INFO  client.GrpcClientProtocolClient (GrpcClientProtocolClient.java:onNext(255)) - client-FB00420D972B->0a7e6056-64a2-4302-b029-255d48a66d7f: receive RaftClientReply:client-FB00420D972B->0a7e6056-64a2-4302-b029-255d48a66d7f@group-1EE0336AADCF, cid=2458, SUCCESS, logIndex=3642, commits[0a7e6056-64a2-4302-b029-255d48a66d7f:c3645, 82c1508e-6289-48e2-a567-a0e29c8b4903:c3639, f63d6ef8-0266-4bf3-bcb1-484cdaae1fbb:c3641]
2019-07-09 20:06:50,875 INFO  client.GrpcClientProtocolClient (GrpcClientProtocolClient.java:onNext(255)) - client-FB00420D972B->0a7e6056-64a2-4302-b029-255d48a66d7f: receive RaftClientReply:client-FB00420D972B->0a7e6056-64a2-4302-b029-255d48a66d7f@group-1EE0336AADCF, cid=2459, SUCCESS, logIndex=3643, commits[0a7e6056-64a2-4302-b029-255d48a66d7f:c3645, 82c1508e-6289-48e2-a567-a0e29c8b4903:c3641, f63d6ef8-0266-4bf3-bcb1-484cdaae1fbb:c3641]
2019-07-09 20:06:50,875 INFO  client.GrpcClientProtocolClient (GrpcClientProtocolClient.java:onNext(255)) - client-FB00420D972B->0a7e6056-64a2-4302-b029-255d48a66d7f: receive RaftClientReply:client-FB00420D972B->0a7e6056-64a2-4302-b029-255d48a66d7f@group-1EE0336AADCF, cid=2460, SUCCESS, logIndex=3644, commits[0a7e6056-64a2-4302-b029-255d48a66d7f:c3645, 82c1508e-6289-48e2-a567-a0e29c8b4903:c3641, f63d6ef8-0266-4bf3-bcb1-484cdaae1fbb:c3641]
2019-07-09 20:06:50,875 INFO  client.GrpcClientProtocolClient (GrpcClientProtocolClient.java:onNext(255)) - client-FB00420D972B->0a7e6056-64a2-4302-b029-255d48a66d7f: receive RaftClientReply:client-FB00420D972B->0a7e6056-64a2-4302-b029-255d48a66d7f@group-1EE0336AADCF, cid=2461, SUCCESS, logIndex=3645, commits[0a7e6056-64a2-4302-b029-255d48a66d7f:c3645, 82c1508e-6289-48e2-a567-a0e29c8b4903:c3641, f63d6ef8-0266-4bf3-bcb1-484cdaae1fbb:c3641]
2019-07-09 20:06:50,877 INFO  client.GrpcClientProtocolClient (GrpcClientProtocolClient.java:onNext(255)) - client-FB00420D972B->0a7e6056-64a2-4302-b029-255d48a66d7f: receive RaftClientReply:client-FB00420D972B->0a7e6056-64a2-4302-b029-255d48a66d7f@group-1EE0336AADCF, cid=2462, SUCCESS, logIndex=0, commits[0a7e6056-64a2-4302-b029-255d48a66d7f:c3649, 82c1508e-6289-48e2-a567-a0e29c8b4903:c3643, f63d6ef8-0266-4bf3-bcb1-484cdaae1fbb:c3645]
2019-07-09 20:06:50,897 INFO  client.GrpcClientProtocolClient (GrpcClientProtocolClient.java:onNext(255)) - client-FB00420D972B->0a7e6056-64a2-4302-b029-255d48a66d7f: receive RaftClientReply:client-FB00420D972B->0a7e6056-64a2-4302-b029-255d48a66d7f@group-1EE0336AADCF, cid=2463, SUCCESS, logIndex=3650, commits[0a7e6056-64a2-4302-b029-255d48a66d7f:c3651, 82c1508e-6289-48e2-a567-a0e29c8b4903:c3649, f63d6ef8-0266-4bf3-bcb1-484cdaae1fbb:c3649]
2019-07-09 20:06:50,898 INFO  client.GrpcClientProtocolClient (GrpcClientProtocolClient.java:onNext(255)) - client-FB00420D972B->0a7e6056-64a2-4302-b029-255d48a66d7f: receive RaftClientReply:client-FB00420D972B->0a7e6056-64a2-4302-b029-255d48a66d7f@group-1EE0336AADCF, cid=2464, SUCCESS, logIndex=3651, commits[0a7e6056-64a2-4302-b029-255d48a66d7f:c3651, 82c1508e-6289-48e2-a567-a0e29c8b4903:c3649, f63d6ef8-0266-4bf3-bcb1-484cdaae1fbb:c3649]
2019-07-09 20:06:50,910 INFO  client.GrpcClientProtocolClient (GrpcClientProtocolClient.java:onNext(255)) - client-FB00420D972B->0a7e6056-64a2-4302-b029-255d48a66d7f: receive RaftClientReply:client-FB00420D972B->0a7e6056-64a2-4302-b029-255d48a66d7f@group-1EE0336AADCF, cid=2465, SUCCESS, logIndex=3654, commits[0a7e6056-64a2-4302-b029-255d48a66d7f:c3655, 82c1508e-6289-48e2-a567-a0e29c8b4903:c3651, f63d6ef8-0266-4bf3-bcb1-484cdaae1fbb:c3651]
2019-07-09 20:06:50,911 INFO  client.GrpcClientProtocolClient (GrpcClientProtocolClient.java:onNext(255)) - client-FB00420D972B->0a7e6056-64a2-4302-b029-255d48a66d7f: receive RaftClientReply:client-FB00420D972B->0a7e6056-64a2-4302-b029-255d48a66d7f@group-1EE0336AADCF, cid=2466, SUCCESS, logIndex=3655, commits[0a7e6056-64a2-4302-b029-255d48a66d7f:c3655, 82c1508e-6289-48e2-a567-a0e29c8b4903:c3651, f63d6ef8-0266-4bf3-bcb1-484cdaae1fbb:c3651]
2019-07-09 20:06:50,912 INFO  client.GrpcClientProtocolClient (GrpcClientProtocolClient.java:onNext(255)) - client-FB00420D972B->0a7e6056-64a2-4302-b029-255d48a66d7f: receive RaftClientReply:client-FB00420D972B->0a7e6056-64a2-4302-b029-255d48a66d7f@group-1EE0336AADCF, cid=2467, SUCCESS, logIndex=0, commits[0a7e6056-64a2-4302-b029-255d48a66d7f:c3656, 82c1508e-6289-48e2-a567-a0e29c8b4903:c3655, f63d6ef8-0266-4bf3-bcb1-484cdaae1fbb:c3655]
2019-07-09 20:06:50,942 INFO  client.GrpcClientProtocolClient (GrpcClientProtocolClient.java:onNext(255)) - client-FB00420D972B->0a7e6056-64a2-4302-b029-255d48a66d7f: receive RaftClientReply:client-FB00420D972B->0a7e6056-64a2-4302-b029-255d48a66d7f@group-1EE0336AADCF, cid=2468, SUCCESS, logIndex=3658, commits[0a7e6056-64a2-4302-b029-255d48a66d7f:c3660, 82c1508e-6289-48e2-a567-a0e29c8b4903:c3657, f63d6ef8-0266-4bf3-bcb1-484cdaae1fbb:c3657]
2019-07-09 20:06:50,942 INFO  client.GrpcClientProtocolClient (GrpcClientProtocolClient.java:onNext(255)) - client-FB00420D972B->0a7e6056-64a2-4302-b029-255d48a66d7f: receive RaftClientReply:client-FB00420D972B->0a7e6056-64a2-4302-b029-255d48a66d7f@group-1EE0336AADCF, cid=2469, SUCCESS, logIndex=3659, commits[0a7e6056-64a2-4302-b029-255d48a66d7f:c3661, 82c1508e-6289-48e2-a567-a0e29c8b4903:c3657, f63d6ef8-0266-4bf3-bcb1-484cdaae1fbb:c3657]
2019-07-09 20:06:50,943 INFO  client.GrpcClientProtocolClient (GrpcClientProtocolClient.java:onNext(255)) - client-FB00420D972B->0a7e6056-64a2-4302-b029-255d48a66d7f: receive RaftClientReply:client-FB00420D972B->0a7e6056-64a2-4302-b029-255d48a66d7f@group-1EE0336AADCF, cid=2470, SUCCESS, logIndex=3660, commits[0a7e6056-64a2-4302-b029-255d48a66d7f:c3661, 82c1508e-6289-48e2-a567-a0e29c8b4903:c3657, f63d6ef8-0266-4bf3-bcb1-484cdaae1fbb:c3657]
2019-07-09 20:06:50,943 INFO  client.GrpcClientProtocolClient (GrpcClientProtocolClient.java:onNext(255)) - client-FB00420D972B->0a7e6056-64a2-4302-b029-255d48a66d7f: receive RaftClientReply:client-FB00420D972B->0a7e6056-64a2-4302-b029-255d48a66d7f@group-1EE0336AADCF, cid=2471, SUCCESS, logIndex=3661, commits[0a7e6056-64a2-4302-b029-255d48a66d7f:c3661, 82c1508e-6289-48e2-a567-a0e29c8b4903:c3657, f63d6ef8-0266-4bf3-bcb1-484cdaae1fbb:c3657]
2019-07-09 20:06:50,944 INFO  client.GrpcClientProtocolClient (GrpcClientProtocolClient.java:onNext(255)) - client-FB00420D972B->0a7e6056-64a2-4302-b029-255d48a66d7f: receive RaftClientReply:client-FB00420D972B->0a7e6056-64a2-4302-b029-255d48a66d7f@group-1EE0336AADCF, cid=2472, SUCCESS, logIndex=0, commits[0a7e6056-64a2-4302-b029-255d48a66d7f:c3664, 82c1508e-6289-48e2-a567-a0e29c8b4903:c3659, f63d6ef8-0266-4bf3-bcb1-484cdaae1fbb:c3660]
2019-07-09 20:06:50,964 INFO  client.GrpcClientProtocolClient (GrpcClientProtocolClient.java:onNext(255)) - client-FB00420D972B->0a7e6056-64a2-4302-b029-255d48a66d7f: receive RaftClientReply:client-FB00420D972B->0a7e6056-64a2-4302-b029-255d48a66d7f@group-1EE0336AADCF, cid=2473, SUCCESS, logIndex=3666, commits[0a7e6056-64a2-4302-b029-255d48a66d7f:c3667, 82c1508e-6289-48e2-a567-a0e29c8b4903:c3665, f63d6ef8-0266-4bf3-bcb1-484cdaae1fbb:c3665]
2019-07-09 20:06:50,964 INFO  client.GrpcClientProtocolClient (GrpcClientProtocolClient.java:onNext(255)) - client-FB00420D972B->0a7e6056-64a2-4302-b029-255d48a66d7f: receive RaftClientReply:client-FB00420D972B->0a7e6056-64a2-4302-b029-255d48a66d7f@group-1EE0336AADCF, cid=2474, SUCCESS, logIndex=3667, commits[0a7e6056-64a2-4302-b029-255d48a66d7f:c3667, 82c1508e-6289-48e2-a567-a0e29c8b4903:c3665, f63d6ef8-0266-4bf3-bcb1-484cdaae1fbb:c3665]
2019-07-09 20:06:50,978 INFO  client.GrpcClientProtocolClient (GrpcClientProtocolClient.java:onNext(255)) - client-FB00420D972B->0a7e6056-64a2-4302-b029-255d48a66d7f: receive RaftClientReply:client-FB00420D972B->0a7e6056-64a2-4302-b029-255d48a66d7f@group-1EE0336AADCF, cid=2475, SUCCESS, logIndex=3670, commits[0a7e6056-64a2-4302-b029-255d48a66d7f:c3671, 82c1508e-6289-48e2-a567-a0e29c8b4903:c3667, f63d6ef8-0266-4bf3-bcb1-484cdaae1fbb:c3667]
2019-07-09 20:06:50,978 INFO  client.GrpcClientProtocolClient (GrpcClientProtocolClient.java:onNext(255)) - client-FB00420D972B->0a7e6056-64a2-4302-b029-255d48a66d7f: receive RaftClientReply:client-FB00420D972B->0a7e6056-64a2-4302-b029-255d48a66d7f@group-1EE0336AADCF, cid=2476, SUCCESS, logIndex=3671, commits[0a7e6056-64a2-4302-b029-255d48a66d7f:c3671, 82c1508e-6289-48e2-a567-a0e29c8b4903:c3667, f63d6ef8-0266-4bf3-bcb1-484cdaae1fbb:c3667]
2019-07-09 20:06:51,002 INFO  client.GrpcClientProtocolClient (GrpcClientProtocolClient.java:onNext(255)) - client-FB00420D972B->0a7e6056-64a2-4302-b029-255d48a66d7f: receive RaftClientReply:client-FB00420D972B->0a7e6056-64a2-4302-b029-255d48a66d7f@group-1EE0336AADCF, cid=2477, SUCCESS, logIndex=0, commits[0a7e6056-64a2-4302-b029-255d48a66d7f:c3672, 82c1508e-6289-48e2-a567-a0e29c8b4903:c3671, f63d6ef8-0266-4bf3-bcb1-484cdaae1fbb:c3671]
2019-07-09 20:06:51,030 INFO  client.GrpcClientProtocolClient (GrpcClientProtocolClient.java:onNext(255)) - client-FB00420D972B->0a7e6056-64a2-4302-b029-255d48a66d7f: receive RaftClientReply:client-FB00420D972B->0a7e6056-64a2-4302-b029-255d48a66d7f@group-1EE0336AADCF, cid=2478, SUCCESS, logIndex=3674, commits[0a7e6056-64a2-4302-b029-255d48a66d7f:c3677, 82c1508e-6289-48e2-a567-a0e29c8b4903:c3673, f63d6ef8-0266-4bf3-bcb1-484cdaae1fbb:c3673]
2019-07-09 20:06:51,032 INFO  client.GrpcClientProtocolClient (GrpcClientProtocolClient.java:onNext(255)) - client-FB00420D972B->0a7e6056-64a2-4302-b029-255d48a66d7f: receive RaftClientReply:client-FB00420D972B->0a7e6056-64a2-4302-b029-255d48a66d7f@group-1EE0336AADCF, cid=2479, SUCCESS, logIndex=3675, commits[0a7e6056-64a2-4302-b029-255d48a66d7f:c3677, 82c1508e-6289-48e2-a567-a0e29c8b4903:c3673, f63d6ef8-0266-4bf3-bcb1-484cdaae1fbb:c3673]
2019-07-09 20:06:51,032 INFO  client.GrpcClientProtocolClient (GrpcClientProtocolClient.java:onNext(255)) - client-FB00420D972B->0a7e6056-64a2-4302-b029-255d48a66d7f: receive RaftClientReply:client-FB00420D972B->0a7e6056-64a2-4302-b029-255d48a66d7f@group-1EE0336AADCF, cid=2480, SUCCESS, logIndex=3676, commits[0a7e6056-64a2-4302-b029-255d48a66d7f:c3678, 82c1508e-6289-48e2-a567-a0e29c8b4903:c3674, f63d6ef8-0266-4bf3-bcb1-484cdaae1fbb:c3673]
2019-07-09 20:06:51,033 INFO  client.GrpcClientProtocolClient (GrpcClientProtocolClient.java:onNext(255)) - client-FB00420D972B->0a7e6056-64a2-4302-b029-255d48a66d7f: receive RaftClientReply:client-FB00420D972B->0a7e6056-64a2-4302-b029-255d48a66d7f@group-1EE0336AADCF, cid=2481, SUCCESS, logIndex=3677, commits[0a7e6056-64a2-4302-b029-255d48a66d7f:c3678, 82c1508e-6289-48e2-a567-a0e29c8b4903:c3674, f63d6ef8-0266-4bf3-bcb1-484cdaae1fbb:c3673]
2019-07-09 20:06:51,034 INFO  client.GrpcClientProtocolClient (GrpcClientProtocolClient.java:onNext(255)) - client-FB00420D972B->0a7e6056-64a2-4302-b029-255d48a66d7f: receive RaftClientReply:client-FB00420D972B->0a7e6056-64a2-4302-b029-255d48a66d7f@group-1EE0336AADCF, cid=2482, SUCCESS, logIndex=0, commits[0a7e6056-64a2-4302-b029-255d48a66d7f:c3681, 82c1508e-6289-48e2-a567-a0e29c8b4903:c3677, f63d6ef8-0266-4bf3-bcb1-484cdaae1fbb:c3677]
2019-07-09 20:06:51,053 INFO  client.GrpcClientProtocolClient (GrpcClientProtocolClient.java:onNext(255)) - client-FB00420D972B->0a7e6056-64a2-4302-b029-255d48a66d7f: receive RaftClientReply:client-FB00420D972B->0a7e6056-64a2-4302-b029-255d48a66d7f@group-1EE0336AADCF, cid=2483, SUCCESS, logIndex=3682, commits[0a7e6056-64a2-4302-b029-255d48a66d7f:c3683, 82c1508e-6289-48e2-a567-a0e29c8b4903:c3681, f63d6ef8-0266-4bf3-bcb1-484cdaae1fbb:c3681]
2019-07-09 20:06:51,054 INFO  client.GrpcClientProtocolClient (GrpcClientProtocolClient.java:onNext(255)) - client-FB00420D972B->0a7e6056-64a2-4302-b029-255d48a66d7f: receive RaftClientReply:client-FB00420D972B->0a7e6056-64a2-4302-b029-255d48a66d7f@group-1EE0336AADCF, cid=2484, SUCCESS, logIndex=3683, commits[0a7e6056-64a2-4302-b029-255d48a66d7f:c3683, 82c1508e-6289-48e2-a567-a0e29c8b4903:c3681, f63d6ef8-0266-4bf3-bcb1-484cdaae1fbb:c3681]
2019-07-09 20:06:51,066 INFO  client.GrpcClientProtocolClient (GrpcClientProtocolClient.java:onNext(255)) - client-FB00420D972B->0a7e6056-64a2-4302-b029-255d48a66d7f: receive RaftClientReply:client-FB00420D972B->0a7e6056-64a2-4302-b029-255d48a66d7f@group-1EE0336AADCF, cid=2485, SUCCESS, logIndex=3686, commits[0a7e6056-64a2-4302-b029-255d48a66d7f:c3686, 82c1508e-6289-48e2-a567-a0e29c8b4903:c3683, f63d6ef8-0266-4bf3-bcb1-484cdaae1fbb:c3683]
2019-07-09 20:06:51,067 INFO  client.GrpcClientProtocolClient (GrpcClientProtocolClient.java:onNext(255)) - client-FB00420D972B->0a7e6056-64a2-4302-b029-255d48a66d7f: receive RaftClientReply:client-FB00420D972B->0a7e6056-64a2-4302-b029-255d48a66d7f@group-1EE0336AADCF, cid=2486, SUCCESS, logIndex=3687, commits[0a7e6056-64a2-4302-b029-255d48a66d7f:c3687, 82c1508e-6289-48e2-a567-a0e29c8b4903:c3683, f63d6ef8-0266-4bf3-bcb1-484cdaae1fbb:c3683]
2019-07-09 20:06:51,080 INFO  client.GrpcClientProtocolClient (GrpcClientProtocolClient.java:onNext(255)) - client-FB00420D972B->0a7e6056-64a2-4302-b029-255d48a66d7f: receive RaftClientReply:client-FB00420D972B->0a7e6056-64a2-4302-b029-255d48a66d7f@group-1EE0336AADCF, cid=2487, SUCCESS, logIndex=0, commits[0a7e6056-64a2-4302-b029-255d48a66d7f:c3689, 82c1508e-6289-48e2-a567-a0e29c8b4903:c3687, f63d6ef8-0266-4bf3-bcb1-484cdaae1fbb:c3687]
2019-07-09 20:06:51,109 INFO  client.GrpcClientProtocolClient (GrpcClientProtocolClient.java:onNext(255)) - client-FB00420D972B->0a7e6056-64a2-4302-b029-255d48a66d7f: receive RaftClientReply:client-FB00420D972B->0a7e6056-64a2-4302-b029-255d48a66d7f@group-1EE0336AADCF, cid=2488, SUCCESS, logIndex=3690, commits[0a7e6056-64a2-4302-b029-255d48a66d7f:c3691, 82c1508e-6289-48e2-a567-a0e29c8b4903:c3689, f63d6ef8-0266-4bf3-bcb1-484cdaae1fbb:c3689]
2019-07-09 20:06:51,110 INFO  client.GrpcClientProtocolClient (GrpcClientProtocolClient.java:onNext(255)) - client-FB00420D972B->0a7e6056-64a2-4302-b029-255d48a66d7f: receive RaftClientReply:client-FB00420D972B->0a7e6056-64a2-4302-b029-255d48a66d7f@group-1EE0336AADCF, cid=2489, SUCCESS, logIndex=3691, commits[0a7e6056-64a2-4302-b029-255d48a66d7f:c3691, 82c1508e-6289-48e2-a567-a0e29c8b4903:c3689, f63d6ef8-0266-4bf3-bcb1-484cdaae1fbb:c3689]
2019-07-09 20:06:51,110 INFO  client.GrpcClientProtocolClient (GrpcClientProtocolClient.java:onNext(255)) - client-FB00420D972B->0a7e6056-64a2-4302-b029-255d48a66d7f: receive RaftClientReply:client-FB00420D972B->0a7e6056-64a2-4302-b029-255d48a66d7f@group-1EE0336AADCF, cid=2490, SUCCESS, logIndex=3692, commits[0a7e6056-64a2-4302-b029-255d48a66d7f:c3693, 82c1508e-6289-48e2-a567-a0e29c8b4903:c3689, f63d6ef8-0266-4bf3-bcb1-484cdaae1fbb:c3689]
2019-07-09 20:06:51,111 INFO  client.GrpcClientProtocolClient (GrpcClientProtocolClient.java:onNext(255)) - client-FB00420D972B->0a7e6056-64a2-4302-b029-255d48a66d7f: receive RaftClientReply:client-FB00420D972B->0a7e6056-64a2-4302-b029-255d48a66d7f@group-1EE0336AADCF, cid=2491, SUCCESS, logIndex=3693, commits[0a7e6056-64a2-4302-b029-255d48a66d7f:c3693, 82c1508e-6289-48e2-a567-a0e29c8b4903:c3689, f63d6ef8-0266-4bf3-bcb1-484cdaae1fbb:c3689]
2019-07-09 20:06:51,113 INFO  client.GrpcClientProtocolClient (GrpcClientProtocolClient.java:onNext(255)) - client-FB00420D972B->0a7e6056-64a2-4302-b029-255d48a66d7f: receive RaftClientReply:client-FB00420D972B->0a7e6056-64a2-4302-b029-255d48a66d7f@group-1EE0336AADCF, cid=2492, SUCCESS, logIndex=0, commits[0a7e6056-64a2-4302-b029-255d48a66d7f:c3697, 82c1508e-6289-48e2-a567-a0e29c8b4903:c3691, f63d6ef8-0266-4bf3-bcb1-484cdaae1fbb:c3693]
2019-07-09 20:06:51,131 INFO  client.GrpcClientProtocolClient (GrpcClientProtocolClient.java:onNext(255)) - client-FB00420D972B->0a7e6056-64a2-4302-b029-255d48a66d7f: receive RaftClientReply:client-FB00420D972B->0a7e6056-64a2-4302-b029-255d48a66d7f@group-1EE0336AADCF, cid=2493, SUCCESS, logIndex=3698, commits[0a7e6056-64a2-4302-b029-255d48a66d7f:c3699, 82c1508e-6289-48e2-a567-a0e29c8b4903:c3697, f63d6ef8-0266-4bf3-bcb1-484cdaae1fbb:c3697]
2019-07-09 20:06:51,131 INFO  client.GrpcClientProtocolClient (GrpcClientProtocolClient.java:onNext(255)) - client-FB00420D972B->0a7e6056-64a2-4302-b029-255d48a66d7f: receive RaftClientReply:client-FB00420D972B->0a7e6056-64a2-4302-b029-255d48a66d7f@group-1EE0336AADCF, cid=2494, SUCCESS, logIndex=3699, commits[0a7e6056-64a2-4302-b029-255d48a66d7f:c3699, 82c1508e-6289-48e2-a567-a0e29c8b4903:c3697, f63d6ef8-0266-4bf3-bcb1-484cdaae1fbb:c3697]
2019-07-09 20:06:51,144 INFO  client.GrpcClientProtocolClient (GrpcClientProtocolClient.java:onNext(255)) - client-FB00420D972B->0a7e6056-64a2-4302-b029-255d48a66d7f: receive RaftClientReply:client-FB00420D972B->0a7e6056-64a2-4302-b029-255d48a66d7f@group-1EE0336AADCF, cid=2495, SUCCESS, logIndex=3702, commits[0a7e6056-64a2-4302-b029-255d48a66d7f:c3702, 82c1508e-6289-48e2-a567-a0e29c8b4903:c3699, f63d6ef8-0266-4bf3-bcb1-484cdaae1fbb:c3699]
2019-07-09 20:06:51,145 INFO  client.GrpcClientProtocolClient (GrpcClientProtocolClient.java:onNext(255)) - client-FB00420D972B->0a7e6056-64a2-4302-b029-255d48a66d7f: receive RaftClientReply:client-FB00420D972B->0a7e6056-64a2-4302-b029-255d48a66d7f@group-1EE0336AADCF, cid=2496, SUCCESS, logIndex=3703, commits[0a7e6056-64a2-4302-b029-255d48a66d7f:c3703, 82c1508e-6289-48e2-a567-a0e29c8b4903:c3699, f63d6ef8-0266-4bf3-bcb1-484cdaae1fbb:c3699]
2019-07-09 20:06:51,157 INFO  client.GrpcClientProtocolClient (GrpcClientProtocolClient.java:onNext(255)) - client-FB00420D972B->0a7e6056-64a2-4302-b029-255d48a66d7f: receive RaftClientReply:client-FB00420D972B->0a7e6056-64a2-4302-b029-255d48a66d7f@group-1EE0336AADCF, cid=2497, SUCCESS, logIndex=0, commits[0a7e6056-64a2-4302-b029-255d48a66d7f:c3705, 82c1508e-6289-48e2-a567-a0e29c8b4903:c3703, f63d6ef8-0266-4bf3-bcb1-484cdaae1fbb:c3703]
2019-07-09 20:06:51,288 INFO  client.GrpcClientProtocolClient (GrpcClientProtocolClient.java:onNext(255)) - client-FB00420D972B->0a7e6056-64a2-4302-b029-255d48a66d7f: receive RaftClientReply:client-FB00420D972B->0a7e6056-64a2-4302-b029-255d48a66d7f@group-1EE0336AADCF, cid=2498, SUCCESS, logIndex=3706, commits[0a7e6056-64a2-4302-b029-255d48a66d7f:c3709, 82c1508e-6289-48e2-a567-a0e29c8b4903:c3705, f63d6ef8-0266-4bf3-bcb1-484cdaae1fbb:c3705]
2019-07-09 20:06:51,290 INFO  client.GrpcClientProtocolClient (GrpcClientProtocolClient.java:onNext(255)) - client-FB00420D972B->0a7e6056-64a2-4302-b029-255d48a66d7f: receive RaftClientReply:client-FB00420D972B->0a7e6056-64a2-4302-b029-255d48a66d7f@group-1EE0336AADCF, cid=2499, SUCCESS, logIndex=3707, commits[0a7e6056-64a2-4302-b029-255d48a66d7f:c3709, 82c1508e-6289-48e2-a567-a0e29c8b4903:c3705, f63d6ef8-0266-4bf3-bcb1-484cdaae1fbb:c3705]
2019-07-09 20:06:51,290 INFO  client.GrpcClientProtocolClient (GrpcClientProtocolClient.java:onNext(255)) - client-FB00420D972B->0a7e6056-64a2-4302-b029-255d48a66d7f: receive RaftClientReply:client-FB00420D972B->0a7e6056-64a2-4302-b029-255d48a66d7f@group-1EE0336AADCF, cid=2500, SUCCESS, logIndex=3708, commits[0a7e6056-64a2-4302-b029-255d48a66d7f:c3709, 82c1508e-6289-48e2-a567-a0e29c8b4903:c3705, f63d6ef8-0266-4bf3-bcb1-484cdaae1fbb:c3705]
2019-07-09 20:06:51,290 INFO  client.GrpcClientProtocolClient (GrpcClientProtocolClient.java:onNext(255)) - client-FB00420D972B->0a7e6056-64a2-4302-b029-255d48a66d7f: receive RaftClientReply:client-FB00420D972B->0a7e6056-64a2-4302-b029-255d48a66d7f@group-1EE0336AADCF, cid=2501, SUCCESS, logIndex=3709, commits[0a7e6056-64a2-4302-b029-255d48a66d7f:c3709, 82c1508e-6289-48e2-a567-a0e29c8b4903:c3705, f63d6ef8-0266-4bf3-bcb1-484cdaae1fbb:c3705]
2019-07-09 20:06:51,299 INFO  client.GrpcClientProtocolClient (GrpcClientProtocolClient.java:onNext(255)) - client-FB00420D972B->0a7e6056-64a2-4302-b029-255d48a66d7f: receive RaftClientReply:client-FB00420D972B->0a7e6056-64a2-4302-b029-255d48a66d7f@group-1EE0336AADCF, cid=2502, SUCCESS, logIndex=0, commits[0a7e6056-64a2-4302-b029-255d48a66d7f:c3710, 82c1508e-6289-48e2-a567-a0e29c8b4903:c3708, f63d6ef8-0266-4bf3-bcb1-484cdaae1fbb:c3708]
2019-07-09 20:06:51,320 INFO  client.GrpcClientProtocolClient (GrpcClientProtocolClient.java:onNext(255)) - client-FB00420D972B->0a7e6056-64a2-4302-b029-255d48a66d7f: receive RaftClientReply:client-FB00420D972B->0a7e6056-64a2-4302-b029-255d48a66d7f@group-1EE0336AADCF, cid=2503, SUCCESS, logIndex=3713, commits[0a7e6056-64a2-4302-b029-255d48a66d7f:c3714, 82c1508e-6289-48e2-a567-a0e29c8b4903:c3712, f63d6ef8-0266-4bf3-bcb1-484cdaae1fbb:c3712]
2019-07-09 20:06:51,321 INFO  client.GrpcClientProtocolClient (GrpcClientProtocolClient.java:onNext(255)) - client-FB00420D972B->0a7e6056-64a2-4302-b029-255d48a66d7f: receive RaftClientReply:client-FB00420D972B->0a7e6056-64a2-4302-b029-255d48a66d7f@group-1EE0336AADCF, cid=2504, SUCCESS, logIndex=3714, commits[0a7e6056-64a2-4302-b029-255d48a66d7f:c3714, 82c1508e-6289-48e2-a567-a0e29c8b4903:c3712, f63d6ef8-0266-4bf3-bcb1-484cdaae1fbb:c3712]
2019-07-09 20:06:51,345 INFO  client.GrpcClientProtocolClient (GrpcClientProtocolClient.java:onNext(255)) - client-FB00420D972B->0a7e6056-64a2-4302-b029-255d48a66d7f: receive RaftClientReply:client-FB00420D972B->0a7e6056-64a2-4302-b029-255d48a66d7f@group-1EE0336AADCF, cid=2505, SUCCESS, logIndex=3717, commits[0a7e6056-64a2-4302-b029-255d48a66d7f:c3718, 82c1508e-6289-48e2-a567-a0e29c8b4903:c3713, f63d6ef8-0266-4bf3-bcb1-484cdaae1fbb:c3714]
2019-07-09 20:06:51,345 INFO  client.GrpcClientProtocolClient (GrpcClientProtocolClient.java:onNext(255)) - client-FB00420D972B->0a7e6056-64a2-4302-b029-255d48a66d7f: receive RaftClientReply:client-FB00420D972B->0a7e6056-64a2-4302-b029-255d48a66d7f@group-1EE0336AADCF, cid=2506, SUCCESS, logIndex=3718, commits[0a7e6056-64a2-4302-b029-255d48a66d7f:c3718, 82c1508e-6289-48e2-a567-a0e29c8b4903:c3714, f63d6ef8-0266-4bf3-bcb1-484cdaae1fbb:c3714]
2019-07-09 20:06:51,359 INFO  client.GrpcClientProtocolClient (GrpcClientProtocolClient.java:onNext(255)) - client-FB00420D972B->0a7e6056-64a2-4302-b029-255d48a66d7f: receive RaftClientReply:client-FB00420D972B->0a7e6056-64a2-4302-b029-255d48a66d7f@group-1EE0336AADCF, cid=2507, SUCCESS, logIndex=0, commits[0a7e6056-64a2-4302-b029-255d48a66d7f:c3720, 82c1508e-6289-48e2-a567-a0e29c8b4903:c3718, f63d6ef8-0266-4bf3-bcb1-484cdaae1fbb:c3718]
2019-07-09 20:06:51,394 INFO  client.GrpcClientProtocolClient (GrpcClientProtocolClient.java:onNext(255)) - client-FB00420D972B->0a7e6056-64a2-4302-b029-255d48a66d7f: receive RaftClientReply:client-FB00420D972B->0a7e6056-64a2-4302-b029-255d48a66d7f@group-1EE0336AADCF, cid=2508, SUCCESS, logIndex=3721, commits[0a7e6056-64a2-4302-b029-255d48a66d7f:c3722, 82c1508e-6289-48e2-a567-a0e29c8b4903:c3720, f63d6ef8-0266-4bf3-bcb1-484cdaae1fbb:c3720]
2019-07-09 20:06:51,395 INFO  client.GrpcClientProtocolClient (GrpcClientProtocolClient.java:onNext(255)) - client-FB00420D972B->0a7e6056-64a2-4302-b029-255d48a66d7f: receive RaftClientReply:client-FB00420D972B->0a7e6056-64a2-4302-b029-255d48a66d7f@group-1EE0336AADCF, cid=2509, SUCCESS, logIndex=3722, commits[0a7e6056-64a2-4302-b029-255d48a66d7f:c3724, 82c1508e-6289-48e2-a567-a0e29c8b4903:c3720, f63d6ef8-0266-4bf3-bcb1-484cdaae1fbb:c3720]
2019-07-09 20:06:51,395 INFO  client.GrpcClientProtocolClient (GrpcClientProtocolClient.java:onNext(255)) - client-FB00420D972B->0a7e6056-64a2-4302-b029-255d48a66d7f: receive RaftClientReply:client-FB00420D972B->0a7e6056-64a2-4302-b029-255d48a66d7f@group-1EE0336AADCF, cid=2510, SUCCESS, logIndex=3723, commits[0a7e6056-64a2-4302-b029-255d48a66d7f:c3724, 82c1508e-6289-48e2-a567-a0e29c8b4903:c3720, f63d6ef8-0266-4bf3-bcb1-484cdaae1fbb:c3720]
2019-07-09 20:06:51,395 INFO  client.GrpcClientProtocolClient (GrpcClientProtocolClient.java:onNext(255)) - client-FB00420D972B->0a7e6056-64a2-4302-b029-255d48a66d7f: receive RaftClientReply:client-FB00420D972B->0a7e6056-64a2-4302-b029-255d48a66d7f@group-1EE0336AADCF, cid=2511, SUCCESS, logIndex=3724, commits[0a7e6056-64a2-4302-b029-255d48a66d7f:c3724, 82c1508e-6289-48e2-a567-a0e29c8b4903:c3720, f63d6ef8-0266-4bf3-bcb1-484cdaae1fbb:c3720]
2019-07-09 20:06:51,407 INFO  client.GrpcClientProtocolClient (GrpcClientProtocolClient.java:onNext(255)) - client-FB00420D972B->0a7e6056-64a2-4302-b029-255d48a66d7f: receive RaftClientReply:client-FB00420D972B->0a7e6056-64a2-4302-b029-255d48a66d7f@group-1EE0336AADCF, cid=2512, SUCCESS, logIndex=0, commits[0a7e6056-64a2-4302-b029-255d48a66d7f:c3727, 82c1508e-6289-48e2-a567-a0e29c8b4903:c3722, f63d6ef8-0266-4bf3-bcb1-484cdaae1fbb:c3723]
2019-07-09 20:06:51,428 INFO  client.GrpcClientProtocolClient (GrpcClientProtocolClient.java:onNext(255)) - client-FB00420D972B->0a7e6056-64a2-4302-b029-255d48a66d7f: receive RaftClientReply:client-FB00420D972B->0a7e6056-64a2-4302-b029-255d48a66d7f@group-1EE0336AADCF, cid=2513, SUCCESS, logIndex=3729, commits[0a7e6056-64a2-4302-b029-255d48a66d7f:c3729, 82c1508e-6289-48e2-a567-a0e29c8b4903:c3728, f63d6ef8-0266-4bf3-bcb1-484cdaae1fbb:c3728]
2019-07-09 20:06:51,428 INFO  client.GrpcClientProtocolClient (GrpcClientProtocolClient.java:onNext(255)) - client-FB00420D972B->0a7e6056-64a2-4302-b029-255d48a66d7f: receive RaftClientReply:client-FB00420D972B->0a7e6056-64a2-4302-b029-255d48a66d7f@group-1EE0336AADCF, cid=2514, SUCCESS, logIndex=3730, commits[0a7e6056-64a2-4302-b029-255d48a66d7f:c3730, 82c1508e-6289-48e2-a567-a0e29c8b4903:c3728, f63d6ef8-0266-4bf3-bcb1-484cdaae1fbb:c3728]
2019-07-09 20:06:51,442 INFO  client.GrpcClientProtocolClient (GrpcClientProtocolClient.java:onNext(255)) - client-FB00420D972B->0a7e6056-64a2-4302-b029-255d48a66d7f: receive RaftClientReply:client-FB00420D972B->0a7e6056-64a2-4302-b029-255d48a66d7f@group-1EE0336AADCF, cid=2515, SUCCESS, logIndex=3733, commits[0a7e6056-64a2-4302-b029-255d48a66d7f:c3734, 82c1508e-6289-48e2-a567-a0e29c8b4903:c3730, f63d6ef8-0266-4bf3-bcb1-484cdaae1fbb:c3730]
2019-07-09 20:06:51,442 INFO  client.GrpcClientProtocolClient (GrpcClientProtocolClient.java:onNext(255)) - client-FB00420D972B->0a7e6056-64a2-4302-b029-255d48a66d7f: receive RaftClientReply:client-FB00420D972B->0a7e6056-64a2-4302-b029-255d48a66d7f@group-1EE0336AADCF, cid=2516, SUCCESS, logIndex=3734, commits[0a7e6056-64a2-4302-b029-255d48a66d7f:c3734, 82c1508e-6289-48e2-a567-a0e29c8b4903:c3730, f63d6ef8-0266-4bf3-bcb1-484cdaae1fbb:c3730]
2019-07-09 20:06:51,455 INFO  client.GrpcClientProtocolClient (GrpcClientProtocolClient.java:onNext(255)) - client-FB00420D972B->0a7e6056-64a2-4302-b029-255d48a66d7f: receive RaftClientReply:client-FB00420D972B->0a7e6056-64a2-4302-b029-255d48a66d7f@group-1EE0336AADCF, cid=2517, SUCCESS, logIndex=0, commits[0a7e6056-64a2-4302-b029-255d48a66d7f:c3735, 82c1508e-6289-48e2-a567-a0e29c8b4903:c3734, f63d6ef8-0266-4bf3-bcb1-484cdaae1fbb:c3734]
2019-07-09 20:06:51,484 INFO  client.GrpcClientProtocolClient (GrpcClientProtocolClient.java:onNext(255)) - client-FB00420D972B->0a7e6056-64a2-4302-b029-255d48a66d7f: receive RaftClientReply:client-FB00420D972B->0a7e6056-64a2-4302-b029-255d48a66d7f@group-1EE0336AADCF, cid=2518, SUCCESS, logIndex=3737, commits[0a7e6056-64a2-4302-b029-255d48a66d7f:c3738, 82c1508e-6289-48e2-a567-a0e29c8b4903:c3736, f63d6ef8-0266-4bf3-bcb1-484cdaae1fbb:c3736]
2019-07-09 20:06:51,484 INFO  client.GrpcClientProtocolClient (GrpcClientProtocolClient.java:onNext(255)) - client-FB00420D972B->0a7e6056-64a2-4302-b029-255d48a66d7f: receive RaftClientReply:client-FB00420D972B->0a7e6056-64a2-4302-b029-255d48a66d7f@group-1EE0336AADCF, cid=2519, SUCCESS, logIndex=3738, commits[0a7e6056-64a2-4302-b029-255d48a66d7f:c3740, 82c1508e-6289-48e2-a567-a0e29c8b4903:c3736, f63d6ef8-0266-4bf3-bcb1-484cdaae1fbb:c3736]
2019-07-09 20:06:51,485 INFO  client.GrpcClientProtocolClient (GrpcClientProtocolClient.java:onNext(255)) - client-FB00420D972B->0a7e6056-64a2-4302-b029-255d48a66d7f: receive RaftClientReply:client-FB00420D972B->0a7e6056-64a2-4302-b029-255d48a66d7f@group-1EE0336AADCF, cid=2520, SUCCESS, logIndex=3739, commits[0a7e6056-64a2-4302-b029-255d48a66d7f:c3740, 82c1508e-6289-48e2-a567-a0e29c8b4903:c3736, f63d6ef8-0266-4bf3-bcb1-484cdaae1fbb:c3736]
2019-07-09 20:06:51,485 INFO  client.GrpcClientProtocolClient (GrpcClientProtocolClient.java:onNext(255)) - client-FB00420D972B->0a7e6056-64a2-4302-b029-255d48a66d7f: receive RaftClientReply:client-FB00420D972B->0a7e6056-64a2-4302-b029-255d48a66d7f@group-1EE0336AADCF, cid=2521, SUCCESS, logIndex=3740, commits[0a7e6056-64a2-4302-b029-255d48a66d7f:c3741, 82c1508e-6289-48e2-a567-a0e29c8b4903:c3736, f63d6ef8-0266-4bf3-bcb1-484cdaae1fbb:c3737]
2019-07-09 20:06:51,486 INFO  client.GrpcClientProtocolClient (GrpcClientProtocolClient.java:onNext(255)) - client-FB00420D972B->0a7e6056-64a2-4302-b029-255d48a66d7f: receive RaftClientReply:client-FB00420D972B->0a7e6056-64a2-4302-b029-255d48a66d7f@group-1EE0336AADCF, cid=2522, SUCCESS, logIndex=0, commits[0a7e6056-64a2-4302-b029-255d48a66d7f:c3744, 82c1508e-6289-48e2-a567-a0e29c8b4903:c3738, f63d6ef8-0266-4bf3-bcb1-484cdaae1fbb:c3740]
2019-07-09 20:06:51,517 INFO  client.GrpcClientProtocolClient (GrpcClientProtocolClient.java:onNext(255)) - client-FB00420D972B->0a7e6056-64a2-4302-b029-255d48a66d7f: receive RaftClientReply:client-FB00420D972B->0a7e6056-64a2-4302-b029-255d48a66d7f@group-1EE0336AADCF, cid=2523, SUCCESS, logIndex=3745, commits[0a7e6056-64a2-4302-b029-255d48a66d7f:c3746, 82c1508e-6289-48e2-a567-a0e29c8b4903:c3744, f63d6ef8-0266-4bf3-bcb1-484cdaae1fbb:c3744]
2019-07-09 20:06:51,517 INFO  client.GrpcClientProtocolClient (GrpcClientProtocolClient.java:onNext(255)) - client-FB00420D972B->0a7e6056-64a2-4302-b029-255d48a66d7f: receive RaftClientReply:client-FB00420D972B->0a7e6056-64a2-4302-b029-255d48a66d7f@group-1EE0336AADCF, cid=2524, SUCCESS, logIndex=3746, commits[0a7e6056-64a2-4302-b029-255d48a66d7f:c3746, 82c1508e-6289-48e2-a567-a0e29c8b4903:c3744, f63d6ef8-0266-4bf3-bcb1-484cdaae1fbb:c3744]
2019-07-09 20:06:51,531 INFO  client.GrpcClientProtocolClient (GrpcClientProtocolClient.java:onNext(255)) - client-FB00420D972B->0a7e6056-64a2-4302-b029-255d48a66d7f: receive RaftClientReply:client-FB00420D972B->0a7e6056-64a2-4302-b029-255d48a66d7f@group-1EE0336AADCF, cid=2525, SUCCESS, logIndex=3749, commits[0a7e6056-64a2-4302-b029-255d48a66d7f:c3750, 82c1508e-6289-48e2-a567-a0e29c8b4903:c3746, f63d6ef8-0266-4bf3-bcb1-484cdaae1fbb:c3746]
2019-07-09 20:06:51,531 INFO  client.GrpcClientProtocolClient (GrpcClientProtocolClient.java:onNext(255)) - client-FB00420D972B->0a7e6056-64a2-4302-b029-255d48a66d7f: receive RaftClientReply:client-FB00420D972B->0a7e6056-64a2-4302-b029-255d48a66d7f@group-1EE0336AADCF, cid=2526, SUCCESS, logIndex=3750, commits[0a7e6056-64a2-4302-b029-255d48a66d7f:c3750, 82c1508e-6289-48e2-a567-a0e29c8b4903:c3746, f63d6ef8-0266-4bf3-bcb1-484cdaae1fbb:c3746]
2019-07-09 20:06:51,544 INFO  client.GrpcClientProtocolClient (GrpcClientProtocolClient.java:onNext(255)) - client-FB00420D972B->0a7e6056-64a2-4302-b029-255d48a66d7f: receive RaftClientReply:client-FB00420D972B->0a7e6056-64a2-4302-b029-255d48a66d7f@group-1EE0336AADCF, cid=2527, SUCCESS, logIndex=0, commits[0a7e6056-64a2-4302-b029-255d48a66d7f:c3752, 82c1508e-6289-48e2-a567-a0e29c8b4903:c3750, f63d6ef8-0266-4bf3-bcb1-484cdaae1fbb:c3750]
2019-07-09 20:06:51,573 INFO  client.GrpcClientProtocolClient (GrpcClientProtocolClient.java:onNext(255)) - client-FB00420D972B->0a7e6056-64a2-4302-b029-255d48a66d7f: receive RaftClientReply:client-FB00420D972B->0a7e6056-64a2-4302-b029-255d48a66d7f@group-1EE0336AADCF, cid=2528, SUCCESS, logIndex=3753, commits[0a7e6056-64a2-4302-b029-255d48a66d7f:c3754, 82c1508e-6289-48e2-a567-a0e29c8b4903:c3752, f63d6ef8-0266-4bf3-bcb1-484cdaae1fbb:c3752]
2019-07-09 20:06:51,575 INFO  client.GrpcClientProtocolClient (GrpcClientProtocolClient.java:onNext(255)) - client-FB00420D972B->0a7e6056-64a2-4302-b029-255d48a66d7f: receive RaftClientReply:client-FB00420D972B->0a7e6056-64a2-4302-b029-255d48a66d7f@group-1EE0336AADCF, cid=2529, SUCCESS, logIndex=3754, commits[0a7e6056-64a2-4302-b029-255d48a66d7f:c3756, 82c1508e-6289-48e2-a567-a0e29c8b4903:c3752, f63d6ef8-0266-4bf3-bcb1-484cdaae1fbb:c3752]
2019-07-09 20:06:51,575 INFO  client.GrpcClientProtocolClient (GrpcClientProtocolClient.java:onNext(255)) - client-FB00420D972B->0a7e6056-64a2-4302-b029-255d48a66d7f: receive RaftClientReply:client-FB00420D972B->0a7e6056-64a2-4302-b029-255d48a66d7f@group-1EE0336AADCF, cid=2530, SUCCESS, logIndex=3755, commits[0a7e6056-64a2-4302-b029-255d48a66d7f:c3756, 82c1508e-6289-48e2-a567-a0e29c8b4903:c3752, f63d6ef8-0266-4bf3-bcb1-484cdaae1fbb:c3752]
2019-07-09 20:06:51,575 INFO  client.GrpcClientProtocolClient (GrpcClientProtocolClient.java:onNext(255)) - client-FB00420D972B->0a7e6056-64a2-4302-b029-255d48a66d7f: receive RaftClientReply:client-FB00420D972B->0a7e6056-64a2-4302-b029-255d48a66d7f@group-1EE0336AADCF, cid=2531, SUCCESS, logIndex=3756, commits[0a7e6056-64a2-4302-b029-255d48a66d7f:c3756, 82c1508e-6289-48e2-a567-a0e29c8b4903:c3752, f63d6ef8-0266-4bf3-bcb1-484cdaae1fbb:c3752]
2019-07-09 20:06:51,587 INFO  client.GrpcClientProtocolClient (GrpcClientProtocolClient.java:onNext(255)) - client-FB00420D972B->0a7e6056-64a2-4302-b029-255d48a66d7f: receive RaftClientReply:client-FB00420D972B->0a7e6056-64a2-4302-b029-255d48a66d7f@group-1EE0336AADCF, cid=2532, SUCCESS, logIndex=0, commits[0a7e6056-64a2-4302-b029-255d48a66d7f:c3758, 82c1508e-6289-48e2-a567-a0e29c8b4903:c3754, f63d6ef8-0266-4bf3-bcb1-484cdaae1fbb:c3754]
2019-07-09 20:06:51,606 INFO  client.GrpcClientProtocolClient (GrpcClientProtocolClient.java:onNext(255)) - client-FB00420D972B->0a7e6056-64a2-4302-b029-255d48a66d7f: receive RaftClientReply:client-FB00420D972B->0a7e6056-64a2-4302-b029-255d48a66d7f@group-1EE0336AADCF, cid=2533, SUCCESS, logIndex=3761, commits[0a7e6056-64a2-4302-b029-255d48a66d7f:c3762, 82c1508e-6289-48e2-a567-a0e29c8b4903:c3760, f63d6ef8-0266-4bf3-bcb1-484cdaae1fbb:c3760]
2019-07-09 20:06:51,606 INFO  client.GrpcClientProtocolClient (GrpcClientProtocolClient.java:onNext(255)) - client-FB00420D972B->0a7e6056-64a2-4302-b029-255d48a66d7f: receive RaftClientReply:client-FB00420D972B->0a7e6056-64a2-4302-b029-255d48a66d7f@group-1EE0336AADCF, cid=2534, SUCCESS, logIndex=3762, commits[0a7e6056-64a2-4302-b029-255d48a66d7f:c3762, 82c1508e-6289-48e2-a567-a0e29c8b4903:c3760, f63d6ef8-0266-4bf3-bcb1-484cdaae1fbb:c3760]
2019-07-09 20:06:51,619 INFO  client.GrpcClientProtocolClient (GrpcClientProtocolClient.java:onNext(255)) - client-FB00420D972B->0a7e6056-64a2-4302-b029-255d48a66d7f: receive RaftClientReply:client-FB00420D972B->0a7e6056-64a2-4302-b029-255d48a66d7f@group-1EE0336AADCF, cid=2535, SUCCESS, logIndex=3765, commits[0a7e6056-64a2-4302-b029-255d48a66d7f:c3766, 82c1508e-6289-48e2-a567-a0e29c8b4903:c3761, f63d6ef8-0266-4bf3-bcb1-484cdaae1fbb:c3762]
2019-07-09 20:06:51,620 INFO  client.GrpcClientProtocolClient (GrpcClientProtocolClient.java:onNext(255)) - client-FB00420D972B->0a7e6056-64a2-4302-b029-255d48a66d7f: receive RaftClientReply:client-FB00420D972B->0a7e6056-64a2-4302-b029-255d48a66d7f@group-1EE0336AADCF, cid=2536, SUCCESS, logIndex=3766, commits[0a7e6056-64a2-4302-b029-255d48a66d7f:c3766, 82c1508e-6289-48e2-a567-a0e29c8b4903:c3762, f63d6ef8-0266-4bf3-bcb1-484cdaae1fbb:c3762]
2019-07-09 20:06:51,623 INFO  client.GrpcClientProtocolClient (GrpcClientProtocolClient.java:onNext(255)) - client-FB00420D972B->0a7e6056-64a2-4302-b029-255d48a66d7f: receive RaftClientReply:client-FB00420D972B->0a7e6056-64a2-4302-b029-255d48a66d7f@group-1EE0336AADCF, cid=2537, SUCCESS, logIndex=0, commits[0a7e6056-64a2-4302-b029-255d48a66d7f:c3768, 82c1508e-6289-48e2-a567-a0e29c8b4903:c3766, f63d6ef8-0266-4bf3-bcb1-484cdaae1fbb:c3766]
2019-07-09 20:06:51,650 INFO  client.GrpcClientProtocolClient (GrpcClientProtocolClient.java:onNext(255)) - client-FB00420D972B->0a7e6056-64a2-4302-b029-255d48a66d7f: receive RaftClientReply:client-FB00420D972B->0a7e6056-64a2-4302-b029-255d48a66d7f@group-1EE0336AADCF, cid=2538, SUCCESS, logIndex=3769, commits[0a7e6056-64a2-4302-b029-255d48a66d7f:c3770, 82c1508e-6289-48e2-a567-a0e29c8b4903:c3768, f63d6ef8-0266-4bf3-bcb1-484cdaae1fbb:c3768]
2019-07-09 20:06:51,651 INFO  client.GrpcClientProtocolClient (GrpcClientProtocolClient.java:onNext(255)) - client-FB00420D972B->0a7e6056-64a2-4302-b029-255d48a66d7f: receive RaftClientReply:client-FB00420D972B->0a7e6056-64a2-4302-b029-255d48a66d7f@group-1EE0336AADCF, cid=2539, SUCCESS, logIndex=3770, commits[0a7e6056-64a2-4302-b029-255d48a66d7f:c3772, 82c1508e-6289-48e2-a567-a0e29c8b4903:c3768, f63d6ef8-0266-4bf3-bcb1-484cdaae1fbb:c3768]
2019-07-09 20:06:51,651 INFO  client.GrpcClientProtocolClient (GrpcClientProtocolClient.java:onNext(255)) - client-FB00420D972B->0a7e6056-64a2-4302-b029-255d48a66d7f: receive RaftClientReply:client-FB00420D972B->0a7e6056-64a2-4302-b029-255d48a66d7f@group-1EE0336AADCF, cid=2540, SUCCESS, logIndex=3771, commits[0a7e6056-64a2-4302-b029-255d48a66d7f:c3772, 82c1508e-6289-48e2-a567-a0e29c8b4903:c3768, f63d6ef8-0266-4bf3-bcb1-484cdaae1fbb:c3768]
2019-07-09 20:06:51,651 INFO  client.GrpcClientProtocolClient (GrpcClientProtocolClient.java:onNext(255)) - client-FB00420D972B->0a7e6056-64a2-4302-b029-255d48a66d7f: receive RaftClientReply:client-FB00420D972B->0a7e6056-64a2-4302-b029-255d48a66d7f@group-1EE0336AADCF, cid=2541, SUCCESS, logIndex=3772, commits[0a7e6056-64a2-4302-b029-255d48a66d7f:c3772, 82c1508e-6289-48e2-a567-a0e29c8b4903:c3768, f63d6ef8-0266-4bf3-bcb1-484cdaae1fbb:c3768]
2019-07-09 20:06:51,653 INFO  client.GrpcClientProtocolClient (GrpcClientProtocolClient.java:onNext(255)) - client-FB00420D972B->0a7e6056-64a2-4302-b029-255d48a66d7f: receive RaftClientReply:client-FB00420D972B->0a7e6056-64a2-4302-b029-255d48a66d7f@group-1EE0336AADCF, cid=2542, SUCCESS, logIndex=0, commits[0a7e6056-64a2-4302-b029-255d48a66d7f:c3775, 82c1508e-6289-48e2-a567-a0e29c8b4903:c3770, f63d6ef8-0266-4bf3-bcb1-484cdaae1fbb:c3772]
2019-07-09 20:06:51,673 INFO  client.GrpcClientProtocolClient (GrpcClientProtocolClient.java:onNext(255)) - client-FB00420D972B->0a7e6056-64a2-4302-b029-255d48a66d7f: receive RaftClientReply:client-FB00420D972B->0a7e6056-64a2-4302-b029-255d48a66d7f@group-1EE0336AADCF, cid=2543, SUCCESS, logIndex=3776, commits[0a7e6056-64a2-4302-b029-255d48a66d7f:c3777, 82c1508e-6289-48e2-a567-a0e29c8b4903:c3772, f63d6ef8-0266-4bf3-bcb1-484cdaae1fbb:c3775]
2019-07-09 20:06:51,673 INFO  client.GrpcClientProtocolClient (GrpcClientProtocolClient.java:onNext(255)) - client-FB00420D972B->0a7e6056-64a2-4302-b029-255d48a66d7f: receive RaftClientReply:client-FB00420D972B->0a7e6056-64a2-4302-b029-255d48a66d7f@group-1EE0336AADCF, cid=2544, SUCCESS, logIndex=3777, commits[0a7e6056-64a2-4302-b029-255d48a66d7f:c3777, 82c1508e-6289-48e2-a567-a0e29c8b4903:c3775, f63d6ef8-0266-4bf3-bcb1-484cdaae1fbb:c3775]
2019-07-09 20:06:51,686 INFO  client.GrpcClientProtocolClient (GrpcClientProtocolClient.java:onNext(255)) - client-FB00420D972B->0a7e6056-64a2-4302-b029-255d48a66d7f: receive RaftClientReply:client-FB00420D972B->0a7e6056-64a2-4302-b029-255d48a66d7f@group-1EE0336AADCF, cid=2545, SUCCESS, logIndex=3780, commits[0a7e6056-64a2-4302-b029-255d48a66d7f:c3781, 82c1508e-6289-48e2-a567-a0e29c8b4903:c3777, f63d6ef8-0266-4bf3-bcb1-484cdaae1fbb:c3777]
2019-07-09 20:06:51,686 INFO  client.GrpcClientProtocolClient (GrpcClientProtocolClient.java:onNext(255)) - client-FB00420D972B->0a7e6056-64a2-4302-b029-255d48a66d7f: receive RaftClientReply:client-FB00420D972B->0a7e6056-64a2-4302-b029-255d48a66d7f@group-1EE0336AADCF, cid=2546, SUCCESS, logIndex=3781, commits[0a7e6056-64a2-4302-b029-255d48a66d7f:c3781, 82c1508e-6289-48e2-a567-a0e29c8b4903:c3777, f63d6ef8-0266-4bf3-bcb1-484cdaae1fbb:c3777]
2019-07-09 20:06:51,689 INFO  client.GrpcClientProtocolClient (GrpcClientProtocolClient.java:onNext(255)) - client-FB00420D972B->0a7e6056-64a2-4302-b029-255d48a66d7f: receive RaftClientReply:client-FB00420D972B->0a7e6056-64a2-4302-b029-255d48a66d7f@group-1EE0336AADCF, cid=2547, SUCCESS, logIndex=0, commits[0a7e6056-64a2-4302-b029-255d48a66d7f:c3783, 82c1508e-6289-48e2-a567-a0e29c8b4903:c3781, f63d6ef8-0266-4bf3-bcb1-484cdaae1fbb:c3781]
2019-07-09 20:06:51,720 INFO  client.GrpcClientProtocolClient (GrpcClientProtocolClient.java:onNext(255)) - client-FB00420D972B->0a7e6056-64a2-4302-b029-255d48a66d7f: receive RaftClientReply:client-FB00420D972B->0a7e6056-64a2-4302-b029-255d48a66d7f@group-1EE0336AADCF, cid=2548, SUCCESS, logIndex=3784, commits[0a7e6056-64a2-4302-b029-255d48a66d7f:c3785, 82c1508e-6289-48e2-a567-a0e29c8b4903:c3783, f63d6ef8-0266-4bf3-bcb1-484cdaae1fbb:c3783]
2019-07-09 20:06:51,721 INFO  client.GrpcClientProtocolClient (GrpcClientProtocolClient.java:onNext(255)) - client-FB00420D972B->0a7e6056-64a2-4302-b029-255d48a66d7f: receive RaftClientReply:client-FB00420D972B->0a7e6056-64a2-4302-b029-255d48a66d7f@group-1EE0336AADCF, cid=2549, SUCCESS, logIndex=3785, commits[0a7e6056-64a2-4302-b029-255d48a66d7f:c3785, 82c1508e-6289-48e2-a567-a0e29c8b4903:c3783, f63d6ef8-0266-4bf3-bcb1-484cdaae1fbb:c3783]
2019-07-09 20:06:51,721 INFO  client.GrpcClientProtocolClient (GrpcClientProtocolClient.java:onNext(255)) - client-FB00420D972B->0a7e6056-64a2-4302-b029-255d48a66d7f: receive RaftClientReply:client-FB00420D972B->0a7e6056-64a2-4302-b029-255d48a66d7f@group-1EE0336AADCF, cid=2550, SUCCESS, logIndex=3786, commits[0a7e6056-64a2-4302-b029-255d48a66d7f:c3787, 82c1508e-6289-48e2-a567-a0e29c8b4903:c3783, f63d6ef8-0266-4bf3-bcb1-484cdaae1fbb:c3783]
2019-07-09 20:06:51,721 INFO  client.GrpcClientProtocolClient (GrpcClientProtocolClient.java:onNext(255)) - client-FB00420D972B->0a7e6056-64a2-4302-b029-255d48a66d7f: receive RaftClientReply:client-FB00420D972B->0a7e6056-64a2-4302-b029-255d48a66d7f@group-1EE0336AADCF, cid=2551, SUCCESS, logIndex=3787, commits[0a7e6056-64a2-4302-b029-255d48a66d7f:c3787, 82c1508e-6289-48e2-a567-a0e29c8b4903:c3783, f63d6ef8-0266-4bf3-bcb1-484cdaae1fbb:c3783]
2019-07-09 20:06:51,722 INFO  client.GrpcClientProtocolClient (GrpcClientProtocolClient.java:onNext(255)) - client-FB00420D972B->0a7e6056-64a2-4302-b029-255d48a66d7f: receive RaftClientReply:client-FB00420D972B->0a7e6056-64a2-4302-b029-255d48a66d7f@group-1EE0336AADCF, cid=2552, SUCCESS, logIndex=0, commits[0a7e6056-64a2-4302-b029-255d48a66d7f:c3789, 82c1508e-6289-48e2-a567-a0e29c8b4903:c3785, f63d6ef8-0266-4bf3-bcb1-484cdaae1fbb:c3785]
2019-07-09 20:06:51,747 INFO  client.GrpcClientProtocolClient (GrpcClientProtocolClient.java:onNext(255)) - client-FB00420D972B->0a7e6056-64a2-4302-b029-255d48a66d7f: receive RaftClientReply:client-FB00420D972B->0a7e6056-64a2-4302-b029-255d48a66d7f@group-1EE0336AADCF, cid=2553, SUCCESS, logIndex=3792, commits[0a7e6056-64a2-4302-b029-255d48a66d7f:c3793, 82c1508e-6289-48e2-a567-a0e29c8b4903:c3791, f63d6ef8-0266-4bf3-bcb1-484cdaae1fbb:c3791]
2019-07-09 20:06:51,747 INFO  client.GrpcClientProtocolClient (GrpcClientProtocolClient.java:onNext(255)) - client-FB00420D972B->0a7e6056-64a2-4302-b029-255d48a66d7f: receive RaftClientReply:client-FB00420D972B->0a7e6056-64a2-4302-b029-255d48a66d7f@group-1EE0336AADCF, cid=2554, SUCCESS, logIndex=3793, commits[0a7e6056-64a2-4302-b029-255d48a66d7f:c3793, 82c1508e-6289-48e2-a567-a0e29c8b4903:c3791, f63d6ef8-0266-4bf3-bcb1-484cdaae1fbb:c3791]
2019-07-09 20:06:51,774 INFO  client.GrpcClientProtocolClient (GrpcClientProtocolClient.java:onNext(255)) - client-FB00420D972B->0a7e6056-64a2-4302-b029-255d48a66d7f: receive RaftClientReply:client-FB00420D972B->0a7e6056-64a2-4302-b029-255d48a66d7f@group-1EE0336AADCF, cid=2555, SUCCESS, logIndex=3796, commits[0a7e6056-64a2-4302-b029-255d48a66d7f:c3797, 82c1508e-6289-48e2-a567-a0e29c8b4903:c3793, f63d6ef8-0266-4bf3-bcb1-484cdaae1fbb:c3793]
2019-07-09 20:06:51,775 INFO  client.GrpcClientProtocolClient (GrpcClientProtocolClient.java:onNext(255)) - client-FB00420D972B->0a7e6056-64a2-4302-b029-255d48a66d7f: receive RaftClientReply:client-FB00420D972B->0a7e6056-64a2-4302-b029-255d48a66d7f@group-1EE0336AADCF, cid=2556, SUCCESS, logIndex=3797, commits[0a7e6056-64a2-4302-b029-255d48a66d7f:c3797, 82c1508e-6289-48e2-a567-a0e29c8b4903:c3793, f63d6ef8-0266-4bf3-bcb1-484cdaae1fbb:c3793]
2019-07-09 20:06:51,778 INFO  client.GrpcClientProtocolClient (GrpcClientProtocolClient.java:onNext(255)) - client-FB00420D972B->0a7e6056-64a2-4302-b029-255d48a66d7f: receive RaftClientReply:client-FB00420D972B->0a7e6056-64a2-4302-b029-255d48a66d7f@group-1EE0336AADCF, cid=2557, SUCCESS, logIndex=0, commits[0a7e6056-64a2-4302-b029-255d48a66d7f:c3799, 82c1508e-6289-48e2-a567-a0e29c8b4903:c3797, f63d6ef8-0266-4bf3-bcb1-484cdaae1fbb:c3797]
2019-07-09 20:06:51,805 INFO  client.GrpcClientProtocolClient (GrpcClientProtocolClient.java:onNext(255)) - client-FB00420D972B->0a7e6056-64a2-4302-b029-255d48a66d7f: receive RaftClientReply:client-FB00420D972B->0a7e6056-64a2-4302-b029-255d48a66d7f@group-1EE0336AADCF, cid=2558, SUCCESS, logIndex=3800, commits[0a7e6056-64a2-4302-b029-255d48a66d7f:c3801, 82c1508e-6289-48e2-a567-a0e29c8b4903:c3799, f63d6ef8-0266-4bf3-bcb1-484cdaae1fbb:c3799]
2019-07-09 20:06:51,805 INFO  client.GrpcClientProtocolClient (GrpcClientProtocolClient.java:onNext(255)) - client-FB00420D972B->0a7e6056-64a2-4302-b029-255d48a66d7f: receive RaftClientReply:client-FB00420D972B->0a7e6056-64a2-4302-b029-255d48a66d7f@group-1EE0336AADCF, cid=2559, SUCCESS, logIndex=3801, commits[0a7e6056-64a2-4302-b029-255d48a66d7f:c3801, 82c1508e-6289-48e2-a567-a0e29c8b4903:c3799, f63d6ef8-0266-4bf3-bcb1-484cdaae1fbb:c3799]
2019-07-09 20:06:51,806 INFO  client.GrpcClientProtocolClient (GrpcClientProtocolClient.java:onNext(255)) - client-FB00420D972B->0a7e6056-64a2-4302-b029-255d48a66d7f: receive RaftClientReply:client-FB00420D972B->0a7e6056-64a2-4302-b029-255d48a66d7f@group-1EE0336AADCF, cid=2560, SUCCESS, logIndex=3802, commits[0a7e6056-64a2-4302-b029-255d48a66d7f:c3803, 82c1508e-6289-48e2-a567-a0e29c8b4903:c3799, f63d6ef8-0266-4bf3-bcb1-484cdaae1fbb:c3799]
2019-07-09 20:06:51,806 INFO  client.GrpcClientProtocolClient (GrpcClientProtocolClient.java:onNext(255)) - client-FB00420D972B->0a7e6056-64a2-4302-b029-255d48a66d7f: receive RaftClientReply:client-FB00420D972B->0a7e6056-64a2-4302-b029-255d48a66d7f@group-1EE0336AADCF, cid=2561, SUCCESS, logIndex=3803, commits[0a7e6056-64a2-4302-b029-255d48a66d7f:c3803, 82c1508e-6289-48e2-a567-a0e29c8b4903:c3799, f63d6ef8-0266-4bf3-bcb1-484cdaae1fbb:c3799]
2019-07-09 20:06:51,807 INFO  client.GrpcClientProtocolClient (GrpcClientProtocolClient.java:onNext(255)) - client-FB00420D972B->0a7e6056-64a2-4302-b029-255d48a66d7f: receive RaftClientReply:client-FB00420D972B->0a7e6056-64a2-4302-b029-255d48a66d7f@group-1EE0336AADCF, cid=2562, SUCCESS, logIndex=0, commits[0a7e6056-64a2-4302-b029-255d48a66d7f:c3805, 82c1508e-6289-48e2-a567-a0e29c8b4903:c3801, f63d6ef8-0266-4bf3-bcb1-484cdaae1fbb:c3801]
 0.00% |█                                                                                                    |  0/1 Time: 0:00:232019-07-09 20:06:51,827 INFO  client.GrpcClientProtocolClient (GrpcClientProtocolClient.java:onNext(255)) - client-FB00420D972B->0a7e6056-64a2-4302-b029-255d48a66d7f: receive RaftClientReply:client-FB00420D972B->0a7e6056-64a2-4302-b029-255d48a66d7f@group-1EE0336AADCF, cid=2563, SUCCESS, logIndex=3808, commits[0a7e6056-64a2-4302-b029-255d48a66d7f:c3809, 82c1508e-6289-48e2-a567-a0e29c8b4903:c3807, f63d6ef8-0266-4bf3-bcb1-484cdaae1fbb:c3807]
2019-07-09 20:06:51,828 INFO  client.GrpcClientProtocolClient (GrpcClientProtocolClient.java:onNext(255)) - client-FB00420D972B->0a7e6056-64a2-4302-b029-255d48a66d7f: receive RaftClientReply:client-FB00420D972B->0a7e6056-64a2-4302-b029-255d48a66d7f@group-1EE0336AADCF, cid=2564, SUCCESS, logIndex=3809, commits[0a7e6056-64a2-4302-b029-255d48a66d7f:c3809, 82c1508e-6289-48e2-a567-a0e29c8b4903:c3807, f63d6ef8-0266-4bf3-bcb1-484cdaae1fbb:c3807]
2019-07-09 20:06:51,841 INFO  client.GrpcClientProtocolClient (GrpcClientProtocolClient.java:onNext(255)) - client-FB00420D972B->0a7e6056-64a2-4302-b029-255d48a66d7f: receive RaftClientReply:client-FB00420D972B->0a7e6056-64a2-4302-b029-255d48a66d7f@group-1EE0336AADCF, cid=2565, SUCCESS, logIndex=3812, commits[0a7e6056-64a2-4302-b029-255d48a66d7f:c3813, 82c1508e-6289-48e2-a567-a0e29c8b4903:c3809, f63d6ef8-0266-4bf3-bcb1-484cdaae1fbb:c3809]
2019-07-09 20:06:51,841 INFO  client.GrpcClientProtocolClient (GrpcClientProtocolClient.java:onNext(255)) - client-FB00420D972B->0a7e6056-64a2-4302-b029-255d48a66d7f: receive RaftClientReply:client-FB00420D972B->0a7e6056-64a2-4302-b029-255d48a66d7f@group-1EE0336AADCF, cid=2566, SUCCESS, logIndex=3813, commits[0a7e6056-64a2-4302-b029-255d48a66d7f:c3813, 82c1508e-6289-48e2-a567-a0e29c8b4903:c3809, f63d6ef8-0266-4bf3-bcb1-484cdaae1fbb:c3809]
2019-07-09 20:06:51,842 INFO  client.GrpcClientProtocolClient (GrpcClientProtocolClient.java:onNext(255)) - client-FB00420D972B->0a7e6056-64a2-4302-b029-255d48a66d7f: receive RaftClientReply:client-FB00420D972B->0a7e6056-64a2-4302-b029-255d48a66d7f@group-1EE0336AADCF, cid=2567, SUCCESS, logIndex=0, commits[0a7e6056-64a2-4302-b029-255d48a66d7f:c3814, 82c1508e-6289-48e2-a567-a0e29c8b4903:c3813, f63d6ef8-0266-4bf3-bcb1-484cdaae1fbb:c3813]
2019-07-09 20:06:51,870 INFO  client.GrpcClientProtocolClient (GrpcClientProtocolClient.java:onNext(255)) - client-FB00420D972B->0a7e6056-64a2-4302-b029-255d48a66d7f: receive RaftClientReply:client-FB00420D972B->0a7e6056-64a2-4302-b029-255d48a66d7f@group-1EE0336AADCF, cid=2568, SUCCESS, logIndex=3816, commits[0a7e6056-64a2-4302-b029-255d48a66d7f:c3818, 82c1508e-6289-48e2-a567-a0e29c8b4903:c3815, f63d6ef8-0266-4bf3-bcb1-484cdaae1fbb:c3815]
2019-07-09 20:06:51,870 INFO  client.GrpcClientProtocolClient (GrpcClientProtocolClient.java:onNext(255)) - client-FB00420D972B->0a7e6056-64a2-4302-b029-255d48a66d7f: receive RaftClientReply:client-FB00420D972B->0a7e6056-64a2-4302-b029-255d48a66d7f@group-1EE0336AADCF, cid=2569, SUCCESS, logIndex=3817, commits[0a7e6056-64a2-4302-b029-255d48a66d7f:c3819, 82c1508e-6289-48e2-a567-a0e29c8b4903:c3815, f63d6ef8-0266-4bf3-bcb1-484cdaae1fbb:c3815]
2019-07-09 20:06:51,871 INFO  client.GrpcClientProtocolClient (GrpcClientProtocolClient.java:onNext(255)) - client-FB00420D972B->0a7e6056-64a2-4302-b029-255d48a66d7f: receive RaftClientReply:client-FB00420D972B->0a7e6056-64a2-4302-b029-255d48a66d7f@group-1EE0336AADCF, cid=2570, SUCCESS, logIndex=3818, commits[0a7e6056-64a2-4302-b029-255d48a66d7f:c3819, 82c1508e-6289-48e2-a567-a0e29c8b4903:c3815, f63d6ef8-0266-4bf3-bcb1-484cdaae1fbb:c3815]
2019-07-09 20:06:51,871 INFO  client.GrpcClientProtocolClient (GrpcClientProtocolClient.java:onNext(255)) - client-FB00420D972B->0a7e6056-64a2-4302-b029-255d48a66d7f: receive RaftClientReply:client-FB00420D972B->0a7e6056-64a2-4302-b029-255d48a66d7f@group-1EE0336AADCF, cid=2571, SUCCESS, logIndex=3819, commits[0a7e6056-64a2-4302-b029-255d48a66d7f:c3819, 82c1508e-6289-48e2-a567-a0e29c8b4903:c3815, f63d6ef8-0266-4bf3-bcb1-484cdaae1fbb:c3815]
2019-07-09 20:06:51,872 INFO  client.GrpcClientProtocolClient (GrpcClientProtocolClient.java:onNext(255)) - client-FB00420D972B->0a7e6056-64a2-4302-b029-255d48a66d7f: receive RaftClientReply:client-FB00420D972B->0a7e6056-64a2-4302-b029-255d48a66d7f@group-1EE0336AADCF, cid=2572, SUCCESS, logIndex=0, commits[0a7e6056-64a2-4302-b029-255d48a66d7f:c3820, 82c1508e-6289-48e2-a567-a0e29c8b4903:c3817, f63d6ef8-0266-4bf3-bcb1-484cdaae1fbb:c3817]
2019-07-09 20:06:51,891 INFO  client.GrpcClientProtocolClient (GrpcClientProtocolClient.java:onNext(255)) - client-FB00420D972B->0a7e6056-64a2-4302-b029-255d48a66d7f: receive RaftClientReply:client-FB00420D972B->0a7e6056-64a2-4302-b029-255d48a66d7f@group-1EE0336AADCF, cid=2573, SUCCESS, logIndex=3824, commits[0a7e6056-64a2-4302-b029-255d48a66d7f:c3825, 82c1508e-6289-48e2-a567-a0e29c8b4903:c3823, f63d6ef8-0266-4bf3-bcb1-484cdaae1fbb:c3823]
2019-07-09 20:06:51,891 INFO  client.GrpcClientProtocolClient (GrpcClientProtocolClient.java:onNext(255)) - client-FB00420D972B->0a7e6056-64a2-4302-b029-255d48a66d7f: receive RaftClientReply:client-FB00420D972B->0a7e6056-64a2-4302-b029-255d48a66d7f@group-1EE0336AADCF, cid=2574, SUCCESS, logIndex=3825, commits[0a7e6056-64a2-4302-b029-255d48a66d7f:c3825, 82c1508e-6289-48e2-a567-a0e29c8b4903:c3823, f63d6ef8-0266-4bf3-bcb1-484cdaae1fbb:c3823]
2019-07-09 20:06:51,904 INFO  client.GrpcClientProtocolClient (GrpcClientProtocolClient.java:onNext(255)) - client-FB00420D972B->0a7e6056-64a2-4302-b029-255d48a66d7f: receive RaftClientReply:client-FB00420D972B->0a7e6056-64a2-4302-b029-255d48a66d7f@group-1EE0336AADCF, cid=2575, SUCCESS, logIndex=3828, commits[0a7e6056-64a2-4302-b029-255d48a66d7f:c3829, 82c1508e-6289-48e2-a567-a0e29c8b4903:c3825, f63d6ef8-0266-4bf3-bcb1-484cdaae1fbb:c3825]
2019-07-09 20:06:51,905 INFO  client.GrpcClientProtocolClient (GrpcClientProtocolClient.java:onNext(255)) - client-FB00420D972B->0a7e6056-64a2-4302-b029-255d48a66d7f: receive RaftClientReply:client-FB00420D972B->0a7e6056-64a2-4302-b029-255d48a66d7f@group-1EE0336AADCF, cid=2576, SUCCESS, logIndex=3829, commits[0a7e6056-64a2-4302-b029-255d48a66d7f:c3829, 82c1508e-6289-48e2-a567-a0e29c8b4903:c3825, f63d6ef8-0266-4bf3-bcb1-484cdaae1fbb:c3825]
2019-07-09 20:06:51,906 INFO  client.GrpcClientProtocolClient (GrpcClientProtocolClient.java:onNext(255)) - client-FB00420D972B->0a7e6056-64a2-4302-b029-255d48a66d7f: receive RaftClientReply:client-FB00420D972B->0a7e6056-64a2-4302-b029-255d48a66d7f@group-1EE0336AADCF, cid=2577, SUCCESS, logIndex=0, commits[0a7e6056-64a2-4302-b029-255d48a66d7f:c3831, 82c1508e-6289-48e2-a567-a0e29c8b4903:c3829, f63d6ef8-0266-4bf3-bcb1-484cdaae1fbb:c3829]
2019-07-09 20:06:51,936 INFO  client.GrpcClientProtocolClient (GrpcClientProtocolClient.java:onNext(255)) - client-FB00420D972B->0a7e6056-64a2-4302-b029-255d48a66d7f: receive RaftClientReply:client-FB00420D972B->0a7e6056-64a2-4302-b029-255d48a66d7f@group-1EE0336AADCF, cid=2578, SUCCESS, logIndex=3832, commits[0a7e6056-64a2-4302-b029-255d48a66d7f:c3833, 82c1508e-6289-48e2-a567-a0e29c8b4903:c3831, f63d6ef8-0266-4bf3-bcb1-484cdaae1fbb:c3831]
2019-07-09 20:06:51,937 INFO  client.GrpcClientProtocolClient (GrpcClientProtocolClient.java:onNext(255)) - client-FB00420D972B->0a7e6056-64a2-4302-b029-255d48a66d7f: receive RaftClientReply:client-FB00420D972B->0a7e6056-64a2-4302-b029-255d48a66d7f@group-1EE0336AADCF, cid=2579, SUCCESS, logIndex=3833, commits[0a7e6056-64a2-4302-b029-255d48a66d7f:c3835, 82c1508e-6289-48e2-a567-a0e29c8b4903:c3831, f63d6ef8-0266-4bf3-bcb1-484cdaae1fbb:c3831]
2019-07-09 20:06:51,937 INFO  client.GrpcClientProtocolClient (GrpcClientProtocolClient.java:onNext(255)) - client-FB00420D972B->0a7e6056-64a2-4302-b029-255d48a66d7f: receive RaftClientReply:client-FB00420D972B->0a7e6056-64a2-4302-b029-255d48a66d7f@group-1EE0336AADCF, cid=2580, SUCCESS, logIndex=3834, commits[0a7e6056-64a2-4302-b029-255d48a66d7f:c3835, 82c1508e-6289-48e2-a567-a0e29c8b4903:c3831, f63d6ef8-0266-4bf3-bcb1-484cdaae1fbb:c3831]
2019-07-09 20:06:51,938 INFO  client.GrpcClientProtocolClient (GrpcClientProtocolClient.java:onNext(255)) - client-FB00420D972B->0a7e6056-64a2-4302-b029-255d48a66d7f: receive RaftClientReply:client-FB00420D972B->0a7e6056-64a2-4302-b029-255d48a66d7f@group-1EE0336AADCF, cid=2581, SUCCESS, logIndex=3835, commits[0a7e6056-64a2-4302-b029-255d48a66d7f:c3836, 82c1508e-6289-48e2-a567-a0e29c8b4903:c3831, f63d6ef8-0266-4bf3-bcb1-484cdaae1fbb:c3832]
2019-07-09 20:06:51,939 INFO  client.GrpcClientProtocolClient (GrpcClientProtocolClient.java:onNext(255)) - client-FB00420D972B->0a7e6056-64a2-4302-b029-255d48a66d7f: receive RaftClientReply:client-FB00420D972B->0a7e6056-64a2-4302-b029-255d48a66d7f@group-1EE0336AADCF, cid=2582, SUCCESS, logIndex=0, commits[0a7e6056-64a2-4302-b029-255d48a66d7f:c3839, 82c1508e-6289-48e2-a567-a0e29c8b4903:c3835, f63d6ef8-0266-4bf3-bcb1-484cdaae1fbb:c3833]
2019-07-09 20:06:51,958 INFO  client.GrpcClientProtocolClient (GrpcClientProtocolClient.java:onNext(255)) - client-FB00420D972B->0a7e6056-64a2-4302-b029-255d48a66d7f: receive RaftClientReply:client-FB00420D972B->0a7e6056-64a2-4302-b029-255d48a66d7f@group-1EE0336AADCF, cid=2583, SUCCESS, logIndex=3840, commits[0a7e6056-64a2-4302-b029-255d48a66d7f:c3841, 82c1508e-6289-48e2-a567-a0e29c8b4903:c3839, f63d6ef8-0266-4bf3-bcb1-484cdaae1fbb:c3839]
2019-07-09 20:06:51,959 INFO  client.GrpcClientProtocolClient (GrpcClientProtocolClient.java:onNext(255)) - client-FB00420D972B->0a7e6056-64a2-4302-b029-255d48a66d7f: receive RaftClientReply:client-FB00420D972B->0a7e6056-64a2-4302-b029-255d48a66d7f@group-1EE0336AADCF, cid=2584, SUCCESS, logIndex=3841, commits[0a7e6056-64a2-4302-b029-255d48a66d7f:c3841, 82c1508e-6289-48e2-a567-a0e29c8b4903:c3839, f63d6ef8-0266-4bf3-bcb1-484cdaae1fbb:c3839]
2019-07-09 20:06:51,971 INFO  client.GrpcClientProtocolClient (GrpcClientProtocolClient.java:onNext(255)) - client-FB00420D972B->0a7e6056-64a2-4302-b029-255d48a66d7f: receive RaftClientReply:client-FB00420D972B->0a7e6056-64a2-4302-b029-255d48a66d7f@group-1EE0336AADCF, cid=2585, SUCCESS, logIndex=3844, commits[0a7e6056-64a2-4302-b029-255d48a66d7f:c3845, 82c1508e-6289-48e2-a567-a0e29c8b4903:c3841, f63d6ef8-0266-4bf3-bcb1-484cdaae1fbb:c3841]
2019-07-09 20:06:51,972 INFO  client.GrpcClientProtocolClient (GrpcClientProtocolClient.java:onNext(255)) - client-FB00420D972B->0a7e6056-64a2-4302-b029-255d48a66d7f: receive RaftClientReply:client-FB00420D972B->0a7e6056-64a2-4302-b029-255d48a66d7f@group-1EE0336AADCF, cid=2586, SUCCESS, logIndex=3845, commits[0a7e6056-64a2-4302-b029-255d48a66d7f:c3845, 82c1508e-6289-48e2-a567-a0e29c8b4903:c3841, f63d6ef8-0266-4bf3-bcb1-484cdaae1fbb:c3841]
2019-07-09 20:06:51,984 INFO  client.GrpcClientProtocolClient (GrpcClientProtocolClient.java:onNext(255)) - client-FB00420D972B->0a7e6056-64a2-4302-b029-255d48a66d7f: receive RaftClientReply:client-FB00420D972B->0a7e6056-64a2-4302-b029-255d48a66d7f@group-1EE0336AADCF, cid=2587, SUCCESS, logIndex=0, commits[0a7e6056-64a2-4302-b029-255d48a66d7f:c3846, 82c1508e-6289-48e2-a567-a0e29c8b4903:c3845, f63d6ef8-0266-4bf3-bcb1-484cdaae1fbb:c3845]
2019-07-09 20:06:52,135 INFO  client.GrpcClientProtocolClient (GrpcClientProtocolClient.java:onNext(255)) - client-FB00420D972B->0a7e6056-64a2-4302-b029-255d48a66d7f: receive RaftClientReply:client-FB00420D972B->0a7e6056-64a2-4302-b029-255d48a66d7f@group-1EE0336AADCF, cid=2588, SUCCESS, logIndex=3848, commits[0a7e6056-64a2-4302-b029-255d48a66d7f:c3850, 82c1508e-6289-48e2-a567-a0e29c8b4903:c3847, f63d6ef8-0266-4bf3-bcb1-484cdaae1fbb:c3847]
2019-07-09 20:06:52,136 INFO  client.GrpcClientProtocolClient (GrpcClientProtocolClient.java:onNext(255)) - client-FB00420D972B->0a7e6056-64a2-4302-b029-255d48a66d7f: receive RaftClientReply:client-FB00420D972B->0a7e6056-64a2-4302-b029-255d48a66d7f@group-1EE0336AADCF, cid=2589, SUCCESS, logIndex=3849, commits[0a7e6056-64a2-4302-b029-255d48a66d7f:c3851, 82c1508e-6289-48e2-a567-a0e29c8b4903:c3847, f63d6ef8-0266-4bf3-bcb1-484cdaae1fbb:c3847]
2019-07-09 20:06:52,137 INFO  client.GrpcClientProtocolClient (GrpcClientProtocolClient.java:onNext(255)) - client-FB00420D972B->0a7e6056-64a2-4302-b029-255d48a66d7f: receive RaftClientReply:client-FB00420D972B->0a7e6056-64a2-4302-b029-255d48a66d7f@group-1EE0336AADCF, cid=2590, SUCCESS, logIndex=3850, commits[0a7e6056-64a2-4302-b029-255d48a66d7f:c3852, 82c1508e-6289-48e2-a567-a0e29c8b4903:c3847, f63d6ef8-0266-4bf3-bcb1-484cdaae1fbb:c3849]
2019-07-09 20:06:52,137 INFO  client.GrpcClientProtocolClient (GrpcClientProtocolClient.java:onNext(255)) - client-FB00420D972B->0a7e6056-64a2-4302-b029-255d48a66d7f: receive RaftClientReply:client-FB00420D972B->0a7e6056-64a2-4302-b029-255d48a66d7f@group-1EE0336AADCF, cid=2591, SUCCESS, logIndex=3851, commits[0a7e6056-64a2-4302-b029-255d48a66d7f:c3852, 82c1508e-6289-48e2-a567-a0e29c8b4903:c3847, f63d6ef8-0266-4bf3-bcb1-484cdaae1fbb:c3849]
2019-07-09 20:06:52,139 INFO  client.GrpcClientProtocolClient (GrpcClientProtocolClient.java:onNext(255)) - client-FB00420D972B->0a7e6056-64a2-4302-b029-255d48a66d7f: receive RaftClientReply:client-FB00420D972B->0a7e6056-64a2-4302-b029-255d48a66d7f@group-1EE0336AADCF, cid=2592, SUCCESS, logIndex=0, commits[0a7e6056-64a2-4302-b029-255d48a66d7f:c3855, 82c1508e-6289-48e2-a567-a0e29c8b4903:c3851, f63d6ef8-0266-4bf3-bcb1-484cdaae1fbb:c3851]
2019-07-09 20:06:52,161 INFO  client.GrpcClientProtocolClient (GrpcClientProtocolClient.java:onNext(255)) - client-FB00420D972B->0a7e6056-64a2-4302-b029-255d48a66d7f: receive RaftClientReply:client-FB00420D972B->0a7e6056-64a2-4302-b029-255d48a66d7f@group-1EE0336AADCF, cid=2593, SUCCESS, logIndex=3856, commits[0a7e6056-64a2-4302-b029-255d48a66d7f:c3856, 82c1508e-6289-48e2-a567-a0e29c8b4903:c3855, f63d6ef8-0266-4bf3-bcb1-484cdaae1fbb:c3855]
2019-07-09 20:06:52,161 INFO  client.GrpcClientProtocolClient (GrpcClientProtocolClient.java:onNext(255)) - client-FB00420D972B->0a7e6056-64a2-4302-b029-255d48a66d7f: receive RaftClientReply:client-FB00420D972B->0a7e6056-64a2-4302-b029-255d48a66d7f@group-1EE0336AADCF, cid=2594, SUCCESS, logIndex=3857, commits[0a7e6056-64a2-4302-b029-255d48a66d7f:c3857, 82c1508e-6289-48e2-a567-a0e29c8b4903:c3855, f63d6ef8-0266-4bf3-bcb1-484cdaae1fbb:c3855]
2019-07-09 20:06:52,185 INFO  client.GrpcClientProtocolClient (GrpcClientProtocolClient.java:onNext(255)) - client-FB00420D972B->0a7e6056-64a2-4302-b029-255d48a66d7f: receive RaftClientReply:client-FB00420D972B->0a7e6056-64a2-4302-b029-255d48a66d7f@group-1EE0336AADCF, cid=2595, SUCCESS, logIndex=3860, commits[0a7e6056-64a2-4302-b029-255d48a66d7f:c3861, 82c1508e-6289-48e2-a567-a0e29c8b4903:c3857, f63d6ef8-0266-4bf3-bcb1-484cdaae1fbb:c3857]
2019-07-09 20:06:52,186 INFO  client.GrpcClientProtocolClient (GrpcClientProtocolClient.java:onNext(255)) - client-FB00420D972B->0a7e6056-64a2-4302-b029-255d48a66d7f: receive RaftClientReply:client-FB00420D972B->0a7e6056-64a2-4302-b029-255d48a66d7f@group-1EE0336AADCF, cid=2596, SUCCESS, logIndex=3861, commits[0a7e6056-64a2-4302-b029-255d48a66d7f:c3861, 82c1508e-6289-48e2-a567-a0e29c8b4903:c3857, f63d6ef8-0266-4bf3-bcb1-484cdaae1fbb:c3857]
2019-07-09 20:06:52,198 INFO  client.GrpcClientProtocolClient (GrpcClientProtocolClient.java:onNext(255)) - client-FB00420D972B->0a7e6056-64a2-4302-b029-255d48a66d7f: receive RaftClientReply:client-FB00420D972B->0a7e6056-64a2-4302-b029-255d48a66d7f@group-1EE0336AADCF, cid=2597, SUCCESS, logIndex=0, commits[0a7e6056-64a2-4302-b029-255d48a66d7f:c3863, 82c1508e-6289-48e2-a567-a0e29c8b4903:c3861, f63d6ef8-0266-4bf3-bcb1-484cdaae1fbb:c3861]
2019-07-09 20:06:52,229 INFO  client.GrpcClientProtocolClient (GrpcClientProtocolClient.java:onNext(255)) - client-FB00420D972B->0a7e6056-64a2-4302-b029-255d48a66d7f: receive RaftClientReply:client-FB00420D972B->0a7e6056-64a2-4302-b029-255d48a66d7f@group-1EE0336AADCF, cid=2598, SUCCESS, logIndex=3864, commits[0a7e6056-64a2-4302-b029-255d48a66d7f:c3865, 82c1508e-6289-48e2-a567-a0e29c8b4903:c3863, f63d6ef8-0266-4bf3-bcb1-484cdaae1fbb:c3863]
2019-07-09 20:06:52,230 INFO  client.GrpcClientProtocolClient (GrpcClientProtocolClient.java:onNext(255)) - client-FB00420D972B->0a7e6056-64a2-4302-b029-255d48a66d7f: receive RaftClientReply:client-FB00420D972B->0a7e6056-64a2-4302-b029-255d48a66d7f@group-1EE0336AADCF, cid=2599, SUCCESS, logIndex=3865, commits[0a7e6056-64a2-4302-b029-255d48a66d7f:c3867, 82c1508e-6289-48e2-a567-a0e29c8b4903:c3863, f63d6ef8-0266-4bf3-bcb1-484cdaae1fbb:c3863]
2019-07-09 20:06:52,230 INFO  client.GrpcClientProtocolClient (GrpcClientProtocolClient.java:onNext(255)) - client-FB00420D972B->0a7e6056-64a2-4302-b029-255d48a66d7f: receive RaftClientReply:client-FB00420D972B->0a7e6056-64a2-4302-b029-255d48a66d7f@group-1EE0336AADCF, cid=2600, SUCCESS, logIndex=3866, commits[0a7e6056-64a2-4302-b029-255d48a66d7f:c3867, 82c1508e-6289-48e2-a567-a0e29c8b4903:c3863, f63d6ef8-0266-4bf3-bcb1-484cdaae1fbb:c3863]
2019-07-09 20:06:52,231 INFO  client.GrpcClientProtocolClient (GrpcClientProtocolClient.java:onNext(255)) - client-FB00420D972B->0a7e6056-64a2-4302-b029-255d48a66d7f: receive RaftClientReply:client-FB00420D972B->0a7e6056-64a2-4302-b029-255d48a66d7f@group-1EE0336AADCF, cid=2601, SUCCESS, logIndex=3867, commits[0a7e6056-64a2-4302-b029-255d48a66d7f:c3867, 82c1508e-6289-48e2-a567-a0e29c8b4903:c3863, f63d6ef8-0266-4bf3-bcb1-484cdaae1fbb:c3863]
2019-07-09 20:06:52,244 INFO  client.GrpcClientProtocolClient (GrpcClientProtocolClient.java:onNext(255)) - client-FB00420D972B->0a7e6056-64a2-4302-b029-255d48a66d7f: receive RaftClientReply:client-FB00420D972B->0a7e6056-64a2-4302-b029-255d48a66d7f@group-1EE0336AADCF, cid=2602, SUCCESS, logIndex=0, commits[0a7e6056-64a2-4302-b029-255d48a66d7f:c3870, 82c1508e-6289-48e2-a567-a0e29c8b4903:c3865, f63d6ef8-0266-4bf3-bcb1-484cdaae1fbb:c3866]
2019-07-09 20:06:52,267 INFO  client.GrpcClientProtocolClient (GrpcClientProtocolClient.java:onNext(255)) - client-FB00420D972B->0a7e6056-64a2-4302-b029-255d48a66d7f: receive RaftClientReply:client-FB00420D972B->0a7e6056-64a2-4302-b029-255d48a66d7f@group-1EE0336AADCF, cid=2603, SUCCESS, logIndex=3872, commits[0a7e6056-64a2-4302-b029-255d48a66d7f:c3873, 82c1508e-6289-48e2-a567-a0e29c8b4903:c3871, f63d6ef8-0266-4bf3-bcb1-484cdaae1fbb:c3871]
2019-07-09 20:06:52,268 INFO  client.GrpcClientProtocolClient (GrpcClientProtocolClient.java:onNext(255)) - client-FB00420D972B->0a7e6056-64a2-4302-b029-255d48a66d7f: receive RaftClientReply:client-FB00420D972B->0a7e6056-64a2-4302-b029-255d48a66d7f@group-1EE0336AADCF, cid=2604, SUCCESS, logIndex=3873, commits[0a7e6056-64a2-4302-b029-255d48a66d7f:c3873, 82c1508e-6289-48e2-a567-a0e29c8b4903:c3871, f63d6ef8-0266-4bf3-bcb1-484cdaae1fbb:c3871]
2019-07-09 20:06:52,300 INFO  client.GrpcClientProtocolClient (GrpcClientProtocolClient.java:onNext(255)) - client-FB00420D972B->0a7e6056-64a2-4302-b029-255d48a66d7f: receive RaftClientReply:client-FB00420D972B->0a7e6056-64a2-4302-b029-255d48a66d7f@group-1EE0336AADCF, cid=2605, SUCCESS, logIndex=3876, commits[0a7e6056-64a2-4302-b029-255d48a66d7f:c3877, 82c1508e-6289-48e2-a567-a0e29c8b4903:c3873, f63d6ef8-0266-4bf3-bcb1-484cdaae1fbb:c3872]
2019-07-09 20:06:52,300 INFO  client.GrpcClientProtocolClient (GrpcClientProtocolClient.java:onNext(255)) - client-FB00420D972B->0a7e6056-64a2-4302-b029-255d48a66d7f: receive RaftClientReply:client-FB00420D972B->0a7e6056-64a2-4302-b029-255d48a66d7f@group-1EE0336AADCF, cid=2606, SUCCESS, logIndex=3877, commits[0a7e6056-64a2-4302-b029-255d48a66d7f:c3877, 82c1508e-6289-48e2-a567-a0e29c8b4903:c3873, f63d6ef8-0266-4bf3-bcb1-484cdaae1fbb:c3873]
2019-07-09 20:06:52,302 INFO  client.GrpcClientProtocolClient (GrpcClientProtocolClient.java:onNext(255)) - client-FB00420D972B->0a7e6056-64a2-4302-b029-255d48a66d7f: receive RaftClientReply:client-FB00420D972B->0a7e6056-64a2-4302-b029-255d48a66d7f@group-1EE0336AADCF, cid=2607, SUCCESS, logIndex=0, commits[0a7e6056-64a2-4302-b029-255d48a66d7f:c3879, 82c1508e-6289-48e2-a567-a0e29c8b4903:c3877, f63d6ef8-0266-4bf3-bcb1-484cdaae1fbb:c3877]
2019-07-09 20:06:52,332 INFO  client.GrpcClientProtocolClient (GrpcClientProtocolClient.java:onNext(255)) - client-FB00420D972B->0a7e6056-64a2-4302-b029-255d48a66d7f: receive RaftClientReply:client-FB00420D972B->0a7e6056-64a2-4302-b029-255d48a66d7f@group-1EE0336AADCF, cid=2608, SUCCESS, logIndex=3880, commits[0a7e6056-64a2-4302-b029-255d48a66d7f:c3883, 82c1508e-6289-48e2-a567-a0e29c8b4903:c3879, f63d6ef8-0266-4bf3-bcb1-484cdaae1fbb:c3879]
2019-07-09 20:06:52,332 INFO  client.GrpcClientProtocolClient (GrpcClientProtocolClient.java:onNext(255)) - client-FB00420D972B->0a7e6056-64a2-4302-b029-255d48a66d7f: receive RaftClientReply:client-FB00420D972B->0a7e6056-64a2-4302-b029-255d48a66d7f@group-1EE0336AADCF, cid=2609, SUCCESS, logIndex=3881, commits[0a7e6056-64a2-4302-b029-255d48a66d7f:c3883, 82c1508e-6289-48e2-a567-a0e29c8b4903:c3879, f63d6ef8-0266-4bf3-bcb1-484cdaae1fbb:c3879]
2019-07-09 20:06:52,333 INFO  client.GrpcClientProtocolClient (GrpcClientProtocolClient.java:onNext(255)) - client-FB00420D972B->0a7e6056-64a2-4302-b029-255d48a66d7f: receive RaftClientReply:client-FB00420D972B->0a7e6056-64a2-4302-b029-255d48a66d7f@group-1EE0336AADCF, cid=2610, SUCCESS, logIndex=3882, commits[0a7e6056-64a2-4302-b029-255d48a66d7f:c3883, 82c1508e-6289-48e2-a567-a0e29c8b4903:c3879, f63d6ef8-0266-4bf3-bcb1-484cdaae1fbb:c3879]
2019-07-09 20:06:52,333 INFO  client.GrpcClientProtocolClient (GrpcClientProtocolClient.java:onNext(255)) - client-FB00420D972B->0a7e6056-64a2-4302-b029-255d48a66d7f: receive RaftClientReply:client-FB00420D972B->0a7e6056-64a2-4302-b029-255d48a66d7f@group-1EE0336AADCF, cid=2611, SUCCESS, logIndex=3883, commits[0a7e6056-64a2-4302-b029-255d48a66d7f:c3884, 82c1508e-6289-48e2-a567-a0e29c8b4903:c3879, f63d6ef8-0266-4bf3-bcb1-484cdaae1fbb:c3880]
2019-07-09 20:06:52,336 INFO  client.GrpcClientProtocolClient (GrpcClientProtocolClient.java:onNext(255)) - client-FB00420D972B->0a7e6056-64a2-4302-b029-255d48a66d7f: receive RaftClientReply:client-FB00420D972B->0a7e6056-64a2-4302-b029-255d48a66d7f@group-1EE0336AADCF, cid=2612, SUCCESS, logIndex=0, commits[0a7e6056-64a2-4302-b029-255d48a66d7f:c3887, 82c1508e-6289-48e2-a567-a0e29c8b4903:c3882, f63d6ef8-0266-4bf3-bcb1-484cdaae1fbb:c3883]
2019-07-09 20:06:52,356 INFO  client.GrpcClientProtocolClient (GrpcClientProtocolClient.java:onNext(255)) - client-FB00420D972B->0a7e6056-64a2-4302-b029-255d48a66d7f: receive RaftClientReply:client-FB00420D972B->0a7e6056-64a2-4302-b029-255d48a66d7f@group-1EE0336AADCF, cid=2613, SUCCESS, logIndex=3888, commits[0a7e6056-64a2-4302-b029-255d48a66d7f:c3889, 82c1508e-6289-48e2-a567-a0e29c8b4903:c3887, f63d6ef8-0266-4bf3-bcb1-484cdaae1fbb:c3887]
2019-07-09 20:06:52,357 INFO  client.GrpcClientProtocolClient (GrpcClientProtocolClient.java:onNext(255)) - client-FB00420D972B->0a7e6056-64a2-4302-b029-255d48a66d7f: receive RaftClientReply:client-FB00420D972B->0a7e6056-64a2-4302-b029-255d48a66d7f@group-1EE0336AADCF, cid=2614, SUCCESS, logIndex=3889, commits[0a7e6056-64a2-4302-b029-255d48a66d7f:c3889, 82c1508e-6289-48e2-a567-a0e29c8b4903:c3887, f63d6ef8-0266-4bf3-bcb1-484cdaae1fbb:c3887]
2019-07-09 20:06:52,370 INFO  client.GrpcClientProtocolClient (GrpcClientProtocolClient.java:onNext(255)) - client-FB00420D972B->0a7e6056-64a2-4302-b029-255d48a66d7f: receive RaftClientReply:client-FB00420D972B->0a7e6056-64a2-4302-b029-255d48a66d7f@group-1EE0336AADCF, cid=2615, SUCCESS, logIndex=3892, commits[0a7e6056-64a2-4302-b029-255d48a66d7f:c3893, 82c1508e-6289-48e2-a567-a0e29c8b4903:c3888, f63d6ef8-0266-4bf3-bcb1-484cdaae1fbb:c3889]
2019-07-09 20:06:52,371 INFO  client.GrpcClientProtocolClient (GrpcClientProtocolClient.java:onNext(255)) - client-FB00420D972B->0a7e6056-64a2-4302-b029-255d48a66d7f: receive RaftClientReply:client-FB00420D972B->0a7e6056-64a2-4302-b029-255d48a66d7f@group-1EE0336AADCF, cid=2616, SUCCESS, logIndex=3893, commits[0a7e6056-64a2-4302-b029-255d48a66d7f:c3893, 82c1508e-6289-48e2-a567-a0e29c8b4903:c3889, f63d6ef8-0266-4bf3-bcb1-484cdaae1fbb:c3889]
2019-07-09 20:06:52,372 INFO  client.GrpcClientProtocolClient (GrpcClientProtocolClient.java:onNext(255)) - client-FB00420D972B->0a7e6056-64a2-4302-b029-255d48a66d7f: receive RaftClientReply:client-FB00420D972B->0a7e6056-64a2-4302-b029-255d48a66d7f@group-1EE0336AADCF, cid=2617, SUCCESS, logIndex=0, commits[0a7e6056-64a2-4302-b029-255d48a66d7f:c3895, 82c1508e-6289-48e2-a567-a0e29c8b4903:c3893, f63d6ef8-0266-4bf3-bcb1-484cdaae1fbb:c3893]
2019-07-09 20:06:52,404 INFO  client.GrpcClientProtocolClient (GrpcClientProtocolClient.java:onNext(255)) - client-FB00420D972B->0a7e6056-64a2-4302-b029-255d48a66d7f: receive RaftClientReply:client-FB00420D972B->0a7e6056-64a2-4302-b029-255d48a66d7f@group-1EE0336AADCF, cid=2618, SUCCESS, logIndex=3896, commits[0a7e6056-64a2-4302-b029-255d48a66d7f:c3897, 82c1508e-6289-48e2-a567-a0e29c8b4903:c3895, f63d6ef8-0266-4bf3-bcb1-484cdaae1fbb:c3895]
2019-07-09 20:06:52,404 INFO  client.GrpcClientProtocolClient (GrpcClientProtocolClient.java:onNext(255)) - client-FB00420D972B->0a7e6056-64a2-4302-b029-255d48a66d7f: receive RaftClientReply:client-FB00420D972B->0a7e6056-64a2-4302-b029-255d48a66d7f@group-1EE0336AADCF, cid=2619, SUCCESS, logIndex=3897, commits[0a7e6056-64a2-4302-b029-255d48a66d7f:c3897, 82c1508e-6289-48e2-a567-a0e29c8b4903:c3895, f63d6ef8-0266-4bf3-bcb1-484cdaae1fbb:c3895]
2019-07-09 20:06:52,405 INFO  client.GrpcClientProtocolClient (GrpcClientProtocolClient.java:onNext(255)) - client-FB00420D972B->0a7e6056-64a2-4302-b029-255d48a66d7f: receive RaftClientReply:client-FB00420D972B->0a7e6056-64a2-4302-b029-255d48a66d7f@group-1EE0336AADCF, cid=2620, SUCCESS, logIndex=3898, commits[0a7e6056-64a2-4302-b029-255d48a66d7f:c3899, 82c1508e-6289-48e2-a567-a0e29c8b4903:c3895, f63d6ef8-0266-4bf3-bcb1-484cdaae1fbb:c3895]
2019-07-09 20:06:52,405 INFO  client.GrpcClientProtocolClient (GrpcClientProtocolClient.java:onNext(255)) - client-FB00420D972B->0a7e6056-64a2-4302-b029-255d48a66d7f: receive RaftClientReply:client-FB00420D972B->0a7e6056-64a2-4302-b029-255d48a66d7f@group-1EE0336AADCF, cid=2621, SUCCESS, logIndex=3899, commits[0a7e6056-64a2-4302-b029-255d48a66d7f:c3899, 82c1508e-6289-48e2-a567-a0e29c8b4903:c3895, f63d6ef8-0266-4bf3-bcb1-484cdaae1fbb:c3895]
2019-07-09 20:06:52,406 INFO  client.GrpcClientProtocolClient (GrpcClientProtocolClient.java:onNext(255)) - client-FB00420D972B->0a7e6056-64a2-4302-b029-255d48a66d7f: receive RaftClientReply:client-FB00420D972B->0a7e6056-64a2-4302-b029-255d48a66d7f@group-1EE0336AADCF, cid=2622, SUCCESS, logIndex=0, commits[0a7e6056-64a2-4302-b029-255d48a66d7f:c3901, 82c1508e-6289-48e2-a567-a0e29c8b4903:c3897, f63d6ef8-0266-4bf3-bcb1-484cdaae1fbb:c3897]
2019-07-09 20:06:52,426 INFO  client.GrpcClientProtocolClient (GrpcClientProtocolClient.java:onNext(255)) - client-FB00420D972B->0a7e6056-64a2-4302-b029-255d48a66d7f: receive RaftClientReply:client-FB00420D972B->0a7e6056-64a2-4302-b029-255d48a66d7f@group-1EE0336AADCF, cid=2623, SUCCESS, logIndex=3904, commits[0a7e6056-64a2-4302-b029-255d48a66d7f:c3905, 82c1508e-6289-48e2-a567-a0e29c8b4903:c3903, f63d6ef8-0266-4bf3-bcb1-484cdaae1fbb:c3903]
2019-07-09 20:06:52,427 INFO  client.GrpcClientProtocolClient (GrpcClientProtocolClient.java:onNext(255)) - client-FB00420D972B->0a7e6056-64a2-4302-b029-255d48a66d7f: receive RaftClientReply:client-FB00420D972B->0a7e6056-64a2-4302-b029-255d48a66d7f@group-1EE0336AADCF, cid=2624, SUCCESS, logIndex=3905, commits[0a7e6056-64a2-4302-b029-255d48a66d7f:c3905, 82c1508e-6289-48e2-a567-a0e29c8b4903:c3903, f63d6ef8-0266-4bf3-bcb1-484cdaae1fbb:c3903]
2019-07-09 20:06:52,439 INFO  client.GrpcClientProtocolClient (GrpcClientProtocolClient.java:onNext(255)) - client-FB00420D972B->0a7e6056-64a2-4302-b029-255d48a66d7f: receive RaftClientReply:client-FB00420D972B->0a7e6056-64a2-4302-b029-255d48a66d7f@group-1EE0336AADCF, cid=2625, SUCCESS, logIndex=3908, commits[0a7e6056-64a2-4302-b029-255d48a66d7f:c3908, 82c1508e-6289-48e2-a567-a0e29c8b4903:c3905, f63d6ef8-0266-4bf3-bcb1-484cdaae1fbb:c3905]
2019-07-09 20:06:52,440 INFO  client.GrpcClientProtocolClient (GrpcClientProtocolClient.java:onNext(255)) - client-FB00420D972B->0a7e6056-64a2-4302-b029-255d48a66d7f: receive RaftClientReply:client-FB00420D972B->0a7e6056-64a2-4302-b029-255d48a66d7f@group-1EE0336AADCF, cid=2626, SUCCESS, logIndex=3909, commits[0a7e6056-64a2-4302-b029-255d48a66d7f:c3909, 82c1508e-6289-48e2-a567-a0e29c8b4903:c3905, f63d6ef8-0266-4bf3-bcb1-484cdaae1fbb:c3905]
2019-07-09 20:06:52,452 INFO  client.GrpcClientProtocolClient (GrpcClientProtocolClient.java:onNext(255)) - client-FB00420D972B->0a7e6056-64a2-4302-b029-255d48a66d7f: receive RaftClientReply:client-FB00420D972B->0a7e6056-64a2-4302-b029-255d48a66d7f@group-1EE0336AADCF, cid=2627, SUCCESS, logIndex=0, commits[0a7e6056-64a2-4302-b029-255d48a66d7f:c3911, 82c1508e-6289-48e2-a567-a0e29c8b4903:c3909, f63d6ef8-0266-4bf3-bcb1-484cdaae1fbb:c3909]
2019-07-09 20:06:52,479 INFO  client.GrpcClientProtocolClient (GrpcClientProtocolClient.java:onNext(255)) - client-FB00420D972B->0a7e6056-64a2-4302-b029-255d48a66d7f: receive RaftClientReply:client-FB00420D972B->0a7e6056-64a2-4302-b029-255d48a66d7f@group-1EE0336AADCF, cid=2628, SUCCESS, logIndex=3912, commits[0a7e6056-64a2-4302-b029-255d48a66d7f:c3913, 82c1508e-6289-48e2-a567-a0e29c8b4903:c3911, f63d6ef8-0266-4bf3-bcb1-484cdaae1fbb:c3911]
2019-07-09 20:06:52,479 INFO  client.GrpcClientProtocolClient (GrpcClientProtocolClient.java:onNext(255)) - client-FB00420D972B->0a7e6056-64a2-4302-b029-255d48a66d7f: receive RaftClientReply:client-FB00420D972B->0a7e6056-64a2-4302-b029-255d48a66d7f@group-1EE0336AADCF, cid=2629, SUCCESS, logIndex=3913, commits[0a7e6056-64a2-4302-b029-255d48a66d7f:c3913, 82c1508e-6289-48e2-a567-a0e29c8b4903:c3911, f63d6ef8-0266-4bf3-bcb1-484cdaae1fbb:c3911]
2019-07-09 20:06:52,480 INFO  client.GrpcClientProtocolClient (GrpcClientProtocolClient.java:onNext(255)) - client-FB00420D972B->0a7e6056-64a2-4302-b029-255d48a66d7f: receive RaftClientReply:client-FB00420D972B->0a7e6056-64a2-4302-b029-255d48a66d7f@group-1EE0336AADCF, cid=2630, SUCCESS, logIndex=3914, commits[0a7e6056-64a2-4302-b029-255d48a66d7f:c3915, 82c1508e-6289-48e2-a567-a0e29c8b4903:c3911, f63d6ef8-0266-4bf3-bcb1-484cdaae1fbb:c3911]
2019-07-09 20:06:52,480 INFO  client.GrpcClientProtocolClient (GrpcClientProtocolClient.java:onNext(255)) - client-FB00420D972B->0a7e6056-64a2-4302-b029-255d48a66d7f: receive RaftClientReply:client-FB00420D972B->0a7e6056-64a2-4302-b029-255d48a66d7f@group-1EE0336AADCF, cid=2631, SUCCESS, logIndex=3915, commits[0a7e6056-64a2-4302-b029-255d48a66d7f:c3915, 82c1508e-6289-48e2-a567-a0e29c8b4903:c3911, f63d6ef8-0266-4bf3-bcb1-484cdaae1fbb:c3911]
2019-07-09 20:06:52,482 INFO  client.GrpcClientProtocolClient (GrpcClientProtocolClient.java:onNext(255)) - client-FB00420D972B->0a7e6056-64a2-4302-b029-255d48a66d7f: receive RaftClientReply:client-FB00420D972B->0a7e6056-64a2-4302-b029-255d48a66d7f@group-1EE0336AADCF, cid=2632, SUCCESS, logIndex=0, commits[0a7e6056-64a2-4302-b029-255d48a66d7f:c3919, 82c1508e-6289-48e2-a567-a0e29c8b4903:c3913, f63d6ef8-0266-4bf3-bcb1-484cdaae1fbb:c3915]
2019-07-09 20:06:52,501 INFO  client.GrpcClientProtocolClient (GrpcClientProtocolClient.java:onNext(255)) - client-FB00420D972B->0a7e6056-64a2-4302-b029-255d48a66d7f: receive RaftClientReply:client-FB00420D972B->0a7e6056-64a2-4302-b029-255d48a66d7f@group-1EE0336AADCF, cid=2633, SUCCESS, logIndex=3920, commits[0a7e6056-64a2-4302-b029-255d48a66d7f:c3921, 82c1508e-6289-48e2-a567-a0e29c8b4903:c3919, f63d6ef8-0266-4bf3-bcb1-484cdaae1fbb:c3919]
2019-07-09 20:06:52,501 INFO  client.GrpcClientProtocolClient (GrpcClientProtocolClient.java:onNext(255)) - client-FB00420D972B->0a7e6056-64a2-4302-b029-255d48a66d7f: receive RaftClientReply:client-FB00420D972B->0a7e6056-64a2-4302-b029-255d48a66d7f@group-1EE0336AADCF, cid=2634, SUCCESS, logIndex=3921, commits[0a7e6056-64a2-4302-b029-255d48a66d7f:c3921, 82c1508e-6289-48e2-a567-a0e29c8b4903:c3919, f63d6ef8-0266-4bf3-bcb1-484cdaae1fbb:c3919]
2019-07-09 20:06:52,514 INFO  client.GrpcClientProtocolClient (GrpcClientProtocolClient.java:onNext(255)) - client-FB00420D972B->0a7e6056-64a2-4302-b029-255d48a66d7f: receive RaftClientReply:client-FB00420D972B->0a7e6056-64a2-4302-b029-255d48a66d7f@group-1EE0336AADCF, cid=2635, SUCCESS, logIndex=3924, commits[0a7e6056-64a2-4302-b029-255d48a66d7f:c3924, 82c1508e-6289-48e2-a567-a0e29c8b4903:c3921, f63d6ef8-0266-4bf3-bcb1-484cdaae1fbb:c3921]
2019-07-09 20:06:52,514 INFO  client.GrpcClientProtocolClient (GrpcClientProtocolClient.java:onNext(255)) - client-FB00420D972B->0a7e6056-64a2-4302-b029-255d48a66d7f: receive RaftClientReply:client-FB00420D972B->0a7e6056-64a2-4302-b029-255d48a66d7f@group-1EE0336AADCF, cid=2636, SUCCESS, logIndex=3925, commits[0a7e6056-64a2-4302-b029-255d48a66d7f:c3925, 82c1508e-6289-48e2-a567-a0e29c8b4903:c3921, f63d6ef8-0266-4bf3-bcb1-484cdaae1fbb:c3921]
2019-07-09 20:06:52,541 INFO  client.GrpcClientProtocolClient (GrpcClientProtocolClient.java:onNext(255)) - client-FB00420D972B->0a7e6056-64a2-4302-b029-255d48a66d7f: receive RaftClientReply:client-FB00420D972B->0a7e6056-64a2-4302-b029-255d48a66d7f@group-1EE0336AADCF, cid=2637, SUCCESS, logIndex=0, commits[0a7e6056-64a2-4302-b029-255d48a66d7f:c3927, 82c1508e-6289-48e2-a567-a0e29c8b4903:c3925, f63d6ef8-0266-4bf3-bcb1-484cdaae1fbb:c3925]
2019-07-09 20:06:52,569 INFO  client.GrpcClientProtocolClient (GrpcClientProtocolClient.java:onNext(255)) - client-FB00420D972B->0a7e6056-64a2-4302-b029-255d48a66d7f: receive RaftClientReply:client-FB00420D972B->0a7e6056-64a2-4302-b029-255d48a66d7f@group-1EE0336AADCF, cid=2638, SUCCESS, logIndex=3928, commits[0a7e6056-64a2-4302-b029-255d48a66d7f:c3930, 82c1508e-6289-48e2-a567-a0e29c8b4903:c3927, f63d6ef8-0266-4bf3-bcb1-484cdaae1fbb:c3927]
2019-07-09 20:06:52,570 INFO  client.GrpcClientProtocolClient (GrpcClientProtocolClient.java:onNext(255)) - client-FB00420D972B->0a7e6056-64a2-4302-b029-255d48a66d7f: receive RaftClientReply:client-FB00420D972B->0a7e6056-64a2-4302-b029-255d48a66d7f@group-1EE0336AADCF, cid=2639, SUCCESS, logIndex=3929, commits[0a7e6056-64a2-4302-b029-255d48a66d7f:c3931, 82c1508e-6289-48e2-a567-a0e29c8b4903:c3927, f63d6ef8-0266-4bf3-bcb1-484cdaae1fbb:c3927]
2019-07-09 20:06:52,570 INFO  client.GrpcClientProtocolClient (GrpcClientProtocolClient.java:onNext(255)) - client-FB00420D972B->0a7e6056-64a2-4302-b029-255d48a66d7f: receive RaftClientReply:client-FB00420D972B->0a7e6056-64a2-4302-b029-255d48a66d7f@group-1EE0336AADCF, cid=2640, SUCCESS, logIndex=3930, commits[0a7e6056-64a2-4302-b029-255d48a66d7f:c3931, 82c1508e-6289-48e2-a567-a0e29c8b4903:c3927, f63d6ef8-0266-4bf3-bcb1-484cdaae1fbb:c3927]
2019-07-09 20:06:52,570 INFO  client.GrpcClientProtocolClient (GrpcClientProtocolClient.java:onNext(255)) - client-FB00420D972B->0a7e6056-64a2-4302-b029-255d48a66d7f: receive RaftClientReply:client-FB00420D972B->0a7e6056-64a2-4302-b029-255d48a66d7f@group-1EE0336AADCF, cid=2641, SUCCESS, logIndex=3931, commits[0a7e6056-64a2-4302-b029-255d48a66d7f:c3931, 82c1508e-6289-48e2-a567-a0e29c8b4903:c3927, f63d6ef8-0266-4bf3-bcb1-484cdaae1fbb:c3927]
2019-07-09 20:06:52,571 INFO  client.GrpcClientProtocolClient (GrpcClientProtocolClient.java:onNext(255)) - client-FB00420D972B->0a7e6056-64a2-4302-b029-255d48a66d7f: receive RaftClientReply:client-FB00420D972B->0a7e6056-64a2-4302-b029-255d48a66d7f@group-1EE0336AADCF, cid=2642, SUCCESS, logIndex=0, commits[0a7e6056-64a2-4302-b029-255d48a66d7f:c3932, 82c1508e-6289-48e2-a567-a0e29c8b4903:c3929, f63d6ef8-0266-4bf3-bcb1-484cdaae1fbb:c3929]
2019-07-09 20:06:52,592 INFO  client.GrpcClientProtocolClient (GrpcClientProtocolClient.java:onNext(255)) - client-FB00420D972B->0a7e6056-64a2-4302-b029-255d48a66d7f: receive RaftClientReply:client-FB00420D972B->0a7e6056-64a2-4302-b029-255d48a66d7f@group-1EE0336AADCF, cid=2643, SUCCESS, logIndex=3936, commits[0a7e6056-64a2-4302-b029-255d48a66d7f:c3936, 82c1508e-6289-48e2-a567-a0e29c8b4903:c3935, f63d6ef8-0266-4bf3-bcb1-484cdaae1fbb:c3935]
2019-07-09 20:06:52,593 INFO  client.GrpcClientProtocolClient (GrpcClientProtocolClient.java:onNext(255)) - client-FB00420D972B->0a7e6056-64a2-4302-b029-255d48a66d7f: receive RaftClientReply:client-FB00420D972B->0a7e6056-64a2-4302-b029-255d48a66d7f@group-1EE0336AADCF, cid=2644, SUCCESS, logIndex=3937, commits[0a7e6056-64a2-4302-b029-255d48a66d7f:c3937, 82c1508e-6289-48e2-a567-a0e29c8b4903:c3935, f63d6ef8-0266-4bf3-bcb1-484cdaae1fbb:c3935]
2019-07-09 20:06:52,605 INFO  client.GrpcClientProtocolClient (GrpcClientProtocolClient.java:onNext(255)) - client-FB00420D972B->0a7e6056-64a2-4302-b029-255d48a66d7f: receive RaftClientReply:client-FB00420D972B->0a7e6056-64a2-4302-b029-255d48a66d7f@group-1EE0336AADCF, cid=2645, SUCCESS, logIndex=3940, commits[0a7e6056-64a2-4302-b029-255d48a66d7f:c3940, 82c1508e-6289-48e2-a567-a0e29c8b4903:c3937, f63d6ef8-0266-4bf3-bcb1-484cdaae1fbb:c3937]
2019-07-09 20:06:52,606 INFO  client.GrpcClientProtocolClient (GrpcClientProtocolClient.java:onNext(255)) - client-FB00420D972B->0a7e6056-64a2-4302-b029-255d48a66d7f: receive RaftClientReply:client-FB00420D972B->0a7e6056-64a2-4302-b029-255d48a66d7f@group-1EE0336AADCF, cid=2646, SUCCESS, logIndex=3941, commits[0a7e6056-64a2-4302-b029-255d48a66d7f:c3941, 82c1508e-6289-48e2-a567-a0e29c8b4903:c3937, f63d6ef8-0266-4bf3-bcb1-484cdaae1fbb:c3937]
2019-07-09 20:06:52,618 INFO  client.GrpcClientProtocolClient (GrpcClientProtocolClient.java:onNext(255)) - client-FB00420D972B->0a7e6056-64a2-4302-b029-255d48a66d7f: receive RaftClientReply:client-FB00420D972B->0a7e6056-64a2-4302-b029-255d48a66d7f@group-1EE0336AADCF, cid=2647, SUCCESS, logIndex=0, commits[0a7e6056-64a2-4302-b029-255d48a66d7f:c3943, 82c1508e-6289-48e2-a567-a0e29c8b4903:c3941, f63d6ef8-0266-4bf3-bcb1-484cdaae1fbb:c3941]
2019-07-09 20:06:52,648 INFO  client.GrpcClientProtocolClient (GrpcClientProtocolClient.java:onNext(255)) - client-FB00420D972B->0a7e6056-64a2-4302-b029-255d48a66d7f: receive RaftClientReply:client-FB00420D972B->0a7e6056-64a2-4302-b029-255d48a66d7f@group-1EE0336AADCF, cid=2648, SUCCESS, logIndex=3944, commits[0a7e6056-64a2-4302-b029-255d48a66d7f:c3945, 82c1508e-6289-48e2-a567-a0e29c8b4903:c3943, f63d6ef8-0266-4bf3-bcb1-484cdaae1fbb:c3943]
2019-07-09 20:06:52,649 INFO  client.GrpcClientProtocolClient (GrpcClientProtocolClient.java:onNext(255)) - client-FB00420D972B->0a7e6056-64a2-4302-b029-255d48a66d7f: receive RaftClientReply:client-FB00420D972B->0a7e6056-64a2-4302-b029-255d48a66d7f@group-1EE0336AADCF, cid=2649, SUCCESS, logIndex=3945, commits[0a7e6056-64a2-4302-b029-255d48a66d7f:c3945, 82c1508e-6289-48e2-a567-a0e29c8b4903:c3943, f63d6ef8-0266-4bf3-bcb1-484cdaae1fbb:c3943]
2019-07-09 20:06:52,649 INFO  client.GrpcClientProtocolClient (GrpcClientProtocolClient.java:onNext(255)) - client-FB00420D972B->0a7e6056-64a2-4302-b029-255d48a66d7f: receive RaftClientReply:client-FB00420D972B->0a7e6056-64a2-4302-b029-255d48a66d7f@group-1EE0336AADCF, cid=2650, SUCCESS, logIndex=3946, commits[0a7e6056-64a2-4302-b029-255d48a66d7f:c3947, 82c1508e-6289-48e2-a567-a0e29c8b4903:c3943, f63d6ef8-0266-4bf3-bcb1-484cdaae1fbb:c3943]
2019-07-09 20:06:52,650 INFO  client.GrpcClientProtocolClient (GrpcClientProtocolClient.java:onNext(255)) - client-FB00420D972B->0a7e6056-64a2-4302-b029-255d48a66d7f: receive RaftClientReply:client-FB00420D972B->0a7e6056-64a2-4302-b029-255d48a66d7f@group-1EE0336AADCF, cid=2651, SUCCESS, logIndex=3947, commits[0a7e6056-64a2-4302-b029-255d48a66d7f:c3947, 82c1508e-6289-48e2-a567-a0e29c8b4903:c3943, f63d6ef8-0266-4bf3-bcb1-484cdaae1fbb:c3943]
2019-07-09 20:06:52,655 INFO  client.GrpcClientProtocolClient (GrpcClientProtocolClient.java:onNext(255)) - client-FB00420D972B->0a7e6056-64a2-4302-b029-255d48a66d7f: receive RaftClientReply:client-FB00420D972B->0a7e6056-64a2-4302-b029-255d48a66d7f@group-1EE0336AADCF, cid=2652, SUCCESS, logIndex=0, commits[0a7e6056-64a2-4302-b029-255d48a66d7f:c3949, 82c1508e-6289-48e2-a567-a0e29c8b4903:c3945, f63d6ef8-0266-4bf3-bcb1-484cdaae1fbb:c3945]
2019-07-09 20:06:52,674 INFO  client.GrpcClientProtocolClient (GrpcClientProtocolClient.java:onNext(255)) - client-FB00420D972B->0a7e6056-64a2-4302-b029-255d48a66d7f: receive RaftClientReply:client-FB00420D972B->0a7e6056-64a2-4302-b029-255d48a66d7f@group-1EE0336AADCF, cid=2653, SUCCESS, logIndex=3952, commits[0a7e6056-64a2-4302-b029-255d48a66d7f:c3953, 82c1508e-6289-48e2-a567-a0e29c8b4903:c3951, f63d6ef8-0266-4bf3-bcb1-484cdaae1fbb:c3951]
2019-07-09 20:06:52,674 INFO  client.GrpcClientProtocolClient (GrpcClientProtocolClient.java:onNext(255)) - client-FB00420D972B->0a7e6056-64a2-4302-b029-255d48a66d7f: receive RaftClientReply:client-FB00420D972B->0a7e6056-64a2-4302-b029-255d48a66d7f@group-1EE0336AADCF, cid=2654, SUCCESS, logIndex=3953, commits[0a7e6056-64a2-4302-b029-255d48a66d7f:c3953, 82c1508e-6289-48e2-a567-a0e29c8b4903:c3951, f63d6ef8-0266-4bf3-bcb1-484cdaae1fbb:c3951]
2019-07-09 20:06:52,701 INFO  client.GrpcClientProtocolClient (GrpcClientProtocolClient.java:onNext(255)) - client-FB00420D972B->0a7e6056-64a2-4302-b029-255d48a66d7f: receive RaftClientReply:client-FB00420D972B->0a7e6056-64a2-4302-b029-255d48a66d7f@group-1EE0336AADCF, cid=2655, SUCCESS, logIndex=3956, commits[0a7e6056-64a2-4302-b029-255d48a66d7f:c3957, 82c1508e-6289-48e2-a567-a0e29c8b4903:c3952, f63d6ef8-0266-4bf3-bcb1-484cdaae1fbb:c3953]
2019-07-09 20:06:52,701 INFO  client.GrpcClientProtocolClient (GrpcClientProtocolClient.java:onNext(255)) - client-FB00420D972B->0a7e6056-64a2-4302-b029-255d48a66d7f: receive RaftClientReply:client-FB00420D972B->0a7e6056-64a2-4302-b029-255d48a66d7f@group-1EE0336AADCF, cid=2656, SUCCESS, logIndex=3957, commits[0a7e6056-64a2-4302-b029-255d48a66d7f:c3957, 82c1508e-6289-48e2-a567-a0e29c8b4903:c3952, f63d6ef8-0266-4bf3-bcb1-484cdaae1fbb:c3953]
2019-07-09 20:06:52,703 INFO  client.GrpcClientProtocolClient (GrpcClientProtocolClient.java:onNext(255)) - client-FB00420D972B->0a7e6056-64a2-4302-b029-255d48a66d7f: receive RaftClientReply:client-FB00420D972B->0a7e6056-64a2-4302-b029-255d48a66d7f@group-1EE0336AADCF, cid=2657, SUCCESS, logIndex=0, commits[0a7e6056-64a2-4302-b029-255d48a66d7f:c3958, 82c1508e-6289-48e2-a567-a0e29c8b4903:c3953, f63d6ef8-0266-4bf3-bcb1-484cdaae1fbb:c3956]
2019-07-09 20:06:52,704 INFO  client.GrpcClientProtocolClient (GrpcClientProtocolClient.java:onNext(255)) - client-FB00420D972B->0a7e6056-64a2-4302-b029-255d48a66d7f: receive RaftClientReply:client-FB00420D972B->0a7e6056-64a2-4302-b029-255d48a66d7f@group-1EE0336AADCF, cid=2658, SUCCESS, logIndex=0, commits[0a7e6056-64a2-4302-b029-255d48a66d7f:c3959, 82c1508e-6289-48e2-a567-a0e29c8b4903:c3957, f63d6ef8-0266-4bf3-bcb1-484cdaae1fbb:c3957]
2019-07-09 20:06:52,728 INFO  client.GrpcClientProtocolClient (GrpcClientProtocolClient.java:onNext(255)) - client-FB00420D972B->0a7e6056-64a2-4302-b029-255d48a66d7f: receive RaftClientReply:client-FB00420D972B->0a7e6056-64a2-4302-b029-255d48a66d7f@group-1EE0336AADCF, cid=2659, SUCCESS, logIndex=3960, commits[0a7e6056-64a2-4302-b029-255d48a66d7f:c3961, 82c1508e-6289-48e2-a567-a0e29c8b4903:c3959, f63d6ef8-0266-4bf3-bcb1-484cdaae1fbb:c3959]
2019-07-09 20:06:52,729 INFO  client.GrpcClientProtocolClient (GrpcClientProtocolClient.java:onNext(255)) - client-FB00420D972B->0a7e6056-64a2-4302-b029-255d48a66d7f: receive RaftClientReply:client-FB00420D972B->0a7e6056-64a2-4302-b029-255d48a66d7f@group-1EE0336AADCF, cid=2660, SUCCESS, logIndex=3961, commits[0a7e6056-64a2-4302-b029-255d48a66d7f:c3961, 82c1508e-6289-48e2-a567-a0e29c8b4903:c3959, f63d6ef8-0266-4bf3-bcb1-484cdaae1fbb:c3959]
2019-07-09 20:06:52,729 INFO  client.GrpcClientProtocolClient (GrpcClientProtocolClient.java:onNext(255)) - client-FB00420D972B->0a7e6056-64a2-4302-b029-255d48a66d7f: receive RaftClientReply:client-FB00420D972B->0a7e6056-64a2-4302-b029-255d48a66d7f@group-1EE0336AADCF, cid=2661, SUCCESS, logIndex=3962, commits[0a7e6056-64a2-4302-b029-255d48a66d7f:c3963, 82c1508e-6289-48e2-a567-a0e29c8b4903:c3959, f63d6ef8-0266-4bf3-bcb1-484cdaae1fbb:c3959]
2019-07-09 20:06:52,730 INFO  client.GrpcClientProtocolClient (GrpcClientProtocolClient.java:onNext(255)) - client-FB00420D972B->0a7e6056-64a2-4302-b029-255d48a66d7f: receive RaftClientReply:client-FB00420D972B->0a7e6056-64a2-4302-b029-255d48a66d7f@group-1EE0336AADCF, cid=2662, SUCCESS, logIndex=3963, commits[0a7e6056-64a2-4302-b029-255d48a66d7f:c3963, 82c1508e-6289-48e2-a567-a0e29c8b4903:c3959, f63d6ef8-0266-4bf3-bcb1-484cdaae1fbb:c3959]
2019-07-09 20:06:52,731 INFO  client.GrpcClientProtocolClient (GrpcClientProtocolClient.java:onNext(255)) - client-FB00420D972B->0a7e6056-64a2-4302-b029-255d48a66d7f: receive RaftClientReply:client-FB00420D972B->0a7e6056-64a2-4302-b029-255d48a66d7f@group-1EE0336AADCF, cid=2663, SUCCESS, logIndex=0, commits[0a7e6056-64a2-4302-b029-255d48a66d7f:c3965, 82c1508e-6289-48e2-a567-a0e29c8b4903:c3961, f63d6ef8-0266-4bf3-bcb1-484cdaae1fbb:c3961]
2019-07-09 20:06:52,748 INFO  client.GrpcClientProtocolClient (GrpcClientProtocolClient.java:onNext(255)) - client-FB00420D972B->0a7e6056-64a2-4302-b029-255d48a66d7f: receive RaftClientReply:client-FB00420D972B->0a7e6056-64a2-4302-b029-255d48a66d7f@group-1EE0336AADCF, cid=2664, SUCCESS, logIndex=3968, commits[0a7e6056-64a2-4302-b029-255d48a66d7f:c3969, 82c1508e-6289-48e2-a567-a0e29c8b4903:c3967, f63d6ef8-0266-4bf3-bcb1-484cdaae1fbb:c3967]
2019-07-09 20:06:52,749 INFO  client.GrpcClientProtocolClient (GrpcClientProtocolClient.java:onNext(255)) - client-FB00420D972B->0a7e6056-64a2-4302-b029-255d48a66d7f: receive RaftClientReply:client-FB00420D972B->0a7e6056-64a2-4302-b029-255d48a66d7f@group-1EE0336AADCF, cid=2665, SUCCESS, logIndex=3969, commits[0a7e6056-64a2-4302-b029-255d48a66d7f:c3969, 82c1508e-6289-48e2-a567-a0e29c8b4903:c3967, f63d6ef8-0266-4bf3-bcb1-484cdaae1fbb:c3967]
2019-07-09 20:06:52,762 INFO  client.GrpcClientProtocolClient (GrpcClientProtocolClient.java:onNext(255)) - client-FB00420D972B->0a7e6056-64a2-4302-b029-255d48a66d7f: receive RaftClientReply:client-FB00420D972B->0a7e6056-64a2-4302-b029-255d48a66d7f@group-1EE0336AADCF, cid=2666, SUCCESS, logIndex=3972, commits[0a7e6056-64a2-4302-b029-255d48a66d7f:c3973, 82c1508e-6289-48e2-a567-a0e29c8b4903:c3969, f63d6ef8-0266-4bf3-bcb1-484cdaae1fbb:c3969]
2019-07-09 20:06:52,762 INFO  client.GrpcClientProtocolClient (GrpcClientProtocolClient.java:onNext(255)) - client-FB00420D972B->0a7e6056-64a2-4302-b029-255d48a66d7f: receive RaftClientReply:client-FB00420D972B->0a7e6056-64a2-4302-b029-255d48a66d7f@group-1EE0336AADCF, cid=2667, SUCCESS, logIndex=3973, commits[0a7e6056-64a2-4302-b029-255d48a66d7f:c3973, 82c1508e-6289-48e2-a567-a0e29c8b4903:c3969, f63d6ef8-0266-4bf3-bcb1-484cdaae1fbb:c3969]
2019-07-09 20:06:52,773 INFO  client.GrpcClientProtocolClient (GrpcClientProtocolClient.java:onNext(255)) - client-FB00420D972B->0a7e6056-64a2-4302-b029-255d48a66d7f: receive RaftClientReply:client-FB00420D972B->0a7e6056-64a2-4302-b029-255d48a66d7f@group-1EE0336AADCF, cid=2668, SUCCESS, logIndex=0, commits[0a7e6056-64a2-4302-b029-255d48a66d7f:c3974, 82c1508e-6289-48e2-a567-a0e29c8b4903:c3973, f63d6ef8-0266-4bf3-bcb1-484cdaae1fbb:c3973]
2019-07-09 20:06:52,811 INFO  client.GrpcClientProtocolClient (GrpcClientProtocolClient.java:onNext(255)) - client-FB00420D972B->0a7e6056-64a2-4302-b029-255d48a66d7f: receive RaftClientReply:client-FB00420D972B->0a7e6056-64a2-4302-b029-255d48a66d7f@group-1EE0336AADCF, cid=2669, SUCCESS, logIndex=3976, commits[0a7e6056-64a2-4302-b029-255d48a66d7f:c3977, 82c1508e-6289-48e2-a567-a0e29c8b4903:c3975, f63d6ef8-0266-4bf3-bcb1-484cdaae1fbb:c3975]
2019-07-09 20:06:52,812 INFO  client.GrpcClientProtocolClient (GrpcClientProtocolClient.java:onNext(255)) - client-FB00420D972B->0a7e6056-64a2-4302-b029-255d48a66d7f: receive RaftClientReply:client-FB00420D972B->0a7e6056-64a2-4302-b029-255d48a66d7f@group-1EE0336AADCF, cid=2670, SUCCESS, logIndex=3977, commits[0a7e6056-64a2-4302-b029-255d48a66d7f:c3977, 82c1508e-6289-48e2-a567-a0e29c8b4903:c3975, f63d6ef8-0266-4bf3-bcb1-484cdaae1fbb:c3975]
2019-07-09 20:06:52,812 INFO  client.GrpcClientProtocolClient (GrpcClientProtocolClient.java:onNext(255)) - client-FB00420D972B->0a7e6056-64a2-4302-b029-255d48a66d7f: receive RaftClientReply:client-FB00420D972B->0a7e6056-64a2-4302-b029-255d48a66d7f@group-1EE0336AADCF, cid=2671, SUCCESS, logIndex=3978, commits[0a7e6056-64a2-4302-b029-255d48a66d7f:c3978, 82c1508e-6289-48e2-a567-a0e29c8b4903:c3975, f63d6ef8-0266-4bf3-bcb1-484cdaae1fbb:c3975]
2019-07-09 20:06:52,813 INFO  client.GrpcClientProtocolClient (GrpcClientProtocolClient.java:onNext(255)) - client-FB00420D972B->0a7e6056-64a2-4302-b029-255d48a66d7f: receive RaftClientReply:client-FB00420D972B->0a7e6056-64a2-4302-b029-255d48a66d7f@group-1EE0336AADCF, cid=2672, SUCCESS, logIndex=3979, commits[0a7e6056-64a2-4302-b029-255d48a66d7f:c3979, 82c1508e-6289-48e2-a567-a0e29c8b4903:c3975, f63d6ef8-0266-4bf3-bcb1-484cdaae1fbb:c3975]
2019-07-09 20:06:52,814 INFO  client.GrpcClientProtocolClient (GrpcClientProtocolClient.java:onNext(255)) - client-FB00420D972B->0a7e6056-64a2-4302-b029-255d48a66d7f: receive RaftClientReply:client-FB00420D972B->0a7e6056-64a2-4302-b029-255d48a66d7f@group-1EE0336AADCF, cid=2673, SUCCESS, logIndex=0, commits[0a7e6056-64a2-4302-b029-255d48a66d7f:c3981, 82c1508e-6289-48e2-a567-a0e29c8b4903:c3977, f63d6ef8-0266-4bf3-bcb1-484cdaae1fbb:c3978]
 0.00% |█                                                                                                    |  0/1 Time: 0:00:242019-07-09 20:06:52,829 INFO  client.GrpcClientProtocolClient (GrpcClientProtocolClient.java:onNext(255)) - client-FB00420D972B->0a7e6056-64a2-4302-b029-255d48a66d7f: receive RaftClientReply:client-FB00420D972B->0a7e6056-64a2-4302-b029-255d48a66d7f@group-1EE0336AADCF, cid=2674, SUCCESS, logIndex=3984, commits[0a7e6056-64a2-4302-b029-255d48a66d7f:c3985, 82c1508e-6289-48e2-a567-a0e29c8b4903:c3983, f63d6ef8-0266-4bf3-bcb1-484cdaae1fbb:c3983]
2019-07-09 20:06:52,830 INFO  client.GrpcClientProtocolClient (GrpcClientProtocolClient.java:onNext(255)) - client-FB00420D972B->0a7e6056-64a2-4302-b029-255d48a66d7f: receive RaftClientReply:client-FB00420D972B->0a7e6056-64a2-4302-b029-255d48a66d7f@group-1EE0336AADCF, cid=2675, SUCCESS, logIndex=3985, commits[0a7e6056-64a2-4302-b029-255d48a66d7f:c3985, 82c1508e-6289-48e2-a567-a0e29c8b4903:c3983, f63d6ef8-0266-4bf3-bcb1-484cdaae1fbb:c3983]
2019-07-09 20:06:52,847 INFO  client.GrpcClientProtocolClient (GrpcClientProtocolClient.java:onNext(255)) - client-FB00420D972B->0a7e6056-64a2-4302-b029-255d48a66d7f: receive RaftClientReply:client-FB00420D972B->0a7e6056-64a2-4302-b029-255d48a66d7f@group-1EE0336AADCF, cid=2676, SUCCESS, logIndex=3988, commits[0a7e6056-64a2-4302-b029-255d48a66d7f:c3989, 82c1508e-6289-48e2-a567-a0e29c8b4903:c3987, f63d6ef8-0266-4bf3-bcb1-484cdaae1fbb:c3987]
2019-07-09 20:06:52,847 INFO  client.GrpcClientProtocolClient (GrpcClientProtocolClient.java:onNext(255)) - client-FB00420D972B->0a7e6056-64a2-4302-b029-255d48a66d7f: receive RaftClientReply:client-FB00420D972B->0a7e6056-64a2-4302-b029-255d48a66d7f@group-1EE0336AADCF, cid=2677, SUCCESS, logIndex=3989, commits[0a7e6056-64a2-4302-b029-255d48a66d7f:c3989, 82c1508e-6289-48e2-a567-a0e29c8b4903:c3987, f63d6ef8-0266-4bf3-bcb1-484cdaae1fbb:c3987]
2019-07-09 20:06:52,860 INFO  client.GrpcClientProtocolClient (GrpcClientProtocolClient.java:onNext(255)) - client-FB00420D972B->0a7e6056-64a2-4302-b029-255d48a66d7f: receive RaftClientReply:client-FB00420D972B->0a7e6056-64a2-4302-b029-255d48a66d7f@group-1EE0336AADCF, cid=2678, SUCCESS, logIndex=0, commits[0a7e6056-64a2-4302-b029-255d48a66d7f:c3991, 82c1508e-6289-48e2-a567-a0e29c8b4903:c3989, f63d6ef8-0266-4bf3-bcb1-484cdaae1fbb:c3989]
2019-07-09 20:06:52,977 INFO  client.GrpcClientProtocolClient (GrpcClientProtocolClient.java:onNext(255)) - client-FB00420D972B->0a7e6056-64a2-4302-b029-255d48a66d7f: receive RaftClientReply:client-FB00420D972B->0a7e6056-64a2-4302-b029-255d48a66d7f@group-1EE0336AADCF, cid=2679, SUCCESS, logIndex=3992, commits[0a7e6056-64a2-4302-b029-255d48a66d7f:c3993, 82c1508e-6289-48e2-a567-a0e29c8b4903:c3991, f63d6ef8-0266-4bf3-bcb1-484cdaae1fbb:c3991]
2019-07-09 20:06:52,977 INFO  client.GrpcClientProtocolClient (GrpcClientProtocolClient.java:onNext(255)) - client-FB00420D972B->0a7e6056-64a2-4302-b029-255d48a66d7f: receive RaftClientReply:client-FB00420D972B->0a7e6056-64a2-4302-b029-255d48a66d7f@group-1EE0336AADCF, cid=2680, SUCCESS, logIndex=3993, commits[0a7e6056-64a2-4302-b029-255d48a66d7f:c3993, 82c1508e-6289-48e2-a567-a0e29c8b4903:c3991, f63d6ef8-0266-4bf3-bcb1-484cdaae1fbb:c3991]
2019-07-09 20:06:52,978 INFO  client.GrpcClientProtocolClient (GrpcClientProtocolClient.java:onNext(255)) - client-FB00420D972B->0a7e6056-64a2-4302-b029-255d48a66d7f: receive RaftClientReply:client-FB00420D972B->0a7e6056-64a2-4302-b029-255d48a66d7f@group-1EE0336AADCF, cid=2681, SUCCESS, logIndex=3994, commits[0a7e6056-64a2-4302-b029-255d48a66d7f:c3995, 82c1508e-6289-48e2-a567-a0e29c8b4903:c3991, f63d6ef8-0266-4bf3-bcb1-484cdaae1fbb:c3991]
2019-07-09 20:06:52,979 INFO  client.GrpcClientProtocolClient (GrpcClientProtocolClient.java:onNext(255)) - client-FB00420D972B->0a7e6056-64a2-4302-b029-255d48a66d7f: receive RaftClientReply:client-FB00420D972B->0a7e6056-64a2-4302-b029-255d48a66d7f@group-1EE0336AADCF, cid=2682, SUCCESS, logIndex=3995, commits[0a7e6056-64a2-4302-b029-255d48a66d7f:c3995, 82c1508e-6289-48e2-a567-a0e29c8b4903:c3991, f63d6ef8-0266-4bf3-bcb1-484cdaae1fbb:c3991]
2019-07-09 20:06:52,980 INFO  client.GrpcClientProtocolClient (GrpcClientProtocolClient.java:onNext(255)) - client-FB00420D972B->0a7e6056-64a2-4302-b029-255d48a66d7f: receive RaftClientReply:client-FB00420D972B->0a7e6056-64a2-4302-b029-255d48a66d7f@group-1EE0336AADCF, cid=2683, SUCCESS, logIndex=0, commits[0a7e6056-64a2-4302-b029-255d48a66d7f:c3997, 82c1508e-6289-48e2-a567-a0e29c8b4903:c3993, f63d6ef8-0266-4bf3-bcb1-484cdaae1fbb:c3993]
2019-07-09 20:06:53,000 INFO  client.GrpcClientProtocolClient (GrpcClientProtocolClient.java:onNext(255)) - client-FB00420D972B->0a7e6056-64a2-4302-b029-255d48a66d7f: receive RaftClientReply:client-FB00420D972B->0a7e6056-64a2-4302-b029-255d48a66d7f@group-1EE0336AADCF, cid=2684, SUCCESS, logIndex=4000, commits[0a7e6056-64a2-4302-b029-255d48a66d7f:c4001, 82c1508e-6289-48e2-a567-a0e29c8b4903:c3999, f63d6ef8-0266-4bf3-bcb1-484cdaae1fbb:c3999]
2019-07-09 20:06:53,000 INFO  client.GrpcClientProtocolClient (GrpcClientProtocolClient.java:onNext(255)) - client-FB00420D972B->0a7e6056-64a2-4302-b029-255d48a66d7f: receive RaftClientReply:client-FB00420D972B->0a7e6056-64a2-4302-b029-255d48a66d7f@group-1EE0336AADCF, cid=2685, SUCCESS, logIndex=4001, commits[0a7e6056-64a2-4302-b029-255d48a66d7f:c4001, 82c1508e-6289-48e2-a567-a0e29c8b4903:c3999, f63d6ef8-0266-4bf3-bcb1-484cdaae1fbb:c3999]
2019-07-09 20:06:53,013 INFO  client.GrpcClientProtocolClient (GrpcClientProtocolClient.java:onNext(255)) - client-FB00420D972B->0a7e6056-64a2-4302-b029-255d48a66d7f: receive RaftClientReply:client-FB00420D972B->0a7e6056-64a2-4302-b029-255d48a66d7f@group-1EE0336AADCF, cid=2686, SUCCESS, logIndex=4004, commits[0a7e6056-64a2-4302-b029-255d48a66d7f:c4005, 82c1508e-6289-48e2-a567-a0e29c8b4903:c4001, f63d6ef8-0266-4bf3-bcb1-484cdaae1fbb:c4001]
2019-07-09 20:06:53,013 INFO  client.GrpcClientProtocolClient (GrpcClientProtocolClient.java:onNext(255)) - client-FB00420D972B->0a7e6056-64a2-4302-b029-255d48a66d7f: receive RaftClientReply:client-FB00420D972B->0a7e6056-64a2-4302-b029-255d48a66d7f@group-1EE0336AADCF, cid=2687, SUCCESS, logIndex=4005, commits[0a7e6056-64a2-4302-b029-255d48a66d7f:c4005, 82c1508e-6289-48e2-a567-a0e29c8b4903:c4001, f63d6ef8-0266-4bf3-bcb1-484cdaae1fbb:c4001]
2019-07-09 20:06:53,026 INFO  client.GrpcClientProtocolClient (GrpcClientProtocolClient.java:onNext(255)) - client-FB00420D972B->0a7e6056-64a2-4302-b029-255d48a66d7f: receive RaftClientReply:client-FB00420D972B->0a7e6056-64a2-4302-b029-255d48a66d7f@group-1EE0336AADCF, cid=2688, SUCCESS, logIndex=0, commits[0a7e6056-64a2-4302-b029-255d48a66d7f:c4007, 82c1508e-6289-48e2-a567-a0e29c8b4903:c4005, f63d6ef8-0266-4bf3-bcb1-484cdaae1fbb:c4005]
2019-07-09 20:06:53,049 INFO  client.GrpcClientProtocolClient (GrpcClientProtocolClient.java:onNext(255)) - client-FB00420D972B->0a7e6056-64a2-4302-b029-255d48a66d7f: receive RaftClientReply:client-FB00420D972B->0a7e6056-64a2-4302-b029-255d48a66d7f@group-1EE0336AADCF, cid=2689, SUCCESS, logIndex=4008, commits[0a7e6056-64a2-4302-b029-255d48a66d7f:c4009, 82c1508e-6289-48e2-a567-a0e29c8b4903:c4007, f63d6ef8-0266-4bf3-bcb1-484cdaae1fbb:c4005]
2019-07-09 20:06:53,050 INFO  client.GrpcClientProtocolClient (GrpcClientProtocolClient.java:onNext(255)) - client-FB00420D972B->0a7e6056-64a2-4302-b029-255d48a66d7f: receive RaftClientReply:client-FB00420D972B->0a7e6056-64a2-4302-b029-255d48a66d7f@group-1EE0336AADCF, cid=2690, SUCCESS, logIndex=4009, commits[0a7e6056-64a2-4302-b029-255d48a66d7f:c4009, 82c1508e-6289-48e2-a567-a0e29c8b4903:c4007, f63d6ef8-0266-4bf3-bcb1-484cdaae1fbb:c4005]
2019-07-09 20:06:53,050 INFO  client.GrpcClientProtocolClient (GrpcClientProtocolClient.java:onNext(255)) - client-FB00420D972B->0a7e6056-64a2-4302-b029-255d48a66d7f: receive RaftClientReply:client-FB00420D972B->0a7e6056-64a2-4302-b029-255d48a66d7f@group-1EE0336AADCF, cid=2691, SUCCESS, logIndex=4010, commits[0a7e6056-64a2-4302-b029-255d48a66d7f:c4010, 82c1508e-6289-48e2-a567-a0e29c8b4903:c4007, f63d6ef8-0266-4bf3-bcb1-484cdaae1fbb:c4007]
2019-07-09 20:06:53,051 INFO  client.GrpcClientProtocolClient (GrpcClientProtocolClient.java:onNext(255)) - client-FB00420D972B->0a7e6056-64a2-4302-b029-255d48a66d7f: receive RaftClientReply:client-FB00420D972B->0a7e6056-64a2-4302-b029-255d48a66d7f@group-1EE0336AADCF, cid=2692, SUCCESS, logIndex=4011, commits[0a7e6056-64a2-4302-b029-255d48a66d7f:c4011, 82c1508e-6289-48e2-a567-a0e29c8b4903:c4007, f63d6ef8-0266-4bf3-bcb1-484cdaae1fbb:c4007]
2019-07-09 20:06:53,053 INFO  client.GrpcClientProtocolClient (GrpcClientProtocolClient.java:onNext(255)) - client-FB00420D972B->0a7e6056-64a2-4302-b029-255d48a66d7f: receive RaftClientReply:client-FB00420D972B->0a7e6056-64a2-4302-b029-255d48a66d7f@group-1EE0336AADCF, cid=2693, SUCCESS, logIndex=0, commits[0a7e6056-64a2-4302-b029-255d48a66d7f:c4013, 82c1508e-6289-48e2-a567-a0e29c8b4903:c4009, f63d6ef8-0266-4bf3-bcb1-484cdaae1fbb:c4009]
2019-07-09 20:06:53,071 INFO  client.GrpcClientProtocolClient (GrpcClientProtocolClient.java:onNext(255)) - client-FB00420D972B->0a7e6056-64a2-4302-b029-255d48a66d7f: receive RaftClientReply:client-FB00420D972B->0a7e6056-64a2-4302-b029-255d48a66d7f@group-1EE0336AADCF, cid=2694, SUCCESS, logIndex=4016, commits[0a7e6056-64a2-4302-b029-255d48a66d7f:c4017, 82c1508e-6289-48e2-a567-a0e29c8b4903:c4015, f63d6ef8-0266-4bf3-bcb1-484cdaae1fbb:c4015]
2019-07-09 20:06:53,071 INFO  client.GrpcClientProtocolClient (GrpcClientProtocolClient.java:onNext(255)) - client-FB00420D972B->0a7e6056-64a2-4302-b029-255d48a66d7f: receive RaftClientReply:client-FB00420D972B->0a7e6056-64a2-4302-b029-255d48a66d7f@group-1EE0336AADCF, cid=2695, SUCCESS, logIndex=4017, commits[0a7e6056-64a2-4302-b029-255d48a66d7f:c4017, 82c1508e-6289-48e2-a567-a0e29c8b4903:c4015, f63d6ef8-0266-4bf3-bcb1-484cdaae1fbb:c4015]
2019-07-09 20:06:53,085 INFO  client.GrpcClientProtocolClient (GrpcClientProtocolClient.java:onNext(255)) - client-FB00420D972B->0a7e6056-64a2-4302-b029-255d48a66d7f: receive RaftClientReply:client-FB00420D972B->0a7e6056-64a2-4302-b029-255d48a66d7f@group-1EE0336AADCF, cid=2696, SUCCESS, logIndex=4020, commits[0a7e6056-64a2-4302-b029-255d48a66d7f:c4021, 82c1508e-6289-48e2-a567-a0e29c8b4903:c4017, f63d6ef8-0266-4bf3-bcb1-484cdaae1fbb:c4017]
2019-07-09 20:06:53,085 INFO  client.GrpcClientProtocolClient (GrpcClientProtocolClient.java:onNext(255)) - client-FB00420D972B->0a7e6056-64a2-4302-b029-255d48a66d7f: receive RaftClientReply:client-FB00420D972B->0a7e6056-64a2-4302-b029-255d48a66d7f@group-1EE0336AADCF, cid=2697, SUCCESS, logIndex=4021, commits[0a7e6056-64a2-4302-b029-255d48a66d7f:c4021, 82c1508e-6289-48e2-a567-a0e29c8b4903:c4017, f63d6ef8-0266-4bf3-bcb1-484cdaae1fbb:c4017]
2019-07-09 20:06:53,098 INFO  client.GrpcClientProtocolClient (GrpcClientProtocolClient.java:onNext(255)) - client-FB00420D972B->0a7e6056-64a2-4302-b029-255d48a66d7f: receive RaftClientReply:client-FB00420D972B->0a7e6056-64a2-4302-b029-255d48a66d7f@group-1EE0336AADCF, cid=2698, SUCCESS, logIndex=0, commits[0a7e6056-64a2-4302-b029-255d48a66d7f:c4023, 82c1508e-6289-48e2-a567-a0e29c8b4903:c4021, f63d6ef8-0266-4bf3-bcb1-484cdaae1fbb:c4021]
2019-07-09 20:06:53,125 INFO  client.GrpcClientProtocolClient (GrpcClientProtocolClient.java:onNext(255)) - client-FB00420D972B->0a7e6056-64a2-4302-b029-255d48a66d7f: receive RaftClientReply:client-FB00420D972B->0a7e6056-64a2-4302-b029-255d48a66d7f@group-1EE0336AADCF, cid=2699, SUCCESS, logIndex=4024, commits[0a7e6056-64a2-4302-b029-255d48a66d7f:c4026, 82c1508e-6289-48e2-a567-a0e29c8b4903:c4023, f63d6ef8-0266-4bf3-bcb1-484cdaae1fbb:c4023]
2019-07-09 20:06:53,126 INFO  client.GrpcClientProtocolClient (GrpcClientProtocolClient.java:onNext(255)) - client-FB00420D972B->0a7e6056-64a2-4302-b029-255d48a66d7f: receive RaftClientReply:client-FB00420D972B->0a7e6056-64a2-4302-b029-255d48a66d7f@group-1EE0336AADCF, cid=2700, SUCCESS, logIndex=4025, commits[0a7e6056-64a2-4302-b029-255d48a66d7f:c4027, 82c1508e-6289-48e2-a567-a0e29c8b4903:c4023, f63d6ef8-0266-4bf3-bcb1-484cdaae1fbb:c4023]
2019-07-09 20:06:53,126 INFO  client.GrpcClientProtocolClient (GrpcClientProtocolClient.java:onNext(255)) - client-FB00420D972B->0a7e6056-64a2-4302-b029-255d48a66d7f: receive RaftClientReply:client-FB00420D972B->0a7e6056-64a2-4302-b029-255d48a66d7f@group-1EE0336AADCF, cid=2701, SUCCESS, logIndex=4026, commits[0a7e6056-64a2-4302-b029-255d48a66d7f:c4029, 82c1508e-6289-48e2-a567-a0e29c8b4903:c4023, f63d6ef8-0266-4bf3-bcb1-484cdaae1fbb:c4025]
2019-07-09 20:06:53,126 INFO  client.GrpcClientProtocolClient (GrpcClientProtocolClient.java:onNext(255)) - client-FB00420D972B->0a7e6056-64a2-4302-b029-255d48a66d7f: receive RaftClientReply:client-FB00420D972B->0a7e6056-64a2-4302-b029-255d48a66d7f@group-1EE0336AADCF, cid=2702, SUCCESS, logIndex=4027, commits[0a7e6056-64a2-4302-b029-255d48a66d7f:c4029, 82c1508e-6289-48e2-a567-a0e29c8b4903:c4023, f63d6ef8-0266-4bf3-bcb1-484cdaae1fbb:c4025]
2019-07-09 20:06:53,128 INFO  client.GrpcClientProtocolClient (GrpcClientProtocolClient.java:onNext(255)) - client-FB00420D972B->0a7e6056-64a2-4302-b029-255d48a66d7f: receive RaftClientReply:client-FB00420D972B->0a7e6056-64a2-4302-b029-255d48a66d7f@group-1EE0336AADCF, cid=2703, SUCCESS, logIndex=0, commits[0a7e6056-64a2-4302-b029-255d48a66d7f:c4030, 82c1508e-6289-48e2-a567-a0e29c8b4903:c4025, f63d6ef8-0266-4bf3-bcb1-484cdaae1fbb:c4026]
2019-07-09 20:06:53,141 INFO  client.GrpcClientProtocolClient (GrpcClientProtocolClient.java:onNext(255)) - client-FB00420D972B->0a7e6056-64a2-4302-b029-255d48a66d7f: receive RaftClientReply:client-FB00420D972B->0a7e6056-64a2-4302-b029-255d48a66d7f@group-1EE0336AADCF, cid=2704, SUCCESS, logIndex=4032, commits[0a7e6056-64a2-4302-b029-255d48a66d7f:c4033, 82c1508e-6289-48e2-a567-a0e29c8b4903:c4031, f63d6ef8-0266-4bf3-bcb1-484cdaae1fbb:c4031]
2019-07-09 20:06:53,141 INFO  client.GrpcClientProtocolClient (GrpcClientProtocolClient.java:onNext(255)) - client-FB00420D972B->0a7e6056-64a2-4302-b029-255d48a66d7f: receive RaftClientReply:client-FB00420D972B->0a7e6056-64a2-4302-b029-255d48a66d7f@group-1EE0336AADCF, cid=2705, SUCCESS, logIndex=4033, commits[0a7e6056-64a2-4302-b029-255d48a66d7f:c4033, 82c1508e-6289-48e2-a567-a0e29c8b4903:c4031, f63d6ef8-0266-4bf3-bcb1-484cdaae1fbb:c4031]
2019-07-09 20:06:53,160 INFO  client.GrpcClientProtocolClient (GrpcClientProtocolClient.java:onNext(255)) - client-FB00420D972B->0a7e6056-64a2-4302-b029-255d48a66d7f: receive RaftClientReply:client-FB00420D972B->0a7e6056-64a2-4302-b029-255d48a66d7f@group-1EE0336AADCF, cid=2706, SUCCESS, logIndex=4036, commits[0a7e6056-64a2-4302-b029-255d48a66d7f:c4037, 82c1508e-6289-48e2-a567-a0e29c8b4903:c4035, f63d6ef8-0266-4bf3-bcb1-484cdaae1fbb:c4035]
2019-07-09 20:06:53,160 INFO  client.GrpcClientProtocolClient (GrpcClientProtocolClient.java:onNext(255)) - client-FB00420D972B->0a7e6056-64a2-4302-b029-255d48a66d7f: receive RaftClientReply:client-FB00420D972B->0a7e6056-64a2-4302-b029-255d48a66d7f@group-1EE0336AADCF, cid=2707, SUCCESS, logIndex=4037, commits[0a7e6056-64a2-4302-b029-255d48a66d7f:c4037, 82c1508e-6289-48e2-a567-a0e29c8b4903:c4035, f63d6ef8-0266-4bf3-bcb1-484cdaae1fbb:c4035]
2019-07-09 20:06:53,173 INFO  client.GrpcClientProtocolClient (GrpcClientProtocolClient.java:onNext(255)) - client-FB00420D972B->0a7e6056-64a2-4302-b029-255d48a66d7f: receive RaftClientReply:client-FB00420D972B->0a7e6056-64a2-4302-b029-255d48a66d7f@group-1EE0336AADCF, cid=2708, SUCCESS, logIndex=0, commits[0a7e6056-64a2-4302-b029-255d48a66d7f:c4039, 82c1508e-6289-48e2-a567-a0e29c8b4903:c4037, f63d6ef8-0266-4bf3-bcb1-484cdaae1fbb:c4037]
2019-07-09 20:06:53,217 INFO  client.GrpcClientProtocolClient (GrpcClientProtocolClient.java:onNext(255)) - client-FB00420D972B->0a7e6056-64a2-4302-b029-255d48a66d7f: receive RaftClientReply:client-FB00420D972B->0a7e6056-64a2-4302-b029-255d48a66d7f@group-1EE0336AADCF, cid=2709, SUCCESS, logIndex=4040, commits[0a7e6056-64a2-4302-b029-255d48a66d7f:c4041, 82c1508e-6289-48e2-a567-a0e29c8b4903:c4039, f63d6ef8-0266-4bf3-bcb1-484cdaae1fbb:c4039]
2019-07-09 20:06:53,218 INFO  client.GrpcClientProtocolClient (GrpcClientProtocolClient.java:onNext(255)) - client-FB00420D972B->0a7e6056-64a2-4302-b029-255d48a66d7f: receive RaftClientReply:client-FB00420D972B->0a7e6056-64a2-4302-b029-255d48a66d7f@group-1EE0336AADCF, cid=2710, SUCCESS, logIndex=4041, commits[0a7e6056-64a2-4302-b029-255d48a66d7f:c4041, 82c1508e-6289-48e2-a567-a0e29c8b4903:c4039, f63d6ef8-0266-4bf3-bcb1-484cdaae1fbb:c4039]
2019-07-09 20:06:53,228 INFO  client.GrpcClientProtocolClient (GrpcClientProtocolClient.java:onNext(255)) - client-FB00420D972B->0a7e6056-64a2-4302-b029-255d48a66d7f: receive RaftClientReply:client-FB00420D972B->0a7e6056-64a2-4302-b029-255d48a66d7f@group-1EE0336AADCF, cid=2711, SUCCESS, logIndex=4042, commits[0a7e6056-64a2-4302-b029-255d48a66d7f:c4043, 82c1508e-6289-48e2-a567-a0e29c8b4903:c4039, f63d6ef8-0266-4bf3-bcb1-484cdaae1fbb:c4039]
2019-07-09 20:06:53,229 INFO  client.GrpcClientProtocolClient (GrpcClientProtocolClient.java:onNext(255)) - client-FB00420D972B->0a7e6056-64a2-4302-b029-255d48a66d7f: receive RaftClientReply:client-FB00420D972B->0a7e6056-64a2-4302-b029-255d48a66d7f@group-1EE0336AADCF, cid=2712, SUCCESS, logIndex=4043, commits[0a7e6056-64a2-4302-b029-255d48a66d7f:c4043, 82c1508e-6289-48e2-a567-a0e29c8b4903:c4039, f63d6ef8-0266-4bf3-bcb1-484cdaae1fbb:c4039]
2019-07-09 20:06:53,230 INFO  client.GrpcClientProtocolClient (GrpcClientProtocolClient.java:onNext(255)) - client-FB00420D972B->0a7e6056-64a2-4302-b029-255d48a66d7f: receive RaftClientReply:client-FB00420D972B->0a7e6056-64a2-4302-b029-255d48a66d7f@group-1EE0336AADCF, cid=2713, SUCCESS, logIndex=0, commits[0a7e6056-64a2-4302-b029-255d48a66d7f:c4045, 82c1508e-6289-48e2-a567-a0e29c8b4903:c4041, f63d6ef8-0266-4bf3-bcb1-484cdaae1fbb:c4041]
2019-07-09 20:06:53,248 INFO  client.GrpcClientProtocolClient (GrpcClientProtocolClient.java:onNext(255)) - client-FB00420D972B->0a7e6056-64a2-4302-b029-255d48a66d7f: receive RaftClientReply:client-FB00420D972B->0a7e6056-64a2-4302-b029-255d48a66d7f@group-1EE0336AADCF, cid=2714, SUCCESS, logIndex=4048, commits[0a7e6056-64a2-4302-b029-255d48a66d7f:c4049, 82c1508e-6289-48e2-a567-a0e29c8b4903:c4047, f63d6ef8-0266-4bf3-bcb1-484cdaae1fbb:c4047]
2019-07-09 20:06:53,248 INFO  client.GrpcClientProtocolClient (GrpcClientProtocolClient.java:onNext(255)) - client-FB00420D972B->0a7e6056-64a2-4302-b029-255d48a66d7f: receive RaftClientReply:client-FB00420D972B->0a7e6056-64a2-4302-b029-255d48a66d7f@group-1EE0336AADCF, cid=2715, SUCCESS, logIndex=4049, commits[0a7e6056-64a2-4302-b029-255d48a66d7f:c4049, 82c1508e-6289-48e2-a567-a0e29c8b4903:c4047, f63d6ef8-0266-4bf3-bcb1-484cdaae1fbb:c4047]
2019-07-09 20:06:53,262 INFO  client.GrpcClientProtocolClient (GrpcClientProtocolClient.java:onNext(255)) - client-FB00420D972B->0a7e6056-64a2-4302-b029-255d48a66d7f: receive RaftClientReply:client-FB00420D972B->0a7e6056-64a2-4302-b029-255d48a66d7f@group-1EE0336AADCF, cid=2716, SUCCESS, logIndex=4052, commits[0a7e6056-64a2-4302-b029-255d48a66d7f:c4053, 82c1508e-6289-48e2-a567-a0e29c8b4903:c4049, f63d6ef8-0266-4bf3-bcb1-484cdaae1fbb:c4049]
2019-07-09 20:06:53,262 INFO  client.GrpcClientProtocolClient (GrpcClientProtocolClient.java:onNext(255)) - client-FB00420D972B->0a7e6056-64a2-4302-b029-255d48a66d7f: receive RaftClientReply:client-FB00420D972B->0a7e6056-64a2-4302-b029-255d48a66d7f@group-1EE0336AADCF, cid=2717, SUCCESS, logIndex=4053, commits[0a7e6056-64a2-4302-b029-255d48a66d7f:c4053, 82c1508e-6289-48e2-a567-a0e29c8b4903:c4049, f63d6ef8-0266-4bf3-bcb1-484cdaae1fbb:c4049]
2019-07-09 20:06:53,265 INFO  client.GrpcClientProtocolClient (GrpcClientProtocolClient.java:onNext(255)) - client-FB00420D972B->0a7e6056-64a2-4302-b029-255d48a66d7f: receive RaftClientReply:client-FB00420D972B->0a7e6056-64a2-4302-b029-255d48a66d7f@group-1EE0336AADCF, cid=2718, SUCCESS, logIndex=0, commits[0a7e6056-64a2-4302-b029-255d48a66d7f:c4054, 82c1508e-6289-48e2-a567-a0e29c8b4903:c4053, f63d6ef8-0266-4bf3-bcb1-484cdaae1fbb:c4053]
2019-07-09 20:06:53,309 INFO  client.GrpcClientProtocolClient (GrpcClientProtocolClient.java:onNext(255)) - client-FB00420D972B->0a7e6056-64a2-4302-b029-255d48a66d7f: receive RaftClientReply:client-FB00420D972B->0a7e6056-64a2-4302-b029-255d48a66d7f@group-1EE0336AADCF, cid=2719, SUCCESS, logIndex=4056, commits[0a7e6056-64a2-4302-b029-255d48a66d7f:c4059, 82c1508e-6289-48e2-a567-a0e29c8b4903:c4055, f63d6ef8-0266-4bf3-bcb1-484cdaae1fbb:c4055]
2019-07-09 20:06:53,310 INFO  client.GrpcClientProtocolClient (GrpcClientProtocolClient.java:onNext(255)) - client-FB00420D972B->0a7e6056-64a2-4302-b029-255d48a66d7f: receive RaftClientReply:client-FB00420D972B->0a7e6056-64a2-4302-b029-255d48a66d7f@group-1EE0336AADCF, cid=2720, SUCCESS, logIndex=4057, commits[0a7e6056-64a2-4302-b029-255d48a66d7f:c4059, 82c1508e-6289-48e2-a567-a0e29c8b4903:c4055, f63d6ef8-0266-4bf3-bcb1-484cdaae1fbb:c4055]
2019-07-09 20:06:53,310 INFO  client.GrpcClientProtocolClient (GrpcClientProtocolClient.java:onNext(255)) - client-FB00420D972B->0a7e6056-64a2-4302-b029-255d48a66d7f: receive RaftClientReply:client-FB00420D972B->0a7e6056-64a2-4302-b029-255d48a66d7f@group-1EE0336AADCF, cid=2721, SUCCESS, logIndex=4058, commits[0a7e6056-64a2-4302-b029-255d48a66d7f:c4060, 82c1508e-6289-48e2-a567-a0e29c8b4903:c4058, f63d6ef8-0266-4bf3-bcb1-484cdaae1fbb:c4058]
2019-07-09 20:06:53,310 INFO  client.GrpcClientProtocolClient (GrpcClientProtocolClient.java:onNext(255)) - client-FB00420D972B->0a7e6056-64a2-4302-b029-255d48a66d7f: receive RaftClientReply:client-FB00420D972B->0a7e6056-64a2-4302-b029-255d48a66d7f@group-1EE0336AADCF, cid=2722, SUCCESS, logIndex=4059, commits[0a7e6056-64a2-4302-b029-255d48a66d7f:c4060, 82c1508e-6289-48e2-a567-a0e29c8b4903:c4058, f63d6ef8-0266-4bf3-bcb1-484cdaae1fbb:c4058]
2019-07-09 20:06:53,330 INFO  client.GrpcClientProtocolClient (GrpcClientProtocolClient.java:onNext(255)) - client-FB00420D972B->0a7e6056-64a2-4302-b029-255d48a66d7f: receive RaftClientReply:client-FB00420D972B->0a7e6056-64a2-4302-b029-255d48a66d7f@group-1EE0336AADCF, cid=2723, SUCCESS, logIndex=4063, commits[0a7e6056-64a2-4302-b029-255d48a66d7f:c4064, 82c1508e-6289-48e2-a567-a0e29c8b4903:c4062, f63d6ef8-0266-4bf3-bcb1-484cdaae1fbb:c4062]
2019-07-09 20:06:53,330 INFO  client.GrpcClientProtocolClient (GrpcClientProtocolClient.java:onNext(255)) - client-FB00420D972B->0a7e6056-64a2-4302-b029-255d48a66d7f: receive RaftClientReply:client-FB00420D972B->0a7e6056-64a2-4302-b029-255d48a66d7f@group-1EE0336AADCF, cid=2724, SUCCESS, logIndex=4064, commits[0a7e6056-64a2-4302-b029-255d48a66d7f:c4064, 82c1508e-6289-48e2-a567-a0e29c8b4903:c4062, f63d6ef8-0266-4bf3-bcb1-484cdaae1fbb:c4062]
2019-07-09 20:06:53,343 INFO  client.GrpcClientProtocolClient (GrpcClientProtocolClient.java:onNext(255)) - client-FB00420D972B->0a7e6056-64a2-4302-b029-255d48a66d7f: receive RaftClientReply:client-FB00420D972B->0a7e6056-64a2-4302-b029-255d48a66d7f@group-1EE0336AADCF, cid=2725, SUCCESS, logIndex=4067, commits[0a7e6056-64a2-4302-b029-255d48a66d7f:c4068, 82c1508e-6289-48e2-a567-a0e29c8b4903:c4064, f63d6ef8-0266-4bf3-bcb1-484cdaae1fbb:c4064]
2019-07-09 20:06:53,343 INFO  client.GrpcClientProtocolClient (GrpcClientProtocolClient.java:onNext(255)) - client-FB00420D972B->0a7e6056-64a2-4302-b029-255d48a66d7f: receive RaftClientReply:client-FB00420D972B->0a7e6056-64a2-4302-b029-255d48a66d7f@group-1EE0336AADCF, cid=2726, SUCCESS, logIndex=4068, commits[0a7e6056-64a2-4302-b029-255d48a66d7f:c4068, 82c1508e-6289-48e2-a567-a0e29c8b4903:c4064, f63d6ef8-0266-4bf3-bcb1-484cdaae1fbb:c4064]
2019-07-09 20:06:53,356 INFO  client.GrpcClientProtocolClient (GrpcClientProtocolClient.java:onNext(255)) - client-FB00420D972B->0a7e6056-64a2-4302-b029-255d48a66d7f: receive RaftClientReply:client-FB00420D972B->0a7e6056-64a2-4302-b029-255d48a66d7f@group-1EE0336AADCF, cid=2727, SUCCESS, logIndex=0, commits[0a7e6056-64a2-4302-b029-255d48a66d7f:c4070, 82c1508e-6289-48e2-a567-a0e29c8b4903:c4068, f63d6ef8-0266-4bf3-bcb1-484cdaae1fbb:c4068]
2019-07-09 20:06:53,385 INFO  client.GrpcClientProtocolClient (GrpcClientProtocolClient.java:onNext(255)) - client-FB00420D972B->0a7e6056-64a2-4302-b029-255d48a66d7f: receive RaftClientReply:client-FB00420D972B->0a7e6056-64a2-4302-b029-255d48a66d7f@group-1EE0336AADCF, cid=2728, SUCCESS, logIndex=4071, commits[0a7e6056-64a2-4302-b029-255d48a66d7f:c4072, 82c1508e-6289-48e2-a567-a0e29c8b4903:c4070, f63d6ef8-0266-4bf3-bcb1-484cdaae1fbb:c4070]
2019-07-09 20:06:53,386 INFO  client.GrpcClientProtocolClient (GrpcClientProtocolClient.java:onNext(255)) - client-FB00420D972B->0a7e6056-64a2-4302-b029-255d48a66d7f: receive RaftClientReply:client-FB00420D972B->0a7e6056-64a2-4302-b029-255d48a66d7f@group-1EE0336AADCF, cid=2729, SUCCESS, logIndex=4072, commits[0a7e6056-64a2-4302-b029-255d48a66d7f:c4073, 82c1508e-6289-48e2-a567-a0e29c8b4903:c4070, f63d6ef8-0266-4bf3-bcb1-484cdaae1fbb:c4070]
2019-07-09 20:06:53,386 INFO  client.GrpcClientProtocolClient (GrpcClientProtocolClient.java:onNext(255)) - client-FB00420D972B->0a7e6056-64a2-4302-b029-255d48a66d7f: receive RaftClientReply:client-FB00420D972B->0a7e6056-64a2-4302-b029-255d48a66d7f@group-1EE0336AADCF, cid=2730, SUCCESS, logIndex=4073, commits[0a7e6056-64a2-4302-b029-255d48a66d7f:c4073, 82c1508e-6289-48e2-a567-a0e29c8b4903:c4070, f63d6ef8-0266-4bf3-bcb1-484cdaae1fbb:c4070]
2019-07-09 20:06:53,387 INFO  client.GrpcClientProtocolClient (GrpcClientProtocolClient.java:onNext(255)) - client-FB00420D972B->0a7e6056-64a2-4302-b029-255d48a66d7f: receive RaftClientReply:client-FB00420D972B->0a7e6056-64a2-4302-b029-255d48a66d7f@group-1EE0336AADCF, cid=2731, SUCCESS, logIndex=4074, commits[0a7e6056-64a2-4302-b029-255d48a66d7f:c4074, 82c1508e-6289-48e2-a567-a0e29c8b4903:c4070, f63d6ef8-0266-4bf3-bcb1-484cdaae1fbb:c4070]
2019-07-09 20:06:53,388 INFO  client.GrpcClientProtocolClient (GrpcClientProtocolClient.java:onNext(255)) - client-FB00420D972B->0a7e6056-64a2-4302-b029-255d48a66d7f: receive RaftClientReply:client-FB00420D972B->0a7e6056-64a2-4302-b029-255d48a66d7f@group-1EE0336AADCF, cid=2732, SUCCESS, logIndex=0, commits[0a7e6056-64a2-4302-b029-255d48a66d7f:c4076, 82c1508e-6289-48e2-a567-a0e29c8b4903:c4072, f63d6ef8-0266-4bf3-bcb1-484cdaae1fbb:c4072]
2019-07-09 20:06:53,407 INFO  client.GrpcClientProtocolClient (GrpcClientProtocolClient.java:onNext(255)) - client-FB00420D972B->0a7e6056-64a2-4302-b029-255d48a66d7f: receive RaftClientReply:client-FB00420D972B->0a7e6056-64a2-4302-b029-255d48a66d7f@group-1EE0336AADCF, cid=2733, SUCCESS, logIndex=4079, commits[0a7e6056-64a2-4302-b029-255d48a66d7f:c4080, 82c1508e-6289-48e2-a567-a0e29c8b4903:c4078, f63d6ef8-0266-4bf3-bcb1-484cdaae1fbb:c4078]
2019-07-09 20:06:53,407 INFO  client.GrpcClientProtocolClient (GrpcClientProtocolClient.java:onNext(255)) - client-FB00420D972B->0a7e6056-64a2-4302-b029-255d48a66d7f: receive RaftClientReply:client-FB00420D972B->0a7e6056-64a2-4302-b029-255d48a66d7f@group-1EE0336AADCF, cid=2734, SUCCESS, logIndex=4080, commits[0a7e6056-64a2-4302-b029-255d48a66d7f:c4080, 82c1508e-6289-48e2-a567-a0e29c8b4903:c4078, f63d6ef8-0266-4bf3-bcb1-484cdaae1fbb:c4078]
2019-07-09 20:06:53,420 INFO  client.GrpcClientProtocolClient (GrpcClientProtocolClient.java:onNext(255)) - client-FB00420D972B->0a7e6056-64a2-4302-b029-255d48a66d7f: receive RaftClientReply:client-FB00420D972B->0a7e6056-64a2-4302-b029-255d48a66d7f@group-1EE0336AADCF, cid=2735, SUCCESS, logIndex=4083, commits[0a7e6056-64a2-4302-b029-255d48a66d7f:c4083, 82c1508e-6289-48e2-a567-a0e29c8b4903:c4080, f63d6ef8-0266-4bf3-bcb1-484cdaae1fbb:c4080]
2019-07-09 20:06:53,420 INFO  client.GrpcClientProtocolClient (GrpcClientProtocolClient.java:onNext(255)) - client-FB00420D972B->0a7e6056-64a2-4302-b029-255d48a66d7f: receive RaftClientReply:client-FB00420D972B->0a7e6056-64a2-4302-b029-255d48a66d7f@group-1EE0336AADCF, cid=2736, SUCCESS, logIndex=4084, commits[0a7e6056-64a2-4302-b029-255d48a66d7f:c4084, 82c1508e-6289-48e2-a567-a0e29c8b4903:c4080, f63d6ef8-0266-4bf3-bcb1-484cdaae1fbb:c4080]
2019-07-09 20:06:53,433 INFO  client.GrpcClientProtocolClient (GrpcClientProtocolClient.java:onNext(255)) - client-FB00420D972B->0a7e6056-64a2-4302-b029-255d48a66d7f: receive RaftClientReply:client-FB00420D972B->0a7e6056-64a2-4302-b029-255d48a66d7f@group-1EE0336AADCF, cid=2737, SUCCESS, logIndex=0, commits[0a7e6056-64a2-4302-b029-255d48a66d7f:c4086, 82c1508e-6289-48e2-a567-a0e29c8b4903:c4084, f63d6ef8-0266-4bf3-bcb1-484cdaae1fbb:c4084]
2019-07-09 20:06:53,465 INFO  client.GrpcClientProtocolClient (GrpcClientProtocolClient.java:onNext(255)) - client-FB00420D972B->0a7e6056-64a2-4302-b029-255d48a66d7f: receive RaftClientReply:client-FB00420D972B->0a7e6056-64a2-4302-b029-255d48a66d7f@group-1EE0336AADCF, cid=2738, SUCCESS, logIndex=4087, commits[0a7e6056-64a2-4302-b029-255d48a66d7f:c4088, 82c1508e-6289-48e2-a567-a0e29c8b4903:c4086, f63d6ef8-0266-4bf3-bcb1-484cdaae1fbb:c4086]
2019-07-09 20:06:53,466 INFO  client.GrpcClientProtocolClient (GrpcClientProtocolClient.java:onNext(255)) - client-FB00420D972B->0a7e6056-64a2-4302-b029-255d48a66d7f: receive RaftClientReply:client-FB00420D972B->0a7e6056-64a2-4302-b029-255d48a66d7f@group-1EE0336AADCF, cid=2739, SUCCESS, logIndex=4088, commits[0a7e6056-64a2-4302-b029-255d48a66d7f:c4090, 82c1508e-6289-48e2-a567-a0e29c8b4903:c4086, f63d6ef8-0266-4bf3-bcb1-484cdaae1fbb:c4086]
2019-07-09 20:06:53,466 INFO  client.GrpcClientProtocolClient (GrpcClientProtocolClient.java:onNext(255)) - client-FB00420D972B->0a7e6056-64a2-4302-b029-255d48a66d7f: receive RaftClientReply:client-FB00420D972B->0a7e6056-64a2-4302-b029-255d48a66d7f@group-1EE0336AADCF, cid=2740, SUCCESS, logIndex=4089, commits[0a7e6056-64a2-4302-b029-255d48a66d7f:c4090, 82c1508e-6289-48e2-a567-a0e29c8b4903:c4086, f63d6ef8-0266-4bf3-bcb1-484cdaae1fbb:c4086]
2019-07-09 20:06:53,467 INFO  client.GrpcClientProtocolClient (GrpcClientProtocolClient.java:onNext(255)) - client-FB00420D972B->0a7e6056-64a2-4302-b029-255d48a66d7f: receive RaftClientReply:client-FB00420D972B->0a7e6056-64a2-4302-b029-255d48a66d7f@group-1EE0336AADCF, cid=2741, SUCCESS, logIndex=4090, commits[0a7e6056-64a2-4302-b029-255d48a66d7f:c4090, 82c1508e-6289-48e2-a567-a0e29c8b4903:c4086, f63d6ef8-0266-4bf3-bcb1-484cdaae1fbb:c4086]
2019-07-09 20:06:53,477 INFO  client.GrpcClientProtocolClient (GrpcClientProtocolClient.java:onNext(255)) - client-FB00420D972B->0a7e6056-64a2-4302-b029-255d48a66d7f: receive RaftClientReply:client-FB00420D972B->0a7e6056-64a2-4302-b029-255d48a66d7f@group-1EE0336AADCF, cid=2742, SUCCESS, logIndex=0, commits[0a7e6056-64a2-4302-b029-255d48a66d7f:c4092, 82c1508e-6289-48e2-a567-a0e29c8b4903:c4088, f63d6ef8-0266-4bf3-bcb1-484cdaae1fbb:c4088]
2019-07-09 20:06:53,495 INFO  client.GrpcClientProtocolClient (GrpcClientProtocolClient.java:onNext(255)) - client-FB00420D972B->0a7e6056-64a2-4302-b029-255d48a66d7f: receive RaftClientReply:client-FB00420D972B->0a7e6056-64a2-4302-b029-255d48a66d7f@group-1EE0336AADCF, cid=2743, SUCCESS, logIndex=4095, commits[0a7e6056-64a2-4302-b029-255d48a66d7f:c4096, 82c1508e-6289-48e2-a567-a0e29c8b4903:c4094, f63d6ef8-0266-4bf3-bcb1-484cdaae1fbb:c4094]
2019-07-09 20:06:53,495 INFO  client.GrpcClientProtocolClient (GrpcClientProtocolClient.java:onNext(255)) - client-FB00420D972B->0a7e6056-64a2-4302-b029-255d48a66d7f: receive RaftClientReply:client-FB00420D972B->0a7e6056-64a2-4302-b029-255d48a66d7f@group-1EE0336AADCF, cid=2744, SUCCESS, logIndex=4096, commits[0a7e6056-64a2-4302-b029-255d48a66d7f:c4096, 82c1508e-6289-48e2-a567-a0e29c8b4903:c4094, f63d6ef8-0266-4bf3-bcb1-484cdaae1fbb:c4094]
2019-07-09 20:06:53,508 INFO  client.GrpcClientProtocolClient (GrpcClientProtocolClient.java:onNext(255)) - client-FB00420D972B->0a7e6056-64a2-4302-b029-255d48a66d7f: receive RaftClientReply:client-FB00420D972B->0a7e6056-64a2-4302-b029-255d48a66d7f@group-1EE0336AADCF, cid=2745, SUCCESS, logIndex=4099, commits[0a7e6056-64a2-4302-b029-255d48a66d7f:c4100, 82c1508e-6289-48e2-a567-a0e29c8b4903:c4096, f63d6ef8-0266-4bf3-bcb1-484cdaae1fbb:c4096]
2019-07-09 20:06:53,509 INFO  client.GrpcClientProtocolClient (GrpcClientProtocolClient.java:onNext(255)) - client-FB00420D972B->0a7e6056-64a2-4302-b029-255d48a66d7f: receive RaftClientReply:client-FB00420D972B->0a7e6056-64a2-4302-b029-255d48a66d7f@group-1EE0336AADCF, cid=2746, SUCCESS, logIndex=4100, commits[0a7e6056-64a2-4302-b029-255d48a66d7f:c4100, 82c1508e-6289-48e2-a567-a0e29c8b4903:c4096, f63d6ef8-0266-4bf3-bcb1-484cdaae1fbb:c4096]
2019-07-09 20:06:53,521 INFO  client.GrpcClientProtocolClient (GrpcClientProtocolClient.java:onNext(255)) - client-FB00420D972B->0a7e6056-64a2-4302-b029-255d48a66d7f: receive RaftClientReply:client-FB00420D972B->0a7e6056-64a2-4302-b029-255d48a66d7f@group-1EE0336AADCF, cid=2747, SUCCESS, logIndex=0, commits[0a7e6056-64a2-4302-b029-255d48a66d7f:c4102, 82c1508e-6289-48e2-a567-a0e29c8b4903:c4100, f63d6ef8-0266-4bf3-bcb1-484cdaae1fbb:c4100]
2019-07-09 20:06:53,549 INFO  client.GrpcClientProtocolClient (GrpcClientProtocolClient.java:onNext(255)) - client-FB00420D972B->0a7e6056-64a2-4302-b029-255d48a66d7f: receive RaftClientReply:client-FB00420D972B->0a7e6056-64a2-4302-b029-255d48a66d7f@group-1EE0336AADCF, cid=2748, SUCCESS, logIndex=4103, commits[0a7e6056-64a2-4302-b029-255d48a66d7f:c4105, 82c1508e-6289-48e2-a567-a0e29c8b4903:c4102, f63d6ef8-0266-4bf3-bcb1-484cdaae1fbb:c4102]
2019-07-09 20:06:53,549 INFO  client.GrpcClientProtocolClient (GrpcClientProtocolClient.java:onNext(255)) - client-FB00420D972B->0a7e6056-64a2-4302-b029-255d48a66d7f: receive RaftClientReply:client-FB00420D972B->0a7e6056-64a2-4302-b029-255d48a66d7f@group-1EE0336AADCF, cid=2749, SUCCESS, logIndex=4104, commits[0a7e6056-64a2-4302-b029-255d48a66d7f:c4106, 82c1508e-6289-48e2-a567-a0e29c8b4903:c4102, f63d6ef8-0266-4bf3-bcb1-484cdaae1fbb:c4102]
2019-07-09 20:06:53,549 INFO  client.GrpcClientProtocolClient (GrpcClientProtocolClient.java:onNext(255)) - client-FB00420D972B->0a7e6056-64a2-4302-b029-255d48a66d7f: receive RaftClientReply:client-FB00420D972B->0a7e6056-64a2-4302-b029-255d48a66d7f@group-1EE0336AADCF, cid=2750, SUCCESS, logIndex=4105, commits[0a7e6056-64a2-4302-b029-255d48a66d7f:c4106, 82c1508e-6289-48e2-a567-a0e29c8b4903:c4102, f63d6ef8-0266-4bf3-bcb1-484cdaae1fbb:c4102]
2019-07-09 20:06:53,550 INFO  client.GrpcClientProtocolClient (GrpcClientProtocolClient.java:onNext(255)) - client-FB00420D972B->0a7e6056-64a2-4302-b029-255d48a66d7f: receive RaftClientReply:client-FB00420D972B->0a7e6056-64a2-4302-b029-255d48a66d7f@group-1EE0336AADCF, cid=2751, SUCCESS, logIndex=4106, commits[0a7e6056-64a2-4302-b029-255d48a66d7f:c4106, 82c1508e-6289-48e2-a567-a0e29c8b4903:c4102, f63d6ef8-0266-4bf3-bcb1-484cdaae1fbb:c4102]
2019-07-09 20:06:53,573 INFO  client.GrpcClientProtocolClient (GrpcClientProtocolClient.java:onNext(255)) - client-FB00420D972B->0a7e6056-64a2-4302-b029-255d48a66d7f: receive RaftClientReply:client-FB00420D972B->0a7e6056-64a2-4302-b029-255d48a66d7f@group-1EE0336AADCF, cid=2752, SUCCESS, logIndex=0, commits[0a7e6056-64a2-4302-b029-255d48a66d7f:c4109, 82c1508e-6289-48e2-a567-a0e29c8b4903:c4104, f63d6ef8-0266-4bf3-bcb1-484cdaae1fbb:c4105]
2019-07-09 20:06:53,592 INFO  client.GrpcClientProtocolClient (GrpcClientProtocolClient.java:onNext(255)) - client-FB00420D972B->0a7e6056-64a2-4302-b029-255d48a66d7f: receive RaftClientReply:client-FB00420D972B->0a7e6056-64a2-4302-b029-255d48a66d7f@group-1EE0336AADCF, cid=2753, SUCCESS, logIndex=4111, commits[0a7e6056-64a2-4302-b029-255d48a66d7f:c4112, 82c1508e-6289-48e2-a567-a0e29c8b4903:c4110, f63d6ef8-0266-4bf3-bcb1-484cdaae1fbb:c4110]
2019-07-09 20:06:53,593 INFO  client.GrpcClientProtocolClient (GrpcClientProtocolClient.java:onNext(255)) - client-FB00420D972B->0a7e6056-64a2-4302-b029-255d48a66d7f: receive RaftClientReply:client-FB00420D972B->0a7e6056-64a2-4302-b029-255d48a66d7f@group-1EE0336AADCF, cid=2754, SUCCESS, logIndex=4112, commits[0a7e6056-64a2-4302-b029-255d48a66d7f:c4112, 82c1508e-6289-48e2-a567-a0e29c8b4903:c4110, f63d6ef8-0266-4bf3-bcb1-484cdaae1fbb:c4110]
2019-07-09 20:06:53,606 INFO  client.GrpcClientProtocolClient (GrpcClientProtocolClient.java:onNext(255)) - client-FB00420D972B->0a7e6056-64a2-4302-b029-255d48a66d7f: receive RaftClientReply:client-FB00420D972B->0a7e6056-64a2-4302-b029-255d48a66d7f@group-1EE0336AADCF, cid=2755, SUCCESS, logIndex=4115, commits[0a7e6056-64a2-4302-b029-255d48a66d7f:c4116, 82c1508e-6289-48e2-a567-a0e29c8b4903:c4112, f63d6ef8-0266-4bf3-bcb1-484cdaae1fbb:c4112]
2019-07-09 20:06:53,607 INFO  client.GrpcClientProtocolClient (GrpcClientProtocolClient.java:onNext(255)) - client-FB00420D972B->0a7e6056-64a2-4302-b029-255d48a66d7f: receive RaftClientReply:client-FB00420D972B->0a7e6056-64a2-4302-b029-255d48a66d7f@group-1EE0336AADCF, cid=2756, SUCCESS, logIndex=4116, commits[0a7e6056-64a2-4302-b029-255d48a66d7f:c4116, 82c1508e-6289-48e2-a567-a0e29c8b4903:c4112, f63d6ef8-0266-4bf3-bcb1-484cdaae1fbb:c4112]
2019-07-09 20:06:53,617 INFO  client.GrpcClientProtocolClient (GrpcClientProtocolClient.java:onNext(255)) - client-FB00420D972B->0a7e6056-64a2-4302-b029-255d48a66d7f: receive RaftClientReply:client-FB00420D972B->0a7e6056-64a2-4302-b029-255d48a66d7f@group-1EE0336AADCF, cid=2757, SUCCESS, logIndex=0, commits[0a7e6056-64a2-4302-b029-255d48a66d7f:c4117, 82c1508e-6289-48e2-a567-a0e29c8b4903:c4116, f63d6ef8-0266-4bf3-bcb1-484cdaae1fbb:c4116]
2019-07-09 20:06:53,660 INFO  client.GrpcClientProtocolClient (GrpcClientProtocolClient.java:onNext(255)) - client-FB00420D972B->0a7e6056-64a2-4302-b029-255d48a66d7f: receive RaftClientReply:client-FB00420D972B->0a7e6056-64a2-4302-b029-255d48a66d7f@group-1EE0336AADCF, cid=2758, SUCCESS, logIndex=4119, commits[0a7e6056-64a2-4302-b029-255d48a66d7f:c4120, 82c1508e-6289-48e2-a567-a0e29c8b4903:c4118, f63d6ef8-0266-4bf3-bcb1-484cdaae1fbb:c4118]
2019-07-09 20:06:53,661 INFO  client.GrpcClientProtocolClient (GrpcClientProtocolClient.java:onNext(255)) - client-FB00420D972B->0a7e6056-64a2-4302-b029-255d48a66d7f: receive RaftClientReply:client-FB00420D972B->0a7e6056-64a2-4302-b029-255d48a66d7f@group-1EE0336AADCF, cid=2759, SUCCESS, logIndex=4120, commits[0a7e6056-64a2-4302-b029-255d48a66d7f:c4120, 82c1508e-6289-48e2-a567-a0e29c8b4903:c4118, f63d6ef8-0266-4bf3-bcb1-484cdaae1fbb:c4118]
2019-07-09 20:06:53,674 INFO  client.GrpcClientProtocolClient (GrpcClientProtocolClient.java:onNext(255)) - client-FB00420D972B->0a7e6056-64a2-4302-b029-255d48a66d7f: receive RaftClientReply:client-FB00420D972B->0a7e6056-64a2-4302-b029-255d48a66d7f@group-1EE0336AADCF, cid=2760, SUCCESS, logIndex=4121, commits[0a7e6056-64a2-4302-b029-255d48a66d7f:c4122, 82c1508e-6289-48e2-a567-a0e29c8b4903:c4118, f63d6ef8-0266-4bf3-bcb1-484cdaae1fbb:c4118]
2019-07-09 20:06:53,674 INFO  client.GrpcClientProtocolClient (GrpcClientProtocolClient.java:onNext(255)) - client-FB00420D972B->0a7e6056-64a2-4302-b029-255d48a66d7f: receive RaftClientReply:client-FB00420D972B->0a7e6056-64a2-4302-b029-255d48a66d7f@group-1EE0336AADCF, cid=2761, SUCCESS, logIndex=4122, commits[0a7e6056-64a2-4302-b029-255d48a66d7f:c4122, 82c1508e-6289-48e2-a567-a0e29c8b4903:c4118, f63d6ef8-0266-4bf3-bcb1-484cdaae1fbb:c4118]
2019-07-09 20:06:53,675 INFO  client.GrpcClientProtocolClient (GrpcClientProtocolClient.java:onNext(255)) - client-FB00420D972B->0a7e6056-64a2-4302-b029-255d48a66d7f: receive RaftClientReply:client-FB00420D972B->0a7e6056-64a2-4302-b029-255d48a66d7f@group-1EE0336AADCF, cid=2762, SUCCESS, logIndex=0, commits[0a7e6056-64a2-4302-b029-255d48a66d7f:c4124, 82c1508e-6289-48e2-a567-a0e29c8b4903:c4120, f63d6ef8-0266-4bf3-bcb1-484cdaae1fbb:c4120]
2019-07-09 20:06:53,694 INFO  client.GrpcClientProtocolClient (GrpcClientProtocolClient.java:onNext(255)) - client-FB00420D972B->0a7e6056-64a2-4302-b029-255d48a66d7f: receive RaftClientReply:client-FB00420D972B->0a7e6056-64a2-4302-b029-255d48a66d7f@group-1EE0336AADCF, cid=2763, SUCCESS, logIndex=4127, commits[0a7e6056-64a2-4302-b029-255d48a66d7f:c4128, 82c1508e-6289-48e2-a567-a0e29c8b4903:c4126, f63d6ef8-0266-4bf3-bcb1-484cdaae1fbb:c4126]
2019-07-09 20:06:53,695 INFO  client.GrpcClientProtocolClient (GrpcClientProtocolClient.java:onNext(255)) - client-FB00420D972B->0a7e6056-64a2-4302-b029-255d48a66d7f: receive RaftClientReply:client-FB00420D972B->0a7e6056-64a2-4302-b029-255d48a66d7f@group-1EE0336AADCF, cid=2764, SUCCESS, logIndex=4128, commits[0a7e6056-64a2-4302-b029-255d48a66d7f:c4128, 82c1508e-6289-48e2-a567-a0e29c8b4903:c4126, f63d6ef8-0266-4bf3-bcb1-484cdaae1fbb:c4126]
2019-07-09 20:06:53,707 INFO  client.GrpcClientProtocolClient (GrpcClientProtocolClient.java:onNext(255)) - client-FB00420D972B->0a7e6056-64a2-4302-b029-255d48a66d7f: receive RaftClientReply:client-FB00420D972B->0a7e6056-64a2-4302-b029-255d48a66d7f@group-1EE0336AADCF, cid=2765, SUCCESS, logIndex=4131, commits[0a7e6056-64a2-4302-b029-255d48a66d7f:c4132, 82c1508e-6289-48e2-a567-a0e29c8b4903:c4128, f63d6ef8-0266-4bf3-bcb1-484cdaae1fbb:c4128]
2019-07-09 20:06:53,707 INFO  client.GrpcClientProtocolClient (GrpcClientProtocolClient.java:onNext(255)) - client-FB00420D972B->0a7e6056-64a2-4302-b029-255d48a66d7f: receive RaftClientReply:client-FB00420D972B->0a7e6056-64a2-4302-b029-255d48a66d7f@group-1EE0336AADCF, cid=2766, SUCCESS, logIndex=4132, commits[0a7e6056-64a2-4302-b029-255d48a66d7f:c4132, 82c1508e-6289-48e2-a567-a0e29c8b4903:c4128, f63d6ef8-0266-4bf3-bcb1-484cdaae1fbb:c4128]
2019-07-09 20:06:53,710 INFO  client.GrpcClientProtocolClient (GrpcClientProtocolClient.java:onNext(255)) - client-FB00420D972B->0a7e6056-64a2-4302-b029-255d48a66d7f: receive RaftClientReply:client-FB00420D972B->0a7e6056-64a2-4302-b029-255d48a66d7f@group-1EE0336AADCF, cid=2767, SUCCESS, logIndex=0, commits[0a7e6056-64a2-4302-b029-255d48a66d7f:c4134, 82c1508e-6289-48e2-a567-a0e29c8b4903:c4132, f63d6ef8-0266-4bf3-bcb1-484cdaae1fbb:c4132]
 0.00% |█                                                                                                    |  0/1 Time: 0:00:252019-07-09 20:06:53,864 INFO  client.GrpcClientProtocolClient (GrpcClientProtocolClient.java:onNext(255)) - client-FB00420D972B->0a7e6056-64a2-4302-b029-255d48a66d7f: receive RaftClientReply:client-FB00420D972B->0a7e6056-64a2-4302-b029-255d48a66d7f@group-1EE0336AADCF, cid=2768, SUCCESS, logIndex=4135, commits[0a7e6056-64a2-4302-b029-255d48a66d7f:c4137, 82c1508e-6289-48e2-a567-a0e29c8b4903:c4134, f63d6ef8-0266-4bf3-bcb1-484cdaae1fbb:c4134]
2019-07-09 20:06:53,864 INFO  client.GrpcClientProtocolClient (GrpcClientProtocolClient.java:onNext(255)) - client-FB00420D972B->0a7e6056-64a2-4302-b029-255d48a66d7f: receive RaftClientReply:client-FB00420D972B->0a7e6056-64a2-4302-b029-255d48a66d7f@group-1EE0336AADCF, cid=2769, SUCCESS, logIndex=4136, commits[0a7e6056-64a2-4302-b029-255d48a66d7f:c4138, 82c1508e-6289-48e2-a567-a0e29c8b4903:c4134, f63d6ef8-0266-4bf3-bcb1-484cdaae1fbb:c4134]
2019-07-09 20:06:53,865 INFO  client.GrpcClientProtocolClient (GrpcClientProtocolClient.java:onNext(255)) - client-FB00420D972B->0a7e6056-64a2-4302-b029-255d48a66d7f: receive RaftClientReply:client-FB00420D972B->0a7e6056-64a2-4302-b029-255d48a66d7f@group-1EE0336AADCF, cid=2770, SUCCESS, logIndex=4137, commits[0a7e6056-64a2-4302-b029-255d48a66d7f:c4138, 82c1508e-6289-48e2-a567-a0e29c8b4903:c4134, f63d6ef8-0266-4bf3-bcb1-484cdaae1fbb:c4134]
2019-07-09 20:06:53,865 INFO  client.GrpcClientProtocolClient (GrpcClientProtocolClient.java:onNext(255)) - client-FB00420D972B->0a7e6056-64a2-4302-b029-255d48a66d7f: receive RaftClientReply:client-FB00420D972B->0a7e6056-64a2-4302-b029-255d48a66d7f@group-1EE0336AADCF, cid=2771, SUCCESS, logIndex=4138, commits[0a7e6056-64a2-4302-b029-255d48a66d7f:c4138, 82c1508e-6289-48e2-a567-a0e29c8b4903:c4134, f63d6ef8-0266-4bf3-bcb1-484cdaae1fbb:c4134]
2019-07-09 20:06:53,866 INFO  client.GrpcClientProtocolClient (GrpcClientProtocolClient.java:onNext(255)) - client-FB00420D972B->0a7e6056-64a2-4302-b029-255d48a66d7f: receive RaftClientReply:client-FB00420D972B->0a7e6056-64a2-4302-b029-255d48a66d7f@group-1EE0336AADCF, cid=2772, SUCCESS, logIndex=0, commits[0a7e6056-64a2-4302-b029-255d48a66d7f:c4140, 82c1508e-6289-48e2-a567-a0e29c8b4903:c4136, f63d6ef8-0266-4bf3-bcb1-484cdaae1fbb:c4136]
2019-07-09 20:06:53,887 INFO  client.GrpcClientProtocolClient (GrpcClientProtocolClient.java:onNext(255)) - client-FB00420D972B->0a7e6056-64a2-4302-b029-255d48a66d7f: receive RaftClientReply:client-FB00420D972B->0a7e6056-64a2-4302-b029-255d48a66d7f@group-1EE0336AADCF, cid=2773, SUCCESS, logIndex=4143, commits[0a7e6056-64a2-4302-b029-255d48a66d7f:c4144, 82c1508e-6289-48e2-a567-a0e29c8b4903:c4142, f63d6ef8-0266-4bf3-bcb1-484cdaae1fbb:c4142]
2019-07-09 20:06:53,887 INFO  client.GrpcClientProtocolClient (GrpcClientProtocolClient.java:onNext(255)) - client-FB00420D972B->0a7e6056-64a2-4302-b029-255d48a66d7f: receive RaftClientReply:client-FB00420D972B->0a7e6056-64a2-4302-b029-255d48a66d7f@group-1EE0336AADCF, cid=2774, SUCCESS, logIndex=4144, commits[0a7e6056-64a2-4302-b029-255d48a66d7f:c4144, 82c1508e-6289-48e2-a567-a0e29c8b4903:c4142, f63d6ef8-0266-4bf3-bcb1-484cdaae1fbb:c4142]
2019-07-09 20:06:53,901 INFO  client.GrpcClientProtocolClient (GrpcClientProtocolClient.java:onNext(255)) - client-FB00420D972B->0a7e6056-64a2-4302-b029-255d48a66d7f: receive RaftClientReply:client-FB00420D972B->0a7e6056-64a2-4302-b029-255d48a66d7f@group-1EE0336AADCF, cid=2775, SUCCESS, logIndex=4147, commits[0a7e6056-64a2-4302-b029-255d48a66d7f:c4148, 82c1508e-6289-48e2-a567-a0e29c8b4903:c4143, f63d6ef8-0266-4bf3-bcb1-484cdaae1fbb:c4144]
2019-07-09 20:06:53,901 INFO  client.GrpcClientProtocolClient (GrpcClientProtocolClient.java:onNext(255)) - client-FB00420D972B->0a7e6056-64a2-4302-b029-255d48a66d7f: receive RaftClientReply:client-FB00420D972B->0a7e6056-64a2-4302-b029-255d48a66d7f@group-1EE0336AADCF, cid=2776, SUCCESS, logIndex=4148, commits[0a7e6056-64a2-4302-b029-255d48a66d7f:c4148, 82c1508e-6289-48e2-a567-a0e29c8b4903:c4143, f63d6ef8-0266-4bf3-bcb1-484cdaae1fbb:c4144]
2019-07-09 20:06:53,911 INFO  client.GrpcClientProtocolClient (GrpcClientProtocolClient.java:onNext(255)) - client-FB00420D972B->0a7e6056-64a2-4302-b029-255d48a66d7f: receive RaftClientReply:client-FB00420D972B->0a7e6056-64a2-4302-b029-255d48a66d7f@group-1EE0336AADCF, cid=2777, SUCCESS, logIndex=0, commits[0a7e6056-64a2-4302-b029-255d48a66d7f:c4148, 82c1508e-6289-48e2-a567-a0e29c8b4903:c4144, f63d6ef8-0266-4bf3-bcb1-484cdaae1fbb:c4144]
2019-07-09 20:06:53,912 INFO  client.GrpcClientProtocolClient (GrpcClientProtocolClient.java:onNext(255)) - client-FB00420D972B->0a7e6056-64a2-4302-b029-255d48a66d7f: receive RaftClientReply:client-FB00420D972B->0a7e6056-64a2-4302-b029-255d48a66d7f@group-1EE0336AADCF, cid=2778, SUCCESS, logIndex=0, commits[0a7e6056-64a2-4302-b029-255d48a66d7f:c4149, 82c1508e-6289-48e2-a567-a0e29c8b4903:c4148, f63d6ef8-0266-4bf3-bcb1-484cdaae1fbb:c4148]
2019-07-09 20:06:53,942 INFO  client.GrpcClientProtocolClient (GrpcClientProtocolClient.java:onNext(255)) - client-FB00420D972B->0a7e6056-64a2-4302-b029-255d48a66d7f: receive RaftClientReply:client-FB00420D972B->0a7e6056-64a2-4302-b029-255d48a66d7f@group-1EE0336AADCF, cid=2779, SUCCESS, logIndex=4151, commits[0a7e6056-64a2-4302-b029-255d48a66d7f:c4152, 82c1508e-6289-48e2-a567-a0e29c8b4903:c4150, f63d6ef8-0266-4bf3-bcb1-484cdaae1fbb:c4150]
2019-07-09 20:06:53,943 INFO  client.GrpcClientProtocolClient (GrpcClientProtocolClient.java:onNext(255)) - client-FB00420D972B->0a7e6056-64a2-4302-b029-255d48a66d7f: receive RaftClientReply:client-FB00420D972B->0a7e6056-64a2-4302-b029-255d48a66d7f@group-1EE0336AADCF, cid=2780, SUCCESS, logIndex=4152, commits[0a7e6056-64a2-4302-b029-255d48a66d7f:c4153, 82c1508e-6289-48e2-a567-a0e29c8b4903:c4150, f63d6ef8-0266-4bf3-bcb1-484cdaae1fbb:c4150]
2019-07-09 20:06:53,943 INFO  client.GrpcClientProtocolClient (GrpcClientProtocolClient.java:onNext(255)) - client-FB00420D972B->0a7e6056-64a2-4302-b029-255d48a66d7f: receive RaftClientReply:client-FB00420D972B->0a7e6056-64a2-4302-b029-255d48a66d7f@group-1EE0336AADCF, cid=2781, SUCCESS, logIndex=4153, commits[0a7e6056-64a2-4302-b029-255d48a66d7f:c4154, 82c1508e-6289-48e2-a567-a0e29c8b4903:c4150, f63d6ef8-0266-4bf3-bcb1-484cdaae1fbb:c4150]
2019-07-09 20:06:53,944 INFO  client.GrpcClientProtocolClient (GrpcClientProtocolClient.java:onNext(255)) - client-FB00420D972B->0a7e6056-64a2-4302-b029-255d48a66d7f: receive RaftClientReply:client-FB00420D972B->0a7e6056-64a2-4302-b029-255d48a66d7f@group-1EE0336AADCF, cid=2782, SUCCESS, logIndex=4154, commits[0a7e6056-64a2-4302-b029-255d48a66d7f:c4154, 82c1508e-6289-48e2-a567-a0e29c8b4903:c4150, f63d6ef8-0266-4bf3-bcb1-484cdaae1fbb:c4150]
2019-07-09 20:06:53,944 INFO  client.GrpcClientProtocolClient (GrpcClientProtocolClient.java:onNext(255)) - client-FB00420D972B->0a7e6056-64a2-4302-b029-255d48a66d7f: receive RaftClientReply:client-FB00420D972B->0a7e6056-64a2-4302-b029-255d48a66d7f@group-1EE0336AADCF, cid=2783, SUCCESS, logIndex=0, commits[0a7e6056-64a2-4302-b029-255d48a66d7f:c4156, 82c1508e-6289-48e2-a567-a0e29c8b4903:c4152, f63d6ef8-0266-4bf3-bcb1-484cdaae1fbb:c4152]
2019-07-09 20:06:53,964 INFO  client.GrpcClientProtocolClient (GrpcClientProtocolClient.java:onNext(255)) - client-FB00420D972B->0a7e6056-64a2-4302-b029-255d48a66d7f: receive RaftClientReply:client-FB00420D972B->0a7e6056-64a2-4302-b029-255d48a66d7f@group-1EE0336AADCF, cid=2784, SUCCESS, logIndex=4159, commits[0a7e6056-64a2-4302-b029-255d48a66d7f:c4160, 82c1508e-6289-48e2-a567-a0e29c8b4903:c4158, f63d6ef8-0266-4bf3-bcb1-484cdaae1fbb:c4158]
2019-07-09 20:06:53,965 INFO  client.GrpcClientProtocolClient (GrpcClientProtocolClient.java:onNext(255)) - client-FB00420D972B->0a7e6056-64a2-4302-b029-255d48a66d7f: receive RaftClientReply:client-FB00420D972B->0a7e6056-64a2-4302-b029-255d48a66d7f@group-1EE0336AADCF, cid=2785, SUCCESS, logIndex=4160, commits[0a7e6056-64a2-4302-b029-255d48a66d7f:c4160, 82c1508e-6289-48e2-a567-a0e29c8b4903:c4158, f63d6ef8-0266-4bf3-bcb1-484cdaae1fbb:c4158]
2019-07-09 20:06:53,978 INFO  client.GrpcClientProtocolClient (GrpcClientProtocolClient.java:onNext(255)) - client-FB00420D972B->0a7e6056-64a2-4302-b029-255d48a66d7f: receive RaftClientReply:client-FB00420D972B->0a7e6056-64a2-4302-b029-255d48a66d7f@group-1EE0336AADCF, cid=2786, SUCCESS, logIndex=4163, commits[0a7e6056-64a2-4302-b029-255d48a66d7f:c4164, 82c1508e-6289-48e2-a567-a0e29c8b4903:c4159, f63d6ef8-0266-4bf3-bcb1-484cdaae1fbb:c4160]
2019-07-09 20:06:53,978 INFO  client.GrpcClientProtocolClient (GrpcClientProtocolClient.java:onNext(255)) - client-FB00420D972B->0a7e6056-64a2-4302-b029-255d48a66d7f: receive RaftClientReply:client-FB00420D972B->0a7e6056-64a2-4302-b029-255d48a66d7f@group-1EE0336AADCF, cid=2787, SUCCESS, logIndex=4164, commits[0a7e6056-64a2-4302-b029-255d48a66d7f:c4164, 82c1508e-6289-48e2-a567-a0e29c8b4903:c4160, f63d6ef8-0266-4bf3-bcb1-484cdaae1fbb:c4160]
2019-07-09 20:06:53,991 INFO  client.GrpcClientProtocolClient (GrpcClientProtocolClient.java:onNext(255)) - client-FB00420D972B->0a7e6056-64a2-4302-b029-255d48a66d7f: receive RaftClientReply:client-FB00420D972B->0a7e6056-64a2-4302-b029-255d48a66d7f@group-1EE0336AADCF, cid=2788, SUCCESS, logIndex=0, commits[0a7e6056-64a2-4302-b029-255d48a66d7f:c4166, 82c1508e-6289-48e2-a567-a0e29c8b4903:c4164, f63d6ef8-0266-4bf3-bcb1-484cdaae1fbb:c4164]
2019-07-09 20:06:54,017 INFO  client.GrpcClientProtocolClient (GrpcClientProtocolClient.java:onNext(255)) - client-FB00420D972B->0a7e6056-64a2-4302-b029-255d48a66d7f: receive RaftClientReply:client-FB00420D972B->0a7e6056-64a2-4302-b029-255d48a66d7f@group-1EE0336AADCF, cid=2789, SUCCESS, logIndex=4167, commits[0a7e6056-64a2-4302-b029-255d48a66d7f:c4168, 82c1508e-6289-48e2-a567-a0e29c8b4903:c4166, f63d6ef8-0266-4bf3-bcb1-484cdaae1fbb:c4166]
2019-07-09 20:06:54,017 INFO  client.GrpcClientProtocolClient (GrpcClientProtocolClient.java:onNext(255)) - client-FB00420D972B->0a7e6056-64a2-4302-b029-255d48a66d7f: receive RaftClientReply:client-FB00420D972B->0a7e6056-64a2-4302-b029-255d48a66d7f@group-1EE0336AADCF, cid=2790, SUCCESS, logIndex=4168, commits[0a7e6056-64a2-4302-b029-255d48a66d7f:c4168, 82c1508e-6289-48e2-a567-a0e29c8b4903:c4166, f63d6ef8-0266-4bf3-bcb1-484cdaae1fbb:c4166]
2019-07-09 20:06:54,018 INFO  client.GrpcClientProtocolClient (GrpcClientProtocolClient.java:onNext(255)) - client-FB00420D972B->0a7e6056-64a2-4302-b029-255d48a66d7f: receive RaftClientReply:client-FB00420D972B->0a7e6056-64a2-4302-b029-255d48a66d7f@group-1EE0336AADCF, cid=2791, SUCCESS, logIndex=4169, commits[0a7e6056-64a2-4302-b029-255d48a66d7f:c4170, 82c1508e-6289-48e2-a567-a0e29c8b4903:c4166, f63d6ef8-0266-4bf3-bcb1-484cdaae1fbb:c4166]
2019-07-09 20:06:54,018 INFO  client.GrpcClientProtocolClient (GrpcClientProtocolClient.java:onNext(255)) - client-FB00420D972B->0a7e6056-64a2-4302-b029-255d48a66d7f: receive RaftClientReply:client-FB00420D972B->0a7e6056-64a2-4302-b029-255d48a66d7f@group-1EE0336AADCF, cid=2792, SUCCESS, logIndex=4170, commits[0a7e6056-64a2-4302-b029-255d48a66d7f:c4170, 82c1508e-6289-48e2-a567-a0e29c8b4903:c4166, f63d6ef8-0266-4bf3-bcb1-484cdaae1fbb:c4166]
2019-07-09 20:06:54,019 INFO  client.GrpcClientProtocolClient (GrpcClientProtocolClient.java:onNext(255)) - client-FB00420D972B->0a7e6056-64a2-4302-b029-255d48a66d7f: receive RaftClientReply:client-FB00420D972B->0a7e6056-64a2-4302-b029-255d48a66d7f@group-1EE0336AADCF, cid=2793, SUCCESS, logIndex=0, commits[0a7e6056-64a2-4302-b029-255d48a66d7f:c4172, 82c1508e-6289-48e2-a567-a0e29c8b4903:c4168, f63d6ef8-0266-4bf3-bcb1-484cdaae1fbb:c4168]
2019-07-09 20:06:54,038 INFO  client.GrpcClientProtocolClient (GrpcClientProtocolClient.java:onNext(255)) - client-FB00420D972B->0a7e6056-64a2-4302-b029-255d48a66d7f: receive RaftClientReply:client-FB00420D972B->0a7e6056-64a2-4302-b029-255d48a66d7f@group-1EE0336AADCF, cid=2794, SUCCESS, logIndex=4175, commits[0a7e6056-64a2-4302-b029-255d48a66d7f:c4176, 82c1508e-6289-48e2-a567-a0e29c8b4903:c4174, f63d6ef8-0266-4bf3-bcb1-484cdaae1fbb:c4174]
2019-07-09 20:06:54,039 INFO  client.GrpcClientProtocolClient (GrpcClientProtocolClient.java:onNext(255)) - client-FB00420D972B->0a7e6056-64a2-4302-b029-255d48a66d7f: receive RaftClientReply:client-FB00420D972B->0a7e6056-64a2-4302-b029-255d48a66d7f@group-1EE0336AADCF, cid=2795, SUCCESS, logIndex=4176, commits[0a7e6056-64a2-4302-b029-255d48a66d7f:c4176, 82c1508e-6289-48e2-a567-a0e29c8b4903:c4174, f63d6ef8-0266-4bf3-bcb1-484cdaae1fbb:c4174]
2019-07-09 20:06:54,051 INFO  client.GrpcClientProtocolClient (GrpcClientProtocolClient.java:onNext(255)) - client-FB00420D972B->0a7e6056-64a2-4302-b029-255d48a66d7f: receive RaftClientReply:client-FB00420D972B->0a7e6056-64a2-4302-b029-255d48a66d7f@group-1EE0336AADCF, cid=2796, SUCCESS, logIndex=4179, commits[0a7e6056-64a2-4302-b029-255d48a66d7f:c4179, 82c1508e-6289-48e2-a567-a0e29c8b4903:c4176, f63d6ef8-0266-4bf3-bcb1-484cdaae1fbb:c4176]
2019-07-09 20:06:54,052 INFO  client.GrpcClientProtocolClient (GrpcClientProtocolClient.java:onNext(255)) - client-FB00420D972B->0a7e6056-64a2-4302-b029-255d48a66d7f: receive RaftClientReply:client-FB00420D972B->0a7e6056-64a2-4302-b029-255d48a66d7f@group-1EE0336AADCF, cid=2797, SUCCESS, logIndex=4180, commits[0a7e6056-64a2-4302-b029-255d48a66d7f:c4180, 82c1508e-6289-48e2-a567-a0e29c8b4903:c4176, f63d6ef8-0266-4bf3-bcb1-484cdaae1fbb:c4176]
2019-07-09 20:06:54,065 INFO  client.GrpcClientProtocolClient (GrpcClientProtocolClient.java:onNext(255)) - client-FB00420D972B->0a7e6056-64a2-4302-b029-255d48a66d7f: receive RaftClientReply:client-FB00420D972B->0a7e6056-64a2-4302-b029-255d48a66d7f@group-1EE0336AADCF, cid=2798, SUCCESS, logIndex=0, commits[0a7e6056-64a2-4302-b029-255d48a66d7f:c4182, 82c1508e-6289-48e2-a567-a0e29c8b4903:c4180, f63d6ef8-0266-4bf3-bcb1-484cdaae1fbb:c4180]
2019-07-09 20:06:54,095 INFO  client.GrpcClientProtocolClient (GrpcClientProtocolClient.java:onNext(255)) - client-FB00420D972B->0a7e6056-64a2-4302-b029-255d48a66d7f: receive RaftClientReply:client-FB00420D972B->0a7e6056-64a2-4302-b029-255d48a66d7f@group-1EE0336AADCF, cid=2799, SUCCESS, logIndex=4183, commits[0a7e6056-64a2-4302-b029-255d48a66d7f:c4184, 82c1508e-6289-48e2-a567-a0e29c8b4903:c4182, f63d6ef8-0266-4bf3-bcb1-484cdaae1fbb:c4182]
2019-07-09 20:06:54,095 INFO  client.GrpcClientProtocolClient (GrpcClientProtocolClient.java:onNext(255)) - client-FB00420D972B->0a7e6056-64a2-4302-b029-255d48a66d7f: receive RaftClientReply:client-FB00420D972B->0a7e6056-64a2-4302-b029-255d48a66d7f@group-1EE0336AADCF, cid=2800, SUCCESS, logIndex=4184, commits[0a7e6056-64a2-4302-b029-255d48a66d7f:c4185, 82c1508e-6289-48e2-a567-a0e29c8b4903:c4182, f63d6ef8-0266-4bf3-bcb1-484cdaae1fbb:c4182]
2019-07-09 20:06:54,096 INFO  client.GrpcClientProtocolClient (GrpcClientProtocolClient.java:onNext(255)) - client-FB00420D972B->0a7e6056-64a2-4302-b029-255d48a66d7f: receive RaftClientReply:client-FB00420D972B->0a7e6056-64a2-4302-b029-255d48a66d7f@group-1EE0336AADCF, cid=2801, SUCCESS, logIndex=4185, commits[0a7e6056-64a2-4302-b029-255d48a66d7f:c4186, 82c1508e-6289-48e2-a567-a0e29c8b4903:c4182, f63d6ef8-0266-4bf3-bcb1-484cdaae1fbb:c4182]
2019-07-09 20:06:54,096 INFO  client.GrpcClientProtocolClient (GrpcClientProtocolClient.java:onNext(255)) - client-FB00420D972B->0a7e6056-64a2-4302-b029-255d48a66d7f: receive RaftClientReply:client-FB00420D972B->0a7e6056-64a2-4302-b029-255d48a66d7f@group-1EE0336AADCF, cid=2802, SUCCESS, logIndex=4186, commits[0a7e6056-64a2-4302-b029-255d48a66d7f:c4187, 82c1508e-6289-48e2-a567-a0e29c8b4903:c4182, f63d6ef8-0266-4bf3-bcb1-484cdaae1fbb:c4183]
2019-07-09 20:06:54,098 INFO  client.GrpcClientProtocolClient (GrpcClientProtocolClient.java:onNext(255)) - client-FB00420D972B->0a7e6056-64a2-4302-b029-255d48a66d7f: receive RaftClientReply:client-FB00420D972B->0a7e6056-64a2-4302-b029-255d48a66d7f@group-1EE0336AADCF, cid=2803, SUCCESS, logIndex=0, commits[0a7e6056-64a2-4302-b029-255d48a66d7f:c4190, 82c1508e-6289-48e2-a567-a0e29c8b4903:c4184, f63d6ef8-0266-4bf3-bcb1-484cdaae1fbb:c4186]
2019-07-09 20:06:54,124 INFO  client.GrpcClientProtocolClient (GrpcClientProtocolClient.java:onNext(255)) - client-FB00420D972B->0a7e6056-64a2-4302-b029-255d48a66d7f: receive RaftClientReply:client-FB00420D972B->0a7e6056-64a2-4302-b029-255d48a66d7f@group-1EE0336AADCF, cid=2804, SUCCESS, logIndex=4191, commits[0a7e6056-64a2-4302-b029-255d48a66d7f:c4192, 82c1508e-6289-48e2-a567-a0e29c8b4903:c4190, f63d6ef8-0266-4bf3-bcb1-484cdaae1fbb:c4186]
2019-07-09 20:06:54,124 INFO  client.GrpcClientProtocolClient (GrpcClientProtocolClient.java:onNext(255)) - client-FB00420D972B->0a7e6056-64a2-4302-b029-255d48a66d7f: receive RaftClientReply:client-FB00420D972B->0a7e6056-64a2-4302-b029-255d48a66d7f@group-1EE0336AADCF, cid=2805, SUCCESS, logIndex=4192, commits[0a7e6056-64a2-4302-b029-255d48a66d7f:c4192, 82c1508e-6289-48e2-a567-a0e29c8b4903:c4190, f63d6ef8-0266-4bf3-bcb1-484cdaae1fbb:c4190]
2019-07-09 20:06:54,145 INFO  client.GrpcClientProtocolClient (GrpcClientProtocolClient.java:onNext(255)) - client-FB00420D972B->0a7e6056-64a2-4302-b029-255d48a66d7f: receive RaftClientReply:client-FB00420D972B->0a7e6056-64a2-4302-b029-255d48a66d7f@group-1EE0336AADCF, cid=2806, SUCCESS, logIndex=4195, commits[0a7e6056-64a2-4302-b029-255d48a66d7f:c4196, 82c1508e-6289-48e2-a567-a0e29c8b4903:c4194, f63d6ef8-0266-4bf3-bcb1-484cdaae1fbb:c4194]
2019-07-09 20:06:54,146 INFO  client.GrpcClientProtocolClient (GrpcClientProtocolClient.java:onNext(255)) - client-FB00420D972B->0a7e6056-64a2-4302-b029-255d48a66d7f: receive RaftClientReply:client-FB00420D972B->0a7e6056-64a2-4302-b029-255d48a66d7f@group-1EE0336AADCF, cid=2807, SUCCESS, logIndex=4196, commits[0a7e6056-64a2-4302-b029-255d48a66d7f:c4196, 82c1508e-6289-48e2-a567-a0e29c8b4903:c4194, f63d6ef8-0266-4bf3-bcb1-484cdaae1fbb:c4194]
2019-07-09 20:06:54,159 INFO  client.GrpcClientProtocolClient (GrpcClientProtocolClient.java:onNext(255)) - client-FB00420D972B->0a7e6056-64a2-4302-b029-255d48a66d7f: receive RaftClientReply:client-FB00420D972B->0a7e6056-64a2-4302-b029-255d48a66d7f@group-1EE0336AADCF, cid=2808, SUCCESS, logIndex=0, commits[0a7e6056-64a2-4302-b029-255d48a66d7f:c4197, 82c1508e-6289-48e2-a567-a0e29c8b4903:c4196, f63d6ef8-0266-4bf3-bcb1-484cdaae1fbb:c4196]
2019-07-09 20:06:54,189 INFO  client.GrpcClientProtocolClient (GrpcClientProtocolClient.java:onNext(255)) - client-FB00420D972B->0a7e6056-64a2-4302-b029-255d48a66d7f: receive RaftClientReply:client-FB00420D972B->0a7e6056-64a2-4302-b029-255d48a66d7f@group-1EE0336AADCF, cid=2809, SUCCESS, logIndex=4199, commits[0a7e6056-64a2-4302-b029-255d48a66d7f:c4200, 82c1508e-6289-48e2-a567-a0e29c8b4903:c4198, f63d6ef8-0266-4bf3-bcb1-484cdaae1fbb:c4198]
2019-07-09 20:06:54,190 INFO  client.GrpcClientProtocolClient (GrpcClientProtocolClient.java:onNext(255)) - client-FB00420D972B->0a7e6056-64a2-4302-b029-255d48a66d7f: receive RaftClientReply:client-FB00420D972B->0a7e6056-64a2-4302-b029-255d48a66d7f@group-1EE0336AADCF, cid=2810, SUCCESS, logIndex=4200, commits[0a7e6056-64a2-4302-b029-255d48a66d7f:c4202, 82c1508e-6289-48e2-a567-a0e29c8b4903:c4198, f63d6ef8-0266-4bf3-bcb1-484cdaae1fbb:c4198]
2019-07-09 20:06:54,190 INFO  client.GrpcClientProtocolClient (GrpcClientProtocolClient.java:onNext(255)) - client-FB00420D972B->0a7e6056-64a2-4302-b029-255d48a66d7f: receive RaftClientReply:client-FB00420D972B->0a7e6056-64a2-4302-b029-255d48a66d7f@group-1EE0336AADCF, cid=2811, SUCCESS, logIndex=4201, commits[0a7e6056-64a2-4302-b029-255d48a66d7f:c4202, 82c1508e-6289-48e2-a567-a0e29c8b4903:c4198, f63d6ef8-0266-4bf3-bcb1-484cdaae1fbb:c4198]
2019-07-09 20:06:54,190 INFO  client.GrpcClientProtocolClient (GrpcClientProtocolClient.java:onNext(255)) - client-FB00420D972B->0a7e6056-64a2-4302-b029-255d48a66d7f: receive RaftClientReply:client-FB00420D972B->0a7e6056-64a2-4302-b029-255d48a66d7f@group-1EE0336AADCF, cid=2812, SUCCESS, logIndex=4202, commits[0a7e6056-64a2-4302-b029-255d48a66d7f:c4202, 82c1508e-6289-48e2-a567-a0e29c8b4903:c4198, f63d6ef8-0266-4bf3-bcb1-484cdaae1fbb:c4198]
2019-07-09 20:06:54,191 INFO  client.GrpcClientProtocolClient (GrpcClientProtocolClient.java:onNext(255)) - client-FB00420D972B->0a7e6056-64a2-4302-b029-255d48a66d7f: receive RaftClientReply:client-FB00420D972B->0a7e6056-64a2-4302-b029-255d48a66d7f@group-1EE0336AADCF, cid=2813, SUCCESS, logIndex=0, commits[0a7e6056-64a2-4302-b029-255d48a66d7f:c4204, 82c1508e-6289-48e2-a567-a0e29c8b4903:c4200, f63d6ef8-0266-4bf3-bcb1-484cdaae1fbb:c4200]
2019-07-09 20:06:54,227 INFO  client.GrpcClientProtocolClient (GrpcClientProtocolClient.java:onNext(255)) - client-FB00420D972B->0a7e6056-64a2-4302-b029-255d48a66d7f: receive RaftClientReply:client-FB00420D972B->0a7e6056-64a2-4302-b029-255d48a66d7f@group-1EE0336AADCF, cid=2814, SUCCESS, logIndex=4207, commits[0a7e6056-64a2-4302-b029-255d48a66d7f:c4208, 82c1508e-6289-48e2-a567-a0e29c8b4903:c4206, f63d6ef8-0266-4bf3-bcb1-484cdaae1fbb:c4206]
2019-07-09 20:06:54,227 INFO  client.GrpcClientProtocolClient (GrpcClientProtocolClient.java:onNext(255)) - client-FB00420D972B->0a7e6056-64a2-4302-b029-255d48a66d7f: receive RaftClientReply:client-FB00420D972B->0a7e6056-64a2-4302-b029-255d48a66d7f@group-1EE0336AADCF, cid=2815, SUCCESS, logIndex=4208, commits[0a7e6056-64a2-4302-b029-255d48a66d7f:c4208, 82c1508e-6289-48e2-a567-a0e29c8b4903:c4206, f63d6ef8-0266-4bf3-bcb1-484cdaae1fbb:c4206]
2019-07-09 20:06:54,241 INFO  client.GrpcClientProtocolClient (GrpcClientProtocolClient.java:onNext(255)) - client-FB00420D972B->0a7e6056-64a2-4302-b029-255d48a66d7f: receive RaftClientReply:client-FB00420D972B->0a7e6056-64a2-4302-b029-255d48a66d7f@group-1EE0336AADCF, cid=2816, SUCCESS, logIndex=4211, commits[0a7e6056-64a2-4302-b029-255d48a66d7f:c4212, 82c1508e-6289-48e2-a567-a0e29c8b4903:c4207, f63d6ef8-0266-4bf3-bcb1-484cdaae1fbb:c4208]
2019-07-09 20:06:54,241 INFO  client.GrpcClientProtocolClient (GrpcClientProtocolClient.java:onNext(255)) - client-FB00420D972B->0a7e6056-64a2-4302-b029-255d48a66d7f: receive RaftClientReply:client-FB00420D972B->0a7e6056-64a2-4302-b029-255d48a66d7f@group-1EE0336AADCF, cid=2817, SUCCESS, logIndex=4212, commits[0a7e6056-64a2-4302-b029-255d48a66d7f:c4212, 82c1508e-6289-48e2-a567-a0e29c8b4903:c4207, f63d6ef8-0266-4bf3-bcb1-484cdaae1fbb:c4208]
2019-07-09 20:06:54,252 INFO  client.GrpcClientProtocolClient (GrpcClientProtocolClient.java:onNext(255)) - client-FB00420D972B->0a7e6056-64a2-4302-b029-255d48a66d7f: receive RaftClientReply:client-FB00420D972B->0a7e6056-64a2-4302-b029-255d48a66d7f@group-1EE0336AADCF, cid=2818, SUCCESS, logIndex=0, commits[0a7e6056-64a2-4302-b029-255d48a66d7f:c4213, 82c1508e-6289-48e2-a567-a0e29c8b4903:c4208, f63d6ef8-0266-4bf3-bcb1-484cdaae1fbb:c4211]
2019-07-09 20:06:54,253 INFO  client.GrpcClientProtocolClient (GrpcClientProtocolClient.java:onNext(255)) - client-FB00420D972B->0a7e6056-64a2-4302-b029-255d48a66d7f: receive RaftClientReply:client-FB00420D972B->0a7e6056-64a2-4302-b029-255d48a66d7f@group-1EE0336AADCF, cid=2819, SUCCESS, logIndex=0, commits[0a7e6056-64a2-4302-b029-255d48a66d7f:c4214, 82c1508e-6289-48e2-a567-a0e29c8b4903:c4212, f63d6ef8-0266-4bf3-bcb1-484cdaae1fbb:c4212]
2019-07-09 20:06:54,284 INFO  client.GrpcClientProtocolClient (GrpcClientProtocolClient.java:onNext(255)) - client-FB00420D972B->0a7e6056-64a2-4302-b029-255d48a66d7f: receive RaftClientReply:client-FB00420D972B->0a7e6056-64a2-4302-b029-255d48a66d7f@group-1EE0336AADCF, cid=2820, SUCCESS, logIndex=4215, commits[0a7e6056-64a2-4302-b029-255d48a66d7f:c4216, 82c1508e-6289-48e2-a567-a0e29c8b4903:c4214, f63d6ef8-0266-4bf3-bcb1-484cdaae1fbb:c4214]
2019-07-09 20:06:54,285 INFO  client.GrpcClientProtocolClient (GrpcClientProtocolClient.java:onNext(255)) - client-FB00420D972B->0a7e6056-64a2-4302-b029-255d48a66d7f: receive RaftClientReply:client-FB00420D972B->0a7e6056-64a2-4302-b029-255d48a66d7f@group-1EE0336AADCF, cid=2821, SUCCESS, logIndex=4216, commits[0a7e6056-64a2-4302-b029-255d48a66d7f:c4218, 82c1508e-6289-48e2-a567-a0e29c8b4903:c4214, f63d6ef8-0266-4bf3-bcb1-484cdaae1fbb:c4214]
2019-07-09 20:06:54,285 INFO  client.GrpcClientProtocolClient (GrpcClientProtocolClient.java:onNext(255)) - client-FB00420D972B->0a7e6056-64a2-4302-b029-255d48a66d7f: receive RaftClientReply:client-FB00420D972B->0a7e6056-64a2-4302-b029-255d48a66d7f@group-1EE0336AADCF, cid=2822, SUCCESS, logIndex=4217, commits[0a7e6056-64a2-4302-b029-255d48a66d7f:c4218, 82c1508e-6289-48e2-a567-a0e29c8b4903:c4214, f63d6ef8-0266-4bf3-bcb1-484cdaae1fbb:c4214]
2019-07-09 20:06:54,285 INFO  client.GrpcClientProtocolClient (GrpcClientProtocolClient.java:onNext(255)) - client-FB00420D972B->0a7e6056-64a2-4302-b029-255d48a66d7f: receive RaftClientReply:client-FB00420D972B->0a7e6056-64a2-4302-b029-255d48a66d7f@group-1EE0336AADCF, cid=2823, SUCCESS, logIndex=4218, commits[0a7e6056-64a2-4302-b029-255d48a66d7f:c4219, 82c1508e-6289-48e2-a567-a0e29c8b4903:c4214, f63d6ef8-0266-4bf3-bcb1-484cdaae1fbb:c4215]
2019-07-09 20:06:54,286 INFO  client.GrpcClientProtocolClient (GrpcClientProtocolClient.java:onNext(255)) - client-FB00420D972B->0a7e6056-64a2-4302-b029-255d48a66d7f: receive RaftClientReply:client-FB00420D972B->0a7e6056-64a2-4302-b029-255d48a66d7f@group-1EE0336AADCF, cid=2824, SUCCESS, logIndex=0, commits[0a7e6056-64a2-4302-b029-255d48a66d7f:c4220, 82c1508e-6289-48e2-a567-a0e29c8b4903:c4216, f63d6ef8-0266-4bf3-bcb1-484cdaae1fbb:c4217]
2019-07-09 20:06:54,306 INFO  client.GrpcClientProtocolClient (GrpcClientProtocolClient.java:onNext(255)) - client-FB00420D972B->0a7e6056-64a2-4302-b029-255d48a66d7f: receive RaftClientReply:client-FB00420D972B->0a7e6056-64a2-4302-b029-255d48a66d7f@group-1EE0336AADCF, cid=2825, SUCCESS, logIndex=4223, commits[0a7e6056-64a2-4302-b029-255d48a66d7f:c4223, 82c1508e-6289-48e2-a567-a0e29c8b4903:c4222, f63d6ef8-0266-4bf3-bcb1-484cdaae1fbb:c4222]
2019-07-09 20:06:54,307 INFO  client.GrpcClientProtocolClient (GrpcClientProtocolClient.java:onNext(255)) - client-FB00420D972B->0a7e6056-64a2-4302-b029-255d48a66d7f: receive RaftClientReply:client-FB00420D972B->0a7e6056-64a2-4302-b029-255d48a66d7f@group-1EE0336AADCF, cid=2826, SUCCESS, logIndex=4224, commits[0a7e6056-64a2-4302-b029-255d48a66d7f:c4224, 82c1508e-6289-48e2-a567-a0e29c8b4903:c4222, f63d6ef8-0266-4bf3-bcb1-484cdaae1fbb:c4222]
2019-07-09 20:06:54,320 INFO  client.GrpcClientProtocolClient (GrpcClientProtocolClient.java:onNext(255)) - client-FB00420D972B->0a7e6056-64a2-4302-b029-255d48a66d7f: receive RaftClientReply:client-FB00420D972B->0a7e6056-64a2-4302-b029-255d48a66d7f@group-1EE0336AADCF, cid=2827, SUCCESS, logIndex=4227, commits[0a7e6056-64a2-4302-b029-255d48a66d7f:c4228, 82c1508e-6289-48e2-a567-a0e29c8b4903:c4224, f63d6ef8-0266-4bf3-bcb1-484cdaae1fbb:c4224]
2019-07-09 20:06:54,320 INFO  client.GrpcClientProtocolClient (GrpcClientProtocolClient.java:onNext(255)) - client-FB00420D972B->0a7e6056-64a2-4302-b029-255d48a66d7f: receive RaftClientReply:client-FB00420D972B->0a7e6056-64a2-4302-b029-255d48a66d7f@group-1EE0336AADCF, cid=2828, SUCCESS, logIndex=4228, commits[0a7e6056-64a2-4302-b029-255d48a66d7f:c4228, 82c1508e-6289-48e2-a567-a0e29c8b4903:c4224, f63d6ef8-0266-4bf3-bcb1-484cdaae1fbb:c4224]
2019-07-09 20:06:54,333 INFO  client.GrpcClientProtocolClient (GrpcClientProtocolClient.java:onNext(255)) - client-FB00420D972B->0a7e6056-64a2-4302-b029-255d48a66d7f: receive RaftClientReply:client-FB00420D972B->0a7e6056-64a2-4302-b029-255d48a66d7f@group-1EE0336AADCF, cid=2829, SUCCESS, logIndex=0, commits[0a7e6056-64a2-4302-b029-255d48a66d7f:c4229, 82c1508e-6289-48e2-a567-a0e29c8b4903:c4228, f63d6ef8-0266-4bf3-bcb1-484cdaae1fbb:c4228]
2019-07-09 20:06:54,369 INFO  client.GrpcClientProtocolClient (GrpcClientProtocolClient.java:onNext(255)) - client-FB00420D972B->0a7e6056-64a2-4302-b029-255d48a66d7f: receive RaftClientReply:client-FB00420D972B->0a7e6056-64a2-4302-b029-255d48a66d7f@group-1EE0336AADCF, cid=2830, SUCCESS, logIndex=4231, commits[0a7e6056-64a2-4302-b029-255d48a66d7f:c4234, 82c1508e-6289-48e2-a567-a0e29c8b4903:c4230, f63d6ef8-0266-4bf3-bcb1-484cdaae1fbb:c4230]
2019-07-09 20:06:54,370 INFO  client.GrpcClientProtocolClient (GrpcClientProtocolClient.java:onNext(255)) - client-FB00420D972B->0a7e6056-64a2-4302-b029-255d48a66d7f: receive RaftClientReply:client-FB00420D972B->0a7e6056-64a2-4302-b029-255d48a66d7f@group-1EE0336AADCF, cid=2831, SUCCESS, logIndex=4232, commits[0a7e6056-64a2-4302-b029-255d48a66d7f:c4234, 82c1508e-6289-48e2-a567-a0e29c8b4903:c4230, f63d6ef8-0266-4bf3-bcb1-484cdaae1fbb:c4230]
2019-07-09 20:06:54,371 INFO  client.GrpcClientProtocolClient (GrpcClientProtocolClient.java:onNext(255)) - client-FB00420D972B->0a7e6056-64a2-4302-b029-255d48a66d7f: receive RaftClientReply:client-FB00420D972B->0a7e6056-64a2-4302-b029-255d48a66d7f@group-1EE0336AADCF, cid=2832, SUCCESS, logIndex=4233, commits[0a7e6056-64a2-4302-b029-255d48a66d7f:c4234, 82c1508e-6289-48e2-a567-a0e29c8b4903:c4230, f63d6ef8-0266-4bf3-bcb1-484cdaae1fbb:c4230]
2019-07-09 20:06:54,371 INFO  client.GrpcClientProtocolClient (GrpcClientProtocolClient.java:onNext(255)) - client-FB00420D972B->0a7e6056-64a2-4302-b029-255d48a66d7f: receive RaftClientReply:client-FB00420D972B->0a7e6056-64a2-4302-b029-255d48a66d7f@group-1EE0336AADCF, cid=2833, SUCCESS, logIndex=4234, commits[0a7e6056-64a2-4302-b029-255d48a66d7f:c4234, 82c1508e-6289-48e2-a567-a0e29c8b4903:c4230, f63d6ef8-0266-4bf3-bcb1-484cdaae1fbb:c4230]
2019-07-09 20:06:54,381 INFO  client.GrpcClientProtocolClient (GrpcClientProtocolClient.java:onNext(255)) - client-FB00420D972B->0a7e6056-64a2-4302-b029-255d48a66d7f: receive RaftClientReply:client-FB00420D972B->0a7e6056-64a2-4302-b029-255d48a66d7f@group-1EE0336AADCF, cid=2834, SUCCESS, logIndex=0, commits[0a7e6056-64a2-4302-b029-255d48a66d7f:c4237, 82c1508e-6289-48e2-a567-a0e29c8b4903:c4233, f63d6ef8-0266-4bf3-bcb1-484cdaae1fbb:c4232]
2019-07-09 20:06:54,401 INFO  client.GrpcClientProtocolClient (GrpcClientProtocolClient.java:onNext(255)) - client-FB00420D972B->0a7e6056-64a2-4302-b029-255d48a66d7f: receive RaftClientReply:client-FB00420D972B->0a7e6056-64a2-4302-b029-255d48a66d7f@group-1EE0336AADCF, cid=2835, SUCCESS, logIndex=4239, commits[0a7e6056-64a2-4302-b029-255d48a66d7f:c4240, 82c1508e-6289-48e2-a567-a0e29c8b4903:c4238, f63d6ef8-0266-4bf3-bcb1-484cdaae1fbb:c4238]
2019-07-09 20:06:54,402 INFO  client.GrpcClientProtocolClient (GrpcClientProtocolClient.java:onNext(255)) - client-FB00420D972B->0a7e6056-64a2-4302-b029-255d48a66d7f: receive RaftClientReply:client-FB00420D972B->0a7e6056-64a2-4302-b029-255d48a66d7f@group-1EE0336AADCF, cid=2836, SUCCESS, logIndex=4240, commits[0a7e6056-64a2-4302-b029-255d48a66d7f:c4240, 82c1508e-6289-48e2-a567-a0e29c8b4903:c4238, f63d6ef8-0266-4bf3-bcb1-484cdaae1fbb:c4238]
2019-07-09 20:06:54,416 INFO  client.GrpcClientProtocolClient (GrpcClientProtocolClient.java:onNext(255)) - client-FB00420D972B->0a7e6056-64a2-4302-b029-255d48a66d7f: receive RaftClientReply:client-FB00420D972B->0a7e6056-64a2-4302-b029-255d48a66d7f@group-1EE0336AADCF, cid=2837, SUCCESS, logIndex=4243, commits[0a7e6056-64a2-4302-b029-255d48a66d7f:c4244, 82c1508e-6289-48e2-a567-a0e29c8b4903:c4240, f63d6ef8-0266-4bf3-bcb1-484cdaae1fbb:c4240]
2019-07-09 20:06:54,416 INFO  client.GrpcClientProtocolClient (GrpcClientProtocolClient.java:onNext(255)) - client-FB00420D972B->0a7e6056-64a2-4302-b029-255d48a66d7f: receive RaftClientReply:client-FB00420D972B->0a7e6056-64a2-4302-b029-255d48a66d7f@group-1EE0336AADCF, cid=2838, SUCCESS, logIndex=4244, commits[0a7e6056-64a2-4302-b029-255d48a66d7f:c4244, 82c1508e-6289-48e2-a567-a0e29c8b4903:c4240, f63d6ef8-0266-4bf3-bcb1-484cdaae1fbb:c4240]
2019-07-09 20:06:54,427 INFO  client.GrpcClientProtocolClient (GrpcClientProtocolClient.java:onNext(255)) - client-FB00420D972B->0a7e6056-64a2-4302-b029-255d48a66d7f: receive RaftClientReply:client-FB00420D972B->0a7e6056-64a2-4302-b029-255d48a66d7f@group-1EE0336AADCF, cid=2839, SUCCESS, logIndex=0, commits[0a7e6056-64a2-4302-b029-255d48a66d7f:c4245, 82c1508e-6289-48e2-a567-a0e29c8b4903:c4244, f63d6ef8-0266-4bf3-bcb1-484cdaae1fbb:c4244]
2019-07-09 20:06:54,460 INFO  client.GrpcClientProtocolClient (GrpcClientProtocolClient.java:onNext(255)) - client-FB00420D972B->0a7e6056-64a2-4302-b029-255d48a66d7f: receive RaftClientReply:client-FB00420D972B->0a7e6056-64a2-4302-b029-255d48a66d7f@group-1EE0336AADCF, cid=2840, SUCCESS, logIndex=4247, commits[0a7e6056-64a2-4302-b029-255d48a66d7f:c4248, 82c1508e-6289-48e2-a567-a0e29c8b4903:c4246, f63d6ef8-0266-4bf3-bcb1-484cdaae1fbb:c4246]
2019-07-09 20:06:54,460 INFO  client.GrpcClientProtocolClient (GrpcClientProtocolClient.java:onNext(255)) - client-FB00420D972B->0a7e6056-64a2-4302-b029-255d48a66d7f: receive RaftClientReply:client-FB00420D972B->0a7e6056-64a2-4302-b029-255d48a66d7f@group-1EE0336AADCF, cid=2841, SUCCESS, logIndex=4248, commits[0a7e6056-64a2-4302-b029-255d48a66d7f:c4249, 82c1508e-6289-48e2-a567-a0e29c8b4903:c4246, f63d6ef8-0266-4bf3-bcb1-484cdaae1fbb:c4246]
2019-07-09 20:06:54,461 INFO  client.GrpcClientProtocolClient (GrpcClientProtocolClient.java:onNext(255)) - client-FB00420D972B->0a7e6056-64a2-4302-b029-255d48a66d7f: receive RaftClientReply:client-FB00420D972B->0a7e6056-64a2-4302-b029-255d48a66d7f@group-1EE0336AADCF, cid=2842, SUCCESS, logIndex=4249, commits[0a7e6056-64a2-4302-b029-255d48a66d7f:c4250, 82c1508e-6289-48e2-a567-a0e29c8b4903:c4246, f63d6ef8-0266-4bf3-bcb1-484cdaae1fbb:c4246]
2019-07-09 20:06:54,461 INFO  client.GrpcClientProtocolClient (GrpcClientProtocolClient.java:onNext(255)) - client-FB00420D972B->0a7e6056-64a2-4302-b029-255d48a66d7f: receive RaftClientReply:client-FB00420D972B->0a7e6056-64a2-4302-b029-255d48a66d7f@group-1EE0336AADCF, cid=2843, SUCCESS, logIndex=4250, commits[0a7e6056-64a2-4302-b029-255d48a66d7f:c4250, 82c1508e-6289-48e2-a567-a0e29c8b4903:c4246, f63d6ef8-0266-4bf3-bcb1-484cdaae1fbb:c4246]
2019-07-09 20:06:54,462 INFO  client.GrpcClientProtocolClient (GrpcClientProtocolClient.java:onNext(255)) - client-FB00420D972B->0a7e6056-64a2-4302-b029-255d48a66d7f: receive RaftClientReply:client-FB00420D972B->0a7e6056-64a2-4302-b029-255d48a66d7f@group-1EE0336AADCF, cid=2844, SUCCESS, logIndex=0, commits[0a7e6056-64a2-4302-b029-255d48a66d7f:c4253, 82c1508e-6289-48e2-a567-a0e29c8b4903:c4249, f63d6ef8-0266-4bf3-bcb1-484cdaae1fbb:c4248]
2019-07-09 20:06:54,483 INFO  client.GrpcClientProtocolClient (GrpcClientProtocolClient.java:onNext(255)) - client-FB00420D972B->0a7e6056-64a2-4302-b029-255d48a66d7f: receive RaftClientReply:client-FB00420D972B->0a7e6056-64a2-4302-b029-255d48a66d7f@group-1EE0336AADCF, cid=2845, SUCCESS, logIndex=4255, commits[0a7e6056-64a2-4302-b029-255d48a66d7f:c4256, 82c1508e-6289-48e2-a567-a0e29c8b4903:c4254, f63d6ef8-0266-4bf3-bcb1-484cdaae1fbb:c4254]
2019-07-09 20:06:54,484 INFO  client.GrpcClientProtocolClient (GrpcClientProtocolClient.java:onNext(255)) - client-FB00420D972B->0a7e6056-64a2-4302-b029-255d48a66d7f: receive RaftClientReply:client-FB00420D972B->0a7e6056-64a2-4302-b029-255d48a66d7f@group-1EE0336AADCF, cid=2846, SUCCESS, logIndex=4256, commits[0a7e6056-64a2-4302-b029-255d48a66d7f:c4256, 82c1508e-6289-48e2-a567-a0e29c8b4903:c4254, f63d6ef8-0266-4bf3-bcb1-484cdaae1fbb:c4254]
2019-07-09 20:06:54,497 INFO  client.GrpcClientProtocolClient (GrpcClientProtocolClient.java:onNext(255)) - client-FB00420D972B->0a7e6056-64a2-4302-b029-255d48a66d7f: receive RaftClientReply:client-FB00420D972B->0a7e6056-64a2-4302-b029-255d48a66d7f@group-1EE0336AADCF, cid=2847, SUCCESS, logIndex=4259, commits[0a7e6056-64a2-4302-b029-255d48a66d7f:c4260, 82c1508e-6289-48e2-a567-a0e29c8b4903:c4256, f63d6ef8-0266-4bf3-bcb1-484cdaae1fbb:c4256]
2019-07-09 20:06:54,497 INFO  client.GrpcClientProtocolClient (GrpcClientProtocolClient.java:onNext(255)) - client-FB00420D972B->0a7e6056-64a2-4302-b029-255d48a66d7f: receive RaftClientReply:client-FB00420D972B->0a7e6056-64a2-4302-b029-255d48a66d7f@group-1EE0336AADCF, cid=2848, SUCCESS, logIndex=4260, commits[0a7e6056-64a2-4302-b029-255d48a66d7f:c4260, 82c1508e-6289-48e2-a567-a0e29c8b4903:c4256, f63d6ef8-0266-4bf3-bcb1-484cdaae1fbb:c4256]
2019-07-09 20:06:54,510 INFO  client.GrpcClientProtocolClient (GrpcClientProtocolClient.java:onNext(255)) - client-FB00420D972B->0a7e6056-64a2-4302-b029-255d48a66d7f: receive RaftClientReply:client-FB00420D972B->0a7e6056-64a2-4302-b029-255d48a66d7f@group-1EE0336AADCF, cid=2849, SUCCESS, logIndex=0, commits[0a7e6056-64a2-4302-b029-255d48a66d7f:c4262, 82c1508e-6289-48e2-a567-a0e29c8b4903:c4260, f63d6ef8-0266-4bf3-bcb1-484cdaae1fbb:c4260]
2019-07-09 20:06:54,543 INFO  client.GrpcClientProtocolClient (GrpcClientProtocolClient.java:onNext(255)) - client-FB00420D972B->0a7e6056-64a2-4302-b029-255d48a66d7f: receive RaftClientReply:client-FB00420D972B->0a7e6056-64a2-4302-b029-255d48a66d7f@group-1EE0336AADCF, cid=2850, SUCCESS, logIndex=4263, commits[0a7e6056-64a2-4302-b029-255d48a66d7f:c4264, 82c1508e-6289-48e2-a567-a0e29c8b4903:c4262, f63d6ef8-0266-4bf3-bcb1-484cdaae1fbb:c4262]
2019-07-09 20:06:54,543 INFO  client.GrpcClientProtocolClient (GrpcClientProtocolClient.java:onNext(255)) - client-FB00420D972B->0a7e6056-64a2-4302-b029-255d48a66d7f: receive RaftClientReply:client-FB00420D972B->0a7e6056-64a2-4302-b029-255d48a66d7f@group-1EE0336AADCF, cid=2851, SUCCESS, logIndex=4264, commits[0a7e6056-64a2-4302-b029-255d48a66d7f:c4264, 82c1508e-6289-48e2-a567-a0e29c8b4903:c4262, f63d6ef8-0266-4bf3-bcb1-484cdaae1fbb:c4262]
2019-07-09 20:06:54,554 INFO  client.GrpcClientProtocolClient (GrpcClientProtocolClient.java:onNext(255)) - client-FB00420D972B->0a7e6056-64a2-4302-b029-255d48a66d7f: receive RaftClientReply:client-FB00420D972B->0a7e6056-64a2-4302-b029-255d48a66d7f@group-1EE0336AADCF, cid=2852, SUCCESS, logIndex=4265, commits[0a7e6056-64a2-4302-b029-255d48a66d7f:c4266, 82c1508e-6289-48e2-a567-a0e29c8b4903:c4262, f63d6ef8-0266-4bf3-bcb1-484cdaae1fbb:c4262]
2019-07-09 20:06:54,555 INFO  client.GrpcClientProtocolClient (GrpcClientProtocolClient.java:onNext(255)) - client-FB00420D972B->0a7e6056-64a2-4302-b029-255d48a66d7f: receive RaftClientReply:client-FB00420D972B->0a7e6056-64a2-4302-b029-255d48a66d7f@group-1EE0336AADCF, cid=2853, SUCCESS, logIndex=4266, commits[0a7e6056-64a2-4302-b029-255d48a66d7f:c4266, 82c1508e-6289-48e2-a567-a0e29c8b4903:c4262, f63d6ef8-0266-4bf3-bcb1-484cdaae1fbb:c4262]
2019-07-09 20:06:54,556 INFO  client.GrpcClientProtocolClient (GrpcClientProtocolClient.java:onNext(255)) - client-FB00420D972B->0a7e6056-64a2-4302-b029-255d48a66d7f: receive RaftClientReply:client-FB00420D972B->0a7e6056-64a2-4302-b029-255d48a66d7f@group-1EE0336AADCF, cid=2854, SUCCESS, logIndex=0, commits[0a7e6056-64a2-4302-b029-255d48a66d7f:c4270, 82c1508e-6289-48e2-a567-a0e29c8b4903:c4264, f63d6ef8-0266-4bf3-bcb1-484cdaae1fbb:c4266]
2019-07-09 20:06:54,569 INFO  client.GrpcClientProtocolClient (GrpcClientProtocolClient.java:onNext(255)) - client-FB00420D972B->0a7e6056-64a2-4302-b029-255d48a66d7f: receive RaftClientReply:client-FB00420D972B->0a7e6056-64a2-4302-b029-255d48a66d7f@group-1EE0336AADCF, cid=2855, SUCCESS, logIndex=4271, commits[0a7e6056-64a2-4302-b029-255d48a66d7f:c4272, 82c1508e-6289-48e2-a567-a0e29c8b4903:c4266, f63d6ef8-0266-4bf3-bcb1-484cdaae1fbb:c4270]
2019-07-09 20:06:54,569 INFO  client.GrpcClientProtocolClient (GrpcClientProtocolClient.java:onNext(255)) - client-FB00420D972B->0a7e6056-64a2-4302-b029-255d48a66d7f: receive RaftClientReply:client-FB00420D972B->0a7e6056-64a2-4302-b029-255d48a66d7f@group-1EE0336AADCF, cid=2856, SUCCESS, logIndex=4272, commits[0a7e6056-64a2-4302-b029-255d48a66d7f:c4272, 82c1508e-6289-48e2-a567-a0e29c8b4903:c4270, f63d6ef8-0266-4bf3-bcb1-484cdaae1fbb:c4270]
2019-07-09 20:06:54,696 INFO  client.GrpcClientProtocolClient (GrpcClientProtocolClient.java:onNext(255)) - client-FB00420D972B->0a7e6056-64a2-4302-b029-255d48a66d7f: receive RaftClientReply:client-FB00420D972B->0a7e6056-64a2-4302-b029-255d48a66d7f@group-1EE0336AADCF, cid=2857, SUCCESS, logIndex=4275, commits[0a7e6056-64a2-4302-b029-255d48a66d7f:c4276, 82c1508e-6289-48e2-a567-a0e29c8b4903:c4274, f63d6ef8-0266-4bf3-bcb1-484cdaae1fbb:c4274]
2019-07-09 20:06:54,696 INFO  client.GrpcClientProtocolClient (GrpcClientProtocolClient.java:onNext(255)) - client-FB00420D972B->0a7e6056-64a2-4302-b029-255d48a66d7f: receive RaftClientReply:client-FB00420D972B->0a7e6056-64a2-4302-b029-255d48a66d7f@group-1EE0336AADCF, cid=2858, SUCCESS, logIndex=4276, commits[0a7e6056-64a2-4302-b029-255d48a66d7f:c4276, 82c1508e-6289-48e2-a567-a0e29c8b4903:c4274, f63d6ef8-0266-4bf3-bcb1-484cdaae1fbb:c4274]
2019-07-09 20:06:54,707 INFO  client.GrpcClientProtocolClient (GrpcClientProtocolClient.java:onNext(255)) - client-FB00420D972B->0a7e6056-64a2-4302-b029-255d48a66d7f: receive RaftClientReply:client-FB00420D972B->0a7e6056-64a2-4302-b029-255d48a66d7f@group-1EE0336AADCF, cid=2859, SUCCESS, logIndex=0, commits[0a7e6056-64a2-4302-b029-255d48a66d7f:c4277, 82c1508e-6289-48e2-a567-a0e29c8b4903:c4276, f63d6ef8-0266-4bf3-bcb1-484cdaae1fbb:c4276]
2019-07-09 20:06:54,739 INFO  client.GrpcClientProtocolClient (GrpcClientProtocolClient.java:onNext(255)) - client-FB00420D972B->0a7e6056-64a2-4302-b029-255d48a66d7f: receive RaftClientReply:client-FB00420D972B->0a7e6056-64a2-4302-b029-255d48a66d7f@group-1EE0336AADCF, cid=2860, SUCCESS, logIndex=4279, commits[0a7e6056-64a2-4302-b029-255d48a66d7f:c4280, 82c1508e-6289-48e2-a567-a0e29c8b4903:c4278, f63d6ef8-0266-4bf3-bcb1-484cdaae1fbb:c4278]
2019-07-09 20:06:54,739 INFO  client.GrpcClientProtocolClient (GrpcClientProtocolClient.java:onNext(255)) - client-FB00420D972B->0a7e6056-64a2-4302-b029-255d48a66d7f: receive RaftClientReply:client-FB00420D972B->0a7e6056-64a2-4302-b029-255d48a66d7f@group-1EE0336AADCF, cid=2861, SUCCESS, logIndex=4280, commits[0a7e6056-64a2-4302-b029-255d48a66d7f:c4282, 82c1508e-6289-48e2-a567-a0e29c8b4903:c4278, f63d6ef8-0266-4bf3-bcb1-484cdaae1fbb:c4278]
2019-07-09 20:06:54,740 INFO  client.GrpcClientProtocolClient (GrpcClientProtocolClient.java:onNext(255)) - client-FB00420D972B->0a7e6056-64a2-4302-b029-255d48a66d7f: receive RaftClientReply:client-FB00420D972B->0a7e6056-64a2-4302-b029-255d48a66d7f@group-1EE0336AADCF, cid=2862, SUCCESS, logIndex=4281, commits[0a7e6056-64a2-4302-b029-255d48a66d7f:c4282, 82c1508e-6289-48e2-a567-a0e29c8b4903:c4278, f63d6ef8-0266-4bf3-bcb1-484cdaae1fbb:c4278]
2019-07-09 20:06:54,740 INFO  client.GrpcClientProtocolClient (GrpcClientProtocolClient.java:onNext(255)) - client-FB00420D972B->0a7e6056-64a2-4302-b029-255d48a66d7f: receive RaftClientReply:client-FB00420D972B->0a7e6056-64a2-4302-b029-255d48a66d7f@group-1EE0336AADCF, cid=2863, SUCCESS, logIndex=4282, commits[0a7e6056-64a2-4302-b029-255d48a66d7f:c4283, 82c1508e-6289-48e2-a567-a0e29c8b4903:c4278, f63d6ef8-0266-4bf3-bcb1-484cdaae1fbb:c4279]
2019-07-09 20:06:54,741 INFO  client.GrpcClientProtocolClient (GrpcClientProtocolClient.java:onNext(255)) - client-FB00420D972B->0a7e6056-64a2-4302-b029-255d48a66d7f: receive RaftClientReply:client-FB00420D972B->0a7e6056-64a2-4302-b029-255d48a66d7f@group-1EE0336AADCF, cid=2864, SUCCESS, logIndex=0, commits[0a7e6056-64a2-4302-b029-255d48a66d7f:c4284, 82c1508e-6289-48e2-a567-a0e29c8b4903:c4282, f63d6ef8-0266-4bf3-bcb1-484cdaae1fbb:c4280]
2019-07-09 20:06:54,765 INFO  client.GrpcClientProtocolClient (GrpcClientProtocolClient.java:onNext(255)) - client-FB00420D972B->0a7e6056-64a2-4302-b029-255d48a66d7f: receive RaftClientReply:client-FB00420D972B->0a7e6056-64a2-4302-b029-255d48a66d7f@group-1EE0336AADCF, cid=2865, SUCCESS, logIndex=4287, commits[0a7e6056-64a2-4302-b029-255d48a66d7f:c4288, 82c1508e-6289-48e2-a567-a0e29c8b4903:c4286, f63d6ef8-0266-4bf3-bcb1-484cdaae1fbb:c4286]
2019-07-09 20:06:54,765 INFO  client.GrpcClientProtocolClient (GrpcClientProtocolClient.java:onNext(255)) - client-FB00420D972B->0a7e6056-64a2-4302-b029-255d48a66d7f: receive RaftClientReply:client-FB00420D972B->0a7e6056-64a2-4302-b029-255d48a66d7f@group-1EE0336AADCF, cid=2866, SUCCESS, logIndex=4288, commits[0a7e6056-64a2-4302-b029-255d48a66d7f:c4288, 82c1508e-6289-48e2-a567-a0e29c8b4903:c4286, f63d6ef8-0266-4bf3-bcb1-484cdaae1fbb:c4286]
2019-07-09 20:06:54,779 INFO  client.GrpcClientProtocolClient (GrpcClientProtocolClient.java:onNext(255)) - client-FB00420D972B->0a7e6056-64a2-4302-b029-255d48a66d7f: receive RaftClientReply:client-FB00420D972B->0a7e6056-64a2-4302-b029-255d48a66d7f@group-1EE0336AADCF, cid=2867, SUCCESS, logIndex=4291, commits[0a7e6056-64a2-4302-b029-255d48a66d7f:c4291, 82c1508e-6289-48e2-a567-a0e29c8b4903:c4288, f63d6ef8-0266-4bf3-bcb1-484cdaae1fbb:c4288]
2019-07-09 20:06:54,779 INFO  client.GrpcClientProtocolClient (GrpcClientProtocolClient.java:onNext(255)) - client-FB00420D972B->0a7e6056-64a2-4302-b029-255d48a66d7f: receive RaftClientReply:client-FB00420D972B->0a7e6056-64a2-4302-b029-255d48a66d7f@group-1EE0336AADCF, cid=2868, SUCCESS, logIndex=4292, commits[0a7e6056-64a2-4302-b029-255d48a66d7f:c4292, 82c1508e-6289-48e2-a567-a0e29c8b4903:c4288, f63d6ef8-0266-4bf3-bcb1-484cdaae1fbb:c4288]
2019-07-09 20:06:54,792 INFO  client.GrpcClientProtocolClient (GrpcClientProtocolClient.java:onNext(255)) - client-FB00420D972B->0a7e6056-64a2-4302-b029-255d48a66d7f: receive RaftClientReply:client-FB00420D972B->0a7e6056-64a2-4302-b029-255d48a66d7f@group-1EE0336AADCF, cid=2869, SUCCESS, logIndex=0, commits[0a7e6056-64a2-4302-b029-255d48a66d7f:c4294, 82c1508e-6289-48e2-a567-a0e29c8b4903:c4292, f63d6ef8-0266-4bf3-bcb1-484cdaae1fbb:c4292]
2019-07-09 20:06:54,820 INFO  client.GrpcClientProtocolClient (GrpcClientProtocolClient.java:onNext(255)) - client-FB00420D972B->0a7e6056-64a2-4302-b029-255d48a66d7f: receive RaftClientReply:client-FB00420D972B->0a7e6056-64a2-4302-b029-255d48a66d7f@group-1EE0336AADCF, cid=2870, SUCCESS, logIndex=4295, commits[0a7e6056-64a2-4302-b029-255d48a66d7f:c4296, 82c1508e-6289-48e2-a567-a0e29c8b4903:c4294, f63d6ef8-0266-4bf3-bcb1-484cdaae1fbb:c4294]
2019-07-09 20:06:54,821 INFO  client.GrpcClientProtocolClient (GrpcClientProtocolClient.java:onNext(255)) - client-FB00420D972B->0a7e6056-64a2-4302-b029-255d48a66d7f: receive RaftClientReply:client-FB00420D972B->0a7e6056-64a2-4302-b029-255d48a66d7f@group-1EE0336AADCF, cid=2871, SUCCESS, logIndex=4296, commits[0a7e6056-64a2-4302-b029-255d48a66d7f:c4298, 82c1508e-6289-48e2-a567-a0e29c8b4903:c4294, f63d6ef8-0266-4bf3-bcb1-484cdaae1fbb:c4294]
2019-07-09 20:06:54,821 INFO  client.GrpcClientProtocolClient (GrpcClientProtocolClient.java:onNext(255)) - client-FB00420D972B->0a7e6056-64a2-4302-b029-255d48a66d7f: receive RaftClientReply:client-FB00420D972B->0a7e6056-64a2-4302-b029-255d48a66d7f@group-1EE0336AADCF, cid=2872, SUCCESS, logIndex=4297, commits[0a7e6056-64a2-4302-b029-255d48a66d7f:c4298, 82c1508e-6289-48e2-a567-a0e29c8b4903:c4294, f63d6ef8-0266-4bf3-bcb1-484cdaae1fbb:c4294]
2019-07-09 20:06:54,821 INFO  client.GrpcClientProtocolClient (GrpcClientProtocolClient.java:onNext(255)) - client-FB00420D972B->0a7e6056-64a2-4302-b029-255d48a66d7f: receive RaftClientReply:client-FB00420D972B->0a7e6056-64a2-4302-b029-255d48a66d7f@group-1EE0336AADCF, cid=2873, SUCCESS, logIndex=4298, commits[0a7e6056-64a2-4302-b029-255d48a66d7f:c4299, 82c1508e-6289-48e2-a567-a0e29c8b4903:c4296, f63d6ef8-0266-4bf3-bcb1-484cdaae1fbb:c4294]
2019-07-09 20:06:54,822 INFO  client.GrpcClientProtocolClient (GrpcClientProtocolClient.java:onNext(255)) - client-FB00420D972B->0a7e6056-64a2-4302-b029-255d48a66d7f: receive RaftClientReply:client-FB00420D972B->0a7e6056-64a2-4302-b029-255d48a66d7f@group-1EE0336AADCF, cid=2874, SUCCESS, logIndex=0, commits[0a7e6056-64a2-4302-b029-255d48a66d7f:c4301, 82c1508e-6289-48e2-a567-a0e29c8b4903:c4298, f63d6ef8-0266-4bf3-bcb1-484cdaae1fbb:c4296]
 0.00% |█                                                                                                    |  0/1 Time: 0:00:262019-07-09 20:06:54,842 INFO  client.GrpcClientProtocolClient (GrpcClientProtocolClient.java:onNext(255)) - client-FB00420D972B->0a7e6056-64a2-4302-b029-255d48a66d7f: receive RaftClientReply:client-FB00420D972B->0a7e6056-64a2-4302-b029-255d48a66d7f@group-1EE0336AADCF, cid=2875, SUCCESS, logIndex=4303, commits[0a7e6056-64a2-4302-b029-255d48a66d7f:c4304, 82c1508e-6289-48e2-a567-a0e29c8b4903:c4302, f63d6ef8-0266-4bf3-bcb1-484cdaae1fbb:c4302]
2019-07-09 20:06:54,842 INFO  client.GrpcClientProtocolClient (GrpcClientProtocolClient.java:onNext(255)) - client-FB00420D972B->0a7e6056-64a2-4302-b029-255d48a66d7f: receive RaftClientReply:client-FB00420D972B->0a7e6056-64a2-4302-b029-255d48a66d7f@group-1EE0336AADCF, cid=2876, SUCCESS, logIndex=4304, commits[0a7e6056-64a2-4302-b029-255d48a66d7f:c4304, 82c1508e-6289-48e2-a567-a0e29c8b4903:c4302, f63d6ef8-0266-4bf3-bcb1-484cdaae1fbb:c4302]
2019-07-09 20:06:54,866 INFO  client.GrpcClientProtocolClient (GrpcClientProtocolClient.java:onNext(255)) - client-FB00420D972B->0a7e6056-64a2-4302-b029-255d48a66d7f: receive RaftClientReply:client-FB00420D972B->0a7e6056-64a2-4302-b029-255d48a66d7f@group-1EE0336AADCF, cid=2877, SUCCESS, logIndex=4307, commits[0a7e6056-64a2-4302-b029-255d48a66d7f:c4308, 82c1508e-6289-48e2-a567-a0e29c8b4903:c4304, f63d6ef8-0266-4bf3-bcb1-484cdaae1fbb:c4304]
2019-07-09 20:06:54,866 INFO  client.GrpcClientProtocolClient (GrpcClientProtocolClient.java:onNext(255)) - client-FB00420D972B->0a7e6056-64a2-4302-b029-255d48a66d7f: receive RaftClientReply:client-FB00420D972B->0a7e6056-64a2-4302-b029-255d48a66d7f@group-1EE0336AADCF, cid=2878, SUCCESS, logIndex=4308, commits[0a7e6056-64a2-4302-b029-255d48a66d7f:c4308, 82c1508e-6289-48e2-a567-a0e29c8b4903:c4304, f63d6ef8-0266-4bf3-bcb1-484cdaae1fbb:c4304]
2019-07-09 20:06:54,879 INFO  client.GrpcClientProtocolClient (GrpcClientProtocolClient.java:onNext(255)) - client-FB00420D972B->0a7e6056-64a2-4302-b029-255d48a66d7f: receive RaftClientReply:client-FB00420D972B->0a7e6056-64a2-4302-b029-255d48a66d7f@group-1EE0336AADCF, cid=2879, SUCCESS, logIndex=0, commits[0a7e6056-64a2-4302-b029-255d48a66d7f:c4310, 82c1508e-6289-48e2-a567-a0e29c8b4903:c4308, f63d6ef8-0266-4bf3-bcb1-484cdaae1fbb:c4308]
2019-07-09 20:06:54,910 INFO  client.GrpcClientProtocolClient (GrpcClientProtocolClient.java:onNext(255)) - client-FB00420D972B->0a7e6056-64a2-4302-b029-255d48a66d7f: receive RaftClientReply:client-FB00420D972B->0a7e6056-64a2-4302-b029-255d48a66d7f@group-1EE0336AADCF, cid=2880, SUCCESS, logIndex=4311, commits[0a7e6056-64a2-4302-b029-255d48a66d7f:c4312, 82c1508e-6289-48e2-a567-a0e29c8b4903:c4310, f63d6ef8-0266-4bf3-bcb1-484cdaae1fbb:c4310]
2019-07-09 20:06:54,910 INFO  client.GrpcClientProtocolClient (GrpcClientProtocolClient.java:onNext(255)) - client-FB00420D972B->0a7e6056-64a2-4302-b029-255d48a66d7f: receive RaftClientReply:client-FB00420D972B->0a7e6056-64a2-4302-b029-255d48a66d7f@group-1EE0336AADCF, cid=2881, SUCCESS, logIndex=4312, commits[0a7e6056-64a2-4302-b029-255d48a66d7f:c4312, 82c1508e-6289-48e2-a567-a0e29c8b4903:c4310, f63d6ef8-0266-4bf3-bcb1-484cdaae1fbb:c4310]
2019-07-09 20:06:54,921 INFO  client.GrpcClientProtocolClient (GrpcClientProtocolClient.java:onNext(255)) - client-FB00420D972B->0a7e6056-64a2-4302-b029-255d48a66d7f: receive RaftClientReply:client-FB00420D972B->0a7e6056-64a2-4302-b029-255d48a66d7f@group-1EE0336AADCF, cid=2882, SUCCESS, logIndex=4313, commits[0a7e6056-64a2-4302-b029-255d48a66d7f:c4314, 82c1508e-6289-48e2-a567-a0e29c8b4903:c4310, f63d6ef8-0266-4bf3-bcb1-484cdaae1fbb:c4310]
2019-07-09 20:06:54,921 INFO  client.GrpcClientProtocolClient (GrpcClientProtocolClient.java:onNext(255)) - client-FB00420D972B->0a7e6056-64a2-4302-b029-255d48a66d7f: receive RaftClientReply:client-FB00420D972B->0a7e6056-64a2-4302-b029-255d48a66d7f@group-1EE0336AADCF, cid=2883, SUCCESS, logIndex=4314, commits[0a7e6056-64a2-4302-b029-255d48a66d7f:c4314, 82c1508e-6289-48e2-a567-a0e29c8b4903:c4310, f63d6ef8-0266-4bf3-bcb1-484cdaae1fbb:c4310]
2019-07-09 20:06:54,923 INFO  client.GrpcClientProtocolClient (GrpcClientProtocolClient.java:onNext(255)) - client-FB00420D972B->0a7e6056-64a2-4302-b029-255d48a66d7f: receive RaftClientReply:client-FB00420D972B->0a7e6056-64a2-4302-b029-255d48a66d7f@group-1EE0336AADCF, cid=2884, SUCCESS, logIndex=0, commits[0a7e6056-64a2-4302-b029-255d48a66d7f:c4317, 82c1508e-6289-48e2-a567-a0e29c8b4903:c4312, f63d6ef8-0266-4bf3-bcb1-484cdaae1fbb:c4314]
2019-07-09 20:06:54,944 INFO  client.GrpcClientProtocolClient (GrpcClientProtocolClient.java:onNext(255)) - client-FB00420D972B->0a7e6056-64a2-4302-b029-255d48a66d7f: receive RaftClientReply:client-FB00420D972B->0a7e6056-64a2-4302-b029-255d48a66d7f@group-1EE0336AADCF, cid=2885, SUCCESS, logIndex=4319, commits[0a7e6056-64a2-4302-b029-255d48a66d7f:c4320, 82c1508e-6289-48e2-a567-a0e29c8b4903:c4318, f63d6ef8-0266-4bf3-bcb1-484cdaae1fbb:c4318]
2019-07-09 20:06:54,945 INFO  client.GrpcClientProtocolClient (GrpcClientProtocolClient.java:onNext(255)) - client-FB00420D972B->0a7e6056-64a2-4302-b029-255d48a66d7f: receive RaftClientReply:client-FB00420D972B->0a7e6056-64a2-4302-b029-255d48a66d7f@group-1EE0336AADCF, cid=2886, SUCCESS, logIndex=4320, commits[0a7e6056-64a2-4302-b029-255d48a66d7f:c4320, 82c1508e-6289-48e2-a567-a0e29c8b4903:c4318, f63d6ef8-0266-4bf3-bcb1-484cdaae1fbb:c4318]
2019-07-09 20:06:54,958 INFO  client.GrpcClientProtocolClient (GrpcClientProtocolClient.java:onNext(255)) - client-FB00420D972B->0a7e6056-64a2-4302-b029-255d48a66d7f: receive RaftClientReply:client-FB00420D972B->0a7e6056-64a2-4302-b029-255d48a66d7f@group-1EE0336AADCF, cid=2887, SUCCESS, logIndex=4323, commits[0a7e6056-64a2-4302-b029-255d48a66d7f:c4324, 82c1508e-6289-48e2-a567-a0e29c8b4903:c4320, f63d6ef8-0266-4bf3-bcb1-484cdaae1fbb:c4320]
2019-07-09 20:06:54,958 INFO  client.GrpcClientProtocolClient (GrpcClientProtocolClient.java:onNext(255)) - client-FB00420D972B->0a7e6056-64a2-4302-b029-255d48a66d7f: receive RaftClientReply:client-FB00420D972B->0a7e6056-64a2-4302-b029-255d48a66d7f@group-1EE0336AADCF, cid=2888, SUCCESS, logIndex=4324, commits[0a7e6056-64a2-4302-b029-255d48a66d7f:c4324, 82c1508e-6289-48e2-a567-a0e29c8b4903:c4320, f63d6ef8-0266-4bf3-bcb1-484cdaae1fbb:c4320]
2019-07-09 20:06:54,971 INFO  client.GrpcClientProtocolClient (GrpcClientProtocolClient.java:onNext(255)) - client-FB00420D972B->0a7e6056-64a2-4302-b029-255d48a66d7f: receive RaftClientReply:client-FB00420D972B->0a7e6056-64a2-4302-b029-255d48a66d7f@group-1EE0336AADCF, cid=2889, SUCCESS, logIndex=0, commits[0a7e6056-64a2-4302-b029-255d48a66d7f:c4326, 82c1508e-6289-48e2-a567-a0e29c8b4903:c4324, f63d6ef8-0266-4bf3-bcb1-484cdaae1fbb:c4324]
2019-07-09 20:06:55,000 INFO  client.GrpcClientProtocolClient (GrpcClientProtocolClient.java:onNext(255)) - client-FB00420D972B->0a7e6056-64a2-4302-b029-255d48a66d7f: receive RaftClientReply:client-FB00420D972B->0a7e6056-64a2-4302-b029-255d48a66d7f@group-1EE0336AADCF, cid=2890, SUCCESS, logIndex=4327, commits[0a7e6056-64a2-4302-b029-255d48a66d7f:c4328, 82c1508e-6289-48e2-a567-a0e29c8b4903:c4326, f63d6ef8-0266-4bf3-bcb1-484cdaae1fbb:c4326]
2019-07-09 20:06:55,001 INFO  client.GrpcClientProtocolClient (GrpcClientProtocolClient.java:onNext(255)) - client-FB00420D972B->0a7e6056-64a2-4302-b029-255d48a66d7f: receive RaftClientReply:client-FB00420D972B->0a7e6056-64a2-4302-b029-255d48a66d7f@group-1EE0336AADCF, cid=2891, SUCCESS, logIndex=4328, commits[0a7e6056-64a2-4302-b029-255d48a66d7f:c4328, 82c1508e-6289-48e2-a567-a0e29c8b4903:c4326, f63d6ef8-0266-4bf3-bcb1-484cdaae1fbb:c4326]
2019-07-09 20:06:55,001 INFO  client.GrpcClientProtocolClient (GrpcClientProtocolClient.java:onNext(255)) - client-FB00420D972B->0a7e6056-64a2-4302-b029-255d48a66d7f: receive RaftClientReply:client-FB00420D972B->0a7e6056-64a2-4302-b029-255d48a66d7f@group-1EE0336AADCF, cid=2892, SUCCESS, logIndex=4329, commits[0a7e6056-64a2-4302-b029-255d48a66d7f:c4330, 82c1508e-6289-48e2-a567-a0e29c8b4903:c4326, f63d6ef8-0266-4bf3-bcb1-484cdaae1fbb:c4326]
2019-07-09 20:06:55,001 INFO  client.GrpcClientProtocolClient (GrpcClientProtocolClient.java:onNext(255)) - client-FB00420D972B->0a7e6056-64a2-4302-b029-255d48a66d7f: receive RaftClientReply:client-FB00420D972B->0a7e6056-64a2-4302-b029-255d48a66d7f@group-1EE0336AADCF, cid=2893, SUCCESS, logIndex=4330, commits[0a7e6056-64a2-4302-b029-255d48a66d7f:c4330, 82c1508e-6289-48e2-a567-a0e29c8b4903:c4326, f63d6ef8-0266-4bf3-bcb1-484cdaae1fbb:c4326]
2019-07-09 20:06:55,003 INFO  client.GrpcClientProtocolClient (GrpcClientProtocolClient.java:onNext(255)) - client-FB00420D972B->0a7e6056-64a2-4302-b029-255d48a66d7f: receive RaftClientReply:client-FB00420D972B->0a7e6056-64a2-4302-b029-255d48a66d7f@group-1EE0336AADCF, cid=2894, SUCCESS, logIndex=0, commits[0a7e6056-64a2-4302-b029-255d48a66d7f:c4334, 82c1508e-6289-48e2-a567-a0e29c8b4903:c4328, f63d6ef8-0266-4bf3-bcb1-484cdaae1fbb:c4330]
2019-07-09 20:06:55,024 INFO  client.GrpcClientProtocolClient (GrpcClientProtocolClient.java:onNext(255)) - client-FB00420D972B->0a7e6056-64a2-4302-b029-255d48a66d7f: receive RaftClientReply:client-FB00420D972B->0a7e6056-64a2-4302-b029-255d48a66d7f@group-1EE0336AADCF, cid=2895, SUCCESS, logIndex=4335, commits[0a7e6056-64a2-4302-b029-255d48a66d7f:c4336, 82c1508e-6289-48e2-a567-a0e29c8b4903:c4334, f63d6ef8-0266-4bf3-bcb1-484cdaae1fbb:c4334]
2019-07-09 20:06:55,024 INFO  client.GrpcClientProtocolClient (GrpcClientProtocolClient.java:onNext(255)) - client-FB00420D972B->0a7e6056-64a2-4302-b029-255d48a66d7f: receive RaftClientReply:client-FB00420D972B->0a7e6056-64a2-4302-b029-255d48a66d7f@group-1EE0336AADCF, cid=2896, SUCCESS, logIndex=4336, commits[0a7e6056-64a2-4302-b029-255d48a66d7f:c4336, 82c1508e-6289-48e2-a567-a0e29c8b4903:c4334, f63d6ef8-0266-4bf3-bcb1-484cdaae1fbb:c4334]
2019-07-09 20:06:55,037 INFO  client.GrpcClientProtocolClient (GrpcClientProtocolClient.java:onNext(255)) - client-FB00420D972B->0a7e6056-64a2-4302-b029-255d48a66d7f: receive RaftClientReply:client-FB00420D972B->0a7e6056-64a2-4302-b029-255d48a66d7f@group-1EE0336AADCF, cid=2897, SUCCESS, logIndex=4339, commits[0a7e6056-64a2-4302-b029-255d48a66d7f:c4339, 82c1508e-6289-48e2-a567-a0e29c8b4903:c4336, f63d6ef8-0266-4bf3-bcb1-484cdaae1fbb:c4336]
2019-07-09 20:06:55,037 INFO  client.GrpcClientProtocolClient (GrpcClientProtocolClient.java:onNext(255)) - client-FB00420D972B->0a7e6056-64a2-4302-b029-255d48a66d7f: receive RaftClientReply:client-FB00420D972B->0a7e6056-64a2-4302-b029-255d48a66d7f@group-1EE0336AADCF, cid=2898, SUCCESS, logIndex=4340, commits[0a7e6056-64a2-4302-b029-255d48a66d7f:c4340, 82c1508e-6289-48e2-a567-a0e29c8b4903:c4336, f63d6ef8-0266-4bf3-bcb1-484cdaae1fbb:c4336]
2019-07-09 20:06:55,049 INFO  client.GrpcClientProtocolClient (GrpcClientProtocolClient.java:onNext(255)) - client-FB00420D972B->0a7e6056-64a2-4302-b029-255d48a66d7f: receive RaftClientReply:client-FB00420D972B->0a7e6056-64a2-4302-b029-255d48a66d7f@group-1EE0336AADCF, cid=2899, SUCCESS, logIndex=0, commits[0a7e6056-64a2-4302-b029-255d48a66d7f:c4342, 82c1508e-6289-48e2-a567-a0e29c8b4903:c4340, f63d6ef8-0266-4bf3-bcb1-484cdaae1fbb:c4340]
2019-07-09 20:06:55,081 INFO  client.GrpcClientProtocolClient (GrpcClientProtocolClient.java:onNext(255)) - client-FB00420D972B->0a7e6056-64a2-4302-b029-255d48a66d7f: receive RaftClientReply:client-FB00420D972B->0a7e6056-64a2-4302-b029-255d48a66d7f@group-1EE0336AADCF, cid=2900, SUCCESS, logIndex=4343, commits[0a7e6056-64a2-4302-b029-255d48a66d7f:c4344, 82c1508e-6289-48e2-a567-a0e29c8b4903:c4342, f63d6ef8-0266-4bf3-bcb1-484cdaae1fbb:c4342]
2019-07-09 20:06:55,081 INFO  client.GrpcClientProtocolClient (GrpcClientProtocolClient.java:onNext(255)) - client-FB00420D972B->0a7e6056-64a2-4302-b029-255d48a66d7f: receive RaftClientReply:client-FB00420D972B->0a7e6056-64a2-4302-b029-255d48a66d7f@group-1EE0336AADCF, cid=2901, SUCCESS, logIndex=4344, commits[0a7e6056-64a2-4302-b029-255d48a66d7f:c4346, 82c1508e-6289-48e2-a567-a0e29c8b4903:c4342, f63d6ef8-0266-4bf3-bcb1-484cdaae1fbb:c4342]
2019-07-09 20:06:55,082 INFO  client.GrpcClientProtocolClient (GrpcClientProtocolClient.java:onNext(255)) - client-FB00420D972B->0a7e6056-64a2-4302-b029-255d48a66d7f: receive RaftClientReply:client-FB00420D972B->0a7e6056-64a2-4302-b029-255d48a66d7f@group-1EE0336AADCF, cid=2902, SUCCESS, logIndex=4345, commits[0a7e6056-64a2-4302-b029-255d48a66d7f:c4346, 82c1508e-6289-48e2-a567-a0e29c8b4903:c4342, f63d6ef8-0266-4bf3-bcb1-484cdaae1fbb:c4342]
2019-07-09 20:06:55,083 INFO  client.GrpcClientProtocolClient (GrpcClientProtocolClient.java:onNext(255)) - client-FB00420D972B->0a7e6056-64a2-4302-b029-255d48a66d7f: receive RaftClientReply:client-FB00420D972B->0a7e6056-64a2-4302-b029-255d48a66d7f@group-1EE0336AADCF, cid=2903, SUCCESS, logIndex=4346, commits[0a7e6056-64a2-4302-b029-255d48a66d7f:c4348, 82c1508e-6289-48e2-a567-a0e29c8b4903:c4344, f63d6ef8-0266-4bf3-bcb1-484cdaae1fbb:c4344]
2019-07-09 20:06:55,127 INFO  client.GrpcClientProtocolClient (GrpcClientProtocolClient.java:onNext(255)) - client-FB00420D972B->0a7e6056-64a2-4302-b029-255d48a66d7f: receive RaftClientReply:client-FB00420D972B->0a7e6056-64a2-4302-b029-255d48a66d7f@group-1EE0336AADCF, cid=2904, SUCCESS, logIndex=4351, commits[0a7e6056-64a2-4302-b029-255d48a66d7f:c4352, 82c1508e-6289-48e2-a567-a0e29c8b4903:c4346, f63d6ef8-0266-4bf3-bcb1-484cdaae1fbb:c4348]
2019-07-09 20:06:55,127 INFO  client.GrpcClientProtocolClient (GrpcClientProtocolClient.java:onNext(255)) - client-FB00420D972B->0a7e6056-64a2-4302-b029-255d48a66d7f: receive RaftClientReply:client-FB00420D972B->0a7e6056-64a2-4302-b029-255d48a66d7f@group-1EE0336AADCF, cid=2905, SUCCESS, logIndex=4352, commits[0a7e6056-64a2-4302-b029-255d48a66d7f:c4352, 82c1508e-6289-48e2-a567-a0e29c8b4903:c4348, f63d6ef8-0266-4bf3-bcb1-484cdaae1fbb:c4348]
2019-07-09 20:06:55,149 INFO  client.GrpcClientProtocolClient (GrpcClientProtocolClient.java:onNext(255)) - client-FB00420D972B->0a7e6056-64a2-4302-b029-255d48a66d7f: receive RaftClientReply:client-FB00420D972B->0a7e6056-64a2-4302-b029-255d48a66d7f@group-1EE0336AADCF, cid=2906, SUCCESS, logIndex=4355, commits[0a7e6056-64a2-4302-b029-255d48a66d7f:c4356, 82c1508e-6289-48e2-a567-a0e29c8b4903:c4354, f63d6ef8-0266-4bf3-bcb1-484cdaae1fbb:c4354]
2019-07-09 20:06:55,150 INFO  client.GrpcClientProtocolClient (GrpcClientProtocolClient.java:onNext(255)) - client-FB00420D972B->0a7e6056-64a2-4302-b029-255d48a66d7f: receive RaftClientReply:client-FB00420D972B->0a7e6056-64a2-4302-b029-255d48a66d7f@group-1EE0336AADCF, cid=2907, SUCCESS, logIndex=4356, commits[0a7e6056-64a2-4302-b029-255d48a66d7f:c4356, 82c1508e-6289-48e2-a567-a0e29c8b4903:c4354, f63d6ef8-0266-4bf3-bcb1-484cdaae1fbb:c4354]
2019-07-09 20:06:55,162 INFO  client.GrpcClientProtocolClient (GrpcClientProtocolClient.java:onNext(255)) - client-FB00420D972B->0a7e6056-64a2-4302-b029-255d48a66d7f: receive RaftClientReply:client-FB00420D972B->0a7e6056-64a2-4302-b029-255d48a66d7f@group-1EE0336AADCF, cid=2908, SUCCESS, logIndex=0, commits[0a7e6056-64a2-4302-b029-255d48a66d7f:c4358, 82c1508e-6289-48e2-a567-a0e29c8b4903:c4356, f63d6ef8-0266-4bf3-bcb1-484cdaae1fbb:c4356]
2019-07-09 20:06:55,193 INFO  client.GrpcClientProtocolClient (GrpcClientProtocolClient.java:onNext(255)) - client-FB00420D972B->0a7e6056-64a2-4302-b029-255d48a66d7f: receive RaftClientReply:client-FB00420D972B->0a7e6056-64a2-4302-b029-255d48a66d7f@group-1EE0336AADCF, cid=2909, SUCCESS, logIndex=4359, commits[0a7e6056-64a2-4302-b029-255d48a66d7f:c4360, 82c1508e-6289-48e2-a567-a0e29c8b4903:c4358, f63d6ef8-0266-4bf3-bcb1-484cdaae1fbb:c4358]
2019-07-09 20:06:55,194 INFO  client.GrpcClientProtocolClient (GrpcClientProtocolClient.java:onNext(255)) - client-FB00420D972B->0a7e6056-64a2-4302-b029-255d48a66d7f: receive RaftClientReply:client-FB00420D972B->0a7e6056-64a2-4302-b029-255d48a66d7f@group-1EE0336AADCF, cid=2910, SUCCESS, logIndex=4360, commits[0a7e6056-64a2-4302-b029-255d48a66d7f:c4360, 82c1508e-6289-48e2-a567-a0e29c8b4903:c4358, f63d6ef8-0266-4bf3-bcb1-484cdaae1fbb:c4358]
2019-07-09 20:06:55,194 INFO  client.GrpcClientProtocolClient (GrpcClientProtocolClient.java:onNext(255)) - client-FB00420D972B->0a7e6056-64a2-4302-b029-255d48a66d7f: receive RaftClientReply:client-FB00420D972B->0a7e6056-64a2-4302-b029-255d48a66d7f@group-1EE0336AADCF, cid=2911, SUCCESS, logIndex=4361, commits[0a7e6056-64a2-4302-b029-255d48a66d7f:c4362, 82c1508e-6289-48e2-a567-a0e29c8b4903:c4358, f63d6ef8-0266-4bf3-bcb1-484cdaae1fbb:c4358]
2019-07-09 20:06:55,194 INFO  client.GrpcClientProtocolClient (GrpcClientProtocolClient.java:onNext(255)) - client-FB00420D972B->0a7e6056-64a2-4302-b029-255d48a66d7f: receive RaftClientReply:client-FB00420D972B->0a7e6056-64a2-4302-b029-255d48a66d7f@group-1EE0336AADCF, cid=2912, SUCCESS, logIndex=4362, commits[0a7e6056-64a2-4302-b029-255d48a66d7f:c4362, 82c1508e-6289-48e2-a567-a0e29c8b4903:c4358, f63d6ef8-0266-4bf3-bcb1-484cdaae1fbb:c4358]
2019-07-09 20:06:55,196 INFO  client.GrpcClientProtocolClient (GrpcClientProtocolClient.java:onNext(255)) - client-FB00420D972B->0a7e6056-64a2-4302-b029-255d48a66d7f: receive RaftClientReply:client-FB00420D972B->0a7e6056-64a2-4302-b029-255d48a66d7f@group-1EE0336AADCF, cid=2913, SUCCESS, logIndex=0, commits[0a7e6056-64a2-4302-b029-255d48a66d7f:c4364, 82c1508e-6289-48e2-a567-a0e29c8b4903:c4360, f63d6ef8-0266-4bf3-bcb1-484cdaae1fbb:c4360]
2019-07-09 20:06:55,215 INFO  client.GrpcClientProtocolClient (GrpcClientProtocolClient.java:onNext(255)) - client-FB00420D972B->0a7e6056-64a2-4302-b029-255d48a66d7f: receive RaftClientReply:client-FB00420D972B->0a7e6056-64a2-4302-b029-255d48a66d7f@group-1EE0336AADCF, cid=2914, SUCCESS, logIndex=4367, commits[0a7e6056-64a2-4302-b029-255d48a66d7f:c4368, 82c1508e-6289-48e2-a567-a0e29c8b4903:c4366, f63d6ef8-0266-4bf3-bcb1-484cdaae1fbb:c4366]
2019-07-09 20:06:55,216 INFO  client.GrpcClientProtocolClient (GrpcClientProtocolClient.java:onNext(255)) - client-FB00420D972B->0a7e6056-64a2-4302-b029-255d48a66d7f: receive RaftClientReply:client-FB00420D972B->0a7e6056-64a2-4302-b029-255d48a66d7f@group-1EE0336AADCF, cid=2915, SUCCESS, logIndex=4368, commits[0a7e6056-64a2-4302-b029-255d48a66d7f:c4368, 82c1508e-6289-48e2-a567-a0e29c8b4903:c4366, f63d6ef8-0266-4bf3-bcb1-484cdaae1fbb:c4366]
2019-07-09 20:06:55,234 INFO  client.GrpcClientProtocolClient (GrpcClientProtocolClient.java:onNext(255)) - client-FB00420D972B->0a7e6056-64a2-4302-b029-255d48a66d7f: receive RaftClientReply:client-FB00420D972B->0a7e6056-64a2-4302-b029-255d48a66d7f@group-1EE0336AADCF, cid=2916, SUCCESS, logIndex=4371, commits[0a7e6056-64a2-4302-b029-255d48a66d7f:c4372, 82c1508e-6289-48e2-a567-a0e29c8b4903:c4368, f63d6ef8-0266-4bf3-bcb1-484cdaae1fbb:c4368]
2019-07-09 20:06:55,234 INFO  client.GrpcClientProtocolClient (GrpcClientProtocolClient.java:onNext(255)) - client-FB00420D972B->0a7e6056-64a2-4302-b029-255d48a66d7f: receive RaftClientReply:client-FB00420D972B->0a7e6056-64a2-4302-b029-255d48a66d7f@group-1EE0336AADCF, cid=2917, SUCCESS, logIndex=4372, commits[0a7e6056-64a2-4302-b029-255d48a66d7f:c4372, 82c1508e-6289-48e2-a567-a0e29c8b4903:c4368, f63d6ef8-0266-4bf3-bcb1-484cdaae1fbb:c4368]
2019-07-09 20:06:55,247 INFO  client.GrpcClientProtocolClient (GrpcClientProtocolClient.java:onNext(255)) - client-FB00420D972B->0a7e6056-64a2-4302-b029-255d48a66d7f: receive RaftClientReply:client-FB00420D972B->0a7e6056-64a2-4302-b029-255d48a66d7f@group-1EE0336AADCF, cid=2918, SUCCESS, logIndex=0, commits[0a7e6056-64a2-4302-b029-255d48a66d7f:c4374, 82c1508e-6289-48e2-a567-a0e29c8b4903:c4372, f63d6ef8-0266-4bf3-bcb1-484cdaae1fbb:c4372]
2019-07-09 20:06:55,276 INFO  client.GrpcClientProtocolClient (GrpcClientProtocolClient.java:onNext(255)) - client-FB00420D972B->0a7e6056-64a2-4302-b029-255d48a66d7f: receive RaftClientReply:client-FB00420D972B->0a7e6056-64a2-4302-b029-255d48a66d7f@group-1EE0336AADCF, cid=2919, SUCCESS, logIndex=4375, commits[0a7e6056-64a2-4302-b029-255d48a66d7f:c4376, 82c1508e-6289-48e2-a567-a0e29c8b4903:c4374, f63d6ef8-0266-4bf3-bcb1-484cdaae1fbb:c4374]
2019-07-09 20:06:55,276 INFO  client.GrpcClientProtocolClient (GrpcClientProtocolClient.java:onNext(255)) - client-FB00420D972B->0a7e6056-64a2-4302-b029-255d48a66d7f: receive RaftClientReply:client-FB00420D972B->0a7e6056-64a2-4302-b029-255d48a66d7f@group-1EE0336AADCF, cid=2920, SUCCESS, logIndex=4376, commits[0a7e6056-64a2-4302-b029-255d48a66d7f:c4378, 82c1508e-6289-48e2-a567-a0e29c8b4903:c4374, f63d6ef8-0266-4bf3-bcb1-484cdaae1fbb:c4374]
2019-07-09 20:06:55,277 INFO  client.GrpcClientProtocolClient (GrpcClientProtocolClient.java:onNext(255)) - client-FB00420D972B->0a7e6056-64a2-4302-b029-255d48a66d7f: receive RaftClientReply:client-FB00420D972B->0a7e6056-64a2-4302-b029-255d48a66d7f@group-1EE0336AADCF, cid=2921, SUCCESS, logIndex=4377, commits[0a7e6056-64a2-4302-b029-255d48a66d7f:c4378, 82c1508e-6289-48e2-a567-a0e29c8b4903:c4374, f63d6ef8-0266-4bf3-bcb1-484cdaae1fbb:c4374]
2019-07-09 20:06:55,277 INFO  client.GrpcClientProtocolClient (GrpcClientProtocolClient.java:onNext(255)) - client-FB00420D972B->0a7e6056-64a2-4302-b029-255d48a66d7f: receive RaftClientReply:client-FB00420D972B->0a7e6056-64a2-4302-b029-255d48a66d7f@group-1EE0336AADCF, cid=2922, SUCCESS, logIndex=4378, commits[0a7e6056-64a2-4302-b029-255d48a66d7f:c4379, 82c1508e-6289-48e2-a567-a0e29c8b4903:c4374, f63d6ef8-0266-4bf3-bcb1-484cdaae1fbb:c4375]
2019-07-09 20:06:55,278 INFO  client.GrpcClientProtocolClient (GrpcClientProtocolClient.java:onNext(255)) - client-FB00420D972B->0a7e6056-64a2-4302-b029-255d48a66d7f: receive RaftClientReply:client-FB00420D972B->0a7e6056-64a2-4302-b029-255d48a66d7f@group-1EE0336AADCF, cid=2923, SUCCESS, logIndex=0, commits[0a7e6056-64a2-4302-b029-255d48a66d7f:c4381, 82c1508e-6289-48e2-a567-a0e29c8b4903:c4377, f63d6ef8-0266-4bf3-bcb1-484cdaae1fbb:c4377]
2019-07-09 20:06:55,298 INFO  client.GrpcClientProtocolClient (GrpcClientProtocolClient.java:onNext(255)) - client-FB00420D972B->0a7e6056-64a2-4302-b029-255d48a66d7f: receive RaftClientReply:client-FB00420D972B->0a7e6056-64a2-4302-b029-255d48a66d7f@group-1EE0336AADCF, cid=2924, SUCCESS, logIndex=4383, commits[0a7e6056-64a2-4302-b029-255d48a66d7f:c4384, 82c1508e-6289-48e2-a567-a0e29c8b4903:c4382, f63d6ef8-0266-4bf3-bcb1-484cdaae1fbb:c4382]
2019-07-09 20:06:55,298 INFO  client.GrpcClientProtocolClient (GrpcClientProtocolClient.java:onNext(255)) - client-FB00420D972B->0a7e6056-64a2-4302-b029-255d48a66d7f: receive RaftClientReply:client-FB00420D972B->0a7e6056-64a2-4302-b029-255d48a66d7f@group-1EE0336AADCF, cid=2925, SUCCESS, logIndex=4384, commits[0a7e6056-64a2-4302-b029-255d48a66d7f:c4384, 82c1508e-6289-48e2-a567-a0e29c8b4903:c4382, f63d6ef8-0266-4bf3-bcb1-484cdaae1fbb:c4382]
2019-07-09 20:06:55,310 INFO  client.GrpcClientProtocolClient (GrpcClientProtocolClient.java:onNext(255)) - client-FB00420D972B->0a7e6056-64a2-4302-b029-255d48a66d7f: receive RaftClientReply:client-FB00420D972B->0a7e6056-64a2-4302-b029-255d48a66d7f@group-1EE0336AADCF, cid=2926, SUCCESS, logIndex=4387, commits[0a7e6056-64a2-4302-b029-255d48a66d7f:c4388, 82c1508e-6289-48e2-a567-a0e29c8b4903:c4383, f63d6ef8-0266-4bf3-bcb1-484cdaae1fbb:c4384]
2019-07-09 20:06:55,310 INFO  client.GrpcClientProtocolClient (GrpcClientProtocolClient.java:onNext(255)) - client-FB00420D972B->0a7e6056-64a2-4302-b029-255d48a66d7f: receive RaftClientReply:client-FB00420D972B->0a7e6056-64a2-4302-b029-255d48a66d7f@group-1EE0336AADCF, cid=2927, SUCCESS, logIndex=4388, commits[0a7e6056-64a2-4302-b029-255d48a66d7f:c4388, 82c1508e-6289-48e2-a567-a0e29c8b4903:c4384, f63d6ef8-0266-4bf3-bcb1-484cdaae1fbb:c4384]
2019-07-09 20:06:55,313 INFO  client.GrpcClientProtocolClient (GrpcClientProtocolClient.java:onNext(255)) - client-FB00420D972B->0a7e6056-64a2-4302-b029-255d48a66d7f: receive RaftClientReply:client-FB00420D972B->0a7e6056-64a2-4302-b029-255d48a66d7f@group-1EE0336AADCF, cid=2928, SUCCESS, logIndex=0, commits[0a7e6056-64a2-4302-b029-255d48a66d7f:c4390, 82c1508e-6289-48e2-a567-a0e29c8b4903:c4388, f63d6ef8-0266-4bf3-bcb1-484cdaae1fbb:c4388]
2019-07-09 20:06:55,342 INFO  client.GrpcClientProtocolClient (GrpcClientProtocolClient.java:onNext(255)) - client-FB00420D972B->0a7e6056-64a2-4302-b029-255d48a66d7f: receive RaftClientReply:client-FB00420D972B->0a7e6056-64a2-4302-b029-255d48a66d7f@group-1EE0336AADCF, cid=2929, SUCCESS, logIndex=4391, commits[0a7e6056-64a2-4302-b029-255d48a66d7f:c4392, 82c1508e-6289-48e2-a567-a0e29c8b4903:c4390, f63d6ef8-0266-4bf3-bcb1-484cdaae1fbb:c4390]
2019-07-09 20:06:55,342 INFO  client.GrpcClientProtocolClient (GrpcClientProtocolClient.java:onNext(255)) - client-FB00420D972B->0a7e6056-64a2-4302-b029-255d48a66d7f: receive RaftClientReply:client-FB00420D972B->0a7e6056-64a2-4302-b029-255d48a66d7f@group-1EE0336AADCF, cid=2930, SUCCESS, logIndex=4392, commits[0a7e6056-64a2-4302-b029-255d48a66d7f:c4394, 82c1508e-6289-48e2-a567-a0e29c8b4903:c4390, f63d6ef8-0266-4bf3-bcb1-484cdaae1fbb:c4390]
2019-07-09 20:06:55,342 INFO  client.GrpcClientProtocolClient (GrpcClientProtocolClient.java:onNext(255)) - client-FB00420D972B->0a7e6056-64a2-4302-b029-255d48a66d7f: receive RaftClientReply:client-FB00420D972B->0a7e6056-64a2-4302-b029-255d48a66d7f@group-1EE0336AADCF, cid=2931, SUCCESS, logIndex=4393, commits[0a7e6056-64a2-4302-b029-255d48a66d7f:c4394, 82c1508e-6289-48e2-a567-a0e29c8b4903:c4390, f63d6ef8-0266-4bf3-bcb1-484cdaae1fbb:c4390]
2019-07-09 20:06:55,342 INFO  client.GrpcClientProtocolClient (GrpcClientProtocolClient.java:onNext(255)) - client-FB00420D972B->0a7e6056-64a2-4302-b029-255d48a66d7f: receive RaftClientReply:client-FB00420D972B->0a7e6056-64a2-4302-b029-255d48a66d7f@group-1EE0336AADCF, cid=2932, SUCCESS, logIndex=4394, commits[0a7e6056-64a2-4302-b029-255d48a66d7f:c4394, 82c1508e-6289-48e2-a567-a0e29c8b4903:c4390, f63d6ef8-0266-4bf3-bcb1-484cdaae1fbb:c4390]
2019-07-09 20:06:55,354 INFO  client.GrpcClientProtocolClient (GrpcClientProtocolClient.java:onNext(255)) - client-FB00420D972B->0a7e6056-64a2-4302-b029-255d48a66d7f: receive RaftClientReply:client-FB00420D972B->0a7e6056-64a2-4302-b029-255d48a66d7f@group-1EE0336AADCF, cid=2933, SUCCESS, logIndex=0, commits[0a7e6056-64a2-4302-b029-255d48a66d7f:c4398, 82c1508e-6289-48e2-a567-a0e29c8b4903:c4392, f63d6ef8-0266-4bf3-bcb1-484cdaae1fbb:c4394]
2019-07-09 20:06:55,375 INFO  client.GrpcClientProtocolClient (GrpcClientProtocolClient.java:onNext(255)) - client-FB00420D972B->0a7e6056-64a2-4302-b029-255d48a66d7f: receive RaftClientReply:client-FB00420D972B->0a7e6056-64a2-4302-b029-255d48a66d7f@group-1EE0336AADCF, cid=2934, SUCCESS, logIndex=4399, commits[0a7e6056-64a2-4302-b029-255d48a66d7f:c4400, 82c1508e-6289-48e2-a567-a0e29c8b4903:c4398, f63d6ef8-0266-4bf3-bcb1-484cdaae1fbb:c4398]
2019-07-09 20:06:55,375 INFO  client.GrpcClientProtocolClient (GrpcClientProtocolClient.java:onNext(255)) - client-FB00420D972B->0a7e6056-64a2-4302-b029-255d48a66d7f: receive RaftClientReply:client-FB00420D972B->0a7e6056-64a2-4302-b029-255d48a66d7f@group-1EE0336AADCF, cid=2935, SUCCESS, logIndex=4400, commits[0a7e6056-64a2-4302-b029-255d48a66d7f:c4400, 82c1508e-6289-48e2-a567-a0e29c8b4903:c4398, f63d6ef8-0266-4bf3-bcb1-484cdaae1fbb:c4398]
2019-07-09 20:06:55,388 INFO  client.GrpcClientProtocolClient (GrpcClientProtocolClient.java:onNext(255)) - client-FB00420D972B->0a7e6056-64a2-4302-b029-255d48a66d7f: receive RaftClientReply:client-FB00420D972B->0a7e6056-64a2-4302-b029-255d48a66d7f@group-1EE0336AADCF, cid=2936, SUCCESS, logIndex=4403, commits[0a7e6056-64a2-4302-b029-255d48a66d7f:c4404, 82c1508e-6289-48e2-a567-a0e29c8b4903:c4400, f63d6ef8-0266-4bf3-bcb1-484cdaae1fbb:c4400]
2019-07-09 20:06:55,389 INFO  client.GrpcClientProtocolClient (GrpcClientProtocolClient.java:onNext(255)) - client-FB00420D972B->0a7e6056-64a2-4302-b029-255d48a66d7f: receive RaftClientReply:client-FB00420D972B->0a7e6056-64a2-4302-b029-255d48a66d7f@group-1EE0336AADCF, cid=2937, SUCCESS, logIndex=4404, commits[0a7e6056-64a2-4302-b029-255d48a66d7f:c4404, 82c1508e-6289-48e2-a567-a0e29c8b4903:c4400, f63d6ef8-0266-4bf3-bcb1-484cdaae1fbb:c4400]
2019-07-09 20:06:55,419 INFO  client.GrpcClientProtocolClient (GrpcClientProtocolClient.java:onNext(255)) - client-FB00420D972B->0a7e6056-64a2-4302-b029-255d48a66d7f: receive RaftClientReply:client-FB00420D972B->0a7e6056-64a2-4302-b029-255d48a66d7f@group-1EE0336AADCF, cid=2938, SUCCESS, logIndex=0, commits[0a7e6056-64a2-4302-b029-255d48a66d7f:c4406, 82c1508e-6289-48e2-a567-a0e29c8b4903:c4404, f63d6ef8-0266-4bf3-bcb1-484cdaae1fbb:c4404]
2019-07-09 20:06:55,451 INFO  client.GrpcClientProtocolClient (GrpcClientProtocolClient.java:onNext(255)) - client-FB00420D972B->0a7e6056-64a2-4302-b029-255d48a66d7f: receive RaftClientReply:client-FB00420D972B->0a7e6056-64a2-4302-b029-255d48a66d7f@group-1EE0336AADCF, cid=2939, SUCCESS, logIndex=4407, commits[0a7e6056-64a2-4302-b029-255d48a66d7f:c4407, 82c1508e-6289-48e2-a567-a0e29c8b4903:c4406, f63d6ef8-0266-4bf3-bcb1-484cdaae1fbb:c4406]
2019-07-09 20:06:55,451 INFO  client.GrpcClientProtocolClient (GrpcClientProtocolClient.java:onNext(255)) - client-FB00420D972B->0a7e6056-64a2-4302-b029-255d48a66d7f: receive RaftClientReply:client-FB00420D972B->0a7e6056-64a2-4302-b029-255d48a66d7f@group-1EE0336AADCF, cid=2940, SUCCESS, logIndex=4408, commits[0a7e6056-64a2-4302-b029-255d48a66d7f:c4409, 82c1508e-6289-48e2-a567-a0e29c8b4903:c4406, f63d6ef8-0266-4bf3-bcb1-484cdaae1fbb:c4406]
2019-07-09 20:06:55,452 INFO  client.GrpcClientProtocolClient (GrpcClientProtocolClient.java:onNext(255)) - client-FB00420D972B->0a7e6056-64a2-4302-b029-255d48a66d7f: receive RaftClientReply:client-FB00420D972B->0a7e6056-64a2-4302-b029-255d48a66d7f@group-1EE0336AADCF, cid=2941, SUCCESS, logIndex=4409, commits[0a7e6056-64a2-4302-b029-255d48a66d7f:c4410, 82c1508e-6289-48e2-a567-a0e29c8b4903:c4406, f63d6ef8-0266-4bf3-bcb1-484cdaae1fbb:c4406]
2019-07-09 20:06:55,452 INFO  client.GrpcClientProtocolClient (GrpcClientProtocolClient.java:onNext(255)) - client-FB00420D972B->0a7e6056-64a2-4302-b029-255d48a66d7f: receive RaftClientReply:client-FB00420D972B->0a7e6056-64a2-4302-b029-255d48a66d7f@group-1EE0336AADCF, cid=2942, SUCCESS, logIndex=4410, commits[0a7e6056-64a2-4302-b029-255d48a66d7f:c4410, 82c1508e-6289-48e2-a567-a0e29c8b4903:c4406, f63d6ef8-0266-4bf3-bcb1-484cdaae1fbb:c4406]
2019-07-09 20:06:55,454 INFO  client.GrpcClientProtocolClient (GrpcClientProtocolClient.java:onNext(255)) - client-FB00420D972B->0a7e6056-64a2-4302-b029-255d48a66d7f: receive RaftClientReply:client-FB00420D972B->0a7e6056-64a2-4302-b029-255d48a66d7f@group-1EE0336AADCF, cid=2943, SUCCESS, logIndex=0, commits[0a7e6056-64a2-4302-b029-255d48a66d7f:c4414, 82c1508e-6289-48e2-a567-a0e29c8b4903:c4410, f63d6ef8-0266-4bf3-bcb1-484cdaae1fbb:c4408]
2019-07-09 20:06:55,475 INFO  client.GrpcClientProtocolClient (GrpcClientProtocolClient.java:onNext(255)) - client-FB00420D972B->0a7e6056-64a2-4302-b029-255d48a66d7f: receive RaftClientReply:client-FB00420D972B->0a7e6056-64a2-4302-b029-255d48a66d7f@group-1EE0336AADCF, cid=2944, SUCCESS, logIndex=4415, commits[0a7e6056-64a2-4302-b029-255d48a66d7f:c4416, 82c1508e-6289-48e2-a567-a0e29c8b4903:c4414, f63d6ef8-0266-4bf3-bcb1-484cdaae1fbb:c4414]
2019-07-09 20:06:55,475 INFO  client.GrpcClientProtocolClient (GrpcClientProtocolClient.java:onNext(255)) - client-FB00420D972B->0a7e6056-64a2-4302-b029-255d48a66d7f: receive RaftClientReply:client-FB00420D972B->0a7e6056-64a2-4302-b029-255d48a66d7f@group-1EE0336AADCF, cid=2945, SUCCESS, logIndex=4416, commits[0a7e6056-64a2-4302-b029-255d48a66d7f:c4416, 82c1508e-6289-48e2-a567-a0e29c8b4903:c4414, f63d6ef8-0266-4bf3-bcb1-484cdaae1fbb:c4414]
2019-07-09 20:06:55,592 INFO  client.GrpcClientProtocolClient (GrpcClientProtocolClient.java:onNext(255)) - client-FB00420D972B->0a7e6056-64a2-4302-b029-255d48a66d7f: receive RaftClientReply:client-FB00420D972B->0a7e6056-64a2-4302-b029-255d48a66d7f@group-1EE0336AADCF, cid=2946, SUCCESS, logIndex=4419, commits[0a7e6056-64a2-4302-b029-255d48a66d7f:c4420, 82c1508e-6289-48e2-a567-a0e29c8b4903:c4417, f63d6ef8-0266-4bf3-bcb1-484cdaae1fbb:c4417]
2019-07-09 20:06:55,592 INFO  client.GrpcClientProtocolClient (GrpcClientProtocolClient.java:onNext(255)) - client-FB00420D972B->0a7e6056-64a2-4302-b029-255d48a66d7f: receive RaftClientReply:client-FB00420D972B->0a7e6056-64a2-4302-b029-255d48a66d7f@group-1EE0336AADCF, cid=2947, SUCCESS, logIndex=4420, commits[0a7e6056-64a2-4302-b029-255d48a66d7f:c4420, 82c1508e-6289-48e2-a567-a0e29c8b4903:c4417, f63d6ef8-0266-4bf3-bcb1-484cdaae1fbb:c4417]
2019-07-09 20:06:55,605 INFO  client.GrpcClientProtocolClient (GrpcClientProtocolClient.java:onNext(255)) - client-FB00420D972B->0a7e6056-64a2-4302-b029-255d48a66d7f: receive RaftClientReply:client-FB00420D972B->0a7e6056-64a2-4302-b029-255d48a66d7f@group-1EE0336AADCF, cid=2948, SUCCESS, logIndex=0, commits[0a7e6056-64a2-4302-b029-255d48a66d7f:c4421, 82c1508e-6289-48e2-a567-a0e29c8b4903:c4420, f63d6ef8-0266-4bf3-bcb1-484cdaae1fbb:c4420]
2019-07-09 20:06:55,637 INFO  client.GrpcClientProtocolClient (GrpcClientProtocolClient.java:onNext(255)) - client-FB00420D972B->0a7e6056-64a2-4302-b029-255d48a66d7f: receive RaftClientReply:client-FB00420D972B->0a7e6056-64a2-4302-b029-255d48a66d7f@group-1EE0336AADCF, cid=2949, SUCCESS, logIndex=4423, commits[0a7e6056-64a2-4302-b029-255d48a66d7f:c4424, 82c1508e-6289-48e2-a567-a0e29c8b4903:c4422, f63d6ef8-0266-4bf3-bcb1-484cdaae1fbb:c4422]
2019-07-09 20:06:55,638 INFO  client.GrpcClientProtocolClient (GrpcClientProtocolClient.java:onNext(255)) - client-FB00420D972B->0a7e6056-64a2-4302-b029-255d48a66d7f: receive RaftClientReply:client-FB00420D972B->0a7e6056-64a2-4302-b029-255d48a66d7f@group-1EE0336AADCF, cid=2950, SUCCESS, logIndex=4424, commits[0a7e6056-64a2-4302-b029-255d48a66d7f:c4424, 82c1508e-6289-48e2-a567-a0e29c8b4903:c4422, f63d6ef8-0266-4bf3-bcb1-484cdaae1fbb:c4422]
2019-07-09 20:06:55,638 INFO  client.GrpcClientProtocolClient (GrpcClientProtocolClient.java:onNext(255)) - client-FB00420D972B->0a7e6056-64a2-4302-b029-255d48a66d7f: receive RaftClientReply:client-FB00420D972B->0a7e6056-64a2-4302-b029-255d48a66d7f@group-1EE0336AADCF, cid=2951, SUCCESS, logIndex=4425, commits[0a7e6056-64a2-4302-b029-255d48a66d7f:c4426, 82c1508e-6289-48e2-a567-a0e29c8b4903:c4422, f63d6ef8-0266-4bf3-bcb1-484cdaae1fbb:c4422]
2019-07-09 20:06:55,639 INFO  client.GrpcClientProtocolClient (GrpcClientProtocolClient.java:onNext(255)) - client-FB00420D972B->0a7e6056-64a2-4302-b029-255d48a66d7f: receive RaftClientReply:client-FB00420D972B->0a7e6056-64a2-4302-b029-255d48a66d7f@group-1EE0336AADCF, cid=2952, SUCCESS, logIndex=4426, commits[0a7e6056-64a2-4302-b029-255d48a66d7f:c4426, 82c1508e-6289-48e2-a567-a0e29c8b4903:c4422, f63d6ef8-0266-4bf3-bcb1-484cdaae1fbb:c4422]
2019-07-09 20:06:55,643 INFO  client.GrpcClientProtocolClient (GrpcClientProtocolClient.java:onNext(255)) - client-FB00420D972B->0a7e6056-64a2-4302-b029-255d48a66d7f: receive RaftClientReply:client-FB00420D972B->0a7e6056-64a2-4302-b029-255d48a66d7f@group-1EE0336AADCF, cid=2953, SUCCESS, logIndex=0, commits[0a7e6056-64a2-4302-b029-255d48a66d7f:c4429, 82c1508e-6289-48e2-a567-a0e29c8b4903:c4424, f63d6ef8-0266-4bf3-bcb1-484cdaae1fbb:c4426]
2019-07-09 20:06:55,665 INFO  client.GrpcClientProtocolClient (GrpcClientProtocolClient.java:onNext(255)) - client-FB00420D972B->0a7e6056-64a2-4302-b029-255d48a66d7f: receive RaftClientReply:client-FB00420D972B->0a7e6056-64a2-4302-b029-255d48a66d7f@group-1EE0336AADCF, cid=2954, SUCCESS, logIndex=4431, commits[0a7e6056-64a2-4302-b029-255d48a66d7f:c4432, 82c1508e-6289-48e2-a567-a0e29c8b4903:c4429, f63d6ef8-0266-4bf3-bcb1-484cdaae1fbb:c4426]
2019-07-09 20:06:55,666 INFO  client.GrpcClientProtocolClient (GrpcClientProtocolClient.java:onNext(255)) - client-FB00420D972B->0a7e6056-64a2-4302-b029-255d48a66d7f: receive RaftClientReply:client-FB00420D972B->0a7e6056-64a2-4302-b029-255d48a66d7f@group-1EE0336AADCF, cid=2955, SUCCESS, logIndex=4432, commits[0a7e6056-64a2-4302-b029-255d48a66d7f:c4432, 82c1508e-6289-48e2-a567-a0e29c8b4903:c4429, f63d6ef8-0266-4bf3-bcb1-484cdaae1fbb:c4429]
2019-07-09 20:06:55,691 INFO  client.GrpcClientProtocolClient (GrpcClientProtocolClient.java:onNext(255)) - client-FB00420D972B->0a7e6056-64a2-4302-b029-255d48a66d7f: receive RaftClientReply:client-FB00420D972B->0a7e6056-64a2-4302-b029-255d48a66d7f@group-1EE0336AADCF, cid=2956, SUCCESS, logIndex=4435, commits[0a7e6056-64a2-4302-b029-255d48a66d7f:c4436, 82c1508e-6289-48e2-a567-a0e29c8b4903:c4434, f63d6ef8-0266-4bf3-bcb1-484cdaae1fbb:c4432]
2019-07-09 20:06:55,691 INFO  client.GrpcClientProtocolClient (GrpcClientProtocolClient.java:onNext(255)) - client-FB00420D972B->0a7e6056-64a2-4302-b029-255d48a66d7f: receive RaftClientReply:client-FB00420D972B->0a7e6056-64a2-4302-b029-255d48a66d7f@group-1EE0336AADCF, cid=2957, SUCCESS, logIndex=4436, commits[0a7e6056-64a2-4302-b029-255d48a66d7f:c4436, 82c1508e-6289-48e2-a567-a0e29c8b4903:c4434, f63d6ef8-0266-4bf3-bcb1-484cdaae1fbb:c4434]
2019-07-09 20:06:55,693 INFO  client.GrpcClientProtocolClient (GrpcClientProtocolClient.java:onNext(255)) - client-FB00420D972B->0a7e6056-64a2-4302-b029-255d48a66d7f: receive RaftClientReply:client-FB00420D972B->0a7e6056-64a2-4302-b029-255d48a66d7f@group-1EE0336AADCF, cid=2958, SUCCESS, logIndex=0, commits[0a7e6056-64a2-4302-b029-255d48a66d7f:c4437, 82c1508e-6289-48e2-a567-a0e29c8b4903:c4436, f63d6ef8-0266-4bf3-bcb1-484cdaae1fbb:c4436]
2019-07-09 20:06:55,725 INFO  client.GrpcClientProtocolClient (GrpcClientProtocolClient.java:onNext(255)) - client-FB00420D972B->0a7e6056-64a2-4302-b029-255d48a66d7f: receive RaftClientReply:client-FB00420D972B->0a7e6056-64a2-4302-b029-255d48a66d7f@group-1EE0336AADCF, cid=2959, SUCCESS, logIndex=4439, commits[0a7e6056-64a2-4302-b029-255d48a66d7f:c4440, 82c1508e-6289-48e2-a567-a0e29c8b4903:c4438, f63d6ef8-0266-4bf3-bcb1-484cdaae1fbb:c4438]
2019-07-09 20:06:55,726 INFO  client.GrpcClientProtocolClient (GrpcClientProtocolClient.java:onNext(255)) - client-FB00420D972B->0a7e6056-64a2-4302-b029-255d48a66d7f: receive RaftClientReply:client-FB00420D972B->0a7e6056-64a2-4302-b029-255d48a66d7f@group-1EE0336AADCF, cid=2960, SUCCESS, logIndex=4440, commits[0a7e6056-64a2-4302-b029-255d48a66d7f:c4441, 82c1508e-6289-48e2-a567-a0e29c8b4903:c4438, f63d6ef8-0266-4bf3-bcb1-484cdaae1fbb:c4438]
2019-07-09 20:06:55,726 INFO  client.GrpcClientProtocolClient (GrpcClientProtocolClient.java:onNext(255)) - client-FB00420D972B->0a7e6056-64a2-4302-b029-255d48a66d7f: receive RaftClientReply:client-FB00420D972B->0a7e6056-64a2-4302-b029-255d48a66d7f@group-1EE0336AADCF, cid=2961, SUCCESS, logIndex=4441, commits[0a7e6056-64a2-4302-b029-255d48a66d7f:c4442, 82c1508e-6289-48e2-a567-a0e29c8b4903:c4438, f63d6ef8-0266-4bf3-bcb1-484cdaae1fbb:c4438]
2019-07-09 20:06:55,726 INFO  client.GrpcClientProtocolClient (GrpcClientProtocolClient.java:onNext(255)) - client-FB00420D972B->0a7e6056-64a2-4302-b029-255d48a66d7f: receive RaftClientReply:client-FB00420D972B->0a7e6056-64a2-4302-b029-255d48a66d7f@group-1EE0336AADCF, cid=2962, SUCCESS, logIndex=4442, commits[0a7e6056-64a2-4302-b029-255d48a66d7f:c4442, 82c1508e-6289-48e2-a567-a0e29c8b4903:c4438, f63d6ef8-0266-4bf3-bcb1-484cdaae1fbb:c4438]
2019-07-09 20:06:55,728 INFO  client.GrpcClientProtocolClient (GrpcClientProtocolClient.java:onNext(255)) - client-FB00420D972B->0a7e6056-64a2-4302-b029-255d48a66d7f: receive RaftClientReply:client-FB00420D972B->0a7e6056-64a2-4302-b029-255d48a66d7f@group-1EE0336AADCF, cid=2963, SUCCESS, logIndex=0, commits[0a7e6056-64a2-4302-b029-255d48a66d7f:c4444, 82c1508e-6289-48e2-a567-a0e29c8b4903:c4440, f63d6ef8-0266-4bf3-bcb1-484cdaae1fbb:c4440]
2019-07-09 20:06:55,749 INFO  client.GrpcClientProtocolClient (GrpcClientProtocolClient.java:onNext(255)) - client-FB00420D972B->0a7e6056-64a2-4302-b029-255d48a66d7f: receive RaftClientReply:client-FB00420D972B->0a7e6056-64a2-4302-b029-255d48a66d7f@group-1EE0336AADCF, cid=2964, SUCCESS, logIndex=4447, commits[0a7e6056-64a2-4302-b029-255d48a66d7f:c4448, 82c1508e-6289-48e2-a567-a0e29c8b4903:c4446, f63d6ef8-0266-4bf3-bcb1-484cdaae1fbb:c4446]
2019-07-09 20:06:55,749 INFO  client.GrpcClientProtocolClient (GrpcClientProtocolClient.java:onNext(255)) - client-FB00420D972B->0a7e6056-64a2-4302-b029-255d48a66d7f: receive RaftClientReply:client-FB00420D972B->0a7e6056-64a2-4302-b029-255d48a66d7f@group-1EE0336AADCF, cid=2965, SUCCESS, logIndex=4448, commits[0a7e6056-64a2-4302-b029-255d48a66d7f:c4448, 82c1508e-6289-48e2-a567-a0e29c8b4903:c4446, f63d6ef8-0266-4bf3-bcb1-484cdaae1fbb:c4446]
2019-07-09 20:06:55,762 INFO  client.GrpcClientProtocolClient (GrpcClientProtocolClient.java:onNext(255)) - client-FB00420D972B->0a7e6056-64a2-4302-b029-255d48a66d7f: receive RaftClientReply:client-FB00420D972B->0a7e6056-64a2-4302-b029-255d48a66d7f@group-1EE0336AADCF, cid=2966, SUCCESS, logIndex=4451, commits[0a7e6056-64a2-4302-b029-255d48a66d7f:c4452, 82c1508e-6289-48e2-a567-a0e29c8b4903:c4447, f63d6ef8-0266-4bf3-bcb1-484cdaae1fbb:c4448]
2019-07-09 20:06:55,762 INFO  client.GrpcClientProtocolClient (GrpcClientProtocolClient.java:onNext(255)) - client-FB00420D972B->0a7e6056-64a2-4302-b029-255d48a66d7f: receive RaftClientReply:client-FB00420D972B->0a7e6056-64a2-4302-b029-255d48a66d7f@group-1EE0336AADCF, cid=2967, SUCCESS, logIndex=4452, commits[0a7e6056-64a2-4302-b029-255d48a66d7f:c4452, 82c1508e-6289-48e2-a567-a0e29c8b4903:c4448, f63d6ef8-0266-4bf3-bcb1-484cdaae1fbb:c4448]
2019-07-09 20:06:55,765 INFO  client.GrpcClientProtocolClient (GrpcClientProtocolClient.java:onNext(255)) - client-FB00420D972B->0a7e6056-64a2-4302-b029-255d48a66d7f: receive RaftClientReply:client-FB00420D972B->0a7e6056-64a2-4302-b029-255d48a66d7f@group-1EE0336AADCF, cid=2968, SUCCESS, logIndex=0, commits[0a7e6056-64a2-4302-b029-255d48a66d7f:c4454, 82c1508e-6289-48e2-a567-a0e29c8b4903:c4452, f63d6ef8-0266-4bf3-bcb1-484cdaae1fbb:c4452]
2019-07-09 20:06:55,814 INFO  client.GrpcClientProtocolClient (GrpcClientProtocolClient.java:onNext(255)) - client-FB00420D972B->0a7e6056-64a2-4302-b029-255d48a66d7f: receive RaftClientReply:client-FB00420D972B->0a7e6056-64a2-4302-b029-255d48a66d7f@group-1EE0336AADCF, cid=2969, SUCCESS, logIndex=4455, commits[0a7e6056-64a2-4302-b029-255d48a66d7f:c4457, 82c1508e-6289-48e2-a567-a0e29c8b4903:c4454, f63d6ef8-0266-4bf3-bcb1-484cdaae1fbb:c4454]
2019-07-09 20:06:55,815 INFO  client.GrpcClientProtocolClient (GrpcClientProtocolClient.java:onNext(255)) - client-FB00420D972B->0a7e6056-64a2-4302-b029-255d48a66d7f: receive RaftClientReply:client-FB00420D972B->0a7e6056-64a2-4302-b029-255d48a66d7f@group-1EE0336AADCF, cid=2970, SUCCESS, logIndex=4456, commits[0a7e6056-64a2-4302-b029-255d48a66d7f:c4458, 82c1508e-6289-48e2-a567-a0e29c8b4903:c4454, f63d6ef8-0266-4bf3-bcb1-484cdaae1fbb:c4454]
2019-07-09 20:06:55,815 INFO  client.GrpcClientProtocolClient (GrpcClientProtocolClient.java:onNext(255)) - client-FB00420D972B->0a7e6056-64a2-4302-b029-255d48a66d7f: receive RaftClientReply:client-FB00420D972B->0a7e6056-64a2-4302-b029-255d48a66d7f@group-1EE0336AADCF, cid=2971, SUCCESS, logIndex=4457, commits[0a7e6056-64a2-4302-b029-255d48a66d7f:c4458, 82c1508e-6289-48e2-a567-a0e29c8b4903:c4454, f63d6ef8-0266-4bf3-bcb1-484cdaae1fbb:c4454]
2019-07-09 20:06:55,816 INFO  client.GrpcClientProtocolClient (GrpcClientProtocolClient.java:onNext(255)) - client-FB00420D972B->0a7e6056-64a2-4302-b029-255d48a66d7f: receive RaftClientReply:client-FB00420D972B->0a7e6056-64a2-4302-b029-255d48a66d7f@group-1EE0336AADCF, cid=2972, SUCCESS, logIndex=4458, commits[0a7e6056-64a2-4302-b029-255d48a66d7f:c4459, 82c1508e-6289-48e2-a567-a0e29c8b4903:c4455, f63d6ef8-0266-4bf3-bcb1-484cdaae1fbb:c4454]
2019-07-09 20:06:55,817 INFO  client.GrpcClientProtocolClient (GrpcClientProtocolClient.java:onNext(255)) - client-FB00420D972B->0a7e6056-64a2-4302-b029-255d48a66d7f: receive RaftClientReply:client-FB00420D972B->0a7e6056-64a2-4302-b029-255d48a66d7f@group-1EE0336AADCF, cid=2973, SUCCESS, logIndex=0, commits[0a7e6056-64a2-4302-b029-255d48a66d7f:c4462, 82c1508e-6289-48e2-a567-a0e29c8b4903:c4458, f63d6ef8-0266-4bf3-bcb1-484cdaae1fbb:c4456]
2019-07-09 20:06:55,837 INFO  client.GrpcClientProtocolClient (GrpcClientProtocolClient.java:onNext(255)) - client-FB00420D972B->0a7e6056-64a2-4302-b029-255d48a66d7f: receive RaftClientReply:client-FB00420D972B->0a7e6056-64a2-4302-b029-255d48a66d7f@group-1EE0336AADCF, cid=2974, SUCCESS, logIndex=4463, commits[0a7e6056-64a2-4302-b029-255d48a66d7f:c4463, 82c1508e-6289-48e2-a567-a0e29c8b4903:c4462, f63d6ef8-0266-4bf3-bcb1-484cdaae1fbb:c4462]
 0.00% |█                                                                                                    |  0/1 Time: 0:00:272019-07-09 20:06:55,837 INFO  client.GrpcClientProtocolClient (GrpcClientProtocolClient.java:onNext(255)) - client-FB00420D972B->0a7e6056-64a2-4302-b029-255d48a66d7f: receive RaftClientReply:client-FB00420D972B->0a7e6056-64a2-4302-b029-255d48a66d7f@group-1EE0336AADCF, cid=2975, SUCCESS, logIndex=4464, commits[0a7e6056-64a2-4302-b029-255d48a66d7f:c4464, 82c1508e-6289-48e2-a567-a0e29c8b4903:c4462, f63d6ef8-0266-4bf3-bcb1-484cdaae1fbb:c4462]
2019-07-09 20:06:55,850 INFO  client.GrpcClientProtocolClient (GrpcClientProtocolClient.java:onNext(255)) - client-FB00420D972B->0a7e6056-64a2-4302-b029-255d48a66d7f: receive RaftClientReply:client-FB00420D972B->0a7e6056-64a2-4302-b029-255d48a66d7f@group-1EE0336AADCF, cid=2976, SUCCESS, logIndex=4467, commits[0a7e6056-64a2-4302-b029-255d48a66d7f:c4468, 82c1508e-6289-48e2-a567-a0e29c8b4903:c4464, f63d6ef8-0266-4bf3-bcb1-484cdaae1fbb:c4464]
2019-07-09 20:06:55,851 INFO  client.GrpcClientProtocolClient (GrpcClientProtocolClient.java:onNext(255)) - client-FB00420D972B->0a7e6056-64a2-4302-b029-255d48a66d7f: receive RaftClientReply:client-FB00420D972B->0a7e6056-64a2-4302-b029-255d48a66d7f@group-1EE0336AADCF, cid=2977, SUCCESS, logIndex=4468, commits[0a7e6056-64a2-4302-b029-255d48a66d7f:c4468, 82c1508e-6289-48e2-a567-a0e29c8b4903:c4464, f63d6ef8-0266-4bf3-bcb1-484cdaae1fbb:c4464]
2019-07-09 20:06:55,865 INFO  client.GrpcClientProtocolClient (GrpcClientProtocolClient.java:onNext(255)) - client-FB00420D972B->0a7e6056-64a2-4302-b029-255d48a66d7f: receive RaftClientReply:client-FB00420D972B->0a7e6056-64a2-4302-b029-255d48a66d7f@group-1EE0336AADCF, cid=2978, SUCCESS, logIndex=0, commits[0a7e6056-64a2-4302-b029-255d48a66d7f:c4470, 82c1508e-6289-48e2-a567-a0e29c8b4903:c4468, f63d6ef8-0266-4bf3-bcb1-484cdaae1fbb:c4468]
2019-07-09 20:06:55,897 INFO  client.GrpcClientProtocolClient (GrpcClientProtocolClient.java:onNext(255)) - client-FB00420D972B->0a7e6056-64a2-4302-b029-255d48a66d7f: receive RaftClientReply:client-FB00420D972B->0a7e6056-64a2-4302-b029-255d48a66d7f@group-1EE0336AADCF, cid=2979, SUCCESS, logIndex=4471, commits[0a7e6056-64a2-4302-b029-255d48a66d7f:c4474, 82c1508e-6289-48e2-a567-a0e29c8b4903:c4470, f63d6ef8-0266-4bf3-bcb1-484cdaae1fbb:c4470]
2019-07-09 20:06:55,898 INFO  client.GrpcClientProtocolClient (GrpcClientProtocolClient.java:onNext(255)) - client-FB00420D972B->0a7e6056-64a2-4302-b029-255d48a66d7f: receive RaftClientReply:client-FB00420D972B->0a7e6056-64a2-4302-b029-255d48a66d7f@group-1EE0336AADCF, cid=2980, SUCCESS, logIndex=4472, commits[0a7e6056-64a2-4302-b029-255d48a66d7f:c4474, 82c1508e-6289-48e2-a567-a0e29c8b4903:c4470, f63d6ef8-0266-4bf3-bcb1-484cdaae1fbb:c4470]
2019-07-09 20:06:55,899 INFO  client.GrpcClientProtocolClient (GrpcClientProtocolClient.java:onNext(255)) - client-FB00420D972B->0a7e6056-64a2-4302-b029-255d48a66d7f: receive RaftClientReply:client-FB00420D972B->0a7e6056-64a2-4302-b029-255d48a66d7f@group-1EE0336AADCF, cid=2981, SUCCESS, logIndex=4473, commits[0a7e6056-64a2-4302-b029-255d48a66d7f:c4475, 82c1508e-6289-48e2-a567-a0e29c8b4903:c4470, f63d6ef8-0266-4bf3-bcb1-484cdaae1fbb:c4471]
2019-07-09 20:06:55,899 INFO  client.GrpcClientProtocolClient (GrpcClientProtocolClient.java:onNext(255)) - client-FB00420D972B->0a7e6056-64a2-4302-b029-255d48a66d7f: receive RaftClientReply:client-FB00420D972B->0a7e6056-64a2-4302-b029-255d48a66d7f@group-1EE0336AADCF, cid=2982, SUCCESS, logIndex=4474, commits[0a7e6056-64a2-4302-b029-255d48a66d7f:c4475, 82c1508e-6289-48e2-a567-a0e29c8b4903:c4470, f63d6ef8-0266-4bf3-bcb1-484cdaae1fbb:c4471]
2019-07-09 20:06:55,900 INFO  client.GrpcClientProtocolClient (GrpcClientProtocolClient.java:onNext(255)) - client-FB00420D972B->0a7e6056-64a2-4302-b029-255d48a66d7f: receive RaftClientReply:client-FB00420D972B->0a7e6056-64a2-4302-b029-255d48a66d7f@group-1EE0336AADCF, cid=2983, SUCCESS, logIndex=0, commits[0a7e6056-64a2-4302-b029-255d48a66d7f:c4476, 82c1508e-6289-48e2-a567-a0e29c8b4903:c4472, f63d6ef8-0266-4bf3-bcb1-484cdaae1fbb:c4474]
2019-07-09 20:06:55,922 INFO  client.GrpcClientProtocolClient (GrpcClientProtocolClient.java:onNext(255)) - client-FB00420D972B->0a7e6056-64a2-4302-b029-255d48a66d7f: receive RaftClientReply:client-FB00420D972B->0a7e6056-64a2-4302-b029-255d48a66d7f@group-1EE0336AADCF, cid=2984, SUCCESS, logIndex=4479, commits[0a7e6056-64a2-4302-b029-255d48a66d7f:c4480, 82c1508e-6289-48e2-a567-a0e29c8b4903:c4478, f63d6ef8-0266-4bf3-bcb1-484cdaae1fbb:c4478]
2019-07-09 20:06:55,922 INFO  client.GrpcClientProtocolClient (GrpcClientProtocolClient.java:onNext(255)) - client-FB00420D972B->0a7e6056-64a2-4302-b029-255d48a66d7f: receive RaftClientReply:client-FB00420D972B->0a7e6056-64a2-4302-b029-255d48a66d7f@group-1EE0336AADCF, cid=2985, SUCCESS, logIndex=4480, commits[0a7e6056-64a2-4302-b029-255d48a66d7f:c4480, 82c1508e-6289-48e2-a567-a0e29c8b4903:c4478, f63d6ef8-0266-4bf3-bcb1-484cdaae1fbb:c4478]
2019-07-09 20:06:55,935 INFO  client.GrpcClientProtocolClient (GrpcClientProtocolClient.java:onNext(255)) - client-FB00420D972B->0a7e6056-64a2-4302-b029-255d48a66d7f: receive RaftClientReply:client-FB00420D972B->0a7e6056-64a2-4302-b029-255d48a66d7f@group-1EE0336AADCF, cid=2986, SUCCESS, logIndex=4483, commits[0a7e6056-64a2-4302-b029-255d48a66d7f:c4484, 82c1508e-6289-48e2-a567-a0e29c8b4903:c4480, f63d6ef8-0266-4bf3-bcb1-484cdaae1fbb:c4479]
2019-07-09 20:06:55,936 INFO  client.GrpcClientProtocolClient (GrpcClientProtocolClient.java:onNext(255)) - client-FB00420D972B->0a7e6056-64a2-4302-b029-255d48a66d7f: receive RaftClientReply:client-FB00420D972B->0a7e6056-64a2-4302-b029-255d48a66d7f@group-1EE0336AADCF, cid=2987, SUCCESS, logIndex=4484, commits[0a7e6056-64a2-4302-b029-255d48a66d7f:c4484, 82c1508e-6289-48e2-a567-a0e29c8b4903:c4480, f63d6ef8-0266-4bf3-bcb1-484cdaae1fbb:c4480]
2019-07-09 20:06:55,938 INFO  client.GrpcClientProtocolClient (GrpcClientProtocolClient.java:onNext(255)) - client-FB00420D972B->0a7e6056-64a2-4302-b029-255d48a66d7f: receive RaftClientReply:client-FB00420D972B->0a7e6056-64a2-4302-b029-255d48a66d7f@group-1EE0336AADCF, cid=2988, SUCCESS, logIndex=0, commits[0a7e6056-64a2-4302-b029-255d48a66d7f:c4485, 82c1508e-6289-48e2-a567-a0e29c8b4903:c4484, f63d6ef8-0266-4bf3-bcb1-484cdaae1fbb:c4484]
2019-07-09 20:06:55,965 INFO  client.GrpcClientProtocolClient (GrpcClientProtocolClient.java:onNext(255)) - client-FB00420D972B->0a7e6056-64a2-4302-b029-255d48a66d7f: receive RaftClientReply:client-FB00420D972B->0a7e6056-64a2-4302-b029-255d48a66d7f@group-1EE0336AADCF, cid=2989, SUCCESS, logIndex=4487, commits[0a7e6056-64a2-4302-b029-255d48a66d7f:c4490, 82c1508e-6289-48e2-a567-a0e29c8b4903:c4486, f63d6ef8-0266-4bf3-bcb1-484cdaae1fbb:c4486]
2019-07-09 20:06:55,966 INFO  client.GrpcClientProtocolClient (GrpcClientProtocolClient.java:onNext(255)) - client-FB00420D972B->0a7e6056-64a2-4302-b029-255d48a66d7f: receive RaftClientReply:client-FB00420D972B->0a7e6056-64a2-4302-b029-255d48a66d7f@group-1EE0336AADCF, cid=2990, SUCCESS, logIndex=4488, commits[0a7e6056-64a2-4302-b029-255d48a66d7f:c4490, 82c1508e-6289-48e2-a567-a0e29c8b4903:c4486, f63d6ef8-0266-4bf3-bcb1-484cdaae1fbb:c4486]
2019-07-09 20:06:55,967 INFO  client.GrpcClientProtocolClient (GrpcClientProtocolClient.java:onNext(255)) - client-FB00420D972B->0a7e6056-64a2-4302-b029-255d48a66d7f: receive RaftClientReply:client-FB00420D972B->0a7e6056-64a2-4302-b029-255d48a66d7f@group-1EE0336AADCF, cid=2991, SUCCESS, logIndex=4489, commits[0a7e6056-64a2-4302-b029-255d48a66d7f:c4490, 82c1508e-6289-48e2-a567-a0e29c8b4903:c4486, f63d6ef8-0266-4bf3-bcb1-484cdaae1fbb:c4486]
2019-07-09 20:06:55,967 INFO  client.GrpcClientProtocolClient (GrpcClientProtocolClient.java:onNext(255)) - client-FB00420D972B->0a7e6056-64a2-4302-b029-255d48a66d7f: receive RaftClientReply:client-FB00420D972B->0a7e6056-64a2-4302-b029-255d48a66d7f@group-1EE0336AADCF, cid=2992, SUCCESS, logIndex=4490, commits[0a7e6056-64a2-4302-b029-255d48a66d7f:c4490, 82c1508e-6289-48e2-a567-a0e29c8b4903:c4486, f63d6ef8-0266-4bf3-bcb1-484cdaae1fbb:c4487]
2019-07-09 20:06:55,968 INFO  client.GrpcClientProtocolClient (GrpcClientProtocolClient.java:onNext(255)) - client-FB00420D972B->0a7e6056-64a2-4302-b029-255d48a66d7f: receive RaftClientReply:client-FB00420D972B->0a7e6056-64a2-4302-b029-255d48a66d7f@group-1EE0336AADCF, cid=2993, SUCCESS, logIndex=0, commits[0a7e6056-64a2-4302-b029-255d48a66d7f:c4492, 82c1508e-6289-48e2-a567-a0e29c8b4903:c4488, f63d6ef8-0266-4bf3-bcb1-484cdaae1fbb:c4489]
2019-07-09 20:06:55,989 INFO  client.GrpcClientProtocolClient (GrpcClientProtocolClient.java:onNext(255)) - client-FB00420D972B->0a7e6056-64a2-4302-b029-255d48a66d7f: receive RaftClientReply:client-FB00420D972B->0a7e6056-64a2-4302-b029-255d48a66d7f@group-1EE0336AADCF, cid=2994, SUCCESS, logIndex=4495, commits[0a7e6056-64a2-4302-b029-255d48a66d7f:c4496, 82c1508e-6289-48e2-a567-a0e29c8b4903:c4494, f63d6ef8-0266-4bf3-bcb1-484cdaae1fbb:c4494]
2019-07-09 20:06:55,989 INFO  client.GrpcClientProtocolClient (GrpcClientProtocolClient.java:onNext(255)) - client-FB00420D972B->0a7e6056-64a2-4302-b029-255d48a66d7f: receive RaftClientReply:client-FB00420D972B->0a7e6056-64a2-4302-b029-255d48a66d7f@group-1EE0336AADCF, cid=2995, SUCCESS, logIndex=4496, commits[0a7e6056-64a2-4302-b029-255d48a66d7f:c4496, 82c1508e-6289-48e2-a567-a0e29c8b4903:c4494, f63d6ef8-0266-4bf3-bcb1-484cdaae1fbb:c4494]
2019-07-09 20:06:56,003 INFO  client.GrpcClientProtocolClient (GrpcClientProtocolClient.java:onNext(255)) - client-FB00420D972B->0a7e6056-64a2-4302-b029-255d48a66d7f: receive RaftClientReply:client-FB00420D972B->0a7e6056-64a2-4302-b029-255d48a66d7f@group-1EE0336AADCF, cid=2996, SUCCESS, logIndex=4499, commits[0a7e6056-64a2-4302-b029-255d48a66d7f:c4500, 82c1508e-6289-48e2-a567-a0e29c8b4903:c4496, f63d6ef8-0266-4bf3-bcb1-484cdaae1fbb:c4496]
2019-07-09 20:06:56,004 INFO  client.GrpcClientProtocolClient (GrpcClientProtocolClient.java:onNext(255)) - client-FB00420D972B->0a7e6056-64a2-4302-b029-255d48a66d7f: receive RaftClientReply:client-FB00420D972B->0a7e6056-64a2-4302-b029-255d48a66d7f@group-1EE0336AADCF, cid=2997, SUCCESS, logIndex=4500, commits[0a7e6056-64a2-4302-b029-255d48a66d7f:c4500, 82c1508e-6289-48e2-a567-a0e29c8b4903:c4496, f63d6ef8-0266-4bf3-bcb1-484cdaae1fbb:c4496]
2019-07-09 20:06:56,016 INFO  client.GrpcClientProtocolClient (GrpcClientProtocolClient.java:onNext(255)) - client-FB00420D972B->0a7e6056-64a2-4302-b029-255d48a66d7f: receive RaftClientReply:client-FB00420D972B->0a7e6056-64a2-4302-b029-255d48a66d7f@group-1EE0336AADCF, cid=2998, SUCCESS, logIndex=0, commits[0a7e6056-64a2-4302-b029-255d48a66d7f:c4502, 82c1508e-6289-48e2-a567-a0e29c8b4903:c4500, f63d6ef8-0266-4bf3-bcb1-484cdaae1fbb:c4500]
2019-07-09 20:06:56,047 INFO  client.GrpcClientProtocolClient (GrpcClientProtocolClient.java:onNext(255)) - client-FB00420D972B->0a7e6056-64a2-4302-b029-255d48a66d7f: receive RaftClientReply:client-FB00420D972B->0a7e6056-64a2-4302-b029-255d48a66d7f@group-1EE0336AADCF, cid=2999, SUCCESS, logIndex=4503, commits[0a7e6056-64a2-4302-b029-255d48a66d7f:c4504, 82c1508e-6289-48e2-a567-a0e29c8b4903:c4502, f63d6ef8-0266-4bf3-bcb1-484cdaae1fbb:c4502]
2019-07-09 20:06:56,048 INFO  client.GrpcClientProtocolClient (GrpcClientProtocolClient.java:onNext(255)) - client-FB00420D972B->0a7e6056-64a2-4302-b029-255d48a66d7f: receive RaftClientReply:client-FB00420D972B->0a7e6056-64a2-4302-b029-255d48a66d7f@group-1EE0336AADCF, cid=3000, SUCCESS, logIndex=4504, commits[0a7e6056-64a2-4302-b029-255d48a66d7f:c4506, 82c1508e-6289-48e2-a567-a0e29c8b4903:c4502, f63d6ef8-0266-4bf3-bcb1-484cdaae1fbb:c4502]
2019-07-09 20:06:56,048 INFO  client.GrpcClientProtocolClient (GrpcClientProtocolClient.java:onNext(255)) - client-FB00420D972B->0a7e6056-64a2-4302-b029-255d48a66d7f: receive RaftClientReply:client-FB00420D972B->0a7e6056-64a2-4302-b029-255d48a66d7f@group-1EE0336AADCF, cid=3001, SUCCESS, logIndex=4505, commits[0a7e6056-64a2-4302-b029-255d48a66d7f:c4506, 82c1508e-6289-48e2-a567-a0e29c8b4903:c4502, f63d6ef8-0266-4bf3-bcb1-484cdaae1fbb:c4502]
2019-07-09 20:06:56,049 INFO  client.GrpcClientProtocolClient (GrpcClientProtocolClient.java:onNext(255)) - client-FB00420D972B->0a7e6056-64a2-4302-b029-255d48a66d7f: receive RaftClientReply:client-FB00420D972B->0a7e6056-64a2-4302-b029-255d48a66d7f@group-1EE0336AADCF, cid=3002, SUCCESS, logIndex=4506, commits[0a7e6056-64a2-4302-b029-255d48a66d7f:c4506, 82c1508e-6289-48e2-a567-a0e29c8b4903:c4502, f63d6ef8-0266-4bf3-bcb1-484cdaae1fbb:c4502]
2019-07-09 20:06:56,050 INFO  client.GrpcClientProtocolClient (GrpcClientProtocolClient.java:onNext(255)) - client-FB00420D972B->0a7e6056-64a2-4302-b029-255d48a66d7f: receive RaftClientReply:client-FB00420D972B->0a7e6056-64a2-4302-b029-255d48a66d7f@group-1EE0336AADCF, cid=3003, SUCCESS, logIndex=0, commits[0a7e6056-64a2-4302-b029-255d48a66d7f:c4508, 82c1508e-6289-48e2-a567-a0e29c8b4903:c4505, f63d6ef8-0266-4bf3-bcb1-484cdaae1fbb:c4504]
2019-07-09 20:06:56,069 INFO  client.GrpcClientProtocolClient (GrpcClientProtocolClient.java:onNext(255)) - client-FB00420D972B->0a7e6056-64a2-4302-b029-255d48a66d7f: receive RaftClientReply:client-FB00420D972B->0a7e6056-64a2-4302-b029-255d48a66d7f@group-1EE0336AADCF, cid=3004, SUCCESS, logIndex=4511, commits[0a7e6056-64a2-4302-b029-255d48a66d7f:c4512, 82c1508e-6289-48e2-a567-a0e29c8b4903:c4510, f63d6ef8-0266-4bf3-bcb1-484cdaae1fbb:c4510]
2019-07-09 20:06:56,070 INFO  client.GrpcClientProtocolClient (GrpcClientProtocolClient.java:onNext(255)) - client-FB00420D972B->0a7e6056-64a2-4302-b029-255d48a66d7f: receive RaftClientReply:client-FB00420D972B->0a7e6056-64a2-4302-b029-255d48a66d7f@group-1EE0336AADCF, cid=3005, SUCCESS, logIndex=4512, commits[0a7e6056-64a2-4302-b029-255d48a66d7f:c4512, 82c1508e-6289-48e2-a567-a0e29c8b4903:c4510, f63d6ef8-0266-4bf3-bcb1-484cdaae1fbb:c4510]
2019-07-09 20:06:56,084 INFO  client.GrpcClientProtocolClient (GrpcClientProtocolClient.java:onNext(255)) - client-FB00420D972B->0a7e6056-64a2-4302-b029-255d48a66d7f: receive RaftClientReply:client-FB00420D972B->0a7e6056-64a2-4302-b029-255d48a66d7f@group-1EE0336AADCF, cid=3006, SUCCESS, logIndex=4515, commits[0a7e6056-64a2-4302-b029-255d48a66d7f:c4516, 82c1508e-6289-48e2-a567-a0e29c8b4903:c4512, f63d6ef8-0266-4bf3-bcb1-484cdaae1fbb:c4512]
2019-07-09 20:06:56,085 INFO  client.GrpcClientProtocolClient (GrpcClientProtocolClient.java:onNext(255)) - client-FB00420D972B->0a7e6056-64a2-4302-b029-255d48a66d7f: receive RaftClientReply:client-FB00420D972B->0a7e6056-64a2-4302-b029-255d48a66d7f@group-1EE0336AADCF, cid=3007, SUCCESS, logIndex=4516, commits[0a7e6056-64a2-4302-b029-255d48a66d7f:c4516, 82c1508e-6289-48e2-a567-a0e29c8b4903:c4512, f63d6ef8-0266-4bf3-bcb1-484cdaae1fbb:c4512]
2019-07-09 20:06:56,099 INFO  client.GrpcClientProtocolClient (GrpcClientProtocolClient.java:onNext(255)) - client-FB00420D972B->0a7e6056-64a2-4302-b029-255d48a66d7f: receive RaftClientReply:client-FB00420D972B->0a7e6056-64a2-4302-b029-255d48a66d7f@group-1EE0336AADCF, cid=3008, SUCCESS, logIndex=0, commits[0a7e6056-64a2-4302-b029-255d48a66d7f:c4518, 82c1508e-6289-48e2-a567-a0e29c8b4903:c4516, f63d6ef8-0266-4bf3-bcb1-484cdaae1fbb:c4516]
2019-07-09 20:06:56,127 INFO  client.GrpcClientProtocolClient (GrpcClientProtocolClient.java:onNext(255)) - client-FB00420D972B->0a7e6056-64a2-4302-b029-255d48a66d7f: receive RaftClientReply:client-FB00420D972B->0a7e6056-64a2-4302-b029-255d48a66d7f@group-1EE0336AADCF, cid=3009, SUCCESS, logIndex=4519, commits[0a7e6056-64a2-4302-b029-255d48a66d7f:c4520, 82c1508e-6289-48e2-a567-a0e29c8b4903:c4518, f63d6ef8-0266-4bf3-bcb1-484cdaae1fbb:c4518]
2019-07-09 20:06:56,127 INFO  client.GrpcClientProtocolClient (GrpcClientProtocolClient.java:onNext(255)) - client-FB00420D972B->0a7e6056-64a2-4302-b029-255d48a66d7f: receive RaftClientReply:client-FB00420D972B->0a7e6056-64a2-4302-b029-255d48a66d7f@group-1EE0336AADCF, cid=3010, SUCCESS, logIndex=4520, commits[0a7e6056-64a2-4302-b029-255d48a66d7f:c4520, 82c1508e-6289-48e2-a567-a0e29c8b4903:c4518, f63d6ef8-0266-4bf3-bcb1-484cdaae1fbb:c4518]
2019-07-09 20:06:56,127 INFO  client.GrpcClientProtocolClient (GrpcClientProtocolClient.java:onNext(255)) - client-FB00420D972B->0a7e6056-64a2-4302-b029-255d48a66d7f: receive RaftClientReply:client-FB00420D972B->0a7e6056-64a2-4302-b029-255d48a66d7f@group-1EE0336AADCF, cid=3011, SUCCESS, logIndex=4521, commits[0a7e6056-64a2-4302-b029-255d48a66d7f:c4522, 82c1508e-6289-48e2-a567-a0e29c8b4903:c4518, f63d6ef8-0266-4bf3-bcb1-484cdaae1fbb:c4518]
2019-07-09 20:06:56,128 INFO  client.GrpcClientProtocolClient (GrpcClientProtocolClient.java:onNext(255)) - client-FB00420D972B->0a7e6056-64a2-4302-b029-255d48a66d7f: receive RaftClientReply:client-FB00420D972B->0a7e6056-64a2-4302-b029-255d48a66d7f@group-1EE0336AADCF, cid=3012, SUCCESS, logIndex=4522, commits[0a7e6056-64a2-4302-b029-255d48a66d7f:c4522, 82c1508e-6289-48e2-a567-a0e29c8b4903:c4518, f63d6ef8-0266-4bf3-bcb1-484cdaae1fbb:c4518]
2019-07-09 20:06:56,141 INFO  client.GrpcClientProtocolClient (GrpcClientProtocolClient.java:onNext(255)) - client-FB00420D972B->0a7e6056-64a2-4302-b029-255d48a66d7f: receive RaftClientReply:client-FB00420D972B->0a7e6056-64a2-4302-b029-255d48a66d7f@group-1EE0336AADCF, cid=3013, SUCCESS, logIndex=0, commits[0a7e6056-64a2-4302-b029-255d48a66d7f:c4524, 82c1508e-6289-48e2-a567-a0e29c8b4903:c4520, f63d6ef8-0266-4bf3-bcb1-484cdaae1fbb:c4520]
2019-07-09 20:06:56,160 INFO  client.GrpcClientProtocolClient (GrpcClientProtocolClient.java:onNext(255)) - client-FB00420D972B->0a7e6056-64a2-4302-b029-255d48a66d7f: receive RaftClientReply:client-FB00420D972B->0a7e6056-64a2-4302-b029-255d48a66d7f@group-1EE0336AADCF, cid=3014, SUCCESS, logIndex=4527, commits[0a7e6056-64a2-4302-b029-255d48a66d7f:c4528, 82c1508e-6289-48e2-a567-a0e29c8b4903:c4526, f63d6ef8-0266-4bf3-bcb1-484cdaae1fbb:c4526]
2019-07-09 20:06:56,161 INFO  client.GrpcClientProtocolClient (GrpcClientProtocolClient.java:onNext(255)) - client-FB00420D972B->0a7e6056-64a2-4302-b029-255d48a66d7f: receive RaftClientReply:client-FB00420D972B->0a7e6056-64a2-4302-b029-255d48a66d7f@group-1EE0336AADCF, cid=3015, SUCCESS, logIndex=4528, commits[0a7e6056-64a2-4302-b029-255d48a66d7f:c4528, 82c1508e-6289-48e2-a567-a0e29c8b4903:c4526, f63d6ef8-0266-4bf3-bcb1-484cdaae1fbb:c4526]
2019-07-09 20:06:56,183 INFO  client.GrpcClientProtocolClient (GrpcClientProtocolClient.java:onNext(255)) - client-FB00420D972B->0a7e6056-64a2-4302-b029-255d48a66d7f: receive RaftClientReply:client-FB00420D972B->0a7e6056-64a2-4302-b029-255d48a66d7f@group-1EE0336AADCF, cid=3016, SUCCESS, logIndex=4531, commits[0a7e6056-64a2-4302-b029-255d48a66d7f:c4532, 82c1508e-6289-48e2-a567-a0e29c8b4903:c4528, f63d6ef8-0266-4bf3-bcb1-484cdaae1fbb:c4528]
2019-07-09 20:06:56,183 INFO  client.GrpcClientProtocolClient (GrpcClientProtocolClient.java:onNext(255)) - client-FB00420D972B->0a7e6056-64a2-4302-b029-255d48a66d7f: receive RaftClientReply:client-FB00420D972B->0a7e6056-64a2-4302-b029-255d48a66d7f@group-1EE0336AADCF, cid=3017, SUCCESS, logIndex=4532, commits[0a7e6056-64a2-4302-b029-255d48a66d7f:c4532, 82c1508e-6289-48e2-a567-a0e29c8b4903:c4528, f63d6ef8-0266-4bf3-bcb1-484cdaae1fbb:c4528]
2019-07-09 20:06:56,186 INFO  client.GrpcClientProtocolClient (GrpcClientProtocolClient.java:onNext(255)) - client-FB00420D972B->0a7e6056-64a2-4302-b029-255d48a66d7f: receive RaftClientReply:client-FB00420D972B->0a7e6056-64a2-4302-b029-255d48a66d7f@group-1EE0336AADCF, cid=3018, SUCCESS, logIndex=0, commits[0a7e6056-64a2-4302-b029-255d48a66d7f:c4534, 82c1508e-6289-48e2-a567-a0e29c8b4903:c4532, f63d6ef8-0266-4bf3-bcb1-484cdaae1fbb:c4532]
2019-07-09 20:06:56,222 INFO  client.GrpcClientProtocolClient (GrpcClientProtocolClient.java:onNext(255)) - client-FB00420D972B->0a7e6056-64a2-4302-b029-255d48a66d7f: receive RaftClientReply:client-FB00420D972B->0a7e6056-64a2-4302-b029-255d48a66d7f@group-1EE0336AADCF, cid=3019, SUCCESS, logIndex=4535, commits[0a7e6056-64a2-4302-b029-255d48a66d7f:c4537, 82c1508e-6289-48e2-a567-a0e29c8b4903:c4534, f63d6ef8-0266-4bf3-bcb1-484cdaae1fbb:c4534]
2019-07-09 20:06:56,222 INFO  client.GrpcClientProtocolClient (GrpcClientProtocolClient.java:onNext(255)) - client-FB00420D972B->0a7e6056-64a2-4302-b029-255d48a66d7f: receive RaftClientReply:client-FB00420D972B->0a7e6056-64a2-4302-b029-255d48a66d7f@group-1EE0336AADCF, cid=3020, SUCCESS, logIndex=4536, commits[0a7e6056-64a2-4302-b029-255d48a66d7f:c4538, 82c1508e-6289-48e2-a567-a0e29c8b4903:c4534, f63d6ef8-0266-4bf3-bcb1-484cdaae1fbb:c4534]
2019-07-09 20:06:56,222 INFO  client.GrpcClientProtocolClient (GrpcClientProtocolClient.java:onNext(255)) - client-FB00420D972B->0a7e6056-64a2-4302-b029-255d48a66d7f: receive RaftClientReply:client-FB00420D972B->0a7e6056-64a2-4302-b029-255d48a66d7f@group-1EE0336AADCF, cid=3021, SUCCESS, logIndex=4537, commits[0a7e6056-64a2-4302-b029-255d48a66d7f:c4538, 82c1508e-6289-48e2-a567-a0e29c8b4903:c4534, f63d6ef8-0266-4bf3-bcb1-484cdaae1fbb:c4534]
2019-07-09 20:06:56,223 INFO  client.GrpcClientProtocolClient (GrpcClientProtocolClient.java:onNext(255)) - client-FB00420D972B->0a7e6056-64a2-4302-b029-255d48a66d7f: receive RaftClientReply:client-FB00420D972B->0a7e6056-64a2-4302-b029-255d48a66d7f@group-1EE0336AADCF, cid=3022, SUCCESS, logIndex=4538, commits[0a7e6056-64a2-4302-b029-255d48a66d7f:c4538, 82c1508e-6289-48e2-a567-a0e29c8b4903:c4534, f63d6ef8-0266-4bf3-bcb1-484cdaae1fbb:c4534]
2019-07-09 20:06:56,234 INFO  client.GrpcClientProtocolClient (GrpcClientProtocolClient.java:onNext(255)) - client-FB00420D972B->0a7e6056-64a2-4302-b029-255d48a66d7f: receive RaftClientReply:client-FB00420D972B->0a7e6056-64a2-4302-b029-255d48a66d7f@group-1EE0336AADCF, cid=3023, SUCCESS, logIndex=0, commits[0a7e6056-64a2-4302-b029-255d48a66d7f:c4541, 82c1508e-6289-48e2-a567-a0e29c8b4903:c4537, f63d6ef8-0266-4bf3-bcb1-484cdaae1fbb:c4536]
2019-07-09 20:06:56,255 INFO  client.GrpcClientProtocolClient (GrpcClientProtocolClient.java:onNext(255)) - client-FB00420D972B->0a7e6056-64a2-4302-b029-255d48a66d7f: receive RaftClientReply:client-FB00420D972B->0a7e6056-64a2-4302-b029-255d48a66d7f@group-1EE0336AADCF, cid=3024, SUCCESS, logIndex=4543, commits[0a7e6056-64a2-4302-b029-255d48a66d7f:c4544, 82c1508e-6289-48e2-a567-a0e29c8b4903:c4542, f63d6ef8-0266-4bf3-bcb1-484cdaae1fbb:c4542]
2019-07-09 20:06:56,256 INFO  client.GrpcClientProtocolClient (GrpcClientProtocolClient.java:onNext(255)) - client-FB00420D972B->0a7e6056-64a2-4302-b029-255d48a66d7f: receive RaftClientReply:client-FB00420D972B->0a7e6056-64a2-4302-b029-255d48a66d7f@group-1EE0336AADCF, cid=3025, SUCCESS, logIndex=4544, commits[0a7e6056-64a2-4302-b029-255d48a66d7f:c4544, 82c1508e-6289-48e2-a567-a0e29c8b4903:c4542, f63d6ef8-0266-4bf3-bcb1-484cdaae1fbb:c4542]
2019-07-09 20:06:56,269 INFO  client.GrpcClientProtocolClient (GrpcClientProtocolClient.java:onNext(255)) - client-FB00420D972B->0a7e6056-64a2-4302-b029-255d48a66d7f: receive RaftClientReply:client-FB00420D972B->0a7e6056-64a2-4302-b029-255d48a66d7f@group-1EE0336AADCF, cid=3026, SUCCESS, logIndex=4547, commits[0a7e6056-64a2-4302-b029-255d48a66d7f:c4548, 82c1508e-6289-48e2-a567-a0e29c8b4903:c4544, f63d6ef8-0266-4bf3-bcb1-484cdaae1fbb:c4544]
2019-07-09 20:06:56,269 INFO  client.GrpcClientProtocolClient (GrpcClientProtocolClient.java:onNext(255)) - client-FB00420D972B->0a7e6056-64a2-4302-b029-255d48a66d7f: receive RaftClientReply:client-FB00420D972B->0a7e6056-64a2-4302-b029-255d48a66d7f@group-1EE0336AADCF, cid=3027, SUCCESS, logIndex=4548, commits[0a7e6056-64a2-4302-b029-255d48a66d7f:c4548, 82c1508e-6289-48e2-a567-a0e29c8b4903:c4544, f63d6ef8-0266-4bf3-bcb1-484cdaae1fbb:c4544]
2019-07-09 20:06:56,283 INFO  client.GrpcClientProtocolClient (GrpcClientProtocolClient.java:onNext(255)) - client-FB00420D972B->0a7e6056-64a2-4302-b029-255d48a66d7f: receive RaftClientReply:client-FB00420D972B->0a7e6056-64a2-4302-b029-255d48a66d7f@group-1EE0336AADCF, cid=3028, SUCCESS, logIndex=0, commits[0a7e6056-64a2-4302-b029-255d48a66d7f:c4550, 82c1508e-6289-48e2-a567-a0e29c8b4903:c4548, f63d6ef8-0266-4bf3-bcb1-484cdaae1fbb:c4548]
2019-07-09 20:06:56,438 INFO  client.GrpcClientProtocolClient (GrpcClientProtocolClient.java:onNext(255)) - client-FB00420D972B->0a7e6056-64a2-4302-b029-255d48a66d7f: receive RaftClientReply:client-FB00420D972B->0a7e6056-64a2-4302-b029-255d48a66d7f@group-1EE0336AADCF, cid=3029, SUCCESS, logIndex=4551, commits[0a7e6056-64a2-4302-b029-255d48a66d7f:c4553, 82c1508e-6289-48e2-a567-a0e29c8b4903:c4550, f63d6ef8-0266-4bf3-bcb1-484cdaae1fbb:c4550]
2019-07-09 20:06:56,439 INFO  client.GrpcClientProtocolClient (GrpcClientProtocolClient.java:onNext(255)) - client-FB00420D972B->0a7e6056-64a2-4302-b029-255d48a66d7f: receive RaftClientReply:client-FB00420D972B->0a7e6056-64a2-4302-b029-255d48a66d7f@group-1EE0336AADCF, cid=3030, SUCCESS, logIndex=4552, commits[0a7e6056-64a2-4302-b029-255d48a66d7f:c4554, 82c1508e-6289-48e2-a567-a0e29c8b4903:c4550, f63d6ef8-0266-4bf3-bcb1-484cdaae1fbb:c4550]
2019-07-09 20:06:56,439 INFO  client.GrpcClientProtocolClient (GrpcClientProtocolClient.java:onNext(255)) - client-FB00420D972B->0a7e6056-64a2-4302-b029-255d48a66d7f: receive RaftClientReply:client-FB00420D972B->0a7e6056-64a2-4302-b029-255d48a66d7f@group-1EE0336AADCF, cid=3031, SUCCESS, logIndex=4553, commits[0a7e6056-64a2-4302-b029-255d48a66d7f:c4554, 82c1508e-6289-48e2-a567-a0e29c8b4903:c4550, f63d6ef8-0266-4bf3-bcb1-484cdaae1fbb:c4550]
2019-07-09 20:06:56,439 INFO  client.GrpcClientProtocolClient (GrpcClientProtocolClient.java:onNext(255)) - client-FB00420D972B->0a7e6056-64a2-4302-b029-255d48a66d7f: receive RaftClientReply:client-FB00420D972B->0a7e6056-64a2-4302-b029-255d48a66d7f@group-1EE0336AADCF, cid=3032, SUCCESS, logIndex=4554, commits[0a7e6056-64a2-4302-b029-255d48a66d7f:c4554, 82c1508e-6289-48e2-a567-a0e29c8b4903:c4550, f63d6ef8-0266-4bf3-bcb1-484cdaae1fbb:c4550]
2019-07-09 20:06:56,460 INFO  client.GrpcClientProtocolClient (GrpcClientProtocolClient.java:onNext(255)) - client-FB00420D972B->0a7e6056-64a2-4302-b029-255d48a66d7f: receive RaftClientReply:client-FB00420D972B->0a7e6056-64a2-4302-b029-255d48a66d7f@group-1EE0336AADCF, cid=3033, SUCCESS, logIndex=0, commits[0a7e6056-64a2-4302-b029-255d48a66d7f:c4556, 82c1508e-6289-48e2-a567-a0e29c8b4903:c4553, f63d6ef8-0266-4bf3-bcb1-484cdaae1fbb:c4553]
2019-07-09 20:06:56,475 INFO  client.GrpcClientProtocolClient (GrpcClientProtocolClient.java:onNext(255)) - client-FB00420D972B->0a7e6056-64a2-4302-b029-255d48a66d7f: receive RaftClientReply:client-FB00420D972B->0a7e6056-64a2-4302-b029-255d48a66d7f@group-1EE0336AADCF, cid=3034, SUCCESS, logIndex=4559, commits[0a7e6056-64a2-4302-b029-255d48a66d7f:c4560, 82c1508e-6289-48e2-a567-a0e29c8b4903:c4558, f63d6ef8-0266-4bf3-bcb1-484cdaae1fbb:c4558]
2019-07-09 20:06:56,475 INFO  client.GrpcClientProtocolClient (GrpcClientProtocolClient.java:onNext(255)) - client-FB00420D972B->0a7e6056-64a2-4302-b029-255d48a66d7f: receive RaftClientReply:client-FB00420D972B->0a7e6056-64a2-4302-b029-255d48a66d7f@group-1EE0336AADCF, cid=3035, SUCCESS, logIndex=4560, commits[0a7e6056-64a2-4302-b029-255d48a66d7f:c4560, 82c1508e-6289-48e2-a567-a0e29c8b4903:c4558, f63d6ef8-0266-4bf3-bcb1-484cdaae1fbb:c4558]
2019-07-09 20:06:56,488 INFO  client.GrpcClientProtocolClient (GrpcClientProtocolClient.java:onNext(255)) - client-FB00420D972B->0a7e6056-64a2-4302-b029-255d48a66d7f: receive RaftClientReply:client-FB00420D972B->0a7e6056-64a2-4302-b029-255d48a66d7f@group-1EE0336AADCF, cid=3036, SUCCESS, logIndex=4563, commits[0a7e6056-64a2-4302-b029-255d48a66d7f:c4564, 82c1508e-6289-48e2-a567-a0e29c8b4903:c4560, f63d6ef8-0266-4bf3-bcb1-484cdaae1fbb:c4560]
2019-07-09 20:06:56,488 INFO  client.GrpcClientProtocolClient (GrpcClientProtocolClient.java:onNext(255)) - client-FB00420D972B->0a7e6056-64a2-4302-b029-255d48a66d7f: receive RaftClientReply:client-FB00420D972B->0a7e6056-64a2-4302-b029-255d48a66d7f@group-1EE0336AADCF, cid=3037, SUCCESS, logIndex=4564, commits[0a7e6056-64a2-4302-b029-255d48a66d7f:c4564, 82c1508e-6289-48e2-a567-a0e29c8b4903:c4560, f63d6ef8-0266-4bf3-bcb1-484cdaae1fbb:c4560]
2019-07-09 20:06:56,491 INFO  client.GrpcClientProtocolClient (GrpcClientProtocolClient.java:onNext(255)) - client-FB00420D972B->0a7e6056-64a2-4302-b029-255d48a66d7f: receive RaftClientReply:client-FB00420D972B->0a7e6056-64a2-4302-b029-255d48a66d7f@group-1EE0336AADCF, cid=3038, SUCCESS, logIndex=0, commits[0a7e6056-64a2-4302-b029-255d48a66d7f:c4566, 82c1508e-6289-48e2-a567-a0e29c8b4903:c4564, f63d6ef8-0266-4bf3-bcb1-484cdaae1fbb:c4564]
2019-07-09 20:06:56,523 INFO  client.GrpcClientProtocolClient (GrpcClientProtocolClient.java:onNext(255)) - client-FB00420D972B->0a7e6056-64a2-4302-b029-255d48a66d7f: receive RaftClientReply:client-FB00420D972B->0a7e6056-64a2-4302-b029-255d48a66d7f@group-1EE0336AADCF, cid=3039, SUCCESS, logIndex=4567, commits[0a7e6056-64a2-4302-b029-255d48a66d7f:c4568, 82c1508e-6289-48e2-a567-a0e29c8b4903:c4566, f63d6ef8-0266-4bf3-bcb1-484cdaae1fbb:c4566]
2019-07-09 20:06:56,524 INFO  client.GrpcClientProtocolClient (GrpcClientProtocolClient.java:onNext(255)) - client-FB00420D972B->0a7e6056-64a2-4302-b029-255d48a66d7f: receive RaftClientReply:client-FB00420D972B->0a7e6056-64a2-4302-b029-255d48a66d7f@group-1EE0336AADCF, cid=3040, SUCCESS, logIndex=4568, commits[0a7e6056-64a2-4302-b029-255d48a66d7f:c4568, 82c1508e-6289-48e2-a567-a0e29c8b4903:c4566, f63d6ef8-0266-4bf3-bcb1-484cdaae1fbb:c4566]
2019-07-09 20:06:56,524 INFO  client.GrpcClientProtocolClient (GrpcClientProtocolClient.java:onNext(255)) - client-FB00420D972B->0a7e6056-64a2-4302-b029-255d48a66d7f: receive RaftClientReply:client-FB00420D972B->0a7e6056-64a2-4302-b029-255d48a66d7f@group-1EE0336AADCF, cid=3041, SUCCESS, logIndex=4569, commits[0a7e6056-64a2-4302-b029-255d48a66d7f:c4570, 82c1508e-6289-48e2-a567-a0e29c8b4903:c4566, f63d6ef8-0266-4bf3-bcb1-484cdaae1fbb:c4566]
2019-07-09 20:06:56,525 INFO  client.GrpcClientProtocolClient (GrpcClientProtocolClient.java:onNext(255)) - client-FB00420D972B->0a7e6056-64a2-4302-b029-255d48a66d7f: receive RaftClientReply:client-FB00420D972B->0a7e6056-64a2-4302-b029-255d48a66d7f@group-1EE0336AADCF, cid=3042, SUCCESS, logIndex=4570, commits[0a7e6056-64a2-4302-b029-255d48a66d7f:c4570, 82c1508e-6289-48e2-a567-a0e29c8b4903:c4566, f63d6ef8-0266-4bf3-bcb1-484cdaae1fbb:c4566]
2019-07-09 20:06:56,526 INFO  client.GrpcClientProtocolClient (GrpcClientProtocolClient.java:onNext(255)) - client-FB00420D972B->0a7e6056-64a2-4302-b029-255d48a66d7f: receive RaftClientReply:client-FB00420D972B->0a7e6056-64a2-4302-b029-255d48a66d7f@group-1EE0336AADCF, cid=3043, SUCCESS, logIndex=0, commits[0a7e6056-64a2-4302-b029-255d48a66d7f:c4572, 82c1508e-6289-48e2-a567-a0e29c8b4903:c4568, f63d6ef8-0266-4bf3-bcb1-484cdaae1fbb:c4568]
2019-07-09 20:06:56,547 INFO  client.GrpcClientProtocolClient (GrpcClientProtocolClient.java:onNext(255)) - client-FB00420D972B->0a7e6056-64a2-4302-b029-255d48a66d7f: receive RaftClientReply:client-FB00420D972B->0a7e6056-64a2-4302-b029-255d48a66d7f@group-1EE0336AADCF, cid=3044, SUCCESS, logIndex=4575, commits[0a7e6056-64a2-4302-b029-255d48a66d7f:c4576, 82c1508e-6289-48e2-a567-a0e29c8b4903:c4574, f63d6ef8-0266-4bf3-bcb1-484cdaae1fbb:c4574]
2019-07-09 20:06:56,547 INFO  client.GrpcClientProtocolClient (GrpcClientProtocolClient.java:onNext(255)) - client-FB00420D972B->0a7e6056-64a2-4302-b029-255d48a66d7f: receive RaftClientReply:client-FB00420D972B->0a7e6056-64a2-4302-b029-255d48a66d7f@group-1EE0336AADCF, cid=3045, SUCCESS, logIndex=4576, commits[0a7e6056-64a2-4302-b029-255d48a66d7f:c4576, 82c1508e-6289-48e2-a567-a0e29c8b4903:c4574, f63d6ef8-0266-4bf3-bcb1-484cdaae1fbb:c4574]
2019-07-09 20:06:56,562 INFO  client.GrpcClientProtocolClient (GrpcClientProtocolClient.java:onNext(255)) - client-FB00420D972B->0a7e6056-64a2-4302-b029-255d48a66d7f: receive RaftClientReply:client-FB00420D972B->0a7e6056-64a2-4302-b029-255d48a66d7f@group-1EE0336AADCF, cid=3046, SUCCESS, logIndex=4579, commits[0a7e6056-64a2-4302-b029-255d48a66d7f:c4580, 82c1508e-6289-48e2-a567-a0e29c8b4903:c4576, f63d6ef8-0266-4bf3-bcb1-484cdaae1fbb:c4576]
2019-07-09 20:06:56,563 INFO  client.GrpcClientProtocolClient (GrpcClientProtocolClient.java:onNext(255)) - client-FB00420D972B->0a7e6056-64a2-4302-b029-255d48a66d7f: receive RaftClientReply:client-FB00420D972B->0a7e6056-64a2-4302-b029-255d48a66d7f@group-1EE0336AADCF, cid=3047, SUCCESS, logIndex=4580, commits[0a7e6056-64a2-4302-b029-255d48a66d7f:c4580, 82c1508e-6289-48e2-a567-a0e29c8b4903:c4576, f63d6ef8-0266-4bf3-bcb1-484cdaae1fbb:c4576]
2019-07-09 20:06:56,577 INFO  client.GrpcClientProtocolClient (GrpcClientProtocolClient.java:onNext(255)) - client-FB00420D972B->0a7e6056-64a2-4302-b029-255d48a66d7f: receive RaftClientReply:client-FB00420D972B->0a7e6056-64a2-4302-b029-255d48a66d7f@group-1EE0336AADCF, cid=3048, SUCCESS, logIndex=0, commits[0a7e6056-64a2-4302-b029-255d48a66d7f:c4582, 82c1508e-6289-48e2-a567-a0e29c8b4903:c4580, f63d6ef8-0266-4bf3-bcb1-484cdaae1fbb:c4580]
2019-07-09 20:06:56,610 INFO  client.GrpcClientProtocolClient (GrpcClientProtocolClient.java:onNext(255)) - client-FB00420D972B->0a7e6056-64a2-4302-b029-255d48a66d7f: receive RaftClientReply:client-FB00420D972B->0a7e6056-64a2-4302-b029-255d48a66d7f@group-1EE0336AADCF, cid=3049, SUCCESS, logIndex=4583, commits[0a7e6056-64a2-4302-b029-255d48a66d7f:c4584, 82c1508e-6289-48e2-a567-a0e29c8b4903:c4582, f63d6ef8-0266-4bf3-bcb1-484cdaae1fbb:c4582]
2019-07-09 20:06:56,610 INFO  client.GrpcClientProtocolClient (GrpcClientProtocolClient.java:onNext(255)) - client-FB00420D972B->0a7e6056-64a2-4302-b029-255d48a66d7f: receive RaftClientReply:client-FB00420D972B->0a7e6056-64a2-4302-b029-255d48a66d7f@group-1EE0336AADCF, cid=3050, SUCCESS, logIndex=4584, commits[0a7e6056-64a2-4302-b029-255d48a66d7f:c4586, 82c1508e-6289-48e2-a567-a0e29c8b4903:c4582, f63d6ef8-0266-4bf3-bcb1-484cdaae1fbb:c4582]
2019-07-09 20:06:56,610 INFO  client.GrpcClientProtocolClient (GrpcClientProtocolClient.java:onNext(255)) - client-FB00420D972B->0a7e6056-64a2-4302-b029-255d48a66d7f: receive RaftClientReply:client-FB00420D972B->0a7e6056-64a2-4302-b029-255d48a66d7f@group-1EE0336AADCF, cid=3051, SUCCESS, logIndex=4585, commits[0a7e6056-64a2-4302-b029-255d48a66d7f:c4586, 82c1508e-6289-48e2-a567-a0e29c8b4903:c4582, f63d6ef8-0266-4bf3-bcb1-484cdaae1fbb:c4582]
2019-07-09 20:06:56,611 INFO  client.GrpcClientProtocolClient (GrpcClientProtocolClient.java:onNext(255)) - client-FB00420D972B->0a7e6056-64a2-4302-b029-255d48a66d7f: receive RaftClientReply:client-FB00420D972B->0a7e6056-64a2-4302-b029-255d48a66d7f@group-1EE0336AADCF, cid=3052, SUCCESS, logIndex=4586, commits[0a7e6056-64a2-4302-b029-255d48a66d7f:c4586, 82c1508e-6289-48e2-a567-a0e29c8b4903:c4582, f63d6ef8-0266-4bf3-bcb1-484cdaae1fbb:c4582]
2019-07-09 20:06:56,624 INFO  client.GrpcClientProtocolClient (GrpcClientProtocolClient.java:onNext(255)) - client-FB00420D972B->0a7e6056-64a2-4302-b029-255d48a66d7f: receive RaftClientReply:client-FB00420D972B->0a7e6056-64a2-4302-b029-255d48a66d7f@group-1EE0336AADCF, cid=3053, SUCCESS, logIndex=0, commits[0a7e6056-64a2-4302-b029-255d48a66d7f:c4588, 82c1508e-6289-48e2-a567-a0e29c8b4903:c4584, f63d6ef8-0266-4bf3-bcb1-484cdaae1fbb:c4584]
2019-07-09 20:06:56,645 INFO  client.GrpcClientProtocolClient (GrpcClientProtocolClient.java:onNext(255)) - client-FB00420D972B->0a7e6056-64a2-4302-b029-255d48a66d7f: receive RaftClientReply:client-FB00420D972B->0a7e6056-64a2-4302-b029-255d48a66d7f@group-1EE0336AADCF, cid=3054, SUCCESS, logIndex=4590, commits[0a7e6056-64a2-4302-b029-255d48a66d7f:c4591, 82c1508e-6289-48e2-a567-a0e29c8b4903:c4589, f63d6ef8-0266-4bf3-bcb1-484cdaae1fbb:c4589]
2019-07-09 20:06:56,645 INFO  client.GrpcClientProtocolClient (GrpcClientProtocolClient.java:onNext(255)) - client-FB00420D972B->0a7e6056-64a2-4302-b029-255d48a66d7f: receive RaftClientReply:client-FB00420D972B->0a7e6056-64a2-4302-b029-255d48a66d7f@group-1EE0336AADCF, cid=3055, SUCCESS, logIndex=4591, commits[0a7e6056-64a2-4302-b029-255d48a66d7f:c4591, 82c1508e-6289-48e2-a567-a0e29c8b4903:c4589, f63d6ef8-0266-4bf3-bcb1-484cdaae1fbb:c4589]
2019-07-09 20:06:56,658 INFO  client.GrpcClientProtocolClient (GrpcClientProtocolClient.java:onNext(255)) - client-FB00420D972B->0a7e6056-64a2-4302-b029-255d48a66d7f: receive RaftClientReply:client-FB00420D972B->0a7e6056-64a2-4302-b029-255d48a66d7f@group-1EE0336AADCF, cid=3056, SUCCESS, logIndex=4594, commits[0a7e6056-64a2-4302-b029-255d48a66d7f:c4595, 82c1508e-6289-48e2-a567-a0e29c8b4903:c4591, f63d6ef8-0266-4bf3-bcb1-484cdaae1fbb:c4590]
2019-07-09 20:06:56,658 INFO  client.GrpcClientProtocolClient (GrpcClientProtocolClient.java:onNext(255)) - client-FB00420D972B->0a7e6056-64a2-4302-b029-255d48a66d7f: receive RaftClientReply:client-FB00420D972B->0a7e6056-64a2-4302-b029-255d48a66d7f@group-1EE0336AADCF, cid=3057, SUCCESS, logIndex=4595, commits[0a7e6056-64a2-4302-b029-255d48a66d7f:c4595, 82c1508e-6289-48e2-a567-a0e29c8b4903:c4591, f63d6ef8-0266-4bf3-bcb1-484cdaae1fbb:c4591]
2019-07-09 20:06:56,659 INFO  client.GrpcClientProtocolClient (GrpcClientProtocolClient.java:onNext(255)) - client-FB00420D972B->0a7e6056-64a2-4302-b029-255d48a66d7f: receive RaftClientReply:client-FB00420D972B->0a7e6056-64a2-4302-b029-255d48a66d7f@group-1EE0336AADCF, cid=3058, SUCCESS, logIndex=0, commits[0a7e6056-64a2-4302-b029-255d48a66d7f:c4596, 82c1508e-6289-48e2-a567-a0e29c8b4903:c4595, f63d6ef8-0266-4bf3-bcb1-484cdaae1fbb:c4595]
2019-07-09 20:06:56,700 INFO  client.GrpcClientProtocolClient (GrpcClientProtocolClient.java:onNext(255)) - client-FB00420D972B->0a7e6056-64a2-4302-b029-255d48a66d7f: receive RaftClientReply:client-FB00420D972B->0a7e6056-64a2-4302-b029-255d48a66d7f@group-1EE0336AADCF, cid=3059, SUCCESS, logIndex=4598, commits[0a7e6056-64a2-4302-b029-255d48a66d7f:c4599, 82c1508e-6289-48e2-a567-a0e29c8b4903:c4597, f63d6ef8-0266-4bf3-bcb1-484cdaae1fbb:c4597]
2019-07-09 20:06:56,700 INFO  client.GrpcClientProtocolClient (GrpcClientProtocolClient.java:onNext(255)) - client-FB00420D972B->0a7e6056-64a2-4302-b029-255d48a66d7f: receive RaftClientReply:client-FB00420D972B->0a7e6056-64a2-4302-b029-255d48a66d7f@group-1EE0336AADCF, cid=3060, SUCCESS, logIndex=4599, commits[0a7e6056-64a2-4302-b029-255d48a66d7f:c4599, 82c1508e-6289-48e2-a567-a0e29c8b4903:c4597, f63d6ef8-0266-4bf3-bcb1-484cdaae1fbb:c4597]
2019-07-09 20:06:56,711 INFO  client.GrpcClientProtocolClient (GrpcClientProtocolClient.java:onNext(255)) - client-FB00420D972B->0a7e6056-64a2-4302-b029-255d48a66d7f: receive RaftClientReply:client-FB00420D972B->0a7e6056-64a2-4302-b029-255d48a66d7f@group-1EE0336AADCF, cid=3061, SUCCESS, logIndex=4600, commits[0a7e6056-64a2-4302-b029-255d48a66d7f:c4601, 82c1508e-6289-48e2-a567-a0e29c8b4903:c4597, f63d6ef8-0266-4bf3-bcb1-484cdaae1fbb:c4599]
2019-07-09 20:06:56,711 INFO  client.GrpcClientProtocolClient (GrpcClientProtocolClient.java:onNext(255)) - client-FB00420D972B->0a7e6056-64a2-4302-b029-255d48a66d7f: receive RaftClientReply:client-FB00420D972B->0a7e6056-64a2-4302-b029-255d48a66d7f@group-1EE0336AADCF, cid=3062, SUCCESS, logIndex=4601, commits[0a7e6056-64a2-4302-b029-255d48a66d7f:c4601, 82c1508e-6289-48e2-a567-a0e29c8b4903:c4597, f63d6ef8-0266-4bf3-bcb1-484cdaae1fbb:c4599]
2019-07-09 20:06:56,712 INFO  client.GrpcClientProtocolClient (GrpcClientProtocolClient.java:onNext(255)) - client-FB00420D972B->0a7e6056-64a2-4302-b029-255d48a66d7f: receive RaftClientReply:client-FB00420D972B->0a7e6056-64a2-4302-b029-255d48a66d7f@group-1EE0336AADCF, cid=3063, SUCCESS, logIndex=0, commits[0a7e6056-64a2-4302-b029-255d48a66d7f:c4603, 82c1508e-6289-48e2-a567-a0e29c8b4903:c4599, f63d6ef8-0266-4bf3-bcb1-484cdaae1fbb:c4599]
2019-07-09 20:06:56,734 INFO  client.GrpcClientProtocolClient (GrpcClientProtocolClient.java:onNext(255)) - client-FB00420D972B->0a7e6056-64a2-4302-b029-255d48a66d7f: receive RaftClientReply:client-FB00420D972B->0a7e6056-64a2-4302-b029-255d48a66d7f@group-1EE0336AADCF, cid=3064, SUCCESS, logIndex=4605, commits[0a7e6056-64a2-4302-b029-255d48a66d7f:c4606, 82c1508e-6289-48e2-a567-a0e29c8b4903:c4604, f63d6ef8-0266-4bf3-bcb1-484cdaae1fbb:c4604]
2019-07-09 20:06:56,734 INFO  client.GrpcClientProtocolClient (GrpcClientProtocolClient.java:onNext(255)) - client-FB00420D972B->0a7e6056-64a2-4302-b029-255d48a66d7f: receive RaftClientReply:client-FB00420D972B->0a7e6056-64a2-4302-b029-255d48a66d7f@group-1EE0336AADCF, cid=3065, SUCCESS, logIndex=4606, commits[0a7e6056-64a2-4302-b029-255d48a66d7f:c4606, 82c1508e-6289-48e2-a567-a0e29c8b4903:c4604, f63d6ef8-0266-4bf3-bcb1-484cdaae1fbb:c4604]
2019-07-09 20:06:56,758 INFO  client.GrpcClientProtocolClient (GrpcClientProtocolClient.java:onNext(255)) - client-FB00420D972B->0a7e6056-64a2-4302-b029-255d48a66d7f: receive RaftClientReply:client-FB00420D972B->0a7e6056-64a2-4302-b029-255d48a66d7f@group-1EE0336AADCF, cid=3066, SUCCESS, logIndex=4609, commits[0a7e6056-64a2-4302-b029-255d48a66d7f:c4610, 82c1508e-6289-48e2-a567-a0e29c8b4903:c4606, f63d6ef8-0266-4bf3-bcb1-484cdaae1fbb:c4606]
2019-07-09 20:06:56,758 INFO  client.GrpcClientProtocolClient (GrpcClientProtocolClient.java:onNext(255)) - client-FB00420D972B->0a7e6056-64a2-4302-b029-255d48a66d7f: receive RaftClientReply:client-FB00420D972B->0a7e6056-64a2-4302-b029-255d48a66d7f@group-1EE0336AADCF, cid=3067, SUCCESS, logIndex=4610, commits[0a7e6056-64a2-4302-b029-255d48a66d7f:c4610, 82c1508e-6289-48e2-a567-a0e29c8b4903:c4606, f63d6ef8-0266-4bf3-bcb1-484cdaae1fbb:c4606]
2019-07-09 20:06:56,769 INFO  client.GrpcClientProtocolClient (GrpcClientProtocolClient.java:onNext(255)) - client-FB00420D972B->0a7e6056-64a2-4302-b029-255d48a66d7f: receive RaftClientReply:client-FB00420D972B->0a7e6056-64a2-4302-b029-255d48a66d7f@group-1EE0336AADCF, cid=3068, SUCCESS, logIndex=0, commits[0a7e6056-64a2-4302-b029-255d48a66d7f:c4611, 82c1508e-6289-48e2-a567-a0e29c8b4903:c4610, f63d6ef8-0266-4bf3-bcb1-484cdaae1fbb:c4610]
2019-07-09 20:06:56,802 INFO  client.GrpcClientProtocolClient (GrpcClientProtocolClient.java:onNext(255)) - client-FB00420D972B->0a7e6056-64a2-4302-b029-255d48a66d7f: receive RaftClientReply:client-FB00420D972B->0a7e6056-64a2-4302-b029-255d48a66d7f@group-1EE0336AADCF, cid=3069, SUCCESS, logIndex=4613, commits[0a7e6056-64a2-4302-b029-255d48a66d7f:c4614, 82c1508e-6289-48e2-a567-a0e29c8b4903:c4612, f63d6ef8-0266-4bf3-bcb1-484cdaae1fbb:c4612]
2019-07-09 20:06:56,802 INFO  client.GrpcClientProtocolClient (GrpcClientProtocolClient.java:onNext(255)) - client-FB00420D972B->0a7e6056-64a2-4302-b029-255d48a66d7f: receive RaftClientReply:client-FB00420D972B->0a7e6056-64a2-4302-b029-255d48a66d7f@group-1EE0336AADCF, cid=3070, SUCCESS, logIndex=4614, commits[0a7e6056-64a2-4302-b029-255d48a66d7f:c4614, 82c1508e-6289-48e2-a567-a0e29c8b4903:c4612, f63d6ef8-0266-4bf3-bcb1-484cdaae1fbb:c4612]
2019-07-09 20:06:56,803 INFO  client.GrpcClientProtocolClient (GrpcClientProtocolClient.java:onNext(255)) - client-FB00420D972B->0a7e6056-64a2-4302-b029-255d48a66d7f: receive RaftClientReply:client-FB00420D972B->0a7e6056-64a2-4302-b029-255d48a66d7f@group-1EE0336AADCF, cid=3071, SUCCESS, logIndex=4615, commits[0a7e6056-64a2-4302-b029-255d48a66d7f:c4616, 82c1508e-6289-48e2-a567-a0e29c8b4903:c4612, f63d6ef8-0266-4bf3-bcb1-484cdaae1fbb:c4612]
2019-07-09 20:06:56,803 INFO  client.GrpcClientProtocolClient (GrpcClientProtocolClient.java:onNext(255)) - client-FB00420D972B->0a7e6056-64a2-4302-b029-255d48a66d7f: receive RaftClientReply:client-FB00420D972B->0a7e6056-64a2-4302-b029-255d48a66d7f@group-1EE0336AADCF, cid=3072, SUCCESS, logIndex=4616, commits[0a7e6056-64a2-4302-b029-255d48a66d7f:c4616, 82c1508e-6289-48e2-a567-a0e29c8b4903:c4612, f63d6ef8-0266-4bf3-bcb1-484cdaae1fbb:c4612]
2019-07-09 20:06:56,815 INFO  client.GrpcClientProtocolClient (GrpcClientProtocolClient.java:onNext(255)) - client-FB00420D972B->0a7e6056-64a2-4302-b029-255d48a66d7f: receive RaftClientReply:client-FB00420D972B->0a7e6056-64a2-4302-b029-255d48a66d7f@group-1EE0336AADCF, cid=3073, SUCCESS, logIndex=0, commits[0a7e6056-64a2-4302-b029-255d48a66d7f:c4618, 82c1508e-6289-48e2-a567-a0e29c8b4903:c4614, f63d6ef8-0266-4bf3-bcb1-484cdaae1fbb:c4614]
 0.00% |█                                                                                                    |  0/1 Time: 0:00:282019-07-09 20:06:56,839 INFO  client.GrpcClientProtocolClient (GrpcClientProtocolClient.java:onNext(255)) - client-FB00420D972B->0a7e6056-64a2-4302-b029-255d48a66d7f: receive RaftClientReply:client-FB00420D972B->0a7e6056-64a2-4302-b029-255d48a66d7f@group-1EE0336AADCF, cid=3074, SUCCESS, logIndex=4621, commits[0a7e6056-64a2-4302-b029-255d48a66d7f:c4622, 82c1508e-6289-48e2-a567-a0e29c8b4903:c4620, f63d6ef8-0266-4bf3-bcb1-484cdaae1fbb:c4620]
2019-07-09 20:06:56,840 INFO  client.GrpcClientProtocolClient (GrpcClientProtocolClient.java:onNext(255)) - client-FB00420D972B->0a7e6056-64a2-4302-b029-255d48a66d7f: receive RaftClientReply:client-FB00420D972B->0a7e6056-64a2-4302-b029-255d48a66d7f@group-1EE0336AADCF, cid=3075, SUCCESS, logIndex=4622, commits[0a7e6056-64a2-4302-b029-255d48a66d7f:c4622, 82c1508e-6289-48e2-a567-a0e29c8b4903:c4620, f63d6ef8-0266-4bf3-bcb1-484cdaae1fbb:c4620]
2019-07-09 20:06:56,863 INFO  client.GrpcClientProtocolClient (GrpcClientProtocolClient.java:onNext(255)) - client-FB00420D972B->0a7e6056-64a2-4302-b029-255d48a66d7f: receive RaftClientReply:client-FB00420D972B->0a7e6056-64a2-4302-b029-255d48a66d7f@group-1EE0336AADCF, cid=3076, SUCCESS, logIndex=4625, commits[0a7e6056-64a2-4302-b029-255d48a66d7f:c4626, 82c1508e-6289-48e2-a567-a0e29c8b4903:c4621, f63d6ef8-0266-4bf3-bcb1-484cdaae1fbb:c4622]
2019-07-09 20:06:56,863 INFO  client.GrpcClientProtocolClient (GrpcClientProtocolClient.java:onNext(255)) - client-FB00420D972B->0a7e6056-64a2-4302-b029-255d48a66d7f: receive RaftClientReply:client-FB00420D972B->0a7e6056-64a2-4302-b029-255d48a66d7f@group-1EE0336AADCF, cid=3077, SUCCESS, logIndex=4626, commits[0a7e6056-64a2-4302-b029-255d48a66d7f:c4626, 82c1508e-6289-48e2-a567-a0e29c8b4903:c4622, f63d6ef8-0266-4bf3-bcb1-484cdaae1fbb:c4622]
2019-07-09 20:06:56,866 INFO  client.GrpcClientProtocolClient (GrpcClientProtocolClient.java:onNext(255)) - client-FB00420D972B->0a7e6056-64a2-4302-b029-255d48a66d7f: receive RaftClientReply:client-FB00420D972B->0a7e6056-64a2-4302-b029-255d48a66d7f@group-1EE0336AADCF, cid=3078, SUCCESS, logIndex=0, commits[0a7e6056-64a2-4302-b029-255d48a66d7f:c4628, 82c1508e-6289-48e2-a567-a0e29c8b4903:c4626, f63d6ef8-0266-4bf3-bcb1-484cdaae1fbb:c4626]
2019-07-09 20:06:56,898 INFO  client.GrpcClientProtocolClient (GrpcClientProtocolClient.java:onNext(255)) - client-FB00420D972B->0a7e6056-64a2-4302-b029-255d48a66d7f: receive RaftClientReply:client-FB00420D972B->0a7e6056-64a2-4302-b029-255d48a66d7f@group-1EE0336AADCF, cid=3079, SUCCESS, logIndex=4629, commits[0a7e6056-64a2-4302-b029-255d48a66d7f:c4630, 82c1508e-6289-48e2-a567-a0e29c8b4903:c4628, f63d6ef8-0266-4bf3-bcb1-484cdaae1fbb:c4628]
2019-07-09 20:06:56,898 INFO  client.GrpcClientProtocolClient (GrpcClientProtocolClient.java:onNext(255)) - client-FB00420D972B->0a7e6056-64a2-4302-b029-255d48a66d7f: receive RaftClientReply:client-FB00420D972B->0a7e6056-64a2-4302-b029-255d48a66d7f@group-1EE0336AADCF, cid=3080, SUCCESS, logIndex=4630, commits[0a7e6056-64a2-4302-b029-255d48a66d7f:c4632, 82c1508e-6289-48e2-a567-a0e29c8b4903:c4628, f63d6ef8-0266-4bf3-bcb1-484cdaae1fbb:c4628]
2019-07-09 20:06:56,899 INFO  client.GrpcClientProtocolClient (GrpcClientProtocolClient.java:onNext(255)) - client-FB00420D972B->0a7e6056-64a2-4302-b029-255d48a66d7f: receive RaftClientReply:client-FB00420D972B->0a7e6056-64a2-4302-b029-255d48a66d7f@group-1EE0336AADCF, cid=3081, SUCCESS, logIndex=4631, commits[0a7e6056-64a2-4302-b029-255d48a66d7f:c4632, 82c1508e-6289-48e2-a567-a0e29c8b4903:c4628, f63d6ef8-0266-4bf3-bcb1-484cdaae1fbb:c4628]
2019-07-09 20:06:56,899 INFO  client.GrpcClientProtocolClient (GrpcClientProtocolClient.java:onNext(255)) - client-FB00420D972B->0a7e6056-64a2-4302-b029-255d48a66d7f: receive RaftClientReply:client-FB00420D972B->0a7e6056-64a2-4302-b029-255d48a66d7f@group-1EE0336AADCF, cid=3082, SUCCESS, logIndex=4632, commits[0a7e6056-64a2-4302-b029-255d48a66d7f:c4633, 82c1508e-6289-48e2-a567-a0e29c8b4903:c4628, f63d6ef8-0266-4bf3-bcb1-484cdaae1fbb:c4629]
2019-07-09 20:06:56,900 INFO  client.GrpcClientProtocolClient (GrpcClientProtocolClient.java:onNext(255)) - client-FB00420D972B->0a7e6056-64a2-4302-b029-255d48a66d7f: receive RaftClientReply:client-FB00420D972B->0a7e6056-64a2-4302-b029-255d48a66d7f@group-1EE0336AADCF, cid=3083, SUCCESS, logIndex=0, commits[0a7e6056-64a2-4302-b029-255d48a66d7f:c4636, 82c1508e-6289-48e2-a567-a0e29c8b4903:c4630, f63d6ef8-0266-4bf3-bcb1-484cdaae1fbb:c4632]
2019-07-09 20:06:56,921 INFO  client.GrpcClientProtocolClient (GrpcClientProtocolClient.java:onNext(255)) - client-FB00420D972B->0a7e6056-64a2-4302-b029-255d48a66d7f: receive RaftClientReply:client-FB00420D972B->0a7e6056-64a2-4302-b029-255d48a66d7f@group-1EE0336AADCF, cid=3084, SUCCESS, logIndex=4637, commits[0a7e6056-64a2-4302-b029-255d48a66d7f:c4638, 82c1508e-6289-48e2-a567-a0e29c8b4903:c4636, f63d6ef8-0266-4bf3-bcb1-484cdaae1fbb:c4636]
2019-07-09 20:06:56,922 INFO  client.GrpcClientProtocolClient (GrpcClientProtocolClient.java:onNext(255)) - client-FB00420D972B->0a7e6056-64a2-4302-b029-255d48a66d7f: receive RaftClientReply:client-FB00420D972B->0a7e6056-64a2-4302-b029-255d48a66d7f@group-1EE0336AADCF, cid=3085, SUCCESS, logIndex=4638, commits[0a7e6056-64a2-4302-b029-255d48a66d7f:c4638, 82c1508e-6289-48e2-a567-a0e29c8b4903:c4636, f63d6ef8-0266-4bf3-bcb1-484cdaae1fbb:c4636]
2019-07-09 20:06:56,955 INFO  client.GrpcClientProtocolClient (GrpcClientProtocolClient.java:onNext(255)) - client-FB00420D972B->0a7e6056-64a2-4302-b029-255d48a66d7f: receive RaftClientReply:client-FB00420D972B->0a7e6056-64a2-4302-b029-255d48a66d7f@group-1EE0336AADCF, cid=3086, SUCCESS, logIndex=4641, commits[0a7e6056-64a2-4302-b029-255d48a66d7f:c4642, 82c1508e-6289-48e2-a567-a0e29c8b4903:c4640, f63d6ef8-0266-4bf3-bcb1-484cdaae1fbb:c4640]
2019-07-09 20:06:56,955 INFO  client.GrpcClientProtocolClient (GrpcClientProtocolClient.java:onNext(255)) - client-FB00420D972B->0a7e6056-64a2-4302-b029-255d48a66d7f: receive RaftClientReply:client-FB00420D972B->0a7e6056-64a2-4302-b029-255d48a66d7f@group-1EE0336AADCF, cid=3087, SUCCESS, logIndex=4642, commits[0a7e6056-64a2-4302-b029-255d48a66d7f:c4642, 82c1508e-6289-48e2-a567-a0e29c8b4903:c4640, f63d6ef8-0266-4bf3-bcb1-484cdaae1fbb:c4640]
2019-07-09 20:06:56,958 INFO  client.GrpcClientProtocolClient (GrpcClientProtocolClient.java:onNext(255)) - client-FB00420D972B->0a7e6056-64a2-4302-b029-255d48a66d7f: receive RaftClientReply:client-FB00420D972B->0a7e6056-64a2-4302-b029-255d48a66d7f@group-1EE0336AADCF, cid=3088, SUCCESS, logIndex=0, commits[0a7e6056-64a2-4302-b029-255d48a66d7f:c4643, 82c1508e-6289-48e2-a567-a0e29c8b4903:c4642, f63d6ef8-0266-4bf3-bcb1-484cdaae1fbb:c4642]
2019-07-09 20:06:56,992 INFO  client.GrpcClientProtocolClient (GrpcClientProtocolClient.java:onNext(255)) - client-FB00420D972B->0a7e6056-64a2-4302-b029-255d48a66d7f: receive RaftClientReply:client-FB00420D972B->0a7e6056-64a2-4302-b029-255d48a66d7f@group-1EE0336AADCF, cid=3089, SUCCESS, logIndex=4645, commits[0a7e6056-64a2-4302-b029-255d48a66d7f:c4646, 82c1508e-6289-48e2-a567-a0e29c8b4903:c4644, f63d6ef8-0266-4bf3-bcb1-484cdaae1fbb:c4644]
2019-07-09 20:06:56,993 INFO  client.GrpcClientProtocolClient (GrpcClientProtocolClient.java:onNext(255)) - client-FB00420D972B->0a7e6056-64a2-4302-b029-255d48a66d7f: receive RaftClientReply:client-FB00420D972B->0a7e6056-64a2-4302-b029-255d48a66d7f@group-1EE0336AADCF, cid=3090, SUCCESS, logIndex=4646, commits[0a7e6056-64a2-4302-b029-255d48a66d7f:c4646, 82c1508e-6289-48e2-a567-a0e29c8b4903:c4644, f63d6ef8-0266-4bf3-bcb1-484cdaae1fbb:c4644]
2019-07-09 20:06:56,993 INFO  client.GrpcClientProtocolClient (GrpcClientProtocolClient.java:onNext(255)) - client-FB00420D972B->0a7e6056-64a2-4302-b029-255d48a66d7f: receive RaftClientReply:client-FB00420D972B->0a7e6056-64a2-4302-b029-255d48a66d7f@group-1EE0336AADCF, cid=3091, SUCCESS, logIndex=4647, commits[0a7e6056-64a2-4302-b029-255d48a66d7f:c4648, 82c1508e-6289-48e2-a567-a0e29c8b4903:c4644, f63d6ef8-0266-4bf3-bcb1-484cdaae1fbb:c4644]
2019-07-09 20:06:56,994 INFO  client.GrpcClientProtocolClient (GrpcClientProtocolClient.java:onNext(255)) - client-FB00420D972B->0a7e6056-64a2-4302-b029-255d48a66d7f: receive RaftClientReply:client-FB00420D972B->0a7e6056-64a2-4302-b029-255d48a66d7f@group-1EE0336AADCF, cid=3092, SUCCESS, logIndex=4648, commits[0a7e6056-64a2-4302-b029-255d48a66d7f:c4648, 82c1508e-6289-48e2-a567-a0e29c8b4903:c4644, f63d6ef8-0266-4bf3-bcb1-484cdaae1fbb:c4644]
2019-07-09 20:06:56,995 INFO  client.GrpcClientProtocolClient (GrpcClientProtocolClient.java:onNext(255)) - client-FB00420D972B->0a7e6056-64a2-4302-b029-255d48a66d7f: receive RaftClientReply:client-FB00420D972B->0a7e6056-64a2-4302-b029-255d48a66d7f@group-1EE0336AADCF, cid=3093, SUCCESS, logIndex=0, commits[0a7e6056-64a2-4302-b029-255d48a66d7f:c4650, 82c1508e-6289-48e2-a567-a0e29c8b4903:c4646, f63d6ef8-0266-4bf3-bcb1-484cdaae1fbb:c4646]
2019-07-09 20:06:57,016 INFO  client.GrpcClientProtocolClient (GrpcClientProtocolClient.java:onNext(255)) - client-FB00420D972B->0a7e6056-64a2-4302-b029-255d48a66d7f: receive RaftClientReply:client-FB00420D972B->0a7e6056-64a2-4302-b029-255d48a66d7f@group-1EE0336AADCF, cid=3094, SUCCESS, logIndex=4653, commits[0a7e6056-64a2-4302-b029-255d48a66d7f:c4653, 82c1508e-6289-48e2-a567-a0e29c8b4903:c4648, f63d6ef8-0266-4bf3-bcb1-484cdaae1fbb:c4652]
2019-07-09 20:06:57,017 INFO  client.GrpcClientProtocolClient (GrpcClientProtocolClient.java:onNext(255)) - client-FB00420D972B->0a7e6056-64a2-4302-b029-255d48a66d7f: receive RaftClientReply:client-FB00420D972B->0a7e6056-64a2-4302-b029-255d48a66d7f@group-1EE0336AADCF, cid=3095, SUCCESS, logIndex=4654, commits[0a7e6056-64a2-4302-b029-255d48a66d7f:c4654, 82c1508e-6289-48e2-a567-a0e29c8b4903:c4652, f63d6ef8-0266-4bf3-bcb1-484cdaae1fbb:c4652]
2019-07-09 20:06:57,042 INFO  client.GrpcClientProtocolClient (GrpcClientProtocolClient.java:onNext(255)) - client-FB00420D972B->0a7e6056-64a2-4302-b029-255d48a66d7f: receive RaftClientReply:client-FB00420D972B->0a7e6056-64a2-4302-b029-255d48a66d7f@group-1EE0336AADCF, cid=3096, SUCCESS, logIndex=4657, commits[0a7e6056-64a2-4302-b029-255d48a66d7f:c4658, 82c1508e-6289-48e2-a567-a0e29c8b4903:c4654, f63d6ef8-0266-4bf3-bcb1-484cdaae1fbb:c4654]
2019-07-09 20:06:57,043 INFO  client.GrpcClientProtocolClient (GrpcClientProtocolClient.java:onNext(255)) - client-FB00420D972B->0a7e6056-64a2-4302-b029-255d48a66d7f: receive RaftClientReply:client-FB00420D972B->0a7e6056-64a2-4302-b029-255d48a66d7f@group-1EE0336AADCF, cid=3097, SUCCESS, logIndex=4658, commits[0a7e6056-64a2-4302-b029-255d48a66d7f:c4658, 82c1508e-6289-48e2-a567-a0e29c8b4903:c4654, f63d6ef8-0266-4bf3-bcb1-484cdaae1fbb:c4654]
2019-07-09 20:06:57,054 INFO  client.GrpcClientProtocolClient (GrpcClientProtocolClient.java:onNext(255)) - client-FB00420D972B->0a7e6056-64a2-4302-b029-255d48a66d7f: receive RaftClientReply:client-FB00420D972B->0a7e6056-64a2-4302-b029-255d48a66d7f@group-1EE0336AADCF, cid=3098, SUCCESS, logIndex=0, commits[0a7e6056-64a2-4302-b029-255d48a66d7f:c4659, 82c1508e-6289-48e2-a567-a0e29c8b4903:c4658, f63d6ef8-0266-4bf3-bcb1-484cdaae1fbb:c4658]
2019-07-09 20:06:57,087 INFO  client.GrpcClientProtocolClient (GrpcClientProtocolClient.java:onNext(255)) - client-FB00420D972B->0a7e6056-64a2-4302-b029-255d48a66d7f: receive RaftClientReply:client-FB00420D972B->0a7e6056-64a2-4302-b029-255d48a66d7f@group-1EE0336AADCF, cid=3099, SUCCESS, logIndex=4661, commits[0a7e6056-64a2-4302-b029-255d48a66d7f:c4662, 82c1508e-6289-48e2-a567-a0e29c8b4903:c4660, f63d6ef8-0266-4bf3-bcb1-484cdaae1fbb:c4660]
2019-07-09 20:06:57,088 INFO  client.GrpcClientProtocolClient (GrpcClientProtocolClient.java:onNext(255)) - client-FB00420D972B->0a7e6056-64a2-4302-b029-255d48a66d7f: receive RaftClientReply:client-FB00420D972B->0a7e6056-64a2-4302-b029-255d48a66d7f@group-1EE0336AADCF, cid=3100, SUCCESS, logIndex=4662, commits[0a7e6056-64a2-4302-b029-255d48a66d7f:c4663, 82c1508e-6289-48e2-a567-a0e29c8b4903:c4660, f63d6ef8-0266-4bf3-bcb1-484cdaae1fbb:c4660]
2019-07-09 20:06:57,089 INFO  client.GrpcClientProtocolClient (GrpcClientProtocolClient.java:onNext(255)) - client-FB00420D972B->0a7e6056-64a2-4302-b029-255d48a66d7f: receive RaftClientReply:client-FB00420D972B->0a7e6056-64a2-4302-b029-255d48a66d7f@group-1EE0336AADCF, cid=3101, SUCCESS, logIndex=4663, commits[0a7e6056-64a2-4302-b029-255d48a66d7f:c4664, 82c1508e-6289-48e2-a567-a0e29c8b4903:c4660, f63d6ef8-0266-4bf3-bcb1-484cdaae1fbb:c4660]
2019-07-09 20:06:57,089 INFO  client.GrpcClientProtocolClient (GrpcClientProtocolClient.java:onNext(255)) - client-FB00420D972B->0a7e6056-64a2-4302-b029-255d48a66d7f: receive RaftClientReply:client-FB00420D972B->0a7e6056-64a2-4302-b029-255d48a66d7f@group-1EE0336AADCF, cid=3102, SUCCESS, logIndex=4664, commits[0a7e6056-64a2-4302-b029-255d48a66d7f:c4666, 82c1508e-6289-48e2-a567-a0e29c8b4903:c4660, f63d6ef8-0266-4bf3-bcb1-484cdaae1fbb:c4662]
2019-07-09 20:06:57,091 INFO  client.GrpcClientProtocolClient (GrpcClientProtocolClient.java:onNext(255)) - client-FB00420D972B->0a7e6056-64a2-4302-b029-255d48a66d7f: receive RaftClientReply:client-FB00420D972B->0a7e6056-64a2-4302-b029-255d48a66d7f@group-1EE0336AADCF, cid=3103, SUCCESS, logIndex=0, commits[0a7e6056-64a2-4302-b029-255d48a66d7f:c4667, 82c1508e-6289-48e2-a567-a0e29c8b4903:c4663, f63d6ef8-0266-4bf3-bcb1-484cdaae1fbb:c4664]
2019-07-09 20:06:57,115 INFO  client.GrpcClientProtocolClient (GrpcClientProtocolClient.java:onNext(255)) - client-FB00420D972B->0a7e6056-64a2-4302-b029-255d48a66d7f: receive RaftClientReply:client-FB00420D972B->0a7e6056-64a2-4302-b029-255d48a66d7f@group-1EE0336AADCF, cid=3104, SUCCESS, logIndex=4669, commits[0a7e6056-64a2-4302-b029-255d48a66d7f:c4670, 82c1508e-6289-48e2-a567-a0e29c8b4903:c4667, f63d6ef8-0266-4bf3-bcb1-484cdaae1fbb:c4667]
2019-07-09 20:06:57,115 INFO  client.GrpcClientProtocolClient (GrpcClientProtocolClient.java:onNext(255)) - client-FB00420D972B->0a7e6056-64a2-4302-b029-255d48a66d7f: receive RaftClientReply:client-FB00420D972B->0a7e6056-64a2-4302-b029-255d48a66d7f@group-1EE0336AADCF, cid=3105, SUCCESS, logIndex=4670, commits[0a7e6056-64a2-4302-b029-255d48a66d7f:c4670, 82c1508e-6289-48e2-a567-a0e29c8b4903:c4667, f63d6ef8-0266-4bf3-bcb1-484cdaae1fbb:c4667]
2019-07-09 20:06:57,135 INFO  client.GrpcClientProtocolClient (GrpcClientProtocolClient.java:onNext(255)) - client-FB00420D972B->0a7e6056-64a2-4302-b029-255d48a66d7f: receive RaftClientReply:client-FB00420D972B->0a7e6056-64a2-4302-b029-255d48a66d7f@group-1EE0336AADCF, cid=3106, SUCCESS, logIndex=4673, commits[0a7e6056-64a2-4302-b029-255d48a66d7f:c4674, 82c1508e-6289-48e2-a567-a0e29c8b4903:c4672, f63d6ef8-0266-4bf3-bcb1-484cdaae1fbb:c4672]
2019-07-09 20:06:57,136 INFO  client.GrpcClientProtocolClient (GrpcClientProtocolClient.java:onNext(255)) - client-FB00420D972B->0a7e6056-64a2-4302-b029-255d48a66d7f: receive RaftClientReply:client-FB00420D972B->0a7e6056-64a2-4302-b029-255d48a66d7f@group-1EE0336AADCF, cid=3107, SUCCESS, logIndex=4674, commits[0a7e6056-64a2-4302-b029-255d48a66d7f:c4674, 82c1508e-6289-48e2-a567-a0e29c8b4903:c4672, f63d6ef8-0266-4bf3-bcb1-484cdaae1fbb:c4672]
2019-07-09 20:06:57,150 INFO  client.GrpcClientProtocolClient (GrpcClientProtocolClient.java:onNext(255)) - client-FB00420D972B->0a7e6056-64a2-4302-b029-255d48a66d7f: receive RaftClientReply:client-FB00420D972B->0a7e6056-64a2-4302-b029-255d48a66d7f@group-1EE0336AADCF, cid=3108, SUCCESS, logIndex=0, commits[0a7e6056-64a2-4302-b029-255d48a66d7f:c4676, 82c1508e-6289-48e2-a567-a0e29c8b4903:c4674, f63d6ef8-0266-4bf3-bcb1-484cdaae1fbb:c4674]
2019-07-09 20:06:57,182 INFO  client.GrpcClientProtocolClient (GrpcClientProtocolClient.java:onNext(255)) - client-FB00420D972B->0a7e6056-64a2-4302-b029-255d48a66d7f: receive RaftClientReply:client-FB00420D972B->0a7e6056-64a2-4302-b029-255d48a66d7f@group-1EE0336AADCF, cid=3109, SUCCESS, logIndex=4677, commits[0a7e6056-64a2-4302-b029-255d48a66d7f:c4678, 82c1508e-6289-48e2-a567-a0e29c8b4903:c4676, f63d6ef8-0266-4bf3-bcb1-484cdaae1fbb:c4676]
2019-07-09 20:06:57,183 INFO  client.GrpcClientProtocolClient (GrpcClientProtocolClient.java:onNext(255)) - client-FB00420D972B->0a7e6056-64a2-4302-b029-255d48a66d7f: receive RaftClientReply:client-FB00420D972B->0a7e6056-64a2-4302-b029-255d48a66d7f@group-1EE0336AADCF, cid=3110, SUCCESS, logIndex=4678, commits[0a7e6056-64a2-4302-b029-255d48a66d7f:c4678, 82c1508e-6289-48e2-a567-a0e29c8b4903:c4676, f63d6ef8-0266-4bf3-bcb1-484cdaae1fbb:c4676]
2019-07-09 20:06:57,183 INFO  client.GrpcClientProtocolClient (GrpcClientProtocolClient.java:onNext(255)) - client-FB00420D972B->0a7e6056-64a2-4302-b029-255d48a66d7f: receive RaftClientReply:client-FB00420D972B->0a7e6056-64a2-4302-b029-255d48a66d7f@group-1EE0336AADCF, cid=3111, SUCCESS, logIndex=4679, commits[0a7e6056-64a2-4302-b029-255d48a66d7f:c4680, 82c1508e-6289-48e2-a567-a0e29c8b4903:c4676, f63d6ef8-0266-4bf3-bcb1-484cdaae1fbb:c4676]
2019-07-09 20:06:57,184 INFO  client.GrpcClientProtocolClient (GrpcClientProtocolClient.java:onNext(255)) - client-FB00420D972B->0a7e6056-64a2-4302-b029-255d48a66d7f: receive RaftClientReply:client-FB00420D972B->0a7e6056-64a2-4302-b029-255d48a66d7f@group-1EE0336AADCF, cid=3112, SUCCESS, logIndex=4680, commits[0a7e6056-64a2-4302-b029-255d48a66d7f:c4680, 82c1508e-6289-48e2-a567-a0e29c8b4903:c4676, f63d6ef8-0266-4bf3-bcb1-484cdaae1fbb:c4676]
2019-07-09 20:06:57,185 INFO  client.GrpcClientProtocolClient (GrpcClientProtocolClient.java:onNext(255)) - client-FB00420D972B->0a7e6056-64a2-4302-b029-255d48a66d7f: receive RaftClientReply:client-FB00420D972B->0a7e6056-64a2-4302-b029-255d48a66d7f@group-1EE0336AADCF, cid=3113, SUCCESS, logIndex=0, commits[0a7e6056-64a2-4302-b029-255d48a66d7f:c4682, 82c1508e-6289-48e2-a567-a0e29c8b4903:c4678, f63d6ef8-0266-4bf3-bcb1-484cdaae1fbb:c4678]
2019-07-09 20:06:57,208 INFO  client.GrpcClientProtocolClient (GrpcClientProtocolClient.java:onNext(255)) - client-FB00420D972B->0a7e6056-64a2-4302-b029-255d48a66d7f: receive RaftClientReply:client-FB00420D972B->0a7e6056-64a2-4302-b029-255d48a66d7f@group-1EE0336AADCF, cid=3114, SUCCESS, logIndex=4685, commits[0a7e6056-64a2-4302-b029-255d48a66d7f:c4686, 82c1508e-6289-48e2-a567-a0e29c8b4903:c4684, f63d6ef8-0266-4bf3-bcb1-484cdaae1fbb:c4680]
2019-07-09 20:06:57,208 INFO  client.GrpcClientProtocolClient (GrpcClientProtocolClient.java:onNext(255)) - client-FB00420D972B->0a7e6056-64a2-4302-b029-255d48a66d7f: receive RaftClientReply:client-FB00420D972B->0a7e6056-64a2-4302-b029-255d48a66d7f@group-1EE0336AADCF, cid=3115, SUCCESS, logIndex=4686, commits[0a7e6056-64a2-4302-b029-255d48a66d7f:c4686, 82c1508e-6289-48e2-a567-a0e29c8b4903:c4684, f63d6ef8-0266-4bf3-bcb1-484cdaae1fbb:c4684]
2019-07-09 20:06:57,230 INFO  client.GrpcClientProtocolClient (GrpcClientProtocolClient.java:onNext(255)) - client-FB00420D972B->0a7e6056-64a2-4302-b029-255d48a66d7f: receive RaftClientReply:client-FB00420D972B->0a7e6056-64a2-4302-b029-255d48a66d7f@group-1EE0336AADCF, cid=3116, SUCCESS, logIndex=4689, commits[0a7e6056-64a2-4302-b029-255d48a66d7f:c4690, 82c1508e-6289-48e2-a567-a0e29c8b4903:c4688, f63d6ef8-0266-4bf3-bcb1-484cdaae1fbb:c4688]
2019-07-09 20:06:57,230 INFO  client.GrpcClientProtocolClient (GrpcClientProtocolClient.java:onNext(255)) - client-FB00420D972B->0a7e6056-64a2-4302-b029-255d48a66d7f: receive RaftClientReply:client-FB00420D972B->0a7e6056-64a2-4302-b029-255d48a66d7f@group-1EE0336AADCF, cid=3117, SUCCESS, logIndex=4690, commits[0a7e6056-64a2-4302-b029-255d48a66d7f:c4690, 82c1508e-6289-48e2-a567-a0e29c8b4903:c4688, f63d6ef8-0266-4bf3-bcb1-484cdaae1fbb:c4688]
2019-07-09 20:06:57,244 INFO  client.GrpcClientProtocolClient (GrpcClientProtocolClient.java:onNext(255)) - client-FB00420D972B->0a7e6056-64a2-4302-b029-255d48a66d7f: receive RaftClientReply:client-FB00420D972B->0a7e6056-64a2-4302-b029-255d48a66d7f@group-1EE0336AADCF, cid=3118, SUCCESS, logIndex=0, commits[0a7e6056-64a2-4302-b029-255d48a66d7f:c4692, 82c1508e-6289-48e2-a567-a0e29c8b4903:c4690, f63d6ef8-0266-4bf3-bcb1-484cdaae1fbb:c4690]
2019-07-09 20:06:57,404 INFO  client.GrpcClientProtocolClient (GrpcClientProtocolClient.java:onNext(255)) - client-FB00420D972B->0a7e6056-64a2-4302-b029-255d48a66d7f: receive RaftClientReply:client-FB00420D972B->0a7e6056-64a2-4302-b029-255d48a66d7f@group-1EE0336AADCF, cid=3119, SUCCESS, logIndex=4693, commits[0a7e6056-64a2-4302-b029-255d48a66d7f:c4694, 82c1508e-6289-48e2-a567-a0e29c8b4903:c4692, f63d6ef8-0266-4bf3-bcb1-484cdaae1fbb:c4692]
2019-07-09 20:06:57,405 INFO  client.GrpcClientProtocolClient (GrpcClientProtocolClient.java:onNext(255)) - client-FB00420D972B->0a7e6056-64a2-4302-b029-255d48a66d7f: receive RaftClientReply:client-FB00420D972B->0a7e6056-64a2-4302-b029-255d48a66d7f@group-1EE0336AADCF, cid=3120, SUCCESS, logIndex=4694, commits[0a7e6056-64a2-4302-b029-255d48a66d7f:c4694, 82c1508e-6289-48e2-a567-a0e29c8b4903:c4692, f63d6ef8-0266-4bf3-bcb1-484cdaae1fbb:c4692]
2019-07-09 20:06:57,405 INFO  client.GrpcClientProtocolClient (GrpcClientProtocolClient.java:onNext(255)) - client-FB00420D972B->0a7e6056-64a2-4302-b029-255d48a66d7f: receive RaftClientReply:client-FB00420D972B->0a7e6056-64a2-4302-b029-255d48a66d7f@group-1EE0336AADCF, cid=3121, SUCCESS, logIndex=4695, commits[0a7e6056-64a2-4302-b029-255d48a66d7f:c4696, 82c1508e-6289-48e2-a567-a0e29c8b4903:c4692, f63d6ef8-0266-4bf3-bcb1-484cdaae1fbb:c4692]
2019-07-09 20:06:57,405 INFO  client.GrpcClientProtocolClient (GrpcClientProtocolClient.java:onNext(255)) - client-FB00420D972B->0a7e6056-64a2-4302-b029-255d48a66d7f: receive RaftClientReply:client-FB00420D972B->0a7e6056-64a2-4302-b029-255d48a66d7f@group-1EE0336AADCF, cid=3122, SUCCESS, logIndex=4696, commits[0a7e6056-64a2-4302-b029-255d48a66d7f:c4696, 82c1508e-6289-48e2-a567-a0e29c8b4903:c4692, f63d6ef8-0266-4bf3-bcb1-484cdaae1fbb:c4692]
2019-07-09 20:06:57,418 INFO  client.GrpcClientProtocolClient (GrpcClientProtocolClient.java:onNext(255)) - client-FB00420D972B->0a7e6056-64a2-4302-b029-255d48a66d7f: receive RaftClientReply:client-FB00420D972B->0a7e6056-64a2-4302-b029-255d48a66d7f@group-1EE0336AADCF, cid=3123, SUCCESS, logIndex=0, commits[0a7e6056-64a2-4302-b029-255d48a66d7f:c4698, 82c1508e-6289-48e2-a567-a0e29c8b4903:c4694, f63d6ef8-0266-4bf3-bcb1-484cdaae1fbb:c4694]
2019-07-09 20:06:57,447 INFO  client.GrpcClientProtocolClient (GrpcClientProtocolClient.java:onNext(255)) - client-FB00420D972B->0a7e6056-64a2-4302-b029-255d48a66d7f: receive RaftClientReply:client-FB00420D972B->0a7e6056-64a2-4302-b029-255d48a66d7f@group-1EE0336AADCF, cid=3124, SUCCESS, logIndex=4701, commits[0a7e6056-64a2-4302-b029-255d48a66d7f:c4701, 82c1508e-6289-48e2-a567-a0e29c8b4903:c4700, f63d6ef8-0266-4bf3-bcb1-484cdaae1fbb:c4700]
2019-07-09 20:06:57,447 INFO  client.GrpcClientProtocolClient (GrpcClientProtocolClient.java:onNext(255)) - client-FB00420D972B->0a7e6056-64a2-4302-b029-255d48a66d7f: receive RaftClientReply:client-FB00420D972B->0a7e6056-64a2-4302-b029-255d48a66d7f@group-1EE0336AADCF, cid=3125, SUCCESS, logIndex=4702, commits[0a7e6056-64a2-4302-b029-255d48a66d7f:c4702, 82c1508e-6289-48e2-a567-a0e29c8b4903:c4700, f63d6ef8-0266-4bf3-bcb1-484cdaae1fbb:c4700]
2019-07-09 20:06:57,480 INFO  client.GrpcClientProtocolClient (GrpcClientProtocolClient.java:onNext(255)) - client-FB00420D972B->0a7e6056-64a2-4302-b029-255d48a66d7f: receive RaftClientReply:client-FB00420D972B->0a7e6056-64a2-4302-b029-255d48a66d7f@group-1EE0336AADCF, cid=3126, SUCCESS, logIndex=4705, commits[0a7e6056-64a2-4302-b029-255d48a66d7f:c4706, 82c1508e-6289-48e2-a567-a0e29c8b4903:c4702, f63d6ef8-0266-4bf3-bcb1-484cdaae1fbb:c4702]
2019-07-09 20:06:57,480 INFO  client.GrpcClientProtocolClient (GrpcClientProtocolClient.java:onNext(255)) - client-FB00420D972B->0a7e6056-64a2-4302-b029-255d48a66d7f: receive RaftClientReply:client-FB00420D972B->0a7e6056-64a2-4302-b029-255d48a66d7f@group-1EE0336AADCF, cid=3127, SUCCESS, logIndex=4706, commits[0a7e6056-64a2-4302-b029-255d48a66d7f:c4706, 82c1508e-6289-48e2-a567-a0e29c8b4903:c4702, f63d6ef8-0266-4bf3-bcb1-484cdaae1fbb:c4702]
2019-07-09 20:06:57,482 INFO  client.GrpcClientProtocolClient (GrpcClientProtocolClient.java:onNext(255)) - client-FB00420D972B->0a7e6056-64a2-4302-b029-255d48a66d7f: receive RaftClientReply:client-FB00420D972B->0a7e6056-64a2-4302-b029-255d48a66d7f@group-1EE0336AADCF, cid=3128, SUCCESS, logIndex=0, commits[0a7e6056-64a2-4302-b029-255d48a66d7f:c4708, 82c1508e-6289-48e2-a567-a0e29c8b4903:c4706, f63d6ef8-0266-4bf3-bcb1-484cdaae1fbb:c4706]
2019-07-09 20:06:57,517 INFO  client.GrpcClientProtocolClient (GrpcClientProtocolClient.java:onNext(255)) - client-FB00420D972B->0a7e6056-64a2-4302-b029-255d48a66d7f: receive RaftClientReply:client-FB00420D972B->0a7e6056-64a2-4302-b029-255d48a66d7f@group-1EE0336AADCF, cid=3129, SUCCESS, logIndex=4709, commits[0a7e6056-64a2-4302-b029-255d48a66d7f:c4710, 82c1508e-6289-48e2-a567-a0e29c8b4903:c4708, f63d6ef8-0266-4bf3-bcb1-484cdaae1fbb:c4708]
2019-07-09 20:06:57,518 INFO  client.GrpcClientProtocolClient (GrpcClientProtocolClient.java:onNext(255)) - client-FB00420D972B->0a7e6056-64a2-4302-b029-255d48a66d7f: receive RaftClientReply:client-FB00420D972B->0a7e6056-64a2-4302-b029-255d48a66d7f@group-1EE0336AADCF, cid=3130, SUCCESS, logIndex=4710, commits[0a7e6056-64a2-4302-b029-255d48a66d7f:c4710, 82c1508e-6289-48e2-a567-a0e29c8b4903:c4708, f63d6ef8-0266-4bf3-bcb1-484cdaae1fbb:c4708]
2019-07-09 20:06:57,518 INFO  client.GrpcClientProtocolClient (GrpcClientProtocolClient.java:onNext(255)) - client-FB00420D972B->0a7e6056-64a2-4302-b029-255d48a66d7f: receive RaftClientReply:client-FB00420D972B->0a7e6056-64a2-4302-b029-255d48a66d7f@group-1EE0336AADCF, cid=3131, SUCCESS, logIndex=4711, commits[0a7e6056-64a2-4302-b029-255d48a66d7f:c4711, 82c1508e-6289-48e2-a567-a0e29c8b4903:c4708, f63d6ef8-0266-4bf3-bcb1-484cdaae1fbb:c4708]
2019-07-09 20:06:57,519 INFO  client.GrpcClientProtocolClient (GrpcClientProtocolClient.java:onNext(255)) - client-FB00420D972B->0a7e6056-64a2-4302-b029-255d48a66d7f: receive RaftClientReply:client-FB00420D972B->0a7e6056-64a2-4302-b029-255d48a66d7f@group-1EE0336AADCF, cid=3132, SUCCESS, logIndex=4712, commits[0a7e6056-64a2-4302-b029-255d48a66d7f:c4712, 82c1508e-6289-48e2-a567-a0e29c8b4903:c4708, f63d6ef8-0266-4bf3-bcb1-484cdaae1fbb:c4708]
2019-07-09 20:06:57,520 INFO  client.GrpcClientProtocolClient (GrpcClientProtocolClient.java:onNext(255)) - client-FB00420D972B->0a7e6056-64a2-4302-b029-255d48a66d7f: receive RaftClientReply:client-FB00420D972B->0a7e6056-64a2-4302-b029-255d48a66d7f@group-1EE0336AADCF, cid=3133, SUCCESS, logIndex=0, commits[0a7e6056-64a2-4302-b029-255d48a66d7f:c4715, 82c1508e-6289-48e2-a567-a0e29c8b4903:c4710, f63d6ef8-0266-4bf3-bcb1-484cdaae1fbb:c4711]
2019-07-09 20:06:57,541 INFO  client.GrpcClientProtocolClient (GrpcClientProtocolClient.java:onNext(255)) - client-FB00420D972B->0a7e6056-64a2-4302-b029-255d48a66d7f: receive RaftClientReply:client-FB00420D972B->0a7e6056-64a2-4302-b029-255d48a66d7f@group-1EE0336AADCF, cid=3134, SUCCESS, logIndex=4717, commits[0a7e6056-64a2-4302-b029-255d48a66d7f:c4718, 82c1508e-6289-48e2-a567-a0e29c8b4903:c4716, f63d6ef8-0266-4bf3-bcb1-484cdaae1fbb:c4716]
2019-07-09 20:06:57,541 INFO  client.GrpcClientProtocolClient (GrpcClientProtocolClient.java:onNext(255)) - client-FB00420D972B->0a7e6056-64a2-4302-b029-255d48a66d7f: receive RaftClientReply:client-FB00420D972B->0a7e6056-64a2-4302-b029-255d48a66d7f@group-1EE0336AADCF, cid=3135, SUCCESS, logIndex=4718, commits[0a7e6056-64a2-4302-b029-255d48a66d7f:c4718, 82c1508e-6289-48e2-a567-a0e29c8b4903:c4716, f63d6ef8-0266-4bf3-bcb1-484cdaae1fbb:c4716]
2019-07-09 20:06:57,555 INFO  client.GrpcClientProtocolClient (GrpcClientProtocolClient.java:onNext(255)) - client-FB00420D972B->0a7e6056-64a2-4302-b029-255d48a66d7f: receive RaftClientReply:client-FB00420D972B->0a7e6056-64a2-4302-b029-255d48a66d7f@group-1EE0336AADCF, cid=3136, SUCCESS, logIndex=4721, commits[0a7e6056-64a2-4302-b029-255d48a66d7f:c4722, 82c1508e-6289-48e2-a567-a0e29c8b4903:c4718, f63d6ef8-0266-4bf3-bcb1-484cdaae1fbb:c4717]
2019-07-09 20:06:57,556 INFO  client.GrpcClientProtocolClient (GrpcClientProtocolClient.java:onNext(255)) - client-FB00420D972B->0a7e6056-64a2-4302-b029-255d48a66d7f: receive RaftClientReply:client-FB00420D972B->0a7e6056-64a2-4302-b029-255d48a66d7f@group-1EE0336AADCF, cid=3137, SUCCESS, logIndex=4722, commits[0a7e6056-64a2-4302-b029-255d48a66d7f:c4722, 82c1508e-6289-48e2-a567-a0e29c8b4903:c4718, f63d6ef8-0266-4bf3-bcb1-484cdaae1fbb:c4718]
2019-07-09 20:06:57,558 INFO  client.GrpcClientProtocolClient (GrpcClientProtocolClient.java:onNext(255)) - client-FB00420D972B->0a7e6056-64a2-4302-b029-255d48a66d7f: receive RaftClientReply:client-FB00420D972B->0a7e6056-64a2-4302-b029-255d48a66d7f@group-1EE0336AADCF, cid=3138, SUCCESS, logIndex=0, commits[0a7e6056-64a2-4302-b029-255d48a66d7f:c4724, 82c1508e-6289-48e2-a567-a0e29c8b4903:c4722, f63d6ef8-0266-4bf3-bcb1-484cdaae1fbb:c4722]
2019-07-09 20:06:57,591 INFO  client.GrpcClientProtocolClient (GrpcClientProtocolClient.java:onNext(255)) - client-FB00420D972B->0a7e6056-64a2-4302-b029-255d48a66d7f: receive RaftClientReply:client-FB00420D972B->0a7e6056-64a2-4302-b029-255d48a66d7f@group-1EE0336AADCF, cid=3139, SUCCESS, logIndex=4725, commits[0a7e6056-64a2-4302-b029-255d48a66d7f:c4726, 82c1508e-6289-48e2-a567-a0e29c8b4903:c4724, f63d6ef8-0266-4bf3-bcb1-484cdaae1fbb:c4724]
2019-07-09 20:06:57,592 INFO  client.GrpcClientProtocolClient (GrpcClientProtocolClient.java:onNext(255)) - client-FB00420D972B->0a7e6056-64a2-4302-b029-255d48a66d7f: receive RaftClientReply:client-FB00420D972B->0a7e6056-64a2-4302-b029-255d48a66d7f@group-1EE0336AADCF, cid=3140, SUCCESS, logIndex=4726, commits[0a7e6056-64a2-4302-b029-255d48a66d7f:c4726, 82c1508e-6289-48e2-a567-a0e29c8b4903:c4724, f63d6ef8-0266-4bf3-bcb1-484cdaae1fbb:c4724]
2019-07-09 20:06:57,593 INFO  client.GrpcClientProtocolClient (GrpcClientProtocolClient.java:onNext(255)) - client-FB00420D972B->0a7e6056-64a2-4302-b029-255d48a66d7f: receive RaftClientReply:client-FB00420D972B->0a7e6056-64a2-4302-b029-255d48a66d7f@group-1EE0336AADCF, cid=3141, SUCCESS, logIndex=4727, commits[0a7e6056-64a2-4302-b029-255d48a66d7f:c4728, 82c1508e-6289-48e2-a567-a0e29c8b4903:c4724, f63d6ef8-0266-4bf3-bcb1-484cdaae1fbb:c4724]
2019-07-09 20:06:57,593 INFO  client.GrpcClientProtocolClient (GrpcClientProtocolClient.java:onNext(255)) - client-FB00420D972B->0a7e6056-64a2-4302-b029-255d48a66d7f: receive RaftClientReply:client-FB00420D972B->0a7e6056-64a2-4302-b029-255d48a66d7f@group-1EE0336AADCF, cid=3142, SUCCESS, logIndex=4728, commits[0a7e6056-64a2-4302-b029-255d48a66d7f:c4728, 82c1508e-6289-48e2-a567-a0e29c8b4903:c4724, f63d6ef8-0266-4bf3-bcb1-484cdaae1fbb:c4724]
2019-07-09 20:06:57,594 INFO  client.GrpcClientProtocolClient (GrpcClientProtocolClient.java:onNext(255)) - client-FB00420D972B->0a7e6056-64a2-4302-b029-255d48a66d7f: receive RaftClientReply:client-FB00420D972B->0a7e6056-64a2-4302-b029-255d48a66d7f@group-1EE0336AADCF, cid=3143, SUCCESS, logIndex=0, commits[0a7e6056-64a2-4302-b029-255d48a66d7f:c4730, 82c1508e-6289-48e2-a567-a0e29c8b4903:c4726, f63d6ef8-0266-4bf3-bcb1-484cdaae1fbb:c4726]
2019-07-09 20:06:57,614 INFO  client.GrpcClientProtocolClient (GrpcClientProtocolClient.java:onNext(255)) - client-FB00420D972B->0a7e6056-64a2-4302-b029-255d48a66d7f: receive RaftClientReply:client-FB00420D972B->0a7e6056-64a2-4302-b029-255d48a66d7f@group-1EE0336AADCF, cid=3144, SUCCESS, logIndex=4733, commits[0a7e6056-64a2-4302-b029-255d48a66d7f:c4734, 82c1508e-6289-48e2-a567-a0e29c8b4903:c4732, f63d6ef8-0266-4bf3-bcb1-484cdaae1fbb:c4732]
2019-07-09 20:06:57,614 INFO  client.GrpcClientProtocolClient (GrpcClientProtocolClient.java:onNext(255)) - client-FB00420D972B->0a7e6056-64a2-4302-b029-255d48a66d7f: receive RaftClientReply:client-FB00420D972B->0a7e6056-64a2-4302-b029-255d48a66d7f@group-1EE0336AADCF, cid=3145, SUCCESS, logIndex=4734, commits[0a7e6056-64a2-4302-b029-255d48a66d7f:c4734, 82c1508e-6289-48e2-a567-a0e29c8b4903:c4732, f63d6ef8-0266-4bf3-bcb1-484cdaae1fbb:c4732]
2019-07-09 20:06:57,638 INFO  client.GrpcClientProtocolClient (GrpcClientProtocolClient.java:onNext(255)) - client-FB00420D972B->0a7e6056-64a2-4302-b029-255d48a66d7f: receive RaftClientReply:client-FB00420D972B->0a7e6056-64a2-4302-b029-255d48a66d7f@group-1EE0336AADCF, cid=3146, SUCCESS, logIndex=4737, commits[0a7e6056-64a2-4302-b029-255d48a66d7f:c4738, 82c1508e-6289-48e2-a567-a0e29c8b4903:c4734, f63d6ef8-0266-4bf3-bcb1-484cdaae1fbb:c4734]
2019-07-09 20:06:57,638 INFO  client.GrpcClientProtocolClient (GrpcClientProtocolClient.java:onNext(255)) - client-FB00420D972B->0a7e6056-64a2-4302-b029-255d48a66d7f: receive RaftClientReply:client-FB00420D972B->0a7e6056-64a2-4302-b029-255d48a66d7f@group-1EE0336AADCF, cid=3147, SUCCESS, logIndex=4738, commits[0a7e6056-64a2-4302-b029-255d48a66d7f:c4738, 82c1508e-6289-48e2-a567-a0e29c8b4903:c4734, f63d6ef8-0266-4bf3-bcb1-484cdaae1fbb:c4734]
2019-07-09 20:06:57,640 INFO  client.GrpcClientProtocolClient (GrpcClientProtocolClient.java:onNext(255)) - client-FB00420D972B->0a7e6056-64a2-4302-b029-255d48a66d7f: receive RaftClientReply:client-FB00420D972B->0a7e6056-64a2-4302-b029-255d48a66d7f@group-1EE0336AADCF, cid=3148, SUCCESS, logIndex=0, commits[0a7e6056-64a2-4302-b029-255d48a66d7f:c4739, 82c1508e-6289-48e2-a567-a0e29c8b4903:c4738, f63d6ef8-0266-4bf3-bcb1-484cdaae1fbb:c4738]
2019-07-09 20:06:57,671 INFO  client.GrpcClientProtocolClient (GrpcClientProtocolClient.java:onNext(255)) - client-FB00420D972B->0a7e6056-64a2-4302-b029-255d48a66d7f: receive RaftClientReply:client-FB00420D972B->0a7e6056-64a2-4302-b029-255d48a66d7f@group-1EE0336AADCF, cid=3149, SUCCESS, logIndex=4741, commits[0a7e6056-64a2-4302-b029-255d48a66d7f:c4742, 82c1508e-6289-48e2-a567-a0e29c8b4903:c4740, f63d6ef8-0266-4bf3-bcb1-484cdaae1fbb:c4740]
2019-07-09 20:06:57,671 INFO  client.GrpcClientProtocolClient (GrpcClientProtocolClient.java:onNext(255)) - client-FB00420D972B->0a7e6056-64a2-4302-b029-255d48a66d7f: receive RaftClientReply:client-FB00420D972B->0a7e6056-64a2-4302-b029-255d48a66d7f@group-1EE0336AADCF, cid=3150, SUCCESS, logIndex=4742, commits[0a7e6056-64a2-4302-b029-255d48a66d7f:c4744, 82c1508e-6289-48e2-a567-a0e29c8b4903:c4740, f63d6ef8-0266-4bf3-bcb1-484cdaae1fbb:c4740]
2019-07-09 20:06:57,671 INFO  client.GrpcClientProtocolClient (GrpcClientProtocolClient.java:onNext(255)) - client-FB00420D972B->0a7e6056-64a2-4302-b029-255d48a66d7f: receive RaftClientReply:client-FB00420D972B->0a7e6056-64a2-4302-b029-255d48a66d7f@group-1EE0336AADCF, cid=3151, SUCCESS, logIndex=4743, commits[0a7e6056-64a2-4302-b029-255d48a66d7f:c4744, 82c1508e-6289-48e2-a567-a0e29c8b4903:c4740, f63d6ef8-0266-4bf3-bcb1-484cdaae1fbb:c4740]
2019-07-09 20:06:57,672 INFO  client.GrpcClientProtocolClient (GrpcClientProtocolClient.java:onNext(255)) - client-FB00420D972B->0a7e6056-64a2-4302-b029-255d48a66d7f: receive RaftClientReply:client-FB00420D972B->0a7e6056-64a2-4302-b029-255d48a66d7f@group-1EE0336AADCF, cid=3152, SUCCESS, logIndex=4744, commits[0a7e6056-64a2-4302-b029-255d48a66d7f:c4744, 82c1508e-6289-48e2-a567-a0e29c8b4903:c4740, f63d6ef8-0266-4bf3-bcb1-484cdaae1fbb:c4740]
2019-07-09 20:06:57,673 INFO  client.GrpcClientProtocolClient (GrpcClientProtocolClient.java:onNext(255)) - client-FB00420D972B->0a7e6056-64a2-4302-b029-255d48a66d7f: receive RaftClientReply:client-FB00420D972B->0a7e6056-64a2-4302-b029-255d48a66d7f@group-1EE0336AADCF, cid=3153, SUCCESS, logIndex=0, commits[0a7e6056-64a2-4302-b029-255d48a66d7f:c4748, 82c1508e-6289-48e2-a567-a0e29c8b4903:c4744, f63d6ef8-0266-4bf3-bcb1-484cdaae1fbb:c4742]
2019-07-09 20:06:57,693 INFO  client.GrpcClientProtocolClient (GrpcClientProtocolClient.java:onNext(255)) - client-FB00420D972B->0a7e6056-64a2-4302-b029-255d48a66d7f: receive RaftClientReply:client-FB00420D972B->0a7e6056-64a2-4302-b029-255d48a66d7f@group-1EE0336AADCF, cid=3154, SUCCESS, logIndex=4749, commits[0a7e6056-64a2-4302-b029-255d48a66d7f:c4750, 82c1508e-6289-48e2-a567-a0e29c8b4903:c4748, f63d6ef8-0266-4bf3-bcb1-484cdaae1fbb:c4748]
2019-07-09 20:06:57,693 INFO  client.GrpcClientProtocolClient (GrpcClientProtocolClient.java:onNext(255)) - client-FB00420D972B->0a7e6056-64a2-4302-b029-255d48a66d7f: receive RaftClientReply:client-FB00420D972B->0a7e6056-64a2-4302-b029-255d48a66d7f@group-1EE0336AADCF, cid=3155, SUCCESS, logIndex=4750, commits[0a7e6056-64a2-4302-b029-255d48a66d7f:c4750, 82c1508e-6289-48e2-a567-a0e29c8b4903:c4748, f63d6ef8-0266-4bf3-bcb1-484cdaae1fbb:c4748]
2019-07-09 20:06:57,706 INFO  client.GrpcClientProtocolClient (GrpcClientProtocolClient.java:onNext(255)) - client-FB00420D972B->0a7e6056-64a2-4302-b029-255d48a66d7f: receive RaftClientReply:client-FB00420D972B->0a7e6056-64a2-4302-b029-255d48a66d7f@group-1EE0336AADCF, cid=3156, SUCCESS, logIndex=4753, commits[0a7e6056-64a2-4302-b029-255d48a66d7f:c4754, 82c1508e-6289-48e2-a567-a0e29c8b4903:c4750, f63d6ef8-0266-4bf3-bcb1-484cdaae1fbb:c4750]
2019-07-09 20:06:57,706 INFO  client.GrpcClientProtocolClient (GrpcClientProtocolClient.java:onNext(255)) - client-FB00420D972B->0a7e6056-64a2-4302-b029-255d48a66d7f: receive RaftClientReply:client-FB00420D972B->0a7e6056-64a2-4302-b029-255d48a66d7f@group-1EE0336AADCF, cid=3157, SUCCESS, logIndex=4754, commits[0a7e6056-64a2-4302-b029-255d48a66d7f:c4754, 82c1508e-6289-48e2-a567-a0e29c8b4903:c4750, f63d6ef8-0266-4bf3-bcb1-484cdaae1fbb:c4750]
2019-07-09 20:06:57,735 INFO  client.GrpcClientProtocolClient (GrpcClientProtocolClient.java:onNext(255)) - client-FB00420D972B->0a7e6056-64a2-4302-b029-255d48a66d7f: receive RaftClientReply:client-FB00420D972B->0a7e6056-64a2-4302-b029-255d48a66d7f@group-1EE0336AADCF, cid=3158, SUCCESS, logIndex=0, commits[0a7e6056-64a2-4302-b029-255d48a66d7f:c4756, 82c1508e-6289-48e2-a567-a0e29c8b4903:c4754, f63d6ef8-0266-4bf3-bcb1-484cdaae1fbb:c4754]
2019-07-09 20:06:57,767 INFO  client.GrpcClientProtocolClient (GrpcClientProtocolClient.java:onNext(255)) - client-FB00420D972B->0a7e6056-64a2-4302-b029-255d48a66d7f: receive RaftClientReply:client-FB00420D972B->0a7e6056-64a2-4302-b029-255d48a66d7f@group-1EE0336AADCF, cid=3159, SUCCESS, logIndex=4757, commits[0a7e6056-64a2-4302-b029-255d48a66d7f:c4759, 82c1508e-6289-48e2-a567-a0e29c8b4903:c4756, f63d6ef8-0266-4bf3-bcb1-484cdaae1fbb:c4756]
2019-07-09 20:06:57,768 INFO  client.GrpcClientProtocolClient (GrpcClientProtocolClient.java:onNext(255)) - client-FB00420D972B->0a7e6056-64a2-4302-b029-255d48a66d7f: receive RaftClientReply:client-FB00420D972B->0a7e6056-64a2-4302-b029-255d48a66d7f@group-1EE0336AADCF, cid=3160, SUCCESS, logIndex=4758, commits[0a7e6056-64a2-4302-b029-255d48a66d7f:c4760, 82c1508e-6289-48e2-a567-a0e29c8b4903:c4756, f63d6ef8-0266-4bf3-bcb1-484cdaae1fbb:c4756]
2019-07-09 20:06:57,768 INFO  client.GrpcClientProtocolClient (GrpcClientProtocolClient.java:onNext(255)) - client-FB00420D972B->0a7e6056-64a2-4302-b029-255d48a66d7f: receive RaftClientReply:client-FB00420D972B->0a7e6056-64a2-4302-b029-255d48a66d7f@group-1EE0336AADCF, cid=3161, SUCCESS, logIndex=4759, commits[0a7e6056-64a2-4302-b029-255d48a66d7f:c4760, 82c1508e-6289-48e2-a567-a0e29c8b4903:c4756, f63d6ef8-0266-4bf3-bcb1-484cdaae1fbb:c4756]
2019-07-09 20:06:57,769 INFO  client.GrpcClientProtocolClient (GrpcClientProtocolClient.java:onNext(255)) - client-FB00420D972B->0a7e6056-64a2-4302-b029-255d48a66d7f: receive RaftClientReply:client-FB00420D972B->0a7e6056-64a2-4302-b029-255d48a66d7f@group-1EE0336AADCF, cid=3162, SUCCESS, logIndex=4760, commits[0a7e6056-64a2-4302-b029-255d48a66d7f:c4760, 82c1508e-6289-48e2-a567-a0e29c8b4903:c4756, f63d6ef8-0266-4bf3-bcb1-484cdaae1fbb:c4756]
2019-07-09 20:06:57,772 INFO  client.GrpcClientProtocolClient (GrpcClientProtocolClient.java:onNext(255)) - client-FB00420D972B->0a7e6056-64a2-4302-b029-255d48a66d7f: receive RaftClientReply:client-FB00420D972B->0a7e6056-64a2-4302-b029-255d48a66d7f@group-1EE0336AADCF, cid=3163, SUCCESS, logIndex=0, commits[0a7e6056-64a2-4302-b029-255d48a66d7f:c4764, 82c1508e-6289-48e2-a567-a0e29c8b4903:c4758, f63d6ef8-0266-4bf3-bcb1-484cdaae1fbb:c4760]
2019-07-09 20:06:57,792 INFO  client.GrpcClientProtocolClient (GrpcClientProtocolClient.java:onNext(255)) - client-FB00420D972B->0a7e6056-64a2-4302-b029-255d48a66d7f: receive RaftClientReply:client-FB00420D972B->0a7e6056-64a2-4302-b029-255d48a66d7f@group-1EE0336AADCF, cid=3164, SUCCESS, logIndex=4765, commits[0a7e6056-64a2-4302-b029-255d48a66d7f:c4766, 82c1508e-6289-48e2-a567-a0e29c8b4903:c4764, f63d6ef8-0266-4bf3-bcb1-484cdaae1fbb:c4764]
2019-07-09 20:06:57,792 INFO  client.GrpcClientProtocolClient (GrpcClientProtocolClient.java:onNext(255)) - client-FB00420D972B->0a7e6056-64a2-4302-b029-255d48a66d7f: receive RaftClientReply:client-FB00420D972B->0a7e6056-64a2-4302-b029-255d48a66d7f@group-1EE0336AADCF, cid=3165, SUCCESS, logIndex=4766, commits[0a7e6056-64a2-4302-b029-255d48a66d7f:c4766, 82c1508e-6289-48e2-a567-a0e29c8b4903:c4764, f63d6ef8-0266-4bf3-bcb1-484cdaae1fbb:c4764]
2019-07-09 20:06:57,807 INFO  client.GrpcClientProtocolClient (GrpcClientProtocolClient.java:onNext(255)) - client-FB00420D972B->0a7e6056-64a2-4302-b029-255d48a66d7f: receive RaftClientReply:client-FB00420D972B->0a7e6056-64a2-4302-b029-255d48a66d7f@group-1EE0336AADCF, cid=3166, SUCCESS, logIndex=4769, commits[0a7e6056-64a2-4302-b029-255d48a66d7f:c4769, 82c1508e-6289-48e2-a567-a0e29c8b4903:c4766, f63d6ef8-0266-4bf3-bcb1-484cdaae1fbb:c4766]
2019-07-09 20:06:57,807 INFO  client.GrpcClientProtocolClient (GrpcClientProtocolClient.java:onNext(255)) - client-FB00420D972B->0a7e6056-64a2-4302-b029-255d48a66d7f: receive RaftClientReply:client-FB00420D972B->0a7e6056-64a2-4302-b029-255d48a66d7f@group-1EE0336AADCF, cid=3167, SUCCESS, logIndex=4770, commits[0a7e6056-64a2-4302-b029-255d48a66d7f:c4770, 82c1508e-6289-48e2-a567-a0e29c8b4903:c4766, f63d6ef8-0266-4bf3-bcb1-484cdaae1fbb:c4766]
2019-07-09 20:06:57,820 INFO  client.GrpcClientProtocolClient (GrpcClientProtocolClient.java:onNext(255)) - client-FB00420D972B->0a7e6056-64a2-4302-b029-255d48a66d7f: receive RaftClientReply:client-FB00420D972B->0a7e6056-64a2-4302-b029-255d48a66d7f@group-1EE0336AADCF, cid=3168, SUCCESS, logIndex=0, commits[0a7e6056-64a2-4302-b029-255d48a66d7f:c4772, 82c1508e-6289-48e2-a567-a0e29c8b4903:c4770, f63d6ef8-0266-4bf3-bcb1-484cdaae1fbb:c4770]
 0.00% |█                                                                                                    |  0/1 Time: 0:00:292019-07-09 20:06:57,851 INFO  client.GrpcClientProtocolClient (GrpcClientProtocolClient.java:onNext(255)) - client-FB00420D972B->0a7e6056-64a2-4302-b029-255d48a66d7f: receive RaftClientReply:client-FB00420D972B->0a7e6056-64a2-4302-b029-255d48a66d7f@group-1EE0336AADCF, cid=3169, SUCCESS, logIndex=4773, commits[0a7e6056-64a2-4302-b029-255d48a66d7f:c4774, 82c1508e-6289-48e2-a567-a0e29c8b4903:c4772, f63d6ef8-0266-4bf3-bcb1-484cdaae1fbb:c4772]
2019-07-09 20:06:57,852 INFO  client.GrpcClientProtocolClient (GrpcClientProtocolClient.java:onNext(255)) - client-FB00420D972B->0a7e6056-64a2-4302-b029-255d48a66d7f: receive RaftClientReply:client-FB00420D972B->0a7e6056-64a2-4302-b029-255d48a66d7f@group-1EE0336AADCF, cid=3170, SUCCESS, logIndex=4774, commits[0a7e6056-64a2-4302-b029-255d48a66d7f:c4774, 82c1508e-6289-48e2-a567-a0e29c8b4903:c4772, f63d6ef8-0266-4bf3-bcb1-484cdaae1fbb:c4772]
2019-07-09 20:06:57,852 INFO  client.GrpcClientProtocolClient (GrpcClientProtocolClient.java:onNext(255)) - client-FB00420D972B->0a7e6056-64a2-4302-b029-255d48a66d7f: receive RaftClientReply:client-FB00420D972B->0a7e6056-64a2-4302-b029-255d48a66d7f@group-1EE0336AADCF, cid=3171, SUCCESS, logIndex=4775, commits[0a7e6056-64a2-4302-b029-255d48a66d7f:c4776, 82c1508e-6289-48e2-a567-a0e29c8b4903:c4772, f63d6ef8-0266-4bf3-bcb1-484cdaae1fbb:c4772]
2019-07-09 20:06:57,852 INFO  client.GrpcClientProtocolClient (GrpcClientProtocolClient.java:onNext(255)) - client-FB00420D972B->0a7e6056-64a2-4302-b029-255d48a66d7f: receive RaftClientReply:client-FB00420D972B->0a7e6056-64a2-4302-b029-255d48a66d7f@group-1EE0336AADCF, cid=3172, SUCCESS, logIndex=4776, commits[0a7e6056-64a2-4302-b029-255d48a66d7f:c4776, 82c1508e-6289-48e2-a567-a0e29c8b4903:c4772, f63d6ef8-0266-4bf3-bcb1-484cdaae1fbb:c4772]
2019-07-09 20:06:57,865 INFO  client.GrpcClientProtocolClient (GrpcClientProtocolClient.java:onNext(255)) - client-FB00420D972B->0a7e6056-64a2-4302-b029-255d48a66d7f: receive RaftClientReply:client-FB00420D972B->0a7e6056-64a2-4302-b029-255d48a66d7f@group-1EE0336AADCF, cid=3173, SUCCESS, logIndex=0, commits[0a7e6056-64a2-4302-b029-255d48a66d7f:c4778, 82c1508e-6289-48e2-a567-a0e29c8b4903:c4774, f63d6ef8-0266-4bf3-bcb1-484cdaae1fbb:c4774]
2019-07-09 20:06:57,884 INFO  client.GrpcClientProtocolClient (GrpcClientProtocolClient.java:onNext(255)) - client-FB00420D972B->0a7e6056-64a2-4302-b029-255d48a66d7f: receive RaftClientReply:client-FB00420D972B->0a7e6056-64a2-4302-b029-255d48a66d7f@group-1EE0336AADCF, cid=3174, SUCCESS, logIndex=4781, commits[0a7e6056-64a2-4302-b029-255d48a66d7f:c4782, 82c1508e-6289-48e2-a567-a0e29c8b4903:c4780, f63d6ef8-0266-4bf3-bcb1-484cdaae1fbb:c4780]
2019-07-09 20:06:57,884 INFO  client.GrpcClientProtocolClient (GrpcClientProtocolClient.java:onNext(255)) - client-FB00420D972B->0a7e6056-64a2-4302-b029-255d48a66d7f: receive RaftClientReply:client-FB00420D972B->0a7e6056-64a2-4302-b029-255d48a66d7f@group-1EE0336AADCF, cid=3175, SUCCESS, logIndex=4782, commits[0a7e6056-64a2-4302-b029-255d48a66d7f:c4782, 82c1508e-6289-48e2-a567-a0e29c8b4903:c4780, f63d6ef8-0266-4bf3-bcb1-484cdaae1fbb:c4780]
2019-07-09 20:06:57,900 INFO  client.GrpcClientProtocolClient (GrpcClientProtocolClient.java:onNext(255)) - client-FB00420D972B->0a7e6056-64a2-4302-b029-255d48a66d7f: receive RaftClientReply:client-FB00420D972B->0a7e6056-64a2-4302-b029-255d48a66d7f@group-1EE0336AADCF, cid=3176, SUCCESS, logIndex=4785, commits[0a7e6056-64a2-4302-b029-255d48a66d7f:c4785, 82c1508e-6289-48e2-a567-a0e29c8b4903:c4782, f63d6ef8-0266-4bf3-bcb1-484cdaae1fbb:c4782]
2019-07-09 20:06:57,900 INFO  client.GrpcClientProtocolClient (GrpcClientProtocolClient.java:onNext(255)) - client-FB00420D972B->0a7e6056-64a2-4302-b029-255d48a66d7f: receive RaftClientReply:client-FB00420D972B->0a7e6056-64a2-4302-b029-255d48a66d7f@group-1EE0336AADCF, cid=3177, SUCCESS, logIndex=4786, commits[0a7e6056-64a2-4302-b029-255d48a66d7f:c4786, 82c1508e-6289-48e2-a567-a0e29c8b4903:c4782, f63d6ef8-0266-4bf3-bcb1-484cdaae1fbb:c4782]
2019-07-09 20:06:57,913 INFO  client.GrpcClientProtocolClient (GrpcClientProtocolClient.java:onNext(255)) - client-FB00420D972B->0a7e6056-64a2-4302-b029-255d48a66d7f: receive RaftClientReply:client-FB00420D972B->0a7e6056-64a2-4302-b029-255d48a66d7f@group-1EE0336AADCF, cid=3178, SUCCESS, logIndex=0, commits[0a7e6056-64a2-4302-b029-255d48a66d7f:c4788, 82c1508e-6289-48e2-a567-a0e29c8b4903:c4786, f63d6ef8-0266-4bf3-bcb1-484cdaae1fbb:c4786]
2019-07-09 20:06:57,941 INFO  client.GrpcClientProtocolClient (GrpcClientProtocolClient.java:onNext(255)) - client-FB00420D972B->0a7e6056-64a2-4302-b029-255d48a66d7f: receive RaftClientReply:client-FB00420D972B->0a7e6056-64a2-4302-b029-255d48a66d7f@group-1EE0336AADCF, cid=3179, SUCCESS, logIndex=4789, commits[0a7e6056-64a2-4302-b029-255d48a66d7f:c4790, 82c1508e-6289-48e2-a567-a0e29c8b4903:c4788, f63d6ef8-0266-4bf3-bcb1-484cdaae1fbb:c4788]
2019-07-09 20:06:57,941 INFO  client.GrpcClientProtocolClient (GrpcClientProtocolClient.java:onNext(255)) - client-FB00420D972B->0a7e6056-64a2-4302-b029-255d48a66d7f: receive RaftClientReply:client-FB00420D972B->0a7e6056-64a2-4302-b029-255d48a66d7f@group-1EE0336AADCF, cid=3180, SUCCESS, logIndex=4790, commits[0a7e6056-64a2-4302-b029-255d48a66d7f:c4792, 82c1508e-6289-48e2-a567-a0e29c8b4903:c4788, f63d6ef8-0266-4bf3-bcb1-484cdaae1fbb:c4788]
2019-07-09 20:06:57,941 INFO  client.GrpcClientProtocolClient (GrpcClientProtocolClient.java:onNext(255)) - client-FB00420D972B->0a7e6056-64a2-4302-b029-255d48a66d7f: receive RaftClientReply:client-FB00420D972B->0a7e6056-64a2-4302-b029-255d48a66d7f@group-1EE0336AADCF, cid=3181, SUCCESS, logIndex=4791, commits[0a7e6056-64a2-4302-b029-255d48a66d7f:c4792, 82c1508e-6289-48e2-a567-a0e29c8b4903:c4788, f63d6ef8-0266-4bf3-bcb1-484cdaae1fbb:c4788]
2019-07-09 20:06:57,942 INFO  client.GrpcClientProtocolClient (GrpcClientProtocolClient.java:onNext(255)) - client-FB00420D972B->0a7e6056-64a2-4302-b029-255d48a66d7f: receive RaftClientReply:client-FB00420D972B->0a7e6056-64a2-4302-b029-255d48a66d7f@group-1EE0336AADCF, cid=3182, SUCCESS, logIndex=4792, commits[0a7e6056-64a2-4302-b029-255d48a66d7f:c4792, 82c1508e-6289-48e2-a567-a0e29c8b4903:c4788, f63d6ef8-0266-4bf3-bcb1-484cdaae1fbb:c4788]
2019-07-09 20:06:57,943 INFO  client.GrpcClientProtocolClient (GrpcClientProtocolClient.java:onNext(255)) - client-FB00420D972B->0a7e6056-64a2-4302-b029-255d48a66d7f: receive RaftClientReply:client-FB00420D972B->0a7e6056-64a2-4302-b029-255d48a66d7f@group-1EE0336AADCF, cid=3183, SUCCESS, logIndex=0, commits[0a7e6056-64a2-4302-b029-255d48a66d7f:c4795, 82c1508e-6289-48e2-a567-a0e29c8b4903:c4790, f63d6ef8-0266-4bf3-bcb1-484cdaae1fbb:c4791]
2019-07-09 20:06:57,962 INFO  client.GrpcClientProtocolClient (GrpcClientProtocolClient.java:onNext(255)) - client-FB00420D972B->0a7e6056-64a2-4302-b029-255d48a66d7f: receive RaftClientReply:client-FB00420D972B->0a7e6056-64a2-4302-b029-255d48a66d7f@group-1EE0336AADCF, cid=3184, SUCCESS, logIndex=4797, commits[0a7e6056-64a2-4302-b029-255d48a66d7f:c4798, 82c1508e-6289-48e2-a567-a0e29c8b4903:c4796, f63d6ef8-0266-4bf3-bcb1-484cdaae1fbb:c4796]
2019-07-09 20:06:57,963 INFO  client.GrpcClientProtocolClient (GrpcClientProtocolClient.java:onNext(255)) - client-FB00420D972B->0a7e6056-64a2-4302-b029-255d48a66d7f: receive RaftClientReply:client-FB00420D972B->0a7e6056-64a2-4302-b029-255d48a66d7f@group-1EE0336AADCF, cid=3185, SUCCESS, logIndex=4798, commits[0a7e6056-64a2-4302-b029-255d48a66d7f:c4798, 82c1508e-6289-48e2-a567-a0e29c8b4903:c4796, f63d6ef8-0266-4bf3-bcb1-484cdaae1fbb:c4796]
2019-07-09 20:06:57,991 INFO  client.GrpcClientProtocolClient (GrpcClientProtocolClient.java:onNext(255)) - client-FB00420D972B->0a7e6056-64a2-4302-b029-255d48a66d7f: receive RaftClientReply:client-FB00420D972B->0a7e6056-64a2-4302-b029-255d48a66d7f@group-1EE0336AADCF, cid=3186, SUCCESS, logIndex=4801, commits[0a7e6056-64a2-4302-b029-255d48a66d7f:c4802, 82c1508e-6289-48e2-a567-a0e29c8b4903:c4798, f63d6ef8-0266-4bf3-bcb1-484cdaae1fbb:c4798]
2019-07-09 20:06:57,991 INFO  client.GrpcClientProtocolClient (GrpcClientProtocolClient.java:onNext(255)) - client-FB00420D972B->0a7e6056-64a2-4302-b029-255d48a66d7f: receive RaftClientReply:client-FB00420D972B->0a7e6056-64a2-4302-b029-255d48a66d7f@group-1EE0336AADCF, cid=3187, SUCCESS, logIndex=4802, commits[0a7e6056-64a2-4302-b029-255d48a66d7f:c4802, 82c1508e-6289-48e2-a567-a0e29c8b4903:c4798, f63d6ef8-0266-4bf3-bcb1-484cdaae1fbb:c4798]
2019-07-09 20:06:58,005 INFO  client.GrpcClientProtocolClient (GrpcClientProtocolClient.java:onNext(255)) - client-FB00420D972B->0a7e6056-64a2-4302-b029-255d48a66d7f: receive RaftClientReply:client-FB00420D972B->0a7e6056-64a2-4302-b029-255d48a66d7f@group-1EE0336AADCF, cid=3188, SUCCESS, logIndex=0, commits[0a7e6056-64a2-4302-b029-255d48a66d7f:c4804, 82c1508e-6289-48e2-a567-a0e29c8b4903:c4802, f63d6ef8-0266-4bf3-bcb1-484cdaae1fbb:c4802]
2019-07-09 20:06:58,035 INFO  client.GrpcClientProtocolClient (GrpcClientProtocolClient.java:onNext(255)) - client-FB00420D972B->0a7e6056-64a2-4302-b029-255d48a66d7f: receive RaftClientReply:client-FB00420D972B->0a7e6056-64a2-4302-b029-255d48a66d7f@group-1EE0336AADCF, cid=3189, SUCCESS, logIndex=4805, commits[0a7e6056-64a2-4302-b029-255d48a66d7f:c4806, 82c1508e-6289-48e2-a567-a0e29c8b4903:c4804, f63d6ef8-0266-4bf3-bcb1-484cdaae1fbb:c4804]
2019-07-09 20:06:58,035 INFO  client.GrpcClientProtocolClient (GrpcClientProtocolClient.java:onNext(255)) - client-FB00420D972B->0a7e6056-64a2-4302-b029-255d48a66d7f: receive RaftClientReply:client-FB00420D972B->0a7e6056-64a2-4302-b029-255d48a66d7f@group-1EE0336AADCF, cid=3190, SUCCESS, logIndex=4806, commits[0a7e6056-64a2-4302-b029-255d48a66d7f:c4808, 82c1508e-6289-48e2-a567-a0e29c8b4903:c4804, f63d6ef8-0266-4bf3-bcb1-484cdaae1fbb:c4804]
2019-07-09 20:06:58,035 INFO  client.GrpcClientProtocolClient (GrpcClientProtocolClient.java:onNext(255)) - client-FB00420D972B->0a7e6056-64a2-4302-b029-255d48a66d7f: receive RaftClientReply:client-FB00420D972B->0a7e6056-64a2-4302-b029-255d48a66d7f@group-1EE0336AADCF, cid=3191, SUCCESS, logIndex=4807, commits[0a7e6056-64a2-4302-b029-255d48a66d7f:c4808, 82c1508e-6289-48e2-a567-a0e29c8b4903:c4804, f63d6ef8-0266-4bf3-bcb1-484cdaae1fbb:c4804]
2019-07-09 20:06:58,036 INFO  client.GrpcClientProtocolClient (GrpcClientProtocolClient.java:onNext(255)) - client-FB00420D972B->0a7e6056-64a2-4302-b029-255d48a66d7f: receive RaftClientReply:client-FB00420D972B->0a7e6056-64a2-4302-b029-255d48a66d7f@group-1EE0336AADCF, cid=3192, SUCCESS, logIndex=4808, commits[0a7e6056-64a2-4302-b029-255d48a66d7f:c4808, 82c1508e-6289-48e2-a567-a0e29c8b4903:c4804, f63d6ef8-0266-4bf3-bcb1-484cdaae1fbb:c4804]
2019-07-09 20:06:58,049 INFO  client.GrpcClientProtocolClient (GrpcClientProtocolClient.java:onNext(255)) - client-FB00420D972B->0a7e6056-64a2-4302-b029-255d48a66d7f: receive RaftClientReply:client-FB00420D972B->0a7e6056-64a2-4302-b029-255d48a66d7f@group-1EE0336AADCF, cid=3193, SUCCESS, logIndex=0, commits[0a7e6056-64a2-4302-b029-255d48a66d7f:c4809, 82c1508e-6289-48e2-a567-a0e29c8b4903:c4806, f63d6ef8-0266-4bf3-bcb1-484cdaae1fbb:c4806]
2019-07-09 20:06:58,067 INFO  client.GrpcClientProtocolClient (GrpcClientProtocolClient.java:onNext(255)) - client-FB00420D972B->0a7e6056-64a2-4302-b029-255d48a66d7f: receive RaftClientReply:client-FB00420D972B->0a7e6056-64a2-4302-b029-255d48a66d7f@group-1EE0336AADCF, cid=3194, SUCCESS, logIndex=4813, commits[0a7e6056-64a2-4302-b029-255d48a66d7f:c4814, 82c1508e-6289-48e2-a567-a0e29c8b4903:c4812, f63d6ef8-0266-4bf3-bcb1-484cdaae1fbb:c4812]
2019-07-09 20:06:58,068 INFO  client.GrpcClientProtocolClient (GrpcClientProtocolClient.java:onNext(255)) - client-FB00420D972B->0a7e6056-64a2-4302-b029-255d48a66d7f: receive RaftClientReply:client-FB00420D972B->0a7e6056-64a2-4302-b029-255d48a66d7f@group-1EE0336AADCF, cid=3195, SUCCESS, logIndex=4814, commits[0a7e6056-64a2-4302-b029-255d48a66d7f:c4814, 82c1508e-6289-48e2-a567-a0e29c8b4903:c4812, f63d6ef8-0266-4bf3-bcb1-484cdaae1fbb:c4812]
2019-07-09 20:06:58,082 INFO  client.GrpcClientProtocolClient (GrpcClientProtocolClient.java:onNext(255)) - client-FB00420D972B->0a7e6056-64a2-4302-b029-255d48a66d7f: receive RaftClientReply:client-FB00420D972B->0a7e6056-64a2-4302-b029-255d48a66d7f@group-1EE0336AADCF, cid=3196, SUCCESS, logIndex=4817, commits[0a7e6056-64a2-4302-b029-255d48a66d7f:c4818, 82c1508e-6289-48e2-a567-a0e29c8b4903:c4814, f63d6ef8-0266-4bf3-bcb1-484cdaae1fbb:c4814]
2019-07-09 20:06:58,083 INFO  client.GrpcClientProtocolClient (GrpcClientProtocolClient.java:onNext(255)) - client-FB00420D972B->0a7e6056-64a2-4302-b029-255d48a66d7f: receive RaftClientReply:client-FB00420D972B->0a7e6056-64a2-4302-b029-255d48a66d7f@group-1EE0336AADCF, cid=3197, SUCCESS, logIndex=4818, commits[0a7e6056-64a2-4302-b029-255d48a66d7f:c4818, 82c1508e-6289-48e2-a567-a0e29c8b4903:c4814, f63d6ef8-0266-4bf3-bcb1-484cdaae1fbb:c4814]
2019-07-09 20:06:58,097 INFO  client.GrpcClientProtocolClient (GrpcClientProtocolClient.java:onNext(255)) - client-FB00420D972B->0a7e6056-64a2-4302-b029-255d48a66d7f: receive RaftClientReply:client-FB00420D972B->0a7e6056-64a2-4302-b029-255d48a66d7f@group-1EE0336AADCF, cid=3198, SUCCESS, logIndex=0, commits[0a7e6056-64a2-4302-b029-255d48a66d7f:c4820, 82c1508e-6289-48e2-a567-a0e29c8b4903:c4818, f63d6ef8-0266-4bf3-bcb1-484cdaae1fbb:c4818]
2019-07-09 20:06:58,125 INFO  client.GrpcClientProtocolClient (GrpcClientProtocolClient.java:onNext(255)) - client-FB00420D972B->0a7e6056-64a2-4302-b029-255d48a66d7f: receive RaftClientReply:client-FB00420D972B->0a7e6056-64a2-4302-b029-255d48a66d7f@group-1EE0336AADCF, cid=3199, SUCCESS, logIndex=4821, commits[0a7e6056-64a2-4302-b029-255d48a66d7f:c4822, 82c1508e-6289-48e2-a567-a0e29c8b4903:c4820, f63d6ef8-0266-4bf3-bcb1-484cdaae1fbb:c4820]
2019-07-09 20:06:58,126 INFO  client.GrpcClientProtocolClient (GrpcClientProtocolClient.java:onNext(255)) - client-FB00420D972B->0a7e6056-64a2-4302-b029-255d48a66d7f: receive RaftClientReply:client-FB00420D972B->0a7e6056-64a2-4302-b029-255d48a66d7f@group-1EE0336AADCF, cid=3200, SUCCESS, logIndex=4822, commits[0a7e6056-64a2-4302-b029-255d48a66d7f:c4822, 82c1508e-6289-48e2-a567-a0e29c8b4903:c4820, f63d6ef8-0266-4bf3-bcb1-484cdaae1fbb:c4820]
2019-07-09 20:06:58,126 INFO  client.GrpcClientProtocolClient (GrpcClientProtocolClient.java:onNext(255)) - client-FB00420D972B->0a7e6056-64a2-4302-b029-255d48a66d7f: receive RaftClientReply:client-FB00420D972B->0a7e6056-64a2-4302-b029-255d48a66d7f@group-1EE0336AADCF, cid=3201, SUCCESS, logIndex=4823, commits[0a7e6056-64a2-4302-b029-255d48a66d7f:c4824, 82c1508e-6289-48e2-a567-a0e29c8b4903:c4820, f63d6ef8-0266-4bf3-bcb1-484cdaae1fbb:c4820]
2019-07-09 20:06:58,126 INFO  client.GrpcClientProtocolClient (GrpcClientProtocolClient.java:onNext(255)) - client-FB00420D972B->0a7e6056-64a2-4302-b029-255d48a66d7f: receive RaftClientReply:client-FB00420D972B->0a7e6056-64a2-4302-b029-255d48a66d7f@group-1EE0336AADCF, cid=3202, SUCCESS, logIndex=4824, commits[0a7e6056-64a2-4302-b029-255d48a66d7f:c4824, 82c1508e-6289-48e2-a567-a0e29c8b4903:c4820, f63d6ef8-0266-4bf3-bcb1-484cdaae1fbb:c4820]
2019-07-09 20:06:58,139 INFO  client.GrpcClientProtocolClient (GrpcClientProtocolClient.java:onNext(255)) - client-FB00420D972B->0a7e6056-64a2-4302-b029-255d48a66d7f: receive RaftClientReply:client-FB00420D972B->0a7e6056-64a2-4302-b029-255d48a66d7f@group-1EE0336AADCF, cid=3203, SUCCESS, logIndex=0, commits[0a7e6056-64a2-4302-b029-255d48a66d7f:c4826, 82c1508e-6289-48e2-a567-a0e29c8b4903:c4822, f63d6ef8-0266-4bf3-bcb1-484cdaae1fbb:c4822]
2019-07-09 20:06:58,259 INFO  client.GrpcClientProtocolClient (GrpcClientProtocolClient.java:onNext(255)) - client-FB00420D972B->0a7e6056-64a2-4302-b029-255d48a66d7f: receive RaftClientReply:client-FB00420D972B->0a7e6056-64a2-4302-b029-255d48a66d7f@group-1EE0336AADCF, cid=3204, SUCCESS, logIndex=4829, commits[0a7e6056-64a2-4302-b029-255d48a66d7f:c4830, 82c1508e-6289-48e2-a567-a0e29c8b4903:c4828, f63d6ef8-0266-4bf3-bcb1-484cdaae1fbb:c4828]
2019-07-09 20:06:58,259 INFO  client.GrpcClientProtocolClient (GrpcClientProtocolClient.java:onNext(255)) - client-FB00420D972B->0a7e6056-64a2-4302-b029-255d48a66d7f: receive RaftClientReply:client-FB00420D972B->0a7e6056-64a2-4302-b029-255d48a66d7f@group-1EE0336AADCF, cid=3205, SUCCESS, logIndex=4830, commits[0a7e6056-64a2-4302-b029-255d48a66d7f:c4830, 82c1508e-6289-48e2-a567-a0e29c8b4903:c4828, f63d6ef8-0266-4bf3-bcb1-484cdaae1fbb:c4828]
2019-07-09 20:06:58,281 INFO  client.GrpcClientProtocolClient (GrpcClientProtocolClient.java:onNext(255)) - client-FB00420D972B->0a7e6056-64a2-4302-b029-255d48a66d7f: receive RaftClientReply:client-FB00420D972B->0a7e6056-64a2-4302-b029-255d48a66d7f@group-1EE0336AADCF, cid=3206, SUCCESS, logIndex=4833, commits[0a7e6056-64a2-4302-b029-255d48a66d7f:c4834, 82c1508e-6289-48e2-a567-a0e29c8b4903:c4830, f63d6ef8-0266-4bf3-bcb1-484cdaae1fbb:c4830]
2019-07-09 20:06:58,281 INFO  client.GrpcClientProtocolClient (GrpcClientProtocolClient.java:onNext(255)) - client-FB00420D972B->0a7e6056-64a2-4302-b029-255d48a66d7f: receive RaftClientReply:client-FB00420D972B->0a7e6056-64a2-4302-b029-255d48a66d7f@group-1EE0336AADCF, cid=3207, SUCCESS, logIndex=4834, commits[0a7e6056-64a2-4302-b029-255d48a66d7f:c4834, 82c1508e-6289-48e2-a567-a0e29c8b4903:c4830, f63d6ef8-0266-4bf3-bcb1-484cdaae1fbb:c4830]
2019-07-09 20:06:58,295 INFO  client.GrpcClientProtocolClient (GrpcClientProtocolClient.java:onNext(255)) - client-FB00420D972B->0a7e6056-64a2-4302-b029-255d48a66d7f: receive RaftClientReply:client-FB00420D972B->0a7e6056-64a2-4302-b029-255d48a66d7f@group-1EE0336AADCF, cid=3208, SUCCESS, logIndex=0, commits[0a7e6056-64a2-4302-b029-255d48a66d7f:c4836, 82c1508e-6289-48e2-a567-a0e29c8b4903:c4834, f63d6ef8-0266-4bf3-bcb1-484cdaae1fbb:c4834]
2019-07-09 20:06:58,330 INFO  client.GrpcClientProtocolClient (GrpcClientProtocolClient.java:onNext(255)) - client-FB00420D972B->0a7e6056-64a2-4302-b029-255d48a66d7f: receive RaftClientReply:client-FB00420D972B->0a7e6056-64a2-4302-b029-255d48a66d7f@group-1EE0336AADCF, cid=3209, SUCCESS, logIndex=4837, commits[0a7e6056-64a2-4302-b029-255d48a66d7f:c4838, 82c1508e-6289-48e2-a567-a0e29c8b4903:c4836, f63d6ef8-0266-4bf3-bcb1-484cdaae1fbb:c4836]
2019-07-09 20:06:58,330 INFO  client.GrpcClientProtocolClient (GrpcClientProtocolClient.java:onNext(255)) - client-FB00420D972B->0a7e6056-64a2-4302-b029-255d48a66d7f: receive RaftClientReply:client-FB00420D972B->0a7e6056-64a2-4302-b029-255d48a66d7f@group-1EE0336AADCF, cid=3210, SUCCESS, logIndex=4838, commits[0a7e6056-64a2-4302-b029-255d48a66d7f:c4839, 82c1508e-6289-48e2-a567-a0e29c8b4903:c4836, f63d6ef8-0266-4bf3-bcb1-484cdaae1fbb:c4836]
2019-07-09 20:06:58,330 INFO  client.GrpcClientProtocolClient (GrpcClientProtocolClient.java:onNext(255)) - client-FB00420D972B->0a7e6056-64a2-4302-b029-255d48a66d7f: receive RaftClientReply:client-FB00420D972B->0a7e6056-64a2-4302-b029-255d48a66d7f@group-1EE0336AADCF, cid=3211, SUCCESS, logIndex=4839, commits[0a7e6056-64a2-4302-b029-255d48a66d7f:c4840, 82c1508e-6289-48e2-a567-a0e29c8b4903:c4836, f63d6ef8-0266-4bf3-bcb1-484cdaae1fbb:c4836]
2019-07-09 20:06:58,331 INFO  client.GrpcClientProtocolClient (GrpcClientProtocolClient.java:onNext(255)) - client-FB00420D972B->0a7e6056-64a2-4302-b029-255d48a66d7f: receive RaftClientReply:client-FB00420D972B->0a7e6056-64a2-4302-b029-255d48a66d7f@group-1EE0336AADCF, cid=3212, SUCCESS, logIndex=4840, commits[0a7e6056-64a2-4302-b029-255d48a66d7f:c4840, 82c1508e-6289-48e2-a567-a0e29c8b4903:c4836, f63d6ef8-0266-4bf3-bcb1-484cdaae1fbb:c4836]
2019-07-09 20:06:58,344 INFO  client.GrpcClientProtocolClient (GrpcClientProtocolClient.java:onNext(255)) - client-FB00420D972B->0a7e6056-64a2-4302-b029-255d48a66d7f: receive RaftClientReply:client-FB00420D972B->0a7e6056-64a2-4302-b029-255d48a66d7f@group-1EE0336AADCF, cid=3213, SUCCESS, logIndex=0, commits[0a7e6056-64a2-4302-b029-255d48a66d7f:c4842, 82c1508e-6289-48e2-a567-a0e29c8b4903:c4838, f63d6ef8-0266-4bf3-bcb1-484cdaae1fbb:c4838]
2019-07-09 20:06:58,365 INFO  client.GrpcClientProtocolClient (GrpcClientProtocolClient.java:onNext(255)) - client-FB00420D972B->0a7e6056-64a2-4302-b029-255d48a66d7f: receive RaftClientReply:client-FB00420D972B->0a7e6056-64a2-4302-b029-255d48a66d7f@group-1EE0336AADCF, cid=3214, SUCCESS, logIndex=4845, commits[0a7e6056-64a2-4302-b029-255d48a66d7f:c4846, 82c1508e-6289-48e2-a567-a0e29c8b4903:c4844, f63d6ef8-0266-4bf3-bcb1-484cdaae1fbb:c4844]
2019-07-09 20:06:58,365 INFO  client.GrpcClientProtocolClient (GrpcClientProtocolClient.java:onNext(255)) - client-FB00420D972B->0a7e6056-64a2-4302-b029-255d48a66d7f: receive RaftClientReply:client-FB00420D972B->0a7e6056-64a2-4302-b029-255d48a66d7f@group-1EE0336AADCF, cid=3215, SUCCESS, logIndex=4846, commits[0a7e6056-64a2-4302-b029-255d48a66d7f:c4846, 82c1508e-6289-48e2-a567-a0e29c8b4903:c4844, f63d6ef8-0266-4bf3-bcb1-484cdaae1fbb:c4844]
2019-07-09 20:06:58,387 INFO  client.GrpcClientProtocolClient (GrpcClientProtocolClient.java:onNext(255)) - client-FB00420D972B->0a7e6056-64a2-4302-b029-255d48a66d7f: receive RaftClientReply:client-FB00420D972B->0a7e6056-64a2-4302-b029-255d48a66d7f@group-1EE0336AADCF, cid=3216, SUCCESS, logIndex=4849, commits[0a7e6056-64a2-4302-b029-255d48a66d7f:c4850, 82c1508e-6289-48e2-a567-a0e29c8b4903:c4846, f63d6ef8-0266-4bf3-bcb1-484cdaae1fbb:c4846]
2019-07-09 20:06:58,387 INFO  client.GrpcClientProtocolClient (GrpcClientProtocolClient.java:onNext(255)) - client-FB00420D972B->0a7e6056-64a2-4302-b029-255d48a66d7f: receive RaftClientReply:client-FB00420D972B->0a7e6056-64a2-4302-b029-255d48a66d7f@group-1EE0336AADCF, cid=3217, SUCCESS, logIndex=4850, commits[0a7e6056-64a2-4302-b029-255d48a66d7f:c4850, 82c1508e-6289-48e2-a567-a0e29c8b4903:c4846, f63d6ef8-0266-4bf3-bcb1-484cdaae1fbb:c4846]
2019-07-09 20:06:58,401 INFO  client.GrpcClientProtocolClient (GrpcClientProtocolClient.java:onNext(255)) - client-FB00420D972B->0a7e6056-64a2-4302-b029-255d48a66d7f: receive RaftClientReply:client-FB00420D972B->0a7e6056-64a2-4302-b029-255d48a66d7f@group-1EE0336AADCF, cid=3218, SUCCESS, logIndex=0, commits[0a7e6056-64a2-4302-b029-255d48a66d7f:c4852, 82c1508e-6289-48e2-a567-a0e29c8b4903:c4850, f63d6ef8-0266-4bf3-bcb1-484cdaae1fbb:c4850]
2019-07-09 20:06:58,433 INFO  client.GrpcClientProtocolClient (GrpcClientProtocolClient.java:onNext(255)) - client-FB00420D972B->0a7e6056-64a2-4302-b029-255d48a66d7f: receive RaftClientReply:client-FB00420D972B->0a7e6056-64a2-4302-b029-255d48a66d7f@group-1EE0336AADCF, cid=3219, SUCCESS, logIndex=4853, commits[0a7e6056-64a2-4302-b029-255d48a66d7f:c4854, 82c1508e-6289-48e2-a567-a0e29c8b4903:c4852, f63d6ef8-0266-4bf3-bcb1-484cdaae1fbb:c4852]
2019-07-09 20:06:58,433 INFO  client.GrpcClientProtocolClient (GrpcClientProtocolClient.java:onNext(255)) - client-FB00420D972B->0a7e6056-64a2-4302-b029-255d48a66d7f: receive RaftClientReply:client-FB00420D972B->0a7e6056-64a2-4302-b029-255d48a66d7f@group-1EE0336AADCF, cid=3220, SUCCESS, logIndex=4854, commits[0a7e6056-64a2-4302-b029-255d48a66d7f:c4854, 82c1508e-6289-48e2-a567-a0e29c8b4903:c4852, f63d6ef8-0266-4bf3-bcb1-484cdaae1fbb:c4852]
2019-07-09 20:06:58,434 INFO  client.GrpcClientProtocolClient (GrpcClientProtocolClient.java:onNext(255)) - client-FB00420D972B->0a7e6056-64a2-4302-b029-255d48a66d7f: receive RaftClientReply:client-FB00420D972B->0a7e6056-64a2-4302-b029-255d48a66d7f@group-1EE0336AADCF, cid=3221, SUCCESS, logIndex=4855, commits[0a7e6056-64a2-4302-b029-255d48a66d7f:c4856, 82c1508e-6289-48e2-a567-a0e29c8b4903:c4852, f63d6ef8-0266-4bf3-bcb1-484cdaae1fbb:c4852]
2019-07-09 20:06:58,434 INFO  client.GrpcClientProtocolClient (GrpcClientProtocolClient.java:onNext(255)) - client-FB00420D972B->0a7e6056-64a2-4302-b029-255d48a66d7f: receive RaftClientReply:client-FB00420D972B->0a7e6056-64a2-4302-b029-255d48a66d7f@group-1EE0336AADCF, cid=3222, SUCCESS, logIndex=4856, commits[0a7e6056-64a2-4302-b029-255d48a66d7f:c4856, 82c1508e-6289-48e2-a567-a0e29c8b4903:c4852, f63d6ef8-0266-4bf3-bcb1-484cdaae1fbb:c4852]
2019-07-09 20:06:58,448 INFO  client.GrpcClientProtocolClient (GrpcClientProtocolClient.java:onNext(255)) - client-FB00420D972B->0a7e6056-64a2-4302-b029-255d48a66d7f: receive RaftClientReply:client-FB00420D972B->0a7e6056-64a2-4302-b029-255d48a66d7f@group-1EE0336AADCF, cid=3223, SUCCESS, logIndex=0, commits[0a7e6056-64a2-4302-b029-255d48a66d7f:c4858, 82c1508e-6289-48e2-a567-a0e29c8b4903:c4854, f63d6ef8-0266-4bf3-bcb1-484cdaae1fbb:c4854]
2019-07-09 20:06:58,468 INFO  client.GrpcClientProtocolClient (GrpcClientProtocolClient.java:onNext(255)) - client-FB00420D972B->0a7e6056-64a2-4302-b029-255d48a66d7f: receive RaftClientReply:client-FB00420D972B->0a7e6056-64a2-4302-b029-255d48a66d7f@group-1EE0336AADCF, cid=3224, SUCCESS, logIndex=4861, commits[0a7e6056-64a2-4302-b029-255d48a66d7f:c4862, 82c1508e-6289-48e2-a567-a0e29c8b4903:c4856, f63d6ef8-0266-4bf3-bcb1-484cdaae1fbb:c4860]
2019-07-09 20:06:58,468 INFO  client.GrpcClientProtocolClient (GrpcClientProtocolClient.java:onNext(255)) - client-FB00420D972B->0a7e6056-64a2-4302-b029-255d48a66d7f: receive RaftClientReply:client-FB00420D972B->0a7e6056-64a2-4302-b029-255d48a66d7f@group-1EE0336AADCF, cid=3225, SUCCESS, logIndex=4862, commits[0a7e6056-64a2-4302-b029-255d48a66d7f:c4862, 82c1508e-6289-48e2-a567-a0e29c8b4903:c4860, f63d6ef8-0266-4bf3-bcb1-484cdaae1fbb:c4860]
2019-07-09 20:06:58,483 INFO  client.GrpcClientProtocolClient (GrpcClientProtocolClient.java:onNext(255)) - client-FB00420D972B->0a7e6056-64a2-4302-b029-255d48a66d7f: receive RaftClientReply:client-FB00420D972B->0a7e6056-64a2-4302-b029-255d48a66d7f@group-1EE0336AADCF, cid=3226, SUCCESS, logIndex=4865, commits[0a7e6056-64a2-4302-b029-255d48a66d7f:c4866, 82c1508e-6289-48e2-a567-a0e29c8b4903:c4862, f63d6ef8-0266-4bf3-bcb1-484cdaae1fbb:c4862]
2019-07-09 20:06:58,484 INFO  client.GrpcClientProtocolClient (GrpcClientProtocolClient.java:onNext(255)) - client-FB00420D972B->0a7e6056-64a2-4302-b029-255d48a66d7f: receive RaftClientReply:client-FB00420D972B->0a7e6056-64a2-4302-b029-255d48a66d7f@group-1EE0336AADCF, cid=3227, SUCCESS, logIndex=4866, commits[0a7e6056-64a2-4302-b029-255d48a66d7f:c4866, 82c1508e-6289-48e2-a567-a0e29c8b4903:c4862, f63d6ef8-0266-4bf3-bcb1-484cdaae1fbb:c4862]
2019-07-09 20:06:58,507 INFO  client.GrpcClientProtocolClient (GrpcClientProtocolClient.java:onNext(255)) - client-FB00420D972B->0a7e6056-64a2-4302-b029-255d48a66d7f: receive RaftClientReply:client-FB00420D972B->0a7e6056-64a2-4302-b029-255d48a66d7f@group-1EE0336AADCF, cid=3228, SUCCESS, logIndex=0, commits[0a7e6056-64a2-4302-b029-255d48a66d7f:c4868, 82c1508e-6289-48e2-a567-a0e29c8b4903:c4866, f63d6ef8-0266-4bf3-bcb1-484cdaae1fbb:c4866]
2019-07-09 20:06:58,554 INFO  client.GrpcClientProtocolClient (GrpcClientProtocolClient.java:onNext(255)) - client-FB00420D972B->0a7e6056-64a2-4302-b029-255d48a66d7f: receive RaftClientReply:client-FB00420D972B->0a7e6056-64a2-4302-b029-255d48a66d7f@group-1EE0336AADCF, cid=3229, SUCCESS, logIndex=4869, commits[0a7e6056-64a2-4302-b029-255d48a66d7f:c4870, 82c1508e-6289-48e2-a567-a0e29c8b4903:c4868, f63d6ef8-0266-4bf3-bcb1-484cdaae1fbb:c4868]
2019-07-09 20:06:58,554 INFO  client.GrpcClientProtocolClient (GrpcClientProtocolClient.java:onNext(255)) - client-FB00420D972B->0a7e6056-64a2-4302-b029-255d48a66d7f: receive RaftClientReply:client-FB00420D972B->0a7e6056-64a2-4302-b029-255d48a66d7f@group-1EE0336AADCF, cid=3230, SUCCESS, logIndex=4870, commits[0a7e6056-64a2-4302-b029-255d48a66d7f:c4872, 82c1508e-6289-48e2-a567-a0e29c8b4903:c4868, f63d6ef8-0266-4bf3-bcb1-484cdaae1fbb:c4868]
2019-07-09 20:06:58,555 INFO  client.GrpcClientProtocolClient (GrpcClientProtocolClient.java:onNext(255)) - client-FB00420D972B->0a7e6056-64a2-4302-b029-255d48a66d7f: receive RaftClientReply:client-FB00420D972B->0a7e6056-64a2-4302-b029-255d48a66d7f@group-1EE0336AADCF, cid=3231, SUCCESS, logIndex=4871, commits[0a7e6056-64a2-4302-b029-255d48a66d7f:c4872, 82c1508e-6289-48e2-a567-a0e29c8b4903:c4868, f63d6ef8-0266-4bf3-bcb1-484cdaae1fbb:c4868]
2019-07-09 20:06:58,555 INFO  client.GrpcClientProtocolClient (GrpcClientProtocolClient.java:onNext(255)) - client-FB00420D972B->0a7e6056-64a2-4302-b029-255d48a66d7f: receive RaftClientReply:client-FB00420D972B->0a7e6056-64a2-4302-b029-255d48a66d7f@group-1EE0336AADCF, cid=3232, SUCCESS, logIndex=4872, commits[0a7e6056-64a2-4302-b029-255d48a66d7f:c4872, 82c1508e-6289-48e2-a567-a0e29c8b4903:c4868, f63d6ef8-0266-4bf3-bcb1-484cdaae1fbb:c4868]
2019-07-09 20:06:58,560 INFO  client.GrpcClientProtocolClient (GrpcClientProtocolClient.java:onNext(255)) - client-FB00420D972B->0a7e6056-64a2-4302-b029-255d48a66d7f: receive RaftClientReply:client-FB00420D972B->0a7e6056-64a2-4302-b029-255d48a66d7f@group-1EE0336AADCF, cid=3233, SUCCESS, logIndex=0, commits[0a7e6056-64a2-4302-b029-255d48a66d7f:c4873, 82c1508e-6289-48e2-a567-a0e29c8b4903:c4870, f63d6ef8-0266-4bf3-bcb1-484cdaae1fbb:c4870]
2019-07-09 20:06:58,580 INFO  client.GrpcClientProtocolClient (GrpcClientProtocolClient.java:onNext(255)) - client-FB00420D972B->0a7e6056-64a2-4302-b029-255d48a66d7f: receive RaftClientReply:client-FB00420D972B->0a7e6056-64a2-4302-b029-255d48a66d7f@group-1EE0336AADCF, cid=3234, SUCCESS, logIndex=4877, commits[0a7e6056-64a2-4302-b029-255d48a66d7f:c4878, 82c1508e-6289-48e2-a567-a0e29c8b4903:c4876, f63d6ef8-0266-4bf3-bcb1-484cdaae1fbb:c4876]
2019-07-09 20:06:58,581 INFO  client.GrpcClientProtocolClient (GrpcClientProtocolClient.java:onNext(255)) - client-FB00420D972B->0a7e6056-64a2-4302-b029-255d48a66d7f: receive RaftClientReply:client-FB00420D972B->0a7e6056-64a2-4302-b029-255d48a66d7f@group-1EE0336AADCF, cid=3235, SUCCESS, logIndex=4878, commits[0a7e6056-64a2-4302-b029-255d48a66d7f:c4878, 82c1508e-6289-48e2-a567-a0e29c8b4903:c4876, f63d6ef8-0266-4bf3-bcb1-484cdaae1fbb:c4876]
2019-07-09 20:06:58,594 INFO  client.GrpcClientProtocolClient (GrpcClientProtocolClient.java:onNext(255)) - client-FB00420D972B->0a7e6056-64a2-4302-b029-255d48a66d7f: receive RaftClientReply:client-FB00420D972B->0a7e6056-64a2-4302-b029-255d48a66d7f@group-1EE0336AADCF, cid=3236, SUCCESS, logIndex=4881, commits[0a7e6056-64a2-4302-b029-255d48a66d7f:c4882, 82c1508e-6289-48e2-a567-a0e29c8b4903:c4877, f63d6ef8-0266-4bf3-bcb1-484cdaae1fbb:c4878]
2019-07-09 20:06:58,594 INFO  client.GrpcClientProtocolClient (GrpcClientProtocolClient.java:onNext(255)) - client-FB00420D972B->0a7e6056-64a2-4302-b029-255d48a66d7f: receive RaftClientReply:client-FB00420D972B->0a7e6056-64a2-4302-b029-255d48a66d7f@group-1EE0336AADCF, cid=3237, SUCCESS, logIndex=4882, commits[0a7e6056-64a2-4302-b029-255d48a66d7f:c4882, 82c1508e-6289-48e2-a567-a0e29c8b4903:c4878, f63d6ef8-0266-4bf3-bcb1-484cdaae1fbb:c4878]
2019-07-09 20:06:58,595 INFO  client.GrpcClientProtocolClient (GrpcClientProtocolClient.java:onNext(255)) - client-FB00420D972B->0a7e6056-64a2-4302-b029-255d48a66d7f: receive RaftClientReply:client-FB00420D972B->0a7e6056-64a2-4302-b029-255d48a66d7f@group-1EE0336AADCF, cid=3238, SUCCESS, logIndex=0, commits[0a7e6056-64a2-4302-b029-255d48a66d7f:c4883, 82c1508e-6289-48e2-a567-a0e29c8b4903:c4882, f63d6ef8-0266-4bf3-bcb1-484cdaae1fbb:c4882]
2019-07-09 20:06:58,627 INFO  client.GrpcClientProtocolClient (GrpcClientProtocolClient.java:onNext(255)) - client-FB00420D972B->0a7e6056-64a2-4302-b029-255d48a66d7f: receive RaftClientReply:client-FB00420D972B->0a7e6056-64a2-4302-b029-255d48a66d7f@group-1EE0336AADCF, cid=3239, SUCCESS, logIndex=4885, commits[0a7e6056-64a2-4302-b029-255d48a66d7f:c4886, 82c1508e-6289-48e2-a567-a0e29c8b4903:c4884, f63d6ef8-0266-4bf3-bcb1-484cdaae1fbb:c4884]
2019-07-09 20:06:58,628 INFO  client.GrpcClientProtocolClient (GrpcClientProtocolClient.java:onNext(255)) - client-FB00420D972B->0a7e6056-64a2-4302-b029-255d48a66d7f: receive RaftClientReply:client-FB00420D972B->0a7e6056-64a2-4302-b029-255d48a66d7f@group-1EE0336AADCF, cid=3240, SUCCESS, logIndex=4886, commits[0a7e6056-64a2-4302-b029-255d48a66d7f:c4886, 82c1508e-6289-48e2-a567-a0e29c8b4903:c4884, f63d6ef8-0266-4bf3-bcb1-484cdaae1fbb:c4884]
2019-07-09 20:06:58,628 INFO  client.GrpcClientProtocolClient (GrpcClientProtocolClient.java:onNext(255)) - client-FB00420D972B->0a7e6056-64a2-4302-b029-255d48a66d7f: receive RaftClientReply:client-FB00420D972B->0a7e6056-64a2-4302-b029-255d48a66d7f@group-1EE0336AADCF, cid=3241, SUCCESS, logIndex=4887, commits[0a7e6056-64a2-4302-b029-255d48a66d7f:c4888, 82c1508e-6289-48e2-a567-a0e29c8b4903:c4884, f63d6ef8-0266-4bf3-bcb1-484cdaae1fbb:c4884]
2019-07-09 20:06:58,629 INFO  client.GrpcClientProtocolClient (GrpcClientProtocolClient.java:onNext(255)) - client-FB00420D972B->0a7e6056-64a2-4302-b029-255d48a66d7f: receive RaftClientReply:client-FB00420D972B->0a7e6056-64a2-4302-b029-255d48a66d7f@group-1EE0336AADCF, cid=3242, SUCCESS, logIndex=4888, commits[0a7e6056-64a2-4302-b029-255d48a66d7f:c4888, 82c1508e-6289-48e2-a567-a0e29c8b4903:c4884, f63d6ef8-0266-4bf3-bcb1-484cdaae1fbb:c4884]
2019-07-09 20:06:58,630 INFO  client.GrpcClientProtocolClient (GrpcClientProtocolClient.java:onNext(255)) - client-FB00420D972B->0a7e6056-64a2-4302-b029-255d48a66d7f: receive RaftClientReply:client-FB00420D972B->0a7e6056-64a2-4302-b029-255d48a66d7f@group-1EE0336AADCF, cid=3243, SUCCESS, logIndex=0, commits[0a7e6056-64a2-4302-b029-255d48a66d7f:c4890, 82c1508e-6289-48e2-a567-a0e29c8b4903:c4886, f63d6ef8-0266-4bf3-bcb1-484cdaae1fbb:c4886]
2019-07-09 20:06:58,651 INFO  client.GrpcClientProtocolClient (GrpcClientProtocolClient.java:onNext(255)) - client-FB00420D972B->0a7e6056-64a2-4302-b029-255d48a66d7f: receive RaftClientReply:client-FB00420D972B->0a7e6056-64a2-4302-b029-255d48a66d7f@group-1EE0336AADCF, cid=3244, SUCCESS, logIndex=4893, commits[0a7e6056-64a2-4302-b029-255d48a66d7f:c4894, 82c1508e-6289-48e2-a567-a0e29c8b4903:c4892, f63d6ef8-0266-4bf3-bcb1-484cdaae1fbb:c4892]
2019-07-09 20:06:58,651 INFO  client.GrpcClientProtocolClient (GrpcClientProtocolClient.java:onNext(255)) - client-FB00420D972B->0a7e6056-64a2-4302-b029-255d48a66d7f: receive RaftClientReply:client-FB00420D972B->0a7e6056-64a2-4302-b029-255d48a66d7f@group-1EE0336AADCF, cid=3245, SUCCESS, logIndex=4894, commits[0a7e6056-64a2-4302-b029-255d48a66d7f:c4894, 82c1508e-6289-48e2-a567-a0e29c8b4903:c4892, f63d6ef8-0266-4bf3-bcb1-484cdaae1fbb:c4892]
2019-07-09 20:06:58,666 INFO  client.GrpcClientProtocolClient (GrpcClientProtocolClient.java:onNext(255)) - client-FB00420D972B->0a7e6056-64a2-4302-b029-255d48a66d7f: receive RaftClientReply:client-FB00420D972B->0a7e6056-64a2-4302-b029-255d48a66d7f@group-1EE0336AADCF, cid=3246, SUCCESS, logIndex=4897, commits[0a7e6056-64a2-4302-b029-255d48a66d7f:c4897, 82c1508e-6289-48e2-a567-a0e29c8b4903:c4894, f63d6ef8-0266-4bf3-bcb1-484cdaae1fbb:c4894]
2019-07-09 20:06:58,666 INFO  client.GrpcClientProtocolClient (GrpcClientProtocolClient.java:onNext(255)) - client-FB00420D972B->0a7e6056-64a2-4302-b029-255d48a66d7f: receive RaftClientReply:client-FB00420D972B->0a7e6056-64a2-4302-b029-255d48a66d7f@group-1EE0336AADCF, cid=3247, SUCCESS, logIndex=4898, commits[0a7e6056-64a2-4302-b029-255d48a66d7f:c4898, 82c1508e-6289-48e2-a567-a0e29c8b4903:c4894, f63d6ef8-0266-4bf3-bcb1-484cdaae1fbb:c4894]
2019-07-09 20:06:58,680 INFO  client.GrpcClientProtocolClient (GrpcClientProtocolClient.java:onNext(255)) - client-FB00420D972B->0a7e6056-64a2-4302-b029-255d48a66d7f: receive RaftClientReply:client-FB00420D972B->0a7e6056-64a2-4302-b029-255d48a66d7f@group-1EE0336AADCF, cid=3248, SUCCESS, logIndex=0, commits[0a7e6056-64a2-4302-b029-255d48a66d7f:c4900, 82c1508e-6289-48e2-a567-a0e29c8b4903:c4898, f63d6ef8-0266-4bf3-bcb1-484cdaae1fbb:c4898]
2019-07-09 20:06:58,712 INFO  client.GrpcClientProtocolClient (GrpcClientProtocolClient.java:onNext(255)) - client-FB00420D972B->0a7e6056-64a2-4302-b029-255d48a66d7f: receive RaftClientReply:client-FB00420D972B->0a7e6056-64a2-4302-b029-255d48a66d7f@group-1EE0336AADCF, cid=3249, SUCCESS, logIndex=4901, commits[0a7e6056-64a2-4302-b029-255d48a66d7f:c4902, 82c1508e-6289-48e2-a567-a0e29c8b4903:c4900, f63d6ef8-0266-4bf3-bcb1-484cdaae1fbb:c4900]
2019-07-09 20:06:58,712 INFO  client.GrpcClientProtocolClient (GrpcClientProtocolClient.java:onNext(255)) - client-FB00420D972B->0a7e6056-64a2-4302-b029-255d48a66d7f: receive RaftClientReply:client-FB00420D972B->0a7e6056-64a2-4302-b029-255d48a66d7f@group-1EE0336AADCF, cid=3250, SUCCESS, logIndex=4902, commits[0a7e6056-64a2-4302-b029-255d48a66d7f:c4902, 82c1508e-6289-48e2-a567-a0e29c8b4903:c4900, f63d6ef8-0266-4bf3-bcb1-484cdaae1fbb:c4900]
2019-07-09 20:06:58,713 INFO  client.GrpcClientProtocolClient (GrpcClientProtocolClient.java:onNext(255)) - client-FB00420D972B->0a7e6056-64a2-4302-b029-255d48a66d7f: receive RaftClientReply:client-FB00420D972B->0a7e6056-64a2-4302-b029-255d48a66d7f@group-1EE0336AADCF, cid=3251, SUCCESS, logIndex=4903, commits[0a7e6056-64a2-4302-b029-255d48a66d7f:c4904, 82c1508e-6289-48e2-a567-a0e29c8b4903:c4900, f63d6ef8-0266-4bf3-bcb1-484cdaae1fbb:c4900]
2019-07-09 20:06:58,713 INFO  client.GrpcClientProtocolClient (GrpcClientProtocolClient.java:onNext(255)) - client-FB00420D972B->0a7e6056-64a2-4302-b029-255d48a66d7f: receive RaftClientReply:client-FB00420D972B->0a7e6056-64a2-4302-b029-255d48a66d7f@group-1EE0336AADCF, cid=3252, SUCCESS, logIndex=4904, commits[0a7e6056-64a2-4302-b029-255d48a66d7f:c4904, 82c1508e-6289-48e2-a567-a0e29c8b4903:c4900, f63d6ef8-0266-4bf3-bcb1-484cdaae1fbb:c4900]
2019-07-09 20:06:58,727 INFO  client.GrpcClientProtocolClient (GrpcClientProtocolClient.java:onNext(255)) - client-FB00420D972B->0a7e6056-64a2-4302-b029-255d48a66d7f: receive RaftClientReply:client-FB00420D972B->0a7e6056-64a2-4302-b029-255d48a66d7f@group-1EE0336AADCF, cid=3253, SUCCESS, logIndex=0, commits[0a7e6056-64a2-4302-b029-255d48a66d7f:c4906, 82c1508e-6289-48e2-a567-a0e29c8b4903:c4902, f63d6ef8-0266-4bf3-bcb1-484cdaae1fbb:c4902]
2019-07-09 20:06:58,746 INFO  client.GrpcClientProtocolClient (GrpcClientProtocolClient.java:onNext(255)) - client-FB00420D972B->0a7e6056-64a2-4302-b029-255d48a66d7f: receive RaftClientReply:client-FB00420D972B->0a7e6056-64a2-4302-b029-255d48a66d7f@group-1EE0336AADCF, cid=3254, SUCCESS, logIndex=4909, commits[0a7e6056-64a2-4302-b029-255d48a66d7f:c4910, 82c1508e-6289-48e2-a567-a0e29c8b4903:c4908, f63d6ef8-0266-4bf3-bcb1-484cdaae1fbb:c4908]
2019-07-09 20:06:58,747 INFO  client.GrpcClientProtocolClient (GrpcClientProtocolClient.java:onNext(255)) - client-FB00420D972B->0a7e6056-64a2-4302-b029-255d48a66d7f: receive RaftClientReply:client-FB00420D972B->0a7e6056-64a2-4302-b029-255d48a66d7f@group-1EE0336AADCF, cid=3255, SUCCESS, logIndex=4910, commits[0a7e6056-64a2-4302-b029-255d48a66d7f:c4910, 82c1508e-6289-48e2-a567-a0e29c8b4903:c4908, f63d6ef8-0266-4bf3-bcb1-484cdaae1fbb:c4908]
2019-07-09 20:06:58,762 INFO  client.GrpcClientProtocolClient (GrpcClientProtocolClient.java:onNext(255)) - client-FB00420D972B->0a7e6056-64a2-4302-b029-255d48a66d7f: receive RaftClientReply:client-FB00420D972B->0a7e6056-64a2-4302-b029-255d48a66d7f@group-1EE0336AADCF, cid=3256, SUCCESS, logIndex=4913, commits[0a7e6056-64a2-4302-b029-255d48a66d7f:c4914, 82c1508e-6289-48e2-a567-a0e29c8b4903:c4910, f63d6ef8-0266-4bf3-bcb1-484cdaae1fbb:c4910]
2019-07-09 20:06:58,762 INFO  client.GrpcClientProtocolClient (GrpcClientProtocolClient.java:onNext(255)) - client-FB00420D972B->0a7e6056-64a2-4302-b029-255d48a66d7f: receive RaftClientReply:client-FB00420D972B->0a7e6056-64a2-4302-b029-255d48a66d7f@group-1EE0336AADCF, cid=3257, SUCCESS, logIndex=4914, commits[0a7e6056-64a2-4302-b029-255d48a66d7f:c4914, 82c1508e-6289-48e2-a567-a0e29c8b4903:c4910, f63d6ef8-0266-4bf3-bcb1-484cdaae1fbb:c4910]
2019-07-09 20:06:58,786 INFO  client.GrpcClientProtocolClient (GrpcClientProtocolClient.java:onNext(255)) - client-FB00420D972B->0a7e6056-64a2-4302-b029-255d48a66d7f: receive RaftClientReply:client-FB00420D972B->0a7e6056-64a2-4302-b029-255d48a66d7f@group-1EE0336AADCF, cid=3258, SUCCESS, logIndex=0, commits[0a7e6056-64a2-4302-b029-255d48a66d7f:c4916, 82c1508e-6289-48e2-a567-a0e29c8b4903:c4914, f63d6ef8-0266-4bf3-bcb1-484cdaae1fbb:c4914]
2019-07-09 20:06:58,814 INFO  client.GrpcClientProtocolClient (GrpcClientProtocolClient.java:onNext(255)) - client-FB00420D972B->0a7e6056-64a2-4302-b029-255d48a66d7f: receive RaftClientReply:client-FB00420D972B->0a7e6056-64a2-4302-b029-255d48a66d7f@group-1EE0336AADCF, cid=3259, SUCCESS, logIndex=4917, commits[0a7e6056-64a2-4302-b029-255d48a66d7f:c4919, 82c1508e-6289-48e2-a567-a0e29c8b4903:c4916, f63d6ef8-0266-4bf3-bcb1-484cdaae1fbb:c4916]
2019-07-09 20:06:58,814 INFO  client.GrpcClientProtocolClient (GrpcClientProtocolClient.java:onNext(255)) - client-FB00420D972B->0a7e6056-64a2-4302-b029-255d48a66d7f: receive RaftClientReply:client-FB00420D972B->0a7e6056-64a2-4302-b029-255d48a66d7f@group-1EE0336AADCF, cid=3260, SUCCESS, logIndex=4918, commits[0a7e6056-64a2-4302-b029-255d48a66d7f:c4920, 82c1508e-6289-48e2-a567-a0e29c8b4903:c4916, f63d6ef8-0266-4bf3-bcb1-484cdaae1fbb:c4916]
2019-07-09 20:06:58,814 INFO  client.GrpcClientProtocolClient (GrpcClientProtocolClient.java:onNext(255)) - client-FB00420D972B->0a7e6056-64a2-4302-b029-255d48a66d7f: receive RaftClientReply:client-FB00420D972B->0a7e6056-64a2-4302-b029-255d48a66d7f@group-1EE0336AADCF, cid=3261, SUCCESS, logIndex=4919, commits[0a7e6056-64a2-4302-b029-255d48a66d7f:c4920, 82c1508e-6289-48e2-a567-a0e29c8b4903:c4916, f63d6ef8-0266-4bf3-bcb1-484cdaae1fbb:c4916]
2019-07-09 20:06:58,815 INFO  client.GrpcClientProtocolClient (GrpcClientProtocolClient.java:onNext(255)) - client-FB00420D972B->0a7e6056-64a2-4302-b029-255d48a66d7f: receive RaftClientReply:client-FB00420D972B->0a7e6056-64a2-4302-b029-255d48a66d7f@group-1EE0336AADCF, cid=3262, SUCCESS, logIndex=4920, commits[0a7e6056-64a2-4302-b029-255d48a66d7f:c4920, 82c1508e-6289-48e2-a567-a0e29c8b4903:c4916, f63d6ef8-0266-4bf3-bcb1-484cdaae1fbb:c4916]
2019-07-09 20:06:58,829 INFO  client.GrpcClientProtocolClient (GrpcClientProtocolClient.java:onNext(255)) - client-FB00420D972B->0a7e6056-64a2-4302-b029-255d48a66d7f: receive RaftClientReply:client-FB00420D972B->0a7e6056-64a2-4302-b029-255d48a66d7f@group-1EE0336AADCF, cid=3263, SUCCESS, logIndex=0, commits[0a7e6056-64a2-4302-b029-255d48a66d7f:c4924, 82c1508e-6289-48e2-a567-a0e29c8b4903:c4918, f63d6ef8-0266-4bf3-bcb1-484cdaae1fbb:c4920]
 0.00% |█                                                                                                    |  0/1 Time: 0:00:302019-07-09 20:06:58,847 INFO  client.GrpcClientProtocolClient (GrpcClientProtocolClient.java:onNext(255)) - client-FB00420D972B->0a7e6056-64a2-4302-b029-255d48a66d7f: receive RaftClientReply:client-FB00420D972B->0a7e6056-64a2-4302-b029-255d48a66d7f@group-1EE0336AADCF, cid=3264, SUCCESS, logIndex=4925, commits[0a7e6056-64a2-4302-b029-255d48a66d7f:c4926, 82c1508e-6289-48e2-a567-a0e29c8b4903:c4924, f63d6ef8-0266-4bf3-bcb1-484cdaae1fbb:c4924]
2019-07-09 20:06:58,848 INFO  client.GrpcClientProtocolClient (GrpcClientProtocolClient.java:onNext(255)) - client-FB00420D972B->0a7e6056-64a2-4302-b029-255d48a66d7f: receive RaftClientReply:client-FB00420D972B->0a7e6056-64a2-4302-b029-255d48a66d7f@group-1EE0336AADCF, cid=3265, SUCCESS, logIndex=4926, commits[0a7e6056-64a2-4302-b029-255d48a66d7f:c4926, 82c1508e-6289-48e2-a567-a0e29c8b4903:c4924, f63d6ef8-0266-4bf3-bcb1-484cdaae1fbb:c4924]
2019-07-09 20:06:58,861 INFO  client.GrpcClientProtocolClient (GrpcClientProtocolClient.java:onNext(255)) - client-FB00420D972B->0a7e6056-64a2-4302-b029-255d48a66d7f: receive RaftClientReply:client-FB00420D972B->0a7e6056-64a2-4302-b029-255d48a66d7f@group-1EE0336AADCF, cid=3266, SUCCESS, logIndex=4929, commits[0a7e6056-64a2-4302-b029-255d48a66d7f:c4930, 82c1508e-6289-48e2-a567-a0e29c8b4903:c4926, f63d6ef8-0266-4bf3-bcb1-484cdaae1fbb:c4926]
2019-07-09 20:06:58,861 INFO  client.GrpcClientProtocolClient (GrpcClientProtocolClient.java:onNext(255)) - client-FB00420D972B->0a7e6056-64a2-4302-b029-255d48a66d7f: receive RaftClientReply:client-FB00420D972B->0a7e6056-64a2-4302-b029-255d48a66d7f@group-1EE0336AADCF, cid=3267, SUCCESS, logIndex=4930, commits[0a7e6056-64a2-4302-b029-255d48a66d7f:c4930, 82c1508e-6289-48e2-a567-a0e29c8b4903:c4926, f63d6ef8-0266-4bf3-bcb1-484cdaae1fbb:c4926]
2019-07-09 20:06:58,875 INFO  client.GrpcClientProtocolClient (GrpcClientProtocolClient.java:onNext(255)) - client-FB00420D972B->0a7e6056-64a2-4302-b029-255d48a66d7f: receive RaftClientReply:client-FB00420D972B->0a7e6056-64a2-4302-b029-255d48a66d7f@group-1EE0336AADCF, cid=3268, SUCCESS, logIndex=0, commits[0a7e6056-64a2-4302-b029-255d48a66d7f:c4932, 82c1508e-6289-48e2-a567-a0e29c8b4903:c4930, f63d6ef8-0266-4bf3-bcb1-484cdaae1fbb:c4930]
2019-07-09 20:06:58,905 INFO  client.GrpcClientProtocolClient (GrpcClientProtocolClient.java:onNext(255)) - client-FB00420D972B->0a7e6056-64a2-4302-b029-255d48a66d7f: receive RaftClientReply:client-FB00420D972B->0a7e6056-64a2-4302-b029-255d48a66d7f@group-1EE0336AADCF, cid=3269, SUCCESS, logIndex=4933, commits[0a7e6056-64a2-4302-b029-255d48a66d7f:c4934, 82c1508e-6289-48e2-a567-a0e29c8b4903:c4932, f63d6ef8-0266-4bf3-bcb1-484cdaae1fbb:c4932]
2019-07-09 20:06:58,905 INFO  client.GrpcClientProtocolClient (GrpcClientProtocolClient.java:onNext(255)) - client-FB00420D972B->0a7e6056-64a2-4302-b029-255d48a66d7f: receive RaftClientReply:client-FB00420D972B->0a7e6056-64a2-4302-b029-255d48a66d7f@group-1EE0336AADCF, cid=3270, SUCCESS, logIndex=4934, commits[0a7e6056-64a2-4302-b029-255d48a66d7f:c4934, 82c1508e-6289-48e2-a567-a0e29c8b4903:c4932, f63d6ef8-0266-4bf3-bcb1-484cdaae1fbb:c4932]
2019-07-09 20:06:58,906 INFO  client.GrpcClientProtocolClient (GrpcClientProtocolClient.java:onNext(255)) - client-FB00420D972B->0a7e6056-64a2-4302-b029-255d48a66d7f: receive RaftClientReply:client-FB00420D972B->0a7e6056-64a2-4302-b029-255d48a66d7f@group-1EE0336AADCF, cid=3271, SUCCESS, logIndex=4935, commits[0a7e6056-64a2-4302-b029-255d48a66d7f:c4936, 82c1508e-6289-48e2-a567-a0e29c8b4903:c4932, f63d6ef8-0266-4bf3-bcb1-484cdaae1fbb:c4932]
2019-07-09 20:06:58,906 INFO  client.GrpcClientProtocolClient (GrpcClientProtocolClient.java:onNext(255)) - client-FB00420D972B->0a7e6056-64a2-4302-b029-255d48a66d7f: receive RaftClientReply:client-FB00420D972B->0a7e6056-64a2-4302-b029-255d48a66d7f@group-1EE0336AADCF, cid=3272, SUCCESS, logIndex=4936, commits[0a7e6056-64a2-4302-b029-255d48a66d7f:c4936, 82c1508e-6289-48e2-a567-a0e29c8b4903:c4932, f63d6ef8-0266-4bf3-bcb1-484cdaae1fbb:c4932]
2019-07-09 20:06:58,919 INFO  client.GrpcClientProtocolClient (GrpcClientProtocolClient.java:onNext(255)) - client-FB00420D972B->0a7e6056-64a2-4302-b029-255d48a66d7f: receive RaftClientReply:client-FB00420D972B->0a7e6056-64a2-4302-b029-255d48a66d7f@group-1EE0336AADCF, cid=3273, SUCCESS, logIndex=0, commits[0a7e6056-64a2-4302-b029-255d48a66d7f:c4938, 82c1508e-6289-48e2-a567-a0e29c8b4903:c4934, f63d6ef8-0266-4bf3-bcb1-484cdaae1fbb:c4934]
2019-07-09 20:06:58,940 INFO  client.GrpcClientProtocolClient (GrpcClientProtocolClient.java:onNext(255)) - client-FB00420D972B->0a7e6056-64a2-4302-b029-255d48a66d7f: receive RaftClientReply:client-FB00420D972B->0a7e6056-64a2-4302-b029-255d48a66d7f@group-1EE0336AADCF, cid=3274, SUCCESS, logIndex=4941, commits[0a7e6056-64a2-4302-b029-255d48a66d7f:c4942, 82c1508e-6289-48e2-a567-a0e29c8b4903:c4940, f63d6ef8-0266-4bf3-bcb1-484cdaae1fbb:c4940]
2019-07-09 20:06:58,940 INFO  client.GrpcClientProtocolClient (GrpcClientProtocolClient.java:onNext(255)) - client-FB00420D972B->0a7e6056-64a2-4302-b029-255d48a66d7f: receive RaftClientReply:client-FB00420D972B->0a7e6056-64a2-4302-b029-255d48a66d7f@group-1EE0336AADCF, cid=3275, SUCCESS, logIndex=4942, commits[0a7e6056-64a2-4302-b029-255d48a66d7f:c4942, 82c1508e-6289-48e2-a567-a0e29c8b4903:c4940, f63d6ef8-0266-4bf3-bcb1-484cdaae1fbb:c4940]
2019-07-09 20:06:58,959 INFO  client.GrpcClientProtocolClient (GrpcClientProtocolClient.java:onNext(255)) - client-FB00420D972B->0a7e6056-64a2-4302-b029-255d48a66d7f: receive RaftClientReply:client-FB00420D972B->0a7e6056-64a2-4302-b029-255d48a66d7f@group-1EE0336AADCF, cid=3276, SUCCESS, logIndex=4945, commits[0a7e6056-64a2-4302-b029-255d48a66d7f:c4946, 82c1508e-6289-48e2-a567-a0e29c8b4903:c4944, f63d6ef8-0266-4bf3-bcb1-484cdaae1fbb:c4944]
2019-07-09 20:06:58,959 INFO  client.GrpcClientProtocolClient (GrpcClientProtocolClient.java:onNext(255)) - client-FB00420D972B->0a7e6056-64a2-4302-b029-255d48a66d7f: receive RaftClientReply:client-FB00420D972B->0a7e6056-64a2-4302-b029-255d48a66d7f@group-1EE0336AADCF, cid=3277, SUCCESS, logIndex=4946, commits[0a7e6056-64a2-4302-b029-255d48a66d7f:c4946, 82c1508e-6289-48e2-a567-a0e29c8b4903:c4944, f63d6ef8-0266-4bf3-bcb1-484cdaae1fbb:c4944]
2019-07-09 20:06:58,973 INFO  client.GrpcClientProtocolClient (GrpcClientProtocolClient.java:onNext(255)) - client-FB00420D972B->0a7e6056-64a2-4302-b029-255d48a66d7f: receive RaftClientReply:client-FB00420D972B->0a7e6056-64a2-4302-b029-255d48a66d7f@group-1EE0336AADCF, cid=3278, SUCCESS, logIndex=0, commits[0a7e6056-64a2-4302-b029-255d48a66d7f:c4948, 82c1508e-6289-48e2-a567-a0e29c8b4903:c4946, f63d6ef8-0266-4bf3-bcb1-484cdaae1fbb:c4946]
2019-07-09 20:06:59,006 INFO  client.GrpcClientProtocolClient (GrpcClientProtocolClient.java:onNext(255)) - client-FB00420D972B->0a7e6056-64a2-4302-b029-255d48a66d7f: receive RaftClientReply:client-FB00420D972B->0a7e6056-64a2-4302-b029-255d48a66d7f@group-1EE0336AADCF, cid=3279, SUCCESS, logIndex=4949, commits[0a7e6056-64a2-4302-b029-255d48a66d7f:c4949, 82c1508e-6289-48e2-a567-a0e29c8b4903:c4948, f63d6ef8-0266-4bf3-bcb1-484cdaae1fbb:c4948]
2019-07-09 20:06:59,006 INFO  client.GrpcClientProtocolClient (GrpcClientProtocolClient.java:onNext(255)) - client-FB00420D972B->0a7e6056-64a2-4302-b029-255d48a66d7f: receive RaftClientReply:client-FB00420D972B->0a7e6056-64a2-4302-b029-255d48a66d7f@group-1EE0336AADCF, cid=3280, SUCCESS, logIndex=4950, commits[0a7e6056-64a2-4302-b029-255d48a66d7f:c4952, 82c1508e-6289-48e2-a567-a0e29c8b4903:c4948, f63d6ef8-0266-4bf3-bcb1-484cdaae1fbb:c4948]
2019-07-09 20:06:59,006 INFO  client.GrpcClientProtocolClient (GrpcClientProtocolClient.java:onNext(255)) - client-FB00420D972B->0a7e6056-64a2-4302-b029-255d48a66d7f: receive RaftClientReply:client-FB00420D972B->0a7e6056-64a2-4302-b029-255d48a66d7f@group-1EE0336AADCF, cid=3281, SUCCESS, logIndex=4951, commits[0a7e6056-64a2-4302-b029-255d48a66d7f:c4952, 82c1508e-6289-48e2-a567-a0e29c8b4903:c4948, f63d6ef8-0266-4bf3-bcb1-484cdaae1fbb:c4948]
2019-07-09 20:06:59,006 INFO  client.GrpcClientProtocolClient (GrpcClientProtocolClient.java:onNext(255)) - client-FB00420D972B->0a7e6056-64a2-4302-b029-255d48a66d7f: receive RaftClientReply:client-FB00420D972B->0a7e6056-64a2-4302-b029-255d48a66d7f@group-1EE0336AADCF, cid=3282, SUCCESS, logIndex=4952, commits[0a7e6056-64a2-4302-b029-255d48a66d7f:c4952, 82c1508e-6289-48e2-a567-a0e29c8b4903:c4948, f63d6ef8-0266-4bf3-bcb1-484cdaae1fbb:c4948]
2019-07-09 20:06:59,035 INFO  client.GrpcClientProtocolClient (GrpcClientProtocolClient.java:onNext(255)) - client-FB00420D972B->0a7e6056-64a2-4302-b029-255d48a66d7f: receive RaftClientReply:client-FB00420D972B->0a7e6056-64a2-4302-b029-255d48a66d7f@group-1EE0336AADCF, cid=3283, SUCCESS, logIndex=0, commits[0a7e6056-64a2-4302-b029-255d48a66d7f:c4956, 82c1508e-6289-48e2-a567-a0e29c8b4903:c4952, f63d6ef8-0266-4bf3-bcb1-484cdaae1fbb:c4951]
2019-07-09 20:06:59,054 INFO  client.GrpcClientProtocolClient (GrpcClientProtocolClient.java:onNext(255)) - client-FB00420D972B->0a7e6056-64a2-4302-b029-255d48a66d7f: receive RaftClientReply:client-FB00420D972B->0a7e6056-64a2-4302-b029-255d48a66d7f@group-1EE0336AADCF, cid=3284, SUCCESS, logIndex=4957, commits[0a7e6056-64a2-4302-b029-255d48a66d7f:c4958, 82c1508e-6289-48e2-a567-a0e29c8b4903:c4956, f63d6ef8-0266-4bf3-bcb1-484cdaae1fbb:c4956]
2019-07-09 20:06:59,055 INFO  client.GrpcClientProtocolClient (GrpcClientProtocolClient.java:onNext(255)) - client-FB00420D972B->0a7e6056-64a2-4302-b029-255d48a66d7f: receive RaftClientReply:client-FB00420D972B->0a7e6056-64a2-4302-b029-255d48a66d7f@group-1EE0336AADCF, cid=3285, SUCCESS, logIndex=4958, commits[0a7e6056-64a2-4302-b029-255d48a66d7f:c4958, 82c1508e-6289-48e2-a567-a0e29c8b4903:c4956, f63d6ef8-0266-4bf3-bcb1-484cdaae1fbb:c4956]
2019-07-09 20:06:59,070 INFO  client.GrpcClientProtocolClient (GrpcClientProtocolClient.java:onNext(255)) - client-FB00420D972B->0a7e6056-64a2-4302-b029-255d48a66d7f: receive RaftClientReply:client-FB00420D972B->0a7e6056-64a2-4302-b029-255d48a66d7f@group-1EE0336AADCF, cid=3286, SUCCESS, logIndex=4961, commits[0a7e6056-64a2-4302-b029-255d48a66d7f:c4962, 82c1508e-6289-48e2-a567-a0e29c8b4903:c4958, f63d6ef8-0266-4bf3-bcb1-484cdaae1fbb:c4958]
2019-07-09 20:06:59,070 INFO  client.GrpcClientProtocolClient (GrpcClientProtocolClient.java:onNext(255)) - client-FB00420D972B->0a7e6056-64a2-4302-b029-255d48a66d7f: receive RaftClientReply:client-FB00420D972B->0a7e6056-64a2-4302-b029-255d48a66d7f@group-1EE0336AADCF, cid=3287, SUCCESS, logIndex=4962, commits[0a7e6056-64a2-4302-b029-255d48a66d7f:c4962, 82c1508e-6289-48e2-a567-a0e29c8b4903:c4958, f63d6ef8-0266-4bf3-bcb1-484cdaae1fbb:c4958]
2019-07-09 20:06:59,081 INFO  client.GrpcClientProtocolClient (GrpcClientProtocolClient.java:onNext(255)) - client-FB00420D972B->0a7e6056-64a2-4302-b029-255d48a66d7f: receive RaftClientReply:client-FB00420D972B->0a7e6056-64a2-4302-b029-255d48a66d7f@group-1EE0336AADCF, cid=3288, SUCCESS, logIndex=0, commits[0a7e6056-64a2-4302-b029-255d48a66d7f:c4963, 82c1508e-6289-48e2-a567-a0e29c8b4903:c4962, f63d6ef8-0266-4bf3-bcb1-484cdaae1fbb:c4962]
2019-07-09 20:06:59,217 INFO  client.GrpcClientProtocolClient (GrpcClientProtocolClient.java:onNext(255)) - client-FB00420D972B->0a7e6056-64a2-4302-b029-255d48a66d7f: receive RaftClientReply:client-FB00420D972B->0a7e6056-64a2-4302-b029-255d48a66d7f@group-1EE0336AADCF, cid=3289, SUCCESS, logIndex=4965, commits[0a7e6056-64a2-4302-b029-255d48a66d7f:c4966, 82c1508e-6289-48e2-a567-a0e29c8b4903:c4964, f63d6ef8-0266-4bf3-bcb1-484cdaae1fbb:c4964]
2019-07-09 20:06:59,217 INFO  client.GrpcClientProtocolClient (GrpcClientProtocolClient.java:onNext(255)) - client-FB00420D972B->0a7e6056-64a2-4302-b029-255d48a66d7f: receive RaftClientReply:client-FB00420D972B->0a7e6056-64a2-4302-b029-255d48a66d7f@group-1EE0336AADCF, cid=3290, SUCCESS, logIndex=4966, commits[0a7e6056-64a2-4302-b029-255d48a66d7f:c4968, 82c1508e-6289-48e2-a567-a0e29c8b4903:c4964, f63d6ef8-0266-4bf3-bcb1-484cdaae1fbb:c4964]
2019-07-09 20:06:59,218 INFO  client.GrpcClientProtocolClient (GrpcClientProtocolClient.java:onNext(255)) - client-FB00420D972B->0a7e6056-64a2-4302-b029-255d48a66d7f: receive RaftClientReply:client-FB00420D972B->0a7e6056-64a2-4302-b029-255d48a66d7f@group-1EE0336AADCF, cid=3291, SUCCESS, logIndex=4967, commits[0a7e6056-64a2-4302-b029-255d48a66d7f:c4969, 82c1508e-6289-48e2-a567-a0e29c8b4903:c4964, f63d6ef8-0266-4bf3-bcb1-484cdaae1fbb:c4965]
2019-07-09 20:06:59,218 INFO  client.GrpcClientProtocolClient (GrpcClientProtocolClient.java:onNext(255)) - client-FB00420D972B->0a7e6056-64a2-4302-b029-255d48a66d7f: receive RaftClientReply:client-FB00420D972B->0a7e6056-64a2-4302-b029-255d48a66d7f@group-1EE0336AADCF, cid=3292, SUCCESS, logIndex=4968, commits[0a7e6056-64a2-4302-b029-255d48a66d7f:c4969, 82c1508e-6289-48e2-a567-a0e29c8b4903:c4964, f63d6ef8-0266-4bf3-bcb1-484cdaae1fbb:c4965]
2019-07-09 20:06:59,229 INFO  client.GrpcClientProtocolClient (GrpcClientProtocolClient.java:onNext(255)) - client-FB00420D972B->0a7e6056-64a2-4302-b029-255d48a66d7f: receive RaftClientReply:client-FB00420D972B->0a7e6056-64a2-4302-b029-255d48a66d7f@group-1EE0336AADCF, cid=3293, SUCCESS, logIndex=0, commits[0a7e6056-64a2-4302-b029-255d48a66d7f:c4970, 82c1508e-6289-48e2-a567-a0e29c8b4903:c4966, f63d6ef8-0266-4bf3-bcb1-484cdaae1fbb:c4966]
2019-07-09 20:06:59,250 INFO  client.GrpcClientProtocolClient (GrpcClientProtocolClient.java:onNext(255)) - client-FB00420D972B->0a7e6056-64a2-4302-b029-255d48a66d7f: receive RaftClientReply:client-FB00420D972B->0a7e6056-64a2-4302-b029-255d48a66d7f@group-1EE0336AADCF, cid=3294, SUCCESS, logIndex=4973, commits[0a7e6056-64a2-4302-b029-255d48a66d7f:c4973, 82c1508e-6289-48e2-a567-a0e29c8b4903:c4972, f63d6ef8-0266-4bf3-bcb1-484cdaae1fbb:c4972]
2019-07-09 20:06:59,250 INFO  client.GrpcClientProtocolClient (GrpcClientProtocolClient.java:onNext(255)) - client-FB00420D972B->0a7e6056-64a2-4302-b029-255d48a66d7f: receive RaftClientReply:client-FB00420D972B->0a7e6056-64a2-4302-b029-255d48a66d7f@group-1EE0336AADCF, cid=3295, SUCCESS, logIndex=4974, commits[0a7e6056-64a2-4302-b029-255d48a66d7f:c4974, 82c1508e-6289-48e2-a567-a0e29c8b4903:c4972, f63d6ef8-0266-4bf3-bcb1-484cdaae1fbb:c4972]
2019-07-09 20:06:59,265 INFO  client.GrpcClientProtocolClient (GrpcClientProtocolClient.java:onNext(255)) - client-FB00420D972B->0a7e6056-64a2-4302-b029-255d48a66d7f: receive RaftClientReply:client-FB00420D972B->0a7e6056-64a2-4302-b029-255d48a66d7f@group-1EE0336AADCF, cid=3296, SUCCESS, logIndex=4977, commits[0a7e6056-64a2-4302-b029-255d48a66d7f:c4978, 82c1508e-6289-48e2-a567-a0e29c8b4903:c4974, f63d6ef8-0266-4bf3-bcb1-484cdaae1fbb:c4974]
2019-07-09 20:06:59,265 INFO  client.GrpcClientProtocolClient (GrpcClientProtocolClient.java:onNext(255)) - client-FB00420D972B->0a7e6056-64a2-4302-b029-255d48a66d7f: receive RaftClientReply:client-FB00420D972B->0a7e6056-64a2-4302-b029-255d48a66d7f@group-1EE0336AADCF, cid=3297, SUCCESS, logIndex=4978, commits[0a7e6056-64a2-4302-b029-255d48a66d7f:c4978, 82c1508e-6289-48e2-a567-a0e29c8b4903:c4974, f63d6ef8-0266-4bf3-bcb1-484cdaae1fbb:c4974]
2019-07-09 20:06:59,290 INFO  client.GrpcClientProtocolClient (GrpcClientProtocolClient.java:onNext(255)) - client-FB00420D972B->0a7e6056-64a2-4302-b029-255d48a66d7f: receive RaftClientReply:client-FB00420D972B->0a7e6056-64a2-4302-b029-255d48a66d7f@group-1EE0336AADCF, cid=3298, SUCCESS, logIndex=0, commits[0a7e6056-64a2-4302-b029-255d48a66d7f:c4979, 82c1508e-6289-48e2-a567-a0e29c8b4903:c4978, f63d6ef8-0266-4bf3-bcb1-484cdaae1fbb:c4978]
2019-07-09 20:06:59,322 INFO  client.GrpcClientProtocolClient (GrpcClientProtocolClient.java:onNext(255)) - client-FB00420D972B->0a7e6056-64a2-4302-b029-255d48a66d7f: receive RaftClientReply:client-FB00420D972B->0a7e6056-64a2-4302-b029-255d48a66d7f@group-1EE0336AADCF, cid=3299, SUCCESS, logIndex=4981, commits[0a7e6056-64a2-4302-b029-255d48a66d7f:c4982, 82c1508e-6289-48e2-a567-a0e29c8b4903:c4980, f63d6ef8-0266-4bf3-bcb1-484cdaae1fbb:c4980]
2019-07-09 20:06:59,322 INFO  client.GrpcClientProtocolClient (GrpcClientProtocolClient.java:onNext(255)) - client-FB00420D972B->0a7e6056-64a2-4302-b029-255d48a66d7f: receive RaftClientReply:client-FB00420D972B->0a7e6056-64a2-4302-b029-255d48a66d7f@group-1EE0336AADCF, cid=3300, SUCCESS, logIndex=4982, commits[0a7e6056-64a2-4302-b029-255d48a66d7f:c4982, 82c1508e-6289-48e2-a567-a0e29c8b4903:c4980, f63d6ef8-0266-4bf3-bcb1-484cdaae1fbb:c4980]
2019-07-09 20:06:59,323 INFO  client.GrpcClientProtocolClient (GrpcClientProtocolClient.java:onNext(255)) - client-FB00420D972B->0a7e6056-64a2-4302-b029-255d48a66d7f: receive RaftClientReply:client-FB00420D972B->0a7e6056-64a2-4302-b029-255d48a66d7f@group-1EE0336AADCF, cid=3301, SUCCESS, logIndex=4983, commits[0a7e6056-64a2-4302-b029-255d48a66d7f:c4984, 82c1508e-6289-48e2-a567-a0e29c8b4903:c4980, f63d6ef8-0266-4bf3-bcb1-484cdaae1fbb:c4980]
2019-07-09 20:06:59,323 INFO  client.GrpcClientProtocolClient (GrpcClientProtocolClient.java:onNext(255)) - client-FB00420D972B->0a7e6056-64a2-4302-b029-255d48a66d7f: receive RaftClientReply:client-FB00420D972B->0a7e6056-64a2-4302-b029-255d48a66d7f@group-1EE0336AADCF, cid=3302, SUCCESS, logIndex=4984, commits[0a7e6056-64a2-4302-b029-255d48a66d7f:c4984, 82c1508e-6289-48e2-a567-a0e29c8b4903:c4980, f63d6ef8-0266-4bf3-bcb1-484cdaae1fbb:c4980]
2019-07-09 20:06:59,325 INFO  client.GrpcClientProtocolClient (GrpcClientProtocolClient.java:onNext(255)) - client-FB00420D972B->0a7e6056-64a2-4302-b029-255d48a66d7f: receive RaftClientReply:client-FB00420D972B->0a7e6056-64a2-4302-b029-255d48a66d7f@group-1EE0336AADCF, cid=3303, SUCCESS, logIndex=0, commits[0a7e6056-64a2-4302-b029-255d48a66d7f:c4986, 82c1508e-6289-48e2-a567-a0e29c8b4903:c4982, f63d6ef8-0266-4bf3-bcb1-484cdaae1fbb:c4982]
2019-07-09 20:06:59,345 INFO  client.GrpcClientProtocolClient (GrpcClientProtocolClient.java:onNext(255)) - client-FB00420D972B->0a7e6056-64a2-4302-b029-255d48a66d7f: receive RaftClientReply:client-FB00420D972B->0a7e6056-64a2-4302-b029-255d48a66d7f@group-1EE0336AADCF, cid=3304, SUCCESS, logIndex=4989, commits[0a7e6056-64a2-4302-b029-255d48a66d7f:c4990, 82c1508e-6289-48e2-a567-a0e29c8b4903:c4988, f63d6ef8-0266-4bf3-bcb1-484cdaae1fbb:c4988]
2019-07-09 20:06:59,345 INFO  client.GrpcClientProtocolClient (GrpcClientProtocolClient.java:onNext(255)) - client-FB00420D972B->0a7e6056-64a2-4302-b029-255d48a66d7f: receive RaftClientReply:client-FB00420D972B->0a7e6056-64a2-4302-b029-255d48a66d7f@group-1EE0336AADCF, cid=3305, SUCCESS, logIndex=4990, commits[0a7e6056-64a2-4302-b029-255d48a66d7f:c4990, 82c1508e-6289-48e2-a567-a0e29c8b4903:c4988, f63d6ef8-0266-4bf3-bcb1-484cdaae1fbb:c4988]
2019-07-09 20:06:59,358 INFO  client.GrpcClientProtocolClient (GrpcClientProtocolClient.java:onNext(255)) - client-FB00420D972B->0a7e6056-64a2-4302-b029-255d48a66d7f: receive RaftClientReply:client-FB00420D972B->0a7e6056-64a2-4302-b029-255d48a66d7f@group-1EE0336AADCF, cid=3306, SUCCESS, logIndex=4993, commits[0a7e6056-64a2-4302-b029-255d48a66d7f:c4994, 82c1508e-6289-48e2-a567-a0e29c8b4903:c4990, f63d6ef8-0266-4bf3-bcb1-484cdaae1fbb:c4990]
2019-07-09 20:06:59,359 INFO  client.GrpcClientProtocolClient (GrpcClientProtocolClient.java:onNext(255)) - client-FB00420D972B->0a7e6056-64a2-4302-b029-255d48a66d7f: receive RaftClientReply:client-FB00420D972B->0a7e6056-64a2-4302-b029-255d48a66d7f@group-1EE0336AADCF, cid=3307, SUCCESS, logIndex=4994, commits[0a7e6056-64a2-4302-b029-255d48a66d7f:c4994, 82c1508e-6289-48e2-a567-a0e29c8b4903:c4990, f63d6ef8-0266-4bf3-bcb1-484cdaae1fbb:c4990]
2019-07-09 20:06:59,370 INFO  client.GrpcClientProtocolClient (GrpcClientProtocolClient.java:onNext(255)) - client-FB00420D972B->0a7e6056-64a2-4302-b029-255d48a66d7f: receive RaftClientReply:client-FB00420D972B->0a7e6056-64a2-4302-b029-255d48a66d7f@group-1EE0336AADCF, cid=3308, SUCCESS, logIndex=0, commits[0a7e6056-64a2-4302-b029-255d48a66d7f:c4995, 82c1508e-6289-48e2-a567-a0e29c8b4903:c4994, f63d6ef8-0266-4bf3-bcb1-484cdaae1fbb:c4994]
2019-07-09 20:06:59,400 INFO  client.GrpcClientProtocolClient (GrpcClientProtocolClient.java:onNext(255)) - client-FB00420D972B->0a7e6056-64a2-4302-b029-255d48a66d7f: receive RaftClientReply:client-FB00420D972B->0a7e6056-64a2-4302-b029-255d48a66d7f@group-1EE0336AADCF, cid=3309, SUCCESS, logIndex=4997, commits[0a7e6056-64a2-4302-b029-255d48a66d7f:c4998, 82c1508e-6289-48e2-a567-a0e29c8b4903:c4996, f63d6ef8-0266-4bf3-bcb1-484cdaae1fbb:c4996]
2019-07-09 20:06:59,400 INFO  client.GrpcClientProtocolClient (GrpcClientProtocolClient.java:onNext(255)) - client-FB00420D972B->0a7e6056-64a2-4302-b029-255d48a66d7f: receive RaftClientReply:client-FB00420D972B->0a7e6056-64a2-4302-b029-255d48a66d7f@group-1EE0336AADCF, cid=3310, SUCCESS, logIndex=4998, commits[0a7e6056-64a2-4302-b029-255d48a66d7f:c4998, 82c1508e-6289-48e2-a567-a0e29c8b4903:c4996, f63d6ef8-0266-4bf3-bcb1-484cdaae1fbb:c4996]
2019-07-09 20:06:59,401 INFO  client.GrpcClientProtocolClient (GrpcClientProtocolClient.java:onNext(255)) - client-FB00420D972B->0a7e6056-64a2-4302-b029-255d48a66d7f: receive RaftClientReply:client-FB00420D972B->0a7e6056-64a2-4302-b029-255d48a66d7f@group-1EE0336AADCF, cid=3311, SUCCESS, logIndex=4999, commits[0a7e6056-64a2-4302-b029-255d48a66d7f:c5000, 82c1508e-6289-48e2-a567-a0e29c8b4903:c4996, f63d6ef8-0266-4bf3-bcb1-484cdaae1fbb:c4996]
2019-07-09 20:06:59,401 INFO  client.GrpcClientProtocolClient (GrpcClientProtocolClient.java:onNext(255)) - client-FB00420D972B->0a7e6056-64a2-4302-b029-255d48a66d7f: receive RaftClientReply:client-FB00420D972B->0a7e6056-64a2-4302-b029-255d48a66d7f@group-1EE0336AADCF, cid=3312, SUCCESS, logIndex=5000, commits[0a7e6056-64a2-4302-b029-255d48a66d7f:c5000, 82c1508e-6289-48e2-a567-a0e29c8b4903:c4996, f63d6ef8-0266-4bf3-bcb1-484cdaae1fbb:c4996]
2019-07-09 20:06:59,414 INFO  client.GrpcClientProtocolClient (GrpcClientProtocolClient.java:onNext(255)) - client-FB00420D972B->0a7e6056-64a2-4302-b029-255d48a66d7f: receive RaftClientReply:client-FB00420D972B->0a7e6056-64a2-4302-b029-255d48a66d7f@group-1EE0336AADCF, cid=3313, SUCCESS, logIndex=0, commits[0a7e6056-64a2-4302-b029-255d48a66d7f:c5002, 82c1508e-6289-48e2-a567-a0e29c8b4903:c4998, f63d6ef8-0266-4bf3-bcb1-484cdaae1fbb:c4998]
2019-07-09 20:06:59,435 INFO  client.GrpcClientProtocolClient (GrpcClientProtocolClient.java:onNext(255)) - client-FB00420D972B->0a7e6056-64a2-4302-b029-255d48a66d7f: receive RaftClientReply:client-FB00420D972B->0a7e6056-64a2-4302-b029-255d48a66d7f@group-1EE0336AADCF, cid=3314, SUCCESS, logIndex=5005, commits[0a7e6056-64a2-4302-b029-255d48a66d7f:c5006, 82c1508e-6289-48e2-a567-a0e29c8b4903:c5004, f63d6ef8-0266-4bf3-bcb1-484cdaae1fbb:c5004]
2019-07-09 20:06:59,435 INFO  client.GrpcClientProtocolClient (GrpcClientProtocolClient.java:onNext(255)) - client-FB00420D972B->0a7e6056-64a2-4302-b029-255d48a66d7f: receive RaftClientReply:client-FB00420D972B->0a7e6056-64a2-4302-b029-255d48a66d7f@group-1EE0336AADCF, cid=3315, SUCCESS, logIndex=5006, commits[0a7e6056-64a2-4302-b029-255d48a66d7f:c5006, 82c1508e-6289-48e2-a567-a0e29c8b4903:c5004, f63d6ef8-0266-4bf3-bcb1-484cdaae1fbb:c5004]
2019-07-09 20:06:59,448 INFO  client.GrpcClientProtocolClient (GrpcClientProtocolClient.java:onNext(255)) - client-FB00420D972B->0a7e6056-64a2-4302-b029-255d48a66d7f: receive RaftClientReply:client-FB00420D972B->0a7e6056-64a2-4302-b029-255d48a66d7f@group-1EE0336AADCF, cid=3316, SUCCESS, logIndex=5009, commits[0a7e6056-64a2-4302-b029-255d48a66d7f:c5010, 82c1508e-6289-48e2-a567-a0e29c8b4903:c5006, f63d6ef8-0266-4bf3-bcb1-484cdaae1fbb:c5006]
2019-07-09 20:06:59,449 INFO  client.GrpcClientProtocolClient (GrpcClientProtocolClient.java:onNext(255)) - client-FB00420D972B->0a7e6056-64a2-4302-b029-255d48a66d7f: receive RaftClientReply:client-FB00420D972B->0a7e6056-64a2-4302-b029-255d48a66d7f@group-1EE0336AADCF, cid=3317, SUCCESS, logIndex=5010, commits[0a7e6056-64a2-4302-b029-255d48a66d7f:c5010, 82c1508e-6289-48e2-a567-a0e29c8b4903:c5006, f63d6ef8-0266-4bf3-bcb1-484cdaae1fbb:c5006]
2019-07-09 20:06:59,461 INFO  client.GrpcClientProtocolClient (GrpcClientProtocolClient.java:onNext(255)) - client-FB00420D972B->0a7e6056-64a2-4302-b029-255d48a66d7f: receive RaftClientReply:client-FB00420D972B->0a7e6056-64a2-4302-b029-255d48a66d7f@group-1EE0336AADCF, cid=3318, SUCCESS, logIndex=0, commits[0a7e6056-64a2-4302-b029-255d48a66d7f:c5012, 82c1508e-6289-48e2-a567-a0e29c8b4903:c5010, f63d6ef8-0266-4bf3-bcb1-484cdaae1fbb:c5010]
2019-07-09 20:06:59,492 INFO  client.GrpcClientProtocolClient (GrpcClientProtocolClient.java:onNext(255)) - client-FB00420D972B->0a7e6056-64a2-4302-b029-255d48a66d7f: receive RaftClientReply:client-FB00420D972B->0a7e6056-64a2-4302-b029-255d48a66d7f@group-1EE0336AADCF, cid=3319, SUCCESS, logIndex=5013, commits[0a7e6056-64a2-4302-b029-255d48a66d7f:c5014, 82c1508e-6289-48e2-a567-a0e29c8b4903:c5012, f63d6ef8-0266-4bf3-bcb1-484cdaae1fbb:c5012]
2019-07-09 20:06:59,493 INFO  client.GrpcClientProtocolClient (GrpcClientProtocolClient.java:onNext(255)) - client-FB00420D972B->0a7e6056-64a2-4302-b029-255d48a66d7f: receive RaftClientReply:client-FB00420D972B->0a7e6056-64a2-4302-b029-255d48a66d7f@group-1EE0336AADCF, cid=3320, SUCCESS, logIndex=5014, commits[0a7e6056-64a2-4302-b029-255d48a66d7f:c5014, 82c1508e-6289-48e2-a567-a0e29c8b4903:c5012, f63d6ef8-0266-4bf3-bcb1-484cdaae1fbb:c5012]
2019-07-09 20:06:59,493 INFO  client.GrpcClientProtocolClient (GrpcClientProtocolClient.java:onNext(255)) - client-FB00420D972B->0a7e6056-64a2-4302-b029-255d48a66d7f: receive RaftClientReply:client-FB00420D972B->0a7e6056-64a2-4302-b029-255d48a66d7f@group-1EE0336AADCF, cid=3321, SUCCESS, logIndex=5015, commits[0a7e6056-64a2-4302-b029-255d48a66d7f:c5015, 82c1508e-6289-48e2-a567-a0e29c8b4903:c5012, f63d6ef8-0266-4bf3-bcb1-484cdaae1fbb:c5012]
2019-07-09 20:06:59,494 INFO  client.GrpcClientProtocolClient (GrpcClientProtocolClient.java:onNext(255)) - client-FB00420D972B->0a7e6056-64a2-4302-b029-255d48a66d7f: receive RaftClientReply:client-FB00420D972B->0a7e6056-64a2-4302-b029-255d48a66d7f@group-1EE0336AADCF, cid=3322, SUCCESS, logIndex=5016, commits[0a7e6056-64a2-4302-b029-255d48a66d7f:c5016, 82c1508e-6289-48e2-a567-a0e29c8b4903:c5012, f63d6ef8-0266-4bf3-bcb1-484cdaae1fbb:c5012]
2019-07-09 20:06:59,496 INFO  client.GrpcClientProtocolClient (GrpcClientProtocolClient.java:onNext(255)) - client-FB00420D972B->0a7e6056-64a2-4302-b029-255d48a66d7f: receive RaftClientReply:client-FB00420D972B->0a7e6056-64a2-4302-b029-255d48a66d7f@group-1EE0336AADCF, cid=3323, SUCCESS, logIndex=0, commits[0a7e6056-64a2-4302-b029-255d48a66d7f:c5018, 82c1508e-6289-48e2-a567-a0e29c8b4903:c5014, f63d6ef8-0266-4bf3-bcb1-484cdaae1fbb:c5014]
2019-07-09 20:06:59,509 INFO  client.GrpcClientProtocolClient (GrpcClientProtocolClient.java:onNext(255)) - client-FB00420D972B->0a7e6056-64a2-4302-b029-255d48a66d7f: receive RaftClientReply:client-FB00420D972B->0a7e6056-64a2-4302-b029-255d48a66d7f@group-1EE0336AADCF, cid=3324, SUCCESS, logIndex=5021, commits[0a7e6056-64a2-4302-b029-255d48a66d7f:c5022, 82c1508e-6289-48e2-a567-a0e29c8b4903:c5016, f63d6ef8-0266-4bf3-bcb1-484cdaae1fbb:c5018]
2019-07-09 20:06:59,509 INFO  client.GrpcClientProtocolClient (GrpcClientProtocolClient.java:onNext(255)) - client-FB00420D972B->0a7e6056-64a2-4302-b029-255d48a66d7f: receive RaftClientReply:client-FB00420D972B->0a7e6056-64a2-4302-b029-255d48a66d7f@group-1EE0336AADCF, cid=3325, SUCCESS, logIndex=5022, commits[0a7e6056-64a2-4302-b029-255d48a66d7f:c5022, 82c1508e-6289-48e2-a567-a0e29c8b4903:c5018, f63d6ef8-0266-4bf3-bcb1-484cdaae1fbb:c5018]
2019-07-09 20:06:59,526 INFO  client.GrpcClientProtocolClient (GrpcClientProtocolClient.java:onNext(255)) - client-FB00420D972B->0a7e6056-64a2-4302-b029-255d48a66d7f: receive RaftClientReply:client-FB00420D972B->0a7e6056-64a2-4302-b029-255d48a66d7f@group-1EE0336AADCF, cid=3326, SUCCESS, logIndex=5025, commits[0a7e6056-64a2-4302-b029-255d48a66d7f:c5026, 82c1508e-6289-48e2-a567-a0e29c8b4903:c5023, f63d6ef8-0266-4bf3-bcb1-484cdaae1fbb:c5023]
2019-07-09 20:06:59,527 INFO  client.GrpcClientProtocolClient (GrpcClientProtocolClient.java:onNext(255)) - client-FB00420D972B->0a7e6056-64a2-4302-b029-255d48a66d7f: receive RaftClientReply:client-FB00420D972B->0a7e6056-64a2-4302-b029-255d48a66d7f@group-1EE0336AADCF, cid=3327, SUCCESS, logIndex=5026, commits[0a7e6056-64a2-4302-b029-255d48a66d7f:c5026, 82c1508e-6289-48e2-a567-a0e29c8b4903:c5023, f63d6ef8-0266-4bf3-bcb1-484cdaae1fbb:c5023]
2019-07-09 20:06:59,553 INFO  client.GrpcClientProtocolClient (GrpcClientProtocolClient.java:onNext(255)) - client-FB00420D972B->0a7e6056-64a2-4302-b029-255d48a66d7f: receive RaftClientReply:client-FB00420D972B->0a7e6056-64a2-4302-b029-255d48a66d7f@group-1EE0336AADCF, cid=3328, SUCCESS, logIndex=0, commits[0a7e6056-64a2-4302-b029-255d48a66d7f:c5028, 82c1508e-6289-48e2-a567-a0e29c8b4903:c5026, f63d6ef8-0266-4bf3-bcb1-484cdaae1fbb:c5026]
2019-07-09 20:06:59,584 INFO  client.GrpcClientProtocolClient (GrpcClientProtocolClient.java:onNext(255)) - client-FB00420D972B->0a7e6056-64a2-4302-b029-255d48a66d7f: receive RaftClientReply:client-FB00420D972B->0a7e6056-64a2-4302-b029-255d48a66d7f@group-1EE0336AADCF, cid=3329, SUCCESS, logIndex=5029, commits[0a7e6056-64a2-4302-b029-255d48a66d7f:c5029, 82c1508e-6289-48e2-a567-a0e29c8b4903:c5028, f63d6ef8-0266-4bf3-bcb1-484cdaae1fbb:c5028]
2019-07-09 20:06:59,585 INFO  client.GrpcClientProtocolClient (GrpcClientProtocolClient.java:onNext(255)) - client-FB00420D972B->0a7e6056-64a2-4302-b029-255d48a66d7f: receive RaftClientReply:client-FB00420D972B->0a7e6056-64a2-4302-b029-255d48a66d7f@group-1EE0336AADCF, cid=3330, SUCCESS, logIndex=5030, commits[0a7e6056-64a2-4302-b029-255d48a66d7f:c5030, 82c1508e-6289-48e2-a567-a0e29c8b4903:c5028, f63d6ef8-0266-4bf3-bcb1-484cdaae1fbb:c5028]
2019-07-09 20:06:59,604 INFO  client.GrpcClientProtocolClient (GrpcClientProtocolClient.java:onNext(255)) - client-FB00420D972B->0a7e6056-64a2-4302-b029-255d48a66d7f: receive RaftClientReply:client-FB00420D972B->0a7e6056-64a2-4302-b029-255d48a66d7f@group-1EE0336AADCF, cid=3331, SUCCESS, logIndex=5031, commits[0a7e6056-64a2-4302-b029-255d48a66d7f:c5031, 82c1508e-6289-48e2-a567-a0e29c8b4903:c5028, f63d6ef8-0266-4bf3-bcb1-484cdaae1fbb:c5028]
2019-07-09 20:06:59,604 INFO  client.GrpcClientProtocolClient (GrpcClientProtocolClient.java:onNext(255)) - client-FB00420D972B->0a7e6056-64a2-4302-b029-255d48a66d7f: receive RaftClientReply:client-FB00420D972B->0a7e6056-64a2-4302-b029-255d48a66d7f@group-1EE0336AADCF, cid=3332, SUCCESS, logIndex=5032, commits[0a7e6056-64a2-4302-b029-255d48a66d7f:c5032, 82c1508e-6289-48e2-a567-a0e29c8b4903:c5028, f63d6ef8-0266-4bf3-bcb1-484cdaae1fbb:c5028]
2019-07-09 20:06:59,607 INFO  client.GrpcClientProtocolClient (GrpcClientProtocolClient.java:onNext(255)) - client-FB00420D972B->0a7e6056-64a2-4302-b029-255d48a66d7f: receive RaftClientReply:client-FB00420D972B->0a7e6056-64a2-4302-b029-255d48a66d7f@group-1EE0336AADCF, cid=3333, SUCCESS, logIndex=0, commits[0a7e6056-64a2-4302-b029-255d48a66d7f:c5034, 82c1508e-6289-48e2-a567-a0e29c8b4903:c5030, f63d6ef8-0266-4bf3-bcb1-484cdaae1fbb:c5030]
2019-07-09 20:06:59,635 INFO  client.GrpcClientProtocolClient (GrpcClientProtocolClient.java:onNext(255)) - client-FB00420D972B->0a7e6056-64a2-4302-b029-255d48a66d7f: receive RaftClientReply:client-FB00420D972B->0a7e6056-64a2-4302-b029-255d48a66d7f@group-1EE0336AADCF, cid=3334, SUCCESS, logIndex=5037, commits[0a7e6056-64a2-4302-b029-255d48a66d7f:c5038, 82c1508e-6289-48e2-a567-a0e29c8b4903:c5034, f63d6ef8-0266-4bf3-bcb1-484cdaae1fbb:c5034]
2019-07-09 20:06:59,636 INFO  client.GrpcClientProtocolClient (GrpcClientProtocolClient.java:onNext(255)) - client-FB00420D972B->0a7e6056-64a2-4302-b029-255d48a66d7f: receive RaftClientReply:client-FB00420D972B->0a7e6056-64a2-4302-b029-255d48a66d7f@group-1EE0336AADCF, cid=3335, SUCCESS, logIndex=5038, commits[0a7e6056-64a2-4302-b029-255d48a66d7f:c5038, 82c1508e-6289-48e2-a567-a0e29c8b4903:c5034, f63d6ef8-0266-4bf3-bcb1-484cdaae1fbb:c5034]
2019-07-09 20:06:59,663 INFO  client.GrpcClientProtocolClient (GrpcClientProtocolClient.java:onNext(255)) - client-FB00420D972B->0a7e6056-64a2-4302-b029-255d48a66d7f: receive RaftClientReply:client-FB00420D972B->0a7e6056-64a2-4302-b029-255d48a66d7f@group-1EE0336AADCF, cid=3336, SUCCESS, logIndex=5041, commits[0a7e6056-64a2-4302-b029-255d48a66d7f:c5042, 82c1508e-6289-48e2-a567-a0e29c8b4903:c5038, f63d6ef8-0266-4bf3-bcb1-484cdaae1fbb:c5038]
2019-07-09 20:06:59,663 INFO  client.GrpcClientProtocolClient (GrpcClientProtocolClient.java:onNext(255)) - client-FB00420D972B->0a7e6056-64a2-4302-b029-255d48a66d7f: receive RaftClientReply:client-FB00420D972B->0a7e6056-64a2-4302-b029-255d48a66d7f@group-1EE0336AADCF, cid=3337, SUCCESS, logIndex=5042, commits[0a7e6056-64a2-4302-b029-255d48a66d7f:c5042, 82c1508e-6289-48e2-a567-a0e29c8b4903:c5038, f63d6ef8-0266-4bf3-bcb1-484cdaae1fbb:c5038]
2019-07-09 20:06:59,678 INFO  client.GrpcClientProtocolClient (GrpcClientProtocolClient.java:onNext(255)) - client-FB00420D972B->0a7e6056-64a2-4302-b029-255d48a66d7f: receive RaftClientReply:client-FB00420D972B->0a7e6056-64a2-4302-b029-255d48a66d7f@group-1EE0336AADCF, cid=3338, SUCCESS, logIndex=0, commits[0a7e6056-64a2-4302-b029-255d48a66d7f:c5044, 82c1508e-6289-48e2-a567-a0e29c8b4903:c5042, f63d6ef8-0266-4bf3-bcb1-484cdaae1fbb:c5042]
2019-07-09 20:06:59,716 INFO  client.GrpcClientProtocolClient (GrpcClientProtocolClient.java:onNext(255)) - client-FB00420D972B->0a7e6056-64a2-4302-b029-255d48a66d7f: receive RaftClientReply:client-FB00420D972B->0a7e6056-64a2-4302-b029-255d48a66d7f@group-1EE0336AADCF, cid=3339, SUCCESS, logIndex=5045, commits[0a7e6056-64a2-4302-b029-255d48a66d7f:c5046, 82c1508e-6289-48e2-a567-a0e29c8b4903:c5044, f63d6ef8-0266-4bf3-bcb1-484cdaae1fbb:c5044]
2019-07-09 20:06:59,717 INFO  client.GrpcClientProtocolClient (GrpcClientProtocolClient.java:onNext(255)) - client-FB00420D972B->0a7e6056-64a2-4302-b029-255d48a66d7f: receive RaftClientReply:client-FB00420D972B->0a7e6056-64a2-4302-b029-255d48a66d7f@group-1EE0336AADCF, cid=3340, SUCCESS, logIndex=5046, commits[0a7e6056-64a2-4302-b029-255d48a66d7f:c5046, 82c1508e-6289-48e2-a567-a0e29c8b4903:c5044, f63d6ef8-0266-4bf3-bcb1-484cdaae1fbb:c5044]
2019-07-09 20:06:59,729 INFO  client.GrpcClientProtocolClient (GrpcClientProtocolClient.java:onNext(255)) - client-FB00420D972B->0a7e6056-64a2-4302-b029-255d48a66d7f: receive RaftClientReply:client-FB00420D972B->0a7e6056-64a2-4302-b029-255d48a66d7f@group-1EE0336AADCF, cid=3341, SUCCESS, logIndex=5047, commits[0a7e6056-64a2-4302-b029-255d48a66d7f:c5048, 82c1508e-6289-48e2-a567-a0e29c8b4903:c5044, f63d6ef8-0266-4bf3-bcb1-484cdaae1fbb:c5044]
2019-07-09 20:06:59,729 INFO  client.GrpcClientProtocolClient (GrpcClientProtocolClient.java:onNext(255)) - client-FB00420D972B->0a7e6056-64a2-4302-b029-255d48a66d7f: receive RaftClientReply:client-FB00420D972B->0a7e6056-64a2-4302-b029-255d48a66d7f@group-1EE0336AADCF, cid=3342, SUCCESS, logIndex=5048, commits[0a7e6056-64a2-4302-b029-255d48a66d7f:c5048, 82c1508e-6289-48e2-a567-a0e29c8b4903:c5044, f63d6ef8-0266-4bf3-bcb1-484cdaae1fbb:c5044]
2019-07-09 20:06:59,732 INFO  client.GrpcClientProtocolClient (GrpcClientProtocolClient.java:onNext(255)) - client-FB00420D972B->0a7e6056-64a2-4302-b029-255d48a66d7f: receive RaftClientReply:client-FB00420D972B->0a7e6056-64a2-4302-b029-255d48a66d7f@group-1EE0336AADCF, cid=3343, SUCCESS, logIndex=0, commits[0a7e6056-64a2-4302-b029-255d48a66d7f:c5050, 82c1508e-6289-48e2-a567-a0e29c8b4903:c5046, f63d6ef8-0266-4bf3-bcb1-484cdaae1fbb:c5046]
2019-07-09 20:06:59,745 INFO  client.GrpcClientProtocolClient (GrpcClientProtocolClient.java:onNext(255)) - client-FB00420D972B->0a7e6056-64a2-4302-b029-255d48a66d7f: receive RaftClientReply:client-FB00420D972B->0a7e6056-64a2-4302-b029-255d48a66d7f@group-1EE0336AADCF, cid=3344, SUCCESS, logIndex=5053, commits[0a7e6056-64a2-4302-b029-255d48a66d7f:c5054, 82c1508e-6289-48e2-a567-a0e29c8b4903:c5052, f63d6ef8-0266-4bf3-bcb1-484cdaae1fbb:c5052]
2019-07-09 20:06:59,745 INFO  client.GrpcClientProtocolClient (GrpcClientProtocolClient.java:onNext(255)) - client-FB00420D972B->0a7e6056-64a2-4302-b029-255d48a66d7f: receive RaftClientReply:client-FB00420D972B->0a7e6056-64a2-4302-b029-255d48a66d7f@group-1EE0336AADCF, cid=3345, SUCCESS, logIndex=5054, commits[0a7e6056-64a2-4302-b029-255d48a66d7f:c5054, 82c1508e-6289-48e2-a567-a0e29c8b4903:c5052, f63d6ef8-0266-4bf3-bcb1-484cdaae1fbb:c5052]
2019-07-09 20:06:59,778 INFO  client.GrpcClientProtocolClient (GrpcClientProtocolClient.java:onNext(255)) - client-FB00420D972B->0a7e6056-64a2-4302-b029-255d48a66d7f: receive RaftClientReply:client-FB00420D972B->0a7e6056-64a2-4302-b029-255d48a66d7f@group-1EE0336AADCF, cid=3346, SUCCESS, logIndex=5057, commits[0a7e6056-64a2-4302-b029-255d48a66d7f:c5058, 82c1508e-6289-48e2-a567-a0e29c8b4903:c5056, f63d6ef8-0266-4bf3-bcb1-484cdaae1fbb:c5056]
2019-07-09 20:06:59,778 INFO  client.GrpcClientProtocolClient (GrpcClientProtocolClient.java:onNext(255)) - client-FB00420D972B->0a7e6056-64a2-4302-b029-255d48a66d7f: receive RaftClientReply:client-FB00420D972B->0a7e6056-64a2-4302-b029-255d48a66d7f@group-1EE0336AADCF, cid=3347, SUCCESS, logIndex=5058, commits[0a7e6056-64a2-4302-b029-255d48a66d7f:c5058, 82c1508e-6289-48e2-a567-a0e29c8b4903:c5056, f63d6ef8-0266-4bf3-bcb1-484cdaae1fbb:c5056]
2019-07-09 20:06:59,791 INFO  client.GrpcClientProtocolClient (GrpcClientProtocolClient.java:onNext(255)) - client-FB00420D972B->0a7e6056-64a2-4302-b029-255d48a66d7f: receive RaftClientReply:client-FB00420D972B->0a7e6056-64a2-4302-b029-255d48a66d7f@group-1EE0336AADCF, cid=3348, SUCCESS, logIndex=0, commits[0a7e6056-64a2-4302-b029-255d48a66d7f:c5060, 82c1508e-6289-48e2-a567-a0e29c8b4903:c5058, f63d6ef8-0266-4bf3-bcb1-484cdaae1fbb:c5058]
2019-07-09 20:06:59,826 INFO  client.GrpcClientProtocolClient (GrpcClientProtocolClient.java:onNext(255)) - client-FB00420D972B->0a7e6056-64a2-4302-b029-255d48a66d7f: receive RaftClientReply:client-FB00420D972B->0a7e6056-64a2-4302-b029-255d48a66d7f@group-1EE0336AADCF, cid=3349, SUCCESS, logIndex=5061, commits[0a7e6056-64a2-4302-b029-255d48a66d7f:c5062, 82c1508e-6289-48e2-a567-a0e29c8b4903:c5060, f63d6ef8-0266-4bf3-bcb1-484cdaae1fbb:c5060]
2019-07-09 20:06:59,826 INFO  client.GrpcClientProtocolClient (GrpcClientProtocolClient.java:onNext(255)) - client-FB00420D972B->0a7e6056-64a2-4302-b029-255d48a66d7f: receive RaftClientReply:client-FB00420D972B->0a7e6056-64a2-4302-b029-255d48a66d7f@group-1EE0336AADCF, cid=3350, SUCCESS, logIndex=5062, commits[0a7e6056-64a2-4302-b029-255d48a66d7f:c5064, 82c1508e-6289-48e2-a567-a0e29c8b4903:c5060, f63d6ef8-0266-4bf3-bcb1-484cdaae1fbb:c5060]
2019-07-09 20:06:59,827 INFO  client.GrpcClientProtocolClient (GrpcClientProtocolClient.java:onNext(255)) - client-FB00420D972B->0a7e6056-64a2-4302-b029-255d48a66d7f: receive RaftClientReply:client-FB00420D972B->0a7e6056-64a2-4302-b029-255d48a66d7f@group-1EE0336AADCF, cid=3351, SUCCESS, logIndex=5063, commits[0a7e6056-64a2-4302-b029-255d48a66d7f:c5064, 82c1508e-6289-48e2-a567-a0e29c8b4903:c5060, f63d6ef8-0266-4bf3-bcb1-484cdaae1fbb:c5060]
2019-07-09 20:06:59,827 INFO  client.GrpcClientProtocolClient (GrpcClientProtocolClient.java:onNext(255)) - client-FB00420D972B->0a7e6056-64a2-4302-b029-255d48a66d7f: receive RaftClientReply:client-FB00420D972B->0a7e6056-64a2-4302-b029-255d48a66d7f@group-1EE0336AADCF, cid=3352, SUCCESS, logIndex=5064, commits[0a7e6056-64a2-4302-b029-255d48a66d7f:c5064, 82c1508e-6289-48e2-a567-a0e29c8b4903:c5060, f63d6ef8-0266-4bf3-bcb1-484cdaae1fbb:c5060]
 0.00% |█                                                                                                    |  0/1 Time: 0:00:312019-07-09 20:06:59,840 INFO  client.GrpcClientProtocolClient (GrpcClientProtocolClient.java:onNext(255)) - client-FB00420D972B->0a7e6056-64a2-4302-b029-255d48a66d7f: receive RaftClientReply:client-FB00420D972B->0a7e6056-64a2-4302-b029-255d48a66d7f@group-1EE0336AADCF, cid=3353, SUCCESS, logIndex=0, commits[0a7e6056-64a2-4302-b029-255d48a66d7f:c5066, 82c1508e-6289-48e2-a567-a0e29c8b4903:c5062, f63d6ef8-0266-4bf3-bcb1-484cdaae1fbb:c5062]
2019-07-09 20:06:59,861 INFO  client.GrpcClientProtocolClient (GrpcClientProtocolClient.java:onNext(255)) - client-FB00420D972B->0a7e6056-64a2-4302-b029-255d48a66d7f: receive RaftClientReply:client-FB00420D972B->0a7e6056-64a2-4302-b029-255d48a66d7f@group-1EE0336AADCF, cid=3354, SUCCESS, logIndex=5069, commits[0a7e6056-64a2-4302-b029-255d48a66d7f:c5070, 82c1508e-6289-48e2-a567-a0e29c8b4903:c5068, f63d6ef8-0266-4bf3-bcb1-484cdaae1fbb:c5068]
2019-07-09 20:06:59,862 INFO  client.GrpcClientProtocolClient (GrpcClientProtocolClient.java:onNext(255)) - client-FB00420D972B->0a7e6056-64a2-4302-b029-255d48a66d7f: receive RaftClientReply:client-FB00420D972B->0a7e6056-64a2-4302-b029-255d48a66d7f@group-1EE0336AADCF, cid=3355, SUCCESS, logIndex=5070, commits[0a7e6056-64a2-4302-b029-255d48a66d7f:c5070, 82c1508e-6289-48e2-a567-a0e29c8b4903:c5068, f63d6ef8-0266-4bf3-bcb1-484cdaae1fbb:c5068]
2019-07-09 20:06:59,875 INFO  client.GrpcClientProtocolClient (GrpcClientProtocolClient.java:onNext(255)) - client-FB00420D972B->0a7e6056-64a2-4302-b029-255d48a66d7f: receive RaftClientReply:client-FB00420D972B->0a7e6056-64a2-4302-b029-255d48a66d7f@group-1EE0336AADCF, cid=3356, SUCCESS, logIndex=5073, commits[0a7e6056-64a2-4302-b029-255d48a66d7f:c5074, 82c1508e-6289-48e2-a567-a0e29c8b4903:c5069, f63d6ef8-0266-4bf3-bcb1-484cdaae1fbb:c5070]
2019-07-09 20:06:59,875 INFO  client.GrpcClientProtocolClient (GrpcClientProtocolClient.java:onNext(255)) - client-FB00420D972B->0a7e6056-64a2-4302-b029-255d48a66d7f: receive RaftClientReply:client-FB00420D972B->0a7e6056-64a2-4302-b029-255d48a66d7f@group-1EE0336AADCF, cid=3357, SUCCESS, logIndex=5074, commits[0a7e6056-64a2-4302-b029-255d48a66d7f:c5074, 82c1508e-6289-48e2-a567-a0e29c8b4903:c5070, f63d6ef8-0266-4bf3-bcb1-484cdaae1fbb:c5070]
2019-07-09 20:06:59,890 INFO  client.GrpcClientProtocolClient (GrpcClientProtocolClient.java:onNext(255)) - client-FB00420D972B->0a7e6056-64a2-4302-b029-255d48a66d7f: receive RaftClientReply:client-FB00420D972B->0a7e6056-64a2-4302-b029-255d48a66d7f@group-1EE0336AADCF, cid=3358, SUCCESS, logIndex=0, commits[0a7e6056-64a2-4302-b029-255d48a66d7f:c5076, 82c1508e-6289-48e2-a567-a0e29c8b4903:c5074, f63d6ef8-0266-4bf3-bcb1-484cdaae1fbb:c5074]
2019-07-09 20:06:59,925 INFO  client.GrpcClientProtocolClient (GrpcClientProtocolClient.java:onNext(255)) - client-FB00420D972B->0a7e6056-64a2-4302-b029-255d48a66d7f: receive RaftClientReply:client-FB00420D972B->0a7e6056-64a2-4302-b029-255d48a66d7f@group-1EE0336AADCF, cid=3359, SUCCESS, logIndex=5077, commits[0a7e6056-64a2-4302-b029-255d48a66d7f:c5078, 82c1508e-6289-48e2-a567-a0e29c8b4903:c5076, f63d6ef8-0266-4bf3-bcb1-484cdaae1fbb:c5076]
2019-07-09 20:06:59,925 INFO  client.GrpcClientProtocolClient (GrpcClientProtocolClient.java:onNext(255)) - client-FB00420D972B->0a7e6056-64a2-4302-b029-255d48a66d7f: receive RaftClientReply:client-FB00420D972B->0a7e6056-64a2-4302-b029-255d48a66d7f@group-1EE0336AADCF, cid=3360, SUCCESS, logIndex=5078, commits[0a7e6056-64a2-4302-b029-255d48a66d7f:c5080, 82c1508e-6289-48e2-a567-a0e29c8b4903:c5076, f63d6ef8-0266-4bf3-bcb1-484cdaae1fbb:c5076]
2019-07-09 20:06:59,925 INFO  client.GrpcClientProtocolClient (GrpcClientProtocolClient.java:onNext(255)) - client-FB00420D972B->0a7e6056-64a2-4302-b029-255d48a66d7f: receive RaftClientReply:client-FB00420D972B->0a7e6056-64a2-4302-b029-255d48a66d7f@group-1EE0336AADCF, cid=3361, SUCCESS, logIndex=5079, commits[0a7e6056-64a2-4302-b029-255d48a66d7f:c5080, 82c1508e-6289-48e2-a567-a0e29c8b4903:c5076, f63d6ef8-0266-4bf3-bcb1-484cdaae1fbb:c5076]
2019-07-09 20:06:59,926 INFO  client.GrpcClientProtocolClient (GrpcClientProtocolClient.java:onNext(255)) - client-FB00420D972B->0a7e6056-64a2-4302-b029-255d48a66d7f: receive RaftClientReply:client-FB00420D972B->0a7e6056-64a2-4302-b029-255d48a66d7f@group-1EE0336AADCF, cid=3362, SUCCESS, logIndex=5080, commits[0a7e6056-64a2-4302-b029-255d48a66d7f:c5080, 82c1508e-6289-48e2-a567-a0e29c8b4903:c5076, f63d6ef8-0266-4bf3-bcb1-484cdaae1fbb:c5076]
2019-07-09 20:06:59,940 INFO  client.GrpcClientProtocolClient (GrpcClientProtocolClient.java:onNext(255)) - client-FB00420D972B->0a7e6056-64a2-4302-b029-255d48a66d7f: receive RaftClientReply:client-FB00420D972B->0a7e6056-64a2-4302-b029-255d48a66d7f@group-1EE0336AADCF, cid=3363, SUCCESS, logIndex=0, commits[0a7e6056-64a2-4302-b029-255d48a66d7f:c5082, 82c1508e-6289-48e2-a567-a0e29c8b4903:c5078, f63d6ef8-0266-4bf3-bcb1-484cdaae1fbb:c5078]
2019-07-09 20:06:59,963 INFO  client.GrpcClientProtocolClient (GrpcClientProtocolClient.java:onNext(255)) - client-FB00420D972B->0a7e6056-64a2-4302-b029-255d48a66d7f: receive RaftClientReply:client-FB00420D972B->0a7e6056-64a2-4302-b029-255d48a66d7f@group-1EE0336AADCF, cid=3364, SUCCESS, logIndex=5085, commits[0a7e6056-64a2-4302-b029-255d48a66d7f:c5086, 82c1508e-6289-48e2-a567-a0e29c8b4903:c5080, f63d6ef8-0266-4bf3-bcb1-484cdaae1fbb:c5084]
2019-07-09 20:06:59,963 INFO  client.GrpcClientProtocolClient (GrpcClientProtocolClient.java:onNext(255)) - client-FB00420D972B->0a7e6056-64a2-4302-b029-255d48a66d7f: receive RaftClientReply:client-FB00420D972B->0a7e6056-64a2-4302-b029-255d48a66d7f@group-1EE0336AADCF, cid=3365, SUCCESS, logIndex=5086, commits[0a7e6056-64a2-4302-b029-255d48a66d7f:c5086, 82c1508e-6289-48e2-a567-a0e29c8b4903:c5084, f63d6ef8-0266-4bf3-bcb1-484cdaae1fbb:c5084]
2019-07-09 20:06:59,980 INFO  client.GrpcClientProtocolClient (GrpcClientProtocolClient.java:onNext(255)) - client-FB00420D972B->0a7e6056-64a2-4302-b029-255d48a66d7f: receive RaftClientReply:client-FB00420D972B->0a7e6056-64a2-4302-b029-255d48a66d7f@group-1EE0336AADCF, cid=3366, SUCCESS, logIndex=5089, commits[0a7e6056-64a2-4302-b029-255d48a66d7f:c5090, 82c1508e-6289-48e2-a567-a0e29c8b4903:c5088, f63d6ef8-0266-4bf3-bcb1-484cdaae1fbb:c5086]
2019-07-09 20:06:59,980 INFO  client.GrpcClientProtocolClient (GrpcClientProtocolClient.java:onNext(255)) - client-FB00420D972B->0a7e6056-64a2-4302-b029-255d48a66d7f: receive RaftClientReply:client-FB00420D972B->0a7e6056-64a2-4302-b029-255d48a66d7f@group-1EE0336AADCF, cid=3367, SUCCESS, logIndex=5090, commits[0a7e6056-64a2-4302-b029-255d48a66d7f:c5090, 82c1508e-6289-48e2-a567-a0e29c8b4903:c5088, f63d6ef8-0266-4bf3-bcb1-484cdaae1fbb:c5086]
2019-07-09 20:07:00,006 INFO  client.GrpcClientProtocolClient (GrpcClientProtocolClient.java:onNext(255)) - client-FB00420D972B->0a7e6056-64a2-4302-b029-255d48a66d7f: receive RaftClientReply:client-FB00420D972B->0a7e6056-64a2-4302-b029-255d48a66d7f@group-1EE0336AADCF, cid=3368, SUCCESS, logIndex=0, commits[0a7e6056-64a2-4302-b029-255d48a66d7f:c5092, 82c1508e-6289-48e2-a567-a0e29c8b4903:c5090, f63d6ef8-0266-4bf3-bcb1-484cdaae1fbb:c5090]
2019-07-09 20:07:00,034 INFO  client.GrpcClientProtocolClient (GrpcClientProtocolClient.java:onNext(255)) - client-FB00420D972B->0a7e6056-64a2-4302-b029-255d48a66d7f: receive RaftClientReply:client-FB00420D972B->0a7e6056-64a2-4302-b029-255d48a66d7f@group-1EE0336AADCF, cid=3369, SUCCESS, logIndex=5093, commits[0a7e6056-64a2-4302-b029-255d48a66d7f:c5094, 82c1508e-6289-48e2-a567-a0e29c8b4903:c5092, f63d6ef8-0266-4bf3-bcb1-484cdaae1fbb:c5092]
2019-07-09 20:07:00,035 INFO  client.GrpcClientProtocolClient (GrpcClientProtocolClient.java:onNext(255)) - client-FB00420D972B->0a7e6056-64a2-4302-b029-255d48a66d7f: receive RaftClientReply:client-FB00420D972B->0a7e6056-64a2-4302-b029-255d48a66d7f@group-1EE0336AADCF, cid=3370, SUCCESS, logIndex=5094, commits[0a7e6056-64a2-4302-b029-255d48a66d7f:c5096, 82c1508e-6289-48e2-a567-a0e29c8b4903:c5092, f63d6ef8-0266-4bf3-bcb1-484cdaae1fbb:c5092]
2019-07-09 20:07:00,035 INFO  client.GrpcClientProtocolClient (GrpcClientProtocolClient.java:onNext(255)) - client-FB00420D972B->0a7e6056-64a2-4302-b029-255d48a66d7f: receive RaftClientReply:client-FB00420D972B->0a7e6056-64a2-4302-b029-255d48a66d7f@group-1EE0336AADCF, cid=3371, SUCCESS, logIndex=5095, commits[0a7e6056-64a2-4302-b029-255d48a66d7f:c5096, 82c1508e-6289-48e2-a567-a0e29c8b4903:c5092, f63d6ef8-0266-4bf3-bcb1-484cdaae1fbb:c5092]
2019-07-09 20:07:00,036 INFO  client.GrpcClientProtocolClient (GrpcClientProtocolClient.java:onNext(255)) - client-FB00420D972B->0a7e6056-64a2-4302-b029-255d48a66d7f: receive RaftClientReply:client-FB00420D972B->0a7e6056-64a2-4302-b029-255d48a66d7f@group-1EE0336AADCF, cid=3372, SUCCESS, logIndex=5096, commits[0a7e6056-64a2-4302-b029-255d48a66d7f:c5096, 82c1508e-6289-48e2-a567-a0e29c8b4903:c5092, f63d6ef8-0266-4bf3-bcb1-484cdaae1fbb:c5092]
2019-07-09 20:07:00,038 INFO  client.GrpcClientProtocolClient (GrpcClientProtocolClient.java:onNext(255)) - client-FB00420D972B->0a7e6056-64a2-4302-b029-255d48a66d7f: receive RaftClientReply:client-FB00420D972B->0a7e6056-64a2-4302-b029-255d48a66d7f@group-1EE0336AADCF, cid=3373, SUCCESS, logIndex=0, commits[0a7e6056-64a2-4302-b029-255d48a66d7f:c5098, 82c1508e-6289-48e2-a567-a0e29c8b4903:c5094, f63d6ef8-0266-4bf3-bcb1-484cdaae1fbb:c5094]
2019-07-09 20:07:00,063 INFO  client.GrpcClientProtocolClient (GrpcClientProtocolClient.java:onNext(255)) - client-FB00420D972B->0a7e6056-64a2-4302-b029-255d48a66d7f: receive RaftClientReply:client-FB00420D972B->0a7e6056-64a2-4302-b029-255d48a66d7f@group-1EE0336AADCF, cid=3374, SUCCESS, logIndex=5100, commits[0a7e6056-64a2-4302-b029-255d48a66d7f:c5101, 82c1508e-6289-48e2-a567-a0e29c8b4903:c5098, f63d6ef8-0266-4bf3-bcb1-484cdaae1fbb:c5098]
2019-07-09 20:07:00,064 INFO  client.GrpcClientProtocolClient (GrpcClientProtocolClient.java:onNext(255)) - client-FB00420D972B->0a7e6056-64a2-4302-b029-255d48a66d7f: receive RaftClientReply:client-FB00420D972B->0a7e6056-64a2-4302-b029-255d48a66d7f@group-1EE0336AADCF, cid=3375, SUCCESS, logIndex=5101, commits[0a7e6056-64a2-4302-b029-255d48a66d7f:c5101, 82c1508e-6289-48e2-a567-a0e29c8b4903:c5098, f63d6ef8-0266-4bf3-bcb1-484cdaae1fbb:c5098]
2019-07-09 20:07:00,084 INFO  client.GrpcClientProtocolClient (GrpcClientProtocolClient.java:onNext(255)) - client-FB00420D972B->0a7e6056-64a2-4302-b029-255d48a66d7f: receive RaftClientReply:client-FB00420D972B->0a7e6056-64a2-4302-b029-255d48a66d7f@group-1EE0336AADCF, cid=3376, SUCCESS, logIndex=5104, commits[0a7e6056-64a2-4302-b029-255d48a66d7f:c5105, 82c1508e-6289-48e2-a567-a0e29c8b4903:c5103, f63d6ef8-0266-4bf3-bcb1-484cdaae1fbb:c5103]
2019-07-09 20:07:00,085 INFO  client.GrpcClientProtocolClient (GrpcClientProtocolClient.java:onNext(255)) - client-FB00420D972B->0a7e6056-64a2-4302-b029-255d48a66d7f: receive RaftClientReply:client-FB00420D972B->0a7e6056-64a2-4302-b029-255d48a66d7f@group-1EE0336AADCF, cid=3377, SUCCESS, logIndex=5105, commits[0a7e6056-64a2-4302-b029-255d48a66d7f:c5105, 82c1508e-6289-48e2-a567-a0e29c8b4903:c5103, f63d6ef8-0266-4bf3-bcb1-484cdaae1fbb:c5103]
2019-07-09 20:07:00,108 INFO  client.GrpcClientProtocolClient (GrpcClientProtocolClient.java:onNext(255)) - client-FB00420D972B->0a7e6056-64a2-4302-b029-255d48a66d7f: receive RaftClientReply:client-FB00420D972B->0a7e6056-64a2-4302-b029-255d48a66d7f@group-1EE0336AADCF, cid=3378, SUCCESS, logIndex=0, commits[0a7e6056-64a2-4302-b029-255d48a66d7f:c5107, 82c1508e-6289-48e2-a567-a0e29c8b4903:c5105, f63d6ef8-0266-4bf3-bcb1-484cdaae1fbb:c5105]
2019-07-09 20:07:00,635 INFO  client.GrpcClientProtocolClient (GrpcClientProtocolClient.java:onNext(255)) - client-FB00420D972B->0a7e6056-64a2-4302-b029-255d48a66d7f: receive RaftClientReply:client-FB00420D972B->0a7e6056-64a2-4302-b029-255d48a66d7f@group-1EE0336AADCF, cid=3379, SUCCESS, logIndex=5108, commits[0a7e6056-64a2-4302-b029-255d48a66d7f:c5109, 82c1508e-6289-48e2-a567-a0e29c8b4903:c5107, f63d6ef8-0266-4bf3-bcb1-484cdaae1fbb:c5107]
2019-07-09 20:07:00,636 INFO  client.GrpcClientProtocolClient (GrpcClientProtocolClient.java:onNext(255)) - client-FB00420D972B->0a7e6056-64a2-4302-b029-255d48a66d7f: receive RaftClientReply:client-FB00420D972B->0a7e6056-64a2-4302-b029-255d48a66d7f@group-1EE0336AADCF, cid=3380, SUCCESS, logIndex=5109, commits[0a7e6056-64a2-4302-b029-255d48a66d7f:c5109, 82c1508e-6289-48e2-a567-a0e29c8b4903:c5107, f63d6ef8-0266-4bf3-bcb1-484cdaae1fbb:c5107]
2019-07-09 20:07:00,644 INFO  client.GrpcClientProtocolClient (GrpcClientProtocolClient.java:onNext(255)) - client-FB00420D972B->0a7e6056-64a2-4302-b029-255d48a66d7f: receive RaftClientReply:client-FB00420D972B->0a7e6056-64a2-4302-b029-255d48a66d7f@group-1EE0336AADCF, cid=3381, SUCCESS, logIndex=5110, commits[0a7e6056-64a2-4302-b029-255d48a66d7f:c5110, 82c1508e-6289-48e2-a567-a0e29c8b4903:c5107, f63d6ef8-0266-4bf3-bcb1-484cdaae1fbb:c5107]
2019-07-09 20:07:00,645 INFO  client.GrpcClientProtocolClient (GrpcClientProtocolClient.java:onNext(255)) - client-FB00420D972B->0a7e6056-64a2-4302-b029-255d48a66d7f: receive RaftClientReply:client-FB00420D972B->0a7e6056-64a2-4302-b029-255d48a66d7f@group-1EE0336AADCF, cid=3382, SUCCESS, logIndex=5111, commits[0a7e6056-64a2-4302-b029-255d48a66d7f:c5113, 82c1508e-6289-48e2-a567-a0e29c8b4903:c5107, f63d6ef8-0266-4bf3-bcb1-484cdaae1fbb:c5109]
2019-07-09 20:07:00,648 INFO  client.GrpcClientProtocolClient (GrpcClientProtocolClient.java:onNext(255)) - client-FB00420D972B->0a7e6056-64a2-4302-b029-255d48a66d7f: receive RaftClientReply:client-FB00420D972B->0a7e6056-64a2-4302-b029-255d48a66d7f@group-1EE0336AADCF, cid=3383, SUCCESS, logIndex=0, commits[0a7e6056-64a2-4302-b029-255d48a66d7f:c5114, 82c1508e-6289-48e2-a567-a0e29c8b4903:c5109, f63d6ef8-0266-4bf3-bcb1-484cdaae1fbb:c5110]
2019-07-09 20:07:00,672 INFO  client.GrpcClientProtocolClient (GrpcClientProtocolClient.java:onNext(255)) - client-FB00420D972B->0a7e6056-64a2-4302-b029-255d48a66d7f: receive RaftClientReply:client-FB00420D972B->0a7e6056-64a2-4302-b029-255d48a66d7f@group-1EE0336AADCF, cid=3384, SUCCESS, logIndex=5116, commits[0a7e6056-64a2-4302-b029-255d48a66d7f:c5117, 82c1508e-6289-48e2-a567-a0e29c8b4903:c5111, f63d6ef8-0266-4bf3-bcb1-484cdaae1fbb:c5115]
2019-07-09 20:07:00,673 INFO  client.GrpcClientProtocolClient (GrpcClientProtocolClient.java:onNext(255)) - client-FB00420D972B->0a7e6056-64a2-4302-b029-255d48a66d7f: receive RaftClientReply:client-FB00420D972B->0a7e6056-64a2-4302-b029-255d48a66d7f@group-1EE0336AADCF, cid=3385, SUCCESS, logIndex=5117, commits[0a7e6056-64a2-4302-b029-255d48a66d7f:c5117, 82c1508e-6289-48e2-a567-a0e29c8b4903:c5115, f63d6ef8-0266-4bf3-bcb1-484cdaae1fbb:c5115]
2019-07-09 20:07:00,705 INFO  client.GrpcClientProtocolClient (GrpcClientProtocolClient.java:onNext(255)) - client-FB00420D972B->0a7e6056-64a2-4302-b029-255d48a66d7f: receive RaftClientReply:client-FB00420D972B->0a7e6056-64a2-4302-b029-255d48a66d7f@group-1EE0336AADCF, cid=3386, SUCCESS, logIndex=5120, commits[0a7e6056-64a2-4302-b029-255d48a66d7f:c5121, 82c1508e-6289-48e2-a567-a0e29c8b4903:c5117, f63d6ef8-0266-4bf3-bcb1-484cdaae1fbb:c5117]
2019-07-09 20:07:00,705 INFO  client.GrpcClientProtocolClient (GrpcClientProtocolClient.java:onNext(255)) - client-FB00420D972B->0a7e6056-64a2-4302-b029-255d48a66d7f: receive RaftClientReply:client-FB00420D972B->0a7e6056-64a2-4302-b029-255d48a66d7f@group-1EE0336AADCF, cid=3387, SUCCESS, logIndex=5121, commits[0a7e6056-64a2-4302-b029-255d48a66d7f:c5121, 82c1508e-6289-48e2-a567-a0e29c8b4903:c5117, f63d6ef8-0266-4bf3-bcb1-484cdaae1fbb:c5117]
2019-07-09 20:07:00,731 INFO  client.GrpcClientProtocolClient (GrpcClientProtocolClient.java:onNext(255)) - client-FB00420D972B->0a7e6056-64a2-4302-b029-255d48a66d7f: receive RaftClientReply:client-FB00420D972B->0a7e6056-64a2-4302-b029-255d48a66d7f@group-1EE0336AADCF, cid=3388, SUCCESS, logIndex=0, commits[0a7e6056-64a2-4302-b029-255d48a66d7f:c5123, 82c1508e-6289-48e2-a567-a0e29c8b4903:c5121, f63d6ef8-0266-4bf3-bcb1-484cdaae1fbb:c5121]
2019-07-09 20:07:00,769 INFO  client.GrpcClientProtocolClient (GrpcClientProtocolClient.java:onNext(255)) - client-FB00420D972B->0a7e6056-64a2-4302-b029-255d48a66d7f: receive RaftClientReply:client-FB00420D972B->0a7e6056-64a2-4302-b029-255d48a66d7f@group-1EE0336AADCF, cid=3389, SUCCESS, logIndex=5124, commits[0a7e6056-64a2-4302-b029-255d48a66d7f:c5125, 82c1508e-6289-48e2-a567-a0e29c8b4903:c5123, f63d6ef8-0266-4bf3-bcb1-484cdaae1fbb:c5123]
2019-07-09 20:07:00,770 INFO  client.GrpcClientProtocolClient (GrpcClientProtocolClient.java:onNext(255)) - client-FB00420D972B->0a7e6056-64a2-4302-b029-255d48a66d7f: receive RaftClientReply:client-FB00420D972B->0a7e6056-64a2-4302-b029-255d48a66d7f@group-1EE0336AADCF, cid=3390, SUCCESS, logIndex=5125, commits[0a7e6056-64a2-4302-b029-255d48a66d7f:c5125, 82c1508e-6289-48e2-a567-a0e29c8b4903:c5123, f63d6ef8-0266-4bf3-bcb1-484cdaae1fbb:c5123]
2019-07-09 20:07:00,780 INFO  client.GrpcClientProtocolClient (GrpcClientProtocolClient.java:onNext(255)) - client-FB00420D972B->0a7e6056-64a2-4302-b029-255d48a66d7f: receive RaftClientReply:client-FB00420D972B->0a7e6056-64a2-4302-b029-255d48a66d7f@group-1EE0336AADCF, cid=3391, SUCCESS, logIndex=5126, commits[0a7e6056-64a2-4302-b029-255d48a66d7f:c5126, 82c1508e-6289-48e2-a567-a0e29c8b4903:c5123, f63d6ef8-0266-4bf3-bcb1-484cdaae1fbb:c5123]
2019-07-09 20:07:00,780 INFO  client.GrpcClientProtocolClient (GrpcClientProtocolClient.java:onNext(255)) - client-FB00420D972B->0a7e6056-64a2-4302-b029-255d48a66d7f: receive RaftClientReply:client-FB00420D972B->0a7e6056-64a2-4302-b029-255d48a66d7f@group-1EE0336AADCF, cid=3392, SUCCESS, logIndex=5127, commits[0a7e6056-64a2-4302-b029-255d48a66d7f:c5127, 82c1508e-6289-48e2-a567-a0e29c8b4903:c5123, f63d6ef8-0266-4bf3-bcb1-484cdaae1fbb:c5123]
2019-07-09 20:07:00,783 INFO  client.GrpcClientProtocolClient (GrpcClientProtocolClient.java:onNext(255)) - client-FB00420D972B->0a7e6056-64a2-4302-b029-255d48a66d7f: receive RaftClientReply:client-FB00420D972B->0a7e6056-64a2-4302-b029-255d48a66d7f@group-1EE0336AADCF, cid=3393, SUCCESS, logIndex=0, commits[0a7e6056-64a2-4302-b029-255d48a66d7f:c5129, 82c1508e-6289-48e2-a567-a0e29c8b4903:c5125, f63d6ef8-0266-4bf3-bcb1-484cdaae1fbb:c5125]
2019-07-09 20:07:00,809 INFO  client.GrpcClientProtocolClient (GrpcClientProtocolClient.java:onNext(255)) - client-FB00420D972B->0a7e6056-64a2-4302-b029-255d48a66d7f: receive RaftClientReply:client-FB00420D972B->0a7e6056-64a2-4302-b029-255d48a66d7f@group-1EE0336AADCF, cid=3394, SUCCESS, logIndex=5132, commits[0a7e6056-64a2-4302-b029-255d48a66d7f:c5133, 82c1508e-6289-48e2-a567-a0e29c8b4903:c5127, f63d6ef8-0266-4bf3-bcb1-484cdaae1fbb:c5129]
2019-07-09 20:07:00,810 INFO  client.GrpcClientProtocolClient (GrpcClientProtocolClient.java:onNext(255)) - client-FB00420D972B->0a7e6056-64a2-4302-b029-255d48a66d7f: receive RaftClientReply:client-FB00420D972B->0a7e6056-64a2-4302-b029-255d48a66d7f@group-1EE0336AADCF, cid=3395, SUCCESS, logIndex=5133, commits[0a7e6056-64a2-4302-b029-255d48a66d7f:c5133, 82c1508e-6289-48e2-a567-a0e29c8b4903:c5129, f63d6ef8-0266-4bf3-bcb1-484cdaae1fbb:c5129]
2019-07-09 20:07:00,827 INFO  client.GrpcClientProtocolClient (GrpcClientProtocolClient.java:onNext(255)) - client-FB00420D972B->0a7e6056-64a2-4302-b029-255d48a66d7f: receive RaftClientReply:client-FB00420D972B->0a7e6056-64a2-4302-b029-255d48a66d7f@group-1EE0336AADCF, cid=3396, SUCCESS, logIndex=5135, commits[0a7e6056-64a2-4302-b029-255d48a66d7f:c5136, 82c1508e-6289-48e2-a567-a0e29c8b4903:c5133, f63d6ef8-0266-4bf3-bcb1-484cdaae1fbb:c5133]
2019-07-09 20:07:00,827 INFO  client.GrpcClientProtocolClient (GrpcClientProtocolClient.java:onNext(255)) - client-FB00420D972B->0a7e6056-64a2-4302-b029-255d48a66d7f: receive RaftClientReply:client-FB00420D972B->0a7e6056-64a2-4302-b029-255d48a66d7f@group-1EE0336AADCF, cid=3397, SUCCESS, logIndex=5136, commits[0a7e6056-64a2-4302-b029-255d48a66d7f:c5136, 82c1508e-6289-48e2-a567-a0e29c8b4903:c5133, f63d6ef8-0266-4bf3-bcb1-484cdaae1fbb:c5133]
2019-07-09 20:07:00,832 INFO  client.GrpcClientProtocolClient (GrpcClientProtocolClient.java:onNext(255)) - client-FB00420D972B->0a7e6056-64a2-4302-b029-255d48a66d7f: receive RaftClientReply:client-FB00420D972B->0a7e6056-64a2-4302-b029-255d48a66d7f@group-1EE0336AADCF, cid=3398, SUCCESS, logIndex=0, commits[0a7e6056-64a2-4302-b029-255d48a66d7f:c5138, 82c1508e-6289-48e2-a567-a0e29c8b4903:c5136, f63d6ef8-0266-4bf3-bcb1-484cdaae1fbb:c5136]
 0.00% |█                                                                                                    |  0/1 Time: 0:00:322019-07-09 20:07:00,861 INFO  client.GrpcClientProtocolClient (GrpcClientProtocolClient.java:onNext(255)) - client-FB00420D972B->0a7e6056-64a2-4302-b029-255d48a66d7f: receive RaftClientReply:client-FB00420D972B->0a7e6056-64a2-4302-b029-255d48a66d7f@group-1EE0336AADCF, cid=3399, SUCCESS, logIndex=5139, commits[0a7e6056-64a2-4302-b029-255d48a66d7f:c5140, 82c1508e-6289-48e2-a567-a0e29c8b4903:c5138, f63d6ef8-0266-4bf3-bcb1-484cdaae1fbb:c5138]
2019-07-09 20:07:00,862 INFO  client.GrpcClientProtocolClient (GrpcClientProtocolClient.java:onNext(255)) - client-FB00420D972B->0a7e6056-64a2-4302-b029-255d48a66d7f: receive RaftClientReply:client-FB00420D972B->0a7e6056-64a2-4302-b029-255d48a66d7f@group-1EE0336AADCF, cid=3400, SUCCESS, logIndex=5140, commits[0a7e6056-64a2-4302-b029-255d48a66d7f:c5140, 82c1508e-6289-48e2-a567-a0e29c8b4903:c5138, f63d6ef8-0266-4bf3-bcb1-484cdaae1fbb:c5138]
2019-07-09 20:07:00,864 INFO  client.GrpcClientProtocolClient (GrpcClientProtocolClient.java:onNext(255)) - client-FB00420D972B->0a7e6056-64a2-4302-b029-255d48a66d7f: receive RaftClientReply:client-FB00420D972B->0a7e6056-64a2-4302-b029-255d48a66d7f@group-1EE0336AADCF, cid=3401, SUCCESS, logIndex=5141, commits[0a7e6056-64a2-4302-b029-255d48a66d7f:c5141, 82c1508e-6289-48e2-a567-a0e29c8b4903:c5138, f63d6ef8-0266-4bf3-bcb1-484cdaae1fbb:c5138]
2019-07-09 20:07:00,864 INFO  client.GrpcClientProtocolClient (GrpcClientProtocolClient.java:onNext(255)) - client-FB00420D972B->0a7e6056-64a2-4302-b029-255d48a66d7f: receive RaftClientReply:client-FB00420D972B->0a7e6056-64a2-4302-b029-255d48a66d7f@group-1EE0336AADCF, cid=3402, SUCCESS, logIndex=5142, commits[0a7e6056-64a2-4302-b029-255d48a66d7f:c5142, 82c1508e-6289-48e2-a567-a0e29c8b4903:c5138, f63d6ef8-0266-4bf3-bcb1-484cdaae1fbb:c5138]
2019-07-09 20:07:00,867 INFO  client.GrpcClientProtocolClient (GrpcClientProtocolClient.java:onNext(255)) - client-FB00420D972B->0a7e6056-64a2-4302-b029-255d48a66d7f: receive RaftClientReply:client-FB00420D972B->0a7e6056-64a2-4302-b029-255d48a66d7f@group-1EE0336AADCF, cid=3403, SUCCESS, logIndex=0, commits[0a7e6056-64a2-4302-b029-255d48a66d7f:c5144, 82c1508e-6289-48e2-a567-a0e29c8b4903:c5140, f63d6ef8-0266-4bf3-bcb1-484cdaae1fbb:c5140]
2019-07-09 20:07:00,879 INFO  client.GrpcClientProtocolClient (GrpcClientProtocolClient.java:onNext(255)) - client-FB00420D972B->0a7e6056-64a2-4302-b029-255d48a66d7f: receive RaftClientReply:client-FB00420D972B->0a7e6056-64a2-4302-b029-255d48a66d7f@group-1EE0336AADCF, cid=3404, SUCCESS, logIndex=5147, commits[0a7e6056-64a2-4302-b029-255d48a66d7f:c5148, 82c1508e-6289-48e2-a567-a0e29c8b4903:c5146, f63d6ef8-0266-4bf3-bcb1-484cdaae1fbb:c5142]
2019-07-09 20:07:00,880 INFO  client.GrpcClientProtocolClient (GrpcClientProtocolClient.java:onNext(255)) - client-FB00420D972B->0a7e6056-64a2-4302-b029-255d48a66d7f: receive RaftClientReply:client-FB00420D972B->0a7e6056-64a2-4302-b029-255d48a66d7f@group-1EE0336AADCF, cid=3405, SUCCESS, logIndex=5148, commits[0a7e6056-64a2-4302-b029-255d48a66d7f:c5148, 82c1508e-6289-48e2-a567-a0e29c8b4903:c5146, f63d6ef8-0266-4bf3-bcb1-484cdaae1fbb:c5146]
2019-07-09 20:07:00,894 INFO  client.GrpcClientProtocolClient (GrpcClientProtocolClient.java:onNext(255)) - client-FB00420D972B->0a7e6056-64a2-4302-b029-255d48a66d7f: receive RaftClientReply:client-FB00420D972B->0a7e6056-64a2-4302-b029-255d48a66d7f@group-1EE0336AADCF, cid=3406, SUCCESS, logIndex=5151, commits[0a7e6056-64a2-4302-b029-255d48a66d7f:c5152, 82c1508e-6289-48e2-a567-a0e29c8b4903:c5150, f63d6ef8-0266-4bf3-bcb1-484cdaae1fbb:c5150]
2019-07-09 20:07:00,894 INFO  client.GrpcClientProtocolClient (GrpcClientProtocolClient.java:onNext(255)) - client-FB00420D972B->0a7e6056-64a2-4302-b029-255d48a66d7f: receive RaftClientReply:client-FB00420D972B->0a7e6056-64a2-4302-b029-255d48a66d7f@group-1EE0336AADCF, cid=3407, SUCCESS, logIndex=5152, commits[0a7e6056-64a2-4302-b029-255d48a66d7f:c5152, 82c1508e-6289-48e2-a567-a0e29c8b4903:c5150, f63d6ef8-0266-4bf3-bcb1-484cdaae1fbb:c5150]
2019-07-09 20:07:00,906 INFO  client.GrpcClientProtocolClient (GrpcClientProtocolClient.java:onNext(255)) - client-FB00420D972B->0a7e6056-64a2-4302-b029-255d48a66d7f: receive RaftClientReply:client-FB00420D972B->0a7e6056-64a2-4302-b029-255d48a66d7f@group-1EE0336AADCF, cid=3408, SUCCESS, logIndex=0, commits[0a7e6056-64a2-4302-b029-255d48a66d7f:c5153, 82c1508e-6289-48e2-a567-a0e29c8b4903:c5152, f63d6ef8-0266-4bf3-bcb1-484cdaae1fbb:c5152]
2019-07-09 20:07:00,933 INFO  client.GrpcClientProtocolClient (GrpcClientProtocolClient.java:onNext(255)) - client-FB00420D972B->0a7e6056-64a2-4302-b029-255d48a66d7f: receive RaftClientReply:client-FB00420D972B->0a7e6056-64a2-4302-b029-255d48a66d7f@group-1EE0336AADCF, cid=3409, SUCCESS, logIndex=5155, commits[0a7e6056-64a2-4302-b029-255d48a66d7f:c5156, 82c1508e-6289-48e2-a567-a0e29c8b4903:c5154, f63d6ef8-0266-4bf3-bcb1-484cdaae1fbb:c5154]
2019-07-09 20:07:00,934 INFO  client.GrpcClientProtocolClient (GrpcClientProtocolClient.java:onNext(255)) - client-FB00420D972B->0a7e6056-64a2-4302-b029-255d48a66d7f: receive RaftClientReply:client-FB00420D972B->0a7e6056-64a2-4302-b029-255d48a66d7f@group-1EE0336AADCF, cid=3410, SUCCESS, logIndex=5156, commits[0a7e6056-64a2-4302-b029-255d48a66d7f:c5156, 82c1508e-6289-48e2-a567-a0e29c8b4903:c5154, f63d6ef8-0266-4bf3-bcb1-484cdaae1fbb:c5154]
2019-07-09 20:07:00,934 INFO  client.GrpcClientProtocolClient (GrpcClientProtocolClient.java:onNext(255)) - client-FB00420D972B->0a7e6056-64a2-4302-b029-255d48a66d7f: receive RaftClientReply:client-FB00420D972B->0a7e6056-64a2-4302-b029-255d48a66d7f@group-1EE0336AADCF, cid=3411, SUCCESS, logIndex=5157, commits[0a7e6056-64a2-4302-b029-255d48a66d7f:c5158, 82c1508e-6289-48e2-a567-a0e29c8b4903:c5154, f63d6ef8-0266-4bf3-bcb1-484cdaae1fbb:c5154]
2019-07-09 20:07:00,934 INFO  client.GrpcClientProtocolClient (GrpcClientProtocolClient.java:onNext(255)) - client-FB00420D972B->0a7e6056-64a2-4302-b029-255d48a66d7f: receive RaftClientReply:client-FB00420D972B->0a7e6056-64a2-4302-b029-255d48a66d7f@group-1EE0336AADCF, cid=3412, SUCCESS, logIndex=5158, commits[0a7e6056-64a2-4302-b029-255d48a66d7f:c5158, 82c1508e-6289-48e2-a567-a0e29c8b4903:c5154, f63d6ef8-0266-4bf3-bcb1-484cdaae1fbb:c5154]
2019-07-09 20:07:00,937 INFO  client.GrpcClientProtocolClient (GrpcClientProtocolClient.java:onNext(255)) - client-FB00420D972B->0a7e6056-64a2-4302-b029-255d48a66d7f: receive RaftClientReply:client-FB00420D972B->0a7e6056-64a2-4302-b029-255d48a66d7f@group-1EE0336AADCF, cid=3413, SUCCESS, logIndex=0, commits[0a7e6056-64a2-4302-b029-255d48a66d7f:c5160, 82c1508e-6289-48e2-a567-a0e29c8b4903:c5156, f63d6ef8-0266-4bf3-bcb1-484cdaae1fbb:c5156]
2019-07-09 20:07:00,962 INFO  client.GrpcClientProtocolClient (GrpcClientProtocolClient.java:onNext(255)) - client-FB00420D972B->0a7e6056-64a2-4302-b029-255d48a66d7f: receive RaftClientReply:client-FB00420D972B->0a7e6056-64a2-4302-b029-255d48a66d7f@group-1EE0336AADCF, cid=3414, SUCCESS, logIndex=5163, commits[0a7e6056-64a2-4302-b029-255d48a66d7f:c5164, 82c1508e-6289-48e2-a567-a0e29c8b4903:c5161, f63d6ef8-0266-4bf3-bcb1-484cdaae1fbb:c5161]
2019-07-09 20:07:00,963 INFO  client.GrpcClientProtocolClient (GrpcClientProtocolClient.java:onNext(255)) - client-FB00420D972B->0a7e6056-64a2-4302-b029-255d48a66d7f: receive RaftClientReply:client-FB00420D972B->0a7e6056-64a2-4302-b029-255d48a66d7f@group-1EE0336AADCF, cid=3415, SUCCESS, logIndex=5164, commits[0a7e6056-64a2-4302-b029-255d48a66d7f:c5164, 82c1508e-6289-48e2-a567-a0e29c8b4903:c5161, f63d6ef8-0266-4bf3-bcb1-484cdaae1fbb:c5161]
2019-07-09 20:07:00,982 INFO  client.GrpcClientProtocolClient (GrpcClientProtocolClient.java:onNext(255)) - client-FB00420D972B->0a7e6056-64a2-4302-b029-255d48a66d7f: receive RaftClientReply:client-FB00420D972B->0a7e6056-64a2-4302-b029-255d48a66d7f@group-1EE0336AADCF, cid=3416, SUCCESS, logIndex=5167, commits[0a7e6056-64a2-4302-b029-255d48a66d7f:c5168, 82c1508e-6289-48e2-a567-a0e29c8b4903:c5166, f63d6ef8-0266-4bf3-bcb1-484cdaae1fbb:c5166]
2019-07-09 20:07:00,983 INFO  client.GrpcClientProtocolClient (GrpcClientProtocolClient.java:onNext(255)) - client-FB00420D972B->0a7e6056-64a2-4302-b029-255d48a66d7f: receive RaftClientReply:client-FB00420D972B->0a7e6056-64a2-4302-b029-255d48a66d7f@group-1EE0336AADCF, cid=3417, SUCCESS, logIndex=5168, commits[0a7e6056-64a2-4302-b029-255d48a66d7f:c5168, 82c1508e-6289-48e2-a567-a0e29c8b4903:c5166, f63d6ef8-0266-4bf3-bcb1-484cdaae1fbb:c5166]
2019-07-09 20:07:00,986 INFO  client.GrpcClientProtocolClient (GrpcClientProtocolClient.java:onNext(255)) - client-FB00420D972B->0a7e6056-64a2-4302-b029-255d48a66d7f: receive RaftClientReply:client-FB00420D972B->0a7e6056-64a2-4302-b029-255d48a66d7f@group-1EE0336AADCF, cid=3418, SUCCESS, logIndex=0, commits[0a7e6056-64a2-4302-b029-255d48a66d7f:c5170, 82c1508e-6289-48e2-a567-a0e29c8b4903:c5168, f63d6ef8-0266-4bf3-bcb1-484cdaae1fbb:c5168]
2019-07-09 20:07:01,018 INFO  client.GrpcClientProtocolClient (GrpcClientProtocolClient.java:onNext(255)) - client-FB00420D972B->0a7e6056-64a2-4302-b029-255d48a66d7f: receive RaftClientReply:client-FB00420D972B->0a7e6056-64a2-4302-b029-255d48a66d7f@group-1EE0336AADCF, cid=3419, SUCCESS, logIndex=5171, commits[0a7e6056-64a2-4302-b029-255d48a66d7f:c5172, 82c1508e-6289-48e2-a567-a0e29c8b4903:c5170, f63d6ef8-0266-4bf3-bcb1-484cdaae1fbb:c5170]
2019-07-09 20:07:01,019 INFO  client.GrpcClientProtocolClient (GrpcClientProtocolClient.java:onNext(255)) - client-FB00420D972B->0a7e6056-64a2-4302-b029-255d48a66d7f: receive RaftClientReply:client-FB00420D972B->0a7e6056-64a2-4302-b029-255d48a66d7f@group-1EE0336AADCF, cid=3420, SUCCESS, logIndex=5172, commits[0a7e6056-64a2-4302-b029-255d48a66d7f:c5172, 82c1508e-6289-48e2-a567-a0e29c8b4903:c5170, f63d6ef8-0266-4bf3-bcb1-484cdaae1fbb:c5170]
2019-07-09 20:07:01,019 INFO  client.GrpcClientProtocolClient (GrpcClientProtocolClient.java:onNext(255)) - client-FB00420D972B->0a7e6056-64a2-4302-b029-255d48a66d7f: receive RaftClientReply:client-FB00420D972B->0a7e6056-64a2-4302-b029-255d48a66d7f@group-1EE0336AADCF, cid=3421, SUCCESS, logIndex=5173, commits[0a7e6056-64a2-4302-b029-255d48a66d7f:c5174, 82c1508e-6289-48e2-a567-a0e29c8b4903:c5170, f63d6ef8-0266-4bf3-bcb1-484cdaae1fbb:c5170]
2019-07-09 20:07:01,019 INFO  client.GrpcClientProtocolClient (GrpcClientProtocolClient.java:onNext(255)) - client-FB00420D972B->0a7e6056-64a2-4302-b029-255d48a66d7f: receive RaftClientReply:client-FB00420D972B->0a7e6056-64a2-4302-b029-255d48a66d7f@group-1EE0336AADCF, cid=3422, SUCCESS, logIndex=5174, commits[0a7e6056-64a2-4302-b029-255d48a66d7f:c5174, 82c1508e-6289-48e2-a567-a0e29c8b4903:c5170, f63d6ef8-0266-4bf3-bcb1-484cdaae1fbb:c5170]
2019-07-09 20:07:01,033 INFO  client.GrpcClientProtocolClient (GrpcClientProtocolClient.java:onNext(255)) - client-FB00420D972B->0a7e6056-64a2-4302-b029-255d48a66d7f: receive RaftClientReply:client-FB00420D972B->0a7e6056-64a2-4302-b029-255d48a66d7f@group-1EE0336AADCF, cid=3423, SUCCESS, logIndex=0, commits[0a7e6056-64a2-4302-b029-255d48a66d7f:c5176, 82c1508e-6289-48e2-a567-a0e29c8b4903:c5172, f63d6ef8-0266-4bf3-bcb1-484cdaae1fbb:c5172]
2019-07-09 20:07:01,054 INFO  client.GrpcClientProtocolClient (GrpcClientProtocolClient.java:onNext(255)) - client-FB00420D972B->0a7e6056-64a2-4302-b029-255d48a66d7f: receive RaftClientReply:client-FB00420D972B->0a7e6056-64a2-4302-b029-255d48a66d7f@group-1EE0336AADCF, cid=3424, SUCCESS, logIndex=5179, commits[0a7e6056-64a2-4302-b029-255d48a66d7f:c5180, 82c1508e-6289-48e2-a567-a0e29c8b4903:c5178, f63d6ef8-0266-4bf3-bcb1-484cdaae1fbb:c5178]
2019-07-09 20:07:01,054 INFO  client.GrpcClientProtocolClient (GrpcClientProtocolClient.java:onNext(255)) - client-FB00420D972B->0a7e6056-64a2-4302-b029-255d48a66d7f: receive RaftClientReply:client-FB00420D972B->0a7e6056-64a2-4302-b029-255d48a66d7f@group-1EE0336AADCF, cid=3425, SUCCESS, logIndex=5180, commits[0a7e6056-64a2-4302-b029-255d48a66d7f:c5180, 82c1508e-6289-48e2-a567-a0e29c8b4903:c5178, f63d6ef8-0266-4bf3-bcb1-484cdaae1fbb:c5178]
2019-07-09 20:07:01,079 INFO  client.GrpcClientProtocolClient (GrpcClientProtocolClient.java:onNext(255)) - client-FB00420D972B->0a7e6056-64a2-4302-b029-255d48a66d7f: receive RaftClientReply:client-FB00420D972B->0a7e6056-64a2-4302-b029-255d48a66d7f@group-1EE0336AADCF, cid=3426, SUCCESS, logIndex=5183, commits[0a7e6056-64a2-4302-b029-255d48a66d7f:c5184, 82c1508e-6289-48e2-a567-a0e29c8b4903:c5180, f63d6ef8-0266-4bf3-bcb1-484cdaae1fbb:c5180]
2019-07-09 20:07:01,079 INFO  client.GrpcClientProtocolClient (GrpcClientProtocolClient.java:onNext(255)) - client-FB00420D972B->0a7e6056-64a2-4302-b029-255d48a66d7f: receive RaftClientReply:client-FB00420D972B->0a7e6056-64a2-4302-b029-255d48a66d7f@group-1EE0336AADCF, cid=3427, SUCCESS, logIndex=5184, commits[0a7e6056-64a2-4302-b029-255d48a66d7f:c5184, 82c1508e-6289-48e2-a567-a0e29c8b4903:c5180, f63d6ef8-0266-4bf3-bcb1-484cdaae1fbb:c5180]
2019-07-09 20:07:01,091 INFO  client.GrpcClientProtocolClient (GrpcClientProtocolClient.java:onNext(255)) - client-FB00420D972B->0a7e6056-64a2-4302-b029-255d48a66d7f: receive RaftClientReply:client-FB00420D972B->0a7e6056-64a2-4302-b029-255d48a66d7f@group-1EE0336AADCF, cid=3428, SUCCESS, logIndex=0, commits[0a7e6056-64a2-4302-b029-255d48a66d7f:c5186, 82c1508e-6289-48e2-a567-a0e29c8b4903:c5184, f63d6ef8-0266-4bf3-bcb1-484cdaae1fbb:c5184]
2019-07-09 20:07:01,121 INFO  client.GrpcClientProtocolClient (GrpcClientProtocolClient.java:onNext(255)) - client-FB00420D972B->0a7e6056-64a2-4302-b029-255d48a66d7f: receive RaftClientReply:client-FB00420D972B->0a7e6056-64a2-4302-b029-255d48a66d7f@group-1EE0336AADCF, cid=3429, SUCCESS, logIndex=5187, commits[0a7e6056-64a2-4302-b029-255d48a66d7f:c5188, 82c1508e-6289-48e2-a567-a0e29c8b4903:c5186, f63d6ef8-0266-4bf3-bcb1-484cdaae1fbb:c5186]
2019-07-09 20:07:01,122 INFO  client.GrpcClientProtocolClient (GrpcClientProtocolClient.java:onNext(255)) - client-FB00420D972B->0a7e6056-64a2-4302-b029-255d48a66d7f: receive RaftClientReply:client-FB00420D972B->0a7e6056-64a2-4302-b029-255d48a66d7f@group-1EE0336AADCF, cid=3430, SUCCESS, logIndex=5188, commits[0a7e6056-64a2-4302-b029-255d48a66d7f:c5188, 82c1508e-6289-48e2-a567-a0e29c8b4903:c5186, f63d6ef8-0266-4bf3-bcb1-484cdaae1fbb:c5186]
2019-07-09 20:07:01,122 INFO  client.GrpcClientProtocolClient (GrpcClientProtocolClient.java:onNext(255)) - client-FB00420D972B->0a7e6056-64a2-4302-b029-255d48a66d7f: receive RaftClientReply:client-FB00420D972B->0a7e6056-64a2-4302-b029-255d48a66d7f@group-1EE0336AADCF, cid=3431, SUCCESS, logIndex=5189, commits[0a7e6056-64a2-4302-b029-255d48a66d7f:c5190, 82c1508e-6289-48e2-a567-a0e29c8b4903:c5186, f63d6ef8-0266-4bf3-bcb1-484cdaae1fbb:c5186]
2019-07-09 20:07:01,122 INFO  client.GrpcClientProtocolClient (GrpcClientProtocolClient.java:onNext(255)) - client-FB00420D972B->0a7e6056-64a2-4302-b029-255d48a66d7f: receive RaftClientReply:client-FB00420D972B->0a7e6056-64a2-4302-b029-255d48a66d7f@group-1EE0336AADCF, cid=3432, SUCCESS, logIndex=5190, commits[0a7e6056-64a2-4302-b029-255d48a66d7f:c5190, 82c1508e-6289-48e2-a567-a0e29c8b4903:c5186, f63d6ef8-0266-4bf3-bcb1-484cdaae1fbb:c5186]
2019-07-09 20:07:01,136 INFO  client.GrpcClientProtocolClient (GrpcClientProtocolClient.java:onNext(255)) - client-FB00420D972B->0a7e6056-64a2-4302-b029-255d48a66d7f: receive RaftClientReply:client-FB00420D972B->0a7e6056-64a2-4302-b029-255d48a66d7f@group-1EE0336AADCF, cid=3433, SUCCESS, logIndex=0, commits[0a7e6056-64a2-4302-b029-255d48a66d7f:c5192, 82c1508e-6289-48e2-a567-a0e29c8b4903:c5188, f63d6ef8-0266-4bf3-bcb1-484cdaae1fbb:c5188]
2019-07-09 20:07:01,150 INFO  client.GrpcClientProtocolClient (GrpcClientProtocolClient.java:onNext(255)) - client-FB00420D972B->0a7e6056-64a2-4302-b029-255d48a66d7f: receive RaftClientReply:client-FB00420D972B->0a7e6056-64a2-4302-b029-255d48a66d7f@group-1EE0336AADCF, cid=3434, SUCCESS, logIndex=5195, commits[0a7e6056-64a2-4302-b029-255d48a66d7f:c5196, 82c1508e-6289-48e2-a567-a0e29c8b4903:c5194, f63d6ef8-0266-4bf3-bcb1-484cdaae1fbb:c5194]
2019-07-09 20:07:01,151 INFO  client.GrpcClientProtocolClient (GrpcClientProtocolClient.java:onNext(255)) - client-FB00420D972B->0a7e6056-64a2-4302-b029-255d48a66d7f: receive RaftClientReply:client-FB00420D972B->0a7e6056-64a2-4302-b029-255d48a66d7f@group-1EE0336AADCF, cid=3435, SUCCESS, logIndex=5196, commits[0a7e6056-64a2-4302-b029-255d48a66d7f:c5196, 82c1508e-6289-48e2-a567-a0e29c8b4903:c5194, f63d6ef8-0266-4bf3-bcb1-484cdaae1fbb:c5194]
2019-07-09 20:07:01,191 INFO  client.GrpcClientProtocolClient (GrpcClientProtocolClient.java:onNext(255)) - client-FB00420D972B->0a7e6056-64a2-4302-b029-255d48a66d7f: receive RaftClientReply:client-FB00420D972B->0a7e6056-64a2-4302-b029-255d48a66d7f@group-1EE0336AADCF, cid=3436, SUCCESS, logIndex=5199, commits[0a7e6056-64a2-4302-b029-255d48a66d7f:c5200, 82c1508e-6289-48e2-a567-a0e29c8b4903:c5196, f63d6ef8-0266-4bf3-bcb1-484cdaae1fbb:c5196]
2019-07-09 20:07:01,191 INFO  client.GrpcClientProtocolClient (GrpcClientProtocolClient.java:onNext(255)) - client-FB00420D972B->0a7e6056-64a2-4302-b029-255d48a66d7f: receive RaftClientReply:client-FB00420D972B->0a7e6056-64a2-4302-b029-255d48a66d7f@group-1EE0336AADCF, cid=3437, SUCCESS, logIndex=5200, commits[0a7e6056-64a2-4302-b029-255d48a66d7f:c5200, 82c1508e-6289-48e2-a567-a0e29c8b4903:c5196, f63d6ef8-0266-4bf3-bcb1-484cdaae1fbb:c5196]
2019-07-09 20:07:01,212 INFO  client.GrpcClientProtocolClient (GrpcClientProtocolClient.java:onNext(255)) - client-FB00420D972B->0a7e6056-64a2-4302-b029-255d48a66d7f: receive RaftClientReply:client-FB00420D972B->0a7e6056-64a2-4302-b029-255d48a66d7f@group-1EE0336AADCF, cid=3438, SUCCESS, logIndex=0, commits[0a7e6056-64a2-4302-b029-255d48a66d7f:c5202, 82c1508e-6289-48e2-a567-a0e29c8b4903:c5200, f63d6ef8-0266-4bf3-bcb1-484cdaae1fbb:c5200]
2019-07-09 20:07:01,246 INFO  client.GrpcClientProtocolClient (GrpcClientProtocolClient.java:onNext(255)) - client-FB00420D972B->0a7e6056-64a2-4302-b029-255d48a66d7f: receive RaftClientReply:client-FB00420D972B->0a7e6056-64a2-4302-b029-255d48a66d7f@group-1EE0336AADCF, cid=3439, SUCCESS, logIndex=5203, commits[0a7e6056-64a2-4302-b029-255d48a66d7f:c5203, 82c1508e-6289-48e2-a567-a0e29c8b4903:c5202, f63d6ef8-0266-4bf3-bcb1-484cdaae1fbb:c5202]
2019-07-09 20:07:01,247 INFO  client.GrpcClientProtocolClient (GrpcClientProtocolClient.java:onNext(255)) - client-FB00420D972B->0a7e6056-64a2-4302-b029-255d48a66d7f: receive RaftClientReply:client-FB00420D972B->0a7e6056-64a2-4302-b029-255d48a66d7f@group-1EE0336AADCF, cid=3440, SUCCESS, logIndex=5204, commits[0a7e6056-64a2-4302-b029-255d48a66d7f:c5205, 82c1508e-6289-48e2-a567-a0e29c8b4903:c5202, f63d6ef8-0266-4bf3-bcb1-484cdaae1fbb:c5202]
2019-07-09 20:07:01,247 INFO  client.GrpcClientProtocolClient (GrpcClientProtocolClient.java:onNext(255)) - client-FB00420D972B->0a7e6056-64a2-4302-b029-255d48a66d7f: receive RaftClientReply:client-FB00420D972B->0a7e6056-64a2-4302-b029-255d48a66d7f@group-1EE0336AADCF, cid=3441, SUCCESS, logIndex=5205, commits[0a7e6056-64a2-4302-b029-255d48a66d7f:c5206, 82c1508e-6289-48e2-a567-a0e29c8b4903:c5202, f63d6ef8-0266-4bf3-bcb1-484cdaae1fbb:c5202]
2019-07-09 20:07:01,248 INFO  client.GrpcClientProtocolClient (GrpcClientProtocolClient.java:onNext(255)) - client-FB00420D972B->0a7e6056-64a2-4302-b029-255d48a66d7f: receive RaftClientReply:client-FB00420D972B->0a7e6056-64a2-4302-b029-255d48a66d7f@group-1EE0336AADCF, cid=3442, SUCCESS, logIndex=5206, commits[0a7e6056-64a2-4302-b029-255d48a66d7f:c5206, 82c1508e-6289-48e2-a567-a0e29c8b4903:c5202, f63d6ef8-0266-4bf3-bcb1-484cdaae1fbb:c5202]
2019-07-09 20:07:01,261 INFO  client.GrpcClientProtocolClient (GrpcClientProtocolClient.java:onNext(255)) - client-FB00420D972B->0a7e6056-64a2-4302-b029-255d48a66d7f: receive RaftClientReply:client-FB00420D972B->0a7e6056-64a2-4302-b029-255d48a66d7f@group-1EE0336AADCF, cid=3443, SUCCESS, logIndex=0, commits[0a7e6056-64a2-4302-b029-255d48a66d7f:c5207, 82c1508e-6289-48e2-a567-a0e29c8b4903:c5205, f63d6ef8-0266-4bf3-bcb1-484cdaae1fbb:c5205]
2019-07-09 20:07:01,282 INFO  client.GrpcClientProtocolClient (GrpcClientProtocolClient.java:onNext(255)) - client-FB00420D972B->0a7e6056-64a2-4302-b029-255d48a66d7f: receive RaftClientReply:client-FB00420D972B->0a7e6056-64a2-4302-b029-255d48a66d7f@group-1EE0336AADCF, cid=3444, SUCCESS, logIndex=5210, commits[0a7e6056-64a2-4302-b029-255d48a66d7f:c5211, 82c1508e-6289-48e2-a567-a0e29c8b4903:c5209, f63d6ef8-0266-4bf3-bcb1-484cdaae1fbb:c5209]
2019-07-09 20:07:01,282 INFO  client.GrpcClientProtocolClient (GrpcClientProtocolClient.java:onNext(255)) - client-FB00420D972B->0a7e6056-64a2-4302-b029-255d48a66d7f: receive RaftClientReply:client-FB00420D972B->0a7e6056-64a2-4302-b029-255d48a66d7f@group-1EE0336AADCF, cid=3445, SUCCESS, logIndex=5211, commits[0a7e6056-64a2-4302-b029-255d48a66d7f:c5211, 82c1508e-6289-48e2-a567-a0e29c8b4903:c5209, f63d6ef8-0266-4bf3-bcb1-484cdaae1fbb:c5209]
2019-07-09 20:07:01,296 INFO  client.GrpcClientProtocolClient (GrpcClientProtocolClient.java:onNext(255)) - client-FB00420D972B->0a7e6056-64a2-4302-b029-255d48a66d7f: receive RaftClientReply:client-FB00420D972B->0a7e6056-64a2-4302-b029-255d48a66d7f@group-1EE0336AADCF, cid=3446, SUCCESS, logIndex=5214, commits[0a7e6056-64a2-4302-b029-255d48a66d7f:c5215, 82c1508e-6289-48e2-a567-a0e29c8b4903:c5211, f63d6ef8-0266-4bf3-bcb1-484cdaae1fbb:c5211]
2019-07-09 20:07:01,296 INFO  client.GrpcClientProtocolClient (GrpcClientProtocolClient.java:onNext(255)) - client-FB00420D972B->0a7e6056-64a2-4302-b029-255d48a66d7f: receive RaftClientReply:client-FB00420D972B->0a7e6056-64a2-4302-b029-255d48a66d7f@group-1EE0336AADCF, cid=3447, SUCCESS, logIndex=5215, commits[0a7e6056-64a2-4302-b029-255d48a66d7f:c5215, 82c1508e-6289-48e2-a567-a0e29c8b4903:c5211, f63d6ef8-0266-4bf3-bcb1-484cdaae1fbb:c5211]
2019-07-09 20:07:01,322 INFO  client.GrpcClientProtocolClient (GrpcClientProtocolClient.java:onNext(255)) - client-FB00420D972B->0a7e6056-64a2-4302-b029-255d48a66d7f: receive RaftClientReply:client-FB00420D972B->0a7e6056-64a2-4302-b029-255d48a66d7f@group-1EE0336AADCF, cid=3448, SUCCESS, logIndex=0, commits[0a7e6056-64a2-4302-b029-255d48a66d7f:c5217, 82c1508e-6289-48e2-a567-a0e29c8b4903:c5215, f63d6ef8-0266-4bf3-bcb1-484cdaae1fbb:c5215]
2019-07-09 20:07:01,352 INFO  client.GrpcClientProtocolClient (GrpcClientProtocolClient.java:onNext(255)) - client-FB00420D972B->0a7e6056-64a2-4302-b029-255d48a66d7f: receive RaftClientReply:client-FB00420D972B->0a7e6056-64a2-4302-b029-255d48a66d7f@group-1EE0336AADCF, cid=3449, SUCCESS, logIndex=5218, commits[0a7e6056-64a2-4302-b029-255d48a66d7f:c5219, 82c1508e-6289-48e2-a567-a0e29c8b4903:c5217, f63d6ef8-0266-4bf3-bcb1-484cdaae1fbb:c5217]
2019-07-09 20:07:01,353 INFO  client.GrpcClientProtocolClient (GrpcClientProtocolClient.java:onNext(255)) - client-FB00420D972B->0a7e6056-64a2-4302-b029-255d48a66d7f: receive RaftClientReply:client-FB00420D972B->0a7e6056-64a2-4302-b029-255d48a66d7f@group-1EE0336AADCF, cid=3450, SUCCESS, logIndex=5219, commits[0a7e6056-64a2-4302-b029-255d48a66d7f:c5219, 82c1508e-6289-48e2-a567-a0e29c8b4903:c5217, f63d6ef8-0266-4bf3-bcb1-484cdaae1fbb:c5217]
2019-07-09 20:07:01,354 INFO  client.GrpcClientProtocolClient (GrpcClientProtocolClient.java:onNext(255)) - client-FB00420D972B->0a7e6056-64a2-4302-b029-255d48a66d7f: receive RaftClientReply:client-FB00420D972B->0a7e6056-64a2-4302-b029-255d48a66d7f@group-1EE0336AADCF, cid=3451, SUCCESS, logIndex=5220, commits[0a7e6056-64a2-4302-b029-255d48a66d7f:c5220, 82c1508e-6289-48e2-a567-a0e29c8b4903:c5217, f63d6ef8-0266-4bf3-bcb1-484cdaae1fbb:c5217]
2019-07-09 20:07:01,354 INFO  client.GrpcClientProtocolClient (GrpcClientProtocolClient.java:onNext(255)) - client-FB00420D972B->0a7e6056-64a2-4302-b029-255d48a66d7f: receive RaftClientReply:client-FB00420D972B->0a7e6056-64a2-4302-b029-255d48a66d7f@group-1EE0336AADCF, cid=3452, SUCCESS, logIndex=5221, commits[0a7e6056-64a2-4302-b029-255d48a66d7f:c5221, 82c1508e-6289-48e2-a567-a0e29c8b4903:c5217, f63d6ef8-0266-4bf3-bcb1-484cdaae1fbb:c5217]
2019-07-09 20:07:01,356 INFO  client.GrpcClientProtocolClient (GrpcClientProtocolClient.java:onNext(255)) - client-FB00420D972B->0a7e6056-64a2-4302-b029-255d48a66d7f: receive RaftClientReply:client-FB00420D972B->0a7e6056-64a2-4302-b029-255d48a66d7f@group-1EE0336AADCF, cid=3453, SUCCESS, logIndex=0, commits[0a7e6056-64a2-4302-b029-255d48a66d7f:c5223, 82c1508e-6289-48e2-a567-a0e29c8b4903:c5219, f63d6ef8-0266-4bf3-bcb1-484cdaae1fbb:c5219]
2019-07-09 20:07:01,382 INFO  client.GrpcClientProtocolClient (GrpcClientProtocolClient.java:onNext(255)) - client-FB00420D972B->0a7e6056-64a2-4302-b029-255d48a66d7f: receive RaftClientReply:client-FB00420D972B->0a7e6056-64a2-4302-b029-255d48a66d7f@group-1EE0336AADCF, cid=3454, SUCCESS, logIndex=5226, commits[0a7e6056-64a2-4302-b029-255d48a66d7f:c5227, 82c1508e-6289-48e2-a567-a0e29c8b4903:c5221, f63d6ef8-0266-4bf3-bcb1-484cdaae1fbb:c5224]
2019-07-09 20:07:01,382 INFO  client.GrpcClientProtocolClient (GrpcClientProtocolClient.java:onNext(255)) - client-FB00420D972B->0a7e6056-64a2-4302-b029-255d48a66d7f: receive RaftClientReply:client-FB00420D972B->0a7e6056-64a2-4302-b029-255d48a66d7f@group-1EE0336AADCF, cid=3455, SUCCESS, logIndex=5227, commits[0a7e6056-64a2-4302-b029-255d48a66d7f:c5227, 82c1508e-6289-48e2-a567-a0e29c8b4903:c5224, f63d6ef8-0266-4bf3-bcb1-484cdaae1fbb:c5224]
2019-07-09 20:07:01,397 INFO  client.GrpcClientProtocolClient (GrpcClientProtocolClient.java:onNext(255)) - client-FB00420D972B->0a7e6056-64a2-4302-b029-255d48a66d7f: receive RaftClientReply:client-FB00420D972B->0a7e6056-64a2-4302-b029-255d48a66d7f@group-1EE0336AADCF, cid=3456, SUCCESS, logIndex=5229, commits[0a7e6056-64a2-4302-b029-255d48a66d7f:c5230, 82c1508e-6289-48e2-a567-a0e29c8b4903:c5227, f63d6ef8-0266-4bf3-bcb1-484cdaae1fbb:c5227]
2019-07-09 20:07:01,397 INFO  client.GrpcClientProtocolClient (GrpcClientProtocolClient.java:onNext(255)) - client-FB00420D972B->0a7e6056-64a2-4302-b029-255d48a66d7f: receive RaftClientReply:client-FB00420D972B->0a7e6056-64a2-4302-b029-255d48a66d7f@group-1EE0336AADCF, cid=3457, SUCCESS, logIndex=5230, commits[0a7e6056-64a2-4302-b029-255d48a66d7f:c5230, 82c1508e-6289-48e2-a567-a0e29c8b4903:c5227, f63d6ef8-0266-4bf3-bcb1-484cdaae1fbb:c5227]
2019-07-09 20:07:01,410 INFO  client.GrpcClientProtocolClient (GrpcClientProtocolClient.java:onNext(255)) - client-FB00420D972B->0a7e6056-64a2-4302-b029-255d48a66d7f: receive RaftClientReply:client-FB00420D972B->0a7e6056-64a2-4302-b029-255d48a66d7f@group-1EE0336AADCF, cid=3458, SUCCESS, logIndex=0, commits[0a7e6056-64a2-4302-b029-255d48a66d7f:c5231, 82c1508e-6289-48e2-a567-a0e29c8b4903:c5230, f63d6ef8-0266-4bf3-bcb1-484cdaae1fbb:c5230]
2019-07-09 20:07:01,454 INFO  client.GrpcClientProtocolClient (GrpcClientProtocolClient.java:onNext(255)) - client-FB00420D972B->0a7e6056-64a2-4302-b029-255d48a66d7f: receive RaftClientReply:client-FB00420D972B->0a7e6056-64a2-4302-b029-255d48a66d7f@group-1EE0336AADCF, cid=3459, SUCCESS, logIndex=5233, commits[0a7e6056-64a2-4302-b029-255d48a66d7f:c5234, 82c1508e-6289-48e2-a567-a0e29c8b4903:c5232, f63d6ef8-0266-4bf3-bcb1-484cdaae1fbb:c5232]
2019-07-09 20:07:01,455 INFO  client.GrpcClientProtocolClient (GrpcClientProtocolClient.java:onNext(255)) - client-FB00420D972B->0a7e6056-64a2-4302-b029-255d48a66d7f: receive RaftClientReply:client-FB00420D972B->0a7e6056-64a2-4302-b029-255d48a66d7f@group-1EE0336AADCF, cid=3460, SUCCESS, logIndex=5234, commits[0a7e6056-64a2-4302-b029-255d48a66d7f:c5234, 82c1508e-6289-48e2-a567-a0e29c8b4903:c5232, f63d6ef8-0266-4bf3-bcb1-484cdaae1fbb:c5232]
2019-07-09 20:07:01,463 INFO  client.GrpcClientProtocolClient (GrpcClientProtocolClient.java:onNext(255)) - client-FB00420D972B->0a7e6056-64a2-4302-b029-255d48a66d7f: receive RaftClientReply:client-FB00420D972B->0a7e6056-64a2-4302-b029-255d48a66d7f@group-1EE0336AADCF, cid=3461, SUCCESS, logIndex=5235, commits[0a7e6056-64a2-4302-b029-255d48a66d7f:c5236, 82c1508e-6289-48e2-a567-a0e29c8b4903:c5232, f63d6ef8-0266-4bf3-bcb1-484cdaae1fbb:c5232]
2019-07-09 20:07:01,464 INFO  client.GrpcClientProtocolClient (GrpcClientProtocolClient.java:onNext(255)) - client-FB00420D972B->0a7e6056-64a2-4302-b029-255d48a66d7f: receive RaftClientReply:client-FB00420D972B->0a7e6056-64a2-4302-b029-255d48a66d7f@group-1EE0336AADCF, cid=3462, SUCCESS, logIndex=5236, commits[0a7e6056-64a2-4302-b029-255d48a66d7f:c5236, 82c1508e-6289-48e2-a567-a0e29c8b4903:c5232, f63d6ef8-0266-4bf3-bcb1-484cdaae1fbb:c5232]
2019-07-09 20:07:01,477 INFO  client.GrpcClientProtocolClient (GrpcClientProtocolClient.java:onNext(255)) - client-FB00420D972B->0a7e6056-64a2-4302-b029-255d48a66d7f: receive RaftClientReply:client-FB00420D972B->0a7e6056-64a2-4302-b029-255d48a66d7f@group-1EE0336AADCF, cid=3463, SUCCESS, logIndex=0, commits[0a7e6056-64a2-4302-b029-255d48a66d7f:c5238, 82c1508e-6289-48e2-a567-a0e29c8b4903:c5234, f63d6ef8-0266-4bf3-bcb1-484cdaae1fbb:c5234]
2019-07-09 20:07:01,490 INFO  client.GrpcClientProtocolClient (GrpcClientProtocolClient.java:onNext(255)) - client-FB00420D972B->0a7e6056-64a2-4302-b029-255d48a66d7f: receive RaftClientReply:client-FB00420D972B->0a7e6056-64a2-4302-b029-255d48a66d7f@group-1EE0336AADCF, cid=3464, SUCCESS, logIndex=5241, commits[0a7e6056-64a2-4302-b029-255d48a66d7f:c5242, 82c1508e-6289-48e2-a567-a0e29c8b4903:c5236, f63d6ef8-0266-4bf3-bcb1-484cdaae1fbb:c5240]
2019-07-09 20:07:01,491 INFO  client.GrpcClientProtocolClient (GrpcClientProtocolClient.java:onNext(255)) - client-FB00420D972B->0a7e6056-64a2-4302-b029-255d48a66d7f: receive RaftClientReply:client-FB00420D972B->0a7e6056-64a2-4302-b029-255d48a66d7f@group-1EE0336AADCF, cid=3465, SUCCESS, logIndex=5242, commits[0a7e6056-64a2-4302-b029-255d48a66d7f:c5242, 82c1508e-6289-48e2-a567-a0e29c8b4903:c5240, f63d6ef8-0266-4bf3-bcb1-484cdaae1fbb:c5240]
2019-07-09 20:07:01,507 INFO  client.GrpcClientProtocolClient (GrpcClientProtocolClient.java:onNext(255)) - client-FB00420D972B->0a7e6056-64a2-4302-b029-255d48a66d7f: receive RaftClientReply:client-FB00420D972B->0a7e6056-64a2-4302-b029-255d48a66d7f@group-1EE0336AADCF, cid=3466, SUCCESS, logIndex=5245, commits[0a7e6056-64a2-4302-b029-255d48a66d7f:c5246, 82c1508e-6289-48e2-a567-a0e29c8b4903:c5242, f63d6ef8-0266-4bf3-bcb1-484cdaae1fbb:c5242]
2019-07-09 20:07:01,507 INFO  client.GrpcClientProtocolClient (GrpcClientProtocolClient.java:onNext(255)) - client-FB00420D972B->0a7e6056-64a2-4302-b029-255d48a66d7f: receive RaftClientReply:client-FB00420D972B->0a7e6056-64a2-4302-b029-255d48a66d7f@group-1EE0336AADCF, cid=3467, SUCCESS, logIndex=5246, commits[0a7e6056-64a2-4302-b029-255d48a66d7f:c5246, 82c1508e-6289-48e2-a567-a0e29c8b4903:c5242, f63d6ef8-0266-4bf3-bcb1-484cdaae1fbb:c5242]
2019-07-09 20:07:01,519 INFO  client.GrpcClientProtocolClient (GrpcClientProtocolClient.java:onNext(255)) - client-FB00420D972B->0a7e6056-64a2-4302-b029-255d48a66d7f: receive RaftClientReply:client-FB00420D972B->0a7e6056-64a2-4302-b029-255d48a66d7f@group-1EE0336AADCF, cid=3468, SUCCESS, logIndex=0, commits[0a7e6056-64a2-4302-b029-255d48a66d7f:c5247, 82c1508e-6289-48e2-a567-a0e29c8b4903:c5246, f63d6ef8-0266-4bf3-bcb1-484cdaae1fbb:c5246]
2019-07-09 20:07:01,548 INFO  client.GrpcClientProtocolClient (GrpcClientProtocolClient.java:onNext(255)) - client-FB00420D972B->0a7e6056-64a2-4302-b029-255d48a66d7f: receive RaftClientReply:client-FB00420D972B->0a7e6056-64a2-4302-b029-255d48a66d7f@group-1EE0336AADCF, cid=3469, SUCCESS, logIndex=5248, commits[0a7e6056-64a2-4302-b029-255d48a66d7f:c5248, 82c1508e-6289-48e2-a567-a0e29c8b4903:c5247, f63d6ef8-0266-4bf3-bcb1-484cdaae1fbb:c5247]
2019-07-09 20:07:01,549 INFO  client.GrpcClientProtocolClient (GrpcClientProtocolClient.java:onNext(255)) - client-FB00420D972B->0a7e6056-64a2-4302-b029-255d48a66d7f: receive RaftClientReply:client-FB00420D972B->0a7e6056-64a2-4302-b029-255d48a66d7f@group-1EE0336AADCF, cid=3470, SUCCESS, logIndex=5249, commits[0a7e6056-64a2-4302-b029-255d48a66d7f:c5249, 82c1508e-6289-48e2-a567-a0e29c8b4903:c5247, f63d6ef8-0266-4bf3-bcb1-484cdaae1fbb:c5247]
2019-07-09 20:07:01,549 INFO  client.GrpcClientProtocolClient (GrpcClientProtocolClient.java:onNext(255)) - client-FB00420D972B->0a7e6056-64a2-4302-b029-255d48a66d7f: receive RaftClientReply:client-FB00420D972B->0a7e6056-64a2-4302-b029-255d48a66d7f@group-1EE0336AADCF, cid=3471, SUCCESS, logIndex=5250, commits[0a7e6056-64a2-4302-b029-255d48a66d7f:c5251, 82c1508e-6289-48e2-a567-a0e29c8b4903:c5247, f63d6ef8-0266-4bf3-bcb1-484cdaae1fbb:c5247]
2019-07-09 20:07:01,550 INFO  client.GrpcClientProtocolClient (GrpcClientProtocolClient.java:onNext(255)) - client-FB00420D972B->0a7e6056-64a2-4302-b029-255d48a66d7f: receive RaftClientReply:client-FB00420D972B->0a7e6056-64a2-4302-b029-255d48a66d7f@group-1EE0336AADCF, cid=3472, SUCCESS, logIndex=5251, commits[0a7e6056-64a2-4302-b029-255d48a66d7f:c5251, 82c1508e-6289-48e2-a567-a0e29c8b4903:c5247, f63d6ef8-0266-4bf3-bcb1-484cdaae1fbb:c5247]
2019-07-09 20:07:01,647 INFO  client.GrpcClientProtocolClient (GrpcClientProtocolClient.java:onNext(255)) - client-FB00420D972B->0a7e6056-64a2-4302-b029-255d48a66d7f: receive RaftClientReply:client-FB00420D972B->0a7e6056-64a2-4302-b029-255d48a66d7f@group-1EE0336AADCF, cid=3473, SUCCESS, logIndex=0, commits[0a7e6056-64a2-4302-b029-255d48a66d7f:c5253, 82c1508e-6289-48e2-a567-a0e29c8b4903:c5249, f63d6ef8-0266-4bf3-bcb1-484cdaae1fbb:c5249]
2019-07-09 20:07:01,668 INFO  client.GrpcClientProtocolClient (GrpcClientProtocolClient.java:onNext(255)) - client-FB00420D972B->0a7e6056-64a2-4302-b029-255d48a66d7f: receive RaftClientReply:client-FB00420D972B->0a7e6056-64a2-4302-b029-255d48a66d7f@group-1EE0336AADCF, cid=3474, SUCCESS, logIndex=5256, commits[0a7e6056-64a2-4302-b029-255d48a66d7f:c5257, 82c1508e-6289-48e2-a567-a0e29c8b4903:c5255, f63d6ef8-0266-4bf3-bcb1-484cdaae1fbb:c5255]
2019-07-09 20:07:01,669 INFO  client.GrpcClientProtocolClient (GrpcClientProtocolClient.java:onNext(255)) - client-FB00420D972B->0a7e6056-64a2-4302-b029-255d48a66d7f: receive RaftClientReply:client-FB00420D972B->0a7e6056-64a2-4302-b029-255d48a66d7f@group-1EE0336AADCF, cid=3475, SUCCESS, logIndex=5257, commits[0a7e6056-64a2-4302-b029-255d48a66d7f:c5257, 82c1508e-6289-48e2-a567-a0e29c8b4903:c5255, f63d6ef8-0266-4bf3-bcb1-484cdaae1fbb:c5255]
2019-07-09 20:07:01,693 INFO  client.GrpcClientProtocolClient (GrpcClientProtocolClient.java:onNext(255)) - client-FB00420D972B->0a7e6056-64a2-4302-b029-255d48a66d7f: receive RaftClientReply:client-FB00420D972B->0a7e6056-64a2-4302-b029-255d48a66d7f@group-1EE0336AADCF, cid=3476, SUCCESS, logIndex=5260, commits[0a7e6056-64a2-4302-b029-255d48a66d7f:c5261, 82c1508e-6289-48e2-a567-a0e29c8b4903:c5257, f63d6ef8-0266-4bf3-bcb1-484cdaae1fbb:c5257]
2019-07-09 20:07:01,694 INFO  client.GrpcClientProtocolClient (GrpcClientProtocolClient.java:onNext(255)) - client-FB00420D972B->0a7e6056-64a2-4302-b029-255d48a66d7f: receive RaftClientReply:client-FB00420D972B->0a7e6056-64a2-4302-b029-255d48a66d7f@group-1EE0336AADCF, cid=3477, SUCCESS, logIndex=5261, commits[0a7e6056-64a2-4302-b029-255d48a66d7f:c5261, 82c1508e-6289-48e2-a567-a0e29c8b4903:c5257, f63d6ef8-0266-4bf3-bcb1-484cdaae1fbb:c5257]
2019-07-09 20:07:01,711 INFO  client.GrpcClientProtocolClient (GrpcClientProtocolClient.java:onNext(255)) - client-FB00420D972B->0a7e6056-64a2-4302-b029-255d48a66d7f: receive RaftClientReply:client-FB00420D972B->0a7e6056-64a2-4302-b029-255d48a66d7f@group-1EE0336AADCF, cid=3478, SUCCESS, logIndex=0, commits[0a7e6056-64a2-4302-b029-255d48a66d7f:c5263, 82c1508e-6289-48e2-a567-a0e29c8b4903:c5261, f63d6ef8-0266-4bf3-bcb1-484cdaae1fbb:c5261]
2019-07-09 20:07:01,747 INFO  client.GrpcClientProtocolClient (GrpcClientProtocolClient.java:onNext(255)) - client-FB00420D972B->0a7e6056-64a2-4302-b029-255d48a66d7f: receive RaftClientReply:client-FB00420D972B->0a7e6056-64a2-4302-b029-255d48a66d7f@group-1EE0336AADCF, cid=3479, SUCCESS, logIndex=5264, commits[0a7e6056-64a2-4302-b029-255d48a66d7f:c5265, 82c1508e-6289-48e2-a567-a0e29c8b4903:c5263, f63d6ef8-0266-4bf3-bcb1-484cdaae1fbb:c5263]
2019-07-09 20:07:01,747 INFO  client.GrpcClientProtocolClient (GrpcClientProtocolClient.java:onNext(255)) - client-FB00420D972B->0a7e6056-64a2-4302-b029-255d48a66d7f: receive RaftClientReply:client-FB00420D972B->0a7e6056-64a2-4302-b029-255d48a66d7f@group-1EE0336AADCF, cid=3480, SUCCESS, logIndex=5265, commits[0a7e6056-64a2-4302-b029-255d48a66d7f:c5266, 82c1508e-6289-48e2-a567-a0e29c8b4903:c5263, f63d6ef8-0266-4bf3-bcb1-484cdaae1fbb:c5263]
2019-07-09 20:07:01,748 INFO  client.GrpcClientProtocolClient (GrpcClientProtocolClient.java:onNext(255)) - client-FB00420D972B->0a7e6056-64a2-4302-b029-255d48a66d7f: receive RaftClientReply:client-FB00420D972B->0a7e6056-64a2-4302-b029-255d48a66d7f@group-1EE0336AADCF, cid=3481, SUCCESS, logIndex=5266, commits[0a7e6056-64a2-4302-b029-255d48a66d7f:c5267, 82c1508e-6289-48e2-a567-a0e29c8b4903:c5263, f63d6ef8-0266-4bf3-bcb1-484cdaae1fbb:c5263]
2019-07-09 20:07:01,748 INFO  client.GrpcClientProtocolClient (GrpcClientProtocolClient.java:onNext(255)) - client-FB00420D972B->0a7e6056-64a2-4302-b029-255d48a66d7f: receive RaftClientReply:client-FB00420D972B->0a7e6056-64a2-4302-b029-255d48a66d7f@group-1EE0336AADCF, cid=3482, SUCCESS, logIndex=5267, commits[0a7e6056-64a2-4302-b029-255d48a66d7f:c5267, 82c1508e-6289-48e2-a567-a0e29c8b4903:c5263, f63d6ef8-0266-4bf3-bcb1-484cdaae1fbb:c5263]
2019-07-09 20:07:01,761 INFO  client.GrpcClientProtocolClient (GrpcClientProtocolClient.java:onNext(255)) - client-FB00420D972B->0a7e6056-64a2-4302-b029-255d48a66d7f: receive RaftClientReply:client-FB00420D972B->0a7e6056-64a2-4302-b029-255d48a66d7f@group-1EE0336AADCF, cid=3483, SUCCESS, logIndex=0, commits[0a7e6056-64a2-4302-b029-255d48a66d7f:c5269, 82c1508e-6289-48e2-a567-a0e29c8b4903:c5265, f63d6ef8-0266-4bf3-bcb1-484cdaae1fbb:c5265]
2019-07-09 20:07:01,782 INFO  client.GrpcClientProtocolClient (GrpcClientProtocolClient.java:onNext(255)) - client-FB00420D972B->0a7e6056-64a2-4302-b029-255d48a66d7f: receive RaftClientReply:client-FB00420D972B->0a7e6056-64a2-4302-b029-255d48a66d7f@group-1EE0336AADCF, cid=3484, SUCCESS, logIndex=5272, commits[0a7e6056-64a2-4302-b029-255d48a66d7f:c5273, 82c1508e-6289-48e2-a567-a0e29c8b4903:c5267, f63d6ef8-0266-4bf3-bcb1-484cdaae1fbb:c5271]
2019-07-09 20:07:01,782 INFO  client.GrpcClientProtocolClient (GrpcClientProtocolClient.java:onNext(255)) - client-FB00420D972B->0a7e6056-64a2-4302-b029-255d48a66d7f: receive RaftClientReply:client-FB00420D972B->0a7e6056-64a2-4302-b029-255d48a66d7f@group-1EE0336AADCF, cid=3485, SUCCESS, logIndex=5273, commits[0a7e6056-64a2-4302-b029-255d48a66d7f:c5273, 82c1508e-6289-48e2-a567-a0e29c8b4903:c5271, f63d6ef8-0266-4bf3-bcb1-484cdaae1fbb:c5271]
2019-07-09 20:07:01,796 INFO  client.GrpcClientProtocolClient (GrpcClientProtocolClient.java:onNext(255)) - client-FB00420D972B->0a7e6056-64a2-4302-b029-255d48a66d7f: receive RaftClientReply:client-FB00420D972B->0a7e6056-64a2-4302-b029-255d48a66d7f@group-1EE0336AADCF, cid=3486, SUCCESS, logIndex=5276, commits[0a7e6056-64a2-4302-b029-255d48a66d7f:c5277, 82c1508e-6289-48e2-a567-a0e29c8b4903:c5273, f63d6ef8-0266-4bf3-bcb1-484cdaae1fbb:c5273]
2019-07-09 20:07:01,797 INFO  client.GrpcClientProtocolClient (GrpcClientProtocolClient.java:onNext(255)) - client-FB00420D972B->0a7e6056-64a2-4302-b029-255d48a66d7f: receive RaftClientReply:client-FB00420D972B->0a7e6056-64a2-4302-b029-255d48a66d7f@group-1EE0336AADCF, cid=3487, SUCCESS, logIndex=5277, commits[0a7e6056-64a2-4302-b029-255d48a66d7f:c5277, 82c1508e-6289-48e2-a567-a0e29c8b4903:c5273, f63d6ef8-0266-4bf3-bcb1-484cdaae1fbb:c5273]
2019-07-09 20:07:01,811 INFO  client.GrpcClientProtocolClient (GrpcClientProtocolClient.java:onNext(255)) - client-FB00420D972B->0a7e6056-64a2-4302-b029-255d48a66d7f: receive RaftClientReply:client-FB00420D972B->0a7e6056-64a2-4302-b029-255d48a66d7f@group-1EE0336AADCF, cid=3488, SUCCESS, logIndex=0, commits[0a7e6056-64a2-4302-b029-255d48a66d7f:c5279, 82c1508e-6289-48e2-a567-a0e29c8b4903:c5277, f63d6ef8-0266-4bf3-bcb1-484cdaae1fbb:c5277]
 0.00% |█                                                                                                    |  0/1 Time: 0:00:332019-07-09 20:07:01,847 INFO  client.GrpcClientProtocolClient (GrpcClientProtocolClient.java:onNext(255)) - client-FB00420D972B->0a7e6056-64a2-4302-b029-255d48a66d7f: receive RaftClientReply:client-FB00420D972B->0a7e6056-64a2-4302-b029-255d48a66d7f@group-1EE0336AADCF, cid=3489, SUCCESS, logIndex=5280, commits[0a7e6056-64a2-4302-b029-255d48a66d7f:c5281, 82c1508e-6289-48e2-a567-a0e29c8b4903:c5279, f63d6ef8-0266-4bf3-bcb1-484cdaae1fbb:c5279]
2019-07-09 20:07:01,848 INFO  client.GrpcClientProtocolClient (GrpcClientProtocolClient.java:onNext(255)) - client-FB00420D972B->0a7e6056-64a2-4302-b029-255d48a66d7f: receive RaftClientReply:client-FB00420D972B->0a7e6056-64a2-4302-b029-255d48a66d7f@group-1EE0336AADCF, cid=3490, SUCCESS, logIndex=5281, commits[0a7e6056-64a2-4302-b029-255d48a66d7f:c5283, 82c1508e-6289-48e2-a567-a0e29c8b4903:c5279, f63d6ef8-0266-4bf3-bcb1-484cdaae1fbb:c5279]
2019-07-09 20:07:01,848 INFO  client.GrpcClientProtocolClient (GrpcClientProtocolClient.java:onNext(255)) - client-FB00420D972B->0a7e6056-64a2-4302-b029-255d48a66d7f: receive RaftClientReply:client-FB00420D972B->0a7e6056-64a2-4302-b029-255d48a66d7f@group-1EE0336AADCF, cid=3491, SUCCESS, logIndex=5282, commits[0a7e6056-64a2-4302-b029-255d48a66d7f:c5283, 82c1508e-6289-48e2-a567-a0e29c8b4903:c5279, f63d6ef8-0266-4bf3-bcb1-484cdaae1fbb:c5279]
2019-07-09 20:07:01,848 INFO  client.GrpcClientProtocolClient (GrpcClientProtocolClient.java:onNext(255)) - client-FB00420D972B->0a7e6056-64a2-4302-b029-255d48a66d7f: receive RaftClientReply:client-FB00420D972B->0a7e6056-64a2-4302-b029-255d48a66d7f@group-1EE0336AADCF, cid=3492, SUCCESS, logIndex=5283, commits[0a7e6056-64a2-4302-b029-255d48a66d7f:c5283, 82c1508e-6289-48e2-a567-a0e29c8b4903:c5279, f63d6ef8-0266-4bf3-bcb1-484cdaae1fbb:c5279]
2019-07-09 20:07:01,871 INFO  client.GrpcClientProtocolClient (GrpcClientProtocolClient.java:onNext(255)) - client-FB00420D972B->0a7e6056-64a2-4302-b029-255d48a66d7f: receive RaftClientReply:client-FB00420D972B->0a7e6056-64a2-4302-b029-255d48a66d7f@group-1EE0336AADCF, cid=3493, SUCCESS, logIndex=0, commits[0a7e6056-64a2-4302-b029-255d48a66d7f:c5285, 82c1508e-6289-48e2-a567-a0e29c8b4903:c5281, f63d6ef8-0266-4bf3-bcb1-484cdaae1fbb:c5281]
2019-07-09 20:07:01,894 INFO  client.GrpcClientProtocolClient (GrpcClientProtocolClient.java:onNext(255)) - client-FB00420D972B->0a7e6056-64a2-4302-b029-255d48a66d7f: receive RaftClientReply:client-FB00420D972B->0a7e6056-64a2-4302-b029-255d48a66d7f@group-1EE0336AADCF, cid=3494, SUCCESS, logIndex=5287, commits[0a7e6056-64a2-4302-b029-255d48a66d7f:c5288, 82c1508e-6289-48e2-a567-a0e29c8b4903:c5286, f63d6ef8-0266-4bf3-bcb1-484cdaae1fbb:c5286]
2019-07-09 20:07:01,895 INFO  client.GrpcClientProtocolClient (GrpcClientProtocolClient.java:onNext(255)) - client-FB00420D972B->0a7e6056-64a2-4302-b029-255d48a66d7f: receive RaftClientReply:client-FB00420D972B->0a7e6056-64a2-4302-b029-255d48a66d7f@group-1EE0336AADCF, cid=3495, SUCCESS, logIndex=5288, commits[0a7e6056-64a2-4302-b029-255d48a66d7f:c5288, 82c1508e-6289-48e2-a567-a0e29c8b4903:c5286, f63d6ef8-0266-4bf3-bcb1-484cdaae1fbb:c5286]
2019-07-09 20:07:01,921 INFO  client.GrpcClientProtocolClient (GrpcClientProtocolClient.java:onNext(255)) - client-FB00420D972B->0a7e6056-64a2-4302-b029-255d48a66d7f: receive RaftClientReply:client-FB00420D972B->0a7e6056-64a2-4302-b029-255d48a66d7f@group-1EE0336AADCF, cid=3496, SUCCESS, logIndex=5291, commits[0a7e6056-64a2-4302-b029-255d48a66d7f:c5292, 82c1508e-6289-48e2-a567-a0e29c8b4903:c5288, f63d6ef8-0266-4bf3-bcb1-484cdaae1fbb:c5288]
2019-07-09 20:07:01,922 INFO  client.GrpcClientProtocolClient (GrpcClientProtocolClient.java:onNext(255)) - client-FB00420D972B->0a7e6056-64a2-4302-b029-255d48a66d7f: receive RaftClientReply:client-FB00420D972B->0a7e6056-64a2-4302-b029-255d48a66d7f@group-1EE0336AADCF, cid=3497, SUCCESS, logIndex=5292, commits[0a7e6056-64a2-4302-b029-255d48a66d7f:c5292, 82c1508e-6289-48e2-a567-a0e29c8b4903:c5288, f63d6ef8-0266-4bf3-bcb1-484cdaae1fbb:c5288]
2019-07-09 20:07:01,938 INFO  client.GrpcClientProtocolClient (GrpcClientProtocolClient.java:onNext(255)) - client-FB00420D972B->0a7e6056-64a2-4302-b029-255d48a66d7f: receive RaftClientReply:client-FB00420D972B->0a7e6056-64a2-4302-b029-255d48a66d7f@group-1EE0336AADCF, cid=3498, SUCCESS, logIndex=0, commits[0a7e6056-64a2-4302-b029-255d48a66d7f:c5294, 82c1508e-6289-48e2-a567-a0e29c8b4903:c5292, f63d6ef8-0266-4bf3-bcb1-484cdaae1fbb:c5292]
2019-07-09 20:07:01,967 INFO  client.GrpcClientProtocolClient (GrpcClientProtocolClient.java:onNext(255)) - client-FB00420D972B->0a7e6056-64a2-4302-b029-255d48a66d7f: receive RaftClientReply:client-FB00420D972B->0a7e6056-64a2-4302-b029-255d48a66d7f@group-1EE0336AADCF, cid=3499, SUCCESS, logIndex=5295, commits[0a7e6056-64a2-4302-b029-255d48a66d7f:c5296, 82c1508e-6289-48e2-a567-a0e29c8b4903:c5294, f63d6ef8-0266-4bf3-bcb1-484cdaae1fbb:c5294]
2019-07-09 20:07:01,968 INFO  client.GrpcClientProtocolClient (GrpcClientProtocolClient.java:onNext(255)) - client-FB00420D972B->0a7e6056-64a2-4302-b029-255d48a66d7f: receive RaftClientReply:client-FB00420D972B->0a7e6056-64a2-4302-b029-255d48a66d7f@group-1EE0336AADCF, cid=3500, SUCCESS, logIndex=5296, commits[0a7e6056-64a2-4302-b029-255d48a66d7f:c5296, 82c1508e-6289-48e2-a567-a0e29c8b4903:c5294, f63d6ef8-0266-4bf3-bcb1-484cdaae1fbb:c5294]
2019-07-09 20:07:01,979 INFO  client.GrpcClientProtocolClient (GrpcClientProtocolClient.java:onNext(255)) - client-FB00420D972B->0a7e6056-64a2-4302-b029-255d48a66d7f: receive RaftClientReply:client-FB00420D972B->0a7e6056-64a2-4302-b029-255d48a66d7f@group-1EE0336AADCF, cid=3501, SUCCESS, logIndex=5297, commits[0a7e6056-64a2-4302-b029-255d48a66d7f:c5297, 82c1508e-6289-48e2-a567-a0e29c8b4903:c5294, f63d6ef8-0266-4bf3-bcb1-484cdaae1fbb:c5294]
2019-07-09 20:07:01,980 INFO  client.GrpcClientProtocolClient (GrpcClientProtocolClient.java:onNext(255)) - client-FB00420D972B->0a7e6056-64a2-4302-b029-255d48a66d7f: receive RaftClientReply:client-FB00420D972B->0a7e6056-64a2-4302-b029-255d48a66d7f@group-1EE0336AADCF, cid=3502, SUCCESS, logIndex=5298, commits[0a7e6056-64a2-4302-b029-255d48a66d7f:c5299, 82c1508e-6289-48e2-a567-a0e29c8b4903:c5295, f63d6ef8-0266-4bf3-bcb1-484cdaae1fbb:c5296]
2019-07-09 20:07:01,981 INFO  client.GrpcClientProtocolClient (GrpcClientProtocolClient.java:onNext(255)) - client-FB00420D972B->0a7e6056-64a2-4302-b029-255d48a66d7f: receive RaftClientReply:client-FB00420D972B->0a7e6056-64a2-4302-b029-255d48a66d7f@group-1EE0336AADCF, cid=3503, SUCCESS, logIndex=0, commits[0a7e6056-64a2-4302-b029-255d48a66d7f:c5299, 82c1508e-6289-48e2-a567-a0e29c8b4903:c5296, f63d6ef8-0266-4bf3-bcb1-484cdaae1fbb:c5296]
2019-07-09 20:07:02,005 INFO  client.GrpcClientProtocolClient (GrpcClientProtocolClient.java:onNext(255)) - client-FB00420D972B->0a7e6056-64a2-4302-b029-255d48a66d7f: receive RaftClientReply:client-FB00420D972B->0a7e6056-64a2-4302-b029-255d48a66d7f@group-1EE0336AADCF, cid=3504, SUCCESS, logIndex=5303, commits[0a7e6056-64a2-4302-b029-255d48a66d7f:c5304, 82c1508e-6289-48e2-a567-a0e29c8b4903:c5299, f63d6ef8-0266-4bf3-bcb1-484cdaae1fbb:c5298]
2019-07-09 20:07:02,006 INFO  client.GrpcClientProtocolClient (GrpcClientProtocolClient.java:onNext(255)) - client-FB00420D972B->0a7e6056-64a2-4302-b029-255d48a66d7f: receive RaftClientReply:client-FB00420D972B->0a7e6056-64a2-4302-b029-255d48a66d7f@group-1EE0336AADCF, cid=3505, SUCCESS, logIndex=5304, commits[0a7e6056-64a2-4302-b029-255d48a66d7f:c5304, 82c1508e-6289-48e2-a567-a0e29c8b4903:c5299, f63d6ef8-0266-4bf3-bcb1-484cdaae1fbb:c5299]
2019-07-09 20:07:02,033 INFO  client.GrpcClientProtocolClient (GrpcClientProtocolClient.java:onNext(255)) - client-FB00420D972B->0a7e6056-64a2-4302-b029-255d48a66d7f: receive RaftClientReply:client-FB00420D972B->0a7e6056-64a2-4302-b029-255d48a66d7f@group-1EE0336AADCF, cid=3506, SUCCESS, logIndex=5307, commits[0a7e6056-64a2-4302-b029-255d48a66d7f:c5308, 82c1508e-6289-48e2-a567-a0e29c8b4903:c5305, f63d6ef8-0266-4bf3-bcb1-484cdaae1fbb:c5305]
2019-07-09 20:07:02,034 INFO  client.GrpcClientProtocolClient (GrpcClientProtocolClient.java:onNext(255)) - client-FB00420D972B->0a7e6056-64a2-4302-b029-255d48a66d7f: receive RaftClientReply:client-FB00420D972B->0a7e6056-64a2-4302-b029-255d48a66d7f@group-1EE0336AADCF, cid=3507, SUCCESS, logIndex=5308, commits[0a7e6056-64a2-4302-b029-255d48a66d7f:c5308, 82c1508e-6289-48e2-a567-a0e29c8b4903:c5305, f63d6ef8-0266-4bf3-bcb1-484cdaae1fbb:c5305]
2019-07-09 20:07:02,047 INFO  client.GrpcClientProtocolClient (GrpcClientProtocolClient.java:onNext(255)) - client-FB00420D972B->0a7e6056-64a2-4302-b029-255d48a66d7f: receive RaftClientReply:client-FB00420D972B->0a7e6056-64a2-4302-b029-255d48a66d7f@group-1EE0336AADCF, cid=3508, SUCCESS, logIndex=0, commits[0a7e6056-64a2-4302-b029-255d48a66d7f:c5309, 82c1508e-6289-48e2-a567-a0e29c8b4903:c5308, f63d6ef8-0266-4bf3-bcb1-484cdaae1fbb:c5308]
2019-07-09 20:07:02,079 INFO  client.GrpcClientProtocolClient (GrpcClientProtocolClient.java:onNext(255)) - client-FB00420D972B->0a7e6056-64a2-4302-b029-255d48a66d7f: receive RaftClientReply:client-FB00420D972B->0a7e6056-64a2-4302-b029-255d48a66d7f@group-1EE0336AADCF, cid=3509, SUCCESS, logIndex=5311, commits[0a7e6056-64a2-4302-b029-255d48a66d7f:c5312, 82c1508e-6289-48e2-a567-a0e29c8b4903:c5310, f63d6ef8-0266-4bf3-bcb1-484cdaae1fbb:c5310]
2019-07-09 20:07:02,080 INFO  client.GrpcClientProtocolClient (GrpcClientProtocolClient.java:onNext(255)) - client-FB00420D972B->0a7e6056-64a2-4302-b029-255d48a66d7f: receive RaftClientReply:client-FB00420D972B->0a7e6056-64a2-4302-b029-255d48a66d7f@group-1EE0336AADCF, cid=3510, SUCCESS, logIndex=5312, commits[0a7e6056-64a2-4302-b029-255d48a66d7f:c5314, 82c1508e-6289-48e2-a567-a0e29c8b4903:c5310, f63d6ef8-0266-4bf3-bcb1-484cdaae1fbb:c5310]
2019-07-09 20:07:02,080 INFO  client.GrpcClientProtocolClient (GrpcClientProtocolClient.java:onNext(255)) - client-FB00420D972B->0a7e6056-64a2-4302-b029-255d48a66d7f: receive RaftClientReply:client-FB00420D972B->0a7e6056-64a2-4302-b029-255d48a66d7f@group-1EE0336AADCF, cid=3511, SUCCESS, logIndex=5313, commits[0a7e6056-64a2-4302-b029-255d48a66d7f:c5314, 82c1508e-6289-48e2-a567-a0e29c8b4903:c5310, f63d6ef8-0266-4bf3-bcb1-484cdaae1fbb:c5310]
2019-07-09 20:07:02,080 INFO  client.GrpcClientProtocolClient (GrpcClientProtocolClient.java:onNext(255)) - client-FB00420D972B->0a7e6056-64a2-4302-b029-255d48a66d7f: receive RaftClientReply:client-FB00420D972B->0a7e6056-64a2-4302-b029-255d48a66d7f@group-1EE0336AADCF, cid=3512, SUCCESS, logIndex=5314, commits[0a7e6056-64a2-4302-b029-255d48a66d7f:c5314, 82c1508e-6289-48e2-a567-a0e29c8b4903:c5310, f63d6ef8-0266-4bf3-bcb1-484cdaae1fbb:c5310]
2019-07-09 20:07:02,095 INFO  client.GrpcClientProtocolClient (GrpcClientProtocolClient.java:onNext(255)) - client-FB00420D972B->0a7e6056-64a2-4302-b029-255d48a66d7f: receive RaftClientReply:client-FB00420D972B->0a7e6056-64a2-4302-b029-255d48a66d7f@group-1EE0336AADCF, cid=3513, SUCCESS, logIndex=0, commits[0a7e6056-64a2-4302-b029-255d48a66d7f:c5318, 82c1508e-6289-48e2-a567-a0e29c8b4903:c5314, f63d6ef8-0266-4bf3-bcb1-484cdaae1fbb:c5312]
2019-07-09 20:07:02,115 INFO  client.GrpcClientProtocolClient (GrpcClientProtocolClient.java:onNext(255)) - client-FB00420D972B->0a7e6056-64a2-4302-b029-255d48a66d7f: receive RaftClientReply:client-FB00420D972B->0a7e6056-64a2-4302-b029-255d48a66d7f@group-1EE0336AADCF, cid=3514, SUCCESS, logIndex=5319, commits[0a7e6056-64a2-4302-b029-255d48a66d7f:c5320, 82c1508e-6289-48e2-a567-a0e29c8b4903:c5318, f63d6ef8-0266-4bf3-bcb1-484cdaae1fbb:c5318]
2019-07-09 20:07:02,116 INFO  client.GrpcClientProtocolClient (GrpcClientProtocolClient.java:onNext(255)) - client-FB00420D972B->0a7e6056-64a2-4302-b029-255d48a66d7f: receive RaftClientReply:client-FB00420D972B->0a7e6056-64a2-4302-b029-255d48a66d7f@group-1EE0336AADCF, cid=3515, SUCCESS, logIndex=5320, commits[0a7e6056-64a2-4302-b029-255d48a66d7f:c5320, 82c1508e-6289-48e2-a567-a0e29c8b4903:c5318, f63d6ef8-0266-4bf3-bcb1-484cdaae1fbb:c5318]
2019-07-09 20:07:02,142 INFO  client.GrpcClientProtocolClient (GrpcClientProtocolClient.java:onNext(255)) - client-FB00420D972B->0a7e6056-64a2-4302-b029-255d48a66d7f: receive RaftClientReply:client-FB00420D972B->0a7e6056-64a2-4302-b029-255d48a66d7f@group-1EE0336AADCF, cid=3516, SUCCESS, logIndex=5323, commits[0a7e6056-64a2-4302-b029-255d48a66d7f:c5324, 82c1508e-6289-48e2-a567-a0e29c8b4903:c5320, f63d6ef8-0266-4bf3-bcb1-484cdaae1fbb:c5320]
2019-07-09 20:07:02,143 INFO  client.GrpcClientProtocolClient (GrpcClientProtocolClient.java:onNext(255)) - client-FB00420D972B->0a7e6056-64a2-4302-b029-255d48a66d7f: receive RaftClientReply:client-FB00420D972B->0a7e6056-64a2-4302-b029-255d48a66d7f@group-1EE0336AADCF, cid=3517, SUCCESS, logIndex=5324, commits[0a7e6056-64a2-4302-b029-255d48a66d7f:c5324, 82c1508e-6289-48e2-a567-a0e29c8b4903:c5320, f63d6ef8-0266-4bf3-bcb1-484cdaae1fbb:c5320]
2019-07-09 20:07:02,168 INFO  client.GrpcClientProtocolClient (GrpcClientProtocolClient.java:onNext(255)) - client-FB00420D972B->0a7e6056-64a2-4302-b029-255d48a66d7f: receive RaftClientReply:client-FB00420D972B->0a7e6056-64a2-4302-b029-255d48a66d7f@group-1EE0336AADCF, cid=3518, SUCCESS, logIndex=0, commits[0a7e6056-64a2-4302-b029-255d48a66d7f:c5325, 82c1508e-6289-48e2-a567-a0e29c8b4903:c5324, f63d6ef8-0266-4bf3-bcb1-484cdaae1fbb:c5324]
2019-07-09 20:07:02,218 INFO  client.GrpcClientProtocolClient (GrpcClientProtocolClient.java:onNext(255)) - client-FB00420D972B->0a7e6056-64a2-4302-b029-255d48a66d7f: receive RaftClientReply:client-FB00420D972B->0a7e6056-64a2-4302-b029-255d48a66d7f@group-1EE0336AADCF, cid=3519, SUCCESS, logIndex=5327, commits[0a7e6056-64a2-4302-b029-255d48a66d7f:c5330, 82c1508e-6289-48e2-a567-a0e29c8b4903:c5326, f63d6ef8-0266-4bf3-bcb1-484cdaae1fbb:c5326]
2019-07-09 20:07:02,219 INFO  client.GrpcClientProtocolClient (GrpcClientProtocolClient.java:onNext(255)) - client-FB00420D972B->0a7e6056-64a2-4302-b029-255d48a66d7f: receive RaftClientReply:client-FB00420D972B->0a7e6056-64a2-4302-b029-255d48a66d7f@group-1EE0336AADCF, cid=3520, SUCCESS, logIndex=5328, commits[0a7e6056-64a2-4302-b029-255d48a66d7f:c5330, 82c1508e-6289-48e2-a567-a0e29c8b4903:c5326, f63d6ef8-0266-4bf3-bcb1-484cdaae1fbb:c5326]
2019-07-09 20:07:02,219 INFO  client.GrpcClientProtocolClient (GrpcClientProtocolClient.java:onNext(255)) - client-FB00420D972B->0a7e6056-64a2-4302-b029-255d48a66d7f: receive RaftClientReply:client-FB00420D972B->0a7e6056-64a2-4302-b029-255d48a66d7f@group-1EE0336AADCF, cid=3521, SUCCESS, logIndex=5329, commits[0a7e6056-64a2-4302-b029-255d48a66d7f:c5330, 82c1508e-6289-48e2-a567-a0e29c8b4903:c5326, f63d6ef8-0266-4bf3-bcb1-484cdaae1fbb:c5326]
2019-07-09 20:07:02,219 INFO  client.GrpcClientProtocolClient (GrpcClientProtocolClient.java:onNext(255)) - client-FB00420D972B->0a7e6056-64a2-4302-b029-255d48a66d7f: receive RaftClientReply:client-FB00420D972B->0a7e6056-64a2-4302-b029-255d48a66d7f@group-1EE0336AADCF, cid=3522, SUCCESS, logIndex=5330, commits[0a7e6056-64a2-4302-b029-255d48a66d7f:c5330, 82c1508e-6289-48e2-a567-a0e29c8b4903:c5326, f63d6ef8-0266-4bf3-bcb1-484cdaae1fbb:c5326]
2019-07-09 20:07:02,229 INFO  client.GrpcClientProtocolClient (GrpcClientProtocolClient.java:onNext(255)) - client-FB00420D972B->0a7e6056-64a2-4302-b029-255d48a66d7f: receive RaftClientReply:client-FB00420D972B->0a7e6056-64a2-4302-b029-255d48a66d7f@group-1EE0336AADCF, cid=3523, SUCCESS, logIndex=0, commits[0a7e6056-64a2-4302-b029-255d48a66d7f:c5331, 82c1508e-6289-48e2-a567-a0e29c8b4903:c5328, f63d6ef8-0266-4bf3-bcb1-484cdaae1fbb:c5328]
2019-07-09 20:07:02,252 INFO  client.GrpcClientProtocolClient (GrpcClientProtocolClient.java:onNext(255)) - client-FB00420D972B->0a7e6056-64a2-4302-b029-255d48a66d7f: receive RaftClientReply:client-FB00420D972B->0a7e6056-64a2-4302-b029-255d48a66d7f@group-1EE0336AADCF, cid=3524, SUCCESS, logIndex=5335, commits[0a7e6056-64a2-4302-b029-255d48a66d7f:c5336, 82c1508e-6289-48e2-a567-a0e29c8b4903:c5334, f63d6ef8-0266-4bf3-bcb1-484cdaae1fbb:c5334]
2019-07-09 20:07:02,252 INFO  client.GrpcClientProtocolClient (GrpcClientProtocolClient.java:onNext(255)) - client-FB00420D972B->0a7e6056-64a2-4302-b029-255d48a66d7f: receive RaftClientReply:client-FB00420D972B->0a7e6056-64a2-4302-b029-255d48a66d7f@group-1EE0336AADCF, cid=3525, SUCCESS, logIndex=5336, commits[0a7e6056-64a2-4302-b029-255d48a66d7f:c5336, 82c1508e-6289-48e2-a567-a0e29c8b4903:c5334, f63d6ef8-0266-4bf3-bcb1-484cdaae1fbb:c5334]
2019-07-09 20:07:02,276 INFO  client.GrpcClientProtocolClient (GrpcClientProtocolClient.java:onNext(255)) - client-FB00420D972B->0a7e6056-64a2-4302-b029-255d48a66d7f: receive RaftClientReply:client-FB00420D972B->0a7e6056-64a2-4302-b029-255d48a66d7f@group-1EE0336AADCF, cid=3526, SUCCESS, logIndex=5339, commits[0a7e6056-64a2-4302-b029-255d48a66d7f:c5340, 82c1508e-6289-48e2-a567-a0e29c8b4903:c5336, f63d6ef8-0266-4bf3-bcb1-484cdaae1fbb:c5336]
2019-07-09 20:07:02,276 INFO  client.GrpcClientProtocolClient (GrpcClientProtocolClient.java:onNext(255)) - client-FB00420D972B->0a7e6056-64a2-4302-b029-255d48a66d7f: receive RaftClientReply:client-FB00420D972B->0a7e6056-64a2-4302-b029-255d48a66d7f@group-1EE0336AADCF, cid=3527, SUCCESS, logIndex=5340, commits[0a7e6056-64a2-4302-b029-255d48a66d7f:c5340, 82c1508e-6289-48e2-a567-a0e29c8b4903:c5336, f63d6ef8-0266-4bf3-bcb1-484cdaae1fbb:c5336]
2019-07-09 20:07:02,292 INFO  client.GrpcClientProtocolClient (GrpcClientProtocolClient.java:onNext(255)) - client-FB00420D972B->0a7e6056-64a2-4302-b029-255d48a66d7f: receive RaftClientReply:client-FB00420D972B->0a7e6056-64a2-4302-b029-255d48a66d7f@group-1EE0336AADCF, cid=3528, SUCCESS, logIndex=0, commits[0a7e6056-64a2-4302-b029-255d48a66d7f:c5342, 82c1508e-6289-48e2-a567-a0e29c8b4903:c5340, f63d6ef8-0266-4bf3-bcb1-484cdaae1fbb:c5340]
2019-07-09 20:07:02,326 INFO  client.GrpcClientProtocolClient (GrpcClientProtocolClient.java:onNext(255)) - client-FB00420D972B->0a7e6056-64a2-4302-b029-255d48a66d7f: receive RaftClientReply:client-FB00420D972B->0a7e6056-64a2-4302-b029-255d48a66d7f@group-1EE0336AADCF, cid=3529, SUCCESS, logIndex=5343, commits[0a7e6056-64a2-4302-b029-255d48a66d7f:c5344, 82c1508e-6289-48e2-a567-a0e29c8b4903:c5342, f63d6ef8-0266-4bf3-bcb1-484cdaae1fbb:c5342]
2019-07-09 20:07:02,327 INFO  client.GrpcClientProtocolClient (GrpcClientProtocolClient.java:onNext(255)) - client-FB00420D972B->0a7e6056-64a2-4302-b029-255d48a66d7f: receive RaftClientReply:client-FB00420D972B->0a7e6056-64a2-4302-b029-255d48a66d7f@group-1EE0336AADCF, cid=3530, SUCCESS, logIndex=5344, commits[0a7e6056-64a2-4302-b029-255d48a66d7f:c5344, 82c1508e-6289-48e2-a567-a0e29c8b4903:c5342, f63d6ef8-0266-4bf3-bcb1-484cdaae1fbb:c5342]
2019-07-09 20:07:02,327 INFO  client.GrpcClientProtocolClient (GrpcClientProtocolClient.java:onNext(255)) - client-FB00420D972B->0a7e6056-64a2-4302-b029-255d48a66d7f: receive RaftClientReply:client-FB00420D972B->0a7e6056-64a2-4302-b029-255d48a66d7f@group-1EE0336AADCF, cid=3531, SUCCESS, logIndex=5345, commits[0a7e6056-64a2-4302-b029-255d48a66d7f:c5346, 82c1508e-6289-48e2-a567-a0e29c8b4903:c5342, f63d6ef8-0266-4bf3-bcb1-484cdaae1fbb:c5342]
2019-07-09 20:07:02,328 INFO  client.GrpcClientProtocolClient (GrpcClientProtocolClient.java:onNext(255)) - client-FB00420D972B->0a7e6056-64a2-4302-b029-255d48a66d7f: receive RaftClientReply:client-FB00420D972B->0a7e6056-64a2-4302-b029-255d48a66d7f@group-1EE0336AADCF, cid=3532, SUCCESS, logIndex=5346, commits[0a7e6056-64a2-4302-b029-255d48a66d7f:c5346, 82c1508e-6289-48e2-a567-a0e29c8b4903:c5342, f63d6ef8-0266-4bf3-bcb1-484cdaae1fbb:c5342]
2019-07-09 20:07:02,343 INFO  client.GrpcClientProtocolClient (GrpcClientProtocolClient.java:onNext(255)) - client-FB00420D972B->0a7e6056-64a2-4302-b029-255d48a66d7f: receive RaftClientReply:client-FB00420D972B->0a7e6056-64a2-4302-b029-255d48a66d7f@group-1EE0336AADCF, cid=3533, SUCCESS, logIndex=0, commits[0a7e6056-64a2-4302-b029-255d48a66d7f:c5348, 82c1508e-6289-48e2-a567-a0e29c8b4903:c5344, f63d6ef8-0266-4bf3-bcb1-484cdaae1fbb:c5344]
2019-07-09 20:07:02,366 INFO  client.GrpcClientProtocolClient (GrpcClientProtocolClient.java:onNext(255)) - client-FB00420D972B->0a7e6056-64a2-4302-b029-255d48a66d7f: receive RaftClientReply:client-FB00420D972B->0a7e6056-64a2-4302-b029-255d48a66d7f@group-1EE0336AADCF, cid=3534, SUCCESS, logIndex=5350, commits[0a7e6056-64a2-4302-b029-255d48a66d7f:c5351, 82c1508e-6289-48e2-a567-a0e29c8b4903:c5349, f63d6ef8-0266-4bf3-bcb1-484cdaae1fbb:c5346]
2019-07-09 20:07:02,366 INFO  client.GrpcClientProtocolClient (GrpcClientProtocolClient.java:onNext(255)) - client-FB00420D972B->0a7e6056-64a2-4302-b029-255d48a66d7f: receive RaftClientReply:client-FB00420D972B->0a7e6056-64a2-4302-b029-255d48a66d7f@group-1EE0336AADCF, cid=3535, SUCCESS, logIndex=5351, commits[0a7e6056-64a2-4302-b029-255d48a66d7f:c5351, 82c1508e-6289-48e2-a567-a0e29c8b4903:c5349, f63d6ef8-0266-4bf3-bcb1-484cdaae1fbb:c5349]
2019-07-09 20:07:02,380 INFO  client.GrpcClientProtocolClient (GrpcClientProtocolClient.java:onNext(255)) - client-FB00420D972B->0a7e6056-64a2-4302-b029-255d48a66d7f: receive RaftClientReply:client-FB00420D972B->0a7e6056-64a2-4302-b029-255d48a66d7f@group-1EE0336AADCF, cid=3536, SUCCESS, logIndex=5354, commits[0a7e6056-64a2-4302-b029-255d48a66d7f:c5355, 82c1508e-6289-48e2-a567-a0e29c8b4903:c5351, f63d6ef8-0266-4bf3-bcb1-484cdaae1fbb:c5351]
2019-07-09 20:07:02,380 INFO  client.GrpcClientProtocolClient (GrpcClientProtocolClient.java:onNext(255)) - client-FB00420D972B->0a7e6056-64a2-4302-b029-255d48a66d7f: receive RaftClientReply:client-FB00420D972B->0a7e6056-64a2-4302-b029-255d48a66d7f@group-1EE0336AADCF, cid=3537, SUCCESS, logIndex=5355, commits[0a7e6056-64a2-4302-b029-255d48a66d7f:c5355, 82c1508e-6289-48e2-a567-a0e29c8b4903:c5351, f63d6ef8-0266-4bf3-bcb1-484cdaae1fbb:c5351]
2019-07-09 20:07:02,407 INFO  client.GrpcClientProtocolClient (GrpcClientProtocolClient.java:onNext(255)) - client-FB00420D972B->0a7e6056-64a2-4302-b029-255d48a66d7f: receive RaftClientReply:client-FB00420D972B->0a7e6056-64a2-4302-b029-255d48a66d7f@group-1EE0336AADCF, cid=3538, SUCCESS, logIndex=0, commits[0a7e6056-64a2-4302-b029-255d48a66d7f:c5357, 82c1508e-6289-48e2-a567-a0e29c8b4903:c5355, f63d6ef8-0266-4bf3-bcb1-484cdaae1fbb:c5355]
2019-07-09 20:07:02,433 INFO  segmented.SegmentedRaftLogWorker (SegmentedRaftLogWorker.java:rollLogSegment(385)) - 0a7e6056-64a2-4302-b029-255d48a66d7f-SegmentedRaftLogWorker:Storage Directory /tmp/workdir/hadoop-ozone/tools/target/test-dir/MiniOzoneClusterImpl-e3856542-0d8c-4a72-b500-6ebdf68121b6/datanode-3/data/ratis/4b5e3a83-91c3-4fbc-9a14-1ee0336aadcf: Rolling segment log-0_5360 to index:5360
2019-07-09 20:07:02,436 INFO  segmented.SegmentedRaftLogWorker (SegmentedRaftLogWorker.java:rollLogSegment(385)) - 82c1508e-6289-48e2-a567-a0e29c8b4903-SegmentedRaftLogWorker:Storage Directory /tmp/workdir/hadoop-ozone/tools/target/test-dir/MiniOzoneClusterImpl-e3856542-0d8c-4a72-b500-6ebdf68121b6/datanode-0/data/ratis/4b5e3a83-91c3-4fbc-9a14-1ee0336aadcf: Rolling segment log-0_5360 to index:5360
2019-07-09 20:07:02,436 INFO  segmented.SegmentedRaftLogWorker (SegmentedRaftLogWorker.java:rollLogSegment(385)) - f63d6ef8-0266-4bf3-bcb1-484cdaae1fbb-SegmentedRaftLogWorker:Storage Directory /tmp/workdir/hadoop-ozone/tools/target/test-dir/MiniOzoneClusterImpl-e3856542-0d8c-4a72-b500-6ebdf68121b6/datanode-2/data/ratis/4b5e3a83-91c3-4fbc-9a14-1ee0336aadcf: Rolling segment log-0_5360 to index:5360
2019-07-09 20:07:02,437 INFO  client.GrpcClientProtocolClient (GrpcClientProtocolClient.java:onNext(255)) - client-FB00420D972B->0a7e6056-64a2-4302-b029-255d48a66d7f: receive RaftClientReply:client-FB00420D972B->0a7e6056-64a2-4302-b029-255d48a66d7f@group-1EE0336AADCF, cid=3539, SUCCESS, logIndex=5358, commits[0a7e6056-64a2-4302-b029-255d48a66d7f:c5359, 82c1508e-6289-48e2-a567-a0e29c8b4903:c5357, f63d6ef8-0266-4bf3-bcb1-484cdaae1fbb:c5357]
2019-07-09 20:07:02,439 INFO  client.GrpcClientProtocolClient (GrpcClientProtocolClient.java:onNext(255)) - client-FB00420D972B->0a7e6056-64a2-4302-b029-255d48a66d7f: receive RaftClientReply:client-FB00420D972B->0a7e6056-64a2-4302-b029-255d48a66d7f@group-1EE0336AADCF, cid=3540, SUCCESS, logIndex=5359, commits[0a7e6056-64a2-4302-b029-255d48a66d7f:c5359, 82c1508e-6289-48e2-a567-a0e29c8b4903:c5357, f63d6ef8-0266-4bf3-bcb1-484cdaae1fbb:c5357]
2019-07-09 20:07:02,439 INFO  segmented.SegmentedRaftLogWorker (SegmentedRaftLogWorker.java:execute(526)) - 82c1508e-6289-48e2-a567-a0e29c8b4903-SegmentedRaftLogWorker:Storage Directory /tmp/workdir/hadoop-ozone/tools/target/test-dir/MiniOzoneClusterImpl-e3856542-0d8c-4a72-b500-6ebdf68121b6/datanode-0/data/ratis/4b5e3a83-91c3-4fbc-9a14-1ee0336aadcf: Rolled log segment from /tmp/workdir/hadoop-ozone/tools/target/test-dir/MiniOzoneClusterImpl-e3856542-0d8c-4a72-b500-6ebdf68121b6/datanode-0/data/ratis/4b5e3a83-91c3-4fbc-9a14-1ee0336aadcf/current/log_inprogress_0 to /tmp/workdir/hadoop-ozone/tools/target/test-dir/MiniOzoneClusterImpl-e3856542-0d8c-4a72-b500-6ebdf68121b6/datanode-0/data/ratis/4b5e3a83-91c3-4fbc-9a14-1ee0336aadcf/current/log_0-5360
2019-07-09 20:07:02,439 INFO  segmented.SegmentedRaftLogWorker (SegmentedRaftLogWorker.java:execute(526)) - 0a7e6056-64a2-4302-b029-255d48a66d7f-SegmentedRaftLogWorker:Storage Directory /tmp/workdir/hadoop-ozone/tools/target/test-dir/MiniOzoneClusterImpl-e3856542-0d8c-4a72-b500-6ebdf68121b6/datanode-3/data/ratis/4b5e3a83-91c3-4fbc-9a14-1ee0336aadcf: Rolled log segment from /tmp/workdir/hadoop-ozone/tools/target/test-dir/MiniOzoneClusterImpl-e3856542-0d8c-4a72-b500-6ebdf68121b6/datanode-3/data/ratis/4b5e3a83-91c3-4fbc-9a14-1ee0336aadcf/current/log_inprogress_0 to /tmp/workdir/hadoop-ozone/tools/target/test-dir/MiniOzoneClusterImpl-e3856542-0d8c-4a72-b500-6ebdf68121b6/datanode-3/data/ratis/4b5e3a83-91c3-4fbc-9a14-1ee0336aadcf/current/log_0-5360
2019-07-09 20:07:02,439 INFO  segmented.SegmentedRaftLogWorker (SegmentedRaftLogWorker.java:execute(526)) - f63d6ef8-0266-4bf3-bcb1-484cdaae1fbb-SegmentedRaftLogWorker:Storage Directory /tmp/workdir/hadoop-ozone/tools/target/test-dir/MiniOzoneClusterImpl-e3856542-0d8c-4a72-b500-6ebdf68121b6/datanode-2/data/ratis/4b5e3a83-91c3-4fbc-9a14-1ee0336aadcf: Rolled log segment from /tmp/workdir/hadoop-ozone/tools/target/test-dir/MiniOzoneClusterImpl-e3856542-0d8c-4a72-b500-6ebdf68121b6/datanode-2/data/ratis/4b5e3a83-91c3-4fbc-9a14-1ee0336aadcf/current/log_inprogress_0 to /tmp/workdir/hadoop-ozone/tools/target/test-dir/MiniOzoneClusterImpl-e3856542-0d8c-4a72-b500-6ebdf68121b6/datanode-2/data/ratis/4b5e3a83-91c3-4fbc-9a14-1ee0336aadcf/current/log_0-5360
2019-07-09 20:07:02,451 INFO  client.GrpcClientProtocolClient (GrpcClientProtocolClient.java:onNext(255)) - client-FB00420D972B->0a7e6056-64a2-4302-b029-255d48a66d7f: receive RaftClientReply:client-FB00420D972B->0a7e6056-64a2-4302-b029-255d48a66d7f@group-1EE0336AADCF, cid=3541, SUCCESS, logIndex=5360, commits[0a7e6056-64a2-4302-b029-255d48a66d7f:c5360, 82c1508e-6289-48e2-a567-a0e29c8b4903:c5357, f63d6ef8-0266-4bf3-bcb1-484cdaae1fbb:c5357]
2019-07-09 20:07:02,507 INFO  segmented.SegmentedRaftLogWorker (SegmentedRaftLogWorker.java:execute(569)) - 0a7e6056-64a2-4302-b029-255d48a66d7f-SegmentedRaftLogWorker:Storage Directory /tmp/workdir/hadoop-ozone/tools/target/test-dir/MiniOzoneClusterImpl-e3856542-0d8c-4a72-b500-6ebdf68121b6/datanode-3/data/ratis/4b5e3a83-91c3-4fbc-9a14-1ee0336aadcf: created new log segment /tmp/workdir/hadoop-ozone/tools/target/test-dir/MiniOzoneClusterImpl-e3856542-0d8c-4a72-b500-6ebdf68121b6/datanode-3/data/ratis/4b5e3a83-91c3-4fbc-9a14-1ee0336aadcf/current/log_inprogress_5361
2019-07-09 20:07:02,507 INFO  segmented.SegmentedRaftLogWorker (SegmentedRaftLogWorker.java:execute(569)) - f63d6ef8-0266-4bf3-bcb1-484cdaae1fbb-SegmentedRaftLogWorker:Storage Directory /tmp/workdir/hadoop-ozone/tools/target/test-dir/MiniOzoneClusterImpl-e3856542-0d8c-4a72-b500-6ebdf68121b6/datanode-2/data/ratis/4b5e3a83-91c3-4fbc-9a14-1ee0336aadcf: created new log segment /tmp/workdir/hadoop-ozone/tools/target/test-dir/MiniOzoneClusterImpl-e3856542-0d8c-4a72-b500-6ebdf68121b6/datanode-2/data/ratis/4b5e3a83-91c3-4fbc-9a14-1ee0336aadcf/current/log_inprogress_5361
2019-07-09 20:07:02,507 INFO  segmented.SegmentedRaftLogWorker (SegmentedRaftLogWorker.java:execute(569)) - 82c1508e-6289-48e2-a567-a0e29c8b4903-SegmentedRaftLogWorker:Storage Directory /tmp/workdir/hadoop-ozone/tools/target/test-dir/MiniOzoneClusterImpl-e3856542-0d8c-4a72-b500-6ebdf68121b6/datanode-0/data/ratis/4b5e3a83-91c3-4fbc-9a14-1ee0336aadcf: created new log segment /tmp/workdir/hadoop-ozone/tools/target/test-dir/MiniOzoneClusterImpl-e3856542-0d8c-4a72-b500-6ebdf68121b6/datanode-0/data/ratis/4b5e3a83-91c3-4fbc-9a14-1ee0336aadcf/current/log_inprogress_5361
2019-07-09 20:07:02,523 INFO  client.GrpcClientProtocolClient (GrpcClientProtocolClient.java:onNext(255)) - client-FB00420D972B->0a7e6056-64a2-4302-b029-255d48a66d7f: receive RaftClientReply:client-FB00420D972B->0a7e6056-64a2-4302-b029-255d48a66d7f@group-1EE0336AADCF, cid=3542, SUCCESS, logIndex=5361, commits[0a7e6056-64a2-4302-b029-255d48a66d7f:c5363, 82c1508e-6289-48e2-a567-a0e29c8b4903:c5360, f63d6ef8-0266-4bf3-bcb1-484cdaae1fbb:c5360]
2019-07-09 20:07:02,549 INFO  client.GrpcClientProtocolClient (GrpcClientProtocolClient.java:onNext(255)) - client-FB00420D972B->0a7e6056-64a2-4302-b029-255d48a66d7f: receive RaftClientReply:client-FB00420D972B->0a7e6056-64a2-4302-b029-255d48a66d7f@group-1EE0336AADCF, cid=3543, SUCCESS, logIndex=5365, commits[0a7e6056-64a2-4302-b029-255d48a66d7f:c5366, 82c1508e-6289-48e2-a567-a0e29c8b4903:c5363, f63d6ef8-0266-4bf3-bcb1-484cdaae1fbb:c5363]
2019-07-09 20:07:02,551 INFO  client.GrpcClientProtocolClient (GrpcClientProtocolClient.java:onNext(255)) - client-FB00420D972B->0a7e6056-64a2-4302-b029-255d48a66d7f: receive RaftClientReply:client-FB00420D972B->0a7e6056-64a2-4302-b029-255d48a66d7f@group-1EE0336AADCF, cid=3544, SUCCESS, logIndex=5366, commits[0a7e6056-64a2-4302-b029-255d48a66d7f:c5366, 82c1508e-6289-48e2-a567-a0e29c8b4903:c5363, f63d6ef8-0266-4bf3-bcb1-484cdaae1fbb:c5363]
2019-07-09 20:07:02,577 INFO  client.GrpcClientProtocolClient (GrpcClientProtocolClient.java:onNext(255)) - client-FB00420D972B->0a7e6056-64a2-4302-b029-255d48a66d7f: receive RaftClientReply:client-FB00420D972B->0a7e6056-64a2-4302-b029-255d48a66d7f@group-1EE0336AADCF, cid=3545, SUCCESS, logIndex=5369, commits[0a7e6056-64a2-4302-b029-255d48a66d7f:c5370, 82c1508e-6289-48e2-a567-a0e29c8b4903:c5366, f63d6ef8-0266-4bf3-bcb1-484cdaae1fbb:c5367]
2019-07-09 20:07:02,577 INFO  client.GrpcClientProtocolClient (GrpcClientProtocolClient.java:onNext(255)) - client-FB00420D972B->0a7e6056-64a2-4302-b029-255d48a66d7f: receive RaftClientReply:client-FB00420D972B->0a7e6056-64a2-4302-b029-255d48a66d7f@group-1EE0336AADCF, cid=3546, SUCCESS, logIndex=5370, commits[0a7e6056-64a2-4302-b029-255d48a66d7f:c5370, 82c1508e-6289-48e2-a567-a0e29c8b4903:c5367, f63d6ef8-0266-4bf3-bcb1-484cdaae1fbb:c5367]
2019-07-09 20:07:02,591 INFO  client.GrpcClientProtocolClient (GrpcClientProtocolClient.java:onNext(255)) - client-FB00420D972B->0a7e6056-64a2-4302-b029-255d48a66d7f: receive RaftClientReply:client-FB00420D972B->0a7e6056-64a2-4302-b029-255d48a66d7f@group-1EE0336AADCF, cid=3547, SUCCESS, logIndex=0, commits[0a7e6056-64a2-4302-b029-255d48a66d7f:c5372, 82c1508e-6289-48e2-a567-a0e29c8b4903:c5370, f63d6ef8-0266-4bf3-bcb1-484cdaae1fbb:c5370]
2019-07-09 20:07:02,625 INFO  client.GrpcClientProtocolClient (GrpcClientProtocolClient.java:onNext(255)) - client-FB00420D972B->0a7e6056-64a2-4302-b029-255d48a66d7f: receive RaftClientReply:client-FB00420D972B->0a7e6056-64a2-4302-b029-255d48a66d7f@group-1EE0336AADCF, cid=3548, SUCCESS, logIndex=5373, commits[0a7e6056-64a2-4302-b029-255d48a66d7f:c5374, 82c1508e-6289-48e2-a567-a0e29c8b4903:c5372, f63d6ef8-0266-4bf3-bcb1-484cdaae1fbb:c5372]
2019-07-09 20:07:02,626 INFO  client.GrpcClientProtocolClient (GrpcClientProtocolClient.java:onNext(255)) - client-FB00420D972B->0a7e6056-64a2-4302-b029-255d48a66d7f: receive RaftClientReply:client-FB00420D972B->0a7e6056-64a2-4302-b029-255d48a66d7f@group-1EE0336AADCF, cid=3549, SUCCESS, logIndex=5374, commits[0a7e6056-64a2-4302-b029-255d48a66d7f:c5374, 82c1508e-6289-48e2-a567-a0e29c8b4903:c5372, f63d6ef8-0266-4bf3-bcb1-484cdaae1fbb:c5372]
2019-07-09 20:07:02,635 INFO  client.GrpcClientProtocolClient (GrpcClientProtocolClient.java:onNext(255)) - client-FB00420D972B->0a7e6056-64a2-4302-b029-255d48a66d7f: receive RaftClientReply:client-FB00420D972B->0a7e6056-64a2-4302-b029-255d48a66d7f@group-1EE0336AADCF, cid=3550, SUCCESS, logIndex=5375, commits[0a7e6056-64a2-4302-b029-255d48a66d7f:c5376, 82c1508e-6289-48e2-a567-a0e29c8b4903:c5372, f63d6ef8-0266-4bf3-bcb1-484cdaae1fbb:c5372]
2019-07-09 20:07:02,635 INFO  client.GrpcClientProtocolClient (GrpcClientProtocolClient.java:onNext(255)) - client-FB00420D972B->0a7e6056-64a2-4302-b029-255d48a66d7f: receive RaftClientReply:client-FB00420D972B->0a7e6056-64a2-4302-b029-255d48a66d7f@group-1EE0336AADCF, cid=3551, SUCCESS, logIndex=5376, commits[0a7e6056-64a2-4302-b029-255d48a66d7f:c5376, 82c1508e-6289-48e2-a567-a0e29c8b4903:c5372, f63d6ef8-0266-4bf3-bcb1-484cdaae1fbb:c5372]
2019-07-09 20:07:02,655 INFO  client.GrpcClientProtocolClient (GrpcClientProtocolClient.java:onNext(255)) - client-FB00420D972B->0a7e6056-64a2-4302-b029-255d48a66d7f: receive RaftClientReply:client-FB00420D972B->0a7e6056-64a2-4302-b029-255d48a66d7f@group-1EE0336AADCF, cid=3552, SUCCESS, logIndex=0, commits[0a7e6056-64a2-4302-b029-255d48a66d7f:c5378, 82c1508e-6289-48e2-a567-a0e29c8b4903:c5374, f63d6ef8-0266-4bf3-bcb1-484cdaae1fbb:c5376]
2019-07-09 20:07:02,676 INFO  client.GrpcClientProtocolClient (GrpcClientProtocolClient.java:onNext(255)) - client-FB00420D972B->0a7e6056-64a2-4302-b029-255d48a66d7f: receive RaftClientReply:client-FB00420D972B->0a7e6056-64a2-4302-b029-255d48a66d7f@group-1EE0336AADCF, cid=3553, SUCCESS, logIndex=5380, commits[0a7e6056-64a2-4302-b029-255d48a66d7f:c5381, 82c1508e-6289-48e2-a567-a0e29c8b4903:c5379, f63d6ef8-0266-4bf3-bcb1-484cdaae1fbb:c5379]
2019-07-09 20:07:02,677 INFO  client.GrpcClientProtocolClient (GrpcClientProtocolClient.java:onNext(255)) - client-FB00420D972B->0a7e6056-64a2-4302-b029-255d48a66d7f: receive RaftClientReply:client-FB00420D972B->0a7e6056-64a2-4302-b029-255d48a66d7f@group-1EE0336AADCF, cid=3554, SUCCESS, logIndex=5381, commits[0a7e6056-64a2-4302-b029-255d48a66d7f:c5381, 82c1508e-6289-48e2-a567-a0e29c8b4903:c5379, f63d6ef8-0266-4bf3-bcb1-484cdaae1fbb:c5379]
2019-07-09 20:07:02,693 INFO  client.GrpcClientProtocolClient (GrpcClientProtocolClient.java:onNext(255)) - client-FB00420D972B->0a7e6056-64a2-4302-b029-255d48a66d7f: receive RaftClientReply:client-FB00420D972B->0a7e6056-64a2-4302-b029-255d48a66d7f@group-1EE0336AADCF, cid=3555, SUCCESS, logIndex=5384, commits[0a7e6056-64a2-4302-b029-255d48a66d7f:c5384, 82c1508e-6289-48e2-a567-a0e29c8b4903:c5381, f63d6ef8-0266-4bf3-bcb1-484cdaae1fbb:c5381]
2019-07-09 20:07:02,693 INFO  client.GrpcClientProtocolClient (GrpcClientProtocolClient.java:onNext(255)) - client-FB00420D972B->0a7e6056-64a2-4302-b029-255d48a66d7f: receive RaftClientReply:client-FB00420D972B->0a7e6056-64a2-4302-b029-255d48a66d7f@group-1EE0336AADCF, cid=3556, SUCCESS, logIndex=5385, commits[0a7e6056-64a2-4302-b029-255d48a66d7f:c5385, 82c1508e-6289-48e2-a567-a0e29c8b4903:c5381, f63d6ef8-0266-4bf3-bcb1-484cdaae1fbb:c5381]
2019-07-09 20:07:02,700 INFO  client.GrpcClientProtocolClient (GrpcClientProtocolClient.java:onNext(255)) - client-FB00420D972B->0a7e6056-64a2-4302-b029-255d48a66d7f: receive RaftClientReply:client-FB00420D972B->0a7e6056-64a2-4302-b029-255d48a66d7f@group-1EE0336AADCF, cid=3557, SUCCESS, logIndex=0, commits[0a7e6056-64a2-4302-b029-255d48a66d7f:c5386, 82c1508e-6289-48e2-a567-a0e29c8b4903:c5385, f63d6ef8-0266-4bf3-bcb1-484cdaae1fbb:c5385]
2019-07-09 20:07:02,724 INFO  client.GrpcClientProtocolClient (GrpcClientProtocolClient.java:onNext(255)) - client-FB00420D972B->0a7e6056-64a2-4302-b029-255d48a66d7f: receive RaftClientReply:client-FB00420D972B->0a7e6056-64a2-4302-b029-255d48a66d7f@group-1EE0336AADCF, cid=3558, SUCCESS, logIndex=5388, commits[0a7e6056-64a2-4302-b029-255d48a66d7f:c5389, 82c1508e-6289-48e2-a567-a0e29c8b4903:c5385, f63d6ef8-0266-4bf3-bcb1-484cdaae1fbb:c5387]
2019-07-09 20:07:02,725 INFO  client.GrpcClientProtocolClient (GrpcClientProtocolClient.java:onNext(255)) - client-FB00420D972B->0a7e6056-64a2-4302-b029-255d48a66d7f: receive RaftClientReply:client-FB00420D972B->0a7e6056-64a2-4302-b029-255d48a66d7f@group-1EE0336AADCF, cid=3559, SUCCESS, logIndex=5389, commits[0a7e6056-64a2-4302-b029-255d48a66d7f:c5389, 82c1508e-6289-48e2-a567-a0e29c8b4903:c5385, f63d6ef8-0266-4bf3-bcb1-484cdaae1fbb:c5387]
2019-07-09 20:07:02,727 INFO  client.GrpcClientProtocolClient (GrpcClientProtocolClient.java:onNext(255)) - client-FB00420D972B->0a7e6056-64a2-4302-b029-255d48a66d7f: receive RaftClientReply:client-FB00420D972B->0a7e6056-64a2-4302-b029-255d48a66d7f@group-1EE0336AADCF, cid=3560, SUCCESS, logIndex=5390, commits[0a7e6056-64a2-4302-b029-255d48a66d7f:c5391, 82c1508e-6289-48e2-a567-a0e29c8b4903:c5387, f63d6ef8-0266-4bf3-bcb1-484cdaae1fbb:c5387]
2019-07-09 20:07:02,727 INFO  client.GrpcClientProtocolClient (GrpcClientProtocolClient.java:onNext(255)) - client-FB00420D972B->0a7e6056-64a2-4302-b029-255d48a66d7f: receive RaftClientReply:client-FB00420D972B->0a7e6056-64a2-4302-b029-255d48a66d7f@group-1EE0336AADCF, cid=3561, SUCCESS, logIndex=5391, commits[0a7e6056-64a2-4302-b029-255d48a66d7f:c5391, 82c1508e-6289-48e2-a567-a0e29c8b4903:c5387, f63d6ef8-0266-4bf3-bcb1-484cdaae1fbb:c5389]
2019-07-09 20:07:02,729 INFO  client.GrpcClientProtocolClient (GrpcClientProtocolClient.java:onNext(255)) - client-FB00420D972B->0a7e6056-64a2-4302-b029-255d48a66d7f: receive RaftClientReply:client-FB00420D972B->0a7e6056-64a2-4302-b029-255d48a66d7f@group-1EE0336AADCF, cid=3562, SUCCESS, logIndex=0, commits[0a7e6056-64a2-4302-b029-255d48a66d7f:c5393, 82c1508e-6289-48e2-a567-a0e29c8b4903:c5389, f63d6ef8-0266-4bf3-bcb1-484cdaae1fbb:c5389]
 0.00% |█                                                                                                    |  0/1 Time: 0:00:342019-07-09 20:07:02,864 INFO  client.GrpcClientProtocolClient (GrpcClientProtocolClient.java:onNext(255)) - client-FB00420D972B->0a7e6056-64a2-4302-b029-255d48a66d7f: receive RaftClientReply:client-FB00420D972B->0a7e6056-64a2-4302-b029-255d48a66d7f@group-1EE0336AADCF, cid=3563, SUCCESS, logIndex=5396, commits[0a7e6056-64a2-4302-b029-255d48a66d7f:c5397, 82c1508e-6289-48e2-a567-a0e29c8b4903:c5394, f63d6ef8-0266-4bf3-bcb1-484cdaae1fbb:c5394]
2019-07-09 20:07:02,864 INFO  client.GrpcClientProtocolClient (GrpcClientProtocolClient.java:onNext(255)) - client-FB00420D972B->0a7e6056-64a2-4302-b029-255d48a66d7f: receive RaftClientReply:client-FB00420D972B->0a7e6056-64a2-4302-b029-255d48a66d7f@group-1EE0336AADCF, cid=3564, SUCCESS, logIndex=5397, commits[0a7e6056-64a2-4302-b029-255d48a66d7f:c5397, 82c1508e-6289-48e2-a567-a0e29c8b4903:c5394, f63d6ef8-0266-4bf3-bcb1-484cdaae1fbb:c5394]
2019-07-09 20:07:02,889 INFO  client.GrpcClientProtocolClient (GrpcClientProtocolClient.java:onNext(255)) - client-FB00420D972B->0a7e6056-64a2-4302-b029-255d48a66d7f: receive RaftClientReply:client-FB00420D972B->0a7e6056-64a2-4302-b029-255d48a66d7f@group-1EE0336AADCF, cid=3565, SUCCESS, logIndex=5400, commits[0a7e6056-64a2-4302-b029-255d48a66d7f:c5401, 82c1508e-6289-48e2-a567-a0e29c8b4903:c5397, f63d6ef8-0266-4bf3-bcb1-484cdaae1fbb:c5397]
2019-07-09 20:07:02,889 INFO  client.GrpcClientProtocolClient (GrpcClientProtocolClient.java:onNext(255)) - client-FB00420D972B->0a7e6056-64a2-4302-b029-255d48a66d7f: receive RaftClientReply:client-FB00420D972B->0a7e6056-64a2-4302-b029-255d48a66d7f@group-1EE0336AADCF, cid=3566, SUCCESS, logIndex=5401, commits[0a7e6056-64a2-4302-b029-255d48a66d7f:c5401, 82c1508e-6289-48e2-a567-a0e29c8b4903:c5397, f63d6ef8-0266-4bf3-bcb1-484cdaae1fbb:c5397]
2019-07-09 20:07:02,901 INFO  client.GrpcClientProtocolClient (GrpcClientProtocolClient.java:onNext(255)) - client-FB00420D972B->0a7e6056-64a2-4302-b029-255d48a66d7f: receive RaftClientReply:client-FB00420D972B->0a7e6056-64a2-4302-b029-255d48a66d7f@group-1EE0336AADCF, cid=3567, SUCCESS, logIndex=0, commits[0a7e6056-64a2-4302-b029-255d48a66d7f:c5402, 82c1508e-6289-48e2-a567-a0e29c8b4903:c5401, f63d6ef8-0266-4bf3-bcb1-484cdaae1fbb:c5401]
2019-07-09 20:07:02,936 INFO  client.GrpcClientProtocolClient (GrpcClientProtocolClient.java:onNext(255)) - client-FB00420D972B->0a7e6056-64a2-4302-b029-255d48a66d7f: receive RaftClientReply:client-FB00420D972B->0a7e6056-64a2-4302-b029-255d48a66d7f@group-1EE0336AADCF, cid=3568, SUCCESS, logIndex=5404, commits[0a7e6056-64a2-4302-b029-255d48a66d7f:c5405, 82c1508e-6289-48e2-a567-a0e29c8b4903:c5403, f63d6ef8-0266-4bf3-bcb1-484cdaae1fbb:c5403]
2019-07-09 20:07:02,936 INFO  client.GrpcClientProtocolClient (GrpcClientProtocolClient.java:onNext(255)) - client-FB00420D972B->0a7e6056-64a2-4302-b029-255d48a66d7f: receive RaftClientReply:client-FB00420D972B->0a7e6056-64a2-4302-b029-255d48a66d7f@group-1EE0336AADCF, cid=3569, SUCCESS, logIndex=5405, commits[0a7e6056-64a2-4302-b029-255d48a66d7f:c5405, 82c1508e-6289-48e2-a567-a0e29c8b4903:c5403, f63d6ef8-0266-4bf3-bcb1-484cdaae1fbb:c5403]
2019-07-09 20:07:02,948 INFO  client.GrpcClientProtocolClient (GrpcClientProtocolClient.java:onNext(255)) - client-FB00420D972B->0a7e6056-64a2-4302-b029-255d48a66d7f: receive RaftClientReply:client-FB00420D972B->0a7e6056-64a2-4302-b029-255d48a66d7f@group-1EE0336AADCF, cid=3570, SUCCESS, logIndex=5406, commits[0a7e6056-64a2-4302-b029-255d48a66d7f:c5407, 82c1508e-6289-48e2-a567-a0e29c8b4903:c5403, f63d6ef8-0266-4bf3-bcb1-484cdaae1fbb:c5403]
2019-07-09 20:07:02,948 INFO  client.GrpcClientProtocolClient (GrpcClientProtocolClient.java:onNext(255)) - client-FB00420D972B->0a7e6056-64a2-4302-b029-255d48a66d7f: receive RaftClientReply:client-FB00420D972B->0a7e6056-64a2-4302-b029-255d48a66d7f@group-1EE0336AADCF, cid=3571, SUCCESS, logIndex=5407, commits[0a7e6056-64a2-4302-b029-255d48a66d7f:c5407, 82c1508e-6289-48e2-a567-a0e29c8b4903:c5403, f63d6ef8-0266-4bf3-bcb1-484cdaae1fbb:c5403]
2019-07-09 20:07:02,959 INFO  client.GrpcClientProtocolClient (GrpcClientProtocolClient.java:onNext(255)) - client-FB00420D972B->0a7e6056-64a2-4302-b029-255d48a66d7f: receive RaftClientReply:client-FB00420D972B->0a7e6056-64a2-4302-b029-255d48a66d7f@group-1EE0336AADCF, cid=3572, SUCCESS, logIndex=0, commits[0a7e6056-64a2-4302-b029-255d48a66d7f:c5409, 82c1508e-6289-48e2-a567-a0e29c8b4903:c5405, f63d6ef8-0266-4bf3-bcb1-484cdaae1fbb:c5405]
2019-07-09 20:07:02,984 INFO  client.GrpcClientProtocolClient (GrpcClientProtocolClient.java:onNext(255)) - client-FB00420D972B->0a7e6056-64a2-4302-b029-255d48a66d7f: receive RaftClientReply:client-FB00420D972B->0a7e6056-64a2-4302-b029-255d48a66d7f@group-1EE0336AADCF, cid=3573, SUCCESS, logIndex=5412, commits[0a7e6056-64a2-4302-b029-255d48a66d7f:c5413, 82c1508e-6289-48e2-a567-a0e29c8b4903:c5411, f63d6ef8-0266-4bf3-bcb1-484cdaae1fbb:c5411]
2019-07-09 20:07:02,984 INFO  client.GrpcClientProtocolClient (GrpcClientProtocolClient.java:onNext(255)) - client-FB00420D972B->0a7e6056-64a2-4302-b029-255d48a66d7f: receive RaftClientReply:client-FB00420D972B->0a7e6056-64a2-4302-b029-255d48a66d7f@group-1EE0336AADCF, cid=3574, SUCCESS, logIndex=5413, commits[0a7e6056-64a2-4302-b029-255d48a66d7f:c5413, 82c1508e-6289-48e2-a567-a0e29c8b4903:c5411, f63d6ef8-0266-4bf3-bcb1-484cdaae1fbb:c5411]
2019-07-09 20:07:03,010 INFO  client.GrpcClientProtocolClient (GrpcClientProtocolClient.java:onNext(255)) - client-FB00420D972B->0a7e6056-64a2-4302-b029-255d48a66d7f: receive RaftClientReply:client-FB00420D972B->0a7e6056-64a2-4302-b029-255d48a66d7f@group-1EE0336AADCF, cid=3575, SUCCESS, logIndex=5415, commits[0a7e6056-64a2-4302-b029-255d48a66d7f:c5416, 82c1508e-6289-48e2-a567-a0e29c8b4903:c5414, f63d6ef8-0266-4bf3-bcb1-484cdaae1fbb:c5414]
2019-07-09 20:07:03,010 INFO  client.GrpcClientProtocolClient (GrpcClientProtocolClient.java:onNext(255)) - client-FB00420D972B->0a7e6056-64a2-4302-b029-255d48a66d7f: receive RaftClientReply:client-FB00420D972B->0a7e6056-64a2-4302-b029-255d48a66d7f@group-1EE0336AADCF, cid=3576, SUCCESS, logIndex=5416, commits[0a7e6056-64a2-4302-b029-255d48a66d7f:c5416, 82c1508e-6289-48e2-a567-a0e29c8b4903:c5414, f63d6ef8-0266-4bf3-bcb1-484cdaae1fbb:c5414]
2019-07-09 20:07:03,023 INFO  client.GrpcClientProtocolClient (GrpcClientProtocolClient.java:onNext(255)) - client-FB00420D972B->0a7e6056-64a2-4302-b029-255d48a66d7f: receive RaftClientReply:client-FB00420D972B->0a7e6056-64a2-4302-b029-255d48a66d7f@group-1EE0336AADCF, cid=3577, SUCCESS, logIndex=0, commits[0a7e6056-64a2-4302-b029-255d48a66d7f:c5418, 82c1508e-6289-48e2-a567-a0e29c8b4903:c5416, f63d6ef8-0266-4bf3-bcb1-484cdaae1fbb:c5416]
2019-07-09 20:07:03,056 INFO  client.GrpcClientProtocolClient (GrpcClientProtocolClient.java:onNext(255)) - client-FB00420D972B->0a7e6056-64a2-4302-b029-255d48a66d7f: receive RaftClientReply:client-FB00420D972B->0a7e6056-64a2-4302-b029-255d48a66d7f@group-1EE0336AADCF, cid=3578, SUCCESS, logIndex=5419, commits[0a7e6056-64a2-4302-b029-255d48a66d7f:c5420, 82c1508e-6289-48e2-a567-a0e29c8b4903:c5418, f63d6ef8-0266-4bf3-bcb1-484cdaae1fbb:c5418]
2019-07-09 20:07:03,056 INFO  client.GrpcClientProtocolClient (GrpcClientProtocolClient.java:onNext(255)) - client-FB00420D972B->0a7e6056-64a2-4302-b029-255d48a66d7f: receive RaftClientReply:client-FB00420D972B->0a7e6056-64a2-4302-b029-255d48a66d7f@group-1EE0336AADCF, cid=3579, SUCCESS, logIndex=5420, commits[0a7e6056-64a2-4302-b029-255d48a66d7f:c5420, 82c1508e-6289-48e2-a567-a0e29c8b4903:c5418, f63d6ef8-0266-4bf3-bcb1-484cdaae1fbb:c5418]
2019-07-09 20:07:03,059 INFO  client.GrpcClientProtocolClient (GrpcClientProtocolClient.java:onNext(255)) - client-FB00420D972B->0a7e6056-64a2-4302-b029-255d48a66d7f: receive RaftClientReply:client-FB00420D972B->0a7e6056-64a2-4302-b029-255d48a66d7f@group-1EE0336AADCF, cid=3580, SUCCESS, logIndex=5421, commits[0a7e6056-64a2-4302-b029-255d48a66d7f:c5422, 82c1508e-6289-48e2-a567-a0e29c8b4903:c5418, f63d6ef8-0266-4bf3-bcb1-484cdaae1fbb:c5418]
2019-07-09 20:07:03,059 INFO  client.GrpcClientProtocolClient (GrpcClientProtocolClient.java:onNext(255)) - client-FB00420D972B->0a7e6056-64a2-4302-b029-255d48a66d7f: receive RaftClientReply:client-FB00420D972B->0a7e6056-64a2-4302-b029-255d48a66d7f@group-1EE0336AADCF, cid=3581, SUCCESS, logIndex=5422, commits[0a7e6056-64a2-4302-b029-255d48a66d7f:c5422, 82c1508e-6289-48e2-a567-a0e29c8b4903:c5418, f63d6ef8-0266-4bf3-bcb1-484cdaae1fbb:c5418]
2019-07-09 20:07:03,821 INFO  client.GrpcClientProtocolClient (GrpcClientProtocolClient.java:onNext(255)) - client-FB00420D972B->0a7e6056-64a2-4302-b029-255d48a66d7f: receive RaftClientReply:client-FB00420D972B->0a7e6056-64a2-4302-b029-255d48a66d7f@group-1EE0336AADCF, cid=3582, SUCCESS, logIndex=0, commits[0a7e6056-64a2-4302-b029-255d48a66d7f:c5424, 82c1508e-6289-48e2-a567-a0e29c8b4903:c5422, f63d6ef8-0266-4bf3-bcb1-484cdaae1fbb:c5420]
 0.00% |█                                                                                                    |  0/1 Time: 0:00:352019-07-09 20:07:04,705 INFO  client.GrpcClientProtocolClient (GrpcClientProtocolClient.java:onNext(255)) - client-FB00420D972B->0a7e6056-64a2-4302-b029-255d48a66d7f: receive RaftClientReply:client-FB00420D972B->0a7e6056-64a2-4302-b029-255d48a66d7f@group-1EE0336AADCF, cid=3583, SUCCESS, logIndex=5426, commits[0a7e6056-64a2-4302-b029-255d48a66d7f:c5427, 82c1508e-6289-48e2-a567-a0e29c8b4903:c5422, f63d6ef8-0266-4bf3-bcb1-484cdaae1fbb:c5425]
2019-07-09 20:07:04,705 INFO  client.GrpcClientProtocolClient (GrpcClientProtocolClient.java:onNext(255)) - client-FB00420D972B->0a7e6056-64a2-4302-b029-255d48a66d7f: receive RaftClientReply:client-FB00420D972B->0a7e6056-64a2-4302-b029-255d48a66d7f@group-1EE0336AADCF, cid=3584, SUCCESS, logIndex=5427, commits[0a7e6056-64a2-4302-b029-255d48a66d7f:c5427, 82c1508e-6289-48e2-a567-a0e29c8b4903:c5422, f63d6ef8-0266-4bf3-bcb1-484cdaae1fbb:c5425]
 0.00% |█                                                                                                    |  0/1 Time: 0:00:36 0.00% |█                                                                                                    |  0/1 Time: 0:00:37 0.00% |█                                                                                                    |  0/1 Time: 0:00:382019-07-09 20:07:06,986 INFO  client.GrpcClientProtocolClient (GrpcClientProtocolClient.java:onNext(255)) - client-FB00420D972B->0a7e6056-64a2-4302-b029-255d48a66d7f: receive RaftClientReply:client-FB00420D972B->0a7e6056-64a2-4302-b029-255d48a66d7f@group-1EE0336AADCF, cid=3585, SUCCESS, logIndex=5430, commits[0a7e6056-64a2-4302-b029-255d48a66d7f:c5431, 82c1508e-6289-48e2-a567-a0e29c8b4903:c5427, f63d6ef8-0266-4bf3-bcb1-484cdaae1fbb:c5428]
2019-07-09 20:07:06,986 INFO  client.GrpcClientProtocolClient (GrpcClientProtocolClient.java:onNext(255)) - client-FB00420D972B->0a7e6056-64a2-4302-b029-255d48a66d7f: receive RaftClientReply:client-FB00420D972B->0a7e6056-64a2-4302-b029-255d48a66d7f@group-1EE0336AADCF, cid=3586, SUCCESS, logIndex=5431, commits[0a7e6056-64a2-4302-b029-255d48a66d7f:c5431, 82c1508e-6289-48e2-a567-a0e29c8b4903:c5427, f63d6ef8-0266-4bf3-bcb1-484cdaae1fbb:c5428]
 0.00% |█                                                                                                    |  0/1 Time: 0:00:39 0.00% |█                                                                                                    |  0/1 Time: 0:00:402019-07-09 20:07:08,965 INFO  client.GrpcClientProtocolClient (GrpcClientProtocolClient.java:onNext(255)) - client-FB00420D972B->0a7e6056-64a2-4302-b029-255d48a66d7f: receive RaftClientReply:client-FB00420D972B->0a7e6056-64a2-4302-b029-255d48a66d7f@group-1EE0336AADCF, cid=3587, SUCCESS, logIndex=0, commits[0a7e6056-64a2-4302-b029-255d48a66d7f:c5431, 82c1508e-6289-48e2-a567-a0e29c8b4903:c5431, f63d6ef8-0266-4bf3-bcb1-484cdaae1fbb:c5431]
 0.00% |█                                                                                                    |  0/1 Time: 0:00:412019-07-09 20:07:10,033 INFO  client.GrpcClientProtocolClient (GrpcClientProtocolClient.java:onNext(255)) - client-FB00420D972B->0a7e6056-64a2-4302-b029-255d48a66d7f: receive RaftClientReply:client-FB00420D972B->0a7e6056-64a2-4302-b029-255d48a66d7f@group-1EE0336AADCF, cid=3588, SUCCESS, logIndex=5434, commits[0a7e6056-64a2-4302-b029-255d48a66d7f:c5434, 82c1508e-6289-48e2-a567-a0e29c8b4903:c5432, f63d6ef8-0266-4bf3-bcb1-484cdaae1fbb:c5432]
2019-07-09 20:07:10,034 INFO  client.GrpcClientProtocolClient (GrpcClientProtocolClient.java:onNext(255)) - client-FB00420D972B->0a7e6056-64a2-4302-b029-255d48a66d7f: receive RaftClientReply:client-FB00420D972B->0a7e6056-64a2-4302-b029-255d48a66d7f@group-1EE0336AADCF, cid=3589, SUCCESS, logIndex=5435, commits[0a7e6056-64a2-4302-b029-255d48a66d7f:c5437, 82c1508e-6289-48e2-a567-a0e29c8b4903:c5432, f63d6ef8-0266-4bf3-bcb1-484cdaae1fbb:c5432]
2019-07-09 20:07:10,035 INFO  client.GrpcClientProtocolClient (GrpcClientProtocolClient.java:onNext(255)) - client-FB00420D972B->0a7e6056-64a2-4302-b029-255d48a66d7f: receive RaftClientReply:client-FB00420D972B->0a7e6056-64a2-4302-b029-255d48a66d7f@group-1EE0336AADCF, cid=3590, SUCCESS, logIndex=5436, commits[0a7e6056-64a2-4302-b029-255d48a66d7f:c5437, 82c1508e-6289-48e2-a567-a0e29c8b4903:c5432, f63d6ef8-0266-4bf3-bcb1-484cdaae1fbb:c5432]
2019-07-09 20:07:10,035 INFO  client.GrpcClientProtocolClient (GrpcClientProtocolClient.java:onNext(255)) - client-FB00420D972B->0a7e6056-64a2-4302-b029-255d48a66d7f: receive RaftClientReply:client-FB00420D972B->0a7e6056-64a2-4302-b029-255d48a66d7f@group-1EE0336AADCF, cid=3591, SUCCESS, logIndex=5437, commits[0a7e6056-64a2-4302-b029-255d48a66d7f:c5437, 82c1508e-6289-48e2-a567-a0e29c8b4903:c5432, f63d6ef8-0266-4bf3-bcb1-484cdaae1fbb:c5432]
2019-07-09 20:07:10,038 INFO  client.GrpcClientProtocolClient (GrpcClientProtocolClient.java:onNext(255)) - client-FB00420D972B->0a7e6056-64a2-4302-b029-255d48a66d7f: receive RaftClientReply:client-FB00420D972B->0a7e6056-64a2-4302-b029-255d48a66d7f@group-1EE0336AADCF, cid=3592, SUCCESS, logIndex=0, commits[0a7e6056-64a2-4302-b029-255d48a66d7f:c5438, 82c1508e-6289-48e2-a567-a0e29c8b4903:c5435, f63d6ef8-0266-4bf3-bcb1-484cdaae1fbb:c5435]
2019-07-09 20:07:10,079 INFO  client.GrpcClientProtocolClient (GrpcClientProtocolClient.java:onNext(255)) - client-FB00420D972B->0a7e6056-64a2-4302-b029-255d48a66d7f: receive RaftClientReply:client-FB00420D972B->0a7e6056-64a2-4302-b029-255d48a66d7f@group-1EE0336AADCF, cid=3593, SUCCESS, logIndex=5441, commits[0a7e6056-64a2-4302-b029-255d48a66d7f:c5442, 82c1508e-6289-48e2-a567-a0e29c8b4903:c5440, f63d6ef8-0266-4bf3-bcb1-484cdaae1fbb:c5440]
2019-07-09 20:07:10,080 INFO  client.GrpcClientProtocolClient (GrpcClientProtocolClient.java:onNext(255)) - client-FB00420D972B->0a7e6056-64a2-4302-b029-255d48a66d7f: receive RaftClientReply:client-FB00420D972B->0a7e6056-64a2-4302-b029-255d48a66d7f@group-1EE0336AADCF, cid=3594, SUCCESS, logIndex=5442, commits[0a7e6056-64a2-4302-b029-255d48a66d7f:c5442, 82c1508e-6289-48e2-a567-a0e29c8b4903:c5440, f63d6ef8-0266-4bf3-bcb1-484cdaae1fbb:c5440]
2019-07-09 20:07:10,111 INFO  client.GrpcClientProtocolClient (GrpcClientProtocolClient.java:onNext(255)) - client-FB00420D972B->0a7e6056-64a2-4302-b029-255d48a66d7f: receive RaftClientReply:client-FB00420D972B->0a7e6056-64a2-4302-b029-255d48a66d7f@group-1EE0336AADCF, cid=3595, SUCCESS, logIndex=5445, commits[0a7e6056-64a2-4302-b029-255d48a66d7f:c5446, 82c1508e-6289-48e2-a567-a0e29c8b4903:c5442, f63d6ef8-0266-4bf3-bcb1-484cdaae1fbb:c5442]
2019-07-09 20:07:10,111 INFO  client.GrpcClientProtocolClient (GrpcClientProtocolClient.java:onNext(255)) - client-FB00420D972B->0a7e6056-64a2-4302-b029-255d48a66d7f: receive RaftClientReply:client-FB00420D972B->0a7e6056-64a2-4302-b029-255d48a66d7f@group-1EE0336AADCF, cid=3596, SUCCESS, logIndex=5446, commits[0a7e6056-64a2-4302-b029-255d48a66d7f:c5446, 82c1508e-6289-48e2-a567-a0e29c8b4903:c5442, f63d6ef8-0266-4bf3-bcb1-484cdaae1fbb:c5442]
2019-07-09 20:07:10,130 INFO  client.GrpcClientProtocolClient (GrpcClientProtocolClient.java:onNext(255)) - client-FB00420D972B->0a7e6056-64a2-4302-b029-255d48a66d7f: receive RaftClientReply:client-FB00420D972B->0a7e6056-64a2-4302-b029-255d48a66d7f@group-1EE0336AADCF, cid=3597, SUCCESS, logIndex=0, commits[0a7e6056-64a2-4302-b029-255d48a66d7f:c5448, 82c1508e-6289-48e2-a567-a0e29c8b4903:c5446, f63d6ef8-0266-4bf3-bcb1-484cdaae1fbb:c5446]
2019-07-09 20:07:10,171 INFO  client.GrpcClientProtocolClient (GrpcClientProtocolClient.java:onNext(255)) - client-FB00420D972B->0a7e6056-64a2-4302-b029-255d48a66d7f: receive RaftClientReply:client-FB00420D972B->0a7e6056-64a2-4302-b029-255d48a66d7f@group-1EE0336AADCF, cid=3598, SUCCESS, logIndex=5449, commits[0a7e6056-64a2-4302-b029-255d48a66d7f:c5451, 82c1508e-6289-48e2-a567-a0e29c8b4903:c5448, f63d6ef8-0266-4bf3-bcb1-484cdaae1fbb:c5448]
2019-07-09 20:07:10,171 INFO  client.GrpcClientProtocolClient (GrpcClientProtocolClient.java:onNext(255)) - client-FB00420D972B->0a7e6056-64a2-4302-b029-255d48a66d7f: receive RaftClientReply:client-FB00420D972B->0a7e6056-64a2-4302-b029-255d48a66d7f@group-1EE0336AADCF, cid=3599, SUCCESS, logIndex=5450, commits[0a7e6056-64a2-4302-b029-255d48a66d7f:c5452, 82c1508e-6289-48e2-a567-a0e29c8b4903:c5448, f63d6ef8-0266-4bf3-bcb1-484cdaae1fbb:c5448]
2019-07-09 20:07:10,172 INFO  client.GrpcClientProtocolClient (GrpcClientProtocolClient.java:onNext(255)) - client-FB00420D972B->0a7e6056-64a2-4302-b029-255d48a66d7f: receive RaftClientReply:client-FB00420D972B->0a7e6056-64a2-4302-b029-255d48a66d7f@group-1EE0336AADCF, cid=3600, SUCCESS, logIndex=5451, commits[0a7e6056-64a2-4302-b029-255d48a66d7f:c5452, 82c1508e-6289-48e2-a567-a0e29c8b4903:c5448, f63d6ef8-0266-4bf3-bcb1-484cdaae1fbb:c5448]
2019-07-09 20:07:10,172 INFO  client.GrpcClientProtocolClient (GrpcClientProtocolClient.java:onNext(255)) - client-FB00420D972B->0a7e6056-64a2-4302-b029-255d48a66d7f: receive RaftClientReply:client-FB00420D972B->0a7e6056-64a2-4302-b029-255d48a66d7f@group-1EE0336AADCF, cid=3601, SUCCESS, logIndex=5452, commits[0a7e6056-64a2-4302-b029-255d48a66d7f:c5453, 82c1508e-6289-48e2-a567-a0e29c8b4903:c5450, f63d6ef8-0266-4bf3-bcb1-484cdaae1fbb:c5449]
2019-07-09 20:07:10,174 INFO  client.GrpcClientProtocolClient (GrpcClientProtocolClient.java:onNext(255)) - client-FB00420D972B->0a7e6056-64a2-4302-b029-255d48a66d7f: receive RaftClientReply:client-FB00420D972B->0a7e6056-64a2-4302-b029-255d48a66d7f@group-1EE0336AADCF, cid=3602, SUCCESS, logIndex=0, commits[0a7e6056-64a2-4302-b029-255d48a66d7f:c5454, 82c1508e-6289-48e2-a567-a0e29c8b4903:c5450, f63d6ef8-0266-4bf3-bcb1-484cdaae1fbb:c5450]
2019-07-09 20:07:10,190 INFO  client.GrpcClientProtocolClient (GrpcClientProtocolClient.java:onNext(255)) - client-FB00420D972B->0a7e6056-64a2-4302-b029-255d48a66d7f: receive RaftClientReply:client-FB00420D972B->0a7e6056-64a2-4302-b029-255d48a66d7f@group-1EE0336AADCF, cid=3603, SUCCESS, logIndex=5457, commits[0a7e6056-64a2-4302-b029-255d48a66d7f:c5458, 82c1508e-6289-48e2-a567-a0e29c8b4903:c5452, f63d6ef8-0266-4bf3-bcb1-484cdaae1fbb:c5455]
2019-07-09 20:07:10,191 INFO  client.GrpcClientProtocolClient (GrpcClientProtocolClient.java:onNext(255)) - client-FB00420D972B->0a7e6056-64a2-4302-b029-255d48a66d7f: receive RaftClientReply:client-FB00420D972B->0a7e6056-64a2-4302-b029-255d48a66d7f@group-1EE0336AADCF, cid=3604, SUCCESS, logIndex=5458, commits[0a7e6056-64a2-4302-b029-255d48a66d7f:c5458, 82c1508e-6289-48e2-a567-a0e29c8b4903:c5455, f63d6ef8-0266-4bf3-bcb1-484cdaae1fbb:c5455]
2019-07-09 20:07:10,214 INFO  client.GrpcClientProtocolClient (GrpcClientProtocolClient.java:onNext(255)) - client-FB00420D972B->0a7e6056-64a2-4302-b029-255d48a66d7f: receive RaftClientReply:client-FB00420D972B->0a7e6056-64a2-4302-b029-255d48a66d7f@group-1EE0336AADCF, cid=3605, SUCCESS, logIndex=5461, commits[0a7e6056-64a2-4302-b029-255d48a66d7f:c5462, 82c1508e-6289-48e2-a567-a0e29c8b4903:c5458, f63d6ef8-0266-4bf3-bcb1-484cdaae1fbb:c5458]
2019-07-09 20:07:10,215 INFO  client.GrpcClientProtocolClient (GrpcClientProtocolClient.java:onNext(255)) - client-FB00420D972B->0a7e6056-64a2-4302-b029-255d48a66d7f: receive RaftClientReply:client-FB00420D972B->0a7e6056-64a2-4302-b029-255d48a66d7f@group-1EE0336AADCF, cid=3606, SUCCESS, logIndex=5462, commits[0a7e6056-64a2-4302-b029-255d48a66d7f:c5462, 82c1508e-6289-48e2-a567-a0e29c8b4903:c5458, f63d6ef8-0266-4bf3-bcb1-484cdaae1fbb:c5458]
2019-07-09 20:07:10,229 INFO  client.GrpcClientProtocolClient (GrpcClientProtocolClient.java:onNext(255)) - client-FB00420D972B->0a7e6056-64a2-4302-b029-255d48a66d7f: receive RaftClientReply:client-FB00420D972B->0a7e6056-64a2-4302-b029-255d48a66d7f@group-1EE0336AADCF, cid=3607, SUCCESS, logIndex=0, commits[0a7e6056-64a2-4302-b029-255d48a66d7f:c5463, 82c1508e-6289-48e2-a567-a0e29c8b4903:c5462, f63d6ef8-0266-4bf3-bcb1-484cdaae1fbb:c5462]
2019-07-09 20:07:10,255 INFO  client.GrpcClientProtocolClient (GrpcClientProtocolClient.java:onNext(255)) - client-FB00420D972B->0a7e6056-64a2-4302-b029-255d48a66d7f: receive RaftClientReply:client-FB00420D972B->0a7e6056-64a2-4302-b029-255d48a66d7f@group-1EE0336AADCF, cid=3608, SUCCESS, logIndex=5465, commits[0a7e6056-64a2-4302-b029-255d48a66d7f:c5466, 82c1508e-6289-48e2-a567-a0e29c8b4903:c5464, f63d6ef8-0266-4bf3-bcb1-484cdaae1fbb:c5462]
2019-07-09 20:07:10,256 INFO  client.GrpcClientProtocolClient (GrpcClientProtocolClient.java:onNext(255)) - client-FB00420D972B->0a7e6056-64a2-4302-b029-255d48a66d7f: receive RaftClientReply:client-FB00420D972B->0a7e6056-64a2-4302-b029-255d48a66d7f@group-1EE0336AADCF, cid=3609, SUCCESS, logIndex=5466, commits[0a7e6056-64a2-4302-b029-255d48a66d7f:c5466, 82c1508e-6289-48e2-a567-a0e29c8b4903:c5464, f63d6ef8-0266-4bf3-bcb1-484cdaae1fbb:c5462]
2019-07-09 20:07:10,257 INFO  client.GrpcClientProtocolClient (GrpcClientProtocolClient.java:onNext(255)) - client-FB00420D972B->0a7e6056-64a2-4302-b029-255d48a66d7f: receive RaftClientReply:client-FB00420D972B->0a7e6056-64a2-4302-b029-255d48a66d7f@group-1EE0336AADCF, cid=3610, SUCCESS, logIndex=5467, commits[0a7e6056-64a2-4302-b029-255d48a66d7f:c5468, 82c1508e-6289-48e2-a567-a0e29c8b4903:c5464, f63d6ef8-0266-4bf3-bcb1-484cdaae1fbb:c5462]
2019-07-09 20:07:10,257 INFO  client.GrpcClientProtocolClient (GrpcClientProtocolClient.java:onNext(255)) - client-FB00420D972B->0a7e6056-64a2-4302-b029-255d48a66d7f: receive RaftClientReply:client-FB00420D972B->0a7e6056-64a2-4302-b029-255d48a66d7f@group-1EE0336AADCF, cid=3611, SUCCESS, logIndex=5468, commits[0a7e6056-64a2-4302-b029-255d48a66d7f:c5468, 82c1508e-6289-48e2-a567-a0e29c8b4903:c5464, f63d6ef8-0266-4bf3-bcb1-484cdaae1fbb:c5464]
2019-07-09 20:07:10,269 INFO  client.GrpcClientProtocolClient (GrpcClientProtocolClient.java:onNext(255)) - client-FB00420D972B->0a7e6056-64a2-4302-b029-255d48a66d7f: receive RaftClientReply:client-FB00420D972B->0a7e6056-64a2-4302-b029-255d48a66d7f@group-1EE0336AADCF, cid=3612, SUCCESS, logIndex=0, commits[0a7e6056-64a2-4302-b029-255d48a66d7f:c5470, 82c1508e-6289-48e2-a567-a0e29c8b4903:c5466, f63d6ef8-0266-4bf3-bcb1-484cdaae1fbb:c5468]
2019-07-09 20:07:10,301 INFO  client.GrpcClientProtocolClient (GrpcClientProtocolClient.java:onNext(255)) - client-FB00420D972B->0a7e6056-64a2-4302-b029-255d48a66d7f: receive RaftClientReply:client-FB00420D972B->0a7e6056-64a2-4302-b029-255d48a66d7f@group-1EE0336AADCF, cid=3613, SUCCESS, logIndex=5472, commits[0a7e6056-64a2-4302-b029-255d48a66d7f:c5473, 82c1508e-6289-48e2-a567-a0e29c8b4903:c5471, f63d6ef8-0266-4bf3-bcb1-484cdaae1fbb:c5471]
2019-07-09 20:07:10,301 INFO  client.GrpcClientProtocolClient (GrpcClientProtocolClient.java:onNext(255)) - client-FB00420D972B->0a7e6056-64a2-4302-b029-255d48a66d7f: receive RaftClientReply:client-FB00420D972B->0a7e6056-64a2-4302-b029-255d48a66d7f@group-1EE0336AADCF, cid=3614, SUCCESS, logIndex=5473, commits[0a7e6056-64a2-4302-b029-255d48a66d7f:c5473, 82c1508e-6289-48e2-a567-a0e29c8b4903:c5471, f63d6ef8-0266-4bf3-bcb1-484cdaae1fbb:c5471]
2019-07-09 20:07:10,328 INFO  client.GrpcClientProtocolClient (GrpcClientProtocolClient.java:onNext(255)) - client-FB00420D972B->0a7e6056-64a2-4302-b029-255d48a66d7f: receive RaftClientReply:client-FB00420D972B->0a7e6056-64a2-4302-b029-255d48a66d7f@group-1EE0336AADCF, cid=3615, SUCCESS, logIndex=5476, commits[0a7e6056-64a2-4302-b029-255d48a66d7f:c5477, 82c1508e-6289-48e2-a567-a0e29c8b4903:c5473, f63d6ef8-0266-4bf3-bcb1-484cdaae1fbb:c5473]
2019-07-09 20:07:10,328 INFO  client.GrpcClientProtocolClient (GrpcClientProtocolClient.java:onNext(255)) - client-FB00420D972B->0a7e6056-64a2-4302-b029-255d48a66d7f: receive RaftClientReply:client-FB00420D972B->0a7e6056-64a2-4302-b029-255d48a66d7f@group-1EE0336AADCF, cid=3616, SUCCESS, logIndex=5477, commits[0a7e6056-64a2-4302-b029-255d48a66d7f:c5477, 82c1508e-6289-48e2-a567-a0e29c8b4903:c5473, f63d6ef8-0266-4bf3-bcb1-484cdaae1fbb:c5473]
2019-07-09 20:07:10,349 INFO  client.GrpcClientProtocolClient (GrpcClientProtocolClient.java:onNext(255)) - client-FB00420D972B->0a7e6056-64a2-4302-b029-255d48a66d7f: receive RaftClientReply:client-FB00420D972B->0a7e6056-64a2-4302-b029-255d48a66d7f@group-1EE0336AADCF, cid=3617, SUCCESS, logIndex=0, commits[0a7e6056-64a2-4302-b029-255d48a66d7f:c5479, 82c1508e-6289-48e2-a567-a0e29c8b4903:c5477, f63d6ef8-0266-4bf3-bcb1-484cdaae1fbb:c5477]
2019-07-09 20:07:10,387 INFO  client.GrpcClientProtocolClient (GrpcClientProtocolClient.java:onNext(255)) - client-FB00420D972B->0a7e6056-64a2-4302-b029-255d48a66d7f: receive RaftClientReply:client-FB00420D972B->0a7e6056-64a2-4302-b029-255d48a66d7f@group-1EE0336AADCF, cid=3618, SUCCESS, logIndex=5480, commits[0a7e6056-64a2-4302-b029-255d48a66d7f:c5481, 82c1508e-6289-48e2-a567-a0e29c8b4903:c5479, f63d6ef8-0266-4bf3-bcb1-484cdaae1fbb:c5479]
2019-07-09 20:07:10,388 INFO  client.GrpcClientProtocolClient (GrpcClientProtocolClient.java:onNext(255)) - client-FB00420D972B->0a7e6056-64a2-4302-b029-255d48a66d7f: receive RaftClientReply:client-FB00420D972B->0a7e6056-64a2-4302-b029-255d48a66d7f@group-1EE0336AADCF, cid=3619, SUCCESS, logIndex=5481, commits[0a7e6056-64a2-4302-b029-255d48a66d7f:c5481, 82c1508e-6289-48e2-a567-a0e29c8b4903:c5479, f63d6ef8-0266-4bf3-bcb1-484cdaae1fbb:c5479]
2019-07-09 20:07:10,399 INFO  client.GrpcClientProtocolClient (GrpcClientProtocolClient.java:onNext(255)) - client-FB00420D972B->0a7e6056-64a2-4302-b029-255d48a66d7f: receive RaftClientReply:client-FB00420D972B->0a7e6056-64a2-4302-b029-255d48a66d7f@group-1EE0336AADCF, cid=3620, SUCCESS, logIndex=5482, commits[0a7e6056-64a2-4302-b029-255d48a66d7f:c5483, 82c1508e-6289-48e2-a567-a0e29c8b4903:c5479, f63d6ef8-0266-4bf3-bcb1-484cdaae1fbb:c5479]
2019-07-09 20:07:10,399 INFO  client.GrpcClientProtocolClient (GrpcClientProtocolClient.java:onNext(255)) - client-FB00420D972B->0a7e6056-64a2-4302-b029-255d48a66d7f: receive RaftClientReply:client-FB00420D972B->0a7e6056-64a2-4302-b029-255d48a66d7f@group-1EE0336AADCF, cid=3621, SUCCESS, logIndex=5483, commits[0a7e6056-64a2-4302-b029-255d48a66d7f:c5483, 82c1508e-6289-48e2-a567-a0e29c8b4903:c5479, f63d6ef8-0266-4bf3-bcb1-484cdaae1fbb:c5479]
2019-07-09 20:07:10,401 INFO  client.GrpcClientProtocolClient (GrpcClientProtocolClient.java:onNext(255)) - client-FB00420D972B->0a7e6056-64a2-4302-b029-255d48a66d7f: receive RaftClientReply:client-FB00420D972B->0a7e6056-64a2-4302-b029-255d48a66d7f@group-1EE0336AADCF, cid=3622, SUCCESS, logIndex=0, commits[0a7e6056-64a2-4302-b029-255d48a66d7f:c5485, 82c1508e-6289-48e2-a567-a0e29c8b4903:c5481, f63d6ef8-0266-4bf3-bcb1-484cdaae1fbb:c5481]
2019-07-09 20:07:10,432 INFO  client.GrpcClientProtocolClient (GrpcClientProtocolClient.java:onNext(255)) - client-FB00420D972B->0a7e6056-64a2-4302-b029-255d48a66d7f: receive RaftClientReply:client-FB00420D972B->0a7e6056-64a2-4302-b029-255d48a66d7f@group-1EE0336AADCF, cid=3623, SUCCESS, logIndex=5488, commits[0a7e6056-64a2-4302-b029-255d48a66d7f:c5489, 82c1508e-6289-48e2-a567-a0e29c8b4903:c5485, f63d6ef8-0266-4bf3-bcb1-484cdaae1fbb:c5485]
2019-07-09 20:07:10,432 INFO  client.GrpcClientProtocolClient (GrpcClientProtocolClient.java:onNext(255)) - client-FB00420D972B->0a7e6056-64a2-4302-b029-255d48a66d7f: receive RaftClientReply:client-FB00420D972B->0a7e6056-64a2-4302-b029-255d48a66d7f@group-1EE0336AADCF, cid=3624, SUCCESS, logIndex=5489, commits[0a7e6056-64a2-4302-b029-255d48a66d7f:c5489, 82c1508e-6289-48e2-a567-a0e29c8b4903:c5485, f63d6ef8-0266-4bf3-bcb1-484cdaae1fbb:c5485]
2019-07-09 20:07:10,446 INFO  client.GrpcClientProtocolClient (GrpcClientProtocolClient.java:onNext(255)) - client-FB00420D972B->0a7e6056-64a2-4302-b029-255d48a66d7f: receive RaftClientReply:client-FB00420D972B->0a7e6056-64a2-4302-b029-255d48a66d7f@group-1EE0336AADCF, cid=3625, SUCCESS, logIndex=5491, commits[0a7e6056-64a2-4302-b029-255d48a66d7f:c5492, 82c1508e-6289-48e2-a567-a0e29c8b4903:c5489, f63d6ef8-0266-4bf3-bcb1-484cdaae1fbb:c5489]
2019-07-09 20:07:10,446 INFO  client.GrpcClientProtocolClient (GrpcClientProtocolClient.java:onNext(255)) - client-FB00420D972B->0a7e6056-64a2-4302-b029-255d48a66d7f: receive RaftClientReply:client-FB00420D972B->0a7e6056-64a2-4302-b029-255d48a66d7f@group-1EE0336AADCF, cid=3626, SUCCESS, logIndex=5492, commits[0a7e6056-64a2-4302-b029-255d48a66d7f:c5492, 82c1508e-6289-48e2-a567-a0e29c8b4903:c5489, f63d6ef8-0266-4bf3-bcb1-484cdaae1fbb:c5489]
2019-07-09 20:07:10,457 INFO  client.GrpcClientProtocolClient (GrpcClientProtocolClient.java:onNext(255)) - client-FB00420D972B->0a7e6056-64a2-4302-b029-255d48a66d7f: receive RaftClientReply:client-FB00420D972B->0a7e6056-64a2-4302-b029-255d48a66d7f@group-1EE0336AADCF, cid=3627, SUCCESS, logIndex=0, commits[0a7e6056-64a2-4302-b029-255d48a66d7f:c5493, 82c1508e-6289-48e2-a567-a0e29c8b4903:c5492, f63d6ef8-0266-4bf3-bcb1-484cdaae1fbb:c5492]
2019-07-09 20:07:10,496 INFO  client.GrpcClientProtocolClient (GrpcClientProtocolClient.java:onNext(255)) - client-FB00420D972B->0a7e6056-64a2-4302-b029-255d48a66d7f: receive RaftClientReply:client-FB00420D972B->0a7e6056-64a2-4302-b029-255d48a66d7f@group-1EE0336AADCF, cid=3628, SUCCESS, logIndex=5495, commits[0a7e6056-64a2-4302-b029-255d48a66d7f:c5496, 82c1508e-6289-48e2-a567-a0e29c8b4903:c5494, f63d6ef8-0266-4bf3-bcb1-484cdaae1fbb:c5494]
2019-07-09 20:07:10,497 INFO  client.GrpcClientProtocolClient (GrpcClientProtocolClient.java:onNext(255)) - client-FB00420D972B->0a7e6056-64a2-4302-b029-255d48a66d7f: receive RaftClientReply:client-FB00420D972B->0a7e6056-64a2-4302-b029-255d48a66d7f@group-1EE0336AADCF, cid=3629, SUCCESS, logIndex=5496, commits[0a7e6056-64a2-4302-b029-255d48a66d7f:c5496, 82c1508e-6289-48e2-a567-a0e29c8b4903:c5494, f63d6ef8-0266-4bf3-bcb1-484cdaae1fbb:c5494]
2019-07-09 20:07:10,508 INFO  client.GrpcClientProtocolClient (GrpcClientProtocolClient.java:onNext(255)) - client-FB00420D972B->0a7e6056-64a2-4302-b029-255d48a66d7f: receive RaftClientReply:client-FB00420D972B->0a7e6056-64a2-4302-b029-255d48a66d7f@group-1EE0336AADCF, cid=3630, SUCCESS, logIndex=5497, commits[0a7e6056-64a2-4302-b029-255d48a66d7f:c5498, 82c1508e-6289-48e2-a567-a0e29c8b4903:c5494, f63d6ef8-0266-4bf3-bcb1-484cdaae1fbb:c5494]
2019-07-09 20:07:10,509 INFO  client.GrpcClientProtocolClient (GrpcClientProtocolClient.java:onNext(255)) - client-FB00420D972B->0a7e6056-64a2-4302-b029-255d48a66d7f: receive RaftClientReply:client-FB00420D972B->0a7e6056-64a2-4302-b029-255d48a66d7f@group-1EE0336AADCF, cid=3631, SUCCESS, logIndex=5498, commits[0a7e6056-64a2-4302-b029-255d48a66d7f:c5500, 82c1508e-6289-48e2-a567-a0e29c8b4903:c5494, f63d6ef8-0266-4bf3-bcb1-484cdaae1fbb:c5496]
2019-07-09 20:07:10,511 INFO  client.GrpcClientProtocolClient (GrpcClientProtocolClient.java:onNext(255)) - client-FB00420D972B->0a7e6056-64a2-4302-b029-255d48a66d7f: receive RaftClientReply:client-FB00420D972B->0a7e6056-64a2-4302-b029-255d48a66d7f@group-1EE0336AADCF, cid=3632, SUCCESS, logIndex=0, commits[0a7e6056-64a2-4302-b029-255d48a66d7f:c5500, 82c1508e-6289-48e2-a567-a0e29c8b4903:c5496, f63d6ef8-0266-4bf3-bcb1-484cdaae1fbb:c5498]
2019-07-09 20:07:10,546 INFO  client.GrpcClientProtocolClient (GrpcClientProtocolClient.java:onNext(255)) - client-FB00420D972B->0a7e6056-64a2-4302-b029-255d48a66d7f: receive RaftClientReply:client-FB00420D972B->0a7e6056-64a2-4302-b029-255d48a66d7f@group-1EE0336AADCF, cid=3633, SUCCESS, logIndex=5502, commits[0a7e6056-64a2-4302-b029-255d48a66d7f:c5503, 82c1508e-6289-48e2-a567-a0e29c8b4903:c5500, f63d6ef8-0266-4bf3-bcb1-484cdaae1fbb:c5500]
2019-07-09 20:07:10,546 INFO  client.GrpcClientProtocolClient (GrpcClientProtocolClient.java:onNext(255)) - client-FB00420D972B->0a7e6056-64a2-4302-b029-255d48a66d7f: receive RaftClientReply:client-FB00420D972B->0a7e6056-64a2-4302-b029-255d48a66d7f@group-1EE0336AADCF, cid=3634, SUCCESS, logIndex=5503, commits[0a7e6056-64a2-4302-b029-255d48a66d7f:c5503, 82c1508e-6289-48e2-a567-a0e29c8b4903:c5500, f63d6ef8-0266-4bf3-bcb1-484cdaae1fbb:c5500]
2019-07-09 20:07:10,581 INFO  client.GrpcClientProtocolClient (GrpcClientProtocolClient.java:onNext(255)) - client-FB00420D972B->0a7e6056-64a2-4302-b029-255d48a66d7f: receive RaftClientReply:client-FB00420D972B->0a7e6056-64a2-4302-b029-255d48a66d7f@group-1EE0336AADCF, cid=3635, SUCCESS, logIndex=5506, commits[0a7e6056-64a2-4302-b029-255d48a66d7f:c5507, 82c1508e-6289-48e2-a567-a0e29c8b4903:c5503, f63d6ef8-0266-4bf3-bcb1-484cdaae1fbb:c5503]
2019-07-09 20:07:10,581 INFO  client.GrpcClientProtocolClient (GrpcClientProtocolClient.java:onNext(255)) - client-FB00420D972B->0a7e6056-64a2-4302-b029-255d48a66d7f: receive RaftClientReply:client-FB00420D972B->0a7e6056-64a2-4302-b029-255d48a66d7f@group-1EE0336AADCF, cid=3636, SUCCESS, logIndex=5507, commits[0a7e6056-64a2-4302-b029-255d48a66d7f:c5507, 82c1508e-6289-48e2-a567-a0e29c8b4903:c5503, f63d6ef8-0266-4bf3-bcb1-484cdaae1fbb:c5503]
2019-07-09 20:07:10,595 INFO  client.GrpcClientProtocolClient (GrpcClientProtocolClient.java:onNext(255)) - client-FB00420D972B->0a7e6056-64a2-4302-b029-255d48a66d7f: receive RaftClientReply:client-FB00420D972B->0a7e6056-64a2-4302-b029-255d48a66d7f@group-1EE0336AADCF, cid=3637, SUCCESS, logIndex=0, commits[0a7e6056-64a2-4302-b029-255d48a66d7f:c5509, 82c1508e-6289-48e2-a567-a0e29c8b4903:c5507, f63d6ef8-0266-4bf3-bcb1-484cdaae1fbb:c5507]
2019-07-09 20:07:10,626 INFO  client.GrpcClientProtocolClient (GrpcClientProtocolClient.java:onNext(255)) - client-FB00420D972B->0a7e6056-64a2-4302-b029-255d48a66d7f: receive RaftClientReply:client-FB00420D972B->0a7e6056-64a2-4302-b029-255d48a66d7f@group-1EE0336AADCF, cid=3638, SUCCESS, logIndex=5510, commits[0a7e6056-64a2-4302-b029-255d48a66d7f:c5511, 82c1508e-6289-48e2-a567-a0e29c8b4903:c5509, f63d6ef8-0266-4bf3-bcb1-484cdaae1fbb:c5509]
2019-07-09 20:07:10,627 INFO  client.GrpcClientProtocolClient (GrpcClientProtocolClient.java:onNext(255)) - client-FB00420D972B->0a7e6056-64a2-4302-b029-255d48a66d7f: receive RaftClientReply:client-FB00420D972B->0a7e6056-64a2-4302-b029-255d48a66d7f@group-1EE0336AADCF, cid=3639, SUCCESS, logIndex=5511, commits[0a7e6056-64a2-4302-b029-255d48a66d7f:c5511, 82c1508e-6289-48e2-a567-a0e29c8b4903:c5509, f63d6ef8-0266-4bf3-bcb1-484cdaae1fbb:c5509]
2019-07-09 20:07:10,639 INFO  client.GrpcClientProtocolClient (GrpcClientProtocolClient.java:onNext(255)) - client-FB00420D972B->0a7e6056-64a2-4302-b029-255d48a66d7f: receive RaftClientReply:client-FB00420D972B->0a7e6056-64a2-4302-b029-255d48a66d7f@group-1EE0336AADCF, cid=3640, SUCCESS, logIndex=5512, commits[0a7e6056-64a2-4302-b029-255d48a66d7f:c5513, 82c1508e-6289-48e2-a567-a0e29c8b4903:c5509, f63d6ef8-0266-4bf3-bcb1-484cdaae1fbb:c5509]
2019-07-09 20:07:10,639 INFO  client.GrpcClientProtocolClient (GrpcClientProtocolClient.java:onNext(255)) - client-FB00420D972B->0a7e6056-64a2-4302-b029-255d48a66d7f: receive RaftClientReply:client-FB00420D972B->0a7e6056-64a2-4302-b029-255d48a66d7f@group-1EE0336AADCF, cid=3641, SUCCESS, logIndex=5513, commits[0a7e6056-64a2-4302-b029-255d48a66d7f:c5514, 82c1508e-6289-48e2-a567-a0e29c8b4903:c5511, f63d6ef8-0266-4bf3-bcb1-484cdaae1fbb:c5511]
2019-07-09 20:07:10,656 INFO  client.GrpcClientProtocolClient (GrpcClientProtocolClient.java:onNext(255)) - client-FB00420D972B->0a7e6056-64a2-4302-b029-255d48a66d7f: receive RaftClientReply:client-FB00420D972B->0a7e6056-64a2-4302-b029-255d48a66d7f@group-1EE0336AADCF, cid=3642, SUCCESS, logIndex=5518, commits[0a7e6056-64a2-4302-b029-255d48a66d7f:c5519, 82c1508e-6289-48e2-a567-a0e29c8b4903:c5517, f63d6ef8-0266-4bf3-bcb1-484cdaae1fbb:c5517]
2019-07-09 20:07:10,656 INFO  client.GrpcClientProtocolClient (GrpcClientProtocolClient.java:onNext(255)) - client-FB00420D972B->0a7e6056-64a2-4302-b029-255d48a66d7f: receive RaftClientReply:client-FB00420D972B->0a7e6056-64a2-4302-b029-255d48a66d7f@group-1EE0336AADCF, cid=3643, SUCCESS, logIndex=5519, commits[0a7e6056-64a2-4302-b029-255d48a66d7f:c5519, 82c1508e-6289-48e2-a567-a0e29c8b4903:c5517, f63d6ef8-0266-4bf3-bcb1-484cdaae1fbb:c5517]
2019-07-09 20:07:10,697 INFO  client.GrpcClientProtocolClient (GrpcClientProtocolClient.java:onNext(255)) - client-FB00420D972B->0a7e6056-64a2-4302-b029-255d48a66d7f: receive RaftClientReply:client-FB00420D972B->0a7e6056-64a2-4302-b029-255d48a66d7f@group-1EE0336AADCF, cid=3644, SUCCESS, logIndex=5522, commits[0a7e6056-64a2-4302-b029-255d48a66d7f:c5523, 82c1508e-6289-48e2-a567-a0e29c8b4903:c5519, f63d6ef8-0266-4bf3-bcb1-484cdaae1fbb:c5519]
2019-07-09 20:07:10,697 INFO  client.GrpcClientProtocolClient (GrpcClientProtocolClient.java:onNext(255)) - client-FB00420D972B->0a7e6056-64a2-4302-b029-255d48a66d7f: receive RaftClientReply:client-FB00420D972B->0a7e6056-64a2-4302-b029-255d48a66d7f@group-1EE0336AADCF, cid=3645, SUCCESS, logIndex=5523, commits[0a7e6056-64a2-4302-b029-255d48a66d7f:c5523, 82c1508e-6289-48e2-a567-a0e29c8b4903:c5519, f63d6ef8-0266-4bf3-bcb1-484cdaae1fbb:c5519]
2019-07-09 20:07:10,711 INFO  client.GrpcClientProtocolClient (GrpcClientProtocolClient.java:onNext(255)) - client-FB00420D972B->0a7e6056-64a2-4302-b029-255d48a66d7f: receive RaftClientReply:client-FB00420D972B->0a7e6056-64a2-4302-b029-255d48a66d7f@group-1EE0336AADCF, cid=3646, SUCCESS, logIndex=0, commits[0a7e6056-64a2-4302-b029-255d48a66d7f:c5525, 82c1508e-6289-48e2-a567-a0e29c8b4903:c5523, f63d6ef8-0266-4bf3-bcb1-484cdaae1fbb:c5523]
2019-07-09 20:07:10,748 INFO  client.GrpcClientProtocolClient (GrpcClientProtocolClient.java:onNext(255)) - client-FB00420D972B->0a7e6056-64a2-4302-b029-255d48a66d7f: receive RaftClientReply:client-FB00420D972B->0a7e6056-64a2-4302-b029-255d48a66d7f@group-1EE0336AADCF, cid=3647, SUCCESS, logIndex=5526, commits[0a7e6056-64a2-4302-b029-255d48a66d7f:c5527, 82c1508e-6289-48e2-a567-a0e29c8b4903:c5525, f63d6ef8-0266-4bf3-bcb1-484cdaae1fbb:c5525]
2019-07-09 20:07:10,749 INFO  client.GrpcClientProtocolClient (GrpcClientProtocolClient.java:onNext(255)) - client-FB00420D972B->0a7e6056-64a2-4302-b029-255d48a66d7f: receive RaftClientReply:client-FB00420D972B->0a7e6056-64a2-4302-b029-255d48a66d7f@group-1EE0336AADCF, cid=3648, SUCCESS, logIndex=5527, commits[0a7e6056-64a2-4302-b029-255d48a66d7f:c5527, 82c1508e-6289-48e2-a567-a0e29c8b4903:c5525, f63d6ef8-0266-4bf3-bcb1-484cdaae1fbb:c5525]
2019-07-09 20:07:10,749 INFO  client.GrpcClientProtocolClient (GrpcClientProtocolClient.java:onNext(255)) - client-FB00420D972B->0a7e6056-64a2-4302-b029-255d48a66d7f: receive RaftClientReply:client-FB00420D972B->0a7e6056-64a2-4302-b029-255d48a66d7f@group-1EE0336AADCF, cid=3649, SUCCESS, logIndex=5528, commits[0a7e6056-64a2-4302-b029-255d48a66d7f:c5529, 82c1508e-6289-48e2-a567-a0e29c8b4903:c5525, f63d6ef8-0266-4bf3-bcb1-484cdaae1fbb:c5525]
2019-07-09 20:07:10,750 INFO  client.GrpcClientProtocolClient (GrpcClientProtocolClient.java:onNext(255)) - client-FB00420D972B->0a7e6056-64a2-4302-b029-255d48a66d7f: receive RaftClientReply:client-FB00420D972B->0a7e6056-64a2-4302-b029-255d48a66d7f@group-1EE0336AADCF, cid=3650, SUCCESS, logIndex=5529, commits[0a7e6056-64a2-4302-b029-255d48a66d7f:c5529, 82c1508e-6289-48e2-a567-a0e29c8b4903:c5525, f63d6ef8-0266-4bf3-bcb1-484cdaae1fbb:c5525]
2019-07-09 20:07:10,763 INFO  client.GrpcClientProtocolClient (GrpcClientProtocolClient.java:onNext(255)) - client-FB00420D972B->0a7e6056-64a2-4302-b029-255d48a66d7f: receive RaftClientReply:client-FB00420D972B->0a7e6056-64a2-4302-b029-255d48a66d7f@group-1EE0336AADCF, cid=3651, SUCCESS, logIndex=0, commits[0a7e6056-64a2-4302-b029-255d48a66d7f:c5531, 82c1508e-6289-48e2-a567-a0e29c8b4903:c5527, f63d6ef8-0266-4bf3-bcb1-484cdaae1fbb:c5527]
 0.00% |█                                                                                                    |  0/1 Time: 0:00:422019-07-09 20:07:10,895 INFO  client.GrpcClientProtocolClient (GrpcClientProtocolClient.java:onNext(255)) - client-FB00420D972B->0a7e6056-64a2-4302-b029-255d48a66d7f: receive RaftClientReply:client-FB00420D972B->0a7e6056-64a2-4302-b029-255d48a66d7f@group-1EE0336AADCF, cid=3652, SUCCESS, logIndex=5534, commits[0a7e6056-64a2-4302-b029-255d48a66d7f:c5535, 82c1508e-6289-48e2-a567-a0e29c8b4903:c5529, f63d6ef8-0266-4bf3-bcb1-484cdaae1fbb:c5533]
2019-07-09 20:07:10,896 INFO  client.GrpcClientProtocolClient (GrpcClientProtocolClient.java:onNext(255)) - client-FB00420D972B->0a7e6056-64a2-4302-b029-255d48a66d7f: receive RaftClientReply:client-FB00420D972B->0a7e6056-64a2-4302-b029-255d48a66d7f@group-1EE0336AADCF, cid=3653, SUCCESS, logIndex=5535, commits[0a7e6056-64a2-4302-b029-255d48a66d7f:c5535, 82c1508e-6289-48e2-a567-a0e29c8b4903:c5529, f63d6ef8-0266-4bf3-bcb1-484cdaae1fbb:c5533]
2019-07-09 20:07:10,909 INFO  client.GrpcClientProtocolClient (GrpcClientProtocolClient.java:onNext(255)) - client-FB00420D972B->0a7e6056-64a2-4302-b029-255d48a66d7f: receive RaftClientReply:client-FB00420D972B->0a7e6056-64a2-4302-b029-255d48a66d7f@group-1EE0336AADCF, cid=3654, SUCCESS, logIndex=5538, commits[0a7e6056-64a2-4302-b029-255d48a66d7f:c5539, 82c1508e-6289-48e2-a567-a0e29c8b4903:c5535, f63d6ef8-0266-4bf3-bcb1-484cdaae1fbb:c5535]
2019-07-09 20:07:10,909 INFO  client.GrpcClientProtocolClient (GrpcClientProtocolClient.java:onNext(255)) - client-FB00420D972B->0a7e6056-64a2-4302-b029-255d48a66d7f: receive RaftClientReply:client-FB00420D972B->0a7e6056-64a2-4302-b029-255d48a66d7f@group-1EE0336AADCF, cid=3655, SUCCESS, logIndex=5539, commits[0a7e6056-64a2-4302-b029-255d48a66d7f:c5539, 82c1508e-6289-48e2-a567-a0e29c8b4903:c5535, f63d6ef8-0266-4bf3-bcb1-484cdaae1fbb:c5535]
2019-07-09 20:07:10,913 INFO  client.GrpcClientProtocolClient (GrpcClientProtocolClient.java:onNext(255)) - client-FB00420D972B->0a7e6056-64a2-4302-b029-255d48a66d7f: receive RaftClientReply:client-FB00420D972B->0a7e6056-64a2-4302-b029-255d48a66d7f@group-1EE0336AADCF, cid=3656, SUCCESS, logIndex=0, commits[0a7e6056-64a2-4302-b029-255d48a66d7f:c5541, 82c1508e-6289-48e2-a567-a0e29c8b4903:c5539, f63d6ef8-0266-4bf3-bcb1-484cdaae1fbb:c5539]
2019-07-09 20:07:10,940 INFO  client.GrpcClientProtocolClient (GrpcClientProtocolClient.java:onNext(255)) - client-FB00420D972B->0a7e6056-64a2-4302-b029-255d48a66d7f: receive RaftClientReply:client-FB00420D972B->0a7e6056-64a2-4302-b029-255d48a66d7f@group-1EE0336AADCF, cid=3657, SUCCESS, logIndex=5542, commits[0a7e6056-64a2-4302-b029-255d48a66d7f:c5543, 82c1508e-6289-48e2-a567-a0e29c8b4903:c5541, f63d6ef8-0266-4bf3-bcb1-484cdaae1fbb:c5541]
2019-07-09 20:07:10,940 INFO  client.GrpcClientProtocolClient (GrpcClientProtocolClient.java:onNext(255)) - client-FB00420D972B->0a7e6056-64a2-4302-b029-255d48a66d7f: receive RaftClientReply:client-FB00420D972B->0a7e6056-64a2-4302-b029-255d48a66d7f@group-1EE0336AADCF, cid=3658, SUCCESS, logIndex=5543, commits[0a7e6056-64a2-4302-b029-255d48a66d7f:c5543, 82c1508e-6289-48e2-a567-a0e29c8b4903:c5541, f63d6ef8-0266-4bf3-bcb1-484cdaae1fbb:c5541]
2019-07-09 20:07:10,942 INFO  client.GrpcClientProtocolClient (GrpcClientProtocolClient.java:onNext(255)) - client-FB00420D972B->0a7e6056-64a2-4302-b029-255d48a66d7f: receive RaftClientReply:client-FB00420D972B->0a7e6056-64a2-4302-b029-255d48a66d7f@group-1EE0336AADCF, cid=3659, SUCCESS, logIndex=5544, commits[0a7e6056-64a2-4302-b029-255d48a66d7f:c5544, 82c1508e-6289-48e2-a567-a0e29c8b4903:c5541, f63d6ef8-0266-4bf3-bcb1-484cdaae1fbb:c5541]
2019-07-09 20:07:10,943 INFO  client.GrpcClientProtocolClient (GrpcClientProtocolClient.java:onNext(255)) - client-FB00420D972B->0a7e6056-64a2-4302-b029-255d48a66d7f: receive RaftClientReply:client-FB00420D972B->0a7e6056-64a2-4302-b029-255d48a66d7f@group-1EE0336AADCF, cid=3660, SUCCESS, logIndex=5545, commits[0a7e6056-64a2-4302-b029-255d48a66d7f:c5547, 82c1508e-6289-48e2-a567-a0e29c8b4903:c5543, f63d6ef8-0266-4bf3-bcb1-484cdaae1fbb:c5543]
2019-07-09 20:07:10,957 INFO  client.GrpcClientProtocolClient (GrpcClientProtocolClient.java:onNext(255)) - client-FB00420D972B->0a7e6056-64a2-4302-b029-255d48a66d7f: receive RaftClientReply:client-FB00420D972B->0a7e6056-64a2-4302-b029-255d48a66d7f@group-1EE0336AADCF, cid=3661, SUCCESS, logIndex=5550, commits[0a7e6056-64a2-4302-b029-255d48a66d7f:c5551, 82c1508e-6289-48e2-a567-a0e29c8b4903:c5549, f63d6ef8-0266-4bf3-bcb1-484cdaae1fbb:c5545]
2019-07-09 20:07:10,958 INFO  client.GrpcClientProtocolClient (GrpcClientProtocolClient.java:onNext(255)) - client-FB00420D972B->0a7e6056-64a2-4302-b029-255d48a66d7f: receive RaftClientReply:client-FB00420D972B->0a7e6056-64a2-4302-b029-255d48a66d7f@group-1EE0336AADCF, cid=3662, SUCCESS, logIndex=5551, commits[0a7e6056-64a2-4302-b029-255d48a66d7f:c5551, 82c1508e-6289-48e2-a567-a0e29c8b4903:c5549, f63d6ef8-0266-4bf3-bcb1-484cdaae1fbb:c5549]
2019-07-09 20:07:10,973 INFO  client.GrpcClientProtocolClient (GrpcClientProtocolClient.java:onNext(255)) - client-FB00420D972B->0a7e6056-64a2-4302-b029-255d48a66d7f: receive RaftClientReply:client-FB00420D972B->0a7e6056-64a2-4302-b029-255d48a66d7f@group-1EE0336AADCF, cid=3663, SUCCESS, logIndex=5554, commits[0a7e6056-64a2-4302-b029-255d48a66d7f:c5555, 82c1508e-6289-48e2-a567-a0e29c8b4903:c5551, f63d6ef8-0266-4bf3-bcb1-484cdaae1fbb:c5552]
2019-07-09 20:07:10,973 INFO  client.GrpcClientProtocolClient (GrpcClientProtocolClient.java:onNext(255)) - client-FB00420D972B->0a7e6056-64a2-4302-b029-255d48a66d7f: receive RaftClientReply:client-FB00420D972B->0a7e6056-64a2-4302-b029-255d48a66d7f@group-1EE0336AADCF, cid=3664, SUCCESS, logIndex=5555, commits[0a7e6056-64a2-4302-b029-255d48a66d7f:c5555, 82c1508e-6289-48e2-a567-a0e29c8b4903:c5551, f63d6ef8-0266-4bf3-bcb1-484cdaae1fbb:c5552]
2019-07-09 20:07:10,986 INFO  client.GrpcClientProtocolClient (GrpcClientProtocolClient.java:onNext(255)) - client-FB00420D972B->0a7e6056-64a2-4302-b029-255d48a66d7f: receive RaftClientReply:client-FB00420D972B->0a7e6056-64a2-4302-b029-255d48a66d7f@group-1EE0336AADCF, cid=3665, SUCCESS, logIndex=0, commits[0a7e6056-64a2-4302-b029-255d48a66d7f:c5556, 82c1508e-6289-48e2-a567-a0e29c8b4903:c5555, f63d6ef8-0266-4bf3-bcb1-484cdaae1fbb:c5555]
2019-07-09 20:07:11,025 INFO  client.GrpcClientProtocolClient (GrpcClientProtocolClient.java:onNext(255)) - client-FB00420D972B->0a7e6056-64a2-4302-b029-255d48a66d7f: receive RaftClientReply:client-FB00420D972B->0a7e6056-64a2-4302-b029-255d48a66d7f@group-1EE0336AADCF, cid=3666, SUCCESS, logIndex=5558, commits[0a7e6056-64a2-4302-b029-255d48a66d7f:c5559, 82c1508e-6289-48e2-a567-a0e29c8b4903:c5557, f63d6ef8-0266-4bf3-bcb1-484cdaae1fbb:c5557]
2019-07-09 20:07:11,026 INFO  client.GrpcClientProtocolClient (GrpcClientProtocolClient.java:onNext(255)) - client-FB00420D972B->0a7e6056-64a2-4302-b029-255d48a66d7f: receive RaftClientReply:client-FB00420D972B->0a7e6056-64a2-4302-b029-255d48a66d7f@group-1EE0336AADCF, cid=3667, SUCCESS, logIndex=5559, commits[0a7e6056-64a2-4302-b029-255d48a66d7f:c5560, 82c1508e-6289-48e2-a567-a0e29c8b4903:c5557, f63d6ef8-0266-4bf3-bcb1-484cdaae1fbb:c5557]
2019-07-09 20:07:11,026 INFO  client.GrpcClientProtocolClient (GrpcClientProtocolClient.java:onNext(255)) - client-FB00420D972B->0a7e6056-64a2-4302-b029-255d48a66d7f: receive RaftClientReply:client-FB00420D972B->0a7e6056-64a2-4302-b029-255d48a66d7f@group-1EE0336AADCF, cid=3668, SUCCESS, logIndex=5560, commits[0a7e6056-64a2-4302-b029-255d48a66d7f:c5561, 82c1508e-6289-48e2-a567-a0e29c8b4903:c5557, f63d6ef8-0266-4bf3-bcb1-484cdaae1fbb:c5557]
2019-07-09 20:07:11,027 INFO  client.GrpcClientProtocolClient (GrpcClientProtocolClient.java:onNext(255)) - client-FB00420D972B->0a7e6056-64a2-4302-b029-255d48a66d7f: receive RaftClientReply:client-FB00420D972B->0a7e6056-64a2-4302-b029-255d48a66d7f@group-1EE0336AADCF, cid=3669, SUCCESS, logIndex=5561, commits[0a7e6056-64a2-4302-b029-255d48a66d7f:c5561, 82c1508e-6289-48e2-a567-a0e29c8b4903:c5557, f63d6ef8-0266-4bf3-bcb1-484cdaae1fbb:c5557]
2019-07-09 20:07:11,040 INFO  client.GrpcClientProtocolClient (GrpcClientProtocolClient.java:onNext(255)) - client-FB00420D972B->0a7e6056-64a2-4302-b029-255d48a66d7f: receive RaftClientReply:client-FB00420D972B->0a7e6056-64a2-4302-b029-255d48a66d7f@group-1EE0336AADCF, cid=3670, SUCCESS, logIndex=0, commits[0a7e6056-64a2-4302-b029-255d48a66d7f:c5563, 82c1508e-6289-48e2-a567-a0e29c8b4903:c5559, f63d6ef8-0266-4bf3-bcb1-484cdaae1fbb:c5559]
2019-07-09 20:07:11,057 INFO  client.GrpcClientProtocolClient (GrpcClientProtocolClient.java:onNext(255)) - client-FB00420D972B->0a7e6056-64a2-4302-b029-255d48a66d7f: receive RaftClientReply:client-FB00420D972B->0a7e6056-64a2-4302-b029-255d48a66d7f@group-1EE0336AADCF, cid=3671, SUCCESS, logIndex=5566, commits[0a7e6056-64a2-4302-b029-255d48a66d7f:c5567, 82c1508e-6289-48e2-a567-a0e29c8b4903:c5565, f63d6ef8-0266-4bf3-bcb1-484cdaae1fbb:c5565]
2019-07-09 20:07:11,058 INFO  client.GrpcClientProtocolClient (GrpcClientProtocolClient.java:onNext(255)) - client-FB00420D972B->0a7e6056-64a2-4302-b029-255d48a66d7f: receive RaftClientReply:client-FB00420D972B->0a7e6056-64a2-4302-b029-255d48a66d7f@group-1EE0336AADCF, cid=3672, SUCCESS, logIndex=5567, commits[0a7e6056-64a2-4302-b029-255d48a66d7f:c5567, 82c1508e-6289-48e2-a567-a0e29c8b4903:c5565, f63d6ef8-0266-4bf3-bcb1-484cdaae1fbb:c5565]
2019-07-09 20:07:11,071 INFO  client.GrpcClientProtocolClient (GrpcClientProtocolClient.java:onNext(255)) - client-FB00420D972B->0a7e6056-64a2-4302-b029-255d48a66d7f: receive RaftClientReply:client-FB00420D972B->0a7e6056-64a2-4302-b029-255d48a66d7f@group-1EE0336AADCF, cid=3673, SUCCESS, logIndex=5570, commits[0a7e6056-64a2-4302-b029-255d48a66d7f:c5571, 82c1508e-6289-48e2-a567-a0e29c8b4903:c5567, f63d6ef8-0266-4bf3-bcb1-484cdaae1fbb:c5566]
2019-07-09 20:07:11,071 INFO  client.GrpcClientProtocolClient (GrpcClientProtocolClient.java:onNext(255)) - client-FB00420D972B->0a7e6056-64a2-4302-b029-255d48a66d7f: receive RaftClientReply:client-FB00420D972B->0a7e6056-64a2-4302-b029-255d48a66d7f@group-1EE0336AADCF, cid=3674, SUCCESS, logIndex=5571, commits[0a7e6056-64a2-4302-b029-255d48a66d7f:c5571, 82c1508e-6289-48e2-a567-a0e29c8b4903:c5567, f63d6ef8-0266-4bf3-bcb1-484cdaae1fbb:c5567]
2019-07-09 20:07:11,084 INFO  client.GrpcClientProtocolClient (GrpcClientProtocolClient.java:onNext(255)) - client-FB00420D972B->0a7e6056-64a2-4302-b029-255d48a66d7f: receive RaftClientReply:client-FB00420D972B->0a7e6056-64a2-4302-b029-255d48a66d7f@group-1EE0336AADCF, cid=3675, SUCCESS, logIndex=0, commits[0a7e6056-64a2-4302-b029-255d48a66d7f:c5573, 82c1508e-6289-48e2-a567-a0e29c8b4903:c5571, f63d6ef8-0266-4bf3-bcb1-484cdaae1fbb:c5571]
2019-07-09 20:07:11,122 INFO  client.GrpcClientProtocolClient (GrpcClientProtocolClient.java:onNext(255)) - client-FB00420D972B->0a7e6056-64a2-4302-b029-255d48a66d7f: receive RaftClientReply:client-FB00420D972B->0a7e6056-64a2-4302-b029-255d48a66d7f@group-1EE0336AADCF, cid=3676, SUCCESS, logIndex=5574, commits[0a7e6056-64a2-4302-b029-255d48a66d7f:c5575, 82c1508e-6289-48e2-a567-a0e29c8b4903:c5573, f63d6ef8-0266-4bf3-bcb1-484cdaae1fbb:c5573]
2019-07-09 20:07:11,123 INFO  client.GrpcClientProtocolClient (GrpcClientProtocolClient.java:onNext(255)) - client-FB00420D972B->0a7e6056-64a2-4302-b029-255d48a66d7f: receive RaftClientReply:client-FB00420D972B->0a7e6056-64a2-4302-b029-255d48a66d7f@group-1EE0336AADCF, cid=3677, SUCCESS, logIndex=5575, commits[0a7e6056-64a2-4302-b029-255d48a66d7f:c5575, 82c1508e-6289-48e2-a567-a0e29c8b4903:c5573, f63d6ef8-0266-4bf3-bcb1-484cdaae1fbb:c5573]
2019-07-09 20:07:11,124 INFO  client.GrpcClientProtocolClient (GrpcClientProtocolClient.java:onNext(255)) - client-FB00420D972B->0a7e6056-64a2-4302-b029-255d48a66d7f: receive RaftClientReply:client-FB00420D972B->0a7e6056-64a2-4302-b029-255d48a66d7f@group-1EE0336AADCF, cid=3678, SUCCESS, logIndex=5576, commits[0a7e6056-64a2-4302-b029-255d48a66d7f:c5577, 82c1508e-6289-48e2-a567-a0e29c8b4903:c5573, f63d6ef8-0266-4bf3-bcb1-484cdaae1fbb:c5573]
2019-07-09 20:07:11,124 INFO  client.GrpcClientProtocolClient (GrpcClientProtocolClient.java:onNext(255)) - client-FB00420D972B->0a7e6056-64a2-4302-b029-255d48a66d7f: receive RaftClientReply:client-FB00420D972B->0a7e6056-64a2-4302-b029-255d48a66d7f@group-1EE0336AADCF, cid=3679, SUCCESS, logIndex=5577, commits[0a7e6056-64a2-4302-b029-255d48a66d7f:c5577, 82c1508e-6289-48e2-a567-a0e29c8b4903:c5573, f63d6ef8-0266-4bf3-bcb1-484cdaae1fbb:c5573]
2019-07-09 20:07:11,125 INFO  client.GrpcClientProtocolClient (GrpcClientProtocolClient.java:onNext(255)) - client-FB00420D972B->0a7e6056-64a2-4302-b029-255d48a66d7f: receive RaftClientReply:client-FB00420D972B->0a7e6056-64a2-4302-b029-255d48a66d7f@group-1EE0336AADCF, cid=3680, SUCCESS, logIndex=0, commits[0a7e6056-64a2-4302-b029-255d48a66d7f:c5579, 82c1508e-6289-48e2-a567-a0e29c8b4903:c5575, f63d6ef8-0266-4bf3-bcb1-484cdaae1fbb:c5575]
2019-07-09 20:07:11,138 INFO  client.GrpcClientProtocolClient (GrpcClientProtocolClient.java:onNext(255)) - client-FB00420D972B->0a7e6056-64a2-4302-b029-255d48a66d7f: receive RaftClientReply:client-FB00420D972B->0a7e6056-64a2-4302-b029-255d48a66d7f@group-1EE0336AADCF, cid=3681, SUCCESS, logIndex=5582, commits[0a7e6056-64a2-4302-b029-255d48a66d7f:c5583, 82c1508e-6289-48e2-a567-a0e29c8b4903:c5579, f63d6ef8-0266-4bf3-bcb1-484cdaae1fbb:c5577]
2019-07-09 20:07:11,138 INFO  client.GrpcClientProtocolClient (GrpcClientProtocolClient.java:onNext(255)) - client-FB00420D972B->0a7e6056-64a2-4302-b029-255d48a66d7f: receive RaftClientReply:client-FB00420D972B->0a7e6056-64a2-4302-b029-255d48a66d7f@group-1EE0336AADCF, cid=3682, SUCCESS, logIndex=5583, commits[0a7e6056-64a2-4302-b029-255d48a66d7f:c5583, 82c1508e-6289-48e2-a567-a0e29c8b4903:c5579, f63d6ef8-0266-4bf3-bcb1-484cdaae1fbb:c5579]
2019-07-09 20:07:11,153 INFO  client.GrpcClientProtocolClient (GrpcClientProtocolClient.java:onNext(255)) - client-FB00420D972B->0a7e6056-64a2-4302-b029-255d48a66d7f: receive RaftClientReply:client-FB00420D972B->0a7e6056-64a2-4302-b029-255d48a66d7f@group-1EE0336AADCF, cid=3683, SUCCESS, logIndex=5586, commits[0a7e6056-64a2-4302-b029-255d48a66d7f:c5587, 82c1508e-6289-48e2-a567-a0e29c8b4903:c5583, f63d6ef8-0266-4bf3-bcb1-484cdaae1fbb:c5583]
2019-07-09 20:07:11,154 INFO  client.GrpcClientProtocolClient (GrpcClientProtocolClient.java:onNext(255)) - client-FB00420D972B->0a7e6056-64a2-4302-b029-255d48a66d7f: receive RaftClientReply:client-FB00420D972B->0a7e6056-64a2-4302-b029-255d48a66d7f@group-1EE0336AADCF, cid=3684, SUCCESS, logIndex=5587, commits[0a7e6056-64a2-4302-b029-255d48a66d7f:c5587, 82c1508e-6289-48e2-a567-a0e29c8b4903:c5583, f63d6ef8-0266-4bf3-bcb1-484cdaae1fbb:c5583]
2019-07-09 20:07:11,176 INFO  client.GrpcClientProtocolClient (GrpcClientProtocolClient.java:onNext(255)) - client-FB00420D972B->0a7e6056-64a2-4302-b029-255d48a66d7f: receive RaftClientReply:client-FB00420D972B->0a7e6056-64a2-4302-b029-255d48a66d7f@group-1EE0336AADCF, cid=3685, SUCCESS, logIndex=0, commits[0a7e6056-64a2-4302-b029-255d48a66d7f:c5589, 82c1508e-6289-48e2-a567-a0e29c8b4903:c5587, f63d6ef8-0266-4bf3-bcb1-484cdaae1fbb:c5587]
2019-07-09 20:07:11,208 INFO  client.GrpcClientProtocolClient (GrpcClientProtocolClient.java:onNext(255)) - client-FB00420D972B->0a7e6056-64a2-4302-b029-255d48a66d7f: receive RaftClientReply:client-FB00420D972B->0a7e6056-64a2-4302-b029-255d48a66d7f@group-1EE0336AADCF, cid=3686, SUCCESS, logIndex=5590, commits[0a7e6056-64a2-4302-b029-255d48a66d7f:c5591, 82c1508e-6289-48e2-a567-a0e29c8b4903:c5589, f63d6ef8-0266-4bf3-bcb1-484cdaae1fbb:c5589]
2019-07-09 20:07:11,208 INFO  client.GrpcClientProtocolClient (GrpcClientProtocolClient.java:onNext(255)) - client-FB00420D972B->0a7e6056-64a2-4302-b029-255d48a66d7f: receive RaftClientReply:client-FB00420D972B->0a7e6056-64a2-4302-b029-255d48a66d7f@group-1EE0336AADCF, cid=3687, SUCCESS, logIndex=5591, commits[0a7e6056-64a2-4302-b029-255d48a66d7f:c5591, 82c1508e-6289-48e2-a567-a0e29c8b4903:c5589, f63d6ef8-0266-4bf3-bcb1-484cdaae1fbb:c5589]
2019-07-09 20:07:11,209 INFO  client.GrpcClientProtocolClient (GrpcClientProtocolClient.java:onNext(255)) - client-FB00420D972B->0a7e6056-64a2-4302-b029-255d48a66d7f: receive RaftClientReply:client-FB00420D972B->0a7e6056-64a2-4302-b029-255d48a66d7f@group-1EE0336AADCF, cid=3688, SUCCESS, logIndex=5592, commits[0a7e6056-64a2-4302-b029-255d48a66d7f:c5593, 82c1508e-6289-48e2-a567-a0e29c8b4903:c5589, f63d6ef8-0266-4bf3-bcb1-484cdaae1fbb:c5589]
2019-07-09 20:07:11,209 INFO  client.GrpcClientProtocolClient (GrpcClientProtocolClient.java:onNext(255)) - client-FB00420D972B->0a7e6056-64a2-4302-b029-255d48a66d7f: receive RaftClientReply:client-FB00420D972B->0a7e6056-64a2-4302-b029-255d48a66d7f@group-1EE0336AADCF, cid=3689, SUCCESS, logIndex=5593, commits[0a7e6056-64a2-4302-b029-255d48a66d7f:c5593, 82c1508e-6289-48e2-a567-a0e29c8b4903:c5589, f63d6ef8-0266-4bf3-bcb1-484cdaae1fbb:c5589]
2019-07-09 20:07:11,222 INFO  client.GrpcClientProtocolClient (GrpcClientProtocolClient.java:onNext(255)) - client-FB00420D972B->0a7e6056-64a2-4302-b029-255d48a66d7f: receive RaftClientReply:client-FB00420D972B->0a7e6056-64a2-4302-b029-255d48a66d7f@group-1EE0336AADCF, cid=3690, SUCCESS, logIndex=0, commits[0a7e6056-64a2-4302-b029-255d48a66d7f:c5595, 82c1508e-6289-48e2-a567-a0e29c8b4903:c5591, f63d6ef8-0266-4bf3-bcb1-484cdaae1fbb:c5591]
2019-07-09 20:07:11,241 INFO  client.GrpcClientProtocolClient (GrpcClientProtocolClient.java:onNext(255)) - client-FB00420D972B->0a7e6056-64a2-4302-b029-255d48a66d7f: receive RaftClientReply:client-FB00420D972B->0a7e6056-64a2-4302-b029-255d48a66d7f@group-1EE0336AADCF, cid=3691, SUCCESS, logIndex=5598, commits[0a7e6056-64a2-4302-b029-255d48a66d7f:c5599, 82c1508e-6289-48e2-a567-a0e29c8b4903:c5597, f63d6ef8-0266-4bf3-bcb1-484cdaae1fbb:c5597]
2019-07-09 20:07:11,241 INFO  client.GrpcClientProtocolClient (GrpcClientProtocolClient.java:onNext(255)) - client-FB00420D972B->0a7e6056-64a2-4302-b029-255d48a66d7f: receive RaftClientReply:client-FB00420D972B->0a7e6056-64a2-4302-b029-255d48a66d7f@group-1EE0336AADCF, cid=3692, SUCCESS, logIndex=5599, commits[0a7e6056-64a2-4302-b029-255d48a66d7f:c5599, 82c1508e-6289-48e2-a567-a0e29c8b4903:c5597, f63d6ef8-0266-4bf3-bcb1-484cdaae1fbb:c5597]
2019-07-09 20:07:11,268 INFO  client.GrpcClientProtocolClient (GrpcClientProtocolClient.java:onNext(255)) - client-FB00420D972B->0a7e6056-64a2-4302-b029-255d48a66d7f: receive RaftClientReply:client-FB00420D972B->0a7e6056-64a2-4302-b029-255d48a66d7f@group-1EE0336AADCF, cid=3693, SUCCESS, logIndex=5602, commits[0a7e6056-64a2-4302-b029-255d48a66d7f:c5603, 82c1508e-6289-48e2-a567-a0e29c8b4903:c5599, f63d6ef8-0266-4bf3-bcb1-484cdaae1fbb:c5599]
2019-07-09 20:07:11,269 INFO  client.GrpcClientProtocolClient (GrpcClientProtocolClient.java:onNext(255)) - client-FB00420D972B->0a7e6056-64a2-4302-b029-255d48a66d7f: receive RaftClientReply:client-FB00420D972B->0a7e6056-64a2-4302-b029-255d48a66d7f@group-1EE0336AADCF, cid=3694, SUCCESS, logIndex=5603, commits[0a7e6056-64a2-4302-b029-255d48a66d7f:c5603, 82c1508e-6289-48e2-a567-a0e29c8b4903:c5599, f63d6ef8-0266-4bf3-bcb1-484cdaae1fbb:c5599]
2019-07-09 20:07:11,280 INFO  client.GrpcClientProtocolClient (GrpcClientProtocolClient.java:onNext(255)) - client-FB00420D972B->0a7e6056-64a2-4302-b029-255d48a66d7f: receive RaftClientReply:client-FB00420D972B->0a7e6056-64a2-4302-b029-255d48a66d7f@group-1EE0336AADCF, cid=3695, SUCCESS, logIndex=0, commits[0a7e6056-64a2-4302-b029-255d48a66d7f:c5604, 82c1508e-6289-48e2-a567-a0e29c8b4903:c5603, f63d6ef8-0266-4bf3-bcb1-484cdaae1fbb:c5603]
2019-07-09 20:07:11,313 INFO  client.GrpcClientProtocolClient (GrpcClientProtocolClient.java:onNext(255)) - client-FB00420D972B->0a7e6056-64a2-4302-b029-255d48a66d7f: receive RaftClientReply:client-FB00420D972B->0a7e6056-64a2-4302-b029-255d48a66d7f@group-1EE0336AADCF, cid=3696, SUCCESS, logIndex=5606, commits[0a7e6056-64a2-4302-b029-255d48a66d7f:c5607, 82c1508e-6289-48e2-a567-a0e29c8b4903:c5605, f63d6ef8-0266-4bf3-bcb1-484cdaae1fbb:c5605]
2019-07-09 20:07:11,314 INFO  client.GrpcClientProtocolClient (GrpcClientProtocolClient.java:onNext(255)) - client-FB00420D972B->0a7e6056-64a2-4302-b029-255d48a66d7f: receive RaftClientReply:client-FB00420D972B->0a7e6056-64a2-4302-b029-255d48a66d7f@group-1EE0336AADCF, cid=3697, SUCCESS, logIndex=5607, commits[0a7e6056-64a2-4302-b029-255d48a66d7f:c5607, 82c1508e-6289-48e2-a567-a0e29c8b4903:c5605, f63d6ef8-0266-4bf3-bcb1-484cdaae1fbb:c5605]
2019-07-09 20:07:11,314 INFO  client.GrpcClientProtocolClient (GrpcClientProtocolClient.java:onNext(255)) - client-FB00420D972B->0a7e6056-64a2-4302-b029-255d48a66d7f: receive RaftClientReply:client-FB00420D972B->0a7e6056-64a2-4302-b029-255d48a66d7f@group-1EE0336AADCF, cid=3698, SUCCESS, logIndex=5608, commits[0a7e6056-64a2-4302-b029-255d48a66d7f:c5609, 82c1508e-6289-48e2-a567-a0e29c8b4903:c5605, f63d6ef8-0266-4bf3-bcb1-484cdaae1fbb:c5605]
2019-07-09 20:07:11,314 INFO  client.GrpcClientProtocolClient (GrpcClientProtocolClient.java:onNext(255)) - client-FB00420D972B->0a7e6056-64a2-4302-b029-255d48a66d7f: receive RaftClientReply:client-FB00420D972B->0a7e6056-64a2-4302-b029-255d48a66d7f@group-1EE0336AADCF, cid=3699, SUCCESS, logIndex=5609, commits[0a7e6056-64a2-4302-b029-255d48a66d7f:c5609, 82c1508e-6289-48e2-a567-a0e29c8b4903:c5605, f63d6ef8-0266-4bf3-bcb1-484cdaae1fbb:c5605]
2019-07-09 20:07:11,328 INFO  client.GrpcClientProtocolClient (GrpcClientProtocolClient.java:onNext(255)) - client-FB00420D972B->0a7e6056-64a2-4302-b029-255d48a66d7f: receive RaftClientReply:client-FB00420D972B->0a7e6056-64a2-4302-b029-255d48a66d7f@group-1EE0336AADCF, cid=3700, SUCCESS, logIndex=0, commits[0a7e6056-64a2-4302-b029-255d48a66d7f:c5611, 82c1508e-6289-48e2-a567-a0e29c8b4903:c5607, f63d6ef8-0266-4bf3-bcb1-484cdaae1fbb:c5607]
2019-07-09 20:07:11,357 INFO  client.GrpcClientProtocolClient (GrpcClientProtocolClient.java:onNext(255)) - client-FB00420D972B->0a7e6056-64a2-4302-b029-255d48a66d7f: receive RaftClientReply:client-FB00420D972B->0a7e6056-64a2-4302-b029-255d48a66d7f@group-1EE0336AADCF, cid=3701, SUCCESS, logIndex=5614, commits[0a7e6056-64a2-4302-b029-255d48a66d7f:c5615, 82c1508e-6289-48e2-a567-a0e29c8b4903:c5613, f63d6ef8-0266-4bf3-bcb1-484cdaae1fbb:c5613]
2019-07-09 20:07:11,357 INFO  client.GrpcClientProtocolClient (GrpcClientProtocolClient.java:onNext(255)) - client-FB00420D972B->0a7e6056-64a2-4302-b029-255d48a66d7f: receive RaftClientReply:client-FB00420D972B->0a7e6056-64a2-4302-b029-255d48a66d7f@group-1EE0336AADCF, cid=3702, SUCCESS, logIndex=5615, commits[0a7e6056-64a2-4302-b029-255d48a66d7f:c5615, 82c1508e-6289-48e2-a567-a0e29c8b4903:c5613, f63d6ef8-0266-4bf3-bcb1-484cdaae1fbb:c5613]
2019-07-09 20:07:11,380 INFO  client.GrpcClientProtocolClient (GrpcClientProtocolClient.java:onNext(255)) - client-FB00420D972B->0a7e6056-64a2-4302-b029-255d48a66d7f: receive RaftClientReply:client-FB00420D972B->0a7e6056-64a2-4302-b029-255d48a66d7f@group-1EE0336AADCF, cid=3703, SUCCESS, logIndex=5618, commits[0a7e6056-64a2-4302-b029-255d48a66d7f:c5619, 82c1508e-6289-48e2-a567-a0e29c8b4903:c5615, f63d6ef8-0266-4bf3-bcb1-484cdaae1fbb:c5615]
2019-07-09 20:07:11,380 INFO  client.GrpcClientProtocolClient (GrpcClientProtocolClient.java:onNext(255)) - client-FB00420D972B->0a7e6056-64a2-4302-b029-255d48a66d7f: receive RaftClientReply:client-FB00420D972B->0a7e6056-64a2-4302-b029-255d48a66d7f@group-1EE0336AADCF, cid=3704, SUCCESS, logIndex=5619, commits[0a7e6056-64a2-4302-b029-255d48a66d7f:c5619, 82c1508e-6289-48e2-a567-a0e29c8b4903:c5615, f63d6ef8-0266-4bf3-bcb1-484cdaae1fbb:c5615]
2019-07-09 20:07:11,382 INFO  client.GrpcClientProtocolClient (GrpcClientProtocolClient.java:onNext(255)) - client-FB00420D972B->0a7e6056-64a2-4302-b029-255d48a66d7f: receive RaftClientReply:client-FB00420D972B->0a7e6056-64a2-4302-b029-255d48a66d7f@group-1EE0336AADCF, cid=3705, SUCCESS, logIndex=0, commits[0a7e6056-64a2-4302-b029-255d48a66d7f:c5620, 82c1508e-6289-48e2-a567-a0e29c8b4903:c5619, f63d6ef8-0266-4bf3-bcb1-484cdaae1fbb:c5619]
2019-07-09 20:07:11,416 INFO  client.GrpcClientProtocolClient (GrpcClientProtocolClient.java:onNext(255)) - client-FB00420D972B->0a7e6056-64a2-4302-b029-255d48a66d7f: receive RaftClientReply:client-FB00420D972B->0a7e6056-64a2-4302-b029-255d48a66d7f@group-1EE0336AADCF, cid=3706, SUCCESS, logIndex=5622, commits[0a7e6056-64a2-4302-b029-255d48a66d7f:c5623, 82c1508e-6289-48e2-a567-a0e29c8b4903:c5621, f63d6ef8-0266-4bf3-bcb1-484cdaae1fbb:c5621]
2019-07-09 20:07:11,416 INFO  client.GrpcClientProtocolClient (GrpcClientProtocolClient.java:onNext(255)) - client-FB00420D972B->0a7e6056-64a2-4302-b029-255d48a66d7f: receive RaftClientReply:client-FB00420D972B->0a7e6056-64a2-4302-b029-255d48a66d7f@group-1EE0336AADCF, cid=3707, SUCCESS, logIndex=5623, commits[0a7e6056-64a2-4302-b029-255d48a66d7f:c5623, 82c1508e-6289-48e2-a567-a0e29c8b4903:c5621, f63d6ef8-0266-4bf3-bcb1-484cdaae1fbb:c5621]
2019-07-09 20:07:11,417 INFO  client.GrpcClientProtocolClient (GrpcClientProtocolClient.java:onNext(255)) - client-FB00420D972B->0a7e6056-64a2-4302-b029-255d48a66d7f: receive RaftClientReply:client-FB00420D972B->0a7e6056-64a2-4302-b029-255d48a66d7f@group-1EE0336AADCF, cid=3708, SUCCESS, logIndex=5624, commits[0a7e6056-64a2-4302-b029-255d48a66d7f:c5625, 82c1508e-6289-48e2-a567-a0e29c8b4903:c5621, f63d6ef8-0266-4bf3-bcb1-484cdaae1fbb:c5621]
2019-07-09 20:07:11,418 INFO  client.GrpcClientProtocolClient (GrpcClientProtocolClient.java:onNext(255)) - client-FB00420D972B->0a7e6056-64a2-4302-b029-255d48a66d7f: receive RaftClientReply:client-FB00420D972B->0a7e6056-64a2-4302-b029-255d48a66d7f@group-1EE0336AADCF, cid=3709, SUCCESS, logIndex=5625, commits[0a7e6056-64a2-4302-b029-255d48a66d7f:c5625, 82c1508e-6289-48e2-a567-a0e29c8b4903:c5621, f63d6ef8-0266-4bf3-bcb1-484cdaae1fbb:c5621]
2019-07-09 20:07:11,419 INFO  client.GrpcClientProtocolClient (GrpcClientProtocolClient.java:onNext(255)) - client-FB00420D972B->0a7e6056-64a2-4302-b029-255d48a66d7f: receive RaftClientReply:client-FB00420D972B->0a7e6056-64a2-4302-b029-255d48a66d7f@group-1EE0336AADCF, cid=3710, SUCCESS, logIndex=0, commits[0a7e6056-64a2-4302-b029-255d48a66d7f:c5627, 82c1508e-6289-48e2-a567-a0e29c8b4903:c5623, f63d6ef8-0266-4bf3-bcb1-484cdaae1fbb:c5623]
2019-07-09 20:07:11,432 INFO  client.GrpcClientProtocolClient (GrpcClientProtocolClient.java:onNext(255)) - client-FB00420D972B->0a7e6056-64a2-4302-b029-255d48a66d7f: receive RaftClientReply:client-FB00420D972B->0a7e6056-64a2-4302-b029-255d48a66d7f@group-1EE0336AADCF, cid=3711, SUCCESS, logIndex=5630, commits[0a7e6056-64a2-4302-b029-255d48a66d7f:c5631, 82c1508e-6289-48e2-a567-a0e29c8b4903:c5625, f63d6ef8-0266-4bf3-bcb1-484cdaae1fbb:c5627]
2019-07-09 20:07:11,432 INFO  client.GrpcClientProtocolClient (GrpcClientProtocolClient.java:onNext(255)) - client-FB00420D972B->0a7e6056-64a2-4302-b029-255d48a66d7f: receive RaftClientReply:client-FB00420D972B->0a7e6056-64a2-4302-b029-255d48a66d7f@group-1EE0336AADCF, cid=3712, SUCCESS, logIndex=5631, commits[0a7e6056-64a2-4302-b029-255d48a66d7f:c5631, 82c1508e-6289-48e2-a567-a0e29c8b4903:c5627, f63d6ef8-0266-4bf3-bcb1-484cdaae1fbb:c5627]
2019-07-09 20:07:11,460 INFO  client.GrpcClientProtocolClient (GrpcClientProtocolClient.java:onNext(255)) - client-FB00420D972B->0a7e6056-64a2-4302-b029-255d48a66d7f: receive RaftClientReply:client-FB00420D972B->0a7e6056-64a2-4302-b029-255d48a66d7f@group-1EE0336AADCF, cid=3713, SUCCESS, logIndex=5634, commits[0a7e6056-64a2-4302-b029-255d48a66d7f:c5635, 82c1508e-6289-48e2-a567-a0e29c8b4903:c5632, f63d6ef8-0266-4bf3-bcb1-484cdaae1fbb:c5632]
2019-07-09 20:07:11,460 INFO  client.GrpcClientProtocolClient (GrpcClientProtocolClient.java:onNext(255)) - client-FB00420D972B->0a7e6056-64a2-4302-b029-255d48a66d7f: receive RaftClientReply:client-FB00420D972B->0a7e6056-64a2-4302-b029-255d48a66d7f@group-1EE0336AADCF, cid=3714, SUCCESS, logIndex=5635, commits[0a7e6056-64a2-4302-b029-255d48a66d7f:c5635, 82c1508e-6289-48e2-a567-a0e29c8b4903:c5632, f63d6ef8-0266-4bf3-bcb1-484cdaae1fbb:c5632]
2019-07-09 20:07:11,462 INFO  client.GrpcClientProtocolClient (GrpcClientProtocolClient.java:onNext(255)) - client-FB00420D972B->0a7e6056-64a2-4302-b029-255d48a66d7f: receive RaftClientReply:client-FB00420D972B->0a7e6056-64a2-4302-b029-255d48a66d7f@group-1EE0336AADCF, cid=3715, SUCCESS, logIndex=0, commits[0a7e6056-64a2-4302-b029-255d48a66d7f:c5636, 82c1508e-6289-48e2-a567-a0e29c8b4903:c5635, f63d6ef8-0266-4bf3-bcb1-484cdaae1fbb:c5635]
2019-07-09 20:07:11,494 INFO  client.GrpcClientProtocolClient (GrpcClientProtocolClient.java:onNext(255)) - client-FB00420D972B->0a7e6056-64a2-4302-b029-255d48a66d7f: receive RaftClientReply:client-FB00420D972B->0a7e6056-64a2-4302-b029-255d48a66d7f@group-1EE0336AADCF, cid=3716, SUCCESS, logIndex=5638, commits[0a7e6056-64a2-4302-b029-255d48a66d7f:c5639, 82c1508e-6289-48e2-a567-a0e29c8b4903:c5635, f63d6ef8-0266-4bf3-bcb1-484cdaae1fbb:c5637]
2019-07-09 20:07:11,495 INFO  client.GrpcClientProtocolClient (GrpcClientProtocolClient.java:onNext(255)) - client-FB00420D972B->0a7e6056-64a2-4302-b029-255d48a66d7f: receive RaftClientReply:client-FB00420D972B->0a7e6056-64a2-4302-b029-255d48a66d7f@group-1EE0336AADCF, cid=3717, SUCCESS, logIndex=5639, commits[0a7e6056-64a2-4302-b029-255d48a66d7f:c5639, 82c1508e-6289-48e2-a567-a0e29c8b4903:c5635, f63d6ef8-0266-4bf3-bcb1-484cdaae1fbb:c5637]
2019-07-09 20:07:11,507 INFO  client.GrpcClientProtocolClient (GrpcClientProtocolClient.java:onNext(255)) - client-FB00420D972B->0a7e6056-64a2-4302-b029-255d48a66d7f: receive RaftClientReply:client-FB00420D972B->0a7e6056-64a2-4302-b029-255d48a66d7f@group-1EE0336AADCF, cid=3718, SUCCESS, logIndex=5640, commits[0a7e6056-64a2-4302-b029-255d48a66d7f:c5640, 82c1508e-6289-48e2-a567-a0e29c8b4903:c5637, f63d6ef8-0266-4bf3-bcb1-484cdaae1fbb:c5637]
2019-07-09 20:07:11,508 INFO  client.GrpcClientProtocolClient (GrpcClientProtocolClient.java:onNext(255)) - client-FB00420D972B->0a7e6056-64a2-4302-b029-255d48a66d7f: receive RaftClientReply:client-FB00420D972B->0a7e6056-64a2-4302-b029-255d48a66d7f@group-1EE0336AADCF, cid=3719, SUCCESS, logIndex=5641, commits[0a7e6056-64a2-4302-b029-255d48a66d7f:c5641, 82c1508e-6289-48e2-a567-a0e29c8b4903:c5639, f63d6ef8-0266-4bf3-bcb1-484cdaae1fbb:c5639]
2019-07-09 20:07:11,531 INFO  client.GrpcClientProtocolClient (GrpcClientProtocolClient.java:onNext(255)) - client-FB00420D972B->0a7e6056-64a2-4302-b029-255d48a66d7f: receive RaftClientReply:client-FB00420D972B->0a7e6056-64a2-4302-b029-255d48a66d7f@group-1EE0336AADCF, cid=3720, SUCCESS, logIndex=5646, commits[0a7e6056-64a2-4302-b029-255d48a66d7f:c5647, 82c1508e-6289-48e2-a567-a0e29c8b4903:c5641, f63d6ef8-0266-4bf3-bcb1-484cdaae1fbb:c5641]
2019-07-09 20:07:11,532 INFO  client.GrpcClientProtocolClient (GrpcClientProtocolClient.java:onNext(255)) - client-FB00420D972B->0a7e6056-64a2-4302-b029-255d48a66d7f: receive RaftClientReply:client-FB00420D972B->0a7e6056-64a2-4302-b029-255d48a66d7f@group-1EE0336AADCF, cid=3721, SUCCESS, logIndex=5647, commits[0a7e6056-64a2-4302-b029-255d48a66d7f:c5647, 82c1508e-6289-48e2-a567-a0e29c8b4903:c5641, f63d6ef8-0266-4bf3-bcb1-484cdaae1fbb:c5641]
2019-07-09 20:07:11,559 INFO  client.GrpcClientProtocolClient (GrpcClientProtocolClient.java:onNext(255)) - client-FB00420D972B->0a7e6056-64a2-4302-b029-255d48a66d7f: receive RaftClientReply:client-FB00420D972B->0a7e6056-64a2-4302-b029-255d48a66d7f@group-1EE0336AADCF, cid=3722, SUCCESS, logIndex=5650, commits[0a7e6056-64a2-4302-b029-255d48a66d7f:c5651, 82c1508e-6289-48e2-a567-a0e29c8b4903:c5647, f63d6ef8-0266-4bf3-bcb1-484cdaae1fbb:c5647]
2019-07-09 20:07:11,559 INFO  client.GrpcClientProtocolClient (GrpcClientProtocolClient.java:onNext(255)) - client-FB00420D972B->0a7e6056-64a2-4302-b029-255d48a66d7f: receive RaftClientReply:client-FB00420D972B->0a7e6056-64a2-4302-b029-255d48a66d7f@group-1EE0336AADCF, cid=3723, SUCCESS, logIndex=5651, commits[0a7e6056-64a2-4302-b029-255d48a66d7f:c5651, 82c1508e-6289-48e2-a567-a0e29c8b4903:c5647, f63d6ef8-0266-4bf3-bcb1-484cdaae1fbb:c5647]
2019-07-09 20:07:11,571 INFO  client.GrpcClientProtocolClient (GrpcClientProtocolClient.java:onNext(255)) - client-FB00420D972B->0a7e6056-64a2-4302-b029-255d48a66d7f: receive RaftClientReply:client-FB00420D972B->0a7e6056-64a2-4302-b029-255d48a66d7f@group-1EE0336AADCF, cid=3724, SUCCESS, logIndex=0, commits[0a7e6056-64a2-4302-b029-255d48a66d7f:c5652, 82c1508e-6289-48e2-a567-a0e29c8b4903:c5651, f63d6ef8-0266-4bf3-bcb1-484cdaae1fbb:c5651]
2019-07-09 20:07:11,627 INFO  client.GrpcClientProtocolClient (GrpcClientProtocolClient.java:onNext(255)) - client-FB00420D972B->0a7e6056-64a2-4302-b029-255d48a66d7f: receive RaftClientReply:client-FB00420D972B->0a7e6056-64a2-4302-b029-255d48a66d7f@group-1EE0336AADCF, cid=3725, SUCCESS, logIndex=5654, commits[0a7e6056-64a2-4302-b029-255d48a66d7f:c5655, 82c1508e-6289-48e2-a567-a0e29c8b4903:c5653, f63d6ef8-0266-4bf3-bcb1-484cdaae1fbb:c5653]
2019-07-09 20:07:11,628 INFO  client.GrpcClientProtocolClient (GrpcClientProtocolClient.java:onNext(255)) - client-FB00420D972B->0a7e6056-64a2-4302-b029-255d48a66d7f: receive RaftClientReply:client-FB00420D972B->0a7e6056-64a2-4302-b029-255d48a66d7f@group-1EE0336AADCF, cid=3726, SUCCESS, logIndex=5655, commits[0a7e6056-64a2-4302-b029-255d48a66d7f:c5655, 82c1508e-6289-48e2-a567-a0e29c8b4903:c5653, f63d6ef8-0266-4bf3-bcb1-484cdaae1fbb:c5653]
2019-07-09 20:07:11,639 INFO  client.GrpcClientProtocolClient (GrpcClientProtocolClient.java:onNext(255)) - client-FB00420D972B->0a7e6056-64a2-4302-b029-255d48a66d7f: receive RaftClientReply:client-FB00420D972B->0a7e6056-64a2-4302-b029-255d48a66d7f@group-1EE0336AADCF, cid=3727, SUCCESS, logIndex=5656, commits[0a7e6056-64a2-4302-b029-255d48a66d7f:c5657, 82c1508e-6289-48e2-a567-a0e29c8b4903:c5653, f63d6ef8-0266-4bf3-bcb1-484cdaae1fbb:c5653]
2019-07-09 20:07:11,639 INFO  client.GrpcClientProtocolClient (GrpcClientProtocolClient.java:onNext(255)) - client-FB00420D972B->0a7e6056-64a2-4302-b029-255d48a66d7f: receive RaftClientReply:client-FB00420D972B->0a7e6056-64a2-4302-b029-255d48a66d7f@group-1EE0336AADCF, cid=3728, SUCCESS, logIndex=5657, commits[0a7e6056-64a2-4302-b029-255d48a66d7f:c5657, 82c1508e-6289-48e2-a567-a0e29c8b4903:c5653, f63d6ef8-0266-4bf3-bcb1-484cdaae1fbb:c5653]
2019-07-09 20:07:11,652 INFO  client.GrpcClientProtocolClient (GrpcClientProtocolClient.java:onNext(255)) - client-FB00420D972B->0a7e6056-64a2-4302-b029-255d48a66d7f: receive RaftClientReply:client-FB00420D972B->0a7e6056-64a2-4302-b029-255d48a66d7f@group-1EE0336AADCF, cid=3729, SUCCESS, logIndex=0, commits[0a7e6056-64a2-4302-b029-255d48a66d7f:c5659, 82c1508e-6289-48e2-a567-a0e29c8b4903:c5655, f63d6ef8-0266-4bf3-bcb1-484cdaae1fbb:c5655]
2019-07-09 20:07:11,666 INFO  client.GrpcClientProtocolClient (GrpcClientProtocolClient.java:onNext(255)) - client-FB00420D972B->0a7e6056-64a2-4302-b029-255d48a66d7f: receive RaftClientReply:client-FB00420D972B->0a7e6056-64a2-4302-b029-255d48a66d7f@group-1EE0336AADCF, cid=3730, SUCCESS, logIndex=5661, commits[0a7e6056-64a2-4302-b029-255d48a66d7f:c5662, 82c1508e-6289-48e2-a567-a0e29c8b4903:c5659, f63d6ef8-0266-4bf3-bcb1-484cdaae1fbb:c5659]
2019-07-09 20:07:11,667 INFO  client.GrpcClientProtocolClient (GrpcClientProtocolClient.java:onNext(255)) - client-FB00420D972B->0a7e6056-64a2-4302-b029-255d48a66d7f: receive RaftClientReply:client-FB00420D972B->0a7e6056-64a2-4302-b029-255d48a66d7f@group-1EE0336AADCF, cid=3731, SUCCESS, logIndex=5662, commits[0a7e6056-64a2-4302-b029-255d48a66d7f:c5662, 82c1508e-6289-48e2-a567-a0e29c8b4903:c5659, f63d6ef8-0266-4bf3-bcb1-484cdaae1fbb:c5659]
2019-07-09 20:07:11,705 INFO  client.GrpcClientProtocolClient (GrpcClientProtocolClient.java:onNext(255)) - client-FB00420D972B->0a7e6056-64a2-4302-b029-255d48a66d7f: receive RaftClientReply:client-FB00420D972B->0a7e6056-64a2-4302-b029-255d48a66d7f@group-1EE0336AADCF, cid=3732, SUCCESS, logIndex=5665, commits[0a7e6056-64a2-4302-b029-255d48a66d7f:c5666, 82c1508e-6289-48e2-a567-a0e29c8b4903:c5662, f63d6ef8-0266-4bf3-bcb1-484cdaae1fbb:c5662]
2019-07-09 20:07:11,706 INFO  client.GrpcClientProtocolClient (GrpcClientProtocolClient.java:onNext(255)) - client-FB00420D972B->0a7e6056-64a2-4302-b029-255d48a66d7f: receive RaftClientReply:client-FB00420D972B->0a7e6056-64a2-4302-b029-255d48a66d7f@group-1EE0336AADCF, cid=3733, SUCCESS, logIndex=5666, commits[0a7e6056-64a2-4302-b029-255d48a66d7f:c5666, 82c1508e-6289-48e2-a567-a0e29c8b4903:c5662, f63d6ef8-0266-4bf3-bcb1-484cdaae1fbb:c5662]
2019-07-09 20:07:11,719 INFO  client.GrpcClientProtocolClient (GrpcClientProtocolClient.java:onNext(255)) - client-FB00420D972B->0a7e6056-64a2-4302-b029-255d48a66d7f: receive RaftClientReply:client-FB00420D972B->0a7e6056-64a2-4302-b029-255d48a66d7f@group-1EE0336AADCF, cid=3734, SUCCESS, logIndex=0, commits[0a7e6056-64a2-4302-b029-255d48a66d7f:c5667, 82c1508e-6289-48e2-a567-a0e29c8b4903:c5666, f63d6ef8-0266-4bf3-bcb1-484cdaae1fbb:c5666]
2019-07-09 20:07:11,755 INFO  client.GrpcClientProtocolClient (GrpcClientProtocolClient.java:onNext(255)) - client-FB00420D972B->0a7e6056-64a2-4302-b029-255d48a66d7f: receive RaftClientReply:client-FB00420D972B->0a7e6056-64a2-4302-b029-255d48a66d7f@group-1EE0336AADCF, cid=3735, SUCCESS, logIndex=5669, commits[0a7e6056-64a2-4302-b029-255d48a66d7f:c5670, 82c1508e-6289-48e2-a567-a0e29c8b4903:c5668, f63d6ef8-0266-4bf3-bcb1-484cdaae1fbb:c5668]
2019-07-09 20:07:11,755 INFO  client.GrpcClientProtocolClient (GrpcClientProtocolClient.java:onNext(255)) - client-FB00420D972B->0a7e6056-64a2-4302-b029-255d48a66d7f: receive RaftClientReply:client-FB00420D972B->0a7e6056-64a2-4302-b029-255d48a66d7f@group-1EE0336AADCF, cid=3736, SUCCESS, logIndex=5670, commits[0a7e6056-64a2-4302-b029-255d48a66d7f:c5670, 82c1508e-6289-48e2-a567-a0e29c8b4903:c5668, f63d6ef8-0266-4bf3-bcb1-484cdaae1fbb:c5668]
2019-07-09 20:07:11,756 INFO  client.GrpcClientProtocolClient (GrpcClientProtocolClient.java:onNext(255)) - client-FB00420D972B->0a7e6056-64a2-4302-b029-255d48a66d7f: receive RaftClientReply:client-FB00420D972B->0a7e6056-64a2-4302-b029-255d48a66d7f@group-1EE0336AADCF, cid=3737, SUCCESS, logIndex=5671, commits[0a7e6056-64a2-4302-b029-255d48a66d7f:c5672, 82c1508e-6289-48e2-a567-a0e29c8b4903:c5668, f63d6ef8-0266-4bf3-bcb1-484cdaae1fbb:c5668]
2019-07-09 20:07:11,756 INFO  client.GrpcClientProtocolClient (GrpcClientProtocolClient.java:onNext(255)) - client-FB00420D972B->0a7e6056-64a2-4302-b029-255d48a66d7f: receive RaftClientReply:client-FB00420D972B->0a7e6056-64a2-4302-b029-255d48a66d7f@group-1EE0336AADCF, cid=3738, SUCCESS, logIndex=5672, commits[0a7e6056-64a2-4302-b029-255d48a66d7f:c5672, 82c1508e-6289-48e2-a567-a0e29c8b4903:c5668, f63d6ef8-0266-4bf3-bcb1-484cdaae1fbb:c5668]
2019-07-09 20:07:11,769 INFO  client.GrpcClientProtocolClient (GrpcClientProtocolClient.java:onNext(255)) - client-FB00420D972B->0a7e6056-64a2-4302-b029-255d48a66d7f: receive RaftClientReply:client-FB00420D972B->0a7e6056-64a2-4302-b029-255d48a66d7f@group-1EE0336AADCF, cid=3739, SUCCESS, logIndex=0, commits[0a7e6056-64a2-4302-b029-255d48a66d7f:c5674, 82c1508e-6289-48e2-a567-a0e29c8b4903:c5670, f63d6ef8-0266-4bf3-bcb1-484cdaae1fbb:c5670]
 0.00% |█                                                                                                    |  0/1 Time: 0:00:432019-07-09 20:07:11,924 INFO  client.GrpcClientProtocolClient (GrpcClientProtocolClient.java:onNext(255)) - client-FB00420D972B->0a7e6056-64a2-4302-b029-255d48a66d7f: receive RaftClientReply:client-FB00420D972B->0a7e6056-64a2-4302-b029-255d48a66d7f@group-1EE0336AADCF, cid=3740, SUCCESS, logIndex=5677, commits[0a7e6056-64a2-4302-b029-255d48a66d7f:c5678, 82c1508e-6289-48e2-a567-a0e29c8b4903:c5676, f63d6ef8-0266-4bf3-bcb1-484cdaae1fbb:c5676]
2019-07-09 20:07:11,924 INFO  client.GrpcClientProtocolClient (GrpcClientProtocolClient.java:onNext(255)) - client-FB00420D972B->0a7e6056-64a2-4302-b029-255d48a66d7f: receive RaftClientReply:client-FB00420D972B->0a7e6056-64a2-4302-b029-255d48a66d7f@group-1EE0336AADCF, cid=3741, SUCCESS, logIndex=5678, commits[0a7e6056-64a2-4302-b029-255d48a66d7f:c5678, 82c1508e-6289-48e2-a567-a0e29c8b4903:c5676, f63d6ef8-0266-4bf3-bcb1-484cdaae1fbb:c5676]
2019-07-09 20:07:11,949 INFO  client.GrpcClientProtocolClient (GrpcClientProtocolClient.java:onNext(255)) - client-FB00420D972B->0a7e6056-64a2-4302-b029-255d48a66d7f: receive RaftClientReply:client-FB00420D972B->0a7e6056-64a2-4302-b029-255d48a66d7f@group-1EE0336AADCF, cid=3742, SUCCESS, logIndex=5681, commits[0a7e6056-64a2-4302-b029-255d48a66d7f:c5682, 82c1508e-6289-48e2-a567-a0e29c8b4903:c5678, f63d6ef8-0266-4bf3-bcb1-484cdaae1fbb:c5678]
2019-07-09 20:07:11,949 INFO  client.GrpcClientProtocolClient (GrpcClientProtocolClient.java:onNext(255)) - client-FB00420D972B->0a7e6056-64a2-4302-b029-255d48a66d7f: receive RaftClientReply:client-FB00420D972B->0a7e6056-64a2-4302-b029-255d48a66d7f@group-1EE0336AADCF, cid=3743, SUCCESS, logIndex=5682, commits[0a7e6056-64a2-4302-b029-255d48a66d7f:c5682, 82c1508e-6289-48e2-a567-a0e29c8b4903:c5678, f63d6ef8-0266-4bf3-bcb1-484cdaae1fbb:c5678]
2019-07-09 20:07:11,962 INFO  client.GrpcClientProtocolClient (GrpcClientProtocolClient.java:onNext(255)) - client-FB00420D972B->0a7e6056-64a2-4302-b029-255d48a66d7f: receive RaftClientReply:client-FB00420D972B->0a7e6056-64a2-4302-b029-255d48a66d7f@group-1EE0336AADCF, cid=3744, SUCCESS, logIndex=0, commits[0a7e6056-64a2-4302-b029-255d48a66d7f:c5683, 82c1508e-6289-48e2-a567-a0e29c8b4903:c5682, f63d6ef8-0266-4bf3-bcb1-484cdaae1fbb:c5682]
2019-07-09 20:07:12,011 INFO  client.GrpcClientProtocolClient (GrpcClientProtocolClient.java:onNext(255)) - client-FB00420D972B->0a7e6056-64a2-4302-b029-255d48a66d7f: receive RaftClientReply:client-FB00420D972B->0a7e6056-64a2-4302-b029-255d48a66d7f@group-1EE0336AADCF, cid=3745, SUCCESS, logIndex=5685, commits[0a7e6056-64a2-4302-b029-255d48a66d7f:c5686, 82c1508e-6289-48e2-a567-a0e29c8b4903:c5684, f63d6ef8-0266-4bf3-bcb1-484cdaae1fbb:c5684]
2019-07-09 20:07:12,012 INFO  client.GrpcClientProtocolClient (GrpcClientProtocolClient.java:onNext(255)) - client-FB00420D972B->0a7e6056-64a2-4302-b029-255d48a66d7f: receive RaftClientReply:client-FB00420D972B->0a7e6056-64a2-4302-b029-255d48a66d7f@group-1EE0336AADCF, cid=3746, SUCCESS, logIndex=5686, commits[0a7e6056-64a2-4302-b029-255d48a66d7f:c5686, 82c1508e-6289-48e2-a567-a0e29c8b4903:c5684, f63d6ef8-0266-4bf3-bcb1-484cdaae1fbb:c5684]
2019-07-09 20:07:12,024 INFO  client.GrpcClientProtocolClient (GrpcClientProtocolClient.java:onNext(255)) - client-FB00420D972B->0a7e6056-64a2-4302-b029-255d48a66d7f: receive RaftClientReply:client-FB00420D972B->0a7e6056-64a2-4302-b029-255d48a66d7f@group-1EE0336AADCF, cid=3747, SUCCESS, logIndex=5687, commits[0a7e6056-64a2-4302-b029-255d48a66d7f:c5688, 82c1508e-6289-48e2-a567-a0e29c8b4903:c5684, f63d6ef8-0266-4bf3-bcb1-484cdaae1fbb:c5684]
2019-07-09 20:07:12,024 INFO  client.GrpcClientProtocolClient (GrpcClientProtocolClient.java:onNext(255)) - client-FB00420D972B->0a7e6056-64a2-4302-b029-255d48a66d7f: receive RaftClientReply:client-FB00420D972B->0a7e6056-64a2-4302-b029-255d48a66d7f@group-1EE0336AADCF, cid=3748, SUCCESS, logIndex=5688, commits[0a7e6056-64a2-4302-b029-255d48a66d7f:c5688, 82c1508e-6289-48e2-a567-a0e29c8b4903:c5684, f63d6ef8-0266-4bf3-bcb1-484cdaae1fbb:c5684]
2019-07-09 20:07:12,038 INFO  client.GrpcClientProtocolClient (GrpcClientProtocolClient.java:onNext(255)) - client-FB00420D972B->0a7e6056-64a2-4302-b029-255d48a66d7f: receive RaftClientReply:client-FB00420D972B->0a7e6056-64a2-4302-b029-255d48a66d7f@group-1EE0336AADCF, cid=3749, SUCCESS, logIndex=0, commits[0a7e6056-64a2-4302-b029-255d48a66d7f:c5690, 82c1508e-6289-48e2-a567-a0e29c8b4903:c5686, f63d6ef8-0266-4bf3-bcb1-484cdaae1fbb:c5686]
2019-07-09 20:07:12,062 INFO  client.GrpcClientProtocolClient (GrpcClientProtocolClient.java:onNext(255)) - client-FB00420D972B->0a7e6056-64a2-4302-b029-255d48a66d7f: receive RaftClientReply:client-FB00420D972B->0a7e6056-64a2-4302-b029-255d48a66d7f@group-1EE0336AADCF, cid=3750, SUCCESS, logIndex=5693, commits[0a7e6056-64a2-4302-b029-255d48a66d7f:c5694, 82c1508e-6289-48e2-a567-a0e29c8b4903:c5692, f63d6ef8-0266-4bf3-bcb1-484cdaae1fbb:c5692]
2019-07-09 20:07:12,062 INFO  client.GrpcClientProtocolClient (GrpcClientProtocolClient.java:onNext(255)) - client-FB00420D972B->0a7e6056-64a2-4302-b029-255d48a66d7f: receive RaftClientReply:client-FB00420D972B->0a7e6056-64a2-4302-b029-255d48a66d7f@group-1EE0336AADCF, cid=3751, SUCCESS, logIndex=5694, commits[0a7e6056-64a2-4302-b029-255d48a66d7f:c5694, 82c1508e-6289-48e2-a567-a0e29c8b4903:c5692, f63d6ef8-0266-4bf3-bcb1-484cdaae1fbb:c5692]
2019-07-09 20:07:12,085 INFO  client.GrpcClientProtocolClient (GrpcClientProtocolClient.java:onNext(255)) - client-FB00420D972B->0a7e6056-64a2-4302-b029-255d48a66d7f: receive RaftClientReply:client-FB00420D972B->0a7e6056-64a2-4302-b029-255d48a66d7f@group-1EE0336AADCF, cid=3752, SUCCESS, logIndex=5697, commits[0a7e6056-64a2-4302-b029-255d48a66d7f:c5698, 82c1508e-6289-48e2-a567-a0e29c8b4903:c5696, f63d6ef8-0266-4bf3-bcb1-484cdaae1fbb:c5696]
2019-07-09 20:07:12,085 INFO  client.GrpcClientProtocolClient (GrpcClientProtocolClient.java:onNext(255)) - client-FB00420D972B->0a7e6056-64a2-4302-b029-255d48a66d7f: receive RaftClientReply:client-FB00420D972B->0a7e6056-64a2-4302-b029-255d48a66d7f@group-1EE0336AADCF, cid=3753, SUCCESS, logIndex=5698, commits[0a7e6056-64a2-4302-b029-255d48a66d7f:c5698, 82c1508e-6289-48e2-a567-a0e29c8b4903:c5696, f63d6ef8-0266-4bf3-bcb1-484cdaae1fbb:c5696]
2019-07-09 20:07:12,088 INFO  client.GrpcClientProtocolClient (GrpcClientProtocolClient.java:onNext(255)) - client-FB00420D972B->0a7e6056-64a2-4302-b029-255d48a66d7f: receive RaftClientReply:client-FB00420D972B->0a7e6056-64a2-4302-b029-255d48a66d7f@group-1EE0336AADCF, cid=3754, SUCCESS, logIndex=0, commits[0a7e6056-64a2-4302-b029-255d48a66d7f:c5699, 82c1508e-6289-48e2-a567-a0e29c8b4903:c5698, f63d6ef8-0266-4bf3-bcb1-484cdaae1fbb:c5698]
2019-07-09 20:07:12,114 INFO  client.GrpcClientProtocolClient (GrpcClientProtocolClient.java:onNext(255)) - client-FB00420D972B->0a7e6056-64a2-4302-b029-255d48a66d7f: receive RaftClientReply:client-FB00420D972B->0a7e6056-64a2-4302-b029-255d48a66d7f@group-1EE0336AADCF, cid=3755, SUCCESS, logIndex=5701, commits[0a7e6056-64a2-4302-b029-255d48a66d7f:c5702, 82c1508e-6289-48e2-a567-a0e29c8b4903:c5700, f63d6ef8-0266-4bf3-bcb1-484cdaae1fbb:c5700]
2019-07-09 20:07:12,115 INFO  client.GrpcClientProtocolClient (GrpcClientProtocolClient.java:onNext(255)) - client-FB00420D972B->0a7e6056-64a2-4302-b029-255d48a66d7f: receive RaftClientReply:client-FB00420D972B->0a7e6056-64a2-4302-b029-255d48a66d7f@group-1EE0336AADCF, cid=3756, SUCCESS, logIndex=5702, commits[0a7e6056-64a2-4302-b029-255d48a66d7f:c5702, 82c1508e-6289-48e2-a567-a0e29c8b4903:c5700, f63d6ef8-0266-4bf3-bcb1-484cdaae1fbb:c5700]
2019-07-09 20:07:12,115 INFO  client.GrpcClientProtocolClient (GrpcClientProtocolClient.java:onNext(255)) - client-FB00420D972B->0a7e6056-64a2-4302-b029-255d48a66d7f: receive RaftClientReply:client-FB00420D972B->0a7e6056-64a2-4302-b029-255d48a66d7f@group-1EE0336AADCF, cid=3757, SUCCESS, logIndex=5703, commits[0a7e6056-64a2-4302-b029-255d48a66d7f:c5704, 82c1508e-6289-48e2-a567-a0e29c8b4903:c5700, f63d6ef8-0266-4bf3-bcb1-484cdaae1fbb:c5700]
2019-07-09 20:07:12,116 INFO  client.GrpcClientProtocolClient (GrpcClientProtocolClient.java:onNext(255)) - client-FB00420D972B->0a7e6056-64a2-4302-b029-255d48a66d7f: receive RaftClientReply:client-FB00420D972B->0a7e6056-64a2-4302-b029-255d48a66d7f@group-1EE0336AADCF, cid=3758, SUCCESS, logIndex=5704, commits[0a7e6056-64a2-4302-b029-255d48a66d7f:c5704, 82c1508e-6289-48e2-a567-a0e29c8b4903:c5700, f63d6ef8-0266-4bf3-bcb1-484cdaae1fbb:c5700]
2019-07-09 20:07:12,118 INFO  client.GrpcClientProtocolClient (GrpcClientProtocolClient.java:onNext(255)) - client-FB00420D972B->0a7e6056-64a2-4302-b029-255d48a66d7f: receive RaftClientReply:client-FB00420D972B->0a7e6056-64a2-4302-b029-255d48a66d7f@group-1EE0336AADCF, cid=3759, SUCCESS, logIndex=0, commits[0a7e6056-64a2-4302-b029-255d48a66d7f:c5706, 82c1508e-6289-48e2-a567-a0e29c8b4903:c5702, f63d6ef8-0266-4bf3-bcb1-484cdaae1fbb:c5702]
2019-07-09 20:07:12,157 INFO  client.GrpcClientProtocolClient (GrpcClientProtocolClient.java:onNext(255)) - client-FB00420D972B->0a7e6056-64a2-4302-b029-255d48a66d7f: receive RaftClientReply:client-FB00420D972B->0a7e6056-64a2-4302-b029-255d48a66d7f@group-1EE0336AADCF, cid=3760, SUCCESS, logIndex=5709, commits[0a7e6056-64a2-4302-b029-255d48a66d7f:c5710, 82c1508e-6289-48e2-a567-a0e29c8b4903:c5708, f63d6ef8-0266-4bf3-bcb1-484cdaae1fbb:c5708]
2019-07-09 20:07:12,157 INFO  client.GrpcClientProtocolClient (GrpcClientProtocolClient.java:onNext(255)) - client-FB00420D972B->0a7e6056-64a2-4302-b029-255d48a66d7f: receive RaftClientReply:client-FB00420D972B->0a7e6056-64a2-4302-b029-255d48a66d7f@group-1EE0336AADCF, cid=3761, SUCCESS, logIndex=5710, commits[0a7e6056-64a2-4302-b029-255d48a66d7f:c5710, 82c1508e-6289-48e2-a567-a0e29c8b4903:c5708, f63d6ef8-0266-4bf3-bcb1-484cdaae1fbb:c5708]
2019-07-09 20:07:12,186 INFO  client.GrpcClientProtocolClient (GrpcClientProtocolClient.java:onNext(255)) - client-FB00420D972B->0a7e6056-64a2-4302-b029-255d48a66d7f: receive RaftClientReply:client-FB00420D972B->0a7e6056-64a2-4302-b029-255d48a66d7f@group-1EE0336AADCF, cid=3762, SUCCESS, logIndex=5713, commits[0a7e6056-64a2-4302-b029-255d48a66d7f:c5714, 82c1508e-6289-48e2-a567-a0e29c8b4903:c5710, f63d6ef8-0266-4bf3-bcb1-484cdaae1fbb:c5710]
2019-07-09 20:07:12,187 INFO  client.GrpcClientProtocolClient (GrpcClientProtocolClient.java:onNext(255)) - client-FB00420D972B->0a7e6056-64a2-4302-b029-255d48a66d7f: receive RaftClientReply:client-FB00420D972B->0a7e6056-64a2-4302-b029-255d48a66d7f@group-1EE0336AADCF, cid=3763, SUCCESS, logIndex=5714, commits[0a7e6056-64a2-4302-b029-255d48a66d7f:c5714, 82c1508e-6289-48e2-a567-a0e29c8b4903:c5710, f63d6ef8-0266-4bf3-bcb1-484cdaae1fbb:c5710]
2019-07-09 20:07:12,198 INFO  client.GrpcClientProtocolClient (GrpcClientProtocolClient.java:onNext(255)) - client-FB00420D972B->0a7e6056-64a2-4302-b029-255d48a66d7f: receive RaftClientReply:client-FB00420D972B->0a7e6056-64a2-4302-b029-255d48a66d7f@group-1EE0336AADCF, cid=3764, SUCCESS, logIndex=0, commits[0a7e6056-64a2-4302-b029-255d48a66d7f:c5715, 82c1508e-6289-48e2-a567-a0e29c8b4903:c5714, f63d6ef8-0266-4bf3-bcb1-484cdaae1fbb:c5714]
2019-07-09 20:07:12,235 INFO  client.GrpcClientProtocolClient (GrpcClientProtocolClient.java:onNext(255)) - client-FB00420D972B->0a7e6056-64a2-4302-b029-255d48a66d7f: receive RaftClientReply:client-FB00420D972B->0a7e6056-64a2-4302-b029-255d48a66d7f@group-1EE0336AADCF, cid=3765, SUCCESS, logIndex=5717, commits[0a7e6056-64a2-4302-b029-255d48a66d7f:c5718, 82c1508e-6289-48e2-a567-a0e29c8b4903:c5716, f63d6ef8-0266-4bf3-bcb1-484cdaae1fbb:c5716]
2019-07-09 20:07:12,235 INFO  client.GrpcClientProtocolClient (GrpcClientProtocolClient.java:onNext(255)) - client-FB00420D972B->0a7e6056-64a2-4302-b029-255d48a66d7f: receive RaftClientReply:client-FB00420D972B->0a7e6056-64a2-4302-b029-255d48a66d7f@group-1EE0336AADCF, cid=3766, SUCCESS, logIndex=5718, commits[0a7e6056-64a2-4302-b029-255d48a66d7f:c5718, 82c1508e-6289-48e2-a567-a0e29c8b4903:c5716, f63d6ef8-0266-4bf3-bcb1-484cdaae1fbb:c5716]
2019-07-09 20:07:12,236 INFO  client.GrpcClientProtocolClient (GrpcClientProtocolClient.java:onNext(255)) - client-FB00420D972B->0a7e6056-64a2-4302-b029-255d48a66d7f: receive RaftClientReply:client-FB00420D972B->0a7e6056-64a2-4302-b029-255d48a66d7f@group-1EE0336AADCF, cid=3767, SUCCESS, logIndex=5719, commits[0a7e6056-64a2-4302-b029-255d48a66d7f:c5720, 82c1508e-6289-48e2-a567-a0e29c8b4903:c5716, f63d6ef8-0266-4bf3-bcb1-484cdaae1fbb:c5716]
2019-07-09 20:07:12,236 INFO  client.GrpcClientProtocolClient (GrpcClientProtocolClient.java:onNext(255)) - client-FB00420D972B->0a7e6056-64a2-4302-b029-255d48a66d7f: receive RaftClientReply:client-FB00420D972B->0a7e6056-64a2-4302-b029-255d48a66d7f@group-1EE0336AADCF, cid=3768, SUCCESS, logIndex=5720, commits[0a7e6056-64a2-4302-b029-255d48a66d7f:c5720, 82c1508e-6289-48e2-a567-a0e29c8b4903:c5716, f63d6ef8-0266-4bf3-bcb1-484cdaae1fbb:c5716]
2019-07-09 20:07:12,251 INFO  client.GrpcClientProtocolClient (GrpcClientProtocolClient.java:onNext(255)) - client-FB00420D972B->0a7e6056-64a2-4302-b029-255d48a66d7f: receive RaftClientReply:client-FB00420D972B->0a7e6056-64a2-4302-b029-255d48a66d7f@group-1EE0336AADCF, cid=3769, SUCCESS, logIndex=0, commits[0a7e6056-64a2-4302-b029-255d48a66d7f:c5723, 82c1508e-6289-48e2-a567-a0e29c8b4903:c5720, f63d6ef8-0266-4bf3-bcb1-484cdaae1fbb:c5718]
2019-07-09 20:07:12,276 INFO  client.GrpcClientProtocolClient (GrpcClientProtocolClient.java:onNext(255)) - client-FB00420D972B->0a7e6056-64a2-4302-b029-255d48a66d7f: receive RaftClientReply:client-FB00420D972B->0a7e6056-64a2-4302-b029-255d48a66d7f@group-1EE0336AADCF, cid=3770, SUCCESS, logIndex=5725, commits[0a7e6056-64a2-4302-b029-255d48a66d7f:c5726, 82c1508e-6289-48e2-a567-a0e29c8b4903:c5724, f63d6ef8-0266-4bf3-bcb1-484cdaae1fbb:c5724]
2019-07-09 20:07:12,276 INFO  client.GrpcClientProtocolClient (GrpcClientProtocolClient.java:onNext(255)) - client-FB00420D972B->0a7e6056-64a2-4302-b029-255d48a66d7f: receive RaftClientReply:client-FB00420D972B->0a7e6056-64a2-4302-b029-255d48a66d7f@group-1EE0336AADCF, cid=3771, SUCCESS, logIndex=5726, commits[0a7e6056-64a2-4302-b029-255d48a66d7f:c5726, 82c1508e-6289-48e2-a567-a0e29c8b4903:c5724, f63d6ef8-0266-4bf3-bcb1-484cdaae1fbb:c5724]
2019-07-09 20:07:12,290 INFO  client.GrpcClientProtocolClient (GrpcClientProtocolClient.java:onNext(255)) - client-FB00420D972B->0a7e6056-64a2-4302-b029-255d48a66d7f: receive RaftClientReply:client-FB00420D972B->0a7e6056-64a2-4302-b029-255d48a66d7f@group-1EE0336AADCF, cid=3772, SUCCESS, logIndex=5729, commits[0a7e6056-64a2-4302-b029-255d48a66d7f:c5730, 82c1508e-6289-48e2-a567-a0e29c8b4903:c5726, f63d6ef8-0266-4bf3-bcb1-484cdaae1fbb:c5726]
2019-07-09 20:07:12,290 INFO  client.GrpcClientProtocolClient (GrpcClientProtocolClient.java:onNext(255)) - client-FB00420D972B->0a7e6056-64a2-4302-b029-255d48a66d7f: receive RaftClientReply:client-FB00420D972B->0a7e6056-64a2-4302-b029-255d48a66d7f@group-1EE0336AADCF, cid=3773, SUCCESS, logIndex=5730, commits[0a7e6056-64a2-4302-b029-255d48a66d7f:c5730, 82c1508e-6289-48e2-a567-a0e29c8b4903:c5726, f63d6ef8-0266-4bf3-bcb1-484cdaae1fbb:c5726]
2019-07-09 20:07:12,302 INFO  client.GrpcClientProtocolClient (GrpcClientProtocolClient.java:onNext(255)) - client-FB00420D972B->0a7e6056-64a2-4302-b029-255d48a66d7f: receive RaftClientReply:client-FB00420D972B->0a7e6056-64a2-4302-b029-255d48a66d7f@group-1EE0336AADCF, cid=3774, SUCCESS, logIndex=0, commits[0a7e6056-64a2-4302-b029-255d48a66d7f:c5730, 82c1508e-6289-48e2-a567-a0e29c8b4903:c5730, f63d6ef8-0266-4bf3-bcb1-484cdaae1fbb:c5730]
2019-07-09 20:07:12,343 INFO  client.GrpcClientProtocolClient (GrpcClientProtocolClient.java:onNext(255)) - client-FB00420D972B->0a7e6056-64a2-4302-b029-255d48a66d7f: receive RaftClientReply:client-FB00420D972B->0a7e6056-64a2-4302-b029-255d48a66d7f@group-1EE0336AADCF, cid=3775, SUCCESS, logIndex=5733, commits[0a7e6056-64a2-4302-b029-255d48a66d7f:c5734, 82c1508e-6289-48e2-a567-a0e29c8b4903:c5732, f63d6ef8-0266-4bf3-bcb1-484cdaae1fbb:c5732]
2019-07-09 20:07:12,343 INFO  client.GrpcClientProtocolClient (GrpcClientProtocolClient.java:onNext(255)) - client-FB00420D972B->0a7e6056-64a2-4302-b029-255d48a66d7f: receive RaftClientReply:client-FB00420D972B->0a7e6056-64a2-4302-b029-255d48a66d7f@group-1EE0336AADCF, cid=3776, SUCCESS, logIndex=5734, commits[0a7e6056-64a2-4302-b029-255d48a66d7f:c5734, 82c1508e-6289-48e2-a567-a0e29c8b4903:c5732, f63d6ef8-0266-4bf3-bcb1-484cdaae1fbb:c5732]
2019-07-09 20:07:12,355 INFO  client.GrpcClientProtocolClient (GrpcClientProtocolClient.java:onNext(255)) - client-FB00420D972B->0a7e6056-64a2-4302-b029-255d48a66d7f: receive RaftClientReply:client-FB00420D972B->0a7e6056-64a2-4302-b029-255d48a66d7f@group-1EE0336AADCF, cid=3777, SUCCESS, logIndex=5735, commits[0a7e6056-64a2-4302-b029-255d48a66d7f:c5736, 82c1508e-6289-48e2-a567-a0e29c8b4903:c5732, f63d6ef8-0266-4bf3-bcb1-484cdaae1fbb:c5732]
2019-07-09 20:07:12,356 INFO  client.GrpcClientProtocolClient (GrpcClientProtocolClient.java:onNext(255)) - client-FB00420D972B->0a7e6056-64a2-4302-b029-255d48a66d7f: receive RaftClientReply:client-FB00420D972B->0a7e6056-64a2-4302-b029-255d48a66d7f@group-1EE0336AADCF, cid=3778, SUCCESS, logIndex=5736, commits[0a7e6056-64a2-4302-b029-255d48a66d7f:c5736, 82c1508e-6289-48e2-a567-a0e29c8b4903:c5732, f63d6ef8-0266-4bf3-bcb1-484cdaae1fbb:c5732]
2019-07-09 20:07:12,368 INFO  client.GrpcClientProtocolClient (GrpcClientProtocolClient.java:onNext(255)) - client-FB00420D972B->0a7e6056-64a2-4302-b029-255d48a66d7f: receive RaftClientReply:client-FB00420D972B->0a7e6056-64a2-4302-b029-255d48a66d7f@group-1EE0336AADCF, cid=3779, SUCCESS, logIndex=0, commits[0a7e6056-64a2-4302-b029-255d48a66d7f:c5738, 82c1508e-6289-48e2-a567-a0e29c8b4903:c5734, f63d6ef8-0266-4bf3-bcb1-484cdaae1fbb:c5734]
2019-07-09 20:07:12,392 INFO  client.GrpcClientProtocolClient (GrpcClientProtocolClient.java:onNext(255)) - client-FB00420D972B->0a7e6056-64a2-4302-b029-255d48a66d7f: receive RaftClientReply:client-FB00420D972B->0a7e6056-64a2-4302-b029-255d48a66d7f@group-1EE0336AADCF, cid=3780, SUCCESS, logIndex=5741, commits[0a7e6056-64a2-4302-b029-255d48a66d7f:c5742, 82c1508e-6289-48e2-a567-a0e29c8b4903:c5738, f63d6ef8-0266-4bf3-bcb1-484cdaae1fbb:c5738]
2019-07-09 20:07:12,393 INFO  client.GrpcClientProtocolClient (GrpcClientProtocolClient.java:onNext(255)) - client-FB00420D972B->0a7e6056-64a2-4302-b029-255d48a66d7f: receive RaftClientReply:client-FB00420D972B->0a7e6056-64a2-4302-b029-255d48a66d7f@group-1EE0336AADCF, cid=3781, SUCCESS, logIndex=5742, commits[0a7e6056-64a2-4302-b029-255d48a66d7f:c5742, 82c1508e-6289-48e2-a567-a0e29c8b4903:c5738, f63d6ef8-0266-4bf3-bcb1-484cdaae1fbb:c5738]
2019-07-09 20:07:12,406 INFO  client.GrpcClientProtocolClient (GrpcClientProtocolClient.java:onNext(255)) - client-FB00420D972B->0a7e6056-64a2-4302-b029-255d48a66d7f: receive RaftClientReply:client-FB00420D972B->0a7e6056-64a2-4302-b029-255d48a66d7f@group-1EE0336AADCF, cid=3782, SUCCESS, logIndex=5745, commits[0a7e6056-64a2-4302-b029-255d48a66d7f:c5746, 82c1508e-6289-48e2-a567-a0e29c8b4903:c5742, f63d6ef8-0266-4bf3-bcb1-484cdaae1fbb:c5742]
2019-07-09 20:07:12,407 INFO  client.GrpcClientProtocolClient (GrpcClientProtocolClient.java:onNext(255)) - client-FB00420D972B->0a7e6056-64a2-4302-b029-255d48a66d7f: receive RaftClientReply:client-FB00420D972B->0a7e6056-64a2-4302-b029-255d48a66d7f@group-1EE0336AADCF, cid=3783, SUCCESS, logIndex=5746, commits[0a7e6056-64a2-4302-b029-255d48a66d7f:c5746, 82c1508e-6289-48e2-a567-a0e29c8b4903:c5742, f63d6ef8-0266-4bf3-bcb1-484cdaae1fbb:c5742]
2019-07-09 20:07:12,409 INFO  client.GrpcClientProtocolClient (GrpcClientProtocolClient.java:onNext(255)) - client-FB00420D972B->0a7e6056-64a2-4302-b029-255d48a66d7f: receive RaftClientReply:client-FB00420D972B->0a7e6056-64a2-4302-b029-255d48a66d7f@group-1EE0336AADCF, cid=3784, SUCCESS, logIndex=0, commits[0a7e6056-64a2-4302-b029-255d48a66d7f:c5747, 82c1508e-6289-48e2-a567-a0e29c8b4903:c5746, f63d6ef8-0266-4bf3-bcb1-484cdaae1fbb:c5746]
2019-07-09 20:07:12,438 INFO  client.GrpcClientProtocolClient (GrpcClientProtocolClient.java:onNext(255)) - client-FB00420D972B->0a7e6056-64a2-4302-b029-255d48a66d7f: receive RaftClientReply:client-FB00420D972B->0a7e6056-64a2-4302-b029-255d48a66d7f@group-1EE0336AADCF, cid=3785, SUCCESS, logIndex=5749, commits[0a7e6056-64a2-4302-b029-255d48a66d7f:c5750, 82c1508e-6289-48e2-a567-a0e29c8b4903:c5748, f63d6ef8-0266-4bf3-bcb1-484cdaae1fbb:c5748]
2019-07-09 20:07:12,439 INFO  client.GrpcClientProtocolClient (GrpcClientProtocolClient.java:onNext(255)) - client-FB00420D972B->0a7e6056-64a2-4302-b029-255d48a66d7f: receive RaftClientReply:client-FB00420D972B->0a7e6056-64a2-4302-b029-255d48a66d7f@group-1EE0336AADCF, cid=3786, SUCCESS, logIndex=5750, commits[0a7e6056-64a2-4302-b029-255d48a66d7f:c5750, 82c1508e-6289-48e2-a567-a0e29c8b4903:c5748, f63d6ef8-0266-4bf3-bcb1-484cdaae1fbb:c5748]
2019-07-09 20:07:12,439 INFO  client.GrpcClientProtocolClient (GrpcClientProtocolClient.java:onNext(255)) - client-FB00420D972B->0a7e6056-64a2-4302-b029-255d48a66d7f: receive RaftClientReply:client-FB00420D972B->0a7e6056-64a2-4302-b029-255d48a66d7f@group-1EE0336AADCF, cid=3787, SUCCESS, logIndex=5751, commits[0a7e6056-64a2-4302-b029-255d48a66d7f:c5752, 82c1508e-6289-48e2-a567-a0e29c8b4903:c5748, f63d6ef8-0266-4bf3-bcb1-484cdaae1fbb:c5748]
2019-07-09 20:07:12,439 INFO  client.GrpcClientProtocolClient (GrpcClientProtocolClient.java:onNext(255)) - client-FB00420D972B->0a7e6056-64a2-4302-b029-255d48a66d7f: receive RaftClientReply:client-FB00420D972B->0a7e6056-64a2-4302-b029-255d48a66d7f@group-1EE0336AADCF, cid=3788, SUCCESS, logIndex=5752, commits[0a7e6056-64a2-4302-b029-255d48a66d7f:c5752, 82c1508e-6289-48e2-a567-a0e29c8b4903:c5748, f63d6ef8-0266-4bf3-bcb1-484cdaae1fbb:c5748]
2019-07-09 20:07:12,453 INFO  client.GrpcClientProtocolClient (GrpcClientProtocolClient.java:onNext(255)) - client-FB00420D972B->0a7e6056-64a2-4302-b029-255d48a66d7f: receive RaftClientReply:client-FB00420D972B->0a7e6056-64a2-4302-b029-255d48a66d7f@group-1EE0336AADCF, cid=3789, SUCCESS, logIndex=0, commits[0a7e6056-64a2-4302-b029-255d48a66d7f:c5754, 82c1508e-6289-48e2-a567-a0e29c8b4903:c5750, f63d6ef8-0266-4bf3-bcb1-484cdaae1fbb:c5750]
2019-07-09 20:07:12,472 INFO  client.GrpcClientProtocolClient (GrpcClientProtocolClient.java:onNext(255)) - client-FB00420D972B->0a7e6056-64a2-4302-b029-255d48a66d7f: receive RaftClientReply:client-FB00420D972B->0a7e6056-64a2-4302-b029-255d48a66d7f@group-1EE0336AADCF, cid=3790, SUCCESS, logIndex=5757, commits[0a7e6056-64a2-4302-b029-255d48a66d7f:c5758, 82c1508e-6289-48e2-a567-a0e29c8b4903:c5756, f63d6ef8-0266-4bf3-bcb1-484cdaae1fbb:c5756]
2019-07-09 20:07:12,472 INFO  client.GrpcClientProtocolClient (GrpcClientProtocolClient.java:onNext(255)) - client-FB00420D972B->0a7e6056-64a2-4302-b029-255d48a66d7f: receive RaftClientReply:client-FB00420D972B->0a7e6056-64a2-4302-b029-255d48a66d7f@group-1EE0336AADCF, cid=3791, SUCCESS, logIndex=5758, commits[0a7e6056-64a2-4302-b029-255d48a66d7f:c5758, 82c1508e-6289-48e2-a567-a0e29c8b4903:c5756, f63d6ef8-0266-4bf3-bcb1-484cdaae1fbb:c5756]
2019-07-09 20:07:12,488 INFO  client.GrpcClientProtocolClient (GrpcClientProtocolClient.java:onNext(255)) - client-FB00420D972B->0a7e6056-64a2-4302-b029-255d48a66d7f: receive RaftClientReply:client-FB00420D972B->0a7e6056-64a2-4302-b029-255d48a66d7f@group-1EE0336AADCF, cid=3792, SUCCESS, logIndex=5761, commits[0a7e6056-64a2-4302-b029-255d48a66d7f:c5762, 82c1508e-6289-48e2-a567-a0e29c8b4903:c5758, f63d6ef8-0266-4bf3-bcb1-484cdaae1fbb:c5758]
2019-07-09 20:07:12,489 INFO  client.GrpcClientProtocolClient (GrpcClientProtocolClient.java:onNext(255)) - client-FB00420D972B->0a7e6056-64a2-4302-b029-255d48a66d7f: receive RaftClientReply:client-FB00420D972B->0a7e6056-64a2-4302-b029-255d48a66d7f@group-1EE0336AADCF, cid=3793, SUCCESS, logIndex=5762, commits[0a7e6056-64a2-4302-b029-255d48a66d7f:c5762, 82c1508e-6289-48e2-a567-a0e29c8b4903:c5758, f63d6ef8-0266-4bf3-bcb1-484cdaae1fbb:c5758]
2019-07-09 20:07:12,503 INFO  client.GrpcClientProtocolClient (GrpcClientProtocolClient.java:onNext(255)) - client-FB00420D972B->0a7e6056-64a2-4302-b029-255d48a66d7f: receive RaftClientReply:client-FB00420D972B->0a7e6056-64a2-4302-b029-255d48a66d7f@group-1EE0336AADCF, cid=3794, SUCCESS, logIndex=0, commits[0a7e6056-64a2-4302-b029-255d48a66d7f:c5764, 82c1508e-6289-48e2-a567-a0e29c8b4903:c5762, f63d6ef8-0266-4bf3-bcb1-484cdaae1fbb:c5762]
2019-07-09 20:07:12,542 INFO  client.GrpcClientProtocolClient (GrpcClientProtocolClient.java:onNext(255)) - client-FB00420D972B->0a7e6056-64a2-4302-b029-255d48a66d7f: receive RaftClientReply:client-FB00420D972B->0a7e6056-64a2-4302-b029-255d48a66d7f@group-1EE0336AADCF, cid=3795, SUCCESS, logIndex=5765, commits[0a7e6056-64a2-4302-b029-255d48a66d7f:c5766, 82c1508e-6289-48e2-a567-a0e29c8b4903:c5764, f63d6ef8-0266-4bf3-bcb1-484cdaae1fbb:c5764]
2019-07-09 20:07:12,543 INFO  client.GrpcClientProtocolClient (GrpcClientProtocolClient.java:onNext(255)) - client-FB00420D972B->0a7e6056-64a2-4302-b029-255d48a66d7f: receive RaftClientReply:client-FB00420D972B->0a7e6056-64a2-4302-b029-255d48a66d7f@group-1EE0336AADCF, cid=3796, SUCCESS, logIndex=5766, commits[0a7e6056-64a2-4302-b029-255d48a66d7f:c5768, 82c1508e-6289-48e2-a567-a0e29c8b4903:c5764, f63d6ef8-0266-4bf3-bcb1-484cdaae1fbb:c5764]
2019-07-09 20:07:12,543 INFO  client.GrpcClientProtocolClient (GrpcClientProtocolClient.java:onNext(255)) - client-FB00420D972B->0a7e6056-64a2-4302-b029-255d48a66d7f: receive RaftClientReply:client-FB00420D972B->0a7e6056-64a2-4302-b029-255d48a66d7f@group-1EE0336AADCF, cid=3797, SUCCESS, logIndex=5767, commits[0a7e6056-64a2-4302-b029-255d48a66d7f:c5768, 82c1508e-6289-48e2-a567-a0e29c8b4903:c5764, f63d6ef8-0266-4bf3-bcb1-484cdaae1fbb:c5764]
2019-07-09 20:07:12,544 INFO  client.GrpcClientProtocolClient (GrpcClientProtocolClient.java:onNext(255)) - client-FB00420D972B->0a7e6056-64a2-4302-b029-255d48a66d7f: receive RaftClientReply:client-FB00420D972B->0a7e6056-64a2-4302-b029-255d48a66d7f@group-1EE0336AADCF, cid=3798, SUCCESS, logIndex=5768, commits[0a7e6056-64a2-4302-b029-255d48a66d7f:c5768, 82c1508e-6289-48e2-a567-a0e29c8b4903:c5764, f63d6ef8-0266-4bf3-bcb1-484cdaae1fbb:c5764]
2019-07-09 20:07:12,557 INFO  client.GrpcClientProtocolClient (GrpcClientProtocolClient.java:onNext(255)) - client-FB00420D972B->0a7e6056-64a2-4302-b029-255d48a66d7f: receive RaftClientReply:client-FB00420D972B->0a7e6056-64a2-4302-b029-255d48a66d7f@group-1EE0336AADCF, cid=3799, SUCCESS, logIndex=0, commits[0a7e6056-64a2-4302-b029-255d48a66d7f:c5771, 82c1508e-6289-48e2-a567-a0e29c8b4903:c5766, f63d6ef8-0266-4bf3-bcb1-484cdaae1fbb:c5767]
2019-07-09 20:07:12,580 INFO  client.GrpcClientProtocolClient (GrpcClientProtocolClient.java:onNext(255)) - client-FB00420D972B->0a7e6056-64a2-4302-b029-255d48a66d7f: receive RaftClientReply:client-FB00420D972B->0a7e6056-64a2-4302-b029-255d48a66d7f@group-1EE0336AADCF, cid=3800, SUCCESS, logIndex=5773, commits[0a7e6056-64a2-4302-b029-255d48a66d7f:c5774, 82c1508e-6289-48e2-a567-a0e29c8b4903:c5772, f63d6ef8-0266-4bf3-bcb1-484cdaae1fbb:c5772]
2019-07-09 20:07:12,580 INFO  client.GrpcClientProtocolClient (GrpcClientProtocolClient.java:onNext(255)) - client-FB00420D972B->0a7e6056-64a2-4302-b029-255d48a66d7f: receive RaftClientReply:client-FB00420D972B->0a7e6056-64a2-4302-b029-255d48a66d7f@group-1EE0336AADCF, cid=3801, SUCCESS, logIndex=5774, commits[0a7e6056-64a2-4302-b029-255d48a66d7f:c5774, 82c1508e-6289-48e2-a567-a0e29c8b4903:c5772, f63d6ef8-0266-4bf3-bcb1-484cdaae1fbb:c5772]
2019-07-09 20:07:12,597 INFO  client.GrpcClientProtocolClient (GrpcClientProtocolClient.java:onNext(255)) - client-FB00420D972B->0a7e6056-64a2-4302-b029-255d48a66d7f: receive RaftClientReply:client-FB00420D972B->0a7e6056-64a2-4302-b029-255d48a66d7f@group-1EE0336AADCF, cid=3802, SUCCESS, logIndex=5777, commits[0a7e6056-64a2-4302-b029-255d48a66d7f:c5777, 82c1508e-6289-48e2-a567-a0e29c8b4903:c5775, f63d6ef8-0266-4bf3-bcb1-484cdaae1fbb:c5775]
2019-07-09 20:07:12,598 INFO  client.GrpcClientProtocolClient (GrpcClientProtocolClient.java:onNext(255)) - client-FB00420D972B->0a7e6056-64a2-4302-b029-255d48a66d7f: receive RaftClientReply:client-FB00420D972B->0a7e6056-64a2-4302-b029-255d48a66d7f@group-1EE0336AADCF, cid=3803, SUCCESS, logIndex=5778, commits[0a7e6056-64a2-4302-b029-255d48a66d7f:c5778, 82c1508e-6289-48e2-a567-a0e29c8b4903:c5775, f63d6ef8-0266-4bf3-bcb1-484cdaae1fbb:c5775]
2019-07-09 20:07:12,622 INFO  client.GrpcClientProtocolClient (GrpcClientProtocolClient.java:onNext(255)) - client-FB00420D972B->0a7e6056-64a2-4302-b029-255d48a66d7f: receive RaftClientReply:client-FB00420D972B->0a7e6056-64a2-4302-b029-255d48a66d7f@group-1EE0336AADCF, cid=3804, SUCCESS, logIndex=0, commits[0a7e6056-64a2-4302-b029-255d48a66d7f:c5780, 82c1508e-6289-48e2-a567-a0e29c8b4903:c5778, f63d6ef8-0266-4bf3-bcb1-484cdaae1fbb:c5778]
2019-07-09 20:07:12,658 INFO  client.GrpcClientProtocolClient (GrpcClientProtocolClient.java:onNext(255)) - client-FB00420D972B->0a7e6056-64a2-4302-b029-255d48a66d7f: receive RaftClientReply:client-FB00420D972B->0a7e6056-64a2-4302-b029-255d48a66d7f@group-1EE0336AADCF, cid=3805, SUCCESS, logIndex=5781, commits[0a7e6056-64a2-4302-b029-255d48a66d7f:c5782, 82c1508e-6289-48e2-a567-a0e29c8b4903:c5780, f63d6ef8-0266-4bf3-bcb1-484cdaae1fbb:c5780]
2019-07-09 20:07:12,659 INFO  client.GrpcClientProtocolClient (GrpcClientProtocolClient.java:onNext(255)) - client-FB00420D972B->0a7e6056-64a2-4302-b029-255d48a66d7f: receive RaftClientReply:client-FB00420D972B->0a7e6056-64a2-4302-b029-255d48a66d7f@group-1EE0336AADCF, cid=3806, SUCCESS, logIndex=5782, commits[0a7e6056-64a2-4302-b029-255d48a66d7f:c5782, 82c1508e-6289-48e2-a567-a0e29c8b4903:c5780, f63d6ef8-0266-4bf3-bcb1-484cdaae1fbb:c5780]
2019-07-09 20:07:12,670 INFO  client.GrpcClientProtocolClient (GrpcClientProtocolClient.java:onNext(255)) - client-FB00420D972B->0a7e6056-64a2-4302-b029-255d48a66d7f: receive RaftClientReply:client-FB00420D972B->0a7e6056-64a2-4302-b029-255d48a66d7f@group-1EE0336AADCF, cid=3807, SUCCESS, logIndex=5783, commits[0a7e6056-64a2-4302-b029-255d48a66d7f:c5784, 82c1508e-6289-48e2-a567-a0e29c8b4903:c5780, f63d6ef8-0266-4bf3-bcb1-484cdaae1fbb:c5780]
2019-07-09 20:07:12,671 INFO  client.GrpcClientProtocolClient (GrpcClientProtocolClient.java:onNext(255)) - client-FB00420D972B->0a7e6056-64a2-4302-b029-255d48a66d7f: receive RaftClientReply:client-FB00420D972B->0a7e6056-64a2-4302-b029-255d48a66d7f@group-1EE0336AADCF, cid=3808, SUCCESS, logIndex=5784, commits[0a7e6056-64a2-4302-b029-255d48a66d7f:c5784, 82c1508e-6289-48e2-a567-a0e29c8b4903:c5780, f63d6ef8-0266-4bf3-bcb1-484cdaae1fbb:c5780]
2019-07-09 20:07:12,684 INFO  client.GrpcClientProtocolClient (GrpcClientProtocolClient.java:onNext(255)) - client-FB00420D972B->0a7e6056-64a2-4302-b029-255d48a66d7f: receive RaftClientReply:client-FB00420D972B->0a7e6056-64a2-4302-b029-255d48a66d7f@group-1EE0336AADCF, cid=3809, SUCCESS, logIndex=0, commits[0a7e6056-64a2-4302-b029-255d48a66d7f:c5786, 82c1508e-6289-48e2-a567-a0e29c8b4903:c5782, f63d6ef8-0266-4bf3-bcb1-484cdaae1fbb:c5782]
2019-07-09 20:07:12,705 INFO  client.GrpcClientProtocolClient (GrpcClientProtocolClient.java:onNext(255)) - client-FB00420D972B->0a7e6056-64a2-4302-b029-255d48a66d7f: receive RaftClientReply:client-FB00420D972B->0a7e6056-64a2-4302-b029-255d48a66d7f@group-1EE0336AADCF, cid=3810, SUCCESS, logIndex=5789, commits[0a7e6056-64a2-4302-b029-255d48a66d7f:c5790, 82c1508e-6289-48e2-a567-a0e29c8b4903:c5788, f63d6ef8-0266-4bf3-bcb1-484cdaae1fbb:c5788]
2019-07-09 20:07:12,706 INFO  client.GrpcClientProtocolClient (GrpcClientProtocolClient.java:onNext(255)) - client-FB00420D972B->0a7e6056-64a2-4302-b029-255d48a66d7f: receive RaftClientReply:client-FB00420D972B->0a7e6056-64a2-4302-b029-255d48a66d7f@group-1EE0336AADCF, cid=3811, SUCCESS, logIndex=5790, commits[0a7e6056-64a2-4302-b029-255d48a66d7f:c5790, 82c1508e-6289-48e2-a567-a0e29c8b4903:c5788, f63d6ef8-0266-4bf3-bcb1-484cdaae1fbb:c5788]
2019-07-09 20:07:12,720 INFO  client.GrpcClientProtocolClient (GrpcClientProtocolClient.java:onNext(255)) - client-FB00420D972B->0a7e6056-64a2-4302-b029-255d48a66d7f: receive RaftClientReply:client-FB00420D972B->0a7e6056-64a2-4302-b029-255d48a66d7f@group-1EE0336AADCF, cid=3812, SUCCESS, logIndex=5793, commits[0a7e6056-64a2-4302-b029-255d48a66d7f:c5794, 82c1508e-6289-48e2-a567-a0e29c8b4903:c5790, f63d6ef8-0266-4bf3-bcb1-484cdaae1fbb:c5790]
2019-07-09 20:07:12,720 INFO  client.GrpcClientProtocolClient (GrpcClientProtocolClient.java:onNext(255)) - client-FB00420D972B->0a7e6056-64a2-4302-b029-255d48a66d7f: receive RaftClientReply:client-FB00420D972B->0a7e6056-64a2-4302-b029-255d48a66d7f@group-1EE0336AADCF, cid=3813, SUCCESS, logIndex=5794, commits[0a7e6056-64a2-4302-b029-255d48a66d7f:c5794, 82c1508e-6289-48e2-a567-a0e29c8b4903:c5790, f63d6ef8-0266-4bf3-bcb1-484cdaae1fbb:c5790]
2019-07-09 20:07:12,732 INFO  client.GrpcClientProtocolClient (GrpcClientProtocolClient.java:onNext(255)) - client-FB00420D972B->0a7e6056-64a2-4302-b029-255d48a66d7f: receive RaftClientReply:client-FB00420D972B->0a7e6056-64a2-4302-b029-255d48a66d7f@group-1EE0336AADCF, cid=3814, SUCCESS, logIndex=0, commits[0a7e6056-64a2-4302-b029-255d48a66d7f:c5795, 82c1508e-6289-48e2-a567-a0e29c8b4903:c5794, f63d6ef8-0266-4bf3-bcb1-484cdaae1fbb:c5794]
2019-07-09 20:07:12,762 INFO  client.GrpcClientProtocolClient (GrpcClientProtocolClient.java:onNext(255)) - client-FB00420D972B->0a7e6056-64a2-4302-b029-255d48a66d7f: receive RaftClientReply:client-FB00420D972B->0a7e6056-64a2-4302-b029-255d48a66d7f@group-1EE0336AADCF, cid=3815, SUCCESS, logIndex=5797, commits[0a7e6056-64a2-4302-b029-255d48a66d7f:c5799, 82c1508e-6289-48e2-a567-a0e29c8b4903:c5796, f63d6ef8-0266-4bf3-bcb1-484cdaae1fbb:c5796]
2019-07-09 20:07:12,763 INFO  client.GrpcClientProtocolClient (GrpcClientProtocolClient.java:onNext(255)) - client-FB00420D972B->0a7e6056-64a2-4302-b029-255d48a66d7f: receive RaftClientReply:client-FB00420D972B->0a7e6056-64a2-4302-b029-255d48a66d7f@group-1EE0336AADCF, cid=3816, SUCCESS, logIndex=5798, commits[0a7e6056-64a2-4302-b029-255d48a66d7f:c5800, 82c1508e-6289-48e2-a567-a0e29c8b4903:c5796, f63d6ef8-0266-4bf3-bcb1-484cdaae1fbb:c5796]
2019-07-09 20:07:12,763 INFO  client.GrpcClientProtocolClient (GrpcClientProtocolClient.java:onNext(255)) - client-FB00420D972B->0a7e6056-64a2-4302-b029-255d48a66d7f: receive RaftClientReply:client-FB00420D972B->0a7e6056-64a2-4302-b029-255d48a66d7f@group-1EE0336AADCF, cid=3817, SUCCESS, logIndex=5799, commits[0a7e6056-64a2-4302-b029-255d48a66d7f:c5800, 82c1508e-6289-48e2-a567-a0e29c8b4903:c5796, f63d6ef8-0266-4bf3-bcb1-484cdaae1fbb:c5796]
2019-07-09 20:07:12,763 INFO  client.GrpcClientProtocolClient (GrpcClientProtocolClient.java:onNext(255)) - client-FB00420D972B->0a7e6056-64a2-4302-b029-255d48a66d7f: receive RaftClientReply:client-FB00420D972B->0a7e6056-64a2-4302-b029-255d48a66d7f@group-1EE0336AADCF, cid=3818, SUCCESS, logIndex=5800, commits[0a7e6056-64a2-4302-b029-255d48a66d7f:c5801, 82c1508e-6289-48e2-a567-a0e29c8b4903:c5797, f63d6ef8-0266-4bf3-bcb1-484cdaae1fbb:c5797]
2019-07-09 20:07:12,766 INFO  client.GrpcClientProtocolClient (GrpcClientProtocolClient.java:onNext(255)) - client-FB00420D972B->0a7e6056-64a2-4302-b029-255d48a66d7f: receive RaftClientReply:client-FB00420D972B->0a7e6056-64a2-4302-b029-255d48a66d7f@group-1EE0336AADCF, cid=3819, SUCCESS, logIndex=0, commits[0a7e6056-64a2-4302-b029-255d48a66d7f:c5803, 82c1508e-6289-48e2-a567-a0e29c8b4903:c5798, f63d6ef8-0266-4bf3-bcb1-484cdaae1fbb:c5799]
2019-07-09 20:07:12,787 INFO  client.GrpcClientProtocolClient (GrpcClientProtocolClient.java:onNext(255)) - client-FB00420D972B->0a7e6056-64a2-4302-b029-255d48a66d7f: receive RaftClientReply:client-FB00420D972B->0a7e6056-64a2-4302-b029-255d48a66d7f@group-1EE0336AADCF, cid=3820, SUCCESS, logIndex=5805, commits[0a7e6056-64a2-4302-b029-255d48a66d7f:c5806, 82c1508e-6289-48e2-a567-a0e29c8b4903:c5804, f63d6ef8-0266-4bf3-bcb1-484cdaae1fbb:c5804]
2019-07-09 20:07:12,788 INFO  client.GrpcClientProtocolClient (GrpcClientProtocolClient.java:onNext(255)) - client-FB00420D972B->0a7e6056-64a2-4302-b029-255d48a66d7f: receive RaftClientReply:client-FB00420D972B->0a7e6056-64a2-4302-b029-255d48a66d7f@group-1EE0336AADCF, cid=3821, SUCCESS, logIndex=5806, commits[0a7e6056-64a2-4302-b029-255d48a66d7f:c5806, 82c1508e-6289-48e2-a567-a0e29c8b4903:c5804, f63d6ef8-0266-4bf3-bcb1-484cdaae1fbb:c5804]
2019-07-09 20:07:12,812 INFO  client.GrpcClientProtocolClient (GrpcClientProtocolClient.java:onNext(255)) - client-FB00420D972B->0a7e6056-64a2-4302-b029-255d48a66d7f: receive RaftClientReply:client-FB00420D972B->0a7e6056-64a2-4302-b029-255d48a66d7f@group-1EE0336AADCF, cid=3822, SUCCESS, logIndex=5809, commits[0a7e6056-64a2-4302-b029-255d48a66d7f:c5810, 82c1508e-6289-48e2-a567-a0e29c8b4903:c5806, f63d6ef8-0266-4bf3-bcb1-484cdaae1fbb:c5806]
2019-07-09 20:07:12,813 INFO  client.GrpcClientProtocolClient (GrpcClientProtocolClient.java:onNext(255)) - client-FB00420D972B->0a7e6056-64a2-4302-b029-255d48a66d7f: receive RaftClientReply:client-FB00420D972B->0a7e6056-64a2-4302-b029-255d48a66d7f@group-1EE0336AADCF, cid=3823, SUCCESS, logIndex=5810, commits[0a7e6056-64a2-4302-b029-255d48a66d7f:c5810, 82c1508e-6289-48e2-a567-a0e29c8b4903:c5806, f63d6ef8-0266-4bf3-bcb1-484cdaae1fbb:c5806]
2019-07-09 20:07:12,838 INFO  client.GrpcClientProtocolClient (GrpcClientProtocolClient.java:onNext(255)) - client-FB00420D972B->0a7e6056-64a2-4302-b029-255d48a66d7f: receive RaftClientReply:client-FB00420D972B->0a7e6056-64a2-4302-b029-255d48a66d7f@group-1EE0336AADCF, cid=3824, SUCCESS, logIndex=0, commits[0a7e6056-64a2-4302-b029-255d48a66d7f:c5812, 82c1508e-6289-48e2-a567-a0e29c8b4903:c5810, f63d6ef8-0266-4bf3-bcb1-484cdaae1fbb:c5810]
2019-07-09 20:07:12,871 INFO  client.GrpcClientProtocolClient (GrpcClientProtocolClient.java:onNext(255)) - client-FB00420D972B->0a7e6056-64a2-4302-b029-255d48a66d7f: receive RaftClientReply:client-FB00420D972B->0a7e6056-64a2-4302-b029-255d48a66d7f@group-1EE0336AADCF, cid=3825, SUCCESS, logIndex=5813, commits[0a7e6056-64a2-4302-b029-255d48a66d7f:c5814, 82c1508e-6289-48e2-a567-a0e29c8b4903:c5812, f63d6ef8-0266-4bf3-bcb1-484cdaae1fbb:c5812]
2019-07-09 20:07:12,872 INFO  client.GrpcClientProtocolClient (GrpcClientProtocolClient.java:onNext(255)) - client-FB00420D972B->0a7e6056-64a2-4302-b029-255d48a66d7f: receive RaftClientReply:client-FB00420D972B->0a7e6056-64a2-4302-b029-255d48a66d7f@group-1EE0336AADCF, cid=3826, SUCCESS, logIndex=5814, commits[0a7e6056-64a2-4302-b029-255d48a66d7f:c5816, 82c1508e-6289-48e2-a567-a0e29c8b4903:c5812, f63d6ef8-0266-4bf3-bcb1-484cdaae1fbb:c5812]
2019-07-09 20:07:12,872 INFO  client.GrpcClientProtocolClient (GrpcClientProtocolClient.java:onNext(255)) - client-FB00420D972B->0a7e6056-64a2-4302-b029-255d48a66d7f: receive RaftClientReply:client-FB00420D972B->0a7e6056-64a2-4302-b029-255d48a66d7f@group-1EE0336AADCF, cid=3827, SUCCESS, logIndex=5815, commits[0a7e6056-64a2-4302-b029-255d48a66d7f:c5816, 82c1508e-6289-48e2-a567-a0e29c8b4903:c5812, f63d6ef8-0266-4bf3-bcb1-484cdaae1fbb:c5812]
2019-07-09 20:07:12,873 INFO  client.GrpcClientProtocolClient (GrpcClientProtocolClient.java:onNext(255)) - client-FB00420D972B->0a7e6056-64a2-4302-b029-255d48a66d7f: receive RaftClientReply:client-FB00420D972B->0a7e6056-64a2-4302-b029-255d48a66d7f@group-1EE0336AADCF, cid=3828, SUCCESS, logIndex=5816, commits[0a7e6056-64a2-4302-b029-255d48a66d7f:c5816, 82c1508e-6289-48e2-a567-a0e29c8b4903:c5812, f63d6ef8-0266-4bf3-bcb1-484cdaae1fbb:c5812]
 0.00% |█                                                                                                    |  0/1 Time: 0:00:442019-07-09 20:07:12,903 INFO  client.GrpcClientProtocolClient (GrpcClientProtocolClient.java:onNext(255)) - client-FB00420D972B->0a7e6056-64a2-4302-b029-255d48a66d7f: receive RaftClientReply:client-FB00420D972B->0a7e6056-64a2-4302-b029-255d48a66d7f@group-1EE0336AADCF, cid=3829, SUCCESS, logIndex=0, commits[0a7e6056-64a2-4302-b029-255d48a66d7f:c5819, 82c1508e-6289-48e2-a567-a0e29c8b4903:c5816, f63d6ef8-0266-4bf3-bcb1-484cdaae1fbb:c5814]
2019-07-09 20:07:12,935 INFO  client.GrpcClientProtocolClient (GrpcClientProtocolClient.java:onNext(255)) - client-FB00420D972B->0a7e6056-64a2-4302-b029-255d48a66d7f: receive RaftClientReply:client-FB00420D972B->0a7e6056-64a2-4302-b029-255d48a66d7f@group-1EE0336AADCF, cid=3830, SUCCESS, logIndex=5820, commits[0a7e6056-64a2-4302-b029-255d48a66d7f:c5821, 82c1508e-6289-48e2-a567-a0e29c8b4903:c5819, f63d6ef8-0266-4bf3-bcb1-484cdaae1fbb:c5819]
2019-07-09 20:07:12,935 INFO  client.GrpcClientProtocolClient (GrpcClientProtocolClient.java:onNext(255)) - client-FB00420D972B->0a7e6056-64a2-4302-b029-255d48a66d7f: receive RaftClientReply:client-FB00420D972B->0a7e6056-64a2-4302-b029-255d48a66d7f@group-1EE0336AADCF, cid=3831, SUCCESS, logIndex=5821, commits[0a7e6056-64a2-4302-b029-255d48a66d7f:c5821, 82c1508e-6289-48e2-a567-a0e29c8b4903:c5819, f63d6ef8-0266-4bf3-bcb1-484cdaae1fbb:c5819]
2019-07-09 20:07:13,080 INFO  client.GrpcClientProtocolClient (GrpcClientProtocolClient.java:onNext(255)) - client-FB00420D972B->0a7e6056-64a2-4302-b029-255d48a66d7f: receive RaftClientReply:client-FB00420D972B->0a7e6056-64a2-4302-b029-255d48a66d7f@group-1EE0336AADCF, cid=3832, SUCCESS, logIndex=5824, commits[0a7e6056-64a2-4302-b029-255d48a66d7f:c5825, 82c1508e-6289-48e2-a567-a0e29c8b4903:c5821, f63d6ef8-0266-4bf3-bcb1-484cdaae1fbb:c5822]
2019-07-09 20:07:13,081 INFO  client.GrpcClientProtocolClient (GrpcClientProtocolClient.java:onNext(255)) - client-FB00420D972B->0a7e6056-64a2-4302-b029-255d48a66d7f: receive RaftClientReply:client-FB00420D972B->0a7e6056-64a2-4302-b029-255d48a66d7f@group-1EE0336AADCF, cid=3833, SUCCESS, logIndex=5825, commits[0a7e6056-64a2-4302-b029-255d48a66d7f:c5825, 82c1508e-6289-48e2-a567-a0e29c8b4903:c5822, f63d6ef8-0266-4bf3-bcb1-484cdaae1fbb:c5822]
2019-07-09 20:07:13,092 INFO  client.GrpcClientProtocolClient (GrpcClientProtocolClient.java:onNext(255)) - client-FB00420D972B->0a7e6056-64a2-4302-b029-255d48a66d7f: receive RaftClientReply:client-FB00420D972B->0a7e6056-64a2-4302-b029-255d48a66d7f@group-1EE0336AADCF, cid=3834, SUCCESS, logIndex=0, commits[0a7e6056-64a2-4302-b029-255d48a66d7f:c5826, 82c1508e-6289-48e2-a567-a0e29c8b4903:c5825, f63d6ef8-0266-4bf3-bcb1-484cdaae1fbb:c5825]
2019-07-09 20:07:13,130 INFO  client.GrpcClientProtocolClient (GrpcClientProtocolClient.java:onNext(255)) - client-FB00420D972B->0a7e6056-64a2-4302-b029-255d48a66d7f: receive RaftClientReply:client-FB00420D972B->0a7e6056-64a2-4302-b029-255d48a66d7f@group-1EE0336AADCF, cid=3835, SUCCESS, logIndex=5827, commits[0a7e6056-64a2-4302-b029-255d48a66d7f:c5829, 82c1508e-6289-48e2-a567-a0e29c8b4903:c5826, f63d6ef8-0266-4bf3-bcb1-484cdaae1fbb:c5826]
2019-07-09 20:07:13,131 INFO  client.GrpcClientProtocolClient (GrpcClientProtocolClient.java:onNext(255)) - client-FB00420D972B->0a7e6056-64a2-4302-b029-255d48a66d7f: receive RaftClientReply:client-FB00420D972B->0a7e6056-64a2-4302-b029-255d48a66d7f@group-1EE0336AADCF, cid=3836, SUCCESS, logIndex=5828, commits[0a7e6056-64a2-4302-b029-255d48a66d7f:c5830, 82c1508e-6289-48e2-a567-a0e29c8b4903:c5826, f63d6ef8-0266-4bf3-bcb1-484cdaae1fbb:c5826]
2019-07-09 20:07:13,132 INFO  client.GrpcClientProtocolClient (GrpcClientProtocolClient.java:onNext(255)) - client-FB00420D972B->0a7e6056-64a2-4302-b029-255d48a66d7f: receive RaftClientReply:client-FB00420D972B->0a7e6056-64a2-4302-b029-255d48a66d7f@group-1EE0336AADCF, cid=3837, SUCCESS, logIndex=5829, commits[0a7e6056-64a2-4302-b029-255d48a66d7f:c5830, 82c1508e-6289-48e2-a567-a0e29c8b4903:c5826, f63d6ef8-0266-4bf3-bcb1-484cdaae1fbb:c5826]
2019-07-09 20:07:13,132 INFO  client.GrpcClientProtocolClient (GrpcClientProtocolClient.java:onNext(255)) - client-FB00420D972B->0a7e6056-64a2-4302-b029-255d48a66d7f: receive RaftClientReply:client-FB00420D972B->0a7e6056-64a2-4302-b029-255d48a66d7f@group-1EE0336AADCF, cid=3838, SUCCESS, logIndex=5830, commits[0a7e6056-64a2-4302-b029-255d48a66d7f:c5831, 82c1508e-6289-48e2-a567-a0e29c8b4903:c5827, f63d6ef8-0266-4bf3-bcb1-484cdaae1fbb:c5827]
2019-07-09 20:07:13,145 INFO  client.GrpcClientProtocolClient (GrpcClientProtocolClient.java:onNext(255)) - client-FB00420D972B->0a7e6056-64a2-4302-b029-255d48a66d7f: receive RaftClientReply:client-FB00420D972B->0a7e6056-64a2-4302-b029-255d48a66d7f@group-1EE0336AADCF, cid=3839, SUCCESS, logIndex=0, commits[0a7e6056-64a2-4302-b029-255d48a66d7f:c5834, 82c1508e-6289-48e2-a567-a0e29c8b4903:c5829, f63d6ef8-0266-4bf3-bcb1-484cdaae1fbb:c5830]
2019-07-09 20:07:13,167 INFO  client.GrpcClientProtocolClient (GrpcClientProtocolClient.java:onNext(255)) - client-FB00420D972B->0a7e6056-64a2-4302-b029-255d48a66d7f: receive RaftClientReply:client-FB00420D972B->0a7e6056-64a2-4302-b029-255d48a66d7f@group-1EE0336AADCF, cid=3840, SUCCESS, logIndex=5835, commits[0a7e6056-64a2-4302-b029-255d48a66d7f:c5835, 82c1508e-6289-48e2-a567-a0e29c8b4903:c5834, f63d6ef8-0266-4bf3-bcb1-484cdaae1fbb:c5834]
2019-07-09 20:07:13,167 INFO  client.GrpcClientProtocolClient (GrpcClientProtocolClient.java:onNext(255)) - client-FB00420D972B->0a7e6056-64a2-4302-b029-255d48a66d7f: receive RaftClientReply:client-FB00420D972B->0a7e6056-64a2-4302-b029-255d48a66d7f@group-1EE0336AADCF, cid=3841, SUCCESS, logIndex=5836, commits[0a7e6056-64a2-4302-b029-255d48a66d7f:c5836, 82c1508e-6289-48e2-a567-a0e29c8b4903:c5834, f63d6ef8-0266-4bf3-bcb1-484cdaae1fbb:c5834]
2019-07-09 20:07:13,193 INFO  client.GrpcClientProtocolClient (GrpcClientProtocolClient.java:onNext(255)) - client-FB00420D972B->0a7e6056-64a2-4302-b029-255d48a66d7f: receive RaftClientReply:client-FB00420D972B->0a7e6056-64a2-4302-b029-255d48a66d7f@group-1EE0336AADCF, cid=3842, SUCCESS, logIndex=5839, commits[0a7e6056-64a2-4302-b029-255d48a66d7f:c5840, 82c1508e-6289-48e2-a567-a0e29c8b4903:c5835, f63d6ef8-0266-4bf3-bcb1-484cdaae1fbb:c5836]
2019-07-09 20:07:13,193 INFO  client.GrpcClientProtocolClient (GrpcClientProtocolClient.java:onNext(255)) - client-FB00420D972B->0a7e6056-64a2-4302-b029-255d48a66d7f: receive RaftClientReply:client-FB00420D972B->0a7e6056-64a2-4302-b029-255d48a66d7f@group-1EE0336AADCF, cid=3843, SUCCESS, logIndex=5840, commits[0a7e6056-64a2-4302-b029-255d48a66d7f:c5840, 82c1508e-6289-48e2-a567-a0e29c8b4903:c5836, f63d6ef8-0266-4bf3-bcb1-484cdaae1fbb:c5836]
2019-07-09 20:07:13,205 INFO  client.GrpcClientProtocolClient (GrpcClientProtocolClient.java:onNext(255)) - client-FB00420D972B->0a7e6056-64a2-4302-b029-255d48a66d7f: receive RaftClientReply:client-FB00420D972B->0a7e6056-64a2-4302-b029-255d48a66d7f@group-1EE0336AADCF, cid=3844, SUCCESS, logIndex=0, commits[0a7e6056-64a2-4302-b029-255d48a66d7f:c5842, 82c1508e-6289-48e2-a567-a0e29c8b4903:c5840, f63d6ef8-0266-4bf3-bcb1-484cdaae1fbb:c5840]
2019-07-09 20:07:13,242 INFO  client.GrpcClientProtocolClient (GrpcClientProtocolClient.java:onNext(255)) - client-FB00420D972B->0a7e6056-64a2-4302-b029-255d48a66d7f: receive RaftClientReply:client-FB00420D972B->0a7e6056-64a2-4302-b029-255d48a66d7f@group-1EE0336AADCF, cid=3845, SUCCESS, logIndex=5843, commits[0a7e6056-64a2-4302-b029-255d48a66d7f:c5844, 82c1508e-6289-48e2-a567-a0e29c8b4903:c5842, f63d6ef8-0266-4bf3-bcb1-484cdaae1fbb:c5842]
2019-07-09 20:07:13,242 INFO  client.GrpcClientProtocolClient (GrpcClientProtocolClient.java:onNext(255)) - client-FB00420D972B->0a7e6056-64a2-4302-b029-255d48a66d7f: receive RaftClientReply:client-FB00420D972B->0a7e6056-64a2-4302-b029-255d48a66d7f@group-1EE0336AADCF, cid=3846, SUCCESS, logIndex=5844, commits[0a7e6056-64a2-4302-b029-255d48a66d7f:c5846, 82c1508e-6289-48e2-a567-a0e29c8b4903:c5842, f63d6ef8-0266-4bf3-bcb1-484cdaae1fbb:c5842]
2019-07-09 20:07:13,243 INFO  client.GrpcClientProtocolClient (GrpcClientProtocolClient.java:onNext(255)) - client-FB00420D972B->0a7e6056-64a2-4302-b029-255d48a66d7f: receive RaftClientReply:client-FB00420D972B->0a7e6056-64a2-4302-b029-255d48a66d7f@group-1EE0336AADCF, cid=3847, SUCCESS, logIndex=5845, commits[0a7e6056-64a2-4302-b029-255d48a66d7f:c5846, 82c1508e-6289-48e2-a567-a0e29c8b4903:c5842, f63d6ef8-0266-4bf3-bcb1-484cdaae1fbb:c5842]
2019-07-09 20:07:13,243 INFO  client.GrpcClientProtocolClient (GrpcClientProtocolClient.java:onNext(255)) - client-FB00420D972B->0a7e6056-64a2-4302-b029-255d48a66d7f: receive RaftClientReply:client-FB00420D972B->0a7e6056-64a2-4302-b029-255d48a66d7f@group-1EE0336AADCF, cid=3848, SUCCESS, logIndex=5846, commits[0a7e6056-64a2-4302-b029-255d48a66d7f:c5846, 82c1508e-6289-48e2-a567-a0e29c8b4903:c5842, f63d6ef8-0266-4bf3-bcb1-484cdaae1fbb:c5842]
2019-07-09 20:07:13,256 INFO  client.GrpcClientProtocolClient (GrpcClientProtocolClient.java:onNext(255)) - client-FB00420D972B->0a7e6056-64a2-4302-b029-255d48a66d7f: receive RaftClientReply:client-FB00420D972B->0a7e6056-64a2-4302-b029-255d48a66d7f@group-1EE0336AADCF, cid=3849, SUCCESS, logIndex=0, commits[0a7e6056-64a2-4302-b029-255d48a66d7f:c5848, 82c1508e-6289-48e2-a567-a0e29c8b4903:c5844, f63d6ef8-0266-4bf3-bcb1-484cdaae1fbb:c5844]
2019-07-09 20:07:13,294 INFO  client.GrpcClientProtocolClient (GrpcClientProtocolClient.java:onNext(255)) - client-FB00420D972B->0a7e6056-64a2-4302-b029-255d48a66d7f: receive RaftClientReply:client-FB00420D972B->0a7e6056-64a2-4302-b029-255d48a66d7f@group-1EE0336AADCF, cid=3850, SUCCESS, logIndex=5851, commits[0a7e6056-64a2-4302-b029-255d48a66d7f:c5852, 82c1508e-6289-48e2-a567-a0e29c8b4903:c5850, f63d6ef8-0266-4bf3-bcb1-484cdaae1fbb:c5850]
2019-07-09 20:07:13,295 INFO  client.GrpcClientProtocolClient (GrpcClientProtocolClient.java:onNext(255)) - client-FB00420D972B->0a7e6056-64a2-4302-b029-255d48a66d7f: receive RaftClientReply:client-FB00420D972B->0a7e6056-64a2-4302-b029-255d48a66d7f@group-1EE0336AADCF, cid=3851, SUCCESS, logIndex=5852, commits[0a7e6056-64a2-4302-b029-255d48a66d7f:c5852, 82c1508e-6289-48e2-a567-a0e29c8b4903:c5850, f63d6ef8-0266-4bf3-bcb1-484cdaae1fbb:c5850]
2019-07-09 20:07:13,321 INFO  client.GrpcClientProtocolClient (GrpcClientProtocolClient.java:onNext(255)) - client-FB00420D972B->0a7e6056-64a2-4302-b029-255d48a66d7f: receive RaftClientReply:client-FB00420D972B->0a7e6056-64a2-4302-b029-255d48a66d7f@group-1EE0336AADCF, cid=3852, SUCCESS, logIndex=5855, commits[0a7e6056-64a2-4302-b029-255d48a66d7f:c5856, 82c1508e-6289-48e2-a567-a0e29c8b4903:c5852, f63d6ef8-0266-4bf3-bcb1-484cdaae1fbb:c5852]
2019-07-09 20:07:13,322 INFO  client.GrpcClientProtocolClient (GrpcClientProtocolClient.java:onNext(255)) - client-FB00420D972B->0a7e6056-64a2-4302-b029-255d48a66d7f: receive RaftClientReply:client-FB00420D972B->0a7e6056-64a2-4302-b029-255d48a66d7f@group-1EE0336AADCF, cid=3853, SUCCESS, logIndex=5856, commits[0a7e6056-64a2-4302-b029-255d48a66d7f:c5856, 82c1508e-6289-48e2-a567-a0e29c8b4903:c5852, f63d6ef8-0266-4bf3-bcb1-484cdaae1fbb:c5852]
2019-07-09 20:07:13,348 INFO  client.GrpcClientProtocolClient (GrpcClientProtocolClient.java:onNext(255)) - client-FB00420D972B->0a7e6056-64a2-4302-b029-255d48a66d7f: receive RaftClientReply:client-FB00420D972B->0a7e6056-64a2-4302-b029-255d48a66d7f@group-1EE0336AADCF, cid=3854, SUCCESS, logIndex=0, commits[0a7e6056-64a2-4302-b029-255d48a66d7f:c5858, 82c1508e-6289-48e2-a567-a0e29c8b4903:c5856, f63d6ef8-0266-4bf3-bcb1-484cdaae1fbb:c5856]
2019-07-09 20:07:13,387 INFO  client.GrpcClientProtocolClient (GrpcClientProtocolClient.java:onNext(255)) - client-FB00420D972B->0a7e6056-64a2-4302-b029-255d48a66d7f: receive RaftClientReply:client-FB00420D972B->0a7e6056-64a2-4302-b029-255d48a66d7f@group-1EE0336AADCF, cid=3855, SUCCESS, logIndex=5859, commits[0a7e6056-64a2-4302-b029-255d48a66d7f:c5860, 82c1508e-6289-48e2-a567-a0e29c8b4903:c5858, f63d6ef8-0266-4bf3-bcb1-484cdaae1fbb:c5858]
2019-07-09 20:07:13,388 INFO  client.GrpcClientProtocolClient (GrpcClientProtocolClient.java:onNext(255)) - client-FB00420D972B->0a7e6056-64a2-4302-b029-255d48a66d7f: receive RaftClientReply:client-FB00420D972B->0a7e6056-64a2-4302-b029-255d48a66d7f@group-1EE0336AADCF, cid=3856, SUCCESS, logIndex=5860, commits[0a7e6056-64a2-4302-b029-255d48a66d7f:c5860, 82c1508e-6289-48e2-a567-a0e29c8b4903:c5858, f63d6ef8-0266-4bf3-bcb1-484cdaae1fbb:c5858]
2019-07-09 20:07:13,400 INFO  client.GrpcClientProtocolClient (GrpcClientProtocolClient.java:onNext(255)) - client-FB00420D972B->0a7e6056-64a2-4302-b029-255d48a66d7f: receive RaftClientReply:client-FB00420D972B->0a7e6056-64a2-4302-b029-255d48a66d7f@group-1EE0336AADCF, cid=3857, SUCCESS, logIndex=5861, commits[0a7e6056-64a2-4302-b029-255d48a66d7f:c5862, 82c1508e-6289-48e2-a567-a0e29c8b4903:c5858, f63d6ef8-0266-4bf3-bcb1-484cdaae1fbb:c5858]
2019-07-09 20:07:13,401 INFO  client.GrpcClientProtocolClient (GrpcClientProtocolClient.java:onNext(255)) - client-FB00420D972B->0a7e6056-64a2-4302-b029-255d48a66d7f: receive RaftClientReply:client-FB00420D972B->0a7e6056-64a2-4302-b029-255d48a66d7f@group-1EE0336AADCF, cid=3858, SUCCESS, logIndex=5862, commits[0a7e6056-64a2-4302-b029-255d48a66d7f:c5862, 82c1508e-6289-48e2-a567-a0e29c8b4903:c5858, f63d6ef8-0266-4bf3-bcb1-484cdaae1fbb:c5858]
2019-07-09 20:07:13,413 INFO  client.GrpcClientProtocolClient (GrpcClientProtocolClient.java:onNext(255)) - client-FB00420D972B->0a7e6056-64a2-4302-b029-255d48a66d7f: receive RaftClientReply:client-FB00420D972B->0a7e6056-64a2-4302-b029-255d48a66d7f@group-1EE0336AADCF, cid=3859, SUCCESS, logIndex=0, commits[0a7e6056-64a2-4302-b029-255d48a66d7f:c5864, 82c1508e-6289-48e2-a567-a0e29c8b4903:c5860, f63d6ef8-0266-4bf3-bcb1-484cdaae1fbb:c5860]
2019-07-09 20:07:13,448 INFO  client.GrpcClientProtocolClient (GrpcClientProtocolClient.java:onNext(255)) - client-FB00420D972B->0a7e6056-64a2-4302-b029-255d48a66d7f: receive RaftClientReply:client-FB00420D972B->0a7e6056-64a2-4302-b029-255d48a66d7f@group-1EE0336AADCF, cid=3860, SUCCESS, logIndex=5867, commits[0a7e6056-64a2-4302-b029-255d48a66d7f:c5868, 82c1508e-6289-48e2-a567-a0e29c8b4903:c5864, f63d6ef8-0266-4bf3-bcb1-484cdaae1fbb:c5864]
2019-07-09 20:07:13,449 INFO  client.GrpcClientProtocolClient (GrpcClientProtocolClient.java:onNext(255)) - client-FB00420D972B->0a7e6056-64a2-4302-b029-255d48a66d7f: receive RaftClientReply:client-FB00420D972B->0a7e6056-64a2-4302-b029-255d48a66d7f@group-1EE0336AADCF, cid=3861, SUCCESS, logIndex=5868, commits[0a7e6056-64a2-4302-b029-255d48a66d7f:c5868, 82c1508e-6289-48e2-a567-a0e29c8b4903:c5864, f63d6ef8-0266-4bf3-bcb1-484cdaae1fbb:c5864]
2019-07-09 20:07:13,472 INFO  client.GrpcClientProtocolClient (GrpcClientProtocolClient.java:onNext(255)) - client-FB00420D972B->0a7e6056-64a2-4302-b029-255d48a66d7f: receive RaftClientReply:client-FB00420D972B->0a7e6056-64a2-4302-b029-255d48a66d7f@group-1EE0336AADCF, cid=3862, SUCCESS, logIndex=5871, commits[0a7e6056-64a2-4302-b029-255d48a66d7f:c5872, 82c1508e-6289-48e2-a567-a0e29c8b4903:c5868, f63d6ef8-0266-4bf3-bcb1-484cdaae1fbb:c5868]
2019-07-09 20:07:13,472 INFO  client.GrpcClientProtocolClient (GrpcClientProtocolClient.java:onNext(255)) - client-FB00420D972B->0a7e6056-64a2-4302-b029-255d48a66d7f: receive RaftClientReply:client-FB00420D972B->0a7e6056-64a2-4302-b029-255d48a66d7f@group-1EE0336AADCF, cid=3863, SUCCESS, logIndex=5872, commits[0a7e6056-64a2-4302-b029-255d48a66d7f:c5872, 82c1508e-6289-48e2-a567-a0e29c8b4903:c5868, f63d6ef8-0266-4bf3-bcb1-484cdaae1fbb:c5868]
2019-07-09 20:07:13,475 INFO  client.GrpcClientProtocolClient (GrpcClientProtocolClient.java:onNext(255)) - client-FB00420D972B->0a7e6056-64a2-4302-b029-255d48a66d7f: receive RaftClientReply:client-FB00420D972B->0a7e6056-64a2-4302-b029-255d48a66d7f@group-1EE0336AADCF, cid=3864, SUCCESS, logIndex=0, commits[0a7e6056-64a2-4302-b029-255d48a66d7f:c5873, 82c1508e-6289-48e2-a567-a0e29c8b4903:c5872, f63d6ef8-0266-4bf3-bcb1-484cdaae1fbb:c5872]
2019-07-09 20:07:13,520 INFO  client.GrpcClientProtocolClient (GrpcClientProtocolClient.java:onNext(255)) - client-FB00420D972B->0a7e6056-64a2-4302-b029-255d48a66d7f: receive RaftClientReply:client-FB00420D972B->0a7e6056-64a2-4302-b029-255d48a66d7f@group-1EE0336AADCF, cid=3865, SUCCESS, logIndex=5875, commits[0a7e6056-64a2-4302-b029-255d48a66d7f:c5876, 82c1508e-6289-48e2-a567-a0e29c8b4903:c5874, f63d6ef8-0266-4bf3-bcb1-484cdaae1fbb:c5874]
2019-07-09 20:07:13,521 INFO  client.GrpcClientProtocolClient (GrpcClientProtocolClient.java:onNext(255)) - client-FB00420D972B->0a7e6056-64a2-4302-b029-255d48a66d7f: receive RaftClientReply:client-FB00420D972B->0a7e6056-64a2-4302-b029-255d48a66d7f@group-1EE0336AADCF, cid=3866, SUCCESS, logIndex=5876, commits[0a7e6056-64a2-4302-b029-255d48a66d7f:c5876, 82c1508e-6289-48e2-a567-a0e29c8b4903:c5874, f63d6ef8-0266-4bf3-bcb1-484cdaae1fbb:c5874]
2019-07-09 20:07:13,531 INFO  client.GrpcClientProtocolClient (GrpcClientProtocolClient.java:onNext(255)) - client-FB00420D972B->0a7e6056-64a2-4302-b029-255d48a66d7f: receive RaftClientReply:client-FB00420D972B->0a7e6056-64a2-4302-b029-255d48a66d7f@group-1EE0336AADCF, cid=3867, SUCCESS, logIndex=5877, commits[0a7e6056-64a2-4302-b029-255d48a66d7f:c5878, 82c1508e-6289-48e2-a567-a0e29c8b4903:c5874, f63d6ef8-0266-4bf3-bcb1-484cdaae1fbb:c5874]
2019-07-09 20:07:13,531 INFO  client.GrpcClientProtocolClient (GrpcClientProtocolClient.java:onNext(255)) - client-FB00420D972B->0a7e6056-64a2-4302-b029-255d48a66d7f: receive RaftClientReply:client-FB00420D972B->0a7e6056-64a2-4302-b029-255d48a66d7f@group-1EE0336AADCF, cid=3868, SUCCESS, logIndex=5878, commits[0a7e6056-64a2-4302-b029-255d48a66d7f:c5879, 82c1508e-6289-48e2-a567-a0e29c8b4903:c5875, f63d6ef8-0266-4bf3-bcb1-484cdaae1fbb:c5874]
2019-07-09 20:07:13,532 INFO  client.GrpcClientProtocolClient (GrpcClientProtocolClient.java:onNext(255)) - client-FB00420D972B->0a7e6056-64a2-4302-b029-255d48a66d7f: receive RaftClientReply:client-FB00420D972B->0a7e6056-64a2-4302-b029-255d48a66d7f@group-1EE0336AADCF, cid=3869, SUCCESS, logIndex=0, commits[0a7e6056-64a2-4302-b029-255d48a66d7f:c5880, 82c1508e-6289-48e2-a567-a0e29c8b4903:c5876, f63d6ef8-0266-4bf3-bcb1-484cdaae1fbb:c5876]
2019-07-09 20:07:13,555 INFO  client.GrpcClientProtocolClient (GrpcClientProtocolClient.java:onNext(255)) - client-FB00420D972B->0a7e6056-64a2-4302-b029-255d48a66d7f: receive RaftClientReply:client-FB00420D972B->0a7e6056-64a2-4302-b029-255d48a66d7f@group-1EE0336AADCF, cid=3870, SUCCESS, logIndex=5883, commits[0a7e6056-64a2-4302-b029-255d48a66d7f:c5884, 82c1508e-6289-48e2-a567-a0e29c8b4903:c5882, f63d6ef8-0266-4bf3-bcb1-484cdaae1fbb:c5882]
2019-07-09 20:07:13,555 INFO  client.GrpcClientProtocolClient (GrpcClientProtocolClient.java:onNext(255)) - client-FB00420D972B->0a7e6056-64a2-4302-b029-255d48a66d7f: receive RaftClientReply:client-FB00420D972B->0a7e6056-64a2-4302-b029-255d48a66d7f@group-1EE0336AADCF, cid=3871, SUCCESS, logIndex=5884, commits[0a7e6056-64a2-4302-b029-255d48a66d7f:c5884, 82c1508e-6289-48e2-a567-a0e29c8b4903:c5882, f63d6ef8-0266-4bf3-bcb1-484cdaae1fbb:c5882]
2019-07-09 20:07:13,582 INFO  client.GrpcClientProtocolClient (GrpcClientProtocolClient.java:onNext(255)) - client-FB00420D972B->0a7e6056-64a2-4302-b029-255d48a66d7f: receive RaftClientReply:client-FB00420D972B->0a7e6056-64a2-4302-b029-255d48a66d7f@group-1EE0336AADCF, cid=3872, SUCCESS, logIndex=5887, commits[0a7e6056-64a2-4302-b029-255d48a66d7f:c5888, 82c1508e-6289-48e2-a567-a0e29c8b4903:c5884, f63d6ef8-0266-4bf3-bcb1-484cdaae1fbb:c5884]
2019-07-09 20:07:13,582 INFO  client.GrpcClientProtocolClient (GrpcClientProtocolClient.java:onNext(255)) - client-FB00420D972B->0a7e6056-64a2-4302-b029-255d48a66d7f: receive RaftClientReply:client-FB00420D972B->0a7e6056-64a2-4302-b029-255d48a66d7f@group-1EE0336AADCF, cid=3873, SUCCESS, logIndex=5888, commits[0a7e6056-64a2-4302-b029-255d48a66d7f:c5888, 82c1508e-6289-48e2-a567-a0e29c8b4903:c5884, f63d6ef8-0266-4bf3-bcb1-484cdaae1fbb:c5884]
2019-07-09 20:07:13,597 INFO  client.GrpcClientProtocolClient (GrpcClientProtocolClient.java:onNext(255)) - client-FB00420D972B->0a7e6056-64a2-4302-b029-255d48a66d7f: receive RaftClientReply:client-FB00420D972B->0a7e6056-64a2-4302-b029-255d48a66d7f@group-1EE0336AADCF, cid=3874, SUCCESS, logIndex=0, commits[0a7e6056-64a2-4302-b029-255d48a66d7f:c5890, 82c1508e-6289-48e2-a567-a0e29c8b4903:c5888, f63d6ef8-0266-4bf3-bcb1-484cdaae1fbb:c5888]
2019-07-09 20:07:13,635 INFO  client.GrpcClientProtocolClient (GrpcClientProtocolClient.java:onNext(255)) - client-FB00420D972B->0a7e6056-64a2-4302-b029-255d48a66d7f: receive RaftClientReply:client-FB00420D972B->0a7e6056-64a2-4302-b029-255d48a66d7f@group-1EE0336AADCF, cid=3875, SUCCESS, logIndex=5891, commits[0a7e6056-64a2-4302-b029-255d48a66d7f:c5891, 82c1508e-6289-48e2-a567-a0e29c8b4903:c5890, f63d6ef8-0266-4bf3-bcb1-484cdaae1fbb:c5890]
2019-07-09 20:07:13,635 INFO  client.GrpcClientProtocolClient (GrpcClientProtocolClient.java:onNext(255)) - client-FB00420D972B->0a7e6056-64a2-4302-b029-255d48a66d7f: receive RaftClientReply:client-FB00420D972B->0a7e6056-64a2-4302-b029-255d48a66d7f@group-1EE0336AADCF, cid=3876, SUCCESS, logIndex=5892, commits[0a7e6056-64a2-4302-b029-255d48a66d7f:c5892, 82c1508e-6289-48e2-a567-a0e29c8b4903:c5890, f63d6ef8-0266-4bf3-bcb1-484cdaae1fbb:c5890]
2019-07-09 20:07:13,636 INFO  client.GrpcClientProtocolClient (GrpcClientProtocolClient.java:onNext(255)) - client-FB00420D972B->0a7e6056-64a2-4302-b029-255d48a66d7f: receive RaftClientReply:client-FB00420D972B->0a7e6056-64a2-4302-b029-255d48a66d7f@group-1EE0336AADCF, cid=3877, SUCCESS, logIndex=5893, commits[0a7e6056-64a2-4302-b029-255d48a66d7f:c5894, 82c1508e-6289-48e2-a567-a0e29c8b4903:c5890, f63d6ef8-0266-4bf3-bcb1-484cdaae1fbb:c5890]
2019-07-09 20:07:13,636 INFO  client.GrpcClientProtocolClient (GrpcClientProtocolClient.java:onNext(255)) - client-FB00420D972B->0a7e6056-64a2-4302-b029-255d48a66d7f: receive RaftClientReply:client-FB00420D972B->0a7e6056-64a2-4302-b029-255d48a66d7f@group-1EE0336AADCF, cid=3878, SUCCESS, logIndex=5894, commits[0a7e6056-64a2-4302-b029-255d48a66d7f:c5894, 82c1508e-6289-48e2-a567-a0e29c8b4903:c5890, f63d6ef8-0266-4bf3-bcb1-484cdaae1fbb:c5890]
2019-07-09 20:07:13,651 INFO  client.GrpcClientProtocolClient (GrpcClientProtocolClient.java:onNext(255)) - client-FB00420D972B->0a7e6056-64a2-4302-b029-255d48a66d7f: receive RaftClientReply:client-FB00420D972B->0a7e6056-64a2-4302-b029-255d48a66d7f@group-1EE0336AADCF, cid=3879, SUCCESS, logIndex=0, commits[0a7e6056-64a2-4302-b029-255d48a66d7f:c5896, 82c1508e-6289-48e2-a567-a0e29c8b4903:c5892, f63d6ef8-0266-4bf3-bcb1-484cdaae1fbb:c5892]
2019-07-09 20:07:13,674 INFO  client.GrpcClientProtocolClient (GrpcClientProtocolClient.java:onNext(255)) - client-FB00420D972B->0a7e6056-64a2-4302-b029-255d48a66d7f: receive RaftClientReply:client-FB00420D972B->0a7e6056-64a2-4302-b029-255d48a66d7f@group-1EE0336AADCF, cid=3880, SUCCESS, logIndex=5899, commits[0a7e6056-64a2-4302-b029-255d48a66d7f:c5900, 82c1508e-6289-48e2-a567-a0e29c8b4903:c5894, f63d6ef8-0266-4bf3-bcb1-484cdaae1fbb:c5898]
2019-07-09 20:07:13,675 INFO  client.GrpcClientProtocolClient (GrpcClientProtocolClient.java:onNext(255)) - client-FB00420D972B->0a7e6056-64a2-4302-b029-255d48a66d7f: receive RaftClientReply:client-FB00420D972B->0a7e6056-64a2-4302-b029-255d48a66d7f@group-1EE0336AADCF, cid=3881, SUCCESS, logIndex=5900, commits[0a7e6056-64a2-4302-b029-255d48a66d7f:c5900, 82c1508e-6289-48e2-a567-a0e29c8b4903:c5898, f63d6ef8-0266-4bf3-bcb1-484cdaae1fbb:c5898]
2019-07-09 20:07:13,697 INFO  client.GrpcClientProtocolClient (GrpcClientProtocolClient.java:onNext(255)) - client-FB00420D972B->0a7e6056-64a2-4302-b029-255d48a66d7f: receive RaftClientReply:client-FB00420D972B->0a7e6056-64a2-4302-b029-255d48a66d7f@group-1EE0336AADCF, cid=3882, SUCCESS, logIndex=5903, commits[0a7e6056-64a2-4302-b029-255d48a66d7f:c5904, 82c1508e-6289-48e2-a567-a0e29c8b4903:c5902, f63d6ef8-0266-4bf3-bcb1-484cdaae1fbb:c5902]
2019-07-09 20:07:13,697 INFO  client.GrpcClientProtocolClient (GrpcClientProtocolClient.java:onNext(255)) - client-FB00420D972B->0a7e6056-64a2-4302-b029-255d48a66d7f: receive RaftClientReply:client-FB00420D972B->0a7e6056-64a2-4302-b029-255d48a66d7f@group-1EE0336AADCF, cid=3883, SUCCESS, logIndex=5904, commits[0a7e6056-64a2-4302-b029-255d48a66d7f:c5904, 82c1508e-6289-48e2-a567-a0e29c8b4903:c5902, f63d6ef8-0266-4bf3-bcb1-484cdaae1fbb:c5902]
2019-07-09 20:07:13,712 INFO  client.GrpcClientProtocolClient (GrpcClientProtocolClient.java:onNext(255)) - client-FB00420D972B->0a7e6056-64a2-4302-b029-255d48a66d7f: receive RaftClientReply:client-FB00420D972B->0a7e6056-64a2-4302-b029-255d48a66d7f@group-1EE0336AADCF, cid=3884, SUCCESS, logIndex=0, commits[0a7e6056-64a2-4302-b029-255d48a66d7f:c5906, 82c1508e-6289-48e2-a567-a0e29c8b4903:c5904, f63d6ef8-0266-4bf3-bcb1-484cdaae1fbb:c5904]
2019-07-09 20:07:13,740 INFO  client.GrpcClientProtocolClient (GrpcClientProtocolClient.java:onNext(255)) - client-FB00420D972B->0a7e6056-64a2-4302-b029-255d48a66d7f: receive RaftClientReply:client-FB00420D972B->0a7e6056-64a2-4302-b029-255d48a66d7f@group-1EE0336AADCF, cid=3885, SUCCESS, logIndex=5907, commits[0a7e6056-64a2-4302-b029-255d48a66d7f:c5908, 82c1508e-6289-48e2-a567-a0e29c8b4903:c5906, f63d6ef8-0266-4bf3-bcb1-484cdaae1fbb:c5906]
2019-07-09 20:07:13,740 INFO  client.GrpcClientProtocolClient (GrpcClientProtocolClient.java:onNext(255)) - client-FB00420D972B->0a7e6056-64a2-4302-b029-255d48a66d7f: receive RaftClientReply:client-FB00420D972B->0a7e6056-64a2-4302-b029-255d48a66d7f@group-1EE0336AADCF, cid=3886, SUCCESS, logIndex=5908, commits[0a7e6056-64a2-4302-b029-255d48a66d7f:c5908, 82c1508e-6289-48e2-a567-a0e29c8b4903:c5906, f63d6ef8-0266-4bf3-bcb1-484cdaae1fbb:c5906]
2019-07-09 20:07:13,743 INFO  client.GrpcClientProtocolClient (GrpcClientProtocolClient.java:onNext(255)) - client-FB00420D972B->0a7e6056-64a2-4302-b029-255d48a66d7f: receive RaftClientReply:client-FB00420D972B->0a7e6056-64a2-4302-b029-255d48a66d7f@group-1EE0336AADCF, cid=3887, SUCCESS, logIndex=5909, commits[0a7e6056-64a2-4302-b029-255d48a66d7f:c5909, 82c1508e-6289-48e2-a567-a0e29c8b4903:c5906, f63d6ef8-0266-4bf3-bcb1-484cdaae1fbb:c5906]
2019-07-09 20:07:13,743 INFO  client.GrpcClientProtocolClient (GrpcClientProtocolClient.java:onNext(255)) - client-FB00420D972B->0a7e6056-64a2-4302-b029-255d48a66d7f: receive RaftClientReply:client-FB00420D972B->0a7e6056-64a2-4302-b029-255d48a66d7f@group-1EE0336AADCF, cid=3888, SUCCESS, logIndex=5910, commits[0a7e6056-64a2-4302-b029-255d48a66d7f:c5910, 82c1508e-6289-48e2-a567-a0e29c8b4903:c5906, f63d6ef8-0266-4bf3-bcb1-484cdaae1fbb:c5906]
2019-07-09 20:07:13,754 INFO  client.GrpcClientProtocolClient (GrpcClientProtocolClient.java:onNext(255)) - client-FB00420D972B->0a7e6056-64a2-4302-b029-255d48a66d7f: receive RaftClientReply:client-FB00420D972B->0a7e6056-64a2-4302-b029-255d48a66d7f@group-1EE0336AADCF, cid=3889, SUCCESS, logIndex=0, commits[0a7e6056-64a2-4302-b029-255d48a66d7f:c5912, 82c1508e-6289-48e2-a567-a0e29c8b4903:c5908, f63d6ef8-0266-4bf3-bcb1-484cdaae1fbb:c5908]
2019-07-09 20:07:13,775 INFO  client.GrpcClientProtocolClient (GrpcClientProtocolClient.java:onNext(255)) - client-FB00420D972B->0a7e6056-64a2-4302-b029-255d48a66d7f: receive RaftClientReply:client-FB00420D972B->0a7e6056-64a2-4302-b029-255d48a66d7f@group-1EE0336AADCF, cid=3890, SUCCESS, logIndex=5915, commits[0a7e6056-64a2-4302-b029-255d48a66d7f:c5916, 82c1508e-6289-48e2-a567-a0e29c8b4903:c5914, f63d6ef8-0266-4bf3-bcb1-484cdaae1fbb:c5914]
2019-07-09 20:07:13,775 INFO  client.GrpcClientProtocolClient (GrpcClientProtocolClient.java:onNext(255)) - client-FB00420D972B->0a7e6056-64a2-4302-b029-255d48a66d7f: receive RaftClientReply:client-FB00420D972B->0a7e6056-64a2-4302-b029-255d48a66d7f@group-1EE0336AADCF, cid=3891, SUCCESS, logIndex=5916, commits[0a7e6056-64a2-4302-b029-255d48a66d7f:c5916, 82c1508e-6289-48e2-a567-a0e29c8b4903:c5914, f63d6ef8-0266-4bf3-bcb1-484cdaae1fbb:c5914]
2019-07-09 20:07:13,800 INFO  client.GrpcClientProtocolClient (GrpcClientProtocolClient.java:onNext(255)) - client-FB00420D972B->0a7e6056-64a2-4302-b029-255d48a66d7f: receive RaftClientReply:client-FB00420D972B->0a7e6056-64a2-4302-b029-255d48a66d7f@group-1EE0336AADCF, cid=3892, SUCCESS, logIndex=5919, commits[0a7e6056-64a2-4302-b029-255d48a66d7f:c5920, 82c1508e-6289-48e2-a567-a0e29c8b4903:c5916, f63d6ef8-0266-4bf3-bcb1-484cdaae1fbb:c5916]
2019-07-09 20:07:13,801 INFO  client.GrpcClientProtocolClient (GrpcClientProtocolClient.java:onNext(255)) - client-FB00420D972B->0a7e6056-64a2-4302-b029-255d48a66d7f: receive RaftClientReply:client-FB00420D972B->0a7e6056-64a2-4302-b029-255d48a66d7f@group-1EE0336AADCF, cid=3893, SUCCESS, logIndex=5920, commits[0a7e6056-64a2-4302-b029-255d48a66d7f:c5920, 82c1508e-6289-48e2-a567-a0e29c8b4903:c5916, f63d6ef8-0266-4bf3-bcb1-484cdaae1fbb:c5916]
2019-07-09 20:07:13,827 INFO  client.GrpcClientProtocolClient (GrpcClientProtocolClient.java:onNext(255)) - client-FB00420D972B->0a7e6056-64a2-4302-b029-255d48a66d7f: receive RaftClientReply:client-FB00420D972B->0a7e6056-64a2-4302-b029-255d48a66d7f@group-1EE0336AADCF, cid=3894, SUCCESS, logIndex=0, commits[0a7e6056-64a2-4302-b029-255d48a66d7f:c5922, 82c1508e-6289-48e2-a567-a0e29c8b4903:c5920, f63d6ef8-0266-4bf3-bcb1-484cdaae1fbb:c5920]
2019-07-09 20:07:13,856 INFO  client.GrpcClientProtocolClient (GrpcClientProtocolClient.java:onNext(255)) - client-FB00420D972B->0a7e6056-64a2-4302-b029-255d48a66d7f: receive RaftClientReply:client-FB00420D972B->0a7e6056-64a2-4302-b029-255d48a66d7f@group-1EE0336AADCF, cid=3895, SUCCESS, logIndex=5923, commits[0a7e6056-64a2-4302-b029-255d48a66d7f:c5924, 82c1508e-6289-48e2-a567-a0e29c8b4903:c5922, f63d6ef8-0266-4bf3-bcb1-484cdaae1fbb:c5922]
2019-07-09 20:07:13,857 INFO  client.GrpcClientProtocolClient (GrpcClientProtocolClient.java:onNext(255)) - client-FB00420D972B->0a7e6056-64a2-4302-b029-255d48a66d7f: receive RaftClientReply:client-FB00420D972B->0a7e6056-64a2-4302-b029-255d48a66d7f@group-1EE0336AADCF, cid=3896, SUCCESS, logIndex=5924, commits[0a7e6056-64a2-4302-b029-255d48a66d7f:c5924, 82c1508e-6289-48e2-a567-a0e29c8b4903:c5922, f63d6ef8-0266-4bf3-bcb1-484cdaae1fbb:c5922]
2019-07-09 20:07:13,857 INFO  client.GrpcClientProtocolClient (GrpcClientProtocolClient.java:onNext(255)) - client-FB00420D972B->0a7e6056-64a2-4302-b029-255d48a66d7f: receive RaftClientReply:client-FB00420D972B->0a7e6056-64a2-4302-b029-255d48a66d7f@group-1EE0336AADCF, cid=3897, SUCCESS, logIndex=5925, commits[0a7e6056-64a2-4302-b029-255d48a66d7f:c5926, 82c1508e-6289-48e2-a567-a0e29c8b4903:c5922, f63d6ef8-0266-4bf3-bcb1-484cdaae1fbb:c5922]
2019-07-09 20:07:13,858 INFO  client.GrpcClientProtocolClient (GrpcClientProtocolClient.java:onNext(255)) - client-FB00420D972B->0a7e6056-64a2-4302-b029-255d48a66d7f: receive RaftClientReply:client-FB00420D972B->0a7e6056-64a2-4302-b029-255d48a66d7f@group-1EE0336AADCF, cid=3898, SUCCESS, logIndex=5926, commits[0a7e6056-64a2-4302-b029-255d48a66d7f:c5926, 82c1508e-6289-48e2-a567-a0e29c8b4903:c5922, f63d6ef8-0266-4bf3-bcb1-484cdaae1fbb:c5922]
2019-07-09 20:07:13,870 INFO  client.GrpcClientProtocolClient (GrpcClientProtocolClient.java:onNext(255)) - client-FB00420D972B->0a7e6056-64a2-4302-b029-255d48a66d7f: receive RaftClientReply:client-FB00420D972B->0a7e6056-64a2-4302-b029-255d48a66d7f@group-1EE0336AADCF, cid=3899, SUCCESS, logIndex=0, commits[0a7e6056-64a2-4302-b029-255d48a66d7f:c5928, 82c1508e-6289-48e2-a567-a0e29c8b4903:c5924, f63d6ef8-0266-4bf3-bcb1-484cdaae1fbb:c5924]
2019-07-09 20:07:13,893 INFO  client.GrpcClientProtocolClient (GrpcClientProtocolClient.java:onNext(255)) - client-FB00420D972B->0a7e6056-64a2-4302-b029-255d48a66d7f: receive RaftClientReply:client-FB00420D972B->0a7e6056-64a2-4302-b029-255d48a66d7f@group-1EE0336AADCF, cid=3900, SUCCESS, logIndex=5931, commits[0a7e6056-64a2-4302-b029-255d48a66d7f:c5932, 82c1508e-6289-48e2-a567-a0e29c8b4903:c5930, f63d6ef8-0266-4bf3-bcb1-484cdaae1fbb:c5930]
2019-07-09 20:07:13,893 INFO  client.GrpcClientProtocolClient (GrpcClientProtocolClient.java:onNext(255)) - client-FB00420D972B->0a7e6056-64a2-4302-b029-255d48a66d7f: receive RaftClientReply:client-FB00420D972B->0a7e6056-64a2-4302-b029-255d48a66d7f@group-1EE0336AADCF, cid=3901, SUCCESS, logIndex=5932, commits[0a7e6056-64a2-4302-b029-255d48a66d7f:c5932, 82c1508e-6289-48e2-a567-a0e29c8b4903:c5930, f63d6ef8-0266-4bf3-bcb1-484cdaae1fbb:c5930]
 0.00% |█                                                                                                    |  0/1 Time: 0:00:452019-07-09 20:07:13,933 INFO  client.GrpcClientProtocolClient (GrpcClientProtocolClient.java:onNext(255)) - client-FB00420D972B->0a7e6056-64a2-4302-b029-255d48a66d7f: receive RaftClientReply:client-FB00420D972B->0a7e6056-64a2-4302-b029-255d48a66d7f@group-1EE0336AADCF, cid=3902, SUCCESS, logIndex=5935, commits[0a7e6056-64a2-4302-b029-255d48a66d7f:c5936, 82c1508e-6289-48e2-a567-a0e29c8b4903:c5932, f63d6ef8-0266-4bf3-bcb1-484cdaae1fbb:c5932]
2019-07-09 20:07:13,934 INFO  client.GrpcClientProtocolClient (GrpcClientProtocolClient.java:onNext(255)) - client-FB00420D972B->0a7e6056-64a2-4302-b029-255d48a66d7f: receive RaftClientReply:client-FB00420D972B->0a7e6056-64a2-4302-b029-255d48a66d7f@group-1EE0336AADCF, cid=3903, SUCCESS, logIndex=5936, commits[0a7e6056-64a2-4302-b029-255d48a66d7f:c5936, 82c1508e-6289-48e2-a567-a0e29c8b4903:c5932, f63d6ef8-0266-4bf3-bcb1-484cdaae1fbb:c5932]
2019-07-09 20:07:13,962 INFO  client.GrpcClientProtocolClient (GrpcClientProtocolClient.java:onNext(255)) - client-FB00420D972B->0a7e6056-64a2-4302-b029-255d48a66d7f: receive RaftClientReply:client-FB00420D972B->0a7e6056-64a2-4302-b029-255d48a66d7f@group-1EE0336AADCF, cid=3904, SUCCESS, logIndex=0, commits[0a7e6056-64a2-4302-b029-255d48a66d7f:c5937, 82c1508e-6289-48e2-a567-a0e29c8b4903:c5936, f63d6ef8-0266-4bf3-bcb1-484cdaae1fbb:c5936]
2019-07-09 20:07:13,998 INFO  client.GrpcClientProtocolClient (GrpcClientProtocolClient.java:onNext(255)) - client-FB00420D972B->0a7e6056-64a2-4302-b029-255d48a66d7f: receive RaftClientReply:client-FB00420D972B->0a7e6056-64a2-4302-b029-255d48a66d7f@group-1EE0336AADCF, cid=3905, SUCCESS, logIndex=5939, commits[0a7e6056-64a2-4302-b029-255d48a66d7f:c5940, 82c1508e-6289-48e2-a567-a0e29c8b4903:c5938, f63d6ef8-0266-4bf3-bcb1-484cdaae1fbb:c5938]
2019-07-09 20:07:13,999 INFO  client.GrpcClientProtocolClient (GrpcClientProtocolClient.java:onNext(255)) - client-FB00420D972B->0a7e6056-64a2-4302-b029-255d48a66d7f: receive RaftClientReply:client-FB00420D972B->0a7e6056-64a2-4302-b029-255d48a66d7f@group-1EE0336AADCF, cid=3906, SUCCESS, logIndex=5940, commits[0a7e6056-64a2-4302-b029-255d48a66d7f:c5941, 82c1508e-6289-48e2-a567-a0e29c8b4903:c5938, f63d6ef8-0266-4bf3-bcb1-484cdaae1fbb:c5938]
2019-07-09 20:07:13,999 INFO  client.GrpcClientProtocolClient (GrpcClientProtocolClient.java:onNext(255)) - client-FB00420D972B->0a7e6056-64a2-4302-b029-255d48a66d7f: receive RaftClientReply:client-FB00420D972B->0a7e6056-64a2-4302-b029-255d48a66d7f@group-1EE0336AADCF, cid=3907, SUCCESS, logIndex=5941, commits[0a7e6056-64a2-4302-b029-255d48a66d7f:c5942, 82c1508e-6289-48e2-a567-a0e29c8b4903:c5938, f63d6ef8-0266-4bf3-bcb1-484cdaae1fbb:c5938]
2019-07-09 20:07:14,000 INFO  client.GrpcClientProtocolClient (GrpcClientProtocolClient.java:onNext(255)) - client-FB00420D972B->0a7e6056-64a2-4302-b029-255d48a66d7f: receive RaftClientReply:client-FB00420D972B->0a7e6056-64a2-4302-b029-255d48a66d7f@group-1EE0336AADCF, cid=3908, SUCCESS, logIndex=5942, commits[0a7e6056-64a2-4302-b029-255d48a66d7f:c5942, 82c1508e-6289-48e2-a567-a0e29c8b4903:c5938, f63d6ef8-0266-4bf3-bcb1-484cdaae1fbb:c5938]
2019-07-09 20:07:14,013 INFO  client.GrpcClientProtocolClient (GrpcClientProtocolClient.java:onNext(255)) - client-FB00420D972B->0a7e6056-64a2-4302-b029-255d48a66d7f: receive RaftClientReply:client-FB00420D972B->0a7e6056-64a2-4302-b029-255d48a66d7f@group-1EE0336AADCF, cid=3909, SUCCESS, logIndex=0, commits[0a7e6056-64a2-4302-b029-255d48a66d7f:c5944, 82c1508e-6289-48e2-a567-a0e29c8b4903:c5940, f63d6ef8-0266-4bf3-bcb1-484cdaae1fbb:c5940]
2019-07-09 20:07:14,034 INFO  client.GrpcClientProtocolClient (GrpcClientProtocolClient.java:onNext(255)) - client-FB00420D972B->0a7e6056-64a2-4302-b029-255d48a66d7f: receive RaftClientReply:client-FB00420D972B->0a7e6056-64a2-4302-b029-255d48a66d7f@group-1EE0336AADCF, cid=3910, SUCCESS, logIndex=5947, commits[0a7e6056-64a2-4302-b029-255d48a66d7f:c5948, 82c1508e-6289-48e2-a567-a0e29c8b4903:c5946, f63d6ef8-0266-4bf3-bcb1-484cdaae1fbb:c5946]
2019-07-09 20:07:14,035 INFO  client.GrpcClientProtocolClient (GrpcClientProtocolClient.java:onNext(255)) - client-FB00420D972B->0a7e6056-64a2-4302-b029-255d48a66d7f: receive RaftClientReply:client-FB00420D972B->0a7e6056-64a2-4302-b029-255d48a66d7f@group-1EE0336AADCF, cid=3911, SUCCESS, logIndex=5948, commits[0a7e6056-64a2-4302-b029-255d48a66d7f:c5948, 82c1508e-6289-48e2-a567-a0e29c8b4903:c5946, f63d6ef8-0266-4bf3-bcb1-484cdaae1fbb:c5946]
2019-07-09 20:07:14,061 INFO  client.GrpcClientProtocolClient (GrpcClientProtocolClient.java:onNext(255)) - client-FB00420D972B->0a7e6056-64a2-4302-b029-255d48a66d7f: receive RaftClientReply:client-FB00420D972B->0a7e6056-64a2-4302-b029-255d48a66d7f@group-1EE0336AADCF, cid=3912, SUCCESS, logIndex=5951, commits[0a7e6056-64a2-4302-b029-255d48a66d7f:c5952, 82c1508e-6289-48e2-a567-a0e29c8b4903:c5948, f63d6ef8-0266-4bf3-bcb1-484cdaae1fbb:c5948]
2019-07-09 20:07:14,062 INFO  client.GrpcClientProtocolClient (GrpcClientProtocolClient.java:onNext(255)) - client-FB00420D972B->0a7e6056-64a2-4302-b029-255d48a66d7f: receive RaftClientReply:client-FB00420D972B->0a7e6056-64a2-4302-b029-255d48a66d7f@group-1EE0336AADCF, cid=3913, SUCCESS, logIndex=5952, commits[0a7e6056-64a2-4302-b029-255d48a66d7f:c5952, 82c1508e-6289-48e2-a567-a0e29c8b4903:c5948, f63d6ef8-0266-4bf3-bcb1-484cdaae1fbb:c5948]
2019-07-09 20:07:14,084 INFO  client.GrpcClientProtocolClient (GrpcClientProtocolClient.java:onNext(255)) - client-FB00420D972B->0a7e6056-64a2-4302-b029-255d48a66d7f: receive RaftClientReply:client-FB00420D972B->0a7e6056-64a2-4302-b029-255d48a66d7f@group-1EE0336AADCF, cid=3914, SUCCESS, logIndex=0, commits[0a7e6056-64a2-4302-b029-255d48a66d7f:c5954, 82c1508e-6289-48e2-a567-a0e29c8b4903:c5952, f63d6ef8-0266-4bf3-bcb1-484cdaae1fbb:c5952]
2019-07-09 20:07:14,119 INFO  client.GrpcClientProtocolClient (GrpcClientProtocolClient.java:onNext(255)) - client-FB00420D972B->0a7e6056-64a2-4302-b029-255d48a66d7f: receive RaftClientReply:client-FB00420D972B->0a7e6056-64a2-4302-b029-255d48a66d7f@group-1EE0336AADCF, cid=3915, SUCCESS, logIndex=5955, commits[0a7e6056-64a2-4302-b029-255d48a66d7f:c5956, 82c1508e-6289-48e2-a567-a0e29c8b4903:c5954, f63d6ef8-0266-4bf3-bcb1-484cdaae1fbb:c5954]
2019-07-09 20:07:14,120 INFO  client.GrpcClientProtocolClient (GrpcClientProtocolClient.java:onNext(255)) - client-FB00420D972B->0a7e6056-64a2-4302-b029-255d48a66d7f: receive RaftClientReply:client-FB00420D972B->0a7e6056-64a2-4302-b029-255d48a66d7f@group-1EE0336AADCF, cid=3916, SUCCESS, logIndex=5956, commits[0a7e6056-64a2-4302-b029-255d48a66d7f:c5956, 82c1508e-6289-48e2-a567-a0e29c8b4903:c5954, f63d6ef8-0266-4bf3-bcb1-484cdaae1fbb:c5954]
2019-07-09 20:07:14,120 INFO  client.GrpcClientProtocolClient (GrpcClientProtocolClient.java:onNext(255)) - client-FB00420D972B->0a7e6056-64a2-4302-b029-255d48a66d7f: receive RaftClientReply:client-FB00420D972B->0a7e6056-64a2-4302-b029-255d48a66d7f@group-1EE0336AADCF, cid=3917, SUCCESS, logIndex=5957, commits[0a7e6056-64a2-4302-b029-255d48a66d7f:c5958, 82c1508e-6289-48e2-a567-a0e29c8b4903:c5954, f63d6ef8-0266-4bf3-bcb1-484cdaae1fbb:c5954]
2019-07-09 20:07:14,120 INFO  client.GrpcClientProtocolClient (GrpcClientProtocolClient.java:onNext(255)) - client-FB00420D972B->0a7e6056-64a2-4302-b029-255d48a66d7f: receive RaftClientReply:client-FB00420D972B->0a7e6056-64a2-4302-b029-255d48a66d7f@group-1EE0336AADCF, cid=3918, SUCCESS, logIndex=5958, commits[0a7e6056-64a2-4302-b029-255d48a66d7f:c5958, 82c1508e-6289-48e2-a567-a0e29c8b4903:c5954, f63d6ef8-0266-4bf3-bcb1-484cdaae1fbb:c5954]
2019-07-09 20:07:14,134 INFO  client.GrpcClientProtocolClient (GrpcClientProtocolClient.java:onNext(255)) - client-FB00420D972B->0a7e6056-64a2-4302-b029-255d48a66d7f: receive RaftClientReply:client-FB00420D972B->0a7e6056-64a2-4302-b029-255d48a66d7f@group-1EE0336AADCF, cid=3919, SUCCESS, logIndex=0, commits[0a7e6056-64a2-4302-b029-255d48a66d7f:c5960, 82c1508e-6289-48e2-a567-a0e29c8b4903:c5956, f63d6ef8-0266-4bf3-bcb1-484cdaae1fbb:c5956]
2019-07-09 20:07:14,158 INFO  client.GrpcClientProtocolClient (GrpcClientProtocolClient.java:onNext(255)) - client-FB00420D972B->0a7e6056-64a2-4302-b029-255d48a66d7f: receive RaftClientReply:client-FB00420D972B->0a7e6056-64a2-4302-b029-255d48a66d7f@group-1EE0336AADCF, cid=3920, SUCCESS, logIndex=5963, commits[0a7e6056-64a2-4302-b029-255d48a66d7f:c5964, 82c1508e-6289-48e2-a567-a0e29c8b4903:c5962, f63d6ef8-0266-4bf3-bcb1-484cdaae1fbb:c5962]
2019-07-09 20:07:14,158 INFO  client.GrpcClientProtocolClient (GrpcClientProtocolClient.java:onNext(255)) - client-FB00420D972B->0a7e6056-64a2-4302-b029-255d48a66d7f: receive RaftClientReply:client-FB00420D972B->0a7e6056-64a2-4302-b029-255d48a66d7f@group-1EE0336AADCF, cid=3921, SUCCESS, logIndex=5964, commits[0a7e6056-64a2-4302-b029-255d48a66d7f:c5964, 82c1508e-6289-48e2-a567-a0e29c8b4903:c5962, f63d6ef8-0266-4bf3-bcb1-484cdaae1fbb:c5962]
2019-07-09 20:07:14,312 INFO  client.GrpcClientProtocolClient (GrpcClientProtocolClient.java:onNext(255)) - client-FB00420D972B->0a7e6056-64a2-4302-b029-255d48a66d7f: receive RaftClientReply:client-FB00420D972B->0a7e6056-64a2-4302-b029-255d48a66d7f@group-1EE0336AADCF, cid=3922, SUCCESS, logIndex=5967, commits[0a7e6056-64a2-4302-b029-255d48a66d7f:c5968, 82c1508e-6289-48e2-a567-a0e29c8b4903:c5966, f63d6ef8-0266-4bf3-bcb1-484cdaae1fbb:c5966]
2019-07-09 20:07:14,313 INFO  client.GrpcClientProtocolClient (GrpcClientProtocolClient.java:onNext(255)) - client-FB00420D972B->0a7e6056-64a2-4302-b029-255d48a66d7f: receive RaftClientReply:client-FB00420D972B->0a7e6056-64a2-4302-b029-255d48a66d7f@group-1EE0336AADCF, cid=3923, SUCCESS, logIndex=5968, commits[0a7e6056-64a2-4302-b029-255d48a66d7f:c5968, 82c1508e-6289-48e2-a567-a0e29c8b4903:c5966, f63d6ef8-0266-4bf3-bcb1-484cdaae1fbb:c5966]
2019-07-09 20:07:14,324 INFO  client.GrpcClientProtocolClient (GrpcClientProtocolClient.java:onNext(255)) - client-FB00420D972B->0a7e6056-64a2-4302-b029-255d48a66d7f: receive RaftClientReply:client-FB00420D972B->0a7e6056-64a2-4302-b029-255d48a66d7f@group-1EE0336AADCF, cid=3924, SUCCESS, logIndex=0, commits[0a7e6056-64a2-4302-b029-255d48a66d7f:c5969, 82c1508e-6289-48e2-a567-a0e29c8b4903:c5968, f63d6ef8-0266-4bf3-bcb1-484cdaae1fbb:c5968]
2019-07-09 20:07:14,362 INFO  client.GrpcClientProtocolClient (GrpcClientProtocolClient.java:onNext(255)) - client-FB00420D972B->0a7e6056-64a2-4302-b029-255d48a66d7f: receive RaftClientReply:client-FB00420D972B->0a7e6056-64a2-4302-b029-255d48a66d7f@group-1EE0336AADCF, cid=3925, SUCCESS, logIndex=5971, commits[0a7e6056-64a2-4302-b029-255d48a66d7f:c5972, 82c1508e-6289-48e2-a567-a0e29c8b4903:c5970, f63d6ef8-0266-4bf3-bcb1-484cdaae1fbb:c5970]
2019-07-09 20:07:14,362 INFO  client.GrpcClientProtocolClient (GrpcClientProtocolClient.java:onNext(255)) - client-FB00420D972B->0a7e6056-64a2-4302-b029-255d48a66d7f: receive RaftClientReply:client-FB00420D972B->0a7e6056-64a2-4302-b029-255d48a66d7f@group-1EE0336AADCF, cid=3926, SUCCESS, logIndex=5972, commits[0a7e6056-64a2-4302-b029-255d48a66d7f:c5973, 82c1508e-6289-48e2-a567-a0e29c8b4903:c5970, f63d6ef8-0266-4bf3-bcb1-484cdaae1fbb:c5970]
2019-07-09 20:07:14,363 INFO  client.GrpcClientProtocolClient (GrpcClientProtocolClient.java:onNext(255)) - client-FB00420D972B->0a7e6056-64a2-4302-b029-255d48a66d7f: receive RaftClientReply:client-FB00420D972B->0a7e6056-64a2-4302-b029-255d48a66d7f@group-1EE0336AADCF, cid=3927, SUCCESS, logIndex=5973, commits[0a7e6056-64a2-4302-b029-255d48a66d7f:c5974, 82c1508e-6289-48e2-a567-a0e29c8b4903:c5970, f63d6ef8-0266-4bf3-bcb1-484cdaae1fbb:c5970]
2019-07-09 20:07:14,363 INFO  client.GrpcClientProtocolClient (GrpcClientProtocolClient.java:onNext(255)) - client-FB00420D972B->0a7e6056-64a2-4302-b029-255d48a66d7f: receive RaftClientReply:client-FB00420D972B->0a7e6056-64a2-4302-b029-255d48a66d7f@group-1EE0336AADCF, cid=3928, SUCCESS, logIndex=5974, commits[0a7e6056-64a2-4302-b029-255d48a66d7f:c5974, 82c1508e-6289-48e2-a567-a0e29c8b4903:c5970, f63d6ef8-0266-4bf3-bcb1-484cdaae1fbb:c5970]
2019-07-09 20:07:14,376 INFO  client.GrpcClientProtocolClient (GrpcClientProtocolClient.java:onNext(255)) - client-FB00420D972B->0a7e6056-64a2-4302-b029-255d48a66d7f: receive RaftClientReply:client-FB00420D972B->0a7e6056-64a2-4302-b029-255d48a66d7f@group-1EE0336AADCF, cid=3929, SUCCESS, logIndex=0, commits[0a7e6056-64a2-4302-b029-255d48a66d7f:c5976, 82c1508e-6289-48e2-a567-a0e29c8b4903:c5972, f63d6ef8-0266-4bf3-bcb1-484cdaae1fbb:c5972]
2019-07-09 20:07:14,399 INFO  client.GrpcClientProtocolClient (GrpcClientProtocolClient.java:onNext(255)) - client-FB00420D972B->0a7e6056-64a2-4302-b029-255d48a66d7f: receive RaftClientReply:client-FB00420D972B->0a7e6056-64a2-4302-b029-255d48a66d7f@group-1EE0336AADCF, cid=3930, SUCCESS, logIndex=5979, commits[0a7e6056-64a2-4302-b029-255d48a66d7f:c5980, 82c1508e-6289-48e2-a567-a0e29c8b4903:c5978, f63d6ef8-0266-4bf3-bcb1-484cdaae1fbb:c5978]
2019-07-09 20:07:14,399 INFO  client.GrpcClientProtocolClient (GrpcClientProtocolClient.java:onNext(255)) - client-FB00420D972B->0a7e6056-64a2-4302-b029-255d48a66d7f: receive RaftClientReply:client-FB00420D972B->0a7e6056-64a2-4302-b029-255d48a66d7f@group-1EE0336AADCF, cid=3931, SUCCESS, logIndex=5980, commits[0a7e6056-64a2-4302-b029-255d48a66d7f:c5980, 82c1508e-6289-48e2-a567-a0e29c8b4903:c5978, f63d6ef8-0266-4bf3-bcb1-484cdaae1fbb:c5978]
2019-07-09 20:07:14,426 INFO  client.GrpcClientProtocolClient (GrpcClientProtocolClient.java:onNext(255)) - client-FB00420D972B->0a7e6056-64a2-4302-b029-255d48a66d7f: receive RaftClientReply:client-FB00420D972B->0a7e6056-64a2-4302-b029-255d48a66d7f@group-1EE0336AADCF, cid=3932, SUCCESS, logIndex=5983, commits[0a7e6056-64a2-4302-b029-255d48a66d7f:c5984, 82c1508e-6289-48e2-a567-a0e29c8b4903:c5980, f63d6ef8-0266-4bf3-bcb1-484cdaae1fbb:c5980]
2019-07-09 20:07:14,426 INFO  client.GrpcClientProtocolClient (GrpcClientProtocolClient.java:onNext(255)) - client-FB00420D972B->0a7e6056-64a2-4302-b029-255d48a66d7f: receive RaftClientReply:client-FB00420D972B->0a7e6056-64a2-4302-b029-255d48a66d7f@group-1EE0336AADCF, cid=3933, SUCCESS, logIndex=5984, commits[0a7e6056-64a2-4302-b029-255d48a66d7f:c5984, 82c1508e-6289-48e2-a567-a0e29c8b4903:c5980, f63d6ef8-0266-4bf3-bcb1-484cdaae1fbb:c5980]
2019-07-09 20:07:14,451 INFO  client.GrpcClientProtocolClient (GrpcClientProtocolClient.java:onNext(255)) - client-FB00420D972B->0a7e6056-64a2-4302-b029-255d48a66d7f: receive RaftClientReply:client-FB00420D972B->0a7e6056-64a2-4302-b029-255d48a66d7f@group-1EE0336AADCF, cid=3934, SUCCESS, logIndex=0, commits[0a7e6056-64a2-4302-b029-255d48a66d7f:c5986, 82c1508e-6289-48e2-a567-a0e29c8b4903:c5984, f63d6ef8-0266-4bf3-bcb1-484cdaae1fbb:c5984]
2019-07-09 20:07:14,487 INFO  client.GrpcClientProtocolClient (GrpcClientProtocolClient.java:onNext(255)) - client-FB00420D972B->0a7e6056-64a2-4302-b029-255d48a66d7f: receive RaftClientReply:client-FB00420D972B->0a7e6056-64a2-4302-b029-255d48a66d7f@group-1EE0336AADCF, cid=3935, SUCCESS, logIndex=5987, commits[0a7e6056-64a2-4302-b029-255d48a66d7f:c5988, 82c1508e-6289-48e2-a567-a0e29c8b4903:c5986, f63d6ef8-0266-4bf3-bcb1-484cdaae1fbb:c5986]
2019-07-09 20:07:14,488 INFO  client.GrpcClientProtocolClient (GrpcClientProtocolClient.java:onNext(255)) - client-FB00420D972B->0a7e6056-64a2-4302-b029-255d48a66d7f: receive RaftClientReply:client-FB00420D972B->0a7e6056-64a2-4302-b029-255d48a66d7f@group-1EE0336AADCF, cid=3936, SUCCESS, logIndex=5988, commits[0a7e6056-64a2-4302-b029-255d48a66d7f:c5988, 82c1508e-6289-48e2-a567-a0e29c8b4903:c5986, f63d6ef8-0266-4bf3-bcb1-484cdaae1fbb:c5986]
2019-07-09 20:07:14,488 INFO  client.GrpcClientProtocolClient (GrpcClientProtocolClient.java:onNext(255)) - client-FB00420D972B->0a7e6056-64a2-4302-b029-255d48a66d7f: receive RaftClientReply:client-FB00420D972B->0a7e6056-64a2-4302-b029-255d48a66d7f@group-1EE0336AADCF, cid=3937, SUCCESS, logIndex=5989, commits[0a7e6056-64a2-4302-b029-255d48a66d7f:c5990, 82c1508e-6289-48e2-a567-a0e29c8b4903:c5986, f63d6ef8-0266-4bf3-bcb1-484cdaae1fbb:c5986]
2019-07-09 20:07:14,489 INFO  client.GrpcClientProtocolClient (GrpcClientProtocolClient.java:onNext(255)) - client-FB00420D972B->0a7e6056-64a2-4302-b029-255d48a66d7f: receive RaftClientReply:client-FB00420D972B->0a7e6056-64a2-4302-b029-255d48a66d7f@group-1EE0336AADCF, cid=3938, SUCCESS, logIndex=5990, commits[0a7e6056-64a2-4302-b029-255d48a66d7f:c5990, 82c1508e-6289-48e2-a567-a0e29c8b4903:c5986, f63d6ef8-0266-4bf3-bcb1-484cdaae1fbb:c5986]
2019-07-09 20:07:14,502 INFO  client.GrpcClientProtocolClient (GrpcClientProtocolClient.java:onNext(255)) - client-FB00420D972B->0a7e6056-64a2-4302-b029-255d48a66d7f: receive RaftClientReply:client-FB00420D972B->0a7e6056-64a2-4302-b029-255d48a66d7f@group-1EE0336AADCF, cid=3939, SUCCESS, logIndex=0, commits[0a7e6056-64a2-4302-b029-255d48a66d7f:c5992, 82c1508e-6289-48e2-a567-a0e29c8b4903:c5988, f63d6ef8-0266-4bf3-bcb1-484cdaae1fbb:c5988]
2019-07-09 20:07:14,523 INFO  client.GrpcClientProtocolClient (GrpcClientProtocolClient.java:onNext(255)) - client-FB00420D972B->0a7e6056-64a2-4302-b029-255d48a66d7f: receive RaftClientReply:client-FB00420D972B->0a7e6056-64a2-4302-b029-255d48a66d7f@group-1EE0336AADCF, cid=3940, SUCCESS, logIndex=5995, commits[0a7e6056-64a2-4302-b029-255d48a66d7f:c5996, 82c1508e-6289-48e2-a567-a0e29c8b4903:c5994, f63d6ef8-0266-4bf3-bcb1-484cdaae1fbb:c5994]
2019-07-09 20:07:14,523 INFO  client.GrpcClientProtocolClient (GrpcClientProtocolClient.java:onNext(255)) - client-FB00420D972B->0a7e6056-64a2-4302-b029-255d48a66d7f: receive RaftClientReply:client-FB00420D972B->0a7e6056-64a2-4302-b029-255d48a66d7f@group-1EE0336AADCF, cid=3941, SUCCESS, logIndex=5996, commits[0a7e6056-64a2-4302-b029-255d48a66d7f:c5996, 82c1508e-6289-48e2-a567-a0e29c8b4903:c5994, f63d6ef8-0266-4bf3-bcb1-484cdaae1fbb:c5994]
2019-07-09 20:07:14,538 INFO  client.GrpcClientProtocolClient (GrpcClientProtocolClient.java:onNext(255)) - client-FB00420D972B->0a7e6056-64a2-4302-b029-255d48a66d7f: receive RaftClientReply:client-FB00420D972B->0a7e6056-64a2-4302-b029-255d48a66d7f@group-1EE0336AADCF, cid=3942, SUCCESS, logIndex=5999, commits[0a7e6056-64a2-4302-b029-255d48a66d7f:c6000, 82c1508e-6289-48e2-a567-a0e29c8b4903:c5996, f63d6ef8-0266-4bf3-bcb1-484cdaae1fbb:c5996]
2019-07-09 20:07:14,538 INFO  client.GrpcClientProtocolClient (GrpcClientProtocolClient.java:onNext(255)) - client-FB00420D972B->0a7e6056-64a2-4302-b029-255d48a66d7f: receive RaftClientReply:client-FB00420D972B->0a7e6056-64a2-4302-b029-255d48a66d7f@group-1EE0336AADCF, cid=3943, SUCCESS, logIndex=6000, commits[0a7e6056-64a2-4302-b029-255d48a66d7f:c6000, 82c1508e-6289-48e2-a567-a0e29c8b4903:c5996, f63d6ef8-0266-4bf3-bcb1-484cdaae1fbb:c5996]
2019-07-09 20:07:14,564 INFO  client.GrpcClientProtocolClient (GrpcClientProtocolClient.java:onNext(255)) - client-FB00420D972B->0a7e6056-64a2-4302-b029-255d48a66d7f: receive RaftClientReply:client-FB00420D972B->0a7e6056-64a2-4302-b029-255d48a66d7f@group-1EE0336AADCF, cid=3944, SUCCESS, logIndex=0, commits[0a7e6056-64a2-4302-b029-255d48a66d7f:c6001, 82c1508e-6289-48e2-a567-a0e29c8b4903:c6000, f63d6ef8-0266-4bf3-bcb1-484cdaae1fbb:c6000]
 0.00% |█                                                                                                    |  0/1 Time: 0:00:46 0.00% |█                                                                                                    |  0/1 Time: 0:00:472019-07-09 20:07:15,909 INFO  client.GrpcClientProtocolClient (GrpcClientProtocolClient.java:onNext(255)) - client-FB00420D972B->0a7e6056-64a2-4302-b029-255d48a66d7f: receive RaftClientReply:client-FB00420D972B->0a7e6056-64a2-4302-b029-255d48a66d7f@group-1EE0336AADCF, cid=3945, SUCCESS, logIndex=6003, commits[0a7e6056-64a2-4302-b029-255d48a66d7f:c6004, 82c1508e-6289-48e2-a567-a0e29c8b4903:c6002, f63d6ef8-0266-4bf3-bcb1-484cdaae1fbb:c6002]
2019-07-09 20:07:15,909 INFO  client.GrpcClientProtocolClient (GrpcClientProtocolClient.java:onNext(255)) - client-FB00420D972B->0a7e6056-64a2-4302-b029-255d48a66d7f: receive RaftClientReply:client-FB00420D972B->0a7e6056-64a2-4302-b029-255d48a66d7f@group-1EE0336AADCF, cid=3946, SUCCESS, logIndex=6004, commits[0a7e6056-64a2-4302-b029-255d48a66d7f:c6004, 82c1508e-6289-48e2-a567-a0e29c8b4903:c6002, f63d6ef8-0266-4bf3-bcb1-484cdaae1fbb:c6002]
 0.00% |█                                                                                                    |  0/1 Time: 0:00:482019-07-09 20:07:17,295 INFO  client.GrpcClientProtocolClient (GrpcClientProtocolClient.java:onNext(255)) - client-FB00420D972B->0a7e6056-64a2-4302-b029-255d48a66d7f: receive RaftClientReply:client-FB00420D972B->0a7e6056-64a2-4302-b029-255d48a66d7f@group-1EE0336AADCF, cid=3947, SUCCESS, logIndex=6005, commits[0a7e6056-64a2-4302-b029-255d48a66d7f:c6006, 82c1508e-6289-48e2-a567-a0e29c8b4903:c6004, f63d6ef8-0266-4bf3-bcb1-484cdaae1fbb:c6004]
2019-07-09 20:07:17,296 INFO  client.GrpcClientProtocolClient (GrpcClientProtocolClient.java:onNext(255)) - client-FB00420D972B->0a7e6056-64a2-4302-b029-255d48a66d7f: receive RaftClientReply:client-FB00420D972B->0a7e6056-64a2-4302-b029-255d48a66d7f@group-1EE0336AADCF, cid=3948, SUCCESS, logIndex=6006, commits[0a7e6056-64a2-4302-b029-255d48a66d7f:c6006, 82c1508e-6289-48e2-a567-a0e29c8b4903:c6004, f63d6ef8-0266-4bf3-bcb1-484cdaae1fbb:c6004]
 0.00% |█                                                                                                    |  0/1 Time: 0:00:49 0.00% |█                                                                                                    |  0/1 Time: 0:00:50 0.00% |█                                                                                                    |  0/1 Time: 0:00:512019-07-09 20:07:20,294 WARN  server.GrpcLogAppender (GrpcLogAppender.java:timeoutAppendRequest(200)) - GrpcLogAppender(0a7e6056-64a2-4302-b029-255d48a66d7f->82c1508e-6289-48e2-a567-a0e29c8b4903): appendEntries Timeout, request=0a7e6056-64a2-4302-b029-255d48a66d7f->82c1508e-6289-48e2-a567-a0e29c8b4903#6065-t1, previous=(t:1, i:6008), leaderCommit=6005, initializing? false, entries: size=1, first=(t:1, i:6009), METADATAENTRY(c6005)
2019-07-09 20:07:20,294 WARN  server.GrpcLogAppender (GrpcLogAppender.java:timeoutAppendRequest(200)) - GrpcLogAppender(0a7e6056-64a2-4302-b029-255d48a66d7f->f63d6ef8-0266-4bf3-bcb1-484cdaae1fbb): appendEntries Timeout, request=0a7e6056-64a2-4302-b029-255d48a66d7f->f63d6ef8-0266-4bf3-bcb1-484cdaae1fbb#6064-t1, previous=(t:1, i:6008), leaderCommit=6005, initializing? false, entries: size=1, first=(t:1, i:6009), METADATAENTRY(c6005)
2019-07-09 20:07:20,304 WARN  server.GrpcLogAppender (GrpcLogAppender.java:timeoutAppendRequest(200)) - GrpcLogAppender(0a7e6056-64a2-4302-b029-255d48a66d7f->82c1508e-6289-48e2-a567-a0e29c8b4903): appendEntries Timeout, request=0a7e6056-64a2-4302-b029-255d48a66d7f->82c1508e-6289-48e2-a567-a0e29c8b4903#6066-t1, previous=(t:1, i:6009), leaderCommit=6006, initializing? false, entries: size=1, first=(t:1, i:6010), METADATAENTRY(c6006)
2019-07-09 20:07:20,306 WARN  server.GrpcLogAppender (GrpcLogAppender.java:timeoutAppendRequest(200)) - GrpcLogAppender(0a7e6056-64a2-4302-b029-255d48a66d7f->f63d6ef8-0266-4bf3-bcb1-484cdaae1fbb): appendEntries Timeout, request=0a7e6056-64a2-4302-b029-255d48a66d7f->f63d6ef8-0266-4bf3-bcb1-484cdaae1fbb#6065-t1, previous=(t:1, i:6009), leaderCommit=6006, initializing? false, entries: size=1, first=(t:1, i:6010), METADATAENTRY(c6006)
2019-07-09 20:07:20,306 WARN  server.GrpcLogAppender (GrpcLogAppender.java:timeoutAppendRequest(200)) - GrpcLogAppender(0a7e6056-64a2-4302-b029-255d48a66d7f->82c1508e-6289-48e2-a567-a0e29c8b4903): appendEntries Timeout, request=0a7e6056-64a2-4302-b029-255d48a66d7f->82c1508e-6289-48e2-a567-a0e29c8b4903#6067-t1, previous=(t:1, i:6010), leaderCommit=6006, initializing? false, entries: size=1, first=(t:1, i:6011), STATEMACHINELOGENTRY, client-FB00420D972B, cid=3949
2019-07-09 20:07:20,306 WARN  server.GrpcLogAppender (GrpcLogAppender.java:timeoutAppendRequest(200)) - GrpcLogAppender(0a7e6056-64a2-4302-b029-255d48a66d7f->f63d6ef8-0266-4bf3-bcb1-484cdaae1fbb): appendEntries Timeout, request=0a7e6056-64a2-4302-b029-255d48a66d7f->f63d6ef8-0266-4bf3-bcb1-484cdaae1fbb#6066-t1, previous=(t:1, i:6010), leaderCommit=6006, initializing? false, entries: size=1, first=(t:1, i:6011), STATEMACHINELOGENTRY, client-FB00420D972B, cid=3949
2019-07-09 20:07:20,306 WARN  server.GrpcLogAppender (GrpcLogAppender.java:timeoutAppendRequest(200)) - GrpcLogAppender(0a7e6056-64a2-4302-b029-255d48a66d7f->82c1508e-6289-48e2-a567-a0e29c8b4903): appendEntries Timeout, request=0a7e6056-64a2-4302-b029-255d48a66d7f->82c1508e-6289-48e2-a567-a0e29c8b4903#6068-t1, previous=(t:1, i:6011), leaderCommit=6006, initializing? false, entries: size=1, first=(t:1, i:6012), STATEMACHINELOGENTRY, client-FB00420D972B, cid=3950
2019-07-09 20:07:20,307 WARN  server.GrpcLogAppender (GrpcLogAppender.java:timeoutAppendRequest(200)) - GrpcLogAppender(0a7e6056-64a2-4302-b029-255d48a66d7f->f63d6ef8-0266-4bf3-bcb1-484cdaae1fbb): appendEntries Timeout, request=0a7e6056-64a2-4302-b029-255d48a66d7f->f63d6ef8-0266-4bf3-bcb1-484cdaae1fbb#6067-t1, previous=(t:1, i:6011), leaderCommit=6006, initializing? false, entries: size=1, first=(t:1, i:6012), STATEMACHINELOGENTRY, client-FB00420D972B, cid=3950
2019-07-09 20:07:20,316 WARN  server.GrpcLogAppender (GrpcLogAppender.java:onNextImpl(250)) - org.apache.ratis.grpc.server.GrpcLogAppender$AppendLogResponseHandler@daaffa4: Request not found, ignoring reply: 0a7e6056-64a2-4302-b029-255d48a66d7f<-f63d6ef8-0266-4bf3-bcb1-484cdaae1fbb#6064:OK,SUCCESS,nextIndex:6010,term:1,followerCommit:6008
2019-07-09 20:07:20,316 WARN  server.GrpcLogAppender (GrpcLogAppender.java:onNextImpl(250)) - org.apache.ratis.grpc.server.GrpcLogAppender$AppendLogResponseHandler@4719334c: Request not found, ignoring reply: 0a7e6056-64a2-4302-b029-255d48a66d7f<-82c1508e-6289-48e2-a567-a0e29c8b4903#6065:OK,SUCCESS,nextIndex:6010,term:1,followerCommit:6008
2019-07-09 20:07:20,316 WARN  server.GrpcLogAppender (GrpcLogAppender.java:onNextImpl(250)) - org.apache.ratis.grpc.server.GrpcLogAppender$AppendLogResponseHandler@daaffa4: Request not found, ignoring reply: 0a7e6056-64a2-4302-b029-255d48a66d7f<-f63d6ef8-0266-4bf3-bcb1-484cdaae1fbb#6065:OK,SUCCESS,nextIndex:6011,term:1,followerCommit:6008
2019-07-09 20:07:20,316 WARN  server.GrpcLogAppender (GrpcLogAppender.java:onNextImpl(250)) - org.apache.ratis.grpc.server.GrpcLogAppender$AppendLogResponseHandler@4719334c: Request not found, ignoring reply: 0a7e6056-64a2-4302-b029-255d48a66d7f<-82c1508e-6289-48e2-a567-a0e29c8b4903#6066:OK,SUCCESS,nextIndex:6011,term:1,followerCommit:6008
2019-07-09 20:07:20,316 WARN  server.GrpcLogAppender (GrpcLogAppender.java:onNextImpl(250)) - org.apache.ratis.grpc.server.GrpcLogAppender$AppendLogResponseHandler@daaffa4: Request not found, ignoring reply: 0a7e6056-64a2-4302-b029-255d48a66d7f<-f63d6ef8-0266-4bf3-bcb1-484cdaae1fbb#6066:OK,SUCCESS,nextIndex:6012,term:1,followerCommit:6008
2019-07-09 20:07:20,316 WARN  server.GrpcLogAppender (GrpcLogAppender.java:onNextImpl(250)) - org.apache.ratis.grpc.server.GrpcLogAppender$AppendLogResponseHandler@4719334c: Request not found, ignoring reply: 0a7e6056-64a2-4302-b029-255d48a66d7f<-82c1508e-6289-48e2-a567-a0e29c8b4903#6067:OK,SUCCESS,nextIndex:6012,term:1,followerCommit:6008
2019-07-09 20:07:20,317 WARN  server.GrpcLogAppender (GrpcLogAppender.java:onNextImpl(250)) - org.apache.ratis.grpc.server.GrpcLogAppender$AppendLogResponseHandler@daaffa4: Request not found, ignoring reply: 0a7e6056-64a2-4302-b029-255d48a66d7f<-f63d6ef8-0266-4bf3-bcb1-484cdaae1fbb#6067:OK,SUCCESS,nextIndex:6013,term:1,followerCommit:6008
2019-07-09 20:07:20,317 WARN  server.GrpcLogAppender (GrpcLogAppender.java:onNextImpl(250)) - org.apache.ratis.grpc.server.GrpcLogAppender$AppendLogResponseHandler@4719334c: Request not found, ignoring reply: 0a7e6056-64a2-4302-b029-255d48a66d7f<-82c1508e-6289-48e2-a567-a0e29c8b4903#6068:OK,SUCCESS,nextIndex:6013,term:1,followerCommit:6008
 0.00% |█                                                                                                    |  0/1 Time: 0:00:52 0.00% |█                                                                                                    |  0/1 Time: 0:00:532019-07-09 20:07:22,399 INFO  client.GrpcClientProtocolClient (GrpcClientProtocolClient.java:onNext(255)) - client-FB00420D972B->82c1508e-6289-48e2-a567-a0e29c8b4903: receive RaftClientReply:client-FB00420D972B->82c1508e-6289-48e2-a567-a0e29c8b4903@group-1EE0336AADCF, cid=3949, FAILED org.apache.ratis.protocol.NotLeaderException: Server 82c1508e-6289-48e2-a567-a0e29c8b4903 is not the leader (0a7e6056-64a2-4302-b029-255d48a66d7f:192.168.69.87:39996). Request must be sent to leader., logIndex=0, commits[82c1508e-6289-48e2-a567-a0e29c8b4903:c6012, f63d6ef8-0266-4bf3-bcb1-484cdaae1fbb:c6008, 0a7e6056-64a2-4302-b029-255d48a66d7f:c6012]
2019-07-09 20:07:22,429 INFO  client.GrpcClientProtocolClient (GrpcClientProtocolClient.java:onNext(255)) - client-FB00420D972B->0a7e6056-64a2-4302-b029-255d48a66d7f: receive RaftClientReply:client-FB00420D972B->0a7e6056-64a2-4302-b029-255d48a66d7f@group-1EE0336AADCF, cid=3949, SUCCESS, logIndex=6011, commits[0a7e6056-64a2-4302-b029-255d48a66d7f:c6012, 82c1508e-6289-48e2-a567-a0e29c8b4903:c6008, f63d6ef8-0266-4bf3-bcb1-484cdaae1fbb:c6008]
2019-07-09 20:07:22,436 INFO  client.GrpcClientProtocolClient (GrpcClientProtocolClient.java:onNext(255)) - client-FB00420D972B->0a7e6056-64a2-4302-b029-255d48a66d7f: receive RaftClientReply:client-FB00420D972B->0a7e6056-64a2-4302-b029-255d48a66d7f@group-1EE0336AADCF, cid=3950, SUCCESS, logIndex=6012, commits[0a7e6056-64a2-4302-b029-255d48a66d7f:c6012, 82c1508e-6289-48e2-a567-a0e29c8b4903:c6008, f63d6ef8-0266-4bf3-bcb1-484cdaae1fbb:c6008]
 0.00% |█                                                                                                    |  0/1 Time: 0:00:54 0.00% |█                                                                                                    |  0/1 Time: 0:00:55 0.00% |█                                                                                                    |  0/1 Time: 0:00:562019-07-09 20:07:25,445 WARN  server.GrpcLogAppender (GrpcLogAppender.java:timeoutAppendRequest(200)) - GrpcLogAppender(0a7e6056-64a2-4302-b029-255d48a66d7f->f63d6ef8-0266-4bf3-bcb1-484cdaae1fbb): appendEntries Timeout, request=0a7e6056-64a2-4302-b029-255d48a66d7f->f63d6ef8-0266-4bf3-bcb1-484cdaae1fbb#6078-t1, previous=(t:1, i:6013), leaderCommit=6013, initializing? false, entries: size=1, first=(t:1, i:6014), STATEMACHINELOGENTRY, client-FB00420D972B, cid=3951
2019-07-09 20:07:25,445 WARN  server.GrpcLogAppender (GrpcLogAppender.java:timeoutAppendRequest(200)) - GrpcLogAppender(0a7e6056-64a2-4302-b029-255d48a66d7f->82c1508e-6289-48e2-a567-a0e29c8b4903): appendEntries Timeout, request=0a7e6056-64a2-4302-b029-255d48a66d7f->82c1508e-6289-48e2-a567-a0e29c8b4903#6079-t1, previous=(t:1, i:6013), leaderCommit=6013, initializing? false, entries: size=1, first=(t:1, i:6014), STATEMACHINELOGENTRY, client-FB00420D972B, cid=3951
2019-07-09 20:07:25,446 WARN  server.GrpcLogAppender (GrpcLogAppender.java:timeoutAppendRequest(200)) - GrpcLogAppender(0a7e6056-64a2-4302-b029-255d48a66d7f->f63d6ef8-0266-4bf3-bcb1-484cdaae1fbb): appendEntries Timeout, request=0a7e6056-64a2-4302-b029-255d48a66d7f->f63d6ef8-0266-4bf3-bcb1-484cdaae1fbb#6079-t1, previous=(t:1, i:6014), leaderCommit=6013, initializing? false, entries: size=1, first=(t:1, i:6015), STATEMACHINELOGENTRY, client-FB00420D972B, cid=3952
2019-07-09 20:07:25,446 WARN  server.GrpcLogAppender (GrpcLogAppender.java:timeoutAppendRequest(200)) - GrpcLogAppender(0a7e6056-64a2-4302-b029-255d48a66d7f->82c1508e-6289-48e2-a567-a0e29c8b4903): appendEntries Timeout, request=0a7e6056-64a2-4302-b029-255d48a66d7f->82c1508e-6289-48e2-a567-a0e29c8b4903#6080-t1, previous=(t:1, i:6014), leaderCommit=6013, initializing? false, entries: size=1, first=(t:1, i:6015), STATEMACHINELOGENTRY, client-FB00420D972B, cid=3952
 0.00% |█                                                                                                    |  0/1 Time: 0:00:572019-07-09 20:07:25,946 WARN  server.GrpcLogAppender (GrpcLogAppender.java:timeoutAppendRequest(200)) - GrpcLogAppender(0a7e6056-64a2-4302-b029-255d48a66d7f->f63d6ef8-0266-4bf3-bcb1-484cdaae1fbb): appendEntries Timeout, request=0a7e6056-64a2-4302-b029-255d48a66d7f->f63d6ef8-0266-4bf3-bcb1-484cdaae1fbb#6080-t1, previous=(t:1, i:6015), leaderCommit=6013, initializing? false, entries: <empty>
2019-07-09 20:07:25,946 WARN  server.GrpcLogAppender (GrpcLogAppender.java:timeoutAppendRequest(200)) - GrpcLogAppender(0a7e6056-64a2-4302-b029-255d48a66d7f->82c1508e-6289-48e2-a567-a0e29c8b4903): appendEntries Timeout, request=0a7e6056-64a2-4302-b029-255d48a66d7f->82c1508e-6289-48e2-a567-a0e29c8b4903#6081-t1, previous=(t:1, i:6015), leaderCommit=6013, initializing? false, entries: <empty>
2019-07-09 20:07:26,446 WARN  server.GrpcLogAppender (GrpcLogAppender.java:timeoutAppendRequest(200)) - GrpcLogAppender(0a7e6056-64a2-4302-b029-255d48a66d7f->f63d6ef8-0266-4bf3-bcb1-484cdaae1fbb): appendEntries Timeout, request=0a7e6056-64a2-4302-b029-255d48a66d7f->f63d6ef8-0266-4bf3-bcb1-484cdaae1fbb#6081-t1, previous=(t:1, i:6015), leaderCommit=6013, initializing? false, entries: <empty>
2019-07-09 20:07:26,446 WARN  server.GrpcLogAppender (GrpcLogAppender.java:timeoutAppendRequest(200)) - GrpcLogAppender(0a7e6056-64a2-4302-b029-255d48a66d7f->82c1508e-6289-48e2-a567-a0e29c8b4903): appendEntries Timeout, request=0a7e6056-64a2-4302-b029-255d48a66d7f->82c1508e-6289-48e2-a567-a0e29c8b4903#6082-t1, previous=(t:1, i:6015), leaderCommit=6013, initializing? false, entries: <empty>
 0.00% |█                                                                                                    |  0/1 Time: 0:00:582019-07-09 20:07:26,946 WARN  server.GrpcLogAppender (GrpcLogAppender.java:timeoutAppendRequest(200)) - GrpcLogAppender(0a7e6056-64a2-4302-b029-255d48a66d7f->f63d6ef8-0266-4bf3-bcb1-484cdaae1fbb): appendEntries Timeout, request=0a7e6056-64a2-4302-b029-255d48a66d7f->f63d6ef8-0266-4bf3-bcb1-484cdaae1fbb#6082-t1, previous=(t:1, i:6015), leaderCommit=6013, initializing? false, entries: <empty>
2019-07-09 20:07:26,946 WARN  server.GrpcLogAppender (GrpcLogAppender.java:timeoutAppendRequest(200)) - GrpcLogAppender(0a7e6056-64a2-4302-b029-255d48a66d7f->82c1508e-6289-48e2-a567-a0e29c8b4903): appendEntries Timeout, request=0a7e6056-64a2-4302-b029-255d48a66d7f->82c1508e-6289-48e2-a567-a0e29c8b4903#6083-t1, previous=(t:1, i:6015), leaderCommit=6013, initializing? false, entries: <empty>
2019-07-09 20:07:27,123 WARN  server.GrpcLogAppender (GrpcLogAppender.java:onNextImpl(250)) - org.apache.ratis.grpc.server.GrpcLogAppender$AppendLogResponseHandler@4719334c: Request not found, ignoring reply: 0a7e6056-64a2-4302-b029-255d48a66d7f<-82c1508e-6289-48e2-a567-a0e29c8b4903#6079:OK,SUCCESS,nextIndex:6015,term:1,followerCommit:6013
2019-07-09 20:07:27,123 WARN  server.GrpcLogAppender (GrpcLogAppender.java:onNextImpl(250)) - org.apache.ratis.grpc.server.GrpcLogAppender$AppendLogResponseHandler@daaffa4: Request not found, ignoring reply: 0a7e6056-64a2-4302-b029-255d48a66d7f<-f63d6ef8-0266-4bf3-bcb1-484cdaae1fbb#6078:OK,SUCCESS,nextIndex:6015,term:1,followerCommit:6013
2019-07-09 20:07:27,123 WARN  server.GrpcLogAppender (GrpcLogAppender.java:onNextImpl(250)) - org.apache.ratis.grpc.server.GrpcLogAppender$AppendLogResponseHandler@4719334c: Request not found, ignoring reply: 0a7e6056-64a2-4302-b029-255d48a66d7f<-82c1508e-6289-48e2-a567-a0e29c8b4903#6080:OK,SUCCESS,nextIndex:6016,term:1,followerCommit:6013
2019-07-09 20:07:27,123 WARN  server.GrpcLogAppender (GrpcLogAppender.java:onNextImpl(250)) - org.apache.ratis.grpc.server.GrpcLogAppender$AppendLogResponseHandler@daaffa4: Request not found, ignoring reply: 0a7e6056-64a2-4302-b029-255d48a66d7f<-f63d6ef8-0266-4bf3-bcb1-484cdaae1fbb#6079:OK,SUCCESS,nextIndex:6016,term:1,followerCommit:6013
2019-07-09 20:07:27,123 WARN  server.GrpcLogAppender (GrpcLogAppender.java:onNextImpl(250)) - org.apache.ratis.grpc.server.GrpcLogAppender$AppendLogResponseHandler@4719334c: Request not found, ignoring reply: 0a7e6056-64a2-4302-b029-255d48a66d7f<-82c1508e-6289-48e2-a567-a0e29c8b4903#6081:OK,SUCCESS,nextIndex:6016,term:1,followerCommit:6013
2019-07-09 20:07:27,124 WARN  server.GrpcLogAppender (GrpcLogAppender.java:onNextImpl(250)) - org.apache.ratis.grpc.server.GrpcLogAppender$AppendLogResponseHandler@daaffa4: Request not found, ignoring reply: 0a7e6056-64a2-4302-b029-255d48a66d7f<-f63d6ef8-0266-4bf3-bcb1-484cdaae1fbb#6080:OK,SUCCESS,nextIndex:6016,term:1,followerCommit:6013
2019-07-09 20:07:27,124 WARN  server.GrpcLogAppender (GrpcLogAppender.java:onNextImpl(250)) - org.apache.ratis.grpc.server.GrpcLogAppender$AppendLogResponseHandler@4719334c: Request not found, ignoring reply: 0a7e6056-64a2-4302-b029-255d48a66d7f<-82c1508e-6289-48e2-a567-a0e29c8b4903#6082:OK,SUCCESS,nextIndex:6016,term:1,followerCommit:6013
2019-07-09 20:07:27,124 WARN  server.GrpcLogAppender (GrpcLogAppender.java:onNextImpl(250)) - org.apache.ratis.grpc.server.GrpcLogAppender$AppendLogResponseHandler@daaffa4: Request not found, ignoring reply: 0a7e6056-64a2-4302-b029-255d48a66d7f<-f63d6ef8-0266-4bf3-bcb1-484cdaae1fbb#6081:OK,SUCCESS,nextIndex:6016,term:1,followerCommit:6013
2019-07-09 20:07:27,124 WARN  server.GrpcLogAppender (GrpcLogAppender.java:onNextImpl(250)) - org.apache.ratis.grpc.server.GrpcLogAppender$AppendLogResponseHandler@4719334c: Request not found, ignoring reply: 0a7e6056-64a2-4302-b029-255d48a66d7f<-82c1508e-6289-48e2-a567-a0e29c8b4903#6083:OK,SUCCESS,nextIndex:6016,term:1,followerCommit:6013
2019-07-09 20:07:27,124 WARN  server.GrpcLogAppender (GrpcLogAppender.java:onNextImpl(250)) - org.apache.ratis.grpc.server.GrpcLogAppender$AppendLogResponseHandler@daaffa4: Request not found, ignoring reply: 0a7e6056-64a2-4302-b029-255d48a66d7f<-f63d6ef8-0266-4bf3-bcb1-484cdaae1fbb#6082:OK,SUCCESS,nextIndex:6016,term:1,followerCommit:6013
2019-07-09 20:07:27,484 INFO  client.GrpcClientProtocolClient (GrpcClientProtocolClient.java:onNext(255)) - client-FB00420D972B->f63d6ef8-0266-4bf3-bcb1-484cdaae1fbb: receive RaftClientReply:client-FB00420D972B->f63d6ef8-0266-4bf3-bcb1-484cdaae1fbb@group-1EE0336AADCF, cid=3951, FAILED org.apache.ratis.protocol.NotLeaderException: Server f63d6ef8-0266-4bf3-bcb1-484cdaae1fbb is not the leader (0a7e6056-64a2-4302-b029-255d48a66d7f:192.168.69.87:39996). Request must be sent to leader., logIndex=0, commits[f63d6ef8-0266-4bf3-bcb1-484cdaae1fbb:c6013, 82c1508e-6289-48e2-a567-a0e29c8b4903:c6013, 0a7e6056-64a2-4302-b029-255d48a66d7f:c6015]
2019-07-09 20:07:27,503 INFO  client.GrpcClientProtocolClient (GrpcClientProtocolClient.java:onNext(255)) - client-FB00420D972B->0a7e6056-64a2-4302-b029-255d48a66d7f: receive RaftClientReply:client-FB00420D972B->0a7e6056-64a2-4302-b029-255d48a66d7f@group-1EE0336AADCF, cid=3951, SUCCESS, logIndex=6014, commits[0a7e6056-64a2-4302-b029-255d48a66d7f:c6015, 82c1508e-6289-48e2-a567-a0e29c8b4903:c6013, f63d6ef8-0266-4bf3-bcb1-484cdaae1fbb:c6013]
2019-07-09 20:07:27,510 INFO  client.GrpcClientProtocolClient (GrpcClientProtocolClient.java:onNext(255)) - client-FB00420D972B->0a7e6056-64a2-4302-b029-255d48a66d7f: receive RaftClientReply:client-FB00420D972B->0a7e6056-64a2-4302-b029-255d48a66d7f@group-1EE0336AADCF, cid=3952, SUCCESS, logIndex=6015, commits[0a7e6056-64a2-4302-b029-255d48a66d7f:c6015, 82c1508e-6289-48e2-a567-a0e29c8b4903:c6013, f63d6ef8-0266-4bf3-bcb1-484cdaae1fbb:c6013]
2019-07-09 20:07:27,892 INFO  client.GrpcClientProtocolClient (GrpcClientProtocolClient.java:onNext(255)) - client-FB00420D972B->0a7e6056-64a2-4302-b029-255d48a66d7f: receive RaftClientReply:client-FB00420D972B->0a7e6056-64a2-4302-b029-255d48a66d7f@group-1EE0336AADCF, cid=3953, SUCCESS, logIndex=0, commits[0a7e6056-64a2-4302-b029-255d48a66d7f:c6016, 82c1508e-6289-48e2-a567-a0e29c8b4903:c6015, f63d6ef8-0266-4bf3-bcb1-484cdaae1fbb:c6015]
 0.00% |█                                                                                                    |  0/1 Time: 0:00:59 0.00% |█                                                                                                    |  0/1 Time: 0:01:00 0.00% |█                                                                                                    |  0/1 Time: 0:01:012019-07-09 20:07:30,833 INFO  client.GrpcClientProtocolClient (GrpcClientProtocolClient.java:onNext(255)) - client-75F5C03E563C->0a7e6056-64a2-4302-b029-255d48a66d7f: receive RaftClientReply:client-75F5C03E563C->0a7e6056-64a2-4302-b029-255d48a66d7f@group-1EE0336AADCF, cid=3954, SUCCESS, logIndex=6017, commits[0a7e6056-64a2-4302-b029-255d48a66d7f:c6017, 82c1508e-6289-48e2-a567-a0e29c8b4903:c6016, f63d6ef8-0266-4bf3-bcb1-484cdaae1fbb:c6016]
 0.00% |█                                                                                                    |  0/1 Time: 0:01:02 0.00% |█                                                                                                    |  0/1 Time: 0:01:03 0.00% |█                                                                                                    |  0/1 Time: 0:01:042019-07-09 20:07:33,843 WARN  server.GrpcLogAppender (GrpcLogAppender.java:timeoutAppendRequest(200)) - GrpcLogAppender(0a7e6056-64a2-4302-b029-255d48a66d7f->82c1508e-6289-48e2-a567-a0e29c8b4903): appendEntries Timeout, request=0a7e6056-64a2-4302-b029-255d48a66d7f->82c1508e-6289-48e2-a567-a0e29c8b4903#6099-t1, previous=(t:1, i:6018), leaderCommit=6017, initializing? false, entries: size=1, first=(t:1, i:6019), STATEMACHINELOGENTRY, client-75F5C03E563C, cid=3955
2019-07-09 20:07:33,843 WARN  server.GrpcLogAppender (GrpcLogAppender.java:timeoutAppendRequest(200)) - GrpcLogAppender(0a7e6056-64a2-4302-b029-255d48a66d7f->f63d6ef8-0266-4bf3-bcb1-484cdaae1fbb): appendEntries Timeout, request=0a7e6056-64a2-4302-b029-255d48a66d7f->f63d6ef8-0266-4bf3-bcb1-484cdaae1fbb#6098-t1, previous=(t:1, i:6018), leaderCommit=6017, initializing? false, entries: size=1, first=(t:1, i:6019), STATEMACHINELOGENTRY, client-75F5C03E563C, cid=3955
2019-07-09 20:07:33,848 WARN  server.GrpcLogAppender (GrpcLogAppender.java:timeoutAppendRequest(200)) - GrpcLogAppender(0a7e6056-64a2-4302-b029-255d48a66d7f->82c1508e-6289-48e2-a567-a0e29c8b4903): appendEntries Timeout, request=0a7e6056-64a2-4302-b029-255d48a66d7f->82c1508e-6289-48e2-a567-a0e29c8b4903#6100-t1, previous=(t:1, i:6019), leaderCommit=6017, initializing? false, entries: size=1, first=(t:1, i:6020), STATEMACHINELOGENTRY, client-75F5C03E563C, cid=3956
2019-07-09 20:07:33,848 WARN  server.GrpcLogAppender (GrpcLogAppender.java:timeoutAppendRequest(200)) - GrpcLogAppender(0a7e6056-64a2-4302-b029-255d48a66d7f->f63d6ef8-0266-4bf3-bcb1-484cdaae1fbb): appendEntries Timeout, request=0a7e6056-64a2-4302-b029-255d48a66d7f->f63d6ef8-0266-4bf3-bcb1-484cdaae1fbb#6099-t1, previous=(t:1, i:6019), leaderCommit=6017, initializing? false, entries: size=1, first=(t:1, i:6020), STATEMACHINELOGENTRY, client-75F5C03E563C, cid=3956
2019-07-09 20:07:33,848 WARN  server.GrpcLogAppender (GrpcLogAppender.java:timeoutAppendRequest(200)) - GrpcLogAppender(0a7e6056-64a2-4302-b029-255d48a66d7f->82c1508e-6289-48e2-a567-a0e29c8b4903): appendEntries Timeout, request=0a7e6056-64a2-4302-b029-255d48a66d7f->82c1508e-6289-48e2-a567-a0e29c8b4903#6101-t1, previous=(t:1, i:6020), leaderCommit=6017, initializing? false, entries: size=1, first=(t:1, i:6021), STATEMACHINELOGENTRY, client-75F5C03E563C, cid=3957
2019-07-09 20:07:33,848 WARN  server.GrpcLogAppender (GrpcLogAppender.java:timeoutAppendRequest(200)) - GrpcLogAppender(0a7e6056-64a2-4302-b029-255d48a66d7f->f63d6ef8-0266-4bf3-bcb1-484cdaae1fbb): appendEntries Timeout, request=0a7e6056-64a2-4302-b029-255d48a66d7f->f63d6ef8-0266-4bf3-bcb1-484cdaae1fbb#6100-t1, previous=(t:1, i:6020), leaderCommit=6017, initializing? false, entries: size=1, first=(t:1, i:6021), STATEMACHINELOGENTRY, client-75F5C03E563C, cid=3957
 0.00% |█                                                                                                    |  0/1 Time: 0:01:052019-07-09 20:07:34,348 WARN  server.GrpcLogAppender (GrpcLogAppender.java:timeoutAppendRequest(200)) - GrpcLogAppender(0a7e6056-64a2-4302-b029-255d48a66d7f->82c1508e-6289-48e2-a567-a0e29c8b4903): appendEntries Timeout, request=0a7e6056-64a2-4302-b029-255d48a66d7f->82c1508e-6289-48e2-a567-a0e29c8b4903#6102-t1, previous=(t:1, i:6021), leaderCommit=6017, initializing? false, entries: <empty>
2019-07-09 20:07:34,348 WARN  server.GrpcLogAppender (GrpcLogAppender.java:timeoutAppendRequest(200)) - GrpcLogAppender(0a7e6056-64a2-4302-b029-255d48a66d7f->f63d6ef8-0266-4bf3-bcb1-484cdaae1fbb): appendEntries Timeout, request=0a7e6056-64a2-4302-b029-255d48a66d7f->f63d6ef8-0266-4bf3-bcb1-484cdaae1fbb#6101-t1, previous=(t:1, i:6021), leaderCommit=6017, initializing? false, entries: <empty>
2019-07-09 20:07:34,849 WARN  server.GrpcLogAppender (GrpcLogAppender.java:timeoutAppendRequest(200)) - GrpcLogAppender(0a7e6056-64a2-4302-b029-255d48a66d7f->82c1508e-6289-48e2-a567-a0e29c8b4903): appendEntries Timeout, request=0a7e6056-64a2-4302-b029-255d48a66d7f->82c1508e-6289-48e2-a567-a0e29c8b4903#6103-t1, previous=(t:1, i:6021), leaderCommit=6017, initializing? false, entries: <empty>
2019-07-09 20:07:34,849 WARN  server.GrpcLogAppender (GrpcLogAppender.java:timeoutAppendRequest(200)) - GrpcLogAppender(0a7e6056-64a2-4302-b029-255d48a66d7f->f63d6ef8-0266-4bf3-bcb1-484cdaae1fbb): appendEntries Timeout, request=0a7e6056-64a2-4302-b029-255d48a66d7f->f63d6ef8-0266-4bf3-bcb1-484cdaae1fbb#6102-t1, previous=(t:1, i:6021), leaderCommit=6017, initializing? false, entries: <empty>
 0.00% |█                                                                                                    |  0/1 Time: 0:01:062019-07-09 20:07:35,084 WARN  server.GrpcLogAppender (GrpcLogAppender.java:onNextImpl(250)) - org.apache.ratis.grpc.server.GrpcLogAppender$AppendLogResponseHandler@4719334c: Request not found, ignoring reply: 0a7e6056-64a2-4302-b029-255d48a66d7f<-82c1508e-6289-48e2-a567-a0e29c8b4903#6099:OK,SUCCESS,nextIndex:6020,term:1,followerCommit:6018
2019-07-09 20:07:35,085 WARN  server.GrpcLogAppender (GrpcLogAppender.java:onNextImpl(250)) - org.apache.ratis.grpc.server.GrpcLogAppender$AppendLogResponseHandler@daaffa4: Request not found, ignoring reply: 0a7e6056-64a2-4302-b029-255d48a66d7f<-f63d6ef8-0266-4bf3-bcb1-484cdaae1fbb#6098:OK,SUCCESS,nextIndex:6020,term:1,followerCommit:6018
2019-07-09 20:07:35,085 WARN  server.GrpcLogAppender (GrpcLogAppender.java:onNextImpl(250)) - org.apache.ratis.grpc.server.GrpcLogAppender$AppendLogResponseHandler@4719334c: Request not found, ignoring reply: 0a7e6056-64a2-4302-b029-255d48a66d7f<-82c1508e-6289-48e2-a567-a0e29c8b4903#6100:OK,SUCCESS,nextIndex:6021,term:1,followerCommit:6018
2019-07-09 20:07:35,085 WARN  server.GrpcLogAppender (GrpcLogAppender.java:onNextImpl(250)) - org.apache.ratis.grpc.server.GrpcLogAppender$AppendLogResponseHandler@daaffa4: Request not found, ignoring reply: 0a7e6056-64a2-4302-b029-255d48a66d7f<-f63d6ef8-0266-4bf3-bcb1-484cdaae1fbb#6099:OK,SUCCESS,nextIndex:6021,term:1,followerCommit:6018
2019-07-09 20:07:35,085 WARN  server.GrpcLogAppender (GrpcLogAppender.java:onNextImpl(250)) - org.apache.ratis.grpc.server.GrpcLogAppender$AppendLogResponseHandler@4719334c: Request not found, ignoring reply: 0a7e6056-64a2-4302-b029-255d48a66d7f<-82c1508e-6289-48e2-a567-a0e29c8b4903#6101:OK,SUCCESS,nextIndex:6022,term:1,followerCommit:6018
2019-07-09 20:07:35,085 WARN  server.GrpcLogAppender (GrpcLogAppender.java:onNextImpl(250)) - org.apache.ratis.grpc.server.GrpcLogAppender$AppendLogResponseHandler@daaffa4: Request not found, ignoring reply: 0a7e6056-64a2-4302-b029-255d48a66d7f<-f63d6ef8-0266-4bf3-bcb1-484cdaae1fbb#6100:OK,SUCCESS,nextIndex:6022,term:1,followerCommit:6018
2019-07-09 20:07:35,086 WARN  server.GrpcLogAppender (GrpcLogAppender.java:onNextImpl(250)) - org.apache.ratis.grpc.server.GrpcLogAppender$AppendLogResponseHandler@4719334c: Request not found, ignoring reply: 0a7e6056-64a2-4302-b029-255d48a66d7f<-82c1508e-6289-48e2-a567-a0e29c8b4903#6102:OK,SUCCESS,nextIndex:6022,term:1,followerCommit:6017
2019-07-09 20:07:35,086 WARN  server.GrpcLogAppender (GrpcLogAppender.java:onNextImpl(250)) - org.apache.ratis.grpc.server.GrpcLogAppender$AppendLogResponseHandler@daaffa4: Request not found, ignoring reply: 0a7e6056-64a2-4302-b029-255d48a66d7f<-f63d6ef8-0266-4bf3-bcb1-484cdaae1fbb#6101:OK,SUCCESS,nextIndex:6022,term:1,followerCommit:6017
2019-07-09 20:07:35,086 WARN  server.GrpcLogAppender (GrpcLogAppender.java:onNextImpl(250)) - org.apache.ratis.grpc.server.GrpcLogAppender$AppendLogResponseHandler@4719334c: Request not found, ignoring reply: 0a7e6056-64a2-4302-b029-255d48a66d7f<-82c1508e-6289-48e2-a567-a0e29c8b4903#6103:OK,SUCCESS,nextIndex:6022,term:1,followerCommit:6017
2019-07-09 20:07:35,086 WARN  server.GrpcLogAppender (GrpcLogAppender.java:onNextImpl(250)) - org.apache.ratis.grpc.server.GrpcLogAppender$AppendLogResponseHandler@daaffa4: Request not found, ignoring reply: 0a7e6056-64a2-4302-b029-255d48a66d7f<-f63d6ef8-0266-4bf3-bcb1-484cdaae1fbb#6102:OK,SUCCESS,nextIndex:6022,term:1,followerCommit:6017
2019-07-09 20:07:35,877 INFO  client.GrpcClientProtocolClient (GrpcClientProtocolClient.java:onNext(255)) - client-75F5C03E563C->f63d6ef8-0266-4bf3-bcb1-484cdaae1fbb: receive RaftClientReply:client-75F5C03E563C->f63d6ef8-0266-4bf3-bcb1-484cdaae1fbb@group-1EE0336AADCF, cid=3955, FAILED org.apache.ratis.protocol.NotLeaderException: Server f63d6ef8-0266-4bf3-bcb1-484cdaae1fbb is not the leader (0a7e6056-64a2-4302-b029-255d48a66d7f:192.168.69.87:39996). Request must be sent to leader., logIndex=0, commits[f63d6ef8-0266-4bf3-bcb1-484cdaae1fbb:c6021, 82c1508e-6289-48e2-a567-a0e29c8b4903:c6018, 0a7e6056-64a2-4302-b029-255d48a66d7f:c6021]
2019-07-09 20:07:35,904 INFO  client.GrpcClientProtocolClient (GrpcClientProtocolClient.java:onNext(255)) - client-75F5C03E563C->0a7e6056-64a2-4302-b029-255d48a66d7f: receive RaftClientReply:client-75F5C03E563C->0a7e6056-64a2-4302-b029-255d48a66d7f@group-1EE0336AADCF, cid=3955, SUCCESS, logIndex=6019, commits[0a7e6056-64a2-4302-b029-255d48a66d7f:c6021, 82c1508e-6289-48e2-a567-a0e29c8b4903:c6018, f63d6ef8-0266-4bf3-bcb1-484cdaae1fbb:c6018]
 0.00% |█                                                                                                    |  0/1 Time: 0:01:072019-07-09 20:07:35,915 INFO  client.GrpcClientProtocolClient (GrpcClientProtocolClient.java:onNext(255)) - client-75F5C03E563C->0a7e6056-64a2-4302-b029-255d48a66d7f: receive RaftClientReply:client-75F5C03E563C->0a7e6056-64a2-4302-b029-255d48a66d7f@group-1EE0336AADCF, cid=3956, SUCCESS, logIndex=6020, commits[0a7e6056-64a2-4302-b029-255d48a66d7f:c6021, 82c1508e-6289-48e2-a567-a0e29c8b4903:c6018, f63d6ef8-0266-4bf3-bcb1-484cdaae1fbb:c6018]
2019-07-09 20:07:35,916 INFO  client.GrpcClientProtocolClient (GrpcClientProtocolClient.java:onNext(255)) - client-75F5C03E563C->0a7e6056-64a2-4302-b029-255d48a66d7f: receive RaftClientReply:client-75F5C03E563C->0a7e6056-64a2-4302-b029-255d48a66d7f@group-1EE0336AADCF, cid=3957, SUCCESS, logIndex=6021, commits[0a7e6056-64a2-4302-b029-255d48a66d7f:c6021, 82c1508e-6289-48e2-a567-a0e29c8b4903:c6018, f63d6ef8-0266-4bf3-bcb1-484cdaae1fbb:c6018]
 0.00% |█                                                                                                    |  0/1 Time: 0:01:08 0.00% |█                                                                                                    |  0/1 Time: 0:01:092019-07-09 20:07:38,087 WARN  server.GrpcLogAppender (GrpcLogAppender.java:timeoutAppendRequest(200)) - GrpcLogAppender(0a7e6056-64a2-4302-b029-255d48a66d7f->f63d6ef8-0266-4bf3-bcb1-484cdaae1fbb): appendEntries Timeout, request=0a7e6056-64a2-4302-b029-255d48a66d7f->f63d6ef8-0266-4bf3-bcb1-484cdaae1fbb#6109-t1, previous=(t:1, i:6021), leaderCommit=6021, initializing? false, entries: size=1, first=(t:1, i:6022), METADATAENTRY(c6021)
2019-07-09 20:07:38,087 WARN  server.GrpcLogAppender (GrpcLogAppender.java:timeoutAppendRequest(200)) - GrpcLogAppender(0a7e6056-64a2-4302-b029-255d48a66d7f->82c1508e-6289-48e2-a567-a0e29c8b4903): appendEntries Timeout, request=0a7e6056-64a2-4302-b029-255d48a66d7f->82c1508e-6289-48e2-a567-a0e29c8b4903#6110-t1, previous=(t:1, i:6021), leaderCommit=6021, initializing? false, entries: size=1, first=(t:1, i:6022), METADATAENTRY(c6021)
2019-07-09 20:07:38,588 WARN  server.GrpcLogAppender (GrpcLogAppender.java:timeoutAppendRequest(200)) - GrpcLogAppender(0a7e6056-64a2-4302-b029-255d48a66d7f->82c1508e-6289-48e2-a567-a0e29c8b4903): appendEntries Timeout, request=0a7e6056-64a2-4302-b029-255d48a66d7f->82c1508e-6289-48e2-a567-a0e29c8b4903#6111-t1, previous=(t:1, i:6022), leaderCommit=6021, initializing? false, entries: <empty>
2019-07-09 20:07:38,588 WARN  server.GrpcLogAppender (GrpcLogAppender.java:timeoutAppendRequest(200)) - GrpcLogAppender(0a7e6056-64a2-4302-b029-255d48a66d7f->f63d6ef8-0266-4bf3-bcb1-484cdaae1fbb): appendEntries Timeout, request=0a7e6056-64a2-4302-b029-255d48a66d7f->f63d6ef8-0266-4bf3-bcb1-484cdaae1fbb#6110-t1, previous=(t:1, i:6022), leaderCommit=6021, initializing? false, entries: <empty>
 0.00% |█                                                                                                    |  0/1 Time: 0:01:102019-07-09 20:07:39,088 WARN  server.GrpcLogAppender (GrpcLogAppender.java:timeoutAppendRequest(200)) - GrpcLogAppender(0a7e6056-64a2-4302-b029-255d48a66d7f->82c1508e-6289-48e2-a567-a0e29c8b4903): appendEntries Timeout, request=0a7e6056-64a2-4302-b029-255d48a66d7f->82c1508e-6289-48e2-a567-a0e29c8b4903#6112-t1, previous=(t:1, i:6022), leaderCommit=6021, initializing? false, entries: <empty>
2019-07-09 20:07:39,088 WARN  server.GrpcLogAppender (GrpcLogAppender.java:timeoutAppendRequest(200)) - GrpcLogAppender(0a7e6056-64a2-4302-b029-255d48a66d7f->f63d6ef8-0266-4bf3-bcb1-484cdaae1fbb): appendEntries Timeout, request=0a7e6056-64a2-4302-b029-255d48a66d7f->f63d6ef8-0266-4bf3-bcb1-484cdaae1fbb#6111-t1, previous=(t:1, i:6022), leaderCommit=6021, initializing? false, entries: <empty>
2019-07-09 20:07:39,588 WARN  server.GrpcLogAppender (GrpcLogAppender.java:timeoutAppendRequest(200)) - GrpcLogAppender(0a7e6056-64a2-4302-b029-255d48a66d7f->82c1508e-6289-48e2-a567-a0e29c8b4903): appendEntries Timeout, request=0a7e6056-64a2-4302-b029-255d48a66d7f->82c1508e-6289-48e2-a567-a0e29c8b4903#6113-t1, previous=(t:1, i:6022), leaderCommit=6021, initializing? false, entries: <empty>
2019-07-09 20:07:39,588 WARN  server.GrpcLogAppender (GrpcLogAppender.java:timeoutAppendRequest(200)) - GrpcLogAppender(0a7e6056-64a2-4302-b029-255d48a66d7f->f63d6ef8-0266-4bf3-bcb1-484cdaae1fbb): appendEntries Timeout, request=0a7e6056-64a2-4302-b029-255d48a66d7f->f63d6ef8-0266-4bf3-bcb1-484cdaae1fbb#6112-t1, previous=(t:1, i:6022), leaderCommit=6021, initializing? false, entries: <empty>
 0.00% |█                                                                                                    |  0/1 Time: 0:01:112019-07-09 20:07:40,088 WARN  server.GrpcLogAppender (GrpcLogAppender.java:timeoutAppendRequest(200)) - GrpcLogAppender(0a7e6056-64a2-4302-b029-255d48a66d7f->82c1508e-6289-48e2-a567-a0e29c8b4903): appendEntries Timeout, request=0a7e6056-64a2-4302-b029-255d48a66d7f->82c1508e-6289-48e2-a567-a0e29c8b4903#6114-t1, previous=(t:1, i:6022), leaderCommit=6021, initializing? false, entries: <empty>
2019-07-09 20:07:40,088 WARN  server.GrpcLogAppender (GrpcLogAppender.java:timeoutAppendRequest(200)) - GrpcLogAppender(0a7e6056-64a2-4302-b029-255d48a66d7f->f63d6ef8-0266-4bf3-bcb1-484cdaae1fbb): appendEntries Timeout, request=0a7e6056-64a2-4302-b029-255d48a66d7f->f63d6ef8-0266-4bf3-bcb1-484cdaae1fbb#6113-t1, previous=(t:1, i:6022), leaderCommit=6021, initializing? false, entries: <empty>
2019-07-09 20:07:40,589 WARN  server.GrpcLogAppender (GrpcLogAppender.java:timeoutAppendRequest(200)) - GrpcLogAppender(0a7e6056-64a2-4302-b029-255d48a66d7f->82c1508e-6289-48e2-a567-a0e29c8b4903): appendEntries Timeout, request=0a7e6056-64a2-4302-b029-255d48a66d7f->82c1508e-6289-48e2-a567-a0e29c8b4903#6115-t1, previous=(t:1, i:6022), leaderCommit=6021, initializing? false, entries: <empty>
2019-07-09 20:07:40,589 WARN  server.GrpcLogAppender (GrpcLogAppender.java:timeoutAppendRequest(200)) - GrpcLogAppender(0a7e6056-64a2-4302-b029-255d48a66d7f->f63d6ef8-0266-4bf3-bcb1-484cdaae1fbb): appendEntries Timeout, request=0a7e6056-64a2-4302-b029-255d48a66d7f->f63d6ef8-0266-4bf3-bcb1-484cdaae1fbb#6114-t1, previous=(t:1, i:6022), leaderCommit=6021, initializing? false, entries: <empty>
 0.00% |█                                                                                                    |  0/1 Time: 0:01:122019-07-09 20:07:40,920 WARN  scm.XceiverClientRatis (XceiverClientRatis.java:watchForCommit(262)) - 3 way commit failed 
java.util.concurrent.TimeoutException
	at java.util.concurrent.CompletableFuture.timedGet(CompletableFuture.java:1771)
	at java.util.concurrent.CompletableFuture.get(CompletableFuture.java:1915)
	at org.apache.hadoop.hdds.scm.XceiverClientRatis.watchForCommit(XceiverClientRatis.java:259)
	at org.apache.hadoop.hdds.scm.storage.CommitWatcher.watchForCommit(CommitWatcher.java:194)
	at org.apache.hadoop.hdds.scm.storage.CommitWatcher.watchOnFirstIndex(CommitWatcher.java:135)
	at org.apache.hadoop.hdds.scm.storage.BlockOutputStream.watchForCommit(BlockOutputStream.java:355)
	at org.apache.hadoop.hdds.scm.storage.BlockOutputStream.handleFullBuffer(BlockOutputStream.java:332)
	at org.apache.hadoop.hdds.scm.storage.BlockOutputStream.write(BlockOutputStream.java:259)
	at org.apache.hadoop.ozone.client.io.BlockOutputStreamEntry.write(BlockOutputStreamEntry.java:129)
	at org.apache.hadoop.ozone.client.io.KeyOutputStream.handleWrite(KeyOutputStream.java:211)
	at org.apache.hadoop.ozone.client.io.KeyOutputStream.write(KeyOutputStream.java:193)
	at org.apache.hadoop.ozone.client.io.OzoneOutputStream.write(OzoneOutputStream.java:49)
	at org.apache.hadoop.ozone.freon.RandomKeyGenerator$KeyProcessor.run(RandomKeyGenerator.java:693)
	at java.util.concurrent.Executors$RunnableAdapter.call(Executors.java:511)
	at java.util.concurrent.FutureTask.run(FutureTask.java:266)
	at java.util.concurrent.ThreadPoolExecutor.runWorker(ThreadPoolExecutor.java:1149)
	at java.util.concurrent.ThreadPoolExecutor$Worker.run(ThreadPoolExecutor.java:624)
	at java.lang.Thread.run(Thread.java:748)
2019-07-09 20:07:41,091 WARN  server.GrpcLogAppender (GrpcLogAppender.java:timeoutAppendRequest(200)) - GrpcLogAppender(0a7e6056-64a2-4302-b029-255d48a66d7f->82c1508e-6289-48e2-a567-a0e29c8b4903): appendEntries Timeout, request=0a7e6056-64a2-4302-b029-255d48a66d7f->82c1508e-6289-48e2-a567-a0e29c8b4903#6116-t1, previous=(t:1, i:6022), leaderCommit=6021, initializing? false, entries: <empty>
2019-07-09 20:07:41,091 WARN  server.GrpcLogAppender (GrpcLogAppender.java:timeoutAppendRequest(200)) - GrpcLogAppender(0a7e6056-64a2-4302-b029-255d48a66d7f->f63d6ef8-0266-4bf3-bcb1-484cdaae1fbb): appendEntries Timeout, request=0a7e6056-64a2-4302-b029-255d48a66d7f->f63d6ef8-0266-4bf3-bcb1-484cdaae1fbb#6115-t1, previous=(t:1, i:6022), leaderCommit=6021, initializing? false, entries: <empty>
2019-07-09 20:07:41,224 WARN  server.GrpcLogAppender (GrpcLogAppender.java:onNextImpl(250)) - org.apache.ratis.grpc.server.GrpcLogAppender$AppendLogResponseHandler@4719334c: Request not found, ignoring reply: 0a7e6056-64a2-4302-b029-255d48a66d7f<-82c1508e-6289-48e2-a567-a0e29c8b4903#6110:OK,SUCCESS,nextIndex:6023,term:1,followerCommit:6021
2019-07-09 20:07:41,225 WARN  server.GrpcLogAppender (GrpcLogAppender.java:onNextImpl(250)) - org.apache.ratis.grpc.server.GrpcLogAppender$AppendLogResponseHandler@4719334c: Request not found, ignoring reply: 0a7e6056-64a2-4302-b029-255d48a66d7f<-82c1508e-6289-48e2-a567-a0e29c8b4903#6111:OK,SUCCESS,nextIndex:6023,term:1,followerCommit:6021
2019-07-09 20:07:41,225 WARN  server.GrpcLogAppender (GrpcLogAppender.java:onNextImpl(250)) - org.apache.ratis.grpc.server.GrpcLogAppender$AppendLogResponseHandler@4719334c: Request not found, ignoring reply: 0a7e6056-64a2-4302-b029-255d48a66d7f<-82c1508e-6289-48e2-a567-a0e29c8b4903#6112:OK,SUCCESS,nextIndex:6023,term:1,followerCommit:6021
2019-07-09 20:07:41,226 WARN  server.GrpcLogAppender (GrpcLogAppender.java:onNextImpl(250)) - org.apache.ratis.grpc.server.GrpcLogAppender$AppendLogResponseHandler@4719334c: Request not found, ignoring reply: 0a7e6056-64a2-4302-b029-255d48a66d7f<-82c1508e-6289-48e2-a567-a0e29c8b4903#6113:OK,SUCCESS,nextIndex:6023,term:1,followerCommit:6021
2019-07-09 20:07:41,226 WARN  server.GrpcLogAppender (GrpcLogAppender.java:onNextImpl(250)) - org.apache.ratis.grpc.server.GrpcLogAppender$AppendLogResponseHandler@4719334c: Request not found, ignoring reply: 0a7e6056-64a2-4302-b029-255d48a66d7f<-82c1508e-6289-48e2-a567-a0e29c8b4903#6114:OK,SUCCESS,nextIndex:6023,term:1,followerCommit:6021
2019-07-09 20:07:41,226 WARN  server.GrpcLogAppender (GrpcLogAppender.java:onNextImpl(250)) - org.apache.ratis.grpc.server.GrpcLogAppender$AppendLogResponseHandler@4719334c: Request not found, ignoring reply: 0a7e6056-64a2-4302-b029-255d48a66d7f<-82c1508e-6289-48e2-a567-a0e29c8b4903#6115:OK,SUCCESS,nextIndex:6023,term:1,followerCommit:6021
2019-07-09 20:07:41,226 WARN  server.GrpcLogAppender (GrpcLogAppender.java:onNextImpl(250)) - org.apache.ratis.grpc.server.GrpcLogAppender$AppendLogResponseHandler@4719334c: Request not found, ignoring reply: 0a7e6056-64a2-4302-b029-255d48a66d7f<-82c1508e-6289-48e2-a567-a0e29c8b4903#6116:OK,SUCCESS,nextIndex:6023,term:1,followerCommit:6021
2019-07-09 20:07:41,227 WARN  server.GrpcLogAppender (GrpcLogAppender.java:onNextImpl(250)) - org.apache.ratis.grpc.server.GrpcLogAppender$AppendLogResponseHandler@daaffa4: Request not found, ignoring reply: 0a7e6056-64a2-4302-b029-255d48a66d7f<-f63d6ef8-0266-4bf3-bcb1-484cdaae1fbb#6109:OK,SUCCESS,nextIndex:6023,term:1,followerCommit:6021
2019-07-09 20:07:41,228 WARN  server.GrpcLogAppender (GrpcLogAppender.java:onNextImpl(250)) - org.apache.ratis.grpc.server.GrpcLogAppender$AppendLogResponseHandler@daaffa4: Request not found, ignoring reply: 0a7e6056-64a2-4302-b029-255d48a66d7f<-f63d6ef8-0266-4bf3-bcb1-484cdaae1fbb#6110:OK,SUCCESS,nextIndex:6023,term:1,followerCommit:6021
2019-07-09 20:07:41,228 WARN  server.GrpcLogAppender (GrpcLogAppender.java:onNextImpl(250)) - org.apache.ratis.grpc.server.GrpcLogAppender$AppendLogResponseHandler@daaffa4: Request not found, ignoring reply: 0a7e6056-64a2-4302-b029-255d48a66d7f<-f63d6ef8-0266-4bf3-bcb1-484cdaae1fbb#6111:OK,SUCCESS,nextIndex:6023,term:1,followerCommit:6021
2019-07-09 20:07:41,228 WARN  server.GrpcLogAppender (GrpcLogAppender.java:onNextImpl(250)) - org.apache.ratis.grpc.server.GrpcLogAppender$AppendLogResponseHandler@daaffa4: Request not found, ignoring reply: 0a7e6056-64a2-4302-b029-255d48a66d7f<-f63d6ef8-0266-4bf3-bcb1-484cdaae1fbb#6112:OK,SUCCESS,nextIndex:6023,term:1,followerCommit:6021
2019-07-09 20:07:41,228 WARN  server.GrpcLogAppender (GrpcLogAppender.java:onNextImpl(250)) - org.apache.ratis.grpc.server.GrpcLogAppender$AppendLogResponseHandler@daaffa4: Request not found, ignoring reply: 0a7e6056-64a2-4302-b029-255d48a66d7f<-f63d6ef8-0266-4bf3-bcb1-484cdaae1fbb#6113:OK,SUCCESS,nextIndex:6023,term:1,followerCommit:6021
2019-07-09 20:07:41,229 INFO  client.GrpcClientProtocolClient (GrpcClientProtocolClient.java:onNext(255)) - client-75F5C03E563C->0a7e6056-64a2-4302-b029-255d48a66d7f: receive RaftClientReply:client-75F5C03E563C->0a7e6056-64a2-4302-b029-255d48a66d7f@group-1EE0336AADCF, cid=3959, SUCCESS, logIndex=0, commits[0a7e6056-64a2-4302-b029-255d48a66d7f:c6021, 82c1508e-6289-48e2-a567-a0e29c8b4903:c6021, f63d6ef8-0266-4bf3-bcb1-484cdaae1fbb:c6018]
2019-07-09 20:07:41,229 WARN  server.GrpcLogAppender (GrpcLogAppender.java:onNextImpl(250)) - org.apache.ratis.grpc.server.GrpcLogAppender$AppendLogResponseHandler@daaffa4: Request not found, ignoring reply: 0a7e6056-64a2-4302-b029-255d48a66d7f<-f63d6ef8-0266-4bf3-bcb1-484cdaae1fbb#6114:OK,SUCCESS,nextIndex:6023,term:1,followerCommit:6021
2019-07-09 20:07:41,229 WARN  server.GrpcLogAppender (GrpcLogAppender.java:onNextImpl(250)) - org.apache.ratis.grpc.server.GrpcLogAppender$AppendLogResponseHandler@daaffa4: Request not found, ignoring reply: 0a7e6056-64a2-4302-b029-255d48a66d7f<-f63d6ef8-0266-4bf3-bcb1-484cdaae1fbb#6115:OK,SUCCESS,nextIndex:6023,term:1,followerCommit:6021
2019-07-09 20:07:41,230 INFO  client.GrpcClientProtocolClient (GrpcClientProtocolClient.java:onNext(255)) - client-75F5C03E563C->0a7e6056-64a2-4302-b029-255d48a66d7f: receive RaftClientReply:client-75F5C03E563C->0a7e6056-64a2-4302-b029-255d48a66d7f@group-1EE0336AADCF, cid=3958, SUCCESS, logIndex=0, commits[0a7e6056-64a2-4302-b029-255d48a66d7f:c6022, 82c1508e-6289-48e2-a567-a0e29c8b4903:c6021, f63d6ef8-0266-4bf3-bcb1-484cdaae1fbb:c6021]
2019-07-09 20:07:41,231 INFO  client.GrpcClientProtocolClient (GrpcClientProtocolClient.java:onNext(255)) - client-75F5C03E563C->0a7e6056-64a2-4302-b029-255d48a66d7f: receive RaftClientReply:client-75F5C03E563C->0a7e6056-64a2-4302-b029-255d48a66d7f@group-1EE0336AADCF, cid=3958, SUCCESS, logIndex=0, commits[0a7e6056-64a2-4302-b029-255d48a66d7f:c6022, 82c1508e-6289-48e2-a567-a0e29c8b4903:c6021, f63d6ef8-0266-4bf3-bcb1-484cdaae1fbb:c6021]
2019-07-09 20:07:41,233 INFO  scm.XceiverClientRatis (XceiverClientRatis.java:lambda$watchForCommit$7(280)) - Could not commit 6019 to all the nodes. Server f63d6ef8-0266-4bf3-bcb1-484cdaae1fbb has failed. Committed by majority.
 0.00% |█                                                                                                    |  0/1 Time: 0:01:13 0.00% |█                                                                                                    |  0/1 Time: 0:01:142019-07-09 20:07:43,588 INFO  client.GrpcClientProtocolClient (GrpcClientProtocolClient.java:onNext(255)) - client-75F5C03E563C->0a7e6056-64a2-4302-b029-255d48a66d7f: receive RaftClientReply:client-75F5C03E563C->0a7e6056-64a2-4302-b029-255d48a66d7f@group-1EE0336AADCF, cid=3960, SUCCESS, logIndex=6023, commits[0a7e6056-64a2-4302-b029-255d48a66d7f:c6024, 82c1508e-6289-48e2-a567-a0e29c8b4903:c6022, f63d6ef8-0266-4bf3-bcb1-484cdaae1fbb:c6022]
2019-07-09 20:07:43,588 INFO  client.GrpcClientProtocolClient (GrpcClientProtocolClient.java:onNext(255)) - client-75F5C03E563C->0a7e6056-64a2-4302-b029-255d48a66d7f: receive RaftClientReply:client-75F5C03E563C->0a7e6056-64a2-4302-b029-255d48a66d7f@group-1EE0336AADCF, cid=3961, SUCCESS, logIndex=6024, commits[0a7e6056-64a2-4302-b029-255d48a66d7f:c6024, 82c1508e-6289-48e2-a567-a0e29c8b4903:c6022, f63d6ef8-0266-4bf3-bcb1-484cdaae1fbb:c6022]
 0.00% |█                                                                                                    |  0/1 Time: 0:01:152019-07-09 20:07:44,889 INFO  client.GrpcClientProtocolClient (GrpcClientProtocolClient.java:onNext(255)) - client-75F5C03E563C->0a7e6056-64a2-4302-b029-255d48a66d7f: receive RaftClientReply:client-75F5C03E563C->0a7e6056-64a2-4302-b029-255d48a66d7f@group-1EE0336AADCF, cid=3962, SUCCESS, logIndex=6027, commits[0a7e6056-64a2-4302-b029-255d48a66d7f:c6028, 82c1508e-6289-48e2-a567-a0e29c8b4903:c6026, f63d6ef8-0266-4bf3-bcb1-484cdaae1fbb:c6026]
2019-07-09 20:07:44,890 INFO  client.GrpcClientProtocolClient (GrpcClientProtocolClient.java:onNext(255)) - client-75F5C03E563C->0a7e6056-64a2-4302-b029-255d48a66d7f: receive RaftClientReply:client-75F5C03E563C->0a7e6056-64a2-4302-b029-255d48a66d7f@group-1EE0336AADCF, cid=3963, SUCCESS, logIndex=6028, commits[0a7e6056-64a2-4302-b029-255d48a66d7f:c6028, 82c1508e-6289-48e2-a567-a0e29c8b4903:c6026, f63d6ef8-0266-4bf3-bcb1-484cdaae1fbb:c6026]
 0.00% |█                                                                                                    |  0/1 Time: 0:01:162019-07-09 20:07:45,621 INFO  client.GrpcClientProtocolClient (GrpcClientProtocolClient.java:onNext(255)) - client-75F5C03E563C->0a7e6056-64a2-4302-b029-255d48a66d7f: receive RaftClientReply:client-75F5C03E563C->0a7e6056-64a2-4302-b029-255d48a66d7f@group-1EE0336AADCF, cid=3964, SUCCESS, logIndex=0, commits[0a7e6056-64a2-4302-b029-255d48a66d7f:c6029, 82c1508e-6289-48e2-a567-a0e29c8b4903:c6028, f63d6ef8-0266-4bf3-bcb1-484cdaae1fbb:c6028]
2019-07-09 20:07:45,666 WARN  block.BlockManagerImpl (BlockManagerImpl.java:allocateBlock(192)) - Pipeline creation failed for type:RATIS factor:THREE. Retrying get pipelines call once.
org.apache.hadoop.hdds.scm.pipeline.InsufficientDatanodesException: Cannot create pipeline of factor 3 using 2 nodes.
	at org.apache.hadoop.hdds.scm.pipeline.RatisPipelineProvider.create(RatisPipelineProvider.java:151)
	at org.apache.hadoop.hdds.scm.pipeline.PipelineFactory.create(PipelineFactory.java:57)
	at org.apache.hadoop.hdds.scm.pipeline.SCMPipelineManager.createPipeline(SCMPipelineManager.java:149)
	at org.apache.hadoop.hdds.scm.block.BlockManagerImpl.allocateBlock(BlockManagerImpl.java:190)
	at org.apache.hadoop.hdds.scm.server.SCMBlockProtocolServer.allocateBlock(SCMBlockProtocolServer.java:172)
	at org.apache.hadoop.ozone.protocolPB.ScmBlockLocationProtocolServerSideTranslatorPB.allocateScmBlock(ScmBlockLocationProtocolServerSideTranslatorPB.java:144)
	at org.apache.hadoop.ozone.protocolPB.ScmBlockLocationProtocolServerSideTranslatorPB.send(ScmBlockLocationProtocolServerSideTranslatorPB.java:107)
	at org.apache.hadoop.hdds.protocol.proto.ScmBlockLocationProtocolProtos$ScmBlockLocationProtocolService$2.callBlockingMethod(ScmBlockLocationProtocolProtos.java:11281)
	at org.apache.hadoop.ipc.ProtobufRpcEngine$Server$ProtoBufRpcInvoker.call(ProtobufRpcEngine.java:524)
	at org.apache.hadoop.ipc.RPC$Server.call(RPC.java:1025)
	at org.apache.hadoop.ipc.Server$RpcCall.run(Server.java:876)
	at org.apache.hadoop.ipc.Server$RpcCall.run(Server.java:822)
	at java.security.AccessController.doPrivileged(Native Method)
	at javax.security.auth.Subject.doAs(Subject.java:422)
	at org.apache.hadoop.security.UserGroupInformation.doAs(UserGroupInformation.java:1730)
	at org.apache.hadoop.ipc.Server$Handler.run(Server.java:2682)
2019-07-09 20:07:45,667 INFO  block.BlockManagerImpl (BlockManagerImpl.java:allocateBlock(198)) - Could not find available pipeline of type:RATIS and factor:THREE even after retrying
2019-07-09 20:07:45,667 ERROR block.BlockManagerImpl (BlockManagerImpl.java:allocateBlock(222)) - Unable to allocate a block for the size: 4194304, type: RATIS, factor: THREE
20:07:45.673 [IPC Server handler 18 on 43708] ERROR OMAudit - user=jenkins1000 | ip=127.0.0.1 | op=ALLOCATE_BLOCK {volume=vol-0-34033, bucket=bucket-0-35322, key=key-0-82839, dataSize=0, replicationType=null, replicationFactor=null, keyLocationInfo=null, clientID=102413289966076306} | ret=FAILURE
org.apache.hadoop.hdds.scm.exceptions.SCMException: Allocated 0 blocks. Requested 1 blocks
	at org.apache.hadoop.hdds.scm.protocolPB.ScmBlockLocationProtocolClientSideTranslatorPB.handleError(ScmBlockLocationProtocolClientSideTranslatorPB.java:113) ~[classes/:?]
	at org.apache.hadoop.hdds.scm.protocolPB.ScmBlockLocationProtocolClientSideTranslatorPB.allocateBlock(ScmBlockLocationProtocolClientSideTranslatorPB.java:151) ~[classes/:?]
	at sun.reflect.GeneratedMethodAccessor46.invoke(Unknown Source) ~[?:?]
	at sun.reflect.DelegatingMethodAccessorImpl.invoke(DelegatingMethodAccessorImpl.java:43) ~[?:1.8.0_212]
	at java.lang.reflect.Method.invoke(Method.java:498) ~[?:1.8.0_212]
	at org.apache.hadoop.hdds.tracing.TraceAllMethod.invoke(TraceAllMethod.java:66) ~[classes/:?]
	at com.sun.proxy.$Proxy27.allocateBlock(Unknown Source) ~[?:?]
	at org.apache.hadoop.ozone.om.KeyManagerImpl.allocateBlock(KeyManagerImpl.java:348) ~[classes/:?]
	at org.apache.hadoop.ozone.om.KeyManagerImpl.allocateBlock(KeyManagerImpl.java:316) ~[classes/:?]
	at org.apache.hadoop.ozone.om.OzoneManager.allocateBlock(OzoneManager.java:2291) [classes/:?]
	at org.apache.hadoop.ozone.protocolPB.OzoneManagerRequestHandler.allocateBlock(OzoneManagerRequestHandler.java:756) [classes/:?]
	at org.apache.hadoop.ozone.protocolPB.OzoneManagerRequestHandler.handle(OzoneManagerRequestHandler.java:249) [classes/:?]
	at org.apache.hadoop.ozone.protocolPB.OzoneManagerProtocolServerSideTranslatorPB.submitRequestDirectlyToOM(OzoneManagerProtocolServerSideTranslatorPB.java:192) [classes/:?]
	at org.apache.hadoop.ozone.protocolPB.OzoneManagerProtocolServerSideTranslatorPB.submitRequest(OzoneManagerProtocolServerSideTranslatorPB.java:110) [classes/:?]
	at org.apache.hadoop.ozone.protocol.proto.OzoneManagerProtocolProtos$OzoneManagerService$2.callBlockingMethod(OzoneManagerProtocolProtos.java) [classes/:?]
	at org.apache.hadoop.ipc.ProtobufRpcEngine$Server$ProtoBufRpcInvoker.call(ProtobufRpcEngine.java:524) [hadoop-common-3.2.0.jar:?]
	at org.apache.hadoop.ipc.RPC$Server.call(RPC.java:1025) [hadoop-common-3.2.0.jar:?]
	at org.apache.hadoop.ipc.Server$RpcCall.run(Server.java:876) [hadoop-common-3.2.0.jar:?]
	at org.apache.hadoop.ipc.Server$RpcCall.run(Server.java:822) [hadoop-common-3.2.0.jar:?]
	at java.security.AccessController.doPrivileged(Native Method) [?:1.8.0_212]
	at javax.security.auth.Subject.doAs(Subject.java:422) [?:1.8.0_212]
	at org.apache.hadoop.security.UserGroupInformation.doAs(UserGroupInformation.java:1730) [hadoop-common-3.2.0.jar:?]
	at org.apache.hadoop.ipc.Server$Handler.run(Server.java:2682) [hadoop-common-3.2.0.jar:?]
2019-07-09 20:07:45,695 ERROR io.BlockOutputStreamEntryPool (BlockOutputStreamEntryPool.java:allocateBlockIfNeeded(299)) - Try to allocate more blocks for write failed, already allocated 0 blocks for this write.
INTERNAL_ERROR org.apache.hadoop.ozone.om.exceptions.OMException: Allocated 0 blocks. Requested 1 blocks
	at org.apache.hadoop.ozone.om.protocolPB.OzoneManagerProtocolClientSideTranslatorPB.handleError(OzoneManagerProtocolClientSideTranslatorPB.java:720)
	at org.apache.hadoop.ozone.om.protocolPB.OzoneManagerProtocolClientSideTranslatorPB.allocateBlock(OzoneManagerProtocolClientSideTranslatorPB.java:752)
	at org.apache.hadoop.ozone.client.io.BlockOutputStreamEntryPool.allocateNewBlock(BlockOutputStreamEntryPool.java:248)
	at org.apache.hadoop.ozone.client.io.BlockOutputStreamEntryPool.allocateBlockIfNeeded(BlockOutputStreamEntryPool.java:296)
	at org.apache.hadoop.ozone.client.io.KeyOutputStream.handleWrite(KeyOutputStream.java:201)
	at org.apache.hadoop.ozone.client.io.KeyOutputStream.write(KeyOutputStream.java:193)
	at org.apache.hadoop.ozone.client.io.OzoneOutputStream.write(OzoneOutputStream.java:49)
	at org.apache.hadoop.ozone.freon.RandomKeyGenerator$KeyProcessor.run(RandomKeyGenerator.java:693)
	at java.util.concurrent.Executors$RunnableAdapter.call(Executors.java:511)
	at java.util.concurrent.FutureTask.run(FutureTask.java:266)
	at java.util.concurrent.ThreadPoolExecutor.runWorker(ThreadPoolExecutor.java:1149)
	at java.util.concurrent.ThreadPoolExecutor$Worker.run(ThreadPoolExecutor.java:624)
	at java.lang.Thread.run(Thread.java:748)
2019-07-09 20:07:45,696 ERROR freon.RandomKeyGenerator (RandomKeyGenerator.java:run(718)) - Exception while adding key: key-0-82839 in bucket: bucket-0-35322 of volume: vol-0-34033.
INTERNAL_ERROR org.apache.hadoop.ozone.om.exceptions.OMException: Allocated 0 blocks. Requested 1 blocks
	at org.apache.hadoop.ozone.om.protocolPB.OzoneManagerProtocolClientSideTranslatorPB.handleError(OzoneManagerProtocolClientSideTranslatorPB.java:720)
	at org.apache.hadoop.ozone.om.protocolPB.OzoneManagerProtocolClientSideTranslatorPB.allocateBlock(OzoneManagerProtocolClientSideTranslatorPB.java:752)
	at org.apache.hadoop.ozone.client.io.BlockOutputStreamEntryPool.allocateNewBlock(BlockOutputStreamEntryPool.java:248)
	at org.apache.hadoop.ozone.client.io.BlockOutputStreamEntryPool.allocateBlockIfNeeded(BlockOutputStreamEntryPool.java:296)
	at org.apache.hadoop.ozone.client.io.KeyOutputStream.handleWrite(KeyOutputStream.java:201)
	at org.apache.hadoop.ozone.client.io.KeyOutputStream.write(KeyOutputStream.java:193)
	at org.apache.hadoop.ozone.client.io.OzoneOutputStream.write(OzoneOutputStream.java:49)
	at org.apache.hadoop.ozone.freon.RandomKeyGenerator$KeyProcessor.run(RandomKeyGenerator.java:693)
	at java.util.concurrent.Executors$RunnableAdapter.call(Executors.java:511)
	at java.util.concurrent.FutureTask.run(FutureTask.java:266)
	at java.util.concurrent.ThreadPoolExecutor.runWorker(ThreadPoolExecutor.java:1149)
	at java.util.concurrent.ThreadPoolExecutor$Worker.run(ThreadPoolExecutor.java:624)
	at java.lang.Thread.run(Thread.java:748)
 0.00% |█                                                                                                    |  0/1 Time: 0:01:17 0.00% |█                                                                                                    |  0/1 Time: 0:01:182019-07-09 20:07:47,758 WARN  server.GrpcLogAppender (GrpcLogAppender.java:timeoutAppendRequest(200)) - GrpcLogAppender(0a7e6056-64a2-4302-b029-255d48a66d7f->f63d6ef8-0266-4bf3-bcb1-484cdaae1fbb): appendEntries Timeout, request=0a7e6056-64a2-4302-b029-255d48a66d7f->f63d6ef8-0266-4bf3-bcb1-484cdaae1fbb#6135-t1, previous=(t:1, i:6029), leaderCommit=6028, initializing? false, entries: size=1, first=(t:1, i:6030), METADATAENTRY(c6028)
 0.00% |█                                                                                                    |  0/1 Time: 0:01:192019-07-09 20:07:48,259 WARN  server.GrpcLogAppender (GrpcLogAppender.java:timeoutAppendRequest(200)) - GrpcLogAppender(0a7e6056-64a2-4302-b029-255d48a66d7f->f63d6ef8-0266-4bf3-bcb1-484cdaae1fbb): appendEntries Timeout, request=0a7e6056-64a2-4302-b029-255d48a66d7f->f63d6ef8-0266-4bf3-bcb1-484cdaae1fbb#6136-t1, previous=(t:1, i:6030), leaderCommit=6028, initializing? false, entries: <empty>
 100.00% |█████████████████████████████████████████████████████████████████████████████████████████████████████|  1/1 Time: 0:01:20
]]></system-out>
  </testcase>
  <testcase name="multiThread" classname="org.apache.hadoop.ozone.freon.TestRandomKeyGenerator" time="10.081"/>
</testsuite>