<?xml version="1.0" encoding="UTF-8"?>
<testsuite xmlns:xsi="http://www.w3.org/2001/XMLSchema-instance" xsi:noNamespaceSchemaLocation="https://maven.apache.org/surefire/maven-surefire-plugin/xsd/surefire-test-report.xsd" name="org.apache.hadoop.hdds.scm.pipeline.TestRatisPipelineCreateAndDestory" time="69.401" tests="2" errors="1" skipped="0" failures="0">
  <properties>
    <property name="awt.toolkit" value="sun.awt.X11.XToolkit"/>
    <property name="file.encoding.pkg" value="sun.io"/>
    <property name="java.specification.version" value="1.8"/>
    <property name="sun.cpu.isalist" value=""/>
    <property name="sun.jnu.encoding" value="UTF-8"/>
    <property name="java.class.path" value="/workdir/hadoop-ozone/integration-test/target/test-classes:/workdir/hadoop-ozone/integration-test/target/classes:/home/user/.m2/repository/org/apache/hadoop/hadoop-ozone-common/0.5.0-SNAPSHOT/hadoop-ozone-common-0.5.0-SNAPSHOT.jar:/home/user/.m2/repository/org/apache/commons/commons-compress/1.4.1/commons-compress-1.4.1.jar:/home/user/.m2/repository/org/tukaani/xz/1.0/xz-1.0.jar:/home/user/.m2/repository/org/apache/hadoop/hadoop-common/3.2.0/hadoop-common-3.2.0.jar:/home/user/.m2/repository/org/apache/hadoop/hadoop-hdfs/3.2.0/hadoop-hdfs-3.2.0.jar:/home/user/.m2/repository/org/apache/hadoop/hadoop-hdfs-client/3.2.0/hadoop-hdfs-client-3.2.0.jar:/home/user/.m2/repository/com/fasterxml/jackson/core/jackson-annotations/2.9.5/jackson-annotations-2.9.5.jar:/home/user/.m2/repository/org/apache/hadoop/hadoop-hdds-common/0.5.0-SNAPSHOT/hadoop-hdds-common-0.5.0-SNAPSHOT.jar:/home/user/.m2/repository/javax/annotation/javax.annotation-api/1.2/javax.annotation-api-1.2.jar:/home/user/.m2/repository/org/apache/ratis/ratis-server/0.4.0-2337318-SNAPSHOT/ratis-server-0.4.0-2337318-SNAPSHOT.jar:/home/user/.m2/repository/org/apache/ratis/ratis-thirdparty-misc/0.2.0/ratis-thirdparty-misc-0.2.0.jar:/home/user/.m2/repository/org/apache/ratis/ratis-proto/0.4.0-2337318-SNAPSHOT/ratis-proto-0.4.0-2337318-SNAPSHOT.jar:/home/user/.m2/repository/org/apache/ratis/ratis-common/0.4.0-2337318-SNAPSHOT/ratis-common-0.4.0-2337318-SNAPSHOT.jar:/home/user/.m2/repository/org/apache/ratis/ratis-client/0.4.0-2337318-SNAPSHOT/ratis-client-0.4.0-2337318-SNAPSHOT.jar:/home/user/.m2/repository/org/apache/ratis/ratis-metrics/0.4.0-2337318-SNAPSHOT/ratis-metrics-0.4.0-2337318-SNAPSHOT.jar:/home/user/.m2/repository/org/apache/ratis/ratis-netty/0.4.0-2337318-SNAPSHOT/ratis-netty-0.4.0-2337318-SNAPSHOT.jar:/home/user/.m2/repository/org/apache/ratis/ratis-grpc/0.4.0-2337318-SNAPSHOT/ratis-grpc-0.4.0-2337318-SNAPSHOT.jar:/home/user/.m2/repository/org/rocksdb/rocksdbjni/6.0.1/rocksdbjni-6.0.1.jar:/home/user/.m2/repository/org/apache/logging/log4j/log4j-api/2.11.0/log4j-api-2.11.0.jar:/home/user/.m2/repository/org/apache/logging/log4j/log4j-core/2.11.0/log4j-core-2.11.0.jar:/home/user/.m2/repository/com/lmax/disruptor/3.4.2/disruptor-3.4.2.jar:/home/user/.m2/repository/org/apache/commons/commons-pool2/2.6.0/commons-pool2-2.6.0.jar:/home/user/.m2/repository/org/bouncycastle/bcpkix-jdk15on/1.60/bcpkix-jdk15on-1.60.jar:/home/user/.m2/repository/commons-validator/commons-validator/1.6/commons-validator-1.6.jar:/home/user/.m2/repository/commons-digester/commons-digester/1.8.1/commons-digester-1.8.1.jar:/home/user/.m2/repository/io/jaegertracing/jaeger-client/0.33.1/jaeger-client-0.33.1.jar:/home/user/.m2/repository/io/jaegertracing/jaeger-thrift/0.33.1/jaeger-thrift-0.33.1.jar:/home/user/.m2/repository/org/apache/thrift/libthrift/0.11.0/libthrift-0.11.0.jar:/home/user/.m2/repository/com/squareup/okhttp3/okhttp/3.9.0/okhttp-3.9.0.jar:/home/user/.m2/repository/com/squareup/okio/okio/1.13.0/okio-1.13.0.jar:/home/user/.m2/repository/io/jaegertracing/jaeger-core/0.33.1/jaeger-core-0.33.1.jar:/home/user/.m2/repository/io/jaegertracing/jaeger-tracerresolver/0.33.1/jaeger-tracerresolver-0.33.1.jar:/home/user/.m2/repository/io/opentracing/contrib/opentracing-tracerresolver/0.1.5/opentracing-tracerresolver-0.1.5.jar:/home/user/.m2/repository/io/opentracing/opentracing-util/0.31.0/opentracing-util-0.31.0.jar:/home/user/.m2/repository/io/opentracing/opentracing-api/0.31.0/opentracing-api-0.31.0.jar:/home/user/.m2/repository/io/opentracing/opentracing-noop/0.31.0/opentracing-noop-0.31.0.jar:/home/user/.m2/repository/org/apache/hadoop/hadoop-hdds-server-framework/0.5.0-SNAPSHOT/hadoop-hdds-server-framework-0.5.0-SNAPSHOT.jar:/home/user/.m2/repository/org/apache/hadoop/hadoop-hdds-container-service/0.5.0-SNAPSHOT/hadoop-hdds-container-service-0.5.0-SNAPSHOT.jar:/home/user/.m2/repository/org/apache/hadoop/hadoop-hdds-client/0.5.0-SNAPSHOT/hadoop-hdds-client-0.5.0-SNAPSHOT.jar:/home/user/.m2/repository/org/apache/hadoop/hadoop-hdds-tools/0.5.0-SNAPSHOT/hadoop-hdds-tools-0.5.0-SNAPSHOT.jar:/home/user/.m2/repository/org/apache/hadoop/hadoop-hdds-server-scm/0.5.0-SNAPSHOT/hadoop-hdds-server-scm-0.5.0-SNAPSHOT.jar:/home/user/.m2/repository/org/apache/hadoop/hadoop-hdds-docs/0.5.0-SNAPSHOT/hadoop-hdds-docs-0.5.0-SNAPSHOT.jar:/home/user/.m2/repository/io/dropwizard/metrics/metrics-core/3.2.4/metrics-core-3.2.4.jar:/home/user/.m2/repository/org/hamcrest/hamcrest-all/1.3/hamcrest-all-1.3.jar:/home/user/.m2/repository/org/bouncycastle/bcprov-jdk15on/1.60/bcprov-jdk15on-1.60.jar:/home/user/.m2/repository/info/picocli/picocli/3.9.6/picocli-3.9.6.jar:/home/user/.m2/repository/com/google/protobuf/protobuf-java/2.5.0/protobuf-java-2.5.0.jar:/home/user/.m2/repository/com/google/guava/guava/11.0.2/guava-11.0.2.jar:/home/user/.m2/repository/org/apache/hadoop/hadoop-ozone-ozone-manager/0.5.0-SNAPSHOT/hadoop-ozone-ozone-manager-0.5.0-SNAPSHOT.jar:/home/user/.m2/repository/org/apache/hadoop/hadoop-minikdc/3.2.0/hadoop-minikdc-3.2.0.jar:/home/user/.m2/repository/commons-io/commons-io/2.5/commons-io-2.5.jar:/home/user/.m2/repository/org/apache/kerby/kerb-simplekdc/1.0.1/kerb-simplekdc-1.0.1.jar:/home/user/.m2/repository/org/apache/kerby/kerb-client/1.0.1/kerb-client-1.0.1.jar:/home/user/.m2/repository/org/apache/kerby/kerby-config/1.0.1/kerby-config-1.0.1.jar:/home/user/.m2/repository/org/apache/kerby/kerb-core/1.0.1/kerb-core-1.0.1.jar:/home/user/.m2/repository/org/apache/kerby/kerby-pkix/1.0.1/kerby-pkix-1.0.1.jar:/home/user/.m2/repository/org/apache/kerby/kerby-asn1/1.0.1/kerby-asn1-1.0.1.jar:/home/user/.m2/repository/org/apache/kerby/kerby-util/1.0.1/kerby-util-1.0.1.jar:/home/user/.m2/repository/org/apache/kerby/kerb-common/1.0.1/kerb-common-1.0.1.jar:/home/user/.m2/repository/org/apache/kerby/kerb-crypto/1.0.1/kerb-crypto-1.0.1.jar:/home/user/.m2/repository/org/apache/kerby/kerb-util/1.0.1/kerb-util-1.0.1.jar:/home/user/.m2/repository/org/apache/kerby/token-provider/1.0.1/token-provider-1.0.1.jar:/home/user/.m2/repository/org/apache/kerby/kerb-admin/1.0.1/kerb-admin-1.0.1.jar:/home/user/.m2/repository/org/apache/kerby/kerb-server/1.0.1/kerb-server-1.0.1.jar:/home/user/.m2/repository/org/apache/kerby/kerb-identity/1.0.1/kerb-identity-1.0.1.jar:/home/user/.m2/repository/org/apache/kerby/kerby-xdr/1.0.1/kerby-xdr-1.0.1.jar:/home/user/.m2/repository/org/slf4j/slf4j-log4j12/1.7.25/slf4j-log4j12-1.7.25.jar:/home/user/.m2/repository/org/apache/hadoop/hadoop-ozone-objectstore-service/0.5.0-SNAPSHOT/hadoop-ozone-objectstore-service-0.5.0-SNAPSHOT.jar:/home/user/.m2/repository/org/apache/hadoop/hadoop-ozone-s3gateway/0.5.0-SNAPSHOT/hadoop-ozone-s3gateway-0.5.0-SNAPSHOT.jar:/home/user/.m2/repository/org/jboss/weld/servlet/weld-servlet/2.4.7.Final/weld-servlet-2.4.7.Final.jar:/home/user/.m2/repository/org/glassfish/jersey/containers/jersey-container-servlet-core/2.27/jersey-container-servlet-core-2.27.jar:/home/user/.m2/repository/org/glassfish/hk2/external/javax.inject/2.5.0-b42/javax.inject-2.5.0-b42.jar:/home/user/.m2/repository/org/glassfish/jersey/core/jersey-common/2.27/jersey-common-2.27.jar:/home/user/.m2/repository/org/glassfish/hk2/osgi-resource-locator/1.0.1/osgi-resource-locator-1.0.1.jar:/home/user/.m2/repository/javax/ws/rs/javax.ws.rs-api/2.1/javax.ws.rs-api-2.1.jar:/home/user/.m2/repository/org/glassfish/jersey/ext/cdi/jersey-cdi1x/2.27/jersey-cdi1x-2.27.jar:/home/user/.m2/repository/org/glassfish/jersey/inject/jersey-hk2/2.27/jersey-hk2-2.27.jar:/home/user/.m2/repository/org/glassfish/hk2/hk2-locator/2.5.0-b42/hk2-locator-2.5.0-b42.jar:/home/user/.m2/repository/org/javassist/javassist/3.22.0-CR2/javassist-3.22.0-CR2.jar:/home/user/.m2/repository/org/glassfish/hk2/hk2-api/2.5.0/hk2-api-2.5.0.jar:/home/user/.m2/repository/org/glassfish/hk2/external/jakarta.inject/2.5.0/jakarta.inject-2.5.0.jar:/home/user/.m2/repository/org/glassfish/hk2/hk2-utils/2.5.0/hk2-utils-2.5.0.jar:/home/user/.m2/repository/jakarta/annotation/jakarta.annotation-api/1.3.4/jakarta.annotation-api-1.3.4.jar:/home/user/.m2/repository/org/glassfish/hk2/external/aopalliance-repackaged/2.5.0/aopalliance-repackaged-2.5.0.jar:/home/user/.m2/repository/com/fasterxml/jackson/dataformat/jackson-dataformat-xml/2.9.0/jackson-dataformat-xml-2.9.0.jar:/home/user/.m2/repository/com/fasterxml/jackson/core/jackson-core/2.9.5/jackson-core-2.9.5.jar:/home/user/.m2/repository/com/fasterxml/jackson/module/jackson-module-jaxb-annotations/2.9.5/jackson-module-jaxb-annotations-2.9.5.jar:/home/user/.m2/repository/javax/enterprise/cdi-api/1.2/cdi-api-1.2.jar:/home/user/.m2/repository/javax/el/javax.el-api/3.0.0/javax.el-api-3.0.0.jar:/home/user/.m2/repository/javax/interceptor/javax.interceptor-api/1.2/javax.interceptor-api-1.2.jar:/home/user/.m2/repository/javax/inject/javax.inject/1/javax.inject-1.jar:/home/user/.m2/repository/com/sun/xml/bind/jaxb-impl/2.3.0.1/jaxb-impl-2.3.0.1.jar:/home/user/.m2/repository/com/sun/xml/bind/jaxb-core/2.3.0.1/jaxb-core-2.3.0.1.jar:/home/user/.m2/repository/javax/xml/bind/jaxb-api/2.3.0/jaxb-api-2.3.0.jar:/home/user/.m2/repository/javax/activation/activation/1.1.1/activation-1.1.1.jar:/home/user/.m2/repository/org/apache/hadoop/hadoop-ozone-csi/0.5.0-SNAPSHOT/hadoop-ozone-csi-0.5.0-SNAPSHOT.jar:/home/user/.m2/repository/com/google/protobuf/protobuf-java-util/3.5.1/protobuf-java-util-3.5.1.jar:/home/user/.m2/repository/org/apache/hadoop/hadoop-hdds-config/0.5.0-SNAPSHOT/hadoop-hdds-config-0.5.0-SNAPSHOT.jar:/home/user/.m2/repository/io/grpc/grpc-netty/1.17.1/grpc-netty-1.17.1.jar:/home/user/.m2/repository/io/grpc/grpc-core/1.17.1/grpc-core-1.17.1.jar:/home/user/.m2/repository/io/grpc/grpc-context/1.17.1/grpc-context-1.17.1.jar:/home/user/.m2/repository/com/google/errorprone/error_prone_annotations/2.2.0/error_prone_annotations-2.2.0.jar:/home/user/.m2/repository/org/codehaus/mojo/animal-sniffer-annotations/1.17/animal-sniffer-annotations-1.17.jar:/home/user/.m2/repository/io/opencensus/opencensus-api/0.17.0/opencensus-api-0.17.0.jar:/home/user/.m2/repository/io/opencensus/opencensus-contrib-grpc-metrics/0.17.0/opencensus-contrib-grpc-metrics-0.17.0.jar:/home/user/.m2/repository/io/netty/netty-codec-http2/4.1.30.Final/netty-codec-http2-4.1.30.Final.jar:/home/user/.m2/repository/io/netty/netty-codec-http/4.1.30.Final/netty-codec-http-4.1.30.Final.jar:/home/user/.m2/repository/io/netty/netty-codec/4.1.30.Final/netty-codec-4.1.30.Final.jar:/home/user/.m2/repository/io/netty/netty-handler/4.1.30.Final/netty-handler-4.1.30.Final.jar:/home/user/.m2/repository/io/netty/netty-handler-proxy/4.1.30.Final/netty-handler-proxy-4.1.30.Final.jar:/home/user/.m2/repository/io/netty/netty-codec-socks/4.1.30.Final/netty-codec-socks-4.1.30.Final.jar:/home/user/.m2/repository/io/netty/netty-transport-native-epoll/4.1.30.Final/netty-transport-native-epoll-4.1.30.Final.jar:/home/user/.m2/repository/io/netty/netty-common/4.1.30.Final/netty-common-4.1.30.Final.jar:/home/user/.m2/repository/io/netty/netty-buffer/4.1.30.Final/netty-buffer-4.1.30.Final.jar:/home/user/.m2/repository/io/netty/netty-transport/4.1.30.Final/netty-transport-4.1.30.Final.jar:/home/user/.m2/repository/io/netty/netty-resolver/4.1.30.Final/netty-resolver-4.1.30.Final.jar:/home/user/.m2/repository/io/netty/netty-transport-native-unix-common/4.1.30.Final/netty-transport-native-unix-common-4.1.30.Final.jar:/home/user/.m2/repository/io/grpc/grpc-protobuf/1.17.1/grpc-protobuf-1.17.1.jar:/home/user/.m2/repository/com/google/api/grpc/proto-google-common-protos/1.0.0/proto-google-common-protos-1.0.0.jar:/home/user/.m2/repository/io/grpc/grpc-protobuf-lite/1.17.1/grpc-protobuf-lite-1.17.1.jar:/home/user/.m2/repository/io/grpc/grpc-stub/1.17.1/grpc-stub-1.17.1.jar:/home/user/.m2/repository/org/apache/hadoop/hadoop-ozone-recon/0.5.0-SNAPSHOT/hadoop-ozone-recon-0.5.0-SNAPSHOT.jar:/home/user/.m2/repository/org/apache/hadoop/hadoop-ozone-reconcodegen/0.5.0-SNAPSHOT/hadoop-ozone-reconcodegen-0.5.0-SNAPSHOT.jar:/home/user/.m2/repository/com/google/inject/extensions/guice-multibindings/4.0/guice-multibindings-4.0.jar:/home/user/.m2/repository/com/google/inject/guice/4.0/guice-4.0.jar:/home/user/.m2/repository/aopalliance/aopalliance/1.0/aopalliance-1.0.jar:/home/user/.m2/repository/com/google/inject/extensions/guice-servlet/4.0/guice-servlet-4.0.jar:/home/user/.m2/repository/org/glassfish/jersey/containers/jersey-container-servlet/2.27/jersey-container-servlet-2.27.jar:/home/user/.m2/repository/org/glassfish/hk2/guice-bridge/2.5.0/guice-bridge-2.5.0.jar:/home/user/.m2/repository/org/glassfish/jersey/core/jersey-server/2.27/jersey-server-2.27.jar:/home/user/.m2/repository/org/glassfish/jersey/core/jersey-client/2.27/jersey-client-2.27.jar:/home/user/.m2/repository/org/glassfish/jersey/media/jersey-media-jaxb/2.27/jersey-media-jaxb-2.27.jar:/home/user/.m2/repository/javax/validation/validation-api/1.1.0.Final/validation-api-1.1.0.Final.jar:/home/user/.m2/repository/org/glassfish/jersey/media/jersey-media-json-jackson/2.27/jersey-media-json-jackson-2.27.jar:/home/user/.m2/repository/org/glassfish/jersey/ext/jersey-entity-filtering/2.27/jersey-entity-filtering-2.27.jar:/home/user/.m2/repository/com/google/inject/extensions/guice-assistedinject/4.0/guice-assistedinject-4.0.jar:/home/user/.m2/repository/org/jooq/jooq/3.11.10/jooq-3.11.10.jar:/home/user/.m2/repository/org/jooq/jooq-meta/3.11.10/jooq-meta-3.11.10.jar:/home/user/.m2/repository/org/jooq/jooq-codegen/3.11.10/jooq-codegen-3.11.10.jar:/home/user/.m2/repository/com/jolbox/bonecp/0.8.0.RELEASE/bonecp-0.8.0.RELEASE.jar:/home/user/.m2/repository/org/xerial/sqlite-jdbc/3.25.2/sqlite-jdbc-3.25.2.jar:/home/user/.m2/repository/org/springframework/spring-jdbc/5.1.3.RELEASE/spring-jdbc-5.1.3.RELEASE.jar:/home/user/.m2/repository/org/springframework/spring-beans/5.1.3.RELEASE/spring-beans-5.1.3.RELEASE.jar:/home/user/.m2/repository/org/springframework/spring-core/5.1.3.RELEASE/spring-core-5.1.3.RELEASE.jar:/home/user/.m2/repository/org/springframework/spring-jcl/5.1.3.RELEASE/spring-jcl-5.1.3.RELEASE.jar:/home/user/.m2/repository/org/springframework/spring-tx/5.1.3.RELEASE/spring-tx-5.1.3.RELEASE.jar:/home/user/.m2/repository/org/apache/hadoop/hadoop-ozone-client/0.5.0-SNAPSHOT/hadoop-ozone-client-0.5.0-SNAPSHOT.jar:/home/user/.m2/repository/commons-lang/commons-lang/2.6/commons-lang-2.6.jar:/home/user/.m2/repository/org/apache/hadoop/hadoop-ozone-ozone-manager/0.5.0-SNAPSHOT/hadoop-ozone-ozone-manager-0.5.0-SNAPSHOT-tests.jar:/home/user/.m2/repository/junit/junit/4.11/junit-4.11.jar:/home/user/.m2/repository/org/hamcrest/hamcrest-core/1.3/hamcrest-core-1.3.jar:/home/user/.m2/repository/org/openjdk/jmh/jmh-core/1.19/jmh-core-1.19.jar:/home/user/.m2/repository/net/sf/jopt-simple/jopt-simple/4.6/jopt-simple-4.6.jar:/home/user/.m2/repository/org/apache/commons/commons-math3/3.1.1/commons-math3-3.1.1.jar:/home/user/.m2/repository/org/openjdk/jmh/jmh-generator-annprocess/1.19/jmh-generator-annprocess-1.19.jar:/home/user/.m2/repository/org/mockito/mockito-all/1.8.5/mockito-all-1.8.5.jar:/home/user/.m2/repository/org/apache/hadoop/hadoop-kms/3.2.0/hadoop-kms-3.2.0.jar:/home/user/.m2/repository/org/apache/hadoop/hadoop-auth/3.2.0/hadoop-auth-3.2.0.jar:/home/user/.m2/repository/com/nimbusds/nimbus-jose-jwt/4.41.1/nimbus-jose-jwt-4.41.1.jar:/home/user/.m2/repository/com/github/stephenc/jcip/jcip-annotations/1.0-1/jcip-annotations-1.0-1.jar:/home/user/.m2/repository/net/minidev/json-smart/2.3/json-smart-2.3.jar:/home/user/.m2/repository/net/minidev/accessors-smart/1.2/accessors-smart-1.2.jar:/home/user/.m2/repository/org/ow2/asm/asm/5.0.4/asm-5.0.4.jar:/home/user/.m2/repository/org/apache/curator/curator-framework/2.12.0/curator-framework-2.12.0.jar:/home/user/.m2/repository/com/sun/jersey/jersey-core/1.19/jersey-core-1.19.jar:/home/user/.m2/repository/javax/ws/rs/jsr311-api/1.1.1/jsr311-api-1.1.1.jar:/home/user/.m2/repository/com/sun/jersey/jersey-server/1.19/jersey-server-1.19.jar:/home/user/.m2/repository/javax/servlet/javax.servlet-api/3.1.0/javax.servlet-api-3.1.0.jar:/home/user/.m2/repository/org/eclipse/jetty/jetty-server/9.3.24.v20180605/jetty-server-9.3.24.v20180605.jar:/home/user/.m2/repository/org/eclipse/jetty/jetty-http/9.3.24.v20180605/jetty-http-9.3.24.v20180605.jar:/home/user/.m2/repository/org/eclipse/jetty/jetty-io/9.3.24.v20180605/jetty-io-9.3.24.v20180605.jar:/home/user/.m2/repository/org/eclipse/jetty/jetty-webapp/9.3.24.v20180605/jetty-webapp-9.3.24.v20180605.jar:/home/user/.m2/repository/org/eclipse/jetty/jetty-xml/9.3.24.v20180605/jetty-xml-9.3.24.v20180605.jar:/home/user/.m2/repository/log4j/log4j/1.2.17/log4j-1.2.17.jar:/home/user/.m2/repository/org/slf4j/slf4j-api/1.7.25/slf4j-api-1.7.25.jar:/home/user/.m2/repository/org/slf4j/jul-to-slf4j/1.7.25/jul-to-slf4j-1.7.25.jar:/home/user/.m2/repository/org/eclipse/jetty/jetty-util/9.3.24.v20180605/jetty-util-9.3.24.v20180605.jar:/home/user/.m2/repository/com/fasterxml/jackson/core/jackson-databind/2.9.5/jackson-databind-2.9.5.jar:/home/user/.m2/repository/org/apache/hadoop/hadoop-kms/3.2.0/hadoop-kms-3.2.0-tests.jar:/home/user/.m2/repository/org/apache/hadoop/hadoop-hdds-server-scm/0.5.0-SNAPSHOT/hadoop-hdds-server-scm-0.5.0-SNAPSHOT-tests.jar:/home/user/.m2/repository/org/apache/hadoop/hadoop-hdds-container-service/0.5.0-SNAPSHOT/hadoop-hdds-container-service-0.5.0-SNAPSHOT-tests.jar:/home/user/.m2/repository/org/yaml/snakeyaml/1.16/snakeyaml-1.16.jar:/home/user/.m2/repository/org/apache/hadoop/hadoop-common/3.2.0/hadoop-common-3.2.0-tests.jar:/home/user/.m2/repository/org/apache/hadoop/hadoop-annotations/3.2.0/hadoop-annotations-3.2.0.jar:/usr/lib/jvm/java-1.8-openjdk/jre/../lib/tools.jar:/home/user/.m2/repository/commons-cli/commons-cli/1.2/commons-cli-1.2.jar:/home/user/.m2/repository/org/apache/httpcomponents/httpclient/4.5.2/httpclient-4.5.2.jar:/home/user/.m2/repository/org/apache/httpcomponents/httpcore/4.4.4/httpcore-4.4.4.jar:/home/user/.m2/repository/commons-codec/commons-codec/1.11/commons-codec-1.11.jar:/home/user/.m2/repository/commons-net/commons-net/3.6/commons-net-3.6.jar:/home/user/.m2/repository/commons-collections/commons-collections/3.2.2/commons-collections-3.2.2.jar:/home/user/.m2/repository/org/eclipse/jetty/jetty-servlet/9.3.24.v20180605/jetty-servlet-9.3.24.v20180605.jar:/home/user/.m2/repository/org/eclipse/jetty/jetty-security/9.3.24.v20180605/jetty-security-9.3.24.v20180605.jar:/home/user/.m2/repository/javax/servlet/jsp/jsp-api/2.1/jsp-api-2.1.jar:/home/user/.m2/repository/com/sun/jersey/jersey-servlet/1.19/jersey-servlet-1.19.jar:/home/user/.m2/repository/com/sun/jersey/jersey-json/1.19/jersey-json-1.19.jar:/home/user/.m2/repository/org/codehaus/jettison/jettison/1.1/jettison-1.1.jar:/home/user/.m2/repository/org/codehaus/jackson/jackson-core-asl/1.9.13/jackson-core-asl-1.9.13.jar:/home/user/.m2/repository/org/codehaus/jackson/jackson-mapper-asl/1.9.13/jackson-mapper-asl-1.9.13.jar:/home/user/.m2/repository/org/codehaus/jackson/jackson-jaxrs/1.9.13/jackson-jaxrs-1.9.13.jar:/home/user/.m2/repository/org/codehaus/jackson/jackson-xc/1.9.13/jackson-xc-1.9.13.jar:/home/user/.m2/repository/commons-logging/commons-logging/1.1.3/commons-logging-1.1.3.jar:/home/user/.m2/repository/commons-beanutils/commons-beanutils/1.9.3/commons-beanutils-1.9.3.jar:/home/user/.m2/repository/org/apache/commons/commons-configuration2/2.1.1/commons-configuration2-2.1.1.jar:/home/user/.m2/repository/org/apache/commons/commons-lang3/3.7/commons-lang3-3.7.jar:/home/user/.m2/repository/org/apache/commons/commons-text/1.4/commons-text-1.4.jar:/home/user/.m2/repository/org/apache/avro/avro/1.7.7/avro-1.7.7.jar:/home/user/.m2/repository/com/thoughtworks/paranamer/paranamer/2.3/paranamer-2.3.jar:/home/user/.m2/repository/org/xerial/snappy/snappy-java/1.0.5/snappy-java-1.0.5.jar:/home/user/.m2/repository/com/google/re2j/re2j/1.1/re2j-1.1.jar:/home/user/.m2/repository/com/google/code/gson/gson/2.2.4/gson-2.2.4.jar:/home/user/.m2/repository/com/jcraft/jsch/0.1.54/jsch-0.1.54.jar:/home/user/.m2/repository/org/apache/curator/curator-client/2.12.0/curator-client-2.12.0.jar:/home/user/.m2/repository/org/apache/curator/curator-recipes/2.12.0/curator-recipes-2.12.0.jar:/home/user/.m2/repository/com/google/code/findbugs/jsr305/3.0.0/jsr305-3.0.0.jar:/home/user/.m2/repository/org/apache/htrace/htrace-core4/4.1.0-incubating/htrace-core4-4.1.0-incubating.jar:/home/user/.m2/repository/org/apache/zookeeper/zookeeper/3.4.13/zookeeper-3.4.13.jar:/home/user/.m2/repository/org/apache/yetus/audience-annotations/0.5.0/audience-annotations-0.5.0.jar:/home/user/.m2/repository/org/codehaus/woodstox/stax2-api/3.1.4/stax2-api-3.1.4.jar:/home/user/.m2/repository/com/fasterxml/woodstox/woodstox-core/5.0.3/woodstox-core-5.0.3.jar:/home/user/.m2/repository/dnsjava/dnsjava/2.1.7/dnsjava-2.1.7.jar:/home/user/.m2/repository/org/apache/hadoop/hadoop-hdfs/3.2.0/hadoop-hdfs-3.2.0-tests.jar:/home/user/.m2/repository/org/eclipse/jetty/jetty-util-ajax/9.3.24.v20180605/jetty-util-ajax-9.3.24.v20180605.jar:/home/user/.m2/repository/commons-daemon/commons-daemon/1.0.13/commons-daemon-1.0.13.jar:/home/user/.m2/repository/io/netty/netty/3.10.5.Final/netty-3.10.5.Final.jar:/home/user/.m2/repository/io/netty/netty-all/4.0.52.Final/netty-all-4.0.52.Final.jar:/home/user/.m2/repository/org/fusesource/leveldbjni/leveldbjni-all/1.8/leveldbjni-all-1.8.jar:"/>
    <property name="java.vm.vendor" value="IcedTea"/>
    <property name="sun.arch.data.model" value="64"/>
    <property name="test.build.dir" value="/workdir/hadoop-ozone/integration-test/target/test-dir"/>
    <property name="test.cache.data" value=""/>
    <property name="java.vendor.url" value="https://icedtea.classpath.org"/>
    <property name="user.timezone" value=""/>
    <property name="java.vm.specification.version" value="1.8"/>
    <property name="os.name" value="Linux"/>
    <property name="test.build.data" value="/workdir/hadoop-ozone/integration-test/target/test-dir"/>
    <property name="user.country" value="US"/>
    <property name="sun.java.launcher" value="SUN_STANDARD"/>
    <property name="sun.boot.library.path" value="/usr/lib/jvm/java-1.8-openjdk/jre/lib/amd64"/>
    <property name="sun.java.command" value="/workdir/hadoop-ozone/integration-test/target/surefire/surefirebooter7566001098824517879.jar /workdir/hadoop-ozone/integration-test/target/surefire 2019-08-21T07-10-36_246-jvmRun1 surefire3837004622335423580tmp surefire_46292401413868307835tmp"/>
    <property name="surefire.test.class.path" value="/workdir/hadoop-ozone/integration-test/target/test-classes:/workdir/hadoop-ozone/integration-test/target/classes:/home/user/.m2/repository/org/apache/hadoop/hadoop-ozone-common/0.5.0-SNAPSHOT/hadoop-ozone-common-0.5.0-SNAPSHOT.jar:/home/user/.m2/repository/org/apache/commons/commons-compress/1.4.1/commons-compress-1.4.1.jar:/home/user/.m2/repository/org/tukaani/xz/1.0/xz-1.0.jar:/home/user/.m2/repository/org/apache/hadoop/hadoop-common/3.2.0/hadoop-common-3.2.0.jar:/home/user/.m2/repository/org/apache/hadoop/hadoop-hdfs/3.2.0/hadoop-hdfs-3.2.0.jar:/home/user/.m2/repository/org/apache/hadoop/hadoop-hdfs-client/3.2.0/hadoop-hdfs-client-3.2.0.jar:/home/user/.m2/repository/com/fasterxml/jackson/core/jackson-annotations/2.9.5/jackson-annotations-2.9.5.jar:/home/user/.m2/repository/org/apache/hadoop/hadoop-hdds-common/0.5.0-SNAPSHOT/hadoop-hdds-common-0.5.0-SNAPSHOT.jar:/home/user/.m2/repository/javax/annotation/javax.annotation-api/1.2/javax.annotation-api-1.2.jar:/home/user/.m2/repository/org/apache/ratis/ratis-server/0.4.0-2337318-SNAPSHOT/ratis-server-0.4.0-2337318-SNAPSHOT.jar:/home/user/.m2/repository/org/apache/ratis/ratis-thirdparty-misc/0.2.0/ratis-thirdparty-misc-0.2.0.jar:/home/user/.m2/repository/org/apache/ratis/ratis-proto/0.4.0-2337318-SNAPSHOT/ratis-proto-0.4.0-2337318-SNAPSHOT.jar:/home/user/.m2/repository/org/apache/ratis/ratis-common/0.4.0-2337318-SNAPSHOT/ratis-common-0.4.0-2337318-SNAPSHOT.jar:/home/user/.m2/repository/org/apache/ratis/ratis-client/0.4.0-2337318-SNAPSHOT/ratis-client-0.4.0-2337318-SNAPSHOT.jar:/home/user/.m2/repository/org/apache/ratis/ratis-metrics/0.4.0-2337318-SNAPSHOT/ratis-metrics-0.4.0-2337318-SNAPSHOT.jar:/home/user/.m2/repository/org/apache/ratis/ratis-netty/0.4.0-2337318-SNAPSHOT/ratis-netty-0.4.0-2337318-SNAPSHOT.jar:/home/user/.m2/repository/org/apache/ratis/ratis-grpc/0.4.0-2337318-SNAPSHOT/ratis-grpc-0.4.0-2337318-SNAPSHOT.jar:/home/user/.m2/repository/org/rocksdb/rocksdbjni/6.0.1/rocksdbjni-6.0.1.jar:/home/user/.m2/repository/org/apache/logging/log4j/log4j-api/2.11.0/log4j-api-2.11.0.jar:/home/user/.m2/repository/org/apache/logging/log4j/log4j-core/2.11.0/log4j-core-2.11.0.jar:/home/user/.m2/repository/com/lmax/disruptor/3.4.2/disruptor-3.4.2.jar:/home/user/.m2/repository/org/apache/commons/commons-pool2/2.6.0/commons-pool2-2.6.0.jar:/home/user/.m2/repository/org/bouncycastle/bcpkix-jdk15on/1.60/bcpkix-jdk15on-1.60.jar:/home/user/.m2/repository/commons-validator/commons-validator/1.6/commons-validator-1.6.jar:/home/user/.m2/repository/commons-digester/commons-digester/1.8.1/commons-digester-1.8.1.jar:/home/user/.m2/repository/io/jaegertracing/jaeger-client/0.33.1/jaeger-client-0.33.1.jar:/home/user/.m2/repository/io/jaegertracing/jaeger-thrift/0.33.1/jaeger-thrift-0.33.1.jar:/home/user/.m2/repository/org/apache/thrift/libthrift/0.11.0/libthrift-0.11.0.jar:/home/user/.m2/repository/com/squareup/okhttp3/okhttp/3.9.0/okhttp-3.9.0.jar:/home/user/.m2/repository/com/squareup/okio/okio/1.13.0/okio-1.13.0.jar:/home/user/.m2/repository/io/jaegertracing/jaeger-core/0.33.1/jaeger-core-0.33.1.jar:/home/user/.m2/repository/io/jaegertracing/jaeger-tracerresolver/0.33.1/jaeger-tracerresolver-0.33.1.jar:/home/user/.m2/repository/io/opentracing/contrib/opentracing-tracerresolver/0.1.5/opentracing-tracerresolver-0.1.5.jar:/home/user/.m2/repository/io/opentracing/opentracing-util/0.31.0/opentracing-util-0.31.0.jar:/home/user/.m2/repository/io/opentracing/opentracing-api/0.31.0/opentracing-api-0.31.0.jar:/home/user/.m2/repository/io/opentracing/opentracing-noop/0.31.0/opentracing-noop-0.31.0.jar:/home/user/.m2/repository/org/apache/hadoop/hadoop-hdds-server-framework/0.5.0-SNAPSHOT/hadoop-hdds-server-framework-0.5.0-SNAPSHOT.jar:/home/user/.m2/repository/org/apache/hadoop/hadoop-hdds-container-service/0.5.0-SNAPSHOT/hadoop-hdds-container-service-0.5.0-SNAPSHOT.jar:/home/user/.m2/repository/org/apache/hadoop/hadoop-hdds-client/0.5.0-SNAPSHOT/hadoop-hdds-client-0.5.0-SNAPSHOT.jar:/home/user/.m2/repository/org/apache/hadoop/hadoop-hdds-tools/0.5.0-SNAPSHOT/hadoop-hdds-tools-0.5.0-SNAPSHOT.jar:/home/user/.m2/repository/org/apache/hadoop/hadoop-hdds-server-scm/0.5.0-SNAPSHOT/hadoop-hdds-server-scm-0.5.0-SNAPSHOT.jar:/home/user/.m2/repository/org/apache/hadoop/hadoop-hdds-docs/0.5.0-SNAPSHOT/hadoop-hdds-docs-0.5.0-SNAPSHOT.jar:/home/user/.m2/repository/io/dropwizard/metrics/metrics-core/3.2.4/metrics-core-3.2.4.jar:/home/user/.m2/repository/org/hamcrest/hamcrest-all/1.3/hamcrest-all-1.3.jar:/home/user/.m2/repository/org/bouncycastle/bcprov-jdk15on/1.60/bcprov-jdk15on-1.60.jar:/home/user/.m2/repository/info/picocli/picocli/3.9.6/picocli-3.9.6.jar:/home/user/.m2/repository/com/google/protobuf/protobuf-java/2.5.0/protobuf-java-2.5.0.jar:/home/user/.m2/repository/com/google/guava/guava/11.0.2/guava-11.0.2.jar:/home/user/.m2/repository/org/apache/hadoop/hadoop-ozone-ozone-manager/0.5.0-SNAPSHOT/hadoop-ozone-ozone-manager-0.5.0-SNAPSHOT.jar:/home/user/.m2/repository/org/apache/hadoop/hadoop-minikdc/3.2.0/hadoop-minikdc-3.2.0.jar:/home/user/.m2/repository/commons-io/commons-io/2.5/commons-io-2.5.jar:/home/user/.m2/repository/org/apache/kerby/kerb-simplekdc/1.0.1/kerb-simplekdc-1.0.1.jar:/home/user/.m2/repository/org/apache/kerby/kerb-client/1.0.1/kerb-client-1.0.1.jar:/home/user/.m2/repository/org/apache/kerby/kerby-config/1.0.1/kerby-config-1.0.1.jar:/home/user/.m2/repository/org/apache/kerby/kerb-core/1.0.1/kerb-core-1.0.1.jar:/home/user/.m2/repository/org/apache/kerby/kerby-pkix/1.0.1/kerby-pkix-1.0.1.jar:/home/user/.m2/repository/org/apache/kerby/kerby-asn1/1.0.1/kerby-asn1-1.0.1.jar:/home/user/.m2/repository/org/apache/kerby/kerby-util/1.0.1/kerby-util-1.0.1.jar:/home/user/.m2/repository/org/apache/kerby/kerb-common/1.0.1/kerb-common-1.0.1.jar:/home/user/.m2/repository/org/apache/kerby/kerb-crypto/1.0.1/kerb-crypto-1.0.1.jar:/home/user/.m2/repository/org/apache/kerby/kerb-util/1.0.1/kerb-util-1.0.1.jar:/home/user/.m2/repository/org/apache/kerby/token-provider/1.0.1/token-provider-1.0.1.jar:/home/user/.m2/repository/org/apache/kerby/kerb-admin/1.0.1/kerb-admin-1.0.1.jar:/home/user/.m2/repository/org/apache/kerby/kerb-server/1.0.1/kerb-server-1.0.1.jar:/home/user/.m2/repository/org/apache/kerby/kerb-identity/1.0.1/kerb-identity-1.0.1.jar:/home/user/.m2/repository/org/apache/kerby/kerby-xdr/1.0.1/kerby-xdr-1.0.1.jar:/home/user/.m2/repository/org/slf4j/slf4j-log4j12/1.7.25/slf4j-log4j12-1.7.25.jar:/home/user/.m2/repository/org/apache/hadoop/hadoop-ozone-objectstore-service/0.5.0-SNAPSHOT/hadoop-ozone-objectstore-service-0.5.0-SNAPSHOT.jar:/home/user/.m2/repository/org/apache/hadoop/hadoop-ozone-s3gateway/0.5.0-SNAPSHOT/hadoop-ozone-s3gateway-0.5.0-SNAPSHOT.jar:/home/user/.m2/repository/org/jboss/weld/servlet/weld-servlet/2.4.7.Final/weld-servlet-2.4.7.Final.jar:/home/user/.m2/repository/org/glassfish/jersey/containers/jersey-container-servlet-core/2.27/jersey-container-servlet-core-2.27.jar:/home/user/.m2/repository/org/glassfish/hk2/external/javax.inject/2.5.0-b42/javax.inject-2.5.0-b42.jar:/home/user/.m2/repository/org/glassfish/jersey/core/jersey-common/2.27/jersey-common-2.27.jar:/home/user/.m2/repository/org/glassfish/hk2/osgi-resource-locator/1.0.1/osgi-resource-locator-1.0.1.jar:/home/user/.m2/repository/javax/ws/rs/javax.ws.rs-api/2.1/javax.ws.rs-api-2.1.jar:/home/user/.m2/repository/org/glassfish/jersey/ext/cdi/jersey-cdi1x/2.27/jersey-cdi1x-2.27.jar:/home/user/.m2/repository/org/glassfish/jersey/inject/jersey-hk2/2.27/jersey-hk2-2.27.jar:/home/user/.m2/repository/org/glassfish/hk2/hk2-locator/2.5.0-b42/hk2-locator-2.5.0-b42.jar:/home/user/.m2/repository/org/javassist/javassist/3.22.0-CR2/javassist-3.22.0-CR2.jar:/home/user/.m2/repository/org/glassfish/hk2/hk2-api/2.5.0/hk2-api-2.5.0.jar:/home/user/.m2/repository/org/glassfish/hk2/external/jakarta.inject/2.5.0/jakarta.inject-2.5.0.jar:/home/user/.m2/repository/org/glassfish/hk2/hk2-utils/2.5.0/hk2-utils-2.5.0.jar:/home/user/.m2/repository/jakarta/annotation/jakarta.annotation-api/1.3.4/jakarta.annotation-api-1.3.4.jar:/home/user/.m2/repository/org/glassfish/hk2/external/aopalliance-repackaged/2.5.0/aopalliance-repackaged-2.5.0.jar:/home/user/.m2/repository/com/fasterxml/jackson/dataformat/jackson-dataformat-xml/2.9.0/jackson-dataformat-xml-2.9.0.jar:/home/user/.m2/repository/com/fasterxml/jackson/core/jackson-core/2.9.5/jackson-core-2.9.5.jar:/home/user/.m2/repository/com/fasterxml/jackson/module/jackson-module-jaxb-annotations/2.9.5/jackson-module-jaxb-annotations-2.9.5.jar:/home/user/.m2/repository/javax/enterprise/cdi-api/1.2/cdi-api-1.2.jar:/home/user/.m2/repository/javax/el/javax.el-api/3.0.0/javax.el-api-3.0.0.jar:/home/user/.m2/repository/javax/interceptor/javax.interceptor-api/1.2/javax.interceptor-api-1.2.jar:/home/user/.m2/repository/javax/inject/javax.inject/1/javax.inject-1.jar:/home/user/.m2/repository/com/sun/xml/bind/jaxb-impl/2.3.0.1/jaxb-impl-2.3.0.1.jar:/home/user/.m2/repository/com/sun/xml/bind/jaxb-core/2.3.0.1/jaxb-core-2.3.0.1.jar:/home/user/.m2/repository/javax/xml/bind/jaxb-api/2.3.0/jaxb-api-2.3.0.jar:/home/user/.m2/repository/javax/activation/activation/1.1.1/activation-1.1.1.jar:/home/user/.m2/repository/org/apache/hadoop/hadoop-ozone-csi/0.5.0-SNAPSHOT/hadoop-ozone-csi-0.5.0-SNAPSHOT.jar:/home/user/.m2/repository/com/google/protobuf/protobuf-java-util/3.5.1/protobuf-java-util-3.5.1.jar:/home/user/.m2/repository/org/apache/hadoop/hadoop-hdds-config/0.5.0-SNAPSHOT/hadoop-hdds-config-0.5.0-SNAPSHOT.jar:/home/user/.m2/repository/io/grpc/grpc-netty/1.17.1/grpc-netty-1.17.1.jar:/home/user/.m2/repository/io/grpc/grpc-core/1.17.1/grpc-core-1.17.1.jar:/home/user/.m2/repository/io/grpc/grpc-context/1.17.1/grpc-context-1.17.1.jar:/home/user/.m2/repository/com/google/errorprone/error_prone_annotations/2.2.0/error_prone_annotations-2.2.0.jar:/home/user/.m2/repository/org/codehaus/mojo/animal-sniffer-annotations/1.17/animal-sniffer-annotations-1.17.jar:/home/user/.m2/repository/io/opencensus/opencensus-api/0.17.0/opencensus-api-0.17.0.jar:/home/user/.m2/repository/io/opencensus/opencensus-contrib-grpc-metrics/0.17.0/opencensus-contrib-grpc-metrics-0.17.0.jar:/home/user/.m2/repository/io/netty/netty-codec-http2/4.1.30.Final/netty-codec-http2-4.1.30.Final.jar:/home/user/.m2/repository/io/netty/netty-codec-http/4.1.30.Final/netty-codec-http-4.1.30.Final.jar:/home/user/.m2/repository/io/netty/netty-codec/4.1.30.Final/netty-codec-4.1.30.Final.jar:/home/user/.m2/repository/io/netty/netty-handler/4.1.30.Final/netty-handler-4.1.30.Final.jar:/home/user/.m2/repository/io/netty/netty-handler-proxy/4.1.30.Final/netty-handler-proxy-4.1.30.Final.jar:/home/user/.m2/repository/io/netty/netty-codec-socks/4.1.30.Final/netty-codec-socks-4.1.30.Final.jar:/home/user/.m2/repository/io/netty/netty-transport-native-epoll/4.1.30.Final/netty-transport-native-epoll-4.1.30.Final.jar:/home/user/.m2/repository/io/netty/netty-common/4.1.30.Final/netty-common-4.1.30.Final.jar:/home/user/.m2/repository/io/netty/netty-buffer/4.1.30.Final/netty-buffer-4.1.30.Final.jar:/home/user/.m2/repository/io/netty/netty-transport/4.1.30.Final/netty-transport-4.1.30.Final.jar:/home/user/.m2/repository/io/netty/netty-resolver/4.1.30.Final/netty-resolver-4.1.30.Final.jar:/home/user/.m2/repository/io/netty/netty-transport-native-unix-common/4.1.30.Final/netty-transport-native-unix-common-4.1.30.Final.jar:/home/user/.m2/repository/io/grpc/grpc-protobuf/1.17.1/grpc-protobuf-1.17.1.jar:/home/user/.m2/repository/com/google/api/grpc/proto-google-common-protos/1.0.0/proto-google-common-protos-1.0.0.jar:/home/user/.m2/repository/io/grpc/grpc-protobuf-lite/1.17.1/grpc-protobuf-lite-1.17.1.jar:/home/user/.m2/repository/io/grpc/grpc-stub/1.17.1/grpc-stub-1.17.1.jar:/home/user/.m2/repository/org/apache/hadoop/hadoop-ozone-recon/0.5.0-SNAPSHOT/hadoop-ozone-recon-0.5.0-SNAPSHOT.jar:/home/user/.m2/repository/org/apache/hadoop/hadoop-ozone-reconcodegen/0.5.0-SNAPSHOT/hadoop-ozone-reconcodegen-0.5.0-SNAPSHOT.jar:/home/user/.m2/repository/com/google/inject/extensions/guice-multibindings/4.0/guice-multibindings-4.0.jar:/home/user/.m2/repository/com/google/inject/guice/4.0/guice-4.0.jar:/home/user/.m2/repository/aopalliance/aopalliance/1.0/aopalliance-1.0.jar:/home/user/.m2/repository/com/google/inject/extensions/guice-servlet/4.0/guice-servlet-4.0.jar:/home/user/.m2/repository/org/glassfish/jersey/containers/jersey-container-servlet/2.27/jersey-container-servlet-2.27.jar:/home/user/.m2/repository/org/glassfish/hk2/guice-bridge/2.5.0/guice-bridge-2.5.0.jar:/home/user/.m2/repository/org/glassfish/jersey/core/jersey-server/2.27/jersey-server-2.27.jar:/home/user/.m2/repository/org/glassfish/jersey/core/jersey-client/2.27/jersey-client-2.27.jar:/home/user/.m2/repository/org/glassfish/jersey/media/jersey-media-jaxb/2.27/jersey-media-jaxb-2.27.jar:/home/user/.m2/repository/javax/validation/validation-api/1.1.0.Final/validation-api-1.1.0.Final.jar:/home/user/.m2/repository/org/glassfish/jersey/media/jersey-media-json-jackson/2.27/jersey-media-json-jackson-2.27.jar:/home/user/.m2/repository/org/glassfish/jersey/ext/jersey-entity-filtering/2.27/jersey-entity-filtering-2.27.jar:/home/user/.m2/repository/com/google/inject/extensions/guice-assistedinject/4.0/guice-assistedinject-4.0.jar:/home/user/.m2/repository/org/jooq/jooq/3.11.10/jooq-3.11.10.jar:/home/user/.m2/repository/org/jooq/jooq-meta/3.11.10/jooq-meta-3.11.10.jar:/home/user/.m2/repository/org/jooq/jooq-codegen/3.11.10/jooq-codegen-3.11.10.jar:/home/user/.m2/repository/com/jolbox/bonecp/0.8.0.RELEASE/bonecp-0.8.0.RELEASE.jar:/home/user/.m2/repository/org/xerial/sqlite-jdbc/3.25.2/sqlite-jdbc-3.25.2.jar:/home/user/.m2/repository/org/springframework/spring-jdbc/5.1.3.RELEASE/spring-jdbc-5.1.3.RELEASE.jar:/home/user/.m2/repository/org/springframework/spring-beans/5.1.3.RELEASE/spring-beans-5.1.3.RELEASE.jar:/home/user/.m2/repository/org/springframework/spring-core/5.1.3.RELEASE/spring-core-5.1.3.RELEASE.jar:/home/user/.m2/repository/org/springframework/spring-jcl/5.1.3.RELEASE/spring-jcl-5.1.3.RELEASE.jar:/home/user/.m2/repository/org/springframework/spring-tx/5.1.3.RELEASE/spring-tx-5.1.3.RELEASE.jar:/home/user/.m2/repository/org/apache/hadoop/hadoop-ozone-client/0.5.0-SNAPSHOT/hadoop-ozone-client-0.5.0-SNAPSHOT.jar:/home/user/.m2/repository/commons-lang/commons-lang/2.6/commons-lang-2.6.jar:/home/user/.m2/repository/org/apache/hadoop/hadoop-ozone-ozone-manager/0.5.0-SNAPSHOT/hadoop-ozone-ozone-manager-0.5.0-SNAPSHOT-tests.jar:/home/user/.m2/repository/junit/junit/4.11/junit-4.11.jar:/home/user/.m2/repository/org/hamcrest/hamcrest-core/1.3/hamcrest-core-1.3.jar:/home/user/.m2/repository/org/openjdk/jmh/jmh-core/1.19/jmh-core-1.19.jar:/home/user/.m2/repository/net/sf/jopt-simple/jopt-simple/4.6/jopt-simple-4.6.jar:/home/user/.m2/repository/org/apache/commons/commons-math3/3.1.1/commons-math3-3.1.1.jar:/home/user/.m2/repository/org/openjdk/jmh/jmh-generator-annprocess/1.19/jmh-generator-annprocess-1.19.jar:/home/user/.m2/repository/org/mockito/mockito-all/1.8.5/mockito-all-1.8.5.jar:/home/user/.m2/repository/org/apache/hadoop/hadoop-kms/3.2.0/hadoop-kms-3.2.0.jar:/home/user/.m2/repository/org/apache/hadoop/hadoop-auth/3.2.0/hadoop-auth-3.2.0.jar:/home/user/.m2/repository/com/nimbusds/nimbus-jose-jwt/4.41.1/nimbus-jose-jwt-4.41.1.jar:/home/user/.m2/repository/com/github/stephenc/jcip/jcip-annotations/1.0-1/jcip-annotations-1.0-1.jar:/home/user/.m2/repository/net/minidev/json-smart/2.3/json-smart-2.3.jar:/home/user/.m2/repository/net/minidev/accessors-smart/1.2/accessors-smart-1.2.jar:/home/user/.m2/repository/org/ow2/asm/asm/5.0.4/asm-5.0.4.jar:/home/user/.m2/repository/org/apache/curator/curator-framework/2.12.0/curator-framework-2.12.0.jar:/home/user/.m2/repository/com/sun/jersey/jersey-core/1.19/jersey-core-1.19.jar:/home/user/.m2/repository/javax/ws/rs/jsr311-api/1.1.1/jsr311-api-1.1.1.jar:/home/user/.m2/repository/com/sun/jersey/jersey-server/1.19/jersey-server-1.19.jar:/home/user/.m2/repository/javax/servlet/javax.servlet-api/3.1.0/javax.servlet-api-3.1.0.jar:/home/user/.m2/repository/org/eclipse/jetty/jetty-server/9.3.24.v20180605/jetty-server-9.3.24.v20180605.jar:/home/user/.m2/repository/org/eclipse/jetty/jetty-http/9.3.24.v20180605/jetty-http-9.3.24.v20180605.jar:/home/user/.m2/repository/org/eclipse/jetty/jetty-io/9.3.24.v20180605/jetty-io-9.3.24.v20180605.jar:/home/user/.m2/repository/org/eclipse/jetty/jetty-webapp/9.3.24.v20180605/jetty-webapp-9.3.24.v20180605.jar:/home/user/.m2/repository/org/eclipse/jetty/jetty-xml/9.3.24.v20180605/jetty-xml-9.3.24.v20180605.jar:/home/user/.m2/repository/log4j/log4j/1.2.17/log4j-1.2.17.jar:/home/user/.m2/repository/org/slf4j/slf4j-api/1.7.25/slf4j-api-1.7.25.jar:/home/user/.m2/repository/org/slf4j/jul-to-slf4j/1.7.25/jul-to-slf4j-1.7.25.jar:/home/user/.m2/repository/org/eclipse/jetty/jetty-util/9.3.24.v20180605/jetty-util-9.3.24.v20180605.jar:/home/user/.m2/repository/com/fasterxml/jackson/core/jackson-databind/2.9.5/jackson-databind-2.9.5.jar:/home/user/.m2/repository/org/apache/hadoop/hadoop-kms/3.2.0/hadoop-kms-3.2.0-tests.jar:/home/user/.m2/repository/org/apache/hadoop/hadoop-hdds-server-scm/0.5.0-SNAPSHOT/hadoop-hdds-server-scm-0.5.0-SNAPSHOT-tests.jar:/home/user/.m2/repository/org/apache/hadoop/hadoop-hdds-container-service/0.5.0-SNAPSHOT/hadoop-hdds-container-service-0.5.0-SNAPSHOT-tests.jar:/home/user/.m2/repository/org/yaml/snakeyaml/1.16/snakeyaml-1.16.jar:/home/user/.m2/repository/org/apache/hadoop/hadoop-common/3.2.0/hadoop-common-3.2.0-tests.jar:/home/user/.m2/repository/org/apache/hadoop/hadoop-annotations/3.2.0/hadoop-annotations-3.2.0.jar:/usr/lib/jvm/java-1.8-openjdk/jre/../lib/tools.jar:/home/user/.m2/repository/commons-cli/commons-cli/1.2/commons-cli-1.2.jar:/home/user/.m2/repository/org/apache/httpcomponents/httpclient/4.5.2/httpclient-4.5.2.jar:/home/user/.m2/repository/org/apache/httpcomponents/httpcore/4.4.4/httpcore-4.4.4.jar:/home/user/.m2/repository/commons-codec/commons-codec/1.11/commons-codec-1.11.jar:/home/user/.m2/repository/commons-net/commons-net/3.6/commons-net-3.6.jar:/home/user/.m2/repository/commons-collections/commons-collections/3.2.2/commons-collections-3.2.2.jar:/home/user/.m2/repository/org/eclipse/jetty/jetty-servlet/9.3.24.v20180605/jetty-servlet-9.3.24.v20180605.jar:/home/user/.m2/repository/org/eclipse/jetty/jetty-security/9.3.24.v20180605/jetty-security-9.3.24.v20180605.jar:/home/user/.m2/repository/javax/servlet/jsp/jsp-api/2.1/jsp-api-2.1.jar:/home/user/.m2/repository/com/sun/jersey/jersey-servlet/1.19/jersey-servlet-1.19.jar:/home/user/.m2/repository/com/sun/jersey/jersey-json/1.19/jersey-json-1.19.jar:/home/user/.m2/repository/org/codehaus/jettison/jettison/1.1/jettison-1.1.jar:/home/user/.m2/repository/org/codehaus/jackson/jackson-core-asl/1.9.13/jackson-core-asl-1.9.13.jar:/home/user/.m2/repository/org/codehaus/jackson/jackson-mapper-asl/1.9.13/jackson-mapper-asl-1.9.13.jar:/home/user/.m2/repository/org/codehaus/jackson/jackson-jaxrs/1.9.13/jackson-jaxrs-1.9.13.jar:/home/user/.m2/repository/org/codehaus/jackson/jackson-xc/1.9.13/jackson-xc-1.9.13.jar:/home/user/.m2/repository/commons-logging/commons-logging/1.1.3/commons-logging-1.1.3.jar:/home/user/.m2/repository/commons-beanutils/commons-beanutils/1.9.3/commons-beanutils-1.9.3.jar:/home/user/.m2/repository/org/apache/commons/commons-configuration2/2.1.1/commons-configuration2-2.1.1.jar:/home/user/.m2/repository/org/apache/commons/commons-lang3/3.7/commons-lang3-3.7.jar:/home/user/.m2/repository/org/apache/commons/commons-text/1.4/commons-text-1.4.jar:/home/user/.m2/repository/org/apache/avro/avro/1.7.7/avro-1.7.7.jar:/home/user/.m2/repository/com/thoughtworks/paranamer/paranamer/2.3/paranamer-2.3.jar:/home/user/.m2/repository/org/xerial/snappy/snappy-java/1.0.5/snappy-java-1.0.5.jar:/home/user/.m2/repository/com/google/re2j/re2j/1.1/re2j-1.1.jar:/home/user/.m2/repository/com/google/code/gson/gson/2.2.4/gson-2.2.4.jar:/home/user/.m2/repository/com/jcraft/jsch/0.1.54/jsch-0.1.54.jar:/home/user/.m2/repository/org/apache/curator/curator-client/2.12.0/curator-client-2.12.0.jar:/home/user/.m2/repository/org/apache/curator/curator-recipes/2.12.0/curator-recipes-2.12.0.jar:/home/user/.m2/repository/com/google/code/findbugs/jsr305/3.0.0/jsr305-3.0.0.jar:/home/user/.m2/repository/org/apache/htrace/htrace-core4/4.1.0-incubating/htrace-core4-4.1.0-incubating.jar:/home/user/.m2/repository/org/apache/zookeeper/zookeeper/3.4.13/zookeeper-3.4.13.jar:/home/user/.m2/repository/org/apache/yetus/audience-annotations/0.5.0/audience-annotations-0.5.0.jar:/home/user/.m2/repository/org/codehaus/woodstox/stax2-api/3.1.4/stax2-api-3.1.4.jar:/home/user/.m2/repository/com/fasterxml/woodstox/woodstox-core/5.0.3/woodstox-core-5.0.3.jar:/home/user/.m2/repository/dnsjava/dnsjava/2.1.7/dnsjava-2.1.7.jar:/home/user/.m2/repository/org/apache/hadoop/hadoop-hdfs/3.2.0/hadoop-hdfs-3.2.0-tests.jar:/home/user/.m2/repository/org/eclipse/jetty/jetty-util-ajax/9.3.24.v20180605/jetty-util-ajax-9.3.24.v20180605.jar:/home/user/.m2/repository/commons-daemon/commons-daemon/1.0.13/commons-daemon-1.0.13.jar:/home/user/.m2/repository/io/netty/netty/3.10.5.Final/netty-3.10.5.Final.jar:/home/user/.m2/repository/io/netty/netty-all/4.0.52.Final/netty-all-4.0.52.Final.jar:/home/user/.m2/repository/org/fusesource/leveldbjni/leveldbjni-all/1.8/leveldbjni-all-1.8.jar:"/>
    <property name="sun.cpu.endian" value="little"/>
    <property name="user.home" value="/home/user"/>
    <property name="user.language" value="en"/>
    <property name="java.specification.vendor" value="Oracle Corporation"/>
    <property name="java.home" value="/usr/lib/jvm/java-1.8-openjdk/jre"/>
    <property name="java.security.krb5.conf" value="/workdir/hadoop-ozone/integration-test/target/test-classes/krb5.conf"/>
    <property name="basedir" value="/workdir/hadoop-ozone/integration-test"/>
    <property name="file.separator" value="/"/>
    <property name="line.separator" value="&#10;"/>
    <property name="java.vm.specification.vendor" value="Oracle Corporation"/>
    <property name="java.specification.name" value="Java Platform API Specification"/>
    <property name="java.awt.graphicsenv" value="sun.awt.X11GraphicsEnvironment"/>
    <property name="surefire.real.class.path" value="/workdir/hadoop-ozone/integration-test/target/surefire/surefirebooter7566001098824517879.jar"/>
    <property name="hadoop.log.dir" value="/workdir/hadoop-ozone/integration-test/target/log"/>
    <property name="sun.boot.class.path" value="/usr/lib/jvm/java-1.8-openjdk/jre/lib/resources.jar:/usr/lib/jvm/java-1.8-openjdk/jre/lib/rt.jar:/usr/lib/jvm/java-1.8-openjdk/jre/lib/sunrsasign.jar:/usr/lib/jvm/java-1.8-openjdk/jre/lib/jsse.jar:/usr/lib/jvm/java-1.8-openjdk/jre/lib/jce.jar:/usr/lib/jvm/java-1.8-openjdk/jre/lib/charsets.jar:/usr/lib/jvm/java-1.8-openjdk/jre/lib/jfr.jar:/usr/lib/jvm/java-1.8-openjdk/jre/classes"/>
    <property name="sun.management.compiler" value="HotSpot 64-Bit Tiered Compilers"/>
    <property name="java.runtime.version" value="1.8.0_212-b04"/>
    <property name="java.net.preferIPv4Stack" value="true"/>
    <property name="user.name" value="jenkins1000"/>
    <property name="path.separator" value=":"/>
    <property name="java.security.egd" value="file:///dev/urandom"/>
    <property name="os.version" value="3.10.0-957.12.2.el7.x86_64"/>
    <property name="java.endorsed.dirs" value="/usr/lib/jvm/java-1.8-openjdk/jre/lib/endorsed"/>
    <property name="java.runtime.name" value="OpenJDK Runtime Environment"/>
    <property name="file.encoding" value="UTF-8"/>
    <property name="java.vm.name" value="OpenJDK 64-Bit Server VM"/>
    <property name="test.build.webapps" value=""/>
    <property name="localRepository" value="/home/user/.m2/repository"/>
    <property name="java.vendor.url.bug" value="https://icedtea.classpath.org/bugzilla"/>
    <property name="java.io.tmpdir" value="/tmp"/>
    <property name="require.test.libhadoop" value=""/>
    <property name="java.version" value="1.8.0_212"/>
    <property name="user.dir" value="/workdir/hadoop-ozone/integration-test"/>
    <property name="os.arch" value="amd64"/>
    <property name="java.vm.specification.name" value="Java Virtual Machine Specification"/>
    <property name="test.build.classes" value="/workdir/hadoop-ozone/integration-test/target/test-classes"/>
    <property name="java.awt.printerjob" value="sun.print.PSPrinterJob"/>
    <property name="sun.os.patch.level" value="unknown"/>
    <property name="hadoop.tmp.dir" value="/workdir/hadoop-ozone/integration-test/target/tmp"/>
    <property name="java.library.path" value="/usr/lib/jvm/java-1.8-openjdk/jre/lib/amd64/server:/usr/lib/jvm/java-1.8-openjdk/jre/lib/amd64:/usr/lib/jvm/java-1.8-openjdk/jre/../lib/amd64:/workdir/hadoop-ozone/integration-test/target/native/target/usr/local/lib:/workdir/hadoop-ozone/integration-test/../../hadoop-common-project/hadoop-common/target/native/target/usr/local/lib:/usr/java/packages/lib/amd64:/usr/lib64:/lib64:/lib:/usr/lib"/>
    <property name="java.vm.info" value="mixed mode"/>
    <property name="java.vendor" value="IcedTea"/>
    <property name="java.vm.version" value="25.212-b04"/>
    <property name="java.ext.dirs" value="/usr/lib/jvm/java-1.8-openjdk/jre/lib/ext:/usr/java/packages/lib/ext"/>
    <property name="sun.io.unicode.encoding" value="UnicodeLittle"/>
    <property name="java.class.version" value="52.0"/>
  </properties>
  <testcase name="testAutomaticPipelineCreationOnPipelineDestroy" classname="org.apache.hadoop.hdds.scm.pipeline.TestRatisPipelineCreateAndDestory" time="28.897"/>
  <testcase name="testPipelineCreationOnNodeRestart" classname="org.apache.hadoop.hdds.scm.pipeline.TestRatisPipelineCreateAndDestory" time="40.285">
    <error message="test timed out after 30000 milliseconds" type="java.lang.Exception">java.lang.Exception: test timed out after 30000 milliseconds
	at sun.misc.Unsafe.park(Native Method)
	at java.util.concurrent.locks.LockSupport.park(LockSupport.java:175)
	at java.util.concurrent.locks.AbstractQueuedSynchronizer.parkAndCheckInterrupt(AbstractQueuedSynchronizer.java:836)
	at java.util.concurrent.locks.AbstractQueuedSynchronizer.doAcquireShared(AbstractQueuedSynchronizer.java:967)
	at java.util.concurrent.locks.AbstractQueuedSynchronizer.acquireShared(AbstractQueuedSynchronizer.java:1283)
	at java.util.concurrent.locks.ReentrantReadWriteLock$ReadLock.lock(ReentrantReadWriteLock.java:727)
	at org.apache.hadoop.hdds.scm.pipeline.SCMPipelineManager.getPipelines(SCMPipelineManager.java:225)
	at org.apache.hadoop.hdds.scm.pipeline.TestRatisPipelineCreateAndDestory.lambda$waitForPipelines$0(TestRatisPipelineCreateAndDestory.java:127)
	at org.apache.hadoop.hdds.scm.pipeline.TestRatisPipelineCreateAndDestory$$Lambda$280/918053691.get(Unknown Source)
	at org.apache.hadoop.test.GenericTestUtils.waitFor(GenericTestUtils.java:383)
	at org.apache.hadoop.hdds.scm.pipeline.TestRatisPipelineCreateAndDestory.waitForPipelines(TestRatisPipelineCreateAndDestory.java:126)
	at org.apache.hadoop.hdds.scm.pipeline.TestRatisPipelineCreateAndDestory.testPipelineCreationOnNodeRestart(TestRatisPipelineCreateAndDestory.java:121)
	at sun.reflect.NativeMethodAccessorImpl.invoke0(Native Method)
	at sun.reflect.NativeMethodAccessorImpl.invoke(NativeMethodAccessorImpl.java:62)
	at sun.reflect.DelegatingMethodAccessorImpl.invoke(DelegatingMethodAccessorImpl.java:43)
	at java.lang.reflect.Method.invoke(Method.java:498)
	at org.junit.runners.model.FrameworkMethod$1.runReflectiveCall(FrameworkMethod.java:47)
	at org.junit.internal.runners.model.ReflectiveCallable.run(ReflectiveCallable.java:12)
	at org.junit.runners.model.FrameworkMethod.invokeExplosively(FrameworkMethod.java:44)
	at org.junit.internal.runners.statements.InvokeMethod.evaluate(InvokeMethod.java:17)
	at org.junit.internal.runners.statements.FailOnTimeout$StatementThread.run(FailOnTimeout.java:74)
</error>
    <system-out><![CDATA[2019-08-21 07:13:35,190 WARN  server.ServerUtils (ServerUtils.java:getScmDbDir(145)) - ozone.scm.db.dirs is not configured. We recommend adding this setting. Falling back to ozone.metadata.dirs instead.
2019-08-21 07:13:35,211 WARN  server.ServerUtils (ServerUtils.java:getScmDbDir(145)) - ozone.scm.db.dirs is not configured. We recommend adding this setting. Falling back to ozone.metadata.dirs instead.
2019-08-21 07:13:35,211 WARN  server.ServerUtils (ServerUtils.java:getScmDbDir(145)) - ozone.scm.db.dirs is not configured. We recommend adding this setting. Falling back to ozone.metadata.dirs instead.
2019-08-21 07:13:35,211 INFO  db.DBStoreBuilder (DBStoreBuilder.java:addTable(110)) - using custom profile for table: deletedBlocks
2019-08-21 07:13:35,212 INFO  db.DBStoreBuilder (DBStoreBuilder.java:processTables(161)) - Using default column profile:DBProfile.DISK for Table:deletedBlocks
2019-08-21 07:13:35,212 INFO  db.DBStoreBuilder (DBStoreBuilder.java:addTable(110)) - using custom profile for table: validCerts
2019-08-21 07:13:35,212 INFO  db.DBStoreBuilder (DBStoreBuilder.java:processTables(161)) - Using default column profile:DBProfile.DISK for Table:validCerts
2019-08-21 07:13:35,212 INFO  db.DBStoreBuilder (DBStoreBuilder.java:addTable(110)) - using custom profile for table: revokedCerts
2019-08-21 07:13:35,212 INFO  db.DBStoreBuilder (DBStoreBuilder.java:processTables(161)) - Using default column profile:DBProfile.DISK for Table:revokedCerts
2019-08-21 07:13:35,213 INFO  db.DBStoreBuilder (DBStoreBuilder.java:addTable(110)) - using custom profile for table: default
2019-08-21 07:13:35,213 INFO  db.DBStoreBuilder (DBStoreBuilder.java:processTables(167)) - Using default column profile:DBProfile.DISK for Table:default
2019-08-21 07:13:35,213 INFO  db.DBStoreBuilder (DBStoreBuilder.java:getDbProfile(198)) - Using default options. DBProfile.DISK
2019-08-21 07:13:35,396 INFO  net.NodeSchemaLoader (NodeSchemaLoader.java:loadSchemaFromFile(125)) - Loading file from sun.misc.CompoundEnumeration@53e3f869
2019-08-21 07:13:35,396 INFO  net.NodeSchemaLoader (NodeSchemaLoader.java:loadSchema(171)) - Loading network topology layer schema file
2019-08-21 07:13:35,400 INFO  node.SCMNodeManager (SCMNodeManager.java:<init>(114)) - Entering startup safe mode.
2019-08-21 07:13:35,401 WARN  server.ServerUtils (ServerUtils.java:getScmDbDir(145)) - ozone.scm.db.dirs is not configured. We recommend adding this setting. Falling back to ozone.metadata.dirs instead.
2019-08-21 07:13:35,454 INFO  pipeline.SCMPipelineManager (SCMPipelineManager.java:initializePipelineState(126)) - No pipeline exists in current db
2019-08-21 07:13:35,454 WARN  server.ServerUtils (ServerUtils.java:getScmDbDir(145)) - ozone.scm.db.dirs is not configured. We recommend adding this setting. Falling back to ozone.metadata.dirs instead.
2019-08-21 07:13:35,532 WARN  events.EventQueue (EventQueue.java:fireEvent(183)) - No event handler registered for event TypedEvent{payloadType=SafeModeStatus, name='SafeModeStatus'}
2019-08-21 07:13:35,533 INFO  ipc.CallQueueManager (CallQueueManager.java:<init>(84)) - Using callQueue: class java.util.concurrent.LinkedBlockingQueue, queueCapacity: 2000, scheduler: class org.apache.hadoop.ipc.DefaultRpcScheduler, ipcBackoff: false.
2019-08-21 07:13:35,534 INFO  ipc.Server (Server.java:run(1074)) - Starting Socket Reader #1 for port 45031
2019-08-21 07:13:35,535 INFO  ipc.CallQueueManager (CallQueueManager.java:<init>(84)) - Using callQueue: class java.util.concurrent.LinkedBlockingQueue, queueCapacity: 2000, scheduler: class org.apache.hadoop.ipc.DefaultRpcScheduler, ipcBackoff: false.
2019-08-21 07:13:35,536 INFO  ipc.Server (Server.java:run(1074)) - Starting Socket Reader #1 for port 35869
2019-08-21 07:13:35,537 INFO  ipc.CallQueueManager (CallQueueManager.java:<init>(84)) - Using callQueue: class java.util.concurrent.LinkedBlockingQueue, queueCapacity: 2000, scheduler: class org.apache.hadoop.ipc.DefaultRpcScheduler, ipcBackoff: false.
2019-08-21 07:13:35,538 INFO  ipc.Server (Server.java:run(1074)) - Starting Socket Reader #1 for port 37445
2019-08-21 07:13:35,539 INFO  hdfs.DFSUtil (DFSUtil.java:httpServerTemplateForNNAndJN(1641)) - Starting Web-server for scm at: http://0.0.0.0:0
2019-08-21 07:13:35,542 INFO  server.AuthenticationFilter (AuthenticationFilter.java:constructSecretProvider(240)) - Unable to initialize FileSignerSecretProvider, falling back to use random secrets.
2019-08-21 07:13:35,542 WARN  http.HttpRequestLog (HttpRequestLog.java:getRequestLog(97)) - Jetty request log can only be enabled using Log4j
2019-08-21 07:13:35,544 INFO  http.HttpServer2 (HttpServer2.java:addGlobalFilter(975)) - Added global filter 'safety' (class=org.apache.hadoop.http.HttpServer2$QuotingInputFilter)
2019-08-21 07:13:35,544 INFO  http.HttpServer2 (HttpServer2.java:addFilter(948)) - Added filter static_user_filter (class=org.apache.hadoop.http.lib.StaticUserWebFilter$StaticUserFilter) to context scm
2019-08-21 07:13:35,544 INFO  http.HttpServer2 (HttpServer2.java:addFilter(958)) - Added filter static_user_filter (class=org.apache.hadoop.http.lib.StaticUserWebFilter$StaticUserFilter) to context static
2019-08-21 07:13:35,544 INFO  http.HttpServer2 (HttpServer2.java:addFilter(958)) - Added filter static_user_filter (class=org.apache.hadoop.http.lib.StaticUserWebFilter$StaticUserFilter) to context logs
2019-08-21 07:13:35,546 INFO  server.StorageContainerManager (StorageContainerManager.java:start(758)) - StorageContainerLocationProtocol RPC server is listening at /0.0.0.0:37445
2019-08-21 07:13:35,548 WARN  impl.MetricsConfig (MetricsConfig.java:loadFirst(134)) - Cannot locate configuration: tried hadoop-metrics2-storagecontainermanager.properties,hadoop-metrics2.properties
2019-08-21 07:13:35,549 INFO  impl.MetricsSystemImpl (MetricsSystemImpl.java:startTimer(374)) - Scheduled Metric snapshot period at 10 second(s).
2019-08-21 07:13:35,549 INFO  impl.MetricsSystemImpl (MetricsSystemImpl.java:start(191)) - StorageContainerManager metrics system started
2019-08-21 07:13:35,567 WARN  impl.MetricsSystemImpl (MetricsSystemImpl.java:register(276)) - Sink prometheus already exists!
2019-08-21 07:13:35,578 INFO  server.SCMClientProtocolServer (SCMClientProtocolServer.java:start(151)) - RPC server for Client  is listening at /0.0.0.0:37445
2019-08-21 07:13:35,579 INFO  ipc.Server (Server.java:run(1153)) - IPC Server listener on 37445: starting
2019-08-21 07:13:35,579 INFO  ipc.Server (Server.java:run(1314)) - IPC Server Responder: starting
2019-08-21 07:13:35,581 INFO  server.StorageContainerManager (StorageContainerManager.java:start(768)) - ScmBlockLocationProtocol RPC server is listening at /0.0.0.0:35869
2019-08-21 07:13:35,582 INFO  server.SCMBlockProtocolServer (SCMBlockProtocolServer.java:start(146)) - RPC server for Block Protocol is listening at /0.0.0.0:35869
2019-08-21 07:13:35,582 INFO  ipc.Server (Server.java:run(1314)) - IPC Server Responder: starting
2019-08-21 07:13:35,582 INFO  ipc.Server (Server.java:run(1153)) - IPC Server listener on 35869: starting
2019-08-21 07:13:35,585 INFO  server.StorageContainerManager (StorageContainerManager.java:start(772)) - ScmDatanodeProtocl RPC server is listening at /0.0.0.0:45031
2019-08-21 07:13:35,585 INFO  server.SCMDatanodeProtocolServer (SCMDatanodeProtocolServer.java:start(191)) - RPC server for DataNodes is listening at /0.0.0.0:45031
2019-08-21 07:13:35,586 INFO  ipc.Server (Server.java:run(1314)) - IPC Server Responder: starting
2019-08-21 07:13:35,586 INFO  ipc.Server (Server.java:run(1153)) - IPC Server listener on 45031: starting
2019-08-21 07:13:35,589 INFO  http.HttpServer2 (HttpServer2.java:bindListener(1191)) - Jetty bound to port 45036
2019-08-21 07:13:35,589 INFO  server.Server (Server.java:doStart(351)) - jetty-9.3.24.v20180605, build timestamp: 2018-06-05T17:11:56Z, git hash: 84205aa28f11a4f31f2a3b86d1bba2cc8ab69827
2019-08-21 07:13:35,591 INFO  handler.ContextHandler (ContextHandler.java:doStart(781)) - Started o.e.j.s.ServletContextHandler@525ee09b{/logs,file:///workdir/hadoop-ozone/integration-test/target/log,AVAILABLE}
2019-08-21 07:13:35,591 INFO  handler.ContextHandler (ContextHandler.java:doStart(781)) - Started o.e.j.s.ServletContextHandler@2fc3bf83{/static,file:///workdir/hadoop-ozone/integration-test/target/test-classes/webapps/static,AVAILABLE}
2019-08-21 07:13:35,595 INFO  handler.ContextHandler (ContextHandler.java:doStart(781)) - Started o.e.j.w.WebAppContext@28dcf14a{/,file:///workdir/hadoop-ozone/integration-test/target/test-classes/webapps/scm/,AVAILABLE}{/scm}
2019-08-21 07:13:35,596 INFO  server.AbstractConnector (AbstractConnector.java:doStart(278)) - Started ServerConnector@3248f9a7{HTTP/1.1,[http/1.1]}{0.0.0.0:45036}
2019-08-21 07:13:35,596 INFO  server.Server (Server.java:doStart(419)) - Started @29869ms
2019-08-21 07:13:35,597 WARN  impl.MetricsSystemImpl (MetricsSystemImpl.java:register(276)) - Sink prometheus already exists!
2019-08-21 07:13:35,597 INFO  server.BaseHttpServer (BaseHttpServer.java:updateConnectorAddress(215)) - HTTP server of SCM is listening at http://0.0.0.0:45036
2019-08-21 07:13:35,598 WARN  server.ServerUtils (ServerUtils.java:getDBPath(222)) - ozone.om.db.dirs is not configured. We recommend adding this setting. Falling back to ozone.metadata.dirs instead.
2019-08-21 07:13:35,598 INFO  util.JvmPauseMonitor (JvmPauseMonitor.java:run(188)) - Starting JVM pause monitor
2019-08-21 07:13:35,622 WARN  server.ServerUtils (ServerUtils.java:getDBPath(222)) - ozone.om.db.dirs is not configured. We recommend adding this setting. Falling back to ozone.metadata.dirs instead.
2019-08-21 07:13:35,623 WARN  server.ServerUtils (ServerUtils.java:getDBPath(222)) - ozone.om.db.dirs is not configured. We recommend adding this setting. Falling back to ozone.metadata.dirs instead.
2019-08-21 07:13:35,623 INFO  om.OzoneManager (OzoneManager.java:setOMNodeDetails(654)) - OM Service ID is not set. Setting it to the default ID: omServiceIdDefault
2019-08-21 07:13:35,624 INFO  om.OzoneManager (OzoneManager.java:setOMNodeDetails(660)) - OM Node ID is not set. Setting it to the OmStorage's OmID: 92d34ca3-2722-4411-819b-fd0704328bc8
2019-08-21 07:13:35,624 INFO  om.OzoneManager (OzoneManager.java:loadOMHAConfigs(611)) - Found matching OM address with OMServiceId: null, OMNodeId: null, RPC Address: localhost:0 and Ratis port: 9872
2019-08-21 07:13:35,630 WARN  server.ServerUtils (ServerUtils.java:getDBPath(222)) - ozone.om.db.dirs is not configured. We recommend adding this setting. Falling back to ozone.metadata.dirs instead.
2019-08-21 07:13:35,631 INFO  db.DBStoreBuilder (DBStoreBuilder.java:addTable(110)) - using custom profile for table: userTable
2019-08-21 07:13:35,631 INFO  db.DBStoreBuilder (DBStoreBuilder.java:processTables(161)) - Using default column profile:DBProfile.DISK for Table:userTable
2019-08-21 07:13:35,631 INFO  db.DBStoreBuilder (DBStoreBuilder.java:addTable(110)) - using custom profile for table: volumeTable
2019-08-21 07:13:35,631 INFO  db.DBStoreBuilder (DBStoreBuilder.java:processTables(161)) - Using default column profile:DBProfile.DISK for Table:volumeTable
2019-08-21 07:13:35,631 INFO  db.DBStoreBuilder (DBStoreBuilder.java:addTable(110)) - using custom profile for table: bucketTable
2019-08-21 07:13:35,632 INFO  db.DBStoreBuilder (DBStoreBuilder.java:processTables(161)) - Using default column profile:DBProfile.DISK for Table:bucketTable
2019-08-21 07:13:35,632 INFO  db.DBStoreBuilder (DBStoreBuilder.java:addTable(110)) - using custom profile for table: keyTable
2019-08-21 07:13:35,632 INFO  db.DBStoreBuilder (DBStoreBuilder.java:processTables(161)) - Using default column profile:DBProfile.DISK for Table:keyTable
2019-08-21 07:13:35,632 INFO  db.DBStoreBuilder (DBStoreBuilder.java:addTable(110)) - using custom profile for table: deletedTable
2019-08-21 07:13:35,632 INFO  db.DBStoreBuilder (DBStoreBuilder.java:processTables(161)) - Using default column profile:DBProfile.DISK for Table:deletedTable
2019-08-21 07:13:35,632 INFO  db.DBStoreBuilder (DBStoreBuilder.java:addTable(110)) - using custom profile for table: openKeyTable
2019-08-21 07:13:35,633 INFO  db.DBStoreBuilder (DBStoreBuilder.java:processTables(161)) - Using default column profile:DBProfile.DISK for Table:openKeyTable
2019-08-21 07:13:35,633 INFO  db.DBStoreBuilder (DBStoreBuilder.java:addTable(110)) - using custom profile for table: s3Table
2019-08-21 07:13:35,633 INFO  db.DBStoreBuilder (DBStoreBuilder.java:processTables(161)) - Using default column profile:DBProfile.DISK for Table:s3Table
2019-08-21 07:13:35,633 INFO  db.DBStoreBuilder (DBStoreBuilder.java:addTable(110)) - using custom profile for table: multipartInfoTable
2019-08-21 07:13:35,633 INFO  db.DBStoreBuilder (DBStoreBuilder.java:processTables(161)) - Using default column profile:DBProfile.DISK for Table:multipartInfoTable
2019-08-21 07:13:35,633 INFO  db.DBStoreBuilder (DBStoreBuilder.java:addTable(110)) - using custom profile for table: dTokenTable
2019-08-21 07:13:35,633 INFO  db.DBStoreBuilder (DBStoreBuilder.java:processTables(161)) - Using default column profile:DBProfile.DISK for Table:dTokenTable
2019-08-21 07:13:35,634 INFO  db.DBStoreBuilder (DBStoreBuilder.java:addTable(110)) - using custom profile for table: s3SecretTable
2019-08-21 07:13:35,634 INFO  db.DBStoreBuilder (DBStoreBuilder.java:processTables(161)) - Using default column profile:DBProfile.DISK for Table:s3SecretTable
2019-08-21 07:13:35,634 INFO  db.DBStoreBuilder (DBStoreBuilder.java:addTable(110)) - using custom profile for table: prefixTable
2019-08-21 07:13:35,634 INFO  db.DBStoreBuilder (DBStoreBuilder.java:processTables(161)) - Using default column profile:DBProfile.DISK for Table:prefixTable
2019-08-21 07:13:35,634 INFO  db.DBStoreBuilder (DBStoreBuilder.java:addTable(110)) - using custom profile for table: default
2019-08-21 07:13:35,634 INFO  db.DBStoreBuilder (DBStoreBuilder.java:processTables(167)) - Using default column profile:DBProfile.DISK for Table:default
2019-08-21 07:13:35,635 INFO  db.DBStoreBuilder (DBStoreBuilder.java:getDbProfile(198)) - Using default options. DBProfile.DISK
2019-08-21 07:13:36,381 INFO  ipc.CallQueueManager (CallQueueManager.java:<init>(84)) - Using callQueue: class java.util.concurrent.LinkedBlockingQueue, queueCapacity: 2000, scheduler: class org.apache.hadoop.ipc.DefaultRpcScheduler, ipcBackoff: false.
2019-08-21 07:13:36,383 INFO  ipc.Server (Server.java:run(1074)) - Starting Socket Reader #1 for port 46757
2019-08-21 07:13:36,399 INFO  om.OzoneManager (OzoneManager.java:start(1268)) - OzoneManager RPC server is listening at localhost/127.0.0.1:46757
2019-08-21 07:13:36,400 INFO  impl.MetricsSystemImpl (MetricsSystemImpl.java:init(158)) - OzoneManager metrics system started (again)
2019-08-21 07:13:36,400 INFO  ipc.Server (Server.java:run(1314)) - IPC Server Responder: starting
2019-08-21 07:13:36,400 INFO  ipc.Server (Server.java:run(1153)) - IPC Server listener on 46757: starting
2019-08-21 07:13:36,404 INFO  hdfs.DFSUtil (DFSUtil.java:httpServerTemplateForNNAndJN(1641)) - Starting Web-server for ozoneManager at: http://0.0.0.0:0
2019-08-21 07:13:36,406 INFO  server.AuthenticationFilter (AuthenticationFilter.java:constructSecretProvider(240)) - Unable to initialize FileSignerSecretProvider, falling back to use random secrets.
2019-08-21 07:13:36,406 WARN  http.HttpRequestLog (HttpRequestLog.java:getRequestLog(97)) - Jetty request log can only be enabled using Log4j
2019-08-21 07:13:36,408 INFO  http.HttpServer2 (HttpServer2.java:addGlobalFilter(975)) - Added global filter 'safety' (class=org.apache.hadoop.http.HttpServer2$QuotingInputFilter)
2019-08-21 07:13:36,409 INFO  http.HttpServer2 (HttpServer2.java:addFilter(948)) - Added filter static_user_filter (class=org.apache.hadoop.http.lib.StaticUserWebFilter$StaticUserFilter) to context ozoneManager
2019-08-21 07:13:36,409 INFO  http.HttpServer2 (HttpServer2.java:addFilter(958)) - Added filter static_user_filter (class=org.apache.hadoop.http.lib.StaticUserWebFilter$StaticUserFilter) to context logs
2019-08-21 07:13:36,409 INFO  http.HttpServer2 (HttpServer2.java:addFilter(958)) - Added filter static_user_filter (class=org.apache.hadoop.http.lib.StaticUserWebFilter$StaticUserFilter) to context static
2019-08-21 07:13:36,410 INFO  http.HttpServer2 (HttpServer2.java:bindListener(1191)) - Jetty bound to port 37575
2019-08-21 07:13:36,410 INFO  server.Server (Server.java:doStart(351)) - jetty-9.3.24.v20180605, build timestamp: 2018-06-05T17:11:56Z, git hash: 84205aa28f11a4f31f2a3b86d1bba2cc8ab69827
2019-08-21 07:13:36,413 INFO  handler.ContextHandler (ContextHandler.java:doStart(781)) - Started o.e.j.s.ServletContextHandler@77e1e043{/logs,file:///workdir/hadoop-ozone/integration-test/target/log,AVAILABLE}
2019-08-21 07:13:36,413 INFO  handler.ContextHandler (ContextHandler.java:doStart(781)) - Started o.e.j.s.ServletContextHandler@69a1c43c{/static,file:///workdir/hadoop-ozone/integration-test/target/test-classes/webapps/static,AVAILABLE}
2019-08-21 07:13:36,418 INFO  handler.ContextHandler (ContextHandler.java:doStart(781)) - Started o.e.j.w.WebAppContext@6bdaf04{/,file:///workdir/hadoop-ozone/integration-test/target/test-classes/webapps/ozoneManager/,AVAILABLE}{/ozoneManager}
2019-08-21 07:13:36,419 INFO  server.AbstractConnector (AbstractConnector.java:doStart(278)) - Started ServerConnector@e8bd01f{HTTP/1.1,[http/1.1]}{0.0.0.0:37575}
2019-08-21 07:13:36,419 INFO  server.Server (Server.java:doStart(419)) - Started @30692ms
2019-08-21 07:13:36,419 WARN  impl.MetricsSystemImpl (MetricsSystemImpl.java:register(276)) - Sink prometheus already exists!
2019-08-21 07:13:36,420 INFO  server.BaseHttpServer (BaseHttpServer.java:updateConnectorAddress(215)) - HTTP server of OZONEMANAGER is listening at http://0.0.0.0:37575
2019-08-21 07:13:36,427 INFO  impl.MetricsSystemImpl (MetricsSystemImpl.java:init(158)) - HddsDatanode metrics system started (again)
2019-08-21 07:13:36,429 INFO  ozone.HddsDatanodeService (HddsDatanodeService.java:start(184)) - HddsDatanodeService host:pr-hdds-1935-8bnx7-2419419324 ip:192.168.36.89
2019-08-21 07:13:36,435 INFO  volume.HddsVolume (HddsVolume.java:<init>(176)) - Creating Volume: /workdir/hadoop-ozone/integration-test/target/test-dir/MiniOzoneClusterImpl-94ff2e65-e9dc-40d8-b5a4-a4b55580a6d4/datanode-0/data/containers/hdds of  storage type : DISK and capacity : 1482555576320
2019-08-21 07:13:36,436 INFO  volume.VolumeSet (VolumeSet.java:initializeVolumeSet(170)) - Added Volume : /workdir/hadoop-ozone/integration-test/target/test-dir/MiniOzoneClusterImpl-94ff2e65-e9dc-40d8-b5a4-a4b55580a6d4/datanode-0/data/containers/hdds to VolumeSet
2019-08-21 07:13:36,436 INFO  volume.ThrottledAsyncChecker (ThrottledAsyncChecker.java:schedule(140)) - Scheduling a check for org.apache.hadoop.ozone.container.common.volume.HddsVolume@78be2b7d
2019-08-21 07:13:36,436 INFO  volume.HddsVolumeChecker (HddsVolumeChecker.java:checkAllVolumes(203)) - Scheduled health check for volume org.apache.hadoop.ozone.container.common.volume.HddsVolume@78be2b7d
2019-08-21 07:13:36,451 INFO  impl.RaftServerProxy (ConfUtils.java:logGet(43)) - raft.rpc.type = GRPC (default)
2019-08-21 07:13:36,451 INFO  grpc.GrpcFactory (GrpcFactory.java:checkPooledByteBufAllocatorUseCacheForAllThreads(45)) - PERFORMANCE WARNING: useCacheForAllThreads is true that may cause Netty to create a lot garbage objects and, as a result, trigger GC.
	It is recommended to disable useCacheForAllThreads by setting -Dorg.apache.ratis.thirdparty.io.netty.allocator.useCacheForAllThreads=false in command line.
2019-08-21 07:13:36,451 INFO  grpc.GrpcConfigKeys$Server (ConfUtils.java:logGet(43)) - raft.grpc.server.port = 0 (default)
2019-08-21 07:13:36,452 INFO  server.GrpcService (ConfUtils.java:logGet(43)) - raft.grpc.message.size.max = 33570816 (custom)
2019-08-21 07:13:36,452 INFO  server.RaftServerConfigKeys (ConfUtils.java:logGet(43)) - raft.server.log.appender.buffer.byte-limit = 33554432 (custom)
2019-08-21 07:13:36,452 INFO  server.GrpcService (ConfUtils.java:logGet(43)) - raft.grpc.flow.control.window = 1MB (=1048576) (default)
2019-08-21 07:13:36,452 INFO  server.RaftServerConfigKeys (ConfUtils.java:logGet(43)) - raft.server.rpc.request.timeout = 3000ms (default)
2019-08-21 07:13:36,453 INFO  server.RaftServerConfigKeys (ConfUtils.java:logGet(43)) - raft.server.storage.dir = [/workdir/hadoop-ozone/integration-test/target/test-dir/MiniOzoneClusterImpl-94ff2e65-e9dc-40d8-b5a4-a4b55580a6d4/datanode-0/data/ratis] (custom)
2019-08-21 07:13:36,453 INFO  replication.SimpleContainerDownloader (SimpleContainerDownloader.java:<init>(72)) - Starting container downloader service to copy containers to replicate.
2019-08-21 07:13:36,454 INFO  hdfs.DFSUtil (DFSUtil.java:httpServerTemplateForNNAndJN(1641)) - Starting Web-server for hddsDatanode at: http://0.0.0.0:0
2019-08-21 07:13:36,456 INFO  server.AuthenticationFilter (AuthenticationFilter.java:constructSecretProvider(240)) - Unable to initialize FileSignerSecretProvider, falling back to use random secrets.
2019-08-21 07:13:36,457 WARN  http.HttpRequestLog (HttpRequestLog.java:getRequestLog(97)) - Jetty request log can only be enabled using Log4j
2019-08-21 07:13:36,459 INFO  http.HttpServer2 (HttpServer2.java:addGlobalFilter(975)) - Added global filter 'safety' (class=org.apache.hadoop.http.HttpServer2$QuotingInputFilter)
2019-08-21 07:13:36,460 INFO  http.HttpServer2 (HttpServer2.java:addFilter(948)) - Added filter static_user_filter (class=org.apache.hadoop.http.lib.StaticUserWebFilter$StaticUserFilter) to context hddsDatanode
2019-08-21 07:13:36,460 INFO  http.HttpServer2 (HttpServer2.java:addFilter(958)) - Added filter static_user_filter (class=org.apache.hadoop.http.lib.StaticUserWebFilter$StaticUserFilter) to context logs
2019-08-21 07:13:36,460 INFO  http.HttpServer2 (HttpServer2.java:addFilter(958)) - Added filter static_user_filter (class=org.apache.hadoop.http.lib.StaticUserWebFilter$StaticUserFilter) to context static
2019-08-21 07:13:36,461 INFO  http.HttpServer2 (HttpServer2.java:bindListener(1191)) - Jetty bound to port 45625
2019-08-21 07:13:36,461 INFO  server.Server (Server.java:doStart(351)) - jetty-9.3.24.v20180605, build timestamp: 2018-06-05T17:11:56Z, git hash: 84205aa28f11a4f31f2a3b86d1bba2cc8ab69827
2019-08-21 07:13:36,462 INFO  handler.ContextHandler (ContextHandler.java:doStart(781)) - Started o.e.j.s.ServletContextHandler@3e703297{/logs,file:///workdir/hadoop-ozone/integration-test/target/log,AVAILABLE}
2019-08-21 07:13:36,463 INFO  handler.ContextHandler (ContextHandler.java:doStart(781)) - Started o.e.j.s.ServletContextHandler@bfe0b94{/static,jar:file:/home/user/.m2/repository/org/apache/hadoop/hadoop-hdds-container-service/0.5.0-SNAPSHOT/hadoop-hdds-container-service-0.5.0-SNAPSHOT.jar!/webapps/static,AVAILABLE}
2019-08-21 07:13:36,497 INFO  handler.ContextHandler (ContextHandler.java:doStart(781)) - Started o.e.j.w.WebAppContext@4a734039{/,file:///tmp/jetty-0.0.0.0-45625-hddsDatanode-_-any-7449535212373966047.dir/webapp/,AVAILABLE}{/hddsDatanode}
2019-08-21 07:13:36,497 INFO  server.AbstractConnector (AbstractConnector.java:doStart(278)) - Started ServerConnector@6970543e{HTTP/1.1,[http/1.1]}{0.0.0.0:45625}
2019-08-21 07:13:36,498 INFO  server.Server (Server.java:doStart(419)) - Started @30771ms
2019-08-21 07:13:36,498 WARN  impl.MetricsSystemImpl (MetricsSystemImpl.java:register(276)) - Sink prometheus already exists!
2019-08-21 07:13:36,499 INFO  server.BaseHttpServer (BaseHttpServer.java:updateConnectorAddress(215)) - HTTP server of HDDSDATANODE is listening at http://0.0.0.0:45625
2019-08-21 07:13:36,664 INFO  ozone.HddsDatanodeService (HddsDatanodeService.java:startPlugins(395)) - Started plug-in org.apache.hadoop.ozone.web.OzoneHddsDatanodeService@6d34327f
2019-08-21 07:13:36,665 INFO  impl.MetricsSystemImpl (MetricsSystemImpl.java:init(158)) - HddsDatanode metrics system started (again)
2019-08-21 07:13:36,667 INFO  util.JvmPauseMonitor (JvmPauseMonitor.java:run(188)) - Starting JVM pause monitor
2019-08-21 07:13:36,667 INFO  ozone.HddsDatanodeService (HddsDatanodeService.java:start(184)) - HddsDatanodeService host:pr-hdds-1935-8bnx7-2419419324 ip:192.168.36.89
2019-08-21 07:13:36,670 INFO  datanode.InitDatanodeState (InitDatanodeState.java:persistContainerDatanodeDetails(140)) - DatanodeDetails is persisted to /workdir/hadoop-ozone/integration-test/target/test-dir/MiniOzoneClusterImpl-94ff2e65-e9dc-40d8-b5a4-a4b55580a6d4/datanode-0/meta/datanode.id
2019-08-21 07:13:36,673 INFO  volume.HddsVolume (HddsVolume.java:<init>(176)) - Creating Volume: /workdir/hadoop-ozone/integration-test/target/test-dir/MiniOzoneClusterImpl-94ff2e65-e9dc-40d8-b5a4-a4b55580a6d4/datanode-1/data/containers/hdds of  storage type : DISK and capacity : 1482555576320
2019-08-21 07:13:36,674 INFO  volume.VolumeSet (VolumeSet.java:initializeVolumeSet(170)) - Added Volume : /workdir/hadoop-ozone/integration-test/target/test-dir/MiniOzoneClusterImpl-94ff2e65-e9dc-40d8-b5a4-a4b55580a6d4/datanode-1/data/containers/hdds to VolumeSet
2019-08-21 07:13:36,674 INFO  volume.ThrottledAsyncChecker (ThrottledAsyncChecker.java:schedule(140)) - Scheduling a check for org.apache.hadoop.ozone.container.common.volume.HddsVolume@7dd6a479
2019-08-21 07:13:36,674 INFO  volume.HddsVolumeChecker (HddsVolumeChecker.java:checkAllVolumes(203)) - Scheduled health check for volume org.apache.hadoop.ozone.container.common.volume.HddsVolume@7dd6a479
2019-08-21 07:13:36,692 INFO  impl.RaftServerProxy (ConfUtils.java:logGet(43)) - raft.rpc.type = GRPC (default)
2019-08-21 07:13:36,692 INFO  grpc.GrpcFactory (GrpcFactory.java:checkPooledByteBufAllocatorUseCacheForAllThreads(45)) - PERFORMANCE WARNING: useCacheForAllThreads is true that may cause Netty to create a lot garbage objects and, as a result, trigger GC.
	It is recommended to disable useCacheForAllThreads by setting -Dorg.apache.ratis.thirdparty.io.netty.allocator.useCacheForAllThreads=false in command line.
2019-08-21 07:13:36,692 INFO  grpc.GrpcConfigKeys$Server (ConfUtils.java:logGet(43)) - raft.grpc.server.port = 0 (default)
2019-08-21 07:13:36,693 INFO  server.GrpcService (ConfUtils.java:logGet(43)) - raft.grpc.message.size.max = 33570816 (custom)
2019-08-21 07:13:36,693 INFO  server.RaftServerConfigKeys (ConfUtils.java:logGet(43)) - raft.server.log.appender.buffer.byte-limit = 33554432 (custom)
2019-08-21 07:13:36,693 INFO  server.GrpcService (ConfUtils.java:logGet(43)) - raft.grpc.flow.control.window = 1MB (=1048576) (default)
2019-08-21 07:13:36,693 INFO  server.RaftServerConfigKeys (ConfUtils.java:logGet(43)) - raft.server.rpc.request.timeout = 3000ms (default)
2019-08-21 07:13:36,694 INFO  server.RaftServerConfigKeys (ConfUtils.java:logGet(43)) - raft.server.storage.dir = [/workdir/hadoop-ozone/integration-test/target/test-dir/MiniOzoneClusterImpl-94ff2e65-e9dc-40d8-b5a4-a4b55580a6d4/datanode-1/data/ratis] (custom)
2019-08-21 07:13:36,694 INFO  replication.SimpleContainerDownloader (SimpleContainerDownloader.java:<init>(72)) - Starting container downloader service to copy containers to replicate.
2019-08-21 07:13:36,695 INFO  hdfs.DFSUtil (DFSUtil.java:httpServerTemplateForNNAndJN(1641)) - Starting Web-server for hddsDatanode at: http://0.0.0.0:0
2019-08-21 07:13:36,697 INFO  server.AuthenticationFilter (AuthenticationFilter.java:constructSecretProvider(240)) - Unable to initialize FileSignerSecretProvider, falling back to use random secrets.
2019-08-21 07:13:36,697 WARN  http.HttpRequestLog (HttpRequestLog.java:getRequestLog(97)) - Jetty request log can only be enabled using Log4j
2019-08-21 07:13:36,699 INFO  http.HttpServer2 (HttpServer2.java:addGlobalFilter(975)) - Added global filter 'safety' (class=org.apache.hadoop.http.HttpServer2$QuotingInputFilter)
2019-08-21 07:13:36,699 INFO  http.HttpServer2 (HttpServer2.java:addFilter(948)) - Added filter static_user_filter (class=org.apache.hadoop.http.lib.StaticUserWebFilter$StaticUserFilter) to context hddsDatanode
2019-08-21 07:13:36,699 INFO  http.HttpServer2 (HttpServer2.java:addFilter(958)) - Added filter static_user_filter (class=org.apache.hadoop.http.lib.StaticUserWebFilter$StaticUserFilter) to context static
2019-08-21 07:13:36,699 INFO  http.HttpServer2 (HttpServer2.java:addFilter(958)) - Added filter static_user_filter (class=org.apache.hadoop.http.lib.StaticUserWebFilter$StaticUserFilter) to context logs
2019-08-21 07:13:36,700 INFO  http.HttpServer2 (HttpServer2.java:bindListener(1191)) - Jetty bound to port 40690
2019-08-21 07:13:36,700 INFO  server.Server (Server.java:doStart(351)) - jetty-9.3.24.v20180605, build timestamp: 2018-06-05T17:11:56Z, git hash: 84205aa28f11a4f31f2a3b86d1bba2cc8ab69827
2019-08-21 07:13:36,702 INFO  handler.ContextHandler (ContextHandler.java:doStart(781)) - Started o.e.j.s.ServletContextHandler@621684c9{/logs,file:///workdir/hadoop-ozone/integration-test/target/log,AVAILABLE}
2019-08-21 07:13:36,702 INFO  handler.ContextHandler (ContextHandler.java:doStart(781)) - Started o.e.j.s.ServletContextHandler@296fbfad{/static,jar:file:/home/user/.m2/repository/org/apache/hadoop/hadoop-hdds-container-service/0.5.0-SNAPSHOT/hadoop-hdds-container-service-0.5.0-SNAPSHOT.jar!/webapps/static,AVAILABLE}
2019-08-21 07:13:36,732 INFO  handler.ContextHandler (ContextHandler.java:doStart(781)) - Started o.e.j.w.WebAppContext@1830dce4{/,file:///tmp/jetty-0.0.0.0-40690-hddsDatanode-_-any-4023098070913659790.dir/webapp/,AVAILABLE}{/hddsDatanode}
2019-08-21 07:13:36,732 INFO  server.AbstractConnector (AbstractConnector.java:doStart(278)) - Started ServerConnector@13be12e2{HTTP/1.1,[http/1.1]}{0.0.0.0:40690}
2019-08-21 07:13:36,733 INFO  server.Server (Server.java:doStart(419)) - Started @31006ms
2019-08-21 07:13:36,733 WARN  impl.MetricsSystemImpl (MetricsSystemImpl.java:register(276)) - Sink prometheus already exists!
2019-08-21 07:13:36,734 INFO  server.BaseHttpServer (BaseHttpServer.java:updateConnectorAddress(215)) - HTTP server of HDDSDATANODE is listening at http://0.0.0.0:40690
2019-08-21 07:13:36,869 INFO  ozone.HddsDatanodeService (HddsDatanodeService.java:startPlugins(395)) - Started plug-in org.apache.hadoop.ozone.web.OzoneHddsDatanodeService@4735c8d5
2019-08-21 07:13:36,870 INFO  impl.MetricsSystemImpl (MetricsSystemImpl.java:init(158)) - HddsDatanode metrics system started (again)
2019-08-21 07:13:36,872 INFO  util.JvmPauseMonitor (JvmPauseMonitor.java:run(188)) - Starting JVM pause monitor
2019-08-21 07:13:36,874 INFO  ozone.HddsDatanodeService (HddsDatanodeService.java:start(184)) - HddsDatanodeService host:pr-hdds-1935-8bnx7-2419419324 ip:192.168.36.89
2019-08-21 07:13:36,875 INFO  datanode.InitDatanodeState (InitDatanodeState.java:persistContainerDatanodeDetails(140)) - DatanodeDetails is persisted to /workdir/hadoop-ozone/integration-test/target/test-dir/MiniOzoneClusterImpl-94ff2e65-e9dc-40d8-b5a4-a4b55580a6d4/datanode-1/meta/datanode.id
2019-08-21 07:13:36,882 INFO  volume.HddsVolume (HddsVolume.java:<init>(176)) - Creating Volume: /workdir/hadoop-ozone/integration-test/target/test-dir/MiniOzoneClusterImpl-94ff2e65-e9dc-40d8-b5a4-a4b55580a6d4/datanode-2/data/containers/hdds of  storage type : DISK and capacity : 1482555576320
2019-08-21 07:13:36,883 INFO  volume.VolumeSet (VolumeSet.java:initializeVolumeSet(170)) - Added Volume : /workdir/hadoop-ozone/integration-test/target/test-dir/MiniOzoneClusterImpl-94ff2e65-e9dc-40d8-b5a4-a4b55580a6d4/datanode-2/data/containers/hdds to VolumeSet
2019-08-21 07:13:36,883 INFO  volume.ThrottledAsyncChecker (ThrottledAsyncChecker.java:schedule(140)) - Scheduling a check for org.apache.hadoop.ozone.container.common.volume.HddsVolume@2138da64
2019-08-21 07:13:36,884 INFO  volume.HddsVolumeChecker (HddsVolumeChecker.java:checkAllVolumes(203)) - Scheduled health check for volume org.apache.hadoop.ozone.container.common.volume.HddsVolume@2138da64
2019-08-21 07:13:36,899 INFO  impl.RaftServerProxy (ConfUtils.java:logGet(43)) - raft.rpc.type = GRPC (default)
2019-08-21 07:13:36,899 INFO  grpc.GrpcFactory (GrpcFactory.java:checkPooledByteBufAllocatorUseCacheForAllThreads(45)) - PERFORMANCE WARNING: useCacheForAllThreads is true that may cause Netty to create a lot garbage objects and, as a result, trigger GC.
	It is recommended to disable useCacheForAllThreads by setting -Dorg.apache.ratis.thirdparty.io.netty.allocator.useCacheForAllThreads=false in command line.
2019-08-21 07:13:36,899 INFO  grpc.GrpcConfigKeys$Server (ConfUtils.java:logGet(43)) - raft.grpc.server.port = 0 (default)
2019-08-21 07:13:36,900 INFO  server.GrpcService (ConfUtils.java:logGet(43)) - raft.grpc.message.size.max = 33570816 (custom)
2019-08-21 07:13:36,900 INFO  server.RaftServerConfigKeys (ConfUtils.java:logGet(43)) - raft.server.log.appender.buffer.byte-limit = 33554432 (custom)
2019-08-21 07:13:36,900 INFO  server.GrpcService (ConfUtils.java:logGet(43)) - raft.grpc.flow.control.window = 1MB (=1048576) (default)
2019-08-21 07:13:36,900 INFO  server.RaftServerConfigKeys (ConfUtils.java:logGet(43)) - raft.server.rpc.request.timeout = 3000ms (default)
2019-08-21 07:13:36,900 INFO  server.RaftServerConfigKeys (ConfUtils.java:logGet(43)) - raft.server.storage.dir = [/workdir/hadoop-ozone/integration-test/target/test-dir/MiniOzoneClusterImpl-94ff2e65-e9dc-40d8-b5a4-a4b55580a6d4/datanode-2/data/ratis] (custom)
2019-08-21 07:13:36,901 INFO  replication.SimpleContainerDownloader (SimpleContainerDownloader.java:<init>(72)) - Starting container downloader service to copy containers to replicate.
2019-08-21 07:13:36,902 INFO  hdfs.DFSUtil (DFSUtil.java:httpServerTemplateForNNAndJN(1641)) - Starting Web-server for hddsDatanode at: http://0.0.0.0:0
2019-08-21 07:13:36,903 INFO  server.AuthenticationFilter (AuthenticationFilter.java:constructSecretProvider(240)) - Unable to initialize FileSignerSecretProvider, falling back to use random secrets.
2019-08-21 07:13:36,904 WARN  http.HttpRequestLog (HttpRequestLog.java:getRequestLog(97)) - Jetty request log can only be enabled using Log4j
2019-08-21 07:13:36,906 INFO  http.HttpServer2 (HttpServer2.java:addGlobalFilter(975)) - Added global filter 'safety' (class=org.apache.hadoop.http.HttpServer2$QuotingInputFilter)
2019-08-21 07:13:36,906 INFO  http.HttpServer2 (HttpServer2.java:addFilter(948)) - Added filter static_user_filter (class=org.apache.hadoop.http.lib.StaticUserWebFilter$StaticUserFilter) to context hddsDatanode
2019-08-21 07:13:36,906 INFO  http.HttpServer2 (HttpServer2.java:addFilter(958)) - Added filter static_user_filter (class=org.apache.hadoop.http.lib.StaticUserWebFilter$StaticUserFilter) to context static
2019-08-21 07:13:36,906 INFO  http.HttpServer2 (HttpServer2.java:addFilter(958)) - Added filter static_user_filter (class=org.apache.hadoop.http.lib.StaticUserWebFilter$StaticUserFilter) to context logs
2019-08-21 07:13:36,907 INFO  http.HttpServer2 (HttpServer2.java:bindListener(1191)) - Jetty bound to port 46832
2019-08-21 07:13:36,907 INFO  server.Server (Server.java:doStart(351)) - jetty-9.3.24.v20180605, build timestamp: 2018-06-05T17:11:56Z, git hash: 84205aa28f11a4f31f2a3b86d1bba2cc8ab69827
2019-08-21 07:13:36,909 INFO  handler.ContextHandler (ContextHandler.java:doStart(781)) - Started o.e.j.s.ServletContextHandler@3ad88d{/logs,file:///workdir/hadoop-ozone/integration-test/target/log,AVAILABLE}
2019-08-21 07:13:36,909 INFO  handler.ContextHandler (ContextHandler.java:doStart(781)) - Started o.e.j.s.ServletContextHandler@71b438e0{/static,jar:file:/home/user/.m2/repository/org/apache/hadoop/hadoop-hdds-container-service/0.5.0-SNAPSHOT/hadoop-hdds-container-service-0.5.0-SNAPSHOT.jar!/webapps/static,AVAILABLE}
2019-08-21 07:13:36,942 INFO  handler.ContextHandler (ContextHandler.java:doStart(781)) - Started o.e.j.w.WebAppContext@5847c2fa{/,file:///tmp/jetty-0.0.0.0-46832-hddsDatanode-_-any-1447014371051452927.dir/webapp/,AVAILABLE}{/hddsDatanode}
2019-08-21 07:13:36,943 INFO  server.AbstractConnector (AbstractConnector.java:doStart(278)) - Started ServerConnector@4d959663{HTTP/1.1,[http/1.1]}{0.0.0.0:46832}
2019-08-21 07:13:36,944 INFO  server.Server (Server.java:doStart(419)) - Started @31217ms
2019-08-21 07:13:36,944 WARN  impl.MetricsSystemImpl (MetricsSystemImpl.java:register(276)) - Sink prometheus already exists!
2019-08-21 07:13:36,945 INFO  server.BaseHttpServer (BaseHttpServer.java:updateConnectorAddress(215)) - HTTP server of HDDSDATANODE is listening at http://0.0.0.0:46832
2019-08-21 07:13:37,079 INFO  ozone.HddsDatanodeService (HddsDatanodeService.java:startPlugins(395)) - Started plug-in org.apache.hadoop.ozone.web.OzoneHddsDatanodeService@6301b139
2019-08-21 07:13:37,080 INFO  ozone.MiniOzoneClusterImpl (MiniOzoneClusterImpl.java:lambda$waitForClusterToBeReady$0(142)) - Waiting for cluster to be ready. Got 0 of 3 DN Heartbeats.
2019-08-21 07:13:37,082 INFO  util.JvmPauseMonitor (JvmPauseMonitor.java:run(188)) - Starting JVM pause monitor
2019-08-21 07:13:37,084 INFO  datanode.InitDatanodeState (InitDatanodeState.java:persistContainerDatanodeDetails(140)) - DatanodeDetails is persisted to /workdir/hadoop-ozone/integration-test/target/test-dir/MiniOzoneClusterImpl-94ff2e65-e9dc-40d8-b5a4-a4b55580a6d4/datanode-2/meta/datanode.id
2019-08-21 07:13:38,080 INFO  ozone.MiniOzoneClusterImpl (MiniOzoneClusterImpl.java:lambda$waitForClusterToBeReady$0(142)) - Waiting for cluster to be ready. Got 0 of 3 DN Heartbeats.
2019-08-21 07:13:39,080 INFO  ozone.MiniOzoneClusterImpl (MiniOzoneClusterImpl.java:lambda$waitForClusterToBeReady$0(142)) - Waiting for cluster to be ready. Got 0 of 3 DN Heartbeats.
2019-08-21 07:13:39,238 INFO  ozoneimpl.OzoneContainer (OzoneContainer.java:start(186)) - Attempting to start container services.
2019-08-21 07:13:39,238 INFO  ozoneimpl.OzoneContainer (OzoneContainer.java:start(186)) - Attempting to start container services.
2019-08-21 07:13:39,238 INFO  ozoneimpl.OzoneContainer (OzoneContainer.java:start(186)) - Attempting to start container services.
2019-08-21 07:13:39,243 INFO  ozoneimpl.OzoneContainer (OzoneContainer.java:startContainerScrub(160)) - Background container scrubber has been disabled by hdds.containerscrub.enabled
2019-08-21 07:13:39,240 INFO  ozoneimpl.OzoneContainer (OzoneContainer.java:startContainerScrub(160)) - Background container scrubber has been disabled by hdds.containerscrub.enabled
2019-08-21 07:13:39,243 INFO  ratis.XceiverServerRatis (XceiverServerRatis.java:start(404)) - Starting XceiverServerRatis 59272499-6723-441f-bb93-d5b089b2dd3f at port 0
2019-08-21 07:13:39,243 INFO  ozoneimpl.OzoneContainer (OzoneContainer.java:startContainerScrub(160)) - Background container scrubber has been disabled by hdds.containerscrub.enabled
2019-08-21 07:13:39,244 INFO  ratis.XceiverServerRatis (XceiverServerRatis.java:start(404)) - Starting XceiverServerRatis 65370939-d58a-4d15-8f1f-74ec23e08016 at port 0
2019-08-21 07:13:39,245 INFO  ratis.XceiverServerRatis (XceiverServerRatis.java:start(404)) - Starting XceiverServerRatis 21b1adc9-354e-4e99-9e4c-107100af86a3 at port 0
2019-08-21 07:13:39,261 INFO  impl.RaftServerProxy (RaftServerProxy.java:lambda$start$3(299)) - 21b1adc9-354e-4e99-9e4c-107100af86a3: start RPC server
2019-08-21 07:13:39,263 INFO  impl.RaftServerProxy (RaftServerProxy.java:lambda$start$3(299)) - 65370939-d58a-4d15-8f1f-74ec23e08016: start RPC server
2019-08-21 07:13:39,264 INFO  impl.RaftServerProxy (RaftServerProxy.java:lambda$start$3(299)) - 59272499-6723-441f-bb93-d5b089b2dd3f: start RPC server
2019-08-21 07:13:39,264 INFO  server.GrpcService (GrpcService.java:startImpl(149)) - 21b1adc9-354e-4e99-9e4c-107100af86a3: GrpcService started, listening on 0.0.0.0/0.0.0.0:44091
2019-08-21 07:13:39,264 INFO  server.GrpcService (GrpcService.java:startImpl(149)) - 65370939-d58a-4d15-8f1f-74ec23e08016: GrpcService started, listening on 0.0.0.0/0.0.0.0:34069
2019-08-21 07:13:39,266 INFO  server.GrpcService (GrpcService.java:startImpl(149)) - 59272499-6723-441f-bb93-d5b089b2dd3f: GrpcService started, listening on 0.0.0.0/0.0.0.0:42511
2019-08-21 07:13:39,266 INFO  ratis.XceiverServerRatis (XceiverServerRatis.java:start(414)) - XceiverServerRatis 21b1adc9-354e-4e99-9e4c-107100af86a3 is started using port 44091
2019-08-21 07:13:39,266 INFO  ratis.XceiverServerRatis (XceiverServerRatis.java:start(414)) - XceiverServerRatis 59272499-6723-441f-bb93-d5b089b2dd3f is started using port 42511
2019-08-21 07:13:39,266 INFO  ratis.XceiverServerRatis (XceiverServerRatis.java:start(414)) - XceiverServerRatis 65370939-d58a-4d15-8f1f-74ec23e08016 is started using port 34069
2019-08-21 07:13:39,267 INFO  server.XceiverServerGrpc (XceiverServerGrpc.java:start(161)) - XceiverServerGrpc 21b1adc9-354e-4e99-9e4c-107100af86a3 is started using port 38954
2019-08-21 07:13:39,267 INFO  server.XceiverServerGrpc (XceiverServerGrpc.java:start(161)) - XceiverServerGrpc 59272499-6723-441f-bb93-d5b089b2dd3f is started using port 39303
2019-08-21 07:13:39,267 INFO  server.XceiverServerGrpc (XceiverServerGrpc.java:start(161)) - XceiverServerGrpc 65370939-d58a-4d15-8f1f-74ec23e08016 is started using port 32820
2019-08-21 07:13:40,081 INFO  ozone.MiniOzoneClusterImpl (MiniOzoneClusterImpl.java:lambda$waitForClusterToBeReady$0(142)) - Waiting for cluster to be ready. Got 0 of 3 DN Heartbeats.
2019-08-21 07:13:40,670 INFO  net.NetworkTopology (NetworkTopologyImpl.java:add(110)) - Added a new node: /default-rack/59272499-6723-441f-bb93-d5b089b2dd3f
2019-08-21 07:13:40,672 INFO  node.SCMNodeManager (SCMNodeManager.java:register(266)) - Registered Data node : 59272499-6723-441f-bb93-d5b089b2dd3f{ip: 192.168.36.89, host: pr-hdds-1935-8bnx7-2419419324, networkLocation: /default-rack, certSerialId: null}
2019-08-21 07:13:40,673 INFO  safemode.SCMSafeModeManager (DataNodeSafeModeRule.java:process(71)) - SCM in safe mode. 1 DataNodes registered, 1 required.
2019-08-21 07:13:40,674 INFO  safemode.SCMSafeModeManager (SCMSafeModeManager.java:validateSafeModeExitRules(177)) - ScmSafeModeManager, all rules are successfully validated
2019-08-21 07:13:40,674 INFO  safemode.SCMSafeModeManager (SCMSafeModeManager.java:exitSafeMode(193)) - SCM exiting safe mode.
2019-08-21 07:13:40,686 INFO  impl.RaftServerProxy (RaftServerProxy.java:addNew(89)) - 59272499-6723-441f-bb93-d5b089b2dd3f: addNew group-4673422A28BC:[59272499-6723-441f-bb93-d5b089b2dd3f:192.168.36.89:42511] returns group-4673422A28BC:java.util.concurrent.CompletableFuture@399f6f57[Not completed]
2019-08-21 07:13:40,688 INFO  impl.RaftServerImpl (RaftServerImpl.java:<init>(93)) - 59272499-6723-441f-bb93-d5b089b2dd3f: new RaftServerImpl for group-4673422A28BC:[59272499-6723-441f-bb93-d5b089b2dd3f:192.168.36.89:42511] with ContainerStateMachine:uninitialized
2019-08-21 07:13:40,688 INFO  server.RaftServerConfigKeys (ConfUtils.java:logGet(43)) - raft.server.rpc.timeout.min = 5s (custom)
2019-08-21 07:13:40,688 INFO  server.RaftServerConfigKeys (ConfUtils.java:logGet(43)) - raft.server.rpc.timeout.max = 5200ms (custom)
2019-08-21 07:13:40,688 INFO  server.RaftServerConfigKeys (ConfUtils.java:logGet(43)) - raft.server.rpcslowness.timeout = 120s (custom)
2019-08-21 07:13:40,689 INFO  server.RaftServerConfigKeys (ConfUtils.java:logGet(43)) - raft.server.sleep.deviation.threshold = 300 (default)
2019-08-21 07:13:40,689 INFO  server.RaftServerConfigKeys (ConfUtils.java:logGet(43)) - raft.server.log.appender.install.snapshot.enabled = false (custom)
2019-08-21 07:13:40,689 INFO  impl.RaftServerImpl (ServerState.java:<init>(105)) - 59272499-6723-441f-bb93-d5b089b2dd3f:group-4673422A28BC ConfigurationManager, init=-1: [59272499-6723-441f-bb93-d5b089b2dd3f:192.168.36.89:42511], old=null, confs=<EMPTY_MAP>
2019-08-21 07:13:40,689 INFO  server.RaftServerConfigKeys (ConfUtils.java:logGet(43)) - raft.server.storage.dir = [/workdir/hadoop-ozone/integration-test/target/test-dir/MiniOzoneClusterImpl-94ff2e65-e9dc-40d8-b5a4-a4b55580a6d4/datanode-0/data/ratis] (custom)
2019-08-21 07:13:40,689 INFO  storage.RaftStorageDirectory (RaftStorageDirectory.java:analyzeStorage(246)) - The storage directory /workdir/hadoop-ozone/integration-test/target/test-dir/MiniOzoneClusterImpl-94ff2e65-e9dc-40d8-b5a4-a4b55580a6d4/datanode-0/data/ratis/a9d73eeb-070d-4251-8e7c-4673422a28bc does not exist. Creating ...
2019-08-21 07:13:40,708 INFO  storage.RaftStorageDirectory (RaftStorageDirectory.java:tryLock(328)) - Lock on /workdir/hadoop-ozone/integration-test/target/test-dir/MiniOzoneClusterImpl-94ff2e65-e9dc-40d8-b5a4-a4b55580a6d4/datanode-0/data/ratis/a9d73eeb-070d-4251-8e7c-4673422a28bc/in_use.lock acquired by nodename 4895@pr-hdds-1935-8bnx7-2419419324
2019-08-21 07:13:40,725 INFO  storage.RaftStorage (RaftStorage.java:format(72)) - Storage directory /workdir/hadoop-ozone/integration-test/target/test-dir/MiniOzoneClusterImpl-94ff2e65-e9dc-40d8-b5a4-a4b55580a6d4/datanode-0/data/ratis/a9d73eeb-070d-4251-8e7c-4673422a28bc has been successfully formatted.
2019-08-21 07:13:40,725 INFO  ratis.ContainerStateMachine (ContainerStateMachine.java:loadSnapshot(222)) - group-4673422A28BC: The snapshot info is null. Setting the last applied indexto:(t:0, i:~)
2019-08-21 07:13:40,725 INFO  server.RaftServerConfigKeys (ConfUtils.java:logGet(43)) - raft.server.leader.election.timeout = 120s (custom)
2019-08-21 07:13:40,725 INFO  server.RaftServerConfigKeys (ConfUtils.java:logGet(43)) - raft.server.log.use.memory = false (default)
2019-08-21 07:13:40,725 INFO  server.RaftServerConfigKeys (ConfUtils.java:logGet(43)) - raft.server.log.purge.gap = 1000000000 (custom)
2019-08-21 07:13:40,725 INFO  server.RaftServerConfigKeys (ConfUtils.java:logGet(43)) - raft.server.log.appender.buffer.byte-limit = 33554432 (custom)
2019-08-21 07:13:40,725 INFO  server.RaftServerConfigKeys (ConfUtils.java:logGet(43)) - raft.server.log.segment.size.max = 1048576 (custom)
2019-08-21 07:13:40,726 INFO  server.RaftServerConfigKeys (ConfUtils.java:logGet(43)) - raft.server.log.segment.cache.num.max = 2 (custom)
2019-08-21 07:13:40,726 INFO  segmented.SegmentedRaftLogWorker (SegmentedRaftLogWorker.java:<init>(172)) - new 59272499-6723-441f-bb93-d5b089b2dd3f-SegmentedRaftLogWorker:Storage Directory /workdir/hadoop-ozone/integration-test/target/test-dir/MiniOzoneClusterImpl-94ff2e65-e9dc-40d8-b5a4-a4b55580a6d4/datanode-0/data/ratis/a9d73eeb-070d-4251-8e7c-4673422a28bc for RaftStorage:Storage Directory /workdir/hadoop-ozone/integration-test/target/test-dir/MiniOzoneClusterImpl-94ff2e65-e9dc-40d8-b5a4-a4b55580a6d4/datanode-0/data/ratis/a9d73eeb-070d-4251-8e7c-4673422a28bc
2019-08-21 07:13:40,726 INFO  server.RaftServerConfigKeys (ConfUtils.java:logGet(43)) - raft.server.log.queue.byte-limit = 2147483647 (custom)
2019-08-21 07:13:40,726 INFO  server.RaftServerConfigKeys (ConfUtils.java:logGet(43)) - raft.server.log.queue.element-limit = 1024 (custom)
2019-08-21 07:13:40,726 INFO  server.RaftServerConfigKeys (ConfUtils.java:logGet(43)) - raft.server.log.segment.size.max = 1048576 (custom)
2019-08-21 07:13:40,726 INFO  server.RaftServerConfigKeys (ConfUtils.java:logGet(43)) - raft.server.log.preallocated.size = 16384 (custom)
2019-08-21 07:13:40,726 INFO  server.RaftServerConfigKeys (ConfUtils.java:logGet(43)) - raft.server.log.write.buffer.size = 33554432 (custom)
2019-08-21 07:13:40,727 INFO  server.RaftServerConfigKeys (ConfUtils.java:logGet(43)) - raft.server.log.force.sync.num = 128 (default)
2019-08-21 07:13:40,727 INFO  server.RaftServerConfigKeys (ConfUtils.java:logGet(43)) - raft.server.log.statemachine.data.sync = true (default)
2019-08-21 07:13:40,727 INFO  server.RaftServerConfigKeys (ConfUtils.java:logGet(43)) - raft.server.log.statemachine.data.sync.timeout = 10s (default)
2019-08-21 07:13:40,727 INFO  server.RaftServerConfigKeys (ConfUtils.java:logGet(43)) - raft.server.log.statemachine.data.sync.timeout.retry = -1 (default)
2019-08-21 07:13:40,727 INFO  server.RaftServerConfigKeys (ConfUtils.java:logGet(43)) - raft.server.log.statemachine.data.caching.enabled = true (custom)
2019-08-21 07:13:40,727 INFO  segmented.SegmentedRaftLogWorker (SegmentedRaftLogWorker.java:lambda$new$0(132)) - 59272499-6723-441f-bb93-d5b089b2dd3f-SegmentedRaftLogWorker:Storage Directory /workdir/hadoop-ozone/integration-test/target/test-dir/MiniOzoneClusterImpl-94ff2e65-e9dc-40d8-b5a4-a4b55580a6d4/datanode-0/data/ratis/a9d73eeb-070d-4251-8e7c-4673422a28bc: flushIndex: setUnconditionally 0 -> -1
2019-08-21 07:13:40,728 INFO  server.RaftServerConfigKeys (ConfUtils.java:logGet(43)) - raft.server.snapshot.auto.trigger.enabled = true (custom)
2019-08-21 07:13:40,728 INFO  server.RaftServerConfigKeys (ConfUtils.java:logGet(43)) - raft.server.snapshot.auto.trigger.threshold = 10000 (custom)
2019-08-21 07:13:40,728 INFO  server.RaftServerConfigKeys (ConfUtils.java:logGet(43)) - raft.server.retrycache.expirytime = 600000ms (custom)
2019-08-21 07:13:40,728 INFO  impl.RaftServerImpl (RaftServerImpl.java:start(180)) - 59272499-6723-441f-bb93-d5b089b2dd3f: start group-4673422A28BC
2019-08-21 07:13:40,728 INFO  impl.RaftServerImpl (RaftServerImpl.java:setRole(171)) - 59272499-6723-441f-bb93-d5b089b2dd3f:group-4673422A28BC changes role from null to FOLLOWER at term 0 for startAsFollower
2019-08-21 07:13:40,729 INFO  impl.RoleInfo (RoleInfo.java:updateAndGet(143)) - 59272499-6723-441f-bb93-d5b089b2dd3f: start FollowerState
2019-08-21 07:13:40,729 INFO  util.JmxRegister (JmxRegister.java:tryRegister(44)) - Successfully registered JMX Bean with object name Ratis:service=RaftServer,group=group-4673422A28BC,id=59272499-6723-441f-bb93-d5b089b2dd3f
2019-08-21 07:13:40,753 INFO  pipeline.PipelineStateManager (PipelineStateManager.java:addPipeline(56)) - Created pipeline Pipeline[ Id: a9d73eeb-070d-4251-8e7c-4673422a28bc, Nodes: 59272499-6723-441f-bb93-d5b089b2dd3f{ip: 192.168.36.89, host: pr-hdds-1935-8bnx7-2419419324, networkLocation: /default-rack, certSerialId: null}, Type:RATIS, Factor:ONE, State:OPEN]
2019-08-21 07:13:40,874 INFO  net.NetworkTopology (NetworkTopologyImpl.java:add(110)) - Added a new node: /default-rack/21b1adc9-354e-4e99-9e4c-107100af86a3
2019-08-21 07:13:40,874 INFO  node.SCMNodeManager (SCMNodeManager.java:register(266)) - Registered Data node : 21b1adc9-354e-4e99-9e4c-107100af86a3{ip: 192.168.36.89, host: pr-hdds-1935-8bnx7-2419419324, networkLocation: /default-rack, certSerialId: null}
2019-08-21 07:13:40,885 INFO  impl.RaftServerProxy (RaftServerProxy.java:addNew(89)) - 21b1adc9-354e-4e99-9e4c-107100af86a3: addNew group-5DA1C92E844E:[21b1adc9-354e-4e99-9e4c-107100af86a3:192.168.36.89:44091] returns group-5DA1C92E844E:java.util.concurrent.CompletableFuture@1b97a1ea[Not completed]
2019-08-21 07:13:40,887 INFO  impl.RaftServerImpl (RaftServerImpl.java:<init>(93)) - 21b1adc9-354e-4e99-9e4c-107100af86a3: new RaftServerImpl for group-5DA1C92E844E:[21b1adc9-354e-4e99-9e4c-107100af86a3:192.168.36.89:44091] with ContainerStateMachine:uninitialized
2019-08-21 07:13:40,887 INFO  server.RaftServerConfigKeys (ConfUtils.java:logGet(43)) - raft.server.rpc.timeout.min = 5s (custom)
2019-08-21 07:13:40,887 INFO  server.RaftServerConfigKeys (ConfUtils.java:logGet(43)) - raft.server.rpc.timeout.max = 5200ms (custom)
2019-08-21 07:13:40,887 INFO  server.RaftServerConfigKeys (ConfUtils.java:logGet(43)) - raft.server.rpcslowness.timeout = 120s (custom)
2019-08-21 07:13:40,887 INFO  server.RaftServerConfigKeys (ConfUtils.java:logGet(43)) - raft.server.sleep.deviation.threshold = 300 (default)
2019-08-21 07:13:40,887 INFO  server.RaftServerConfigKeys (ConfUtils.java:logGet(43)) - raft.server.log.appender.install.snapshot.enabled = false (custom)
2019-08-21 07:13:40,888 INFO  impl.RaftServerImpl (ServerState.java:<init>(105)) - 21b1adc9-354e-4e99-9e4c-107100af86a3:group-5DA1C92E844E ConfigurationManager, init=-1: [21b1adc9-354e-4e99-9e4c-107100af86a3:192.168.36.89:44091], old=null, confs=<EMPTY_MAP>
2019-08-21 07:13:40,888 INFO  server.RaftServerConfigKeys (ConfUtils.java:logGet(43)) - raft.server.storage.dir = [/workdir/hadoop-ozone/integration-test/target/test-dir/MiniOzoneClusterImpl-94ff2e65-e9dc-40d8-b5a4-a4b55580a6d4/datanode-1/data/ratis] (custom)
2019-08-21 07:13:40,888 INFO  storage.RaftStorageDirectory (RaftStorageDirectory.java:analyzeStorage(246)) - The storage directory /workdir/hadoop-ozone/integration-test/target/test-dir/MiniOzoneClusterImpl-94ff2e65-e9dc-40d8-b5a4-a4b55580a6d4/datanode-1/data/ratis/53f25904-83da-43f2-b12a-5da1c92e844e does not exist. Creating ...
2019-08-21 07:13:40,919 INFO  storage.RaftStorageDirectory (RaftStorageDirectory.java:tryLock(328)) - Lock on /workdir/hadoop-ozone/integration-test/target/test-dir/MiniOzoneClusterImpl-94ff2e65-e9dc-40d8-b5a4-a4b55580a6d4/datanode-1/data/ratis/53f25904-83da-43f2-b12a-5da1c92e844e/in_use.lock acquired by nodename 4895@pr-hdds-1935-8bnx7-2419419324
2019-08-21 07:13:40,938 INFO  storage.RaftStorage (RaftStorage.java:format(72)) - Storage directory /workdir/hadoop-ozone/integration-test/target/test-dir/MiniOzoneClusterImpl-94ff2e65-e9dc-40d8-b5a4-a4b55580a6d4/datanode-1/data/ratis/53f25904-83da-43f2-b12a-5da1c92e844e has been successfully formatted.
2019-08-21 07:13:40,939 INFO  ratis.ContainerStateMachine (ContainerStateMachine.java:loadSnapshot(222)) - group-5DA1C92E844E: The snapshot info is null. Setting the last applied indexto:(t:0, i:~)
2019-08-21 07:13:40,939 INFO  server.RaftServerConfigKeys (ConfUtils.java:logGet(43)) - raft.server.leader.election.timeout = 120s (custom)
2019-08-21 07:13:40,939 INFO  server.RaftServerConfigKeys (ConfUtils.java:logGet(43)) - raft.server.log.use.memory = false (default)
2019-08-21 07:13:40,939 INFO  server.RaftServerConfigKeys (ConfUtils.java:logGet(43)) - raft.server.log.purge.gap = 1000000000 (custom)
2019-08-21 07:13:40,940 INFO  server.RaftServerConfigKeys (ConfUtils.java:logGet(43)) - raft.server.log.appender.buffer.byte-limit = 33554432 (custom)
2019-08-21 07:13:40,940 INFO  server.RaftServerConfigKeys (ConfUtils.java:logGet(43)) - raft.server.log.segment.size.max = 1048576 (custom)
2019-08-21 07:13:40,940 INFO  server.RaftServerConfigKeys (ConfUtils.java:logGet(43)) - raft.server.log.segment.cache.num.max = 2 (custom)
2019-08-21 07:13:40,940 INFO  segmented.SegmentedRaftLogWorker (SegmentedRaftLogWorker.java:<init>(172)) - new 21b1adc9-354e-4e99-9e4c-107100af86a3-SegmentedRaftLogWorker:Storage Directory /workdir/hadoop-ozone/integration-test/target/test-dir/MiniOzoneClusterImpl-94ff2e65-e9dc-40d8-b5a4-a4b55580a6d4/datanode-1/data/ratis/53f25904-83da-43f2-b12a-5da1c92e844e for RaftStorage:Storage Directory /workdir/hadoop-ozone/integration-test/target/test-dir/MiniOzoneClusterImpl-94ff2e65-e9dc-40d8-b5a4-a4b55580a6d4/datanode-1/data/ratis/53f25904-83da-43f2-b12a-5da1c92e844e
2019-08-21 07:13:40,941 INFO  server.RaftServerConfigKeys (ConfUtils.java:logGet(43)) - raft.server.log.queue.byte-limit = 2147483647 (custom)
2019-08-21 07:13:40,941 INFO  server.RaftServerConfigKeys (ConfUtils.java:logGet(43)) - raft.server.log.queue.element-limit = 1024 (custom)
2019-08-21 07:13:40,941 INFO  server.RaftServerConfigKeys (ConfUtils.java:logGet(43)) - raft.server.log.segment.size.max = 1048576 (custom)
2019-08-21 07:13:40,941 INFO  server.RaftServerConfigKeys (ConfUtils.java:logGet(43)) - raft.server.log.preallocated.size = 16384 (custom)
2019-08-21 07:13:40,942 INFO  server.RaftServerConfigKeys (ConfUtils.java:logGet(43)) - raft.server.log.write.buffer.size = 33554432 (custom)
2019-08-21 07:13:40,942 INFO  server.RaftServerConfigKeys (ConfUtils.java:logGet(43)) - raft.server.log.force.sync.num = 128 (default)
2019-08-21 07:13:40,942 INFO  server.RaftServerConfigKeys (ConfUtils.java:logGet(43)) - raft.server.log.statemachine.data.sync = true (default)
2019-08-21 07:13:40,942 INFO  server.RaftServerConfigKeys (ConfUtils.java:logGet(43)) - raft.server.log.statemachine.data.sync.timeout = 10s (default)
2019-08-21 07:13:40,942 INFO  server.RaftServerConfigKeys (ConfUtils.java:logGet(43)) - raft.server.log.statemachine.data.sync.timeout.retry = -1 (default)
2019-08-21 07:13:40,943 INFO  server.RaftServerConfigKeys (ConfUtils.java:logGet(43)) - raft.server.log.statemachine.data.caching.enabled = true (custom)
2019-08-21 07:13:40,944 INFO  segmented.SegmentedRaftLogWorker (SegmentedRaftLogWorker.java:lambda$new$0(132)) - 21b1adc9-354e-4e99-9e4c-107100af86a3-SegmentedRaftLogWorker:Storage Directory /workdir/hadoop-ozone/integration-test/target/test-dir/MiniOzoneClusterImpl-94ff2e65-e9dc-40d8-b5a4-a4b55580a6d4/datanode-1/data/ratis/53f25904-83da-43f2-b12a-5da1c92e844e: flushIndex: setUnconditionally 0 -> -1
2019-08-21 07:13:40,944 INFO  server.RaftServerConfigKeys (ConfUtils.java:logGet(43)) - raft.server.snapshot.auto.trigger.enabled = true (custom)
2019-08-21 07:13:40,944 INFO  server.RaftServerConfigKeys (ConfUtils.java:logGet(43)) - raft.server.snapshot.auto.trigger.threshold = 10000 (custom)
2019-08-21 07:13:40,945 INFO  server.RaftServerConfigKeys (ConfUtils.java:logGet(43)) - raft.server.retrycache.expirytime = 600000ms (custom)
2019-08-21 07:13:40,945 INFO  impl.RaftServerImpl (RaftServerImpl.java:start(180)) - 21b1adc9-354e-4e99-9e4c-107100af86a3: start group-5DA1C92E844E
2019-08-21 07:13:40,945 INFO  impl.RaftServerImpl (RaftServerImpl.java:setRole(171)) - 21b1adc9-354e-4e99-9e4c-107100af86a3:group-5DA1C92E844E changes role from null to FOLLOWER at term 0 for startAsFollower
2019-08-21 07:13:40,945 INFO  impl.RoleInfo (RoleInfo.java:updateAndGet(143)) - 21b1adc9-354e-4e99-9e4c-107100af86a3: start FollowerState
2019-08-21 07:13:40,950 INFO  util.JmxRegister (JmxRegister.java:tryRegister(44)) - Successfully registered JMX Bean with object name Ratis:service=RaftServer,group=group-5DA1C92E844E,id=21b1adc9-354e-4e99-9e4c-107100af86a3
2019-08-21 07:13:40,957 INFO  pipeline.PipelineStateManager (PipelineStateManager.java:addPipeline(56)) - Created pipeline Pipeline[ Id: 53f25904-83da-43f2-b12a-5da1c92e844e, Nodes: 21b1adc9-354e-4e99-9e4c-107100af86a3{ip: 192.168.36.89, host: pr-hdds-1935-8bnx7-2419419324, networkLocation: /default-rack, certSerialId: null}, Type:RATIS, Factor:ONE, State:OPEN]
2019-08-21 07:13:41,082 INFO  ozone.MiniOzoneClusterImpl (MiniOzoneClusterImpl.java:lambda$waitForClusterToBeReady$0(142)) - Waiting for cluster to be ready. Got 2 of 3 DN Heartbeats.
2019-08-21 07:13:41,084 INFO  net.NetworkTopology (NetworkTopologyImpl.java:add(110)) - Added a new node: /default-rack/65370939-d58a-4d15-8f1f-74ec23e08016
2019-08-21 07:13:41,084 INFO  node.SCMNodeManager (SCMNodeManager.java:register(266)) - Registered Data node : 65370939-d58a-4d15-8f1f-74ec23e08016{ip: 192.168.36.89, host: pr-hdds-1935-8bnx7-2419419324, networkLocation: /default-rack, certSerialId: null}
2019-08-21 07:13:41,103 INFO  impl.RaftServerProxy (RaftServerProxy.java:addNew(89)) - 65370939-d58a-4d15-8f1f-74ec23e08016: addNew group-3D7466E0AE99:[65370939-d58a-4d15-8f1f-74ec23e08016:192.168.36.89:34069] returns group-3D7466E0AE99:java.util.concurrent.CompletableFuture@26ad3095[Not completed]
2019-08-21 07:13:41,106 INFO  impl.RaftServerImpl (RaftServerImpl.java:<init>(93)) - 65370939-d58a-4d15-8f1f-74ec23e08016: new RaftServerImpl for group-3D7466E0AE99:[65370939-d58a-4d15-8f1f-74ec23e08016:192.168.36.89:34069] with ContainerStateMachine:uninitialized
2019-08-21 07:13:41,107 INFO  server.RaftServerConfigKeys (ConfUtils.java:logGet(43)) - raft.server.rpc.timeout.min = 5s (custom)
2019-08-21 07:13:41,107 INFO  server.RaftServerConfigKeys (ConfUtils.java:logGet(43)) - raft.server.rpc.timeout.max = 5200ms (custom)
2019-08-21 07:13:41,107 INFO  server.RaftServerConfigKeys (ConfUtils.java:logGet(43)) - raft.server.rpcslowness.timeout = 120s (custom)
2019-08-21 07:13:41,107 INFO  server.RaftServerConfigKeys (ConfUtils.java:logGet(43)) - raft.server.sleep.deviation.threshold = 300 (default)
2019-08-21 07:13:41,107 INFO  server.RaftServerConfigKeys (ConfUtils.java:logGet(43)) - raft.server.log.appender.install.snapshot.enabled = false (custom)
2019-08-21 07:13:41,108 INFO  impl.RaftServerImpl (ServerState.java:<init>(105)) - 65370939-d58a-4d15-8f1f-74ec23e08016:group-3D7466E0AE99 ConfigurationManager, init=-1: [65370939-d58a-4d15-8f1f-74ec23e08016:192.168.36.89:34069], old=null, confs=<EMPTY_MAP>
2019-08-21 07:13:41,108 INFO  server.RaftServerConfigKeys (ConfUtils.java:logGet(43)) - raft.server.storage.dir = [/workdir/hadoop-ozone/integration-test/target/test-dir/MiniOzoneClusterImpl-94ff2e65-e9dc-40d8-b5a4-a4b55580a6d4/datanode-2/data/ratis] (custom)
2019-08-21 07:13:41,108 INFO  storage.RaftStorageDirectory (RaftStorageDirectory.java:analyzeStorage(246)) - The storage directory /workdir/hadoop-ozone/integration-test/target/test-dir/MiniOzoneClusterImpl-94ff2e65-e9dc-40d8-b5a4-a4b55580a6d4/datanode-2/data/ratis/8f60c17b-6936-4315-81c6-3d7466e0ae99 does not exist. Creating ...
2019-08-21 07:13:41,141 INFO  storage.RaftStorageDirectory (RaftStorageDirectory.java:tryLock(328)) - Lock on /workdir/hadoop-ozone/integration-test/target/test-dir/MiniOzoneClusterImpl-94ff2e65-e9dc-40d8-b5a4-a4b55580a6d4/datanode-2/data/ratis/8f60c17b-6936-4315-81c6-3d7466e0ae99/in_use.lock acquired by nodename 4895@pr-hdds-1935-8bnx7-2419419324
2019-08-21 07:13:41,152 INFO  storage.RaftStorage (RaftStorage.java:format(72)) - Storage directory /workdir/hadoop-ozone/integration-test/target/test-dir/MiniOzoneClusterImpl-94ff2e65-e9dc-40d8-b5a4-a4b55580a6d4/datanode-2/data/ratis/8f60c17b-6936-4315-81c6-3d7466e0ae99 has been successfully formatted.
2019-08-21 07:13:41,153 INFO  ratis.ContainerStateMachine (ContainerStateMachine.java:loadSnapshot(222)) - group-3D7466E0AE99: The snapshot info is null. Setting the last applied indexto:(t:0, i:~)
2019-08-21 07:13:41,153 INFO  server.RaftServerConfigKeys (ConfUtils.java:logGet(43)) - raft.server.leader.election.timeout = 120s (custom)
2019-08-21 07:13:41,153 INFO  server.RaftServerConfigKeys (ConfUtils.java:logGet(43)) - raft.server.log.use.memory = false (default)
2019-08-21 07:13:41,153 INFO  server.RaftServerConfigKeys (ConfUtils.java:logGet(43)) - raft.server.log.purge.gap = 1000000000 (custom)
2019-08-21 07:13:41,153 INFO  server.RaftServerConfigKeys (ConfUtils.java:logGet(43)) - raft.server.log.appender.buffer.byte-limit = 33554432 (custom)
2019-08-21 07:13:41,153 INFO  server.RaftServerConfigKeys (ConfUtils.java:logGet(43)) - raft.server.log.segment.size.max = 1048576 (custom)
2019-08-21 07:13:41,154 INFO  server.RaftServerConfigKeys (ConfUtils.java:logGet(43)) - raft.server.log.segment.cache.num.max = 2 (custom)
2019-08-21 07:13:41,154 INFO  segmented.SegmentedRaftLogWorker (SegmentedRaftLogWorker.java:<init>(172)) - new 65370939-d58a-4d15-8f1f-74ec23e08016-SegmentedRaftLogWorker:Storage Directory /workdir/hadoop-ozone/integration-test/target/test-dir/MiniOzoneClusterImpl-94ff2e65-e9dc-40d8-b5a4-a4b55580a6d4/datanode-2/data/ratis/8f60c17b-6936-4315-81c6-3d7466e0ae99 for RaftStorage:Storage Directory /workdir/hadoop-ozone/integration-test/target/test-dir/MiniOzoneClusterImpl-94ff2e65-e9dc-40d8-b5a4-a4b55580a6d4/datanode-2/data/ratis/8f60c17b-6936-4315-81c6-3d7466e0ae99
2019-08-21 07:13:41,154 INFO  server.RaftServerConfigKeys (ConfUtils.java:logGet(43)) - raft.server.log.queue.byte-limit = 2147483647 (custom)
2019-08-21 07:13:41,154 INFO  server.RaftServerConfigKeys (ConfUtils.java:logGet(43)) - raft.server.log.queue.element-limit = 1024 (custom)
2019-08-21 07:13:41,154 INFO  server.RaftServerConfigKeys (ConfUtils.java:logGet(43)) - raft.server.log.segment.size.max = 1048576 (custom)
2019-08-21 07:13:41,155 INFO  server.RaftServerConfigKeys (ConfUtils.java:logGet(43)) - raft.server.log.preallocated.size = 16384 (custom)
2019-08-21 07:13:41,155 INFO  server.RaftServerConfigKeys (ConfUtils.java:logGet(43)) - raft.server.log.write.buffer.size = 33554432 (custom)
2019-08-21 07:13:41,155 INFO  server.RaftServerConfigKeys (ConfUtils.java:logGet(43)) - raft.server.log.force.sync.num = 128 (default)
2019-08-21 07:13:41,155 INFO  server.RaftServerConfigKeys (ConfUtils.java:logGet(43)) - raft.server.log.statemachine.data.sync = true (default)
2019-08-21 07:13:41,155 INFO  server.RaftServerConfigKeys (ConfUtils.java:logGet(43)) - raft.server.log.statemachine.data.sync.timeout = 10s (default)
2019-08-21 07:13:41,155 INFO  server.RaftServerConfigKeys (ConfUtils.java:logGet(43)) - raft.server.log.statemachine.data.sync.timeout.retry = -1 (default)
2019-08-21 07:13:41,156 INFO  server.RaftServerConfigKeys (ConfUtils.java:logGet(43)) - raft.server.log.statemachine.data.caching.enabled = true (custom)
2019-08-21 07:13:41,156 INFO  segmented.SegmentedRaftLogWorker (SegmentedRaftLogWorker.java:lambda$new$0(132)) - 65370939-d58a-4d15-8f1f-74ec23e08016-SegmentedRaftLogWorker:Storage Directory /workdir/hadoop-ozone/integration-test/target/test-dir/MiniOzoneClusterImpl-94ff2e65-e9dc-40d8-b5a4-a4b55580a6d4/datanode-2/data/ratis/8f60c17b-6936-4315-81c6-3d7466e0ae99: flushIndex: setUnconditionally 0 -> -1
2019-08-21 07:13:41,156 INFO  server.RaftServerConfigKeys (ConfUtils.java:logGet(43)) - raft.server.snapshot.auto.trigger.enabled = true (custom)
2019-08-21 07:13:41,157 INFO  server.RaftServerConfigKeys (ConfUtils.java:logGet(43)) - raft.server.snapshot.auto.trigger.threshold = 10000 (custom)
2019-08-21 07:13:41,157 INFO  server.RaftServerConfigKeys (ConfUtils.java:logGet(43)) - raft.server.retrycache.expirytime = 600000ms (custom)
2019-08-21 07:13:41,157 INFO  impl.RaftServerImpl (RaftServerImpl.java:start(180)) - 65370939-d58a-4d15-8f1f-74ec23e08016: start group-3D7466E0AE99
2019-08-21 07:13:41,157 INFO  impl.RaftServerImpl (RaftServerImpl.java:setRole(171)) - 65370939-d58a-4d15-8f1f-74ec23e08016:group-3D7466E0AE99 changes role from null to FOLLOWER at term 0 for startAsFollower
2019-08-21 07:13:41,157 INFO  impl.RoleInfo (RoleInfo.java:updateAndGet(143)) - 65370939-d58a-4d15-8f1f-74ec23e08016: start FollowerState
2019-08-21 07:13:41,158 INFO  util.JmxRegister (JmxRegister.java:tryRegister(44)) - Successfully registered JMX Bean with object name Ratis:service=RaftServer,group=group-3D7466E0AE99,id=65370939-d58a-4d15-8f1f-74ec23e08016
2019-08-21 07:13:41,165 INFO  pipeline.PipelineStateManager (PipelineStateManager.java:addPipeline(56)) - Created pipeline Pipeline[ Id: 8f60c17b-6936-4315-81c6-3d7466e0ae99, Nodes: 65370939-d58a-4d15-8f1f-74ec23e08016{ip: 192.168.36.89, host: pr-hdds-1935-8bnx7-2419419324, networkLocation: /default-rack, certSerialId: null}, Type:RATIS, Factor:ONE, State:OPEN]
2019-08-21 07:13:41,192 INFO  impl.RaftServerProxy (RaftServerProxy.java:addNew(89)) - 65370939-d58a-4d15-8f1f-74ec23e08016: addNew group-8A85C84074F6:[21b1adc9-354e-4e99-9e4c-107100af86a3:192.168.36.89:44091, 59272499-6723-441f-bb93-d5b089b2dd3f:192.168.36.89:42511, 65370939-d58a-4d15-8f1f-74ec23e08016:192.168.36.89:34069] returns group-8A85C84074F6:java.util.concurrent.CompletableFuture@50809675[Not completed]
2019-08-21 07:13:41,192 INFO  impl.RaftServerProxy (RaftServerProxy.java:addNew(89)) - 21b1adc9-354e-4e99-9e4c-107100af86a3: addNew group-8A85C84074F6:[21b1adc9-354e-4e99-9e4c-107100af86a3:192.168.36.89:44091, 59272499-6723-441f-bb93-d5b089b2dd3f:192.168.36.89:42511, 65370939-d58a-4d15-8f1f-74ec23e08016:192.168.36.89:34069] returns group-8A85C84074F6:java.util.concurrent.CompletableFuture@78110fcd[Not completed]
2019-08-21 07:13:41,192 INFO  impl.RaftServerProxy (RaftServerProxy.java:addNew(89)) - 59272499-6723-441f-bb93-d5b089b2dd3f: addNew group-8A85C84074F6:[21b1adc9-354e-4e99-9e4c-107100af86a3:192.168.36.89:44091, 59272499-6723-441f-bb93-d5b089b2dd3f:192.168.36.89:42511, 65370939-d58a-4d15-8f1f-74ec23e08016:192.168.36.89:34069] returns group-8A85C84074F6:java.util.concurrent.CompletableFuture@5dfe2d01[Not completed]
2019-08-21 07:13:41,193 INFO  impl.RaftServerImpl (RaftServerImpl.java:<init>(93)) - 65370939-d58a-4d15-8f1f-74ec23e08016: new RaftServerImpl for group-8A85C84074F6:[21b1adc9-354e-4e99-9e4c-107100af86a3:192.168.36.89:44091, 59272499-6723-441f-bb93-d5b089b2dd3f:192.168.36.89:42511, 65370939-d58a-4d15-8f1f-74ec23e08016:192.168.36.89:34069] with ContainerStateMachine:uninitialized
2019-08-21 07:13:41,194 INFO  server.RaftServerConfigKeys (ConfUtils.java:logGet(43)) - raft.server.rpc.timeout.min = 5s (custom)
2019-08-21 07:13:41,194 INFO  server.RaftServerConfigKeys (ConfUtils.java:logGet(43)) - raft.server.rpc.timeout.max = 5200ms (custom)
2019-08-21 07:13:41,194 INFO  impl.RaftServerImpl (RaftServerImpl.java:<init>(93)) - 21b1adc9-354e-4e99-9e4c-107100af86a3: new RaftServerImpl for group-8A85C84074F6:[21b1adc9-354e-4e99-9e4c-107100af86a3:192.168.36.89:44091, 59272499-6723-441f-bb93-d5b089b2dd3f:192.168.36.89:42511, 65370939-d58a-4d15-8f1f-74ec23e08016:192.168.36.89:34069] with ContainerStateMachine:uninitialized
2019-08-21 07:13:41,194 INFO  server.RaftServerConfigKeys (ConfUtils.java:logGet(43)) - raft.server.rpcslowness.timeout = 120s (custom)
2019-08-21 07:13:41,194 INFO  server.RaftServerConfigKeys (ConfUtils.java:logGet(43)) - raft.server.rpc.timeout.min = 5s (custom)
2019-08-21 07:13:41,194 INFO  server.RaftServerConfigKeys (ConfUtils.java:logGet(43)) - raft.server.sleep.deviation.threshold = 300 (default)
2019-08-21 07:13:41,194 INFO  server.RaftServerConfigKeys (ConfUtils.java:logGet(43)) - raft.server.rpc.timeout.max = 5200ms (custom)
2019-08-21 07:13:41,194 INFO  server.RaftServerConfigKeys (ConfUtils.java:logGet(43)) - raft.server.log.appender.install.snapshot.enabled = false (custom)
2019-08-21 07:13:41,194 INFO  server.RaftServerConfigKeys (ConfUtils.java:logGet(43)) - raft.server.rpcslowness.timeout = 120s (custom)
2019-08-21 07:13:41,195 INFO  impl.RaftServerImpl (ServerState.java:<init>(105)) - 65370939-d58a-4d15-8f1f-74ec23e08016:group-8A85C84074F6 ConfigurationManager, init=-1: [21b1adc9-354e-4e99-9e4c-107100af86a3:192.168.36.89:44091, 59272499-6723-441f-bb93-d5b089b2dd3f:192.168.36.89:42511, 65370939-d58a-4d15-8f1f-74ec23e08016:192.168.36.89:34069], old=null, confs=<EMPTY_MAP>
2019-08-21 07:13:41,195 INFO  impl.RaftServerImpl (RaftServerImpl.java:<init>(93)) - 59272499-6723-441f-bb93-d5b089b2dd3f: new RaftServerImpl for group-8A85C84074F6:[21b1adc9-354e-4e99-9e4c-107100af86a3:192.168.36.89:44091, 59272499-6723-441f-bb93-d5b089b2dd3f:192.168.36.89:42511, 65370939-d58a-4d15-8f1f-74ec23e08016:192.168.36.89:34069] with ContainerStateMachine:uninitialized
2019-08-21 07:13:41,195 INFO  server.RaftServerConfigKeys (ConfUtils.java:logGet(43)) - raft.server.sleep.deviation.threshold = 300 (default)
2019-08-21 07:13:41,195 INFO  server.RaftServerConfigKeys (ConfUtils.java:logGet(43)) - raft.server.rpc.timeout.min = 5s (custom)
2019-08-21 07:13:41,195 INFO  server.RaftServerConfigKeys (ConfUtils.java:logGet(43)) - raft.server.storage.dir = [/workdir/hadoop-ozone/integration-test/target/test-dir/MiniOzoneClusterImpl-94ff2e65-e9dc-40d8-b5a4-a4b55580a6d4/datanode-2/data/ratis] (custom)
2019-08-21 07:13:41,195 INFO  server.RaftServerConfigKeys (ConfUtils.java:logGet(43)) - raft.server.rpc.timeout.max = 5200ms (custom)
2019-08-21 07:13:41,195 INFO  server.RaftServerConfigKeys (ConfUtils.java:logGet(43)) - raft.server.log.appender.install.snapshot.enabled = false (custom)
2019-08-21 07:13:41,195 INFO  server.RaftServerConfigKeys (ConfUtils.java:logGet(43)) - raft.server.rpcslowness.timeout = 120s (custom)
2019-08-21 07:13:41,196 INFO  impl.RaftServerImpl (ServerState.java:<init>(105)) - 21b1adc9-354e-4e99-9e4c-107100af86a3:group-8A85C84074F6 ConfigurationManager, init=-1: [21b1adc9-354e-4e99-9e4c-107100af86a3:192.168.36.89:44091, 59272499-6723-441f-bb93-d5b089b2dd3f:192.168.36.89:42511, 65370939-d58a-4d15-8f1f-74ec23e08016:192.168.36.89:34069], old=null, confs=<EMPTY_MAP>
2019-08-21 07:13:41,195 INFO  storage.RaftStorageDirectory (RaftStorageDirectory.java:analyzeStorage(246)) - The storage directory /workdir/hadoop-ozone/integration-test/target/test-dir/MiniOzoneClusterImpl-94ff2e65-e9dc-40d8-b5a4-a4b55580a6d4/datanode-2/data/ratis/7c5558d0-ad2e-4d0d-a267-8a85c84074f6 does not exist. Creating ...
2019-08-21 07:13:41,196 INFO  server.RaftServerConfigKeys (ConfUtils.java:logGet(43)) - raft.server.storage.dir = [/workdir/hadoop-ozone/integration-test/target/test-dir/MiniOzoneClusterImpl-94ff2e65-e9dc-40d8-b5a4-a4b55580a6d4/datanode-1/data/ratis] (custom)
2019-08-21 07:13:41,196 INFO  server.RaftServerConfigKeys (ConfUtils.java:logGet(43)) - raft.server.sleep.deviation.threshold = 300 (default)
2019-08-21 07:13:41,196 INFO  server.RaftServerConfigKeys (ConfUtils.java:logGet(43)) - raft.server.log.appender.install.snapshot.enabled = false (custom)
2019-08-21 07:13:41,196 INFO  storage.RaftStorageDirectory (RaftStorageDirectory.java:analyzeStorage(246)) - The storage directory /workdir/hadoop-ozone/integration-test/target/test-dir/MiniOzoneClusterImpl-94ff2e65-e9dc-40d8-b5a4-a4b55580a6d4/datanode-1/data/ratis/7c5558d0-ad2e-4d0d-a267-8a85c84074f6 does not exist. Creating ...
2019-08-21 07:13:41,196 INFO  impl.RaftServerImpl (ServerState.java:<init>(105)) - 59272499-6723-441f-bb93-d5b089b2dd3f:group-8A85C84074F6 ConfigurationManager, init=-1: [21b1adc9-354e-4e99-9e4c-107100af86a3:192.168.36.89:44091, 59272499-6723-441f-bb93-d5b089b2dd3f:192.168.36.89:42511, 65370939-d58a-4d15-8f1f-74ec23e08016:192.168.36.89:34069], old=null, confs=<EMPTY_MAP>
2019-08-21 07:13:41,196 INFO  server.RaftServerConfigKeys (ConfUtils.java:logGet(43)) - raft.server.storage.dir = [/workdir/hadoop-ozone/integration-test/target/test-dir/MiniOzoneClusterImpl-94ff2e65-e9dc-40d8-b5a4-a4b55580a6d4/datanode-0/data/ratis] (custom)
2019-08-21 07:13:41,197 INFO  storage.RaftStorageDirectory (RaftStorageDirectory.java:analyzeStorage(246)) - The storage directory /workdir/hadoop-ozone/integration-test/target/test-dir/MiniOzoneClusterImpl-94ff2e65-e9dc-40d8-b5a4-a4b55580a6d4/datanode-0/data/ratis/7c5558d0-ad2e-4d0d-a267-8a85c84074f6 does not exist. Creating ...
2019-08-21 07:13:41,211 INFO  storage.RaftStorageDirectory (RaftStorageDirectory.java:tryLock(328)) - Lock on /workdir/hadoop-ozone/integration-test/target/test-dir/MiniOzoneClusterImpl-94ff2e65-e9dc-40d8-b5a4-a4b55580a6d4/datanode-0/data/ratis/7c5558d0-ad2e-4d0d-a267-8a85c84074f6/in_use.lock acquired by nodename 4895@pr-hdds-1935-8bnx7-2419419324
2019-08-21 07:13:41,211 INFO  storage.RaftStorageDirectory (RaftStorageDirectory.java:tryLock(328)) - Lock on /workdir/hadoop-ozone/integration-test/target/test-dir/MiniOzoneClusterImpl-94ff2e65-e9dc-40d8-b5a4-a4b55580a6d4/datanode-2/data/ratis/7c5558d0-ad2e-4d0d-a267-8a85c84074f6/in_use.lock acquired by nodename 4895@pr-hdds-1935-8bnx7-2419419324
2019-08-21 07:13:41,211 INFO  storage.RaftStorageDirectory (RaftStorageDirectory.java:tryLock(328)) - Lock on /workdir/hadoop-ozone/integration-test/target/test-dir/MiniOzoneClusterImpl-94ff2e65-e9dc-40d8-b5a4-a4b55580a6d4/datanode-1/data/ratis/7c5558d0-ad2e-4d0d-a267-8a85c84074f6/in_use.lock acquired by nodename 4895@pr-hdds-1935-8bnx7-2419419324
2019-08-21 07:13:41,227 INFO  storage.RaftStorage (RaftStorage.java:format(72)) - Storage directory /workdir/hadoop-ozone/integration-test/target/test-dir/MiniOzoneClusterImpl-94ff2e65-e9dc-40d8-b5a4-a4b55580a6d4/datanode-1/data/ratis/7c5558d0-ad2e-4d0d-a267-8a85c84074f6 has been successfully formatted.
2019-08-21 07:13:41,227 INFO  storage.RaftStorage (RaftStorage.java:format(72)) - Storage directory /workdir/hadoop-ozone/integration-test/target/test-dir/MiniOzoneClusterImpl-94ff2e65-e9dc-40d8-b5a4-a4b55580a6d4/datanode-0/data/ratis/7c5558d0-ad2e-4d0d-a267-8a85c84074f6 has been successfully formatted.
2019-08-21 07:13:41,227 INFO  storage.RaftStorage (RaftStorage.java:format(72)) - Storage directory /workdir/hadoop-ozone/integration-test/target/test-dir/MiniOzoneClusterImpl-94ff2e65-e9dc-40d8-b5a4-a4b55580a6d4/datanode-2/data/ratis/7c5558d0-ad2e-4d0d-a267-8a85c84074f6 has been successfully formatted.
2019-08-21 07:13:41,228 INFO  ratis.ContainerStateMachine (ContainerStateMachine.java:loadSnapshot(222)) - group-8A85C84074F6: The snapshot info is null. Setting the last applied indexto:(t:0, i:~)
2019-08-21 07:13:41,228 INFO  ratis.ContainerStateMachine (ContainerStateMachine.java:loadSnapshot(222)) - group-8A85C84074F6: The snapshot info is null. Setting the last applied indexto:(t:0, i:~)
2019-08-21 07:13:41,228 INFO  server.RaftServerConfigKeys (ConfUtils.java:logGet(43)) - raft.server.leader.election.timeout = 120s (custom)
2019-08-21 07:13:41,228 INFO  ratis.ContainerStateMachine (ContainerStateMachine.java:loadSnapshot(222)) - group-8A85C84074F6: The snapshot info is null. Setting the last applied indexto:(t:0, i:~)
2019-08-21 07:13:41,228 INFO  server.RaftServerConfigKeys (ConfUtils.java:logGet(43)) - raft.server.log.use.memory = false (default)
2019-08-21 07:13:41,228 INFO  server.RaftServerConfigKeys (ConfUtils.java:logGet(43)) - raft.server.leader.election.timeout = 120s (custom)
2019-08-21 07:13:41,228 INFO  server.RaftServerConfigKeys (ConfUtils.java:logGet(43)) - raft.server.log.purge.gap = 1000000000 (custom)
2019-08-21 07:13:41,228 INFO  server.RaftServerConfigKeys (ConfUtils.java:logGet(43)) - raft.server.leader.election.timeout = 120s (custom)
2019-08-21 07:13:41,229 INFO  server.RaftServerConfigKeys (ConfUtils.java:logGet(43)) - raft.server.log.appender.buffer.byte-limit = 33554432 (custom)
2019-08-21 07:13:41,229 INFO  server.RaftServerConfigKeys (ConfUtils.java:logGet(43)) - raft.server.log.use.memory = false (default)
2019-08-21 07:13:41,229 INFO  server.RaftServerConfigKeys (ConfUtils.java:logGet(43)) - raft.server.log.segment.size.max = 1048576 (custom)
2019-08-21 07:13:41,229 INFO  server.RaftServerConfigKeys (ConfUtils.java:logGet(43)) - raft.server.log.use.memory = false (default)
2019-08-21 07:13:41,229 INFO  server.RaftServerConfigKeys (ConfUtils.java:logGet(43)) - raft.server.log.segment.cache.num.max = 2 (custom)
2019-08-21 07:13:41,229 INFO  server.RaftServerConfigKeys (ConfUtils.java:logGet(43)) - raft.server.log.purge.gap = 1000000000 (custom)
2019-08-21 07:13:41,229 INFO  segmented.SegmentedRaftLogWorker (SegmentedRaftLogWorker.java:<init>(172)) - new 21b1adc9-354e-4e99-9e4c-107100af86a3-SegmentedRaftLogWorker:Storage Directory /workdir/hadoop-ozone/integration-test/target/test-dir/MiniOzoneClusterImpl-94ff2e65-e9dc-40d8-b5a4-a4b55580a6d4/datanode-1/data/ratis/7c5558d0-ad2e-4d0d-a267-8a85c84074f6 for RaftStorage:Storage Directory /workdir/hadoop-ozone/integration-test/target/test-dir/MiniOzoneClusterImpl-94ff2e65-e9dc-40d8-b5a4-a4b55580a6d4/datanode-1/data/ratis/7c5558d0-ad2e-4d0d-a267-8a85c84074f6
2019-08-21 07:13:41,229 INFO  server.RaftServerConfigKeys (ConfUtils.java:logGet(43)) - raft.server.log.purge.gap = 1000000000 (custom)
2019-08-21 07:13:41,229 INFO  server.RaftServerConfigKeys (ConfUtils.java:logGet(43)) - raft.server.log.queue.byte-limit = 2147483647 (custom)
2019-08-21 07:13:41,229 INFO  server.RaftServerConfigKeys (ConfUtils.java:logGet(43)) - raft.server.log.appender.buffer.byte-limit = 33554432 (custom)
2019-08-21 07:13:41,230 INFO  server.RaftServerConfigKeys (ConfUtils.java:logGet(43)) - raft.server.log.queue.element-limit = 1024 (custom)
2019-08-21 07:13:41,230 INFO  server.RaftServerConfigKeys (ConfUtils.java:logGet(43)) - raft.server.log.appender.buffer.byte-limit = 33554432 (custom)
2019-08-21 07:13:41,230 INFO  server.RaftServerConfigKeys (ConfUtils.java:logGet(43)) - raft.server.log.segment.size.max = 1048576 (custom)
2019-08-21 07:13:41,230 INFO  server.RaftServerConfigKeys (ConfUtils.java:logGet(43)) - raft.server.log.segment.size.max = 1048576 (custom)
2019-08-21 07:13:41,230 INFO  server.RaftServerConfigKeys (ConfUtils.java:logGet(43)) - raft.server.log.preallocated.size = 16384 (custom)
2019-08-21 07:13:41,230 INFO  server.RaftServerConfigKeys (ConfUtils.java:logGet(43)) - raft.server.log.segment.size.max = 1048576 (custom)
2019-08-21 07:13:41,230 INFO  server.RaftServerConfigKeys (ConfUtils.java:logGet(43)) - raft.server.log.write.buffer.size = 33554432 (custom)
2019-08-21 07:13:41,230 INFO  server.RaftServerConfigKeys (ConfUtils.java:logGet(43)) - raft.server.log.segment.cache.num.max = 2 (custom)
2019-08-21 07:13:41,231 INFO  server.RaftServerConfigKeys (ConfUtils.java:logGet(43)) - raft.server.log.force.sync.num = 128 (default)
2019-08-21 07:13:41,230 INFO  server.RaftServerConfigKeys (ConfUtils.java:logGet(43)) - raft.server.log.segment.cache.num.max = 2 (custom)
2019-08-21 07:13:41,231 INFO  server.RaftServerConfigKeys (ConfUtils.java:logGet(43)) - raft.server.log.statemachine.data.sync = true (default)
2019-08-21 07:13:41,231 INFO  segmented.SegmentedRaftLogWorker (SegmentedRaftLogWorker.java:<init>(172)) - new 59272499-6723-441f-bb93-d5b089b2dd3f-SegmentedRaftLogWorker:Storage Directory /workdir/hadoop-ozone/integration-test/target/test-dir/MiniOzoneClusterImpl-94ff2e65-e9dc-40d8-b5a4-a4b55580a6d4/datanode-0/data/ratis/7c5558d0-ad2e-4d0d-a267-8a85c84074f6 for RaftStorage:Storage Directory /workdir/hadoop-ozone/integration-test/target/test-dir/MiniOzoneClusterImpl-94ff2e65-e9dc-40d8-b5a4-a4b55580a6d4/datanode-0/data/ratis/7c5558d0-ad2e-4d0d-a267-8a85c84074f6
2019-08-21 07:13:41,231 INFO  server.RaftServerConfigKeys (ConfUtils.java:logGet(43)) - raft.server.log.statemachine.data.sync.timeout = 10s (default)
2019-08-21 07:13:41,231 INFO  segmented.SegmentedRaftLogWorker (SegmentedRaftLogWorker.java:<init>(172)) - new 65370939-d58a-4d15-8f1f-74ec23e08016-SegmentedRaftLogWorker:Storage Directory /workdir/hadoop-ozone/integration-test/target/test-dir/MiniOzoneClusterImpl-94ff2e65-e9dc-40d8-b5a4-a4b55580a6d4/datanode-2/data/ratis/7c5558d0-ad2e-4d0d-a267-8a85c84074f6 for RaftStorage:Storage Directory /workdir/hadoop-ozone/integration-test/target/test-dir/MiniOzoneClusterImpl-94ff2e65-e9dc-40d8-b5a4-a4b55580a6d4/datanode-2/data/ratis/7c5558d0-ad2e-4d0d-a267-8a85c84074f6
2019-08-21 07:13:41,231 INFO  server.RaftServerConfigKeys (ConfUtils.java:logGet(43)) - raft.server.log.statemachine.data.sync.timeout.retry = -1 (default)
2019-08-21 07:13:41,231 INFO  server.RaftServerConfigKeys (ConfUtils.java:logGet(43)) - raft.server.log.queue.byte-limit = 2147483647 (custom)
2019-08-21 07:13:41,231 INFO  server.RaftServerConfigKeys (ConfUtils.java:logGet(43)) - raft.server.log.statemachine.data.caching.enabled = true (custom)
2019-08-21 07:13:41,231 INFO  server.RaftServerConfigKeys (ConfUtils.java:logGet(43)) - raft.server.log.queue.byte-limit = 2147483647 (custom)
2019-08-21 07:13:41,231 INFO  server.RaftServerConfigKeys (ConfUtils.java:logGet(43)) - raft.server.log.queue.element-limit = 1024 (custom)
2019-08-21 07:13:41,232 INFO  segmented.SegmentedRaftLogWorker (SegmentedRaftLogWorker.java:lambda$new$0(132)) - 21b1adc9-354e-4e99-9e4c-107100af86a3-SegmentedRaftLogWorker:Storage Directory /workdir/hadoop-ozone/integration-test/target/test-dir/MiniOzoneClusterImpl-94ff2e65-e9dc-40d8-b5a4-a4b55580a6d4/datanode-1/data/ratis/7c5558d0-ad2e-4d0d-a267-8a85c84074f6: flushIndex: setUnconditionally 0 -> -1
2019-08-21 07:13:41,232 INFO  server.RaftServerConfigKeys (ConfUtils.java:logGet(43)) - raft.server.log.queue.element-limit = 1024 (custom)
2019-08-21 07:13:41,232 INFO  server.RaftServerConfigKeys (ConfUtils.java:logGet(43)) - raft.server.log.segment.size.max = 1048576 (custom)
2019-08-21 07:13:41,232 INFO  server.RaftServerConfigKeys (ConfUtils.java:logGet(43)) - raft.server.snapshot.auto.trigger.enabled = true (custom)
2019-08-21 07:13:41,232 INFO  server.RaftServerConfigKeys (ConfUtils.java:logGet(43)) - raft.server.log.segment.size.max = 1048576 (custom)
2019-08-21 07:13:41,232 INFO  server.RaftServerConfigKeys (ConfUtils.java:logGet(43)) - raft.server.snapshot.auto.trigger.threshold = 10000 (custom)
2019-08-21 07:13:41,232 INFO  server.RaftServerConfigKeys (ConfUtils.java:logGet(43)) - raft.server.log.preallocated.size = 16384 (custom)
2019-08-21 07:13:41,232 INFO  server.RaftServerConfigKeys (ConfUtils.java:logGet(43)) - raft.server.retrycache.expirytime = 600000ms (custom)
2019-08-21 07:13:41,232 INFO  server.RaftServerConfigKeys (ConfUtils.java:logGet(43)) - raft.server.log.preallocated.size = 16384 (custom)
2019-08-21 07:13:41,232 INFO  server.RaftServerConfigKeys (ConfUtils.java:logGet(43)) - raft.server.log.write.buffer.size = 33554432 (custom)
2019-08-21 07:13:41,233 INFO  server.RaftServerConfigKeys (ConfUtils.java:logGet(43)) - raft.server.log.write.buffer.size = 33554432 (custom)
2019-08-21 07:13:41,233 INFO  impl.RaftServerImpl (RaftServerImpl.java:start(180)) - 21b1adc9-354e-4e99-9e4c-107100af86a3: start group-8A85C84074F6
2019-08-21 07:13:41,233 INFO  server.RaftServerConfigKeys (ConfUtils.java:logGet(43)) - raft.server.log.force.sync.num = 128 (default)
2019-08-21 07:13:41,233 INFO  server.RaftServerConfigKeys (ConfUtils.java:logGet(43)) - raft.server.log.force.sync.num = 128 (default)
2019-08-21 07:13:41,233 INFO  server.RaftServerConfigKeys (ConfUtils.java:logGet(43)) - raft.server.log.statemachine.data.sync = true (default)
2019-08-21 07:13:41,233 INFO  impl.RaftServerImpl (RaftServerImpl.java:setRole(171)) - 21b1adc9-354e-4e99-9e4c-107100af86a3:group-8A85C84074F6 changes role from null to FOLLOWER at term 0 for startAsFollower
2019-08-21 07:13:41,233 INFO  server.RaftServerConfigKeys (ConfUtils.java:logGet(43)) - raft.server.log.statemachine.data.sync.timeout = 10s (default)
2019-08-21 07:13:41,233 INFO  server.RaftServerConfigKeys (ConfUtils.java:logGet(43)) - raft.server.log.statemachine.data.sync = true (default)
2019-08-21 07:13:41,233 INFO  server.RaftServerConfigKeys (ConfUtils.java:logGet(43)) - raft.server.log.statemachine.data.sync.timeout.retry = -1 (default)
2019-08-21 07:13:41,233 INFO  impl.RoleInfo (RoleInfo.java:updateAndGet(143)) - 21b1adc9-354e-4e99-9e4c-107100af86a3: start FollowerState
2019-08-21 07:13:41,234 INFO  server.RaftServerConfigKeys (ConfUtils.java:logGet(43)) - raft.server.log.statemachine.data.caching.enabled = true (custom)
2019-08-21 07:13:41,234 INFO  server.RaftServerConfigKeys (ConfUtils.java:logGet(43)) - raft.server.log.statemachine.data.sync.timeout = 10s (default)
2019-08-21 07:13:41,234 INFO  segmented.SegmentedRaftLogWorker (SegmentedRaftLogWorker.java:lambda$new$0(132)) - 65370939-d58a-4d15-8f1f-74ec23e08016-SegmentedRaftLogWorker:Storage Directory /workdir/hadoop-ozone/integration-test/target/test-dir/MiniOzoneClusterImpl-94ff2e65-e9dc-40d8-b5a4-a4b55580a6d4/datanode-2/data/ratis/7c5558d0-ad2e-4d0d-a267-8a85c84074f6: flushIndex: setUnconditionally 0 -> -1
2019-08-21 07:13:41,234 INFO  server.RaftServerConfigKeys (ConfUtils.java:logGet(43)) - raft.server.log.statemachine.data.sync.timeout.retry = -1 (default)
2019-08-21 07:13:41,234 INFO  util.JmxRegister (JmxRegister.java:tryRegister(44)) - Successfully registered JMX Bean with object name Ratis:service=RaftServer,group=group-8A85C84074F6,id=21b1adc9-354e-4e99-9e4c-107100af86a3
2019-08-21 07:13:41,234 INFO  server.RaftServerConfigKeys (ConfUtils.java:logGet(43)) - raft.server.log.statemachine.data.caching.enabled = true (custom)
2019-08-21 07:13:41,234 INFO  server.RaftServerConfigKeys (ConfUtils.java:logGet(43)) - raft.server.snapshot.auto.trigger.enabled = true (custom)
2019-08-21 07:13:41,235 INFO  segmented.SegmentedRaftLogWorker (SegmentedRaftLogWorker.java:lambda$new$0(132)) - 59272499-6723-441f-bb93-d5b089b2dd3f-SegmentedRaftLogWorker:Storage Directory /workdir/hadoop-ozone/integration-test/target/test-dir/MiniOzoneClusterImpl-94ff2e65-e9dc-40d8-b5a4-a4b55580a6d4/datanode-0/data/ratis/7c5558d0-ad2e-4d0d-a267-8a85c84074f6: flushIndex: setUnconditionally 0 -> -1
2019-08-21 07:13:41,235 INFO  server.RaftServerConfigKeys (ConfUtils.java:logGet(43)) - raft.server.snapshot.auto.trigger.threshold = 10000 (custom)
2019-08-21 07:13:41,235 INFO  server.RaftServerConfigKeys (ConfUtils.java:logGet(43)) - raft.server.snapshot.auto.trigger.enabled = true (custom)
2019-08-21 07:13:41,236 INFO  server.RaftServerConfigKeys (ConfUtils.java:logGet(43)) - raft.server.retrycache.expirytime = 600000ms (custom)
2019-08-21 07:13:41,237 INFO  server.RaftServerConfigKeys (ConfUtils.java:logGet(43)) - raft.server.snapshot.auto.trigger.threshold = 10000 (custom)
2019-08-21 07:13:41,237 INFO  impl.RaftServerImpl (RaftServerImpl.java:start(180)) - 65370939-d58a-4d15-8f1f-74ec23e08016: start group-8A85C84074F6
2019-08-21 07:13:41,237 INFO  server.RaftServerConfigKeys (ConfUtils.java:logGet(43)) - raft.server.retrycache.expirytime = 600000ms (custom)
2019-08-21 07:13:41,237 INFO  impl.RaftServerImpl (RaftServerImpl.java:setRole(171)) - 65370939-d58a-4d15-8f1f-74ec23e08016:group-8A85C84074F6 changes role from null to FOLLOWER at term 0 for startAsFollower
2019-08-21 07:13:41,237 INFO  impl.RaftServerImpl (RaftServerImpl.java:start(180)) - 59272499-6723-441f-bb93-d5b089b2dd3f: start group-8A85C84074F6
2019-08-21 07:13:41,238 INFO  impl.RoleInfo (RoleInfo.java:updateAndGet(143)) - 65370939-d58a-4d15-8f1f-74ec23e08016: start FollowerState
2019-08-21 07:13:41,238 INFO  impl.RaftServerImpl (RaftServerImpl.java:setRole(171)) - 59272499-6723-441f-bb93-d5b089b2dd3f:group-8A85C84074F6 changes role from null to FOLLOWER at term 0 for startAsFollower
2019-08-21 07:13:41,238 INFO  impl.RoleInfo (RoleInfo.java:updateAndGet(143)) - 59272499-6723-441f-bb93-d5b089b2dd3f: start FollowerState
2019-08-21 07:13:41,239 INFO  util.JmxRegister (JmxRegister.java:tryRegister(44)) - Successfully registered JMX Bean with object name Ratis:service=RaftServer,group=group-8A85C84074F6,id=65370939-d58a-4d15-8f1f-74ec23e08016
2019-08-21 07:13:41,239 INFO  util.JmxRegister (JmxRegister.java:tryRegister(44)) - Successfully registered JMX Bean with object name Ratis:service=RaftServer,group=group-8A85C84074F6,id=59272499-6723-441f-bb93-d5b089b2dd3f
2019-08-21 07:13:41,244 INFO  pipeline.PipelineStateManager (PipelineStateManager.java:addPipeline(56)) - Created pipeline Pipeline[ Id: 7c5558d0-ad2e-4d0d-a267-8a85c84074f6, Nodes: 65370939-d58a-4d15-8f1f-74ec23e08016{ip: 192.168.36.89, host: pr-hdds-1935-8bnx7-2419419324, networkLocation: /default-rack, certSerialId: null}59272499-6723-441f-bb93-d5b089b2dd3f{ip: 192.168.36.89, host: pr-hdds-1935-8bnx7-2419419324, networkLocation: /default-rack, certSerialId: null}21b1adc9-354e-4e99-9e4c-107100af86a3{ip: 192.168.36.89, host: pr-hdds-1935-8bnx7-2419419324, networkLocation: /default-rack, certSerialId: null}, Type:RATIS, Factor:THREE, State:OPEN]
2019-08-21 07:13:42,082 INFO  ozone.MiniOzoneClusterImpl (MiniOzoneClusterImpl.java:lambda$waitForClusterToBeReady$0(142)) - Cluster is ready. Got 3 of 3 DN Heartbeats.
2019-08-21 07:13:42,084 INFO  datanode.ObjectStoreHandler (ObjectStoreHandler.java:close(155)) - Closing ObjectStoreHandler.
2019-08-21 07:13:42,084 INFO  ozone.HddsDatanodeService (HddsDatanodeService.java:stop(451)) - Stopped plug-in org.apache.hadoop.ozone.web.OzoneHddsDatanodeService@6d34327f
2019-08-21 07:13:42,667 INFO  statemachine.DatanodeStateMachine (DatanodeStateMachine.java:lambda$startDaemon$0(350)) - Ozone container server started.
2019-08-21 07:13:43,691 INFO  container.ReplicationManager (ReplicationManager.java:start(164)) - Starting Replication Monitor Thread.
2019-08-21 07:13:43,693 INFO  container.ReplicationManager (ReplicationManager.java:run(216)) - Replication Monitor Thread took 0 milliseconds for processing 0 containers.
2019-08-21 07:13:45,800 INFO  impl.FollowerState (FollowerState.java:run(106)) - 59272499-6723-441f-bb93-d5b089b2dd3f:group-4673422A28BC changes to CANDIDATE, lastRpcTime:5071, electionTimeout:5071ms
2019-08-21 07:13:45,801 INFO  impl.RoleInfo (RoleInfo.java:shutdownFollowerState(121)) - 59272499-6723-441f-bb93-d5b089b2dd3f: shutdown FollowerState
2019-08-21 07:13:45,801 INFO  impl.RaftServerImpl (RaftServerImpl.java:setRole(171)) - 59272499-6723-441f-bb93-d5b089b2dd3f:group-4673422A28BC changes role from FOLLOWER to CANDIDATE at term 0 for changeToCandidate
2019-08-21 07:13:45,801 INFO  impl.RoleInfo (RoleInfo.java:updateAndGet(143)) - 59272499-6723-441f-bb93-d5b089b2dd3f: start LeaderElection
2019-08-21 07:13:46,070 INFO  impl.FollowerState (FollowerState.java:run(106)) - 21b1adc9-354e-4e99-9e4c-107100af86a3:group-5DA1C92E844E changes to CANDIDATE, lastRpcTime:5124, electionTimeout:5124ms
2019-08-21 07:13:46,070 INFO  impl.RoleInfo (RoleInfo.java:shutdownFollowerState(121)) - 21b1adc9-354e-4e99-9e4c-107100af86a3: shutdown FollowerState
2019-08-21 07:13:46,070 INFO  impl.RaftServerImpl (RaftServerImpl.java:setRole(171)) - 21b1adc9-354e-4e99-9e4c-107100af86a3:group-5DA1C92E844E changes role from FOLLOWER to CANDIDATE at term 0 for changeToCandidate
2019-08-21 07:13:46,071 INFO  impl.RoleInfo (RoleInfo.java:updateAndGet(143)) - 21b1adc9-354e-4e99-9e4c-107100af86a3: start LeaderElection
2019-08-21 07:13:46,242 INFO  impl.FollowerState (FollowerState.java:run(106)) - 59272499-6723-441f-bb93-d5b089b2dd3f:group-8A85C84074F6 changes to CANDIDATE, lastRpcTime:5003, electionTimeout:5003ms
2019-08-21 07:13:46,242 INFO  impl.RoleInfo (RoleInfo.java:shutdownFollowerState(121)) - 59272499-6723-441f-bb93-d5b089b2dd3f: shutdown FollowerState
2019-08-21 07:13:46,242 INFO  impl.RaftServerImpl (RaftServerImpl.java:setRole(171)) - 59272499-6723-441f-bb93-d5b089b2dd3f:group-8A85C84074F6 changes role from FOLLOWER to CANDIDATE at term 0 for changeToCandidate
2019-08-21 07:13:46,243 INFO  impl.RoleInfo (RoleInfo.java:updateAndGet(143)) - 59272499-6723-441f-bb93-d5b089b2dd3f: start LeaderElection
2019-08-21 07:13:46,301 INFO  impl.FollowerState (FollowerState.java:run(106)) - 65370939-d58a-4d15-8f1f-74ec23e08016:group-8A85C84074F6 changes to CANDIDATE, lastRpcTime:5062, electionTimeout:5062ms
2019-08-21 07:13:46,301 INFO  impl.RoleInfo (RoleInfo.java:shutdownFollowerState(121)) - 65370939-d58a-4d15-8f1f-74ec23e08016: shutdown FollowerState
2019-08-21 07:13:46,301 INFO  impl.RaftServerImpl (RaftServerImpl.java:setRole(171)) - 65370939-d58a-4d15-8f1f-74ec23e08016:group-8A85C84074F6 changes role from FOLLOWER to CANDIDATE at term 0 for changeToCandidate
2019-08-21 07:13:46,301 INFO  impl.RoleInfo (RoleInfo.java:updateAndGet(143)) - 65370939-d58a-4d15-8f1f-74ec23e08016: start LeaderElection
2019-08-21 07:13:46,355 INFO  impl.FollowerState (FollowerState.java:run(106)) - 65370939-d58a-4d15-8f1f-74ec23e08016:group-3D7466E0AE99 changes to CANDIDATE, lastRpcTime:5197, electionTimeout:5197ms
2019-08-21 07:13:46,355 INFO  impl.RoleInfo (RoleInfo.java:shutdownFollowerState(121)) - 65370939-d58a-4d15-8f1f-74ec23e08016: shutdown FollowerState
2019-08-21 07:13:46,355 INFO  impl.RaftServerImpl (RaftServerImpl.java:setRole(171)) - 65370939-d58a-4d15-8f1f-74ec23e08016:group-3D7466E0AE99 changes role from FOLLOWER to CANDIDATE at term 0 for changeToCandidate
2019-08-21 07:13:46,355 INFO  impl.RoleInfo (RoleInfo.java:updateAndGet(143)) - 65370939-d58a-4d15-8f1f-74ec23e08016: start LeaderElection
2019-08-21 07:13:46,365 INFO  impl.FollowerState (FollowerState.java:run(106)) - 21b1adc9-354e-4e99-9e4c-107100af86a3:group-8A85C84074F6 changes to CANDIDATE, lastRpcTime:5131, electionTimeout:5131ms
2019-08-21 07:13:46,365 INFO  impl.RoleInfo (RoleInfo.java:shutdownFollowerState(121)) - 21b1adc9-354e-4e99-9e4c-107100af86a3: shutdown FollowerState
2019-08-21 07:13:46,365 INFO  impl.RaftServerImpl (RaftServerImpl.java:setRole(171)) - 21b1adc9-354e-4e99-9e4c-107100af86a3:group-8A85C84074F6 changes role from FOLLOWER to CANDIDATE at term 0 for changeToCandidate
2019-08-21 07:13:46,366 INFO  impl.RoleInfo (RoleInfo.java:updateAndGet(143)) - 21b1adc9-354e-4e99-9e4c-107100af86a3: start LeaderElection
2019-08-21 07:13:46,405 INFO  node.StaleNodeHandler (StaleNodeHandler.java:onMessage(58)) - Datanode 59272499-6723-441f-bb93-d5b089b2dd3f{ip: 192.168.36.89, host: pr-hdds-1935-8bnx7-2419419324, networkLocation: /default-rack, certSerialId: null} moved to stale state. Finalizing its pipelines [PipelineID=7c5558d0-ad2e-4d0d-a267-8a85c84074f6, PipelineID=a9d73eeb-070d-4251-8e7c-4673422a28bc]
2019-08-21 07:13:46,406 INFO  pipeline.SCMPipelineManager (SCMPipelineManager.java:finalizeAndDestroyPipeline(309)) - destroying pipeline:Pipeline[ Id: 7c5558d0-ad2e-4d0d-a267-8a85c84074f6, Nodes: 65370939-d58a-4d15-8f1f-74ec23e08016{ip: 192.168.36.89, host: pr-hdds-1935-8bnx7-2419419324, networkLocation: /default-rack, certSerialId: null}59272499-6723-441f-bb93-d5b089b2dd3f{ip: 192.168.36.89, host: pr-hdds-1935-8bnx7-2419419324, networkLocation: /default-rack, certSerialId: null}21b1adc9-354e-4e99-9e4c-107100af86a3{ip: 192.168.36.89, host: pr-hdds-1935-8bnx7-2419419324, networkLocation: /default-rack, certSerialId: null}, Type:RATIS, Factor:THREE, State:OPEN]
2019-08-21 07:13:46,406 INFO  pipeline.PipelineStateManager (PipelineStateManager.java:finalizePipeline(123)) - Pipeline Pipeline[ Id: 7c5558d0-ad2e-4d0d-a267-8a85c84074f6, Nodes: 65370939-d58a-4d15-8f1f-74ec23e08016{ip: 192.168.36.89, host: pr-hdds-1935-8bnx7-2419419324, networkLocation: /default-rack, certSerialId: null}59272499-6723-441f-bb93-d5b089b2dd3f{ip: 192.168.36.89, host: pr-hdds-1935-8bnx7-2419419324, networkLocation: /default-rack, certSerialId: null}21b1adc9-354e-4e99-9e4c-107100af86a3{ip: 192.168.36.89, host: pr-hdds-1935-8bnx7-2419419324, networkLocation: /default-rack, certSerialId: null}, Type:RATIS, Factor:THREE, State:CLOSED] moved to CLOSED state
2019-08-21 07:13:46,408 INFO  pipeline.SCMPipelineManager (SCMPipelineManager.java:finalizeAndDestroyPipeline(309)) - destroying pipeline:Pipeline[ Id: a9d73eeb-070d-4251-8e7c-4673422a28bc, Nodes: 59272499-6723-441f-bb93-d5b089b2dd3f{ip: 192.168.36.89, host: pr-hdds-1935-8bnx7-2419419324, networkLocation: /default-rack, certSerialId: null}, Type:RATIS, Factor:ONE, State:OPEN]
2019-08-21 07:13:46,408 INFO  pipeline.PipelineStateManager (PipelineStateManager.java:finalizePipeline(123)) - Pipeline Pipeline[ Id: a9d73eeb-070d-4251-8e7c-4673422a28bc, Nodes: 59272499-6723-441f-bb93-d5b089b2dd3f{ip: 192.168.36.89, host: pr-hdds-1935-8bnx7-2419419324, networkLocation: /default-rack, certSerialId: null}, Type:RATIS, Factor:ONE, State:CLOSED] moved to CLOSED state
2019-08-21 07:13:46,788 INFO  impl.LeaderElection (LeaderElection.java:askForVotes(181)) - 59272499-6723-441f-bb93-d5b089b2dd3f:group-4673422A28BC:LeaderElection14: begin an election at term 1 for -1: [59272499-6723-441f-bb93-d5b089b2dd3f:192.168.36.89:42511], old=null
2019-08-21 07:13:46,788 INFO  impl.LeaderElection (LeaderElection.java:askForVotes(181)) - 21b1adc9-354e-4e99-9e4c-107100af86a3:group-5DA1C92E844E:LeaderElection15: begin an election at term 1 for -1: [21b1adc9-354e-4e99-9e4c-107100af86a3:192.168.36.89:44091], old=null
2019-08-21 07:13:46,789 INFO  impl.RoleInfo (RoleInfo.java:shutdownLeaderElection(134)) - 59272499-6723-441f-bb93-d5b089b2dd3f: shutdown LeaderElection
2019-08-21 07:13:46,789 INFO  impl.RoleInfo (RoleInfo.java:shutdownLeaderElection(134)) - 21b1adc9-354e-4e99-9e4c-107100af86a3: shutdown LeaderElection
2019-08-21 07:13:46,789 INFO  impl.RaftServerImpl (RaftServerImpl.java:setRole(171)) - 59272499-6723-441f-bb93-d5b089b2dd3f:group-4673422A28BC changes role from CANDIDATE to LEADER at term 1 for changeToLeader
2019-08-21 07:13:46,789 INFO  impl.RaftServerImpl (RaftServerImpl.java:setRole(171)) - 21b1adc9-354e-4e99-9e4c-107100af86a3:group-5DA1C92E844E changes role from CANDIDATE to LEADER at term 1 for changeToLeader
2019-08-21 07:13:46,789 INFO  impl.RaftServerImpl (ServerState.java:setLeader(263)) - 59272499-6723-441f-bb93-d5b089b2dd3f:group-4673422A28BC change Leader from null to 59272499-6723-441f-bb93-d5b089b2dd3f at term 1 for becomeLeader, leader elected after 6064ms
2019-08-21 07:13:46,789 INFO  impl.RaftServerImpl (ServerState.java:setLeader(263)) - 21b1adc9-354e-4e99-9e4c-107100af86a3:group-5DA1C92E844E change Leader from null to 21b1adc9-354e-4e99-9e4c-107100af86a3 at term 1 for becomeLeader, leader elected after 5850ms
2019-08-21 07:13:46,790 INFO  server.RaftServerConfigKeys (ConfUtils.java:logGet(43)) - raft.server.staging.catchup.gap = 1000 (default)
2019-08-21 07:13:46,790 INFO  server.RaftServerConfigKeys (ConfUtils.java:logGet(43)) - raft.server.staging.catchup.gap = 1000 (default)
2019-08-21 07:13:46,790 INFO  server.RaftServerConfigKeys (ConfUtils.java:logGet(43)) - raft.server.rpc.sleep.time = 25ms (default)
2019-08-21 07:13:46,790 INFO  server.RaftServerConfigKeys (ConfUtils.java:logGet(43)) - raft.server.rpc.sleep.time = 25ms (default)
2019-08-21 07:13:46,790 INFO  server.RaftServerConfigKeys (ConfUtils.java:logGet(43)) - raft.server.write.element-limit = 4096 (default)
2019-08-21 07:13:46,790 INFO  server.RaftServerConfigKeys (ConfUtils.java:logGet(43)) - raft.server.write.element-limit = 4096 (default)
2019-08-21 07:13:46,791 INFO  server.RaftServerConfigKeys (ConfUtils.java:logGet(43)) - raft.server.watch.timeout = 10s (default)
2019-08-21 07:13:46,791 INFO  server.RaftServerConfigKeys (ConfUtils.java:logGet(43)) - raft.server.watch.timeout = 10s (default)
2019-08-21 07:13:46,791 INFO  server.RaftServerConfigKeys (ConfUtils.java:logGet(43)) - raft.server.watch.timeout.denomination = 1s (default)
2019-08-21 07:13:46,791 INFO  server.RaftServerConfigKeys (ConfUtils.java:logGet(43)) - raft.server.watch.timeout.denomination = 1s (default)
2019-08-21 07:13:46,791 INFO  server.RaftServerConfigKeys (ConfUtils.java:logGet(43)) - raft.server.watch.element-limit = 65536 (default)
2019-08-21 07:13:46,792 INFO  server.RaftServerConfigKeys (ConfUtils.java:logGet(43)) - raft.server.watch.element-limit = 65536 (default)
2019-08-21 07:13:46,792 INFO  impl.RoleInfo (RoleInfo.java:updateAndGet(143)) - 59272499-6723-441f-bb93-d5b089b2dd3f: start LeaderState
2019-08-21 07:13:46,792 INFO  impl.RoleInfo (RoleInfo.java:updateAndGet(143)) - 21b1adc9-354e-4e99-9e4c-107100af86a3: start LeaderState
2019-08-21 07:13:46,793 INFO  segmented.SegmentedRaftLogWorker (SegmentedRaftLogWorker.java:startLogSegment(380)) - 21b1adc9-354e-4e99-9e4c-107100af86a3-SegmentedRaftLogWorker:Storage Directory /workdir/hadoop-ozone/integration-test/target/test-dir/MiniOzoneClusterImpl-94ff2e65-e9dc-40d8-b5a4-a4b55580a6d4/datanode-1/data/ratis/53f25904-83da-43f2-b12a-5da1c92e844e: Starting segment from index:0
2019-08-21 07:13:46,793 INFO  segmented.SegmentedRaftLogWorker (SegmentedRaftLogWorker.java:startLogSegment(380)) - 59272499-6723-441f-bb93-d5b089b2dd3f-SegmentedRaftLogWorker:Storage Directory /workdir/hadoop-ozone/integration-test/target/test-dir/MiniOzoneClusterImpl-94ff2e65-e9dc-40d8-b5a4-a4b55580a6d4/datanode-0/data/ratis/a9d73eeb-070d-4251-8e7c-4673422a28bc: Starting segment from index:0
2019-08-21 07:13:46,794 INFO  impl.RaftServerImpl (ServerState.java:setRaftConf(361)) - 21b1adc9-354e-4e99-9e4c-107100af86a3:group-5DA1C92E844E set configuration 0: [21b1adc9-354e-4e99-9e4c-107100af86a3:192.168.36.89:44091], old=null at 0
2019-08-21 07:13:46,867 INFO  impl.RaftServerImpl (ServerState.java:setRaftConf(361)) - 59272499-6723-441f-bb93-d5b089b2dd3f:group-4673422A28BC set configuration 0: [59272499-6723-441f-bb93-d5b089b2dd3f:192.168.36.89:42511], old=null at 0
2019-08-21 07:13:46,880 INFO  impl.LeaderElection (LeaderElection.java:askForVotes(181)) - 65370939-d58a-4d15-8f1f-74ec23e08016:group-3D7466E0AE99:LeaderElection18: begin an election at term 1 for -1: [65370939-d58a-4d15-8f1f-74ec23e08016:192.168.36.89:34069], old=null
2019-08-21 07:13:46,880 INFO  impl.LeaderElection (LeaderElection.java:askForVotes(181)) - 21b1adc9-354e-4e99-9e4c-107100af86a3:group-8A85C84074F6:LeaderElection19: begin an election at term 1 for -1: [21b1adc9-354e-4e99-9e4c-107100af86a3:192.168.36.89:44091, 59272499-6723-441f-bb93-d5b089b2dd3f:192.168.36.89:42511, 65370939-d58a-4d15-8f1f-74ec23e08016:192.168.36.89:34069], old=null
2019-08-21 07:13:46,880 INFO  impl.LeaderElection (LeaderElection.java:askForVotes(181)) - 59272499-6723-441f-bb93-d5b089b2dd3f:group-8A85C84074F6:LeaderElection16: begin an election at term 1 for -1: [21b1adc9-354e-4e99-9e4c-107100af86a3:192.168.36.89:44091, 59272499-6723-441f-bb93-d5b089b2dd3f:192.168.36.89:42511, 65370939-d58a-4d15-8f1f-74ec23e08016:192.168.36.89:34069], old=null
2019-08-21 07:13:46,880 INFO  impl.LeaderElection (LeaderElection.java:askForVotes(181)) - 65370939-d58a-4d15-8f1f-74ec23e08016:group-8A85C84074F6:LeaderElection17: begin an election at term 1 for -1: [21b1adc9-354e-4e99-9e4c-107100af86a3:192.168.36.89:44091, 59272499-6723-441f-bb93-d5b089b2dd3f:192.168.36.89:42511, 65370939-d58a-4d15-8f1f-74ec23e08016:192.168.36.89:34069], old=null
2019-08-21 07:13:46,880 INFO  segmented.SegmentedRaftLogWorker (SegmentedRaftLogWorker.java:execute(569)) - 59272499-6723-441f-bb93-d5b089b2dd3f-SegmentedRaftLogWorker:Storage Directory /workdir/hadoop-ozone/integration-test/target/test-dir/MiniOzoneClusterImpl-94ff2e65-e9dc-40d8-b5a4-a4b55580a6d4/datanode-0/data/ratis/a9d73eeb-070d-4251-8e7c-4673422a28bc: created new log segment /workdir/hadoop-ozone/integration-test/target/test-dir/MiniOzoneClusterImpl-94ff2e65-e9dc-40d8-b5a4-a4b55580a6d4/datanode-0/data/ratis/a9d73eeb-070d-4251-8e7c-4673422a28bc/current/log_inprogress_0
2019-08-21 07:13:46,880 INFO  impl.RoleInfo (RoleInfo.java:shutdownLeaderElection(134)) - 65370939-d58a-4d15-8f1f-74ec23e08016: shutdown LeaderElection
2019-08-21 07:13:46,880 INFO  segmented.SegmentedRaftLogWorker (SegmentedRaftLogWorker.java:execute(569)) - 21b1adc9-354e-4e99-9e4c-107100af86a3-SegmentedRaftLogWorker:Storage Directory /workdir/hadoop-ozone/integration-test/target/test-dir/MiniOzoneClusterImpl-94ff2e65-e9dc-40d8-b5a4-a4b55580a6d4/datanode-1/data/ratis/53f25904-83da-43f2-b12a-5da1c92e844e: created new log segment /workdir/hadoop-ozone/integration-test/target/test-dir/MiniOzoneClusterImpl-94ff2e65-e9dc-40d8-b5a4-a4b55580a6d4/datanode-1/data/ratis/53f25904-83da-43f2-b12a-5da1c92e844e/current/log_inprogress_0
2019-08-21 07:13:46,881 INFO  impl.RaftServerImpl (RaftServerImpl.java:setRole(171)) - 65370939-d58a-4d15-8f1f-74ec23e08016:group-3D7466E0AE99 changes role from CANDIDATE to LEADER at term 1 for changeToLeader
2019-08-21 07:13:46,881 INFO  impl.RaftServerImpl (ServerState.java:setLeader(263)) - 65370939-d58a-4d15-8f1f-74ec23e08016:group-3D7466E0AE99 change Leader from null to 65370939-d58a-4d15-8f1f-74ec23e08016 at term 1 for becomeLeader, leader elected after 5728ms
2019-08-21 07:13:46,881 INFO  server.RaftServerConfigKeys (ConfUtils.java:logGet(43)) - raft.server.staging.catchup.gap = 1000 (default)
2019-08-21 07:13:46,882 INFO  server.RaftServerConfigKeys (ConfUtils.java:logGet(43)) - raft.server.rpc.sleep.time = 25ms (default)
2019-08-21 07:13:46,882 INFO  server.RaftServerConfigKeys (ConfUtils.java:logGet(43)) - raft.server.write.element-limit = 4096 (default)
2019-08-21 07:13:46,883 INFO  server.RaftServerConfigKeys (ConfUtils.java:logGet(43)) - raft.server.watch.timeout = 10s (default)
2019-08-21 07:13:46,883 INFO  server.RaftServerConfigKeys (ConfUtils.java:logGet(43)) - raft.server.watch.timeout.denomination = 1s (default)
2019-08-21 07:13:46,883 INFO  server.RaftServerConfigKeys (ConfUtils.java:logGet(43)) - raft.server.watch.element-limit = 65536 (default)
2019-08-21 07:13:46,884 INFO  impl.RoleInfo (RoleInfo.java:updateAndGet(143)) - 65370939-d58a-4d15-8f1f-74ec23e08016: start LeaderState
2019-08-21 07:13:46,884 INFO  segmented.SegmentedRaftLogWorker (SegmentedRaftLogWorker.java:startLogSegment(380)) - 65370939-d58a-4d15-8f1f-74ec23e08016-SegmentedRaftLogWorker:Storage Directory /workdir/hadoop-ozone/integration-test/target/test-dir/MiniOzoneClusterImpl-94ff2e65-e9dc-40d8-b5a4-a4b55580a6d4/datanode-2/data/ratis/8f60c17b-6936-4315-81c6-3d7466e0ae99: Starting segment from index:0
2019-08-21 07:13:46,885 INFO  impl.RaftServerImpl (ServerState.java:setRaftConf(361)) - 65370939-d58a-4d15-8f1f-74ec23e08016:group-3D7466E0AE99 set configuration 0: [65370939-d58a-4d15-8f1f-74ec23e08016:192.168.36.89:34069], old=null at 0
2019-08-21 07:13:46,942 INFO  segmented.SegmentedRaftLogWorker (SegmentedRaftLogWorker.java:execute(569)) - 65370939-d58a-4d15-8f1f-74ec23e08016-SegmentedRaftLogWorker:Storage Directory /workdir/hadoop-ozone/integration-test/target/test-dir/MiniOzoneClusterImpl-94ff2e65-e9dc-40d8-b5a4-a4b55580a6d4/datanode-2/data/ratis/8f60c17b-6936-4315-81c6-3d7466e0ae99: created new log segment /workdir/hadoop-ozone/integration-test/target/test-dir/MiniOzoneClusterImpl-94ff2e65-e9dc-40d8-b5a4-a4b55580a6d4/datanode-2/data/ratis/8f60c17b-6936-4315-81c6-3d7466e0ae99/current/log_inprogress_0
2019-08-21 07:13:46,944 INFO  impl.LeaderElection (LeaderElection.java:logAndReturn(56)) - 21b1adc9-354e-4e99-9e4c-107100af86a3:group-8A85C84074F6:LeaderElection19: Election REJECTED; received 2 response(s) [21b1adc9-354e-4e99-9e4c-107100af86a3<-59272499-6723-441f-bb93-d5b089b2dd3f#0:FAIL-t1, 21b1adc9-354e-4e99-9e4c-107100af86a3<-65370939-d58a-4d15-8f1f-74ec23e08016#0:FAIL-t1] and 0 exception(s); 21b1adc9-354e-4e99-9e4c-107100af86a3:t1, leader=null, voted=21b1adc9-354e-4e99-9e4c-107100af86a3, raftlog=21b1adc9-354e-4e99-9e4c-107100af86a3-SegmentedRaftLog:OPENED:c-1,f-1,i0, conf=-1: [21b1adc9-354e-4e99-9e4c-107100af86a3:192.168.36.89:44091, 59272499-6723-441f-bb93-d5b089b2dd3f:192.168.36.89:42511, 65370939-d58a-4d15-8f1f-74ec23e08016:192.168.36.89:34069], old=null
2019-08-21 07:13:46,944 INFO  impl.RaftServerImpl (RaftServerImpl.java:setRole(171)) - 21b1adc9-354e-4e99-9e4c-107100af86a3:group-8A85C84074F6 changes role from CANDIDATE to FOLLOWER at term 1 for DISCOVERED_A_NEW_TERM
2019-08-21 07:13:46,945 INFO  impl.LeaderElection (LeaderElection.java:logAndReturn(56)) - 65370939-d58a-4d15-8f1f-74ec23e08016:group-8A85C84074F6:LeaderElection17: Election REJECTED; received 2 response(s) [65370939-d58a-4d15-8f1f-74ec23e08016<-21b1adc9-354e-4e99-9e4c-107100af86a3#0:FAIL-t1, 65370939-d58a-4d15-8f1f-74ec23e08016<-59272499-6723-441f-bb93-d5b089b2dd3f#0:FAIL-t1] and 0 exception(s); 65370939-d58a-4d15-8f1f-74ec23e08016:t1, leader=null, voted=65370939-d58a-4d15-8f1f-74ec23e08016, raftlog=65370939-d58a-4d15-8f1f-74ec23e08016-SegmentedRaftLog:OPENED:c-1,f-1,i0, conf=-1: [21b1adc9-354e-4e99-9e4c-107100af86a3:192.168.36.89:44091, 59272499-6723-441f-bb93-d5b089b2dd3f:192.168.36.89:42511, 65370939-d58a-4d15-8f1f-74ec23e08016:192.168.36.89:34069], old=null
2019-08-21 07:13:46,945 INFO  impl.RoleInfo (RoleInfo.java:shutdownLeaderElection(134)) - 21b1adc9-354e-4e99-9e4c-107100af86a3: shutdown LeaderElection
2019-08-21 07:13:46,946 INFO  impl.RaftServerImpl (RaftServerImpl.java:setRole(171)) - 65370939-d58a-4d15-8f1f-74ec23e08016:group-8A85C84074F6 changes role from CANDIDATE to FOLLOWER at term 1 for DISCOVERED_A_NEW_TERM
2019-08-21 07:13:46,947 INFO  impl.RoleInfo (RoleInfo.java:shutdownLeaderElection(134)) - 65370939-d58a-4d15-8f1f-74ec23e08016: shutdown LeaderElection
2019-08-21 07:13:46,947 INFO  impl.RoleInfo (RoleInfo.java:updateAndGet(143)) - 21b1adc9-354e-4e99-9e4c-107100af86a3: start FollowerState
2019-08-21 07:13:46,947 INFO  impl.LeaderElection (LeaderElection.java:logAndReturn(56)) - 59272499-6723-441f-bb93-d5b089b2dd3f:group-8A85C84074F6:LeaderElection16: Election REJECTED; received 2 response(s) [59272499-6723-441f-bb93-d5b089b2dd3f<-21b1adc9-354e-4e99-9e4c-107100af86a3#0:FAIL-t1, 59272499-6723-441f-bb93-d5b089b2dd3f<-65370939-d58a-4d15-8f1f-74ec23e08016#0:FAIL-t1] and 0 exception(s); 59272499-6723-441f-bb93-d5b089b2dd3f:t1, leader=null, voted=59272499-6723-441f-bb93-d5b089b2dd3f, raftlog=59272499-6723-441f-bb93-d5b089b2dd3f-SegmentedRaftLog:OPENED:c-1,f-1,i0, conf=-1: [21b1adc9-354e-4e99-9e4c-107100af86a3:192.168.36.89:44091, 59272499-6723-441f-bb93-d5b089b2dd3f:192.168.36.89:42511, 65370939-d58a-4d15-8f1f-74ec23e08016:192.168.36.89:34069], old=null
2019-08-21 07:13:46,947 INFO  impl.RoleInfo (RoleInfo.java:updateAndGet(143)) - 65370939-d58a-4d15-8f1f-74ec23e08016: start FollowerState
2019-08-21 07:13:46,950 INFO  impl.RaftServerImpl (RaftServerImpl.java:setRole(171)) - 59272499-6723-441f-bb93-d5b089b2dd3f:group-8A85C84074F6 changes role from CANDIDATE to FOLLOWER at term 1 for DISCOVERED_A_NEW_TERM
2019-08-21 07:13:46,950 INFO  impl.RoleInfo (RoleInfo.java:shutdownLeaderElection(134)) - 59272499-6723-441f-bb93-d5b089b2dd3f: shutdown LeaderElection
2019-08-21 07:13:46,952 INFO  impl.RoleInfo (RoleInfo.java:updateAndGet(143)) - 59272499-6723-441f-bb93-d5b089b2dd3f: start FollowerState
2019-08-21 07:13:47,085 INFO  ozoneimpl.OzoneContainer (OzoneContainer.java:stop(199)) - Attempting to stop container services.
2019-08-21 07:13:47,086 INFO  impl.RaftServerProxy (RaftServerProxy.java:lambda$close$4(314)) - 59272499-6723-441f-bb93-d5b089b2dd3f: close
2019-08-21 07:13:47,086 INFO  impl.RaftServerImpl (RaftServerImpl.java:lambda$shutdown$3(245)) - 59272499-6723-441f-bb93-d5b089b2dd3f: shutdown group-8A85C84074F6
2019-08-21 07:13:47,086 INFO  impl.RaftServerImpl (RaftServerImpl.java:lambda$shutdown$3(245)) - 59272499-6723-441f-bb93-d5b089b2dd3f: shutdown group-4673422A28BC
2019-08-21 07:13:47,086 INFO  util.JmxRegister (JmxRegister.java:unregister(73)) - Successfully un-registered JMX Bean with object name Ratis:service=RaftServer,group=group-8A85C84074F6,id=59272499-6723-441f-bb93-d5b089b2dd3f
2019-08-21 07:13:47,087 INFO  util.JmxRegister (JmxRegister.java:unregister(73)) - Successfully un-registered JMX Bean with object name Ratis:service=RaftServer,group=group-4673422A28BC,id=59272499-6723-441f-bb93-d5b089b2dd3f
2019-08-21 07:13:47,087 INFO  impl.RoleInfo (RoleInfo.java:shutdownFollowerState(121)) - 59272499-6723-441f-bb93-d5b089b2dd3f: shutdown FollowerState
2019-08-21 07:13:47,087 INFO  impl.RoleInfo (RoleInfo.java:shutdownLeaderState(104)) - 59272499-6723-441f-bb93-d5b089b2dd3f: shutdown LeaderState
2019-08-21 07:13:47,087 INFO  impl.StateMachineUpdater (StateMachineUpdater.java:stopAndJoin(115)) - StateMachineUpdater:59272499-6723-441f-bb93-d5b089b2dd3f:group-8A85C84074F6: set stopIndex = -1
2019-08-21 07:13:47,089 INFO  impl.RaftServerImpl (ServerState.java:close(394)) - 59272499-6723-441f-bb93-d5b089b2dd3f:group-8A85C84074F6 closes. The last applied log index is -1
2019-08-21 07:13:47,087 INFO  impl.PendingRequests (PendingRequests.java:sendNotLeaderResponses(202)) - 59272499-6723-441f-bb93-d5b089b2dd3f-PendingRequests: sendNotLeaderResponses
2019-08-21 07:13:47,089 INFO  segmented.SegmentedRaftLogWorker (SegmentedRaftLogWorker.java:run(313)) - 59272499-6723-441f-bb93-d5b089b2dd3f-SegmentedRaftLogWorker:Storage Directory /workdir/hadoop-ozone/integration-test/target/test-dir/MiniOzoneClusterImpl-94ff2e65-e9dc-40d8-b5a4-a4b55580a6d4/datanode-0/data/ratis/7c5558d0-ad2e-4d0d-a267-8a85c84074f6 was interrupted, exiting. There are 0 tasks remaining in the queue.
2019-08-21 07:13:47,087 INFO  impl.FollowerState (FollowerState.java:run(114)) - 59272499-6723-441f-bb93-d5b089b2dd3f: FollowerState was interrupted: java.lang.InterruptedException: sleep interrupted
2019-08-21 07:13:47,090 INFO  segmented.SegmentedRaftLogWorker (SegmentedRaftLogWorker.java:close(228)) - 59272499-6723-441f-bb93-d5b089b2dd3f-SegmentedRaftLogWorker:Storage Directory /workdir/hadoop-ozone/integration-test/target/test-dir/MiniOzoneClusterImpl-94ff2e65-e9dc-40d8-b5a4-a4b55580a6d4/datanode-0/data/ratis/7c5558d0-ad2e-4d0d-a267-8a85c84074f6 close()
2019-08-21 07:13:47,090 INFO  impl.StateMachineUpdater (StateMachineUpdater.java:stopAndJoin(115)) - StateMachineUpdater:59272499-6723-441f-bb93-d5b089b2dd3f:group-4673422A28BC: set stopIndex = 0
2019-08-21 07:13:47,094 INFO  impl.RaftServerImpl (ServerState.java:close(394)) - 59272499-6723-441f-bb93-d5b089b2dd3f:group-4673422A28BC closes. The last applied log index is 0
2019-08-21 07:13:47,094 INFO  segmented.SegmentedRaftLogWorker (SegmentedRaftLogWorker.java:run(313)) - 59272499-6723-441f-bb93-d5b089b2dd3f-SegmentedRaftLogWorker:Storage Directory /workdir/hadoop-ozone/integration-test/target/test-dir/MiniOzoneClusterImpl-94ff2e65-e9dc-40d8-b5a4-a4b55580a6d4/datanode-0/data/ratis/a9d73eeb-070d-4251-8e7c-4673422a28bc was interrupted, exiting. There are 0 tasks remaining in the queue.
2019-08-21 07:13:47,095 INFO  segmented.SegmentedRaftLogWorker (SegmentedRaftLogWorker.java:close(228)) - 59272499-6723-441f-bb93-d5b089b2dd3f-SegmentedRaftLogWorker:Storage Directory /workdir/hadoop-ozone/integration-test/target/test-dir/MiniOzoneClusterImpl-94ff2e65-e9dc-40d8-b5a4-a4b55580a6d4/datanode-0/data/ratis/a9d73eeb-070d-4251-8e7c-4673422a28bc close()
2019-08-21 07:13:47,100 INFO  server.GrpcService (GrpcService.java:closeImpl(155)) - 59272499-6723-441f-bb93-d5b089b2dd3f: shutdown server with port 42511 now
2019-08-21 07:13:47,105 INFO  server.GrpcService (GrpcService.java:closeImpl(163)) - 59272499-6723-441f-bb93-d5b089b2dd3f: shutdown server with port 42511 successfully
2019-08-21 07:13:47,106 INFO  utils.BackgroundService (BackgroundService.java:shutdown(148)) - Shutting down service BlockDeletingService
2019-08-21 07:13:47,108 WARN  fs.CachingGetSpaceUsed (CachingGetSpaceUsed.java:run(183)) - Thread Interrupted waiting to refresh disk information: sleep interrupted
2019-08-21 07:13:47,126 INFO  statemachine.DatanodeStateMachine (DatanodeStateMachine.java:stopDaemon(395)) - Ozone container server stopped.
2019-08-21 07:13:47,128 INFO  handler.ContextHandler (ContextHandler.java:doStop(910)) - Stopped o.e.j.w.WebAppContext@4a734039{/,null,UNAVAILABLE}{/hddsDatanode}
2019-08-21 07:13:47,128 INFO  server.AbstractConnector (AbstractConnector.java:doStop(318)) - Stopped ServerConnector@6970543e{HTTP/1.1,[http/1.1]}{0.0.0.0:0}
2019-08-21 07:13:47,128 INFO  handler.ContextHandler (ContextHandler.java:doStop(910)) - Stopped o.e.j.s.ServletContextHandler@bfe0b94{/static,jar:file:/home/user/.m2/repository/org/apache/hadoop/hadoop-hdds-container-service/0.5.0-SNAPSHOT/hadoop-hdds-container-service-0.5.0-SNAPSHOT.jar!/webapps/static,UNAVAILABLE}
2019-08-21 07:13:47,129 INFO  handler.ContextHandler (ContextHandler.java:doStop(910)) - Stopped o.e.j.s.ServletContextHandler@3e703297{/logs,file:///workdir/hadoop-ozone/integration-test/target/log,UNAVAILABLE}
2019-08-21 07:13:47,130 INFO  datanode.ObjectStoreHandler (ObjectStoreHandler.java:close(155)) - Closing ObjectStoreHandler.
2019-08-21 07:13:47,130 INFO  ozone.HddsDatanodeService (HddsDatanodeService.java:stop(451)) - Stopped plug-in org.apache.hadoop.ozone.web.OzoneHddsDatanodeService@4735c8d5
2019-08-21 07:13:47,872 INFO  statemachine.DatanodeStateMachine (DatanodeStateMachine.java:lambda$startDaemon$0(350)) - Ozone container server started.
2019-08-21 07:13:52,008 INFO  impl.FollowerState (FollowerState.java:run(106)) - 21b1adc9-354e-4e99-9e4c-107100af86a3:group-8A85C84074F6 changes to CANDIDATE, lastRpcTime:5060, electionTimeout:5057ms
2019-08-21 07:13:52,008 INFO  impl.RoleInfo (RoleInfo.java:shutdownFollowerState(121)) - 21b1adc9-354e-4e99-9e4c-107100af86a3: shutdown FollowerState
2019-08-21 07:13:52,008 INFO  impl.RaftServerImpl (RaftServerImpl.java:setRole(171)) - 21b1adc9-354e-4e99-9e4c-107100af86a3:group-8A85C84074F6 changes role from FOLLOWER to CANDIDATE at term 1 for changeToCandidate
2019-08-21 07:13:52,008 INFO  impl.RoleInfo (RoleInfo.java:updateAndGet(143)) - 21b1adc9-354e-4e99-9e4c-107100af86a3: start LeaderElection
2019-08-21 07:13:52,119 INFO  impl.FollowerState (FollowerState.java:run(106)) - 65370939-d58a-4d15-8f1f-74ec23e08016:group-8A85C84074F6 changes to CANDIDATE, lastRpcTime:5171, electionTimeout:5167ms
2019-08-21 07:13:52,119 INFO  impl.RoleInfo (RoleInfo.java:shutdownFollowerState(121)) - 65370939-d58a-4d15-8f1f-74ec23e08016: shutdown FollowerState
2019-08-21 07:13:52,119 INFO  impl.RaftServerImpl (RaftServerImpl.java:setRole(171)) - 65370939-d58a-4d15-8f1f-74ec23e08016:group-8A85C84074F6 changes role from FOLLOWER to CANDIDATE at term 1 for changeToCandidate
2019-08-21 07:13:52,119 INFO  impl.RoleInfo (RoleInfo.java:updateAndGet(143)) - 65370939-d58a-4d15-8f1f-74ec23e08016: start LeaderElection
2019-08-21 07:13:52,131 INFO  ozoneimpl.OzoneContainer (OzoneContainer.java:stop(199)) - Attempting to stop container services.
2019-08-21 07:13:52,131 INFO  impl.RaftServerProxy (RaftServerProxy.java:lambda$close$4(314)) - 21b1adc9-354e-4e99-9e4c-107100af86a3: close
2019-08-21 07:13:52,132 INFO  impl.RaftServerImpl (RaftServerImpl.java:lambda$shutdown$3(245)) - 21b1adc9-354e-4e99-9e4c-107100af86a3: shutdown group-8A85C84074F6
2019-08-21 07:13:52,132 INFO  util.JmxRegister (JmxRegister.java:unregister(73)) - Successfully un-registered JMX Bean with object name Ratis:service=RaftServer,group=group-8A85C84074F6,id=21b1adc9-354e-4e99-9e4c-107100af86a3
2019-08-21 07:13:52,132 INFO  impl.RoleInfo (RoleInfo.java:shutdownLeaderElection(134)) - 21b1adc9-354e-4e99-9e4c-107100af86a3: shutdown LeaderElection
2019-08-21 07:13:52,132 INFO  impl.StateMachineUpdater (StateMachineUpdater.java:stopAndJoin(115)) - StateMachineUpdater:21b1adc9-354e-4e99-9e4c-107100af86a3:group-8A85C84074F6: set stopIndex = -1
2019-08-21 07:13:52,136 INFO  impl.RaftServerImpl (ServerState.java:close(394)) - 21b1adc9-354e-4e99-9e4c-107100af86a3:group-8A85C84074F6 closes. The last applied log index is -1
2019-08-21 07:13:52,136 INFO  segmented.SegmentedRaftLogWorker (SegmentedRaftLogWorker.java:run(313)) - 21b1adc9-354e-4e99-9e4c-107100af86a3-SegmentedRaftLogWorker:Storage Directory /workdir/hadoop-ozone/integration-test/target/test-dir/MiniOzoneClusterImpl-94ff2e65-e9dc-40d8-b5a4-a4b55580a6d4/datanode-1/data/ratis/7c5558d0-ad2e-4d0d-a267-8a85c84074f6 was interrupted, exiting. There are 0 tasks remaining in the queue.
2019-08-21 07:13:52,136 INFO  segmented.SegmentedRaftLogWorker (SegmentedRaftLogWorker.java:close(228)) - 21b1adc9-354e-4e99-9e4c-107100af86a3-SegmentedRaftLogWorker:Storage Directory /workdir/hadoop-ozone/integration-test/target/test-dir/MiniOzoneClusterImpl-94ff2e65-e9dc-40d8-b5a4-a4b55580a6d4/datanode-1/data/ratis/7c5558d0-ad2e-4d0d-a267-8a85c84074f6 close()
2019-08-21 07:13:52,137 INFO  impl.RaftServerImpl (RaftServerImpl.java:lambda$shutdown$3(245)) - 21b1adc9-354e-4e99-9e4c-107100af86a3: shutdown group-5DA1C92E844E
2019-08-21 07:13:52,138 INFO  util.JmxRegister (JmxRegister.java:unregister(73)) - Successfully un-registered JMX Bean with object name Ratis:service=RaftServer,group=group-5DA1C92E844E,id=21b1adc9-354e-4e99-9e4c-107100af86a3
2019-08-21 07:13:52,138 INFO  impl.RoleInfo (RoleInfo.java:shutdownLeaderState(104)) - 21b1adc9-354e-4e99-9e4c-107100af86a3: shutdown LeaderState
2019-08-21 07:13:52,138 INFO  impl.PendingRequests (PendingRequests.java:sendNotLeaderResponses(202)) - 21b1adc9-354e-4e99-9e4c-107100af86a3-PendingRequests: sendNotLeaderResponses
2019-08-21 07:13:52,138 INFO  impl.StateMachineUpdater (StateMachineUpdater.java:stopAndJoin(115)) - StateMachineUpdater:21b1adc9-354e-4e99-9e4c-107100af86a3:group-5DA1C92E844E: set stopIndex = 0
2019-08-21 07:13:52,138 INFO  impl.RaftServerImpl (ServerState.java:close(394)) - 21b1adc9-354e-4e99-9e4c-107100af86a3:group-5DA1C92E844E closes. The last applied log index is 0
2019-08-21 07:13:52,139 INFO  segmented.SegmentedRaftLogWorker (SegmentedRaftLogWorker.java:run(313)) - 21b1adc9-354e-4e99-9e4c-107100af86a3-SegmentedRaftLogWorker:Storage Directory /workdir/hadoop-ozone/integration-test/target/test-dir/MiniOzoneClusterImpl-94ff2e65-e9dc-40d8-b5a4-a4b55580a6d4/datanode-1/data/ratis/53f25904-83da-43f2-b12a-5da1c92e844e was interrupted, exiting. There are 0 tasks remaining in the queue.
2019-08-21 07:13:52,140 INFO  segmented.SegmentedRaftLogWorker (SegmentedRaftLogWorker.java:close(228)) - 21b1adc9-354e-4e99-9e4c-107100af86a3-SegmentedRaftLogWorker:Storage Directory /workdir/hadoop-ozone/integration-test/target/test-dir/MiniOzoneClusterImpl-94ff2e65-e9dc-40d8-b5a4-a4b55580a6d4/datanode-1/data/ratis/53f25904-83da-43f2-b12a-5da1c92e844e close()
2019-08-21 07:13:52,141 INFO  server.GrpcService (GrpcService.java:closeImpl(155)) - 21b1adc9-354e-4e99-9e4c-107100af86a3: shutdown server with port 44091 now
2019-08-21 07:13:52,143 INFO  server.GrpcService (GrpcService.java:closeImpl(163)) - 21b1adc9-354e-4e99-9e4c-107100af86a3: shutdown server with port 44091 successfully
2019-08-21 07:13:52,144 INFO  utils.BackgroundService (BackgroundService.java:shutdown(148)) - Shutting down service BlockDeletingService
2019-08-21 07:13:52,145 WARN  fs.CachingGetSpaceUsed (CachingGetSpaceUsed.java:run(183)) - Thread Interrupted waiting to refresh disk information: sleep interrupted
2019-08-21 07:13:52,160 INFO  statemachine.DatanodeStateMachine (DatanodeStateMachine.java:stopDaemon(395)) - Ozone container server stopped.
2019-08-21 07:13:52,161 INFO  handler.ContextHandler (ContextHandler.java:doStop(910)) - Stopped o.e.j.w.WebAppContext@1830dce4{/,null,UNAVAILABLE}{/hddsDatanode}
2019-08-21 07:13:52,162 INFO  server.AbstractConnector (AbstractConnector.java:doStop(318)) - Stopped ServerConnector@13be12e2{HTTP/1.1,[http/1.1]}{0.0.0.0:0}
2019-08-21 07:13:52,162 INFO  handler.ContextHandler (ContextHandler.java:doStop(910)) - Stopped o.e.j.s.ServletContextHandler@296fbfad{/static,jar:file:/home/user/.m2/repository/org/apache/hadoop/hadoop-hdds-container-service/0.5.0-SNAPSHOT/hadoop-hdds-container-service-0.5.0-SNAPSHOT.jar!/webapps/static,UNAVAILABLE}
2019-08-21 07:13:52,163 INFO  handler.ContextHandler (ContextHandler.java:doStop(910)) - Stopped o.e.j.s.ServletContextHandler@621684c9{/logs,file:///workdir/hadoop-ozone/integration-test/target/log,UNAVAILABLE}
2019-08-21 07:13:52,163 INFO  datanode.ObjectStoreHandler (ObjectStoreHandler.java:close(155)) - Closing ObjectStoreHandler.
2019-08-21 07:13:52,164 INFO  ozone.HddsDatanodeService (HddsDatanodeService.java:stop(451)) - Stopped plug-in org.apache.hadoop.ozone.web.OzoneHddsDatanodeService@6301b139
2019-08-21 07:13:52,251 INFO  impl.LeaderElection (LeaderElection.java:askForVotes(181)) - 21b1adc9-354e-4e99-9e4c-107100af86a3:group-8A85C84074F6:LeaderElection20: begin an election at term 2 for -1: [21b1adc9-354e-4e99-9e4c-107100af86a3:192.168.36.89:44091, 59272499-6723-441f-bb93-d5b089b2dd3f:192.168.36.89:42511, 65370939-d58a-4d15-8f1f-74ec23e08016:192.168.36.89:34069], old=null
2019-08-21 07:13:52,251 INFO  impl.LeaderElection (LeaderElection.java:askForVotes(181)) - 65370939-d58a-4d15-8f1f-74ec23e08016:group-8A85C84074F6:LeaderElection21: begin an election at term 2 for -1: [21b1adc9-354e-4e99-9e4c-107100af86a3:192.168.36.89:44091, 59272499-6723-441f-bb93-d5b089b2dd3f:192.168.36.89:42511, 65370939-d58a-4d15-8f1f-74ec23e08016:192.168.36.89:34069], old=null
2019-08-21 07:13:52,251 INFO  impl.LeaderElection (LogUtils.java:infoOrTrace(149)) - Failed 21b1adc9-354e-4e99-9e4c-107100af86a3:group-8A85C84074F6:LeaderElection20, state=CLOSING: {}
java.lang.IllegalArgumentException: 21b1adc9-354e-4e99-9e4c-107100af86a3-SegmentedRaftLog is expected to be opened but it is CLOSED
	at org.apache.ratis.util.OpenCloseState.assertOpen(OpenCloseState.java:63)
	at org.apache.ratis.server.raftlog.RaftLog.checkLogState(RaftLog.java:101)
	at org.apache.ratis.server.raftlog.segmented.SegmentedRaftLog.getLastEntryTermIndex(SegmentedRaftLog.java:263)
	at org.apache.ratis.server.impl.LeaderElection.askForVotes(LeaderElection.java:183)
	at org.apache.ratis.server.impl.LeaderElection.run(LeaderElection.java:130)
	at java.lang.Thread.run(Thread.java:748)
Caused by: org.apache.ratis.util.OpenCloseState$CloseTrace: Close 21b1adc9-354e-4e99-9e4c-107100af86a3-SegmentedRaftLog
	at org.apache.ratis.util.OpenCloseState.lambda$close$1(OpenCloseState.java:109)
	at java.util.concurrent.atomic.AtomicReference.getAndUpdate(AtomicReference.java:160)
	at org.apache.ratis.util.OpenCloseState.close(OpenCloseState.java:109)
	at org.apache.ratis.server.raftlog.RaftLog.close(RaftLog.java:437)
	at org.apache.ratis.server.raftlog.segmented.SegmentedRaftLog.close(SegmentedRaftLog.java:428)
	at org.apache.ratis.server.impl.ServerState.close(ServerState.java:397)
	at org.apache.ratis.server.impl.RaftServerImpl.lambda$shutdown$3(RaftServerImpl.java:267)
	at org.apache.ratis.util.LifeCycle.lambda$checkStateAndClose$2(LifeCycle.java:231)
	at org.apache.ratis.util.LifeCycle.checkStateAndClose(LifeCycle.java:251)
	at org.apache.ratis.util.LifeCycle.checkStateAndClose(LifeCycle.java:229)
	at org.apache.ratis.server.impl.RaftServerImpl.shutdown(RaftServerImpl.java:244)
	at org.apache.ratis.server.impl.RaftServerProxy$ImplMap.lambda$close$0(RaftServerProxy.java:107)
	at java.util.stream.ForEachOps$ForEachOp$OfRef.accept(ForEachOps.java:184)
	at java.util.stream.ReferencePipeline$3$1.accept(ReferencePipeline.java:193)
	at java.util.concurrent.ConcurrentHashMap$ValueSpliterator.forEachRemaining(ConcurrentHashMap.java:3566)
	at java.util.stream.AbstractPipeline.copyInto(AbstractPipeline.java:482)
	at java.util.stream.ForEachOps$ForEachTask.compute(ForEachOps.java:291)
	at java.util.concurrent.CountedCompleter.exec(CountedCompleter.java:731)
	at java.util.concurrent.ForkJoinTask.doExec(ForkJoinTask.java:289)
	at java.util.concurrent.ForkJoinTask.doInvoke(ForkJoinTask.java:401)
	at java.util.concurrent.ForkJoinTask.invoke(ForkJoinTask.java:734)
	at java.util.stream.ForEachOps$ForEachOp.evaluateParallel(ForEachOps.java:160)
	at java.util.stream.ForEachOps$ForEachOp$OfRef.evaluateParallel(ForEachOps.java:174)
	at java.util.stream.AbstractPipeline.evaluate(AbstractPipeline.java:233)
	at java.util.stream.ReferencePipeline.forEach(ReferencePipeline.java:418)
	at org.apache.ratis.server.impl.RaftServerProxy$ImplMap.close(RaftServerProxy.java:107)
	at org.apache.ratis.server.impl.RaftServerProxy.lambda$close$4(RaftServerProxy.java:315)
	at org.apache.ratis.util.LifeCycle.lambda$checkStateAndClose$2(LifeCycle.java:231)
	at org.apache.ratis.util.LifeCycle.checkStateAndClose(LifeCycle.java:251)
	at org.apache.ratis.util.LifeCycle.checkStateAndClose(LifeCycle.java:229)
	at org.apache.ratis.server.impl.RaftServerProxy.close(RaftServerProxy.java:313)
	at org.apache.hadoop.ozone.container.common.transport.server.ratis.XceiverServerRatis.stop(XceiverServerRatis.java:434)
	at org.apache.hadoop.ozone.container.ozoneimpl.OzoneContainer.stop(OzoneContainer.java:201)
	at org.apache.hadoop.ozone.container.common.statemachine.DatanodeStateMachine.close(DatanodeStateMachine.java:270)
	at org.apache.hadoop.ozone.container.common.statemachine.DatanodeStateMachine.stopDaemon(DatanodeStateMachine.java:394)
	at org.apache.hadoop.ozone.HddsDatanodeService.stop(HddsDatanodeService.java:458)
	at org.apache.hadoop.ozone.MiniOzoneClusterImpl.shutdownHddsDatanode(MiniOzoneClusterImpl.java:310)
	at org.apache.hadoop.ozone.MiniOzoneClusterImpl.shutdownHddsDatanode(MiniOzoneClusterImpl.java:315)
	at org.apache.hadoop.hdds.scm.pipeline.TestRatisPipelineCreateAndDestory.testPipelineCreationOnNodeRestart(TestRatisPipelineCreateAndDestory.java:95)
	at sun.reflect.NativeMethodAccessorImpl.invoke0(Native Method)
	at sun.reflect.NativeMethodAccessorImpl.invoke(NativeMethodAccessorImpl.java:62)
	at sun.reflect.DelegatingMethodAccessorImpl.invoke(DelegatingMethodAccessorImpl.java:43)
	at java.lang.reflect.Method.invoke(Method.java:498)
	at org.junit.runners.model.FrameworkMethod$1.runReflectiveCall(FrameworkMethod.java:47)
	at org.junit.internal.runners.model.ReflectiveCallable.run(ReflectiveCallable.java:12)
	at org.junit.runners.model.FrameworkMethod.invokeExplosively(FrameworkMethod.java:44)
	at org.junit.internal.runners.statements.InvokeMethod.evaluate(InvokeMethod.java:17)
	at org.junit.internal.runners.statements.FailOnTimeout$StatementThread.run(FailOnTimeout.java:74)
2019-08-21 07:13:52,254 INFO  impl.LeaderElection (LeaderElection.java:run(141)) - 21b1adc9-354e-4e99-9e4c-107100af86a3:group-8A85C84074F6:LeaderElection20: IllegalArgumentException is safely ignored since this is already CLOSING
2019-08-21 07:13:52,257 INFO  impl.LeaderElection (LogUtils.java:infoOrTrace(149)) - 65370939-d58a-4d15-8f1f-74ec23e08016:group-8A85C84074F6:LeaderElection21 got exception when requesting votes: {}
java.util.concurrent.ExecutionException: org.apache.ratis.thirdparty.io.grpc.StatusRuntimeException: UNAVAILABLE: io exception
	at java.util.concurrent.FutureTask.report(FutureTask.java:122)
	at java.util.concurrent.FutureTask.get(FutureTask.java:192)
	at org.apache.ratis.server.impl.LeaderElection.waitForResults(LeaderElection.java:262)
	at org.apache.ratis.server.impl.LeaderElection.askForVotes(LeaderElection.java:200)
	at org.apache.ratis.server.impl.LeaderElection.run(LeaderElection.java:130)
	at java.lang.Thread.run(Thread.java:748)
Caused by: org.apache.ratis.thirdparty.io.grpc.StatusRuntimeException: UNAVAILABLE: io exception
	at org.apache.ratis.thirdparty.io.grpc.stub.ClientCalls.toStatusRuntimeException(ClientCalls.java:233)
	at org.apache.ratis.thirdparty.io.grpc.stub.ClientCalls.getUnchecked(ClientCalls.java:214)
	at org.apache.ratis.thirdparty.io.grpc.stub.ClientCalls.blockingUnaryCall(ClientCalls.java:139)
	at org.apache.ratis.proto.grpc.RaftServerProtocolServiceGrpc$RaftServerProtocolServiceBlockingStub.requestVote(RaftServerProtocolServiceGrpc.java:265)
	at org.apache.ratis.grpc.server.GrpcServerProtocolClient.requestVote(GrpcServerProtocolClient.java:83)
	at org.apache.ratis.grpc.server.GrpcService.requestVote(GrpcService.java:195)
	at org.apache.ratis.server.impl.LeaderElection.lambda$submitRequests$1(LeaderElection.java:237)
	at java.util.concurrent.FutureTask.run(FutureTask.java:266)
	at java.util.concurrent.Executors$RunnableAdapter.call(Executors.java:511)
	at java.util.concurrent.FutureTask.run(FutureTask.java:266)
	at java.util.concurrent.ThreadPoolExecutor.runWorker(ThreadPoolExecutor.java:1149)
	at java.util.concurrent.ThreadPoolExecutor$Worker.run(ThreadPoolExecutor.java:624)
	... 1 more
Caused by: org.apache.ratis.thirdparty.io.netty.channel.AbstractChannel$AnnotatedConnectException: Connection refused: /192.168.36.89:42511
	at sun.nio.ch.SocketChannelImpl.checkConnect(Native Method)
	at sun.nio.ch.SocketChannelImpl.finishConnect(SocketChannelImpl.java:717)
	at org.apache.ratis.thirdparty.io.netty.channel.socket.nio.NioSocketChannel.doFinishConnect(NioSocketChannel.java:327)
	at org.apache.ratis.thirdparty.io.netty.channel.nio.AbstractNioChannel$AbstractNioUnsafe.finishConnect(AbstractNioChannel.java:340)
	at org.apache.ratis.thirdparty.io.netty.channel.nio.NioEventLoop.processSelectedKey(NioEventLoop.java:632)
	at org.apache.ratis.thirdparty.io.netty.channel.nio.NioEventLoop.processSelectedKeysOptimized(NioEventLoop.java:579)
	at org.apache.ratis.thirdparty.io.netty.channel.nio.NioEventLoop.processSelectedKeys(NioEventLoop.java:496)
	at org.apache.ratis.thirdparty.io.netty.channel.nio.NioEventLoop.run(NioEventLoop.java:458)
	at org.apache.ratis.thirdparty.io.netty.util.concurrent.SingleThreadEventExecutor$5.run(SingleThreadEventExecutor.java:897)
	at org.apache.ratis.thirdparty.io.netty.util.concurrent.FastThreadLocalRunnable.run(FastThreadLocalRunnable.java:30)
	... 1 more
Caused by: java.net.ConnectException: Connection refused
	... 11 more
2019-08-21 07:13:52,258 INFO  impl.LeaderElection (LogUtils.java:infoOrTrace(149)) - 65370939-d58a-4d15-8f1f-74ec23e08016:group-8A85C84074F6:LeaderElection21 got exception when requesting votes: {}
java.util.concurrent.ExecutionException: org.apache.ratis.thirdparty.io.grpc.StatusRuntimeException: UNAVAILABLE: io exception
	at java.util.concurrent.FutureTask.report(FutureTask.java:122)
	at java.util.concurrent.FutureTask.get(FutureTask.java:192)
	at org.apache.ratis.server.impl.LeaderElection.waitForResults(LeaderElection.java:262)
	at org.apache.ratis.server.impl.LeaderElection.askForVotes(LeaderElection.java:200)
	at org.apache.ratis.server.impl.LeaderElection.run(LeaderElection.java:130)
	at java.lang.Thread.run(Thread.java:748)
Caused by: org.apache.ratis.thirdparty.io.grpc.StatusRuntimeException: UNAVAILABLE: io exception
	at org.apache.ratis.thirdparty.io.grpc.stub.ClientCalls.toStatusRuntimeException(ClientCalls.java:233)
	at org.apache.ratis.thirdparty.io.grpc.stub.ClientCalls.getUnchecked(ClientCalls.java:214)
	at org.apache.ratis.thirdparty.io.grpc.stub.ClientCalls.blockingUnaryCall(ClientCalls.java:139)
	at org.apache.ratis.proto.grpc.RaftServerProtocolServiceGrpc$RaftServerProtocolServiceBlockingStub.requestVote(RaftServerProtocolServiceGrpc.java:265)
	at org.apache.ratis.grpc.server.GrpcServerProtocolClient.requestVote(GrpcServerProtocolClient.java:83)
	at org.apache.ratis.grpc.server.GrpcService.requestVote(GrpcService.java:195)
	at org.apache.ratis.server.impl.LeaderElection.lambda$submitRequests$1(LeaderElection.java:237)
	at java.util.concurrent.FutureTask.run(FutureTask.java:266)
	at java.util.concurrent.Executors$RunnableAdapter.call(Executors.java:511)
	at java.util.concurrent.FutureTask.run(FutureTask.java:266)
	at java.util.concurrent.ThreadPoolExecutor.runWorker(ThreadPoolExecutor.java:1149)
	at java.util.concurrent.ThreadPoolExecutor$Worker.run(ThreadPoolExecutor.java:624)
	... 1 more
Caused by: org.apache.ratis.thirdparty.io.netty.channel.AbstractChannel$AnnotatedConnectException: Connection refused: /192.168.36.89:44091
	at sun.nio.ch.SocketChannelImpl.checkConnect(Native Method)
	at sun.nio.ch.SocketChannelImpl.finishConnect(SocketChannelImpl.java:717)
	at org.apache.ratis.thirdparty.io.netty.channel.socket.nio.NioSocketChannel.doFinishConnect(NioSocketChannel.java:327)
	at org.apache.ratis.thirdparty.io.netty.channel.nio.AbstractNioChannel$AbstractNioUnsafe.finishConnect(AbstractNioChannel.java:340)
	at org.apache.ratis.thirdparty.io.netty.channel.nio.NioEventLoop.processSelectedKey(NioEventLoop.java:632)
	at org.apache.ratis.thirdparty.io.netty.channel.nio.NioEventLoop.processSelectedKeysOptimized(NioEventLoop.java:579)
	at org.apache.ratis.thirdparty.io.netty.channel.nio.NioEventLoop.processSelectedKeys(NioEventLoop.java:496)
	at org.apache.ratis.thirdparty.io.netty.channel.nio.NioEventLoop.run(NioEventLoop.java:458)
	at org.apache.ratis.thirdparty.io.netty.util.concurrent.SingleThreadEventExecutor$5.run(SingleThreadEventExecutor.java:897)
	at org.apache.ratis.thirdparty.io.netty.util.concurrent.FastThreadLocalRunnable.run(FastThreadLocalRunnable.java:30)
	... 1 more
Caused by: java.net.ConnectException: Connection refused
	... 11 more
2019-08-21 07:13:52,259 INFO  impl.LeaderElection (LeaderElection.java:logAndReturn(56)) - 65370939-d58a-4d15-8f1f-74ec23e08016:group-8A85C84074F6:LeaderElection21: Election REJECTED; received 0 response(s) [] and 2 exception(s); 65370939-d58a-4d15-8f1f-74ec23e08016:t2, leader=null, voted=65370939-d58a-4d15-8f1f-74ec23e08016, raftlog=65370939-d58a-4d15-8f1f-74ec23e08016-SegmentedRaftLog:OPENED:c-1,f-1,i0, conf=-1: [21b1adc9-354e-4e99-9e4c-107100af86a3:192.168.36.89:44091, 59272499-6723-441f-bb93-d5b089b2dd3f:192.168.36.89:42511, 65370939-d58a-4d15-8f1f-74ec23e08016:192.168.36.89:34069], old=null
2019-08-21 07:13:52,260 INFO  impl.LeaderElection (LogUtils.java:infoOrTrace(149)) -   Exception 0: {}
java.util.concurrent.ExecutionException: org.apache.ratis.thirdparty.io.grpc.StatusRuntimeException: UNAVAILABLE: io exception
	at java.util.concurrent.FutureTask.report(FutureTask.java:122)
	at java.util.concurrent.FutureTask.get(FutureTask.java:192)
	at org.apache.ratis.server.impl.LeaderElection.waitForResults(LeaderElection.java:262)
	at org.apache.ratis.server.impl.LeaderElection.askForVotes(LeaderElection.java:200)
	at org.apache.ratis.server.impl.LeaderElection.run(LeaderElection.java:130)
	at java.lang.Thread.run(Thread.java:748)
Caused by: org.apache.ratis.thirdparty.io.grpc.StatusRuntimeException: UNAVAILABLE: io exception
	at org.apache.ratis.thirdparty.io.grpc.stub.ClientCalls.toStatusRuntimeException(ClientCalls.java:233)
	at org.apache.ratis.thirdparty.io.grpc.stub.ClientCalls.getUnchecked(ClientCalls.java:214)
	at org.apache.ratis.thirdparty.io.grpc.stub.ClientCalls.blockingUnaryCall(ClientCalls.java:139)
	at org.apache.ratis.proto.grpc.RaftServerProtocolServiceGrpc$RaftServerProtocolServiceBlockingStub.requestVote(RaftServerProtocolServiceGrpc.java:265)
	at org.apache.ratis.grpc.server.GrpcServerProtocolClient.requestVote(GrpcServerProtocolClient.java:83)
	at org.apache.ratis.grpc.server.GrpcService.requestVote(GrpcService.java:195)
	at org.apache.ratis.server.impl.LeaderElection.lambda$submitRequests$1(LeaderElection.java:237)
	at java.util.concurrent.FutureTask.run(FutureTask.java:266)
	at java.util.concurrent.Executors$RunnableAdapter.call(Executors.java:511)
	at java.util.concurrent.FutureTask.run(FutureTask.java:266)
	at java.util.concurrent.ThreadPoolExecutor.runWorker(ThreadPoolExecutor.java:1149)
	at java.util.concurrent.ThreadPoolExecutor$Worker.run(ThreadPoolExecutor.java:624)
	... 1 more
Caused by: org.apache.ratis.thirdparty.io.netty.channel.AbstractChannel$AnnotatedConnectException: Connection refused: /192.168.36.89:42511
	at sun.nio.ch.SocketChannelImpl.checkConnect(Native Method)
	at sun.nio.ch.SocketChannelImpl.finishConnect(SocketChannelImpl.java:717)
	at org.apache.ratis.thirdparty.io.netty.channel.socket.nio.NioSocketChannel.doFinishConnect(NioSocketChannel.java:327)
	at org.apache.ratis.thirdparty.io.netty.channel.nio.AbstractNioChannel$AbstractNioUnsafe.finishConnect(AbstractNioChannel.java:340)
	at org.apache.ratis.thirdparty.io.netty.channel.nio.NioEventLoop.processSelectedKey(NioEventLoop.java:632)
	at org.apache.ratis.thirdparty.io.netty.channel.nio.NioEventLoop.processSelectedKeysOptimized(NioEventLoop.java:579)
	at org.apache.ratis.thirdparty.io.netty.channel.nio.NioEventLoop.processSelectedKeys(NioEventLoop.java:496)
	at org.apache.ratis.thirdparty.io.netty.channel.nio.NioEventLoop.run(NioEventLoop.java:458)
	at org.apache.ratis.thirdparty.io.netty.util.concurrent.SingleThreadEventExecutor$5.run(SingleThreadEventExecutor.java:897)
	at org.apache.ratis.thirdparty.io.netty.util.concurrent.FastThreadLocalRunnable.run(FastThreadLocalRunnable.java:30)
	... 1 more
Caused by: java.net.ConnectException: Connection refused
	... 11 more
2019-08-21 07:13:52,260 INFO  impl.LeaderElection (LogUtils.java:infoOrTrace(149)) -   Exception 1: {}
java.util.concurrent.ExecutionException: org.apache.ratis.thirdparty.io.grpc.StatusRuntimeException: UNAVAILABLE: io exception
	at java.util.concurrent.FutureTask.report(FutureTask.java:122)
	at java.util.concurrent.FutureTask.get(FutureTask.java:192)
	at org.apache.ratis.server.impl.LeaderElection.waitForResults(LeaderElection.java:262)
	at org.apache.ratis.server.impl.LeaderElection.askForVotes(LeaderElection.java:200)
	at org.apache.ratis.server.impl.LeaderElection.run(LeaderElection.java:130)
	at java.lang.Thread.run(Thread.java:748)
Caused by: org.apache.ratis.thirdparty.io.grpc.StatusRuntimeException: UNAVAILABLE: io exception
	at org.apache.ratis.thirdparty.io.grpc.stub.ClientCalls.toStatusRuntimeException(ClientCalls.java:233)
	at org.apache.ratis.thirdparty.io.grpc.stub.ClientCalls.getUnchecked(ClientCalls.java:214)
	at org.apache.ratis.thirdparty.io.grpc.stub.ClientCalls.blockingUnaryCall(ClientCalls.java:139)
	at org.apache.ratis.proto.grpc.RaftServerProtocolServiceGrpc$RaftServerProtocolServiceBlockingStub.requestVote(RaftServerProtocolServiceGrpc.java:265)
	at org.apache.ratis.grpc.server.GrpcServerProtocolClient.requestVote(GrpcServerProtocolClient.java:83)
	at org.apache.ratis.grpc.server.GrpcService.requestVote(GrpcService.java:195)
	at org.apache.ratis.server.impl.LeaderElection.lambda$submitRequests$1(LeaderElection.java:237)
	at java.util.concurrent.FutureTask.run(FutureTask.java:266)
	at java.util.concurrent.Executors$RunnableAdapter.call(Executors.java:511)
	at java.util.concurrent.FutureTask.run(FutureTask.java:266)
	at java.util.concurrent.ThreadPoolExecutor.runWorker(ThreadPoolExecutor.java:1149)
	at java.util.concurrent.ThreadPoolExecutor$Worker.run(ThreadPoolExecutor.java:624)
	... 1 more
Caused by: org.apache.ratis.thirdparty.io.netty.channel.AbstractChannel$AnnotatedConnectException: Connection refused: /192.168.36.89:44091
	at sun.nio.ch.SocketChannelImpl.checkConnect(Native Method)
	at sun.nio.ch.SocketChannelImpl.finishConnect(SocketChannelImpl.java:717)
	at org.apache.ratis.thirdparty.io.netty.channel.socket.nio.NioSocketChannel.doFinishConnect(NioSocketChannel.java:327)
	at org.apache.ratis.thirdparty.io.netty.channel.nio.AbstractNioChannel$AbstractNioUnsafe.finishConnect(AbstractNioChannel.java:340)
	at org.apache.ratis.thirdparty.io.netty.channel.nio.NioEventLoop.processSelectedKey(NioEventLoop.java:632)
	at org.apache.ratis.thirdparty.io.netty.channel.nio.NioEventLoop.processSelectedKeysOptimized(NioEventLoop.java:579)
	at org.apache.ratis.thirdparty.io.netty.channel.nio.NioEventLoop.processSelectedKeys(NioEventLoop.java:496)
	at org.apache.ratis.thirdparty.io.netty.channel.nio.NioEventLoop.run(NioEventLoop.java:458)
	at org.apache.ratis.thirdparty.io.netty.util.concurrent.SingleThreadEventExecutor$5.run(SingleThreadEventExecutor.java:897)
	at org.apache.ratis.thirdparty.io.netty.util.concurrent.FastThreadLocalRunnable.run(FastThreadLocalRunnable.java:30)
	... 1 more
Caused by: java.net.ConnectException: Connection refused
	... 11 more
2019-08-21 07:13:52,260 INFO  impl.RaftServerImpl (RaftServerImpl.java:setRole(171)) - 65370939-d58a-4d15-8f1f-74ec23e08016:group-8A85C84074F6 changes role from CANDIDATE to FOLLOWER at term 2 for DISCOVERED_A_NEW_TERM
2019-08-21 07:13:52,260 INFO  impl.RoleInfo (RoleInfo.java:shutdownLeaderElection(134)) - 65370939-d58a-4d15-8f1f-74ec23e08016: shutdown LeaderElection
2019-08-21 07:13:52,261 INFO  impl.RoleInfo (RoleInfo.java:updateAndGet(143)) - 65370939-d58a-4d15-8f1f-74ec23e08016: start FollowerState
2019-08-21 07:13:52,406 INFO  node.StaleNodeHandler (StaleNodeHandler.java:onMessage(58)) - Datanode 21b1adc9-354e-4e99-9e4c-107100af86a3{ip: 192.168.36.89, host: pr-hdds-1935-8bnx7-2419419324, networkLocation: /default-rack, certSerialId: null} moved to stale state. Finalizing its pipelines [PipelineID=7c5558d0-ad2e-4d0d-a267-8a85c84074f6, PipelineID=53f25904-83da-43f2-b12a-5da1c92e844e]
2019-08-21 07:13:52,407 INFO  pipeline.SCMPipelineManager (SCMPipelineManager.java:finalizeAndDestroyPipeline(309)) - destroying pipeline:Pipeline[ Id: 7c5558d0-ad2e-4d0d-a267-8a85c84074f6, Nodes: 65370939-d58a-4d15-8f1f-74ec23e08016{ip: 192.168.36.89, host: pr-hdds-1935-8bnx7-2419419324, networkLocation: /default-rack, certSerialId: null}59272499-6723-441f-bb93-d5b089b2dd3f{ip: 192.168.36.89, host: pr-hdds-1935-8bnx7-2419419324, networkLocation: /default-rack, certSerialId: null}21b1adc9-354e-4e99-9e4c-107100af86a3{ip: 192.168.36.89, host: pr-hdds-1935-8bnx7-2419419324, networkLocation: /default-rack, certSerialId: null}, Type:RATIS, Factor:THREE, State:CLOSED]
2019-08-21 07:13:52,407 INFO  pipeline.SCMPipelineManager (SCMPipelineManager.java:finalizeAndDestroyPipeline(309)) - destroying pipeline:Pipeline[ Id: 53f25904-83da-43f2-b12a-5da1c92e844e, Nodes: 21b1adc9-354e-4e99-9e4c-107100af86a3{ip: 192.168.36.89, host: pr-hdds-1935-8bnx7-2419419324, networkLocation: /default-rack, certSerialId: null}, Type:RATIS, Factor:ONE, State:OPEN]
2019-08-21 07:13:52,407 INFO  pipeline.PipelineStateManager (PipelineStateManager.java:finalizePipeline(123)) - Pipeline Pipeline[ Id: 53f25904-83da-43f2-b12a-5da1c92e844e, Nodes: 21b1adc9-354e-4e99-9e4c-107100af86a3{ip: 192.168.36.89, host: pr-hdds-1935-8bnx7-2419419324, networkLocation: /default-rack, certSerialId: null}, Type:RATIS, Factor:ONE, State:CLOSED] moved to CLOSED state
2019-08-21 07:13:53,082 INFO  statemachine.DatanodeStateMachine (DatanodeStateMachine.java:lambda$startDaemon$0(350)) - Ozone container server started.
2019-08-21 07:13:57,166 INFO  ozoneimpl.OzoneContainer (OzoneContainer.java:stop(199)) - Attempting to stop container services.
2019-08-21 07:13:57,166 INFO  impl.RaftServerProxy (RaftServerProxy.java:lambda$close$4(314)) - 65370939-d58a-4d15-8f1f-74ec23e08016: close
2019-08-21 07:13:57,167 INFO  impl.RaftServerImpl (RaftServerImpl.java:lambda$shutdown$3(245)) - 65370939-d58a-4d15-8f1f-74ec23e08016: shutdown group-8A85C84074F6
2019-08-21 07:13:57,167 INFO  util.JmxRegister (JmxRegister.java:unregister(73)) - Successfully un-registered JMX Bean with object name Ratis:service=RaftServer,group=group-8A85C84074F6,id=65370939-d58a-4d15-8f1f-74ec23e08016
2019-08-21 07:13:57,167 INFO  impl.RoleInfo (RoleInfo.java:shutdownFollowerState(121)) - 65370939-d58a-4d15-8f1f-74ec23e08016: shutdown FollowerState
2019-08-21 07:13:57,168 INFO  impl.StateMachineUpdater (StateMachineUpdater.java:stopAndJoin(115)) - StateMachineUpdater:65370939-d58a-4d15-8f1f-74ec23e08016:group-8A85C84074F6: set stopIndex = -1
2019-08-21 07:13:57,168 INFO  impl.FollowerState (FollowerState.java:run(114)) - 65370939-d58a-4d15-8f1f-74ec23e08016: FollowerState was interrupted: java.lang.InterruptedException: sleep interrupted
2019-08-21 07:13:57,168 INFO  impl.RaftServerImpl (ServerState.java:close(394)) - 65370939-d58a-4d15-8f1f-74ec23e08016:group-8A85C84074F6 closes. The last applied log index is -1
2019-08-21 07:13:57,170 INFO  segmented.SegmentedRaftLogWorker (SegmentedRaftLogWorker.java:run(313)) - 65370939-d58a-4d15-8f1f-74ec23e08016-SegmentedRaftLogWorker:Storage Directory /workdir/hadoop-ozone/integration-test/target/test-dir/MiniOzoneClusterImpl-94ff2e65-e9dc-40d8-b5a4-a4b55580a6d4/datanode-2/data/ratis/7c5558d0-ad2e-4d0d-a267-8a85c84074f6 was interrupted, exiting. There are 0 tasks remaining in the queue.
2019-08-21 07:13:57,170 INFO  segmented.SegmentedRaftLogWorker (SegmentedRaftLogWorker.java:close(228)) - 65370939-d58a-4d15-8f1f-74ec23e08016-SegmentedRaftLogWorker:Storage Directory /workdir/hadoop-ozone/integration-test/target/test-dir/MiniOzoneClusterImpl-94ff2e65-e9dc-40d8-b5a4-a4b55580a6d4/datanode-2/data/ratis/7c5558d0-ad2e-4d0d-a267-8a85c84074f6 close()
2019-08-21 07:13:57,172 INFO  impl.RaftServerImpl (RaftServerImpl.java:lambda$shutdown$3(245)) - 65370939-d58a-4d15-8f1f-74ec23e08016: shutdown group-3D7466E0AE99
2019-08-21 07:13:57,172 INFO  util.JmxRegister (JmxRegister.java:unregister(73)) - Successfully un-registered JMX Bean with object name Ratis:service=RaftServer,group=group-3D7466E0AE99,id=65370939-d58a-4d15-8f1f-74ec23e08016
2019-08-21 07:13:57,172 INFO  impl.RoleInfo (RoleInfo.java:shutdownLeaderState(104)) - 65370939-d58a-4d15-8f1f-74ec23e08016: shutdown LeaderState
2019-08-21 07:13:57,173 INFO  impl.PendingRequests (PendingRequests.java:sendNotLeaderResponses(202)) - 65370939-d58a-4d15-8f1f-74ec23e08016-PendingRequests: sendNotLeaderResponses
2019-08-21 07:13:57,173 INFO  impl.StateMachineUpdater (StateMachineUpdater.java:stopAndJoin(115)) - StateMachineUpdater:65370939-d58a-4d15-8f1f-74ec23e08016:group-3D7466E0AE99: set stopIndex = 0
2019-08-21 07:13:57,173 INFO  impl.RaftServerImpl (ServerState.java:close(394)) - 65370939-d58a-4d15-8f1f-74ec23e08016:group-3D7466E0AE99 closes. The last applied log index is 0
2019-08-21 07:13:57,174 INFO  segmented.SegmentedRaftLogWorker (SegmentedRaftLogWorker.java:run(313)) - 65370939-d58a-4d15-8f1f-74ec23e08016-SegmentedRaftLogWorker:Storage Directory /workdir/hadoop-ozone/integration-test/target/test-dir/MiniOzoneClusterImpl-94ff2e65-e9dc-40d8-b5a4-a4b55580a6d4/datanode-2/data/ratis/8f60c17b-6936-4315-81c6-3d7466e0ae99 was interrupted, exiting. There are 0 tasks remaining in the queue.
2019-08-21 07:13:57,175 INFO  segmented.SegmentedRaftLogWorker (SegmentedRaftLogWorker.java:close(228)) - 65370939-d58a-4d15-8f1f-74ec23e08016-SegmentedRaftLogWorker:Storage Directory /workdir/hadoop-ozone/integration-test/target/test-dir/MiniOzoneClusterImpl-94ff2e65-e9dc-40d8-b5a4-a4b55580a6d4/datanode-2/data/ratis/8f60c17b-6936-4315-81c6-3d7466e0ae99 close()
2019-08-21 07:13:57,176 INFO  server.GrpcService (GrpcService.java:closeImpl(155)) - 65370939-d58a-4d15-8f1f-74ec23e08016: shutdown server with port 34069 now
2019-08-21 07:13:57,178 INFO  server.GrpcService (GrpcService.java:closeImpl(163)) - 65370939-d58a-4d15-8f1f-74ec23e08016: shutdown server with port 34069 successfully
2019-08-21 07:13:57,180 INFO  utils.BackgroundService (BackgroundService.java:shutdown(148)) - Shutting down service BlockDeletingService
2019-08-21 07:13:57,181 WARN  fs.CachingGetSpaceUsed (CachingGetSpaceUsed.java:run(183)) - Thread Interrupted waiting to refresh disk information: sleep interrupted
2019-08-21 07:13:57,206 INFO  statemachine.DatanodeStateMachine (DatanodeStateMachine.java:stopDaemon(395)) - Ozone container server stopped.
2019-08-21 07:13:57,208 INFO  handler.ContextHandler (ContextHandler.java:doStop(910)) - Stopped o.e.j.w.WebAppContext@5847c2fa{/,null,UNAVAILABLE}{/hddsDatanode}
2019-08-21 07:13:57,209 INFO  server.AbstractConnector (AbstractConnector.java:doStop(318)) - Stopped ServerConnector@4d959663{HTTP/1.1,[http/1.1]}{0.0.0.0:0}
2019-08-21 07:13:57,209 INFO  handler.ContextHandler (ContextHandler.java:doStop(910)) - Stopped o.e.j.s.ServletContextHandler@71b438e0{/static,jar:file:/home/user/.m2/repository/org/apache/hadoop/hadoop-hdds-container-service/0.5.0-SNAPSHOT/hadoop-hdds-container-service-0.5.0-SNAPSHOT.jar!/webapps/static,UNAVAILABLE}
2019-08-21 07:13:57,210 INFO  handler.ContextHandler (ContextHandler.java:doStop(910)) - Stopped o.e.j.s.ServletContextHandler@3ad88d{/logs,file:///workdir/hadoop-ozone/integration-test/target/log,UNAVAILABLE}
2019-08-21 07:13:57,214 INFO  impl.MetricsSystemImpl (MetricsSystemImpl.java:init(158)) - HddsDatanode metrics system started (again)
2019-08-21 07:13:57,251 INFO  ozone.HddsDatanodeService (HddsDatanodeService.java:start(184)) - HddsDatanodeService host:pr-hdds-1935-8bnx7-2419419324 ip:192.168.36.89
2019-08-21 07:13:57,254 INFO  volume.VolumeUsage (VolumeUsage.java:loadScmUsed(144)) - Cached ScmUsed found for /workdir/hadoop-ozone/integration-test/target/test-dir/MiniOzoneClusterImpl-94ff2e65-e9dc-40d8-b5a4-a4b55580a6d4/datanode-0/data/containers : 4096 
2019-08-21 07:13:57,255 INFO  volume.HddsVolume (HddsVolume.java:<init>(176)) - Creating Volume: /workdir/hadoop-ozone/integration-test/target/test-dir/MiniOzoneClusterImpl-94ff2e65-e9dc-40d8-b5a4-a4b55580a6d4/datanode-0/data/containers/hdds of  storage type : DISK and capacity : 1482555576320
2019-08-21 07:13:57,265 INFO  volume.VolumeSet (VolumeSet.java:initializeVolumeSet(170)) - Added Volume : /workdir/hadoop-ozone/integration-test/target/test-dir/MiniOzoneClusterImpl-94ff2e65-e9dc-40d8-b5a4-a4b55580a6d4/datanode-0/data/containers/hdds to VolumeSet
2019-08-21 07:13:57,266 INFO  volume.ThrottledAsyncChecker (ThrottledAsyncChecker.java:schedule(140)) - Scheduling a check for org.apache.hadoop.ozone.container.common.volume.HddsVolume@7d52ef73
2019-08-21 07:13:57,267 INFO  volume.HddsVolumeChecker (HddsVolumeChecker.java:checkAllVolumes(203)) - Scheduled health check for volume org.apache.hadoop.ozone.container.common.volume.HddsVolume@7d52ef73
2019-08-21 07:13:57,294 INFO  impl.RaftServerProxy (ConfUtils.java:logGet(43)) - raft.rpc.type = GRPC (default)
2019-08-21 07:13:57,295 INFO  grpc.GrpcFactory (GrpcFactory.java:checkPooledByteBufAllocatorUseCacheForAllThreads(45)) - PERFORMANCE WARNING: useCacheForAllThreads is true that may cause Netty to create a lot garbage objects and, as a result, trigger GC.
	It is recommended to disable useCacheForAllThreads by setting -Dorg.apache.ratis.thirdparty.io.netty.allocator.useCacheForAllThreads=false in command line.
2019-08-21 07:13:57,295 INFO  grpc.GrpcConfigKeys$Server (ConfUtils.java:logGet(43)) - raft.grpc.server.port = 42511 (custom)
2019-08-21 07:13:57,295 INFO  server.GrpcService (ConfUtils.java:logGet(43)) - raft.grpc.message.size.max = 33570816 (custom)
2019-08-21 07:13:57,295 INFO  server.RaftServerConfigKeys (ConfUtils.java:logGet(43)) - raft.server.log.appender.buffer.byte-limit = 33554432 (custom)
2019-08-21 07:13:57,296 INFO  server.GrpcService (ConfUtils.java:logGet(43)) - raft.grpc.flow.control.window = 1MB (=1048576) (default)
2019-08-21 07:13:57,296 INFO  server.RaftServerConfigKeys (ConfUtils.java:logGet(43)) - raft.server.rpc.request.timeout = 3000ms (default)
2019-08-21 07:13:57,297 INFO  server.RaftServerConfigKeys (ConfUtils.java:logGet(43)) - raft.server.storage.dir = [/workdir/hadoop-ozone/integration-test/target/test-dir/MiniOzoneClusterImpl-94ff2e65-e9dc-40d8-b5a4-a4b55580a6d4/datanode-0/data/ratis] (custom)
2019-08-21 07:13:57,297 INFO  impl.RaftServerProxy (RaftServerProxy.java:lambda$null$0(191)) - 59272499-6723-441f-bb93-d5b089b2dd3f: found a subdirectory /workdir/hadoop-ozone/integration-test/target/test-dir/MiniOzoneClusterImpl-94ff2e65-e9dc-40d8-b5a4-a4b55580a6d4/datanode-0/data/ratis/a9d73eeb-070d-4251-8e7c-4673422a28bc
2019-08-21 07:13:57,299 INFO  impl.RaftServerProxy (RaftServerProxy.java:addNew(89)) - 59272499-6723-441f-bb93-d5b089b2dd3f: addNew group-4673422A28BC:[] returns group-4673422A28BC:java.util.concurrent.CompletableFuture@24468082[Not completed]
2019-08-21 07:13:57,300 INFO  impl.RaftServerProxy (RaftServerProxy.java:lambda$null$0(191)) - 59272499-6723-441f-bb93-d5b089b2dd3f: found a subdirectory /workdir/hadoop-ozone/integration-test/target/test-dir/MiniOzoneClusterImpl-94ff2e65-e9dc-40d8-b5a4-a4b55580a6d4/datanode-0/data/ratis/7c5558d0-ad2e-4d0d-a267-8a85c84074f6
2019-08-21 07:13:57,300 INFO  impl.RaftServerProxy (RaftServerProxy.java:addNew(89)) - 59272499-6723-441f-bb93-d5b089b2dd3f: addNew group-8A85C84074F6:[] returns group-8A85C84074F6:java.util.concurrent.CompletableFuture@5f26a366[Not completed]
2019-08-21 07:13:57,301 INFO  replication.SimpleContainerDownloader (SimpleContainerDownloader.java:<init>(72)) - Starting container downloader service to copy containers to replicate.
2019-08-21 07:13:57,301 INFO  impl.RaftServerImpl (RaftServerImpl.java:<init>(93)) - 59272499-6723-441f-bb93-d5b089b2dd3f: new RaftServerImpl for group-4673422A28BC:[] with ContainerStateMachine:uninitialized
2019-08-21 07:13:57,301 INFO  server.RaftServerConfigKeys (ConfUtils.java:logGet(43)) - raft.server.rpc.timeout.min = 5s (custom)
2019-08-21 07:13:57,302 INFO  server.RaftServerConfigKeys (ConfUtils.java:logGet(43)) - raft.server.rpc.timeout.max = 5200ms (custom)
2019-08-21 07:13:57,302 INFO  server.RaftServerConfigKeys (ConfUtils.java:logGet(43)) - raft.server.rpcslowness.timeout = 120s (custom)
2019-08-21 07:13:57,302 INFO  server.RaftServerConfigKeys (ConfUtils.java:logGet(43)) - raft.server.sleep.deviation.threshold = 300 (default)
2019-08-21 07:13:57,302 INFO  server.RaftServerConfigKeys (ConfUtils.java:logGet(43)) - raft.server.log.appender.install.snapshot.enabled = false (custom)
2019-08-21 07:13:57,302 INFO  impl.RaftServerImpl (ServerState.java:<init>(105)) - 59272499-6723-441f-bb93-d5b089b2dd3f:group-4673422A28BC ConfigurationManager, init=-1: [], old=null, confs=<EMPTY_MAP>
2019-08-21 07:13:57,302 INFO  server.RaftServerConfigKeys (ConfUtils.java:logGet(43)) - raft.server.storage.dir = [/workdir/hadoop-ozone/integration-test/target/test-dir/MiniOzoneClusterImpl-94ff2e65-e9dc-40d8-b5a4-a4b55580a6d4/datanode-0/data/ratis] (custom)
2019-08-21 07:13:57,303 INFO  hdfs.DFSUtil (DFSUtil.java:httpServerTemplateForNNAndJN(1641)) - Starting Web-server for hddsDatanode at: http://0.0.0.0:45625
2019-08-21 07:13:57,305 INFO  server.AuthenticationFilter (AuthenticationFilter.java:constructSecretProvider(240)) - Unable to initialize FileSignerSecretProvider, falling back to use random secrets.
2019-08-21 07:13:57,305 WARN  http.HttpRequestLog (HttpRequestLog.java:getRequestLog(97)) - Jetty request log can only be enabled using Log4j
2019-08-21 07:13:57,307 INFO  http.HttpServer2 (HttpServer2.java:addGlobalFilter(975)) - Added global filter 'safety' (class=org.apache.hadoop.http.HttpServer2$QuotingInputFilter)
2019-08-21 07:13:57,308 INFO  http.HttpServer2 (HttpServer2.java:addFilter(948)) - Added filter static_user_filter (class=org.apache.hadoop.http.lib.StaticUserWebFilter$StaticUserFilter) to context hddsDatanode
2019-08-21 07:13:57,308 INFO  http.HttpServer2 (HttpServer2.java:addFilter(958)) - Added filter static_user_filter (class=org.apache.hadoop.http.lib.StaticUserWebFilter$StaticUserFilter) to context static
2019-08-21 07:13:57,308 INFO  http.HttpServer2 (HttpServer2.java:addFilter(958)) - Added filter static_user_filter (class=org.apache.hadoop.http.lib.StaticUserWebFilter$StaticUserFilter) to context logs
2019-08-21 07:13:57,309 INFO  http.HttpServer2 (HttpServer2.java:bindListener(1191)) - Jetty bound to port 45625
2019-08-21 07:13:57,309 INFO  server.Server (Server.java:doStart(351)) - jetty-9.3.24.v20180605, build timestamp: 2018-06-05T17:11:56Z, git hash: 84205aa28f11a4f31f2a3b86d1bba2cc8ab69827
2019-08-21 07:13:57,311 INFO  handler.ContextHandler (ContextHandler.java:doStart(781)) - Started o.e.j.s.ServletContextHandler@3d99a383{/logs,file:///workdir/hadoop-ozone/integration-test/target/log,AVAILABLE}
2019-08-21 07:13:57,312 INFO  handler.ContextHandler (ContextHandler.java:doStart(781)) - Started o.e.j.s.ServletContextHandler@6a51bfa8{/static,jar:file:/home/user/.m2/repository/org/apache/hadoop/hadoop-hdds-container-service/0.5.0-SNAPSHOT/hadoop-hdds-container-service-0.5.0-SNAPSHOT.jar!/webapps/static,AVAILABLE}
2019-08-21 07:13:57,348 INFO  handler.ContextHandler (ContextHandler.java:doStart(781)) - Started o.e.j.w.WebAppContext@7dcc7384{/,file:///tmp/jetty-0.0.0.0-45625-hddsDatanode-_-any-5146609374893726644.dir/webapp/,AVAILABLE}{/hddsDatanode}
2019-08-21 07:13:57,349 INFO  server.AbstractConnector (AbstractConnector.java:doStart(278)) - Started ServerConnector@416510a2{HTTP/1.1,[http/1.1]}{0.0.0.0:45625}
2019-08-21 07:13:57,350 INFO  server.Server (Server.java:doStart(419)) - Started @51622ms
2019-08-21 07:13:57,350 WARN  impl.MetricsSystemImpl (MetricsSystemImpl.java:register(276)) - Sink prometheus already exists!
2019-08-21 07:13:57,351 INFO  server.BaseHttpServer (BaseHttpServer.java:updateConnectorAddress(215)) - HTTP server of HDDSDATANODE is listening at http://0.0.0.0:45625
2019-08-21 07:13:57,407 INFO  node.StaleNodeHandler (StaleNodeHandler.java:onMessage(58)) - Datanode 65370939-d58a-4d15-8f1f-74ec23e08016{ip: 192.168.36.89, host: pr-hdds-1935-8bnx7-2419419324, networkLocation: /default-rack, certSerialId: null} moved to stale state. Finalizing its pipelines [PipelineID=7c5558d0-ad2e-4d0d-a267-8a85c84074f6, PipelineID=8f60c17b-6936-4315-81c6-3d7466e0ae99]
2019-08-21 07:13:57,408 INFO  pipeline.SCMPipelineManager (SCMPipelineManager.java:finalizeAndDestroyPipeline(309)) - destroying pipeline:Pipeline[ Id: 7c5558d0-ad2e-4d0d-a267-8a85c84074f6, Nodes: 65370939-d58a-4d15-8f1f-74ec23e08016{ip: 192.168.36.89, host: pr-hdds-1935-8bnx7-2419419324, networkLocation: /default-rack, certSerialId: null}59272499-6723-441f-bb93-d5b089b2dd3f{ip: 192.168.36.89, host: pr-hdds-1935-8bnx7-2419419324, networkLocation: /default-rack, certSerialId: null}21b1adc9-354e-4e99-9e4c-107100af86a3{ip: 192.168.36.89, host: pr-hdds-1935-8bnx7-2419419324, networkLocation: /default-rack, certSerialId: null}, Type:RATIS, Factor:THREE, State:CLOSED]
2019-08-21 07:13:57,408 INFO  pipeline.SCMPipelineManager (SCMPipelineManager.java:finalizeAndDestroyPipeline(309)) - destroying pipeline:Pipeline[ Id: 8f60c17b-6936-4315-81c6-3d7466e0ae99, Nodes: 65370939-d58a-4d15-8f1f-74ec23e08016{ip: 192.168.36.89, host: pr-hdds-1935-8bnx7-2419419324, networkLocation: /default-rack, certSerialId: null}, Type:RATIS, Factor:ONE, State:OPEN]
2019-08-21 07:13:57,408 INFO  pipeline.PipelineStateManager (PipelineStateManager.java:finalizePipeline(123)) - Pipeline Pipeline[ Id: 8f60c17b-6936-4315-81c6-3d7466e0ae99, Nodes: 65370939-d58a-4d15-8f1f-74ec23e08016{ip: 192.168.36.89, host: pr-hdds-1935-8bnx7-2419419324, networkLocation: /default-rack, certSerialId: null}, Type:RATIS, Factor:ONE, State:CLOSED] moved to CLOSED state
2019-08-21 07:13:57,447 INFO  storage.RaftStorageDirectory (RaftStorageDirectory.java:tryLock(328)) - Lock on /workdir/hadoop-ozone/integration-test/target/test-dir/MiniOzoneClusterImpl-94ff2e65-e9dc-40d8-b5a4-a4b55580a6d4/datanode-0/data/ratis/a9d73eeb-070d-4251-8e7c-4673422a28bc/in_use.lock acquired by nodename 4895@pr-hdds-1935-8bnx7-2419419324
2019-08-21 07:13:57,448 INFO  ratis.ContainerStateMachine (ContainerStateMachine.java:loadSnapshot(222)) - group-4673422A28BC: The snapshot info is null. Setting the last applied indexto:(t:0, i:~)
2019-08-21 07:13:57,449 INFO  server.RaftServerConfigKeys (ConfUtils.java:logGet(43)) - raft.server.leader.election.timeout = 120s (custom)
2019-08-21 07:13:57,449 INFO  server.RaftServerConfigKeys (ConfUtils.java:logGet(43)) - raft.server.log.use.memory = false (default)
2019-08-21 07:13:57,449 INFO  server.RaftServerConfigKeys (ConfUtils.java:logGet(43)) - raft.server.log.purge.gap = 1000000000 (custom)
2019-08-21 07:13:57,449 INFO  server.RaftServerConfigKeys (ConfUtils.java:logGet(43)) - raft.server.log.appender.buffer.byte-limit = 33554432 (custom)
2019-08-21 07:13:57,449 INFO  server.RaftServerConfigKeys (ConfUtils.java:logGet(43)) - raft.server.log.segment.size.max = 1048576 (custom)
2019-08-21 07:13:57,449 INFO  server.RaftServerConfigKeys (ConfUtils.java:logGet(43)) - raft.server.log.segment.cache.num.max = 2 (custom)
2019-08-21 07:13:57,450 INFO  segmented.SegmentedRaftLogWorker (SegmentedRaftLogWorker.java:<init>(172)) - new 59272499-6723-441f-bb93-d5b089b2dd3f-SegmentedRaftLogWorker:Storage Directory /workdir/hadoop-ozone/integration-test/target/test-dir/MiniOzoneClusterImpl-94ff2e65-e9dc-40d8-b5a4-a4b55580a6d4/datanode-0/data/ratis/a9d73eeb-070d-4251-8e7c-4673422a28bc for RaftStorage:Storage Directory /workdir/hadoop-ozone/integration-test/target/test-dir/MiniOzoneClusterImpl-94ff2e65-e9dc-40d8-b5a4-a4b55580a6d4/datanode-0/data/ratis/a9d73eeb-070d-4251-8e7c-4673422a28bc
2019-08-21 07:13:57,450 INFO  server.RaftServerConfigKeys (ConfUtils.java:logGet(43)) - raft.server.log.queue.byte-limit = 2147483647 (custom)
2019-08-21 07:13:57,450 INFO  server.RaftServerConfigKeys (ConfUtils.java:logGet(43)) - raft.server.log.queue.element-limit = 1024 (custom)
2019-08-21 07:13:57,450 INFO  server.RaftServerConfigKeys (ConfUtils.java:logGet(43)) - raft.server.log.segment.size.max = 1048576 (custom)
2019-08-21 07:13:57,450 INFO  server.RaftServerConfigKeys (ConfUtils.java:logGet(43)) - raft.server.log.preallocated.size = 16384 (custom)
2019-08-21 07:13:57,450 INFO  server.RaftServerConfigKeys (ConfUtils.java:logGet(43)) - raft.server.log.write.buffer.size = 33554432 (custom)
2019-08-21 07:13:57,450 INFO  server.RaftServerConfigKeys (ConfUtils.java:logGet(43)) - raft.server.log.force.sync.num = 128 (default)
2019-08-21 07:13:57,451 INFO  server.RaftServerConfigKeys (ConfUtils.java:logGet(43)) - raft.server.log.statemachine.data.sync = true (default)
2019-08-21 07:13:57,451 INFO  server.RaftServerConfigKeys (ConfUtils.java:logGet(43)) - raft.server.log.statemachine.data.sync.timeout = 10s (default)
2019-08-21 07:13:57,451 INFO  server.RaftServerConfigKeys (ConfUtils.java:logGet(43)) - raft.server.log.statemachine.data.sync.timeout.retry = -1 (default)
2019-08-21 07:13:57,451 INFO  server.RaftServerConfigKeys (ConfUtils.java:logGet(43)) - raft.server.log.statemachine.data.caching.enabled = true (custom)
2019-08-21 07:13:57,458 INFO  impl.RaftServerImpl (ServerState.java:setRaftConf(361)) - 59272499-6723-441f-bb93-d5b089b2dd3f:group-4673422A28BC set configuration 0: [59272499-6723-441f-bb93-d5b089b2dd3f:192.168.36.89:42511], old=null at 0
2019-08-21 07:13:57,459 INFO  segmented.LogSegment (LogSegment.java:loadSegment(145)) - Successfully read 1 entries from segment file /workdir/hadoop-ozone/integration-test/target/test-dir/MiniOzoneClusterImpl-94ff2e65-e9dc-40d8-b5a4-a4b55580a6d4/datanode-0/data/ratis/a9d73eeb-070d-4251-8e7c-4673422a28bc/current/log_inprogress_0
2019-08-21 07:13:57,459 INFO  segmented.SegmentedRaftLogWorker (SegmentedRaftLogWorker.java:lambda$new$0(132)) - 59272499-6723-441f-bb93-d5b089b2dd3f-SegmentedRaftLogWorker:Storage Directory /workdir/hadoop-ozone/integration-test/target/test-dir/MiniOzoneClusterImpl-94ff2e65-e9dc-40d8-b5a4-a4b55580a6d4/datanode-0/data/ratis/a9d73eeb-070d-4251-8e7c-4673422a28bc: flushIndex: setUnconditionally 0 -> 0
2019-08-21 07:13:57,486 INFO  server.RaftServerConfigKeys (ConfUtils.java:logGet(43)) - raft.server.snapshot.auto.trigger.enabled = true (custom)
2019-08-21 07:13:57,486 INFO  server.RaftServerConfigKeys (ConfUtils.java:logGet(43)) - raft.server.snapshot.auto.trigger.threshold = 10000 (custom)
2019-08-21 07:13:57,487 INFO  server.RaftServerConfigKeys (ConfUtils.java:logGet(43)) - raft.server.retrycache.expirytime = 600000ms (custom)
2019-08-21 07:13:57,488 INFO  impl.RaftServerImpl (RaftServerImpl.java:<init>(93)) - 59272499-6723-441f-bb93-d5b089b2dd3f: new RaftServerImpl for group-8A85C84074F6:[] with ContainerStateMachine:uninitialized
2019-08-21 07:13:57,488 INFO  server.RaftServerConfigKeys (ConfUtils.java:logGet(43)) - raft.server.rpc.timeout.min = 5s (custom)
2019-08-21 07:13:57,488 INFO  server.RaftServerConfigKeys (ConfUtils.java:logGet(43)) - raft.server.rpc.timeout.max = 5200ms (custom)
2019-08-21 07:13:57,488 INFO  server.RaftServerConfigKeys (ConfUtils.java:logGet(43)) - raft.server.rpcslowness.timeout = 120s (custom)
2019-08-21 07:13:57,488 INFO  server.RaftServerConfigKeys (ConfUtils.java:logGet(43)) - raft.server.sleep.deviation.threshold = 300 (default)
2019-08-21 07:13:57,489 INFO  server.RaftServerConfigKeys (ConfUtils.java:logGet(43)) - raft.server.log.appender.install.snapshot.enabled = false (custom)
2019-08-21 07:13:57,489 INFO  impl.RaftServerImpl (ServerState.java:<init>(105)) - 59272499-6723-441f-bb93-d5b089b2dd3f:group-8A85C84074F6 ConfigurationManager, init=-1: [], old=null, confs=<EMPTY_MAP>
2019-08-21 07:13:57,489 INFO  server.RaftServerConfigKeys (ConfUtils.java:logGet(43)) - raft.server.storage.dir = [/workdir/hadoop-ozone/integration-test/target/test-dir/MiniOzoneClusterImpl-94ff2e65-e9dc-40d8-b5a4-a4b55580a6d4/datanode-0/data/ratis] (custom)
2019-08-21 07:13:57,497 INFO  ozone.HddsDatanodeService (HddsDatanodeService.java:startPlugins(395)) - Started plug-in org.apache.hadoop.ozone.web.OzoneHddsDatanodeService@2e469a03
2019-08-21 07:13:57,499 INFO  impl.MetricsSystemImpl (MetricsSystemImpl.java:init(158)) - HddsDatanode metrics system started (again)
2019-08-21 07:13:57,499 INFO  util.JvmPauseMonitor (JvmPauseMonitor.java:run(188)) - Starting JVM pause monitor
2019-08-21 07:13:57,502 INFO  ozone.HddsDatanodeService (HddsDatanodeService.java:start(184)) - HddsDatanodeService host:pr-hdds-1935-8bnx7-2419419324 ip:192.168.36.89
2019-08-21 07:13:57,503 INFO  volume.VolumeUsage (VolumeUsage.java:loadScmUsed(144)) - Cached ScmUsed found for /workdir/hadoop-ozone/integration-test/target/test-dir/MiniOzoneClusterImpl-94ff2e65-e9dc-40d8-b5a4-a4b55580a6d4/datanode-1/data/containers : 4096 
2019-08-21 07:13:57,504 INFO  volume.HddsVolume (HddsVolume.java:<init>(176)) - Creating Volume: /workdir/hadoop-ozone/integration-test/target/test-dir/MiniOzoneClusterImpl-94ff2e65-e9dc-40d8-b5a4-a4b55580a6d4/datanode-1/data/containers/hdds of  storage type : DISK and capacity : 1482555576320
2019-08-21 07:13:57,504 INFO  volume.VolumeSet (VolumeSet.java:initializeVolumeSet(170)) - Added Volume : /workdir/hadoop-ozone/integration-test/target/test-dir/MiniOzoneClusterImpl-94ff2e65-e9dc-40d8-b5a4-a4b55580a6d4/datanode-1/data/containers/hdds to VolumeSet
2019-08-21 07:13:57,504 INFO  volume.ThrottledAsyncChecker (ThrottledAsyncChecker.java:schedule(140)) - Scheduling a check for org.apache.hadoop.ozone.container.common.volume.HddsVolume@6d34991e
2019-08-21 07:13:57,505 INFO  volume.HddsVolumeChecker (HddsVolumeChecker.java:checkAllVolumes(203)) - Scheduled health check for volume org.apache.hadoop.ozone.container.common.volume.HddsVolume@6d34991e
2019-08-21 07:13:57,523 INFO  impl.RaftServerProxy (ConfUtils.java:logGet(43)) - raft.rpc.type = GRPC (default)
2019-08-21 07:13:57,523 INFO  grpc.GrpcFactory (GrpcFactory.java:checkPooledByteBufAllocatorUseCacheForAllThreads(45)) - PERFORMANCE WARNING: useCacheForAllThreads is true that may cause Netty to create a lot garbage objects and, as a result, trigger GC.
	It is recommended to disable useCacheForAllThreads by setting -Dorg.apache.ratis.thirdparty.io.netty.allocator.useCacheForAllThreads=false in command line.
2019-08-21 07:13:57,523 INFO  grpc.GrpcConfigKeys$Server (ConfUtils.java:logGet(43)) - raft.grpc.server.port = 44091 (custom)
2019-08-21 07:13:57,523 INFO  server.GrpcService (ConfUtils.java:logGet(43)) - raft.grpc.message.size.max = 33570816 (custom)
2019-08-21 07:13:57,524 INFO  server.RaftServerConfigKeys (ConfUtils.java:logGet(43)) - raft.server.log.appender.buffer.byte-limit = 33554432 (custom)
2019-08-21 07:13:57,524 INFO  server.GrpcService (ConfUtils.java:logGet(43)) - raft.grpc.flow.control.window = 1MB (=1048576) (default)
2019-08-21 07:13:57,524 INFO  server.RaftServerConfigKeys (ConfUtils.java:logGet(43)) - raft.server.rpc.request.timeout = 3000ms (default)
2019-08-21 07:13:57,524 INFO  server.RaftServerConfigKeys (ConfUtils.java:logGet(43)) - raft.server.storage.dir = [/workdir/hadoop-ozone/integration-test/target/test-dir/MiniOzoneClusterImpl-94ff2e65-e9dc-40d8-b5a4-a4b55580a6d4/datanode-1/data/ratis] (custom)
2019-08-21 07:13:57,525 INFO  impl.RaftServerProxy (RaftServerProxy.java:lambda$null$0(191)) - 21b1adc9-354e-4e99-9e4c-107100af86a3: found a subdirectory /workdir/hadoop-ozone/integration-test/target/test-dir/MiniOzoneClusterImpl-94ff2e65-e9dc-40d8-b5a4-a4b55580a6d4/datanode-1/data/ratis/53f25904-83da-43f2-b12a-5da1c92e844e
2019-08-21 07:13:57,525 INFO  impl.RaftServerProxy (RaftServerProxy.java:addNew(89)) - 21b1adc9-354e-4e99-9e4c-107100af86a3: addNew group-5DA1C92E844E:[] returns group-5DA1C92E844E:java.util.concurrent.CompletableFuture@7243d882[Not completed]
2019-08-21 07:13:57,525 INFO  impl.RaftServerProxy (RaftServerProxy.java:lambda$null$0(191)) - 21b1adc9-354e-4e99-9e4c-107100af86a3: found a subdirectory /workdir/hadoop-ozone/integration-test/target/test-dir/MiniOzoneClusterImpl-94ff2e65-e9dc-40d8-b5a4-a4b55580a6d4/datanode-1/data/ratis/7c5558d0-ad2e-4d0d-a267-8a85c84074f6
2019-08-21 07:13:57,525 INFO  impl.RaftServerProxy (RaftServerProxy.java:addNew(89)) - 21b1adc9-354e-4e99-9e4c-107100af86a3: addNew group-8A85C84074F6:[] returns group-8A85C84074F6:java.util.concurrent.CompletableFuture@27c4c6c8[Not completed]
2019-08-21 07:13:57,526 INFO  replication.SimpleContainerDownloader (SimpleContainerDownloader.java:<init>(72)) - Starting container downloader service to copy containers to replicate.
2019-08-21 07:13:57,527 INFO  impl.RaftServerImpl (RaftServerImpl.java:<init>(93)) - 21b1adc9-354e-4e99-9e4c-107100af86a3: new RaftServerImpl for group-5DA1C92E844E:[] with ContainerStateMachine:uninitialized
2019-08-21 07:13:57,527 INFO  server.RaftServerConfigKeys (ConfUtils.java:logGet(43)) - raft.server.rpc.timeout.min = 5s (custom)
2019-08-21 07:13:57,527 INFO  server.RaftServerConfigKeys (ConfUtils.java:logGet(43)) - raft.server.rpc.timeout.max = 5200ms (custom)
2019-08-21 07:13:57,527 INFO  server.RaftServerConfigKeys (ConfUtils.java:logGet(43)) - raft.server.rpcslowness.timeout = 120s (custom)
2019-08-21 07:13:57,527 INFO  server.RaftServerConfigKeys (ConfUtils.java:logGet(43)) - raft.server.sleep.deviation.threshold = 300 (default)
2019-08-21 07:13:57,528 INFO  server.RaftServerConfigKeys (ConfUtils.java:logGet(43)) - raft.server.log.appender.install.snapshot.enabled = false (custom)
2019-08-21 07:13:57,528 INFO  impl.RaftServerImpl (ServerState.java:<init>(105)) - 21b1adc9-354e-4e99-9e4c-107100af86a3:group-5DA1C92E844E ConfigurationManager, init=-1: [], old=null, confs=<EMPTY_MAP>
2019-08-21 07:13:57,528 INFO  server.RaftServerConfigKeys (ConfUtils.java:logGet(43)) - raft.server.storage.dir = [/workdir/hadoop-ozone/integration-test/target/test-dir/MiniOzoneClusterImpl-94ff2e65-e9dc-40d8-b5a4-a4b55580a6d4/datanode-1/data/ratis] (custom)
2019-08-21 07:13:57,528 INFO  hdfs.DFSUtil (DFSUtil.java:httpServerTemplateForNNAndJN(1641)) - Starting Web-server for hddsDatanode at: http://0.0.0.0:40690
2019-08-21 07:13:57,529 INFO  server.AuthenticationFilter (AuthenticationFilter.java:constructSecretProvider(240)) - Unable to initialize FileSignerSecretProvider, falling back to use random secrets.
2019-08-21 07:13:57,530 WARN  http.HttpRequestLog (HttpRequestLog.java:getRequestLog(97)) - Jetty request log can only be enabled using Log4j
2019-08-21 07:13:57,531 INFO  http.HttpServer2 (HttpServer2.java:addGlobalFilter(975)) - Added global filter 'safety' (class=org.apache.hadoop.http.HttpServer2$QuotingInputFilter)
2019-08-21 07:13:57,532 INFO  http.HttpServer2 (HttpServer2.java:addFilter(948)) - Added filter static_user_filter (class=org.apache.hadoop.http.lib.StaticUserWebFilter$StaticUserFilter) to context hddsDatanode
2019-08-21 07:13:57,532 INFO  http.HttpServer2 (HttpServer2.java:addFilter(958)) - Added filter static_user_filter (class=org.apache.hadoop.http.lib.StaticUserWebFilter$StaticUserFilter) to context logs
2019-08-21 07:13:57,532 INFO  http.HttpServer2 (HttpServer2.java:addFilter(958)) - Added filter static_user_filter (class=org.apache.hadoop.http.lib.StaticUserWebFilter$StaticUserFilter) to context static
2019-08-21 07:13:57,533 INFO  http.HttpServer2 (HttpServer2.java:bindListener(1191)) - Jetty bound to port 40690
2019-08-21 07:13:57,533 INFO  server.Server (Server.java:doStart(351)) - jetty-9.3.24.v20180605, build timestamp: 2018-06-05T17:11:56Z, git hash: 84205aa28f11a4f31f2a3b86d1bba2cc8ab69827
2019-08-21 07:13:57,535 INFO  handler.ContextHandler (ContextHandler.java:doStart(781)) - Started o.e.j.s.ServletContextHandler@743d31ed{/logs,file:///workdir/hadoop-ozone/integration-test/target/log,AVAILABLE}
2019-08-21 07:13:57,536 INFO  handler.ContextHandler (ContextHandler.java:doStart(781)) - Started o.e.j.s.ServletContextHandler@6e37860d{/static,jar:file:/home/user/.m2/repository/org/apache/hadoop/hadoop-hdds-container-service/0.5.0-SNAPSHOT/hadoop-hdds-container-service-0.5.0-SNAPSHOT.jar!/webapps/static,AVAILABLE}
2019-08-21 07:13:57,550 INFO  storage.RaftStorageDirectory (RaftStorageDirectory.java:tryLock(328)) - Lock on /workdir/hadoop-ozone/integration-test/target/test-dir/MiniOzoneClusterImpl-94ff2e65-e9dc-40d8-b5a4-a4b55580a6d4/datanode-1/data/ratis/53f25904-83da-43f2-b12a-5da1c92e844e/in_use.lock acquired by nodename 4895@pr-hdds-1935-8bnx7-2419419324
2019-08-21 07:13:57,550 INFO  storage.RaftStorageDirectory (RaftStorageDirectory.java:tryLock(328)) - Lock on /workdir/hadoop-ozone/integration-test/target/test-dir/MiniOzoneClusterImpl-94ff2e65-e9dc-40d8-b5a4-a4b55580a6d4/datanode-0/data/ratis/7c5558d0-ad2e-4d0d-a267-8a85c84074f6/in_use.lock acquired by nodename 4895@pr-hdds-1935-8bnx7-2419419324
2019-08-21 07:13:57,553 INFO  ratis.ContainerStateMachine (ContainerStateMachine.java:loadSnapshot(222)) - group-8A85C84074F6: The snapshot info is null. Setting the last applied indexto:(t:0, i:~)
2019-08-21 07:13:57,553 INFO  ratis.ContainerStateMachine (ContainerStateMachine.java:loadSnapshot(222)) - group-5DA1C92E844E: The snapshot info is null. Setting the last applied indexto:(t:0, i:~)
2019-08-21 07:13:57,553 INFO  server.RaftServerConfigKeys (ConfUtils.java:logGet(43)) - raft.server.leader.election.timeout = 120s (custom)
2019-08-21 07:13:57,553 INFO  server.RaftServerConfigKeys (ConfUtils.java:logGet(43)) - raft.server.leader.election.timeout = 120s (custom)
2019-08-21 07:13:57,553 INFO  server.RaftServerConfigKeys (ConfUtils.java:logGet(43)) - raft.server.log.use.memory = false (default)
2019-08-21 07:13:57,553 INFO  server.RaftServerConfigKeys (ConfUtils.java:logGet(43)) - raft.server.log.use.memory = false (default)
2019-08-21 07:13:57,553 INFO  server.RaftServerConfigKeys (ConfUtils.java:logGet(43)) - raft.server.log.purge.gap = 1000000000 (custom)
2019-08-21 07:13:57,553 INFO  server.RaftServerConfigKeys (ConfUtils.java:logGet(43)) - raft.server.log.purge.gap = 1000000000 (custom)
2019-08-21 07:13:57,553 INFO  server.RaftServerConfigKeys (ConfUtils.java:logGet(43)) - raft.server.log.appender.buffer.byte-limit = 33554432 (custom)
2019-08-21 07:13:57,553 INFO  server.RaftServerConfigKeys (ConfUtils.java:logGet(43)) - raft.server.log.appender.buffer.byte-limit = 33554432 (custom)
2019-08-21 07:13:57,554 INFO  server.RaftServerConfigKeys (ConfUtils.java:logGet(43)) - raft.server.log.segment.size.max = 1048576 (custom)
2019-08-21 07:13:57,554 INFO  server.RaftServerConfigKeys (ConfUtils.java:logGet(43)) - raft.server.log.segment.size.max = 1048576 (custom)
2019-08-21 07:13:57,554 INFO  server.RaftServerConfigKeys (ConfUtils.java:logGet(43)) - raft.server.log.segment.cache.num.max = 2 (custom)
2019-08-21 07:13:57,554 INFO  server.RaftServerConfigKeys (ConfUtils.java:logGet(43)) - raft.server.log.segment.cache.num.max = 2 (custom)
2019-08-21 07:13:57,554 INFO  segmented.SegmentedRaftLogWorker (SegmentedRaftLogWorker.java:<init>(172)) - new 59272499-6723-441f-bb93-d5b089b2dd3f-SegmentedRaftLogWorker:Storage Directory /workdir/hadoop-ozone/integration-test/target/test-dir/MiniOzoneClusterImpl-94ff2e65-e9dc-40d8-b5a4-a4b55580a6d4/datanode-0/data/ratis/7c5558d0-ad2e-4d0d-a267-8a85c84074f6 for RaftStorage:Storage Directory /workdir/hadoop-ozone/integration-test/target/test-dir/MiniOzoneClusterImpl-94ff2e65-e9dc-40d8-b5a4-a4b55580a6d4/datanode-0/data/ratis/7c5558d0-ad2e-4d0d-a267-8a85c84074f6
2019-08-21 07:13:57,554 INFO  segmented.SegmentedRaftLogWorker (SegmentedRaftLogWorker.java:<init>(172)) - new 21b1adc9-354e-4e99-9e4c-107100af86a3-SegmentedRaftLogWorker:Storage Directory /workdir/hadoop-ozone/integration-test/target/test-dir/MiniOzoneClusterImpl-94ff2e65-e9dc-40d8-b5a4-a4b55580a6d4/datanode-1/data/ratis/53f25904-83da-43f2-b12a-5da1c92e844e for RaftStorage:Storage Directory /workdir/hadoop-ozone/integration-test/target/test-dir/MiniOzoneClusterImpl-94ff2e65-e9dc-40d8-b5a4-a4b55580a6d4/datanode-1/data/ratis/53f25904-83da-43f2-b12a-5da1c92e844e
2019-08-21 07:13:57,554 INFO  server.RaftServerConfigKeys (ConfUtils.java:logGet(43)) - raft.server.log.queue.byte-limit = 2147483647 (custom)
2019-08-21 07:13:57,554 INFO  server.RaftServerConfigKeys (ConfUtils.java:logGet(43)) - raft.server.log.queue.byte-limit = 2147483647 (custom)
2019-08-21 07:13:57,554 INFO  server.RaftServerConfigKeys (ConfUtils.java:logGet(43)) - raft.server.log.queue.element-limit = 1024 (custom)
2019-08-21 07:13:57,555 INFO  server.RaftServerConfigKeys (ConfUtils.java:logGet(43)) - raft.server.log.queue.element-limit = 1024 (custom)
2019-08-21 07:13:57,555 INFO  server.RaftServerConfigKeys (ConfUtils.java:logGet(43)) - raft.server.log.segment.size.max = 1048576 (custom)
2019-08-21 07:13:57,555 INFO  server.RaftServerConfigKeys (ConfUtils.java:logGet(43)) - raft.server.log.segment.size.max = 1048576 (custom)
2019-08-21 07:13:57,555 INFO  server.RaftServerConfigKeys (ConfUtils.java:logGet(43)) - raft.server.log.preallocated.size = 16384 (custom)
2019-08-21 07:13:57,555 INFO  server.RaftServerConfigKeys (ConfUtils.java:logGet(43)) - raft.server.log.preallocated.size = 16384 (custom)
2019-08-21 07:13:57,555 INFO  server.RaftServerConfigKeys (ConfUtils.java:logGet(43)) - raft.server.log.write.buffer.size = 33554432 (custom)
2019-08-21 07:13:57,555 INFO  server.RaftServerConfigKeys (ConfUtils.java:logGet(43)) - raft.server.log.write.buffer.size = 33554432 (custom)
2019-08-21 07:13:57,555 INFO  server.RaftServerConfigKeys (ConfUtils.java:logGet(43)) - raft.server.log.force.sync.num = 128 (default)
2019-08-21 07:13:57,556 INFO  server.RaftServerConfigKeys (ConfUtils.java:logGet(43)) - raft.server.log.force.sync.num = 128 (default)
2019-08-21 07:13:57,556 INFO  server.RaftServerConfigKeys (ConfUtils.java:logGet(43)) - raft.server.log.statemachine.data.sync = true (default)
2019-08-21 07:13:57,556 INFO  server.RaftServerConfigKeys (ConfUtils.java:logGet(43)) - raft.server.log.statemachine.data.sync = true (default)
2019-08-21 07:13:57,556 INFO  server.RaftServerConfigKeys (ConfUtils.java:logGet(43)) - raft.server.log.statemachine.data.sync.timeout = 10s (default)
2019-08-21 07:13:57,556 INFO  server.RaftServerConfigKeys (ConfUtils.java:logGet(43)) - raft.server.log.statemachine.data.sync.timeout = 10s (default)
2019-08-21 07:13:57,556 INFO  server.RaftServerConfigKeys (ConfUtils.java:logGet(43)) - raft.server.log.statemachine.data.sync.timeout.retry = -1 (default)
2019-08-21 07:13:57,556 INFO  server.RaftServerConfigKeys (ConfUtils.java:logGet(43)) - raft.server.log.statemachine.data.sync.timeout.retry = -1 (default)
2019-08-21 07:13:57,556 INFO  server.RaftServerConfigKeys (ConfUtils.java:logGet(43)) - raft.server.log.statemachine.data.caching.enabled = true (custom)
2019-08-21 07:13:57,556 INFO  server.RaftServerConfigKeys (ConfUtils.java:logGet(43)) - raft.server.log.statemachine.data.caching.enabled = true (custom)
2019-08-21 07:13:57,557 INFO  segmented.SegmentedRaftLogWorker (SegmentedRaftLogWorker.java:lambda$new$0(132)) - 59272499-6723-441f-bb93-d5b089b2dd3f-SegmentedRaftLogWorker:Storage Directory /workdir/hadoop-ozone/integration-test/target/test-dir/MiniOzoneClusterImpl-94ff2e65-e9dc-40d8-b5a4-a4b55580a6d4/datanode-0/data/ratis/7c5558d0-ad2e-4d0d-a267-8a85c84074f6: flushIndex: setUnconditionally 0 -> -1
2019-08-21 07:13:57,557 INFO  server.RaftServerConfigKeys (ConfUtils.java:logGet(43)) - raft.server.snapshot.auto.trigger.enabled = true (custom)
2019-08-21 07:13:57,557 INFO  server.RaftServerConfigKeys (ConfUtils.java:logGet(43)) - raft.server.snapshot.auto.trigger.threshold = 10000 (custom)
2019-08-21 07:13:57,558 INFO  server.RaftServerConfigKeys (ConfUtils.java:logGet(43)) - raft.server.retrycache.expirytime = 600000ms (custom)
2019-08-21 07:13:57,558 INFO  impl.RaftServerImpl (ServerState.java:setRaftConf(361)) - 21b1adc9-354e-4e99-9e4c-107100af86a3:group-5DA1C92E844E set configuration 0: [21b1adc9-354e-4e99-9e4c-107100af86a3:192.168.36.89:44091], old=null at 0
2019-08-21 07:13:57,558 INFO  segmented.LogSegment (LogSegment.java:loadSegment(145)) - Successfully read 1 entries from segment file /workdir/hadoop-ozone/integration-test/target/test-dir/MiniOzoneClusterImpl-94ff2e65-e9dc-40d8-b5a4-a4b55580a6d4/datanode-1/data/ratis/53f25904-83da-43f2-b12a-5da1c92e844e/current/log_inprogress_0
2019-08-21 07:13:57,560 INFO  segmented.SegmentedRaftLogWorker (SegmentedRaftLogWorker.java:lambda$new$0(132)) - 21b1adc9-354e-4e99-9e4c-107100af86a3-SegmentedRaftLogWorker:Storage Directory /workdir/hadoop-ozone/integration-test/target/test-dir/MiniOzoneClusterImpl-94ff2e65-e9dc-40d8-b5a4-a4b55580a6d4/datanode-1/data/ratis/53f25904-83da-43f2-b12a-5da1c92e844e: flushIndex: setUnconditionally 0 -> 0
2019-08-21 07:13:57,568 INFO  handler.ContextHandler (ContextHandler.java:doStart(781)) - Started o.e.j.w.WebAppContext@3bad0b6b{/,file:///tmp/jetty-0.0.0.0-40690-hddsDatanode-_-any-8800630894908753702.dir/webapp/,AVAILABLE}{/hddsDatanode}
2019-08-21 07:13:57,586 INFO  server.AbstractConnector (AbstractConnector.java:doStart(278)) - Started ServerConnector@450704e0{HTTP/1.1,[http/1.1]}{0.0.0.0:40690}
2019-08-21 07:13:57,586 INFO  server.RaftServerConfigKeys (ConfUtils.java:logGet(43)) - raft.server.snapshot.auto.trigger.enabled = true (custom)
2019-08-21 07:13:57,587 INFO  server.RaftServerConfigKeys (ConfUtils.java:logGet(43)) - raft.server.snapshot.auto.trigger.threshold = 10000 (custom)
2019-08-21 07:13:57,587 INFO  server.RaftServerConfigKeys (ConfUtils.java:logGet(43)) - raft.server.retrycache.expirytime = 600000ms (custom)
2019-08-21 07:13:57,587 INFO  server.Server (Server.java:doStart(419)) - Started @51860ms
2019-08-21 07:13:57,587 WARN  impl.MetricsSystemImpl (MetricsSystemImpl.java:register(276)) - Sink prometheus already exists!
2019-08-21 07:13:57,588 INFO  server.BaseHttpServer (BaseHttpServer.java:updateConnectorAddress(215)) - HTTP server of HDDSDATANODE is listening at http://0.0.0.0:40690
2019-08-21 07:13:57,590 INFO  impl.RaftServerImpl (RaftServerImpl.java:<init>(93)) - 21b1adc9-354e-4e99-9e4c-107100af86a3: new RaftServerImpl for group-8A85C84074F6:[] with ContainerStateMachine:uninitialized
2019-08-21 07:13:57,590 INFO  server.RaftServerConfigKeys (ConfUtils.java:logGet(43)) - raft.server.rpc.timeout.min = 5s (custom)
2019-08-21 07:13:57,590 INFO  server.RaftServerConfigKeys (ConfUtils.java:logGet(43)) - raft.server.rpc.timeout.max = 5200ms (custom)
2019-08-21 07:13:57,591 INFO  server.RaftServerConfigKeys (ConfUtils.java:logGet(43)) - raft.server.rpcslowness.timeout = 120s (custom)
2019-08-21 07:13:57,591 INFO  server.RaftServerConfigKeys (ConfUtils.java:logGet(43)) - raft.server.sleep.deviation.threshold = 300 (default)
2019-08-21 07:13:57,591 INFO  server.RaftServerConfigKeys (ConfUtils.java:logGet(43)) - raft.server.log.appender.install.snapshot.enabled = false (custom)
2019-08-21 07:13:57,591 INFO  impl.RaftServerImpl (ServerState.java:<init>(105)) - 21b1adc9-354e-4e99-9e4c-107100af86a3:group-8A85C84074F6 ConfigurationManager, init=-1: [], old=null, confs=<EMPTY_MAP>
2019-08-21 07:13:57,591 INFO  server.RaftServerConfigKeys (ConfUtils.java:logGet(43)) - raft.server.storage.dir = [/workdir/hadoop-ozone/integration-test/target/test-dir/MiniOzoneClusterImpl-94ff2e65-e9dc-40d8-b5a4-a4b55580a6d4/datanode-1/data/ratis] (custom)
2019-08-21 07:13:57,617 INFO  storage.RaftStorageDirectory (RaftStorageDirectory.java:tryLock(328)) - Lock on /workdir/hadoop-ozone/integration-test/target/test-dir/MiniOzoneClusterImpl-94ff2e65-e9dc-40d8-b5a4-a4b55580a6d4/datanode-1/data/ratis/7c5558d0-ad2e-4d0d-a267-8a85c84074f6/in_use.lock acquired by nodename 4895@pr-hdds-1935-8bnx7-2419419324
2019-08-21 07:13:57,618 INFO  ratis.ContainerStateMachine (ContainerStateMachine.java:loadSnapshot(222)) - group-8A85C84074F6: The snapshot info is null. Setting the last applied indexto:(t:0, i:~)
2019-08-21 07:13:57,618 INFO  server.RaftServerConfigKeys (ConfUtils.java:logGet(43)) - raft.server.leader.election.timeout = 120s (custom)
2019-08-21 07:13:57,618 INFO  server.RaftServerConfigKeys (ConfUtils.java:logGet(43)) - raft.server.log.use.memory = false (default)
2019-08-21 07:13:57,619 INFO  server.RaftServerConfigKeys (ConfUtils.java:logGet(43)) - raft.server.log.purge.gap = 1000000000 (custom)
2019-08-21 07:13:57,619 INFO  server.RaftServerConfigKeys (ConfUtils.java:logGet(43)) - raft.server.log.appender.buffer.byte-limit = 33554432 (custom)
2019-08-21 07:13:57,619 INFO  server.RaftServerConfigKeys (ConfUtils.java:logGet(43)) - raft.server.log.segment.size.max = 1048576 (custom)
2019-08-21 07:13:57,619 INFO  server.RaftServerConfigKeys (ConfUtils.java:logGet(43)) - raft.server.log.segment.cache.num.max = 2 (custom)
2019-08-21 07:13:57,619 INFO  segmented.SegmentedRaftLogWorker (SegmentedRaftLogWorker.java:<init>(172)) - new 21b1adc9-354e-4e99-9e4c-107100af86a3-SegmentedRaftLogWorker:Storage Directory /workdir/hadoop-ozone/integration-test/target/test-dir/MiniOzoneClusterImpl-94ff2e65-e9dc-40d8-b5a4-a4b55580a6d4/datanode-1/data/ratis/7c5558d0-ad2e-4d0d-a267-8a85c84074f6 for RaftStorage:Storage Directory /workdir/hadoop-ozone/integration-test/target/test-dir/MiniOzoneClusterImpl-94ff2e65-e9dc-40d8-b5a4-a4b55580a6d4/datanode-1/data/ratis/7c5558d0-ad2e-4d0d-a267-8a85c84074f6
2019-08-21 07:13:57,620 INFO  server.RaftServerConfigKeys (ConfUtils.java:logGet(43)) - raft.server.log.queue.byte-limit = 2147483647 (custom)
2019-08-21 07:13:57,620 INFO  server.RaftServerConfigKeys (ConfUtils.java:logGet(43)) - raft.server.log.queue.element-limit = 1024 (custom)
2019-08-21 07:13:57,620 INFO  server.RaftServerConfigKeys (ConfUtils.java:logGet(43)) - raft.server.log.segment.size.max = 1048576 (custom)
2019-08-21 07:13:57,620 INFO  server.RaftServerConfigKeys (ConfUtils.java:logGet(43)) - raft.server.log.preallocated.size = 16384 (custom)
2019-08-21 07:13:57,620 INFO  server.RaftServerConfigKeys (ConfUtils.java:logGet(43)) - raft.server.log.write.buffer.size = 33554432 (custom)
2019-08-21 07:13:57,620 INFO  server.RaftServerConfigKeys (ConfUtils.java:logGet(43)) - raft.server.log.force.sync.num = 128 (default)
2019-08-21 07:13:57,621 INFO  server.RaftServerConfigKeys (ConfUtils.java:logGet(43)) - raft.server.log.statemachine.data.sync = true (default)
2019-08-21 07:13:57,621 INFO  server.RaftServerConfigKeys (ConfUtils.java:logGet(43)) - raft.server.log.statemachine.data.sync.timeout = 10s (default)
2019-08-21 07:13:57,621 INFO  server.RaftServerConfigKeys (ConfUtils.java:logGet(43)) - raft.server.log.statemachine.data.sync.timeout.retry = -1 (default)
2019-08-21 07:13:57,621 INFO  server.RaftServerConfigKeys (ConfUtils.java:logGet(43)) - raft.server.log.statemachine.data.caching.enabled = true (custom)
2019-08-21 07:13:57,622 INFO  segmented.SegmentedRaftLogWorker (SegmentedRaftLogWorker.java:lambda$new$0(132)) - 21b1adc9-354e-4e99-9e4c-107100af86a3-SegmentedRaftLogWorker:Storage Directory /workdir/hadoop-ozone/integration-test/target/test-dir/MiniOzoneClusterImpl-94ff2e65-e9dc-40d8-b5a4-a4b55580a6d4/datanode-1/data/ratis/7c5558d0-ad2e-4d0d-a267-8a85c84074f6: flushIndex: setUnconditionally 0 -> -1
2019-08-21 07:13:57,622 INFO  server.RaftServerConfigKeys (ConfUtils.java:logGet(43)) - raft.server.snapshot.auto.trigger.enabled = true (custom)
2019-08-21 07:13:57,622 INFO  server.RaftServerConfigKeys (ConfUtils.java:logGet(43)) - raft.server.snapshot.auto.trigger.threshold = 10000 (custom)
2019-08-21 07:13:57,623 INFO  server.RaftServerConfigKeys (ConfUtils.java:logGet(43)) - raft.server.retrycache.expirytime = 600000ms (custom)
2019-08-21 07:13:57,714 INFO  ozone.HddsDatanodeService (HddsDatanodeService.java:startPlugins(395)) - Started plug-in org.apache.hadoop.ozone.web.OzoneHddsDatanodeService@4ed0a40a
2019-08-21 07:13:57,716 INFO  util.JvmPauseMonitor (JvmPauseMonitor.java:run(188)) - Starting JVM pause monitor
2019-08-21 07:13:57,716 INFO  impl.MetricsSystemImpl (MetricsSystemImpl.java:init(158)) - HddsDatanode metrics system started (again)
2019-08-21 07:13:57,720 INFO  ozone.HddsDatanodeService (HddsDatanodeService.java:start(184)) - HddsDatanodeService host:pr-hdds-1935-8bnx7-2419419324 ip:192.168.36.89
2019-08-21 07:13:57,722 INFO  volume.VolumeUsage (VolumeUsage.java:loadScmUsed(144)) - Cached ScmUsed found for /workdir/hadoop-ozone/integration-test/target/test-dir/MiniOzoneClusterImpl-94ff2e65-e9dc-40d8-b5a4-a4b55580a6d4/datanode-2/data/containers : 4096 
2019-08-21 07:13:57,722 INFO  volume.HddsVolume (HddsVolume.java:<init>(176)) - Creating Volume: /workdir/hadoop-ozone/integration-test/target/test-dir/MiniOzoneClusterImpl-94ff2e65-e9dc-40d8-b5a4-a4b55580a6d4/datanode-2/data/containers/hdds of  storage type : DISK and capacity : 1482555576320
2019-08-21 07:13:57,722 INFO  volume.VolumeSet (VolumeSet.java:initializeVolumeSet(170)) - Added Volume : /workdir/hadoop-ozone/integration-test/target/test-dir/MiniOzoneClusterImpl-94ff2e65-e9dc-40d8-b5a4-a4b55580a6d4/datanode-2/data/containers/hdds to VolumeSet
2019-08-21 07:13:57,722 INFO  volume.ThrottledAsyncChecker (ThrottledAsyncChecker.java:schedule(140)) - Scheduling a check for org.apache.hadoop.ozone.container.common.volume.HddsVolume@42c09456
2019-08-21 07:13:57,723 INFO  volume.HddsVolumeChecker (HddsVolumeChecker.java:checkAllVolumes(203)) - Scheduled health check for volume org.apache.hadoop.ozone.container.common.volume.HddsVolume@42c09456
2019-08-21 07:13:57,739 INFO  impl.RaftServerProxy (ConfUtils.java:logGet(43)) - raft.rpc.type = GRPC (default)
2019-08-21 07:13:57,739 INFO  grpc.GrpcFactory (GrpcFactory.java:checkPooledByteBufAllocatorUseCacheForAllThreads(45)) - PERFORMANCE WARNING: useCacheForAllThreads is true that may cause Netty to create a lot garbage objects and, as a result, trigger GC.
	It is recommended to disable useCacheForAllThreads by setting -Dorg.apache.ratis.thirdparty.io.netty.allocator.useCacheForAllThreads=false in command line.
2019-08-21 07:13:57,739 INFO  grpc.GrpcConfigKeys$Server (ConfUtils.java:logGet(43)) - raft.grpc.server.port = 34069 (custom)
2019-08-21 07:13:57,740 INFO  server.GrpcService (ConfUtils.java:logGet(43)) - raft.grpc.message.size.max = 33570816 (custom)
2019-08-21 07:13:57,740 INFO  server.RaftServerConfigKeys (ConfUtils.java:logGet(43)) - raft.server.log.appender.buffer.byte-limit = 33554432 (custom)
2019-08-21 07:13:57,740 INFO  server.GrpcService (ConfUtils.java:logGet(43)) - raft.grpc.flow.control.window = 1MB (=1048576) (default)
2019-08-21 07:13:57,740 INFO  server.RaftServerConfigKeys (ConfUtils.java:logGet(43)) - raft.server.rpc.request.timeout = 3000ms (default)
2019-08-21 07:13:57,740 INFO  server.RaftServerConfigKeys (ConfUtils.java:logGet(43)) - raft.server.storage.dir = [/workdir/hadoop-ozone/integration-test/target/test-dir/MiniOzoneClusterImpl-94ff2e65-e9dc-40d8-b5a4-a4b55580a6d4/datanode-2/data/ratis] (custom)
2019-08-21 07:13:57,741 INFO  impl.RaftServerProxy (RaftServerProxy.java:lambda$null$0(191)) - 65370939-d58a-4d15-8f1f-74ec23e08016: found a subdirectory /workdir/hadoop-ozone/integration-test/target/test-dir/MiniOzoneClusterImpl-94ff2e65-e9dc-40d8-b5a4-a4b55580a6d4/datanode-2/data/ratis/8f60c17b-6936-4315-81c6-3d7466e0ae99
2019-08-21 07:13:57,741 INFO  impl.RaftServerProxy (RaftServerProxy.java:addNew(89)) - 65370939-d58a-4d15-8f1f-74ec23e08016: addNew group-3D7466E0AE99:[] returns group-3D7466E0AE99:java.util.concurrent.CompletableFuture@2cfe2c85[Not completed]
2019-08-21 07:13:57,741 INFO  impl.RaftServerProxy (RaftServerProxy.java:lambda$null$0(191)) - 65370939-d58a-4d15-8f1f-74ec23e08016: found a subdirectory /workdir/hadoop-ozone/integration-test/target/test-dir/MiniOzoneClusterImpl-94ff2e65-e9dc-40d8-b5a4-a4b55580a6d4/datanode-2/data/ratis/7c5558d0-ad2e-4d0d-a267-8a85c84074f6
2019-08-21 07:13:57,742 INFO  impl.RaftServerProxy (RaftServerProxy.java:addNew(89)) - 65370939-d58a-4d15-8f1f-74ec23e08016: addNew group-8A85C84074F6:[] returns group-8A85C84074F6:java.util.concurrent.CompletableFuture@68796471[Not completed]
2019-08-21 07:13:57,742 INFO  replication.SimpleContainerDownloader (SimpleContainerDownloader.java:<init>(72)) - Starting container downloader service to copy containers to replicate.
2019-08-21 07:13:57,742 INFO  impl.RaftServerImpl (RaftServerImpl.java:<init>(93)) - 65370939-d58a-4d15-8f1f-74ec23e08016: new RaftServerImpl for group-3D7466E0AE99:[] with ContainerStateMachine:uninitialized
2019-08-21 07:13:57,742 INFO  server.RaftServerConfigKeys (ConfUtils.java:logGet(43)) - raft.server.rpc.timeout.min = 5s (custom)
2019-08-21 07:13:57,742 INFO  server.RaftServerConfigKeys (ConfUtils.java:logGet(43)) - raft.server.rpc.timeout.max = 5200ms (custom)
2019-08-21 07:13:57,742 INFO  server.RaftServerConfigKeys (ConfUtils.java:logGet(43)) - raft.server.rpcslowness.timeout = 120s (custom)
2019-08-21 07:13:57,743 INFO  server.RaftServerConfigKeys (ConfUtils.java:logGet(43)) - raft.server.sleep.deviation.threshold = 300 (default)
2019-08-21 07:13:57,743 INFO  server.RaftServerConfigKeys (ConfUtils.java:logGet(43)) - raft.server.log.appender.install.snapshot.enabled = false (custom)
2019-08-21 07:13:57,743 INFO  impl.RaftServerImpl (ServerState.java:<init>(105)) - 65370939-d58a-4d15-8f1f-74ec23e08016:group-3D7466E0AE99 ConfigurationManager, init=-1: [], old=null, confs=<EMPTY_MAP>
2019-08-21 07:13:57,743 INFO  server.RaftServerConfigKeys (ConfUtils.java:logGet(43)) - raft.server.storage.dir = [/workdir/hadoop-ozone/integration-test/target/test-dir/MiniOzoneClusterImpl-94ff2e65-e9dc-40d8-b5a4-a4b55580a6d4/datanode-2/data/ratis] (custom)
2019-08-21 07:13:57,743 INFO  hdfs.DFSUtil (DFSUtil.java:httpServerTemplateForNNAndJN(1641)) - Starting Web-server for hddsDatanode at: http://0.0.0.0:46832
2019-08-21 07:13:57,746 INFO  server.AuthenticationFilter (AuthenticationFilter.java:constructSecretProvider(240)) - Unable to initialize FileSignerSecretProvider, falling back to use random secrets.
2019-08-21 07:13:57,747 WARN  http.HttpRequestLog (HttpRequestLog.java:getRequestLog(97)) - Jetty request log can only be enabled using Log4j
2019-08-21 07:13:57,749 INFO  http.HttpServer2 (HttpServer2.java:addGlobalFilter(975)) - Added global filter 'safety' (class=org.apache.hadoop.http.HttpServer2$QuotingInputFilter)
2019-08-21 07:13:57,750 INFO  http.HttpServer2 (HttpServer2.java:addFilter(948)) - Added filter static_user_filter (class=org.apache.hadoop.http.lib.StaticUserWebFilter$StaticUserFilter) to context hddsDatanode
2019-08-21 07:13:57,751 INFO  http.HttpServer2 (HttpServer2.java:addFilter(958)) - Added filter static_user_filter (class=org.apache.hadoop.http.lib.StaticUserWebFilter$StaticUserFilter) to context logs
2019-08-21 07:13:57,751 INFO  http.HttpServer2 (HttpServer2.java:addFilter(958)) - Added filter static_user_filter (class=org.apache.hadoop.http.lib.StaticUserWebFilter$StaticUserFilter) to context static
2019-08-21 07:13:57,752 INFO  http.HttpServer2 (HttpServer2.java:bindListener(1191)) - Jetty bound to port 46832
2019-08-21 07:13:57,752 INFO  server.Server (Server.java:doStart(351)) - jetty-9.3.24.v20180605, build timestamp: 2018-06-05T17:11:56Z, git hash: 84205aa28f11a4f31f2a3b86d1bba2cc8ab69827
2019-08-21 07:13:57,814 INFO  storage.RaftStorageDirectory (RaftStorageDirectory.java:tryLock(328)) - Lock on /workdir/hadoop-ozone/integration-test/target/test-dir/MiniOzoneClusterImpl-94ff2e65-e9dc-40d8-b5a4-a4b55580a6d4/datanode-2/data/ratis/8f60c17b-6936-4315-81c6-3d7466e0ae99/in_use.lock acquired by nodename 4895@pr-hdds-1935-8bnx7-2419419324
2019-08-21 07:13:57,858 INFO  ratis.ContainerStateMachine (ContainerStateMachine.java:loadSnapshot(222)) - group-3D7466E0AE99: The snapshot info is null. Setting the last applied indexto:(t:0, i:~)
2019-08-21 07:13:57,858 INFO  handler.ContextHandler (ContextHandler.java:doStart(781)) - Started o.e.j.s.ServletContextHandler@16e34a77{/logs,file:///workdir/hadoop-ozone/integration-test/target/log,AVAILABLE}
2019-08-21 07:13:57,860 INFO  server.RaftServerConfigKeys (ConfUtils.java:logGet(43)) - raft.server.leader.election.timeout = 120s (custom)
2019-08-21 07:13:57,861 INFO  server.RaftServerConfigKeys (ConfUtils.java:logGet(43)) - raft.server.log.use.memory = false (default)
2019-08-21 07:13:57,872 INFO  server.RaftServerConfigKeys (ConfUtils.java:logGet(43)) - raft.server.log.purge.gap = 1000000000 (custom)
2019-08-21 07:13:57,872 INFO  handler.ContextHandler (ContextHandler.java:doStart(781)) - Started o.e.j.s.ServletContextHandler@7f93d87d{/static,jar:file:/home/user/.m2/repository/org/apache/hadoop/hadoop-hdds-container-service/0.5.0-SNAPSHOT/hadoop-hdds-container-service-0.5.0-SNAPSHOT.jar!/webapps/static,AVAILABLE}
2019-08-21 07:13:57,877 INFO  server.RaftServerConfigKeys (ConfUtils.java:logGet(43)) - raft.server.log.appender.buffer.byte-limit = 33554432 (custom)
2019-08-21 07:13:57,877 INFO  server.RaftServerConfigKeys (ConfUtils.java:logGet(43)) - raft.server.log.segment.size.max = 1048576 (custom)
2019-08-21 07:13:57,877 INFO  server.RaftServerConfigKeys (ConfUtils.java:logGet(43)) - raft.server.log.segment.cache.num.max = 2 (custom)
2019-08-21 07:13:57,878 INFO  segmented.SegmentedRaftLogWorker (SegmentedRaftLogWorker.java:<init>(172)) - new 65370939-d58a-4d15-8f1f-74ec23e08016-SegmentedRaftLogWorker:Storage Directory /workdir/hadoop-ozone/integration-test/target/test-dir/MiniOzoneClusterImpl-94ff2e65-e9dc-40d8-b5a4-a4b55580a6d4/datanode-2/data/ratis/8f60c17b-6936-4315-81c6-3d7466e0ae99 for RaftStorage:Storage Directory /workdir/hadoop-ozone/integration-test/target/test-dir/MiniOzoneClusterImpl-94ff2e65-e9dc-40d8-b5a4-a4b55580a6d4/datanode-2/data/ratis/8f60c17b-6936-4315-81c6-3d7466e0ae99
2019-08-21 07:13:57,878 INFO  server.RaftServerConfigKeys (ConfUtils.java:logGet(43)) - raft.server.log.queue.byte-limit = 2147483647 (custom)
2019-08-21 07:13:57,878 INFO  server.RaftServerConfigKeys (ConfUtils.java:logGet(43)) - raft.server.log.queue.element-limit = 1024 (custom)
2019-08-21 07:13:57,878 INFO  server.RaftServerConfigKeys (ConfUtils.java:logGet(43)) - raft.server.log.segment.size.max = 1048576 (custom)
2019-08-21 07:13:57,878 INFO  server.RaftServerConfigKeys (ConfUtils.java:logGet(43)) - raft.server.log.preallocated.size = 16384 (custom)
2019-08-21 07:13:57,878 INFO  server.RaftServerConfigKeys (ConfUtils.java:logGet(43)) - raft.server.log.write.buffer.size = 33554432 (custom)
2019-08-21 07:13:57,878 INFO  server.RaftServerConfigKeys (ConfUtils.java:logGet(43)) - raft.server.log.force.sync.num = 128 (default)
2019-08-21 07:13:57,879 INFO  server.RaftServerConfigKeys (ConfUtils.java:logGet(43)) - raft.server.log.statemachine.data.sync = true (default)
2019-08-21 07:13:57,879 INFO  server.RaftServerConfigKeys (ConfUtils.java:logGet(43)) - raft.server.log.statemachine.data.sync.timeout = 10s (default)
2019-08-21 07:13:57,879 INFO  server.RaftServerConfigKeys (ConfUtils.java:logGet(43)) - raft.server.log.statemachine.data.sync.timeout.retry = -1 (default)
2019-08-21 07:13:57,879 INFO  server.RaftServerConfigKeys (ConfUtils.java:logGet(43)) - raft.server.log.statemachine.data.caching.enabled = true (custom)
2019-08-21 07:13:57,883 INFO  impl.RaftServerImpl (ServerState.java:setRaftConf(361)) - 65370939-d58a-4d15-8f1f-74ec23e08016:group-3D7466E0AE99 set configuration 0: [65370939-d58a-4d15-8f1f-74ec23e08016:192.168.36.89:34069], old=null at 0
2019-08-21 07:13:57,884 INFO  segmented.LogSegment (LogSegment.java:loadSegment(145)) - Successfully read 1 entries from segment file /workdir/hadoop-ozone/integration-test/target/test-dir/MiniOzoneClusterImpl-94ff2e65-e9dc-40d8-b5a4-a4b55580a6d4/datanode-2/data/ratis/8f60c17b-6936-4315-81c6-3d7466e0ae99/current/log_inprogress_0
2019-08-21 07:13:57,884 INFO  segmented.SegmentedRaftLogWorker (SegmentedRaftLogWorker.java:lambda$new$0(132)) - 65370939-d58a-4d15-8f1f-74ec23e08016-SegmentedRaftLogWorker:Storage Directory /workdir/hadoop-ozone/integration-test/target/test-dir/MiniOzoneClusterImpl-94ff2e65-e9dc-40d8-b5a4-a4b55580a6d4/datanode-2/data/ratis/8f60c17b-6936-4315-81c6-3d7466e0ae99: flushIndex: setUnconditionally 0 -> 0
2019-08-21 07:13:57,905 INFO  handler.ContextHandler (ContextHandler.java:doStart(781)) - Started o.e.j.w.WebAppContext@50bfaa8a{/,file:///tmp/jetty-0.0.0.0-46832-hddsDatanode-_-any-7728965086483777029.dir/webapp/,AVAILABLE}{/hddsDatanode}
2019-08-21 07:13:57,905 INFO  server.AbstractConnector (AbstractConnector.java:doStart(278)) - Started ServerConnector@7169e2fc{HTTP/1.1,[http/1.1]}{0.0.0.0:46832}
2019-08-21 07:13:57,913 INFO  server.Server (Server.java:doStart(419)) - Started @52185ms
2019-08-21 07:13:57,913 WARN  impl.MetricsSystemImpl (MetricsSystemImpl.java:register(276)) - Sink prometheus already exists!
2019-08-21 07:13:57,913 INFO  server.RaftServerConfigKeys (ConfUtils.java:logGet(43)) - raft.server.snapshot.auto.trigger.enabled = true (custom)
2019-08-21 07:13:57,913 INFO  server.RaftServerConfigKeys (ConfUtils.java:logGet(43)) - raft.server.snapshot.auto.trigger.threshold = 10000 (custom)
2019-08-21 07:13:57,913 INFO  server.RaftServerConfigKeys (ConfUtils.java:logGet(43)) - raft.server.retrycache.expirytime = 600000ms (custom)
2019-08-21 07:13:57,914 INFO  server.BaseHttpServer (BaseHttpServer.java:updateConnectorAddress(215)) - HTTP server of HDDSDATANODE is listening at http://0.0.0.0:46832
2019-08-21 07:13:57,915 INFO  impl.RaftServerImpl (RaftServerImpl.java:<init>(93)) - 65370939-d58a-4d15-8f1f-74ec23e08016: new RaftServerImpl for group-8A85C84074F6:[] with ContainerStateMachine:uninitialized
2019-08-21 07:13:57,915 INFO  server.RaftServerConfigKeys (ConfUtils.java:logGet(43)) - raft.server.rpc.timeout.min = 5s (custom)
2019-08-21 07:13:57,915 INFO  server.RaftServerConfigKeys (ConfUtils.java:logGet(43)) - raft.server.rpc.timeout.max = 5200ms (custom)
2019-08-21 07:13:57,915 INFO  server.RaftServerConfigKeys (ConfUtils.java:logGet(43)) - raft.server.rpcslowness.timeout = 120s (custom)
2019-08-21 07:13:57,915 INFO  server.RaftServerConfigKeys (ConfUtils.java:logGet(43)) - raft.server.sleep.deviation.threshold = 300 (default)
2019-08-21 07:13:57,915 INFO  server.RaftServerConfigKeys (ConfUtils.java:logGet(43)) - raft.server.log.appender.install.snapshot.enabled = false (custom)
2019-08-21 07:13:57,915 INFO  impl.RaftServerImpl (ServerState.java:<init>(105)) - 65370939-d58a-4d15-8f1f-74ec23e08016:group-8A85C84074F6 ConfigurationManager, init=-1: [], old=null, confs=<EMPTY_MAP>
2019-08-21 07:13:57,915 INFO  server.RaftServerConfigKeys (ConfUtils.java:logGet(43)) - raft.server.storage.dir = [/workdir/hadoop-ozone/integration-test/target/test-dir/MiniOzoneClusterImpl-94ff2e65-e9dc-40d8-b5a4-a4b55580a6d4/datanode-2/data/ratis] (custom)
2019-08-21 07:13:57,936 INFO  storage.RaftStorageDirectory (RaftStorageDirectory.java:tryLock(328)) - Lock on /workdir/hadoop-ozone/integration-test/target/test-dir/MiniOzoneClusterImpl-94ff2e65-e9dc-40d8-b5a4-a4b55580a6d4/datanode-2/data/ratis/7c5558d0-ad2e-4d0d-a267-8a85c84074f6/in_use.lock acquired by nodename 4895@pr-hdds-1935-8bnx7-2419419324
2019-08-21 07:13:57,937 INFO  ratis.ContainerStateMachine (ContainerStateMachine.java:loadSnapshot(222)) - group-8A85C84074F6: The snapshot info is null. Setting the last applied indexto:(t:0, i:~)
2019-08-21 07:13:57,937 INFO  server.RaftServerConfigKeys (ConfUtils.java:logGet(43)) - raft.server.leader.election.timeout = 120s (custom)
2019-08-21 07:13:57,937 INFO  server.RaftServerConfigKeys (ConfUtils.java:logGet(43)) - raft.server.log.use.memory = false (default)
2019-08-21 07:13:57,937 INFO  server.RaftServerConfigKeys (ConfUtils.java:logGet(43)) - raft.server.log.purge.gap = 1000000000 (custom)
2019-08-21 07:13:57,938 INFO  server.RaftServerConfigKeys (ConfUtils.java:logGet(43)) - raft.server.log.appender.buffer.byte-limit = 33554432 (custom)
2019-08-21 07:13:57,938 INFO  server.RaftServerConfigKeys (ConfUtils.java:logGet(43)) - raft.server.log.segment.size.max = 1048576 (custom)
2019-08-21 07:13:57,938 INFO  server.RaftServerConfigKeys (ConfUtils.java:logGet(43)) - raft.server.log.segment.cache.num.max = 2 (custom)
2019-08-21 07:13:57,938 INFO  segmented.SegmentedRaftLogWorker (SegmentedRaftLogWorker.java:<init>(172)) - new 65370939-d58a-4d15-8f1f-74ec23e08016-SegmentedRaftLogWorker:Storage Directory /workdir/hadoop-ozone/integration-test/target/test-dir/MiniOzoneClusterImpl-94ff2e65-e9dc-40d8-b5a4-a4b55580a6d4/datanode-2/data/ratis/7c5558d0-ad2e-4d0d-a267-8a85c84074f6 for RaftStorage:Storage Directory /workdir/hadoop-ozone/integration-test/target/test-dir/MiniOzoneClusterImpl-94ff2e65-e9dc-40d8-b5a4-a4b55580a6d4/datanode-2/data/ratis/7c5558d0-ad2e-4d0d-a267-8a85c84074f6
2019-08-21 07:13:57,938 INFO  server.RaftServerConfigKeys (ConfUtils.java:logGet(43)) - raft.server.log.queue.byte-limit = 2147483647 (custom)
2019-08-21 07:13:57,938 INFO  server.RaftServerConfigKeys (ConfUtils.java:logGet(43)) - raft.server.log.queue.element-limit = 1024 (custom)
2019-08-21 07:13:57,938 INFO  server.RaftServerConfigKeys (ConfUtils.java:logGet(43)) - raft.server.log.segment.size.max = 1048576 (custom)
2019-08-21 07:13:57,939 INFO  server.RaftServerConfigKeys (ConfUtils.java:logGet(43)) - raft.server.log.preallocated.size = 16384 (custom)
2019-08-21 07:13:57,939 INFO  server.RaftServerConfigKeys (ConfUtils.java:logGet(43)) - raft.server.log.write.buffer.size = 33554432 (custom)
2019-08-21 07:13:57,939 INFO  server.RaftServerConfigKeys (ConfUtils.java:logGet(43)) - raft.server.log.force.sync.num = 128 (default)
2019-08-21 07:13:57,939 INFO  server.RaftServerConfigKeys (ConfUtils.java:logGet(43)) - raft.server.log.statemachine.data.sync = true (default)
2019-08-21 07:13:57,939 INFO  server.RaftServerConfigKeys (ConfUtils.java:logGet(43)) - raft.server.log.statemachine.data.sync.timeout = 10s (default)
2019-08-21 07:13:57,939 INFO  server.RaftServerConfigKeys (ConfUtils.java:logGet(43)) - raft.server.log.statemachine.data.sync.timeout.retry = -1 (default)
2019-08-21 07:13:57,939 INFO  server.RaftServerConfigKeys (ConfUtils.java:logGet(43)) - raft.server.log.statemachine.data.caching.enabled = true (custom)
2019-08-21 07:13:57,940 INFO  segmented.SegmentedRaftLogWorker (SegmentedRaftLogWorker.java:lambda$new$0(132)) - 65370939-d58a-4d15-8f1f-74ec23e08016-SegmentedRaftLogWorker:Storage Directory /workdir/hadoop-ozone/integration-test/target/test-dir/MiniOzoneClusterImpl-94ff2e65-e9dc-40d8-b5a4-a4b55580a6d4/datanode-2/data/ratis/7c5558d0-ad2e-4d0d-a267-8a85c84074f6: flushIndex: setUnconditionally 0 -> -1
2019-08-21 07:13:57,940 INFO  server.RaftServerConfigKeys (ConfUtils.java:logGet(43)) - raft.server.snapshot.auto.trigger.enabled = true (custom)
2019-08-21 07:13:57,941 INFO  server.RaftServerConfigKeys (ConfUtils.java:logGet(43)) - raft.server.snapshot.auto.trigger.threshold = 10000 (custom)
2019-08-21 07:13:57,941 INFO  server.RaftServerConfigKeys (ConfUtils.java:logGet(43)) - raft.server.retrycache.expirytime = 600000ms (custom)
2019-08-21 07:13:58,055 INFO  ozone.HddsDatanodeService (HddsDatanodeService.java:startPlugins(395)) - Started plug-in org.apache.hadoop.ozone.web.OzoneHddsDatanodeService@3346562
2019-08-21 07:13:58,056 INFO  pipeline.SCMPipelineManager (SCMPipelineManager.java:finalizeAndDestroyPipeline(309)) - destroying pipeline:Pipeline[ Id: 7c5558d0-ad2e-4d0d-a267-8a85c84074f6, Nodes: 65370939-d58a-4d15-8f1f-74ec23e08016{ip: 192.168.36.89, host: pr-hdds-1935-8bnx7-2419419324, networkLocation: /default-rack, certSerialId: null}59272499-6723-441f-bb93-d5b089b2dd3f{ip: 192.168.36.89, host: pr-hdds-1935-8bnx7-2419419324, networkLocation: /default-rack, certSerialId: null}21b1adc9-354e-4e99-9e4c-107100af86a3{ip: 192.168.36.89, host: pr-hdds-1935-8bnx7-2419419324, networkLocation: /default-rack, certSerialId: null}, Type:RATIS, Factor:THREE, State:OPEN]
2019-08-21 07:13:58,058 INFO  util.JvmPauseMonitor (JvmPauseMonitor.java:run(188)) - Starting JVM pause monitor
2019-08-21 07:13:58,067 WARN  pipeline.RatisPipelineUtils (RatisPipelineUtils.java:destroyPipeline(66)) - Pipeline destroy failed for pipeline=PipelineID=7c5558d0-ad2e-4d0d-a267-8a85c84074f6 dn=65370939-d58a-4d15-8f1f-74ec23e08016{ip: 192.168.36.89, host: pr-hdds-1935-8bnx7-2419419324, networkLocation: /default-rack, certSerialId: null}
2019-08-21 07:13:58,070 WARN  pipeline.RatisPipelineUtils (RatisPipelineUtils.java:destroyPipeline(66)) - Pipeline destroy failed for pipeline=PipelineID=7c5558d0-ad2e-4d0d-a267-8a85c84074f6 dn=59272499-6723-441f-bb93-d5b089b2dd3f{ip: 192.168.36.89, host: pr-hdds-1935-8bnx7-2419419324, networkLocation: /default-rack, certSerialId: null}
2019-08-21 07:13:58,072 WARN  pipeline.RatisPipelineUtils (RatisPipelineUtils.java:destroyPipeline(66)) - Pipeline destroy failed for pipeline=PipelineID=7c5558d0-ad2e-4d0d-a267-8a85c84074f6 dn=21b1adc9-354e-4e99-9e4c-107100af86a3{ip: 192.168.36.89, host: pr-hdds-1935-8bnx7-2419419324, networkLocation: /default-rack, certSerialId: null}
2019-08-21 07:13:58,073 INFO  pipeline.PipelineStateManager (PipelineStateManager.java:removePipeline(108)) - Pipeline Pipeline[ Id: 7c5558d0-ad2e-4d0d-a267-8a85c84074f6, Nodes: 65370939-d58a-4d15-8f1f-74ec23e08016{ip: 192.168.36.89, host: pr-hdds-1935-8bnx7-2419419324, networkLocation: /default-rack, certSerialId: null}59272499-6723-441f-bb93-d5b089b2dd3f{ip: 192.168.36.89, host: pr-hdds-1935-8bnx7-2419419324, networkLocation: /default-rack, certSerialId: null}21b1adc9-354e-4e99-9e4c-107100af86a3{ip: 192.168.36.89, host: pr-hdds-1935-8bnx7-2419419324, networkLocation: /default-rack, certSerialId: null}, Type:RATIS, Factor:THREE, State:CLOSED] removed from db
2019-08-21 07:13:59,502 INFO  ozoneimpl.OzoneContainer (OzoneContainer.java:start(186)) - Attempting to start container services.
2019-08-21 07:13:59,502 INFO  ozoneimpl.OzoneContainer (OzoneContainer.java:startContainerScrub(160)) - Background container scrubber has been disabled by hdds.containerscrub.enabled
2019-08-21 07:13:59,502 INFO  ratis.XceiverServerRatis (XceiverServerRatis.java:start(404)) - Starting XceiverServerRatis 59272499-6723-441f-bb93-d5b089b2dd3f at port 42511
2019-08-21 07:13:59,509 INFO  impl.RaftServerImpl (RaftServerImpl.java:start(180)) - 59272499-6723-441f-bb93-d5b089b2dd3f: start group-4673422A28BC
2019-08-21 07:13:59,509 INFO  impl.RaftServerImpl (RaftServerImpl.java:start(180)) - 59272499-6723-441f-bb93-d5b089b2dd3f: start group-8A85C84074F6
2019-08-21 07:13:59,510 INFO  impl.RaftServerImpl (RaftServerImpl.java:setRole(171)) - 59272499-6723-441f-bb93-d5b089b2dd3f:group-4673422A28BC changes role from null to FOLLOWER at term 1 for startAsFollower
2019-08-21 07:13:59,511 INFO  impl.RaftServerImpl (RaftServerImpl.java:setRole(171)) - 59272499-6723-441f-bb93-d5b089b2dd3f:group-8A85C84074F6 changes role from null to FOLLOWER at term 1 for startInitializing
2019-08-21 07:13:59,511 INFO  impl.RoleInfo (RoleInfo.java:updateAndGet(143)) - 59272499-6723-441f-bb93-d5b089b2dd3f: start FollowerState
2019-08-21 07:13:59,512 INFO  util.JmxRegister (JmxRegister.java:tryRegister(44)) - Successfully registered JMX Bean with object name Ratis:service=RaftServer,group=group-8A85C84074F6,id=59272499-6723-441f-bb93-d5b089b2dd3f
2019-08-21 07:13:59,512 INFO  util.JmxRegister (JmxRegister.java:tryRegister(44)) - Successfully registered JMX Bean with object name Ratis:service=RaftServer,group=group-4673422A28BC,id=59272499-6723-441f-bb93-d5b089b2dd3f
2019-08-21 07:13:59,512 INFO  impl.RaftServerProxy (RaftServerProxy.java:lambda$start$3(299)) - 59272499-6723-441f-bb93-d5b089b2dd3f: start RPC server
2019-08-21 07:13:59,517 INFO  server.GrpcService (GrpcService.java:startImpl(149)) - 59272499-6723-441f-bb93-d5b089b2dd3f: GrpcService started, listening on 0.0.0.0/0.0.0.0:42511
2019-08-21 07:13:59,718 INFO  ozoneimpl.OzoneContainer (OzoneContainer.java:start(186)) - Attempting to start container services.
2019-08-21 07:13:59,718 INFO  ozoneimpl.OzoneContainer (OzoneContainer.java:startContainerScrub(160)) - Background container scrubber has been disabled by hdds.containerscrub.enabled
2019-08-21 07:13:59,718 INFO  ratis.XceiverServerRatis (XceiverServerRatis.java:start(404)) - Starting XceiverServerRatis 21b1adc9-354e-4e99-9e4c-107100af86a3 at port 44091
2019-08-21 07:13:59,723 INFO  impl.RaftServerImpl (RaftServerImpl.java:start(180)) - 21b1adc9-354e-4e99-9e4c-107100af86a3: start group-5DA1C92E844E
2019-08-21 07:13:59,723 INFO  impl.RaftServerImpl (RaftServerImpl.java:start(180)) - 21b1adc9-354e-4e99-9e4c-107100af86a3: start group-8A85C84074F6
2019-08-21 07:13:59,724 INFO  impl.RaftServerImpl (RaftServerImpl.java:setRole(171)) - 21b1adc9-354e-4e99-9e4c-107100af86a3:group-5DA1C92E844E changes role from null to FOLLOWER at term 1 for startAsFollower
2019-08-21 07:13:59,724 INFO  impl.RaftServerImpl (RaftServerImpl.java:setRole(171)) - 21b1adc9-354e-4e99-9e4c-107100af86a3:group-8A85C84074F6 changes role from null to FOLLOWER at term 2 for startInitializing
2019-08-21 07:13:59,725 INFO  impl.RoleInfo (RoleInfo.java:updateAndGet(143)) - 21b1adc9-354e-4e99-9e4c-107100af86a3: start FollowerState
2019-08-21 07:13:59,725 INFO  util.JmxRegister (JmxRegister.java:tryRegister(44)) - Successfully registered JMX Bean with object name Ratis:service=RaftServer,group=group-8A85C84074F6,id=21b1adc9-354e-4e99-9e4c-107100af86a3
2019-08-21 07:13:59,725 INFO  util.JmxRegister (JmxRegister.java:tryRegister(44)) - Successfully registered JMX Bean with object name Ratis:service=RaftServer,group=group-5DA1C92E844E,id=21b1adc9-354e-4e99-9e4c-107100af86a3
2019-08-21 07:13:59,726 INFO  impl.RaftServerProxy (RaftServerProxy.java:lambda$start$3(299)) - 21b1adc9-354e-4e99-9e4c-107100af86a3: start RPC server
2019-08-21 07:13:59,726 INFO  server.GrpcService (GrpcService.java:startImpl(149)) - 21b1adc9-354e-4e99-9e4c-107100af86a3: GrpcService started, listening on 0.0.0.0/0.0.0.0:44091
2019-08-21 07:14:00,061 INFO  ozoneimpl.OzoneContainer (OzoneContainer.java:start(186)) - Attempting to start container services.
2019-08-21 07:14:00,061 INFO  ozoneimpl.OzoneContainer (OzoneContainer.java:startContainerScrub(160)) - Background container scrubber has been disabled by hdds.containerscrub.enabled
2019-08-21 07:14:00,061 INFO  ratis.XceiverServerRatis (XceiverServerRatis.java:start(404)) - Starting XceiverServerRatis 65370939-d58a-4d15-8f1f-74ec23e08016 at port 34069
2019-08-21 07:14:00,070 INFO  impl.RaftServerImpl (RaftServerImpl.java:start(180)) - 65370939-d58a-4d15-8f1f-74ec23e08016: start group-3D7466E0AE99
2019-08-21 07:14:00,070 INFO  impl.RaftServerImpl (RaftServerImpl.java:start(180)) - 65370939-d58a-4d15-8f1f-74ec23e08016: start group-8A85C84074F6
2019-08-21 07:14:00,072 INFO  impl.RaftServerImpl (RaftServerImpl.java:setRole(171)) - 65370939-d58a-4d15-8f1f-74ec23e08016:group-3D7466E0AE99 changes role from null to FOLLOWER at term 1 for startAsFollower
2019-08-21 07:14:00,073 INFO  impl.RaftServerImpl (RaftServerImpl.java:setRole(171)) - 65370939-d58a-4d15-8f1f-74ec23e08016:group-8A85C84074F6 changes role from null to FOLLOWER at term 2 for startInitializing
2019-08-21 07:14:00,073 INFO  impl.RoleInfo (RoleInfo.java:updateAndGet(143)) - 65370939-d58a-4d15-8f1f-74ec23e08016: start FollowerState
2019-08-21 07:14:00,074 INFO  util.JmxRegister (JmxRegister.java:tryRegister(44)) - Successfully registered JMX Bean with object name Ratis:service=RaftServer,group=group-8A85C84074F6,id=65370939-d58a-4d15-8f1f-74ec23e08016
2019-08-21 07:14:00,074 INFO  util.JmxRegister (JmxRegister.java:tryRegister(44)) - Successfully registered JMX Bean with object name Ratis:service=RaftServer,group=group-3D7466E0AE99,id=65370939-d58a-4d15-8f1f-74ec23e08016
2019-08-21 07:14:00,074 INFO  impl.RaftServerProxy (RaftServerProxy.java:lambda$start$3(299)) - 65370939-d58a-4d15-8f1f-74ec23e08016: start RPC server
2019-08-21 07:14:00,075 INFO  server.GrpcService (GrpcService.java:startImpl(149)) - 65370939-d58a-4d15-8f1f-74ec23e08016: GrpcService started, listening on 0.0.0.0/0.0.0.0:34069
2019-08-21 07:14:01,525 INFO  impl.RaftServerProxy (RaftServerProxy.java:remove(95)) - 59272499-6723-441f-bb93-d5b089b2dd3f: remove FOLLOWER group-8A85C84074F6 59272499-6723-441f-bb93-d5b089b2dd3f:t1, leader=null, voted=59272499-6723-441f-bb93-d5b089b2dd3f, raftlog=59272499-6723-441f-bb93-d5b089b2dd3f-SegmentedRaftLog:OPENED:c-1,f-1,i0, conf=-1: [], old=null STARTING
2019-08-21 07:14:01,526 INFO  impl.RaftServerImpl (RaftServerImpl.java:lambda$shutdown$3(245)) - 59272499-6723-441f-bb93-d5b089b2dd3f: shutdown group-8A85C84074F6
2019-08-21 07:14:01,526 INFO  util.JmxRegister (JmxRegister.java:unregister(73)) - Successfully un-registered JMX Bean with object name Ratis:service=RaftServer,group=group-8A85C84074F6,id=59272499-6723-441f-bb93-d5b089b2dd3f
2019-08-21 07:14:01,526 INFO  impl.StateMachineUpdater (StateMachineUpdater.java:stopAndJoin(115)) - StateMachineUpdater:59272499-6723-441f-bb93-d5b089b2dd3f:group-8A85C84074F6: set stopIndex = -1
2019-08-21 07:14:01,527 INFO  impl.RaftServerImpl (ServerState.java:close(394)) - 59272499-6723-441f-bb93-d5b089b2dd3f:group-8A85C84074F6 closes. The last applied log index is -1
2019-08-21 07:14:01,527 INFO  segmented.SegmentedRaftLogWorker (SegmentedRaftLogWorker.java:run(313)) - 59272499-6723-441f-bb93-d5b089b2dd3f-SegmentedRaftLogWorker:Storage Directory /workdir/hadoop-ozone/integration-test/target/test-dir/MiniOzoneClusterImpl-94ff2e65-e9dc-40d8-b5a4-a4b55580a6d4/datanode-0/data/ratis/7c5558d0-ad2e-4d0d-a267-8a85c84074f6 was interrupted, exiting. There are 0 tasks remaining in the queue.
2019-08-21 07:14:01,527 INFO  segmented.SegmentedRaftLogWorker (SegmentedRaftLogWorker.java:close(228)) - 59272499-6723-441f-bb93-d5b089b2dd3f-SegmentedRaftLogWorker:Storage Directory /workdir/hadoop-ozone/integration-test/target/test-dir/MiniOzoneClusterImpl-94ff2e65-e9dc-40d8-b5a4-a4b55580a6d4/datanode-0/data/ratis/7c5558d0-ad2e-4d0d-a267-8a85c84074f6 close()
2019-08-21 07:14:01,727 INFO  impl.RaftServerProxy (RaftServerProxy.java:remove(95)) - 21b1adc9-354e-4e99-9e4c-107100af86a3: remove FOLLOWER group-8A85C84074F6 21b1adc9-354e-4e99-9e4c-107100af86a3:t2, leader=null, voted=21b1adc9-354e-4e99-9e4c-107100af86a3, raftlog=21b1adc9-354e-4e99-9e4c-107100af86a3-SegmentedRaftLog:OPENED:c-1,f-1,i0, conf=-1: [], old=null STARTING
2019-08-21 07:14:01,728 INFO  impl.RaftServerImpl (RaftServerImpl.java:lambda$shutdown$3(245)) - 21b1adc9-354e-4e99-9e4c-107100af86a3: shutdown group-8A85C84074F6
2019-08-21 07:14:01,728 INFO  util.JmxRegister (JmxRegister.java:unregister(73)) - Successfully un-registered JMX Bean with object name Ratis:service=RaftServer,group=group-8A85C84074F6,id=21b1adc9-354e-4e99-9e4c-107100af86a3
2019-08-21 07:14:01,728 INFO  impl.StateMachineUpdater (StateMachineUpdater.java:stopAndJoin(115)) - StateMachineUpdater:21b1adc9-354e-4e99-9e4c-107100af86a3:group-8A85C84074F6: set stopIndex = -1
2019-08-21 07:14:01,728 INFO  impl.RaftServerImpl (ServerState.java:close(394)) - 21b1adc9-354e-4e99-9e4c-107100af86a3:group-8A85C84074F6 closes. The last applied log index is -1
2019-08-21 07:14:01,729 INFO  segmented.SegmentedRaftLogWorker (SegmentedRaftLogWorker.java:run(313)) - 21b1adc9-354e-4e99-9e4c-107100af86a3-SegmentedRaftLogWorker:Storage Directory /workdir/hadoop-ozone/integration-test/target/test-dir/MiniOzoneClusterImpl-94ff2e65-e9dc-40d8-b5a4-a4b55580a6d4/datanode-1/data/ratis/7c5558d0-ad2e-4d0d-a267-8a85c84074f6 was interrupted, exiting. There are 0 tasks remaining in the queue.
2019-08-21 07:14:01,729 INFO  segmented.SegmentedRaftLogWorker (SegmentedRaftLogWorker.java:close(228)) - 21b1adc9-354e-4e99-9e4c-107100af86a3-SegmentedRaftLogWorker:Storage Directory /workdir/hadoop-ozone/integration-test/target/test-dir/MiniOzoneClusterImpl-94ff2e65-e9dc-40d8-b5a4-a4b55580a6d4/datanode-1/data/ratis/7c5558d0-ad2e-4d0d-a267-8a85c84074f6 close()
2019-08-21 07:14:02,070 INFO  impl.RaftServerProxy (RaftServerProxy.java:remove(95)) - 65370939-d58a-4d15-8f1f-74ec23e08016: remove FOLLOWER group-8A85C84074F6 65370939-d58a-4d15-8f1f-74ec23e08016:t2, leader=null, voted=65370939-d58a-4d15-8f1f-74ec23e08016, raftlog=65370939-d58a-4d15-8f1f-74ec23e08016-SegmentedRaftLog:OPENED:c-1,f-1,i0, conf=-1: [], old=null STARTING
2019-08-21 07:14:02,070 INFO  impl.RaftServerImpl (RaftServerImpl.java:lambda$shutdown$3(245)) - 65370939-d58a-4d15-8f1f-74ec23e08016: shutdown group-8A85C84074F6
2019-08-21 07:14:02,071 INFO  util.JmxRegister (JmxRegister.java:unregister(73)) - Successfully un-registered JMX Bean with object name Ratis:service=RaftServer,group=group-8A85C84074F6,id=65370939-d58a-4d15-8f1f-74ec23e08016
2019-08-21 07:14:02,071 INFO  impl.StateMachineUpdater (StateMachineUpdater.java:stopAndJoin(115)) - StateMachineUpdater:65370939-d58a-4d15-8f1f-74ec23e08016:group-8A85C84074F6: set stopIndex = -1
2019-08-21 07:14:02,071 INFO  impl.RaftServerImpl (ServerState.java:close(394)) - 65370939-d58a-4d15-8f1f-74ec23e08016:group-8A85C84074F6 closes. The last applied log index is -1
2019-08-21 07:14:02,072 INFO  segmented.SegmentedRaftLogWorker (SegmentedRaftLogWorker.java:run(313)) - 65370939-d58a-4d15-8f1f-74ec23e08016-SegmentedRaftLogWorker:Storage Directory /workdir/hadoop-ozone/integration-test/target/test-dir/MiniOzoneClusterImpl-94ff2e65-e9dc-40d8-b5a4-a4b55580a6d4/datanode-2/data/ratis/7c5558d0-ad2e-4d0d-a267-8a85c84074f6 was interrupted, exiting. There are 0 tasks remaining in the queue.
2019-08-21 07:14:02,072 INFO  segmented.SegmentedRaftLogWorker (SegmentedRaftLogWorker.java:close(228)) - 65370939-d58a-4d15-8f1f-74ec23e08016-SegmentedRaftLogWorker:Storage Directory /workdir/hadoop-ozone/integration-test/target/test-dir/MiniOzoneClusterImpl-94ff2e65-e9dc-40d8-b5a4-a4b55580a6d4/datanode-2/data/ratis/7c5558d0-ad2e-4d0d-a267-8a85c84074f6 close()
2019-08-21 07:14:04,419 INFO  impl.RaftServerProxy (RaftServerProxy.java:addNew(89)) - 65370939-d58a-4d15-8f1f-74ec23e08016: addNew group-EEF2CFEED711:[65370939-d58a-4d15-8f1f-74ec23e08016:192.168.36.89:34069] returns group-EEF2CFEED711:java.util.concurrent.CompletableFuture@40eb0de7[Not completed]
2019-08-21 07:14:04,420 INFO  impl.RaftServerImpl (RaftServerImpl.java:<init>(93)) - 65370939-d58a-4d15-8f1f-74ec23e08016: new RaftServerImpl for group-EEF2CFEED711:[65370939-d58a-4d15-8f1f-74ec23e08016:192.168.36.89:34069] with ContainerStateMachine:uninitialized
2019-08-21 07:14:04,420 INFO  server.RaftServerConfigKeys (ConfUtils.java:logGet(43)) - raft.server.rpc.timeout.min = 5s (custom)
2019-08-21 07:14:04,420 INFO  server.RaftServerConfigKeys (ConfUtils.java:logGet(43)) - raft.server.rpc.timeout.max = 5200ms (custom)
2019-08-21 07:14:04,420 INFO  server.RaftServerConfigKeys (ConfUtils.java:logGet(43)) - raft.server.rpcslowness.timeout = 120s (custom)
2019-08-21 07:14:04,421 INFO  server.RaftServerConfigKeys (ConfUtils.java:logGet(43)) - raft.server.sleep.deviation.threshold = 300 (default)
2019-08-21 07:14:04,421 INFO  server.RaftServerConfigKeys (ConfUtils.java:logGet(43)) - raft.server.log.appender.install.snapshot.enabled = false (custom)
2019-08-21 07:14:04,421 INFO  impl.RaftServerImpl (ServerState.java:<init>(105)) - 65370939-d58a-4d15-8f1f-74ec23e08016:group-EEF2CFEED711 ConfigurationManager, init=-1: [65370939-d58a-4d15-8f1f-74ec23e08016:192.168.36.89:34069], old=null, confs=<EMPTY_MAP>
2019-08-21 07:14:04,421 INFO  server.RaftServerConfigKeys (ConfUtils.java:logGet(43)) - raft.server.storage.dir = [/workdir/hadoop-ozone/integration-test/target/test-dir/MiniOzoneClusterImpl-94ff2e65-e9dc-40d8-b5a4-a4b55580a6d4/datanode-2/data/ratis] (custom)
2019-08-21 07:14:04,421 INFO  storage.RaftStorageDirectory (RaftStorageDirectory.java:analyzeStorage(246)) - The storage directory /workdir/hadoop-ozone/integration-test/target/test-dir/MiniOzoneClusterImpl-94ff2e65-e9dc-40d8-b5a4-a4b55580a6d4/datanode-2/data/ratis/4e169da3-b28b-4e24-9ffc-eef2cfeed711 does not exist. Creating ...
2019-08-21 07:14:04,708 INFO  impl.FollowerState (FollowerState.java:run(106)) - 59272499-6723-441f-bb93-d5b089b2dd3f:group-4673422A28BC changes to CANDIDATE, lastRpcTime:5197, electionTimeout:5197ms
2019-08-21 07:14:04,709 INFO  impl.RoleInfo (RoleInfo.java:shutdownFollowerState(121)) - 59272499-6723-441f-bb93-d5b089b2dd3f: shutdown FollowerState
2019-08-21 07:14:04,709 INFO  impl.RaftServerImpl (RaftServerImpl.java:setRole(171)) - 59272499-6723-441f-bb93-d5b089b2dd3f:group-4673422A28BC changes role from FOLLOWER to CANDIDATE at term 1 for changeToCandidate
2019-08-21 07:14:04,709 INFO  impl.RoleInfo (RoleInfo.java:updateAndGet(143)) - 59272499-6723-441f-bb93-d5b089b2dd3f: start LeaderElection
2019-08-21 07:14:04,812 INFO  impl.FollowerState (FollowerState.java:run(106)) - 21b1adc9-354e-4e99-9e4c-107100af86a3:group-5DA1C92E844E changes to CANDIDATE, lastRpcTime:5087, electionTimeout:5087ms
2019-08-21 07:14:04,813 INFO  impl.RoleInfo (RoleInfo.java:shutdownFollowerState(121)) - 21b1adc9-354e-4e99-9e4c-107100af86a3: shutdown FollowerState
2019-08-21 07:14:04,813 INFO  impl.RaftServerImpl (RaftServerImpl.java:setRole(171)) - 21b1adc9-354e-4e99-9e4c-107100af86a3:group-5DA1C92E844E changes role from FOLLOWER to CANDIDATE at term 1 for changeToCandidate
2019-08-21 07:14:04,813 INFO  impl.RoleInfo (RoleInfo.java:updateAndGet(143)) - 21b1adc9-354e-4e99-9e4c-107100af86a3: start LeaderElection
2019-08-21 07:14:04,949 INFO  storage.RaftStorageDirectory (RaftStorageDirectory.java:tryLock(328)) - Lock on /workdir/hadoop-ozone/integration-test/target/test-dir/MiniOzoneClusterImpl-94ff2e65-e9dc-40d8-b5a4-a4b55580a6d4/datanode-2/data/ratis/4e169da3-b28b-4e24-9ffc-eef2cfeed711/in_use.lock acquired by nodename 4895@pr-hdds-1935-8bnx7-2419419324
2019-08-21 07:14:04,949 INFO  impl.LeaderElection (LeaderElection.java:askForVotes(181)) - 21b1adc9-354e-4e99-9e4c-107100af86a3:group-5DA1C92E844E:LeaderElection23: begin an election at term 2 for 0: [21b1adc9-354e-4e99-9e4c-107100af86a3:192.168.36.89:44091], old=null
2019-08-21 07:14:04,949 INFO  impl.LeaderElection (LeaderElection.java:askForVotes(181)) - 59272499-6723-441f-bb93-d5b089b2dd3f:group-4673422A28BC:LeaderElection22: begin an election at term 2 for 0: [59272499-6723-441f-bb93-d5b089b2dd3f:192.168.36.89:42511], old=null
2019-08-21 07:14:04,950 INFO  impl.RoleInfo (RoleInfo.java:shutdownLeaderElection(134)) - 21b1adc9-354e-4e99-9e4c-107100af86a3: shutdown LeaderElection
2019-08-21 07:14:04,950 INFO  impl.RoleInfo (RoleInfo.java:shutdownLeaderElection(134)) - 59272499-6723-441f-bb93-d5b089b2dd3f: shutdown LeaderElection
2019-08-21 07:14:04,950 INFO  impl.RaftServerImpl (RaftServerImpl.java:setRole(171)) - 21b1adc9-354e-4e99-9e4c-107100af86a3:group-5DA1C92E844E changes role from CANDIDATE to LEADER at term 2 for changeToLeader
2019-08-21 07:14:04,950 INFO  impl.RaftServerImpl (RaftServerImpl.java:setRole(171)) - 59272499-6723-441f-bb93-d5b089b2dd3f:group-4673422A28BC changes role from CANDIDATE to LEADER at term 2 for changeToLeader
2019-08-21 07:14:04,950 INFO  impl.RaftServerImpl (ServerState.java:setLeader(263)) - 21b1adc9-354e-4e99-9e4c-107100af86a3:group-5DA1C92E844E change Leader from null to 21b1adc9-354e-4e99-9e4c-107100af86a3 at term 2 for becomeLeader, leader elected after 7397ms
2019-08-21 07:14:04,950 INFO  impl.RaftServerImpl (ServerState.java:setLeader(263)) - 59272499-6723-441f-bb93-d5b089b2dd3f:group-4673422A28BC change Leader from null to 59272499-6723-441f-bb93-d5b089b2dd3f at term 2 for becomeLeader, leader elected after 7501ms
2019-08-21 07:14:04,951 INFO  server.RaftServerConfigKeys (ConfUtils.java:logGet(43)) - raft.server.staging.catchup.gap = 1000 (default)
2019-08-21 07:14:04,951 INFO  server.RaftServerConfigKeys (ConfUtils.java:logGet(43)) - raft.server.staging.catchup.gap = 1000 (default)
2019-08-21 07:14:04,951 INFO  server.RaftServerConfigKeys (ConfUtils.java:logGet(43)) - raft.server.rpc.sleep.time = 25ms (default)
2019-08-21 07:14:04,951 INFO  server.RaftServerConfigKeys (ConfUtils.java:logGet(43)) - raft.server.rpc.sleep.time = 25ms (default)
2019-08-21 07:14:04,951 INFO  server.RaftServerConfigKeys (ConfUtils.java:logGet(43)) - raft.server.write.element-limit = 4096 (default)
2019-08-21 07:14:04,951 INFO  server.RaftServerConfigKeys (ConfUtils.java:logGet(43)) - raft.server.write.element-limit = 4096 (default)
2019-08-21 07:14:04,951 INFO  server.RaftServerConfigKeys (ConfUtils.java:logGet(43)) - raft.server.watch.timeout = 10s (default)
2019-08-21 07:14:04,951 INFO  server.RaftServerConfigKeys (ConfUtils.java:logGet(43)) - raft.server.watch.timeout = 10s (default)
2019-08-21 07:14:04,952 INFO  server.RaftServerConfigKeys (ConfUtils.java:logGet(43)) - raft.server.watch.timeout.denomination = 1s (default)
2019-08-21 07:14:04,952 INFO  server.RaftServerConfigKeys (ConfUtils.java:logGet(43)) - raft.server.watch.timeout.denomination = 1s (default)
2019-08-21 07:14:04,952 INFO  server.RaftServerConfigKeys (ConfUtils.java:logGet(43)) - raft.server.watch.element-limit = 65536 (default)
2019-08-21 07:14:04,952 INFO  server.RaftServerConfigKeys (ConfUtils.java:logGet(43)) - raft.server.watch.element-limit = 65536 (default)
2019-08-21 07:14:04,952 INFO  impl.RoleInfo (RoleInfo.java:updateAndGet(143)) - 21b1adc9-354e-4e99-9e4c-107100af86a3: start LeaderState
2019-08-21 07:14:04,952 INFO  impl.RoleInfo (RoleInfo.java:updateAndGet(143)) - 59272499-6723-441f-bb93-d5b089b2dd3f: start LeaderState
2019-08-21 07:14:04,953 INFO  segmented.SegmentedRaftLogWorker (SegmentedRaftLogWorker.java:rollLogSegment(385)) - 21b1adc9-354e-4e99-9e4c-107100af86a3-SegmentedRaftLogWorker:Storage Directory /workdir/hadoop-ozone/integration-test/target/test-dir/MiniOzoneClusterImpl-94ff2e65-e9dc-40d8-b5a4-a4b55580a6d4/datanode-1/data/ratis/53f25904-83da-43f2-b12a-5da1c92e844e: Rolling segment log-0_0 to index:0
2019-08-21 07:14:04,953 INFO  segmented.SegmentedRaftLogWorker (SegmentedRaftLogWorker.java:rollLogSegment(385)) - 59272499-6723-441f-bb93-d5b089b2dd3f-SegmentedRaftLogWorker:Storage Directory /workdir/hadoop-ozone/integration-test/target/test-dir/MiniOzoneClusterImpl-94ff2e65-e9dc-40d8-b5a4-a4b55580a6d4/datanode-0/data/ratis/a9d73eeb-070d-4251-8e7c-4673422a28bc: Rolling segment log-0_0 to index:0
2019-08-21 07:14:04,957 INFO  segmented.SegmentedRaftLogWorker (SegmentedRaftLogWorker.java:execute(526)) - 21b1adc9-354e-4e99-9e4c-107100af86a3-SegmentedRaftLogWorker:Storage Directory /workdir/hadoop-ozone/integration-test/target/test-dir/MiniOzoneClusterImpl-94ff2e65-e9dc-40d8-b5a4-a4b55580a6d4/datanode-1/data/ratis/53f25904-83da-43f2-b12a-5da1c92e844e: Rolled log segment from /workdir/hadoop-ozone/integration-test/target/test-dir/MiniOzoneClusterImpl-94ff2e65-e9dc-40d8-b5a4-a4b55580a6d4/datanode-1/data/ratis/53f25904-83da-43f2-b12a-5da1c92e844e/current/log_inprogress_0 to /workdir/hadoop-ozone/integration-test/target/test-dir/MiniOzoneClusterImpl-94ff2e65-e9dc-40d8-b5a4-a4b55580a6d4/datanode-1/data/ratis/53f25904-83da-43f2-b12a-5da1c92e844e/current/log_0-0
2019-08-21 07:14:04,958 INFO  segmented.SegmentedRaftLogWorker (SegmentedRaftLogWorker.java:execute(526)) - 59272499-6723-441f-bb93-d5b089b2dd3f-SegmentedRaftLogWorker:Storage Directory /workdir/hadoop-ozone/integration-test/target/test-dir/MiniOzoneClusterImpl-94ff2e65-e9dc-40d8-b5a4-a4b55580a6d4/datanode-0/data/ratis/a9d73eeb-070d-4251-8e7c-4673422a28bc: Rolled log segment from /workdir/hadoop-ozone/integration-test/target/test-dir/MiniOzoneClusterImpl-94ff2e65-e9dc-40d8-b5a4-a4b55580a6d4/datanode-0/data/ratis/a9d73eeb-070d-4251-8e7c-4673422a28bc/current/log_inprogress_0 to /workdir/hadoop-ozone/integration-test/target/test-dir/MiniOzoneClusterImpl-94ff2e65-e9dc-40d8-b5a4-a4b55580a6d4/datanode-0/data/ratis/a9d73eeb-070d-4251-8e7c-4673422a28bc/current/log_0-0
2019-08-21 07:14:04,961 INFO  impl.RaftServerImpl (ServerState.java:setRaftConf(361)) - 59272499-6723-441f-bb93-d5b089b2dd3f:group-4673422A28BC set configuration 1: [59272499-6723-441f-bb93-d5b089b2dd3f:192.168.36.89:42511], old=null at 1
2019-08-21 07:14:04,961 INFO  impl.RaftServerImpl (ServerState.java:setRaftConf(361)) - 21b1adc9-354e-4e99-9e4c-107100af86a3:group-5DA1C92E844E set configuration 1: [21b1adc9-354e-4e99-9e4c-107100af86a3:192.168.36.89:44091], old=null at 1
2019-08-21 07:14:04,996 INFO  storage.RaftStorage (RaftStorage.java:format(72)) - Storage directory /workdir/hadoop-ozone/integration-test/target/test-dir/MiniOzoneClusterImpl-94ff2e65-e9dc-40d8-b5a4-a4b55580a6d4/datanode-2/data/ratis/4e169da3-b28b-4e24-9ffc-eef2cfeed711 has been successfully formatted.
2019-08-21 07:14:04,996 INFO  ratis.ContainerStateMachine (ContainerStateMachine.java:loadSnapshot(222)) - group-EEF2CFEED711: The snapshot info is null. Setting the last applied indexto:(t:0, i:~)
2019-08-21 07:14:04,997 INFO  server.RaftServerConfigKeys (ConfUtils.java:logGet(43)) - raft.server.leader.election.timeout = 120s (custom)
2019-08-21 07:14:04,997 INFO  server.RaftServerConfigKeys (ConfUtils.java:logGet(43)) - raft.server.log.use.memory = false (default)
2019-08-21 07:14:04,997 INFO  server.RaftServerConfigKeys (ConfUtils.java:logGet(43)) - raft.server.log.purge.gap = 1000000000 (custom)
2019-08-21 07:14:04,998 INFO  server.RaftServerConfigKeys (ConfUtils.java:logGet(43)) - raft.server.log.appender.buffer.byte-limit = 33554432 (custom)
2019-08-21 07:14:04,998 INFO  server.RaftServerConfigKeys (ConfUtils.java:logGet(43)) - raft.server.log.segment.size.max = 1048576 (custom)
2019-08-21 07:14:04,998 INFO  server.RaftServerConfigKeys (ConfUtils.java:logGet(43)) - raft.server.log.segment.cache.num.max = 2 (custom)
2019-08-21 07:14:04,998 INFO  segmented.SegmentedRaftLogWorker (SegmentedRaftLogWorker.java:<init>(172)) - new 65370939-d58a-4d15-8f1f-74ec23e08016-SegmentedRaftLogWorker:Storage Directory /workdir/hadoop-ozone/integration-test/target/test-dir/MiniOzoneClusterImpl-94ff2e65-e9dc-40d8-b5a4-a4b55580a6d4/datanode-2/data/ratis/4e169da3-b28b-4e24-9ffc-eef2cfeed711 for RaftStorage:Storage Directory /workdir/hadoop-ozone/integration-test/target/test-dir/MiniOzoneClusterImpl-94ff2e65-e9dc-40d8-b5a4-a4b55580a6d4/datanode-2/data/ratis/4e169da3-b28b-4e24-9ffc-eef2cfeed711
2019-08-21 07:14:04,999 INFO  server.RaftServerConfigKeys (ConfUtils.java:logGet(43)) - raft.server.log.queue.byte-limit = 2147483647 (custom)
2019-08-21 07:14:04,999 INFO  server.RaftServerConfigKeys (ConfUtils.java:logGet(43)) - raft.server.log.queue.element-limit = 1024 (custom)
2019-08-21 07:14:04,999 INFO  server.RaftServerConfigKeys (ConfUtils.java:logGet(43)) - raft.server.log.segment.size.max = 1048576 (custom)
2019-08-21 07:14:04,999 INFO  server.RaftServerConfigKeys (ConfUtils.java:logGet(43)) - raft.server.log.preallocated.size = 16384 (custom)
2019-08-21 07:14:04,999 INFO  server.RaftServerConfigKeys (ConfUtils.java:logGet(43)) - raft.server.log.write.buffer.size = 33554432 (custom)
2019-08-21 07:14:05,000 INFO  server.RaftServerConfigKeys (ConfUtils.java:logGet(43)) - raft.server.log.force.sync.num = 128 (default)
2019-08-21 07:14:05,000 INFO  server.RaftServerConfigKeys (ConfUtils.java:logGet(43)) - raft.server.log.statemachine.data.sync = true (default)
2019-08-21 07:14:05,000 INFO  server.RaftServerConfigKeys (ConfUtils.java:logGet(43)) - raft.server.log.statemachine.data.sync.timeout = 10s (default)
2019-08-21 07:14:05,000 INFO  server.RaftServerConfigKeys (ConfUtils.java:logGet(43)) - raft.server.log.statemachine.data.sync.timeout.retry = -1 (default)
2019-08-21 07:14:05,001 INFO  server.RaftServerConfigKeys (ConfUtils.java:logGet(43)) - raft.server.log.statemachine.data.caching.enabled = true (custom)
2019-08-21 07:14:05,001 INFO  segmented.SegmentedRaftLogWorker (SegmentedRaftLogWorker.java:lambda$new$0(132)) - 65370939-d58a-4d15-8f1f-74ec23e08016-SegmentedRaftLogWorker:Storage Directory /workdir/hadoop-ozone/integration-test/target/test-dir/MiniOzoneClusterImpl-94ff2e65-e9dc-40d8-b5a4-a4b55580a6d4/datanode-2/data/ratis/4e169da3-b28b-4e24-9ffc-eef2cfeed711: flushIndex: setUnconditionally 0 -> -1
2019-08-21 07:14:05,002 INFO  server.RaftServerConfigKeys (ConfUtils.java:logGet(43)) - raft.server.snapshot.auto.trigger.enabled = true (custom)
2019-08-21 07:14:05,002 INFO  server.RaftServerConfigKeys (ConfUtils.java:logGet(43)) - raft.server.snapshot.auto.trigger.threshold = 10000 (custom)
2019-08-21 07:14:05,002 INFO  server.RaftServerConfigKeys (ConfUtils.java:logGet(43)) - raft.server.retrycache.expirytime = 600000ms (custom)
2019-08-21 07:14:05,003 INFO  impl.RaftServerImpl (RaftServerImpl.java:start(180)) - 65370939-d58a-4d15-8f1f-74ec23e08016: start group-EEF2CFEED711
2019-08-21 07:14:05,003 INFO  impl.RaftServerImpl (RaftServerImpl.java:setRole(171)) - 65370939-d58a-4d15-8f1f-74ec23e08016:group-EEF2CFEED711 changes role from null to FOLLOWER at term 0 for startAsFollower
2019-08-21 07:14:05,003 INFO  impl.RoleInfo (RoleInfo.java:updateAndGet(143)) - 65370939-d58a-4d15-8f1f-74ec23e08016: start FollowerState
2019-08-21 07:14:05,004 INFO  util.JmxRegister (JmxRegister.java:tryRegister(44)) - Successfully registered JMX Bean with object name Ratis:service=RaftServer,group=group-EEF2CFEED711,id=65370939-d58a-4d15-8f1f-74ec23e08016
2019-08-21 07:14:05,009 INFO  pipeline.PipelineStateManager (PipelineStateManager.java:addPipeline(56)) - Created pipeline Pipeline[ Id: 4e169da3-b28b-4e24-9ffc-eef2cfeed711, Nodes: 65370939-d58a-4d15-8f1f-74ec23e08016{ip: 192.168.36.89, host: pr-hdds-1935-8bnx7-2419419324, networkLocation: /default-rack, certSerialId: null}, Type:RATIS, Factor:ONE, State:OPEN]
2019-08-21 07:14:05,018 INFO  impl.RaftServerProxy (RaftServerProxy.java:addNew(89)) - 59272499-6723-441f-bb93-d5b089b2dd3f: addNew group-658E3DC65929:[59272499-6723-441f-bb93-d5b089b2dd3f:192.168.36.89:42511] returns group-658E3DC65929:java.util.concurrent.CompletableFuture@117f242c[Not completed]
2019-08-21 07:14:05,019 INFO  impl.RaftServerImpl (RaftServerImpl.java:<init>(93)) - 59272499-6723-441f-bb93-d5b089b2dd3f: new RaftServerImpl for group-658E3DC65929:[59272499-6723-441f-bb93-d5b089b2dd3f:192.168.36.89:42511] with ContainerStateMachine:uninitialized
2019-08-21 07:14:05,020 INFO  server.RaftServerConfigKeys (ConfUtils.java:logGet(43)) - raft.server.rpc.timeout.min = 5s (custom)
2019-08-21 07:14:05,020 INFO  server.RaftServerConfigKeys (ConfUtils.java:logGet(43)) - raft.server.rpc.timeout.max = 5200ms (custom)
2019-08-21 07:14:05,020 INFO  server.RaftServerConfigKeys (ConfUtils.java:logGet(43)) - raft.server.rpcslowness.timeout = 120s (custom)
2019-08-21 07:14:05,020 INFO  server.RaftServerConfigKeys (ConfUtils.java:logGet(43)) - raft.server.sleep.deviation.threshold = 300 (default)
2019-08-21 07:14:05,020 INFO  server.RaftServerConfigKeys (ConfUtils.java:logGet(43)) - raft.server.log.appender.install.snapshot.enabled = false (custom)
2019-08-21 07:14:05,020 INFO  impl.RaftServerImpl (ServerState.java:<init>(105)) - 59272499-6723-441f-bb93-d5b089b2dd3f:group-658E3DC65929 ConfigurationManager, init=-1: [59272499-6723-441f-bb93-d5b089b2dd3f:192.168.36.89:42511], old=null, confs=<EMPTY_MAP>
2019-08-21 07:14:05,020 INFO  server.RaftServerConfigKeys (ConfUtils.java:logGet(43)) - raft.server.storage.dir = [/workdir/hadoop-ozone/integration-test/target/test-dir/MiniOzoneClusterImpl-94ff2e65-e9dc-40d8-b5a4-a4b55580a6d4/datanode-0/data/ratis] (custom)
2019-08-21 07:14:05,021 INFO  storage.RaftStorageDirectory (RaftStorageDirectory.java:analyzeStorage(246)) - The storage directory /workdir/hadoop-ozone/integration-test/target/test-dir/MiniOzoneClusterImpl-94ff2e65-e9dc-40d8-b5a4-a4b55580a6d4/datanode-0/data/ratis/8adfd705-2cba-4ba8-8338-658e3dc65929 does not exist. Creating ...
2019-08-21 07:14:05,046 INFO  storage.RaftStorageDirectory (RaftStorageDirectory.java:tryLock(328)) - Lock on /workdir/hadoop-ozone/integration-test/target/test-dir/MiniOzoneClusterImpl-94ff2e65-e9dc-40d8-b5a4-a4b55580a6d4/datanode-0/data/ratis/8adfd705-2cba-4ba8-8338-658e3dc65929/in_use.lock acquired by nodename 4895@pr-hdds-1935-8bnx7-2419419324
2019-08-21 07:14:05,046 INFO  segmented.SegmentedRaftLogWorker (SegmentedRaftLogWorker.java:execute(569)) - 59272499-6723-441f-bb93-d5b089b2dd3f-SegmentedRaftLogWorker:Storage Directory /workdir/hadoop-ozone/integration-test/target/test-dir/MiniOzoneClusterImpl-94ff2e65-e9dc-40d8-b5a4-a4b55580a6d4/datanode-0/data/ratis/a9d73eeb-070d-4251-8e7c-4673422a28bc: created new log segment /workdir/hadoop-ozone/integration-test/target/test-dir/MiniOzoneClusterImpl-94ff2e65-e9dc-40d8-b5a4-a4b55580a6d4/datanode-0/data/ratis/a9d73eeb-070d-4251-8e7c-4673422a28bc/current/log_inprogress_1
2019-08-21 07:14:05,046 INFO  segmented.SegmentedRaftLogWorker (SegmentedRaftLogWorker.java:execute(569)) - 21b1adc9-354e-4e99-9e4c-107100af86a3-SegmentedRaftLogWorker:Storage Directory /workdir/hadoop-ozone/integration-test/target/test-dir/MiniOzoneClusterImpl-94ff2e65-e9dc-40d8-b5a4-a4b55580a6d4/datanode-1/data/ratis/53f25904-83da-43f2-b12a-5da1c92e844e: created new log segment /workdir/hadoop-ozone/integration-test/target/test-dir/MiniOzoneClusterImpl-94ff2e65-e9dc-40d8-b5a4-a4b55580a6d4/datanode-1/data/ratis/53f25904-83da-43f2-b12a-5da1c92e844e/current/log_inprogress_1
2019-08-21 07:14:05,063 INFO  storage.RaftStorage (RaftStorage.java:format(72)) - Storage directory /workdir/hadoop-ozone/integration-test/target/test-dir/MiniOzoneClusterImpl-94ff2e65-e9dc-40d8-b5a4-a4b55580a6d4/datanode-0/data/ratis/8adfd705-2cba-4ba8-8338-658e3dc65929 has been successfully formatted.
2019-08-21 07:14:05,064 INFO  ratis.ContainerStateMachine (ContainerStateMachine.java:loadSnapshot(222)) - group-658E3DC65929: The snapshot info is null. Setting the last applied indexto:(t:0, i:~)
2019-08-21 07:14:05,064 INFO  server.RaftServerConfigKeys (ConfUtils.java:logGet(43)) - raft.server.leader.election.timeout = 120s (custom)
2019-08-21 07:14:05,064 INFO  server.RaftServerConfigKeys (ConfUtils.java:logGet(43)) - raft.server.log.use.memory = false (default)
2019-08-21 07:14:05,064 INFO  server.RaftServerConfigKeys (ConfUtils.java:logGet(43)) - raft.server.log.purge.gap = 1000000000 (custom)
2019-08-21 07:14:05,064 INFO  server.RaftServerConfigKeys (ConfUtils.java:logGet(43)) - raft.server.log.appender.buffer.byte-limit = 33554432 (custom)
2019-08-21 07:14:05,065 INFO  server.RaftServerConfigKeys (ConfUtils.java:logGet(43)) - raft.server.log.segment.size.max = 1048576 (custom)
2019-08-21 07:14:05,065 INFO  server.RaftServerConfigKeys (ConfUtils.java:logGet(43)) - raft.server.log.segment.cache.num.max = 2 (custom)
2019-08-21 07:14:05,065 INFO  segmented.SegmentedRaftLogWorker (SegmentedRaftLogWorker.java:<init>(172)) - new 59272499-6723-441f-bb93-d5b089b2dd3f-SegmentedRaftLogWorker:Storage Directory /workdir/hadoop-ozone/integration-test/target/test-dir/MiniOzoneClusterImpl-94ff2e65-e9dc-40d8-b5a4-a4b55580a6d4/datanode-0/data/ratis/8adfd705-2cba-4ba8-8338-658e3dc65929 for RaftStorage:Storage Directory /workdir/hadoop-ozone/integration-test/target/test-dir/MiniOzoneClusterImpl-94ff2e65-e9dc-40d8-b5a4-a4b55580a6d4/datanode-0/data/ratis/8adfd705-2cba-4ba8-8338-658e3dc65929
2019-08-21 07:14:05,065 INFO  server.RaftServerConfigKeys (ConfUtils.java:logGet(43)) - raft.server.log.queue.byte-limit = 2147483647 (custom)
2019-08-21 07:14:05,065 INFO  server.RaftServerConfigKeys (ConfUtils.java:logGet(43)) - raft.server.log.queue.element-limit = 1024 (custom)
2019-08-21 07:14:05,065 INFO  server.RaftServerConfigKeys (ConfUtils.java:logGet(43)) - raft.server.log.segment.size.max = 1048576 (custom)
2019-08-21 07:14:05,065 INFO  server.RaftServerConfigKeys (ConfUtils.java:logGet(43)) - raft.server.log.preallocated.size = 16384 (custom)
2019-08-21 07:14:05,066 INFO  server.RaftServerConfigKeys (ConfUtils.java:logGet(43)) - raft.server.log.write.buffer.size = 33554432 (custom)
2019-08-21 07:14:05,066 INFO  server.RaftServerConfigKeys (ConfUtils.java:logGet(43)) - raft.server.log.force.sync.num = 128 (default)
2019-08-21 07:14:05,066 INFO  server.RaftServerConfigKeys (ConfUtils.java:logGet(43)) - raft.server.log.statemachine.data.sync = true (default)
2019-08-21 07:14:05,066 INFO  server.RaftServerConfigKeys (ConfUtils.java:logGet(43)) - raft.server.log.statemachine.data.sync.timeout = 10s (default)
2019-08-21 07:14:05,066 INFO  server.RaftServerConfigKeys (ConfUtils.java:logGet(43)) - raft.server.log.statemachine.data.sync.timeout.retry = -1 (default)
2019-08-21 07:14:05,066 INFO  server.RaftServerConfigKeys (ConfUtils.java:logGet(43)) - raft.server.log.statemachine.data.caching.enabled = true (custom)
2019-08-21 07:14:05,067 INFO  segmented.SegmentedRaftLogWorker (SegmentedRaftLogWorker.java:lambda$new$0(132)) - 59272499-6723-441f-bb93-d5b089b2dd3f-SegmentedRaftLogWorker:Storage Directory /workdir/hadoop-ozone/integration-test/target/test-dir/MiniOzoneClusterImpl-94ff2e65-e9dc-40d8-b5a4-a4b55580a6d4/datanode-0/data/ratis/8adfd705-2cba-4ba8-8338-658e3dc65929: flushIndex: setUnconditionally 0 -> -1
2019-08-21 07:14:05,067 INFO  server.RaftServerConfigKeys (ConfUtils.java:logGet(43)) - raft.server.snapshot.auto.trigger.enabled = true (custom)
2019-08-21 07:14:05,067 INFO  server.RaftServerConfigKeys (ConfUtils.java:logGet(43)) - raft.server.snapshot.auto.trigger.threshold = 10000 (custom)
2019-08-21 07:14:05,067 INFO  server.RaftServerConfigKeys (ConfUtils.java:logGet(43)) - raft.server.retrycache.expirytime = 600000ms (custom)
2019-08-21 07:14:05,068 INFO  impl.RaftServerImpl (RaftServerImpl.java:start(180)) - 59272499-6723-441f-bb93-d5b089b2dd3f: start group-658E3DC65929
2019-08-21 07:14:05,068 INFO  impl.RaftServerImpl (RaftServerImpl.java:setRole(171)) - 59272499-6723-441f-bb93-d5b089b2dd3f:group-658E3DC65929 changes role from null to FOLLOWER at term 0 for startAsFollower
2019-08-21 07:14:05,068 INFO  impl.RoleInfo (RoleInfo.java:updateAndGet(143)) - 59272499-6723-441f-bb93-d5b089b2dd3f: start FollowerState
2019-08-21 07:14:05,069 INFO  util.JmxRegister (JmxRegister.java:tryRegister(44)) - Successfully registered JMX Bean with object name Ratis:service=RaftServer,group=group-658E3DC65929,id=59272499-6723-441f-bb93-d5b089b2dd3f
2019-08-21 07:14:05,074 INFO  pipeline.PipelineStateManager (PipelineStateManager.java:addPipeline(56)) - Created pipeline Pipeline[ Id: 8adfd705-2cba-4ba8-8338-658e3dc65929, Nodes: 59272499-6723-441f-bb93-d5b089b2dd3f{ip: 192.168.36.89, host: pr-hdds-1935-8bnx7-2419419324, networkLocation: /default-rack, certSerialId: null}, Type:RATIS, Factor:ONE, State:OPEN]
2019-08-21 07:14:05,081 INFO  impl.RaftServerProxy (RaftServerProxy.java:addNew(89)) - 21b1adc9-354e-4e99-9e4c-107100af86a3: addNew group-F03648A3CB39:[21b1adc9-354e-4e99-9e4c-107100af86a3:192.168.36.89:44091] returns group-F03648A3CB39:java.util.concurrent.CompletableFuture@7b4df1[Not completed]
2019-08-21 07:14:05,083 INFO  impl.RaftServerImpl (RaftServerImpl.java:<init>(93)) - 21b1adc9-354e-4e99-9e4c-107100af86a3: new RaftServerImpl for group-F03648A3CB39:[21b1adc9-354e-4e99-9e4c-107100af86a3:192.168.36.89:44091] with ContainerStateMachine:uninitialized
2019-08-21 07:14:05,083 INFO  server.RaftServerConfigKeys (ConfUtils.java:logGet(43)) - raft.server.rpc.timeout.min = 5s (custom)
2019-08-21 07:14:05,083 INFO  server.RaftServerConfigKeys (ConfUtils.java:logGet(43)) - raft.server.rpc.timeout.max = 5200ms (custom)
2019-08-21 07:14:05,083 INFO  server.RaftServerConfigKeys (ConfUtils.java:logGet(43)) - raft.server.rpcslowness.timeout = 120s (custom)
2019-08-21 07:14:05,084 INFO  server.RaftServerConfigKeys (ConfUtils.java:logGet(43)) - raft.server.sleep.deviation.threshold = 300 (default)
2019-08-21 07:14:05,084 INFO  server.RaftServerConfigKeys (ConfUtils.java:logGet(43)) - raft.server.log.appender.install.snapshot.enabled = false (custom)
2019-08-21 07:14:05,084 INFO  impl.RaftServerImpl (ServerState.java:<init>(105)) - 21b1adc9-354e-4e99-9e4c-107100af86a3:group-F03648A3CB39 ConfigurationManager, init=-1: [21b1adc9-354e-4e99-9e4c-107100af86a3:192.168.36.89:44091], old=null, confs=<EMPTY_MAP>
2019-08-21 07:14:05,084 INFO  server.RaftServerConfigKeys (ConfUtils.java:logGet(43)) - raft.server.storage.dir = [/workdir/hadoop-ozone/integration-test/target/test-dir/MiniOzoneClusterImpl-94ff2e65-e9dc-40d8-b5a4-a4b55580a6d4/datanode-1/data/ratis] (custom)
2019-08-21 07:14:05,084 INFO  storage.RaftStorageDirectory (RaftStorageDirectory.java:analyzeStorage(246)) - The storage directory /workdir/hadoop-ozone/integration-test/target/test-dir/MiniOzoneClusterImpl-94ff2e65-e9dc-40d8-b5a4-a4b55580a6d4/datanode-1/data/ratis/2b5b4127-2d08-4f30-800b-f03648a3cb39 does not exist. Creating ...
2019-08-21 07:14:05,103 INFO  storage.RaftStorageDirectory (RaftStorageDirectory.java:tryLock(328)) - Lock on /workdir/hadoop-ozone/integration-test/target/test-dir/MiniOzoneClusterImpl-94ff2e65-e9dc-40d8-b5a4-a4b55580a6d4/datanode-1/data/ratis/2b5b4127-2d08-4f30-800b-f03648a3cb39/in_use.lock acquired by nodename 4895@pr-hdds-1935-8bnx7-2419419324
2019-08-21 07:14:05,112 INFO  storage.RaftStorage (RaftStorage.java:format(72)) - Storage directory /workdir/hadoop-ozone/integration-test/target/test-dir/MiniOzoneClusterImpl-94ff2e65-e9dc-40d8-b5a4-a4b55580a6d4/datanode-1/data/ratis/2b5b4127-2d08-4f30-800b-f03648a3cb39 has been successfully formatted.
2019-08-21 07:14:05,112 INFO  ratis.ContainerStateMachine (ContainerStateMachine.java:loadSnapshot(222)) - group-F03648A3CB39: The snapshot info is null. Setting the last applied indexto:(t:0, i:~)
2019-08-21 07:14:05,112 INFO  server.RaftServerConfigKeys (ConfUtils.java:logGet(43)) - raft.server.leader.election.timeout = 120s (custom)
2019-08-21 07:14:05,112 INFO  server.RaftServerConfigKeys (ConfUtils.java:logGet(43)) - raft.server.log.use.memory = false (default)
2019-08-21 07:14:05,113 INFO  server.RaftServerConfigKeys (ConfUtils.java:logGet(43)) - raft.server.log.purge.gap = 1000000000 (custom)
2019-08-21 07:14:05,113 INFO  server.RaftServerConfigKeys (ConfUtils.java:logGet(43)) - raft.server.log.appender.buffer.byte-limit = 33554432 (custom)
2019-08-21 07:14:05,113 INFO  server.RaftServerConfigKeys (ConfUtils.java:logGet(43)) - raft.server.log.segment.size.max = 1048576 (custom)
2019-08-21 07:14:05,113 INFO  server.RaftServerConfigKeys (ConfUtils.java:logGet(43)) - raft.server.log.segment.cache.num.max = 2 (custom)
2019-08-21 07:14:05,113 INFO  segmented.SegmentedRaftLogWorker (SegmentedRaftLogWorker.java:<init>(172)) - new 21b1adc9-354e-4e99-9e4c-107100af86a3-SegmentedRaftLogWorker:Storage Directory /workdir/hadoop-ozone/integration-test/target/test-dir/MiniOzoneClusterImpl-94ff2e65-e9dc-40d8-b5a4-a4b55580a6d4/datanode-1/data/ratis/2b5b4127-2d08-4f30-800b-f03648a3cb39 for RaftStorage:Storage Directory /workdir/hadoop-ozone/integration-test/target/test-dir/MiniOzoneClusterImpl-94ff2e65-e9dc-40d8-b5a4-a4b55580a6d4/datanode-1/data/ratis/2b5b4127-2d08-4f30-800b-f03648a3cb39
2019-08-21 07:14:05,113 INFO  server.RaftServerConfigKeys (ConfUtils.java:logGet(43)) - raft.server.log.queue.byte-limit = 2147483647 (custom)
2019-08-21 07:14:05,114 INFO  server.RaftServerConfigKeys (ConfUtils.java:logGet(43)) - raft.server.log.queue.element-limit = 1024 (custom)
2019-08-21 07:14:05,114 INFO  server.RaftServerConfigKeys (ConfUtils.java:logGet(43)) - raft.server.log.segment.size.max = 1048576 (custom)
2019-08-21 07:14:05,114 INFO  server.RaftServerConfigKeys (ConfUtils.java:logGet(43)) - raft.server.log.preallocated.size = 16384 (custom)
2019-08-21 07:14:05,114 INFO  server.RaftServerConfigKeys (ConfUtils.java:logGet(43)) - raft.server.log.write.buffer.size = 33554432 (custom)
2019-08-21 07:14:05,114 INFO  server.RaftServerConfigKeys (ConfUtils.java:logGet(43)) - raft.server.log.force.sync.num = 128 (default)
2019-08-21 07:14:05,114 INFO  server.RaftServerConfigKeys (ConfUtils.java:logGet(43)) - raft.server.log.statemachine.data.sync = true (default)
2019-08-21 07:14:05,114 INFO  server.RaftServerConfigKeys (ConfUtils.java:logGet(43)) - raft.server.log.statemachine.data.sync.timeout = 10s (default)
2019-08-21 07:14:05,114 INFO  server.RaftServerConfigKeys (ConfUtils.java:logGet(43)) - raft.server.log.statemachine.data.sync.timeout.retry = -1 (default)
2019-08-21 07:14:05,115 INFO  server.RaftServerConfigKeys (ConfUtils.java:logGet(43)) - raft.server.log.statemachine.data.caching.enabled = true (custom)
2019-08-21 07:14:05,115 INFO  segmented.SegmentedRaftLogWorker (SegmentedRaftLogWorker.java:lambda$new$0(132)) - 21b1adc9-354e-4e99-9e4c-107100af86a3-SegmentedRaftLogWorker:Storage Directory /workdir/hadoop-ozone/integration-test/target/test-dir/MiniOzoneClusterImpl-94ff2e65-e9dc-40d8-b5a4-a4b55580a6d4/datanode-1/data/ratis/2b5b4127-2d08-4f30-800b-f03648a3cb39: flushIndex: setUnconditionally 0 -> -1
2019-08-21 07:14:05,115 INFO  server.RaftServerConfigKeys (ConfUtils.java:logGet(43)) - raft.server.snapshot.auto.trigger.enabled = true (custom)
2019-08-21 07:14:05,115 INFO  server.RaftServerConfigKeys (ConfUtils.java:logGet(43)) - raft.server.snapshot.auto.trigger.threshold = 10000 (custom)
2019-08-21 07:14:05,116 INFO  server.RaftServerConfigKeys (ConfUtils.java:logGet(43)) - raft.server.retrycache.expirytime = 600000ms (custom)
2019-08-21 07:14:05,116 INFO  impl.RaftServerImpl (RaftServerImpl.java:start(180)) - 21b1adc9-354e-4e99-9e4c-107100af86a3: start group-F03648A3CB39
2019-08-21 07:14:05,116 INFO  impl.RaftServerImpl (RaftServerImpl.java:setRole(171)) - 21b1adc9-354e-4e99-9e4c-107100af86a3:group-F03648A3CB39 changes role from null to FOLLOWER at term 0 for startAsFollower
2019-08-21 07:14:05,116 INFO  impl.RoleInfo (RoleInfo.java:updateAndGet(143)) - 21b1adc9-354e-4e99-9e4c-107100af86a3: start FollowerState
2019-08-21 07:14:05,116 INFO  util.JmxRegister (JmxRegister.java:tryRegister(44)) - Successfully registered JMX Bean with object name Ratis:service=RaftServer,group=group-F03648A3CB39,id=21b1adc9-354e-4e99-9e4c-107100af86a3
2019-08-21 07:14:05,121 INFO  pipeline.PipelineStateManager (PipelineStateManager.java:addPipeline(56)) - Created pipeline Pipeline[ Id: 2b5b4127-2d08-4f30-800b-f03648a3cb39, Nodes: 21b1adc9-354e-4e99-9e4c-107100af86a3{ip: 192.168.36.89, host: pr-hdds-1935-8bnx7-2419419324, networkLocation: /default-rack, certSerialId: null}, Type:RATIS, Factor:ONE, State:OPEN]
2019-08-21 07:14:05,144 INFO  impl.RaftServerProxy (RaftServerProxy.java:addNew(89)) - 65370939-d58a-4d15-8f1f-74ec23e08016: addNew group-296B15F66C1F:[21b1adc9-354e-4e99-9e4c-107100af86a3:192.168.36.89:44091, 59272499-6723-441f-bb93-d5b089b2dd3f:192.168.36.89:42511, 65370939-d58a-4d15-8f1f-74ec23e08016:192.168.36.89:34069] returns group-296B15F66C1F:java.util.concurrent.CompletableFuture@2d024a13[Not completed]
2019-08-21 07:14:05,147 INFO  impl.RaftServerProxy (RaftServerProxy.java:addNew(89)) - 59272499-6723-441f-bb93-d5b089b2dd3f: addNew group-296B15F66C1F:[21b1adc9-354e-4e99-9e4c-107100af86a3:192.168.36.89:44091, 59272499-6723-441f-bb93-d5b089b2dd3f:192.168.36.89:42511, 65370939-d58a-4d15-8f1f-74ec23e08016:192.168.36.89:34069] returns group-296B15F66C1F:java.util.concurrent.CompletableFuture@35f78a71[Not completed]
2019-08-21 07:14:05,147 INFO  impl.RaftServerProxy (RaftServerProxy.java:addNew(89)) - 21b1adc9-354e-4e99-9e4c-107100af86a3: addNew group-296B15F66C1F:[21b1adc9-354e-4e99-9e4c-107100af86a3:192.168.36.89:44091, 59272499-6723-441f-bb93-d5b089b2dd3f:192.168.36.89:42511, 65370939-d58a-4d15-8f1f-74ec23e08016:192.168.36.89:34069] returns group-296B15F66C1F:java.util.concurrent.CompletableFuture@32085264[Not completed]
2019-08-21 07:14:05,148 INFO  impl.RaftServerImpl (RaftServerImpl.java:<init>(93)) - 65370939-d58a-4d15-8f1f-74ec23e08016: new RaftServerImpl for group-296B15F66C1F:[21b1adc9-354e-4e99-9e4c-107100af86a3:192.168.36.89:44091, 59272499-6723-441f-bb93-d5b089b2dd3f:192.168.36.89:42511, 65370939-d58a-4d15-8f1f-74ec23e08016:192.168.36.89:34069] with ContainerStateMachine:uninitialized
2019-08-21 07:14:05,148 INFO  server.RaftServerConfigKeys (ConfUtils.java:logGet(43)) - raft.server.rpc.timeout.min = 5s (custom)
2019-08-21 07:14:05,148 INFO  server.RaftServerConfigKeys (ConfUtils.java:logGet(43)) - raft.server.rpc.timeout.max = 5200ms (custom)
2019-08-21 07:14:05,148 INFO  server.RaftServerConfigKeys (ConfUtils.java:logGet(43)) - raft.server.rpcslowness.timeout = 120s (custom)
2019-08-21 07:14:05,148 INFO  server.RaftServerConfigKeys (ConfUtils.java:logGet(43)) - raft.server.sleep.deviation.threshold = 300 (default)
2019-08-21 07:14:05,148 INFO  server.RaftServerConfigKeys (ConfUtils.java:logGet(43)) - raft.server.log.appender.install.snapshot.enabled = false (custom)
2019-08-21 07:14:05,148 INFO  impl.RaftServerImpl (ServerState.java:<init>(105)) - 65370939-d58a-4d15-8f1f-74ec23e08016:group-296B15F66C1F ConfigurationManager, init=-1: [21b1adc9-354e-4e99-9e4c-107100af86a3:192.168.36.89:44091, 59272499-6723-441f-bb93-d5b089b2dd3f:192.168.36.89:42511, 65370939-d58a-4d15-8f1f-74ec23e08016:192.168.36.89:34069], old=null, confs=<EMPTY_MAP>
2019-08-21 07:14:05,149 INFO  server.RaftServerConfigKeys (ConfUtils.java:logGet(43)) - raft.server.storage.dir = [/workdir/hadoop-ozone/integration-test/target/test-dir/MiniOzoneClusterImpl-94ff2e65-e9dc-40d8-b5a4-a4b55580a6d4/datanode-2/data/ratis] (custom)
2019-08-21 07:14:05,149 INFO  impl.RaftServerImpl (RaftServerImpl.java:<init>(93)) - 59272499-6723-441f-bb93-d5b089b2dd3f: new RaftServerImpl for group-296B15F66C1F:[21b1adc9-354e-4e99-9e4c-107100af86a3:192.168.36.89:44091, 59272499-6723-441f-bb93-d5b089b2dd3f:192.168.36.89:42511, 65370939-d58a-4d15-8f1f-74ec23e08016:192.168.36.89:34069] with ContainerStateMachine:uninitialized
2019-08-21 07:14:05,149 INFO  storage.RaftStorageDirectory (RaftStorageDirectory.java:analyzeStorage(246)) - The storage directory /workdir/hadoop-ozone/integration-test/target/test-dir/MiniOzoneClusterImpl-94ff2e65-e9dc-40d8-b5a4-a4b55580a6d4/datanode-2/data/ratis/5ae21241-bfb4-43d2-b818-296b15f66c1f does not exist. Creating ...
2019-08-21 07:14:05,149 INFO  server.RaftServerConfigKeys (ConfUtils.java:logGet(43)) - raft.server.rpc.timeout.min = 5s (custom)
2019-08-21 07:14:05,149 INFO  server.RaftServerConfigKeys (ConfUtils.java:logGet(43)) - raft.server.rpc.timeout.max = 5200ms (custom)
2019-08-21 07:14:05,150 INFO  impl.RaftServerImpl (RaftServerImpl.java:<init>(93)) - 21b1adc9-354e-4e99-9e4c-107100af86a3: new RaftServerImpl for group-296B15F66C1F:[21b1adc9-354e-4e99-9e4c-107100af86a3:192.168.36.89:44091, 59272499-6723-441f-bb93-d5b089b2dd3f:192.168.36.89:42511, 65370939-d58a-4d15-8f1f-74ec23e08016:192.168.36.89:34069] with ContainerStateMachine:uninitialized
2019-08-21 07:14:05,150 INFO  server.RaftServerConfigKeys (ConfUtils.java:logGet(43)) - raft.server.rpcslowness.timeout = 120s (custom)
2019-08-21 07:14:05,150 INFO  server.RaftServerConfigKeys (ConfUtils.java:logGet(43)) - raft.server.rpc.timeout.min = 5s (custom)
2019-08-21 07:14:05,150 INFO  server.RaftServerConfigKeys (ConfUtils.java:logGet(43)) - raft.server.sleep.deviation.threshold = 300 (default)
2019-08-21 07:14:05,150 INFO  server.RaftServerConfigKeys (ConfUtils.java:logGet(43)) - raft.server.rpc.timeout.max = 5200ms (custom)
2019-08-21 07:14:05,150 INFO  server.RaftServerConfigKeys (ConfUtils.java:logGet(43)) - raft.server.log.appender.install.snapshot.enabled = false (custom)
2019-08-21 07:14:05,150 INFO  server.RaftServerConfigKeys (ConfUtils.java:logGet(43)) - raft.server.rpcslowness.timeout = 120s (custom)
2019-08-21 07:14:05,151 INFO  impl.RaftServerImpl (ServerState.java:<init>(105)) - 59272499-6723-441f-bb93-d5b089b2dd3f:group-296B15F66C1F ConfigurationManager, init=-1: [21b1adc9-354e-4e99-9e4c-107100af86a3:192.168.36.89:44091, 59272499-6723-441f-bb93-d5b089b2dd3f:192.168.36.89:42511, 65370939-d58a-4d15-8f1f-74ec23e08016:192.168.36.89:34069], old=null, confs=<EMPTY_MAP>
2019-08-21 07:14:05,151 INFO  server.RaftServerConfigKeys (ConfUtils.java:logGet(43)) - raft.server.sleep.deviation.threshold = 300 (default)
2019-08-21 07:14:05,151 INFO  server.RaftServerConfigKeys (ConfUtils.java:logGet(43)) - raft.server.log.appender.install.snapshot.enabled = false (custom)
2019-08-21 07:14:05,151 INFO  server.RaftServerConfigKeys (ConfUtils.java:logGet(43)) - raft.server.storage.dir = [/workdir/hadoop-ozone/integration-test/target/test-dir/MiniOzoneClusterImpl-94ff2e65-e9dc-40d8-b5a4-a4b55580a6d4/datanode-0/data/ratis] (custom)
2019-08-21 07:14:05,151 INFO  impl.RaftServerImpl (ServerState.java:<init>(105)) - 21b1adc9-354e-4e99-9e4c-107100af86a3:group-296B15F66C1F ConfigurationManager, init=-1: [21b1adc9-354e-4e99-9e4c-107100af86a3:192.168.36.89:44091, 59272499-6723-441f-bb93-d5b089b2dd3f:192.168.36.89:42511, 65370939-d58a-4d15-8f1f-74ec23e08016:192.168.36.89:34069], old=null, confs=<EMPTY_MAP>
2019-08-21 07:14:05,151 INFO  server.RaftServerConfigKeys (ConfUtils.java:logGet(43)) - raft.server.storage.dir = [/workdir/hadoop-ozone/integration-test/target/test-dir/MiniOzoneClusterImpl-94ff2e65-e9dc-40d8-b5a4-a4b55580a6d4/datanode-1/data/ratis] (custom)
2019-08-21 07:14:05,151 INFO  storage.RaftStorageDirectory (RaftStorageDirectory.java:analyzeStorage(246)) - The storage directory /workdir/hadoop-ozone/integration-test/target/test-dir/MiniOzoneClusterImpl-94ff2e65-e9dc-40d8-b5a4-a4b55580a6d4/datanode-0/data/ratis/5ae21241-bfb4-43d2-b818-296b15f66c1f does not exist. Creating ...
2019-08-21 07:14:05,152 INFO  storage.RaftStorageDirectory (RaftStorageDirectory.java:analyzeStorage(246)) - The storage directory /workdir/hadoop-ozone/integration-test/target/test-dir/MiniOzoneClusterImpl-94ff2e65-e9dc-40d8-b5a4-a4b55580a6d4/datanode-1/data/ratis/5ae21241-bfb4-43d2-b818-296b15f66c1f does not exist. Creating ...
2019-08-21 07:14:05,158 INFO  storage.RaftStorageDirectory (RaftStorageDirectory.java:tryLock(328)) - Lock on /workdir/hadoop-ozone/integration-test/target/test-dir/MiniOzoneClusterImpl-94ff2e65-e9dc-40d8-b5a4-a4b55580a6d4/datanode-0/data/ratis/5ae21241-bfb4-43d2-b818-296b15f66c1f/in_use.lock acquired by nodename 4895@pr-hdds-1935-8bnx7-2419419324
2019-08-21 07:14:05,158 INFO  storage.RaftStorageDirectory (RaftStorageDirectory.java:tryLock(328)) - Lock on /workdir/hadoop-ozone/integration-test/target/test-dir/MiniOzoneClusterImpl-94ff2e65-e9dc-40d8-b5a4-a4b55580a6d4/datanode-1/data/ratis/5ae21241-bfb4-43d2-b818-296b15f66c1f/in_use.lock acquired by nodename 4895@pr-hdds-1935-8bnx7-2419419324
2019-08-21 07:14:05,158 INFO  storage.RaftStorageDirectory (RaftStorageDirectory.java:tryLock(328)) - Lock on /workdir/hadoop-ozone/integration-test/target/test-dir/MiniOzoneClusterImpl-94ff2e65-e9dc-40d8-b5a4-a4b55580a6d4/datanode-2/data/ratis/5ae21241-bfb4-43d2-b818-296b15f66c1f/in_use.lock acquired by nodename 4895@pr-hdds-1935-8bnx7-2419419324
2019-08-21 07:14:05,171 INFO  ozone.MiniOzoneClusterImpl (MiniOzoneClusterImpl.java:shutdown(321)) - Shutting down the Mini Ozone Cluster
2019-08-21 07:14:05,171 INFO  ozone.MiniOzoneClusterImpl (MiniOzoneClusterImpl.java:stop(336)) - Stopping the Mini Ozone Cluster
2019-08-21 07:14:05,171 INFO  ozone.MiniOzoneClusterImpl (MiniOzoneClusterImpl.java:stop(338)) - Stopping the OzoneManager
2019-08-21 07:14:05,172 INFO  ipc.Server (Server.java:stop(3082)) - Stopping server on 46757
2019-08-21 07:14:05,184 INFO  storage.RaftStorage (RaftStorage.java:format(72)) - Storage directory /workdir/hadoop-ozone/integration-test/target/test-dir/MiniOzoneClusterImpl-94ff2e65-e9dc-40d8-b5a4-a4b55580a6d4/datanode-1/data/ratis/5ae21241-bfb4-43d2-b818-296b15f66c1f has been successfully formatted.
2019-08-21 07:14:05,184 INFO  storage.RaftStorage (RaftStorage.java:format(72)) - Storage directory /workdir/hadoop-ozone/integration-test/target/test-dir/MiniOzoneClusterImpl-94ff2e65-e9dc-40d8-b5a4-a4b55580a6d4/datanode-2/data/ratis/5ae21241-bfb4-43d2-b818-296b15f66c1f has been successfully formatted.
2019-08-21 07:14:05,187 INFO  ipc.Server (Server.java:run(1185)) - Stopping IPC Server listener on 46757
2019-08-21 07:14:05,188 INFO  ipc.Server (Server.java:run(1319)) - Stopping IPC Server Responder
2019-08-21 07:14:05,184 INFO  storage.RaftStorage (RaftStorage.java:format(72)) - Storage directory /workdir/hadoop-ozone/integration-test/target/test-dir/MiniOzoneClusterImpl-94ff2e65-e9dc-40d8-b5a4-a4b55580a6d4/datanode-0/data/ratis/5ae21241-bfb4-43d2-b818-296b15f66c1f has been successfully formatted.
2019-08-21 07:14:05,188 INFO  ratis.ContainerStateMachine (ContainerStateMachine.java:loadSnapshot(222)) - group-296B15F66C1F: The snapshot info is null. Setting the last applied indexto:(t:0, i:~)
2019-08-21 07:14:05,188 INFO  ratis.ContainerStateMachine (ContainerStateMachine.java:loadSnapshot(222)) - group-296B15F66C1F: The snapshot info is null. Setting the last applied indexto:(t:0, i:~)
2019-08-21 07:14:05,188 INFO  ratis.OzoneManagerDoubleBuffer (OzoneManagerDoubleBuffer.java:stop(248)) - Stopping OMDoubleBuffer flush thread
2019-08-21 07:14:05,198 INFO  server.RaftServerConfigKeys (ConfUtils.java:logGet(43)) - raft.server.leader.election.timeout = 120s (custom)
2019-08-21 07:14:05,198 INFO  server.RaftServerConfigKeys (ConfUtils.java:logGet(43)) - raft.server.leader.election.timeout = 120s (custom)
2019-08-21 07:14:05,198 INFO  ratis.ContainerStateMachine (ContainerStateMachine.java:loadSnapshot(222)) - group-296B15F66C1F: The snapshot info is null. Setting the last applied indexto:(t:0, i:~)
2019-08-21 07:14:05,200 INFO  server.RaftServerConfigKeys (ConfUtils.java:logGet(43)) - raft.server.log.use.memory = false (default)
2019-08-21 07:14:05,200 INFO  ratis.OzoneManagerDoubleBuffer (OzoneManagerDoubleBuffer.java:flushTransactions(191)) - OMDoubleBuffer flush thread OMDoubleBufferFlushThread is interrupted and will exit. OMDoubleBufferFlushThread
2019-08-21 07:14:05,200 INFO  server.RaftServerConfigKeys (ConfUtils.java:logGet(43)) - raft.server.log.use.memory = false (default)
2019-08-21 07:14:05,200 INFO  server.RaftServerConfigKeys (ConfUtils.java:logGet(43)) - raft.server.log.purge.gap = 1000000000 (custom)
2019-08-21 07:14:05,200 INFO  server.RaftServerConfigKeys (ConfUtils.java:logGet(43)) - raft.server.leader.election.timeout = 120s (custom)
2019-08-21 07:14:05,201 INFO  server.RaftServerConfigKeys (ConfUtils.java:logGet(43)) - raft.server.log.appender.buffer.byte-limit = 33554432 (custom)
2019-08-21 07:14:05,201 INFO  utils.BackgroundService (BackgroundService.java:shutdown(148)) - Shutting down service KeyDeletingService
2019-08-21 07:14:05,201 INFO  server.RaftServerConfigKeys (ConfUtils.java:logGet(43)) - raft.server.log.purge.gap = 1000000000 (custom)
2019-08-21 07:14:05,202 INFO  server.RaftServerConfigKeys (ConfUtils.java:logGet(43)) - raft.server.log.segment.size.max = 1048576 (custom)
2019-08-21 07:14:05,201 INFO  server.RaftServerConfigKeys (ConfUtils.java:logGet(43)) - raft.server.log.use.memory = false (default)
2019-08-21 07:14:05,202 INFO  server.RaftServerConfigKeys (ConfUtils.java:logGet(43)) - raft.server.log.appender.buffer.byte-limit = 33554432 (custom)
2019-08-21 07:14:05,203 INFO  server.RaftServerConfigKeys (ConfUtils.java:logGet(43)) - raft.server.log.purge.gap = 1000000000 (custom)
2019-08-21 07:14:05,202 INFO  server.RaftServerConfigKeys (ConfUtils.java:logGet(43)) - raft.server.log.segment.cache.num.max = 2 (custom)
2019-08-21 07:14:05,204 INFO  server.RaftServerConfigKeys (ConfUtils.java:logGet(43)) - raft.server.log.appender.buffer.byte-limit = 33554432 (custom)
2019-08-21 07:14:05,204 INFO  server.RaftServerConfigKeys (ConfUtils.java:logGet(43)) - raft.server.log.segment.size.max = 1048576 (custom)
2019-08-21 07:14:05,205 INFO  server.RaftServerConfigKeys (ConfUtils.java:logGet(43)) - raft.server.log.segment.size.max = 1048576 (custom)
2019-08-21 07:14:05,205 INFO  segmented.SegmentedRaftLogWorker (SegmentedRaftLogWorker.java:<init>(172)) - new 21b1adc9-354e-4e99-9e4c-107100af86a3-SegmentedRaftLogWorker:Storage Directory /workdir/hadoop-ozone/integration-test/target/test-dir/MiniOzoneClusterImpl-94ff2e65-e9dc-40d8-b5a4-a4b55580a6d4/datanode-1/data/ratis/5ae21241-bfb4-43d2-b818-296b15f66c1f for RaftStorage:Storage Directory /workdir/hadoop-ozone/integration-test/target/test-dir/MiniOzoneClusterImpl-94ff2e65-e9dc-40d8-b5a4-a4b55580a6d4/datanode-1/data/ratis/5ae21241-bfb4-43d2-b818-296b15f66c1f
2019-08-21 07:14:05,205 INFO  server.RaftServerConfigKeys (ConfUtils.java:logGet(43)) - raft.server.log.segment.cache.num.max = 2 (custom)
2019-08-21 07:14:05,205 INFO  server.RaftServerConfigKeys (ConfUtils.java:logGet(43)) - raft.server.log.segment.cache.num.max = 2 (custom)
2019-08-21 07:14:05,205 INFO  segmented.SegmentedRaftLogWorker (SegmentedRaftLogWorker.java:<init>(172)) - new 59272499-6723-441f-bb93-d5b089b2dd3f-SegmentedRaftLogWorker:Storage Directory /workdir/hadoop-ozone/integration-test/target/test-dir/MiniOzoneClusterImpl-94ff2e65-e9dc-40d8-b5a4-a4b55580a6d4/datanode-0/data/ratis/5ae21241-bfb4-43d2-b818-296b15f66c1f for RaftStorage:Storage Directory /workdir/hadoop-ozone/integration-test/target/test-dir/MiniOzoneClusterImpl-94ff2e65-e9dc-40d8-b5a4-a4b55580a6d4/datanode-0/data/ratis/5ae21241-bfb4-43d2-b818-296b15f66c1f
2019-08-21 07:14:05,205 INFO  server.RaftServerConfigKeys (ConfUtils.java:logGet(43)) - raft.server.log.queue.byte-limit = 2147483647 (custom)
2019-08-21 07:14:05,206 INFO  server.RaftServerConfigKeys (ConfUtils.java:logGet(43)) - raft.server.log.queue.byte-limit = 2147483647 (custom)
2019-08-21 07:14:05,205 INFO  segmented.SegmentedRaftLogWorker (SegmentedRaftLogWorker.java:<init>(172)) - new 65370939-d58a-4d15-8f1f-74ec23e08016-SegmentedRaftLogWorker:Storage Directory /workdir/hadoop-ozone/integration-test/target/test-dir/MiniOzoneClusterImpl-94ff2e65-e9dc-40d8-b5a4-a4b55580a6d4/datanode-2/data/ratis/5ae21241-bfb4-43d2-b818-296b15f66c1f for RaftStorage:Storage Directory /workdir/hadoop-ozone/integration-test/target/test-dir/MiniOzoneClusterImpl-94ff2e65-e9dc-40d8-b5a4-a4b55580a6d4/datanode-2/data/ratis/5ae21241-bfb4-43d2-b818-296b15f66c1f
2019-08-21 07:14:05,206 INFO  server.RaftServerConfigKeys (ConfUtils.java:logGet(43)) - raft.server.log.queue.element-limit = 1024 (custom)
2019-08-21 07:14:05,206 INFO  server.RaftServerConfigKeys (ConfUtils.java:logGet(43)) - raft.server.log.queue.element-limit = 1024 (custom)
2019-08-21 07:14:05,206 INFO  server.RaftServerConfigKeys (ConfUtils.java:logGet(43)) - raft.server.log.segment.size.max = 1048576 (custom)
2019-08-21 07:14:05,206 INFO  server.RaftServerConfigKeys (ConfUtils.java:logGet(43)) - raft.server.log.queue.byte-limit = 2147483647 (custom)
2019-08-21 07:14:05,206 INFO  server.RaftServerConfigKeys (ConfUtils.java:logGet(43)) - raft.server.log.preallocated.size = 16384 (custom)
2019-08-21 07:14:05,206 INFO  server.RaftServerConfigKeys (ConfUtils.java:logGet(43)) - raft.server.log.segment.size.max = 1048576 (custom)
2019-08-21 07:14:05,207 INFO  server.RaftServerConfigKeys (ConfUtils.java:logGet(43)) - raft.server.log.write.buffer.size = 33554432 (custom)
2019-08-21 07:14:05,207 INFO  server.RaftServerConfigKeys (ConfUtils.java:logGet(43)) - raft.server.log.queue.element-limit = 1024 (custom)
2019-08-21 07:14:05,207 INFO  server.RaftServerConfigKeys (ConfUtils.java:logGet(43)) - raft.server.log.force.sync.num = 128 (default)
2019-08-21 07:14:05,207 INFO  server.RaftServerConfigKeys (ConfUtils.java:logGet(43)) - raft.server.log.preallocated.size = 16384 (custom)
2019-08-21 07:14:05,207 INFO  server.RaftServerConfigKeys (ConfUtils.java:logGet(43)) - raft.server.log.statemachine.data.sync = true (default)
2019-08-21 07:14:05,207 INFO  server.RaftServerConfigKeys (ConfUtils.java:logGet(43)) - raft.server.log.segment.size.max = 1048576 (custom)
2019-08-21 07:14:05,207 INFO  server.RaftServerConfigKeys (ConfUtils.java:logGet(43)) - raft.server.log.statemachine.data.sync.timeout = 10s (default)
2019-08-21 07:14:05,207 INFO  server.RaftServerConfigKeys (ConfUtils.java:logGet(43)) - raft.server.log.write.buffer.size = 33554432 (custom)
2019-08-21 07:14:05,208 INFO  server.RaftServerConfigKeys (ConfUtils.java:logGet(43)) - raft.server.log.statemachine.data.sync.timeout.retry = -1 (default)
2019-08-21 07:14:05,208 INFO  server.RaftServerConfigKeys (ConfUtils.java:logGet(43)) - raft.server.log.preallocated.size = 16384 (custom)
2019-08-21 07:14:05,208 INFO  server.RaftServerConfigKeys (ConfUtils.java:logGet(43)) - raft.server.log.statemachine.data.caching.enabled = true (custom)
2019-08-21 07:14:05,208 INFO  server.RaftServerConfigKeys (ConfUtils.java:logGet(43)) - raft.server.log.force.sync.num = 128 (default)
2019-08-21 07:14:05,208 INFO  server.RaftServerConfigKeys (ConfUtils.java:logGet(43)) - raft.server.log.write.buffer.size = 33554432 (custom)
2019-08-21 07:14:05,208 INFO  segmented.SegmentedRaftLogWorker (SegmentedRaftLogWorker.java:lambda$new$0(132)) - 59272499-6723-441f-bb93-d5b089b2dd3f-SegmentedRaftLogWorker:Storage Directory /workdir/hadoop-ozone/integration-test/target/test-dir/MiniOzoneClusterImpl-94ff2e65-e9dc-40d8-b5a4-a4b55580a6d4/datanode-0/data/ratis/5ae21241-bfb4-43d2-b818-296b15f66c1f: flushIndex: setUnconditionally 0 -> -1
2019-08-21 07:14:05,208 INFO  server.RaftServerConfigKeys (ConfUtils.java:logGet(43)) - raft.server.log.statemachine.data.sync = true (default)
2019-08-21 07:14:05,209 INFO  server.RaftServerConfigKeys (ConfUtils.java:logGet(43)) - raft.server.snapshot.auto.trigger.enabled = true (custom)
2019-08-21 07:14:05,209 INFO  server.RaftServerConfigKeys (ConfUtils.java:logGet(43)) - raft.server.log.force.sync.num = 128 (default)
2019-08-21 07:14:05,209 INFO  server.RaftServerConfigKeys (ConfUtils.java:logGet(43)) - raft.server.snapshot.auto.trigger.threshold = 10000 (custom)
2019-08-21 07:14:05,209 INFO  server.RaftServerConfigKeys (ConfUtils.java:logGet(43)) - raft.server.log.statemachine.data.sync.timeout = 10s (default)
2019-08-21 07:14:05,209 INFO  server.RaftServerConfigKeys (ConfUtils.java:logGet(43)) - raft.server.retrycache.expirytime = 600000ms (custom)
2019-08-21 07:14:05,209 INFO  server.RaftServerConfigKeys (ConfUtils.java:logGet(43)) - raft.server.log.statemachine.data.sync = true (default)
2019-08-21 07:14:05,210 INFO  impl.RaftServerImpl (RaftServerImpl.java:start(180)) - 59272499-6723-441f-bb93-d5b089b2dd3f: start group-296B15F66C1F
2019-08-21 07:14:05,210 INFO  impl.RaftServerImpl (RaftServerImpl.java:setRole(171)) - 59272499-6723-441f-bb93-d5b089b2dd3f:group-296B15F66C1F changes role from null to FOLLOWER at term 0 for startAsFollower
2019-08-21 07:14:05,210 INFO  impl.RoleInfo (RoleInfo.java:updateAndGet(143)) - 59272499-6723-441f-bb93-d5b089b2dd3f: start FollowerState
2019-08-21 07:14:05,209 INFO  server.RaftServerConfigKeys (ConfUtils.java:logGet(43)) - raft.server.log.statemachine.data.sync.timeout.retry = -1 (default)
2019-08-21 07:14:05,210 INFO  server.RaftServerConfigKeys (ConfUtils.java:logGet(43)) - raft.server.log.statemachine.data.sync.timeout = 10s (default)
2019-08-21 07:14:05,210 INFO  server.RaftServerConfigKeys (ConfUtils.java:logGet(43)) - raft.server.log.statemachine.data.sync.timeout.retry = -1 (default)
2019-08-21 07:14:05,210 INFO  server.RaftServerConfigKeys (ConfUtils.java:logGet(43)) - raft.server.log.statemachine.data.caching.enabled = true (custom)
2019-08-21 07:14:05,210 INFO  util.JmxRegister (JmxRegister.java:tryRegister(44)) - Successfully registered JMX Bean with object name Ratis:service=RaftServer,group=group-296B15F66C1F,id=59272499-6723-441f-bb93-d5b089b2dd3f
2019-08-21 07:14:05,212 INFO  handler.ContextHandler (ContextHandler.java:doStop(910)) - Stopped o.e.j.w.WebAppContext@6bdaf04{/,null,UNAVAILABLE}{/ozoneManager}
2019-08-21 07:14:05,211 INFO  server.RaftServerConfigKeys (ConfUtils.java:logGet(43)) - raft.server.log.statemachine.data.caching.enabled = true (custom)
2019-08-21 07:14:05,212 INFO  segmented.SegmentedRaftLogWorker (SegmentedRaftLogWorker.java:lambda$new$0(132)) - 21b1adc9-354e-4e99-9e4c-107100af86a3-SegmentedRaftLogWorker:Storage Directory /workdir/hadoop-ozone/integration-test/target/test-dir/MiniOzoneClusterImpl-94ff2e65-e9dc-40d8-b5a4-a4b55580a6d4/datanode-1/data/ratis/5ae21241-bfb4-43d2-b818-296b15f66c1f: flushIndex: setUnconditionally 0 -> -1
2019-08-21 07:14:05,213 INFO  segmented.SegmentedRaftLogWorker (SegmentedRaftLogWorker.java:lambda$new$0(132)) - 65370939-d58a-4d15-8f1f-74ec23e08016-SegmentedRaftLogWorker:Storage Directory /workdir/hadoop-ozone/integration-test/target/test-dir/MiniOzoneClusterImpl-94ff2e65-e9dc-40d8-b5a4-a4b55580a6d4/datanode-2/data/ratis/5ae21241-bfb4-43d2-b818-296b15f66c1f: flushIndex: setUnconditionally 0 -> -1
2019-08-21 07:14:05,213 INFO  server.RaftServerConfigKeys (ConfUtils.java:logGet(43)) - raft.server.snapshot.auto.trigger.enabled = true (custom)
2019-08-21 07:14:05,213 INFO  server.AbstractConnector (AbstractConnector.java:doStop(318)) - Stopped ServerConnector@e8bd01f{HTTP/1.1,[http/1.1]}{0.0.0.0:0}
2019-08-21 07:14:05,213 INFO  server.RaftServerConfigKeys (ConfUtils.java:logGet(43)) - raft.server.snapshot.auto.trigger.enabled = true (custom)
2019-08-21 07:14:05,213 INFO  server.RaftServerConfigKeys (ConfUtils.java:logGet(43)) - raft.server.snapshot.auto.trigger.threshold = 10000 (custom)
2019-08-21 07:14:05,214 INFO  handler.ContextHandler (ContextHandler.java:doStop(910)) - Stopped o.e.j.s.ServletContextHandler@69a1c43c{/static,file:///workdir/hadoop-ozone/integration-test/target/test-classes/webapps/static,UNAVAILABLE}
2019-08-21 07:14:05,214 INFO  server.RaftServerConfigKeys (ConfUtils.java:logGet(43)) - raft.server.snapshot.auto.trigger.threshold = 10000 (custom)
2019-08-21 07:14:05,217 INFO  handler.ContextHandler (ContextHandler.java:doStop(910)) - Stopped o.e.j.s.ServletContextHandler@77e1e043{/logs,file:///workdir/hadoop-ozone/integration-test/target/log,UNAVAILABLE}
2019-08-21 07:14:05,217 INFO  server.RaftServerConfigKeys (ConfUtils.java:logGet(43)) - raft.server.retrycache.expirytime = 600000ms (custom)
2019-08-21 07:14:05,215 INFO  impl.FollowerState (FollowerState.java:run(106)) - 65370939-d58a-4d15-8f1f-74ec23e08016:group-3D7466E0AE99 changes to CANDIDATE, lastRpcTime:5142, electionTimeout:5141ms
2019-08-21 07:14:05,214 INFO  server.RaftServerConfigKeys (ConfUtils.java:logGet(43)) - raft.server.retrycache.expirytime = 600000ms (custom)
2019-08-21 07:14:05,218 INFO  impl.RoleInfo (RoleInfo.java:shutdownFollowerState(121)) - 65370939-d58a-4d15-8f1f-74ec23e08016: shutdown FollowerState
2019-08-21 07:14:05,218 INFO  impl.RaftServerImpl (RaftServerImpl.java:start(180)) - 21b1adc9-354e-4e99-9e4c-107100af86a3: start group-296B15F66C1F
2019-08-21 07:14:05,218 INFO  impl.RaftServerImpl (RaftServerImpl.java:start(180)) - 65370939-d58a-4d15-8f1f-74ec23e08016: start group-296B15F66C1F
2019-08-21 07:14:05,218 INFO  impl.RaftServerImpl (RaftServerImpl.java:setRole(171)) - 65370939-d58a-4d15-8f1f-74ec23e08016:group-3D7466E0AE99 changes role from FOLLOWER to CANDIDATE at term 1 for changeToCandidate
2019-08-21 07:14:05,219 INFO  impl.RaftServerImpl (RaftServerImpl.java:setRole(171)) - 21b1adc9-354e-4e99-9e4c-107100af86a3:group-296B15F66C1F changes role from null to FOLLOWER at term 0 for startAsFollower
2019-08-21 07:14:05,219 INFO  impl.RoleInfo (RoleInfo.java:updateAndGet(143)) - 65370939-d58a-4d15-8f1f-74ec23e08016: start LeaderElection
2019-08-21 07:14:05,219 INFO  impl.RaftServerImpl (RaftServerImpl.java:setRole(171)) - 65370939-d58a-4d15-8f1f-74ec23e08016:group-296B15F66C1F changes role from null to FOLLOWER at term 0 for startAsFollower
2019-08-21 07:14:05,219 INFO  impl.RoleInfo (RoleInfo.java:updateAndGet(143)) - 21b1adc9-354e-4e99-9e4c-107100af86a3: start FollowerState
2019-08-21 07:14:05,220 INFO  impl.RoleInfo (RoleInfo.java:updateAndGet(143)) - 65370939-d58a-4d15-8f1f-74ec23e08016: start FollowerState
2019-08-21 07:14:05,222 INFO  ozone.MiniOzoneClusterImpl (MiniOzoneClusterImpl.java:stop(344)) - Shutting the HddsDatanodes
2019-08-21 07:14:05,223 INFO  util.JmxRegister (JmxRegister.java:tryRegister(44)) - Successfully registered JMX Bean with object name Ratis:service=RaftServer,group=group-296B15F66C1F,id=21b1adc9-354e-4e99-9e4c-107100af86a3
2019-08-21 07:14:05,223 INFO  datanode.ObjectStoreHandler (ObjectStoreHandler.java:close(155)) - Closing ObjectStoreHandler.
2019-08-21 07:14:05,223 INFO  datanode.ObjectStoreHandler (ObjectStoreHandler.java:close(155)) - Closing ObjectStoreHandler.
2019-08-21 07:14:05,223 INFO  util.JmxRegister (JmxRegister.java:tryRegister(44)) - Successfully registered JMX Bean with object name Ratis:service=RaftServer,group=group-296B15F66C1F,id=65370939-d58a-4d15-8f1f-74ec23e08016
2019-08-21 07:14:05,223 INFO  ozone.HddsDatanodeService (HddsDatanodeService.java:stop(451)) - Stopped plug-in org.apache.hadoop.ozone.web.OzoneHddsDatanodeService@2e469a03
2019-08-21 07:14:05,223 INFO  ozone.HddsDatanodeService (HddsDatanodeService.java:stop(451)) - Stopped plug-in org.apache.hadoop.ozone.web.OzoneHddsDatanodeService@4ed0a40a
2019-08-21 07:14:05,228 INFO  pipeline.PipelineStateManager (PipelineStateManager.java:addPipeline(56)) - Created pipeline Pipeline[ Id: 5ae21241-bfb4-43d2-b818-296b15f66c1f, Nodes: 65370939-d58a-4d15-8f1f-74ec23e08016{ip: 192.168.36.89, host: pr-hdds-1935-8bnx7-2419419324, networkLocation: /default-rack, certSerialId: null}59272499-6723-441f-bb93-d5b089b2dd3f{ip: 192.168.36.89, host: pr-hdds-1935-8bnx7-2419419324, networkLocation: /default-rack, certSerialId: null}21b1adc9-354e-4e99-9e4c-107100af86a3{ip: 192.168.36.89, host: pr-hdds-1935-8bnx7-2419419324, networkLocation: /default-rack, certSerialId: null}, Type:RATIS, Factor:THREE, State:OPEN]
2019-08-21 07:14:05,295 INFO  impl.LeaderElection (LeaderElection.java:askForVotes(181)) - 65370939-d58a-4d15-8f1f-74ec23e08016:group-3D7466E0AE99:LeaderElection24: begin an election at term 2 for 0: [65370939-d58a-4d15-8f1f-74ec23e08016:192.168.36.89:34069], old=null
2019-08-21 07:14:05,296 INFO  impl.RoleInfo (RoleInfo.java:shutdownLeaderElection(134)) - 65370939-d58a-4d15-8f1f-74ec23e08016: shutdown LeaderElection
2019-08-21 07:14:05,296 INFO  impl.RaftServerImpl (RaftServerImpl.java:setRole(171)) - 65370939-d58a-4d15-8f1f-74ec23e08016:group-3D7466E0AE99 changes role from CANDIDATE to LEADER at term 2 for changeToLeader
2019-08-21 07:14:05,296 INFO  impl.RaftServerImpl (ServerState.java:setLeader(263)) - 65370939-d58a-4d15-8f1f-74ec23e08016:group-3D7466E0AE99 change Leader from null to 65370939-d58a-4d15-8f1f-74ec23e08016 at term 2 for becomeLeader, leader elected after 7435ms
2019-08-21 07:14:05,296 INFO  server.RaftServerConfigKeys (ConfUtils.java:logGet(43)) - raft.server.staging.catchup.gap = 1000 (default)
2019-08-21 07:14:05,296 INFO  server.RaftServerConfigKeys (ConfUtils.java:logGet(43)) - raft.server.rpc.sleep.time = 25ms (default)
2019-08-21 07:14:05,296 INFO  server.RaftServerConfigKeys (ConfUtils.java:logGet(43)) - raft.server.write.element-limit = 4096 (default)
2019-08-21 07:14:05,296 INFO  server.RaftServerConfigKeys (ConfUtils.java:logGet(43)) - raft.server.watch.timeout = 10s (default)
2019-08-21 07:14:05,296 INFO  server.RaftServerConfigKeys (ConfUtils.java:logGet(43)) - raft.server.watch.timeout.denomination = 1s (default)
2019-08-21 07:14:05,296 INFO  server.RaftServerConfigKeys (ConfUtils.java:logGet(43)) - raft.server.watch.element-limit = 65536 (default)
2019-08-21 07:14:05,297 INFO  impl.RoleInfo (RoleInfo.java:updateAndGet(143)) - 65370939-d58a-4d15-8f1f-74ec23e08016: start LeaderState
2019-08-21 07:14:05,297 INFO  segmented.SegmentedRaftLogWorker (SegmentedRaftLogWorker.java:rollLogSegment(385)) - 65370939-d58a-4d15-8f1f-74ec23e08016-SegmentedRaftLogWorker:Storage Directory /workdir/hadoop-ozone/integration-test/target/test-dir/MiniOzoneClusterImpl-94ff2e65-e9dc-40d8-b5a4-a4b55580a6d4/datanode-2/data/ratis/8f60c17b-6936-4315-81c6-3d7466e0ae99: Rolling segment log-0_0 to index:0
2019-08-21 07:14:05,299 INFO  impl.RaftServerImpl (ServerState.java:setRaftConf(361)) - 65370939-d58a-4d15-8f1f-74ec23e08016:group-3D7466E0AE99 set configuration 1: [65370939-d58a-4d15-8f1f-74ec23e08016:192.168.36.89:34069], old=null at 1
2019-08-21 07:14:05,299 INFO  segmented.SegmentedRaftLogWorker (SegmentedRaftLogWorker.java:execute(526)) - 65370939-d58a-4d15-8f1f-74ec23e08016-SegmentedRaftLogWorker:Storage Directory /workdir/hadoop-ozone/integration-test/target/test-dir/MiniOzoneClusterImpl-94ff2e65-e9dc-40d8-b5a4-a4b55580a6d4/datanode-2/data/ratis/8f60c17b-6936-4315-81c6-3d7466e0ae99: Rolled log segment from /workdir/hadoop-ozone/integration-test/target/test-dir/MiniOzoneClusterImpl-94ff2e65-e9dc-40d8-b5a4-a4b55580a6d4/datanode-2/data/ratis/8f60c17b-6936-4315-81c6-3d7466e0ae99/current/log_inprogress_0 to /workdir/hadoop-ozone/integration-test/target/test-dir/MiniOzoneClusterImpl-94ff2e65-e9dc-40d8-b5a4-a4b55580a6d4/datanode-2/data/ratis/8f60c17b-6936-4315-81c6-3d7466e0ae99/current/log_0-0
2019-08-21 07:14:05,347 INFO  segmented.SegmentedRaftLogWorker (SegmentedRaftLogWorker.java:execute(569)) - 65370939-d58a-4d15-8f1f-74ec23e08016-SegmentedRaftLogWorker:Storage Directory /workdir/hadoop-ozone/integration-test/target/test-dir/MiniOzoneClusterImpl-94ff2e65-e9dc-40d8-b5a4-a4b55580a6d4/datanode-2/data/ratis/8f60c17b-6936-4315-81c6-3d7466e0ae99: created new log segment /workdir/hadoop-ozone/integration-test/target/test-dir/MiniOzoneClusterImpl-94ff2e65-e9dc-40d8-b5a4-a4b55580a6d4/datanode-2/data/ratis/8f60c17b-6936-4315-81c6-3d7466e0ae99/current/log_inprogress_1
2019-08-21 07:14:05,499 INFO  statemachine.DatanodeStateMachine (DatanodeStateMachine.java:lambda$startDaemon$0(350)) - Ozone container server started.
2019-08-21 07:14:05,716 INFO  statemachine.DatanodeStateMachine (DatanodeStateMachine.java:lambda$startDaemon$0(350)) - Ozone container server started.
2019-08-21 07:14:10,088 INFO  impl.FollowerState (FollowerState.java:run(106)) - 65370939-d58a-4d15-8f1f-74ec23e08016:group-EEF2CFEED711 changes to CANDIDATE, lastRpcTime:5084, electionTimeout:5084ms
2019-08-21 07:14:10,088 INFO  impl.RoleInfo (RoleInfo.java:shutdownFollowerState(121)) - 65370939-d58a-4d15-8f1f-74ec23e08016: shutdown FollowerState
2019-08-21 07:14:10,088 INFO  impl.RaftServerImpl (RaftServerImpl.java:setRole(171)) - 65370939-d58a-4d15-8f1f-74ec23e08016:group-EEF2CFEED711 changes role from FOLLOWER to CANDIDATE at term 0 for changeToCandidate
2019-08-21 07:14:10,088 INFO  impl.RoleInfo (RoleInfo.java:updateAndGet(143)) - 65370939-d58a-4d15-8f1f-74ec23e08016: start LeaderElection
2019-08-21 07:14:10,098 INFO  impl.LeaderElection (LeaderElection.java:askForVotes(181)) - 65370939-d58a-4d15-8f1f-74ec23e08016:group-EEF2CFEED711:LeaderElection25: begin an election at term 1 for -1: [65370939-d58a-4d15-8f1f-74ec23e08016:192.168.36.89:34069], old=null
2019-08-21 07:14:10,099 INFO  impl.RoleInfo (RoleInfo.java:shutdownLeaderElection(134)) - 65370939-d58a-4d15-8f1f-74ec23e08016: shutdown LeaderElection
2019-08-21 07:14:10,099 INFO  impl.RaftServerImpl (RaftServerImpl.java:setRole(171)) - 65370939-d58a-4d15-8f1f-74ec23e08016:group-EEF2CFEED711 changes role from CANDIDATE to LEADER at term 1 for changeToLeader
2019-08-21 07:14:10,099 INFO  impl.RaftServerImpl (ServerState.java:setLeader(263)) - 65370939-d58a-4d15-8f1f-74ec23e08016:group-EEF2CFEED711 change Leader from null to 65370939-d58a-4d15-8f1f-74ec23e08016 at term 1 for becomeLeader, leader elected after 5102ms
2019-08-21 07:14:10,099 INFO  server.RaftServerConfigKeys (ConfUtils.java:logGet(43)) - raft.server.staging.catchup.gap = 1000 (default)
2019-08-21 07:14:10,099 INFO  server.RaftServerConfigKeys (ConfUtils.java:logGet(43)) - raft.server.rpc.sleep.time = 25ms (default)
2019-08-21 07:14:10,099 INFO  server.RaftServerConfigKeys (ConfUtils.java:logGet(43)) - raft.server.write.element-limit = 4096 (default)
2019-08-21 07:14:10,099 INFO  server.RaftServerConfigKeys (ConfUtils.java:logGet(43)) - raft.server.watch.timeout = 10s (default)
2019-08-21 07:14:10,100 INFO  server.RaftServerConfigKeys (ConfUtils.java:logGet(43)) - raft.server.watch.timeout.denomination = 1s (default)
2019-08-21 07:14:10,100 INFO  server.RaftServerConfigKeys (ConfUtils.java:logGet(43)) - raft.server.watch.element-limit = 65536 (default)
2019-08-21 07:14:10,100 INFO  impl.RoleInfo (RoleInfo.java:updateAndGet(143)) - 65370939-d58a-4d15-8f1f-74ec23e08016: start LeaderState
2019-08-21 07:14:10,100 INFO  segmented.SegmentedRaftLogWorker (SegmentedRaftLogWorker.java:startLogSegment(380)) - 65370939-d58a-4d15-8f1f-74ec23e08016-SegmentedRaftLogWorker:Storage Directory /workdir/hadoop-ozone/integration-test/target/test-dir/MiniOzoneClusterImpl-94ff2e65-e9dc-40d8-b5a4-a4b55580a6d4/datanode-2/data/ratis/4e169da3-b28b-4e24-9ffc-eef2cfeed711: Starting segment from index:0
2019-08-21 07:14:10,101 INFO  impl.RaftServerImpl (ServerState.java:setRaftConf(361)) - 65370939-d58a-4d15-8f1f-74ec23e08016:group-EEF2CFEED711 set configuration 0: [65370939-d58a-4d15-8f1f-74ec23e08016:192.168.36.89:34069], old=null at 0
2019-08-21 07:14:10,141 INFO  segmented.SegmentedRaftLogWorker (SegmentedRaftLogWorker.java:execute(569)) - 65370939-d58a-4d15-8f1f-74ec23e08016-SegmentedRaftLogWorker:Storage Directory /workdir/hadoop-ozone/integration-test/target/test-dir/MiniOzoneClusterImpl-94ff2e65-e9dc-40d8-b5a4-a4b55580a6d4/datanode-2/data/ratis/4e169da3-b28b-4e24-9ffc-eef2cfeed711: created new log segment /workdir/hadoop-ozone/integration-test/target/test-dir/MiniOzoneClusterImpl-94ff2e65-e9dc-40d8-b5a4-a4b55580a6d4/datanode-2/data/ratis/4e169da3-b28b-4e24-9ffc-eef2cfeed711/current/log_inprogress_0
2019-08-21 07:14:10,144 INFO  impl.FollowerState (FollowerState.java:run(106)) - 59272499-6723-441f-bb93-d5b089b2dd3f:group-658E3DC65929 changes to CANDIDATE, lastRpcTime:5075, electionTimeout:5075ms
2019-08-21 07:14:10,144 INFO  impl.RoleInfo (RoleInfo.java:shutdownFollowerState(121)) - 59272499-6723-441f-bb93-d5b089b2dd3f: shutdown FollowerState
2019-08-21 07:14:10,144 INFO  impl.RaftServerImpl (RaftServerImpl.java:setRole(171)) - 59272499-6723-441f-bb93-d5b089b2dd3f:group-658E3DC65929 changes role from FOLLOWER to CANDIDATE at term 0 for changeToCandidate
2019-08-21 07:14:10,144 INFO  impl.RoleInfo (RoleInfo.java:updateAndGet(143)) - 59272499-6723-441f-bb93-d5b089b2dd3f: start LeaderElection
2019-08-21 07:14:10,147 INFO  impl.FollowerState (FollowerState.java:run(106)) - 21b1adc9-354e-4e99-9e4c-107100af86a3:group-F03648A3CB39 changes to CANDIDATE, lastRpcTime:5029, electionTimeout:5029ms
2019-08-21 07:14:10,147 INFO  impl.RoleInfo (RoleInfo.java:shutdownFollowerState(121)) - 21b1adc9-354e-4e99-9e4c-107100af86a3: shutdown FollowerState
2019-08-21 07:14:10,147 INFO  impl.RaftServerImpl (RaftServerImpl.java:setRole(171)) - 21b1adc9-354e-4e99-9e4c-107100af86a3:group-F03648A3CB39 changes role from FOLLOWER to CANDIDATE at term 0 for changeToCandidate
2019-08-21 07:14:10,147 INFO  impl.RoleInfo (RoleInfo.java:updateAndGet(143)) - 21b1adc9-354e-4e99-9e4c-107100af86a3: start LeaderElection
2019-08-21 07:14:10,158 INFO  impl.LeaderElection (LeaderElection.java:askForVotes(181)) - 21b1adc9-354e-4e99-9e4c-107100af86a3:group-F03648A3CB39:LeaderElection27: begin an election at term 1 for -1: [21b1adc9-354e-4e99-9e4c-107100af86a3:192.168.36.89:44091], old=null
2019-08-21 07:14:10,158 INFO  impl.LeaderElection (LeaderElection.java:askForVotes(181)) - 59272499-6723-441f-bb93-d5b089b2dd3f:group-658E3DC65929:LeaderElection26: begin an election at term 1 for -1: [59272499-6723-441f-bb93-d5b089b2dd3f:192.168.36.89:42511], old=null
2019-08-21 07:14:10,158 INFO  impl.RoleInfo (RoleInfo.java:shutdownLeaderElection(134)) - 21b1adc9-354e-4e99-9e4c-107100af86a3: shutdown LeaderElection
2019-08-21 07:14:10,158 INFO  impl.RoleInfo (RoleInfo.java:shutdownLeaderElection(134)) - 59272499-6723-441f-bb93-d5b089b2dd3f: shutdown LeaderElection
2019-08-21 07:14:10,158 INFO  impl.RaftServerImpl (RaftServerImpl.java:setRole(171)) - 21b1adc9-354e-4e99-9e4c-107100af86a3:group-F03648A3CB39 changes role from CANDIDATE to LEADER at term 1 for changeToLeader
2019-08-21 07:14:10,158 INFO  impl.RaftServerImpl (RaftServerImpl.java:setRole(171)) - 59272499-6723-441f-bb93-d5b089b2dd3f:group-658E3DC65929 changes role from CANDIDATE to LEADER at term 1 for changeToLeader
2019-08-21 07:14:10,159 INFO  impl.RaftServerImpl (ServerState.java:setLeader(263)) - 21b1adc9-354e-4e99-9e4c-107100af86a3:group-F03648A3CB39 change Leader from null to 21b1adc9-354e-4e99-9e4c-107100af86a3 at term 1 for becomeLeader, leader elected after 5046ms
2019-08-21 07:14:10,159 INFO  impl.RaftServerImpl (ServerState.java:setLeader(263)) - 59272499-6723-441f-bb93-d5b089b2dd3f:group-658E3DC65929 change Leader from null to 59272499-6723-441f-bb93-d5b089b2dd3f at term 1 for becomeLeader, leader elected after 5094ms
2019-08-21 07:14:10,159 INFO  server.RaftServerConfigKeys (ConfUtils.java:logGet(43)) - raft.server.staging.catchup.gap = 1000 (default)
2019-08-21 07:14:10,159 INFO  server.RaftServerConfigKeys (ConfUtils.java:logGet(43)) - raft.server.staging.catchup.gap = 1000 (default)
2019-08-21 07:14:10,159 INFO  server.RaftServerConfigKeys (ConfUtils.java:logGet(43)) - raft.server.rpc.sleep.time = 25ms (default)
2019-08-21 07:14:10,159 INFO  server.RaftServerConfigKeys (ConfUtils.java:logGet(43)) - raft.server.rpc.sleep.time = 25ms (default)
2019-08-21 07:14:10,159 INFO  server.RaftServerConfigKeys (ConfUtils.java:logGet(43)) - raft.server.write.element-limit = 4096 (default)
2019-08-21 07:14:10,159 INFO  server.RaftServerConfigKeys (ConfUtils.java:logGet(43)) - raft.server.write.element-limit = 4096 (default)
2019-08-21 07:14:10,159 INFO  server.RaftServerConfigKeys (ConfUtils.java:logGet(43)) - raft.server.watch.timeout = 10s (default)
2019-08-21 07:14:10,159 INFO  server.RaftServerConfigKeys (ConfUtils.java:logGet(43)) - raft.server.watch.timeout = 10s (default)
2019-08-21 07:14:10,160 INFO  server.RaftServerConfigKeys (ConfUtils.java:logGet(43)) - raft.server.watch.timeout.denomination = 1s (default)
2019-08-21 07:14:10,160 INFO  server.RaftServerConfigKeys (ConfUtils.java:logGet(43)) - raft.server.watch.timeout.denomination = 1s (default)
2019-08-21 07:14:10,160 INFO  server.RaftServerConfigKeys (ConfUtils.java:logGet(43)) - raft.server.watch.element-limit = 65536 (default)
2019-08-21 07:14:10,160 INFO  server.RaftServerConfigKeys (ConfUtils.java:logGet(43)) - raft.server.watch.element-limit = 65536 (default)
2019-08-21 07:14:10,160 INFO  impl.RoleInfo (RoleInfo.java:updateAndGet(143)) - 21b1adc9-354e-4e99-9e4c-107100af86a3: start LeaderState
2019-08-21 07:14:10,160 INFO  impl.RoleInfo (RoleInfo.java:updateAndGet(143)) - 59272499-6723-441f-bb93-d5b089b2dd3f: start LeaderState
2019-08-21 07:14:10,160 INFO  segmented.SegmentedRaftLogWorker (SegmentedRaftLogWorker.java:startLogSegment(380)) - 21b1adc9-354e-4e99-9e4c-107100af86a3-SegmentedRaftLogWorker:Storage Directory /workdir/hadoop-ozone/integration-test/target/test-dir/MiniOzoneClusterImpl-94ff2e65-e9dc-40d8-b5a4-a4b55580a6d4/datanode-1/data/ratis/2b5b4127-2d08-4f30-800b-f03648a3cb39: Starting segment from index:0
2019-08-21 07:14:10,160 INFO  segmented.SegmentedRaftLogWorker (SegmentedRaftLogWorker.java:startLogSegment(380)) - 59272499-6723-441f-bb93-d5b089b2dd3f-SegmentedRaftLogWorker:Storage Directory /workdir/hadoop-ozone/integration-test/target/test-dir/MiniOzoneClusterImpl-94ff2e65-e9dc-40d8-b5a4-a4b55580a6d4/datanode-0/data/ratis/8adfd705-2cba-4ba8-8338-658e3dc65929: Starting segment from index:0
2019-08-21 07:14:10,161 INFO  impl.RaftServerImpl (ServerState.java:setRaftConf(361)) - 21b1adc9-354e-4e99-9e4c-107100af86a3:group-F03648A3CB39 set configuration 0: [21b1adc9-354e-4e99-9e4c-107100af86a3:192.168.36.89:44091], old=null at 0
2019-08-21 07:14:10,161 INFO  impl.RaftServerImpl (ServerState.java:setRaftConf(361)) - 59272499-6723-441f-bb93-d5b089b2dd3f:group-658E3DC65929 set configuration 0: [59272499-6723-441f-bb93-d5b089b2dd3f:192.168.36.89:42511], old=null at 0
2019-08-21 07:14:10,207 INFO  segmented.SegmentedRaftLogWorker (SegmentedRaftLogWorker.java:execute(569)) - 21b1adc9-354e-4e99-9e4c-107100af86a3-SegmentedRaftLogWorker:Storage Directory /workdir/hadoop-ozone/integration-test/target/test-dir/MiniOzoneClusterImpl-94ff2e65-e9dc-40d8-b5a4-a4b55580a6d4/datanode-1/data/ratis/2b5b4127-2d08-4f30-800b-f03648a3cb39: created new log segment /workdir/hadoop-ozone/integration-test/target/test-dir/MiniOzoneClusterImpl-94ff2e65-e9dc-40d8-b5a4-a4b55580a6d4/datanode-1/data/ratis/2b5b4127-2d08-4f30-800b-f03648a3cb39/current/log_inprogress_0
2019-08-21 07:14:10,207 INFO  segmented.SegmentedRaftLogWorker (SegmentedRaftLogWorker.java:execute(569)) - 59272499-6723-441f-bb93-d5b089b2dd3f-SegmentedRaftLogWorker:Storage Directory /workdir/hadoop-ozone/integration-test/target/test-dir/MiniOzoneClusterImpl-94ff2e65-e9dc-40d8-b5a4-a4b55580a6d4/datanode-0/data/ratis/8adfd705-2cba-4ba8-8338-658e3dc65929: created new log segment /workdir/hadoop-ozone/integration-test/target/test-dir/MiniOzoneClusterImpl-94ff2e65-e9dc-40d8-b5a4-a4b55580a6d4/datanode-0/data/ratis/8adfd705-2cba-4ba8-8338-658e3dc65929/current/log_inprogress_0
2019-08-21 07:14:10,225 INFO  ozoneimpl.OzoneContainer (OzoneContainer.java:stop(199)) - Attempting to stop container services.
2019-08-21 07:14:10,225 INFO  ozoneimpl.OzoneContainer (OzoneContainer.java:stop(199)) - Attempting to stop container services.
2019-08-21 07:14:10,225 INFO  impl.RaftServerProxy (RaftServerProxy.java:lambda$close$4(314)) - 59272499-6723-441f-bb93-d5b089b2dd3f: close
2019-08-21 07:14:10,226 INFO  impl.RaftServerProxy (RaftServerProxy.java:lambda$close$4(314)) - 21b1adc9-354e-4e99-9e4c-107100af86a3: close
2019-08-21 07:14:10,226 INFO  impl.RaftServerImpl (RaftServerImpl.java:lambda$shutdown$3(245)) - 59272499-6723-441f-bb93-d5b089b2dd3f: shutdown group-658E3DC65929
2019-08-21 07:14:10,226 INFO  impl.FollowerState (FollowerState.java:run(106)) - 21b1adc9-354e-4e99-9e4c-107100af86a3:group-296B15F66C1F changes to CANDIDATE, lastRpcTime:5006, electionTimeout:5003ms
2019-08-21 07:14:10,226 INFO  util.JmxRegister (JmxRegister.java:unregister(73)) - Successfully un-registered JMX Bean with object name Ratis:service=RaftServer,group=group-658E3DC65929,id=59272499-6723-441f-bb93-d5b089b2dd3f
2019-08-21 07:14:10,226 INFO  impl.RaftServerImpl (RaftServerImpl.java:lambda$shutdown$3(245)) - 21b1adc9-354e-4e99-9e4c-107100af86a3: shutdown group-F03648A3CB39
2019-08-21 07:14:10,227 INFO  impl.RoleInfo (RoleInfo.java:shutdownLeaderState(104)) - 59272499-6723-441f-bb93-d5b089b2dd3f: shutdown LeaderState
2019-08-21 07:14:10,226 INFO  impl.RoleInfo (RoleInfo.java:shutdownFollowerState(121)) - 21b1adc9-354e-4e99-9e4c-107100af86a3: shutdown FollowerState
2019-08-21 07:14:10,227 INFO  impl.PendingRequests (PendingRequests.java:sendNotLeaderResponses(202)) - 59272499-6723-441f-bb93-d5b089b2dd3f-PendingRequests: sendNotLeaderResponses
2019-08-21 07:14:10,227 INFO  util.JmxRegister (JmxRegister.java:unregister(73)) - Successfully un-registered JMX Bean with object name Ratis:service=RaftServer,group=group-F03648A3CB39,id=21b1adc9-354e-4e99-9e4c-107100af86a3
2019-08-21 07:14:10,228 INFO  impl.StateMachineUpdater (StateMachineUpdater.java:stopAndJoin(115)) - StateMachineUpdater:59272499-6723-441f-bb93-d5b089b2dd3f:group-658E3DC65929: set stopIndex = 0
2019-08-21 07:14:10,227 INFO  impl.RaftServerImpl (RaftServerImpl.java:setRole(171)) - 21b1adc9-354e-4e99-9e4c-107100af86a3:group-296B15F66C1F changes role from FOLLOWER to CANDIDATE at term 0 for changeToCandidate
2019-08-21 07:14:10,229 INFO  impl.RaftServerImpl (ServerState.java:close(394)) - 59272499-6723-441f-bb93-d5b089b2dd3f:group-658E3DC65929 closes. The last applied log index is 0
2019-08-21 07:14:10,228 INFO  impl.RoleInfo (RoleInfo.java:shutdownLeaderState(104)) - 21b1adc9-354e-4e99-9e4c-107100af86a3: shutdown LeaderState
2019-08-21 07:14:10,229 INFO  segmented.SegmentedRaftLogWorker (SegmentedRaftLogWorker.java:run(313)) - 59272499-6723-441f-bb93-d5b089b2dd3f-SegmentedRaftLogWorker:Storage Directory /workdir/hadoop-ozone/integration-test/target/test-dir/MiniOzoneClusterImpl-94ff2e65-e9dc-40d8-b5a4-a4b55580a6d4/datanode-0/data/ratis/8adfd705-2cba-4ba8-8338-658e3dc65929 was interrupted, exiting. There are 0 tasks remaining in the queue.
2019-08-21 07:14:10,229 INFO  impl.RoleInfo (RoleInfo.java:updateAndGet(143)) - 21b1adc9-354e-4e99-9e4c-107100af86a3: start LeaderElection
2019-08-21 07:14:10,231 INFO  segmented.SegmentedRaftLogWorker (SegmentedRaftLogWorker.java:close(228)) - 59272499-6723-441f-bb93-d5b089b2dd3f-SegmentedRaftLogWorker:Storage Directory /workdir/hadoop-ozone/integration-test/target/test-dir/MiniOzoneClusterImpl-94ff2e65-e9dc-40d8-b5a4-a4b55580a6d4/datanode-0/data/ratis/8adfd705-2cba-4ba8-8338-658e3dc65929 close()
2019-08-21 07:14:10,229 INFO  impl.PendingRequests (PendingRequests.java:sendNotLeaderResponses(202)) - 21b1adc9-354e-4e99-9e4c-107100af86a3-PendingRequests: sendNotLeaderResponses
2019-08-21 07:14:10,237 INFO  impl.RaftServerImpl (RaftServerImpl.java:lambda$shutdown$3(245)) - 59272499-6723-441f-bb93-d5b089b2dd3f: shutdown group-4673422A28BC
2019-08-21 07:14:10,237 INFO  impl.StateMachineUpdater (StateMachineUpdater.java:stopAndJoin(115)) - StateMachineUpdater:21b1adc9-354e-4e99-9e4c-107100af86a3:group-F03648A3CB39: set stopIndex = 0
2019-08-21 07:14:10,238 INFO  util.JmxRegister (JmxRegister.java:unregister(73)) - Successfully un-registered JMX Bean with object name Ratis:service=RaftServer,group=group-4673422A28BC,id=59272499-6723-441f-bb93-d5b089b2dd3f
2019-08-21 07:14:10,238 INFO  impl.RoleInfo (RoleInfo.java:shutdownLeaderState(104)) - 59272499-6723-441f-bb93-d5b089b2dd3f: shutdown LeaderState
2019-08-21 07:14:10,238 INFO  impl.RaftServerImpl (ServerState.java:close(394)) - 21b1adc9-354e-4e99-9e4c-107100af86a3:group-F03648A3CB39 closes. The last applied log index is 0
2019-08-21 07:14:10,239 INFO  impl.PendingRequests (PendingRequests.java:sendNotLeaderResponses(202)) - 59272499-6723-441f-bb93-d5b089b2dd3f-PendingRequests: sendNotLeaderResponses
2019-08-21 07:14:10,239 INFO  segmented.SegmentedRaftLogWorker (SegmentedRaftLogWorker.java:run(313)) - 21b1adc9-354e-4e99-9e4c-107100af86a3-SegmentedRaftLogWorker:Storage Directory /workdir/hadoop-ozone/integration-test/target/test-dir/MiniOzoneClusterImpl-94ff2e65-e9dc-40d8-b5a4-a4b55580a6d4/datanode-1/data/ratis/2b5b4127-2d08-4f30-800b-f03648a3cb39 was interrupted, exiting. There are 0 tasks remaining in the queue.
2019-08-21 07:14:10,243 INFO  impl.StateMachineUpdater (StateMachineUpdater.java:stopAndJoin(115)) - StateMachineUpdater:59272499-6723-441f-bb93-d5b089b2dd3f:group-4673422A28BC: set stopIndex = 2
2019-08-21 07:14:10,244 INFO  impl.RaftServerImpl (ServerState.java:close(394)) - 59272499-6723-441f-bb93-d5b089b2dd3f:group-4673422A28BC closes. The last applied log index is 2
2019-08-21 07:14:10,244 INFO  segmented.SegmentedRaftLogWorker (SegmentedRaftLogWorker.java:run(313)) - 59272499-6723-441f-bb93-d5b089b2dd3f-SegmentedRaftLogWorker:Storage Directory /workdir/hadoop-ozone/integration-test/target/test-dir/MiniOzoneClusterImpl-94ff2e65-e9dc-40d8-b5a4-a4b55580a6d4/datanode-0/data/ratis/a9d73eeb-070d-4251-8e7c-4673422a28bc was interrupted, exiting. There are 0 tasks remaining in the queue.
2019-08-21 07:14:10,252 INFO  segmented.SegmentedRaftLogWorker (SegmentedRaftLogWorker.java:close(228)) - 21b1adc9-354e-4e99-9e4c-107100af86a3-SegmentedRaftLogWorker:Storage Directory /workdir/hadoop-ozone/integration-test/target/test-dir/MiniOzoneClusterImpl-94ff2e65-e9dc-40d8-b5a4-a4b55580a6d4/datanode-1/data/ratis/2b5b4127-2d08-4f30-800b-f03648a3cb39 close()
2019-08-21 07:14:10,252 INFO  segmented.SegmentedRaftLogWorker (SegmentedRaftLogWorker.java:close(228)) - 59272499-6723-441f-bb93-d5b089b2dd3f-SegmentedRaftLogWorker:Storage Directory /workdir/hadoop-ozone/integration-test/target/test-dir/MiniOzoneClusterImpl-94ff2e65-e9dc-40d8-b5a4-a4b55580a6d4/datanode-0/data/ratis/a9d73eeb-070d-4251-8e7c-4673422a28bc close()
2019-08-21 07:14:10,254 INFO  impl.RaftServerImpl (RaftServerImpl.java:lambda$shutdown$3(245)) - 21b1adc9-354e-4e99-9e4c-107100af86a3: shutdown group-5DA1C92E844E
2019-08-21 07:14:10,256 INFO  impl.RaftServerImpl (RaftServerImpl.java:lambda$shutdown$3(245)) - 59272499-6723-441f-bb93-d5b089b2dd3f: shutdown group-296B15F66C1F
2019-08-21 07:14:10,254 INFO  impl.LeaderElection (LeaderElection.java:askForVotes(181)) - 21b1adc9-354e-4e99-9e4c-107100af86a3:group-296B15F66C1F:LeaderElection28: begin an election at term 1 for -1: [21b1adc9-354e-4e99-9e4c-107100af86a3:192.168.36.89:44091, 59272499-6723-441f-bb93-d5b089b2dd3f:192.168.36.89:42511, 65370939-d58a-4d15-8f1f-74ec23e08016:192.168.36.89:34069], old=null
2019-08-21 07:14:10,256 INFO  util.JmxRegister (JmxRegister.java:unregister(73)) - Successfully un-registered JMX Bean with object name Ratis:service=RaftServer,group=group-296B15F66C1F,id=59272499-6723-441f-bb93-d5b089b2dd3f
2019-08-21 07:14:10,257 INFO  impl.RoleInfo (RoleInfo.java:shutdownFollowerState(121)) - 59272499-6723-441f-bb93-d5b089b2dd3f: shutdown FollowerState
2019-08-21 07:14:10,256 INFO  util.JmxRegister (JmxRegister.java:unregister(73)) - Successfully un-registered JMX Bean with object name Ratis:service=RaftServer,group=group-5DA1C92E844E,id=21b1adc9-354e-4e99-9e4c-107100af86a3
2019-08-21 07:14:10,257 INFO  impl.FollowerState (FollowerState.java:run(114)) - 59272499-6723-441f-bb93-d5b089b2dd3f: FollowerState was interrupted: java.lang.InterruptedException: sleep interrupted
2019-08-21 07:14:10,257 INFO  impl.StateMachineUpdater (StateMachineUpdater.java:stopAndJoin(115)) - StateMachineUpdater:59272499-6723-441f-bb93-d5b089b2dd3f:group-296B15F66C1F: set stopIndex = -1
2019-08-21 07:14:10,257 INFO  impl.RoleInfo (RoleInfo.java:shutdownLeaderState(104)) - 21b1adc9-354e-4e99-9e4c-107100af86a3: shutdown LeaderState
2019-08-21 07:14:10,259 INFO  impl.RaftServerImpl (ServerState.java:close(394)) - 59272499-6723-441f-bb93-d5b089b2dd3f:group-296B15F66C1F closes. The last applied log index is -1
2019-08-21 07:14:10,259 INFO  impl.PendingRequests (PendingRequests.java:sendNotLeaderResponses(202)) - 21b1adc9-354e-4e99-9e4c-107100af86a3-PendingRequests: sendNotLeaderResponses
2019-08-21 07:14:10,260 INFO  segmented.SegmentedRaftLogWorker (SegmentedRaftLogWorker.java:run(313)) - 59272499-6723-441f-bb93-d5b089b2dd3f-SegmentedRaftLogWorker:Storage Directory /workdir/hadoop-ozone/integration-test/target/test-dir/MiniOzoneClusterImpl-94ff2e65-e9dc-40d8-b5a4-a4b55580a6d4/datanode-0/data/ratis/5ae21241-bfb4-43d2-b818-296b15f66c1f was interrupted, exiting. There are 0 tasks remaining in the queue.
2019-08-21 07:14:10,262 INFO  segmented.SegmentedRaftLogWorker (SegmentedRaftLogWorker.java:close(228)) - 59272499-6723-441f-bb93-d5b089b2dd3f-SegmentedRaftLogWorker:Storage Directory /workdir/hadoop-ozone/integration-test/target/test-dir/MiniOzoneClusterImpl-94ff2e65-e9dc-40d8-b5a4-a4b55580a6d4/datanode-0/data/ratis/5ae21241-bfb4-43d2-b818-296b15f66c1f close()
2019-08-21 07:14:10,264 INFO  impl.StateMachineUpdater (StateMachineUpdater.java:stopAndJoin(115)) - StateMachineUpdater:21b1adc9-354e-4e99-9e4c-107100af86a3:group-5DA1C92E844E: set stopIndex = 2
2019-08-21 07:14:10,266 INFO  server.GrpcService (GrpcService.java:closeImpl(155)) - 59272499-6723-441f-bb93-d5b089b2dd3f: shutdown server with port 42511 now
2019-08-21 07:14:10,266 INFO  impl.RaftServerImpl (ServerState.java:close(394)) - 21b1adc9-354e-4e99-9e4c-107100af86a3:group-5DA1C92E844E closes. The last applied log index is 2
2019-08-21 07:14:10,268 INFO  server.GrpcService (GrpcService.java:closeImpl(163)) - 59272499-6723-441f-bb93-d5b089b2dd3f: shutdown server with port 42511 successfully
2019-08-21 07:14:10,268 INFO  segmented.SegmentedRaftLogWorker (SegmentedRaftLogWorker.java:run(313)) - 21b1adc9-354e-4e99-9e4c-107100af86a3-SegmentedRaftLogWorker:Storage Directory /workdir/hadoop-ozone/integration-test/target/test-dir/MiniOzoneClusterImpl-94ff2e65-e9dc-40d8-b5a4-a4b55580a6d4/datanode-1/data/ratis/53f25904-83da-43f2-b12a-5da1c92e844e was interrupted, exiting. There are 0 tasks remaining in the queue.
2019-08-21 07:14:10,271 INFO  segmented.SegmentedRaftLogWorker (SegmentedRaftLogWorker.java:close(228)) - 21b1adc9-354e-4e99-9e4c-107100af86a3-SegmentedRaftLogWorker:Storage Directory /workdir/hadoop-ozone/integration-test/target/test-dir/MiniOzoneClusterImpl-94ff2e65-e9dc-40d8-b5a4-a4b55580a6d4/datanode-1/data/ratis/53f25904-83da-43f2-b12a-5da1c92e844e close()
2019-08-21 07:14:10,274 INFO  impl.RaftServerImpl (RaftServerImpl.java:lambda$shutdown$3(245)) - 21b1adc9-354e-4e99-9e4c-107100af86a3: shutdown group-296B15F66C1F
2019-08-21 07:14:10,275 INFO  impl.LeaderElection (LogUtils.java:infoOrTrace(149)) - 21b1adc9-354e-4e99-9e4c-107100af86a3:group-296B15F66C1F:LeaderElection28 got exception when requesting votes: {}
java.util.concurrent.ExecutionException: org.apache.ratis.thirdparty.io.grpc.StatusRuntimeException: UNAVAILABLE: io exception
	at java.util.concurrent.FutureTask.report(FutureTask.java:122)
	at java.util.concurrent.FutureTask.get(FutureTask.java:192)
	at org.apache.ratis.server.impl.LeaderElection.waitForResults(LeaderElection.java:262)
	at org.apache.ratis.server.impl.LeaderElection.askForVotes(LeaderElection.java:200)
	at org.apache.ratis.server.impl.LeaderElection.run(LeaderElection.java:130)
	at java.lang.Thread.run(Thread.java:748)
Caused by: org.apache.ratis.thirdparty.io.grpc.StatusRuntimeException: UNAVAILABLE: io exception
	at org.apache.ratis.thirdparty.io.grpc.stub.ClientCalls.toStatusRuntimeException(ClientCalls.java:233)
	at org.apache.ratis.thirdparty.io.grpc.stub.ClientCalls.getUnchecked(ClientCalls.java:214)
	at org.apache.ratis.thirdparty.io.grpc.stub.ClientCalls.blockingUnaryCall(ClientCalls.java:139)
	at org.apache.ratis.proto.grpc.RaftServerProtocolServiceGrpc$RaftServerProtocolServiceBlockingStub.requestVote(RaftServerProtocolServiceGrpc.java:265)
	at org.apache.ratis.grpc.server.GrpcServerProtocolClient.requestVote(GrpcServerProtocolClient.java:83)
	at org.apache.ratis.grpc.server.GrpcService.requestVote(GrpcService.java:195)
	at org.apache.ratis.server.impl.LeaderElection.lambda$submitRequests$1(LeaderElection.java:237)
	at java.util.concurrent.FutureTask.run(FutureTask.java:266)
	at java.util.concurrent.Executors$RunnableAdapter.call(Executors.java:511)
	at java.util.concurrent.FutureTask.run(FutureTask.java:266)
	at java.util.concurrent.ThreadPoolExecutor.runWorker(ThreadPoolExecutor.java:1149)
	at java.util.concurrent.ThreadPoolExecutor$Worker.run(ThreadPoolExecutor.java:624)
	... 1 more
Caused by: java.io.IOException: Connection reset by peer
	at sun.nio.ch.FileDispatcherImpl.writev0(Native Method)
	at sun.nio.ch.SocketDispatcher.writev(SocketDispatcher.java:51)
	at sun.nio.ch.IOUtil.write(IOUtil.java:148)
	at sun.nio.ch.SocketChannelImpl.write(SocketChannelImpl.java:504)
	at org.apache.ratis.thirdparty.io.netty.channel.socket.nio.NioSocketChannel.doWrite(NioSocketChannel.java:420)
	at org.apache.ratis.thirdparty.io.netty.channel.AbstractChannel$AbstractUnsafe.flush0(AbstractChannel.java:934)
	at org.apache.ratis.thirdparty.io.netty.channel.nio.AbstractNioChannel$AbstractNioUnsafe.flush0(AbstractNioChannel.java:360)
	at org.apache.ratis.thirdparty.io.netty.channel.AbstractChannel$AbstractUnsafe.flush(AbstractChannel.java:901)
	at org.apache.ratis.thirdparty.io.netty.channel.DefaultChannelPipeline$HeadContext.flush(DefaultChannelPipeline.java:1396)
	at org.apache.ratis.thirdparty.io.netty.channel.AbstractChannelHandlerContext.invokeFlush0(AbstractChannelHandlerContext.java:776)
	at org.apache.ratis.thirdparty.io.netty.channel.AbstractChannelHandlerContext.invokeFlush(AbstractChannelHandlerContext.java:768)
	at org.apache.ratis.thirdparty.io.netty.channel.AbstractChannelHandlerContext.flush(AbstractChannelHandlerContext.java:749)
	at org.apache.ratis.thirdparty.io.netty.handler.codec.http2.Http2ConnectionHandler.flush(Http2ConnectionHandler.java:201)
	at org.apache.ratis.thirdparty.io.netty.channel.AbstractChannelHandlerContext.invokeFlush0(AbstractChannelHandlerContext.java:776)
	at org.apache.ratis.thirdparty.io.netty.channel.AbstractChannelHandlerContext.invokeFlush(AbstractChannelHandlerContext.java:768)
	at org.apache.ratis.thirdparty.io.netty.channel.AbstractChannelHandlerContext.flush(AbstractChannelHandlerContext.java:749)
	at org.apache.ratis.thirdparty.io.grpc.netty.ProtocolNegotiators$AbstractBufferingHandler.writeBufferedAndRemove(ProtocolNegotiators.java:619)
	at org.apache.ratis.thirdparty.io.grpc.netty.ProtocolNegotiators$BufferUntilChannelActiveHandler.channelActive(ProtocolNegotiators.java:722)
	at org.apache.ratis.thirdparty.io.netty.channel.AbstractChannelHandlerContext.invokeChannelActive(AbstractChannelHandlerContext.java:213)
	at org.apache.ratis.thirdparty.io.netty.channel.AbstractChannelHandlerContext.invokeChannelActive(AbstractChannelHandlerContext.java:199)
	at org.apache.ratis.thirdparty.io.netty.channel.AbstractChannelHandlerContext.fireChannelActive(AbstractChannelHandlerContext.java:192)
	at org.apache.ratis.thirdparty.io.netty.channel.ChannelInboundHandlerAdapter.channelActive(ChannelInboundHandlerAdapter.java:64)
	at org.apache.ratis.thirdparty.io.netty.handler.codec.http2.Http2ConnectionHandler.channelActive(Http2ConnectionHandler.java:421)
	at org.apache.ratis.thirdparty.io.grpc.netty.AbstractNettyHandler.channelActive(AbstractNettyHandler.java:71)
	at org.apache.ratis.thirdparty.io.netty.channel.AbstractChannelHandlerContext.invokeChannelActive(AbstractChannelHandlerContext.java:213)
	at org.apache.ratis.thirdparty.io.netty.channel.AbstractChannelHandlerContext.invokeChannelActive(AbstractChannelHandlerContext.java:199)
	at org.apache.ratis.thirdparty.io.netty.channel.AbstractChannelHandlerContext.fireChannelActive(AbstractChannelHandlerContext.java:192)
	at org.apache.ratis.thirdparty.io.netty.channel.DefaultChannelPipeline$HeadContext.channelActive(DefaultChannelPipeline.java:1422)
	at org.apache.ratis.thirdparty.io.netty.channel.AbstractChannelHandlerContext.invokeChannelActive(AbstractChannelHandlerContext.java:213)
	at org.apache.ratis.thirdparty.io.netty.channel.AbstractChannelHandlerContext.invokeChannelActive(AbstractChannelHandlerContext.java:199)
	at org.apache.ratis.thirdparty.io.netty.channel.DefaultChannelPipeline.fireChannelActive(DefaultChannelPipeline.java:941)
	at org.apache.ratis.thirdparty.io.netty.channel.nio.AbstractNioChannel$AbstractNioUnsafe.fulfillConnectPromise(AbstractNioChannel.java:311)
	at org.apache.ratis.thirdparty.io.netty.channel.nio.AbstractNioChannel$AbstractNioUnsafe.finishConnect(AbstractNioChannel.java:341)
	at org.apache.ratis.thirdparty.io.netty.channel.nio.NioEventLoop.processSelectedKey(NioEventLoop.java:632)
	at org.apache.ratis.thirdparty.io.netty.channel.nio.NioEventLoop.processSelectedKeysOptimized(NioEventLoop.java:579)
	at org.apache.ratis.thirdparty.io.netty.channel.nio.NioEventLoop.processSelectedKeys(NioEventLoop.java:496)
	at org.apache.ratis.thirdparty.io.netty.channel.nio.NioEventLoop.run(NioEventLoop.java:458)
	at org.apache.ratis.thirdparty.io.netty.util.concurrent.SingleThreadEventExecutor$5.run(SingleThreadEventExecutor.java:897)
	at org.apache.ratis.thirdparty.io.netty.util.concurrent.FastThreadLocalRunnable.run(FastThreadLocalRunnable.java:30)
	... 1 more
2019-08-21 07:14:10,275 INFO  utils.BackgroundService (BackgroundService.java:shutdown(148)) - Shutting down service BlockDeletingService
2019-08-21 07:14:10,280 INFO  impl.LeaderElection (LeaderElection.java:logAndReturn(56)) - 21b1adc9-354e-4e99-9e4c-107100af86a3:group-296B15F66C1F:LeaderElection28: Election REJECTED; received 0 response(s) [] and 1 exception(s); 21b1adc9-354e-4e99-9e4c-107100af86a3:t1, leader=null, voted=21b1adc9-354e-4e99-9e4c-107100af86a3, raftlog=21b1adc9-354e-4e99-9e4c-107100af86a3-SegmentedRaftLog:OPENED:c-1,f-1,i0, conf=-1: [21b1adc9-354e-4e99-9e4c-107100af86a3:192.168.36.89:44091, 59272499-6723-441f-bb93-d5b089b2dd3f:192.168.36.89:42511, 65370939-d58a-4d15-8f1f-74ec23e08016:192.168.36.89:34069], old=null
2019-08-21 07:14:10,279 INFO  impl.RaftServerImpl (RaftServerImpl.java:setRole(171)) - 65370939-d58a-4d15-8f1f-74ec23e08016:group-296B15F66C1F changes role from FOLLOWER to FOLLOWER at term 1 for recognizeCandidate:21b1adc9-354e-4e99-9e4c-107100af86a3
2019-08-21 07:14:10,275 INFO  util.JmxRegister (JmxRegister.java:unregister(73)) - Successfully un-registered JMX Bean with object name Ratis:service=RaftServer,group=group-296B15F66C1F,id=21b1adc9-354e-4e99-9e4c-107100af86a3
2019-08-21 07:14:10,281 INFO  impl.RoleInfo (RoleInfo.java:shutdownFollowerState(121)) - 65370939-d58a-4d15-8f1f-74ec23e08016: shutdown FollowerState
2019-08-21 07:14:10,280 INFO  impl.LeaderElection (LogUtils.java:infoOrTrace(149)) -   Exception 0: {}
java.util.concurrent.ExecutionException: org.apache.ratis.thirdparty.io.grpc.StatusRuntimeException: UNAVAILABLE: io exception
	at java.util.concurrent.FutureTask.report(FutureTask.java:122)
	at java.util.concurrent.FutureTask.get(FutureTask.java:192)
	at org.apache.ratis.server.impl.LeaderElection.waitForResults(LeaderElection.java:262)
	at org.apache.ratis.server.impl.LeaderElection.askForVotes(LeaderElection.java:200)
	at org.apache.ratis.server.impl.LeaderElection.run(LeaderElection.java:130)
	at java.lang.Thread.run(Thread.java:748)
Caused by: org.apache.ratis.thirdparty.io.grpc.StatusRuntimeException: UNAVAILABLE: io exception
	at org.apache.ratis.thirdparty.io.grpc.stub.ClientCalls.toStatusRuntimeException(ClientCalls.java:233)
	at org.apache.ratis.thirdparty.io.grpc.stub.ClientCalls.getUnchecked(ClientCalls.java:214)
	at org.apache.ratis.thirdparty.io.grpc.stub.ClientCalls.blockingUnaryCall(ClientCalls.java:139)
	at org.apache.ratis.proto.grpc.RaftServerProtocolServiceGrpc$RaftServerProtocolServiceBlockingStub.requestVote(RaftServerProtocolServiceGrpc.java:265)
	at org.apache.ratis.grpc.server.GrpcServerProtocolClient.requestVote(GrpcServerProtocolClient.java:83)
	at org.apache.ratis.grpc.server.GrpcService.requestVote(GrpcService.java:195)
	at org.apache.ratis.server.impl.LeaderElection.lambda$submitRequests$1(LeaderElection.java:237)
	at java.util.concurrent.FutureTask.run(FutureTask.java:266)
	at java.util.concurrent.Executors$RunnableAdapter.call(Executors.java:511)
	at java.util.concurrent.FutureTask.run(FutureTask.java:266)
	at java.util.concurrent.ThreadPoolExecutor.runWorker(ThreadPoolExecutor.java:1149)
	at java.util.concurrent.ThreadPoolExecutor$Worker.run(ThreadPoolExecutor.java:624)
	... 1 more
Caused by: java.io.IOException: Connection reset by peer
	at sun.nio.ch.FileDispatcherImpl.writev0(Native Method)
	at sun.nio.ch.SocketDispatcher.writev(SocketDispatcher.java:51)
	at sun.nio.ch.IOUtil.write(IOUtil.java:148)
	at sun.nio.ch.SocketChannelImpl.write(SocketChannelImpl.java:504)
	at org.apache.ratis.thirdparty.io.netty.channel.socket.nio.NioSocketChannel.doWrite(NioSocketChannel.java:420)
	at org.apache.ratis.thirdparty.io.netty.channel.AbstractChannel$AbstractUnsafe.flush0(AbstractChannel.java:934)
	at org.apache.ratis.thirdparty.io.netty.channel.nio.AbstractNioChannel$AbstractNioUnsafe.flush0(AbstractNioChannel.java:360)
	at org.apache.ratis.thirdparty.io.netty.channel.AbstractChannel$AbstractUnsafe.flush(AbstractChannel.java:901)
	at org.apache.ratis.thirdparty.io.netty.channel.DefaultChannelPipeline$HeadContext.flush(DefaultChannelPipeline.java:1396)
	at org.apache.ratis.thirdparty.io.netty.channel.AbstractChannelHandlerContext.invokeFlush0(AbstractChannelHandlerContext.java:776)
	at org.apache.ratis.thirdparty.io.netty.channel.AbstractChannelHandlerContext.invokeFlush(AbstractChannelHandlerContext.java:768)
	at org.apache.ratis.thirdparty.io.netty.channel.AbstractChannelHandlerContext.flush(AbstractChannelHandlerContext.java:749)
	at org.apache.ratis.thirdparty.io.netty.handler.codec.http2.Http2ConnectionHandler.flush(Http2ConnectionHandler.java:201)
	at org.apache.ratis.thirdparty.io.netty.channel.AbstractChannelHandlerContext.invokeFlush0(AbstractChannelHandlerContext.java:776)
	at org.apache.ratis.thirdparty.io.netty.channel.AbstractChannelHandlerContext.invokeFlush(AbstractChannelHandlerContext.java:768)
	at org.apache.ratis.thirdparty.io.netty.channel.AbstractChannelHandlerContext.flush(AbstractChannelHandlerContext.java:749)
	at org.apache.ratis.thirdparty.io.grpc.netty.ProtocolNegotiators$AbstractBufferingHandler.writeBufferedAndRemove(ProtocolNegotiators.java:619)
	at org.apache.ratis.thirdparty.io.grpc.netty.ProtocolNegotiators$BufferUntilChannelActiveHandler.channelActive(ProtocolNegotiators.java:722)
	at org.apache.ratis.thirdparty.io.netty.channel.AbstractChannelHandlerContext.invokeChannelActive(AbstractChannelHandlerContext.java:213)
	at org.apache.ratis.thirdparty.io.netty.channel.AbstractChannelHandlerContext.invokeChannelActive(AbstractChannelHandlerContext.java:199)
	at org.apache.ratis.thirdparty.io.netty.channel.AbstractChannelHandlerContext.fireChannelActive(AbstractChannelHandlerContext.java:192)
	at org.apache.ratis.thirdparty.io.netty.channel.ChannelInboundHandlerAdapter.channelActive(ChannelInboundHandlerAdapter.java:64)
	at org.apache.ratis.thirdparty.io.netty.handler.codec.http2.Http2ConnectionHandler.channelActive(Http2ConnectionHandler.java:421)
	at org.apache.ratis.thirdparty.io.grpc.netty.AbstractNettyHandler.channelActive(AbstractNettyHandler.java:71)
	at org.apache.ratis.thirdparty.io.netty.channel.AbstractChannelHandlerContext.invokeChannelActive(AbstractChannelHandlerContext.java:213)
	at org.apache.ratis.thirdparty.io.netty.channel.AbstractChannelHandlerContext.invokeChannelActive(AbstractChannelHandlerContext.java:199)
	at org.apache.ratis.thirdparty.io.netty.channel.AbstractChannelHandlerContext.fireChannelActive(AbstractChannelHandlerContext.java:192)
	at org.apache.ratis.thirdparty.io.netty.channel.DefaultChannelPipeline$HeadContext.channelActive(DefaultChannelPipeline.java:1422)
	at org.apache.ratis.thirdparty.io.netty.channel.AbstractChannelHandlerContext.invokeChannelActive(AbstractChannelHandlerContext.java:213)
	at org.apache.ratis.thirdparty.io.netty.channel.AbstractChannelHandlerContext.invokeChannelActive(AbstractChannelHandlerContext.java:199)
	at org.apache.ratis.thirdparty.io.netty.channel.DefaultChannelPipeline.fireChannelActive(DefaultChannelPipeline.java:941)
	at org.apache.ratis.thirdparty.io.netty.channel.nio.AbstractNioChannel$AbstractNioUnsafe.fulfillConnectPromise(AbstractNioChannel.java:311)
	at org.apache.ratis.thirdparty.io.netty.channel.nio.AbstractNioChannel$AbstractNioUnsafe.finishConnect(AbstractNioChannel.java:341)
	at org.apache.ratis.thirdparty.io.netty.channel.nio.NioEventLoop.processSelectedKey(NioEventLoop.java:632)
	at org.apache.ratis.thirdparty.io.netty.channel.nio.NioEventLoop.processSelectedKeysOptimized(NioEventLoop.java:579)
	at org.apache.ratis.thirdparty.io.netty.channel.nio.NioEventLoop.processSelectedKeys(NioEventLoop.java:496)
	at org.apache.ratis.thirdparty.io.netty.channel.nio.NioEventLoop.run(NioEventLoop.java:458)
	at org.apache.ratis.thirdparty.io.netty.util.concurrent.SingleThreadEventExecutor$5.run(SingleThreadEventExecutor.java:897)
	at org.apache.ratis.thirdparty.io.netty.util.concurrent.FastThreadLocalRunnable.run(FastThreadLocalRunnable.java:30)
	... 1 more
2019-08-21 07:14:10,282 INFO  impl.RoleInfo (RoleInfo.java:updateAndGet(143)) - 65370939-d58a-4d15-8f1f-74ec23e08016: start FollowerState
2019-08-21 07:14:10,282 INFO  impl.FollowerState (FollowerState.java:run(114)) - 65370939-d58a-4d15-8f1f-74ec23e08016: FollowerState was interrupted: java.lang.InterruptedException: sleep interrupted
2019-08-21 07:14:10,282 WARN  fs.CachingGetSpaceUsed (CachingGetSpaceUsed.java:run(183)) - Thread Interrupted waiting to refresh disk information: sleep interrupted
2019-08-21 07:14:10,282 INFO  impl.RoleInfo (RoleInfo.java:shutdownLeaderElection(134)) - 21b1adc9-354e-4e99-9e4c-107100af86a3: shutdown LeaderElection
2019-08-21 07:14:10,285 INFO  impl.StateMachineUpdater (StateMachineUpdater.java:stopAndJoin(115)) - StateMachineUpdater:21b1adc9-354e-4e99-9e4c-107100af86a3:group-296B15F66C1F: set stopIndex = -1
2019-08-21 07:14:10,285 INFO  impl.RaftServerImpl (ServerState.java:close(394)) - 21b1adc9-354e-4e99-9e4c-107100af86a3:group-296B15F66C1F closes. The last applied log index is -1
2019-08-21 07:14:10,285 INFO  segmented.SegmentedRaftLogWorker (SegmentedRaftLogWorker.java:run(313)) - 21b1adc9-354e-4e99-9e4c-107100af86a3-SegmentedRaftLogWorker:Storage Directory /workdir/hadoop-ozone/integration-test/target/test-dir/MiniOzoneClusterImpl-94ff2e65-e9dc-40d8-b5a4-a4b55580a6d4/datanode-1/data/ratis/5ae21241-bfb4-43d2-b818-296b15f66c1f was interrupted, exiting. There are 0 tasks remaining in the queue.
2019-08-21 07:14:10,286 INFO  segmented.SegmentedRaftLogWorker (SegmentedRaftLogWorker.java:close(228)) - 21b1adc9-354e-4e99-9e4c-107100af86a3-SegmentedRaftLogWorker:Storage Directory /workdir/hadoop-ozone/integration-test/target/test-dir/MiniOzoneClusterImpl-94ff2e65-e9dc-40d8-b5a4-a4b55580a6d4/datanode-1/data/ratis/5ae21241-bfb4-43d2-b818-296b15f66c1f close()
2019-08-21 07:14:10,287 INFO  server.GrpcService (GrpcService.java:closeImpl(155)) - 21b1adc9-354e-4e99-9e4c-107100af86a3: shutdown server with port 44091 now
2019-08-21 07:14:10,289 INFO  server.GrpcService (GrpcService.java:closeImpl(163)) - 21b1adc9-354e-4e99-9e4c-107100af86a3: shutdown server with port 44091 successfully
2019-08-21 07:14:10,292 INFO  utils.BackgroundService (BackgroundService.java:shutdown(148)) - Shutting down service BlockDeletingService
2019-08-21 07:14:10,293 WARN  fs.CachingGetSpaceUsed (CachingGetSpaceUsed.java:run(183)) - Thread Interrupted waiting to refresh disk information: sleep interrupted
2019-08-21 07:14:10,304 INFO  statemachine.DatanodeStateMachine (DatanodeStateMachine.java:stopDaemon(395)) - Ozone container server stopped.
2019-08-21 07:14:10,311 INFO  statemachine.DatanodeStateMachine (DatanodeStateMachine.java:stopDaemon(395)) - Ozone container server stopped.
2019-08-21 07:14:10,335 INFO  handler.ContextHandler (ContextHandler.java:doStop(910)) - Stopped o.e.j.w.WebAppContext@3bad0b6b{/,null,UNAVAILABLE}{/hddsDatanode}
2019-08-21 07:14:10,335 INFO  handler.ContextHandler (ContextHandler.java:doStop(910)) - Stopped o.e.j.w.WebAppContext@7dcc7384{/,null,UNAVAILABLE}{/hddsDatanode}
2019-08-21 07:14:10,336 INFO  server.AbstractConnector (AbstractConnector.java:doStop(318)) - Stopped ServerConnector@450704e0{HTTP/1.1,[http/1.1]}{0.0.0.0:40690}
2019-08-21 07:14:10,336 INFO  server.AbstractConnector (AbstractConnector.java:doStop(318)) - Stopped ServerConnector@416510a2{HTTP/1.1,[http/1.1]}{0.0.0.0:45625}
2019-08-21 07:14:10,337 INFO  handler.ContextHandler (ContextHandler.java:doStop(910)) - Stopped o.e.j.s.ServletContextHandler@6e37860d{/static,jar:file:/home/user/.m2/repository/org/apache/hadoop/hadoop-hdds-container-service/0.5.0-SNAPSHOT/hadoop-hdds-container-service-0.5.0-SNAPSHOT.jar!/webapps/static,UNAVAILABLE}
2019-08-21 07:14:10,338 INFO  handler.ContextHandler (ContextHandler.java:doStop(910)) - Stopped o.e.j.s.ServletContextHandler@6a51bfa8{/static,jar:file:/home/user/.m2/repository/org/apache/hadoop/hadoop-hdds-container-service/0.5.0-SNAPSHOT/hadoop-hdds-container-service-0.5.0-SNAPSHOT.jar!/webapps/static,UNAVAILABLE}
2019-08-21 07:14:10,339 INFO  handler.ContextHandler (ContextHandler.java:doStop(910)) - Stopped o.e.j.s.ServletContextHandler@743d31ed{/logs,file:///workdir/hadoop-ozone/integration-test/target/log,UNAVAILABLE}
2019-08-21 07:14:10,339 INFO  handler.ContextHandler (ContextHandler.java:doStop(910)) - Stopped o.e.j.s.ServletContextHandler@3d99a383{/logs,file:///workdir/hadoop-ozone/integration-test/target/log,UNAVAILABLE}
2019-08-21 07:14:10,340 INFO  datanode.ObjectStoreHandler (ObjectStoreHandler.java:close(155)) - Closing ObjectStoreHandler.
2019-08-21 07:14:10,341 INFO  ozone.HddsDatanodeService (HddsDatanodeService.java:stop(451)) - Stopped plug-in org.apache.hadoop.ozone.web.OzoneHddsDatanodeService@3346562
2019-08-21 07:14:10,411 INFO  node.StaleNodeHandler (StaleNodeHandler.java:onMessage(58)) - Datanode 59272499-6723-441f-bb93-d5b089b2dd3f{ip: 192.168.36.89, host: pr-hdds-1935-8bnx7-2419419324, networkLocation: /default-rack, certSerialId: null} moved to stale state. Finalizing its pipelines [PipelineID=8adfd705-2cba-4ba8-8338-658e3dc65929, PipelineID=a9d73eeb-070d-4251-8e7c-4673422a28bc, PipelineID=5ae21241-bfb4-43d2-b818-296b15f66c1f]
2019-08-21 07:14:10,411 INFO  pipeline.SCMPipelineManager (SCMPipelineManager.java:finalizeAndDestroyPipeline(309)) - destroying pipeline:Pipeline[ Id: 8adfd705-2cba-4ba8-8338-658e3dc65929, Nodes: 59272499-6723-441f-bb93-d5b089b2dd3f{ip: 192.168.36.89, host: pr-hdds-1935-8bnx7-2419419324, networkLocation: /default-rack, certSerialId: null}, Type:RATIS, Factor:ONE, State:OPEN]
2019-08-21 07:14:10,415 INFO  pipeline.PipelineStateManager (PipelineStateManager.java:finalizePipeline(123)) - Pipeline Pipeline[ Id: 8adfd705-2cba-4ba8-8338-658e3dc65929, Nodes: 59272499-6723-441f-bb93-d5b089b2dd3f{ip: 192.168.36.89, host: pr-hdds-1935-8bnx7-2419419324, networkLocation: /default-rack, certSerialId: null}, Type:RATIS, Factor:ONE, State:CLOSED] moved to CLOSED state
2019-08-21 07:14:10,416 INFO  pipeline.SCMPipelineManager (SCMPipelineManager.java:finalizeAndDestroyPipeline(309)) - destroying pipeline:Pipeline[ Id: a9d73eeb-070d-4251-8e7c-4673422a28bc, Nodes: 59272499-6723-441f-bb93-d5b089b2dd3f{ip: 192.168.36.89, host: pr-hdds-1935-8bnx7-2419419324, networkLocation: /default-rack, certSerialId: null}, Type:RATIS, Factor:ONE, State:CLOSED]
2019-08-21 07:14:10,416 INFO  pipeline.SCMPipelineManager (SCMPipelineManager.java:finalizeAndDestroyPipeline(309)) - destroying pipeline:Pipeline[ Id: 5ae21241-bfb4-43d2-b818-296b15f66c1f, Nodes: 65370939-d58a-4d15-8f1f-74ec23e08016{ip: 192.168.36.89, host: pr-hdds-1935-8bnx7-2419419324, networkLocation: /default-rack, certSerialId: null}59272499-6723-441f-bb93-d5b089b2dd3f{ip: 192.168.36.89, host: pr-hdds-1935-8bnx7-2419419324, networkLocation: /default-rack, certSerialId: null}21b1adc9-354e-4e99-9e4c-107100af86a3{ip: 192.168.36.89, host: pr-hdds-1935-8bnx7-2419419324, networkLocation: /default-rack, certSerialId: null}, Type:RATIS, Factor:THREE, State:OPEN]
2019-08-21 07:14:10,416 INFO  pipeline.PipelineStateManager (PipelineStateManager.java:finalizePipeline(123)) - Pipeline Pipeline[ Id: 5ae21241-bfb4-43d2-b818-296b15f66c1f, Nodes: 65370939-d58a-4d15-8f1f-74ec23e08016{ip: 192.168.36.89, host: pr-hdds-1935-8bnx7-2419419324, networkLocation: /default-rack, certSerialId: null}59272499-6723-441f-bb93-d5b089b2dd3f{ip: 192.168.36.89, host: pr-hdds-1935-8bnx7-2419419324, networkLocation: /default-rack, certSerialId: null}21b1adc9-354e-4e99-9e4c-107100af86a3{ip: 192.168.36.89, host: pr-hdds-1935-8bnx7-2419419324, networkLocation: /default-rack, certSerialId: null}, Type:RATIS, Factor:THREE, State:CLOSED] moved to CLOSED state
2019-08-21 07:14:10,416 INFO  node.StaleNodeHandler (StaleNodeHandler.java:onMessage(58)) - Datanode 21b1adc9-354e-4e99-9e4c-107100af86a3{ip: 192.168.36.89, host: pr-hdds-1935-8bnx7-2419419324, networkLocation: /default-rack, certSerialId: null} moved to stale state. Finalizing its pipelines [PipelineID=2b5b4127-2d08-4f30-800b-f03648a3cb39, PipelineID=53f25904-83da-43f2-b12a-5da1c92e844e, PipelineID=5ae21241-bfb4-43d2-b818-296b15f66c1f]
2019-08-21 07:14:10,416 INFO  pipeline.SCMPipelineManager (SCMPipelineManager.java:finalizeAndDestroyPipeline(309)) - destroying pipeline:Pipeline[ Id: 2b5b4127-2d08-4f30-800b-f03648a3cb39, Nodes: 21b1adc9-354e-4e99-9e4c-107100af86a3{ip: 192.168.36.89, host: pr-hdds-1935-8bnx7-2419419324, networkLocation: /default-rack, certSerialId: null}, Type:RATIS, Factor:ONE, State:OPEN]
2019-08-21 07:14:10,416 INFO  pipeline.PipelineStateManager (PipelineStateManager.java:finalizePipeline(123)) - Pipeline Pipeline[ Id: 2b5b4127-2d08-4f30-800b-f03648a3cb39, Nodes: 21b1adc9-354e-4e99-9e4c-107100af86a3{ip: 192.168.36.89, host: pr-hdds-1935-8bnx7-2419419324, networkLocation: /default-rack, certSerialId: null}, Type:RATIS, Factor:ONE, State:CLOSED] moved to CLOSED state
2019-08-21 07:14:10,416 INFO  pipeline.SCMPipelineManager (SCMPipelineManager.java:finalizeAndDestroyPipeline(309)) - destroying pipeline:Pipeline[ Id: 53f25904-83da-43f2-b12a-5da1c92e844e, Nodes: 21b1adc9-354e-4e99-9e4c-107100af86a3{ip: 192.168.36.89, host: pr-hdds-1935-8bnx7-2419419324, networkLocation: /default-rack, certSerialId: null}, Type:RATIS, Factor:ONE, State:CLOSED]
2019-08-21 07:14:10,417 INFO  pipeline.SCMPipelineManager (SCMPipelineManager.java:finalizeAndDestroyPipeline(309)) - destroying pipeline:Pipeline[ Id: 5ae21241-bfb4-43d2-b818-296b15f66c1f, Nodes: 65370939-d58a-4d15-8f1f-74ec23e08016{ip: 192.168.36.89, host: pr-hdds-1935-8bnx7-2419419324, networkLocation: /default-rack, certSerialId: null}59272499-6723-441f-bb93-d5b089b2dd3f{ip: 192.168.36.89, host: pr-hdds-1935-8bnx7-2419419324, networkLocation: /default-rack, certSerialId: null}21b1adc9-354e-4e99-9e4c-107100af86a3{ip: 192.168.36.89, host: pr-hdds-1935-8bnx7-2419419324, networkLocation: /default-rack, certSerialId: null}, Type:RATIS, Factor:THREE, State:CLOSED]
2019-08-21 07:14:11,059 INFO  statemachine.DatanodeStateMachine (DatanodeStateMachine.java:lambda$startDaemon$0(350)) - Ozone container server started.
2019-08-21 07:14:15,299 INFO  impl.FollowerState (FollowerState.java:run(106)) - 65370939-d58a-4d15-8f1f-74ec23e08016:group-296B15F66C1F changes to CANDIDATE, lastRpcTime:5016, electionTimeout:5014ms
2019-08-21 07:14:15,299 INFO  impl.RoleInfo (RoleInfo.java:shutdownFollowerState(121)) - 65370939-d58a-4d15-8f1f-74ec23e08016: shutdown FollowerState
2019-08-21 07:14:15,299 INFO  impl.RaftServerImpl (RaftServerImpl.java:setRole(171)) - 65370939-d58a-4d15-8f1f-74ec23e08016:group-296B15F66C1F changes role from FOLLOWER to CANDIDATE at term 1 for changeToCandidate
2019-08-21 07:14:15,299 INFO  impl.RoleInfo (RoleInfo.java:updateAndGet(143)) - 65370939-d58a-4d15-8f1f-74ec23e08016: start LeaderElection
2019-08-21 07:14:15,315 INFO  impl.LeaderElection (LeaderElection.java:askForVotes(181)) - 65370939-d58a-4d15-8f1f-74ec23e08016:group-296B15F66C1F:LeaderElection29: begin an election at term 2 for -1: [21b1adc9-354e-4e99-9e4c-107100af86a3:192.168.36.89:44091, 59272499-6723-441f-bb93-d5b089b2dd3f:192.168.36.89:42511, 65370939-d58a-4d15-8f1f-74ec23e08016:192.168.36.89:34069], old=null
2019-08-21 07:14:15,319 INFO  impl.LeaderElection (LogUtils.java:infoOrTrace(149)) - 65370939-d58a-4d15-8f1f-74ec23e08016:group-296B15F66C1F:LeaderElection29 got exception when requesting votes: {}
java.util.concurrent.ExecutionException: org.apache.ratis.thirdparty.io.grpc.StatusRuntimeException: UNAVAILABLE: io exception
	at java.util.concurrent.FutureTask.report(FutureTask.java:122)
	at java.util.concurrent.FutureTask.get(FutureTask.java:192)
	at org.apache.ratis.server.impl.LeaderElection.waitForResults(LeaderElection.java:262)
	at org.apache.ratis.server.impl.LeaderElection.askForVotes(LeaderElection.java:200)
	at org.apache.ratis.server.impl.LeaderElection.run(LeaderElection.java:130)
	at java.lang.Thread.run(Thread.java:748)
Caused by: org.apache.ratis.thirdparty.io.grpc.StatusRuntimeException: UNAVAILABLE: io exception
	at org.apache.ratis.thirdparty.io.grpc.stub.ClientCalls.toStatusRuntimeException(ClientCalls.java:233)
	at org.apache.ratis.thirdparty.io.grpc.stub.ClientCalls.getUnchecked(ClientCalls.java:214)
	at org.apache.ratis.thirdparty.io.grpc.stub.ClientCalls.blockingUnaryCall(ClientCalls.java:139)
	at org.apache.ratis.proto.grpc.RaftServerProtocolServiceGrpc$RaftServerProtocolServiceBlockingStub.requestVote(RaftServerProtocolServiceGrpc.java:265)
	at org.apache.ratis.grpc.server.GrpcServerProtocolClient.requestVote(GrpcServerProtocolClient.java:83)
	at org.apache.ratis.grpc.server.GrpcService.requestVote(GrpcService.java:195)
	at org.apache.ratis.server.impl.LeaderElection.lambda$submitRequests$1(LeaderElection.java:237)
	at java.util.concurrent.FutureTask.run(FutureTask.java:266)
	at java.util.concurrent.Executors$RunnableAdapter.call(Executors.java:511)
	at java.util.concurrent.FutureTask.run(FutureTask.java:266)
	at java.util.concurrent.ThreadPoolExecutor.runWorker(ThreadPoolExecutor.java:1149)
	at java.util.concurrent.ThreadPoolExecutor$Worker.run(ThreadPoolExecutor.java:624)
	... 1 more
Caused by: org.apache.ratis.thirdparty.io.netty.channel.AbstractChannel$AnnotatedConnectException: Connection refused: /192.168.36.89:42511
	at sun.nio.ch.SocketChannelImpl.checkConnect(Native Method)
	at sun.nio.ch.SocketChannelImpl.finishConnect(SocketChannelImpl.java:717)
	at org.apache.ratis.thirdparty.io.netty.channel.socket.nio.NioSocketChannel.doFinishConnect(NioSocketChannel.java:327)
	at org.apache.ratis.thirdparty.io.netty.channel.nio.AbstractNioChannel$AbstractNioUnsafe.finishConnect(AbstractNioChannel.java:340)
	at org.apache.ratis.thirdparty.io.netty.channel.nio.NioEventLoop.processSelectedKey(NioEventLoop.java:632)
	at org.apache.ratis.thirdparty.io.netty.channel.nio.NioEventLoop.processSelectedKeysOptimized(NioEventLoop.java:579)
	at org.apache.ratis.thirdparty.io.netty.channel.nio.NioEventLoop.processSelectedKeys(NioEventLoop.java:496)
	at org.apache.ratis.thirdparty.io.netty.channel.nio.NioEventLoop.run(NioEventLoop.java:458)
	at org.apache.ratis.thirdparty.io.netty.util.concurrent.SingleThreadEventExecutor$5.run(SingleThreadEventExecutor.java:897)
	at org.apache.ratis.thirdparty.io.netty.util.concurrent.FastThreadLocalRunnable.run(FastThreadLocalRunnable.java:30)
	... 1 more
Caused by: java.net.ConnectException: Connection refused
	... 11 more
2019-08-21 07:14:15,321 INFO  impl.LeaderElection (LogUtils.java:infoOrTrace(149)) - 65370939-d58a-4d15-8f1f-74ec23e08016:group-296B15F66C1F:LeaderElection29 got exception when requesting votes: {}
java.util.concurrent.ExecutionException: org.apache.ratis.thirdparty.io.grpc.StatusRuntimeException: UNAVAILABLE: io exception
	at java.util.concurrent.FutureTask.report(FutureTask.java:122)
	at java.util.concurrent.FutureTask.get(FutureTask.java:192)
	at org.apache.ratis.server.impl.LeaderElection.waitForResults(LeaderElection.java:262)
	at org.apache.ratis.server.impl.LeaderElection.askForVotes(LeaderElection.java:200)
	at org.apache.ratis.server.impl.LeaderElection.run(LeaderElection.java:130)
	at java.lang.Thread.run(Thread.java:748)
Caused by: org.apache.ratis.thirdparty.io.grpc.StatusRuntimeException: UNAVAILABLE: io exception
	at org.apache.ratis.thirdparty.io.grpc.stub.ClientCalls.toStatusRuntimeException(ClientCalls.java:233)
	at org.apache.ratis.thirdparty.io.grpc.stub.ClientCalls.getUnchecked(ClientCalls.java:214)
	at org.apache.ratis.thirdparty.io.grpc.stub.ClientCalls.blockingUnaryCall(ClientCalls.java:139)
	at org.apache.ratis.proto.grpc.RaftServerProtocolServiceGrpc$RaftServerProtocolServiceBlockingStub.requestVote(RaftServerProtocolServiceGrpc.java:265)
	at org.apache.ratis.grpc.server.GrpcServerProtocolClient.requestVote(GrpcServerProtocolClient.java:83)
	at org.apache.ratis.grpc.server.GrpcService.requestVote(GrpcService.java:195)
	at org.apache.ratis.server.impl.LeaderElection.lambda$submitRequests$1(LeaderElection.java:237)
	at java.util.concurrent.FutureTask.run(FutureTask.java:266)
	at java.util.concurrent.Executors$RunnableAdapter.call(Executors.java:511)
	at java.util.concurrent.FutureTask.run(FutureTask.java:266)
	at java.util.concurrent.ThreadPoolExecutor.runWorker(ThreadPoolExecutor.java:1149)
	at java.util.concurrent.ThreadPoolExecutor$Worker.run(ThreadPoolExecutor.java:624)
	... 1 more
Caused by: org.apache.ratis.thirdparty.io.netty.channel.AbstractChannel$AnnotatedConnectException: Connection refused: /192.168.36.89:44091
	at sun.nio.ch.SocketChannelImpl.checkConnect(Native Method)
	at sun.nio.ch.SocketChannelImpl.finishConnect(SocketChannelImpl.java:717)
	at org.apache.ratis.thirdparty.io.netty.channel.socket.nio.NioSocketChannel.doFinishConnect(NioSocketChannel.java:327)
	at org.apache.ratis.thirdparty.io.netty.channel.nio.AbstractNioChannel$AbstractNioUnsafe.finishConnect(AbstractNioChannel.java:340)
	at org.apache.ratis.thirdparty.io.netty.channel.nio.NioEventLoop.processSelectedKey(NioEventLoop.java:632)
	at org.apache.ratis.thirdparty.io.netty.channel.nio.NioEventLoop.processSelectedKeysOptimized(NioEventLoop.java:579)
	at org.apache.ratis.thirdparty.io.netty.channel.nio.NioEventLoop.processSelectedKeys(NioEventLoop.java:496)
	at org.apache.ratis.thirdparty.io.netty.channel.nio.NioEventLoop.run(NioEventLoop.java:458)
	at org.apache.ratis.thirdparty.io.netty.util.concurrent.SingleThreadEventExecutor$5.run(SingleThreadEventExecutor.java:897)
	at org.apache.ratis.thirdparty.io.netty.util.concurrent.FastThreadLocalRunnable.run(FastThreadLocalRunnable.java:30)
	... 1 more
Caused by: java.net.ConnectException: Connection refused
	... 11 more
2019-08-21 07:14:15,322 INFO  impl.LeaderElection (LeaderElection.java:logAndReturn(56)) - 65370939-d58a-4d15-8f1f-74ec23e08016:group-296B15F66C1F:LeaderElection29: Election REJECTED; received 0 response(s) [] and 2 exception(s); 65370939-d58a-4d15-8f1f-74ec23e08016:t2, leader=null, voted=65370939-d58a-4d15-8f1f-74ec23e08016, raftlog=65370939-d58a-4d15-8f1f-74ec23e08016-SegmentedRaftLog:OPENED:c-1,f-1,i0, conf=-1: [21b1adc9-354e-4e99-9e4c-107100af86a3:192.168.36.89:44091, 59272499-6723-441f-bb93-d5b089b2dd3f:192.168.36.89:42511, 65370939-d58a-4d15-8f1f-74ec23e08016:192.168.36.89:34069], old=null
2019-08-21 07:14:15,322 INFO  impl.LeaderElection (LogUtils.java:infoOrTrace(149)) -   Exception 0: {}
java.util.concurrent.ExecutionException: org.apache.ratis.thirdparty.io.grpc.StatusRuntimeException: UNAVAILABLE: io exception
	at java.util.concurrent.FutureTask.report(FutureTask.java:122)
	at java.util.concurrent.FutureTask.get(FutureTask.java:192)
	at org.apache.ratis.server.impl.LeaderElection.waitForResults(LeaderElection.java:262)
	at org.apache.ratis.server.impl.LeaderElection.askForVotes(LeaderElection.java:200)
	at org.apache.ratis.server.impl.LeaderElection.run(LeaderElection.java:130)
	at java.lang.Thread.run(Thread.java:748)
Caused by: org.apache.ratis.thirdparty.io.grpc.StatusRuntimeException: UNAVAILABLE: io exception
	at org.apache.ratis.thirdparty.io.grpc.stub.ClientCalls.toStatusRuntimeException(ClientCalls.java:233)
	at org.apache.ratis.thirdparty.io.grpc.stub.ClientCalls.getUnchecked(ClientCalls.java:214)
	at org.apache.ratis.thirdparty.io.grpc.stub.ClientCalls.blockingUnaryCall(ClientCalls.java:139)
	at org.apache.ratis.proto.grpc.RaftServerProtocolServiceGrpc$RaftServerProtocolServiceBlockingStub.requestVote(RaftServerProtocolServiceGrpc.java:265)
	at org.apache.ratis.grpc.server.GrpcServerProtocolClient.requestVote(GrpcServerProtocolClient.java:83)
	at org.apache.ratis.grpc.server.GrpcService.requestVote(GrpcService.java:195)
	at org.apache.ratis.server.impl.LeaderElection.lambda$submitRequests$1(LeaderElection.java:237)
	at java.util.concurrent.FutureTask.run(FutureTask.java:266)
	at java.util.concurrent.Executors$RunnableAdapter.call(Executors.java:511)
	at java.util.concurrent.FutureTask.run(FutureTask.java:266)
	at java.util.concurrent.ThreadPoolExecutor.runWorker(ThreadPoolExecutor.java:1149)
	at java.util.concurrent.ThreadPoolExecutor$Worker.run(ThreadPoolExecutor.java:624)
	... 1 more
Caused by: org.apache.ratis.thirdparty.io.netty.channel.AbstractChannel$AnnotatedConnectException: Connection refused: /192.168.36.89:42511
	at sun.nio.ch.SocketChannelImpl.checkConnect(Native Method)
	at sun.nio.ch.SocketChannelImpl.finishConnect(SocketChannelImpl.java:717)
	at org.apache.ratis.thirdparty.io.netty.channel.socket.nio.NioSocketChannel.doFinishConnect(NioSocketChannel.java:327)
	at org.apache.ratis.thirdparty.io.netty.channel.nio.AbstractNioChannel$AbstractNioUnsafe.finishConnect(AbstractNioChannel.java:340)
	at org.apache.ratis.thirdparty.io.netty.channel.nio.NioEventLoop.processSelectedKey(NioEventLoop.java:632)
	at org.apache.ratis.thirdparty.io.netty.channel.nio.NioEventLoop.processSelectedKeysOptimized(NioEventLoop.java:579)
	at org.apache.ratis.thirdparty.io.netty.channel.nio.NioEventLoop.processSelectedKeys(NioEventLoop.java:496)
	at org.apache.ratis.thirdparty.io.netty.channel.nio.NioEventLoop.run(NioEventLoop.java:458)
	at org.apache.ratis.thirdparty.io.netty.util.concurrent.SingleThreadEventExecutor$5.run(SingleThreadEventExecutor.java:897)
	at org.apache.ratis.thirdparty.io.netty.util.concurrent.FastThreadLocalRunnable.run(FastThreadLocalRunnable.java:30)
	... 1 more
Caused by: java.net.ConnectException: Connection refused
	... 11 more
2019-08-21 07:14:15,322 INFO  impl.LeaderElection (LogUtils.java:infoOrTrace(149)) -   Exception 1: {}
java.util.concurrent.ExecutionException: org.apache.ratis.thirdparty.io.grpc.StatusRuntimeException: UNAVAILABLE: io exception
	at java.util.concurrent.FutureTask.report(FutureTask.java:122)
	at java.util.concurrent.FutureTask.get(FutureTask.java:192)
	at org.apache.ratis.server.impl.LeaderElection.waitForResults(LeaderElection.java:262)
	at org.apache.ratis.server.impl.LeaderElection.askForVotes(LeaderElection.java:200)
	at org.apache.ratis.server.impl.LeaderElection.run(LeaderElection.java:130)
	at java.lang.Thread.run(Thread.java:748)
Caused by: org.apache.ratis.thirdparty.io.grpc.StatusRuntimeException: UNAVAILABLE: io exception
	at org.apache.ratis.thirdparty.io.grpc.stub.ClientCalls.toStatusRuntimeException(ClientCalls.java:233)
	at org.apache.ratis.thirdparty.io.grpc.stub.ClientCalls.getUnchecked(ClientCalls.java:214)
	at org.apache.ratis.thirdparty.io.grpc.stub.ClientCalls.blockingUnaryCall(ClientCalls.java:139)
	at org.apache.ratis.proto.grpc.RaftServerProtocolServiceGrpc$RaftServerProtocolServiceBlockingStub.requestVote(RaftServerProtocolServiceGrpc.java:265)
	at org.apache.ratis.grpc.server.GrpcServerProtocolClient.requestVote(GrpcServerProtocolClient.java:83)
	at org.apache.ratis.grpc.server.GrpcService.requestVote(GrpcService.java:195)
	at org.apache.ratis.server.impl.LeaderElection.lambda$submitRequests$1(LeaderElection.java:237)
	at java.util.concurrent.FutureTask.run(FutureTask.java:266)
	at java.util.concurrent.Executors$RunnableAdapter.call(Executors.java:511)
	at java.util.concurrent.FutureTask.run(FutureTask.java:266)
	at java.util.concurrent.ThreadPoolExecutor.runWorker(ThreadPoolExecutor.java:1149)
	at java.util.concurrent.ThreadPoolExecutor$Worker.run(ThreadPoolExecutor.java:624)
	... 1 more
Caused by: org.apache.ratis.thirdparty.io.netty.channel.AbstractChannel$AnnotatedConnectException: Connection refused: /192.168.36.89:44091
	at sun.nio.ch.SocketChannelImpl.checkConnect(Native Method)
	at sun.nio.ch.SocketChannelImpl.finishConnect(SocketChannelImpl.java:717)
	at org.apache.ratis.thirdparty.io.netty.channel.socket.nio.NioSocketChannel.doFinishConnect(NioSocketChannel.java:327)
	at org.apache.ratis.thirdparty.io.netty.channel.nio.AbstractNioChannel$AbstractNioUnsafe.finishConnect(AbstractNioChannel.java:340)
	at org.apache.ratis.thirdparty.io.netty.channel.nio.NioEventLoop.processSelectedKey(NioEventLoop.java:632)
	at org.apache.ratis.thirdparty.io.netty.channel.nio.NioEventLoop.processSelectedKeysOptimized(NioEventLoop.java:579)
	at org.apache.ratis.thirdparty.io.netty.channel.nio.NioEventLoop.processSelectedKeys(NioEventLoop.java:496)
	at org.apache.ratis.thirdparty.io.netty.channel.nio.NioEventLoop.run(NioEventLoop.java:458)
	at org.apache.ratis.thirdparty.io.netty.util.concurrent.SingleThreadEventExecutor$5.run(SingleThreadEventExecutor.java:897)
	at org.apache.ratis.thirdparty.io.netty.util.concurrent.FastThreadLocalRunnable.run(FastThreadLocalRunnable.java:30)
	... 1 more
Caused by: java.net.ConnectException: Connection refused
	... 11 more
2019-08-21 07:14:15,323 INFO  impl.RaftServerImpl (RaftServerImpl.java:setRole(171)) - 65370939-d58a-4d15-8f1f-74ec23e08016:group-296B15F66C1F changes role from CANDIDATE to FOLLOWER at term 2 for DISCOVERED_A_NEW_TERM
2019-08-21 07:14:15,323 INFO  impl.RoleInfo (RoleInfo.java:shutdownLeaderElection(134)) - 65370939-d58a-4d15-8f1f-74ec23e08016: shutdown LeaderElection
2019-08-21 07:14:15,323 INFO  impl.RoleInfo (RoleInfo.java:updateAndGet(143)) - 65370939-d58a-4d15-8f1f-74ec23e08016: start FollowerState
2019-08-21 07:14:15,342 INFO  ozoneimpl.OzoneContainer (OzoneContainer.java:stop(199)) - Attempting to stop container services.
2019-08-21 07:14:15,342 INFO  impl.RaftServerProxy (RaftServerProxy.java:lambda$close$4(314)) - 65370939-d58a-4d15-8f1f-74ec23e08016: close
2019-08-21 07:14:15,345 INFO  impl.RaftServerImpl (RaftServerImpl.java:lambda$shutdown$3(245)) - 65370939-d58a-4d15-8f1f-74ec23e08016: shutdown group-3D7466E0AE99
2019-08-21 07:14:15,345 INFO  impl.RaftServerImpl (RaftServerImpl.java:lambda$shutdown$3(245)) - 65370939-d58a-4d15-8f1f-74ec23e08016: shutdown group-EEF2CFEED711
2019-08-21 07:14:15,346 INFO  util.JmxRegister (JmxRegister.java:unregister(73)) - Successfully un-registered JMX Bean with object name Ratis:service=RaftServer,group=group-3D7466E0AE99,id=65370939-d58a-4d15-8f1f-74ec23e08016
2019-08-21 07:14:15,346 INFO  util.JmxRegister (JmxRegister.java:unregister(73)) - Successfully un-registered JMX Bean with object name Ratis:service=RaftServer,group=group-EEF2CFEED711,id=65370939-d58a-4d15-8f1f-74ec23e08016
2019-08-21 07:14:15,346 INFO  impl.RoleInfo (RoleInfo.java:shutdownLeaderState(104)) - 65370939-d58a-4d15-8f1f-74ec23e08016: shutdown LeaderState
2019-08-21 07:14:15,346 INFO  impl.RoleInfo (RoleInfo.java:shutdownLeaderState(104)) - 65370939-d58a-4d15-8f1f-74ec23e08016: shutdown LeaderState
2019-08-21 07:14:15,347 INFO  impl.PendingRequests (PendingRequests.java:sendNotLeaderResponses(202)) - 65370939-d58a-4d15-8f1f-74ec23e08016-PendingRequests: sendNotLeaderResponses
2019-08-21 07:14:15,347 INFO  impl.PendingRequests (PendingRequests.java:sendNotLeaderResponses(202)) - 65370939-d58a-4d15-8f1f-74ec23e08016-PendingRequests: sendNotLeaderResponses
2019-08-21 07:14:15,347 INFO  impl.StateMachineUpdater (StateMachineUpdater.java:stopAndJoin(115)) - StateMachineUpdater:65370939-d58a-4d15-8f1f-74ec23e08016:group-EEF2CFEED711: set stopIndex = 0
2019-08-21 07:14:15,350 INFO  impl.StateMachineUpdater (StateMachineUpdater.java:stopAndJoin(115)) - StateMachineUpdater:65370939-d58a-4d15-8f1f-74ec23e08016:group-3D7466E0AE99: set stopIndex = 2
2019-08-21 07:14:15,350 INFO  impl.RaftServerImpl (ServerState.java:close(394)) - 65370939-d58a-4d15-8f1f-74ec23e08016:group-EEF2CFEED711 closes. The last applied log index is 0
2019-08-21 07:14:15,350 INFO  impl.RaftServerImpl (ServerState.java:close(394)) - 65370939-d58a-4d15-8f1f-74ec23e08016:group-3D7466E0AE99 closes. The last applied log index is 2
2019-08-21 07:14:15,351 INFO  segmented.SegmentedRaftLogWorker (SegmentedRaftLogWorker.java:run(313)) - 65370939-d58a-4d15-8f1f-74ec23e08016-SegmentedRaftLogWorker:Storage Directory /workdir/hadoop-ozone/integration-test/target/test-dir/MiniOzoneClusterImpl-94ff2e65-e9dc-40d8-b5a4-a4b55580a6d4/datanode-2/data/ratis/4e169da3-b28b-4e24-9ffc-eef2cfeed711 was interrupted, exiting. There are 0 tasks remaining in the queue.
2019-08-21 07:14:15,351 INFO  segmented.SegmentedRaftLogWorker (SegmentedRaftLogWorker.java:run(313)) - 65370939-d58a-4d15-8f1f-74ec23e08016-SegmentedRaftLogWorker:Storage Directory /workdir/hadoop-ozone/integration-test/target/test-dir/MiniOzoneClusterImpl-94ff2e65-e9dc-40d8-b5a4-a4b55580a6d4/datanode-2/data/ratis/8f60c17b-6936-4315-81c6-3d7466e0ae99 was interrupted, exiting. There are 0 tasks remaining in the queue.
2019-08-21 07:14:15,352 INFO  segmented.SegmentedRaftLogWorker (SegmentedRaftLogWorker.java:close(228)) - 65370939-d58a-4d15-8f1f-74ec23e08016-SegmentedRaftLogWorker:Storage Directory /workdir/hadoop-ozone/integration-test/target/test-dir/MiniOzoneClusterImpl-94ff2e65-e9dc-40d8-b5a4-a4b55580a6d4/datanode-2/data/ratis/4e169da3-b28b-4e24-9ffc-eef2cfeed711 close()
2019-08-21 07:14:15,353 INFO  segmented.SegmentedRaftLogWorker (SegmentedRaftLogWorker.java:close(228)) - 65370939-d58a-4d15-8f1f-74ec23e08016-SegmentedRaftLogWorker:Storage Directory /workdir/hadoop-ozone/integration-test/target/test-dir/MiniOzoneClusterImpl-94ff2e65-e9dc-40d8-b5a4-a4b55580a6d4/datanode-2/data/ratis/8f60c17b-6936-4315-81c6-3d7466e0ae99 close()
2019-08-21 07:14:15,354 INFO  impl.RaftServerImpl (RaftServerImpl.java:lambda$shutdown$3(245)) - 65370939-d58a-4d15-8f1f-74ec23e08016: shutdown group-296B15F66C1F
2019-08-21 07:14:15,356 INFO  util.JmxRegister (JmxRegister.java:unregister(73)) - Successfully un-registered JMX Bean with object name Ratis:service=RaftServer,group=group-296B15F66C1F,id=65370939-d58a-4d15-8f1f-74ec23e08016
2019-08-21 07:14:15,356 INFO  impl.RoleInfo (RoleInfo.java:shutdownFollowerState(121)) - 65370939-d58a-4d15-8f1f-74ec23e08016: shutdown FollowerState
2019-08-21 07:14:15,357 INFO  impl.StateMachineUpdater (StateMachineUpdater.java:stopAndJoin(115)) - StateMachineUpdater:65370939-d58a-4d15-8f1f-74ec23e08016:group-296B15F66C1F: set stopIndex = -1
2019-08-21 07:14:15,357 INFO  impl.FollowerState (FollowerState.java:run(114)) - 65370939-d58a-4d15-8f1f-74ec23e08016: FollowerState was interrupted: java.lang.InterruptedException: sleep interrupted
2019-08-21 07:14:15,357 INFO  impl.RaftServerImpl (ServerState.java:close(394)) - 65370939-d58a-4d15-8f1f-74ec23e08016:group-296B15F66C1F closes. The last applied log index is -1
2019-08-21 07:14:15,357 INFO  segmented.SegmentedRaftLogWorker (SegmentedRaftLogWorker.java:run(313)) - 65370939-d58a-4d15-8f1f-74ec23e08016-SegmentedRaftLogWorker:Storage Directory /workdir/hadoop-ozone/integration-test/target/test-dir/MiniOzoneClusterImpl-94ff2e65-e9dc-40d8-b5a4-a4b55580a6d4/datanode-2/data/ratis/5ae21241-bfb4-43d2-b818-296b15f66c1f was interrupted, exiting. There are 0 tasks remaining in the queue.
2019-08-21 07:14:15,358 INFO  segmented.SegmentedRaftLogWorker (SegmentedRaftLogWorker.java:close(228)) - 65370939-d58a-4d15-8f1f-74ec23e08016-SegmentedRaftLogWorker:Storage Directory /workdir/hadoop-ozone/integration-test/target/test-dir/MiniOzoneClusterImpl-94ff2e65-e9dc-40d8-b5a4-a4b55580a6d4/datanode-2/data/ratis/5ae21241-bfb4-43d2-b818-296b15f66c1f close()
2019-08-21 07:14:15,358 INFO  server.GrpcService (GrpcService.java:closeImpl(155)) - 65370939-d58a-4d15-8f1f-74ec23e08016: shutdown server with port 34069 now
2019-08-21 07:14:15,360 INFO  server.GrpcService (GrpcService.java:closeImpl(163)) - 65370939-d58a-4d15-8f1f-74ec23e08016: shutdown server with port 34069 successfully
2019-08-21 07:14:15,362 INFO  utils.BackgroundService (BackgroundService.java:shutdown(148)) - Shutting down service BlockDeletingService
2019-08-21 07:14:15,363 WARN  fs.CachingGetSpaceUsed (CachingGetSpaceUsed.java:run(183)) - Thread Interrupted waiting to refresh disk information: sleep interrupted
2019-08-21 07:14:15,379 INFO  statemachine.DatanodeStateMachine (DatanodeStateMachine.java:stopDaemon(395)) - Ozone container server stopped.
2019-08-21 07:14:15,385 INFO  handler.ContextHandler (ContextHandler.java:doStop(910)) - Stopped o.e.j.w.WebAppContext@50bfaa8a{/,null,UNAVAILABLE}{/hddsDatanode}
2019-08-21 07:14:15,386 INFO  server.AbstractConnector (AbstractConnector.java:doStop(318)) - Stopped ServerConnector@7169e2fc{HTTP/1.1,[http/1.1]}{0.0.0.0:46832}
2019-08-21 07:14:15,386 INFO  handler.ContextHandler (ContextHandler.java:doStop(910)) - Stopped o.e.j.s.ServletContextHandler@7f93d87d{/static,jar:file:/home/user/.m2/repository/org/apache/hadoop/hadoop-hdds-container-service/0.5.0-SNAPSHOT/hadoop-hdds-container-service-0.5.0-SNAPSHOT.jar!/webapps/static,UNAVAILABLE}
2019-08-21 07:14:15,387 INFO  handler.ContextHandler (ContextHandler.java:doStop(910)) - Stopped o.e.j.s.ServletContextHandler@16e34a77{/logs,file:///workdir/hadoop-ozone/integration-test/target/log,UNAVAILABLE}
2019-08-21 07:14:15,388 INFO  ozone.MiniOzoneClusterImpl (MiniOzoneClusterImpl.java:stop(353)) - Stopping the StorageContainerManager
2019-08-21 07:14:15,388 INFO  server.StorageContainerManager (StorageContainerManager.java:stop(796)) - Stopping Replication Manager Service.
2019-08-21 07:14:15,388 INFO  container.ReplicationManager (ReplicationManager.java:stop(196)) - Stopping Replication Monitor Thread.
2019-08-21 07:14:15,389 INFO  server.StorageContainerManager (StorageContainerManager.java:stop(803)) - Stopping Lease Manager of the command watchers
2019-08-21 07:14:15,389 INFO  server.StorageContainerManager (StorageContainerManager.java:stop(810)) - Stopping datanode service RPC server
2019-08-21 07:14:15,389 INFO  server.SCMDatanodeProtocolServer (SCMDatanodeProtocolServer.java:stop(367)) - Stopping the RPC server for DataNodes
2019-08-21 07:14:15,390 INFO  ipc.Server (Server.java:stop(3082)) - Stopping server on 45031
2019-08-21 07:14:15,391 INFO  ipc.Server (Server.java:run(1185)) - Stopping IPC Server listener on 45031
2019-08-21 07:14:15,392 INFO  ipc.Server (Server.java:run(1319)) - Stopping IPC Server Responder
2019-08-21 07:14:15,412 WARN  node.NodeStateManager (NodeStateManager.java:scheduleNextHealthCheck(631)) - Current Thread is interrupted, shutting down HB processing thread for Node Manager.
2019-08-21 07:14:15,412 INFO  node.StaleNodeHandler (StaleNodeHandler.java:onMessage(58)) - Datanode 65370939-d58a-4d15-8f1f-74ec23e08016{ip: 192.168.36.89, host: pr-hdds-1935-8bnx7-2419419324, networkLocation: /default-rack, certSerialId: null} moved to stale state. Finalizing its pipelines [PipelineID=8f60c17b-6936-4315-81c6-3d7466e0ae99, PipelineID=4e169da3-b28b-4e24-9ffc-eef2cfeed711, PipelineID=5ae21241-bfb4-43d2-b818-296b15f66c1f]
2019-08-21 07:14:15,412 INFO  server.StorageContainerManager (StorageContainerManager.java:stop(818)) - Stopping block service RPC server
2019-08-21 07:14:15,413 INFO  pipeline.SCMPipelineManager (SCMPipelineManager.java:finalizeAndDestroyPipeline(309)) - destroying pipeline:Pipeline[ Id: 8f60c17b-6936-4315-81c6-3d7466e0ae99, Nodes: 65370939-d58a-4d15-8f1f-74ec23e08016{ip: 192.168.36.89, host: pr-hdds-1935-8bnx7-2419419324, networkLocation: /default-rack, certSerialId: null}, Type:RATIS, Factor:ONE, State:CLOSED]
2019-08-21 07:14:15,414 INFO  server.SCMBlockProtocolServer (SCMBlockProtocolServer.java:stop(155)) - Stopping the RPC server for Block Protocol
2019-08-21 07:14:15,414 INFO  pipeline.SCMPipelineManager (SCMPipelineManager.java:finalizeAndDestroyPipeline(309)) - destroying pipeline:Pipeline[ Id: 4e169da3-b28b-4e24-9ffc-eef2cfeed711, Nodes: 65370939-d58a-4d15-8f1f-74ec23e08016{ip: 192.168.36.89, host: pr-hdds-1935-8bnx7-2419419324, networkLocation: /default-rack, certSerialId: null}, Type:RATIS, Factor:ONE, State:OPEN]
2019-08-21 07:14:15,415 INFO  ipc.Server (Server.java:stop(3082)) - Stopping server on 35869
2019-08-21 07:14:15,415 INFO  pipeline.PipelineStateManager (PipelineStateManager.java:finalizePipeline(123)) - Pipeline Pipeline[ Id: 4e169da3-b28b-4e24-9ffc-eef2cfeed711, Nodes: 65370939-d58a-4d15-8f1f-74ec23e08016{ip: 192.168.36.89, host: pr-hdds-1935-8bnx7-2419419324, networkLocation: /default-rack, certSerialId: null}, Type:RATIS, Factor:ONE, State:CLOSED] moved to CLOSED state
2019-08-21 07:14:15,416 INFO  pipeline.SCMPipelineManager (SCMPipelineManager.java:finalizeAndDestroyPipeline(309)) - destroying pipeline:Pipeline[ Id: 5ae21241-bfb4-43d2-b818-296b15f66c1f, Nodes: 65370939-d58a-4d15-8f1f-74ec23e08016{ip: 192.168.36.89, host: pr-hdds-1935-8bnx7-2419419324, networkLocation: /default-rack, certSerialId: null}59272499-6723-441f-bb93-d5b089b2dd3f{ip: 192.168.36.89, host: pr-hdds-1935-8bnx7-2419419324, networkLocation: /default-rack, certSerialId: null}21b1adc9-354e-4e99-9e4c-107100af86a3{ip: 192.168.36.89, host: pr-hdds-1935-8bnx7-2419419324, networkLocation: /default-rack, certSerialId: null}, Type:RATIS, Factor:THREE, State:CLOSED]
2019-08-21 07:14:15,417 INFO  ipc.Server (Server.java:run(1185)) - Stopping IPC Server listener on 35869
2019-08-21 07:14:15,417 INFO  server.StorageContainerManager (StorageContainerManager.java:stop(825)) - Stopping the StorageContainerLocationProtocol RPC server
2019-08-21 07:14:15,417 INFO  ipc.Server (Server.java:run(1319)) - Stopping IPC Server Responder
2019-08-21 07:14:15,417 INFO  server.SCMClientProtocolServer (SCMClientProtocolServer.java:stop(159)) - Stopping the RPC server for Client Protocol
2019-08-21 07:14:15,418 INFO  ipc.Server (Server.java:stop(3082)) - Stopping server on 37445
2019-08-21 07:14:15,419 INFO  ipc.Server (Server.java:run(1185)) - Stopping IPC Server listener on 37445
2019-08-21 07:14:15,419 INFO  server.StorageContainerManager (StorageContainerManager.java:stop(832)) - Stopping Storage Container Manager HTTP server.
2019-08-21 07:14:15,420 INFO  ipc.Server (Server.java:run(1319)) - Stopping IPC Server Responder
2019-08-21 07:14:15,421 INFO  handler.ContextHandler (ContextHandler.java:doStop(910)) - Stopped o.e.j.w.WebAppContext@28dcf14a{/,null,UNAVAILABLE}{/scm}
2019-08-21 07:14:15,422 INFO  server.AbstractConnector (AbstractConnector.java:doStop(318)) - Stopped ServerConnector@3248f9a7{HTTP/1.1,[http/1.1]}{0.0.0.0:0}
2019-08-21 07:14:15,422 INFO  handler.ContextHandler (ContextHandler.java:doStop(910)) - Stopped o.e.j.s.ServletContextHandler@2fc3bf83{/static,file:///workdir/hadoop-ozone/integration-test/target/test-classes/webapps/static,UNAVAILABLE}
2019-08-21 07:14:15,423 INFO  handler.ContextHandler (ContextHandler.java:doStop(910)) - Stopped o.e.j.s.ServletContextHandler@525ee09b{/logs,file:///workdir/hadoop-ozone/integration-test/target/log,UNAVAILABLE}
2019-08-21 07:14:15,424 INFO  server.StorageContainerManager (StorageContainerManager.java:stop(843)) - Stopping Block Manager Service.
2019-08-21 07:14:15,424 INFO  utils.BackgroundService (BackgroundService.java:shutdown(148)) - Shutting down service SCMBlockDeletingService
2019-08-21 07:14:15,424 INFO  utils.BackgroundService (BackgroundService.java:shutdown(148)) - Shutting down service SCMBlockDeletingService
2019-08-21 07:14:15,425 INFO  server.StorageContainerManager (StorageContainerManager.java:stop(865)) - Stopping SCM Event Queue.
2019-08-21 07:14:15,429 INFO  impl.MetricsSystemImpl (MetricsSystemImpl.java:stop(210)) - Stopping HddsDatanode metrics system...
2019-08-21 07:14:15,435 INFO  impl.MetricsSystemImpl (MetricsSystemImpl.java:stop(216)) - HddsDatanode metrics system stopped.
]]></system-out>
    <system-err><![CDATA[Aug 21, 2019 7:13:36 AM com.sun.jersey.server.impl.application.WebApplicationImpl _initiate
INFO: Initiating Jersey application, version 'Jersey: 1.19 02/11/2015 03:25 AM'
Aug 21, 2019 7:13:36 AM com.sun.jersey.server.impl.application.WebApplicationImpl _initiate
INFO: Initiating Jersey application, version 'Jersey: 1.19 02/11/2015 03:25 AM'
Aug 21, 2019 7:13:36 AM com.sun.jersey.server.impl.application.WebApplicationImpl _initiate
INFO: Initiating Jersey application, version 'Jersey: 1.19 02/11/2015 03:25 AM'
Aug 21, 2019 7:13:57 AM com.sun.jersey.server.impl.application.WebApplicationImpl _initiate
INFO: Initiating Jersey application, version 'Jersey: 1.19 02/11/2015 03:25 AM'
Aug 21, 2019 7:13:57 AM com.sun.jersey.server.impl.application.WebApplicationImpl _initiate
INFO: Initiating Jersey application, version 'Jersey: 1.19 02/11/2015 03:25 AM'
Aug 21, 2019 7:13:57 AM com.sun.jersey.server.impl.application.WebApplicationImpl _initiate
INFO: Initiating Jersey application, version 'Jersey: 1.19 02/11/2015 03:25 AM'
Exception in thread "21b1adc9-354e-4e99-9e4c-107100af86a3:group-296B15F66C1F:LeaderElection28" java.lang.IllegalStateException: ILLEGAL TRANSITION: In 21b1adc9-354e-4e99-9e4c-107100af86a3:group-296B15F66C1F:LeaderElection28, RUNNING -> CLOSED
	at org.apache.ratis.util.Preconditions.assertTrue(Preconditions.java:63)
	at org.apache.ratis.util.LifeCycle$State.validate(LifeCycle.java:123)
	at org.apache.ratis.util.LifeCycle.transition(LifeCycle.java:143)
	at org.apache.ratis.server.impl.LeaderElection.run(LeaderElection.java:154)
	at java.lang.Thread.run(Thread.java:748)
]]></system-err>
  </testcase>
</testsuite>