<?xml version="1.0" encoding="UTF-8"?>
<testsuite xmlns:xsi="http://www.w3.org/2001/XMLSchema-instance" xsi:noNamespaceSchemaLocation="https://maven.apache.org/surefire/maven-surefire-plugin/xsd/surefire-test-report.xsd" name="org.apache.hadoop.hdds.scm.pipeline.TestPipelineClose" time="86.996" tests="4" errors="0" skipped="0" failures="1">
  <properties>
    <property name="awt.toolkit" value="sun.awt.X11.XToolkit"/>
    <property name="file.encoding.pkg" value="sun.io"/>
    <property name="java.specification.version" value="1.8"/>
    <property name="sun.cpu.isalist" value=""/>
    <property name="sun.jnu.encoding" value="UTF-8"/>
    <property name="java.class.path" value="/workdir/hadoop-ozone/integration-test/target/test-classes:/workdir/hadoop-ozone/integration-test/target/classes:/home/user/.m2/repository/org/apache/hadoop/hadoop-ozone-common/0.5.0-SNAPSHOT/hadoop-ozone-common-0.5.0-SNAPSHOT.jar:/home/user/.m2/repository/org/apache/commons/commons-compress/1.4.1/commons-compress-1.4.1.jar:/home/user/.m2/repository/org/tukaani/xz/1.0/xz-1.0.jar:/home/user/.m2/repository/org/apache/hadoop/hadoop-common/3.2.0/hadoop-common-3.2.0.jar:/home/user/.m2/repository/org/apache/hadoop/hadoop-hdfs/3.2.0/hadoop-hdfs-3.2.0.jar:/home/user/.m2/repository/org/apache/hadoop/hadoop-hdfs-client/3.2.0/hadoop-hdfs-client-3.2.0.jar:/home/user/.m2/repository/com/fasterxml/jackson/core/jackson-annotations/2.9.5/jackson-annotations-2.9.5.jar:/home/user/.m2/repository/org/apache/hadoop/hadoop-hdds-common/0.5.0-SNAPSHOT/hadoop-hdds-common-0.5.0-SNAPSHOT.jar:/home/user/.m2/repository/javax/annotation/javax.annotation-api/1.2/javax.annotation-api-1.2.jar:/home/user/.m2/repository/org/apache/ratis/ratis-server/0.4.0-2337318-SNAPSHOT/ratis-server-0.4.0-2337318-SNAPSHOT.jar:/home/user/.m2/repository/org/apache/ratis/ratis-thirdparty-misc/0.2.0/ratis-thirdparty-misc-0.2.0.jar:/home/user/.m2/repository/org/apache/ratis/ratis-proto/0.4.0-2337318-SNAPSHOT/ratis-proto-0.4.0-2337318-SNAPSHOT.jar:/home/user/.m2/repository/org/apache/ratis/ratis-common/0.4.0-2337318-SNAPSHOT/ratis-common-0.4.0-2337318-SNAPSHOT.jar:/home/user/.m2/repository/org/apache/ratis/ratis-client/0.4.0-2337318-SNAPSHOT/ratis-client-0.4.0-2337318-SNAPSHOT.jar:/home/user/.m2/repository/org/apache/ratis/ratis-metrics/0.4.0-2337318-SNAPSHOT/ratis-metrics-0.4.0-2337318-SNAPSHOT.jar:/home/user/.m2/repository/org/apache/ratis/ratis-netty/0.4.0-2337318-SNAPSHOT/ratis-netty-0.4.0-2337318-SNAPSHOT.jar:/home/user/.m2/repository/org/apache/ratis/ratis-grpc/0.4.0-2337318-SNAPSHOT/ratis-grpc-0.4.0-2337318-SNAPSHOT.jar:/home/user/.m2/repository/org/rocksdb/rocksdbjni/6.0.1/rocksdbjni-6.0.1.jar:/home/user/.m2/repository/org/apache/logging/log4j/log4j-api/2.11.0/log4j-api-2.11.0.jar:/home/user/.m2/repository/org/apache/logging/log4j/log4j-core/2.11.0/log4j-core-2.11.0.jar:/home/user/.m2/repository/com/lmax/disruptor/3.4.2/disruptor-3.4.2.jar:/home/user/.m2/repository/org/apache/commons/commons-pool2/2.6.0/commons-pool2-2.6.0.jar:/home/user/.m2/repository/org/bouncycastle/bcpkix-jdk15on/1.60/bcpkix-jdk15on-1.60.jar:/home/user/.m2/repository/commons-validator/commons-validator/1.6/commons-validator-1.6.jar:/home/user/.m2/repository/commons-digester/commons-digester/1.8.1/commons-digester-1.8.1.jar:/home/user/.m2/repository/io/jaegertracing/jaeger-client/0.33.1/jaeger-client-0.33.1.jar:/home/user/.m2/repository/io/jaegertracing/jaeger-thrift/0.33.1/jaeger-thrift-0.33.1.jar:/home/user/.m2/repository/org/apache/thrift/libthrift/0.11.0/libthrift-0.11.0.jar:/home/user/.m2/repository/com/squareup/okhttp3/okhttp/3.9.0/okhttp-3.9.0.jar:/home/user/.m2/repository/com/squareup/okio/okio/1.13.0/okio-1.13.0.jar:/home/user/.m2/repository/io/jaegertracing/jaeger-core/0.33.1/jaeger-core-0.33.1.jar:/home/user/.m2/repository/io/jaegertracing/jaeger-tracerresolver/0.33.1/jaeger-tracerresolver-0.33.1.jar:/home/user/.m2/repository/io/opentracing/contrib/opentracing-tracerresolver/0.1.5/opentracing-tracerresolver-0.1.5.jar:/home/user/.m2/repository/io/opentracing/opentracing-util/0.31.0/opentracing-util-0.31.0.jar:/home/user/.m2/repository/io/opentracing/opentracing-api/0.31.0/opentracing-api-0.31.0.jar:/home/user/.m2/repository/io/opentracing/opentracing-noop/0.31.0/opentracing-noop-0.31.0.jar:/home/user/.m2/repository/org/apache/hadoop/hadoop-hdds-server-framework/0.5.0-SNAPSHOT/hadoop-hdds-server-framework-0.5.0-SNAPSHOT.jar:/home/user/.m2/repository/org/apache/hadoop/hadoop-hdds-container-service/0.5.0-SNAPSHOT/hadoop-hdds-container-service-0.5.0-SNAPSHOT.jar:/home/user/.m2/repository/org/apache/hadoop/hadoop-hdds-client/0.5.0-SNAPSHOT/hadoop-hdds-client-0.5.0-SNAPSHOT.jar:/home/user/.m2/repository/org/apache/hadoop/hadoop-hdds-tools/0.5.0-SNAPSHOT/hadoop-hdds-tools-0.5.0-SNAPSHOT.jar:/home/user/.m2/repository/org/apache/hadoop/hadoop-hdds-server-scm/0.5.0-SNAPSHOT/hadoop-hdds-server-scm-0.5.0-SNAPSHOT.jar:/home/user/.m2/repository/org/apache/hadoop/hadoop-hdds-docs/0.5.0-SNAPSHOT/hadoop-hdds-docs-0.5.0-SNAPSHOT.jar:/home/user/.m2/repository/io/dropwizard/metrics/metrics-core/3.2.4/metrics-core-3.2.4.jar:/home/user/.m2/repository/org/hamcrest/hamcrest-all/1.3/hamcrest-all-1.3.jar:/home/user/.m2/repository/org/bouncycastle/bcprov-jdk15on/1.60/bcprov-jdk15on-1.60.jar:/home/user/.m2/repository/info/picocli/picocli/3.9.6/picocli-3.9.6.jar:/home/user/.m2/repository/com/google/protobuf/protobuf-java/2.5.0/protobuf-java-2.5.0.jar:/home/user/.m2/repository/com/google/guava/guava/11.0.2/guava-11.0.2.jar:/home/user/.m2/repository/org/apache/hadoop/hadoop-ozone-ozone-manager/0.5.0-SNAPSHOT/hadoop-ozone-ozone-manager-0.5.0-SNAPSHOT.jar:/home/user/.m2/repository/org/apache/hadoop/hadoop-minikdc/3.2.0/hadoop-minikdc-3.2.0.jar:/home/user/.m2/repository/commons-io/commons-io/2.5/commons-io-2.5.jar:/home/user/.m2/repository/org/apache/kerby/kerb-simplekdc/1.0.1/kerb-simplekdc-1.0.1.jar:/home/user/.m2/repository/org/apache/kerby/kerb-client/1.0.1/kerb-client-1.0.1.jar:/home/user/.m2/repository/org/apache/kerby/kerby-config/1.0.1/kerby-config-1.0.1.jar:/home/user/.m2/repository/org/apache/kerby/kerb-core/1.0.1/kerb-core-1.0.1.jar:/home/user/.m2/repository/org/apache/kerby/kerby-pkix/1.0.1/kerby-pkix-1.0.1.jar:/home/user/.m2/repository/org/apache/kerby/kerby-asn1/1.0.1/kerby-asn1-1.0.1.jar:/home/user/.m2/repository/org/apache/kerby/kerby-util/1.0.1/kerby-util-1.0.1.jar:/home/user/.m2/repository/org/apache/kerby/kerb-common/1.0.1/kerb-common-1.0.1.jar:/home/user/.m2/repository/org/apache/kerby/kerb-crypto/1.0.1/kerb-crypto-1.0.1.jar:/home/user/.m2/repository/org/apache/kerby/kerb-util/1.0.1/kerb-util-1.0.1.jar:/home/user/.m2/repository/org/apache/kerby/token-provider/1.0.1/token-provider-1.0.1.jar:/home/user/.m2/repository/org/apache/kerby/kerb-admin/1.0.1/kerb-admin-1.0.1.jar:/home/user/.m2/repository/org/apache/kerby/kerb-server/1.0.1/kerb-server-1.0.1.jar:/home/user/.m2/repository/org/apache/kerby/kerb-identity/1.0.1/kerb-identity-1.0.1.jar:/home/user/.m2/repository/org/apache/kerby/kerby-xdr/1.0.1/kerby-xdr-1.0.1.jar:/home/user/.m2/repository/org/slf4j/slf4j-log4j12/1.7.25/slf4j-log4j12-1.7.25.jar:/home/user/.m2/repository/org/apache/hadoop/hadoop-ozone-objectstore-service/0.5.0-SNAPSHOT/hadoop-ozone-objectstore-service-0.5.0-SNAPSHOT.jar:/home/user/.m2/repository/org/apache/hadoop/hadoop-ozone-s3gateway/0.5.0-SNAPSHOT/hadoop-ozone-s3gateway-0.5.0-SNAPSHOT.jar:/home/user/.m2/repository/org/jboss/weld/servlet/weld-servlet/2.4.7.Final/weld-servlet-2.4.7.Final.jar:/home/user/.m2/repository/org/glassfish/jersey/containers/jersey-container-servlet-core/2.27/jersey-container-servlet-core-2.27.jar:/home/user/.m2/repository/org/glassfish/hk2/external/javax.inject/2.5.0-b42/javax.inject-2.5.0-b42.jar:/home/user/.m2/repository/org/glassfish/jersey/core/jersey-common/2.27/jersey-common-2.27.jar:/home/user/.m2/repository/org/glassfish/hk2/osgi-resource-locator/1.0.1/osgi-resource-locator-1.0.1.jar:/home/user/.m2/repository/javax/ws/rs/javax.ws.rs-api/2.1/javax.ws.rs-api-2.1.jar:/home/user/.m2/repository/org/glassfish/jersey/ext/cdi/jersey-cdi1x/2.27/jersey-cdi1x-2.27.jar:/home/user/.m2/repository/org/glassfish/jersey/inject/jersey-hk2/2.27/jersey-hk2-2.27.jar:/home/user/.m2/repository/org/glassfish/hk2/hk2-locator/2.5.0-b42/hk2-locator-2.5.0-b42.jar:/home/user/.m2/repository/org/javassist/javassist/3.22.0-CR2/javassist-3.22.0-CR2.jar:/home/user/.m2/repository/org/glassfish/hk2/hk2-api/2.5.0/hk2-api-2.5.0.jar:/home/user/.m2/repository/org/glassfish/hk2/external/jakarta.inject/2.5.0/jakarta.inject-2.5.0.jar:/home/user/.m2/repository/org/glassfish/hk2/hk2-utils/2.5.0/hk2-utils-2.5.0.jar:/home/user/.m2/repository/jakarta/annotation/jakarta.annotation-api/1.3.4/jakarta.annotation-api-1.3.4.jar:/home/user/.m2/repository/org/glassfish/hk2/external/aopalliance-repackaged/2.5.0/aopalliance-repackaged-2.5.0.jar:/home/user/.m2/repository/com/fasterxml/jackson/dataformat/jackson-dataformat-xml/2.9.0/jackson-dataformat-xml-2.9.0.jar:/home/user/.m2/repository/com/fasterxml/jackson/core/jackson-core/2.9.5/jackson-core-2.9.5.jar:/home/user/.m2/repository/com/fasterxml/jackson/module/jackson-module-jaxb-annotations/2.9.5/jackson-module-jaxb-annotations-2.9.5.jar:/home/user/.m2/repository/javax/enterprise/cdi-api/1.2/cdi-api-1.2.jar:/home/user/.m2/repository/javax/el/javax.el-api/3.0.0/javax.el-api-3.0.0.jar:/home/user/.m2/repository/javax/interceptor/javax.interceptor-api/1.2/javax.interceptor-api-1.2.jar:/home/user/.m2/repository/javax/inject/javax.inject/1/javax.inject-1.jar:/home/user/.m2/repository/com/sun/xml/bind/jaxb-impl/2.3.0.1/jaxb-impl-2.3.0.1.jar:/home/user/.m2/repository/com/sun/xml/bind/jaxb-core/2.3.0.1/jaxb-core-2.3.0.1.jar:/home/user/.m2/repository/javax/xml/bind/jaxb-api/2.3.0/jaxb-api-2.3.0.jar:/home/user/.m2/repository/javax/activation/activation/1.1.1/activation-1.1.1.jar:/home/user/.m2/repository/org/apache/hadoop/hadoop-ozone-csi/0.5.0-SNAPSHOT/hadoop-ozone-csi-0.5.0-SNAPSHOT.jar:/home/user/.m2/repository/com/google/protobuf/protobuf-java-util/3.5.1/protobuf-java-util-3.5.1.jar:/home/user/.m2/repository/org/apache/hadoop/hadoop-hdds-config/0.5.0-SNAPSHOT/hadoop-hdds-config-0.5.0-SNAPSHOT.jar:/home/user/.m2/repository/io/grpc/grpc-netty/1.17.1/grpc-netty-1.17.1.jar:/home/user/.m2/repository/io/grpc/grpc-core/1.17.1/grpc-core-1.17.1.jar:/home/user/.m2/repository/io/grpc/grpc-context/1.17.1/grpc-context-1.17.1.jar:/home/user/.m2/repository/com/google/errorprone/error_prone_annotations/2.2.0/error_prone_annotations-2.2.0.jar:/home/user/.m2/repository/org/codehaus/mojo/animal-sniffer-annotations/1.17/animal-sniffer-annotations-1.17.jar:/home/user/.m2/repository/io/opencensus/opencensus-api/0.17.0/opencensus-api-0.17.0.jar:/home/user/.m2/repository/io/opencensus/opencensus-contrib-grpc-metrics/0.17.0/opencensus-contrib-grpc-metrics-0.17.0.jar:/home/user/.m2/repository/io/netty/netty-codec-http2/4.1.30.Final/netty-codec-http2-4.1.30.Final.jar:/home/user/.m2/repository/io/netty/netty-codec-http/4.1.30.Final/netty-codec-http-4.1.30.Final.jar:/home/user/.m2/repository/io/netty/netty-codec/4.1.30.Final/netty-codec-4.1.30.Final.jar:/home/user/.m2/repository/io/netty/netty-handler/4.1.30.Final/netty-handler-4.1.30.Final.jar:/home/user/.m2/repository/io/netty/netty-handler-proxy/4.1.30.Final/netty-handler-proxy-4.1.30.Final.jar:/home/user/.m2/repository/io/netty/netty-codec-socks/4.1.30.Final/netty-codec-socks-4.1.30.Final.jar:/home/user/.m2/repository/io/netty/netty-transport-native-epoll/4.1.30.Final/netty-transport-native-epoll-4.1.30.Final.jar:/home/user/.m2/repository/io/netty/netty-common/4.1.30.Final/netty-common-4.1.30.Final.jar:/home/user/.m2/repository/io/netty/netty-buffer/4.1.30.Final/netty-buffer-4.1.30.Final.jar:/home/user/.m2/repository/io/netty/netty-transport/4.1.30.Final/netty-transport-4.1.30.Final.jar:/home/user/.m2/repository/io/netty/netty-resolver/4.1.30.Final/netty-resolver-4.1.30.Final.jar:/home/user/.m2/repository/io/netty/netty-transport-native-unix-common/4.1.30.Final/netty-transport-native-unix-common-4.1.30.Final.jar:/home/user/.m2/repository/io/grpc/grpc-protobuf/1.17.1/grpc-protobuf-1.17.1.jar:/home/user/.m2/repository/com/google/api/grpc/proto-google-common-protos/1.0.0/proto-google-common-protos-1.0.0.jar:/home/user/.m2/repository/io/grpc/grpc-protobuf-lite/1.17.1/grpc-protobuf-lite-1.17.1.jar:/home/user/.m2/repository/io/grpc/grpc-stub/1.17.1/grpc-stub-1.17.1.jar:/home/user/.m2/repository/org/apache/hadoop/hadoop-ozone-recon/0.5.0-SNAPSHOT/hadoop-ozone-recon-0.5.0-SNAPSHOT.jar:/home/user/.m2/repository/org/apache/hadoop/hadoop-ozone-reconcodegen/0.5.0-SNAPSHOT/hadoop-ozone-reconcodegen-0.5.0-SNAPSHOT.jar:/home/user/.m2/repository/com/google/inject/extensions/guice-multibindings/4.0/guice-multibindings-4.0.jar:/home/user/.m2/repository/com/google/inject/guice/4.0/guice-4.0.jar:/home/user/.m2/repository/aopalliance/aopalliance/1.0/aopalliance-1.0.jar:/home/user/.m2/repository/com/google/inject/extensions/guice-servlet/4.0/guice-servlet-4.0.jar:/home/user/.m2/repository/org/glassfish/jersey/containers/jersey-container-servlet/2.27/jersey-container-servlet-2.27.jar:/home/user/.m2/repository/org/glassfish/hk2/guice-bridge/2.5.0/guice-bridge-2.5.0.jar:/home/user/.m2/repository/org/glassfish/jersey/core/jersey-server/2.27/jersey-server-2.27.jar:/home/user/.m2/repository/org/glassfish/jersey/core/jersey-client/2.27/jersey-client-2.27.jar:/home/user/.m2/repository/org/glassfish/jersey/media/jersey-media-jaxb/2.27/jersey-media-jaxb-2.27.jar:/home/user/.m2/repository/javax/validation/validation-api/1.1.0.Final/validation-api-1.1.0.Final.jar:/home/user/.m2/repository/org/glassfish/jersey/media/jersey-media-json-jackson/2.27/jersey-media-json-jackson-2.27.jar:/home/user/.m2/repository/org/glassfish/jersey/ext/jersey-entity-filtering/2.27/jersey-entity-filtering-2.27.jar:/home/user/.m2/repository/com/google/inject/extensions/guice-assistedinject/4.0/guice-assistedinject-4.0.jar:/home/user/.m2/repository/org/jooq/jooq/3.11.10/jooq-3.11.10.jar:/home/user/.m2/repository/org/jooq/jooq-meta/3.11.10/jooq-meta-3.11.10.jar:/home/user/.m2/repository/org/jooq/jooq-codegen/3.11.10/jooq-codegen-3.11.10.jar:/home/user/.m2/repository/com/jolbox/bonecp/0.8.0.RELEASE/bonecp-0.8.0.RELEASE.jar:/home/user/.m2/repository/org/xerial/sqlite-jdbc/3.25.2/sqlite-jdbc-3.25.2.jar:/home/user/.m2/repository/org/springframework/spring-jdbc/5.1.3.RELEASE/spring-jdbc-5.1.3.RELEASE.jar:/home/user/.m2/repository/org/springframework/spring-beans/5.1.3.RELEASE/spring-beans-5.1.3.RELEASE.jar:/home/user/.m2/repository/org/springframework/spring-core/5.1.3.RELEASE/spring-core-5.1.3.RELEASE.jar:/home/user/.m2/repository/org/springframework/spring-jcl/5.1.3.RELEASE/spring-jcl-5.1.3.RELEASE.jar:/home/user/.m2/repository/org/springframework/spring-tx/5.1.3.RELEASE/spring-tx-5.1.3.RELEASE.jar:/home/user/.m2/repository/org/apache/hadoop/hadoop-ozone-client/0.5.0-SNAPSHOT/hadoop-ozone-client-0.5.0-SNAPSHOT.jar:/home/user/.m2/repository/commons-lang/commons-lang/2.6/commons-lang-2.6.jar:/home/user/.m2/repository/org/apache/hadoop/hadoop-ozone-ozone-manager/0.5.0-SNAPSHOT/hadoop-ozone-ozone-manager-0.5.0-SNAPSHOT-tests.jar:/home/user/.m2/repository/junit/junit/4.11/junit-4.11.jar:/home/user/.m2/repository/org/hamcrest/hamcrest-core/1.3/hamcrest-core-1.3.jar:/home/user/.m2/repository/org/openjdk/jmh/jmh-core/1.19/jmh-core-1.19.jar:/home/user/.m2/repository/net/sf/jopt-simple/jopt-simple/4.6/jopt-simple-4.6.jar:/home/user/.m2/repository/org/apache/commons/commons-math3/3.1.1/commons-math3-3.1.1.jar:/home/user/.m2/repository/org/openjdk/jmh/jmh-generator-annprocess/1.19/jmh-generator-annprocess-1.19.jar:/home/user/.m2/repository/org/mockito/mockito-all/1.8.5/mockito-all-1.8.5.jar:/home/user/.m2/repository/org/apache/hadoop/hadoop-kms/3.2.0/hadoop-kms-3.2.0.jar:/home/user/.m2/repository/org/apache/hadoop/hadoop-auth/3.2.0/hadoop-auth-3.2.0.jar:/home/user/.m2/repository/com/nimbusds/nimbus-jose-jwt/4.41.1/nimbus-jose-jwt-4.41.1.jar:/home/user/.m2/repository/com/github/stephenc/jcip/jcip-annotations/1.0-1/jcip-annotations-1.0-1.jar:/home/user/.m2/repository/net/minidev/json-smart/2.3/json-smart-2.3.jar:/home/user/.m2/repository/net/minidev/accessors-smart/1.2/accessors-smart-1.2.jar:/home/user/.m2/repository/org/ow2/asm/asm/5.0.4/asm-5.0.4.jar:/home/user/.m2/repository/org/apache/curator/curator-framework/2.12.0/curator-framework-2.12.0.jar:/home/user/.m2/repository/com/sun/jersey/jersey-core/1.19/jersey-core-1.19.jar:/home/user/.m2/repository/javax/ws/rs/jsr311-api/1.1.1/jsr311-api-1.1.1.jar:/home/user/.m2/repository/com/sun/jersey/jersey-server/1.19/jersey-server-1.19.jar:/home/user/.m2/repository/javax/servlet/javax.servlet-api/3.1.0/javax.servlet-api-3.1.0.jar:/home/user/.m2/repository/org/eclipse/jetty/jetty-server/9.3.24.v20180605/jetty-server-9.3.24.v20180605.jar:/home/user/.m2/repository/org/eclipse/jetty/jetty-http/9.3.24.v20180605/jetty-http-9.3.24.v20180605.jar:/home/user/.m2/repository/org/eclipse/jetty/jetty-io/9.3.24.v20180605/jetty-io-9.3.24.v20180605.jar:/home/user/.m2/repository/org/eclipse/jetty/jetty-webapp/9.3.24.v20180605/jetty-webapp-9.3.24.v20180605.jar:/home/user/.m2/repository/org/eclipse/jetty/jetty-xml/9.3.24.v20180605/jetty-xml-9.3.24.v20180605.jar:/home/user/.m2/repository/log4j/log4j/1.2.17/log4j-1.2.17.jar:/home/user/.m2/repository/org/slf4j/slf4j-api/1.7.25/slf4j-api-1.7.25.jar:/home/user/.m2/repository/org/slf4j/jul-to-slf4j/1.7.25/jul-to-slf4j-1.7.25.jar:/home/user/.m2/repository/org/eclipse/jetty/jetty-util/9.3.24.v20180605/jetty-util-9.3.24.v20180605.jar:/home/user/.m2/repository/com/fasterxml/jackson/core/jackson-databind/2.9.5/jackson-databind-2.9.5.jar:/home/user/.m2/repository/org/apache/hadoop/hadoop-kms/3.2.0/hadoop-kms-3.2.0-tests.jar:/home/user/.m2/repository/org/apache/hadoop/hadoop-hdds-server-scm/0.5.0-SNAPSHOT/hadoop-hdds-server-scm-0.5.0-SNAPSHOT-tests.jar:/home/user/.m2/repository/org/apache/hadoop/hadoop-hdds-container-service/0.5.0-SNAPSHOT/hadoop-hdds-container-service-0.5.0-SNAPSHOT-tests.jar:/home/user/.m2/repository/org/yaml/snakeyaml/1.16/snakeyaml-1.16.jar:/home/user/.m2/repository/org/apache/hadoop/hadoop-common/3.2.0/hadoop-common-3.2.0-tests.jar:/home/user/.m2/repository/org/apache/hadoop/hadoop-annotations/3.2.0/hadoop-annotations-3.2.0.jar:/usr/lib/jvm/java-1.8-openjdk/jre/../lib/tools.jar:/home/user/.m2/repository/commons-cli/commons-cli/1.2/commons-cli-1.2.jar:/home/user/.m2/repository/org/apache/httpcomponents/httpclient/4.5.2/httpclient-4.5.2.jar:/home/user/.m2/repository/org/apache/httpcomponents/httpcore/4.4.4/httpcore-4.4.4.jar:/home/user/.m2/repository/commons-codec/commons-codec/1.11/commons-codec-1.11.jar:/home/user/.m2/repository/commons-net/commons-net/3.6/commons-net-3.6.jar:/home/user/.m2/repository/commons-collections/commons-collections/3.2.2/commons-collections-3.2.2.jar:/home/user/.m2/repository/org/eclipse/jetty/jetty-servlet/9.3.24.v20180605/jetty-servlet-9.3.24.v20180605.jar:/home/user/.m2/repository/org/eclipse/jetty/jetty-security/9.3.24.v20180605/jetty-security-9.3.24.v20180605.jar:/home/user/.m2/repository/javax/servlet/jsp/jsp-api/2.1/jsp-api-2.1.jar:/home/user/.m2/repository/com/sun/jersey/jersey-servlet/1.19/jersey-servlet-1.19.jar:/home/user/.m2/repository/com/sun/jersey/jersey-json/1.19/jersey-json-1.19.jar:/home/user/.m2/repository/org/codehaus/jettison/jettison/1.1/jettison-1.1.jar:/home/user/.m2/repository/org/codehaus/jackson/jackson-core-asl/1.9.13/jackson-core-asl-1.9.13.jar:/home/user/.m2/repository/org/codehaus/jackson/jackson-mapper-asl/1.9.13/jackson-mapper-asl-1.9.13.jar:/home/user/.m2/repository/org/codehaus/jackson/jackson-jaxrs/1.9.13/jackson-jaxrs-1.9.13.jar:/home/user/.m2/repository/org/codehaus/jackson/jackson-xc/1.9.13/jackson-xc-1.9.13.jar:/home/user/.m2/repository/commons-logging/commons-logging/1.1.3/commons-logging-1.1.3.jar:/home/user/.m2/repository/commons-beanutils/commons-beanutils/1.9.3/commons-beanutils-1.9.3.jar:/home/user/.m2/repository/org/apache/commons/commons-configuration2/2.1.1/commons-configuration2-2.1.1.jar:/home/user/.m2/repository/org/apache/commons/commons-lang3/3.7/commons-lang3-3.7.jar:/home/user/.m2/repository/org/apache/commons/commons-text/1.4/commons-text-1.4.jar:/home/user/.m2/repository/org/apache/avro/avro/1.7.7/avro-1.7.7.jar:/home/user/.m2/repository/com/thoughtworks/paranamer/paranamer/2.3/paranamer-2.3.jar:/home/user/.m2/repository/org/xerial/snappy/snappy-java/1.0.5/snappy-java-1.0.5.jar:/home/user/.m2/repository/com/google/re2j/re2j/1.1/re2j-1.1.jar:/home/user/.m2/repository/com/google/code/gson/gson/2.2.4/gson-2.2.4.jar:/home/user/.m2/repository/com/jcraft/jsch/0.1.54/jsch-0.1.54.jar:/home/user/.m2/repository/org/apache/curator/curator-client/2.12.0/curator-client-2.12.0.jar:/home/user/.m2/repository/org/apache/curator/curator-recipes/2.12.0/curator-recipes-2.12.0.jar:/home/user/.m2/repository/com/google/code/findbugs/jsr305/3.0.0/jsr305-3.0.0.jar:/home/user/.m2/repository/org/apache/htrace/htrace-core4/4.1.0-incubating/htrace-core4-4.1.0-incubating.jar:/home/user/.m2/repository/org/apache/zookeeper/zookeeper/3.4.13/zookeeper-3.4.13.jar:/home/user/.m2/repository/org/apache/yetus/audience-annotations/0.5.0/audience-annotations-0.5.0.jar:/home/user/.m2/repository/org/codehaus/woodstox/stax2-api/3.1.4/stax2-api-3.1.4.jar:/home/user/.m2/repository/com/fasterxml/woodstox/woodstox-core/5.0.3/woodstox-core-5.0.3.jar:/home/user/.m2/repository/dnsjava/dnsjava/2.1.7/dnsjava-2.1.7.jar:/home/user/.m2/repository/org/apache/hadoop/hadoop-hdfs/3.2.0/hadoop-hdfs-3.2.0-tests.jar:/home/user/.m2/repository/org/eclipse/jetty/jetty-util-ajax/9.3.24.v20180605/jetty-util-ajax-9.3.24.v20180605.jar:/home/user/.m2/repository/commons-daemon/commons-daemon/1.0.13/commons-daemon-1.0.13.jar:/home/user/.m2/repository/io/netty/netty/3.10.5.Final/netty-3.10.5.Final.jar:/home/user/.m2/repository/io/netty/netty-all/4.0.52.Final/netty-all-4.0.52.Final.jar:/home/user/.m2/repository/org/fusesource/leveldbjni/leveldbjni-all/1.8/leveldbjni-all-1.8.jar:"/>
    <property name="java.vm.vendor" value="IcedTea"/>
    <property name="sun.arch.data.model" value="64"/>
    <property name="test.build.dir" value="/workdir/hadoop-ozone/integration-test/target/test-dir"/>
    <property name="test.cache.data" value=""/>
    <property name="java.vendor.url" value="https://icedtea.classpath.org"/>
    <property name="user.timezone" value=""/>
    <property name="java.vm.specification.version" value="1.8"/>
    <property name="os.name" value="Linux"/>
    <property name="test.build.data" value="/workdir/hadoop-ozone/integration-test/target/test-dir"/>
    <property name="user.country" value="US"/>
    <property name="sun.java.launcher" value="SUN_STANDARD"/>
    <property name="sun.boot.library.path" value="/usr/lib/jvm/java-1.8-openjdk/jre/lib/amd64"/>
    <property name="sun.java.command" value="/workdir/hadoop-ozone/integration-test/target/surefire/surefirebooter9141330787687819081.jar /workdir/hadoop-ozone/integration-test/target/surefire 2019-08-21T07-10-36_246-jvmRun1 surefire5956956725760034387tmp surefire_24555602656243228388tmp"/>
    <property name="surefire.test.class.path" value="/workdir/hadoop-ozone/integration-test/target/test-classes:/workdir/hadoop-ozone/integration-test/target/classes:/home/user/.m2/repository/org/apache/hadoop/hadoop-ozone-common/0.5.0-SNAPSHOT/hadoop-ozone-common-0.5.0-SNAPSHOT.jar:/home/user/.m2/repository/org/apache/commons/commons-compress/1.4.1/commons-compress-1.4.1.jar:/home/user/.m2/repository/org/tukaani/xz/1.0/xz-1.0.jar:/home/user/.m2/repository/org/apache/hadoop/hadoop-common/3.2.0/hadoop-common-3.2.0.jar:/home/user/.m2/repository/org/apache/hadoop/hadoop-hdfs/3.2.0/hadoop-hdfs-3.2.0.jar:/home/user/.m2/repository/org/apache/hadoop/hadoop-hdfs-client/3.2.0/hadoop-hdfs-client-3.2.0.jar:/home/user/.m2/repository/com/fasterxml/jackson/core/jackson-annotations/2.9.5/jackson-annotations-2.9.5.jar:/home/user/.m2/repository/org/apache/hadoop/hadoop-hdds-common/0.5.0-SNAPSHOT/hadoop-hdds-common-0.5.0-SNAPSHOT.jar:/home/user/.m2/repository/javax/annotation/javax.annotation-api/1.2/javax.annotation-api-1.2.jar:/home/user/.m2/repository/org/apache/ratis/ratis-server/0.4.0-2337318-SNAPSHOT/ratis-server-0.4.0-2337318-SNAPSHOT.jar:/home/user/.m2/repository/org/apache/ratis/ratis-thirdparty-misc/0.2.0/ratis-thirdparty-misc-0.2.0.jar:/home/user/.m2/repository/org/apache/ratis/ratis-proto/0.4.0-2337318-SNAPSHOT/ratis-proto-0.4.0-2337318-SNAPSHOT.jar:/home/user/.m2/repository/org/apache/ratis/ratis-common/0.4.0-2337318-SNAPSHOT/ratis-common-0.4.0-2337318-SNAPSHOT.jar:/home/user/.m2/repository/org/apache/ratis/ratis-client/0.4.0-2337318-SNAPSHOT/ratis-client-0.4.0-2337318-SNAPSHOT.jar:/home/user/.m2/repository/org/apache/ratis/ratis-metrics/0.4.0-2337318-SNAPSHOT/ratis-metrics-0.4.0-2337318-SNAPSHOT.jar:/home/user/.m2/repository/org/apache/ratis/ratis-netty/0.4.0-2337318-SNAPSHOT/ratis-netty-0.4.0-2337318-SNAPSHOT.jar:/home/user/.m2/repository/org/apache/ratis/ratis-grpc/0.4.0-2337318-SNAPSHOT/ratis-grpc-0.4.0-2337318-SNAPSHOT.jar:/home/user/.m2/repository/org/rocksdb/rocksdbjni/6.0.1/rocksdbjni-6.0.1.jar:/home/user/.m2/repository/org/apache/logging/log4j/log4j-api/2.11.0/log4j-api-2.11.0.jar:/home/user/.m2/repository/org/apache/logging/log4j/log4j-core/2.11.0/log4j-core-2.11.0.jar:/home/user/.m2/repository/com/lmax/disruptor/3.4.2/disruptor-3.4.2.jar:/home/user/.m2/repository/org/apache/commons/commons-pool2/2.6.0/commons-pool2-2.6.0.jar:/home/user/.m2/repository/org/bouncycastle/bcpkix-jdk15on/1.60/bcpkix-jdk15on-1.60.jar:/home/user/.m2/repository/commons-validator/commons-validator/1.6/commons-validator-1.6.jar:/home/user/.m2/repository/commons-digester/commons-digester/1.8.1/commons-digester-1.8.1.jar:/home/user/.m2/repository/io/jaegertracing/jaeger-client/0.33.1/jaeger-client-0.33.1.jar:/home/user/.m2/repository/io/jaegertracing/jaeger-thrift/0.33.1/jaeger-thrift-0.33.1.jar:/home/user/.m2/repository/org/apache/thrift/libthrift/0.11.0/libthrift-0.11.0.jar:/home/user/.m2/repository/com/squareup/okhttp3/okhttp/3.9.0/okhttp-3.9.0.jar:/home/user/.m2/repository/com/squareup/okio/okio/1.13.0/okio-1.13.0.jar:/home/user/.m2/repository/io/jaegertracing/jaeger-core/0.33.1/jaeger-core-0.33.1.jar:/home/user/.m2/repository/io/jaegertracing/jaeger-tracerresolver/0.33.1/jaeger-tracerresolver-0.33.1.jar:/home/user/.m2/repository/io/opentracing/contrib/opentracing-tracerresolver/0.1.5/opentracing-tracerresolver-0.1.5.jar:/home/user/.m2/repository/io/opentracing/opentracing-util/0.31.0/opentracing-util-0.31.0.jar:/home/user/.m2/repository/io/opentracing/opentracing-api/0.31.0/opentracing-api-0.31.0.jar:/home/user/.m2/repository/io/opentracing/opentracing-noop/0.31.0/opentracing-noop-0.31.0.jar:/home/user/.m2/repository/org/apache/hadoop/hadoop-hdds-server-framework/0.5.0-SNAPSHOT/hadoop-hdds-server-framework-0.5.0-SNAPSHOT.jar:/home/user/.m2/repository/org/apache/hadoop/hadoop-hdds-container-service/0.5.0-SNAPSHOT/hadoop-hdds-container-service-0.5.0-SNAPSHOT.jar:/home/user/.m2/repository/org/apache/hadoop/hadoop-hdds-client/0.5.0-SNAPSHOT/hadoop-hdds-client-0.5.0-SNAPSHOT.jar:/home/user/.m2/repository/org/apache/hadoop/hadoop-hdds-tools/0.5.0-SNAPSHOT/hadoop-hdds-tools-0.5.0-SNAPSHOT.jar:/home/user/.m2/repository/org/apache/hadoop/hadoop-hdds-server-scm/0.5.0-SNAPSHOT/hadoop-hdds-server-scm-0.5.0-SNAPSHOT.jar:/home/user/.m2/repository/org/apache/hadoop/hadoop-hdds-docs/0.5.0-SNAPSHOT/hadoop-hdds-docs-0.5.0-SNAPSHOT.jar:/home/user/.m2/repository/io/dropwizard/metrics/metrics-core/3.2.4/metrics-core-3.2.4.jar:/home/user/.m2/repository/org/hamcrest/hamcrest-all/1.3/hamcrest-all-1.3.jar:/home/user/.m2/repository/org/bouncycastle/bcprov-jdk15on/1.60/bcprov-jdk15on-1.60.jar:/home/user/.m2/repository/info/picocli/picocli/3.9.6/picocli-3.9.6.jar:/home/user/.m2/repository/com/google/protobuf/protobuf-java/2.5.0/protobuf-java-2.5.0.jar:/home/user/.m2/repository/com/google/guava/guava/11.0.2/guava-11.0.2.jar:/home/user/.m2/repository/org/apache/hadoop/hadoop-ozone-ozone-manager/0.5.0-SNAPSHOT/hadoop-ozone-ozone-manager-0.5.0-SNAPSHOT.jar:/home/user/.m2/repository/org/apache/hadoop/hadoop-minikdc/3.2.0/hadoop-minikdc-3.2.0.jar:/home/user/.m2/repository/commons-io/commons-io/2.5/commons-io-2.5.jar:/home/user/.m2/repository/org/apache/kerby/kerb-simplekdc/1.0.1/kerb-simplekdc-1.0.1.jar:/home/user/.m2/repository/org/apache/kerby/kerb-client/1.0.1/kerb-client-1.0.1.jar:/home/user/.m2/repository/org/apache/kerby/kerby-config/1.0.1/kerby-config-1.0.1.jar:/home/user/.m2/repository/org/apache/kerby/kerb-core/1.0.1/kerb-core-1.0.1.jar:/home/user/.m2/repository/org/apache/kerby/kerby-pkix/1.0.1/kerby-pkix-1.0.1.jar:/home/user/.m2/repository/org/apache/kerby/kerby-asn1/1.0.1/kerby-asn1-1.0.1.jar:/home/user/.m2/repository/org/apache/kerby/kerby-util/1.0.1/kerby-util-1.0.1.jar:/home/user/.m2/repository/org/apache/kerby/kerb-common/1.0.1/kerb-common-1.0.1.jar:/home/user/.m2/repository/org/apache/kerby/kerb-crypto/1.0.1/kerb-crypto-1.0.1.jar:/home/user/.m2/repository/org/apache/kerby/kerb-util/1.0.1/kerb-util-1.0.1.jar:/home/user/.m2/repository/org/apache/kerby/token-provider/1.0.1/token-provider-1.0.1.jar:/home/user/.m2/repository/org/apache/kerby/kerb-admin/1.0.1/kerb-admin-1.0.1.jar:/home/user/.m2/repository/org/apache/kerby/kerb-server/1.0.1/kerb-server-1.0.1.jar:/home/user/.m2/repository/org/apache/kerby/kerb-identity/1.0.1/kerb-identity-1.0.1.jar:/home/user/.m2/repository/org/apache/kerby/kerby-xdr/1.0.1/kerby-xdr-1.0.1.jar:/home/user/.m2/repository/org/slf4j/slf4j-log4j12/1.7.25/slf4j-log4j12-1.7.25.jar:/home/user/.m2/repository/org/apache/hadoop/hadoop-ozone-objectstore-service/0.5.0-SNAPSHOT/hadoop-ozone-objectstore-service-0.5.0-SNAPSHOT.jar:/home/user/.m2/repository/org/apache/hadoop/hadoop-ozone-s3gateway/0.5.0-SNAPSHOT/hadoop-ozone-s3gateway-0.5.0-SNAPSHOT.jar:/home/user/.m2/repository/org/jboss/weld/servlet/weld-servlet/2.4.7.Final/weld-servlet-2.4.7.Final.jar:/home/user/.m2/repository/org/glassfish/jersey/containers/jersey-container-servlet-core/2.27/jersey-container-servlet-core-2.27.jar:/home/user/.m2/repository/org/glassfish/hk2/external/javax.inject/2.5.0-b42/javax.inject-2.5.0-b42.jar:/home/user/.m2/repository/org/glassfish/jersey/core/jersey-common/2.27/jersey-common-2.27.jar:/home/user/.m2/repository/org/glassfish/hk2/osgi-resource-locator/1.0.1/osgi-resource-locator-1.0.1.jar:/home/user/.m2/repository/javax/ws/rs/javax.ws.rs-api/2.1/javax.ws.rs-api-2.1.jar:/home/user/.m2/repository/org/glassfish/jersey/ext/cdi/jersey-cdi1x/2.27/jersey-cdi1x-2.27.jar:/home/user/.m2/repository/org/glassfish/jersey/inject/jersey-hk2/2.27/jersey-hk2-2.27.jar:/home/user/.m2/repository/org/glassfish/hk2/hk2-locator/2.5.0-b42/hk2-locator-2.5.0-b42.jar:/home/user/.m2/repository/org/javassist/javassist/3.22.0-CR2/javassist-3.22.0-CR2.jar:/home/user/.m2/repository/org/glassfish/hk2/hk2-api/2.5.0/hk2-api-2.5.0.jar:/home/user/.m2/repository/org/glassfish/hk2/external/jakarta.inject/2.5.0/jakarta.inject-2.5.0.jar:/home/user/.m2/repository/org/glassfish/hk2/hk2-utils/2.5.0/hk2-utils-2.5.0.jar:/home/user/.m2/repository/jakarta/annotation/jakarta.annotation-api/1.3.4/jakarta.annotation-api-1.3.4.jar:/home/user/.m2/repository/org/glassfish/hk2/external/aopalliance-repackaged/2.5.0/aopalliance-repackaged-2.5.0.jar:/home/user/.m2/repository/com/fasterxml/jackson/dataformat/jackson-dataformat-xml/2.9.0/jackson-dataformat-xml-2.9.0.jar:/home/user/.m2/repository/com/fasterxml/jackson/core/jackson-core/2.9.5/jackson-core-2.9.5.jar:/home/user/.m2/repository/com/fasterxml/jackson/module/jackson-module-jaxb-annotations/2.9.5/jackson-module-jaxb-annotations-2.9.5.jar:/home/user/.m2/repository/javax/enterprise/cdi-api/1.2/cdi-api-1.2.jar:/home/user/.m2/repository/javax/el/javax.el-api/3.0.0/javax.el-api-3.0.0.jar:/home/user/.m2/repository/javax/interceptor/javax.interceptor-api/1.2/javax.interceptor-api-1.2.jar:/home/user/.m2/repository/javax/inject/javax.inject/1/javax.inject-1.jar:/home/user/.m2/repository/com/sun/xml/bind/jaxb-impl/2.3.0.1/jaxb-impl-2.3.0.1.jar:/home/user/.m2/repository/com/sun/xml/bind/jaxb-core/2.3.0.1/jaxb-core-2.3.0.1.jar:/home/user/.m2/repository/javax/xml/bind/jaxb-api/2.3.0/jaxb-api-2.3.0.jar:/home/user/.m2/repository/javax/activation/activation/1.1.1/activation-1.1.1.jar:/home/user/.m2/repository/org/apache/hadoop/hadoop-ozone-csi/0.5.0-SNAPSHOT/hadoop-ozone-csi-0.5.0-SNAPSHOT.jar:/home/user/.m2/repository/com/google/protobuf/protobuf-java-util/3.5.1/protobuf-java-util-3.5.1.jar:/home/user/.m2/repository/org/apache/hadoop/hadoop-hdds-config/0.5.0-SNAPSHOT/hadoop-hdds-config-0.5.0-SNAPSHOT.jar:/home/user/.m2/repository/io/grpc/grpc-netty/1.17.1/grpc-netty-1.17.1.jar:/home/user/.m2/repository/io/grpc/grpc-core/1.17.1/grpc-core-1.17.1.jar:/home/user/.m2/repository/io/grpc/grpc-context/1.17.1/grpc-context-1.17.1.jar:/home/user/.m2/repository/com/google/errorprone/error_prone_annotations/2.2.0/error_prone_annotations-2.2.0.jar:/home/user/.m2/repository/org/codehaus/mojo/animal-sniffer-annotations/1.17/animal-sniffer-annotations-1.17.jar:/home/user/.m2/repository/io/opencensus/opencensus-api/0.17.0/opencensus-api-0.17.0.jar:/home/user/.m2/repository/io/opencensus/opencensus-contrib-grpc-metrics/0.17.0/opencensus-contrib-grpc-metrics-0.17.0.jar:/home/user/.m2/repository/io/netty/netty-codec-http2/4.1.30.Final/netty-codec-http2-4.1.30.Final.jar:/home/user/.m2/repository/io/netty/netty-codec-http/4.1.30.Final/netty-codec-http-4.1.30.Final.jar:/home/user/.m2/repository/io/netty/netty-codec/4.1.30.Final/netty-codec-4.1.30.Final.jar:/home/user/.m2/repository/io/netty/netty-handler/4.1.30.Final/netty-handler-4.1.30.Final.jar:/home/user/.m2/repository/io/netty/netty-handler-proxy/4.1.30.Final/netty-handler-proxy-4.1.30.Final.jar:/home/user/.m2/repository/io/netty/netty-codec-socks/4.1.30.Final/netty-codec-socks-4.1.30.Final.jar:/home/user/.m2/repository/io/netty/netty-transport-native-epoll/4.1.30.Final/netty-transport-native-epoll-4.1.30.Final.jar:/home/user/.m2/repository/io/netty/netty-common/4.1.30.Final/netty-common-4.1.30.Final.jar:/home/user/.m2/repository/io/netty/netty-buffer/4.1.30.Final/netty-buffer-4.1.30.Final.jar:/home/user/.m2/repository/io/netty/netty-transport/4.1.30.Final/netty-transport-4.1.30.Final.jar:/home/user/.m2/repository/io/netty/netty-resolver/4.1.30.Final/netty-resolver-4.1.30.Final.jar:/home/user/.m2/repository/io/netty/netty-transport-native-unix-common/4.1.30.Final/netty-transport-native-unix-common-4.1.30.Final.jar:/home/user/.m2/repository/io/grpc/grpc-protobuf/1.17.1/grpc-protobuf-1.17.1.jar:/home/user/.m2/repository/com/google/api/grpc/proto-google-common-protos/1.0.0/proto-google-common-protos-1.0.0.jar:/home/user/.m2/repository/io/grpc/grpc-protobuf-lite/1.17.1/grpc-protobuf-lite-1.17.1.jar:/home/user/.m2/repository/io/grpc/grpc-stub/1.17.1/grpc-stub-1.17.1.jar:/home/user/.m2/repository/org/apache/hadoop/hadoop-ozone-recon/0.5.0-SNAPSHOT/hadoop-ozone-recon-0.5.0-SNAPSHOT.jar:/home/user/.m2/repository/org/apache/hadoop/hadoop-ozone-reconcodegen/0.5.0-SNAPSHOT/hadoop-ozone-reconcodegen-0.5.0-SNAPSHOT.jar:/home/user/.m2/repository/com/google/inject/extensions/guice-multibindings/4.0/guice-multibindings-4.0.jar:/home/user/.m2/repository/com/google/inject/guice/4.0/guice-4.0.jar:/home/user/.m2/repository/aopalliance/aopalliance/1.0/aopalliance-1.0.jar:/home/user/.m2/repository/com/google/inject/extensions/guice-servlet/4.0/guice-servlet-4.0.jar:/home/user/.m2/repository/org/glassfish/jersey/containers/jersey-container-servlet/2.27/jersey-container-servlet-2.27.jar:/home/user/.m2/repository/org/glassfish/hk2/guice-bridge/2.5.0/guice-bridge-2.5.0.jar:/home/user/.m2/repository/org/glassfish/jersey/core/jersey-server/2.27/jersey-server-2.27.jar:/home/user/.m2/repository/org/glassfish/jersey/core/jersey-client/2.27/jersey-client-2.27.jar:/home/user/.m2/repository/org/glassfish/jersey/media/jersey-media-jaxb/2.27/jersey-media-jaxb-2.27.jar:/home/user/.m2/repository/javax/validation/validation-api/1.1.0.Final/validation-api-1.1.0.Final.jar:/home/user/.m2/repository/org/glassfish/jersey/media/jersey-media-json-jackson/2.27/jersey-media-json-jackson-2.27.jar:/home/user/.m2/repository/org/glassfish/jersey/ext/jersey-entity-filtering/2.27/jersey-entity-filtering-2.27.jar:/home/user/.m2/repository/com/google/inject/extensions/guice-assistedinject/4.0/guice-assistedinject-4.0.jar:/home/user/.m2/repository/org/jooq/jooq/3.11.10/jooq-3.11.10.jar:/home/user/.m2/repository/org/jooq/jooq-meta/3.11.10/jooq-meta-3.11.10.jar:/home/user/.m2/repository/org/jooq/jooq-codegen/3.11.10/jooq-codegen-3.11.10.jar:/home/user/.m2/repository/com/jolbox/bonecp/0.8.0.RELEASE/bonecp-0.8.0.RELEASE.jar:/home/user/.m2/repository/org/xerial/sqlite-jdbc/3.25.2/sqlite-jdbc-3.25.2.jar:/home/user/.m2/repository/org/springframework/spring-jdbc/5.1.3.RELEASE/spring-jdbc-5.1.3.RELEASE.jar:/home/user/.m2/repository/org/springframework/spring-beans/5.1.3.RELEASE/spring-beans-5.1.3.RELEASE.jar:/home/user/.m2/repository/org/springframework/spring-core/5.1.3.RELEASE/spring-core-5.1.3.RELEASE.jar:/home/user/.m2/repository/org/springframework/spring-jcl/5.1.3.RELEASE/spring-jcl-5.1.3.RELEASE.jar:/home/user/.m2/repository/org/springframework/spring-tx/5.1.3.RELEASE/spring-tx-5.1.3.RELEASE.jar:/home/user/.m2/repository/org/apache/hadoop/hadoop-ozone-client/0.5.0-SNAPSHOT/hadoop-ozone-client-0.5.0-SNAPSHOT.jar:/home/user/.m2/repository/commons-lang/commons-lang/2.6/commons-lang-2.6.jar:/home/user/.m2/repository/org/apache/hadoop/hadoop-ozone-ozone-manager/0.5.0-SNAPSHOT/hadoop-ozone-ozone-manager-0.5.0-SNAPSHOT-tests.jar:/home/user/.m2/repository/junit/junit/4.11/junit-4.11.jar:/home/user/.m2/repository/org/hamcrest/hamcrest-core/1.3/hamcrest-core-1.3.jar:/home/user/.m2/repository/org/openjdk/jmh/jmh-core/1.19/jmh-core-1.19.jar:/home/user/.m2/repository/net/sf/jopt-simple/jopt-simple/4.6/jopt-simple-4.6.jar:/home/user/.m2/repository/org/apache/commons/commons-math3/3.1.1/commons-math3-3.1.1.jar:/home/user/.m2/repository/org/openjdk/jmh/jmh-generator-annprocess/1.19/jmh-generator-annprocess-1.19.jar:/home/user/.m2/repository/org/mockito/mockito-all/1.8.5/mockito-all-1.8.5.jar:/home/user/.m2/repository/org/apache/hadoop/hadoop-kms/3.2.0/hadoop-kms-3.2.0.jar:/home/user/.m2/repository/org/apache/hadoop/hadoop-auth/3.2.0/hadoop-auth-3.2.0.jar:/home/user/.m2/repository/com/nimbusds/nimbus-jose-jwt/4.41.1/nimbus-jose-jwt-4.41.1.jar:/home/user/.m2/repository/com/github/stephenc/jcip/jcip-annotations/1.0-1/jcip-annotations-1.0-1.jar:/home/user/.m2/repository/net/minidev/json-smart/2.3/json-smart-2.3.jar:/home/user/.m2/repository/net/minidev/accessors-smart/1.2/accessors-smart-1.2.jar:/home/user/.m2/repository/org/ow2/asm/asm/5.0.4/asm-5.0.4.jar:/home/user/.m2/repository/org/apache/curator/curator-framework/2.12.0/curator-framework-2.12.0.jar:/home/user/.m2/repository/com/sun/jersey/jersey-core/1.19/jersey-core-1.19.jar:/home/user/.m2/repository/javax/ws/rs/jsr311-api/1.1.1/jsr311-api-1.1.1.jar:/home/user/.m2/repository/com/sun/jersey/jersey-server/1.19/jersey-server-1.19.jar:/home/user/.m2/repository/javax/servlet/javax.servlet-api/3.1.0/javax.servlet-api-3.1.0.jar:/home/user/.m2/repository/org/eclipse/jetty/jetty-server/9.3.24.v20180605/jetty-server-9.3.24.v20180605.jar:/home/user/.m2/repository/org/eclipse/jetty/jetty-http/9.3.24.v20180605/jetty-http-9.3.24.v20180605.jar:/home/user/.m2/repository/org/eclipse/jetty/jetty-io/9.3.24.v20180605/jetty-io-9.3.24.v20180605.jar:/home/user/.m2/repository/org/eclipse/jetty/jetty-webapp/9.3.24.v20180605/jetty-webapp-9.3.24.v20180605.jar:/home/user/.m2/repository/org/eclipse/jetty/jetty-xml/9.3.24.v20180605/jetty-xml-9.3.24.v20180605.jar:/home/user/.m2/repository/log4j/log4j/1.2.17/log4j-1.2.17.jar:/home/user/.m2/repository/org/slf4j/slf4j-api/1.7.25/slf4j-api-1.7.25.jar:/home/user/.m2/repository/org/slf4j/jul-to-slf4j/1.7.25/jul-to-slf4j-1.7.25.jar:/home/user/.m2/repository/org/eclipse/jetty/jetty-util/9.3.24.v20180605/jetty-util-9.3.24.v20180605.jar:/home/user/.m2/repository/com/fasterxml/jackson/core/jackson-databind/2.9.5/jackson-databind-2.9.5.jar:/home/user/.m2/repository/org/apache/hadoop/hadoop-kms/3.2.0/hadoop-kms-3.2.0-tests.jar:/home/user/.m2/repository/org/apache/hadoop/hadoop-hdds-server-scm/0.5.0-SNAPSHOT/hadoop-hdds-server-scm-0.5.0-SNAPSHOT-tests.jar:/home/user/.m2/repository/org/apache/hadoop/hadoop-hdds-container-service/0.5.0-SNAPSHOT/hadoop-hdds-container-service-0.5.0-SNAPSHOT-tests.jar:/home/user/.m2/repository/org/yaml/snakeyaml/1.16/snakeyaml-1.16.jar:/home/user/.m2/repository/org/apache/hadoop/hadoop-common/3.2.0/hadoop-common-3.2.0-tests.jar:/home/user/.m2/repository/org/apache/hadoop/hadoop-annotations/3.2.0/hadoop-annotations-3.2.0.jar:/usr/lib/jvm/java-1.8-openjdk/jre/../lib/tools.jar:/home/user/.m2/repository/commons-cli/commons-cli/1.2/commons-cli-1.2.jar:/home/user/.m2/repository/org/apache/httpcomponents/httpclient/4.5.2/httpclient-4.5.2.jar:/home/user/.m2/repository/org/apache/httpcomponents/httpcore/4.4.4/httpcore-4.4.4.jar:/home/user/.m2/repository/commons-codec/commons-codec/1.11/commons-codec-1.11.jar:/home/user/.m2/repository/commons-net/commons-net/3.6/commons-net-3.6.jar:/home/user/.m2/repository/commons-collections/commons-collections/3.2.2/commons-collections-3.2.2.jar:/home/user/.m2/repository/org/eclipse/jetty/jetty-servlet/9.3.24.v20180605/jetty-servlet-9.3.24.v20180605.jar:/home/user/.m2/repository/org/eclipse/jetty/jetty-security/9.3.24.v20180605/jetty-security-9.3.24.v20180605.jar:/home/user/.m2/repository/javax/servlet/jsp/jsp-api/2.1/jsp-api-2.1.jar:/home/user/.m2/repository/com/sun/jersey/jersey-servlet/1.19/jersey-servlet-1.19.jar:/home/user/.m2/repository/com/sun/jersey/jersey-json/1.19/jersey-json-1.19.jar:/home/user/.m2/repository/org/codehaus/jettison/jettison/1.1/jettison-1.1.jar:/home/user/.m2/repository/org/codehaus/jackson/jackson-core-asl/1.9.13/jackson-core-asl-1.9.13.jar:/home/user/.m2/repository/org/codehaus/jackson/jackson-mapper-asl/1.9.13/jackson-mapper-asl-1.9.13.jar:/home/user/.m2/repository/org/codehaus/jackson/jackson-jaxrs/1.9.13/jackson-jaxrs-1.9.13.jar:/home/user/.m2/repository/org/codehaus/jackson/jackson-xc/1.9.13/jackson-xc-1.9.13.jar:/home/user/.m2/repository/commons-logging/commons-logging/1.1.3/commons-logging-1.1.3.jar:/home/user/.m2/repository/commons-beanutils/commons-beanutils/1.9.3/commons-beanutils-1.9.3.jar:/home/user/.m2/repository/org/apache/commons/commons-configuration2/2.1.1/commons-configuration2-2.1.1.jar:/home/user/.m2/repository/org/apache/commons/commons-lang3/3.7/commons-lang3-3.7.jar:/home/user/.m2/repository/org/apache/commons/commons-text/1.4/commons-text-1.4.jar:/home/user/.m2/repository/org/apache/avro/avro/1.7.7/avro-1.7.7.jar:/home/user/.m2/repository/com/thoughtworks/paranamer/paranamer/2.3/paranamer-2.3.jar:/home/user/.m2/repository/org/xerial/snappy/snappy-java/1.0.5/snappy-java-1.0.5.jar:/home/user/.m2/repository/com/google/re2j/re2j/1.1/re2j-1.1.jar:/home/user/.m2/repository/com/google/code/gson/gson/2.2.4/gson-2.2.4.jar:/home/user/.m2/repository/com/jcraft/jsch/0.1.54/jsch-0.1.54.jar:/home/user/.m2/repository/org/apache/curator/curator-client/2.12.0/curator-client-2.12.0.jar:/home/user/.m2/repository/org/apache/curator/curator-recipes/2.12.0/curator-recipes-2.12.0.jar:/home/user/.m2/repository/com/google/code/findbugs/jsr305/3.0.0/jsr305-3.0.0.jar:/home/user/.m2/repository/org/apache/htrace/htrace-core4/4.1.0-incubating/htrace-core4-4.1.0-incubating.jar:/home/user/.m2/repository/org/apache/zookeeper/zookeeper/3.4.13/zookeeper-3.4.13.jar:/home/user/.m2/repository/org/apache/yetus/audience-annotations/0.5.0/audience-annotations-0.5.0.jar:/home/user/.m2/repository/org/codehaus/woodstox/stax2-api/3.1.4/stax2-api-3.1.4.jar:/home/user/.m2/repository/com/fasterxml/woodstox/woodstox-core/5.0.3/woodstox-core-5.0.3.jar:/home/user/.m2/repository/dnsjava/dnsjava/2.1.7/dnsjava-2.1.7.jar:/home/user/.m2/repository/org/apache/hadoop/hadoop-hdfs/3.2.0/hadoop-hdfs-3.2.0-tests.jar:/home/user/.m2/repository/org/eclipse/jetty/jetty-util-ajax/9.3.24.v20180605/jetty-util-ajax-9.3.24.v20180605.jar:/home/user/.m2/repository/commons-daemon/commons-daemon/1.0.13/commons-daemon-1.0.13.jar:/home/user/.m2/repository/io/netty/netty/3.10.5.Final/netty-3.10.5.Final.jar:/home/user/.m2/repository/io/netty/netty-all/4.0.52.Final/netty-all-4.0.52.Final.jar:/home/user/.m2/repository/org/fusesource/leveldbjni/leveldbjni-all/1.8/leveldbjni-all-1.8.jar:"/>
    <property name="sun.cpu.endian" value="little"/>
    <property name="user.home" value="/home/user"/>
    <property name="user.language" value="en"/>
    <property name="java.specification.vendor" value="Oracle Corporation"/>
    <property name="java.home" value="/usr/lib/jvm/java-1.8-openjdk/jre"/>
    <property name="java.security.krb5.conf" value="/workdir/hadoop-ozone/integration-test/target/test-classes/krb5.conf"/>
    <property name="basedir" value="/workdir/hadoop-ozone/integration-test"/>
    <property name="file.separator" value="/"/>
    <property name="line.separator" value="&#10;"/>
    <property name="java.vm.specification.vendor" value="Oracle Corporation"/>
    <property name="java.specification.name" value="Java Platform API Specification"/>
    <property name="java.awt.graphicsenv" value="sun.awt.X11GraphicsEnvironment"/>
    <property name="surefire.real.class.path" value="/workdir/hadoop-ozone/integration-test/target/surefire/surefirebooter9141330787687819081.jar"/>
    <property name="hadoop.log.dir" value="/workdir/hadoop-ozone/integration-test/target/log"/>
    <property name="sun.boot.class.path" value="/usr/lib/jvm/java-1.8-openjdk/jre/lib/resources.jar:/usr/lib/jvm/java-1.8-openjdk/jre/lib/rt.jar:/usr/lib/jvm/java-1.8-openjdk/jre/lib/sunrsasign.jar:/usr/lib/jvm/java-1.8-openjdk/jre/lib/jsse.jar:/usr/lib/jvm/java-1.8-openjdk/jre/lib/jce.jar:/usr/lib/jvm/java-1.8-openjdk/jre/lib/charsets.jar:/usr/lib/jvm/java-1.8-openjdk/jre/lib/jfr.jar:/usr/lib/jvm/java-1.8-openjdk/jre/classes"/>
    <property name="sun.management.compiler" value="HotSpot 64-Bit Tiered Compilers"/>
    <property name="java.runtime.version" value="1.8.0_212-b04"/>
    <property name="java.net.preferIPv4Stack" value="true"/>
    <property name="user.name" value="jenkins1000"/>
    <property name="path.separator" value=":"/>
    <property name="java.security.egd" value="file:///dev/urandom"/>
    <property name="os.version" value="3.10.0-957.12.2.el7.x86_64"/>
    <property name="java.endorsed.dirs" value="/usr/lib/jvm/java-1.8-openjdk/jre/lib/endorsed"/>
    <property name="java.runtime.name" value="OpenJDK Runtime Environment"/>
    <property name="file.encoding" value="UTF-8"/>
    <property name="java.vm.name" value="OpenJDK 64-Bit Server VM"/>
    <property name="test.build.webapps" value=""/>
    <property name="localRepository" value="/home/user/.m2/repository"/>
    <property name="java.vendor.url.bug" value="https://icedtea.classpath.org/bugzilla"/>
    <property name="java.io.tmpdir" value="/tmp"/>
    <property name="require.test.libhadoop" value=""/>
    <property name="java.version" value="1.8.0_212"/>
    <property name="user.dir" value="/workdir/hadoop-ozone/integration-test"/>
    <property name="os.arch" value="amd64"/>
    <property name="java.vm.specification.name" value="Java Virtual Machine Specification"/>
    <property name="test.build.classes" value="/workdir/hadoop-ozone/integration-test/target/test-classes"/>
    <property name="java.awt.printerjob" value="sun.print.PSPrinterJob"/>
    <property name="sun.os.patch.level" value="unknown"/>
    <property name="hadoop.tmp.dir" value="/workdir/hadoop-ozone/integration-test/target/tmp"/>
    <property name="java.library.path" value="/usr/lib/jvm/java-1.8-openjdk/jre/lib/amd64/server:/usr/lib/jvm/java-1.8-openjdk/jre/lib/amd64:/usr/lib/jvm/java-1.8-openjdk/jre/../lib/amd64:/workdir/hadoop-ozone/integration-test/target/native/target/usr/local/lib:/workdir/hadoop-ozone/integration-test/../../hadoop-common-project/hadoop-common/target/native/target/usr/local/lib:/usr/java/packages/lib/amd64:/usr/lib64:/lib64:/lib:/usr/lib"/>
    <property name="java.vm.info" value="mixed mode"/>
    <property name="java.vendor" value="IcedTea"/>
    <property name="java.vm.version" value="25.212-b04"/>
    <property name="java.ext.dirs" value="/usr/lib/jvm/java-1.8-openjdk/jre/lib/ext:/usr/java/packages/lib/ext"/>
    <property name="sun.io.unicode.encoding" value="UnicodeLittle"/>
    <property name="java.class.version" value="52.0"/>
  </properties>
  <testcase name="testPipelineCloseWithPipelineAction" classname="org.apache.hadoop.hdds.scm.pipeline.TestPipelineClose" time="28.431">
    <failure message="Values should be different. Actual: PipelineID=aac1e625-3f16-44f2-8da7-1d06733d3427" type="java.lang.AssertionError">java.lang.AssertionError: Values should be different. Actual: PipelineID=aac1e625-3f16-44f2-8da7-1d06733d3427
	at org.junit.Assert.fail(Assert.java:88)
	at org.junit.Assert.failEquals(Assert.java:185)
	at org.junit.Assert.assertNotEquals(Assert.java:161)
	at org.junit.Assert.assertNotEquals(Assert.java:175)
	at org.apache.hadoop.hdds.scm.pipeline.TestPipelineClose.testPipelineCloseWithPipelineAction(TestPipelineClose.java:180)
	at sun.reflect.NativeMethodAccessorImpl.invoke0(Native Method)
	at sun.reflect.NativeMethodAccessorImpl.invoke(NativeMethodAccessorImpl.java:62)
	at sun.reflect.DelegatingMethodAccessorImpl.invoke(DelegatingMethodAccessorImpl.java:43)
	at java.lang.reflect.Method.invoke(Method.java:498)
	at org.junit.runners.model.FrameworkMethod$1.runReflectiveCall(FrameworkMethod.java:47)
	at org.junit.internal.runners.model.ReflectiveCallable.run(ReflectiveCallable.java:12)
	at org.junit.runners.model.FrameworkMethod.invokeExplosively(FrameworkMethod.java:44)
	at org.junit.internal.runners.statements.InvokeMethod.evaluate(InvokeMethod.java:17)
	at org.junit.internal.runners.statements.RunBefores.evaluate(RunBefores.java:26)
	at org.junit.internal.runners.statements.RunAfters.evaluate(RunAfters.java:27)
	at org.junit.runners.ParentRunner.runLeaf(ParentRunner.java:271)
	at org.junit.runners.BlockJUnit4ClassRunner.runChild(BlockJUnit4ClassRunner.java:70)
	at org.junit.runners.BlockJUnit4ClassRunner.runChild(BlockJUnit4ClassRunner.java:50)
	at org.junit.runners.ParentRunner$3.run(ParentRunner.java:238)
	at org.junit.runners.ParentRunner$1.schedule(ParentRunner.java:63)
	at org.junit.runners.ParentRunner.runChildren(ParentRunner.java:236)
	at org.junit.runners.ParentRunner.access$000(ParentRunner.java:53)
	at org.junit.runners.ParentRunner$2.evaluate(ParentRunner.java:229)
	at org.junit.runners.ParentRunner.run(ParentRunner.java:309)
	at org.apache.maven.surefire.junit4.JUnit4Provider.execute(JUnit4Provider.java:365)
	at org.apache.maven.surefire.junit4.JUnit4Provider.executeWithRerun(JUnit4Provider.java:273)
	at org.apache.maven.surefire.junit4.JUnit4Provider.executeTestSet(JUnit4Provider.java:238)
	at org.apache.maven.surefire.junit4.JUnit4Provider.invoke(JUnit4Provider.java:159)
	at org.apache.maven.surefire.booter.ForkedBooter.invokeProviderInSameClassLoader(ForkedBooter.java:384)
	at org.apache.maven.surefire.booter.ForkedBooter.runSuitesInProcess(ForkedBooter.java:345)
	at org.apache.maven.surefire.booter.ForkedBooter.execute(ForkedBooter.java:126)
	at org.apache.maven.surefire.booter.ForkedBooter.main(ForkedBooter.java:418)
</failure>
    <system-out><![CDATA[2019-08-21 07:11:37,351 WARN  server.ServerUtils (ServerUtils.java:getScmDbDir(145)) - ozone.scm.db.dirs is not configured. We recommend adding this setting. Falling back to ozone.metadata.dirs instead.
2019-08-21 07:11:37,467 WARN  server.ServerUtils (ServerUtils.java:getScmDbDir(145)) - ozone.scm.db.dirs is not configured. We recommend adding this setting. Falling back to ozone.metadata.dirs instead.
2019-08-21 07:11:37,471 WARN  server.ServerUtils (ServerUtils.java:getScmDbDir(145)) - ozone.scm.db.dirs is not configured. We recommend adding this setting. Falling back to ozone.metadata.dirs instead.
2019-08-21 07:11:37,490 INFO  util.log (Log.java:initialized(192)) - Logging initialized @984ms
2019-08-21 07:11:37,600 INFO  db.DBStoreBuilder (DBStoreBuilder.java:addTable(110)) - using custom profile for table: deletedBlocks
2019-08-21 07:11:37,601 INFO  db.DBStoreBuilder (DBStoreBuilder.java:processTables(161)) - Using default column profile:DBProfile.DISK for Table:deletedBlocks
2019-08-21 07:11:37,601 INFO  db.DBStoreBuilder (DBStoreBuilder.java:addTable(110)) - using custom profile for table: validCerts
2019-08-21 07:11:37,602 INFO  db.DBStoreBuilder (DBStoreBuilder.java:processTables(161)) - Using default column profile:DBProfile.DISK for Table:validCerts
2019-08-21 07:11:37,602 INFO  db.DBStoreBuilder (DBStoreBuilder.java:addTable(110)) - using custom profile for table: revokedCerts
2019-08-21 07:11:37,602 INFO  db.DBStoreBuilder (DBStoreBuilder.java:processTables(161)) - Using default column profile:DBProfile.DISK for Table:revokedCerts
2019-08-21 07:11:37,615 INFO  db.DBStoreBuilder (DBStoreBuilder.java:addTable(110)) - using custom profile for table: default
2019-08-21 07:11:37,615 INFO  db.DBStoreBuilder (DBStoreBuilder.java:processTables(167)) - Using default column profile:DBProfile.DISK for Table:default
2019-08-21 07:11:37,616 INFO  db.DBStoreBuilder (DBStoreBuilder.java:getDbProfile(198)) - Using default options. DBProfile.DISK
2019-08-21 07:11:37,977 INFO  net.NodeSchemaLoader (NodeSchemaLoader.java:loadSchemaFromFile(125)) - Loading file from sun.misc.CompoundEnumeration@3270d194
2019-08-21 07:11:37,979 INFO  net.NodeSchemaLoader (NodeSchemaLoader.java:loadSchema(171)) - Loading network topology layer schema file
2019-08-21 07:11:38,051 WARN  server.ServerUtils (ServerUtils.java:sanitizeUserArgs(70)) - ozone.scm.stale.node.interval value = 300000 is larger than max = 100000 based on the key value of ozone.scm.heartbeat.thread.interval, reset to the max value 100000.
2019-08-21 07:11:38,053 WARN  server.ServerUtils (ServerUtils.java:sanitizeUserArgs(70)) - ozone.scm.stale.node.interval value = 300000 is larger than max = 100000 based on the key value of ozone.scm.heartbeat.thread.interval, reset to the max value 100000.
2019-08-21 07:11:38,055 INFO  node.SCMNodeManager (SCMNodeManager.java:<init>(114)) - Entering startup safe mode.
2019-08-21 07:11:38,144 WARN  server.ServerUtils (ServerUtils.java:getScmDbDir(145)) - ozone.scm.db.dirs is not configured. We recommend adding this setting. Falling back to ozone.metadata.dirs instead.
2019-08-21 07:11:38,258 INFO  pipeline.SCMPipelineManager (SCMPipelineManager.java:initializePipelineState(126)) - No pipeline exists in current db
2019-08-21 07:11:38,260 WARN  server.ServerUtils (ServerUtils.java:getScmDbDir(145)) - ozone.scm.db.dirs is not configured. We recommend adding this setting. Falling back to ozone.metadata.dirs instead.
2019-08-21 07:11:38,394 WARN  events.EventQueue (EventQueue.java:fireEvent(183)) - No event handler registered for event TypedEvent{payloadType=SafeModeStatus, name='SafeModeStatus'}
2019-08-21 07:11:38,753 INFO  ipc.CallQueueManager (CallQueueManager.java:<init>(84)) - Using callQueue: class java.util.concurrent.LinkedBlockingQueue, queueCapacity: 2000, scheduler: class org.apache.hadoop.ipc.DefaultRpcScheduler, ipcBackoff: false.
2019-08-21 07:11:38,779 INFO  ipc.Server (Server.java:run(1074)) - Starting Socket Reader #1 for port 45992
2019-08-21 07:11:38,927 INFO  ipc.CallQueueManager (CallQueueManager.java:<init>(84)) - Using callQueue: class java.util.concurrent.LinkedBlockingQueue, queueCapacity: 2000, scheduler: class org.apache.hadoop.ipc.DefaultRpcScheduler, ipcBackoff: false.
2019-08-21 07:11:38,928 INFO  ipc.Server (Server.java:run(1074)) - Starting Socket Reader #1 for port 45817
2019-08-21 07:11:38,939 INFO  ipc.CallQueueManager (CallQueueManager.java:<init>(84)) - Using callQueue: class java.util.concurrent.LinkedBlockingQueue, queueCapacity: 2000, scheduler: class org.apache.hadoop.ipc.DefaultRpcScheduler, ipcBackoff: false.
2019-08-21 07:11:38,940 INFO  ipc.Server (Server.java:run(1074)) - Starting Socket Reader #1 for port 37861
2019-08-21 07:11:38,965 INFO  hdfs.DFSUtil (DFSUtil.java:httpServerTemplateForNNAndJN(1641)) - Starting Web-server for scm at: http://0.0.0.0:0
2019-08-21 07:11:39,150 INFO  server.AuthenticationFilter (AuthenticationFilter.java:constructSecretProvider(240)) - Unable to initialize FileSignerSecretProvider, falling back to use random secrets.
2019-08-21 07:11:39,163 WARN  http.HttpRequestLog (HttpRequestLog.java:getRequestLog(97)) - Jetty request log can only be enabled using Log4j
2019-08-21 07:11:39,175 INFO  http.HttpServer2 (HttpServer2.java:addGlobalFilter(975)) - Added global filter 'safety' (class=org.apache.hadoop.http.HttpServer2$QuotingInputFilter)
2019-08-21 07:11:39,179 INFO  http.HttpServer2 (HttpServer2.java:addFilter(948)) - Added filter static_user_filter (class=org.apache.hadoop.http.lib.StaticUserWebFilter$StaticUserFilter) to context scm
2019-08-21 07:11:39,179 INFO  http.HttpServer2 (HttpServer2.java:addFilter(958)) - Added filter static_user_filter (class=org.apache.hadoop.http.lib.StaticUserWebFilter$StaticUserFilter) to context logs
2019-08-21 07:11:39,179 INFO  http.HttpServer2 (HttpServer2.java:addFilter(958)) - Added filter static_user_filter (class=org.apache.hadoop.http.lib.StaticUserWebFilter$StaticUserFilter) to context static
2019-08-21 07:11:39,219 INFO  server.StorageContainerManager (StorageContainerManager.java:start(758)) - StorageContainerLocationProtocol RPC server is listening at /0.0.0.0:37861
2019-08-21 07:11:39,292 WARN  impl.MetricsConfig (MetricsConfig.java:loadFirst(134)) - Cannot locate configuration: tried hadoop-metrics2-storagecontainermanager.properties,hadoop-metrics2.properties
2019-08-21 07:11:39,307 INFO  impl.MetricsSystemImpl (MetricsSystemImpl.java:startTimer(374)) - Scheduled Metric snapshot period at 10 second(s).
2019-08-21 07:11:39,307 INFO  impl.MetricsSystemImpl (MetricsSystemImpl.java:start(191)) - StorageContainerManager metrics system started
2019-08-21 07:11:39,571 INFO  server.SCMClientProtocolServer (SCMClientProtocolServer.java:start(151)) - RPC server for Client  is listening at /0.0.0.0:37861
2019-08-21 07:11:39,571 INFO  ipc.Server (Server.java:run(1314)) - IPC Server Responder: starting
2019-08-21 07:11:39,571 INFO  ipc.Server (Server.java:run(1153)) - IPC Server listener on 37861: starting
2019-08-21 07:11:39,574 INFO  server.StorageContainerManager (StorageContainerManager.java:start(768)) - ScmBlockLocationProtocol RPC server is listening at /0.0.0.0:45817
2019-08-21 07:11:39,576 INFO  server.SCMBlockProtocolServer (SCMBlockProtocolServer.java:start(146)) - RPC server for Block Protocol is listening at /0.0.0.0:45817
2019-08-21 07:11:39,576 INFO  ipc.Server (Server.java:run(1314)) - IPC Server Responder: starting
2019-08-21 07:11:39,576 INFO  ipc.Server (Server.java:run(1153)) - IPC Server listener on 45817: starting
2019-08-21 07:11:39,579 INFO  server.StorageContainerManager (StorageContainerManager.java:start(772)) - ScmDatanodeProtocl RPC server is listening at /0.0.0.0:45992
2019-08-21 07:11:39,580 INFO  server.SCMDatanodeProtocolServer (SCMDatanodeProtocolServer.java:start(191)) - RPC server for DataNodes is listening at /0.0.0.0:45992
2019-08-21 07:11:39,580 INFO  ipc.Server (Server.java:run(1314)) - IPC Server Responder: starting
2019-08-21 07:11:39,581 INFO  ipc.Server (Server.java:run(1153)) - IPC Server listener on 45992: starting
2019-08-21 07:11:39,586 INFO  http.HttpServer2 (HttpServer2.java:bindListener(1191)) - Jetty bound to port 37546
2019-08-21 07:11:39,589 INFO  server.Server (Server.java:doStart(351)) - jetty-9.3.24.v20180605, build timestamp: 2018-06-05T17:11:56Z, git hash: 84205aa28f11a4f31f2a3b86d1bba2cc8ab69827
2019-08-21 07:11:39,640 INFO  handler.ContextHandler (ContextHandler.java:doStart(781)) - Started o.e.j.s.ServletContextHandler@6ff65192{/logs,file:///workdir/hadoop-ozone/integration-test/target/log,AVAILABLE}
2019-08-21 07:11:39,640 INFO  handler.ContextHandler (ContextHandler.java:doStart(781)) - Started o.e.j.s.ServletContextHandler@4af0df05{/static,file:///workdir/hadoop-ozone/integration-test/target/test-classes/webapps/static,AVAILABLE}
2019-08-21 07:11:39,676 INFO  handler.ContextHandler (ContextHandler.java:doStart(781)) - Started o.e.j.w.WebAppContext@2c4ca0f9{/,file:///workdir/hadoop-ozone/integration-test/target/test-classes/webapps/scm/,AVAILABLE}{/scm}
2019-08-21 07:11:39,682 INFO  server.AbstractConnector (AbstractConnector.java:doStart(278)) - Started ServerConnector@7555b920{HTTP/1.1,[http/1.1]}{0.0.0.0:37546}
2019-08-21 07:11:39,682 INFO  server.Server (Server.java:doStart(419)) - Started @3177ms
2019-08-21 07:11:39,685 INFO  impl.MetricsSinkAdapter (MetricsSinkAdapter.java:start(204)) - Sink prometheus started
2019-08-21 07:11:39,685 INFO  impl.MetricsSystemImpl (MetricsSystemImpl.java:registerSink(301)) - Registered sink prometheus
2019-08-21 07:11:39,687 INFO  server.BaseHttpServer (BaseHttpServer.java:updateConnectorAddress(215)) - HTTP server of SCM is listening at http://0.0.0.0:37546
2019-08-21 07:11:39,696 INFO  util.JvmPauseMonitor (JvmPauseMonitor.java:run(188)) - Starting JVM pause monitor
2019-08-21 07:11:39,701 WARN  server.ServerUtils (ServerUtils.java:getDBPath(222)) - ozone.om.db.dirs is not configured. We recommend adding this setting. Falling back to ozone.metadata.dirs instead.
2019-08-21 07:11:39,828 WARN  server.ServerUtils (ServerUtils.java:getDBPath(222)) - ozone.om.db.dirs is not configured. We recommend adding this setting. Falling back to ozone.metadata.dirs instead.
2019-08-21 07:11:39,829 WARN  server.ServerUtils (ServerUtils.java:getDBPath(222)) - ozone.om.db.dirs is not configured. We recommend adding this setting. Falling back to ozone.metadata.dirs instead.
2019-08-21 07:11:39,830 INFO  om.OzoneManager (OzoneManager.java:setOMNodeDetails(654)) - OM Service ID is not set. Setting it to the default ID: omServiceIdDefault
2019-08-21 07:11:39,830 INFO  om.OzoneManager (OzoneManager.java:setOMNodeDetails(660)) - OM Node ID is not set. Setting it to the OmStorage's OmID: 4d45c431-2520-4542-85ef-f1a833b5716f
2019-08-21 07:11:39,831 INFO  om.OzoneManager (OzoneManager.java:loadOMHAConfigs(611)) - Found matching OM address with OMServiceId: null, OMNodeId: null, RPC Address: localhost:0 and Ratis port: 9872
2019-08-21 07:11:40,573 WARN  server.ServerUtils (ServerUtils.java:getDBPath(222)) - ozone.om.db.dirs is not configured. We recommend adding this setting. Falling back to ozone.metadata.dirs instead.
2019-08-21 07:11:40,580 INFO  db.DBStoreBuilder (DBStoreBuilder.java:addTable(110)) - using custom profile for table: userTable
2019-08-21 07:11:40,581 INFO  db.DBStoreBuilder (DBStoreBuilder.java:processTables(161)) - Using default column profile:DBProfile.DISK for Table:userTable
2019-08-21 07:11:40,581 INFO  db.DBStoreBuilder (DBStoreBuilder.java:addTable(110)) - using custom profile for table: volumeTable
2019-08-21 07:11:40,581 INFO  db.DBStoreBuilder (DBStoreBuilder.java:processTables(161)) - Using default column profile:DBProfile.DISK for Table:volumeTable
2019-08-21 07:11:40,581 INFO  db.DBStoreBuilder (DBStoreBuilder.java:addTable(110)) - using custom profile for table: bucketTable
2019-08-21 07:11:40,582 INFO  db.DBStoreBuilder (DBStoreBuilder.java:processTables(161)) - Using default column profile:DBProfile.DISK for Table:bucketTable
2019-08-21 07:11:40,582 INFO  db.DBStoreBuilder (DBStoreBuilder.java:addTable(110)) - using custom profile for table: keyTable
2019-08-21 07:11:40,582 INFO  db.DBStoreBuilder (DBStoreBuilder.java:processTables(161)) - Using default column profile:DBProfile.DISK for Table:keyTable
2019-08-21 07:11:40,582 INFO  db.DBStoreBuilder (DBStoreBuilder.java:addTable(110)) - using custom profile for table: deletedTable
2019-08-21 07:11:40,583 INFO  db.DBStoreBuilder (DBStoreBuilder.java:processTables(161)) - Using default column profile:DBProfile.DISK for Table:deletedTable
2019-08-21 07:11:40,583 INFO  db.DBStoreBuilder (DBStoreBuilder.java:addTable(110)) - using custom profile for table: openKeyTable
2019-08-21 07:11:40,583 INFO  db.DBStoreBuilder (DBStoreBuilder.java:processTables(161)) - Using default column profile:DBProfile.DISK for Table:openKeyTable
2019-08-21 07:11:40,583 INFO  db.DBStoreBuilder (DBStoreBuilder.java:addTable(110)) - using custom profile for table: s3Table
2019-08-21 07:11:40,584 INFO  db.DBStoreBuilder (DBStoreBuilder.java:processTables(161)) - Using default column profile:DBProfile.DISK for Table:s3Table
2019-08-21 07:11:40,584 INFO  db.DBStoreBuilder (DBStoreBuilder.java:addTable(110)) - using custom profile for table: multipartInfoTable
2019-08-21 07:11:40,584 INFO  db.DBStoreBuilder (DBStoreBuilder.java:processTables(161)) - Using default column profile:DBProfile.DISK for Table:multipartInfoTable
2019-08-21 07:11:40,584 INFO  db.DBStoreBuilder (DBStoreBuilder.java:addTable(110)) - using custom profile for table: dTokenTable
2019-08-21 07:11:40,585 INFO  db.DBStoreBuilder (DBStoreBuilder.java:processTables(161)) - Using default column profile:DBProfile.DISK for Table:dTokenTable
2019-08-21 07:11:40,585 INFO  db.DBStoreBuilder (DBStoreBuilder.java:addTable(110)) - using custom profile for table: s3SecretTable
2019-08-21 07:11:40,585 INFO  db.DBStoreBuilder (DBStoreBuilder.java:processTables(161)) - Using default column profile:DBProfile.DISK for Table:s3SecretTable
2019-08-21 07:11:40,585 INFO  db.DBStoreBuilder (DBStoreBuilder.java:addTable(110)) - using custom profile for table: prefixTable
2019-08-21 07:11:40,586 INFO  db.DBStoreBuilder (DBStoreBuilder.java:processTables(161)) - Using default column profile:DBProfile.DISK for Table:prefixTable
2019-08-21 07:11:40,586 INFO  db.DBStoreBuilder (DBStoreBuilder.java:addTable(110)) - using custom profile for table: default
2019-08-21 07:11:40,586 INFO  db.DBStoreBuilder (DBStoreBuilder.java:processTables(167)) - Using default column profile:DBProfile.DISK for Table:default
2019-08-21 07:11:40,586 INFO  db.DBStoreBuilder (DBStoreBuilder.java:getDbProfile(198)) - Using default options. DBProfile.DISK
2019-08-21 07:11:41,132 INFO  ipc.CallQueueManager (CallQueueManager.java:<init>(84)) - Using callQueue: class java.util.concurrent.LinkedBlockingQueue, queueCapacity: 2000, scheduler: class org.apache.hadoop.ipc.DefaultRpcScheduler, ipcBackoff: false.
2019-08-21 07:11:41,133 INFO  ipc.Server (Server.java:run(1074)) - Starting Socket Reader #1 for port 36578
2019-08-21 07:11:41,158 INFO  om.OzoneManager (OzoneManager.java:start(1268)) - OzoneManager RPC server is listening at localhost/127.0.0.1:36578
2019-08-21 07:11:41,158 INFO  impl.MetricsSystemImpl (MetricsSystemImpl.java:init(158)) - OzoneManager metrics system started (again)
2019-08-21 07:11:41,159 INFO  ipc.Server (Server.java:run(1314)) - IPC Server Responder: starting
2019-08-21 07:11:41,160 INFO  ipc.Server (Server.java:run(1153)) - IPC Server listener on 36578: starting
2019-08-21 07:11:41,166 INFO  hdfs.DFSUtil (DFSUtil.java:httpServerTemplateForNNAndJN(1641)) - Starting Web-server for ozoneManager at: http://0.0.0.0:0
2019-08-21 07:11:41,168 INFO  server.AuthenticationFilter (AuthenticationFilter.java:constructSecretProvider(240)) - Unable to initialize FileSignerSecretProvider, falling back to use random secrets.
2019-08-21 07:11:41,168 WARN  http.HttpRequestLog (HttpRequestLog.java:getRequestLog(97)) - Jetty request log can only be enabled using Log4j
2019-08-21 07:11:41,170 INFO  http.HttpServer2 (HttpServer2.java:addGlobalFilter(975)) - Added global filter 'safety' (class=org.apache.hadoop.http.HttpServer2$QuotingInputFilter)
2019-08-21 07:11:41,171 INFO  http.HttpServer2 (HttpServer2.java:addFilter(948)) - Added filter static_user_filter (class=org.apache.hadoop.http.lib.StaticUserWebFilter$StaticUserFilter) to context ozoneManager
2019-08-21 07:11:41,172 INFO  http.HttpServer2 (HttpServer2.java:addFilter(958)) - Added filter static_user_filter (class=org.apache.hadoop.http.lib.StaticUserWebFilter$StaticUserFilter) to context static
2019-08-21 07:11:41,172 INFO  http.HttpServer2 (HttpServer2.java:addFilter(958)) - Added filter static_user_filter (class=org.apache.hadoop.http.lib.StaticUserWebFilter$StaticUserFilter) to context logs
2019-08-21 07:11:41,174 INFO  http.HttpServer2 (HttpServer2.java:bindListener(1191)) - Jetty bound to port 38333
2019-08-21 07:11:41,174 INFO  server.Server (Server.java:doStart(351)) - jetty-9.3.24.v20180605, build timestamp: 2018-06-05T17:11:56Z, git hash: 84205aa28f11a4f31f2a3b86d1bba2cc8ab69827
2019-08-21 07:11:41,177 INFO  handler.ContextHandler (ContextHandler.java:doStart(781)) - Started o.e.j.s.ServletContextHandler@76954a33{/logs,file:///workdir/hadoop-ozone/integration-test/target/log,AVAILABLE}
2019-08-21 07:11:41,177 INFO  handler.ContextHandler (ContextHandler.java:doStart(781)) - Started o.e.j.s.ServletContextHandler@982bb90{/static,file:///workdir/hadoop-ozone/integration-test/target/test-classes/webapps/static,AVAILABLE}
2019-08-21 07:11:41,182 INFO  handler.ContextHandler (ContextHandler.java:doStart(781)) - Started o.e.j.w.WebAppContext@1bc425e7{/,file:///workdir/hadoop-ozone/integration-test/target/test-classes/webapps/ozoneManager/,AVAILABLE}{/ozoneManager}
2019-08-21 07:11:41,184 INFO  server.AbstractConnector (AbstractConnector.java:doStart(278)) - Started ServerConnector@4b2a30d{HTTP/1.1,[http/1.1]}{0.0.0.0:38333}
2019-08-21 07:11:41,184 INFO  server.Server (Server.java:doStart(419)) - Started @4679ms
2019-08-21 07:11:41,185 WARN  impl.MetricsSystemImpl (MetricsSystemImpl.java:register(276)) - Sink prometheus already exists!
2019-08-21 07:11:41,186 INFO  server.BaseHttpServer (BaseHttpServer.java:updateConnectorAddress(215)) - HTTP server of OZONEMANAGER is listening at http://0.0.0.0:38333
2019-08-21 07:11:41,537 INFO  impl.MetricsSystemImpl (MetricsSystemImpl.java:init(158)) - HddsDatanode metrics system started (again)
2019-08-21 07:11:41,605 INFO  ozone.HddsDatanodeService (HddsDatanodeService.java:start(184)) - HddsDatanodeService host:pr-hdds-1935-8bnx7-2419419324 ip:192.168.36.89
2019-08-21 07:11:41,638 INFO  volume.HddsVolume (HddsVolume.java:<init>(176)) - Creating Volume: /workdir/hadoop-ozone/integration-test/target/test-dir/MiniOzoneClusterImpl-ba683c9d-7a8a-4709-b9fa-019fe96252e8/datanode-0/data/containers/hdds of  storage type : DISK and capacity : 1482555576320
2019-08-21 07:11:41,640 INFO  volume.VolumeSet (VolumeSet.java:initializeVolumeSet(170)) - Added Volume : /workdir/hadoop-ozone/integration-test/target/test-dir/MiniOzoneClusterImpl-ba683c9d-7a8a-4709-b9fa-019fe96252e8/datanode-0/data/containers/hdds to VolumeSet
2019-08-21 07:11:41,644 INFO  volume.ThrottledAsyncChecker (ThrottledAsyncChecker.java:schedule(140)) - Scheduling a check for org.apache.hadoop.ozone.container.common.volume.HddsVolume@24e08d59
2019-08-21 07:11:41,663 INFO  volume.HddsVolumeChecker (HddsVolumeChecker.java:checkAllVolumes(203)) - Scheduled health check for volume org.apache.hadoop.ozone.container.common.volume.HddsVolume@24e08d59
2019-08-21 07:11:41,782 INFO  impl.RaftServerProxy (ConfUtils.java:logGet(43)) - raft.rpc.type = GRPC (default)
2019-08-21 07:11:41,853 INFO  grpc.GrpcFactory (GrpcFactory.java:checkPooledByteBufAllocatorUseCacheForAllThreads(45)) - PERFORMANCE WARNING: useCacheForAllThreads is true that may cause Netty to create a lot garbage objects and, as a result, trigger GC.
	It is recommended to disable useCacheForAllThreads by setting -Dorg.apache.ratis.thirdparty.io.netty.allocator.useCacheForAllThreads=false in command line.
2019-08-21 07:11:41,858 INFO  grpc.GrpcConfigKeys$Server (ConfUtils.java:logGet(43)) - raft.grpc.server.port = 0 (default)
2019-08-21 07:11:41,859 INFO  server.GrpcService (ConfUtils.java:logGet(43)) - raft.grpc.message.size.max = 33570816 (custom)
2019-08-21 07:11:41,860 INFO  server.RaftServerConfigKeys (ConfUtils.java:logGet(43)) - raft.server.log.appender.buffer.byte-limit = 33554432 (custom)
2019-08-21 07:11:41,861 INFO  server.GrpcService (ConfUtils.java:logGet(43)) - raft.grpc.flow.control.window = 1MB (=1048576) (default)
2019-08-21 07:11:41,862 INFO  server.RaftServerConfigKeys (ConfUtils.java:logGet(43)) - raft.server.rpc.request.timeout = 3000ms (default)
2019-08-21 07:11:42,037 INFO  server.RaftServerConfigKeys (ConfUtils.java:logGet(43)) - raft.server.storage.dir = [/workdir/hadoop-ozone/integration-test/target/test-dir/MiniOzoneClusterImpl-ba683c9d-7a8a-4709-b9fa-019fe96252e8/datanode-0/data/ratis] (custom)
2019-08-21 07:11:42,076 INFO  replication.SimpleContainerDownloader (SimpleContainerDownloader.java:<init>(72)) - Starting container downloader service to copy containers to replicate.
2019-08-21 07:11:42,093 INFO  hdfs.DFSUtil (DFSUtil.java:httpServerTemplateForNNAndJN(1641)) - Starting Web-server for hddsDatanode at: http://0.0.0.0:0
2019-08-21 07:11:42,096 INFO  server.AuthenticationFilter (AuthenticationFilter.java:constructSecretProvider(240)) - Unable to initialize FileSignerSecretProvider, falling back to use random secrets.
2019-08-21 07:11:42,096 WARN  http.HttpRequestLog (HttpRequestLog.java:getRequestLog(97)) - Jetty request log can only be enabled using Log4j
2019-08-21 07:11:42,098 INFO  http.HttpServer2 (HttpServer2.java:addGlobalFilter(975)) - Added global filter 'safety' (class=org.apache.hadoop.http.HttpServer2$QuotingInputFilter)
2019-08-21 07:11:42,099 INFO  http.HttpServer2 (HttpServer2.java:addFilter(948)) - Added filter static_user_filter (class=org.apache.hadoop.http.lib.StaticUserWebFilter$StaticUserFilter) to context hddsDatanode
2019-08-21 07:11:42,100 INFO  http.HttpServer2 (HttpServer2.java:addFilter(958)) - Added filter static_user_filter (class=org.apache.hadoop.http.lib.StaticUserWebFilter$StaticUserFilter) to context logs
2019-08-21 07:11:42,100 INFO  http.HttpServer2 (HttpServer2.java:addFilter(958)) - Added filter static_user_filter (class=org.apache.hadoop.http.lib.StaticUserWebFilter$StaticUserFilter) to context static
2019-08-21 07:11:42,101 INFO  http.HttpServer2 (HttpServer2.java:bindListener(1191)) - Jetty bound to port 45266
2019-08-21 07:11:42,101 INFO  server.Server (Server.java:doStart(351)) - jetty-9.3.24.v20180605, build timestamp: 2018-06-05T17:11:56Z, git hash: 84205aa28f11a4f31f2a3b86d1bba2cc8ab69827
2019-08-21 07:11:42,103 INFO  handler.ContextHandler (ContextHandler.java:doStart(781)) - Started o.e.j.s.ServletContextHandler@52e04737{/logs,file:///workdir/hadoop-ozone/integration-test/target/log,AVAILABLE}
2019-08-21 07:11:42,104 INFO  handler.ContextHandler (ContextHandler.java:doStart(781)) - Started o.e.j.s.ServletContextHandler@1a4d1ab7{/static,jar:file:/home/user/.m2/repository/org/apache/hadoop/hadoop-hdds-container-service/0.5.0-SNAPSHOT/hadoop-hdds-container-service-0.5.0-SNAPSHOT.jar!/webapps/static,AVAILABLE}
2019-08-21 07:11:42,158 INFO  handler.ContextHandler (ContextHandler.java:doStart(781)) - Started o.e.j.w.WebAppContext@14b789f6{/,file:///tmp/jetty-0.0.0.0-45266-hddsDatanode-_-any-5096592802803495372.dir/webapp/,AVAILABLE}{/hddsDatanode}
2019-08-21 07:11:42,160 INFO  server.AbstractConnector (AbstractConnector.java:doStart(278)) - Started ServerConnector@6eb17ec8{HTTP/1.1,[http/1.1]}{0.0.0.0:45266}
2019-08-21 07:11:42,161 INFO  server.Server (Server.java:doStart(419)) - Started @5655ms
2019-08-21 07:11:42,161 WARN  impl.MetricsSystemImpl (MetricsSystemImpl.java:register(276)) - Sink prometheus already exists!
2019-08-21 07:11:42,162 INFO  server.BaseHttpServer (BaseHttpServer.java:updateConnectorAddress(215)) - HTTP server of HDDSDATANODE is listening at http://0.0.0.0:45266
2019-08-21 07:11:43,346 INFO  ozone.HddsDatanodeService (HddsDatanodeService.java:startPlugins(395)) - Started plug-in org.apache.hadoop.ozone.web.OzoneHddsDatanodeService@36c7cbe1
2019-08-21 07:11:43,347 INFO  impl.MetricsSystemImpl (MetricsSystemImpl.java:init(158)) - HddsDatanode metrics system started (again)
2019-08-21 07:11:43,351 INFO  ozone.HddsDatanodeService (HddsDatanodeService.java:start(184)) - HddsDatanodeService host:pr-hdds-1935-8bnx7-2419419324 ip:192.168.36.89
2019-08-21 07:11:43,353 INFO  util.JvmPauseMonitor (JvmPauseMonitor.java:run(188)) - Starting JVM pause monitor
2019-08-21 07:11:43,359 INFO  volume.HddsVolume (HddsVolume.java:<init>(176)) - Creating Volume: /workdir/hadoop-ozone/integration-test/target/test-dir/MiniOzoneClusterImpl-ba683c9d-7a8a-4709-b9fa-019fe96252e8/datanode-1/data/containers/hdds of  storage type : DISK and capacity : 1482555576320
2019-08-21 07:11:43,359 INFO  volume.VolumeSet (VolumeSet.java:initializeVolumeSet(170)) - Added Volume : /workdir/hadoop-ozone/integration-test/target/test-dir/MiniOzoneClusterImpl-ba683c9d-7a8a-4709-b9fa-019fe96252e8/datanode-1/data/containers/hdds to VolumeSet
2019-08-21 07:11:43,360 INFO  volume.ThrottledAsyncChecker (ThrottledAsyncChecker.java:schedule(140)) - Scheduling a check for org.apache.hadoop.ozone.container.common.volume.HddsVolume@6dca31eb
2019-08-21 07:11:43,361 INFO  volume.HddsVolumeChecker (HddsVolumeChecker.java:checkAllVolumes(203)) - Scheduled health check for volume org.apache.hadoop.ozone.container.common.volume.HddsVolume@6dca31eb
2019-08-21 07:11:43,380 INFO  impl.RaftServerProxy (ConfUtils.java:logGet(43)) - raft.rpc.type = GRPC (default)
2019-08-21 07:11:43,380 INFO  grpc.GrpcFactory (GrpcFactory.java:checkPooledByteBufAllocatorUseCacheForAllThreads(45)) - PERFORMANCE WARNING: useCacheForAllThreads is true that may cause Netty to create a lot garbage objects and, as a result, trigger GC.
	It is recommended to disable useCacheForAllThreads by setting -Dorg.apache.ratis.thirdparty.io.netty.allocator.useCacheForAllThreads=false in command line.
2019-08-21 07:11:43,381 INFO  grpc.GrpcConfigKeys$Server (ConfUtils.java:logGet(43)) - raft.grpc.server.port = 0 (default)
2019-08-21 07:11:43,381 INFO  server.GrpcService (ConfUtils.java:logGet(43)) - raft.grpc.message.size.max = 33570816 (custom)
2019-08-21 07:11:43,381 INFO  server.RaftServerConfigKeys (ConfUtils.java:logGet(43)) - raft.server.log.appender.buffer.byte-limit = 33554432 (custom)
2019-08-21 07:11:43,381 INFO  server.GrpcService (ConfUtils.java:logGet(43)) - raft.grpc.flow.control.window = 1MB (=1048576) (default)
2019-08-21 07:11:43,382 INFO  server.RaftServerConfigKeys (ConfUtils.java:logGet(43)) - raft.server.rpc.request.timeout = 3000ms (default)
2019-08-21 07:11:43,382 INFO  server.RaftServerConfigKeys (ConfUtils.java:logGet(43)) - raft.server.storage.dir = [/workdir/hadoop-ozone/integration-test/target/test-dir/MiniOzoneClusterImpl-ba683c9d-7a8a-4709-b9fa-019fe96252e8/datanode-1/data/ratis] (custom)
2019-08-21 07:11:43,384 INFO  replication.SimpleContainerDownloader (SimpleContainerDownloader.java:<init>(72)) - Starting container downloader service to copy containers to replicate.
2019-08-21 07:11:43,385 INFO  hdfs.DFSUtil (DFSUtil.java:httpServerTemplateForNNAndJN(1641)) - Starting Web-server for hddsDatanode at: http://0.0.0.0:0
2019-08-21 07:11:43,387 INFO  server.AuthenticationFilter (AuthenticationFilter.java:constructSecretProvider(240)) - Unable to initialize FileSignerSecretProvider, falling back to use random secrets.
2019-08-21 07:11:43,388 WARN  http.HttpRequestLog (HttpRequestLog.java:getRequestLog(97)) - Jetty request log can only be enabled using Log4j
2019-08-21 07:11:43,389 INFO  http.HttpServer2 (HttpServer2.java:addGlobalFilter(975)) - Added global filter 'safety' (class=org.apache.hadoop.http.HttpServer2$QuotingInputFilter)
2019-08-21 07:11:43,390 INFO  http.HttpServer2 (HttpServer2.java:addFilter(948)) - Added filter static_user_filter (class=org.apache.hadoop.http.lib.StaticUserWebFilter$StaticUserFilter) to context hddsDatanode
2019-08-21 07:11:43,391 INFO  http.HttpServer2 (HttpServer2.java:addFilter(958)) - Added filter static_user_filter (class=org.apache.hadoop.http.lib.StaticUserWebFilter$StaticUserFilter) to context logs
2019-08-21 07:11:43,391 INFO  http.HttpServer2 (HttpServer2.java:addFilter(958)) - Added filter static_user_filter (class=org.apache.hadoop.http.lib.StaticUserWebFilter$StaticUserFilter) to context static
2019-08-21 07:11:43,392 INFO  http.HttpServer2 (HttpServer2.java:bindListener(1191)) - Jetty bound to port 45172
2019-08-21 07:11:43,392 INFO  server.Server (Server.java:doStart(351)) - jetty-9.3.24.v20180605, build timestamp: 2018-06-05T17:11:56Z, git hash: 84205aa28f11a4f31f2a3b86d1bba2cc8ab69827
2019-08-21 07:11:43,395 INFO  handler.ContextHandler (ContextHandler.java:doStart(781)) - Started o.e.j.s.ServletContextHandler@4d4436d0{/logs,file:///workdir/hadoop-ozone/integration-test/target/log,AVAILABLE}
2019-08-21 07:11:43,396 INFO  handler.ContextHandler (ContextHandler.java:doStart(781)) - Started o.e.j.s.ServletContextHandler@2443abd6{/static,jar:file:/home/user/.m2/repository/org/apache/hadoop/hadoop-hdds-container-service/0.5.0-SNAPSHOT/hadoop-hdds-container-service-0.5.0-SNAPSHOT.jar!/webapps/static,AVAILABLE}
2019-08-21 07:11:43,424 INFO  handler.ContextHandler (ContextHandler.java:doStart(781)) - Started o.e.j.w.WebAppContext@4e80a001{/,file:///tmp/jetty-0.0.0.0-45172-hddsDatanode-_-any-6248192993017748096.dir/webapp/,AVAILABLE}{/hddsDatanode}
2019-08-21 07:11:43,425 INFO  server.AbstractConnector (AbstractConnector.java:doStart(278)) - Started ServerConnector@624b523{HTTP/1.1,[http/1.1]}{0.0.0.0:45172}
2019-08-21 07:11:43,426 INFO  server.Server (Server.java:doStart(419)) - Started @6920ms
2019-08-21 07:11:43,426 WARN  impl.MetricsSystemImpl (MetricsSystemImpl.java:register(276)) - Sink prometheus already exists!
2019-08-21 07:11:43,427 INFO  server.BaseHttpServer (BaseHttpServer.java:updateConnectorAddress(215)) - HTTP server of HDDSDATANODE is listening at http://0.0.0.0:45172
2019-08-21 07:11:43,471 INFO  datanode.InitDatanodeState (InitDatanodeState.java:persistContainerDatanodeDetails(140)) - DatanodeDetails is persisted to /workdir/hadoop-ozone/integration-test/target/test-dir/MiniOzoneClusterImpl-ba683c9d-7a8a-4709-b9fa-019fe96252e8/datanode-0/meta/datanode.id
2019-08-21 07:11:43,589 INFO  ozone.HddsDatanodeService (HddsDatanodeService.java:startPlugins(395)) - Started plug-in org.apache.hadoop.ozone.web.OzoneHddsDatanodeService@2c3158e0
2019-08-21 07:11:43,589 INFO  impl.MetricsSystemImpl (MetricsSystemImpl.java:init(158)) - HddsDatanode metrics system started (again)
2019-08-21 07:11:43,592 INFO  util.JvmPauseMonitor (JvmPauseMonitor.java:run(188)) - Starting JVM pause monitor
2019-08-21 07:11:43,592 INFO  ozone.HddsDatanodeService (HddsDatanodeService.java:start(184)) - HddsDatanodeService host:pr-hdds-1935-8bnx7-2419419324 ip:192.168.36.89
2019-08-21 07:11:43,598 INFO  datanode.InitDatanodeState (InitDatanodeState.java:persistContainerDatanodeDetails(140)) - DatanodeDetails is persisted to /workdir/hadoop-ozone/integration-test/target/test-dir/MiniOzoneClusterImpl-ba683c9d-7a8a-4709-b9fa-019fe96252e8/datanode-1/meta/datanode.id
2019-08-21 07:11:43,603 INFO  volume.HddsVolume (HddsVolume.java:<init>(176)) - Creating Volume: /workdir/hadoop-ozone/integration-test/target/test-dir/MiniOzoneClusterImpl-ba683c9d-7a8a-4709-b9fa-019fe96252e8/datanode-2/data/containers/hdds of  storage type : DISK and capacity : 1482555576320
2019-08-21 07:11:43,604 INFO  volume.VolumeSet (VolumeSet.java:initializeVolumeSet(170)) - Added Volume : /workdir/hadoop-ozone/integration-test/target/test-dir/MiniOzoneClusterImpl-ba683c9d-7a8a-4709-b9fa-019fe96252e8/datanode-2/data/containers/hdds to VolumeSet
2019-08-21 07:11:43,604 INFO  volume.ThrottledAsyncChecker (ThrottledAsyncChecker.java:schedule(140)) - Scheduling a check for org.apache.hadoop.ozone.container.common.volume.HddsVolume@44f0ff2b
2019-08-21 07:11:43,604 INFO  volume.HddsVolumeChecker (HddsVolumeChecker.java:checkAllVolumes(203)) - Scheduled health check for volume org.apache.hadoop.ozone.container.common.volume.HddsVolume@44f0ff2b
2019-08-21 07:11:43,621 INFO  impl.RaftServerProxy (ConfUtils.java:logGet(43)) - raft.rpc.type = GRPC (default)
2019-08-21 07:11:43,621 INFO  grpc.GrpcFactory (GrpcFactory.java:checkPooledByteBufAllocatorUseCacheForAllThreads(45)) - PERFORMANCE WARNING: useCacheForAllThreads is true that may cause Netty to create a lot garbage objects and, as a result, trigger GC.
	It is recommended to disable useCacheForAllThreads by setting -Dorg.apache.ratis.thirdparty.io.netty.allocator.useCacheForAllThreads=false in command line.
2019-08-21 07:11:43,621 INFO  grpc.GrpcConfigKeys$Server (ConfUtils.java:logGet(43)) - raft.grpc.server.port = 0 (default)
2019-08-21 07:11:43,621 INFO  server.GrpcService (ConfUtils.java:logGet(43)) - raft.grpc.message.size.max = 33570816 (custom)
2019-08-21 07:11:43,622 INFO  server.RaftServerConfigKeys (ConfUtils.java:logGet(43)) - raft.server.log.appender.buffer.byte-limit = 33554432 (custom)
2019-08-21 07:11:43,622 INFO  server.GrpcService (ConfUtils.java:logGet(43)) - raft.grpc.flow.control.window = 1MB (=1048576) (default)
2019-08-21 07:11:43,622 INFO  server.RaftServerConfigKeys (ConfUtils.java:logGet(43)) - raft.server.rpc.request.timeout = 3000ms (default)
2019-08-21 07:11:43,623 INFO  server.RaftServerConfigKeys (ConfUtils.java:logGet(43)) - raft.server.storage.dir = [/workdir/hadoop-ozone/integration-test/target/test-dir/MiniOzoneClusterImpl-ba683c9d-7a8a-4709-b9fa-019fe96252e8/datanode-2/data/ratis] (custom)
2019-08-21 07:11:43,624 INFO  replication.SimpleContainerDownloader (SimpleContainerDownloader.java:<init>(72)) - Starting container downloader service to copy containers to replicate.
2019-08-21 07:11:43,625 INFO  hdfs.DFSUtil (DFSUtil.java:httpServerTemplateForNNAndJN(1641)) - Starting Web-server for hddsDatanode at: http://0.0.0.0:0
2019-08-21 07:11:43,627 INFO  server.AuthenticationFilter (AuthenticationFilter.java:constructSecretProvider(240)) - Unable to initialize FileSignerSecretProvider, falling back to use random secrets.
2019-08-21 07:11:43,627 WARN  http.HttpRequestLog (HttpRequestLog.java:getRequestLog(97)) - Jetty request log can only be enabled using Log4j
2019-08-21 07:11:43,629 INFO  http.HttpServer2 (HttpServer2.java:addGlobalFilter(975)) - Added global filter 'safety' (class=org.apache.hadoop.http.HttpServer2$QuotingInputFilter)
2019-08-21 07:11:43,630 INFO  http.HttpServer2 (HttpServer2.java:addFilter(948)) - Added filter static_user_filter (class=org.apache.hadoop.http.lib.StaticUserWebFilter$StaticUserFilter) to context hddsDatanode
2019-08-21 07:11:43,630 INFO  http.HttpServer2 (HttpServer2.java:addFilter(958)) - Added filter static_user_filter (class=org.apache.hadoop.http.lib.StaticUserWebFilter$StaticUserFilter) to context static
2019-08-21 07:11:43,631 INFO  http.HttpServer2 (HttpServer2.java:addFilter(958)) - Added filter static_user_filter (class=org.apache.hadoop.http.lib.StaticUserWebFilter$StaticUserFilter) to context logs
2019-08-21 07:11:43,632 INFO  http.HttpServer2 (HttpServer2.java:bindListener(1191)) - Jetty bound to port 35105
2019-08-21 07:11:43,632 INFO  server.Server (Server.java:doStart(351)) - jetty-9.3.24.v20180605, build timestamp: 2018-06-05T17:11:56Z, git hash: 84205aa28f11a4f31f2a3b86d1bba2cc8ab69827
2019-08-21 07:11:43,634 INFO  handler.ContextHandler (ContextHandler.java:doStart(781)) - Started o.e.j.s.ServletContextHandler@217235f5{/logs,file:///workdir/hadoop-ozone/integration-test/target/log,AVAILABLE}
2019-08-21 07:11:43,635 INFO  handler.ContextHandler (ContextHandler.java:doStart(781)) - Started o.e.j.s.ServletContextHandler@4aebee4b{/static,jar:file:/home/user/.m2/repository/org/apache/hadoop/hadoop-hdds-container-service/0.5.0-SNAPSHOT/hadoop-hdds-container-service-0.5.0-SNAPSHOT.jar!/webapps/static,AVAILABLE}
2019-08-21 07:11:43,673 INFO  handler.ContextHandler (ContextHandler.java:doStart(781)) - Started o.e.j.w.WebAppContext@12952aff{/,file:///tmp/jetty-0.0.0.0-35105-hddsDatanode-_-any-990722227978494575.dir/webapp/,AVAILABLE}{/hddsDatanode}
2019-08-21 07:11:43,674 INFO  server.AbstractConnector (AbstractConnector.java:doStart(278)) - Started ServerConnector@76a7fcbd{HTTP/1.1,[http/1.1]}{0.0.0.0:35105}
2019-08-21 07:11:43,677 INFO  server.Server (Server.java:doStart(419)) - Started @7172ms
2019-08-21 07:11:43,678 WARN  impl.MetricsSystemImpl (MetricsSystemImpl.java:register(276)) - Sink prometheus already exists!
2019-08-21 07:11:43,679 INFO  server.BaseHttpServer (BaseHttpServer.java:updateConnectorAddress(215)) - HTTP server of HDDSDATANODE is listening at http://0.0.0.0:35105
2019-08-21 07:11:43,880 INFO  ozone.HddsDatanodeService (HddsDatanodeService.java:startPlugins(395)) - Started plug-in org.apache.hadoop.ozone.web.OzoneHddsDatanodeService@102c18e
2019-08-21 07:11:43,882 INFO  ozone.MiniOzoneClusterImpl (MiniOzoneClusterImpl.java:lambda$waitForClusterToBeReady$0(142)) - Waiting for cluster to be ready. Got 0 of 3 DN Heartbeats.
2019-08-21 07:11:43,884 INFO  util.JvmPauseMonitor (JvmPauseMonitor.java:run(188)) - Starting JVM pause monitor
2019-08-21 07:11:43,887 INFO  datanode.InitDatanodeState (InitDatanodeState.java:persistContainerDatanodeDetails(140)) - DatanodeDetails is persisted to /workdir/hadoop-ozone/integration-test/target/test-dir/MiniOzoneClusterImpl-ba683c9d-7a8a-4709-b9fa-019fe96252e8/datanode-2/meta/datanode.id
2019-08-21 07:11:44,883 INFO  ozone.MiniOzoneClusterImpl (MiniOzoneClusterImpl.java:lambda$waitForClusterToBeReady$0(142)) - Waiting for cluster to be ready. Got 0 of 3 DN Heartbeats.
2019-08-21 07:11:45,434 INFO  ozoneimpl.OzoneContainer (OzoneContainer.java:start(186)) - Attempting to start container services.
2019-08-21 07:11:45,436 INFO  ozoneimpl.OzoneContainer (OzoneContainer.java:startContainerScrub(160)) - Background container scrubber has been disabled by hdds.containerscrub.enabled
2019-08-21 07:11:45,436 INFO  ratis.XceiverServerRatis (XceiverServerRatis.java:start(404)) - Starting XceiverServerRatis 4b2c46f6-3092-4dd3-9da2-fd01aaa34c78 at port 0
2019-08-21 07:11:45,454 INFO  impl.RaftServerProxy (RaftServerProxy.java:lambda$start$3(299)) - 4b2c46f6-3092-4dd3-9da2-fd01aaa34c78: start RPC server
2019-08-21 07:11:45,573 INFO  server.GrpcService (GrpcService.java:startImpl(149)) - 4b2c46f6-3092-4dd3-9da2-fd01aaa34c78: GrpcService started, listening on 0.0.0.0/0.0.0.0:39232
2019-08-21 07:11:45,574 INFO  ratis.XceiverServerRatis (XceiverServerRatis.java:start(414)) - XceiverServerRatis 4b2c46f6-3092-4dd3-9da2-fd01aaa34c78 is started using port 39232
2019-08-21 07:11:45,576 INFO  server.XceiverServerGrpc (XceiverServerGrpc.java:start(161)) - XceiverServerGrpc 4b2c46f6-3092-4dd3-9da2-fd01aaa34c78 is started using port 36643
2019-08-21 07:11:45,601 INFO  ozoneimpl.OzoneContainer (OzoneContainer.java:start(186)) - Attempting to start container services.
2019-08-21 07:11:45,603 INFO  ozoneimpl.OzoneContainer (OzoneContainer.java:startContainerScrub(160)) - Background container scrubber has been disabled by hdds.containerscrub.enabled
2019-08-21 07:11:45,603 INFO  ratis.XceiverServerRatis (XceiverServerRatis.java:start(404)) - Starting XceiverServerRatis d9f4d2f3-43ad-4797-af7c-63cf96d5994d at port 0
2019-08-21 07:11:45,609 INFO  impl.RaftServerProxy (RaftServerProxy.java:lambda$start$3(299)) - d9f4d2f3-43ad-4797-af7c-63cf96d5994d: start RPC server
2019-08-21 07:11:45,612 INFO  server.GrpcService (GrpcService.java:startImpl(149)) - d9f4d2f3-43ad-4797-af7c-63cf96d5994d: GrpcService started, listening on 0.0.0.0/0.0.0.0:42325
2019-08-21 07:11:45,612 INFO  ratis.XceiverServerRatis (XceiverServerRatis.java:start(414)) - XceiverServerRatis d9f4d2f3-43ad-4797-af7c-63cf96d5994d is started using port 42325
2019-08-21 07:11:45,614 INFO  server.XceiverServerGrpc (XceiverServerGrpc.java:start(161)) - XceiverServerGrpc d9f4d2f3-43ad-4797-af7c-63cf96d5994d is started using port 42832
2019-08-21 07:11:45,884 INFO  ozone.MiniOzoneClusterImpl (MiniOzoneClusterImpl.java:lambda$waitForClusterToBeReady$0(142)) - Waiting for cluster to be ready. Got 0 of 3 DN Heartbeats.
2019-08-21 07:11:45,902 INFO  ozoneimpl.OzoneContainer (OzoneContainer.java:start(186)) - Attempting to start container services.
2019-08-21 07:11:45,905 INFO  ozoneimpl.OzoneContainer (OzoneContainer.java:startContainerScrub(160)) - Background container scrubber has been disabled by hdds.containerscrub.enabled
2019-08-21 07:11:45,905 INFO  ratis.XceiverServerRatis (XceiverServerRatis.java:start(404)) - Starting XceiverServerRatis a6b09e3a-4dc0-4f42-90cf-d193d128f803 at port 0
2019-08-21 07:11:45,912 INFO  impl.RaftServerProxy (RaftServerProxy.java:lambda$start$3(299)) - a6b09e3a-4dc0-4f42-90cf-d193d128f803: start RPC server
2019-08-21 07:11:45,914 INFO  server.GrpcService (GrpcService.java:startImpl(149)) - a6b09e3a-4dc0-4f42-90cf-d193d128f803: GrpcService started, listening on 0.0.0.0/0.0.0.0:39402
2019-08-21 07:11:45,915 INFO  ratis.XceiverServerRatis (XceiverServerRatis.java:start(414)) - XceiverServerRatis a6b09e3a-4dc0-4f42-90cf-d193d128f803 is started using port 39402
2019-08-21 07:11:45,917 INFO  server.XceiverServerGrpc (XceiverServerGrpc.java:start(161)) - XceiverServerGrpc a6b09e3a-4dc0-4f42-90cf-d193d128f803 is started using port 38840
2019-08-21 07:11:46,884 INFO  ozone.MiniOzoneClusterImpl (MiniOzoneClusterImpl.java:lambda$waitForClusterToBeReady$0(142)) - Waiting for cluster to be ready. Got 0 of 3 DN Heartbeats.
2019-08-21 07:11:47,393 INFO  net.NetworkTopology (NetworkTopologyImpl.java:add(110)) - Added a new node: /default-rack/4b2c46f6-3092-4dd3-9da2-fd01aaa34c78
2019-08-21 07:11:47,394 INFO  node.SCMNodeManager (SCMNodeManager.java:register(266)) - Registered Data node : 4b2c46f6-3092-4dd3-9da2-fd01aaa34c78{ip: 192.168.36.89, host: pr-hdds-1935-8bnx7-2419419324, networkLocation: /default-rack, certSerialId: null}
2019-08-21 07:11:47,397 INFO  safemode.SCMSafeModeManager (DataNodeSafeModeRule.java:process(71)) - SCM in safe mode. 1 DataNodes registered, 1 required.
2019-08-21 07:11:47,398 INFO  safemode.SCMSafeModeManager (SCMSafeModeManager.java:validateSafeModeExitRules(177)) - ScmSafeModeManager, all rules are successfully validated
2019-08-21 07:11:47,398 INFO  safemode.SCMSafeModeManager (SCMSafeModeManager.java:exitSafeMode(193)) - SCM exiting safe mode.
2019-08-21 07:11:47,594 INFO  net.NetworkTopology (NetworkTopologyImpl.java:add(110)) - Added a new node: /default-rack/d9f4d2f3-43ad-4797-af7c-63cf96d5994d
2019-08-21 07:11:47,595 INFO  node.SCMNodeManager (SCMNodeManager.java:register(266)) - Registered Data node : d9f4d2f3-43ad-4797-af7c-63cf96d5994d{ip: 192.168.36.89, host: pr-hdds-1935-8bnx7-2419419324, networkLocation: /default-rack, certSerialId: null}
2019-08-21 07:11:47,849 INFO  impl.RaftServerProxy (RaftServerProxy.java:addNew(89)) - 4b2c46f6-3092-4dd3-9da2-fd01aaa34c78: addNew group-F1638F42C194:[4b2c46f6-3092-4dd3-9da2-fd01aaa34c78:192.168.36.89:39232] returns group-F1638F42C194:java.util.concurrent.CompletableFuture@449a0953[Not completed]
2019-08-21 07:11:47,864 INFO  impl.RaftServerImpl (RaftServerImpl.java:<init>(93)) - 4b2c46f6-3092-4dd3-9da2-fd01aaa34c78: new RaftServerImpl for group-F1638F42C194:[4b2c46f6-3092-4dd3-9da2-fd01aaa34c78:192.168.36.89:39232] with ContainerStateMachine:uninitialized
2019-08-21 07:11:47,866 INFO  server.RaftServerConfigKeys (ConfUtils.java:logGet(43)) - raft.server.rpc.timeout.min = 5s (custom)
2019-08-21 07:11:47,867 INFO  server.RaftServerConfigKeys (ConfUtils.java:logGet(43)) - raft.server.rpc.timeout.max = 5200ms (custom)
2019-08-21 07:11:47,867 INFO  server.RaftServerConfigKeys (ConfUtils.java:logGet(43)) - raft.server.rpcslowness.timeout = 120s (custom)
2019-08-21 07:11:47,868 INFO  server.RaftServerConfigKeys (ConfUtils.java:logGet(43)) - raft.server.sleep.deviation.threshold = 300 (default)
2019-08-21 07:11:47,868 INFO  server.RaftServerConfigKeys (ConfUtils.java:logGet(43)) - raft.server.log.appender.install.snapshot.enabled = false (custom)
2019-08-21 07:11:48,141 INFO  ozone.MiniOzoneClusterImpl (MiniOzoneClusterImpl.java:lambda$waitForClusterToBeReady$0(142)) - Waiting for cluster to be ready. Got 2 of 3 DN Heartbeats.
2019-08-21 07:11:48,143 INFO  impl.RaftServerImpl (ServerState.java:<init>(105)) - 4b2c46f6-3092-4dd3-9da2-fd01aaa34c78:group-F1638F42C194 ConfigurationManager, init=-1: [4b2c46f6-3092-4dd3-9da2-fd01aaa34c78:192.168.36.89:39232], old=null, confs=<EMPTY_MAP>
2019-08-21 07:11:48,144 INFO  server.RaftServerConfigKeys (ConfUtils.java:logGet(43)) - raft.server.storage.dir = [/workdir/hadoop-ozone/integration-test/target/test-dir/MiniOzoneClusterImpl-ba683c9d-7a8a-4709-b9fa-019fe96252e8/datanode-0/data/ratis] (custom)
2019-08-21 07:11:48,144 INFO  net.NetworkTopology (NetworkTopologyImpl.java:add(110)) - Added a new node: /default-rack/a6b09e3a-4dc0-4f42-90cf-d193d128f803
2019-08-21 07:11:48,145 INFO  node.SCMNodeManager (SCMNodeManager.java:register(266)) - Registered Data node : a6b09e3a-4dc0-4f42-90cf-d193d128f803{ip: 192.168.36.89, host: pr-hdds-1935-8bnx7-2419419324, networkLocation: /default-rack, certSerialId: null}
2019-08-21 07:11:48,167 INFO  storage.RaftStorageDirectory (RaftStorageDirectory.java:analyzeStorage(246)) - The storage directory /workdir/hadoop-ozone/integration-test/target/test-dir/MiniOzoneClusterImpl-ba683c9d-7a8a-4709-b9fa-019fe96252e8/datanode-0/data/ratis/64d02f70-d5f9-4759-8928-f1638f42c194 does not exist. Creating ...
2019-08-21 07:11:48,187 INFO  storage.RaftStorageDirectory (RaftStorageDirectory.java:tryLock(328)) - Lock on /workdir/hadoop-ozone/integration-test/target/test-dir/MiniOzoneClusterImpl-ba683c9d-7a8a-4709-b9fa-019fe96252e8/datanode-0/data/ratis/64d02f70-d5f9-4759-8928-f1638f42c194/in_use.lock acquired by nodename 2513@pr-hdds-1935-8bnx7-2419419324
2019-08-21 07:11:48,204 INFO  storage.RaftStorage (RaftStorage.java:format(72)) - Storage directory /workdir/hadoop-ozone/integration-test/target/test-dir/MiniOzoneClusterImpl-ba683c9d-7a8a-4709-b9fa-019fe96252e8/datanode-0/data/ratis/64d02f70-d5f9-4759-8928-f1638f42c194 has been successfully formatted.
2019-08-21 07:11:48,207 INFO  ratis.ContainerStateMachine (ContainerStateMachine.java:loadSnapshot(222)) - group-F1638F42C194: The snapshot info is null. Setting the last applied indexto:(t:0, i:~)
2019-08-21 07:11:48,208 INFO  server.RaftServerConfigKeys (ConfUtils.java:logGet(43)) - raft.server.leader.election.timeout = 120s (custom)
2019-08-21 07:11:48,210 INFO  server.RaftServerConfigKeys (ConfUtils.java:logGet(43)) - raft.server.log.use.memory = false (default)
2019-08-21 07:11:48,215 INFO  server.RaftServerConfigKeys (ConfUtils.java:logGet(43)) - raft.server.log.purge.gap = 1000000000 (custom)
2019-08-21 07:11:48,215 INFO  server.RaftServerConfigKeys (ConfUtils.java:logGet(43)) - raft.server.log.appender.buffer.byte-limit = 33554432 (custom)
2019-08-21 07:11:48,216 INFO  server.RaftServerConfigKeys (ConfUtils.java:logGet(43)) - raft.server.log.segment.size.max = 1048576 (custom)
2019-08-21 07:11:48,220 INFO  server.RaftServerConfigKeys (ConfUtils.java:logGet(43)) - raft.server.log.segment.cache.num.max = 2 (custom)
2019-08-21 07:11:48,225 INFO  segmented.SegmentedRaftLogWorker (SegmentedRaftLogWorker.java:<init>(172)) - new 4b2c46f6-3092-4dd3-9da2-fd01aaa34c78-SegmentedRaftLogWorker:Storage Directory /workdir/hadoop-ozone/integration-test/target/test-dir/MiniOzoneClusterImpl-ba683c9d-7a8a-4709-b9fa-019fe96252e8/datanode-0/data/ratis/64d02f70-d5f9-4759-8928-f1638f42c194 for RaftStorage:Storage Directory /workdir/hadoop-ozone/integration-test/target/test-dir/MiniOzoneClusterImpl-ba683c9d-7a8a-4709-b9fa-019fe96252e8/datanode-0/data/ratis/64d02f70-d5f9-4759-8928-f1638f42c194
2019-08-21 07:11:48,236 INFO  server.RaftServerConfigKeys (ConfUtils.java:logGet(43)) - raft.server.log.queue.byte-limit = 2147483647 (custom)
2019-08-21 07:11:48,236 INFO  server.RaftServerConfigKeys (ConfUtils.java:logGet(43)) - raft.server.log.queue.element-limit = 1024 (custom)
2019-08-21 07:11:48,240 INFO  server.RaftServerConfigKeys (ConfUtils.java:logGet(43)) - raft.server.log.segment.size.max = 1048576 (custom)
2019-08-21 07:11:48,241 INFO  server.RaftServerConfigKeys (ConfUtils.java:logGet(43)) - raft.server.log.preallocated.size = 16384 (custom)
2019-08-21 07:11:48,241 INFO  server.RaftServerConfigKeys (ConfUtils.java:logGet(43)) - raft.server.log.write.buffer.size = 33554432 (custom)
2019-08-21 07:11:48,242 INFO  server.RaftServerConfigKeys (ConfUtils.java:logGet(43)) - raft.server.log.force.sync.num = 128 (default)
2019-08-21 07:11:48,243 INFO  server.RaftServerConfigKeys (ConfUtils.java:logGet(43)) - raft.server.log.statemachine.data.sync = true (default)
2019-08-21 07:11:48,243 INFO  server.RaftServerConfigKeys (ConfUtils.java:logGet(43)) - raft.server.log.statemachine.data.sync.timeout = 10s (default)
2019-08-21 07:11:48,244 INFO  server.RaftServerConfigKeys (ConfUtils.java:logGet(43)) - raft.server.log.statemachine.data.sync.timeout.retry = -1 (default)
2019-08-21 07:11:48,251 INFO  server.RaftServerConfigKeys (ConfUtils.java:logGet(43)) - raft.server.log.statemachine.data.caching.enabled = true (custom)
2019-08-21 07:11:48,255 INFO  segmented.SegmentedRaftLogWorker (SegmentedRaftLogWorker.java:lambda$new$0(132)) - 4b2c46f6-3092-4dd3-9da2-fd01aaa34c78-SegmentedRaftLogWorker:Storage Directory /workdir/hadoop-ozone/integration-test/target/test-dir/MiniOzoneClusterImpl-ba683c9d-7a8a-4709-b9fa-019fe96252e8/datanode-0/data/ratis/64d02f70-d5f9-4759-8928-f1638f42c194: flushIndex: setUnconditionally 0 -> -1
2019-08-21 07:11:48,259 INFO  server.RaftServerConfigKeys (ConfUtils.java:logGet(43)) - raft.server.snapshot.auto.trigger.enabled = true (custom)
2019-08-21 07:11:48,260 INFO  server.RaftServerConfigKeys (ConfUtils.java:logGet(43)) - raft.server.snapshot.auto.trigger.threshold = 10000 (custom)
2019-08-21 07:11:48,260 INFO  server.RaftServerConfigKeys (ConfUtils.java:logGet(43)) - raft.server.retrycache.expirytime = 600000ms (custom)
2019-08-21 07:11:48,279 INFO  impl.RaftServerImpl (RaftServerImpl.java:start(180)) - 4b2c46f6-3092-4dd3-9da2-fd01aaa34c78: start group-F1638F42C194
2019-08-21 07:11:48,281 INFO  impl.RaftServerImpl (RaftServerImpl.java:setRole(171)) - 4b2c46f6-3092-4dd3-9da2-fd01aaa34c78:group-F1638F42C194 changes role from null to FOLLOWER at term 0 for startAsFollower
2019-08-21 07:11:48,282 INFO  impl.RoleInfo (RoleInfo.java:updateAndGet(143)) - 4b2c46f6-3092-4dd3-9da2-fd01aaa34c78: start FollowerState
2019-08-21 07:11:48,283 INFO  util.JmxRegister (JmxRegister.java:tryRegister(44)) - Successfully registered JMX Bean with object name Ratis:service=RaftServer,group=group-F1638F42C194,id=4b2c46f6-3092-4dd3-9da2-fd01aaa34c78
2019-08-21 07:11:48,345 INFO  pipeline.PipelineStateManager (PipelineStateManager.java:addPipeline(56)) - Created pipeline Pipeline[ Id: 64d02f70-d5f9-4759-8928-f1638f42c194, Nodes: 4b2c46f6-3092-4dd3-9da2-fd01aaa34c78{ip: 192.168.36.89, host: pr-hdds-1935-8bnx7-2419419324, networkLocation: /default-rack, certSerialId: null}, Type:RATIS, Factor:ONE, State:OPEN]
2019-08-21 07:11:48,361 INFO  impl.RaftServerProxy (RaftServerProxy.java:addNew(89)) - d9f4d2f3-43ad-4797-af7c-63cf96d5994d: addNew group-510536D1796F:[d9f4d2f3-43ad-4797-af7c-63cf96d5994d:192.168.36.89:42325] returns group-510536D1796F:java.util.concurrent.CompletableFuture@7d8bb96d[Not completed]
2019-08-21 07:11:48,383 INFO  impl.RaftServerImpl (RaftServerImpl.java:<init>(93)) - d9f4d2f3-43ad-4797-af7c-63cf96d5994d: new RaftServerImpl for group-510536D1796F:[d9f4d2f3-43ad-4797-af7c-63cf96d5994d:192.168.36.89:42325] with ContainerStateMachine:uninitialized
2019-08-21 07:11:48,386 INFO  server.RaftServerConfigKeys (ConfUtils.java:logGet(43)) - raft.server.rpc.timeout.min = 5s (custom)
2019-08-21 07:11:48,386 INFO  server.RaftServerConfigKeys (ConfUtils.java:logGet(43)) - raft.server.rpc.timeout.max = 5200ms (custom)
2019-08-21 07:11:48,386 INFO  server.RaftServerConfigKeys (ConfUtils.java:logGet(43)) - raft.server.rpcslowness.timeout = 120s (custom)
2019-08-21 07:11:48,387 INFO  server.RaftServerConfigKeys (ConfUtils.java:logGet(43)) - raft.server.sleep.deviation.threshold = 300 (default)
2019-08-21 07:11:48,387 INFO  server.RaftServerConfigKeys (ConfUtils.java:logGet(43)) - raft.server.log.appender.install.snapshot.enabled = false (custom)
2019-08-21 07:11:48,387 INFO  impl.RaftServerImpl (ServerState.java:<init>(105)) - d9f4d2f3-43ad-4797-af7c-63cf96d5994d:group-510536D1796F ConfigurationManager, init=-1: [d9f4d2f3-43ad-4797-af7c-63cf96d5994d:192.168.36.89:42325], old=null, confs=<EMPTY_MAP>
2019-08-21 07:11:48,388 INFO  server.RaftServerConfigKeys (ConfUtils.java:logGet(43)) - raft.server.storage.dir = [/workdir/hadoop-ozone/integration-test/target/test-dir/MiniOzoneClusterImpl-ba683c9d-7a8a-4709-b9fa-019fe96252e8/datanode-1/data/ratis] (custom)
2019-08-21 07:11:48,388 INFO  storage.RaftStorageDirectory (RaftStorageDirectory.java:analyzeStorage(246)) - The storage directory /workdir/hadoop-ozone/integration-test/target/test-dir/MiniOzoneClusterImpl-ba683c9d-7a8a-4709-b9fa-019fe96252e8/datanode-1/data/ratis/a15e36fb-506f-41cd-8ce8-510536d1796f does not exist. Creating ...
2019-08-21 07:11:48,415 INFO  storage.RaftStorageDirectory (RaftStorageDirectory.java:tryLock(328)) - Lock on /workdir/hadoop-ozone/integration-test/target/test-dir/MiniOzoneClusterImpl-ba683c9d-7a8a-4709-b9fa-019fe96252e8/datanode-1/data/ratis/a15e36fb-506f-41cd-8ce8-510536d1796f/in_use.lock acquired by nodename 2513@pr-hdds-1935-8bnx7-2419419324
2019-08-21 07:11:48,433 INFO  storage.RaftStorage (RaftStorage.java:format(72)) - Storage directory /workdir/hadoop-ozone/integration-test/target/test-dir/MiniOzoneClusterImpl-ba683c9d-7a8a-4709-b9fa-019fe96252e8/datanode-1/data/ratis/a15e36fb-506f-41cd-8ce8-510536d1796f has been successfully formatted.
2019-08-21 07:11:48,435 INFO  ratis.ContainerStateMachine (ContainerStateMachine.java:loadSnapshot(222)) - group-510536D1796F: The snapshot info is null. Setting the last applied indexto:(t:0, i:~)
2019-08-21 07:11:48,436 INFO  server.RaftServerConfigKeys (ConfUtils.java:logGet(43)) - raft.server.leader.election.timeout = 120s (custom)
2019-08-21 07:11:48,436 INFO  server.RaftServerConfigKeys (ConfUtils.java:logGet(43)) - raft.server.log.use.memory = false (default)
2019-08-21 07:11:48,436 INFO  server.RaftServerConfigKeys (ConfUtils.java:logGet(43)) - raft.server.log.purge.gap = 1000000000 (custom)
2019-08-21 07:11:48,436 INFO  server.RaftServerConfigKeys (ConfUtils.java:logGet(43)) - raft.server.log.appender.buffer.byte-limit = 33554432 (custom)
2019-08-21 07:11:48,437 INFO  server.RaftServerConfigKeys (ConfUtils.java:logGet(43)) - raft.server.log.segment.size.max = 1048576 (custom)
2019-08-21 07:11:48,437 INFO  server.RaftServerConfigKeys (ConfUtils.java:logGet(43)) - raft.server.log.segment.cache.num.max = 2 (custom)
2019-08-21 07:11:48,437 INFO  segmented.SegmentedRaftLogWorker (SegmentedRaftLogWorker.java:<init>(172)) - new d9f4d2f3-43ad-4797-af7c-63cf96d5994d-SegmentedRaftLogWorker:Storage Directory /workdir/hadoop-ozone/integration-test/target/test-dir/MiniOzoneClusterImpl-ba683c9d-7a8a-4709-b9fa-019fe96252e8/datanode-1/data/ratis/a15e36fb-506f-41cd-8ce8-510536d1796f for RaftStorage:Storage Directory /workdir/hadoop-ozone/integration-test/target/test-dir/MiniOzoneClusterImpl-ba683c9d-7a8a-4709-b9fa-019fe96252e8/datanode-1/data/ratis/a15e36fb-506f-41cd-8ce8-510536d1796f
2019-08-21 07:11:48,438 INFO  server.RaftServerConfigKeys (ConfUtils.java:logGet(43)) - raft.server.log.queue.byte-limit = 2147483647 (custom)
2019-08-21 07:11:48,438 INFO  server.RaftServerConfigKeys (ConfUtils.java:logGet(43)) - raft.server.log.queue.element-limit = 1024 (custom)
2019-08-21 07:11:48,438 INFO  server.RaftServerConfigKeys (ConfUtils.java:logGet(43)) - raft.server.log.segment.size.max = 1048576 (custom)
2019-08-21 07:11:48,438 INFO  server.RaftServerConfigKeys (ConfUtils.java:logGet(43)) - raft.server.log.preallocated.size = 16384 (custom)
2019-08-21 07:11:48,438 INFO  server.RaftServerConfigKeys (ConfUtils.java:logGet(43)) - raft.server.log.write.buffer.size = 33554432 (custom)
2019-08-21 07:11:48,438 INFO  server.RaftServerConfigKeys (ConfUtils.java:logGet(43)) - raft.server.log.force.sync.num = 128 (default)
2019-08-21 07:11:48,438 INFO  server.RaftServerConfigKeys (ConfUtils.java:logGet(43)) - raft.server.log.statemachine.data.sync = true (default)
2019-08-21 07:11:48,438 INFO  server.RaftServerConfigKeys (ConfUtils.java:logGet(43)) - raft.server.log.statemachine.data.sync.timeout = 10s (default)
2019-08-21 07:11:48,439 INFO  server.RaftServerConfigKeys (ConfUtils.java:logGet(43)) - raft.server.log.statemachine.data.sync.timeout.retry = -1 (default)
2019-08-21 07:11:48,439 INFO  server.RaftServerConfigKeys (ConfUtils.java:logGet(43)) - raft.server.log.statemachine.data.caching.enabled = true (custom)
2019-08-21 07:11:48,439 INFO  segmented.SegmentedRaftLogWorker (SegmentedRaftLogWorker.java:lambda$new$0(132)) - d9f4d2f3-43ad-4797-af7c-63cf96d5994d-SegmentedRaftLogWorker:Storage Directory /workdir/hadoop-ozone/integration-test/target/test-dir/MiniOzoneClusterImpl-ba683c9d-7a8a-4709-b9fa-019fe96252e8/datanode-1/data/ratis/a15e36fb-506f-41cd-8ce8-510536d1796f: flushIndex: setUnconditionally 0 -> -1
2019-08-21 07:11:48,440 INFO  server.RaftServerConfigKeys (ConfUtils.java:logGet(43)) - raft.server.snapshot.auto.trigger.enabled = true (custom)
2019-08-21 07:11:48,440 INFO  server.RaftServerConfigKeys (ConfUtils.java:logGet(43)) - raft.server.snapshot.auto.trigger.threshold = 10000 (custom)
2019-08-21 07:11:48,440 INFO  server.RaftServerConfigKeys (ConfUtils.java:logGet(43)) - raft.server.retrycache.expirytime = 600000ms (custom)
2019-08-21 07:11:48,440 INFO  impl.RaftServerImpl (RaftServerImpl.java:start(180)) - d9f4d2f3-43ad-4797-af7c-63cf96d5994d: start group-510536D1796F
2019-08-21 07:11:48,440 INFO  impl.RaftServerImpl (RaftServerImpl.java:setRole(171)) - d9f4d2f3-43ad-4797-af7c-63cf96d5994d:group-510536D1796F changes role from null to FOLLOWER at term 0 for startAsFollower
2019-08-21 07:11:48,440 INFO  impl.RoleInfo (RoleInfo.java:updateAndGet(143)) - d9f4d2f3-43ad-4797-af7c-63cf96d5994d: start FollowerState
2019-08-21 07:11:48,441 INFO  util.JmxRegister (JmxRegister.java:tryRegister(44)) - Successfully registered JMX Bean with object name Ratis:service=RaftServer,group=group-510536D1796F,id=d9f4d2f3-43ad-4797-af7c-63cf96d5994d
2019-08-21 07:11:48,449 INFO  pipeline.PipelineStateManager (PipelineStateManager.java:addPipeline(56)) - Created pipeline Pipeline[ Id: a15e36fb-506f-41cd-8ce8-510536d1796f, Nodes: d9f4d2f3-43ad-4797-af7c-63cf96d5994d{ip: 192.168.36.89, host: pr-hdds-1935-8bnx7-2419419324, networkLocation: /default-rack, certSerialId: null}, Type:RATIS, Factor:ONE, State:OPEN]
2019-08-21 07:11:48,464 INFO  impl.RaftServerProxy (RaftServerProxy.java:addNew(89)) - a6b09e3a-4dc0-4f42-90cf-d193d128f803: addNew group-BD192F329BFE:[a6b09e3a-4dc0-4f42-90cf-d193d128f803:192.168.36.89:39402] returns group-BD192F329BFE:java.util.concurrent.CompletableFuture@54f11ab1[Not completed]
2019-08-21 07:11:48,469 INFO  impl.RaftServerImpl (RaftServerImpl.java:<init>(93)) - a6b09e3a-4dc0-4f42-90cf-d193d128f803: new RaftServerImpl for group-BD192F329BFE:[a6b09e3a-4dc0-4f42-90cf-d193d128f803:192.168.36.89:39402] with ContainerStateMachine:uninitialized
2019-08-21 07:11:48,470 INFO  server.RaftServerConfigKeys (ConfUtils.java:logGet(43)) - raft.server.rpc.timeout.min = 5s (custom)
2019-08-21 07:11:48,470 INFO  server.RaftServerConfigKeys (ConfUtils.java:logGet(43)) - raft.server.rpc.timeout.max = 5200ms (custom)
2019-08-21 07:11:48,470 INFO  server.RaftServerConfigKeys (ConfUtils.java:logGet(43)) - raft.server.rpcslowness.timeout = 120s (custom)
2019-08-21 07:11:48,470 INFO  server.RaftServerConfigKeys (ConfUtils.java:logGet(43)) - raft.server.sleep.deviation.threshold = 300 (default)
2019-08-21 07:11:48,470 INFO  server.RaftServerConfigKeys (ConfUtils.java:logGet(43)) - raft.server.log.appender.install.snapshot.enabled = false (custom)
2019-08-21 07:11:48,470 INFO  impl.RaftServerImpl (ServerState.java:<init>(105)) - a6b09e3a-4dc0-4f42-90cf-d193d128f803:group-BD192F329BFE ConfigurationManager, init=-1: [a6b09e3a-4dc0-4f42-90cf-d193d128f803:192.168.36.89:39402], old=null, confs=<EMPTY_MAP>
2019-08-21 07:11:48,471 INFO  server.RaftServerConfigKeys (ConfUtils.java:logGet(43)) - raft.server.storage.dir = [/workdir/hadoop-ozone/integration-test/target/test-dir/MiniOzoneClusterImpl-ba683c9d-7a8a-4709-b9fa-019fe96252e8/datanode-2/data/ratis] (custom)
2019-08-21 07:11:48,471 INFO  storage.RaftStorageDirectory (RaftStorageDirectory.java:analyzeStorage(246)) - The storage directory /workdir/hadoop-ozone/integration-test/target/test-dir/MiniOzoneClusterImpl-ba683c9d-7a8a-4709-b9fa-019fe96252e8/datanode-2/data/ratis/de04e8dd-4711-40ee-a447-bd192f329bfe does not exist. Creating ...
2019-08-21 07:11:48,490 INFO  storage.RaftStorageDirectory (RaftStorageDirectory.java:tryLock(328)) - Lock on /workdir/hadoop-ozone/integration-test/target/test-dir/MiniOzoneClusterImpl-ba683c9d-7a8a-4709-b9fa-019fe96252e8/datanode-2/data/ratis/de04e8dd-4711-40ee-a447-bd192f329bfe/in_use.lock acquired by nodename 2513@pr-hdds-1935-8bnx7-2419419324
2019-08-21 07:11:48,513 INFO  storage.RaftStorage (RaftStorage.java:format(72)) - Storage directory /workdir/hadoop-ozone/integration-test/target/test-dir/MiniOzoneClusterImpl-ba683c9d-7a8a-4709-b9fa-019fe96252e8/datanode-2/data/ratis/de04e8dd-4711-40ee-a447-bd192f329bfe has been successfully formatted.
2019-08-21 07:11:48,513 INFO  ratis.ContainerStateMachine (ContainerStateMachine.java:loadSnapshot(222)) - group-BD192F329BFE: The snapshot info is null. Setting the last applied indexto:(t:0, i:~)
2019-08-21 07:11:48,513 INFO  server.RaftServerConfigKeys (ConfUtils.java:logGet(43)) - raft.server.leader.election.timeout = 120s (custom)
2019-08-21 07:11:48,513 INFO  server.RaftServerConfigKeys (ConfUtils.java:logGet(43)) - raft.server.log.use.memory = false (default)
2019-08-21 07:11:48,514 INFO  server.RaftServerConfigKeys (ConfUtils.java:logGet(43)) - raft.server.log.purge.gap = 1000000000 (custom)
2019-08-21 07:11:48,514 INFO  server.RaftServerConfigKeys (ConfUtils.java:logGet(43)) - raft.server.log.appender.buffer.byte-limit = 33554432 (custom)
2019-08-21 07:11:48,514 INFO  server.RaftServerConfigKeys (ConfUtils.java:logGet(43)) - raft.server.log.segment.size.max = 1048576 (custom)
2019-08-21 07:11:48,514 INFO  server.RaftServerConfigKeys (ConfUtils.java:logGet(43)) - raft.server.log.segment.cache.num.max = 2 (custom)
2019-08-21 07:11:48,514 INFO  segmented.SegmentedRaftLogWorker (SegmentedRaftLogWorker.java:<init>(172)) - new a6b09e3a-4dc0-4f42-90cf-d193d128f803-SegmentedRaftLogWorker:Storage Directory /workdir/hadoop-ozone/integration-test/target/test-dir/MiniOzoneClusterImpl-ba683c9d-7a8a-4709-b9fa-019fe96252e8/datanode-2/data/ratis/de04e8dd-4711-40ee-a447-bd192f329bfe for RaftStorage:Storage Directory /workdir/hadoop-ozone/integration-test/target/test-dir/MiniOzoneClusterImpl-ba683c9d-7a8a-4709-b9fa-019fe96252e8/datanode-2/data/ratis/de04e8dd-4711-40ee-a447-bd192f329bfe
2019-08-21 07:11:48,514 INFO  server.RaftServerConfigKeys (ConfUtils.java:logGet(43)) - raft.server.log.queue.byte-limit = 2147483647 (custom)
2019-08-21 07:11:48,514 INFO  server.RaftServerConfigKeys (ConfUtils.java:logGet(43)) - raft.server.log.queue.element-limit = 1024 (custom)
2019-08-21 07:11:48,515 INFO  server.RaftServerConfigKeys (ConfUtils.java:logGet(43)) - raft.server.log.segment.size.max = 1048576 (custom)
2019-08-21 07:11:48,515 INFO  server.RaftServerConfigKeys (ConfUtils.java:logGet(43)) - raft.server.log.preallocated.size = 16384 (custom)
2019-08-21 07:11:48,515 INFO  server.RaftServerConfigKeys (ConfUtils.java:logGet(43)) - raft.server.log.write.buffer.size = 33554432 (custom)
2019-08-21 07:11:48,515 INFO  server.RaftServerConfigKeys (ConfUtils.java:logGet(43)) - raft.server.log.force.sync.num = 128 (default)
2019-08-21 07:11:48,515 INFO  server.RaftServerConfigKeys (ConfUtils.java:logGet(43)) - raft.server.log.statemachine.data.sync = true (default)
2019-08-21 07:11:48,516 INFO  server.RaftServerConfigKeys (ConfUtils.java:logGet(43)) - raft.server.log.statemachine.data.sync.timeout = 10s (default)
2019-08-21 07:11:48,516 INFO  server.RaftServerConfigKeys (ConfUtils.java:logGet(43)) - raft.server.log.statemachine.data.sync.timeout.retry = -1 (default)
2019-08-21 07:11:48,516 INFO  server.RaftServerConfigKeys (ConfUtils.java:logGet(43)) - raft.server.log.statemachine.data.caching.enabled = true (custom)
2019-08-21 07:11:48,516 INFO  segmented.SegmentedRaftLogWorker (SegmentedRaftLogWorker.java:lambda$new$0(132)) - a6b09e3a-4dc0-4f42-90cf-d193d128f803-SegmentedRaftLogWorker:Storage Directory /workdir/hadoop-ozone/integration-test/target/test-dir/MiniOzoneClusterImpl-ba683c9d-7a8a-4709-b9fa-019fe96252e8/datanode-2/data/ratis/de04e8dd-4711-40ee-a447-bd192f329bfe: flushIndex: setUnconditionally 0 -> -1
2019-08-21 07:11:48,516 INFO  server.RaftServerConfigKeys (ConfUtils.java:logGet(43)) - raft.server.snapshot.auto.trigger.enabled = true (custom)
2019-08-21 07:11:48,517 INFO  server.RaftServerConfigKeys (ConfUtils.java:logGet(43)) - raft.server.snapshot.auto.trigger.threshold = 10000 (custom)
2019-08-21 07:11:48,517 INFO  server.RaftServerConfigKeys (ConfUtils.java:logGet(43)) - raft.server.retrycache.expirytime = 600000ms (custom)
2019-08-21 07:11:48,517 INFO  impl.RaftServerImpl (RaftServerImpl.java:start(180)) - a6b09e3a-4dc0-4f42-90cf-d193d128f803: start group-BD192F329BFE
2019-08-21 07:11:48,517 INFO  impl.RaftServerImpl (RaftServerImpl.java:setRole(171)) - a6b09e3a-4dc0-4f42-90cf-d193d128f803:group-BD192F329BFE changes role from null to FOLLOWER at term 0 for startAsFollower
2019-08-21 07:11:48,517 INFO  impl.RoleInfo (RoleInfo.java:updateAndGet(143)) - a6b09e3a-4dc0-4f42-90cf-d193d128f803: start FollowerState
2019-08-21 07:11:48,518 INFO  util.JmxRegister (JmxRegister.java:tryRegister(44)) - Successfully registered JMX Bean with object name Ratis:service=RaftServer,group=group-BD192F329BFE,id=a6b09e3a-4dc0-4f42-90cf-d193d128f803
2019-08-21 07:11:48,527 INFO  pipeline.PipelineStateManager (PipelineStateManager.java:addPipeline(56)) - Created pipeline Pipeline[ Id: de04e8dd-4711-40ee-a447-bd192f329bfe, Nodes: a6b09e3a-4dc0-4f42-90cf-d193d128f803{ip: 192.168.36.89, host: pr-hdds-1935-8bnx7-2419419324, networkLocation: /default-rack, certSerialId: null}, Type:RATIS, Factor:ONE, State:OPEN]
2019-08-21 07:11:48,559 INFO  impl.RaftServerProxy (RaftServerProxy.java:addNew(89)) - d9f4d2f3-43ad-4797-af7c-63cf96d5994d: addNew group-1D06733D3427:[a6b09e3a-4dc0-4f42-90cf-d193d128f803:192.168.36.89:39402, 4b2c46f6-3092-4dd3-9da2-fd01aaa34c78:192.168.36.89:39232, d9f4d2f3-43ad-4797-af7c-63cf96d5994d:192.168.36.89:42325] returns group-1D06733D3427:java.util.concurrent.CompletableFuture@3d95879a[Not completed]
2019-08-21 07:11:48,559 INFO  impl.RaftServerProxy (RaftServerProxy.java:addNew(89)) - a6b09e3a-4dc0-4f42-90cf-d193d128f803: addNew group-1D06733D3427:[a6b09e3a-4dc0-4f42-90cf-d193d128f803:192.168.36.89:39402, 4b2c46f6-3092-4dd3-9da2-fd01aaa34c78:192.168.36.89:39232, d9f4d2f3-43ad-4797-af7c-63cf96d5994d:192.168.36.89:42325] returns group-1D06733D3427:java.util.concurrent.CompletableFuture@3143e807[Not completed]
2019-08-21 07:11:48,561 INFO  impl.RaftServerProxy (RaftServerProxy.java:addNew(89)) - 4b2c46f6-3092-4dd3-9da2-fd01aaa34c78: addNew group-1D06733D3427:[a6b09e3a-4dc0-4f42-90cf-d193d128f803:192.168.36.89:39402, 4b2c46f6-3092-4dd3-9da2-fd01aaa34c78:192.168.36.89:39232, d9f4d2f3-43ad-4797-af7c-63cf96d5994d:192.168.36.89:42325] returns group-1D06733D3427:java.util.concurrent.CompletableFuture@2045b708[Not completed]
2019-08-21 07:11:48,562 INFO  impl.RaftServerImpl (RaftServerImpl.java:<init>(93)) - d9f4d2f3-43ad-4797-af7c-63cf96d5994d: new RaftServerImpl for group-1D06733D3427:[a6b09e3a-4dc0-4f42-90cf-d193d128f803:192.168.36.89:39402, 4b2c46f6-3092-4dd3-9da2-fd01aaa34c78:192.168.36.89:39232, d9f4d2f3-43ad-4797-af7c-63cf96d5994d:192.168.36.89:42325] with ContainerStateMachine:uninitialized
2019-08-21 07:11:48,563 INFO  server.RaftServerConfigKeys (ConfUtils.java:logGet(43)) - raft.server.rpc.timeout.min = 5s (custom)
2019-08-21 07:11:48,563 INFO  server.RaftServerConfigKeys (ConfUtils.java:logGet(43)) - raft.server.rpc.timeout.max = 5200ms (custom)
2019-08-21 07:11:48,563 INFO  server.RaftServerConfigKeys (ConfUtils.java:logGet(43)) - raft.server.rpcslowness.timeout = 120s (custom)
2019-08-21 07:11:48,563 INFO  server.RaftServerConfigKeys (ConfUtils.java:logGet(43)) - raft.server.sleep.deviation.threshold = 300 (default)
2019-08-21 07:11:48,563 INFO  server.RaftServerConfigKeys (ConfUtils.java:logGet(43)) - raft.server.log.appender.install.snapshot.enabled = false (custom)
2019-08-21 07:11:48,563 INFO  impl.RaftServerImpl (ServerState.java:<init>(105)) - d9f4d2f3-43ad-4797-af7c-63cf96d5994d:group-1D06733D3427 ConfigurationManager, init=-1: [a6b09e3a-4dc0-4f42-90cf-d193d128f803:192.168.36.89:39402, 4b2c46f6-3092-4dd3-9da2-fd01aaa34c78:192.168.36.89:39232, d9f4d2f3-43ad-4797-af7c-63cf96d5994d:192.168.36.89:42325], old=null, confs=<EMPTY_MAP>
2019-08-21 07:11:48,563 INFO  impl.RaftServerImpl (RaftServerImpl.java:<init>(93)) - a6b09e3a-4dc0-4f42-90cf-d193d128f803: new RaftServerImpl for group-1D06733D3427:[a6b09e3a-4dc0-4f42-90cf-d193d128f803:192.168.36.89:39402, 4b2c46f6-3092-4dd3-9da2-fd01aaa34c78:192.168.36.89:39232, d9f4d2f3-43ad-4797-af7c-63cf96d5994d:192.168.36.89:42325] with ContainerStateMachine:uninitialized
2019-08-21 07:11:48,563 INFO  server.RaftServerConfigKeys (ConfUtils.java:logGet(43)) - raft.server.storage.dir = [/workdir/hadoop-ozone/integration-test/target/test-dir/MiniOzoneClusterImpl-ba683c9d-7a8a-4709-b9fa-019fe96252e8/datanode-1/data/ratis] (custom)
2019-08-21 07:11:48,563 INFO  server.RaftServerConfigKeys (ConfUtils.java:logGet(43)) - raft.server.rpc.timeout.min = 5s (custom)
2019-08-21 07:11:48,564 INFO  impl.RaftServerImpl (RaftServerImpl.java:<init>(93)) - 4b2c46f6-3092-4dd3-9da2-fd01aaa34c78: new RaftServerImpl for group-1D06733D3427:[a6b09e3a-4dc0-4f42-90cf-d193d128f803:192.168.36.89:39402, 4b2c46f6-3092-4dd3-9da2-fd01aaa34c78:192.168.36.89:39232, d9f4d2f3-43ad-4797-af7c-63cf96d5994d:192.168.36.89:42325] with ContainerStateMachine:uninitialized
2019-08-21 07:11:48,564 INFO  server.RaftServerConfigKeys (ConfUtils.java:logGet(43)) - raft.server.rpc.timeout.max = 5200ms (custom)
2019-08-21 07:11:48,564 INFO  server.RaftServerConfigKeys (ConfUtils.java:logGet(43)) - raft.server.rpc.timeout.min = 5s (custom)
2019-08-21 07:11:48,564 INFO  storage.RaftStorageDirectory (RaftStorageDirectory.java:analyzeStorage(246)) - The storage directory /workdir/hadoop-ozone/integration-test/target/test-dir/MiniOzoneClusterImpl-ba683c9d-7a8a-4709-b9fa-019fe96252e8/datanode-1/data/ratis/aac1e625-3f16-44f2-8da7-1d06733d3427 does not exist. Creating ...
2019-08-21 07:11:48,564 INFO  server.RaftServerConfigKeys (ConfUtils.java:logGet(43)) - raft.server.rpc.timeout.max = 5200ms (custom)
2019-08-21 07:11:48,564 INFO  server.RaftServerConfigKeys (ConfUtils.java:logGet(43)) - raft.server.rpcslowness.timeout = 120s (custom)
2019-08-21 07:11:48,564 INFO  server.RaftServerConfigKeys (ConfUtils.java:logGet(43)) - raft.server.rpcslowness.timeout = 120s (custom)
2019-08-21 07:11:48,564 INFO  server.RaftServerConfigKeys (ConfUtils.java:logGet(43)) - raft.server.sleep.deviation.threshold = 300 (default)
2019-08-21 07:11:48,564 INFO  server.RaftServerConfigKeys (ConfUtils.java:logGet(43)) - raft.server.sleep.deviation.threshold = 300 (default)
2019-08-21 07:11:48,565 INFO  server.RaftServerConfigKeys (ConfUtils.java:logGet(43)) - raft.server.log.appender.install.snapshot.enabled = false (custom)
2019-08-21 07:11:48,565 INFO  server.RaftServerConfigKeys (ConfUtils.java:logGet(43)) - raft.server.log.appender.install.snapshot.enabled = false (custom)
2019-08-21 07:11:48,565 INFO  impl.RaftServerImpl (ServerState.java:<init>(105)) - a6b09e3a-4dc0-4f42-90cf-d193d128f803:group-1D06733D3427 ConfigurationManager, init=-1: [a6b09e3a-4dc0-4f42-90cf-d193d128f803:192.168.36.89:39402, 4b2c46f6-3092-4dd3-9da2-fd01aaa34c78:192.168.36.89:39232, d9f4d2f3-43ad-4797-af7c-63cf96d5994d:192.168.36.89:42325], old=null, confs=<EMPTY_MAP>
2019-08-21 07:11:48,565 INFO  impl.RaftServerImpl (ServerState.java:<init>(105)) - 4b2c46f6-3092-4dd3-9da2-fd01aaa34c78:group-1D06733D3427 ConfigurationManager, init=-1: [a6b09e3a-4dc0-4f42-90cf-d193d128f803:192.168.36.89:39402, 4b2c46f6-3092-4dd3-9da2-fd01aaa34c78:192.168.36.89:39232, d9f4d2f3-43ad-4797-af7c-63cf96d5994d:192.168.36.89:42325], old=null, confs=<EMPTY_MAP>
2019-08-21 07:11:48,565 INFO  server.RaftServerConfigKeys (ConfUtils.java:logGet(43)) - raft.server.storage.dir = [/workdir/hadoop-ozone/integration-test/target/test-dir/MiniOzoneClusterImpl-ba683c9d-7a8a-4709-b9fa-019fe96252e8/datanode-2/data/ratis] (custom)
2019-08-21 07:11:48,565 INFO  server.RaftServerConfigKeys (ConfUtils.java:logGet(43)) - raft.server.storage.dir = [/workdir/hadoop-ozone/integration-test/target/test-dir/MiniOzoneClusterImpl-ba683c9d-7a8a-4709-b9fa-019fe96252e8/datanode-0/data/ratis] (custom)
2019-08-21 07:11:48,565 INFO  storage.RaftStorageDirectory (RaftStorageDirectory.java:analyzeStorage(246)) - The storage directory /workdir/hadoop-ozone/integration-test/target/test-dir/MiniOzoneClusterImpl-ba683c9d-7a8a-4709-b9fa-019fe96252e8/datanode-2/data/ratis/aac1e625-3f16-44f2-8da7-1d06733d3427 does not exist. Creating ...
2019-08-21 07:11:48,565 INFO  storage.RaftStorageDirectory (RaftStorageDirectory.java:analyzeStorage(246)) - The storage directory /workdir/hadoop-ozone/integration-test/target/test-dir/MiniOzoneClusterImpl-ba683c9d-7a8a-4709-b9fa-019fe96252e8/datanode-0/data/ratis/aac1e625-3f16-44f2-8da7-1d06733d3427 does not exist. Creating ...
2019-08-21 07:11:48,580 INFO  storage.RaftStorageDirectory (RaftStorageDirectory.java:tryLock(328)) - Lock on /workdir/hadoop-ozone/integration-test/target/test-dir/MiniOzoneClusterImpl-ba683c9d-7a8a-4709-b9fa-019fe96252e8/datanode-2/data/ratis/aac1e625-3f16-44f2-8da7-1d06733d3427/in_use.lock acquired by nodename 2513@pr-hdds-1935-8bnx7-2419419324
2019-08-21 07:11:48,580 INFO  storage.RaftStorageDirectory (RaftStorageDirectory.java:tryLock(328)) - Lock on /workdir/hadoop-ozone/integration-test/target/test-dir/MiniOzoneClusterImpl-ba683c9d-7a8a-4709-b9fa-019fe96252e8/datanode-0/data/ratis/aac1e625-3f16-44f2-8da7-1d06733d3427/in_use.lock acquired by nodename 2513@pr-hdds-1935-8bnx7-2419419324
2019-08-21 07:11:48,580 INFO  storage.RaftStorageDirectory (RaftStorageDirectory.java:tryLock(328)) - Lock on /workdir/hadoop-ozone/integration-test/target/test-dir/MiniOzoneClusterImpl-ba683c9d-7a8a-4709-b9fa-019fe96252e8/datanode-1/data/ratis/aac1e625-3f16-44f2-8da7-1d06733d3427/in_use.lock acquired by nodename 2513@pr-hdds-1935-8bnx7-2419419324
2019-08-21 07:11:48,592 INFO  storage.RaftStorage (RaftStorage.java:format(72)) - Storage directory /workdir/hadoop-ozone/integration-test/target/test-dir/MiniOzoneClusterImpl-ba683c9d-7a8a-4709-b9fa-019fe96252e8/datanode-2/data/ratis/aac1e625-3f16-44f2-8da7-1d06733d3427 has been successfully formatted.
2019-08-21 07:11:48,592 INFO  ratis.ContainerStateMachine (ContainerStateMachine.java:loadSnapshot(222)) - group-1D06733D3427: The snapshot info is null. Setting the last applied indexto:(t:0, i:~)
2019-08-21 07:11:48,593 INFO  server.RaftServerConfigKeys (ConfUtils.java:logGet(43)) - raft.server.leader.election.timeout = 120s (custom)
2019-08-21 07:11:48,593 INFO  server.RaftServerConfigKeys (ConfUtils.java:logGet(43)) - raft.server.log.use.memory = false (default)
2019-08-21 07:11:48,593 INFO  server.RaftServerConfigKeys (ConfUtils.java:logGet(43)) - raft.server.log.purge.gap = 1000000000 (custom)
2019-08-21 07:11:48,593 INFO  server.RaftServerConfigKeys (ConfUtils.java:logGet(43)) - raft.server.log.appender.buffer.byte-limit = 33554432 (custom)
2019-08-21 07:11:48,593 INFO  server.RaftServerConfigKeys (ConfUtils.java:logGet(43)) - raft.server.log.segment.size.max = 1048576 (custom)
2019-08-21 07:11:48,594 INFO  server.RaftServerConfigKeys (ConfUtils.java:logGet(43)) - raft.server.log.segment.cache.num.max = 2 (custom)
2019-08-21 07:11:48,594 INFO  segmented.SegmentedRaftLogWorker (SegmentedRaftLogWorker.java:<init>(172)) - new a6b09e3a-4dc0-4f42-90cf-d193d128f803-SegmentedRaftLogWorker:Storage Directory /workdir/hadoop-ozone/integration-test/target/test-dir/MiniOzoneClusterImpl-ba683c9d-7a8a-4709-b9fa-019fe96252e8/datanode-2/data/ratis/aac1e625-3f16-44f2-8da7-1d06733d3427 for RaftStorage:Storage Directory /workdir/hadoop-ozone/integration-test/target/test-dir/MiniOzoneClusterImpl-ba683c9d-7a8a-4709-b9fa-019fe96252e8/datanode-2/data/ratis/aac1e625-3f16-44f2-8da7-1d06733d3427
2019-08-21 07:11:48,594 INFO  server.RaftServerConfigKeys (ConfUtils.java:logGet(43)) - raft.server.log.queue.byte-limit = 2147483647 (custom)
2019-08-21 07:11:48,594 INFO  server.RaftServerConfigKeys (ConfUtils.java:logGet(43)) - raft.server.log.queue.element-limit = 1024 (custom)
2019-08-21 07:11:48,594 INFO  server.RaftServerConfigKeys (ConfUtils.java:logGet(43)) - raft.server.log.segment.size.max = 1048576 (custom)
2019-08-21 07:11:48,594 INFO  server.RaftServerConfigKeys (ConfUtils.java:logGet(43)) - raft.server.log.preallocated.size = 16384 (custom)
2019-08-21 07:11:48,594 INFO  server.RaftServerConfigKeys (ConfUtils.java:logGet(43)) - raft.server.log.write.buffer.size = 33554432 (custom)
2019-08-21 07:11:48,595 INFO  server.RaftServerConfigKeys (ConfUtils.java:logGet(43)) - raft.server.log.force.sync.num = 128 (default)
2019-08-21 07:11:48,595 INFO  server.RaftServerConfigKeys (ConfUtils.java:logGet(43)) - raft.server.log.statemachine.data.sync = true (default)
2019-08-21 07:11:48,595 INFO  server.RaftServerConfigKeys (ConfUtils.java:logGet(43)) - raft.server.log.statemachine.data.sync.timeout = 10s (default)
2019-08-21 07:11:48,595 INFO  server.RaftServerConfigKeys (ConfUtils.java:logGet(43)) - raft.server.log.statemachine.data.sync.timeout.retry = -1 (default)
2019-08-21 07:11:48,595 INFO  storage.RaftStorage (RaftStorage.java:format(72)) - Storage directory /workdir/hadoop-ozone/integration-test/target/test-dir/MiniOzoneClusterImpl-ba683c9d-7a8a-4709-b9fa-019fe96252e8/datanode-0/data/ratis/aac1e625-3f16-44f2-8da7-1d06733d3427 has been successfully formatted.
2019-08-21 07:11:48,595 INFO  server.RaftServerConfigKeys (ConfUtils.java:logGet(43)) - raft.server.log.statemachine.data.caching.enabled = true (custom)
2019-08-21 07:11:48,595 INFO  storage.RaftStorage (RaftStorage.java:format(72)) - Storage directory /workdir/hadoop-ozone/integration-test/target/test-dir/MiniOzoneClusterImpl-ba683c9d-7a8a-4709-b9fa-019fe96252e8/datanode-1/data/ratis/aac1e625-3f16-44f2-8da7-1d06733d3427 has been successfully formatted.
2019-08-21 07:11:48,597 INFO  segmented.SegmentedRaftLogWorker (SegmentedRaftLogWorker.java:lambda$new$0(132)) - a6b09e3a-4dc0-4f42-90cf-d193d128f803-SegmentedRaftLogWorker:Storage Directory /workdir/hadoop-ozone/integration-test/target/test-dir/MiniOzoneClusterImpl-ba683c9d-7a8a-4709-b9fa-019fe96252e8/datanode-2/data/ratis/aac1e625-3f16-44f2-8da7-1d06733d3427: flushIndex: setUnconditionally 0 -> -1
2019-08-21 07:11:48,597 INFO  ratis.ContainerStateMachine (ContainerStateMachine.java:loadSnapshot(222)) - group-1D06733D3427: The snapshot info is null. Setting the last applied indexto:(t:0, i:~)
2019-08-21 07:11:48,598 INFO  server.RaftServerConfigKeys (ConfUtils.java:logGet(43)) - raft.server.snapshot.auto.trigger.enabled = true (custom)
2019-08-21 07:11:48,598 INFO  server.RaftServerConfigKeys (ConfUtils.java:logGet(43)) - raft.server.leader.election.timeout = 120s (custom)
2019-08-21 07:11:48,598 INFO  ratis.ContainerStateMachine (ContainerStateMachine.java:loadSnapshot(222)) - group-1D06733D3427: The snapshot info is null. Setting the last applied indexto:(t:0, i:~)
2019-08-21 07:11:48,598 INFO  server.RaftServerConfigKeys (ConfUtils.java:logGet(43)) - raft.server.log.use.memory = false (default)
2019-08-21 07:11:48,598 INFO  server.RaftServerConfigKeys (ConfUtils.java:logGet(43)) - raft.server.snapshot.auto.trigger.threshold = 10000 (custom)
2019-08-21 07:11:48,598 INFO  server.RaftServerConfigKeys (ConfUtils.java:logGet(43)) - raft.server.log.purge.gap = 1000000000 (custom)
2019-08-21 07:11:48,598 INFO  server.RaftServerConfigKeys (ConfUtils.java:logGet(43)) - raft.server.leader.election.timeout = 120s (custom)
2019-08-21 07:11:48,598 INFO  server.RaftServerConfigKeys (ConfUtils.java:logGet(43)) - raft.server.log.appender.buffer.byte-limit = 33554432 (custom)
2019-08-21 07:11:48,598 INFO  server.RaftServerConfigKeys (ConfUtils.java:logGet(43)) - raft.server.retrycache.expirytime = 600000ms (custom)
2019-08-21 07:11:48,599 INFO  server.RaftServerConfigKeys (ConfUtils.java:logGet(43)) - raft.server.log.segment.size.max = 1048576 (custom)
2019-08-21 07:11:48,598 INFO  server.RaftServerConfigKeys (ConfUtils.java:logGet(43)) - raft.server.log.use.memory = false (default)
2019-08-21 07:11:48,599 INFO  server.RaftServerConfigKeys (ConfUtils.java:logGet(43)) - raft.server.log.segment.cache.num.max = 2 (custom)
2019-08-21 07:11:48,599 INFO  impl.RaftServerImpl (RaftServerImpl.java:start(180)) - a6b09e3a-4dc0-4f42-90cf-d193d128f803: start group-1D06733D3427
2019-08-21 07:11:48,599 INFO  segmented.SegmentedRaftLogWorker (SegmentedRaftLogWorker.java:<init>(172)) - new 4b2c46f6-3092-4dd3-9da2-fd01aaa34c78-SegmentedRaftLogWorker:Storage Directory /workdir/hadoop-ozone/integration-test/target/test-dir/MiniOzoneClusterImpl-ba683c9d-7a8a-4709-b9fa-019fe96252e8/datanode-0/data/ratis/aac1e625-3f16-44f2-8da7-1d06733d3427 for RaftStorage:Storage Directory /workdir/hadoop-ozone/integration-test/target/test-dir/MiniOzoneClusterImpl-ba683c9d-7a8a-4709-b9fa-019fe96252e8/datanode-0/data/ratis/aac1e625-3f16-44f2-8da7-1d06733d3427
2019-08-21 07:11:48,599 INFO  server.RaftServerConfigKeys (ConfUtils.java:logGet(43)) - raft.server.log.purge.gap = 1000000000 (custom)
2019-08-21 07:11:48,599 INFO  server.RaftServerConfigKeys (ConfUtils.java:logGet(43)) - raft.server.log.queue.byte-limit = 2147483647 (custom)
2019-08-21 07:11:48,599 INFO  impl.RaftServerImpl (RaftServerImpl.java:setRole(171)) - a6b09e3a-4dc0-4f42-90cf-d193d128f803:group-1D06733D3427 changes role from null to FOLLOWER at term 0 for startAsFollower
2019-08-21 07:11:48,601 INFO  server.RaftServerConfigKeys (ConfUtils.java:logGet(43)) - raft.server.log.queue.element-limit = 1024 (custom)
2019-08-21 07:11:48,599 INFO  server.RaftServerConfigKeys (ConfUtils.java:logGet(43)) - raft.server.log.appender.buffer.byte-limit = 33554432 (custom)
2019-08-21 07:11:48,601 INFO  server.RaftServerConfigKeys (ConfUtils.java:logGet(43)) - raft.server.log.segment.size.max = 1048576 (custom)
2019-08-21 07:11:48,601 INFO  impl.RoleInfo (RoleInfo.java:updateAndGet(143)) - a6b09e3a-4dc0-4f42-90cf-d193d128f803: start FollowerState
2019-08-21 07:11:48,601 INFO  server.RaftServerConfigKeys (ConfUtils.java:logGet(43)) - raft.server.log.preallocated.size = 16384 (custom)
2019-08-21 07:11:48,601 INFO  server.RaftServerConfigKeys (ConfUtils.java:logGet(43)) - raft.server.log.segment.size.max = 1048576 (custom)
2019-08-21 07:11:48,601 INFO  server.RaftServerConfigKeys (ConfUtils.java:logGet(43)) - raft.server.log.write.buffer.size = 33554432 (custom)
2019-08-21 07:11:48,602 INFO  server.RaftServerConfigKeys (ConfUtils.java:logGet(43)) - raft.server.log.segment.cache.num.max = 2 (custom)
2019-08-21 07:11:48,602 INFO  util.JmxRegister (JmxRegister.java:tryRegister(44)) - Successfully registered JMX Bean with object name Ratis:service=RaftServer,group=group-1D06733D3427,id=a6b09e3a-4dc0-4f42-90cf-d193d128f803
2019-08-21 07:11:48,602 INFO  segmented.SegmentedRaftLogWorker (SegmentedRaftLogWorker.java:<init>(172)) - new d9f4d2f3-43ad-4797-af7c-63cf96d5994d-SegmentedRaftLogWorker:Storage Directory /workdir/hadoop-ozone/integration-test/target/test-dir/MiniOzoneClusterImpl-ba683c9d-7a8a-4709-b9fa-019fe96252e8/datanode-1/data/ratis/aac1e625-3f16-44f2-8da7-1d06733d3427 for RaftStorage:Storage Directory /workdir/hadoop-ozone/integration-test/target/test-dir/MiniOzoneClusterImpl-ba683c9d-7a8a-4709-b9fa-019fe96252e8/datanode-1/data/ratis/aac1e625-3f16-44f2-8da7-1d06733d3427
2019-08-21 07:11:48,602 INFO  server.RaftServerConfigKeys (ConfUtils.java:logGet(43)) - raft.server.log.force.sync.num = 128 (default)
2019-08-21 07:11:48,602 INFO  server.RaftServerConfigKeys (ConfUtils.java:logGet(43)) - raft.server.log.queue.byte-limit = 2147483647 (custom)
2019-08-21 07:11:48,602 INFO  server.RaftServerConfigKeys (ConfUtils.java:logGet(43)) - raft.server.log.statemachine.data.sync = true (default)
2019-08-21 07:11:48,604 INFO  server.RaftServerConfigKeys (ConfUtils.java:logGet(43)) - raft.server.log.queue.element-limit = 1024 (custom)
2019-08-21 07:11:48,604 INFO  server.RaftServerConfigKeys (ConfUtils.java:logGet(43)) - raft.server.log.statemachine.data.sync.timeout = 10s (default)
2019-08-21 07:11:48,605 INFO  server.RaftServerConfigKeys (ConfUtils.java:logGet(43)) - raft.server.log.segment.size.max = 1048576 (custom)
2019-08-21 07:11:48,606 INFO  server.RaftServerConfigKeys (ConfUtils.java:logGet(43)) - raft.server.log.statemachine.data.sync.timeout.retry = -1 (default)
2019-08-21 07:11:48,606 INFO  server.RaftServerConfigKeys (ConfUtils.java:logGet(43)) - raft.server.log.preallocated.size = 16384 (custom)
2019-08-21 07:11:48,607 INFO  server.RaftServerConfigKeys (ConfUtils.java:logGet(43)) - raft.server.log.write.buffer.size = 33554432 (custom)
2019-08-21 07:11:48,607 INFO  server.RaftServerConfigKeys (ConfUtils.java:logGet(43)) - raft.server.log.statemachine.data.caching.enabled = true (custom)
2019-08-21 07:11:48,608 INFO  server.RaftServerConfigKeys (ConfUtils.java:logGet(43)) - raft.server.log.force.sync.num = 128 (default)
2019-08-21 07:11:48,608 INFO  server.RaftServerConfigKeys (ConfUtils.java:logGet(43)) - raft.server.log.statemachine.data.sync = true (default)
2019-08-21 07:11:48,608 INFO  server.RaftServerConfigKeys (ConfUtils.java:logGet(43)) - raft.server.log.statemachine.data.sync.timeout = 10s (default)
2019-08-21 07:11:48,608 INFO  segmented.SegmentedRaftLogWorker (SegmentedRaftLogWorker.java:lambda$new$0(132)) - 4b2c46f6-3092-4dd3-9da2-fd01aaa34c78-SegmentedRaftLogWorker:Storage Directory /workdir/hadoop-ozone/integration-test/target/test-dir/MiniOzoneClusterImpl-ba683c9d-7a8a-4709-b9fa-019fe96252e8/datanode-0/data/ratis/aac1e625-3f16-44f2-8da7-1d06733d3427: flushIndex: setUnconditionally 0 -> -1
2019-08-21 07:11:48,608 INFO  server.RaftServerConfigKeys (ConfUtils.java:logGet(43)) - raft.server.log.statemachine.data.sync.timeout.retry = -1 (default)
2019-08-21 07:11:48,610 INFO  server.RaftServerConfigKeys (ConfUtils.java:logGet(43)) - raft.server.snapshot.auto.trigger.enabled = true (custom)
2019-08-21 07:11:48,610 INFO  server.RaftServerConfigKeys (ConfUtils.java:logGet(43)) - raft.server.log.statemachine.data.caching.enabled = true (custom)
2019-08-21 07:11:48,610 INFO  server.RaftServerConfigKeys (ConfUtils.java:logGet(43)) - raft.server.snapshot.auto.trigger.threshold = 10000 (custom)
2019-08-21 07:11:48,610 INFO  server.RaftServerConfigKeys (ConfUtils.java:logGet(43)) - raft.server.retrycache.expirytime = 600000ms (custom)
2019-08-21 07:11:48,610 INFO  segmented.SegmentedRaftLogWorker (SegmentedRaftLogWorker.java:lambda$new$0(132)) - d9f4d2f3-43ad-4797-af7c-63cf96d5994d-SegmentedRaftLogWorker:Storage Directory /workdir/hadoop-ozone/integration-test/target/test-dir/MiniOzoneClusterImpl-ba683c9d-7a8a-4709-b9fa-019fe96252e8/datanode-1/data/ratis/aac1e625-3f16-44f2-8da7-1d06733d3427: flushIndex: setUnconditionally 0 -> -1
2019-08-21 07:11:48,610 INFO  impl.RaftServerImpl (RaftServerImpl.java:start(180)) - 4b2c46f6-3092-4dd3-9da2-fd01aaa34c78: start group-1D06733D3427
2019-08-21 07:11:48,610 INFO  server.RaftServerConfigKeys (ConfUtils.java:logGet(43)) - raft.server.snapshot.auto.trigger.enabled = true (custom)
2019-08-21 07:11:48,611 INFO  impl.RaftServerImpl (RaftServerImpl.java:setRole(171)) - 4b2c46f6-3092-4dd3-9da2-fd01aaa34c78:group-1D06733D3427 changes role from null to FOLLOWER at term 0 for startAsFollower
2019-08-21 07:11:48,613 INFO  server.RaftServerConfigKeys (ConfUtils.java:logGet(43)) - raft.server.snapshot.auto.trigger.threshold = 10000 (custom)
2019-08-21 07:11:48,613 INFO  impl.RoleInfo (RoleInfo.java:updateAndGet(143)) - 4b2c46f6-3092-4dd3-9da2-fd01aaa34c78: start FollowerState
2019-08-21 07:11:48,614 INFO  server.RaftServerConfigKeys (ConfUtils.java:logGet(43)) - raft.server.retrycache.expirytime = 600000ms (custom)
2019-08-21 07:11:48,614 INFO  impl.RaftServerImpl (RaftServerImpl.java:start(180)) - d9f4d2f3-43ad-4797-af7c-63cf96d5994d: start group-1D06733D3427
2019-08-21 07:11:48,614 INFO  impl.RaftServerImpl (RaftServerImpl.java:setRole(171)) - d9f4d2f3-43ad-4797-af7c-63cf96d5994d:group-1D06733D3427 changes role from null to FOLLOWER at term 0 for startAsFollower
2019-08-21 07:11:48,614 INFO  util.JmxRegister (JmxRegister.java:tryRegister(44)) - Successfully registered JMX Bean with object name Ratis:service=RaftServer,group=group-1D06733D3427,id=4b2c46f6-3092-4dd3-9da2-fd01aaa34c78
2019-08-21 07:11:48,614 INFO  impl.RoleInfo (RoleInfo.java:updateAndGet(143)) - d9f4d2f3-43ad-4797-af7c-63cf96d5994d: start FollowerState
2019-08-21 07:11:48,615 INFO  util.JmxRegister (JmxRegister.java:tryRegister(44)) - Successfully registered JMX Bean with object name Ratis:service=RaftServer,group=group-1D06733D3427,id=d9f4d2f3-43ad-4797-af7c-63cf96d5994d
2019-08-21 07:11:48,628 INFO  pipeline.PipelineStateManager (PipelineStateManager.java:addPipeline(56)) - Created pipeline Pipeline[ Id: aac1e625-3f16-44f2-8da7-1d06733d3427, Nodes: 4b2c46f6-3092-4dd3-9da2-fd01aaa34c78{ip: 192.168.36.89, host: pr-hdds-1935-8bnx7-2419419324, networkLocation: /default-rack, certSerialId: null}d9f4d2f3-43ad-4797-af7c-63cf96d5994d{ip: 192.168.36.89, host: pr-hdds-1935-8bnx7-2419419324, networkLocation: /default-rack, certSerialId: null}a6b09e3a-4dc0-4f42-90cf-d193d128f803{ip: 192.168.36.89, host: pr-hdds-1935-8bnx7-2419419324, networkLocation: /default-rack, certSerialId: null}, Type:RATIS, Factor:THREE, State:OPEN]
2019-08-21 07:11:49,143 INFO  ozone.MiniOzoneClusterImpl (MiniOzoneClusterImpl.java:lambda$waitForClusterToBeReady$0(142)) - Cluster is ready. Got 3 of 3 DN Heartbeats.
2019-08-21 07:11:49,170 INFO  pipeline.PipelineActionHandler (PipelineActionHandler.java:onMessage(60)) - Received pipeline action CLOSE for Pipeline[ Id: aac1e625-3f16-44f2-8da7-1d06733d3427, Nodes: 4b2c46f6-3092-4dd3-9da2-fd01aaa34c78{ip: 192.168.36.89, host: pr-hdds-1935-8bnx7-2419419324, networkLocation: /default-rack, certSerialId: null}d9f4d2f3-43ad-4797-af7c-63cf96d5994d{ip: 192.168.36.89, host: pr-hdds-1935-8bnx7-2419419324, networkLocation: /default-rack, certSerialId: null}a6b09e3a-4dc0-4f42-90cf-d193d128f803{ip: 192.168.36.89, host: pr-hdds-1935-8bnx7-2419419324, networkLocation: /default-rack, certSerialId: null}, Type:RATIS, Factor:THREE, State:OPEN] from datanode 4b2c46f6-3092-4dd3-9da2-fd01aaa34c78{ip: 192.168.36.89, host: pr-hdds-1935-8bnx7-2419419324, networkLocation: /default-rack, certSerialId: null}. Reason : 
2019-08-21 07:11:50,403 INFO  container.ReplicationManager (ReplicationManager.java:start(164)) - Starting Replication Monitor Thread.
2019-08-21 07:11:50,410 INFO  container.ReplicationManager (ReplicationManager.java:run(216)) - Replication Monitor Thread took 5 milliseconds for processing 1 containers.
2019-08-21 07:11:53,362 INFO  impl.FollowerState (FollowerState.java:run(106)) - 4b2c46f6-3092-4dd3-9da2-fd01aaa34c78:group-F1638F42C194 changes to CANDIDATE, lastRpcTime:5080, electionTimeout:5079ms
2019-08-21 07:11:53,362 INFO  impl.RoleInfo (RoleInfo.java:shutdownFollowerState(121)) - 4b2c46f6-3092-4dd3-9da2-fd01aaa34c78: shutdown FollowerState
2019-08-21 07:11:53,362 INFO  impl.RaftServerImpl (RaftServerImpl.java:setRole(171)) - 4b2c46f6-3092-4dd3-9da2-fd01aaa34c78:group-F1638F42C194 changes role from FOLLOWER to CANDIDATE at term 0 for changeToCandidate
2019-08-21 07:11:53,366 INFO  impl.RoleInfo (RoleInfo.java:updateAndGet(143)) - 4b2c46f6-3092-4dd3-9da2-fd01aaa34c78: start LeaderElection
2019-08-21 07:11:53,436 INFO  impl.LeaderElection (LeaderElection.java:askForVotes(181)) - 4b2c46f6-3092-4dd3-9da2-fd01aaa34c78:group-F1638F42C194:LeaderElection1: begin an election at term 1 for -1: [4b2c46f6-3092-4dd3-9da2-fd01aaa34c78:192.168.36.89:39232], old=null
2019-08-21 07:11:53,437 INFO  impl.RoleInfo (RoleInfo.java:shutdownLeaderElection(134)) - 4b2c46f6-3092-4dd3-9da2-fd01aaa34c78: shutdown LeaderElection
2019-08-21 07:11:53,438 INFO  impl.RaftServerImpl (RaftServerImpl.java:setRole(171)) - 4b2c46f6-3092-4dd3-9da2-fd01aaa34c78:group-F1638F42C194 changes role from CANDIDATE to LEADER at term 1 for changeToLeader
2019-08-21 07:11:53,438 INFO  impl.RaftServerImpl (ServerState.java:setLeader(263)) - 4b2c46f6-3092-4dd3-9da2-fd01aaa34c78:group-F1638F42C194 change Leader from null to 4b2c46f6-3092-4dd3-9da2-fd01aaa34c78 at term 1 for becomeLeader, leader elected after 5230ms
2019-08-21 07:11:53,443 INFO  server.RaftServerConfigKeys (ConfUtils.java:logGet(43)) - raft.server.staging.catchup.gap = 1000 (default)
2019-08-21 07:11:53,443 INFO  server.RaftServerConfigKeys (ConfUtils.java:logGet(43)) - raft.server.rpc.sleep.time = 25ms (default)
2019-08-21 07:11:53,445 INFO  server.RaftServerConfigKeys (ConfUtils.java:logGet(43)) - raft.server.write.element-limit = 4096 (default)
2019-08-21 07:11:53,447 INFO  server.RaftServerConfigKeys (ConfUtils.java:logGet(43)) - raft.server.watch.timeout = 10s (default)
2019-08-21 07:11:53,447 INFO  server.RaftServerConfigKeys (ConfUtils.java:logGet(43)) - raft.server.watch.timeout.denomination = 1s (default)
2019-08-21 07:11:53,448 INFO  server.RaftServerConfigKeys (ConfUtils.java:logGet(43)) - raft.server.watch.element-limit = 65536 (default)
2019-08-21 07:11:53,455 INFO  impl.RoleInfo (RoleInfo.java:updateAndGet(143)) - 4b2c46f6-3092-4dd3-9da2-fd01aaa34c78: start LeaderState
2019-08-21 07:11:53,472 INFO  segmented.SegmentedRaftLogWorker (SegmentedRaftLogWorker.java:startLogSegment(380)) - 4b2c46f6-3092-4dd3-9da2-fd01aaa34c78-SegmentedRaftLogWorker:Storage Directory /workdir/hadoop-ozone/integration-test/target/test-dir/MiniOzoneClusterImpl-ba683c9d-7a8a-4709-b9fa-019fe96252e8/datanode-0/data/ratis/64d02f70-d5f9-4759-8928-f1638f42c194: Starting segment from index:0
2019-08-21 07:11:53,480 INFO  impl.RaftServerImpl (ServerState.java:setRaftConf(361)) - 4b2c46f6-3092-4dd3-9da2-fd01aaa34c78:group-F1638F42C194 set configuration 0: [4b2c46f6-3092-4dd3-9da2-fd01aaa34c78:192.168.36.89:39232], old=null at 0
2019-08-21 07:11:53,488 INFO  impl.FollowerState (FollowerState.java:run(106)) - d9f4d2f3-43ad-4797-af7c-63cf96d5994d:group-510536D1796F changes to CANDIDATE, lastRpcTime:5048, electionTimeout:5047ms
2019-08-21 07:11:53,490 INFO  impl.RoleInfo (RoleInfo.java:shutdownFollowerState(121)) - d9f4d2f3-43ad-4797-af7c-63cf96d5994d: shutdown FollowerState
2019-08-21 07:11:53,490 INFO  impl.RaftServerImpl (RaftServerImpl.java:setRole(171)) - d9f4d2f3-43ad-4797-af7c-63cf96d5994d:group-510536D1796F changes role from FOLLOWER to CANDIDATE at term 0 for changeToCandidate
2019-08-21 07:11:53,490 INFO  impl.RoleInfo (RoleInfo.java:updateAndGet(143)) - d9f4d2f3-43ad-4797-af7c-63cf96d5994d: start LeaderElection
2019-08-21 07:11:53,531 INFO  impl.LeaderElection (LeaderElection.java:askForVotes(181)) - d9f4d2f3-43ad-4797-af7c-63cf96d5994d:group-510536D1796F:LeaderElection2: begin an election at term 1 for -1: [d9f4d2f3-43ad-4797-af7c-63cf96d5994d:192.168.36.89:42325], old=null
2019-08-21 07:11:53,531 INFO  impl.RoleInfo (RoleInfo.java:shutdownLeaderElection(134)) - d9f4d2f3-43ad-4797-af7c-63cf96d5994d: shutdown LeaderElection
2019-08-21 07:11:53,531 INFO  impl.RaftServerImpl (RaftServerImpl.java:setRole(171)) - d9f4d2f3-43ad-4797-af7c-63cf96d5994d:group-510536D1796F changes role from CANDIDATE to LEADER at term 1 for changeToLeader
2019-08-21 07:11:53,531 INFO  impl.RaftServerImpl (ServerState.java:setLeader(263)) - d9f4d2f3-43ad-4797-af7c-63cf96d5994d:group-510536D1796F change Leader from null to d9f4d2f3-43ad-4797-af7c-63cf96d5994d at term 1 for becomeLeader, leader elected after 5095ms
2019-08-21 07:11:53,531 INFO  server.RaftServerConfigKeys (ConfUtils.java:logGet(43)) - raft.server.staging.catchup.gap = 1000 (default)
2019-08-21 07:11:53,531 INFO  server.RaftServerConfigKeys (ConfUtils.java:logGet(43)) - raft.server.rpc.sleep.time = 25ms (default)
2019-08-21 07:11:53,532 INFO  server.RaftServerConfigKeys (ConfUtils.java:logGet(43)) - raft.server.write.element-limit = 4096 (default)
2019-08-21 07:11:53,532 INFO  server.RaftServerConfigKeys (ConfUtils.java:logGet(43)) - raft.server.watch.timeout = 10s (default)
2019-08-21 07:11:53,532 INFO  server.RaftServerConfigKeys (ConfUtils.java:logGet(43)) - raft.server.watch.timeout.denomination = 1s (default)
2019-08-21 07:11:53,532 INFO  server.RaftServerConfigKeys (ConfUtils.java:logGet(43)) - raft.server.watch.element-limit = 65536 (default)
2019-08-21 07:11:53,532 INFO  impl.RoleInfo (RoleInfo.java:updateAndGet(143)) - d9f4d2f3-43ad-4797-af7c-63cf96d5994d: start LeaderState
2019-08-21 07:11:53,532 INFO  segmented.SegmentedRaftLogWorker (SegmentedRaftLogWorker.java:startLogSegment(380)) - d9f4d2f3-43ad-4797-af7c-63cf96d5994d-SegmentedRaftLogWorker:Storage Directory /workdir/hadoop-ozone/integration-test/target/test-dir/MiniOzoneClusterImpl-ba683c9d-7a8a-4709-b9fa-019fe96252e8/datanode-1/data/ratis/a15e36fb-506f-41cd-8ce8-510536d1796f: Starting segment from index:0
2019-08-21 07:11:53,533 INFO  impl.RaftServerImpl (ServerState.java:setRaftConf(361)) - d9f4d2f3-43ad-4797-af7c-63cf96d5994d:group-510536D1796F set configuration 0: [d9f4d2f3-43ad-4797-af7c-63cf96d5994d:192.168.36.89:42325], old=null at 0
2019-08-21 07:11:53,568 INFO  impl.FollowerState (FollowerState.java:run(106)) - a6b09e3a-4dc0-4f42-90cf-d193d128f803:group-BD192F329BFE changes to CANDIDATE, lastRpcTime:5050, electionTimeout:5050ms
2019-08-21 07:11:53,568 INFO  impl.RoleInfo (RoleInfo.java:shutdownFollowerState(121)) - a6b09e3a-4dc0-4f42-90cf-d193d128f803: shutdown FollowerState
2019-08-21 07:11:53,568 INFO  impl.RaftServerImpl (RaftServerImpl.java:setRole(171)) - a6b09e3a-4dc0-4f42-90cf-d193d128f803:group-BD192F329BFE changes role from FOLLOWER to CANDIDATE at term 0 for changeToCandidate
2019-08-21 07:11:53,568 INFO  impl.RoleInfo (RoleInfo.java:updateAndGet(143)) - a6b09e3a-4dc0-4f42-90cf-d193d128f803: start LeaderElection
2019-08-21 07:11:53,600 INFO  impl.LeaderElection (LeaderElection.java:askForVotes(181)) - a6b09e3a-4dc0-4f42-90cf-d193d128f803:group-BD192F329BFE:LeaderElection3: begin an election at term 1 for -1: [a6b09e3a-4dc0-4f42-90cf-d193d128f803:192.168.36.89:39402], old=null
2019-08-21 07:11:53,600 INFO  impl.RoleInfo (RoleInfo.java:shutdownLeaderElection(134)) - a6b09e3a-4dc0-4f42-90cf-d193d128f803: shutdown LeaderElection
2019-08-21 07:11:53,601 INFO  impl.RaftServerImpl (RaftServerImpl.java:setRole(171)) - a6b09e3a-4dc0-4f42-90cf-d193d128f803:group-BD192F329BFE changes role from CANDIDATE to LEADER at term 1 for changeToLeader
2019-08-21 07:11:53,601 INFO  impl.RaftServerImpl (ServerState.java:setLeader(263)) - a6b09e3a-4dc0-4f42-90cf-d193d128f803:group-BD192F329BFE change Leader from null to a6b09e3a-4dc0-4f42-90cf-d193d128f803 at term 1 for becomeLeader, leader elected after 5087ms
2019-08-21 07:11:53,601 INFO  server.RaftServerConfigKeys (ConfUtils.java:logGet(43)) - raft.server.staging.catchup.gap = 1000 (default)
2019-08-21 07:11:53,601 INFO  server.RaftServerConfigKeys (ConfUtils.java:logGet(43)) - raft.server.rpc.sleep.time = 25ms (default)
2019-08-21 07:11:53,601 INFO  server.RaftServerConfigKeys (ConfUtils.java:logGet(43)) - raft.server.write.element-limit = 4096 (default)
2019-08-21 07:11:53,601 INFO  server.RaftServerConfigKeys (ConfUtils.java:logGet(43)) - raft.server.watch.timeout = 10s (default)
2019-08-21 07:11:53,601 INFO  server.RaftServerConfigKeys (ConfUtils.java:logGet(43)) - raft.server.watch.timeout.denomination = 1s (default)
2019-08-21 07:11:53,601 INFO  server.RaftServerConfigKeys (ConfUtils.java:logGet(43)) - raft.server.watch.element-limit = 65536 (default)
2019-08-21 07:11:53,602 INFO  impl.RoleInfo (RoleInfo.java:updateAndGet(143)) - a6b09e3a-4dc0-4f42-90cf-d193d128f803: start LeaderState
2019-08-21 07:11:53,602 INFO  segmented.SegmentedRaftLogWorker (SegmentedRaftLogWorker.java:startLogSegment(380)) - a6b09e3a-4dc0-4f42-90cf-d193d128f803-SegmentedRaftLogWorker:Storage Directory /workdir/hadoop-ozone/integration-test/target/test-dir/MiniOzoneClusterImpl-ba683c9d-7a8a-4709-b9fa-019fe96252e8/datanode-2/data/ratis/de04e8dd-4711-40ee-a447-bd192f329bfe: Starting segment from index:0
2019-08-21 07:11:53,602 INFO  impl.RaftServerImpl (ServerState.java:setRaftConf(361)) - a6b09e3a-4dc0-4f42-90cf-d193d128f803:group-BD192F329BFE set configuration 0: [a6b09e3a-4dc0-4f42-90cf-d193d128f803:192.168.36.89:39402], old=null at 0
2019-08-21 07:11:53,663 INFO  impl.FollowerState (FollowerState.java:run(106)) - 4b2c46f6-3092-4dd3-9da2-fd01aaa34c78:group-1D06733D3427 changes to CANDIDATE, lastRpcTime:5050, electionTimeout:5049ms
2019-08-21 07:11:53,663 INFO  impl.RoleInfo (RoleInfo.java:shutdownFollowerState(121)) - 4b2c46f6-3092-4dd3-9da2-fd01aaa34c78: shutdown FollowerState
2019-08-21 07:11:53,664 INFO  impl.RaftServerImpl (RaftServerImpl.java:setRole(171)) - 4b2c46f6-3092-4dd3-9da2-fd01aaa34c78:group-1D06733D3427 changes role from FOLLOWER to CANDIDATE at term 0 for changeToCandidate
2019-08-21 07:11:53,664 INFO  impl.RoleInfo (RoleInfo.java:updateAndGet(143)) - 4b2c46f6-3092-4dd3-9da2-fd01aaa34c78: start LeaderElection
2019-08-21 07:11:53,700 INFO  segmented.SegmentedRaftLogWorker (SegmentedRaftLogWorker.java:execute(569)) - 4b2c46f6-3092-4dd3-9da2-fd01aaa34c78-SegmentedRaftLogWorker:Storage Directory /workdir/hadoop-ozone/integration-test/target/test-dir/MiniOzoneClusterImpl-ba683c9d-7a8a-4709-b9fa-019fe96252e8/datanode-0/data/ratis/64d02f70-d5f9-4759-8928-f1638f42c194: created new log segment /workdir/hadoop-ozone/integration-test/target/test-dir/MiniOzoneClusterImpl-ba683c9d-7a8a-4709-b9fa-019fe96252e8/datanode-0/data/ratis/64d02f70-d5f9-4759-8928-f1638f42c194/current/log_inprogress_0
2019-08-21 07:11:53,700 INFO  impl.LeaderElection (LeaderElection.java:askForVotes(181)) - 4b2c46f6-3092-4dd3-9da2-fd01aaa34c78:group-1D06733D3427:LeaderElection4: begin an election at term 1 for -1: [a6b09e3a-4dc0-4f42-90cf-d193d128f803:192.168.36.89:39402, 4b2c46f6-3092-4dd3-9da2-fd01aaa34c78:192.168.36.89:39232, d9f4d2f3-43ad-4797-af7c-63cf96d5994d:192.168.36.89:42325], old=null
2019-08-21 07:11:53,700 INFO  segmented.SegmentedRaftLogWorker (SegmentedRaftLogWorker.java:execute(569)) - d9f4d2f3-43ad-4797-af7c-63cf96d5994d-SegmentedRaftLogWorker:Storage Directory /workdir/hadoop-ozone/integration-test/target/test-dir/MiniOzoneClusterImpl-ba683c9d-7a8a-4709-b9fa-019fe96252e8/datanode-1/data/ratis/a15e36fb-506f-41cd-8ce8-510536d1796f: created new log segment /workdir/hadoop-ozone/integration-test/target/test-dir/MiniOzoneClusterImpl-ba683c9d-7a8a-4709-b9fa-019fe96252e8/datanode-1/data/ratis/a15e36fb-506f-41cd-8ce8-510536d1796f/current/log_inprogress_0
2019-08-21 07:11:53,700 INFO  segmented.SegmentedRaftLogWorker (SegmentedRaftLogWorker.java:execute(569)) - a6b09e3a-4dc0-4f42-90cf-d193d128f803-SegmentedRaftLogWorker:Storage Directory /workdir/hadoop-ozone/integration-test/target/test-dir/MiniOzoneClusterImpl-ba683c9d-7a8a-4709-b9fa-019fe96252e8/datanode-2/data/ratis/de04e8dd-4711-40ee-a447-bd192f329bfe: created new log segment /workdir/hadoop-ozone/integration-test/target/test-dir/MiniOzoneClusterImpl-ba683c9d-7a8a-4709-b9fa-019fe96252e8/datanode-2/data/ratis/de04e8dd-4711-40ee-a447-bd192f329bfe/current/log_inprogress_0
2019-08-21 07:11:53,717 INFO  impl.FollowerState (FollowerState.java:run(106)) - d9f4d2f3-43ad-4797-af7c-63cf96d5994d:group-1D06733D3427 changes to CANDIDATE, lastRpcTime:5102, electionTimeout:5102ms
2019-08-21 07:11:53,719 INFO  impl.RoleInfo (RoleInfo.java:shutdownFollowerState(121)) - d9f4d2f3-43ad-4797-af7c-63cf96d5994d: shutdown FollowerState
2019-08-21 07:11:53,719 INFO  impl.RaftServerImpl (RaftServerImpl.java:setRole(171)) - d9f4d2f3-43ad-4797-af7c-63cf96d5994d:group-1D06733D3427 changes role from FOLLOWER to CANDIDATE at term 0 for changeToCandidate
2019-08-21 07:11:53,720 INFO  impl.RoleInfo (RoleInfo.java:updateAndGet(143)) - d9f4d2f3-43ad-4797-af7c-63cf96d5994d: start LeaderElection
2019-08-21 07:11:53,720 INFO  impl.FollowerState (FollowerState.java:run(106)) - a6b09e3a-4dc0-4f42-90cf-d193d128f803:group-1D06733D3427 changes to CANDIDATE, lastRpcTime:5118, electionTimeout:5118ms
2019-08-21 07:11:53,724 INFO  impl.RoleInfo (RoleInfo.java:shutdownFollowerState(121)) - a6b09e3a-4dc0-4f42-90cf-d193d128f803: shutdown FollowerState
2019-08-21 07:11:53,725 INFO  impl.RaftServerImpl (RaftServerImpl.java:setRole(171)) - a6b09e3a-4dc0-4f42-90cf-d193d128f803:group-1D06733D3427 changes role from FOLLOWER to CANDIDATE at term 0 for changeToCandidate
2019-08-21 07:11:53,726 INFO  impl.RoleInfo (RoleInfo.java:updateAndGet(143)) - a6b09e3a-4dc0-4f42-90cf-d193d128f803: start LeaderElection
2019-08-21 07:11:53,759 INFO  impl.LeaderElection (LeaderElection.java:askForVotes(181)) - d9f4d2f3-43ad-4797-af7c-63cf96d5994d:group-1D06733D3427:LeaderElection5: begin an election at term 1 for -1: [a6b09e3a-4dc0-4f42-90cf-d193d128f803:192.168.36.89:39402, 4b2c46f6-3092-4dd3-9da2-fd01aaa34c78:192.168.36.89:39232, d9f4d2f3-43ad-4797-af7c-63cf96d5994d:192.168.36.89:42325], old=null
2019-08-21 07:11:53,759 INFO  impl.LeaderElection (LeaderElection.java:askForVotes(181)) - a6b09e3a-4dc0-4f42-90cf-d193d128f803:group-1D06733D3427:LeaderElection6: begin an election at term 1 for -1: [a6b09e3a-4dc0-4f42-90cf-d193d128f803:192.168.36.89:39402, 4b2c46f6-3092-4dd3-9da2-fd01aaa34c78:192.168.36.89:39232, d9f4d2f3-43ad-4797-af7c-63cf96d5994d:192.168.36.89:42325], old=null
2019-08-21 07:11:53,783 INFO  impl.LeaderElection (LeaderElection.java:logAndReturn(56)) - 4b2c46f6-3092-4dd3-9da2-fd01aaa34c78:group-1D06733D3427:LeaderElection4: Election REJECTED; received 2 response(s) [4b2c46f6-3092-4dd3-9da2-fd01aaa34c78<-a6b09e3a-4dc0-4f42-90cf-d193d128f803#0:FAIL-t1, 4b2c46f6-3092-4dd3-9da2-fd01aaa34c78<-d9f4d2f3-43ad-4797-af7c-63cf96d5994d#0:FAIL-t1] and 0 exception(s); 4b2c46f6-3092-4dd3-9da2-fd01aaa34c78:t1, leader=null, voted=4b2c46f6-3092-4dd3-9da2-fd01aaa34c78, raftlog=4b2c46f6-3092-4dd3-9da2-fd01aaa34c78-SegmentedRaftLog:OPENED:c-1,f-1,i0, conf=-1: [a6b09e3a-4dc0-4f42-90cf-d193d128f803:192.168.36.89:39402, 4b2c46f6-3092-4dd3-9da2-fd01aaa34c78:192.168.36.89:39232, d9f4d2f3-43ad-4797-af7c-63cf96d5994d:192.168.36.89:42325], old=null
2019-08-21 07:11:53,786 INFO  impl.RaftServerImpl (RaftServerImpl.java:setRole(171)) - 4b2c46f6-3092-4dd3-9da2-fd01aaa34c78:group-1D06733D3427 changes role from CANDIDATE to FOLLOWER at term 1 for DISCOVERED_A_NEW_TERM
2019-08-21 07:11:53,786 INFO  impl.RoleInfo (RoleInfo.java:shutdownLeaderElection(134)) - 4b2c46f6-3092-4dd3-9da2-fd01aaa34c78: shutdown LeaderElection
2019-08-21 07:11:53,786 INFO  impl.RoleInfo (RoleInfo.java:updateAndGet(143)) - 4b2c46f6-3092-4dd3-9da2-fd01aaa34c78: start FollowerState
2019-08-21 07:11:53,797 INFO  impl.LeaderElection (LeaderElection.java:logAndReturn(56)) - a6b09e3a-4dc0-4f42-90cf-d193d128f803:group-1D06733D3427:LeaderElection6: Election REJECTED; received 2 response(s) [a6b09e3a-4dc0-4f42-90cf-d193d128f803<-4b2c46f6-3092-4dd3-9da2-fd01aaa34c78#0:FAIL-t1, a6b09e3a-4dc0-4f42-90cf-d193d128f803<-d9f4d2f3-43ad-4797-af7c-63cf96d5994d#0:FAIL-t1] and 0 exception(s); a6b09e3a-4dc0-4f42-90cf-d193d128f803:t1, leader=null, voted=a6b09e3a-4dc0-4f42-90cf-d193d128f803, raftlog=a6b09e3a-4dc0-4f42-90cf-d193d128f803-SegmentedRaftLog:OPENED:c-1,f-1,i0, conf=-1: [a6b09e3a-4dc0-4f42-90cf-d193d128f803:192.168.36.89:39402, 4b2c46f6-3092-4dd3-9da2-fd01aaa34c78:192.168.36.89:39232, d9f4d2f3-43ad-4797-af7c-63cf96d5994d:192.168.36.89:42325], old=null
2019-08-21 07:11:53,798 INFO  impl.RaftServerImpl (RaftServerImpl.java:setRole(171)) - a6b09e3a-4dc0-4f42-90cf-d193d128f803:group-1D06733D3427 changes role from CANDIDATE to FOLLOWER at term 1 for DISCOVERED_A_NEW_TERM
2019-08-21 07:11:53,799 INFO  impl.RoleInfo (RoleInfo.java:shutdownLeaderElection(134)) - a6b09e3a-4dc0-4f42-90cf-d193d128f803: shutdown LeaderElection
2019-08-21 07:11:53,799 INFO  impl.RoleInfo (RoleInfo.java:updateAndGet(143)) - a6b09e3a-4dc0-4f42-90cf-d193d128f803: start FollowerState
2019-08-21 07:11:53,803 INFO  impl.LeaderElection (LeaderElection.java:logAndReturn(56)) - d9f4d2f3-43ad-4797-af7c-63cf96d5994d:group-1D06733D3427:LeaderElection5: Election REJECTED; received 2 response(s) [d9f4d2f3-43ad-4797-af7c-63cf96d5994d<-a6b09e3a-4dc0-4f42-90cf-d193d128f803#0:FAIL-t1, d9f4d2f3-43ad-4797-af7c-63cf96d5994d<-4b2c46f6-3092-4dd3-9da2-fd01aaa34c78#0:FAIL-t1] and 0 exception(s); d9f4d2f3-43ad-4797-af7c-63cf96d5994d:t1, leader=null, voted=d9f4d2f3-43ad-4797-af7c-63cf96d5994d, raftlog=d9f4d2f3-43ad-4797-af7c-63cf96d5994d-SegmentedRaftLog:OPENED:c-1,f-1,i0, conf=-1: [a6b09e3a-4dc0-4f42-90cf-d193d128f803:192.168.36.89:39402, 4b2c46f6-3092-4dd3-9da2-fd01aaa34c78:192.168.36.89:39232, d9f4d2f3-43ad-4797-af7c-63cf96d5994d:192.168.36.89:42325], old=null
2019-08-21 07:11:53,804 INFO  impl.RaftServerImpl (RaftServerImpl.java:setRole(171)) - d9f4d2f3-43ad-4797-af7c-63cf96d5994d:group-1D06733D3427 changes role from CANDIDATE to FOLLOWER at term 1 for DISCOVERED_A_NEW_TERM
2019-08-21 07:11:53,805 INFO  impl.RoleInfo (RoleInfo.java:shutdownLeaderElection(134)) - d9f4d2f3-43ad-4797-af7c-63cf96d5994d: shutdown LeaderElection
2019-08-21 07:11:53,805 INFO  impl.RoleInfo (RoleInfo.java:updateAndGet(143)) - d9f4d2f3-43ad-4797-af7c-63cf96d5994d: start FollowerState
2019-08-21 07:11:55,173 INFO  ozone.MiniOzoneClusterImpl (MiniOzoneClusterImpl.java:shutdown(321)) - Shutting down the Mini Ozone Cluster
2019-08-21 07:11:55,175 INFO  ozone.MiniOzoneClusterImpl (MiniOzoneClusterImpl.java:stop(336)) - Stopping the Mini Ozone Cluster
2019-08-21 07:11:55,175 INFO  ozone.MiniOzoneClusterImpl (MiniOzoneClusterImpl.java:stop(338)) - Stopping the OzoneManager
2019-08-21 07:11:55,176 INFO  ipc.Server (Server.java:stop(3082)) - Stopping server on 36578
2019-08-21 07:11:55,192 INFO  ratis.OzoneManagerDoubleBuffer (OzoneManagerDoubleBuffer.java:stop(248)) - Stopping OMDoubleBuffer flush thread
2019-08-21 07:11:55,196 INFO  ipc.Server (Server.java:run(1319)) - Stopping IPC Server Responder
2019-08-21 07:11:55,191 INFO  ipc.Server (Server.java:run(1185)) - Stopping IPC Server listener on 36578
2019-08-21 07:11:55,197 INFO  ratis.OzoneManagerDoubleBuffer (OzoneManagerDoubleBuffer.java:flushTransactions(191)) - OMDoubleBuffer flush thread OMDoubleBufferFlushThread is interrupted and will exit. OMDoubleBufferFlushThread
2019-08-21 07:11:55,198 INFO  utils.BackgroundService (BackgroundService.java:shutdown(148)) - Shutting down service KeyDeletingService
2019-08-21 07:11:55,202 INFO  handler.ContextHandler (ContextHandler.java:doStop(910)) - Stopped o.e.j.w.WebAppContext@1bc425e7{/,null,UNAVAILABLE}{/ozoneManager}
2019-08-21 07:11:55,208 INFO  server.AbstractConnector (AbstractConnector.java:doStop(318)) - Stopped ServerConnector@4b2a30d{HTTP/1.1,[http/1.1]}{0.0.0.0:0}
2019-08-21 07:11:55,209 INFO  handler.ContextHandler (ContextHandler.java:doStop(910)) - Stopped o.e.j.s.ServletContextHandler@982bb90{/static,file:///workdir/hadoop-ozone/integration-test/target/test-classes/webapps/static,UNAVAILABLE}
2019-08-21 07:11:55,212 INFO  handler.ContextHandler (ContextHandler.java:doStop(910)) - Stopped o.e.j.s.ServletContextHandler@76954a33{/logs,file:///workdir/hadoop-ozone/integration-test/target/log,UNAVAILABLE}
2019-08-21 07:11:55,217 INFO  ozone.MiniOzoneClusterImpl (MiniOzoneClusterImpl.java:stop(344)) - Shutting the HddsDatanodes
2019-08-21 07:11:55,217 INFO  datanode.ObjectStoreHandler (ObjectStoreHandler.java:close(155)) - Closing ObjectStoreHandler.
2019-08-21 07:11:55,218 INFO  datanode.ObjectStoreHandler (ObjectStoreHandler.java:close(155)) - Closing ObjectStoreHandler.
2019-08-21 07:11:55,229 INFO  ozone.HddsDatanodeService (HddsDatanodeService.java:stop(451)) - Stopped plug-in org.apache.hadoop.ozone.web.OzoneHddsDatanodeService@2c3158e0
2019-08-21 07:11:55,229 INFO  ozone.HddsDatanodeService (HddsDatanodeService.java:stop(451)) - Stopped plug-in org.apache.hadoop.ozone.web.OzoneHddsDatanodeService@36c7cbe1
2019-08-21 07:11:55,356 INFO  statemachine.DatanodeStateMachine (DatanodeStateMachine.java:lambda$startDaemon$0(350)) - Ozone container server started.
2019-08-21 07:11:55,592 INFO  statemachine.DatanodeStateMachine (DatanodeStateMachine.java:lambda$startDaemon$0(350)) - Ozone container server started.
2019-08-21 07:11:58,957 INFO  impl.FollowerState (FollowerState.java:run(106)) - 4b2c46f6-3092-4dd3-9da2-fd01aaa34c78:group-1D06733D3427 changes to CANDIDATE, lastRpcTime:5170, electionTimeout:5168ms
2019-08-21 07:11:58,957 INFO  impl.RoleInfo (RoleInfo.java:shutdownFollowerState(121)) - 4b2c46f6-3092-4dd3-9da2-fd01aaa34c78: shutdown FollowerState
2019-08-21 07:11:58,957 INFO  impl.RaftServerImpl (RaftServerImpl.java:setRole(171)) - 4b2c46f6-3092-4dd3-9da2-fd01aaa34c78:group-1D06733D3427 changes role from FOLLOWER to CANDIDATE at term 1 for changeToCandidate
2019-08-21 07:11:58,958 INFO  impl.RoleInfo (RoleInfo.java:updateAndGet(143)) - 4b2c46f6-3092-4dd3-9da2-fd01aaa34c78: start LeaderElection
2019-08-21 07:11:58,960 INFO  impl.FollowerState (FollowerState.java:run(106)) - d9f4d2f3-43ad-4797-af7c-63cf96d5994d:group-1D06733D3427 changes to CANDIDATE, lastRpcTime:5155, electionTimeout:5154ms
2019-08-21 07:11:58,960 INFO  impl.RoleInfo (RoleInfo.java:shutdownFollowerState(121)) - d9f4d2f3-43ad-4797-af7c-63cf96d5994d: shutdown FollowerState
2019-08-21 07:11:58,960 INFO  impl.RaftServerImpl (RaftServerImpl.java:setRole(171)) - d9f4d2f3-43ad-4797-af7c-63cf96d5994d:group-1D06733D3427 changes role from FOLLOWER to CANDIDATE at term 1 for changeToCandidate
2019-08-21 07:11:58,961 INFO  impl.RoleInfo (RoleInfo.java:updateAndGet(143)) - d9f4d2f3-43ad-4797-af7c-63cf96d5994d: start LeaderElection
2019-08-21 07:11:58,966 INFO  impl.FollowerState (FollowerState.java:run(106)) - a6b09e3a-4dc0-4f42-90cf-d193d128f803:group-1D06733D3427 changes to CANDIDATE, lastRpcTime:5166, electionTimeout:5166ms
2019-08-21 07:11:58,966 INFO  impl.RoleInfo (RoleInfo.java:shutdownFollowerState(121)) - a6b09e3a-4dc0-4f42-90cf-d193d128f803: shutdown FollowerState
2019-08-21 07:11:58,966 INFO  impl.RaftServerImpl (RaftServerImpl.java:setRole(171)) - a6b09e3a-4dc0-4f42-90cf-d193d128f803:group-1D06733D3427 changes role from FOLLOWER to CANDIDATE at term 1 for changeToCandidate
2019-08-21 07:11:58,967 INFO  impl.RoleInfo (RoleInfo.java:updateAndGet(143)) - a6b09e3a-4dc0-4f42-90cf-d193d128f803: start LeaderElection
2019-08-21 07:11:59,025 INFO  impl.LeaderElection (LeaderElection.java:askForVotes(181)) - a6b09e3a-4dc0-4f42-90cf-d193d128f803:group-1D06733D3427:LeaderElection9: begin an election at term 2 for -1: [a6b09e3a-4dc0-4f42-90cf-d193d128f803:192.168.36.89:39402, 4b2c46f6-3092-4dd3-9da2-fd01aaa34c78:192.168.36.89:39232, d9f4d2f3-43ad-4797-af7c-63cf96d5994d:192.168.36.89:42325], old=null
2019-08-21 07:11:59,025 INFO  impl.LeaderElection (LeaderElection.java:askForVotes(181)) - 4b2c46f6-3092-4dd3-9da2-fd01aaa34c78:group-1D06733D3427:LeaderElection7: begin an election at term 2 for -1: [a6b09e3a-4dc0-4f42-90cf-d193d128f803:192.168.36.89:39402, 4b2c46f6-3092-4dd3-9da2-fd01aaa34c78:192.168.36.89:39232, d9f4d2f3-43ad-4797-af7c-63cf96d5994d:192.168.36.89:42325], old=null
2019-08-21 07:11:59,025 INFO  impl.LeaderElection (LeaderElection.java:askForVotes(181)) - d9f4d2f3-43ad-4797-af7c-63cf96d5994d:group-1D06733D3427:LeaderElection8: begin an election at term 2 for -1: [a6b09e3a-4dc0-4f42-90cf-d193d128f803:192.168.36.89:39402, 4b2c46f6-3092-4dd3-9da2-fd01aaa34c78:192.168.36.89:39232, d9f4d2f3-43ad-4797-af7c-63cf96d5994d:192.168.36.89:42325], old=null
2019-08-21 07:11:59,047 INFO  impl.LeaderElection (LeaderElection.java:logAndReturn(56)) - a6b09e3a-4dc0-4f42-90cf-d193d128f803:group-1D06733D3427:LeaderElection9: Election REJECTED; received 2 response(s) [a6b09e3a-4dc0-4f42-90cf-d193d128f803<-4b2c46f6-3092-4dd3-9da2-fd01aaa34c78#0:FAIL-t2, a6b09e3a-4dc0-4f42-90cf-d193d128f803<-d9f4d2f3-43ad-4797-af7c-63cf96d5994d#0:FAIL-t2] and 0 exception(s); a6b09e3a-4dc0-4f42-90cf-d193d128f803:t2, leader=null, voted=a6b09e3a-4dc0-4f42-90cf-d193d128f803, raftlog=a6b09e3a-4dc0-4f42-90cf-d193d128f803-SegmentedRaftLog:OPENED:c-1,f-1,i0, conf=-1: [a6b09e3a-4dc0-4f42-90cf-d193d128f803:192.168.36.89:39402, 4b2c46f6-3092-4dd3-9da2-fd01aaa34c78:192.168.36.89:39232, d9f4d2f3-43ad-4797-af7c-63cf96d5994d:192.168.36.89:42325], old=null
2019-08-21 07:11:59,047 INFO  impl.LeaderElection (LeaderElection.java:logAndReturn(56)) - 4b2c46f6-3092-4dd3-9da2-fd01aaa34c78:group-1D06733D3427:LeaderElection7: Election REJECTED; received 2 response(s) [4b2c46f6-3092-4dd3-9da2-fd01aaa34c78<-a6b09e3a-4dc0-4f42-90cf-d193d128f803#0:FAIL-t2, 4b2c46f6-3092-4dd3-9da2-fd01aaa34c78<-d9f4d2f3-43ad-4797-af7c-63cf96d5994d#0:FAIL-t2] and 0 exception(s); 4b2c46f6-3092-4dd3-9da2-fd01aaa34c78:t2, leader=null, voted=4b2c46f6-3092-4dd3-9da2-fd01aaa34c78, raftlog=4b2c46f6-3092-4dd3-9da2-fd01aaa34c78-SegmentedRaftLog:OPENED:c-1,f-1,i0, conf=-1: [a6b09e3a-4dc0-4f42-90cf-d193d128f803:192.168.36.89:39402, 4b2c46f6-3092-4dd3-9da2-fd01aaa34c78:192.168.36.89:39232, d9f4d2f3-43ad-4797-af7c-63cf96d5994d:192.168.36.89:42325], old=null
2019-08-21 07:11:59,047 INFO  impl.RaftServerImpl (RaftServerImpl.java:setRole(171)) - a6b09e3a-4dc0-4f42-90cf-d193d128f803:group-1D06733D3427 changes role from CANDIDATE to FOLLOWER at term 2 for DISCOVERED_A_NEW_TERM
2019-08-21 07:11:59,049 INFO  impl.RaftServerImpl (RaftServerImpl.java:setRole(171)) - 4b2c46f6-3092-4dd3-9da2-fd01aaa34c78:group-1D06733D3427 changes role from CANDIDATE to FOLLOWER at term 2 for DISCOVERED_A_NEW_TERM
2019-08-21 07:11:59,050 INFO  impl.RoleInfo (RoleInfo.java:shutdownLeaderElection(134)) - a6b09e3a-4dc0-4f42-90cf-d193d128f803: shutdown LeaderElection
2019-08-21 07:11:59,051 INFO  impl.RoleInfo (RoleInfo.java:shutdownLeaderElection(134)) - 4b2c46f6-3092-4dd3-9da2-fd01aaa34c78: shutdown LeaderElection
2019-08-21 07:11:59,051 INFO  impl.RoleInfo (RoleInfo.java:updateAndGet(143)) - a6b09e3a-4dc0-4f42-90cf-d193d128f803: start FollowerState
2019-08-21 07:11:59,052 INFO  impl.RoleInfo (RoleInfo.java:updateAndGet(143)) - 4b2c46f6-3092-4dd3-9da2-fd01aaa34c78: start FollowerState
2019-08-21 07:11:59,056 INFO  impl.LeaderElection (LeaderElection.java:logAndReturn(56)) - d9f4d2f3-43ad-4797-af7c-63cf96d5994d:group-1D06733D3427:LeaderElection8: Election REJECTED; received 2 response(s) [d9f4d2f3-43ad-4797-af7c-63cf96d5994d<-a6b09e3a-4dc0-4f42-90cf-d193d128f803#0:FAIL-t2, d9f4d2f3-43ad-4797-af7c-63cf96d5994d<-4b2c46f6-3092-4dd3-9da2-fd01aaa34c78#0:FAIL-t2] and 0 exception(s); d9f4d2f3-43ad-4797-af7c-63cf96d5994d:t2, leader=null, voted=d9f4d2f3-43ad-4797-af7c-63cf96d5994d, raftlog=d9f4d2f3-43ad-4797-af7c-63cf96d5994d-SegmentedRaftLog:OPENED:c-1,f-1,i0, conf=-1: [a6b09e3a-4dc0-4f42-90cf-d193d128f803:192.168.36.89:39402, 4b2c46f6-3092-4dd3-9da2-fd01aaa34c78:192.168.36.89:39232, d9f4d2f3-43ad-4797-af7c-63cf96d5994d:192.168.36.89:42325], old=null
2019-08-21 07:11:59,056 INFO  impl.RaftServerImpl (RaftServerImpl.java:setRole(171)) - d9f4d2f3-43ad-4797-af7c-63cf96d5994d:group-1D06733D3427 changes role from CANDIDATE to FOLLOWER at term 2 for DISCOVERED_A_NEW_TERM
2019-08-21 07:11:59,056 INFO  impl.RoleInfo (RoleInfo.java:shutdownLeaderElection(134)) - d9f4d2f3-43ad-4797-af7c-63cf96d5994d: shutdown LeaderElection
2019-08-21 07:11:59,060 INFO  impl.RoleInfo (RoleInfo.java:updateAndGet(143)) - d9f4d2f3-43ad-4797-af7c-63cf96d5994d: start FollowerState
2019-08-21 07:12:00,232 INFO  ozoneimpl.OzoneContainer (OzoneContainer.java:stop(199)) - Attempting to stop container services.
2019-08-21 07:12:00,232 INFO  ozoneimpl.OzoneContainer (OzoneContainer.java:stop(199)) - Attempting to stop container services.
2019-08-21 07:12:00,235 INFO  impl.RaftServerProxy (RaftServerProxy.java:lambda$close$4(314)) - d9f4d2f3-43ad-4797-af7c-63cf96d5994d: close
2019-08-21 07:12:00,235 INFO  impl.RaftServerProxy (RaftServerProxy.java:lambda$close$4(314)) - 4b2c46f6-3092-4dd3-9da2-fd01aaa34c78: close
2019-08-21 07:12:00,238 INFO  impl.RaftServerImpl (RaftServerImpl.java:lambda$shutdown$3(245)) - d9f4d2f3-43ad-4797-af7c-63cf96d5994d: shutdown group-510536D1796F
2019-08-21 07:12:00,238 INFO  impl.RaftServerImpl (RaftServerImpl.java:lambda$shutdown$3(245)) - 4b2c46f6-3092-4dd3-9da2-fd01aaa34c78: shutdown group-1D06733D3427
2019-08-21 07:12:00,238 INFO  util.JmxRegister (JmxRegister.java:unregister(73)) - Successfully un-registered JMX Bean with object name Ratis:service=RaftServer,group=group-510536D1796F,id=d9f4d2f3-43ad-4797-af7c-63cf96d5994d
2019-08-21 07:12:00,238 INFO  util.JmxRegister (JmxRegister.java:unregister(73)) - Successfully un-registered JMX Bean with object name Ratis:service=RaftServer,group=group-1D06733D3427,id=4b2c46f6-3092-4dd3-9da2-fd01aaa34c78
2019-08-21 07:12:00,239 INFO  impl.RoleInfo (RoleInfo.java:shutdownLeaderState(104)) - d9f4d2f3-43ad-4797-af7c-63cf96d5994d: shutdown LeaderState
2019-08-21 07:12:00,239 INFO  impl.RoleInfo (RoleInfo.java:shutdownFollowerState(121)) - 4b2c46f6-3092-4dd3-9da2-fd01aaa34c78: shutdown FollowerState
2019-08-21 07:12:00,240 INFO  impl.StateMachineUpdater (StateMachineUpdater.java:stopAndJoin(115)) - StateMachineUpdater:4b2c46f6-3092-4dd3-9da2-fd01aaa34c78:group-1D06733D3427: set stopIndex = -1
2019-08-21 07:12:00,240 INFO  impl.FollowerState (FollowerState.java:run(114)) - 4b2c46f6-3092-4dd3-9da2-fd01aaa34c78: FollowerState was interrupted: java.lang.InterruptedException: sleep interrupted
2019-08-21 07:12:00,240 INFO  impl.RaftServerImpl (ServerState.java:close(394)) - 4b2c46f6-3092-4dd3-9da2-fd01aaa34c78:group-1D06733D3427 closes. The last applied log index is -1
2019-08-21 07:12:00,242 INFO  impl.PendingRequests (PendingRequests.java:sendNotLeaderResponses(202)) - d9f4d2f3-43ad-4797-af7c-63cf96d5994d-PendingRequests: sendNotLeaderResponses
2019-08-21 07:12:00,244 INFO  impl.StateMachineUpdater (StateMachineUpdater.java:stopAndJoin(115)) - StateMachineUpdater:d9f4d2f3-43ad-4797-af7c-63cf96d5994d:group-510536D1796F: set stopIndex = 0
2019-08-21 07:12:00,245 INFO  segmented.SegmentedRaftLogWorker (SegmentedRaftLogWorker.java:run(313)) - 4b2c46f6-3092-4dd3-9da2-fd01aaa34c78-SegmentedRaftLogWorker:Storage Directory /workdir/hadoop-ozone/integration-test/target/test-dir/MiniOzoneClusterImpl-ba683c9d-7a8a-4709-b9fa-019fe96252e8/datanode-0/data/ratis/aac1e625-3f16-44f2-8da7-1d06733d3427 was interrupted, exiting. There are 0 tasks remaining in the queue.
2019-08-21 07:12:00,245 INFO  impl.RaftServerImpl (ServerState.java:close(394)) - d9f4d2f3-43ad-4797-af7c-63cf96d5994d:group-510536D1796F closes. The last applied log index is 0
2019-08-21 07:12:00,246 INFO  segmented.SegmentedRaftLogWorker (SegmentedRaftLogWorker.java:close(228)) - 4b2c46f6-3092-4dd3-9da2-fd01aaa34c78-SegmentedRaftLogWorker:Storage Directory /workdir/hadoop-ozone/integration-test/target/test-dir/MiniOzoneClusterImpl-ba683c9d-7a8a-4709-b9fa-019fe96252e8/datanode-0/data/ratis/aac1e625-3f16-44f2-8da7-1d06733d3427 close()
2019-08-21 07:12:00,246 INFO  segmented.SegmentedRaftLogWorker (SegmentedRaftLogWorker.java:run(313)) - d9f4d2f3-43ad-4797-af7c-63cf96d5994d-SegmentedRaftLogWorker:Storage Directory /workdir/hadoop-ozone/integration-test/target/test-dir/MiniOzoneClusterImpl-ba683c9d-7a8a-4709-b9fa-019fe96252e8/datanode-1/data/ratis/a15e36fb-506f-41cd-8ce8-510536d1796f was interrupted, exiting. There are 0 tasks remaining in the queue.
2019-08-21 07:12:00,248 INFO  impl.RaftServerImpl (RaftServerImpl.java:lambda$shutdown$3(245)) - 4b2c46f6-3092-4dd3-9da2-fd01aaa34c78: shutdown group-F1638F42C194
2019-08-21 07:12:00,249 INFO  segmented.SegmentedRaftLogWorker (SegmentedRaftLogWorker.java:close(228)) - d9f4d2f3-43ad-4797-af7c-63cf96d5994d-SegmentedRaftLogWorker:Storage Directory /workdir/hadoop-ozone/integration-test/target/test-dir/MiniOzoneClusterImpl-ba683c9d-7a8a-4709-b9fa-019fe96252e8/datanode-1/data/ratis/a15e36fb-506f-41cd-8ce8-510536d1796f close()
2019-08-21 07:12:00,249 INFO  util.JmxRegister (JmxRegister.java:unregister(73)) - Successfully un-registered JMX Bean with object name Ratis:service=RaftServer,group=group-F1638F42C194,id=4b2c46f6-3092-4dd3-9da2-fd01aaa34c78
2019-08-21 07:12:00,252 INFO  impl.RoleInfo (RoleInfo.java:shutdownLeaderState(104)) - 4b2c46f6-3092-4dd3-9da2-fd01aaa34c78: shutdown LeaderState
2019-08-21 07:12:00,252 INFO  impl.RaftServerImpl (RaftServerImpl.java:lambda$shutdown$3(245)) - d9f4d2f3-43ad-4797-af7c-63cf96d5994d: shutdown group-1D06733D3427
2019-08-21 07:12:00,252 INFO  impl.PendingRequests (PendingRequests.java:sendNotLeaderResponses(202)) - 4b2c46f6-3092-4dd3-9da2-fd01aaa34c78-PendingRequests: sendNotLeaderResponses
2019-08-21 07:12:00,255 INFO  impl.StateMachineUpdater (StateMachineUpdater.java:stopAndJoin(115)) - StateMachineUpdater:4b2c46f6-3092-4dd3-9da2-fd01aaa34c78:group-F1638F42C194: set stopIndex = 0
2019-08-21 07:12:00,255 INFO  impl.RaftServerImpl (ServerState.java:close(394)) - 4b2c46f6-3092-4dd3-9da2-fd01aaa34c78:group-F1638F42C194 closes. The last applied log index is 0
2019-08-21 07:12:00,254 INFO  util.JmxRegister (JmxRegister.java:unregister(73)) - Successfully un-registered JMX Bean with object name Ratis:service=RaftServer,group=group-1D06733D3427,id=d9f4d2f3-43ad-4797-af7c-63cf96d5994d
2019-08-21 07:12:00,256 INFO  segmented.SegmentedRaftLogWorker (SegmentedRaftLogWorker.java:run(313)) - 4b2c46f6-3092-4dd3-9da2-fd01aaa34c78-SegmentedRaftLogWorker:Storage Directory /workdir/hadoop-ozone/integration-test/target/test-dir/MiniOzoneClusterImpl-ba683c9d-7a8a-4709-b9fa-019fe96252e8/datanode-0/data/ratis/64d02f70-d5f9-4759-8928-f1638f42c194 was interrupted, exiting. There are 0 tasks remaining in the queue.
2019-08-21 07:12:00,256 INFO  impl.RoleInfo (RoleInfo.java:shutdownFollowerState(121)) - d9f4d2f3-43ad-4797-af7c-63cf96d5994d: shutdown FollowerState
2019-08-21 07:12:00,258 INFO  segmented.SegmentedRaftLogWorker (SegmentedRaftLogWorker.java:close(228)) - 4b2c46f6-3092-4dd3-9da2-fd01aaa34c78-SegmentedRaftLogWorker:Storage Directory /workdir/hadoop-ozone/integration-test/target/test-dir/MiniOzoneClusterImpl-ba683c9d-7a8a-4709-b9fa-019fe96252e8/datanode-0/data/ratis/64d02f70-d5f9-4759-8928-f1638f42c194 close()
2019-08-21 07:12:00,262 INFO  impl.FollowerState (FollowerState.java:run(114)) - d9f4d2f3-43ad-4797-af7c-63cf96d5994d: FollowerState was interrupted: java.lang.InterruptedException: sleep interrupted
2019-08-21 07:12:00,261 INFO  impl.StateMachineUpdater (StateMachineUpdater.java:stopAndJoin(115)) - StateMachineUpdater:d9f4d2f3-43ad-4797-af7c-63cf96d5994d:group-1D06733D3427: set stopIndex = -1
2019-08-21 07:12:00,265 INFO  impl.RaftServerImpl (ServerState.java:close(394)) - d9f4d2f3-43ad-4797-af7c-63cf96d5994d:group-1D06733D3427 closes. The last applied log index is -1
2019-08-21 07:12:00,265 INFO  server.GrpcService (GrpcService.java:closeImpl(155)) - 4b2c46f6-3092-4dd3-9da2-fd01aaa34c78: shutdown server with port 39232 now
2019-08-21 07:12:00,265 INFO  segmented.SegmentedRaftLogWorker (SegmentedRaftLogWorker.java:run(313)) - d9f4d2f3-43ad-4797-af7c-63cf96d5994d-SegmentedRaftLogWorker:Storage Directory /workdir/hadoop-ozone/integration-test/target/test-dir/MiniOzoneClusterImpl-ba683c9d-7a8a-4709-b9fa-019fe96252e8/datanode-1/data/ratis/aac1e625-3f16-44f2-8da7-1d06733d3427 was interrupted, exiting. There are 0 tasks remaining in the queue.
2019-08-21 07:12:00,265 INFO  segmented.SegmentedRaftLogWorker (SegmentedRaftLogWorker.java:close(228)) - d9f4d2f3-43ad-4797-af7c-63cf96d5994d-SegmentedRaftLogWorker:Storage Directory /workdir/hadoop-ozone/integration-test/target/test-dir/MiniOzoneClusterImpl-ba683c9d-7a8a-4709-b9fa-019fe96252e8/datanode-1/data/ratis/aac1e625-3f16-44f2-8da7-1d06733d3427 close()
2019-08-21 07:12:00,267 INFO  server.GrpcService (GrpcService.java:closeImpl(155)) - d9f4d2f3-43ad-4797-af7c-63cf96d5994d: shutdown server with port 42325 now
2019-08-21 07:12:00,272 INFO  server.GrpcService (GrpcService.java:closeImpl(163)) - d9f4d2f3-43ad-4797-af7c-63cf96d5994d: shutdown server with port 42325 successfully
2019-08-21 07:12:00,273 INFO  server.GrpcService (GrpcService.java:closeImpl(163)) - 4b2c46f6-3092-4dd3-9da2-fd01aaa34c78: shutdown server with port 39232 successfully
2019-08-21 07:12:00,275 INFO  utils.BackgroundService (BackgroundService.java:shutdown(148)) - Shutting down service BlockDeletingService
2019-08-21 07:12:00,277 WARN  fs.CachingGetSpaceUsed (CachingGetSpaceUsed.java:run(183)) - Thread Interrupted waiting to refresh disk information: sleep interrupted
2019-08-21 07:12:00,278 INFO  utils.BackgroundService (BackgroundService.java:shutdown(148)) - Shutting down service BlockDeletingService
2019-08-21 07:12:00,284 WARN  fs.CachingGetSpaceUsed (CachingGetSpaceUsed.java:run(183)) - Thread Interrupted waiting to refresh disk information: sleep interrupted
2019-08-21 07:12:00,304 INFO  statemachine.DatanodeStateMachine (DatanodeStateMachine.java:stopDaemon(395)) - Ozone container server stopped.
2019-08-21 07:12:00,304 INFO  statemachine.DatanodeStateMachine (DatanodeStateMachine.java:stopDaemon(395)) - Ozone container server stopped.
2019-08-21 07:12:00,306 INFO  handler.ContextHandler (ContextHandler.java:doStop(910)) - Stopped o.e.j.w.WebAppContext@4e80a001{/,null,UNAVAILABLE}{/hddsDatanode}
2019-08-21 07:12:00,307 INFO  handler.ContextHandler (ContextHandler.java:doStop(910)) - Stopped o.e.j.w.WebAppContext@14b789f6{/,null,UNAVAILABLE}{/hddsDatanode}
2019-08-21 07:12:00,308 INFO  server.AbstractConnector (AbstractConnector.java:doStop(318)) - Stopped ServerConnector@624b523{HTTP/1.1,[http/1.1]}{0.0.0.0:0}
2019-08-21 07:12:00,308 INFO  server.AbstractConnector (AbstractConnector.java:doStop(318)) - Stopped ServerConnector@6eb17ec8{HTTP/1.1,[http/1.1]}{0.0.0.0:0}
2019-08-21 07:12:00,308 INFO  handler.ContextHandler (ContextHandler.java:doStop(910)) - Stopped o.e.j.s.ServletContextHandler@2443abd6{/static,jar:file:/home/user/.m2/repository/org/apache/hadoop/hadoop-hdds-container-service/0.5.0-SNAPSHOT/hadoop-hdds-container-service-0.5.0-SNAPSHOT.jar!/webapps/static,UNAVAILABLE}
2019-08-21 07:12:00,309 INFO  handler.ContextHandler (ContextHandler.java:doStop(910)) - Stopped o.e.j.s.ServletContextHandler@1a4d1ab7{/static,jar:file:/home/user/.m2/repository/org/apache/hadoop/hadoop-hdds-container-service/0.5.0-SNAPSHOT/hadoop-hdds-container-service-0.5.0-SNAPSHOT.jar!/webapps/static,UNAVAILABLE}
2019-08-21 07:12:00,309 INFO  handler.ContextHandler (ContextHandler.java:doStop(910)) - Stopped o.e.j.s.ServletContextHandler@4d4436d0{/logs,file:///workdir/hadoop-ozone/integration-test/target/log,UNAVAILABLE}
2019-08-21 07:12:00,310 INFO  handler.ContextHandler (ContextHandler.java:doStop(910)) - Stopped o.e.j.s.ServletContextHandler@52e04737{/logs,file:///workdir/hadoop-ozone/integration-test/target/log,UNAVAILABLE}
2019-08-21 07:12:00,310 INFO  datanode.ObjectStoreHandler (ObjectStoreHandler.java:close(155)) - Closing ObjectStoreHandler.
2019-08-21 07:12:00,311 INFO  ozone.HddsDatanodeService (HddsDatanodeService.java:stop(451)) - Stopped plug-in org.apache.hadoop.ozone.web.OzoneHddsDatanodeService@102c18e
2019-08-21 07:12:01,143 INFO  statemachine.DatanodeStateMachine (DatanodeStateMachine.java:lambda$startDaemon$0(350)) - Ozone container server started.
2019-08-21 07:12:04,203 INFO  impl.FollowerState (FollowerState.java:run(106)) - a6b09e3a-4dc0-4f42-90cf-d193d128f803:group-1D06733D3427 changes to CANDIDATE, lastRpcTime:5151, electionTimeout:5148ms
2019-08-21 07:12:04,203 INFO  impl.RoleInfo (RoleInfo.java:shutdownFollowerState(121)) - a6b09e3a-4dc0-4f42-90cf-d193d128f803: shutdown FollowerState
2019-08-21 07:12:04,203 INFO  impl.RaftServerImpl (RaftServerImpl.java:setRole(171)) - a6b09e3a-4dc0-4f42-90cf-d193d128f803:group-1D06733D3427 changes role from FOLLOWER to CANDIDATE at term 2 for changeToCandidate
2019-08-21 07:12:04,203 INFO  impl.RoleInfo (RoleInfo.java:updateAndGet(143)) - a6b09e3a-4dc0-4f42-90cf-d193d128f803: start LeaderElection
2019-08-21 07:12:04,242 INFO  impl.LeaderElection (LeaderElection.java:askForVotes(181)) - a6b09e3a-4dc0-4f42-90cf-d193d128f803:group-1D06733D3427:LeaderElection10: begin an election at term 3 for -1: [a6b09e3a-4dc0-4f42-90cf-d193d128f803:192.168.36.89:39402, 4b2c46f6-3092-4dd3-9da2-fd01aaa34c78:192.168.36.89:39232, d9f4d2f3-43ad-4797-af7c-63cf96d5994d:192.168.36.89:42325], old=null
2019-08-21 07:12:04,259 INFO  impl.LeaderElection (LogUtils.java:infoOrTrace(149)) - a6b09e3a-4dc0-4f42-90cf-d193d128f803:group-1D06733D3427:LeaderElection10 got exception when requesting votes: {}
java.util.concurrent.ExecutionException: org.apache.ratis.thirdparty.io.grpc.StatusRuntimeException: UNAVAILABLE: io exception
	at java.util.concurrent.FutureTask.report(FutureTask.java:122)
	at java.util.concurrent.FutureTask.get(FutureTask.java:192)
	at org.apache.ratis.server.impl.LeaderElection.waitForResults(LeaderElection.java:262)
	at org.apache.ratis.server.impl.LeaderElection.askForVotes(LeaderElection.java:200)
	at org.apache.ratis.server.impl.LeaderElection.run(LeaderElection.java:130)
	at java.lang.Thread.run(Thread.java:748)
Caused by: org.apache.ratis.thirdparty.io.grpc.StatusRuntimeException: UNAVAILABLE: io exception
	at org.apache.ratis.thirdparty.io.grpc.stub.ClientCalls.toStatusRuntimeException(ClientCalls.java:233)
	at org.apache.ratis.thirdparty.io.grpc.stub.ClientCalls.getUnchecked(ClientCalls.java:214)
	at org.apache.ratis.thirdparty.io.grpc.stub.ClientCalls.blockingUnaryCall(ClientCalls.java:139)
	at org.apache.ratis.proto.grpc.RaftServerProtocolServiceGrpc$RaftServerProtocolServiceBlockingStub.requestVote(RaftServerProtocolServiceGrpc.java:265)
	at org.apache.ratis.grpc.server.GrpcServerProtocolClient.requestVote(GrpcServerProtocolClient.java:83)
	at org.apache.ratis.grpc.server.GrpcService.requestVote(GrpcService.java:195)
	at org.apache.ratis.server.impl.LeaderElection.lambda$submitRequests$1(LeaderElection.java:237)
	at java.util.concurrent.FutureTask.run(FutureTask.java:266)
	at java.util.concurrent.Executors$RunnableAdapter.call(Executors.java:511)
	at java.util.concurrent.FutureTask.run(FutureTask.java:266)
	at java.util.concurrent.ThreadPoolExecutor.runWorker(ThreadPoolExecutor.java:1149)
	at java.util.concurrent.ThreadPoolExecutor$Worker.run(ThreadPoolExecutor.java:624)
	... 1 more
Caused by: org.apache.ratis.thirdparty.io.netty.channel.AbstractChannel$AnnotatedConnectException: Connection refused: /192.168.36.89:39232
	at sun.nio.ch.SocketChannelImpl.checkConnect(Native Method)
	at sun.nio.ch.SocketChannelImpl.finishConnect(SocketChannelImpl.java:717)
	at org.apache.ratis.thirdparty.io.netty.channel.socket.nio.NioSocketChannel.doFinishConnect(NioSocketChannel.java:327)
	at org.apache.ratis.thirdparty.io.netty.channel.nio.AbstractNioChannel$AbstractNioUnsafe.finishConnect(AbstractNioChannel.java:340)
	at org.apache.ratis.thirdparty.io.netty.channel.nio.NioEventLoop.processSelectedKey(NioEventLoop.java:632)
	at org.apache.ratis.thirdparty.io.netty.channel.nio.NioEventLoop.processSelectedKeysOptimized(NioEventLoop.java:579)
	at org.apache.ratis.thirdparty.io.netty.channel.nio.NioEventLoop.processSelectedKeys(NioEventLoop.java:496)
	at org.apache.ratis.thirdparty.io.netty.channel.nio.NioEventLoop.run(NioEventLoop.java:458)
	at org.apache.ratis.thirdparty.io.netty.util.concurrent.SingleThreadEventExecutor$5.run(SingleThreadEventExecutor.java:897)
	at org.apache.ratis.thirdparty.io.netty.util.concurrent.FastThreadLocalRunnable.run(FastThreadLocalRunnable.java:30)
	... 1 more
Caused by: java.net.ConnectException: Connection refused
	... 11 more
2019-08-21 07:12:04,263 INFO  impl.LeaderElection (LogUtils.java:infoOrTrace(149)) - a6b09e3a-4dc0-4f42-90cf-d193d128f803:group-1D06733D3427:LeaderElection10 got exception when requesting votes: {}
java.util.concurrent.ExecutionException: org.apache.ratis.thirdparty.io.grpc.StatusRuntimeException: UNAVAILABLE: io exception
	at java.util.concurrent.FutureTask.report(FutureTask.java:122)
	at java.util.concurrent.FutureTask.get(FutureTask.java:192)
	at org.apache.ratis.server.impl.LeaderElection.waitForResults(LeaderElection.java:262)
	at org.apache.ratis.server.impl.LeaderElection.askForVotes(LeaderElection.java:200)
	at org.apache.ratis.server.impl.LeaderElection.run(LeaderElection.java:130)
	at java.lang.Thread.run(Thread.java:748)
Caused by: org.apache.ratis.thirdparty.io.grpc.StatusRuntimeException: UNAVAILABLE: io exception
	at org.apache.ratis.thirdparty.io.grpc.stub.ClientCalls.toStatusRuntimeException(ClientCalls.java:233)
	at org.apache.ratis.thirdparty.io.grpc.stub.ClientCalls.getUnchecked(ClientCalls.java:214)
	at org.apache.ratis.thirdparty.io.grpc.stub.ClientCalls.blockingUnaryCall(ClientCalls.java:139)
	at org.apache.ratis.proto.grpc.RaftServerProtocolServiceGrpc$RaftServerProtocolServiceBlockingStub.requestVote(RaftServerProtocolServiceGrpc.java:265)
	at org.apache.ratis.grpc.server.GrpcServerProtocolClient.requestVote(GrpcServerProtocolClient.java:83)
	at org.apache.ratis.grpc.server.GrpcService.requestVote(GrpcService.java:195)
	at org.apache.ratis.server.impl.LeaderElection.lambda$submitRequests$1(LeaderElection.java:237)
	at java.util.concurrent.FutureTask.run(FutureTask.java:266)
	at java.util.concurrent.Executors$RunnableAdapter.call(Executors.java:511)
	at java.util.concurrent.FutureTask.run(FutureTask.java:266)
	at java.util.concurrent.ThreadPoolExecutor.runWorker(ThreadPoolExecutor.java:1149)
	at java.util.concurrent.ThreadPoolExecutor$Worker.run(ThreadPoolExecutor.java:624)
	... 1 more
Caused by: org.apache.ratis.thirdparty.io.netty.channel.AbstractChannel$AnnotatedConnectException: Connection refused: /192.168.36.89:42325
	at sun.nio.ch.SocketChannelImpl.checkConnect(Native Method)
	at sun.nio.ch.SocketChannelImpl.finishConnect(SocketChannelImpl.java:717)
	at org.apache.ratis.thirdparty.io.netty.channel.socket.nio.NioSocketChannel.doFinishConnect(NioSocketChannel.java:327)
	at org.apache.ratis.thirdparty.io.netty.channel.nio.AbstractNioChannel$AbstractNioUnsafe.finishConnect(AbstractNioChannel.java:340)
	at org.apache.ratis.thirdparty.io.netty.channel.nio.NioEventLoop.processSelectedKey(NioEventLoop.java:632)
	at org.apache.ratis.thirdparty.io.netty.channel.nio.NioEventLoop.processSelectedKeysOptimized(NioEventLoop.java:579)
	at org.apache.ratis.thirdparty.io.netty.channel.nio.NioEventLoop.processSelectedKeys(NioEventLoop.java:496)
	at org.apache.ratis.thirdparty.io.netty.channel.nio.NioEventLoop.run(NioEventLoop.java:458)
	at org.apache.ratis.thirdparty.io.netty.util.concurrent.SingleThreadEventExecutor$5.run(SingleThreadEventExecutor.java:897)
	at org.apache.ratis.thirdparty.io.netty.util.concurrent.FastThreadLocalRunnable.run(FastThreadLocalRunnable.java:30)
	... 1 more
Caused by: java.net.ConnectException: Connection refused
	... 11 more
2019-08-21 07:12:04,265 INFO  impl.LeaderElection (LeaderElection.java:logAndReturn(56)) - a6b09e3a-4dc0-4f42-90cf-d193d128f803:group-1D06733D3427:LeaderElection10: Election REJECTED; received 0 response(s) [] and 2 exception(s); a6b09e3a-4dc0-4f42-90cf-d193d128f803:t3, leader=null, voted=a6b09e3a-4dc0-4f42-90cf-d193d128f803, raftlog=a6b09e3a-4dc0-4f42-90cf-d193d128f803-SegmentedRaftLog:OPENED:c-1,f-1,i0, conf=-1: [a6b09e3a-4dc0-4f42-90cf-d193d128f803:192.168.36.89:39402, 4b2c46f6-3092-4dd3-9da2-fd01aaa34c78:192.168.36.89:39232, d9f4d2f3-43ad-4797-af7c-63cf96d5994d:192.168.36.89:42325], old=null
2019-08-21 07:12:04,265 INFO  impl.LeaderElection (LogUtils.java:infoOrTrace(149)) -   Exception 0: {}
java.util.concurrent.ExecutionException: org.apache.ratis.thirdparty.io.grpc.StatusRuntimeException: UNAVAILABLE: io exception
	at java.util.concurrent.FutureTask.report(FutureTask.java:122)
	at java.util.concurrent.FutureTask.get(FutureTask.java:192)
	at org.apache.ratis.server.impl.LeaderElection.waitForResults(LeaderElection.java:262)
	at org.apache.ratis.server.impl.LeaderElection.askForVotes(LeaderElection.java:200)
	at org.apache.ratis.server.impl.LeaderElection.run(LeaderElection.java:130)
	at java.lang.Thread.run(Thread.java:748)
Caused by: org.apache.ratis.thirdparty.io.grpc.StatusRuntimeException: UNAVAILABLE: io exception
	at org.apache.ratis.thirdparty.io.grpc.stub.ClientCalls.toStatusRuntimeException(ClientCalls.java:233)
	at org.apache.ratis.thirdparty.io.grpc.stub.ClientCalls.getUnchecked(ClientCalls.java:214)
	at org.apache.ratis.thirdparty.io.grpc.stub.ClientCalls.blockingUnaryCall(ClientCalls.java:139)
	at org.apache.ratis.proto.grpc.RaftServerProtocolServiceGrpc$RaftServerProtocolServiceBlockingStub.requestVote(RaftServerProtocolServiceGrpc.java:265)
	at org.apache.ratis.grpc.server.GrpcServerProtocolClient.requestVote(GrpcServerProtocolClient.java:83)
	at org.apache.ratis.grpc.server.GrpcService.requestVote(GrpcService.java:195)
	at org.apache.ratis.server.impl.LeaderElection.lambda$submitRequests$1(LeaderElection.java:237)
	at java.util.concurrent.FutureTask.run(FutureTask.java:266)
	at java.util.concurrent.Executors$RunnableAdapter.call(Executors.java:511)
	at java.util.concurrent.FutureTask.run(FutureTask.java:266)
	at java.util.concurrent.ThreadPoolExecutor.runWorker(ThreadPoolExecutor.java:1149)
	at java.util.concurrent.ThreadPoolExecutor$Worker.run(ThreadPoolExecutor.java:624)
	... 1 more
Caused by: org.apache.ratis.thirdparty.io.netty.channel.AbstractChannel$AnnotatedConnectException: Connection refused: /192.168.36.89:39232
	at sun.nio.ch.SocketChannelImpl.checkConnect(Native Method)
	at sun.nio.ch.SocketChannelImpl.finishConnect(SocketChannelImpl.java:717)
	at org.apache.ratis.thirdparty.io.netty.channel.socket.nio.NioSocketChannel.doFinishConnect(NioSocketChannel.java:327)
	at org.apache.ratis.thirdparty.io.netty.channel.nio.AbstractNioChannel$AbstractNioUnsafe.finishConnect(AbstractNioChannel.java:340)
	at org.apache.ratis.thirdparty.io.netty.channel.nio.NioEventLoop.processSelectedKey(NioEventLoop.java:632)
	at org.apache.ratis.thirdparty.io.netty.channel.nio.NioEventLoop.processSelectedKeysOptimized(NioEventLoop.java:579)
	at org.apache.ratis.thirdparty.io.netty.channel.nio.NioEventLoop.processSelectedKeys(NioEventLoop.java:496)
	at org.apache.ratis.thirdparty.io.netty.channel.nio.NioEventLoop.run(NioEventLoop.java:458)
	at org.apache.ratis.thirdparty.io.netty.util.concurrent.SingleThreadEventExecutor$5.run(SingleThreadEventExecutor.java:897)
	at org.apache.ratis.thirdparty.io.netty.util.concurrent.FastThreadLocalRunnable.run(FastThreadLocalRunnable.java:30)
	... 1 more
Caused by: java.net.ConnectException: Connection refused
	... 11 more
2019-08-21 07:12:04,266 INFO  impl.LeaderElection (LogUtils.java:infoOrTrace(149)) -   Exception 1: {}
java.util.concurrent.ExecutionException: org.apache.ratis.thirdparty.io.grpc.StatusRuntimeException: UNAVAILABLE: io exception
	at java.util.concurrent.FutureTask.report(FutureTask.java:122)
	at java.util.concurrent.FutureTask.get(FutureTask.java:192)
	at org.apache.ratis.server.impl.LeaderElection.waitForResults(LeaderElection.java:262)
	at org.apache.ratis.server.impl.LeaderElection.askForVotes(LeaderElection.java:200)
	at org.apache.ratis.server.impl.LeaderElection.run(LeaderElection.java:130)
	at java.lang.Thread.run(Thread.java:748)
Caused by: org.apache.ratis.thirdparty.io.grpc.StatusRuntimeException: UNAVAILABLE: io exception
	at org.apache.ratis.thirdparty.io.grpc.stub.ClientCalls.toStatusRuntimeException(ClientCalls.java:233)
	at org.apache.ratis.thirdparty.io.grpc.stub.ClientCalls.getUnchecked(ClientCalls.java:214)
	at org.apache.ratis.thirdparty.io.grpc.stub.ClientCalls.blockingUnaryCall(ClientCalls.java:139)
	at org.apache.ratis.proto.grpc.RaftServerProtocolServiceGrpc$RaftServerProtocolServiceBlockingStub.requestVote(RaftServerProtocolServiceGrpc.java:265)
	at org.apache.ratis.grpc.server.GrpcServerProtocolClient.requestVote(GrpcServerProtocolClient.java:83)
	at org.apache.ratis.grpc.server.GrpcService.requestVote(GrpcService.java:195)
	at org.apache.ratis.server.impl.LeaderElection.lambda$submitRequests$1(LeaderElection.java:237)
	at java.util.concurrent.FutureTask.run(FutureTask.java:266)
	at java.util.concurrent.Executors$RunnableAdapter.call(Executors.java:511)
	at java.util.concurrent.FutureTask.run(FutureTask.java:266)
	at java.util.concurrent.ThreadPoolExecutor.runWorker(ThreadPoolExecutor.java:1149)
	at java.util.concurrent.ThreadPoolExecutor$Worker.run(ThreadPoolExecutor.java:624)
	... 1 more
Caused by: org.apache.ratis.thirdparty.io.netty.channel.AbstractChannel$AnnotatedConnectException: Connection refused: /192.168.36.89:42325
	at sun.nio.ch.SocketChannelImpl.checkConnect(Native Method)
	at sun.nio.ch.SocketChannelImpl.finishConnect(SocketChannelImpl.java:717)
	at org.apache.ratis.thirdparty.io.netty.channel.socket.nio.NioSocketChannel.doFinishConnect(NioSocketChannel.java:327)
	at org.apache.ratis.thirdparty.io.netty.channel.nio.AbstractNioChannel$AbstractNioUnsafe.finishConnect(AbstractNioChannel.java:340)
	at org.apache.ratis.thirdparty.io.netty.channel.nio.NioEventLoop.processSelectedKey(NioEventLoop.java:632)
	at org.apache.ratis.thirdparty.io.netty.channel.nio.NioEventLoop.processSelectedKeysOptimized(NioEventLoop.java:579)
	at org.apache.ratis.thirdparty.io.netty.channel.nio.NioEventLoop.processSelectedKeys(NioEventLoop.java:496)
	at org.apache.ratis.thirdparty.io.netty.channel.nio.NioEventLoop.run(NioEventLoop.java:458)
	at org.apache.ratis.thirdparty.io.netty.util.concurrent.SingleThreadEventExecutor$5.run(SingleThreadEventExecutor.java:897)
	at org.apache.ratis.thirdparty.io.netty.util.concurrent.FastThreadLocalRunnable.run(FastThreadLocalRunnable.java:30)
	... 1 more
Caused by: java.net.ConnectException: Connection refused
	... 11 more
2019-08-21 07:12:04,267 INFO  impl.RaftServerImpl (RaftServerImpl.java:setRole(171)) - a6b09e3a-4dc0-4f42-90cf-d193d128f803:group-1D06733D3427 changes role from CANDIDATE to FOLLOWER at term 3 for DISCOVERED_A_NEW_TERM
2019-08-21 07:12:04,267 INFO  impl.RoleInfo (RoleInfo.java:shutdownLeaderElection(134)) - a6b09e3a-4dc0-4f42-90cf-d193d128f803: shutdown LeaderElection
2019-08-21 07:12:04,268 INFO  impl.RoleInfo (RoleInfo.java:updateAndGet(143)) - a6b09e3a-4dc0-4f42-90cf-d193d128f803: start FollowerState
2019-08-21 07:12:05,312 INFO  ozoneimpl.OzoneContainer (OzoneContainer.java:stop(199)) - Attempting to stop container services.
2019-08-21 07:12:05,313 INFO  impl.RaftServerProxy (RaftServerProxy.java:lambda$close$4(314)) - a6b09e3a-4dc0-4f42-90cf-d193d128f803: close
2019-08-21 07:12:05,314 INFO  impl.RaftServerImpl (RaftServerImpl.java:lambda$shutdown$3(245)) - a6b09e3a-4dc0-4f42-90cf-d193d128f803: shutdown group-BD192F329BFE
2019-08-21 07:12:05,314 INFO  impl.RaftServerImpl (RaftServerImpl.java:lambda$shutdown$3(245)) - a6b09e3a-4dc0-4f42-90cf-d193d128f803: shutdown group-1D06733D3427
2019-08-21 07:12:05,315 INFO  util.JmxRegister (JmxRegister.java:unregister(73)) - Successfully un-registered JMX Bean with object name Ratis:service=RaftServer,group=group-BD192F329BFE,id=a6b09e3a-4dc0-4f42-90cf-d193d128f803
2019-08-21 07:12:05,315 INFO  util.JmxRegister (JmxRegister.java:unregister(73)) - Successfully un-registered JMX Bean with object name Ratis:service=RaftServer,group=group-1D06733D3427,id=a6b09e3a-4dc0-4f42-90cf-d193d128f803
2019-08-21 07:12:05,316 INFO  impl.RoleInfo (RoleInfo.java:shutdownLeaderState(104)) - a6b09e3a-4dc0-4f42-90cf-d193d128f803: shutdown LeaderState
2019-08-21 07:12:05,316 INFO  impl.RoleInfo (RoleInfo.java:shutdownFollowerState(121)) - a6b09e3a-4dc0-4f42-90cf-d193d128f803: shutdown FollowerState
2019-08-21 07:12:05,316 INFO  impl.PendingRequests (PendingRequests.java:sendNotLeaderResponses(202)) - a6b09e3a-4dc0-4f42-90cf-d193d128f803-PendingRequests: sendNotLeaderResponses
2019-08-21 07:12:05,317 INFO  impl.FollowerState (FollowerState.java:run(114)) - a6b09e3a-4dc0-4f42-90cf-d193d128f803: FollowerState was interrupted: java.lang.InterruptedException: sleep interrupted
2019-08-21 07:12:05,317 INFO  impl.StateMachineUpdater (StateMachineUpdater.java:stopAndJoin(115)) - StateMachineUpdater:a6b09e3a-4dc0-4f42-90cf-d193d128f803:group-BD192F329BFE: set stopIndex = 0
2019-08-21 07:12:05,317 INFO  impl.StateMachineUpdater (StateMachineUpdater.java:stopAndJoin(115)) - StateMachineUpdater:a6b09e3a-4dc0-4f42-90cf-d193d128f803:group-1D06733D3427: set stopIndex = -1
2019-08-21 07:12:05,318 INFO  impl.RaftServerImpl (ServerState.java:close(394)) - a6b09e3a-4dc0-4f42-90cf-d193d128f803:group-BD192F329BFE closes. The last applied log index is 0
2019-08-21 07:12:05,318 INFO  impl.RaftServerImpl (ServerState.java:close(394)) - a6b09e3a-4dc0-4f42-90cf-d193d128f803:group-1D06733D3427 closes. The last applied log index is -1
2019-08-21 07:12:05,320 INFO  segmented.SegmentedRaftLogWorker (SegmentedRaftLogWorker.java:run(313)) - a6b09e3a-4dc0-4f42-90cf-d193d128f803-SegmentedRaftLogWorker:Storage Directory /workdir/hadoop-ozone/integration-test/target/test-dir/MiniOzoneClusterImpl-ba683c9d-7a8a-4709-b9fa-019fe96252e8/datanode-2/data/ratis/de04e8dd-4711-40ee-a447-bd192f329bfe was interrupted, exiting. There are 0 tasks remaining in the queue.
2019-08-21 07:12:05,320 INFO  segmented.SegmentedRaftLogWorker (SegmentedRaftLogWorker.java:run(313)) - a6b09e3a-4dc0-4f42-90cf-d193d128f803-SegmentedRaftLogWorker:Storage Directory /workdir/hadoop-ozone/integration-test/target/test-dir/MiniOzoneClusterImpl-ba683c9d-7a8a-4709-b9fa-019fe96252e8/datanode-2/data/ratis/aac1e625-3f16-44f2-8da7-1d06733d3427 was interrupted, exiting. There are 0 tasks remaining in the queue.
2019-08-21 07:12:05,321 INFO  segmented.SegmentedRaftLogWorker (SegmentedRaftLogWorker.java:close(228)) - a6b09e3a-4dc0-4f42-90cf-d193d128f803-SegmentedRaftLogWorker:Storage Directory /workdir/hadoop-ozone/integration-test/target/test-dir/MiniOzoneClusterImpl-ba683c9d-7a8a-4709-b9fa-019fe96252e8/datanode-2/data/ratis/aac1e625-3f16-44f2-8da7-1d06733d3427 close()
2019-08-21 07:12:05,322 INFO  segmented.SegmentedRaftLogWorker (SegmentedRaftLogWorker.java:close(228)) - a6b09e3a-4dc0-4f42-90cf-d193d128f803-SegmentedRaftLogWorker:Storage Directory /workdir/hadoop-ozone/integration-test/target/test-dir/MiniOzoneClusterImpl-ba683c9d-7a8a-4709-b9fa-019fe96252e8/datanode-2/data/ratis/de04e8dd-4711-40ee-a447-bd192f329bfe close()
2019-08-21 07:12:05,324 INFO  server.GrpcService (GrpcService.java:closeImpl(155)) - a6b09e3a-4dc0-4f42-90cf-d193d128f803: shutdown server with port 39402 now
2019-08-21 07:12:05,326 INFO  server.GrpcService (GrpcService.java:closeImpl(163)) - a6b09e3a-4dc0-4f42-90cf-d193d128f803: shutdown server with port 39402 successfully
2019-08-21 07:12:05,334 INFO  utils.BackgroundService (BackgroundService.java:shutdown(148)) - Shutting down service BlockDeletingService
2019-08-21 07:12:05,335 WARN  fs.CachingGetSpaceUsed (CachingGetSpaceUsed.java:run(183)) - Thread Interrupted waiting to refresh disk information: sleep interrupted
2019-08-21 07:12:05,352 INFO  statemachine.DatanodeStateMachine (DatanodeStateMachine.java:stopDaemon(395)) - Ozone container server stopped.
2019-08-21 07:12:05,353 INFO  handler.ContextHandler (ContextHandler.java:doStop(910)) - Stopped o.e.j.w.WebAppContext@12952aff{/,null,UNAVAILABLE}{/hddsDatanode}
2019-08-21 07:12:05,353 INFO  server.AbstractConnector (AbstractConnector.java:doStop(318)) - Stopped ServerConnector@76a7fcbd{HTTP/1.1,[http/1.1]}{0.0.0.0:0}
2019-08-21 07:12:05,354 INFO  handler.ContextHandler (ContextHandler.java:doStop(910)) - Stopped o.e.j.s.ServletContextHandler@4aebee4b{/static,jar:file:/home/user/.m2/repository/org/apache/hadoop/hadoop-hdds-container-service/0.5.0-SNAPSHOT/hadoop-hdds-container-service-0.5.0-SNAPSHOT.jar!/webapps/static,UNAVAILABLE}
2019-08-21 07:12:05,354 INFO  handler.ContextHandler (ContextHandler.java:doStop(910)) - Stopped o.e.j.s.ServletContextHandler@217235f5{/logs,file:///workdir/hadoop-ozone/integration-test/target/log,UNAVAILABLE}
2019-08-21 07:12:05,355 INFO  ozone.MiniOzoneClusterImpl (MiniOzoneClusterImpl.java:stop(353)) - Stopping the StorageContainerManager
2019-08-21 07:12:05,355 INFO  server.StorageContainerManager (StorageContainerManager.java:stop(796)) - Stopping Replication Manager Service.
2019-08-21 07:12:05,355 INFO  container.ReplicationManager (ReplicationManager.java:stop(196)) - Stopping Replication Monitor Thread.
2019-08-21 07:12:05,355 INFO  server.StorageContainerManager (StorageContainerManager.java:stop(803)) - Stopping Lease Manager of the command watchers
2019-08-21 07:12:05,356 INFO  server.StorageContainerManager (StorageContainerManager.java:stop(810)) - Stopping datanode service RPC server
2019-08-21 07:12:05,356 INFO  server.SCMDatanodeProtocolServer (SCMDatanodeProtocolServer.java:stop(367)) - Stopping the RPC server for DataNodes
2019-08-21 07:12:05,356 INFO  ipc.Server (Server.java:stop(3082)) - Stopping server on 45992
2019-08-21 07:12:05,357 INFO  ipc.Server (Server.java:run(1185)) - Stopping IPC Server listener on 45992
2019-08-21 07:12:05,358 INFO  ipc.Server (Server.java:run(1319)) - Stopping IPC Server Responder
2019-08-21 07:12:05,378 WARN  node.NodeStateManager (NodeStateManager.java:scheduleNextHealthCheck(631)) - Current Thread is interrupted, shutting down HB processing thread for Node Manager.
2019-08-21 07:12:05,379 INFO  server.StorageContainerManager (StorageContainerManager.java:stop(818)) - Stopping block service RPC server
2019-08-21 07:12:05,379 INFO  server.SCMBlockProtocolServer (SCMBlockProtocolServer.java:stop(155)) - Stopping the RPC server for Block Protocol
2019-08-21 07:12:05,379 INFO  ipc.Server (Server.java:stop(3082)) - Stopping server on 45817
2019-08-21 07:12:05,380 INFO  server.StorageContainerManager (StorageContainerManager.java:stop(825)) - Stopping the StorageContainerLocationProtocol RPC server
2019-08-21 07:12:05,380 INFO  ipc.Server (Server.java:run(1185)) - Stopping IPC Server listener on 45817
2019-08-21 07:12:05,381 INFO  server.SCMClientProtocolServer (SCMClientProtocolServer.java:stop(159)) - Stopping the RPC server for Client Protocol
2019-08-21 07:12:05,381 INFO  ipc.Server (Server.java:stop(3082)) - Stopping server on 37861
2019-08-21 07:12:05,381 INFO  ipc.Server (Server.java:run(1319)) - Stopping IPC Server Responder
2019-08-21 07:12:05,383 INFO  ipc.Server (Server.java:run(1185)) - Stopping IPC Server listener on 37861
2019-08-21 07:12:05,383 INFO  server.StorageContainerManager (StorageContainerManager.java:stop(832)) - Stopping Storage Container Manager HTTP server.
2019-08-21 07:12:05,384 INFO  ipc.Server (Server.java:run(1319)) - Stopping IPC Server Responder
2019-08-21 07:12:05,384 INFO  handler.ContextHandler (ContextHandler.java:doStop(910)) - Stopped o.e.j.w.WebAppContext@2c4ca0f9{/,null,UNAVAILABLE}{/scm}
2019-08-21 07:12:05,385 INFO  server.AbstractConnector (AbstractConnector.java:doStop(318)) - Stopped ServerConnector@7555b920{HTTP/1.1,[http/1.1]}{0.0.0.0:0}
2019-08-21 07:12:05,386 INFO  handler.ContextHandler (ContextHandler.java:doStop(910)) - Stopped o.e.j.s.ServletContextHandler@4af0df05{/static,file:///workdir/hadoop-ozone/integration-test/target/test-classes/webapps/static,UNAVAILABLE}
2019-08-21 07:12:05,386 INFO  handler.ContextHandler (ContextHandler.java:doStop(910)) - Stopped o.e.j.s.ServletContextHandler@6ff65192{/logs,file:///workdir/hadoop-ozone/integration-test/target/log,UNAVAILABLE}
2019-08-21 07:12:05,388 INFO  server.StorageContainerManager (StorageContainerManager.java:stop(843)) - Stopping Block Manager Service.
2019-08-21 07:12:05,388 INFO  utils.BackgroundService (BackgroundService.java:shutdown(148)) - Shutting down service SCMBlockDeletingService
2019-08-21 07:12:05,389 INFO  utils.BackgroundService (BackgroundService.java:shutdown(148)) - Shutting down service SCMBlockDeletingService
2019-08-21 07:12:05,389 INFO  server.StorageContainerManager (StorageContainerManager.java:stop(865)) - Stopping SCM Event Queue.
2019-08-21 07:12:05,395 INFO  impl.MetricsSystemImpl (MetricsSystemImpl.java:stop(210)) - Stopping HddsDatanode metrics system...
2019-08-21 07:12:05,398 INFO  impl.MetricsSinkAdapter (MetricsSinkAdapter.java:publishMetricsFromQueue(141)) - prometheus thread interrupted.
2019-08-21 07:12:05,398 INFO  impl.MetricsSystemImpl (MetricsSystemImpl.java:stop(216)) - HddsDatanode metrics system stopped.
]]></system-out>
    <system-err><![CDATA[ERROR StatusLogger No Log4j 2 configuration file found. Using default configuration (logging only errors to the console), or user programmatically provided configurations. Set system property 'log4j2.debug' to show Log4j 2 internal initialization logging. See https://logging.apache.org/log4j/2.x/manual/configuration.html for instructions on how to configure Log4j 2
Aug 21, 2019 7:11:42 AM com.sun.jersey.server.impl.application.WebApplicationImpl _initiate
INFO: Initiating Jersey application, version 'Jersey: 1.19 02/11/2015 03:25 AM'
Aug 21, 2019 7:11:43 AM com.sun.jersey.server.impl.application.WebApplicationImpl _initiate
INFO: Initiating Jersey application, version 'Jersey: 1.19 02/11/2015 03:25 AM'
Aug 21, 2019 7:11:43 AM com.sun.jersey.server.impl.application.WebApplicationImpl _initiate
INFO: Initiating Jersey application, version 'Jersey: 1.19 02/11/2015 03:25 AM'
]]></system-err>
  </testcase>
  <testcase name="testPipelineCloseWithOpenContainer" classname="org.apache.hadoop.hdds.scm.pipeline.TestPipelineClose" time="17.452"/>
  <testcase name="testPipelineCloseWithClosedContainer" classname="org.apache.hadoop.hdds.scm.pipeline.TestPipelineClose" time="23.924"/>
  <testcase name="testPipelineCloseWithLogFailure" classname="org.apache.hadoop.hdds.scm.pipeline.TestPipelineClose" time="17.113"/>
</testsuite>