<?xml version="1.0" encoding="UTF-8"?>
<testsuite xmlns:xsi="http://www.w3.org/2001/XMLSchema-instance" xsi:noNamespaceSchemaLocation="https://maven.apache.org/surefire/maven-surefire-plugin/xsd/surefire-test-report.xsd" name="org.apache.hadoop.ozone.client.rpc.TestBlockOutputStreamWithFailures" time="781.525" tests="8" errors="0" skipped="0" failures="1">
  <properties>
    <property name="awt.toolkit" value="sun.awt.X11.XToolkit"/>
    <property name="file.encoding.pkg" value="sun.io"/>
    <property name="java.specification.version" value="1.8"/>
    <property name="sun.cpu.isalist" value=""/>
    <property name="sun.jnu.encoding" value="UTF-8"/>
    <property name="java.class.path" value="/workdir/hadoop-ozone/integration-test/target/test-classes:/workdir/hadoop-ozone/integration-test/target/classes:/home/user/.m2/repository/org/apache/hadoop/hadoop-ozone-common/0.5.0-SNAPSHOT/hadoop-ozone-common-0.5.0-SNAPSHOT.jar:/home/user/.m2/repository/org/apache/commons/commons-compress/1.4.1/commons-compress-1.4.1.jar:/home/user/.m2/repository/org/tukaani/xz/1.0/xz-1.0.jar:/home/user/.m2/repository/org/apache/hadoop/hadoop-common/3.2.0/hadoop-common-3.2.0.jar:/home/user/.m2/repository/org/apache/hadoop/hadoop-hdfs/3.2.0/hadoop-hdfs-3.2.0.jar:/home/user/.m2/repository/org/apache/hadoop/hadoop-hdfs-client/3.2.0/hadoop-hdfs-client-3.2.0.jar:/home/user/.m2/repository/com/fasterxml/jackson/core/jackson-annotations/2.9.5/jackson-annotations-2.9.5.jar:/home/user/.m2/repository/org/apache/hadoop/hadoop-hdds-common/0.5.0-SNAPSHOT/hadoop-hdds-common-0.5.0-SNAPSHOT.jar:/home/user/.m2/repository/javax/annotation/javax.annotation-api/1.2/javax.annotation-api-1.2.jar:/home/user/.m2/repository/org/apache/ratis/ratis-server/0.4.0-2337318-SNAPSHOT/ratis-server-0.4.0-2337318-SNAPSHOT.jar:/home/user/.m2/repository/org/apache/ratis/ratis-thirdparty-misc/0.2.0/ratis-thirdparty-misc-0.2.0.jar:/home/user/.m2/repository/org/apache/ratis/ratis-proto/0.4.0-2337318-SNAPSHOT/ratis-proto-0.4.0-2337318-SNAPSHOT.jar:/home/user/.m2/repository/org/apache/ratis/ratis-common/0.4.0-2337318-SNAPSHOT/ratis-common-0.4.0-2337318-SNAPSHOT.jar:/home/user/.m2/repository/org/apache/ratis/ratis-client/0.4.0-2337318-SNAPSHOT/ratis-client-0.4.0-2337318-SNAPSHOT.jar:/home/user/.m2/repository/org/apache/ratis/ratis-metrics/0.4.0-2337318-SNAPSHOT/ratis-metrics-0.4.0-2337318-SNAPSHOT.jar:/home/user/.m2/repository/org/apache/ratis/ratis-netty/0.4.0-2337318-SNAPSHOT/ratis-netty-0.4.0-2337318-SNAPSHOT.jar:/home/user/.m2/repository/org/apache/ratis/ratis-grpc/0.4.0-2337318-SNAPSHOT/ratis-grpc-0.4.0-2337318-SNAPSHOT.jar:/home/user/.m2/repository/org/rocksdb/rocksdbjni/6.0.1/rocksdbjni-6.0.1.jar:/home/user/.m2/repository/org/apache/logging/log4j/log4j-api/2.11.0/log4j-api-2.11.0.jar:/home/user/.m2/repository/org/apache/logging/log4j/log4j-core/2.11.0/log4j-core-2.11.0.jar:/home/user/.m2/repository/com/lmax/disruptor/3.4.2/disruptor-3.4.2.jar:/home/user/.m2/repository/org/apache/commons/commons-pool2/2.6.0/commons-pool2-2.6.0.jar:/home/user/.m2/repository/org/bouncycastle/bcpkix-jdk15on/1.60/bcpkix-jdk15on-1.60.jar:/home/user/.m2/repository/commons-validator/commons-validator/1.6/commons-validator-1.6.jar:/home/user/.m2/repository/commons-digester/commons-digester/1.8.1/commons-digester-1.8.1.jar:/home/user/.m2/repository/io/jaegertracing/jaeger-client/0.33.1/jaeger-client-0.33.1.jar:/home/user/.m2/repository/io/jaegertracing/jaeger-thrift/0.33.1/jaeger-thrift-0.33.1.jar:/home/user/.m2/repository/org/apache/thrift/libthrift/0.11.0/libthrift-0.11.0.jar:/home/user/.m2/repository/com/squareup/okhttp3/okhttp/3.9.0/okhttp-3.9.0.jar:/home/user/.m2/repository/com/squareup/okio/okio/1.13.0/okio-1.13.0.jar:/home/user/.m2/repository/io/jaegertracing/jaeger-core/0.33.1/jaeger-core-0.33.1.jar:/home/user/.m2/repository/io/jaegertracing/jaeger-tracerresolver/0.33.1/jaeger-tracerresolver-0.33.1.jar:/home/user/.m2/repository/io/opentracing/contrib/opentracing-tracerresolver/0.1.5/opentracing-tracerresolver-0.1.5.jar:/home/user/.m2/repository/io/opentracing/opentracing-util/0.31.0/opentracing-util-0.31.0.jar:/home/user/.m2/repository/io/opentracing/opentracing-api/0.31.0/opentracing-api-0.31.0.jar:/home/user/.m2/repository/io/opentracing/opentracing-noop/0.31.0/opentracing-noop-0.31.0.jar:/home/user/.m2/repository/org/apache/hadoop/hadoop-hdds-server-framework/0.5.0-SNAPSHOT/hadoop-hdds-server-framework-0.5.0-SNAPSHOT.jar:/home/user/.m2/repository/org/apache/hadoop/hadoop-hdds-container-service/0.5.0-SNAPSHOT/hadoop-hdds-container-service-0.5.0-SNAPSHOT.jar:/home/user/.m2/repository/org/apache/hadoop/hadoop-hdds-client/0.5.0-SNAPSHOT/hadoop-hdds-client-0.5.0-SNAPSHOT.jar:/home/user/.m2/repository/org/apache/hadoop/hadoop-hdds-tools/0.5.0-SNAPSHOT/hadoop-hdds-tools-0.5.0-SNAPSHOT.jar:/home/user/.m2/repository/org/apache/hadoop/hadoop-hdds-server-scm/0.5.0-SNAPSHOT/hadoop-hdds-server-scm-0.5.0-SNAPSHOT.jar:/home/user/.m2/repository/org/apache/hadoop/hadoop-hdds-docs/0.5.0-SNAPSHOT/hadoop-hdds-docs-0.5.0-SNAPSHOT.jar:/home/user/.m2/repository/io/dropwizard/metrics/metrics-core/3.2.4/metrics-core-3.2.4.jar:/home/user/.m2/repository/org/hamcrest/hamcrest-all/1.3/hamcrest-all-1.3.jar:/home/user/.m2/repository/org/bouncycastle/bcprov-jdk15on/1.60/bcprov-jdk15on-1.60.jar:/home/user/.m2/repository/info/picocli/picocli/3.9.6/picocli-3.9.6.jar:/home/user/.m2/repository/com/google/protobuf/protobuf-java/2.5.0/protobuf-java-2.5.0.jar:/home/user/.m2/repository/com/google/guava/guava/11.0.2/guava-11.0.2.jar:/home/user/.m2/repository/org/apache/hadoop/hadoop-ozone-ozone-manager/0.5.0-SNAPSHOT/hadoop-ozone-ozone-manager-0.5.0-SNAPSHOT.jar:/home/user/.m2/repository/org/apache/hadoop/hadoop-minikdc/3.2.0/hadoop-minikdc-3.2.0.jar:/home/user/.m2/repository/commons-io/commons-io/2.5/commons-io-2.5.jar:/home/user/.m2/repository/org/apache/kerby/kerb-simplekdc/1.0.1/kerb-simplekdc-1.0.1.jar:/home/user/.m2/repository/org/apache/kerby/kerb-client/1.0.1/kerb-client-1.0.1.jar:/home/user/.m2/repository/org/apache/kerby/kerby-config/1.0.1/kerby-config-1.0.1.jar:/home/user/.m2/repository/org/apache/kerby/kerb-core/1.0.1/kerb-core-1.0.1.jar:/home/user/.m2/repository/org/apache/kerby/kerby-pkix/1.0.1/kerby-pkix-1.0.1.jar:/home/user/.m2/repository/org/apache/kerby/kerby-asn1/1.0.1/kerby-asn1-1.0.1.jar:/home/user/.m2/repository/org/apache/kerby/kerby-util/1.0.1/kerby-util-1.0.1.jar:/home/user/.m2/repository/org/apache/kerby/kerb-common/1.0.1/kerb-common-1.0.1.jar:/home/user/.m2/repository/org/apache/kerby/kerb-crypto/1.0.1/kerb-crypto-1.0.1.jar:/home/user/.m2/repository/org/apache/kerby/kerb-util/1.0.1/kerb-util-1.0.1.jar:/home/user/.m2/repository/org/apache/kerby/token-provider/1.0.1/token-provider-1.0.1.jar:/home/user/.m2/repository/org/apache/kerby/kerb-admin/1.0.1/kerb-admin-1.0.1.jar:/home/user/.m2/repository/org/apache/kerby/kerb-server/1.0.1/kerb-server-1.0.1.jar:/home/user/.m2/repository/org/apache/kerby/kerb-identity/1.0.1/kerb-identity-1.0.1.jar:/home/user/.m2/repository/org/apache/kerby/kerby-xdr/1.0.1/kerby-xdr-1.0.1.jar:/home/user/.m2/repository/org/slf4j/slf4j-log4j12/1.7.25/slf4j-log4j12-1.7.25.jar:/home/user/.m2/repository/org/apache/hadoop/hadoop-ozone-objectstore-service/0.5.0-SNAPSHOT/hadoop-ozone-objectstore-service-0.5.0-SNAPSHOT.jar:/home/user/.m2/repository/org/apache/hadoop/hadoop-ozone-s3gateway/0.5.0-SNAPSHOT/hadoop-ozone-s3gateway-0.5.0-SNAPSHOT.jar:/home/user/.m2/repository/org/jboss/weld/servlet/weld-servlet/2.4.7.Final/weld-servlet-2.4.7.Final.jar:/home/user/.m2/repository/org/glassfish/jersey/containers/jersey-container-servlet-core/2.27/jersey-container-servlet-core-2.27.jar:/home/user/.m2/repository/org/glassfish/hk2/external/javax.inject/2.5.0-b42/javax.inject-2.5.0-b42.jar:/home/user/.m2/repository/org/glassfish/jersey/core/jersey-common/2.27/jersey-common-2.27.jar:/home/user/.m2/repository/org/glassfish/hk2/osgi-resource-locator/1.0.1/osgi-resource-locator-1.0.1.jar:/home/user/.m2/repository/javax/ws/rs/javax.ws.rs-api/2.1/javax.ws.rs-api-2.1.jar:/home/user/.m2/repository/org/glassfish/jersey/ext/cdi/jersey-cdi1x/2.27/jersey-cdi1x-2.27.jar:/home/user/.m2/repository/org/glassfish/jersey/inject/jersey-hk2/2.27/jersey-hk2-2.27.jar:/home/user/.m2/repository/org/glassfish/hk2/hk2-locator/2.5.0-b42/hk2-locator-2.5.0-b42.jar:/home/user/.m2/repository/org/javassist/javassist/3.22.0-CR2/javassist-3.22.0-CR2.jar:/home/user/.m2/repository/org/glassfish/hk2/hk2-api/2.5.0/hk2-api-2.5.0.jar:/home/user/.m2/repository/org/glassfish/hk2/external/jakarta.inject/2.5.0/jakarta.inject-2.5.0.jar:/home/user/.m2/repository/org/glassfish/hk2/hk2-utils/2.5.0/hk2-utils-2.5.0.jar:/home/user/.m2/repository/jakarta/annotation/jakarta.annotation-api/1.3.4/jakarta.annotation-api-1.3.4.jar:/home/user/.m2/repository/org/glassfish/hk2/external/aopalliance-repackaged/2.5.0/aopalliance-repackaged-2.5.0.jar:/home/user/.m2/repository/com/fasterxml/jackson/dataformat/jackson-dataformat-xml/2.9.0/jackson-dataformat-xml-2.9.0.jar:/home/user/.m2/repository/com/fasterxml/jackson/core/jackson-core/2.9.5/jackson-core-2.9.5.jar:/home/user/.m2/repository/com/fasterxml/jackson/module/jackson-module-jaxb-annotations/2.9.5/jackson-module-jaxb-annotations-2.9.5.jar:/home/user/.m2/repository/javax/enterprise/cdi-api/1.2/cdi-api-1.2.jar:/home/user/.m2/repository/javax/el/javax.el-api/3.0.0/javax.el-api-3.0.0.jar:/home/user/.m2/repository/javax/interceptor/javax.interceptor-api/1.2/javax.interceptor-api-1.2.jar:/home/user/.m2/repository/javax/inject/javax.inject/1/javax.inject-1.jar:/home/user/.m2/repository/com/sun/xml/bind/jaxb-impl/2.3.0.1/jaxb-impl-2.3.0.1.jar:/home/user/.m2/repository/com/sun/xml/bind/jaxb-core/2.3.0.1/jaxb-core-2.3.0.1.jar:/home/user/.m2/repository/javax/xml/bind/jaxb-api/2.3.0/jaxb-api-2.3.0.jar:/home/user/.m2/repository/javax/activation/activation/1.1.1/activation-1.1.1.jar:/home/user/.m2/repository/org/apache/hadoop/hadoop-ozone-csi/0.5.0-SNAPSHOT/hadoop-ozone-csi-0.5.0-SNAPSHOT.jar:/home/user/.m2/repository/com/google/protobuf/protobuf-java-util/3.5.1/protobuf-java-util-3.5.1.jar:/home/user/.m2/repository/org/apache/hadoop/hadoop-hdds-config/0.5.0-SNAPSHOT/hadoop-hdds-config-0.5.0-SNAPSHOT.jar:/home/user/.m2/repository/io/grpc/grpc-netty/1.17.1/grpc-netty-1.17.1.jar:/home/user/.m2/repository/io/grpc/grpc-core/1.17.1/grpc-core-1.17.1.jar:/home/user/.m2/repository/io/grpc/grpc-context/1.17.1/grpc-context-1.17.1.jar:/home/user/.m2/repository/com/google/errorprone/error_prone_annotations/2.2.0/error_prone_annotations-2.2.0.jar:/home/user/.m2/repository/org/codehaus/mojo/animal-sniffer-annotations/1.17/animal-sniffer-annotations-1.17.jar:/home/user/.m2/repository/io/opencensus/opencensus-api/0.17.0/opencensus-api-0.17.0.jar:/home/user/.m2/repository/io/opencensus/opencensus-contrib-grpc-metrics/0.17.0/opencensus-contrib-grpc-metrics-0.17.0.jar:/home/user/.m2/repository/io/netty/netty-codec-http2/4.1.30.Final/netty-codec-http2-4.1.30.Final.jar:/home/user/.m2/repository/io/netty/netty-codec-http/4.1.30.Final/netty-codec-http-4.1.30.Final.jar:/home/user/.m2/repository/io/netty/netty-codec/4.1.30.Final/netty-codec-4.1.30.Final.jar:/home/user/.m2/repository/io/netty/netty-handler/4.1.30.Final/netty-handler-4.1.30.Final.jar:/home/user/.m2/repository/io/netty/netty-handler-proxy/4.1.30.Final/netty-handler-proxy-4.1.30.Final.jar:/home/user/.m2/repository/io/netty/netty-codec-socks/4.1.30.Final/netty-codec-socks-4.1.30.Final.jar:/home/user/.m2/repository/io/netty/netty-transport-native-epoll/4.1.30.Final/netty-transport-native-epoll-4.1.30.Final.jar:/home/user/.m2/repository/io/netty/netty-common/4.1.30.Final/netty-common-4.1.30.Final.jar:/home/user/.m2/repository/io/netty/netty-buffer/4.1.30.Final/netty-buffer-4.1.30.Final.jar:/home/user/.m2/repository/io/netty/netty-transport/4.1.30.Final/netty-transport-4.1.30.Final.jar:/home/user/.m2/repository/io/netty/netty-resolver/4.1.30.Final/netty-resolver-4.1.30.Final.jar:/home/user/.m2/repository/io/netty/netty-transport-native-unix-common/4.1.30.Final/netty-transport-native-unix-common-4.1.30.Final.jar:/home/user/.m2/repository/io/grpc/grpc-protobuf/1.17.1/grpc-protobuf-1.17.1.jar:/home/user/.m2/repository/com/google/api/grpc/proto-google-common-protos/1.0.0/proto-google-common-protos-1.0.0.jar:/home/user/.m2/repository/io/grpc/grpc-protobuf-lite/1.17.1/grpc-protobuf-lite-1.17.1.jar:/home/user/.m2/repository/io/grpc/grpc-stub/1.17.1/grpc-stub-1.17.1.jar:/home/user/.m2/repository/org/apache/hadoop/hadoop-ozone-recon/0.5.0-SNAPSHOT/hadoop-ozone-recon-0.5.0-SNAPSHOT.jar:/home/user/.m2/repository/org/apache/hadoop/hadoop-ozone-reconcodegen/0.5.0-SNAPSHOT/hadoop-ozone-reconcodegen-0.5.0-SNAPSHOT.jar:/home/user/.m2/repository/com/google/inject/extensions/guice-multibindings/4.0/guice-multibindings-4.0.jar:/home/user/.m2/repository/com/google/inject/guice/4.0/guice-4.0.jar:/home/user/.m2/repository/aopalliance/aopalliance/1.0/aopalliance-1.0.jar:/home/user/.m2/repository/com/google/inject/extensions/guice-servlet/4.0/guice-servlet-4.0.jar:/home/user/.m2/repository/org/glassfish/jersey/containers/jersey-container-servlet/2.27/jersey-container-servlet-2.27.jar:/home/user/.m2/repository/org/glassfish/hk2/guice-bridge/2.5.0/guice-bridge-2.5.0.jar:/home/user/.m2/repository/org/glassfish/jersey/core/jersey-server/2.27/jersey-server-2.27.jar:/home/user/.m2/repository/org/glassfish/jersey/core/jersey-client/2.27/jersey-client-2.27.jar:/home/user/.m2/repository/org/glassfish/jersey/media/jersey-media-jaxb/2.27/jersey-media-jaxb-2.27.jar:/home/user/.m2/repository/javax/validation/validation-api/1.1.0.Final/validation-api-1.1.0.Final.jar:/home/user/.m2/repository/org/glassfish/jersey/media/jersey-media-json-jackson/2.27/jersey-media-json-jackson-2.27.jar:/home/user/.m2/repository/org/glassfish/jersey/ext/jersey-entity-filtering/2.27/jersey-entity-filtering-2.27.jar:/home/user/.m2/repository/com/google/inject/extensions/guice-assistedinject/4.0/guice-assistedinject-4.0.jar:/home/user/.m2/repository/org/jooq/jooq/3.11.10/jooq-3.11.10.jar:/home/user/.m2/repository/org/jooq/jooq-meta/3.11.10/jooq-meta-3.11.10.jar:/home/user/.m2/repository/org/jooq/jooq-codegen/3.11.10/jooq-codegen-3.11.10.jar:/home/user/.m2/repository/com/jolbox/bonecp/0.8.0.RELEASE/bonecp-0.8.0.RELEASE.jar:/home/user/.m2/repository/org/xerial/sqlite-jdbc/3.25.2/sqlite-jdbc-3.25.2.jar:/home/user/.m2/repository/org/springframework/spring-jdbc/5.1.3.RELEASE/spring-jdbc-5.1.3.RELEASE.jar:/home/user/.m2/repository/org/springframework/spring-beans/5.1.3.RELEASE/spring-beans-5.1.3.RELEASE.jar:/home/user/.m2/repository/org/springframework/spring-core/5.1.3.RELEASE/spring-core-5.1.3.RELEASE.jar:/home/user/.m2/repository/org/springframework/spring-jcl/5.1.3.RELEASE/spring-jcl-5.1.3.RELEASE.jar:/home/user/.m2/repository/org/springframework/spring-tx/5.1.3.RELEASE/spring-tx-5.1.3.RELEASE.jar:/home/user/.m2/repository/org/apache/hadoop/hadoop-ozone-client/0.5.0-SNAPSHOT/hadoop-ozone-client-0.5.0-SNAPSHOT.jar:/home/user/.m2/repository/commons-lang/commons-lang/2.6/commons-lang-2.6.jar:/home/user/.m2/repository/org/apache/hadoop/hadoop-ozone-ozone-manager/0.5.0-SNAPSHOT/hadoop-ozone-ozone-manager-0.5.0-SNAPSHOT-tests.jar:/home/user/.m2/repository/junit/junit/4.11/junit-4.11.jar:/home/user/.m2/repository/org/hamcrest/hamcrest-core/1.3/hamcrest-core-1.3.jar:/home/user/.m2/repository/org/openjdk/jmh/jmh-core/1.19/jmh-core-1.19.jar:/home/user/.m2/repository/net/sf/jopt-simple/jopt-simple/4.6/jopt-simple-4.6.jar:/home/user/.m2/repository/org/apache/commons/commons-math3/3.1.1/commons-math3-3.1.1.jar:/home/user/.m2/repository/org/openjdk/jmh/jmh-generator-annprocess/1.19/jmh-generator-annprocess-1.19.jar:/home/user/.m2/repository/org/mockito/mockito-all/1.8.5/mockito-all-1.8.5.jar:/home/user/.m2/repository/org/apache/hadoop/hadoop-kms/3.2.0/hadoop-kms-3.2.0.jar:/home/user/.m2/repository/org/apache/hadoop/hadoop-auth/3.2.0/hadoop-auth-3.2.0.jar:/home/user/.m2/repository/com/nimbusds/nimbus-jose-jwt/4.41.1/nimbus-jose-jwt-4.41.1.jar:/home/user/.m2/repository/com/github/stephenc/jcip/jcip-annotations/1.0-1/jcip-annotations-1.0-1.jar:/home/user/.m2/repository/net/minidev/json-smart/2.3/json-smart-2.3.jar:/home/user/.m2/repository/net/minidev/accessors-smart/1.2/accessors-smart-1.2.jar:/home/user/.m2/repository/org/ow2/asm/asm/5.0.4/asm-5.0.4.jar:/home/user/.m2/repository/org/apache/curator/curator-framework/2.12.0/curator-framework-2.12.0.jar:/home/user/.m2/repository/com/sun/jersey/jersey-core/1.19/jersey-core-1.19.jar:/home/user/.m2/repository/javax/ws/rs/jsr311-api/1.1.1/jsr311-api-1.1.1.jar:/home/user/.m2/repository/com/sun/jersey/jersey-server/1.19/jersey-server-1.19.jar:/home/user/.m2/repository/javax/servlet/javax.servlet-api/3.1.0/javax.servlet-api-3.1.0.jar:/home/user/.m2/repository/org/eclipse/jetty/jetty-server/9.3.24.v20180605/jetty-server-9.3.24.v20180605.jar:/home/user/.m2/repository/org/eclipse/jetty/jetty-http/9.3.24.v20180605/jetty-http-9.3.24.v20180605.jar:/home/user/.m2/repository/org/eclipse/jetty/jetty-io/9.3.24.v20180605/jetty-io-9.3.24.v20180605.jar:/home/user/.m2/repository/org/eclipse/jetty/jetty-webapp/9.3.24.v20180605/jetty-webapp-9.3.24.v20180605.jar:/home/user/.m2/repository/org/eclipse/jetty/jetty-xml/9.3.24.v20180605/jetty-xml-9.3.24.v20180605.jar:/home/user/.m2/repository/log4j/log4j/1.2.17/log4j-1.2.17.jar:/home/user/.m2/repository/org/slf4j/slf4j-api/1.7.25/slf4j-api-1.7.25.jar:/home/user/.m2/repository/org/slf4j/jul-to-slf4j/1.7.25/jul-to-slf4j-1.7.25.jar:/home/user/.m2/repository/org/eclipse/jetty/jetty-util/9.3.24.v20180605/jetty-util-9.3.24.v20180605.jar:/home/user/.m2/repository/com/fasterxml/jackson/core/jackson-databind/2.9.5/jackson-databind-2.9.5.jar:/home/user/.m2/repository/org/apache/hadoop/hadoop-kms/3.2.0/hadoop-kms-3.2.0-tests.jar:/home/user/.m2/repository/org/apache/hadoop/hadoop-hdds-server-scm/0.5.0-SNAPSHOT/hadoop-hdds-server-scm-0.5.0-SNAPSHOT-tests.jar:/home/user/.m2/repository/org/apache/hadoop/hadoop-hdds-container-service/0.5.0-SNAPSHOT/hadoop-hdds-container-service-0.5.0-SNAPSHOT-tests.jar:/home/user/.m2/repository/org/yaml/snakeyaml/1.16/snakeyaml-1.16.jar:/home/user/.m2/repository/org/apache/hadoop/hadoop-common/3.2.0/hadoop-common-3.2.0-tests.jar:/home/user/.m2/repository/org/apache/hadoop/hadoop-annotations/3.2.0/hadoop-annotations-3.2.0.jar:/usr/lib/jvm/java-1.8-openjdk/jre/../lib/tools.jar:/home/user/.m2/repository/commons-cli/commons-cli/1.2/commons-cli-1.2.jar:/home/user/.m2/repository/org/apache/httpcomponents/httpclient/4.5.2/httpclient-4.5.2.jar:/home/user/.m2/repository/org/apache/httpcomponents/httpcore/4.4.4/httpcore-4.4.4.jar:/home/user/.m2/repository/commons-codec/commons-codec/1.11/commons-codec-1.11.jar:/home/user/.m2/repository/commons-net/commons-net/3.6/commons-net-3.6.jar:/home/user/.m2/repository/commons-collections/commons-collections/3.2.2/commons-collections-3.2.2.jar:/home/user/.m2/repository/org/eclipse/jetty/jetty-servlet/9.3.24.v20180605/jetty-servlet-9.3.24.v20180605.jar:/home/user/.m2/repository/org/eclipse/jetty/jetty-security/9.3.24.v20180605/jetty-security-9.3.24.v20180605.jar:/home/user/.m2/repository/javax/servlet/jsp/jsp-api/2.1/jsp-api-2.1.jar:/home/user/.m2/repository/com/sun/jersey/jersey-servlet/1.19/jersey-servlet-1.19.jar:/home/user/.m2/repository/com/sun/jersey/jersey-json/1.19/jersey-json-1.19.jar:/home/user/.m2/repository/org/codehaus/jettison/jettison/1.1/jettison-1.1.jar:/home/user/.m2/repository/org/codehaus/jackson/jackson-core-asl/1.9.13/jackson-core-asl-1.9.13.jar:/home/user/.m2/repository/org/codehaus/jackson/jackson-mapper-asl/1.9.13/jackson-mapper-asl-1.9.13.jar:/home/user/.m2/repository/org/codehaus/jackson/jackson-jaxrs/1.9.13/jackson-jaxrs-1.9.13.jar:/home/user/.m2/repository/org/codehaus/jackson/jackson-xc/1.9.13/jackson-xc-1.9.13.jar:/home/user/.m2/repository/commons-logging/commons-logging/1.1.3/commons-logging-1.1.3.jar:/home/user/.m2/repository/commons-beanutils/commons-beanutils/1.9.3/commons-beanutils-1.9.3.jar:/home/user/.m2/repository/org/apache/commons/commons-configuration2/2.1.1/commons-configuration2-2.1.1.jar:/home/user/.m2/repository/org/apache/commons/commons-lang3/3.7/commons-lang3-3.7.jar:/home/user/.m2/repository/org/apache/commons/commons-text/1.4/commons-text-1.4.jar:/home/user/.m2/repository/org/apache/avro/avro/1.7.7/avro-1.7.7.jar:/home/user/.m2/repository/com/thoughtworks/paranamer/paranamer/2.3/paranamer-2.3.jar:/home/user/.m2/repository/org/xerial/snappy/snappy-java/1.0.5/snappy-java-1.0.5.jar:/home/user/.m2/repository/com/google/re2j/re2j/1.1/re2j-1.1.jar:/home/user/.m2/repository/com/google/code/gson/gson/2.2.4/gson-2.2.4.jar:/home/user/.m2/repository/com/jcraft/jsch/0.1.54/jsch-0.1.54.jar:/home/user/.m2/repository/org/apache/curator/curator-client/2.12.0/curator-client-2.12.0.jar:/home/user/.m2/repository/org/apache/curator/curator-recipes/2.12.0/curator-recipes-2.12.0.jar:/home/user/.m2/repository/com/google/code/findbugs/jsr305/3.0.0/jsr305-3.0.0.jar:/home/user/.m2/repository/org/apache/htrace/htrace-core4/4.1.0-incubating/htrace-core4-4.1.0-incubating.jar:/home/user/.m2/repository/org/apache/zookeeper/zookeeper/3.4.13/zookeeper-3.4.13.jar:/home/user/.m2/repository/org/apache/yetus/audience-annotations/0.5.0/audience-annotations-0.5.0.jar:/home/user/.m2/repository/org/codehaus/woodstox/stax2-api/3.1.4/stax2-api-3.1.4.jar:/home/user/.m2/repository/com/fasterxml/woodstox/woodstox-core/5.0.3/woodstox-core-5.0.3.jar:/home/user/.m2/repository/dnsjava/dnsjava/2.1.7/dnsjava-2.1.7.jar:/home/user/.m2/repository/org/apache/hadoop/hadoop-hdfs/3.2.0/hadoop-hdfs-3.2.0-tests.jar:/home/user/.m2/repository/org/eclipse/jetty/jetty-util-ajax/9.3.24.v20180605/jetty-util-ajax-9.3.24.v20180605.jar:/home/user/.m2/repository/commons-daemon/commons-daemon/1.0.13/commons-daemon-1.0.13.jar:/home/user/.m2/repository/io/netty/netty/3.10.5.Final/netty-3.10.5.Final.jar:/home/user/.m2/repository/io/netty/netty-all/4.0.52.Final/netty-all-4.0.52.Final.jar:/home/user/.m2/repository/org/fusesource/leveldbjni/leveldbjni-all/1.8/leveldbjni-all-1.8.jar:"/>
    <property name="java.vm.vendor" value="IcedTea"/>
    <property name="sun.arch.data.model" value="64"/>
    <property name="test.build.dir" value="/workdir/hadoop-ozone/integration-test/target/test-dir"/>
    <property name="test.cache.data" value=""/>
    <property name="java.vendor.url" value="https://icedtea.classpath.org"/>
    <property name="user.timezone" value=""/>
    <property name="java.vm.specification.version" value="1.8"/>
    <property name="os.name" value="Linux"/>
    <property name="test.build.data" value="/workdir/hadoop-ozone/integration-test/target/test-dir"/>
    <property name="user.country" value="US"/>
    <property name="sun.java.launcher" value="SUN_STANDARD"/>
    <property name="sun.boot.library.path" value="/usr/lib/jvm/java-1.8-openjdk/jre/lib/amd64"/>
    <property name="sun.java.command" value="/workdir/hadoop-ozone/integration-test/target/surefire/surefirebooter6108450097822338368.jar /workdir/hadoop-ozone/integration-test/target/surefire 2019-08-20T14-59-11_840-jvmRun1 surefire8342051137554171657tmp surefire_164142578860588158965tmp"/>
    <property name="test" value="!TestMiniChaosOzoneCluster"/>
    <property name="surefire.test.class.path" value="/workdir/hadoop-ozone/integration-test/target/test-classes:/workdir/hadoop-ozone/integration-test/target/classes:/home/user/.m2/repository/org/apache/hadoop/hadoop-ozone-common/0.5.0-SNAPSHOT/hadoop-ozone-common-0.5.0-SNAPSHOT.jar:/home/user/.m2/repository/org/apache/commons/commons-compress/1.4.1/commons-compress-1.4.1.jar:/home/user/.m2/repository/org/tukaani/xz/1.0/xz-1.0.jar:/home/user/.m2/repository/org/apache/hadoop/hadoop-common/3.2.0/hadoop-common-3.2.0.jar:/home/user/.m2/repository/org/apache/hadoop/hadoop-hdfs/3.2.0/hadoop-hdfs-3.2.0.jar:/home/user/.m2/repository/org/apache/hadoop/hadoop-hdfs-client/3.2.0/hadoop-hdfs-client-3.2.0.jar:/home/user/.m2/repository/com/fasterxml/jackson/core/jackson-annotations/2.9.5/jackson-annotations-2.9.5.jar:/home/user/.m2/repository/org/apache/hadoop/hadoop-hdds-common/0.5.0-SNAPSHOT/hadoop-hdds-common-0.5.0-SNAPSHOT.jar:/home/user/.m2/repository/javax/annotation/javax.annotation-api/1.2/javax.annotation-api-1.2.jar:/home/user/.m2/repository/org/apache/ratis/ratis-server/0.4.0-2337318-SNAPSHOT/ratis-server-0.4.0-2337318-SNAPSHOT.jar:/home/user/.m2/repository/org/apache/ratis/ratis-thirdparty-misc/0.2.0/ratis-thirdparty-misc-0.2.0.jar:/home/user/.m2/repository/org/apache/ratis/ratis-proto/0.4.0-2337318-SNAPSHOT/ratis-proto-0.4.0-2337318-SNAPSHOT.jar:/home/user/.m2/repository/org/apache/ratis/ratis-common/0.4.0-2337318-SNAPSHOT/ratis-common-0.4.0-2337318-SNAPSHOT.jar:/home/user/.m2/repository/org/apache/ratis/ratis-client/0.4.0-2337318-SNAPSHOT/ratis-client-0.4.0-2337318-SNAPSHOT.jar:/home/user/.m2/repository/org/apache/ratis/ratis-metrics/0.4.0-2337318-SNAPSHOT/ratis-metrics-0.4.0-2337318-SNAPSHOT.jar:/home/user/.m2/repository/org/apache/ratis/ratis-netty/0.4.0-2337318-SNAPSHOT/ratis-netty-0.4.0-2337318-SNAPSHOT.jar:/home/user/.m2/repository/org/apache/ratis/ratis-grpc/0.4.0-2337318-SNAPSHOT/ratis-grpc-0.4.0-2337318-SNAPSHOT.jar:/home/user/.m2/repository/org/rocksdb/rocksdbjni/6.0.1/rocksdbjni-6.0.1.jar:/home/user/.m2/repository/org/apache/logging/log4j/log4j-api/2.11.0/log4j-api-2.11.0.jar:/home/user/.m2/repository/org/apache/logging/log4j/log4j-core/2.11.0/log4j-core-2.11.0.jar:/home/user/.m2/repository/com/lmax/disruptor/3.4.2/disruptor-3.4.2.jar:/home/user/.m2/repository/org/apache/commons/commons-pool2/2.6.0/commons-pool2-2.6.0.jar:/home/user/.m2/repository/org/bouncycastle/bcpkix-jdk15on/1.60/bcpkix-jdk15on-1.60.jar:/home/user/.m2/repository/commons-validator/commons-validator/1.6/commons-validator-1.6.jar:/home/user/.m2/repository/commons-digester/commons-digester/1.8.1/commons-digester-1.8.1.jar:/home/user/.m2/repository/io/jaegertracing/jaeger-client/0.33.1/jaeger-client-0.33.1.jar:/home/user/.m2/repository/io/jaegertracing/jaeger-thrift/0.33.1/jaeger-thrift-0.33.1.jar:/home/user/.m2/repository/org/apache/thrift/libthrift/0.11.0/libthrift-0.11.0.jar:/home/user/.m2/repository/com/squareup/okhttp3/okhttp/3.9.0/okhttp-3.9.0.jar:/home/user/.m2/repository/com/squareup/okio/okio/1.13.0/okio-1.13.0.jar:/home/user/.m2/repository/io/jaegertracing/jaeger-core/0.33.1/jaeger-core-0.33.1.jar:/home/user/.m2/repository/io/jaegertracing/jaeger-tracerresolver/0.33.1/jaeger-tracerresolver-0.33.1.jar:/home/user/.m2/repository/io/opentracing/contrib/opentracing-tracerresolver/0.1.5/opentracing-tracerresolver-0.1.5.jar:/home/user/.m2/repository/io/opentracing/opentracing-util/0.31.0/opentracing-util-0.31.0.jar:/home/user/.m2/repository/io/opentracing/opentracing-api/0.31.0/opentracing-api-0.31.0.jar:/home/user/.m2/repository/io/opentracing/opentracing-noop/0.31.0/opentracing-noop-0.31.0.jar:/home/user/.m2/repository/org/apache/hadoop/hadoop-hdds-server-framework/0.5.0-SNAPSHOT/hadoop-hdds-server-framework-0.5.0-SNAPSHOT.jar:/home/user/.m2/repository/org/apache/hadoop/hadoop-hdds-container-service/0.5.0-SNAPSHOT/hadoop-hdds-container-service-0.5.0-SNAPSHOT.jar:/home/user/.m2/repository/org/apache/hadoop/hadoop-hdds-client/0.5.0-SNAPSHOT/hadoop-hdds-client-0.5.0-SNAPSHOT.jar:/home/user/.m2/repository/org/apache/hadoop/hadoop-hdds-tools/0.5.0-SNAPSHOT/hadoop-hdds-tools-0.5.0-SNAPSHOT.jar:/home/user/.m2/repository/org/apache/hadoop/hadoop-hdds-server-scm/0.5.0-SNAPSHOT/hadoop-hdds-server-scm-0.5.0-SNAPSHOT.jar:/home/user/.m2/repository/org/apache/hadoop/hadoop-hdds-docs/0.5.0-SNAPSHOT/hadoop-hdds-docs-0.5.0-SNAPSHOT.jar:/home/user/.m2/repository/io/dropwizard/metrics/metrics-core/3.2.4/metrics-core-3.2.4.jar:/home/user/.m2/repository/org/hamcrest/hamcrest-all/1.3/hamcrest-all-1.3.jar:/home/user/.m2/repository/org/bouncycastle/bcprov-jdk15on/1.60/bcprov-jdk15on-1.60.jar:/home/user/.m2/repository/info/picocli/picocli/3.9.6/picocli-3.9.6.jar:/home/user/.m2/repository/com/google/protobuf/protobuf-java/2.5.0/protobuf-java-2.5.0.jar:/home/user/.m2/repository/com/google/guava/guava/11.0.2/guava-11.0.2.jar:/home/user/.m2/repository/org/apache/hadoop/hadoop-ozone-ozone-manager/0.5.0-SNAPSHOT/hadoop-ozone-ozone-manager-0.5.0-SNAPSHOT.jar:/home/user/.m2/repository/org/apache/hadoop/hadoop-minikdc/3.2.0/hadoop-minikdc-3.2.0.jar:/home/user/.m2/repository/commons-io/commons-io/2.5/commons-io-2.5.jar:/home/user/.m2/repository/org/apache/kerby/kerb-simplekdc/1.0.1/kerb-simplekdc-1.0.1.jar:/home/user/.m2/repository/org/apache/kerby/kerb-client/1.0.1/kerb-client-1.0.1.jar:/home/user/.m2/repository/org/apache/kerby/kerby-config/1.0.1/kerby-config-1.0.1.jar:/home/user/.m2/repository/org/apache/kerby/kerb-core/1.0.1/kerb-core-1.0.1.jar:/home/user/.m2/repository/org/apache/kerby/kerby-pkix/1.0.1/kerby-pkix-1.0.1.jar:/home/user/.m2/repository/org/apache/kerby/kerby-asn1/1.0.1/kerby-asn1-1.0.1.jar:/home/user/.m2/repository/org/apache/kerby/kerby-util/1.0.1/kerby-util-1.0.1.jar:/home/user/.m2/repository/org/apache/kerby/kerb-common/1.0.1/kerb-common-1.0.1.jar:/home/user/.m2/repository/org/apache/kerby/kerb-crypto/1.0.1/kerb-crypto-1.0.1.jar:/home/user/.m2/repository/org/apache/kerby/kerb-util/1.0.1/kerb-util-1.0.1.jar:/home/user/.m2/repository/org/apache/kerby/token-provider/1.0.1/token-provider-1.0.1.jar:/home/user/.m2/repository/org/apache/kerby/kerb-admin/1.0.1/kerb-admin-1.0.1.jar:/home/user/.m2/repository/org/apache/kerby/kerb-server/1.0.1/kerb-server-1.0.1.jar:/home/user/.m2/repository/org/apache/kerby/kerb-identity/1.0.1/kerb-identity-1.0.1.jar:/home/user/.m2/repository/org/apache/kerby/kerby-xdr/1.0.1/kerby-xdr-1.0.1.jar:/home/user/.m2/repository/org/slf4j/slf4j-log4j12/1.7.25/slf4j-log4j12-1.7.25.jar:/home/user/.m2/repository/org/apache/hadoop/hadoop-ozone-objectstore-service/0.5.0-SNAPSHOT/hadoop-ozone-objectstore-service-0.5.0-SNAPSHOT.jar:/home/user/.m2/repository/org/apache/hadoop/hadoop-ozone-s3gateway/0.5.0-SNAPSHOT/hadoop-ozone-s3gateway-0.5.0-SNAPSHOT.jar:/home/user/.m2/repository/org/jboss/weld/servlet/weld-servlet/2.4.7.Final/weld-servlet-2.4.7.Final.jar:/home/user/.m2/repository/org/glassfish/jersey/containers/jersey-container-servlet-core/2.27/jersey-container-servlet-core-2.27.jar:/home/user/.m2/repository/org/glassfish/hk2/external/javax.inject/2.5.0-b42/javax.inject-2.5.0-b42.jar:/home/user/.m2/repository/org/glassfish/jersey/core/jersey-common/2.27/jersey-common-2.27.jar:/home/user/.m2/repository/org/glassfish/hk2/osgi-resource-locator/1.0.1/osgi-resource-locator-1.0.1.jar:/home/user/.m2/repository/javax/ws/rs/javax.ws.rs-api/2.1/javax.ws.rs-api-2.1.jar:/home/user/.m2/repository/org/glassfish/jersey/ext/cdi/jersey-cdi1x/2.27/jersey-cdi1x-2.27.jar:/home/user/.m2/repository/org/glassfish/jersey/inject/jersey-hk2/2.27/jersey-hk2-2.27.jar:/home/user/.m2/repository/org/glassfish/hk2/hk2-locator/2.5.0-b42/hk2-locator-2.5.0-b42.jar:/home/user/.m2/repository/org/javassist/javassist/3.22.0-CR2/javassist-3.22.0-CR2.jar:/home/user/.m2/repository/org/glassfish/hk2/hk2-api/2.5.0/hk2-api-2.5.0.jar:/home/user/.m2/repository/org/glassfish/hk2/external/jakarta.inject/2.5.0/jakarta.inject-2.5.0.jar:/home/user/.m2/repository/org/glassfish/hk2/hk2-utils/2.5.0/hk2-utils-2.5.0.jar:/home/user/.m2/repository/jakarta/annotation/jakarta.annotation-api/1.3.4/jakarta.annotation-api-1.3.4.jar:/home/user/.m2/repository/org/glassfish/hk2/external/aopalliance-repackaged/2.5.0/aopalliance-repackaged-2.5.0.jar:/home/user/.m2/repository/com/fasterxml/jackson/dataformat/jackson-dataformat-xml/2.9.0/jackson-dataformat-xml-2.9.0.jar:/home/user/.m2/repository/com/fasterxml/jackson/core/jackson-core/2.9.5/jackson-core-2.9.5.jar:/home/user/.m2/repository/com/fasterxml/jackson/module/jackson-module-jaxb-annotations/2.9.5/jackson-module-jaxb-annotations-2.9.5.jar:/home/user/.m2/repository/javax/enterprise/cdi-api/1.2/cdi-api-1.2.jar:/home/user/.m2/repository/javax/el/javax.el-api/3.0.0/javax.el-api-3.0.0.jar:/home/user/.m2/repository/javax/interceptor/javax.interceptor-api/1.2/javax.interceptor-api-1.2.jar:/home/user/.m2/repository/javax/inject/javax.inject/1/javax.inject-1.jar:/home/user/.m2/repository/com/sun/xml/bind/jaxb-impl/2.3.0.1/jaxb-impl-2.3.0.1.jar:/home/user/.m2/repository/com/sun/xml/bind/jaxb-core/2.3.0.1/jaxb-core-2.3.0.1.jar:/home/user/.m2/repository/javax/xml/bind/jaxb-api/2.3.0/jaxb-api-2.3.0.jar:/home/user/.m2/repository/javax/activation/activation/1.1.1/activation-1.1.1.jar:/home/user/.m2/repository/org/apache/hadoop/hadoop-ozone-csi/0.5.0-SNAPSHOT/hadoop-ozone-csi-0.5.0-SNAPSHOT.jar:/home/user/.m2/repository/com/google/protobuf/protobuf-java-util/3.5.1/protobuf-java-util-3.5.1.jar:/home/user/.m2/repository/org/apache/hadoop/hadoop-hdds-config/0.5.0-SNAPSHOT/hadoop-hdds-config-0.5.0-SNAPSHOT.jar:/home/user/.m2/repository/io/grpc/grpc-netty/1.17.1/grpc-netty-1.17.1.jar:/home/user/.m2/repository/io/grpc/grpc-core/1.17.1/grpc-core-1.17.1.jar:/home/user/.m2/repository/io/grpc/grpc-context/1.17.1/grpc-context-1.17.1.jar:/home/user/.m2/repository/com/google/errorprone/error_prone_annotations/2.2.0/error_prone_annotations-2.2.0.jar:/home/user/.m2/repository/org/codehaus/mojo/animal-sniffer-annotations/1.17/animal-sniffer-annotations-1.17.jar:/home/user/.m2/repository/io/opencensus/opencensus-api/0.17.0/opencensus-api-0.17.0.jar:/home/user/.m2/repository/io/opencensus/opencensus-contrib-grpc-metrics/0.17.0/opencensus-contrib-grpc-metrics-0.17.0.jar:/home/user/.m2/repository/io/netty/netty-codec-http2/4.1.30.Final/netty-codec-http2-4.1.30.Final.jar:/home/user/.m2/repository/io/netty/netty-codec-http/4.1.30.Final/netty-codec-http-4.1.30.Final.jar:/home/user/.m2/repository/io/netty/netty-codec/4.1.30.Final/netty-codec-4.1.30.Final.jar:/home/user/.m2/repository/io/netty/netty-handler/4.1.30.Final/netty-handler-4.1.30.Final.jar:/home/user/.m2/repository/io/netty/netty-handler-proxy/4.1.30.Final/netty-handler-proxy-4.1.30.Final.jar:/home/user/.m2/repository/io/netty/netty-codec-socks/4.1.30.Final/netty-codec-socks-4.1.30.Final.jar:/home/user/.m2/repository/io/netty/netty-transport-native-epoll/4.1.30.Final/netty-transport-native-epoll-4.1.30.Final.jar:/home/user/.m2/repository/io/netty/netty-common/4.1.30.Final/netty-common-4.1.30.Final.jar:/home/user/.m2/repository/io/netty/netty-buffer/4.1.30.Final/netty-buffer-4.1.30.Final.jar:/home/user/.m2/repository/io/netty/netty-transport/4.1.30.Final/netty-transport-4.1.30.Final.jar:/home/user/.m2/repository/io/netty/netty-resolver/4.1.30.Final/netty-resolver-4.1.30.Final.jar:/home/user/.m2/repository/io/netty/netty-transport-native-unix-common/4.1.30.Final/netty-transport-native-unix-common-4.1.30.Final.jar:/home/user/.m2/repository/io/grpc/grpc-protobuf/1.17.1/grpc-protobuf-1.17.1.jar:/home/user/.m2/repository/com/google/api/grpc/proto-google-common-protos/1.0.0/proto-google-common-protos-1.0.0.jar:/home/user/.m2/repository/io/grpc/grpc-protobuf-lite/1.17.1/grpc-protobuf-lite-1.17.1.jar:/home/user/.m2/repository/io/grpc/grpc-stub/1.17.1/grpc-stub-1.17.1.jar:/home/user/.m2/repository/org/apache/hadoop/hadoop-ozone-recon/0.5.0-SNAPSHOT/hadoop-ozone-recon-0.5.0-SNAPSHOT.jar:/home/user/.m2/repository/org/apache/hadoop/hadoop-ozone-reconcodegen/0.5.0-SNAPSHOT/hadoop-ozone-reconcodegen-0.5.0-SNAPSHOT.jar:/home/user/.m2/repository/com/google/inject/extensions/guice-multibindings/4.0/guice-multibindings-4.0.jar:/home/user/.m2/repository/com/google/inject/guice/4.0/guice-4.0.jar:/home/user/.m2/repository/aopalliance/aopalliance/1.0/aopalliance-1.0.jar:/home/user/.m2/repository/com/google/inject/extensions/guice-servlet/4.0/guice-servlet-4.0.jar:/home/user/.m2/repository/org/glassfish/jersey/containers/jersey-container-servlet/2.27/jersey-container-servlet-2.27.jar:/home/user/.m2/repository/org/glassfish/hk2/guice-bridge/2.5.0/guice-bridge-2.5.0.jar:/home/user/.m2/repository/org/glassfish/jersey/core/jersey-server/2.27/jersey-server-2.27.jar:/home/user/.m2/repository/org/glassfish/jersey/core/jersey-client/2.27/jersey-client-2.27.jar:/home/user/.m2/repository/org/glassfish/jersey/media/jersey-media-jaxb/2.27/jersey-media-jaxb-2.27.jar:/home/user/.m2/repository/javax/validation/validation-api/1.1.0.Final/validation-api-1.1.0.Final.jar:/home/user/.m2/repository/org/glassfish/jersey/media/jersey-media-json-jackson/2.27/jersey-media-json-jackson-2.27.jar:/home/user/.m2/repository/org/glassfish/jersey/ext/jersey-entity-filtering/2.27/jersey-entity-filtering-2.27.jar:/home/user/.m2/repository/com/google/inject/extensions/guice-assistedinject/4.0/guice-assistedinject-4.0.jar:/home/user/.m2/repository/org/jooq/jooq/3.11.10/jooq-3.11.10.jar:/home/user/.m2/repository/org/jooq/jooq-meta/3.11.10/jooq-meta-3.11.10.jar:/home/user/.m2/repository/org/jooq/jooq-codegen/3.11.10/jooq-codegen-3.11.10.jar:/home/user/.m2/repository/com/jolbox/bonecp/0.8.0.RELEASE/bonecp-0.8.0.RELEASE.jar:/home/user/.m2/repository/org/xerial/sqlite-jdbc/3.25.2/sqlite-jdbc-3.25.2.jar:/home/user/.m2/repository/org/springframework/spring-jdbc/5.1.3.RELEASE/spring-jdbc-5.1.3.RELEASE.jar:/home/user/.m2/repository/org/springframework/spring-beans/5.1.3.RELEASE/spring-beans-5.1.3.RELEASE.jar:/home/user/.m2/repository/org/springframework/spring-core/5.1.3.RELEASE/spring-core-5.1.3.RELEASE.jar:/home/user/.m2/repository/org/springframework/spring-jcl/5.1.3.RELEASE/spring-jcl-5.1.3.RELEASE.jar:/home/user/.m2/repository/org/springframework/spring-tx/5.1.3.RELEASE/spring-tx-5.1.3.RELEASE.jar:/home/user/.m2/repository/org/apache/hadoop/hadoop-ozone-client/0.5.0-SNAPSHOT/hadoop-ozone-client-0.5.0-SNAPSHOT.jar:/home/user/.m2/repository/commons-lang/commons-lang/2.6/commons-lang-2.6.jar:/home/user/.m2/repository/org/apache/hadoop/hadoop-ozone-ozone-manager/0.5.0-SNAPSHOT/hadoop-ozone-ozone-manager-0.5.0-SNAPSHOT-tests.jar:/home/user/.m2/repository/junit/junit/4.11/junit-4.11.jar:/home/user/.m2/repository/org/hamcrest/hamcrest-core/1.3/hamcrest-core-1.3.jar:/home/user/.m2/repository/org/openjdk/jmh/jmh-core/1.19/jmh-core-1.19.jar:/home/user/.m2/repository/net/sf/jopt-simple/jopt-simple/4.6/jopt-simple-4.6.jar:/home/user/.m2/repository/org/apache/commons/commons-math3/3.1.1/commons-math3-3.1.1.jar:/home/user/.m2/repository/org/openjdk/jmh/jmh-generator-annprocess/1.19/jmh-generator-annprocess-1.19.jar:/home/user/.m2/repository/org/mockito/mockito-all/1.8.5/mockito-all-1.8.5.jar:/home/user/.m2/repository/org/apache/hadoop/hadoop-kms/3.2.0/hadoop-kms-3.2.0.jar:/home/user/.m2/repository/org/apache/hadoop/hadoop-auth/3.2.0/hadoop-auth-3.2.0.jar:/home/user/.m2/repository/com/nimbusds/nimbus-jose-jwt/4.41.1/nimbus-jose-jwt-4.41.1.jar:/home/user/.m2/repository/com/github/stephenc/jcip/jcip-annotations/1.0-1/jcip-annotations-1.0-1.jar:/home/user/.m2/repository/net/minidev/json-smart/2.3/json-smart-2.3.jar:/home/user/.m2/repository/net/minidev/accessors-smart/1.2/accessors-smart-1.2.jar:/home/user/.m2/repository/org/ow2/asm/asm/5.0.4/asm-5.0.4.jar:/home/user/.m2/repository/org/apache/curator/curator-framework/2.12.0/curator-framework-2.12.0.jar:/home/user/.m2/repository/com/sun/jersey/jersey-core/1.19/jersey-core-1.19.jar:/home/user/.m2/repository/javax/ws/rs/jsr311-api/1.1.1/jsr311-api-1.1.1.jar:/home/user/.m2/repository/com/sun/jersey/jersey-server/1.19/jersey-server-1.19.jar:/home/user/.m2/repository/javax/servlet/javax.servlet-api/3.1.0/javax.servlet-api-3.1.0.jar:/home/user/.m2/repository/org/eclipse/jetty/jetty-server/9.3.24.v20180605/jetty-server-9.3.24.v20180605.jar:/home/user/.m2/repository/org/eclipse/jetty/jetty-http/9.3.24.v20180605/jetty-http-9.3.24.v20180605.jar:/home/user/.m2/repository/org/eclipse/jetty/jetty-io/9.3.24.v20180605/jetty-io-9.3.24.v20180605.jar:/home/user/.m2/repository/org/eclipse/jetty/jetty-webapp/9.3.24.v20180605/jetty-webapp-9.3.24.v20180605.jar:/home/user/.m2/repository/org/eclipse/jetty/jetty-xml/9.3.24.v20180605/jetty-xml-9.3.24.v20180605.jar:/home/user/.m2/repository/log4j/log4j/1.2.17/log4j-1.2.17.jar:/home/user/.m2/repository/org/slf4j/slf4j-api/1.7.25/slf4j-api-1.7.25.jar:/home/user/.m2/repository/org/slf4j/jul-to-slf4j/1.7.25/jul-to-slf4j-1.7.25.jar:/home/user/.m2/repository/org/eclipse/jetty/jetty-util/9.3.24.v20180605/jetty-util-9.3.24.v20180605.jar:/home/user/.m2/repository/com/fasterxml/jackson/core/jackson-databind/2.9.5/jackson-databind-2.9.5.jar:/home/user/.m2/repository/org/apache/hadoop/hadoop-kms/3.2.0/hadoop-kms-3.2.0-tests.jar:/home/user/.m2/repository/org/apache/hadoop/hadoop-hdds-server-scm/0.5.0-SNAPSHOT/hadoop-hdds-server-scm-0.5.0-SNAPSHOT-tests.jar:/home/user/.m2/repository/org/apache/hadoop/hadoop-hdds-container-service/0.5.0-SNAPSHOT/hadoop-hdds-container-service-0.5.0-SNAPSHOT-tests.jar:/home/user/.m2/repository/org/yaml/snakeyaml/1.16/snakeyaml-1.16.jar:/home/user/.m2/repository/org/apache/hadoop/hadoop-common/3.2.0/hadoop-common-3.2.0-tests.jar:/home/user/.m2/repository/org/apache/hadoop/hadoop-annotations/3.2.0/hadoop-annotations-3.2.0.jar:/usr/lib/jvm/java-1.8-openjdk/jre/../lib/tools.jar:/home/user/.m2/repository/commons-cli/commons-cli/1.2/commons-cli-1.2.jar:/home/user/.m2/repository/org/apache/httpcomponents/httpclient/4.5.2/httpclient-4.5.2.jar:/home/user/.m2/repository/org/apache/httpcomponents/httpcore/4.4.4/httpcore-4.4.4.jar:/home/user/.m2/repository/commons-codec/commons-codec/1.11/commons-codec-1.11.jar:/home/user/.m2/repository/commons-net/commons-net/3.6/commons-net-3.6.jar:/home/user/.m2/repository/commons-collections/commons-collections/3.2.2/commons-collections-3.2.2.jar:/home/user/.m2/repository/org/eclipse/jetty/jetty-servlet/9.3.24.v20180605/jetty-servlet-9.3.24.v20180605.jar:/home/user/.m2/repository/org/eclipse/jetty/jetty-security/9.3.24.v20180605/jetty-security-9.3.24.v20180605.jar:/home/user/.m2/repository/javax/servlet/jsp/jsp-api/2.1/jsp-api-2.1.jar:/home/user/.m2/repository/com/sun/jersey/jersey-servlet/1.19/jersey-servlet-1.19.jar:/home/user/.m2/repository/com/sun/jersey/jersey-json/1.19/jersey-json-1.19.jar:/home/user/.m2/repository/org/codehaus/jettison/jettison/1.1/jettison-1.1.jar:/home/user/.m2/repository/org/codehaus/jackson/jackson-core-asl/1.9.13/jackson-core-asl-1.9.13.jar:/home/user/.m2/repository/org/codehaus/jackson/jackson-mapper-asl/1.9.13/jackson-mapper-asl-1.9.13.jar:/home/user/.m2/repository/org/codehaus/jackson/jackson-jaxrs/1.9.13/jackson-jaxrs-1.9.13.jar:/home/user/.m2/repository/org/codehaus/jackson/jackson-xc/1.9.13/jackson-xc-1.9.13.jar:/home/user/.m2/repository/commons-logging/commons-logging/1.1.3/commons-logging-1.1.3.jar:/home/user/.m2/repository/commons-beanutils/commons-beanutils/1.9.3/commons-beanutils-1.9.3.jar:/home/user/.m2/repository/org/apache/commons/commons-configuration2/2.1.1/commons-configuration2-2.1.1.jar:/home/user/.m2/repository/org/apache/commons/commons-lang3/3.7/commons-lang3-3.7.jar:/home/user/.m2/repository/org/apache/commons/commons-text/1.4/commons-text-1.4.jar:/home/user/.m2/repository/org/apache/avro/avro/1.7.7/avro-1.7.7.jar:/home/user/.m2/repository/com/thoughtworks/paranamer/paranamer/2.3/paranamer-2.3.jar:/home/user/.m2/repository/org/xerial/snappy/snappy-java/1.0.5/snappy-java-1.0.5.jar:/home/user/.m2/repository/com/google/re2j/re2j/1.1/re2j-1.1.jar:/home/user/.m2/repository/com/google/code/gson/gson/2.2.4/gson-2.2.4.jar:/home/user/.m2/repository/com/jcraft/jsch/0.1.54/jsch-0.1.54.jar:/home/user/.m2/repository/org/apache/curator/curator-client/2.12.0/curator-client-2.12.0.jar:/home/user/.m2/repository/org/apache/curator/curator-recipes/2.12.0/curator-recipes-2.12.0.jar:/home/user/.m2/repository/com/google/code/findbugs/jsr305/3.0.0/jsr305-3.0.0.jar:/home/user/.m2/repository/org/apache/htrace/htrace-core4/4.1.0-incubating/htrace-core4-4.1.0-incubating.jar:/home/user/.m2/repository/org/apache/zookeeper/zookeeper/3.4.13/zookeeper-3.4.13.jar:/home/user/.m2/repository/org/apache/yetus/audience-annotations/0.5.0/audience-annotations-0.5.0.jar:/home/user/.m2/repository/org/codehaus/woodstox/stax2-api/3.1.4/stax2-api-3.1.4.jar:/home/user/.m2/repository/com/fasterxml/woodstox/woodstox-core/5.0.3/woodstox-core-5.0.3.jar:/home/user/.m2/repository/dnsjava/dnsjava/2.1.7/dnsjava-2.1.7.jar:/home/user/.m2/repository/org/apache/hadoop/hadoop-hdfs/3.2.0/hadoop-hdfs-3.2.0-tests.jar:/home/user/.m2/repository/org/eclipse/jetty/jetty-util-ajax/9.3.24.v20180605/jetty-util-ajax-9.3.24.v20180605.jar:/home/user/.m2/repository/commons-daemon/commons-daemon/1.0.13/commons-daemon-1.0.13.jar:/home/user/.m2/repository/io/netty/netty/3.10.5.Final/netty-3.10.5.Final.jar:/home/user/.m2/repository/io/netty/netty-all/4.0.52.Final/netty-all-4.0.52.Final.jar:/home/user/.m2/repository/org/fusesource/leveldbjni/leveldbjni-all/1.8/leveldbjni-all-1.8.jar:"/>
    <property name="sun.cpu.endian" value="little"/>
    <property name="user.home" value="/home/user"/>
    <property name="user.language" value="en"/>
    <property name="java.specification.vendor" value="Oracle Corporation"/>
    <property name="java.home" value="/usr/lib/jvm/java-1.8-openjdk/jre"/>
    <property name="java.security.krb5.conf" value="/workdir/hadoop-ozone/integration-test/target/test-classes/krb5.conf"/>
    <property name="basedir" value="/workdir/hadoop-ozone/integration-test"/>
    <property name="file.separator" value="/"/>
    <property name="line.separator" value="&#10;"/>
    <property name="java.vm.specification.vendor" value="Oracle Corporation"/>
    <property name="java.specification.name" value="Java Platform API Specification"/>
    <property name="java.awt.graphicsenv" value="sun.awt.X11GraphicsEnvironment"/>
    <property name="surefire.real.class.path" value="/workdir/hadoop-ozone/integration-test/target/surefire/surefirebooter6108450097822338368.jar"/>
    <property name="hadoop.log.dir" value="/workdir/hadoop-ozone/integration-test/target/log"/>
    <property name="sun.boot.class.path" value="/usr/lib/jvm/java-1.8-openjdk/jre/lib/resources.jar:/usr/lib/jvm/java-1.8-openjdk/jre/lib/rt.jar:/usr/lib/jvm/java-1.8-openjdk/jre/lib/sunrsasign.jar:/usr/lib/jvm/java-1.8-openjdk/jre/lib/jsse.jar:/usr/lib/jvm/java-1.8-openjdk/jre/lib/jce.jar:/usr/lib/jvm/java-1.8-openjdk/jre/lib/charsets.jar:/usr/lib/jvm/java-1.8-openjdk/jre/lib/jfr.jar:/usr/lib/jvm/java-1.8-openjdk/jre/classes"/>
    <property name="sun.management.compiler" value="HotSpot 64-Bit Tiered Compilers"/>
    <property name="java.runtime.version" value="1.8.0_212-b04"/>
    <property name="java.net.preferIPv4Stack" value="true"/>
    <property name="user.name" value="jenkins1000"/>
    <property name="path.separator" value=":"/>
    <property name="java.security.egd" value="file:///dev/urandom"/>
    <property name="os.version" value="3.10.0-957.12.2.el7.x86_64"/>
    <property name="java.endorsed.dirs" value="/usr/lib/jvm/java-1.8-openjdk/jre/lib/endorsed"/>
    <property name="java.runtime.name" value="OpenJDK Runtime Environment"/>
    <property name="file.encoding" value="UTF-8"/>
    <property name="java.vm.name" value="OpenJDK 64-Bit Server VM"/>
    <property name="test.build.webapps" value=""/>
    <property name="localRepository" value="/home/user/.m2/repository"/>
    <property name="java.vendor.url.bug" value="https://icedtea.classpath.org/bugzilla"/>
    <property name="java.io.tmpdir" value="/tmp"/>
    <property name="require.test.libhadoop" value=""/>
    <property name="java.version" value="1.8.0_212"/>
    <property name="user.dir" value="/workdir/hadoop-ozone/integration-test"/>
    <property name="os.arch" value="amd64"/>
    <property name="java.vm.specification.name" value="Java Virtual Machine Specification"/>
    <property name="test.build.classes" value="/workdir/hadoop-ozone/integration-test/target/test-classes"/>
    <property name="java.awt.printerjob" value="sun.print.PSPrinterJob"/>
    <property name="sun.os.patch.level" value="unknown"/>
    <property name="hadoop.tmp.dir" value="/workdir/hadoop-ozone/integration-test/target/tmp"/>
    <property name="java.library.path" value="/usr/lib/jvm/java-1.8-openjdk/jre/lib/amd64/server:/usr/lib/jvm/java-1.8-openjdk/jre/lib/amd64:/usr/lib/jvm/java-1.8-openjdk/jre/../lib/amd64:/workdir/hadoop-ozone/integration-test/target/native/target/usr/local/lib:/workdir/hadoop-ozone/integration-test/../../hadoop-common-project/hadoop-common/target/native/target/usr/local/lib:/usr/java/packages/lib/amd64:/usr/lib64:/lib64:/lib:/usr/lib"/>
    <property name="java.vm.info" value="mixed mode"/>
    <property name="java.vendor" value="IcedTea"/>
    <property name="java.vm.version" value="25.212-b04"/>
    <property name="java.ext.dirs" value="/usr/lib/jvm/java-1.8-openjdk/jre/lib/ext:/usr/java/packages/lib/ext"/>
    <property name="sun.io.unicode.encoding" value="UnicodeLittle"/>
    <property name="java.class.version" value="52.0"/>
  </properties>
  <testcase name="test2DatanodesFailure" classname="org.apache.hadoop.ozone.client.rpc.TestBlockOutputStreamWithFailures" time="118.692"/>
  <testcase name="testDatanodeFailureWithPreAllocation" classname="org.apache.hadoop.ozone.client.rpc.TestBlockOutputStreamWithFailures" time="225.779"/>
  <testcase name="testDatanodeFailureWithSingleNodeRatis" classname="org.apache.hadoop.ozone.client.rpc.TestBlockOutputStreamWithFailures" time="229.439"/>
  <testcase name="testWatchForCommitWithSingleNodeRatis" classname="org.apache.hadoop.ozone.client.rpc.TestBlockOutputStreamWithFailures" time="36.639"/>
  <testcase name="testWatchForCommitDatanodeFailure" classname="org.apache.hadoop.ozone.client.rpc.TestBlockOutputStreamWithFailures" time="46.684">
    <failure message="expected:&lt;2&gt; but was:&lt;3&gt;" type="java.lang.AssertionError"><![CDATA[java.lang.AssertionError: expected:<2> but was:<3>
	at org.junit.Assert.fail(Assert.java:88)
	at org.junit.Assert.failNotEquals(Assert.java:743)
	at org.junit.Assert.assertEquals(Assert.java:118)
	at org.junit.Assert.assertEquals(Assert.java:555)
	at org.junit.Assert.assertEquals(Assert.java:542)
	at org.apache.hadoop.ozone.client.rpc.TestBlockOutputStreamWithFailures.testWatchForCommitDatanodeFailure(TestBlockOutputStreamWithFailures.java:366)
	at sun.reflect.NativeMethodAccessorImpl.invoke0(Native Method)
	at sun.reflect.NativeMethodAccessorImpl.invoke(NativeMethodAccessorImpl.java:62)
	at sun.reflect.DelegatingMethodAccessorImpl.invoke(DelegatingMethodAccessorImpl.java:43)
	at java.lang.reflect.Method.invoke(Method.java:498)
	at org.junit.runners.model.FrameworkMethod$1.runReflectiveCall(FrameworkMethod.java:47)
	at org.junit.internal.runners.model.ReflectiveCallable.run(ReflectiveCallable.java:12)
	at org.junit.runners.model.FrameworkMethod.invokeExplosively(FrameworkMethod.java:44)
	at org.junit.internal.runners.statements.InvokeMethod.evaluate(InvokeMethod.java:17)
	at org.junit.internal.runners.statements.RunBefores.evaluate(RunBefores.java:26)
	at org.junit.internal.runners.statements.RunAfters.evaluate(RunAfters.java:27)
	at org.junit.runners.ParentRunner.runLeaf(ParentRunner.java:271)
	at org.junit.runners.BlockJUnit4ClassRunner.runChild(BlockJUnit4ClassRunner.java:70)
	at org.junit.runners.BlockJUnit4ClassRunner.runChild(BlockJUnit4ClassRunner.java:50)
	at org.junit.runners.ParentRunner$3.run(ParentRunner.java:238)
	at org.junit.runners.ParentRunner$1.schedule(ParentRunner.java:63)
	at org.junit.runners.ParentRunner.runChildren(ParentRunner.java:236)
	at org.junit.runners.ParentRunner.access$000(ParentRunner.java:53)
	at org.junit.runners.ParentRunner$2.evaluate(ParentRunner.java:229)
	at org.junit.runners.ParentRunner.run(ParentRunner.java:309)
	at org.apache.maven.surefire.junit4.JUnit4Provider.execute(JUnit4Provider.java:365)
	at org.apache.maven.surefire.junit4.JUnit4Provider.executeWithRerun(JUnit4Provider.java:273)
	at org.apache.maven.surefire.junit4.JUnit4Provider.executeTestSet(JUnit4Provider.java:238)
	at org.apache.maven.surefire.junit4.JUnit4Provider.invoke(JUnit4Provider.java:159)
	at org.apache.maven.surefire.booter.ForkedBooter.invokeProviderInSameClassLoader(ForkedBooter.java:384)
	at org.apache.maven.surefire.booter.ForkedBooter.runSuitesInProcess(ForkedBooter.java:345)
	at org.apache.maven.surefire.booter.ForkedBooter.execute(ForkedBooter.java:126)
	at org.apache.maven.surefire.booter.ForkedBooter.main(ForkedBooter.java:418)
]]></failure>
    <system-out><![CDATA[2019-08-20 15:23:30,905 [main] WARN  server.ServerUtils (ServerUtils.java:getScmDbDir(145)) - ozone.scm.db.dirs is not configured. We recommend adding this setting. Falling back to ozone.metadata.dirs instead.
2019-08-20 15:23:30,928 [main] WARN  server.ServerUtils (ServerUtils.java:getScmDbDir(145)) - ozone.scm.db.dirs is not configured. We recommend adding this setting. Falling back to ozone.metadata.dirs instead.
2019-08-20 15:23:30,928 [main] WARN  server.ServerUtils (ServerUtils.java:getScmDbDir(145)) - ozone.scm.db.dirs is not configured. We recommend adding this setting. Falling back to ozone.metadata.dirs instead.
2019-08-20 15:23:30,928 [main] INFO  db.DBStoreBuilder (DBStoreBuilder.java:addTable(110)) - using custom profile for table: deletedBlocks
2019-08-20 15:23:30,928 [main] INFO  db.DBStoreBuilder (DBStoreBuilder.java:processTables(161)) - Using default column profile:DBProfile.DISK for Table:deletedBlocks
2019-08-20 15:23:30,929 [main] INFO  db.DBStoreBuilder (DBStoreBuilder.java:addTable(110)) - using custom profile for table: validCerts
2019-08-20 15:23:30,929 [main] INFO  db.DBStoreBuilder (DBStoreBuilder.java:processTables(161)) - Using default column profile:DBProfile.DISK for Table:validCerts
2019-08-20 15:23:30,929 [main] INFO  db.DBStoreBuilder (DBStoreBuilder.java:addTable(110)) - using custom profile for table: revokedCerts
2019-08-20 15:23:30,929 [main] INFO  db.DBStoreBuilder (DBStoreBuilder.java:processTables(161)) - Using default column profile:DBProfile.DISK for Table:revokedCerts
2019-08-20 15:23:30,929 [main] INFO  db.DBStoreBuilder (DBStoreBuilder.java:addTable(110)) - using custom profile for table: default
2019-08-20 15:23:30,929 [main] INFO  db.DBStoreBuilder (DBStoreBuilder.java:processTables(167)) - Using default column profile:DBProfile.DISK for Table:default
2019-08-20 15:23:30,930 [main] INFO  db.DBStoreBuilder (DBStoreBuilder.java:getDbProfile(198)) - Using default options. DBProfile.DISK
2019-08-20 15:23:31,252 [main] INFO  net.NodeSchemaLoader (NodeSchemaLoader.java:loadSchemaFromFile(125)) - Loading file from sun.misc.CompoundEnumeration@a8964c1
2019-08-20 15:23:31,252 [main] INFO  net.NodeSchemaLoader (NodeSchemaLoader.java:loadSchema(171)) - Loading network topology layer schema file
2019-08-20 15:23:31,256 [main] INFO  node.SCMNodeManager (SCMNodeManager.java:<init>(121)) - Entering startup safe mode.
2019-08-20 15:23:31,257 [main] INFO  algorithms.ContainerPlacementPolicyFactory (ContainerPlacementPolicyFactory.java:getPolicy(55)) - Create container placement policy of type org.apache.hadoop.hdds.scm.container.placement.algorithms.SCMContainerPlacementRandom
2019-08-20 15:23:31,257 [main] WARN  server.ServerUtils (ServerUtils.java:getScmDbDir(145)) - ozone.scm.db.dirs is not configured. We recommend adding this setting. Falling back to ozone.metadata.dirs instead.
2019-08-20 15:23:31,369 [main] INFO  pipeline.SCMPipelineManager (SCMPipelineManager.java:initializePipelineState(126)) - No pipeline exists in current db
2019-08-20 15:23:31,369 [main] WARN  server.ServerUtils (ServerUtils.java:getScmDbDir(145)) - ozone.scm.db.dirs is not configured. We recommend adding this setting. Falling back to ozone.metadata.dirs instead.
2019-08-20 15:23:31,490 [main] WARN  events.EventQueue (EventQueue.java:fireEvent(175)) - No event handler registered for event TypedEvent{payloadType=SafeModeStatus, name='SafeModeStatus'}
2019-08-20 15:23:31,491 [main] INFO  ipc.CallQueueManager (CallQueueManager.java:<init>(84)) - Using callQueue: class java.util.concurrent.LinkedBlockingQueue, queueCapacity: 2000, scheduler: class org.apache.hadoop.ipc.DefaultRpcScheduler, ipcBackoff: false.
2019-08-20 15:23:31,491 [Socket Reader #1 for port 42907] INFO  ipc.Server (Server.java:run(1074)) - Starting Socket Reader #1 for port 42907
2019-08-20 15:23:31,493 [main] INFO  ipc.CallQueueManager (CallQueueManager.java:<init>(84)) - Using callQueue: class java.util.concurrent.LinkedBlockingQueue, queueCapacity: 2000, scheduler: class org.apache.hadoop.ipc.DefaultRpcScheduler, ipcBackoff: false.
2019-08-20 15:23:31,494 [Socket Reader #1 for port 46693] INFO  ipc.Server (Server.java:run(1074)) - Starting Socket Reader #1 for port 46693
2019-08-20 15:23:31,495 [main] INFO  ipc.CallQueueManager (CallQueueManager.java:<init>(84)) - Using callQueue: class java.util.concurrent.LinkedBlockingQueue, queueCapacity: 2000, scheduler: class org.apache.hadoop.ipc.DefaultRpcScheduler, ipcBackoff: false.
2019-08-20 15:23:31,496 [Socket Reader #1 for port 40776] INFO  ipc.Server (Server.java:run(1074)) - Starting Socket Reader #1 for port 40776
2019-08-20 15:23:31,497 [main] INFO  hdfs.DFSUtil (DFSUtil.java:httpServerTemplateForNNAndJN(1641)) - Starting Web-server for scm at: http://0.0.0.0:0
2019-08-20 15:23:31,499 [main] INFO  server.AuthenticationFilter (AuthenticationFilter.java:constructSecretProvider(240)) - Unable to initialize FileSignerSecretProvider, falling back to use random secrets.
2019-08-20 15:23:31,500 [main] WARN  http.HttpRequestLog (HttpRequestLog.java:getRequestLog(97)) - Jetty request log can only be enabled using Log4j
2019-08-20 15:23:31,501 [main] INFO  http.HttpServer2 (HttpServer2.java:addGlobalFilter(975)) - Added global filter 'safety' (class=org.apache.hadoop.http.HttpServer2$QuotingInputFilter)
2019-08-20 15:23:31,502 [main] INFO  http.HttpServer2 (HttpServer2.java:addFilter(948)) - Added filter static_user_filter (class=org.apache.hadoop.http.lib.StaticUserWebFilter$StaticUserFilter) to context scm
2019-08-20 15:23:31,502 [main] INFO  http.HttpServer2 (HttpServer2.java:addFilter(958)) - Added filter static_user_filter (class=org.apache.hadoop.http.lib.StaticUserWebFilter$StaticUserFilter) to context static
2019-08-20 15:23:31,502 [main] INFO  http.HttpServer2 (HttpServer2.java:addFilter(958)) - Added filter static_user_filter (class=org.apache.hadoop.http.lib.StaticUserWebFilter$StaticUserFilter) to context logs
2019-08-20 15:23:31,504 [main] INFO  server.StorageContainerManager (StorageContainerManager.java:start(759)) - StorageContainerLocationProtocol RPC server is listening at /0.0.0.0:40776
2019-08-20 15:23:31,506 [main] WARN  impl.MetricsConfig (MetricsConfig.java:loadFirst(134)) - Cannot locate configuration: tried hadoop-metrics2-storagecontainermanager.properties,hadoop-metrics2.properties
2019-08-20 15:23:31,507 [main] INFO  impl.MetricsSystemImpl (MetricsSystemImpl.java:startTimer(374)) - Scheduled Metric snapshot period at 10 second(s).
2019-08-20 15:23:31,508 [main] INFO  impl.MetricsSystemImpl (MetricsSystemImpl.java:start(191)) - StorageContainerManager metrics system started
2019-08-20 15:23:31,580 [main] INFO  server.SCMClientProtocolServer (SCMClientProtocolServer.java:start(151)) - RPC server for Client  is listening at /0.0.0.0:40776
2019-08-20 15:23:31,580 [IPC Server Responder] INFO  ipc.Server (Server.java:run(1314)) - IPC Server Responder: starting
2019-08-20 15:23:31,581 [IPC Server listener on 40776] INFO  ipc.Server (Server.java:run(1153)) - IPC Server listener on 40776: starting
2019-08-20 15:23:31,584 [main] INFO  server.StorageContainerManager (StorageContainerManager.java:start(769)) - ScmBlockLocationProtocol RPC server is listening at /0.0.0.0:46693
2019-08-20 15:23:31,585 [main] INFO  server.SCMBlockProtocolServer (SCMBlockProtocolServer.java:start(140)) - RPC server for Block Protocol is listening at /0.0.0.0:46693
2019-08-20 15:23:31,585 [IPC Server Responder] INFO  ipc.Server (Server.java:run(1314)) - IPC Server Responder: starting
2019-08-20 15:23:31,585 [IPC Server listener on 46693] INFO  ipc.Server (Server.java:run(1153)) - IPC Server listener on 46693: starting
2019-08-20 15:23:31,589 [main] INFO  server.StorageContainerManager (StorageContainerManager.java:start(773)) - ScmDatanodeProtocl RPC server is listening at /0.0.0.0:42907
2019-08-20 15:23:31,589 [main] INFO  server.SCMDatanodeProtocolServer (SCMDatanodeProtocolServer.java:start(191)) - RPC server for DataNodes is listening at /0.0.0.0:42907
2019-08-20 15:23:31,589 [IPC Server Responder] INFO  ipc.Server (Server.java:run(1314)) - IPC Server Responder: starting
2019-08-20 15:23:31,590 [IPC Server listener on 42907] INFO  ipc.Server (Server.java:run(1153)) - IPC Server listener on 42907: starting
2019-08-20 15:23:31,593 [main] INFO  http.HttpServer2 (HttpServer2.java:bindListener(1191)) - Jetty bound to port 44841
2019-08-20 15:23:31,593 [main] INFO  server.Server (Server.java:doStart(351)) - jetty-9.3.24.v20180605, build timestamp: 2018-06-05T17:11:56Z, git hash: 84205aa28f11a4f31f2a3b86d1bba2cc8ab69827
2019-08-20 15:23:31,595 [main] INFO  handler.ContextHandler (ContextHandler.java:doStart(781)) - Started o.e.j.s.ServletContextHandler@6b3a1151{/logs,file:///workdir/hadoop-ozone/integration-test/target/log,AVAILABLE}
2019-08-20 15:23:31,595 [main] INFO  handler.ContextHandler (ContextHandler.java:doStart(781)) - Started o.e.j.s.ServletContextHandler@46bbcb82{/static,file:///workdir/hadoop-ozone/integration-test/target/test-classes/webapps/static,AVAILABLE}
2019-08-20 15:23:31,600 [main] INFO  handler.ContextHandler (ContextHandler.java:doStart(781)) - Started o.e.j.w.WebAppContext@6179551b{/,file:///workdir/hadoop-ozone/integration-test/target/test-classes/webapps/scm/,AVAILABLE}{/scm}
2019-08-20 15:23:31,601 [main] INFO  server.AbstractConnector (AbstractConnector.java:doStart(278)) - Started ServerConnector@54626326{HTTP/1.1,[http/1.1]}{0.0.0.0:44841}
2019-08-20 15:23:31,603 [main] INFO  server.Server (Server.java:doStart(419)) - Started @611845ms
2019-08-20 15:23:31,603 [main] INFO  server.BaseHttpServer (BaseHttpServer.java:updateConnectorAddress(213)) - HTTP server of SCM is listening at http://0.0.0.0:44841
2019-08-20 15:23:31,605 [main] WARN  server.ServerUtils (ServerUtils.java:getDBPath(222)) - ozone.om.db.dirs is not configured. We recommend adding this setting. Falling back to ozone.metadata.dirs instead.
2019-08-20 15:23:31,605 [org.apache.hadoop.util.JvmPauseMonitor$Monitor@7ea91c39] INFO  util.JvmPauseMonitor (JvmPauseMonitor.java:run(188)) - Starting JVM pause monitor
2019-08-20 15:23:31,629 [main] WARN  server.ServerUtils (ServerUtils.java:getDBPath(222)) - ozone.om.db.dirs is not configured. We recommend adding this setting. Falling back to ozone.metadata.dirs instead.
2019-08-20 15:23:31,630 [main] WARN  server.ServerUtils (ServerUtils.java:getDBPath(222)) - ozone.om.db.dirs is not configured. We recommend adding this setting. Falling back to ozone.metadata.dirs instead.
2019-08-20 15:23:31,630 [main] INFO  om.OzoneManager (OzoneManager.java:setOMNodeDetails(648)) - OM Service ID is not set. Setting it to the default ID: omServiceIdDefault
2019-08-20 15:23:31,630 [main] INFO  om.OzoneManager (OzoneManager.java:setOMNodeDetails(654)) - OM Node ID is not set. Setting it to the OmStorage's OmID: d75eb4f0-3049-4470-97d5-bd979a640956
2019-08-20 15:23:31,631 [main] INFO  om.OzoneManager (OzoneManager.java:loadOMHAConfigs(605)) - Found matching OM address with OMServiceId: null, OMNodeId: null, RPC Address: localhost:0 and Ratis port: 9872
2019-08-20 15:23:31,635 | INFO  | SCMAudit | user=jenkins1000 | ip=192.168.36.99 | op=GET_SCM_INFO null | ret=SUCCESS |  
2019-08-20 15:23:31,637 [main] WARN  server.ServerUtils (ServerUtils.java:getDBPath(222)) - ozone.om.db.dirs is not configured. We recommend adding this setting. Falling back to ozone.metadata.dirs instead.
2019-08-20 15:23:31,637 [main] INFO  db.DBStoreBuilder (DBStoreBuilder.java:addTable(110)) - using custom profile for table: userTable
2019-08-20 15:23:31,637 [main] INFO  db.DBStoreBuilder (DBStoreBuilder.java:processTables(161)) - Using default column profile:DBProfile.DISK for Table:userTable
2019-08-20 15:23:31,637 [main] INFO  db.DBStoreBuilder (DBStoreBuilder.java:addTable(110)) - using custom profile for table: volumeTable
2019-08-20 15:23:31,638 [main] INFO  db.DBStoreBuilder (DBStoreBuilder.java:processTables(161)) - Using default column profile:DBProfile.DISK for Table:volumeTable
2019-08-20 15:23:31,638 [main] INFO  db.DBStoreBuilder (DBStoreBuilder.java:addTable(110)) - using custom profile for table: bucketTable
2019-08-20 15:23:31,638 [main] INFO  db.DBStoreBuilder (DBStoreBuilder.java:processTables(161)) - Using default column profile:DBProfile.DISK for Table:bucketTable
2019-08-20 15:23:31,638 [main] INFO  db.DBStoreBuilder (DBStoreBuilder.java:addTable(110)) - using custom profile for table: keyTable
2019-08-20 15:23:31,638 [main] INFO  db.DBStoreBuilder (DBStoreBuilder.java:processTables(161)) - Using default column profile:DBProfile.DISK for Table:keyTable
2019-08-20 15:23:31,638 [main] INFO  db.DBStoreBuilder (DBStoreBuilder.java:addTable(110)) - using custom profile for table: deletedTable
2019-08-20 15:23:31,639 [main] INFO  db.DBStoreBuilder (DBStoreBuilder.java:processTables(161)) - Using default column profile:DBProfile.DISK for Table:deletedTable
2019-08-20 15:23:31,639 [main] INFO  db.DBStoreBuilder (DBStoreBuilder.java:addTable(110)) - using custom profile for table: openKeyTable
2019-08-20 15:23:31,639 [main] INFO  db.DBStoreBuilder (DBStoreBuilder.java:processTables(161)) - Using default column profile:DBProfile.DISK for Table:openKeyTable
2019-08-20 15:23:31,639 [main] INFO  db.DBStoreBuilder (DBStoreBuilder.java:addTable(110)) - using custom profile for table: s3Table
2019-08-20 15:23:31,639 [main] INFO  db.DBStoreBuilder (DBStoreBuilder.java:processTables(161)) - Using default column profile:DBProfile.DISK for Table:s3Table
2019-08-20 15:23:31,639 [main] INFO  db.DBStoreBuilder (DBStoreBuilder.java:addTable(110)) - using custom profile for table: multipartInfoTable
2019-08-20 15:23:31,640 [main] INFO  db.DBStoreBuilder (DBStoreBuilder.java:processTables(161)) - Using default column profile:DBProfile.DISK for Table:multipartInfoTable
2019-08-20 15:23:31,640 [main] INFO  db.DBStoreBuilder (DBStoreBuilder.java:addTable(110)) - using custom profile for table: dTokenTable
2019-08-20 15:23:31,640 [main] INFO  db.DBStoreBuilder (DBStoreBuilder.java:processTables(161)) - Using default column profile:DBProfile.DISK for Table:dTokenTable
2019-08-20 15:23:31,640 [main] INFO  db.DBStoreBuilder (DBStoreBuilder.java:addTable(110)) - using custom profile for table: s3SecretTable
2019-08-20 15:23:31,640 [main] INFO  db.DBStoreBuilder (DBStoreBuilder.java:processTables(161)) - Using default column profile:DBProfile.DISK for Table:s3SecretTable
2019-08-20 15:23:31,640 [main] INFO  db.DBStoreBuilder (DBStoreBuilder.java:addTable(110)) - using custom profile for table: prefixTable
2019-08-20 15:23:31,640 [main] INFO  db.DBStoreBuilder (DBStoreBuilder.java:processTables(161)) - Using default column profile:DBProfile.DISK for Table:prefixTable
2019-08-20 15:23:31,641 [main] INFO  db.DBStoreBuilder (DBStoreBuilder.java:addTable(110)) - using custom profile for table: default
2019-08-20 15:23:31,641 [main] INFO  db.DBStoreBuilder (DBStoreBuilder.java:processTables(167)) - Using default column profile:DBProfile.DISK for Table:default
2019-08-20 15:23:31,641 [main] INFO  db.DBStoreBuilder (DBStoreBuilder.java:getDbProfile(198)) - Using default options. DBProfile.DISK
2019-08-20 15:23:32,407 [main] INFO  ipc.CallQueueManager (CallQueueManager.java:<init>(84)) - Using callQueue: class java.util.concurrent.LinkedBlockingQueue, queueCapacity: 2000, scheduler: class org.apache.hadoop.ipc.DefaultRpcScheduler, ipcBackoff: false.
2019-08-20 15:23:32,408 [Socket Reader #1 for port 38497] INFO  ipc.Server (Server.java:run(1074)) - Starting Socket Reader #1 for port 38497
2019-08-20 15:23:32,421 [main] INFO  om.OzoneManager (OzoneManager.java:start(1259)) - OzoneManager RPC server is listening at localhost/127.0.0.1:38497
2019-08-20 15:23:32,421 [main] INFO  impl.MetricsSystemImpl (MetricsSystemImpl.java:init(158)) - OzoneManager metrics system started (again)
2019-08-20 15:23:32,422 [IPC Server Responder] INFO  ipc.Server (Server.java:run(1314)) - IPC Server Responder: starting
2019-08-20 15:23:32,422 [IPC Server listener on 38497] INFO  ipc.Server (Server.java:run(1153)) - IPC Server listener on 38497: starting
2019-08-20 15:23:32,427 [main] INFO  hdfs.DFSUtil (DFSUtil.java:httpServerTemplateForNNAndJN(1641)) - Starting Web-server for ozoneManager at: http://0.0.0.0:0
2019-08-20 15:23:32,429 [main] INFO  server.AuthenticationFilter (AuthenticationFilter.java:constructSecretProvider(240)) - Unable to initialize FileSignerSecretProvider, falling back to use random secrets.
2019-08-20 15:23:32,430 [main] WARN  http.HttpRequestLog (HttpRequestLog.java:getRequestLog(97)) - Jetty request log can only be enabled using Log4j
2019-08-20 15:23:32,431 [main] INFO  http.HttpServer2 (HttpServer2.java:addGlobalFilter(975)) - Added global filter 'safety' (class=org.apache.hadoop.http.HttpServer2$QuotingInputFilter)
2019-08-20 15:23:32,431 [main] INFO  http.HttpServer2 (HttpServer2.java:addFilter(948)) - Added filter static_user_filter (class=org.apache.hadoop.http.lib.StaticUserWebFilter$StaticUserFilter) to context ozoneManager
2019-08-20 15:23:32,432 [main] INFO  http.HttpServer2 (HttpServer2.java:addFilter(958)) - Added filter static_user_filter (class=org.apache.hadoop.http.lib.StaticUserWebFilter$StaticUserFilter) to context logs
2019-08-20 15:23:32,432 [main] INFO  http.HttpServer2 (HttpServer2.java:addFilter(958)) - Added filter static_user_filter (class=org.apache.hadoop.http.lib.StaticUserWebFilter$StaticUserFilter) to context static
2019-08-20 15:23:32,432 [main] INFO  http.HttpServer2 (HttpServer2.java:bindListener(1191)) - Jetty bound to port 36225
2019-08-20 15:23:32,433 [main] INFO  server.Server (Server.java:doStart(351)) - jetty-9.3.24.v20180605, build timestamp: 2018-06-05T17:11:56Z, git hash: 84205aa28f11a4f31f2a3b86d1bba2cc8ab69827
2019-08-20 15:23:32,434 [main] INFO  handler.ContextHandler (ContextHandler.java:doStart(781)) - Started o.e.j.s.ServletContextHandler@35920655{/logs,file:///workdir/hadoop-ozone/integration-test/target/log,AVAILABLE}
2019-08-20 15:23:32,434 [main] INFO  handler.ContextHandler (ContextHandler.java:doStart(781)) - Started o.e.j.s.ServletContextHandler@6108c962{/static,file:///workdir/hadoop-ozone/integration-test/target/test-classes/webapps/static,AVAILABLE}
2019-08-20 15:23:32,438 [main] INFO  handler.ContextHandler (ContextHandler.java:doStart(781)) - Started o.e.j.w.WebAppContext@75c0e6be{/,file:///workdir/hadoop-ozone/integration-test/target/test-classes/webapps/ozoneManager/,AVAILABLE}{/ozoneManager}
2019-08-20 15:23:32,438 [main] INFO  server.AbstractConnector (AbstractConnector.java:doStart(278)) - Started ServerConnector@3dfe520{HTTP/1.1,[http/1.1]}{0.0.0.0:36225}
2019-08-20 15:23:32,439 [main] INFO  server.Server (Server.java:doStart(419)) - Started @612681ms
2019-08-20 15:23:32,440 [main] INFO  server.BaseHttpServer (BaseHttpServer.java:updateConnectorAddress(213)) - HTTP server of OZONEMANAGER is listening at http://0.0.0.0:36225
2019-08-20 15:23:32,457 [main] INFO  impl.MetricsSystemImpl (MetricsSystemImpl.java:init(158)) - HddsDatanode metrics system started (again)
2019-08-20 15:23:32,460 [main] INFO  ozone.HddsDatanodeService (HddsDatanodeService.java:start(184)) - HddsDatanodeService host:pr-hdds-1950-vsl5z-1698008226 ip:192.168.36.99
2019-08-20 15:23:32,467 [main] INFO  volume.HddsVolume (HddsVolume.java:<init>(176)) - Creating Volume: /workdir/hadoop-ozone/integration-test/target/test-dir/MiniOzoneClusterImpl-55fc759d-3081-4a00-8886-eafd5a4bcf81/datanode-0/data/containers/hdds of  storage type : DISK and capacity : 1482555576320
2019-08-20 15:23:32,467 [main] INFO  volume.VolumeSet (VolumeSet.java:initializeVolumeSet(170)) - Added Volume : /workdir/hadoop-ozone/integration-test/target/test-dir/MiniOzoneClusterImpl-55fc759d-3081-4a00-8886-eafd5a4bcf81/datanode-0/data/containers/hdds to VolumeSet
2019-08-20 15:23:32,468 [main] INFO  volume.ThrottledAsyncChecker (ThrottledAsyncChecker.java:schedule(140)) - Scheduling a check for org.apache.hadoop.ozone.container.common.volume.HddsVolume@6d0cc47d
2019-08-20 15:23:32,469 [main] INFO  volume.HddsVolumeChecker (HddsVolumeChecker.java:checkAllVolumes(203)) - Scheduled health check for volume org.apache.hadoop.ozone.container.common.volume.HddsVolume@6d0cc47d
2019-08-20 15:23:32,485 [main] INFO  impl.RaftServerProxy (ConfUtils.java:logGet(43)) - raft.rpc.type = GRPC (default)
2019-08-20 15:23:32,485 [main] INFO  grpc.GrpcFactory (GrpcFactory.java:checkPooledByteBufAllocatorUseCacheForAllThreads(45)) - PERFORMANCE WARNING: useCacheForAllThreads is true that may cause Netty to create a lot garbage objects and, as a result, trigger GC.
	It is recommended to disable useCacheForAllThreads by setting -Dorg.apache.ratis.thirdparty.io.netty.allocator.useCacheForAllThreads=false in command line.
2019-08-20 15:23:32,486 [main] INFO  grpc.GrpcConfigKeys$Server (ConfUtils.java:logGet(43)) - raft.grpc.server.port = 0 (default)
2019-08-20 15:23:32,486 [main] INFO  server.GrpcService (ConfUtils.java:logGet(43)) - raft.grpc.message.size.max = 33570816 (custom)
2019-08-20 15:23:32,486 [main] INFO  server.RaftServerConfigKeys (ConfUtils.java:logGet(43)) - raft.server.log.appender.buffer.byte-limit = 33554432 (custom)
2019-08-20 15:23:32,486 [main] INFO  server.GrpcService (ConfUtils.java:logGet(43)) - raft.grpc.flow.control.window = 1MB (=1048576) (default)
2019-08-20 15:23:32,487 [main] INFO  server.RaftServerConfigKeys (ConfUtils.java:logGet(43)) - raft.server.rpc.request.timeout = 3000ms (default)
2019-08-20 15:23:32,487 [main] INFO  server.RaftServerConfigKeys (ConfUtils.java:logGet(43)) - raft.server.storage.dir = [/workdir/hadoop-ozone/integration-test/target/test-dir/MiniOzoneClusterImpl-55fc759d-3081-4a00-8886-eafd5a4bcf81/datanode-0/data/ratis] (custom)
2019-08-20 15:23:32,488 [main] INFO  replication.SimpleContainerDownloader (SimpleContainerDownloader.java:<init>(72)) - Starting container downloader service to copy containers to replicate.
2019-08-20 15:23:32,489 [main] INFO  hdfs.DFSUtil (DFSUtil.java:httpServerTemplateForNNAndJN(1641)) - Starting Web-server for hddsDatanode at: http://0.0.0.0:0
2019-08-20 15:23:32,490 [main] INFO  server.AuthenticationFilter (AuthenticationFilter.java:constructSecretProvider(240)) - Unable to initialize FileSignerSecretProvider, falling back to use random secrets.
2019-08-20 15:23:32,491 [main] WARN  http.HttpRequestLog (HttpRequestLog.java:getRequestLog(97)) - Jetty request log can only be enabled using Log4j
2019-08-20 15:23:32,492 [main] INFO  http.HttpServer2 (HttpServer2.java:addGlobalFilter(975)) - Added global filter 'safety' (class=org.apache.hadoop.http.HttpServer2$QuotingInputFilter)
2019-08-20 15:23:32,493 [main] INFO  http.HttpServer2 (HttpServer2.java:addFilter(948)) - Added filter static_user_filter (class=org.apache.hadoop.http.lib.StaticUserWebFilter$StaticUserFilter) to context hddsDatanode
2019-08-20 15:23:32,493 [main] INFO  http.HttpServer2 (HttpServer2.java:addFilter(958)) - Added filter static_user_filter (class=org.apache.hadoop.http.lib.StaticUserWebFilter$StaticUserFilter) to context static
2019-08-20 15:23:32,493 [main] INFO  http.HttpServer2 (HttpServer2.java:addFilter(958)) - Added filter static_user_filter (class=org.apache.hadoop.http.lib.StaticUserWebFilter$StaticUserFilter) to context logs
2019-08-20 15:23:32,494 [main] INFO  http.HttpServer2 (HttpServer2.java:bindListener(1191)) - Jetty bound to port 46218
2019-08-20 15:23:32,494 [main] INFO  server.Server (Server.java:doStart(351)) - jetty-9.3.24.v20180605, build timestamp: 2018-06-05T17:11:56Z, git hash: 84205aa28f11a4f31f2a3b86d1bba2cc8ab69827
2019-08-20 15:23:32,495 [main] INFO  handler.ContextHandler (ContextHandler.java:doStart(781)) - Started o.e.j.s.ServletContextHandler@272cec71{/logs,file:///workdir/hadoop-ozone/integration-test/target/log,AVAILABLE}
2019-08-20 15:23:32,496 [main] INFO  handler.ContextHandler (ContextHandler.java:doStart(781)) - Started o.e.j.s.ServletContextHandler@6345dc06{/static,jar:file:/home/user/.m2/repository/org/apache/hadoop/hadoop-hdds-container-service/0.5.0-SNAPSHOT/hadoop-hdds-container-service-0.5.0-SNAPSHOT.jar!/webapps/static,AVAILABLE}
2019-08-20 15:23:32,527 [main] INFO  handler.ContextHandler (ContextHandler.java:doStart(781)) - Started o.e.j.w.WebAppContext@17796f47{/,file:///tmp/jetty-0.0.0.0-46218-hddsDatanode-_-any-8161242072826737914.dir/webapp/,AVAILABLE}{/hddsDatanode}
2019-08-20 15:23:32,528 [main] INFO  server.AbstractConnector (AbstractConnector.java:doStart(278)) - Started ServerConnector@369f85c6{HTTP/1.1,[http/1.1]}{0.0.0.0:46218}
2019-08-20 15:23:32,529 [main] INFO  server.Server (Server.java:doStart(419)) - Started @612771ms
2019-08-20 15:23:32,530 [main] INFO  server.BaseHttpServer (BaseHttpServer.java:updateConnectorAddress(213)) - HTTP server of HDDSDATANODE is listening at http://0.0.0.0:46218
2019-08-20 15:23:32,669 | INFO  | ObjectStoreRestHttpServer | Listening HDDS REST traffic on /0.0.0.0:36783 |  
2019-08-20 15:23:32,669 [main] INFO  ozone.HddsDatanodeService (HddsDatanodeService.java:startPlugins(395)) - Started plug-in org.apache.hadoop.ozone.web.OzoneHddsDatanodeService@11548363
2019-08-20 15:23:32,670 [main] INFO  impl.MetricsSystemImpl (MetricsSystemImpl.java:init(158)) - HddsDatanode metrics system started (again)
2019-08-20 15:23:32,672 [org.apache.hadoop.util.JvmPauseMonitor$Monitor@25321b92] INFO  util.JvmPauseMonitor (JvmPauseMonitor.java:run(188)) - Starting JVM pause monitor
2019-08-20 15:23:32,672 [main] INFO  ozone.HddsDatanodeService (HddsDatanodeService.java:start(184)) - HddsDatanodeService host:pr-hdds-1950-vsl5z-1698008226 ip:192.168.36.99
2019-08-20 15:23:32,673 [Datanode State Machine Thread - 0] INFO  datanode.InitDatanodeState (InitDatanodeState.java:persistContainerDatanodeDetails(140)) - DatanodeDetails is persisted to /workdir/hadoop-ozone/integration-test/target/test-dir/MiniOzoneClusterImpl-55fc759d-3081-4a00-8886-eafd5a4bcf81/datanode-0/meta/datanode.id
2019-08-20 15:23:32,679 [main] INFO  volume.HddsVolume (HddsVolume.java:<init>(176)) - Creating Volume: /workdir/hadoop-ozone/integration-test/target/test-dir/MiniOzoneClusterImpl-55fc759d-3081-4a00-8886-eafd5a4bcf81/datanode-1/data/containers/hdds of  storage type : DISK and capacity : 1482555576320
2019-08-20 15:23:32,680 [main] INFO  volume.VolumeSet (VolumeSet.java:initializeVolumeSet(170)) - Added Volume : /workdir/hadoop-ozone/integration-test/target/test-dir/MiniOzoneClusterImpl-55fc759d-3081-4a00-8886-eafd5a4bcf81/datanode-1/data/containers/hdds to VolumeSet
2019-08-20 15:23:32,680 [main] INFO  volume.ThrottledAsyncChecker (ThrottledAsyncChecker.java:schedule(140)) - Scheduling a check for org.apache.hadoop.ozone.container.common.volume.HddsVolume@74ea1cd0
2019-08-20 15:23:32,680 [main] INFO  volume.HddsVolumeChecker (HddsVolumeChecker.java:checkAllVolumes(203)) - Scheduled health check for volume org.apache.hadoop.ozone.container.common.volume.HddsVolume@74ea1cd0
2019-08-20 15:23:32,694 [main] INFO  impl.RaftServerProxy (ConfUtils.java:logGet(43)) - raft.rpc.type = GRPC (default)
2019-08-20 15:23:32,695 [main] INFO  grpc.GrpcFactory (GrpcFactory.java:checkPooledByteBufAllocatorUseCacheForAllThreads(45)) - PERFORMANCE WARNING: useCacheForAllThreads is true that may cause Netty to create a lot garbage objects and, as a result, trigger GC.
	It is recommended to disable useCacheForAllThreads by setting -Dorg.apache.ratis.thirdparty.io.netty.allocator.useCacheForAllThreads=false in command line.
2019-08-20 15:23:32,695 [main] INFO  grpc.GrpcConfigKeys$Server (ConfUtils.java:logGet(43)) - raft.grpc.server.port = 0 (default)
2019-08-20 15:23:32,695 [main] INFO  server.GrpcService (ConfUtils.java:logGet(43)) - raft.grpc.message.size.max = 33570816 (custom)
2019-08-20 15:23:32,695 [main] INFO  server.RaftServerConfigKeys (ConfUtils.java:logGet(43)) - raft.server.log.appender.buffer.byte-limit = 33554432 (custom)
2019-08-20 15:23:32,695 [main] INFO  server.GrpcService (ConfUtils.java:logGet(43)) - raft.grpc.flow.control.window = 1MB (=1048576) (default)
2019-08-20 15:23:32,695 [main] INFO  server.RaftServerConfigKeys (ConfUtils.java:logGet(43)) - raft.server.rpc.request.timeout = 3000ms (default)
2019-08-20 15:23:32,696 [main] INFO  server.RaftServerConfigKeys (ConfUtils.java:logGet(43)) - raft.server.storage.dir = [/workdir/hadoop-ozone/integration-test/target/test-dir/MiniOzoneClusterImpl-55fc759d-3081-4a00-8886-eafd5a4bcf81/datanode-1/data/ratis] (custom)
2019-08-20 15:23:32,696 [main] INFO  replication.SimpleContainerDownloader (SimpleContainerDownloader.java:<init>(72)) - Starting container downloader service to copy containers to replicate.
2019-08-20 15:23:32,697 [main] INFO  hdfs.DFSUtil (DFSUtil.java:httpServerTemplateForNNAndJN(1641)) - Starting Web-server for hddsDatanode at: http://0.0.0.0:0
2019-08-20 15:23:32,699 [main] INFO  server.AuthenticationFilter (AuthenticationFilter.java:constructSecretProvider(240)) - Unable to initialize FileSignerSecretProvider, falling back to use random secrets.
2019-08-20 15:23:32,699 [main] WARN  http.HttpRequestLog (HttpRequestLog.java:getRequestLog(97)) - Jetty request log can only be enabled using Log4j
2019-08-20 15:23:32,700 [main] INFO  http.HttpServer2 (HttpServer2.java:addGlobalFilter(975)) - Added global filter 'safety' (class=org.apache.hadoop.http.HttpServer2$QuotingInputFilter)
2019-08-20 15:23:32,701 [main] INFO  http.HttpServer2 (HttpServer2.java:addFilter(948)) - Added filter static_user_filter (class=org.apache.hadoop.http.lib.StaticUserWebFilter$StaticUserFilter) to context hddsDatanode
2019-08-20 15:23:32,701 [main] INFO  http.HttpServer2 (HttpServer2.java:addFilter(958)) - Added filter static_user_filter (class=org.apache.hadoop.http.lib.StaticUserWebFilter$StaticUserFilter) to context static
2019-08-20 15:23:32,701 [main] INFO  http.HttpServer2 (HttpServer2.java:addFilter(958)) - Added filter static_user_filter (class=org.apache.hadoop.http.lib.StaticUserWebFilter$StaticUserFilter) to context logs
2019-08-20 15:23:32,701 [main] INFO  http.HttpServer2 (HttpServer2.java:bindListener(1191)) - Jetty bound to port 35084
2019-08-20 15:23:32,702 [main] INFO  server.Server (Server.java:doStart(351)) - jetty-9.3.24.v20180605, build timestamp: 2018-06-05T17:11:56Z, git hash: 84205aa28f11a4f31f2a3b86d1bba2cc8ab69827
2019-08-20 15:23:32,703 [main] INFO  handler.ContextHandler (ContextHandler.java:doStart(781)) - Started o.e.j.s.ServletContextHandler@5a097a83{/logs,file:///workdir/hadoop-ozone/integration-test/target/log,AVAILABLE}
2019-08-20 15:23:32,703 [main] INFO  handler.ContextHandler (ContextHandler.java:doStart(781)) - Started o.e.j.s.ServletContextHandler@699fe19f{/static,jar:file:/home/user/.m2/repository/org/apache/hadoop/hadoop-hdds-container-service/0.5.0-SNAPSHOT/hadoop-hdds-container-service-0.5.0-SNAPSHOT.jar!/webapps/static,AVAILABLE}
2019-08-20 15:23:32,731 [main] INFO  handler.ContextHandler (ContextHandler.java:doStart(781)) - Started o.e.j.w.WebAppContext@203b98cf{/,file:///tmp/jetty-0.0.0.0-35084-hddsDatanode-_-any-5019184985027152024.dir/webapp/,AVAILABLE}{/hddsDatanode}
2019-08-20 15:23:32,732 [main] INFO  server.AbstractConnector (AbstractConnector.java:doStart(278)) - Started ServerConnector@52bcd7c9{HTTP/1.1,[http/1.1]}{0.0.0.0:35084}
2019-08-20 15:23:32,733 [main] INFO  server.Server (Server.java:doStart(419)) - Started @612975ms
2019-08-20 15:23:32,733 [main] INFO  server.BaseHttpServer (BaseHttpServer.java:updateConnectorAddress(213)) - HTTP server of HDDSDATANODE is listening at http://0.0.0.0:35084
2019-08-20 15:23:33,200 | INFO  | ObjectStoreRestHttpServer | Listening HDDS REST traffic on /0.0.0.0:33748 |  
2019-08-20 15:23:33,200 [main] INFO  ozone.HddsDatanodeService (HddsDatanodeService.java:startPlugins(395)) - Started plug-in org.apache.hadoop.ozone.web.OzoneHddsDatanodeService@4faccb34
2019-08-20 15:23:33,201 [main] INFO  impl.MetricsSystemImpl (MetricsSystemImpl.java:init(158)) - HddsDatanode metrics system started (again)
2019-08-20 15:23:33,204 [org.apache.hadoop.util.JvmPauseMonitor$Monitor@f0f3f90] INFO  util.JvmPauseMonitor (JvmPauseMonitor.java:run(188)) - Starting JVM pause monitor
2019-08-20 15:23:33,204 [main] INFO  ozone.HddsDatanodeService (HddsDatanodeService.java:start(184)) - HddsDatanodeService host:pr-hdds-1950-vsl5z-1698008226 ip:192.168.36.99
2019-08-20 15:23:33,205 [Datanode State Machine Thread - 0] INFO  datanode.InitDatanodeState (InitDatanodeState.java:persistContainerDatanodeDetails(140)) - DatanodeDetails is persisted to /workdir/hadoop-ozone/integration-test/target/test-dir/MiniOzoneClusterImpl-55fc759d-3081-4a00-8886-eafd5a4bcf81/datanode-1/meta/datanode.id
2019-08-20 15:23:33,214 [main] INFO  volume.HddsVolume (HddsVolume.java:<init>(176)) - Creating Volume: /workdir/hadoop-ozone/integration-test/target/test-dir/MiniOzoneClusterImpl-55fc759d-3081-4a00-8886-eafd5a4bcf81/datanode-2/data/containers/hdds of  storage type : DISK and capacity : 1482555576320
2019-08-20 15:23:33,214 [main] INFO  volume.VolumeSet (VolumeSet.java:initializeVolumeSet(170)) - Added Volume : /workdir/hadoop-ozone/integration-test/target/test-dir/MiniOzoneClusterImpl-55fc759d-3081-4a00-8886-eafd5a4bcf81/datanode-2/data/containers/hdds to VolumeSet
2019-08-20 15:23:33,215 [main] INFO  volume.ThrottledAsyncChecker (ThrottledAsyncChecker.java:schedule(140)) - Scheduling a check for org.apache.hadoop.ozone.container.common.volume.HddsVolume@313c3cb
2019-08-20 15:23:33,215 [main] INFO  volume.HddsVolumeChecker (HddsVolumeChecker.java:checkAllVolumes(203)) - Scheduled health check for volume org.apache.hadoop.ozone.container.common.volume.HddsVolume@313c3cb
2019-08-20 15:23:33,233 [main] INFO  impl.RaftServerProxy (ConfUtils.java:logGet(43)) - raft.rpc.type = GRPC (default)
2019-08-20 15:23:33,233 [main] INFO  grpc.GrpcFactory (GrpcFactory.java:checkPooledByteBufAllocatorUseCacheForAllThreads(45)) - PERFORMANCE WARNING: useCacheForAllThreads is true that may cause Netty to create a lot garbage objects and, as a result, trigger GC.
	It is recommended to disable useCacheForAllThreads by setting -Dorg.apache.ratis.thirdparty.io.netty.allocator.useCacheForAllThreads=false in command line.
2019-08-20 15:23:33,233 [main] INFO  grpc.GrpcConfigKeys$Server (ConfUtils.java:logGet(43)) - raft.grpc.server.port = 0 (default)
2019-08-20 15:23:33,234 [main] INFO  server.GrpcService (ConfUtils.java:logGet(43)) - raft.grpc.message.size.max = 33570816 (custom)
2019-08-20 15:23:33,234 [main] INFO  server.RaftServerConfigKeys (ConfUtils.java:logGet(43)) - raft.server.log.appender.buffer.byte-limit = 33554432 (custom)
2019-08-20 15:23:33,234 [main] INFO  server.GrpcService (ConfUtils.java:logGet(43)) - raft.grpc.flow.control.window = 1MB (=1048576) (default)
2019-08-20 15:23:33,234 [main] INFO  server.RaftServerConfigKeys (ConfUtils.java:logGet(43)) - raft.server.rpc.request.timeout = 3000ms (default)
2019-08-20 15:23:33,235 [main] INFO  server.RaftServerConfigKeys (ConfUtils.java:logGet(43)) - raft.server.storage.dir = [/workdir/hadoop-ozone/integration-test/target/test-dir/MiniOzoneClusterImpl-55fc759d-3081-4a00-8886-eafd5a4bcf81/datanode-2/data/ratis] (custom)
2019-08-20 15:23:33,235 [main] INFO  replication.SimpleContainerDownloader (SimpleContainerDownloader.java:<init>(72)) - Starting container downloader service to copy containers to replicate.
2019-08-20 15:23:33,237 [main] INFO  hdfs.DFSUtil (DFSUtil.java:httpServerTemplateForNNAndJN(1641)) - Starting Web-server for hddsDatanode at: http://0.0.0.0:0
2019-08-20 15:23:33,238 [main] INFO  server.AuthenticationFilter (AuthenticationFilter.java:constructSecretProvider(240)) - Unable to initialize FileSignerSecretProvider, falling back to use random secrets.
2019-08-20 15:23:33,239 [main] WARN  http.HttpRequestLog (HttpRequestLog.java:getRequestLog(97)) - Jetty request log can only be enabled using Log4j
2019-08-20 15:23:33,240 [main] INFO  http.HttpServer2 (HttpServer2.java:addGlobalFilter(975)) - Added global filter 'safety' (class=org.apache.hadoop.http.HttpServer2$QuotingInputFilter)
2019-08-20 15:23:33,241 [main] INFO  http.HttpServer2 (HttpServer2.java:addFilter(948)) - Added filter static_user_filter (class=org.apache.hadoop.http.lib.StaticUserWebFilter$StaticUserFilter) to context hddsDatanode
2019-08-20 15:23:33,241 [main] INFO  http.HttpServer2 (HttpServer2.java:addFilter(958)) - Added filter static_user_filter (class=org.apache.hadoop.http.lib.StaticUserWebFilter$StaticUserFilter) to context logs
2019-08-20 15:23:33,241 [main] INFO  http.HttpServer2 (HttpServer2.java:addFilter(958)) - Added filter static_user_filter (class=org.apache.hadoop.http.lib.StaticUserWebFilter$StaticUserFilter) to context static
2019-08-20 15:23:33,242 [main] INFO  http.HttpServer2 (HttpServer2.java:bindListener(1191)) - Jetty bound to port 36178
2019-08-20 15:23:33,242 [main] INFO  server.Server (Server.java:doStart(351)) - jetty-9.3.24.v20180605, build timestamp: 2018-06-05T17:11:56Z, git hash: 84205aa28f11a4f31f2a3b86d1bba2cc8ab69827
2019-08-20 15:23:33,244 [main] INFO  handler.ContextHandler (ContextHandler.java:doStart(781)) - Started o.e.j.s.ServletContextHandler@3bb186b{/logs,file:///workdir/hadoop-ozone/integration-test/target/log,AVAILABLE}
2019-08-20 15:23:33,245 [main] INFO  handler.ContextHandler (ContextHandler.java:doStart(781)) - Started o.e.j.s.ServletContextHandler@d9ff1cd{/static,jar:file:/home/user/.m2/repository/org/apache/hadoop/hadoop-hdds-container-service/0.5.0-SNAPSHOT/hadoop-hdds-container-service-0.5.0-SNAPSHOT.jar!/webapps/static,AVAILABLE}
2019-08-20 15:23:33,283 [main] INFO  handler.ContextHandler (ContextHandler.java:doStart(781)) - Started o.e.j.w.WebAppContext@655295bd{/,file:///tmp/jetty-0.0.0.0-36178-hddsDatanode-_-any-8482611431549982471.dir/webapp/,AVAILABLE}{/hddsDatanode}
2019-08-20 15:23:33,283 [main] INFO  server.AbstractConnector (AbstractConnector.java:doStart(278)) - Started ServerConnector@62cbe18c{HTTP/1.1,[http/1.1]}{0.0.0.0:36178}
2019-08-20 15:23:33,285 [main] INFO  server.Server (Server.java:doStart(419)) - Started @613527ms
2019-08-20 15:23:33,285 [main] INFO  server.BaseHttpServer (BaseHttpServer.java:updateConnectorAddress(213)) - HTTP server of HDDSDATANODE is listening at http://0.0.0.0:36178
2019-08-20 15:23:33,398 | INFO  | ObjectStoreRestHttpServer | Listening HDDS REST traffic on /0.0.0.0:35439 |  
2019-08-20 15:23:33,398 [main] INFO  ozone.HddsDatanodeService (HddsDatanodeService.java:startPlugins(395)) - Started plug-in org.apache.hadoop.ozone.web.OzoneHddsDatanodeService@2a2cdba0
2019-08-20 15:23:33,398 [main] INFO  impl.MetricsSystemImpl (MetricsSystemImpl.java:init(158)) - HddsDatanode metrics system started (again)
2019-08-20 15:23:33,401 [main] INFO  ozone.HddsDatanodeService (HddsDatanodeService.java:start(184)) - HddsDatanodeService host:pr-hdds-1950-vsl5z-1698008226 ip:192.168.36.99
2019-08-20 15:23:33,401 [org.apache.hadoop.util.JvmPauseMonitor$Monitor@63b34e46] INFO  util.JvmPauseMonitor (JvmPauseMonitor.java:run(188)) - Starting JVM pause monitor
2019-08-20 15:23:33,403 [Datanode State Machine Thread - 0] INFO  datanode.InitDatanodeState (InitDatanodeState.java:persistContainerDatanodeDetails(140)) - DatanodeDetails is persisted to /workdir/hadoop-ozone/integration-test/target/test-dir/MiniOzoneClusterImpl-55fc759d-3081-4a00-8886-eafd5a4bcf81/datanode-2/meta/datanode.id
2019-08-20 15:23:33,411 [main] INFO  volume.HddsVolume (HddsVolume.java:<init>(176)) - Creating Volume: /workdir/hadoop-ozone/integration-test/target/test-dir/MiniOzoneClusterImpl-55fc759d-3081-4a00-8886-eafd5a4bcf81/datanode-3/data/containers/hdds of  storage type : DISK and capacity : 1482555576320
2019-08-20 15:23:33,411 [main] INFO  volume.VolumeSet (VolumeSet.java:initializeVolumeSet(170)) - Added Volume : /workdir/hadoop-ozone/integration-test/target/test-dir/MiniOzoneClusterImpl-55fc759d-3081-4a00-8886-eafd5a4bcf81/datanode-3/data/containers/hdds to VolumeSet
2019-08-20 15:23:33,411 [main] INFO  volume.ThrottledAsyncChecker (ThrottledAsyncChecker.java:schedule(140)) - Scheduling a check for org.apache.hadoop.ozone.container.common.volume.HddsVolume@3c9cab4
2019-08-20 15:23:33,412 [main] INFO  volume.HddsVolumeChecker (HddsVolumeChecker.java:checkAllVolumes(203)) - Scheduled health check for volume org.apache.hadoop.ozone.container.common.volume.HddsVolume@3c9cab4
2019-08-20 15:23:33,425 [main] INFO  impl.RaftServerProxy (ConfUtils.java:logGet(43)) - raft.rpc.type = GRPC (default)
2019-08-20 15:23:33,425 [main] INFO  grpc.GrpcFactory (GrpcFactory.java:checkPooledByteBufAllocatorUseCacheForAllThreads(45)) - PERFORMANCE WARNING: useCacheForAllThreads is true that may cause Netty to create a lot garbage objects and, as a result, trigger GC.
	It is recommended to disable useCacheForAllThreads by setting -Dorg.apache.ratis.thirdparty.io.netty.allocator.useCacheForAllThreads=false in command line.
2019-08-20 15:23:33,425 [main] INFO  grpc.GrpcConfigKeys$Server (ConfUtils.java:logGet(43)) - raft.grpc.server.port = 0 (default)
2019-08-20 15:23:33,425 [main] INFO  server.GrpcService (ConfUtils.java:logGet(43)) - raft.grpc.message.size.max = 33570816 (custom)
2019-08-20 15:23:33,426 [main] INFO  server.RaftServerConfigKeys (ConfUtils.java:logGet(43)) - raft.server.log.appender.buffer.byte-limit = 33554432 (custom)
2019-08-20 15:23:33,426 [main] INFO  server.GrpcService (ConfUtils.java:logGet(43)) - raft.grpc.flow.control.window = 1MB (=1048576) (default)
2019-08-20 15:23:33,426 [main] INFO  server.RaftServerConfigKeys (ConfUtils.java:logGet(43)) - raft.server.rpc.request.timeout = 3000ms (default)
2019-08-20 15:23:33,426 [main] INFO  server.RaftServerConfigKeys (ConfUtils.java:logGet(43)) - raft.server.storage.dir = [/workdir/hadoop-ozone/integration-test/target/test-dir/MiniOzoneClusterImpl-55fc759d-3081-4a00-8886-eafd5a4bcf81/datanode-3/data/ratis] (custom)
2019-08-20 15:23:33,427 [main] INFO  replication.SimpleContainerDownloader (SimpleContainerDownloader.java:<init>(72)) - Starting container downloader service to copy containers to replicate.
2019-08-20 15:23:33,428 [main] INFO  hdfs.DFSUtil (DFSUtil.java:httpServerTemplateForNNAndJN(1641)) - Starting Web-server for hddsDatanode at: http://0.0.0.0:0
2019-08-20 15:23:33,429 [main] INFO  server.AuthenticationFilter (AuthenticationFilter.java:constructSecretProvider(240)) - Unable to initialize FileSignerSecretProvider, falling back to use random secrets.
2019-08-20 15:23:33,429 [main] WARN  http.HttpRequestLog (HttpRequestLog.java:getRequestLog(97)) - Jetty request log can only be enabled using Log4j
2019-08-20 15:23:33,430 [main] INFO  http.HttpServer2 (HttpServer2.java:addGlobalFilter(975)) - Added global filter 'safety' (class=org.apache.hadoop.http.HttpServer2$QuotingInputFilter)
2019-08-20 15:23:33,431 [main] INFO  http.HttpServer2 (HttpServer2.java:addFilter(948)) - Added filter static_user_filter (class=org.apache.hadoop.http.lib.StaticUserWebFilter$StaticUserFilter) to context hddsDatanode
2019-08-20 15:23:33,431 [main] INFO  http.HttpServer2 (HttpServer2.java:addFilter(958)) - Added filter static_user_filter (class=org.apache.hadoop.http.lib.StaticUserWebFilter$StaticUserFilter) to context logs
2019-08-20 15:23:33,431 [main] INFO  http.HttpServer2 (HttpServer2.java:addFilter(958)) - Added filter static_user_filter (class=org.apache.hadoop.http.lib.StaticUserWebFilter$StaticUserFilter) to context static
2019-08-20 15:23:33,431 [main] INFO  http.HttpServer2 (HttpServer2.java:bindListener(1191)) - Jetty bound to port 34158
2019-08-20 15:23:33,431 [main] INFO  server.Server (Server.java:doStart(351)) - jetty-9.3.24.v20180605, build timestamp: 2018-06-05T17:11:56Z, git hash: 84205aa28f11a4f31f2a3b86d1bba2cc8ab69827
2019-08-20 15:23:33,433 [main] INFO  handler.ContextHandler (ContextHandler.java:doStart(781)) - Started o.e.j.s.ServletContextHandler@b7952d2{/logs,file:///workdir/hadoop-ozone/integration-test/target/log,AVAILABLE}
2019-08-20 15:23:33,433 [main] INFO  handler.ContextHandler (ContextHandler.java:doStart(781)) - Started o.e.j.s.ServletContextHandler@33e80a27{/static,jar:file:/home/user/.m2/repository/org/apache/hadoop/hadoop-hdds-container-service/0.5.0-SNAPSHOT/hadoop-hdds-container-service-0.5.0-SNAPSHOT.jar!/webapps/static,AVAILABLE}
2019-08-20 15:23:33,459 [main] INFO  handler.ContextHandler (ContextHandler.java:doStart(781)) - Started o.e.j.w.WebAppContext@6903ef57{/,file:///tmp/jetty-0.0.0.0-34158-hddsDatanode-_-any-4914803231990741840.dir/webapp/,AVAILABLE}{/hddsDatanode}
2019-08-20 15:23:33,459 [main] INFO  server.AbstractConnector (AbstractConnector.java:doStart(278)) - Started ServerConnector@399ac1a3{HTTP/1.1,[http/1.1]}{0.0.0.0:34158}
2019-08-20 15:23:33,460 [main] INFO  server.Server (Server.java:doStart(419)) - Started @613702ms
2019-08-20 15:23:33,462 [main] INFO  server.BaseHttpServer (BaseHttpServer.java:updateConnectorAddress(213)) - HTTP server of HDDSDATANODE is listening at http://0.0.0.0:34158
2019-08-20 15:23:33,569 | INFO  | ObjectStoreRestHttpServer | Listening HDDS REST traffic on /0.0.0.0:36693 |  
2019-08-20 15:23:33,569 [main] INFO  ozone.HddsDatanodeService (HddsDatanodeService.java:startPlugins(395)) - Started plug-in org.apache.hadoop.ozone.web.OzoneHddsDatanodeService@f8dfcbe
2019-08-20 15:23:33,570 [main] INFO  impl.MetricsSystemImpl (MetricsSystemImpl.java:init(158)) - HddsDatanode metrics system started (again)
2019-08-20 15:23:33,572 [main] INFO  ozone.HddsDatanodeService (HddsDatanodeService.java:start(184)) - HddsDatanodeService host:pr-hdds-1950-vsl5z-1698008226 ip:192.168.36.99
2019-08-20 15:23:33,573 [org.apache.hadoop.util.JvmPauseMonitor$Monitor@5fc1f64e] INFO  util.JvmPauseMonitor (JvmPauseMonitor.java:run(188)) - Starting JVM pause monitor
2019-08-20 15:23:33,574 [Datanode State Machine Thread - 0] INFO  datanode.InitDatanodeState (InitDatanodeState.java:persistContainerDatanodeDetails(140)) - DatanodeDetails is persisted to /workdir/hadoop-ozone/integration-test/target/test-dir/MiniOzoneClusterImpl-55fc759d-3081-4a00-8886-eafd5a4bcf81/datanode-3/meta/datanode.id
2019-08-20 15:23:33,581 [main] INFO  volume.HddsVolume (HddsVolume.java:<init>(176)) - Creating Volume: /workdir/hadoop-ozone/integration-test/target/test-dir/MiniOzoneClusterImpl-55fc759d-3081-4a00-8886-eafd5a4bcf81/datanode-4/data/containers/hdds of  storage type : DISK and capacity : 1482555576320
2019-08-20 15:23:33,582 [main] INFO  volume.VolumeSet (VolumeSet.java:initializeVolumeSet(170)) - Added Volume : /workdir/hadoop-ozone/integration-test/target/test-dir/MiniOzoneClusterImpl-55fc759d-3081-4a00-8886-eafd5a4bcf81/datanode-4/data/containers/hdds to VolumeSet
2019-08-20 15:23:33,582 [main] INFO  volume.ThrottledAsyncChecker (ThrottledAsyncChecker.java:schedule(140)) - Scheduling a check for org.apache.hadoop.ozone.container.common.volume.HddsVolume@500e995b
2019-08-20 15:23:33,582 [main] INFO  volume.HddsVolumeChecker (HddsVolumeChecker.java:checkAllVolumes(203)) - Scheduled health check for volume org.apache.hadoop.ozone.container.common.volume.HddsVolume@500e995b
2019-08-20 15:23:33,596 [main] INFO  impl.RaftServerProxy (ConfUtils.java:logGet(43)) - raft.rpc.type = GRPC (default)
2019-08-20 15:23:33,596 [main] INFO  grpc.GrpcFactory (GrpcFactory.java:checkPooledByteBufAllocatorUseCacheForAllThreads(45)) - PERFORMANCE WARNING: useCacheForAllThreads is true that may cause Netty to create a lot garbage objects and, as a result, trigger GC.
	It is recommended to disable useCacheForAllThreads by setting -Dorg.apache.ratis.thirdparty.io.netty.allocator.useCacheForAllThreads=false in command line.
2019-08-20 15:23:33,596 [main] INFO  grpc.GrpcConfigKeys$Server (ConfUtils.java:logGet(43)) - raft.grpc.server.port = 0 (default)
2019-08-20 15:23:33,596 [main] INFO  server.GrpcService (ConfUtils.java:logGet(43)) - raft.grpc.message.size.max = 33570816 (custom)
2019-08-20 15:23:33,596 [main] INFO  server.RaftServerConfigKeys (ConfUtils.java:logGet(43)) - raft.server.log.appender.buffer.byte-limit = 33554432 (custom)
2019-08-20 15:23:33,596 [main] INFO  server.GrpcService (ConfUtils.java:logGet(43)) - raft.grpc.flow.control.window = 1MB (=1048576) (default)
2019-08-20 15:23:33,597 [main] INFO  server.RaftServerConfigKeys (ConfUtils.java:logGet(43)) - raft.server.rpc.request.timeout = 3000ms (default)
2019-08-20 15:23:33,597 [main] INFO  server.RaftServerConfigKeys (ConfUtils.java:logGet(43)) - raft.server.storage.dir = [/workdir/hadoop-ozone/integration-test/target/test-dir/MiniOzoneClusterImpl-55fc759d-3081-4a00-8886-eafd5a4bcf81/datanode-4/data/ratis] (custom)
2019-08-20 15:23:33,597 [main] INFO  replication.SimpleContainerDownloader (SimpleContainerDownloader.java:<init>(72)) - Starting container downloader service to copy containers to replicate.
2019-08-20 15:23:33,598 [main] INFO  hdfs.DFSUtil (DFSUtil.java:httpServerTemplateForNNAndJN(1641)) - Starting Web-server for hddsDatanode at: http://0.0.0.0:0
2019-08-20 15:23:33,599 [main] INFO  server.AuthenticationFilter (AuthenticationFilter.java:constructSecretProvider(240)) - Unable to initialize FileSignerSecretProvider, falling back to use random secrets.
2019-08-20 15:23:33,599 [main] WARN  http.HttpRequestLog (HttpRequestLog.java:getRequestLog(97)) - Jetty request log can only be enabled using Log4j
2019-08-20 15:23:33,600 [main] INFO  http.HttpServer2 (HttpServer2.java:addGlobalFilter(975)) - Added global filter 'safety' (class=org.apache.hadoop.http.HttpServer2$QuotingInputFilter)
2019-08-20 15:23:33,601 [main] INFO  http.HttpServer2 (HttpServer2.java:addFilter(948)) - Added filter static_user_filter (class=org.apache.hadoop.http.lib.StaticUserWebFilter$StaticUserFilter) to context hddsDatanode
2019-08-20 15:23:33,601 [main] INFO  http.HttpServer2 (HttpServer2.java:addFilter(958)) - Added filter static_user_filter (class=org.apache.hadoop.http.lib.StaticUserWebFilter$StaticUserFilter) to context static
2019-08-20 15:23:33,601 [main] INFO  http.HttpServer2 (HttpServer2.java:addFilter(958)) - Added filter static_user_filter (class=org.apache.hadoop.http.lib.StaticUserWebFilter$StaticUserFilter) to context logs
2019-08-20 15:23:33,601 [main] INFO  http.HttpServer2 (HttpServer2.java:bindListener(1191)) - Jetty bound to port 33177
2019-08-20 15:23:33,602 [main] INFO  server.Server (Server.java:doStart(351)) - jetty-9.3.24.v20180605, build timestamp: 2018-06-05T17:11:56Z, git hash: 84205aa28f11a4f31f2a3b86d1bba2cc8ab69827
2019-08-20 15:23:33,603 [main] INFO  handler.ContextHandler (ContextHandler.java:doStart(781)) - Started o.e.j.s.ServletContextHandler@2f341732{/logs,file:///workdir/hadoop-ozone/integration-test/target/log,AVAILABLE}
2019-08-20 15:23:33,603 [main] INFO  handler.ContextHandler (ContextHandler.java:doStart(781)) - Started o.e.j.s.ServletContextHandler@2940eec0{/static,jar:file:/home/user/.m2/repository/org/apache/hadoop/hadoop-hdds-container-service/0.5.0-SNAPSHOT/hadoop-hdds-container-service-0.5.0-SNAPSHOT.jar!/webapps/static,AVAILABLE}
2019-08-20 15:23:33,638 [main] INFO  handler.ContextHandler (ContextHandler.java:doStart(781)) - Started o.e.j.w.WebAppContext@1e6a8d01{/,file:///tmp/jetty-0.0.0.0-33177-hddsDatanode-_-any-1193297944772002053.dir/webapp/,AVAILABLE}{/hddsDatanode}
2019-08-20 15:23:33,639 [main] INFO  server.AbstractConnector (AbstractConnector.java:doStart(278)) - Started ServerConnector@63c07eaf{HTTP/1.1,[http/1.1]}{0.0.0.0:33177}
2019-08-20 15:23:33,641 [main] INFO  server.Server (Server.java:doStart(419)) - Started @613882ms
2019-08-20 15:23:33,641 [main] INFO  server.BaseHttpServer (BaseHttpServer.java:updateConnectorAddress(213)) - HTTP server of HDDSDATANODE is listening at http://0.0.0.0:33177
2019-08-20 15:23:33,799 | INFO  | ObjectStoreRestHttpServer | Listening HDDS REST traffic on /0.0.0.0:38588 |  
2019-08-20 15:23:33,799 [main] INFO  ozone.HddsDatanodeService (HddsDatanodeService.java:startPlugins(395)) - Started plug-in org.apache.hadoop.ozone.web.OzoneHddsDatanodeService@2dac4d04
2019-08-20 15:23:33,799 [main] INFO  impl.MetricsSystemImpl (MetricsSystemImpl.java:init(158)) - HddsDatanode metrics system started (again)
2019-08-20 15:23:33,802 [org.apache.hadoop.util.JvmPauseMonitor$Monitor@39ff9717] INFO  util.JvmPauseMonitor (JvmPauseMonitor.java:run(188)) - Starting JVM pause monitor
2019-08-20 15:23:33,803 [main] INFO  ozone.HddsDatanodeService (HddsDatanodeService.java:start(184)) - HddsDatanodeService host:pr-hdds-1950-vsl5z-1698008226 ip:192.168.36.99
2019-08-20 15:23:33,804 [Datanode State Machine Thread - 0] INFO  datanode.InitDatanodeState (InitDatanodeState.java:persistContainerDatanodeDetails(140)) - DatanodeDetails is persisted to /workdir/hadoop-ozone/integration-test/target/test-dir/MiniOzoneClusterImpl-55fc759d-3081-4a00-8886-eafd5a4bcf81/datanode-4/meta/datanode.id
2019-08-20 15:23:33,812 [main] INFO  volume.HddsVolume (HddsVolume.java:<init>(176)) - Creating Volume: /workdir/hadoop-ozone/integration-test/target/test-dir/MiniOzoneClusterImpl-55fc759d-3081-4a00-8886-eafd5a4bcf81/datanode-5/data/containers/hdds of  storage type : DISK and capacity : 1482555576320
2019-08-20 15:23:33,813 [main] INFO  volume.VolumeSet (VolumeSet.java:initializeVolumeSet(170)) - Added Volume : /workdir/hadoop-ozone/integration-test/target/test-dir/MiniOzoneClusterImpl-55fc759d-3081-4a00-8886-eafd5a4bcf81/datanode-5/data/containers/hdds to VolumeSet
2019-08-20 15:23:33,813 [main] INFO  volume.ThrottledAsyncChecker (ThrottledAsyncChecker.java:schedule(140)) - Scheduling a check for org.apache.hadoop.ozone.container.common.volume.HddsVolume@6193a9e2
2019-08-20 15:23:33,813 [main] INFO  volume.HddsVolumeChecker (HddsVolumeChecker.java:checkAllVolumes(203)) - Scheduled health check for volume org.apache.hadoop.ozone.container.common.volume.HddsVolume@6193a9e2
2019-08-20 15:23:33,827 [main] INFO  impl.RaftServerProxy (ConfUtils.java:logGet(43)) - raft.rpc.type = GRPC (default)
2019-08-20 15:23:33,828 [main] INFO  grpc.GrpcFactory (GrpcFactory.java:checkPooledByteBufAllocatorUseCacheForAllThreads(45)) - PERFORMANCE WARNING: useCacheForAllThreads is true that may cause Netty to create a lot garbage objects and, as a result, trigger GC.
	It is recommended to disable useCacheForAllThreads by setting -Dorg.apache.ratis.thirdparty.io.netty.allocator.useCacheForAllThreads=false in command line.
2019-08-20 15:23:33,828 [main] INFO  grpc.GrpcConfigKeys$Server (ConfUtils.java:logGet(43)) - raft.grpc.server.port = 0 (default)
2019-08-20 15:23:33,828 [main] INFO  server.GrpcService (ConfUtils.java:logGet(43)) - raft.grpc.message.size.max = 33570816 (custom)
2019-08-20 15:23:33,828 [main] INFO  server.RaftServerConfigKeys (ConfUtils.java:logGet(43)) - raft.server.log.appender.buffer.byte-limit = 33554432 (custom)
2019-08-20 15:23:33,828 [main] INFO  server.GrpcService (ConfUtils.java:logGet(43)) - raft.grpc.flow.control.window = 1MB (=1048576) (default)
2019-08-20 15:23:33,828 [main] INFO  server.RaftServerConfigKeys (ConfUtils.java:logGet(43)) - raft.server.rpc.request.timeout = 3000ms (default)
2019-08-20 15:23:33,829 [main] INFO  server.RaftServerConfigKeys (ConfUtils.java:logGet(43)) - raft.server.storage.dir = [/workdir/hadoop-ozone/integration-test/target/test-dir/MiniOzoneClusterImpl-55fc759d-3081-4a00-8886-eafd5a4bcf81/datanode-5/data/ratis] (custom)
2019-08-20 15:23:33,829 [main] INFO  replication.SimpleContainerDownloader (SimpleContainerDownloader.java:<init>(72)) - Starting container downloader service to copy containers to replicate.
2019-08-20 15:23:33,830 [main] INFO  hdfs.DFSUtil (DFSUtil.java:httpServerTemplateForNNAndJN(1641)) - Starting Web-server for hddsDatanode at: http://0.0.0.0:0
2019-08-20 15:23:33,831 [main] INFO  server.AuthenticationFilter (AuthenticationFilter.java:constructSecretProvider(240)) - Unable to initialize FileSignerSecretProvider, falling back to use random secrets.
2019-08-20 15:23:33,831 [main] WARN  http.HttpRequestLog (HttpRequestLog.java:getRequestLog(97)) - Jetty request log can only be enabled using Log4j
2019-08-20 15:23:33,833 [main] INFO  http.HttpServer2 (HttpServer2.java:addGlobalFilter(975)) - Added global filter 'safety' (class=org.apache.hadoop.http.HttpServer2$QuotingInputFilter)
2019-08-20 15:23:33,833 [main] INFO  http.HttpServer2 (HttpServer2.java:addFilter(948)) - Added filter static_user_filter (class=org.apache.hadoop.http.lib.StaticUserWebFilter$StaticUserFilter) to context hddsDatanode
2019-08-20 15:23:33,833 [main] INFO  http.HttpServer2 (HttpServer2.java:addFilter(958)) - Added filter static_user_filter (class=org.apache.hadoop.http.lib.StaticUserWebFilter$StaticUserFilter) to context logs
2019-08-20 15:23:33,833 [main] INFO  http.HttpServer2 (HttpServer2.java:addFilter(958)) - Added filter static_user_filter (class=org.apache.hadoop.http.lib.StaticUserWebFilter$StaticUserFilter) to context static
2019-08-20 15:23:33,834 [main] INFO  http.HttpServer2 (HttpServer2.java:bindListener(1191)) - Jetty bound to port 37803
2019-08-20 15:23:33,834 [main] INFO  server.Server (Server.java:doStart(351)) - jetty-9.3.24.v20180605, build timestamp: 2018-06-05T17:11:56Z, git hash: 84205aa28f11a4f31f2a3b86d1bba2cc8ab69827
2019-08-20 15:23:33,835 [main] INFO  handler.ContextHandler (ContextHandler.java:doStart(781)) - Started o.e.j.s.ServletContextHandler@11c82829{/logs,file:///workdir/hadoop-ozone/integration-test/target/log,AVAILABLE}
2019-08-20 15:23:33,835 [main] INFO  handler.ContextHandler (ContextHandler.java:doStart(781)) - Started o.e.j.s.ServletContextHandler@353ac1ef{/static,jar:file:/home/user/.m2/repository/org/apache/hadoop/hadoop-hdds-container-service/0.5.0-SNAPSHOT/hadoop-hdds-container-service-0.5.0-SNAPSHOT.jar!/webapps/static,AVAILABLE}
2019-08-20 15:23:33,862 [main] INFO  handler.ContextHandler (ContextHandler.java:doStart(781)) - Started o.e.j.w.WebAppContext@5e79bdf6{/,file:///tmp/jetty-0.0.0.0-37803-hddsDatanode-_-any-3223485499503242158.dir/webapp/,AVAILABLE}{/hddsDatanode}
2019-08-20 15:23:33,862 [main] INFO  server.AbstractConnector (AbstractConnector.java:doStart(278)) - Started ServerConnector@495c4ce7{HTTP/1.1,[http/1.1]}{0.0.0.0:37803}
2019-08-20 15:23:33,863 [main] INFO  server.Server (Server.java:doStart(419)) - Started @614105ms
2019-08-20 15:23:33,864 [main] INFO  server.BaseHttpServer (BaseHttpServer.java:updateConnectorAddress(213)) - HTTP server of HDDSDATANODE is listening at http://0.0.0.0:37803
2019-08-20 15:23:33,969 | INFO  | ObjectStoreRestHttpServer | Listening HDDS REST traffic on /0.0.0.0:37795 |  
2019-08-20 15:23:33,969 [main] INFO  ozone.HddsDatanodeService (HddsDatanodeService.java:startPlugins(395)) - Started plug-in org.apache.hadoop.ozone.web.OzoneHddsDatanodeService@6e925a46
2019-08-20 15:23:33,969 [main] INFO  impl.MetricsSystemImpl (MetricsSystemImpl.java:init(158)) - HddsDatanode metrics system started (again)
2019-08-20 15:23:33,973 [org.apache.hadoop.util.JvmPauseMonitor$Monitor@2ad29a31] INFO  util.JvmPauseMonitor (JvmPauseMonitor.java:run(188)) - Starting JVM pause monitor
2019-08-20 15:23:33,973 [main] INFO  ozone.HddsDatanodeService (HddsDatanodeService.java:start(184)) - HddsDatanodeService host:pr-hdds-1950-vsl5z-1698008226 ip:192.168.36.99
2019-08-20 15:23:33,974 [Datanode State Machine Thread - 0] INFO  datanode.InitDatanodeState (InitDatanodeState.java:persistContainerDatanodeDetails(140)) - DatanodeDetails is persisted to /workdir/hadoop-ozone/integration-test/target/test-dir/MiniOzoneClusterImpl-55fc759d-3081-4a00-8886-eafd5a4bcf81/datanode-5/meta/datanode.id
2019-08-20 15:23:33,983 [main] INFO  volume.HddsVolume (HddsVolume.java:<init>(176)) - Creating Volume: /workdir/hadoop-ozone/integration-test/target/test-dir/MiniOzoneClusterImpl-55fc759d-3081-4a00-8886-eafd5a4bcf81/datanode-6/data/containers/hdds of  storage type : DISK and capacity : 1482555576320
2019-08-20 15:23:33,983 [main] INFO  volume.VolumeSet (VolumeSet.java:initializeVolumeSet(170)) - Added Volume : /workdir/hadoop-ozone/integration-test/target/test-dir/MiniOzoneClusterImpl-55fc759d-3081-4a00-8886-eafd5a4bcf81/datanode-6/data/containers/hdds to VolumeSet
2019-08-20 15:23:33,983 [main] INFO  volume.ThrottledAsyncChecker (ThrottledAsyncChecker.java:schedule(140)) - Scheduling a check for org.apache.hadoop.ozone.container.common.volume.HddsVolume@333afc53
2019-08-20 15:23:33,983 [main] INFO  volume.HddsVolumeChecker (HddsVolumeChecker.java:checkAllVolumes(203)) - Scheduled health check for volume org.apache.hadoop.ozone.container.common.volume.HddsVolume@333afc53
2019-08-20 15:23:34,000 [main] INFO  impl.RaftServerProxy (ConfUtils.java:logGet(43)) - raft.rpc.type = GRPC (default)
2019-08-20 15:23:34,000 [main] INFO  grpc.GrpcFactory (GrpcFactory.java:checkPooledByteBufAllocatorUseCacheForAllThreads(45)) - PERFORMANCE WARNING: useCacheForAllThreads is true that may cause Netty to create a lot garbage objects and, as a result, trigger GC.
	It is recommended to disable useCacheForAllThreads by setting -Dorg.apache.ratis.thirdparty.io.netty.allocator.useCacheForAllThreads=false in command line.
2019-08-20 15:23:34,000 [main] INFO  grpc.GrpcConfigKeys$Server (ConfUtils.java:logGet(43)) - raft.grpc.server.port = 0 (default)
2019-08-20 15:23:34,001 [main] INFO  server.GrpcService (ConfUtils.java:logGet(43)) - raft.grpc.message.size.max = 33570816 (custom)
2019-08-20 15:23:34,001 [main] INFO  server.RaftServerConfigKeys (ConfUtils.java:logGet(43)) - raft.server.log.appender.buffer.byte-limit = 33554432 (custom)
2019-08-20 15:23:34,001 [main] INFO  server.GrpcService (ConfUtils.java:logGet(43)) - raft.grpc.flow.control.window = 1MB (=1048576) (default)
2019-08-20 15:23:34,001 [main] INFO  server.RaftServerConfigKeys (ConfUtils.java:logGet(43)) - raft.server.rpc.request.timeout = 3000ms (default)
2019-08-20 15:23:34,002 [main] INFO  server.RaftServerConfigKeys (ConfUtils.java:logGet(43)) - raft.server.storage.dir = [/workdir/hadoop-ozone/integration-test/target/test-dir/MiniOzoneClusterImpl-55fc759d-3081-4a00-8886-eafd5a4bcf81/datanode-6/data/ratis] (custom)
2019-08-20 15:23:34,002 [main] INFO  replication.SimpleContainerDownloader (SimpleContainerDownloader.java:<init>(72)) - Starting container downloader service to copy containers to replicate.
2019-08-20 15:23:34,003 [main] INFO  hdfs.DFSUtil (DFSUtil.java:httpServerTemplateForNNAndJN(1641)) - Starting Web-server for hddsDatanode at: http://0.0.0.0:0
2019-08-20 15:23:34,004 [main] INFO  server.AuthenticationFilter (AuthenticationFilter.java:constructSecretProvider(240)) - Unable to initialize FileSignerSecretProvider, falling back to use random secrets.
2019-08-20 15:23:34,004 [main] WARN  http.HttpRequestLog (HttpRequestLog.java:getRequestLog(97)) - Jetty request log can only be enabled using Log4j
2019-08-20 15:23:34,005 [main] INFO  http.HttpServer2 (HttpServer2.java:addGlobalFilter(975)) - Added global filter 'safety' (class=org.apache.hadoop.http.HttpServer2$QuotingInputFilter)
2019-08-20 15:23:34,005 [main] INFO  http.HttpServer2 (HttpServer2.java:addFilter(948)) - Added filter static_user_filter (class=org.apache.hadoop.http.lib.StaticUserWebFilter$StaticUserFilter) to context hddsDatanode
2019-08-20 15:23:34,006 [main] INFO  http.HttpServer2 (HttpServer2.java:addFilter(958)) - Added filter static_user_filter (class=org.apache.hadoop.http.lib.StaticUserWebFilter$StaticUserFilter) to context logs
2019-08-20 15:23:34,006 [main] INFO  http.HttpServer2 (HttpServer2.java:addFilter(958)) - Added filter static_user_filter (class=org.apache.hadoop.http.lib.StaticUserWebFilter$StaticUserFilter) to context static
2019-08-20 15:23:34,006 [main] INFO  http.HttpServer2 (HttpServer2.java:bindListener(1191)) - Jetty bound to port 35384
2019-08-20 15:23:34,006 [main] INFO  server.Server (Server.java:doStart(351)) - jetty-9.3.24.v20180605, build timestamp: 2018-06-05T17:11:56Z, git hash: 84205aa28f11a4f31f2a3b86d1bba2cc8ab69827
2019-08-20 15:23:34,007 [main] INFO  handler.ContextHandler (ContextHandler.java:doStart(781)) - Started o.e.j.s.ServletContextHandler@6c152246{/logs,file:///workdir/hadoop-ozone/integration-test/target/log,AVAILABLE}
2019-08-20 15:23:34,008 [main] INFO  handler.ContextHandler (ContextHandler.java:doStart(781)) - Started o.e.j.s.ServletContextHandler@2380e8d4{/static,jar:file:/home/user/.m2/repository/org/apache/hadoop/hadoop-hdds-container-service/0.5.0-SNAPSHOT/hadoop-hdds-container-service-0.5.0-SNAPSHOT.jar!/webapps/static,AVAILABLE}
2019-08-20 15:23:34,036 [main] INFO  handler.ContextHandler (ContextHandler.java:doStart(781)) - Started o.e.j.w.WebAppContext@41c7ef69{/,file:///tmp/jetty-0.0.0.0-35384-hddsDatanode-_-any-2747265498428905989.dir/webapp/,AVAILABLE}{/hddsDatanode}
2019-08-20 15:23:34,037 [main] INFO  server.AbstractConnector (AbstractConnector.java:doStart(278)) - Started ServerConnector@15e86d24{HTTP/1.1,[http/1.1]}{0.0.0.0:35384}
2019-08-20 15:23:34,037 [main] INFO  server.Server (Server.java:doStart(419)) - Started @614279ms
2019-08-20 15:23:34,050 [main] INFO  server.BaseHttpServer (BaseHttpServer.java:updateConnectorAddress(213)) - HTTP server of HDDSDATANODE is listening at http://0.0.0.0:35384
2019-08-20 15:23:34,156 | INFO  | ObjectStoreRestHttpServer | Listening HDDS REST traffic on /0.0.0.0:36540 |  
2019-08-20 15:23:34,156 [main] INFO  ozone.HddsDatanodeService (HddsDatanodeService.java:startPlugins(395)) - Started plug-in org.apache.hadoop.ozone.web.OzoneHddsDatanodeService@77393f2e
2019-08-20 15:23:34,156 [main] INFO  ozone.MiniOzoneClusterImpl (MiniOzoneClusterImpl.java:lambda$waitForClusterToBeReady$0(142)) - Waiting for cluster to be ready. Got 0 of 7 DN Heartbeats.
2019-08-20 15:23:34,158 [org.apache.hadoop.util.JvmPauseMonitor$Monitor@4b1ea098] INFO  util.JvmPauseMonitor (JvmPauseMonitor.java:run(188)) - Starting JVM pause monitor
2019-08-20 15:23:34,159 [Datanode State Machine Thread - 0] INFO  datanode.InitDatanodeState (InitDatanodeState.java:persistContainerDatanodeDetails(140)) - DatanodeDetails is persisted to /workdir/hadoop-ozone/integration-test/target/test-dir/MiniOzoneClusterImpl-55fc759d-3081-4a00-8886-eafd5a4bcf81/datanode-6/meta/datanode.id
2019-08-20 15:23:34,679 | INFO  | SCMAudit | user=jenkins1000 | ip=192.168.36.99 | op=GET_VERSION null | ret=SUCCESS |  
2019-08-20 15:23:34,703 [Datanode State Machine Thread - 0] INFO  ozoneimpl.OzoneContainer (OzoneContainer.java:start(186)) - Attempting to start container services.
2019-08-20 15:23:34,703 [Datanode State Machine Thread - 0] INFO  ozoneimpl.OzoneContainer (OzoneContainer.java:startContainerScrub(160)) - Background container scrubber has been disabled by hdds.containerscrub.enabled
2019-08-20 15:23:34,703 [Datanode State Machine Thread - 0] INFO  ratis.XceiverServerRatis (XceiverServerRatis.java:start(404)) - Starting XceiverServerRatis fffe0fa6-9e97-473a-b4af-0bacc73ac892 at port 0
2019-08-20 15:23:34,710 [Datanode State Machine Thread - 0] INFO  impl.RaftServerProxy (RaftServerProxy.java:lambda$start$3(299)) - fffe0fa6-9e97-473a-b4af-0bacc73ac892: start RPC server
2019-08-20 15:23:34,712 [Datanode State Machine Thread - 0] INFO  server.GrpcService (GrpcService.java:startImpl(149)) - fffe0fa6-9e97-473a-b4af-0bacc73ac892: GrpcService started, listening on 0.0.0.0/0.0.0.0:35660
2019-08-20 15:23:34,712 [Datanode State Machine Thread - 0] INFO  ratis.XceiverServerRatis (XceiverServerRatis.java:start(414)) - XceiverServerRatis fffe0fa6-9e97-473a-b4af-0bacc73ac892 is started using port 35660
2019-08-20 15:23:34,717 [Datanode State Machine Thread - 0] INFO  server.XceiverServerGrpc (XceiverServerGrpc.java:start(161)) - XceiverServerGrpc fffe0fa6-9e97-473a-b4af-0bacc73ac892 is started using port 36078
2019-08-20 15:23:35,157 [main] INFO  ozone.MiniOzoneClusterImpl (MiniOzoneClusterImpl.java:lambda$waitForClusterToBeReady$0(142)) - Waiting for cluster to be ready. Got 0 of 7 DN Heartbeats.
2019-08-20 15:23:35,205 | INFO  | SCMAudit | user=jenkins1000 | ip=192.168.36.99 | op=GET_VERSION null | ret=SUCCESS |  
2019-08-20 15:23:35,230 [Datanode State Machine Thread - 0] INFO  ozoneimpl.OzoneContainer (OzoneContainer.java:start(186)) - Attempting to start container services.
2019-08-20 15:23:35,230 [Datanode State Machine Thread - 0] INFO  ozoneimpl.OzoneContainer (OzoneContainer.java:startContainerScrub(160)) - Background container scrubber has been disabled by hdds.containerscrub.enabled
2019-08-20 15:23:35,230 [Datanode State Machine Thread - 0] INFO  ratis.XceiverServerRatis (XceiverServerRatis.java:start(404)) - Starting XceiverServerRatis 098fd333-fd07-42ed-bf18-0c1d6ead7454 at port 0
2019-08-20 15:23:35,237 [Datanode State Machine Thread - 0] INFO  impl.RaftServerProxy (RaftServerProxy.java:lambda$start$3(299)) - 098fd333-fd07-42ed-bf18-0c1d6ead7454: start RPC server
2019-08-20 15:23:35,238 [Datanode State Machine Thread - 0] INFO  server.GrpcService (GrpcService.java:startImpl(149)) - 098fd333-fd07-42ed-bf18-0c1d6ead7454: GrpcService started, listening on 0.0.0.0/0.0.0.0:36625
2019-08-20 15:23:35,238 [Datanode State Machine Thread - 0] INFO  ratis.XceiverServerRatis (XceiverServerRatis.java:start(414)) - XceiverServerRatis 098fd333-fd07-42ed-bf18-0c1d6ead7454 is started using port 36625
2019-08-20 15:23:35,238 [Datanode State Machine Thread - 0] INFO  server.XceiverServerGrpc (XceiverServerGrpc.java:start(161)) - XceiverServerGrpc 098fd333-fd07-42ed-bf18-0c1d6ead7454 is started using port 40495
2019-08-20 15:23:35,402 | INFO  | SCMAudit | user=jenkins1000 | ip=192.168.36.99 | op=GET_VERSION null | ret=SUCCESS |  
2019-08-20 15:23:35,428 [Datanode State Machine Thread - 0] INFO  ozoneimpl.OzoneContainer (OzoneContainer.java:start(186)) - Attempting to start container services.
2019-08-20 15:23:35,428 [Datanode State Machine Thread - 0] INFO  ozoneimpl.OzoneContainer (OzoneContainer.java:startContainerScrub(160)) - Background container scrubber has been disabled by hdds.containerscrub.enabled
2019-08-20 15:23:35,428 [Datanode State Machine Thread - 0] INFO  ratis.XceiverServerRatis (XceiverServerRatis.java:start(404)) - Starting XceiverServerRatis 6b47a181-38f2-4238-bd0f-68e13143ff11 at port 0
2019-08-20 15:23:35,434 [Datanode State Machine Thread - 0] INFO  impl.RaftServerProxy (RaftServerProxy.java:lambda$start$3(299)) - 6b47a181-38f2-4238-bd0f-68e13143ff11: start RPC server
2019-08-20 15:23:35,435 [Datanode State Machine Thread - 0] INFO  server.GrpcService (GrpcService.java:startImpl(149)) - 6b47a181-38f2-4238-bd0f-68e13143ff11: GrpcService started, listening on 0.0.0.0/0.0.0.0:46383
2019-08-20 15:23:35,435 [Datanode State Machine Thread - 0] INFO  ratis.XceiverServerRatis (XceiverServerRatis.java:start(414)) - XceiverServerRatis 6b47a181-38f2-4238-bd0f-68e13143ff11 is started using port 46383
2019-08-20 15:23:35,436 [Datanode State Machine Thread - 0] INFO  server.XceiverServerGrpc (XceiverServerGrpc.java:start(161)) - XceiverServerGrpc 6b47a181-38f2-4238-bd0f-68e13143ff11 is started using port 43197
2019-08-20 15:23:35,574 | INFO  | SCMAudit | user=jenkins1000 | ip=192.168.36.99 | op=GET_VERSION null | ret=SUCCESS |  
2019-08-20 15:23:35,598 [Datanode State Machine Thread - 0] INFO  ozoneimpl.OzoneContainer (OzoneContainer.java:start(186)) - Attempting to start container services.
2019-08-20 15:23:35,598 [Datanode State Machine Thread - 0] INFO  ozoneimpl.OzoneContainer (OzoneContainer.java:startContainerScrub(160)) - Background container scrubber has been disabled by hdds.containerscrub.enabled
2019-08-20 15:23:35,598 [Datanode State Machine Thread - 0] INFO  ratis.XceiverServerRatis (XceiverServerRatis.java:start(404)) - Starting XceiverServerRatis 81cebdb6-2756-4de8-83ea-a7eacd20f204 at port 0
2019-08-20 15:23:35,606 [Datanode State Machine Thread - 0] INFO  impl.RaftServerProxy (RaftServerProxy.java:lambda$start$3(299)) - 81cebdb6-2756-4de8-83ea-a7eacd20f204: start RPC server
2019-08-20 15:23:35,606 [Datanode State Machine Thread - 0] INFO  server.GrpcService (GrpcService.java:startImpl(149)) - 81cebdb6-2756-4de8-83ea-a7eacd20f204: GrpcService started, listening on 0.0.0.0/0.0.0.0:46096
2019-08-20 15:23:35,607 [Datanode State Machine Thread - 0] INFO  ratis.XceiverServerRatis (XceiverServerRatis.java:start(414)) - XceiverServerRatis 81cebdb6-2756-4de8-83ea-a7eacd20f204 is started using port 46096
2019-08-20 15:23:35,607 [Datanode State Machine Thread - 0] INFO  server.XceiverServerGrpc (XceiverServerGrpc.java:start(161)) - XceiverServerGrpc 81cebdb6-2756-4de8-83ea-a7eacd20f204 is started using port 41804
2019-08-20 15:23:35,802 | INFO  | SCMAudit | user=jenkins1000 | ip=192.168.36.99 | op=GET_VERSION null | ret=SUCCESS |  
2019-08-20 15:23:35,826 [Datanode State Machine Thread - 0] INFO  ozoneimpl.OzoneContainer (OzoneContainer.java:start(186)) - Attempting to start container services.
2019-08-20 15:23:35,826 [Datanode State Machine Thread - 0] INFO  ozoneimpl.OzoneContainer (OzoneContainer.java:startContainerScrub(160)) - Background container scrubber has been disabled by hdds.containerscrub.enabled
2019-08-20 15:23:35,826 [Datanode State Machine Thread - 0] INFO  ratis.XceiverServerRatis (XceiverServerRatis.java:start(404)) - Starting XceiverServerRatis 9c6ab30a-d72f-459b-9d58-6af7941cdaaa at port 0
2019-08-20 15:23:35,834 [Datanode State Machine Thread - 0] INFO  impl.RaftServerProxy (RaftServerProxy.java:lambda$start$3(299)) - 9c6ab30a-d72f-459b-9d58-6af7941cdaaa: start RPC server
2019-08-20 15:23:35,837 [Datanode State Machine Thread - 0] INFO  server.GrpcService (GrpcService.java:startImpl(149)) - 9c6ab30a-d72f-459b-9d58-6af7941cdaaa: GrpcService started, listening on 0.0.0.0/0.0.0.0:45772
2019-08-20 15:23:35,838 [Datanode State Machine Thread - 0] INFO  ratis.XceiverServerRatis (XceiverServerRatis.java:start(414)) - XceiverServerRatis 9c6ab30a-d72f-459b-9d58-6af7941cdaaa is started using port 45772
2019-08-20 15:23:35,838 [Datanode State Machine Thread - 0] INFO  server.XceiverServerGrpc (XceiverServerGrpc.java:start(161)) - XceiverServerGrpc 9c6ab30a-d72f-459b-9d58-6af7941cdaaa is started using port 45178
2019-08-20 15:23:35,973 | INFO  | SCMAudit | user=jenkins1000 | ip=192.168.36.99 | op=GET_VERSION null | ret=SUCCESS |  
2019-08-20 15:23:35,996 [Datanode State Machine Thread - 0] INFO  ozoneimpl.OzoneContainer (OzoneContainer.java:start(186)) - Attempting to start container services.
2019-08-20 15:23:35,997 [Datanode State Machine Thread - 0] INFO  ozoneimpl.OzoneContainer (OzoneContainer.java:startContainerScrub(160)) - Background container scrubber has been disabled by hdds.containerscrub.enabled
2019-08-20 15:23:35,997 [Datanode State Machine Thread - 0] INFO  ratis.XceiverServerRatis (XceiverServerRatis.java:start(404)) - Starting XceiverServerRatis 5e423d06-488d-45e1-ad82-54d441feecb5 at port 0
2019-08-20 15:23:36,005 [Datanode State Machine Thread - 0] INFO  impl.RaftServerProxy (RaftServerProxy.java:lambda$start$3(299)) - 5e423d06-488d-45e1-ad82-54d441feecb5: start RPC server
2019-08-20 15:23:36,008 [Datanode State Machine Thread - 0] INFO  server.GrpcService (GrpcService.java:startImpl(149)) - 5e423d06-488d-45e1-ad82-54d441feecb5: GrpcService started, listening on 0.0.0.0/0.0.0.0:40855
2019-08-20 15:23:36,008 [Datanode State Machine Thread - 0] INFO  ratis.XceiverServerRatis (XceiverServerRatis.java:start(414)) - XceiverServerRatis 5e423d06-488d-45e1-ad82-54d441feecb5 is started using port 40855
2019-08-20 15:23:36,009 [Datanode State Machine Thread - 0] INFO  server.XceiverServerGrpc (XceiverServerGrpc.java:start(161)) - XceiverServerGrpc 5e423d06-488d-45e1-ad82-54d441feecb5 is started using port 45791
2019-08-20 15:23:36,157 [main] INFO  ozone.MiniOzoneClusterImpl (MiniOzoneClusterImpl.java:lambda$waitForClusterToBeReady$0(142)) - Waiting for cluster to be ready. Got 0 of 7 DN Heartbeats.
2019-08-20 15:23:36,159 | INFO  | SCMAudit | user=jenkins1000 | ip=192.168.36.99 | op=GET_VERSION null | ret=SUCCESS |  
2019-08-20 15:23:36,181 [Datanode State Machine Thread - 0] INFO  ozoneimpl.OzoneContainer (OzoneContainer.java:start(186)) - Attempting to start container services.
2019-08-20 15:23:36,182 [Datanode State Machine Thread - 0] INFO  ozoneimpl.OzoneContainer (OzoneContainer.java:startContainerScrub(160)) - Background container scrubber has been disabled by hdds.containerscrub.enabled
2019-08-20 15:23:36,182 [Datanode State Machine Thread - 0] INFO  ratis.XceiverServerRatis (XceiverServerRatis.java:start(404)) - Starting XceiverServerRatis 39479044-a7f0-46f5-a832-d507a2c1b28c at port 0
2019-08-20 15:23:36,189 [Datanode State Machine Thread - 0] INFO  impl.RaftServerProxy (RaftServerProxy.java:lambda$start$3(299)) - 39479044-a7f0-46f5-a832-d507a2c1b28c: start RPC server
2019-08-20 15:23:36,193 [Datanode State Machine Thread - 0] INFO  server.GrpcService (GrpcService.java:startImpl(149)) - 39479044-a7f0-46f5-a832-d507a2c1b28c: GrpcService started, listening on 0.0.0.0/0.0.0.0:46266
2019-08-20 15:23:36,193 [Datanode State Machine Thread - 0] INFO  ratis.XceiverServerRatis (XceiverServerRatis.java:start(414)) - XceiverServerRatis 39479044-a7f0-46f5-a832-d507a2c1b28c is started using port 46266
2019-08-20 15:23:36,193 [Datanode State Machine Thread - 0] INFO  server.XceiverServerGrpc (XceiverServerGrpc.java:start(161)) - XceiverServerGrpc 39479044-a7f0-46f5-a832-d507a2c1b28c is started using port 36498
2019-08-20 15:23:36,678 [IPC Server handler 0 on 42907] INFO  net.NetworkTopology (NetworkTopologyImpl.java:add(110)) - Added a new node: /default-rack/fffe0fa6-9e97-473a-b4af-0bacc73ac892
2019-08-20 15:23:36,681 [IPC Server handler 0 on 42907] INFO  node.SCMNodeManager (SCMNodeManager.java:register(273)) - Registered Data node : fffe0fa6-9e97-473a-b4af-0bacc73ac892{ip: 192.168.36.99, host: pr-hdds-1950-vsl5z-1698008226, networkLocation: /default-rack, certSerialId: null}
2019-08-20 15:23:36,682 | INFO  | SCMAudit | user=jenkins1000 | ip=192.168.36.99 | op=REGISTER {datanodeDetails=fffe0fa6-9e97-473a-b4af-0bacc73ac892{ip: 192.168.36.99, host: pr-hdds-1950-vsl5z-1698008226, networkLocation: /default-rack, certSerialId: null}} | ret=SUCCESS |  
2019-08-20 15:23:36,682 [EventQueue-NodeRegistrationContainerReportForDataNodeSafeModeRule] INFO  safemode.SCMSafeModeManager (DataNodeSafeModeRule.java:process(71)) - SCM in safe mode. 1 DataNodes registered, 1 required.
2019-08-20 15:23:36,684 [EventQueue-NodeRegistrationContainerReportForDataNodeSafeModeRule] INFO  safemode.SCMSafeModeManager (SCMSafeModeManager.java:validateSafeModeExitRules(177)) - ScmSafeModeManager, all rules are successfully validated
2019-08-20 15:23:36,684 [EventQueue-NodeRegistrationContainerReportForDataNodeSafeModeRule] INFO  safemode.SCMSafeModeManager (SCMSafeModeManager.java:exitSafeMode(193)) - SCM exiting safe mode.
2019-08-20 15:23:36,727 [grpc-default-executor-11] INFO  impl.RaftServerProxy (RaftServerProxy.java:addNew(89)) - fffe0fa6-9e97-473a-b4af-0bacc73ac892: addNew group-9DC49F0BD0C8:[fffe0fa6-9e97-473a-b4af-0bacc73ac892:192.168.36.99:35660] returns group-9DC49F0BD0C8:java.util.concurrent.CompletableFuture@435e299e[Not completed]
2019-08-20 15:23:36,729 [pool-439-thread-1] INFO  impl.RaftServerImpl (RaftServerImpl.java:<init>(93)) - fffe0fa6-9e97-473a-b4af-0bacc73ac892: new RaftServerImpl for group-9DC49F0BD0C8:[fffe0fa6-9e97-473a-b4af-0bacc73ac892:192.168.36.99:35660] with ContainerStateMachine:uninitialized
2019-08-20 15:23:36,729 [pool-439-thread-1] INFO  server.RaftServerConfigKeys (ConfUtils.java:logGet(43)) - raft.server.rpc.timeout.min = 5s (custom)
2019-08-20 15:23:36,729 [pool-439-thread-1] INFO  server.RaftServerConfigKeys (ConfUtils.java:logGet(43)) - raft.server.rpc.timeout.max = 5200ms (custom)
2019-08-20 15:23:36,729 [pool-439-thread-1] INFO  server.RaftServerConfigKeys (ConfUtils.java:logGet(43)) - raft.server.rpcslowness.timeout = 120s (custom)
2019-08-20 15:23:36,729 [pool-439-thread-1] INFO  server.RaftServerConfigKeys (ConfUtils.java:logGet(43)) - raft.server.sleep.deviation.threshold = 300 (default)
2019-08-20 15:23:36,729 [pool-439-thread-1] INFO  server.RaftServerConfigKeys (ConfUtils.java:logGet(43)) - raft.server.log.appender.install.snapshot.enabled = false (custom)
2019-08-20 15:23:36,730 [pool-439-thread-1] INFO  impl.RaftServerImpl (ServerState.java:<init>(105)) - fffe0fa6-9e97-473a-b4af-0bacc73ac892:group-9DC49F0BD0C8 ConfigurationManager, init=-1: [fffe0fa6-9e97-473a-b4af-0bacc73ac892:192.168.36.99:35660], old=null, confs=<EMPTY_MAP>
2019-08-20 15:23:36,730 [pool-439-thread-1] INFO  server.RaftServerConfigKeys (ConfUtils.java:logGet(43)) - raft.server.storage.dir = [/workdir/hadoop-ozone/integration-test/target/test-dir/MiniOzoneClusterImpl-55fc759d-3081-4a00-8886-eafd5a4bcf81/datanode-0/data/ratis] (custom)
2019-08-20 15:23:36,730 [pool-439-thread-1] INFO  storage.RaftStorageDirectory (RaftStorageDirectory.java:analyzeStorage(246)) - The storage directory /workdir/hadoop-ozone/integration-test/target/test-dir/MiniOzoneClusterImpl-55fc759d-3081-4a00-8886-eafd5a4bcf81/datanode-0/data/ratis/61f52705-5cb7-4dba-b3f7-9dc49f0bd0c8 does not exist. Creating ...
2019-08-20 15:23:36,755 [pool-439-thread-1] INFO  storage.RaftStorageDirectory (RaftStorageDirectory.java:tryLock(328)) - Lock on /workdir/hadoop-ozone/integration-test/target/test-dir/MiniOzoneClusterImpl-55fc759d-3081-4a00-8886-eafd5a4bcf81/datanode-0/data/ratis/61f52705-5cb7-4dba-b3f7-9dc49f0bd0c8/in_use.lock acquired by nodename 20124@pr-hdds-1950-vsl5z-1698008226
2019-08-20 15:23:36,779 [pool-439-thread-1] INFO  storage.RaftStorage (RaftStorage.java:format(72)) - Storage directory /workdir/hadoop-ozone/integration-test/target/test-dir/MiniOzoneClusterImpl-55fc759d-3081-4a00-8886-eafd5a4bcf81/datanode-0/data/ratis/61f52705-5cb7-4dba-b3f7-9dc49f0bd0c8 has been successfully formatted.
2019-08-20 15:23:36,779 [pool-439-thread-1] INFO  ratis.ContainerStateMachine (ContainerStateMachine.java:loadSnapshot(222)) - group-9DC49F0BD0C8: The snapshot info is null. Setting the last applied indexto:(t:0, i:~)
2019-08-20 15:23:36,780 [pool-439-thread-1] INFO  server.RaftServerConfigKeys (ConfUtils.java:logGet(43)) - raft.server.leader.election.timeout = 120s (custom)
2019-08-20 15:23:36,780 [pool-439-thread-1] INFO  server.RaftServerConfigKeys (ConfUtils.java:logGet(43)) - raft.server.log.use.memory = false (default)
2019-08-20 15:23:36,780 [pool-439-thread-1] INFO  server.RaftServerConfigKeys (ConfUtils.java:logGet(43)) - raft.server.log.purge.gap = 1000000 (custom)
2019-08-20 15:23:36,780 [pool-439-thread-1] INFO  server.RaftServerConfigKeys (ConfUtils.java:logGet(43)) - raft.server.log.appender.buffer.byte-limit = 33554432 (custom)
2019-08-20 15:23:36,780 [pool-439-thread-1] INFO  server.RaftServerConfigKeys (ConfUtils.java:logGet(43)) - raft.server.log.segment.size.max = 1048576 (custom)
2019-08-20 15:23:36,781 [pool-439-thread-1] INFO  server.RaftServerConfigKeys (ConfUtils.java:logGet(43)) - raft.server.log.segment.cache.num.max = 2 (custom)
2019-08-20 15:23:36,781 [pool-439-thread-1] INFO  segmented.SegmentedRaftLogWorker (SegmentedRaftLogWorker.java:<init>(172)) - new fffe0fa6-9e97-473a-b4af-0bacc73ac892-SegmentedRaftLogWorker:Storage Directory /workdir/hadoop-ozone/integration-test/target/test-dir/MiniOzoneClusterImpl-55fc759d-3081-4a00-8886-eafd5a4bcf81/datanode-0/data/ratis/61f52705-5cb7-4dba-b3f7-9dc49f0bd0c8 for RaftStorage:Storage Directory /workdir/hadoop-ozone/integration-test/target/test-dir/MiniOzoneClusterImpl-55fc759d-3081-4a00-8886-eafd5a4bcf81/datanode-0/data/ratis/61f52705-5cb7-4dba-b3f7-9dc49f0bd0c8
2019-08-20 15:23:36,781 [pool-439-thread-1] INFO  server.RaftServerConfigKeys (ConfUtils.java:logGet(43)) - raft.server.log.queue.byte-limit = 2147483647 (custom)
2019-08-20 15:23:36,781 [pool-439-thread-1] INFO  server.RaftServerConfigKeys (ConfUtils.java:logGet(43)) - raft.server.log.queue.element-limit = 1024 (custom)
2019-08-20 15:23:36,782 [pool-439-thread-1] INFO  server.RaftServerConfigKeys (ConfUtils.java:logGet(43)) - raft.server.log.segment.size.max = 1048576 (custom)
2019-08-20 15:23:36,782 [pool-439-thread-1] INFO  server.RaftServerConfigKeys (ConfUtils.java:logGet(43)) - raft.server.log.preallocated.size = 16384 (custom)
2019-08-20 15:23:36,782 [pool-439-thread-1] INFO  server.RaftServerConfigKeys (ConfUtils.java:logGet(43)) - raft.server.log.write.buffer.size = 33554432 (custom)
2019-08-20 15:23:36,782 [pool-439-thread-1] INFO  server.RaftServerConfigKeys (ConfUtils.java:logGet(43)) - raft.server.log.force.sync.num = 128 (default)
2019-08-20 15:23:36,782 [pool-439-thread-1] INFO  server.RaftServerConfigKeys (ConfUtils.java:logGet(43)) - raft.server.log.statemachine.data.sync = true (default)
2019-08-20 15:23:36,783 [pool-439-thread-1] INFO  server.RaftServerConfigKeys (ConfUtils.java:logGet(43)) - raft.server.log.statemachine.data.sync.timeout = 10s (default)
2019-08-20 15:23:36,783 [pool-439-thread-1] INFO  server.RaftServerConfigKeys (ConfUtils.java:logGet(43)) - raft.server.log.statemachine.data.sync.timeout.retry = -1 (default)
2019-08-20 15:23:36,783 [pool-439-thread-1] INFO  server.RaftServerConfigKeys (ConfUtils.java:logGet(43)) - raft.server.log.statemachine.data.caching.enabled = true (custom)
2019-08-20 15:23:36,784 [pool-439-thread-1] INFO  segmented.SegmentedRaftLogWorker (SegmentedRaftLogWorker.java:lambda$new$0(132)) - fffe0fa6-9e97-473a-b4af-0bacc73ac892-SegmentedRaftLogWorker:Storage Directory /workdir/hadoop-ozone/integration-test/target/test-dir/MiniOzoneClusterImpl-55fc759d-3081-4a00-8886-eafd5a4bcf81/datanode-0/data/ratis/61f52705-5cb7-4dba-b3f7-9dc49f0bd0c8: flushIndex: setUnconditionally 0 -> -1
2019-08-20 15:23:36,784 [pool-439-thread-1] INFO  server.RaftServerConfigKeys (ConfUtils.java:logGet(43)) - raft.server.snapshot.auto.trigger.enabled = true (custom)
2019-08-20 15:23:36,784 [pool-439-thread-1] INFO  server.RaftServerConfigKeys (ConfUtils.java:logGet(43)) - raft.server.snapshot.auto.trigger.threshold = 10000 (custom)
2019-08-20 15:23:36,784 [pool-439-thread-1] INFO  server.RaftServerConfigKeys (ConfUtils.java:logGet(43)) - raft.server.retrycache.expirytime = 600000ms (custom)
2019-08-20 15:23:36,785 [pool-439-thread-1] INFO  impl.RaftServerImpl (RaftServerImpl.java:start(180)) - fffe0fa6-9e97-473a-b4af-0bacc73ac892: start group-9DC49F0BD0C8
2019-08-20 15:23:36,785 [pool-439-thread-1] INFO  impl.RaftServerImpl (RaftServerImpl.java:setRole(171)) - fffe0fa6-9e97-473a-b4af-0bacc73ac892:group-9DC49F0BD0C8 changes role from null to FOLLOWER at term 0 for startAsFollower
2019-08-20 15:23:36,785 [pool-439-thread-1] INFO  impl.RoleInfo (RoleInfo.java:updateAndGet(143)) - fffe0fa6-9e97-473a-b4af-0bacc73ac892: start FollowerState
2019-08-20 15:23:36,786 [pool-439-thread-1] INFO  util.JmxRegister (JmxRegister.java:tryRegister(44)) - Successfully registered JMX Bean with object name Ratis:service=RaftServer,group=group-9DC49F0BD0C8,id=fffe0fa6-9e97-473a-b4af-0bacc73ac892
2019-08-20 15:23:36,790 [RatisPipelineUtilsThread] INFO  pipeline.PipelineStateManager (PipelineStateManager.java:addPipeline(56)) - Created pipeline Pipeline[ Id: 61f52705-5cb7-4dba-b3f7-9dc49f0bd0c8, Nodes: fffe0fa6-9e97-473a-b4af-0bacc73ac892{ip: 192.168.36.99, host: pr-hdds-1950-vsl5z-1698008226, networkLocation: /default-rack, certSerialId: null}, Type:RATIS, Factor:ONE, State:OPEN]
2019-08-20 15:23:37,158 [main] INFO  ozone.MiniOzoneClusterImpl (MiniOzoneClusterImpl.java:lambda$waitForClusterToBeReady$0(142)) - Waiting for cluster to be ready. Got 1 of 7 DN Heartbeats.
2019-08-20 15:23:37,206 [IPC Server handler 4 on 42907] INFO  net.NetworkTopology (NetworkTopologyImpl.java:add(110)) - Added a new node: /default-rack/098fd333-fd07-42ed-bf18-0c1d6ead7454
2019-08-20 15:23:37,207 [IPC Server handler 4 on 42907] INFO  node.SCMNodeManager (SCMNodeManager.java:register(273)) - Registered Data node : 098fd333-fd07-42ed-bf18-0c1d6ead7454{ip: 192.168.36.99, host: pr-hdds-1950-vsl5z-1698008226, networkLocation: /default-rack, certSerialId: null}
2019-08-20 15:23:37,207 | INFO  | SCMAudit | user=jenkins1000 | ip=192.168.36.99 | op=REGISTER {datanodeDetails=098fd333-fd07-42ed-bf18-0c1d6ead7454{ip: 192.168.36.99, host: pr-hdds-1950-vsl5z-1698008226, networkLocation: /default-rack, certSerialId: null}} | ret=SUCCESS |  
2019-08-20 15:23:37,218 [grpc-default-executor-11] INFO  impl.RaftServerProxy (RaftServerProxy.java:addNew(89)) - 098fd333-fd07-42ed-bf18-0c1d6ead7454: addNew group-F7EE97F3DFC5:[098fd333-fd07-42ed-bf18-0c1d6ead7454:192.168.36.99:36625] returns group-F7EE97F3DFC5:java.util.concurrent.CompletableFuture@4baa187d[Not completed]
2019-08-20 15:23:37,219 [pool-450-thread-1] INFO  impl.RaftServerImpl (RaftServerImpl.java:<init>(93)) - 098fd333-fd07-42ed-bf18-0c1d6ead7454: new RaftServerImpl for group-F7EE97F3DFC5:[098fd333-fd07-42ed-bf18-0c1d6ead7454:192.168.36.99:36625] with ContainerStateMachine:uninitialized
2019-08-20 15:23:37,219 [pool-450-thread-1] INFO  server.RaftServerConfigKeys (ConfUtils.java:logGet(43)) - raft.server.rpc.timeout.min = 5s (custom)
2019-08-20 15:23:37,220 [pool-450-thread-1] INFO  server.RaftServerConfigKeys (ConfUtils.java:logGet(43)) - raft.server.rpc.timeout.max = 5200ms (custom)
2019-08-20 15:23:37,220 [pool-450-thread-1] INFO  server.RaftServerConfigKeys (ConfUtils.java:logGet(43)) - raft.server.rpcslowness.timeout = 120s (custom)
2019-08-20 15:23:37,220 [pool-450-thread-1] INFO  server.RaftServerConfigKeys (ConfUtils.java:logGet(43)) - raft.server.sleep.deviation.threshold = 300 (default)
2019-08-20 15:23:37,220 [pool-450-thread-1] INFO  server.RaftServerConfigKeys (ConfUtils.java:logGet(43)) - raft.server.log.appender.install.snapshot.enabled = false (custom)
2019-08-20 15:23:37,220 [pool-450-thread-1] INFO  impl.RaftServerImpl (ServerState.java:<init>(105)) - 098fd333-fd07-42ed-bf18-0c1d6ead7454:group-F7EE97F3DFC5 ConfigurationManager, init=-1: [098fd333-fd07-42ed-bf18-0c1d6ead7454:192.168.36.99:36625], old=null, confs=<EMPTY_MAP>
2019-08-20 15:23:37,220 [pool-450-thread-1] INFO  server.RaftServerConfigKeys (ConfUtils.java:logGet(43)) - raft.server.storage.dir = [/workdir/hadoop-ozone/integration-test/target/test-dir/MiniOzoneClusterImpl-55fc759d-3081-4a00-8886-eafd5a4bcf81/datanode-1/data/ratis] (custom)
2019-08-20 15:23:37,221 [pool-450-thread-1] INFO  storage.RaftStorageDirectory (RaftStorageDirectory.java:analyzeStorage(246)) - The storage directory /workdir/hadoop-ozone/integration-test/target/test-dir/MiniOzoneClusterImpl-55fc759d-3081-4a00-8886-eafd5a4bcf81/datanode-1/data/ratis/f71b7286-0ebe-4ce8-b1d6-f7ee97f3dfc5 does not exist. Creating ...
2019-08-20 15:23:37,245 [pool-450-thread-1] INFO  storage.RaftStorageDirectory (RaftStorageDirectory.java:tryLock(328)) - Lock on /workdir/hadoop-ozone/integration-test/target/test-dir/MiniOzoneClusterImpl-55fc759d-3081-4a00-8886-eafd5a4bcf81/datanode-1/data/ratis/f71b7286-0ebe-4ce8-b1d6-f7ee97f3dfc5/in_use.lock acquired by nodename 20124@pr-hdds-1950-vsl5z-1698008226
2019-08-20 15:23:37,274 [pool-450-thread-1] INFO  storage.RaftStorage (RaftStorage.java:format(72)) - Storage directory /workdir/hadoop-ozone/integration-test/target/test-dir/MiniOzoneClusterImpl-55fc759d-3081-4a00-8886-eafd5a4bcf81/datanode-1/data/ratis/f71b7286-0ebe-4ce8-b1d6-f7ee97f3dfc5 has been successfully formatted.
2019-08-20 15:23:37,274 [pool-450-thread-1] INFO  ratis.ContainerStateMachine (ContainerStateMachine.java:loadSnapshot(222)) - group-F7EE97F3DFC5: The snapshot info is null. Setting the last applied indexto:(t:0, i:~)
2019-08-20 15:23:37,275 [pool-450-thread-1] INFO  server.RaftServerConfigKeys (ConfUtils.java:logGet(43)) - raft.server.leader.election.timeout = 120s (custom)
2019-08-20 15:23:37,275 [pool-450-thread-1] INFO  server.RaftServerConfigKeys (ConfUtils.java:logGet(43)) - raft.server.log.use.memory = false (default)
2019-08-20 15:23:37,275 [pool-450-thread-1] INFO  server.RaftServerConfigKeys (ConfUtils.java:logGet(43)) - raft.server.log.purge.gap = 1000000 (custom)
2019-08-20 15:23:37,275 [pool-450-thread-1] INFO  server.RaftServerConfigKeys (ConfUtils.java:logGet(43)) - raft.server.log.appender.buffer.byte-limit = 33554432 (custom)
2019-08-20 15:23:37,275 [pool-450-thread-1] INFO  server.RaftServerConfigKeys (ConfUtils.java:logGet(43)) - raft.server.log.segment.size.max = 1048576 (custom)
2019-08-20 15:23:37,276 [pool-450-thread-1] INFO  server.RaftServerConfigKeys (ConfUtils.java:logGet(43)) - raft.server.log.segment.cache.num.max = 2 (custom)
2019-08-20 15:23:37,276 [pool-450-thread-1] INFO  segmented.SegmentedRaftLogWorker (SegmentedRaftLogWorker.java:<init>(172)) - new 098fd333-fd07-42ed-bf18-0c1d6ead7454-SegmentedRaftLogWorker:Storage Directory /workdir/hadoop-ozone/integration-test/target/test-dir/MiniOzoneClusterImpl-55fc759d-3081-4a00-8886-eafd5a4bcf81/datanode-1/data/ratis/f71b7286-0ebe-4ce8-b1d6-f7ee97f3dfc5 for RaftStorage:Storage Directory /workdir/hadoop-ozone/integration-test/target/test-dir/MiniOzoneClusterImpl-55fc759d-3081-4a00-8886-eafd5a4bcf81/datanode-1/data/ratis/f71b7286-0ebe-4ce8-b1d6-f7ee97f3dfc5
2019-08-20 15:23:37,276 [pool-450-thread-1] INFO  server.RaftServerConfigKeys (ConfUtils.java:logGet(43)) - raft.server.log.queue.byte-limit = 2147483647 (custom)
2019-08-20 15:23:37,276 [pool-450-thread-1] INFO  server.RaftServerConfigKeys (ConfUtils.java:logGet(43)) - raft.server.log.queue.element-limit = 1024 (custom)
2019-08-20 15:23:37,277 [pool-450-thread-1] INFO  server.RaftServerConfigKeys (ConfUtils.java:logGet(43)) - raft.server.log.segment.size.max = 1048576 (custom)
2019-08-20 15:23:37,277 [pool-450-thread-1] INFO  server.RaftServerConfigKeys (ConfUtils.java:logGet(43)) - raft.server.log.preallocated.size = 16384 (custom)
2019-08-20 15:23:37,277 [pool-450-thread-1] INFO  server.RaftServerConfigKeys (ConfUtils.java:logGet(43)) - raft.server.log.write.buffer.size = 33554432 (custom)
2019-08-20 15:23:37,277 [pool-450-thread-1] INFO  server.RaftServerConfigKeys (ConfUtils.java:logGet(43)) - raft.server.log.force.sync.num = 128 (default)
2019-08-20 15:23:37,278 [pool-450-thread-1] INFO  server.RaftServerConfigKeys (ConfUtils.java:logGet(43)) - raft.server.log.statemachine.data.sync = true (default)
2019-08-20 15:23:37,278 [pool-450-thread-1] INFO  server.RaftServerConfigKeys (ConfUtils.java:logGet(43)) - raft.server.log.statemachine.data.sync.timeout = 10s (default)
2019-08-20 15:23:37,278 [pool-450-thread-1] INFO  server.RaftServerConfigKeys (ConfUtils.java:logGet(43)) - raft.server.log.statemachine.data.sync.timeout.retry = -1 (default)
2019-08-20 15:23:37,278 [pool-450-thread-1] INFO  server.RaftServerConfigKeys (ConfUtils.java:logGet(43)) - raft.server.log.statemachine.data.caching.enabled = true (custom)
2019-08-20 15:23:37,279 [pool-450-thread-1] INFO  segmented.SegmentedRaftLogWorker (SegmentedRaftLogWorker.java:lambda$new$0(132)) - 098fd333-fd07-42ed-bf18-0c1d6ead7454-SegmentedRaftLogWorker:Storage Directory /workdir/hadoop-ozone/integration-test/target/test-dir/MiniOzoneClusterImpl-55fc759d-3081-4a00-8886-eafd5a4bcf81/datanode-1/data/ratis/f71b7286-0ebe-4ce8-b1d6-f7ee97f3dfc5: flushIndex: setUnconditionally 0 -> -1
2019-08-20 15:23:37,279 [pool-450-thread-1] INFO  server.RaftServerConfigKeys (ConfUtils.java:logGet(43)) - raft.server.snapshot.auto.trigger.enabled = true (custom)
2019-08-20 15:23:37,279 [pool-450-thread-1] INFO  server.RaftServerConfigKeys (ConfUtils.java:logGet(43)) - raft.server.snapshot.auto.trigger.threshold = 10000 (custom)
2019-08-20 15:23:37,280 [pool-450-thread-1] INFO  server.RaftServerConfigKeys (ConfUtils.java:logGet(43)) - raft.server.retrycache.expirytime = 600000ms (custom)
2019-08-20 15:23:37,280 [pool-450-thread-1] INFO  impl.RaftServerImpl (RaftServerImpl.java:start(180)) - 098fd333-fd07-42ed-bf18-0c1d6ead7454: start group-F7EE97F3DFC5
2019-08-20 15:23:37,280 [pool-450-thread-1] INFO  impl.RaftServerImpl (RaftServerImpl.java:setRole(171)) - 098fd333-fd07-42ed-bf18-0c1d6ead7454:group-F7EE97F3DFC5 changes role from null to FOLLOWER at term 0 for startAsFollower
2019-08-20 15:23:37,280 [pool-450-thread-1] INFO  impl.RoleInfo (RoleInfo.java:updateAndGet(143)) - 098fd333-fd07-42ed-bf18-0c1d6ead7454: start FollowerState
2019-08-20 15:23:37,293 [pool-450-thread-1] INFO  util.JmxRegister (JmxRegister.java:tryRegister(44)) - Successfully registered JMX Bean with object name Ratis:service=RaftServer,group=group-F7EE97F3DFC5,id=098fd333-fd07-42ed-bf18-0c1d6ead7454
2019-08-20 15:23:37,303 [RatisPipelineUtilsThread] INFO  pipeline.PipelineStateManager (PipelineStateManager.java:addPipeline(56)) - Created pipeline Pipeline[ Id: f71b7286-0ebe-4ce8-b1d6-f7ee97f3dfc5, Nodes: 098fd333-fd07-42ed-bf18-0c1d6ead7454{ip: 192.168.36.99, host: pr-hdds-1950-vsl5z-1698008226, networkLocation: /default-rack, certSerialId: null}, Type:RATIS, Factor:ONE, State:OPEN]
2019-08-20 15:23:37,402 [IPC Server handler 6 on 42907] INFO  net.NetworkTopology (NetworkTopologyImpl.java:add(110)) - Added a new node: /default-rack/6b47a181-38f2-4238-bd0f-68e13143ff11
2019-08-20 15:23:37,403 [IPC Server handler 6 on 42907] INFO  node.SCMNodeManager (SCMNodeManager.java:register(273)) - Registered Data node : 6b47a181-38f2-4238-bd0f-68e13143ff11{ip: 192.168.36.99, host: pr-hdds-1950-vsl5z-1698008226, networkLocation: /default-rack, certSerialId: null}
2019-08-20 15:23:37,403 | INFO  | SCMAudit | user=jenkins1000 | ip=192.168.36.99 | op=REGISTER {datanodeDetails=6b47a181-38f2-4238-bd0f-68e13143ff11{ip: 192.168.36.99, host: pr-hdds-1950-vsl5z-1698008226, networkLocation: /default-rack, certSerialId: null}} | ret=SUCCESS |  
2019-08-20 15:23:37,410 [grpc-default-executor-11] INFO  impl.RaftServerProxy (RaftServerProxy.java:addNew(89)) - 6b47a181-38f2-4238-bd0f-68e13143ff11: addNew group-35312A3C2ABB:[6b47a181-38f2-4238-bd0f-68e13143ff11:192.168.36.99:46383] returns group-35312A3C2ABB:java.util.concurrent.CompletableFuture@be5564c[Not completed]
2019-08-20 15:23:37,411 [pool-461-thread-1] INFO  impl.RaftServerImpl (RaftServerImpl.java:<init>(93)) - 6b47a181-38f2-4238-bd0f-68e13143ff11: new RaftServerImpl for group-35312A3C2ABB:[6b47a181-38f2-4238-bd0f-68e13143ff11:192.168.36.99:46383] with ContainerStateMachine:uninitialized
2019-08-20 15:23:37,411 [pool-461-thread-1] INFO  server.RaftServerConfigKeys (ConfUtils.java:logGet(43)) - raft.server.rpc.timeout.min = 5s (custom)
2019-08-20 15:23:37,411 [pool-461-thread-1] INFO  server.RaftServerConfigKeys (ConfUtils.java:logGet(43)) - raft.server.rpc.timeout.max = 5200ms (custom)
2019-08-20 15:23:37,412 [pool-461-thread-1] INFO  server.RaftServerConfigKeys (ConfUtils.java:logGet(43)) - raft.server.rpcslowness.timeout = 120s (custom)
2019-08-20 15:23:37,412 [pool-461-thread-1] INFO  server.RaftServerConfigKeys (ConfUtils.java:logGet(43)) - raft.server.sleep.deviation.threshold = 300 (default)
2019-08-20 15:23:37,412 [pool-461-thread-1] INFO  server.RaftServerConfigKeys (ConfUtils.java:logGet(43)) - raft.server.log.appender.install.snapshot.enabled = false (custom)
2019-08-20 15:23:37,412 [pool-461-thread-1] INFO  impl.RaftServerImpl (ServerState.java:<init>(105)) - 6b47a181-38f2-4238-bd0f-68e13143ff11:group-35312A3C2ABB ConfigurationManager, init=-1: [6b47a181-38f2-4238-bd0f-68e13143ff11:192.168.36.99:46383], old=null, confs=<EMPTY_MAP>
2019-08-20 15:23:37,412 [pool-461-thread-1] INFO  server.RaftServerConfigKeys (ConfUtils.java:logGet(43)) - raft.server.storage.dir = [/workdir/hadoop-ozone/integration-test/target/test-dir/MiniOzoneClusterImpl-55fc759d-3081-4a00-8886-eafd5a4bcf81/datanode-2/data/ratis] (custom)
2019-08-20 15:23:37,412 [pool-461-thread-1] INFO  storage.RaftStorageDirectory (RaftStorageDirectory.java:analyzeStorage(246)) - The storage directory /workdir/hadoop-ozone/integration-test/target/test-dir/MiniOzoneClusterImpl-55fc759d-3081-4a00-8886-eafd5a4bcf81/datanode-2/data/ratis/06585175-cce2-452a-ba02-35312a3c2abb does not exist. Creating ...
2019-08-20 15:23:37,441 [pool-461-thread-1] INFO  storage.RaftStorageDirectory (RaftStorageDirectory.java:tryLock(328)) - Lock on /workdir/hadoop-ozone/integration-test/target/test-dir/MiniOzoneClusterImpl-55fc759d-3081-4a00-8886-eafd5a4bcf81/datanode-2/data/ratis/06585175-cce2-452a-ba02-35312a3c2abb/in_use.lock acquired by nodename 20124@pr-hdds-1950-vsl5z-1698008226
2019-08-20 15:23:37,467 [pool-461-thread-1] INFO  storage.RaftStorage (RaftStorage.java:format(72)) - Storage directory /workdir/hadoop-ozone/integration-test/target/test-dir/MiniOzoneClusterImpl-55fc759d-3081-4a00-8886-eafd5a4bcf81/datanode-2/data/ratis/06585175-cce2-452a-ba02-35312a3c2abb has been successfully formatted.
2019-08-20 15:23:37,467 [pool-461-thread-1] INFO  ratis.ContainerStateMachine (ContainerStateMachine.java:loadSnapshot(222)) - group-35312A3C2ABB: The snapshot info is null. Setting the last applied indexto:(t:0, i:~)
2019-08-20 15:23:37,467 [pool-461-thread-1] INFO  server.RaftServerConfigKeys (ConfUtils.java:logGet(43)) - raft.server.leader.election.timeout = 120s (custom)
2019-08-20 15:23:37,467 [pool-461-thread-1] INFO  server.RaftServerConfigKeys (ConfUtils.java:logGet(43)) - raft.server.log.use.memory = false (default)
2019-08-20 15:23:37,468 [pool-461-thread-1] INFO  server.RaftServerConfigKeys (ConfUtils.java:logGet(43)) - raft.server.log.purge.gap = 1000000 (custom)
2019-08-20 15:23:37,468 [pool-461-thread-1] INFO  server.RaftServerConfigKeys (ConfUtils.java:logGet(43)) - raft.server.log.appender.buffer.byte-limit = 33554432 (custom)
2019-08-20 15:23:37,468 [pool-461-thread-1] INFO  server.RaftServerConfigKeys (ConfUtils.java:logGet(43)) - raft.server.log.segment.size.max = 1048576 (custom)
2019-08-20 15:23:37,468 [pool-461-thread-1] INFO  server.RaftServerConfigKeys (ConfUtils.java:logGet(43)) - raft.server.log.segment.cache.num.max = 2 (custom)
2019-08-20 15:23:37,468 [pool-461-thread-1] INFO  segmented.SegmentedRaftLogWorker (SegmentedRaftLogWorker.java:<init>(172)) - new 6b47a181-38f2-4238-bd0f-68e13143ff11-SegmentedRaftLogWorker:Storage Directory /workdir/hadoop-ozone/integration-test/target/test-dir/MiniOzoneClusterImpl-55fc759d-3081-4a00-8886-eafd5a4bcf81/datanode-2/data/ratis/06585175-cce2-452a-ba02-35312a3c2abb for RaftStorage:Storage Directory /workdir/hadoop-ozone/integration-test/target/test-dir/MiniOzoneClusterImpl-55fc759d-3081-4a00-8886-eafd5a4bcf81/datanode-2/data/ratis/06585175-cce2-452a-ba02-35312a3c2abb
2019-08-20 15:23:37,469 [pool-461-thread-1] INFO  server.RaftServerConfigKeys (ConfUtils.java:logGet(43)) - raft.server.log.queue.byte-limit = 2147483647 (custom)
2019-08-20 15:23:37,469 [pool-461-thread-1] INFO  server.RaftServerConfigKeys (ConfUtils.java:logGet(43)) - raft.server.log.queue.element-limit = 1024 (custom)
2019-08-20 15:23:37,469 [pool-461-thread-1] INFO  server.RaftServerConfigKeys (ConfUtils.java:logGet(43)) - raft.server.log.segment.size.max = 1048576 (custom)
2019-08-20 15:23:37,469 [pool-461-thread-1] INFO  server.RaftServerConfigKeys (ConfUtils.java:logGet(43)) - raft.server.log.preallocated.size = 16384 (custom)
2019-08-20 15:23:37,470 [pool-461-thread-1] INFO  server.RaftServerConfigKeys (ConfUtils.java:logGet(43)) - raft.server.log.write.buffer.size = 33554432 (custom)
2019-08-20 15:23:37,470 [pool-461-thread-1] INFO  server.RaftServerConfigKeys (ConfUtils.java:logGet(43)) - raft.server.log.force.sync.num = 128 (default)
2019-08-20 15:23:37,470 [pool-461-thread-1] INFO  server.RaftServerConfigKeys (ConfUtils.java:logGet(43)) - raft.server.log.statemachine.data.sync = true (default)
2019-08-20 15:23:37,470 [pool-461-thread-1] INFO  server.RaftServerConfigKeys (ConfUtils.java:logGet(43)) - raft.server.log.statemachine.data.sync.timeout = 10s (default)
2019-08-20 15:23:37,470 [pool-461-thread-1] INFO  server.RaftServerConfigKeys (ConfUtils.java:logGet(43)) - raft.server.log.statemachine.data.sync.timeout.retry = -1 (default)
2019-08-20 15:23:37,471 [pool-461-thread-1] INFO  server.RaftServerConfigKeys (ConfUtils.java:logGet(43)) - raft.server.log.statemachine.data.caching.enabled = true (custom)
2019-08-20 15:23:37,471 [pool-461-thread-1] INFO  segmented.SegmentedRaftLogWorker (SegmentedRaftLogWorker.java:lambda$new$0(132)) - 6b47a181-38f2-4238-bd0f-68e13143ff11-SegmentedRaftLogWorker:Storage Directory /workdir/hadoop-ozone/integration-test/target/test-dir/MiniOzoneClusterImpl-55fc759d-3081-4a00-8886-eafd5a4bcf81/datanode-2/data/ratis/06585175-cce2-452a-ba02-35312a3c2abb: flushIndex: setUnconditionally 0 -> -1
2019-08-20 15:23:37,472 [pool-461-thread-1] INFO  server.RaftServerConfigKeys (ConfUtils.java:logGet(43)) - raft.server.snapshot.auto.trigger.enabled = true (custom)
2019-08-20 15:23:37,472 [pool-461-thread-1] INFO  server.RaftServerConfigKeys (ConfUtils.java:logGet(43)) - raft.server.snapshot.auto.trigger.threshold = 10000 (custom)
2019-08-20 15:23:37,472 [pool-461-thread-1] INFO  server.RaftServerConfigKeys (ConfUtils.java:logGet(43)) - raft.server.retrycache.expirytime = 600000ms (custom)
2019-08-20 15:23:37,472 [pool-461-thread-1] INFO  impl.RaftServerImpl (RaftServerImpl.java:start(180)) - 6b47a181-38f2-4238-bd0f-68e13143ff11: start group-35312A3C2ABB
2019-08-20 15:23:37,472 [pool-461-thread-1] INFO  impl.RaftServerImpl (RaftServerImpl.java:setRole(171)) - 6b47a181-38f2-4238-bd0f-68e13143ff11:group-35312A3C2ABB changes role from null to FOLLOWER at term 0 for startAsFollower
2019-08-20 15:23:37,473 [pool-461-thread-1] INFO  impl.RoleInfo (RoleInfo.java:updateAndGet(143)) - 6b47a181-38f2-4238-bd0f-68e13143ff11: start FollowerState
2019-08-20 15:23:37,473 [pool-461-thread-1] INFO  util.JmxRegister (JmxRegister.java:tryRegister(44)) - Successfully registered JMX Bean with object name Ratis:service=RaftServer,group=group-35312A3C2ABB,id=6b47a181-38f2-4238-bd0f-68e13143ff11
2019-08-20 15:23:37,475 [RatisPipelineUtilsThread] INFO  pipeline.PipelineStateManager (PipelineStateManager.java:addPipeline(56)) - Created pipeline Pipeline[ Id: 06585175-cce2-452a-ba02-35312a3c2abb, Nodes: 6b47a181-38f2-4238-bd0f-68e13143ff11{ip: 192.168.36.99, host: pr-hdds-1950-vsl5z-1698008226, networkLocation: /default-rack, certSerialId: null}, Type:RATIS, Factor:ONE, State:OPEN]
2019-08-20 15:23:37,485 [grpc-default-executor-9] INFO  impl.RaftServerProxy (RaftServerProxy.java:addNew(89)) - 098fd333-fd07-42ed-bf18-0c1d6ead7454: addNew group-9E5E06D0463C:[6b47a181-38f2-4238-bd0f-68e13143ff11:192.168.36.99:46383, 098fd333-fd07-42ed-bf18-0c1d6ead7454:192.168.36.99:36625, fffe0fa6-9e97-473a-b4af-0bacc73ac892:192.168.36.99:35660] returns group-9E5E06D0463C:java.util.concurrent.CompletableFuture@2b479a74[Not completed]
2019-08-20 15:23:37,485 [grpc-default-executor-11] INFO  impl.RaftServerProxy (RaftServerProxy.java:addNew(89)) - 6b47a181-38f2-4238-bd0f-68e13143ff11: addNew group-9E5E06D0463C:[6b47a181-38f2-4238-bd0f-68e13143ff11:192.168.36.99:46383, 098fd333-fd07-42ed-bf18-0c1d6ead7454:192.168.36.99:36625, fffe0fa6-9e97-473a-b4af-0bacc73ac892:192.168.36.99:35660] returns group-9E5E06D0463C:java.util.concurrent.CompletableFuture@3fe03642[Not completed]
2019-08-20 15:23:37,485 [grpc-default-executor-10] INFO  impl.RaftServerProxy (RaftServerProxy.java:addNew(89)) - fffe0fa6-9e97-473a-b4af-0bacc73ac892: addNew group-9E5E06D0463C:[6b47a181-38f2-4238-bd0f-68e13143ff11:192.168.36.99:46383, 098fd333-fd07-42ed-bf18-0c1d6ead7454:192.168.36.99:36625, fffe0fa6-9e97-473a-b4af-0bacc73ac892:192.168.36.99:35660] returns group-9E5E06D0463C:java.util.concurrent.CompletableFuture@4125a3f8[Not completed]
2019-08-20 15:23:37,486 [pool-450-thread-1] INFO  impl.RaftServerImpl (RaftServerImpl.java:<init>(93)) - 098fd333-fd07-42ed-bf18-0c1d6ead7454: new RaftServerImpl for group-9E5E06D0463C:[6b47a181-38f2-4238-bd0f-68e13143ff11:192.168.36.99:46383, 098fd333-fd07-42ed-bf18-0c1d6ead7454:192.168.36.99:36625, fffe0fa6-9e97-473a-b4af-0bacc73ac892:192.168.36.99:35660] with ContainerStateMachine:uninitialized
2019-08-20 15:23:37,486 [pool-450-thread-1] INFO  server.RaftServerConfigKeys (ConfUtils.java:logGet(43)) - raft.server.rpc.timeout.min = 5s (custom)
2019-08-20 15:23:37,486 [pool-450-thread-1] INFO  server.RaftServerConfigKeys (ConfUtils.java:logGet(43)) - raft.server.rpc.timeout.max = 5200ms (custom)
2019-08-20 15:23:37,486 [pool-450-thread-1] INFO  server.RaftServerConfigKeys (ConfUtils.java:logGet(43)) - raft.server.rpcslowness.timeout = 120s (custom)
2019-08-20 15:23:37,486 [pool-450-thread-1] INFO  server.RaftServerConfigKeys (ConfUtils.java:logGet(43)) - raft.server.sleep.deviation.threshold = 300 (default)
2019-08-20 15:23:37,487 [pool-450-thread-1] INFO  server.RaftServerConfigKeys (ConfUtils.java:logGet(43)) - raft.server.log.appender.install.snapshot.enabled = false (custom)
2019-08-20 15:23:37,487 [pool-439-thread-1] INFO  impl.RaftServerImpl (RaftServerImpl.java:<init>(93)) - fffe0fa6-9e97-473a-b4af-0bacc73ac892: new RaftServerImpl for group-9E5E06D0463C:[6b47a181-38f2-4238-bd0f-68e13143ff11:192.168.36.99:46383, 098fd333-fd07-42ed-bf18-0c1d6ead7454:192.168.36.99:36625, fffe0fa6-9e97-473a-b4af-0bacc73ac892:192.168.36.99:35660] with ContainerStateMachine:uninitialized
2019-08-20 15:23:37,487 [pool-450-thread-1] INFO  impl.RaftServerImpl (ServerState.java:<init>(105)) - 098fd333-fd07-42ed-bf18-0c1d6ead7454:group-9E5E06D0463C ConfigurationManager, init=-1: [6b47a181-38f2-4238-bd0f-68e13143ff11:192.168.36.99:46383, 098fd333-fd07-42ed-bf18-0c1d6ead7454:192.168.36.99:36625, fffe0fa6-9e97-473a-b4af-0bacc73ac892:192.168.36.99:35660], old=null, confs=<EMPTY_MAP>
2019-08-20 15:23:37,487 [pool-439-thread-1] INFO  server.RaftServerConfigKeys (ConfUtils.java:logGet(43)) - raft.server.rpc.timeout.min = 5s (custom)
2019-08-20 15:23:37,487 [pool-450-thread-1] INFO  server.RaftServerConfigKeys (ConfUtils.java:logGet(43)) - raft.server.storage.dir = [/workdir/hadoop-ozone/integration-test/target/test-dir/MiniOzoneClusterImpl-55fc759d-3081-4a00-8886-eafd5a4bcf81/datanode-1/data/ratis] (custom)
2019-08-20 15:23:37,487 [pool-461-thread-1] INFO  impl.RaftServerImpl (RaftServerImpl.java:<init>(93)) - 6b47a181-38f2-4238-bd0f-68e13143ff11: new RaftServerImpl for group-9E5E06D0463C:[6b47a181-38f2-4238-bd0f-68e13143ff11:192.168.36.99:46383, 098fd333-fd07-42ed-bf18-0c1d6ead7454:192.168.36.99:36625, fffe0fa6-9e97-473a-b4af-0bacc73ac892:192.168.36.99:35660] with ContainerStateMachine:uninitialized
2019-08-20 15:23:37,487 [pool-439-thread-1] INFO  server.RaftServerConfigKeys (ConfUtils.java:logGet(43)) - raft.server.rpc.timeout.max = 5200ms (custom)
2019-08-20 15:23:37,487 [pool-461-thread-1] INFO  server.RaftServerConfigKeys (ConfUtils.java:logGet(43)) - raft.server.rpc.timeout.min = 5s (custom)
2019-08-20 15:23:37,487 [pool-450-thread-1] INFO  storage.RaftStorageDirectory (RaftStorageDirectory.java:analyzeStorage(246)) - The storage directory /workdir/hadoop-ozone/integration-test/target/test-dir/MiniOzoneClusterImpl-55fc759d-3081-4a00-8886-eafd5a4bcf81/datanode-1/data/ratis/c99f841a-f15f-45d3-b9b2-9e5e06d0463c does not exist. Creating ...
2019-08-20 15:23:37,487 [pool-439-thread-1] INFO  server.RaftServerConfigKeys (ConfUtils.java:logGet(43)) - raft.server.rpcslowness.timeout = 120s (custom)
2019-08-20 15:23:37,487 [pool-461-thread-1] INFO  server.RaftServerConfigKeys (ConfUtils.java:logGet(43)) - raft.server.rpc.timeout.max = 5200ms (custom)
2019-08-20 15:23:37,488 [pool-439-thread-1] INFO  server.RaftServerConfigKeys (ConfUtils.java:logGet(43)) - raft.server.sleep.deviation.threshold = 300 (default)
2019-08-20 15:23:37,488 [pool-461-thread-1] INFO  server.RaftServerConfigKeys (ConfUtils.java:logGet(43)) - raft.server.rpcslowness.timeout = 120s (custom)
2019-08-20 15:23:37,488 [pool-439-thread-1] INFO  server.RaftServerConfigKeys (ConfUtils.java:logGet(43)) - raft.server.log.appender.install.snapshot.enabled = false (custom)
2019-08-20 15:23:37,488 [pool-461-thread-1] INFO  server.RaftServerConfigKeys (ConfUtils.java:logGet(43)) - raft.server.sleep.deviation.threshold = 300 (default)
2019-08-20 15:23:37,488 [pool-439-thread-1] INFO  impl.RaftServerImpl (ServerState.java:<init>(105)) - fffe0fa6-9e97-473a-b4af-0bacc73ac892:group-9E5E06D0463C ConfigurationManager, init=-1: [6b47a181-38f2-4238-bd0f-68e13143ff11:192.168.36.99:46383, 098fd333-fd07-42ed-bf18-0c1d6ead7454:192.168.36.99:36625, fffe0fa6-9e97-473a-b4af-0bacc73ac892:192.168.36.99:35660], old=null, confs=<EMPTY_MAP>
2019-08-20 15:23:37,488 [pool-461-thread-1] INFO  server.RaftServerConfigKeys (ConfUtils.java:logGet(43)) - raft.server.log.appender.install.snapshot.enabled = false (custom)
2019-08-20 15:23:37,488 [pool-439-thread-1] INFO  server.RaftServerConfigKeys (ConfUtils.java:logGet(43)) - raft.server.storage.dir = [/workdir/hadoop-ozone/integration-test/target/test-dir/MiniOzoneClusterImpl-55fc759d-3081-4a00-8886-eafd5a4bcf81/datanode-0/data/ratis] (custom)
2019-08-20 15:23:37,488 [pool-461-thread-1] INFO  impl.RaftServerImpl (ServerState.java:<init>(105)) - 6b47a181-38f2-4238-bd0f-68e13143ff11:group-9E5E06D0463C ConfigurationManager, init=-1: [6b47a181-38f2-4238-bd0f-68e13143ff11:192.168.36.99:46383, 098fd333-fd07-42ed-bf18-0c1d6ead7454:192.168.36.99:36625, fffe0fa6-9e97-473a-b4af-0bacc73ac892:192.168.36.99:35660], old=null, confs=<EMPTY_MAP>
2019-08-20 15:23:37,489 [pool-461-thread-1] INFO  server.RaftServerConfigKeys (ConfUtils.java:logGet(43)) - raft.server.storage.dir = [/workdir/hadoop-ozone/integration-test/target/test-dir/MiniOzoneClusterImpl-55fc759d-3081-4a00-8886-eafd5a4bcf81/datanode-2/data/ratis] (custom)
2019-08-20 15:23:37,489 [pool-439-thread-1] INFO  storage.RaftStorageDirectory (RaftStorageDirectory.java:analyzeStorage(246)) - The storage directory /workdir/hadoop-ozone/integration-test/target/test-dir/MiniOzoneClusterImpl-55fc759d-3081-4a00-8886-eafd5a4bcf81/datanode-0/data/ratis/c99f841a-f15f-45d3-b9b2-9e5e06d0463c does not exist. Creating ...
2019-08-20 15:23:37,489 [pool-461-thread-1] INFO  storage.RaftStorageDirectory (RaftStorageDirectory.java:analyzeStorage(246)) - The storage directory /workdir/hadoop-ozone/integration-test/target/test-dir/MiniOzoneClusterImpl-55fc759d-3081-4a00-8886-eafd5a4bcf81/datanode-2/data/ratis/c99f841a-f15f-45d3-b9b2-9e5e06d0463c does not exist. Creating ...
2019-08-20 15:23:37,507 [pool-461-thread-1] INFO  storage.RaftStorageDirectory (RaftStorageDirectory.java:tryLock(328)) - Lock on /workdir/hadoop-ozone/integration-test/target/test-dir/MiniOzoneClusterImpl-55fc759d-3081-4a00-8886-eafd5a4bcf81/datanode-2/data/ratis/c99f841a-f15f-45d3-b9b2-9e5e06d0463c/in_use.lock acquired by nodename 20124@pr-hdds-1950-vsl5z-1698008226
2019-08-20 15:23:37,507 [pool-439-thread-1] INFO  storage.RaftStorageDirectory (RaftStorageDirectory.java:tryLock(328)) - Lock on /workdir/hadoop-ozone/integration-test/target/test-dir/MiniOzoneClusterImpl-55fc759d-3081-4a00-8886-eafd5a4bcf81/datanode-0/data/ratis/c99f841a-f15f-45d3-b9b2-9e5e06d0463c/in_use.lock acquired by nodename 20124@pr-hdds-1950-vsl5z-1698008226
2019-08-20 15:23:37,507 [pool-450-thread-1] INFO  storage.RaftStorageDirectory (RaftStorageDirectory.java:tryLock(328)) - Lock on /workdir/hadoop-ozone/integration-test/target/test-dir/MiniOzoneClusterImpl-55fc759d-3081-4a00-8886-eafd5a4bcf81/datanode-1/data/ratis/c99f841a-f15f-45d3-b9b2-9e5e06d0463c/in_use.lock acquired by nodename 20124@pr-hdds-1950-vsl5z-1698008226
2019-08-20 15:23:37,538 [pool-439-thread-1] INFO  storage.RaftStorage (RaftStorage.java:format(72)) - Storage directory /workdir/hadoop-ozone/integration-test/target/test-dir/MiniOzoneClusterImpl-55fc759d-3081-4a00-8886-eafd5a4bcf81/datanode-0/data/ratis/c99f841a-f15f-45d3-b9b2-9e5e06d0463c has been successfully formatted.
2019-08-20 15:23:37,538 [pool-450-thread-1] INFO  storage.RaftStorage (RaftStorage.java:format(72)) - Storage directory /workdir/hadoop-ozone/integration-test/target/test-dir/MiniOzoneClusterImpl-55fc759d-3081-4a00-8886-eafd5a4bcf81/datanode-1/data/ratis/c99f841a-f15f-45d3-b9b2-9e5e06d0463c has been successfully formatted.
2019-08-20 15:23:37,538 [pool-461-thread-1] INFO  storage.RaftStorage (RaftStorage.java:format(72)) - Storage directory /workdir/hadoop-ozone/integration-test/target/test-dir/MiniOzoneClusterImpl-55fc759d-3081-4a00-8886-eafd5a4bcf81/datanode-2/data/ratis/c99f841a-f15f-45d3-b9b2-9e5e06d0463c has been successfully formatted.
2019-08-20 15:23:37,538 [pool-450-thread-1] INFO  ratis.ContainerStateMachine (ContainerStateMachine.java:loadSnapshot(222)) - group-9E5E06D0463C: The snapshot info is null. Setting the last applied indexto:(t:0, i:~)
2019-08-20 15:23:37,538 [pool-461-thread-1] INFO  ratis.ContainerStateMachine (ContainerStateMachine.java:loadSnapshot(222)) - group-9E5E06D0463C: The snapshot info is null. Setting the last applied indexto:(t:0, i:~)
2019-08-20 15:23:37,538 [pool-450-thread-1] INFO  server.RaftServerConfigKeys (ConfUtils.java:logGet(43)) - raft.server.leader.election.timeout = 120s (custom)
2019-08-20 15:23:37,538 [pool-461-thread-1] INFO  server.RaftServerConfigKeys (ConfUtils.java:logGet(43)) - raft.server.leader.election.timeout = 120s (custom)
2019-08-20 15:23:37,538 [pool-450-thread-1] INFO  server.RaftServerConfigKeys (ConfUtils.java:logGet(43)) - raft.server.log.use.memory = false (default)
2019-08-20 15:23:37,538 [pool-439-thread-1] INFO  ratis.ContainerStateMachine (ContainerStateMachine.java:loadSnapshot(222)) - group-9E5E06D0463C: The snapshot info is null. Setting the last applied indexto:(t:0, i:~)
2019-08-20 15:23:37,538 [pool-461-thread-1] INFO  server.RaftServerConfigKeys (ConfUtils.java:logGet(43)) - raft.server.log.use.memory = false (default)
2019-08-20 15:23:37,539 [pool-439-thread-1] INFO  server.RaftServerConfigKeys (ConfUtils.java:logGet(43)) - raft.server.leader.election.timeout = 120s (custom)
2019-08-20 15:23:37,539 [pool-450-thread-1] INFO  server.RaftServerConfigKeys (ConfUtils.java:logGet(43)) - raft.server.log.purge.gap = 1000000 (custom)
2019-08-20 15:23:37,539 [pool-439-thread-1] INFO  server.RaftServerConfigKeys (ConfUtils.java:logGet(43)) - raft.server.log.use.memory = false (default)
2019-08-20 15:23:37,539 [pool-461-thread-1] INFO  server.RaftServerConfigKeys (ConfUtils.java:logGet(43)) - raft.server.log.purge.gap = 1000000 (custom)
2019-08-20 15:23:37,539 [pool-439-thread-1] INFO  server.RaftServerConfigKeys (ConfUtils.java:logGet(43)) - raft.server.log.purge.gap = 1000000 (custom)
2019-08-20 15:23:37,539 [pool-450-thread-1] INFO  server.RaftServerConfigKeys (ConfUtils.java:logGet(43)) - raft.server.log.appender.buffer.byte-limit = 33554432 (custom)
2019-08-20 15:23:37,539 [pool-439-thread-1] INFO  server.RaftServerConfigKeys (ConfUtils.java:logGet(43)) - raft.server.log.appender.buffer.byte-limit = 33554432 (custom)
2019-08-20 15:23:37,539 [pool-461-thread-1] INFO  server.RaftServerConfigKeys (ConfUtils.java:logGet(43)) - raft.server.log.appender.buffer.byte-limit = 33554432 (custom)
2019-08-20 15:23:37,540 [pool-439-thread-1] INFO  server.RaftServerConfigKeys (ConfUtils.java:logGet(43)) - raft.server.log.segment.size.max = 1048576 (custom)
2019-08-20 15:23:37,539 [pool-450-thread-1] INFO  server.RaftServerConfigKeys (ConfUtils.java:logGet(43)) - raft.server.log.segment.size.max = 1048576 (custom)
2019-08-20 15:23:37,540 [pool-439-thread-1] INFO  server.RaftServerConfigKeys (ConfUtils.java:logGet(43)) - raft.server.log.segment.cache.num.max = 2 (custom)
2019-08-20 15:23:37,540 [pool-461-thread-1] INFO  server.RaftServerConfigKeys (ConfUtils.java:logGet(43)) - raft.server.log.segment.size.max = 1048576 (custom)
2019-08-20 15:23:37,540 [pool-439-thread-1] INFO  segmented.SegmentedRaftLogWorker (SegmentedRaftLogWorker.java:<init>(172)) - new fffe0fa6-9e97-473a-b4af-0bacc73ac892-SegmentedRaftLogWorker:Storage Directory /workdir/hadoop-ozone/integration-test/target/test-dir/MiniOzoneClusterImpl-55fc759d-3081-4a00-8886-eafd5a4bcf81/datanode-0/data/ratis/c99f841a-f15f-45d3-b9b2-9e5e06d0463c for RaftStorage:Storage Directory /workdir/hadoop-ozone/integration-test/target/test-dir/MiniOzoneClusterImpl-55fc759d-3081-4a00-8886-eafd5a4bcf81/datanode-0/data/ratis/c99f841a-f15f-45d3-b9b2-9e5e06d0463c
2019-08-20 15:23:37,540 [pool-450-thread-1] INFO  server.RaftServerConfigKeys (ConfUtils.java:logGet(43)) - raft.server.log.segment.cache.num.max = 2 (custom)
2019-08-20 15:23:37,540 [pool-439-thread-1] INFO  server.RaftServerConfigKeys (ConfUtils.java:logGet(43)) - raft.server.log.queue.byte-limit = 2147483647 (custom)
2019-08-20 15:23:37,540 [pool-461-thread-1] INFO  server.RaftServerConfigKeys (ConfUtils.java:logGet(43)) - raft.server.log.segment.cache.num.max = 2 (custom)
2019-08-20 15:23:37,540 [pool-439-thread-1] INFO  server.RaftServerConfigKeys (ConfUtils.java:logGet(43)) - raft.server.log.queue.element-limit = 1024 (custom)
2019-08-20 15:23:37,540 [pool-450-thread-1] INFO  segmented.SegmentedRaftLogWorker (SegmentedRaftLogWorker.java:<init>(172)) - new 098fd333-fd07-42ed-bf18-0c1d6ead7454-SegmentedRaftLogWorker:Storage Directory /workdir/hadoop-ozone/integration-test/target/test-dir/MiniOzoneClusterImpl-55fc759d-3081-4a00-8886-eafd5a4bcf81/datanode-1/data/ratis/c99f841a-f15f-45d3-b9b2-9e5e06d0463c for RaftStorage:Storage Directory /workdir/hadoop-ozone/integration-test/target/test-dir/MiniOzoneClusterImpl-55fc759d-3081-4a00-8886-eafd5a4bcf81/datanode-1/data/ratis/c99f841a-f15f-45d3-b9b2-9e5e06d0463c
2019-08-20 15:23:37,541 [pool-439-thread-1] INFO  server.RaftServerConfigKeys (ConfUtils.java:logGet(43)) - raft.server.log.segment.size.max = 1048576 (custom)
2019-08-20 15:23:37,540 [pool-461-thread-1] INFO  segmented.SegmentedRaftLogWorker (SegmentedRaftLogWorker.java:<init>(172)) - new 6b47a181-38f2-4238-bd0f-68e13143ff11-SegmentedRaftLogWorker:Storage Directory /workdir/hadoop-ozone/integration-test/target/test-dir/MiniOzoneClusterImpl-55fc759d-3081-4a00-8886-eafd5a4bcf81/datanode-2/data/ratis/c99f841a-f15f-45d3-b9b2-9e5e06d0463c for RaftStorage:Storage Directory /workdir/hadoop-ozone/integration-test/target/test-dir/MiniOzoneClusterImpl-55fc759d-3081-4a00-8886-eafd5a4bcf81/datanode-2/data/ratis/c99f841a-f15f-45d3-b9b2-9e5e06d0463c
2019-08-20 15:23:37,541 [pool-439-thread-1] INFO  server.RaftServerConfigKeys (ConfUtils.java:logGet(43)) - raft.server.log.preallocated.size = 16384 (custom)
2019-08-20 15:23:37,541 [pool-450-thread-1] INFO  server.RaftServerConfigKeys (ConfUtils.java:logGet(43)) - raft.server.log.queue.byte-limit = 2147483647 (custom)
2019-08-20 15:23:37,541 [pool-439-thread-1] INFO  server.RaftServerConfigKeys (ConfUtils.java:logGet(43)) - raft.server.log.write.buffer.size = 33554432 (custom)
2019-08-20 15:23:37,541 [pool-461-thread-1] INFO  server.RaftServerConfigKeys (ConfUtils.java:logGet(43)) - raft.server.log.queue.byte-limit = 2147483647 (custom)
2019-08-20 15:23:37,541 [pool-439-thread-1] INFO  server.RaftServerConfigKeys (ConfUtils.java:logGet(43)) - raft.server.log.force.sync.num = 128 (default)
2019-08-20 15:23:37,541 [pool-450-thread-1] INFO  server.RaftServerConfigKeys (ConfUtils.java:logGet(43)) - raft.server.log.queue.element-limit = 1024 (custom)
2019-08-20 15:23:37,541 [pool-439-thread-1] INFO  server.RaftServerConfigKeys (ConfUtils.java:logGet(43)) - raft.server.log.statemachine.data.sync = true (default)
2019-08-20 15:23:37,541 [pool-461-thread-1] INFO  server.RaftServerConfigKeys (ConfUtils.java:logGet(43)) - raft.server.log.queue.element-limit = 1024 (custom)
2019-08-20 15:23:37,542 [pool-439-thread-1] INFO  server.RaftServerConfigKeys (ConfUtils.java:logGet(43)) - raft.server.log.statemachine.data.sync.timeout = 10s (default)
2019-08-20 15:23:37,542 [pool-450-thread-1] INFO  server.RaftServerConfigKeys (ConfUtils.java:logGet(43)) - raft.server.log.segment.size.max = 1048576 (custom)
2019-08-20 15:23:37,542 [pool-439-thread-1] INFO  server.RaftServerConfigKeys (ConfUtils.java:logGet(43)) - raft.server.log.statemachine.data.sync.timeout.retry = -1 (default)
2019-08-20 15:23:37,542 [pool-461-thread-1] INFO  server.RaftServerConfigKeys (ConfUtils.java:logGet(43)) - raft.server.log.segment.size.max = 1048576 (custom)
2019-08-20 15:23:37,542 [pool-439-thread-1] INFO  server.RaftServerConfigKeys (ConfUtils.java:logGet(43)) - raft.server.log.statemachine.data.caching.enabled = true (custom)
2019-08-20 15:23:37,542 [pool-450-thread-1] INFO  server.RaftServerConfigKeys (ConfUtils.java:logGet(43)) - raft.server.log.preallocated.size = 16384 (custom)
2019-08-20 15:23:37,542 [pool-461-thread-1] INFO  server.RaftServerConfigKeys (ConfUtils.java:logGet(43)) - raft.server.log.preallocated.size = 16384 (custom)
2019-08-20 15:23:37,542 [pool-450-thread-1] INFO  server.RaftServerConfigKeys (ConfUtils.java:logGet(43)) - raft.server.log.write.buffer.size = 33554432 (custom)
2019-08-20 15:23:37,542 [pool-439-thread-1] INFO  segmented.SegmentedRaftLogWorker (SegmentedRaftLogWorker.java:lambda$new$0(132)) - fffe0fa6-9e97-473a-b4af-0bacc73ac892-SegmentedRaftLogWorker:Storage Directory /workdir/hadoop-ozone/integration-test/target/test-dir/MiniOzoneClusterImpl-55fc759d-3081-4a00-8886-eafd5a4bcf81/datanode-0/data/ratis/c99f841a-f15f-45d3-b9b2-9e5e06d0463c: flushIndex: setUnconditionally 0 -> -1
2019-08-20 15:23:37,542 [pool-461-thread-1] INFO  server.RaftServerConfigKeys (ConfUtils.java:logGet(43)) - raft.server.log.write.buffer.size = 33554432 (custom)
2019-08-20 15:23:37,543 [pool-461-thread-1] INFO  server.RaftServerConfigKeys (ConfUtils.java:logGet(43)) - raft.server.log.force.sync.num = 128 (default)
2019-08-20 15:23:37,542 [pool-450-thread-1] INFO  server.RaftServerConfigKeys (ConfUtils.java:logGet(43)) - raft.server.log.force.sync.num = 128 (default)
2019-08-20 15:23:37,543 [pool-461-thread-1] INFO  server.RaftServerConfigKeys (ConfUtils.java:logGet(43)) - raft.server.log.statemachine.data.sync = true (default)
2019-08-20 15:23:37,543 [pool-439-thread-1] INFO  server.RaftServerConfigKeys (ConfUtils.java:logGet(43)) - raft.server.snapshot.auto.trigger.enabled = true (custom)
2019-08-20 15:23:37,543 [pool-461-thread-1] INFO  server.RaftServerConfigKeys (ConfUtils.java:logGet(43)) - raft.server.log.statemachine.data.sync.timeout = 10s (default)
2019-08-20 15:23:37,543 [pool-461-thread-1] INFO  server.RaftServerConfigKeys (ConfUtils.java:logGet(43)) - raft.server.log.statemachine.data.sync.timeout.retry = -1 (default)
2019-08-20 15:23:37,543 [pool-450-thread-1] INFO  server.RaftServerConfigKeys (ConfUtils.java:logGet(43)) - raft.server.log.statemachine.data.sync = true (default)
2019-08-20 15:23:37,543 [pool-461-thread-1] INFO  server.RaftServerConfigKeys (ConfUtils.java:logGet(43)) - raft.server.log.statemachine.data.caching.enabled = true (custom)
2019-08-20 15:23:37,543 [pool-439-thread-1] INFO  server.RaftServerConfigKeys (ConfUtils.java:logGet(43)) - raft.server.snapshot.auto.trigger.threshold = 10000 (custom)
2019-08-20 15:23:37,543 [pool-450-thread-1] INFO  server.RaftServerConfigKeys (ConfUtils.java:logGet(43)) - raft.server.log.statemachine.data.sync.timeout = 10s (default)
2019-08-20 15:23:37,544 [pool-439-thread-1] INFO  server.RaftServerConfigKeys (ConfUtils.java:logGet(43)) - raft.server.retrycache.expirytime = 600000ms (custom)
2019-08-20 15:23:37,544 [pool-461-thread-1] INFO  segmented.SegmentedRaftLogWorker (SegmentedRaftLogWorker.java:lambda$new$0(132)) - 6b47a181-38f2-4238-bd0f-68e13143ff11-SegmentedRaftLogWorker:Storage Directory /workdir/hadoop-ozone/integration-test/target/test-dir/MiniOzoneClusterImpl-55fc759d-3081-4a00-8886-eafd5a4bcf81/datanode-2/data/ratis/c99f841a-f15f-45d3-b9b2-9e5e06d0463c: flushIndex: setUnconditionally 0 -> -1
2019-08-20 15:23:37,544 [pool-439-thread-1] INFO  impl.RaftServerImpl (RaftServerImpl.java:start(180)) - fffe0fa6-9e97-473a-b4af-0bacc73ac892: start group-9E5E06D0463C
2019-08-20 15:23:37,544 [pool-439-thread-1] INFO  impl.RaftServerImpl (RaftServerImpl.java:setRole(171)) - fffe0fa6-9e97-473a-b4af-0bacc73ac892:group-9E5E06D0463C changes role from null to FOLLOWER at term 0 for startAsFollower
2019-08-20 15:23:37,544 [pool-450-thread-1] INFO  server.RaftServerConfigKeys (ConfUtils.java:logGet(43)) - raft.server.log.statemachine.data.sync.timeout.retry = -1 (default)
2019-08-20 15:23:37,544 [pool-439-thread-1] INFO  impl.RoleInfo (RoleInfo.java:updateAndGet(143)) - fffe0fa6-9e97-473a-b4af-0bacc73ac892: start FollowerState
2019-08-20 15:23:37,544 [pool-461-thread-1] INFO  server.RaftServerConfigKeys (ConfUtils.java:logGet(43)) - raft.server.snapshot.auto.trigger.enabled = true (custom)
2019-08-20 15:23:37,544 [pool-450-thread-1] INFO  server.RaftServerConfigKeys (ConfUtils.java:logGet(43)) - raft.server.log.statemachine.data.caching.enabled = true (custom)
2019-08-20 15:23:37,544 [pool-461-thread-1] INFO  server.RaftServerConfigKeys (ConfUtils.java:logGet(43)) - raft.server.snapshot.auto.trigger.threshold = 10000 (custom)
2019-08-20 15:23:37,545 [pool-439-thread-1] INFO  util.JmxRegister (JmxRegister.java:tryRegister(44)) - Successfully registered JMX Bean with object name Ratis:service=RaftServer,group=group-9E5E06D0463C,id=fffe0fa6-9e97-473a-b4af-0bacc73ac892
2019-08-20 15:23:37,545 [pool-461-thread-1] INFO  server.RaftServerConfigKeys (ConfUtils.java:logGet(43)) - raft.server.retrycache.expirytime = 600000ms (custom)
2019-08-20 15:23:37,545 [pool-450-thread-1] INFO  segmented.SegmentedRaftLogWorker (SegmentedRaftLogWorker.java:lambda$new$0(132)) - 098fd333-fd07-42ed-bf18-0c1d6ead7454-SegmentedRaftLogWorker:Storage Directory /workdir/hadoop-ozone/integration-test/target/test-dir/MiniOzoneClusterImpl-55fc759d-3081-4a00-8886-eafd5a4bcf81/datanode-1/data/ratis/c99f841a-f15f-45d3-b9b2-9e5e06d0463c: flushIndex: setUnconditionally 0 -> -1
2019-08-20 15:23:37,545 [pool-461-thread-1] INFO  impl.RaftServerImpl (RaftServerImpl.java:start(180)) - 6b47a181-38f2-4238-bd0f-68e13143ff11: start group-9E5E06D0463C
2019-08-20 15:23:37,545 [pool-461-thread-1] INFO  impl.RaftServerImpl (RaftServerImpl.java:setRole(171)) - 6b47a181-38f2-4238-bd0f-68e13143ff11:group-9E5E06D0463C changes role from null to FOLLOWER at term 0 for startAsFollower
2019-08-20 15:23:37,545 [pool-450-thread-1] INFO  server.RaftServerConfigKeys (ConfUtils.java:logGet(43)) - raft.server.snapshot.auto.trigger.enabled = true (custom)
2019-08-20 15:23:37,545 [pool-461-thread-1] INFO  impl.RoleInfo (RoleInfo.java:updateAndGet(143)) - 6b47a181-38f2-4238-bd0f-68e13143ff11: start FollowerState
2019-08-20 15:23:37,545 [pool-450-thread-1] INFO  server.RaftServerConfigKeys (ConfUtils.java:logGet(43)) - raft.server.snapshot.auto.trigger.threshold = 10000 (custom)
2019-08-20 15:23:37,545 [pool-450-thread-1] INFO  server.RaftServerConfigKeys (ConfUtils.java:logGet(43)) - raft.server.retrycache.expirytime = 600000ms (custom)
2019-08-20 15:23:37,546 [pool-450-thread-1] INFO  impl.RaftServerImpl (RaftServerImpl.java:start(180)) - 098fd333-fd07-42ed-bf18-0c1d6ead7454: start group-9E5E06D0463C
2019-08-20 15:23:37,546 [pool-461-thread-1] INFO  util.JmxRegister (JmxRegister.java:tryRegister(44)) - Successfully registered JMX Bean with object name Ratis:service=RaftServer,group=group-9E5E06D0463C,id=6b47a181-38f2-4238-bd0f-68e13143ff11
2019-08-20 15:23:37,546 [pool-450-thread-1] INFO  impl.RaftServerImpl (RaftServerImpl.java:setRole(171)) - 098fd333-fd07-42ed-bf18-0c1d6ead7454:group-9E5E06D0463C changes role from null to FOLLOWER at term 0 for startAsFollower
2019-08-20 15:23:37,546 [pool-450-thread-1] INFO  impl.RoleInfo (RoleInfo.java:updateAndGet(143)) - 098fd333-fd07-42ed-bf18-0c1d6ead7454: start FollowerState
2019-08-20 15:23:37,546 [pool-450-thread-1] INFO  util.JmxRegister (JmxRegister.java:tryRegister(44)) - Successfully registered JMX Bean with object name Ratis:service=RaftServer,group=group-9E5E06D0463C,id=098fd333-fd07-42ed-bf18-0c1d6ead7454
2019-08-20 15:23:37,548 [RatisPipelineUtilsThread] INFO  pipeline.PipelineStateManager (PipelineStateManager.java:addPipeline(56)) - Created pipeline Pipeline[ Id: c99f841a-f15f-45d3-b9b2-9e5e06d0463c, Nodes: 6b47a181-38f2-4238-bd0f-68e13143ff11{ip: 192.168.36.99, host: pr-hdds-1950-vsl5z-1698008226, networkLocation: /default-rack, certSerialId: null}098fd333-fd07-42ed-bf18-0c1d6ead7454{ip: 192.168.36.99, host: pr-hdds-1950-vsl5z-1698008226, networkLocation: /default-rack, certSerialId: null}fffe0fa6-9e97-473a-b4af-0bacc73ac892{ip: 192.168.36.99, host: pr-hdds-1950-vsl5z-1698008226, networkLocation: /default-rack, certSerialId: null}, Type:RATIS, Factor:THREE, State:OPEN]
2019-08-20 15:23:37,573 [IPC Server handler 7 on 42907] INFO  net.NetworkTopology (NetworkTopologyImpl.java:add(110)) - Added a new node: /default-rack/81cebdb6-2756-4de8-83ea-a7eacd20f204
2019-08-20 15:23:37,574 [IPC Server handler 7 on 42907] INFO  node.SCMNodeManager (SCMNodeManager.java:register(273)) - Registered Data node : 81cebdb6-2756-4de8-83ea-a7eacd20f204{ip: 192.168.36.99, host: pr-hdds-1950-vsl5z-1698008226, networkLocation: /default-rack, certSerialId: null}
2019-08-20 15:23:37,574 | INFO  | SCMAudit | user=jenkins1000 | ip=192.168.36.99 | op=REGISTER {datanodeDetails=81cebdb6-2756-4de8-83ea-a7eacd20f204{ip: 192.168.36.99, host: pr-hdds-1950-vsl5z-1698008226, networkLocation: /default-rack, certSerialId: null}} | ret=SUCCESS |  
2019-08-20 15:23:37,580 [grpc-default-executor-10] INFO  impl.RaftServerProxy (RaftServerProxy.java:addNew(89)) - 81cebdb6-2756-4de8-83ea-a7eacd20f204: addNew group-FCD3519CBF59:[81cebdb6-2756-4de8-83ea-a7eacd20f204:192.168.36.99:46096] returns group-FCD3519CBF59:java.util.concurrent.CompletableFuture@29bd52d0[Not completed]
2019-08-20 15:23:37,581 [pool-472-thread-1] INFO  impl.RaftServerImpl (RaftServerImpl.java:<init>(93)) - 81cebdb6-2756-4de8-83ea-a7eacd20f204: new RaftServerImpl for group-FCD3519CBF59:[81cebdb6-2756-4de8-83ea-a7eacd20f204:192.168.36.99:46096] with ContainerStateMachine:uninitialized
2019-08-20 15:23:37,581 [pool-472-thread-1] INFO  server.RaftServerConfigKeys (ConfUtils.java:logGet(43)) - raft.server.rpc.timeout.min = 5s (custom)
2019-08-20 15:23:37,581 [pool-472-thread-1] INFO  server.RaftServerConfigKeys (ConfUtils.java:logGet(43)) - raft.server.rpc.timeout.max = 5200ms (custom)
2019-08-20 15:23:37,581 [pool-472-thread-1] INFO  server.RaftServerConfigKeys (ConfUtils.java:logGet(43)) - raft.server.rpcslowness.timeout = 120s (custom)
2019-08-20 15:23:37,581 [pool-472-thread-1] INFO  server.RaftServerConfigKeys (ConfUtils.java:logGet(43)) - raft.server.sleep.deviation.threshold = 300 (default)
2019-08-20 15:23:37,581 [pool-472-thread-1] INFO  server.RaftServerConfigKeys (ConfUtils.java:logGet(43)) - raft.server.log.appender.install.snapshot.enabled = false (custom)
2019-08-20 15:23:37,581 [pool-472-thread-1] INFO  impl.RaftServerImpl (ServerState.java:<init>(105)) - 81cebdb6-2756-4de8-83ea-a7eacd20f204:group-FCD3519CBF59 ConfigurationManager, init=-1: [81cebdb6-2756-4de8-83ea-a7eacd20f204:192.168.36.99:46096], old=null, confs=<EMPTY_MAP>
2019-08-20 15:23:37,582 [pool-472-thread-1] INFO  server.RaftServerConfigKeys (ConfUtils.java:logGet(43)) - raft.server.storage.dir = [/workdir/hadoop-ozone/integration-test/target/test-dir/MiniOzoneClusterImpl-55fc759d-3081-4a00-8886-eafd5a4bcf81/datanode-3/data/ratis] (custom)
2019-08-20 15:23:37,582 [pool-472-thread-1] INFO  storage.RaftStorageDirectory (RaftStorageDirectory.java:analyzeStorage(246)) - The storage directory /workdir/hadoop-ozone/integration-test/target/test-dir/MiniOzoneClusterImpl-55fc759d-3081-4a00-8886-eafd5a4bcf81/datanode-3/data/ratis/397c2e4f-cb06-4d9a-90c6-fcd3519cbf59 does not exist. Creating ...
2019-08-20 15:23:37,605 [pool-472-thread-1] INFO  storage.RaftStorageDirectory (RaftStorageDirectory.java:tryLock(328)) - Lock on /workdir/hadoop-ozone/integration-test/target/test-dir/MiniOzoneClusterImpl-55fc759d-3081-4a00-8886-eafd5a4bcf81/datanode-3/data/ratis/397c2e4f-cb06-4d9a-90c6-fcd3519cbf59/in_use.lock acquired by nodename 20124@pr-hdds-1950-vsl5z-1698008226
2019-08-20 15:23:37,629 [pool-472-thread-1] INFO  storage.RaftStorage (RaftStorage.java:format(72)) - Storage directory /workdir/hadoop-ozone/integration-test/target/test-dir/MiniOzoneClusterImpl-55fc759d-3081-4a00-8886-eafd5a4bcf81/datanode-3/data/ratis/397c2e4f-cb06-4d9a-90c6-fcd3519cbf59 has been successfully formatted.
2019-08-20 15:23:37,629 [pool-472-thread-1] INFO  ratis.ContainerStateMachine (ContainerStateMachine.java:loadSnapshot(222)) - group-FCD3519CBF59: The snapshot info is null. Setting the last applied indexto:(t:0, i:~)
2019-08-20 15:23:37,629 [pool-472-thread-1] INFO  server.RaftServerConfigKeys (ConfUtils.java:logGet(43)) - raft.server.leader.election.timeout = 120s (custom)
2019-08-20 15:23:37,630 [pool-472-thread-1] INFO  server.RaftServerConfigKeys (ConfUtils.java:logGet(43)) - raft.server.log.use.memory = false (default)
2019-08-20 15:23:37,630 [pool-472-thread-1] INFO  server.RaftServerConfigKeys (ConfUtils.java:logGet(43)) - raft.server.log.purge.gap = 1000000 (custom)
2019-08-20 15:23:37,630 [pool-472-thread-1] INFO  server.RaftServerConfigKeys (ConfUtils.java:logGet(43)) - raft.server.log.appender.buffer.byte-limit = 33554432 (custom)
2019-08-20 15:23:37,630 [pool-472-thread-1] INFO  server.RaftServerConfigKeys (ConfUtils.java:logGet(43)) - raft.server.log.segment.size.max = 1048576 (custom)
2019-08-20 15:23:37,630 [pool-472-thread-1] INFO  server.RaftServerConfigKeys (ConfUtils.java:logGet(43)) - raft.server.log.segment.cache.num.max = 2 (custom)
2019-08-20 15:23:37,630 [pool-472-thread-1] INFO  segmented.SegmentedRaftLogWorker (SegmentedRaftLogWorker.java:<init>(172)) - new 81cebdb6-2756-4de8-83ea-a7eacd20f204-SegmentedRaftLogWorker:Storage Directory /workdir/hadoop-ozone/integration-test/target/test-dir/MiniOzoneClusterImpl-55fc759d-3081-4a00-8886-eafd5a4bcf81/datanode-3/data/ratis/397c2e4f-cb06-4d9a-90c6-fcd3519cbf59 for RaftStorage:Storage Directory /workdir/hadoop-ozone/integration-test/target/test-dir/MiniOzoneClusterImpl-55fc759d-3081-4a00-8886-eafd5a4bcf81/datanode-3/data/ratis/397c2e4f-cb06-4d9a-90c6-fcd3519cbf59
2019-08-20 15:23:37,631 [pool-472-thread-1] INFO  server.RaftServerConfigKeys (ConfUtils.java:logGet(43)) - raft.server.log.queue.byte-limit = 2147483647 (custom)
2019-08-20 15:23:37,631 [pool-472-thread-1] INFO  server.RaftServerConfigKeys (ConfUtils.java:logGet(43)) - raft.server.log.queue.element-limit = 1024 (custom)
2019-08-20 15:23:37,631 [pool-472-thread-1] INFO  server.RaftServerConfigKeys (ConfUtils.java:logGet(43)) - raft.server.log.segment.size.max = 1048576 (custom)
2019-08-20 15:23:37,631 [pool-472-thread-1] INFO  server.RaftServerConfigKeys (ConfUtils.java:logGet(43)) - raft.server.log.preallocated.size = 16384 (custom)
2019-08-20 15:23:37,631 [pool-472-thread-1] INFO  server.RaftServerConfigKeys (ConfUtils.java:logGet(43)) - raft.server.log.write.buffer.size = 33554432 (custom)
2019-08-20 15:23:37,631 [pool-472-thread-1] INFO  server.RaftServerConfigKeys (ConfUtils.java:logGet(43)) - raft.server.log.force.sync.num = 128 (default)
2019-08-20 15:23:37,632 [pool-472-thread-1] INFO  server.RaftServerConfigKeys (ConfUtils.java:logGet(43)) - raft.server.log.statemachine.data.sync = true (default)
2019-08-20 15:23:37,632 [pool-472-thread-1] INFO  server.RaftServerConfigKeys (ConfUtils.java:logGet(43)) - raft.server.log.statemachine.data.sync.timeout = 10s (default)
2019-08-20 15:23:37,632 [pool-472-thread-1] INFO  server.RaftServerConfigKeys (ConfUtils.java:logGet(43)) - raft.server.log.statemachine.data.sync.timeout.retry = -1 (default)
2019-08-20 15:23:37,632 [pool-472-thread-1] INFO  server.RaftServerConfigKeys (ConfUtils.java:logGet(43)) - raft.server.log.statemachine.data.caching.enabled = true (custom)
2019-08-20 15:23:37,633 [pool-472-thread-1] INFO  segmented.SegmentedRaftLogWorker (SegmentedRaftLogWorker.java:lambda$new$0(132)) - 81cebdb6-2756-4de8-83ea-a7eacd20f204-SegmentedRaftLogWorker:Storage Directory /workdir/hadoop-ozone/integration-test/target/test-dir/MiniOzoneClusterImpl-55fc759d-3081-4a00-8886-eafd5a4bcf81/datanode-3/data/ratis/397c2e4f-cb06-4d9a-90c6-fcd3519cbf59: flushIndex: setUnconditionally 0 -> -1
2019-08-20 15:23:37,633 [pool-472-thread-1] INFO  server.RaftServerConfigKeys (ConfUtils.java:logGet(43)) - raft.server.snapshot.auto.trigger.enabled = true (custom)
2019-08-20 15:23:37,633 [pool-472-thread-1] INFO  server.RaftServerConfigKeys (ConfUtils.java:logGet(43)) - raft.server.snapshot.auto.trigger.threshold = 10000 (custom)
2019-08-20 15:23:37,633 [pool-472-thread-1] INFO  server.RaftServerConfigKeys (ConfUtils.java:logGet(43)) - raft.server.retrycache.expirytime = 600000ms (custom)
2019-08-20 15:23:37,633 [pool-472-thread-1] INFO  impl.RaftServerImpl (RaftServerImpl.java:start(180)) - 81cebdb6-2756-4de8-83ea-a7eacd20f204: start group-FCD3519CBF59
2019-08-20 15:23:37,633 [pool-472-thread-1] INFO  impl.RaftServerImpl (RaftServerImpl.java:setRole(171)) - 81cebdb6-2756-4de8-83ea-a7eacd20f204:group-FCD3519CBF59 changes role from null to FOLLOWER at term 0 for startAsFollower
2019-08-20 15:23:37,634 [pool-472-thread-1] INFO  impl.RoleInfo (RoleInfo.java:updateAndGet(143)) - 81cebdb6-2756-4de8-83ea-a7eacd20f204: start FollowerState
2019-08-20 15:23:37,634 [pool-472-thread-1] INFO  util.JmxRegister (JmxRegister.java:tryRegister(44)) - Successfully registered JMX Bean with object name Ratis:service=RaftServer,group=group-FCD3519CBF59,id=81cebdb6-2756-4de8-83ea-a7eacd20f204
2019-08-20 15:23:37,636 [RatisPipelineUtilsThread] INFO  pipeline.PipelineStateManager (PipelineStateManager.java:addPipeline(56)) - Created pipeline Pipeline[ Id: 397c2e4f-cb06-4d9a-90c6-fcd3519cbf59, Nodes: 81cebdb6-2756-4de8-83ea-a7eacd20f204{ip: 192.168.36.99, host: pr-hdds-1950-vsl5z-1698008226, networkLocation: /default-rack, certSerialId: null}, Type:RATIS, Factor:ONE, State:OPEN]
2019-08-20 15:23:37,802 [IPC Server handler 1 on 42907] INFO  net.NetworkTopology (NetworkTopologyImpl.java:add(110)) - Added a new node: /default-rack/9c6ab30a-d72f-459b-9d58-6af7941cdaaa
2019-08-20 15:23:37,803 [IPC Server handler 1 on 42907] INFO  node.SCMNodeManager (SCMNodeManager.java:register(273)) - Registered Data node : 9c6ab30a-d72f-459b-9d58-6af7941cdaaa{ip: 192.168.36.99, host: pr-hdds-1950-vsl5z-1698008226, networkLocation: /default-rack, certSerialId: null}
2019-08-20 15:23:37,803 | INFO  | SCMAudit | user=jenkins1000 | ip=192.168.36.99 | op=REGISTER {datanodeDetails=9c6ab30a-d72f-459b-9d58-6af7941cdaaa{ip: 192.168.36.99, host: pr-hdds-1950-vsl5z-1698008226, networkLocation: /default-rack, certSerialId: null}} | ret=SUCCESS |  
2019-08-20 15:23:37,810 [grpc-default-executor-10] INFO  impl.RaftServerProxy (RaftServerProxy.java:addNew(89)) - 9c6ab30a-d72f-459b-9d58-6af7941cdaaa: addNew group-FB154D2C8A4A:[9c6ab30a-d72f-459b-9d58-6af7941cdaaa:192.168.36.99:45772] returns group-FB154D2C8A4A:java.util.concurrent.CompletableFuture@2b8146bb[Not completed]
2019-08-20 15:23:37,811 [pool-483-thread-1] INFO  impl.RaftServerImpl (RaftServerImpl.java:<init>(93)) - 9c6ab30a-d72f-459b-9d58-6af7941cdaaa: new RaftServerImpl for group-FB154D2C8A4A:[9c6ab30a-d72f-459b-9d58-6af7941cdaaa:192.168.36.99:45772] with ContainerStateMachine:uninitialized
2019-08-20 15:23:37,811 [pool-483-thread-1] INFO  server.RaftServerConfigKeys (ConfUtils.java:logGet(43)) - raft.server.rpc.timeout.min = 5s (custom)
2019-08-20 15:23:37,812 [pool-483-thread-1] INFO  server.RaftServerConfigKeys (ConfUtils.java:logGet(43)) - raft.server.rpc.timeout.max = 5200ms (custom)
2019-08-20 15:23:37,812 [pool-483-thread-1] INFO  server.RaftServerConfigKeys (ConfUtils.java:logGet(43)) - raft.server.rpcslowness.timeout = 120s (custom)
2019-08-20 15:23:37,812 [pool-483-thread-1] INFO  server.RaftServerConfigKeys (ConfUtils.java:logGet(43)) - raft.server.sleep.deviation.threshold = 300 (default)
2019-08-20 15:23:37,812 [pool-483-thread-1] INFO  server.RaftServerConfigKeys (ConfUtils.java:logGet(43)) - raft.server.log.appender.install.snapshot.enabled = false (custom)
2019-08-20 15:23:37,812 [pool-483-thread-1] INFO  impl.RaftServerImpl (ServerState.java:<init>(105)) - 9c6ab30a-d72f-459b-9d58-6af7941cdaaa:group-FB154D2C8A4A ConfigurationManager, init=-1: [9c6ab30a-d72f-459b-9d58-6af7941cdaaa:192.168.36.99:45772], old=null, confs=<EMPTY_MAP>
2019-08-20 15:23:37,812 [pool-483-thread-1] INFO  server.RaftServerConfigKeys (ConfUtils.java:logGet(43)) - raft.server.storage.dir = [/workdir/hadoop-ozone/integration-test/target/test-dir/MiniOzoneClusterImpl-55fc759d-3081-4a00-8886-eafd5a4bcf81/datanode-4/data/ratis] (custom)
2019-08-20 15:23:37,813 [pool-483-thread-1] INFO  storage.RaftStorageDirectory (RaftStorageDirectory.java:analyzeStorage(246)) - The storage directory /workdir/hadoop-ozone/integration-test/target/test-dir/MiniOzoneClusterImpl-55fc759d-3081-4a00-8886-eafd5a4bcf81/datanode-4/data/ratis/4035f650-b1f1-4299-8d1d-fb154d2c8a4a does not exist. Creating ...
2019-08-20 15:23:37,839 [pool-483-thread-1] INFO  storage.RaftStorageDirectory (RaftStorageDirectory.java:tryLock(328)) - Lock on /workdir/hadoop-ozone/integration-test/target/test-dir/MiniOzoneClusterImpl-55fc759d-3081-4a00-8886-eafd5a4bcf81/datanode-4/data/ratis/4035f650-b1f1-4299-8d1d-fb154d2c8a4a/in_use.lock acquired by nodename 20124@pr-hdds-1950-vsl5z-1698008226
2019-08-20 15:23:37,863 [pool-483-thread-1] INFO  storage.RaftStorage (RaftStorage.java:format(72)) - Storage directory /workdir/hadoop-ozone/integration-test/target/test-dir/MiniOzoneClusterImpl-55fc759d-3081-4a00-8886-eafd5a4bcf81/datanode-4/data/ratis/4035f650-b1f1-4299-8d1d-fb154d2c8a4a has been successfully formatted.
2019-08-20 15:23:37,863 [pool-483-thread-1] INFO  ratis.ContainerStateMachine (ContainerStateMachine.java:loadSnapshot(222)) - group-FB154D2C8A4A: The snapshot info is null. Setting the last applied indexto:(t:0, i:~)
2019-08-20 15:23:37,863 [pool-483-thread-1] INFO  server.RaftServerConfigKeys (ConfUtils.java:logGet(43)) - raft.server.leader.election.timeout = 120s (custom)
2019-08-20 15:23:37,864 [pool-483-thread-1] INFO  server.RaftServerConfigKeys (ConfUtils.java:logGet(43)) - raft.server.log.use.memory = false (default)
2019-08-20 15:23:37,864 [pool-483-thread-1] INFO  server.RaftServerConfigKeys (ConfUtils.java:logGet(43)) - raft.server.log.purge.gap = 1000000 (custom)
2019-08-20 15:23:37,864 [pool-483-thread-1] INFO  server.RaftServerConfigKeys (ConfUtils.java:logGet(43)) - raft.server.log.appender.buffer.byte-limit = 33554432 (custom)
2019-08-20 15:23:37,864 [pool-483-thread-1] INFO  server.RaftServerConfigKeys (ConfUtils.java:logGet(43)) - raft.server.log.segment.size.max = 1048576 (custom)
2019-08-20 15:23:37,864 [pool-483-thread-1] INFO  server.RaftServerConfigKeys (ConfUtils.java:logGet(43)) - raft.server.log.segment.cache.num.max = 2 (custom)
2019-08-20 15:23:37,864 [pool-483-thread-1] INFO  segmented.SegmentedRaftLogWorker (SegmentedRaftLogWorker.java:<init>(172)) - new 9c6ab30a-d72f-459b-9d58-6af7941cdaaa-SegmentedRaftLogWorker:Storage Directory /workdir/hadoop-ozone/integration-test/target/test-dir/MiniOzoneClusterImpl-55fc759d-3081-4a00-8886-eafd5a4bcf81/datanode-4/data/ratis/4035f650-b1f1-4299-8d1d-fb154d2c8a4a for RaftStorage:Storage Directory /workdir/hadoop-ozone/integration-test/target/test-dir/MiniOzoneClusterImpl-55fc759d-3081-4a00-8886-eafd5a4bcf81/datanode-4/data/ratis/4035f650-b1f1-4299-8d1d-fb154d2c8a4a
2019-08-20 15:23:37,865 [pool-483-thread-1] INFO  server.RaftServerConfigKeys (ConfUtils.java:logGet(43)) - raft.server.log.queue.byte-limit = 2147483647 (custom)
2019-08-20 15:23:37,865 [pool-483-thread-1] INFO  server.RaftServerConfigKeys (ConfUtils.java:logGet(43)) - raft.server.log.queue.element-limit = 1024 (custom)
2019-08-20 15:23:37,865 [pool-483-thread-1] INFO  server.RaftServerConfigKeys (ConfUtils.java:logGet(43)) - raft.server.log.segment.size.max = 1048576 (custom)
2019-08-20 15:23:37,865 [pool-483-thread-1] INFO  server.RaftServerConfigKeys (ConfUtils.java:logGet(43)) - raft.server.log.preallocated.size = 16384 (custom)
2019-08-20 15:23:37,865 [pool-483-thread-1] INFO  server.RaftServerConfigKeys (ConfUtils.java:logGet(43)) - raft.server.log.write.buffer.size = 33554432 (custom)
2019-08-20 15:23:37,866 [pool-483-thread-1] INFO  server.RaftServerConfigKeys (ConfUtils.java:logGet(43)) - raft.server.log.force.sync.num = 128 (default)
2019-08-20 15:23:37,866 [pool-483-thread-1] INFO  server.RaftServerConfigKeys (ConfUtils.java:logGet(43)) - raft.server.log.statemachine.data.sync = true (default)
2019-08-20 15:23:37,866 [pool-483-thread-1] INFO  server.RaftServerConfigKeys (ConfUtils.java:logGet(43)) - raft.server.log.statemachine.data.sync.timeout = 10s (default)
2019-08-20 15:23:37,866 [pool-483-thread-1] INFO  server.RaftServerConfigKeys (ConfUtils.java:logGet(43)) - raft.server.log.statemachine.data.sync.timeout.retry = -1 (default)
2019-08-20 15:23:37,866 [pool-483-thread-1] INFO  server.RaftServerConfigKeys (ConfUtils.java:logGet(43)) - raft.server.log.statemachine.data.caching.enabled = true (custom)
2019-08-20 15:23:37,867 [pool-483-thread-1] INFO  segmented.SegmentedRaftLogWorker (SegmentedRaftLogWorker.java:lambda$new$0(132)) - 9c6ab30a-d72f-459b-9d58-6af7941cdaaa-SegmentedRaftLogWorker:Storage Directory /workdir/hadoop-ozone/integration-test/target/test-dir/MiniOzoneClusterImpl-55fc759d-3081-4a00-8886-eafd5a4bcf81/datanode-4/data/ratis/4035f650-b1f1-4299-8d1d-fb154d2c8a4a: flushIndex: setUnconditionally 0 -> -1
2019-08-20 15:23:37,867 [pool-483-thread-1] INFO  server.RaftServerConfigKeys (ConfUtils.java:logGet(43)) - raft.server.snapshot.auto.trigger.enabled = true (custom)
2019-08-20 15:23:37,867 [pool-483-thread-1] INFO  server.RaftServerConfigKeys (ConfUtils.java:logGet(43)) - raft.server.snapshot.auto.trigger.threshold = 10000 (custom)
2019-08-20 15:23:37,868 [pool-483-thread-1] INFO  server.RaftServerConfigKeys (ConfUtils.java:logGet(43)) - raft.server.retrycache.expirytime = 600000ms (custom)
2019-08-20 15:23:37,868 [pool-483-thread-1] INFO  impl.RaftServerImpl (RaftServerImpl.java:start(180)) - 9c6ab30a-d72f-459b-9d58-6af7941cdaaa: start group-FB154D2C8A4A
2019-08-20 15:23:37,868 [pool-483-thread-1] INFO  impl.RaftServerImpl (RaftServerImpl.java:setRole(171)) - 9c6ab30a-d72f-459b-9d58-6af7941cdaaa:group-FB154D2C8A4A changes role from null to FOLLOWER at term 0 for startAsFollower
2019-08-20 15:23:37,868 [pool-483-thread-1] INFO  impl.RoleInfo (RoleInfo.java:updateAndGet(143)) - 9c6ab30a-d72f-459b-9d58-6af7941cdaaa: start FollowerState
2019-08-20 15:23:37,868 [pool-483-thread-1] INFO  util.JmxRegister (JmxRegister.java:tryRegister(44)) - Successfully registered JMX Bean with object name Ratis:service=RaftServer,group=group-FB154D2C8A4A,id=9c6ab30a-d72f-459b-9d58-6af7941cdaaa
2019-08-20 15:23:37,871 [RatisPipelineUtilsThread] INFO  pipeline.PipelineStateManager (PipelineStateManager.java:addPipeline(56)) - Created pipeline Pipeline[ Id: 4035f650-b1f1-4299-8d1d-fb154d2c8a4a, Nodes: 9c6ab30a-d72f-459b-9d58-6af7941cdaaa{ip: 192.168.36.99, host: pr-hdds-1950-vsl5z-1698008226, networkLocation: /default-rack, certSerialId: null}, Type:RATIS, Factor:ONE, State:OPEN]
2019-08-20 15:23:37,974 [IPC Server handler 3 on 42907] INFO  net.NetworkTopology (NetworkTopologyImpl.java:add(110)) - Added a new node: /default-rack/5e423d06-488d-45e1-ad82-54d441feecb5
2019-08-20 15:23:37,975 [IPC Server handler 3 on 42907] INFO  node.SCMNodeManager (SCMNodeManager.java:register(273)) - Registered Data node : 5e423d06-488d-45e1-ad82-54d441feecb5{ip: 192.168.36.99, host: pr-hdds-1950-vsl5z-1698008226, networkLocation: /default-rack, certSerialId: null}
2019-08-20 15:23:37,984 | INFO  | SCMAudit | user=jenkins1000 | ip=192.168.36.99 | op=REGISTER {datanodeDetails=5e423d06-488d-45e1-ad82-54d441feecb5{ip: 192.168.36.99, host: pr-hdds-1950-vsl5z-1698008226, networkLocation: /default-rack, certSerialId: null}} | ret=SUCCESS |  
2019-08-20 15:23:37,991 [grpc-default-executor-10] INFO  impl.RaftServerProxy (RaftServerProxy.java:addNew(89)) - 5e423d06-488d-45e1-ad82-54d441feecb5: addNew group-A1D35979FE45:[5e423d06-488d-45e1-ad82-54d441feecb5:192.168.36.99:40855] returns group-A1D35979FE45:java.util.concurrent.CompletableFuture@888a2a8[Not completed]
2019-08-20 15:23:37,992 [pool-494-thread-1] INFO  impl.RaftServerImpl (RaftServerImpl.java:<init>(93)) - 5e423d06-488d-45e1-ad82-54d441feecb5: new RaftServerImpl for group-A1D35979FE45:[5e423d06-488d-45e1-ad82-54d441feecb5:192.168.36.99:40855] with ContainerStateMachine:uninitialized
2019-08-20 15:23:37,992 [pool-494-thread-1] INFO  server.RaftServerConfigKeys (ConfUtils.java:logGet(43)) - raft.server.rpc.timeout.min = 5s (custom)
2019-08-20 15:23:37,992 [pool-494-thread-1] INFO  server.RaftServerConfigKeys (ConfUtils.java:logGet(43)) - raft.server.rpc.timeout.max = 5200ms (custom)
2019-08-20 15:23:37,993 [pool-494-thread-1] INFO  server.RaftServerConfigKeys (ConfUtils.java:logGet(43)) - raft.server.rpcslowness.timeout = 120s (custom)
2019-08-20 15:23:37,993 [pool-494-thread-1] INFO  server.RaftServerConfigKeys (ConfUtils.java:logGet(43)) - raft.server.sleep.deviation.threshold = 300 (default)
2019-08-20 15:23:37,993 [pool-494-thread-1] INFO  server.RaftServerConfigKeys (ConfUtils.java:logGet(43)) - raft.server.log.appender.install.snapshot.enabled = false (custom)
2019-08-20 15:23:37,993 [pool-494-thread-1] INFO  impl.RaftServerImpl (ServerState.java:<init>(105)) - 5e423d06-488d-45e1-ad82-54d441feecb5:group-A1D35979FE45 ConfigurationManager, init=-1: [5e423d06-488d-45e1-ad82-54d441feecb5:192.168.36.99:40855], old=null, confs=<EMPTY_MAP>
2019-08-20 15:23:37,993 [pool-494-thread-1] INFO  server.RaftServerConfigKeys (ConfUtils.java:logGet(43)) - raft.server.storage.dir = [/workdir/hadoop-ozone/integration-test/target/test-dir/MiniOzoneClusterImpl-55fc759d-3081-4a00-8886-eafd5a4bcf81/datanode-5/data/ratis] (custom)
2019-08-20 15:23:37,994 [pool-494-thread-1] INFO  storage.RaftStorageDirectory (RaftStorageDirectory.java:analyzeStorage(246)) - The storage directory /workdir/hadoop-ozone/integration-test/target/test-dir/MiniOzoneClusterImpl-55fc759d-3081-4a00-8886-eafd5a4bcf81/datanode-5/data/ratis/c6a6162d-edee-4994-afcb-a1d35979fe45 does not exist. Creating ...
2019-08-20 15:23:38,017 [pool-494-thread-1] INFO  storage.RaftStorageDirectory (RaftStorageDirectory.java:tryLock(328)) - Lock on /workdir/hadoop-ozone/integration-test/target/test-dir/MiniOzoneClusterImpl-55fc759d-3081-4a00-8886-eafd5a4bcf81/datanode-5/data/ratis/c6a6162d-edee-4994-afcb-a1d35979fe45/in_use.lock acquired by nodename 20124@pr-hdds-1950-vsl5z-1698008226
2019-08-20 15:23:38,055 [pool-494-thread-1] INFO  storage.RaftStorage (RaftStorage.java:format(72)) - Storage directory /workdir/hadoop-ozone/integration-test/target/test-dir/MiniOzoneClusterImpl-55fc759d-3081-4a00-8886-eafd5a4bcf81/datanode-5/data/ratis/c6a6162d-edee-4994-afcb-a1d35979fe45 has been successfully formatted.
2019-08-20 15:23:38,055 [pool-494-thread-1] INFO  ratis.ContainerStateMachine (ContainerStateMachine.java:loadSnapshot(222)) - group-A1D35979FE45: The snapshot info is null. Setting the last applied indexto:(t:0, i:~)
2019-08-20 15:23:38,055 [pool-494-thread-1] INFO  server.RaftServerConfigKeys (ConfUtils.java:logGet(43)) - raft.server.leader.election.timeout = 120s (custom)
2019-08-20 15:23:38,056 [pool-494-thread-1] INFO  server.RaftServerConfigKeys (ConfUtils.java:logGet(43)) - raft.server.log.use.memory = false (default)
2019-08-20 15:23:38,056 [pool-494-thread-1] INFO  server.RaftServerConfigKeys (ConfUtils.java:logGet(43)) - raft.server.log.purge.gap = 1000000 (custom)
2019-08-20 15:23:38,056 [pool-494-thread-1] INFO  server.RaftServerConfigKeys (ConfUtils.java:logGet(43)) - raft.server.log.appender.buffer.byte-limit = 33554432 (custom)
2019-08-20 15:23:38,056 [pool-494-thread-1] INFO  server.RaftServerConfigKeys (ConfUtils.java:logGet(43)) - raft.server.log.segment.size.max = 1048576 (custom)
2019-08-20 15:23:38,056 [pool-494-thread-1] INFO  server.RaftServerConfigKeys (ConfUtils.java:logGet(43)) - raft.server.log.segment.cache.num.max = 2 (custom)
2019-08-20 15:23:38,056 [pool-494-thread-1] INFO  segmented.SegmentedRaftLogWorker (SegmentedRaftLogWorker.java:<init>(172)) - new 5e423d06-488d-45e1-ad82-54d441feecb5-SegmentedRaftLogWorker:Storage Directory /workdir/hadoop-ozone/integration-test/target/test-dir/MiniOzoneClusterImpl-55fc759d-3081-4a00-8886-eafd5a4bcf81/datanode-5/data/ratis/c6a6162d-edee-4994-afcb-a1d35979fe45 for RaftStorage:Storage Directory /workdir/hadoop-ozone/integration-test/target/test-dir/MiniOzoneClusterImpl-55fc759d-3081-4a00-8886-eafd5a4bcf81/datanode-5/data/ratis/c6a6162d-edee-4994-afcb-a1d35979fe45
2019-08-20 15:23:38,056 [pool-494-thread-1] INFO  server.RaftServerConfigKeys (ConfUtils.java:logGet(43)) - raft.server.log.queue.byte-limit = 2147483647 (custom)
2019-08-20 15:23:38,057 [pool-494-thread-1] INFO  server.RaftServerConfigKeys (ConfUtils.java:logGet(43)) - raft.server.log.queue.element-limit = 1024 (custom)
2019-08-20 15:23:38,057 [pool-494-thread-1] INFO  server.RaftServerConfigKeys (ConfUtils.java:logGet(43)) - raft.server.log.segment.size.max = 1048576 (custom)
2019-08-20 15:23:38,057 [pool-494-thread-1] INFO  server.RaftServerConfigKeys (ConfUtils.java:logGet(43)) - raft.server.log.preallocated.size = 16384 (custom)
2019-08-20 15:23:38,057 [pool-494-thread-1] INFO  server.RaftServerConfigKeys (ConfUtils.java:logGet(43)) - raft.server.log.write.buffer.size = 33554432 (custom)
2019-08-20 15:23:38,057 [pool-494-thread-1] INFO  server.RaftServerConfigKeys (ConfUtils.java:logGet(43)) - raft.server.log.force.sync.num = 128 (default)
2019-08-20 15:23:38,057 [pool-494-thread-1] INFO  server.RaftServerConfigKeys (ConfUtils.java:logGet(43)) - raft.server.log.statemachine.data.sync = true (default)
2019-08-20 15:23:38,057 [pool-494-thread-1] INFO  server.RaftServerConfigKeys (ConfUtils.java:logGet(43)) - raft.server.log.statemachine.data.sync.timeout = 10s (default)
2019-08-20 15:23:38,058 [pool-494-thread-1] INFO  server.RaftServerConfigKeys (ConfUtils.java:logGet(43)) - raft.server.log.statemachine.data.sync.timeout.retry = -1 (default)
2019-08-20 15:23:38,058 [pool-494-thread-1] INFO  server.RaftServerConfigKeys (ConfUtils.java:logGet(43)) - raft.server.log.statemachine.data.caching.enabled = true (custom)
2019-08-20 15:23:38,058 [pool-494-thread-1] INFO  segmented.SegmentedRaftLogWorker (SegmentedRaftLogWorker.java:lambda$new$0(132)) - 5e423d06-488d-45e1-ad82-54d441feecb5-SegmentedRaftLogWorker:Storage Directory /workdir/hadoop-ozone/integration-test/target/test-dir/MiniOzoneClusterImpl-55fc759d-3081-4a00-8886-eafd5a4bcf81/datanode-5/data/ratis/c6a6162d-edee-4994-afcb-a1d35979fe45: flushIndex: setUnconditionally 0 -> -1
2019-08-20 15:23:38,058 [pool-494-thread-1] INFO  server.RaftServerConfigKeys (ConfUtils.java:logGet(43)) - raft.server.snapshot.auto.trigger.enabled = true (custom)
2019-08-20 15:23:38,059 [pool-494-thread-1] INFO  server.RaftServerConfigKeys (ConfUtils.java:logGet(43)) - raft.server.snapshot.auto.trigger.threshold = 10000 (custom)
2019-08-20 15:23:38,059 [pool-494-thread-1] INFO  server.RaftServerConfigKeys (ConfUtils.java:logGet(43)) - raft.server.retrycache.expirytime = 600000ms (custom)
2019-08-20 15:23:38,059 [pool-494-thread-1] INFO  impl.RaftServerImpl (RaftServerImpl.java:start(180)) - 5e423d06-488d-45e1-ad82-54d441feecb5: start group-A1D35979FE45
2019-08-20 15:23:38,059 [pool-494-thread-1] INFO  impl.RaftServerImpl (RaftServerImpl.java:setRole(171)) - 5e423d06-488d-45e1-ad82-54d441feecb5:group-A1D35979FE45 changes role from null to FOLLOWER at term 0 for startAsFollower
2019-08-20 15:23:38,059 [pool-494-thread-1] INFO  impl.RoleInfo (RoleInfo.java:updateAndGet(143)) - 5e423d06-488d-45e1-ad82-54d441feecb5: start FollowerState
2019-08-20 15:23:38,059 [pool-494-thread-1] INFO  util.JmxRegister (JmxRegister.java:tryRegister(44)) - Successfully registered JMX Bean with object name Ratis:service=RaftServer,group=group-A1D35979FE45,id=5e423d06-488d-45e1-ad82-54d441feecb5
2019-08-20 15:23:38,062 [RatisPipelineUtilsThread] INFO  pipeline.PipelineStateManager (PipelineStateManager.java:addPipeline(56)) - Created pipeline Pipeline[ Id: c6a6162d-edee-4994-afcb-a1d35979fe45, Nodes: 5e423d06-488d-45e1-ad82-54d441feecb5{ip: 192.168.36.99, host: pr-hdds-1950-vsl5z-1698008226, networkLocation: /default-rack, certSerialId: null}, Type:RATIS, Factor:ONE, State:OPEN]
2019-08-20 15:23:38,075 [grpc-default-executor-11] INFO  impl.RaftServerProxy (RaftServerProxy.java:addNew(89)) - 81cebdb6-2756-4de8-83ea-a7eacd20f204: addNew group-864525ACFEA0:[81cebdb6-2756-4de8-83ea-a7eacd20f204:192.168.36.99:46096, 9c6ab30a-d72f-459b-9d58-6af7941cdaaa:192.168.36.99:45772, 5e423d06-488d-45e1-ad82-54d441feecb5:192.168.36.99:40855] returns group-864525ACFEA0:java.util.concurrent.CompletableFuture@371977dd[Not completed]
2019-08-20 15:23:38,075 [grpc-default-executor-10] INFO  impl.RaftServerProxy (RaftServerProxy.java:addNew(89)) - 9c6ab30a-d72f-459b-9d58-6af7941cdaaa: addNew group-864525ACFEA0:[81cebdb6-2756-4de8-83ea-a7eacd20f204:192.168.36.99:46096, 9c6ab30a-d72f-459b-9d58-6af7941cdaaa:192.168.36.99:45772, 5e423d06-488d-45e1-ad82-54d441feecb5:192.168.36.99:40855] returns group-864525ACFEA0:java.util.concurrent.CompletableFuture@c074184[Not completed]
2019-08-20 15:23:38,075 [grpc-default-executor-9] INFO  impl.RaftServerProxy (RaftServerProxy.java:addNew(89)) - 5e423d06-488d-45e1-ad82-54d441feecb5: addNew group-864525ACFEA0:[81cebdb6-2756-4de8-83ea-a7eacd20f204:192.168.36.99:46096, 9c6ab30a-d72f-459b-9d58-6af7941cdaaa:192.168.36.99:45772, 5e423d06-488d-45e1-ad82-54d441feecb5:192.168.36.99:40855] returns group-864525ACFEA0:java.util.concurrent.CompletableFuture@7f1740d8[Not completed]
2019-08-20 15:23:38,076 [pool-472-thread-1] INFO  impl.RaftServerImpl (RaftServerImpl.java:<init>(93)) - 81cebdb6-2756-4de8-83ea-a7eacd20f204: new RaftServerImpl for group-864525ACFEA0:[81cebdb6-2756-4de8-83ea-a7eacd20f204:192.168.36.99:46096, 9c6ab30a-d72f-459b-9d58-6af7941cdaaa:192.168.36.99:45772, 5e423d06-488d-45e1-ad82-54d441feecb5:192.168.36.99:40855] with ContainerStateMachine:uninitialized
2019-08-20 15:23:38,076 [pool-472-thread-1] INFO  server.RaftServerConfigKeys (ConfUtils.java:logGet(43)) - raft.server.rpc.timeout.min = 5s (custom)
2019-08-20 15:23:38,076 [pool-472-thread-1] INFO  server.RaftServerConfigKeys (ConfUtils.java:logGet(43)) - raft.server.rpc.timeout.max = 5200ms (custom)
2019-08-20 15:23:38,076 [pool-472-thread-1] INFO  server.RaftServerConfigKeys (ConfUtils.java:logGet(43)) - raft.server.rpcslowness.timeout = 120s (custom)
2019-08-20 15:23:38,076 [pool-472-thread-1] INFO  server.RaftServerConfigKeys (ConfUtils.java:logGet(43)) - raft.server.sleep.deviation.threshold = 300 (default)
2019-08-20 15:23:38,077 [pool-472-thread-1] INFO  server.RaftServerConfigKeys (ConfUtils.java:logGet(43)) - raft.server.log.appender.install.snapshot.enabled = false (custom)
2019-08-20 15:23:38,077 [pool-483-thread-1] INFO  impl.RaftServerImpl (RaftServerImpl.java:<init>(93)) - 9c6ab30a-d72f-459b-9d58-6af7941cdaaa: new RaftServerImpl for group-864525ACFEA0:[81cebdb6-2756-4de8-83ea-a7eacd20f204:192.168.36.99:46096, 9c6ab30a-d72f-459b-9d58-6af7941cdaaa:192.168.36.99:45772, 5e423d06-488d-45e1-ad82-54d441feecb5:192.168.36.99:40855] with ContainerStateMachine:uninitialized
2019-08-20 15:23:38,077 [pool-472-thread-1] INFO  impl.RaftServerImpl (ServerState.java:<init>(105)) - 81cebdb6-2756-4de8-83ea-a7eacd20f204:group-864525ACFEA0 ConfigurationManager, init=-1: [81cebdb6-2756-4de8-83ea-a7eacd20f204:192.168.36.99:46096, 9c6ab30a-d72f-459b-9d58-6af7941cdaaa:192.168.36.99:45772, 5e423d06-488d-45e1-ad82-54d441feecb5:192.168.36.99:40855], old=null, confs=<EMPTY_MAP>
2019-08-20 15:23:38,077 [pool-483-thread-1] INFO  server.RaftServerConfigKeys (ConfUtils.java:logGet(43)) - raft.server.rpc.timeout.min = 5s (custom)
2019-08-20 15:23:38,077 [pool-472-thread-1] INFO  server.RaftServerConfigKeys (ConfUtils.java:logGet(43)) - raft.server.storage.dir = [/workdir/hadoop-ozone/integration-test/target/test-dir/MiniOzoneClusterImpl-55fc759d-3081-4a00-8886-eafd5a4bcf81/datanode-3/data/ratis] (custom)
2019-08-20 15:23:38,077 [pool-494-thread-1] INFO  impl.RaftServerImpl (RaftServerImpl.java:<init>(93)) - 5e423d06-488d-45e1-ad82-54d441feecb5: new RaftServerImpl for group-864525ACFEA0:[81cebdb6-2756-4de8-83ea-a7eacd20f204:192.168.36.99:46096, 9c6ab30a-d72f-459b-9d58-6af7941cdaaa:192.168.36.99:45772, 5e423d06-488d-45e1-ad82-54d441feecb5:192.168.36.99:40855] with ContainerStateMachine:uninitialized
2019-08-20 15:23:38,077 [pool-483-thread-1] INFO  server.RaftServerConfigKeys (ConfUtils.java:logGet(43)) - raft.server.rpc.timeout.max = 5200ms (custom)
2019-08-20 15:23:38,078 [pool-472-thread-1] INFO  storage.RaftStorageDirectory (RaftStorageDirectory.java:analyzeStorage(246)) - The storage directory /workdir/hadoop-ozone/integration-test/target/test-dir/MiniOzoneClusterImpl-55fc759d-3081-4a00-8886-eafd5a4bcf81/datanode-3/data/ratis/20fb93a8-a031-421a-a26a-864525acfea0 does not exist. Creating ...
2019-08-20 15:23:38,077 [pool-494-thread-1] INFO  server.RaftServerConfigKeys (ConfUtils.java:logGet(43)) - raft.server.rpc.timeout.min = 5s (custom)
2019-08-20 15:23:38,078 [pool-494-thread-1] INFO  server.RaftServerConfigKeys (ConfUtils.java:logGet(43)) - raft.server.rpc.timeout.max = 5200ms (custom)
2019-08-20 15:23:38,078 [pool-483-thread-1] INFO  server.RaftServerConfigKeys (ConfUtils.java:logGet(43)) - raft.server.rpcslowness.timeout = 120s (custom)
2019-08-20 15:23:38,078 [pool-494-thread-1] INFO  server.RaftServerConfigKeys (ConfUtils.java:logGet(43)) - raft.server.rpcslowness.timeout = 120s (custom)
2019-08-20 15:23:38,078 [pool-483-thread-1] INFO  server.RaftServerConfigKeys (ConfUtils.java:logGet(43)) - raft.server.sleep.deviation.threshold = 300 (default)
2019-08-20 15:23:38,078 [pool-494-thread-1] INFO  server.RaftServerConfigKeys (ConfUtils.java:logGet(43)) - raft.server.sleep.deviation.threshold = 300 (default)
2019-08-20 15:23:38,078 [pool-483-thread-1] INFO  server.RaftServerConfigKeys (ConfUtils.java:logGet(43)) - raft.server.log.appender.install.snapshot.enabled = false (custom)
2019-08-20 15:23:38,079 [pool-494-thread-1] INFO  server.RaftServerConfigKeys (ConfUtils.java:logGet(43)) - raft.server.log.appender.install.snapshot.enabled = false (custom)
2019-08-20 15:23:38,079 [pool-483-thread-1] INFO  impl.RaftServerImpl (ServerState.java:<init>(105)) - 9c6ab30a-d72f-459b-9d58-6af7941cdaaa:group-864525ACFEA0 ConfigurationManager, init=-1: [81cebdb6-2756-4de8-83ea-a7eacd20f204:192.168.36.99:46096, 9c6ab30a-d72f-459b-9d58-6af7941cdaaa:192.168.36.99:45772, 5e423d06-488d-45e1-ad82-54d441feecb5:192.168.36.99:40855], old=null, confs=<EMPTY_MAP>
2019-08-20 15:23:38,079 [pool-494-thread-1] INFO  impl.RaftServerImpl (ServerState.java:<init>(105)) - 5e423d06-488d-45e1-ad82-54d441feecb5:group-864525ACFEA0 ConfigurationManager, init=-1: [81cebdb6-2756-4de8-83ea-a7eacd20f204:192.168.36.99:46096, 9c6ab30a-d72f-459b-9d58-6af7941cdaaa:192.168.36.99:45772, 5e423d06-488d-45e1-ad82-54d441feecb5:192.168.36.99:40855], old=null, confs=<EMPTY_MAP>
2019-08-20 15:23:38,079 [pool-483-thread-1] INFO  server.RaftServerConfigKeys (ConfUtils.java:logGet(43)) - raft.server.storage.dir = [/workdir/hadoop-ozone/integration-test/target/test-dir/MiniOzoneClusterImpl-55fc759d-3081-4a00-8886-eafd5a4bcf81/datanode-4/data/ratis] (custom)
2019-08-20 15:23:38,079 [pool-494-thread-1] INFO  server.RaftServerConfigKeys (ConfUtils.java:logGet(43)) - raft.server.storage.dir = [/workdir/hadoop-ozone/integration-test/target/test-dir/MiniOzoneClusterImpl-55fc759d-3081-4a00-8886-eafd5a4bcf81/datanode-5/data/ratis] (custom)
2019-08-20 15:23:38,079 [pool-483-thread-1] INFO  storage.RaftStorageDirectory (RaftStorageDirectory.java:analyzeStorage(246)) - The storage directory /workdir/hadoop-ozone/integration-test/target/test-dir/MiniOzoneClusterImpl-55fc759d-3081-4a00-8886-eafd5a4bcf81/datanode-4/data/ratis/20fb93a8-a031-421a-a26a-864525acfea0 does not exist. Creating ...
2019-08-20 15:23:38,079 [pool-494-thread-1] INFO  storage.RaftStorageDirectory (RaftStorageDirectory.java:analyzeStorage(246)) - The storage directory /workdir/hadoop-ozone/integration-test/target/test-dir/MiniOzoneClusterImpl-55fc759d-3081-4a00-8886-eafd5a4bcf81/datanode-5/data/ratis/20fb93a8-a031-421a-a26a-864525acfea0 does not exist. Creating ...
2019-08-20 15:23:38,105 [pool-483-thread-1] INFO  storage.RaftStorageDirectory (RaftStorageDirectory.java:tryLock(328)) - Lock on /workdir/hadoop-ozone/integration-test/target/test-dir/MiniOzoneClusterImpl-55fc759d-3081-4a00-8886-eafd5a4bcf81/datanode-4/data/ratis/20fb93a8-a031-421a-a26a-864525acfea0/in_use.lock acquired by nodename 20124@pr-hdds-1950-vsl5z-1698008226
2019-08-20 15:23:38,105 [pool-472-thread-1] INFO  storage.RaftStorageDirectory (RaftStorageDirectory.java:tryLock(328)) - Lock on /workdir/hadoop-ozone/integration-test/target/test-dir/MiniOzoneClusterImpl-55fc759d-3081-4a00-8886-eafd5a4bcf81/datanode-3/data/ratis/20fb93a8-a031-421a-a26a-864525acfea0/in_use.lock acquired by nodename 20124@pr-hdds-1950-vsl5z-1698008226
2019-08-20 15:23:38,105 [pool-494-thread-1] INFO  storage.RaftStorageDirectory (RaftStorageDirectory.java:tryLock(328)) - Lock on /workdir/hadoop-ozone/integration-test/target/test-dir/MiniOzoneClusterImpl-55fc759d-3081-4a00-8886-eafd5a4bcf81/datanode-5/data/ratis/20fb93a8-a031-421a-a26a-864525acfea0/in_use.lock acquired by nodename 20124@pr-hdds-1950-vsl5z-1698008226
2019-08-20 15:23:38,131 [pool-472-thread-1] INFO  storage.RaftStorage (RaftStorage.java:format(72)) - Storage directory /workdir/hadoop-ozone/integration-test/target/test-dir/MiniOzoneClusterImpl-55fc759d-3081-4a00-8886-eafd5a4bcf81/datanode-3/data/ratis/20fb93a8-a031-421a-a26a-864525acfea0 has been successfully formatted.
2019-08-20 15:23:38,131 [pool-494-thread-1] INFO  storage.RaftStorage (RaftStorage.java:format(72)) - Storage directory /workdir/hadoop-ozone/integration-test/target/test-dir/MiniOzoneClusterImpl-55fc759d-3081-4a00-8886-eafd5a4bcf81/datanode-5/data/ratis/20fb93a8-a031-421a-a26a-864525acfea0 has been successfully formatted.
2019-08-20 15:23:38,131 [pool-472-thread-1] INFO  ratis.ContainerStateMachine (ContainerStateMachine.java:loadSnapshot(222)) - group-864525ACFEA0: The snapshot info is null. Setting the last applied indexto:(t:0, i:~)
2019-08-20 15:23:38,131 [pool-483-thread-1] INFO  storage.RaftStorage (RaftStorage.java:format(72)) - Storage directory /workdir/hadoop-ozone/integration-test/target/test-dir/MiniOzoneClusterImpl-55fc759d-3081-4a00-8886-eafd5a4bcf81/datanode-4/data/ratis/20fb93a8-a031-421a-a26a-864525acfea0 has been successfully formatted.
2019-08-20 15:23:38,132 [pool-472-thread-1] INFO  server.RaftServerConfigKeys (ConfUtils.java:logGet(43)) - raft.server.leader.election.timeout = 120s (custom)
2019-08-20 15:23:38,131 [pool-494-thread-1] INFO  ratis.ContainerStateMachine (ContainerStateMachine.java:loadSnapshot(222)) - group-864525ACFEA0: The snapshot info is null. Setting the last applied indexto:(t:0, i:~)
2019-08-20 15:23:38,132 [pool-472-thread-1] INFO  server.RaftServerConfigKeys (ConfUtils.java:logGet(43)) - raft.server.log.use.memory = false (default)
2019-08-20 15:23:38,132 [pool-483-thread-1] INFO  ratis.ContainerStateMachine (ContainerStateMachine.java:loadSnapshot(222)) - group-864525ACFEA0: The snapshot info is null. Setting the last applied indexto:(t:0, i:~)
2019-08-20 15:23:38,132 [pool-472-thread-1] INFO  server.RaftServerConfigKeys (ConfUtils.java:logGet(43)) - raft.server.log.purge.gap = 1000000 (custom)
2019-08-20 15:23:38,132 [pool-494-thread-1] INFO  server.RaftServerConfigKeys (ConfUtils.java:logGet(43)) - raft.server.leader.election.timeout = 120s (custom)
2019-08-20 15:23:38,132 [pool-472-thread-1] INFO  server.RaftServerConfigKeys (ConfUtils.java:logGet(43)) - raft.server.log.appender.buffer.byte-limit = 33554432 (custom)
2019-08-20 15:23:38,132 [pool-483-thread-1] INFO  server.RaftServerConfigKeys (ConfUtils.java:logGet(43)) - raft.server.leader.election.timeout = 120s (custom)
2019-08-20 15:23:38,132 [pool-472-thread-1] INFO  server.RaftServerConfigKeys (ConfUtils.java:logGet(43)) - raft.server.log.segment.size.max = 1048576 (custom)
2019-08-20 15:23:38,132 [pool-494-thread-1] INFO  server.RaftServerConfigKeys (ConfUtils.java:logGet(43)) - raft.server.log.use.memory = false (default)
2019-08-20 15:23:38,133 [pool-472-thread-1] INFO  server.RaftServerConfigKeys (ConfUtils.java:logGet(43)) - raft.server.log.segment.cache.num.max = 2 (custom)
2019-08-20 15:23:38,133 [pool-483-thread-1] INFO  server.RaftServerConfigKeys (ConfUtils.java:logGet(43)) - raft.server.log.use.memory = false (default)
2019-08-20 15:23:38,133 [pool-472-thread-1] INFO  segmented.SegmentedRaftLogWorker (SegmentedRaftLogWorker.java:<init>(172)) - new 81cebdb6-2756-4de8-83ea-a7eacd20f204-SegmentedRaftLogWorker:Storage Directory /workdir/hadoop-ozone/integration-test/target/test-dir/MiniOzoneClusterImpl-55fc759d-3081-4a00-8886-eafd5a4bcf81/datanode-3/data/ratis/20fb93a8-a031-421a-a26a-864525acfea0 for RaftStorage:Storage Directory /workdir/hadoop-ozone/integration-test/target/test-dir/MiniOzoneClusterImpl-55fc759d-3081-4a00-8886-eafd5a4bcf81/datanode-3/data/ratis/20fb93a8-a031-421a-a26a-864525acfea0
2019-08-20 15:23:38,133 [pool-494-thread-1] INFO  server.RaftServerConfigKeys (ConfUtils.java:logGet(43)) - raft.server.log.purge.gap = 1000000 (custom)
2019-08-20 15:23:38,133 [pool-472-thread-1] INFO  server.RaftServerConfigKeys (ConfUtils.java:logGet(43)) - raft.server.log.queue.byte-limit = 2147483647 (custom)
2019-08-20 15:23:38,133 [pool-472-thread-1] INFO  server.RaftServerConfigKeys (ConfUtils.java:logGet(43)) - raft.server.log.queue.element-limit = 1024 (custom)
2019-08-20 15:23:38,133 [pool-483-thread-1] INFO  server.RaftServerConfigKeys (ConfUtils.java:logGet(43)) - raft.server.log.purge.gap = 1000000 (custom)
2019-08-20 15:23:38,134 [pool-472-thread-1] INFO  server.RaftServerConfigKeys (ConfUtils.java:logGet(43)) - raft.server.log.segment.size.max = 1048576 (custom)
2019-08-20 15:23:38,133 [pool-494-thread-1] INFO  server.RaftServerConfigKeys (ConfUtils.java:logGet(43)) - raft.server.log.appender.buffer.byte-limit = 33554432 (custom)
2019-08-20 15:23:38,134 [pool-472-thread-1] INFO  server.RaftServerConfigKeys (ConfUtils.java:logGet(43)) - raft.server.log.preallocated.size = 16384 (custom)
2019-08-20 15:23:38,134 [pool-483-thread-1] INFO  server.RaftServerConfigKeys (ConfUtils.java:logGet(43)) - raft.server.log.appender.buffer.byte-limit = 33554432 (custom)
2019-08-20 15:23:38,134 [pool-472-thread-1] INFO  server.RaftServerConfigKeys (ConfUtils.java:logGet(43)) - raft.server.log.write.buffer.size = 33554432 (custom)
2019-08-20 15:23:38,134 [pool-494-thread-1] INFO  server.RaftServerConfigKeys (ConfUtils.java:logGet(43)) - raft.server.log.segment.size.max = 1048576 (custom)
2019-08-20 15:23:38,134 [pool-472-thread-1] INFO  server.RaftServerConfigKeys (ConfUtils.java:logGet(43)) - raft.server.log.force.sync.num = 128 (default)
2019-08-20 15:23:38,134 [pool-483-thread-1] INFO  server.RaftServerConfigKeys (ConfUtils.java:logGet(43)) - raft.server.log.segment.size.max = 1048576 (custom)
2019-08-20 15:23:38,135 [pool-472-thread-1] INFO  server.RaftServerConfigKeys (ConfUtils.java:logGet(43)) - raft.server.log.statemachine.data.sync = true (default)
2019-08-20 15:23:38,135 [pool-472-thread-1] INFO  server.RaftServerConfigKeys (ConfUtils.java:logGet(43)) - raft.server.log.statemachine.data.sync.timeout = 10s (default)
2019-08-20 15:23:38,134 [pool-494-thread-1] INFO  server.RaftServerConfigKeys (ConfUtils.java:logGet(43)) - raft.server.log.segment.cache.num.max = 2 (custom)
2019-08-20 15:23:38,135 [pool-472-thread-1] INFO  server.RaftServerConfigKeys (ConfUtils.java:logGet(43)) - raft.server.log.statemachine.data.sync.timeout.retry = -1 (default)
2019-08-20 15:23:38,135 [pool-483-thread-1] INFO  server.RaftServerConfigKeys (ConfUtils.java:logGet(43)) - raft.server.log.segment.cache.num.max = 2 (custom)
2019-08-20 15:23:38,135 [pool-472-thread-1] INFO  server.RaftServerConfigKeys (ConfUtils.java:logGet(43)) - raft.server.log.statemachine.data.caching.enabled = true (custom)
2019-08-20 15:23:38,135 [pool-494-thread-1] INFO  segmented.SegmentedRaftLogWorker (SegmentedRaftLogWorker.java:<init>(172)) - new 5e423d06-488d-45e1-ad82-54d441feecb5-SegmentedRaftLogWorker:Storage Directory /workdir/hadoop-ozone/integration-test/target/test-dir/MiniOzoneClusterImpl-55fc759d-3081-4a00-8886-eafd5a4bcf81/datanode-5/data/ratis/20fb93a8-a031-421a-a26a-864525acfea0 for RaftStorage:Storage Directory /workdir/hadoop-ozone/integration-test/target/test-dir/MiniOzoneClusterImpl-55fc759d-3081-4a00-8886-eafd5a4bcf81/datanode-5/data/ratis/20fb93a8-a031-421a-a26a-864525acfea0
2019-08-20 15:23:38,135 [pool-483-thread-1] INFO  segmented.SegmentedRaftLogWorker (SegmentedRaftLogWorker.java:<init>(172)) - new 9c6ab30a-d72f-459b-9d58-6af7941cdaaa-SegmentedRaftLogWorker:Storage Directory /workdir/hadoop-ozone/integration-test/target/test-dir/MiniOzoneClusterImpl-55fc759d-3081-4a00-8886-eafd5a4bcf81/datanode-4/data/ratis/20fb93a8-a031-421a-a26a-864525acfea0 for RaftStorage:Storage Directory /workdir/hadoop-ozone/integration-test/target/test-dir/MiniOzoneClusterImpl-55fc759d-3081-4a00-8886-eafd5a4bcf81/datanode-4/data/ratis/20fb93a8-a031-421a-a26a-864525acfea0
2019-08-20 15:23:38,136 [pool-472-thread-1] INFO  segmented.SegmentedRaftLogWorker (SegmentedRaftLogWorker.java:lambda$new$0(132)) - 81cebdb6-2756-4de8-83ea-a7eacd20f204-SegmentedRaftLogWorker:Storage Directory /workdir/hadoop-ozone/integration-test/target/test-dir/MiniOzoneClusterImpl-55fc759d-3081-4a00-8886-eafd5a4bcf81/datanode-3/data/ratis/20fb93a8-a031-421a-a26a-864525acfea0: flushIndex: setUnconditionally 0 -> -1
2019-08-20 15:23:38,136 [pool-494-thread-1] INFO  server.RaftServerConfigKeys (ConfUtils.java:logGet(43)) - raft.server.log.queue.byte-limit = 2147483647 (custom)
2019-08-20 15:23:38,136 [pool-483-thread-1] INFO  server.RaftServerConfigKeys (ConfUtils.java:logGet(43)) - raft.server.log.queue.byte-limit = 2147483647 (custom)
2019-08-20 15:23:38,136 [pool-472-thread-1] INFO  server.RaftServerConfigKeys (ConfUtils.java:logGet(43)) - raft.server.snapshot.auto.trigger.enabled = true (custom)
2019-08-20 15:23:38,136 [pool-494-thread-1] INFO  server.RaftServerConfigKeys (ConfUtils.java:logGet(43)) - raft.server.log.queue.element-limit = 1024 (custom)
2019-08-20 15:23:38,136 [pool-472-thread-1] INFO  server.RaftServerConfigKeys (ConfUtils.java:logGet(43)) - raft.server.snapshot.auto.trigger.threshold = 10000 (custom)
2019-08-20 15:23:38,136 [pool-483-thread-1] INFO  server.RaftServerConfigKeys (ConfUtils.java:logGet(43)) - raft.server.log.queue.element-limit = 1024 (custom)
2019-08-20 15:23:38,137 [pool-472-thread-1] INFO  server.RaftServerConfigKeys (ConfUtils.java:logGet(43)) - raft.server.retrycache.expirytime = 600000ms (custom)
2019-08-20 15:23:38,136 [pool-494-thread-1] INFO  server.RaftServerConfigKeys (ConfUtils.java:logGet(43)) - raft.server.log.segment.size.max = 1048576 (custom)
2019-08-20 15:23:38,137 [pool-472-thread-1] INFO  impl.RaftServerImpl (RaftServerImpl.java:start(180)) - 81cebdb6-2756-4de8-83ea-a7eacd20f204: start group-864525ACFEA0
2019-08-20 15:23:38,137 [pool-472-thread-1] INFO  impl.RaftServerImpl (RaftServerImpl.java:setRole(171)) - 81cebdb6-2756-4de8-83ea-a7eacd20f204:group-864525ACFEA0 changes role from null to FOLLOWER at term 0 for startAsFollower
2019-08-20 15:23:38,137 [pool-483-thread-1] INFO  server.RaftServerConfigKeys (ConfUtils.java:logGet(43)) - raft.server.log.segment.size.max = 1048576 (custom)
2019-08-20 15:23:38,137 [pool-472-thread-1] INFO  impl.RoleInfo (RoleInfo.java:updateAndGet(143)) - 81cebdb6-2756-4de8-83ea-a7eacd20f204: start FollowerState
2019-08-20 15:23:38,137 [pool-494-thread-1] INFO  server.RaftServerConfigKeys (ConfUtils.java:logGet(43)) - raft.server.log.preallocated.size = 16384 (custom)
2019-08-20 15:23:38,137 [pool-483-thread-1] INFO  server.RaftServerConfigKeys (ConfUtils.java:logGet(43)) - raft.server.log.preallocated.size = 16384 (custom)
2019-08-20 15:23:38,137 [pool-494-thread-1] INFO  server.RaftServerConfigKeys (ConfUtils.java:logGet(43)) - raft.server.log.write.buffer.size = 33554432 (custom)
2019-08-20 15:23:38,138 [pool-483-thread-1] INFO  server.RaftServerConfigKeys (ConfUtils.java:logGet(43)) - raft.server.log.write.buffer.size = 33554432 (custom)
2019-08-20 15:23:38,138 [pool-472-thread-1] INFO  util.JmxRegister (JmxRegister.java:tryRegister(44)) - Successfully registered JMX Bean with object name Ratis:service=RaftServer,group=group-864525ACFEA0,id=81cebdb6-2756-4de8-83ea-a7eacd20f204
2019-08-20 15:23:38,138 [pool-483-thread-1] INFO  server.RaftServerConfigKeys (ConfUtils.java:logGet(43)) - raft.server.log.force.sync.num = 128 (default)
2019-08-20 15:23:38,138 [pool-494-thread-1] INFO  server.RaftServerConfigKeys (ConfUtils.java:logGet(43)) - raft.server.log.force.sync.num = 128 (default)
2019-08-20 15:23:38,138 [pool-483-thread-1] INFO  server.RaftServerConfigKeys (ConfUtils.java:logGet(43)) - raft.server.log.statemachine.data.sync = true (default)
2019-08-20 15:23:38,138 [pool-494-thread-1] INFO  server.RaftServerConfigKeys (ConfUtils.java:logGet(43)) - raft.server.log.statemachine.data.sync = true (default)
2019-08-20 15:23:38,138 [pool-483-thread-1] INFO  server.RaftServerConfigKeys (ConfUtils.java:logGet(43)) - raft.server.log.statemachine.data.sync.timeout = 10s (default)
2019-08-20 15:23:38,139 [pool-494-thread-1] INFO  server.RaftServerConfigKeys (ConfUtils.java:logGet(43)) - raft.server.log.statemachine.data.sync.timeout = 10s (default)
2019-08-20 15:23:38,139 [pool-483-thread-1] INFO  server.RaftServerConfigKeys (ConfUtils.java:logGet(43)) - raft.server.log.statemachine.data.sync.timeout.retry = -1 (default)
2019-08-20 15:23:38,139 [pool-494-thread-1] INFO  server.RaftServerConfigKeys (ConfUtils.java:logGet(43)) - raft.server.log.statemachine.data.sync.timeout.retry = -1 (default)
2019-08-20 15:23:38,139 [pool-483-thread-1] INFO  server.RaftServerConfigKeys (ConfUtils.java:logGet(43)) - raft.server.log.statemachine.data.caching.enabled = true (custom)
2019-08-20 15:23:38,139 [pool-494-thread-1] INFO  server.RaftServerConfigKeys (ConfUtils.java:logGet(43)) - raft.server.log.statemachine.data.caching.enabled = true (custom)
2019-08-20 15:23:38,139 [pool-483-thread-1] INFO  segmented.SegmentedRaftLogWorker (SegmentedRaftLogWorker.java:lambda$new$0(132)) - 9c6ab30a-d72f-459b-9d58-6af7941cdaaa-SegmentedRaftLogWorker:Storage Directory /workdir/hadoop-ozone/integration-test/target/test-dir/MiniOzoneClusterImpl-55fc759d-3081-4a00-8886-eafd5a4bcf81/datanode-4/data/ratis/20fb93a8-a031-421a-a26a-864525acfea0: flushIndex: setUnconditionally 0 -> -1
2019-08-20 15:23:38,139 [pool-494-thread-1] INFO  segmented.SegmentedRaftLogWorker (SegmentedRaftLogWorker.java:lambda$new$0(132)) - 5e423d06-488d-45e1-ad82-54d441feecb5-SegmentedRaftLogWorker:Storage Directory /workdir/hadoop-ozone/integration-test/target/test-dir/MiniOzoneClusterImpl-55fc759d-3081-4a00-8886-eafd5a4bcf81/datanode-5/data/ratis/20fb93a8-a031-421a-a26a-864525acfea0: flushIndex: setUnconditionally 0 -> -1
2019-08-20 15:23:38,140 [pool-483-thread-1] INFO  server.RaftServerConfigKeys (ConfUtils.java:logGet(43)) - raft.server.snapshot.auto.trigger.enabled = true (custom)
2019-08-20 15:23:38,140 [pool-494-thread-1] INFO  server.RaftServerConfigKeys (ConfUtils.java:logGet(43)) - raft.server.snapshot.auto.trigger.enabled = true (custom)
2019-08-20 15:23:38,140 [pool-483-thread-1] INFO  server.RaftServerConfigKeys (ConfUtils.java:logGet(43)) - raft.server.snapshot.auto.trigger.threshold = 10000 (custom)
2019-08-20 15:23:38,140 [pool-494-thread-1] INFO  server.RaftServerConfigKeys (ConfUtils.java:logGet(43)) - raft.server.snapshot.auto.trigger.threshold = 10000 (custom)
2019-08-20 15:23:38,140 [pool-483-thread-1] INFO  server.RaftServerConfigKeys (ConfUtils.java:logGet(43)) - raft.server.retrycache.expirytime = 600000ms (custom)
2019-08-20 15:23:38,140 [pool-494-thread-1] INFO  server.RaftServerConfigKeys (ConfUtils.java:logGet(43)) - raft.server.retrycache.expirytime = 600000ms (custom)
2019-08-20 15:23:38,141 [pool-494-thread-1] INFO  impl.RaftServerImpl (RaftServerImpl.java:start(180)) - 5e423d06-488d-45e1-ad82-54d441feecb5: start group-864525ACFEA0
2019-08-20 15:23:38,141 [pool-494-thread-1] INFO  impl.RaftServerImpl (RaftServerImpl.java:setRole(171)) - 5e423d06-488d-45e1-ad82-54d441feecb5:group-864525ACFEA0 changes role from null to FOLLOWER at term 0 for startAsFollower
2019-08-20 15:23:38,141 [pool-483-thread-1] INFO  impl.RaftServerImpl (RaftServerImpl.java:start(180)) - 9c6ab30a-d72f-459b-9d58-6af7941cdaaa: start group-864525ACFEA0
2019-08-20 15:23:38,141 [pool-494-thread-1] INFO  impl.RoleInfo (RoleInfo.java:updateAndGet(143)) - 5e423d06-488d-45e1-ad82-54d441feecb5: start FollowerState
2019-08-20 15:23:38,141 [pool-483-thread-1] INFO  impl.RaftServerImpl (RaftServerImpl.java:setRole(171)) - 9c6ab30a-d72f-459b-9d58-6af7941cdaaa:group-864525ACFEA0 changes role from null to FOLLOWER at term 0 for startAsFollower
2019-08-20 15:23:38,141 [pool-483-thread-1] INFO  impl.RoleInfo (RoleInfo.java:updateAndGet(143)) - 9c6ab30a-d72f-459b-9d58-6af7941cdaaa: start FollowerState
2019-08-20 15:23:38,141 [pool-494-thread-1] INFO  util.JmxRegister (JmxRegister.java:tryRegister(44)) - Successfully registered JMX Bean with object name Ratis:service=RaftServer,group=group-864525ACFEA0,id=5e423d06-488d-45e1-ad82-54d441feecb5
2019-08-20 15:23:38,142 [pool-483-thread-1] INFO  util.JmxRegister (JmxRegister.java:tryRegister(44)) - Successfully registered JMX Bean with object name Ratis:service=RaftServer,group=group-864525ACFEA0,id=9c6ab30a-d72f-459b-9d58-6af7941cdaaa
2019-08-20 15:23:38,144 [RatisPipelineUtilsThread] INFO  pipeline.PipelineStateManager (PipelineStateManager.java:addPipeline(56)) - Created pipeline Pipeline[ Id: 20fb93a8-a031-421a-a26a-864525acfea0, Nodes: 81cebdb6-2756-4de8-83ea-a7eacd20f204{ip: 192.168.36.99, host: pr-hdds-1950-vsl5z-1698008226, networkLocation: /default-rack, certSerialId: null}5e423d06-488d-45e1-ad82-54d441feecb5{ip: 192.168.36.99, host: pr-hdds-1950-vsl5z-1698008226, networkLocation: /default-rack, certSerialId: null}9c6ab30a-d72f-459b-9d58-6af7941cdaaa{ip: 192.168.36.99, host: pr-hdds-1950-vsl5z-1698008226, networkLocation: /default-rack, certSerialId: null}, Type:RATIS, Factor:THREE, State:OPEN]
2019-08-20 15:23:38,158 [main] INFO  ozone.MiniOzoneClusterImpl (MiniOzoneClusterImpl.java:lambda$waitForClusterToBeReady$0(142)) - Waiting for cluster to be ready. Got 6 of 7 DN Heartbeats.
2019-08-20 15:23:38,159 [IPC Server handler 4 on 42907] INFO  net.NetworkTopology (NetworkTopologyImpl.java:add(110)) - Added a new node: /default-rack/39479044-a7f0-46f5-a832-d507a2c1b28c
2019-08-20 15:23:38,159 [IPC Server handler 4 on 42907] INFO  node.SCMNodeManager (SCMNodeManager.java:register(273)) - Registered Data node : 39479044-a7f0-46f5-a832-d507a2c1b28c{ip: 192.168.36.99, host: pr-hdds-1950-vsl5z-1698008226, networkLocation: /default-rack, certSerialId: null}
2019-08-20 15:23:38,162 | INFO  | SCMAudit | user=jenkins1000 | ip=192.168.36.99 | op=REGISTER {datanodeDetails=39479044-a7f0-46f5-a832-d507a2c1b28c{ip: 192.168.36.99, host: pr-hdds-1950-vsl5z-1698008226, networkLocation: /default-rack, certSerialId: null}} | ret=SUCCESS |  
2019-08-20 15:23:38,169 [grpc-default-executor-9] INFO  impl.RaftServerProxy (RaftServerProxy.java:addNew(89)) - 39479044-a7f0-46f5-a832-d507a2c1b28c: addNew group-9DB18E3E2438:[39479044-a7f0-46f5-a832-d507a2c1b28c:192.168.36.99:46266] returns group-9DB18E3E2438:java.util.concurrent.CompletableFuture@5d16472b[Not completed]
2019-08-20 15:23:38,170 [pool-505-thread-1] INFO  impl.RaftServerImpl (RaftServerImpl.java:<init>(93)) - 39479044-a7f0-46f5-a832-d507a2c1b28c: new RaftServerImpl for group-9DB18E3E2438:[39479044-a7f0-46f5-a832-d507a2c1b28c:192.168.36.99:46266] with ContainerStateMachine:uninitialized
2019-08-20 15:23:38,170 [pool-505-thread-1] INFO  server.RaftServerConfigKeys (ConfUtils.java:logGet(43)) - raft.server.rpc.timeout.min = 5s (custom)
2019-08-20 15:23:38,170 [pool-505-thread-1] INFO  server.RaftServerConfigKeys (ConfUtils.java:logGet(43)) - raft.server.rpc.timeout.max = 5200ms (custom)
2019-08-20 15:23:38,170 [pool-505-thread-1] INFO  server.RaftServerConfigKeys (ConfUtils.java:logGet(43)) - raft.server.rpcslowness.timeout = 120s (custom)
2019-08-20 15:23:38,170 [pool-505-thread-1] INFO  server.RaftServerConfigKeys (ConfUtils.java:logGet(43)) - raft.server.sleep.deviation.threshold = 300 (default)
2019-08-20 15:23:38,170 [pool-505-thread-1] INFO  server.RaftServerConfigKeys (ConfUtils.java:logGet(43)) - raft.server.log.appender.install.snapshot.enabled = false (custom)
2019-08-20 15:23:38,171 [pool-505-thread-1] INFO  impl.RaftServerImpl (ServerState.java:<init>(105)) - 39479044-a7f0-46f5-a832-d507a2c1b28c:group-9DB18E3E2438 ConfigurationManager, init=-1: [39479044-a7f0-46f5-a832-d507a2c1b28c:192.168.36.99:46266], old=null, confs=<EMPTY_MAP>
2019-08-20 15:23:38,171 [pool-505-thread-1] INFO  server.RaftServerConfigKeys (ConfUtils.java:logGet(43)) - raft.server.storage.dir = [/workdir/hadoop-ozone/integration-test/target/test-dir/MiniOzoneClusterImpl-55fc759d-3081-4a00-8886-eafd5a4bcf81/datanode-6/data/ratis] (custom)
2019-08-20 15:23:38,171 [pool-505-thread-1] INFO  storage.RaftStorageDirectory (RaftStorageDirectory.java:analyzeStorage(246)) - The storage directory /workdir/hadoop-ozone/integration-test/target/test-dir/MiniOzoneClusterImpl-55fc759d-3081-4a00-8886-eafd5a4bcf81/datanode-6/data/ratis/56935650-926f-48fd-b5e2-9db18e3e2438 does not exist. Creating ...
2019-08-20 15:23:38,206 [pool-505-thread-1] INFO  storage.RaftStorageDirectory (RaftStorageDirectory.java:tryLock(328)) - Lock on /workdir/hadoop-ozone/integration-test/target/test-dir/MiniOzoneClusterImpl-55fc759d-3081-4a00-8886-eafd5a4bcf81/datanode-6/data/ratis/56935650-926f-48fd-b5e2-9db18e3e2438/in_use.lock acquired by nodename 20124@pr-hdds-1950-vsl5z-1698008226
2019-08-20 15:23:38,232 [pool-505-thread-1] INFO  storage.RaftStorage (RaftStorage.java:format(72)) - Storage directory /workdir/hadoop-ozone/integration-test/target/test-dir/MiniOzoneClusterImpl-55fc759d-3081-4a00-8886-eafd5a4bcf81/datanode-6/data/ratis/56935650-926f-48fd-b5e2-9db18e3e2438 has been successfully formatted.
2019-08-20 15:23:38,232 [pool-505-thread-1] INFO  ratis.ContainerStateMachine (ContainerStateMachine.java:loadSnapshot(222)) - group-9DB18E3E2438: The snapshot info is null. Setting the last applied indexto:(t:0, i:~)
2019-08-20 15:23:38,232 [pool-505-thread-1] INFO  server.RaftServerConfigKeys (ConfUtils.java:logGet(43)) - raft.server.leader.election.timeout = 120s (custom)
2019-08-20 15:23:38,233 [pool-505-thread-1] INFO  server.RaftServerConfigKeys (ConfUtils.java:logGet(43)) - raft.server.log.use.memory = false (default)
2019-08-20 15:23:38,233 [pool-505-thread-1] INFO  server.RaftServerConfigKeys (ConfUtils.java:logGet(43)) - raft.server.log.purge.gap = 1000000 (custom)
2019-08-20 15:23:38,233 [pool-505-thread-1] INFO  server.RaftServerConfigKeys (ConfUtils.java:logGet(43)) - raft.server.log.appender.buffer.byte-limit = 33554432 (custom)
2019-08-20 15:23:38,233 [pool-505-thread-1] INFO  server.RaftServerConfigKeys (ConfUtils.java:logGet(43)) - raft.server.log.segment.size.max = 1048576 (custom)
2019-08-20 15:23:38,233 [pool-505-thread-1] INFO  server.RaftServerConfigKeys (ConfUtils.java:logGet(43)) - raft.server.log.segment.cache.num.max = 2 (custom)
2019-08-20 15:23:38,233 [pool-505-thread-1] INFO  segmented.SegmentedRaftLogWorker (SegmentedRaftLogWorker.java:<init>(172)) - new 39479044-a7f0-46f5-a832-d507a2c1b28c-SegmentedRaftLogWorker:Storage Directory /workdir/hadoop-ozone/integration-test/target/test-dir/MiniOzoneClusterImpl-55fc759d-3081-4a00-8886-eafd5a4bcf81/datanode-6/data/ratis/56935650-926f-48fd-b5e2-9db18e3e2438 for RaftStorage:Storage Directory /workdir/hadoop-ozone/integration-test/target/test-dir/MiniOzoneClusterImpl-55fc759d-3081-4a00-8886-eafd5a4bcf81/datanode-6/data/ratis/56935650-926f-48fd-b5e2-9db18e3e2438
2019-08-20 15:23:38,233 [pool-505-thread-1] INFO  server.RaftServerConfigKeys (ConfUtils.java:logGet(43)) - raft.server.log.queue.byte-limit = 2147483647 (custom)
2019-08-20 15:23:38,234 [pool-505-thread-1] INFO  server.RaftServerConfigKeys (ConfUtils.java:logGet(43)) - raft.server.log.queue.element-limit = 1024 (custom)
2019-08-20 15:23:38,234 [pool-505-thread-1] INFO  server.RaftServerConfigKeys (ConfUtils.java:logGet(43)) - raft.server.log.segment.size.max = 1048576 (custom)
2019-08-20 15:23:38,234 [pool-505-thread-1] INFO  server.RaftServerConfigKeys (ConfUtils.java:logGet(43)) - raft.server.log.preallocated.size = 16384 (custom)
2019-08-20 15:23:38,234 [pool-505-thread-1] INFO  server.RaftServerConfigKeys (ConfUtils.java:logGet(43)) - raft.server.log.write.buffer.size = 33554432 (custom)
2019-08-20 15:23:38,234 [pool-505-thread-1] INFO  server.RaftServerConfigKeys (ConfUtils.java:logGet(43)) - raft.server.log.force.sync.num = 128 (default)
2019-08-20 15:23:38,234 [pool-505-thread-1] INFO  server.RaftServerConfigKeys (ConfUtils.java:logGet(43)) - raft.server.log.statemachine.data.sync = true (default)
2019-08-20 15:23:38,234 [pool-505-thread-1] INFO  server.RaftServerConfigKeys (ConfUtils.java:logGet(43)) - raft.server.log.statemachine.data.sync.timeout = 10s (default)
2019-08-20 15:23:38,235 [pool-505-thread-1] INFO  server.RaftServerConfigKeys (ConfUtils.java:logGet(43)) - raft.server.log.statemachine.data.sync.timeout.retry = -1 (default)
2019-08-20 15:23:38,235 [pool-505-thread-1] INFO  server.RaftServerConfigKeys (ConfUtils.java:logGet(43)) - raft.server.log.statemachine.data.caching.enabled = true (custom)
2019-08-20 15:23:38,235 [pool-505-thread-1] INFO  segmented.SegmentedRaftLogWorker (SegmentedRaftLogWorker.java:lambda$new$0(132)) - 39479044-a7f0-46f5-a832-d507a2c1b28c-SegmentedRaftLogWorker:Storage Directory /workdir/hadoop-ozone/integration-test/target/test-dir/MiniOzoneClusterImpl-55fc759d-3081-4a00-8886-eafd5a4bcf81/datanode-6/data/ratis/56935650-926f-48fd-b5e2-9db18e3e2438: flushIndex: setUnconditionally 0 -> -1
2019-08-20 15:23:38,235 [pool-505-thread-1] INFO  server.RaftServerConfigKeys (ConfUtils.java:logGet(43)) - raft.server.snapshot.auto.trigger.enabled = true (custom)
2019-08-20 15:23:38,236 [pool-505-thread-1] INFO  server.RaftServerConfigKeys (ConfUtils.java:logGet(43)) - raft.server.snapshot.auto.trigger.threshold = 10000 (custom)
2019-08-20 15:23:38,236 [pool-505-thread-1] INFO  server.RaftServerConfigKeys (ConfUtils.java:logGet(43)) - raft.server.retrycache.expirytime = 600000ms (custom)
2019-08-20 15:23:38,236 [pool-505-thread-1] INFO  impl.RaftServerImpl (RaftServerImpl.java:start(180)) - 39479044-a7f0-46f5-a832-d507a2c1b28c: start group-9DB18E3E2438
2019-08-20 15:23:38,236 [pool-505-thread-1] INFO  impl.RaftServerImpl (RaftServerImpl.java:setRole(171)) - 39479044-a7f0-46f5-a832-d507a2c1b28c:group-9DB18E3E2438 changes role from null to FOLLOWER at term 0 for startAsFollower
2019-08-20 15:23:38,236 [pool-505-thread-1] INFO  impl.RoleInfo (RoleInfo.java:updateAndGet(143)) - 39479044-a7f0-46f5-a832-d507a2c1b28c: start FollowerState
2019-08-20 15:23:38,237 [pool-505-thread-1] INFO  util.JmxRegister (JmxRegister.java:tryRegister(44)) - Successfully registered JMX Bean with object name Ratis:service=RaftServer,group=group-9DB18E3E2438,id=39479044-a7f0-46f5-a832-d507a2c1b28c
2019-08-20 15:23:38,239 [RatisPipelineUtilsThread] INFO  pipeline.PipelineStateManager (PipelineStateManager.java:addPipeline(56)) - Created pipeline Pipeline[ Id: 56935650-926f-48fd-b5e2-9db18e3e2438, Nodes: 39479044-a7f0-46f5-a832-d507a2c1b28c{ip: 192.168.36.99, host: pr-hdds-1950-vsl5z-1698008226, networkLocation: /default-rack, certSerialId: null}, Type:RATIS, Factor:ONE, State:OPEN]
2019-08-20 15:23:38,673 | INFO  | SCMAudit | user=jenkins1000 | ip=192.168.36.99 | op=SEND_HEARTBEAT {datanodeUUID=fffe0fa6-9e97-473a-b4af-0bacc73ac892, command=[]} | ret=SUCCESS |  
2019-08-20 15:23:39,159 [main] INFO  ozone.MiniOzoneClusterImpl (MiniOzoneClusterImpl.java:lambda$waitForClusterToBeReady$0(142)) - Cluster is ready. Got 7 of 7 DN Heartbeats.
2019-08-20 15:23:39,193 [main] INFO  rpc.RpcClient (RpcClient.java:createVolume(292)) - Creating Volume: testblockoutputstream, with jenkins1000 as owner.
2019-08-20 15:23:39,196 | INFO  | OMAudit | user=jenkins1000 | ip=127.0.0.1 | op=CREATE_VOLUME {admin=jenkins1000, owner=jenkins1000, volume=testblockoutputstream, creationTime=1566314619195, quotaInBytes=1152921504606846976} | ret=SUCCESS |  
2019-08-20 15:23:39,206 | INFO  | OMAudit | user=jenkins1000 | ip=127.0.0.1 | op=READ_VOLUME {volume=testblockoutputstream} | ret=SUCCESS |  
2019-08-20 15:23:39,207 | INFO  | SCMAudit | user=jenkins1000 | ip=192.168.36.99 | op=SEND_HEARTBEAT {datanodeUUID=098fd333-fd07-42ed-bf18-0c1d6ead7454, command=[]} | ret=SUCCESS |  
2019-08-20 15:23:39,207 [main] INFO  rpc.RpcClient (RpcClient.java:createBucket(431)) - Creating Bucket: testblockoutputstream/testblockoutputstream, with Versioning false and Storage Type set to DISK and Encryption set to false 
2019-08-20 15:23:39,211 | INFO  | OMAudit | user=jenkins1000 | ip=127.0.0.1 | op=CREATE_BUCKET {volume=testblockoutputstream, bucket=testblockoutputstream, acls=[user:jenkins1000:a[ACCESS], group:default:a[ACCESS]], isVersionEnabled=false, storageType=DISK, creationTime=0} | ret=SUCCESS |  
2019-08-20 15:23:39,212 | INFO  | OMAudit | user=jenkins1000 | ip=127.0.0.1 | op=READ_VOLUME {volume=testblockoutputstream} | ret=SUCCESS |  
2019-08-20 15:23:39,214 | INFO  | OMAudit | user=jenkins1000 | ip=127.0.0.1 | op=READ_BUCKET {volume=testblockoutputstream, bucket=testblockoutputstream} | ret=SUCCESS |  
2019-08-20 15:23:39,218 | INFO  | SCMAudit | user=jenkins1000 | ip=192.168.36.99 | op=ALLOCATE_BLOCK {owner=d75eb4f0-3049-4470-97d5-bd979a640956, size=800, type=RATIS, factor=THREE} | ret=SUCCESS |  
2019-08-20 15:23:39,221 | INFO  | OMAudit | user=jenkins1000 | ip=127.0.0.1 | op=ALLOCATE_KEY {volume=testblockoutputstream, bucket=testblockoutputstream, key=dabc9410-47dc-4485-b1a8-4b04ea876e37, dataSize=0, replicationType=RATIS, replicationFactor=THREE, keyLocationInfo=null} | ret=SUCCESS |  
2019-08-20 15:23:39,234 [grpc-default-executor-9] INFO  client.GrpcClientProtocolClient (GrpcClientProtocolClient.java:onNext(255)) - client-8CB4128913AD->6b47a181-38f2-4238-bd0f-68e13143ff11: receive RaftClientReply:client-8CB4128913AD->6b47a181-38f2-4238-bd0f-68e13143ff11@group-9E5E06D0463C, cid=182, FAILED org.apache.ratis.protocol.NotLeaderException: Server 6b47a181-38f2-4238-bd0f-68e13143ff11 is not the leader (null). Request must be sent to leader., logIndex=0, commits[6b47a181-38f2-4238-bd0f-68e13143ff11:c-1]
2019-08-20 15:23:39,401 | INFO  | SCMAudit | user=jenkins1000 | ip=192.168.36.99 | op=SEND_HEARTBEAT {datanodeUUID=6b47a181-38f2-4238-bd0f-68e13143ff11, command=[]} | ret=SUCCESS |  
2019-08-20 15:23:39,574 | INFO  | SCMAudit | user=jenkins1000 | ip=192.168.36.99 | op=SEND_HEARTBEAT {datanodeUUID=81cebdb6-2756-4de8-83ea-a7eacd20f204, command=[]} | ret=SUCCESS |  
2019-08-20 15:23:39,673 | INFO  | SCMAudit | user=jenkins1000 | ip=192.168.36.99 | op=SEND_HEARTBEAT {datanodeUUID=fffe0fa6-9e97-473a-b4af-0bacc73ac892, command=[]} | ret=SUCCESS |  
2019-08-20 15:23:39,698 [Thread-3604] INFO  container.ReplicationManager (ReplicationManager.java:start(152)) - Starting Replication Monitor Thread.
2019-08-20 15:23:39,702 [ReplicationMonitor] INFO  container.ReplicationManager (ReplicationManager.java:run(215)) - Replication Monitor Thread took 0 milliseconds for processing 1 containers.
2019-08-20 15:23:39,802 | INFO  | SCMAudit | user=jenkins1000 | ip=192.168.36.99 | op=SEND_HEARTBEAT {datanodeUUID=9c6ab30a-d72f-459b-9d58-6af7941cdaaa, command=[]} | ret=SUCCESS |  
2019-08-20 15:23:39,974 | INFO  | SCMAudit | user=jenkins1000 | ip=192.168.36.99 | op=SEND_HEARTBEAT {datanodeUUID=5e423d06-488d-45e1-ad82-54d441feecb5, command=[]} | ret=SUCCESS |  
2019-08-20 15:23:40,159 | INFO  | SCMAudit | user=jenkins1000 | ip=192.168.36.99 | op=SEND_HEARTBEAT {datanodeUUID=39479044-a7f0-46f5-a832-d507a2c1b28c, command=[]} | ret=SUCCESS |  
2019-08-20 15:23:40,205 | INFO  | SCMAudit | user=jenkins1000 | ip=192.168.36.99 | op=SEND_HEARTBEAT {datanodeUUID=098fd333-fd07-42ed-bf18-0c1d6ead7454, command=[]} | ret=SUCCESS |  
2019-08-20 15:23:40,258 [grpc-default-executor-9] INFO  client.GrpcClientProtocolClient (GrpcClientProtocolClient.java:onNext(255)) - client-8CB4128913AD->098fd333-fd07-42ed-bf18-0c1d6ead7454: receive RaftClientReply:client-8CB4128913AD->098fd333-fd07-42ed-bf18-0c1d6ead7454@group-9E5E06D0463C, cid=182, FAILED org.apache.ratis.protocol.NotLeaderException: Server 098fd333-fd07-42ed-bf18-0c1d6ead7454 is not the leader (null). Request must be sent to leader., logIndex=0, commits[098fd333-fd07-42ed-bf18-0c1d6ead7454:c-1]
2019-08-20 15:23:40,403 | INFO  | SCMAudit | user=jenkins1000 | ip=192.168.36.99 | op=SEND_HEARTBEAT {datanodeUUID=6b47a181-38f2-4238-bd0f-68e13143ff11, command=[]} | ret=SUCCESS |  
2019-08-20 15:23:40,574 | INFO  | SCMAudit | user=jenkins1000 | ip=192.168.36.99 | op=SEND_HEARTBEAT {datanodeUUID=81cebdb6-2756-4de8-83ea-a7eacd20f204, command=[]} | ret=SUCCESS |  
2019-08-20 15:23:40,673 | INFO  | SCMAudit | user=jenkins1000 | ip=192.168.36.99 | op=SEND_HEARTBEAT {datanodeUUID=fffe0fa6-9e97-473a-b4af-0bacc73ac892, command=[]} | ret=SUCCESS |  
2019-08-20 15:23:40,802 | INFO  | SCMAudit | user=jenkins1000 | ip=192.168.36.99 | op=SEND_HEARTBEAT {datanodeUUID=9c6ab30a-d72f-459b-9d58-6af7941cdaaa, command=[]} | ret=SUCCESS |  
2019-08-20 15:23:40,973 | INFO  | SCMAudit | user=jenkins1000 | ip=192.168.36.99 | op=SEND_HEARTBEAT {datanodeUUID=5e423d06-488d-45e1-ad82-54d441feecb5, command=[]} | ret=SUCCESS |  
2019-08-20 15:23:41,159 | INFO  | SCMAudit | user=jenkins1000 | ip=192.168.36.99 | op=SEND_HEARTBEAT {datanodeUUID=39479044-a7f0-46f5-a832-d507a2c1b28c, command=[]} | ret=SUCCESS |  
2019-08-20 15:23:41,205 | INFO  | SCMAudit | user=jenkins1000 | ip=192.168.36.99 | op=SEND_HEARTBEAT {datanodeUUID=098fd333-fd07-42ed-bf18-0c1d6ead7454, command=[]} | ret=SUCCESS |  
2019-08-20 15:23:41,273 [grpc-default-executor-9] INFO  client.GrpcClientProtocolClient (GrpcClientProtocolClient.java:onNext(255)) - client-8CB4128913AD->fffe0fa6-9e97-473a-b4af-0bacc73ac892: receive RaftClientReply:client-8CB4128913AD->fffe0fa6-9e97-473a-b4af-0bacc73ac892@group-9E5E06D0463C, cid=182, FAILED org.apache.ratis.protocol.NotLeaderException: Server fffe0fa6-9e97-473a-b4af-0bacc73ac892 is not the leader (null). Request must be sent to leader., logIndex=0, commits[fffe0fa6-9e97-473a-b4af-0bacc73ac892:c-1]
2019-08-20 15:23:41,401 | INFO  | SCMAudit | user=jenkins1000 | ip=192.168.36.99 | op=SEND_HEARTBEAT {datanodeUUID=6b47a181-38f2-4238-bd0f-68e13143ff11, command=[]} | ret=SUCCESS |  
2019-08-20 15:23:41,575 | INFO  | SCMAudit | user=jenkins1000 | ip=192.168.36.99 | op=SEND_HEARTBEAT {datanodeUUID=81cebdb6-2756-4de8-83ea-a7eacd20f204, command=[]} | ret=SUCCESS |  
2019-08-20 15:23:41,674 | INFO  | SCMAudit | user=jenkins1000 | ip=192.168.36.99 | op=SEND_HEARTBEAT {datanodeUUID=fffe0fa6-9e97-473a-b4af-0bacc73ac892, command=[]} | ret=SUCCESS |  
2019-08-20 15:23:41,803 | INFO  | SCMAudit | user=jenkins1000 | ip=192.168.36.99 | op=SEND_HEARTBEAT {datanodeUUID=9c6ab30a-d72f-459b-9d58-6af7941cdaaa, command=[]} | ret=SUCCESS |  
2019-08-20 15:23:41,846 [Thread-3606] INFO  impl.FollowerState (FollowerState.java:run(106)) - fffe0fa6-9e97-473a-b4af-0bacc73ac892:group-9DC49F0BD0C8 changes to CANDIDATE, lastRpcTime:5060, electionTimeout:5060ms
2019-08-20 15:23:41,846 [Thread-3606] INFO  impl.RoleInfo (RoleInfo.java:shutdownFollowerState(121)) - fffe0fa6-9e97-473a-b4af-0bacc73ac892: shutdown FollowerState
2019-08-20 15:23:41,846 [Thread-3606] INFO  impl.RaftServerImpl (RaftServerImpl.java:setRole(171)) - fffe0fa6-9e97-473a-b4af-0bacc73ac892:group-9DC49F0BD0C8 changes role from FOLLOWER to CANDIDATE at term 0 for changeToCandidate
2019-08-20 15:23:41,846 [Thread-3606] INFO  impl.RoleInfo (RoleInfo.java:updateAndGet(143)) - fffe0fa6-9e97-473a-b4af-0bacc73ac892: start LeaderElection
2019-08-20 15:23:41,878 [fffe0fa6-9e97-473a-b4af-0bacc73ac892:group-9DC49F0BD0C8:LeaderElection83] INFO  impl.LeaderElection (LeaderElection.java:askForVotes(181)) - fffe0fa6-9e97-473a-b4af-0bacc73ac892:group-9DC49F0BD0C8:LeaderElection83: begin an election at term 1 for -1: [fffe0fa6-9e97-473a-b4af-0bacc73ac892:192.168.36.99:35660], old=null
2019-08-20 15:23:41,878 [fffe0fa6-9e97-473a-b4af-0bacc73ac892:group-9DC49F0BD0C8:LeaderElection83] INFO  impl.RoleInfo (RoleInfo.java:shutdownLeaderElection(134)) - fffe0fa6-9e97-473a-b4af-0bacc73ac892: shutdown LeaderElection
2019-08-20 15:23:41,878 [fffe0fa6-9e97-473a-b4af-0bacc73ac892:group-9DC49F0BD0C8:LeaderElection83] INFO  impl.RaftServerImpl (RaftServerImpl.java:setRole(171)) - fffe0fa6-9e97-473a-b4af-0bacc73ac892:group-9DC49F0BD0C8 changes role from CANDIDATE to LEADER at term 1 for changeToLeader
2019-08-20 15:23:41,878 [fffe0fa6-9e97-473a-b4af-0bacc73ac892:group-9DC49F0BD0C8:LeaderElection83] INFO  impl.RaftServerImpl (ServerState.java:setLeader(263)) - fffe0fa6-9e97-473a-b4af-0bacc73ac892:group-9DC49F0BD0C8 change Leader from null to fffe0fa6-9e97-473a-b4af-0bacc73ac892 at term 1 for becomeLeader, leader elected after 5098ms
2019-08-20 15:23:41,878 [fffe0fa6-9e97-473a-b4af-0bacc73ac892:group-9DC49F0BD0C8:LeaderElection83] INFO  server.RaftServerConfigKeys (ConfUtils.java:logGet(43)) - raft.server.staging.catchup.gap = 1000 (default)
2019-08-20 15:23:41,878 [fffe0fa6-9e97-473a-b4af-0bacc73ac892:group-9DC49F0BD0C8:LeaderElection83] INFO  server.RaftServerConfigKeys (ConfUtils.java:logGet(43)) - raft.server.rpc.sleep.time = 25ms (default)
2019-08-20 15:23:41,879 [fffe0fa6-9e97-473a-b4af-0bacc73ac892:group-9DC49F0BD0C8:LeaderElection83] INFO  server.RaftServerConfigKeys (ConfUtils.java:logGet(43)) - raft.server.write.element-limit = 4096 (default)
2019-08-20 15:23:41,879 [fffe0fa6-9e97-473a-b4af-0bacc73ac892:group-9DC49F0BD0C8:LeaderElection83] INFO  server.RaftServerConfigKeys (ConfUtils.java:logGet(43)) - raft.server.watch.timeout = 10s (default)
2019-08-20 15:23:41,879 [fffe0fa6-9e97-473a-b4af-0bacc73ac892:group-9DC49F0BD0C8:LeaderElection83] INFO  server.RaftServerConfigKeys (ConfUtils.java:logGet(43)) - raft.server.watch.timeout.denomination = 1s (default)
2019-08-20 15:23:41,879 [fffe0fa6-9e97-473a-b4af-0bacc73ac892:group-9DC49F0BD0C8:LeaderElection83] INFO  server.RaftServerConfigKeys (ConfUtils.java:logGet(43)) - raft.server.watch.element-limit = 65536 (default)
2019-08-20 15:23:41,879 [fffe0fa6-9e97-473a-b4af-0bacc73ac892:group-9DC49F0BD0C8:LeaderElection83] INFO  impl.RoleInfo (RoleInfo.java:updateAndGet(143)) - fffe0fa6-9e97-473a-b4af-0bacc73ac892: start LeaderState
2019-08-20 15:23:41,880 [fffe0fa6-9e97-473a-b4af-0bacc73ac892:group-9DC49F0BD0C8:LeaderElection83] INFO  segmented.SegmentedRaftLogWorker (SegmentedRaftLogWorker.java:startLogSegment(380)) - fffe0fa6-9e97-473a-b4af-0bacc73ac892-SegmentedRaftLogWorker:Storage Directory /workdir/hadoop-ozone/integration-test/target/test-dir/MiniOzoneClusterImpl-55fc759d-3081-4a00-8886-eafd5a4bcf81/datanode-0/data/ratis/61f52705-5cb7-4dba-b3f7-9dc49f0bd0c8: Starting segment from index:0
2019-08-20 15:23:41,880 [fffe0fa6-9e97-473a-b4af-0bacc73ac892:group-9DC49F0BD0C8:LeaderElection83] INFO  impl.RaftServerImpl (ServerState.java:setRaftConf(361)) - fffe0fa6-9e97-473a-b4af-0bacc73ac892:group-9DC49F0BD0C8 set configuration 0: [fffe0fa6-9e97-473a-b4af-0bacc73ac892:192.168.36.99:35660], old=null at 0
2019-08-20 15:23:41,937 [fffe0fa6-9e97-473a-b4af-0bacc73ac892-SegmentedRaftLogWorker:Storage Directory /workdir/hadoop-ozone/integration-test/target/test-dir/MiniOzoneClusterImpl-55fc759d-3081-4a00-8886-eafd5a4bcf81/datanode-0/data/ratis/61f52705-5cb7-4dba-b3f7-9dc49f0bd0c8] INFO  segmented.SegmentedRaftLogWorker (SegmentedRaftLogWorker.java:execute(569)) - fffe0fa6-9e97-473a-b4af-0bacc73ac892-SegmentedRaftLogWorker:Storage Directory /workdir/hadoop-ozone/integration-test/target/test-dir/MiniOzoneClusterImpl-55fc759d-3081-4a00-8886-eafd5a4bcf81/datanode-0/data/ratis/61f52705-5cb7-4dba-b3f7-9dc49f0bd0c8: created new log segment /workdir/hadoop-ozone/integration-test/target/test-dir/MiniOzoneClusterImpl-55fc759d-3081-4a00-8886-eafd5a4bcf81/datanode-0/data/ratis/61f52705-5cb7-4dba-b3f7-9dc49f0bd0c8/current/log_inprogress_0
2019-08-20 15:23:41,974 | INFO  | SCMAudit | user=jenkins1000 | ip=192.168.36.99 | op=SEND_HEARTBEAT {datanodeUUID=5e423d06-488d-45e1-ad82-54d441feecb5, command=[]} | ret=SUCCESS |  
2019-08-20 15:23:42,158 | INFO  | SCMAudit | user=jenkins1000 | ip=192.168.36.99 | op=SEND_HEARTBEAT {datanodeUUID=39479044-a7f0-46f5-a832-d507a2c1b28c, command=[]} | ret=SUCCESS |  
2019-08-20 15:23:42,205 | INFO  | SCMAudit | user=jenkins1000 | ip=192.168.36.99 | op=SEND_HEARTBEAT {datanodeUUID=098fd333-fd07-42ed-bf18-0c1d6ead7454, command=[]} | ret=SUCCESS |  
2019-08-20 15:23:42,282 [grpc-default-executor-9] INFO  client.GrpcClientProtocolClient (GrpcClientProtocolClient.java:onNext(255)) - client-8CB4128913AD->098fd333-fd07-42ed-bf18-0c1d6ead7454: receive RaftClientReply:client-8CB4128913AD->098fd333-fd07-42ed-bf18-0c1d6ead7454@group-9E5E06D0463C, cid=182, FAILED org.apache.ratis.protocol.NotLeaderException: Server 098fd333-fd07-42ed-bf18-0c1d6ead7454 is not the leader (null). Request must be sent to leader., logIndex=0, commits[098fd333-fd07-42ed-bf18-0c1d6ead7454:c-1]
2019-08-20 15:23:42,321 [Thread-3609] INFO  impl.FollowerState (FollowerState.java:run(106)) - 098fd333-fd07-42ed-bf18-0c1d6ead7454:group-F7EE97F3DFC5 changes to CANDIDATE, lastRpcTime:5040, electionTimeout:5040ms
2019-08-20 15:23:42,321 [Thread-3609] INFO  impl.RoleInfo (RoleInfo.java:shutdownFollowerState(121)) - 098fd333-fd07-42ed-bf18-0c1d6ead7454: shutdown FollowerState
2019-08-20 15:23:42,321 [Thread-3609] INFO  impl.RaftServerImpl (RaftServerImpl.java:setRole(171)) - 098fd333-fd07-42ed-bf18-0c1d6ead7454:group-F7EE97F3DFC5 changes role from FOLLOWER to CANDIDATE at term 0 for changeToCandidate
2019-08-20 15:23:42,321 [Thread-3609] INFO  impl.RoleInfo (RoleInfo.java:updateAndGet(143)) - 098fd333-fd07-42ed-bf18-0c1d6ead7454: start LeaderElection
2019-08-20 15:23:42,358 [098fd333-fd07-42ed-bf18-0c1d6ead7454:group-F7EE97F3DFC5:LeaderElection84] INFO  impl.LeaderElection (LeaderElection.java:askForVotes(181)) - 098fd333-fd07-42ed-bf18-0c1d6ead7454:group-F7EE97F3DFC5:LeaderElection84: begin an election at term 1 for -1: [098fd333-fd07-42ed-bf18-0c1d6ead7454:192.168.36.99:36625], old=null
2019-08-20 15:23:42,358 [098fd333-fd07-42ed-bf18-0c1d6ead7454:group-F7EE97F3DFC5:LeaderElection84] INFO  impl.RoleInfo (RoleInfo.java:shutdownLeaderElection(134)) - 098fd333-fd07-42ed-bf18-0c1d6ead7454: shutdown LeaderElection
2019-08-20 15:23:42,359 [098fd333-fd07-42ed-bf18-0c1d6ead7454:group-F7EE97F3DFC5:LeaderElection84] INFO  impl.RaftServerImpl (RaftServerImpl.java:setRole(171)) - 098fd333-fd07-42ed-bf18-0c1d6ead7454:group-F7EE97F3DFC5 changes role from CANDIDATE to LEADER at term 1 for changeToLeader
2019-08-20 15:23:42,359 [098fd333-fd07-42ed-bf18-0c1d6ead7454:group-F7EE97F3DFC5:LeaderElection84] INFO  impl.RaftServerImpl (ServerState.java:setLeader(263)) - 098fd333-fd07-42ed-bf18-0c1d6ead7454:group-F7EE97F3DFC5 change Leader from null to 098fd333-fd07-42ed-bf18-0c1d6ead7454 at term 1 for becomeLeader, leader elected after 5084ms
2019-08-20 15:23:42,359 [098fd333-fd07-42ed-bf18-0c1d6ead7454:group-F7EE97F3DFC5:LeaderElection84] INFO  server.RaftServerConfigKeys (ConfUtils.java:logGet(43)) - raft.server.staging.catchup.gap = 1000 (default)
2019-08-20 15:23:42,359 [098fd333-fd07-42ed-bf18-0c1d6ead7454:group-F7EE97F3DFC5:LeaderElection84] INFO  server.RaftServerConfigKeys (ConfUtils.java:logGet(43)) - raft.server.rpc.sleep.time = 25ms (default)
2019-08-20 15:23:42,359 [098fd333-fd07-42ed-bf18-0c1d6ead7454:group-F7EE97F3DFC5:LeaderElection84] INFO  server.RaftServerConfigKeys (ConfUtils.java:logGet(43)) - raft.server.write.element-limit = 4096 (default)
2019-08-20 15:23:42,360 [098fd333-fd07-42ed-bf18-0c1d6ead7454:group-F7EE97F3DFC5:LeaderElection84] INFO  server.RaftServerConfigKeys (ConfUtils.java:logGet(43)) - raft.server.watch.timeout = 10s (default)
2019-08-20 15:23:42,360 [098fd333-fd07-42ed-bf18-0c1d6ead7454:group-F7EE97F3DFC5:LeaderElection84] INFO  server.RaftServerConfigKeys (ConfUtils.java:logGet(43)) - raft.server.watch.timeout.denomination = 1s (default)
2019-08-20 15:23:42,360 [098fd333-fd07-42ed-bf18-0c1d6ead7454:group-F7EE97F3DFC5:LeaderElection84] INFO  server.RaftServerConfigKeys (ConfUtils.java:logGet(43)) - raft.server.watch.element-limit = 65536 (default)
2019-08-20 15:23:42,360 [098fd333-fd07-42ed-bf18-0c1d6ead7454:group-F7EE97F3DFC5:LeaderElection84] INFO  impl.RoleInfo (RoleInfo.java:updateAndGet(143)) - 098fd333-fd07-42ed-bf18-0c1d6ead7454: start LeaderState
2019-08-20 15:23:42,360 [098fd333-fd07-42ed-bf18-0c1d6ead7454:group-F7EE97F3DFC5:LeaderElection84] INFO  segmented.SegmentedRaftLogWorker (SegmentedRaftLogWorker.java:startLogSegment(380)) - 098fd333-fd07-42ed-bf18-0c1d6ead7454-SegmentedRaftLogWorker:Storage Directory /workdir/hadoop-ozone/integration-test/target/test-dir/MiniOzoneClusterImpl-55fc759d-3081-4a00-8886-eafd5a4bcf81/datanode-1/data/ratis/f71b7286-0ebe-4ce8-b1d6-f7ee97f3dfc5: Starting segment from index:0
2019-08-20 15:23:42,361 [098fd333-fd07-42ed-bf18-0c1d6ead7454:group-F7EE97F3DFC5:LeaderElection84] INFO  impl.RaftServerImpl (ServerState.java:setRaftConf(361)) - 098fd333-fd07-42ed-bf18-0c1d6ead7454:group-F7EE97F3DFC5 set configuration 0: [098fd333-fd07-42ed-bf18-0c1d6ead7454:192.168.36.99:36625], old=null at 0
2019-08-20 15:23:42,401 | INFO  | SCMAudit | user=jenkins1000 | ip=192.168.36.99 | op=SEND_HEARTBEAT {datanodeUUID=6b47a181-38f2-4238-bd0f-68e13143ff11, command=[]} | ret=SUCCESS |  
2019-08-20 15:23:42,417 [098fd333-fd07-42ed-bf18-0c1d6ead7454-SegmentedRaftLogWorker:Storage Directory /workdir/hadoop-ozone/integration-test/target/test-dir/MiniOzoneClusterImpl-55fc759d-3081-4a00-8886-eafd5a4bcf81/datanode-1/data/ratis/f71b7286-0ebe-4ce8-b1d6-f7ee97f3dfc5] INFO  segmented.SegmentedRaftLogWorker (SegmentedRaftLogWorker.java:execute(569)) - 098fd333-fd07-42ed-bf18-0c1d6ead7454-SegmentedRaftLogWorker:Storage Directory /workdir/hadoop-ozone/integration-test/target/test-dir/MiniOzoneClusterImpl-55fc759d-3081-4a00-8886-eafd5a4bcf81/datanode-1/data/ratis/f71b7286-0ebe-4ce8-b1d6-f7ee97f3dfc5: created new log segment /workdir/hadoop-ozone/integration-test/target/test-dir/MiniOzoneClusterImpl-55fc759d-3081-4a00-8886-eafd5a4bcf81/datanode-1/data/ratis/f71b7286-0ebe-4ce8-b1d6-f7ee97f3dfc5/current/log_inprogress_0
2019-08-20 15:23:42,564 [Thread-3618] INFO  impl.FollowerState (FollowerState.java:run(106)) - 6b47a181-38f2-4238-bd0f-68e13143ff11:group-9E5E06D0463C changes to CANDIDATE, lastRpcTime:5018, electionTimeout:5018ms
2019-08-20 15:23:42,564 [Thread-3618] INFO  impl.RoleInfo (RoleInfo.java:shutdownFollowerState(121)) - 6b47a181-38f2-4238-bd0f-68e13143ff11: shutdown FollowerState
2019-08-20 15:23:42,564 [Thread-3618] INFO  impl.RaftServerImpl (RaftServerImpl.java:setRole(171)) - 6b47a181-38f2-4238-bd0f-68e13143ff11:group-9E5E06D0463C changes role from FOLLOWER to CANDIDATE at term 0 for changeToCandidate
2019-08-20 15:23:42,564 [Thread-3618] INFO  impl.RoleInfo (RoleInfo.java:updateAndGet(143)) - 6b47a181-38f2-4238-bd0f-68e13143ff11: start LeaderElection
2019-08-20 15:23:42,574 | INFO  | SCMAudit | user=jenkins1000 | ip=192.168.36.99 | op=SEND_HEARTBEAT {datanodeUUID=81cebdb6-2756-4de8-83ea-a7eacd20f204, command=[]} | ret=SUCCESS |  
2019-08-20 15:23:42,586 [6b47a181-38f2-4238-bd0f-68e13143ff11:group-9E5E06D0463C:LeaderElection85] INFO  impl.LeaderElection (LeaderElection.java:askForVotes(181)) - 6b47a181-38f2-4238-bd0f-68e13143ff11:group-9E5E06D0463C:LeaderElection85: begin an election at term 1 for -1: [6b47a181-38f2-4238-bd0f-68e13143ff11:192.168.36.99:46383, 098fd333-fd07-42ed-bf18-0c1d6ead7454:192.168.36.99:36625, fffe0fa6-9e97-473a-b4af-0bacc73ac892:192.168.36.99:35660], old=null
2019-08-20 15:23:42,589 [Thread-3615] INFO  impl.FollowerState (FollowerState.java:run(106)) - fffe0fa6-9e97-473a-b4af-0bacc73ac892:group-9E5E06D0463C changes to CANDIDATE, lastRpcTime:5044, electionTimeout:5044ms
2019-08-20 15:23:42,589 [Thread-3615] INFO  impl.RoleInfo (RoleInfo.java:shutdownFollowerState(121)) - fffe0fa6-9e97-473a-b4af-0bacc73ac892: shutdown FollowerState
2019-08-20 15:23:42,589 [Thread-3615] INFO  impl.RaftServerImpl (RaftServerImpl.java:setRole(171)) - fffe0fa6-9e97-473a-b4af-0bacc73ac892:group-9E5E06D0463C changes role from FOLLOWER to CANDIDATE at term 0 for changeToCandidate
2019-08-20 15:23:42,589 [Thread-3615] INFO  impl.RoleInfo (RoleInfo.java:updateAndGet(143)) - fffe0fa6-9e97-473a-b4af-0bacc73ac892: start LeaderElection
2019-08-20 15:23:42,598 [grpc-default-executor-10] INFO  impl.RaftServerImpl (RaftServerImpl.java:setRole(171)) - 098fd333-fd07-42ed-bf18-0c1d6ead7454:group-9E5E06D0463C changes role from FOLLOWER to FOLLOWER at term 1 for recognizeCandidate:6b47a181-38f2-4238-bd0f-68e13143ff11
2019-08-20 15:23:42,598 [grpc-default-executor-10] INFO  impl.RoleInfo (RoleInfo.java:shutdownFollowerState(121)) - 098fd333-fd07-42ed-bf18-0c1d6ead7454: shutdown FollowerState
2019-08-20 15:23:42,599 [grpc-default-executor-10] INFO  impl.RoleInfo (RoleInfo.java:updateAndGet(143)) - 098fd333-fd07-42ed-bf18-0c1d6ead7454: start FollowerState
2019-08-20 15:23:42,599 [Thread-3620] INFO  impl.FollowerState (FollowerState.java:run(114)) - 098fd333-fd07-42ed-bf18-0c1d6ead7454: FollowerState was interrupted: java.lang.InterruptedException: sleep interrupted
2019-08-20 15:23:42,619 [fffe0fa6-9e97-473a-b4af-0bacc73ac892:group-9E5E06D0463C:LeaderElection86] INFO  impl.LeaderElection (LeaderElection.java:askForVotes(181)) - fffe0fa6-9e97-473a-b4af-0bacc73ac892:group-9E5E06D0463C:LeaderElection86: begin an election at term 1 for -1: [6b47a181-38f2-4238-bd0f-68e13143ff11:192.168.36.99:46383, 098fd333-fd07-42ed-bf18-0c1d6ead7454:192.168.36.99:36625, fffe0fa6-9e97-473a-b4af-0bacc73ac892:192.168.36.99:35660], old=null
2019-08-20 15:23:42,620 [6b47a181-38f2-4238-bd0f-68e13143ff11:group-9E5E06D0463C:LeaderElection85] INFO  impl.LeaderElection (LeaderElection.java:logAndReturn(56)) - 6b47a181-38f2-4238-bd0f-68e13143ff11:group-9E5E06D0463C:LeaderElection85: Election PASSED; received 1 response(s) [6b47a181-38f2-4238-bd0f-68e13143ff11<-098fd333-fd07-42ed-bf18-0c1d6ead7454#0:OK-t1] and 0 exception(s); 6b47a181-38f2-4238-bd0f-68e13143ff11:t1, leader=null, voted=6b47a181-38f2-4238-bd0f-68e13143ff11, raftlog=6b47a181-38f2-4238-bd0f-68e13143ff11-SegmentedRaftLog:OPENED:c-1,f-1,i0, conf=-1: [6b47a181-38f2-4238-bd0f-68e13143ff11:192.168.36.99:46383, 098fd333-fd07-42ed-bf18-0c1d6ead7454:192.168.36.99:36625, fffe0fa6-9e97-473a-b4af-0bacc73ac892:192.168.36.99:35660], old=null
2019-08-20 15:23:42,620 [6b47a181-38f2-4238-bd0f-68e13143ff11:group-9E5E06D0463C:LeaderElection85] INFO  impl.RoleInfo (RoleInfo.java:shutdownLeaderElection(134)) - 6b47a181-38f2-4238-bd0f-68e13143ff11: shutdown LeaderElection
2019-08-20 15:23:42,620 [6b47a181-38f2-4238-bd0f-68e13143ff11:group-9E5E06D0463C:LeaderElection85] INFO  impl.RaftServerImpl (RaftServerImpl.java:setRole(171)) - 6b47a181-38f2-4238-bd0f-68e13143ff11:group-9E5E06D0463C changes role from CANDIDATE to LEADER at term 1 for changeToLeader
2019-08-20 15:23:42,620 [6b47a181-38f2-4238-bd0f-68e13143ff11:group-9E5E06D0463C:LeaderElection85] INFO  impl.RaftServerImpl (ServerState.java:setLeader(263)) - 6b47a181-38f2-4238-bd0f-68e13143ff11:group-9E5E06D0463C change Leader from null to 6b47a181-38f2-4238-bd0f-68e13143ff11 at term 1 for becomeLeader, leader elected after 5082ms
2019-08-20 15:23:42,621 [6b47a181-38f2-4238-bd0f-68e13143ff11:group-9E5E06D0463C:LeaderElection85] INFO  server.RaftServerConfigKeys (ConfUtils.java:logGet(43)) - raft.server.staging.catchup.gap = 1000 (default)
2019-08-20 15:23:42,621 [6b47a181-38f2-4238-bd0f-68e13143ff11:group-9E5E06D0463C:LeaderElection85] INFO  server.RaftServerConfigKeys (ConfUtils.java:logGet(43)) - raft.server.rpc.sleep.time = 25ms (default)
2019-08-20 15:23:42,621 [6b47a181-38f2-4238-bd0f-68e13143ff11:group-9E5E06D0463C:LeaderElection85] INFO  server.RaftServerConfigKeys (ConfUtils.java:logGet(43)) - raft.server.write.element-limit = 4096 (default)
2019-08-20 15:23:42,621 [6b47a181-38f2-4238-bd0f-68e13143ff11:group-9E5E06D0463C:LeaderElection85] INFO  server.RaftServerConfigKeys (ConfUtils.java:logGet(43)) - raft.server.watch.timeout = 10s (default)
2019-08-20 15:23:42,621 [6b47a181-38f2-4238-bd0f-68e13143ff11:group-9E5E06D0463C:LeaderElection85] INFO  server.RaftServerConfigKeys (ConfUtils.java:logGet(43)) - raft.server.watch.timeout.denomination = 1s (default)
2019-08-20 15:23:42,621 [6b47a181-38f2-4238-bd0f-68e13143ff11:group-9E5E06D0463C:LeaderElection85] INFO  server.RaftServerConfigKeys (ConfUtils.java:logGet(43)) - raft.server.watch.element-limit = 65536 (default)
2019-08-20 15:23:42,622 [6b47a181-38f2-4238-bd0f-68e13143ff11:group-9E5E06D0463C:LeaderElection85] INFO  server.RaftServerConfigKeys (ConfUtils.java:logGet(43)) - raft.server.log.appender.snapshot.chunk.size.max = 16MB (=16777216) (default)
2019-08-20 15:23:42,622 [6b47a181-38f2-4238-bd0f-68e13143ff11:group-9E5E06D0463C:LeaderElection85] INFO  server.RaftServerConfigKeys (ConfUtils.java:logGet(43)) - raft.server.log.appender.buffer.byte-limit = 33554432 (custom)
2019-08-20 15:23:42,622 [6b47a181-38f2-4238-bd0f-68e13143ff11:group-9E5E06D0463C:LeaderElection85] INFO  server.RaftServerConfigKeys (ConfUtils.java:logGet(43)) - raft.server.log.appender.buffer.element-limit = 1 (custom)
2019-08-20 15:23:42,622 [6b47a181-38f2-4238-bd0f-68e13143ff11:group-9E5E06D0463C:LeaderElection85] INFO  grpc.GrpcConfigKeys$Server (ConfUtils.java:logGet(43)) - raft.grpc.server.leader.outstanding.appends.max = 128 (default)
2019-08-20 15:23:42,623 [6b47a181-38f2-4238-bd0f-68e13143ff11:group-9E5E06D0463C:LeaderElection85] INFO  server.RaftServerConfigKeys (ConfUtils.java:logGet(43)) - raft.server.rpc.request.timeout = 3000ms (default)
2019-08-20 15:23:42,623 [6b47a181-38f2-4238-bd0f-68e13143ff11:group-9E5E06D0463C:LeaderElection85] INFO  server.RaftServerConfigKeys (ConfUtils.java:logGet(43)) - raft.server.log.appender.install.snapshot.enabled = false (custom)
2019-08-20 15:23:42,626 [6b47a181-38f2-4238-bd0f-68e13143ff11:group-9E5E06D0463C:LeaderElection85] INFO  server.RaftServerConfigKeys (ConfUtils.java:logGet(43)) - raft.server.log.appender.snapshot.chunk.size.max = 16MB (=16777216) (default)
2019-08-20 15:23:42,626 [6b47a181-38f2-4238-bd0f-68e13143ff11:group-9E5E06D0463C:LeaderElection85] INFO  server.RaftServerConfigKeys (ConfUtils.java:logGet(43)) - raft.server.log.appender.buffer.byte-limit = 33554432 (custom)
2019-08-20 15:23:42,626 [6b47a181-38f2-4238-bd0f-68e13143ff11:group-9E5E06D0463C:LeaderElection85] INFO  server.RaftServerConfigKeys (ConfUtils.java:logGet(43)) - raft.server.log.appender.buffer.element-limit = 1 (custom)
2019-08-20 15:23:42,627 [6b47a181-38f2-4238-bd0f-68e13143ff11:group-9E5E06D0463C:LeaderElection85] INFO  grpc.GrpcConfigKeys$Server (ConfUtils.java:logGet(43)) - raft.grpc.server.leader.outstanding.appends.max = 128 (default)
2019-08-20 15:23:42,627 [6b47a181-38f2-4238-bd0f-68e13143ff11:group-9E5E06D0463C:LeaderElection85] INFO  server.RaftServerConfigKeys (ConfUtils.java:logGet(43)) - raft.server.rpc.request.timeout = 3000ms (default)
2019-08-20 15:23:42,627 [6b47a181-38f2-4238-bd0f-68e13143ff11:group-9E5E06D0463C:LeaderElection85] INFO  server.RaftServerConfigKeys (ConfUtils.java:logGet(43)) - raft.server.log.appender.install.snapshot.enabled = false (custom)
2019-08-20 15:23:42,627 [6b47a181-38f2-4238-bd0f-68e13143ff11:group-9E5E06D0463C:LeaderElection85] INFO  impl.RoleInfo (RoleInfo.java:updateAndGet(143)) - 6b47a181-38f2-4238-bd0f-68e13143ff11: start LeaderState
2019-08-20 15:23:42,627 [6b47a181-38f2-4238-bd0f-68e13143ff11:group-9E5E06D0463C:LeaderElection85] INFO  segmented.SegmentedRaftLogWorker (SegmentedRaftLogWorker.java:startLogSegment(380)) - 6b47a181-38f2-4238-bd0f-68e13143ff11-SegmentedRaftLogWorker:Storage Directory /workdir/hadoop-ozone/integration-test/target/test-dir/MiniOzoneClusterImpl-55fc759d-3081-4a00-8886-eafd5a4bcf81/datanode-2/data/ratis/c99f841a-f15f-45d3-b9b2-9e5e06d0463c: Starting segment from index:0
2019-08-20 15:23:42,628 [6b47a181-38f2-4238-bd0f-68e13143ff11:group-9E5E06D0463C:LeaderElection85] INFO  impl.RaftServerImpl (ServerState.java:setRaftConf(361)) - 6b47a181-38f2-4238-bd0f-68e13143ff11:group-9E5E06D0463C set configuration 0: [6b47a181-38f2-4238-bd0f-68e13143ff11:192.168.36.99:46383, 098fd333-fd07-42ed-bf18-0c1d6ead7454:192.168.36.99:36625, fffe0fa6-9e97-473a-b4af-0bacc73ac892:192.168.36.99:35660], old=null at 0
2019-08-20 15:23:42,628 [grpc-default-executor-10] INFO  impl.RaftServerImpl (RaftServerImpl.java:requestVote(754)) - 6b47a181-38f2-4238-bd0f-68e13143ff11-LEADER: Withhold vote from candidate fffe0fa6-9e97-473a-b4af-0bacc73ac892 with term 1. State: leader=6b47a181-38f2-4238-bd0f-68e13143ff11, term=1, lastRpcElapsed=null
2019-08-20 15:23:42,629 [grpc-default-executor-11] INFO  impl.RaftServerImpl (RaftServerImpl.java:setRole(171)) - fffe0fa6-9e97-473a-b4af-0bacc73ac892:group-9E5E06D0463C changes role from CANDIDATE to FOLLOWER at term 1 for appendEntries
2019-08-20 15:23:42,630 [fffe0fa6-9e97-473a-b4af-0bacc73ac892:group-9E5E06D0463C:LeaderElection86] INFO  impl.LeaderElection (LeaderElection.java:logAndReturn(56)) - fffe0fa6-9e97-473a-b4af-0bacc73ac892:group-9E5E06D0463C:LeaderElection86: Election REJECTED; received 2 response(s) [fffe0fa6-9e97-473a-b4af-0bacc73ac892<-6b47a181-38f2-4238-bd0f-68e13143ff11#0:FAIL-t1, fffe0fa6-9e97-473a-b4af-0bacc73ac892<-098fd333-fd07-42ed-bf18-0c1d6ead7454#0:FAIL-t1] and 0 exception(s); fffe0fa6-9e97-473a-b4af-0bacc73ac892:t1, leader=null, voted=fffe0fa6-9e97-473a-b4af-0bacc73ac892, raftlog=fffe0fa6-9e97-473a-b4af-0bacc73ac892-SegmentedRaftLog:OPENED:c-1,f-1,i0, conf=-1: [6b47a181-38f2-4238-bd0f-68e13143ff11:192.168.36.99:46383, 098fd333-fd07-42ed-bf18-0c1d6ead7454:192.168.36.99:36625, fffe0fa6-9e97-473a-b4af-0bacc73ac892:192.168.36.99:35660], old=null
2019-08-20 15:23:42,630 [grpc-default-executor-11] INFO  impl.RoleInfo (RoleInfo.java:shutdownLeaderElection(134)) - fffe0fa6-9e97-473a-b4af-0bacc73ac892: shutdown LeaderElection
2019-08-20 15:23:42,629 [grpc-default-executor-10] INFO  impl.RaftServerImpl (ServerState.java:setLeader(263)) - 098fd333-fd07-42ed-bf18-0c1d6ead7454:group-9E5E06D0463C change Leader from null to 6b47a181-38f2-4238-bd0f-68e13143ff11 at term 1 for appendEntries, leader elected after 5091ms
2019-08-20 15:23:42,630 [grpc-default-executor-11] INFO  impl.RoleInfo (RoleInfo.java:updateAndGet(143)) - fffe0fa6-9e97-473a-b4af-0bacc73ac892: start FollowerState
2019-08-20 15:23:42,631 [grpc-default-executor-11] INFO  impl.RaftServerImpl (ServerState.java:setLeader(263)) - fffe0fa6-9e97-473a-b4af-0bacc73ac892:group-9E5E06D0463C change Leader from null to 6b47a181-38f2-4238-bd0f-68e13143ff11 at term 1 for appendEntries, leader elected after 5091ms
2019-08-20 15:23:42,632 [grpc-default-executor-11] INFO  impl.RaftServerImpl (ServerState.java:setRaftConf(361)) - 098fd333-fd07-42ed-bf18-0c1d6ead7454:group-9E5E06D0463C set configuration 0: [6b47a181-38f2-4238-bd0f-68e13143ff11:192.168.36.99:46383, 098fd333-fd07-42ed-bf18-0c1d6ead7454:192.168.36.99:36625, fffe0fa6-9e97-473a-b4af-0bacc73ac892:192.168.36.99:35660], old=null at 0
2019-08-20 15:23:42,632 [grpc-default-executor-10] INFO  impl.RaftServerImpl (ServerState.java:setRaftConf(361)) - fffe0fa6-9e97-473a-b4af-0bacc73ac892:group-9E5E06D0463C set configuration 0: [6b47a181-38f2-4238-bd0f-68e13143ff11:192.168.36.99:46383, 098fd333-fd07-42ed-bf18-0c1d6ead7454:192.168.36.99:36625, fffe0fa6-9e97-473a-b4af-0bacc73ac892:192.168.36.99:35660], old=null at 0
2019-08-20 15:23:42,632 [grpc-default-executor-11] INFO  segmented.SegmentedRaftLogWorker (SegmentedRaftLogWorker.java:startLogSegment(380)) - 098fd333-fd07-42ed-bf18-0c1d6ead7454-SegmentedRaftLogWorker:Storage Directory /workdir/hadoop-ozone/integration-test/target/test-dir/MiniOzoneClusterImpl-55fc759d-3081-4a00-8886-eafd5a4bcf81/datanode-1/data/ratis/c99f841a-f15f-45d3-b9b2-9e5e06d0463c: Starting segment from index:0
2019-08-20 15:23:42,632 [grpc-default-executor-10] INFO  segmented.SegmentedRaftLogWorker (SegmentedRaftLogWorker.java:startLogSegment(380)) - fffe0fa6-9e97-473a-b4af-0bacc73ac892-SegmentedRaftLogWorker:Storage Directory /workdir/hadoop-ozone/integration-test/target/test-dir/MiniOzoneClusterImpl-55fc759d-3081-4a00-8886-eafd5a4bcf81/datanode-0/data/ratis/c99f841a-f15f-45d3-b9b2-9e5e06d0463c: Starting segment from index:0
2019-08-20 15:23:42,642 [Thread-3612] INFO  impl.FollowerState (FollowerState.java:run(106)) - 6b47a181-38f2-4238-bd0f-68e13143ff11:group-35312A3C2ABB changes to CANDIDATE, lastRpcTime:5169, electionTimeout:5169ms
2019-08-20 15:23:42,642 [Thread-3612] INFO  impl.RoleInfo (RoleInfo.java:shutdownFollowerState(121)) - 6b47a181-38f2-4238-bd0f-68e13143ff11: shutdown FollowerState
2019-08-20 15:23:42,642 [Thread-3612] INFO  impl.RaftServerImpl (RaftServerImpl.java:setRole(171)) - 6b47a181-38f2-4238-bd0f-68e13143ff11:group-35312A3C2ABB changes role from FOLLOWER to CANDIDATE at term 0 for changeToCandidate
2019-08-20 15:23:42,642 [Thread-3612] INFO  impl.RoleInfo (RoleInfo.java:updateAndGet(143)) - 6b47a181-38f2-4238-bd0f-68e13143ff11: start LeaderElection
2019-08-20 15:23:42,674 | INFO  | SCMAudit | user=jenkins1000 | ip=192.168.36.99 | op=SEND_HEARTBEAT {datanodeUUID=fffe0fa6-9e97-473a-b4af-0bacc73ac892, command=[]} | ret=SUCCESS |  
2019-08-20 15:23:42,695 [fffe0fa6-9e97-473a-b4af-0bacc73ac892-SegmentedRaftLogWorker:Storage Directory /workdir/hadoop-ozone/integration-test/target/test-dir/MiniOzoneClusterImpl-55fc759d-3081-4a00-8886-eafd5a4bcf81/datanode-0/data/ratis/c99f841a-f15f-45d3-b9b2-9e5e06d0463c] INFO  segmented.SegmentedRaftLogWorker (SegmentedRaftLogWorker.java:execute(569)) - fffe0fa6-9e97-473a-b4af-0bacc73ac892-SegmentedRaftLogWorker:Storage Directory /workdir/hadoop-ozone/integration-test/target/test-dir/MiniOzoneClusterImpl-55fc759d-3081-4a00-8886-eafd5a4bcf81/datanode-0/data/ratis/c99f841a-f15f-45d3-b9b2-9e5e06d0463c: created new log segment /workdir/hadoop-ozone/integration-test/target/test-dir/MiniOzoneClusterImpl-55fc759d-3081-4a00-8886-eafd5a4bcf81/datanode-0/data/ratis/c99f841a-f15f-45d3-b9b2-9e5e06d0463c/current/log_inprogress_0
2019-08-20 15:23:42,695 [6b47a181-38f2-4238-bd0f-68e13143ff11:group-35312A3C2ABB:LeaderElection87] INFO  impl.LeaderElection (LeaderElection.java:askForVotes(181)) - 6b47a181-38f2-4238-bd0f-68e13143ff11:group-35312A3C2ABB:LeaderElection87: begin an election at term 1 for -1: [6b47a181-38f2-4238-bd0f-68e13143ff11:192.168.36.99:46383], old=null
2019-08-20 15:23:42,695 [098fd333-fd07-42ed-bf18-0c1d6ead7454-SegmentedRaftLogWorker:Storage Directory /workdir/hadoop-ozone/integration-test/target/test-dir/MiniOzoneClusterImpl-55fc759d-3081-4a00-8886-eafd5a4bcf81/datanode-1/data/ratis/c99f841a-f15f-45d3-b9b2-9e5e06d0463c] INFO  segmented.SegmentedRaftLogWorker (SegmentedRaftLogWorker.java:execute(569)) - 098fd333-fd07-42ed-bf18-0c1d6ead7454-SegmentedRaftLogWorker:Storage Directory /workdir/hadoop-ozone/integration-test/target/test-dir/MiniOzoneClusterImpl-55fc759d-3081-4a00-8886-eafd5a4bcf81/datanode-1/data/ratis/c99f841a-f15f-45d3-b9b2-9e5e06d0463c: created new log segment /workdir/hadoop-ozone/integration-test/target/test-dir/MiniOzoneClusterImpl-55fc759d-3081-4a00-8886-eafd5a4bcf81/datanode-1/data/ratis/c99f841a-f15f-45d3-b9b2-9e5e06d0463c/current/log_inprogress_0
2019-08-20 15:23:42,695 [6b47a181-38f2-4238-bd0f-68e13143ff11-SegmentedRaftLogWorker:Storage Directory /workdir/hadoop-ozone/integration-test/target/test-dir/MiniOzoneClusterImpl-55fc759d-3081-4a00-8886-eafd5a4bcf81/datanode-2/data/ratis/c99f841a-f15f-45d3-b9b2-9e5e06d0463c] INFO  segmented.SegmentedRaftLogWorker (SegmentedRaftLogWorker.java:execute(569)) - 6b47a181-38f2-4238-bd0f-68e13143ff11-SegmentedRaftLogWorker:Storage Directory /workdir/hadoop-ozone/integration-test/target/test-dir/MiniOzoneClusterImpl-55fc759d-3081-4a00-8886-eafd5a4bcf81/datanode-2/data/ratis/c99f841a-f15f-45d3-b9b2-9e5e06d0463c: created new log segment /workdir/hadoop-ozone/integration-test/target/test-dir/MiniOzoneClusterImpl-55fc759d-3081-4a00-8886-eafd5a4bcf81/datanode-2/data/ratis/c99f841a-f15f-45d3-b9b2-9e5e06d0463c/current/log_inprogress_0
2019-08-20 15:23:42,695 [6b47a181-38f2-4238-bd0f-68e13143ff11:group-35312A3C2ABB:LeaderElection87] INFO  impl.RoleInfo (RoleInfo.java:shutdownLeaderElection(134)) - 6b47a181-38f2-4238-bd0f-68e13143ff11: shutdown LeaderElection
2019-08-20 15:23:42,696 [6b47a181-38f2-4238-bd0f-68e13143ff11:group-35312A3C2ABB:LeaderElection87] INFO  impl.RaftServerImpl (RaftServerImpl.java:setRole(171)) - 6b47a181-38f2-4238-bd0f-68e13143ff11:group-35312A3C2ABB changes role from CANDIDATE to LEADER at term 1 for changeToLeader
2019-08-20 15:23:42,696 [6b47a181-38f2-4238-bd0f-68e13143ff11:group-35312A3C2ABB:LeaderElection87] INFO  impl.RaftServerImpl (ServerState.java:setLeader(263)) - 6b47a181-38f2-4238-bd0f-68e13143ff11:group-35312A3C2ABB change Leader from null to 6b47a181-38f2-4238-bd0f-68e13143ff11 at term 1 for becomeLeader, leader elected after 5228ms
2019-08-20 15:23:42,696 [6b47a181-38f2-4238-bd0f-68e13143ff11:group-35312A3C2ABB:LeaderElection87] INFO  server.RaftServerConfigKeys (ConfUtils.java:logGet(43)) - raft.server.staging.catchup.gap = 1000 (default)
2019-08-20 15:23:42,696 [6b47a181-38f2-4238-bd0f-68e13143ff11:group-35312A3C2ABB:LeaderElection87] INFO  server.RaftServerConfigKeys (ConfUtils.java:logGet(43)) - raft.server.rpc.sleep.time = 25ms (default)
2019-08-20 15:23:42,697 [6b47a181-38f2-4238-bd0f-68e13143ff11:group-35312A3C2ABB:LeaderElection87] INFO  server.RaftServerConfigKeys (ConfUtils.java:logGet(43)) - raft.server.write.element-limit = 4096 (default)
2019-08-20 15:23:42,697 [6b47a181-38f2-4238-bd0f-68e13143ff11:group-35312A3C2ABB:LeaderElection87] INFO  server.RaftServerConfigKeys (ConfUtils.java:logGet(43)) - raft.server.watch.timeout = 10s (default)
2019-08-20 15:23:42,697 [6b47a181-38f2-4238-bd0f-68e13143ff11:group-35312A3C2ABB:LeaderElection87] INFO  server.RaftServerConfigKeys (ConfUtils.java:logGet(43)) - raft.server.watch.timeout.denomination = 1s (default)
2019-08-20 15:23:42,697 [6b47a181-38f2-4238-bd0f-68e13143ff11:group-35312A3C2ABB:LeaderElection87] INFO  server.RaftServerConfigKeys (ConfUtils.java:logGet(43)) - raft.server.watch.element-limit = 65536 (default)
2019-08-20 15:23:42,697 [6b47a181-38f2-4238-bd0f-68e13143ff11:group-35312A3C2ABB:LeaderElection87] INFO  impl.RoleInfo (RoleInfo.java:updateAndGet(143)) - 6b47a181-38f2-4238-bd0f-68e13143ff11: start LeaderState
2019-08-20 15:23:42,697 [6b47a181-38f2-4238-bd0f-68e13143ff11:group-35312A3C2ABB:LeaderElection87] INFO  segmented.SegmentedRaftLogWorker (SegmentedRaftLogWorker.java:startLogSegment(380)) - 6b47a181-38f2-4238-bd0f-68e13143ff11-SegmentedRaftLogWorker:Storage Directory /workdir/hadoop-ozone/integration-test/target/test-dir/MiniOzoneClusterImpl-55fc759d-3081-4a00-8886-eafd5a4bcf81/datanode-2/data/ratis/06585175-cce2-452a-ba02-35312a3c2abb: Starting segment from index:0
2019-08-20 15:23:42,698 [6b47a181-38f2-4238-bd0f-68e13143ff11:group-35312A3C2ABB:LeaderElection87] INFO  impl.RaftServerImpl (ServerState.java:setRaftConf(361)) - 6b47a181-38f2-4238-bd0f-68e13143ff11:group-35312A3C2ABB set configuration 0: [6b47a181-38f2-4238-bd0f-68e13143ff11:192.168.36.99:46383], old=null at 0
2019-08-20 15:23:42,745 [6b47a181-38f2-4238-bd0f-68e13143ff11-SegmentedRaftLogWorker:Storage Directory /workdir/hadoop-ozone/integration-test/target/test-dir/MiniOzoneClusterImpl-55fc759d-3081-4a00-8886-eafd5a4bcf81/datanode-2/data/ratis/06585175-cce2-452a-ba02-35312a3c2abb] INFO  segmented.SegmentedRaftLogWorker (SegmentedRaftLogWorker.java:execute(569)) - 6b47a181-38f2-4238-bd0f-68e13143ff11-SegmentedRaftLogWorker:Storage Directory /workdir/hadoop-ozone/integration-test/target/test-dir/MiniOzoneClusterImpl-55fc759d-3081-4a00-8886-eafd5a4bcf81/datanode-2/data/ratis/06585175-cce2-452a-ba02-35312a3c2abb: created new log segment /workdir/hadoop-ozone/integration-test/target/test-dir/MiniOzoneClusterImpl-55fc759d-3081-4a00-8886-eafd5a4bcf81/datanode-2/data/ratis/06585175-cce2-452a-ba02-35312a3c2abb/current/log_inprogress_0
2019-08-20 15:23:42,759 [Thread-3624] INFO  impl.FollowerState (FollowerState.java:run(106)) - 81cebdb6-2756-4de8-83ea-a7eacd20f204:group-FCD3519CBF59 changes to CANDIDATE, lastRpcTime:5125, electionTimeout:5125ms
2019-08-20 15:23:42,759 [Thread-3624] INFO  impl.RoleInfo (RoleInfo.java:shutdownFollowerState(121)) - 81cebdb6-2756-4de8-83ea-a7eacd20f204: shutdown FollowerState
2019-08-20 15:23:42,759 [Thread-3624] INFO  impl.RaftServerImpl (RaftServerImpl.java:setRole(171)) - 81cebdb6-2756-4de8-83ea-a7eacd20f204:group-FCD3519CBF59 changes role from FOLLOWER to CANDIDATE at term 0 for changeToCandidate
2019-08-20 15:23:42,759 [Thread-3624] INFO  impl.RoleInfo (RoleInfo.java:updateAndGet(143)) - 81cebdb6-2756-4de8-83ea-a7eacd20f204: start LeaderElection
2019-08-20 15:23:42,796 [81cebdb6-2756-4de8-83ea-a7eacd20f204:group-FCD3519CBF59:LeaderElection88] INFO  impl.LeaderElection (LeaderElection.java:askForVotes(181)) - 81cebdb6-2756-4de8-83ea-a7eacd20f204:group-FCD3519CBF59:LeaderElection88: begin an election at term 1 for -1: [81cebdb6-2756-4de8-83ea-a7eacd20f204:192.168.36.99:46096], old=null
2019-08-20 15:23:42,796 [81cebdb6-2756-4de8-83ea-a7eacd20f204:group-FCD3519CBF59:LeaderElection88] INFO  impl.RoleInfo (RoleInfo.java:shutdownLeaderElection(134)) - 81cebdb6-2756-4de8-83ea-a7eacd20f204: shutdown LeaderElection
2019-08-20 15:23:42,796 [81cebdb6-2756-4de8-83ea-a7eacd20f204:group-FCD3519CBF59:LeaderElection88] INFO  impl.RaftServerImpl (RaftServerImpl.java:setRole(171)) - 81cebdb6-2756-4de8-83ea-a7eacd20f204:group-FCD3519CBF59 changes role from CANDIDATE to LEADER at term 1 for changeToLeader
2019-08-20 15:23:42,796 [81cebdb6-2756-4de8-83ea-a7eacd20f204:group-FCD3519CBF59:LeaderElection88] INFO  impl.RaftServerImpl (ServerState.java:setLeader(263)) - 81cebdb6-2756-4de8-83ea-a7eacd20f204:group-FCD3519CBF59 change Leader from null to 81cebdb6-2756-4de8-83ea-a7eacd20f204 at term 1 for becomeLeader, leader elected after 5166ms
2019-08-20 15:23:42,797 [81cebdb6-2756-4de8-83ea-a7eacd20f204:group-FCD3519CBF59:LeaderElection88] INFO  server.RaftServerConfigKeys (ConfUtils.java:logGet(43)) - raft.server.staging.catchup.gap = 1000 (default)
2019-08-20 15:23:42,797 [81cebdb6-2756-4de8-83ea-a7eacd20f204:group-FCD3519CBF59:LeaderElection88] INFO  server.RaftServerConfigKeys (ConfUtils.java:logGet(43)) - raft.server.rpc.sleep.time = 25ms (default)
2019-08-20 15:23:42,797 [81cebdb6-2756-4de8-83ea-a7eacd20f204:group-FCD3519CBF59:LeaderElection88] INFO  server.RaftServerConfigKeys (ConfUtils.java:logGet(43)) - raft.server.write.element-limit = 4096 (default)
2019-08-20 15:23:42,797 [81cebdb6-2756-4de8-83ea-a7eacd20f204:group-FCD3519CBF59:LeaderElection88] INFO  server.RaftServerConfigKeys (ConfUtils.java:logGet(43)) - raft.server.watch.timeout = 10s (default)
2019-08-20 15:23:42,797 [81cebdb6-2756-4de8-83ea-a7eacd20f204:group-FCD3519CBF59:LeaderElection88] INFO  server.RaftServerConfigKeys (ConfUtils.java:logGet(43)) - raft.server.watch.timeout.denomination = 1s (default)
2019-08-20 15:23:42,797 [81cebdb6-2756-4de8-83ea-a7eacd20f204:group-FCD3519CBF59:LeaderElection88] INFO  server.RaftServerConfigKeys (ConfUtils.java:logGet(43)) - raft.server.watch.element-limit = 65536 (default)
2019-08-20 15:23:42,797 [81cebdb6-2756-4de8-83ea-a7eacd20f204:group-FCD3519CBF59:LeaderElection88] INFO  impl.RoleInfo (RoleInfo.java:updateAndGet(143)) - 81cebdb6-2756-4de8-83ea-a7eacd20f204: start LeaderState
2019-08-20 15:23:42,798 [81cebdb6-2756-4de8-83ea-a7eacd20f204:group-FCD3519CBF59:LeaderElection88] INFO  segmented.SegmentedRaftLogWorker (SegmentedRaftLogWorker.java:startLogSegment(380)) - 81cebdb6-2756-4de8-83ea-a7eacd20f204-SegmentedRaftLogWorker:Storage Directory /workdir/hadoop-ozone/integration-test/target/test-dir/MiniOzoneClusterImpl-55fc759d-3081-4a00-8886-eafd5a4bcf81/datanode-3/data/ratis/397c2e4f-cb06-4d9a-90c6-fcd3519cbf59: Starting segment from index:0
2019-08-20 15:23:42,798 [81cebdb6-2756-4de8-83ea-a7eacd20f204:group-FCD3519CBF59:LeaderElection88] INFO  impl.RaftServerImpl (ServerState.java:setRaftConf(361)) - 81cebdb6-2756-4de8-83ea-a7eacd20f204:group-FCD3519CBF59 set configuration 0: [81cebdb6-2756-4de8-83ea-a7eacd20f204:192.168.36.99:46096], old=null at 0
2019-08-20 15:23:42,836 | INFO  | SCMAudit | user=jenkins1000 | ip=192.168.36.99 | op=SEND_HEARTBEAT {datanodeUUID=9c6ab30a-d72f-459b-9d58-6af7941cdaaa, command=[]} | ret=SUCCESS |  
2019-08-20 15:23:42,864 [81cebdb6-2756-4de8-83ea-a7eacd20f204-SegmentedRaftLogWorker:Storage Directory /workdir/hadoop-ozone/integration-test/target/test-dir/MiniOzoneClusterImpl-55fc759d-3081-4a00-8886-eafd5a4bcf81/datanode-3/data/ratis/397c2e4f-cb06-4d9a-90c6-fcd3519cbf59] INFO  segmented.SegmentedRaftLogWorker (SegmentedRaftLogWorker.java:execute(569)) - 81cebdb6-2756-4de8-83ea-a7eacd20f204-SegmentedRaftLogWorker:Storage Directory /workdir/hadoop-ozone/integration-test/target/test-dir/MiniOzoneClusterImpl-55fc759d-3081-4a00-8886-eafd5a4bcf81/datanode-3/data/ratis/397c2e4f-cb06-4d9a-90c6-fcd3519cbf59: created new log segment /workdir/hadoop-ozone/integration-test/target/test-dir/MiniOzoneClusterImpl-55fc759d-3081-4a00-8886-eafd5a4bcf81/datanode-3/data/ratis/397c2e4f-cb06-4d9a-90c6-fcd3519cbf59/current/log_inprogress_0
2019-08-20 15:23:42,873 [Thread-3627] INFO  impl.FollowerState (FollowerState.java:run(106)) - 9c6ab30a-d72f-459b-9d58-6af7941cdaaa:group-FB154D2C8A4A changes to CANDIDATE, lastRpcTime:5004, electionTimeout:5004ms
2019-08-20 15:23:42,873 [Thread-3627] INFO  impl.RoleInfo (RoleInfo.java:shutdownFollowerState(121)) - 9c6ab30a-d72f-459b-9d58-6af7941cdaaa: shutdown FollowerState
2019-08-20 15:23:42,873 [Thread-3627] INFO  impl.RaftServerImpl (RaftServerImpl.java:setRole(171)) - 9c6ab30a-d72f-459b-9d58-6af7941cdaaa:group-FB154D2C8A4A changes role from FOLLOWER to CANDIDATE at term 0 for changeToCandidate
2019-08-20 15:23:42,873 [Thread-3627] INFO  impl.RoleInfo (RoleInfo.java:updateAndGet(143)) - 9c6ab30a-d72f-459b-9d58-6af7941cdaaa: start LeaderElection
2019-08-20 15:23:42,907 [9c6ab30a-d72f-459b-9d58-6af7941cdaaa:group-FB154D2C8A4A:LeaderElection89] INFO  impl.LeaderElection (LeaderElection.java:askForVotes(181)) - 9c6ab30a-d72f-459b-9d58-6af7941cdaaa:group-FB154D2C8A4A:LeaderElection89: begin an election at term 1 for -1: [9c6ab30a-d72f-459b-9d58-6af7941cdaaa:192.168.36.99:45772], old=null
2019-08-20 15:23:42,908 [9c6ab30a-d72f-459b-9d58-6af7941cdaaa:group-FB154D2C8A4A:LeaderElection89] INFO  impl.RoleInfo (RoleInfo.java:shutdownLeaderElection(134)) - 9c6ab30a-d72f-459b-9d58-6af7941cdaaa: shutdown LeaderElection
2019-08-20 15:23:42,908 [9c6ab30a-d72f-459b-9d58-6af7941cdaaa:group-FB154D2C8A4A:LeaderElection89] INFO  impl.RaftServerImpl (RaftServerImpl.java:setRole(171)) - 9c6ab30a-d72f-459b-9d58-6af7941cdaaa:group-FB154D2C8A4A changes role from CANDIDATE to LEADER at term 1 for changeToLeader
2019-08-20 15:23:42,908 [9c6ab30a-d72f-459b-9d58-6af7941cdaaa:group-FB154D2C8A4A:LeaderElection89] INFO  impl.RaftServerImpl (ServerState.java:setLeader(263)) - 9c6ab30a-d72f-459b-9d58-6af7941cdaaa:group-FB154D2C8A4A change Leader from null to 9c6ab30a-d72f-459b-9d58-6af7941cdaaa at term 1 for becomeLeader, leader elected after 5044ms
2019-08-20 15:23:42,908 [9c6ab30a-d72f-459b-9d58-6af7941cdaaa:group-FB154D2C8A4A:LeaderElection89] INFO  server.RaftServerConfigKeys (ConfUtils.java:logGet(43)) - raft.server.staging.catchup.gap = 1000 (default)
2019-08-20 15:23:42,908 [9c6ab30a-d72f-459b-9d58-6af7941cdaaa:group-FB154D2C8A4A:LeaderElection89] INFO  server.RaftServerConfigKeys (ConfUtils.java:logGet(43)) - raft.server.rpc.sleep.time = 25ms (default)
2019-08-20 15:23:42,908 [9c6ab30a-d72f-459b-9d58-6af7941cdaaa:group-FB154D2C8A4A:LeaderElection89] INFO  server.RaftServerConfigKeys (ConfUtils.java:logGet(43)) - raft.server.write.element-limit = 4096 (default)
2019-08-20 15:23:42,908 [9c6ab30a-d72f-459b-9d58-6af7941cdaaa:group-FB154D2C8A4A:LeaderElection89] INFO  server.RaftServerConfigKeys (ConfUtils.java:logGet(43)) - raft.server.watch.timeout = 10s (default)
2019-08-20 15:23:42,909 [9c6ab30a-d72f-459b-9d58-6af7941cdaaa:group-FB154D2C8A4A:LeaderElection89] INFO  server.RaftServerConfigKeys (ConfUtils.java:logGet(43)) - raft.server.watch.timeout.denomination = 1s (default)
2019-08-20 15:23:42,909 [9c6ab30a-d72f-459b-9d58-6af7941cdaaa:group-FB154D2C8A4A:LeaderElection89] INFO  server.RaftServerConfigKeys (ConfUtils.java:logGet(43)) - raft.server.watch.element-limit = 65536 (default)
2019-08-20 15:23:42,909 [9c6ab30a-d72f-459b-9d58-6af7941cdaaa:group-FB154D2C8A4A:LeaderElection89] INFO  impl.RoleInfo (RoleInfo.java:updateAndGet(143)) - 9c6ab30a-d72f-459b-9d58-6af7941cdaaa: start LeaderState
2019-08-20 15:23:42,909 [9c6ab30a-d72f-459b-9d58-6af7941cdaaa:group-FB154D2C8A4A:LeaderElection89] INFO  segmented.SegmentedRaftLogWorker (SegmentedRaftLogWorker.java:startLogSegment(380)) - 9c6ab30a-d72f-459b-9d58-6af7941cdaaa-SegmentedRaftLogWorker:Storage Directory /workdir/hadoop-ozone/integration-test/target/test-dir/MiniOzoneClusterImpl-55fc759d-3081-4a00-8886-eafd5a4bcf81/datanode-4/data/ratis/4035f650-b1f1-4299-8d1d-fb154d2c8a4a: Starting segment from index:0
2019-08-20 15:23:42,910 [9c6ab30a-d72f-459b-9d58-6af7941cdaaa:group-FB154D2C8A4A:LeaderElection89] INFO  impl.RaftServerImpl (ServerState.java:setRaftConf(361)) - 9c6ab30a-d72f-459b-9d58-6af7941cdaaa:group-FB154D2C8A4A set configuration 0: [9c6ab30a-d72f-459b-9d58-6af7941cdaaa:192.168.36.99:45772], old=null at 0
2019-08-20 15:23:42,967 [9c6ab30a-d72f-459b-9d58-6af7941cdaaa-SegmentedRaftLogWorker:Storage Directory /workdir/hadoop-ozone/integration-test/target/test-dir/MiniOzoneClusterImpl-55fc759d-3081-4a00-8886-eafd5a4bcf81/datanode-4/data/ratis/4035f650-b1f1-4299-8d1d-fb154d2c8a4a] INFO  segmented.SegmentedRaftLogWorker (SegmentedRaftLogWorker.java:execute(569)) - 9c6ab30a-d72f-459b-9d58-6af7941cdaaa-SegmentedRaftLogWorker:Storage Directory /workdir/hadoop-ozone/integration-test/target/test-dir/MiniOzoneClusterImpl-55fc759d-3081-4a00-8886-eafd5a4bcf81/datanode-4/data/ratis/4035f650-b1f1-4299-8d1d-fb154d2c8a4a: created new log segment /workdir/hadoop-ozone/integration-test/target/test-dir/MiniOzoneClusterImpl-55fc759d-3081-4a00-8886-eafd5a4bcf81/datanode-4/data/ratis/4035f650-b1f1-4299-8d1d-fb154d2c8a4a/current/log_inprogress_0
2019-08-20 15:23:42,974 | INFO  | SCMAudit | user=jenkins1000 | ip=192.168.36.99 | op=SEND_HEARTBEAT {datanodeUUID=5e423d06-488d-45e1-ad82-54d441feecb5, command=[]} | ret=SUCCESS |  
2019-08-20 15:23:43,158 | INFO  | SCMAudit | user=jenkins1000 | ip=192.168.36.99 | op=SEND_HEARTBEAT {datanodeUUID=39479044-a7f0-46f5-a832-d507a2c1b28c, command=[]} | ret=SUCCESS |  
2019-08-20 15:23:43,205 | INFO  | SCMAudit | user=jenkins1000 | ip=192.168.36.99 | op=SEND_HEARTBEAT {datanodeUUID=098fd333-fd07-42ed-bf18-0c1d6ead7454, command=[]} | ret=SUCCESS |  
2019-08-20 15:23:43,205 [Thread-3630] INFO  impl.FollowerState (FollowerState.java:run(106)) - 5e423d06-488d-45e1-ad82-54d441feecb5:group-A1D35979FE45 changes to CANDIDATE, lastRpcTime:5145, electionTimeout:5145ms
2019-08-20 15:23:43,205 [Thread-3630] INFO  impl.RoleInfo (RoleInfo.java:shutdownFollowerState(121)) - 5e423d06-488d-45e1-ad82-54d441feecb5: shutdown FollowerState
2019-08-20 15:23:43,205 [Thread-3630] INFO  impl.RaftServerImpl (RaftServerImpl.java:setRole(171)) - 5e423d06-488d-45e1-ad82-54d441feecb5:group-A1D35979FE45 changes role from FOLLOWER to CANDIDATE at term 0 for changeToCandidate
2019-08-20 15:23:43,205 [Thread-3630] INFO  impl.RoleInfo (RoleInfo.java:updateAndGet(143)) - 5e423d06-488d-45e1-ad82-54d441feecb5: start LeaderElection
2019-08-20 15:23:43,237 [5e423d06-488d-45e1-ad82-54d441feecb5:group-A1D35979FE45:LeaderElection90] INFO  impl.LeaderElection (LeaderElection.java:askForVotes(181)) - 5e423d06-488d-45e1-ad82-54d441feecb5:group-A1D35979FE45:LeaderElection90: begin an election at term 1 for -1: [5e423d06-488d-45e1-ad82-54d441feecb5:192.168.36.99:40855], old=null
2019-08-20 15:23:43,237 [5e423d06-488d-45e1-ad82-54d441feecb5:group-A1D35979FE45:LeaderElection90] INFO  impl.RoleInfo (RoleInfo.java:shutdownLeaderElection(134)) - 5e423d06-488d-45e1-ad82-54d441feecb5: shutdown LeaderElection
2019-08-20 15:23:43,237 [5e423d06-488d-45e1-ad82-54d441feecb5:group-A1D35979FE45:LeaderElection90] INFO  impl.RaftServerImpl (RaftServerImpl.java:setRole(171)) - 5e423d06-488d-45e1-ad82-54d441feecb5:group-A1D35979FE45 changes role from CANDIDATE to LEADER at term 1 for changeToLeader
2019-08-20 15:23:43,237 [5e423d06-488d-45e1-ad82-54d441feecb5:group-A1D35979FE45:LeaderElection90] INFO  impl.RaftServerImpl (ServerState.java:setLeader(263)) - 5e423d06-488d-45e1-ad82-54d441feecb5:group-A1D35979FE45 change Leader from null to 5e423d06-488d-45e1-ad82-54d441feecb5 at term 1 for becomeLeader, leader elected after 5181ms
2019-08-20 15:23:43,237 [5e423d06-488d-45e1-ad82-54d441feecb5:group-A1D35979FE45:LeaderElection90] INFO  server.RaftServerConfigKeys (ConfUtils.java:logGet(43)) - raft.server.staging.catchup.gap = 1000 (default)
2019-08-20 15:23:43,237 [5e423d06-488d-45e1-ad82-54d441feecb5:group-A1D35979FE45:LeaderElection90] INFO  server.RaftServerConfigKeys (ConfUtils.java:logGet(43)) - raft.server.rpc.sleep.time = 25ms (default)
2019-08-20 15:23:43,238 [5e423d06-488d-45e1-ad82-54d441feecb5:group-A1D35979FE45:LeaderElection90] INFO  server.RaftServerConfigKeys (ConfUtils.java:logGet(43)) - raft.server.write.element-limit = 4096 (default)
2019-08-20 15:23:43,238 [5e423d06-488d-45e1-ad82-54d441feecb5:group-A1D35979FE45:LeaderElection90] INFO  server.RaftServerConfigKeys (ConfUtils.java:logGet(43)) - raft.server.watch.timeout = 10s (default)
2019-08-20 15:23:43,238 [5e423d06-488d-45e1-ad82-54d441feecb5:group-A1D35979FE45:LeaderElection90] INFO  server.RaftServerConfigKeys (ConfUtils.java:logGet(43)) - raft.server.watch.timeout.denomination = 1s (default)
2019-08-20 15:23:43,238 [5e423d06-488d-45e1-ad82-54d441feecb5:group-A1D35979FE45:LeaderElection90] INFO  server.RaftServerConfigKeys (ConfUtils.java:logGet(43)) - raft.server.watch.element-limit = 65536 (default)
2019-08-20 15:23:43,238 [5e423d06-488d-45e1-ad82-54d441feecb5:group-A1D35979FE45:LeaderElection90] INFO  impl.RoleInfo (RoleInfo.java:updateAndGet(143)) - 5e423d06-488d-45e1-ad82-54d441feecb5: start LeaderState
2019-08-20 15:23:43,239 [5e423d06-488d-45e1-ad82-54d441feecb5:group-A1D35979FE45:LeaderElection90] INFO  segmented.SegmentedRaftLogWorker (SegmentedRaftLogWorker.java:startLogSegment(380)) - 5e423d06-488d-45e1-ad82-54d441feecb5-SegmentedRaftLogWorker:Storage Directory /workdir/hadoop-ozone/integration-test/target/test-dir/MiniOzoneClusterImpl-55fc759d-3081-4a00-8886-eafd5a4bcf81/datanode-5/data/ratis/c6a6162d-edee-4994-afcb-a1d35979fe45: Starting segment from index:0
2019-08-20 15:23:43,239 [5e423d06-488d-45e1-ad82-54d441feecb5:group-A1D35979FE45:LeaderElection90] INFO  impl.RaftServerImpl (ServerState.java:setRaftConf(361)) - 5e423d06-488d-45e1-ad82-54d441feecb5:group-A1D35979FE45 set configuration 0: [5e423d06-488d-45e1-ad82-54d441feecb5:192.168.36.99:40855], old=null at 0
2019-08-20 15:23:43,276 [Thread-3642] INFO  impl.FollowerState (FollowerState.java:run(106)) - 39479044-a7f0-46f5-a832-d507a2c1b28c:group-9DB18E3E2438 changes to CANDIDATE, lastRpcTime:5039, electionTimeout:5039ms
2019-08-20 15:23:43,276 [Thread-3642] INFO  impl.RoleInfo (RoleInfo.java:shutdownFollowerState(121)) - 39479044-a7f0-46f5-a832-d507a2c1b28c: shutdown FollowerState
2019-08-20 15:23:43,276 [Thread-3642] INFO  impl.RaftServerImpl (RaftServerImpl.java:setRole(171)) - 39479044-a7f0-46f5-a832-d507a2c1b28c:group-9DB18E3E2438 changes role from FOLLOWER to CANDIDATE at term 0 for changeToCandidate
2019-08-20 15:23:43,276 [Thread-3642] INFO  impl.RoleInfo (RoleInfo.java:updateAndGet(143)) - 39479044-a7f0-46f5-a832-d507a2c1b28c: start LeaderElection
2019-08-20 15:23:43,281 [Thread-3633] INFO  impl.FollowerState (FollowerState.java:run(106)) - 81cebdb6-2756-4de8-83ea-a7eacd20f204:group-864525ACFEA0 changes to CANDIDATE, lastRpcTime:5143, electionTimeout:5143ms
2019-08-20 15:23:43,281 [Thread-3633] INFO  impl.RoleInfo (RoleInfo.java:shutdownFollowerState(121)) - 81cebdb6-2756-4de8-83ea-a7eacd20f204: shutdown FollowerState
2019-08-20 15:23:43,281 [Thread-3633] INFO  impl.RaftServerImpl (RaftServerImpl.java:setRole(171)) - 81cebdb6-2756-4de8-83ea-a7eacd20f204:group-864525ACFEA0 changes role from FOLLOWER to CANDIDATE at term 0 for changeToCandidate
2019-08-20 15:23:43,281 [Thread-3633] INFO  impl.RoleInfo (RoleInfo.java:updateAndGet(143)) - 81cebdb6-2756-4de8-83ea-a7eacd20f204: start LeaderElection
2019-08-20 15:23:43,287 [Thread-3637] INFO  impl.FollowerState (FollowerState.java:run(106)) - 5e423d06-488d-45e1-ad82-54d441feecb5:group-864525ACFEA0 changes to CANDIDATE, lastRpcTime:5146, electionTimeout:5146ms
2019-08-20 15:23:43,288 [Thread-3637] INFO  impl.RoleInfo (RoleInfo.java:shutdownFollowerState(121)) - 5e423d06-488d-45e1-ad82-54d441feecb5: shutdown FollowerState
2019-08-20 15:23:43,288 [Thread-3637] INFO  impl.RaftServerImpl (RaftServerImpl.java:setRole(171)) - 5e423d06-488d-45e1-ad82-54d441feecb5:group-864525ACFEA0 changes role from FOLLOWER to CANDIDATE at term 0 for changeToCandidate
2019-08-20 15:23:43,288 [Thread-3637] INFO  impl.RoleInfo (RoleInfo.java:updateAndGet(143)) - 5e423d06-488d-45e1-ad82-54d441feecb5: start LeaderElection
2019-08-20 15:23:43,296 [5e423d06-488d-45e1-ad82-54d441feecb5-SegmentedRaftLogWorker:Storage Directory /workdir/hadoop-ozone/integration-test/target/test-dir/MiniOzoneClusterImpl-55fc759d-3081-4a00-8886-eafd5a4bcf81/datanode-5/data/ratis/c6a6162d-edee-4994-afcb-a1d35979fe45] INFO  segmented.SegmentedRaftLogWorker (SegmentedRaftLogWorker.java:execute(569)) - 5e423d06-488d-45e1-ad82-54d441feecb5-SegmentedRaftLogWorker:Storage Directory /workdir/hadoop-ozone/integration-test/target/test-dir/MiniOzoneClusterImpl-55fc759d-3081-4a00-8886-eafd5a4bcf81/datanode-5/data/ratis/c6a6162d-edee-4994-afcb-a1d35979fe45: created new log segment /workdir/hadoop-ozone/integration-test/target/test-dir/MiniOzoneClusterImpl-55fc759d-3081-4a00-8886-eafd5a4bcf81/datanode-5/data/ratis/c6a6162d-edee-4994-afcb-a1d35979fe45/current/log_inprogress_0
2019-08-20 15:23:43,321 [Thread-3638] INFO  impl.FollowerState (FollowerState.java:run(106)) - 9c6ab30a-d72f-459b-9d58-6af7941cdaaa:group-864525ACFEA0 changes to CANDIDATE, lastRpcTime:5179, electionTimeout:5179ms
2019-08-20 15:23:43,321 [Thread-3638] INFO  impl.RoleInfo (RoleInfo.java:shutdownFollowerState(121)) - 9c6ab30a-d72f-459b-9d58-6af7941cdaaa: shutdown FollowerState
2019-08-20 15:23:43,321 [Thread-3638] INFO  impl.RaftServerImpl (RaftServerImpl.java:setRole(171)) - 9c6ab30a-d72f-459b-9d58-6af7941cdaaa:group-864525ACFEA0 changes role from FOLLOWER to CANDIDATE at term 0 for changeToCandidate
2019-08-20 15:23:43,321 [Thread-3638] INFO  impl.RoleInfo (RoleInfo.java:updateAndGet(143)) - 9c6ab30a-d72f-459b-9d58-6af7941cdaaa: start LeaderElection
2019-08-20 15:23:43,324 [5e423d06-488d-45e1-ad82-54d441feecb5:group-864525ACFEA0:LeaderElection93] INFO  impl.LeaderElection (LeaderElection.java:askForVotes(181)) - 5e423d06-488d-45e1-ad82-54d441feecb5:group-864525ACFEA0:LeaderElection93: begin an election at term 1 for -1: [81cebdb6-2756-4de8-83ea-a7eacd20f204:192.168.36.99:46096, 9c6ab30a-d72f-459b-9d58-6af7941cdaaa:192.168.36.99:45772, 5e423d06-488d-45e1-ad82-54d441feecb5:192.168.36.99:40855], old=null
2019-08-20 15:23:43,324 [39479044-a7f0-46f5-a832-d507a2c1b28c:group-9DB18E3E2438:LeaderElection91] INFO  impl.LeaderElection (LeaderElection.java:askForVotes(181)) - 39479044-a7f0-46f5-a832-d507a2c1b28c:group-9DB18E3E2438:LeaderElection91: begin an election at term 1 for -1: [39479044-a7f0-46f5-a832-d507a2c1b28c:192.168.36.99:46266], old=null
2019-08-20 15:23:43,326 [39479044-a7f0-46f5-a832-d507a2c1b28c:group-9DB18E3E2438:LeaderElection91] INFO  impl.RoleInfo (RoleInfo.java:shutdownLeaderElection(134)) - 39479044-a7f0-46f5-a832-d507a2c1b28c: shutdown LeaderElection
2019-08-20 15:23:43,324 [81cebdb6-2756-4de8-83ea-a7eacd20f204:group-864525ACFEA0:LeaderElection92] INFO  impl.LeaderElection (LeaderElection.java:askForVotes(181)) - 81cebdb6-2756-4de8-83ea-a7eacd20f204:group-864525ACFEA0:LeaderElection92: begin an election at term 1 for -1: [81cebdb6-2756-4de8-83ea-a7eacd20f204:192.168.36.99:46096, 9c6ab30a-d72f-459b-9d58-6af7941cdaaa:192.168.36.99:45772, 5e423d06-488d-45e1-ad82-54d441feecb5:192.168.36.99:40855], old=null
2019-08-20 15:23:43,326 [39479044-a7f0-46f5-a832-d507a2c1b28c:group-9DB18E3E2438:LeaderElection91] INFO  impl.RaftServerImpl (RaftServerImpl.java:setRole(171)) - 39479044-a7f0-46f5-a832-d507a2c1b28c:group-9DB18E3E2438 changes role from CANDIDATE to LEADER at term 1 for changeToLeader
2019-08-20 15:23:43,326 [39479044-a7f0-46f5-a832-d507a2c1b28c:group-9DB18E3E2438:LeaderElection91] INFO  impl.RaftServerImpl (ServerState.java:setLeader(263)) - 39479044-a7f0-46f5-a832-d507a2c1b28c:group-9DB18E3E2438 change Leader from null to 39479044-a7f0-46f5-a832-d507a2c1b28c at term 1 for becomeLeader, leader elected after 5094ms
2019-08-20 15:23:43,327 [39479044-a7f0-46f5-a832-d507a2c1b28c:group-9DB18E3E2438:LeaderElection91] INFO  server.RaftServerConfigKeys (ConfUtils.java:logGet(43)) - raft.server.staging.catchup.gap = 1000 (default)
2019-08-20 15:23:43,327 [39479044-a7f0-46f5-a832-d507a2c1b28c:group-9DB18E3E2438:LeaderElection91] INFO  server.RaftServerConfigKeys (ConfUtils.java:logGet(43)) - raft.server.rpc.sleep.time = 25ms (default)
2019-08-20 15:23:43,327 [39479044-a7f0-46f5-a832-d507a2c1b28c:group-9DB18E3E2438:LeaderElection91] INFO  server.RaftServerConfigKeys (ConfUtils.java:logGet(43)) - raft.server.write.element-limit = 4096 (default)
2019-08-20 15:23:43,327 [39479044-a7f0-46f5-a832-d507a2c1b28c:group-9DB18E3E2438:LeaderElection91] INFO  server.RaftServerConfigKeys (ConfUtils.java:logGet(43)) - raft.server.watch.timeout = 10s (default)
2019-08-20 15:23:43,327 [39479044-a7f0-46f5-a832-d507a2c1b28c:group-9DB18E3E2438:LeaderElection91] INFO  server.RaftServerConfigKeys (ConfUtils.java:logGet(43)) - raft.server.watch.timeout.denomination = 1s (default)
2019-08-20 15:23:43,328 [39479044-a7f0-46f5-a832-d507a2c1b28c:group-9DB18E3E2438:LeaderElection91] INFO  server.RaftServerConfigKeys (ConfUtils.java:logGet(43)) - raft.server.watch.element-limit = 65536 (default)
2019-08-20 15:23:43,332 [39479044-a7f0-46f5-a832-d507a2c1b28c:group-9DB18E3E2438:LeaderElection91] INFO  impl.RoleInfo (RoleInfo.java:updateAndGet(143)) - 39479044-a7f0-46f5-a832-d507a2c1b28c: start LeaderState
2019-08-20 15:23:43,332 [39479044-a7f0-46f5-a832-d507a2c1b28c:group-9DB18E3E2438:LeaderElection91] INFO  segmented.SegmentedRaftLogWorker (SegmentedRaftLogWorker.java:startLogSegment(380)) - 39479044-a7f0-46f5-a832-d507a2c1b28c-SegmentedRaftLogWorker:Storage Directory /workdir/hadoop-ozone/integration-test/target/test-dir/MiniOzoneClusterImpl-55fc759d-3081-4a00-8886-eafd5a4bcf81/datanode-6/data/ratis/56935650-926f-48fd-b5e2-9db18e3e2438: Starting segment from index:0
2019-08-20 15:23:43,333 [39479044-a7f0-46f5-a832-d507a2c1b28c:group-9DB18E3E2438:LeaderElection91] INFO  impl.RaftServerImpl (ServerState.java:setRaftConf(361)) - 39479044-a7f0-46f5-a832-d507a2c1b28c:group-9DB18E3E2438 set configuration 0: [39479044-a7f0-46f5-a832-d507a2c1b28c:192.168.36.99:46266], old=null at 0
2019-08-20 15:23:43,367 [9c6ab30a-d72f-459b-9d58-6af7941cdaaa:group-864525ACFEA0:LeaderElection94] INFO  impl.LeaderElection (LeaderElection.java:askForVotes(181)) - 9c6ab30a-d72f-459b-9d58-6af7941cdaaa:group-864525ACFEA0:LeaderElection94: begin an election at term 1 for -1: [81cebdb6-2756-4de8-83ea-a7eacd20f204:192.168.36.99:46096, 9c6ab30a-d72f-459b-9d58-6af7941cdaaa:192.168.36.99:45772, 5e423d06-488d-45e1-ad82-54d441feecb5:192.168.36.99:40855], old=null
2019-08-20 15:23:43,371 [5e423d06-488d-45e1-ad82-54d441feecb5:group-864525ACFEA0:LeaderElection93] INFO  impl.LeaderElection (LeaderElection.java:logAndReturn(56)) - 5e423d06-488d-45e1-ad82-54d441feecb5:group-864525ACFEA0:LeaderElection93: Election REJECTED; received 2 response(s) [5e423d06-488d-45e1-ad82-54d441feecb5<-81cebdb6-2756-4de8-83ea-a7eacd20f204#0:FAIL-t1, 5e423d06-488d-45e1-ad82-54d441feecb5<-9c6ab30a-d72f-459b-9d58-6af7941cdaaa#0:FAIL-t1] and 0 exception(s); 5e423d06-488d-45e1-ad82-54d441feecb5:t1, leader=null, voted=5e423d06-488d-45e1-ad82-54d441feecb5, raftlog=5e423d06-488d-45e1-ad82-54d441feecb5-SegmentedRaftLog:OPENED:c-1,f-1,i0, conf=-1: [81cebdb6-2756-4de8-83ea-a7eacd20f204:192.168.36.99:46096, 9c6ab30a-d72f-459b-9d58-6af7941cdaaa:192.168.36.99:45772, 5e423d06-488d-45e1-ad82-54d441feecb5:192.168.36.99:40855], old=null
2019-08-20 15:23:43,371 [5e423d06-488d-45e1-ad82-54d441feecb5:group-864525ACFEA0:LeaderElection93] INFO  impl.RaftServerImpl (RaftServerImpl.java:setRole(171)) - 5e423d06-488d-45e1-ad82-54d441feecb5:group-864525ACFEA0 changes role from CANDIDATE to FOLLOWER at term 1 for DISCOVERED_A_NEW_TERM
2019-08-20 15:23:43,371 [5e423d06-488d-45e1-ad82-54d441feecb5:group-864525ACFEA0:LeaderElection93] INFO  impl.RoleInfo (RoleInfo.java:shutdownLeaderElection(134)) - 5e423d06-488d-45e1-ad82-54d441feecb5: shutdown LeaderElection
2019-08-20 15:23:43,372 [5e423d06-488d-45e1-ad82-54d441feecb5:group-864525ACFEA0:LeaderElection93] INFO  impl.RoleInfo (RoleInfo.java:updateAndGet(143)) - 5e423d06-488d-45e1-ad82-54d441feecb5: start FollowerState
2019-08-20 15:23:43,372 [81cebdb6-2756-4de8-83ea-a7eacd20f204:group-864525ACFEA0:LeaderElection92] INFO  impl.LeaderElection (LeaderElection.java:logAndReturn(56)) - 81cebdb6-2756-4de8-83ea-a7eacd20f204:group-864525ACFEA0:LeaderElection92: Election REJECTED; received 2 response(s) [81cebdb6-2756-4de8-83ea-a7eacd20f204<-9c6ab30a-d72f-459b-9d58-6af7941cdaaa#0:FAIL-t1, 81cebdb6-2756-4de8-83ea-a7eacd20f204<-5e423d06-488d-45e1-ad82-54d441feecb5#0:FAIL-t1] and 0 exception(s); 81cebdb6-2756-4de8-83ea-a7eacd20f204:t1, leader=null, voted=81cebdb6-2756-4de8-83ea-a7eacd20f204, raftlog=81cebdb6-2756-4de8-83ea-a7eacd20f204-SegmentedRaftLog:OPENED:c-1,f-1,i0, conf=-1: [81cebdb6-2756-4de8-83ea-a7eacd20f204:192.168.36.99:46096, 9c6ab30a-d72f-459b-9d58-6af7941cdaaa:192.168.36.99:45772, 5e423d06-488d-45e1-ad82-54d441feecb5:192.168.36.99:40855], old=null
2019-08-20 15:23:43,372 [81cebdb6-2756-4de8-83ea-a7eacd20f204:group-864525ACFEA0:LeaderElection92] INFO  impl.RaftServerImpl (RaftServerImpl.java:setRole(171)) - 81cebdb6-2756-4de8-83ea-a7eacd20f204:group-864525ACFEA0 changes role from CANDIDATE to FOLLOWER at term 1 for DISCOVERED_A_NEW_TERM
2019-08-20 15:23:43,373 [81cebdb6-2756-4de8-83ea-a7eacd20f204:group-864525ACFEA0:LeaderElection92] INFO  impl.RoleInfo (RoleInfo.java:shutdownLeaderElection(134)) - 81cebdb6-2756-4de8-83ea-a7eacd20f204: shutdown LeaderElection
2019-08-20 15:23:43,373 [81cebdb6-2756-4de8-83ea-a7eacd20f204:group-864525ACFEA0:LeaderElection92] INFO  impl.RoleInfo (RoleInfo.java:updateAndGet(143)) - 81cebdb6-2756-4de8-83ea-a7eacd20f204: start FollowerState
2019-08-20 15:23:43,374 [9c6ab30a-d72f-459b-9d58-6af7941cdaaa:group-864525ACFEA0:LeaderElection94] INFO  impl.LeaderElection (LeaderElection.java:logAndReturn(56)) - 9c6ab30a-d72f-459b-9d58-6af7941cdaaa:group-864525ACFEA0:LeaderElection94: Election REJECTED; received 2 response(s) [9c6ab30a-d72f-459b-9d58-6af7941cdaaa<-81cebdb6-2756-4de8-83ea-a7eacd20f204#0:FAIL-t1, 9c6ab30a-d72f-459b-9d58-6af7941cdaaa<-5e423d06-488d-45e1-ad82-54d441feecb5#0:FAIL-t1] and 0 exception(s); 9c6ab30a-d72f-459b-9d58-6af7941cdaaa:t1, leader=null, voted=9c6ab30a-d72f-459b-9d58-6af7941cdaaa, raftlog=9c6ab30a-d72f-459b-9d58-6af7941cdaaa-SegmentedRaftLog:OPENED:c-1,f-1,i0, conf=-1: [81cebdb6-2756-4de8-83ea-a7eacd20f204:192.168.36.99:46096, 9c6ab30a-d72f-459b-9d58-6af7941cdaaa:192.168.36.99:45772, 5e423d06-488d-45e1-ad82-54d441feecb5:192.168.36.99:40855], old=null
2019-08-20 15:23:43,374 [9c6ab30a-d72f-459b-9d58-6af7941cdaaa:group-864525ACFEA0:LeaderElection94] INFO  impl.RaftServerImpl (RaftServerImpl.java:setRole(171)) - 9c6ab30a-d72f-459b-9d58-6af7941cdaaa:group-864525ACFEA0 changes role from CANDIDATE to FOLLOWER at term 1 for DISCOVERED_A_NEW_TERM
2019-08-20 15:23:43,375 [9c6ab30a-d72f-459b-9d58-6af7941cdaaa:group-864525ACFEA0:LeaderElection94] INFO  impl.RoleInfo (RoleInfo.java:shutdownLeaderElection(134)) - 9c6ab30a-d72f-459b-9d58-6af7941cdaaa: shutdown LeaderElection
2019-08-20 15:23:43,375 [9c6ab30a-d72f-459b-9d58-6af7941cdaaa:group-864525ACFEA0:LeaderElection94] INFO  impl.RoleInfo (RoleInfo.java:updateAndGet(143)) - 9c6ab30a-d72f-459b-9d58-6af7941cdaaa: start FollowerState
2019-08-20 15:23:43,392 [39479044-a7f0-46f5-a832-d507a2c1b28c-SegmentedRaftLogWorker:Storage Directory /workdir/hadoop-ozone/integration-test/target/test-dir/MiniOzoneClusterImpl-55fc759d-3081-4a00-8886-eafd5a4bcf81/datanode-6/data/ratis/56935650-926f-48fd-b5e2-9db18e3e2438] INFO  segmented.SegmentedRaftLogWorker (SegmentedRaftLogWorker.java:execute(569)) - 39479044-a7f0-46f5-a832-d507a2c1b28c-SegmentedRaftLogWorker:Storage Directory /workdir/hadoop-ozone/integration-test/target/test-dir/MiniOzoneClusterImpl-55fc759d-3081-4a00-8886-eafd5a4bcf81/datanode-6/data/ratis/56935650-926f-48fd-b5e2-9db18e3e2438: created new log segment /workdir/hadoop-ozone/integration-test/target/test-dir/MiniOzoneClusterImpl-55fc759d-3081-4a00-8886-eafd5a4bcf81/datanode-6/data/ratis/56935650-926f-48fd-b5e2-9db18e3e2438/current/log_inprogress_0
2019-08-20 15:23:43,402 | INFO  | SCMAudit | user=jenkins1000 | ip=192.168.36.99 | op=SEND_HEARTBEAT {datanodeUUID=6b47a181-38f2-4238-bd0f-68e13143ff11, command=[]} | ret=SUCCESS |  
2019-08-20 15:23:43,491 | INFO  | DNAudit | user=null | ip=null | op=WRITE_CHUNK {blockData=conID: 1 locID: 102649994885070862 bcsId: 0} | ret=SUCCESS |  
2019-08-20 15:23:43,492 | INFO  | SCMAudit | user=jenkins1000 | ip=192.168.36.99 | op=SEND_HEARTBEAT {datanodeUUID=6b47a181-38f2-4238-bd0f-68e13143ff11, command=[]} | ret=SUCCESS |  
2019-08-20 15:23:43,525 | INFO  | DNAudit | user=null | ip=null | op=WRITE_CHUNK {blockData=conID: 1 locID: 102649994885070862 bcsId: 0} | ret=SUCCESS |  
2019-08-20 15:23:43,525 | INFO  | DNAudit | user=null | ip=null | op=WRITE_CHUNK {blockData=conID: 1 locID: 102649994885070862 bcsId: 0} | ret=SUCCESS |  
2019-08-20 15:23:43,525 | INFO  | SCMAudit | user=jenkins1000 | ip=192.168.36.99 | op=SEND_HEARTBEAT {datanodeUUID=fffe0fa6-9e97-473a-b4af-0bacc73ac892, command=[]} | ret=SUCCESS |  
2019-08-20 15:23:43,525 | INFO  | SCMAudit | user=jenkins1000 | ip=192.168.36.99 | op=SEND_HEARTBEAT {datanodeUUID=098fd333-fd07-42ed-bf18-0c1d6ead7454, command=[]} | ret=SUCCESS |  
2019-08-20 15:23:43,538 | INFO  | DNAudit | user=null | ip=null | op=WRITE_CHUNK {blockData=conID: 1 locID: 102649994885070862 bcsId: 0} | ret=SUCCESS |  
2019-08-20 15:23:43,542 [grpc-default-executor-11] INFO  client.GrpcClientProtocolClient (GrpcClientProtocolClient.java:onNext(255)) - client-8CB4128913AD->6b47a181-38f2-4238-bd0f-68e13143ff11: receive RaftClientReply:client-8CB4128913AD->6b47a181-38f2-4238-bd0f-68e13143ff11@group-9E5E06D0463C, cid=182, SUCCESS, logIndex=1, commits[6b47a181-38f2-4238-bd0f-68e13143ff11:c1, 098fd333-fd07-42ed-bf18-0c1d6ead7454:c0, fffe0fa6-9e97-473a-b4af-0bacc73ac892:c0]
2019-08-20 15:23:43,547 | INFO  | DNAudit | user=null | ip=null | op=WRITE_CHUNK {blockData=conID: 1 locID: 102649994885070862 bcsId: 0} | ret=SUCCESS |  
2019-08-20 15:23:43,549 | INFO  | DNAudit | user=null | ip=null | op=WRITE_CHUNK {blockData=conID: 1 locID: 102649994885070862 bcsId: 0} | ret=SUCCESS |  
2019-08-20 15:23:43,549 | INFO  | DNAudit | user=null | ip=null | op=WRITE_CHUNK {blockData=conID: 1 locID: 102649994885070862 bcsId: 0} | ret=SUCCESS |  
2019-08-20 15:23:43,549 | INFO  | DNAudit | user=null | ip=null | op=WRITE_CHUNK {blockData=conID: 1 locID: 102649994885070862 bcsId: 0} | ret=SUCCESS |  
2019-08-20 15:23:43,550 | INFO  | DNAudit | user=null | ip=null | op=WRITE_CHUNK {blockData=conID: 1 locID: 102649994885070862 bcsId: 0} | ret=SUCCESS |  
2019-08-20 15:23:43,550 | INFO  | DNAudit | user=null | ip=null | op=WRITE_CHUNK {blockData=conID: 1 locID: 102649994885070862 bcsId: 0} | ret=SUCCESS |  
2019-08-20 15:23:43,550 | INFO  | DNAudit | user=null | ip=null | op=WRITE_CHUNK {blockData=conID: 1 locID: 102649994885070862 bcsId: 0} | ret=SUCCESS |  
2019-08-20 15:23:43,550 | INFO  | DNAudit | user=null | ip=null | op=WRITE_CHUNK {blockData=conID: 1 locID: 102649994885070862 bcsId: 0} | ret=SUCCESS |  
2019-08-20 15:23:43,551 | INFO  | DNAudit | user=null | ip=null | op=WRITE_CHUNK {blockData=conID: 1 locID: 102649994885070862 bcsId: 0} | ret=SUCCESS |  
2019-08-20 15:23:43,551 | INFO  | DNAudit | user=null | ip=null | op=WRITE_CHUNK {blockData=conID: 1 locID: 102649994885070862 bcsId: 0} | ret=SUCCESS |  
2019-08-20 15:23:43,551 | INFO  | DNAudit | user=null | ip=null | op=WRITE_CHUNK {blockData=conID: 1 locID: 102649994885070862 bcsId: 0} | ret=SUCCESS |  
2019-08-20 15:23:43,552 | INFO  | DNAudit | user=null | ip=null | op=WRITE_CHUNK {blockData=conID: 1 locID: 102649994885070862 bcsId: 0} | ret=SUCCESS |  
2019-08-20 15:23:43,556 [grpc-default-executor-11] INFO  client.GrpcClientProtocolClient (GrpcClientProtocolClient.java:onNext(255)) - client-8CB4128913AD->6b47a181-38f2-4238-bd0f-68e13143ff11: receive RaftClientReply:client-8CB4128913AD->6b47a181-38f2-4238-bd0f-68e13143ff11@group-9E5E06D0463C, cid=183, SUCCESS, logIndex=3, commits[6b47a181-38f2-4238-bd0f-68e13143ff11:c4, 098fd333-fd07-42ed-bf18-0c1d6ead7454:c1, fffe0fa6-9e97-473a-b4af-0bacc73ac892:c1]
2019-08-20 15:23:43,573 | INFO  | DNAudit | user=null | ip=null | op=WRITE_CHUNK {blockData=conID: 1 locID: 102649994885070862 bcsId: 0} | ret=SUCCESS |  
2019-08-20 15:23:43,574 | INFO  | SCMAudit | user=jenkins1000 | ip=192.168.36.99 | op=SEND_HEARTBEAT {datanodeUUID=81cebdb6-2756-4de8-83ea-a7eacd20f204, command=[]} | ret=SUCCESS |  
2019-08-20 15:23:43,590 | INFO  | DNAudit | user=null | ip=null | op=WRITE_CHUNK {blockData=conID: 1 locID: 102649994885070862 bcsId: 0} | ret=SUCCESS |  
2019-08-20 15:23:43,642 | INFO  | DNAudit | user=null | ip=null | op=PUT_BLOCK {blockData=[blockId=conID: 1 locID: 102649994885070862 bcsId: 0,size=200]} | ret=SUCCESS |  
2019-08-20 15:23:43,643 | INFO  | DNAudit | user=null | ip=null | op=WRITE_CHUNK {blockData=conID: 1 locID: 102649994885070862 bcsId: 0} | ret=SUCCESS |  
2019-08-20 15:23:43,644 | INFO  | DNAudit | user=null | ip=null | op=WRITE_CHUNK {blockData=conID: 1 locID: 102649994885070862 bcsId: 0} | ret=SUCCESS |  
2019-08-20 15:23:43,644 [grpc-default-executor-11] INFO  client.GrpcClientProtocolClient (GrpcClientProtocolClient.java:onNext(255)) - client-8CB4128913AD->6b47a181-38f2-4238-bd0f-68e13143ff11: receive RaftClientReply:client-8CB4128913AD->6b47a181-38f2-4238-bd0f-68e13143ff11@group-9E5E06D0463C, cid=184, SUCCESS, logIndex=4, commits[6b47a181-38f2-4238-bd0f-68e13143ff11:c12, 098fd333-fd07-42ed-bf18-0c1d6ead7454:c7, fffe0fa6-9e97-473a-b4af-0bacc73ac892:c7]
2019-08-20 15:23:43,645 [grpc-default-executor-11] INFO  client.GrpcClientProtocolClient (GrpcClientProtocolClient.java:onNext(255)) - client-8CB4128913AD->6b47a181-38f2-4238-bd0f-68e13143ff11: receive RaftClientReply:client-8CB4128913AD->6b47a181-38f2-4238-bd0f-68e13143ff11@group-9E5E06D0463C, cid=185, SUCCESS, logIndex=5, commits[6b47a181-38f2-4238-bd0f-68e13143ff11:c12, 098fd333-fd07-42ed-bf18-0c1d6ead7454:c7, fffe0fa6-9e97-473a-b4af-0bacc73ac892:c7]
2019-08-20 15:23:43,646 [grpc-default-executor-11] INFO  client.GrpcClientProtocolClient (GrpcClientProtocolClient.java:onNext(255)) - client-8CB4128913AD->6b47a181-38f2-4238-bd0f-68e13143ff11: receive RaftClientReply:client-8CB4128913AD->6b47a181-38f2-4238-bd0f-68e13143ff11@group-9E5E06D0463C, cid=186, SUCCESS, logIndex=6, commits[6b47a181-38f2-4238-bd0f-68e13143ff11:c12, 098fd333-fd07-42ed-bf18-0c1d6ead7454:c7, fffe0fa6-9e97-473a-b4af-0bacc73ac892:c7]
2019-08-20 15:23:43,746 | INFO  | DNAudit | user=null | ip=null | op=PUT_BLOCK {blockData=[blockId=conID: 1 locID: 102649994885070862 bcsId: 0,size=200]} | ret=SUCCESS |  
2019-08-20 15:23:43,746 | INFO  | DNAudit | user=null | ip=null | op=WRITE_CHUNK {blockData=conID: 1 locID: 102649994885070862 bcsId: 0} | ret=SUCCESS |  
2019-08-20 15:23:43,747 | INFO  | DNAudit | user=null | ip=null | op=WRITE_CHUNK {blockData=conID: 1 locID: 102649994885070862 bcsId: 0} | ret=SUCCESS |  
2019-08-20 15:23:43,834 | INFO  | SCMAudit | user=jenkins1000 | ip=192.168.36.99 | op=SEND_HEARTBEAT {datanodeUUID=9c6ab30a-d72f-459b-9d58-6af7941cdaaa, command=[]} | ret=SUCCESS |  
2019-08-20 15:23:43,848 | INFO  | DNAudit | user=null | ip=null | op=PUT_BLOCK {blockData=[blockId=conID: 1 locID: 102649994885070862 bcsId: 0,size=400]} | ret=SUCCESS |  
2019-08-20 15:23:43,848 | INFO  | DNAudit | user=null | ip=null | op=PUT_BLOCK {blockData=[blockId=conID: 1 locID: 102649994885070862 bcsId: 0,size=400]} | ret=SUCCESS |  
2019-08-20 15:23:43,848 | INFO  | DNAudit | user=null | ip=null | op=PUT_BLOCK {blockData=[blockId=conID: 1 locID: 102649994885070862 bcsId: 0,size=200]} | ret=SUCCESS |  
2019-08-20 15:23:43,849 | INFO  | DNAudit | user=null | ip=null | op=WRITE_CHUNK {blockData=conID: 1 locID: 102649994885070862 bcsId: 0} | ret=SUCCESS |  
2019-08-20 15:23:43,849 | INFO  | DNAudit | user=null | ip=null | op=WRITE_CHUNK {blockData=conID: 1 locID: 102649994885070862 bcsId: 0} | ret=SUCCESS |  
2019-08-20 15:23:43,849 [grpc-default-executor-11] INFO  client.GrpcClientProtocolClient (GrpcClientProtocolClient.java:onNext(255)) - client-8CB4128913AD->6b47a181-38f2-4238-bd0f-68e13143ff11: receive RaftClientReply:client-8CB4128913AD->6b47a181-38f2-4238-bd0f-68e13143ff11@group-9E5E06D0463C, cid=187, SUCCESS, logIndex=7, commits[6b47a181-38f2-4238-bd0f-68e13143ff11:c12, 098fd333-fd07-42ed-bf18-0c1d6ead7454:c7, fffe0fa6-9e97-473a-b4af-0bacc73ac892:c7]
2019-08-20 15:23:43,850 | INFO  | DNAudit | user=null | ip=null | op=PUT_BLOCK {blockData=[blockId=conID: 1 locID: 102649994885070862 bcsId: 0,size=400]} | ret=SUCCESS |  
2019-08-20 15:23:43,853 | INFO  | DNAudit | user=null | ip=null | op=WRITE_CHUNK {blockData=conID: 1 locID: 102649994885070862 bcsId: 7} | ret=SUCCESS |  
2019-08-20 15:23:43,854 | INFO  | DNAudit | user=null | ip=null | op=WRITE_CHUNK {blockData=conID: 1 locID: 102649994885070862 bcsId: 7} | ret=SUCCESS |  
2019-08-20 15:23:43,854 | INFO  | DNAudit | user=null | ip=null | op=WRITE_CHUNK {blockData=conID: 1 locID: 102649994885070862 bcsId: 7} | ret=SUCCESS |  
2019-08-20 15:23:43,863 | INFO  | DNAudit | user=null | ip=null | op=WRITE_CHUNK {blockData=conID: 1 locID: 102649994885070862 bcsId: 7} | ret=SUCCESS |  
2019-08-20 15:23:43,864 [grpc-default-executor-11] INFO  client.GrpcClientProtocolClient (GrpcClientProtocolClient.java:onNext(255)) - client-8CB4128913AD->6b47a181-38f2-4238-bd0f-68e13143ff11: receive RaftClientReply:client-8CB4128913AD->6b47a181-38f2-4238-bd0f-68e13143ff11@group-9E5E06D0463C, cid=188, SUCCESS, logIndex=13, commits[6b47a181-38f2-4238-bd0f-68e13143ff11:c14, 098fd333-fd07-42ed-bf18-0c1d6ead7454:c12, fffe0fa6-9e97-473a-b4af-0bacc73ac892:c12]
2019-08-20 15:23:43,865 | INFO  | DNAudit | user=null | ip=null | op=PUT_BLOCK {blockData=[blockId=conID: 1 locID: 102649994885070862 bcsId: 0,size=450]} | ret=SUCCESS |  
2019-08-20 15:23:43,866 [grpc-default-executor-11] INFO  client.GrpcClientProtocolClient (GrpcClientProtocolClient.java:onNext(255)) - client-8CB4128913AD->6b47a181-38f2-4238-bd0f-68e13143ff11: receive RaftClientReply:client-8CB4128913AD->6b47a181-38f2-4238-bd0f-68e13143ff11@group-9E5E06D0463C, cid=189, SUCCESS, logIndex=14, commits[6b47a181-38f2-4238-bd0f-68e13143ff11:c14, 098fd333-fd07-42ed-bf18-0c1d6ead7454:c12, fffe0fa6-9e97-473a-b4af-0bacc73ac892:c12]
2019-08-20 15:23:43,884 | INFO  | DNAudit | user=null | ip=null | op=WRITE_CHUNK {blockData=conID: 1 locID: 102649994885070862 bcsId: 7} | ret=SUCCESS |  
2019-08-20 15:23:43,884 | INFO  | DNAudit | user=null | ip=null | op=WRITE_CHUNK {blockData=conID: 1 locID: 102649994885070862 bcsId: 7} | ret=SUCCESS |  
2019-08-20 15:23:43,885 | INFO  | DNAudit | user=null | ip=null | op=PUT_BLOCK {blockData=[blockId=conID: 1 locID: 102649994885070862 bcsId: 0,size=450]} | ret=SUCCESS |  
2019-08-20 15:23:43,888 | INFO  | DNAudit | user=null | ip=null | op=PUT_BLOCK {blockData=[blockId=conID: 1 locID: 102649994885070862 bcsId: 0,size=450]} | ret=SUCCESS |  
2019-08-20 15:23:43,893 [grpc-default-executor-11] INFO  client.GrpcClientProtocolClient (GrpcClientProtocolClient.java:onNext(255)) - client-8CB4128913AD->6b47a181-38f2-4238-bd0f-68e13143ff11: receive RaftClientReply:client-8CB4128913AD->6b47a181-38f2-4238-bd0f-68e13143ff11@group-9E5E06D0463C, cid=190, SUCCESS, logIndex=0, commits[6b47a181-38f2-4238-bd0f-68e13143ff11:c16, 098fd333-fd07-42ed-bf18-0c1d6ead7454:c14, fffe0fa6-9e97-473a-b4af-0bacc73ac892:c14]
2019-08-20 15:23:43,893 [main] INFO  datanode.ObjectStoreHandler (ObjectStoreHandler.java:close(155)) - Closing ObjectStoreHandler.
2019-08-20 15:23:43,894 [main] INFO  ozone.HddsDatanodeService (HddsDatanodeService.java:stop(451)) - Stopped plug-in org.apache.hadoop.ozone.web.OzoneHddsDatanodeService@2a2cdba0
2019-08-20 15:23:43,973 | INFO  | SCMAudit | user=jenkins1000 | ip=192.168.36.99 | op=SEND_HEARTBEAT {datanodeUUID=5e423d06-488d-45e1-ad82-54d441feecb5, command=[]} | ret=SUCCESS |  
2019-08-20 15:23:44,158 | INFO  | SCMAudit | user=jenkins1000 | ip=192.168.36.99 | op=SEND_HEARTBEAT {datanodeUUID=39479044-a7f0-46f5-a832-d507a2c1b28c, command=[]} | ret=SUCCESS |  
2019-08-20 15:23:44,490 [Datanode State Machine Thread - 0] INFO  statemachine.DatanodeStateMachine (DatanodeStateMachine.java:lambda$startDaemon$0(350)) - Ozone container server started.
2019-08-20 15:23:44,525 | INFO  | SCMAudit | user=jenkins1000 | ip=192.168.36.99 | op=SEND_HEARTBEAT {datanodeUUID=fffe0fa6-9e97-473a-b4af-0bacc73ac892, command=[]} | ret=SUCCESS |  
2019-08-20 15:23:44,525 | INFO  | SCMAudit | user=jenkins1000 | ip=192.168.36.99 | op=SEND_HEARTBEAT {datanodeUUID=098fd333-fd07-42ed-bf18-0c1d6ead7454, command=[]} | ret=SUCCESS |  
2019-08-20 15:23:44,574 | INFO  | SCMAudit | user=jenkins1000 | ip=192.168.36.99 | op=SEND_HEARTBEAT {datanodeUUID=81cebdb6-2756-4de8-83ea-a7eacd20f204, command=[]} | ret=SUCCESS |  
2019-08-20 15:23:44,835 | INFO  | SCMAudit | user=jenkins1000 | ip=192.168.36.99 | op=SEND_HEARTBEAT {datanodeUUID=9c6ab30a-d72f-459b-9d58-6af7941cdaaa, command=[]} | ret=SUCCESS |  
2019-08-20 15:23:44,974 | INFO  | SCMAudit | user=jenkins1000 | ip=192.168.36.99 | op=SEND_HEARTBEAT {datanodeUUID=5e423d06-488d-45e1-ad82-54d441feecb5, command=[]} | ret=SUCCESS |  
2019-08-20 15:23:45,159 | INFO  | SCMAudit | user=jenkins1000 | ip=192.168.36.99 | op=SEND_HEARTBEAT {datanodeUUID=39479044-a7f0-46f5-a832-d507a2c1b28c, command=[]} | ret=SUCCESS |  
2019-08-20 15:23:45,525 | INFO  | SCMAudit | user=jenkins1000 | ip=192.168.36.99 | op=SEND_HEARTBEAT {datanodeUUID=098fd333-fd07-42ed-bf18-0c1d6ead7454, command=[]} | ret=SUCCESS |  
2019-08-20 15:23:45,526 | INFO  | SCMAudit | user=jenkins1000 | ip=192.168.36.99 | op=SEND_HEARTBEAT {datanodeUUID=fffe0fa6-9e97-473a-b4af-0bacc73ac892, command=[]} | ret=SUCCESS |  
2019-08-20 15:23:45,574 | INFO  | SCMAudit | user=jenkins1000 | ip=192.168.36.99 | op=SEND_HEARTBEAT {datanodeUUID=81cebdb6-2756-4de8-83ea-a7eacd20f204, command=[]} | ret=SUCCESS |  
2019-08-20 15:23:45,835 | INFO  | SCMAudit | user=jenkins1000 | ip=192.168.36.99 | op=SEND_HEARTBEAT {datanodeUUID=9c6ab30a-d72f-459b-9d58-6af7941cdaaa, command=[]} | ret=SUCCESS |  
2019-08-20 15:23:45,974 | INFO  | SCMAudit | user=jenkins1000 | ip=192.168.36.99 | op=SEND_HEARTBEAT {datanodeUUID=5e423d06-488d-45e1-ad82-54d441feecb5, command=[]} | ret=SUCCESS |  
2019-08-20 15:23:46,159 | INFO  | SCMAudit | user=jenkins1000 | ip=192.168.36.99 | op=SEND_HEARTBEAT {datanodeUUID=39479044-a7f0-46f5-a832-d507a2c1b28c, command=[]} | ret=SUCCESS |  
2019-08-20 15:23:46,526 | INFO  | SCMAudit | user=jenkins1000 | ip=192.168.36.99 | op=SEND_HEARTBEAT {datanodeUUID=fffe0fa6-9e97-473a-b4af-0bacc73ac892, command=[]} | ret=SUCCESS |  
2019-08-20 15:23:46,526 | INFO  | SCMAudit | user=jenkins1000 | ip=192.168.36.99 | op=SEND_HEARTBEAT {datanodeUUID=098fd333-fd07-42ed-bf18-0c1d6ead7454, command=[]} | ret=SUCCESS |  
2019-08-20 15:23:46,574 | INFO  | SCMAudit | user=jenkins1000 | ip=192.168.36.99 | op=SEND_HEARTBEAT {datanodeUUID=81cebdb6-2756-4de8-83ea-a7eacd20f204, command=[]} | ret=SUCCESS |  
2019-08-20 15:23:46,834 | INFO  | SCMAudit | user=jenkins1000 | ip=192.168.36.99 | op=SEND_HEARTBEAT {datanodeUUID=9c6ab30a-d72f-459b-9d58-6af7941cdaaa, command=[]} | ret=SUCCESS |  
2019-08-20 15:23:46,974 | INFO  | SCMAudit | user=jenkins1000 | ip=192.168.36.99 | op=SEND_HEARTBEAT {datanodeUUID=5e423d06-488d-45e1-ad82-54d441feecb5, command=[]} | ret=SUCCESS |  
2019-08-20 15:23:47,159 | INFO  | SCMAudit | user=jenkins1000 | ip=192.168.36.99 | op=SEND_HEARTBEAT {datanodeUUID=39479044-a7f0-46f5-a832-d507a2c1b28c, command=[]} | ret=SUCCESS |  
2019-08-20 15:23:47,525 | INFO  | SCMAudit | user=jenkins1000 | ip=192.168.36.99 | op=SEND_HEARTBEAT {datanodeUUID=098fd333-fd07-42ed-bf18-0c1d6ead7454, command=[]} | ret=SUCCESS |  
2019-08-20 15:23:47,525 | INFO  | SCMAudit | user=jenkins1000 | ip=192.168.36.99 | op=SEND_HEARTBEAT {datanodeUUID=fffe0fa6-9e97-473a-b4af-0bacc73ac892, command=[]} | ret=SUCCESS |  
2019-08-20 15:23:47,574 | INFO  | SCMAudit | user=jenkins1000 | ip=192.168.36.99 | op=SEND_HEARTBEAT {datanodeUUID=81cebdb6-2756-4de8-83ea-a7eacd20f204, command=[]} | ret=SUCCESS |  
2019-08-20 15:23:47,835 | INFO  | SCMAudit | user=jenkins1000 | ip=192.168.36.99 | op=SEND_HEARTBEAT {datanodeUUID=9c6ab30a-d72f-459b-9d58-6af7941cdaaa, command=[]} | ret=SUCCESS |  
2019-08-20 15:23:47,974 | INFO  | SCMAudit | user=jenkins1000 | ip=192.168.36.99 | op=SEND_HEARTBEAT {datanodeUUID=5e423d06-488d-45e1-ad82-54d441feecb5, command=[]} | ret=SUCCESS |  
2019-08-20 15:23:48,159 | INFO  | SCMAudit | user=jenkins1000 | ip=192.168.36.99 | op=SEND_HEARTBEAT {datanodeUUID=39479044-a7f0-46f5-a832-d507a2c1b28c, command=[]} | ret=SUCCESS |  
2019-08-20 15:23:48,448 [Thread-3701] INFO  impl.FollowerState (FollowerState.java:run(106)) - 5e423d06-488d-45e1-ad82-54d441feecb5:group-864525ACFEA0 changes to CANDIDATE, lastRpcTime:5076, electionTimeout:5076ms
2019-08-20 15:23:48,448 [Thread-3701] INFO  impl.RoleInfo (RoleInfo.java:shutdownFollowerState(121)) - 5e423d06-488d-45e1-ad82-54d441feecb5: shutdown FollowerState
2019-08-20 15:23:48,449 [Thread-3701] INFO  impl.RaftServerImpl (RaftServerImpl.java:setRole(171)) - 5e423d06-488d-45e1-ad82-54d441feecb5:group-864525ACFEA0 changes role from FOLLOWER to CANDIDATE at term 1 for changeToCandidate
2019-08-20 15:23:48,449 [Thread-3701] INFO  impl.RoleInfo (RoleInfo.java:updateAndGet(143)) - 5e423d06-488d-45e1-ad82-54d441feecb5: start LeaderElection
2019-08-20 15:23:48,454 [Thread-3702] INFO  impl.FollowerState (FollowerState.java:run(106)) - 81cebdb6-2756-4de8-83ea-a7eacd20f204:group-864525ACFEA0 changes to CANDIDATE, lastRpcTime:5081, electionTimeout:5081ms
2019-08-20 15:23:48,455 [Thread-3702] INFO  impl.RoleInfo (RoleInfo.java:shutdownFollowerState(121)) - 81cebdb6-2756-4de8-83ea-a7eacd20f204: shutdown FollowerState
2019-08-20 15:23:48,455 [Thread-3702] INFO  impl.RaftServerImpl (RaftServerImpl.java:setRole(171)) - 81cebdb6-2756-4de8-83ea-a7eacd20f204:group-864525ACFEA0 changes role from FOLLOWER to CANDIDATE at term 1 for changeToCandidate
2019-08-20 15:23:48,455 [Thread-3702] INFO  impl.RoleInfo (RoleInfo.java:updateAndGet(143)) - 81cebdb6-2756-4de8-83ea-a7eacd20f204: start LeaderElection
2019-08-20 15:23:48,488 [81cebdb6-2756-4de8-83ea-a7eacd20f204:group-864525ACFEA0:LeaderElection96] INFO  impl.LeaderElection (LeaderElection.java:askForVotes(181)) - 81cebdb6-2756-4de8-83ea-a7eacd20f204:group-864525ACFEA0:LeaderElection96: begin an election at term 2 for -1: [81cebdb6-2756-4de8-83ea-a7eacd20f204:192.168.36.99:46096, 9c6ab30a-d72f-459b-9d58-6af7941cdaaa:192.168.36.99:45772, 5e423d06-488d-45e1-ad82-54d441feecb5:192.168.36.99:40855], old=null
2019-08-20 15:23:48,488 [5e423d06-488d-45e1-ad82-54d441feecb5:group-864525ACFEA0:LeaderElection95] INFO  impl.LeaderElection (LeaderElection.java:askForVotes(181)) - 5e423d06-488d-45e1-ad82-54d441feecb5:group-864525ACFEA0:LeaderElection95: begin an election at term 2 for -1: [81cebdb6-2756-4de8-83ea-a7eacd20f204:192.168.36.99:46096, 9c6ab30a-d72f-459b-9d58-6af7941cdaaa:192.168.36.99:45772, 5e423d06-488d-45e1-ad82-54d441feecb5:192.168.36.99:40855], old=null
2019-08-20 15:23:48,491 [grpc-default-executor-11] INFO  impl.RaftServerImpl (RaftServerImpl.java:setRole(171)) - 9c6ab30a-d72f-459b-9d58-6af7941cdaaa:group-864525ACFEA0 changes role from FOLLOWER to FOLLOWER at term 2 for recognizeCandidate:81cebdb6-2756-4de8-83ea-a7eacd20f204
2019-08-20 15:23:48,491 [grpc-default-executor-11] INFO  impl.RoleInfo (RoleInfo.java:shutdownFollowerState(121)) - 9c6ab30a-d72f-459b-9d58-6af7941cdaaa: shutdown FollowerState
2019-08-20 15:23:48,492 [grpc-default-executor-11] INFO  impl.RoleInfo (RoleInfo.java:updateAndGet(143)) - 9c6ab30a-d72f-459b-9d58-6af7941cdaaa: start FollowerState
2019-08-20 15:23:48,492 [Thread-3703] INFO  impl.FollowerState (FollowerState.java:run(114)) - 9c6ab30a-d72f-459b-9d58-6af7941cdaaa: FollowerState was interrupted: java.lang.InterruptedException: sleep interrupted
2019-08-20 15:23:48,519 [81cebdb6-2756-4de8-83ea-a7eacd20f204:group-864525ACFEA0:LeaderElection96] INFO  impl.LeaderElection (LeaderElection.java:logAndReturn(56)) - 81cebdb6-2756-4de8-83ea-a7eacd20f204:group-864525ACFEA0:LeaderElection96: Election PASSED; received 2 response(s) [81cebdb6-2756-4de8-83ea-a7eacd20f204<-9c6ab30a-d72f-459b-9d58-6af7941cdaaa#0:OK-t2, 81cebdb6-2756-4de8-83ea-a7eacd20f204<-5e423d06-488d-45e1-ad82-54d441feecb5#0:FAIL-t2] and 0 exception(s); 81cebdb6-2756-4de8-83ea-a7eacd20f204:t2, leader=null, voted=81cebdb6-2756-4de8-83ea-a7eacd20f204, raftlog=81cebdb6-2756-4de8-83ea-a7eacd20f204-SegmentedRaftLog:OPENED:c-1,f-1,i0, conf=-1: [81cebdb6-2756-4de8-83ea-a7eacd20f204:192.168.36.99:46096, 9c6ab30a-d72f-459b-9d58-6af7941cdaaa:192.168.36.99:45772, 5e423d06-488d-45e1-ad82-54d441feecb5:192.168.36.99:40855], old=null
2019-08-20 15:23:48,519 [81cebdb6-2756-4de8-83ea-a7eacd20f204:group-864525ACFEA0:LeaderElection96] INFO  impl.RoleInfo (RoleInfo.java:shutdownLeaderElection(134)) - 81cebdb6-2756-4de8-83ea-a7eacd20f204: shutdown LeaderElection
2019-08-20 15:23:48,519 [81cebdb6-2756-4de8-83ea-a7eacd20f204:group-864525ACFEA0:LeaderElection96] INFO  impl.RaftServerImpl (RaftServerImpl.java:setRole(171)) - 81cebdb6-2756-4de8-83ea-a7eacd20f204:group-864525ACFEA0 changes role from CANDIDATE to LEADER at term 2 for changeToLeader
2019-08-20 15:23:48,519 [5e423d06-488d-45e1-ad82-54d441feecb5:group-864525ACFEA0:LeaderElection95] INFO  impl.LeaderElection (LeaderElection.java:logAndReturn(56)) - 5e423d06-488d-45e1-ad82-54d441feecb5:group-864525ACFEA0:LeaderElection95: Election REJECTED; received 2 response(s) [5e423d06-488d-45e1-ad82-54d441feecb5<-81cebdb6-2756-4de8-83ea-a7eacd20f204#0:FAIL-t2, 5e423d06-488d-45e1-ad82-54d441feecb5<-9c6ab30a-d72f-459b-9d58-6af7941cdaaa#0:FAIL-t2] and 0 exception(s); 5e423d06-488d-45e1-ad82-54d441feecb5:t2, leader=null, voted=5e423d06-488d-45e1-ad82-54d441feecb5, raftlog=5e423d06-488d-45e1-ad82-54d441feecb5-SegmentedRaftLog:OPENED:c-1,f-1,i0, conf=-1: [81cebdb6-2756-4de8-83ea-a7eacd20f204:192.168.36.99:46096, 9c6ab30a-d72f-459b-9d58-6af7941cdaaa:192.168.36.99:45772, 5e423d06-488d-45e1-ad82-54d441feecb5:192.168.36.99:40855], old=null
2019-08-20 15:23:48,519 [81cebdb6-2756-4de8-83ea-a7eacd20f204:group-864525ACFEA0:LeaderElection96] INFO  impl.RaftServerImpl (ServerState.java:setLeader(263)) - 81cebdb6-2756-4de8-83ea-a7eacd20f204:group-864525ACFEA0 change Leader from null to 81cebdb6-2756-4de8-83ea-a7eacd20f204 at term 2 for becomeLeader, leader elected after 10387ms
2019-08-20 15:23:48,519 [5e423d06-488d-45e1-ad82-54d441feecb5:group-864525ACFEA0:LeaderElection95] INFO  impl.RaftServerImpl (RaftServerImpl.java:setRole(171)) - 5e423d06-488d-45e1-ad82-54d441feecb5:group-864525ACFEA0 changes role from CANDIDATE to FOLLOWER at term 2 for DISCOVERED_A_NEW_TERM
2019-08-20 15:23:48,519 [81cebdb6-2756-4de8-83ea-a7eacd20f204:group-864525ACFEA0:LeaderElection96] INFO  server.RaftServerConfigKeys (ConfUtils.java:logGet(43)) - raft.server.staging.catchup.gap = 1000 (default)
2019-08-20 15:23:48,520 [5e423d06-488d-45e1-ad82-54d441feecb5:group-864525ACFEA0:LeaderElection95] INFO  impl.RoleInfo (RoleInfo.java:shutdownLeaderElection(134)) - 5e423d06-488d-45e1-ad82-54d441feecb5: shutdown LeaderElection
2019-08-20 15:23:48,520 [81cebdb6-2756-4de8-83ea-a7eacd20f204:group-864525ACFEA0:LeaderElection96] INFO  server.RaftServerConfigKeys (ConfUtils.java:logGet(43)) - raft.server.rpc.sleep.time = 25ms (default)
2019-08-20 15:23:48,520 [5e423d06-488d-45e1-ad82-54d441feecb5:group-864525ACFEA0:LeaderElection95] INFO  impl.RoleInfo (RoleInfo.java:updateAndGet(143)) - 5e423d06-488d-45e1-ad82-54d441feecb5: start FollowerState
2019-08-20 15:23:48,520 [81cebdb6-2756-4de8-83ea-a7eacd20f204:group-864525ACFEA0:LeaderElection96] INFO  server.RaftServerConfigKeys (ConfUtils.java:logGet(43)) - raft.server.write.element-limit = 4096 (default)
2019-08-20 15:23:48,520 [81cebdb6-2756-4de8-83ea-a7eacd20f204:group-864525ACFEA0:LeaderElection96] INFO  server.RaftServerConfigKeys (ConfUtils.java:logGet(43)) - raft.server.watch.timeout = 10s (default)
2019-08-20 15:23:48,520 [81cebdb6-2756-4de8-83ea-a7eacd20f204:group-864525ACFEA0:LeaderElection96] INFO  server.RaftServerConfigKeys (ConfUtils.java:logGet(43)) - raft.server.watch.timeout.denomination = 1s (default)
2019-08-20 15:23:48,520 [81cebdb6-2756-4de8-83ea-a7eacd20f204:group-864525ACFEA0:LeaderElection96] INFO  server.RaftServerConfigKeys (ConfUtils.java:logGet(43)) - raft.server.watch.element-limit = 65536 (default)
2019-08-20 15:23:48,521 [81cebdb6-2756-4de8-83ea-a7eacd20f204:group-864525ACFEA0:LeaderElection96] INFO  server.RaftServerConfigKeys (ConfUtils.java:logGet(43)) - raft.server.log.appender.snapshot.chunk.size.max = 16MB (=16777216) (default)
2019-08-20 15:23:48,521 [81cebdb6-2756-4de8-83ea-a7eacd20f204:group-864525ACFEA0:LeaderElection96] INFO  server.RaftServerConfigKeys (ConfUtils.java:logGet(43)) - raft.server.log.appender.buffer.byte-limit = 33554432 (custom)
2019-08-20 15:23:48,521 [81cebdb6-2756-4de8-83ea-a7eacd20f204:group-864525ACFEA0:LeaderElection96] INFO  server.RaftServerConfigKeys (ConfUtils.java:logGet(43)) - raft.server.log.appender.buffer.element-limit = 1 (custom)
2019-08-20 15:23:48,521 [81cebdb6-2756-4de8-83ea-a7eacd20f204:group-864525ACFEA0:LeaderElection96] INFO  grpc.GrpcConfigKeys$Server (ConfUtils.java:logGet(43)) - raft.grpc.server.leader.outstanding.appends.max = 128 (default)
2019-08-20 15:23:48,521 [81cebdb6-2756-4de8-83ea-a7eacd20f204:group-864525ACFEA0:LeaderElection96] INFO  server.RaftServerConfigKeys (ConfUtils.java:logGet(43)) - raft.server.rpc.request.timeout = 3000ms (default)
2019-08-20 15:23:48,521 [81cebdb6-2756-4de8-83ea-a7eacd20f204:group-864525ACFEA0:LeaderElection96] INFO  server.RaftServerConfigKeys (ConfUtils.java:logGet(43)) - raft.server.log.appender.install.snapshot.enabled = false (custom)
2019-08-20 15:23:48,521 [81cebdb6-2756-4de8-83ea-a7eacd20f204:group-864525ACFEA0:LeaderElection96] INFO  server.RaftServerConfigKeys (ConfUtils.java:logGet(43)) - raft.server.log.appender.snapshot.chunk.size.max = 16MB (=16777216) (default)
2019-08-20 15:23:48,522 [81cebdb6-2756-4de8-83ea-a7eacd20f204:group-864525ACFEA0:LeaderElection96] INFO  server.RaftServerConfigKeys (ConfUtils.java:logGet(43)) - raft.server.log.appender.buffer.byte-limit = 33554432 (custom)
2019-08-20 15:23:48,522 [81cebdb6-2756-4de8-83ea-a7eacd20f204:group-864525ACFEA0:LeaderElection96] INFO  server.RaftServerConfigKeys (ConfUtils.java:logGet(43)) - raft.server.log.appender.buffer.element-limit = 1 (custom)
2019-08-20 15:23:48,522 [81cebdb6-2756-4de8-83ea-a7eacd20f204:group-864525ACFEA0:LeaderElection96] INFO  grpc.GrpcConfigKeys$Server (ConfUtils.java:logGet(43)) - raft.grpc.server.leader.outstanding.appends.max = 128 (default)
2019-08-20 15:23:48,522 [81cebdb6-2756-4de8-83ea-a7eacd20f204:group-864525ACFEA0:LeaderElection96] INFO  server.RaftServerConfigKeys (ConfUtils.java:logGet(43)) - raft.server.rpc.request.timeout = 3000ms (default)
2019-08-20 15:23:48,522 [81cebdb6-2756-4de8-83ea-a7eacd20f204:group-864525ACFEA0:LeaderElection96] INFO  server.RaftServerConfigKeys (ConfUtils.java:logGet(43)) - raft.server.log.appender.install.snapshot.enabled = false (custom)
2019-08-20 15:23:48,522 [81cebdb6-2756-4de8-83ea-a7eacd20f204:group-864525ACFEA0:LeaderElection96] INFO  impl.RoleInfo (RoleInfo.java:updateAndGet(143)) - 81cebdb6-2756-4de8-83ea-a7eacd20f204: start LeaderState
2019-08-20 15:23:48,522 [81cebdb6-2756-4de8-83ea-a7eacd20f204:group-864525ACFEA0:LeaderElection96] INFO  segmented.SegmentedRaftLogWorker (SegmentedRaftLogWorker.java:startLogSegment(380)) - 81cebdb6-2756-4de8-83ea-a7eacd20f204-SegmentedRaftLogWorker:Storage Directory /workdir/hadoop-ozone/integration-test/target/test-dir/MiniOzoneClusterImpl-55fc759d-3081-4a00-8886-eafd5a4bcf81/datanode-3/data/ratis/20fb93a8-a031-421a-a26a-864525acfea0: Starting segment from index:0
2019-08-20 15:23:48,523 [81cebdb6-2756-4de8-83ea-a7eacd20f204:group-864525ACFEA0:LeaderElection96] INFO  impl.RaftServerImpl (ServerState.java:setRaftConf(361)) - 81cebdb6-2756-4de8-83ea-a7eacd20f204:group-864525ACFEA0 set configuration 0: [81cebdb6-2756-4de8-83ea-a7eacd20f204:192.168.36.99:46096, 9c6ab30a-d72f-459b-9d58-6af7941cdaaa:192.168.36.99:45772, 5e423d06-488d-45e1-ad82-54d441feecb5:192.168.36.99:40855], old=null at 0
2019-08-20 15:23:48,524 [grpc-default-executor-12] INFO  impl.RaftServerImpl (ServerState.java:setLeader(263)) - 9c6ab30a-d72f-459b-9d58-6af7941cdaaa:group-864525ACFEA0 change Leader from null to 81cebdb6-2756-4de8-83ea-a7eacd20f204 at term 2 for appendEntries, leader elected after 10391ms
2019-08-20 15:23:48,525 [grpc-default-executor-12] INFO  impl.RaftServerImpl (ServerState.java:setLeader(263)) - 5e423d06-488d-45e1-ad82-54d441feecb5:group-864525ACFEA0 change Leader from null to 81cebdb6-2756-4de8-83ea-a7eacd20f204 at term 2 for appendEntries, leader elected after 10392ms
2019-08-20 15:23:48,525 | INFO  | SCMAudit | user=jenkins1000 | ip=192.168.36.99 | op=SEND_HEARTBEAT {datanodeUUID=fffe0fa6-9e97-473a-b4af-0bacc73ac892, command=[]} | ret=SUCCESS |  
2019-08-20 15:23:48,525 | INFO  | SCMAudit | user=jenkins1000 | ip=192.168.36.99 | op=SEND_HEARTBEAT {datanodeUUID=098fd333-fd07-42ed-bf18-0c1d6ead7454, command=[]} | ret=SUCCESS |  
2019-08-20 15:23:48,526 [grpc-default-executor-12] INFO  impl.RaftServerImpl (ServerState.java:setRaftConf(361)) - 9c6ab30a-d72f-459b-9d58-6af7941cdaaa:group-864525ACFEA0 set configuration 0: [81cebdb6-2756-4de8-83ea-a7eacd20f204:192.168.36.99:46096, 9c6ab30a-d72f-459b-9d58-6af7941cdaaa:192.168.36.99:45772, 5e423d06-488d-45e1-ad82-54d441feecb5:192.168.36.99:40855], old=null at 0
2019-08-20 15:23:48,526 [grpc-default-executor-12] INFO  segmented.SegmentedRaftLogWorker (SegmentedRaftLogWorker.java:startLogSegment(380)) - 9c6ab30a-d72f-459b-9d58-6af7941cdaaa-SegmentedRaftLogWorker:Storage Directory /workdir/hadoop-ozone/integration-test/target/test-dir/MiniOzoneClusterImpl-55fc759d-3081-4a00-8886-eafd5a4bcf81/datanode-4/data/ratis/20fb93a8-a031-421a-a26a-864525acfea0: Starting segment from index:0
2019-08-20 15:23:48,527 [grpc-default-executor-12] INFO  impl.RaftServerImpl (ServerState.java:setRaftConf(361)) - 5e423d06-488d-45e1-ad82-54d441feecb5:group-864525ACFEA0 set configuration 0: [81cebdb6-2756-4de8-83ea-a7eacd20f204:192.168.36.99:46096, 9c6ab30a-d72f-459b-9d58-6af7941cdaaa:192.168.36.99:45772, 5e423d06-488d-45e1-ad82-54d441feecb5:192.168.36.99:40855], old=null at 0
2019-08-20 15:23:48,527 [grpc-default-executor-12] INFO  segmented.SegmentedRaftLogWorker (SegmentedRaftLogWorker.java:startLogSegment(380)) - 5e423d06-488d-45e1-ad82-54d441feecb5-SegmentedRaftLogWorker:Storage Directory /workdir/hadoop-ozone/integration-test/target/test-dir/MiniOzoneClusterImpl-55fc759d-3081-4a00-8886-eafd5a4bcf81/datanode-5/data/ratis/20fb93a8-a031-421a-a26a-864525acfea0: Starting segment from index:0
2019-08-20 15:23:48,567 [9c6ab30a-d72f-459b-9d58-6af7941cdaaa-SegmentedRaftLogWorker:Storage Directory /workdir/hadoop-ozone/integration-test/target/test-dir/MiniOzoneClusterImpl-55fc759d-3081-4a00-8886-eafd5a4bcf81/datanode-4/data/ratis/20fb93a8-a031-421a-a26a-864525acfea0] INFO  segmented.SegmentedRaftLogWorker (SegmentedRaftLogWorker.java:execute(569)) - 9c6ab30a-d72f-459b-9d58-6af7941cdaaa-SegmentedRaftLogWorker:Storage Directory /workdir/hadoop-ozone/integration-test/target/test-dir/MiniOzoneClusterImpl-55fc759d-3081-4a00-8886-eafd5a4bcf81/datanode-4/data/ratis/20fb93a8-a031-421a-a26a-864525acfea0: created new log segment /workdir/hadoop-ozone/integration-test/target/test-dir/MiniOzoneClusterImpl-55fc759d-3081-4a00-8886-eafd5a4bcf81/datanode-4/data/ratis/20fb93a8-a031-421a-a26a-864525acfea0/current/log_inprogress_0
2019-08-20 15:23:48,567 [5e423d06-488d-45e1-ad82-54d441feecb5-SegmentedRaftLogWorker:Storage Directory /workdir/hadoop-ozone/integration-test/target/test-dir/MiniOzoneClusterImpl-55fc759d-3081-4a00-8886-eafd5a4bcf81/datanode-5/data/ratis/20fb93a8-a031-421a-a26a-864525acfea0] INFO  segmented.SegmentedRaftLogWorker (SegmentedRaftLogWorker.java:execute(569)) - 5e423d06-488d-45e1-ad82-54d441feecb5-SegmentedRaftLogWorker:Storage Directory /workdir/hadoop-ozone/integration-test/target/test-dir/MiniOzoneClusterImpl-55fc759d-3081-4a00-8886-eafd5a4bcf81/datanode-5/data/ratis/20fb93a8-a031-421a-a26a-864525acfea0: created new log segment /workdir/hadoop-ozone/integration-test/target/test-dir/MiniOzoneClusterImpl-55fc759d-3081-4a00-8886-eafd5a4bcf81/datanode-5/data/ratis/20fb93a8-a031-421a-a26a-864525acfea0/current/log_inprogress_0
2019-08-20 15:23:48,567 [81cebdb6-2756-4de8-83ea-a7eacd20f204-SegmentedRaftLogWorker:Storage Directory /workdir/hadoop-ozone/integration-test/target/test-dir/MiniOzoneClusterImpl-55fc759d-3081-4a00-8886-eafd5a4bcf81/datanode-3/data/ratis/20fb93a8-a031-421a-a26a-864525acfea0] INFO  segmented.SegmentedRaftLogWorker (SegmentedRaftLogWorker.java:execute(569)) - 81cebdb6-2756-4de8-83ea-a7eacd20f204-SegmentedRaftLogWorker:Storage Directory /workdir/hadoop-ozone/integration-test/target/test-dir/MiniOzoneClusterImpl-55fc759d-3081-4a00-8886-eafd5a4bcf81/datanode-3/data/ratis/20fb93a8-a031-421a-a26a-864525acfea0: created new log segment /workdir/hadoop-ozone/integration-test/target/test-dir/MiniOzoneClusterImpl-55fc759d-3081-4a00-8886-eafd5a4bcf81/datanode-3/data/ratis/20fb93a8-a031-421a-a26a-864525acfea0/current/log_inprogress_0
2019-08-20 15:23:48,574 | INFO  | SCMAudit | user=jenkins1000 | ip=192.168.36.99 | op=SEND_HEARTBEAT {datanodeUUID=81cebdb6-2756-4de8-83ea-a7eacd20f204, command=[]} | ret=SUCCESS |  
2019-08-20 15:23:48,582 [EventQueue-StaleNodeForStaleNodeHandler] INFO  node.StaleNodeHandler (StaleNodeHandler.java:onMessage(58)) - Datanode 6b47a181-38f2-4238-bd0f-68e13143ff11{ip: 192.168.36.99, host: pr-hdds-1950-vsl5z-1698008226, networkLocation: /default-rack, certSerialId: null} moved to stale state. Finalizing its pipelines [PipelineID=06585175-cce2-452a-ba02-35312a3c2abb, PipelineID=c99f841a-f15f-45d3-b9b2-9e5e06d0463c]
2019-08-20 15:23:48,582 [EventQueue-StaleNodeForStaleNodeHandler] INFO  pipeline.SCMPipelineManager (SCMPipelineManager.java:finalizeAndDestroyPipeline(309)) - destroying pipeline:Pipeline[ Id: 06585175-cce2-452a-ba02-35312a3c2abb, Nodes: 6b47a181-38f2-4238-bd0f-68e13143ff11{ip: 192.168.36.99, host: pr-hdds-1950-vsl5z-1698008226, networkLocation: /default-rack, certSerialId: null}, Type:RATIS, Factor:ONE, State:OPEN]
2019-08-20 15:23:48,582 [EventQueue-StaleNodeForStaleNodeHandler] INFO  pipeline.PipelineStateManager (PipelineStateManager.java:finalizePipeline(123)) - Pipeline Pipeline[ Id: 06585175-cce2-452a-ba02-35312a3c2abb, Nodes: 6b47a181-38f2-4238-bd0f-68e13143ff11{ip: 192.168.36.99, host: pr-hdds-1950-vsl5z-1698008226, networkLocation: /default-rack, certSerialId: null}, Type:RATIS, Factor:ONE, State:CLOSED] moved to CLOSED state
2019-08-20 15:23:48,582 [EventQueue-StaleNodeForStaleNodeHandler] INFO  pipeline.SCMPipelineManager (SCMPipelineManager.java:finalizeAndDestroyPipeline(309)) - destroying pipeline:Pipeline[ Id: c99f841a-f15f-45d3-b9b2-9e5e06d0463c, Nodes: 6b47a181-38f2-4238-bd0f-68e13143ff11{ip: 192.168.36.99, host: pr-hdds-1950-vsl5z-1698008226, networkLocation: /default-rack, certSerialId: null}098fd333-fd07-42ed-bf18-0c1d6ead7454{ip: 192.168.36.99, host: pr-hdds-1950-vsl5z-1698008226, networkLocation: /default-rack, certSerialId: null}fffe0fa6-9e97-473a-b4af-0bacc73ac892{ip: 192.168.36.99, host: pr-hdds-1950-vsl5z-1698008226, networkLocation: /default-rack, certSerialId: null}, Type:RATIS, Factor:THREE, State:OPEN]
2019-08-20 15:23:48,582 [EventQueue-StaleNodeForStaleNodeHandler] INFO  pipeline.PipelineStateManager (PipelineStateManager.java:finalizePipeline(123)) - Pipeline Pipeline[ Id: c99f841a-f15f-45d3-b9b2-9e5e06d0463c, Nodes: 6b47a181-38f2-4238-bd0f-68e13143ff11{ip: 192.168.36.99, host: pr-hdds-1950-vsl5z-1698008226, networkLocation: /default-rack, certSerialId: null}098fd333-fd07-42ed-bf18-0c1d6ead7454{ip: 192.168.36.99, host: pr-hdds-1950-vsl5z-1698008226, networkLocation: /default-rack, certSerialId: null}fffe0fa6-9e97-473a-b4af-0bacc73ac892{ip: 192.168.36.99, host: pr-hdds-1950-vsl5z-1698008226, networkLocation: /default-rack, certSerialId: null}, Type:RATIS, Factor:THREE, State:CLOSED] moved to CLOSED state
2019-08-20 15:23:48,583 [EventQueue-CloseContainerForCloseContainerEventHandler] INFO  container.CloseContainerEventHandler (CloseContainerEventHandler.java:onMessage(61)) - Close container Event triggered for container : #1
2019-08-20 15:23:48,835 | INFO  | SCMAudit | user=jenkins1000 | ip=192.168.36.99 | op=SEND_HEARTBEAT {datanodeUUID=9c6ab30a-d72f-459b-9d58-6af7941cdaaa, command=[]} | ret=SUCCESS |  
2019-08-20 15:23:48,895 [main] INFO  ozoneimpl.OzoneContainer (OzoneContainer.java:stop(199)) - Attempting to stop container services.
2019-08-20 15:23:48,895 [main] INFO  impl.RaftServerProxy (RaftServerProxy.java:lambda$close$4(314)) - 6b47a181-38f2-4238-bd0f-68e13143ff11: close
2019-08-20 15:23:48,896 [main] INFO  impl.RaftServerImpl (RaftServerImpl.java:lambda$shutdown$3(245)) - 6b47a181-38f2-4238-bd0f-68e13143ff11: shutdown group-35312A3C2ABB
2019-08-20 15:23:48,896 [ForkJoinPool.commonPool-worker-1] INFO  impl.RaftServerImpl (RaftServerImpl.java:lambda$shutdown$3(245)) - 6b47a181-38f2-4238-bd0f-68e13143ff11: shutdown group-9E5E06D0463C
2019-08-20 15:23:48,897 [main] INFO  util.JmxRegister (JmxRegister.java:unregister(73)) - Successfully un-registered JMX Bean with object name Ratis:service=RaftServer,group=group-35312A3C2ABB,id=6b47a181-38f2-4238-bd0f-68e13143ff11
2019-08-20 15:23:48,897 [ForkJoinPool.commonPool-worker-1] INFO  util.JmxRegister (JmxRegister.java:unregister(73)) - Successfully un-registered JMX Bean with object name Ratis:service=RaftServer,group=group-9E5E06D0463C,id=6b47a181-38f2-4238-bd0f-68e13143ff11
2019-08-20 15:23:48,897 [main] INFO  impl.RoleInfo (RoleInfo.java:shutdownLeaderState(104)) - 6b47a181-38f2-4238-bd0f-68e13143ff11: shutdown LeaderState
2019-08-20 15:23:48,897 [ForkJoinPool.commonPool-worker-1] INFO  impl.RoleInfo (RoleInfo.java:shutdownLeaderState(104)) - 6b47a181-38f2-4238-bd0f-68e13143ff11: shutdown LeaderState
2019-08-20 15:23:48,898 [main] INFO  impl.PendingRequests (PendingRequests.java:sendNotLeaderResponses(202)) - 6b47a181-38f2-4238-bd0f-68e13143ff11-PendingRequests: sendNotLeaderResponses
2019-08-20 15:23:48,902 [org.apache.ratis.server.impl.LogAppender$AppenderDaemon$$Lambda$465/637356917@6cdc57cc] WARN  server.GrpcLogAppender (GrpcLogAppender.java:mayWait(143)) - GrpcLogAppender(6b47a181-38f2-4238-bd0f-68e13143ff11->fffe0fa6-9e97-473a-b4af-0bacc73ac892): Wait interrupted by java.lang.InterruptedException
2019-08-20 15:23:48,902 [org.apache.ratis.server.impl.LogAppender$AppenderDaemon$$Lambda$465/637356917@29decc93] WARN  server.GrpcLogAppender (GrpcLogAppender.java:mayWait(143)) - GrpcLogAppender(6b47a181-38f2-4238-bd0f-68e13143ff11->098fd333-fd07-42ed-bf18-0c1d6ead7454): Wait interrupted by java.lang.InterruptedException
2019-08-20 15:23:48,902 [ForkJoinPool.commonPool-worker-1] INFO  impl.PendingRequests (PendingRequests.java:sendNotLeaderResponses(202)) - 6b47a181-38f2-4238-bd0f-68e13143ff11-PendingRequests: sendNotLeaderResponses
2019-08-20 15:23:48,903 [grpc-default-executor-11] INFO  server.GrpcServerProtocolService (GrpcServerProtocolService.java:onCompleted(104)) - 098fd333-fd07-42ed-bf18-0c1d6ead7454: appendEntries completed
2019-08-20 15:23:48,903 [grpc-default-executor-12] INFO  server.GrpcServerProtocolService (GrpcServerProtocolService.java:onCompleted(104)) - fffe0fa6-9e97-473a-b4af-0bacc73ac892: appendEntries completed
2019-08-20 15:23:48,902 [main] INFO  impl.StateMachineUpdater (StateMachineUpdater.java:stopAndJoin(115)) - StateMachineUpdater:6b47a181-38f2-4238-bd0f-68e13143ff11:group-35312A3C2ABB: set stopIndex = 0
2019-08-20 15:23:48,912 [grpc-default-executor-12] INFO  server.GrpcLogAppender (GrpcLogAppender.java:onCompleted(292)) - 6b47a181-38f2-4238-bd0f-68e13143ff11->098fd333-fd07-42ed-bf18-0c1d6ead7454: follower responses appendEntries COMPLETED
2019-08-20 15:23:48,912 [StateMachineUpdater:6b47a181-38f2-4238-bd0f-68e13143ff11:group-9E5E06D0463C] INFO  ratis.ContainerStateMachine (ContainerStateMachine.java:takeSnapshot(271)) - group-9E5E06D0463C: Taking a snapshot at:(t:1, i:14) file /workdir/hadoop-ozone/integration-test/target/test-dir/MiniOzoneClusterImpl-55fc759d-3081-4a00-8886-eafd5a4bcf81/datanode-2/data/ratis/c99f841a-f15f-45d3-b9b2-9e5e06d0463c/sm/snapshot.1_14
2019-08-20 15:23:48,913 [grpc-default-executor-12] INFO  impl.FollowerInfo (FollowerInfo.java:lambda$new$0(50)) - 6b47a181-38f2-4238-bd0f-68e13143ff11->098fd333-fd07-42ed-bf18-0c1d6ead7454: nextIndex: updateUnconditionally 17 -> 16
2019-08-20 15:23:48,912 [ForkJoinPool.commonPool-worker-1] INFO  impl.StateMachineUpdater (StateMachineUpdater.java:stopAndJoin(115)) - StateMachineUpdater:6b47a181-38f2-4238-bd0f-68e13143ff11:group-9E5E06D0463C: set stopIndex = 16
2019-08-20 15:23:48,912 [grpc-default-executor-11] INFO  server.GrpcLogAppender (GrpcLogAppender.java:onCompleted(292)) - 6b47a181-38f2-4238-bd0f-68e13143ff11->fffe0fa6-9e97-473a-b4af-0bacc73ac892: follower responses appendEntries COMPLETED
2019-08-20 15:23:48,912 [main] INFO  impl.RaftServerImpl (ServerState.java:close(394)) - 6b47a181-38f2-4238-bd0f-68e13143ff11:group-35312A3C2ABB closes. The last applied log index is 0
2019-08-20 15:23:48,913 [grpc-default-executor-11] INFO  impl.FollowerInfo (FollowerInfo.java:lambda$new$0(50)) - 6b47a181-38f2-4238-bd0f-68e13143ff11->fffe0fa6-9e97-473a-b4af-0bacc73ac892: nextIndex: updateUnconditionally 17 -> 16
2019-08-20 15:23:48,914 [6b47a181-38f2-4238-bd0f-68e13143ff11-SegmentedRaftLogWorker:Storage Directory /workdir/hadoop-ozone/integration-test/target/test-dir/MiniOzoneClusterImpl-55fc759d-3081-4a00-8886-eafd5a4bcf81/datanode-2/data/ratis/06585175-cce2-452a-ba02-35312a3c2abb] INFO  segmented.SegmentedRaftLogWorker (SegmentedRaftLogWorker.java:run(313)) - 6b47a181-38f2-4238-bd0f-68e13143ff11-SegmentedRaftLogWorker:Storage Directory /workdir/hadoop-ozone/integration-test/target/test-dir/MiniOzoneClusterImpl-55fc759d-3081-4a00-8886-eafd5a4bcf81/datanode-2/data/ratis/06585175-cce2-452a-ba02-35312a3c2abb was interrupted, exiting. There are 0 tasks remaining in the queue.
2019-08-20 15:23:48,916 [main] INFO  segmented.SegmentedRaftLogWorker (SegmentedRaftLogWorker.java:close(228)) - 6b47a181-38f2-4238-bd0f-68e13143ff11-SegmentedRaftLogWorker:Storage Directory /workdir/hadoop-ozone/integration-test/target/test-dir/MiniOzoneClusterImpl-55fc759d-3081-4a00-8886-eafd5a4bcf81/datanode-2/data/ratis/06585175-cce2-452a-ba02-35312a3c2abb close()
2019-08-20 15:23:48,937 [StateMachineUpdater:6b47a181-38f2-4238-bd0f-68e13143ff11:group-9E5E06D0463C] INFO  ratis.ContainerStateMachine (ContainerStateMachine.java:takeSnapshot(282)) - group-9E5E06D0463C: Finished taking a snapshot at:(t:1, i:14) file:/workdir/hadoop-ozone/integration-test/target/test-dir/MiniOzoneClusterImpl-55fc759d-3081-4a00-8886-eafd5a4bcf81/datanode-2/data/ratis/c99f841a-f15f-45d3-b9b2-9e5e06d0463c/sm/snapshot.1_14 time:25
2019-08-20 15:23:48,937 [StateMachineUpdater:6b47a181-38f2-4238-bd0f-68e13143ff11:group-9E5E06D0463C] INFO  impl.StateMachineUpdater (StateMachineUpdater.java:takeSnapshot(242)) - StateMachineUpdater:6b47a181-38f2-4238-bd0f-68e13143ff11:group-9E5E06D0463C: Took a snapshot at index 14
2019-08-20 15:23:48,937 [StateMachineUpdater:6b47a181-38f2-4238-bd0f-68e13143ff11:group-9E5E06D0463C] INFO  impl.StateMachineUpdater (StateMachineUpdater.java:lambda$new$0(80)) - StateMachineUpdater:6b47a181-38f2-4238-bd0f-68e13143ff11:group-9E5E06D0463C: snapshotIndex: updateIncreasingly -1 -> 14
2019-08-20 15:23:48,937 [ForkJoinPool.commonPool-worker-1] INFO  impl.RaftServerImpl (ServerState.java:close(394)) - 6b47a181-38f2-4238-bd0f-68e13143ff11:group-9E5E06D0463C closes. The last applied log index is 16
2019-08-20 15:23:48,938 [6b47a181-38f2-4238-bd0f-68e13143ff11-SegmentedRaftLogWorker:Storage Directory /workdir/hadoop-ozone/integration-test/target/test-dir/MiniOzoneClusterImpl-55fc759d-3081-4a00-8886-eafd5a4bcf81/datanode-2/data/ratis/c99f841a-f15f-45d3-b9b2-9e5e06d0463c] INFO  segmented.SegmentedRaftLogWorker (SegmentedRaftLogWorker.java:run(313)) - 6b47a181-38f2-4238-bd0f-68e13143ff11-SegmentedRaftLogWorker:Storage Directory /workdir/hadoop-ozone/integration-test/target/test-dir/MiniOzoneClusterImpl-55fc759d-3081-4a00-8886-eafd5a4bcf81/datanode-2/data/ratis/c99f841a-f15f-45d3-b9b2-9e5e06d0463c was interrupted, exiting. There are 0 tasks remaining in the queue.
2019-08-20 15:23:48,939 [ForkJoinPool.commonPool-worker-1] INFO  segmented.SegmentedRaftLogWorker (SegmentedRaftLogWorker.java:close(228)) - 6b47a181-38f2-4238-bd0f-68e13143ff11-SegmentedRaftLogWorker:Storage Directory /workdir/hadoop-ozone/integration-test/target/test-dir/MiniOzoneClusterImpl-55fc759d-3081-4a00-8886-eafd5a4bcf81/datanode-2/data/ratis/c99f841a-f15f-45d3-b9b2-9e5e06d0463c close()
2019-08-20 15:23:48,940 [main] INFO  server.GrpcService (GrpcService.java:closeImpl(155)) - 6b47a181-38f2-4238-bd0f-68e13143ff11: shutdown server with port 46383 now
2019-08-20 15:23:48,941 [grpc-default-executor-9] WARN  client.GrpcClientProtocolService (LogUtils.java:warn(134)) - 2-UnorderedRequestStreamObserver2: onError: org.apache.ratis.thirdparty.io.grpc.StatusRuntimeException: CANCELLED: cancelled before receiving half close
2019-08-20 15:23:48,941 [main] INFO  server.GrpcService (GrpcService.java:closeImpl(163)) - 6b47a181-38f2-4238-bd0f-68e13143ff11: shutdown server with port 46383 successfully
2019-08-20 15:23:48,942 [main] INFO  utils.BackgroundService (BackgroundService.java:shutdown(148)) - Shutting down service BlockDeletingService
2019-08-20 15:23:48,947 [refreshUsed-/workdir/hadoop-ozone/integration-test/target/test-dir/MiniOzoneClusterImpl-55fc759d-3081-4a00-8886-eafd5a4bcf81/datanode-2/data/containers] WARN  fs.CachingGetSpaceUsed (CachingGetSpaceUsed.java:run(183)) - Thread Interrupted waiting to refresh disk information: sleep interrupted
2019-08-20 15:23:48,966 [main] INFO  statemachine.DatanodeStateMachine (DatanodeStateMachine.java:stopDaemon(395)) - Ozone container server stopped.
2019-08-20 15:23:48,968 [main] INFO  handler.ContextHandler (ContextHandler.java:doStop(910)) - Stopped o.e.j.w.WebAppContext@655295bd{/,null,UNAVAILABLE}{/hddsDatanode}
2019-08-20 15:23:48,969 [main] INFO  server.AbstractConnector (AbstractConnector.java:doStop(318)) - Stopped ServerConnector@62cbe18c{HTTP/1.1,[http/1.1]}{0.0.0.0:0}
2019-08-20 15:23:48,969 [main] INFO  handler.ContextHandler (ContextHandler.java:doStop(910)) - Stopped o.e.j.s.ServletContextHandler@d9ff1cd{/static,jar:file:/home/user/.m2/repository/org/apache/hadoop/hadoop-hdds-container-service/0.5.0-SNAPSHOT/hadoop-hdds-container-service-0.5.0-SNAPSHOT.jar!/webapps/static,UNAVAILABLE}
2019-08-20 15:23:48,970 [main] INFO  handler.ContextHandler (ContextHandler.java:doStop(910)) - Stopped o.e.j.s.ServletContextHandler@3bb186b{/logs,file:///workdir/hadoop-ozone/integration-test/target/log,UNAVAILABLE}
2019-08-20 15:23:48,975 | INFO  | SCMAudit | user=jenkins1000 | ip=192.168.36.99 | op=SEND_HEARTBEAT {datanodeUUID=5e423d06-488d-45e1-ad82-54d441feecb5, command=[]} | ret=SUCCESS |  
2019-08-20 15:23:49,160 | INFO  | SCMAudit | user=jenkins1000 | ip=192.168.36.99 | op=SEND_HEARTBEAT {datanodeUUID=39479044-a7f0-46f5-a832-d507a2c1b28c, command=[]} | ret=SUCCESS |  
2019-08-20 15:23:49,526 | INFO  | SCMAudit | user=jenkins1000 | ip=192.168.36.99 | op=SEND_HEARTBEAT {datanodeUUID=098fd333-fd07-42ed-bf18-0c1d6ead7454, command=[commandType: closeContainerCommand closeContainerCommandProto { containerID: 1 pipelineID { id: "c99f841a-f15f-45d3-b9b2-9e5e06d0463c" } cmdId: 1 force: false } ]} | ret=SUCCESS |  
2019-08-20 15:23:49,526 | INFO  | SCMAudit | user=jenkins1000 | ip=192.168.36.99 | op=SEND_HEARTBEAT {datanodeUUID=fffe0fa6-9e97-473a-b4af-0bacc73ac892, command=[commandType: closeContainerCommand closeContainerCommandProto { containerID: 1 pipelineID { id: "c99f841a-f15f-45d3-b9b2-9e5e06d0463c" } cmdId: 1 force: false } ]} | ret=SUCCESS |  
2019-08-20 15:23:49,574 | INFO  | SCMAudit | user=jenkins1000 | ip=192.168.36.99 | op=SEND_HEARTBEAT {datanodeUUID=81cebdb6-2756-4de8-83ea-a7eacd20f204, command=[]} | ret=SUCCESS |  
2019-08-20 15:23:49,834 | INFO  | SCMAudit | user=jenkins1000 | ip=192.168.36.99 | op=SEND_HEARTBEAT {datanodeUUID=9c6ab30a-d72f-459b-9d58-6af7941cdaaa, command=[]} | ret=SUCCESS |  
2019-08-20 15:23:49,975 | INFO  | SCMAudit | user=jenkins1000 | ip=192.168.36.99 | op=SEND_HEARTBEAT {datanodeUUID=5e423d06-488d-45e1-ad82-54d441feecb5, command=[]} | ret=SUCCESS |  
2019-08-20 15:23:50,161 | INFO  | SCMAudit | user=jenkins1000 | ip=192.168.36.99 | op=SEND_HEARTBEAT {datanodeUUID=39479044-a7f0-46f5-a832-d507a2c1b28c, command=[]} | ret=SUCCESS |  
2019-08-20 15:23:50,526 | INFO  | SCMAudit | user=jenkins1000 | ip=192.168.36.99 | op=SEND_HEARTBEAT {datanodeUUID=fffe0fa6-9e97-473a-b4af-0bacc73ac892, command=[]} | ret=SUCCESS |  
2019-08-20 15:23:50,526 | INFO  | SCMAudit | user=jenkins1000 | ip=192.168.36.99 | op=SEND_HEARTBEAT {datanodeUUID=098fd333-fd07-42ed-bf18-0c1d6ead7454, command=[]} | ret=SUCCESS |  
2019-08-20 15:23:50,574 | INFO  | SCMAudit | user=jenkins1000 | ip=192.168.36.99 | op=SEND_HEARTBEAT {datanodeUUID=81cebdb6-2756-4de8-83ea-a7eacd20f204, command=[]} | ret=SUCCESS |  
2019-08-20 15:23:50,835 | INFO  | SCMAudit | user=jenkins1000 | ip=192.168.36.99 | op=SEND_HEARTBEAT {datanodeUUID=9c6ab30a-d72f-459b-9d58-6af7941cdaaa, command=[]} | ret=SUCCESS |  
2019-08-20 15:23:50,975 | INFO  | SCMAudit | user=jenkins1000 | ip=192.168.36.99 | op=SEND_HEARTBEAT {datanodeUUID=5e423d06-488d-45e1-ad82-54d441feecb5, command=[]} | ret=SUCCESS |  
2019-08-20 15:23:50,982 [grpc-default-executor-12] INFO  client.GrpcClientProtocolClient (GrpcClientProtocolClient.java:onNext(255)) - client-8CB4128913AD->fffe0fa6-9e97-473a-b4af-0bacc73ac892: receive RaftClientReply:client-8CB4128913AD->fffe0fa6-9e97-473a-b4af-0bacc73ac892@group-9E5E06D0463C, cid=191, FAILED org.apache.ratis.protocol.NotLeaderException: Server fffe0fa6-9e97-473a-b4af-0bacc73ac892 is not the leader (6b47a181-38f2-4238-bd0f-68e13143ff11:192.168.36.99:46383). Request must be sent to leader., logIndex=0, commits[fffe0fa6-9e97-473a-b4af-0bacc73ac892:c16, 6b47a181-38f2-4238-bd0f-68e13143ff11:c16, 098fd333-fd07-42ed-bf18-0c1d6ead7454:c16]
2019-08-20 15:23:51,161 | INFO  | SCMAudit | user=jenkins1000 | ip=192.168.36.99 | op=SEND_HEARTBEAT {datanodeUUID=39479044-a7f0-46f5-a832-d507a2c1b28c, command=[]} | ret=SUCCESS |  
2019-08-20 15:23:51,526 | INFO  | SCMAudit | user=jenkins1000 | ip=192.168.36.99 | op=SEND_HEARTBEAT {datanodeUUID=098fd333-fd07-42ed-bf18-0c1d6ead7454, command=[]} | ret=SUCCESS |  
2019-08-20 15:23:51,526 | INFO  | SCMAudit | user=jenkins1000 | ip=192.168.36.99 | op=SEND_HEARTBEAT {datanodeUUID=fffe0fa6-9e97-473a-b4af-0bacc73ac892, command=[]} | ret=SUCCESS |  
2019-08-20 15:23:51,552 | INFO  | SCMAudit | user=jenkins1000 | ip=192.168.36.99 | op=SEND_HEARTBEAT {datanodeUUID=fffe0fa6-9e97-473a-b4af-0bacc73ac892, command=[]} | ret=SUCCESS |  
2019-08-20 15:23:51,552 | INFO  | SCMAudit | user=jenkins1000 | ip=192.168.36.99 | op=SEND_HEARTBEAT {datanodeUUID=098fd333-fd07-42ed-bf18-0c1d6ead7454, command=[]} | ret=SUCCESS |  
2019-08-20 15:23:51,574 | INFO  | SCMAudit | user=jenkins1000 | ip=192.168.36.99 | op=SEND_HEARTBEAT {datanodeUUID=81cebdb6-2756-4de8-83ea-a7eacd20f204, command=[]} | ret=SUCCESS |  
2019-08-20 15:23:51,834 | INFO  | SCMAudit | user=jenkins1000 | ip=192.168.36.99 | op=SEND_HEARTBEAT {datanodeUUID=9c6ab30a-d72f-459b-9d58-6af7941cdaaa, command=[]} | ret=SUCCESS |  
2019-08-20 15:23:51,975 | INFO  | SCMAudit | user=jenkins1000 | ip=192.168.36.99 | op=SEND_HEARTBEAT {datanodeUUID=5e423d06-488d-45e1-ad82-54d441feecb5, command=[]} | ret=SUCCESS |  
2019-08-20 15:23:51,995 [grpc-default-executor-12] INFO  client.GrpcClientProtocolClient (GrpcClientProtocolClient.java:onNext(255)) - client-8CB4128913AD->098fd333-fd07-42ed-bf18-0c1d6ead7454: receive RaftClientReply:client-8CB4128913AD->098fd333-fd07-42ed-bf18-0c1d6ead7454@group-9E5E06D0463C, cid=191, FAILED org.apache.ratis.protocol.NotLeaderException: Server 098fd333-fd07-42ed-bf18-0c1d6ead7454 is not the leader (6b47a181-38f2-4238-bd0f-68e13143ff11:192.168.36.99:46383). Request must be sent to leader., logIndex=0, commits[098fd333-fd07-42ed-bf18-0c1d6ead7454:c16, 6b47a181-38f2-4238-bd0f-68e13143ff11:c16, fffe0fa6-9e97-473a-b4af-0bacc73ac892:c16]
2019-08-20 15:23:52,161 | INFO  | SCMAudit | user=jenkins1000 | ip=192.168.36.99 | op=SEND_HEARTBEAT {datanodeUUID=39479044-a7f0-46f5-a832-d507a2c1b28c, command=[]} | ret=SUCCESS |  
2019-08-20 15:23:52,552 | INFO  | SCMAudit | user=jenkins1000 | ip=192.168.36.99 | op=SEND_HEARTBEAT {datanodeUUID=098fd333-fd07-42ed-bf18-0c1d6ead7454, command=[]} | ret=SUCCESS |  
2019-08-20 15:23:52,553 | INFO  | SCMAudit | user=jenkins1000 | ip=192.168.36.99 | op=SEND_HEARTBEAT {datanodeUUID=fffe0fa6-9e97-473a-b4af-0bacc73ac892, command=[]} | ret=SUCCESS |  
2019-08-20 15:23:52,574 | INFO  | SCMAudit | user=jenkins1000 | ip=192.168.36.99 | op=SEND_HEARTBEAT {datanodeUUID=81cebdb6-2756-4de8-83ea-a7eacd20f204, command=[]} | ret=SUCCESS |  
2019-08-20 15:23:52,835 | INFO  | SCMAudit | user=jenkins1000 | ip=192.168.36.99 | op=SEND_HEARTBEAT {datanodeUUID=9c6ab30a-d72f-459b-9d58-6af7941cdaaa, command=[]} | ret=SUCCESS |  
2019-08-20 15:23:52,976 | INFO  | SCMAudit | user=jenkins1000 | ip=192.168.36.99 | op=SEND_HEARTBEAT {datanodeUUID=5e423d06-488d-45e1-ad82-54d441feecb5, command=[]} | ret=SUCCESS |  
2019-08-20 15:23:53,009 [grpc-default-executor-9] INFO  client.GrpcClientProtocolClient (GrpcClientProtocolClient.java:onNext(255)) - client-8CB4128913AD->fffe0fa6-9e97-473a-b4af-0bacc73ac892: receive RaftClientReply:client-8CB4128913AD->fffe0fa6-9e97-473a-b4af-0bacc73ac892@group-9E5E06D0463C, cid=191, FAILED org.apache.ratis.protocol.NotLeaderException: Server fffe0fa6-9e97-473a-b4af-0bacc73ac892 is not the leader (6b47a181-38f2-4238-bd0f-68e13143ff11:192.168.36.99:46383). Request must be sent to leader., logIndex=0, commits[fffe0fa6-9e97-473a-b4af-0bacc73ac892:c16, 6b47a181-38f2-4238-bd0f-68e13143ff11:c16, 098fd333-fd07-42ed-bf18-0c1d6ead7454:c16]
2019-08-20 15:23:53,161 | INFO  | SCMAudit | user=jenkins1000 | ip=192.168.36.99 | op=SEND_HEARTBEAT {datanodeUUID=39479044-a7f0-46f5-a832-d507a2c1b28c, command=[]} | ret=SUCCESS |  
2019-08-20 15:23:53,553 | INFO  | SCMAudit | user=jenkins1000 | ip=192.168.36.99 | op=SEND_HEARTBEAT {datanodeUUID=fffe0fa6-9e97-473a-b4af-0bacc73ac892, command=[]} | ret=SUCCESS |  
2019-08-20 15:23:53,553 | INFO  | SCMAudit | user=jenkins1000 | ip=192.168.36.99 | op=SEND_HEARTBEAT {datanodeUUID=098fd333-fd07-42ed-bf18-0c1d6ead7454, command=[]} | ret=SUCCESS |  
2019-08-20 15:23:53,575 | INFO  | SCMAudit | user=jenkins1000 | ip=192.168.36.99 | op=SEND_HEARTBEAT {datanodeUUID=81cebdb6-2756-4de8-83ea-a7eacd20f204, command=[]} | ret=SUCCESS |  
2019-08-20 15:23:53,835 | INFO  | SCMAudit | user=jenkins1000 | ip=192.168.36.99 | op=SEND_HEARTBEAT {datanodeUUID=9c6ab30a-d72f-459b-9d58-6af7941cdaaa, command=[]} | ret=SUCCESS |  
2019-08-20 15:23:53,976 | INFO  | SCMAudit | user=jenkins1000 | ip=192.168.36.99 | op=SEND_HEARTBEAT {datanodeUUID=5e423d06-488d-45e1-ad82-54d441feecb5, command=[]} | ret=SUCCESS |  
2019-08-20 15:23:54,021 [grpc-default-executor-9] INFO  client.GrpcClientProtocolClient (GrpcClientProtocolClient.java:onNext(255)) - client-8CB4128913AD->098fd333-fd07-42ed-bf18-0c1d6ead7454: receive RaftClientReply:client-8CB4128913AD->098fd333-fd07-42ed-bf18-0c1d6ead7454@group-9E5E06D0463C, cid=191, FAILED org.apache.ratis.protocol.NotLeaderException: Server 098fd333-fd07-42ed-bf18-0c1d6ead7454 is not the leader (6b47a181-38f2-4238-bd0f-68e13143ff11:192.168.36.99:46383). Request must be sent to leader., logIndex=0, commits[098fd333-fd07-42ed-bf18-0c1d6ead7454:c16, 6b47a181-38f2-4238-bd0f-68e13143ff11:c16, fffe0fa6-9e97-473a-b4af-0bacc73ac892:c16]
2019-08-20 15:23:54,162 | INFO  | SCMAudit | user=jenkins1000 | ip=192.168.36.99 | op=SEND_HEARTBEAT {datanodeUUID=39479044-a7f0-46f5-a832-d507a2c1b28c, command=[]} | ret=SUCCESS |  
2019-08-20 15:23:54,553 | INFO  | SCMAudit | user=jenkins1000 | ip=192.168.36.99 | op=SEND_HEARTBEAT {datanodeUUID=098fd333-fd07-42ed-bf18-0c1d6ead7454, command=[]} | ret=SUCCESS |  
2019-08-20 15:23:54,553 | INFO  | SCMAudit | user=jenkins1000 | ip=192.168.36.99 | op=SEND_HEARTBEAT {datanodeUUID=fffe0fa6-9e97-473a-b4af-0bacc73ac892, command=[]} | ret=SUCCESS |  
2019-08-20 15:23:54,575 | INFO  | SCMAudit | user=jenkins1000 | ip=192.168.36.99 | op=SEND_HEARTBEAT {datanodeUUID=81cebdb6-2756-4de8-83ea-a7eacd20f204, command=[]} | ret=SUCCESS |  
2019-08-20 15:23:54,834 | INFO  | SCMAudit | user=jenkins1000 | ip=192.168.36.99 | op=SEND_HEARTBEAT {datanodeUUID=9c6ab30a-d72f-459b-9d58-6af7941cdaaa, command=[]} | ret=SUCCESS |  
2019-08-20 15:23:54,975 | INFO  | SCMAudit | user=jenkins1000 | ip=192.168.36.99 | op=SEND_HEARTBEAT {datanodeUUID=5e423d06-488d-45e1-ad82-54d441feecb5, command=[]} | ret=SUCCESS |  
2019-08-20 15:23:55,032 [grpc-default-executor-11] INFO  client.GrpcClientProtocolClient (GrpcClientProtocolClient.java:onNext(255)) - client-8CB4128913AD->098fd333-fd07-42ed-bf18-0c1d6ead7454: receive RaftClientReply:client-8CB4128913AD->098fd333-fd07-42ed-bf18-0c1d6ead7454@group-9E5E06D0463C, cid=191, FAILED org.apache.ratis.protocol.NotLeaderException: Server 098fd333-fd07-42ed-bf18-0c1d6ead7454 is not the leader (6b47a181-38f2-4238-bd0f-68e13143ff11:192.168.36.99:46383). Request must be sent to leader., logIndex=0, commits[098fd333-fd07-42ed-bf18-0c1d6ead7454:c16, 6b47a181-38f2-4238-bd0f-68e13143ff11:c16, fffe0fa6-9e97-473a-b4af-0bacc73ac892:c16]
2019-08-20 15:23:55,162 | INFO  | SCMAudit | user=jenkins1000 | ip=192.168.36.99 | op=SEND_HEARTBEAT {datanodeUUID=39479044-a7f0-46f5-a832-d507a2c1b28c, command=[]} | ret=SUCCESS |  
2019-08-20 15:23:55,553 | INFO  | SCMAudit | user=jenkins1000 | ip=192.168.36.99 | op=SEND_HEARTBEAT {datanodeUUID=098fd333-fd07-42ed-bf18-0c1d6ead7454, command=[]} | ret=SUCCESS |  
2019-08-20 15:23:55,554 | INFO  | SCMAudit | user=jenkins1000 | ip=192.168.36.99 | op=SEND_HEARTBEAT {datanodeUUID=fffe0fa6-9e97-473a-b4af-0bacc73ac892, command=[]} | ret=SUCCESS |  
2019-08-20 15:23:55,575 | INFO  | SCMAudit | user=jenkins1000 | ip=192.168.36.99 | op=SEND_HEARTBEAT {datanodeUUID=81cebdb6-2756-4de8-83ea-a7eacd20f204, command=[]} | ret=SUCCESS |  
2019-08-20 15:23:55,834 | INFO  | SCMAudit | user=jenkins1000 | ip=192.168.36.99 | op=SEND_HEARTBEAT {datanodeUUID=9c6ab30a-d72f-459b-9d58-6af7941cdaaa, command=[]} | ret=SUCCESS |  
2019-08-20 15:23:55,975 | INFO  | SCMAudit | user=jenkins1000 | ip=192.168.36.99 | op=SEND_HEARTBEAT {datanodeUUID=5e423d06-488d-45e1-ad82-54d441feecb5, command=[]} | ret=SUCCESS |  
2019-08-20 15:23:56,042 [grpc-default-executor-12] INFO  client.GrpcClientProtocolClient (GrpcClientProtocolClient.java:onNext(255)) - client-8CB4128913AD->fffe0fa6-9e97-473a-b4af-0bacc73ac892: receive RaftClientReply:client-8CB4128913AD->fffe0fa6-9e97-473a-b4af-0bacc73ac892@group-9E5E06D0463C, cid=191, FAILED org.apache.ratis.protocol.NotLeaderException: Server fffe0fa6-9e97-473a-b4af-0bacc73ac892 is not the leader (6b47a181-38f2-4238-bd0f-68e13143ff11:192.168.36.99:46383). Request must be sent to leader., logIndex=0, commits[fffe0fa6-9e97-473a-b4af-0bacc73ac892:c16, 6b47a181-38f2-4238-bd0f-68e13143ff11:c16, 098fd333-fd07-42ed-bf18-0c1d6ead7454:c16]
2019-08-20 15:23:56,161 | INFO  | SCMAudit | user=jenkins1000 | ip=192.168.36.99 | op=SEND_HEARTBEAT {datanodeUUID=39479044-a7f0-46f5-a832-d507a2c1b28c, command=[]} | ret=SUCCESS |  
2019-08-20 15:23:56,554 | INFO  | SCMAudit | user=jenkins1000 | ip=192.168.36.99 | op=SEND_HEARTBEAT {datanodeUUID=098fd333-fd07-42ed-bf18-0c1d6ead7454, command=[]} | ret=SUCCESS |  
2019-08-20 15:23:56,554 | INFO  | SCMAudit | user=jenkins1000 | ip=192.168.36.99 | op=SEND_HEARTBEAT {datanodeUUID=fffe0fa6-9e97-473a-b4af-0bacc73ac892, command=[]} | ret=SUCCESS |  
2019-08-20 15:23:56,575 | INFO  | SCMAudit | user=jenkins1000 | ip=192.168.36.99 | op=SEND_HEARTBEAT {datanodeUUID=81cebdb6-2756-4de8-83ea-a7eacd20f204, command=[]} | ret=SUCCESS |  
2019-08-20 15:23:56,835 | INFO  | SCMAudit | user=jenkins1000 | ip=192.168.36.99 | op=SEND_HEARTBEAT {datanodeUUID=9c6ab30a-d72f-459b-9d58-6af7941cdaaa, command=[]} | ret=SUCCESS |  
2019-08-20 15:23:56,976 | INFO  | SCMAudit | user=jenkins1000 | ip=192.168.36.99 | op=SEND_HEARTBEAT {datanodeUUID=5e423d06-488d-45e1-ad82-54d441feecb5, command=[]} | ret=SUCCESS |  
2019-08-20 15:23:57,058 [grpc-default-executor-11] INFO  client.GrpcClientProtocolClient (GrpcClientProtocolClient.java:onNext(255)) - client-8CB4128913AD->fffe0fa6-9e97-473a-b4af-0bacc73ac892: receive RaftClientReply:client-8CB4128913AD->fffe0fa6-9e97-473a-b4af-0bacc73ac892@group-9E5E06D0463C, cid=191, FAILED org.apache.ratis.protocol.NotLeaderException: Server fffe0fa6-9e97-473a-b4af-0bacc73ac892 is not the leader (6b47a181-38f2-4238-bd0f-68e13143ff11:192.168.36.99:46383). Request must be sent to leader., logIndex=0, commits[fffe0fa6-9e97-473a-b4af-0bacc73ac892:c16, 6b47a181-38f2-4238-bd0f-68e13143ff11:c16, 098fd333-fd07-42ed-bf18-0c1d6ead7454:c16]
2019-08-20 15:23:57,162 | INFO  | SCMAudit | user=jenkins1000 | ip=192.168.36.99 | op=SEND_HEARTBEAT {datanodeUUID=39479044-a7f0-46f5-a832-d507a2c1b28c, command=[]} | ret=SUCCESS |  
2019-08-20 15:23:57,554 | INFO  | SCMAudit | user=jenkins1000 | ip=192.168.36.99 | op=SEND_HEARTBEAT {datanodeUUID=098fd333-fd07-42ed-bf18-0c1d6ead7454, command=[]} | ret=SUCCESS |  
2019-08-20 15:23:57,555 | INFO  | SCMAudit | user=jenkins1000 | ip=192.168.36.99 | op=SEND_HEARTBEAT {datanodeUUID=fffe0fa6-9e97-473a-b4af-0bacc73ac892, command=[]} | ret=SUCCESS |  
2019-08-20 15:23:57,575 | INFO  | SCMAudit | user=jenkins1000 | ip=192.168.36.99 | op=SEND_HEARTBEAT {datanodeUUID=81cebdb6-2756-4de8-83ea-a7eacd20f204, command=[]} | ret=SUCCESS |  
2019-08-20 15:23:57,834 | INFO  | SCMAudit | user=jenkins1000 | ip=192.168.36.99 | op=SEND_HEARTBEAT {datanodeUUID=9c6ab30a-d72f-459b-9d58-6af7941cdaaa, command=[]} | ret=SUCCESS |  
2019-08-20 15:23:57,876 [Thread-3667] INFO  impl.FollowerState (FollowerState.java:run(106)) - 098fd333-fd07-42ed-bf18-0c1d6ead7454:group-9E5E06D0463C changes to CANDIDATE, lastRpcTime:8984, electionTimeout:5027ms
2019-08-20 15:23:57,876 [Thread-3667] INFO  impl.RoleInfo (RoleInfo.java:shutdownFollowerState(121)) - 098fd333-fd07-42ed-bf18-0c1d6ead7454: shutdown FollowerState
2019-08-20 15:23:57,877 [Thread-3667] INFO  impl.RaftServerImpl (RaftServerImpl.java:setRole(171)) - 098fd333-fd07-42ed-bf18-0c1d6ead7454:group-9E5E06D0463C changes role from FOLLOWER to CANDIDATE at term 1 for changeToCandidate
2019-08-20 15:23:57,877 [Thread-3667] INFO  impl.RoleInfo (RoleInfo.java:updateAndGet(143)) - 098fd333-fd07-42ed-bf18-0c1d6ead7454: start LeaderElection
2019-08-20 15:23:57,881 [098fd333-fd07-42ed-bf18-0c1d6ead7454:group-9E5E06D0463C:LeaderElection97] INFO  impl.RaftServerImpl (ServerState.java:setLeader(263)) - 098fd333-fd07-42ed-bf18-0c1d6ead7454:group-9E5E06D0463C change Leader from 6b47a181-38f2-4238-bd0f-68e13143ff11 to null at term 1 for initElection
2019-08-20 15:23:57,892 [098fd333-fd07-42ed-bf18-0c1d6ead7454:group-9E5E06D0463C:LeaderElection97] INFO  impl.LeaderElection (LeaderElection.java:askForVotes(181)) - 098fd333-fd07-42ed-bf18-0c1d6ead7454:group-9E5E06D0463C:LeaderElection97: begin an election at term 2 for 0: [6b47a181-38f2-4238-bd0f-68e13143ff11:192.168.36.99:46383, 098fd333-fd07-42ed-bf18-0c1d6ead7454:192.168.36.99:36625, fffe0fa6-9e97-473a-b4af-0bacc73ac892:192.168.36.99:35660], old=null
2019-08-20 15:23:57,895 [098fd333-fd07-42ed-bf18-0c1d6ead7454:group-9E5E06D0463C:LeaderElection97] INFO  impl.LeaderElection (LogUtils.java:infoOrTrace(149)) - 098fd333-fd07-42ed-bf18-0c1d6ead7454:group-9E5E06D0463C:LeaderElection97 got exception when requesting votes: {}
java.util.concurrent.ExecutionException: org.apache.ratis.thirdparty.io.grpc.StatusRuntimeException: UNAVAILABLE: io exception
	at java.util.concurrent.FutureTask.report(FutureTask.java:122)
	at java.util.concurrent.FutureTask.get(FutureTask.java:192)
	at org.apache.ratis.server.impl.LeaderElection.waitForResults(LeaderElection.java:262)
	at org.apache.ratis.server.impl.LeaderElection.askForVotes(LeaderElection.java:200)
	at org.apache.ratis.server.impl.LeaderElection.run(LeaderElection.java:130)
	at java.lang.Thread.run(Thread.java:748)
Caused by: org.apache.ratis.thirdparty.io.grpc.StatusRuntimeException: UNAVAILABLE: io exception
	at org.apache.ratis.thirdparty.io.grpc.stub.ClientCalls.toStatusRuntimeException(ClientCalls.java:233)
	at org.apache.ratis.thirdparty.io.grpc.stub.ClientCalls.getUnchecked(ClientCalls.java:214)
	at org.apache.ratis.thirdparty.io.grpc.stub.ClientCalls.blockingUnaryCall(ClientCalls.java:139)
	at org.apache.ratis.proto.grpc.RaftServerProtocolServiceGrpc$RaftServerProtocolServiceBlockingStub.requestVote(RaftServerProtocolServiceGrpc.java:265)
	at org.apache.ratis.grpc.server.GrpcServerProtocolClient.requestVote(GrpcServerProtocolClient.java:83)
	at org.apache.ratis.grpc.server.GrpcService.requestVote(GrpcService.java:195)
	at org.apache.ratis.server.impl.LeaderElection.lambda$submitRequests$1(LeaderElection.java:237)
	at java.util.concurrent.FutureTask.run(FutureTask.java:266)
	at java.util.concurrent.Executors$RunnableAdapter.call(Executors.java:511)
	at java.util.concurrent.FutureTask.run(FutureTask.java:266)
	at java.util.concurrent.ThreadPoolExecutor.runWorker(ThreadPoolExecutor.java:1149)
	at java.util.concurrent.ThreadPoolExecutor$Worker.run(ThreadPoolExecutor.java:624)
	... 1 more
Caused by: org.apache.ratis.thirdparty.io.netty.channel.AbstractChannel$AnnotatedConnectException: Connection refused: /192.168.36.99:46383
	at sun.nio.ch.SocketChannelImpl.checkConnect(Native Method)
	at sun.nio.ch.SocketChannelImpl.finishConnect(SocketChannelImpl.java:717)
	at org.apache.ratis.thirdparty.io.netty.channel.socket.nio.NioSocketChannel.doFinishConnect(NioSocketChannel.java:327)
	at org.apache.ratis.thirdparty.io.netty.channel.nio.AbstractNioChannel$AbstractNioUnsafe.finishConnect(AbstractNioChannel.java:340)
	at org.apache.ratis.thirdparty.io.netty.channel.nio.NioEventLoop.processSelectedKey(NioEventLoop.java:632)
	at org.apache.ratis.thirdparty.io.netty.channel.nio.NioEventLoop.processSelectedKeysOptimized(NioEventLoop.java:579)
	at org.apache.ratis.thirdparty.io.netty.channel.nio.NioEventLoop.processSelectedKeys(NioEventLoop.java:496)
	at org.apache.ratis.thirdparty.io.netty.channel.nio.NioEventLoop.run(NioEventLoop.java:458)
	at org.apache.ratis.thirdparty.io.netty.util.concurrent.SingleThreadEventExecutor$5.run(SingleThreadEventExecutor.java:897)
	at org.apache.ratis.thirdparty.io.netty.util.concurrent.FastThreadLocalRunnable.run(FastThreadLocalRunnable.java:30)
	... 1 more
Caused by: java.net.ConnectException: Connection refused
	... 11 more
2019-08-20 15:23:57,899 [grpc-default-executor-11] INFO  impl.RaftServerImpl (ServerState.java:setLeader(263)) - fffe0fa6-9e97-473a-b4af-0bacc73ac892:group-9E5E06D0463C change Leader from 6b47a181-38f2-4238-bd0f-68e13143ff11 to null at term 2 for updateCurrentTerm
2019-08-20 15:23:57,899 [grpc-default-executor-11] INFO  impl.RaftServerImpl (RaftServerImpl.java:setRole(171)) - fffe0fa6-9e97-473a-b4af-0bacc73ac892:group-9E5E06D0463C changes role from FOLLOWER to FOLLOWER at term 2 for recognizeCandidate:098fd333-fd07-42ed-bf18-0c1d6ead7454
2019-08-20 15:23:57,900 [grpc-default-executor-11] INFO  impl.RoleInfo (RoleInfo.java:shutdownFollowerState(121)) - fffe0fa6-9e97-473a-b4af-0bacc73ac892: shutdown FollowerState
2019-08-20 15:23:57,900 [grpc-default-executor-11] INFO  impl.RoleInfo (RoleInfo.java:updateAndGet(143)) - fffe0fa6-9e97-473a-b4af-0bacc73ac892: start FollowerState
2019-08-20 15:23:57,900 [Thread-3675] INFO  impl.FollowerState (FollowerState.java:run(114)) - fffe0fa6-9e97-473a-b4af-0bacc73ac892: FollowerState was interrupted: java.lang.InterruptedException: sleep interrupted
2019-08-20 15:23:57,940 [098fd333-fd07-42ed-bf18-0c1d6ead7454:group-9E5E06D0463C:LeaderElection97] INFO  impl.LeaderElection (LeaderElection.java:logAndReturn(56)) - 098fd333-fd07-42ed-bf18-0c1d6ead7454:group-9E5E06D0463C:LeaderElection97: Election PASSED; received 1 response(s) [098fd333-fd07-42ed-bf18-0c1d6ead7454<-fffe0fa6-9e97-473a-b4af-0bacc73ac892#0:OK-t2] and 1 exception(s); 098fd333-fd07-42ed-bf18-0c1d6ead7454:t2, leader=null, voted=098fd333-fd07-42ed-bf18-0c1d6ead7454, raftlog=098fd333-fd07-42ed-bf18-0c1d6ead7454-SegmentedRaftLog:OPENED:c16,f16,i16, conf=0: [6b47a181-38f2-4238-bd0f-68e13143ff11:192.168.36.99:46383, 098fd333-fd07-42ed-bf18-0c1d6ead7454:192.168.36.99:36625, fffe0fa6-9e97-473a-b4af-0bacc73ac892:192.168.36.99:35660], old=null
2019-08-20 15:23:57,940 [098fd333-fd07-42ed-bf18-0c1d6ead7454:group-9E5E06D0463C:LeaderElection97] INFO  impl.LeaderElection (LogUtils.java:infoOrTrace(149)) -   Exception 0: {}
java.util.concurrent.ExecutionException: org.apache.ratis.thirdparty.io.grpc.StatusRuntimeException: UNAVAILABLE: io exception
	at java.util.concurrent.FutureTask.report(FutureTask.java:122)
	at java.util.concurrent.FutureTask.get(FutureTask.java:192)
	at org.apache.ratis.server.impl.LeaderElection.waitForResults(LeaderElection.java:262)
	at org.apache.ratis.server.impl.LeaderElection.askForVotes(LeaderElection.java:200)
	at org.apache.ratis.server.impl.LeaderElection.run(LeaderElection.java:130)
	at java.lang.Thread.run(Thread.java:748)
Caused by: org.apache.ratis.thirdparty.io.grpc.StatusRuntimeException: UNAVAILABLE: io exception
	at org.apache.ratis.thirdparty.io.grpc.stub.ClientCalls.toStatusRuntimeException(ClientCalls.java:233)
	at org.apache.ratis.thirdparty.io.grpc.stub.ClientCalls.getUnchecked(ClientCalls.java:214)
	at org.apache.ratis.thirdparty.io.grpc.stub.ClientCalls.blockingUnaryCall(ClientCalls.java:139)
	at org.apache.ratis.proto.grpc.RaftServerProtocolServiceGrpc$RaftServerProtocolServiceBlockingStub.requestVote(RaftServerProtocolServiceGrpc.java:265)
	at org.apache.ratis.grpc.server.GrpcServerProtocolClient.requestVote(GrpcServerProtocolClient.java:83)
	at org.apache.ratis.grpc.server.GrpcService.requestVote(GrpcService.java:195)
	at org.apache.ratis.server.impl.LeaderElection.lambda$submitRequests$1(LeaderElection.java:237)
	at java.util.concurrent.FutureTask.run(FutureTask.java:266)
	at java.util.concurrent.Executors$RunnableAdapter.call(Executors.java:511)
	at java.util.concurrent.FutureTask.run(FutureTask.java:266)
	at java.util.concurrent.ThreadPoolExecutor.runWorker(ThreadPoolExecutor.java:1149)
	at java.util.concurrent.ThreadPoolExecutor$Worker.run(ThreadPoolExecutor.java:624)
	... 1 more
Caused by: org.apache.ratis.thirdparty.io.netty.channel.AbstractChannel$AnnotatedConnectException: Connection refused: /192.168.36.99:46383
	at sun.nio.ch.SocketChannelImpl.checkConnect(Native Method)
	at sun.nio.ch.SocketChannelImpl.finishConnect(SocketChannelImpl.java:717)
	at org.apache.ratis.thirdparty.io.netty.channel.socket.nio.NioSocketChannel.doFinishConnect(NioSocketChannel.java:327)
	at org.apache.ratis.thirdparty.io.netty.channel.nio.AbstractNioChannel$AbstractNioUnsafe.finishConnect(AbstractNioChannel.java:340)
	at org.apache.ratis.thirdparty.io.netty.channel.nio.NioEventLoop.processSelectedKey(NioEventLoop.java:632)
	at org.apache.ratis.thirdparty.io.netty.channel.nio.NioEventLoop.processSelectedKeysOptimized(NioEventLoop.java:579)
	at org.apache.ratis.thirdparty.io.netty.channel.nio.NioEventLoop.processSelectedKeys(NioEventLoop.java:496)
	at org.apache.ratis.thirdparty.io.netty.channel.nio.NioEventLoop.run(NioEventLoop.java:458)
	at org.apache.ratis.thirdparty.io.netty.util.concurrent.SingleThreadEventExecutor$5.run(SingleThreadEventExecutor.java:897)
	at org.apache.ratis.thirdparty.io.netty.util.concurrent.FastThreadLocalRunnable.run(FastThreadLocalRunnable.java:30)
	... 1 more
Caused by: java.net.ConnectException: Connection refused
	... 11 more
2019-08-20 15:23:57,940 [098fd333-fd07-42ed-bf18-0c1d6ead7454:group-9E5E06D0463C:LeaderElection97] INFO  impl.RoleInfo (RoleInfo.java:shutdownLeaderElection(134)) - 098fd333-fd07-42ed-bf18-0c1d6ead7454: shutdown LeaderElection
2019-08-20 15:23:57,941 [098fd333-fd07-42ed-bf18-0c1d6ead7454:group-9E5E06D0463C:LeaderElection97] INFO  impl.RaftServerImpl (RaftServerImpl.java:setRole(171)) - 098fd333-fd07-42ed-bf18-0c1d6ead7454:group-9E5E06D0463C changes role from CANDIDATE to LEADER at term 2 for changeToLeader
2019-08-20 15:23:57,941 [098fd333-fd07-42ed-bf18-0c1d6ead7454:group-9E5E06D0463C:LeaderElection97] INFO  impl.RaftServerImpl (ServerState.java:setLeader(263)) - 098fd333-fd07-42ed-bf18-0c1d6ead7454:group-9E5E06D0463C change Leader from null to 098fd333-fd07-42ed-bf18-0c1d6ead7454 at term 2 for becomeLeader, leader elected after 60ms
2019-08-20 15:23:57,941 [098fd333-fd07-42ed-bf18-0c1d6ead7454:group-9E5E06D0463C:LeaderElection97] INFO  server.RaftServerConfigKeys (ConfUtils.java:logGet(43)) - raft.server.staging.catchup.gap = 1000 (default)
2019-08-20 15:23:57,941 [098fd333-fd07-42ed-bf18-0c1d6ead7454:group-9E5E06D0463C:LeaderElection97] INFO  server.RaftServerConfigKeys (ConfUtils.java:logGet(43)) - raft.server.rpc.sleep.time = 25ms (default)
2019-08-20 15:23:57,941 [098fd333-fd07-42ed-bf18-0c1d6ead7454:group-9E5E06D0463C:LeaderElection97] INFO  server.RaftServerConfigKeys (ConfUtils.java:logGet(43)) - raft.server.write.element-limit = 4096 (default)
2019-08-20 15:23:57,941 [098fd333-fd07-42ed-bf18-0c1d6ead7454:group-9E5E06D0463C:LeaderElection97] INFO  server.RaftServerConfigKeys (ConfUtils.java:logGet(43)) - raft.server.watch.timeout = 10s (default)
2019-08-20 15:23:57,941 [098fd333-fd07-42ed-bf18-0c1d6ead7454:group-9E5E06D0463C:LeaderElection97] INFO  server.RaftServerConfigKeys (ConfUtils.java:logGet(43)) - raft.server.watch.timeout.denomination = 1s (default)
2019-08-20 15:23:57,941 [098fd333-fd07-42ed-bf18-0c1d6ead7454:group-9E5E06D0463C:LeaderElection97] INFO  server.RaftServerConfigKeys (ConfUtils.java:logGet(43)) - raft.server.watch.element-limit = 65536 (default)
2019-08-20 15:23:57,942 [098fd333-fd07-42ed-bf18-0c1d6ead7454:group-9E5E06D0463C:LeaderElection97] INFO  server.RaftServerConfigKeys (ConfUtils.java:logGet(43)) - raft.server.log.appender.snapshot.chunk.size.max = 16MB (=16777216) (default)
2019-08-20 15:23:57,942 [098fd333-fd07-42ed-bf18-0c1d6ead7454:group-9E5E06D0463C:LeaderElection97] INFO  server.RaftServerConfigKeys (ConfUtils.java:logGet(43)) - raft.server.log.appender.buffer.byte-limit = 33554432 (custom)
2019-08-20 15:23:57,942 [098fd333-fd07-42ed-bf18-0c1d6ead7454:group-9E5E06D0463C:LeaderElection97] INFO  server.RaftServerConfigKeys (ConfUtils.java:logGet(43)) - raft.server.log.appender.buffer.element-limit = 1 (custom)
2019-08-20 15:23:57,942 [098fd333-fd07-42ed-bf18-0c1d6ead7454:group-9E5E06D0463C:LeaderElection97] INFO  grpc.GrpcConfigKeys$Server (ConfUtils.java:logGet(43)) - raft.grpc.server.leader.outstanding.appends.max = 128 (default)
2019-08-20 15:23:57,942 [098fd333-fd07-42ed-bf18-0c1d6ead7454:group-9E5E06D0463C:LeaderElection97] INFO  server.RaftServerConfigKeys (ConfUtils.java:logGet(43)) - raft.server.rpc.request.timeout = 3000ms (default)
2019-08-20 15:23:57,943 [098fd333-fd07-42ed-bf18-0c1d6ead7454:group-9E5E06D0463C:LeaderElection97] INFO  server.RaftServerConfigKeys (ConfUtils.java:logGet(43)) - raft.server.log.appender.install.snapshot.enabled = false (custom)
2019-08-20 15:23:57,943 [098fd333-fd07-42ed-bf18-0c1d6ead7454:group-9E5E06D0463C:LeaderElection97] INFO  server.RaftServerConfigKeys (ConfUtils.java:logGet(43)) - raft.server.log.appender.snapshot.chunk.size.max = 16MB (=16777216) (default)
2019-08-20 15:23:57,943 [098fd333-fd07-42ed-bf18-0c1d6ead7454:group-9E5E06D0463C:LeaderElection97] INFO  server.RaftServerConfigKeys (ConfUtils.java:logGet(43)) - raft.server.log.appender.buffer.byte-limit = 33554432 (custom)
2019-08-20 15:23:57,943 [098fd333-fd07-42ed-bf18-0c1d6ead7454:group-9E5E06D0463C:LeaderElection97] INFO  server.RaftServerConfigKeys (ConfUtils.java:logGet(43)) - raft.server.log.appender.buffer.element-limit = 1 (custom)
2019-08-20 15:23:57,943 [098fd333-fd07-42ed-bf18-0c1d6ead7454:group-9E5E06D0463C:LeaderElection97] INFO  grpc.GrpcConfigKeys$Server (ConfUtils.java:logGet(43)) - raft.grpc.server.leader.outstanding.appends.max = 128 (default)
2019-08-20 15:23:57,943 [098fd333-fd07-42ed-bf18-0c1d6ead7454:group-9E5E06D0463C:LeaderElection97] INFO  server.RaftServerConfigKeys (ConfUtils.java:logGet(43)) - raft.server.rpc.request.timeout = 3000ms (default)
2019-08-20 15:23:57,943 [098fd333-fd07-42ed-bf18-0c1d6ead7454:group-9E5E06D0463C:LeaderElection97] INFO  server.RaftServerConfigKeys (ConfUtils.java:logGet(43)) - raft.server.log.appender.install.snapshot.enabled = false (custom)
2019-08-20 15:23:57,943 [098fd333-fd07-42ed-bf18-0c1d6ead7454:group-9E5E06D0463C:LeaderElection97] INFO  impl.RoleInfo (RoleInfo.java:updateAndGet(143)) - 098fd333-fd07-42ed-bf18-0c1d6ead7454: start LeaderState
2019-08-20 15:23:57,944 [098fd333-fd07-42ed-bf18-0c1d6ead7454:group-9E5E06D0463C:LeaderElection97] INFO  segmented.SegmentedRaftLogWorker (SegmentedRaftLogWorker.java:rollLogSegment(385)) - 098fd333-fd07-42ed-bf18-0c1d6ead7454-SegmentedRaftLogWorker:Storage Directory /workdir/hadoop-ozone/integration-test/target/test-dir/MiniOzoneClusterImpl-55fc759d-3081-4a00-8886-eafd5a4bcf81/datanode-1/data/ratis/c99f841a-f15f-45d3-b9b2-9e5e06d0463c: Rolling segment log-0_16 to index:16
2019-08-20 15:23:57,945 [098fd333-fd07-42ed-bf18-0c1d6ead7454:group-9E5E06D0463C:LeaderElection97] INFO  impl.RaftServerImpl (ServerState.java:setRaftConf(361)) - 098fd333-fd07-42ed-bf18-0c1d6ead7454:group-9E5E06D0463C set configuration 17: [6b47a181-38f2-4238-bd0f-68e13143ff11:192.168.36.99:46383, 098fd333-fd07-42ed-bf18-0c1d6ead7454:192.168.36.99:36625, fffe0fa6-9e97-473a-b4af-0bacc73ac892:192.168.36.99:35660], old=null at 17
2019-08-20 15:23:57,945 [grpc-default-executor-11] WARN  server.GrpcLogAppender (LogUtils.java:warn(134)) - 098fd333-fd07-42ed-bf18-0c1d6ead7454->6b47a181-38f2-4238-bd0f-68e13143ff11: Failed appendEntries: org.apache.ratis.thirdparty.io.grpc.StatusRuntimeException: UNAVAILABLE: io exception
2019-08-20 15:23:57,945 [grpc-default-executor-11] INFO  impl.FollowerInfo (FollowerInfo.java:lambda$new$0(50)) - 098fd333-fd07-42ed-bf18-0c1d6ead7454->6b47a181-38f2-4238-bd0f-68e13143ff11: nextIndex: updateUnconditionally 17 -> 1
2019-08-20 15:23:57,946 [grpc-default-executor-9] INFO  impl.RaftServerImpl (ServerState.java:setLeader(263)) - fffe0fa6-9e97-473a-b4af-0bacc73ac892:group-9E5E06D0463C change Leader from null to 098fd333-fd07-42ed-bf18-0c1d6ead7454 at term 2 for appendEntries, leader elected after 46ms
2019-08-20 15:23:57,948 [grpc-default-executor-9] INFO  impl.RaftServerImpl (ServerState.java:setRaftConf(361)) - fffe0fa6-9e97-473a-b4af-0bacc73ac892:group-9E5E06D0463C set configuration 17: [6b47a181-38f2-4238-bd0f-68e13143ff11:192.168.36.99:46383, 098fd333-fd07-42ed-bf18-0c1d6ead7454:192.168.36.99:36625, fffe0fa6-9e97-473a-b4af-0bacc73ac892:192.168.36.99:35660], old=null at 17
2019-08-20 15:23:57,948 [grpc-default-executor-9] INFO  segmented.SegmentedRaftLogWorker (SegmentedRaftLogWorker.java:rollLogSegment(385)) - fffe0fa6-9e97-473a-b4af-0bacc73ac892-SegmentedRaftLogWorker:Storage Directory /workdir/hadoop-ozone/integration-test/target/test-dir/MiniOzoneClusterImpl-55fc759d-3081-4a00-8886-eafd5a4bcf81/datanode-0/data/ratis/c99f841a-f15f-45d3-b9b2-9e5e06d0463c: Rolling segment log-0_16 to index:16
2019-08-20 15:23:57,954 [098fd333-fd07-42ed-bf18-0c1d6ead7454-SegmentedRaftLogWorker:Storage Directory /workdir/hadoop-ozone/integration-test/target/test-dir/MiniOzoneClusterImpl-55fc759d-3081-4a00-8886-eafd5a4bcf81/datanode-1/data/ratis/c99f841a-f15f-45d3-b9b2-9e5e06d0463c] INFO  segmented.SegmentedRaftLogWorker (SegmentedRaftLogWorker.java:execute(526)) - 098fd333-fd07-42ed-bf18-0c1d6ead7454-SegmentedRaftLogWorker:Storage Directory /workdir/hadoop-ozone/integration-test/target/test-dir/MiniOzoneClusterImpl-55fc759d-3081-4a00-8886-eafd5a4bcf81/datanode-1/data/ratis/c99f841a-f15f-45d3-b9b2-9e5e06d0463c: Rolled log segment from /workdir/hadoop-ozone/integration-test/target/test-dir/MiniOzoneClusterImpl-55fc759d-3081-4a00-8886-eafd5a4bcf81/datanode-1/data/ratis/c99f841a-f15f-45d3-b9b2-9e5e06d0463c/current/log_inprogress_0 to /workdir/hadoop-ozone/integration-test/target/test-dir/MiniOzoneClusterImpl-55fc759d-3081-4a00-8886-eafd5a4bcf81/datanode-1/data/ratis/c99f841a-f15f-45d3-b9b2-9e5e06d0463c/current/log_0-16
2019-08-20 15:23:57,954 [fffe0fa6-9e97-473a-b4af-0bacc73ac892-SegmentedRaftLogWorker:Storage Directory /workdir/hadoop-ozone/integration-test/target/test-dir/MiniOzoneClusterImpl-55fc759d-3081-4a00-8886-eafd5a4bcf81/datanode-0/data/ratis/c99f841a-f15f-45d3-b9b2-9e5e06d0463c] INFO  segmented.SegmentedRaftLogWorker (SegmentedRaftLogWorker.java:execute(526)) - fffe0fa6-9e97-473a-b4af-0bacc73ac892-SegmentedRaftLogWorker:Storage Directory /workdir/hadoop-ozone/integration-test/target/test-dir/MiniOzoneClusterImpl-55fc759d-3081-4a00-8886-eafd5a4bcf81/datanode-0/data/ratis/c99f841a-f15f-45d3-b9b2-9e5e06d0463c: Rolled log segment from /workdir/hadoop-ozone/integration-test/target/test-dir/MiniOzoneClusterImpl-55fc759d-3081-4a00-8886-eafd5a4bcf81/datanode-0/data/ratis/c99f841a-f15f-45d3-b9b2-9e5e06d0463c/current/log_inprogress_0 to /workdir/hadoop-ozone/integration-test/target/test-dir/MiniOzoneClusterImpl-55fc759d-3081-4a00-8886-eafd5a4bcf81/datanode-0/data/ratis/c99f841a-f15f-45d3-b9b2-9e5e06d0463c/current/log_0-16
2019-08-20 15:23:57,975 | INFO  | SCMAudit | user=jenkins1000 | ip=192.168.36.99 | op=SEND_HEARTBEAT {datanodeUUID=5e423d06-488d-45e1-ad82-54d441feecb5, command=[]} | ret=SUCCESS |  
2019-08-20 15:23:58,007 [098fd333-fd07-42ed-bf18-0c1d6ead7454-SegmentedRaftLogWorker:Storage Directory /workdir/hadoop-ozone/integration-test/target/test-dir/MiniOzoneClusterImpl-55fc759d-3081-4a00-8886-eafd5a4bcf81/datanode-1/data/ratis/c99f841a-f15f-45d3-b9b2-9e5e06d0463c] INFO  segmented.SegmentedRaftLogWorker (SegmentedRaftLogWorker.java:execute(569)) - 098fd333-fd07-42ed-bf18-0c1d6ead7454-SegmentedRaftLogWorker:Storage Directory /workdir/hadoop-ozone/integration-test/target/test-dir/MiniOzoneClusterImpl-55fc759d-3081-4a00-8886-eafd5a4bcf81/datanode-1/data/ratis/c99f841a-f15f-45d3-b9b2-9e5e06d0463c: created new log segment /workdir/hadoop-ozone/integration-test/target/test-dir/MiniOzoneClusterImpl-55fc759d-3081-4a00-8886-eafd5a4bcf81/datanode-1/data/ratis/c99f841a-f15f-45d3-b9b2-9e5e06d0463c/current/log_inprogress_17
2019-08-20 15:23:58,007 [fffe0fa6-9e97-473a-b4af-0bacc73ac892-SegmentedRaftLogWorker:Storage Directory /workdir/hadoop-ozone/integration-test/target/test-dir/MiniOzoneClusterImpl-55fc759d-3081-4a00-8886-eafd5a4bcf81/datanode-0/data/ratis/c99f841a-f15f-45d3-b9b2-9e5e06d0463c] INFO  segmented.SegmentedRaftLogWorker (SegmentedRaftLogWorker.java:execute(569)) - fffe0fa6-9e97-473a-b4af-0bacc73ac892-SegmentedRaftLogWorker:Storage Directory /workdir/hadoop-ozone/integration-test/target/test-dir/MiniOzoneClusterImpl-55fc759d-3081-4a00-8886-eafd5a4bcf81/datanode-0/data/ratis/c99f841a-f15f-45d3-b9b2-9e5e06d0463c: created new log segment /workdir/hadoop-ozone/integration-test/target/test-dir/MiniOzoneClusterImpl-55fc759d-3081-4a00-8886-eafd5a4bcf81/datanode-0/data/ratis/c99f841a-f15f-45d3-b9b2-9e5e06d0463c/current/log_inprogress_17
2019-08-20 15:23:58,038 | INFO  | DNAudit | user=null | ip=null | op=READ_CHUNK {blockData=conID: 1 locID: 102649994885070862 bcsId: 0} | ret=SUCCESS |  
2019-08-20 15:23:58,041 [grpc-default-executor-12] WARN  server.GrpcLogAppender (LogUtils.java:warn(134)) - 098fd333-fd07-42ed-bf18-0c1d6ead7454->6b47a181-38f2-4238-bd0f-68e13143ff11: Failed appendEntries: org.apache.ratis.thirdparty.io.grpc.StatusRuntimeException: UNAVAILABLE: io exception
2019-08-20 15:23:58,041 [grpc-default-executor-12] INFO  impl.FollowerInfo (FollowerInfo.java:lambda$new$0(50)) - 098fd333-fd07-42ed-bf18-0c1d6ead7454->6b47a181-38f2-4238-bd0f-68e13143ff11: nextIndex: updateUnconditionally 2 -> 1
2019-08-20 15:23:58,065 | ERROR | DNAudit | user=null | ip=null | op=WRITE_CHUNK {blockData=conID: 1 locID: 102649994885070862 bcsId: 14} | ret=FAILURE | org.apache.hadoop.hdds.scm.container.common.helpers.ContainerNotOpenException: Container 1 in CLOSING state
	at org.apache.hadoop.ozone.container.common.impl.HddsDispatcher.validateContainerCommand(HddsDispatcher.java:408)
	at org.apache.hadoop.ozone.container.common.transport.server.ratis.ContainerStateMachine.startTransaction(ContainerStateMachine.java:297) 
2019-08-20 15:23:58,076 [grpc-default-executor-12] INFO  client.GrpcClientProtocolClient (GrpcClientProtocolClient.java:onNext(255)) - client-8CB4128913AD->098fd333-fd07-42ed-bf18-0c1d6ead7454: receive RaftClientReply:client-8CB4128913AD->098fd333-fd07-42ed-bf18-0c1d6ead7454@group-9E5E06D0463C, cid=191, FAILED org.apache.ratis.protocol.StateMachineException: org.apache.hadoop.hdds.scm.container.common.helpers.ContainerNotOpenException from Server 098fd333-fd07-42ed-bf18-0c1d6ead7454: Container 1 in CLOSING state, logIndex=0, commits[098fd333-fd07-42ed-bf18-0c1d6ead7454:c18, 6b47a181-38f2-4238-bd0f-68e13143ff11:c16, fffe0fa6-9e97-473a-b4af-0bacc73ac892:c17]
2019-08-20 15:23:58,077 | ERROR | DNAudit | user=null | ip=null | op=WRITE_CHUNK {blockData=conID: 1 locID: 102649994885070862 bcsId: 14} | ret=FAILURE | org.apache.hadoop.hdds.scm.container.common.helpers.ContainerNotOpenException: Container 1 in CLOSING state
	at org.apache.hadoop.ozone.container.common.impl.HddsDispatcher.validateContainerCommand(HddsDispatcher.java:408)
	at org.apache.hadoop.ozone.container.common.transport.server.ratis.ContainerStateMachine.startTransaction(ContainerStateMachine.java:297) 
2019-08-20 15:23:58,083 | ERROR | DNAudit | user=null | ip=null | op=PUT_BLOCK {blockData=[blockId=conID: 1 locID: 102649994885070862 bcsId: 0,size=650]} | ret=FAILURE | org.apache.hadoop.hdds.scm.container.common.helpers.ContainerNotOpenException: Container 1 in CLOSING state
	at org.apache.hadoop.ozone.container.common.impl.HddsDispatcher.validateContainerCommand(HddsDispatcher.java:408)
	at org.apache.hadoop.ozone.container.common.transport.server.ratis.ContainerStateMachine.startTransaction(ContainerStateMachine.java:297) 
2019-08-20 15:23:58,085 [grpc-default-executor-12] INFO  client.GrpcClientProtocolClient (GrpcClientProtocolClient.java:onNext(255)) - client-8CB4128913AD->098fd333-fd07-42ed-bf18-0c1d6ead7454: receive RaftClientReply:client-8CB4128913AD->098fd333-fd07-42ed-bf18-0c1d6ead7454@group-9E5E06D0463C, cid=192, FAILED org.apache.ratis.protocol.StateMachineException: org.apache.hadoop.hdds.scm.container.common.helpers.ContainerNotOpenException from Server 098fd333-fd07-42ed-bf18-0c1d6ead7454: Container 1 in CLOSING state, logIndex=0, commits[098fd333-fd07-42ed-bf18-0c1d6ead7454:c18, 6b47a181-38f2-4238-bd0f-68e13143ff11:c16, fffe0fa6-9e97-473a-b4af-0bacc73ac892:c17]
2019-08-20 15:23:58,088 | ERROR | DNAudit | user=null | ip=null | op=WRITE_CHUNK {blockData=conID: 1 locID: 102649994885070862 bcsId: 14} | ret=FAILURE | org.apache.hadoop.hdds.scm.container.common.helpers.ContainerNotOpenException: Container 1 in CLOSING state
	at org.apache.hadoop.ozone.container.common.impl.HddsDispatcher.validateContainerCommand(HddsDispatcher.java:408)
	at org.apache.hadoop.ozone.container.common.transport.server.ratis.ContainerStateMachine.startTransaction(ContainerStateMachine.java:297) 
2019-08-20 15:23:58,090 [grpc-default-executor-12] INFO  client.GrpcClientProtocolClient (GrpcClientProtocolClient.java:onNext(255)) - client-8CB4128913AD->098fd333-fd07-42ed-bf18-0c1d6ead7454: receive RaftClientReply:client-8CB4128913AD->098fd333-fd07-42ed-bf18-0c1d6ead7454@group-9E5E06D0463C, cid=193, FAILED org.apache.ratis.protocol.StateMachineException: org.apache.hadoop.hdds.scm.container.common.helpers.ContainerNotOpenException from Server 098fd333-fd07-42ed-bf18-0c1d6ead7454: Container 1 in CLOSING state, logIndex=0, commits[098fd333-fd07-42ed-bf18-0c1d6ead7454:c18, 6b47a181-38f2-4238-bd0f-68e13143ff11:c16, fffe0fa6-9e97-473a-b4af-0bacc73ac892:c17]
2019-08-20 15:23:58,091 | ERROR | DNAudit | user=null | ip=null | op=WRITE_CHUNK {blockData=conID: 1 locID: 102649994885070862 bcsId: 14} | ret=FAILURE | org.apache.hadoop.hdds.scm.container.common.helpers.ContainerNotOpenException: Container 1 in CLOSING state
	at org.apache.hadoop.ozone.container.common.impl.HddsDispatcher.validateContainerCommand(HddsDispatcher.java:408)
	at org.apache.hadoop.ozone.container.common.transport.server.ratis.ContainerStateMachine.startTransaction(ContainerStateMachine.java:297) 
2019-08-20 15:23:58,093 [grpc-default-executor-12] INFO  client.GrpcClientProtocolClient (GrpcClientProtocolClient.java:onNext(255)) - client-8CB4128913AD->098fd333-fd07-42ed-bf18-0c1d6ead7454: receive RaftClientReply:client-8CB4128913AD->098fd333-fd07-42ed-bf18-0c1d6ead7454@group-9E5E06D0463C, cid=194, FAILED org.apache.ratis.protocol.StateMachineException: org.apache.hadoop.hdds.scm.container.common.helpers.ContainerNotOpenException from Server 098fd333-fd07-42ed-bf18-0c1d6ead7454: Container 1 in CLOSING state, logIndex=0, commits[098fd333-fd07-42ed-bf18-0c1d6ead7454:c18, 6b47a181-38f2-4238-bd0f-68e13143ff11:c16, fffe0fa6-9e97-473a-b4af-0bacc73ac892:c17]
2019-08-20 15:23:58,093 | ERROR | DNAudit | user=null | ip=null | op=PUT_BLOCK {blockData=[blockId=conID: 1 locID: 102649994885070862 bcsId: 0,size=800]} | ret=FAILURE | org.apache.hadoop.hdds.scm.container.common.helpers.ContainerNotOpenException: Container 1 in CLOSING state
	at org.apache.hadoop.ozone.container.common.impl.HddsDispatcher.validateContainerCommand(HddsDispatcher.java:408)
	at org.apache.hadoop.ozone.container.common.transport.server.ratis.ContainerStateMachine.startTransaction(ContainerStateMachine.java:297) 
2019-08-20 15:23:58,095 [grpc-default-executor-12] INFO  client.GrpcClientProtocolClient (GrpcClientProtocolClient.java:onNext(255)) - client-8CB4128913AD->098fd333-fd07-42ed-bf18-0c1d6ead7454: receive RaftClientReply:client-8CB4128913AD->098fd333-fd07-42ed-bf18-0c1d6ead7454@group-9E5E06D0463C, cid=195, FAILED org.apache.ratis.protocol.StateMachineException: org.apache.hadoop.hdds.scm.container.common.helpers.ContainerNotOpenException from Server 098fd333-fd07-42ed-bf18-0c1d6ead7454: Container 1 in CLOSING state, logIndex=0, commits[098fd333-fd07-42ed-bf18-0c1d6ead7454:c18, 6b47a181-38f2-4238-bd0f-68e13143ff11:c16, fffe0fa6-9e97-473a-b4af-0bacc73ac892:c17]
2019-08-20 15:23:58,097 [grpc-default-executor-12] INFO  client.GrpcClientProtocolClient (GrpcClientProtocolClient.java:onNext(255)) - client-8CB4128913AD->098fd333-fd07-42ed-bf18-0c1d6ead7454: receive RaftClientReply:client-8CB4128913AD->098fd333-fd07-42ed-bf18-0c1d6ead7454@group-9E5E06D0463C, cid=196, FAILED org.apache.ratis.protocol.StateMachineException: org.apache.hadoop.hdds.scm.container.common.helpers.ContainerNotOpenException from Server 098fd333-fd07-42ed-bf18-0c1d6ead7454: Container 1 in CLOSING state, logIndex=0, commits[098fd333-fd07-42ed-bf18-0c1d6ead7454:c18, 6b47a181-38f2-4238-bd0f-68e13143ff11:c16, fffe0fa6-9e97-473a-b4af-0bacc73ac892:c17]
2019-08-20 15:23:58,120 | INFO  | SCMAudit | user=jenkins1000 | ip=192.168.36.99 | op=ALLOCATE_BLOCK {owner=d75eb4f0-3049-4470-97d5-bd979a640956, size=800, type=RATIS, factor=THREE} | ret=SUCCESS |  
2019-08-20 15:23:58,122 | INFO  | OMAudit | user=jenkins1000 | ip=127.0.0.1 | op=ALLOCATE_BLOCK {volume=testblockoutputstream, bucket=testblockoutputstream, key=dabc9410-47dc-4485-b1a8-4b04ea876e37, dataSize=0, replicationType=null, replicationFactor=null, keyLocationInfo=null, clientID=102649994884939789} | ret=SUCCESS |  
2019-08-20 15:23:58,161 | INFO  | SCMAudit | user=jenkins1000 | ip=192.168.36.99 | op=SEND_HEARTBEAT {datanodeUUID=39479044-a7f0-46f5-a832-d507a2c1b28c, command=[]} | ret=SUCCESS |  
2019-08-20 15:23:58,436 | INFO  | DNAudit | user=null | ip=null | op=WRITE_CHUNK {blockData=conID: 2 locID: 102649996123832335 bcsId: 0} | ret=SUCCESS |  
2019-08-20 15:23:58,437 | INFO  | SCMAudit | user=jenkins1000 | ip=192.168.36.99 | op=SEND_HEARTBEAT {datanodeUUID=81cebdb6-2756-4de8-83ea-a7eacd20f204, command=[]} | ret=SUCCESS |  
2019-08-20 15:23:58,495 | INFO  | SCMAudit | user=jenkins1000 | ip=192.168.36.99 | op=SEND_HEARTBEAT {datanodeUUID=9c6ab30a-d72f-459b-9d58-6af7941cdaaa, command=[]} | ret=SUCCESS |  
2019-08-20 15:23:58,495 | INFO  | SCMAudit | user=jenkins1000 | ip=192.168.36.99 | op=SEND_HEARTBEAT {datanodeUUID=5e423d06-488d-45e1-ad82-54d441feecb5, command=[]} | ret=SUCCESS |  
2019-08-20 15:23:58,501 | INFO  | DNAudit | user=null | ip=null | op=WRITE_CHUNK {blockData=conID: 2 locID: 102649996123832335 bcsId: 0} | ret=SUCCESS |  
2019-08-20 15:23:58,501 | INFO  | DNAudit | user=null | ip=null | op=WRITE_CHUNK {blockData=conID: 2 locID: 102649996123832335 bcsId: 0} | ret=SUCCESS |  
2019-08-20 15:23:58,513 | INFO  | DNAudit | user=null | ip=null | op=WRITE_CHUNK {blockData=conID: 2 locID: 102649996123832335 bcsId: 0} | ret=SUCCESS |  
2019-08-20 15:23:58,516 [grpc-default-executor-12] INFO  client.GrpcClientProtocolClient (GrpcClientProtocolClient.java:onNext(255)) - client-2BFA18B31010->81cebdb6-2756-4de8-83ea-a7eacd20f204: receive RaftClientReply:client-2BFA18B31010->81cebdb6-2756-4de8-83ea-a7eacd20f204@group-864525ACFEA0, cid=197, SUCCESS, logIndex=1, commits[81cebdb6-2756-4de8-83ea-a7eacd20f204:c1, 9c6ab30a-d72f-459b-9d58-6af7941cdaaa:c0, 5e423d06-488d-45e1-ad82-54d441feecb5:c0]
2019-08-20 15:23:58,522 | INFO  | DNAudit | user=null | ip=null | op=WRITE_CHUNK {blockData=conID: 2 locID: 102649996123832335 bcsId: 0} | ret=SUCCESS |  
2019-08-20 15:23:58,522 | INFO  | DNAudit | user=null | ip=null | op=WRITE_CHUNK {blockData=conID: 2 locID: 102649996123832335 bcsId: 0} | ret=SUCCESS |  
2019-08-20 15:23:58,522 | INFO  | DNAudit | user=null | ip=null | op=WRITE_CHUNK {blockData=conID: 2 locID: 102649996123832335 bcsId: 0} | ret=SUCCESS |  
2019-08-20 15:23:58,522 | INFO  | DNAudit | user=null | ip=null | op=WRITE_CHUNK {blockData=conID: 2 locID: 102649996123832335 bcsId: 0} | ret=SUCCESS |  
2019-08-20 15:23:58,523 | INFO  | DNAudit | user=null | ip=null | op=WRITE_CHUNK {blockData=conID: 2 locID: 102649996123832335 bcsId: 0} | ret=SUCCESS |  
2019-08-20 15:23:58,523 | INFO  | DNAudit | user=null | ip=null | op=WRITE_CHUNK {blockData=conID: 2 locID: 102649996123832335 bcsId: 0} | ret=SUCCESS |  
2019-08-20 15:23:58,523 | INFO  | DNAudit | user=null | ip=null | op=WRITE_CHUNK {blockData=conID: 2 locID: 102649996123832335 bcsId: 0} | ret=SUCCESS |  
2019-08-20 15:23:58,524 | INFO  | DNAudit | user=null | ip=null | op=WRITE_CHUNK {blockData=conID: 2 locID: 102649996123832335 bcsId: 0} | ret=SUCCESS |  
2019-08-20 15:23:58,524 | INFO  | DNAudit | user=null | ip=null | op=WRITE_CHUNK {blockData=conID: 2 locID: 102649996123832335 bcsId: 0} | ret=SUCCESS |  
2019-08-20 15:23:58,524 | INFO  | DNAudit | user=null | ip=null | op=WRITE_CHUNK {blockData=conID: 2 locID: 102649996123832335 bcsId: 0} | ret=SUCCESS |  
2019-08-20 15:23:58,524 | INFO  | DNAudit | user=null | ip=null | op=WRITE_CHUNK {blockData=conID: 2 locID: 102649996123832335 bcsId: 0} | ret=SUCCESS |  
2019-08-20 15:23:58,526 | INFO  | DNAudit | user=null | ip=null | op=WRITE_CHUNK {blockData=conID: 2 locID: 102649996123832335 bcsId: 0} | ret=SUCCESS |  
2019-08-20 15:23:58,529 [grpc-default-executor-12] INFO  client.GrpcClientProtocolClient (GrpcClientProtocolClient.java:onNext(255)) - client-2BFA18B31010->81cebdb6-2756-4de8-83ea-a7eacd20f204: receive RaftClientReply:client-2BFA18B31010->81cebdb6-2756-4de8-83ea-a7eacd20f204@group-864525ACFEA0, cid=198, SUCCESS, logIndex=3, commits[81cebdb6-2756-4de8-83ea-a7eacd20f204:c5, 9c6ab30a-d72f-459b-9d58-6af7941cdaaa:c1, 5e423d06-488d-45e1-ad82-54d441feecb5:c1]
2019-08-20 15:23:58,540 | INFO  | DNAudit | user=null | ip=null | op=WRITE_CHUNK {blockData=conID: 2 locID: 102649996123832335 bcsId: 0} | ret=SUCCESS |  
2019-08-20 15:23:58,540 | INFO  | DNAudit | user=null | ip=null | op=WRITE_CHUNK {blockData=conID: 2 locID: 102649996123832335 bcsId: 0} | ret=SUCCESS |  
2019-08-20 15:23:58,554 | INFO  | SCMAudit | user=jenkins1000 | ip=192.168.36.99 | op=SEND_HEARTBEAT {datanodeUUID=098fd333-fd07-42ed-bf18-0c1d6ead7454, command=[]} | ret=SUCCESS |  
2019-08-20 15:23:58,556 | INFO  | SCMAudit | user=jenkins1000 | ip=192.168.36.99 | op=SEND_HEARTBEAT {datanodeUUID=fffe0fa6-9e97-473a-b4af-0bacc73ac892, command=[]} | ret=SUCCESS |  
2019-08-20 15:23:58,674 | INFO  | DNAudit | user=null | ip=null | op=PUT_BLOCK {blockData=[blockId=conID: 2 locID: 102649996123832335 bcsId: 0,size=200]} | ret=SUCCESS |  
2019-08-20 15:23:58,674 | INFO  | DNAudit | user=null | ip=null | op=WRITE_CHUNK {blockData=conID: 2 locID: 102649996123832335 bcsId: 0} | ret=SUCCESS |  
2019-08-20 15:23:58,675 | INFO  | DNAudit | user=null | ip=null | op=WRITE_CHUNK {blockData=conID: 2 locID: 102649996123832335 bcsId: 0} | ret=SUCCESS |  
2019-08-20 15:23:58,675 [grpc-default-executor-11] INFO  client.GrpcClientProtocolClient (GrpcClientProtocolClient.java:onNext(255)) - client-2BFA18B31010->81cebdb6-2756-4de8-83ea-a7eacd20f204: receive RaftClientReply:client-2BFA18B31010->81cebdb6-2756-4de8-83ea-a7eacd20f204@group-864525ACFEA0, cid=199, SUCCESS, logIndex=4, commits[81cebdb6-2756-4de8-83ea-a7eacd20f204:c12, 9c6ab30a-d72f-459b-9d58-6af7941cdaaa:c7, 5e423d06-488d-45e1-ad82-54d441feecb5:c7]
2019-08-20 15:23:58,676 [grpc-default-executor-11] INFO  client.GrpcClientProtocolClient (GrpcClientProtocolClient.java:onNext(255)) - client-2BFA18B31010->81cebdb6-2756-4de8-83ea-a7eacd20f204: receive RaftClientReply:client-2BFA18B31010->81cebdb6-2756-4de8-83ea-a7eacd20f204@group-864525ACFEA0, cid=200, SUCCESS, logIndex=5, commits[81cebdb6-2756-4de8-83ea-a7eacd20f204:c12, 9c6ab30a-d72f-459b-9d58-6af7941cdaaa:c7, 5e423d06-488d-45e1-ad82-54d441feecb5:c7]
2019-08-20 15:23:58,676 [grpc-default-executor-11] INFO  client.GrpcClientProtocolClient (GrpcClientProtocolClient.java:onNext(255)) - client-2BFA18B31010->81cebdb6-2756-4de8-83ea-a7eacd20f204: receive RaftClientReply:client-2BFA18B31010->81cebdb6-2756-4de8-83ea-a7eacd20f204@group-864525ACFEA0, cid=201, SUCCESS, logIndex=6, commits[81cebdb6-2756-4de8-83ea-a7eacd20f204:c12, 9c6ab30a-d72f-459b-9d58-6af7941cdaaa:c7, 5e423d06-488d-45e1-ad82-54d441feecb5:c7]
2019-08-20 15:23:58,759 | INFO  | DNAudit | user=null | ip=null | op=PUT_BLOCK {blockData=[blockId=conID: 2 locID: 102649996123832335 bcsId: 0,size=200]} | ret=SUCCESS |  
2019-08-20 15:23:58,759 | INFO  | DNAudit | user=null | ip=null | op=WRITE_CHUNK {blockData=conID: 2 locID: 102649996123832335 bcsId: 0} | ret=SUCCESS |  
2019-08-20 15:23:58,759 | INFO  | DNAudit | user=null | ip=null | op=WRITE_CHUNK {blockData=conID: 2 locID: 102649996123832335 bcsId: 0} | ret=SUCCESS |  
2019-08-20 15:23:58,878 | INFO  | DNAudit | user=null | ip=null | op=PUT_BLOCK {blockData=[blockId=conID: 2 locID: 102649996123832335 bcsId: 0,size=400]} | ret=SUCCESS |  
2019-08-20 15:23:58,878 | INFO  | DNAudit | user=null | ip=null | op=PUT_BLOCK {blockData=[blockId=conID: 2 locID: 102649996123832335 bcsId: 0,size=400]} | ret=SUCCESS |  
2019-08-20 15:23:58,879 [grpc-default-executor-11] INFO  client.GrpcClientProtocolClient (GrpcClientProtocolClient.java:onNext(255)) - client-2BFA18B31010->81cebdb6-2756-4de8-83ea-a7eacd20f204: receive RaftClientReply:client-2BFA18B31010->81cebdb6-2756-4de8-83ea-a7eacd20f204@group-864525ACFEA0, cid=202, SUCCESS, logIndex=7, commits[81cebdb6-2756-4de8-83ea-a7eacd20f204:c12, 9c6ab30a-d72f-459b-9d58-6af7941cdaaa:c7, 5e423d06-488d-45e1-ad82-54d441feecb5:c7]
2019-08-20 15:23:58,882 | INFO  | DNAudit | user=null | ip=null | op=WRITE_CHUNK {blockData=conID: 2 locID: 102649996123832335 bcsId: 7} | ret=SUCCESS |  
2019-08-20 15:23:58,883 | INFO  | DNAudit | user=null | ip=null | op=WRITE_CHUNK {blockData=conID: 2 locID: 102649996123832335 bcsId: 7} | ret=SUCCESS |  
2019-08-20 15:23:58,884 | INFO  | DNAudit | user=null | ip=null | op=WRITE_CHUNK {blockData=conID: 2 locID: 102649996123832335 bcsId: 7} | ret=SUCCESS |  
2019-08-20 15:23:58,885 | INFO  | DNAudit | user=null | ip=null | op=PUT_BLOCK {blockData=[blockId=conID: 2 locID: 102649996123832335 bcsId: 0,size=200]} | ret=SUCCESS |  
2019-08-20 15:23:58,885 | INFO  | DNAudit | user=null | ip=null | op=WRITE_CHUNK {blockData=conID: 2 locID: 102649996123832335 bcsId: 0} | ret=SUCCESS |  
2019-08-20 15:23:58,886 | INFO  | DNAudit | user=null | ip=null | op=WRITE_CHUNK {blockData=conID: 2 locID: 102649996123832335 bcsId: 0} | ret=SUCCESS |  
2019-08-20 15:23:58,886 | INFO  | DNAudit | user=null | ip=null | op=PUT_BLOCK {blockData=[blockId=conID: 2 locID: 102649996123832335 bcsId: 0,size=400]} | ret=SUCCESS |  
2019-08-20 15:23:58,928 | INFO  | DNAudit | user=null | ip=null | op=WRITE_CHUNK {blockData=conID: 2 locID: 102649996123832335 bcsId: 7} | ret=SUCCESS |  
2019-08-20 15:23:58,928 | INFO  | DNAudit | user=null | ip=null | op=PUT_BLOCK {blockData=[blockId=conID: 2 locID: 102649996123832335 bcsId: 0,size=450]} | ret=SUCCESS |  
2019-08-20 15:23:58,929 [grpc-default-executor-12] INFO  client.GrpcClientProtocolClient (GrpcClientProtocolClient.java:onNext(255)) - client-2BFA18B31010->81cebdb6-2756-4de8-83ea-a7eacd20f204: receive RaftClientReply:client-2BFA18B31010->81cebdb6-2756-4de8-83ea-a7eacd20f204@group-864525ACFEA0, cid=203, SUCCESS, logIndex=13, commits[81cebdb6-2756-4de8-83ea-a7eacd20f204:c14, 9c6ab30a-d72f-459b-9d58-6af7941cdaaa:c12, 5e423d06-488d-45e1-ad82-54d441feecb5:c12]
2019-08-20 15:23:58,930 [grpc-default-executor-12] INFO  client.GrpcClientProtocolClient (GrpcClientProtocolClient.java:onNext(255)) - client-2BFA18B31010->81cebdb6-2756-4de8-83ea-a7eacd20f204: receive RaftClientReply:client-2BFA18B31010->81cebdb6-2756-4de8-83ea-a7eacd20f204@group-864525ACFEA0, cid=204, SUCCESS, logIndex=14, commits[81cebdb6-2756-4de8-83ea-a7eacd20f204:c14, 9c6ab30a-d72f-459b-9d58-6af7941cdaaa:c12, 5e423d06-488d-45e1-ad82-54d441feecb5:c12]
2019-08-20 15:23:58,934 | INFO  | DNAudit | user=null | ip=null | op=WRITE_CHUNK {blockData=conID: 2 locID: 102649996123832335 bcsId: 7} | ret=SUCCESS |  
2019-08-20 15:23:58,934 | INFO  | DNAudit | user=null | ip=null | op=WRITE_CHUNK {blockData=conID: 2 locID: 102649996123832335 bcsId: 7} | ret=SUCCESS |  
2019-08-20 15:23:58,934 | INFO  | DNAudit | user=null | ip=null | op=PUT_BLOCK {blockData=[blockId=conID: 2 locID: 102649996123832335 bcsId: 0,size=450]} | ret=SUCCESS |  
2019-08-20 15:23:58,937 | INFO  | DNAudit | user=null | ip=null | op=PUT_BLOCK {blockData=[blockId=conID: 2 locID: 102649996123832335 bcsId: 0,size=450]} | ret=SUCCESS |  
2019-08-20 15:23:58,937 [grpc-default-executor-12] INFO  client.GrpcClientProtocolClient (GrpcClientProtocolClient.java:onNext(255)) - client-2BFA18B31010->81cebdb6-2756-4de8-83ea-a7eacd20f204: receive RaftClientReply:client-2BFA18B31010->81cebdb6-2756-4de8-83ea-a7eacd20f204@group-864525ACFEA0, cid=205, SUCCESS, logIndex=0, commits[81cebdb6-2756-4de8-83ea-a7eacd20f204:c15, 9c6ab30a-d72f-459b-9d58-6af7941cdaaa:c14, 5e423d06-488d-45e1-ad82-54d441feecb5:c14]
2019-08-20 15:23:58,938 [main] INFO  ozone.MiniOzoneClusterImpl (MiniOzoneClusterImpl.java:shutdown(321)) - Shutting down the Mini Ozone Cluster
2019-08-20 15:23:58,939 | INFO  | SCMAudit | user=null | ip=null | op=GET_SCM_INFO null | ret=SUCCESS |  
2019-08-20 15:23:58,939 [main] INFO  ozone.MiniOzoneClusterImpl (MiniOzoneClusterImpl.java:stop(336)) - Stopping the Mini Ozone Cluster
2019-08-20 15:23:58,939 [main] INFO  ozone.MiniOzoneClusterImpl (MiniOzoneClusterImpl.java:stop(338)) - Stopping the OzoneManager
2019-08-20 15:23:58,939 [main] INFO  ipc.Server (Server.java:stop(3082)) - Stopping server on 38497
2019-08-20 15:23:58,951 [IPC Server listener on 38497] INFO  ipc.Server (Server.java:run(1185)) - Stopping IPC Server listener on 38497
2019-08-20 15:23:58,952 [main] INFO  ratis.OzoneManagerDoubleBuffer (OzoneManagerDoubleBuffer.java:stop(248)) - Stopping OMDoubleBuffer flush thread
2019-08-20 15:23:58,957 [IPC Server Responder] INFO  ipc.Server (Server.java:run(1319)) - Stopping IPC Server Responder
2019-08-20 15:23:58,964 [OMDoubleBufferFlushThread] INFO  ratis.OzoneManagerDoubleBuffer (OzoneManagerDoubleBuffer.java:flushTransactions(191)) - OMDoubleBuffer flush thread OMDoubleBufferFlushThread is interrupted and will exit. OMDoubleBufferFlushThread
2019-08-20 15:23:58,965 [main] INFO  utils.BackgroundService (BackgroundService.java:shutdown(148)) - Shutting down service KeyDeletingService
2019-08-20 15:23:58,966 [main] INFO  handler.ContextHandler (ContextHandler.java:doStop(910)) - Stopped o.e.j.w.WebAppContext@75c0e6be{/,null,UNAVAILABLE}{/ozoneManager}
2019-08-20 15:23:58,966 [main] INFO  server.AbstractConnector (AbstractConnector.java:doStop(318)) - Stopped ServerConnector@3dfe520{HTTP/1.1,[http/1.1]}{0.0.0.0:0}
2019-08-20 15:23:58,967 [main] INFO  handler.ContextHandler (ContextHandler.java:doStop(910)) - Stopped o.e.j.s.ServletContextHandler@6108c962{/static,file:///workdir/hadoop-ozone/integration-test/target/test-classes/webapps/static,UNAVAILABLE}
2019-08-20 15:23:58,967 [main] INFO  handler.ContextHandler (ContextHandler.java:doStop(910)) - Stopped o.e.j.s.ServletContextHandler@35920655{/logs,file:///workdir/hadoop-ozone/integration-test/target/log,UNAVAILABLE}
2019-08-20 15:23:58,969 [main] INFO  ozone.MiniOzoneClusterImpl (MiniOzoneClusterImpl.java:stop(344)) - Shutting the HddsDatanodes
2019-08-20 15:23:58,970 [main] INFO  datanode.ObjectStoreHandler (ObjectStoreHandler.java:close(155)) - Closing ObjectStoreHandler.
2019-08-20 15:23:58,970 [ForkJoinPool.commonPool-worker-0] INFO  datanode.ObjectStoreHandler (ObjectStoreHandler.java:close(155)) - Closing ObjectStoreHandler.
2019-08-20 15:23:58,970 [main] INFO  ozone.HddsDatanodeService (HddsDatanodeService.java:stop(451)) - Stopped plug-in org.apache.hadoop.ozone.web.OzoneHddsDatanodeService@2dac4d04
2019-08-20 15:23:58,970 [ForkJoinPool.commonPool-worker-0] INFO  ozone.HddsDatanodeService (HddsDatanodeService.java:stop(451)) - Stopped plug-in org.apache.hadoop.ozone.web.OzoneHddsDatanodeService@4faccb34
2019-08-20 15:23:59,162 | INFO  | SCMAudit | user=jenkins1000 | ip=192.168.36.99 | op=SEND_HEARTBEAT {datanodeUUID=39479044-a7f0-46f5-a832-d507a2c1b28c, command=[]} | ret=SUCCESS |  
2019-08-20 15:23:59,437 | INFO  | SCMAudit | user=jenkins1000 | ip=192.168.36.99 | op=SEND_HEARTBEAT {datanodeUUID=81cebdb6-2756-4de8-83ea-a7eacd20f204, command=[]} | ret=SUCCESS |  
2019-08-20 15:23:59,495 [Datanode State Machine Thread - 0] INFO  statemachine.DatanodeStateMachine (DatanodeStateMachine.java:lambda$startDaemon$0(350)) - Ozone container server started.
2019-08-20 15:23:59,495 | INFO  | SCMAudit | user=jenkins1000 | ip=192.168.36.99 | op=SEND_HEARTBEAT {datanodeUUID=5e423d06-488d-45e1-ad82-54d441feecb5, command=[]} | ret=SUCCESS |  
2019-08-20 15:23:59,554 [Datanode State Machine Thread - 0] INFO  statemachine.DatanodeStateMachine (DatanodeStateMachine.java:lambda$startDaemon$0(350)) - Ozone container server started.
2019-08-20 15:23:59,556 | INFO  | SCMAudit | user=jenkins1000 | ip=192.168.36.99 | op=SEND_HEARTBEAT {datanodeUUID=fffe0fa6-9e97-473a-b4af-0bacc73ac892, command=[]} | ret=SUCCESS |  
2019-08-20 15:24:00,162 | INFO  | SCMAudit | user=jenkins1000 | ip=192.168.36.99 | op=SEND_HEARTBEAT {datanodeUUID=39479044-a7f0-46f5-a832-d507a2c1b28c, command=[]} | ret=SUCCESS |  
2019-08-20 15:24:00,436 | INFO  | SCMAudit | user=jenkins1000 | ip=192.168.36.99 | op=SEND_HEARTBEAT {datanodeUUID=81cebdb6-2756-4de8-83ea-a7eacd20f204, command=[]} | ret=SUCCESS |  
2019-08-20 15:24:00,495 | INFO  | SCMAudit | user=jenkins1000 | ip=192.168.36.99 | op=SEND_HEARTBEAT {datanodeUUID=5e423d06-488d-45e1-ad82-54d441feecb5, command=[]} | ret=SUCCESS |  
2019-08-20 15:24:00,542 [grpc-default-executor-9] WARN  server.GrpcLogAppender (LogUtils.java:warn(134)) - 098fd333-fd07-42ed-bf18-0c1d6ead7454->6b47a181-38f2-4238-bd0f-68e13143ff11: Failed appendEntries: org.apache.ratis.thirdparty.io.grpc.StatusRuntimeException: UNAVAILABLE: io exception
2019-08-20 15:24:00,545 [grpc-default-executor-9] INFO  impl.FollowerInfo (FollowerInfo.java:lambda$new$0(50)) - 098fd333-fd07-42ed-bf18-0c1d6ead7454->6b47a181-38f2-4238-bd0f-68e13143ff11: nextIndex: updateUnconditionally 1 -> 0
2019-08-20 15:24:00,556 | INFO  | SCMAudit | user=jenkins1000 | ip=192.168.36.99 | op=SEND_HEARTBEAT {datanodeUUID=fffe0fa6-9e97-473a-b4af-0bacc73ac892, command=[]} | ret=SUCCESS |  
2019-08-20 15:24:01,162 | INFO  | SCMAudit | user=jenkins1000 | ip=192.168.36.99 | op=SEND_HEARTBEAT {datanodeUUID=39479044-a7f0-46f5-a832-d507a2c1b28c, command=[]} | ret=SUCCESS |  
2019-08-20 15:24:01,437 | INFO  | SCMAudit | user=jenkins1000 | ip=192.168.36.99 | op=SEND_HEARTBEAT {datanodeUUID=81cebdb6-2756-4de8-83ea-a7eacd20f204, command=[]} | ret=SUCCESS |  
2019-08-20 15:24:01,495 | INFO  | SCMAudit | user=jenkins1000 | ip=192.168.36.99 | op=SEND_HEARTBEAT {datanodeUUID=5e423d06-488d-45e1-ad82-54d441feecb5, command=[]} | ret=SUCCESS |  
2019-08-20 15:24:01,556 | INFO  | SCMAudit | user=jenkins1000 | ip=192.168.36.99 | op=SEND_HEARTBEAT {datanodeUUID=fffe0fa6-9e97-473a-b4af-0bacc73ac892, command=[]} | ret=SUCCESS |  
2019-08-20 15:24:02,161 | INFO  | SCMAudit | user=jenkins1000 | ip=192.168.36.99 | op=SEND_HEARTBEAT {datanodeUUID=39479044-a7f0-46f5-a832-d507a2c1b28c, command=[]} | ret=SUCCESS |  
2019-08-20 15:24:02,437 | INFO  | SCMAudit | user=jenkins1000 | ip=192.168.36.99 | op=SEND_HEARTBEAT {datanodeUUID=81cebdb6-2756-4de8-83ea-a7eacd20f204, command=[]} | ret=SUCCESS |  
2019-08-20 15:24:02,496 | INFO  | SCMAudit | user=jenkins1000 | ip=192.168.36.99 | op=SEND_HEARTBEAT {datanodeUUID=5e423d06-488d-45e1-ad82-54d441feecb5, command=[]} | ret=SUCCESS |  
2019-08-20 15:24:02,556 | INFO  | SCMAudit | user=jenkins1000 | ip=192.168.36.99 | op=SEND_HEARTBEAT {datanodeUUID=fffe0fa6-9e97-473a-b4af-0bacc73ac892, command=[]} | ret=SUCCESS |  
2019-08-20 15:24:03,042 [grpc-default-executor-11] WARN  server.GrpcLogAppender (LogUtils.java:warn(134)) - 098fd333-fd07-42ed-bf18-0c1d6ead7454->6b47a181-38f2-4238-bd0f-68e13143ff11: Failed appendEntries: org.apache.ratis.thirdparty.io.grpc.StatusRuntimeException: UNAVAILABLE: io exception
2019-08-20 15:24:03,042 [grpc-default-executor-11] INFO  impl.FollowerInfo (FollowerInfo.java:lambda$new$0(50)) - 098fd333-fd07-42ed-bf18-0c1d6ead7454->6b47a181-38f2-4238-bd0f-68e13143ff11: nextIndex: updateUnconditionally 0 -> 0
2019-08-20 15:24:03,162 | INFO  | SCMAudit | user=jenkins1000 | ip=192.168.36.99 | op=SEND_HEARTBEAT {datanodeUUID=39479044-a7f0-46f5-a832-d507a2c1b28c, command=[]} | ret=SUCCESS |  
2019-08-20 15:24:03,437 | INFO  | SCMAudit | user=jenkins1000 | ip=192.168.36.99 | op=SEND_HEARTBEAT {datanodeUUID=81cebdb6-2756-4de8-83ea-a7eacd20f204, command=[]} | ret=SUCCESS |  
2019-08-20 15:24:03,496 | INFO  | SCMAudit | user=jenkins1000 | ip=192.168.36.99 | op=SEND_HEARTBEAT {datanodeUUID=5e423d06-488d-45e1-ad82-54d441feecb5, command=[]} | ret=SUCCESS |  
2019-08-20 15:24:03,502 [EventQueue-StaleNodeForStaleNodeHandler] INFO  node.StaleNodeHandler (StaleNodeHandler.java:onMessage(58)) - Datanode 9c6ab30a-d72f-459b-9d58-6af7941cdaaa{ip: 192.168.36.99, host: pr-hdds-1950-vsl5z-1698008226, networkLocation: /default-rack, certSerialId: null} moved to stale state. Finalizing its pipelines [PipelineID=4035f650-b1f1-4299-8d1d-fb154d2c8a4a, PipelineID=20fb93a8-a031-421a-a26a-864525acfea0]
2019-08-20 15:24:03,502 [EventQueue-StaleNodeForStaleNodeHandler] INFO  pipeline.SCMPipelineManager (SCMPipelineManager.java:finalizeAndDestroyPipeline(309)) - destroying pipeline:Pipeline[ Id: 4035f650-b1f1-4299-8d1d-fb154d2c8a4a, Nodes: 9c6ab30a-d72f-459b-9d58-6af7941cdaaa{ip: 192.168.36.99, host: pr-hdds-1950-vsl5z-1698008226, networkLocation: /default-rack, certSerialId: null}, Type:RATIS, Factor:ONE, State:OPEN]
2019-08-20 15:24:03,502 [EventQueue-StaleNodeForStaleNodeHandler] INFO  pipeline.PipelineStateManager (PipelineStateManager.java:finalizePipeline(123)) - Pipeline Pipeline[ Id: 4035f650-b1f1-4299-8d1d-fb154d2c8a4a, Nodes: 9c6ab30a-d72f-459b-9d58-6af7941cdaaa{ip: 192.168.36.99, host: pr-hdds-1950-vsl5z-1698008226, networkLocation: /default-rack, certSerialId: null}, Type:RATIS, Factor:ONE, State:CLOSED] moved to CLOSED state
2019-08-20 15:24:03,502 [EventQueue-StaleNodeForStaleNodeHandler] INFO  pipeline.SCMPipelineManager (SCMPipelineManager.java:finalizeAndDestroyPipeline(309)) - destroying pipeline:Pipeline[ Id: 20fb93a8-a031-421a-a26a-864525acfea0, Nodes: 81cebdb6-2756-4de8-83ea-a7eacd20f204{ip: 192.168.36.99, host: pr-hdds-1950-vsl5z-1698008226, networkLocation: /default-rack, certSerialId: null}5e423d06-488d-45e1-ad82-54d441feecb5{ip: 192.168.36.99, host: pr-hdds-1950-vsl5z-1698008226, networkLocation: /default-rack, certSerialId: null}9c6ab30a-d72f-459b-9d58-6af7941cdaaa{ip: 192.168.36.99, host: pr-hdds-1950-vsl5z-1698008226, networkLocation: /default-rack, certSerialId: null}, Type:RATIS, Factor:THREE, State:OPEN]
2019-08-20 15:24:03,502 [EventQueue-StaleNodeForStaleNodeHandler] INFO  pipeline.PipelineStateManager (PipelineStateManager.java:finalizePipeline(123)) - Pipeline Pipeline[ Id: 20fb93a8-a031-421a-a26a-864525acfea0, Nodes: 81cebdb6-2756-4de8-83ea-a7eacd20f204{ip: 192.168.36.99, host: pr-hdds-1950-vsl5z-1698008226, networkLocation: /default-rack, certSerialId: null}5e423d06-488d-45e1-ad82-54d441feecb5{ip: 192.168.36.99, host: pr-hdds-1950-vsl5z-1698008226, networkLocation: /default-rack, certSerialId: null}9c6ab30a-d72f-459b-9d58-6af7941cdaaa{ip: 192.168.36.99, host: pr-hdds-1950-vsl5z-1698008226, networkLocation: /default-rack, certSerialId: null}, Type:RATIS, Factor:THREE, State:CLOSED] moved to CLOSED state
2019-08-20 15:24:03,503 [EventQueue-CloseContainerForCloseContainerEventHandler] INFO  container.CloseContainerEventHandler (CloseContainerEventHandler.java:onMessage(61)) - Close container Event triggered for container : #2
2019-08-20 15:24:03,557 | INFO  | SCMAudit | user=jenkins1000 | ip=192.168.36.99 | op=SEND_HEARTBEAT {datanodeUUID=fffe0fa6-9e97-473a-b4af-0bacc73ac892, command=[]} | ret=SUCCESS |  
2019-08-20 15:24:03,602 [EventQueue-StaleNodeForStaleNodeHandler] INFO  node.StaleNodeHandler (StaleNodeHandler.java:onMessage(58)) - Datanode 098fd333-fd07-42ed-bf18-0c1d6ead7454{ip: 192.168.36.99, host: pr-hdds-1950-vsl5z-1698008226, networkLocation: /default-rack, certSerialId: null} moved to stale state. Finalizing its pipelines [PipelineID=f71b7286-0ebe-4ce8-b1d6-f7ee97f3dfc5, PipelineID=c99f841a-f15f-45d3-b9b2-9e5e06d0463c]
2019-08-20 15:24:03,602 [EventQueue-StaleNodeForStaleNodeHandler] INFO  pipeline.SCMPipelineManager (SCMPipelineManager.java:finalizeAndDestroyPipeline(309)) - destroying pipeline:Pipeline[ Id: f71b7286-0ebe-4ce8-b1d6-f7ee97f3dfc5, Nodes: 098fd333-fd07-42ed-bf18-0c1d6ead7454{ip: 192.168.36.99, host: pr-hdds-1950-vsl5z-1698008226, networkLocation: /default-rack, certSerialId: null}, Type:RATIS, Factor:ONE, State:OPEN]
2019-08-20 15:24:03,602 [EventQueue-StaleNodeForStaleNodeHandler] INFO  pipeline.PipelineStateManager (PipelineStateManager.java:finalizePipeline(123)) - Pipeline Pipeline[ Id: f71b7286-0ebe-4ce8-b1d6-f7ee97f3dfc5, Nodes: 098fd333-fd07-42ed-bf18-0c1d6ead7454{ip: 192.168.36.99, host: pr-hdds-1950-vsl5z-1698008226, networkLocation: /default-rack, certSerialId: null}, Type:RATIS, Factor:ONE, State:CLOSED] moved to CLOSED state
2019-08-20 15:24:03,602 [EventQueue-StaleNodeForStaleNodeHandler] INFO  pipeline.SCMPipelineManager (SCMPipelineManager.java:finalizeAndDestroyPipeline(309)) - destroying pipeline:Pipeline[ Id: c99f841a-f15f-45d3-b9b2-9e5e06d0463c, Nodes: 6b47a181-38f2-4238-bd0f-68e13143ff11{ip: 192.168.36.99, host: pr-hdds-1950-vsl5z-1698008226, networkLocation: /default-rack, certSerialId: null}098fd333-fd07-42ed-bf18-0c1d6ead7454{ip: 192.168.36.99, host: pr-hdds-1950-vsl5z-1698008226, networkLocation: /default-rack, certSerialId: null}fffe0fa6-9e97-473a-b4af-0bacc73ac892{ip: 192.168.36.99, host: pr-hdds-1950-vsl5z-1698008226, networkLocation: /default-rack, certSerialId: null}, Type:RATIS, Factor:THREE, State:CLOSED]
2019-08-20 15:24:03,971 [main] INFO  ozoneimpl.OzoneContainer (OzoneContainer.java:stop(199)) - Attempting to stop container services.
2019-08-20 15:24:03,971 [ForkJoinPool.commonPool-worker-0] INFO  ozoneimpl.OzoneContainer (OzoneContainer.java:stop(199)) - Attempting to stop container services.
2019-08-20 15:24:03,972 [main] INFO  impl.RaftServerProxy (RaftServerProxy.java:lambda$close$4(314)) - 9c6ab30a-d72f-459b-9d58-6af7941cdaaa: close
2019-08-20 15:24:03,972 [ForkJoinPool.commonPool-worker-0] INFO  impl.RaftServerProxy (RaftServerProxy.java:lambda$close$4(314)) - 098fd333-fd07-42ed-bf18-0c1d6ead7454: close
2019-08-20 15:24:03,972 [main] INFO  impl.RaftServerImpl (RaftServerImpl.java:lambda$shutdown$3(245)) - 9c6ab30a-d72f-459b-9d58-6af7941cdaaa: shutdown group-FB154D2C8A4A
2019-08-20 15:24:03,972 [ForkJoinPool.commonPool-worker-0] INFO  impl.RaftServerImpl (RaftServerImpl.java:lambda$shutdown$3(245)) - 098fd333-fd07-42ed-bf18-0c1d6ead7454: shutdown group-F7EE97F3DFC5
2019-08-20 15:24:03,973 [main] INFO  util.JmxRegister (JmxRegister.java:unregister(73)) - Successfully un-registered JMX Bean with object name Ratis:service=RaftServer,group=group-FB154D2C8A4A,id=9c6ab30a-d72f-459b-9d58-6af7941cdaaa
2019-08-20 15:24:03,973 [main] INFO  impl.RoleInfo (RoleInfo.java:shutdownLeaderState(104)) - 9c6ab30a-d72f-459b-9d58-6af7941cdaaa: shutdown LeaderState
2019-08-20 15:24:03,973 [ForkJoinPool.commonPool-worker-0] INFO  util.JmxRegister (JmxRegister.java:unregister(73)) - Successfully un-registered JMX Bean with object name Ratis:service=RaftServer,group=group-F7EE97F3DFC5,id=098fd333-fd07-42ed-bf18-0c1d6ead7454
2019-08-20 15:24:03,974 [main] INFO  impl.PendingRequests (PendingRequests.java:sendNotLeaderResponses(202)) - 9c6ab30a-d72f-459b-9d58-6af7941cdaaa-PendingRequests: sendNotLeaderResponses
2019-08-20 15:24:03,974 [ForkJoinPool.commonPool-worker-0] INFO  impl.RoleInfo (RoleInfo.java:shutdownLeaderState(104)) - 098fd333-fd07-42ed-bf18-0c1d6ead7454: shutdown LeaderState
2019-08-20 15:24:03,975 [main] INFO  impl.StateMachineUpdater (StateMachineUpdater.java:stopAndJoin(115)) - StateMachineUpdater:9c6ab30a-d72f-459b-9d58-6af7941cdaaa:group-FB154D2C8A4A: set stopIndex = 0
2019-08-20 15:24:03,975 [ForkJoinPool.commonPool-worker-0] INFO  impl.PendingRequests (PendingRequests.java:sendNotLeaderResponses(202)) - 098fd333-fd07-42ed-bf18-0c1d6ead7454-PendingRequests: sendNotLeaderResponses
2019-08-20 15:24:03,975 [main] INFO  impl.RaftServerImpl (ServerState.java:close(394)) - 9c6ab30a-d72f-459b-9d58-6af7941cdaaa:group-FB154D2C8A4A closes. The last applied log index is 0
2019-08-20 15:24:03,976 [ForkJoinPool.commonPool-worker-0] INFO  impl.StateMachineUpdater (StateMachineUpdater.java:stopAndJoin(115)) - StateMachineUpdater:098fd333-fd07-42ed-bf18-0c1d6ead7454:group-F7EE97F3DFC5: set stopIndex = 0
2019-08-20 15:24:03,976 [9c6ab30a-d72f-459b-9d58-6af7941cdaaa-SegmentedRaftLogWorker:Storage Directory /workdir/hadoop-ozone/integration-test/target/test-dir/MiniOzoneClusterImpl-55fc759d-3081-4a00-8886-eafd5a4bcf81/datanode-4/data/ratis/4035f650-b1f1-4299-8d1d-fb154d2c8a4a] INFO  segmented.SegmentedRaftLogWorker (SegmentedRaftLogWorker.java:run(313)) - 9c6ab30a-d72f-459b-9d58-6af7941cdaaa-SegmentedRaftLogWorker:Storage Directory /workdir/hadoop-ozone/integration-test/target/test-dir/MiniOzoneClusterImpl-55fc759d-3081-4a00-8886-eafd5a4bcf81/datanode-4/data/ratis/4035f650-b1f1-4299-8d1d-fb154d2c8a4a was interrupted, exiting. There are 0 tasks remaining in the queue.
2019-08-20 15:24:03,976 [ForkJoinPool.commonPool-worker-0] INFO  impl.RaftServerImpl (ServerState.java:close(394)) - 098fd333-fd07-42ed-bf18-0c1d6ead7454:group-F7EE97F3DFC5 closes. The last applied log index is 0
2019-08-20 15:24:03,980 [main] INFO  segmented.SegmentedRaftLogWorker (SegmentedRaftLogWorker.java:close(228)) - 9c6ab30a-d72f-459b-9d58-6af7941cdaaa-SegmentedRaftLogWorker:Storage Directory /workdir/hadoop-ozone/integration-test/target/test-dir/MiniOzoneClusterImpl-55fc759d-3081-4a00-8886-eafd5a4bcf81/datanode-4/data/ratis/4035f650-b1f1-4299-8d1d-fb154d2c8a4a close()
2019-08-20 15:24:03,980 [098fd333-fd07-42ed-bf18-0c1d6ead7454-SegmentedRaftLogWorker:Storage Directory /workdir/hadoop-ozone/integration-test/target/test-dir/MiniOzoneClusterImpl-55fc759d-3081-4a00-8886-eafd5a4bcf81/datanode-1/data/ratis/f71b7286-0ebe-4ce8-b1d6-f7ee97f3dfc5] INFO  segmented.SegmentedRaftLogWorker (SegmentedRaftLogWorker.java:run(313)) - 098fd333-fd07-42ed-bf18-0c1d6ead7454-SegmentedRaftLogWorker:Storage Directory /workdir/hadoop-ozone/integration-test/target/test-dir/MiniOzoneClusterImpl-55fc759d-3081-4a00-8886-eafd5a4bcf81/datanode-1/data/ratis/f71b7286-0ebe-4ce8-b1d6-f7ee97f3dfc5 was interrupted, exiting. There are 0 tasks remaining in the queue.
2019-08-20 15:24:03,985 [main] INFO  impl.RaftServerImpl (RaftServerImpl.java:lambda$shutdown$3(245)) - 9c6ab30a-d72f-459b-9d58-6af7941cdaaa: shutdown group-864525ACFEA0
2019-08-20 15:24:03,987 [ForkJoinPool.commonPool-worker-0] INFO  segmented.SegmentedRaftLogWorker (SegmentedRaftLogWorker.java:close(228)) - 098fd333-fd07-42ed-bf18-0c1d6ead7454-SegmentedRaftLogWorker:Storage Directory /workdir/hadoop-ozone/integration-test/target/test-dir/MiniOzoneClusterImpl-55fc759d-3081-4a00-8886-eafd5a4bcf81/datanode-1/data/ratis/f71b7286-0ebe-4ce8-b1d6-f7ee97f3dfc5 close()
2019-08-20 15:24:03,987 [main] INFO  util.JmxRegister (JmxRegister.java:unregister(73)) - Successfully un-registered JMX Bean with object name Ratis:service=RaftServer,group=group-864525ACFEA0,id=9c6ab30a-d72f-459b-9d58-6af7941cdaaa
2019-08-20 15:24:03,991 [main] INFO  impl.RoleInfo (RoleInfo.java:shutdownFollowerState(121)) - 9c6ab30a-d72f-459b-9d58-6af7941cdaaa: shutdown FollowerState
2019-08-20 15:24:03,992 [main] INFO  impl.StateMachineUpdater (StateMachineUpdater.java:stopAndJoin(115)) - StateMachineUpdater:9c6ab30a-d72f-459b-9d58-6af7941cdaaa:group-864525ACFEA0: set stopIndex = 16
2019-08-20 15:24:03,991 [ForkJoinPool.commonPool-worker-0] INFO  impl.RaftServerImpl (RaftServerImpl.java:lambda$shutdown$3(245)) - 098fd333-fd07-42ed-bf18-0c1d6ead7454: shutdown group-9E5E06D0463C
2019-08-20 15:24:03,992 [Thread-3763] INFO  impl.FollowerState (FollowerState.java:run(114)) - 9c6ab30a-d72f-459b-9d58-6af7941cdaaa: FollowerState was interrupted: java.lang.InterruptedException: sleep interrupted
2019-08-20 15:24:03,992 [StateMachineUpdater:9c6ab30a-d72f-459b-9d58-6af7941cdaaa:group-864525ACFEA0] INFO  ratis.ContainerStateMachine (ContainerStateMachine.java:takeSnapshot(271)) - group-864525ACFEA0: Taking a snapshot at:(t:2, i:14) file /workdir/hadoop-ozone/integration-test/target/test-dir/MiniOzoneClusterImpl-55fc759d-3081-4a00-8886-eafd5a4bcf81/datanode-4/data/ratis/20fb93a8-a031-421a-a26a-864525acfea0/sm/snapshot.2_14
2019-08-20 15:24:03,993 [ForkJoinPool.commonPool-worker-0] INFO  util.JmxRegister (JmxRegister.java:unregister(73)) - Successfully un-registered JMX Bean with object name Ratis:service=RaftServer,group=group-9E5E06D0463C,id=098fd333-fd07-42ed-bf18-0c1d6ead7454
2019-08-20 15:24:03,995 [ForkJoinPool.commonPool-worker-0] INFO  impl.RoleInfo (RoleInfo.java:shutdownLeaderState(104)) - 098fd333-fd07-42ed-bf18-0c1d6ead7454: shutdown LeaderState
2019-08-20 15:24:03,999 [org.apache.ratis.server.impl.LogAppender$AppenderDaemon$$Lambda$465/637356917@7bf2fe77] WARN  server.GrpcLogAppender (GrpcLogAppender.java:mayWait(143)) - GrpcLogAppender(098fd333-fd07-42ed-bf18-0c1d6ead7454->6b47a181-38f2-4238-bd0f-68e13143ff11): Wait interrupted by java.lang.InterruptedException
2019-08-20 15:24:03,999 [org.apache.ratis.server.impl.LogAppender$AppenderDaemon$$Lambda$465/637356917@1f88cec1] WARN  server.GrpcLogAppender (GrpcLogAppender.java:mayWait(143)) - GrpcLogAppender(098fd333-fd07-42ed-bf18-0c1d6ead7454->fffe0fa6-9e97-473a-b4af-0bacc73ac892): Wait interrupted by java.lang.InterruptedException
2019-08-20 15:24:03,999 [ForkJoinPool.commonPool-worker-0] INFO  impl.PendingRequests (PendingRequests.java:sendNotLeaderResponses(202)) - 098fd333-fd07-42ed-bf18-0c1d6ead7454-PendingRequests: sendNotLeaderResponses
2019-08-20 15:24:04,000 [grpc-default-executor-11] INFO  server.GrpcServerProtocolService (GrpcServerProtocolService.java:onCompleted(104)) - fffe0fa6-9e97-473a-b4af-0bacc73ac892: appendEntries completed
2019-08-20 15:24:04,000 [StateMachineUpdater:098fd333-fd07-42ed-bf18-0c1d6ead7454:group-9E5E06D0463C] INFO  ratis.ContainerStateMachine (ContainerStateMachine.java:takeSnapshot(271)) - group-9E5E06D0463C: Taking a snapshot at:(t:1, i:14) file /workdir/hadoop-ozone/integration-test/target/test-dir/MiniOzoneClusterImpl-55fc759d-3081-4a00-8886-eafd5a4bcf81/datanode-1/data/ratis/c99f841a-f15f-45d3-b9b2-9e5e06d0463c/sm/snapshot.1_14
2019-08-20 15:24:04,000 [ForkJoinPool.commonPool-worker-0] INFO  impl.StateMachineUpdater (StateMachineUpdater.java:stopAndJoin(115)) - StateMachineUpdater:098fd333-fd07-42ed-bf18-0c1d6ead7454:group-9E5E06D0463C: set stopIndex = 18
2019-08-20 15:24:04,001 [grpc-default-executor-9] INFO  server.GrpcLogAppender (GrpcLogAppender.java:onCompleted(292)) - 098fd333-fd07-42ed-bf18-0c1d6ead7454->fffe0fa6-9e97-473a-b4af-0bacc73ac892: follower responses appendEntries COMPLETED
2019-08-20 15:24:04,001 [grpc-default-executor-9] INFO  impl.FollowerInfo (FollowerInfo.java:lambda$new$0(50)) - 098fd333-fd07-42ed-bf18-0c1d6ead7454->fffe0fa6-9e97-473a-b4af-0bacc73ac892: nextIndex: updateUnconditionally 19 -> 18
2019-08-20 15:24:04,010 [StateMachineUpdater:9c6ab30a-d72f-459b-9d58-6af7941cdaaa:group-864525ACFEA0] INFO  ratis.ContainerStateMachine (ContainerStateMachine.java:takeSnapshot(282)) - group-864525ACFEA0: Finished taking a snapshot at:(t:2, i:14) file:/workdir/hadoop-ozone/integration-test/target/test-dir/MiniOzoneClusterImpl-55fc759d-3081-4a00-8886-eafd5a4bcf81/datanode-4/data/ratis/20fb93a8-a031-421a-a26a-864525acfea0/sm/snapshot.2_14 time:18
2019-08-20 15:24:04,010 [StateMachineUpdater:9c6ab30a-d72f-459b-9d58-6af7941cdaaa:group-864525ACFEA0] INFO  impl.StateMachineUpdater (StateMachineUpdater.java:takeSnapshot(242)) - StateMachineUpdater:9c6ab30a-d72f-459b-9d58-6af7941cdaaa:group-864525ACFEA0: Took a snapshot at index 14
2019-08-20 15:24:04,010 [StateMachineUpdater:9c6ab30a-d72f-459b-9d58-6af7941cdaaa:group-864525ACFEA0] INFO  impl.StateMachineUpdater (StateMachineUpdater.java:lambda$new$0(80)) - StateMachineUpdater:9c6ab30a-d72f-459b-9d58-6af7941cdaaa:group-864525ACFEA0: snapshotIndex: updateIncreasingly -1 -> 14
2019-08-20 15:24:04,011 [main] INFO  impl.RaftServerImpl (ServerState.java:close(394)) - 9c6ab30a-d72f-459b-9d58-6af7941cdaaa:group-864525ACFEA0 closes. The last applied log index is 16
2019-08-20 15:24:04,011 [9c6ab30a-d72f-459b-9d58-6af7941cdaaa-SegmentedRaftLogWorker:Storage Directory /workdir/hadoop-ozone/integration-test/target/test-dir/MiniOzoneClusterImpl-55fc759d-3081-4a00-8886-eafd5a4bcf81/datanode-4/data/ratis/20fb93a8-a031-421a-a26a-864525acfea0] INFO  segmented.SegmentedRaftLogWorker (SegmentedRaftLogWorker.java:run(313)) - 9c6ab30a-d72f-459b-9d58-6af7941cdaaa-SegmentedRaftLogWorker:Storage Directory /workdir/hadoop-ozone/integration-test/target/test-dir/MiniOzoneClusterImpl-55fc759d-3081-4a00-8886-eafd5a4bcf81/datanode-4/data/ratis/20fb93a8-a031-421a-a26a-864525acfea0 was interrupted, exiting. There are 0 tasks remaining in the queue.
2019-08-20 15:24:04,013 [main] INFO  segmented.SegmentedRaftLogWorker (SegmentedRaftLogWorker.java:close(228)) - 9c6ab30a-d72f-459b-9d58-6af7941cdaaa-SegmentedRaftLogWorker:Storage Directory /workdir/hadoop-ozone/integration-test/target/test-dir/MiniOzoneClusterImpl-55fc759d-3081-4a00-8886-eafd5a4bcf81/datanode-4/data/ratis/20fb93a8-a031-421a-a26a-864525acfea0 close()
2019-08-20 15:24:04,017 [main] INFO  server.GrpcService (GrpcService.java:closeImpl(155)) - 9c6ab30a-d72f-459b-9d58-6af7941cdaaa: shutdown server with port 45772 now
2019-08-20 15:24:04,018 [grpc-default-executor-11] WARN  server.GrpcServerProtocolService (LogUtils.java:warn(134)) - 9c6ab30a-d72f-459b-9d58-6af7941cdaaa: appendEntries onError: org.apache.ratis.thirdparty.io.grpc.StatusRuntimeException: CANCELLED: cancelled before receiving half close
2019-08-20 15:24:04,018 [main] INFO  server.GrpcService (GrpcService.java:closeImpl(163)) - 9c6ab30a-d72f-459b-9d58-6af7941cdaaa: shutdown server with port 45772 successfully
2019-08-20 15:24:04,019 [grpc-default-executor-9] WARN  server.GrpcLogAppender (LogUtils.java:warn(134)) - 81cebdb6-2756-4de8-83ea-a7eacd20f204->9c6ab30a-d72f-459b-9d58-6af7941cdaaa: Failed appendEntries: org.apache.ratis.thirdparty.io.grpc.StatusRuntimeException: CANCELLED: HTTP/2 error code: CANCEL
Received Rst Stream
2019-08-20 15:24:04,019 [grpc-default-executor-9] INFO  impl.FollowerInfo (FollowerInfo.java:lambda$new$0(50)) - 81cebdb6-2756-4de8-83ea-a7eacd20f204->9c6ab30a-d72f-459b-9d58-6af7941cdaaa: nextIndex: updateUnconditionally 17 -> 16
2019-08-20 15:24:04,020 [main] INFO  utils.BackgroundService (BackgroundService.java:shutdown(148)) - Shutting down service BlockDeletingService
2019-08-20 15:24:04,025 [refreshUsed-/workdir/hadoop-ozone/integration-test/target/test-dir/MiniOzoneClusterImpl-55fc759d-3081-4a00-8886-eafd5a4bcf81/datanode-4/data/containers] WARN  fs.CachingGetSpaceUsed (CachingGetSpaceUsed.java:run(183)) - Thread Interrupted waiting to refresh disk information: sleep interrupted
2019-08-20 15:24:04,027 [StateMachineUpdater:098fd333-fd07-42ed-bf18-0c1d6ead7454:group-9E5E06D0463C] INFO  ratis.ContainerStateMachine (ContainerStateMachine.java:takeSnapshot(282)) - group-9E5E06D0463C: Finished taking a snapshot at:(t:1, i:14) file:/workdir/hadoop-ozone/integration-test/target/test-dir/MiniOzoneClusterImpl-55fc759d-3081-4a00-8886-eafd5a4bcf81/datanode-1/data/ratis/c99f841a-f15f-45d3-b9b2-9e5e06d0463c/sm/snapshot.1_14 time:27
2019-08-20 15:24:04,027 [StateMachineUpdater:098fd333-fd07-42ed-bf18-0c1d6ead7454:group-9E5E06D0463C] INFO  impl.StateMachineUpdater (StateMachineUpdater.java:takeSnapshot(242)) - StateMachineUpdater:098fd333-fd07-42ed-bf18-0c1d6ead7454:group-9E5E06D0463C: Took a snapshot at index 14
2019-08-20 15:24:04,027 [StateMachineUpdater:098fd333-fd07-42ed-bf18-0c1d6ead7454:group-9E5E06D0463C] INFO  impl.StateMachineUpdater (StateMachineUpdater.java:lambda$new$0(80)) - StateMachineUpdater:098fd333-fd07-42ed-bf18-0c1d6ead7454:group-9E5E06D0463C: snapshotIndex: updateIncreasingly -1 -> 14
2019-08-20 15:24:04,027 [ForkJoinPool.commonPool-worker-0] INFO  impl.RaftServerImpl (ServerState.java:close(394)) - 098fd333-fd07-42ed-bf18-0c1d6ead7454:group-9E5E06D0463C closes. The last applied log index is 18
2019-08-20 15:24:04,028 [098fd333-fd07-42ed-bf18-0c1d6ead7454-SegmentedRaftLogWorker:Storage Directory /workdir/hadoop-ozone/integration-test/target/test-dir/MiniOzoneClusterImpl-55fc759d-3081-4a00-8886-eafd5a4bcf81/datanode-1/data/ratis/c99f841a-f15f-45d3-b9b2-9e5e06d0463c] INFO  segmented.SegmentedRaftLogWorker (SegmentedRaftLogWorker.java:run(313)) - 098fd333-fd07-42ed-bf18-0c1d6ead7454-SegmentedRaftLogWorker:Storage Directory /workdir/hadoop-ozone/integration-test/target/test-dir/MiniOzoneClusterImpl-55fc759d-3081-4a00-8886-eafd5a4bcf81/datanode-1/data/ratis/c99f841a-f15f-45d3-b9b2-9e5e06d0463c was interrupted, exiting. There are 0 tasks remaining in the queue.
2019-08-20 15:24:04,030 [ForkJoinPool.commonPool-worker-0] INFO  segmented.SegmentedRaftLogWorker (SegmentedRaftLogWorker.java:close(228)) - 098fd333-fd07-42ed-bf18-0c1d6ead7454-SegmentedRaftLogWorker:Storage Directory /workdir/hadoop-ozone/integration-test/target/test-dir/MiniOzoneClusterImpl-55fc759d-3081-4a00-8886-eafd5a4bcf81/datanode-1/data/ratis/c99f841a-f15f-45d3-b9b2-9e5e06d0463c close()
2019-08-20 15:24:04,033 [ForkJoinPool.commonPool-worker-0] INFO  server.GrpcService (GrpcService.java:closeImpl(155)) - 098fd333-fd07-42ed-bf18-0c1d6ead7454: shutdown server with port 36625 now
2019-08-20 15:24:04,034 [ForkJoinPool.commonPool-worker-0] INFO  server.GrpcService (GrpcService.java:closeImpl(163)) - 098fd333-fd07-42ed-bf18-0c1d6ead7454: shutdown server with port 36625 successfully
2019-08-20 15:24:04,035 [ForkJoinPool.commonPool-worker-0] INFO  utils.BackgroundService (BackgroundService.java:shutdown(148)) - Shutting down service BlockDeletingService
2019-08-20 15:24:04,036 [refreshUsed-/workdir/hadoop-ozone/integration-test/target/test-dir/MiniOzoneClusterImpl-55fc759d-3081-4a00-8886-eafd5a4bcf81/datanode-1/data/containers] WARN  fs.CachingGetSpaceUsed (CachingGetSpaceUsed.java:run(183)) - Thread Interrupted waiting to refresh disk information: sleep interrupted
2019-08-20 15:24:04,052 [main] INFO  statemachine.DatanodeStateMachine (DatanodeStateMachine.java:stopDaemon(395)) - Ozone container server stopped.
2019-08-20 15:24:04,053 [main] INFO  handler.ContextHandler (ContextHandler.java:doStop(910)) - Stopped o.e.j.w.WebAppContext@1e6a8d01{/,null,UNAVAILABLE}{/hddsDatanode}
2019-08-20 15:24:04,054 [main] INFO  server.AbstractConnector (AbstractConnector.java:doStop(318)) - Stopped ServerConnector@63c07eaf{HTTP/1.1,[http/1.1]}{0.0.0.0:0}
2019-08-20 15:24:04,054 [main] INFO  handler.ContextHandler (ContextHandler.java:doStop(910)) - Stopped o.e.j.s.ServletContextHandler@2940eec0{/static,jar:file:/home/user/.m2/repository/org/apache/hadoop/hadoop-hdds-container-service/0.5.0-SNAPSHOT/hadoop-hdds-container-service-0.5.0-SNAPSHOT.jar!/webapps/static,UNAVAILABLE}
2019-08-20 15:24:04,054 [main] INFO  handler.ContextHandler (ContextHandler.java:doStop(910)) - Stopped o.e.j.s.ServletContextHandler@2f341732{/logs,file:///workdir/hadoop-ozone/integration-test/target/log,UNAVAILABLE}
2019-08-20 15:24:04,055 [main] INFO  datanode.ObjectStoreHandler (ObjectStoreHandler.java:close(155)) - Closing ObjectStoreHandler.
2019-08-20 15:24:04,056 [main] INFO  ozone.HddsDatanodeService (HddsDatanodeService.java:stop(451)) - Stopped plug-in org.apache.hadoop.ozone.web.OzoneHddsDatanodeService@f8dfcbe
2019-08-20 15:24:04,064 [ForkJoinPool.commonPool-worker-0] INFO  statemachine.DatanodeStateMachine (DatanodeStateMachine.java:stopDaemon(395)) - Ozone container server stopped.
2019-08-20 15:24:04,069 [ForkJoinPool.commonPool-worker-0] INFO  handler.ContextHandler (ContextHandler.java:doStop(910)) - Stopped o.e.j.w.WebAppContext@203b98cf{/,null,UNAVAILABLE}{/hddsDatanode}
2019-08-20 15:24:04,070 [ForkJoinPool.commonPool-worker-0] INFO  server.AbstractConnector (AbstractConnector.java:doStop(318)) - Stopped ServerConnector@52bcd7c9{HTTP/1.1,[http/1.1]}{0.0.0.0:0}
2019-08-20 15:24:04,072 [ForkJoinPool.commonPool-worker-0] INFO  handler.ContextHandler (ContextHandler.java:doStop(910)) - Stopped o.e.j.s.ServletContextHandler@699fe19f{/static,jar:file:/home/user/.m2/repository/org/apache/hadoop/hadoop-hdds-container-service/0.5.0-SNAPSHOT/hadoop-hdds-container-service-0.5.0-SNAPSHOT.jar!/webapps/static,UNAVAILABLE}
2019-08-20 15:24:04,073 [ForkJoinPool.commonPool-worker-0] INFO  handler.ContextHandler (ContextHandler.java:doStop(910)) - Stopped o.e.j.s.ServletContextHandler@5a097a83{/logs,file:///workdir/hadoop-ozone/integration-test/target/log,UNAVAILABLE}
2019-08-20 15:24:04,074 [ForkJoinPool.commonPool-worker-0] INFO  datanode.ObjectStoreHandler (ObjectStoreHandler.java:close(155)) - Closing ObjectStoreHandler.
2019-08-20 15:24:04,075 [ForkJoinPool.commonPool-worker-0] INFO  ozone.HddsDatanodeService (HddsDatanodeService.java:stop(451)) - Stopped plug-in org.apache.hadoop.ozone.web.OzoneHddsDatanodeService@11548363
2019-08-20 15:24:04,162 | INFO  | SCMAudit | user=jenkins1000 | ip=192.168.36.99 | op=SEND_HEARTBEAT {datanodeUUID=39479044-a7f0-46f5-a832-d507a2c1b28c, command=[]} | ret=SUCCESS |  
2019-08-20 15:24:04,437 [Datanode State Machine Thread - 0] INFO  statemachine.DatanodeStateMachine (DatanodeStateMachine.java:lambda$startDaemon$0(350)) - Ozone container server started.
2019-08-20 15:24:04,496 | INFO  | SCMAudit | user=jenkins1000 | ip=192.168.36.99 | op=SEND_HEARTBEAT {datanodeUUID=5e423d06-488d-45e1-ad82-54d441feecb5, command=[commandType: closeContainerCommand closeContainerCommandProto { containerID: 2 pipelineID { id: "20fb93a8-a031-421a-a26a-864525acfea0" } cmdId: 2 force: false } ]} | ret=SUCCESS |  
2019-08-20 15:24:04,556 [Datanode State Machine Thread - 0] INFO  statemachine.DatanodeStateMachine (DatanodeStateMachine.java:lambda$startDaemon$0(350)) - Ozone container server started.
2019-08-20 15:24:05,162 | INFO  | SCMAudit | user=jenkins1000 | ip=192.168.36.99 | op=SEND_HEARTBEAT {datanodeUUID=39479044-a7f0-46f5-a832-d507a2c1b28c, command=[]} | ret=SUCCESS |  
2019-08-20 15:24:05,496 | INFO  | SCMAudit | user=jenkins1000 | ip=192.168.36.99 | op=SEND_HEARTBEAT {datanodeUUID=5e423d06-488d-45e1-ad82-54d441feecb5, command=[]} | ret=SUCCESS |  
2019-08-20 15:24:06,162 | INFO  | SCMAudit | user=jenkins1000 | ip=192.168.36.99 | op=SEND_HEARTBEAT {datanodeUUID=39479044-a7f0-46f5-a832-d507a2c1b28c, command=[]} | ret=SUCCESS |  
2019-08-20 15:24:06,444 [grpc-default-executor-11] WARN  server.GrpcLogAppender (LogUtils.java:warn(134)) - 81cebdb6-2756-4de8-83ea-a7eacd20f204->9c6ab30a-d72f-459b-9d58-6af7941cdaaa: Failed appendEntries: org.apache.ratis.thirdparty.io.grpc.StatusRuntimeException: UNAVAILABLE: io exception
2019-08-20 15:24:06,445 [grpc-default-executor-11] INFO  impl.FollowerInfo (FollowerInfo.java:lambda$new$0(50)) - 81cebdb6-2756-4de8-83ea-a7eacd20f204->9c6ab30a-d72f-459b-9d58-6af7941cdaaa: nextIndex: updateUnconditionally 16 -> 15
2019-08-20 15:24:06,496 | INFO  | SCMAudit | user=jenkins1000 | ip=192.168.36.99 | op=SEND_HEARTBEAT {datanodeUUID=5e423d06-488d-45e1-ad82-54d441feecb5, command=[]} | ret=SUCCESS |  
2019-08-20 15:24:06,512 | INFO  | SCMAudit | user=jenkins1000 | ip=192.168.36.99 | op=SEND_HEARTBEAT {datanodeUUID=5e423d06-488d-45e1-ad82-54d441feecb5, command=[]} | ret=SUCCESS |  
2019-08-20 15:24:07,162 | INFO  | SCMAudit | user=jenkins1000 | ip=192.168.36.99 | op=SEND_HEARTBEAT {datanodeUUID=39479044-a7f0-46f5-a832-d507a2c1b28c, command=[]} | ret=SUCCESS |  
2019-08-20 15:24:07,512 | INFO  | SCMAudit | user=jenkins1000 | ip=192.168.36.99 | op=SEND_HEARTBEAT {datanodeUUID=5e423d06-488d-45e1-ad82-54d441feecb5, command=[]} | ret=SUCCESS |  
2019-08-20 15:24:08,162 | INFO  | SCMAudit | user=jenkins1000 | ip=192.168.36.99 | op=SEND_HEARTBEAT {datanodeUUID=39479044-a7f0-46f5-a832-d507a2c1b28c, command=[]} | ret=SUCCESS |  
2019-08-20 15:24:08,241 [Thread-3820] INFO  impl.FollowerState (FollowerState.java:run(106)) - fffe0fa6-9e97-473a-b4af-0bacc73ac892:group-9E5E06D0463C changes to CANDIDATE, lastRpcTime:5197, electionTimeout:5146ms
2019-08-20 15:24:08,241 [Thread-3820] INFO  impl.RoleInfo (RoleInfo.java:shutdownFollowerState(121)) - fffe0fa6-9e97-473a-b4af-0bacc73ac892: shutdown FollowerState
2019-08-20 15:24:08,241 [Thread-3820] INFO  impl.RaftServerImpl (RaftServerImpl.java:setRole(171)) - fffe0fa6-9e97-473a-b4af-0bacc73ac892:group-9E5E06D0463C changes role from FOLLOWER to CANDIDATE at term 2 for changeToCandidate
2019-08-20 15:24:08,241 [Thread-3820] INFO  impl.RoleInfo (RoleInfo.java:updateAndGet(143)) - fffe0fa6-9e97-473a-b4af-0bacc73ac892: start LeaderElection
2019-08-20 15:24:08,250 [fffe0fa6-9e97-473a-b4af-0bacc73ac892:group-9E5E06D0463C:LeaderElection98] INFO  impl.RaftServerImpl (ServerState.java:setLeader(263)) - fffe0fa6-9e97-473a-b4af-0bacc73ac892:group-9E5E06D0463C change Leader from 098fd333-fd07-42ed-bf18-0c1d6ead7454 to null at term 2 for initElection
2019-08-20 15:24:08,508 [EventQueue-StaleNodeForStaleNodeHandler] INFO  node.StaleNodeHandler (StaleNodeHandler.java:onMessage(58)) - Datanode 81cebdb6-2756-4de8-83ea-a7eacd20f204{ip: 192.168.36.99, host: pr-hdds-1950-vsl5z-1698008226, networkLocation: /default-rack, certSerialId: null} moved to stale state. Finalizing its pipelines [PipelineID=20fb93a8-a031-421a-a26a-864525acfea0, PipelineID=397c2e4f-cb06-4d9a-90c6-fcd3519cbf59]
2019-08-20 15:24:08,508 [EventQueue-StaleNodeForStaleNodeHandler] INFO  pipeline.SCMPipelineManager (SCMPipelineManager.java:finalizeAndDestroyPipeline(309)) - destroying pipeline:Pipeline[ Id: 20fb93a8-a031-421a-a26a-864525acfea0, Nodes: 81cebdb6-2756-4de8-83ea-a7eacd20f204{ip: 192.168.36.99, host: pr-hdds-1950-vsl5z-1698008226, networkLocation: /default-rack, certSerialId: null}5e423d06-488d-45e1-ad82-54d441feecb5{ip: 192.168.36.99, host: pr-hdds-1950-vsl5z-1698008226, networkLocation: /default-rack, certSerialId: null}9c6ab30a-d72f-459b-9d58-6af7941cdaaa{ip: 192.168.36.99, host: pr-hdds-1950-vsl5z-1698008226, networkLocation: /default-rack, certSerialId: null}, Type:RATIS, Factor:THREE, State:CLOSED]
2019-08-20 15:24:08,508 [EventQueue-StaleNodeForStaleNodeHandler] INFO  pipeline.SCMPipelineManager (SCMPipelineManager.java:finalizeAndDestroyPipeline(309)) - destroying pipeline:Pipeline[ Id: 397c2e4f-cb06-4d9a-90c6-fcd3519cbf59, Nodes: 81cebdb6-2756-4de8-83ea-a7eacd20f204{ip: 192.168.36.99, host: pr-hdds-1950-vsl5z-1698008226, networkLocation: /default-rack, certSerialId: null}, Type:RATIS, Factor:ONE, State:OPEN]
2019-08-20 15:24:08,508 [EventQueue-StaleNodeForStaleNodeHandler] INFO  pipeline.PipelineStateManager (PipelineStateManager.java:finalizePipeline(123)) - Pipeline Pipeline[ Id: 397c2e4f-cb06-4d9a-90c6-fcd3519cbf59, Nodes: 81cebdb6-2756-4de8-83ea-a7eacd20f204{ip: 192.168.36.99, host: pr-hdds-1950-vsl5z-1698008226, networkLocation: /default-rack, certSerialId: null}, Type:RATIS, Factor:ONE, State:CLOSED] moved to CLOSED state
2019-08-20 15:24:08,512 | INFO  | SCMAudit | user=jenkins1000 | ip=192.168.36.99 | op=SEND_HEARTBEAT {datanodeUUID=5e423d06-488d-45e1-ad82-54d441feecb5, command=[]} | ret=SUCCESS |  
2019-08-20 15:24:08,608 [EventQueue-StaleNodeForStaleNodeHandler] INFO  node.StaleNodeHandler (StaleNodeHandler.java:onMessage(58)) - Datanode fffe0fa6-9e97-473a-b4af-0bacc73ac892{ip: 192.168.36.99, host: pr-hdds-1950-vsl5z-1698008226, networkLocation: /default-rack, certSerialId: null} moved to stale state. Finalizing its pipelines [PipelineID=c99f841a-f15f-45d3-b9b2-9e5e06d0463c, PipelineID=61f52705-5cb7-4dba-b3f7-9dc49f0bd0c8]
2019-08-20 15:24:08,608 [EventQueue-StaleNodeForStaleNodeHandler] INFO  pipeline.SCMPipelineManager (SCMPipelineManager.java:finalizeAndDestroyPipeline(309)) - destroying pipeline:Pipeline[ Id: c99f841a-f15f-45d3-b9b2-9e5e06d0463c, Nodes: 6b47a181-38f2-4238-bd0f-68e13143ff11{ip: 192.168.36.99, host: pr-hdds-1950-vsl5z-1698008226, networkLocation: /default-rack, certSerialId: null}098fd333-fd07-42ed-bf18-0c1d6ead7454{ip: 192.168.36.99, host: pr-hdds-1950-vsl5z-1698008226, networkLocation: /default-rack, certSerialId: null}fffe0fa6-9e97-473a-b4af-0bacc73ac892{ip: 192.168.36.99, host: pr-hdds-1950-vsl5z-1698008226, networkLocation: /default-rack, certSerialId: null}, Type:RATIS, Factor:THREE, State:CLOSED]
2019-08-20 15:24:08,608 [EventQueue-StaleNodeForStaleNodeHandler] INFO  pipeline.SCMPipelineManager (SCMPipelineManager.java:finalizeAndDestroyPipeline(309)) - destroying pipeline:Pipeline[ Id: 61f52705-5cb7-4dba-b3f7-9dc49f0bd0c8, Nodes: fffe0fa6-9e97-473a-b4af-0bacc73ac892{ip: 192.168.36.99, host: pr-hdds-1950-vsl5z-1698008226, networkLocation: /default-rack, certSerialId: null}, Type:RATIS, Factor:ONE, State:OPEN]
2019-08-20 15:24:08,608 [EventQueue-StaleNodeForStaleNodeHandler] INFO  pipeline.PipelineStateManager (PipelineStateManager.java:finalizePipeline(123)) - Pipeline Pipeline[ Id: 61f52705-5cb7-4dba-b3f7-9dc49f0bd0c8, Nodes: fffe0fa6-9e97-473a-b4af-0bacc73ac892{ip: 192.168.36.99, host: pr-hdds-1950-vsl5z-1698008226, networkLocation: /default-rack, certSerialId: null}, Type:RATIS, Factor:ONE, State:CLOSED] moved to CLOSED state
2019-08-20 15:24:08,945 [grpc-default-executor-10] WARN  server.GrpcLogAppender (LogUtils.java:warn(134)) - 81cebdb6-2756-4de8-83ea-a7eacd20f204->9c6ab30a-d72f-459b-9d58-6af7941cdaaa: Failed appendEntries: org.apache.ratis.thirdparty.io.grpc.StatusRuntimeException: UNAVAILABLE: io exception
2019-08-20 15:24:08,946 [grpc-default-executor-10] INFO  impl.FollowerInfo (FollowerInfo.java:lambda$new$0(50)) - 81cebdb6-2756-4de8-83ea-a7eacd20f204->9c6ab30a-d72f-459b-9d58-6af7941cdaaa: nextIndex: updateUnconditionally 15 -> 14
2019-08-20 15:24:08,976 [fffe0fa6-9e97-473a-b4af-0bacc73ac892:group-9E5E06D0463C:LeaderElection98] INFO  impl.LeaderElection (LeaderElection.java:askForVotes(181)) - fffe0fa6-9e97-473a-b4af-0bacc73ac892:group-9E5E06D0463C:LeaderElection98: begin an election at term 3 for 17: [6b47a181-38f2-4238-bd0f-68e13143ff11:192.168.36.99:46383, 098fd333-fd07-42ed-bf18-0c1d6ead7454:192.168.36.99:36625, fffe0fa6-9e97-473a-b4af-0bacc73ac892:192.168.36.99:35660], old=null
2019-08-20 15:24:08,978 [fffe0fa6-9e97-473a-b4af-0bacc73ac892:group-9E5E06D0463C:LeaderElection98] INFO  impl.LeaderElection (LogUtils.java:infoOrTrace(149)) - fffe0fa6-9e97-473a-b4af-0bacc73ac892:group-9E5E06D0463C:LeaderElection98 got exception when requesting votes: {}
java.util.concurrent.ExecutionException: org.apache.ratis.thirdparty.io.grpc.StatusRuntimeException: UNAVAILABLE: io exception
	at java.util.concurrent.FutureTask.report(FutureTask.java:122)
	at java.util.concurrent.FutureTask.get(FutureTask.java:192)
	at org.apache.ratis.server.impl.LeaderElection.waitForResults(LeaderElection.java:262)
	at org.apache.ratis.server.impl.LeaderElection.askForVotes(LeaderElection.java:200)
	at org.apache.ratis.server.impl.LeaderElection.run(LeaderElection.java:130)
	at java.lang.Thread.run(Thread.java:748)
Caused by: org.apache.ratis.thirdparty.io.grpc.StatusRuntimeException: UNAVAILABLE: io exception
	at org.apache.ratis.thirdparty.io.grpc.stub.ClientCalls.toStatusRuntimeException(ClientCalls.java:233)
	at org.apache.ratis.thirdparty.io.grpc.stub.ClientCalls.getUnchecked(ClientCalls.java:214)
	at org.apache.ratis.thirdparty.io.grpc.stub.ClientCalls.blockingUnaryCall(ClientCalls.java:139)
	at org.apache.ratis.proto.grpc.RaftServerProtocolServiceGrpc$RaftServerProtocolServiceBlockingStub.requestVote(RaftServerProtocolServiceGrpc.java:265)
	at org.apache.ratis.grpc.server.GrpcServerProtocolClient.requestVote(GrpcServerProtocolClient.java:83)
	at org.apache.ratis.grpc.server.GrpcService.requestVote(GrpcService.java:195)
	at org.apache.ratis.server.impl.LeaderElection.lambda$submitRequests$1(LeaderElection.java:237)
	at java.util.concurrent.FutureTask.run(FutureTask.java:266)
	at java.util.concurrent.Executors$RunnableAdapter.call(Executors.java:511)
	at java.util.concurrent.FutureTask.run(FutureTask.java:266)
	at java.util.concurrent.ThreadPoolExecutor.runWorker(ThreadPoolExecutor.java:1149)
	at java.util.concurrent.ThreadPoolExecutor$Worker.run(ThreadPoolExecutor.java:624)
	... 1 more
Caused by: org.apache.ratis.thirdparty.io.netty.channel.AbstractChannel$AnnotatedConnectException: Connection refused: /192.168.36.99:46383
	at sun.nio.ch.SocketChannelImpl.checkConnect(Native Method)
	at sun.nio.ch.SocketChannelImpl.finishConnect(SocketChannelImpl.java:717)
	at org.apache.ratis.thirdparty.io.netty.channel.socket.nio.NioSocketChannel.doFinishConnect(NioSocketChannel.java:327)
	at org.apache.ratis.thirdparty.io.netty.channel.nio.AbstractNioChannel$AbstractNioUnsafe.finishConnect(AbstractNioChannel.java:340)
	at org.apache.ratis.thirdparty.io.netty.channel.nio.NioEventLoop.processSelectedKey(NioEventLoop.java:632)
	at org.apache.ratis.thirdparty.io.netty.channel.nio.NioEventLoop.processSelectedKeysOptimized(NioEventLoop.java:579)
	at org.apache.ratis.thirdparty.io.netty.channel.nio.NioEventLoop.processSelectedKeys(NioEventLoop.java:496)
	at org.apache.ratis.thirdparty.io.netty.channel.nio.NioEventLoop.run(NioEventLoop.java:458)
	at org.apache.ratis.thirdparty.io.netty.util.concurrent.SingleThreadEventExecutor$5.run(SingleThreadEventExecutor.java:897)
	at org.apache.ratis.thirdparty.io.netty.util.concurrent.FastThreadLocalRunnable.run(FastThreadLocalRunnable.java:30)
	... 1 more
Caused by: java.net.ConnectException: Connection refused
	... 11 more
2019-08-20 15:24:08,982 [fffe0fa6-9e97-473a-b4af-0bacc73ac892:group-9E5E06D0463C:LeaderElection98] INFO  impl.LeaderElection (LogUtils.java:infoOrTrace(149)) - fffe0fa6-9e97-473a-b4af-0bacc73ac892:group-9E5E06D0463C:LeaderElection98 got exception when requesting votes: {}
java.util.concurrent.ExecutionException: org.apache.ratis.thirdparty.io.grpc.StatusRuntimeException: UNAVAILABLE: io exception
	at java.util.concurrent.FutureTask.report(FutureTask.java:122)
	at java.util.concurrent.FutureTask.get(FutureTask.java:192)
	at org.apache.ratis.server.impl.LeaderElection.waitForResults(LeaderElection.java:262)
	at org.apache.ratis.server.impl.LeaderElection.askForVotes(LeaderElection.java:200)
	at org.apache.ratis.server.impl.LeaderElection.run(LeaderElection.java:130)
	at java.lang.Thread.run(Thread.java:748)
Caused by: org.apache.ratis.thirdparty.io.grpc.StatusRuntimeException: UNAVAILABLE: io exception
	at org.apache.ratis.thirdparty.io.grpc.stub.ClientCalls.toStatusRuntimeException(ClientCalls.java:233)
	at org.apache.ratis.thirdparty.io.grpc.stub.ClientCalls.getUnchecked(ClientCalls.java:214)
	at org.apache.ratis.thirdparty.io.grpc.stub.ClientCalls.blockingUnaryCall(ClientCalls.java:139)
	at org.apache.ratis.proto.grpc.RaftServerProtocolServiceGrpc$RaftServerProtocolServiceBlockingStub.requestVote(RaftServerProtocolServiceGrpc.java:265)
	at org.apache.ratis.grpc.server.GrpcServerProtocolClient.requestVote(GrpcServerProtocolClient.java:83)
	at org.apache.ratis.grpc.server.GrpcService.requestVote(GrpcService.java:195)
	at org.apache.ratis.server.impl.LeaderElection.lambda$submitRequests$1(LeaderElection.java:237)
	at java.util.concurrent.FutureTask.run(FutureTask.java:266)
	at java.util.concurrent.Executors$RunnableAdapter.call(Executors.java:511)
	at java.util.concurrent.FutureTask.run(FutureTask.java:266)
	at java.util.concurrent.ThreadPoolExecutor.runWorker(ThreadPoolExecutor.java:1149)
	at java.util.concurrent.ThreadPoolExecutor$Worker.run(ThreadPoolExecutor.java:624)
	... 1 more
Caused by: org.apache.ratis.thirdparty.io.netty.channel.AbstractChannel$AnnotatedConnectException: Connection refused: /192.168.36.99:36625
	at sun.nio.ch.SocketChannelImpl.checkConnect(Native Method)
	at sun.nio.ch.SocketChannelImpl.finishConnect(SocketChannelImpl.java:717)
	at org.apache.ratis.thirdparty.io.netty.channel.socket.nio.NioSocketChannel.doFinishConnect(NioSocketChannel.java:327)
	at org.apache.ratis.thirdparty.io.netty.channel.nio.AbstractNioChannel$AbstractNioUnsafe.finishConnect(AbstractNioChannel.java:340)
	at org.apache.ratis.thirdparty.io.netty.channel.nio.NioEventLoop.processSelectedKey(NioEventLoop.java:632)
	at org.apache.ratis.thirdparty.io.netty.channel.nio.NioEventLoop.processSelectedKeysOptimized(NioEventLoop.java:579)
	at org.apache.ratis.thirdparty.io.netty.channel.nio.NioEventLoop.processSelectedKeys(NioEventLoop.java:496)
	at org.apache.ratis.thirdparty.io.netty.channel.nio.NioEventLoop.run(NioEventLoop.java:458)
	at org.apache.ratis.thirdparty.io.netty.util.concurrent.SingleThreadEventExecutor$5.run(SingleThreadEventExecutor.java:897)
	at org.apache.ratis.thirdparty.io.netty.util.concurrent.FastThreadLocalRunnable.run(FastThreadLocalRunnable.java:30)
	... 1 more
Caused by: java.net.ConnectException: Connection refused
	... 11 more
2019-08-20 15:24:08,985 [fffe0fa6-9e97-473a-b4af-0bacc73ac892:group-9E5E06D0463C:LeaderElection98] INFO  impl.LeaderElection (LeaderElection.java:logAndReturn(56)) - fffe0fa6-9e97-473a-b4af-0bacc73ac892:group-9E5E06D0463C:LeaderElection98: Election REJECTED; received 0 response(s) [] and 2 exception(s); fffe0fa6-9e97-473a-b4af-0bacc73ac892:t3, leader=null, voted=fffe0fa6-9e97-473a-b4af-0bacc73ac892, raftlog=fffe0fa6-9e97-473a-b4af-0bacc73ac892-SegmentedRaftLog:OPENED:c18,f18,i18, conf=17: [6b47a181-38f2-4238-bd0f-68e13143ff11:192.168.36.99:46383, 098fd333-fd07-42ed-bf18-0c1d6ead7454:192.168.36.99:36625, fffe0fa6-9e97-473a-b4af-0bacc73ac892:192.168.36.99:35660], old=null
2019-08-20 15:24:08,985 [fffe0fa6-9e97-473a-b4af-0bacc73ac892:group-9E5E06D0463C:LeaderElection98] INFO  impl.LeaderElection (LogUtils.java:infoOrTrace(149)) -   Exception 0: {}
java.util.concurrent.ExecutionException: org.apache.ratis.thirdparty.io.grpc.StatusRuntimeException: UNAVAILABLE: io exception
	at java.util.concurrent.FutureTask.report(FutureTask.java:122)
	at java.util.concurrent.FutureTask.get(FutureTask.java:192)
	at org.apache.ratis.server.impl.LeaderElection.waitForResults(LeaderElection.java:262)
	at org.apache.ratis.server.impl.LeaderElection.askForVotes(LeaderElection.java:200)
	at org.apache.ratis.server.impl.LeaderElection.run(LeaderElection.java:130)
	at java.lang.Thread.run(Thread.java:748)
Caused by: org.apache.ratis.thirdparty.io.grpc.StatusRuntimeException: UNAVAILABLE: io exception
	at org.apache.ratis.thirdparty.io.grpc.stub.ClientCalls.toStatusRuntimeException(ClientCalls.java:233)
	at org.apache.ratis.thirdparty.io.grpc.stub.ClientCalls.getUnchecked(ClientCalls.java:214)
	at org.apache.ratis.thirdparty.io.grpc.stub.ClientCalls.blockingUnaryCall(ClientCalls.java:139)
	at org.apache.ratis.proto.grpc.RaftServerProtocolServiceGrpc$RaftServerProtocolServiceBlockingStub.requestVote(RaftServerProtocolServiceGrpc.java:265)
	at org.apache.ratis.grpc.server.GrpcServerProtocolClient.requestVote(GrpcServerProtocolClient.java:83)
	at org.apache.ratis.grpc.server.GrpcService.requestVote(GrpcService.java:195)
	at org.apache.ratis.server.impl.LeaderElection.lambda$submitRequests$1(LeaderElection.java:237)
	at java.util.concurrent.FutureTask.run(FutureTask.java:266)
	at java.util.concurrent.Executors$RunnableAdapter.call(Executors.java:511)
	at java.util.concurrent.FutureTask.run(FutureTask.java:266)
	at java.util.concurrent.ThreadPoolExecutor.runWorker(ThreadPoolExecutor.java:1149)
	at java.util.concurrent.ThreadPoolExecutor$Worker.run(ThreadPoolExecutor.java:624)
	... 1 more
Caused by: org.apache.ratis.thirdparty.io.netty.channel.AbstractChannel$AnnotatedConnectException: Connection refused: /192.168.36.99:46383
	at sun.nio.ch.SocketChannelImpl.checkConnect(Native Method)
	at sun.nio.ch.SocketChannelImpl.finishConnect(SocketChannelImpl.java:717)
	at org.apache.ratis.thirdparty.io.netty.channel.socket.nio.NioSocketChannel.doFinishConnect(NioSocketChannel.java:327)
	at org.apache.ratis.thirdparty.io.netty.channel.nio.AbstractNioChannel$AbstractNioUnsafe.finishConnect(AbstractNioChannel.java:340)
	at org.apache.ratis.thirdparty.io.netty.channel.nio.NioEventLoop.processSelectedKey(NioEventLoop.java:632)
	at org.apache.ratis.thirdparty.io.netty.channel.nio.NioEventLoop.processSelectedKeysOptimized(NioEventLoop.java:579)
	at org.apache.ratis.thirdparty.io.netty.channel.nio.NioEventLoop.processSelectedKeys(NioEventLoop.java:496)
	at org.apache.ratis.thirdparty.io.netty.channel.nio.NioEventLoop.run(NioEventLoop.java:458)
	at org.apache.ratis.thirdparty.io.netty.util.concurrent.SingleThreadEventExecutor$5.run(SingleThreadEventExecutor.java:897)
	at org.apache.ratis.thirdparty.io.netty.util.concurrent.FastThreadLocalRunnable.run(FastThreadLocalRunnable.java:30)
	... 1 more
Caused by: java.net.ConnectException: Connection refused
	... 11 more
2019-08-20 15:24:08,985 [fffe0fa6-9e97-473a-b4af-0bacc73ac892:group-9E5E06D0463C:LeaderElection98] INFO  impl.LeaderElection (LogUtils.java:infoOrTrace(149)) -   Exception 1: {}
java.util.concurrent.ExecutionException: org.apache.ratis.thirdparty.io.grpc.StatusRuntimeException: UNAVAILABLE: io exception
	at java.util.concurrent.FutureTask.report(FutureTask.java:122)
	at java.util.concurrent.FutureTask.get(FutureTask.java:192)
	at org.apache.ratis.server.impl.LeaderElection.waitForResults(LeaderElection.java:262)
	at org.apache.ratis.server.impl.LeaderElection.askForVotes(LeaderElection.java:200)
	at org.apache.ratis.server.impl.LeaderElection.run(LeaderElection.java:130)
	at java.lang.Thread.run(Thread.java:748)
Caused by: org.apache.ratis.thirdparty.io.grpc.StatusRuntimeException: UNAVAILABLE: io exception
	at org.apache.ratis.thirdparty.io.grpc.stub.ClientCalls.toStatusRuntimeException(ClientCalls.java:233)
	at org.apache.ratis.thirdparty.io.grpc.stub.ClientCalls.getUnchecked(ClientCalls.java:214)
	at org.apache.ratis.thirdparty.io.grpc.stub.ClientCalls.blockingUnaryCall(ClientCalls.java:139)
	at org.apache.ratis.proto.grpc.RaftServerProtocolServiceGrpc$RaftServerProtocolServiceBlockingStub.requestVote(RaftServerProtocolServiceGrpc.java:265)
	at org.apache.ratis.grpc.server.GrpcServerProtocolClient.requestVote(GrpcServerProtocolClient.java:83)
	at org.apache.ratis.grpc.server.GrpcService.requestVote(GrpcService.java:195)
	at org.apache.ratis.server.impl.LeaderElection.lambda$submitRequests$1(LeaderElection.java:237)
	at java.util.concurrent.FutureTask.run(FutureTask.java:266)
	at java.util.concurrent.Executors$RunnableAdapter.call(Executors.java:511)
	at java.util.concurrent.FutureTask.run(FutureTask.java:266)
	at java.util.concurrent.ThreadPoolExecutor.runWorker(ThreadPoolExecutor.java:1149)
	at java.util.concurrent.ThreadPoolExecutor$Worker.run(ThreadPoolExecutor.java:624)
	... 1 more
Caused by: org.apache.ratis.thirdparty.io.netty.channel.AbstractChannel$AnnotatedConnectException: Connection refused: /192.168.36.99:36625
	at sun.nio.ch.SocketChannelImpl.checkConnect(Native Method)
	at sun.nio.ch.SocketChannelImpl.finishConnect(SocketChannelImpl.java:717)
	at org.apache.ratis.thirdparty.io.netty.channel.socket.nio.NioSocketChannel.doFinishConnect(NioSocketChannel.java:327)
	at org.apache.ratis.thirdparty.io.netty.channel.nio.AbstractNioChannel$AbstractNioUnsafe.finishConnect(AbstractNioChannel.java:340)
	at org.apache.ratis.thirdparty.io.netty.channel.nio.NioEventLoop.processSelectedKey(NioEventLoop.java:632)
	at org.apache.ratis.thirdparty.io.netty.channel.nio.NioEventLoop.processSelectedKeysOptimized(NioEventLoop.java:579)
	at org.apache.ratis.thirdparty.io.netty.channel.nio.NioEventLoop.processSelectedKeys(NioEventLoop.java:496)
	at org.apache.ratis.thirdparty.io.netty.channel.nio.NioEventLoop.run(NioEventLoop.java:458)
	at org.apache.ratis.thirdparty.io.netty.util.concurrent.SingleThreadEventExecutor$5.run(SingleThreadEventExecutor.java:897)
	at org.apache.ratis.thirdparty.io.netty.util.concurrent.FastThreadLocalRunnable.run(FastThreadLocalRunnable.java:30)
	... 1 more
Caused by: java.net.ConnectException: Connection refused
	... 11 more
2019-08-20 15:24:08,986 [fffe0fa6-9e97-473a-b4af-0bacc73ac892:group-9E5E06D0463C:LeaderElection98] INFO  impl.RaftServerImpl (RaftServerImpl.java:setRole(171)) - fffe0fa6-9e97-473a-b4af-0bacc73ac892:group-9E5E06D0463C changes role from CANDIDATE to FOLLOWER at term 3 for DISCOVERED_A_NEW_TERM
2019-08-20 15:24:08,986 [fffe0fa6-9e97-473a-b4af-0bacc73ac892:group-9E5E06D0463C:LeaderElection98] INFO  impl.RoleInfo (RoleInfo.java:shutdownLeaderElection(134)) - fffe0fa6-9e97-473a-b4af-0bacc73ac892: shutdown LeaderElection
2019-08-20 15:24:08,986 [fffe0fa6-9e97-473a-b4af-0bacc73ac892:group-9E5E06D0463C:LeaderElection98] INFO  impl.RoleInfo (RoleInfo.java:updateAndGet(143)) - fffe0fa6-9e97-473a-b4af-0bacc73ac892: start FollowerState
2019-08-20 15:24:09,056 [main] INFO  ozoneimpl.OzoneContainer (OzoneContainer.java:stop(199)) - Attempting to stop container services.
2019-08-20 15:24:09,057 [main] INFO  impl.RaftServerProxy (RaftServerProxy.java:lambda$close$4(314)) - 81cebdb6-2756-4de8-83ea-a7eacd20f204: close
2019-08-20 15:24:09,057 [main] INFO  impl.RaftServerImpl (RaftServerImpl.java:lambda$shutdown$3(245)) - 81cebdb6-2756-4de8-83ea-a7eacd20f204: shutdown group-864525ACFEA0
2019-08-20 15:24:09,057 [main] INFO  util.JmxRegister (JmxRegister.java:unregister(73)) - Successfully un-registered JMX Bean with object name Ratis:service=RaftServer,group=group-864525ACFEA0,id=81cebdb6-2756-4de8-83ea-a7eacd20f204
2019-08-20 15:24:09,058 [main] INFO  impl.RoleInfo (RoleInfo.java:shutdownLeaderState(104)) - 81cebdb6-2756-4de8-83ea-a7eacd20f204: shutdown LeaderState
2019-08-20 15:24:09,062 [org.apache.ratis.server.impl.LogAppender$AppenderDaemon$$Lambda$465/637356917@6942e7b7] WARN  server.GrpcLogAppender (GrpcLogAppender.java:mayWait(143)) - GrpcLogAppender(81cebdb6-2756-4de8-83ea-a7eacd20f204->9c6ab30a-d72f-459b-9d58-6af7941cdaaa): Wait interrupted by java.lang.InterruptedException
2019-08-20 15:24:09,062 [org.apache.ratis.server.impl.LogAppender$AppenderDaemon$$Lambda$465/637356917@2c4074fb] WARN  server.GrpcLogAppender (GrpcLogAppender.java:mayWait(143)) - GrpcLogAppender(81cebdb6-2756-4de8-83ea-a7eacd20f204->5e423d06-488d-45e1-ad82-54d441feecb5): Wait interrupted by java.lang.InterruptedException
2019-08-20 15:24:09,062 [main] INFO  impl.PendingRequests (PendingRequests.java:sendNotLeaderResponses(202)) - 81cebdb6-2756-4de8-83ea-a7eacd20f204-PendingRequests: sendNotLeaderResponses
2019-08-20 15:24:09,062 [grpc-default-executor-10] INFO  server.GrpcServerProtocolService (GrpcServerProtocolService.java:onCompleted(104)) - 5e423d06-488d-45e1-ad82-54d441feecb5: appendEntries completed
2019-08-20 15:24:09,065 [main] INFO  impl.StateMachineUpdater (StateMachineUpdater.java:stopAndJoin(115)) - StateMachineUpdater:81cebdb6-2756-4de8-83ea-a7eacd20f204:group-864525ACFEA0: set stopIndex = 16
2019-08-20 15:24:09,066 [grpc-default-executor-10] INFO  server.GrpcLogAppender (GrpcLogAppender.java:onCompleted(292)) - 81cebdb6-2756-4de8-83ea-a7eacd20f204->5e423d06-488d-45e1-ad82-54d441feecb5: follower responses appendEntries COMPLETED
2019-08-20 15:24:09,066 [StateMachineUpdater:81cebdb6-2756-4de8-83ea-a7eacd20f204:group-864525ACFEA0] INFO  ratis.ContainerStateMachine (ContainerStateMachine.java:takeSnapshot(271)) - group-864525ACFEA0: Taking a snapshot at:(t:2, i:14) file /workdir/hadoop-ozone/integration-test/target/test-dir/MiniOzoneClusterImpl-55fc759d-3081-4a00-8886-eafd5a4bcf81/datanode-3/data/ratis/20fb93a8-a031-421a-a26a-864525acfea0/sm/snapshot.2_14
2019-08-20 15:24:09,066 [grpc-default-executor-10] INFO  impl.FollowerInfo (FollowerInfo.java:lambda$new$0(50)) - 81cebdb6-2756-4de8-83ea-a7eacd20f204->5e423d06-488d-45e1-ad82-54d441feecb5: nextIndex: updateUnconditionally 17 -> 16
2019-08-20 15:24:09,075 [ForkJoinPool.commonPool-worker-0] INFO  ozoneimpl.OzoneContainer (OzoneContainer.java:stop(199)) - Attempting to stop container services.
2019-08-20 15:24:09,076 [ForkJoinPool.commonPool-worker-0] INFO  impl.RaftServerProxy (RaftServerProxy.java:lambda$close$4(314)) - fffe0fa6-9e97-473a-b4af-0bacc73ac892: close
2019-08-20 15:24:09,076 [ForkJoinPool.commonPool-worker-0] INFO  impl.RaftServerImpl (RaftServerImpl.java:lambda$shutdown$3(245)) - fffe0fa6-9e97-473a-b4af-0bacc73ac892: shutdown group-9E5E06D0463C
2019-08-20 15:24:09,076 [ForkJoinPool.commonPool-worker-0] INFO  util.JmxRegister (JmxRegister.java:unregister(73)) - Successfully un-registered JMX Bean with object name Ratis:service=RaftServer,group=group-9E5E06D0463C,id=fffe0fa6-9e97-473a-b4af-0bacc73ac892
2019-08-20 15:24:09,076 [ForkJoinPool.commonPool-worker-0] INFO  impl.RoleInfo (RoleInfo.java:shutdownFollowerState(121)) - fffe0fa6-9e97-473a-b4af-0bacc73ac892: shutdown FollowerState
2019-08-20 15:24:09,076 [ForkJoinPool.commonPool-worker-0] INFO  impl.StateMachineUpdater (StateMachineUpdater.java:stopAndJoin(115)) - StateMachineUpdater:fffe0fa6-9e97-473a-b4af-0bacc73ac892:group-9E5E06D0463C: set stopIndex = 18
2019-08-20 15:24:09,076 [StateMachineUpdater:fffe0fa6-9e97-473a-b4af-0bacc73ac892:group-9E5E06D0463C] INFO  ratis.ContainerStateMachine (ContainerStateMachine.java:takeSnapshot(271)) - group-9E5E06D0463C: Taking a snapshot at:(t:1, i:14) file /workdir/hadoop-ozone/integration-test/target/test-dir/MiniOzoneClusterImpl-55fc759d-3081-4a00-8886-eafd5a4bcf81/datanode-0/data/ratis/c99f841a-f15f-45d3-b9b2-9e5e06d0463c/sm/snapshot.1_14
2019-08-20 15:24:09,076 [Thread-3906] INFO  impl.FollowerState (FollowerState.java:run(114)) - fffe0fa6-9e97-473a-b4af-0bacc73ac892: FollowerState was interrupted: java.lang.InterruptedException: sleep interrupted
2019-08-20 15:24:09,118 [StateMachineUpdater:81cebdb6-2756-4de8-83ea-a7eacd20f204:group-864525ACFEA0] INFO  ratis.ContainerStateMachine (ContainerStateMachine.java:takeSnapshot(282)) - group-864525ACFEA0: Finished taking a snapshot at:(t:2, i:14) file:/workdir/hadoop-ozone/integration-test/target/test-dir/MiniOzoneClusterImpl-55fc759d-3081-4a00-8886-eafd5a4bcf81/datanode-3/data/ratis/20fb93a8-a031-421a-a26a-864525acfea0/sm/snapshot.2_14 time:52
2019-08-20 15:24:09,118 [StateMachineUpdater:fffe0fa6-9e97-473a-b4af-0bacc73ac892:group-9E5E06D0463C] INFO  ratis.ContainerStateMachine (ContainerStateMachine.java:takeSnapshot(282)) - group-9E5E06D0463C: Finished taking a snapshot at:(t:1, i:14) file:/workdir/hadoop-ozone/integration-test/target/test-dir/MiniOzoneClusterImpl-55fc759d-3081-4a00-8886-eafd5a4bcf81/datanode-0/data/ratis/c99f841a-f15f-45d3-b9b2-9e5e06d0463c/sm/snapshot.1_14 time:41
2019-08-20 15:24:09,118 [StateMachineUpdater:81cebdb6-2756-4de8-83ea-a7eacd20f204:group-864525ACFEA0] INFO  impl.StateMachineUpdater (StateMachineUpdater.java:takeSnapshot(242)) - StateMachineUpdater:81cebdb6-2756-4de8-83ea-a7eacd20f204:group-864525ACFEA0: Took a snapshot at index 14
2019-08-20 15:24:09,118 [StateMachineUpdater:fffe0fa6-9e97-473a-b4af-0bacc73ac892:group-9E5E06D0463C] INFO  impl.StateMachineUpdater (StateMachineUpdater.java:takeSnapshot(242)) - StateMachineUpdater:fffe0fa6-9e97-473a-b4af-0bacc73ac892:group-9E5E06D0463C: Took a snapshot at index 14
2019-08-20 15:24:09,118 [StateMachineUpdater:81cebdb6-2756-4de8-83ea-a7eacd20f204:group-864525ACFEA0] INFO  impl.StateMachineUpdater (StateMachineUpdater.java:lambda$new$0(80)) - StateMachineUpdater:81cebdb6-2756-4de8-83ea-a7eacd20f204:group-864525ACFEA0: snapshotIndex: updateIncreasingly -1 -> 14
2019-08-20 15:24:09,118 [StateMachineUpdater:fffe0fa6-9e97-473a-b4af-0bacc73ac892:group-9E5E06D0463C] INFO  impl.StateMachineUpdater (StateMachineUpdater.java:lambda$new$0(80)) - StateMachineUpdater:fffe0fa6-9e97-473a-b4af-0bacc73ac892:group-9E5E06D0463C: snapshotIndex: updateIncreasingly -1 -> 14
2019-08-20 15:24:09,119 [main] INFO  impl.RaftServerImpl (ServerState.java:close(394)) - 81cebdb6-2756-4de8-83ea-a7eacd20f204:group-864525ACFEA0 closes. The last applied log index is 16
2019-08-20 15:24:09,119 [ForkJoinPool.commonPool-worker-0] INFO  impl.RaftServerImpl (ServerState.java:close(394)) - fffe0fa6-9e97-473a-b4af-0bacc73ac892:group-9E5E06D0463C closes. The last applied log index is 18
2019-08-20 15:24:09,120 [81cebdb6-2756-4de8-83ea-a7eacd20f204-SegmentedRaftLogWorker:Storage Directory /workdir/hadoop-ozone/integration-test/target/test-dir/MiniOzoneClusterImpl-55fc759d-3081-4a00-8886-eafd5a4bcf81/datanode-3/data/ratis/20fb93a8-a031-421a-a26a-864525acfea0] INFO  segmented.SegmentedRaftLogWorker (SegmentedRaftLogWorker.java:run(313)) - 81cebdb6-2756-4de8-83ea-a7eacd20f204-SegmentedRaftLogWorker:Storage Directory /workdir/hadoop-ozone/integration-test/target/test-dir/MiniOzoneClusterImpl-55fc759d-3081-4a00-8886-eafd5a4bcf81/datanode-3/data/ratis/20fb93a8-a031-421a-a26a-864525acfea0 was interrupted, exiting. There are 0 tasks remaining in the queue.
2019-08-20 15:24:09,123 [fffe0fa6-9e97-473a-b4af-0bacc73ac892-SegmentedRaftLogWorker:Storage Directory /workdir/hadoop-ozone/integration-test/target/test-dir/MiniOzoneClusterImpl-55fc759d-3081-4a00-8886-eafd5a4bcf81/datanode-0/data/ratis/c99f841a-f15f-45d3-b9b2-9e5e06d0463c] INFO  segmented.SegmentedRaftLogWorker (SegmentedRaftLogWorker.java:run(313)) - fffe0fa6-9e97-473a-b4af-0bacc73ac892-SegmentedRaftLogWorker:Storage Directory /workdir/hadoop-ozone/integration-test/target/test-dir/MiniOzoneClusterImpl-55fc759d-3081-4a00-8886-eafd5a4bcf81/datanode-0/data/ratis/c99f841a-f15f-45d3-b9b2-9e5e06d0463c was interrupted, exiting. There are 0 tasks remaining in the queue.
2019-08-20 15:24:09,123 [main] INFO  segmented.SegmentedRaftLogWorker (SegmentedRaftLogWorker.java:close(228)) - 81cebdb6-2756-4de8-83ea-a7eacd20f204-SegmentedRaftLogWorker:Storage Directory /workdir/hadoop-ozone/integration-test/target/test-dir/MiniOzoneClusterImpl-55fc759d-3081-4a00-8886-eafd5a4bcf81/datanode-3/data/ratis/20fb93a8-a031-421a-a26a-864525acfea0 close()
2019-08-20 15:24:09,124 [ForkJoinPool.commonPool-worker-0] INFO  segmented.SegmentedRaftLogWorker (SegmentedRaftLogWorker.java:close(228)) - fffe0fa6-9e97-473a-b4af-0bacc73ac892-SegmentedRaftLogWorker:Storage Directory /workdir/hadoop-ozone/integration-test/target/test-dir/MiniOzoneClusterImpl-55fc759d-3081-4a00-8886-eafd5a4bcf81/datanode-0/data/ratis/c99f841a-f15f-45d3-b9b2-9e5e06d0463c close()
2019-08-20 15:24:09,127 [main] INFO  impl.RaftServerImpl (RaftServerImpl.java:lambda$shutdown$3(245)) - 81cebdb6-2756-4de8-83ea-a7eacd20f204: shutdown group-FCD3519CBF59
2019-08-20 15:24:09,129 [ForkJoinPool.commonPool-worker-0] INFO  impl.RaftServerImpl (RaftServerImpl.java:lambda$shutdown$3(245)) - fffe0fa6-9e97-473a-b4af-0bacc73ac892: shutdown group-9DC49F0BD0C8
2019-08-20 15:24:09,129 [main] INFO  util.JmxRegister (JmxRegister.java:unregister(73)) - Successfully un-registered JMX Bean with object name Ratis:service=RaftServer,group=group-FCD3519CBF59,id=81cebdb6-2756-4de8-83ea-a7eacd20f204
2019-08-20 15:24:09,129 [ForkJoinPool.commonPool-worker-0] INFO  util.JmxRegister (JmxRegister.java:unregister(73)) - Successfully un-registered JMX Bean with object name Ratis:service=RaftServer,group=group-9DC49F0BD0C8,id=fffe0fa6-9e97-473a-b4af-0bacc73ac892
2019-08-20 15:24:09,130 [main] INFO  impl.RoleInfo (RoleInfo.java:shutdownLeaderState(104)) - 81cebdb6-2756-4de8-83ea-a7eacd20f204: shutdown LeaderState
2019-08-20 15:24:09,130 [ForkJoinPool.commonPool-worker-0] INFO  impl.RoleInfo (RoleInfo.java:shutdownLeaderState(104)) - fffe0fa6-9e97-473a-b4af-0bacc73ac892: shutdown LeaderState
2019-08-20 15:24:09,131 [main] INFO  impl.PendingRequests (PendingRequests.java:sendNotLeaderResponses(202)) - 81cebdb6-2756-4de8-83ea-a7eacd20f204-PendingRequests: sendNotLeaderResponses
2019-08-20 15:24:09,131 [ForkJoinPool.commonPool-worker-0] INFO  impl.PendingRequests (PendingRequests.java:sendNotLeaderResponses(202)) - fffe0fa6-9e97-473a-b4af-0bacc73ac892-PendingRequests: sendNotLeaderResponses
2019-08-20 15:24:09,131 [main] INFO  impl.StateMachineUpdater (StateMachineUpdater.java:stopAndJoin(115)) - StateMachineUpdater:81cebdb6-2756-4de8-83ea-a7eacd20f204:group-FCD3519CBF59: set stopIndex = 0
2019-08-20 15:24:09,132 [ForkJoinPool.commonPool-worker-0] INFO  impl.StateMachineUpdater (StateMachineUpdater.java:stopAndJoin(115)) - StateMachineUpdater:fffe0fa6-9e97-473a-b4af-0bacc73ac892:group-9DC49F0BD0C8: set stopIndex = 0
2019-08-20 15:24:09,132 [main] INFO  impl.RaftServerImpl (ServerState.java:close(394)) - 81cebdb6-2756-4de8-83ea-a7eacd20f204:group-FCD3519CBF59 closes. The last applied log index is 0
2019-08-20 15:24:09,132 [ForkJoinPool.commonPool-worker-0] INFO  impl.RaftServerImpl (ServerState.java:close(394)) - fffe0fa6-9e97-473a-b4af-0bacc73ac892:group-9DC49F0BD0C8 closes. The last applied log index is 0
2019-08-20 15:24:09,133 [81cebdb6-2756-4de8-83ea-a7eacd20f204-SegmentedRaftLogWorker:Storage Directory /workdir/hadoop-ozone/integration-test/target/test-dir/MiniOzoneClusterImpl-55fc759d-3081-4a00-8886-eafd5a4bcf81/datanode-3/data/ratis/397c2e4f-cb06-4d9a-90c6-fcd3519cbf59] INFO  segmented.SegmentedRaftLogWorker (SegmentedRaftLogWorker.java:run(313)) - 81cebdb6-2756-4de8-83ea-a7eacd20f204-SegmentedRaftLogWorker:Storage Directory /workdir/hadoop-ozone/integration-test/target/test-dir/MiniOzoneClusterImpl-55fc759d-3081-4a00-8886-eafd5a4bcf81/datanode-3/data/ratis/397c2e4f-cb06-4d9a-90c6-fcd3519cbf59 was interrupted, exiting. There are 0 tasks remaining in the queue.
2019-08-20 15:24:09,134 [fffe0fa6-9e97-473a-b4af-0bacc73ac892-SegmentedRaftLogWorker:Storage Directory /workdir/hadoop-ozone/integration-test/target/test-dir/MiniOzoneClusterImpl-55fc759d-3081-4a00-8886-eafd5a4bcf81/datanode-0/data/ratis/61f52705-5cb7-4dba-b3f7-9dc49f0bd0c8] INFO  segmented.SegmentedRaftLogWorker (SegmentedRaftLogWorker.java:run(313)) - fffe0fa6-9e97-473a-b4af-0bacc73ac892-SegmentedRaftLogWorker:Storage Directory /workdir/hadoop-ozone/integration-test/target/test-dir/MiniOzoneClusterImpl-55fc759d-3081-4a00-8886-eafd5a4bcf81/datanode-0/data/ratis/61f52705-5cb7-4dba-b3f7-9dc49f0bd0c8 was interrupted, exiting. There are 0 tasks remaining in the queue.
2019-08-20 15:24:09,136 [ForkJoinPool.commonPool-worker-0] INFO  segmented.SegmentedRaftLogWorker (SegmentedRaftLogWorker.java:close(228)) - fffe0fa6-9e97-473a-b4af-0bacc73ac892-SegmentedRaftLogWorker:Storage Directory /workdir/hadoop-ozone/integration-test/target/test-dir/MiniOzoneClusterImpl-55fc759d-3081-4a00-8886-eafd5a4bcf81/datanode-0/data/ratis/61f52705-5cb7-4dba-b3f7-9dc49f0bd0c8 close()
2019-08-20 15:24:09,136 [main] INFO  segmented.SegmentedRaftLogWorker (SegmentedRaftLogWorker.java:close(228)) - 81cebdb6-2756-4de8-83ea-a7eacd20f204-SegmentedRaftLogWorker:Storage Directory /workdir/hadoop-ozone/integration-test/target/test-dir/MiniOzoneClusterImpl-55fc759d-3081-4a00-8886-eafd5a4bcf81/datanode-3/data/ratis/397c2e4f-cb06-4d9a-90c6-fcd3519cbf59 close()
2019-08-20 15:24:09,139 [ForkJoinPool.commonPool-worker-0] INFO  server.GrpcService (GrpcService.java:closeImpl(155)) - fffe0fa6-9e97-473a-b4af-0bacc73ac892: shutdown server with port 35660 now
2019-08-20 15:24:09,146 [main] INFO  server.GrpcService (GrpcService.java:closeImpl(155)) - 81cebdb6-2756-4de8-83ea-a7eacd20f204: shutdown server with port 46096 now
2019-08-20 15:24:09,147 [ForkJoinPool.commonPool-worker-0] INFO  server.GrpcService (GrpcService.java:closeImpl(163)) - fffe0fa6-9e97-473a-b4af-0bacc73ac892: shutdown server with port 35660 successfully
2019-08-20 15:24:09,147 [grpc-default-executor-11] WARN  client.GrpcClientProtocolService (LogUtils.java:warn(134)) - 1-UnorderedRequestStreamObserver1: onError: org.apache.ratis.thirdparty.io.grpc.StatusRuntimeException: CANCELLED: cancelled before receiving half close
2019-08-20 15:24:09,147 [main] INFO  server.GrpcService (GrpcService.java:closeImpl(163)) - 81cebdb6-2756-4de8-83ea-a7eacd20f204: shutdown server with port 46096 successfully
2019-08-20 15:24:09,149 [main] INFO  utils.BackgroundService (BackgroundService.java:shutdown(148)) - Shutting down service BlockDeletingService
2019-08-20 15:24:09,152 [ForkJoinPool.commonPool-worker-0] INFO  utils.BackgroundService (BackgroundService.java:shutdown(148)) - Shutting down service BlockDeletingService
2019-08-20 15:24:09,153 [refreshUsed-/workdir/hadoop-ozone/integration-test/target/test-dir/MiniOzoneClusterImpl-55fc759d-3081-4a00-8886-eafd5a4bcf81/datanode-3/data/containers] WARN  fs.CachingGetSpaceUsed (CachingGetSpaceUsed.java:run(183)) - Thread Interrupted waiting to refresh disk information: sleep interrupted
2019-08-20 15:24:09,155 [refreshUsed-/workdir/hadoop-ozone/integration-test/target/test-dir/MiniOzoneClusterImpl-55fc759d-3081-4a00-8886-eafd5a4bcf81/datanode-0/data/containers] WARN  fs.CachingGetSpaceUsed (CachingGetSpaceUsed.java:run(183)) - Thread Interrupted waiting to refresh disk information: sleep interrupted
2019-08-20 15:24:09,161 | INFO  | SCMAudit | user=jenkins1000 | ip=192.168.36.99 | op=SEND_HEARTBEAT {datanodeUUID=39479044-a7f0-46f5-a832-d507a2c1b28c, command=[]} | ret=SUCCESS |  
2019-08-20 15:24:09,168 [main] INFO  statemachine.DatanodeStateMachine (DatanodeStateMachine.java:stopDaemon(395)) - Ozone container server stopped.
2019-08-20 15:24:09,169 [main] INFO  handler.ContextHandler (ContextHandler.java:doStop(910)) - Stopped o.e.j.w.WebAppContext@6903ef57{/,null,UNAVAILABLE}{/hddsDatanode}
2019-08-20 15:24:09,169 [main] INFO  server.AbstractConnector (AbstractConnector.java:doStop(318)) - Stopped ServerConnector@399ac1a3{HTTP/1.1,[http/1.1]}{0.0.0.0:0}
2019-08-20 15:24:09,170 [main] INFO  handler.ContextHandler (ContextHandler.java:doStop(910)) - Stopped o.e.j.s.ServletContextHandler@33e80a27{/static,jar:file:/home/user/.m2/repository/org/apache/hadoop/hadoop-hdds-container-service/0.5.0-SNAPSHOT/hadoop-hdds-container-service-0.5.0-SNAPSHOT.jar!/webapps/static,UNAVAILABLE}
2019-08-20 15:24:09,170 [main] INFO  handler.ContextHandler (ContextHandler.java:doStop(910)) - Stopped o.e.j.s.ServletContextHandler@b7952d2{/logs,file:///workdir/hadoop-ozone/integration-test/target/log,UNAVAILABLE}
2019-08-20 15:24:09,171 [main] INFO  datanode.ObjectStoreHandler (ObjectStoreHandler.java:close(155)) - Closing ObjectStoreHandler.
2019-08-20 15:24:09,171 [main] INFO  ozone.HddsDatanodeService (HddsDatanodeService.java:stop(451)) - Stopped plug-in org.apache.hadoop.ozone.web.OzoneHddsDatanodeService@77393f2e
2019-08-20 15:24:09,176 [ForkJoinPool.commonPool-worker-0] INFO  statemachine.DatanodeStateMachine (DatanodeStateMachine.java:stopDaemon(395)) - Ozone container server stopped.
2019-08-20 15:24:09,179 [ForkJoinPool.commonPool-worker-0] INFO  handler.ContextHandler (ContextHandler.java:doStop(910)) - Stopped o.e.j.w.WebAppContext@17796f47{/,null,UNAVAILABLE}{/hddsDatanode}
2019-08-20 15:24:09,180 [ForkJoinPool.commonPool-worker-0] INFO  server.AbstractConnector (AbstractConnector.java:doStop(318)) - Stopped ServerConnector@369f85c6{HTTP/1.1,[http/1.1]}{0.0.0.0:0}
2019-08-20 15:24:09,181 [ForkJoinPool.commonPool-worker-0] INFO  handler.ContextHandler (ContextHandler.java:doStop(910)) - Stopped o.e.j.s.ServletContextHandler@6345dc06{/static,jar:file:/home/user/.m2/repository/org/apache/hadoop/hadoop-hdds-container-service/0.5.0-SNAPSHOT/hadoop-hdds-container-service-0.5.0-SNAPSHOT.jar!/webapps/static,UNAVAILABLE}
2019-08-20 15:24:09,183 [ForkJoinPool.commonPool-worker-0] INFO  handler.ContextHandler (ContextHandler.java:doStop(910)) - Stopped o.e.j.s.ServletContextHandler@272cec71{/logs,file:///workdir/hadoop-ozone/integration-test/target/log,UNAVAILABLE}
2019-08-20 15:24:09,184 [ForkJoinPool.commonPool-worker-0] INFO  datanode.ObjectStoreHandler (ObjectStoreHandler.java:close(155)) - Closing ObjectStoreHandler.
2019-08-20 15:24:09,184 [ForkJoinPool.commonPool-worker-0] INFO  ozone.HddsDatanodeService (HddsDatanodeService.java:stop(451)) - Stopped plug-in org.apache.hadoop.ozone.web.OzoneHddsDatanodeService@6e925a46
2019-08-20 15:24:09,511 [Datanode State Machine Thread - 0] INFO  statemachine.DatanodeStateMachine (DatanodeStateMachine.java:lambda$startDaemon$0(350)) - Ozone container server started.
2019-08-20 15:24:10,161 [Datanode State Machine Thread - 0] INFO  statemachine.DatanodeStateMachine (DatanodeStateMachine.java:lambda$startDaemon$0(350)) - Ozone container server started.
2019-08-20 15:24:13,514 [EventQueue-StaleNodeForStaleNodeHandler] INFO  node.StaleNodeHandler (StaleNodeHandler.java:onMessage(58)) - Datanode 5e423d06-488d-45e1-ad82-54d441feecb5{ip: 192.168.36.99, host: pr-hdds-1950-vsl5z-1698008226, networkLocation: /default-rack, certSerialId: null} moved to stale state. Finalizing its pipelines [PipelineID=c6a6162d-edee-4994-afcb-a1d35979fe45, PipelineID=20fb93a8-a031-421a-a26a-864525acfea0]
2019-08-20 15:24:13,514 [EventQueue-StaleNodeForStaleNodeHandler] INFO  pipeline.SCMPipelineManager (SCMPipelineManager.java:finalizeAndDestroyPipeline(309)) - destroying pipeline:Pipeline[ Id: c6a6162d-edee-4994-afcb-a1d35979fe45, Nodes: 5e423d06-488d-45e1-ad82-54d441feecb5{ip: 192.168.36.99, host: pr-hdds-1950-vsl5z-1698008226, networkLocation: /default-rack, certSerialId: null}, Type:RATIS, Factor:ONE, State:OPEN]
2019-08-20 15:24:13,514 [EventQueue-StaleNodeForStaleNodeHandler] INFO  pipeline.PipelineStateManager (PipelineStateManager.java:finalizePipeline(123)) - Pipeline Pipeline[ Id: c6a6162d-edee-4994-afcb-a1d35979fe45, Nodes: 5e423d06-488d-45e1-ad82-54d441feecb5{ip: 192.168.36.99, host: pr-hdds-1950-vsl5z-1698008226, networkLocation: /default-rack, certSerialId: null}, Type:RATIS, Factor:ONE, State:CLOSED] moved to CLOSED state
2019-08-20 15:24:13,514 [EventQueue-StaleNodeForStaleNodeHandler] INFO  pipeline.SCMPipelineManager (SCMPipelineManager.java:finalizeAndDestroyPipeline(309)) - destroying pipeline:Pipeline[ Id: 20fb93a8-a031-421a-a26a-864525acfea0, Nodes: 81cebdb6-2756-4de8-83ea-a7eacd20f204{ip: 192.168.36.99, host: pr-hdds-1950-vsl5z-1698008226, networkLocation: /default-rack, certSerialId: null}5e423d06-488d-45e1-ad82-54d441feecb5{ip: 192.168.36.99, host: pr-hdds-1950-vsl5z-1698008226, networkLocation: /default-rack, certSerialId: null}9c6ab30a-d72f-459b-9d58-6af7941cdaaa{ip: 192.168.36.99, host: pr-hdds-1950-vsl5z-1698008226, networkLocation: /default-rack, certSerialId: null}, Type:RATIS, Factor:THREE, State:CLOSED]
2019-08-20 15:24:14,116 [Thread-3764] INFO  impl.FollowerState (FollowerState.java:run(106)) - 5e423d06-488d-45e1-ad82-54d441feecb5:group-864525ACFEA0 changes to CANDIDATE, lastRpcTime:5170, electionTimeout:5128ms
2019-08-20 15:24:14,116 [Thread-3764] INFO  impl.RoleInfo (RoleInfo.java:shutdownFollowerState(121)) - 5e423d06-488d-45e1-ad82-54d441feecb5: shutdown FollowerState
2019-08-20 15:24:14,116 [Thread-3764] INFO  impl.RaftServerImpl (RaftServerImpl.java:setRole(171)) - 5e423d06-488d-45e1-ad82-54d441feecb5:group-864525ACFEA0 changes role from FOLLOWER to CANDIDATE at term 2 for changeToCandidate
2019-08-20 15:24:14,116 [Thread-3764] INFO  impl.RoleInfo (RoleInfo.java:updateAndGet(143)) - 5e423d06-488d-45e1-ad82-54d441feecb5: start LeaderElection
2019-08-20 15:24:14,117 [5e423d06-488d-45e1-ad82-54d441feecb5:group-864525ACFEA0:LeaderElection99] INFO  impl.RaftServerImpl (ServerState.java:setLeader(263)) - 5e423d06-488d-45e1-ad82-54d441feecb5:group-864525ACFEA0 change Leader from 81cebdb6-2756-4de8-83ea-a7eacd20f204 to null at term 2 for initElection
2019-08-20 15:24:14,172 [main] INFO  ozoneimpl.OzoneContainer (OzoneContainer.java:stop(199)) - Attempting to stop container services.
2019-08-20 15:24:14,172 [main] INFO  impl.RaftServerProxy (RaftServerProxy.java:lambda$close$4(314)) - 39479044-a7f0-46f5-a832-d507a2c1b28c: close
2019-08-20 15:24:14,173 [main] INFO  impl.RaftServerImpl (RaftServerImpl.java:lambda$shutdown$3(245)) - 39479044-a7f0-46f5-a832-d507a2c1b28c: shutdown group-9DB18E3E2438
2019-08-20 15:24:14,173 [main] INFO  util.JmxRegister (JmxRegister.java:unregister(73)) - Successfully un-registered JMX Bean with object name Ratis:service=RaftServer,group=group-9DB18E3E2438,id=39479044-a7f0-46f5-a832-d507a2c1b28c
2019-08-20 15:24:14,174 [main] INFO  impl.RoleInfo (RoleInfo.java:shutdownLeaderState(104)) - 39479044-a7f0-46f5-a832-d507a2c1b28c: shutdown LeaderState
2019-08-20 15:24:14,174 [main] INFO  impl.PendingRequests (PendingRequests.java:sendNotLeaderResponses(202)) - 39479044-a7f0-46f5-a832-d507a2c1b28c-PendingRequests: sendNotLeaderResponses
2019-08-20 15:24:14,175 [main] INFO  impl.StateMachineUpdater (StateMachineUpdater.java:stopAndJoin(115)) - StateMachineUpdater:39479044-a7f0-46f5-a832-d507a2c1b28c:group-9DB18E3E2438: set stopIndex = 0
2019-08-20 15:24:14,175 [main] INFO  impl.RaftServerImpl (ServerState.java:close(394)) - 39479044-a7f0-46f5-a832-d507a2c1b28c:group-9DB18E3E2438 closes. The last applied log index is 0
2019-08-20 15:24:14,176 [39479044-a7f0-46f5-a832-d507a2c1b28c-SegmentedRaftLogWorker:Storage Directory /workdir/hadoop-ozone/integration-test/target/test-dir/MiniOzoneClusterImpl-55fc759d-3081-4a00-8886-eafd5a4bcf81/datanode-6/data/ratis/56935650-926f-48fd-b5e2-9db18e3e2438] INFO  segmented.SegmentedRaftLogWorker (SegmentedRaftLogWorker.java:run(313)) - 39479044-a7f0-46f5-a832-d507a2c1b28c-SegmentedRaftLogWorker:Storage Directory /workdir/hadoop-ozone/integration-test/target/test-dir/MiniOzoneClusterImpl-55fc759d-3081-4a00-8886-eafd5a4bcf81/datanode-6/data/ratis/56935650-926f-48fd-b5e2-9db18e3e2438 was interrupted, exiting. There are 0 tasks remaining in the queue.
2019-08-20 15:24:14,176 [main] INFO  segmented.SegmentedRaftLogWorker (SegmentedRaftLogWorker.java:close(228)) - 39479044-a7f0-46f5-a832-d507a2c1b28c-SegmentedRaftLogWorker:Storage Directory /workdir/hadoop-ozone/integration-test/target/test-dir/MiniOzoneClusterImpl-55fc759d-3081-4a00-8886-eafd5a4bcf81/datanode-6/data/ratis/56935650-926f-48fd-b5e2-9db18e3e2438 close()
2019-08-20 15:24:14,178 [main] INFO  server.GrpcService (GrpcService.java:closeImpl(155)) - 39479044-a7f0-46f5-a832-d507a2c1b28c: shutdown server with port 46266 now
2019-08-20 15:24:14,181 [main] INFO  server.GrpcService (GrpcService.java:closeImpl(163)) - 39479044-a7f0-46f5-a832-d507a2c1b28c: shutdown server with port 46266 successfully
2019-08-20 15:24:14,182 [main] INFO  utils.BackgroundService (BackgroundService.java:shutdown(148)) - Shutting down service BlockDeletingService
2019-08-20 15:24:14,185 [ForkJoinPool.commonPool-worker-0] INFO  ozoneimpl.OzoneContainer (OzoneContainer.java:stop(199)) - Attempting to stop container services.
2019-08-20 15:24:14,185 [ForkJoinPool.commonPool-worker-0] INFO  impl.RaftServerProxy (RaftServerProxy.java:lambda$close$4(314)) - 5e423d06-488d-45e1-ad82-54d441feecb5: close
2019-08-20 15:24:14,185 [refreshUsed-/workdir/hadoop-ozone/integration-test/target/test-dir/MiniOzoneClusterImpl-55fc759d-3081-4a00-8886-eafd5a4bcf81/datanode-6/data/containers] WARN  fs.CachingGetSpaceUsed (CachingGetSpaceUsed.java:run(183)) - Thread Interrupted waiting to refresh disk information: sleep interrupted
2019-08-20 15:24:14,186 [ForkJoinPool.commonPool-worker-0] INFO  impl.RaftServerImpl (RaftServerImpl.java:lambda$shutdown$3(245)) - 5e423d06-488d-45e1-ad82-54d441feecb5: shutdown group-A1D35979FE45
2019-08-20 15:24:14,187 [ForkJoinPool.commonPool-worker-0] INFO  util.JmxRegister (JmxRegister.java:unregister(73)) - Successfully un-registered JMX Bean with object name Ratis:service=RaftServer,group=group-A1D35979FE45,id=5e423d06-488d-45e1-ad82-54d441feecb5
2019-08-20 15:24:14,188 [ForkJoinPool.commonPool-worker-0] INFO  impl.RoleInfo (RoleInfo.java:shutdownLeaderState(104)) - 5e423d06-488d-45e1-ad82-54d441feecb5: shutdown LeaderState
2019-08-20 15:24:14,188 [ForkJoinPool.commonPool-worker-0] INFO  impl.PendingRequests (PendingRequests.java:sendNotLeaderResponses(202)) - 5e423d06-488d-45e1-ad82-54d441feecb5-PendingRequests: sendNotLeaderResponses
2019-08-20 15:24:14,188 [ForkJoinPool.commonPool-worker-0] INFO  impl.StateMachineUpdater (StateMachineUpdater.java:stopAndJoin(115)) - StateMachineUpdater:5e423d06-488d-45e1-ad82-54d441feecb5:group-A1D35979FE45: set stopIndex = 0
2019-08-20 15:24:14,189 [ForkJoinPool.commonPool-worker-0] INFO  impl.RaftServerImpl (ServerState.java:close(394)) - 5e423d06-488d-45e1-ad82-54d441feecb5:group-A1D35979FE45 closes. The last applied log index is 0
2019-08-20 15:24:14,189 [5e423d06-488d-45e1-ad82-54d441feecb5-SegmentedRaftLogWorker:Storage Directory /workdir/hadoop-ozone/integration-test/target/test-dir/MiniOzoneClusterImpl-55fc759d-3081-4a00-8886-eafd5a4bcf81/datanode-5/data/ratis/c6a6162d-edee-4994-afcb-a1d35979fe45] INFO  segmented.SegmentedRaftLogWorker (SegmentedRaftLogWorker.java:run(313)) - 5e423d06-488d-45e1-ad82-54d441feecb5-SegmentedRaftLogWorker:Storage Directory /workdir/hadoop-ozone/integration-test/target/test-dir/MiniOzoneClusterImpl-55fc759d-3081-4a00-8886-eafd5a4bcf81/datanode-5/data/ratis/c6a6162d-edee-4994-afcb-a1d35979fe45 was interrupted, exiting. There are 0 tasks remaining in the queue.
2019-08-20 15:24:14,189 [ForkJoinPool.commonPool-worker-0] INFO  segmented.SegmentedRaftLogWorker (SegmentedRaftLogWorker.java:close(228)) - 5e423d06-488d-45e1-ad82-54d441feecb5-SegmentedRaftLogWorker:Storage Directory /workdir/hadoop-ozone/integration-test/target/test-dir/MiniOzoneClusterImpl-55fc759d-3081-4a00-8886-eafd5a4bcf81/datanode-5/data/ratis/c6a6162d-edee-4994-afcb-a1d35979fe45 close()
2019-08-20 15:24:14,191 [ForkJoinPool.commonPool-worker-0] INFO  impl.RaftServerImpl (RaftServerImpl.java:lambda$shutdown$3(245)) - 5e423d06-488d-45e1-ad82-54d441feecb5: shutdown group-864525ACFEA0
2019-08-20 15:24:14,191 [ForkJoinPool.commonPool-worker-0] INFO  util.JmxRegister (JmxRegister.java:unregister(73)) - Successfully un-registered JMX Bean with object name Ratis:service=RaftServer,group=group-864525ACFEA0,id=5e423d06-488d-45e1-ad82-54d441feecb5
2019-08-20 15:24:14,192 [ForkJoinPool.commonPool-worker-0] INFO  impl.RoleInfo (RoleInfo.java:shutdownLeaderElection(134)) - 5e423d06-488d-45e1-ad82-54d441feecb5: shutdown LeaderElection
2019-08-20 15:24:14,192 [ForkJoinPool.commonPool-worker-0] INFO  impl.StateMachineUpdater (StateMachineUpdater.java:stopAndJoin(115)) - StateMachineUpdater:5e423d06-488d-45e1-ad82-54d441feecb5:group-864525ACFEA0: set stopIndex = 16
2019-08-20 15:24:14,192 [StateMachineUpdater:5e423d06-488d-45e1-ad82-54d441feecb5:group-864525ACFEA0] INFO  ratis.ContainerStateMachine (ContainerStateMachine.java:takeSnapshot(271)) - group-864525ACFEA0: Taking a snapshot at:(t:2, i:14) file /workdir/hadoop-ozone/integration-test/target/test-dir/MiniOzoneClusterImpl-55fc759d-3081-4a00-8886-eafd5a4bcf81/datanode-5/data/ratis/20fb93a8-a031-421a-a26a-864525acfea0/sm/snapshot.2_14
2019-08-20 15:24:14,207 [main] INFO  statemachine.DatanodeStateMachine (DatanodeStateMachine.java:stopDaemon(395)) - Ozone container server stopped.
2019-08-20 15:24:14,208 [main] INFO  handler.ContextHandler (ContextHandler.java:doStop(910)) - Stopped o.e.j.w.WebAppContext@41c7ef69{/,null,UNAVAILABLE}{/hddsDatanode}
2019-08-20 15:24:14,209 [main] INFO  server.AbstractConnector (AbstractConnector.java:doStop(318)) - Stopped ServerConnector@15e86d24{HTTP/1.1,[http/1.1]}{0.0.0.0:0}
2019-08-20 15:24:14,210 [main] INFO  handler.ContextHandler (ContextHandler.java:doStop(910)) - Stopped o.e.j.s.ServletContextHandler@2380e8d4{/static,jar:file:/home/user/.m2/repository/org/apache/hadoop/hadoop-hdds-container-service/0.5.0-SNAPSHOT/hadoop-hdds-container-service-0.5.0-SNAPSHOT.jar!/webapps/static,UNAVAILABLE}
2019-08-20 15:24:14,210 [main] INFO  handler.ContextHandler (ContextHandler.java:doStop(910)) - Stopped o.e.j.s.ServletContextHandler@6c152246{/logs,file:///workdir/hadoop-ozone/integration-test/target/log,UNAVAILABLE}
2019-08-20 15:24:14,215 [EventQueue-StaleNodeForStaleNodeHandler] INFO  node.StaleNodeHandler (StaleNodeHandler.java:onMessage(58)) - Datanode 39479044-a7f0-46f5-a832-d507a2c1b28c{ip: 192.168.36.99, host: pr-hdds-1950-vsl5z-1698008226, networkLocation: /default-rack, certSerialId: null} moved to stale state. Finalizing its pipelines [PipelineID=56935650-926f-48fd-b5e2-9db18e3e2438]
2019-08-20 15:24:14,215 [EventQueue-StaleNodeForStaleNodeHandler] INFO  pipeline.SCMPipelineManager (SCMPipelineManager.java:finalizeAndDestroyPipeline(309)) - destroying pipeline:Pipeline[ Id: 56935650-926f-48fd-b5e2-9db18e3e2438, Nodes: 39479044-a7f0-46f5-a832-d507a2c1b28c{ip: 192.168.36.99, host: pr-hdds-1950-vsl5z-1698008226, networkLocation: /default-rack, certSerialId: null}, Type:RATIS, Factor:ONE, State:OPEN]
2019-08-20 15:24:14,215 [EventQueue-StaleNodeForStaleNodeHandler] INFO  pipeline.PipelineStateManager (PipelineStateManager.java:finalizePipeline(123)) - Pipeline Pipeline[ Id: 56935650-926f-48fd-b5e2-9db18e3e2438, Nodes: 39479044-a7f0-46f5-a832-d507a2c1b28c{ip: 192.168.36.99, host: pr-hdds-1950-vsl5z-1698008226, networkLocation: /default-rack, certSerialId: null}, Type:RATIS, Factor:ONE, State:CLOSED] moved to CLOSED state
2019-08-20 15:24:17,395 [StateMachineUpdater:5e423d06-488d-45e1-ad82-54d441feecb5:group-864525ACFEA0] INFO  ratis.ContainerStateMachine (ContainerStateMachine.java:takeSnapshot(282)) - group-864525ACFEA0: Finished taking a snapshot at:(t:2, i:14) file:/workdir/hadoop-ozone/integration-test/target/test-dir/MiniOzoneClusterImpl-55fc759d-3081-4a00-8886-eafd5a4bcf81/datanode-5/data/ratis/20fb93a8-a031-421a-a26a-864525acfea0/sm/snapshot.2_14 time:3203
2019-08-20 15:24:17,395 [5e423d06-488d-45e1-ad82-54d441feecb5:group-864525ACFEA0:LeaderElection99] INFO  impl.LeaderElection (LeaderElection.java:askForVotes(181)) - 5e423d06-488d-45e1-ad82-54d441feecb5:group-864525ACFEA0:LeaderElection99: begin an election at term 3 for 0: [81cebdb6-2756-4de8-83ea-a7eacd20f204:192.168.36.99:46096, 9c6ab30a-d72f-459b-9d58-6af7941cdaaa:192.168.36.99:45772, 5e423d06-488d-45e1-ad82-54d441feecb5:192.168.36.99:40855], old=null
2019-08-20 15:24:17,395 [StateMachineUpdater:5e423d06-488d-45e1-ad82-54d441feecb5:group-864525ACFEA0] INFO  impl.StateMachineUpdater (StateMachineUpdater.java:takeSnapshot(242)) - StateMachineUpdater:5e423d06-488d-45e1-ad82-54d441feecb5:group-864525ACFEA0: Took a snapshot at index 14
2019-08-20 15:24:17,395 [StateMachineUpdater:5e423d06-488d-45e1-ad82-54d441feecb5:group-864525ACFEA0] INFO  impl.StateMachineUpdater (StateMachineUpdater.java:lambda$new$0(80)) - StateMachineUpdater:5e423d06-488d-45e1-ad82-54d441feecb5:group-864525ACFEA0: snapshotIndex: updateIncreasingly -1 -> 14
2019-08-20 15:24:17,395 [ForkJoinPool.commonPool-worker-0] INFO  impl.RaftServerImpl (ServerState.java:close(394)) - 5e423d06-488d-45e1-ad82-54d441feecb5:group-864525ACFEA0 closes. The last applied log index is 16
2019-08-20 15:24:17,396 [5e423d06-488d-45e1-ad82-54d441feecb5:group-864525ACFEA0:LeaderElection99] INFO  impl.LeaderElection (LeaderElection.java:logAndReturn(56)) - 5e423d06-488d-45e1-ad82-54d441feecb5:group-864525ACFEA0:LeaderElection99: Election REJECTED; received 0 response(s) [] and 0 exception(s); 5e423d06-488d-45e1-ad82-54d441feecb5:t3, leader=null, voted=5e423d06-488d-45e1-ad82-54d441feecb5, raftlog=5e423d06-488d-45e1-ad82-54d441feecb5-SegmentedRaftLog:CLOSED:c16, conf=0: [81cebdb6-2756-4de8-83ea-a7eacd20f204:192.168.36.99:46096, 9c6ab30a-d72f-459b-9d58-6af7941cdaaa:192.168.36.99:45772, 5e423d06-488d-45e1-ad82-54d441feecb5:192.168.36.99:40855], old=null
2019-08-20 15:24:17,396 [5e423d06-488d-45e1-ad82-54d441feecb5-SegmentedRaftLogWorker:Storage Directory /workdir/hadoop-ozone/integration-test/target/test-dir/MiniOzoneClusterImpl-55fc759d-3081-4a00-8886-eafd5a4bcf81/datanode-5/data/ratis/20fb93a8-a031-421a-a26a-864525acfea0] INFO  segmented.SegmentedRaftLogWorker (SegmentedRaftLogWorker.java:run(313)) - 5e423d06-488d-45e1-ad82-54d441feecb5-SegmentedRaftLogWorker:Storage Directory /workdir/hadoop-ozone/integration-test/target/test-dir/MiniOzoneClusterImpl-55fc759d-3081-4a00-8886-eafd5a4bcf81/datanode-5/data/ratis/20fb93a8-a031-421a-a26a-864525acfea0 was interrupted, exiting. There are 0 tasks remaining in the queue.
2019-08-20 15:24:17,396 [ForkJoinPool.commonPool-worker-0] INFO  segmented.SegmentedRaftLogWorker (SegmentedRaftLogWorker.java:close(228)) - 5e423d06-488d-45e1-ad82-54d441feecb5-SegmentedRaftLogWorker:Storage Directory /workdir/hadoop-ozone/integration-test/target/test-dir/MiniOzoneClusterImpl-55fc759d-3081-4a00-8886-eafd5a4bcf81/datanode-5/data/ratis/20fb93a8-a031-421a-a26a-864525acfea0 close()
2019-08-20 15:24:17,398 [ForkJoinPool.commonPool-worker-0] INFO  server.GrpcService (GrpcService.java:closeImpl(155)) - 5e423d06-488d-45e1-ad82-54d441feecb5: shutdown server with port 40855 now
2019-08-20 15:24:17,399 [ForkJoinPool.commonPool-worker-0] INFO  server.GrpcService (GrpcService.java:closeImpl(163)) - 5e423d06-488d-45e1-ad82-54d441feecb5: shutdown server with port 40855 successfully
2019-08-20 15:24:17,400 [ForkJoinPool.commonPool-worker-0] INFO  utils.BackgroundService (BackgroundService.java:shutdown(148)) - Shutting down service BlockDeletingService
2019-08-20 15:24:17,402 [refreshUsed-/workdir/hadoop-ozone/integration-test/target/test-dir/MiniOzoneClusterImpl-55fc759d-3081-4a00-8886-eafd5a4bcf81/datanode-5/data/containers] WARN  fs.CachingGetSpaceUsed (CachingGetSpaceUsed.java:run(183)) - Thread Interrupted waiting to refresh disk information: sleep interrupted
2019-08-20 15:24:17,416 [ForkJoinPool.commonPool-worker-0] INFO  statemachine.DatanodeStateMachine (DatanodeStateMachine.java:stopDaemon(395)) - Ozone container server stopped.
2019-08-20 15:24:17,419 [ForkJoinPool.commonPool-worker-0] INFO  handler.ContextHandler (ContextHandler.java:doStop(910)) - Stopped o.e.j.w.WebAppContext@5e79bdf6{/,null,UNAVAILABLE}{/hddsDatanode}
2019-08-20 15:24:17,420 [ForkJoinPool.commonPool-worker-0] INFO  server.AbstractConnector (AbstractConnector.java:doStop(318)) - Stopped ServerConnector@495c4ce7{HTTP/1.1,[http/1.1]}{0.0.0.0:0}
2019-08-20 15:24:17,421 [ForkJoinPool.commonPool-worker-0] INFO  handler.ContextHandler (ContextHandler.java:doStop(910)) - Stopped o.e.j.s.ServletContextHandler@353ac1ef{/static,jar:file:/home/user/.m2/repository/org/apache/hadoop/hadoop-hdds-container-service/0.5.0-SNAPSHOT/hadoop-hdds-container-service-0.5.0-SNAPSHOT.jar!/webapps/static,UNAVAILABLE}
2019-08-20 15:24:17,422 [ForkJoinPool.commonPool-worker-0] INFO  handler.ContextHandler (ContextHandler.java:doStop(910)) - Stopped o.e.j.s.ServletContextHandler@11c82829{/logs,file:///workdir/hadoop-ozone/integration-test/target/log,UNAVAILABLE}
2019-08-20 15:24:17,423 [main] INFO  ozone.MiniOzoneClusterImpl (MiniOzoneClusterImpl.java:stop(353)) - Stopping the StorageContainerManager
2019-08-20 15:24:17,423 [main] INFO  server.StorageContainerManager (StorageContainerManager.java:stop(797)) - Stopping Replication Manager Service.
2019-08-20 15:24:17,423 [main] INFO  container.ReplicationManager (ReplicationManager.java:stop(193)) - Stopping Replication Monitor Thread.
2019-08-20 15:24:17,423 [main] INFO  server.StorageContainerManager (StorageContainerManager.java:stop(804)) - Stopping Lease Manager of the command watchers
2019-08-20 15:24:17,423 [main] INFO  server.StorageContainerManager (StorageContainerManager.java:stop(811)) - Stopping datanode service RPC server
2019-08-20 15:24:17,423 [main] INFO  server.SCMDatanodeProtocolServer (SCMDatanodeProtocolServer.java:stop(367)) - Stopping the RPC server for DataNodes
2019-08-20 15:24:17,424 [main] INFO  ipc.Server (Server.java:stop(3082)) - Stopping server on 42907
2019-08-20 15:24:17,425 [IPC Server listener on 42907] INFO  ipc.Server (Server.java:run(1185)) - Stopping IPC Server listener on 42907
2019-08-20 15:24:17,426 [IPC Server Responder] INFO  ipc.Server (Server.java:run(1319)) - Stopping IPC Server Responder
2019-08-20 15:24:17,518 [SCM Heartbeat Processing Thread - 0] WARN  node.NodeStateManager (NodeStateManager.java:scheduleNextHealthCheck(646)) - Current Thread is interrupted, shutting down HB processing thread for Node Manager.
2019-08-20 15:24:17,519 [main] INFO  server.StorageContainerManager (StorageContainerManager.java:stop(819)) - Stopping block service RPC server
2019-08-20 15:24:17,519 [main] INFO  server.SCMBlockProtocolServer (SCMBlockProtocolServer.java:stop(148)) - Stopping the RPC server for Block Protocol
2019-08-20 15:24:17,519 [main] INFO  ipc.Server (Server.java:stop(3082)) - Stopping server on 46693
2019-08-20 15:24:17,521 [IPC Server listener on 46693] INFO  ipc.Server (Server.java:run(1185)) - Stopping IPC Server listener on 46693
2019-08-20 15:24:17,521 [main] INFO  server.StorageContainerManager (StorageContainerManager.java:stop(826)) - Stopping the StorageContainerLocationProtocol RPC server
2019-08-20 15:24:17,522 [main] INFO  server.SCMClientProtocolServer (SCMClientProtocolServer.java:stop(159)) - Stopping the RPC server for Client Protocol
2019-08-20 15:24:17,522 [main] INFO  ipc.Server (Server.java:stop(3082)) - Stopping server on 40776
2019-08-20 15:24:17,522 [IPC Server Responder] INFO  ipc.Server (Server.java:run(1319)) - Stopping IPC Server Responder
2019-08-20 15:24:17,524 [IPC Server listener on 40776] INFO  ipc.Server (Server.java:run(1185)) - Stopping IPC Server listener on 40776
2019-08-20 15:24:17,524 [main] INFO  server.StorageContainerManager (StorageContainerManager.java:stop(833)) - Stopping Storage Container Manager HTTP server.
2019-08-20 15:24:17,524 [IPC Server Responder] INFO  ipc.Server (Server.java:run(1319)) - Stopping IPC Server Responder
2019-08-20 15:24:17,526 [main] INFO  handler.ContextHandler (ContextHandler.java:doStop(910)) - Stopped o.e.j.w.WebAppContext@6179551b{/,null,UNAVAILABLE}{/scm}
2019-08-20 15:24:17,527 [main] INFO  server.AbstractConnector (AbstractConnector.java:doStop(318)) - Stopped ServerConnector@54626326{HTTP/1.1,[http/1.1]}{0.0.0.0:0}
2019-08-20 15:24:17,527 [main] INFO  handler.ContextHandler (ContextHandler.java:doStop(910)) - Stopped o.e.j.s.ServletContextHandler@46bbcb82{/static,file:///workdir/hadoop-ozone/integration-test/target/test-classes/webapps/static,UNAVAILABLE}
2019-08-20 15:24:17,527 [main] INFO  handler.ContextHandler (ContextHandler.java:doStop(910)) - Stopped o.e.j.s.ServletContextHandler@6b3a1151{/logs,file:///workdir/hadoop-ozone/integration-test/target/log,UNAVAILABLE}
2019-08-20 15:24:17,528 [main] INFO  server.StorageContainerManager (StorageContainerManager.java:stop(844)) - Stopping Block Manager Service.
2019-08-20 15:24:17,528 [main] INFO  utils.BackgroundService (BackgroundService.java:shutdown(148)) - Shutting down service SCMBlockDeletingService
2019-08-20 15:24:17,529 [main] INFO  utils.BackgroundService (BackgroundService.java:shutdown(148)) - Shutting down service SCMBlockDeletingService
2019-08-20 15:24:17,529 [main] INFO  server.StorageContainerManager (StorageContainerManager.java:stop(866)) - Stopping SCM Event Queue.
2019-08-20 15:24:17,532 [main] INFO  impl.MetricsSystemImpl (MetricsSystemImpl.java:stop(210)) - Stopping HddsDatanode metrics system...
2019-08-20 15:24:17,541 [main] INFO  impl.MetricsSystemImpl (MetricsSystemImpl.java:stop(216)) - HddsDatanode metrics system stopped.
]]></system-out>
    <system-err><![CDATA[Aug 20, 2019 3:23:32 PM com.sun.jersey.server.impl.application.WebApplicationImpl _initiate
INFO: Initiating Jersey application, version 'Jersey: 1.19 02/11/2015 03:25 AM'
Aug 20, 2019 3:23:32 PM com.sun.jersey.server.impl.application.WebApplicationImpl _initiate
INFO: Initiating Jersey application, version 'Jersey: 1.19 02/11/2015 03:25 AM'
Aug 20, 2019 3:23:33 PM com.sun.jersey.server.impl.application.WebApplicationImpl _initiate
INFO: Initiating Jersey application, version 'Jersey: 1.19 02/11/2015 03:25 AM'
Aug 20, 2019 3:23:33 PM com.sun.jersey.server.impl.application.WebApplicationImpl _initiate
INFO: Initiating Jersey application, version 'Jersey: 1.19 02/11/2015 03:25 AM'
Aug 20, 2019 3:23:33 PM com.sun.jersey.server.impl.application.WebApplicationImpl _initiate
INFO: Initiating Jersey application, version 'Jersey: 1.19 02/11/2015 03:25 AM'
Aug 20, 2019 3:23:33 PM com.sun.jersey.server.impl.application.WebApplicationImpl _initiate
INFO: Initiating Jersey application, version 'Jersey: 1.19 02/11/2015 03:25 AM'
Aug 20, 2019 3:23:34 PM com.sun.jersey.server.impl.application.WebApplicationImpl _initiate
INFO: Initiating Jersey application, version 'Jersey: 1.19 02/11/2015 03:25 AM'
Aug 20, 2019 3:23:36 PM org.apache.ratis.thirdparty.io.grpc.internal.ManagedChannelOrphanWrapper$ManagedChannelReference cleanQueue
SEVERE: *~*~*~ Channel ManagedChannelImpl{logId=3025, target=192.168.36.99:43238} was not shutdown properly!!! ~*~*~*
    Make sure to call shutdown()/shutdownNow() and wait until awaitTermination() returns true.
java.lang.RuntimeException: ManagedChannel allocation site
	at org.apache.ratis.thirdparty.io.grpc.internal.ManagedChannelOrphanWrapper$ManagedChannelReference.<init>(ManagedChannelOrphanWrapper.java:103)
	at org.apache.ratis.thirdparty.io.grpc.internal.ManagedChannelOrphanWrapper.<init>(ManagedChannelOrphanWrapper.java:53)
	at org.apache.ratis.thirdparty.io.grpc.internal.ManagedChannelOrphanWrapper.<init>(ManagedChannelOrphanWrapper.java:44)
	at org.apache.ratis.thirdparty.io.grpc.internal.AbstractManagedChannelImplBuilder.build(AbstractManagedChannelImplBuilder.java:411)
	at org.apache.ratis.grpc.client.GrpcClientProtocolClient.<init>(GrpcClientProtocolClient.java:119)
	at org.apache.ratis.grpc.client.GrpcClientRpc.lambda$new$0(GrpcClientRpc.java:55)
	at org.apache.ratis.util.PeerProxyMap$PeerAndProxy.lambda$getProxy$0(PeerProxyMap.java:61)
	at org.apache.ratis.util.LifeCycle.startAndTransition(LifeCycle.java:202)
	at org.apache.ratis.util.PeerProxyMap$PeerAndProxy.getProxy(PeerProxyMap.java:60)
	at org.apache.ratis.util.PeerProxyMap.getProxy(PeerProxyMap.java:107)
	at org.apache.ratis.grpc.client.GrpcClientRpc.sendRequestAsync(GrpcClientRpc.java:66)
	at org.apache.ratis.client.impl.OrderedAsync.sendRequest(OrderedAsync.java:208)
	at org.apache.ratis.client.impl.OrderedAsync.sendRequestWithRetry(OrderedAsync.java:169)
	at org.apache.ratis.util.SlidingWindow$Client.sendOrDelayRequest(SlidingWindow.java:278)
	at org.apache.ratis.util.SlidingWindow$Client.retry(SlidingWindow.java:294)
	at org.apache.ratis.client.impl.OrderedAsync.lambda$scheduleWithTimeout$7(OrderedAsync.java:195)
	at org.apache.ratis.util.TimeoutScheduler.lambda$onTimeout$0(TimeoutScheduler.java:85)
	at org.apache.ratis.util.TimeoutScheduler.lambda$onTimeout$1(TimeoutScheduler.java:104)
	at org.apache.ratis.util.LogUtils.runAndLog(LogUtils.java:50)
	at org.apache.ratis.util.LogUtils$1.run(LogUtils.java:91)
	at java.util.concurrent.Executors$RunnableAdapter.call(Executors.java:511)
	at java.util.concurrent.FutureTask.run(FutureTask.java:266)
	at java.util.concurrent.ScheduledThreadPoolExecutor$ScheduledFutureTask.access$201(ScheduledThreadPoolExecutor.java:180)
	at java.util.concurrent.ScheduledThreadPoolExecutor$ScheduledFutureTask.run(ScheduledThreadPoolExecutor.java:293)
	at java.util.concurrent.ThreadPoolExecutor.runWorker(ThreadPoolExecutor.java:1149)
	at java.util.concurrent.ThreadPoolExecutor$Worker.run(ThreadPoolExecutor.java:624)
	at java.lang.Thread.run(Thread.java:748)

Aug 20, 2019 3:23:36 PM org.apache.ratis.thirdparty.io.grpc.internal.ManagedChannelOrphanWrapper$ManagedChannelReference cleanQueue
SEVERE: *~*~*~ Channel ManagedChannelImpl{logId=2802, target=192.168.36.99:37208} was not shutdown properly!!! ~*~*~*
    Make sure to call shutdown()/shutdownNow() and wait until awaitTermination() returns true.
java.lang.RuntimeException: ManagedChannel allocation site
	at org.apache.ratis.thirdparty.io.grpc.internal.ManagedChannelOrphanWrapper$ManagedChannelReference.<init>(ManagedChannelOrphanWrapper.java:103)
	at org.apache.ratis.thirdparty.io.grpc.internal.ManagedChannelOrphanWrapper.<init>(ManagedChannelOrphanWrapper.java:53)
	at org.apache.ratis.thirdparty.io.grpc.internal.ManagedChannelOrphanWrapper.<init>(ManagedChannelOrphanWrapper.java:44)
	at org.apache.ratis.thirdparty.io.grpc.internal.AbstractManagedChannelImplBuilder.build(AbstractManagedChannelImplBuilder.java:411)
	at org.apache.ratis.grpc.client.GrpcClientProtocolClient.<init>(GrpcClientProtocolClient.java:119)
	at org.apache.ratis.grpc.client.GrpcClientRpc.lambda$new$0(GrpcClientRpc.java:55)
	at org.apache.ratis.util.PeerProxyMap$PeerAndProxy.lambda$getProxy$0(PeerProxyMap.java:61)
	at org.apache.ratis.util.LifeCycle.startAndTransition(LifeCycle.java:202)
	at org.apache.ratis.util.PeerProxyMap$PeerAndProxy.getProxy(PeerProxyMap.java:60)
	at org.apache.ratis.util.PeerProxyMap.getProxy(PeerProxyMap.java:107)
	at org.apache.ratis.grpc.client.GrpcClientRpc.sendRequestAsync(GrpcClientRpc.java:66)
	at org.apache.ratis.client.impl.OrderedAsync.sendRequest(OrderedAsync.java:208)
	at org.apache.ratis.client.impl.OrderedAsync.sendRequestWithRetry(OrderedAsync.java:169)
	at org.apache.ratis.util.SlidingWindow$Client.sendOrDelayRequest(SlidingWindow.java:278)
	at org.apache.ratis.util.SlidingWindow$Client.submitNewRequest(SlidingWindow.java:257)
	at org.apache.ratis.client.impl.OrderedAsync.send(OrderedAsync.java:155)
	at org.apache.ratis.client.impl.RaftClientImpl.sendAsync(RaftClientImpl.java:145)
	at org.apache.ratis.client.impl.RaftClientImpl.sendAsync(RaftClientImpl.java:125)
	at org.apache.hadoop.hdds.scm.XceiverClientRatis.sendRequestAsync(XceiverClientRatis.java:224)
	at org.apache.hadoop.hdds.scm.XceiverClientRatis.sendCommandAsync(XceiverClientRatis.java:302)
	at org.apache.hadoop.hdds.scm.storage.ContainerProtocolCalls.writeChunkAsync(ContainerProtocolCalls.java:310)
	at org.apache.hadoop.hdds.scm.storage.BlockOutputStream.writeChunkToContainer(BlockOutputStream.java:601)
	at org.apache.hadoop.hdds.scm.storage.BlockOutputStream.writeChunk(BlockOutputStream.java:459)
	at org.apache.hadoop.hdds.scm.storage.BlockOutputStream.writeOnRetry(BlockOutputStream.java:285)
	at org.apache.hadoop.ozone.client.io.BlockOutputStreamEntry.writeOnRetry(BlockOutputStreamEntry.java:200)
	at org.apache.hadoop.ozone.client.io.KeyOutputStream.handleWrite(KeyOutputStream.java:209)
	at org.apache.hadoop.ozone.client.io.KeyOutputStream.handleRetry(KeyOutputStream.java:376)
	at org.apache.hadoop.ozone.client.io.KeyOutputStream.handleException(KeyOutputStream.java:325)
	at org.apache.hadoop.ozone.client.io.KeyOutputStream.handleFlushOrClose(KeyOutputStream.java:448)
	at org.apache.hadoop.ozone.client.io.KeyOutputStream.handleWrite(KeyOutputStream.java:235)
	at org.apache.hadoop.ozone.client.io.KeyOutputStream.write(KeyOutputStream.java:193)
	at org.apache.hadoop.ozone.client.io.OzoneOutputStream.write(OzoneOutputStream.java:49)
	at java.io.OutputStream.write(OutputStream.java:75)
	at org.apache.hadoop.ozone.client.rpc.TestBlockOutputStreamWithFailures.testDatanodeFailureWithSingleNodeRatis(TestBlockOutputStreamWithFailures.java:1021)
	at sun.reflect.NativeMethodAccessorImpl.invoke0(Native Method)
	at sun.reflect.NativeMethodAccessorImpl.invoke(NativeMethodAccessorImpl.java:62)
	at sun.reflect.DelegatingMethodAccessorImpl.invoke(DelegatingMethodAccessorImpl.java:43)
	at java.lang.reflect.Method.invoke(Method.java:498)
	at org.junit.runners.model.FrameworkMethod$1.runReflectiveCall(FrameworkMethod.java:47)
	at org.junit.internal.runners.model.ReflectiveCallable.run(ReflectiveCallable.java:12)
	at org.junit.runners.model.FrameworkMethod.invokeExplosively(FrameworkMethod.java:44)
	at org.junit.internal.runners.statements.InvokeMethod.evaluate(InvokeMethod.java:17)
	at org.junit.internal.runners.statements.RunBefores.evaluate(RunBefores.java:26)
	at org.junit.internal.runners.statements.RunAfters.evaluate(RunAfters.java:27)
	at org.junit.runners.ParentRunner.runLeaf(ParentRunner.java:271)
	at org.junit.runners.BlockJUnit4ClassRunner.runChild(BlockJUnit4ClassRunner.java:70)
	at org.junit.runners.BlockJUnit4ClassRunner.runChild(BlockJUnit4ClassRunner.java:50)
	at org.junit.runners.ParentRunner$3.run(ParentRunner.java:238)
	at org.junit.runners.ParentRunner$1.schedule(ParentRunner.java:63)
	at org.junit.runners.ParentRunner.runChildren(ParentRunner.java:236)
	at org.junit.runners.ParentRunner.access$000(ParentRunner.java:53)
	at org.junit.runners.ParentRunner$2.evaluate(ParentRunner.java:229)
	at org.junit.runners.ParentRunner.run(ParentRunner.java:309)
	at org.apache.maven.surefire.junit4.JUnit4Provider.execute(JUnit4Provider.java:365)
	at org.apache.maven.surefire.junit4.JUnit4Provider.executeWithRerun(JUnit4Provider.java:273)
	at org.apache.maven.surefire.junit4.JUnit4Provider.executeTestSet(JUnit4Provider.java:238)
	at org.apache.maven.surefire.junit4.JUnit4Provider.invoke(JUnit4Provider.java:159)
	at org.apache.maven.surefire.booter.ForkedBooter.invokeProviderInSameClassLoader(ForkedBooter.java:384)
	at org.apache.maven.surefire.booter.ForkedBooter.runSuitesInProcess(ForkedBooter.java:345)
	at org.apache.maven.surefire.booter.ForkedBooter.execute(ForkedBooter.java:126)
	at org.apache.maven.surefire.booter.ForkedBooter.main(ForkedBooter.java:418)

Aug 20, 2019 3:23:36 PM org.apache.ratis.thirdparty.io.grpc.internal.ManagedChannelOrphanWrapper$ManagedChannelReference cleanQueue
SEVERE: *~*~*~ Channel ManagedChannelImpl{logId=2832, target=192.168.36.99:33824} was not shutdown properly!!! ~*~*~*
    Make sure to call shutdown()/shutdownNow() and wait until awaitTermination() returns true.
java.lang.RuntimeException: ManagedChannel allocation site
	at org.apache.ratis.thirdparty.io.grpc.internal.ManagedChannelOrphanWrapper$ManagedChannelReference.<init>(ManagedChannelOrphanWrapper.java:103)
	at org.apache.ratis.thirdparty.io.grpc.internal.ManagedChannelOrphanWrapper.<init>(ManagedChannelOrphanWrapper.java:53)
	at org.apache.ratis.thirdparty.io.grpc.internal.ManagedChannelOrphanWrapper.<init>(ManagedChannelOrphanWrapper.java:44)
	at org.apache.ratis.thirdparty.io.grpc.internal.AbstractManagedChannelImplBuilder.build(AbstractManagedChannelImplBuilder.java:411)
	at org.apache.hadoop.hdds.scm.XceiverClientGrpc.connectToDatanode(XceiverClientGrpc.java:174)
	at org.apache.hadoop.hdds.scm.XceiverClientGrpc.reconnect(XceiverClientGrpc.java:422)
	at org.apache.hadoop.hdds.scm.XceiverClientGrpc.sendCommandAsync(XceiverClientGrpc.java:371)
	at org.apache.hadoop.hdds.scm.XceiverClientGrpc.sendCommandWithRetry(XceiverClientGrpc.java:284)
	at org.apache.hadoop.hdds.scm.XceiverClientGrpc.sendCommandWithTraceIDAndRetry(XceiverClientGrpc.java:250)
	at org.apache.hadoop.hdds.scm.XceiverClientGrpc.sendCommand(XceiverClientGrpc.java:233)
	at org.apache.hadoop.hdds.scm.storage.ContainerProtocolCalls.getBlock(ContainerProtocolCalls.java:118)
	at org.apache.hadoop.hdds.scm.storage.BlockInputStream.getChunkInfos(BlockInputStream.java:167)
	at org.apache.hadoop.hdds.scm.storage.BlockInputStream.initialize(BlockInputStream.java:118)
	at org.apache.hadoop.hdds.scm.storage.BlockInputStream.read(BlockInputStream.java:222)
	at org.apache.hadoop.ozone.client.io.KeyInputStream.read(KeyInputStream.java:171)
	at org.apache.hadoop.ozone.client.io.OzoneInputStream.read(OzoneInputStream.java:47)
	at java.io.InputStream.read(InputStream.java:101)
	at org.apache.hadoop.ozone.container.ContainerTestHelper.validateData(ContainerTestHelper.java:709)
	at org.apache.hadoop.ozone.client.rpc.TestBlockOutputStreamWithFailures.validateData(TestBlockOutputStreamWithFailures.java:1216)
	at org.apache.hadoop.ozone.client.rpc.TestBlockOutputStreamWithFailures.testDatanodeFailureWithSingleNodeRatis(TestBlockOutputStreamWithFailures.java:1058)
	at sun.reflect.NativeMethodAccessorImpl.invoke0(Native Method)
	at sun.reflect.NativeMethodAccessorImpl.invoke(NativeMethodAccessorImpl.java:62)
	at sun.reflect.DelegatingMethodAccessorImpl.invoke(DelegatingMethodAccessorImpl.java:43)
	at java.lang.reflect.Method.invoke(Method.java:498)
	at org.junit.runners.model.FrameworkMethod$1.runReflectiveCall(FrameworkMethod.java:47)
	at org.junit.internal.runners.model.ReflectiveCallable.run(ReflectiveCallable.java:12)
	at org.junit.runners.model.FrameworkMethod.invokeExplosively(FrameworkMethod.java:44)
	at org.junit.internal.runners.statements.InvokeMethod.evaluate(InvokeMethod.java:17)
	at org.junit.internal.runners.statements.RunBefores.evaluate(RunBefores.java:26)
	at org.junit.internal.runners.statements.RunAfters.evaluate(RunAfters.java:27)
	at org.junit.runners.ParentRunner.runLeaf(ParentRunner.java:271)
	at org.junit.runners.BlockJUnit4ClassRunner.runChild(BlockJUnit4ClassRunner.java:70)
	at org.junit.runners.BlockJUnit4ClassRunner.runChild(BlockJUnit4ClassRunner.java:50)
	at org.junit.runners.ParentRunner$3.run(ParentRunner.java:238)
	at org.junit.runners.ParentRunner$1.schedule(ParentRunner.java:63)
	at org.junit.runners.ParentRunner.runChildren(ParentRunner.java:236)
	at org.junit.runners.ParentRunner.access$000(ParentRunner.java:53)
	at org.junit.runners.ParentRunner$2.evaluate(ParentRunner.java:229)
	at org.junit.runners.ParentRunner.run(ParentRunner.java:309)
	at org.apache.maven.surefire.junit4.JUnit4Provider.execute(JUnit4Provider.java:365)
	at org.apache.maven.surefire.junit4.JUnit4Provider.executeWithRerun(JUnit4Provider.java:273)
	at org.apache.maven.surefire.junit4.JUnit4Provider.executeTestSet(JUnit4Provider.java:238)
	at org.apache.maven.surefire.junit4.JUnit4Provider.invoke(JUnit4Provider.java:159)
	at org.apache.maven.surefire.booter.ForkedBooter.invokeProviderInSameClassLoader(ForkedBooter.java:384)
	at org.apache.maven.surefire.booter.ForkedBooter.runSuitesInProcess(ForkedBooter.java:345)
	at org.apache.maven.surefire.booter.ForkedBooter.execute(ForkedBooter.java:126)
	at org.apache.maven.surefire.booter.ForkedBooter.main(ForkedBooter.java:418)

Aug 20, 2019 3:23:36 PM org.apache.ratis.thirdparty.io.grpc.internal.ManagedChannelOrphanWrapper$ManagedChannelReference cleanQueue
SEVERE: *~*~*~ Channel ManagedChannelImpl{logId=2837, target=192.168.36.99:37053} was not shutdown properly!!! ~*~*~*
    Make sure to call shutdown()/shutdownNow() and wait until awaitTermination() returns true.
java.lang.RuntimeException: ManagedChannel allocation site
	at org.apache.ratis.thirdparty.io.grpc.internal.ManagedChannelOrphanWrapper$ManagedChannelReference.<init>(ManagedChannelOrphanWrapper.java:103)
	at org.apache.ratis.thirdparty.io.grpc.internal.ManagedChannelOrphanWrapper.<init>(ManagedChannelOrphanWrapper.java:53)
	at org.apache.ratis.thirdparty.io.grpc.internal.ManagedChannelOrphanWrapper.<init>(ManagedChannelOrphanWrapper.java:44)
	at org.apache.ratis.thirdparty.io.grpc.internal.AbstractManagedChannelImplBuilder.build(AbstractManagedChannelImplBuilder.java:411)
	at org.apache.hadoop.hdds.scm.XceiverClientGrpc.connectToDatanode(XceiverClientGrpc.java:174)
	at org.apache.hadoop.hdds.scm.XceiverClientGrpc.reconnect(XceiverClientGrpc.java:422)
	at org.apache.hadoop.hdds.scm.XceiverClientGrpc.sendCommandAsync(XceiverClientGrpc.java:371)
	at org.apache.hadoop.hdds.scm.XceiverClientGrpc.sendCommandWithRetry(XceiverClientGrpc.java:284)
	at org.apache.hadoop.hdds.scm.XceiverClientGrpc.sendCommandWithTraceIDAndRetry(XceiverClientGrpc.java:250)
	at org.apache.hadoop.hdds.scm.XceiverClientGrpc.sendCommand(XceiverClientGrpc.java:233)
	at org.apache.hadoop.hdds.scm.storage.ContainerProtocolCalls.getBlock(ContainerProtocolCalls.java:118)
	at org.apache.hadoop.hdds.scm.storage.BlockInputStream.getChunkInfos(BlockInputStream.java:167)
	at org.apache.hadoop.hdds.scm.storage.BlockInputStream.initialize(BlockInputStream.java:118)
	at org.apache.hadoop.hdds.scm.storage.BlockInputStream.read(BlockInputStream.java:222)
	at org.apache.hadoop.ozone.client.io.KeyInputStream.read(KeyInputStream.java:171)
	at org.apache.hadoop.ozone.client.io.OzoneInputStream.read(OzoneInputStream.java:47)
	at java.io.InputStream.read(InputStream.java:101)
	at org.apache.hadoop.ozone.container.ContainerTestHelper.validateData(ContainerTestHelper.java:709)
	at org.apache.hadoop.ozone.client.rpc.TestBlockOutputStreamWithFailures.validateData(TestBlockOutputStreamWithFailures.java:1216)
	at org.apache.hadoop.ozone.client.rpc.TestBlockOutputStreamWithFailures.testDatanodeFailureWithSingleNodeRatis(TestBlockOutputStreamWithFailures.java:1058)
	at sun.reflect.NativeMethodAccessorImpl.invoke0(Native Method)
	at sun.reflect.NativeMethodAccessorImpl.invoke(NativeMethodAccessorImpl.java:62)
	at sun.reflect.DelegatingMethodAccessorImpl.invoke(DelegatingMethodAccessorImpl.java:43)
	at java.lang.reflect.Method.invoke(Method.java:498)
	at org.junit.runners.model.FrameworkMethod$1.runReflectiveCall(FrameworkMethod.java:47)
	at org.junit.internal.runners.model.ReflectiveCallable.run(ReflectiveCallable.java:12)
	at org.junit.runners.model.FrameworkMethod.invokeExplosively(FrameworkMethod.java:44)
	at org.junit.internal.runners.statements.InvokeMethod.evaluate(InvokeMethod.java:17)
	at org.junit.internal.runners.statements.RunBefores.evaluate(RunBefores.java:26)
	at org.junit.internal.runners.statements.RunAfters.evaluate(RunAfters.java:27)
	at org.junit.runners.ParentRunner.runLeaf(ParentRunner.java:271)
	at org.junit.runners.BlockJUnit4ClassRunner.runChild(BlockJUnit4ClassRunner.java:70)
	at org.junit.runners.BlockJUnit4ClassRunner.runChild(BlockJUnit4ClassRunner.java:50)
	at org.junit.runners.ParentRunner$3.run(ParentRunner.java:238)
	at org.junit.runners.ParentRunner$1.schedule(ParentRunner.java:63)
	at org.junit.runners.ParentRunner.runChildren(ParentRunner.java:236)
	at org.junit.runners.ParentRunner.access$000(ParentRunner.java:53)
	at org.junit.runners.ParentRunner$2.evaluate(ParentRunner.java:229)
	at org.junit.runners.ParentRunner.run(ParentRunner.java:309)
	at org.apache.maven.surefire.junit4.JUnit4Provider.execute(JUnit4Provider.java:365)
	at org.apache.maven.surefire.junit4.JUnit4Provider.executeWithRerun(JUnit4Provider.java:273)
	at org.apache.maven.surefire.junit4.JUnit4Provider.executeTestSet(JUnit4Provider.java:238)
	at org.apache.maven.surefire.junit4.JUnit4Provider.invoke(JUnit4Provider.java:159)
	at org.apache.maven.surefire.booter.ForkedBooter.invokeProviderInSameClassLoader(ForkedBooter.java:384)
	at org.apache.maven.surefire.booter.ForkedBooter.runSuitesInProcess(ForkedBooter.java:345)
	at org.apache.maven.surefire.booter.ForkedBooter.execute(ForkedBooter.java:126)
	at org.apache.maven.surefire.booter.ForkedBooter.main(ForkedBooter.java:418)

Aug 20, 2019 3:23:36 PM org.apache.ratis.thirdparty.io.grpc.internal.ManagedChannelOrphanWrapper$ManagedChannelReference cleanQueue
SEVERE: *~*~*~ Channel ManagedChannelImpl{logId=3055, target=192.168.36.99:37189} was not shutdown properly!!! ~*~*~*
    Make sure to call shutdown()/shutdownNow() and wait until awaitTermination() returns true.
java.lang.RuntimeException: ManagedChannel allocation site
	at org.apache.ratis.thirdparty.io.grpc.internal.ManagedChannelOrphanWrapper$ManagedChannelReference.<init>(ManagedChannelOrphanWrapper.java:103)
	at org.apache.ratis.thirdparty.io.grpc.internal.ManagedChannelOrphanWrapper.<init>(ManagedChannelOrphanWrapper.java:53)
	at org.apache.ratis.thirdparty.io.grpc.internal.ManagedChannelOrphanWrapper.<init>(ManagedChannelOrphanWrapper.java:44)
	at org.apache.ratis.thirdparty.io.grpc.internal.AbstractManagedChannelImplBuilder.build(AbstractManagedChannelImplBuilder.java:411)
	at org.apache.hadoop.hdds.scm.XceiverClientGrpc.connectToDatanode(XceiverClientGrpc.java:174)
	at org.apache.hadoop.hdds.scm.XceiverClientGrpc.reconnect(XceiverClientGrpc.java:422)
	at org.apache.hadoop.hdds.scm.XceiverClientGrpc.sendCommandAsync(XceiverClientGrpc.java:371)
	at org.apache.hadoop.hdds.scm.XceiverClientGrpc.sendCommandWithRetry(XceiverClientGrpc.java:284)
	at org.apache.hadoop.hdds.scm.XceiverClientGrpc.sendCommandWithTraceIDAndRetry(XceiverClientGrpc.java:250)
	at org.apache.hadoop.hdds.scm.XceiverClientGrpc.sendCommand(XceiverClientGrpc.java:233)
	at org.apache.hadoop.hdds.scm.storage.ContainerProtocolCalls.getBlock(ContainerProtocolCalls.java:118)
	at org.apache.hadoop.hdds.scm.storage.BlockInputStream.getChunkInfos(BlockInputStream.java:167)
	at org.apache.hadoop.hdds.scm.storage.BlockInputStream.initialize(BlockInputStream.java:118)
	at org.apache.hadoop.hdds.scm.storage.BlockInputStream.read(BlockInputStream.java:222)
	at org.apache.hadoop.ozone.client.io.KeyInputStream.read(KeyInputStream.java:171)
	at org.apache.hadoop.ozone.client.io.OzoneInputStream.read(OzoneInputStream.java:47)
	at java.io.InputStream.read(InputStream.java:101)
	at org.apache.hadoop.ozone.container.ContainerTestHelper.validateData(ContainerTestHelper.java:709)
	at org.apache.hadoop.ozone.client.rpc.TestBlockOutputStreamWithFailures.validateData(TestBlockOutputStreamWithFailures.java:1216)
	at org.apache.hadoop.ozone.client.rpc.TestBlockOutputStreamWithFailures.testWatchForCommitWithSingleNodeRatis(TestBlockOutputStreamWithFailures.java:918)
	at sun.reflect.NativeMethodAccessorImpl.invoke0(Native Method)
	at sun.reflect.NativeMethodAccessorImpl.invoke(NativeMethodAccessorImpl.java:62)
	at sun.reflect.DelegatingMethodAccessorImpl.invoke(DelegatingMethodAccessorImpl.java:43)
	at java.lang.reflect.Method.invoke(Method.java:498)
	at org.junit.runners.model.FrameworkMethod$1.runReflectiveCall(FrameworkMethod.java:47)
	at org.junit.internal.runners.model.ReflectiveCallable.run(ReflectiveCallable.java:12)
	at org.junit.runners.model.FrameworkMethod.invokeExplosively(FrameworkMethod.java:44)
	at org.junit.internal.runners.statements.InvokeMethod.evaluate(InvokeMethod.java:17)
	at org.junit.internal.runners.statements.RunBefores.evaluate(RunBefores.java:26)
	at org.junit.internal.runners.statements.RunAfters.evaluate(RunAfters.java:27)
	at org.junit.runners.ParentRunner.runLeaf(ParentRunner.java:271)
	at org.junit.runners.BlockJUnit4ClassRunner.runChild(BlockJUnit4ClassRunner.java:70)
	at org.junit.runners.BlockJUnit4ClassRunner.runChild(BlockJUnit4ClassRunner.java:50)
	at org.junit.runners.ParentRunner$3.run(ParentRunner.java:238)
	at org.junit.runners.ParentRunner$1.schedule(ParentRunner.java:63)
	at org.junit.runners.ParentRunner.runChildren(ParentRunner.java:236)
	at org.junit.runners.ParentRunner.access$000(ParentRunner.java:53)
	at org.junit.runners.ParentRunner$2.evaluate(ParentRunner.java:229)
	at org.junit.runners.ParentRunner.run(ParentRunner.java:309)
	at org.apache.maven.surefire.junit4.JUnit4Provider.execute(JUnit4Provider.java:365)
	at org.apache.maven.surefire.junit4.JUnit4Provider.executeWithRerun(JUnit4Provider.java:273)
	at org.apache.maven.surefire.junit4.JUnit4Provider.executeTestSet(JUnit4Provider.java:238)
	at org.apache.maven.surefire.junit4.JUnit4Provider.invoke(JUnit4Provider.java:159)
	at org.apache.maven.surefire.booter.ForkedBooter.invokeProviderInSameClassLoader(ForkedBooter.java:384)
	at org.apache.maven.surefire.booter.ForkedBooter.runSuitesInProcess(ForkedBooter.java:345)
	at org.apache.maven.surefire.booter.ForkedBooter.execute(ForkedBooter.java:126)
	at org.apache.maven.surefire.booter.ForkedBooter.main(ForkedBooter.java:418)

Aug 20, 2019 3:23:36 PM org.apache.ratis.thirdparty.io.grpc.internal.ManagedChannelOrphanWrapper$ManagedChannelReference cleanQueue
SEVERE: *~*~*~ Channel ManagedChannelImpl{logId=3060, target=192.168.36.99:46834} was not shutdown properly!!! ~*~*~*
    Make sure to call shutdown()/shutdownNow() and wait until awaitTermination() returns true.
java.lang.RuntimeException: ManagedChannel allocation site
	at org.apache.ratis.thirdparty.io.grpc.internal.ManagedChannelOrphanWrapper$ManagedChannelReference.<init>(ManagedChannelOrphanWrapper.java:103)
	at org.apache.ratis.thirdparty.io.grpc.internal.ManagedChannelOrphanWrapper.<init>(ManagedChannelOrphanWrapper.java:53)
	at org.apache.ratis.thirdparty.io.grpc.internal.ManagedChannelOrphanWrapper.<init>(ManagedChannelOrphanWrapper.java:44)
	at org.apache.ratis.thirdparty.io.grpc.internal.AbstractManagedChannelImplBuilder.build(AbstractManagedChannelImplBuilder.java:411)
	at org.apache.hadoop.hdds.scm.XceiverClientGrpc.connectToDatanode(XceiverClientGrpc.java:174)
	at org.apache.hadoop.hdds.scm.XceiverClientGrpc.reconnect(XceiverClientGrpc.java:422)
	at org.apache.hadoop.hdds.scm.XceiverClientGrpc.sendCommandAsync(XceiverClientGrpc.java:371)
	at org.apache.hadoop.hdds.scm.XceiverClientGrpc.sendCommandWithRetry(XceiverClientGrpc.java:284)
	at org.apache.hadoop.hdds.scm.XceiverClientGrpc.sendCommandWithTraceIDAndRetry(XceiverClientGrpc.java:250)
	at org.apache.hadoop.hdds.scm.XceiverClientGrpc.sendCommand(XceiverClientGrpc.java:233)
	at org.apache.hadoop.hdds.scm.storage.ContainerProtocolCalls.getBlock(ContainerProtocolCalls.java:118)
	at org.apache.hadoop.hdds.scm.storage.BlockInputStream.getChunkInfos(BlockInputStream.java:167)
	at org.apache.hadoop.hdds.scm.storage.BlockInputStream.initialize(BlockInputStream.java:118)
	at org.apache.hadoop.hdds.scm.storage.BlockInputStream.read(BlockInputStream.java:222)
	at org.apache.hadoop.ozone.client.io.KeyInputStream.read(KeyInputStream.java:171)
	at org.apache.hadoop.ozone.client.io.OzoneInputStream.read(OzoneInputStream.java:47)
	at java.io.InputStream.read(InputStream.java:101)
	at org.apache.hadoop.ozone.container.ContainerTestHelper.validateData(ContainerTestHelper.java:709)
	at org.apache.hadoop.ozone.client.rpc.TestBlockOutputStreamWithFailures.validateData(TestBlockOutputStreamWithFailures.java:1216)
	at org.apache.hadoop.ozone.client.rpc.TestBlockOutputStreamWithFailures.testWatchForCommitWithSingleNodeRatis(TestBlockOutputStreamWithFailures.java:918)
	at sun.reflect.NativeMethodAccessorImpl.invoke0(Native Method)
	at sun.reflect.NativeMethodAccessorImpl.invoke(NativeMethodAccessorImpl.java:62)
	at sun.reflect.DelegatingMethodAccessorImpl.invoke(DelegatingMethodAccessorImpl.java:43)
	at java.lang.reflect.Method.invoke(Method.java:498)
	at org.junit.runners.model.FrameworkMethod$1.runReflectiveCall(FrameworkMethod.java:47)
	at org.junit.internal.runners.model.ReflectiveCallable.run(ReflectiveCallable.java:12)
	at org.junit.runners.model.FrameworkMethod.invokeExplosively(FrameworkMethod.java:44)
	at org.junit.internal.runners.statements.InvokeMethod.evaluate(InvokeMethod.java:17)
	at org.junit.internal.runners.statements.RunBefores.evaluate(RunBefores.java:26)
	at org.junit.internal.runners.statements.RunAfters.evaluate(RunAfters.java:27)
	at org.junit.runners.ParentRunner.runLeaf(ParentRunner.java:271)
	at org.junit.runners.BlockJUnit4ClassRunner.runChild(BlockJUnit4ClassRunner.java:70)
	at org.junit.runners.BlockJUnit4ClassRunner.runChild(BlockJUnit4ClassRunner.java:50)
	at org.junit.runners.ParentRunner$3.run(ParentRunner.java:238)
	at org.junit.runners.ParentRunner$1.schedule(ParentRunner.java:63)
	at org.junit.runners.ParentRunner.runChildren(ParentRunner.java:236)
	at org.junit.runners.ParentRunner.access$000(ParentRunner.java:53)
	at org.junit.runners.ParentRunner$2.evaluate(ParentRunner.java:229)
	at org.junit.runners.ParentRunner.run(ParentRunner.java:309)
	at org.apache.maven.surefire.junit4.JUnit4Provider.execute(JUnit4Provider.java:365)
	at org.apache.maven.surefire.junit4.JUnit4Provider.executeWithRerun(JUnit4Provider.java:273)
	at org.apache.maven.surefire.junit4.JUnit4Provider.executeTestSet(JUnit4Provider.java:238)
	at org.apache.maven.surefire.junit4.JUnit4Provider.invoke(JUnit4Provider.java:159)
	at org.apache.maven.surefire.booter.ForkedBooter.invokeProviderInSameClassLoader(ForkedBooter.java:384)
	at org.apache.maven.surefire.booter.ForkedBooter.runSuitesInProcess(ForkedBooter.java:345)
	at org.apache.maven.surefire.booter.ForkedBooter.execute(ForkedBooter.java:126)
	at org.apache.maven.surefire.booter.ForkedBooter.main(ForkedBooter.java:418)

Aug 20, 2019 3:23:36 PM org.apache.ratis.thirdparty.io.grpc.internal.ManagedChannelOrphanWrapper$ManagedChannelReference cleanQueue
SEVERE: *~*~*~ Channel ManagedChannelImpl{logId=3050, target=192.168.36.99:44432} was not shutdown properly!!! ~*~*~*
    Make sure to call shutdown()/shutdownNow() and wait until awaitTermination() returns true.
java.lang.RuntimeException: ManagedChannel allocation site
	at org.apache.ratis.thirdparty.io.grpc.internal.ManagedChannelOrphanWrapper$ManagedChannelReference.<init>(ManagedChannelOrphanWrapper.java:103)
	at org.apache.ratis.thirdparty.io.grpc.internal.ManagedChannelOrphanWrapper.<init>(ManagedChannelOrphanWrapper.java:53)
	at org.apache.ratis.thirdparty.io.grpc.internal.ManagedChannelOrphanWrapper.<init>(ManagedChannelOrphanWrapper.java:44)
	at org.apache.ratis.thirdparty.io.grpc.internal.AbstractManagedChannelImplBuilder.build(AbstractManagedChannelImplBuilder.java:411)
	at org.apache.ratis.grpc.client.GrpcClientProtocolClient.<init>(GrpcClientProtocolClient.java:119)
	at org.apache.ratis.grpc.client.GrpcClientRpc.lambda$new$0(GrpcClientRpc.java:55)
	at org.apache.ratis.util.PeerProxyMap$PeerAndProxy.lambda$getProxy$0(PeerProxyMap.java:61)
	at org.apache.ratis.util.LifeCycle.startAndTransition(LifeCycle.java:202)
	at org.apache.ratis.util.PeerProxyMap$PeerAndProxy.getProxy(PeerProxyMap.java:60)
	at org.apache.ratis.util.PeerProxyMap.getProxy(PeerProxyMap.java:107)
	at org.apache.ratis.grpc.client.GrpcClientRpc.sendRequestAsync(GrpcClientRpc.java:66)
	at org.apache.ratis.client.impl.OrderedAsync.sendRequest(OrderedAsync.java:208)
	at org.apache.ratis.client.impl.OrderedAsync.sendRequestWithRetry(OrderedAsync.java:169)
	at org.apache.ratis.util.SlidingWindow$Client.sendOrDelayRequest(SlidingWindow.java:278)
	at org.apache.ratis.util.SlidingWindow$Client.submitNewRequest(SlidingWindow.java:257)
	at org.apache.ratis.client.impl.OrderedAsync.send(OrderedAsync.java:155)
	at org.apache.ratis.client.impl.RaftClientImpl.sendAsync(RaftClientImpl.java:145)
	at org.apache.ratis.client.impl.RaftClientImpl.sendAsync(RaftClientImpl.java:125)
	at org.apache.hadoop.hdds.scm.XceiverClientRatis.sendRequestAsync(XceiverClientRatis.java:224)
	at org.apache.hadoop.hdds.scm.XceiverClientRatis.sendCommandAsync(XceiverClientRatis.java:302)
	at org.apache.hadoop.hdds.scm.storage.ContainerProtocolCalls.writeChunkAsync(ContainerProtocolCalls.java:310)
	at org.apache.hadoop.hdds.scm.storage.BlockOutputStream.writeChunkToContainer(BlockOutputStream.java:601)
	at org.apache.hadoop.hdds.scm.storage.BlockOutputStream.writeChunk(BlockOutputStream.java:459)
	at org.apache.hadoop.hdds.scm.storage.BlockOutputStream.writeOnRetry(BlockOutputStream.java:285)
	at org.apache.hadoop.ozone.client.io.BlockOutputStreamEntry.writeOnRetry(BlockOutputStreamEntry.java:200)
	at org.apache.hadoop.ozone.client.io.KeyOutputStream.handleWrite(KeyOutputStream.java:209)
	at org.apache.hadoop.ozone.client.io.KeyOutputStream.handleRetry(KeyOutputStream.java:376)
	at org.apache.hadoop.ozone.client.io.KeyOutputStream.handleException(KeyOutputStream.java:325)
	at org.apache.hadoop.ozone.client.io.KeyOutputStream.handleFlushOrClose(KeyOutputStream.java:448)
	at org.apache.hadoop.ozone.client.io.KeyOutputStream.handleWrite(KeyOutputStream.java:235)
	at org.apache.hadoop.ozone.client.io.KeyOutputStream.write(KeyOutputStream.java:193)
	at org.apache.hadoop.ozone.client.io.OzoneOutputStream.write(OzoneOutputStream.java:49)
	at java.io.OutputStream.write(OutputStream.java:75)
	at org.apache.hadoop.ozone.client.rpc.TestBlockOutputStreamWithFailures.testWatchForCommitWithSingleNodeRatis(TestBlockOutputStreamWithFailures.java:885)
	at sun.reflect.NativeMethodAccessorImpl.invoke0(Native Method)
	at sun.reflect.NativeMethodAccessorImpl.invoke(NativeMethodAccessorImpl.java:62)
	at sun.reflect.DelegatingMethodAccessorImpl.invoke(DelegatingMethodAccessorImpl.java:43)
	at java.lang.reflect.Method.invoke(Method.java:498)
	at org.junit.runners.model.FrameworkMethod$1.runReflectiveCall(FrameworkMethod.java:47)
	at org.junit.internal.runners.model.ReflectiveCallable.run(ReflectiveCallable.java:12)
	at org.junit.runners.model.FrameworkMethod.invokeExplosively(FrameworkMethod.java:44)
	at org.junit.internal.runners.statements.InvokeMethod.evaluate(InvokeMethod.java:17)
	at org.junit.internal.runners.statements.RunBefores.evaluate(RunBefores.java:26)
	at org.junit.internal.runners.statements.RunAfters.evaluate(RunAfters.java:27)
	at org.junit.runners.ParentRunner.runLeaf(ParentRunner.java:271)
	at org.junit.runners.BlockJUnit4ClassRunner.runChild(BlockJUnit4ClassRunner.java:70)
	at org.junit.runners.BlockJUnit4ClassRunner.runChild(BlockJUnit4ClassRunner.java:50)
	at org.junit.runners.ParentRunner$3.run(ParentRunner.java:238)
	at org.junit.runners.ParentRunner$1.schedule(ParentRunner.java:63)
	at org.junit.runners.ParentRunner.runChildren(ParentRunner.java:236)
	at org.junit.runners.ParentRunner.access$000(ParentRunner.java:53)
	at org.junit.runners.ParentRunner$2.evaluate(ParentRunner.java:229)
	at org.junit.runners.ParentRunner.run(ParentRunner.java:309)
	at org.apache.maven.surefire.junit4.JUnit4Provider.execute(JUnit4Provider.java:365)
	at org.apache.maven.surefire.junit4.JUnit4Provider.executeWithRerun(JUnit4Provider.java:273)
	at org.apache.maven.surefire.junit4.JUnit4Provider.executeTestSet(JUnit4Provider.java:238)
	at org.apache.maven.surefire.junit4.JUnit4Provider.invoke(JUnit4Provider.java:159)
	at org.apache.maven.surefire.booter.ForkedBooter.invokeProviderInSameClassLoader(ForkedBooter.java:384)
	at org.apache.maven.surefire.booter.ForkedBooter.runSuitesInProcess(ForkedBooter.java:345)
	at org.apache.maven.surefire.booter.ForkedBooter.execute(ForkedBooter.java:126)
	at org.apache.maven.surefire.booter.ForkedBooter.main(ForkedBooter.java:418)

]]></system-err>
  </testcase>
  <testcase name="testFailureWithPrimeSizedData" classname="org.apache.hadoop.ozone.client.rpc.TestBlockOutputStreamWithFailures" time="43.114"/>
  <testcase name="testWatchForCommitWithCloseContainerException" classname="org.apache.hadoop.ozone.client.rpc.TestBlockOutputStreamWithFailures" time="37.313"/>
  <testcase name="testExceptionDuringClose" classname="org.apache.hadoop.ozone.client.rpc.TestBlockOutputStreamWithFailures" time="43.61"/>
</testsuite>