<?xml version="1.0" encoding="UTF-8"?>
<testsuite xmlns:xsi="http://www.w3.org/2001/XMLSchema-instance" xsi:noNamespaceSchemaLocation="https://maven.apache.org/surefire/maven-surefire-plugin/xsd/surefire-test-report.xsd" name="org.apache.hadoop.hdds.scm.pipeline.TestRatisPipelineCreateAndDestory" time="87.031" tests="2" errors="2" skipped="0" failures="0">
  <properties>
    <property name="awt.toolkit" value="sun.awt.X11.XToolkit"/>
    <property name="file.encoding.pkg" value="sun.io"/>
    <property name="java.specification.version" value="1.8"/>
    <property name="sun.cpu.isalist" value=""/>
    <property name="sun.jnu.encoding" value="UTF-8"/>
    <property name="java.class.path" value="/workdir/hadoop-ozone/integration-test/target/test-classes:/workdir/hadoop-ozone/integration-test/target/classes:/home/user/.m2/repository/org/apache/hadoop/hadoop-ozone-common/0.5.0-SNAPSHOT/hadoop-ozone-common-0.5.0-SNAPSHOT.jar:/home/user/.m2/repository/org/apache/commons/commons-compress/1.4.1/commons-compress-1.4.1.jar:/home/user/.m2/repository/org/tukaani/xz/1.0/xz-1.0.jar:/home/user/.m2/repository/org/apache/hadoop/hadoop-common/3.2.0/hadoop-common-3.2.0.jar:/home/user/.m2/repository/org/apache/hadoop/hadoop-hdfs/3.2.0/hadoop-hdfs-3.2.0.jar:/home/user/.m2/repository/org/apache/hadoop/hadoop-hdfs-client/3.2.0/hadoop-hdfs-client-3.2.0.jar:/home/user/.m2/repository/com/fasterxml/jackson/core/jackson-annotations/2.9.5/jackson-annotations-2.9.5.jar:/home/user/.m2/repository/org/apache/hadoop/hadoop-hdds-common/0.5.0-SNAPSHOT/hadoop-hdds-common-0.5.0-SNAPSHOT.jar:/home/user/.m2/repository/javax/annotation/javax.annotation-api/1.2/javax.annotation-api-1.2.jar:/home/user/.m2/repository/org/apache/ratis/ratis-server/0.4.0-2337318-SNAPSHOT/ratis-server-0.4.0-2337318-SNAPSHOT.jar:/home/user/.m2/repository/org/apache/ratis/ratis-thirdparty-misc/0.2.0/ratis-thirdparty-misc-0.2.0.jar:/home/user/.m2/repository/org/apache/ratis/ratis-proto/0.4.0-2337318-SNAPSHOT/ratis-proto-0.4.0-2337318-SNAPSHOT.jar:/home/user/.m2/repository/org/apache/ratis/ratis-common/0.4.0-2337318-SNAPSHOT/ratis-common-0.4.0-2337318-SNAPSHOT.jar:/home/user/.m2/repository/org/apache/ratis/ratis-client/0.4.0-2337318-SNAPSHOT/ratis-client-0.4.0-2337318-SNAPSHOT.jar:/home/user/.m2/repository/org/apache/ratis/ratis-metrics/0.4.0-2337318-SNAPSHOT/ratis-metrics-0.4.0-2337318-SNAPSHOT.jar:/home/user/.m2/repository/org/apache/ratis/ratis-netty/0.4.0-2337318-SNAPSHOT/ratis-netty-0.4.0-2337318-SNAPSHOT.jar:/home/user/.m2/repository/org/apache/ratis/ratis-grpc/0.4.0-2337318-SNAPSHOT/ratis-grpc-0.4.0-2337318-SNAPSHOT.jar:/home/user/.m2/repository/org/rocksdb/rocksdbjni/6.0.1/rocksdbjni-6.0.1.jar:/home/user/.m2/repository/org/apache/logging/log4j/log4j-api/2.11.0/log4j-api-2.11.0.jar:/home/user/.m2/repository/org/apache/logging/log4j/log4j-core/2.11.0/log4j-core-2.11.0.jar:/home/user/.m2/repository/com/lmax/disruptor/3.4.2/disruptor-3.4.2.jar:/home/user/.m2/repository/org/apache/commons/commons-pool2/2.6.0/commons-pool2-2.6.0.jar:/home/user/.m2/repository/org/bouncycastle/bcpkix-jdk15on/1.60/bcpkix-jdk15on-1.60.jar:/home/user/.m2/repository/commons-validator/commons-validator/1.6/commons-validator-1.6.jar:/home/user/.m2/repository/commons-digester/commons-digester/1.8.1/commons-digester-1.8.1.jar:/home/user/.m2/repository/io/jaegertracing/jaeger-client/0.33.1/jaeger-client-0.33.1.jar:/home/user/.m2/repository/io/jaegertracing/jaeger-thrift/0.33.1/jaeger-thrift-0.33.1.jar:/home/user/.m2/repository/org/apache/thrift/libthrift/0.11.0/libthrift-0.11.0.jar:/home/user/.m2/repository/com/squareup/okhttp3/okhttp/3.9.0/okhttp-3.9.0.jar:/home/user/.m2/repository/com/squareup/okio/okio/1.13.0/okio-1.13.0.jar:/home/user/.m2/repository/io/jaegertracing/jaeger-core/0.33.1/jaeger-core-0.33.1.jar:/home/user/.m2/repository/io/jaegertracing/jaeger-tracerresolver/0.33.1/jaeger-tracerresolver-0.33.1.jar:/home/user/.m2/repository/io/opentracing/contrib/opentracing-tracerresolver/0.1.5/opentracing-tracerresolver-0.1.5.jar:/home/user/.m2/repository/io/opentracing/opentracing-util/0.31.0/opentracing-util-0.31.0.jar:/home/user/.m2/repository/io/opentracing/opentracing-api/0.31.0/opentracing-api-0.31.0.jar:/home/user/.m2/repository/io/opentracing/opentracing-noop/0.31.0/opentracing-noop-0.31.0.jar:/home/user/.m2/repository/org/apache/hadoop/hadoop-hdds-server-framework/0.5.0-SNAPSHOT/hadoop-hdds-server-framework-0.5.0-SNAPSHOT.jar:/home/user/.m2/repository/org/apache/hadoop/hadoop-hdds-container-service/0.5.0-SNAPSHOT/hadoop-hdds-container-service-0.5.0-SNAPSHOT.jar:/home/user/.m2/repository/org/apache/hadoop/hadoop-hdds-client/0.5.0-SNAPSHOT/hadoop-hdds-client-0.5.0-SNAPSHOT.jar:/home/user/.m2/repository/org/apache/hadoop/hadoop-hdds-tools/0.5.0-SNAPSHOT/hadoop-hdds-tools-0.5.0-SNAPSHOT.jar:/home/user/.m2/repository/org/apache/hadoop/hadoop-hdds-server-scm/0.5.0-SNAPSHOT/hadoop-hdds-server-scm-0.5.0-SNAPSHOT.jar:/home/user/.m2/repository/org/apache/hadoop/hadoop-hdds-docs/0.5.0-SNAPSHOT/hadoop-hdds-docs-0.5.0-SNAPSHOT.jar:/home/user/.m2/repository/io/dropwizard/metrics/metrics-core/3.2.4/metrics-core-3.2.4.jar:/home/user/.m2/repository/org/hamcrest/hamcrest-all/1.3/hamcrest-all-1.3.jar:/home/user/.m2/repository/org/bouncycastle/bcprov-jdk15on/1.60/bcprov-jdk15on-1.60.jar:/home/user/.m2/repository/info/picocli/picocli/3.9.6/picocli-3.9.6.jar:/home/user/.m2/repository/com/google/protobuf/protobuf-java/2.5.0/protobuf-java-2.5.0.jar:/home/user/.m2/repository/com/google/guava/guava/11.0.2/guava-11.0.2.jar:/home/user/.m2/repository/org/apache/hadoop/hadoop-ozone-ozone-manager/0.5.0-SNAPSHOT/hadoop-ozone-ozone-manager-0.5.0-SNAPSHOT.jar:/home/user/.m2/repository/org/apache/hadoop/hadoop-minikdc/3.2.0/hadoop-minikdc-3.2.0.jar:/home/user/.m2/repository/commons-io/commons-io/2.5/commons-io-2.5.jar:/home/user/.m2/repository/org/apache/kerby/kerb-simplekdc/1.0.1/kerb-simplekdc-1.0.1.jar:/home/user/.m2/repository/org/apache/kerby/kerb-client/1.0.1/kerb-client-1.0.1.jar:/home/user/.m2/repository/org/apache/kerby/kerby-config/1.0.1/kerby-config-1.0.1.jar:/home/user/.m2/repository/org/apache/kerby/kerb-core/1.0.1/kerb-core-1.0.1.jar:/home/user/.m2/repository/org/apache/kerby/kerby-pkix/1.0.1/kerby-pkix-1.0.1.jar:/home/user/.m2/repository/org/apache/kerby/kerby-asn1/1.0.1/kerby-asn1-1.0.1.jar:/home/user/.m2/repository/org/apache/kerby/kerby-util/1.0.1/kerby-util-1.0.1.jar:/home/user/.m2/repository/org/apache/kerby/kerb-common/1.0.1/kerb-common-1.0.1.jar:/home/user/.m2/repository/org/apache/kerby/kerb-crypto/1.0.1/kerb-crypto-1.0.1.jar:/home/user/.m2/repository/org/apache/kerby/kerb-util/1.0.1/kerb-util-1.0.1.jar:/home/user/.m2/repository/org/apache/kerby/token-provider/1.0.1/token-provider-1.0.1.jar:/home/user/.m2/repository/org/apache/kerby/kerb-admin/1.0.1/kerb-admin-1.0.1.jar:/home/user/.m2/repository/org/apache/kerby/kerb-server/1.0.1/kerb-server-1.0.1.jar:/home/user/.m2/repository/org/apache/kerby/kerb-identity/1.0.1/kerb-identity-1.0.1.jar:/home/user/.m2/repository/org/apache/kerby/kerby-xdr/1.0.1/kerby-xdr-1.0.1.jar:/home/user/.m2/repository/org/slf4j/slf4j-log4j12/1.7.25/slf4j-log4j12-1.7.25.jar:/home/user/.m2/repository/org/apache/hadoop/hadoop-ozone-objectstore-service/0.5.0-SNAPSHOT/hadoop-ozone-objectstore-service-0.5.0-SNAPSHOT.jar:/home/user/.m2/repository/org/apache/hadoop/hadoop-ozone-s3gateway/0.5.0-SNAPSHOT/hadoop-ozone-s3gateway-0.5.0-SNAPSHOT.jar:/home/user/.m2/repository/org/jboss/weld/servlet/weld-servlet/2.4.7.Final/weld-servlet-2.4.7.Final.jar:/home/user/.m2/repository/org/glassfish/jersey/containers/jersey-container-servlet-core/2.27/jersey-container-servlet-core-2.27.jar:/home/user/.m2/repository/org/glassfish/hk2/external/javax.inject/2.5.0-b42/javax.inject-2.5.0-b42.jar:/home/user/.m2/repository/org/glassfish/jersey/core/jersey-common/2.27/jersey-common-2.27.jar:/home/user/.m2/repository/org/glassfish/hk2/osgi-resource-locator/1.0.1/osgi-resource-locator-1.0.1.jar:/home/user/.m2/repository/javax/ws/rs/javax.ws.rs-api/2.1/javax.ws.rs-api-2.1.jar:/home/user/.m2/repository/org/glassfish/jersey/ext/cdi/jersey-cdi1x/2.27/jersey-cdi1x-2.27.jar:/home/user/.m2/repository/org/glassfish/jersey/inject/jersey-hk2/2.27/jersey-hk2-2.27.jar:/home/user/.m2/repository/org/glassfish/hk2/hk2-locator/2.5.0-b42/hk2-locator-2.5.0-b42.jar:/home/user/.m2/repository/org/javassist/javassist/3.22.0-CR2/javassist-3.22.0-CR2.jar:/home/user/.m2/repository/org/glassfish/hk2/hk2-api/2.5.0/hk2-api-2.5.0.jar:/home/user/.m2/repository/org/glassfish/hk2/external/jakarta.inject/2.5.0/jakarta.inject-2.5.0.jar:/home/user/.m2/repository/org/glassfish/hk2/hk2-utils/2.5.0/hk2-utils-2.5.0.jar:/home/user/.m2/repository/jakarta/annotation/jakarta.annotation-api/1.3.4/jakarta.annotation-api-1.3.4.jar:/home/user/.m2/repository/org/glassfish/hk2/external/aopalliance-repackaged/2.5.0/aopalliance-repackaged-2.5.0.jar:/home/user/.m2/repository/com/fasterxml/jackson/dataformat/jackson-dataformat-xml/2.9.0/jackson-dataformat-xml-2.9.0.jar:/home/user/.m2/repository/com/fasterxml/jackson/core/jackson-core/2.9.5/jackson-core-2.9.5.jar:/home/user/.m2/repository/com/fasterxml/jackson/module/jackson-module-jaxb-annotations/2.9.5/jackson-module-jaxb-annotations-2.9.5.jar:/home/user/.m2/repository/javax/enterprise/cdi-api/1.2/cdi-api-1.2.jar:/home/user/.m2/repository/javax/el/javax.el-api/3.0.0/javax.el-api-3.0.0.jar:/home/user/.m2/repository/javax/interceptor/javax.interceptor-api/1.2/javax.interceptor-api-1.2.jar:/home/user/.m2/repository/javax/inject/javax.inject/1/javax.inject-1.jar:/home/user/.m2/repository/com/sun/xml/bind/jaxb-impl/2.3.0.1/jaxb-impl-2.3.0.1.jar:/home/user/.m2/repository/com/sun/xml/bind/jaxb-core/2.3.0.1/jaxb-core-2.3.0.1.jar:/home/user/.m2/repository/javax/xml/bind/jaxb-api/2.3.0/jaxb-api-2.3.0.jar:/home/user/.m2/repository/javax/activation/activation/1.1.1/activation-1.1.1.jar:/home/user/.m2/repository/org/apache/hadoop/hadoop-ozone-csi/0.5.0-SNAPSHOT/hadoop-ozone-csi-0.5.0-SNAPSHOT.jar:/home/user/.m2/repository/com/google/protobuf/protobuf-java-util/3.5.1/protobuf-java-util-3.5.1.jar:/home/user/.m2/repository/org/apache/hadoop/hadoop-hdds-config/0.5.0-SNAPSHOT/hadoop-hdds-config-0.5.0-SNAPSHOT.jar:/home/user/.m2/repository/io/grpc/grpc-netty/1.17.1/grpc-netty-1.17.1.jar:/home/user/.m2/repository/io/grpc/grpc-core/1.17.1/grpc-core-1.17.1.jar:/home/user/.m2/repository/io/grpc/grpc-context/1.17.1/grpc-context-1.17.1.jar:/home/user/.m2/repository/com/google/errorprone/error_prone_annotations/2.2.0/error_prone_annotations-2.2.0.jar:/home/user/.m2/repository/org/codehaus/mojo/animal-sniffer-annotations/1.17/animal-sniffer-annotations-1.17.jar:/home/user/.m2/repository/io/opencensus/opencensus-api/0.17.0/opencensus-api-0.17.0.jar:/home/user/.m2/repository/io/opencensus/opencensus-contrib-grpc-metrics/0.17.0/opencensus-contrib-grpc-metrics-0.17.0.jar:/home/user/.m2/repository/io/netty/netty-codec-http2/4.1.30.Final/netty-codec-http2-4.1.30.Final.jar:/home/user/.m2/repository/io/netty/netty-codec-http/4.1.30.Final/netty-codec-http-4.1.30.Final.jar:/home/user/.m2/repository/io/netty/netty-codec/4.1.30.Final/netty-codec-4.1.30.Final.jar:/home/user/.m2/repository/io/netty/netty-handler/4.1.30.Final/netty-handler-4.1.30.Final.jar:/home/user/.m2/repository/io/netty/netty-handler-proxy/4.1.30.Final/netty-handler-proxy-4.1.30.Final.jar:/home/user/.m2/repository/io/netty/netty-codec-socks/4.1.30.Final/netty-codec-socks-4.1.30.Final.jar:/home/user/.m2/repository/io/netty/netty-transport-native-epoll/4.1.30.Final/netty-transport-native-epoll-4.1.30.Final.jar:/home/user/.m2/repository/io/netty/netty-common/4.1.30.Final/netty-common-4.1.30.Final.jar:/home/user/.m2/repository/io/netty/netty-buffer/4.1.30.Final/netty-buffer-4.1.30.Final.jar:/home/user/.m2/repository/io/netty/netty-transport/4.1.30.Final/netty-transport-4.1.30.Final.jar:/home/user/.m2/repository/io/netty/netty-resolver/4.1.30.Final/netty-resolver-4.1.30.Final.jar:/home/user/.m2/repository/io/netty/netty-transport-native-unix-common/4.1.30.Final/netty-transport-native-unix-common-4.1.30.Final.jar:/home/user/.m2/repository/io/grpc/grpc-protobuf/1.17.1/grpc-protobuf-1.17.1.jar:/home/user/.m2/repository/com/google/api/grpc/proto-google-common-protos/1.0.0/proto-google-common-protos-1.0.0.jar:/home/user/.m2/repository/io/grpc/grpc-protobuf-lite/1.17.1/grpc-protobuf-lite-1.17.1.jar:/home/user/.m2/repository/io/grpc/grpc-stub/1.17.1/grpc-stub-1.17.1.jar:/home/user/.m2/repository/org/apache/hadoop/hadoop-ozone-recon/0.5.0-SNAPSHOT/hadoop-ozone-recon-0.5.0-SNAPSHOT.jar:/home/user/.m2/repository/org/apache/hadoop/hadoop-ozone-reconcodegen/0.5.0-SNAPSHOT/hadoop-ozone-reconcodegen-0.5.0-SNAPSHOT.jar:/home/user/.m2/repository/com/google/inject/extensions/guice-multibindings/4.0/guice-multibindings-4.0.jar:/home/user/.m2/repository/com/google/inject/guice/4.0/guice-4.0.jar:/home/user/.m2/repository/aopalliance/aopalliance/1.0/aopalliance-1.0.jar:/home/user/.m2/repository/com/google/inject/extensions/guice-servlet/4.0/guice-servlet-4.0.jar:/home/user/.m2/repository/org/glassfish/jersey/containers/jersey-container-servlet/2.27/jersey-container-servlet-2.27.jar:/home/user/.m2/repository/org/glassfish/hk2/guice-bridge/2.5.0/guice-bridge-2.5.0.jar:/home/user/.m2/repository/org/glassfish/jersey/core/jersey-server/2.27/jersey-server-2.27.jar:/home/user/.m2/repository/org/glassfish/jersey/core/jersey-client/2.27/jersey-client-2.27.jar:/home/user/.m2/repository/org/glassfish/jersey/media/jersey-media-jaxb/2.27/jersey-media-jaxb-2.27.jar:/home/user/.m2/repository/javax/validation/validation-api/1.1.0.Final/validation-api-1.1.0.Final.jar:/home/user/.m2/repository/org/glassfish/jersey/media/jersey-media-json-jackson/2.27/jersey-media-json-jackson-2.27.jar:/home/user/.m2/repository/org/glassfish/jersey/ext/jersey-entity-filtering/2.27/jersey-entity-filtering-2.27.jar:/home/user/.m2/repository/com/google/inject/extensions/guice-assistedinject/4.0/guice-assistedinject-4.0.jar:/home/user/.m2/repository/org/jooq/jooq/3.11.10/jooq-3.11.10.jar:/home/user/.m2/repository/org/jooq/jooq-meta/3.11.10/jooq-meta-3.11.10.jar:/home/user/.m2/repository/org/jooq/jooq-codegen/3.11.10/jooq-codegen-3.11.10.jar:/home/user/.m2/repository/com/jolbox/bonecp/0.8.0.RELEASE/bonecp-0.8.0.RELEASE.jar:/home/user/.m2/repository/org/xerial/sqlite-jdbc/3.25.2/sqlite-jdbc-3.25.2.jar:/home/user/.m2/repository/org/springframework/spring-jdbc/5.1.3.RELEASE/spring-jdbc-5.1.3.RELEASE.jar:/home/user/.m2/repository/org/springframework/spring-beans/5.1.3.RELEASE/spring-beans-5.1.3.RELEASE.jar:/home/user/.m2/repository/org/springframework/spring-core/5.1.3.RELEASE/spring-core-5.1.3.RELEASE.jar:/home/user/.m2/repository/org/springframework/spring-jcl/5.1.3.RELEASE/spring-jcl-5.1.3.RELEASE.jar:/home/user/.m2/repository/org/springframework/spring-tx/5.1.3.RELEASE/spring-tx-5.1.3.RELEASE.jar:/home/user/.m2/repository/org/apache/hadoop/hadoop-ozone-client/0.5.0-SNAPSHOT/hadoop-ozone-client-0.5.0-SNAPSHOT.jar:/home/user/.m2/repository/commons-lang/commons-lang/2.6/commons-lang-2.6.jar:/home/user/.m2/repository/org/apache/hadoop/hadoop-ozone-ozone-manager/0.5.0-SNAPSHOT/hadoop-ozone-ozone-manager-0.5.0-SNAPSHOT-tests.jar:/home/user/.m2/repository/junit/junit/4.11/junit-4.11.jar:/home/user/.m2/repository/org/hamcrest/hamcrest-core/1.3/hamcrest-core-1.3.jar:/home/user/.m2/repository/org/openjdk/jmh/jmh-core/1.19/jmh-core-1.19.jar:/home/user/.m2/repository/net/sf/jopt-simple/jopt-simple/4.6/jopt-simple-4.6.jar:/home/user/.m2/repository/org/apache/commons/commons-math3/3.1.1/commons-math3-3.1.1.jar:/home/user/.m2/repository/org/openjdk/jmh/jmh-generator-annprocess/1.19/jmh-generator-annprocess-1.19.jar:/home/user/.m2/repository/org/mockito/mockito-all/1.8.5/mockito-all-1.8.5.jar:/home/user/.m2/repository/org/apache/hadoop/hadoop-kms/3.2.0/hadoop-kms-3.2.0.jar:/home/user/.m2/repository/org/apache/hadoop/hadoop-auth/3.2.0/hadoop-auth-3.2.0.jar:/home/user/.m2/repository/com/nimbusds/nimbus-jose-jwt/4.41.1/nimbus-jose-jwt-4.41.1.jar:/home/user/.m2/repository/com/github/stephenc/jcip/jcip-annotations/1.0-1/jcip-annotations-1.0-1.jar:/home/user/.m2/repository/net/minidev/json-smart/2.3/json-smart-2.3.jar:/home/user/.m2/repository/net/minidev/accessors-smart/1.2/accessors-smart-1.2.jar:/home/user/.m2/repository/org/ow2/asm/asm/5.0.4/asm-5.0.4.jar:/home/user/.m2/repository/org/apache/curator/curator-framework/2.12.0/curator-framework-2.12.0.jar:/home/user/.m2/repository/com/sun/jersey/jersey-core/1.19/jersey-core-1.19.jar:/home/user/.m2/repository/javax/ws/rs/jsr311-api/1.1.1/jsr311-api-1.1.1.jar:/home/user/.m2/repository/com/sun/jersey/jersey-server/1.19/jersey-server-1.19.jar:/home/user/.m2/repository/javax/servlet/javax.servlet-api/3.1.0/javax.servlet-api-3.1.0.jar:/home/user/.m2/repository/org/eclipse/jetty/jetty-server/9.3.24.v20180605/jetty-server-9.3.24.v20180605.jar:/home/user/.m2/repository/org/eclipse/jetty/jetty-http/9.3.24.v20180605/jetty-http-9.3.24.v20180605.jar:/home/user/.m2/repository/org/eclipse/jetty/jetty-io/9.3.24.v20180605/jetty-io-9.3.24.v20180605.jar:/home/user/.m2/repository/org/eclipse/jetty/jetty-webapp/9.3.24.v20180605/jetty-webapp-9.3.24.v20180605.jar:/home/user/.m2/repository/org/eclipse/jetty/jetty-xml/9.3.24.v20180605/jetty-xml-9.3.24.v20180605.jar:/home/user/.m2/repository/log4j/log4j/1.2.17/log4j-1.2.17.jar:/home/user/.m2/repository/org/slf4j/slf4j-api/1.7.25/slf4j-api-1.7.25.jar:/home/user/.m2/repository/org/slf4j/jul-to-slf4j/1.7.25/jul-to-slf4j-1.7.25.jar:/home/user/.m2/repository/org/eclipse/jetty/jetty-util/9.3.24.v20180605/jetty-util-9.3.24.v20180605.jar:/home/user/.m2/repository/com/fasterxml/jackson/core/jackson-databind/2.9.5/jackson-databind-2.9.5.jar:/home/user/.m2/repository/org/apache/hadoop/hadoop-kms/3.2.0/hadoop-kms-3.2.0-tests.jar:/home/user/.m2/repository/org/apache/hadoop/hadoop-hdds-server-scm/0.5.0-SNAPSHOT/hadoop-hdds-server-scm-0.5.0-SNAPSHOT-tests.jar:/home/user/.m2/repository/org/apache/hadoop/hadoop-hdds-container-service/0.5.0-SNAPSHOT/hadoop-hdds-container-service-0.5.0-SNAPSHOT-tests.jar:/home/user/.m2/repository/org/yaml/snakeyaml/1.16/snakeyaml-1.16.jar:/home/user/.m2/repository/org/apache/hadoop/hadoop-common/3.2.0/hadoop-common-3.2.0-tests.jar:/home/user/.m2/repository/org/apache/hadoop/hadoop-annotations/3.2.0/hadoop-annotations-3.2.0.jar:/usr/lib/jvm/java-1.8-openjdk/jre/../lib/tools.jar:/home/user/.m2/repository/commons-cli/commons-cli/1.2/commons-cli-1.2.jar:/home/user/.m2/repository/org/apache/httpcomponents/httpclient/4.5.2/httpclient-4.5.2.jar:/home/user/.m2/repository/org/apache/httpcomponents/httpcore/4.4.4/httpcore-4.4.4.jar:/home/user/.m2/repository/commons-codec/commons-codec/1.11/commons-codec-1.11.jar:/home/user/.m2/repository/commons-net/commons-net/3.6/commons-net-3.6.jar:/home/user/.m2/repository/commons-collections/commons-collections/3.2.2/commons-collections-3.2.2.jar:/home/user/.m2/repository/org/eclipse/jetty/jetty-servlet/9.3.24.v20180605/jetty-servlet-9.3.24.v20180605.jar:/home/user/.m2/repository/org/eclipse/jetty/jetty-security/9.3.24.v20180605/jetty-security-9.3.24.v20180605.jar:/home/user/.m2/repository/javax/servlet/jsp/jsp-api/2.1/jsp-api-2.1.jar:/home/user/.m2/repository/com/sun/jersey/jersey-servlet/1.19/jersey-servlet-1.19.jar:/home/user/.m2/repository/com/sun/jersey/jersey-json/1.19/jersey-json-1.19.jar:/home/user/.m2/repository/org/codehaus/jettison/jettison/1.1/jettison-1.1.jar:/home/user/.m2/repository/org/codehaus/jackson/jackson-core-asl/1.9.13/jackson-core-asl-1.9.13.jar:/home/user/.m2/repository/org/codehaus/jackson/jackson-mapper-asl/1.9.13/jackson-mapper-asl-1.9.13.jar:/home/user/.m2/repository/org/codehaus/jackson/jackson-jaxrs/1.9.13/jackson-jaxrs-1.9.13.jar:/home/user/.m2/repository/org/codehaus/jackson/jackson-xc/1.9.13/jackson-xc-1.9.13.jar:/home/user/.m2/repository/commons-logging/commons-logging/1.1.3/commons-logging-1.1.3.jar:/home/user/.m2/repository/commons-beanutils/commons-beanutils/1.9.3/commons-beanutils-1.9.3.jar:/home/user/.m2/repository/org/apache/commons/commons-configuration2/2.1.1/commons-configuration2-2.1.1.jar:/home/user/.m2/repository/org/apache/commons/commons-lang3/3.7/commons-lang3-3.7.jar:/home/user/.m2/repository/org/apache/commons/commons-text/1.4/commons-text-1.4.jar:/home/user/.m2/repository/org/apache/avro/avro/1.7.7/avro-1.7.7.jar:/home/user/.m2/repository/com/thoughtworks/paranamer/paranamer/2.3/paranamer-2.3.jar:/home/user/.m2/repository/org/xerial/snappy/snappy-java/1.0.5/snappy-java-1.0.5.jar:/home/user/.m2/repository/com/google/re2j/re2j/1.1/re2j-1.1.jar:/home/user/.m2/repository/com/google/code/gson/gson/2.2.4/gson-2.2.4.jar:/home/user/.m2/repository/com/jcraft/jsch/0.1.54/jsch-0.1.54.jar:/home/user/.m2/repository/org/apache/curator/curator-client/2.12.0/curator-client-2.12.0.jar:/home/user/.m2/repository/org/apache/curator/curator-recipes/2.12.0/curator-recipes-2.12.0.jar:/home/user/.m2/repository/com/google/code/findbugs/jsr305/3.0.0/jsr305-3.0.0.jar:/home/user/.m2/repository/org/apache/htrace/htrace-core4/4.1.0-incubating/htrace-core4-4.1.0-incubating.jar:/home/user/.m2/repository/org/apache/zookeeper/zookeeper/3.4.13/zookeeper-3.4.13.jar:/home/user/.m2/repository/org/apache/yetus/audience-annotations/0.5.0/audience-annotations-0.5.0.jar:/home/user/.m2/repository/org/codehaus/woodstox/stax2-api/3.1.4/stax2-api-3.1.4.jar:/home/user/.m2/repository/com/fasterxml/woodstox/woodstox-core/5.0.3/woodstox-core-5.0.3.jar:/home/user/.m2/repository/dnsjava/dnsjava/2.1.7/dnsjava-2.1.7.jar:/home/user/.m2/repository/org/apache/hadoop/hadoop-hdfs/3.2.0/hadoop-hdfs-3.2.0-tests.jar:/home/user/.m2/repository/org/eclipse/jetty/jetty-util-ajax/9.3.24.v20180605/jetty-util-ajax-9.3.24.v20180605.jar:/home/user/.m2/repository/commons-daemon/commons-daemon/1.0.13/commons-daemon-1.0.13.jar:/home/user/.m2/repository/io/netty/netty/3.10.5.Final/netty-3.10.5.Final.jar:/home/user/.m2/repository/io/netty/netty-all/4.0.52.Final/netty-all-4.0.52.Final.jar:/home/user/.m2/repository/org/fusesource/leveldbjni/leveldbjni-all/1.8/leveldbjni-all-1.8.jar:"/>
    <property name="java.vm.vendor" value="IcedTea"/>
    <property name="sun.arch.data.model" value="64"/>
    <property name="test.build.dir" value="/workdir/hadoop-ozone/integration-test/target/test-dir"/>
    <property name="test.cache.data" value=""/>
    <property name="java.vendor.url" value="https://icedtea.classpath.org"/>
    <property name="user.timezone" value=""/>
    <property name="java.vm.specification.version" value="1.8"/>
    <property name="os.name" value="Linux"/>
    <property name="test.build.data" value="/workdir/hadoop-ozone/integration-test/target/test-dir"/>
    <property name="user.country" value="US"/>
    <property name="sun.java.launcher" value="SUN_STANDARD"/>
    <property name="sun.boot.library.path" value="/usr/lib/jvm/java-1.8-openjdk/jre/lib/amd64"/>
    <property name="sun.java.command" value="/workdir/hadoop-ozone/integration-test/target/surefire/surefirebooter1114790586169851866.jar /workdir/hadoop-ozone/integration-test/target/surefire 2019-08-20T14-59-11_840-jvmRun1 surefire240872431870750600tmp surefire_4857158743761635166tmp"/>
    <property name="test" value="!TestMiniChaosOzoneCluster"/>
    <property name="surefire.test.class.path" value="/workdir/hadoop-ozone/integration-test/target/test-classes:/workdir/hadoop-ozone/integration-test/target/classes:/home/user/.m2/repository/org/apache/hadoop/hadoop-ozone-common/0.5.0-SNAPSHOT/hadoop-ozone-common-0.5.0-SNAPSHOT.jar:/home/user/.m2/repository/org/apache/commons/commons-compress/1.4.1/commons-compress-1.4.1.jar:/home/user/.m2/repository/org/tukaani/xz/1.0/xz-1.0.jar:/home/user/.m2/repository/org/apache/hadoop/hadoop-common/3.2.0/hadoop-common-3.2.0.jar:/home/user/.m2/repository/org/apache/hadoop/hadoop-hdfs/3.2.0/hadoop-hdfs-3.2.0.jar:/home/user/.m2/repository/org/apache/hadoop/hadoop-hdfs-client/3.2.0/hadoop-hdfs-client-3.2.0.jar:/home/user/.m2/repository/com/fasterxml/jackson/core/jackson-annotations/2.9.5/jackson-annotations-2.9.5.jar:/home/user/.m2/repository/org/apache/hadoop/hadoop-hdds-common/0.5.0-SNAPSHOT/hadoop-hdds-common-0.5.0-SNAPSHOT.jar:/home/user/.m2/repository/javax/annotation/javax.annotation-api/1.2/javax.annotation-api-1.2.jar:/home/user/.m2/repository/org/apache/ratis/ratis-server/0.4.0-2337318-SNAPSHOT/ratis-server-0.4.0-2337318-SNAPSHOT.jar:/home/user/.m2/repository/org/apache/ratis/ratis-thirdparty-misc/0.2.0/ratis-thirdparty-misc-0.2.0.jar:/home/user/.m2/repository/org/apache/ratis/ratis-proto/0.4.0-2337318-SNAPSHOT/ratis-proto-0.4.0-2337318-SNAPSHOT.jar:/home/user/.m2/repository/org/apache/ratis/ratis-common/0.4.0-2337318-SNAPSHOT/ratis-common-0.4.0-2337318-SNAPSHOT.jar:/home/user/.m2/repository/org/apache/ratis/ratis-client/0.4.0-2337318-SNAPSHOT/ratis-client-0.4.0-2337318-SNAPSHOT.jar:/home/user/.m2/repository/org/apache/ratis/ratis-metrics/0.4.0-2337318-SNAPSHOT/ratis-metrics-0.4.0-2337318-SNAPSHOT.jar:/home/user/.m2/repository/org/apache/ratis/ratis-netty/0.4.0-2337318-SNAPSHOT/ratis-netty-0.4.0-2337318-SNAPSHOT.jar:/home/user/.m2/repository/org/apache/ratis/ratis-grpc/0.4.0-2337318-SNAPSHOT/ratis-grpc-0.4.0-2337318-SNAPSHOT.jar:/home/user/.m2/repository/org/rocksdb/rocksdbjni/6.0.1/rocksdbjni-6.0.1.jar:/home/user/.m2/repository/org/apache/logging/log4j/log4j-api/2.11.0/log4j-api-2.11.0.jar:/home/user/.m2/repository/org/apache/logging/log4j/log4j-core/2.11.0/log4j-core-2.11.0.jar:/home/user/.m2/repository/com/lmax/disruptor/3.4.2/disruptor-3.4.2.jar:/home/user/.m2/repository/org/apache/commons/commons-pool2/2.6.0/commons-pool2-2.6.0.jar:/home/user/.m2/repository/org/bouncycastle/bcpkix-jdk15on/1.60/bcpkix-jdk15on-1.60.jar:/home/user/.m2/repository/commons-validator/commons-validator/1.6/commons-validator-1.6.jar:/home/user/.m2/repository/commons-digester/commons-digester/1.8.1/commons-digester-1.8.1.jar:/home/user/.m2/repository/io/jaegertracing/jaeger-client/0.33.1/jaeger-client-0.33.1.jar:/home/user/.m2/repository/io/jaegertracing/jaeger-thrift/0.33.1/jaeger-thrift-0.33.1.jar:/home/user/.m2/repository/org/apache/thrift/libthrift/0.11.0/libthrift-0.11.0.jar:/home/user/.m2/repository/com/squareup/okhttp3/okhttp/3.9.0/okhttp-3.9.0.jar:/home/user/.m2/repository/com/squareup/okio/okio/1.13.0/okio-1.13.0.jar:/home/user/.m2/repository/io/jaegertracing/jaeger-core/0.33.1/jaeger-core-0.33.1.jar:/home/user/.m2/repository/io/jaegertracing/jaeger-tracerresolver/0.33.1/jaeger-tracerresolver-0.33.1.jar:/home/user/.m2/repository/io/opentracing/contrib/opentracing-tracerresolver/0.1.5/opentracing-tracerresolver-0.1.5.jar:/home/user/.m2/repository/io/opentracing/opentracing-util/0.31.0/opentracing-util-0.31.0.jar:/home/user/.m2/repository/io/opentracing/opentracing-api/0.31.0/opentracing-api-0.31.0.jar:/home/user/.m2/repository/io/opentracing/opentracing-noop/0.31.0/opentracing-noop-0.31.0.jar:/home/user/.m2/repository/org/apache/hadoop/hadoop-hdds-server-framework/0.5.0-SNAPSHOT/hadoop-hdds-server-framework-0.5.0-SNAPSHOT.jar:/home/user/.m2/repository/org/apache/hadoop/hadoop-hdds-container-service/0.5.0-SNAPSHOT/hadoop-hdds-container-service-0.5.0-SNAPSHOT.jar:/home/user/.m2/repository/org/apache/hadoop/hadoop-hdds-client/0.5.0-SNAPSHOT/hadoop-hdds-client-0.5.0-SNAPSHOT.jar:/home/user/.m2/repository/org/apache/hadoop/hadoop-hdds-tools/0.5.0-SNAPSHOT/hadoop-hdds-tools-0.5.0-SNAPSHOT.jar:/home/user/.m2/repository/org/apache/hadoop/hadoop-hdds-server-scm/0.5.0-SNAPSHOT/hadoop-hdds-server-scm-0.5.0-SNAPSHOT.jar:/home/user/.m2/repository/org/apache/hadoop/hadoop-hdds-docs/0.5.0-SNAPSHOT/hadoop-hdds-docs-0.5.0-SNAPSHOT.jar:/home/user/.m2/repository/io/dropwizard/metrics/metrics-core/3.2.4/metrics-core-3.2.4.jar:/home/user/.m2/repository/org/hamcrest/hamcrest-all/1.3/hamcrest-all-1.3.jar:/home/user/.m2/repository/org/bouncycastle/bcprov-jdk15on/1.60/bcprov-jdk15on-1.60.jar:/home/user/.m2/repository/info/picocli/picocli/3.9.6/picocli-3.9.6.jar:/home/user/.m2/repository/com/google/protobuf/protobuf-java/2.5.0/protobuf-java-2.5.0.jar:/home/user/.m2/repository/com/google/guava/guava/11.0.2/guava-11.0.2.jar:/home/user/.m2/repository/org/apache/hadoop/hadoop-ozone-ozone-manager/0.5.0-SNAPSHOT/hadoop-ozone-ozone-manager-0.5.0-SNAPSHOT.jar:/home/user/.m2/repository/org/apache/hadoop/hadoop-minikdc/3.2.0/hadoop-minikdc-3.2.0.jar:/home/user/.m2/repository/commons-io/commons-io/2.5/commons-io-2.5.jar:/home/user/.m2/repository/org/apache/kerby/kerb-simplekdc/1.0.1/kerb-simplekdc-1.0.1.jar:/home/user/.m2/repository/org/apache/kerby/kerb-client/1.0.1/kerb-client-1.0.1.jar:/home/user/.m2/repository/org/apache/kerby/kerby-config/1.0.1/kerby-config-1.0.1.jar:/home/user/.m2/repository/org/apache/kerby/kerb-core/1.0.1/kerb-core-1.0.1.jar:/home/user/.m2/repository/org/apache/kerby/kerby-pkix/1.0.1/kerby-pkix-1.0.1.jar:/home/user/.m2/repository/org/apache/kerby/kerby-asn1/1.0.1/kerby-asn1-1.0.1.jar:/home/user/.m2/repository/org/apache/kerby/kerby-util/1.0.1/kerby-util-1.0.1.jar:/home/user/.m2/repository/org/apache/kerby/kerb-common/1.0.1/kerb-common-1.0.1.jar:/home/user/.m2/repository/org/apache/kerby/kerb-crypto/1.0.1/kerb-crypto-1.0.1.jar:/home/user/.m2/repository/org/apache/kerby/kerb-util/1.0.1/kerb-util-1.0.1.jar:/home/user/.m2/repository/org/apache/kerby/token-provider/1.0.1/token-provider-1.0.1.jar:/home/user/.m2/repository/org/apache/kerby/kerb-admin/1.0.1/kerb-admin-1.0.1.jar:/home/user/.m2/repository/org/apache/kerby/kerb-server/1.0.1/kerb-server-1.0.1.jar:/home/user/.m2/repository/org/apache/kerby/kerb-identity/1.0.1/kerb-identity-1.0.1.jar:/home/user/.m2/repository/org/apache/kerby/kerby-xdr/1.0.1/kerby-xdr-1.0.1.jar:/home/user/.m2/repository/org/slf4j/slf4j-log4j12/1.7.25/slf4j-log4j12-1.7.25.jar:/home/user/.m2/repository/org/apache/hadoop/hadoop-ozone-objectstore-service/0.5.0-SNAPSHOT/hadoop-ozone-objectstore-service-0.5.0-SNAPSHOT.jar:/home/user/.m2/repository/org/apache/hadoop/hadoop-ozone-s3gateway/0.5.0-SNAPSHOT/hadoop-ozone-s3gateway-0.5.0-SNAPSHOT.jar:/home/user/.m2/repository/org/jboss/weld/servlet/weld-servlet/2.4.7.Final/weld-servlet-2.4.7.Final.jar:/home/user/.m2/repository/org/glassfish/jersey/containers/jersey-container-servlet-core/2.27/jersey-container-servlet-core-2.27.jar:/home/user/.m2/repository/org/glassfish/hk2/external/javax.inject/2.5.0-b42/javax.inject-2.5.0-b42.jar:/home/user/.m2/repository/org/glassfish/jersey/core/jersey-common/2.27/jersey-common-2.27.jar:/home/user/.m2/repository/org/glassfish/hk2/osgi-resource-locator/1.0.1/osgi-resource-locator-1.0.1.jar:/home/user/.m2/repository/javax/ws/rs/javax.ws.rs-api/2.1/javax.ws.rs-api-2.1.jar:/home/user/.m2/repository/org/glassfish/jersey/ext/cdi/jersey-cdi1x/2.27/jersey-cdi1x-2.27.jar:/home/user/.m2/repository/org/glassfish/jersey/inject/jersey-hk2/2.27/jersey-hk2-2.27.jar:/home/user/.m2/repository/org/glassfish/hk2/hk2-locator/2.5.0-b42/hk2-locator-2.5.0-b42.jar:/home/user/.m2/repository/org/javassist/javassist/3.22.0-CR2/javassist-3.22.0-CR2.jar:/home/user/.m2/repository/org/glassfish/hk2/hk2-api/2.5.0/hk2-api-2.5.0.jar:/home/user/.m2/repository/org/glassfish/hk2/external/jakarta.inject/2.5.0/jakarta.inject-2.5.0.jar:/home/user/.m2/repository/org/glassfish/hk2/hk2-utils/2.5.0/hk2-utils-2.5.0.jar:/home/user/.m2/repository/jakarta/annotation/jakarta.annotation-api/1.3.4/jakarta.annotation-api-1.3.4.jar:/home/user/.m2/repository/org/glassfish/hk2/external/aopalliance-repackaged/2.5.0/aopalliance-repackaged-2.5.0.jar:/home/user/.m2/repository/com/fasterxml/jackson/dataformat/jackson-dataformat-xml/2.9.0/jackson-dataformat-xml-2.9.0.jar:/home/user/.m2/repository/com/fasterxml/jackson/core/jackson-core/2.9.5/jackson-core-2.9.5.jar:/home/user/.m2/repository/com/fasterxml/jackson/module/jackson-module-jaxb-annotations/2.9.5/jackson-module-jaxb-annotations-2.9.5.jar:/home/user/.m2/repository/javax/enterprise/cdi-api/1.2/cdi-api-1.2.jar:/home/user/.m2/repository/javax/el/javax.el-api/3.0.0/javax.el-api-3.0.0.jar:/home/user/.m2/repository/javax/interceptor/javax.interceptor-api/1.2/javax.interceptor-api-1.2.jar:/home/user/.m2/repository/javax/inject/javax.inject/1/javax.inject-1.jar:/home/user/.m2/repository/com/sun/xml/bind/jaxb-impl/2.3.0.1/jaxb-impl-2.3.0.1.jar:/home/user/.m2/repository/com/sun/xml/bind/jaxb-core/2.3.0.1/jaxb-core-2.3.0.1.jar:/home/user/.m2/repository/javax/xml/bind/jaxb-api/2.3.0/jaxb-api-2.3.0.jar:/home/user/.m2/repository/javax/activation/activation/1.1.1/activation-1.1.1.jar:/home/user/.m2/repository/org/apache/hadoop/hadoop-ozone-csi/0.5.0-SNAPSHOT/hadoop-ozone-csi-0.5.0-SNAPSHOT.jar:/home/user/.m2/repository/com/google/protobuf/protobuf-java-util/3.5.1/protobuf-java-util-3.5.1.jar:/home/user/.m2/repository/org/apache/hadoop/hadoop-hdds-config/0.5.0-SNAPSHOT/hadoop-hdds-config-0.5.0-SNAPSHOT.jar:/home/user/.m2/repository/io/grpc/grpc-netty/1.17.1/grpc-netty-1.17.1.jar:/home/user/.m2/repository/io/grpc/grpc-core/1.17.1/grpc-core-1.17.1.jar:/home/user/.m2/repository/io/grpc/grpc-context/1.17.1/grpc-context-1.17.1.jar:/home/user/.m2/repository/com/google/errorprone/error_prone_annotations/2.2.0/error_prone_annotations-2.2.0.jar:/home/user/.m2/repository/org/codehaus/mojo/animal-sniffer-annotations/1.17/animal-sniffer-annotations-1.17.jar:/home/user/.m2/repository/io/opencensus/opencensus-api/0.17.0/opencensus-api-0.17.0.jar:/home/user/.m2/repository/io/opencensus/opencensus-contrib-grpc-metrics/0.17.0/opencensus-contrib-grpc-metrics-0.17.0.jar:/home/user/.m2/repository/io/netty/netty-codec-http2/4.1.30.Final/netty-codec-http2-4.1.30.Final.jar:/home/user/.m2/repository/io/netty/netty-codec-http/4.1.30.Final/netty-codec-http-4.1.30.Final.jar:/home/user/.m2/repository/io/netty/netty-codec/4.1.30.Final/netty-codec-4.1.30.Final.jar:/home/user/.m2/repository/io/netty/netty-handler/4.1.30.Final/netty-handler-4.1.30.Final.jar:/home/user/.m2/repository/io/netty/netty-handler-proxy/4.1.30.Final/netty-handler-proxy-4.1.30.Final.jar:/home/user/.m2/repository/io/netty/netty-codec-socks/4.1.30.Final/netty-codec-socks-4.1.30.Final.jar:/home/user/.m2/repository/io/netty/netty-transport-native-epoll/4.1.30.Final/netty-transport-native-epoll-4.1.30.Final.jar:/home/user/.m2/repository/io/netty/netty-common/4.1.30.Final/netty-common-4.1.30.Final.jar:/home/user/.m2/repository/io/netty/netty-buffer/4.1.30.Final/netty-buffer-4.1.30.Final.jar:/home/user/.m2/repository/io/netty/netty-transport/4.1.30.Final/netty-transport-4.1.30.Final.jar:/home/user/.m2/repository/io/netty/netty-resolver/4.1.30.Final/netty-resolver-4.1.30.Final.jar:/home/user/.m2/repository/io/netty/netty-transport-native-unix-common/4.1.30.Final/netty-transport-native-unix-common-4.1.30.Final.jar:/home/user/.m2/repository/io/grpc/grpc-protobuf/1.17.1/grpc-protobuf-1.17.1.jar:/home/user/.m2/repository/com/google/api/grpc/proto-google-common-protos/1.0.0/proto-google-common-protos-1.0.0.jar:/home/user/.m2/repository/io/grpc/grpc-protobuf-lite/1.17.1/grpc-protobuf-lite-1.17.1.jar:/home/user/.m2/repository/io/grpc/grpc-stub/1.17.1/grpc-stub-1.17.1.jar:/home/user/.m2/repository/org/apache/hadoop/hadoop-ozone-recon/0.5.0-SNAPSHOT/hadoop-ozone-recon-0.5.0-SNAPSHOT.jar:/home/user/.m2/repository/org/apache/hadoop/hadoop-ozone-reconcodegen/0.5.0-SNAPSHOT/hadoop-ozone-reconcodegen-0.5.0-SNAPSHOT.jar:/home/user/.m2/repository/com/google/inject/extensions/guice-multibindings/4.0/guice-multibindings-4.0.jar:/home/user/.m2/repository/com/google/inject/guice/4.0/guice-4.0.jar:/home/user/.m2/repository/aopalliance/aopalliance/1.0/aopalliance-1.0.jar:/home/user/.m2/repository/com/google/inject/extensions/guice-servlet/4.0/guice-servlet-4.0.jar:/home/user/.m2/repository/org/glassfish/jersey/containers/jersey-container-servlet/2.27/jersey-container-servlet-2.27.jar:/home/user/.m2/repository/org/glassfish/hk2/guice-bridge/2.5.0/guice-bridge-2.5.0.jar:/home/user/.m2/repository/org/glassfish/jersey/core/jersey-server/2.27/jersey-server-2.27.jar:/home/user/.m2/repository/org/glassfish/jersey/core/jersey-client/2.27/jersey-client-2.27.jar:/home/user/.m2/repository/org/glassfish/jersey/media/jersey-media-jaxb/2.27/jersey-media-jaxb-2.27.jar:/home/user/.m2/repository/javax/validation/validation-api/1.1.0.Final/validation-api-1.1.0.Final.jar:/home/user/.m2/repository/org/glassfish/jersey/media/jersey-media-json-jackson/2.27/jersey-media-json-jackson-2.27.jar:/home/user/.m2/repository/org/glassfish/jersey/ext/jersey-entity-filtering/2.27/jersey-entity-filtering-2.27.jar:/home/user/.m2/repository/com/google/inject/extensions/guice-assistedinject/4.0/guice-assistedinject-4.0.jar:/home/user/.m2/repository/org/jooq/jooq/3.11.10/jooq-3.11.10.jar:/home/user/.m2/repository/org/jooq/jooq-meta/3.11.10/jooq-meta-3.11.10.jar:/home/user/.m2/repository/org/jooq/jooq-codegen/3.11.10/jooq-codegen-3.11.10.jar:/home/user/.m2/repository/com/jolbox/bonecp/0.8.0.RELEASE/bonecp-0.8.0.RELEASE.jar:/home/user/.m2/repository/org/xerial/sqlite-jdbc/3.25.2/sqlite-jdbc-3.25.2.jar:/home/user/.m2/repository/org/springframework/spring-jdbc/5.1.3.RELEASE/spring-jdbc-5.1.3.RELEASE.jar:/home/user/.m2/repository/org/springframework/spring-beans/5.1.3.RELEASE/spring-beans-5.1.3.RELEASE.jar:/home/user/.m2/repository/org/springframework/spring-core/5.1.3.RELEASE/spring-core-5.1.3.RELEASE.jar:/home/user/.m2/repository/org/springframework/spring-jcl/5.1.3.RELEASE/spring-jcl-5.1.3.RELEASE.jar:/home/user/.m2/repository/org/springframework/spring-tx/5.1.3.RELEASE/spring-tx-5.1.3.RELEASE.jar:/home/user/.m2/repository/org/apache/hadoop/hadoop-ozone-client/0.5.0-SNAPSHOT/hadoop-ozone-client-0.5.0-SNAPSHOT.jar:/home/user/.m2/repository/commons-lang/commons-lang/2.6/commons-lang-2.6.jar:/home/user/.m2/repository/org/apache/hadoop/hadoop-ozone-ozone-manager/0.5.0-SNAPSHOT/hadoop-ozone-ozone-manager-0.5.0-SNAPSHOT-tests.jar:/home/user/.m2/repository/junit/junit/4.11/junit-4.11.jar:/home/user/.m2/repository/org/hamcrest/hamcrest-core/1.3/hamcrest-core-1.3.jar:/home/user/.m2/repository/org/openjdk/jmh/jmh-core/1.19/jmh-core-1.19.jar:/home/user/.m2/repository/net/sf/jopt-simple/jopt-simple/4.6/jopt-simple-4.6.jar:/home/user/.m2/repository/org/apache/commons/commons-math3/3.1.1/commons-math3-3.1.1.jar:/home/user/.m2/repository/org/openjdk/jmh/jmh-generator-annprocess/1.19/jmh-generator-annprocess-1.19.jar:/home/user/.m2/repository/org/mockito/mockito-all/1.8.5/mockito-all-1.8.5.jar:/home/user/.m2/repository/org/apache/hadoop/hadoop-kms/3.2.0/hadoop-kms-3.2.0.jar:/home/user/.m2/repository/org/apache/hadoop/hadoop-auth/3.2.0/hadoop-auth-3.2.0.jar:/home/user/.m2/repository/com/nimbusds/nimbus-jose-jwt/4.41.1/nimbus-jose-jwt-4.41.1.jar:/home/user/.m2/repository/com/github/stephenc/jcip/jcip-annotations/1.0-1/jcip-annotations-1.0-1.jar:/home/user/.m2/repository/net/minidev/json-smart/2.3/json-smart-2.3.jar:/home/user/.m2/repository/net/minidev/accessors-smart/1.2/accessors-smart-1.2.jar:/home/user/.m2/repository/org/ow2/asm/asm/5.0.4/asm-5.0.4.jar:/home/user/.m2/repository/org/apache/curator/curator-framework/2.12.0/curator-framework-2.12.0.jar:/home/user/.m2/repository/com/sun/jersey/jersey-core/1.19/jersey-core-1.19.jar:/home/user/.m2/repository/javax/ws/rs/jsr311-api/1.1.1/jsr311-api-1.1.1.jar:/home/user/.m2/repository/com/sun/jersey/jersey-server/1.19/jersey-server-1.19.jar:/home/user/.m2/repository/javax/servlet/javax.servlet-api/3.1.0/javax.servlet-api-3.1.0.jar:/home/user/.m2/repository/org/eclipse/jetty/jetty-server/9.3.24.v20180605/jetty-server-9.3.24.v20180605.jar:/home/user/.m2/repository/org/eclipse/jetty/jetty-http/9.3.24.v20180605/jetty-http-9.3.24.v20180605.jar:/home/user/.m2/repository/org/eclipse/jetty/jetty-io/9.3.24.v20180605/jetty-io-9.3.24.v20180605.jar:/home/user/.m2/repository/org/eclipse/jetty/jetty-webapp/9.3.24.v20180605/jetty-webapp-9.3.24.v20180605.jar:/home/user/.m2/repository/org/eclipse/jetty/jetty-xml/9.3.24.v20180605/jetty-xml-9.3.24.v20180605.jar:/home/user/.m2/repository/log4j/log4j/1.2.17/log4j-1.2.17.jar:/home/user/.m2/repository/org/slf4j/slf4j-api/1.7.25/slf4j-api-1.7.25.jar:/home/user/.m2/repository/org/slf4j/jul-to-slf4j/1.7.25/jul-to-slf4j-1.7.25.jar:/home/user/.m2/repository/org/eclipse/jetty/jetty-util/9.3.24.v20180605/jetty-util-9.3.24.v20180605.jar:/home/user/.m2/repository/com/fasterxml/jackson/core/jackson-databind/2.9.5/jackson-databind-2.9.5.jar:/home/user/.m2/repository/org/apache/hadoop/hadoop-kms/3.2.0/hadoop-kms-3.2.0-tests.jar:/home/user/.m2/repository/org/apache/hadoop/hadoop-hdds-server-scm/0.5.0-SNAPSHOT/hadoop-hdds-server-scm-0.5.0-SNAPSHOT-tests.jar:/home/user/.m2/repository/org/apache/hadoop/hadoop-hdds-container-service/0.5.0-SNAPSHOT/hadoop-hdds-container-service-0.5.0-SNAPSHOT-tests.jar:/home/user/.m2/repository/org/yaml/snakeyaml/1.16/snakeyaml-1.16.jar:/home/user/.m2/repository/org/apache/hadoop/hadoop-common/3.2.0/hadoop-common-3.2.0-tests.jar:/home/user/.m2/repository/org/apache/hadoop/hadoop-annotations/3.2.0/hadoop-annotations-3.2.0.jar:/usr/lib/jvm/java-1.8-openjdk/jre/../lib/tools.jar:/home/user/.m2/repository/commons-cli/commons-cli/1.2/commons-cli-1.2.jar:/home/user/.m2/repository/org/apache/httpcomponents/httpclient/4.5.2/httpclient-4.5.2.jar:/home/user/.m2/repository/org/apache/httpcomponents/httpcore/4.4.4/httpcore-4.4.4.jar:/home/user/.m2/repository/commons-codec/commons-codec/1.11/commons-codec-1.11.jar:/home/user/.m2/repository/commons-net/commons-net/3.6/commons-net-3.6.jar:/home/user/.m2/repository/commons-collections/commons-collections/3.2.2/commons-collections-3.2.2.jar:/home/user/.m2/repository/org/eclipse/jetty/jetty-servlet/9.3.24.v20180605/jetty-servlet-9.3.24.v20180605.jar:/home/user/.m2/repository/org/eclipse/jetty/jetty-security/9.3.24.v20180605/jetty-security-9.3.24.v20180605.jar:/home/user/.m2/repository/javax/servlet/jsp/jsp-api/2.1/jsp-api-2.1.jar:/home/user/.m2/repository/com/sun/jersey/jersey-servlet/1.19/jersey-servlet-1.19.jar:/home/user/.m2/repository/com/sun/jersey/jersey-json/1.19/jersey-json-1.19.jar:/home/user/.m2/repository/org/codehaus/jettison/jettison/1.1/jettison-1.1.jar:/home/user/.m2/repository/org/codehaus/jackson/jackson-core-asl/1.9.13/jackson-core-asl-1.9.13.jar:/home/user/.m2/repository/org/codehaus/jackson/jackson-mapper-asl/1.9.13/jackson-mapper-asl-1.9.13.jar:/home/user/.m2/repository/org/codehaus/jackson/jackson-jaxrs/1.9.13/jackson-jaxrs-1.9.13.jar:/home/user/.m2/repository/org/codehaus/jackson/jackson-xc/1.9.13/jackson-xc-1.9.13.jar:/home/user/.m2/repository/commons-logging/commons-logging/1.1.3/commons-logging-1.1.3.jar:/home/user/.m2/repository/commons-beanutils/commons-beanutils/1.9.3/commons-beanutils-1.9.3.jar:/home/user/.m2/repository/org/apache/commons/commons-configuration2/2.1.1/commons-configuration2-2.1.1.jar:/home/user/.m2/repository/org/apache/commons/commons-lang3/3.7/commons-lang3-3.7.jar:/home/user/.m2/repository/org/apache/commons/commons-text/1.4/commons-text-1.4.jar:/home/user/.m2/repository/org/apache/avro/avro/1.7.7/avro-1.7.7.jar:/home/user/.m2/repository/com/thoughtworks/paranamer/paranamer/2.3/paranamer-2.3.jar:/home/user/.m2/repository/org/xerial/snappy/snappy-java/1.0.5/snappy-java-1.0.5.jar:/home/user/.m2/repository/com/google/re2j/re2j/1.1/re2j-1.1.jar:/home/user/.m2/repository/com/google/code/gson/gson/2.2.4/gson-2.2.4.jar:/home/user/.m2/repository/com/jcraft/jsch/0.1.54/jsch-0.1.54.jar:/home/user/.m2/repository/org/apache/curator/curator-client/2.12.0/curator-client-2.12.0.jar:/home/user/.m2/repository/org/apache/curator/curator-recipes/2.12.0/curator-recipes-2.12.0.jar:/home/user/.m2/repository/com/google/code/findbugs/jsr305/3.0.0/jsr305-3.0.0.jar:/home/user/.m2/repository/org/apache/htrace/htrace-core4/4.1.0-incubating/htrace-core4-4.1.0-incubating.jar:/home/user/.m2/repository/org/apache/zookeeper/zookeeper/3.4.13/zookeeper-3.4.13.jar:/home/user/.m2/repository/org/apache/yetus/audience-annotations/0.5.0/audience-annotations-0.5.0.jar:/home/user/.m2/repository/org/codehaus/woodstox/stax2-api/3.1.4/stax2-api-3.1.4.jar:/home/user/.m2/repository/com/fasterxml/woodstox/woodstox-core/5.0.3/woodstox-core-5.0.3.jar:/home/user/.m2/repository/dnsjava/dnsjava/2.1.7/dnsjava-2.1.7.jar:/home/user/.m2/repository/org/apache/hadoop/hadoop-hdfs/3.2.0/hadoop-hdfs-3.2.0-tests.jar:/home/user/.m2/repository/org/eclipse/jetty/jetty-util-ajax/9.3.24.v20180605/jetty-util-ajax-9.3.24.v20180605.jar:/home/user/.m2/repository/commons-daemon/commons-daemon/1.0.13/commons-daemon-1.0.13.jar:/home/user/.m2/repository/io/netty/netty/3.10.5.Final/netty-3.10.5.Final.jar:/home/user/.m2/repository/io/netty/netty-all/4.0.52.Final/netty-all-4.0.52.Final.jar:/home/user/.m2/repository/org/fusesource/leveldbjni/leveldbjni-all/1.8/leveldbjni-all-1.8.jar:"/>
    <property name="sun.cpu.endian" value="little"/>
    <property name="user.home" value="/home/user"/>
    <property name="user.language" value="en"/>
    <property name="java.specification.vendor" value="Oracle Corporation"/>
    <property name="java.home" value="/usr/lib/jvm/java-1.8-openjdk/jre"/>
    <property name="java.security.krb5.conf" value="/workdir/hadoop-ozone/integration-test/target/test-classes/krb5.conf"/>
    <property name="basedir" value="/workdir/hadoop-ozone/integration-test"/>
    <property name="file.separator" value="/"/>
    <property name="line.separator" value="&#10;"/>
    <property name="java.vm.specification.vendor" value="Oracle Corporation"/>
    <property name="java.specification.name" value="Java Platform API Specification"/>
    <property name="java.awt.graphicsenv" value="sun.awt.X11GraphicsEnvironment"/>
    <property name="surefire.real.class.path" value="/workdir/hadoop-ozone/integration-test/target/surefire/surefirebooter1114790586169851866.jar"/>
    <property name="hadoop.log.dir" value="/workdir/hadoop-ozone/integration-test/target/log"/>
    <property name="sun.boot.class.path" value="/usr/lib/jvm/java-1.8-openjdk/jre/lib/resources.jar:/usr/lib/jvm/java-1.8-openjdk/jre/lib/rt.jar:/usr/lib/jvm/java-1.8-openjdk/jre/lib/sunrsasign.jar:/usr/lib/jvm/java-1.8-openjdk/jre/lib/jsse.jar:/usr/lib/jvm/java-1.8-openjdk/jre/lib/jce.jar:/usr/lib/jvm/java-1.8-openjdk/jre/lib/charsets.jar:/usr/lib/jvm/java-1.8-openjdk/jre/lib/jfr.jar:/usr/lib/jvm/java-1.8-openjdk/jre/classes"/>
    <property name="sun.management.compiler" value="HotSpot 64-Bit Tiered Compilers"/>
    <property name="java.runtime.version" value="1.8.0_212-b04"/>
    <property name="java.net.preferIPv4Stack" value="true"/>
    <property name="user.name" value="jenkins1000"/>
    <property name="path.separator" value=":"/>
    <property name="java.security.egd" value="file:///dev/urandom"/>
    <property name="os.version" value="3.10.0-957.12.2.el7.x86_64"/>
    <property name="java.endorsed.dirs" value="/usr/lib/jvm/java-1.8-openjdk/jre/lib/endorsed"/>
    <property name="java.runtime.name" value="OpenJDK Runtime Environment"/>
    <property name="file.encoding" value="UTF-8"/>
    <property name="java.vm.name" value="OpenJDK 64-Bit Server VM"/>
    <property name="test.build.webapps" value=""/>
    <property name="localRepository" value="/home/user/.m2/repository"/>
    <property name="java.vendor.url.bug" value="https://icedtea.classpath.org/bugzilla"/>
    <property name="java.io.tmpdir" value="/tmp"/>
    <property name="require.test.libhadoop" value=""/>
    <property name="java.version" value="1.8.0_212"/>
    <property name="user.dir" value="/workdir/hadoop-ozone/integration-test"/>
    <property name="os.arch" value="amd64"/>
    <property name="java.vm.specification.name" value="Java Virtual Machine Specification"/>
    <property name="test.build.classes" value="/workdir/hadoop-ozone/integration-test/target/test-classes"/>
    <property name="java.awt.printerjob" value="sun.print.PSPrinterJob"/>
    <property name="sun.os.patch.level" value="unknown"/>
    <property name="hadoop.tmp.dir" value="/workdir/hadoop-ozone/integration-test/target/tmp"/>
    <property name="java.library.path" value="/usr/lib/jvm/java-1.8-openjdk/jre/lib/amd64/server:/usr/lib/jvm/java-1.8-openjdk/jre/lib/amd64:/usr/lib/jvm/java-1.8-openjdk/jre/../lib/amd64:/workdir/hadoop-ozone/integration-test/target/native/target/usr/local/lib:/workdir/hadoop-ozone/integration-test/../../hadoop-common-project/hadoop-common/target/native/target/usr/local/lib:/usr/java/packages/lib/amd64:/usr/lib64:/lib64:/lib:/usr/lib"/>
    <property name="java.vm.info" value="mixed mode"/>
    <property name="java.vendor" value="IcedTea"/>
    <property name="java.vm.version" value="25.212-b04"/>
    <property name="java.ext.dirs" value="/usr/lib/jvm/java-1.8-openjdk/jre/lib/ext:/usr/java/packages/lib/ext"/>
    <property name="sun.io.unicode.encoding" value="UnicodeLittle"/>
    <property name="java.class.version" value="52.0"/>
  </properties>
  <testcase name="testAutomaticPipelineCreationOnPipelineDestroy" classname="org.apache.hadoop.hdds.scm.pipeline.TestRatisPipelineCreateAndDestory" time="46.174">
    <error message="test timed out after 30000 milliseconds" type="java.lang.Exception">java.lang.Exception: test timed out after 30000 milliseconds
	at java.lang.Thread.sleep(Native Method)
	at org.apache.hadoop.test.GenericTestUtils.waitFor(GenericTestUtils.java:382)
	at org.apache.hadoop.hdds.scm.pipeline.TestRatisPipelineCreateAndDestory.waitForPipelines(TestRatisPipelineCreateAndDestory.java:126)
	at org.apache.hadoop.hdds.scm.pipeline.TestRatisPipelineCreateAndDestory.testAutomaticPipelineCreationOnPipelineDestroy(TestRatisPipelineCreateAndDestory.java:71)
	at sun.reflect.NativeMethodAccessorImpl.invoke0(Native Method)
	at sun.reflect.NativeMethodAccessorImpl.invoke(NativeMethodAccessorImpl.java:62)
	at sun.reflect.DelegatingMethodAccessorImpl.invoke(DelegatingMethodAccessorImpl.java:43)
	at java.lang.reflect.Method.invoke(Method.java:498)
	at org.junit.runners.model.FrameworkMethod$1.runReflectiveCall(FrameworkMethod.java:47)
	at org.junit.internal.runners.model.ReflectiveCallable.run(ReflectiveCallable.java:12)
	at org.junit.runners.model.FrameworkMethod.invokeExplosively(FrameworkMethod.java:44)
	at org.junit.internal.runners.statements.InvokeMethod.evaluate(InvokeMethod.java:17)
	at org.junit.internal.runners.statements.FailOnTimeout$StatementThread.run(FailOnTimeout.java:74)
</error>
    <system-out><![CDATA[2019-08-20 15:01:21,828 [Thread-0] WARN  server.ServerUtils (ServerUtils.java:getScmDbDir(145)) - ozone.scm.db.dirs is not configured. We recommend adding this setting. Falling back to ozone.metadata.dirs instead.
2019-08-20 15:01:21,959 [Thread-0] WARN  server.ServerUtils (ServerUtils.java:getScmDbDir(145)) - ozone.scm.db.dirs is not configured. We recommend adding this setting. Falling back to ozone.metadata.dirs instead.
2019-08-20 15:01:21,962 [Thread-0] WARN  server.ServerUtils (ServerUtils.java:getScmDbDir(145)) - ozone.scm.db.dirs is not configured. We recommend adding this setting. Falling back to ozone.metadata.dirs instead.
2019-08-20 15:01:21,981 [Thread-0] INFO  util.log (Log.java:initialized(192)) - Logging initialized @829ms
2019-08-20 15:01:22,083 [Thread-0] INFO  db.DBStoreBuilder (DBStoreBuilder.java:addTable(110)) - using custom profile for table: deletedBlocks
2019-08-20 15:01:22,083 [Thread-0] INFO  db.DBStoreBuilder (DBStoreBuilder.java:processTables(161)) - Using default column profile:DBProfile.DISK for Table:deletedBlocks
2019-08-20 15:01:22,084 [Thread-0] INFO  db.DBStoreBuilder (DBStoreBuilder.java:addTable(110)) - using custom profile for table: validCerts
2019-08-20 15:01:22,084 [Thread-0] INFO  db.DBStoreBuilder (DBStoreBuilder.java:processTables(161)) - Using default column profile:DBProfile.DISK for Table:validCerts
2019-08-20 15:01:22,084 [Thread-0] INFO  db.DBStoreBuilder (DBStoreBuilder.java:addTable(110)) - using custom profile for table: revokedCerts
2019-08-20 15:01:22,084 [Thread-0] INFO  db.DBStoreBuilder (DBStoreBuilder.java:processTables(161)) - Using default column profile:DBProfile.DISK for Table:revokedCerts
2019-08-20 15:01:22,096 [Thread-0] INFO  db.DBStoreBuilder (DBStoreBuilder.java:addTable(110)) - using custom profile for table: default
2019-08-20 15:01:22,097 [Thread-0] INFO  db.DBStoreBuilder (DBStoreBuilder.java:processTables(167)) - Using default column profile:DBProfile.DISK for Table:default
2019-08-20 15:01:22,098 [Thread-0] INFO  db.DBStoreBuilder (DBStoreBuilder.java:getDbProfile(198)) - Using default options. DBProfile.DISK
2019-08-20 15:01:22,615 [Thread-0] INFO  net.NodeSchemaLoader (NodeSchemaLoader.java:loadSchemaFromFile(125)) - Loading file from sun.misc.CompoundEnumeration@d52d8c0
2019-08-20 15:01:22,617 [Thread-0] INFO  net.NodeSchemaLoader (NodeSchemaLoader.java:loadSchema(171)) - Loading network topology layer schema file
2019-08-20 15:01:22,689 [Thread-0] INFO  node.SCMNodeManager (SCMNodeManager.java:<init>(121)) - Entering startup safe mode.
2019-08-20 15:01:22,764 [Thread-0] INFO  algorithms.ContainerPlacementPolicyFactory (ContainerPlacementPolicyFactory.java:getPolicy(55)) - Create container placement policy of type org.apache.hadoop.hdds.scm.container.placement.algorithms.SCMContainerPlacementRandom
2019-08-20 15:01:22,779 [Thread-0] WARN  server.ServerUtils (ServerUtils.java:getScmDbDir(145)) - ozone.scm.db.dirs is not configured. We recommend adding this setting. Falling back to ozone.metadata.dirs instead.
2019-08-20 15:01:22,906 [Thread-0] INFO  pipeline.SCMPipelineManager (SCMPipelineManager.java:initializePipelineState(126)) - No pipeline exists in current db
2019-08-20 15:01:22,909 [Thread-0] WARN  server.ServerUtils (ServerUtils.java:getScmDbDir(145)) - ozone.scm.db.dirs is not configured. We recommend adding this setting. Falling back to ozone.metadata.dirs instead.
2019-08-20 15:01:23,061 [Thread-0] WARN  events.EventQueue (EventQueue.java:fireEvent(175)) - No event handler registered for event TypedEvent{payloadType=SafeModeStatus, name='SafeModeStatus'}
2019-08-20 15:01:23,537 [Thread-0] INFO  ipc.CallQueueManager (CallQueueManager.java:<init>(84)) - Using callQueue: class java.util.concurrent.LinkedBlockingQueue, queueCapacity: 2000, scheduler: class org.apache.hadoop.ipc.DefaultRpcScheduler, ipcBackoff: false.
2019-08-20 15:01:23,787 [Socket Reader #1 for port 39938] INFO  ipc.Server (Server.java:run(1074)) - Starting Socket Reader #1 for port 39938
2019-08-20 15:01:23,810 [Thread-0] INFO  ipc.CallQueueManager (CallQueueManager.java:<init>(84)) - Using callQueue: class java.util.concurrent.LinkedBlockingQueue, queueCapacity: 2000, scheduler: class org.apache.hadoop.ipc.DefaultRpcScheduler, ipcBackoff: false.
2019-08-20 15:01:23,811 [Socket Reader #1 for port 43103] INFO  ipc.Server (Server.java:run(1074)) - Starting Socket Reader #1 for port 43103
2019-08-20 15:01:23,821 [Thread-0] INFO  ipc.CallQueueManager (CallQueueManager.java:<init>(84)) - Using callQueue: class java.util.concurrent.LinkedBlockingQueue, queueCapacity: 2000, scheduler: class org.apache.hadoop.ipc.DefaultRpcScheduler, ipcBackoff: false.
2019-08-20 15:01:23,821 [Socket Reader #1 for port 37744] INFO  ipc.Server (Server.java:run(1074)) - Starting Socket Reader #1 for port 37744
2019-08-20 15:01:23,843 [Thread-0] INFO  hdfs.DFSUtil (DFSUtil.java:httpServerTemplateForNNAndJN(1641)) - Starting Web-server for scm at: http://0.0.0.0:0
2019-08-20 15:01:24,015 [Thread-0] INFO  server.AuthenticationFilter (AuthenticationFilter.java:constructSecretProvider(240)) - Unable to initialize FileSignerSecretProvider, falling back to use random secrets.
2019-08-20 15:01:24,026 [Thread-0] WARN  http.HttpRequestLog (HttpRequestLog.java:getRequestLog(97)) - Jetty request log can only be enabled using Log4j
2019-08-20 15:01:24,034 [Thread-0] INFO  http.HttpServer2 (HttpServer2.java:addGlobalFilter(975)) - Added global filter 'safety' (class=org.apache.hadoop.http.HttpServer2$QuotingInputFilter)
2019-08-20 15:01:24,037 [Thread-0] INFO  http.HttpServer2 (HttpServer2.java:addFilter(948)) - Added filter static_user_filter (class=org.apache.hadoop.http.lib.StaticUserWebFilter$StaticUserFilter) to context scm
2019-08-20 15:01:24,037 [Thread-0] INFO  http.HttpServer2 (HttpServer2.java:addFilter(958)) - Added filter static_user_filter (class=org.apache.hadoop.http.lib.StaticUserWebFilter$StaticUserFilter) to context logs
2019-08-20 15:01:24,038 [Thread-0] INFO  http.HttpServer2 (HttpServer2.java:addFilter(958)) - Added filter static_user_filter (class=org.apache.hadoop.http.lib.StaticUserWebFilter$StaticUserFilter) to context static
2019-08-20 15:01:24,069 [Thread-0] INFO  server.StorageContainerManager (StorageContainerManager.java:start(759)) - StorageContainerLocationProtocol RPC server is listening at /0.0.0.0:37744
2019-08-20 15:01:24,143 [Thread-0] WARN  impl.MetricsConfig (MetricsConfig.java:loadFirst(134)) - Cannot locate configuration: tried hadoop-metrics2-storagecontainermanager.properties,hadoop-metrics2.properties
2019-08-20 15:01:24,157 [Thread-0] INFO  impl.MetricsSystemImpl (MetricsSystemImpl.java:startTimer(374)) - Scheduled Metric snapshot period at 10 second(s).
2019-08-20 15:01:24,157 [Thread-0] INFO  impl.MetricsSystemImpl (MetricsSystemImpl.java:start(191)) - StorageContainerManager metrics system started
2019-08-20 15:01:24,405 [Thread-0] INFO  server.SCMClientProtocolServer (SCMClientProtocolServer.java:start(151)) - RPC server for Client  is listening at /0.0.0.0:37744
2019-08-20 15:01:24,405 [IPC Server listener on 37744] INFO  ipc.Server (Server.java:run(1153)) - IPC Server listener on 37744: starting
2019-08-20 15:01:24,405 [IPC Server Responder] INFO  ipc.Server (Server.java:run(1314)) - IPC Server Responder: starting
2019-08-20 15:01:24,408 [Thread-0] INFO  server.StorageContainerManager (StorageContainerManager.java:start(769)) - ScmBlockLocationProtocol RPC server is listening at /0.0.0.0:43103
2019-08-20 15:01:24,408 [Thread-0] INFO  server.SCMBlockProtocolServer (SCMBlockProtocolServer.java:start(140)) - RPC server for Block Protocol is listening at /0.0.0.0:43103
2019-08-20 15:01:24,408 [IPC Server Responder] INFO  ipc.Server (Server.java:run(1314)) - IPC Server Responder: starting
2019-08-20 15:01:24,408 [IPC Server listener on 43103] INFO  ipc.Server (Server.java:run(1153)) - IPC Server listener on 43103: starting
2019-08-20 15:01:24,410 [Thread-0] INFO  server.StorageContainerManager (StorageContainerManager.java:start(773)) - ScmDatanodeProtocl RPC server is listening at /0.0.0.0:39938
2019-08-20 15:01:24,410 [Thread-0] INFO  server.SCMDatanodeProtocolServer (SCMDatanodeProtocolServer.java:start(191)) - RPC server for DataNodes is listening at /0.0.0.0:39938
2019-08-20 15:01:24,411 [IPC Server Responder] INFO  ipc.Server (Server.java:run(1314)) - IPC Server Responder: starting
2019-08-20 15:01:24,411 [IPC Server listener on 39938] INFO  ipc.Server (Server.java:run(1153)) - IPC Server listener on 39938: starting
2019-08-20 15:01:24,416 [Thread-0] INFO  http.HttpServer2 (HttpServer2.java:bindListener(1191)) - Jetty bound to port 46083
2019-08-20 15:01:24,418 [Thread-0] INFO  server.Server (Server.java:doStart(351)) - jetty-9.3.24.v20180605, build timestamp: 2018-06-05T17:11:56Z, git hash: 84205aa28f11a4f31f2a3b86d1bba2cc8ab69827
2019-08-20 15:01:24,462 [Thread-0] INFO  handler.ContextHandler (ContextHandler.java:doStart(781)) - Started o.e.j.s.ServletContextHandler@25fc3b1d{/logs,file:///workdir/hadoop-ozone/integration-test/target/log,AVAILABLE}
2019-08-20 15:01:24,462 [Thread-0] INFO  handler.ContextHandler (ContextHandler.java:doStart(781)) - Started o.e.j.s.ServletContextHandler@56cc5da2{/static,file:///workdir/hadoop-ozone/integration-test/target/test-classes/webapps/static,AVAILABLE}
2019-08-20 15:01:24,498 [Thread-0] INFO  handler.ContextHandler (ContextHandler.java:doStart(781)) - Started o.e.j.w.WebAppContext@1e2965c8{/,file:///workdir/hadoop-ozone/integration-test/target/test-classes/webapps/scm/,AVAILABLE}{/scm}
2019-08-20 15:01:24,504 [Thread-0] INFO  server.AbstractConnector (AbstractConnector.java:doStart(278)) - Started ServerConnector@2101da7f{HTTP/1.1,[http/1.1]}{0.0.0.0:46083}
2019-08-20 15:01:24,504 [Thread-0] INFO  server.Server (Server.java:doStart(419)) - Started @3353ms
2019-08-20 15:01:24,505 [Thread-0] INFO  server.BaseHttpServer (BaseHttpServer.java:updateConnectorAddress(213)) - HTTP server of SCM is listening at http://0.0.0.0:46083
2019-08-20 15:01:24,510 [org.apache.hadoop.util.JvmPauseMonitor$Monitor@6692e973] INFO  util.JvmPauseMonitor (JvmPauseMonitor.java:run(188)) - Starting JVM pause monitor
2019-08-20 15:01:24,513 [Thread-0] WARN  server.ServerUtils (ServerUtils.java:getDBPath(222)) - ozone.om.db.dirs is not configured. We recommend adding this setting. Falling back to ozone.metadata.dirs instead.
2019-08-20 15:01:24,624 [Thread-0] WARN  server.ServerUtils (ServerUtils.java:getDBPath(222)) - ozone.om.db.dirs is not configured. We recommend adding this setting. Falling back to ozone.metadata.dirs instead.
2019-08-20 15:01:24,625 [Thread-0] WARN  server.ServerUtils (ServerUtils.java:getDBPath(222)) - ozone.om.db.dirs is not configured. We recommend adding this setting. Falling back to ozone.metadata.dirs instead.
2019-08-20 15:01:24,626 [Thread-0] INFO  om.OzoneManager (OzoneManager.java:setOMNodeDetails(648)) - OM Service ID is not set. Setting it to the default ID: omServiceIdDefault
2019-08-20 15:01:24,626 [Thread-0] INFO  om.OzoneManager (OzoneManager.java:setOMNodeDetails(654)) - OM Node ID is not set. Setting it to the OmStorage's OmID: 5c511b20-f195-4afc-a616-5ea471384b61
2019-08-20 15:01:24,627 [Thread-0] INFO  om.OzoneManager (OzoneManager.java:loadOMHAConfigs(605)) - Found matching OM address with OMServiceId: null, OMNodeId: null, RPC Address: localhost:0 and Ratis port: 9872
2019-08-20 15:01:24,856 | INFO  | SCMAudit | user=jenkins1000 | ip=192.168.36.99 | op=GET_SCM_INFO null | ret=SUCCESS |  
2019-08-20 15:01:25,279 [Thread-0] WARN  server.ServerUtils (ServerUtils.java:getDBPath(222)) - ozone.om.db.dirs is not configured. We recommend adding this setting. Falling back to ozone.metadata.dirs instead.
2019-08-20 15:01:25,287 [Thread-0] INFO  db.DBStoreBuilder (DBStoreBuilder.java:addTable(110)) - using custom profile for table: userTable
2019-08-20 15:01:25,287 [Thread-0] INFO  db.DBStoreBuilder (DBStoreBuilder.java:processTables(161)) - Using default column profile:DBProfile.DISK for Table:userTable
2019-08-20 15:01:25,287 [Thread-0] INFO  db.DBStoreBuilder (DBStoreBuilder.java:addTable(110)) - using custom profile for table: volumeTable
2019-08-20 15:01:25,287 [Thread-0] INFO  db.DBStoreBuilder (DBStoreBuilder.java:processTables(161)) - Using default column profile:DBProfile.DISK for Table:volumeTable
2019-08-20 15:01:25,287 [Thread-0] INFO  db.DBStoreBuilder (DBStoreBuilder.java:addTable(110)) - using custom profile for table: bucketTable
2019-08-20 15:01:25,288 [Thread-0] INFO  db.DBStoreBuilder (DBStoreBuilder.java:processTables(161)) - Using default column profile:DBProfile.DISK for Table:bucketTable
2019-08-20 15:01:25,288 [Thread-0] INFO  db.DBStoreBuilder (DBStoreBuilder.java:addTable(110)) - using custom profile for table: keyTable
2019-08-20 15:01:25,288 [Thread-0] INFO  db.DBStoreBuilder (DBStoreBuilder.java:processTables(161)) - Using default column profile:DBProfile.DISK for Table:keyTable
2019-08-20 15:01:25,288 [Thread-0] INFO  db.DBStoreBuilder (DBStoreBuilder.java:addTable(110)) - using custom profile for table: deletedTable
2019-08-20 15:01:25,288 [Thread-0] INFO  db.DBStoreBuilder (DBStoreBuilder.java:processTables(161)) - Using default column profile:DBProfile.DISK for Table:deletedTable
2019-08-20 15:01:25,289 [Thread-0] INFO  db.DBStoreBuilder (DBStoreBuilder.java:addTable(110)) - using custom profile for table: openKeyTable
2019-08-20 15:01:25,289 [Thread-0] INFO  db.DBStoreBuilder (DBStoreBuilder.java:processTables(161)) - Using default column profile:DBProfile.DISK for Table:openKeyTable
2019-08-20 15:01:25,289 [Thread-0] INFO  db.DBStoreBuilder (DBStoreBuilder.java:addTable(110)) - using custom profile for table: s3Table
2019-08-20 15:01:25,289 [Thread-0] INFO  db.DBStoreBuilder (DBStoreBuilder.java:processTables(161)) - Using default column profile:DBProfile.DISK for Table:s3Table
2019-08-20 15:01:25,289 [Thread-0] INFO  db.DBStoreBuilder (DBStoreBuilder.java:addTable(110)) - using custom profile for table: multipartInfoTable
2019-08-20 15:01:25,290 [Thread-0] INFO  db.DBStoreBuilder (DBStoreBuilder.java:processTables(161)) - Using default column profile:DBProfile.DISK for Table:multipartInfoTable
2019-08-20 15:01:25,290 [Thread-0] INFO  db.DBStoreBuilder (DBStoreBuilder.java:addTable(110)) - using custom profile for table: dTokenTable
2019-08-20 15:01:25,290 [Thread-0] INFO  db.DBStoreBuilder (DBStoreBuilder.java:processTables(161)) - Using default column profile:DBProfile.DISK for Table:dTokenTable
2019-08-20 15:01:25,290 [Thread-0] INFO  db.DBStoreBuilder (DBStoreBuilder.java:addTable(110)) - using custom profile for table: s3SecretTable
2019-08-20 15:01:25,290 [Thread-0] INFO  db.DBStoreBuilder (DBStoreBuilder.java:processTables(161)) - Using default column profile:DBProfile.DISK for Table:s3SecretTable
2019-08-20 15:01:25,291 [Thread-0] INFO  db.DBStoreBuilder (DBStoreBuilder.java:addTable(110)) - using custom profile for table: prefixTable
2019-08-20 15:01:25,291 [Thread-0] INFO  db.DBStoreBuilder (DBStoreBuilder.java:processTables(161)) - Using default column profile:DBProfile.DISK for Table:prefixTable
2019-08-20 15:01:25,291 [Thread-0] INFO  db.DBStoreBuilder (DBStoreBuilder.java:addTable(110)) - using custom profile for table: default
2019-08-20 15:01:25,291 [Thread-0] INFO  db.DBStoreBuilder (DBStoreBuilder.java:processTables(167)) - Using default column profile:DBProfile.DISK for Table:default
2019-08-20 15:01:25,291 [Thread-0] INFO  db.DBStoreBuilder (DBStoreBuilder.java:getDbProfile(198)) - Using default options. DBProfile.DISK
2019-08-20 15:01:26,263 [Thread-0] INFO  ipc.CallQueueManager (CallQueueManager.java:<init>(84)) - Using callQueue: class java.util.concurrent.LinkedBlockingQueue, queueCapacity: 2000, scheduler: class org.apache.hadoop.ipc.DefaultRpcScheduler, ipcBackoff: false.
2019-08-20 15:01:26,263 [Socket Reader #1 for port 36232] INFO  ipc.Server (Server.java:run(1074)) - Starting Socket Reader #1 for port 36232
2019-08-20 15:01:26,301 [Thread-0] INFO  om.OzoneManager (OzoneManager.java:start(1259)) - OzoneManager RPC server is listening at localhost/127.0.0.1:36232
2019-08-20 15:01:26,302 [Thread-0] INFO  impl.MetricsSystemImpl (MetricsSystemImpl.java:init(158)) - OzoneManager metrics system started (again)
2019-08-20 15:01:26,305 [IPC Server Responder] INFO  ipc.Server (Server.java:run(1314)) - IPC Server Responder: starting
2019-08-20 15:01:26,305 [IPC Server listener on 36232] INFO  ipc.Server (Server.java:run(1153)) - IPC Server listener on 36232: starting
2019-08-20 15:01:26,312 [Thread-0] INFO  hdfs.DFSUtil (DFSUtil.java:httpServerTemplateForNNAndJN(1641)) - Starting Web-server for ozoneManager at: http://0.0.0.0:0
2019-08-20 15:01:26,314 [Thread-0] INFO  server.AuthenticationFilter (AuthenticationFilter.java:constructSecretProvider(240)) - Unable to initialize FileSignerSecretProvider, falling back to use random secrets.
2019-08-20 15:01:26,315 [Thread-0] WARN  http.HttpRequestLog (HttpRequestLog.java:getRequestLog(97)) - Jetty request log can only be enabled using Log4j
2019-08-20 15:01:26,317 [Thread-0] INFO  http.HttpServer2 (HttpServer2.java:addGlobalFilter(975)) - Added global filter 'safety' (class=org.apache.hadoop.http.HttpServer2$QuotingInputFilter)
2019-08-20 15:01:26,318 [Thread-0] INFO  http.HttpServer2 (HttpServer2.java:addFilter(948)) - Added filter static_user_filter (class=org.apache.hadoop.http.lib.StaticUserWebFilter$StaticUserFilter) to context ozoneManager
2019-08-20 15:01:26,318 [Thread-0] INFO  http.HttpServer2 (HttpServer2.java:addFilter(958)) - Added filter static_user_filter (class=org.apache.hadoop.http.lib.StaticUserWebFilter$StaticUserFilter) to context static
2019-08-20 15:01:26,318 [Thread-0] INFO  http.HttpServer2 (HttpServer2.java:addFilter(958)) - Added filter static_user_filter (class=org.apache.hadoop.http.lib.StaticUserWebFilter$StaticUserFilter) to context logs
2019-08-20 15:01:26,322 [Thread-0] INFO  http.HttpServer2 (HttpServer2.java:bindListener(1191)) - Jetty bound to port 34170
2019-08-20 15:01:26,322 [Thread-0] INFO  server.Server (Server.java:doStart(351)) - jetty-9.3.24.v20180605, build timestamp: 2018-06-05T17:11:56Z, git hash: 84205aa28f11a4f31f2a3b86d1bba2cc8ab69827
2019-08-20 15:01:26,324 [Thread-0] INFO  handler.ContextHandler (ContextHandler.java:doStart(781)) - Started o.e.j.s.ServletContextHandler@5e0666db{/logs,file:///workdir/hadoop-ozone/integration-test/target/log,AVAILABLE}
2019-08-20 15:01:26,325 [Thread-0] INFO  handler.ContextHandler (ContextHandler.java:doStart(781)) - Started o.e.j.s.ServletContextHandler@606df9b8{/static,file:///workdir/hadoop-ozone/integration-test/target/test-classes/webapps/static,AVAILABLE}
2019-08-20 15:01:26,481 [Thread-0] INFO  handler.ContextHandler (ContextHandler.java:doStart(781)) - Started o.e.j.w.WebAppContext@76c4b96e{/,file:///workdir/hadoop-ozone/integration-test/target/test-classes/webapps/ozoneManager/,AVAILABLE}{/ozoneManager}
2019-08-20 15:01:26,483 [Thread-0] INFO  server.AbstractConnector (AbstractConnector.java:doStart(278)) - Started ServerConnector@36db9dcd{HTTP/1.1,[http/1.1]}{0.0.0.0:34170}
2019-08-20 15:01:26,484 [Thread-0] INFO  server.Server (Server.java:doStart(419)) - Started @5332ms
2019-08-20 15:01:26,485 [Thread-0] INFO  server.BaseHttpServer (BaseHttpServer.java:updateConnectorAddress(213)) - HTTP server of OZONEMANAGER is listening at http://0.0.0.0:34170
2019-08-20 15:01:26,686 [Thread-0] INFO  impl.MetricsSystemImpl (MetricsSystemImpl.java:init(158)) - HddsDatanode metrics system started (again)
2019-08-20 15:01:26,798 [Thread-0] INFO  ozone.HddsDatanodeService (HddsDatanodeService.java:start(184)) - HddsDatanodeService host:pr-hdds-1950-vsl5z-1698008226 ip:192.168.36.99
2019-08-20 15:01:26,830 [Thread-0] INFO  volume.HddsVolume (HddsVolume.java:<init>(176)) - Creating Volume: /workdir/hadoop-ozone/integration-test/target/test-dir/MiniOzoneClusterImpl-6c4688aa-211a-4a21-81fa-acbd3405623e/datanode-0/data/containers/hdds of  storage type : DISK and capacity : 1482555576320
2019-08-20 15:01:26,860 [Thread-0] INFO  volume.VolumeSet (VolumeSet.java:initializeVolumeSet(170)) - Added Volume : /workdir/hadoop-ozone/integration-test/target/test-dir/MiniOzoneClusterImpl-6c4688aa-211a-4a21-81fa-acbd3405623e/datanode-0/data/containers/hdds to VolumeSet
2019-08-20 15:01:26,865 [Thread-0] INFO  volume.ThrottledAsyncChecker (ThrottledAsyncChecker.java:schedule(140)) - Scheduling a check for org.apache.hadoop.ozone.container.common.volume.HddsVolume@174dce12
2019-08-20 15:01:26,889 [Thread-0] INFO  volume.HddsVolumeChecker (HddsVolumeChecker.java:checkAllVolumes(203)) - Scheduled health check for volume org.apache.hadoop.ozone.container.common.volume.HddsVolume@174dce12
2019-08-20 15:01:26,998 [Thread-0] INFO  impl.RaftServerProxy (ConfUtils.java:logGet(43)) - raft.rpc.type = GRPC (default)
2019-08-20 15:01:27,066 [Thread-0] INFO  grpc.GrpcFactory (GrpcFactory.java:checkPooledByteBufAllocatorUseCacheForAllThreads(45)) - PERFORMANCE WARNING: useCacheForAllThreads is true that may cause Netty to create a lot garbage objects and, as a result, trigger GC.
	It is recommended to disable useCacheForAllThreads by setting -Dorg.apache.ratis.thirdparty.io.netty.allocator.useCacheForAllThreads=false in command line.
2019-08-20 15:01:27,070 [Thread-0] INFO  grpc.GrpcConfigKeys$Server (ConfUtils.java:logGet(43)) - raft.grpc.server.port = 0 (default)
2019-08-20 15:01:27,071 [Thread-0] INFO  server.GrpcService (ConfUtils.java:logGet(43)) - raft.grpc.message.size.max = 33570816 (custom)
2019-08-20 15:01:27,073 [Thread-0] INFO  server.RaftServerConfigKeys (ConfUtils.java:logGet(43)) - raft.server.log.appender.buffer.byte-limit = 33554432 (custom)
2019-08-20 15:01:27,073 [Thread-0] INFO  server.GrpcService (ConfUtils.java:logGet(43)) - raft.grpc.flow.control.window = 1MB (=1048576) (default)
2019-08-20 15:01:27,074 [Thread-0] INFO  server.RaftServerConfigKeys (ConfUtils.java:logGet(43)) - raft.server.rpc.request.timeout = 3000ms (default)
2019-08-20 15:01:27,256 [Thread-0] INFO  server.RaftServerConfigKeys (ConfUtils.java:logGet(43)) - raft.server.storage.dir = [/workdir/hadoop-ozone/integration-test/target/test-dir/MiniOzoneClusterImpl-6c4688aa-211a-4a21-81fa-acbd3405623e/datanode-0/data/ratis] (custom)
2019-08-20 15:01:27,297 [Thread-0] INFO  replication.SimpleContainerDownloader (SimpleContainerDownloader.java:<init>(72)) - Starting container downloader service to copy containers to replicate.
2019-08-20 15:01:27,309 [Thread-0] INFO  hdfs.DFSUtil (DFSUtil.java:httpServerTemplateForNNAndJN(1641)) - Starting Web-server for hddsDatanode at: http://0.0.0.0:0
2019-08-20 15:01:27,311 [Thread-0] INFO  server.AuthenticationFilter (AuthenticationFilter.java:constructSecretProvider(240)) - Unable to initialize FileSignerSecretProvider, falling back to use random secrets.
2019-08-20 15:01:27,311 [Thread-0] WARN  http.HttpRequestLog (HttpRequestLog.java:getRequestLog(97)) - Jetty request log can only be enabled using Log4j
2019-08-20 15:01:27,313 [Thread-0] INFO  http.HttpServer2 (HttpServer2.java:addGlobalFilter(975)) - Added global filter 'safety' (class=org.apache.hadoop.http.HttpServer2$QuotingInputFilter)
2019-08-20 15:01:27,313 [Thread-0] INFO  http.HttpServer2 (HttpServer2.java:addFilter(948)) - Added filter static_user_filter (class=org.apache.hadoop.http.lib.StaticUserWebFilter$StaticUserFilter) to context hddsDatanode
2019-08-20 15:01:27,314 [Thread-0] INFO  http.HttpServer2 (HttpServer2.java:addFilter(958)) - Added filter static_user_filter (class=org.apache.hadoop.http.lib.StaticUserWebFilter$StaticUserFilter) to context logs
2019-08-20 15:01:27,314 [Thread-0] INFO  http.HttpServer2 (HttpServer2.java:addFilter(958)) - Added filter static_user_filter (class=org.apache.hadoop.http.lib.StaticUserWebFilter$StaticUserFilter) to context static
2019-08-20 15:01:27,315 [Thread-0] INFO  http.HttpServer2 (HttpServer2.java:bindListener(1191)) - Jetty bound to port 37526
2019-08-20 15:01:27,315 [Thread-0] INFO  server.Server (Server.java:doStart(351)) - jetty-9.3.24.v20180605, build timestamp: 2018-06-05T17:11:56Z, git hash: 84205aa28f11a4f31f2a3b86d1bba2cc8ab69827
2019-08-20 15:01:27,316 [Thread-0] INFO  handler.ContextHandler (ContextHandler.java:doStart(781)) - Started o.e.j.s.ServletContextHandler@7870bd58{/logs,file:///workdir/hadoop-ozone/integration-test/target/log,AVAILABLE}
2019-08-20 15:01:27,317 [Thread-0] INFO  handler.ContextHandler (ContextHandler.java:doStart(781)) - Started o.e.j.s.ServletContextHandler@6fcce4d7{/static,jar:file:/home/user/.m2/repository/org/apache/hadoop/hadoop-hdds-container-service/0.5.0-SNAPSHOT/hadoop-hdds-container-service-0.5.0-SNAPSHOT.jar!/webapps/static,AVAILABLE}
2019-08-20 15:01:27,346 [Thread-0] INFO  handler.ContextHandler (ContextHandler.java:doStart(781)) - Started o.e.j.w.WebAppContext@2644bd9d{/,file:///tmp/jetty-0.0.0.0-37526-hddsDatanode-_-any-3464401003302788974.dir/webapp/,AVAILABLE}{/hddsDatanode}
2019-08-20 15:01:27,347 [Thread-0] INFO  server.AbstractConnector (AbstractConnector.java:doStart(278)) - Started ServerConnector@3fe7fdf{HTTP/1.1,[http/1.1]}{0.0.0.0:37526}
2019-08-20 15:01:27,347 [Thread-0] INFO  server.Server (Server.java:doStart(419)) - Started @6195ms
2019-08-20 15:01:27,349 [Thread-0] INFO  server.BaseHttpServer (BaseHttpServer.java:updateConnectorAddress(213)) - HTTP server of HDDSDATANODE is listening at http://0.0.0.0:37526
2019-08-20 15:01:28,499 | INFO  | ObjectStoreRestHttpServer | Listening HDDS REST traffic on /0.0.0.0:35985 |  
2019-08-20 15:01:28,500 [Thread-0] INFO  ozone.HddsDatanodeService (HddsDatanodeService.java:startPlugins(395)) - Started plug-in org.apache.hadoop.ozone.web.OzoneHddsDatanodeService@d77a30e
2019-08-20 15:01:28,501 [Thread-0] INFO  impl.MetricsSystemImpl (MetricsSystemImpl.java:init(158)) - HddsDatanode metrics system started (again)
2019-08-20 15:01:28,504 [Thread-0] INFO  ozone.HddsDatanodeService (HddsDatanodeService.java:start(184)) - HddsDatanodeService host:pr-hdds-1950-vsl5z-1698008226 ip:192.168.36.99
2019-08-20 15:01:28,506 [org.apache.hadoop.util.JvmPauseMonitor$Monitor@7185cbd7] INFO  util.JvmPauseMonitor (JvmPauseMonitor.java:run(188)) - Starting JVM pause monitor
2019-08-20 15:01:28,511 [Thread-0] INFO  volume.HddsVolume (HddsVolume.java:<init>(176)) - Creating Volume: /workdir/hadoop-ozone/integration-test/target/test-dir/MiniOzoneClusterImpl-6c4688aa-211a-4a21-81fa-acbd3405623e/datanode-1/data/containers/hdds of  storage type : DISK and capacity : 1482555576320
2019-08-20 15:01:28,512 [Thread-0] INFO  volume.VolumeSet (VolumeSet.java:initializeVolumeSet(170)) - Added Volume : /workdir/hadoop-ozone/integration-test/target/test-dir/MiniOzoneClusterImpl-6c4688aa-211a-4a21-81fa-acbd3405623e/datanode-1/data/containers/hdds to VolumeSet
2019-08-20 15:01:28,513 [Thread-0] INFO  volume.ThrottledAsyncChecker (ThrottledAsyncChecker.java:schedule(140)) - Scheduling a check for org.apache.hadoop.ozone.container.common.volume.HddsVolume@a09bf6c
2019-08-20 15:01:28,514 [Thread-0] INFO  volume.HddsVolumeChecker (HddsVolumeChecker.java:checkAllVolumes(203)) - Scheduled health check for volume org.apache.hadoop.ozone.container.common.volume.HddsVolume@a09bf6c
2019-08-20 15:01:28,529 [Thread-0] INFO  impl.RaftServerProxy (ConfUtils.java:logGet(43)) - raft.rpc.type = GRPC (default)
2019-08-20 15:01:28,529 [Thread-0] INFO  grpc.GrpcFactory (GrpcFactory.java:checkPooledByteBufAllocatorUseCacheForAllThreads(45)) - PERFORMANCE WARNING: useCacheForAllThreads is true that may cause Netty to create a lot garbage objects and, as a result, trigger GC.
	It is recommended to disable useCacheForAllThreads by setting -Dorg.apache.ratis.thirdparty.io.netty.allocator.useCacheForAllThreads=false in command line.
2019-08-20 15:01:28,529 [Thread-0] INFO  grpc.GrpcConfigKeys$Server (ConfUtils.java:logGet(43)) - raft.grpc.server.port = 0 (default)
2019-08-20 15:01:28,529 [Thread-0] INFO  server.GrpcService (ConfUtils.java:logGet(43)) - raft.grpc.message.size.max = 33570816 (custom)
2019-08-20 15:01:28,530 [Thread-0] INFO  server.RaftServerConfigKeys (ConfUtils.java:logGet(43)) - raft.server.log.appender.buffer.byte-limit = 33554432 (custom)
2019-08-20 15:01:28,530 [Thread-0] INFO  server.GrpcService (ConfUtils.java:logGet(43)) - raft.grpc.flow.control.window = 1MB (=1048576) (default)
2019-08-20 15:01:28,530 [Thread-0] INFO  server.RaftServerConfigKeys (ConfUtils.java:logGet(43)) - raft.server.rpc.request.timeout = 3000ms (default)
2019-08-20 15:01:28,531 [Thread-0] INFO  server.RaftServerConfigKeys (ConfUtils.java:logGet(43)) - raft.server.storage.dir = [/workdir/hadoop-ozone/integration-test/target/test-dir/MiniOzoneClusterImpl-6c4688aa-211a-4a21-81fa-acbd3405623e/datanode-1/data/ratis] (custom)
2019-08-20 15:01:28,531 [Thread-0] INFO  replication.SimpleContainerDownloader (SimpleContainerDownloader.java:<init>(72)) - Starting container downloader service to copy containers to replicate.
2019-08-20 15:01:28,532 [Thread-0] INFO  hdfs.DFSUtil (DFSUtil.java:httpServerTemplateForNNAndJN(1641)) - Starting Web-server for hddsDatanode at: http://0.0.0.0:0
2019-08-20 15:01:28,534 [Thread-0] INFO  server.AuthenticationFilter (AuthenticationFilter.java:constructSecretProvider(240)) - Unable to initialize FileSignerSecretProvider, falling back to use random secrets.
2019-08-20 15:01:28,535 [Thread-0] WARN  http.HttpRequestLog (HttpRequestLog.java:getRequestLog(97)) - Jetty request log can only be enabled using Log4j
2019-08-20 15:01:28,537 [Thread-0] INFO  http.HttpServer2 (HttpServer2.java:addGlobalFilter(975)) - Added global filter 'safety' (class=org.apache.hadoop.http.HttpServer2$QuotingInputFilter)
2019-08-20 15:01:28,539 [Thread-0] INFO  http.HttpServer2 (HttpServer2.java:addFilter(948)) - Added filter static_user_filter (class=org.apache.hadoop.http.lib.StaticUserWebFilter$StaticUserFilter) to context hddsDatanode
2019-08-20 15:01:28,539 [Thread-0] INFO  http.HttpServer2 (HttpServer2.java:addFilter(958)) - Added filter static_user_filter (class=org.apache.hadoop.http.lib.StaticUserWebFilter$StaticUserFilter) to context logs
2019-08-20 15:01:28,539 [Thread-0] INFO  http.HttpServer2 (HttpServer2.java:addFilter(958)) - Added filter static_user_filter (class=org.apache.hadoop.http.lib.StaticUserWebFilter$StaticUserFilter) to context static
2019-08-20 15:01:28,540 [Thread-0] INFO  http.HttpServer2 (HttpServer2.java:bindListener(1191)) - Jetty bound to port 44477
2019-08-20 15:01:28,540 [Thread-0] INFO  server.Server (Server.java:doStart(351)) - jetty-9.3.24.v20180605, build timestamp: 2018-06-05T17:11:56Z, git hash: 84205aa28f11a4f31f2a3b86d1bba2cc8ab69827
2019-08-20 15:01:28,543 [Thread-0] INFO  handler.ContextHandler (ContextHandler.java:doStart(781)) - Started o.e.j.s.ServletContextHandler@3203f441{/logs,file:///workdir/hadoop-ozone/integration-test/target/log,AVAILABLE}
2019-08-20 15:01:28,543 [Thread-0] INFO  handler.ContextHandler (ContextHandler.java:doStart(781)) - Started o.e.j.s.ServletContextHandler@4531f579{/static,jar:file:/home/user/.m2/repository/org/apache/hadoop/hadoop-hdds-container-service/0.5.0-SNAPSHOT/hadoop-hdds-container-service-0.5.0-SNAPSHOT.jar!/webapps/static,AVAILABLE}
2019-08-20 15:01:28,570 [Thread-0] INFO  handler.ContextHandler (ContextHandler.java:doStart(781)) - Started o.e.j.w.WebAppContext@3d5e2baa{/,file:///tmp/jetty-0.0.0.0-44477-hddsDatanode-_-any-6302355677969763052.dir/webapp/,AVAILABLE}{/hddsDatanode}
2019-08-20 15:01:28,570 [Thread-0] INFO  server.AbstractConnector (AbstractConnector.java:doStart(278)) - Started ServerConnector@13eddc1e{HTTP/1.1,[http/1.1]}{0.0.0.0:44477}
2019-08-20 15:01:28,571 [Thread-0] INFO  server.Server (Server.java:doStart(419)) - Started @7419ms
2019-08-20 15:01:28,572 [Thread-0] INFO  server.BaseHttpServer (BaseHttpServer.java:updateConnectorAddress(213)) - HTTP server of HDDSDATANODE is listening at http://0.0.0.0:44477
2019-08-20 15:01:28,619 [Datanode State Machine Thread - 0] INFO  datanode.InitDatanodeState (InitDatanodeState.java:persistContainerDatanodeDetails(140)) - DatanodeDetails is persisted to /workdir/hadoop-ozone/integration-test/target/test-dir/MiniOzoneClusterImpl-6c4688aa-211a-4a21-81fa-acbd3405623e/datanode-0/meta/datanode.id
2019-08-20 15:01:28,721 | INFO  | ObjectStoreRestHttpServer | Listening HDDS REST traffic on /0.0.0.0:34830 |  
2019-08-20 15:01:28,721 [Thread-0] INFO  ozone.HddsDatanodeService (HddsDatanodeService.java:startPlugins(395)) - Started plug-in org.apache.hadoop.ozone.web.OzoneHddsDatanodeService@2585b796
2019-08-20 15:01:28,722 [Thread-0] INFO  impl.MetricsSystemImpl (MetricsSystemImpl.java:init(158)) - HddsDatanode metrics system started (again)
2019-08-20 15:01:28,724 [org.apache.hadoop.util.JvmPauseMonitor$Monitor@75031bc1] INFO  util.JvmPauseMonitor (JvmPauseMonitor.java:run(188)) - Starting JVM pause monitor
2019-08-20 15:01:28,725 [Thread-0] INFO  ozone.HddsDatanodeService (HddsDatanodeService.java:start(184)) - HddsDatanodeService host:pr-hdds-1950-vsl5z-1698008226 ip:192.168.36.99
2019-08-20 15:01:28,729 [Datanode State Machine Thread - 0] INFO  datanode.InitDatanodeState (InitDatanodeState.java:persistContainerDatanodeDetails(140)) - DatanodeDetails is persisted to /workdir/hadoop-ozone/integration-test/target/test-dir/MiniOzoneClusterImpl-6c4688aa-211a-4a21-81fa-acbd3405623e/datanode-1/meta/datanode.id
2019-08-20 15:01:28,736 [Thread-0] INFO  volume.HddsVolume (HddsVolume.java:<init>(176)) - Creating Volume: /workdir/hadoop-ozone/integration-test/target/test-dir/MiniOzoneClusterImpl-6c4688aa-211a-4a21-81fa-acbd3405623e/datanode-2/data/containers/hdds of  storage type : DISK and capacity : 1482555576320
2019-08-20 15:01:28,736 [Thread-0] INFO  volume.VolumeSet (VolumeSet.java:initializeVolumeSet(170)) - Added Volume : /workdir/hadoop-ozone/integration-test/target/test-dir/MiniOzoneClusterImpl-6c4688aa-211a-4a21-81fa-acbd3405623e/datanode-2/data/containers/hdds to VolumeSet
2019-08-20 15:01:28,736 [Thread-0] INFO  volume.ThrottledAsyncChecker (ThrottledAsyncChecker.java:schedule(140)) - Scheduling a check for org.apache.hadoop.ozone.container.common.volume.HddsVolume@3cd28d70
2019-08-20 15:01:28,737 [Thread-0] INFO  volume.HddsVolumeChecker (HddsVolumeChecker.java:checkAllVolumes(203)) - Scheduled health check for volume org.apache.hadoop.ozone.container.common.volume.HddsVolume@3cd28d70
2019-08-20 15:01:28,755 [Thread-0] INFO  impl.RaftServerProxy (ConfUtils.java:logGet(43)) - raft.rpc.type = GRPC (default)
2019-08-20 15:01:28,755 [Thread-0] INFO  grpc.GrpcFactory (GrpcFactory.java:checkPooledByteBufAllocatorUseCacheForAllThreads(45)) - PERFORMANCE WARNING: useCacheForAllThreads is true that may cause Netty to create a lot garbage objects and, as a result, trigger GC.
	It is recommended to disable useCacheForAllThreads by setting -Dorg.apache.ratis.thirdparty.io.netty.allocator.useCacheForAllThreads=false in command line.
2019-08-20 15:01:28,755 [Thread-0] INFO  grpc.GrpcConfigKeys$Server (ConfUtils.java:logGet(43)) - raft.grpc.server.port = 0 (default)
2019-08-20 15:01:28,755 [Thread-0] INFO  server.GrpcService (ConfUtils.java:logGet(43)) - raft.grpc.message.size.max = 33570816 (custom)
2019-08-20 15:01:28,756 [Thread-0] INFO  server.RaftServerConfigKeys (ConfUtils.java:logGet(43)) - raft.server.log.appender.buffer.byte-limit = 33554432 (custom)
2019-08-20 15:01:28,756 [Thread-0] INFO  server.GrpcService (ConfUtils.java:logGet(43)) - raft.grpc.flow.control.window = 1MB (=1048576) (default)
2019-08-20 15:01:28,756 [Thread-0] INFO  server.RaftServerConfigKeys (ConfUtils.java:logGet(43)) - raft.server.rpc.request.timeout = 3000ms (default)
2019-08-20 15:01:28,756 [Thread-0] INFO  server.RaftServerConfigKeys (ConfUtils.java:logGet(43)) - raft.server.storage.dir = [/workdir/hadoop-ozone/integration-test/target/test-dir/MiniOzoneClusterImpl-6c4688aa-211a-4a21-81fa-acbd3405623e/datanode-2/data/ratis] (custom)
2019-08-20 15:01:28,757 [Thread-0] INFO  replication.SimpleContainerDownloader (SimpleContainerDownloader.java:<init>(72)) - Starting container downloader service to copy containers to replicate.
2019-08-20 15:01:28,758 [Thread-0] INFO  hdfs.DFSUtil (DFSUtil.java:httpServerTemplateForNNAndJN(1641)) - Starting Web-server for hddsDatanode at: http://0.0.0.0:0
2019-08-20 15:01:28,760 [Thread-0] INFO  server.AuthenticationFilter (AuthenticationFilter.java:constructSecretProvider(240)) - Unable to initialize FileSignerSecretProvider, falling back to use random secrets.
2019-08-20 15:01:28,760 [Thread-0] WARN  http.HttpRequestLog (HttpRequestLog.java:getRequestLog(97)) - Jetty request log can only be enabled using Log4j
2019-08-20 15:01:28,762 [Thread-0] INFO  http.HttpServer2 (HttpServer2.java:addGlobalFilter(975)) - Added global filter 'safety' (class=org.apache.hadoop.http.HttpServer2$QuotingInputFilter)
2019-08-20 15:01:28,762 [Thread-0] INFO  http.HttpServer2 (HttpServer2.java:addFilter(948)) - Added filter static_user_filter (class=org.apache.hadoop.http.lib.StaticUserWebFilter$StaticUserFilter) to context hddsDatanode
2019-08-20 15:01:28,763 [Thread-0] INFO  http.HttpServer2 (HttpServer2.java:addFilter(958)) - Added filter static_user_filter (class=org.apache.hadoop.http.lib.StaticUserWebFilter$StaticUserFilter) to context logs
2019-08-20 15:01:28,763 [Thread-0] INFO  http.HttpServer2 (HttpServer2.java:addFilter(958)) - Added filter static_user_filter (class=org.apache.hadoop.http.lib.StaticUserWebFilter$StaticUserFilter) to context static
2019-08-20 15:01:28,763 [Thread-0] INFO  http.HttpServer2 (HttpServer2.java:bindListener(1191)) - Jetty bound to port 36881
2019-08-20 15:01:28,764 [Thread-0] INFO  server.Server (Server.java:doStart(351)) - jetty-9.3.24.v20180605, build timestamp: 2018-06-05T17:11:56Z, git hash: 84205aa28f11a4f31f2a3b86d1bba2cc8ab69827
2019-08-20 15:01:28,765 [Thread-0] INFO  handler.ContextHandler (ContextHandler.java:doStart(781)) - Started o.e.j.s.ServletContextHandler@33564832{/logs,file:///workdir/hadoop-ozone/integration-test/target/log,AVAILABLE}
2019-08-20 15:01:28,766 [Thread-0] INFO  handler.ContextHandler (ContextHandler.java:doStart(781)) - Started o.e.j.s.ServletContextHandler@7f77139c{/static,jar:file:/home/user/.m2/repository/org/apache/hadoop/hadoop-hdds-container-service/0.5.0-SNAPSHOT/hadoop-hdds-container-service-0.5.0-SNAPSHOT.jar!/webapps/static,AVAILABLE}
2019-08-20 15:01:28,794 [Thread-0] INFO  handler.ContextHandler (ContextHandler.java:doStart(781)) - Started o.e.j.w.WebAppContext@56f4d11e{/,file:///tmp/jetty-0.0.0.0-36881-hddsDatanode-_-any-1008875745336612387.dir/webapp/,AVAILABLE}{/hddsDatanode}
2019-08-20 15:01:28,795 [Thread-0] INFO  server.AbstractConnector (AbstractConnector.java:doStart(278)) - Started ServerConnector@3c064db9{HTTP/1.1,[http/1.1]}{0.0.0.0:36881}
2019-08-20 15:01:28,796 [Thread-0] INFO  server.Server (Server.java:doStart(419)) - Started @7644ms
2019-08-20 15:01:28,797 [Thread-0] INFO  server.BaseHttpServer (BaseHttpServer.java:updateConnectorAddress(213)) - HTTP server of HDDSDATANODE is listening at http://0.0.0.0:36881
2019-08-20 15:01:28,946 | INFO  | ObjectStoreRestHttpServer | Listening HDDS REST traffic on /0.0.0.0:43269 |  
2019-08-20 15:01:28,946 [Thread-0] INFO  ozone.HddsDatanodeService (HddsDatanodeService.java:startPlugins(395)) - Started plug-in org.apache.hadoop.ozone.web.OzoneHddsDatanodeService@2f378cbf
2019-08-20 15:01:28,947 [Thread-0] INFO  impl.MetricsSystemImpl (MetricsSystemImpl.java:init(158)) - HddsDatanode metrics system started (again)
2019-08-20 15:01:28,950 [org.apache.hadoop.util.JvmPauseMonitor$Monitor@41c59461] INFO  util.JvmPauseMonitor (JvmPauseMonitor.java:run(188)) - Starting JVM pause monitor
2019-08-20 15:01:28,950 [Thread-0] INFO  ozone.HddsDatanodeService (HddsDatanodeService.java:start(184)) - HddsDatanodeService host:pr-hdds-1950-vsl5z-1698008226 ip:192.168.36.99
2019-08-20 15:01:28,956 [Thread-0] INFO  volume.HddsVolume (HddsVolume.java:<init>(176)) - Creating Volume: /workdir/hadoop-ozone/integration-test/target/test-dir/MiniOzoneClusterImpl-6c4688aa-211a-4a21-81fa-acbd3405623e/datanode-3/data/containers/hdds of  storage type : DISK and capacity : 1482555576320
2019-08-20 15:01:28,957 [Datanode State Machine Thread - 0] INFO  datanode.InitDatanodeState (InitDatanodeState.java:persistContainerDatanodeDetails(140)) - DatanodeDetails is persisted to /workdir/hadoop-ozone/integration-test/target/test-dir/MiniOzoneClusterImpl-6c4688aa-211a-4a21-81fa-acbd3405623e/datanode-2/meta/datanode.id
2019-08-20 15:01:28,957 [Thread-0] INFO  volume.VolumeSet (VolumeSet.java:initializeVolumeSet(170)) - Added Volume : /workdir/hadoop-ozone/integration-test/target/test-dir/MiniOzoneClusterImpl-6c4688aa-211a-4a21-81fa-acbd3405623e/datanode-3/data/containers/hdds to VolumeSet
2019-08-20 15:01:28,957 [Thread-0] INFO  volume.ThrottledAsyncChecker (ThrottledAsyncChecker.java:schedule(140)) - Scheduling a check for org.apache.hadoop.ozone.container.common.volume.HddsVolume@3367824
2019-08-20 15:01:28,958 [Thread-0] INFO  volume.HddsVolumeChecker (HddsVolumeChecker.java:checkAllVolumes(203)) - Scheduled health check for volume org.apache.hadoop.ozone.container.common.volume.HddsVolume@3367824
2019-08-20 15:01:28,978 [Thread-0] INFO  impl.RaftServerProxy (ConfUtils.java:logGet(43)) - raft.rpc.type = GRPC (default)
2019-08-20 15:01:28,978 [Thread-0] INFO  grpc.GrpcFactory (GrpcFactory.java:checkPooledByteBufAllocatorUseCacheForAllThreads(45)) - PERFORMANCE WARNING: useCacheForAllThreads is true that may cause Netty to create a lot garbage objects and, as a result, trigger GC.
	It is recommended to disable useCacheForAllThreads by setting -Dorg.apache.ratis.thirdparty.io.netty.allocator.useCacheForAllThreads=false in command line.
2019-08-20 15:01:28,979 [Thread-0] INFO  grpc.GrpcConfigKeys$Server (ConfUtils.java:logGet(43)) - raft.grpc.server.port = 0 (default)
2019-08-20 15:01:28,979 [Thread-0] INFO  server.GrpcService (ConfUtils.java:logGet(43)) - raft.grpc.message.size.max = 33570816 (custom)
2019-08-20 15:01:28,979 [Thread-0] INFO  server.RaftServerConfigKeys (ConfUtils.java:logGet(43)) - raft.server.log.appender.buffer.byte-limit = 33554432 (custom)
2019-08-20 15:01:28,979 [Thread-0] INFO  server.GrpcService (ConfUtils.java:logGet(43)) - raft.grpc.flow.control.window = 1MB (=1048576) (default)
2019-08-20 15:01:28,979 [Thread-0] INFO  server.RaftServerConfigKeys (ConfUtils.java:logGet(43)) - raft.server.rpc.request.timeout = 3000ms (default)
2019-08-20 15:01:28,980 [Thread-0] INFO  server.RaftServerConfigKeys (ConfUtils.java:logGet(43)) - raft.server.storage.dir = [/workdir/hadoop-ozone/integration-test/target/test-dir/MiniOzoneClusterImpl-6c4688aa-211a-4a21-81fa-acbd3405623e/datanode-3/data/ratis] (custom)
2019-08-20 15:01:28,980 [Thread-0] INFO  replication.SimpleContainerDownloader (SimpleContainerDownloader.java:<init>(72)) - Starting container downloader service to copy containers to replicate.
2019-08-20 15:01:28,982 [Thread-0] INFO  hdfs.DFSUtil (DFSUtil.java:httpServerTemplateForNNAndJN(1641)) - Starting Web-server for hddsDatanode at: http://0.0.0.0:0
2019-08-20 15:01:28,984 [Thread-0] INFO  server.AuthenticationFilter (AuthenticationFilter.java:constructSecretProvider(240)) - Unable to initialize FileSignerSecretProvider, falling back to use random secrets.
2019-08-20 15:01:28,985 [Thread-0] WARN  http.HttpRequestLog (HttpRequestLog.java:getRequestLog(97)) - Jetty request log can only be enabled using Log4j
2019-08-20 15:01:28,987 [Thread-0] INFO  http.HttpServer2 (HttpServer2.java:addGlobalFilter(975)) - Added global filter 'safety' (class=org.apache.hadoop.http.HttpServer2$QuotingInputFilter)
2019-08-20 15:01:28,988 [Thread-0] INFO  http.HttpServer2 (HttpServer2.java:addFilter(948)) - Added filter static_user_filter (class=org.apache.hadoop.http.lib.StaticUserWebFilter$StaticUserFilter) to context hddsDatanode
2019-08-20 15:01:28,988 [Thread-0] INFO  http.HttpServer2 (HttpServer2.java:addFilter(958)) - Added filter static_user_filter (class=org.apache.hadoop.http.lib.StaticUserWebFilter$StaticUserFilter) to context static
2019-08-20 15:01:28,989 [Thread-0] INFO  http.HttpServer2 (HttpServer2.java:addFilter(958)) - Added filter static_user_filter (class=org.apache.hadoop.http.lib.StaticUserWebFilter$StaticUserFilter) to context logs
2019-08-20 15:01:28,990 [Thread-0] INFO  http.HttpServer2 (HttpServer2.java:bindListener(1191)) - Jetty bound to port 41474
2019-08-20 15:01:28,990 [Thread-0] INFO  server.Server (Server.java:doStart(351)) - jetty-9.3.24.v20180605, build timestamp: 2018-06-05T17:11:56Z, git hash: 84205aa28f11a4f31f2a3b86d1bba2cc8ab69827
2019-08-20 15:01:28,994 [Thread-0] INFO  handler.ContextHandler (ContextHandler.java:doStart(781)) - Started o.e.j.s.ServletContextHandler@2695e183{/logs,file:///workdir/hadoop-ozone/integration-test/target/log,AVAILABLE}
2019-08-20 15:01:28,994 [Thread-0] INFO  handler.ContextHandler (ContextHandler.java:doStart(781)) - Started o.e.j.s.ServletContextHandler@24acedd8{/static,jar:file:/home/user/.m2/repository/org/apache/hadoop/hadoop-hdds-container-service/0.5.0-SNAPSHOT/hadoop-hdds-container-service-0.5.0-SNAPSHOT.jar!/webapps/static,AVAILABLE}
2019-08-20 15:01:29,030 [Thread-0] INFO  handler.ContextHandler (ContextHandler.java:doStart(781)) - Started o.e.j.w.WebAppContext@3383db0a{/,file:///tmp/jetty-0.0.0.0-41474-hddsDatanode-_-any-2645583506530981868.dir/webapp/,AVAILABLE}{/hddsDatanode}
2019-08-20 15:01:29,031 [Thread-0] INFO  server.AbstractConnector (AbstractConnector.java:doStart(278)) - Started ServerConnector@53133610{HTTP/1.1,[http/1.1]}{0.0.0.0:41474}
2019-08-20 15:01:29,031 [Thread-0] INFO  server.Server (Server.java:doStart(419)) - Started @7879ms
2019-08-20 15:01:29,032 [Thread-0] INFO  server.BaseHttpServer (BaseHttpServer.java:updateConnectorAddress(213)) - HTTP server of HDDSDATANODE is listening at http://0.0.0.0:41474
2019-08-20 15:01:29,165 | INFO  | ObjectStoreRestHttpServer | Listening HDDS REST traffic on /0.0.0.0:42634 |  
2019-08-20 15:01:29,165 [Thread-0] INFO  ozone.HddsDatanodeService (HddsDatanodeService.java:startPlugins(395)) - Started plug-in org.apache.hadoop.ozone.web.OzoneHddsDatanodeService@431d5a6c
2019-08-20 15:01:29,166 [Thread-0] INFO  impl.MetricsSystemImpl (MetricsSystemImpl.java:init(158)) - HddsDatanode metrics system started (again)
2019-08-20 15:01:29,169 [Thread-0] INFO  ozone.HddsDatanodeService (HddsDatanodeService.java:start(184)) - HddsDatanodeService host:pr-hdds-1950-vsl5z-1698008226 ip:192.168.36.99
2019-08-20 15:01:29,169 [org.apache.hadoop.util.JvmPauseMonitor$Monitor@7687cf74] INFO  util.JvmPauseMonitor (JvmPauseMonitor.java:run(188)) - Starting JVM pause monitor
2019-08-20 15:01:29,172 [Datanode State Machine Thread - 0] INFO  datanode.InitDatanodeState (InitDatanodeState.java:persistContainerDatanodeDetails(140)) - DatanodeDetails is persisted to /workdir/hadoop-ozone/integration-test/target/test-dir/MiniOzoneClusterImpl-6c4688aa-211a-4a21-81fa-acbd3405623e/datanode-3/meta/datanode.id
2019-08-20 15:01:29,177 [Thread-0] INFO  volume.HddsVolume (HddsVolume.java:<init>(176)) - Creating Volume: /workdir/hadoop-ozone/integration-test/target/test-dir/MiniOzoneClusterImpl-6c4688aa-211a-4a21-81fa-acbd3405623e/datanode-4/data/containers/hdds of  storage type : DISK and capacity : 1482555576320
2019-08-20 15:01:29,178 [Thread-0] INFO  volume.VolumeSet (VolumeSet.java:initializeVolumeSet(170)) - Added Volume : /workdir/hadoop-ozone/integration-test/target/test-dir/MiniOzoneClusterImpl-6c4688aa-211a-4a21-81fa-acbd3405623e/datanode-4/data/containers/hdds to VolumeSet
2019-08-20 15:01:29,178 [Thread-0] INFO  volume.ThrottledAsyncChecker (ThrottledAsyncChecker.java:schedule(140)) - Scheduling a check for org.apache.hadoop.ozone.container.common.volume.HddsVolume@2fa600db
2019-08-20 15:01:29,178 [Thread-0] INFO  volume.HddsVolumeChecker (HddsVolumeChecker.java:checkAllVolumes(203)) - Scheduled health check for volume org.apache.hadoop.ozone.container.common.volume.HddsVolume@2fa600db
2019-08-20 15:01:29,191 [Thread-0] INFO  impl.RaftServerProxy (ConfUtils.java:logGet(43)) - raft.rpc.type = GRPC (default)
2019-08-20 15:01:29,192 [Thread-0] INFO  grpc.GrpcFactory (GrpcFactory.java:checkPooledByteBufAllocatorUseCacheForAllThreads(45)) - PERFORMANCE WARNING: useCacheForAllThreads is true that may cause Netty to create a lot garbage objects and, as a result, trigger GC.
	It is recommended to disable useCacheForAllThreads by setting -Dorg.apache.ratis.thirdparty.io.netty.allocator.useCacheForAllThreads=false in command line.
2019-08-20 15:01:29,192 [Thread-0] INFO  grpc.GrpcConfigKeys$Server (ConfUtils.java:logGet(43)) - raft.grpc.server.port = 0 (default)
2019-08-20 15:01:29,192 [Thread-0] INFO  server.GrpcService (ConfUtils.java:logGet(43)) - raft.grpc.message.size.max = 33570816 (custom)
2019-08-20 15:01:29,192 [Thread-0] INFO  server.RaftServerConfigKeys (ConfUtils.java:logGet(43)) - raft.server.log.appender.buffer.byte-limit = 33554432 (custom)
2019-08-20 15:01:29,192 [Thread-0] INFO  server.GrpcService (ConfUtils.java:logGet(43)) - raft.grpc.flow.control.window = 1MB (=1048576) (default)
2019-08-20 15:01:29,192 [Thread-0] INFO  server.RaftServerConfigKeys (ConfUtils.java:logGet(43)) - raft.server.rpc.request.timeout = 3000ms (default)
2019-08-20 15:01:29,193 [Thread-0] INFO  server.RaftServerConfigKeys (ConfUtils.java:logGet(43)) - raft.server.storage.dir = [/workdir/hadoop-ozone/integration-test/target/test-dir/MiniOzoneClusterImpl-6c4688aa-211a-4a21-81fa-acbd3405623e/datanode-4/data/ratis] (custom)
2019-08-20 15:01:29,193 [Thread-0] INFO  replication.SimpleContainerDownloader (SimpleContainerDownloader.java:<init>(72)) - Starting container downloader service to copy containers to replicate.
2019-08-20 15:01:29,194 [Thread-0] INFO  hdfs.DFSUtil (DFSUtil.java:httpServerTemplateForNNAndJN(1641)) - Starting Web-server for hddsDatanode at: http://0.0.0.0:0
2019-08-20 15:01:29,196 [Thread-0] INFO  server.AuthenticationFilter (AuthenticationFilter.java:constructSecretProvider(240)) - Unable to initialize FileSignerSecretProvider, falling back to use random secrets.
2019-08-20 15:01:29,196 [Thread-0] WARN  http.HttpRequestLog (HttpRequestLog.java:getRequestLog(97)) - Jetty request log can only be enabled using Log4j
2019-08-20 15:01:29,197 [Thread-0] INFO  http.HttpServer2 (HttpServer2.java:addGlobalFilter(975)) - Added global filter 'safety' (class=org.apache.hadoop.http.HttpServer2$QuotingInputFilter)
2019-08-20 15:01:29,198 [Thread-0] INFO  http.HttpServer2 (HttpServer2.java:addFilter(948)) - Added filter static_user_filter (class=org.apache.hadoop.http.lib.StaticUserWebFilter$StaticUserFilter) to context hddsDatanode
2019-08-20 15:01:29,198 [Thread-0] INFO  http.HttpServer2 (HttpServer2.java:addFilter(958)) - Added filter static_user_filter (class=org.apache.hadoop.http.lib.StaticUserWebFilter$StaticUserFilter) to context static
2019-08-20 15:01:29,198 [Thread-0] INFO  http.HttpServer2 (HttpServer2.java:addFilter(958)) - Added filter static_user_filter (class=org.apache.hadoop.http.lib.StaticUserWebFilter$StaticUserFilter) to context logs
2019-08-20 15:01:29,199 [Thread-0] INFO  http.HttpServer2 (HttpServer2.java:bindListener(1191)) - Jetty bound to port 35672
2019-08-20 15:01:29,199 [Thread-0] INFO  server.Server (Server.java:doStart(351)) - jetty-9.3.24.v20180605, build timestamp: 2018-06-05T17:11:56Z, git hash: 84205aa28f11a4f31f2a3b86d1bba2cc8ab69827
2019-08-20 15:01:29,201 [Thread-0] INFO  handler.ContextHandler (ContextHandler.java:doStart(781)) - Started o.e.j.s.ServletContextHandler@24f809f3{/logs,file:///workdir/hadoop-ozone/integration-test/target/log,AVAILABLE}
2019-08-20 15:01:29,201 [Thread-0] INFO  handler.ContextHandler (ContextHandler.java:doStart(781)) - Started o.e.j.s.ServletContextHandler@1e2c3195{/static,jar:file:/home/user/.m2/repository/org/apache/hadoop/hadoop-hdds-container-service/0.5.0-SNAPSHOT/hadoop-hdds-container-service-0.5.0-SNAPSHOT.jar!/webapps/static,AVAILABLE}
2019-08-20 15:01:29,227 [Thread-0] INFO  handler.ContextHandler (ContextHandler.java:doStart(781)) - Started o.e.j.w.WebAppContext@46cb3c76{/,file:///tmp/jetty-0.0.0.0-35672-hddsDatanode-_-any-2186086554864752491.dir/webapp/,AVAILABLE}{/hddsDatanode}
2019-08-20 15:01:29,228 [Thread-0] INFO  server.AbstractConnector (AbstractConnector.java:doStart(278)) - Started ServerConnector@185d7a1b{HTTP/1.1,[http/1.1]}{0.0.0.0:35672}
2019-08-20 15:01:29,228 [Thread-0] INFO  server.Server (Server.java:doStart(419)) - Started @8076ms
2019-08-20 15:01:29,229 [Thread-0] INFO  server.BaseHttpServer (BaseHttpServer.java:updateConnectorAddress(213)) - HTTP server of HDDSDATANODE is listening at http://0.0.0.0:35672
2019-08-20 15:01:29,371 | INFO  | ObjectStoreRestHttpServer | Listening HDDS REST traffic on /0.0.0.0:36882 |  
2019-08-20 15:01:29,371 [Thread-0] INFO  ozone.HddsDatanodeService (HddsDatanodeService.java:startPlugins(395)) - Started plug-in org.apache.hadoop.ozone.web.OzoneHddsDatanodeService@42709c84
2019-08-20 15:01:29,371 [Thread-0] INFO  impl.MetricsSystemImpl (MetricsSystemImpl.java:init(158)) - HddsDatanode metrics system started (again)
2019-08-20 15:01:29,375 [org.apache.hadoop.util.JvmPauseMonitor$Monitor@5fa1d685] INFO  util.JvmPauseMonitor (JvmPauseMonitor.java:run(188)) - Starting JVM pause monitor
2019-08-20 15:01:29,376 [Thread-0] INFO  ozone.HddsDatanodeService (HddsDatanodeService.java:start(184)) - HddsDatanodeService host:pr-hdds-1950-vsl5z-1698008226 ip:192.168.36.99
2019-08-20 15:01:29,378 [Datanode State Machine Thread - 0] INFO  datanode.InitDatanodeState (InitDatanodeState.java:persistContainerDatanodeDetails(140)) - DatanodeDetails is persisted to /workdir/hadoop-ozone/integration-test/target/test-dir/MiniOzoneClusterImpl-6c4688aa-211a-4a21-81fa-acbd3405623e/datanode-4/meta/datanode.id
2019-08-20 15:01:29,383 [Thread-0] INFO  volume.HddsVolume (HddsVolume.java:<init>(176)) - Creating Volume: /workdir/hadoop-ozone/integration-test/target/test-dir/MiniOzoneClusterImpl-6c4688aa-211a-4a21-81fa-acbd3405623e/datanode-5/data/containers/hdds of  storage type : DISK and capacity : 1482555576320
2019-08-20 15:01:29,383 [Thread-0] INFO  volume.VolumeSet (VolumeSet.java:initializeVolumeSet(170)) - Added Volume : /workdir/hadoop-ozone/integration-test/target/test-dir/MiniOzoneClusterImpl-6c4688aa-211a-4a21-81fa-acbd3405623e/datanode-5/data/containers/hdds to VolumeSet
2019-08-20 15:01:29,384 [Thread-0] INFO  volume.ThrottledAsyncChecker (ThrottledAsyncChecker.java:schedule(140)) - Scheduling a check for org.apache.hadoop.ozone.container.common.volume.HddsVolume@6ae3c933
2019-08-20 15:01:29,384 [Thread-0] INFO  volume.HddsVolumeChecker (HddsVolumeChecker.java:checkAllVolumes(203)) - Scheduled health check for volume org.apache.hadoop.ozone.container.common.volume.HddsVolume@6ae3c933
2019-08-20 15:01:29,399 [Thread-0] INFO  impl.RaftServerProxy (ConfUtils.java:logGet(43)) - raft.rpc.type = GRPC (default)
2019-08-20 15:01:29,400 [Thread-0] INFO  grpc.GrpcFactory (GrpcFactory.java:checkPooledByteBufAllocatorUseCacheForAllThreads(45)) - PERFORMANCE WARNING: useCacheForAllThreads is true that may cause Netty to create a lot garbage objects and, as a result, trigger GC.
	It is recommended to disable useCacheForAllThreads by setting -Dorg.apache.ratis.thirdparty.io.netty.allocator.useCacheForAllThreads=false in command line.
2019-08-20 15:01:29,400 [Thread-0] INFO  grpc.GrpcConfigKeys$Server (ConfUtils.java:logGet(43)) - raft.grpc.server.port = 0 (default)
2019-08-20 15:01:29,400 [Thread-0] INFO  server.GrpcService (ConfUtils.java:logGet(43)) - raft.grpc.message.size.max = 33570816 (custom)
2019-08-20 15:01:29,400 [Thread-0] INFO  server.RaftServerConfigKeys (ConfUtils.java:logGet(43)) - raft.server.log.appender.buffer.byte-limit = 33554432 (custom)
2019-08-20 15:01:29,400 [Thread-0] INFO  server.GrpcService (ConfUtils.java:logGet(43)) - raft.grpc.flow.control.window = 1MB (=1048576) (default)
2019-08-20 15:01:29,401 [Thread-0] INFO  server.RaftServerConfigKeys (ConfUtils.java:logGet(43)) - raft.server.rpc.request.timeout = 3000ms (default)
2019-08-20 15:01:29,401 [Thread-0] INFO  server.RaftServerConfigKeys (ConfUtils.java:logGet(43)) - raft.server.storage.dir = [/workdir/hadoop-ozone/integration-test/target/test-dir/MiniOzoneClusterImpl-6c4688aa-211a-4a21-81fa-acbd3405623e/datanode-5/data/ratis] (custom)
2019-08-20 15:01:29,402 [Thread-0] INFO  replication.SimpleContainerDownloader (SimpleContainerDownloader.java:<init>(72)) - Starting container downloader service to copy containers to replicate.
2019-08-20 15:01:29,403 [Thread-0] INFO  hdfs.DFSUtil (DFSUtil.java:httpServerTemplateForNNAndJN(1641)) - Starting Web-server for hddsDatanode at: http://0.0.0.0:0
2019-08-20 15:01:29,405 [Thread-0] INFO  server.AuthenticationFilter (AuthenticationFilter.java:constructSecretProvider(240)) - Unable to initialize FileSignerSecretProvider, falling back to use random secrets.
2019-08-20 15:01:29,405 [Thread-0] WARN  http.HttpRequestLog (HttpRequestLog.java:getRequestLog(97)) - Jetty request log can only be enabled using Log4j
2019-08-20 15:01:29,407 [Thread-0] INFO  http.HttpServer2 (HttpServer2.java:addGlobalFilter(975)) - Added global filter 'safety' (class=org.apache.hadoop.http.HttpServer2$QuotingInputFilter)
2019-08-20 15:01:29,408 [Thread-0] INFO  http.HttpServer2 (HttpServer2.java:addFilter(948)) - Added filter static_user_filter (class=org.apache.hadoop.http.lib.StaticUserWebFilter$StaticUserFilter) to context hddsDatanode
2019-08-20 15:01:29,408 [Thread-0] INFO  http.HttpServer2 (HttpServer2.java:addFilter(958)) - Added filter static_user_filter (class=org.apache.hadoop.http.lib.StaticUserWebFilter$StaticUserFilter) to context static
2019-08-20 15:01:29,408 [Thread-0] INFO  http.HttpServer2 (HttpServer2.java:addFilter(958)) - Added filter static_user_filter (class=org.apache.hadoop.http.lib.StaticUserWebFilter$StaticUserFilter) to context logs
2019-08-20 15:01:29,409 [Thread-0] INFO  http.HttpServer2 (HttpServer2.java:bindListener(1191)) - Jetty bound to port 36086
2019-08-20 15:01:29,410 [Thread-0] INFO  server.Server (Server.java:doStart(351)) - jetty-9.3.24.v20180605, build timestamp: 2018-06-05T17:11:56Z, git hash: 84205aa28f11a4f31f2a3b86d1bba2cc8ab69827
2019-08-20 15:01:29,467 [Thread-0] INFO  handler.ContextHandler (ContextHandler.java:doStart(781)) - Started o.e.j.s.ServletContextHandler@118b9cf{/logs,file:///workdir/hadoop-ozone/integration-test/target/log,AVAILABLE}
2019-08-20 15:01:29,468 [Thread-0] INFO  handler.ContextHandler (ContextHandler.java:doStart(781)) - Started o.e.j.s.ServletContextHandler@58743f10{/static,jar:file:/home/user/.m2/repository/org/apache/hadoop/hadoop-hdds-container-service/0.5.0-SNAPSHOT/hadoop-hdds-container-service-0.5.0-SNAPSHOT.jar!/webapps/static,AVAILABLE}
2019-08-20 15:01:29,510 [Thread-0] INFO  handler.ContextHandler (ContextHandler.java:doStart(781)) - Started o.e.j.w.WebAppContext@29fc1544{/,file:///tmp/jetty-0.0.0.0-36086-hddsDatanode-_-any-8725371224335781672.dir/webapp/,AVAILABLE}{/hddsDatanode}
2019-08-20 15:01:29,511 [Thread-0] INFO  server.AbstractConnector (AbstractConnector.java:doStart(278)) - Started ServerConnector@695153cb{HTTP/1.1,[http/1.1]}{0.0.0.0:36086}
2019-08-20 15:01:29,511 [Thread-0] INFO  server.Server (Server.java:doStart(419)) - Started @8360ms
2019-08-20 15:01:29,512 [Thread-0] INFO  server.BaseHttpServer (BaseHttpServer.java:updateConnectorAddress(213)) - HTTP server of HDDSDATANODE is listening at http://0.0.0.0:36086
2019-08-20 15:01:29,662 | INFO  | ObjectStoreRestHttpServer | Listening HDDS REST traffic on /0.0.0.0:36209 |  
2019-08-20 15:01:29,662 [Thread-0] INFO  ozone.HddsDatanodeService (HddsDatanodeService.java:startPlugins(395)) - Started plug-in org.apache.hadoop.ozone.web.OzoneHddsDatanodeService@2b000d66
2019-08-20 15:01:29,664 [Thread-0] INFO  ozone.MiniOzoneClusterImpl (MiniOzoneClusterImpl.java:lambda$waitForClusterToBeReady$0(142)) - Waiting for cluster to be ready. Got 0 of 6 DN Heartbeats.
2019-08-20 15:01:29,665 [org.apache.hadoop.util.JvmPauseMonitor$Monitor@2cc4fcf4] INFO  util.JvmPauseMonitor (JvmPauseMonitor.java:run(188)) - Starting JVM pause monitor
2019-08-20 15:01:29,667 [Datanode State Machine Thread - 0] INFO  datanode.InitDatanodeState (InitDatanodeState.java:persistContainerDatanodeDetails(140)) - DatanodeDetails is persisted to /workdir/hadoop-ozone/integration-test/target/test-dir/MiniOzoneClusterImpl-6c4688aa-211a-4a21-81fa-acbd3405623e/datanode-5/meta/datanode.id
2019-08-20 15:01:30,527 | INFO  | SCMAudit | user=jenkins1000 | ip=192.168.36.99 | op=GET_VERSION null | ret=SUCCESS |  
2019-08-20 15:01:30,552 [Datanode State Machine Thread - 0] INFO  ozoneimpl.OzoneContainer (OzoneContainer.java:start(186)) - Attempting to start container services.
2019-08-20 15:01:30,554 [Datanode State Machine Thread - 0] INFO  ozoneimpl.OzoneContainer (OzoneContainer.java:startContainerScrub(160)) - Background container scrubber has been disabled by hdds.containerscrub.enabled
2019-08-20 15:01:30,554 [Datanode State Machine Thread - 0] INFO  ratis.XceiverServerRatis (XceiverServerRatis.java:start(404)) - Starting XceiverServerRatis fa299a0c-a57e-46eb-8783-406416da04aa at port 0
2019-08-20 15:01:30,569 [Datanode State Machine Thread - 0] INFO  impl.RaftServerProxy (RaftServerProxy.java:lambda$start$3(299)) - fa299a0c-a57e-46eb-8783-406416da04aa: start RPC server
2019-08-20 15:01:30,664 [Thread-0] INFO  ozone.MiniOzoneClusterImpl (MiniOzoneClusterImpl.java:lambda$waitForClusterToBeReady$0(142)) - Waiting for cluster to be ready. Got 0 of 6 DN Heartbeats.
2019-08-20 15:01:30,681 [Datanode State Machine Thread - 0] INFO  server.GrpcService (GrpcService.java:startImpl(149)) - fa299a0c-a57e-46eb-8783-406416da04aa: GrpcService started, listening on 0.0.0.0/0.0.0.0:45177
2019-08-20 15:01:30,682 [Datanode State Machine Thread - 0] INFO  ratis.XceiverServerRatis (XceiverServerRatis.java:start(414)) - XceiverServerRatis fa299a0c-a57e-46eb-8783-406416da04aa is started using port 45177
2019-08-20 15:01:30,684 [Datanode State Machine Thread - 0] INFO  server.XceiverServerGrpc (XceiverServerGrpc.java:start(161)) - XceiverServerGrpc fa299a0c-a57e-46eb-8783-406416da04aa is started using port 45648
2019-08-20 15:01:30,726 | INFO  | SCMAudit | user=jenkins1000 | ip=192.168.36.99 | op=GET_VERSION null | ret=SUCCESS |  
2019-08-20 15:01:30,751 [Datanode State Machine Thread - 0] INFO  ozoneimpl.OzoneContainer (OzoneContainer.java:start(186)) - Attempting to start container services.
2019-08-20 15:01:30,753 [Datanode State Machine Thread - 0] INFO  ozoneimpl.OzoneContainer (OzoneContainer.java:startContainerScrub(160)) - Background container scrubber has been disabled by hdds.containerscrub.enabled
2019-08-20 15:01:30,753 [Datanode State Machine Thread - 0] INFO  ratis.XceiverServerRatis (XceiverServerRatis.java:start(404)) - Starting XceiverServerRatis fa81d38e-d0a7-48ac-a146-d2415b539be8 at port 0
2019-08-20 15:01:30,758 [Datanode State Machine Thread - 0] INFO  impl.RaftServerProxy (RaftServerProxy.java:lambda$start$3(299)) - fa81d38e-d0a7-48ac-a146-d2415b539be8: start RPC server
2019-08-20 15:01:30,761 [Datanode State Machine Thread - 0] INFO  server.GrpcService (GrpcService.java:startImpl(149)) - fa81d38e-d0a7-48ac-a146-d2415b539be8: GrpcService started, listening on 0.0.0.0/0.0.0.0:38233
2019-08-20 15:01:30,761 [Datanode State Machine Thread - 0] INFO  ratis.XceiverServerRatis (XceiverServerRatis.java:start(414)) - XceiverServerRatis fa81d38e-d0a7-48ac-a146-d2415b539be8 is started using port 38233
2019-08-20 15:01:30,763 [Datanode State Machine Thread - 0] INFO  server.XceiverServerGrpc (XceiverServerGrpc.java:start(161)) - XceiverServerGrpc fa81d38e-d0a7-48ac-a146-d2415b539be8 is started using port 36749
2019-08-20 15:01:30,952 | INFO  | SCMAudit | user=jenkins1000 | ip=192.168.36.99 | op=GET_VERSION null | ret=SUCCESS |  
2019-08-20 15:01:30,976 [Datanode State Machine Thread - 0] INFO  ozoneimpl.OzoneContainer (OzoneContainer.java:start(186)) - Attempting to start container services.
2019-08-20 15:01:30,978 [Datanode State Machine Thread - 0] INFO  ozoneimpl.OzoneContainer (OzoneContainer.java:startContainerScrub(160)) - Background container scrubber has been disabled by hdds.containerscrub.enabled
2019-08-20 15:01:30,978 [Datanode State Machine Thread - 0] INFO  ratis.XceiverServerRatis (XceiverServerRatis.java:start(404)) - Starting XceiverServerRatis 5c1b434c-ba47-498c-8220-e38c999f4a86 at port 0
2019-08-20 15:01:30,985 [Datanode State Machine Thread - 0] INFO  impl.RaftServerProxy (RaftServerProxy.java:lambda$start$3(299)) - 5c1b434c-ba47-498c-8220-e38c999f4a86: start RPC server
2019-08-20 15:01:30,988 [Datanode State Machine Thread - 0] INFO  server.GrpcService (GrpcService.java:startImpl(149)) - 5c1b434c-ba47-498c-8220-e38c999f4a86: GrpcService started, listening on 0.0.0.0/0.0.0.0:37317
2019-08-20 15:01:30,988 [Datanode State Machine Thread - 0] INFO  ratis.XceiverServerRatis (XceiverServerRatis.java:start(414)) - XceiverServerRatis 5c1b434c-ba47-498c-8220-e38c999f4a86 is started using port 37317
2019-08-20 15:01:30,990 [Datanode State Machine Thread - 0] INFO  server.XceiverServerGrpc (XceiverServerGrpc.java:start(161)) - XceiverServerGrpc 5c1b434c-ba47-498c-8220-e38c999f4a86 is started using port 35465
2019-08-20 15:01:31,172 | INFO  | SCMAudit | user=jenkins1000 | ip=192.168.36.99 | op=GET_VERSION null | ret=SUCCESS |  
2019-08-20 15:01:31,195 [Datanode State Machine Thread - 0] INFO  ozoneimpl.OzoneContainer (OzoneContainer.java:start(186)) - Attempting to start container services.
2019-08-20 15:01:31,200 [Datanode State Machine Thread - 0] INFO  ozoneimpl.OzoneContainer (OzoneContainer.java:startContainerScrub(160)) - Background container scrubber has been disabled by hdds.containerscrub.enabled
2019-08-20 15:01:31,200 [Datanode State Machine Thread - 0] INFO  ratis.XceiverServerRatis (XceiverServerRatis.java:start(404)) - Starting XceiverServerRatis c6990e1c-bb7c-4cd7-a65c-0e47d5f09a21 at port 0
2019-08-20 15:01:31,206 [Datanode State Machine Thread - 0] INFO  impl.RaftServerProxy (RaftServerProxy.java:lambda$start$3(299)) - c6990e1c-bb7c-4cd7-a65c-0e47d5f09a21: start RPC server
2019-08-20 15:01:31,209 [Datanode State Machine Thread - 0] INFO  server.GrpcService (GrpcService.java:startImpl(149)) - c6990e1c-bb7c-4cd7-a65c-0e47d5f09a21: GrpcService started, listening on 0.0.0.0/0.0.0.0:45374
2019-08-20 15:01:31,209 [Datanode State Machine Thread - 0] INFO  ratis.XceiverServerRatis (XceiverServerRatis.java:start(414)) - XceiverServerRatis c6990e1c-bb7c-4cd7-a65c-0e47d5f09a21 is started using port 45374
2019-08-20 15:01:31,210 [Datanode State Machine Thread - 0] INFO  server.XceiverServerGrpc (XceiverServerGrpc.java:start(161)) - XceiverServerGrpc c6990e1c-bb7c-4cd7-a65c-0e47d5f09a21 is started using port 44539
2019-08-20 15:01:31,379 | INFO  | SCMAudit | user=jenkins1000 | ip=192.168.36.99 | op=GET_VERSION null | ret=SUCCESS |  
2019-08-20 15:01:31,404 [Datanode State Machine Thread - 0] INFO  ozoneimpl.OzoneContainer (OzoneContainer.java:start(186)) - Attempting to start container services.
2019-08-20 15:01:31,404 [Datanode State Machine Thread - 0] INFO  ozoneimpl.OzoneContainer (OzoneContainer.java:startContainerScrub(160)) - Background container scrubber has been disabled by hdds.containerscrub.enabled
2019-08-20 15:01:31,404 [Datanode State Machine Thread - 0] INFO  ratis.XceiverServerRatis (XceiverServerRatis.java:start(404)) - Starting XceiverServerRatis aa186f79-d556-4a33-825f-255f36f4ca35 at port 0
2019-08-20 15:01:31,410 [Datanode State Machine Thread - 0] INFO  impl.RaftServerProxy (RaftServerProxy.java:lambda$start$3(299)) - aa186f79-d556-4a33-825f-255f36f4ca35: start RPC server
2019-08-20 15:01:31,414 [Datanode State Machine Thread - 0] INFO  server.GrpcService (GrpcService.java:startImpl(149)) - aa186f79-d556-4a33-825f-255f36f4ca35: GrpcService started, listening on 0.0.0.0/0.0.0.0:42046
2019-08-20 15:01:31,414 [Datanode State Machine Thread - 0] INFO  ratis.XceiverServerRatis (XceiverServerRatis.java:start(414)) - XceiverServerRatis aa186f79-d556-4a33-825f-255f36f4ca35 is started using port 42046
2019-08-20 15:01:31,416 [Datanode State Machine Thread - 0] INFO  server.XceiverServerGrpc (XceiverServerGrpc.java:start(161)) - XceiverServerGrpc aa186f79-d556-4a33-825f-255f36f4ca35 is started using port 44133
2019-08-20 15:01:31,665 [Thread-0] INFO  ozone.MiniOzoneClusterImpl (MiniOzoneClusterImpl.java:lambda$waitForClusterToBeReady$0(142)) - Waiting for cluster to be ready. Got 0 of 6 DN Heartbeats.
2019-08-20 15:01:31,668 | INFO  | SCMAudit | user=jenkins1000 | ip=192.168.36.99 | op=GET_VERSION null | ret=SUCCESS |  
2019-08-20 15:01:31,693 [Datanode State Machine Thread - 0] INFO  ozoneimpl.OzoneContainer (OzoneContainer.java:start(186)) - Attempting to start container services.
2019-08-20 15:01:31,693 [Datanode State Machine Thread - 0] INFO  ozoneimpl.OzoneContainer (OzoneContainer.java:startContainerScrub(160)) - Background container scrubber has been disabled by hdds.containerscrub.enabled
2019-08-20 15:01:31,694 [Datanode State Machine Thread - 0] INFO  ratis.XceiverServerRatis (XceiverServerRatis.java:start(404)) - Starting XceiverServerRatis 7b5d2d4e-3a0c-423a-91fe-23981ee7bc04 at port 0
2019-08-20 15:01:31,699 [Datanode State Machine Thread - 0] INFO  impl.RaftServerProxy (RaftServerProxy.java:lambda$start$3(299)) - 7b5d2d4e-3a0c-423a-91fe-23981ee7bc04: start RPC server
2019-08-20 15:01:31,703 [Datanode State Machine Thread - 0] INFO  server.GrpcService (GrpcService.java:startImpl(149)) - 7b5d2d4e-3a0c-423a-91fe-23981ee7bc04: GrpcService started, listening on 0.0.0.0/0.0.0.0:44676
2019-08-20 15:01:31,703 [Datanode State Machine Thread - 0] INFO  ratis.XceiverServerRatis (XceiverServerRatis.java:start(414)) - XceiverServerRatis 7b5d2d4e-3a0c-423a-91fe-23981ee7bc04 is started using port 44676
2019-08-20 15:01:31,705 [Datanode State Machine Thread - 0] INFO  server.XceiverServerGrpc (XceiverServerGrpc.java:start(161)) - XceiverServerGrpc 7b5d2d4e-3a0c-423a-91fe-23981ee7bc04 is started using port 41407
2019-08-20 15:01:32,537 [IPC Server handler 17 on 39938] INFO  net.NetworkTopology (NetworkTopologyImpl.java:add(110)) - Added a new node: /default-rack/fa299a0c-a57e-46eb-8783-406416da04aa
2019-08-20 15:01:32,540 [IPC Server handler 17 on 39938] INFO  node.SCMNodeManager (SCMNodeManager.java:register(273)) - Registered Data node : fa299a0c-a57e-46eb-8783-406416da04aa{ip: 192.168.36.99, host: pr-hdds-1950-vsl5z-1698008226, networkLocation: /default-rack, certSerialId: null}
2019-08-20 15:01:32,544 [EventQueue-NodeRegistrationContainerReportForDataNodeSafeModeRule] INFO  safemode.SCMSafeModeManager (DataNodeSafeModeRule.java:process(71)) - SCM in safe mode. 1 DataNodes registered, 1 required.
2019-08-20 15:01:32,544 [EventQueue-NodeRegistrationContainerReportForDataNodeSafeModeRule] INFO  safemode.SCMSafeModeManager (SCMSafeModeManager.java:validateSafeModeExitRules(177)) - ScmSafeModeManager, all rules are successfully validated
2019-08-20 15:01:32,544 [EventQueue-NodeRegistrationContainerReportForDataNodeSafeModeRule] INFO  safemode.SCMSafeModeManager (SCMSafeModeManager.java:exitSafeMode(193)) - SCM exiting safe mode.
2019-08-20 15:01:32,551 | INFO  | SCMAudit | user=jenkins1000 | ip=192.168.36.99 | op=REGISTER {datanodeDetails=fa299a0c-a57e-46eb-8783-406416da04aa{ip: 192.168.36.99, host: pr-hdds-1950-vsl5z-1698008226, networkLocation: /default-rack, certSerialId: null}} | ret=SUCCESS |  
2019-08-20 15:01:32,665 [Thread-0] INFO  ozone.MiniOzoneClusterImpl (MiniOzoneClusterImpl.java:lambda$waitForClusterToBeReady$0(142)) - Waiting for cluster to be ready. Got 1 of 6 DN Heartbeats.
2019-08-20 15:01:32,728 [IPC Server handler 15 on 39938] INFO  net.NetworkTopology (NetworkTopologyImpl.java:add(110)) - Added a new node: /default-rack/fa81d38e-d0a7-48ac-a146-d2415b539be8
2019-08-20 15:01:32,728 [IPC Server handler 15 on 39938] INFO  node.SCMNodeManager (SCMNodeManager.java:register(273)) - Registered Data node : fa81d38e-d0a7-48ac-a146-d2415b539be8{ip: 192.168.36.99, host: pr-hdds-1950-vsl5z-1698008226, networkLocation: /default-rack, certSerialId: null}
2019-08-20 15:01:32,728 | INFO  | SCMAudit | user=jenkins1000 | ip=192.168.36.99 | op=REGISTER {datanodeDetails=fa81d38e-d0a7-48ac-a146-d2415b539be8{ip: 192.168.36.99, host: pr-hdds-1950-vsl5z-1698008226, networkLocation: /default-rack, certSerialId: null}} | ret=SUCCESS |  
2019-08-20 15:01:33,198 [IPC Server handler 18 on 39938] INFO  net.NetworkTopology (NetworkTopologyImpl.java:add(110)) - Added a new node: /default-rack/c6990e1c-bb7c-4cd7-a65c-0e47d5f09a21
2019-08-20 15:01:33,198 [IPC Server handler 18 on 39938] INFO  node.SCMNodeManager (SCMNodeManager.java:register(273)) - Registered Data node : c6990e1c-bb7c-4cd7-a65c-0e47d5f09a21{ip: 192.168.36.99, host: pr-hdds-1950-vsl5z-1698008226, networkLocation: /default-rack, certSerialId: null}
2019-08-20 15:01:33,199 | INFO  | SCMAudit | user=jenkins1000 | ip=192.168.36.99 | op=REGISTER {datanodeDetails=c6990e1c-bb7c-4cd7-a65c-0e47d5f09a21{ip: 192.168.36.99, host: pr-hdds-1950-vsl5z-1698008226, networkLocation: /default-rack, certSerialId: null}} | ret=SUCCESS |  
2019-08-20 15:01:33,226 [IPC Server handler 13 on 39938] INFO  net.NetworkTopology (NetworkTopologyImpl.java:add(110)) - Added a new node: /default-rack/5c1b434c-ba47-498c-8220-e38c999f4a86
2019-08-20 15:01:33,226 [IPC Server handler 13 on 39938] INFO  node.SCMNodeManager (SCMNodeManager.java:register(273)) - Registered Data node : 5c1b434c-ba47-498c-8220-e38c999f4a86{ip: 192.168.36.99, host: pr-hdds-1950-vsl5z-1698008226, networkLocation: /default-rack, certSerialId: null}
2019-08-20 15:01:33,236 | INFO  | SCMAudit | user=jenkins1000 | ip=192.168.36.99 | op=REGISTER {datanodeDetails=5c1b434c-ba47-498c-8220-e38c999f4a86{ip: 192.168.36.99, host: pr-hdds-1950-vsl5z-1698008226, networkLocation: /default-rack, certSerialId: null}} | ret=SUCCESS |  
2019-08-20 15:01:33,366 [grpc-default-executor-0] INFO  impl.RaftServerProxy (RaftServerProxy.java:addNew(89)) - fa299a0c-a57e-46eb-8783-406416da04aa: addNew group-011AE44E7250:[fa299a0c-a57e-46eb-8783-406416da04aa:192.168.36.99:45177] returns group-011AE44E7250:java.util.concurrent.CompletableFuture@407db46c[Not completed]
2019-08-20 15:01:33,379 [IPC Server handler 11 on 39938] INFO  net.NetworkTopology (NetworkTopologyImpl.java:add(110)) - Added a new node: /default-rack/aa186f79-d556-4a33-825f-255f36f4ca35
2019-08-20 15:01:33,379 [IPC Server handler 11 on 39938] INFO  node.SCMNodeManager (SCMNodeManager.java:register(273)) - Registered Data node : aa186f79-d556-4a33-825f-255f36f4ca35{ip: 192.168.36.99, host: pr-hdds-1950-vsl5z-1698008226, networkLocation: /default-rack, certSerialId: null}
2019-08-20 15:01:33,379 | INFO  | SCMAudit | user=jenkins1000 | ip=192.168.36.99 | op=REGISTER {datanodeDetails=aa186f79-d556-4a33-825f-255f36f4ca35{ip: 192.168.36.99, host: pr-hdds-1950-vsl5z-1698008226, networkLocation: /default-rack, certSerialId: null}} | ret=SUCCESS |  
2019-08-20 15:01:33,384 [pool-27-thread-1] INFO  impl.RaftServerImpl (RaftServerImpl.java:<init>(93)) - fa299a0c-a57e-46eb-8783-406416da04aa: new RaftServerImpl for group-011AE44E7250:[fa299a0c-a57e-46eb-8783-406416da04aa:192.168.36.99:45177] with ContainerStateMachine:uninitialized
2019-08-20 15:01:33,386 [pool-27-thread-1] INFO  server.RaftServerConfigKeys (ConfUtils.java:logGet(43)) - raft.server.rpc.timeout.min = 5s (custom)
2019-08-20 15:01:33,388 [pool-27-thread-1] INFO  server.RaftServerConfigKeys (ConfUtils.java:logGet(43)) - raft.server.rpc.timeout.max = 5200ms (custom)
2019-08-20 15:01:33,389 [pool-27-thread-1] INFO  server.RaftServerConfigKeys (ConfUtils.java:logGet(43)) - raft.server.rpcslowness.timeout = 120s (custom)
2019-08-20 15:01:33,389 [pool-27-thread-1] INFO  server.RaftServerConfigKeys (ConfUtils.java:logGet(43)) - raft.server.sleep.deviation.threshold = 300 (default)
2019-08-20 15:01:33,390 [pool-27-thread-1] INFO  server.RaftServerConfigKeys (ConfUtils.java:logGet(43)) - raft.server.log.appender.install.snapshot.enabled = false (custom)
2019-08-20 15:01:33,399 [pool-27-thread-1] INFO  impl.RaftServerImpl (ServerState.java:<init>(105)) - fa299a0c-a57e-46eb-8783-406416da04aa:group-011AE44E7250 ConfigurationManager, init=-1: [fa299a0c-a57e-46eb-8783-406416da04aa:192.168.36.99:45177], old=null, confs=<EMPTY_MAP>
2019-08-20 15:01:33,399 [pool-27-thread-1] INFO  server.RaftServerConfigKeys (ConfUtils.java:logGet(43)) - raft.server.storage.dir = [/workdir/hadoop-ozone/integration-test/target/test-dir/MiniOzoneClusterImpl-6c4688aa-211a-4a21-81fa-acbd3405623e/datanode-0/data/ratis] (custom)
2019-08-20 15:01:33,406 [pool-27-thread-1] INFO  storage.RaftStorageDirectory (RaftStorageDirectory.java:analyzeStorage(246)) - The storage directory /workdir/hadoop-ozone/integration-test/target/test-dir/MiniOzoneClusterImpl-6c4688aa-211a-4a21-81fa-acbd3405623e/datanode-0/data/ratis/652aeb7f-8544-4a92-b7e5-011ae44e7250 does not exist. Creating ...
2019-08-20 15:01:33,666 [Thread-0] INFO  ozone.MiniOzoneClusterImpl (MiniOzoneClusterImpl.java:lambda$waitForClusterToBeReady$0(142)) - Waiting for cluster to be ready. Got 5 of 6 DN Heartbeats.
2019-08-20 15:01:33,670 [IPC Server handler 15 on 39938] INFO  net.NetworkTopology (NetworkTopologyImpl.java:add(110)) - Added a new node: /default-rack/7b5d2d4e-3a0c-423a-91fe-23981ee7bc04
2019-08-20 15:01:33,670 [IPC Server handler 15 on 39938] INFO  node.SCMNodeManager (SCMNodeManager.java:register(273)) - Registered Data node : 7b5d2d4e-3a0c-423a-91fe-23981ee7bc04{ip: 192.168.36.99, host: pr-hdds-1950-vsl5z-1698008226, networkLocation: /default-rack, certSerialId: null}
2019-08-20 15:01:33,670 | INFO  | SCMAudit | user=jenkins1000 | ip=192.168.36.99 | op=REGISTER {datanodeDetails=7b5d2d4e-3a0c-423a-91fe-23981ee7bc04{ip: 192.168.36.99, host: pr-hdds-1950-vsl5z-1698008226, networkLocation: /default-rack, certSerialId: null}} | ret=SUCCESS |  
2019-08-20 15:01:33,698 [pool-27-thread-1] INFO  storage.RaftStorageDirectory (RaftStorageDirectory.java:tryLock(328)) - Lock on /workdir/hadoop-ozone/integration-test/target/test-dir/MiniOzoneClusterImpl-6c4688aa-211a-4a21-81fa-acbd3405623e/datanode-0/data/ratis/652aeb7f-8544-4a92-b7e5-011ae44e7250/in_use.lock acquired by nodename 4043@pr-hdds-1950-vsl5z-1698008226
2019-08-20 15:01:33,729 [pool-27-thread-1] INFO  storage.RaftStorage (RaftStorage.java:format(72)) - Storage directory /workdir/hadoop-ozone/integration-test/target/test-dir/MiniOzoneClusterImpl-6c4688aa-211a-4a21-81fa-acbd3405623e/datanode-0/data/ratis/652aeb7f-8544-4a92-b7e5-011ae44e7250 has been successfully formatted.
2019-08-20 15:01:33,732 [pool-27-thread-1] INFO  ratis.ContainerStateMachine (ContainerStateMachine.java:loadSnapshot(222)) - group-011AE44E7250: The snapshot info is null. Setting the last applied indexto:(t:0, i:~)
2019-08-20 15:01:33,732 [pool-27-thread-1] INFO  server.RaftServerConfigKeys (ConfUtils.java:logGet(43)) - raft.server.leader.election.timeout = 120s (custom)
2019-08-20 15:01:33,734 [pool-27-thread-1] INFO  server.RaftServerConfigKeys (ConfUtils.java:logGet(43)) - raft.server.log.use.memory = false (default)
2019-08-20 15:01:33,739 [pool-27-thread-1] INFO  server.RaftServerConfigKeys (ConfUtils.java:logGet(43)) - raft.server.log.purge.gap = 1000000 (custom)
2019-08-20 15:01:33,739 [pool-27-thread-1] INFO  server.RaftServerConfigKeys (ConfUtils.java:logGet(43)) - raft.server.log.appender.buffer.byte-limit = 33554432 (custom)
2019-08-20 15:01:33,741 [pool-27-thread-1] INFO  server.RaftServerConfigKeys (ConfUtils.java:logGet(43)) - raft.server.log.segment.size.max = 1048576 (custom)
2019-08-20 15:01:33,745 [pool-27-thread-1] INFO  server.RaftServerConfigKeys (ConfUtils.java:logGet(43)) - raft.server.log.segment.cache.num.max = 2 (custom)
2019-08-20 15:01:33,750 [pool-27-thread-1] INFO  segmented.SegmentedRaftLogWorker (SegmentedRaftLogWorker.java:<init>(172)) - new fa299a0c-a57e-46eb-8783-406416da04aa-SegmentedRaftLogWorker:Storage Directory /workdir/hadoop-ozone/integration-test/target/test-dir/MiniOzoneClusterImpl-6c4688aa-211a-4a21-81fa-acbd3405623e/datanode-0/data/ratis/652aeb7f-8544-4a92-b7e5-011ae44e7250 for RaftStorage:Storage Directory /workdir/hadoop-ozone/integration-test/target/test-dir/MiniOzoneClusterImpl-6c4688aa-211a-4a21-81fa-acbd3405623e/datanode-0/data/ratis/652aeb7f-8544-4a92-b7e5-011ae44e7250
2019-08-20 15:01:33,761 [pool-27-thread-1] INFO  server.RaftServerConfigKeys (ConfUtils.java:logGet(43)) - raft.server.log.queue.byte-limit = 2147483647 (custom)
2019-08-20 15:01:33,762 [pool-27-thread-1] INFO  server.RaftServerConfigKeys (ConfUtils.java:logGet(43)) - raft.server.log.queue.element-limit = 1024 (custom)
2019-08-20 15:01:33,766 [pool-27-thread-1] INFO  server.RaftServerConfigKeys (ConfUtils.java:logGet(43)) - raft.server.log.segment.size.max = 1048576 (custom)
2019-08-20 15:01:33,766 [pool-27-thread-1] INFO  server.RaftServerConfigKeys (ConfUtils.java:logGet(43)) - raft.server.log.preallocated.size = 16384 (custom)
2019-08-20 15:01:33,767 [pool-27-thread-1] INFO  server.RaftServerConfigKeys (ConfUtils.java:logGet(43)) - raft.server.log.write.buffer.size = 33554432 (custom)
2019-08-20 15:01:33,767 [pool-27-thread-1] INFO  server.RaftServerConfigKeys (ConfUtils.java:logGet(43)) - raft.server.log.force.sync.num = 128 (default)
2019-08-20 15:01:33,768 [pool-27-thread-1] INFO  server.RaftServerConfigKeys (ConfUtils.java:logGet(43)) - raft.server.log.statemachine.data.sync = true (default)
2019-08-20 15:01:33,768 [pool-27-thread-1] INFO  server.RaftServerConfigKeys (ConfUtils.java:logGet(43)) - raft.server.log.statemachine.data.sync.timeout = 10s (default)
2019-08-20 15:01:33,769 [pool-27-thread-1] INFO  server.RaftServerConfigKeys (ConfUtils.java:logGet(43)) - raft.server.log.statemachine.data.sync.timeout.retry = -1 (default)
2019-08-20 15:01:33,777 [pool-27-thread-1] INFO  server.RaftServerConfigKeys (ConfUtils.java:logGet(43)) - raft.server.log.statemachine.data.caching.enabled = true (custom)
2019-08-20 15:01:33,781 [pool-27-thread-1] INFO  segmented.SegmentedRaftLogWorker (SegmentedRaftLogWorker.java:lambda$new$0(132)) - fa299a0c-a57e-46eb-8783-406416da04aa-SegmentedRaftLogWorker:Storage Directory /workdir/hadoop-ozone/integration-test/target/test-dir/MiniOzoneClusterImpl-6c4688aa-211a-4a21-81fa-acbd3405623e/datanode-0/data/ratis/652aeb7f-8544-4a92-b7e5-011ae44e7250: flushIndex: setUnconditionally 0 -> -1
2019-08-20 15:01:33,785 [pool-27-thread-1] INFO  server.RaftServerConfigKeys (ConfUtils.java:logGet(43)) - raft.server.snapshot.auto.trigger.enabled = true (custom)
2019-08-20 15:01:33,786 [pool-27-thread-1] INFO  server.RaftServerConfigKeys (ConfUtils.java:logGet(43)) - raft.server.snapshot.auto.trigger.threshold = 10000 (custom)
2019-08-20 15:01:33,787 [pool-27-thread-1] INFO  server.RaftServerConfigKeys (ConfUtils.java:logGet(43)) - raft.server.retrycache.expirytime = 600000ms (custom)
2019-08-20 15:01:33,806 [pool-27-thread-1] INFO  impl.RaftServerImpl (RaftServerImpl.java:start(180)) - fa299a0c-a57e-46eb-8783-406416da04aa: start group-011AE44E7250
2019-08-20 15:01:33,807 [pool-27-thread-1] INFO  impl.RaftServerImpl (RaftServerImpl.java:setRole(171)) - fa299a0c-a57e-46eb-8783-406416da04aa:group-011AE44E7250 changes role from null to FOLLOWER at term 0 for startAsFollower
2019-08-20 15:01:33,808 [pool-27-thread-1] INFO  impl.RoleInfo (RoleInfo.java:updateAndGet(143)) - fa299a0c-a57e-46eb-8783-406416da04aa: start FollowerState
2019-08-20 15:01:33,810 [pool-27-thread-1] INFO  util.JmxRegister (JmxRegister.java:tryRegister(44)) - Successfully registered JMX Bean with object name Ratis:service=RaftServer,group=group-011AE44E7250,id=fa299a0c-a57e-46eb-8783-406416da04aa
2019-08-20 15:01:33,867 [RatisPipelineUtilsThread] INFO  pipeline.PipelineStateManager (PipelineStateManager.java:addPipeline(56)) - Created pipeline Pipeline[ Id: 652aeb7f-8544-4a92-b7e5-011ae44e7250, Nodes: fa299a0c-a57e-46eb-8783-406416da04aa{ip: 192.168.36.99, host: pr-hdds-1950-vsl5z-1698008226, networkLocation: /default-rack, certSerialId: null}, Type:RATIS, Factor:ONE, State:OPEN]
2019-08-20 15:01:33,899 [grpc-default-executor-0] INFO  impl.RaftServerProxy (RaftServerProxy.java:addNew(89)) - 7b5d2d4e-3a0c-423a-91fe-23981ee7bc04: addNew group-AE7DAD7F015A:[7b5d2d4e-3a0c-423a-91fe-23981ee7bc04:192.168.36.99:44676] returns group-AE7DAD7F015A:java.util.concurrent.CompletableFuture@16603db3[Not completed]
2019-08-20 15:01:33,953 [pool-82-thread-1] INFO  impl.RaftServerImpl (RaftServerImpl.java:<init>(93)) - 7b5d2d4e-3a0c-423a-91fe-23981ee7bc04: new RaftServerImpl for group-AE7DAD7F015A:[7b5d2d4e-3a0c-423a-91fe-23981ee7bc04:192.168.36.99:44676] with ContainerStateMachine:uninitialized
2019-08-20 15:01:33,954 [pool-82-thread-1] INFO  server.RaftServerConfigKeys (ConfUtils.java:logGet(43)) - raft.server.rpc.timeout.min = 5s (custom)
2019-08-20 15:01:33,954 [pool-82-thread-1] INFO  server.RaftServerConfigKeys (ConfUtils.java:logGet(43)) - raft.server.rpc.timeout.max = 5200ms (custom)
2019-08-20 15:01:33,954 [pool-82-thread-1] INFO  server.RaftServerConfigKeys (ConfUtils.java:logGet(43)) - raft.server.rpcslowness.timeout = 120s (custom)
2019-08-20 15:01:33,955 [pool-82-thread-1] INFO  server.RaftServerConfigKeys (ConfUtils.java:logGet(43)) - raft.server.sleep.deviation.threshold = 300 (default)
2019-08-20 15:01:33,955 [pool-82-thread-1] INFO  server.RaftServerConfigKeys (ConfUtils.java:logGet(43)) - raft.server.log.appender.install.snapshot.enabled = false (custom)
2019-08-20 15:01:33,955 [pool-82-thread-1] INFO  impl.RaftServerImpl (ServerState.java:<init>(105)) - 7b5d2d4e-3a0c-423a-91fe-23981ee7bc04:group-AE7DAD7F015A ConfigurationManager, init=-1: [7b5d2d4e-3a0c-423a-91fe-23981ee7bc04:192.168.36.99:44676], old=null, confs=<EMPTY_MAP>
2019-08-20 15:01:33,955 [pool-82-thread-1] INFO  server.RaftServerConfigKeys (ConfUtils.java:logGet(43)) - raft.server.storage.dir = [/workdir/hadoop-ozone/integration-test/target/test-dir/MiniOzoneClusterImpl-6c4688aa-211a-4a21-81fa-acbd3405623e/datanode-5/data/ratis] (custom)
2019-08-20 15:01:33,956 [pool-82-thread-1] INFO  storage.RaftStorageDirectory (RaftStorageDirectory.java:analyzeStorage(246)) - The storage directory /workdir/hadoop-ozone/integration-test/target/test-dir/MiniOzoneClusterImpl-6c4688aa-211a-4a21-81fa-acbd3405623e/datanode-5/data/ratis/ee709497-3018-4ce9-9a42-ae7dad7f015a does not exist. Creating ...
2019-08-20 15:01:33,980 [pool-82-thread-1] INFO  storage.RaftStorageDirectory (RaftStorageDirectory.java:tryLock(328)) - Lock on /workdir/hadoop-ozone/integration-test/target/test-dir/MiniOzoneClusterImpl-6c4688aa-211a-4a21-81fa-acbd3405623e/datanode-5/data/ratis/ee709497-3018-4ce9-9a42-ae7dad7f015a/in_use.lock acquired by nodename 4043@pr-hdds-1950-vsl5z-1698008226
2019-08-20 15:01:33,993 [pool-82-thread-1] INFO  storage.RaftStorage (RaftStorage.java:format(72)) - Storage directory /workdir/hadoop-ozone/integration-test/target/test-dir/MiniOzoneClusterImpl-6c4688aa-211a-4a21-81fa-acbd3405623e/datanode-5/data/ratis/ee709497-3018-4ce9-9a42-ae7dad7f015a has been successfully formatted.
2019-08-20 15:01:33,995 [pool-82-thread-1] INFO  ratis.ContainerStateMachine (ContainerStateMachine.java:loadSnapshot(222)) - group-AE7DAD7F015A: The snapshot info is null. Setting the last applied indexto:(t:0, i:~)
2019-08-20 15:01:33,996 [pool-82-thread-1] INFO  server.RaftServerConfigKeys (ConfUtils.java:logGet(43)) - raft.server.leader.election.timeout = 120s (custom)
2019-08-20 15:01:33,996 [pool-82-thread-1] INFO  server.RaftServerConfigKeys (ConfUtils.java:logGet(43)) - raft.server.log.use.memory = false (default)
2019-08-20 15:01:33,996 [pool-82-thread-1] INFO  server.RaftServerConfigKeys (ConfUtils.java:logGet(43)) - raft.server.log.purge.gap = 1000000 (custom)
2019-08-20 15:01:33,996 [pool-82-thread-1] INFO  server.RaftServerConfigKeys (ConfUtils.java:logGet(43)) - raft.server.log.appender.buffer.byte-limit = 33554432 (custom)
2019-08-20 15:01:33,997 [pool-82-thread-1] INFO  server.RaftServerConfigKeys (ConfUtils.java:logGet(43)) - raft.server.log.segment.size.max = 1048576 (custom)
2019-08-20 15:01:33,997 [pool-82-thread-1] INFO  server.RaftServerConfigKeys (ConfUtils.java:logGet(43)) - raft.server.log.segment.cache.num.max = 2 (custom)
2019-08-20 15:01:33,997 [pool-82-thread-1] INFO  segmented.SegmentedRaftLogWorker (SegmentedRaftLogWorker.java:<init>(172)) - new 7b5d2d4e-3a0c-423a-91fe-23981ee7bc04-SegmentedRaftLogWorker:Storage Directory /workdir/hadoop-ozone/integration-test/target/test-dir/MiniOzoneClusterImpl-6c4688aa-211a-4a21-81fa-acbd3405623e/datanode-5/data/ratis/ee709497-3018-4ce9-9a42-ae7dad7f015a for RaftStorage:Storage Directory /workdir/hadoop-ozone/integration-test/target/test-dir/MiniOzoneClusterImpl-6c4688aa-211a-4a21-81fa-acbd3405623e/datanode-5/data/ratis/ee709497-3018-4ce9-9a42-ae7dad7f015a
2019-08-20 15:01:33,998 [pool-82-thread-1] INFO  server.RaftServerConfigKeys (ConfUtils.java:logGet(43)) - raft.server.log.queue.byte-limit = 2147483647 (custom)
2019-08-20 15:01:33,998 [pool-82-thread-1] INFO  server.RaftServerConfigKeys (ConfUtils.java:logGet(43)) - raft.server.log.queue.element-limit = 1024 (custom)
2019-08-20 15:01:33,998 [pool-82-thread-1] INFO  server.RaftServerConfigKeys (ConfUtils.java:logGet(43)) - raft.server.log.segment.size.max = 1048576 (custom)
2019-08-20 15:01:33,998 [pool-82-thread-1] INFO  server.RaftServerConfigKeys (ConfUtils.java:logGet(43)) - raft.server.log.preallocated.size = 16384 (custom)
2019-08-20 15:01:33,999 [pool-82-thread-1] INFO  server.RaftServerConfigKeys (ConfUtils.java:logGet(43)) - raft.server.log.write.buffer.size = 33554432 (custom)
2019-08-20 15:01:33,999 [pool-82-thread-1] INFO  server.RaftServerConfigKeys (ConfUtils.java:logGet(43)) - raft.server.log.force.sync.num = 128 (default)
2019-08-20 15:01:33,999 [pool-82-thread-1] INFO  server.RaftServerConfigKeys (ConfUtils.java:logGet(43)) - raft.server.log.statemachine.data.sync = true (default)
2019-08-20 15:01:33,999 [pool-82-thread-1] INFO  server.RaftServerConfigKeys (ConfUtils.java:logGet(43)) - raft.server.log.statemachine.data.sync.timeout = 10s (default)
2019-08-20 15:01:33,999 [pool-82-thread-1] INFO  server.RaftServerConfigKeys (ConfUtils.java:logGet(43)) - raft.server.log.statemachine.data.sync.timeout.retry = -1 (default)
2019-08-20 15:01:34,000 [pool-82-thread-1] INFO  server.RaftServerConfigKeys (ConfUtils.java:logGet(43)) - raft.server.log.statemachine.data.caching.enabled = true (custom)
2019-08-20 15:01:34,000 [pool-82-thread-1] INFO  segmented.SegmentedRaftLogWorker (SegmentedRaftLogWorker.java:lambda$new$0(132)) - 7b5d2d4e-3a0c-423a-91fe-23981ee7bc04-SegmentedRaftLogWorker:Storage Directory /workdir/hadoop-ozone/integration-test/target/test-dir/MiniOzoneClusterImpl-6c4688aa-211a-4a21-81fa-acbd3405623e/datanode-5/data/ratis/ee709497-3018-4ce9-9a42-ae7dad7f015a: flushIndex: setUnconditionally 0 -> -1
2019-08-20 15:01:34,000 [pool-82-thread-1] INFO  server.RaftServerConfigKeys (ConfUtils.java:logGet(43)) - raft.server.snapshot.auto.trigger.enabled = true (custom)
2019-08-20 15:01:34,000 [pool-82-thread-1] INFO  server.RaftServerConfigKeys (ConfUtils.java:logGet(43)) - raft.server.snapshot.auto.trigger.threshold = 10000 (custom)
2019-08-20 15:01:34,000 [pool-82-thread-1] INFO  server.RaftServerConfigKeys (ConfUtils.java:logGet(43)) - raft.server.retrycache.expirytime = 600000ms (custom)
2019-08-20 15:01:34,001 [pool-82-thread-1] INFO  impl.RaftServerImpl (RaftServerImpl.java:start(180)) - 7b5d2d4e-3a0c-423a-91fe-23981ee7bc04: start group-AE7DAD7F015A
2019-08-20 15:01:34,001 [pool-82-thread-1] INFO  impl.RaftServerImpl (RaftServerImpl.java:setRole(171)) - 7b5d2d4e-3a0c-423a-91fe-23981ee7bc04:group-AE7DAD7F015A changes role from null to FOLLOWER at term 0 for startAsFollower
2019-08-20 15:01:34,001 [pool-82-thread-1] INFO  impl.RoleInfo (RoleInfo.java:updateAndGet(143)) - 7b5d2d4e-3a0c-423a-91fe-23981ee7bc04: start FollowerState
2019-08-20 15:01:34,003 [pool-82-thread-1] INFO  util.JmxRegister (JmxRegister.java:tryRegister(44)) - Successfully registered JMX Bean with object name Ratis:service=RaftServer,group=group-AE7DAD7F015A,id=7b5d2d4e-3a0c-423a-91fe-23981ee7bc04
2019-08-20 15:01:34,011 [RatisPipelineUtilsThread] INFO  pipeline.PipelineStateManager (PipelineStateManager.java:addPipeline(56)) - Created pipeline Pipeline[ Id: ee709497-3018-4ce9-9a42-ae7dad7f015a, Nodes: 7b5d2d4e-3a0c-423a-91fe-23981ee7bc04{ip: 192.168.36.99, host: pr-hdds-1950-vsl5z-1698008226, networkLocation: /default-rack, certSerialId: null}, Type:RATIS, Factor:ONE, State:OPEN]
2019-08-20 15:01:34,025 [grpc-default-executor-0] INFO  impl.RaftServerProxy (RaftServerProxy.java:addNew(89)) - c6990e1c-bb7c-4cd7-a65c-0e47d5f09a21: addNew group-BBC23ABA2E5A:[c6990e1c-bb7c-4cd7-a65c-0e47d5f09a21:192.168.36.99:45374] returns group-BBC23ABA2E5A:java.util.concurrent.CompletableFuture@6770ec0f[Not completed]
2019-08-20 15:01:34,034 [pool-60-thread-1] INFO  impl.RaftServerImpl (RaftServerImpl.java:<init>(93)) - c6990e1c-bb7c-4cd7-a65c-0e47d5f09a21: new RaftServerImpl for group-BBC23ABA2E5A:[c6990e1c-bb7c-4cd7-a65c-0e47d5f09a21:192.168.36.99:45374] with ContainerStateMachine:uninitialized
2019-08-20 15:01:34,035 [pool-60-thread-1] INFO  server.RaftServerConfigKeys (ConfUtils.java:logGet(43)) - raft.server.rpc.timeout.min = 5s (custom)
2019-08-20 15:01:34,035 [pool-60-thread-1] INFO  server.RaftServerConfigKeys (ConfUtils.java:logGet(43)) - raft.server.rpc.timeout.max = 5200ms (custom)
2019-08-20 15:01:34,035 [pool-60-thread-1] INFO  server.RaftServerConfigKeys (ConfUtils.java:logGet(43)) - raft.server.rpcslowness.timeout = 120s (custom)
2019-08-20 15:01:34,035 [pool-60-thread-1] INFO  server.RaftServerConfigKeys (ConfUtils.java:logGet(43)) - raft.server.sleep.deviation.threshold = 300 (default)
2019-08-20 15:01:34,035 [pool-60-thread-1] INFO  server.RaftServerConfigKeys (ConfUtils.java:logGet(43)) - raft.server.log.appender.install.snapshot.enabled = false (custom)
2019-08-20 15:01:34,035 [pool-60-thread-1] INFO  impl.RaftServerImpl (ServerState.java:<init>(105)) - c6990e1c-bb7c-4cd7-a65c-0e47d5f09a21:group-BBC23ABA2E5A ConfigurationManager, init=-1: [c6990e1c-bb7c-4cd7-a65c-0e47d5f09a21:192.168.36.99:45374], old=null, confs=<EMPTY_MAP>
2019-08-20 15:01:34,035 [pool-60-thread-1] INFO  server.RaftServerConfigKeys (ConfUtils.java:logGet(43)) - raft.server.storage.dir = [/workdir/hadoop-ozone/integration-test/target/test-dir/MiniOzoneClusterImpl-6c4688aa-211a-4a21-81fa-acbd3405623e/datanode-3/data/ratis] (custom)
2019-08-20 15:01:34,036 [pool-60-thread-1] INFO  storage.RaftStorageDirectory (RaftStorageDirectory.java:analyzeStorage(246)) - The storage directory /workdir/hadoop-ozone/integration-test/target/test-dir/MiniOzoneClusterImpl-6c4688aa-211a-4a21-81fa-acbd3405623e/datanode-3/data/ratis/1c06f751-1e19-413a-9eaa-bbc23aba2e5a does not exist. Creating ...
2019-08-20 15:01:34,073 [pool-60-thread-1] INFO  storage.RaftStorageDirectory (RaftStorageDirectory.java:tryLock(328)) - Lock on /workdir/hadoop-ozone/integration-test/target/test-dir/MiniOzoneClusterImpl-6c4688aa-211a-4a21-81fa-acbd3405623e/datanode-3/data/ratis/1c06f751-1e19-413a-9eaa-bbc23aba2e5a/in_use.lock acquired by nodename 4043@pr-hdds-1950-vsl5z-1698008226
2019-08-20 15:01:34,094 [pool-60-thread-1] INFO  storage.RaftStorage (RaftStorage.java:format(72)) - Storage directory /workdir/hadoop-ozone/integration-test/target/test-dir/MiniOzoneClusterImpl-6c4688aa-211a-4a21-81fa-acbd3405623e/datanode-3/data/ratis/1c06f751-1e19-413a-9eaa-bbc23aba2e5a has been successfully formatted.
2019-08-20 15:01:34,094 [pool-60-thread-1] INFO  ratis.ContainerStateMachine (ContainerStateMachine.java:loadSnapshot(222)) - group-BBC23ABA2E5A: The snapshot info is null. Setting the last applied indexto:(t:0, i:~)
2019-08-20 15:01:34,094 [pool-60-thread-1] INFO  server.RaftServerConfigKeys (ConfUtils.java:logGet(43)) - raft.server.leader.election.timeout = 120s (custom)
2019-08-20 15:01:34,095 [pool-60-thread-1] INFO  server.RaftServerConfigKeys (ConfUtils.java:logGet(43)) - raft.server.log.use.memory = false (default)
2019-08-20 15:01:34,095 [pool-60-thread-1] INFO  server.RaftServerConfigKeys (ConfUtils.java:logGet(43)) - raft.server.log.purge.gap = 1000000 (custom)
2019-08-20 15:01:34,095 [pool-60-thread-1] INFO  server.RaftServerConfigKeys (ConfUtils.java:logGet(43)) - raft.server.log.appender.buffer.byte-limit = 33554432 (custom)
2019-08-20 15:01:34,095 [pool-60-thread-1] INFO  server.RaftServerConfigKeys (ConfUtils.java:logGet(43)) - raft.server.log.segment.size.max = 1048576 (custom)
2019-08-20 15:01:34,095 [pool-60-thread-1] INFO  server.RaftServerConfigKeys (ConfUtils.java:logGet(43)) - raft.server.log.segment.cache.num.max = 2 (custom)
2019-08-20 15:01:34,095 [pool-60-thread-1] INFO  segmented.SegmentedRaftLogWorker (SegmentedRaftLogWorker.java:<init>(172)) - new c6990e1c-bb7c-4cd7-a65c-0e47d5f09a21-SegmentedRaftLogWorker:Storage Directory /workdir/hadoop-ozone/integration-test/target/test-dir/MiniOzoneClusterImpl-6c4688aa-211a-4a21-81fa-acbd3405623e/datanode-3/data/ratis/1c06f751-1e19-413a-9eaa-bbc23aba2e5a for RaftStorage:Storage Directory /workdir/hadoop-ozone/integration-test/target/test-dir/MiniOzoneClusterImpl-6c4688aa-211a-4a21-81fa-acbd3405623e/datanode-3/data/ratis/1c06f751-1e19-413a-9eaa-bbc23aba2e5a
2019-08-20 15:01:34,096 [pool-60-thread-1] INFO  server.RaftServerConfigKeys (ConfUtils.java:logGet(43)) - raft.server.log.queue.byte-limit = 2147483647 (custom)
2019-08-20 15:01:34,096 [pool-60-thread-1] INFO  server.RaftServerConfigKeys (ConfUtils.java:logGet(43)) - raft.server.log.queue.element-limit = 1024 (custom)
2019-08-20 15:01:34,096 [pool-60-thread-1] INFO  server.RaftServerConfigKeys (ConfUtils.java:logGet(43)) - raft.server.log.segment.size.max = 1048576 (custom)
2019-08-20 15:01:34,096 [pool-60-thread-1] INFO  server.RaftServerConfigKeys (ConfUtils.java:logGet(43)) - raft.server.log.preallocated.size = 16384 (custom)
2019-08-20 15:01:34,096 [pool-60-thread-1] INFO  server.RaftServerConfigKeys (ConfUtils.java:logGet(43)) - raft.server.log.write.buffer.size = 33554432 (custom)
2019-08-20 15:01:34,097 [pool-60-thread-1] INFO  server.RaftServerConfigKeys (ConfUtils.java:logGet(43)) - raft.server.log.force.sync.num = 128 (default)
2019-08-20 15:01:34,097 [pool-60-thread-1] INFO  server.RaftServerConfigKeys (ConfUtils.java:logGet(43)) - raft.server.log.statemachine.data.sync = true (default)
2019-08-20 15:01:34,097 [pool-60-thread-1] INFO  server.RaftServerConfigKeys (ConfUtils.java:logGet(43)) - raft.server.log.statemachine.data.sync.timeout = 10s (default)
2019-08-20 15:01:34,097 [pool-60-thread-1] INFO  server.RaftServerConfigKeys (ConfUtils.java:logGet(43)) - raft.server.log.statemachine.data.sync.timeout.retry = -1 (default)
2019-08-20 15:01:34,098 [pool-60-thread-1] INFO  server.RaftServerConfigKeys (ConfUtils.java:logGet(43)) - raft.server.log.statemachine.data.caching.enabled = true (custom)
2019-08-20 15:01:34,098 [pool-60-thread-1] INFO  segmented.SegmentedRaftLogWorker (SegmentedRaftLogWorker.java:lambda$new$0(132)) - c6990e1c-bb7c-4cd7-a65c-0e47d5f09a21-SegmentedRaftLogWorker:Storage Directory /workdir/hadoop-ozone/integration-test/target/test-dir/MiniOzoneClusterImpl-6c4688aa-211a-4a21-81fa-acbd3405623e/datanode-3/data/ratis/1c06f751-1e19-413a-9eaa-bbc23aba2e5a: flushIndex: setUnconditionally 0 -> -1
2019-08-20 15:01:34,098 [pool-60-thread-1] INFO  server.RaftServerConfigKeys (ConfUtils.java:logGet(43)) - raft.server.snapshot.auto.trigger.enabled = true (custom)
2019-08-20 15:01:34,099 [pool-60-thread-1] INFO  server.RaftServerConfigKeys (ConfUtils.java:logGet(43)) - raft.server.snapshot.auto.trigger.threshold = 10000 (custom)
2019-08-20 15:01:34,099 [pool-60-thread-1] INFO  server.RaftServerConfigKeys (ConfUtils.java:logGet(43)) - raft.server.retrycache.expirytime = 600000ms (custom)
2019-08-20 15:01:34,099 [pool-60-thread-1] INFO  impl.RaftServerImpl (RaftServerImpl.java:start(180)) - c6990e1c-bb7c-4cd7-a65c-0e47d5f09a21: start group-BBC23ABA2E5A
2019-08-20 15:01:34,099 [pool-60-thread-1] INFO  impl.RaftServerImpl (RaftServerImpl.java:setRole(171)) - c6990e1c-bb7c-4cd7-a65c-0e47d5f09a21:group-BBC23ABA2E5A changes role from null to FOLLOWER at term 0 for startAsFollower
2019-08-20 15:01:34,099 [pool-60-thread-1] INFO  impl.RoleInfo (RoleInfo.java:updateAndGet(143)) - c6990e1c-bb7c-4cd7-a65c-0e47d5f09a21: start FollowerState
2019-08-20 15:01:34,100 [pool-60-thread-1] INFO  util.JmxRegister (JmxRegister.java:tryRegister(44)) - Successfully registered JMX Bean with object name Ratis:service=RaftServer,group=group-BBC23ABA2E5A,id=c6990e1c-bb7c-4cd7-a65c-0e47d5f09a21
2019-08-20 15:01:34,113 [RatisPipelineUtilsThread] INFO  pipeline.PipelineStateManager (PipelineStateManager.java:addPipeline(56)) - Created pipeline Pipeline[ Id: 1c06f751-1e19-413a-9eaa-bbc23aba2e5a, Nodes: c6990e1c-bb7c-4cd7-a65c-0e47d5f09a21{ip: 192.168.36.99, host: pr-hdds-1950-vsl5z-1698008226, networkLocation: /default-rack, certSerialId: null}, Type:RATIS, Factor:ONE, State:OPEN]
2019-08-20 15:01:34,141 [grpc-default-executor-0] INFO  impl.RaftServerProxy (RaftServerProxy.java:addNew(89)) - aa186f79-d556-4a33-825f-255f36f4ca35: addNew group-AD5FBCBA8036:[aa186f79-d556-4a33-825f-255f36f4ca35:192.168.36.99:42046] returns group-AD5FBCBA8036:java.util.concurrent.CompletableFuture@205cb7ee[Not completed]
2019-08-20 15:01:34,145 [pool-71-thread-1] INFO  impl.RaftServerImpl (RaftServerImpl.java:<init>(93)) - aa186f79-d556-4a33-825f-255f36f4ca35: new RaftServerImpl for group-AD5FBCBA8036:[aa186f79-d556-4a33-825f-255f36f4ca35:192.168.36.99:42046] with ContainerStateMachine:uninitialized
2019-08-20 15:01:34,145 [pool-71-thread-1] INFO  server.RaftServerConfigKeys (ConfUtils.java:logGet(43)) - raft.server.rpc.timeout.min = 5s (custom)
2019-08-20 15:01:34,145 [pool-71-thread-1] INFO  server.RaftServerConfigKeys (ConfUtils.java:logGet(43)) - raft.server.rpc.timeout.max = 5200ms (custom)
2019-08-20 15:01:34,145 [pool-71-thread-1] INFO  server.RaftServerConfigKeys (ConfUtils.java:logGet(43)) - raft.server.rpcslowness.timeout = 120s (custom)
2019-08-20 15:01:34,146 [pool-71-thread-1] INFO  server.RaftServerConfigKeys (ConfUtils.java:logGet(43)) - raft.server.sleep.deviation.threshold = 300 (default)
2019-08-20 15:01:34,146 [pool-71-thread-1] INFO  server.RaftServerConfigKeys (ConfUtils.java:logGet(43)) - raft.server.log.appender.install.snapshot.enabled = false (custom)
2019-08-20 15:01:34,146 [pool-71-thread-1] INFO  impl.RaftServerImpl (ServerState.java:<init>(105)) - aa186f79-d556-4a33-825f-255f36f4ca35:group-AD5FBCBA8036 ConfigurationManager, init=-1: [aa186f79-d556-4a33-825f-255f36f4ca35:192.168.36.99:42046], old=null, confs=<EMPTY_MAP>
2019-08-20 15:01:34,146 [pool-71-thread-1] INFO  server.RaftServerConfigKeys (ConfUtils.java:logGet(43)) - raft.server.storage.dir = [/workdir/hadoop-ozone/integration-test/target/test-dir/MiniOzoneClusterImpl-6c4688aa-211a-4a21-81fa-acbd3405623e/datanode-4/data/ratis] (custom)
2019-08-20 15:01:34,146 [pool-71-thread-1] INFO  storage.RaftStorageDirectory (RaftStorageDirectory.java:analyzeStorage(246)) - The storage directory /workdir/hadoop-ozone/integration-test/target/test-dir/MiniOzoneClusterImpl-6c4688aa-211a-4a21-81fa-acbd3405623e/datanode-4/data/ratis/fcd266c5-4939-41c1-9097-ad5fbcba8036 does not exist. Creating ...
2019-08-20 15:01:34,174 [pool-71-thread-1] INFO  storage.RaftStorageDirectory (RaftStorageDirectory.java:tryLock(328)) - Lock on /workdir/hadoop-ozone/integration-test/target/test-dir/MiniOzoneClusterImpl-6c4688aa-211a-4a21-81fa-acbd3405623e/datanode-4/data/ratis/fcd266c5-4939-41c1-9097-ad5fbcba8036/in_use.lock acquired by nodename 4043@pr-hdds-1950-vsl5z-1698008226
2019-08-20 15:01:34,255 [pool-71-thread-1] INFO  storage.RaftStorage (RaftStorage.java:format(72)) - Storage directory /workdir/hadoop-ozone/integration-test/target/test-dir/MiniOzoneClusterImpl-6c4688aa-211a-4a21-81fa-acbd3405623e/datanode-4/data/ratis/fcd266c5-4939-41c1-9097-ad5fbcba8036 has been successfully formatted.
2019-08-20 15:01:34,255 [pool-71-thread-1] INFO  ratis.ContainerStateMachine (ContainerStateMachine.java:loadSnapshot(222)) - group-AD5FBCBA8036: The snapshot info is null. Setting the last applied indexto:(t:0, i:~)
2019-08-20 15:01:34,255 [pool-71-thread-1] INFO  server.RaftServerConfigKeys (ConfUtils.java:logGet(43)) - raft.server.leader.election.timeout = 120s (custom)
2019-08-20 15:01:34,255 [pool-71-thread-1] INFO  server.RaftServerConfigKeys (ConfUtils.java:logGet(43)) - raft.server.log.use.memory = false (default)
2019-08-20 15:01:34,256 [pool-71-thread-1] INFO  server.RaftServerConfigKeys (ConfUtils.java:logGet(43)) - raft.server.log.purge.gap = 1000000 (custom)
2019-08-20 15:01:34,256 [pool-71-thread-1] INFO  server.RaftServerConfigKeys (ConfUtils.java:logGet(43)) - raft.server.log.appender.buffer.byte-limit = 33554432 (custom)
2019-08-20 15:01:34,256 [pool-71-thread-1] INFO  server.RaftServerConfigKeys (ConfUtils.java:logGet(43)) - raft.server.log.segment.size.max = 1048576 (custom)
2019-08-20 15:01:34,256 [pool-71-thread-1] INFO  server.RaftServerConfigKeys (ConfUtils.java:logGet(43)) - raft.server.log.segment.cache.num.max = 2 (custom)
2019-08-20 15:01:34,256 [pool-71-thread-1] INFO  segmented.SegmentedRaftLogWorker (SegmentedRaftLogWorker.java:<init>(172)) - new aa186f79-d556-4a33-825f-255f36f4ca35-SegmentedRaftLogWorker:Storage Directory /workdir/hadoop-ozone/integration-test/target/test-dir/MiniOzoneClusterImpl-6c4688aa-211a-4a21-81fa-acbd3405623e/datanode-4/data/ratis/fcd266c5-4939-41c1-9097-ad5fbcba8036 for RaftStorage:Storage Directory /workdir/hadoop-ozone/integration-test/target/test-dir/MiniOzoneClusterImpl-6c4688aa-211a-4a21-81fa-acbd3405623e/datanode-4/data/ratis/fcd266c5-4939-41c1-9097-ad5fbcba8036
2019-08-20 15:01:34,256 [pool-71-thread-1] INFO  server.RaftServerConfigKeys (ConfUtils.java:logGet(43)) - raft.server.log.queue.byte-limit = 2147483647 (custom)
2019-08-20 15:01:34,257 [pool-71-thread-1] INFO  server.RaftServerConfigKeys (ConfUtils.java:logGet(43)) - raft.server.log.queue.element-limit = 1024 (custom)
2019-08-20 15:01:34,257 [pool-71-thread-1] INFO  server.RaftServerConfigKeys (ConfUtils.java:logGet(43)) - raft.server.log.segment.size.max = 1048576 (custom)
2019-08-20 15:01:34,257 [pool-71-thread-1] INFO  server.RaftServerConfigKeys (ConfUtils.java:logGet(43)) - raft.server.log.preallocated.size = 16384 (custom)
2019-08-20 15:01:34,257 [pool-71-thread-1] INFO  server.RaftServerConfigKeys (ConfUtils.java:logGet(43)) - raft.server.log.write.buffer.size = 33554432 (custom)
2019-08-20 15:01:34,257 [pool-71-thread-1] INFO  server.RaftServerConfigKeys (ConfUtils.java:logGet(43)) - raft.server.log.force.sync.num = 128 (default)
2019-08-20 15:01:34,257 [pool-71-thread-1] INFO  server.RaftServerConfigKeys (ConfUtils.java:logGet(43)) - raft.server.log.statemachine.data.sync = true (default)
2019-08-20 15:01:34,258 [pool-71-thread-1] INFO  server.RaftServerConfigKeys (ConfUtils.java:logGet(43)) - raft.server.log.statemachine.data.sync.timeout = 10s (default)
2019-08-20 15:01:34,258 [pool-71-thread-1] INFO  server.RaftServerConfigKeys (ConfUtils.java:logGet(43)) - raft.server.log.statemachine.data.sync.timeout.retry = -1 (default)
2019-08-20 15:01:34,258 [pool-71-thread-1] INFO  server.RaftServerConfigKeys (ConfUtils.java:logGet(43)) - raft.server.log.statemachine.data.caching.enabled = true (custom)
2019-08-20 15:01:34,258 [pool-71-thread-1] INFO  segmented.SegmentedRaftLogWorker (SegmentedRaftLogWorker.java:lambda$new$0(132)) - aa186f79-d556-4a33-825f-255f36f4ca35-SegmentedRaftLogWorker:Storage Directory /workdir/hadoop-ozone/integration-test/target/test-dir/MiniOzoneClusterImpl-6c4688aa-211a-4a21-81fa-acbd3405623e/datanode-4/data/ratis/fcd266c5-4939-41c1-9097-ad5fbcba8036: flushIndex: setUnconditionally 0 -> -1
2019-08-20 15:01:34,259 [pool-71-thread-1] INFO  server.RaftServerConfigKeys (ConfUtils.java:logGet(43)) - raft.server.snapshot.auto.trigger.enabled = true (custom)
2019-08-20 15:01:34,259 [pool-71-thread-1] INFO  server.RaftServerConfigKeys (ConfUtils.java:logGet(43)) - raft.server.snapshot.auto.trigger.threshold = 10000 (custom)
2019-08-20 15:01:34,259 [pool-71-thread-1] INFO  server.RaftServerConfigKeys (ConfUtils.java:logGet(43)) - raft.server.retrycache.expirytime = 600000ms (custom)
2019-08-20 15:01:34,259 [pool-71-thread-1] INFO  impl.RaftServerImpl (RaftServerImpl.java:start(180)) - aa186f79-d556-4a33-825f-255f36f4ca35: start group-AD5FBCBA8036
2019-08-20 15:01:34,259 [pool-71-thread-1] INFO  impl.RaftServerImpl (RaftServerImpl.java:setRole(171)) - aa186f79-d556-4a33-825f-255f36f4ca35:group-AD5FBCBA8036 changes role from null to FOLLOWER at term 0 for startAsFollower
2019-08-20 15:01:34,260 [pool-71-thread-1] INFO  impl.RoleInfo (RoleInfo.java:updateAndGet(143)) - aa186f79-d556-4a33-825f-255f36f4ca35: start FollowerState
2019-08-20 15:01:34,260 [pool-71-thread-1] INFO  util.JmxRegister (JmxRegister.java:tryRegister(44)) - Successfully registered JMX Bean with object name Ratis:service=RaftServer,group=group-AD5FBCBA8036,id=aa186f79-d556-4a33-825f-255f36f4ca35
2019-08-20 15:01:34,273 [RatisPipelineUtilsThread] INFO  pipeline.PipelineStateManager (PipelineStateManager.java:addPipeline(56)) - Created pipeline Pipeline[ Id: fcd266c5-4939-41c1-9097-ad5fbcba8036, Nodes: aa186f79-d556-4a33-825f-255f36f4ca35{ip: 192.168.36.99, host: pr-hdds-1950-vsl5z-1698008226, networkLocation: /default-rack, certSerialId: null}, Type:RATIS, Factor:ONE, State:OPEN]
2019-08-20 15:01:34,290 [grpc-default-executor-0] INFO  impl.RaftServerProxy (RaftServerProxy.java:addNew(89)) - fa81d38e-d0a7-48ac-a146-d2415b539be8: addNew group-A98174AC9C58:[fa81d38e-d0a7-48ac-a146-d2415b539be8:192.168.36.99:38233] returns group-A98174AC9C58:java.util.concurrent.CompletableFuture@740dca94[Not completed]
2019-08-20 15:01:34,292 [pool-38-thread-1] INFO  impl.RaftServerImpl (RaftServerImpl.java:<init>(93)) - fa81d38e-d0a7-48ac-a146-d2415b539be8: new RaftServerImpl for group-A98174AC9C58:[fa81d38e-d0a7-48ac-a146-d2415b539be8:192.168.36.99:38233] with ContainerStateMachine:uninitialized
2019-08-20 15:01:34,292 [pool-38-thread-1] INFO  server.RaftServerConfigKeys (ConfUtils.java:logGet(43)) - raft.server.rpc.timeout.min = 5s (custom)
2019-08-20 15:01:34,293 [pool-38-thread-1] INFO  server.RaftServerConfigKeys (ConfUtils.java:logGet(43)) - raft.server.rpc.timeout.max = 5200ms (custom)
2019-08-20 15:01:34,293 [pool-38-thread-1] INFO  server.RaftServerConfigKeys (ConfUtils.java:logGet(43)) - raft.server.rpcslowness.timeout = 120s (custom)
2019-08-20 15:01:34,293 [pool-38-thread-1] INFO  server.RaftServerConfigKeys (ConfUtils.java:logGet(43)) - raft.server.sleep.deviation.threshold = 300 (default)
2019-08-20 15:01:34,293 [pool-38-thread-1] INFO  server.RaftServerConfigKeys (ConfUtils.java:logGet(43)) - raft.server.log.appender.install.snapshot.enabled = false (custom)
2019-08-20 15:01:34,293 [pool-38-thread-1] INFO  impl.RaftServerImpl (ServerState.java:<init>(105)) - fa81d38e-d0a7-48ac-a146-d2415b539be8:group-A98174AC9C58 ConfigurationManager, init=-1: [fa81d38e-d0a7-48ac-a146-d2415b539be8:192.168.36.99:38233], old=null, confs=<EMPTY_MAP>
2019-08-20 15:01:34,293 [pool-38-thread-1] INFO  server.RaftServerConfigKeys (ConfUtils.java:logGet(43)) - raft.server.storage.dir = [/workdir/hadoop-ozone/integration-test/target/test-dir/MiniOzoneClusterImpl-6c4688aa-211a-4a21-81fa-acbd3405623e/datanode-1/data/ratis] (custom)
2019-08-20 15:01:34,294 [pool-38-thread-1] INFO  storage.RaftStorageDirectory (RaftStorageDirectory.java:analyzeStorage(246)) - The storage directory /workdir/hadoop-ozone/integration-test/target/test-dir/MiniOzoneClusterImpl-6c4688aa-211a-4a21-81fa-acbd3405623e/datanode-1/data/ratis/1ea64a44-06ed-469d-baec-a98174ac9c58 does not exist. Creating ...
2019-08-20 15:01:34,309 [pool-38-thread-1] INFO  storage.RaftStorageDirectory (RaftStorageDirectory.java:tryLock(328)) - Lock on /workdir/hadoop-ozone/integration-test/target/test-dir/MiniOzoneClusterImpl-6c4688aa-211a-4a21-81fa-acbd3405623e/datanode-1/data/ratis/1ea64a44-06ed-469d-baec-a98174ac9c58/in_use.lock acquired by nodename 4043@pr-hdds-1950-vsl5z-1698008226
2019-08-20 15:01:34,332 [pool-38-thread-1] INFO  storage.RaftStorage (RaftStorage.java:format(72)) - Storage directory /workdir/hadoop-ozone/integration-test/target/test-dir/MiniOzoneClusterImpl-6c4688aa-211a-4a21-81fa-acbd3405623e/datanode-1/data/ratis/1ea64a44-06ed-469d-baec-a98174ac9c58 has been successfully formatted.
2019-08-20 15:01:34,332 [pool-38-thread-1] INFO  ratis.ContainerStateMachine (ContainerStateMachine.java:loadSnapshot(222)) - group-A98174AC9C58: The snapshot info is null. Setting the last applied indexto:(t:0, i:~)
2019-08-20 15:01:34,332 [pool-38-thread-1] INFO  server.RaftServerConfigKeys (ConfUtils.java:logGet(43)) - raft.server.leader.election.timeout = 120s (custom)
2019-08-20 15:01:34,332 [pool-38-thread-1] INFO  server.RaftServerConfigKeys (ConfUtils.java:logGet(43)) - raft.server.log.use.memory = false (default)
2019-08-20 15:01:34,332 [pool-38-thread-1] INFO  server.RaftServerConfigKeys (ConfUtils.java:logGet(43)) - raft.server.log.purge.gap = 1000000 (custom)
2019-08-20 15:01:34,332 [pool-38-thread-1] INFO  server.RaftServerConfigKeys (ConfUtils.java:logGet(43)) - raft.server.log.appender.buffer.byte-limit = 33554432 (custom)
2019-08-20 15:01:34,333 [pool-38-thread-1] INFO  server.RaftServerConfigKeys (ConfUtils.java:logGet(43)) - raft.server.log.segment.size.max = 1048576 (custom)
2019-08-20 15:01:34,333 [pool-38-thread-1] INFO  server.RaftServerConfigKeys (ConfUtils.java:logGet(43)) - raft.server.log.segment.cache.num.max = 2 (custom)
2019-08-20 15:01:34,333 [pool-38-thread-1] INFO  segmented.SegmentedRaftLogWorker (SegmentedRaftLogWorker.java:<init>(172)) - new fa81d38e-d0a7-48ac-a146-d2415b539be8-SegmentedRaftLogWorker:Storage Directory /workdir/hadoop-ozone/integration-test/target/test-dir/MiniOzoneClusterImpl-6c4688aa-211a-4a21-81fa-acbd3405623e/datanode-1/data/ratis/1ea64a44-06ed-469d-baec-a98174ac9c58 for RaftStorage:Storage Directory /workdir/hadoop-ozone/integration-test/target/test-dir/MiniOzoneClusterImpl-6c4688aa-211a-4a21-81fa-acbd3405623e/datanode-1/data/ratis/1ea64a44-06ed-469d-baec-a98174ac9c58
2019-08-20 15:01:34,333 [pool-38-thread-1] INFO  server.RaftServerConfigKeys (ConfUtils.java:logGet(43)) - raft.server.log.queue.byte-limit = 2147483647 (custom)
2019-08-20 15:01:34,333 [pool-38-thread-1] INFO  server.RaftServerConfigKeys (ConfUtils.java:logGet(43)) - raft.server.log.queue.element-limit = 1024 (custom)
2019-08-20 15:01:34,333 [pool-38-thread-1] INFO  server.RaftServerConfigKeys (ConfUtils.java:logGet(43)) - raft.server.log.segment.size.max = 1048576 (custom)
2019-08-20 15:01:34,333 [pool-38-thread-1] INFO  server.RaftServerConfigKeys (ConfUtils.java:logGet(43)) - raft.server.log.preallocated.size = 16384 (custom)
2019-08-20 15:01:34,334 [pool-38-thread-1] INFO  server.RaftServerConfigKeys (ConfUtils.java:logGet(43)) - raft.server.log.write.buffer.size = 33554432 (custom)
2019-08-20 15:01:34,334 [pool-38-thread-1] INFO  server.RaftServerConfigKeys (ConfUtils.java:logGet(43)) - raft.server.log.force.sync.num = 128 (default)
2019-08-20 15:01:34,334 [pool-38-thread-1] INFO  server.RaftServerConfigKeys (ConfUtils.java:logGet(43)) - raft.server.log.statemachine.data.sync = true (default)
2019-08-20 15:01:34,334 [pool-38-thread-1] INFO  server.RaftServerConfigKeys (ConfUtils.java:logGet(43)) - raft.server.log.statemachine.data.sync.timeout = 10s (default)
2019-08-20 15:01:34,334 [pool-38-thread-1] INFO  server.RaftServerConfigKeys (ConfUtils.java:logGet(43)) - raft.server.log.statemachine.data.sync.timeout.retry = -1 (default)
2019-08-20 15:01:34,334 [pool-38-thread-1] INFO  server.RaftServerConfigKeys (ConfUtils.java:logGet(43)) - raft.server.log.statemachine.data.caching.enabled = true (custom)
2019-08-20 15:01:34,335 [pool-38-thread-1] INFO  segmented.SegmentedRaftLogWorker (SegmentedRaftLogWorker.java:lambda$new$0(132)) - fa81d38e-d0a7-48ac-a146-d2415b539be8-SegmentedRaftLogWorker:Storage Directory /workdir/hadoop-ozone/integration-test/target/test-dir/MiniOzoneClusterImpl-6c4688aa-211a-4a21-81fa-acbd3405623e/datanode-1/data/ratis/1ea64a44-06ed-469d-baec-a98174ac9c58: flushIndex: setUnconditionally 0 -> -1
2019-08-20 15:01:34,335 [pool-38-thread-1] INFO  server.RaftServerConfigKeys (ConfUtils.java:logGet(43)) - raft.server.snapshot.auto.trigger.enabled = true (custom)
2019-08-20 15:01:34,335 [pool-38-thread-1] INFO  server.RaftServerConfigKeys (ConfUtils.java:logGet(43)) - raft.server.snapshot.auto.trigger.threshold = 10000 (custom)
2019-08-20 15:01:34,335 [pool-38-thread-1] INFO  server.RaftServerConfigKeys (ConfUtils.java:logGet(43)) - raft.server.retrycache.expirytime = 600000ms (custom)
2019-08-20 15:01:34,335 [pool-38-thread-1] INFO  impl.RaftServerImpl (RaftServerImpl.java:start(180)) - fa81d38e-d0a7-48ac-a146-d2415b539be8: start group-A98174AC9C58
2019-08-20 15:01:34,335 [pool-38-thread-1] INFO  impl.RaftServerImpl (RaftServerImpl.java:setRole(171)) - fa81d38e-d0a7-48ac-a146-d2415b539be8:group-A98174AC9C58 changes role from null to FOLLOWER at term 0 for startAsFollower
2019-08-20 15:01:34,335 [pool-38-thread-1] INFO  impl.RoleInfo (RoleInfo.java:updateAndGet(143)) - fa81d38e-d0a7-48ac-a146-d2415b539be8: start FollowerState
2019-08-20 15:01:34,336 [pool-38-thread-1] INFO  util.JmxRegister (JmxRegister.java:tryRegister(44)) - Successfully registered JMX Bean with object name Ratis:service=RaftServer,group=group-A98174AC9C58,id=fa81d38e-d0a7-48ac-a146-d2415b539be8
2019-08-20 15:01:34,348 [RatisPipelineUtilsThread] INFO  pipeline.PipelineStateManager (PipelineStateManager.java:addPipeline(56)) - Created pipeline Pipeline[ Id: 1ea64a44-06ed-469d-baec-a98174ac9c58, Nodes: fa81d38e-d0a7-48ac-a146-d2415b539be8{ip: 192.168.36.99, host: pr-hdds-1950-vsl5z-1698008226, networkLocation: /default-rack, certSerialId: null}, Type:RATIS, Factor:ONE, State:OPEN]
2019-08-20 15:01:34,372 [grpc-default-executor-0] INFO  impl.RaftServerProxy (RaftServerProxy.java:addNew(89)) - 5c1b434c-ba47-498c-8220-e38c999f4a86: addNew group-AEFAF402F31E:[5c1b434c-ba47-498c-8220-e38c999f4a86:192.168.36.99:37317] returns group-AEFAF402F31E:java.util.concurrent.CompletableFuture@4d70065d[Not completed]
2019-08-20 15:01:34,374 [pool-49-thread-1] INFO  impl.RaftServerImpl (RaftServerImpl.java:<init>(93)) - 5c1b434c-ba47-498c-8220-e38c999f4a86: new RaftServerImpl for group-AEFAF402F31E:[5c1b434c-ba47-498c-8220-e38c999f4a86:192.168.36.99:37317] with ContainerStateMachine:uninitialized
2019-08-20 15:01:34,374 [pool-49-thread-1] INFO  server.RaftServerConfigKeys (ConfUtils.java:logGet(43)) - raft.server.rpc.timeout.min = 5s (custom)
2019-08-20 15:01:34,374 [pool-49-thread-1] INFO  server.RaftServerConfigKeys (ConfUtils.java:logGet(43)) - raft.server.rpc.timeout.max = 5200ms (custom)
2019-08-20 15:01:34,374 [pool-49-thread-1] INFO  server.RaftServerConfigKeys (ConfUtils.java:logGet(43)) - raft.server.rpcslowness.timeout = 120s (custom)
2019-08-20 15:01:34,374 [pool-49-thread-1] INFO  server.RaftServerConfigKeys (ConfUtils.java:logGet(43)) - raft.server.sleep.deviation.threshold = 300 (default)
2019-08-20 15:01:34,374 [pool-49-thread-1] INFO  server.RaftServerConfigKeys (ConfUtils.java:logGet(43)) - raft.server.log.appender.install.snapshot.enabled = false (custom)
2019-08-20 15:01:34,374 [pool-49-thread-1] INFO  impl.RaftServerImpl (ServerState.java:<init>(105)) - 5c1b434c-ba47-498c-8220-e38c999f4a86:group-AEFAF402F31E ConfigurationManager, init=-1: [5c1b434c-ba47-498c-8220-e38c999f4a86:192.168.36.99:37317], old=null, confs=<EMPTY_MAP>
2019-08-20 15:01:34,374 [pool-49-thread-1] INFO  server.RaftServerConfigKeys (ConfUtils.java:logGet(43)) - raft.server.storage.dir = [/workdir/hadoop-ozone/integration-test/target/test-dir/MiniOzoneClusterImpl-6c4688aa-211a-4a21-81fa-acbd3405623e/datanode-2/data/ratis] (custom)
2019-08-20 15:01:34,375 [pool-49-thread-1] INFO  storage.RaftStorageDirectory (RaftStorageDirectory.java:analyzeStorage(246)) - The storage directory /workdir/hadoop-ozone/integration-test/target/test-dir/MiniOzoneClusterImpl-6c4688aa-211a-4a21-81fa-acbd3405623e/datanode-2/data/ratis/25e72020-0617-4287-b0ce-aefaf402f31e does not exist. Creating ...
2019-08-20 15:01:34,399 [pool-49-thread-1] INFO  storage.RaftStorageDirectory (RaftStorageDirectory.java:tryLock(328)) - Lock on /workdir/hadoop-ozone/integration-test/target/test-dir/MiniOzoneClusterImpl-6c4688aa-211a-4a21-81fa-acbd3405623e/datanode-2/data/ratis/25e72020-0617-4287-b0ce-aefaf402f31e/in_use.lock acquired by nodename 4043@pr-hdds-1950-vsl5z-1698008226
2019-08-20 15:01:34,427 [pool-49-thread-1] INFO  storage.RaftStorage (RaftStorage.java:format(72)) - Storage directory /workdir/hadoop-ozone/integration-test/target/test-dir/MiniOzoneClusterImpl-6c4688aa-211a-4a21-81fa-acbd3405623e/datanode-2/data/ratis/25e72020-0617-4287-b0ce-aefaf402f31e has been successfully formatted.
2019-08-20 15:01:34,428 [pool-49-thread-1] INFO  ratis.ContainerStateMachine (ContainerStateMachine.java:loadSnapshot(222)) - group-AEFAF402F31E: The snapshot info is null. Setting the last applied indexto:(t:0, i:~)
2019-08-20 15:01:34,428 [pool-49-thread-1] INFO  server.RaftServerConfigKeys (ConfUtils.java:logGet(43)) - raft.server.leader.election.timeout = 120s (custom)
2019-08-20 15:01:34,428 [pool-49-thread-1] INFO  server.RaftServerConfigKeys (ConfUtils.java:logGet(43)) - raft.server.log.use.memory = false (default)
2019-08-20 15:01:34,428 [pool-49-thread-1] INFO  server.RaftServerConfigKeys (ConfUtils.java:logGet(43)) - raft.server.log.purge.gap = 1000000 (custom)
2019-08-20 15:01:34,428 [pool-49-thread-1] INFO  server.RaftServerConfigKeys (ConfUtils.java:logGet(43)) - raft.server.log.appender.buffer.byte-limit = 33554432 (custom)
2019-08-20 15:01:34,428 [pool-49-thread-1] INFO  server.RaftServerConfigKeys (ConfUtils.java:logGet(43)) - raft.server.log.segment.size.max = 1048576 (custom)
2019-08-20 15:01:34,428 [pool-49-thread-1] INFO  server.RaftServerConfigKeys (ConfUtils.java:logGet(43)) - raft.server.log.segment.cache.num.max = 2 (custom)
2019-08-20 15:01:34,429 [pool-49-thread-1] INFO  segmented.SegmentedRaftLogWorker (SegmentedRaftLogWorker.java:<init>(172)) - new 5c1b434c-ba47-498c-8220-e38c999f4a86-SegmentedRaftLogWorker:Storage Directory /workdir/hadoop-ozone/integration-test/target/test-dir/MiniOzoneClusterImpl-6c4688aa-211a-4a21-81fa-acbd3405623e/datanode-2/data/ratis/25e72020-0617-4287-b0ce-aefaf402f31e for RaftStorage:Storage Directory /workdir/hadoop-ozone/integration-test/target/test-dir/MiniOzoneClusterImpl-6c4688aa-211a-4a21-81fa-acbd3405623e/datanode-2/data/ratis/25e72020-0617-4287-b0ce-aefaf402f31e
2019-08-20 15:01:34,429 [pool-49-thread-1] INFO  server.RaftServerConfigKeys (ConfUtils.java:logGet(43)) - raft.server.log.queue.byte-limit = 2147483647 (custom)
2019-08-20 15:01:34,429 [pool-49-thread-1] INFO  server.RaftServerConfigKeys (ConfUtils.java:logGet(43)) - raft.server.log.queue.element-limit = 1024 (custom)
2019-08-20 15:01:34,429 [pool-49-thread-1] INFO  server.RaftServerConfigKeys (ConfUtils.java:logGet(43)) - raft.server.log.segment.size.max = 1048576 (custom)
2019-08-20 15:01:34,429 [pool-49-thread-1] INFO  server.RaftServerConfigKeys (ConfUtils.java:logGet(43)) - raft.server.log.preallocated.size = 16384 (custom)
2019-08-20 15:01:34,430 [pool-49-thread-1] INFO  server.RaftServerConfigKeys (ConfUtils.java:logGet(43)) - raft.server.log.write.buffer.size = 33554432 (custom)
2019-08-20 15:01:34,430 [pool-49-thread-1] INFO  server.RaftServerConfigKeys (ConfUtils.java:logGet(43)) - raft.server.log.force.sync.num = 128 (default)
2019-08-20 15:01:34,430 [pool-49-thread-1] INFO  server.RaftServerConfigKeys (ConfUtils.java:logGet(43)) - raft.server.log.statemachine.data.sync = true (default)
2019-08-20 15:01:34,430 [pool-49-thread-1] INFO  server.RaftServerConfigKeys (ConfUtils.java:logGet(43)) - raft.server.log.statemachine.data.sync.timeout = 10s (default)
2019-08-20 15:01:34,430 [pool-49-thread-1] INFO  server.RaftServerConfigKeys (ConfUtils.java:logGet(43)) - raft.server.log.statemachine.data.sync.timeout.retry = -1 (default)
2019-08-20 15:01:34,430 [pool-49-thread-1] INFO  server.RaftServerConfigKeys (ConfUtils.java:logGet(43)) - raft.server.log.statemachine.data.caching.enabled = true (custom)
2019-08-20 15:01:34,431 [pool-49-thread-1] INFO  segmented.SegmentedRaftLogWorker (SegmentedRaftLogWorker.java:lambda$new$0(132)) - 5c1b434c-ba47-498c-8220-e38c999f4a86-SegmentedRaftLogWorker:Storage Directory /workdir/hadoop-ozone/integration-test/target/test-dir/MiniOzoneClusterImpl-6c4688aa-211a-4a21-81fa-acbd3405623e/datanode-2/data/ratis/25e72020-0617-4287-b0ce-aefaf402f31e: flushIndex: setUnconditionally 0 -> -1
2019-08-20 15:01:34,431 [pool-49-thread-1] INFO  server.RaftServerConfigKeys (ConfUtils.java:logGet(43)) - raft.server.snapshot.auto.trigger.enabled = true (custom)
2019-08-20 15:01:34,431 [pool-49-thread-1] INFO  server.RaftServerConfigKeys (ConfUtils.java:logGet(43)) - raft.server.snapshot.auto.trigger.threshold = 10000 (custom)
2019-08-20 15:01:34,431 [pool-49-thread-1] INFO  server.RaftServerConfigKeys (ConfUtils.java:logGet(43)) - raft.server.retrycache.expirytime = 600000ms (custom)
2019-08-20 15:01:34,432 [pool-49-thread-1] INFO  impl.RaftServerImpl (RaftServerImpl.java:start(180)) - 5c1b434c-ba47-498c-8220-e38c999f4a86: start group-AEFAF402F31E
2019-08-20 15:01:34,432 [pool-49-thread-1] INFO  impl.RaftServerImpl (RaftServerImpl.java:setRole(171)) - 5c1b434c-ba47-498c-8220-e38c999f4a86:group-AEFAF402F31E changes role from null to FOLLOWER at term 0 for startAsFollower
2019-08-20 15:01:34,432 [pool-49-thread-1] INFO  impl.RoleInfo (RoleInfo.java:updateAndGet(143)) - 5c1b434c-ba47-498c-8220-e38c999f4a86: start FollowerState
2019-08-20 15:01:34,432 [pool-49-thread-1] INFO  util.JmxRegister (JmxRegister.java:tryRegister(44)) - Successfully registered JMX Bean with object name Ratis:service=RaftServer,group=group-AEFAF402F31E,id=5c1b434c-ba47-498c-8220-e38c999f4a86
2019-08-20 15:01:34,442 [RatisPipelineUtilsThread] INFO  pipeline.PipelineStateManager (PipelineStateManager.java:addPipeline(56)) - Created pipeline Pipeline[ Id: 25e72020-0617-4287-b0ce-aefaf402f31e, Nodes: 5c1b434c-ba47-498c-8220-e38c999f4a86{ip: 192.168.36.99, host: pr-hdds-1950-vsl5z-1698008226, networkLocation: /default-rack, certSerialId: null}, Type:RATIS, Factor:ONE, State:OPEN]
2019-08-20 15:01:34,465 [grpc-default-executor-0] INFO  impl.RaftServerProxy (RaftServerProxy.java:addNew(89)) - aa186f79-d556-4a33-825f-255f36f4ca35: addNew group-A29C53895826:[7b5d2d4e-3a0c-423a-91fe-23981ee7bc04:192.168.36.99:44676, c6990e1c-bb7c-4cd7-a65c-0e47d5f09a21:192.168.36.99:45374, aa186f79-d556-4a33-825f-255f36f4ca35:192.168.36.99:42046] returns group-A29C53895826:java.util.concurrent.CompletableFuture@92da1d8[Not completed]
2019-08-20 15:01:34,467 [pool-71-thread-1] INFO  impl.RaftServerImpl (RaftServerImpl.java:<init>(93)) - aa186f79-d556-4a33-825f-255f36f4ca35: new RaftServerImpl for group-A29C53895826:[7b5d2d4e-3a0c-423a-91fe-23981ee7bc04:192.168.36.99:44676, c6990e1c-bb7c-4cd7-a65c-0e47d5f09a21:192.168.36.99:45374, aa186f79-d556-4a33-825f-255f36f4ca35:192.168.36.99:42046] with ContainerStateMachine:uninitialized
2019-08-20 15:01:34,467 [grpc-default-executor-0] INFO  impl.RaftServerProxy (RaftServerProxy.java:addNew(89)) - c6990e1c-bb7c-4cd7-a65c-0e47d5f09a21: addNew group-A29C53895826:[7b5d2d4e-3a0c-423a-91fe-23981ee7bc04:192.168.36.99:44676, c6990e1c-bb7c-4cd7-a65c-0e47d5f09a21:192.168.36.99:45374, aa186f79-d556-4a33-825f-255f36f4ca35:192.168.36.99:42046] returns group-A29C53895826:java.util.concurrent.CompletableFuture@42248aa1[Not completed]
2019-08-20 15:01:34,467 [pool-71-thread-1] INFO  server.RaftServerConfigKeys (ConfUtils.java:logGet(43)) - raft.server.rpc.timeout.min = 5s (custom)
2019-08-20 15:01:34,467 [pool-71-thread-1] INFO  server.RaftServerConfigKeys (ConfUtils.java:logGet(43)) - raft.server.rpc.timeout.max = 5200ms (custom)
2019-08-20 15:01:34,467 [pool-71-thread-1] INFO  server.RaftServerConfigKeys (ConfUtils.java:logGet(43)) - raft.server.rpcslowness.timeout = 120s (custom)
2019-08-20 15:01:34,467 [pool-71-thread-1] INFO  server.RaftServerConfigKeys (ConfUtils.java:logGet(43)) - raft.server.sleep.deviation.threshold = 300 (default)
2019-08-20 15:01:34,467 [pool-71-thread-1] INFO  server.RaftServerConfigKeys (ConfUtils.java:logGet(43)) - raft.server.log.appender.install.snapshot.enabled = false (custom)
2019-08-20 15:01:34,467 [pool-71-thread-1] INFO  impl.RaftServerImpl (ServerState.java:<init>(105)) - aa186f79-d556-4a33-825f-255f36f4ca35:group-A29C53895826 ConfigurationManager, init=-1: [7b5d2d4e-3a0c-423a-91fe-23981ee7bc04:192.168.36.99:44676, c6990e1c-bb7c-4cd7-a65c-0e47d5f09a21:192.168.36.99:45374, aa186f79-d556-4a33-825f-255f36f4ca35:192.168.36.99:42046], old=null, confs=<EMPTY_MAP>
2019-08-20 15:01:34,468 [pool-71-thread-1] INFO  server.RaftServerConfigKeys (ConfUtils.java:logGet(43)) - raft.server.storage.dir = [/workdir/hadoop-ozone/integration-test/target/test-dir/MiniOzoneClusterImpl-6c4688aa-211a-4a21-81fa-acbd3405623e/datanode-4/data/ratis] (custom)
2019-08-20 15:01:34,468 [pool-60-thread-1] INFO  impl.RaftServerImpl (RaftServerImpl.java:<init>(93)) - c6990e1c-bb7c-4cd7-a65c-0e47d5f09a21: new RaftServerImpl for group-A29C53895826:[7b5d2d4e-3a0c-423a-91fe-23981ee7bc04:192.168.36.99:44676, c6990e1c-bb7c-4cd7-a65c-0e47d5f09a21:192.168.36.99:45374, aa186f79-d556-4a33-825f-255f36f4ca35:192.168.36.99:42046] with ContainerStateMachine:uninitialized
2019-08-20 15:01:34,468 [pool-60-thread-1] INFO  server.RaftServerConfigKeys (ConfUtils.java:logGet(43)) - raft.server.rpc.timeout.min = 5s (custom)
2019-08-20 15:01:34,468 [pool-60-thread-1] INFO  server.RaftServerConfigKeys (ConfUtils.java:logGet(43)) - raft.server.rpc.timeout.max = 5200ms (custom)
2019-08-20 15:01:34,468 [pool-71-thread-1] INFO  storage.RaftStorageDirectory (RaftStorageDirectory.java:analyzeStorage(246)) - The storage directory /workdir/hadoop-ozone/integration-test/target/test-dir/MiniOzoneClusterImpl-6c4688aa-211a-4a21-81fa-acbd3405623e/datanode-4/data/ratis/334b1b4a-8f40-476a-b4ba-a29c53895826 does not exist. Creating ...
2019-08-20 15:01:34,468 [pool-60-thread-1] INFO  server.RaftServerConfigKeys (ConfUtils.java:logGet(43)) - raft.server.rpcslowness.timeout = 120s (custom)
2019-08-20 15:01:34,468 [pool-60-thread-1] INFO  server.RaftServerConfigKeys (ConfUtils.java:logGet(43)) - raft.server.sleep.deviation.threshold = 300 (default)
2019-08-20 15:01:34,468 [pool-60-thread-1] INFO  server.RaftServerConfigKeys (ConfUtils.java:logGet(43)) - raft.server.log.appender.install.snapshot.enabled = false (custom)
2019-08-20 15:01:34,468 [pool-60-thread-1] INFO  impl.RaftServerImpl (ServerState.java:<init>(105)) - c6990e1c-bb7c-4cd7-a65c-0e47d5f09a21:group-A29C53895826 ConfigurationManager, init=-1: [7b5d2d4e-3a0c-423a-91fe-23981ee7bc04:192.168.36.99:44676, c6990e1c-bb7c-4cd7-a65c-0e47d5f09a21:192.168.36.99:45374, aa186f79-d556-4a33-825f-255f36f4ca35:192.168.36.99:42046], old=null, confs=<EMPTY_MAP>
2019-08-20 15:01:34,468 [pool-60-thread-1] INFO  server.RaftServerConfigKeys (ConfUtils.java:logGet(43)) - raft.server.storage.dir = [/workdir/hadoop-ozone/integration-test/target/test-dir/MiniOzoneClusterImpl-6c4688aa-211a-4a21-81fa-acbd3405623e/datanode-3/data/ratis] (custom)
2019-08-20 15:01:34,469 [pool-60-thread-1] INFO  storage.RaftStorageDirectory (RaftStorageDirectory.java:analyzeStorage(246)) - The storage directory /workdir/hadoop-ozone/integration-test/target/test-dir/MiniOzoneClusterImpl-6c4688aa-211a-4a21-81fa-acbd3405623e/datanode-3/data/ratis/334b1b4a-8f40-476a-b4ba-a29c53895826 does not exist. Creating ...
2019-08-20 15:01:34,475 [grpc-default-executor-0] INFO  impl.RaftServerProxy (RaftServerProxy.java:addNew(89)) - 7b5d2d4e-3a0c-423a-91fe-23981ee7bc04: addNew group-A29C53895826:[7b5d2d4e-3a0c-423a-91fe-23981ee7bc04:192.168.36.99:44676, c6990e1c-bb7c-4cd7-a65c-0e47d5f09a21:192.168.36.99:45374, aa186f79-d556-4a33-825f-255f36f4ca35:192.168.36.99:42046] returns group-A29C53895826:java.util.concurrent.CompletableFuture@167df277[Not completed]
2019-08-20 15:01:34,476 [pool-82-thread-1] INFO  impl.RaftServerImpl (RaftServerImpl.java:<init>(93)) - 7b5d2d4e-3a0c-423a-91fe-23981ee7bc04: new RaftServerImpl for group-A29C53895826:[7b5d2d4e-3a0c-423a-91fe-23981ee7bc04:192.168.36.99:44676, c6990e1c-bb7c-4cd7-a65c-0e47d5f09a21:192.168.36.99:45374, aa186f79-d556-4a33-825f-255f36f4ca35:192.168.36.99:42046] with ContainerStateMachine:uninitialized
2019-08-20 15:01:34,476 [pool-82-thread-1] INFO  server.RaftServerConfigKeys (ConfUtils.java:logGet(43)) - raft.server.rpc.timeout.min = 5s (custom)
2019-08-20 15:01:34,476 [pool-82-thread-1] INFO  server.RaftServerConfigKeys (ConfUtils.java:logGet(43)) - raft.server.rpc.timeout.max = 5200ms (custom)
2019-08-20 15:01:34,476 [pool-82-thread-1] INFO  server.RaftServerConfigKeys (ConfUtils.java:logGet(43)) - raft.server.rpcslowness.timeout = 120s (custom)
2019-08-20 15:01:34,476 [pool-82-thread-1] INFO  server.RaftServerConfigKeys (ConfUtils.java:logGet(43)) - raft.server.sleep.deviation.threshold = 300 (default)
2019-08-20 15:01:34,476 [pool-82-thread-1] INFO  server.RaftServerConfigKeys (ConfUtils.java:logGet(43)) - raft.server.log.appender.install.snapshot.enabled = false (custom)
2019-08-20 15:01:34,477 [pool-82-thread-1] INFO  impl.RaftServerImpl (ServerState.java:<init>(105)) - 7b5d2d4e-3a0c-423a-91fe-23981ee7bc04:group-A29C53895826 ConfigurationManager, init=-1: [7b5d2d4e-3a0c-423a-91fe-23981ee7bc04:192.168.36.99:44676, c6990e1c-bb7c-4cd7-a65c-0e47d5f09a21:192.168.36.99:45374, aa186f79-d556-4a33-825f-255f36f4ca35:192.168.36.99:42046], old=null, confs=<EMPTY_MAP>
2019-08-20 15:01:34,477 [pool-82-thread-1] INFO  server.RaftServerConfigKeys (ConfUtils.java:logGet(43)) - raft.server.storage.dir = [/workdir/hadoop-ozone/integration-test/target/test-dir/MiniOzoneClusterImpl-6c4688aa-211a-4a21-81fa-acbd3405623e/datanode-5/data/ratis] (custom)
2019-08-20 15:01:34,477 [pool-82-thread-1] INFO  storage.RaftStorageDirectory (RaftStorageDirectory.java:analyzeStorage(246)) - The storage directory /workdir/hadoop-ozone/integration-test/target/test-dir/MiniOzoneClusterImpl-6c4688aa-211a-4a21-81fa-acbd3405623e/datanode-5/data/ratis/334b1b4a-8f40-476a-b4ba-a29c53895826 does not exist. Creating ...
2019-08-20 15:01:34,521 | INFO  | SCMAudit | user=jenkins1000 | ip=192.168.36.99 | op=SEND_HEARTBEAT {datanodeUUID=fa299a0c-a57e-46eb-8783-406416da04aa, command=[]} | ret=SUCCESS |  
2019-08-20 15:01:34,527 [pool-82-thread-1] INFO  storage.RaftStorageDirectory (RaftStorageDirectory.java:tryLock(328)) - Lock on /workdir/hadoop-ozone/integration-test/target/test-dir/MiniOzoneClusterImpl-6c4688aa-211a-4a21-81fa-acbd3405623e/datanode-5/data/ratis/334b1b4a-8f40-476a-b4ba-a29c53895826/in_use.lock acquired by nodename 4043@pr-hdds-1950-vsl5z-1698008226
2019-08-20 15:01:34,527 [pool-60-thread-1] INFO  storage.RaftStorageDirectory (RaftStorageDirectory.java:tryLock(328)) - Lock on /workdir/hadoop-ozone/integration-test/target/test-dir/MiniOzoneClusterImpl-6c4688aa-211a-4a21-81fa-acbd3405623e/datanode-3/data/ratis/334b1b4a-8f40-476a-b4ba-a29c53895826/in_use.lock acquired by nodename 4043@pr-hdds-1950-vsl5z-1698008226
2019-08-20 15:01:34,527 [pool-71-thread-1] INFO  storage.RaftStorageDirectory (RaftStorageDirectory.java:tryLock(328)) - Lock on /workdir/hadoop-ozone/integration-test/target/test-dir/MiniOzoneClusterImpl-6c4688aa-211a-4a21-81fa-acbd3405623e/datanode-4/data/ratis/334b1b4a-8f40-476a-b4ba-a29c53895826/in_use.lock acquired by nodename 4043@pr-hdds-1950-vsl5z-1698008226
2019-08-20 15:01:34,550 [pool-60-thread-1] INFO  storage.RaftStorage (RaftStorage.java:format(72)) - Storage directory /workdir/hadoop-ozone/integration-test/target/test-dir/MiniOzoneClusterImpl-6c4688aa-211a-4a21-81fa-acbd3405623e/datanode-3/data/ratis/334b1b4a-8f40-476a-b4ba-a29c53895826 has been successfully formatted.
2019-08-20 15:01:34,550 [pool-71-thread-1] INFO  storage.RaftStorage (RaftStorage.java:format(72)) - Storage directory /workdir/hadoop-ozone/integration-test/target/test-dir/MiniOzoneClusterImpl-6c4688aa-211a-4a21-81fa-acbd3405623e/datanode-4/data/ratis/334b1b4a-8f40-476a-b4ba-a29c53895826 has been successfully formatted.
2019-08-20 15:01:34,550 [pool-82-thread-1] INFO  storage.RaftStorage (RaftStorage.java:format(72)) - Storage directory /workdir/hadoop-ozone/integration-test/target/test-dir/MiniOzoneClusterImpl-6c4688aa-211a-4a21-81fa-acbd3405623e/datanode-5/data/ratis/334b1b4a-8f40-476a-b4ba-a29c53895826 has been successfully formatted.
2019-08-20 15:01:34,551 [pool-60-thread-1] INFO  ratis.ContainerStateMachine (ContainerStateMachine.java:loadSnapshot(222)) - group-A29C53895826: The snapshot info is null. Setting the last applied indexto:(t:0, i:~)
2019-08-20 15:01:34,551 [pool-71-thread-1] INFO  ratis.ContainerStateMachine (ContainerStateMachine.java:loadSnapshot(222)) - group-A29C53895826: The snapshot info is null. Setting the last applied indexto:(t:0, i:~)
2019-08-20 15:01:34,551 [pool-60-thread-1] INFO  server.RaftServerConfigKeys (ConfUtils.java:logGet(43)) - raft.server.leader.election.timeout = 120s (custom)
2019-08-20 15:01:34,551 [pool-82-thread-1] INFO  ratis.ContainerStateMachine (ContainerStateMachine.java:loadSnapshot(222)) - group-A29C53895826: The snapshot info is null. Setting the last applied indexto:(t:0, i:~)
2019-08-20 15:01:34,551 [pool-60-thread-1] INFO  server.RaftServerConfigKeys (ConfUtils.java:logGet(43)) - raft.server.log.use.memory = false (default)
2019-08-20 15:01:34,551 [pool-71-thread-1] INFO  server.RaftServerConfigKeys (ConfUtils.java:logGet(43)) - raft.server.leader.election.timeout = 120s (custom)
2019-08-20 15:01:34,551 [pool-60-thread-1] INFO  server.RaftServerConfigKeys (ConfUtils.java:logGet(43)) - raft.server.log.purge.gap = 1000000 (custom)
2019-08-20 15:01:34,551 [pool-82-thread-1] INFO  server.RaftServerConfigKeys (ConfUtils.java:logGet(43)) - raft.server.leader.election.timeout = 120s (custom)
2019-08-20 15:01:34,552 [pool-60-thread-1] INFO  server.RaftServerConfigKeys (ConfUtils.java:logGet(43)) - raft.server.log.appender.buffer.byte-limit = 33554432 (custom)
2019-08-20 15:01:34,552 [pool-71-thread-1] INFO  server.RaftServerConfigKeys (ConfUtils.java:logGet(43)) - raft.server.log.use.memory = false (default)
2019-08-20 15:01:34,552 [pool-60-thread-1] INFO  server.RaftServerConfigKeys (ConfUtils.java:logGet(43)) - raft.server.log.segment.size.max = 1048576 (custom)
2019-08-20 15:01:34,552 [pool-82-thread-1] INFO  server.RaftServerConfigKeys (ConfUtils.java:logGet(43)) - raft.server.log.use.memory = false (default)
2019-08-20 15:01:34,552 [pool-60-thread-1] INFO  server.RaftServerConfigKeys (ConfUtils.java:logGet(43)) - raft.server.log.segment.cache.num.max = 2 (custom)
2019-08-20 15:01:34,552 [pool-71-thread-1] INFO  server.RaftServerConfigKeys (ConfUtils.java:logGet(43)) - raft.server.log.purge.gap = 1000000 (custom)
2019-08-20 15:01:34,552 [pool-60-thread-1] INFO  segmented.SegmentedRaftLogWorker (SegmentedRaftLogWorker.java:<init>(172)) - new c6990e1c-bb7c-4cd7-a65c-0e47d5f09a21-SegmentedRaftLogWorker:Storage Directory /workdir/hadoop-ozone/integration-test/target/test-dir/MiniOzoneClusterImpl-6c4688aa-211a-4a21-81fa-acbd3405623e/datanode-3/data/ratis/334b1b4a-8f40-476a-b4ba-a29c53895826 for RaftStorage:Storage Directory /workdir/hadoop-ozone/integration-test/target/test-dir/MiniOzoneClusterImpl-6c4688aa-211a-4a21-81fa-acbd3405623e/datanode-3/data/ratis/334b1b4a-8f40-476a-b4ba-a29c53895826
2019-08-20 15:01:34,552 [pool-82-thread-1] INFO  server.RaftServerConfigKeys (ConfUtils.java:logGet(43)) - raft.server.log.purge.gap = 1000000 (custom)
2019-08-20 15:01:34,553 [pool-60-thread-1] INFO  server.RaftServerConfigKeys (ConfUtils.java:logGet(43)) - raft.server.log.queue.byte-limit = 2147483647 (custom)
2019-08-20 15:01:34,553 [pool-71-thread-1] INFO  server.RaftServerConfigKeys (ConfUtils.java:logGet(43)) - raft.server.log.appender.buffer.byte-limit = 33554432 (custom)
2019-08-20 15:01:34,555 [pool-60-thread-1] INFO  server.RaftServerConfigKeys (ConfUtils.java:logGet(43)) - raft.server.log.queue.element-limit = 1024 (custom)
2019-08-20 15:01:34,553 [pool-82-thread-1] INFO  server.RaftServerConfigKeys (ConfUtils.java:logGet(43)) - raft.server.log.appender.buffer.byte-limit = 33554432 (custom)
2019-08-20 15:01:34,555 [pool-60-thread-1] INFO  server.RaftServerConfigKeys (ConfUtils.java:logGet(43)) - raft.server.log.segment.size.max = 1048576 (custom)
2019-08-20 15:01:34,555 [pool-71-thread-1] INFO  server.RaftServerConfigKeys (ConfUtils.java:logGet(43)) - raft.server.log.segment.size.max = 1048576 (custom)
2019-08-20 15:01:34,555 [pool-60-thread-1] INFO  server.RaftServerConfigKeys (ConfUtils.java:logGet(43)) - raft.server.log.preallocated.size = 16384 (custom)
2019-08-20 15:01:34,555 [pool-82-thread-1] INFO  server.RaftServerConfigKeys (ConfUtils.java:logGet(43)) - raft.server.log.segment.size.max = 1048576 (custom)
2019-08-20 15:01:34,555 [pool-60-thread-1] INFO  server.RaftServerConfigKeys (ConfUtils.java:logGet(43)) - raft.server.log.write.buffer.size = 33554432 (custom)
2019-08-20 15:01:34,555 [pool-71-thread-1] INFO  server.RaftServerConfigKeys (ConfUtils.java:logGet(43)) - raft.server.log.segment.cache.num.max = 2 (custom)
2019-08-20 15:01:34,556 [pool-60-thread-1] INFO  server.RaftServerConfigKeys (ConfUtils.java:logGet(43)) - raft.server.log.force.sync.num = 128 (default)
2019-08-20 15:01:34,556 [pool-82-thread-1] INFO  server.RaftServerConfigKeys (ConfUtils.java:logGet(43)) - raft.server.log.segment.cache.num.max = 2 (custom)
2019-08-20 15:01:34,556 [pool-60-thread-1] INFO  server.RaftServerConfigKeys (ConfUtils.java:logGet(43)) - raft.server.log.statemachine.data.sync = true (default)
2019-08-20 15:01:34,556 [pool-71-thread-1] INFO  segmented.SegmentedRaftLogWorker (SegmentedRaftLogWorker.java:<init>(172)) - new aa186f79-d556-4a33-825f-255f36f4ca35-SegmentedRaftLogWorker:Storage Directory /workdir/hadoop-ozone/integration-test/target/test-dir/MiniOzoneClusterImpl-6c4688aa-211a-4a21-81fa-acbd3405623e/datanode-4/data/ratis/334b1b4a-8f40-476a-b4ba-a29c53895826 for RaftStorage:Storage Directory /workdir/hadoop-ozone/integration-test/target/test-dir/MiniOzoneClusterImpl-6c4688aa-211a-4a21-81fa-acbd3405623e/datanode-4/data/ratis/334b1b4a-8f40-476a-b4ba-a29c53895826
2019-08-20 15:01:34,556 [pool-60-thread-1] INFO  server.RaftServerConfigKeys (ConfUtils.java:logGet(43)) - raft.server.log.statemachine.data.sync.timeout = 10s (default)
2019-08-20 15:01:34,556 [pool-82-thread-1] INFO  segmented.SegmentedRaftLogWorker (SegmentedRaftLogWorker.java:<init>(172)) - new 7b5d2d4e-3a0c-423a-91fe-23981ee7bc04-SegmentedRaftLogWorker:Storage Directory /workdir/hadoop-ozone/integration-test/target/test-dir/MiniOzoneClusterImpl-6c4688aa-211a-4a21-81fa-acbd3405623e/datanode-5/data/ratis/334b1b4a-8f40-476a-b4ba-a29c53895826 for RaftStorage:Storage Directory /workdir/hadoop-ozone/integration-test/target/test-dir/MiniOzoneClusterImpl-6c4688aa-211a-4a21-81fa-acbd3405623e/datanode-5/data/ratis/334b1b4a-8f40-476a-b4ba-a29c53895826
2019-08-20 15:01:34,556 [pool-60-thread-1] INFO  server.RaftServerConfigKeys (ConfUtils.java:logGet(43)) - raft.server.log.statemachine.data.sync.timeout.retry = -1 (default)
2019-08-20 15:01:34,556 [pool-71-thread-1] INFO  server.RaftServerConfigKeys (ConfUtils.java:logGet(43)) - raft.server.log.queue.byte-limit = 2147483647 (custom)
2019-08-20 15:01:34,557 [pool-82-thread-1] INFO  server.RaftServerConfigKeys (ConfUtils.java:logGet(43)) - raft.server.log.queue.byte-limit = 2147483647 (custom)
2019-08-20 15:01:34,559 [pool-71-thread-1] INFO  server.RaftServerConfigKeys (ConfUtils.java:logGet(43)) - raft.server.log.queue.element-limit = 1024 (custom)
2019-08-20 15:01:34,559 [pool-60-thread-1] INFO  server.RaftServerConfigKeys (ConfUtils.java:logGet(43)) - raft.server.log.statemachine.data.caching.enabled = true (custom)
2019-08-20 15:01:34,559 [pool-71-thread-1] INFO  server.RaftServerConfigKeys (ConfUtils.java:logGet(43)) - raft.server.log.segment.size.max = 1048576 (custom)
2019-08-20 15:01:34,559 [pool-82-thread-1] INFO  server.RaftServerConfigKeys (ConfUtils.java:logGet(43)) - raft.server.log.queue.element-limit = 1024 (custom)
2019-08-20 15:01:34,559 [pool-71-thread-1] INFO  server.RaftServerConfigKeys (ConfUtils.java:logGet(43)) - raft.server.log.preallocated.size = 16384 (custom)
2019-08-20 15:01:34,559 [pool-82-thread-1] INFO  server.RaftServerConfigKeys (ConfUtils.java:logGet(43)) - raft.server.log.segment.size.max = 1048576 (custom)
2019-08-20 15:01:34,559 [pool-60-thread-1] INFO  segmented.SegmentedRaftLogWorker (SegmentedRaftLogWorker.java:lambda$new$0(132)) - c6990e1c-bb7c-4cd7-a65c-0e47d5f09a21-SegmentedRaftLogWorker:Storage Directory /workdir/hadoop-ozone/integration-test/target/test-dir/MiniOzoneClusterImpl-6c4688aa-211a-4a21-81fa-acbd3405623e/datanode-3/data/ratis/334b1b4a-8f40-476a-b4ba-a29c53895826: flushIndex: setUnconditionally 0 -> -1
2019-08-20 15:01:34,559 [pool-82-thread-1] INFO  server.RaftServerConfigKeys (ConfUtils.java:logGet(43)) - raft.server.log.preallocated.size = 16384 (custom)
2019-08-20 15:01:34,559 [pool-71-thread-1] INFO  server.RaftServerConfigKeys (ConfUtils.java:logGet(43)) - raft.server.log.write.buffer.size = 33554432 (custom)
2019-08-20 15:01:34,560 [pool-60-thread-1] INFO  server.RaftServerConfigKeys (ConfUtils.java:logGet(43)) - raft.server.snapshot.auto.trigger.enabled = true (custom)
2019-08-20 15:01:34,560 [pool-71-thread-1] INFO  server.RaftServerConfigKeys (ConfUtils.java:logGet(43)) - raft.server.log.force.sync.num = 128 (default)
2019-08-20 15:01:34,559 [pool-82-thread-1] INFO  server.RaftServerConfigKeys (ConfUtils.java:logGet(43)) - raft.server.log.write.buffer.size = 33554432 (custom)
2019-08-20 15:01:34,560 [pool-71-thread-1] INFO  server.RaftServerConfigKeys (ConfUtils.java:logGet(43)) - raft.server.log.statemachine.data.sync = true (default)
2019-08-20 15:01:34,560 [pool-60-thread-1] INFO  server.RaftServerConfigKeys (ConfUtils.java:logGet(43)) - raft.server.snapshot.auto.trigger.threshold = 10000 (custom)
2019-08-20 15:01:34,560 [pool-71-thread-1] INFO  server.RaftServerConfigKeys (ConfUtils.java:logGet(43)) - raft.server.log.statemachine.data.sync.timeout = 10s (default)
2019-08-20 15:01:34,560 [pool-82-thread-1] INFO  server.RaftServerConfigKeys (ConfUtils.java:logGet(43)) - raft.server.log.force.sync.num = 128 (default)
2019-08-20 15:01:34,560 [pool-60-thread-1] INFO  server.RaftServerConfigKeys (ConfUtils.java:logGet(43)) - raft.server.retrycache.expirytime = 600000ms (custom)
2019-08-20 15:01:34,560 [pool-71-thread-1] INFO  server.RaftServerConfigKeys (ConfUtils.java:logGet(43)) - raft.server.log.statemachine.data.sync.timeout.retry = -1 (default)
2019-08-20 15:01:34,560 [pool-82-thread-1] INFO  server.RaftServerConfigKeys (ConfUtils.java:logGet(43)) - raft.server.log.statemachine.data.sync = true (default)
2019-08-20 15:01:34,560 [pool-71-thread-1] INFO  server.RaftServerConfigKeys (ConfUtils.java:logGet(43)) - raft.server.log.statemachine.data.caching.enabled = true (custom)
2019-08-20 15:01:34,560 [pool-60-thread-1] INFO  impl.RaftServerImpl (RaftServerImpl.java:start(180)) - c6990e1c-bb7c-4cd7-a65c-0e47d5f09a21: start group-A29C53895826
2019-08-20 15:01:34,561 [pool-60-thread-1] INFO  impl.RaftServerImpl (RaftServerImpl.java:setRole(171)) - c6990e1c-bb7c-4cd7-a65c-0e47d5f09a21:group-A29C53895826 changes role from null to FOLLOWER at term 0 for startAsFollower
2019-08-20 15:01:34,561 [pool-82-thread-1] INFO  server.RaftServerConfigKeys (ConfUtils.java:logGet(43)) - raft.server.log.statemachine.data.sync.timeout = 10s (default)
2019-08-20 15:01:34,561 [pool-60-thread-1] INFO  impl.RoleInfo (RoleInfo.java:updateAndGet(143)) - c6990e1c-bb7c-4cd7-a65c-0e47d5f09a21: start FollowerState
2019-08-20 15:01:34,561 [pool-71-thread-1] INFO  segmented.SegmentedRaftLogWorker (SegmentedRaftLogWorker.java:lambda$new$0(132)) - aa186f79-d556-4a33-825f-255f36f4ca35-SegmentedRaftLogWorker:Storage Directory /workdir/hadoop-ozone/integration-test/target/test-dir/MiniOzoneClusterImpl-6c4688aa-211a-4a21-81fa-acbd3405623e/datanode-4/data/ratis/334b1b4a-8f40-476a-b4ba-a29c53895826: flushIndex: setUnconditionally 0 -> -1
2019-08-20 15:01:34,561 [pool-82-thread-1] INFO  server.RaftServerConfigKeys (ConfUtils.java:logGet(43)) - raft.server.log.statemachine.data.sync.timeout.retry = -1 (default)
2019-08-20 15:01:34,561 [pool-71-thread-1] INFO  server.RaftServerConfigKeys (ConfUtils.java:logGet(43)) - raft.server.snapshot.auto.trigger.enabled = true (custom)
2019-08-20 15:01:34,561 [pool-82-thread-1] INFO  server.RaftServerConfigKeys (ConfUtils.java:logGet(43)) - raft.server.log.statemachine.data.caching.enabled = true (custom)
2019-08-20 15:01:34,561 [pool-60-thread-1] INFO  util.JmxRegister (JmxRegister.java:tryRegister(44)) - Successfully registered JMX Bean with object name Ratis:service=RaftServer,group=group-A29C53895826,id=c6990e1c-bb7c-4cd7-a65c-0e47d5f09a21
2019-08-20 15:01:34,561 [pool-71-thread-1] INFO  server.RaftServerConfigKeys (ConfUtils.java:logGet(43)) - raft.server.snapshot.auto.trigger.threshold = 10000 (custom)
2019-08-20 15:01:34,561 [pool-82-thread-1] INFO  segmented.SegmentedRaftLogWorker (SegmentedRaftLogWorker.java:lambda$new$0(132)) - 7b5d2d4e-3a0c-423a-91fe-23981ee7bc04-SegmentedRaftLogWorker:Storage Directory /workdir/hadoop-ozone/integration-test/target/test-dir/MiniOzoneClusterImpl-6c4688aa-211a-4a21-81fa-acbd3405623e/datanode-5/data/ratis/334b1b4a-8f40-476a-b4ba-a29c53895826: flushIndex: setUnconditionally 0 -> -1
2019-08-20 15:01:34,562 [pool-71-thread-1] INFO  server.RaftServerConfigKeys (ConfUtils.java:logGet(43)) - raft.server.retrycache.expirytime = 600000ms (custom)
2019-08-20 15:01:34,562 [pool-82-thread-1] INFO  server.RaftServerConfigKeys (ConfUtils.java:logGet(43)) - raft.server.snapshot.auto.trigger.enabled = true (custom)
2019-08-20 15:01:34,562 [pool-71-thread-1] INFO  impl.RaftServerImpl (RaftServerImpl.java:start(180)) - aa186f79-d556-4a33-825f-255f36f4ca35: start group-A29C53895826
2019-08-20 15:01:34,562 [pool-82-thread-1] INFO  server.RaftServerConfigKeys (ConfUtils.java:logGet(43)) - raft.server.snapshot.auto.trigger.threshold = 10000 (custom)
2019-08-20 15:01:34,562 [pool-71-thread-1] INFO  impl.RaftServerImpl (RaftServerImpl.java:setRole(171)) - aa186f79-d556-4a33-825f-255f36f4ca35:group-A29C53895826 changes role from null to FOLLOWER at term 0 for startAsFollower
2019-08-20 15:01:34,562 [pool-82-thread-1] INFO  server.RaftServerConfigKeys (ConfUtils.java:logGet(43)) - raft.server.retrycache.expirytime = 600000ms (custom)
2019-08-20 15:01:34,562 [pool-71-thread-1] INFO  impl.RoleInfo (RoleInfo.java:updateAndGet(143)) - aa186f79-d556-4a33-825f-255f36f4ca35: start FollowerState
2019-08-20 15:01:34,562 [pool-82-thread-1] INFO  impl.RaftServerImpl (RaftServerImpl.java:start(180)) - 7b5d2d4e-3a0c-423a-91fe-23981ee7bc04: start group-A29C53895826
2019-08-20 15:01:34,562 [pool-82-thread-1] INFO  impl.RaftServerImpl (RaftServerImpl.java:setRole(171)) - 7b5d2d4e-3a0c-423a-91fe-23981ee7bc04:group-A29C53895826 changes role from null to FOLLOWER at term 0 for startAsFollower
2019-08-20 15:01:34,562 [pool-82-thread-1] INFO  impl.RoleInfo (RoleInfo.java:updateAndGet(143)) - 7b5d2d4e-3a0c-423a-91fe-23981ee7bc04: start FollowerState
2019-08-20 15:01:34,562 [pool-71-thread-1] INFO  util.JmxRegister (JmxRegister.java:tryRegister(44)) - Successfully registered JMX Bean with object name Ratis:service=RaftServer,group=group-A29C53895826,id=aa186f79-d556-4a33-825f-255f36f4ca35
2019-08-20 15:01:34,563 [pool-82-thread-1] INFO  util.JmxRegister (JmxRegister.java:tryRegister(44)) - Successfully registered JMX Bean with object name Ratis:service=RaftServer,group=group-A29C53895826,id=7b5d2d4e-3a0c-423a-91fe-23981ee7bc04
2019-08-20 15:01:34,581 [RatisPipelineUtilsThread] INFO  pipeline.PipelineStateManager (PipelineStateManager.java:addPipeline(56)) - Created pipeline Pipeline[ Id: 334b1b4a-8f40-476a-b4ba-a29c53895826, Nodes: 7b5d2d4e-3a0c-423a-91fe-23981ee7bc04{ip: 192.168.36.99, host: pr-hdds-1950-vsl5z-1698008226, networkLocation: /default-rack, certSerialId: null}c6990e1c-bb7c-4cd7-a65c-0e47d5f09a21{ip: 192.168.36.99, host: pr-hdds-1950-vsl5z-1698008226, networkLocation: /default-rack, certSerialId: null}aa186f79-d556-4a33-825f-255f36f4ca35{ip: 192.168.36.99, host: pr-hdds-1950-vsl5z-1698008226, networkLocation: /default-rack, certSerialId: null}, Type:RATIS, Factor:THREE, State:OPEN]
2019-08-20 15:01:34,605 [grpc-default-executor-2] INFO  impl.RaftServerProxy (RaftServerProxy.java:addNew(89)) - 5c1b434c-ba47-498c-8220-e38c999f4a86: addNew group-9F811BC720EA:[fa299a0c-a57e-46eb-8783-406416da04aa:192.168.36.99:45177, 5c1b434c-ba47-498c-8220-e38c999f4a86:192.168.36.99:37317, fa81d38e-d0a7-48ac-a146-d2415b539be8:192.168.36.99:38233] returns group-9F811BC720EA:java.util.concurrent.CompletableFuture@1f83ae62[Not completed]
2019-08-20 15:01:34,605 [grpc-default-executor-0] INFO  impl.RaftServerProxy (RaftServerProxy.java:addNew(89)) - fa299a0c-a57e-46eb-8783-406416da04aa: addNew group-9F811BC720EA:[fa299a0c-a57e-46eb-8783-406416da04aa:192.168.36.99:45177, 5c1b434c-ba47-498c-8220-e38c999f4a86:192.168.36.99:37317, fa81d38e-d0a7-48ac-a146-d2415b539be8:192.168.36.99:38233] returns group-9F811BC720EA:java.util.concurrent.CompletableFuture@5662c3c8[Not completed]
2019-08-20 15:01:34,606 [grpc-default-executor-1] INFO  impl.RaftServerProxy (RaftServerProxy.java:addNew(89)) - fa81d38e-d0a7-48ac-a146-d2415b539be8: addNew group-9F811BC720EA:[fa299a0c-a57e-46eb-8783-406416da04aa:192.168.36.99:45177, 5c1b434c-ba47-498c-8220-e38c999f4a86:192.168.36.99:37317, fa81d38e-d0a7-48ac-a146-d2415b539be8:192.168.36.99:38233] returns group-9F811BC720EA:java.util.concurrent.CompletableFuture@5ee0d225[Not completed]
2019-08-20 15:01:34,607 [pool-49-thread-1] INFO  impl.RaftServerImpl (RaftServerImpl.java:<init>(93)) - 5c1b434c-ba47-498c-8220-e38c999f4a86: new RaftServerImpl for group-9F811BC720EA:[fa299a0c-a57e-46eb-8783-406416da04aa:192.168.36.99:45177, 5c1b434c-ba47-498c-8220-e38c999f4a86:192.168.36.99:37317, fa81d38e-d0a7-48ac-a146-d2415b539be8:192.168.36.99:38233] with ContainerStateMachine:uninitialized
2019-08-20 15:01:34,608 [pool-49-thread-1] INFO  server.RaftServerConfigKeys (ConfUtils.java:logGet(43)) - raft.server.rpc.timeout.min = 5s (custom)
2019-08-20 15:01:34,608 [pool-49-thread-1] INFO  server.RaftServerConfigKeys (ConfUtils.java:logGet(43)) - raft.server.rpc.timeout.max = 5200ms (custom)
2019-08-20 15:01:34,608 [pool-49-thread-1] INFO  server.RaftServerConfigKeys (ConfUtils.java:logGet(43)) - raft.server.rpcslowness.timeout = 120s (custom)
2019-08-20 15:01:34,608 [pool-49-thread-1] INFO  server.RaftServerConfigKeys (ConfUtils.java:logGet(43)) - raft.server.sleep.deviation.threshold = 300 (default)
2019-08-20 15:01:34,608 [pool-49-thread-1] INFO  server.RaftServerConfigKeys (ConfUtils.java:logGet(43)) - raft.server.log.appender.install.snapshot.enabled = false (custom)
2019-08-20 15:01:34,608 [pool-49-thread-1] INFO  impl.RaftServerImpl (ServerState.java:<init>(105)) - 5c1b434c-ba47-498c-8220-e38c999f4a86:group-9F811BC720EA ConfigurationManager, init=-1: [fa299a0c-a57e-46eb-8783-406416da04aa:192.168.36.99:45177, 5c1b434c-ba47-498c-8220-e38c999f4a86:192.168.36.99:37317, fa81d38e-d0a7-48ac-a146-d2415b539be8:192.168.36.99:38233], old=null, confs=<EMPTY_MAP>
2019-08-20 15:01:34,608 [pool-38-thread-1] INFO  impl.RaftServerImpl (RaftServerImpl.java:<init>(93)) - fa81d38e-d0a7-48ac-a146-d2415b539be8: new RaftServerImpl for group-9F811BC720EA:[fa299a0c-a57e-46eb-8783-406416da04aa:192.168.36.99:45177, 5c1b434c-ba47-498c-8220-e38c999f4a86:192.168.36.99:37317, fa81d38e-d0a7-48ac-a146-d2415b539be8:192.168.36.99:38233] with ContainerStateMachine:uninitialized
2019-08-20 15:01:34,608 [pool-49-thread-1] INFO  server.RaftServerConfigKeys (ConfUtils.java:logGet(43)) - raft.server.storage.dir = [/workdir/hadoop-ozone/integration-test/target/test-dir/MiniOzoneClusterImpl-6c4688aa-211a-4a21-81fa-acbd3405623e/datanode-2/data/ratis] (custom)
2019-08-20 15:01:34,608 [pool-38-thread-1] INFO  server.RaftServerConfigKeys (ConfUtils.java:logGet(43)) - raft.server.rpc.timeout.min = 5s (custom)
2019-08-20 15:01:34,609 [pool-38-thread-1] INFO  server.RaftServerConfigKeys (ConfUtils.java:logGet(43)) - raft.server.rpc.timeout.max = 5200ms (custom)
2019-08-20 15:01:34,609 [pool-49-thread-1] INFO  storage.RaftStorageDirectory (RaftStorageDirectory.java:analyzeStorage(246)) - The storage directory /workdir/hadoop-ozone/integration-test/target/test-dir/MiniOzoneClusterImpl-6c4688aa-211a-4a21-81fa-acbd3405623e/datanode-2/data/ratis/757ef69d-95e8-4b31-92a8-9f811bc720ea does not exist. Creating ...
2019-08-20 15:01:34,609 [pool-38-thread-1] INFO  server.RaftServerConfigKeys (ConfUtils.java:logGet(43)) - raft.server.rpcslowness.timeout = 120s (custom)
2019-08-20 15:01:34,609 [pool-27-thread-1] INFO  impl.RaftServerImpl (RaftServerImpl.java:<init>(93)) - fa299a0c-a57e-46eb-8783-406416da04aa: new RaftServerImpl for group-9F811BC720EA:[fa299a0c-a57e-46eb-8783-406416da04aa:192.168.36.99:45177, 5c1b434c-ba47-498c-8220-e38c999f4a86:192.168.36.99:37317, fa81d38e-d0a7-48ac-a146-d2415b539be8:192.168.36.99:38233] with ContainerStateMachine:uninitialized
2019-08-20 15:01:34,609 [pool-38-thread-1] INFO  server.RaftServerConfigKeys (ConfUtils.java:logGet(43)) - raft.server.sleep.deviation.threshold = 300 (default)
2019-08-20 15:01:34,609 [pool-27-thread-1] INFO  server.RaftServerConfigKeys (ConfUtils.java:logGet(43)) - raft.server.rpc.timeout.min = 5s (custom)
2019-08-20 15:01:34,609 [pool-38-thread-1] INFO  server.RaftServerConfigKeys (ConfUtils.java:logGet(43)) - raft.server.log.appender.install.snapshot.enabled = false (custom)
2019-08-20 15:01:34,609 [pool-27-thread-1] INFO  server.RaftServerConfigKeys (ConfUtils.java:logGet(43)) - raft.server.rpc.timeout.max = 5200ms (custom)
2019-08-20 15:01:34,609 [pool-38-thread-1] INFO  impl.RaftServerImpl (ServerState.java:<init>(105)) - fa81d38e-d0a7-48ac-a146-d2415b539be8:group-9F811BC720EA ConfigurationManager, init=-1: [fa299a0c-a57e-46eb-8783-406416da04aa:192.168.36.99:45177, 5c1b434c-ba47-498c-8220-e38c999f4a86:192.168.36.99:37317, fa81d38e-d0a7-48ac-a146-d2415b539be8:192.168.36.99:38233], old=null, confs=<EMPTY_MAP>
2019-08-20 15:01:34,609 [pool-27-thread-1] INFO  server.RaftServerConfigKeys (ConfUtils.java:logGet(43)) - raft.server.rpcslowness.timeout = 120s (custom)
2019-08-20 15:01:34,609 [pool-38-thread-1] INFO  server.RaftServerConfigKeys (ConfUtils.java:logGet(43)) - raft.server.storage.dir = [/workdir/hadoop-ozone/integration-test/target/test-dir/MiniOzoneClusterImpl-6c4688aa-211a-4a21-81fa-acbd3405623e/datanode-1/data/ratis] (custom)
2019-08-20 15:01:34,609 [pool-27-thread-1] INFO  server.RaftServerConfigKeys (ConfUtils.java:logGet(43)) - raft.server.sleep.deviation.threshold = 300 (default)
2019-08-20 15:01:34,610 [pool-27-thread-1] INFO  server.RaftServerConfigKeys (ConfUtils.java:logGet(43)) - raft.server.log.appender.install.snapshot.enabled = false (custom)
2019-08-20 15:01:34,610 [pool-38-thread-1] INFO  storage.RaftStorageDirectory (RaftStorageDirectory.java:analyzeStorage(246)) - The storage directory /workdir/hadoop-ozone/integration-test/target/test-dir/MiniOzoneClusterImpl-6c4688aa-211a-4a21-81fa-acbd3405623e/datanode-1/data/ratis/757ef69d-95e8-4b31-92a8-9f811bc720ea does not exist. Creating ...
2019-08-20 15:01:34,610 [pool-27-thread-1] INFO  impl.RaftServerImpl (ServerState.java:<init>(105)) - fa299a0c-a57e-46eb-8783-406416da04aa:group-9F811BC720EA ConfigurationManager, init=-1: [fa299a0c-a57e-46eb-8783-406416da04aa:192.168.36.99:45177, 5c1b434c-ba47-498c-8220-e38c999f4a86:192.168.36.99:37317, fa81d38e-d0a7-48ac-a146-d2415b539be8:192.168.36.99:38233], old=null, confs=<EMPTY_MAP>
2019-08-20 15:01:34,610 [pool-27-thread-1] INFO  server.RaftServerConfigKeys (ConfUtils.java:logGet(43)) - raft.server.storage.dir = [/workdir/hadoop-ozone/integration-test/target/test-dir/MiniOzoneClusterImpl-6c4688aa-211a-4a21-81fa-acbd3405623e/datanode-0/data/ratis] (custom)
2019-08-20 15:01:34,610 [pool-27-thread-1] INFO  storage.RaftStorageDirectory (RaftStorageDirectory.java:analyzeStorage(246)) - The storage directory /workdir/hadoop-ozone/integration-test/target/test-dir/MiniOzoneClusterImpl-6c4688aa-211a-4a21-81fa-acbd3405623e/datanode-0/data/ratis/757ef69d-95e8-4b31-92a8-9f811bc720ea does not exist. Creating ...
2019-08-20 15:01:34,666 [Thread-0] INFO  ozone.MiniOzoneClusterImpl (MiniOzoneClusterImpl.java:lambda$waitForClusterToBeReady$0(142)) - Cluster is ready. Got 6 of 6 DN Heartbeats.
2019-08-20 15:01:34,729 | INFO  | SCMAudit | user=jenkins1000 | ip=192.168.36.99 | op=SEND_HEARTBEAT {datanodeUUID=fa81d38e-d0a7-48ac-a146-d2415b539be8, command=[]} | ret=SUCCESS |  
2019-08-20 15:01:35,199 | INFO  | SCMAudit | user=jenkins1000 | ip=192.168.36.99 | op=SEND_HEARTBEAT {datanodeUUID=c6990e1c-bb7c-4cd7-a65c-0e47d5f09a21, command=[]} | ret=SUCCESS |  
2019-08-20 15:01:35,199 | INFO  | SCMAudit | user=jenkins1000 | ip=192.168.36.99 | op=SEND_HEARTBEAT {datanodeUUID=5c1b434c-ba47-498c-8220-e38c999f4a86, command=[]} | ret=SUCCESS |  
2019-08-20 15:01:35,380 | INFO  | SCMAudit | user=jenkins1000 | ip=192.168.36.99 | op=SEND_HEARTBEAT {datanodeUUID=aa186f79-d556-4a33-825f-255f36f4ca35, command=[]} | ret=SUCCESS |  
2019-08-20 15:01:35,511 | INFO  | SCMAudit | user=jenkins1000 | ip=192.168.36.99 | op=SEND_HEARTBEAT {datanodeUUID=fa299a0c-a57e-46eb-8783-406416da04aa, command=[]} | ret=SUCCESS |  
2019-08-20 15:01:35,546 [Thread-223] INFO  container.ReplicationManager (ReplicationManager.java:start(152)) - Starting Replication Monitor Thread.
2019-08-20 15:01:35,548 [ReplicationMonitor] INFO  container.ReplicationManager (ReplicationManager.java:run(215)) - Replication Monitor Thread took 1 milliseconds for processing 0 containers.
2019-08-20 15:01:35,670 | INFO  | SCMAudit | user=jenkins1000 | ip=192.168.36.99 | op=SEND_HEARTBEAT {datanodeUUID=7b5d2d4e-3a0c-423a-91fe-23981ee7bc04, command=[]} | ret=SUCCESS |  
2019-08-20 15:01:35,739 | INFO  | SCMAudit | user=jenkins1000 | ip=192.168.36.99 | op=SEND_HEARTBEAT {datanodeUUID=fa81d38e-d0a7-48ac-a146-d2415b539be8, command=[]} | ret=SUCCESS |  
2019-08-20 15:01:36,199 | INFO  | SCMAudit | user=jenkins1000 | ip=192.168.36.99 | op=SEND_HEARTBEAT {datanodeUUID=5c1b434c-ba47-498c-8220-e38c999f4a86, command=[]} | ret=SUCCESS |  
2019-08-20 15:01:36,199 | INFO  | SCMAudit | user=jenkins1000 | ip=192.168.36.99 | op=SEND_HEARTBEAT {datanodeUUID=c6990e1c-bb7c-4cd7-a65c-0e47d5f09a21, command=[]} | ret=SUCCESS |  
2019-08-20 15:01:36,380 | INFO  | SCMAudit | user=jenkins1000 | ip=192.168.36.99 | op=SEND_HEARTBEAT {datanodeUUID=aa186f79-d556-4a33-825f-255f36f4ca35, command=[]} | ret=SUCCESS |  
2019-08-20 15:01:36,510 | INFO  | SCMAudit | user=jenkins1000 | ip=192.168.36.99 | op=SEND_HEARTBEAT {datanodeUUID=fa299a0c-a57e-46eb-8783-406416da04aa, command=[]} | ret=SUCCESS |  
2019-08-20 15:01:36,669 | INFO  | SCMAudit | user=jenkins1000 | ip=192.168.36.99 | op=SEND_HEARTBEAT {datanodeUUID=7b5d2d4e-3a0c-423a-91fe-23981ee7bc04, command=[]} | ret=SUCCESS |  
2019-08-20 15:01:36,729 | INFO  | SCMAudit | user=jenkins1000 | ip=192.168.36.99 | op=SEND_HEARTBEAT {datanodeUUID=fa81d38e-d0a7-48ac-a146-d2415b539be8, command=[]} | ret=SUCCESS |  
2019-08-20 15:01:37,198 | INFO  | SCMAudit | user=jenkins1000 | ip=192.168.36.99 | op=SEND_HEARTBEAT {datanodeUUID=5c1b434c-ba47-498c-8220-e38c999f4a86, command=[]} | ret=SUCCESS |  
2019-08-20 15:01:37,198 | INFO  | SCMAudit | user=jenkins1000 | ip=192.168.36.99 | op=SEND_HEARTBEAT {datanodeUUID=c6990e1c-bb7c-4cd7-a65c-0e47d5f09a21, command=[]} | ret=SUCCESS |  
2019-08-20 15:01:37,380 | INFO  | SCMAudit | user=jenkins1000 | ip=192.168.36.99 | op=SEND_HEARTBEAT {datanodeUUID=aa186f79-d556-4a33-825f-255f36f4ca35, command=[]} | ret=SUCCESS |  
2019-08-20 15:01:37,509 | INFO  | SCMAudit | user=jenkins1000 | ip=192.168.36.99 | op=SEND_HEARTBEAT {datanodeUUID=fa299a0c-a57e-46eb-8783-406416da04aa, command=[]} | ret=SUCCESS |  
2019-08-20 15:01:37,609 [RATISCREATEPIPELINE2] ERROR pipeline.RatisPipelineProvider (RatisPipelineProvider.java:lambda$null$5(235)) - Failed invoke Ratis rpc org.apache.hadoop.hdds.scm.pipeline.RatisPipelineProvider$$Lambda$171/1218230035@3776721b for fa299a0c-a57e-46eb-8783-406416da04aa
org.apache.ratis.protocol.TimeoutIOException: deadline exceeded after 2999589505ns
	at org.apache.ratis.grpc.GrpcUtil.tryUnwrapException(GrpcUtil.java:82)
	at org.apache.ratis.grpc.GrpcUtil.unwrapException(GrpcUtil.java:75)
	at org.apache.ratis.grpc.client.GrpcClientProtocolClient.blockingCall(GrpcClientProtocolClient.java:169)
	at org.apache.ratis.grpc.client.GrpcClientProtocolClient.groupAdd(GrpcClientProtocolClient.java:138)
	at org.apache.ratis.grpc.client.GrpcClientRpc.sendRequest(GrpcClientRpc.java:94)
	at org.apache.ratis.client.impl.RaftClientImpl.sendRequest(RaftClientImpl.java:279)
	at org.apache.ratis.client.impl.RaftClientImpl.groupAdd(RaftClientImpl.java:206)
	at org.apache.hadoop.hdds.scm.pipeline.RatisPipelineProvider.lambda$initializePipeline$4(RatisPipelineProvider.java:194)
	at org.apache.hadoop.hdds.scm.pipeline.RatisPipelineProvider.lambda$null$5(RatisPipelineProvider.java:231)
	at java.util.stream.ForEachOps$ForEachOp$OfRef.accept(ForEachOps.java:184)
	at java.util.ArrayList$ArrayListSpliterator.forEachRemaining(ArrayList.java:1382)
	at java.util.stream.AbstractPipeline.copyInto(AbstractPipeline.java:482)
	at java.util.stream.ForEachOps$ForEachTask.compute(ForEachOps.java:291)
	at java.util.concurrent.CountedCompleter.exec(CountedCompleter.java:731)
	at java.util.concurrent.ForkJoinTask.doExec(ForkJoinTask.java:289)
	at java.util.concurrent.ForkJoinPool$WorkQueue.runTask(ForkJoinPool.java:1056)
	at java.util.concurrent.ForkJoinPool.runWorker(ForkJoinPool.java:1692)
	at java.util.concurrent.ForkJoinWorkerThread.run(ForkJoinWorkerThread.java:157)
Caused by: org.apache.ratis.thirdparty.io.grpc.StatusRuntimeException: DEADLINE_EXCEEDED: deadline exceeded after 2999589505ns
	at org.apache.ratis.thirdparty.io.grpc.stub.ClientCalls.toStatusRuntimeException(ClientCalls.java:233)
	at org.apache.ratis.thirdparty.io.grpc.stub.ClientCalls.getUnchecked(ClientCalls.java:214)
	at org.apache.ratis.thirdparty.io.grpc.stub.ClientCalls.blockingUnaryCall(ClientCalls.java:139)
	at org.apache.ratis.proto.grpc.AdminProtocolServiceGrpc$AdminProtocolServiceBlockingStub.groupManagement(AdminProtocolServiceGrpc.java:274)
	at org.apache.ratis.grpc.client.GrpcClientProtocolClient.lambda$groupAdd$3(GrpcClientProtocolClient.java:140)
	at org.apache.ratis.grpc.client.GrpcClientProtocolClient.blockingCall(GrpcClientProtocolClient.java:167)
	... 15 more
2019-08-20 15:01:37,609 [RATISCREATEPIPELINE3] ERROR pipeline.RatisPipelineProvider (RatisPipelineProvider.java:lambda$null$5(235)) - Failed invoke Ratis rpc org.apache.hadoop.hdds.scm.pipeline.RatisPipelineProvider$$Lambda$171/1218230035@3776721b for 5c1b434c-ba47-498c-8220-e38c999f4a86
org.apache.ratis.protocol.TimeoutIOException: deadline exceeded after 2998878287ns
	at org.apache.ratis.grpc.GrpcUtil.tryUnwrapException(GrpcUtil.java:82)
	at org.apache.ratis.grpc.GrpcUtil.unwrapException(GrpcUtil.java:75)
	at org.apache.ratis.grpc.client.GrpcClientProtocolClient.blockingCall(GrpcClientProtocolClient.java:169)
	at org.apache.ratis.grpc.client.GrpcClientProtocolClient.groupAdd(GrpcClientProtocolClient.java:138)
	at org.apache.ratis.grpc.client.GrpcClientRpc.sendRequest(GrpcClientRpc.java:94)
	at org.apache.ratis.client.impl.RaftClientImpl.sendRequest(RaftClientImpl.java:279)
	at org.apache.ratis.client.impl.RaftClientImpl.groupAdd(RaftClientImpl.java:206)
	at org.apache.hadoop.hdds.scm.pipeline.RatisPipelineProvider.lambda$initializePipeline$4(RatisPipelineProvider.java:194)
	at org.apache.hadoop.hdds.scm.pipeline.RatisPipelineProvider.lambda$null$5(RatisPipelineProvider.java:231)
	at java.util.stream.ForEachOps$ForEachOp$OfRef.accept(ForEachOps.java:184)
	at java.util.ArrayList$ArrayListSpliterator.forEachRemaining(ArrayList.java:1382)
	at java.util.stream.AbstractPipeline.copyInto(AbstractPipeline.java:482)
	at java.util.stream.ForEachOps$ForEachTask.compute(ForEachOps.java:291)
	at java.util.concurrent.CountedCompleter.exec(CountedCompleter.java:731)
	at java.util.concurrent.ForkJoinTask.doExec(ForkJoinTask.java:289)
	at java.util.concurrent.ForkJoinPool$WorkQueue.runTask(ForkJoinPool.java:1056)
	at java.util.concurrent.ForkJoinPool.runWorker(ForkJoinPool.java:1692)
	at java.util.concurrent.ForkJoinWorkerThread.run(ForkJoinWorkerThread.java:157)
Caused by: org.apache.ratis.thirdparty.io.grpc.StatusRuntimeException: DEADLINE_EXCEEDED: deadline exceeded after 2998878287ns
	at org.apache.ratis.thirdparty.io.grpc.stub.ClientCalls.toStatusRuntimeException(ClientCalls.java:233)
	at org.apache.ratis.thirdparty.io.grpc.stub.ClientCalls.getUnchecked(ClientCalls.java:214)
	at org.apache.ratis.thirdparty.io.grpc.stub.ClientCalls.blockingUnaryCall(ClientCalls.java:139)
	at org.apache.ratis.proto.grpc.AdminProtocolServiceGrpc$AdminProtocolServiceBlockingStub.groupManagement(AdminProtocolServiceGrpc.java:274)
	at org.apache.ratis.grpc.client.GrpcClientProtocolClient.lambda$groupAdd$3(GrpcClientProtocolClient.java:140)
	at org.apache.ratis.grpc.client.GrpcClientProtocolClient.blockingCall(GrpcClientProtocolClient.java:167)
	... 15 more
2019-08-20 15:01:37,609 [RATISCREATEPIPELINE1] ERROR pipeline.RatisPipelineProvider (RatisPipelineProvider.java:lambda$null$5(235)) - Failed invoke Ratis rpc org.apache.hadoop.hdds.scm.pipeline.RatisPipelineProvider$$Lambda$171/1218230035@3776721b for fa81d38e-d0a7-48ac-a146-d2415b539be8
org.apache.ratis.protocol.TimeoutIOException: deadline exceeded after 2998922556ns
	at org.apache.ratis.grpc.GrpcUtil.tryUnwrapException(GrpcUtil.java:82)
	at org.apache.ratis.grpc.GrpcUtil.unwrapException(GrpcUtil.java:75)
	at org.apache.ratis.grpc.client.GrpcClientProtocolClient.blockingCall(GrpcClientProtocolClient.java:169)
	at org.apache.ratis.grpc.client.GrpcClientProtocolClient.groupAdd(GrpcClientProtocolClient.java:138)
	at org.apache.ratis.grpc.client.GrpcClientRpc.sendRequest(GrpcClientRpc.java:94)
	at org.apache.ratis.client.impl.RaftClientImpl.sendRequest(RaftClientImpl.java:279)
	at org.apache.ratis.client.impl.RaftClientImpl.groupAdd(RaftClientImpl.java:206)
	at org.apache.hadoop.hdds.scm.pipeline.RatisPipelineProvider.lambda$initializePipeline$4(RatisPipelineProvider.java:194)
	at org.apache.hadoop.hdds.scm.pipeline.RatisPipelineProvider.lambda$null$5(RatisPipelineProvider.java:231)
	at java.util.stream.ForEachOps$ForEachOp$OfRef.accept(ForEachOps.java:184)
	at java.util.ArrayList$ArrayListSpliterator.forEachRemaining(ArrayList.java:1382)
	at java.util.stream.AbstractPipeline.copyInto(AbstractPipeline.java:482)
	at java.util.stream.ForEachOps$ForEachTask.compute(ForEachOps.java:291)
	at java.util.concurrent.CountedCompleter.exec(CountedCompleter.java:731)
	at java.util.concurrent.ForkJoinTask.doExec(ForkJoinTask.java:289)
	at java.util.concurrent.ForkJoinTask.doInvoke(ForkJoinTask.java:401)
	at java.util.concurrent.ForkJoinTask.invoke(ForkJoinTask.java:734)
	at java.util.stream.ForEachOps$ForEachOp.evaluateParallel(ForEachOps.java:160)
	at java.util.stream.ForEachOps$ForEachOp$OfRef.evaluateParallel(ForEachOps.java:174)
	at java.util.stream.AbstractPipeline.evaluate(AbstractPipeline.java:233)
	at java.util.stream.ReferencePipeline.forEach(ReferencePipeline.java:418)
	at java.util.stream.ReferencePipeline$Head.forEach(ReferencePipeline.java:583)
	at org.apache.hadoop.hdds.scm.pipeline.RatisPipelineProvider.lambda$callRatisRpc$6(RatisPipelineProvider.java:225)
	at java.util.concurrent.ForkJoinTask$AdaptedRunnableAction.exec(ForkJoinTask.java:1386)
	at java.util.concurrent.ForkJoinTask.doExec(ForkJoinTask.java:289)
	at java.util.concurrent.ForkJoinPool$WorkQueue.runTask(ForkJoinPool.java:1056)
	at java.util.concurrent.ForkJoinPool.runWorker(ForkJoinPool.java:1692)
	at java.util.concurrent.ForkJoinWorkerThread.run(ForkJoinWorkerThread.java:157)
Caused by: org.apache.ratis.thirdparty.io.grpc.StatusRuntimeException: DEADLINE_EXCEEDED: deadline exceeded after 2998922556ns
	at org.apache.ratis.thirdparty.io.grpc.stub.ClientCalls.toStatusRuntimeException(ClientCalls.java:233)
	at org.apache.ratis.thirdparty.io.grpc.stub.ClientCalls.getUnchecked(ClientCalls.java:214)
	at org.apache.ratis.thirdparty.io.grpc.stub.ClientCalls.blockingUnaryCall(ClientCalls.java:139)
	at org.apache.ratis.proto.grpc.AdminProtocolServiceGrpc$AdminProtocolServiceBlockingStub.groupManagement(AdminProtocolServiceGrpc.java:274)
	at org.apache.ratis.grpc.client.GrpcClientProtocolClient.lambda$groupAdd$3(GrpcClientProtocolClient.java:140)
	at org.apache.ratis.grpc.client.GrpcClientProtocolClient.blockingCall(GrpcClientProtocolClient.java:167)
	... 25 more
2019-08-20 15:01:37,656 [grpc-default-executor-0] INFO  impl.RaftServerProxy (RaftServerProxy.java:addNew(89)) - fa81d38e-d0a7-48ac-a146-d2415b539be8: addNew group-5AB8322B29FA:[fa299a0c-a57e-46eb-8783-406416da04aa:192.168.36.99:45177, 5c1b434c-ba47-498c-8220-e38c999f4a86:192.168.36.99:37317, fa81d38e-d0a7-48ac-a146-d2415b539be8:192.168.36.99:38233] returns group-5AB8322B29FA:java.util.concurrent.CompletableFuture@878686c[Not completed]
2019-08-20 15:01:37,656 [grpc-default-executor-1] INFO  impl.RaftServerProxy (RaftServerProxy.java:addNew(89)) - 5c1b434c-ba47-498c-8220-e38c999f4a86: addNew group-5AB8322B29FA:[fa299a0c-a57e-46eb-8783-406416da04aa:192.168.36.99:45177, 5c1b434c-ba47-498c-8220-e38c999f4a86:192.168.36.99:37317, fa81d38e-d0a7-48ac-a146-d2415b539be8:192.168.36.99:38233] returns group-5AB8322B29FA:java.util.concurrent.CompletableFuture@6666ba79[Not completed]
2019-08-20 15:01:37,656 [grpc-default-executor-2] INFO  impl.RaftServerProxy (RaftServerProxy.java:addNew(89)) - fa299a0c-a57e-46eb-8783-406416da04aa: addNew group-5AB8322B29FA:[fa299a0c-a57e-46eb-8783-406416da04aa:192.168.36.99:45177, 5c1b434c-ba47-498c-8220-e38c999f4a86:192.168.36.99:37317, fa81d38e-d0a7-48ac-a146-d2415b539be8:192.168.36.99:38233] returns group-5AB8322B29FA:java.util.concurrent.CompletableFuture@1bbc294a[Not completed]
2019-08-20 15:01:37,669 | INFO  | SCMAudit | user=jenkins1000 | ip=192.168.36.99 | op=SEND_HEARTBEAT {datanodeUUID=7b5d2d4e-3a0c-423a-91fe-23981ee7bc04, command=[]} | ret=SUCCESS |  
2019-08-20 15:01:37,728 | INFO  | SCMAudit | user=jenkins1000 | ip=192.168.36.99 | op=SEND_HEARTBEAT {datanodeUUID=fa81d38e-d0a7-48ac-a146-d2415b539be8, command=[]} | ret=SUCCESS |  
2019-08-20 15:01:38,199 | INFO  | SCMAudit | user=jenkins1000 | ip=192.168.36.99 | op=SEND_HEARTBEAT {datanodeUUID=5c1b434c-ba47-498c-8220-e38c999f4a86, command=[]} | ret=SUCCESS |  
2019-08-20 15:01:38,199 | INFO  | SCMAudit | user=jenkins1000 | ip=192.168.36.99 | op=SEND_HEARTBEAT {datanodeUUID=c6990e1c-bb7c-4cd7-a65c-0e47d5f09a21, command=[]} | ret=SUCCESS |  
2019-08-20 15:01:38,379 | INFO  | SCMAudit | user=jenkins1000 | ip=192.168.36.99 | op=SEND_HEARTBEAT {datanodeUUID=aa186f79-d556-4a33-825f-255f36f4ca35, command=[]} | ret=SUCCESS |  
2019-08-20 15:01:38,510 | INFO  | SCMAudit | user=jenkins1000 | ip=192.168.36.99 | op=SEND_HEARTBEAT {datanodeUUID=fa299a0c-a57e-46eb-8783-406416da04aa, command=[]} | ret=SUCCESS |  
2019-08-20 15:01:38,668 | INFO  | SCMAudit | user=jenkins1000 | ip=192.168.36.99 | op=SEND_HEARTBEAT {datanodeUUID=7b5d2d4e-3a0c-423a-91fe-23981ee7bc04, command=[]} | ret=SUCCESS |  
2019-08-20 15:01:38,719 [pool-49-thread-1] INFO  storage.RaftStorageDirectory (RaftStorageDirectory.java:tryLock(328)) - Lock on /workdir/hadoop-ozone/integration-test/target/test-dir/MiniOzoneClusterImpl-6c4688aa-211a-4a21-81fa-acbd3405623e/datanode-2/data/ratis/757ef69d-95e8-4b31-92a8-9f811bc720ea/in_use.lock acquired by nodename 4043@pr-hdds-1950-vsl5z-1698008226
2019-08-20 15:01:38,719 [pool-38-thread-1] INFO  storage.RaftStorageDirectory (RaftStorageDirectory.java:tryLock(328)) - Lock on /workdir/hadoop-ozone/integration-test/target/test-dir/MiniOzoneClusterImpl-6c4688aa-211a-4a21-81fa-acbd3405623e/datanode-1/data/ratis/757ef69d-95e8-4b31-92a8-9f811bc720ea/in_use.lock acquired by nodename 4043@pr-hdds-1950-vsl5z-1698008226
2019-08-20 15:01:38,719 [pool-27-thread-1] INFO  storage.RaftStorageDirectory (RaftStorageDirectory.java:tryLock(328)) - Lock on /workdir/hadoop-ozone/integration-test/target/test-dir/MiniOzoneClusterImpl-6c4688aa-211a-4a21-81fa-acbd3405623e/datanode-0/data/ratis/757ef69d-95e8-4b31-92a8-9f811bc720ea/in_use.lock acquired by nodename 4043@pr-hdds-1950-vsl5z-1698008226
2019-08-20 15:01:38,728 | INFO  | SCMAudit | user=jenkins1000 | ip=192.168.36.99 | op=SEND_HEARTBEAT {datanodeUUID=fa81d38e-d0a7-48ac-a146-d2415b539be8, command=[]} | ret=SUCCESS |  
2019-08-20 15:01:38,835 [Thread-225] INFO  impl.FollowerState (FollowerState.java:run(106)) - fa299a0c-a57e-46eb-8783-406416da04aa:group-011AE44E7250 changes to CANDIDATE, lastRpcTime:5027, electionTimeout:5026ms
2019-08-20 15:01:38,835 [Thread-225] INFO  impl.RoleInfo (RoleInfo.java:shutdownFollowerState(121)) - fa299a0c-a57e-46eb-8783-406416da04aa: shutdown FollowerState
2019-08-20 15:01:38,835 [Thread-225] INFO  impl.RaftServerImpl (RaftServerImpl.java:setRole(171)) - fa299a0c-a57e-46eb-8783-406416da04aa:group-011AE44E7250 changes role from FOLLOWER to CANDIDATE at term 0 for changeToCandidate
2019-08-20 15:01:38,840 [Thread-225] INFO  impl.RoleInfo (RoleInfo.java:updateAndGet(143)) - fa299a0c-a57e-46eb-8783-406416da04aa: start LeaderElection
2019-08-20 15:01:39,152 [Thread-231] INFO  impl.FollowerState (FollowerState.java:run(106)) - c6990e1c-bb7c-4cd7-a65c-0e47d5f09a21:group-BBC23ABA2E5A changes to CANDIDATE, lastRpcTime:5052, electionTimeout:5052ms
2019-08-20 15:01:39,155 [Thread-231] INFO  impl.RoleInfo (RoleInfo.java:shutdownFollowerState(121)) - c6990e1c-bb7c-4cd7-a65c-0e47d5f09a21: shutdown FollowerState
2019-08-20 15:01:39,155 [Thread-231] INFO  impl.RaftServerImpl (RaftServerImpl.java:setRole(171)) - c6990e1c-bb7c-4cd7-a65c-0e47d5f09a21:group-BBC23ABA2E5A changes role from FOLLOWER to CANDIDATE at term 0 for changeToCandidate
2019-08-20 15:01:39,155 [Thread-231] INFO  impl.RoleInfo (RoleInfo.java:updateAndGet(143)) - c6990e1c-bb7c-4cd7-a65c-0e47d5f09a21: start LeaderElection
2019-08-20 15:01:39,172 [Thread-228] INFO  impl.FollowerState (FollowerState.java:run(106)) - 7b5d2d4e-3a0c-423a-91fe-23981ee7bc04:group-AE7DAD7F015A changes to CANDIDATE, lastRpcTime:5170, electionTimeout:5169ms
2019-08-20 15:01:39,172 [Thread-228] INFO  impl.RoleInfo (RoleInfo.java:shutdownFollowerState(121)) - 7b5d2d4e-3a0c-423a-91fe-23981ee7bc04: shutdown FollowerState
2019-08-20 15:01:39,172 [Thread-228] INFO  impl.RaftServerImpl (RaftServerImpl.java:setRole(171)) - 7b5d2d4e-3a0c-423a-91fe-23981ee7bc04:group-AE7DAD7F015A changes role from FOLLOWER to CANDIDATE at term 0 for changeToCandidate
2019-08-20 15:01:39,172 [Thread-228] INFO  impl.RoleInfo (RoleInfo.java:updateAndGet(143)) - 7b5d2d4e-3a0c-423a-91fe-23981ee7bc04: start LeaderElection
2019-08-20 15:01:39,209 | INFO  | SCMAudit | user=jenkins1000 | ip=192.168.36.99 | op=SEND_HEARTBEAT {datanodeUUID=c6990e1c-bb7c-4cd7-a65c-0e47d5f09a21, command=[]} | ret=SUCCESS |  
2019-08-20 15:01:39,209 | INFO  | SCMAudit | user=jenkins1000 | ip=192.168.36.99 | op=SEND_HEARTBEAT {datanodeUUID=5c1b434c-ba47-498c-8220-e38c999f4a86, command=[]} | ret=SUCCESS |  
2019-08-20 15:01:39,359 [Thread-234] INFO  impl.FollowerState (FollowerState.java:run(106)) - aa186f79-d556-4a33-825f-255f36f4ca35:group-AD5FBCBA8036 changes to CANDIDATE, lastRpcTime:5099, electionTimeout:5099ms
2019-08-20 15:01:39,359 [Thread-234] INFO  impl.RoleInfo (RoleInfo.java:shutdownFollowerState(121)) - aa186f79-d556-4a33-825f-255f36f4ca35: shutdown FollowerState
2019-08-20 15:01:39,360 [Thread-234] INFO  impl.RaftServerImpl (RaftServerImpl.java:setRole(171)) - aa186f79-d556-4a33-825f-255f36f4ca35:group-AD5FBCBA8036 changes role from FOLLOWER to CANDIDATE at term 0 for changeToCandidate
2019-08-20 15:01:39,360 [Thread-234] INFO  impl.RoleInfo (RoleInfo.java:updateAndGet(143)) - aa186f79-d556-4a33-825f-255f36f4ca35: start LeaderElection
2019-08-20 15:01:39,375 [Thread-237] INFO  impl.FollowerState (FollowerState.java:run(106)) - fa81d38e-d0a7-48ac-a146-d2415b539be8:group-A98174AC9C58 changes to CANDIDATE, lastRpcTime:5039, electionTimeout:5039ms
2019-08-20 15:01:39,375 [Thread-237] INFO  impl.RoleInfo (RoleInfo.java:shutdownFollowerState(121)) - fa81d38e-d0a7-48ac-a146-d2415b539be8: shutdown FollowerState
2019-08-20 15:01:39,375 [Thread-237] INFO  impl.RaftServerImpl (RaftServerImpl.java:setRole(171)) - fa81d38e-d0a7-48ac-a146-d2415b539be8:group-A98174AC9C58 changes role from FOLLOWER to CANDIDATE at term 0 for changeToCandidate
2019-08-20 15:01:39,375 [Thread-237] INFO  impl.RoleInfo (RoleInfo.java:updateAndGet(143)) - fa81d38e-d0a7-48ac-a146-d2415b539be8: start LeaderElection
2019-08-20 15:01:39,382 | INFO  | SCMAudit | user=jenkins1000 | ip=192.168.36.99 | op=SEND_HEARTBEAT {datanodeUUID=aa186f79-d556-4a33-825f-255f36f4ca35, command=[]} | ret=SUCCESS |  
2019-08-20 15:01:39,508 | INFO  | SCMAudit | user=jenkins1000 | ip=192.168.36.99 | op=SEND_HEARTBEAT {datanodeUUID=fa299a0c-a57e-46eb-8783-406416da04aa, command=[]} | ret=SUCCESS |  
2019-08-20 15:01:39,533 [Thread-240] INFO  impl.FollowerState (FollowerState.java:run(106)) - 5c1b434c-ba47-498c-8220-e38c999f4a86:group-AEFAF402F31E changes to CANDIDATE, lastRpcTime:5101, electionTimeout:5101ms
2019-08-20 15:01:39,533 [Thread-240] INFO  impl.RoleInfo (RoleInfo.java:shutdownFollowerState(121)) - 5c1b434c-ba47-498c-8220-e38c999f4a86: shutdown FollowerState
2019-08-20 15:01:39,534 [Thread-240] INFO  impl.RaftServerImpl (RaftServerImpl.java:setRole(171)) - 5c1b434c-ba47-498c-8220-e38c999f4a86:group-AEFAF402F31E changes role from FOLLOWER to CANDIDATE at term 0 for changeToCandidate
2019-08-20 15:01:39,534 [Thread-240] INFO  impl.RoleInfo (RoleInfo.java:updateAndGet(143)) - 5c1b434c-ba47-498c-8220-e38c999f4a86: start LeaderElection
2019-08-20 15:01:39,576 [Thread-248] INFO  impl.FollowerState (FollowerState.java:run(106)) - 7b5d2d4e-3a0c-423a-91fe-23981ee7bc04:group-A29C53895826 changes to CANDIDATE, lastRpcTime:5013, electionTimeout:5013ms
2019-08-20 15:01:39,576 [Thread-248] INFO  impl.RoleInfo (RoleInfo.java:shutdownFollowerState(121)) - 7b5d2d4e-3a0c-423a-91fe-23981ee7bc04: shutdown FollowerState
2019-08-20 15:01:39,576 [Thread-248] INFO  impl.RaftServerImpl (RaftServerImpl.java:setRole(171)) - 7b5d2d4e-3a0c-423a-91fe-23981ee7bc04:group-A29C53895826 changes role from FOLLOWER to CANDIDATE at term 0 for changeToCandidate
2019-08-20 15:01:39,576 [Thread-248] INFO  impl.RoleInfo (RoleInfo.java:updateAndGet(143)) - 7b5d2d4e-3a0c-423a-91fe-23981ee7bc04: start LeaderElection
2019-08-20 15:01:39,590 [Thread-243] INFO  impl.FollowerState (FollowerState.java:run(106)) - c6990e1c-bb7c-4cd7-a65c-0e47d5f09a21:group-A29C53895826 changes to CANDIDATE, lastRpcTime:5029, electionTimeout:5029ms
2019-08-20 15:01:39,590 [Thread-243] INFO  impl.RoleInfo (RoleInfo.java:shutdownFollowerState(121)) - c6990e1c-bb7c-4cd7-a65c-0e47d5f09a21: shutdown FollowerState
2019-08-20 15:01:39,591 [Thread-243] INFO  impl.RaftServerImpl (RaftServerImpl.java:setRole(171)) - c6990e1c-bb7c-4cd7-a65c-0e47d5f09a21:group-A29C53895826 changes role from FOLLOWER to CANDIDATE at term 0 for changeToCandidate
2019-08-20 15:01:39,591 [Thread-243] INFO  impl.RoleInfo (RoleInfo.java:updateAndGet(143)) - c6990e1c-bb7c-4cd7-a65c-0e47d5f09a21: start LeaderElection
2019-08-20 15:01:39,667 | INFO  | SCMAudit | user=jenkins1000 | ip=192.168.36.99 | op=SEND_HEARTBEAT {datanodeUUID=7b5d2d4e-3a0c-423a-91fe-23981ee7bc04, command=[]} | ret=SUCCESS |  
2019-08-20 15:01:39,713 [Thread-247] INFO  impl.FollowerState (FollowerState.java:run(106)) - aa186f79-d556-4a33-825f-255f36f4ca35:group-A29C53895826 changes to CANDIDATE, lastRpcTime:5151, electionTimeout:5151ms
2019-08-20 15:01:39,714 [Thread-247] INFO  impl.RoleInfo (RoleInfo.java:shutdownFollowerState(121)) - aa186f79-d556-4a33-825f-255f36f4ca35: shutdown FollowerState
2019-08-20 15:01:39,714 [Thread-247] INFO  impl.RaftServerImpl (RaftServerImpl.java:setRole(171)) - aa186f79-d556-4a33-825f-255f36f4ca35:group-A29C53895826 changes role from FOLLOWER to CANDIDATE at term 0 for changeToCandidate
2019-08-20 15:01:39,714 [Thread-247] INFO  impl.RoleInfo (RoleInfo.java:updateAndGet(143)) - aa186f79-d556-4a33-825f-255f36f4ca35: start LeaderElection
2019-08-20 15:01:39,726 | INFO  | SCMAudit | user=jenkins1000 | ip=192.168.36.99 | op=SEND_HEARTBEAT {datanodeUUID=fa81d38e-d0a7-48ac-a146-d2415b539be8, command=[]} | ret=SUCCESS |  
2019-08-20 15:01:40,196 | INFO  | SCMAudit | user=jenkins1000 | ip=192.168.36.99 | op=SEND_HEARTBEAT {datanodeUUID=5c1b434c-ba47-498c-8220-e38c999f4a86, command=[]} | ret=SUCCESS |  
2019-08-20 15:01:40,196 | INFO  | SCMAudit | user=jenkins1000 | ip=192.168.36.99 | op=SEND_HEARTBEAT {datanodeUUID=c6990e1c-bb7c-4cd7-a65c-0e47d5f09a21, command=[]} | ret=SUCCESS |  
2019-08-20 15:01:40,379 | INFO  | SCMAudit | user=jenkins1000 | ip=192.168.36.99 | op=SEND_HEARTBEAT {datanodeUUID=aa186f79-d556-4a33-825f-255f36f4ca35, command=[]} | ret=SUCCESS |  
2019-08-20 15:01:40,508 | INFO  | SCMAudit | user=jenkins1000 | ip=192.168.36.99 | op=SEND_HEARTBEAT {datanodeUUID=fa299a0c-a57e-46eb-8783-406416da04aa, command=[]} | ret=SUCCESS |  
2019-08-20 15:01:40,629 [RATISCREATEPIPELINE1] ERROR pipeline.RatisPipelineProvider (RatisPipelineProvider.java:lambda$null$5(235)) - Failed invoke Ratis rpc org.apache.hadoop.hdds.scm.pipeline.RatisPipelineProvider$$Lambda$171/1218230035@4c431e84 for fa81d38e-d0a7-48ac-a146-d2415b539be8
org.apache.ratis.protocol.TimeoutIOException: deadline exceeded after 2999676840ns
	at org.apache.ratis.grpc.GrpcUtil.tryUnwrapException(GrpcUtil.java:82)
	at org.apache.ratis.grpc.GrpcUtil.unwrapException(GrpcUtil.java:75)
	at org.apache.ratis.grpc.client.GrpcClientProtocolClient.blockingCall(GrpcClientProtocolClient.java:169)
	at org.apache.ratis.grpc.client.GrpcClientProtocolClient.groupAdd(GrpcClientProtocolClient.java:138)
	at org.apache.ratis.grpc.client.GrpcClientRpc.sendRequest(GrpcClientRpc.java:94)
	at org.apache.ratis.client.impl.RaftClientImpl.sendRequest(RaftClientImpl.java:279)
	at org.apache.ratis.client.impl.RaftClientImpl.groupAdd(RaftClientImpl.java:206)
	at org.apache.hadoop.hdds.scm.pipeline.RatisPipelineProvider.lambda$initializePipeline$4(RatisPipelineProvider.java:194)
	at org.apache.hadoop.hdds.scm.pipeline.RatisPipelineProvider.lambda$null$5(RatisPipelineProvider.java:231)
	at java.util.stream.ForEachOps$ForEachOp$OfRef.accept(ForEachOps.java:184)
	at java.util.ArrayList$ArrayListSpliterator.forEachRemaining(ArrayList.java:1382)
	at java.util.stream.AbstractPipeline.copyInto(AbstractPipeline.java:482)
	at java.util.stream.ForEachOps$ForEachTask.compute(ForEachOps.java:291)
	at java.util.concurrent.CountedCompleter.exec(CountedCompleter.java:731)
	at java.util.concurrent.ForkJoinTask.doExec(ForkJoinTask.java:289)
	at java.util.concurrent.ForkJoinTask.doInvoke(ForkJoinTask.java:401)
	at java.util.concurrent.ForkJoinTask.invoke(ForkJoinTask.java:734)
	at java.util.stream.ForEachOps$ForEachOp.evaluateParallel(ForEachOps.java:160)
	at java.util.stream.ForEachOps$ForEachOp$OfRef.evaluateParallel(ForEachOps.java:174)
	at java.util.stream.AbstractPipeline.evaluate(AbstractPipeline.java:233)
	at java.util.stream.ReferencePipeline.forEach(ReferencePipeline.java:418)
	at java.util.stream.ReferencePipeline$Head.forEach(ReferencePipeline.java:583)
	at org.apache.hadoop.hdds.scm.pipeline.RatisPipelineProvider.lambda$callRatisRpc$6(RatisPipelineProvider.java:225)
	at java.util.concurrent.ForkJoinTask$AdaptedRunnableAction.exec(ForkJoinTask.java:1386)
	at java.util.concurrent.ForkJoinTask.doExec(ForkJoinTask.java:289)
	at java.util.concurrent.ForkJoinPool$WorkQueue.runTask(ForkJoinPool.java:1056)
	at java.util.concurrent.ForkJoinPool.runWorker(ForkJoinPool.java:1692)
	at java.util.concurrent.ForkJoinWorkerThread.run(ForkJoinWorkerThread.java:157)
Caused by: org.apache.ratis.thirdparty.io.grpc.StatusRuntimeException: DEADLINE_EXCEEDED: deadline exceeded after 2999676840ns
	at org.apache.ratis.thirdparty.io.grpc.stub.ClientCalls.toStatusRuntimeException(ClientCalls.java:233)
	at org.apache.ratis.thirdparty.io.grpc.stub.ClientCalls.getUnchecked(ClientCalls.java:214)
	at org.apache.ratis.thirdparty.io.grpc.stub.ClientCalls.blockingUnaryCall(ClientCalls.java:139)
	at org.apache.ratis.proto.grpc.AdminProtocolServiceGrpc$AdminProtocolServiceBlockingStub.groupManagement(AdminProtocolServiceGrpc.java:274)
	at org.apache.ratis.grpc.client.GrpcClientProtocolClient.lambda$groupAdd$3(GrpcClientProtocolClient.java:140)
	at org.apache.ratis.grpc.client.GrpcClientProtocolClient.blockingCall(GrpcClientProtocolClient.java:167)
	... 25 more
2019-08-20 15:01:40,632 [RATISCREATEPIPELINE3] ERROR pipeline.RatisPipelineProvider (RatisPipelineProvider.java:lambda$null$5(235)) - Failed invoke Ratis rpc org.apache.hadoop.hdds.scm.pipeline.RatisPipelineProvider$$Lambda$171/1218230035@4c431e84 for 5c1b434c-ba47-498c-8220-e38c999f4a86
org.apache.ratis.protocol.TimeoutIOException: deadline exceeded after 2999750052ns
	at org.apache.ratis.grpc.GrpcUtil.tryUnwrapException(GrpcUtil.java:82)
	at org.apache.ratis.grpc.GrpcUtil.unwrapException(GrpcUtil.java:75)
	at org.apache.ratis.grpc.client.GrpcClientProtocolClient.blockingCall(GrpcClientProtocolClient.java:169)
	at org.apache.ratis.grpc.client.GrpcClientProtocolClient.groupAdd(GrpcClientProtocolClient.java:138)
	at org.apache.ratis.grpc.client.GrpcClientRpc.sendRequest(GrpcClientRpc.java:94)
	at org.apache.ratis.client.impl.RaftClientImpl.sendRequest(RaftClientImpl.java:279)
	at org.apache.ratis.client.impl.RaftClientImpl.groupAdd(RaftClientImpl.java:206)
	at org.apache.hadoop.hdds.scm.pipeline.RatisPipelineProvider.lambda$initializePipeline$4(RatisPipelineProvider.java:194)
	at org.apache.hadoop.hdds.scm.pipeline.RatisPipelineProvider.lambda$null$5(RatisPipelineProvider.java:231)
	at java.util.stream.ForEachOps$ForEachOp$OfRef.accept(ForEachOps.java:184)
	at java.util.ArrayList$ArrayListSpliterator.forEachRemaining(ArrayList.java:1382)
	at java.util.stream.AbstractPipeline.copyInto(AbstractPipeline.java:482)
	at java.util.stream.ForEachOps$ForEachTask.compute(ForEachOps.java:291)
	at java.util.concurrent.CountedCompleter.exec(CountedCompleter.java:731)
	at java.util.concurrent.ForkJoinTask.doExec(ForkJoinTask.java:289)
	at java.util.concurrent.ForkJoinPool$WorkQueue.runTask(ForkJoinPool.java:1056)
	at java.util.concurrent.ForkJoinPool.runWorker(ForkJoinPool.java:1692)
	at java.util.concurrent.ForkJoinWorkerThread.run(ForkJoinWorkerThread.java:157)
Caused by: org.apache.ratis.thirdparty.io.grpc.StatusRuntimeException: DEADLINE_EXCEEDED: deadline exceeded after 2999750052ns
	at org.apache.ratis.thirdparty.io.grpc.stub.ClientCalls.toStatusRuntimeException(ClientCalls.java:233)
	at org.apache.ratis.thirdparty.io.grpc.stub.ClientCalls.getUnchecked(ClientCalls.java:214)
	at org.apache.ratis.thirdparty.io.grpc.stub.ClientCalls.blockingUnaryCall(ClientCalls.java:139)
	at org.apache.ratis.proto.grpc.AdminProtocolServiceGrpc$AdminProtocolServiceBlockingStub.groupManagement(AdminProtocolServiceGrpc.java:274)
	at org.apache.ratis.grpc.client.GrpcClientProtocolClient.lambda$groupAdd$3(GrpcClientProtocolClient.java:140)
	at org.apache.ratis.grpc.client.GrpcClientProtocolClient.blockingCall(GrpcClientProtocolClient.java:167)
	... 15 more
2019-08-20 15:01:40,636 [RATISCREATEPIPELINE2] ERROR pipeline.RatisPipelineProvider (RatisPipelineProvider.java:lambda$null$5(235)) - Failed invoke Ratis rpc org.apache.hadoop.hdds.scm.pipeline.RatisPipelineProvider$$Lambda$171/1218230035@4c431e84 for fa299a0c-a57e-46eb-8783-406416da04aa
org.apache.ratis.protocol.TimeoutIOException: deadline exceeded after 2999803121ns
	at org.apache.ratis.grpc.GrpcUtil.tryUnwrapException(GrpcUtil.java:82)
	at org.apache.ratis.grpc.GrpcUtil.unwrapException(GrpcUtil.java:75)
	at org.apache.ratis.grpc.client.GrpcClientProtocolClient.blockingCall(GrpcClientProtocolClient.java:169)
	at org.apache.ratis.grpc.client.GrpcClientProtocolClient.groupAdd(GrpcClientProtocolClient.java:138)
	at org.apache.ratis.grpc.client.GrpcClientRpc.sendRequest(GrpcClientRpc.java:94)
	at org.apache.ratis.client.impl.RaftClientImpl.sendRequest(RaftClientImpl.java:279)
	at org.apache.ratis.client.impl.RaftClientImpl.groupAdd(RaftClientImpl.java:206)
	at org.apache.hadoop.hdds.scm.pipeline.RatisPipelineProvider.lambda$initializePipeline$4(RatisPipelineProvider.java:194)
	at org.apache.hadoop.hdds.scm.pipeline.RatisPipelineProvider.lambda$null$5(RatisPipelineProvider.java:231)
	at java.util.stream.ForEachOps$ForEachOp$OfRef.accept(ForEachOps.java:184)
	at java.util.ArrayList$ArrayListSpliterator.forEachRemaining(ArrayList.java:1382)
	at java.util.stream.AbstractPipeline.copyInto(AbstractPipeline.java:482)
	at java.util.stream.ForEachOps$ForEachTask.compute(ForEachOps.java:291)
	at java.util.concurrent.CountedCompleter.exec(CountedCompleter.java:731)
	at java.util.concurrent.ForkJoinTask.doExec(ForkJoinTask.java:289)
	at java.util.concurrent.ForkJoinPool$WorkQueue.runTask(ForkJoinPool.java:1056)
	at java.util.concurrent.ForkJoinPool.runWorker(ForkJoinPool.java:1692)
	at java.util.concurrent.ForkJoinWorkerThread.run(ForkJoinWorkerThread.java:157)
Caused by: org.apache.ratis.thirdparty.io.grpc.StatusRuntimeException: DEADLINE_EXCEEDED: deadline exceeded after 2999803121ns
	at org.apache.ratis.thirdparty.io.grpc.stub.ClientCalls.toStatusRuntimeException(ClientCalls.java:233)
	at org.apache.ratis.thirdparty.io.grpc.stub.ClientCalls.getUnchecked(ClientCalls.java:214)
	at org.apache.ratis.thirdparty.io.grpc.stub.ClientCalls.blockingUnaryCall(ClientCalls.java:139)
	at org.apache.ratis.proto.grpc.AdminProtocolServiceGrpc$AdminProtocolServiceBlockingStub.groupManagement(AdminProtocolServiceGrpc.java:274)
	at org.apache.ratis.grpc.client.GrpcClientProtocolClient.lambda$groupAdd$3(GrpcClientProtocolClient.java:140)
	at org.apache.ratis.grpc.client.GrpcClientProtocolClient.blockingCall(GrpcClientProtocolClient.java:167)
	... 15 more
2019-08-20 15:01:40,671 | INFO  | SCMAudit | user=jenkins1000 | ip=192.168.36.99 | op=SEND_HEARTBEAT {datanodeUUID=7b5d2d4e-3a0c-423a-91fe-23981ee7bc04, command=[]} | ret=SUCCESS |  
2019-08-20 15:01:40,726 | INFO  | SCMAudit | user=jenkins1000 | ip=192.168.36.99 | op=SEND_HEARTBEAT {datanodeUUID=fa81d38e-d0a7-48ac-a146-d2415b539be8, command=[]} | ret=SUCCESS |  
2019-08-20 15:01:41,153 [pool-38-thread-1] INFO  storage.RaftStorage (RaftStorage.java:format(72)) - Storage directory /workdir/hadoop-ozone/integration-test/target/test-dir/MiniOzoneClusterImpl-6c4688aa-211a-4a21-81fa-acbd3405623e/datanode-1/data/ratis/757ef69d-95e8-4b31-92a8-9f811bc720ea has been successfully formatted.
2019-08-20 15:01:41,153 [5c1b434c-ba47-498c-8220-e38c999f4a86:group-AEFAF402F31E:LeaderElection6] INFO  impl.LeaderElection (LeaderElection.java:askForVotes(181)) - 5c1b434c-ba47-498c-8220-e38c999f4a86:group-AEFAF402F31E:LeaderElection6: begin an election at term 1 for -1: [5c1b434c-ba47-498c-8220-e38c999f4a86:192.168.36.99:37317], old=null
2019-08-20 15:01:41,153 [fa299a0c-a57e-46eb-8783-406416da04aa:group-011AE44E7250:LeaderElection1] INFO  impl.LeaderElection (LeaderElection.java:askForVotes(181)) - fa299a0c-a57e-46eb-8783-406416da04aa:group-011AE44E7250:LeaderElection1: begin an election at term 1 for -1: [fa299a0c-a57e-46eb-8783-406416da04aa:192.168.36.99:45177], old=null
2019-08-20 15:01:41,153 [aa186f79-d556-4a33-825f-255f36f4ca35:group-AD5FBCBA8036:LeaderElection4] INFO  impl.LeaderElection (LeaderElection.java:askForVotes(181)) - aa186f79-d556-4a33-825f-255f36f4ca35:group-AD5FBCBA8036:LeaderElection4: begin an election at term 1 for -1: [aa186f79-d556-4a33-825f-255f36f4ca35:192.168.36.99:42046], old=null
2019-08-20 15:01:41,153 [7b5d2d4e-3a0c-423a-91fe-23981ee7bc04:group-AE7DAD7F015A:LeaderElection3] INFO  impl.LeaderElection (LeaderElection.java:askForVotes(181)) - 7b5d2d4e-3a0c-423a-91fe-23981ee7bc04:group-AE7DAD7F015A:LeaderElection3: begin an election at term 1 for -1: [7b5d2d4e-3a0c-423a-91fe-23981ee7bc04:192.168.36.99:44676], old=null
2019-08-20 15:01:41,153 [7b5d2d4e-3a0c-423a-91fe-23981ee7bc04:group-A29C53895826:LeaderElection7] INFO  impl.LeaderElection (LeaderElection.java:askForVotes(181)) - 7b5d2d4e-3a0c-423a-91fe-23981ee7bc04:group-A29C53895826:LeaderElection7: begin an election at term 1 for -1: [7b5d2d4e-3a0c-423a-91fe-23981ee7bc04:192.168.36.99:44676, c6990e1c-bb7c-4cd7-a65c-0e47d5f09a21:192.168.36.99:45374, aa186f79-d556-4a33-825f-255f36f4ca35:192.168.36.99:42046], old=null
2019-08-20 15:01:41,153 [c6990e1c-bb7c-4cd7-a65c-0e47d5f09a21:group-BBC23ABA2E5A:LeaderElection2] INFO  impl.LeaderElection (LeaderElection.java:askForVotes(181)) - c6990e1c-bb7c-4cd7-a65c-0e47d5f09a21:group-BBC23ABA2E5A:LeaderElection2: begin an election at term 1 for -1: [c6990e1c-bb7c-4cd7-a65c-0e47d5f09a21:192.168.36.99:45374], old=null
2019-08-20 15:01:41,153 [c6990e1c-bb7c-4cd7-a65c-0e47d5f09a21:group-A29C53895826:LeaderElection8] INFO  impl.LeaderElection (LeaderElection.java:askForVotes(181)) - c6990e1c-bb7c-4cd7-a65c-0e47d5f09a21:group-A29C53895826:LeaderElection8: begin an election at term 1 for -1: [7b5d2d4e-3a0c-423a-91fe-23981ee7bc04:192.168.36.99:44676, c6990e1c-bb7c-4cd7-a65c-0e47d5f09a21:192.168.36.99:45374, aa186f79-d556-4a33-825f-255f36f4ca35:192.168.36.99:42046], old=null
2019-08-20 15:01:41,153 [pool-27-thread-1] INFO  storage.RaftStorage (RaftStorage.java:format(72)) - Storage directory /workdir/hadoop-ozone/integration-test/target/test-dir/MiniOzoneClusterImpl-6c4688aa-211a-4a21-81fa-acbd3405623e/datanode-0/data/ratis/757ef69d-95e8-4b31-92a8-9f811bc720ea has been successfully formatted.
2019-08-20 15:01:41,153 [fa81d38e-d0a7-48ac-a146-d2415b539be8:group-A98174AC9C58:LeaderElection5] INFO  impl.LeaderElection (LeaderElection.java:askForVotes(181)) - fa81d38e-d0a7-48ac-a146-d2415b539be8:group-A98174AC9C58:LeaderElection5: begin an election at term 1 for -1: [fa81d38e-d0a7-48ac-a146-d2415b539be8:192.168.36.99:38233], old=null
2019-08-20 15:01:41,153 [pool-49-thread-1] INFO  storage.RaftStorage (RaftStorage.java:format(72)) - Storage directory /workdir/hadoop-ozone/integration-test/target/test-dir/MiniOzoneClusterImpl-6c4688aa-211a-4a21-81fa-acbd3405623e/datanode-2/data/ratis/757ef69d-95e8-4b31-92a8-9f811bc720ea has been successfully formatted.
2019-08-20 15:01:41,163 [pool-27-thread-1] INFO  ratis.ContainerStateMachine (ContainerStateMachine.java:loadSnapshot(222)) - group-9F811BC720EA: The snapshot info is null. Setting the last applied indexto:(t:0, i:~)
2019-08-20 15:01:41,162 [pool-38-thread-1] INFO  ratis.ContainerStateMachine (ContainerStateMachine.java:loadSnapshot(222)) - group-9F811BC720EA: The snapshot info is null. Setting the last applied indexto:(t:0, i:~)
2019-08-20 15:01:41,164 [pool-49-thread-1] INFO  ratis.ContainerStateMachine (ContainerStateMachine.java:loadSnapshot(222)) - group-9F811BC720EA: The snapshot info is null. Setting the last applied indexto:(t:0, i:~)
2019-08-20 15:01:41,164 [pool-27-thread-1] INFO  server.RaftServerConfigKeys (ConfUtils.java:logGet(43)) - raft.server.leader.election.timeout = 120s (custom)
2019-08-20 15:01:41,164 [fa81d38e-d0a7-48ac-a146-d2415b539be8:group-A98174AC9C58:LeaderElection5] INFO  impl.RoleInfo (RoleInfo.java:shutdownLeaderElection(134)) - fa81d38e-d0a7-48ac-a146-d2415b539be8: shutdown LeaderElection
2019-08-20 15:01:41,164 [pool-27-thread-1] INFO  server.RaftServerConfigKeys (ConfUtils.java:logGet(43)) - raft.server.log.use.memory = false (default)
2019-08-20 15:01:41,164 [7b5d2d4e-3a0c-423a-91fe-23981ee7bc04:group-AE7DAD7F015A:LeaderElection3] INFO  impl.RoleInfo (RoleInfo.java:shutdownLeaderElection(134)) - 7b5d2d4e-3a0c-423a-91fe-23981ee7bc04: shutdown LeaderElection
2019-08-20 15:01:41,164 [aa186f79-d556-4a33-825f-255f36f4ca35:group-AD5FBCBA8036:LeaderElection4] INFO  impl.RoleInfo (RoleInfo.java:shutdownLeaderElection(134)) - aa186f79-d556-4a33-825f-255f36f4ca35: shutdown LeaderElection
2019-08-20 15:01:41,164 [5c1b434c-ba47-498c-8220-e38c999f4a86:group-AEFAF402F31E:LeaderElection6] INFO  impl.RoleInfo (RoleInfo.java:shutdownLeaderElection(134)) - 5c1b434c-ba47-498c-8220-e38c999f4a86: shutdown LeaderElection
2019-08-20 15:01:41,164 [c6990e1c-bb7c-4cd7-a65c-0e47d5f09a21:group-BBC23ABA2E5A:LeaderElection2] INFO  impl.RoleInfo (RoleInfo.java:shutdownLeaderElection(134)) - c6990e1c-bb7c-4cd7-a65c-0e47d5f09a21: shutdown LeaderElection
2019-08-20 15:01:41,164 [fa299a0c-a57e-46eb-8783-406416da04aa:group-011AE44E7250:LeaderElection1] INFO  impl.RoleInfo (RoleInfo.java:shutdownLeaderElection(134)) - fa299a0c-a57e-46eb-8783-406416da04aa: shutdown LeaderElection
2019-08-20 15:01:41,164 [pool-49-thread-1] INFO  server.RaftServerConfigKeys (ConfUtils.java:logGet(43)) - raft.server.leader.election.timeout = 120s (custom)
2019-08-20 15:01:41,164 [pool-38-thread-1] INFO  server.RaftServerConfigKeys (ConfUtils.java:logGet(43)) - raft.server.leader.election.timeout = 120s (custom)
2019-08-20 15:01:41,165 [pool-49-thread-1] INFO  server.RaftServerConfigKeys (ConfUtils.java:logGet(43)) - raft.server.log.use.memory = false (default)
2019-08-20 15:01:41,165 [fa299a0c-a57e-46eb-8783-406416da04aa:group-011AE44E7250:LeaderElection1] INFO  impl.RaftServerImpl (RaftServerImpl.java:setRole(171)) - fa299a0c-a57e-46eb-8783-406416da04aa:group-011AE44E7250 changes role from CANDIDATE to LEADER at term 1 for changeToLeader
2019-08-20 15:01:41,165 [c6990e1c-bb7c-4cd7-a65c-0e47d5f09a21:group-BBC23ABA2E5A:LeaderElection2] INFO  impl.RaftServerImpl (RaftServerImpl.java:setRole(171)) - c6990e1c-bb7c-4cd7-a65c-0e47d5f09a21:group-BBC23ABA2E5A changes role from CANDIDATE to LEADER at term 1 for changeToLeader
2019-08-20 15:01:41,165 [7b5d2d4e-3a0c-423a-91fe-23981ee7bc04:group-AE7DAD7F015A:LeaderElection3] INFO  impl.RaftServerImpl (RaftServerImpl.java:setRole(171)) - 7b5d2d4e-3a0c-423a-91fe-23981ee7bc04:group-AE7DAD7F015A changes role from CANDIDATE to LEADER at term 1 for changeToLeader
2019-08-20 15:01:41,165 [5c1b434c-ba47-498c-8220-e38c999f4a86:group-AEFAF402F31E:LeaderElection6] INFO  impl.RaftServerImpl (RaftServerImpl.java:setRole(171)) - 5c1b434c-ba47-498c-8220-e38c999f4a86:group-AEFAF402F31E changes role from CANDIDATE to LEADER at term 1 for changeToLeader
2019-08-20 15:01:41,165 [aa186f79-d556-4a33-825f-255f36f4ca35:group-AD5FBCBA8036:LeaderElection4] INFO  impl.RaftServerImpl (RaftServerImpl.java:setRole(171)) - aa186f79-d556-4a33-825f-255f36f4ca35:group-AD5FBCBA8036 changes role from CANDIDATE to LEADER at term 1 for changeToLeader
2019-08-20 15:01:41,165 [fa81d38e-d0a7-48ac-a146-d2415b539be8:group-A98174AC9C58:LeaderElection5] INFO  impl.RaftServerImpl (RaftServerImpl.java:setRole(171)) - fa81d38e-d0a7-48ac-a146-d2415b539be8:group-A98174AC9C58 changes role from CANDIDATE to LEADER at term 1 for changeToLeader
2019-08-20 15:01:41,164 [pool-27-thread-1] INFO  server.RaftServerConfigKeys (ConfUtils.java:logGet(43)) - raft.server.log.purge.gap = 1000000 (custom)
2019-08-20 15:01:41,167 [fa81d38e-d0a7-48ac-a146-d2415b539be8:group-A98174AC9C58:LeaderElection5] INFO  impl.RaftServerImpl (ServerState.java:setLeader(263)) - fa81d38e-d0a7-48ac-a146-d2415b539be8:group-A98174AC9C58 change Leader from null to fa81d38e-d0a7-48ac-a146-d2415b539be8 at term 1 for becomeLeader, leader elected after 6834ms
2019-08-20 15:01:41,166 [aa186f79-d556-4a33-825f-255f36f4ca35:group-AD5FBCBA8036:LeaderElection4] INFO  impl.RaftServerImpl (ServerState.java:setLeader(263)) - aa186f79-d556-4a33-825f-255f36f4ca35:group-AD5FBCBA8036 change Leader from null to aa186f79-d556-4a33-825f-255f36f4ca35 at term 1 for becomeLeader, leader elected after 6911ms
2019-08-20 15:01:41,166 [5c1b434c-ba47-498c-8220-e38c999f4a86:group-AEFAF402F31E:LeaderElection6] INFO  impl.RaftServerImpl (ServerState.java:setLeader(263)) - 5c1b434c-ba47-498c-8220-e38c999f4a86:group-AEFAF402F31E change Leader from null to 5c1b434c-ba47-498c-8220-e38c999f4a86 at term 1 for becomeLeader, leader elected after 6738ms
2019-08-20 15:01:41,166 [7b5d2d4e-3a0c-423a-91fe-23981ee7bc04:group-AE7DAD7F015A:LeaderElection3] INFO  impl.RaftServerImpl (ServerState.java:setLeader(263)) - 7b5d2d4e-3a0c-423a-91fe-23981ee7bc04:group-AE7DAD7F015A change Leader from null to 7b5d2d4e-3a0c-423a-91fe-23981ee7bc04 at term 1 for becomeLeader, leader elected after 7170ms
2019-08-20 15:01:41,166 [c6990e1c-bb7c-4cd7-a65c-0e47d5f09a21:group-BBC23ABA2E5A:LeaderElection2] INFO  impl.RaftServerImpl (ServerState.java:setLeader(263)) - c6990e1c-bb7c-4cd7-a65c-0e47d5f09a21:group-BBC23ABA2E5A change Leader from null to c6990e1c-bb7c-4cd7-a65c-0e47d5f09a21 at term 1 for becomeLeader, leader elected after 7071ms
2019-08-20 15:01:41,166 [fa299a0c-a57e-46eb-8783-406416da04aa:group-011AE44E7250:LeaderElection1] INFO  impl.RaftServerImpl (ServerState.java:setLeader(263)) - fa299a0c-a57e-46eb-8783-406416da04aa:group-011AE44E7250 change Leader from null to fa299a0c-a57e-46eb-8783-406416da04aa at term 1 for becomeLeader, leader elected after 7433ms
2019-08-20 15:01:41,166 [pool-49-thread-1] INFO  server.RaftServerConfigKeys (ConfUtils.java:logGet(43)) - raft.server.log.purge.gap = 1000000 (custom)
2019-08-20 15:01:41,165 [pool-38-thread-1] INFO  server.RaftServerConfigKeys (ConfUtils.java:logGet(43)) - raft.server.log.use.memory = false (default)
2019-08-20 15:01:41,168 [pool-49-thread-1] INFO  server.RaftServerConfigKeys (ConfUtils.java:logGet(43)) - raft.server.log.appender.buffer.byte-limit = 33554432 (custom)
2019-08-20 15:01:41,167 [pool-27-thread-1] INFO  server.RaftServerConfigKeys (ConfUtils.java:logGet(43)) - raft.server.log.appender.buffer.byte-limit = 33554432 (custom)
2019-08-20 15:01:41,169 [pool-49-thread-1] INFO  server.RaftServerConfigKeys (ConfUtils.java:logGet(43)) - raft.server.log.segment.size.max = 1048576 (custom)
2019-08-20 15:01:41,168 [pool-38-thread-1] INFO  server.RaftServerConfigKeys (ConfUtils.java:logGet(43)) - raft.server.log.purge.gap = 1000000 (custom)
2019-08-20 15:01:41,169 [pool-49-thread-1] INFO  server.RaftServerConfigKeys (ConfUtils.java:logGet(43)) - raft.server.log.segment.cache.num.max = 2 (custom)
2019-08-20 15:01:41,169 [pool-27-thread-1] INFO  server.RaftServerConfigKeys (ConfUtils.java:logGet(43)) - raft.server.log.segment.size.max = 1048576 (custom)
2019-08-20 15:01:41,169 [pool-49-thread-1] INFO  segmented.SegmentedRaftLogWorker (SegmentedRaftLogWorker.java:<init>(172)) - new 5c1b434c-ba47-498c-8220-e38c999f4a86-SegmentedRaftLogWorker:Storage Directory /workdir/hadoop-ozone/integration-test/target/test-dir/MiniOzoneClusterImpl-6c4688aa-211a-4a21-81fa-acbd3405623e/datanode-2/data/ratis/757ef69d-95e8-4b31-92a8-9f811bc720ea for RaftStorage:Storage Directory /workdir/hadoop-ozone/integration-test/target/test-dir/MiniOzoneClusterImpl-6c4688aa-211a-4a21-81fa-acbd3405623e/datanode-2/data/ratis/757ef69d-95e8-4b31-92a8-9f811bc720ea
2019-08-20 15:01:41,169 [pool-38-thread-1] INFO  server.RaftServerConfigKeys (ConfUtils.java:logGet(43)) - raft.server.log.appender.buffer.byte-limit = 33554432 (custom)
2019-08-20 15:01:41,169 [pool-49-thread-1] INFO  server.RaftServerConfigKeys (ConfUtils.java:logGet(43)) - raft.server.log.queue.byte-limit = 2147483647 (custom)
2019-08-20 15:01:41,169 [pool-27-thread-1] INFO  server.RaftServerConfigKeys (ConfUtils.java:logGet(43)) - raft.server.log.segment.cache.num.max = 2 (custom)
2019-08-20 15:01:41,172 [pool-49-thread-1] INFO  server.RaftServerConfigKeys (ConfUtils.java:logGet(43)) - raft.server.log.queue.element-limit = 1024 (custom)
2019-08-20 15:01:41,172 [pool-38-thread-1] INFO  server.RaftServerConfigKeys (ConfUtils.java:logGet(43)) - raft.server.log.segment.size.max = 1048576 (custom)
2019-08-20 15:01:41,172 [pool-49-thread-1] INFO  server.RaftServerConfigKeys (ConfUtils.java:logGet(43)) - raft.server.log.segment.size.max = 1048576 (custom)
2019-08-20 15:01:41,172 [pool-27-thread-1] INFO  segmented.SegmentedRaftLogWorker (SegmentedRaftLogWorker.java:<init>(172)) - new fa299a0c-a57e-46eb-8783-406416da04aa-SegmentedRaftLogWorker:Storage Directory /workdir/hadoop-ozone/integration-test/target/test-dir/MiniOzoneClusterImpl-6c4688aa-211a-4a21-81fa-acbd3405623e/datanode-0/data/ratis/757ef69d-95e8-4b31-92a8-9f811bc720ea for RaftStorage:Storage Directory /workdir/hadoop-ozone/integration-test/target/test-dir/MiniOzoneClusterImpl-6c4688aa-211a-4a21-81fa-acbd3405623e/datanode-0/data/ratis/757ef69d-95e8-4b31-92a8-9f811bc720ea
2019-08-20 15:01:41,173 [pool-49-thread-1] INFO  server.RaftServerConfigKeys (ConfUtils.java:logGet(43)) - raft.server.log.preallocated.size = 16384 (custom)
2019-08-20 15:01:41,173 [pool-38-thread-1] INFO  server.RaftServerConfigKeys (ConfUtils.java:logGet(43)) - raft.server.log.segment.cache.num.max = 2 (custom)
2019-08-20 15:01:41,175 [pool-49-thread-1] INFO  server.RaftServerConfigKeys (ConfUtils.java:logGet(43)) - raft.server.log.write.buffer.size = 33554432 (custom)
2019-08-20 15:01:41,173 [pool-27-thread-1] INFO  server.RaftServerConfigKeys (ConfUtils.java:logGet(43)) - raft.server.log.queue.byte-limit = 2147483647 (custom)
2019-08-20 15:01:41,175 [pool-49-thread-1] INFO  server.RaftServerConfigKeys (ConfUtils.java:logGet(43)) - raft.server.log.force.sync.num = 128 (default)
2019-08-20 15:01:41,175 [pool-38-thread-1] INFO  segmented.SegmentedRaftLogWorker (SegmentedRaftLogWorker.java:<init>(172)) - new fa81d38e-d0a7-48ac-a146-d2415b539be8-SegmentedRaftLogWorker:Storage Directory /workdir/hadoop-ozone/integration-test/target/test-dir/MiniOzoneClusterImpl-6c4688aa-211a-4a21-81fa-acbd3405623e/datanode-1/data/ratis/757ef69d-95e8-4b31-92a8-9f811bc720ea for RaftStorage:Storage Directory /workdir/hadoop-ozone/integration-test/target/test-dir/MiniOzoneClusterImpl-6c4688aa-211a-4a21-81fa-acbd3405623e/datanode-1/data/ratis/757ef69d-95e8-4b31-92a8-9f811bc720ea
2019-08-20 15:01:41,176 [pool-49-thread-1] INFO  server.RaftServerConfigKeys (ConfUtils.java:logGet(43)) - raft.server.log.statemachine.data.sync = true (default)
2019-08-20 15:01:41,176 [pool-27-thread-1] INFO  server.RaftServerConfigKeys (ConfUtils.java:logGet(43)) - raft.server.log.queue.element-limit = 1024 (custom)
2019-08-20 15:01:41,176 [pool-38-thread-1] INFO  server.RaftServerConfigKeys (ConfUtils.java:logGet(43)) - raft.server.log.queue.byte-limit = 2147483647 (custom)
2019-08-20 15:01:41,178 [pool-27-thread-1] INFO  server.RaftServerConfigKeys (ConfUtils.java:logGet(43)) - raft.server.log.segment.size.max = 1048576 (custom)
2019-08-20 15:01:41,178 [pool-49-thread-1] INFO  server.RaftServerConfigKeys (ConfUtils.java:logGet(43)) - raft.server.log.statemachine.data.sync.timeout = 10s (default)
2019-08-20 15:01:41,179 [pool-27-thread-1] INFO  server.RaftServerConfigKeys (ConfUtils.java:logGet(43)) - raft.server.log.preallocated.size = 16384 (custom)
2019-08-20 15:01:41,178 [pool-38-thread-1] INFO  server.RaftServerConfigKeys (ConfUtils.java:logGet(43)) - raft.server.log.queue.element-limit = 1024 (custom)
2019-08-20 15:01:41,181 [fa299a0c-a57e-46eb-8783-406416da04aa:group-011AE44E7250:LeaderElection1] INFO  server.RaftServerConfigKeys (ConfUtils.java:logGet(43)) - raft.server.staging.catchup.gap = 1000 (default)
2019-08-20 15:01:41,181 [7b5d2d4e-3a0c-423a-91fe-23981ee7bc04:group-AE7DAD7F015A:LeaderElection3] INFO  server.RaftServerConfigKeys (ConfUtils.java:logGet(43)) - raft.server.staging.catchup.gap = 1000 (default)
2019-08-20 15:01:41,181 [5c1b434c-ba47-498c-8220-e38c999f4a86:group-AEFAF402F31E:LeaderElection6] INFO  server.RaftServerConfigKeys (ConfUtils.java:logGet(43)) - raft.server.staging.catchup.gap = 1000 (default)
2019-08-20 15:01:41,181 [aa186f79-d556-4a33-825f-255f36f4ca35:group-AD5FBCBA8036:LeaderElection4] INFO  server.RaftServerConfigKeys (ConfUtils.java:logGet(43)) - raft.server.staging.catchup.gap = 1000 (default)
2019-08-20 15:01:41,179 [pool-27-thread-1] INFO  server.RaftServerConfigKeys (ConfUtils.java:logGet(43)) - raft.server.log.write.buffer.size = 33554432 (custom)
2019-08-20 15:01:41,179 [pool-49-thread-1] INFO  server.RaftServerConfigKeys (ConfUtils.java:logGet(43)) - raft.server.log.statemachine.data.sync.timeout.retry = -1 (default)
2019-08-20 15:01:41,182 [pool-27-thread-1] INFO  server.RaftServerConfigKeys (ConfUtils.java:logGet(43)) - raft.server.log.force.sync.num = 128 (default)
2019-08-20 15:01:41,182 [aa186f79-d556-4a33-825f-255f36f4ca35:group-AD5FBCBA8036:LeaderElection4] INFO  server.RaftServerConfigKeys (ConfUtils.java:logGet(43)) - raft.server.rpc.sleep.time = 25ms (default)
2019-08-20 15:01:41,182 [5c1b434c-ba47-498c-8220-e38c999f4a86:group-AEFAF402F31E:LeaderElection6] INFO  server.RaftServerConfigKeys (ConfUtils.java:logGet(43)) - raft.server.rpc.sleep.time = 25ms (default)
2019-08-20 15:01:41,181 [7b5d2d4e-3a0c-423a-91fe-23981ee7bc04:group-AE7DAD7F015A:LeaderElection3] INFO  server.RaftServerConfigKeys (ConfUtils.java:logGet(43)) - raft.server.rpc.sleep.time = 25ms (default)
2019-08-20 15:01:41,181 [fa299a0c-a57e-46eb-8783-406416da04aa:group-011AE44E7250:LeaderElection1] INFO  server.RaftServerConfigKeys (ConfUtils.java:logGet(43)) - raft.server.rpc.sleep.time = 25ms (default)
2019-08-20 15:01:41,181 [pool-38-thread-1] INFO  server.RaftServerConfigKeys (ConfUtils.java:logGet(43)) - raft.server.log.segment.size.max = 1048576 (custom)
2019-08-20 15:01:41,181 [c6990e1c-bb7c-4cd7-a65c-0e47d5f09a21:group-BBC23ABA2E5A:LeaderElection2] INFO  server.RaftServerConfigKeys (ConfUtils.java:logGet(43)) - raft.server.staging.catchup.gap = 1000 (default)
2019-08-20 15:01:41,181 [fa81d38e-d0a7-48ac-a146-d2415b539be8:group-A98174AC9C58:LeaderElection5] INFO  server.RaftServerConfigKeys (ConfUtils.java:logGet(43)) - raft.server.staging.catchup.gap = 1000 (default)
2019-08-20 15:01:41,187 [c6990e1c-bb7c-4cd7-a65c-0e47d5f09a21:group-BBC23ABA2E5A:LeaderElection2] INFO  server.RaftServerConfigKeys (ConfUtils.java:logGet(43)) - raft.server.rpc.sleep.time = 25ms (default)
2019-08-20 15:01:41,187 [pool-38-thread-1] INFO  server.RaftServerConfigKeys (ConfUtils.java:logGet(43)) - raft.server.log.preallocated.size = 16384 (custom)
2019-08-20 15:01:41,186 [pool-27-thread-1] INFO  server.RaftServerConfigKeys (ConfUtils.java:logGet(43)) - raft.server.log.statemachine.data.sync = true (default)
2019-08-20 15:01:41,182 [pool-49-thread-1] INFO  server.RaftServerConfigKeys (ConfUtils.java:logGet(43)) - raft.server.log.statemachine.data.caching.enabled = true (custom)
2019-08-20 15:01:41,188 [pool-27-thread-1] INFO  server.RaftServerConfigKeys (ConfUtils.java:logGet(43)) - raft.server.log.statemachine.data.sync.timeout = 10s (default)
2019-08-20 15:01:41,188 [pool-38-thread-1] INFO  server.RaftServerConfigKeys (ConfUtils.java:logGet(43)) - raft.server.log.write.buffer.size = 33554432 (custom)
2019-08-20 15:01:41,187 [fa81d38e-d0a7-48ac-a146-d2415b539be8:group-A98174AC9C58:LeaderElection5] INFO  server.RaftServerConfigKeys (ConfUtils.java:logGet(43)) - raft.server.rpc.sleep.time = 25ms (default)
2019-08-20 15:01:41,189 [pool-49-thread-1] INFO  segmented.SegmentedRaftLogWorker (SegmentedRaftLogWorker.java:lambda$new$0(132)) - 5c1b434c-ba47-498c-8220-e38c999f4a86-SegmentedRaftLogWorker:Storage Directory /workdir/hadoop-ozone/integration-test/target/test-dir/MiniOzoneClusterImpl-6c4688aa-211a-4a21-81fa-acbd3405623e/datanode-2/data/ratis/757ef69d-95e8-4b31-92a8-9f811bc720ea: flushIndex: setUnconditionally 0 -> -1
2019-08-20 15:01:41,189 [pool-27-thread-1] INFO  server.RaftServerConfigKeys (ConfUtils.java:logGet(43)) - raft.server.log.statemachine.data.sync.timeout.retry = -1 (default)
2019-08-20 15:01:41,189 [pool-38-thread-1] INFO  server.RaftServerConfigKeys (ConfUtils.java:logGet(43)) - raft.server.log.force.sync.num = 128 (default)
2019-08-20 15:01:41,192 [pool-49-thread-1] INFO  server.RaftServerConfigKeys (ConfUtils.java:logGet(43)) - raft.server.snapshot.auto.trigger.enabled = true (custom)
2019-08-20 15:01:41,191 [pool-27-thread-1] INFO  server.RaftServerConfigKeys (ConfUtils.java:logGet(43)) - raft.server.log.statemachine.data.caching.enabled = true (custom)
2019-08-20 15:01:41,192 [pool-49-thread-1] INFO  server.RaftServerConfigKeys (ConfUtils.java:logGet(43)) - raft.server.snapshot.auto.trigger.threshold = 10000 (custom)
2019-08-20 15:01:41,192 [pool-38-thread-1] INFO  server.RaftServerConfigKeys (ConfUtils.java:logGet(43)) - raft.server.log.statemachine.data.sync = true (default)
2019-08-20 15:01:41,192 [pool-49-thread-1] INFO  server.RaftServerConfigKeys (ConfUtils.java:logGet(43)) - raft.server.retrycache.expirytime = 600000ms (custom)
2019-08-20 15:01:41,192 [pool-27-thread-1] INFO  segmented.SegmentedRaftLogWorker (SegmentedRaftLogWorker.java:lambda$new$0(132)) - fa299a0c-a57e-46eb-8783-406416da04aa-SegmentedRaftLogWorker:Storage Directory /workdir/hadoop-ozone/integration-test/target/test-dir/MiniOzoneClusterImpl-6c4688aa-211a-4a21-81fa-acbd3405623e/datanode-0/data/ratis/757ef69d-95e8-4b31-92a8-9f811bc720ea: flushIndex: setUnconditionally 0 -> -1
2019-08-20 15:01:41,192 [c6990e1c-bb7c-4cd7-a65c-0e47d5f09a21:group-BBC23ABA2E5A:LeaderElection2] INFO  server.RaftServerConfigKeys (ConfUtils.java:logGet(43)) - raft.server.write.element-limit = 4096 (default)
2019-08-20 15:01:41,192 [7b5d2d4e-3a0c-423a-91fe-23981ee7bc04:group-AE7DAD7F015A:LeaderElection3] INFO  server.RaftServerConfigKeys (ConfUtils.java:logGet(43)) - raft.server.write.element-limit = 4096 (default)
2019-08-20 15:01:41,192 [fa299a0c-a57e-46eb-8783-406416da04aa:group-011AE44E7250:LeaderElection1] INFO  server.RaftServerConfigKeys (ConfUtils.java:logGet(43)) - raft.server.write.element-limit = 4096 (default)
2019-08-20 15:01:41,192 [5c1b434c-ba47-498c-8220-e38c999f4a86:group-AEFAF402F31E:LeaderElection6] INFO  server.RaftServerConfigKeys (ConfUtils.java:logGet(43)) - raft.server.write.element-limit = 4096 (default)
2019-08-20 15:01:41,192 [aa186f79-d556-4a33-825f-255f36f4ca35:group-AD5FBCBA8036:LeaderElection4] INFO  server.RaftServerConfigKeys (ConfUtils.java:logGet(43)) - raft.server.write.element-limit = 4096 (default)
2019-08-20 15:01:41,192 [fa81d38e-d0a7-48ac-a146-d2415b539be8:group-A98174AC9C58:LeaderElection5] INFO  server.RaftServerConfigKeys (ConfUtils.java:logGet(43)) - raft.server.write.element-limit = 4096 (default)
2019-08-20 15:01:41,193 [pool-27-thread-1] INFO  server.RaftServerConfigKeys (ConfUtils.java:logGet(43)) - raft.server.snapshot.auto.trigger.enabled = true (custom)
2019-08-20 15:01:41,193 [pool-38-thread-1] INFO  server.RaftServerConfigKeys (ConfUtils.java:logGet(43)) - raft.server.log.statemachine.data.sync.timeout = 10s (default)
2019-08-20 15:01:41,194 [pool-27-thread-1] INFO  server.RaftServerConfigKeys (ConfUtils.java:logGet(43)) - raft.server.snapshot.auto.trigger.threshold = 10000 (custom)
2019-08-20 15:01:41,194 [pool-38-thread-1] INFO  server.RaftServerConfigKeys (ConfUtils.java:logGet(43)) - raft.server.log.statemachine.data.sync.timeout.retry = -1 (default)
2019-08-20 15:01:41,195 [pool-27-thread-1] INFO  server.RaftServerConfigKeys (ConfUtils.java:logGet(43)) - raft.server.retrycache.expirytime = 600000ms (custom)
2019-08-20 15:01:41,195 [pool-38-thread-1] INFO  server.RaftServerConfigKeys (ConfUtils.java:logGet(43)) - raft.server.log.statemachine.data.caching.enabled = true (custom)
2019-08-20 15:01:41,195 [pool-49-thread-1] INFO  impl.RaftServerImpl (RaftServerImpl.java:<init>(93)) - 5c1b434c-ba47-498c-8220-e38c999f4a86: new RaftServerImpl for group-5AB8322B29FA:[fa299a0c-a57e-46eb-8783-406416da04aa:192.168.36.99:45177, 5c1b434c-ba47-498c-8220-e38c999f4a86:192.168.36.99:37317, fa81d38e-d0a7-48ac-a146-d2415b539be8:192.168.36.99:38233] with ContainerStateMachine:uninitialized
2019-08-20 15:01:41,195 [pool-49-thread-1] INFO  server.RaftServerConfigKeys (ConfUtils.java:logGet(43)) - raft.server.rpc.timeout.min = 5s (custom)
2019-08-20 15:01:41,195 [pool-38-thread-1] INFO  segmented.SegmentedRaftLogWorker (SegmentedRaftLogWorker.java:lambda$new$0(132)) - fa81d38e-d0a7-48ac-a146-d2415b539be8-SegmentedRaftLogWorker:Storage Directory /workdir/hadoop-ozone/integration-test/target/test-dir/MiniOzoneClusterImpl-6c4688aa-211a-4a21-81fa-acbd3405623e/datanode-1/data/ratis/757ef69d-95e8-4b31-92a8-9f811bc720ea: flushIndex: setUnconditionally 0 -> -1
2019-08-20 15:01:41,195 [pool-49-thread-1] INFO  server.RaftServerConfigKeys (ConfUtils.java:logGet(43)) - raft.server.rpc.timeout.max = 5200ms (custom)
2019-08-20 15:01:41,200 [pool-38-thread-1] INFO  server.RaftServerConfigKeys (ConfUtils.java:logGet(43)) - raft.server.snapshot.auto.trigger.enabled = true (custom)
2019-08-20 15:01:41,200 | INFO  | SCMAudit | user=jenkins1000 | ip=192.168.36.99 | op=SEND_HEARTBEAT {datanodeUUID=c6990e1c-bb7c-4cd7-a65c-0e47d5f09a21, command=[]} | ret=SUCCESS |  
2019-08-20 15:01:41,200 [pool-38-thread-1] INFO  server.RaftServerConfigKeys (ConfUtils.java:logGet(43)) - raft.server.snapshot.auto.trigger.threshold = 10000 (custom)
2019-08-20 15:01:41,200 | INFO  | SCMAudit | user=jenkins1000 | ip=192.168.36.99 | op=SEND_HEARTBEAT {datanodeUUID=5c1b434c-ba47-498c-8220-e38c999f4a86, command=[]} | ret=SUCCESS |  
2019-08-20 15:01:41,200 [pool-49-thread-1] INFO  server.RaftServerConfigKeys (ConfUtils.java:logGet(43)) - raft.server.rpcslowness.timeout = 120s (custom)
2019-08-20 15:01:41,200 [7b5d2d4e-3a0c-423a-91fe-23981ee7bc04:group-AE7DAD7F015A:LeaderElection3] INFO  server.RaftServerConfigKeys (ConfUtils.java:logGet(43)) - raft.server.watch.timeout = 10s (default)
2019-08-20 15:01:41,200 [5c1b434c-ba47-498c-8220-e38c999f4a86:group-AEFAF402F31E:LeaderElection6] INFO  server.RaftServerConfigKeys (ConfUtils.java:logGet(43)) - raft.server.watch.timeout = 10s (default)
2019-08-20 15:01:41,200 [pool-49-thread-1] INFO  server.RaftServerConfigKeys (ConfUtils.java:logGet(43)) - raft.server.sleep.deviation.threshold = 300 (default)
2019-08-20 15:01:41,200 [fa81d38e-d0a7-48ac-a146-d2415b539be8:group-A98174AC9C58:LeaderElection5] INFO  server.RaftServerConfigKeys (ConfUtils.java:logGet(43)) - raft.server.watch.timeout = 10s (default)
2019-08-20 15:01:41,200 [aa186f79-d556-4a33-825f-255f36f4ca35:group-AD5FBCBA8036:LeaderElection4] INFO  server.RaftServerConfigKeys (ConfUtils.java:logGet(43)) - raft.server.watch.timeout = 10s (default)
2019-08-20 15:01:41,200 [c6990e1c-bb7c-4cd7-a65c-0e47d5f09a21:group-BBC23ABA2E5A:LeaderElection2] INFO  server.RaftServerConfigKeys (ConfUtils.java:logGet(43)) - raft.server.watch.timeout = 10s (default)
2019-08-20 15:01:41,200 [fa299a0c-a57e-46eb-8783-406416da04aa:group-011AE44E7250:LeaderElection1] INFO  server.RaftServerConfigKeys (ConfUtils.java:logGet(43)) - raft.server.watch.timeout = 10s (default)
2019-08-20 15:01:41,200 [pool-38-thread-1] INFO  server.RaftServerConfigKeys (ConfUtils.java:logGet(43)) - raft.server.retrycache.expirytime = 600000ms (custom)
2019-08-20 15:01:41,203 [fa299a0c-a57e-46eb-8783-406416da04aa:group-011AE44E7250:LeaderElection1] INFO  server.RaftServerConfigKeys (ConfUtils.java:logGet(43)) - raft.server.watch.timeout.denomination = 1s (default)
2019-08-20 15:01:41,203 [c6990e1c-bb7c-4cd7-a65c-0e47d5f09a21:group-BBC23ABA2E5A:LeaderElection2] INFO  server.RaftServerConfigKeys (ConfUtils.java:logGet(43)) - raft.server.watch.timeout.denomination = 1s (default)
2019-08-20 15:01:41,203 [aa186f79-d556-4a33-825f-255f36f4ca35:group-AD5FBCBA8036:LeaderElection4] INFO  server.RaftServerConfigKeys (ConfUtils.java:logGet(43)) - raft.server.watch.timeout.denomination = 1s (default)
2019-08-20 15:01:41,203 [pool-27-thread-1] INFO  impl.RaftServerImpl (RaftServerImpl.java:<init>(93)) - fa299a0c-a57e-46eb-8783-406416da04aa: new RaftServerImpl for group-5AB8322B29FA:[fa299a0c-a57e-46eb-8783-406416da04aa:192.168.36.99:45177, 5c1b434c-ba47-498c-8220-e38c999f4a86:192.168.36.99:37317, fa81d38e-d0a7-48ac-a146-d2415b539be8:192.168.36.99:38233] with ContainerStateMachine:uninitialized
2019-08-20 15:01:41,202 [fa81d38e-d0a7-48ac-a146-d2415b539be8:group-A98174AC9C58:LeaderElection5] INFO  server.RaftServerConfigKeys (ConfUtils.java:logGet(43)) - raft.server.watch.timeout.denomination = 1s (default)
2019-08-20 15:01:41,202 [pool-49-thread-1] INFO  server.RaftServerConfigKeys (ConfUtils.java:logGet(43)) - raft.server.log.appender.install.snapshot.enabled = false (custom)
2019-08-20 15:01:41,202 [5c1b434c-ba47-498c-8220-e38c999f4a86:group-AEFAF402F31E:LeaderElection6] INFO  server.RaftServerConfigKeys (ConfUtils.java:logGet(43)) - raft.server.watch.timeout.denomination = 1s (default)
2019-08-20 15:01:41,202 [7b5d2d4e-3a0c-423a-91fe-23981ee7bc04:group-AE7DAD7F015A:LeaderElection3] INFO  server.RaftServerConfigKeys (ConfUtils.java:logGet(43)) - raft.server.watch.timeout.denomination = 1s (default)
2019-08-20 15:01:41,204 [fa81d38e-d0a7-48ac-a146-d2415b539be8:group-A98174AC9C58:LeaderElection5] INFO  server.RaftServerConfigKeys (ConfUtils.java:logGet(43)) - raft.server.watch.element-limit = 65536 (default)
2019-08-20 15:01:41,204 [5c1b434c-ba47-498c-8220-e38c999f4a86:group-AEFAF402F31E:LeaderElection6] INFO  server.RaftServerConfigKeys (ConfUtils.java:logGet(43)) - raft.server.watch.element-limit = 65536 (default)
2019-08-20 15:01:41,204 [fa299a0c-a57e-46eb-8783-406416da04aa:group-011AE44E7250:LeaderElection1] INFO  server.RaftServerConfigKeys (ConfUtils.java:logGet(43)) - raft.server.watch.element-limit = 65536 (default)
2019-08-20 15:01:41,204 [pool-49-thread-1] INFO  impl.RaftServerImpl (ServerState.java:<init>(105)) - 5c1b434c-ba47-498c-8220-e38c999f4a86:group-5AB8322B29FA ConfigurationManager, init=-1: [fa299a0c-a57e-46eb-8783-406416da04aa:192.168.36.99:45177, 5c1b434c-ba47-498c-8220-e38c999f4a86:192.168.36.99:37317, fa81d38e-d0a7-48ac-a146-d2415b539be8:192.168.36.99:38233], old=null, confs=<EMPTY_MAP>
2019-08-20 15:01:41,204 [pool-27-thread-1] INFO  server.RaftServerConfigKeys (ConfUtils.java:logGet(43)) - raft.server.rpc.timeout.min = 5s (custom)
2019-08-20 15:01:41,204 [aa186f79-d556-4a33-825f-255f36f4ca35:group-AD5FBCBA8036:LeaderElection4] INFO  server.RaftServerConfigKeys (ConfUtils.java:logGet(43)) - raft.server.watch.element-limit = 65536 (default)
2019-08-20 15:01:41,204 [c6990e1c-bb7c-4cd7-a65c-0e47d5f09a21:group-BBC23ABA2E5A:LeaderElection2] INFO  server.RaftServerConfigKeys (ConfUtils.java:logGet(43)) - raft.server.watch.element-limit = 65536 (default)
2019-08-20 15:01:41,204 [7b5d2d4e-3a0c-423a-91fe-23981ee7bc04:group-AE7DAD7F015A:LeaderElection3] INFO  server.RaftServerConfigKeys (ConfUtils.java:logGet(43)) - raft.server.watch.element-limit = 65536 (default)
2019-08-20 15:01:41,205 [pool-38-thread-1] INFO  impl.RaftServerImpl (RaftServerImpl.java:<init>(93)) - fa81d38e-d0a7-48ac-a146-d2415b539be8: new RaftServerImpl for group-5AB8322B29FA:[fa299a0c-a57e-46eb-8783-406416da04aa:192.168.36.99:45177, 5c1b434c-ba47-498c-8220-e38c999f4a86:192.168.36.99:37317, fa81d38e-d0a7-48ac-a146-d2415b539be8:192.168.36.99:38233] with ContainerStateMachine:uninitialized
2019-08-20 15:01:41,205 [pool-27-thread-1] INFO  server.RaftServerConfigKeys (ConfUtils.java:logGet(43)) - raft.server.rpc.timeout.max = 5200ms (custom)
2019-08-20 15:01:41,205 [pool-49-thread-1] INFO  server.RaftServerConfigKeys (ConfUtils.java:logGet(43)) - raft.server.storage.dir = [/workdir/hadoop-ozone/integration-test/target/test-dir/MiniOzoneClusterImpl-6c4688aa-211a-4a21-81fa-acbd3405623e/datanode-2/data/ratis] (custom)
2019-08-20 15:01:41,206 [pool-27-thread-1] INFO  server.RaftServerConfigKeys (ConfUtils.java:logGet(43)) - raft.server.rpcslowness.timeout = 120s (custom)
2019-08-20 15:01:41,205 [pool-38-thread-1] INFO  server.RaftServerConfigKeys (ConfUtils.java:logGet(43)) - raft.server.rpc.timeout.min = 5s (custom)
2019-08-20 15:01:41,206 [pool-27-thread-1] INFO  server.RaftServerConfigKeys (ConfUtils.java:logGet(43)) - raft.server.sleep.deviation.threshold = 300 (default)
2019-08-20 15:01:41,206 [pool-49-thread-1] INFO  storage.RaftStorageDirectory (RaftStorageDirectory.java:analyzeStorage(246)) - The storage directory /workdir/hadoop-ozone/integration-test/target/test-dir/MiniOzoneClusterImpl-6c4688aa-211a-4a21-81fa-acbd3405623e/datanode-2/data/ratis/3f8abeac-1b8e-4813-a476-5ab8322b29fa does not exist. Creating ...
2019-08-20 15:01:41,206 [pool-38-thread-1] INFO  server.RaftServerConfigKeys (ConfUtils.java:logGet(43)) - raft.server.rpc.timeout.max = 5200ms (custom)
2019-08-20 15:01:41,206 [pool-27-thread-1] INFO  server.RaftServerConfigKeys (ConfUtils.java:logGet(43)) - raft.server.log.appender.install.snapshot.enabled = false (custom)
2019-08-20 15:01:41,206 [pool-38-thread-1] INFO  server.RaftServerConfigKeys (ConfUtils.java:logGet(43)) - raft.server.rpcslowness.timeout = 120s (custom)
2019-08-20 15:01:41,207 [pool-27-thread-1] INFO  impl.RaftServerImpl (ServerState.java:<init>(105)) - fa299a0c-a57e-46eb-8783-406416da04aa:group-5AB8322B29FA ConfigurationManager, init=-1: [fa299a0c-a57e-46eb-8783-406416da04aa:192.168.36.99:45177, 5c1b434c-ba47-498c-8220-e38c999f4a86:192.168.36.99:37317, fa81d38e-d0a7-48ac-a146-d2415b539be8:192.168.36.99:38233], old=null, confs=<EMPTY_MAP>
2019-08-20 15:01:41,207 [pool-38-thread-1] INFO  server.RaftServerConfigKeys (ConfUtils.java:logGet(43)) - raft.server.sleep.deviation.threshold = 300 (default)
2019-08-20 15:01:41,207 [pool-38-thread-1] INFO  server.RaftServerConfigKeys (ConfUtils.java:logGet(43)) - raft.server.log.appender.install.snapshot.enabled = false (custom)
2019-08-20 15:01:41,207 [pool-27-thread-1] INFO  server.RaftServerConfigKeys (ConfUtils.java:logGet(43)) - raft.server.storage.dir = [/workdir/hadoop-ozone/integration-test/target/test-dir/MiniOzoneClusterImpl-6c4688aa-211a-4a21-81fa-acbd3405623e/datanode-0/data/ratis] (custom)
2019-08-20 15:01:41,207 [pool-38-thread-1] INFO  impl.RaftServerImpl (ServerState.java:<init>(105)) - fa81d38e-d0a7-48ac-a146-d2415b539be8:group-5AB8322B29FA ConfigurationManager, init=-1: [fa299a0c-a57e-46eb-8783-406416da04aa:192.168.36.99:45177, 5c1b434c-ba47-498c-8220-e38c999f4a86:192.168.36.99:37317, fa81d38e-d0a7-48ac-a146-d2415b539be8:192.168.36.99:38233], old=null, confs=<EMPTY_MAP>
2019-08-20 15:01:41,208 [pool-27-thread-1] INFO  storage.RaftStorageDirectory (RaftStorageDirectory.java:analyzeStorage(246)) - The storage directory /workdir/hadoop-ozone/integration-test/target/test-dir/MiniOzoneClusterImpl-6c4688aa-211a-4a21-81fa-acbd3405623e/datanode-0/data/ratis/3f8abeac-1b8e-4813-a476-5ab8322b29fa does not exist. Creating ...
2019-08-20 15:01:41,208 [pool-38-thread-1] INFO  server.RaftServerConfigKeys (ConfUtils.java:logGet(43)) - raft.server.storage.dir = [/workdir/hadoop-ozone/integration-test/target/test-dir/MiniOzoneClusterImpl-6c4688aa-211a-4a21-81fa-acbd3405623e/datanode-1/data/ratis] (custom)
2019-08-20 15:01:41,210 [pool-38-thread-1] INFO  storage.RaftStorageDirectory (RaftStorageDirectory.java:analyzeStorage(246)) - The storage directory /workdir/hadoop-ozone/integration-test/target/test-dir/MiniOzoneClusterImpl-6c4688aa-211a-4a21-81fa-acbd3405623e/datanode-1/data/ratis/3f8abeac-1b8e-4813-a476-5ab8322b29fa does not exist. Creating ...
2019-08-20 15:01:41,224 [fa299a0c-a57e-46eb-8783-406416da04aa:group-011AE44E7250:LeaderElection1] INFO  impl.RoleInfo (RoleInfo.java:updateAndGet(143)) - fa299a0c-a57e-46eb-8783-406416da04aa: start LeaderState
2019-08-20 15:01:41,224 [7b5d2d4e-3a0c-423a-91fe-23981ee7bc04:group-AE7DAD7F015A:LeaderElection3] INFO  impl.RoleInfo (RoleInfo.java:updateAndGet(143)) - 7b5d2d4e-3a0c-423a-91fe-23981ee7bc04: start LeaderState
2019-08-20 15:01:41,224 [fa81d38e-d0a7-48ac-a146-d2415b539be8:group-A98174AC9C58:LeaderElection5] INFO  impl.RoleInfo (RoleInfo.java:updateAndGet(143)) - fa81d38e-d0a7-48ac-a146-d2415b539be8: start LeaderState
2019-08-20 15:01:41,224 [c6990e1c-bb7c-4cd7-a65c-0e47d5f09a21:group-BBC23ABA2E5A:LeaderElection2] INFO  impl.RoleInfo (RoleInfo.java:updateAndGet(143)) - c6990e1c-bb7c-4cd7-a65c-0e47d5f09a21: start LeaderState
2019-08-20 15:01:41,224 [5c1b434c-ba47-498c-8220-e38c999f4a86:group-AEFAF402F31E:LeaderElection6] INFO  impl.RoleInfo (RoleInfo.java:updateAndGet(143)) - 5c1b434c-ba47-498c-8220-e38c999f4a86: start LeaderState
2019-08-20 15:01:41,224 [aa186f79-d556-4a33-825f-255f36f4ca35:group-AD5FBCBA8036:LeaderElection4] INFO  impl.RoleInfo (RoleInfo.java:updateAndGet(143)) - aa186f79-d556-4a33-825f-255f36f4ca35: start LeaderState
2019-08-20 15:01:41,242 [7b5d2d4e-3a0c-423a-91fe-23981ee7bc04:group-AE7DAD7F015A:LeaderElection3] INFO  segmented.SegmentedRaftLogWorker (SegmentedRaftLogWorker.java:startLogSegment(380)) - 7b5d2d4e-3a0c-423a-91fe-23981ee7bc04-SegmentedRaftLogWorker:Storage Directory /workdir/hadoop-ozone/integration-test/target/test-dir/MiniOzoneClusterImpl-6c4688aa-211a-4a21-81fa-acbd3405623e/datanode-5/data/ratis/ee709497-3018-4ce9-9a42-ae7dad7f015a: Starting segment from index:0
2019-08-20 15:01:41,242 [fa299a0c-a57e-46eb-8783-406416da04aa:group-011AE44E7250:LeaderElection1] INFO  segmented.SegmentedRaftLogWorker (SegmentedRaftLogWorker.java:startLogSegment(380)) - fa299a0c-a57e-46eb-8783-406416da04aa-SegmentedRaftLogWorker:Storage Directory /workdir/hadoop-ozone/integration-test/target/test-dir/MiniOzoneClusterImpl-6c4688aa-211a-4a21-81fa-acbd3405623e/datanode-0/data/ratis/652aeb7f-8544-4a92-b7e5-011ae44e7250: Starting segment from index:0
2019-08-20 15:01:41,242 [c6990e1c-bb7c-4cd7-a65c-0e47d5f09a21:group-BBC23ABA2E5A:LeaderElection2] INFO  segmented.SegmentedRaftLogWorker (SegmentedRaftLogWorker.java:startLogSegment(380)) - c6990e1c-bb7c-4cd7-a65c-0e47d5f09a21-SegmentedRaftLogWorker:Storage Directory /workdir/hadoop-ozone/integration-test/target/test-dir/MiniOzoneClusterImpl-6c4688aa-211a-4a21-81fa-acbd3405623e/datanode-3/data/ratis/1c06f751-1e19-413a-9eaa-bbc23aba2e5a: Starting segment from index:0
2019-08-20 15:01:41,242 [aa186f79-d556-4a33-825f-255f36f4ca35:group-AD5FBCBA8036:LeaderElection4] INFO  segmented.SegmentedRaftLogWorker (SegmentedRaftLogWorker.java:startLogSegment(380)) - aa186f79-d556-4a33-825f-255f36f4ca35-SegmentedRaftLogWorker:Storage Directory /workdir/hadoop-ozone/integration-test/target/test-dir/MiniOzoneClusterImpl-6c4688aa-211a-4a21-81fa-acbd3405623e/datanode-4/data/ratis/fcd266c5-4939-41c1-9097-ad5fbcba8036: Starting segment from index:0
2019-08-20 15:01:41,242 [5c1b434c-ba47-498c-8220-e38c999f4a86:group-AEFAF402F31E:LeaderElection6] INFO  segmented.SegmentedRaftLogWorker (SegmentedRaftLogWorker.java:startLogSegment(380)) - 5c1b434c-ba47-498c-8220-e38c999f4a86-SegmentedRaftLogWorker:Storage Directory /workdir/hadoop-ozone/integration-test/target/test-dir/MiniOzoneClusterImpl-6c4688aa-211a-4a21-81fa-acbd3405623e/datanode-2/data/ratis/25e72020-0617-4287-b0ce-aefaf402f31e: Starting segment from index:0
2019-08-20 15:01:41,242 [fa81d38e-d0a7-48ac-a146-d2415b539be8:group-A98174AC9C58:LeaderElection5] INFO  segmented.SegmentedRaftLogWorker (SegmentedRaftLogWorker.java:startLogSegment(380)) - fa81d38e-d0a7-48ac-a146-d2415b539be8-SegmentedRaftLogWorker:Storage Directory /workdir/hadoop-ozone/integration-test/target/test-dir/MiniOzoneClusterImpl-6c4688aa-211a-4a21-81fa-acbd3405623e/datanode-1/data/ratis/1ea64a44-06ed-469d-baec-a98174ac9c58: Starting segment from index:0
2019-08-20 15:01:41,252 [c6990e1c-bb7c-4cd7-a65c-0e47d5f09a21:group-BBC23ABA2E5A:LeaderElection2] INFO  impl.RaftServerImpl (ServerState.java:setRaftConf(361)) - c6990e1c-bb7c-4cd7-a65c-0e47d5f09a21:group-BBC23ABA2E5A set configuration 0: [c6990e1c-bb7c-4cd7-a65c-0e47d5f09a21:192.168.36.99:45374], old=null at 0
2019-08-20 15:01:41,252 [aa186f79-d556-4a33-825f-255f36f4ca35:group-AD5FBCBA8036:LeaderElection4] INFO  impl.RaftServerImpl (ServerState.java:setRaftConf(361)) - aa186f79-d556-4a33-825f-255f36f4ca35:group-AD5FBCBA8036 set configuration 0: [aa186f79-d556-4a33-825f-255f36f4ca35:192.168.36.99:42046], old=null at 0
2019-08-20 15:01:41,252 [fa299a0c-a57e-46eb-8783-406416da04aa:group-011AE44E7250:LeaderElection1] INFO  impl.RaftServerImpl (ServerState.java:setRaftConf(361)) - fa299a0c-a57e-46eb-8783-406416da04aa:group-011AE44E7250 set configuration 0: [fa299a0c-a57e-46eb-8783-406416da04aa:192.168.36.99:45177], old=null at 0
2019-08-20 15:01:41,252 [7b5d2d4e-3a0c-423a-91fe-23981ee7bc04:group-AE7DAD7F015A:LeaderElection3] INFO  impl.RaftServerImpl (ServerState.java:setRaftConf(361)) - 7b5d2d4e-3a0c-423a-91fe-23981ee7bc04:group-AE7DAD7F015A set configuration 0: [7b5d2d4e-3a0c-423a-91fe-23981ee7bc04:192.168.36.99:44676], old=null at 0
2019-08-20 15:01:41,252 [5c1b434c-ba47-498c-8220-e38c999f4a86:group-AEFAF402F31E:LeaderElection6] INFO  impl.RaftServerImpl (ServerState.java:setRaftConf(361)) - 5c1b434c-ba47-498c-8220-e38c999f4a86:group-AEFAF402F31E set configuration 0: [5c1b434c-ba47-498c-8220-e38c999f4a86:192.168.36.99:37317], old=null at 0
2019-08-20 15:01:41,252 [fa81d38e-d0a7-48ac-a146-d2415b539be8:group-A98174AC9C58:LeaderElection5] INFO  impl.RaftServerImpl (ServerState.java:setRaftConf(361)) - fa81d38e-d0a7-48ac-a146-d2415b539be8:group-A98174AC9C58 set configuration 0: [fa81d38e-d0a7-48ac-a146-d2415b539be8:192.168.36.99:38233], old=null at 0
2019-08-20 15:01:41,380 | INFO  | SCMAudit | user=jenkins1000 | ip=192.168.36.99 | op=SEND_HEARTBEAT {datanodeUUID=aa186f79-d556-4a33-825f-255f36f4ca35, command=[]} | ret=SUCCESS |  
2019-08-20 15:01:41,508 | INFO  | SCMAudit | user=jenkins1000 | ip=192.168.36.99 | op=SEND_HEARTBEAT {datanodeUUID=fa299a0c-a57e-46eb-8783-406416da04aa, command=[]} | ret=SUCCESS |  
2019-08-20 15:01:41,669 | INFO  | SCMAudit | user=jenkins1000 | ip=192.168.36.99 | op=SEND_HEARTBEAT {datanodeUUID=7b5d2d4e-3a0c-423a-91fe-23981ee7bc04, command=[]} | ret=SUCCESS |  
2019-08-20 15:01:41,727 | INFO  | SCMAudit | user=jenkins1000 | ip=192.168.36.99 | op=SEND_HEARTBEAT {datanodeUUID=fa81d38e-d0a7-48ac-a146-d2415b539be8, command=[]} | ret=SUCCESS |  
2019-08-20 15:01:42,197 | INFO  | SCMAudit | user=jenkins1000 | ip=192.168.36.99 | op=SEND_HEARTBEAT {datanodeUUID=5c1b434c-ba47-498c-8220-e38c999f4a86, command=[]} | ret=SUCCESS |  
2019-08-20 15:01:42,197 | INFO  | SCMAudit | user=jenkins1000 | ip=192.168.36.99 | op=SEND_HEARTBEAT {datanodeUUID=c6990e1c-bb7c-4cd7-a65c-0e47d5f09a21, command=[]} | ret=SUCCESS |  
2019-08-20 15:01:42,381 | INFO  | SCMAudit | user=jenkins1000 | ip=192.168.36.99 | op=SEND_HEARTBEAT {datanodeUUID=aa186f79-d556-4a33-825f-255f36f4ca35, command=[]} | ret=SUCCESS |  
2019-08-20 15:01:42,509 | INFO  | SCMAudit | user=jenkins1000 | ip=192.168.36.99 | op=SEND_HEARTBEAT {datanodeUUID=fa299a0c-a57e-46eb-8783-406416da04aa, command=[]} | ret=SUCCESS |  
2019-08-20 15:01:42,670 | INFO  | SCMAudit | user=jenkins1000 | ip=192.168.36.99 | op=SEND_HEARTBEAT {datanodeUUID=7b5d2d4e-3a0c-423a-91fe-23981ee7bc04, command=[]} | ret=SUCCESS |  
2019-08-20 15:01:42,726 | INFO  | SCMAudit | user=jenkins1000 | ip=192.168.36.99 | op=SEND_HEARTBEAT {datanodeUUID=fa81d38e-d0a7-48ac-a146-d2415b539be8, command=[]} | ret=SUCCESS |  
2019-08-20 15:01:43,196 | INFO  | SCMAudit | user=jenkins1000 | ip=192.168.36.99 | op=SEND_HEARTBEAT {datanodeUUID=5c1b434c-ba47-498c-8220-e38c999f4a86, command=[]} | ret=SUCCESS |  
2019-08-20 15:01:43,196 | INFO  | SCMAudit | user=jenkins1000 | ip=192.168.36.99 | op=SEND_HEARTBEAT {datanodeUUID=c6990e1c-bb7c-4cd7-a65c-0e47d5f09a21, command=[]} | ret=SUCCESS |  
2019-08-20 15:01:43,380 | INFO  | SCMAudit | user=jenkins1000 | ip=192.168.36.99 | op=SEND_HEARTBEAT {datanodeUUID=aa186f79-d556-4a33-825f-255f36f4ca35, command=[]} | ret=SUCCESS |  
2019-08-20 15:01:43,509 | INFO  | SCMAudit | user=jenkins1000 | ip=192.168.36.99 | op=SEND_HEARTBEAT {datanodeUUID=fa299a0c-a57e-46eb-8783-406416da04aa, command=[]} | ret=SUCCESS |  
2019-08-20 15:01:43,627 [aa186f79-d556-4a33-825f-255f36f4ca35:group-A29C53895826:LeaderElection9] INFO  impl.LeaderElection (LeaderElection.java:askForVotes(181)) - aa186f79-d556-4a33-825f-255f36f4ca35:group-A29C53895826:LeaderElection9: begin an election at term 1 for -1: [7b5d2d4e-3a0c-423a-91fe-23981ee7bc04:192.168.36.99:44676, c6990e1c-bb7c-4cd7-a65c-0e47d5f09a21:192.168.36.99:45374, aa186f79-d556-4a33-825f-255f36f4ca35:192.168.36.99:42046], old=null
2019-08-20 15:01:43,651 [7b5d2d4e-3a0c-423a-91fe-23981ee7bc04:group-A29C53895826:LeaderElection7] INFO  impl.LeaderElection (LeaderElection.java:logAndReturn(56)) - 7b5d2d4e-3a0c-423a-91fe-23981ee7bc04:group-A29C53895826:LeaderElection7: Election REJECTED; received 2 response(s) [7b5d2d4e-3a0c-423a-91fe-23981ee7bc04<-c6990e1c-bb7c-4cd7-a65c-0e47d5f09a21#0:FAIL-t1, 7b5d2d4e-3a0c-423a-91fe-23981ee7bc04<-aa186f79-d556-4a33-825f-255f36f4ca35#0:FAIL-t1] and 0 exception(s); 7b5d2d4e-3a0c-423a-91fe-23981ee7bc04:t1, leader=null, voted=7b5d2d4e-3a0c-423a-91fe-23981ee7bc04, raftlog=7b5d2d4e-3a0c-423a-91fe-23981ee7bc04-SegmentedRaftLog:OPENED:c-1,f-1,i0, conf=-1: [7b5d2d4e-3a0c-423a-91fe-23981ee7bc04:192.168.36.99:44676, c6990e1c-bb7c-4cd7-a65c-0e47d5f09a21:192.168.36.99:45374, aa186f79-d556-4a33-825f-255f36f4ca35:192.168.36.99:42046], old=null
2019-08-20 15:01:43,651 [c6990e1c-bb7c-4cd7-a65c-0e47d5f09a21:group-A29C53895826:LeaderElection8] INFO  impl.LeaderElection (LeaderElection.java:logAndReturn(56)) - c6990e1c-bb7c-4cd7-a65c-0e47d5f09a21:group-A29C53895826:LeaderElection8: Election REJECTED; received 2 response(s) [c6990e1c-bb7c-4cd7-a65c-0e47d5f09a21<-7b5d2d4e-3a0c-423a-91fe-23981ee7bc04#0:FAIL-t1, c6990e1c-bb7c-4cd7-a65c-0e47d5f09a21<-aa186f79-d556-4a33-825f-255f36f4ca35#0:FAIL-t1] and 0 exception(s); c6990e1c-bb7c-4cd7-a65c-0e47d5f09a21:t1, leader=null, voted=c6990e1c-bb7c-4cd7-a65c-0e47d5f09a21, raftlog=c6990e1c-bb7c-4cd7-a65c-0e47d5f09a21-SegmentedRaftLog:OPENED:c-1,f-1,i0, conf=-1: [7b5d2d4e-3a0c-423a-91fe-23981ee7bc04:192.168.36.99:44676, c6990e1c-bb7c-4cd7-a65c-0e47d5f09a21:192.168.36.99:45374, aa186f79-d556-4a33-825f-255f36f4ca35:192.168.36.99:42046], old=null
2019-08-20 15:01:43,657 [7b5d2d4e-3a0c-423a-91fe-23981ee7bc04:group-A29C53895826:LeaderElection7] INFO  impl.RaftServerImpl (RaftServerImpl.java:setRole(171)) - 7b5d2d4e-3a0c-423a-91fe-23981ee7bc04:group-A29C53895826 changes role from CANDIDATE to FOLLOWER at term 1 for DISCOVERED_A_NEW_TERM
2019-08-20 15:01:43,657 [c6990e1c-bb7c-4cd7-a65c-0e47d5f09a21:group-A29C53895826:LeaderElection8] INFO  impl.RaftServerImpl (RaftServerImpl.java:setRole(171)) - c6990e1c-bb7c-4cd7-a65c-0e47d5f09a21:group-A29C53895826 changes role from CANDIDATE to FOLLOWER at term 1 for DISCOVERED_A_NEW_TERM
2019-08-20 15:01:43,660 [7b5d2d4e-3a0c-423a-91fe-23981ee7bc04:group-A29C53895826:LeaderElection7] INFO  impl.RoleInfo (RoleInfo.java:shutdownLeaderElection(134)) - 7b5d2d4e-3a0c-423a-91fe-23981ee7bc04: shutdown LeaderElection
2019-08-20 15:01:43,660 [c6990e1c-bb7c-4cd7-a65c-0e47d5f09a21:group-A29C53895826:LeaderElection8] INFO  impl.RoleInfo (RoleInfo.java:shutdownLeaderElection(134)) - c6990e1c-bb7c-4cd7-a65c-0e47d5f09a21: shutdown LeaderElection
2019-08-20 15:01:43,660 [7b5d2d4e-3a0c-423a-91fe-23981ee7bc04:group-A29C53895826:LeaderElection7] INFO  impl.RoleInfo (RoleInfo.java:updateAndGet(143)) - 7b5d2d4e-3a0c-423a-91fe-23981ee7bc04: start FollowerState
2019-08-20 15:01:43,660 [c6990e1c-bb7c-4cd7-a65c-0e47d5f09a21:group-A29C53895826:LeaderElection8] INFO  impl.RoleInfo (RoleInfo.java:updateAndGet(143)) - c6990e1c-bb7c-4cd7-a65c-0e47d5f09a21: start FollowerState
2019-08-20 15:01:43,673 | INFO  | SCMAudit | user=jenkins1000 | ip=192.168.36.99 | op=SEND_HEARTBEAT {datanodeUUID=7b5d2d4e-3a0c-423a-91fe-23981ee7bc04, command=[]} | ret=SUCCESS |  
2019-08-20 15:01:43,681 [aa186f79-d556-4a33-825f-255f36f4ca35:group-A29C53895826:LeaderElection9] INFO  impl.LeaderElection (LeaderElection.java:logAndReturn(56)) - aa186f79-d556-4a33-825f-255f36f4ca35:group-A29C53895826:LeaderElection9: Election REJECTED; received 2 response(s) [aa186f79-d556-4a33-825f-255f36f4ca35<-7b5d2d4e-3a0c-423a-91fe-23981ee7bc04#0:FAIL-t1, aa186f79-d556-4a33-825f-255f36f4ca35<-c6990e1c-bb7c-4cd7-a65c-0e47d5f09a21#0:FAIL-t1] and 0 exception(s); aa186f79-d556-4a33-825f-255f36f4ca35:t1, leader=null, voted=aa186f79-d556-4a33-825f-255f36f4ca35, raftlog=aa186f79-d556-4a33-825f-255f36f4ca35-SegmentedRaftLog:OPENED:c-1,f-1,i0, conf=-1: [7b5d2d4e-3a0c-423a-91fe-23981ee7bc04:192.168.36.99:44676, c6990e1c-bb7c-4cd7-a65c-0e47d5f09a21:192.168.36.99:45374, aa186f79-d556-4a33-825f-255f36f4ca35:192.168.36.99:42046], old=null
2019-08-20 15:01:43,681 [aa186f79-d556-4a33-825f-255f36f4ca35:group-A29C53895826:LeaderElection9] INFO  impl.RaftServerImpl (RaftServerImpl.java:setRole(171)) - aa186f79-d556-4a33-825f-255f36f4ca35:group-A29C53895826 changes role from CANDIDATE to FOLLOWER at term 1 for DISCOVERED_A_NEW_TERM
2019-08-20 15:01:43,683 [aa186f79-d556-4a33-825f-255f36f4ca35:group-A29C53895826:LeaderElection9] INFO  impl.RoleInfo (RoleInfo.java:shutdownLeaderElection(134)) - aa186f79-d556-4a33-825f-255f36f4ca35: shutdown LeaderElection
2019-08-20 15:01:43,684 [aa186f79-d556-4a33-825f-255f36f4ca35:group-A29C53895826:LeaderElection9] INFO  impl.RoleInfo (RoleInfo.java:updateAndGet(143)) - aa186f79-d556-4a33-825f-255f36f4ca35: start FollowerState
2019-08-20 15:01:43,726 | INFO  | SCMAudit | user=jenkins1000 | ip=192.168.36.99 | op=SEND_HEARTBEAT {datanodeUUID=fa81d38e-d0a7-48ac-a146-d2415b539be8, command=[]} | ret=SUCCESS |  
2019-08-20 15:01:44,197 | INFO  | SCMAudit | user=jenkins1000 | ip=192.168.36.99 | op=SEND_HEARTBEAT {datanodeUUID=c6990e1c-bb7c-4cd7-a65c-0e47d5f09a21, command=[]} | ret=SUCCESS |  
2019-08-20 15:01:44,197 | INFO  | SCMAudit | user=jenkins1000 | ip=192.168.36.99 | op=SEND_HEARTBEAT {datanodeUUID=5c1b434c-ba47-498c-8220-e38c999f4a86, command=[]} | ret=SUCCESS |  
2019-08-20 15:01:44,381 | INFO  | SCMAudit | user=jenkins1000 | ip=192.168.36.99 | op=SEND_HEARTBEAT {datanodeUUID=aa186f79-d556-4a33-825f-255f36f4ca35, command=[]} | ret=SUCCESS |  
2019-08-20 15:01:44,509 | INFO  | SCMAudit | user=jenkins1000 | ip=192.168.36.99 | op=SEND_HEARTBEAT {datanodeUUID=fa299a0c-a57e-46eb-8783-406416da04aa, command=[]} | ret=SUCCESS |  
2019-08-20 15:01:44,671 | INFO  | SCMAudit | user=jenkins1000 | ip=192.168.36.99 | op=SEND_HEARTBEAT {datanodeUUID=7b5d2d4e-3a0c-423a-91fe-23981ee7bc04, command=[]} | ret=SUCCESS |  
2019-08-20 15:01:44,711 [pool-27-thread-1] INFO  storage.RaftStorageDirectory (RaftStorageDirectory.java:tryLock(328)) - Lock on /workdir/hadoop-ozone/integration-test/target/test-dir/MiniOzoneClusterImpl-6c4688aa-211a-4a21-81fa-acbd3405623e/datanode-0/data/ratis/3f8abeac-1b8e-4813-a476-5ab8322b29fa/in_use.lock acquired by nodename 4043@pr-hdds-1950-vsl5z-1698008226
2019-08-20 15:01:44,715 [fa81d38e-d0a7-48ac-a146-d2415b539be8-SegmentedRaftLogWorker:Storage Directory /workdir/hadoop-ozone/integration-test/target/test-dir/MiniOzoneClusterImpl-6c4688aa-211a-4a21-81fa-acbd3405623e/datanode-1/data/ratis/1ea64a44-06ed-469d-baec-a98174ac9c58] INFO  segmented.SegmentedRaftLogWorker (SegmentedRaftLogWorker.java:execute(569)) - fa81d38e-d0a7-48ac-a146-d2415b539be8-SegmentedRaftLogWorker:Storage Directory /workdir/hadoop-ozone/integration-test/target/test-dir/MiniOzoneClusterImpl-6c4688aa-211a-4a21-81fa-acbd3405623e/datanode-1/data/ratis/1ea64a44-06ed-469d-baec-a98174ac9c58: created new log segment /workdir/hadoop-ozone/integration-test/target/test-dir/MiniOzoneClusterImpl-6c4688aa-211a-4a21-81fa-acbd3405623e/datanode-1/data/ratis/1ea64a44-06ed-469d-baec-a98174ac9c58/current/log_inprogress_0
2019-08-20 15:01:44,715 [7b5d2d4e-3a0c-423a-91fe-23981ee7bc04-SegmentedRaftLogWorker:Storage Directory /workdir/hadoop-ozone/integration-test/target/test-dir/MiniOzoneClusterImpl-6c4688aa-211a-4a21-81fa-acbd3405623e/datanode-5/data/ratis/ee709497-3018-4ce9-9a42-ae7dad7f015a] INFO  segmented.SegmentedRaftLogWorker (SegmentedRaftLogWorker.java:execute(569)) - 7b5d2d4e-3a0c-423a-91fe-23981ee7bc04-SegmentedRaftLogWorker:Storage Directory /workdir/hadoop-ozone/integration-test/target/test-dir/MiniOzoneClusterImpl-6c4688aa-211a-4a21-81fa-acbd3405623e/datanode-5/data/ratis/ee709497-3018-4ce9-9a42-ae7dad7f015a: created new log segment /workdir/hadoop-ozone/integration-test/target/test-dir/MiniOzoneClusterImpl-6c4688aa-211a-4a21-81fa-acbd3405623e/datanode-5/data/ratis/ee709497-3018-4ce9-9a42-ae7dad7f015a/current/log_inprogress_0
2019-08-20 15:01:44,715 [aa186f79-d556-4a33-825f-255f36f4ca35-SegmentedRaftLogWorker:Storage Directory /workdir/hadoop-ozone/integration-test/target/test-dir/MiniOzoneClusterImpl-6c4688aa-211a-4a21-81fa-acbd3405623e/datanode-4/data/ratis/fcd266c5-4939-41c1-9097-ad5fbcba8036] INFO  segmented.SegmentedRaftLogWorker (SegmentedRaftLogWorker.java:execute(569)) - aa186f79-d556-4a33-825f-255f36f4ca35-SegmentedRaftLogWorker:Storage Directory /workdir/hadoop-ozone/integration-test/target/test-dir/MiniOzoneClusterImpl-6c4688aa-211a-4a21-81fa-acbd3405623e/datanode-4/data/ratis/fcd266c5-4939-41c1-9097-ad5fbcba8036: created new log segment /workdir/hadoop-ozone/integration-test/target/test-dir/MiniOzoneClusterImpl-6c4688aa-211a-4a21-81fa-acbd3405623e/datanode-4/data/ratis/fcd266c5-4939-41c1-9097-ad5fbcba8036/current/log_inprogress_0
2019-08-20 15:01:44,715 [fa299a0c-a57e-46eb-8783-406416da04aa-SegmentedRaftLogWorker:Storage Directory /workdir/hadoop-ozone/integration-test/target/test-dir/MiniOzoneClusterImpl-6c4688aa-211a-4a21-81fa-acbd3405623e/datanode-0/data/ratis/652aeb7f-8544-4a92-b7e5-011ae44e7250] INFO  segmented.SegmentedRaftLogWorker (SegmentedRaftLogWorker.java:execute(569)) - fa299a0c-a57e-46eb-8783-406416da04aa-SegmentedRaftLogWorker:Storage Directory /workdir/hadoop-ozone/integration-test/target/test-dir/MiniOzoneClusterImpl-6c4688aa-211a-4a21-81fa-acbd3405623e/datanode-0/data/ratis/652aeb7f-8544-4a92-b7e5-011ae44e7250: created new log segment /workdir/hadoop-ozone/integration-test/target/test-dir/MiniOzoneClusterImpl-6c4688aa-211a-4a21-81fa-acbd3405623e/datanode-0/data/ratis/652aeb7f-8544-4a92-b7e5-011ae44e7250/current/log_inprogress_0
2019-08-20 15:01:44,715 [c6990e1c-bb7c-4cd7-a65c-0e47d5f09a21-SegmentedRaftLogWorker:Storage Directory /workdir/hadoop-ozone/integration-test/target/test-dir/MiniOzoneClusterImpl-6c4688aa-211a-4a21-81fa-acbd3405623e/datanode-3/data/ratis/1c06f751-1e19-413a-9eaa-bbc23aba2e5a] INFO  segmented.SegmentedRaftLogWorker (SegmentedRaftLogWorker.java:execute(569)) - c6990e1c-bb7c-4cd7-a65c-0e47d5f09a21-SegmentedRaftLogWorker:Storage Directory /workdir/hadoop-ozone/integration-test/target/test-dir/MiniOzoneClusterImpl-6c4688aa-211a-4a21-81fa-acbd3405623e/datanode-3/data/ratis/1c06f751-1e19-413a-9eaa-bbc23aba2e5a: created new log segment /workdir/hadoop-ozone/integration-test/target/test-dir/MiniOzoneClusterImpl-6c4688aa-211a-4a21-81fa-acbd3405623e/datanode-3/data/ratis/1c06f751-1e19-413a-9eaa-bbc23aba2e5a/current/log_inprogress_0
2019-08-20 15:01:44,715 [5c1b434c-ba47-498c-8220-e38c999f4a86-SegmentedRaftLogWorker:Storage Directory /workdir/hadoop-ozone/integration-test/target/test-dir/MiniOzoneClusterImpl-6c4688aa-211a-4a21-81fa-acbd3405623e/datanode-2/data/ratis/25e72020-0617-4287-b0ce-aefaf402f31e] INFO  segmented.SegmentedRaftLogWorker (SegmentedRaftLogWorker.java:execute(569)) - 5c1b434c-ba47-498c-8220-e38c999f4a86-SegmentedRaftLogWorker:Storage Directory /workdir/hadoop-ozone/integration-test/target/test-dir/MiniOzoneClusterImpl-6c4688aa-211a-4a21-81fa-acbd3405623e/datanode-2/data/ratis/25e72020-0617-4287-b0ce-aefaf402f31e: created new log segment /workdir/hadoop-ozone/integration-test/target/test-dir/MiniOzoneClusterImpl-6c4688aa-211a-4a21-81fa-acbd3405623e/datanode-2/data/ratis/25e72020-0617-4287-b0ce-aefaf402f31e/current/log_inprogress_0
2019-08-20 15:01:44,711 [pool-38-thread-1] INFO  storage.RaftStorageDirectory (RaftStorageDirectory.java:tryLock(328)) - Lock on /workdir/hadoop-ozone/integration-test/target/test-dir/MiniOzoneClusterImpl-6c4688aa-211a-4a21-81fa-acbd3405623e/datanode-1/data/ratis/3f8abeac-1b8e-4813-a476-5ab8322b29fa/in_use.lock acquired by nodename 4043@pr-hdds-1950-vsl5z-1698008226
2019-08-20 15:01:44,711 [pool-49-thread-1] INFO  storage.RaftStorageDirectory (RaftStorageDirectory.java:tryLock(328)) - Lock on /workdir/hadoop-ozone/integration-test/target/test-dir/MiniOzoneClusterImpl-6c4688aa-211a-4a21-81fa-acbd3405623e/datanode-2/data/ratis/3f8abeac-1b8e-4813-a476-5ab8322b29fa/in_use.lock acquired by nodename 4043@pr-hdds-1950-vsl5z-1698008226
2019-08-20 15:01:44,737 | INFO  | SCMAudit | user=jenkins1000 | ip=192.168.36.99 | op=SEND_HEARTBEAT {datanodeUUID=fa81d38e-d0a7-48ac-a146-d2415b539be8, command=[]} | ret=SUCCESS |  
2019-08-20 15:01:45,196 | INFO  | SCMAudit | user=jenkins1000 | ip=192.168.36.99 | op=SEND_HEARTBEAT {datanodeUUID=c6990e1c-bb7c-4cd7-a65c-0e47d5f09a21, command=[]} | ret=SUCCESS |  
2019-08-20 15:01:45,196 | INFO  | SCMAudit | user=jenkins1000 | ip=192.168.36.99 | op=SEND_HEARTBEAT {datanodeUUID=5c1b434c-ba47-498c-8220-e38c999f4a86, command=[]} | ret=SUCCESS |  
2019-08-20 15:01:45,380 | INFO  | SCMAudit | user=jenkins1000 | ip=192.168.36.99 | op=SEND_HEARTBEAT {datanodeUUID=aa186f79-d556-4a33-825f-255f36f4ca35, command=[]} | ret=SUCCESS |  
2019-08-20 15:01:45,509 | INFO  | SCMAudit | user=jenkins1000 | ip=192.168.36.99 | op=SEND_HEARTBEAT {datanodeUUID=fa299a0c-a57e-46eb-8783-406416da04aa, command=[]} | ret=SUCCESS |  
2019-08-20 15:01:45,671 | INFO  | SCMAudit | user=jenkins1000 | ip=192.168.36.99 | op=SEND_HEARTBEAT {datanodeUUID=7b5d2d4e-3a0c-423a-91fe-23981ee7bc04, command=[]} | ret=SUCCESS |  
2019-08-20 15:01:45,727 | INFO  | SCMAudit | user=jenkins1000 | ip=192.168.36.99 | op=SEND_HEARTBEAT {datanodeUUID=fa81d38e-d0a7-48ac-a146-d2415b539be8, command=[]} | ret=SUCCESS |  
2019-08-20 15:01:46,196 | INFO  | SCMAudit | user=jenkins1000 | ip=192.168.36.99 | op=SEND_HEARTBEAT {datanodeUUID=c6990e1c-bb7c-4cd7-a65c-0e47d5f09a21, command=[]} | ret=SUCCESS |  
2019-08-20 15:01:46,196 | INFO  | SCMAudit | user=jenkins1000 | ip=192.168.36.99 | op=SEND_HEARTBEAT {datanodeUUID=5c1b434c-ba47-498c-8220-e38c999f4a86, command=[]} | ret=SUCCESS |  
2019-08-20 15:01:46,381 | INFO  | SCMAudit | user=jenkins1000 | ip=192.168.36.99 | op=SEND_HEARTBEAT {datanodeUUID=aa186f79-d556-4a33-825f-255f36f4ca35, command=[]} | ret=SUCCESS |  
2019-08-20 15:01:46,510 | INFO  | SCMAudit | user=jenkins1000 | ip=192.168.36.99 | op=SEND_HEARTBEAT {datanodeUUID=fa299a0c-a57e-46eb-8783-406416da04aa, command=[]} | ret=SUCCESS |  
2019-08-20 15:01:46,672 | INFO  | SCMAudit | user=jenkins1000 | ip=192.168.36.99 | op=SEND_HEARTBEAT {datanodeUUID=7b5d2d4e-3a0c-423a-91fe-23981ee7bc04, command=[]} | ret=SUCCESS |  
2019-08-20 15:01:46,727 | INFO  | SCMAudit | user=jenkins1000 | ip=192.168.36.99 | op=SEND_HEARTBEAT {datanodeUUID=fa81d38e-d0a7-48ac-a146-d2415b539be8, command=[]} | ret=SUCCESS |  
2019-08-20 15:01:47,197 | INFO  | SCMAudit | user=jenkins1000 | ip=192.168.36.99 | op=SEND_HEARTBEAT {datanodeUUID=5c1b434c-ba47-498c-8220-e38c999f4a86, command=[]} | ret=SUCCESS |  
2019-08-20 15:01:47,197 | INFO  | SCMAudit | user=jenkins1000 | ip=192.168.36.99 | op=SEND_HEARTBEAT {datanodeUUID=c6990e1c-bb7c-4cd7-a65c-0e47d5f09a21, command=[]} | ret=SUCCESS |  
2019-08-20 15:01:47,380 | INFO  | SCMAudit | user=jenkins1000 | ip=192.168.36.99 | op=SEND_HEARTBEAT {datanodeUUID=aa186f79-d556-4a33-825f-255f36f4ca35, command=[]} | ret=SUCCESS |  
2019-08-20 15:01:47,497 [pool-49-thread-1] INFO  storage.RaftStorage (RaftStorage.java:format(72)) - Storage directory /workdir/hadoop-ozone/integration-test/target/test-dir/MiniOzoneClusterImpl-6c4688aa-211a-4a21-81fa-acbd3405623e/datanode-2/data/ratis/3f8abeac-1b8e-4813-a476-5ab8322b29fa has been successfully formatted.
2019-08-20 15:01:47,497 [pool-27-thread-1] INFO  storage.RaftStorage (RaftStorage.java:format(72)) - Storage directory /workdir/hadoop-ozone/integration-test/target/test-dir/MiniOzoneClusterImpl-6c4688aa-211a-4a21-81fa-acbd3405623e/datanode-0/data/ratis/3f8abeac-1b8e-4813-a476-5ab8322b29fa has been successfully formatted.
2019-08-20 15:01:47,497 [pool-38-thread-1] INFO  storage.RaftStorage (RaftStorage.java:format(72)) - Storage directory /workdir/hadoop-ozone/integration-test/target/test-dir/MiniOzoneClusterImpl-6c4688aa-211a-4a21-81fa-acbd3405623e/datanode-1/data/ratis/3f8abeac-1b8e-4813-a476-5ab8322b29fa has been successfully formatted.
2019-08-20 15:01:47,498 [pool-49-thread-1] INFO  ratis.ContainerStateMachine (ContainerStateMachine.java:loadSnapshot(222)) - group-5AB8322B29FA: The snapshot info is null. Setting the last applied indexto:(t:0, i:~)
2019-08-20 15:01:47,498 [pool-38-thread-1] INFO  ratis.ContainerStateMachine (ContainerStateMachine.java:loadSnapshot(222)) - group-5AB8322B29FA: The snapshot info is null. Setting the last applied indexto:(t:0, i:~)
2019-08-20 15:01:47,498 [pool-27-thread-1] INFO  ratis.ContainerStateMachine (ContainerStateMachine.java:loadSnapshot(222)) - group-5AB8322B29FA: The snapshot info is null. Setting the last applied indexto:(t:0, i:~)
2019-08-20 15:01:47,498 [pool-38-thread-1] INFO  server.RaftServerConfigKeys (ConfUtils.java:logGet(43)) - raft.server.leader.election.timeout = 120s (custom)
2019-08-20 15:01:47,498 [pool-49-thread-1] INFO  server.RaftServerConfigKeys (ConfUtils.java:logGet(43)) - raft.server.leader.election.timeout = 120s (custom)
2019-08-20 15:01:47,499 [pool-38-thread-1] INFO  server.RaftServerConfigKeys (ConfUtils.java:logGet(43)) - raft.server.log.use.memory = false (default)
2019-08-20 15:01:47,498 [pool-27-thread-1] INFO  server.RaftServerConfigKeys (ConfUtils.java:logGet(43)) - raft.server.leader.election.timeout = 120s (custom)
2019-08-20 15:01:47,499 [pool-38-thread-1] INFO  server.RaftServerConfigKeys (ConfUtils.java:logGet(43)) - raft.server.log.purge.gap = 1000000 (custom)
2019-08-20 15:01:47,499 [pool-49-thread-1] INFO  server.RaftServerConfigKeys (ConfUtils.java:logGet(43)) - raft.server.log.use.memory = false (default)
2019-08-20 15:01:47,499 [pool-38-thread-1] INFO  server.RaftServerConfigKeys (ConfUtils.java:logGet(43)) - raft.server.log.appender.buffer.byte-limit = 33554432 (custom)
2019-08-20 15:01:47,499 [pool-27-thread-1] INFO  server.RaftServerConfigKeys (ConfUtils.java:logGet(43)) - raft.server.log.use.memory = false (default)
2019-08-20 15:01:47,499 [pool-38-thread-1] INFO  server.RaftServerConfigKeys (ConfUtils.java:logGet(43)) - raft.server.log.segment.size.max = 1048576 (custom)
2019-08-20 15:01:47,499 [pool-49-thread-1] INFO  server.RaftServerConfigKeys (ConfUtils.java:logGet(43)) - raft.server.log.purge.gap = 1000000 (custom)
2019-08-20 15:01:47,499 [pool-27-thread-1] INFO  server.RaftServerConfigKeys (ConfUtils.java:logGet(43)) - raft.server.log.purge.gap = 1000000 (custom)
2019-08-20 15:01:47,500 [pool-38-thread-1] INFO  server.RaftServerConfigKeys (ConfUtils.java:logGet(43)) - raft.server.log.segment.cache.num.max = 2 (custom)
2019-08-20 15:01:47,500 [pool-49-thread-1] INFO  server.RaftServerConfigKeys (ConfUtils.java:logGet(43)) - raft.server.log.appender.buffer.byte-limit = 33554432 (custom)
2019-08-20 15:01:47,500 [pool-38-thread-1] INFO  segmented.SegmentedRaftLogWorker (SegmentedRaftLogWorker.java:<init>(172)) - new fa81d38e-d0a7-48ac-a146-d2415b539be8-SegmentedRaftLogWorker:Storage Directory /workdir/hadoop-ozone/integration-test/target/test-dir/MiniOzoneClusterImpl-6c4688aa-211a-4a21-81fa-acbd3405623e/datanode-1/data/ratis/3f8abeac-1b8e-4813-a476-5ab8322b29fa for RaftStorage:Storage Directory /workdir/hadoop-ozone/integration-test/target/test-dir/MiniOzoneClusterImpl-6c4688aa-211a-4a21-81fa-acbd3405623e/datanode-1/data/ratis/3f8abeac-1b8e-4813-a476-5ab8322b29fa
2019-08-20 15:01:47,500 [pool-27-thread-1] INFO  server.RaftServerConfigKeys (ConfUtils.java:logGet(43)) - raft.server.log.appender.buffer.byte-limit = 33554432 (custom)
2019-08-20 15:01:47,500 [pool-38-thread-1] INFO  server.RaftServerConfigKeys (ConfUtils.java:logGet(43)) - raft.server.log.queue.byte-limit = 2147483647 (custom)
2019-08-20 15:01:47,500 [pool-49-thread-1] INFO  server.RaftServerConfigKeys (ConfUtils.java:logGet(43)) - raft.server.log.segment.size.max = 1048576 (custom)
2019-08-20 15:01:47,503 [pool-38-thread-1] INFO  server.RaftServerConfigKeys (ConfUtils.java:logGet(43)) - raft.server.log.queue.element-limit = 1024 (custom)
2019-08-20 15:01:47,500 [pool-27-thread-1] INFO  server.RaftServerConfigKeys (ConfUtils.java:logGet(43)) - raft.server.log.segment.size.max = 1048576 (custom)
2019-08-20 15:01:47,503 [pool-38-thread-1] INFO  server.RaftServerConfigKeys (ConfUtils.java:logGet(43)) - raft.server.log.segment.size.max = 1048576 (custom)
2019-08-20 15:01:47,503 [pool-49-thread-1] INFO  server.RaftServerConfigKeys (ConfUtils.java:logGet(43)) - raft.server.log.segment.cache.num.max = 2 (custom)
2019-08-20 15:01:47,503 [pool-38-thread-1] INFO  server.RaftServerConfigKeys (ConfUtils.java:logGet(43)) - raft.server.log.preallocated.size = 16384 (custom)
2019-08-20 15:01:47,503 [pool-27-thread-1] INFO  server.RaftServerConfigKeys (ConfUtils.java:logGet(43)) - raft.server.log.segment.cache.num.max = 2 (custom)
2019-08-20 15:01:47,504 [pool-38-thread-1] INFO  server.RaftServerConfigKeys (ConfUtils.java:logGet(43)) - raft.server.log.write.buffer.size = 33554432 (custom)
2019-08-20 15:01:47,503 [pool-49-thread-1] INFO  segmented.SegmentedRaftLogWorker (SegmentedRaftLogWorker.java:<init>(172)) - new 5c1b434c-ba47-498c-8220-e38c999f4a86-SegmentedRaftLogWorker:Storage Directory /workdir/hadoop-ozone/integration-test/target/test-dir/MiniOzoneClusterImpl-6c4688aa-211a-4a21-81fa-acbd3405623e/datanode-2/data/ratis/3f8abeac-1b8e-4813-a476-5ab8322b29fa for RaftStorage:Storage Directory /workdir/hadoop-ozone/integration-test/target/test-dir/MiniOzoneClusterImpl-6c4688aa-211a-4a21-81fa-acbd3405623e/datanode-2/data/ratis/3f8abeac-1b8e-4813-a476-5ab8322b29fa
2019-08-20 15:01:47,504 [pool-38-thread-1] INFO  server.RaftServerConfigKeys (ConfUtils.java:logGet(43)) - raft.server.log.force.sync.num = 128 (default)
2019-08-20 15:01:47,504 [pool-27-thread-1] INFO  segmented.SegmentedRaftLogWorker (SegmentedRaftLogWorker.java:<init>(172)) - new fa299a0c-a57e-46eb-8783-406416da04aa-SegmentedRaftLogWorker:Storage Directory /workdir/hadoop-ozone/integration-test/target/test-dir/MiniOzoneClusterImpl-6c4688aa-211a-4a21-81fa-acbd3405623e/datanode-0/data/ratis/3f8abeac-1b8e-4813-a476-5ab8322b29fa for RaftStorage:Storage Directory /workdir/hadoop-ozone/integration-test/target/test-dir/MiniOzoneClusterImpl-6c4688aa-211a-4a21-81fa-acbd3405623e/datanode-0/data/ratis/3f8abeac-1b8e-4813-a476-5ab8322b29fa
2019-08-20 15:01:47,504 [pool-38-thread-1] INFO  server.RaftServerConfigKeys (ConfUtils.java:logGet(43)) - raft.server.log.statemachine.data.sync = true (default)
2019-08-20 15:01:47,504 [pool-49-thread-1] INFO  server.RaftServerConfigKeys (ConfUtils.java:logGet(43)) - raft.server.log.queue.byte-limit = 2147483647 (custom)
2019-08-20 15:01:47,507 [pool-38-thread-1] INFO  server.RaftServerConfigKeys (ConfUtils.java:logGet(43)) - raft.server.log.statemachine.data.sync.timeout = 10s (default)
2019-08-20 15:01:47,506 [pool-27-thread-1] INFO  server.RaftServerConfigKeys (ConfUtils.java:logGet(43)) - raft.server.log.queue.byte-limit = 2147483647 (custom)
2019-08-20 15:01:47,507 [pool-38-thread-1] INFO  server.RaftServerConfigKeys (ConfUtils.java:logGet(43)) - raft.server.log.statemachine.data.sync.timeout.retry = -1 (default)
2019-08-20 15:01:47,507 [pool-49-thread-1] INFO  server.RaftServerConfigKeys (ConfUtils.java:logGet(43)) - raft.server.log.queue.element-limit = 1024 (custom)
2019-08-20 15:01:47,508 [pool-38-thread-1] INFO  server.RaftServerConfigKeys (ConfUtils.java:logGet(43)) - raft.server.log.statemachine.data.caching.enabled = true (custom)
2019-08-20 15:01:47,508 [pool-27-thread-1] INFO  server.RaftServerConfigKeys (ConfUtils.java:logGet(43)) - raft.server.log.queue.element-limit = 1024 (custom)
2019-08-20 15:01:47,508 [pool-49-thread-1] INFO  server.RaftServerConfigKeys (ConfUtils.java:logGet(43)) - raft.server.log.segment.size.max = 1048576 (custom)
2019-08-20 15:01:47,508 [pool-27-thread-1] INFO  server.RaftServerConfigKeys (ConfUtils.java:logGet(43)) - raft.server.log.segment.size.max = 1048576 (custom)
2019-08-20 15:01:47,508 [pool-49-thread-1] INFO  server.RaftServerConfigKeys (ConfUtils.java:logGet(43)) - raft.server.log.preallocated.size = 16384 (custom)
2019-08-20 15:01:47,508 [pool-38-thread-1] INFO  segmented.SegmentedRaftLogWorker (SegmentedRaftLogWorker.java:lambda$new$0(132)) - fa81d38e-d0a7-48ac-a146-d2415b539be8-SegmentedRaftLogWorker:Storage Directory /workdir/hadoop-ozone/integration-test/target/test-dir/MiniOzoneClusterImpl-6c4688aa-211a-4a21-81fa-acbd3405623e/datanode-1/data/ratis/3f8abeac-1b8e-4813-a476-5ab8322b29fa: flushIndex: setUnconditionally 0 -> -1
2019-08-20 15:01:47,509 [pool-49-thread-1] INFO  server.RaftServerConfigKeys (ConfUtils.java:logGet(43)) - raft.server.log.write.buffer.size = 33554432 (custom)
2019-08-20 15:01:47,509 | INFO  | SCMAudit | user=jenkins1000 | ip=192.168.36.99 | op=SEND_HEARTBEAT {datanodeUUID=fa299a0c-a57e-46eb-8783-406416da04aa, command=[]} | ret=SUCCESS |  
2019-08-20 15:01:47,509 [pool-27-thread-1] INFO  server.RaftServerConfigKeys (ConfUtils.java:logGet(43)) - raft.server.log.preallocated.size = 16384 (custom)
2019-08-20 15:01:47,509 [pool-38-thread-1] INFO  server.RaftServerConfigKeys (ConfUtils.java:logGet(43)) - raft.server.snapshot.auto.trigger.enabled = true (custom)
2019-08-20 15:01:47,509 [pool-49-thread-1] INFO  server.RaftServerConfigKeys (ConfUtils.java:logGet(43)) - raft.server.log.force.sync.num = 128 (default)
2019-08-20 15:01:47,509 [pool-38-thread-1] INFO  server.RaftServerConfigKeys (ConfUtils.java:logGet(43)) - raft.server.snapshot.auto.trigger.threshold = 10000 (custom)
2019-08-20 15:01:47,509 [pool-27-thread-1] INFO  server.RaftServerConfigKeys (ConfUtils.java:logGet(43)) - raft.server.log.write.buffer.size = 33554432 (custom)
2019-08-20 15:01:47,510 [pool-38-thread-1] INFO  server.RaftServerConfigKeys (ConfUtils.java:logGet(43)) - raft.server.retrycache.expirytime = 600000ms (custom)
2019-08-20 15:01:47,509 [pool-49-thread-1] INFO  server.RaftServerConfigKeys (ConfUtils.java:logGet(43)) - raft.server.log.statemachine.data.sync = true (default)
2019-08-20 15:01:47,510 [pool-27-thread-1] INFO  server.RaftServerConfigKeys (ConfUtils.java:logGet(43)) - raft.server.log.force.sync.num = 128 (default)
2019-08-20 15:01:47,510 [pool-49-thread-1] INFO  server.RaftServerConfigKeys (ConfUtils.java:logGet(43)) - raft.server.log.statemachine.data.sync.timeout = 10s (default)
2019-08-20 15:01:47,510 [pool-38-thread-1] INFO  impl.RaftServerImpl (RaftServerImpl.java:start(180)) - fa81d38e-d0a7-48ac-a146-d2415b539be8: start group-9F811BC720EA
2019-08-20 15:01:47,510 [pool-49-thread-1] INFO  server.RaftServerConfigKeys (ConfUtils.java:logGet(43)) - raft.server.log.statemachine.data.sync.timeout.retry = -1 (default)
2019-08-20 15:01:47,510 [pool-27-thread-1] INFO  server.RaftServerConfigKeys (ConfUtils.java:logGet(43)) - raft.server.log.statemachine.data.sync = true (default)
2019-08-20 15:01:47,510 [pool-49-thread-1] INFO  server.RaftServerConfigKeys (ConfUtils.java:logGet(43)) - raft.server.log.statemachine.data.caching.enabled = true (custom)
2019-08-20 15:01:47,510 [pool-38-thread-1] INFO  impl.RaftServerImpl (RaftServerImpl.java:setRole(171)) - fa81d38e-d0a7-48ac-a146-d2415b539be8:group-9F811BC720EA changes role from null to FOLLOWER at term 0 for startAsFollower
2019-08-20 15:01:47,511 [pool-27-thread-1] INFO  server.RaftServerConfigKeys (ConfUtils.java:logGet(43)) - raft.server.log.statemachine.data.sync.timeout = 10s (default)
2019-08-20 15:01:47,511 [pool-49-thread-1] INFO  segmented.SegmentedRaftLogWorker (SegmentedRaftLogWorker.java:lambda$new$0(132)) - 5c1b434c-ba47-498c-8220-e38c999f4a86-SegmentedRaftLogWorker:Storage Directory /workdir/hadoop-ozone/integration-test/target/test-dir/MiniOzoneClusterImpl-6c4688aa-211a-4a21-81fa-acbd3405623e/datanode-2/data/ratis/3f8abeac-1b8e-4813-a476-5ab8322b29fa: flushIndex: setUnconditionally 0 -> -1
2019-08-20 15:01:47,511 [pool-38-thread-1] INFO  impl.RoleInfo (RoleInfo.java:updateAndGet(143)) - fa81d38e-d0a7-48ac-a146-d2415b539be8: start FollowerState
2019-08-20 15:01:47,511 [pool-27-thread-1] INFO  server.RaftServerConfigKeys (ConfUtils.java:logGet(43)) - raft.server.log.statemachine.data.sync.timeout.retry = -1 (default)
2019-08-20 15:01:47,511 [pool-49-thread-1] INFO  server.RaftServerConfigKeys (ConfUtils.java:logGet(43)) - raft.server.snapshot.auto.trigger.enabled = true (custom)
2019-08-20 15:01:47,511 [pool-27-thread-1] INFO  server.RaftServerConfigKeys (ConfUtils.java:logGet(43)) - raft.server.log.statemachine.data.caching.enabled = true (custom)
2019-08-20 15:01:47,511 [pool-49-thread-1] INFO  server.RaftServerConfigKeys (ConfUtils.java:logGet(43)) - raft.server.snapshot.auto.trigger.threshold = 10000 (custom)
2019-08-20 15:01:47,512 [pool-38-thread-1] INFO  util.JmxRegister (JmxRegister.java:tryRegister(44)) - Successfully registered JMX Bean with object name Ratis:service=RaftServer,group=group-9F811BC720EA,id=fa81d38e-d0a7-48ac-a146-d2415b539be8
2019-08-20 15:01:47,512 [pool-27-thread-1] INFO  segmented.SegmentedRaftLogWorker (SegmentedRaftLogWorker.java:lambda$new$0(132)) - fa299a0c-a57e-46eb-8783-406416da04aa-SegmentedRaftLogWorker:Storage Directory /workdir/hadoop-ozone/integration-test/target/test-dir/MiniOzoneClusterImpl-6c4688aa-211a-4a21-81fa-acbd3405623e/datanode-0/data/ratis/3f8abeac-1b8e-4813-a476-5ab8322b29fa: flushIndex: setUnconditionally 0 -> -1
2019-08-20 15:01:47,512 [pool-49-thread-1] INFO  server.RaftServerConfigKeys (ConfUtils.java:logGet(43)) - raft.server.retrycache.expirytime = 600000ms (custom)
2019-08-20 15:01:47,512 [pool-27-thread-1] INFO  server.RaftServerConfigKeys (ConfUtils.java:logGet(43)) - raft.server.snapshot.auto.trigger.enabled = true (custom)
2019-08-20 15:01:47,512 [pool-49-thread-1] INFO  impl.RaftServerImpl (RaftServerImpl.java:start(180)) - 5c1b434c-ba47-498c-8220-e38c999f4a86: start group-9F811BC720EA
2019-08-20 15:01:47,512 [pool-38-thread-1] INFO  impl.RaftServerImpl (RaftServerImpl.java:start(180)) - fa81d38e-d0a7-48ac-a146-d2415b539be8: start group-5AB8322B29FA
2019-08-20 15:01:47,512 [pool-27-thread-1] INFO  server.RaftServerConfigKeys (ConfUtils.java:logGet(43)) - raft.server.snapshot.auto.trigger.threshold = 10000 (custom)
2019-08-20 15:01:47,513 [pool-38-thread-1] INFO  impl.RaftServerImpl (RaftServerImpl.java:setRole(171)) - fa81d38e-d0a7-48ac-a146-d2415b539be8:group-5AB8322B29FA changes role from null to FOLLOWER at term 0 for startAsFollower
2019-08-20 15:01:47,513 [pool-27-thread-1] INFO  server.RaftServerConfigKeys (ConfUtils.java:logGet(43)) - raft.server.retrycache.expirytime = 600000ms (custom)
2019-08-20 15:01:47,512 [pool-49-thread-1] INFO  impl.RaftServerImpl (RaftServerImpl.java:setRole(171)) - 5c1b434c-ba47-498c-8220-e38c999f4a86:group-9F811BC720EA changes role from null to FOLLOWER at term 0 for startAsFollower
2019-08-20 15:01:47,513 [pool-27-thread-1] INFO  impl.RaftServerImpl (RaftServerImpl.java:start(180)) - fa299a0c-a57e-46eb-8783-406416da04aa: start group-9F811BC720EA
2019-08-20 15:01:47,513 [pool-38-thread-1] INFO  impl.RoleInfo (RoleInfo.java:updateAndGet(143)) - fa81d38e-d0a7-48ac-a146-d2415b539be8: start FollowerState
2019-08-20 15:01:47,513 [pool-27-thread-1] INFO  impl.RaftServerImpl (RaftServerImpl.java:setRole(171)) - fa299a0c-a57e-46eb-8783-406416da04aa:group-9F811BC720EA changes role from null to FOLLOWER at term 0 for startAsFollower
2019-08-20 15:01:47,513 [pool-49-thread-1] INFO  impl.RoleInfo (RoleInfo.java:updateAndGet(143)) - 5c1b434c-ba47-498c-8220-e38c999f4a86: start FollowerState
2019-08-20 15:01:47,514 [pool-27-thread-1] INFO  impl.RoleInfo (RoleInfo.java:updateAndGet(143)) - fa299a0c-a57e-46eb-8783-406416da04aa: start FollowerState
2019-08-20 15:01:47,514 [pool-38-thread-1] INFO  util.JmxRegister (JmxRegister.java:tryRegister(44)) - Successfully registered JMX Bean with object name Ratis:service=RaftServer,group=group-5AB8322B29FA,id=fa81d38e-d0a7-48ac-a146-d2415b539be8
2019-08-20 15:01:47,514 [pool-49-thread-1] INFO  util.JmxRegister (JmxRegister.java:tryRegister(44)) - Successfully registered JMX Bean with object name Ratis:service=RaftServer,group=group-9F811BC720EA,id=5c1b434c-ba47-498c-8220-e38c999f4a86
2019-08-20 15:01:47,514 [pool-27-thread-1] INFO  util.JmxRegister (JmxRegister.java:tryRegister(44)) - Successfully registered JMX Bean with object name Ratis:service=RaftServer,group=group-9F811BC720EA,id=fa299a0c-a57e-46eb-8783-406416da04aa
2019-08-20 15:01:47,514 [pool-49-thread-1] INFO  impl.RaftServerImpl (RaftServerImpl.java:start(180)) - 5c1b434c-ba47-498c-8220-e38c999f4a86: start group-5AB8322B29FA
2019-08-20 15:01:47,514 [pool-49-thread-1] INFO  impl.RaftServerImpl (RaftServerImpl.java:setRole(171)) - 5c1b434c-ba47-498c-8220-e38c999f4a86:group-5AB8322B29FA changes role from null to FOLLOWER at term 0 for startAsFollower
2019-08-20 15:01:47,514 [pool-27-thread-1] INFO  impl.RaftServerImpl (RaftServerImpl.java:start(180)) - fa299a0c-a57e-46eb-8783-406416da04aa: start group-5AB8322B29FA
2019-08-20 15:01:47,515 [pool-49-thread-1] INFO  impl.RoleInfo (RoleInfo.java:updateAndGet(143)) - 5c1b434c-ba47-498c-8220-e38c999f4a86: start FollowerState
2019-08-20 15:01:47,515 [pool-27-thread-1] INFO  impl.RaftServerImpl (RaftServerImpl.java:setRole(171)) - fa299a0c-a57e-46eb-8783-406416da04aa:group-5AB8322B29FA changes role from null to FOLLOWER at term 0 for startAsFollower
2019-08-20 15:01:47,515 [pool-27-thread-1] INFO  impl.RoleInfo (RoleInfo.java:updateAndGet(143)) - fa299a0c-a57e-46eb-8783-406416da04aa: start FollowerState
2019-08-20 15:01:47,515 [pool-49-thread-1] INFO  util.JmxRegister (JmxRegister.java:tryRegister(44)) - Successfully registered JMX Bean with object name Ratis:service=RaftServer,group=group-5AB8322B29FA,id=5c1b434c-ba47-498c-8220-e38c999f4a86
2019-08-20 15:01:47,515 [pool-27-thread-1] INFO  util.JmxRegister (JmxRegister.java:tryRegister(44)) - Successfully registered JMX Bean with object name Ratis:service=RaftServer,group=group-5AB8322B29FA,id=fa299a0c-a57e-46eb-8783-406416da04aa
2019-08-20 15:01:47,671 | INFO  | SCMAudit | user=jenkins1000 | ip=192.168.36.99 | op=SEND_HEARTBEAT {datanodeUUID=7b5d2d4e-3a0c-423a-91fe-23981ee7bc04, command=[]} | ret=SUCCESS |  
2019-08-20 15:01:47,727 | INFO  | SCMAudit | user=jenkins1000 | ip=192.168.36.99 | op=SEND_HEARTBEAT {datanodeUUID=fa81d38e-d0a7-48ac-a146-d2415b539be8, command=[]} | ret=SUCCESS |  
2019-08-20 15:01:48,196 | INFO  | SCMAudit | user=jenkins1000 | ip=192.168.36.99 | op=SEND_HEARTBEAT {datanodeUUID=5c1b434c-ba47-498c-8220-e38c999f4a86, command=[]} | ret=SUCCESS |  
2019-08-20 15:01:48,196 | INFO  | SCMAudit | user=jenkins1000 | ip=192.168.36.99 | op=SEND_HEARTBEAT {datanodeUUID=c6990e1c-bb7c-4cd7-a65c-0e47d5f09a21, command=[]} | ret=SUCCESS |  
2019-08-20 15:01:48,381 | INFO  | SCMAudit | user=jenkins1000 | ip=192.168.36.99 | op=SEND_HEARTBEAT {datanodeUUID=aa186f79-d556-4a33-825f-255f36f4ca35, command=[]} | ret=SUCCESS |  
2019-08-20 15:01:48,509 | INFO  | SCMAudit | user=jenkins1000 | ip=192.168.36.99 | op=SEND_HEARTBEAT {datanodeUUID=fa299a0c-a57e-46eb-8783-406416da04aa, command=[]} | ret=SUCCESS |  
2019-08-20 15:01:48,671 | INFO  | SCMAudit | user=jenkins1000 | ip=192.168.36.99 | op=SEND_HEARTBEAT {datanodeUUID=7b5d2d4e-3a0c-423a-91fe-23981ee7bc04, command=[]} | ret=SUCCESS |  
2019-08-20 15:01:48,727 | INFO  | SCMAudit | user=jenkins1000 | ip=192.168.36.99 | op=SEND_HEARTBEAT {datanodeUUID=fa81d38e-d0a7-48ac-a146-d2415b539be8, command=[]} | ret=SUCCESS |  
2019-08-20 15:01:48,763 [Thread-277] INFO  impl.FollowerState (FollowerState.java:run(106)) - c6990e1c-bb7c-4cd7-a65c-0e47d5f09a21:group-A29C53895826 changes to CANDIDATE, lastRpcTime:5102, electionTimeout:5094ms
2019-08-20 15:01:48,763 [Thread-277] INFO  impl.RoleInfo (RoleInfo.java:shutdownFollowerState(121)) - c6990e1c-bb7c-4cd7-a65c-0e47d5f09a21: shutdown FollowerState
2019-08-20 15:01:48,763 [Thread-277] INFO  impl.RaftServerImpl (RaftServerImpl.java:setRole(171)) - c6990e1c-bb7c-4cd7-a65c-0e47d5f09a21:group-A29C53895826 changes role from FOLLOWER to CANDIDATE at term 1 for changeToCandidate
2019-08-20 15:01:48,763 [Thread-277] INFO  impl.RoleInfo (RoleInfo.java:updateAndGet(143)) - c6990e1c-bb7c-4cd7-a65c-0e47d5f09a21: start LeaderElection
2019-08-20 15:01:48,780 [Thread-276] INFO  impl.FollowerState (FollowerState.java:run(106)) - 7b5d2d4e-3a0c-423a-91fe-23981ee7bc04:group-A29C53895826 changes to CANDIDATE, lastRpcTime:5119, electionTimeout:5111ms
2019-08-20 15:01:48,780 [Thread-276] INFO  impl.RoleInfo (RoleInfo.java:shutdownFollowerState(121)) - 7b5d2d4e-3a0c-423a-91fe-23981ee7bc04: shutdown FollowerState
2019-08-20 15:01:48,780 [Thread-276] INFO  impl.RaftServerImpl (RaftServerImpl.java:setRole(171)) - 7b5d2d4e-3a0c-423a-91fe-23981ee7bc04:group-A29C53895826 changes role from FOLLOWER to CANDIDATE at term 1 for changeToCandidate
2019-08-20 15:01:48,780 [Thread-276] INFO  impl.RoleInfo (RoleInfo.java:updateAndGet(143)) - 7b5d2d4e-3a0c-423a-91fe-23981ee7bc04: start LeaderElection
2019-08-20 15:01:48,881 [Thread-278] INFO  impl.FollowerState (FollowerState.java:run(106)) - aa186f79-d556-4a33-825f-255f36f4ca35:group-A29C53895826 changes to CANDIDATE, lastRpcTime:5197, electionTimeout:5196ms
2019-08-20 15:01:48,881 [Thread-278] INFO  impl.RoleInfo (RoleInfo.java:shutdownFollowerState(121)) - aa186f79-d556-4a33-825f-255f36f4ca35: shutdown FollowerState
2019-08-20 15:01:48,881 [Thread-278] INFO  impl.RaftServerImpl (RaftServerImpl.java:setRole(171)) - aa186f79-d556-4a33-825f-255f36f4ca35:group-A29C53895826 changes role from FOLLOWER to CANDIDATE at term 1 for changeToCandidate
2019-08-20 15:01:48,882 [Thread-278] INFO  impl.RoleInfo (RoleInfo.java:updateAndGet(143)) - aa186f79-d556-4a33-825f-255f36f4ca35: start LeaderElection
2019-08-20 15:01:49,169 [7b5d2d4e-3a0c-423a-91fe-23981ee7bc04:group-A29C53895826:LeaderElection11] INFO  impl.LeaderElection (LeaderElection.java:askForVotes(181)) - 7b5d2d4e-3a0c-423a-91fe-23981ee7bc04:group-A29C53895826:LeaderElection11: begin an election at term 2 for -1: [7b5d2d4e-3a0c-423a-91fe-23981ee7bc04:192.168.36.99:44676, c6990e1c-bb7c-4cd7-a65c-0e47d5f09a21:192.168.36.99:45374, aa186f79-d556-4a33-825f-255f36f4ca35:192.168.36.99:42046], old=null
2019-08-20 15:01:49,169 [aa186f79-d556-4a33-825f-255f36f4ca35:group-A29C53895826:LeaderElection12] INFO  impl.LeaderElection (LeaderElection.java:askForVotes(181)) - aa186f79-d556-4a33-825f-255f36f4ca35:group-A29C53895826:LeaderElection12: begin an election at term 2 for -1: [7b5d2d4e-3a0c-423a-91fe-23981ee7bc04:192.168.36.99:44676, c6990e1c-bb7c-4cd7-a65c-0e47d5f09a21:192.168.36.99:45374, aa186f79-d556-4a33-825f-255f36f4ca35:192.168.36.99:42046], old=null
2019-08-20 15:01:49,169 [c6990e1c-bb7c-4cd7-a65c-0e47d5f09a21:group-A29C53895826:LeaderElection10] INFO  impl.LeaderElection (LeaderElection.java:askForVotes(181)) - c6990e1c-bb7c-4cd7-a65c-0e47d5f09a21:group-A29C53895826:LeaderElection10: begin an election at term 2 for -1: [7b5d2d4e-3a0c-423a-91fe-23981ee7bc04:192.168.36.99:44676, c6990e1c-bb7c-4cd7-a65c-0e47d5f09a21:192.168.36.99:45374, aa186f79-d556-4a33-825f-255f36f4ca35:192.168.36.99:42046], old=null
2019-08-20 15:01:49,188 [7b5d2d4e-3a0c-423a-91fe-23981ee7bc04:group-A29C53895826:LeaderElection11] INFO  impl.LeaderElection (LeaderElection.java:logAndReturn(56)) - 7b5d2d4e-3a0c-423a-91fe-23981ee7bc04:group-A29C53895826:LeaderElection11: Election REJECTED; received 2 response(s) [7b5d2d4e-3a0c-423a-91fe-23981ee7bc04<-c6990e1c-bb7c-4cd7-a65c-0e47d5f09a21#0:FAIL-t2, 7b5d2d4e-3a0c-423a-91fe-23981ee7bc04<-aa186f79-d556-4a33-825f-255f36f4ca35#0:FAIL-t2] and 0 exception(s); 7b5d2d4e-3a0c-423a-91fe-23981ee7bc04:t2, leader=null, voted=7b5d2d4e-3a0c-423a-91fe-23981ee7bc04, raftlog=7b5d2d4e-3a0c-423a-91fe-23981ee7bc04-SegmentedRaftLog:OPENED:c-1,f-1,i0, conf=-1: [7b5d2d4e-3a0c-423a-91fe-23981ee7bc04:192.168.36.99:44676, c6990e1c-bb7c-4cd7-a65c-0e47d5f09a21:192.168.36.99:45374, aa186f79-d556-4a33-825f-255f36f4ca35:192.168.36.99:42046], old=null
2019-08-20 15:01:49,188 [7b5d2d4e-3a0c-423a-91fe-23981ee7bc04:group-A29C53895826:LeaderElection11] INFO  impl.RaftServerImpl (RaftServerImpl.java:setRole(171)) - 7b5d2d4e-3a0c-423a-91fe-23981ee7bc04:group-A29C53895826 changes role from CANDIDATE to FOLLOWER at term 2 for DISCOVERED_A_NEW_TERM
2019-08-20 15:01:49,191 [7b5d2d4e-3a0c-423a-91fe-23981ee7bc04:group-A29C53895826:LeaderElection11] INFO  impl.RoleInfo (RoleInfo.java:shutdownLeaderElection(134)) - 7b5d2d4e-3a0c-423a-91fe-23981ee7bc04: shutdown LeaderElection
2019-08-20 15:01:49,192 [7b5d2d4e-3a0c-423a-91fe-23981ee7bc04:group-A29C53895826:LeaderElection11] INFO  impl.RoleInfo (RoleInfo.java:updateAndGet(143)) - 7b5d2d4e-3a0c-423a-91fe-23981ee7bc04: start FollowerState
2019-08-20 15:01:49,194 [aa186f79-d556-4a33-825f-255f36f4ca35:group-A29C53895826:LeaderElection12] INFO  impl.LeaderElection (LeaderElection.java:logAndReturn(56)) - aa186f79-d556-4a33-825f-255f36f4ca35:group-A29C53895826:LeaderElection12: Election REJECTED; received 2 response(s) [aa186f79-d556-4a33-825f-255f36f4ca35<-7b5d2d4e-3a0c-423a-91fe-23981ee7bc04#0:FAIL-t2, aa186f79-d556-4a33-825f-255f36f4ca35<-c6990e1c-bb7c-4cd7-a65c-0e47d5f09a21#0:FAIL-t2] and 0 exception(s); aa186f79-d556-4a33-825f-255f36f4ca35:t2, leader=null, voted=aa186f79-d556-4a33-825f-255f36f4ca35, raftlog=aa186f79-d556-4a33-825f-255f36f4ca35-SegmentedRaftLog:OPENED:c-1,f-1,i0, conf=-1: [7b5d2d4e-3a0c-423a-91fe-23981ee7bc04:192.168.36.99:44676, c6990e1c-bb7c-4cd7-a65c-0e47d5f09a21:192.168.36.99:45374, aa186f79-d556-4a33-825f-255f36f4ca35:192.168.36.99:42046], old=null
2019-08-20 15:01:49,194 [c6990e1c-bb7c-4cd7-a65c-0e47d5f09a21:group-A29C53895826:LeaderElection10] INFO  impl.LeaderElection (LeaderElection.java:logAndReturn(56)) - c6990e1c-bb7c-4cd7-a65c-0e47d5f09a21:group-A29C53895826:LeaderElection10: Election REJECTED; received 2 response(s) [c6990e1c-bb7c-4cd7-a65c-0e47d5f09a21<-7b5d2d4e-3a0c-423a-91fe-23981ee7bc04#0:FAIL-t2, c6990e1c-bb7c-4cd7-a65c-0e47d5f09a21<-aa186f79-d556-4a33-825f-255f36f4ca35#0:FAIL-t2] and 0 exception(s); c6990e1c-bb7c-4cd7-a65c-0e47d5f09a21:t2, leader=null, voted=c6990e1c-bb7c-4cd7-a65c-0e47d5f09a21, raftlog=c6990e1c-bb7c-4cd7-a65c-0e47d5f09a21-SegmentedRaftLog:OPENED:c-1,f-1,i0, conf=-1: [7b5d2d4e-3a0c-423a-91fe-23981ee7bc04:192.168.36.99:44676, c6990e1c-bb7c-4cd7-a65c-0e47d5f09a21:192.168.36.99:45374, aa186f79-d556-4a33-825f-255f36f4ca35:192.168.36.99:42046], old=null
2019-08-20 15:01:49,196 [aa186f79-d556-4a33-825f-255f36f4ca35:group-A29C53895826:LeaderElection12] INFO  impl.RaftServerImpl (RaftServerImpl.java:setRole(171)) - aa186f79-d556-4a33-825f-255f36f4ca35:group-A29C53895826 changes role from CANDIDATE to FOLLOWER at term 2 for DISCOVERED_A_NEW_TERM
2019-08-20 15:01:49,205 [c6990e1c-bb7c-4cd7-a65c-0e47d5f09a21:group-A29C53895826:LeaderElection10] INFO  impl.RaftServerImpl (RaftServerImpl.java:setRole(171)) - c6990e1c-bb7c-4cd7-a65c-0e47d5f09a21:group-A29C53895826 changes role from CANDIDATE to FOLLOWER at term 2 for DISCOVERED_A_NEW_TERM
2019-08-20 15:01:49,206 [aa186f79-d556-4a33-825f-255f36f4ca35:group-A29C53895826:LeaderElection12] INFO  impl.RoleInfo (RoleInfo.java:shutdownLeaderElection(134)) - aa186f79-d556-4a33-825f-255f36f4ca35: shutdown LeaderElection
2019-08-20 15:01:49,207 [c6990e1c-bb7c-4cd7-a65c-0e47d5f09a21:group-A29C53895826:LeaderElection10] INFO  impl.RoleInfo (RoleInfo.java:shutdownLeaderElection(134)) - c6990e1c-bb7c-4cd7-a65c-0e47d5f09a21: shutdown LeaderElection
2019-08-20 15:01:49,207 [aa186f79-d556-4a33-825f-255f36f4ca35:group-A29C53895826:LeaderElection12] INFO  impl.RoleInfo (RoleInfo.java:updateAndGet(143)) - aa186f79-d556-4a33-825f-255f36f4ca35: start FollowerState
2019-08-20 15:01:49,207 [c6990e1c-bb7c-4cd7-a65c-0e47d5f09a21:group-A29C53895826:LeaderElection10] INFO  impl.RoleInfo (RoleInfo.java:updateAndGet(143)) - c6990e1c-bb7c-4cd7-a65c-0e47d5f09a21: start FollowerState
2019-08-20 15:01:49,207 | INFO  | SCMAudit | user=jenkins1000 | ip=192.168.36.99 | op=SEND_HEARTBEAT {datanodeUUID=c6990e1c-bb7c-4cd7-a65c-0e47d5f09a21, command=[]} | ret=SUCCESS |  
2019-08-20 15:01:49,207 | INFO  | SCMAudit | user=jenkins1000 | ip=192.168.36.99 | op=SEND_HEARTBEAT {datanodeUUID=5c1b434c-ba47-498c-8220-e38c999f4a86, command=[]} | ret=SUCCESS |  
2019-08-20 15:01:49,380 | INFO  | SCMAudit | user=jenkins1000 | ip=192.168.36.99 | op=SEND_HEARTBEAT {datanodeUUID=aa186f79-d556-4a33-825f-255f36f4ca35, command=[]} | ret=SUCCESS |  
2019-08-20 15:01:49,509 | INFO  | SCMAudit | user=jenkins1000 | ip=192.168.36.99 | op=SEND_HEARTBEAT {datanodeUUID=fa299a0c-a57e-46eb-8783-406416da04aa, command=[]} | ret=SUCCESS |  
2019-08-20 15:01:49,671 | INFO  | SCMAudit | user=jenkins1000 | ip=192.168.36.99 | op=SEND_HEARTBEAT {datanodeUUID=7b5d2d4e-3a0c-423a-91fe-23981ee7bc04, command=[]} | ret=SUCCESS |  
2019-08-20 15:01:49,727 | INFO  | SCMAudit | user=jenkins1000 | ip=192.168.36.99 | op=SEND_HEARTBEAT {datanodeUUID=fa81d38e-d0a7-48ac-a146-d2415b539be8, command=[]} | ret=SUCCESS |  
2019-08-20 15:01:50,197 | INFO  | SCMAudit | user=jenkins1000 | ip=192.168.36.99 | op=SEND_HEARTBEAT {datanodeUUID=5c1b434c-ba47-498c-8220-e38c999f4a86, command=[]} | ret=SUCCESS |  
2019-08-20 15:01:50,197 | INFO  | SCMAudit | user=jenkins1000 | ip=192.168.36.99 | op=SEND_HEARTBEAT {datanodeUUID=c6990e1c-bb7c-4cd7-a65c-0e47d5f09a21, command=[]} | ret=SUCCESS |  
2019-08-20 15:01:50,381 | INFO  | SCMAudit | user=jenkins1000 | ip=192.168.36.99 | op=SEND_HEARTBEAT {datanodeUUID=aa186f79-d556-4a33-825f-255f36f4ca35, command=[]} | ret=SUCCESS |  
2019-08-20 15:01:50,509 | INFO  | SCMAudit | user=jenkins1000 | ip=192.168.36.99 | op=SEND_HEARTBEAT {datanodeUUID=fa299a0c-a57e-46eb-8783-406416da04aa, command=[]} | ret=SUCCESS |  
2019-08-20 15:01:50,671 | INFO  | SCMAudit | user=jenkins1000 | ip=192.168.36.99 | op=SEND_HEARTBEAT {datanodeUUID=7b5d2d4e-3a0c-423a-91fe-23981ee7bc04, command=[]} | ret=SUCCESS |  
2019-08-20 15:01:50,727 | INFO  | SCMAudit | user=jenkins1000 | ip=192.168.36.99 | op=SEND_HEARTBEAT {datanodeUUID=fa81d38e-d0a7-48ac-a146-d2415b539be8, command=[]} | ret=SUCCESS |  
2019-08-20 15:01:51,197 | INFO  | SCMAudit | user=jenkins1000 | ip=192.168.36.99 | op=SEND_HEARTBEAT {datanodeUUID=c6990e1c-bb7c-4cd7-a65c-0e47d5f09a21, command=[]} | ret=SUCCESS |  
2019-08-20 15:01:51,197 | INFO  | SCMAudit | user=jenkins1000 | ip=192.168.36.99 | op=SEND_HEARTBEAT {datanodeUUID=5c1b434c-ba47-498c-8220-e38c999f4a86, command=[]} | ret=SUCCESS |  
2019-08-20 15:01:51,381 | INFO  | SCMAudit | user=jenkins1000 | ip=192.168.36.99 | op=SEND_HEARTBEAT {datanodeUUID=aa186f79-d556-4a33-825f-255f36f4ca35, command=[]} | ret=SUCCESS |  
2019-08-20 15:01:51,509 | INFO  | SCMAudit | user=jenkins1000 | ip=192.168.36.99 | op=SEND_HEARTBEAT {datanodeUUID=fa299a0c-a57e-46eb-8783-406416da04aa, command=[]} | ret=SUCCESS |  
2019-08-20 15:01:51,664 [main] INFO  ozone.MiniOzoneClusterImpl (MiniOzoneClusterImpl.java:shutdown(321)) - Shutting down the Mini Ozone Cluster
2019-08-20 15:01:51,664 | INFO  | SCMAudit | user=null | ip=null | op=GET_SCM_INFO null | ret=SUCCESS |  
2019-08-20 15:01:51,665 [main] INFO  ozone.MiniOzoneClusterImpl (MiniOzoneClusterImpl.java:stop(336)) - Stopping the Mini Ozone Cluster
2019-08-20 15:01:51,665 [main] INFO  ozone.MiniOzoneClusterImpl (MiniOzoneClusterImpl.java:stop(338)) - Stopping the OzoneManager
2019-08-20 15:01:51,669 [main] INFO  ipc.Server (Server.java:stop(3082)) - Stopping server on 36232
2019-08-20 15:01:51,683 [IPC Server listener on 36232] INFO  ipc.Server (Server.java:run(1185)) - Stopping IPC Server listener on 36232
2019-08-20 15:01:51,683 [main] INFO  ratis.OzoneManagerDoubleBuffer (OzoneManagerDoubleBuffer.java:stop(248)) - Stopping OMDoubleBuffer flush thread
2019-08-20 15:01:51,685 [IPC Server Responder] INFO  ipc.Server (Server.java:run(1319)) - Stopping IPC Server Responder
2019-08-20 15:01:51,694 [OMDoubleBufferFlushThread] INFO  ratis.OzoneManagerDoubleBuffer (OzoneManagerDoubleBuffer.java:flushTransactions(191)) - OMDoubleBuffer flush thread OMDoubleBufferFlushThread is interrupted and will exit. OMDoubleBufferFlushThread
2019-08-20 15:01:51,695 | INFO  | SCMAudit | user=jenkins1000 | ip=192.168.36.99 | op=SEND_HEARTBEAT {datanodeUUID=7b5d2d4e-3a0c-423a-91fe-23981ee7bc04, command=[]} | ret=SUCCESS |  
2019-08-20 15:01:51,697 [main] INFO  utils.BackgroundService (BackgroundService.java:shutdown(148)) - Shutting down service KeyDeletingService
2019-08-20 15:01:51,703 [main] INFO  handler.ContextHandler (ContextHandler.java:doStop(910)) - Stopped o.e.j.w.WebAppContext@76c4b96e{/,null,UNAVAILABLE}{/ozoneManager}
2019-08-20 15:01:51,709 [main] INFO  server.AbstractConnector (AbstractConnector.java:doStop(318)) - Stopped ServerConnector@36db9dcd{HTTP/1.1,[http/1.1]}{0.0.0.0:0}
2019-08-20 15:01:51,711 [main] INFO  handler.ContextHandler (ContextHandler.java:doStop(910)) - Stopped o.e.j.s.ServletContextHandler@606df9b8{/static,file:///workdir/hadoop-ozone/integration-test/target/test-classes/webapps/static,UNAVAILABLE}
2019-08-20 15:01:51,713 [main] INFO  handler.ContextHandler (ContextHandler.java:doStop(910)) - Stopped o.e.j.s.ServletContextHandler@5e0666db{/logs,file:///workdir/hadoop-ozone/integration-test/target/log,UNAVAILABLE}
2019-08-20 15:01:51,717 [main] INFO  ozone.MiniOzoneClusterImpl (MiniOzoneClusterImpl.java:stop(344)) - Shutting the HddsDatanodes
2019-08-20 15:01:51,718 [main] INFO  datanode.ObjectStoreHandler (ObjectStoreHandler.java:close(155)) - Closing ObjectStoreHandler.
2019-08-20 15:01:51,718 [ForkJoinPool.commonPool-worker-1] INFO  datanode.ObjectStoreHandler (ObjectStoreHandler.java:close(155)) - Closing ObjectStoreHandler.
2019-08-20 15:01:51,727 | INFO  | SCMAudit | user=jenkins1000 | ip=192.168.36.99 | op=SEND_HEARTBEAT {datanodeUUID=fa81d38e-d0a7-48ac-a146-d2415b539be8, command=[]} | ret=SUCCESS |  
2019-08-20 15:01:51,728 [ForkJoinPool.commonPool-worker-1] INFO  ozone.HddsDatanodeService (HddsDatanodeService.java:stop(451)) - Stopped plug-in org.apache.hadoop.ozone.web.OzoneHddsDatanodeService@2585b796
2019-08-20 15:01:51,728 [main] INFO  ozone.HddsDatanodeService (HddsDatanodeService.java:stop(451)) - Stopped plug-in org.apache.hadoop.ozone.web.OzoneHddsDatanodeService@431d5a6c
2019-08-20 15:01:52,196 [Datanode State Machine Thread - 0] INFO  statemachine.DatanodeStateMachine (DatanodeStateMachine.java:lambda$startDaemon$0(350)) - Ozone container server started.
2019-08-20 15:01:52,197 | INFO  | SCMAudit | user=jenkins1000 | ip=192.168.36.99 | op=SEND_HEARTBEAT {datanodeUUID=5c1b434c-ba47-498c-8220-e38c999f4a86, command=[]} | ret=SUCCESS |  
2019-08-20 15:01:52,382 | INFO  | SCMAudit | user=jenkins1000 | ip=192.168.36.99 | op=SEND_HEARTBEAT {datanodeUUID=aa186f79-d556-4a33-825f-255f36f4ca35, command=[]} | ret=SUCCESS |  
2019-08-20 15:01:52,509 | INFO  | SCMAudit | user=jenkins1000 | ip=192.168.36.99 | op=SEND_HEARTBEAT {datanodeUUID=fa299a0c-a57e-46eb-8783-406416da04aa, command=[]} | ret=SUCCESS |  
2019-08-20 15:01:52,559 [Thread-286] INFO  impl.FollowerState (FollowerState.java:run(106)) - fa299a0c-a57e-46eb-8783-406416da04aa:group-9F811BC720EA changes to CANDIDATE, lastRpcTime:5045, electionTimeout:5045ms
2019-08-20 15:01:52,559 [Thread-286] INFO  impl.RoleInfo (RoleInfo.java:shutdownFollowerState(121)) - fa299a0c-a57e-46eb-8783-406416da04aa: shutdown FollowerState
2019-08-20 15:01:52,560 [Thread-286] INFO  impl.RaftServerImpl (RaftServerImpl.java:setRole(171)) - fa299a0c-a57e-46eb-8783-406416da04aa:group-9F811BC720EA changes role from FOLLOWER to CANDIDATE at term 0 for changeToCandidate
2019-08-20 15:01:52,560 [Thread-286] INFO  impl.RoleInfo (RoleInfo.java:updateAndGet(143)) - fa299a0c-a57e-46eb-8783-406416da04aa: start LeaderElection
2019-08-20 15:01:52,564 [Thread-285] INFO  impl.FollowerState (FollowerState.java:run(106)) - 5c1b434c-ba47-498c-8220-e38c999f4a86:group-9F811BC720EA changes to CANDIDATE, lastRpcTime:5050, electionTimeout:5047ms
2019-08-20 15:01:52,567 [Thread-285] INFO  impl.RoleInfo (RoleInfo.java:shutdownFollowerState(121)) - 5c1b434c-ba47-498c-8220-e38c999f4a86: shutdown FollowerState
2019-08-20 15:01:52,565 [Thread-284] INFO  impl.FollowerState (FollowerState.java:run(106)) - fa81d38e-d0a7-48ac-a146-d2415b539be8:group-5AB8322B29FA changes to CANDIDATE, lastRpcTime:5050, electionTimeout:5047ms
2019-08-20 15:01:52,567 [Thread-285] INFO  impl.RaftServerImpl (RaftServerImpl.java:setRole(171)) - 5c1b434c-ba47-498c-8220-e38c999f4a86:group-9F811BC720EA changes role from FOLLOWER to CANDIDATE at term 0 for changeToCandidate
2019-08-20 15:01:52,567 [Thread-284] INFO  impl.RoleInfo (RoleInfo.java:shutdownFollowerState(121)) - fa81d38e-d0a7-48ac-a146-d2415b539be8: shutdown FollowerState
2019-08-20 15:01:52,568 [Thread-285] INFO  impl.RoleInfo (RoleInfo.java:updateAndGet(143)) - 5c1b434c-ba47-498c-8220-e38c999f4a86: start LeaderElection
2019-08-20 15:01:52,568 [Thread-284] INFO  impl.RaftServerImpl (RaftServerImpl.java:setRole(171)) - fa81d38e-d0a7-48ac-a146-d2415b539be8:group-5AB8322B29FA changes role from FOLLOWER to CANDIDATE at term 0 for changeToCandidate
2019-08-20 15:01:52,570 [Thread-284] INFO  impl.RoleInfo (RoleInfo.java:updateAndGet(143)) - fa81d38e-d0a7-48ac-a146-d2415b539be8: start LeaderElection
2019-08-20 15:01:52,582 [Thread-290] INFO  impl.FollowerState (FollowerState.java:run(106)) - 5c1b434c-ba47-498c-8220-e38c999f4a86:group-5AB8322B29FA changes to CANDIDATE, lastRpcTime:5067, electionTimeout:5067ms
2019-08-20 15:01:52,582 [Thread-290] INFO  impl.RoleInfo (RoleInfo.java:shutdownFollowerState(121)) - 5c1b434c-ba47-498c-8220-e38c999f4a86: shutdown FollowerState
2019-08-20 15:01:52,583 [Thread-290] INFO  impl.RaftServerImpl (RaftServerImpl.java:setRole(171)) - 5c1b434c-ba47-498c-8220-e38c999f4a86:group-5AB8322B29FA changes role from FOLLOWER to CANDIDATE at term 0 for changeToCandidate
2019-08-20 15:01:52,583 [Thread-290] INFO  impl.RoleInfo (RoleInfo.java:updateAndGet(143)) - 5c1b434c-ba47-498c-8220-e38c999f4a86: start LeaderElection
2019-08-20 15:01:52,621 [Thread-291] INFO  impl.FollowerState (FollowerState.java:run(106)) - fa299a0c-a57e-46eb-8783-406416da04aa:group-5AB8322B29FA changes to CANDIDATE, lastRpcTime:5106, electionTimeout:5106ms
2019-08-20 15:01:52,622 [Thread-291] INFO  impl.RoleInfo (RoleInfo.java:shutdownFollowerState(121)) - fa299a0c-a57e-46eb-8783-406416da04aa: shutdown FollowerState
2019-08-20 15:01:52,622 [Thread-291] INFO  impl.RaftServerImpl (RaftServerImpl.java:setRole(171)) - fa299a0c-a57e-46eb-8783-406416da04aa:group-5AB8322B29FA changes role from FOLLOWER to CANDIDATE at term 0 for changeToCandidate
2019-08-20 15:01:52,622 [Thread-291] INFO  impl.RoleInfo (RoleInfo.java:updateAndGet(143)) - fa299a0c-a57e-46eb-8783-406416da04aa: start LeaderElection
2019-08-20 15:01:52,626 [Thread-280] INFO  impl.FollowerState (FollowerState.java:run(106)) - fa81d38e-d0a7-48ac-a146-d2415b539be8:group-9F811BC720EA changes to CANDIDATE, lastRpcTime:5113, electionTimeout:5112ms
2019-08-20 15:01:52,627 [Thread-280] INFO  impl.RoleInfo (RoleInfo.java:shutdownFollowerState(121)) - fa81d38e-d0a7-48ac-a146-d2415b539be8: shutdown FollowerState
2019-08-20 15:01:52,628 [Thread-280] INFO  impl.RaftServerImpl (RaftServerImpl.java:setRole(171)) - fa81d38e-d0a7-48ac-a146-d2415b539be8:group-9F811BC720EA changes role from FOLLOWER to CANDIDATE at term 0 for changeToCandidate
2019-08-20 15:01:52,628 [Thread-280] INFO  impl.RoleInfo (RoleInfo.java:updateAndGet(143)) - fa81d38e-d0a7-48ac-a146-d2415b539be8: start LeaderElection
2019-08-20 15:01:52,672 | INFO  | SCMAudit | user=jenkins1000 | ip=192.168.36.99 | op=SEND_HEARTBEAT {datanodeUUID=7b5d2d4e-3a0c-423a-91fe-23981ee7bc04, command=[]} | ret=SUCCESS |  
2019-08-20 15:01:52,726 [Datanode State Machine Thread - 0] INFO  statemachine.DatanodeStateMachine (DatanodeStateMachine.java:lambda$startDaemon$0(350)) - Ozone container server started.
2019-08-20 15:01:53,197 | INFO  | SCMAudit | user=jenkins1000 | ip=192.168.36.99 | op=SEND_HEARTBEAT {datanodeUUID=5c1b434c-ba47-498c-8220-e38c999f4a86, command=[]} | ret=SUCCESS |  
2019-08-20 15:01:53,382 | INFO  | SCMAudit | user=jenkins1000 | ip=192.168.36.99 | op=SEND_HEARTBEAT {datanodeUUID=aa186f79-d556-4a33-825f-255f36f4ca35, command=[]} | ret=SUCCESS |  
2019-08-20 15:01:53,509 | INFO  | SCMAudit | user=jenkins1000 | ip=192.168.36.99 | op=SEND_HEARTBEAT {datanodeUUID=fa299a0c-a57e-46eb-8783-406416da04aa, command=[]} | ret=SUCCESS |  
2019-08-20 15:01:53,671 | INFO  | SCMAudit | user=jenkins1000 | ip=192.168.36.99 | op=SEND_HEARTBEAT {datanodeUUID=7b5d2d4e-3a0c-423a-91fe-23981ee7bc04, command=[]} | ret=SUCCESS |  
2019-08-20 15:01:54,197 | INFO  | SCMAudit | user=jenkins1000 | ip=192.168.36.99 | op=SEND_HEARTBEAT {datanodeUUID=5c1b434c-ba47-498c-8220-e38c999f4a86, command=[]} | ret=SUCCESS |  
2019-08-20 15:01:54,244 [Thread-303] INFO  impl.FollowerState (FollowerState.java:run(106)) - 7b5d2d4e-3a0c-423a-91fe-23981ee7bc04:group-A29C53895826 changes to CANDIDATE, lastRpcTime:5052, electionTimeout:5050ms
2019-08-20 15:01:54,244 [Thread-303] INFO  impl.RoleInfo (RoleInfo.java:shutdownFollowerState(121)) - 7b5d2d4e-3a0c-423a-91fe-23981ee7bc04: shutdown FollowerState
2019-08-20 15:01:54,244 [Thread-303] INFO  impl.RaftServerImpl (RaftServerImpl.java:setRole(171)) - 7b5d2d4e-3a0c-423a-91fe-23981ee7bc04:group-A29C53895826 changes role from FOLLOWER to CANDIDATE at term 2 for changeToCandidate
2019-08-20 15:01:54,244 [Thread-303] INFO  impl.RoleInfo (RoleInfo.java:updateAndGet(143)) - 7b5d2d4e-3a0c-423a-91fe-23981ee7bc04: start LeaderElection
2019-08-20 15:01:54,281 [Thread-305] INFO  impl.FollowerState (FollowerState.java:run(106)) - c6990e1c-bb7c-4cd7-a65c-0e47d5f09a21:group-A29C53895826 changes to CANDIDATE, lastRpcTime:5073, electionTimeout:5073ms
2019-08-20 15:01:54,281 [Thread-305] INFO  impl.RoleInfo (RoleInfo.java:shutdownFollowerState(121)) - c6990e1c-bb7c-4cd7-a65c-0e47d5f09a21: shutdown FollowerState
2019-08-20 15:01:54,281 [Thread-305] INFO  impl.RaftServerImpl (RaftServerImpl.java:setRole(171)) - c6990e1c-bb7c-4cd7-a65c-0e47d5f09a21:group-A29C53895826 changes role from FOLLOWER to CANDIDATE at term 2 for changeToCandidate
2019-08-20 15:01:54,281 [Thread-305] INFO  impl.RoleInfo (RoleInfo.java:updateAndGet(143)) - c6990e1c-bb7c-4cd7-a65c-0e47d5f09a21: start LeaderElection
2019-08-20 15:01:54,289 [Thread-304] INFO  impl.FollowerState (FollowerState.java:run(106)) - aa186f79-d556-4a33-825f-255f36f4ca35:group-A29C53895826 changes to CANDIDATE, lastRpcTime:5081, electionTimeout:5081ms
2019-08-20 15:01:54,289 [Thread-304] INFO  impl.RoleInfo (RoleInfo.java:shutdownFollowerState(121)) - aa186f79-d556-4a33-825f-255f36f4ca35: shutdown FollowerState
2019-08-20 15:01:54,289 [Thread-304] INFO  impl.RaftServerImpl (RaftServerImpl.java:setRole(171)) - aa186f79-d556-4a33-825f-255f36f4ca35:group-A29C53895826 changes role from FOLLOWER to CANDIDATE at term 2 for changeToCandidate
2019-08-20 15:01:54,289 [Thread-304] INFO  impl.RoleInfo (RoleInfo.java:updateAndGet(143)) - aa186f79-d556-4a33-825f-255f36f4ca35: start LeaderElection
2019-08-20 15:01:54,383 | INFO  | SCMAudit | user=jenkins1000 | ip=192.168.36.99 | op=SEND_HEARTBEAT {datanodeUUID=aa186f79-d556-4a33-825f-255f36f4ca35, command=[]} | ret=SUCCESS |  
2019-08-20 15:01:54,509 | INFO  | SCMAudit | user=jenkins1000 | ip=192.168.36.99 | op=SEND_HEARTBEAT {datanodeUUID=fa299a0c-a57e-46eb-8783-406416da04aa, command=[]} | ret=SUCCESS |  
2019-08-20 15:01:54,671 | INFO  | SCMAudit | user=jenkins1000 | ip=192.168.36.99 | op=SEND_HEARTBEAT {datanodeUUID=7b5d2d4e-3a0c-423a-91fe-23981ee7bc04, command=[]} | ret=SUCCESS |  
2019-08-20 15:01:55,197 | INFO  | SCMAudit | user=jenkins1000 | ip=192.168.36.99 | op=SEND_HEARTBEAT {datanodeUUID=5c1b434c-ba47-498c-8220-e38c999f4a86, command=[]} | ret=SUCCESS |  
2019-08-20 15:01:55,382 | INFO  | SCMAudit | user=jenkins1000 | ip=192.168.36.99 | op=SEND_HEARTBEAT {datanodeUUID=aa186f79-d556-4a33-825f-255f36f4ca35, command=[]} | ret=SUCCESS |  
2019-08-20 15:01:55,509 | INFO  | SCMAudit | user=jenkins1000 | ip=192.168.36.99 | op=SEND_HEARTBEAT {datanodeUUID=fa299a0c-a57e-46eb-8783-406416da04aa, command=[]} | ret=SUCCESS |  
2019-08-20 15:01:55,671 | INFO  | SCMAudit | user=jenkins1000 | ip=192.168.36.99 | op=SEND_HEARTBEAT {datanodeUUID=7b5d2d4e-3a0c-423a-91fe-23981ee7bc04, command=[]} | ret=SUCCESS |  
2019-08-20 15:01:56,196 | INFO  | SCMAudit | user=jenkins1000 | ip=192.168.36.99 | op=SEND_HEARTBEAT {datanodeUUID=5c1b434c-ba47-498c-8220-e38c999f4a86, command=[]} | ret=SUCCESS |  
2019-08-20 15:01:56,382 | INFO  | SCMAudit | user=jenkins1000 | ip=192.168.36.99 | op=SEND_HEARTBEAT {datanodeUUID=aa186f79-d556-4a33-825f-255f36f4ca35, command=[]} | ret=SUCCESS |  
2019-08-20 15:01:56,509 | INFO  | SCMAudit | user=jenkins1000 | ip=192.168.36.99 | op=SEND_HEARTBEAT {datanodeUUID=fa299a0c-a57e-46eb-8783-406416da04aa, command=[]} | ret=SUCCESS |  
2019-08-20 15:01:56,671 | INFO  | SCMAudit | user=jenkins1000 | ip=192.168.36.99 | op=SEND_HEARTBEAT {datanodeUUID=7b5d2d4e-3a0c-423a-91fe-23981ee7bc04, command=[]} | ret=SUCCESS |  
2019-08-20 15:01:56,730 [main] INFO  ozoneimpl.OzoneContainer (OzoneContainer.java:stop(199)) - Attempting to stop container services.
2019-08-20 15:01:56,730 [ForkJoinPool.commonPool-worker-1] INFO  ozoneimpl.OzoneContainer (OzoneContainer.java:stop(199)) - Attempting to stop container services.
2019-08-20 15:01:56,731 [main] INFO  impl.RaftServerProxy (RaftServerProxy.java:lambda$close$4(314)) - c6990e1c-bb7c-4cd7-a65c-0e47d5f09a21: close
2019-08-20 15:01:56,731 [ForkJoinPool.commonPool-worker-1] INFO  impl.RaftServerProxy (RaftServerProxy.java:lambda$close$4(314)) - fa81d38e-d0a7-48ac-a146-d2415b539be8: close
2019-08-20 15:01:56,733 [main] INFO  impl.RaftServerImpl (RaftServerImpl.java:lambda$shutdown$3(245)) - c6990e1c-bb7c-4cd7-a65c-0e47d5f09a21: shutdown group-A29C53895826
2019-08-20 15:01:56,733 [ForkJoinPool.commonPool-worker-1] INFO  impl.RaftServerImpl (RaftServerImpl.java:lambda$shutdown$3(245)) - fa81d38e-d0a7-48ac-a146-d2415b539be8: shutdown group-5AB8322B29FA
2019-08-20 15:01:56,733 [main] INFO  util.JmxRegister (JmxRegister.java:unregister(73)) - Successfully un-registered JMX Bean with object name Ratis:service=RaftServer,group=group-A29C53895826,id=c6990e1c-bb7c-4cd7-a65c-0e47d5f09a21
2019-08-20 15:01:56,733 [ForkJoinPool.commonPool-worker-1] INFO  util.JmxRegister (JmxRegister.java:unregister(73)) - Successfully un-registered JMX Bean with object name Ratis:service=RaftServer,group=group-5AB8322B29FA,id=fa81d38e-d0a7-48ac-a146-d2415b539be8
2019-08-20 15:01:56,733 [main] INFO  impl.RoleInfo (RoleInfo.java:shutdownLeaderElection(134)) - c6990e1c-bb7c-4cd7-a65c-0e47d5f09a21: shutdown LeaderElection
2019-08-20 15:01:56,733 [ForkJoinPool.commonPool-worker-1] INFO  impl.RoleInfo (RoleInfo.java:shutdownLeaderElection(134)) - fa81d38e-d0a7-48ac-a146-d2415b539be8: shutdown LeaderElection
2019-08-20 15:01:56,734 [main] INFO  impl.StateMachineUpdater (StateMachineUpdater.java:stopAndJoin(115)) - StateMachineUpdater:c6990e1c-bb7c-4cd7-a65c-0e47d5f09a21:group-A29C53895826: set stopIndex = -1
2019-08-20 15:01:56,734 [ForkJoinPool.commonPool-worker-1] INFO  impl.StateMachineUpdater (StateMachineUpdater.java:stopAndJoin(115)) - StateMachineUpdater:fa81d38e-d0a7-48ac-a146-d2415b539be8:group-5AB8322B29FA: set stopIndex = -1
2019-08-20 15:01:56,736 [main] INFO  impl.RaftServerImpl (ServerState.java:close(394)) - c6990e1c-bb7c-4cd7-a65c-0e47d5f09a21:group-A29C53895826 closes. The last applied log index is -1
2019-08-20 15:01:56,736 [ForkJoinPool.commonPool-worker-1] INFO  impl.RaftServerImpl (ServerState.java:close(394)) - fa81d38e-d0a7-48ac-a146-d2415b539be8:group-5AB8322B29FA closes. The last applied log index is -1
2019-08-20 15:01:56,738 [c6990e1c-bb7c-4cd7-a65c-0e47d5f09a21-SegmentedRaftLogWorker:Storage Directory /workdir/hadoop-ozone/integration-test/target/test-dir/MiniOzoneClusterImpl-6c4688aa-211a-4a21-81fa-acbd3405623e/datanode-3/data/ratis/334b1b4a-8f40-476a-b4ba-a29c53895826] INFO  segmented.SegmentedRaftLogWorker (SegmentedRaftLogWorker.java:run(313)) - c6990e1c-bb7c-4cd7-a65c-0e47d5f09a21-SegmentedRaftLogWorker:Storage Directory /workdir/hadoop-ozone/integration-test/target/test-dir/MiniOzoneClusterImpl-6c4688aa-211a-4a21-81fa-acbd3405623e/datanode-3/data/ratis/334b1b4a-8f40-476a-b4ba-a29c53895826 was interrupted, exiting. There are 0 tasks remaining in the queue.
2019-08-20 15:01:56,738 [fa81d38e-d0a7-48ac-a146-d2415b539be8-SegmentedRaftLogWorker:Storage Directory /workdir/hadoop-ozone/integration-test/target/test-dir/MiniOzoneClusterImpl-6c4688aa-211a-4a21-81fa-acbd3405623e/datanode-1/data/ratis/3f8abeac-1b8e-4813-a476-5ab8322b29fa] INFO  segmented.SegmentedRaftLogWorker (SegmentedRaftLogWorker.java:run(313)) - fa81d38e-d0a7-48ac-a146-d2415b539be8-SegmentedRaftLogWorker:Storage Directory /workdir/hadoop-ozone/integration-test/target/test-dir/MiniOzoneClusterImpl-6c4688aa-211a-4a21-81fa-acbd3405623e/datanode-1/data/ratis/3f8abeac-1b8e-4813-a476-5ab8322b29fa was interrupted, exiting. There are 0 tasks remaining in the queue.
2019-08-20 15:01:56,738 [main] INFO  segmented.SegmentedRaftLogWorker (SegmentedRaftLogWorker.java:close(228)) - c6990e1c-bb7c-4cd7-a65c-0e47d5f09a21-SegmentedRaftLogWorker:Storage Directory /workdir/hadoop-ozone/integration-test/target/test-dir/MiniOzoneClusterImpl-6c4688aa-211a-4a21-81fa-acbd3405623e/datanode-3/data/ratis/334b1b4a-8f40-476a-b4ba-a29c53895826 close()
2019-08-20 15:01:56,740 [ForkJoinPool.commonPool-worker-1] INFO  segmented.SegmentedRaftLogWorker (SegmentedRaftLogWorker.java:close(228)) - fa81d38e-d0a7-48ac-a146-d2415b539be8-SegmentedRaftLogWorker:Storage Directory /workdir/hadoop-ozone/integration-test/target/test-dir/MiniOzoneClusterImpl-6c4688aa-211a-4a21-81fa-acbd3405623e/datanode-1/data/ratis/3f8abeac-1b8e-4813-a476-5ab8322b29fa close()
2019-08-20 15:01:56,744 [main] INFO  impl.RaftServerImpl (RaftServerImpl.java:lambda$shutdown$3(245)) - c6990e1c-bb7c-4cd7-a65c-0e47d5f09a21: shutdown group-BBC23ABA2E5A
2019-08-20 15:01:56,744 [ForkJoinPool.commonPool-worker-1] INFO  impl.RaftServerImpl (RaftServerImpl.java:lambda$shutdown$3(245)) - fa81d38e-d0a7-48ac-a146-d2415b539be8: shutdown group-A98174AC9C58
2019-08-20 15:01:56,745 [main] INFO  util.JmxRegister (JmxRegister.java:unregister(73)) - Successfully un-registered JMX Bean with object name Ratis:service=RaftServer,group=group-BBC23ABA2E5A,id=c6990e1c-bb7c-4cd7-a65c-0e47d5f09a21
2019-08-20 15:01:56,745 [ForkJoinPool.commonPool-worker-1] INFO  util.JmxRegister (JmxRegister.java:unregister(73)) - Successfully un-registered JMX Bean with object name Ratis:service=RaftServer,group=group-A98174AC9C58,id=fa81d38e-d0a7-48ac-a146-d2415b539be8
2019-08-20 15:01:56,745 [main] INFO  impl.RoleInfo (RoleInfo.java:shutdownLeaderState(104)) - c6990e1c-bb7c-4cd7-a65c-0e47d5f09a21: shutdown LeaderState
2019-08-20 15:01:56,745 [ForkJoinPool.commonPool-worker-1] INFO  impl.RoleInfo (RoleInfo.java:shutdownLeaderState(104)) - fa81d38e-d0a7-48ac-a146-d2415b539be8: shutdown LeaderState
2019-08-20 15:01:56,746 [main] INFO  impl.PendingRequests (PendingRequests.java:sendNotLeaderResponses(202)) - c6990e1c-bb7c-4cd7-a65c-0e47d5f09a21-PendingRequests: sendNotLeaderResponses
2019-08-20 15:01:56,746 [ForkJoinPool.commonPool-worker-1] INFO  impl.PendingRequests (PendingRequests.java:sendNotLeaderResponses(202)) - fa81d38e-d0a7-48ac-a146-d2415b539be8-PendingRequests: sendNotLeaderResponses
2019-08-20 15:01:56,749 [ForkJoinPool.commonPool-worker-1] INFO  impl.StateMachineUpdater (StateMachineUpdater.java:stopAndJoin(115)) - StateMachineUpdater:fa81d38e-d0a7-48ac-a146-d2415b539be8:group-A98174AC9C58: set stopIndex = 0
2019-08-20 15:01:56,749 [main] INFO  impl.StateMachineUpdater (StateMachineUpdater.java:stopAndJoin(115)) - StateMachineUpdater:c6990e1c-bb7c-4cd7-a65c-0e47d5f09a21:group-BBC23ABA2E5A: set stopIndex = 0
2019-08-20 15:01:56,749 [ForkJoinPool.commonPool-worker-1] INFO  impl.RaftServerImpl (ServerState.java:close(394)) - fa81d38e-d0a7-48ac-a146-d2415b539be8:group-A98174AC9C58 closes. The last applied log index is 0
2019-08-20 15:01:56,749 [main] INFO  impl.RaftServerImpl (ServerState.java:close(394)) - c6990e1c-bb7c-4cd7-a65c-0e47d5f09a21:group-BBC23ABA2E5A closes. The last applied log index is 0
2019-08-20 15:01:56,750 [fa81d38e-d0a7-48ac-a146-d2415b539be8-SegmentedRaftLogWorker:Storage Directory /workdir/hadoop-ozone/integration-test/target/test-dir/MiniOzoneClusterImpl-6c4688aa-211a-4a21-81fa-acbd3405623e/datanode-1/data/ratis/1ea64a44-06ed-469d-baec-a98174ac9c58] INFO  segmented.SegmentedRaftLogWorker (SegmentedRaftLogWorker.java:run(313)) - fa81d38e-d0a7-48ac-a146-d2415b539be8-SegmentedRaftLogWorker:Storage Directory /workdir/hadoop-ozone/integration-test/target/test-dir/MiniOzoneClusterImpl-6c4688aa-211a-4a21-81fa-acbd3405623e/datanode-1/data/ratis/1ea64a44-06ed-469d-baec-a98174ac9c58 was interrupted, exiting. There are 0 tasks remaining in the queue.
2019-08-20 15:01:56,751 [c6990e1c-bb7c-4cd7-a65c-0e47d5f09a21-SegmentedRaftLogWorker:Storage Directory /workdir/hadoop-ozone/integration-test/target/test-dir/MiniOzoneClusterImpl-6c4688aa-211a-4a21-81fa-acbd3405623e/datanode-3/data/ratis/1c06f751-1e19-413a-9eaa-bbc23aba2e5a] INFO  segmented.SegmentedRaftLogWorker (SegmentedRaftLogWorker.java:run(313)) - c6990e1c-bb7c-4cd7-a65c-0e47d5f09a21-SegmentedRaftLogWorker:Storage Directory /workdir/hadoop-ozone/integration-test/target/test-dir/MiniOzoneClusterImpl-6c4688aa-211a-4a21-81fa-acbd3405623e/datanode-3/data/ratis/1c06f751-1e19-413a-9eaa-bbc23aba2e5a was interrupted, exiting. There are 0 tasks remaining in the queue.
2019-08-20 15:01:56,751 [ForkJoinPool.commonPool-worker-1] INFO  segmented.SegmentedRaftLogWorker (SegmentedRaftLogWorker.java:close(228)) - fa81d38e-d0a7-48ac-a146-d2415b539be8-SegmentedRaftLogWorker:Storage Directory /workdir/hadoop-ozone/integration-test/target/test-dir/MiniOzoneClusterImpl-6c4688aa-211a-4a21-81fa-acbd3405623e/datanode-1/data/ratis/1ea64a44-06ed-469d-baec-a98174ac9c58 close()
2019-08-20 15:01:56,752 [main] INFO  segmented.SegmentedRaftLogWorker (SegmentedRaftLogWorker.java:close(228)) - c6990e1c-bb7c-4cd7-a65c-0e47d5f09a21-SegmentedRaftLogWorker:Storage Directory /workdir/hadoop-ozone/integration-test/target/test-dir/MiniOzoneClusterImpl-6c4688aa-211a-4a21-81fa-acbd3405623e/datanode-3/data/ratis/1c06f751-1e19-413a-9eaa-bbc23aba2e5a close()
2019-08-20 15:01:56,754 [ForkJoinPool.commonPool-worker-1] INFO  impl.RaftServerImpl (RaftServerImpl.java:lambda$shutdown$3(245)) - fa81d38e-d0a7-48ac-a146-d2415b539be8: shutdown group-9F811BC720EA
2019-08-20 15:01:56,756 [ForkJoinPool.commonPool-worker-1] INFO  util.JmxRegister (JmxRegister.java:unregister(73)) - Successfully un-registered JMX Bean with object name Ratis:service=RaftServer,group=group-9F811BC720EA,id=fa81d38e-d0a7-48ac-a146-d2415b539be8
2019-08-20 15:01:56,756 [main] INFO  server.GrpcService (GrpcService.java:closeImpl(155)) - c6990e1c-bb7c-4cd7-a65c-0e47d5f09a21: shutdown server with port 45374 now
2019-08-20 15:01:56,756 [ForkJoinPool.commonPool-worker-1] INFO  impl.RoleInfo (RoleInfo.java:shutdownLeaderElection(134)) - fa81d38e-d0a7-48ac-a146-d2415b539be8: shutdown LeaderElection
2019-08-20 15:01:56,757 [ForkJoinPool.commonPool-worker-1] INFO  impl.StateMachineUpdater (StateMachineUpdater.java:stopAndJoin(115)) - StateMachineUpdater:fa81d38e-d0a7-48ac-a146-d2415b539be8:group-9F811BC720EA: set stopIndex = -1
2019-08-20 15:01:56,757 [ForkJoinPool.commonPool-worker-1] INFO  impl.RaftServerImpl (ServerState.java:close(394)) - fa81d38e-d0a7-48ac-a146-d2415b539be8:group-9F811BC720EA closes. The last applied log index is -1
2019-08-20 15:01:56,757 [fa81d38e-d0a7-48ac-a146-d2415b539be8-SegmentedRaftLogWorker:Storage Directory /workdir/hadoop-ozone/integration-test/target/test-dir/MiniOzoneClusterImpl-6c4688aa-211a-4a21-81fa-acbd3405623e/datanode-1/data/ratis/757ef69d-95e8-4b31-92a8-9f811bc720ea] INFO  segmented.SegmentedRaftLogWorker (SegmentedRaftLogWorker.java:run(313)) - fa81d38e-d0a7-48ac-a146-d2415b539be8-SegmentedRaftLogWorker:Storage Directory /workdir/hadoop-ozone/integration-test/target/test-dir/MiniOzoneClusterImpl-6c4688aa-211a-4a21-81fa-acbd3405623e/datanode-1/data/ratis/757ef69d-95e8-4b31-92a8-9f811bc720ea was interrupted, exiting. There are 0 tasks remaining in the queue.
2019-08-20 15:01:56,757 [ForkJoinPool.commonPool-worker-1] INFO  segmented.SegmentedRaftLogWorker (SegmentedRaftLogWorker.java:close(228)) - fa81d38e-d0a7-48ac-a146-d2415b539be8-SegmentedRaftLogWorker:Storage Directory /workdir/hadoop-ozone/integration-test/target/test-dir/MiniOzoneClusterImpl-6c4688aa-211a-4a21-81fa-acbd3405623e/datanode-1/data/ratis/757ef69d-95e8-4b31-92a8-9f811bc720ea close()
2019-08-20 15:01:56,760 [ForkJoinPool.commonPool-worker-1] INFO  server.GrpcService (GrpcService.java:closeImpl(155)) - fa81d38e-d0a7-48ac-a146-d2415b539be8: shutdown server with port 38233 now
2019-08-20 15:01:56,760 [ForkJoinPool.commonPool-worker-1] INFO  server.GrpcService (GrpcService.java:closeImpl(163)) - fa81d38e-d0a7-48ac-a146-d2415b539be8: shutdown server with port 38233 successfully
2019-08-20 15:01:56,761 [main] INFO  server.GrpcService (GrpcService.java:closeImpl(163)) - c6990e1c-bb7c-4cd7-a65c-0e47d5f09a21: shutdown server with port 45374 successfully
2019-08-20 15:01:56,763 [ForkJoinPool.commonPool-worker-1] INFO  utils.BackgroundService (BackgroundService.java:shutdown(148)) - Shutting down service BlockDeletingService
2019-08-20 15:01:56,764 [refreshUsed-/workdir/hadoop-ozone/integration-test/target/test-dir/MiniOzoneClusterImpl-6c4688aa-211a-4a21-81fa-acbd3405623e/datanode-1/data/containers] WARN  fs.CachingGetSpaceUsed (CachingGetSpaceUsed.java:run(183)) - Thread Interrupted waiting to refresh disk information: sleep interrupted
2019-08-20 15:01:56,775 [main] INFO  utils.BackgroundService (BackgroundService.java:shutdown(148)) - Shutting down service BlockDeletingService
2019-08-20 15:01:56,776 [refreshUsed-/workdir/hadoop-ozone/integration-test/target/test-dir/MiniOzoneClusterImpl-6c4688aa-211a-4a21-81fa-acbd3405623e/datanode-3/data/containers] WARN  fs.CachingGetSpaceUsed (CachingGetSpaceUsed.java:run(183)) - Thread Interrupted waiting to refresh disk information: sleep interrupted
2019-08-20 15:01:56,796 [main] INFO  statemachine.DatanodeStateMachine (DatanodeStateMachine.java:stopDaemon(395)) - Ozone container server stopped.
2019-08-20 15:01:56,796 [ForkJoinPool.commonPool-worker-1] INFO  statemachine.DatanodeStateMachine (DatanodeStateMachine.java:stopDaemon(395)) - Ozone container server stopped.
2019-08-20 15:01:56,800 [main] INFO  handler.ContextHandler (ContextHandler.java:doStop(910)) - Stopped o.e.j.w.WebAppContext@3383db0a{/,null,UNAVAILABLE}{/hddsDatanode}
2019-08-20 15:01:56,800 [ForkJoinPool.commonPool-worker-1] INFO  handler.ContextHandler (ContextHandler.java:doStop(910)) - Stopped o.e.j.w.WebAppContext@3d5e2baa{/,null,UNAVAILABLE}{/hddsDatanode}
2019-08-20 15:01:56,801 [main] INFO  server.AbstractConnector (AbstractConnector.java:doStop(318)) - Stopped ServerConnector@53133610{HTTP/1.1,[http/1.1]}{0.0.0.0:0}
2019-08-20 15:01:56,801 [ForkJoinPool.commonPool-worker-1] INFO  server.AbstractConnector (AbstractConnector.java:doStop(318)) - Stopped ServerConnector@13eddc1e{HTTP/1.1,[http/1.1]}{0.0.0.0:0}
2019-08-20 15:01:56,802 [main] INFO  handler.ContextHandler (ContextHandler.java:doStop(910)) - Stopped o.e.j.s.ServletContextHandler@24acedd8{/static,jar:file:/home/user/.m2/repository/org/apache/hadoop/hadoop-hdds-container-service/0.5.0-SNAPSHOT/hadoop-hdds-container-service-0.5.0-SNAPSHOT.jar!/webapps/static,UNAVAILABLE}
2019-08-20 15:01:56,804 [ForkJoinPool.commonPool-worker-1] INFO  handler.ContextHandler (ContextHandler.java:doStop(910)) - Stopped o.e.j.s.ServletContextHandler@4531f579{/static,jar:file:/home/user/.m2/repository/org/apache/hadoop/hadoop-hdds-container-service/0.5.0-SNAPSHOT/hadoop-hdds-container-service-0.5.0-SNAPSHOT.jar!/webapps/static,UNAVAILABLE}
2019-08-20 15:01:56,804 [main] INFO  handler.ContextHandler (ContextHandler.java:doStop(910)) - Stopped o.e.j.s.ServletContextHandler@2695e183{/logs,file:///workdir/hadoop-ozone/integration-test/target/log,UNAVAILABLE}
2019-08-20 15:01:56,805 [ForkJoinPool.commonPool-worker-1] INFO  handler.ContextHandler (ContextHandler.java:doStop(910)) - Stopped o.e.j.s.ServletContextHandler@3203f441{/logs,file:///workdir/hadoop-ozone/integration-test/target/log,UNAVAILABLE}
2019-08-20 15:01:56,806 [main] INFO  datanode.ObjectStoreHandler (ObjectStoreHandler.java:close(155)) - Closing ObjectStoreHandler.
2019-08-20 15:01:56,806 [ForkJoinPool.commonPool-worker-1] INFO  datanode.ObjectStoreHandler (ObjectStoreHandler.java:close(155)) - Closing ObjectStoreHandler.
2019-08-20 15:01:56,807 [main] INFO  ozone.HddsDatanodeService (HddsDatanodeService.java:stop(451)) - Stopped plug-in org.apache.hadoop.ozone.web.OzoneHddsDatanodeService@2b000d66
2019-08-20 15:01:56,807 [ForkJoinPool.commonPool-worker-1] INFO  ozone.HddsDatanodeService (HddsDatanodeService.java:stop(451)) - Stopped plug-in org.apache.hadoop.ozone.web.OzoneHddsDatanodeService@2f378cbf
2019-08-20 15:01:57,022 [c6990e1c-bb7c-4cd7-a65c-0e47d5f09a21:group-A29C53895826:LeaderElection20] INFO  impl.LeaderElection (LeaderElection.java:askForVotes(181)) - c6990e1c-bb7c-4cd7-a65c-0e47d5f09a21:group-A29C53895826:LeaderElection20: begin an election at term 3 for -1: [7b5d2d4e-3a0c-423a-91fe-23981ee7bc04:192.168.36.99:44676, c6990e1c-bb7c-4cd7-a65c-0e47d5f09a21:192.168.36.99:45374, aa186f79-d556-4a33-825f-255f36f4ca35:192.168.36.99:42046], old=null
2019-08-20 15:01:57,022 [fa299a0c-a57e-46eb-8783-406416da04aa:group-5AB8322B29FA:LeaderElection17] INFO  impl.LeaderElection (LeaderElection.java:askForVotes(181)) - fa299a0c-a57e-46eb-8783-406416da04aa:group-5AB8322B29FA:LeaderElection17: begin an election at term 1 for -1: [fa299a0c-a57e-46eb-8783-406416da04aa:192.168.36.99:45177, 5c1b434c-ba47-498c-8220-e38c999f4a86:192.168.36.99:37317, fa81d38e-d0a7-48ac-a146-d2415b539be8:192.168.36.99:38233], old=null
2019-08-20 15:01:57,022 [7b5d2d4e-3a0c-423a-91fe-23981ee7bc04:group-A29C53895826:LeaderElection19] INFO  impl.LeaderElection (LeaderElection.java:askForVotes(181)) - 7b5d2d4e-3a0c-423a-91fe-23981ee7bc04:group-A29C53895826:LeaderElection19: begin an election at term 3 for -1: [7b5d2d4e-3a0c-423a-91fe-23981ee7bc04:192.168.36.99:44676, c6990e1c-bb7c-4cd7-a65c-0e47d5f09a21:192.168.36.99:45374, aa186f79-d556-4a33-825f-255f36f4ca35:192.168.36.99:42046], old=null
2019-08-20 15:01:57,022 [fa299a0c-a57e-46eb-8783-406416da04aa:group-9F811BC720EA:LeaderElection13] INFO  impl.LeaderElection (LeaderElection.java:askForVotes(181)) - fa299a0c-a57e-46eb-8783-406416da04aa:group-9F811BC720EA:LeaderElection13: begin an election at term 1 for -1: [fa299a0c-a57e-46eb-8783-406416da04aa:192.168.36.99:45177, 5c1b434c-ba47-498c-8220-e38c999f4a86:192.168.36.99:37317, fa81d38e-d0a7-48ac-a146-d2415b539be8:192.168.36.99:38233], old=null
2019-08-20 15:01:57,022 [fa81d38e-d0a7-48ac-a146-d2415b539be8:group-9F811BC720EA:LeaderElection18] INFO  impl.LeaderElection (LeaderElection.java:askForVotes(181)) - fa81d38e-d0a7-48ac-a146-d2415b539be8:group-9F811BC720EA:LeaderElection18: begin an election at term 1 for -1: [fa299a0c-a57e-46eb-8783-406416da04aa:192.168.36.99:45177, 5c1b434c-ba47-498c-8220-e38c999f4a86:192.168.36.99:37317, fa81d38e-d0a7-48ac-a146-d2415b539be8:192.168.36.99:38233], old=null
2019-08-20 15:01:57,022 [5c1b434c-ba47-498c-8220-e38c999f4a86:group-9F811BC720EA:LeaderElection14] INFO  impl.LeaderElection (LeaderElection.java:askForVotes(181)) - 5c1b434c-ba47-498c-8220-e38c999f4a86:group-9F811BC720EA:LeaderElection14: begin an election at term 1 for -1: [fa299a0c-a57e-46eb-8783-406416da04aa:192.168.36.99:45177, 5c1b434c-ba47-498c-8220-e38c999f4a86:192.168.36.99:37317, fa81d38e-d0a7-48ac-a146-d2415b539be8:192.168.36.99:38233], old=null
2019-08-20 15:01:57,022 [fa81d38e-d0a7-48ac-a146-d2415b539be8:group-5AB8322B29FA:LeaderElection15] INFO  impl.LeaderElection (LeaderElection.java:askForVotes(181)) - fa81d38e-d0a7-48ac-a146-d2415b539be8:group-5AB8322B29FA:LeaderElection15: begin an election at term 1 for -1: [fa299a0c-a57e-46eb-8783-406416da04aa:192.168.36.99:45177, 5c1b434c-ba47-498c-8220-e38c999f4a86:192.168.36.99:37317, fa81d38e-d0a7-48ac-a146-d2415b539be8:192.168.36.99:38233], old=null
2019-08-20 15:01:57,022 [5c1b434c-ba47-498c-8220-e38c999f4a86:group-5AB8322B29FA:LeaderElection16] INFO  impl.LeaderElection (LeaderElection.java:askForVotes(181)) - 5c1b434c-ba47-498c-8220-e38c999f4a86:group-5AB8322B29FA:LeaderElection16: begin an election at term 1 for -1: [fa299a0c-a57e-46eb-8783-406416da04aa:192.168.36.99:45177, 5c1b434c-ba47-498c-8220-e38c999f4a86:192.168.36.99:37317, fa81d38e-d0a7-48ac-a146-d2415b539be8:192.168.36.99:38233], old=null
2019-08-20 15:01:57,022 [aa186f79-d556-4a33-825f-255f36f4ca35:group-A29C53895826:LeaderElection21] INFO  impl.LeaderElection (LeaderElection.java:askForVotes(181)) - aa186f79-d556-4a33-825f-255f36f4ca35:group-A29C53895826:LeaderElection21: begin an election at term 3 for -1: [7b5d2d4e-3a0c-423a-91fe-23981ee7bc04:192.168.36.99:44676, c6990e1c-bb7c-4cd7-a65c-0e47d5f09a21:192.168.36.99:45374, aa186f79-d556-4a33-825f-255f36f4ca35:192.168.36.99:42046], old=null
2019-08-20 15:01:57,026 [fa81d38e-d0a7-48ac-a146-d2415b539be8:group-5AB8322B29FA:LeaderElection15] INFO  impl.LeaderElection (LogUtils.java:infoOrTrace(149)) - Failed fa81d38e-d0a7-48ac-a146-d2415b539be8:group-5AB8322B29FA:LeaderElection15, state=CLOSING: {}
java.lang.IllegalArgumentException: fa81d38e-d0a7-48ac-a146-d2415b539be8-SegmentedRaftLog is expected to be opened but it is CLOSED
	at org.apache.ratis.util.OpenCloseState.assertOpen(OpenCloseState.java:63)
	at org.apache.ratis.server.raftlog.RaftLog.checkLogState(RaftLog.java:101)
	at org.apache.ratis.server.raftlog.segmented.SegmentedRaftLog.getLastEntryTermIndex(SegmentedRaftLog.java:263)
	at org.apache.ratis.server.impl.LeaderElection.askForVotes(LeaderElection.java:183)
	at org.apache.ratis.server.impl.LeaderElection.run(LeaderElection.java:130)
	at java.lang.Thread.run(Thread.java:748)
Caused by: org.apache.ratis.util.OpenCloseState$CloseTrace: Close fa81d38e-d0a7-48ac-a146-d2415b539be8-SegmentedRaftLog
	at org.apache.ratis.util.OpenCloseState.lambda$close$1(OpenCloseState.java:109)
	at java.util.concurrent.atomic.AtomicReference.getAndUpdate(AtomicReference.java:160)
	at org.apache.ratis.util.OpenCloseState.close(OpenCloseState.java:109)
	at org.apache.ratis.server.raftlog.RaftLog.close(RaftLog.java:437)
	at org.apache.ratis.server.raftlog.segmented.SegmentedRaftLog.close(SegmentedRaftLog.java:428)
	at org.apache.ratis.server.impl.ServerState.close(ServerState.java:397)
	at org.apache.ratis.server.impl.RaftServerImpl.lambda$shutdown$3(RaftServerImpl.java:267)
	at org.apache.ratis.util.LifeCycle.lambda$checkStateAndClose$2(LifeCycle.java:231)
	at org.apache.ratis.util.LifeCycle.checkStateAndClose(LifeCycle.java:251)
	at org.apache.ratis.util.LifeCycle.checkStateAndClose(LifeCycle.java:229)
	at org.apache.ratis.server.impl.RaftServerImpl.shutdown(RaftServerImpl.java:244)
	at org.apache.ratis.server.impl.RaftServerProxy$ImplMap.lambda$close$0(RaftServerProxy.java:107)
	at java.util.stream.ForEachOps$ForEachOp$OfRef.accept(ForEachOps.java:184)
	at java.util.stream.ReferencePipeline$3$1.accept(ReferencePipeline.java:193)
	at java.util.concurrent.ConcurrentHashMap$ValueSpliterator.forEachRemaining(ConcurrentHashMap.java:3566)
	at java.util.stream.AbstractPipeline.copyInto(AbstractPipeline.java:482)
	at java.util.stream.ForEachOps$ForEachTask.compute(ForEachOps.java:291)
	at java.util.concurrent.CountedCompleter.exec(CountedCompleter.java:731)
	at java.util.concurrent.ForkJoinTask.doExec(ForkJoinTask.java:289)
	at java.util.concurrent.ForkJoinTask.doInvoke(ForkJoinTask.java:401)
	at java.util.concurrent.ForkJoinTask.invoke(ForkJoinTask.java:734)
	at java.util.stream.ForEachOps$ForEachOp.evaluateParallel(ForEachOps.java:160)
	at java.util.stream.ForEachOps$ForEachOp$OfRef.evaluateParallel(ForEachOps.java:174)
	at java.util.stream.AbstractPipeline.evaluate(AbstractPipeline.java:233)
	at java.util.stream.ReferencePipeline.forEach(ReferencePipeline.java:418)
	at org.apache.ratis.server.impl.RaftServerProxy$ImplMap.close(RaftServerProxy.java:107)
	at org.apache.ratis.server.impl.RaftServerProxy.lambda$close$4(RaftServerProxy.java:315)
	at org.apache.ratis.util.LifeCycle.lambda$checkStateAndClose$2(LifeCycle.java:231)
	at org.apache.ratis.util.LifeCycle.checkStateAndClose(LifeCycle.java:251)
	at org.apache.ratis.util.LifeCycle.checkStateAndClose(LifeCycle.java:229)
	at org.apache.ratis.server.impl.RaftServerProxy.close(RaftServerProxy.java:313)
	at org.apache.hadoop.ozone.container.common.transport.server.ratis.XceiverServerRatis.stop(XceiverServerRatis.java:434)
	at org.apache.hadoop.ozone.container.ozoneimpl.OzoneContainer.stop(OzoneContainer.java:201)
	at org.apache.hadoop.ozone.container.common.statemachine.DatanodeStateMachine.close(DatanodeStateMachine.java:270)
	at org.apache.hadoop.ozone.container.common.statemachine.DatanodeStateMachine.stopDaemon(DatanodeStateMachine.java:394)
	at org.apache.hadoop.ozone.HddsDatanodeService.stop(HddsDatanodeService.java:458)
	at org.apache.hadoop.ozone.MiniOzoneClusterImpl.lambda$stop$2(MiniOzoneClusterImpl.java:347)
	at java.util.stream.ForEachOps$ForEachOp$OfRef.accept(ForEachOps.java:184)
	at java.util.ArrayList$ArrayListSpliterator.forEachRemaining(ArrayList.java:1382)
	at java.util.stream.AbstractPipeline.copyInto(AbstractPipeline.java:482)
	at java.util.stream.ForEachOps$ForEachTask.compute(ForEachOps.java:291)
	at java.util.concurrent.CountedCompleter.exec(CountedCompleter.java:731)
	at java.util.concurrent.ForkJoinTask.doExec(ForkJoinTask.java:289)
	at java.util.concurrent.ForkJoinPool$WorkQueue.runTask(ForkJoinPool.java:1056)
	at java.util.concurrent.ForkJoinPool.runWorker(ForkJoinPool.java:1692)
	at java.util.concurrent.ForkJoinWorkerThread.run(ForkJoinWorkerThread.java:157)
2019-08-20 15:01:57,030 [fa81d38e-d0a7-48ac-a146-d2415b539be8:group-5AB8322B29FA:LeaderElection15] INFO  impl.LeaderElection (LeaderElection.java:run(141)) - fa81d38e-d0a7-48ac-a146-d2415b539be8:group-5AB8322B29FA:LeaderElection15: IllegalArgumentException is safely ignored since this is already CLOSING
2019-08-20 15:01:57,027 [fa81d38e-d0a7-48ac-a146-d2415b539be8:group-9F811BC720EA:LeaderElection18] INFO  impl.LeaderElection (LogUtils.java:infoOrTrace(149)) - Failed fa81d38e-d0a7-48ac-a146-d2415b539be8:group-9F811BC720EA:LeaderElection18, state=CLOSING: {}
java.lang.IllegalArgumentException: fa81d38e-d0a7-48ac-a146-d2415b539be8-SegmentedRaftLog is expected to be opened but it is CLOSED
	at org.apache.ratis.util.OpenCloseState.assertOpen(OpenCloseState.java:63)
	at org.apache.ratis.server.raftlog.RaftLog.checkLogState(RaftLog.java:101)
	at org.apache.ratis.server.raftlog.segmented.SegmentedRaftLog.getLastEntryTermIndex(SegmentedRaftLog.java:263)
	at org.apache.ratis.server.impl.LeaderElection.askForVotes(LeaderElection.java:183)
	at org.apache.ratis.server.impl.LeaderElection.run(LeaderElection.java:130)
	at java.lang.Thread.run(Thread.java:748)
Caused by: org.apache.ratis.util.OpenCloseState$CloseTrace: Close fa81d38e-d0a7-48ac-a146-d2415b539be8-SegmentedRaftLog
	at org.apache.ratis.util.OpenCloseState.lambda$close$1(OpenCloseState.java:109)
	at java.util.concurrent.atomic.AtomicReference.getAndUpdate(AtomicReference.java:160)
	at org.apache.ratis.util.OpenCloseState.close(OpenCloseState.java:109)
	at org.apache.ratis.server.raftlog.RaftLog.close(RaftLog.java:437)
	at org.apache.ratis.server.raftlog.segmented.SegmentedRaftLog.close(SegmentedRaftLog.java:428)
	at org.apache.ratis.server.impl.ServerState.close(ServerState.java:397)
	at org.apache.ratis.server.impl.RaftServerImpl.lambda$shutdown$3(RaftServerImpl.java:267)
	at org.apache.ratis.util.LifeCycle.lambda$checkStateAndClose$2(LifeCycle.java:231)
	at org.apache.ratis.util.LifeCycle.checkStateAndClose(LifeCycle.java:251)
	at org.apache.ratis.util.LifeCycle.checkStateAndClose(LifeCycle.java:229)
	at org.apache.ratis.server.impl.RaftServerImpl.shutdown(RaftServerImpl.java:244)
	at org.apache.ratis.server.impl.RaftServerProxy$ImplMap.lambda$close$0(RaftServerProxy.java:107)
	at java.util.stream.ForEachOps$ForEachOp$OfRef.accept(ForEachOps.java:184)
	at java.util.stream.ReferencePipeline$3$1.accept(ReferencePipeline.java:193)
	at java.util.concurrent.ConcurrentHashMap$ValueSpliterator.forEachRemaining(ConcurrentHashMap.java:3566)
	at java.util.stream.AbstractPipeline.copyInto(AbstractPipeline.java:482)
	at java.util.stream.ForEachOps$ForEachTask.compute(ForEachOps.java:291)
	at java.util.concurrent.CountedCompleter.exec(CountedCompleter.java:731)
	at java.util.concurrent.ForkJoinTask.doExec(ForkJoinTask.java:289)
	at java.util.concurrent.ForkJoinPool.helpComplete(ForkJoinPool.java:1870)
	at java.util.concurrent.ForkJoinPool.awaitJoin(ForkJoinPool.java:2045)
	at java.util.concurrent.ForkJoinTask.doInvoke(ForkJoinTask.java:404)
	at java.util.concurrent.ForkJoinTask.invoke(ForkJoinTask.java:734)
	at java.util.stream.ForEachOps$ForEachOp.evaluateParallel(ForEachOps.java:160)
	at java.util.stream.ForEachOps$ForEachOp$OfRef.evaluateParallel(ForEachOps.java:174)
	at java.util.stream.AbstractPipeline.evaluate(AbstractPipeline.java:233)
	at java.util.stream.ReferencePipeline.forEach(ReferencePipeline.java:418)
	at org.apache.ratis.server.impl.RaftServerProxy$ImplMap.close(RaftServerProxy.java:107)
	at org.apache.ratis.server.impl.RaftServerProxy.lambda$close$4(RaftServerProxy.java:315)
	at org.apache.ratis.util.LifeCycle.lambda$checkStateAndClose$2(LifeCycle.java:231)
	at org.apache.ratis.util.LifeCycle.checkStateAndClose(LifeCycle.java:251)
	at org.apache.ratis.util.LifeCycle.checkStateAndClose(LifeCycle.java:229)
	at org.apache.ratis.server.impl.RaftServerProxy.close(RaftServerProxy.java:313)
	at org.apache.hadoop.ozone.container.common.transport.server.ratis.XceiverServerRatis.stop(XceiverServerRatis.java:434)
	at org.apache.hadoop.ozone.container.ozoneimpl.OzoneContainer.stop(OzoneContainer.java:201)
	at org.apache.hadoop.ozone.container.common.statemachine.DatanodeStateMachine.close(DatanodeStateMachine.java:270)
	at org.apache.hadoop.ozone.container.common.statemachine.DatanodeStateMachine.stopDaemon(DatanodeStateMachine.java:394)
	at org.apache.hadoop.ozone.HddsDatanodeService.stop(HddsDatanodeService.java:458)
	at org.apache.hadoop.ozone.MiniOzoneClusterImpl.lambda$stop$2(MiniOzoneClusterImpl.java:347)
	at java.util.stream.ForEachOps$ForEachOp$OfRef.accept(ForEachOps.java:184)
	at java.util.ArrayList$ArrayListSpliterator.forEachRemaining(ArrayList.java:1382)
	at java.util.stream.AbstractPipeline.copyInto(AbstractPipeline.java:482)
	at java.util.stream.ForEachOps$ForEachTask.compute(ForEachOps.java:291)
	at java.util.concurrent.CountedCompleter.exec(CountedCompleter.java:731)
	at java.util.concurrent.ForkJoinTask.doExec(ForkJoinTask.java:289)
	at java.util.concurrent.ForkJoinPool$WorkQueue.runTask(ForkJoinPool.java:1056)
	at java.util.concurrent.ForkJoinPool.runWorker(ForkJoinPool.java:1692)
	at java.util.concurrent.ForkJoinWorkerThread.run(ForkJoinWorkerThread.java:157)
2019-08-20 15:01:57,027 [c6990e1c-bb7c-4cd7-a65c-0e47d5f09a21:group-A29C53895826:LeaderElection20] INFO  impl.LeaderElection (LogUtils.java:infoOrTrace(149)) - Failed c6990e1c-bb7c-4cd7-a65c-0e47d5f09a21:group-A29C53895826:LeaderElection20, state=CLOSING: {}
java.lang.IllegalArgumentException: c6990e1c-bb7c-4cd7-a65c-0e47d5f09a21-SegmentedRaftLog is expected to be opened but it is CLOSED
	at org.apache.ratis.util.OpenCloseState.assertOpen(OpenCloseState.java:63)
	at org.apache.ratis.server.raftlog.RaftLog.checkLogState(RaftLog.java:101)
	at org.apache.ratis.server.raftlog.segmented.SegmentedRaftLog.getLastEntryTermIndex(SegmentedRaftLog.java:263)
	at org.apache.ratis.server.impl.LeaderElection.askForVotes(LeaderElection.java:183)
	at org.apache.ratis.server.impl.LeaderElection.run(LeaderElection.java:130)
	at java.lang.Thread.run(Thread.java:748)
Caused by: org.apache.ratis.util.OpenCloseState$CloseTrace: Close c6990e1c-bb7c-4cd7-a65c-0e47d5f09a21-SegmentedRaftLog
	at org.apache.ratis.util.OpenCloseState.lambda$close$1(OpenCloseState.java:109)
	at java.util.concurrent.atomic.AtomicReference.getAndUpdate(AtomicReference.java:160)
	at org.apache.ratis.util.OpenCloseState.close(OpenCloseState.java:109)
	at org.apache.ratis.server.raftlog.RaftLog.close(RaftLog.java:437)
	at org.apache.ratis.server.raftlog.segmented.SegmentedRaftLog.close(SegmentedRaftLog.java:428)
	at org.apache.ratis.server.impl.ServerState.close(ServerState.java:397)
	at org.apache.ratis.server.impl.RaftServerImpl.lambda$shutdown$3(RaftServerImpl.java:267)
	at org.apache.ratis.util.LifeCycle.lambda$checkStateAndClose$2(LifeCycle.java:231)
	at org.apache.ratis.util.LifeCycle.checkStateAndClose(LifeCycle.java:251)
	at org.apache.ratis.util.LifeCycle.checkStateAndClose(LifeCycle.java:229)
	at org.apache.ratis.server.impl.RaftServerImpl.shutdown(RaftServerImpl.java:244)
	at org.apache.ratis.server.impl.RaftServerProxy$ImplMap.lambda$close$0(RaftServerProxy.java:107)
	at java.util.stream.ForEachOps$ForEachOp$OfRef.accept(ForEachOps.java:184)
	at java.util.stream.ReferencePipeline$3$1.accept(ReferencePipeline.java:193)
	at java.util.concurrent.ConcurrentHashMap$ValueSpliterator.forEachRemaining(ConcurrentHashMap.java:3566)
	at java.util.stream.AbstractPipeline.copyInto(AbstractPipeline.java:482)
	at java.util.stream.ForEachOps$ForEachTask.compute(ForEachOps.java:291)
	at java.util.concurrent.CountedCompleter.exec(CountedCompleter.java:731)
	at java.util.concurrent.ForkJoinTask.doExec(ForkJoinTask.java:289)
	at java.util.concurrent.ForkJoinTask.doInvoke(ForkJoinTask.java:401)
	at java.util.concurrent.ForkJoinTask.invoke(ForkJoinTask.java:734)
	at java.util.stream.ForEachOps$ForEachOp.evaluateParallel(ForEachOps.java:160)
	at java.util.stream.ForEachOps$ForEachOp$OfRef.evaluateParallel(ForEachOps.java:174)
	at java.util.stream.AbstractPipeline.evaluate(AbstractPipeline.java:233)
	at java.util.stream.ReferencePipeline.forEach(ReferencePipeline.java:418)
	at org.apache.ratis.server.impl.RaftServerProxy$ImplMap.close(RaftServerProxy.java:107)
	at org.apache.ratis.server.impl.RaftServerProxy.lambda$close$4(RaftServerProxy.java:315)
	at org.apache.ratis.util.LifeCycle.lambda$checkStateAndClose$2(LifeCycle.java:231)
	at org.apache.ratis.util.LifeCycle.checkStateAndClose(LifeCycle.java:251)
	at org.apache.ratis.util.LifeCycle.checkStateAndClose(LifeCycle.java:229)
	at org.apache.ratis.server.impl.RaftServerProxy.close(RaftServerProxy.java:313)
	at org.apache.hadoop.ozone.container.common.transport.server.ratis.XceiverServerRatis.stop(XceiverServerRatis.java:434)
	at org.apache.hadoop.ozone.container.ozoneimpl.OzoneContainer.stop(OzoneContainer.java:201)
	at org.apache.hadoop.ozone.container.common.statemachine.DatanodeStateMachine.close(DatanodeStateMachine.java:270)
	at org.apache.hadoop.ozone.container.common.statemachine.DatanodeStateMachine.stopDaemon(DatanodeStateMachine.java:394)
	at org.apache.hadoop.ozone.HddsDatanodeService.stop(HddsDatanodeService.java:458)
	at org.apache.hadoop.ozone.MiniOzoneClusterImpl.lambda$stop$2(MiniOzoneClusterImpl.java:347)
	at java.util.stream.ForEachOps$ForEachOp$OfRef.accept(ForEachOps.java:184)
	at java.util.ArrayList$ArrayListSpliterator.forEachRemaining(ArrayList.java:1382)
	at java.util.stream.AbstractPipeline.copyInto(AbstractPipeline.java:482)
	at java.util.stream.ForEachOps$ForEachTask.compute(ForEachOps.java:291)
	at java.util.concurrent.CountedCompleter.exec(CountedCompleter.java:731)
	at java.util.concurrent.ForkJoinTask.doExec(ForkJoinTask.java:289)
	at java.util.concurrent.ForkJoinTask.doInvoke(ForkJoinTask.java:401)
	at java.util.concurrent.ForkJoinTask.invoke(ForkJoinTask.java:734)
	at java.util.stream.ForEachOps$ForEachOp.evaluateParallel(ForEachOps.java:160)
	at java.util.stream.ForEachOps$ForEachOp$OfRef.evaluateParallel(ForEachOps.java:174)
	at java.util.stream.AbstractPipeline.evaluate(AbstractPipeline.java:233)
	at java.util.stream.ReferencePipeline.forEach(ReferencePipeline.java:418)
	at java.util.stream.ReferencePipeline$Head.forEach(ReferencePipeline.java:583)
	at org.apache.hadoop.ozone.MiniOzoneClusterImpl.stop(MiniOzoneClusterImpl.java:346)
	at org.apache.hadoop.ozone.MiniOzoneClusterImpl.shutdown(MiniOzoneClusterImpl.java:326)
	at org.apache.hadoop.hdds.scm.pipeline.TestRatisPipelineCreateAndDestory.cleanup(TestRatisPipelineCreateAndDestory.java:63)
	at sun.reflect.NativeMethodAccessorImpl.invoke0(Native Method)
	at sun.reflect.NativeMethodAccessorImpl.invoke(NativeMethodAccessorImpl.java:62)
	at sun.reflect.DelegatingMethodAccessorImpl.invoke(DelegatingMethodAccessorImpl.java:43)
	at java.lang.reflect.Method.invoke(Method.java:498)
	at org.junit.runners.model.FrameworkMethod$1.runReflectiveCall(FrameworkMethod.java:47)
	at org.junit.internal.runners.model.ReflectiveCallable.run(ReflectiveCallable.java:12)
	at org.junit.runners.model.FrameworkMethod.invokeExplosively(FrameworkMethod.java:44)
	at org.junit.internal.runners.statements.RunAfters.evaluate(RunAfters.java:33)
	at org.junit.runners.ParentRunner.runLeaf(ParentRunner.java:271)
	at org.junit.runners.BlockJUnit4ClassRunner.runChild(BlockJUnit4ClassRunner.java:70)
	at org.junit.runners.BlockJUnit4ClassRunner.runChild(BlockJUnit4ClassRunner.java:50)
	at org.junit.runners.ParentRunner$3.run(ParentRunner.java:238)
	at org.junit.runners.ParentRunner$1.schedule(ParentRunner.java:63)
	at org.junit.runners.ParentRunner.runChildren(ParentRunner.java:236)
	at org.junit.runners.ParentRunner.access$000(ParentRunner.java:53)
	at org.junit.runners.ParentRunner$2.evaluate(ParentRunner.java:229)
	at org.junit.runners.ParentRunner.run(ParentRunner.java:309)
	at org.apache.maven.surefire.junit4.JUnit4Provider.execute(JUnit4Provider.java:365)
	at org.apache.maven.surefire.junit4.JUnit4Provider.executeWithRerun(JUnit4Provider.java:273)
	at org.apache.maven.surefire.junit4.JUnit4Provider.executeTestSet(JUnit4Provider.java:238)
	at org.apache.maven.surefire.junit4.JUnit4Provider.invoke(JUnit4Provider.java:159)
	at org.apache.maven.surefire.booter.ForkedBooter.invokeProviderInSameClassLoader(ForkedBooter.java:384)
	at org.apache.maven.surefire.booter.ForkedBooter.runSuitesInProcess(ForkedBooter.java:345)
	at org.apache.maven.surefire.booter.ForkedBooter.execute(ForkedBooter.java:126)
	at org.apache.maven.surefire.booter.ForkedBooter.main(ForkedBooter.java:418)
2019-08-20 15:01:57,037 [fa81d38e-d0a7-48ac-a146-d2415b539be8:group-9F811BC720EA:LeaderElection18] INFO  impl.LeaderElection (LeaderElection.java:run(141)) - fa81d38e-d0a7-48ac-a146-d2415b539be8:group-9F811BC720EA:LeaderElection18: IllegalArgumentException is safely ignored since this is already CLOSING
2019-08-20 15:01:57,038 [c6990e1c-bb7c-4cd7-a65c-0e47d5f09a21:group-A29C53895826:LeaderElection20] INFO  impl.LeaderElection (LeaderElection.java:run(141)) - c6990e1c-bb7c-4cd7-a65c-0e47d5f09a21:group-A29C53895826:LeaderElection20: IllegalArgumentException is safely ignored since this is already CLOSING
2019-08-20 15:01:57,048 [fa299a0c-a57e-46eb-8783-406416da04aa:group-9F811BC720EA:LeaderElection13] INFO  impl.LeaderElection (LogUtils.java:infoOrTrace(149)) - fa299a0c-a57e-46eb-8783-406416da04aa:group-9F811BC720EA:LeaderElection13 got exception when requesting votes: {}
java.util.concurrent.ExecutionException: org.apache.ratis.thirdparty.io.grpc.StatusRuntimeException: UNAVAILABLE: io exception
	at java.util.concurrent.FutureTask.report(FutureTask.java:122)
	at java.util.concurrent.FutureTask.get(FutureTask.java:192)
	at org.apache.ratis.server.impl.LeaderElection.waitForResults(LeaderElection.java:262)
	at org.apache.ratis.server.impl.LeaderElection.askForVotes(LeaderElection.java:200)
	at org.apache.ratis.server.impl.LeaderElection.run(LeaderElection.java:130)
	at java.lang.Thread.run(Thread.java:748)
Caused by: org.apache.ratis.thirdparty.io.grpc.StatusRuntimeException: UNAVAILABLE: io exception
	at org.apache.ratis.thirdparty.io.grpc.stub.ClientCalls.toStatusRuntimeException(ClientCalls.java:233)
	at org.apache.ratis.thirdparty.io.grpc.stub.ClientCalls.getUnchecked(ClientCalls.java:214)
	at org.apache.ratis.thirdparty.io.grpc.stub.ClientCalls.blockingUnaryCall(ClientCalls.java:139)
	at org.apache.ratis.proto.grpc.RaftServerProtocolServiceGrpc$RaftServerProtocolServiceBlockingStub.requestVote(RaftServerProtocolServiceGrpc.java:265)
	at org.apache.ratis.grpc.server.GrpcServerProtocolClient.requestVote(GrpcServerProtocolClient.java:83)
	at org.apache.ratis.grpc.server.GrpcService.requestVote(GrpcService.java:195)
	at org.apache.ratis.server.impl.LeaderElection.lambda$submitRequests$1(LeaderElection.java:237)
	at java.util.concurrent.FutureTask.run(FutureTask.java:266)
	at java.util.concurrent.Executors$RunnableAdapter.call(Executors.java:511)
	at java.util.concurrent.FutureTask.run(FutureTask.java:266)
	at java.util.concurrent.ThreadPoolExecutor.runWorker(ThreadPoolExecutor.java:1149)
	at java.util.concurrent.ThreadPoolExecutor$Worker.run(ThreadPoolExecutor.java:624)
	... 1 more
Caused by: org.apache.ratis.thirdparty.io.netty.channel.AbstractChannel$AnnotatedConnectException: Connection refused: /192.168.36.99:38233
	at sun.nio.ch.SocketChannelImpl.checkConnect(Native Method)
	at sun.nio.ch.SocketChannelImpl.finishConnect(SocketChannelImpl.java:717)
	at org.apache.ratis.thirdparty.io.netty.channel.socket.nio.NioSocketChannel.doFinishConnect(NioSocketChannel.java:327)
	at org.apache.ratis.thirdparty.io.netty.channel.nio.AbstractNioChannel$AbstractNioUnsafe.finishConnect(AbstractNioChannel.java:340)
	at org.apache.ratis.thirdparty.io.netty.channel.nio.NioEventLoop.processSelectedKey(NioEventLoop.java:632)
	at org.apache.ratis.thirdparty.io.netty.channel.nio.NioEventLoop.processSelectedKeysOptimized(NioEventLoop.java:579)
	at org.apache.ratis.thirdparty.io.netty.channel.nio.NioEventLoop.processSelectedKeys(NioEventLoop.java:496)
	at org.apache.ratis.thirdparty.io.netty.channel.nio.NioEventLoop.run(NioEventLoop.java:458)
	at org.apache.ratis.thirdparty.io.netty.util.concurrent.SingleThreadEventExecutor$5.run(SingleThreadEventExecutor.java:897)
	at org.apache.ratis.thirdparty.io.netty.util.concurrent.FastThreadLocalRunnable.run(FastThreadLocalRunnable.java:30)
	... 1 more
Caused by: java.net.ConnectException: Connection refused
	... 11 more
2019-08-20 15:01:57,051 [5c1b434c-ba47-498c-8220-e38c999f4a86:group-9F811BC720EA:LeaderElection14] INFO  impl.LeaderElection (LogUtils.java:infoOrTrace(149)) - 5c1b434c-ba47-498c-8220-e38c999f4a86:group-9F811BC720EA:LeaderElection14 got exception when requesting votes: {}
java.util.concurrent.ExecutionException: org.apache.ratis.thirdparty.io.grpc.StatusRuntimeException: UNAVAILABLE: io exception
	at java.util.concurrent.FutureTask.report(FutureTask.java:122)
	at java.util.concurrent.FutureTask.get(FutureTask.java:192)
	at org.apache.ratis.server.impl.LeaderElection.waitForResults(LeaderElection.java:262)
	at org.apache.ratis.server.impl.LeaderElection.askForVotes(LeaderElection.java:200)
	at org.apache.ratis.server.impl.LeaderElection.run(LeaderElection.java:130)
	at java.lang.Thread.run(Thread.java:748)
Caused by: org.apache.ratis.thirdparty.io.grpc.StatusRuntimeException: UNAVAILABLE: io exception
	at org.apache.ratis.thirdparty.io.grpc.stub.ClientCalls.toStatusRuntimeException(ClientCalls.java:233)
	at org.apache.ratis.thirdparty.io.grpc.stub.ClientCalls.getUnchecked(ClientCalls.java:214)
	at org.apache.ratis.thirdparty.io.grpc.stub.ClientCalls.blockingUnaryCall(ClientCalls.java:139)
	at org.apache.ratis.proto.grpc.RaftServerProtocolServiceGrpc$RaftServerProtocolServiceBlockingStub.requestVote(RaftServerProtocolServiceGrpc.java:265)
	at org.apache.ratis.grpc.server.GrpcServerProtocolClient.requestVote(GrpcServerProtocolClient.java:83)
	at org.apache.ratis.grpc.server.GrpcService.requestVote(GrpcService.java:195)
	at org.apache.ratis.server.impl.LeaderElection.lambda$submitRequests$1(LeaderElection.java:237)
	at java.util.concurrent.FutureTask.run(FutureTask.java:266)
	at java.util.concurrent.Executors$RunnableAdapter.call(Executors.java:511)
	at java.util.concurrent.FutureTask.run(FutureTask.java:266)
	at java.util.concurrent.ThreadPoolExecutor.runWorker(ThreadPoolExecutor.java:1149)
	at java.util.concurrent.ThreadPoolExecutor$Worker.run(ThreadPoolExecutor.java:624)
	... 1 more
Caused by: org.apache.ratis.thirdparty.io.netty.channel.AbstractChannel$AnnotatedConnectException: Connection refused: /192.168.36.99:38233
	at sun.nio.ch.SocketChannelImpl.checkConnect(Native Method)
	at sun.nio.ch.SocketChannelImpl.finishConnect(SocketChannelImpl.java:717)
	at org.apache.ratis.thirdparty.io.netty.channel.socket.nio.NioSocketChannel.doFinishConnect(NioSocketChannel.java:327)
	at org.apache.ratis.thirdparty.io.netty.channel.nio.AbstractNioChannel$AbstractNioUnsafe.finishConnect(AbstractNioChannel.java:340)
	at org.apache.ratis.thirdparty.io.netty.channel.nio.NioEventLoop.processSelectedKey(NioEventLoop.java:632)
	at org.apache.ratis.thirdparty.io.netty.channel.nio.NioEventLoop.processSelectedKeysOptimized(NioEventLoop.java:579)
	at org.apache.ratis.thirdparty.io.netty.channel.nio.NioEventLoop.processSelectedKeys(NioEventLoop.java:496)
	at org.apache.ratis.thirdparty.io.netty.channel.nio.NioEventLoop.run(NioEventLoop.java:458)
	at org.apache.ratis.thirdparty.io.netty.util.concurrent.SingleThreadEventExecutor$5.run(SingleThreadEventExecutor.java:897)
	at org.apache.ratis.thirdparty.io.netty.util.concurrent.FastThreadLocalRunnable.run(FastThreadLocalRunnable.java:30)
	... 1 more
Caused by: java.net.ConnectException: Connection refused
	... 11 more
2019-08-20 15:01:57,050 [aa186f79-d556-4a33-825f-255f36f4ca35:group-A29C53895826:LeaderElection21] INFO  impl.LeaderElection (LogUtils.java:infoOrTrace(149)) - aa186f79-d556-4a33-825f-255f36f4ca35:group-A29C53895826:LeaderElection21 got exception when requesting votes: {}
java.util.concurrent.ExecutionException: org.apache.ratis.thirdparty.io.grpc.StatusRuntimeException: UNAVAILABLE: io exception
	at java.util.concurrent.FutureTask.report(FutureTask.java:122)
	at java.util.concurrent.FutureTask.get(FutureTask.java:192)
	at org.apache.ratis.server.impl.LeaderElection.waitForResults(LeaderElection.java:262)
	at org.apache.ratis.server.impl.LeaderElection.askForVotes(LeaderElection.java:200)
	at org.apache.ratis.server.impl.LeaderElection.run(LeaderElection.java:130)
	at java.lang.Thread.run(Thread.java:748)
Caused by: org.apache.ratis.thirdparty.io.grpc.StatusRuntimeException: UNAVAILABLE: io exception
	at org.apache.ratis.thirdparty.io.grpc.stub.ClientCalls.toStatusRuntimeException(ClientCalls.java:233)
	at org.apache.ratis.thirdparty.io.grpc.stub.ClientCalls.getUnchecked(ClientCalls.java:214)
	at org.apache.ratis.thirdparty.io.grpc.stub.ClientCalls.blockingUnaryCall(ClientCalls.java:139)
	at org.apache.ratis.proto.grpc.RaftServerProtocolServiceGrpc$RaftServerProtocolServiceBlockingStub.requestVote(RaftServerProtocolServiceGrpc.java:265)
	at org.apache.ratis.grpc.server.GrpcServerProtocolClient.requestVote(GrpcServerProtocolClient.java:83)
	at org.apache.ratis.grpc.server.GrpcService.requestVote(GrpcService.java:195)
	at org.apache.ratis.server.impl.LeaderElection.lambda$submitRequests$1(LeaderElection.java:237)
	at java.util.concurrent.FutureTask.run(FutureTask.java:266)
	at java.util.concurrent.Executors$RunnableAdapter.call(Executors.java:511)
	at java.util.concurrent.FutureTask.run(FutureTask.java:266)
	at java.util.concurrent.ThreadPoolExecutor.runWorker(ThreadPoolExecutor.java:1149)
	at java.util.concurrent.ThreadPoolExecutor$Worker.run(ThreadPoolExecutor.java:624)
	... 1 more
Caused by: org.apache.ratis.thirdparty.io.netty.channel.AbstractChannel$AnnotatedConnectException: Connection refused: /192.168.36.99:45374
	at sun.nio.ch.SocketChannelImpl.checkConnect(Native Method)
	at sun.nio.ch.SocketChannelImpl.finishConnect(SocketChannelImpl.java:717)
	at org.apache.ratis.thirdparty.io.netty.channel.socket.nio.NioSocketChannel.doFinishConnect(NioSocketChannel.java:327)
	at org.apache.ratis.thirdparty.io.netty.channel.nio.AbstractNioChannel$AbstractNioUnsafe.finishConnect(AbstractNioChannel.java:340)
	at org.apache.ratis.thirdparty.io.netty.channel.nio.NioEventLoop.processSelectedKey(NioEventLoop.java:632)
	at org.apache.ratis.thirdparty.io.netty.channel.nio.NioEventLoop.processSelectedKeysOptimized(NioEventLoop.java:579)
	at org.apache.ratis.thirdparty.io.netty.channel.nio.NioEventLoop.processSelectedKeys(NioEventLoop.java:496)
	at org.apache.ratis.thirdparty.io.netty.channel.nio.NioEventLoop.run(NioEventLoop.java:458)
	at org.apache.ratis.thirdparty.io.netty.util.concurrent.SingleThreadEventExecutor$5.run(SingleThreadEventExecutor.java:897)
	at org.apache.ratis.thirdparty.io.netty.util.concurrent.FastThreadLocalRunnable.run(FastThreadLocalRunnable.java:30)
	... 1 more
Caused by: java.net.ConnectException: Connection refused
	... 11 more
2019-08-20 15:01:57,049 [5c1b434c-ba47-498c-8220-e38c999f4a86:group-5AB8322B29FA:LeaderElection16] INFO  impl.LeaderElection (LogUtils.java:infoOrTrace(149)) - 5c1b434c-ba47-498c-8220-e38c999f4a86:group-5AB8322B29FA:LeaderElection16 got exception when requesting votes: {}
java.util.concurrent.ExecutionException: org.apache.ratis.thirdparty.io.grpc.StatusRuntimeException: UNAVAILABLE: io exception
	at java.util.concurrent.FutureTask.report(FutureTask.java:122)
	at java.util.concurrent.FutureTask.get(FutureTask.java:192)
	at org.apache.ratis.server.impl.LeaderElection.waitForResults(LeaderElection.java:262)
	at org.apache.ratis.server.impl.LeaderElection.askForVotes(LeaderElection.java:200)
	at org.apache.ratis.server.impl.LeaderElection.run(LeaderElection.java:130)
	at java.lang.Thread.run(Thread.java:748)
Caused by: org.apache.ratis.thirdparty.io.grpc.StatusRuntimeException: UNAVAILABLE: io exception
	at org.apache.ratis.thirdparty.io.grpc.stub.ClientCalls.toStatusRuntimeException(ClientCalls.java:233)
	at org.apache.ratis.thirdparty.io.grpc.stub.ClientCalls.getUnchecked(ClientCalls.java:214)
	at org.apache.ratis.thirdparty.io.grpc.stub.ClientCalls.blockingUnaryCall(ClientCalls.java:139)
	at org.apache.ratis.proto.grpc.RaftServerProtocolServiceGrpc$RaftServerProtocolServiceBlockingStub.requestVote(RaftServerProtocolServiceGrpc.java:265)
	at org.apache.ratis.grpc.server.GrpcServerProtocolClient.requestVote(GrpcServerProtocolClient.java:83)
	at org.apache.ratis.grpc.server.GrpcService.requestVote(GrpcService.java:195)
	at org.apache.ratis.server.impl.LeaderElection.lambda$submitRequests$1(LeaderElection.java:237)
	at java.util.concurrent.FutureTask.run(FutureTask.java:266)
	at java.util.concurrent.Executors$RunnableAdapter.call(Executors.java:511)
	at java.util.concurrent.FutureTask.run(FutureTask.java:266)
	at java.util.concurrent.ThreadPoolExecutor.runWorker(ThreadPoolExecutor.java:1149)
	at java.util.concurrent.ThreadPoolExecutor$Worker.run(ThreadPoolExecutor.java:624)
	... 1 more
Caused by: org.apache.ratis.thirdparty.io.netty.channel.AbstractChannel$AnnotatedConnectException: Connection refused: /192.168.36.99:38233
	at sun.nio.ch.SocketChannelImpl.checkConnect(Native Method)
	at sun.nio.ch.SocketChannelImpl.finishConnect(SocketChannelImpl.java:717)
	at org.apache.ratis.thirdparty.io.netty.channel.socket.nio.NioSocketChannel.doFinishConnect(NioSocketChannel.java:327)
	at org.apache.ratis.thirdparty.io.netty.channel.nio.AbstractNioChannel$AbstractNioUnsafe.finishConnect(AbstractNioChannel.java:340)
	at org.apache.ratis.thirdparty.io.netty.channel.nio.NioEventLoop.processSelectedKey(NioEventLoop.java:632)
	at org.apache.ratis.thirdparty.io.netty.channel.nio.NioEventLoop.processSelectedKeysOptimized(NioEventLoop.java:579)
	at org.apache.ratis.thirdparty.io.netty.channel.nio.NioEventLoop.processSelectedKeys(NioEventLoop.java:496)
	at org.apache.ratis.thirdparty.io.netty.channel.nio.NioEventLoop.run(NioEventLoop.java:458)
	at org.apache.ratis.thirdparty.io.netty.util.concurrent.SingleThreadEventExecutor$5.run(SingleThreadEventExecutor.java:897)
	at org.apache.ratis.thirdparty.io.netty.util.concurrent.FastThreadLocalRunnable.run(FastThreadLocalRunnable.java:30)
	... 1 more
Caused by: java.net.ConnectException: Connection refused
	... 11 more
2019-08-20 15:01:57,048 [fa299a0c-a57e-46eb-8783-406416da04aa:group-5AB8322B29FA:LeaderElection17] INFO  impl.LeaderElection (LogUtils.java:infoOrTrace(149)) - fa299a0c-a57e-46eb-8783-406416da04aa:group-5AB8322B29FA:LeaderElection17 got exception when requesting votes: {}
java.util.concurrent.ExecutionException: org.apache.ratis.thirdparty.io.grpc.StatusRuntimeException: UNAVAILABLE: io exception
	at java.util.concurrent.FutureTask.report(FutureTask.java:122)
	at java.util.concurrent.FutureTask.get(FutureTask.java:192)
	at org.apache.ratis.server.impl.LeaderElection.waitForResults(LeaderElection.java:262)
	at org.apache.ratis.server.impl.LeaderElection.askForVotes(LeaderElection.java:200)
	at org.apache.ratis.server.impl.LeaderElection.run(LeaderElection.java:130)
	at java.lang.Thread.run(Thread.java:748)
Caused by: org.apache.ratis.thirdparty.io.grpc.StatusRuntimeException: UNAVAILABLE: io exception
	at org.apache.ratis.thirdparty.io.grpc.stub.ClientCalls.toStatusRuntimeException(ClientCalls.java:233)
	at org.apache.ratis.thirdparty.io.grpc.stub.ClientCalls.getUnchecked(ClientCalls.java:214)
	at org.apache.ratis.thirdparty.io.grpc.stub.ClientCalls.blockingUnaryCall(ClientCalls.java:139)
	at org.apache.ratis.proto.grpc.RaftServerProtocolServiceGrpc$RaftServerProtocolServiceBlockingStub.requestVote(RaftServerProtocolServiceGrpc.java:265)
	at org.apache.ratis.grpc.server.GrpcServerProtocolClient.requestVote(GrpcServerProtocolClient.java:83)
	at org.apache.ratis.grpc.server.GrpcService.requestVote(GrpcService.java:195)
	at org.apache.ratis.server.impl.LeaderElection.lambda$submitRequests$1(LeaderElection.java:237)
	at java.util.concurrent.FutureTask.run(FutureTask.java:266)
	at java.util.concurrent.Executors$RunnableAdapter.call(Executors.java:511)
	at java.util.concurrent.FutureTask.run(FutureTask.java:266)
	at java.util.concurrent.ThreadPoolExecutor.runWorker(ThreadPoolExecutor.java:1149)
	at java.util.concurrent.ThreadPoolExecutor$Worker.run(ThreadPoolExecutor.java:624)
	... 1 more
Caused by: org.apache.ratis.thirdparty.io.netty.channel.AbstractChannel$AnnotatedConnectException: Connection refused: /192.168.36.99:38233
	at sun.nio.ch.SocketChannelImpl.checkConnect(Native Method)
	at sun.nio.ch.SocketChannelImpl.finishConnect(SocketChannelImpl.java:717)
	at org.apache.ratis.thirdparty.io.netty.channel.socket.nio.NioSocketChannel.doFinishConnect(NioSocketChannel.java:327)
	at org.apache.ratis.thirdparty.io.netty.channel.nio.AbstractNioChannel$AbstractNioUnsafe.finishConnect(AbstractNioChannel.java:340)
	at org.apache.ratis.thirdparty.io.netty.channel.nio.NioEventLoop.processSelectedKey(NioEventLoop.java:632)
	at org.apache.ratis.thirdparty.io.netty.channel.nio.NioEventLoop.processSelectedKeysOptimized(NioEventLoop.java:579)
	at org.apache.ratis.thirdparty.io.netty.channel.nio.NioEventLoop.processSelectedKeys(NioEventLoop.java:496)
	at org.apache.ratis.thirdparty.io.netty.channel.nio.NioEventLoop.run(NioEventLoop.java:458)
	at org.apache.ratis.thirdparty.io.netty.util.concurrent.SingleThreadEventExecutor$5.run(SingleThreadEventExecutor.java:897)
	at org.apache.ratis.thirdparty.io.netty.util.concurrent.FastThreadLocalRunnable.run(FastThreadLocalRunnable.java:30)
	... 1 more
Caused by: java.net.ConnectException: Connection refused
	... 11 more
2019-08-20 15:01:57,048 [7b5d2d4e-3a0c-423a-91fe-23981ee7bc04:group-A29C53895826:LeaderElection19] INFO  impl.LeaderElection (LogUtils.java:infoOrTrace(149)) - 7b5d2d4e-3a0c-423a-91fe-23981ee7bc04:group-A29C53895826:LeaderElection19 got exception when requesting votes: {}
java.util.concurrent.ExecutionException: org.apache.ratis.thirdparty.io.grpc.StatusRuntimeException: UNAVAILABLE: io exception
	at java.util.concurrent.FutureTask.report(FutureTask.java:122)
	at java.util.concurrent.FutureTask.get(FutureTask.java:192)
	at org.apache.ratis.server.impl.LeaderElection.waitForResults(LeaderElection.java:262)
	at org.apache.ratis.server.impl.LeaderElection.askForVotes(LeaderElection.java:200)
	at org.apache.ratis.server.impl.LeaderElection.run(LeaderElection.java:130)
	at java.lang.Thread.run(Thread.java:748)
Caused by: org.apache.ratis.thirdparty.io.grpc.StatusRuntimeException: UNAVAILABLE: io exception
	at org.apache.ratis.thirdparty.io.grpc.stub.ClientCalls.toStatusRuntimeException(ClientCalls.java:233)
	at org.apache.ratis.thirdparty.io.grpc.stub.ClientCalls.getUnchecked(ClientCalls.java:214)
	at org.apache.ratis.thirdparty.io.grpc.stub.ClientCalls.blockingUnaryCall(ClientCalls.java:139)
	at org.apache.ratis.proto.grpc.RaftServerProtocolServiceGrpc$RaftServerProtocolServiceBlockingStub.requestVote(RaftServerProtocolServiceGrpc.java:265)
	at org.apache.ratis.grpc.server.GrpcServerProtocolClient.requestVote(GrpcServerProtocolClient.java:83)
	at org.apache.ratis.grpc.server.GrpcService.requestVote(GrpcService.java:195)
	at org.apache.ratis.server.impl.LeaderElection.lambda$submitRequests$1(LeaderElection.java:237)
	at java.util.concurrent.FutureTask.run(FutureTask.java:266)
	at java.util.concurrent.Executors$RunnableAdapter.call(Executors.java:511)
	at java.util.concurrent.FutureTask.run(FutureTask.java:266)
	at java.util.concurrent.ThreadPoolExecutor.runWorker(ThreadPoolExecutor.java:1149)
	at java.util.concurrent.ThreadPoolExecutor$Worker.run(ThreadPoolExecutor.java:624)
	... 1 more
Caused by: org.apache.ratis.thirdparty.io.netty.channel.AbstractChannel$AnnotatedConnectException: Connection refused: /192.168.36.99:45374
	at sun.nio.ch.SocketChannelImpl.checkConnect(Native Method)
	at sun.nio.ch.SocketChannelImpl.finishConnect(SocketChannelImpl.java:717)
	at org.apache.ratis.thirdparty.io.netty.channel.socket.nio.NioSocketChannel.doFinishConnect(NioSocketChannel.java:327)
	at org.apache.ratis.thirdparty.io.netty.channel.nio.AbstractNioChannel$AbstractNioUnsafe.finishConnect(AbstractNioChannel.java:340)
	at org.apache.ratis.thirdparty.io.netty.channel.nio.NioEventLoop.processSelectedKey(NioEventLoop.java:632)
	at org.apache.ratis.thirdparty.io.netty.channel.nio.NioEventLoop.processSelectedKeysOptimized(NioEventLoop.java:579)
	at org.apache.ratis.thirdparty.io.netty.channel.nio.NioEventLoop.processSelectedKeys(NioEventLoop.java:496)
	at org.apache.ratis.thirdparty.io.netty.channel.nio.NioEventLoop.run(NioEventLoop.java:458)
	at org.apache.ratis.thirdparty.io.netty.util.concurrent.SingleThreadEventExecutor$5.run(SingleThreadEventExecutor.java:897)
	at org.apache.ratis.thirdparty.io.netty.util.concurrent.FastThreadLocalRunnable.run(FastThreadLocalRunnable.java:30)
	... 1 more
Caused by: java.net.ConnectException: Connection refused
	... 11 more
2019-08-20 15:01:57,054 [aa186f79-d556-4a33-825f-255f36f4ca35:group-A29C53895826:LeaderElection21] INFO  impl.LeaderElection (LeaderElection.java:logAndReturn(56)) - aa186f79-d556-4a33-825f-255f36f4ca35:group-A29C53895826:LeaderElection21: Election REJECTED; received 1 response(s) [aa186f79-d556-4a33-825f-255f36f4ca35<-7b5d2d4e-3a0c-423a-91fe-23981ee7bc04#0:FAIL-t3] and 1 exception(s); aa186f79-d556-4a33-825f-255f36f4ca35:t3, leader=null, voted=aa186f79-d556-4a33-825f-255f36f4ca35, raftlog=aa186f79-d556-4a33-825f-255f36f4ca35-SegmentedRaftLog:OPENED:c-1,f-1,i0, conf=-1: [7b5d2d4e-3a0c-423a-91fe-23981ee7bc04:192.168.36.99:44676, c6990e1c-bb7c-4cd7-a65c-0e47d5f09a21:192.168.36.99:45374, aa186f79-d556-4a33-825f-255f36f4ca35:192.168.36.99:42046], old=null
2019-08-20 15:01:57,061 [7b5d2d4e-3a0c-423a-91fe-23981ee7bc04:group-A29C53895826:LeaderElection19] INFO  impl.LeaderElection (LeaderElection.java:logAndReturn(56)) - 7b5d2d4e-3a0c-423a-91fe-23981ee7bc04:group-A29C53895826:LeaderElection19: Election REJECTED; received 1 response(s) [7b5d2d4e-3a0c-423a-91fe-23981ee7bc04<-aa186f79-d556-4a33-825f-255f36f4ca35#0:FAIL-t3] and 1 exception(s); 7b5d2d4e-3a0c-423a-91fe-23981ee7bc04:t3, leader=null, voted=7b5d2d4e-3a0c-423a-91fe-23981ee7bc04, raftlog=7b5d2d4e-3a0c-423a-91fe-23981ee7bc04-SegmentedRaftLog:OPENED:c-1,f-1,i0, conf=-1: [7b5d2d4e-3a0c-423a-91fe-23981ee7bc04:192.168.36.99:44676, c6990e1c-bb7c-4cd7-a65c-0e47d5f09a21:192.168.36.99:45374, aa186f79-d556-4a33-825f-255f36f4ca35:192.168.36.99:42046], old=null
2019-08-20 15:01:57,062 [aa186f79-d556-4a33-825f-255f36f4ca35:group-A29C53895826:LeaderElection21] INFO  impl.LeaderElection (LogUtils.java:infoOrTrace(149)) -   Exception 0: {}
java.util.concurrent.ExecutionException: org.apache.ratis.thirdparty.io.grpc.StatusRuntimeException: UNAVAILABLE: io exception
	at java.util.concurrent.FutureTask.report(FutureTask.java:122)
	at java.util.concurrent.FutureTask.get(FutureTask.java:192)
	at org.apache.ratis.server.impl.LeaderElection.waitForResults(LeaderElection.java:262)
	at org.apache.ratis.server.impl.LeaderElection.askForVotes(LeaderElection.java:200)
	at org.apache.ratis.server.impl.LeaderElection.run(LeaderElection.java:130)
	at java.lang.Thread.run(Thread.java:748)
Caused by: org.apache.ratis.thirdparty.io.grpc.StatusRuntimeException: UNAVAILABLE: io exception
	at org.apache.ratis.thirdparty.io.grpc.stub.ClientCalls.toStatusRuntimeException(ClientCalls.java:233)
	at org.apache.ratis.thirdparty.io.grpc.stub.ClientCalls.getUnchecked(ClientCalls.java:214)
	at org.apache.ratis.thirdparty.io.grpc.stub.ClientCalls.blockingUnaryCall(ClientCalls.java:139)
	at org.apache.ratis.proto.grpc.RaftServerProtocolServiceGrpc$RaftServerProtocolServiceBlockingStub.requestVote(RaftServerProtocolServiceGrpc.java:265)
	at org.apache.ratis.grpc.server.GrpcServerProtocolClient.requestVote(GrpcServerProtocolClient.java:83)
	at org.apache.ratis.grpc.server.GrpcService.requestVote(GrpcService.java:195)
	at org.apache.ratis.server.impl.LeaderElection.lambda$submitRequests$1(LeaderElection.java:237)
	at java.util.concurrent.FutureTask.run(FutureTask.java:266)
	at java.util.concurrent.Executors$RunnableAdapter.call(Executors.java:511)
	at java.util.concurrent.FutureTask.run(FutureTask.java:266)
	at java.util.concurrent.ThreadPoolExecutor.runWorker(ThreadPoolExecutor.java:1149)
	at java.util.concurrent.ThreadPoolExecutor$Worker.run(ThreadPoolExecutor.java:624)
	... 1 more
Caused by: org.apache.ratis.thirdparty.io.netty.channel.AbstractChannel$AnnotatedConnectException: Connection refused: /192.168.36.99:45374
	at sun.nio.ch.SocketChannelImpl.checkConnect(Native Method)
	at sun.nio.ch.SocketChannelImpl.finishConnect(SocketChannelImpl.java:717)
	at org.apache.ratis.thirdparty.io.netty.channel.socket.nio.NioSocketChannel.doFinishConnect(NioSocketChannel.java:327)
	at org.apache.ratis.thirdparty.io.netty.channel.nio.AbstractNioChannel$AbstractNioUnsafe.finishConnect(AbstractNioChannel.java:340)
	at org.apache.ratis.thirdparty.io.netty.channel.nio.NioEventLoop.processSelectedKey(NioEventLoop.java:632)
	at org.apache.ratis.thirdparty.io.netty.channel.nio.NioEventLoop.processSelectedKeysOptimized(NioEventLoop.java:579)
	at org.apache.ratis.thirdparty.io.netty.channel.nio.NioEventLoop.processSelectedKeys(NioEventLoop.java:496)
	at org.apache.ratis.thirdparty.io.netty.channel.nio.NioEventLoop.run(NioEventLoop.java:458)
	at org.apache.ratis.thirdparty.io.netty.util.concurrent.SingleThreadEventExecutor$5.run(SingleThreadEventExecutor.java:897)
	at org.apache.ratis.thirdparty.io.netty.util.concurrent.FastThreadLocalRunnable.run(FastThreadLocalRunnable.java:30)
	... 1 more
Caused by: java.net.ConnectException: Connection refused
	... 11 more
2019-08-20 15:01:57,063 [5c1b434c-ba47-498c-8220-e38c999f4a86:group-9F811BC720EA:LeaderElection14] INFO  impl.LeaderElection (LeaderElection.java:logAndReturn(56)) - 5c1b434c-ba47-498c-8220-e38c999f4a86:group-9F811BC720EA:LeaderElection14: Election REJECTED; received 1 response(s) [5c1b434c-ba47-498c-8220-e38c999f4a86<-fa299a0c-a57e-46eb-8783-406416da04aa#0:FAIL-t1] and 1 exception(s); 5c1b434c-ba47-498c-8220-e38c999f4a86:t1, leader=null, voted=5c1b434c-ba47-498c-8220-e38c999f4a86, raftlog=5c1b434c-ba47-498c-8220-e38c999f4a86-SegmentedRaftLog:OPENED:c-1,f-1,i0, conf=-1: [fa299a0c-a57e-46eb-8783-406416da04aa:192.168.36.99:45177, 5c1b434c-ba47-498c-8220-e38c999f4a86:192.168.36.99:37317, fa81d38e-d0a7-48ac-a146-d2415b539be8:192.168.36.99:38233], old=null
2019-08-20 15:01:57,062 [7b5d2d4e-3a0c-423a-91fe-23981ee7bc04:group-A29C53895826:LeaderElection19] INFO  impl.LeaderElection (LogUtils.java:infoOrTrace(149)) -   Exception 0: {}
java.util.concurrent.ExecutionException: org.apache.ratis.thirdparty.io.grpc.StatusRuntimeException: UNAVAILABLE: io exception
	at java.util.concurrent.FutureTask.report(FutureTask.java:122)
	at java.util.concurrent.FutureTask.get(FutureTask.java:192)
	at org.apache.ratis.server.impl.LeaderElection.waitForResults(LeaderElection.java:262)
	at org.apache.ratis.server.impl.LeaderElection.askForVotes(LeaderElection.java:200)
	at org.apache.ratis.server.impl.LeaderElection.run(LeaderElection.java:130)
	at java.lang.Thread.run(Thread.java:748)
Caused by: org.apache.ratis.thirdparty.io.grpc.StatusRuntimeException: UNAVAILABLE: io exception
	at org.apache.ratis.thirdparty.io.grpc.stub.ClientCalls.toStatusRuntimeException(ClientCalls.java:233)
	at org.apache.ratis.thirdparty.io.grpc.stub.ClientCalls.getUnchecked(ClientCalls.java:214)
	at org.apache.ratis.thirdparty.io.grpc.stub.ClientCalls.blockingUnaryCall(ClientCalls.java:139)
	at org.apache.ratis.proto.grpc.RaftServerProtocolServiceGrpc$RaftServerProtocolServiceBlockingStub.requestVote(RaftServerProtocolServiceGrpc.java:265)
	at org.apache.ratis.grpc.server.GrpcServerProtocolClient.requestVote(GrpcServerProtocolClient.java:83)
	at org.apache.ratis.grpc.server.GrpcService.requestVote(GrpcService.java:195)
	at org.apache.ratis.server.impl.LeaderElection.lambda$submitRequests$1(LeaderElection.java:237)
	at java.util.concurrent.FutureTask.run(FutureTask.java:266)
	at java.util.concurrent.Executors$RunnableAdapter.call(Executors.java:511)
	at java.util.concurrent.FutureTask.run(FutureTask.java:266)
	at java.util.concurrent.ThreadPoolExecutor.runWorker(ThreadPoolExecutor.java:1149)
	at java.util.concurrent.ThreadPoolExecutor$Worker.run(ThreadPoolExecutor.java:624)
	... 1 more
Caused by: org.apache.ratis.thirdparty.io.netty.channel.AbstractChannel$AnnotatedConnectException: Connection refused: /192.168.36.99:45374
	at sun.nio.ch.SocketChannelImpl.checkConnect(Native Method)
	at sun.nio.ch.SocketChannelImpl.finishConnect(SocketChannelImpl.java:717)
	at org.apache.ratis.thirdparty.io.netty.channel.socket.nio.NioSocketChannel.doFinishConnect(NioSocketChannel.java:327)
	at org.apache.ratis.thirdparty.io.netty.channel.nio.AbstractNioChannel$AbstractNioUnsafe.finishConnect(AbstractNioChannel.java:340)
	at org.apache.ratis.thirdparty.io.netty.channel.nio.NioEventLoop.processSelectedKey(NioEventLoop.java:632)
	at org.apache.ratis.thirdparty.io.netty.channel.nio.NioEventLoop.processSelectedKeysOptimized(NioEventLoop.java:579)
	at org.apache.ratis.thirdparty.io.netty.channel.nio.NioEventLoop.processSelectedKeys(NioEventLoop.java:496)
	at org.apache.ratis.thirdparty.io.netty.channel.nio.NioEventLoop.run(NioEventLoop.java:458)
	at org.apache.ratis.thirdparty.io.netty.util.concurrent.SingleThreadEventExecutor$5.run(SingleThreadEventExecutor.java:897)
	at org.apache.ratis.thirdparty.io.netty.util.concurrent.FastThreadLocalRunnable.run(FastThreadLocalRunnable.java:30)
	... 1 more
Caused by: java.net.ConnectException: Connection refused
	... 11 more
2019-08-20 15:01:57,067 [5c1b434c-ba47-498c-8220-e38c999f4a86:group-5AB8322B29FA:LeaderElection16] INFO  impl.LeaderElection (LeaderElection.java:logAndReturn(56)) - 5c1b434c-ba47-498c-8220-e38c999f4a86:group-5AB8322B29FA:LeaderElection16: Election REJECTED; received 1 response(s) [5c1b434c-ba47-498c-8220-e38c999f4a86<-fa299a0c-a57e-46eb-8783-406416da04aa#0:FAIL-t1] and 1 exception(s); 5c1b434c-ba47-498c-8220-e38c999f4a86:t1, leader=null, voted=5c1b434c-ba47-498c-8220-e38c999f4a86, raftlog=5c1b434c-ba47-498c-8220-e38c999f4a86-SegmentedRaftLog:OPENED:c-1,f-1,i0, conf=-1: [fa299a0c-a57e-46eb-8783-406416da04aa:192.168.36.99:45177, 5c1b434c-ba47-498c-8220-e38c999f4a86:192.168.36.99:37317, fa81d38e-d0a7-48ac-a146-d2415b539be8:192.168.36.99:38233], old=null
2019-08-20 15:01:57,065 [aa186f79-d556-4a33-825f-255f36f4ca35:group-A29C53895826:LeaderElection21] INFO  impl.RaftServerImpl (RaftServerImpl.java:setRole(171)) - aa186f79-d556-4a33-825f-255f36f4ca35:group-A29C53895826 changes role from CANDIDATE to FOLLOWER at term 3 for DISCOVERED_A_NEW_TERM
2019-08-20 15:01:57,065 [5c1b434c-ba47-498c-8220-e38c999f4a86:group-9F811BC720EA:LeaderElection14] INFO  impl.LeaderElection (LogUtils.java:infoOrTrace(149)) -   Exception 0: {}
java.util.concurrent.ExecutionException: org.apache.ratis.thirdparty.io.grpc.StatusRuntimeException: UNAVAILABLE: io exception
	at java.util.concurrent.FutureTask.report(FutureTask.java:122)
	at java.util.concurrent.FutureTask.get(FutureTask.java:192)
	at org.apache.ratis.server.impl.LeaderElection.waitForResults(LeaderElection.java:262)
	at org.apache.ratis.server.impl.LeaderElection.askForVotes(LeaderElection.java:200)
	at org.apache.ratis.server.impl.LeaderElection.run(LeaderElection.java:130)
	at java.lang.Thread.run(Thread.java:748)
Caused by: org.apache.ratis.thirdparty.io.grpc.StatusRuntimeException: UNAVAILABLE: io exception
	at org.apache.ratis.thirdparty.io.grpc.stub.ClientCalls.toStatusRuntimeException(ClientCalls.java:233)
	at org.apache.ratis.thirdparty.io.grpc.stub.ClientCalls.getUnchecked(ClientCalls.java:214)
	at org.apache.ratis.thirdparty.io.grpc.stub.ClientCalls.blockingUnaryCall(ClientCalls.java:139)
	at org.apache.ratis.proto.grpc.RaftServerProtocolServiceGrpc$RaftServerProtocolServiceBlockingStub.requestVote(RaftServerProtocolServiceGrpc.java:265)
	at org.apache.ratis.grpc.server.GrpcServerProtocolClient.requestVote(GrpcServerProtocolClient.java:83)
	at org.apache.ratis.grpc.server.GrpcService.requestVote(GrpcService.java:195)
	at org.apache.ratis.server.impl.LeaderElection.lambda$submitRequests$1(LeaderElection.java:237)
	at java.util.concurrent.FutureTask.run(FutureTask.java:266)
	at java.util.concurrent.Executors$RunnableAdapter.call(Executors.java:511)
	at java.util.concurrent.FutureTask.run(FutureTask.java:266)
	at java.util.concurrent.ThreadPoolExecutor.runWorker(ThreadPoolExecutor.java:1149)
	at java.util.concurrent.ThreadPoolExecutor$Worker.run(ThreadPoolExecutor.java:624)
	... 1 more
Caused by: org.apache.ratis.thirdparty.io.netty.channel.AbstractChannel$AnnotatedConnectException: Connection refused: /192.168.36.99:38233
	at sun.nio.ch.SocketChannelImpl.checkConnect(Native Method)
	at sun.nio.ch.SocketChannelImpl.finishConnect(SocketChannelImpl.java:717)
	at org.apache.ratis.thirdparty.io.netty.channel.socket.nio.NioSocketChannel.doFinishConnect(NioSocketChannel.java:327)
	at org.apache.ratis.thirdparty.io.netty.channel.nio.AbstractNioChannel$AbstractNioUnsafe.finishConnect(AbstractNioChannel.java:340)
	at org.apache.ratis.thirdparty.io.netty.channel.nio.NioEventLoop.processSelectedKey(NioEventLoop.java:632)
	at org.apache.ratis.thirdparty.io.netty.channel.nio.NioEventLoop.processSelectedKeysOptimized(NioEventLoop.java:579)
	at org.apache.ratis.thirdparty.io.netty.channel.nio.NioEventLoop.processSelectedKeys(NioEventLoop.java:496)
	at org.apache.ratis.thirdparty.io.netty.channel.nio.NioEventLoop.run(NioEventLoop.java:458)
	at org.apache.ratis.thirdparty.io.netty.util.concurrent.SingleThreadEventExecutor$5.run(SingleThreadEventExecutor.java:897)
	at org.apache.ratis.thirdparty.io.netty.util.concurrent.FastThreadLocalRunnable.run(FastThreadLocalRunnable.java:30)
	... 1 more
Caused by: java.net.ConnectException: Connection refused
	... 11 more
2019-08-20 15:01:57,071 [aa186f79-d556-4a33-825f-255f36f4ca35:group-A29C53895826:LeaderElection21] INFO  impl.RoleInfo (RoleInfo.java:shutdownLeaderElection(134)) - aa186f79-d556-4a33-825f-255f36f4ca35: shutdown LeaderElection
2019-08-20 15:01:57,070 [5c1b434c-ba47-498c-8220-e38c999f4a86:group-5AB8322B29FA:LeaderElection16] INFO  impl.LeaderElection (LogUtils.java:infoOrTrace(149)) -   Exception 0: {}
java.util.concurrent.ExecutionException: org.apache.ratis.thirdparty.io.grpc.StatusRuntimeException: UNAVAILABLE: io exception
	at java.util.concurrent.FutureTask.report(FutureTask.java:122)
	at java.util.concurrent.FutureTask.get(FutureTask.java:192)
	at org.apache.ratis.server.impl.LeaderElection.waitForResults(LeaderElection.java:262)
	at org.apache.ratis.server.impl.LeaderElection.askForVotes(LeaderElection.java:200)
	at org.apache.ratis.server.impl.LeaderElection.run(LeaderElection.java:130)
	at java.lang.Thread.run(Thread.java:748)
Caused by: org.apache.ratis.thirdparty.io.grpc.StatusRuntimeException: UNAVAILABLE: io exception
	at org.apache.ratis.thirdparty.io.grpc.stub.ClientCalls.toStatusRuntimeException(ClientCalls.java:233)
	at org.apache.ratis.thirdparty.io.grpc.stub.ClientCalls.getUnchecked(ClientCalls.java:214)
	at org.apache.ratis.thirdparty.io.grpc.stub.ClientCalls.blockingUnaryCall(ClientCalls.java:139)
	at org.apache.ratis.proto.grpc.RaftServerProtocolServiceGrpc$RaftServerProtocolServiceBlockingStub.requestVote(RaftServerProtocolServiceGrpc.java:265)
	at org.apache.ratis.grpc.server.GrpcServerProtocolClient.requestVote(GrpcServerProtocolClient.java:83)
	at org.apache.ratis.grpc.server.GrpcService.requestVote(GrpcService.java:195)
	at org.apache.ratis.server.impl.LeaderElection.lambda$submitRequests$1(LeaderElection.java:237)
	at java.util.concurrent.FutureTask.run(FutureTask.java:266)
	at java.util.concurrent.Executors$RunnableAdapter.call(Executors.java:511)
	at java.util.concurrent.FutureTask.run(FutureTask.java:266)
	at java.util.concurrent.ThreadPoolExecutor.runWorker(ThreadPoolExecutor.java:1149)
	at java.util.concurrent.ThreadPoolExecutor$Worker.run(ThreadPoolExecutor.java:624)
	... 1 more
Caused by: org.apache.ratis.thirdparty.io.netty.channel.AbstractChannel$AnnotatedConnectException: Connection refused: /192.168.36.99:38233
	at sun.nio.ch.SocketChannelImpl.checkConnect(Native Method)
	at sun.nio.ch.SocketChannelImpl.finishConnect(SocketChannelImpl.java:717)
	at org.apache.ratis.thirdparty.io.netty.channel.socket.nio.NioSocketChannel.doFinishConnect(NioSocketChannel.java:327)
	at org.apache.ratis.thirdparty.io.netty.channel.nio.AbstractNioChannel$AbstractNioUnsafe.finishConnect(AbstractNioChannel.java:340)
	at org.apache.ratis.thirdparty.io.netty.channel.nio.NioEventLoop.processSelectedKey(NioEventLoop.java:632)
	at org.apache.ratis.thirdparty.io.netty.channel.nio.NioEventLoop.processSelectedKeysOptimized(NioEventLoop.java:579)
	at org.apache.ratis.thirdparty.io.netty.channel.nio.NioEventLoop.processSelectedKeys(NioEventLoop.java:496)
	at org.apache.ratis.thirdparty.io.netty.channel.nio.NioEventLoop.run(NioEventLoop.java:458)
	at org.apache.ratis.thirdparty.io.netty.util.concurrent.SingleThreadEventExecutor$5.run(SingleThreadEventExecutor.java:897)
	at org.apache.ratis.thirdparty.io.netty.util.concurrent.FastThreadLocalRunnable.run(FastThreadLocalRunnable.java:30)
	... 1 more
Caused by: java.net.ConnectException: Connection refused
	... 11 more
2019-08-20 15:01:57,067 [7b5d2d4e-3a0c-423a-91fe-23981ee7bc04:group-A29C53895826:LeaderElection19] INFO  impl.RaftServerImpl (RaftServerImpl.java:setRole(171)) - 7b5d2d4e-3a0c-423a-91fe-23981ee7bc04:group-A29C53895826 changes role from CANDIDATE to FOLLOWER at term 3 for DISCOVERED_A_NEW_TERM
2019-08-20 15:01:57,076 [5c1b434c-ba47-498c-8220-e38c999f4a86:group-5AB8322B29FA:LeaderElection16] INFO  impl.RaftServerImpl (RaftServerImpl.java:setRole(171)) - 5c1b434c-ba47-498c-8220-e38c999f4a86:group-5AB8322B29FA changes role from CANDIDATE to FOLLOWER at term 1 for DISCOVERED_A_NEW_TERM
2019-08-20 15:01:57,075 [fa299a0c-a57e-46eb-8783-406416da04aa:group-9F811BC720EA:LeaderElection13] INFO  impl.LeaderElection (LeaderElection.java:logAndReturn(56)) - fa299a0c-a57e-46eb-8783-406416da04aa:group-9F811BC720EA:LeaderElection13: Election REJECTED; received 1 response(s) [fa299a0c-a57e-46eb-8783-406416da04aa<-5c1b434c-ba47-498c-8220-e38c999f4a86#0:FAIL-t1] and 1 exception(s); fa299a0c-a57e-46eb-8783-406416da04aa:t1, leader=null, voted=fa299a0c-a57e-46eb-8783-406416da04aa, raftlog=fa299a0c-a57e-46eb-8783-406416da04aa-SegmentedRaftLog:OPENED:c-1,f-1,i0, conf=-1: [fa299a0c-a57e-46eb-8783-406416da04aa:192.168.36.99:45177, 5c1b434c-ba47-498c-8220-e38c999f4a86:192.168.36.99:37317, fa81d38e-d0a7-48ac-a146-d2415b539be8:192.168.36.99:38233], old=null
2019-08-20 15:01:57,074 [aa186f79-d556-4a33-825f-255f36f4ca35:group-A29C53895826:LeaderElection21] INFO  impl.RoleInfo (RoleInfo.java:updateAndGet(143)) - aa186f79-d556-4a33-825f-255f36f4ca35: start FollowerState
2019-08-20 15:01:57,073 [5c1b434c-ba47-498c-8220-e38c999f4a86:group-9F811BC720EA:LeaderElection14] INFO  impl.RaftServerImpl (RaftServerImpl.java:setRole(171)) - 5c1b434c-ba47-498c-8220-e38c999f4a86:group-9F811BC720EA changes role from CANDIDATE to FOLLOWER at term 1 for DISCOVERED_A_NEW_TERM
2019-08-20 15:01:57,076 [fa299a0c-a57e-46eb-8783-406416da04aa:group-9F811BC720EA:LeaderElection13] INFO  impl.LeaderElection (LogUtils.java:infoOrTrace(149)) -   Exception 0: {}
java.util.concurrent.ExecutionException: org.apache.ratis.thirdparty.io.grpc.StatusRuntimeException: UNAVAILABLE: io exception
	at java.util.concurrent.FutureTask.report(FutureTask.java:122)
	at java.util.concurrent.FutureTask.get(FutureTask.java:192)
	at org.apache.ratis.server.impl.LeaderElection.waitForResults(LeaderElection.java:262)
	at org.apache.ratis.server.impl.LeaderElection.askForVotes(LeaderElection.java:200)
	at org.apache.ratis.server.impl.LeaderElection.run(LeaderElection.java:130)
	at java.lang.Thread.run(Thread.java:748)
Caused by: org.apache.ratis.thirdparty.io.grpc.StatusRuntimeException: UNAVAILABLE: io exception
	at org.apache.ratis.thirdparty.io.grpc.stub.ClientCalls.toStatusRuntimeException(ClientCalls.java:233)
	at org.apache.ratis.thirdparty.io.grpc.stub.ClientCalls.getUnchecked(ClientCalls.java:214)
	at org.apache.ratis.thirdparty.io.grpc.stub.ClientCalls.blockingUnaryCall(ClientCalls.java:139)
	at org.apache.ratis.proto.grpc.RaftServerProtocolServiceGrpc$RaftServerProtocolServiceBlockingStub.requestVote(RaftServerProtocolServiceGrpc.java:265)
	at org.apache.ratis.grpc.server.GrpcServerProtocolClient.requestVote(GrpcServerProtocolClient.java:83)
	at org.apache.ratis.grpc.server.GrpcService.requestVote(GrpcService.java:195)
	at org.apache.ratis.server.impl.LeaderElection.lambda$submitRequests$1(LeaderElection.java:237)
	at java.util.concurrent.FutureTask.run(FutureTask.java:266)
	at java.util.concurrent.Executors$RunnableAdapter.call(Executors.java:511)
	at java.util.concurrent.FutureTask.run(FutureTask.java:266)
	at java.util.concurrent.ThreadPoolExecutor.runWorker(ThreadPoolExecutor.java:1149)
	at java.util.concurrent.ThreadPoolExecutor$Worker.run(ThreadPoolExecutor.java:624)
	... 1 more
Caused by: org.apache.ratis.thirdparty.io.netty.channel.AbstractChannel$AnnotatedConnectException: Connection refused: /192.168.36.99:38233
	at sun.nio.ch.SocketChannelImpl.checkConnect(Native Method)
	at sun.nio.ch.SocketChannelImpl.finishConnect(SocketChannelImpl.java:717)
	at org.apache.ratis.thirdparty.io.netty.channel.socket.nio.NioSocketChannel.doFinishConnect(NioSocketChannel.java:327)
	at org.apache.ratis.thirdparty.io.netty.channel.nio.AbstractNioChannel$AbstractNioUnsafe.finishConnect(AbstractNioChannel.java:340)
	at org.apache.ratis.thirdparty.io.netty.channel.nio.NioEventLoop.processSelectedKey(NioEventLoop.java:632)
	at org.apache.ratis.thirdparty.io.netty.channel.nio.NioEventLoop.processSelectedKeysOptimized(NioEventLoop.java:579)
	at org.apache.ratis.thirdparty.io.netty.channel.nio.NioEventLoop.processSelectedKeys(NioEventLoop.java:496)
	at org.apache.ratis.thirdparty.io.netty.channel.nio.NioEventLoop.run(NioEventLoop.java:458)
	at org.apache.ratis.thirdparty.io.netty.util.concurrent.SingleThreadEventExecutor$5.run(SingleThreadEventExecutor.java:897)
	at org.apache.ratis.thirdparty.io.netty.util.concurrent.FastThreadLocalRunnable.run(FastThreadLocalRunnable.java:30)
	... 1 more
Caused by: java.net.ConnectException: Connection refused
	... 11 more
2019-08-20 15:01:57,076 [5c1b434c-ba47-498c-8220-e38c999f4a86:group-5AB8322B29FA:LeaderElection16] INFO  impl.RoleInfo (RoleInfo.java:shutdownLeaderElection(134)) - 5c1b434c-ba47-498c-8220-e38c999f4a86: shutdown LeaderElection
2019-08-20 15:01:57,076 [fa299a0c-a57e-46eb-8783-406416da04aa:group-5AB8322B29FA:LeaderElection17] INFO  impl.LeaderElection (LeaderElection.java:logAndReturn(56)) - fa299a0c-a57e-46eb-8783-406416da04aa:group-5AB8322B29FA:LeaderElection17: Election REJECTED; received 1 response(s) [fa299a0c-a57e-46eb-8783-406416da04aa<-5c1b434c-ba47-498c-8220-e38c999f4a86#0:FAIL-t1] and 1 exception(s); fa299a0c-a57e-46eb-8783-406416da04aa:t1, leader=null, voted=fa299a0c-a57e-46eb-8783-406416da04aa, raftlog=fa299a0c-a57e-46eb-8783-406416da04aa-SegmentedRaftLog:OPENED:c-1,f-1,i0, conf=-1: [fa299a0c-a57e-46eb-8783-406416da04aa:192.168.36.99:45177, 5c1b434c-ba47-498c-8220-e38c999f4a86:192.168.36.99:37317, fa81d38e-d0a7-48ac-a146-d2415b539be8:192.168.36.99:38233], old=null
2019-08-20 15:01:57,076 [7b5d2d4e-3a0c-423a-91fe-23981ee7bc04:group-A29C53895826:LeaderElection19] INFO  impl.RoleInfo (RoleInfo.java:shutdownLeaderElection(134)) - 7b5d2d4e-3a0c-423a-91fe-23981ee7bc04: shutdown LeaderElection
2019-08-20 15:01:57,080 [fa299a0c-a57e-46eb-8783-406416da04aa:group-5AB8322B29FA:LeaderElection17] INFO  impl.LeaderElection (LogUtils.java:infoOrTrace(149)) -   Exception 0: {}
java.util.concurrent.ExecutionException: org.apache.ratis.thirdparty.io.grpc.StatusRuntimeException: UNAVAILABLE: io exception
	at java.util.concurrent.FutureTask.report(FutureTask.java:122)
	at java.util.concurrent.FutureTask.get(FutureTask.java:192)
	at org.apache.ratis.server.impl.LeaderElection.waitForResults(LeaderElection.java:262)
	at org.apache.ratis.server.impl.LeaderElection.askForVotes(LeaderElection.java:200)
	at org.apache.ratis.server.impl.LeaderElection.run(LeaderElection.java:130)
	at java.lang.Thread.run(Thread.java:748)
Caused by: org.apache.ratis.thirdparty.io.grpc.StatusRuntimeException: UNAVAILABLE: io exception
	at org.apache.ratis.thirdparty.io.grpc.stub.ClientCalls.toStatusRuntimeException(ClientCalls.java:233)
	at org.apache.ratis.thirdparty.io.grpc.stub.ClientCalls.getUnchecked(ClientCalls.java:214)
	at org.apache.ratis.thirdparty.io.grpc.stub.ClientCalls.blockingUnaryCall(ClientCalls.java:139)
	at org.apache.ratis.proto.grpc.RaftServerProtocolServiceGrpc$RaftServerProtocolServiceBlockingStub.requestVote(RaftServerProtocolServiceGrpc.java:265)
	at org.apache.ratis.grpc.server.GrpcServerProtocolClient.requestVote(GrpcServerProtocolClient.java:83)
	at org.apache.ratis.grpc.server.GrpcService.requestVote(GrpcService.java:195)
	at org.apache.ratis.server.impl.LeaderElection.lambda$submitRequests$1(LeaderElection.java:237)
	at java.util.concurrent.FutureTask.run(FutureTask.java:266)
	at java.util.concurrent.Executors$RunnableAdapter.call(Executors.java:511)
	at java.util.concurrent.FutureTask.run(FutureTask.java:266)
	at java.util.concurrent.ThreadPoolExecutor.runWorker(ThreadPoolExecutor.java:1149)
	at java.util.concurrent.ThreadPoolExecutor$Worker.run(ThreadPoolExecutor.java:624)
	... 1 more
Caused by: org.apache.ratis.thirdparty.io.netty.channel.AbstractChannel$AnnotatedConnectException: Connection refused: /192.168.36.99:38233
	at sun.nio.ch.SocketChannelImpl.checkConnect(Native Method)
	at sun.nio.ch.SocketChannelImpl.finishConnect(SocketChannelImpl.java:717)
	at org.apache.ratis.thirdparty.io.netty.channel.socket.nio.NioSocketChannel.doFinishConnect(NioSocketChannel.java:327)
	at org.apache.ratis.thirdparty.io.netty.channel.nio.AbstractNioChannel$AbstractNioUnsafe.finishConnect(AbstractNioChannel.java:340)
	at org.apache.ratis.thirdparty.io.netty.channel.nio.NioEventLoop.processSelectedKey(NioEventLoop.java:632)
	at org.apache.ratis.thirdparty.io.netty.channel.nio.NioEventLoop.processSelectedKeysOptimized(NioEventLoop.java:579)
	at org.apache.ratis.thirdparty.io.netty.channel.nio.NioEventLoop.processSelectedKeys(NioEventLoop.java:496)
	at org.apache.ratis.thirdparty.io.netty.channel.nio.NioEventLoop.run(NioEventLoop.java:458)
	at org.apache.ratis.thirdparty.io.netty.util.concurrent.SingleThreadEventExecutor$5.run(SingleThreadEventExecutor.java:897)
	at org.apache.ratis.thirdparty.io.netty.util.concurrent.FastThreadLocalRunnable.run(FastThreadLocalRunnable.java:30)
	... 1 more
Caused by: java.net.ConnectException: Connection refused
	... 11 more
2019-08-20 15:01:57,080 [5c1b434c-ba47-498c-8220-e38c999f4a86:group-5AB8322B29FA:LeaderElection16] INFO  impl.RoleInfo (RoleInfo.java:updateAndGet(143)) - 5c1b434c-ba47-498c-8220-e38c999f4a86: start FollowerState
2019-08-20 15:01:57,078 [fa299a0c-a57e-46eb-8783-406416da04aa:group-9F811BC720EA:LeaderElection13] INFO  impl.RaftServerImpl (RaftServerImpl.java:setRole(171)) - fa299a0c-a57e-46eb-8783-406416da04aa:group-9F811BC720EA changes role from CANDIDATE to FOLLOWER at term 1 for DISCOVERED_A_NEW_TERM
2019-08-20 15:01:57,078 [5c1b434c-ba47-498c-8220-e38c999f4a86:group-9F811BC720EA:LeaderElection14] INFO  impl.RoleInfo (RoleInfo.java:shutdownLeaderElection(134)) - 5c1b434c-ba47-498c-8220-e38c999f4a86: shutdown LeaderElection
2019-08-20 15:01:57,082 [fa299a0c-a57e-46eb-8783-406416da04aa:group-9F811BC720EA:LeaderElection13] INFO  impl.RoleInfo (RoleInfo.java:shutdownLeaderElection(134)) - fa299a0c-a57e-46eb-8783-406416da04aa: shutdown LeaderElection
2019-08-20 15:01:57,083 [5c1b434c-ba47-498c-8220-e38c999f4a86:group-9F811BC720EA:LeaderElection14] INFO  impl.RoleInfo (RoleInfo.java:updateAndGet(143)) - 5c1b434c-ba47-498c-8220-e38c999f4a86: start FollowerState
2019-08-20 15:01:57,081 [fa299a0c-a57e-46eb-8783-406416da04aa:group-5AB8322B29FA:LeaderElection17] INFO  impl.RaftServerImpl (RaftServerImpl.java:setRole(171)) - fa299a0c-a57e-46eb-8783-406416da04aa:group-5AB8322B29FA changes role from CANDIDATE to FOLLOWER at term 1 for DISCOVERED_A_NEW_TERM
2019-08-20 15:01:57,081 [7b5d2d4e-3a0c-423a-91fe-23981ee7bc04:group-A29C53895826:LeaderElection19] INFO  impl.RoleInfo (RoleInfo.java:updateAndGet(143)) - 7b5d2d4e-3a0c-423a-91fe-23981ee7bc04: start FollowerState
2019-08-20 15:01:57,083 [fa299a0c-a57e-46eb-8783-406416da04aa:group-5AB8322B29FA:LeaderElection17] INFO  impl.RoleInfo (RoleInfo.java:shutdownLeaderElection(134)) - fa299a0c-a57e-46eb-8783-406416da04aa: shutdown LeaderElection
2019-08-20 15:01:57,083 [fa299a0c-a57e-46eb-8783-406416da04aa:group-9F811BC720EA:LeaderElection13] INFO  impl.RoleInfo (RoleInfo.java:updateAndGet(143)) - fa299a0c-a57e-46eb-8783-406416da04aa: start FollowerState
2019-08-20 15:01:57,085 [fa299a0c-a57e-46eb-8783-406416da04aa:group-5AB8322B29FA:LeaderElection17] INFO  impl.RoleInfo (RoleInfo.java:updateAndGet(143)) - fa299a0c-a57e-46eb-8783-406416da04aa: start FollowerState
2019-08-20 15:01:57,196 [Datanode State Machine Thread - 0] INFO  statemachine.DatanodeStateMachine (DatanodeStateMachine.java:lambda$startDaemon$0(350)) - Ozone container server started.
2019-08-20 15:01:57,382 | INFO  | SCMAudit | user=jenkins1000 | ip=192.168.36.99 | op=SEND_HEARTBEAT {datanodeUUID=aa186f79-d556-4a33-825f-255f36f4ca35, command=[]} | ret=SUCCESS |  
2019-08-20 15:01:57,509 | INFO  | SCMAudit | user=jenkins1000 | ip=192.168.36.99 | op=SEND_HEARTBEAT {datanodeUUID=fa299a0c-a57e-46eb-8783-406416da04aa, command=[]} | ret=SUCCESS |  
2019-08-20 15:01:57,670 [Datanode State Machine Thread - 0] INFO  statemachine.DatanodeStateMachine (DatanodeStateMachine.java:lambda$startDaemon$0(350)) - Ozone container server started.
2019-08-20 15:01:58,382 | INFO  | SCMAudit | user=jenkins1000 | ip=192.168.36.99 | op=SEND_HEARTBEAT {datanodeUUID=aa186f79-d556-4a33-825f-255f36f4ca35, command=[]} | ret=SUCCESS |  
2019-08-20 15:01:58,509 | INFO  | SCMAudit | user=jenkins1000 | ip=192.168.36.99 | op=SEND_HEARTBEAT {datanodeUUID=fa299a0c-a57e-46eb-8783-406416da04aa, command=[]} | ret=SUCCESS |  
2019-08-20 15:01:59,383 | INFO  | SCMAudit | user=jenkins1000 | ip=192.168.36.99 | op=SEND_HEARTBEAT {datanodeUUID=aa186f79-d556-4a33-825f-255f36f4ca35, command=[]} | ret=SUCCESS |  
2019-08-20 15:01:59,510 | INFO  | SCMAudit | user=jenkins1000 | ip=192.168.36.99 | op=SEND_HEARTBEAT {datanodeUUID=fa299a0c-a57e-46eb-8783-406416da04aa, command=[]} | ret=SUCCESS |  
2019-08-20 15:02:00,383 | INFO  | SCMAudit | user=jenkins1000 | ip=192.168.36.99 | op=SEND_HEARTBEAT {datanodeUUID=aa186f79-d556-4a33-825f-255f36f4ca35, command=[]} | ret=SUCCESS |  
2019-08-20 15:02:00,511 | INFO  | SCMAudit | user=jenkins1000 | ip=192.168.36.99 | op=SEND_HEARTBEAT {datanodeUUID=fa299a0c-a57e-46eb-8783-406416da04aa, command=[]} | ret=SUCCESS |  
2019-08-20 15:02:01,384 | INFO  | SCMAudit | user=jenkins1000 | ip=192.168.36.99 | op=SEND_HEARTBEAT {datanodeUUID=aa186f79-d556-4a33-825f-255f36f4ca35, command=[]} | ret=SUCCESS |  
2019-08-20 15:02:01,511 | INFO  | SCMAudit | user=jenkins1000 | ip=192.168.36.99 | op=SEND_HEARTBEAT {datanodeUUID=fa299a0c-a57e-46eb-8783-406416da04aa, command=[]} | ret=SUCCESS |  
2019-08-20 15:02:01,808 [main] INFO  ozoneimpl.OzoneContainer (OzoneContainer.java:stop(199)) - Attempting to stop container services.
2019-08-20 15:02:01,808 [ForkJoinPool.commonPool-worker-1] INFO  ozoneimpl.OzoneContainer (OzoneContainer.java:stop(199)) - Attempting to stop container services.
2019-08-20 15:02:01,808 [main] INFO  impl.RaftServerProxy (RaftServerProxy.java:lambda$close$4(314)) - 7b5d2d4e-3a0c-423a-91fe-23981ee7bc04: close
2019-08-20 15:02:01,808 [ForkJoinPool.commonPool-worker-1] INFO  impl.RaftServerProxy (RaftServerProxy.java:lambda$close$4(314)) - 5c1b434c-ba47-498c-8220-e38c999f4a86: close
2019-08-20 15:02:01,809 [main] INFO  impl.RaftServerImpl (RaftServerImpl.java:lambda$shutdown$3(245)) - 7b5d2d4e-3a0c-423a-91fe-23981ee7bc04: shutdown group-A29C53895826
2019-08-20 15:02:01,809 [ForkJoinPool.commonPool-worker-1] INFO  impl.RaftServerImpl (RaftServerImpl.java:lambda$shutdown$3(245)) - 5c1b434c-ba47-498c-8220-e38c999f4a86: shutdown group-5AB8322B29FA
2019-08-20 15:02:01,809 [main] INFO  util.JmxRegister (JmxRegister.java:unregister(73)) - Successfully un-registered JMX Bean with object name Ratis:service=RaftServer,group=group-A29C53895826,id=7b5d2d4e-3a0c-423a-91fe-23981ee7bc04
2019-08-20 15:02:01,809 [ForkJoinPool.commonPool-worker-1] INFO  util.JmxRegister (JmxRegister.java:unregister(73)) - Successfully un-registered JMX Bean with object name Ratis:service=RaftServer,group=group-5AB8322B29FA,id=5c1b434c-ba47-498c-8220-e38c999f4a86
2019-08-20 15:02:01,809 [main] INFO  impl.RoleInfo (RoleInfo.java:shutdownFollowerState(121)) - 7b5d2d4e-3a0c-423a-91fe-23981ee7bc04: shutdown FollowerState
2019-08-20 15:02:01,810 [ForkJoinPool.commonPool-worker-1] INFO  impl.RoleInfo (RoleInfo.java:shutdownFollowerState(121)) - 5c1b434c-ba47-498c-8220-e38c999f4a86: shutdown FollowerState
2019-08-20 15:02:01,810 [Thread-329] INFO  impl.FollowerState (FollowerState.java:run(114)) - 7b5d2d4e-3a0c-423a-91fe-23981ee7bc04: FollowerState was interrupted: java.lang.InterruptedException: sleep interrupted
2019-08-20 15:02:01,810 [Thread-328] INFO  impl.FollowerState (FollowerState.java:run(114)) - 5c1b434c-ba47-498c-8220-e38c999f4a86: FollowerState was interrupted: java.lang.InterruptedException: sleep interrupted
2019-08-20 15:02:01,810 [ForkJoinPool.commonPool-worker-1] INFO  impl.StateMachineUpdater (StateMachineUpdater.java:stopAndJoin(115)) - StateMachineUpdater:5c1b434c-ba47-498c-8220-e38c999f4a86:group-5AB8322B29FA: set stopIndex = -1
2019-08-20 15:02:01,810 [main] INFO  impl.StateMachineUpdater (StateMachineUpdater.java:stopAndJoin(115)) - StateMachineUpdater:7b5d2d4e-3a0c-423a-91fe-23981ee7bc04:group-A29C53895826: set stopIndex = -1
2019-08-20 15:02:01,813 [ForkJoinPool.commonPool-worker-1] INFO  impl.RaftServerImpl (ServerState.java:close(394)) - 5c1b434c-ba47-498c-8220-e38c999f4a86:group-5AB8322B29FA closes. The last applied log index is -1
2019-08-20 15:02:01,813 [main] INFO  impl.RaftServerImpl (ServerState.java:close(394)) - 7b5d2d4e-3a0c-423a-91fe-23981ee7bc04:group-A29C53895826 closes. The last applied log index is -1
2019-08-20 15:02:01,814 [5c1b434c-ba47-498c-8220-e38c999f4a86-SegmentedRaftLogWorker:Storage Directory /workdir/hadoop-ozone/integration-test/target/test-dir/MiniOzoneClusterImpl-6c4688aa-211a-4a21-81fa-acbd3405623e/datanode-2/data/ratis/3f8abeac-1b8e-4813-a476-5ab8322b29fa] INFO  segmented.SegmentedRaftLogWorker (SegmentedRaftLogWorker.java:run(313)) - 5c1b434c-ba47-498c-8220-e38c999f4a86-SegmentedRaftLogWorker:Storage Directory /workdir/hadoop-ozone/integration-test/target/test-dir/MiniOzoneClusterImpl-6c4688aa-211a-4a21-81fa-acbd3405623e/datanode-2/data/ratis/3f8abeac-1b8e-4813-a476-5ab8322b29fa was interrupted, exiting. There are 0 tasks remaining in the queue.
2019-08-20 15:02:01,814 [7b5d2d4e-3a0c-423a-91fe-23981ee7bc04-SegmentedRaftLogWorker:Storage Directory /workdir/hadoop-ozone/integration-test/target/test-dir/MiniOzoneClusterImpl-6c4688aa-211a-4a21-81fa-acbd3405623e/datanode-5/data/ratis/334b1b4a-8f40-476a-b4ba-a29c53895826] INFO  segmented.SegmentedRaftLogWorker (SegmentedRaftLogWorker.java:run(313)) - 7b5d2d4e-3a0c-423a-91fe-23981ee7bc04-SegmentedRaftLogWorker:Storage Directory /workdir/hadoop-ozone/integration-test/target/test-dir/MiniOzoneClusterImpl-6c4688aa-211a-4a21-81fa-acbd3405623e/datanode-5/data/ratis/334b1b4a-8f40-476a-b4ba-a29c53895826 was interrupted, exiting. There are 0 tasks remaining in the queue.
2019-08-20 15:02:01,814 [ForkJoinPool.commonPool-worker-1] INFO  segmented.SegmentedRaftLogWorker (SegmentedRaftLogWorker.java:close(228)) - 5c1b434c-ba47-498c-8220-e38c999f4a86-SegmentedRaftLogWorker:Storage Directory /workdir/hadoop-ozone/integration-test/target/test-dir/MiniOzoneClusterImpl-6c4688aa-211a-4a21-81fa-acbd3405623e/datanode-2/data/ratis/3f8abeac-1b8e-4813-a476-5ab8322b29fa close()
2019-08-20 15:02:01,818 [main] INFO  segmented.SegmentedRaftLogWorker (SegmentedRaftLogWorker.java:close(228)) - 7b5d2d4e-3a0c-423a-91fe-23981ee7bc04-SegmentedRaftLogWorker:Storage Directory /workdir/hadoop-ozone/integration-test/target/test-dir/MiniOzoneClusterImpl-6c4688aa-211a-4a21-81fa-acbd3405623e/datanode-5/data/ratis/334b1b4a-8f40-476a-b4ba-a29c53895826 close()
2019-08-20 15:02:01,821 [ForkJoinPool.commonPool-worker-1] INFO  impl.RaftServerImpl (RaftServerImpl.java:lambda$shutdown$3(245)) - 5c1b434c-ba47-498c-8220-e38c999f4a86: shutdown group-9F811BC720EA
2019-08-20 15:02:01,823 [main] INFO  impl.RaftServerImpl (RaftServerImpl.java:lambda$shutdown$3(245)) - 7b5d2d4e-3a0c-423a-91fe-23981ee7bc04: shutdown group-AE7DAD7F015A
2019-08-20 15:02:01,823 [ForkJoinPool.commonPool-worker-1] INFO  util.JmxRegister (JmxRegister.java:unregister(73)) - Successfully un-registered JMX Bean with object name Ratis:service=RaftServer,group=group-9F811BC720EA,id=5c1b434c-ba47-498c-8220-e38c999f4a86
2019-08-20 15:02:01,824 [main] INFO  util.JmxRegister (JmxRegister.java:unregister(73)) - Successfully un-registered JMX Bean with object name Ratis:service=RaftServer,group=group-AE7DAD7F015A,id=7b5d2d4e-3a0c-423a-91fe-23981ee7bc04
2019-08-20 15:02:01,824 [ForkJoinPool.commonPool-worker-1] INFO  impl.RoleInfo (RoleInfo.java:shutdownFollowerState(121)) - 5c1b434c-ba47-498c-8220-e38c999f4a86: shutdown FollowerState
2019-08-20 15:02:01,824 [main] INFO  impl.RoleInfo (RoleInfo.java:shutdownLeaderState(104)) - 7b5d2d4e-3a0c-423a-91fe-23981ee7bc04: shutdown LeaderState
2019-08-20 15:02:01,824 [Thread-330] INFO  impl.FollowerState (FollowerState.java:run(114)) - 5c1b434c-ba47-498c-8220-e38c999f4a86: FollowerState was interrupted: java.lang.InterruptedException: sleep interrupted
2019-08-20 15:02:01,824 [ForkJoinPool.commonPool-worker-1] INFO  impl.StateMachineUpdater (StateMachineUpdater.java:stopAndJoin(115)) - StateMachineUpdater:5c1b434c-ba47-498c-8220-e38c999f4a86:group-9F811BC720EA: set stopIndex = -1
2019-08-20 15:02:01,826 [main] INFO  impl.PendingRequests (PendingRequests.java:sendNotLeaderResponses(202)) - 7b5d2d4e-3a0c-423a-91fe-23981ee7bc04-PendingRequests: sendNotLeaderResponses
2019-08-20 15:02:01,826 [ForkJoinPool.commonPool-worker-1] INFO  impl.RaftServerImpl (ServerState.java:close(394)) - 5c1b434c-ba47-498c-8220-e38c999f4a86:group-9F811BC720EA closes. The last applied log index is -1
2019-08-20 15:02:01,826 [main] INFO  impl.StateMachineUpdater (StateMachineUpdater.java:stopAndJoin(115)) - StateMachineUpdater:7b5d2d4e-3a0c-423a-91fe-23981ee7bc04:group-AE7DAD7F015A: set stopIndex = 0
2019-08-20 15:02:01,826 [5c1b434c-ba47-498c-8220-e38c999f4a86-SegmentedRaftLogWorker:Storage Directory /workdir/hadoop-ozone/integration-test/target/test-dir/MiniOzoneClusterImpl-6c4688aa-211a-4a21-81fa-acbd3405623e/datanode-2/data/ratis/757ef69d-95e8-4b31-92a8-9f811bc720ea] INFO  segmented.SegmentedRaftLogWorker (SegmentedRaftLogWorker.java:run(313)) - 5c1b434c-ba47-498c-8220-e38c999f4a86-SegmentedRaftLogWorker:Storage Directory /workdir/hadoop-ozone/integration-test/target/test-dir/MiniOzoneClusterImpl-6c4688aa-211a-4a21-81fa-acbd3405623e/datanode-2/data/ratis/757ef69d-95e8-4b31-92a8-9f811bc720ea was interrupted, exiting. There are 0 tasks remaining in the queue.
2019-08-20 15:02:01,827 [main] INFO  impl.RaftServerImpl (ServerState.java:close(394)) - 7b5d2d4e-3a0c-423a-91fe-23981ee7bc04:group-AE7DAD7F015A closes. The last applied log index is 0
2019-08-20 15:02:01,827 [ForkJoinPool.commonPool-worker-1] INFO  segmented.SegmentedRaftLogWorker (SegmentedRaftLogWorker.java:close(228)) - 5c1b434c-ba47-498c-8220-e38c999f4a86-SegmentedRaftLogWorker:Storage Directory /workdir/hadoop-ozone/integration-test/target/test-dir/MiniOzoneClusterImpl-6c4688aa-211a-4a21-81fa-acbd3405623e/datanode-2/data/ratis/757ef69d-95e8-4b31-92a8-9f811bc720ea close()
2019-08-20 15:02:01,827 [7b5d2d4e-3a0c-423a-91fe-23981ee7bc04-SegmentedRaftLogWorker:Storage Directory /workdir/hadoop-ozone/integration-test/target/test-dir/MiniOzoneClusterImpl-6c4688aa-211a-4a21-81fa-acbd3405623e/datanode-5/data/ratis/ee709497-3018-4ce9-9a42-ae7dad7f015a] INFO  segmented.SegmentedRaftLogWorker (SegmentedRaftLogWorker.java:run(313)) - 7b5d2d4e-3a0c-423a-91fe-23981ee7bc04-SegmentedRaftLogWorker:Storage Directory /workdir/hadoop-ozone/integration-test/target/test-dir/MiniOzoneClusterImpl-6c4688aa-211a-4a21-81fa-acbd3405623e/datanode-5/data/ratis/ee709497-3018-4ce9-9a42-ae7dad7f015a was interrupted, exiting. There are 0 tasks remaining in the queue.
2019-08-20 15:02:01,829 [ForkJoinPool.commonPool-worker-1] INFO  impl.RaftServerImpl (RaftServerImpl.java:lambda$shutdown$3(245)) - 5c1b434c-ba47-498c-8220-e38c999f4a86: shutdown group-AEFAF402F31E
2019-08-20 15:02:01,830 [main] INFO  segmented.SegmentedRaftLogWorker (SegmentedRaftLogWorker.java:close(228)) - 7b5d2d4e-3a0c-423a-91fe-23981ee7bc04-SegmentedRaftLogWorker:Storage Directory /workdir/hadoop-ozone/integration-test/target/test-dir/MiniOzoneClusterImpl-6c4688aa-211a-4a21-81fa-acbd3405623e/datanode-5/data/ratis/ee709497-3018-4ce9-9a42-ae7dad7f015a close()
2019-08-20 15:02:01,830 [ForkJoinPool.commonPool-worker-1] INFO  util.JmxRegister (JmxRegister.java:unregister(73)) - Successfully un-registered JMX Bean with object name Ratis:service=RaftServer,group=group-AEFAF402F31E,id=5c1b434c-ba47-498c-8220-e38c999f4a86
2019-08-20 15:02:01,832 [main] INFO  server.GrpcService (GrpcService.java:closeImpl(155)) - 7b5d2d4e-3a0c-423a-91fe-23981ee7bc04: shutdown server with port 44676 now
2019-08-20 15:02:01,832 [ForkJoinPool.commonPool-worker-1] INFO  impl.RoleInfo (RoleInfo.java:shutdownLeaderState(104)) - 5c1b434c-ba47-498c-8220-e38c999f4a86: shutdown LeaderState
2019-08-20 15:02:01,833 [ForkJoinPool.commonPool-worker-1] INFO  impl.PendingRequests (PendingRequests.java:sendNotLeaderResponses(202)) - 5c1b434c-ba47-498c-8220-e38c999f4a86-PendingRequests: sendNotLeaderResponses
2019-08-20 15:02:01,834 [ForkJoinPool.commonPool-worker-1] INFO  impl.StateMachineUpdater (StateMachineUpdater.java:stopAndJoin(115)) - StateMachineUpdater:5c1b434c-ba47-498c-8220-e38c999f4a86:group-AEFAF402F31E: set stopIndex = 0
2019-08-20 15:02:01,835 [ForkJoinPool.commonPool-worker-1] INFO  impl.RaftServerImpl (ServerState.java:close(394)) - 5c1b434c-ba47-498c-8220-e38c999f4a86:group-AEFAF402F31E closes. The last applied log index is 0
2019-08-20 15:02:01,835 [5c1b434c-ba47-498c-8220-e38c999f4a86-SegmentedRaftLogWorker:Storage Directory /workdir/hadoop-ozone/integration-test/target/test-dir/MiniOzoneClusterImpl-6c4688aa-211a-4a21-81fa-acbd3405623e/datanode-2/data/ratis/25e72020-0617-4287-b0ce-aefaf402f31e] INFO  segmented.SegmentedRaftLogWorker (SegmentedRaftLogWorker.java:run(313)) - 5c1b434c-ba47-498c-8220-e38c999f4a86-SegmentedRaftLogWorker:Storage Directory /workdir/hadoop-ozone/integration-test/target/test-dir/MiniOzoneClusterImpl-6c4688aa-211a-4a21-81fa-acbd3405623e/datanode-2/data/ratis/25e72020-0617-4287-b0ce-aefaf402f31e was interrupted, exiting. There are 0 tasks remaining in the queue.
2019-08-20 15:02:01,836 [ForkJoinPool.commonPool-worker-1] INFO  segmented.SegmentedRaftLogWorker (SegmentedRaftLogWorker.java:close(228)) - 5c1b434c-ba47-498c-8220-e38c999f4a86-SegmentedRaftLogWorker:Storage Directory /workdir/hadoop-ozone/integration-test/target/test-dir/MiniOzoneClusterImpl-6c4688aa-211a-4a21-81fa-acbd3405623e/datanode-2/data/ratis/25e72020-0617-4287-b0ce-aefaf402f31e close()
2019-08-20 15:02:01,838 [main] INFO  server.GrpcService (GrpcService.java:closeImpl(163)) - 7b5d2d4e-3a0c-423a-91fe-23981ee7bc04: shutdown server with port 44676 successfully
2019-08-20 15:02:01,838 [ForkJoinPool.commonPool-worker-1] INFO  server.GrpcService (GrpcService.java:closeImpl(155)) - 5c1b434c-ba47-498c-8220-e38c999f4a86: shutdown server with port 37317 now
2019-08-20 15:02:01,841 [main] INFO  utils.BackgroundService (BackgroundService.java:shutdown(148)) - Shutting down service BlockDeletingService
2019-08-20 15:02:01,841 [ForkJoinPool.commonPool-worker-1] INFO  server.GrpcService (GrpcService.java:closeImpl(163)) - 5c1b434c-ba47-498c-8220-e38c999f4a86: shutdown server with port 37317 successfully
2019-08-20 15:02:01,842 [ForkJoinPool.commonPool-worker-1] INFO  utils.BackgroundService (BackgroundService.java:shutdown(148)) - Shutting down service BlockDeletingService
2019-08-20 15:02:01,911 [refreshUsed-/workdir/hadoop-ozone/integration-test/target/test-dir/MiniOzoneClusterImpl-6c4688aa-211a-4a21-81fa-acbd3405623e/datanode-2/data/containers] WARN  fs.CachingGetSpaceUsed (CachingGetSpaceUsed.java:run(183)) - Thread Interrupted waiting to refresh disk information: sleep interrupted
2019-08-20 15:02:01,911 [refreshUsed-/workdir/hadoop-ozone/integration-test/target/test-dir/MiniOzoneClusterImpl-6c4688aa-211a-4a21-81fa-acbd3405623e/datanode-5/data/containers] WARN  fs.CachingGetSpaceUsed (CachingGetSpaceUsed.java:run(183)) - Thread Interrupted waiting to refresh disk information: sleep interrupted
2019-08-20 15:02:01,924 [ForkJoinPool.commonPool-worker-1] INFO  statemachine.DatanodeStateMachine (DatanodeStateMachine.java:stopDaemon(395)) - Ozone container server stopped.
2019-08-20 15:02:01,926 [ForkJoinPool.commonPool-worker-1] INFO  handler.ContextHandler (ContextHandler.java:doStop(910)) - Stopped o.e.j.w.WebAppContext@56f4d11e{/,null,UNAVAILABLE}{/hddsDatanode}
2019-08-20 15:02:01,927 [ForkJoinPool.commonPool-worker-1] INFO  server.AbstractConnector (AbstractConnector.java:doStop(318)) - Stopped ServerConnector@3c064db9{HTTP/1.1,[http/1.1]}{0.0.0.0:0}
2019-08-20 15:02:01,928 [ForkJoinPool.commonPool-worker-1] INFO  handler.ContextHandler (ContextHandler.java:doStop(910)) - Stopped o.e.j.s.ServletContextHandler@7f77139c{/static,jar:file:/home/user/.m2/repository/org/apache/hadoop/hadoop-hdds-container-service/0.5.0-SNAPSHOT/hadoop-hdds-container-service-0.5.0-SNAPSHOT.jar!/webapps/static,UNAVAILABLE}
2019-08-20 15:02:01,929 [ForkJoinPool.commonPool-worker-1] INFO  handler.ContextHandler (ContextHandler.java:doStop(910)) - Stopped o.e.j.s.ServletContextHandler@33564832{/logs,file:///workdir/hadoop-ozone/integration-test/target/log,UNAVAILABLE}
2019-08-20 15:02:01,929 [ForkJoinPool.commonPool-worker-1] INFO  datanode.ObjectStoreHandler (ObjectStoreHandler.java:close(155)) - Closing ObjectStoreHandler.
2019-08-20 15:02:01,929 [ForkJoinPool.commonPool-worker-1] INFO  ozone.HddsDatanodeService (HddsDatanodeService.java:stop(451)) - Stopped plug-in org.apache.hadoop.ozone.web.OzoneHddsDatanodeService@d77a30e
2019-08-20 15:02:01,933 [main] INFO  statemachine.DatanodeStateMachine (DatanodeStateMachine.java:stopDaemon(395)) - Ozone container server stopped.
2019-08-20 15:02:01,936 [main] INFO  handler.ContextHandler (ContextHandler.java:doStop(910)) - Stopped o.e.j.w.WebAppContext@29fc1544{/,null,UNAVAILABLE}{/hddsDatanode}
2019-08-20 15:02:01,936 [main] INFO  server.AbstractConnector (AbstractConnector.java:doStop(318)) - Stopped ServerConnector@695153cb{HTTP/1.1,[http/1.1]}{0.0.0.0:0}
2019-08-20 15:02:01,938 [main] INFO  handler.ContextHandler (ContextHandler.java:doStop(910)) - Stopped o.e.j.s.ServletContextHandler@58743f10{/static,jar:file:/home/user/.m2/repository/org/apache/hadoop/hadoop-hdds-container-service/0.5.0-SNAPSHOT/hadoop-hdds-container-service-0.5.0-SNAPSHOT.jar!/webapps/static,UNAVAILABLE}
2019-08-20 15:02:01,939 [main] INFO  handler.ContextHandler (ContextHandler.java:doStop(910)) - Stopped o.e.j.s.ServletContextHandler@118b9cf{/logs,file:///workdir/hadoop-ozone/integration-test/target/log,UNAVAILABLE}
2019-08-20 15:02:01,942 [main] INFO  datanode.ObjectStoreHandler (ObjectStoreHandler.java:close(155)) - Closing ObjectStoreHandler.
2019-08-20 15:02:01,943 [main] INFO  ozone.HddsDatanodeService (HddsDatanodeService.java:stop(451)) - Stopped plug-in org.apache.hadoop.ozone.web.OzoneHddsDatanodeService@42709c84
2019-08-20 15:02:02,098 [Thread-327] INFO  impl.FollowerState (FollowerState.java:run(106)) - aa186f79-d556-4a33-825f-255f36f4ca35:group-A29C53895826 changes to CANDIDATE, lastRpcTime:5023, electionTimeout:5020ms
2019-08-20 15:02:02,098 [Thread-327] INFO  impl.RoleInfo (RoleInfo.java:shutdownFollowerState(121)) - aa186f79-d556-4a33-825f-255f36f4ca35: shutdown FollowerState
2019-08-20 15:02:02,098 [Thread-327] INFO  impl.RaftServerImpl (RaftServerImpl.java:setRole(171)) - aa186f79-d556-4a33-825f-255f36f4ca35:group-A29C53895826 changes role from FOLLOWER to CANDIDATE at term 3 for changeToCandidate
2019-08-20 15:02:02,098 [Thread-327] INFO  impl.RoleInfo (RoleInfo.java:updateAndGet(143)) - aa186f79-d556-4a33-825f-255f36f4ca35: start LeaderElection
2019-08-20 15:02:02,118 [Thread-332] INFO  impl.FollowerState (FollowerState.java:run(106)) - fa299a0c-a57e-46eb-8783-406416da04aa:group-5AB8322B29FA changes to CANDIDATE, lastRpcTime:5033, electionTimeout:5029ms
2019-08-20 15:02:02,118 [Thread-332] INFO  impl.RoleInfo (RoleInfo.java:shutdownFollowerState(121)) - fa299a0c-a57e-46eb-8783-406416da04aa: shutdown FollowerState
2019-08-20 15:02:02,118 [Thread-332] INFO  impl.RaftServerImpl (RaftServerImpl.java:setRole(171)) - fa299a0c-a57e-46eb-8783-406416da04aa:group-5AB8322B29FA changes role from FOLLOWER to CANDIDATE at term 1 for changeToCandidate
2019-08-20 15:02:02,119 [Thread-332] INFO  impl.RoleInfo (RoleInfo.java:updateAndGet(143)) - fa299a0c-a57e-46eb-8783-406416da04aa: start LeaderElection
2019-08-20 15:02:02,197 [Thread-331] INFO  impl.FollowerState (FollowerState.java:run(106)) - fa299a0c-a57e-46eb-8783-406416da04aa:group-9F811BC720EA changes to CANDIDATE, lastRpcTime:5113, electionTimeout:5108ms
2019-08-20 15:02:02,197 [Thread-331] INFO  impl.RoleInfo (RoleInfo.java:shutdownFollowerState(121)) - fa299a0c-a57e-46eb-8783-406416da04aa: shutdown FollowerState
2019-08-20 15:02:02,197 [Thread-331] INFO  impl.RaftServerImpl (RaftServerImpl.java:setRole(171)) - fa299a0c-a57e-46eb-8783-406416da04aa:group-9F811BC720EA changes role from FOLLOWER to CANDIDATE at term 1 for changeToCandidate
2019-08-20 15:02:02,197 [Thread-331] INFO  impl.RoleInfo (RoleInfo.java:updateAndGet(143)) - fa299a0c-a57e-46eb-8783-406416da04aa: start LeaderElection
2019-08-20 15:02:02,383 [Datanode State Machine Thread - 0] INFO  statemachine.DatanodeStateMachine (DatanodeStateMachine.java:lambda$startDaemon$0(350)) - Ozone container server started.
2019-08-20 15:02:02,509 [Datanode State Machine Thread - 0] INFO  statemachine.DatanodeStateMachine (DatanodeStateMachine.java:lambda$startDaemon$0(350)) - Ozone container server started.
2019-08-20 15:02:03,025 [fa299a0c-a57e-46eb-8783-406416da04aa:group-5AB8322B29FA:LeaderElection23] INFO  impl.LeaderElection (LeaderElection.java:askForVotes(181)) - fa299a0c-a57e-46eb-8783-406416da04aa:group-5AB8322B29FA:LeaderElection23: begin an election at term 2 for -1: [fa299a0c-a57e-46eb-8783-406416da04aa:192.168.36.99:45177, 5c1b434c-ba47-498c-8220-e38c999f4a86:192.168.36.99:37317, fa81d38e-d0a7-48ac-a146-d2415b539be8:192.168.36.99:38233], old=null
2019-08-20 15:02:03,025 [fa299a0c-a57e-46eb-8783-406416da04aa:group-9F811BC720EA:LeaderElection24] INFO  impl.LeaderElection (LeaderElection.java:askForVotes(181)) - fa299a0c-a57e-46eb-8783-406416da04aa:group-9F811BC720EA:LeaderElection24: begin an election at term 2 for -1: [fa299a0c-a57e-46eb-8783-406416da04aa:192.168.36.99:45177, 5c1b434c-ba47-498c-8220-e38c999f4a86:192.168.36.99:37317, fa81d38e-d0a7-48ac-a146-d2415b539be8:192.168.36.99:38233], old=null
2019-08-20 15:02:03,025 [aa186f79-d556-4a33-825f-255f36f4ca35:group-A29C53895826:LeaderElection22] INFO  impl.LeaderElection (LeaderElection.java:askForVotes(181)) - aa186f79-d556-4a33-825f-255f36f4ca35:group-A29C53895826:LeaderElection22: begin an election at term 4 for -1: [7b5d2d4e-3a0c-423a-91fe-23981ee7bc04:192.168.36.99:44676, c6990e1c-bb7c-4cd7-a65c-0e47d5f09a21:192.168.36.99:45374, aa186f79-d556-4a33-825f-255f36f4ca35:192.168.36.99:42046], old=null
2019-08-20 15:02:03,027 [fa299a0c-a57e-46eb-8783-406416da04aa:group-9F811BC720EA:LeaderElection24] INFO  impl.LeaderElection (LogUtils.java:infoOrTrace(149)) - fa299a0c-a57e-46eb-8783-406416da04aa:group-9F811BC720EA:LeaderElection24 got exception when requesting votes: {}
java.util.concurrent.ExecutionException: org.apache.ratis.thirdparty.io.grpc.StatusRuntimeException: UNAVAILABLE: io exception
	at java.util.concurrent.FutureTask.report(FutureTask.java:122)
	at java.util.concurrent.FutureTask.get(FutureTask.java:192)
	at org.apache.ratis.server.impl.LeaderElection.waitForResults(LeaderElection.java:262)
	at org.apache.ratis.server.impl.LeaderElection.askForVotes(LeaderElection.java:200)
	at org.apache.ratis.server.impl.LeaderElection.run(LeaderElection.java:130)
	at java.lang.Thread.run(Thread.java:748)
Caused by: org.apache.ratis.thirdparty.io.grpc.StatusRuntimeException: UNAVAILABLE: io exception
	at org.apache.ratis.thirdparty.io.grpc.stub.ClientCalls.toStatusRuntimeException(ClientCalls.java:233)
	at org.apache.ratis.thirdparty.io.grpc.stub.ClientCalls.getUnchecked(ClientCalls.java:214)
	at org.apache.ratis.thirdparty.io.grpc.stub.ClientCalls.blockingUnaryCall(ClientCalls.java:139)
	at org.apache.ratis.proto.grpc.RaftServerProtocolServiceGrpc$RaftServerProtocolServiceBlockingStub.requestVote(RaftServerProtocolServiceGrpc.java:265)
	at org.apache.ratis.grpc.server.GrpcServerProtocolClient.requestVote(GrpcServerProtocolClient.java:83)
	at org.apache.ratis.grpc.server.GrpcService.requestVote(GrpcService.java:195)
	at org.apache.ratis.server.impl.LeaderElection.lambda$submitRequests$1(LeaderElection.java:237)
	at java.util.concurrent.FutureTask.run(FutureTask.java:266)
	at java.util.concurrent.Executors$RunnableAdapter.call(Executors.java:511)
	at java.util.concurrent.FutureTask.run(FutureTask.java:266)
	at java.util.concurrent.ThreadPoolExecutor.runWorker(ThreadPoolExecutor.java:1149)
	at java.util.concurrent.ThreadPoolExecutor$Worker.run(ThreadPoolExecutor.java:624)
	... 1 more
Caused by: org.apache.ratis.thirdparty.io.netty.channel.AbstractChannel$AnnotatedConnectException: Connection refused: /192.168.36.99:38233
	at sun.nio.ch.SocketChannelImpl.checkConnect(Native Method)
	at sun.nio.ch.SocketChannelImpl.finishConnect(SocketChannelImpl.java:717)
	at org.apache.ratis.thirdparty.io.netty.channel.socket.nio.NioSocketChannel.doFinishConnect(NioSocketChannel.java:327)
	at org.apache.ratis.thirdparty.io.netty.channel.nio.AbstractNioChannel$AbstractNioUnsafe.finishConnect(AbstractNioChannel.java:340)
	at org.apache.ratis.thirdparty.io.netty.channel.nio.NioEventLoop.processSelectedKey(NioEventLoop.java:632)
	at org.apache.ratis.thirdparty.io.netty.channel.nio.NioEventLoop.processSelectedKeysOptimized(NioEventLoop.java:579)
	at org.apache.ratis.thirdparty.io.netty.channel.nio.NioEventLoop.processSelectedKeys(NioEventLoop.java:496)
	at org.apache.ratis.thirdparty.io.netty.channel.nio.NioEventLoop.run(NioEventLoop.java:458)
	at org.apache.ratis.thirdparty.io.netty.util.concurrent.SingleThreadEventExecutor$5.run(SingleThreadEventExecutor.java:897)
	at org.apache.ratis.thirdparty.io.netty.util.concurrent.FastThreadLocalRunnable.run(FastThreadLocalRunnable.java:30)
	... 1 more
Caused by: java.net.ConnectException: Connection refused
	... 11 more
2019-08-20 15:02:03,029 [aa186f79-d556-4a33-825f-255f36f4ca35:group-A29C53895826:LeaderElection22] INFO  impl.LeaderElection (LogUtils.java:infoOrTrace(149)) - aa186f79-d556-4a33-825f-255f36f4ca35:group-A29C53895826:LeaderElection22 got exception when requesting votes: {}
java.util.concurrent.ExecutionException: org.apache.ratis.thirdparty.io.grpc.StatusRuntimeException: UNAVAILABLE: io exception
	at java.util.concurrent.FutureTask.report(FutureTask.java:122)
	at java.util.concurrent.FutureTask.get(FutureTask.java:192)
	at org.apache.ratis.server.impl.LeaderElection.waitForResults(LeaderElection.java:262)
	at org.apache.ratis.server.impl.LeaderElection.askForVotes(LeaderElection.java:200)
	at org.apache.ratis.server.impl.LeaderElection.run(LeaderElection.java:130)
	at java.lang.Thread.run(Thread.java:748)
Caused by: org.apache.ratis.thirdparty.io.grpc.StatusRuntimeException: UNAVAILABLE: io exception
	at org.apache.ratis.thirdparty.io.grpc.stub.ClientCalls.toStatusRuntimeException(ClientCalls.java:233)
	at org.apache.ratis.thirdparty.io.grpc.stub.ClientCalls.getUnchecked(ClientCalls.java:214)
	at org.apache.ratis.thirdparty.io.grpc.stub.ClientCalls.blockingUnaryCall(ClientCalls.java:139)
	at org.apache.ratis.proto.grpc.RaftServerProtocolServiceGrpc$RaftServerProtocolServiceBlockingStub.requestVote(RaftServerProtocolServiceGrpc.java:265)
	at org.apache.ratis.grpc.server.GrpcServerProtocolClient.requestVote(GrpcServerProtocolClient.java:83)
	at org.apache.ratis.grpc.server.GrpcService.requestVote(GrpcService.java:195)
	at org.apache.ratis.server.impl.LeaderElection.lambda$submitRequests$1(LeaderElection.java:237)
	at java.util.concurrent.FutureTask.run(FutureTask.java:266)
	at java.util.concurrent.Executors$RunnableAdapter.call(Executors.java:511)
	at java.util.concurrent.FutureTask.run(FutureTask.java:266)
	at java.util.concurrent.ThreadPoolExecutor.runWorker(ThreadPoolExecutor.java:1149)
	at java.util.concurrent.ThreadPoolExecutor$Worker.run(ThreadPoolExecutor.java:624)
	... 1 more
Caused by: org.apache.ratis.thirdparty.io.netty.channel.AbstractChannel$AnnotatedConnectException: Connection refused: /192.168.36.99:45374
	at sun.nio.ch.SocketChannelImpl.checkConnect(Native Method)
	at sun.nio.ch.SocketChannelImpl.finishConnect(SocketChannelImpl.java:717)
	at org.apache.ratis.thirdparty.io.netty.channel.socket.nio.NioSocketChannel.doFinishConnect(NioSocketChannel.java:327)
	at org.apache.ratis.thirdparty.io.netty.channel.nio.AbstractNioChannel$AbstractNioUnsafe.finishConnect(AbstractNioChannel.java:340)
	at org.apache.ratis.thirdparty.io.netty.channel.nio.NioEventLoop.processSelectedKey(NioEventLoop.java:632)
	at org.apache.ratis.thirdparty.io.netty.channel.nio.NioEventLoop.processSelectedKeysOptimized(NioEventLoop.java:579)
	at org.apache.ratis.thirdparty.io.netty.channel.nio.NioEventLoop.processSelectedKeys(NioEventLoop.java:496)
	at org.apache.ratis.thirdparty.io.netty.channel.nio.NioEventLoop.run(NioEventLoop.java:458)
	at org.apache.ratis.thirdparty.io.netty.util.concurrent.SingleThreadEventExecutor$5.run(SingleThreadEventExecutor.java:897)
	at org.apache.ratis.thirdparty.io.netty.util.concurrent.FastThreadLocalRunnable.run(FastThreadLocalRunnable.java:30)
	... 1 more
Caused by: java.net.ConnectException: Connection refused
	... 11 more
2019-08-20 15:02:03,030 [fa299a0c-a57e-46eb-8783-406416da04aa:group-9F811BC720EA:LeaderElection24] INFO  impl.LeaderElection (LogUtils.java:infoOrTrace(149)) - fa299a0c-a57e-46eb-8783-406416da04aa:group-9F811BC720EA:LeaderElection24 got exception when requesting votes: {}
java.util.concurrent.ExecutionException: org.apache.ratis.thirdparty.io.grpc.StatusRuntimeException: UNAVAILABLE: io exception
	at java.util.concurrent.FutureTask.report(FutureTask.java:122)
	at java.util.concurrent.FutureTask.get(FutureTask.java:192)
	at org.apache.ratis.server.impl.LeaderElection.waitForResults(LeaderElection.java:262)
	at org.apache.ratis.server.impl.LeaderElection.askForVotes(LeaderElection.java:200)
	at org.apache.ratis.server.impl.LeaderElection.run(LeaderElection.java:130)
	at java.lang.Thread.run(Thread.java:748)
Caused by: org.apache.ratis.thirdparty.io.grpc.StatusRuntimeException: UNAVAILABLE: io exception
	at org.apache.ratis.thirdparty.io.grpc.stub.ClientCalls.toStatusRuntimeException(ClientCalls.java:233)
	at org.apache.ratis.thirdparty.io.grpc.stub.ClientCalls.getUnchecked(ClientCalls.java:214)
	at org.apache.ratis.thirdparty.io.grpc.stub.ClientCalls.blockingUnaryCall(ClientCalls.java:139)
	at org.apache.ratis.proto.grpc.RaftServerProtocolServiceGrpc$RaftServerProtocolServiceBlockingStub.requestVote(RaftServerProtocolServiceGrpc.java:265)
	at org.apache.ratis.grpc.server.GrpcServerProtocolClient.requestVote(GrpcServerProtocolClient.java:83)
	at org.apache.ratis.grpc.server.GrpcService.requestVote(GrpcService.java:195)
	at org.apache.ratis.server.impl.LeaderElection.lambda$submitRequests$1(LeaderElection.java:237)
	at java.util.concurrent.FutureTask.run(FutureTask.java:266)
	at java.util.concurrent.Executors$RunnableAdapter.call(Executors.java:511)
	at java.util.concurrent.FutureTask.run(FutureTask.java:266)
	at java.util.concurrent.ThreadPoolExecutor.runWorker(ThreadPoolExecutor.java:1149)
	at java.util.concurrent.ThreadPoolExecutor$Worker.run(ThreadPoolExecutor.java:624)
	... 1 more
Caused by: org.apache.ratis.thirdparty.io.netty.channel.AbstractChannel$AnnotatedConnectException: Connection refused: /192.168.36.99:37317
	at sun.nio.ch.SocketChannelImpl.checkConnect(Native Method)
	at sun.nio.ch.SocketChannelImpl.finishConnect(SocketChannelImpl.java:717)
	at org.apache.ratis.thirdparty.io.netty.channel.socket.nio.NioSocketChannel.doFinishConnect(NioSocketChannel.java:327)
	at org.apache.ratis.thirdparty.io.netty.channel.nio.AbstractNioChannel$AbstractNioUnsafe.finishConnect(AbstractNioChannel.java:340)
	at org.apache.ratis.thirdparty.io.netty.channel.nio.NioEventLoop.processSelectedKey(NioEventLoop.java:632)
	at org.apache.ratis.thirdparty.io.netty.channel.nio.NioEventLoop.processSelectedKeysOptimized(NioEventLoop.java:579)
	at org.apache.ratis.thirdparty.io.netty.channel.nio.NioEventLoop.processSelectedKeys(NioEventLoop.java:496)
	at org.apache.ratis.thirdparty.io.netty.channel.nio.NioEventLoop.run(NioEventLoop.java:458)
	at org.apache.ratis.thirdparty.io.netty.util.concurrent.SingleThreadEventExecutor$5.run(SingleThreadEventExecutor.java:897)
	at org.apache.ratis.thirdparty.io.netty.util.concurrent.FastThreadLocalRunnable.run(FastThreadLocalRunnable.java:30)
	... 1 more
Caused by: java.net.ConnectException: Connection refused
	... 11 more
2019-08-20 15:02:03,027 [fa299a0c-a57e-46eb-8783-406416da04aa:group-5AB8322B29FA:LeaderElection23] INFO  impl.LeaderElection (LogUtils.java:infoOrTrace(149)) - fa299a0c-a57e-46eb-8783-406416da04aa:group-5AB8322B29FA:LeaderElection23 got exception when requesting votes: {}
java.util.concurrent.ExecutionException: org.apache.ratis.thirdparty.io.grpc.StatusRuntimeException: UNAVAILABLE: io exception
	at java.util.concurrent.FutureTask.report(FutureTask.java:122)
	at java.util.concurrent.FutureTask.get(FutureTask.java:192)
	at org.apache.ratis.server.impl.LeaderElection.waitForResults(LeaderElection.java:262)
	at org.apache.ratis.server.impl.LeaderElection.askForVotes(LeaderElection.java:200)
	at org.apache.ratis.server.impl.LeaderElection.run(LeaderElection.java:130)
	at java.lang.Thread.run(Thread.java:748)
Caused by: org.apache.ratis.thirdparty.io.grpc.StatusRuntimeException: UNAVAILABLE: io exception
	at org.apache.ratis.thirdparty.io.grpc.stub.ClientCalls.toStatusRuntimeException(ClientCalls.java:233)
	at org.apache.ratis.thirdparty.io.grpc.stub.ClientCalls.getUnchecked(ClientCalls.java:214)
	at org.apache.ratis.thirdparty.io.grpc.stub.ClientCalls.blockingUnaryCall(ClientCalls.java:139)
	at org.apache.ratis.proto.grpc.RaftServerProtocolServiceGrpc$RaftServerProtocolServiceBlockingStub.requestVote(RaftServerProtocolServiceGrpc.java:265)
	at org.apache.ratis.grpc.server.GrpcServerProtocolClient.requestVote(GrpcServerProtocolClient.java:83)
	at org.apache.ratis.grpc.server.GrpcService.requestVote(GrpcService.java:195)
	at org.apache.ratis.server.impl.LeaderElection.lambda$submitRequests$1(LeaderElection.java:237)
	at java.util.concurrent.FutureTask.run(FutureTask.java:266)
	at java.util.concurrent.Executors$RunnableAdapter.call(Executors.java:511)
	at java.util.concurrent.FutureTask.run(FutureTask.java:266)
	at java.util.concurrent.ThreadPoolExecutor.runWorker(ThreadPoolExecutor.java:1149)
	at java.util.concurrent.ThreadPoolExecutor$Worker.run(ThreadPoolExecutor.java:624)
	... 1 more
Caused by: org.apache.ratis.thirdparty.io.netty.channel.AbstractChannel$AnnotatedConnectException: Connection refused: /192.168.36.99:38233
	at sun.nio.ch.SocketChannelImpl.checkConnect(Native Method)
	at sun.nio.ch.SocketChannelImpl.finishConnect(SocketChannelImpl.java:717)
	at org.apache.ratis.thirdparty.io.netty.channel.socket.nio.NioSocketChannel.doFinishConnect(NioSocketChannel.java:327)
	at org.apache.ratis.thirdparty.io.netty.channel.nio.AbstractNioChannel$AbstractNioUnsafe.finishConnect(AbstractNioChannel.java:340)
	at org.apache.ratis.thirdparty.io.netty.channel.nio.NioEventLoop.processSelectedKey(NioEventLoop.java:632)
	at org.apache.ratis.thirdparty.io.netty.channel.nio.NioEventLoop.processSelectedKeysOptimized(NioEventLoop.java:579)
	at org.apache.ratis.thirdparty.io.netty.channel.nio.NioEventLoop.processSelectedKeys(NioEventLoop.java:496)
	at org.apache.ratis.thirdparty.io.netty.channel.nio.NioEventLoop.run(NioEventLoop.java:458)
	at org.apache.ratis.thirdparty.io.netty.util.concurrent.SingleThreadEventExecutor$5.run(SingleThreadEventExecutor.java:897)
	at org.apache.ratis.thirdparty.io.netty.util.concurrent.FastThreadLocalRunnable.run(FastThreadLocalRunnable.java:30)
	... 1 more
Caused by: java.net.ConnectException: Connection refused
	... 11 more
2019-08-20 15:02:03,031 [fa299a0c-a57e-46eb-8783-406416da04aa:group-9F811BC720EA:LeaderElection24] INFO  impl.LeaderElection (LeaderElection.java:logAndReturn(56)) - fa299a0c-a57e-46eb-8783-406416da04aa:group-9F811BC720EA:LeaderElection24: Election REJECTED; received 0 response(s) [] and 2 exception(s); fa299a0c-a57e-46eb-8783-406416da04aa:t2, leader=null, voted=fa299a0c-a57e-46eb-8783-406416da04aa, raftlog=fa299a0c-a57e-46eb-8783-406416da04aa-SegmentedRaftLog:OPENED:c-1,f-1,i0, conf=-1: [fa299a0c-a57e-46eb-8783-406416da04aa:192.168.36.99:45177, 5c1b434c-ba47-498c-8220-e38c999f4a86:192.168.36.99:37317, fa81d38e-d0a7-48ac-a146-d2415b539be8:192.168.36.99:38233], old=null
2019-08-20 15:02:03,031 [aa186f79-d556-4a33-825f-255f36f4ca35:group-A29C53895826:LeaderElection22] INFO  impl.LeaderElection (LogUtils.java:infoOrTrace(149)) - aa186f79-d556-4a33-825f-255f36f4ca35:group-A29C53895826:LeaderElection22 got exception when requesting votes: {}
java.util.concurrent.ExecutionException: org.apache.ratis.thirdparty.io.grpc.StatusRuntimeException: UNAVAILABLE: io exception
	at java.util.concurrent.FutureTask.report(FutureTask.java:122)
	at java.util.concurrent.FutureTask.get(FutureTask.java:192)
	at org.apache.ratis.server.impl.LeaderElection.waitForResults(LeaderElection.java:262)
	at org.apache.ratis.server.impl.LeaderElection.askForVotes(LeaderElection.java:200)
	at org.apache.ratis.server.impl.LeaderElection.run(LeaderElection.java:130)
	at java.lang.Thread.run(Thread.java:748)
Caused by: org.apache.ratis.thirdparty.io.grpc.StatusRuntimeException: UNAVAILABLE: io exception
	at org.apache.ratis.thirdparty.io.grpc.stub.ClientCalls.toStatusRuntimeException(ClientCalls.java:233)
	at org.apache.ratis.thirdparty.io.grpc.stub.ClientCalls.getUnchecked(ClientCalls.java:214)
	at org.apache.ratis.thirdparty.io.grpc.stub.ClientCalls.blockingUnaryCall(ClientCalls.java:139)
	at org.apache.ratis.proto.grpc.RaftServerProtocolServiceGrpc$RaftServerProtocolServiceBlockingStub.requestVote(RaftServerProtocolServiceGrpc.java:265)
	at org.apache.ratis.grpc.server.GrpcServerProtocolClient.requestVote(GrpcServerProtocolClient.java:83)
	at org.apache.ratis.grpc.server.GrpcService.requestVote(GrpcService.java:195)
	at org.apache.ratis.server.impl.LeaderElection.lambda$submitRequests$1(LeaderElection.java:237)
	at java.util.concurrent.FutureTask.run(FutureTask.java:266)
	at java.util.concurrent.Executors$RunnableAdapter.call(Executors.java:511)
	at java.util.concurrent.FutureTask.run(FutureTask.java:266)
	at java.util.concurrent.ThreadPoolExecutor.runWorker(ThreadPoolExecutor.java:1149)
	at java.util.concurrent.ThreadPoolExecutor$Worker.run(ThreadPoolExecutor.java:624)
	... 1 more
Caused by: org.apache.ratis.thirdparty.io.netty.channel.AbstractChannel$AnnotatedConnectException: Connection refused: /192.168.36.99:44676
	at sun.nio.ch.SocketChannelImpl.checkConnect(Native Method)
	at sun.nio.ch.SocketChannelImpl.finishConnect(SocketChannelImpl.java:717)
	at org.apache.ratis.thirdparty.io.netty.channel.socket.nio.NioSocketChannel.doFinishConnect(NioSocketChannel.java:327)
	at org.apache.ratis.thirdparty.io.netty.channel.nio.AbstractNioChannel$AbstractNioUnsafe.finishConnect(AbstractNioChannel.java:340)
	at org.apache.ratis.thirdparty.io.netty.channel.nio.NioEventLoop.processSelectedKey(NioEventLoop.java:632)
	at org.apache.ratis.thirdparty.io.netty.channel.nio.NioEventLoop.processSelectedKeysOptimized(NioEventLoop.java:579)
	at org.apache.ratis.thirdparty.io.netty.channel.nio.NioEventLoop.processSelectedKeys(NioEventLoop.java:496)
	at org.apache.ratis.thirdparty.io.netty.channel.nio.NioEventLoop.run(NioEventLoop.java:458)
	at org.apache.ratis.thirdparty.io.netty.util.concurrent.SingleThreadEventExecutor$5.run(SingleThreadEventExecutor.java:897)
	at org.apache.ratis.thirdparty.io.netty.util.concurrent.FastThreadLocalRunnable.run(FastThreadLocalRunnable.java:30)
	... 1 more
Caused by: java.net.ConnectException: Connection refused
	... 11 more
2019-08-20 15:02:03,033 [fa299a0c-a57e-46eb-8783-406416da04aa:group-9F811BC720EA:LeaderElection24] INFO  impl.LeaderElection (LogUtils.java:infoOrTrace(149)) -   Exception 0: {}
java.util.concurrent.ExecutionException: org.apache.ratis.thirdparty.io.grpc.StatusRuntimeException: UNAVAILABLE: io exception
	at java.util.concurrent.FutureTask.report(FutureTask.java:122)
	at java.util.concurrent.FutureTask.get(FutureTask.java:192)
	at org.apache.ratis.server.impl.LeaderElection.waitForResults(LeaderElection.java:262)
	at org.apache.ratis.server.impl.LeaderElection.askForVotes(LeaderElection.java:200)
	at org.apache.ratis.server.impl.LeaderElection.run(LeaderElection.java:130)
	at java.lang.Thread.run(Thread.java:748)
Caused by: org.apache.ratis.thirdparty.io.grpc.StatusRuntimeException: UNAVAILABLE: io exception
	at org.apache.ratis.thirdparty.io.grpc.stub.ClientCalls.toStatusRuntimeException(ClientCalls.java:233)
	at org.apache.ratis.thirdparty.io.grpc.stub.ClientCalls.getUnchecked(ClientCalls.java:214)
	at org.apache.ratis.thirdparty.io.grpc.stub.ClientCalls.blockingUnaryCall(ClientCalls.java:139)
	at org.apache.ratis.proto.grpc.RaftServerProtocolServiceGrpc$RaftServerProtocolServiceBlockingStub.requestVote(RaftServerProtocolServiceGrpc.java:265)
	at org.apache.ratis.grpc.server.GrpcServerProtocolClient.requestVote(GrpcServerProtocolClient.java:83)
	at org.apache.ratis.grpc.server.GrpcService.requestVote(GrpcService.java:195)
	at org.apache.ratis.server.impl.LeaderElection.lambda$submitRequests$1(LeaderElection.java:237)
	at java.util.concurrent.FutureTask.run(FutureTask.java:266)
	at java.util.concurrent.Executors$RunnableAdapter.call(Executors.java:511)
	at java.util.concurrent.FutureTask.run(FutureTask.java:266)
	at java.util.concurrent.ThreadPoolExecutor.runWorker(ThreadPoolExecutor.java:1149)
	at java.util.concurrent.ThreadPoolExecutor$Worker.run(ThreadPoolExecutor.java:624)
	... 1 more
Caused by: org.apache.ratis.thirdparty.io.netty.channel.AbstractChannel$AnnotatedConnectException: Connection refused: /192.168.36.99:38233
	at sun.nio.ch.SocketChannelImpl.checkConnect(Native Method)
	at sun.nio.ch.SocketChannelImpl.finishConnect(SocketChannelImpl.java:717)
	at org.apache.ratis.thirdparty.io.netty.channel.socket.nio.NioSocketChannel.doFinishConnect(NioSocketChannel.java:327)
	at org.apache.ratis.thirdparty.io.netty.channel.nio.AbstractNioChannel$AbstractNioUnsafe.finishConnect(AbstractNioChannel.java:340)
	at org.apache.ratis.thirdparty.io.netty.channel.nio.NioEventLoop.processSelectedKey(NioEventLoop.java:632)
	at org.apache.ratis.thirdparty.io.netty.channel.nio.NioEventLoop.processSelectedKeysOptimized(NioEventLoop.java:579)
	at org.apache.ratis.thirdparty.io.netty.channel.nio.NioEventLoop.processSelectedKeys(NioEventLoop.java:496)
	at org.apache.ratis.thirdparty.io.netty.channel.nio.NioEventLoop.run(NioEventLoop.java:458)
	at org.apache.ratis.thirdparty.io.netty.util.concurrent.SingleThreadEventExecutor$5.run(SingleThreadEventExecutor.java:897)
	at org.apache.ratis.thirdparty.io.netty.util.concurrent.FastThreadLocalRunnable.run(FastThreadLocalRunnable.java:30)
	... 1 more
Caused by: java.net.ConnectException: Connection refused
	... 11 more
2019-08-20 15:02:03,034 [fa299a0c-a57e-46eb-8783-406416da04aa:group-9F811BC720EA:LeaderElection24] INFO  impl.LeaderElection (LogUtils.java:infoOrTrace(149)) -   Exception 1: {}
java.util.concurrent.ExecutionException: org.apache.ratis.thirdparty.io.grpc.StatusRuntimeException: UNAVAILABLE: io exception
	at java.util.concurrent.FutureTask.report(FutureTask.java:122)
	at java.util.concurrent.FutureTask.get(FutureTask.java:192)
	at org.apache.ratis.server.impl.LeaderElection.waitForResults(LeaderElection.java:262)
	at org.apache.ratis.server.impl.LeaderElection.askForVotes(LeaderElection.java:200)
	at org.apache.ratis.server.impl.LeaderElection.run(LeaderElection.java:130)
	at java.lang.Thread.run(Thread.java:748)
Caused by: org.apache.ratis.thirdparty.io.grpc.StatusRuntimeException: UNAVAILABLE: io exception
	at org.apache.ratis.thirdparty.io.grpc.stub.ClientCalls.toStatusRuntimeException(ClientCalls.java:233)
	at org.apache.ratis.thirdparty.io.grpc.stub.ClientCalls.getUnchecked(ClientCalls.java:214)
	at org.apache.ratis.thirdparty.io.grpc.stub.ClientCalls.blockingUnaryCall(ClientCalls.java:139)
	at org.apache.ratis.proto.grpc.RaftServerProtocolServiceGrpc$RaftServerProtocolServiceBlockingStub.requestVote(RaftServerProtocolServiceGrpc.java:265)
	at org.apache.ratis.grpc.server.GrpcServerProtocolClient.requestVote(GrpcServerProtocolClient.java:83)
	at org.apache.ratis.grpc.server.GrpcService.requestVote(GrpcService.java:195)
	at org.apache.ratis.server.impl.LeaderElection.lambda$submitRequests$1(LeaderElection.java:237)
	at java.util.concurrent.FutureTask.run(FutureTask.java:266)
	at java.util.concurrent.Executors$RunnableAdapter.call(Executors.java:511)
	at java.util.concurrent.FutureTask.run(FutureTask.java:266)
	at java.util.concurrent.ThreadPoolExecutor.runWorker(ThreadPoolExecutor.java:1149)
	at java.util.concurrent.ThreadPoolExecutor$Worker.run(ThreadPoolExecutor.java:624)
	... 1 more
Caused by: org.apache.ratis.thirdparty.io.netty.channel.AbstractChannel$AnnotatedConnectException: Connection refused: /192.168.36.99:37317
	at sun.nio.ch.SocketChannelImpl.checkConnect(Native Method)
	at sun.nio.ch.SocketChannelImpl.finishConnect(SocketChannelImpl.java:717)
	at org.apache.ratis.thirdparty.io.netty.channel.socket.nio.NioSocketChannel.doFinishConnect(NioSocketChannel.java:327)
	at org.apache.ratis.thirdparty.io.netty.channel.nio.AbstractNioChannel$AbstractNioUnsafe.finishConnect(AbstractNioChannel.java:340)
	at org.apache.ratis.thirdparty.io.netty.channel.nio.NioEventLoop.processSelectedKey(NioEventLoop.java:632)
	at org.apache.ratis.thirdparty.io.netty.channel.nio.NioEventLoop.processSelectedKeysOptimized(NioEventLoop.java:579)
	at org.apache.ratis.thirdparty.io.netty.channel.nio.NioEventLoop.processSelectedKeys(NioEventLoop.java:496)
	at org.apache.ratis.thirdparty.io.netty.channel.nio.NioEventLoop.run(NioEventLoop.java:458)
	at org.apache.ratis.thirdparty.io.netty.util.concurrent.SingleThreadEventExecutor$5.run(SingleThreadEventExecutor.java:897)
	at org.apache.ratis.thirdparty.io.netty.util.concurrent.FastThreadLocalRunnable.run(FastThreadLocalRunnable.java:30)
	... 1 more
Caused by: java.net.ConnectException: Connection refused
	... 11 more
2019-08-20 15:02:03,033 [fa299a0c-a57e-46eb-8783-406416da04aa:group-5AB8322B29FA:LeaderElection23] INFO  impl.LeaderElection (LogUtils.java:infoOrTrace(149)) - fa299a0c-a57e-46eb-8783-406416da04aa:group-5AB8322B29FA:LeaderElection23 got exception when requesting votes: {}
java.util.concurrent.ExecutionException: org.apache.ratis.thirdparty.io.grpc.StatusRuntimeException: UNAVAILABLE: io exception
	at java.util.concurrent.FutureTask.report(FutureTask.java:122)
	at java.util.concurrent.FutureTask.get(FutureTask.java:192)
	at org.apache.ratis.server.impl.LeaderElection.waitForResults(LeaderElection.java:262)
	at org.apache.ratis.server.impl.LeaderElection.askForVotes(LeaderElection.java:200)
	at org.apache.ratis.server.impl.LeaderElection.run(LeaderElection.java:130)
	at java.lang.Thread.run(Thread.java:748)
Caused by: org.apache.ratis.thirdparty.io.grpc.StatusRuntimeException: UNAVAILABLE: io exception
	at org.apache.ratis.thirdparty.io.grpc.stub.ClientCalls.toStatusRuntimeException(ClientCalls.java:233)
	at org.apache.ratis.thirdparty.io.grpc.stub.ClientCalls.getUnchecked(ClientCalls.java:214)
	at org.apache.ratis.thirdparty.io.grpc.stub.ClientCalls.blockingUnaryCall(ClientCalls.java:139)
	at org.apache.ratis.proto.grpc.RaftServerProtocolServiceGrpc$RaftServerProtocolServiceBlockingStub.requestVote(RaftServerProtocolServiceGrpc.java:265)
	at org.apache.ratis.grpc.server.GrpcServerProtocolClient.requestVote(GrpcServerProtocolClient.java:83)
	at org.apache.ratis.grpc.server.GrpcService.requestVote(GrpcService.java:195)
	at org.apache.ratis.server.impl.LeaderElection.lambda$submitRequests$1(LeaderElection.java:237)
	at java.util.concurrent.FutureTask.run(FutureTask.java:266)
	at java.util.concurrent.Executors$RunnableAdapter.call(Executors.java:511)
	at java.util.concurrent.FutureTask.run(FutureTask.java:266)
	at java.util.concurrent.ThreadPoolExecutor.runWorker(ThreadPoolExecutor.java:1149)
	at java.util.concurrent.ThreadPoolExecutor$Worker.run(ThreadPoolExecutor.java:624)
	... 1 more
Caused by: org.apache.ratis.thirdparty.io.netty.channel.AbstractChannel$AnnotatedConnectException: Connection refused: /192.168.36.99:37317
	at sun.nio.ch.SocketChannelImpl.checkConnect(Native Method)
	at sun.nio.ch.SocketChannelImpl.finishConnect(SocketChannelImpl.java:717)
	at org.apache.ratis.thirdparty.io.netty.channel.socket.nio.NioSocketChannel.doFinishConnect(NioSocketChannel.java:327)
	at org.apache.ratis.thirdparty.io.netty.channel.nio.AbstractNioChannel$AbstractNioUnsafe.finishConnect(AbstractNioChannel.java:340)
	at org.apache.ratis.thirdparty.io.netty.channel.nio.NioEventLoop.processSelectedKey(NioEventLoop.java:632)
	at org.apache.ratis.thirdparty.io.netty.channel.nio.NioEventLoop.processSelectedKeysOptimized(NioEventLoop.java:579)
	at org.apache.ratis.thirdparty.io.netty.channel.nio.NioEventLoop.processSelectedKeys(NioEventLoop.java:496)
	at org.apache.ratis.thirdparty.io.netty.channel.nio.NioEventLoop.run(NioEventLoop.java:458)
	at org.apache.ratis.thirdparty.io.netty.util.concurrent.SingleThreadEventExecutor$5.run(SingleThreadEventExecutor.java:897)
	at org.apache.ratis.thirdparty.io.netty.util.concurrent.FastThreadLocalRunnable.run(FastThreadLocalRunnable.java:30)
	... 1 more
Caused by: java.net.ConnectException: Connection refused
	... 11 more
2019-08-20 15:02:03,034 [fa299a0c-a57e-46eb-8783-406416da04aa:group-9F811BC720EA:LeaderElection24] INFO  impl.RaftServerImpl (RaftServerImpl.java:setRole(171)) - fa299a0c-a57e-46eb-8783-406416da04aa:group-9F811BC720EA changes role from CANDIDATE to FOLLOWER at term 2 for DISCOVERED_A_NEW_TERM
2019-08-20 15:02:03,034 [aa186f79-d556-4a33-825f-255f36f4ca35:group-A29C53895826:LeaderElection22] INFO  impl.LeaderElection (LeaderElection.java:logAndReturn(56)) - aa186f79-d556-4a33-825f-255f36f4ca35:group-A29C53895826:LeaderElection22: Election REJECTED; received 0 response(s) [] and 2 exception(s); aa186f79-d556-4a33-825f-255f36f4ca35:t4, leader=null, voted=aa186f79-d556-4a33-825f-255f36f4ca35, raftlog=aa186f79-d556-4a33-825f-255f36f4ca35-SegmentedRaftLog:OPENED:c-1,f-1,i0, conf=-1: [7b5d2d4e-3a0c-423a-91fe-23981ee7bc04:192.168.36.99:44676, c6990e1c-bb7c-4cd7-a65c-0e47d5f09a21:192.168.36.99:45374, aa186f79-d556-4a33-825f-255f36f4ca35:192.168.36.99:42046], old=null
2019-08-20 15:02:03,036 [fa299a0c-a57e-46eb-8783-406416da04aa:group-9F811BC720EA:LeaderElection24] INFO  impl.RoleInfo (RoleInfo.java:shutdownLeaderElection(134)) - fa299a0c-a57e-46eb-8783-406416da04aa: shutdown LeaderElection
2019-08-20 15:02:03,036 [fa299a0c-a57e-46eb-8783-406416da04aa:group-5AB8322B29FA:LeaderElection23] INFO  impl.LeaderElection (LeaderElection.java:logAndReturn(56)) - fa299a0c-a57e-46eb-8783-406416da04aa:group-5AB8322B29FA:LeaderElection23: Election REJECTED; received 0 response(s) [] and 2 exception(s); fa299a0c-a57e-46eb-8783-406416da04aa:t2, leader=null, voted=fa299a0c-a57e-46eb-8783-406416da04aa, raftlog=fa299a0c-a57e-46eb-8783-406416da04aa-SegmentedRaftLog:OPENED:c-1,f-1,i0, conf=-1: [fa299a0c-a57e-46eb-8783-406416da04aa:192.168.36.99:45177, 5c1b434c-ba47-498c-8220-e38c999f4a86:192.168.36.99:37317, fa81d38e-d0a7-48ac-a146-d2415b539be8:192.168.36.99:38233], old=null
2019-08-20 15:02:03,036 [fa299a0c-a57e-46eb-8783-406416da04aa:group-9F811BC720EA:LeaderElection24] INFO  impl.RoleInfo (RoleInfo.java:updateAndGet(143)) - fa299a0c-a57e-46eb-8783-406416da04aa: start FollowerState
2019-08-20 15:02:03,036 [aa186f79-d556-4a33-825f-255f36f4ca35:group-A29C53895826:LeaderElection22] INFO  impl.LeaderElection (LogUtils.java:infoOrTrace(149)) -   Exception 0: {}
java.util.concurrent.ExecutionException: org.apache.ratis.thirdparty.io.grpc.StatusRuntimeException: UNAVAILABLE: io exception
	at java.util.concurrent.FutureTask.report(FutureTask.java:122)
	at java.util.concurrent.FutureTask.get(FutureTask.java:192)
	at org.apache.ratis.server.impl.LeaderElection.waitForResults(LeaderElection.java:262)
	at org.apache.ratis.server.impl.LeaderElection.askForVotes(LeaderElection.java:200)
	at org.apache.ratis.server.impl.LeaderElection.run(LeaderElection.java:130)
	at java.lang.Thread.run(Thread.java:748)
Caused by: org.apache.ratis.thirdparty.io.grpc.StatusRuntimeException: UNAVAILABLE: io exception
	at org.apache.ratis.thirdparty.io.grpc.stub.ClientCalls.toStatusRuntimeException(ClientCalls.java:233)
	at org.apache.ratis.thirdparty.io.grpc.stub.ClientCalls.getUnchecked(ClientCalls.java:214)
	at org.apache.ratis.thirdparty.io.grpc.stub.ClientCalls.blockingUnaryCall(ClientCalls.java:139)
	at org.apache.ratis.proto.grpc.RaftServerProtocolServiceGrpc$RaftServerProtocolServiceBlockingStub.requestVote(RaftServerProtocolServiceGrpc.java:265)
	at org.apache.ratis.grpc.server.GrpcServerProtocolClient.requestVote(GrpcServerProtocolClient.java:83)
	at org.apache.ratis.grpc.server.GrpcService.requestVote(GrpcService.java:195)
	at org.apache.ratis.server.impl.LeaderElection.lambda$submitRequests$1(LeaderElection.java:237)
	at java.util.concurrent.FutureTask.run(FutureTask.java:266)
	at java.util.concurrent.Executors$RunnableAdapter.call(Executors.java:511)
	at java.util.concurrent.FutureTask.run(FutureTask.java:266)
	at java.util.concurrent.ThreadPoolExecutor.runWorker(ThreadPoolExecutor.java:1149)
	at java.util.concurrent.ThreadPoolExecutor$Worker.run(ThreadPoolExecutor.java:624)
	... 1 more
Caused by: org.apache.ratis.thirdparty.io.netty.channel.AbstractChannel$AnnotatedConnectException: Connection refused: /192.168.36.99:45374
	at sun.nio.ch.SocketChannelImpl.checkConnect(Native Method)
	at sun.nio.ch.SocketChannelImpl.finishConnect(SocketChannelImpl.java:717)
	at org.apache.ratis.thirdparty.io.netty.channel.socket.nio.NioSocketChannel.doFinishConnect(NioSocketChannel.java:327)
	at org.apache.ratis.thirdparty.io.netty.channel.nio.AbstractNioChannel$AbstractNioUnsafe.finishConnect(AbstractNioChannel.java:340)
	at org.apache.ratis.thirdparty.io.netty.channel.nio.NioEventLoop.processSelectedKey(NioEventLoop.java:632)
	at org.apache.ratis.thirdparty.io.netty.channel.nio.NioEventLoop.processSelectedKeysOptimized(NioEventLoop.java:579)
	at org.apache.ratis.thirdparty.io.netty.channel.nio.NioEventLoop.processSelectedKeys(NioEventLoop.java:496)
	at org.apache.ratis.thirdparty.io.netty.channel.nio.NioEventLoop.run(NioEventLoop.java:458)
	at org.apache.ratis.thirdparty.io.netty.util.concurrent.SingleThreadEventExecutor$5.run(SingleThreadEventExecutor.java:897)
	at org.apache.ratis.thirdparty.io.netty.util.concurrent.FastThreadLocalRunnable.run(FastThreadLocalRunnable.java:30)
	... 1 more
Caused by: java.net.ConnectException: Connection refused
	... 11 more
2019-08-20 15:02:03,036 [fa299a0c-a57e-46eb-8783-406416da04aa:group-5AB8322B29FA:LeaderElection23] INFO  impl.LeaderElection (LogUtils.java:infoOrTrace(149)) -   Exception 0: {}
java.util.concurrent.ExecutionException: org.apache.ratis.thirdparty.io.grpc.StatusRuntimeException: UNAVAILABLE: io exception
	at java.util.concurrent.FutureTask.report(FutureTask.java:122)
	at java.util.concurrent.FutureTask.get(FutureTask.java:192)
	at org.apache.ratis.server.impl.LeaderElection.waitForResults(LeaderElection.java:262)
	at org.apache.ratis.server.impl.LeaderElection.askForVotes(LeaderElection.java:200)
	at org.apache.ratis.server.impl.LeaderElection.run(LeaderElection.java:130)
	at java.lang.Thread.run(Thread.java:748)
Caused by: org.apache.ratis.thirdparty.io.grpc.StatusRuntimeException: UNAVAILABLE: io exception
	at org.apache.ratis.thirdparty.io.grpc.stub.ClientCalls.toStatusRuntimeException(ClientCalls.java:233)
	at org.apache.ratis.thirdparty.io.grpc.stub.ClientCalls.getUnchecked(ClientCalls.java:214)
	at org.apache.ratis.thirdparty.io.grpc.stub.ClientCalls.blockingUnaryCall(ClientCalls.java:139)
	at org.apache.ratis.proto.grpc.RaftServerProtocolServiceGrpc$RaftServerProtocolServiceBlockingStub.requestVote(RaftServerProtocolServiceGrpc.java:265)
	at org.apache.ratis.grpc.server.GrpcServerProtocolClient.requestVote(GrpcServerProtocolClient.java:83)
	at org.apache.ratis.grpc.server.GrpcService.requestVote(GrpcService.java:195)
	at org.apache.ratis.server.impl.LeaderElection.lambda$submitRequests$1(LeaderElection.java:237)
	at java.util.concurrent.FutureTask.run(FutureTask.java:266)
	at java.util.concurrent.Executors$RunnableAdapter.call(Executors.java:511)
	at java.util.concurrent.FutureTask.run(FutureTask.java:266)
	at java.util.concurrent.ThreadPoolExecutor.runWorker(ThreadPoolExecutor.java:1149)
	at java.util.concurrent.ThreadPoolExecutor$Worker.run(ThreadPoolExecutor.java:624)
	... 1 more
Caused by: org.apache.ratis.thirdparty.io.netty.channel.AbstractChannel$AnnotatedConnectException: Connection refused: /192.168.36.99:38233
	at sun.nio.ch.SocketChannelImpl.checkConnect(Native Method)
	at sun.nio.ch.SocketChannelImpl.finishConnect(SocketChannelImpl.java:717)
	at org.apache.ratis.thirdparty.io.netty.channel.socket.nio.NioSocketChannel.doFinishConnect(NioSocketChannel.java:327)
	at org.apache.ratis.thirdparty.io.netty.channel.nio.AbstractNioChannel$AbstractNioUnsafe.finishConnect(AbstractNioChannel.java:340)
	at org.apache.ratis.thirdparty.io.netty.channel.nio.NioEventLoop.processSelectedKey(NioEventLoop.java:632)
	at org.apache.ratis.thirdparty.io.netty.channel.nio.NioEventLoop.processSelectedKeysOptimized(NioEventLoop.java:579)
	at org.apache.ratis.thirdparty.io.netty.channel.nio.NioEventLoop.processSelectedKeys(NioEventLoop.java:496)
	at org.apache.ratis.thirdparty.io.netty.channel.nio.NioEventLoop.run(NioEventLoop.java:458)
	at org.apache.ratis.thirdparty.io.netty.util.concurrent.SingleThreadEventExecutor$5.run(SingleThreadEventExecutor.java:897)
	at org.apache.ratis.thirdparty.io.netty.util.concurrent.FastThreadLocalRunnable.run(FastThreadLocalRunnable.java:30)
	... 1 more
Caused by: java.net.ConnectException: Connection refused
	... 11 more
2019-08-20 15:02:03,037 [aa186f79-d556-4a33-825f-255f36f4ca35:group-A29C53895826:LeaderElection22] INFO  impl.LeaderElection (LogUtils.java:infoOrTrace(149)) -   Exception 1: {}
java.util.concurrent.ExecutionException: org.apache.ratis.thirdparty.io.grpc.StatusRuntimeException: UNAVAILABLE: io exception
	at java.util.concurrent.FutureTask.report(FutureTask.java:122)
	at java.util.concurrent.FutureTask.get(FutureTask.java:192)
	at org.apache.ratis.server.impl.LeaderElection.waitForResults(LeaderElection.java:262)
	at org.apache.ratis.server.impl.LeaderElection.askForVotes(LeaderElection.java:200)
	at org.apache.ratis.server.impl.LeaderElection.run(LeaderElection.java:130)
	at java.lang.Thread.run(Thread.java:748)
Caused by: org.apache.ratis.thirdparty.io.grpc.StatusRuntimeException: UNAVAILABLE: io exception
	at org.apache.ratis.thirdparty.io.grpc.stub.ClientCalls.toStatusRuntimeException(ClientCalls.java:233)
	at org.apache.ratis.thirdparty.io.grpc.stub.ClientCalls.getUnchecked(ClientCalls.java:214)
	at org.apache.ratis.thirdparty.io.grpc.stub.ClientCalls.blockingUnaryCall(ClientCalls.java:139)
	at org.apache.ratis.proto.grpc.RaftServerProtocolServiceGrpc$RaftServerProtocolServiceBlockingStub.requestVote(RaftServerProtocolServiceGrpc.java:265)
	at org.apache.ratis.grpc.server.GrpcServerProtocolClient.requestVote(GrpcServerProtocolClient.java:83)
	at org.apache.ratis.grpc.server.GrpcService.requestVote(GrpcService.java:195)
	at org.apache.ratis.server.impl.LeaderElection.lambda$submitRequests$1(LeaderElection.java:237)
	at java.util.concurrent.FutureTask.run(FutureTask.java:266)
	at java.util.concurrent.Executors$RunnableAdapter.call(Executors.java:511)
	at java.util.concurrent.FutureTask.run(FutureTask.java:266)
	at java.util.concurrent.ThreadPoolExecutor.runWorker(ThreadPoolExecutor.java:1149)
	at java.util.concurrent.ThreadPoolExecutor$Worker.run(ThreadPoolExecutor.java:624)
	... 1 more
Caused by: org.apache.ratis.thirdparty.io.netty.channel.AbstractChannel$AnnotatedConnectException: Connection refused: /192.168.36.99:44676
	at sun.nio.ch.SocketChannelImpl.checkConnect(Native Method)
	at sun.nio.ch.SocketChannelImpl.finishConnect(SocketChannelImpl.java:717)
	at org.apache.ratis.thirdparty.io.netty.channel.socket.nio.NioSocketChannel.doFinishConnect(NioSocketChannel.java:327)
	at org.apache.ratis.thirdparty.io.netty.channel.nio.AbstractNioChannel$AbstractNioUnsafe.finishConnect(AbstractNioChannel.java:340)
	at org.apache.ratis.thirdparty.io.netty.channel.nio.NioEventLoop.processSelectedKey(NioEventLoop.java:632)
	at org.apache.ratis.thirdparty.io.netty.channel.nio.NioEventLoop.processSelectedKeysOptimized(NioEventLoop.java:579)
	at org.apache.ratis.thirdparty.io.netty.channel.nio.NioEventLoop.processSelectedKeys(NioEventLoop.java:496)
	at org.apache.ratis.thirdparty.io.netty.channel.nio.NioEventLoop.run(NioEventLoop.java:458)
	at org.apache.ratis.thirdparty.io.netty.util.concurrent.SingleThreadEventExecutor$5.run(SingleThreadEventExecutor.java:897)
	at org.apache.ratis.thirdparty.io.netty.util.concurrent.FastThreadLocalRunnable.run(FastThreadLocalRunnable.java:30)
	... 1 more
Caused by: java.net.ConnectException: Connection refused
	... 11 more
2019-08-20 15:02:03,037 [fa299a0c-a57e-46eb-8783-406416da04aa:group-5AB8322B29FA:LeaderElection23] INFO  impl.LeaderElection (LogUtils.java:infoOrTrace(149)) -   Exception 1: {}
java.util.concurrent.ExecutionException: org.apache.ratis.thirdparty.io.grpc.StatusRuntimeException: UNAVAILABLE: io exception
	at java.util.concurrent.FutureTask.report(FutureTask.java:122)
	at java.util.concurrent.FutureTask.get(FutureTask.java:192)
	at org.apache.ratis.server.impl.LeaderElection.waitForResults(LeaderElection.java:262)
	at org.apache.ratis.server.impl.LeaderElection.askForVotes(LeaderElection.java:200)
	at org.apache.ratis.server.impl.LeaderElection.run(LeaderElection.java:130)
	at java.lang.Thread.run(Thread.java:748)
Caused by: org.apache.ratis.thirdparty.io.grpc.StatusRuntimeException: UNAVAILABLE: io exception
	at org.apache.ratis.thirdparty.io.grpc.stub.ClientCalls.toStatusRuntimeException(ClientCalls.java:233)
	at org.apache.ratis.thirdparty.io.grpc.stub.ClientCalls.getUnchecked(ClientCalls.java:214)
	at org.apache.ratis.thirdparty.io.grpc.stub.ClientCalls.blockingUnaryCall(ClientCalls.java:139)
	at org.apache.ratis.proto.grpc.RaftServerProtocolServiceGrpc$RaftServerProtocolServiceBlockingStub.requestVote(RaftServerProtocolServiceGrpc.java:265)
	at org.apache.ratis.grpc.server.GrpcServerProtocolClient.requestVote(GrpcServerProtocolClient.java:83)
	at org.apache.ratis.grpc.server.GrpcService.requestVote(GrpcService.java:195)
	at org.apache.ratis.server.impl.LeaderElection.lambda$submitRequests$1(LeaderElection.java:237)
	at java.util.concurrent.FutureTask.run(FutureTask.java:266)
	at java.util.concurrent.Executors$RunnableAdapter.call(Executors.java:511)
	at java.util.concurrent.FutureTask.run(FutureTask.java:266)
	at java.util.concurrent.ThreadPoolExecutor.runWorker(ThreadPoolExecutor.java:1149)
	at java.util.concurrent.ThreadPoolExecutor$Worker.run(ThreadPoolExecutor.java:624)
	... 1 more
Caused by: org.apache.ratis.thirdparty.io.netty.channel.AbstractChannel$AnnotatedConnectException: Connection refused: /192.168.36.99:37317
	at sun.nio.ch.SocketChannelImpl.checkConnect(Native Method)
	at sun.nio.ch.SocketChannelImpl.finishConnect(SocketChannelImpl.java:717)
	at org.apache.ratis.thirdparty.io.netty.channel.socket.nio.NioSocketChannel.doFinishConnect(NioSocketChannel.java:327)
	at org.apache.ratis.thirdparty.io.netty.channel.nio.AbstractNioChannel$AbstractNioUnsafe.finishConnect(AbstractNioChannel.java:340)
	at org.apache.ratis.thirdparty.io.netty.channel.nio.NioEventLoop.processSelectedKey(NioEventLoop.java:632)
	at org.apache.ratis.thirdparty.io.netty.channel.nio.NioEventLoop.processSelectedKeysOptimized(NioEventLoop.java:579)
	at org.apache.ratis.thirdparty.io.netty.channel.nio.NioEventLoop.processSelectedKeys(NioEventLoop.java:496)
	at org.apache.ratis.thirdparty.io.netty.channel.nio.NioEventLoop.run(NioEventLoop.java:458)
	at org.apache.ratis.thirdparty.io.netty.util.concurrent.SingleThreadEventExecutor$5.run(SingleThreadEventExecutor.java:897)
	at org.apache.ratis.thirdparty.io.netty.util.concurrent.FastThreadLocalRunnable.run(FastThreadLocalRunnable.java:30)
	... 1 more
Caused by: java.net.ConnectException: Connection refused
	... 11 more
2019-08-20 15:02:03,038 [aa186f79-d556-4a33-825f-255f36f4ca35:group-A29C53895826:LeaderElection22] INFO  impl.RaftServerImpl (RaftServerImpl.java:setRole(171)) - aa186f79-d556-4a33-825f-255f36f4ca35:group-A29C53895826 changes role from CANDIDATE to FOLLOWER at term 4 for DISCOVERED_A_NEW_TERM
2019-08-20 15:02:03,038 [fa299a0c-a57e-46eb-8783-406416da04aa:group-5AB8322B29FA:LeaderElection23] INFO  impl.RaftServerImpl (RaftServerImpl.java:setRole(171)) - fa299a0c-a57e-46eb-8783-406416da04aa:group-5AB8322B29FA changes role from CANDIDATE to FOLLOWER at term 2 for DISCOVERED_A_NEW_TERM
2019-08-20 15:02:03,038 [aa186f79-d556-4a33-825f-255f36f4ca35:group-A29C53895826:LeaderElection22] INFO  impl.RoleInfo (RoleInfo.java:shutdownLeaderElection(134)) - aa186f79-d556-4a33-825f-255f36f4ca35: shutdown LeaderElection
2019-08-20 15:02:03,038 [fa299a0c-a57e-46eb-8783-406416da04aa:group-5AB8322B29FA:LeaderElection23] INFO  impl.RoleInfo (RoleInfo.java:shutdownLeaderElection(134)) - fa299a0c-a57e-46eb-8783-406416da04aa: shutdown LeaderElection
2019-08-20 15:02:03,038 [aa186f79-d556-4a33-825f-255f36f4ca35:group-A29C53895826:LeaderElection22] INFO  impl.RoleInfo (RoleInfo.java:updateAndGet(143)) - aa186f79-d556-4a33-825f-255f36f4ca35: start FollowerState
2019-08-20 15:02:03,038 [fa299a0c-a57e-46eb-8783-406416da04aa:group-5AB8322B29FA:LeaderElection23] INFO  impl.RoleInfo (RoleInfo.java:updateAndGet(143)) - fa299a0c-a57e-46eb-8783-406416da04aa: start FollowerState
2019-08-20 15:02:06,930 [ForkJoinPool.commonPool-worker-1] INFO  ozoneimpl.OzoneContainer (OzoneContainer.java:stop(199)) - Attempting to stop container services.
2019-08-20 15:02:06,931 [ForkJoinPool.commonPool-worker-1] INFO  impl.RaftServerProxy (RaftServerProxy.java:lambda$close$4(314)) - fa299a0c-a57e-46eb-8783-406416da04aa: close
2019-08-20 15:02:06,931 [ForkJoinPool.commonPool-worker-1] INFO  impl.RaftServerImpl (RaftServerImpl.java:lambda$shutdown$3(245)) - fa299a0c-a57e-46eb-8783-406416da04aa: shutdown group-011AE44E7250
2019-08-20 15:02:06,931 [ForkJoinPool.commonPool-worker-1] INFO  util.JmxRegister (JmxRegister.java:unregister(73)) - Successfully un-registered JMX Bean with object name Ratis:service=RaftServer,group=group-011AE44E7250,id=fa299a0c-a57e-46eb-8783-406416da04aa
2019-08-20 15:02:06,932 [ForkJoinPool.commonPool-worker-1] INFO  impl.RoleInfo (RoleInfo.java:shutdownLeaderState(104)) - fa299a0c-a57e-46eb-8783-406416da04aa: shutdown LeaderState
2019-08-20 15:02:06,932 [ForkJoinPool.commonPool-worker-1] INFO  impl.PendingRequests (PendingRequests.java:sendNotLeaderResponses(202)) - fa299a0c-a57e-46eb-8783-406416da04aa-PendingRequests: sendNotLeaderResponses
2019-08-20 15:02:06,933 [ForkJoinPool.commonPool-worker-1] INFO  impl.StateMachineUpdater (StateMachineUpdater.java:stopAndJoin(115)) - StateMachineUpdater:fa299a0c-a57e-46eb-8783-406416da04aa:group-011AE44E7250: set stopIndex = 0
2019-08-20 15:02:06,933 [ForkJoinPool.commonPool-worker-1] INFO  impl.RaftServerImpl (ServerState.java:close(394)) - fa299a0c-a57e-46eb-8783-406416da04aa:group-011AE44E7250 closes. The last applied log index is 0
2019-08-20 15:02:06,933 [fa299a0c-a57e-46eb-8783-406416da04aa-SegmentedRaftLogWorker:Storage Directory /workdir/hadoop-ozone/integration-test/target/test-dir/MiniOzoneClusterImpl-6c4688aa-211a-4a21-81fa-acbd3405623e/datanode-0/data/ratis/652aeb7f-8544-4a92-b7e5-011ae44e7250] INFO  segmented.SegmentedRaftLogWorker (SegmentedRaftLogWorker.java:run(313)) - fa299a0c-a57e-46eb-8783-406416da04aa-SegmentedRaftLogWorker:Storage Directory /workdir/hadoop-ozone/integration-test/target/test-dir/MiniOzoneClusterImpl-6c4688aa-211a-4a21-81fa-acbd3405623e/datanode-0/data/ratis/652aeb7f-8544-4a92-b7e5-011ae44e7250 was interrupted, exiting. There are 0 tasks remaining in the queue.
2019-08-20 15:02:06,935 [ForkJoinPool.commonPool-worker-1] INFO  segmented.SegmentedRaftLogWorker (SegmentedRaftLogWorker.java:close(228)) - fa299a0c-a57e-46eb-8783-406416da04aa-SegmentedRaftLogWorker:Storage Directory /workdir/hadoop-ozone/integration-test/target/test-dir/MiniOzoneClusterImpl-6c4688aa-211a-4a21-81fa-acbd3405623e/datanode-0/data/ratis/652aeb7f-8544-4a92-b7e5-011ae44e7250 close()
2019-08-20 15:02:06,937 [ForkJoinPool.commonPool-worker-1] INFO  impl.RaftServerImpl (RaftServerImpl.java:lambda$shutdown$3(245)) - fa299a0c-a57e-46eb-8783-406416da04aa: shutdown group-5AB8322B29FA
2019-08-20 15:02:06,937 [ForkJoinPool.commonPool-worker-1] INFO  util.JmxRegister (JmxRegister.java:unregister(73)) - Successfully un-registered JMX Bean with object name Ratis:service=RaftServer,group=group-5AB8322B29FA,id=fa299a0c-a57e-46eb-8783-406416da04aa
2019-08-20 15:02:06,937 [ForkJoinPool.commonPool-worker-1] INFO  impl.RoleInfo (RoleInfo.java:shutdownFollowerState(121)) - fa299a0c-a57e-46eb-8783-406416da04aa: shutdown FollowerState
2019-08-20 15:02:06,938 [ForkJoinPool.commonPool-worker-1] INFO  impl.StateMachineUpdater (StateMachineUpdater.java:stopAndJoin(115)) - StateMachineUpdater:fa299a0c-a57e-46eb-8783-406416da04aa:group-5AB8322B29FA: set stopIndex = -1
2019-08-20 15:02:06,938 [Thread-344] INFO  impl.FollowerState (FollowerState.java:run(114)) - fa299a0c-a57e-46eb-8783-406416da04aa: FollowerState was interrupted: java.lang.InterruptedException: sleep interrupted
2019-08-20 15:02:06,938 [ForkJoinPool.commonPool-worker-1] INFO  impl.RaftServerImpl (ServerState.java:close(394)) - fa299a0c-a57e-46eb-8783-406416da04aa:group-5AB8322B29FA closes. The last applied log index is -1
2019-08-20 15:02:06,939 [fa299a0c-a57e-46eb-8783-406416da04aa-SegmentedRaftLogWorker:Storage Directory /workdir/hadoop-ozone/integration-test/target/test-dir/MiniOzoneClusterImpl-6c4688aa-211a-4a21-81fa-acbd3405623e/datanode-0/data/ratis/3f8abeac-1b8e-4813-a476-5ab8322b29fa] INFO  segmented.SegmentedRaftLogWorker (SegmentedRaftLogWorker.java:run(313)) - fa299a0c-a57e-46eb-8783-406416da04aa-SegmentedRaftLogWorker:Storage Directory /workdir/hadoop-ozone/integration-test/target/test-dir/MiniOzoneClusterImpl-6c4688aa-211a-4a21-81fa-acbd3405623e/datanode-0/data/ratis/3f8abeac-1b8e-4813-a476-5ab8322b29fa was interrupted, exiting. There are 0 tasks remaining in the queue.
2019-08-20 15:02:06,939 [ForkJoinPool.commonPool-worker-1] INFO  segmented.SegmentedRaftLogWorker (SegmentedRaftLogWorker.java:close(228)) - fa299a0c-a57e-46eb-8783-406416da04aa-SegmentedRaftLogWorker:Storage Directory /workdir/hadoop-ozone/integration-test/target/test-dir/MiniOzoneClusterImpl-6c4688aa-211a-4a21-81fa-acbd3405623e/datanode-0/data/ratis/3f8abeac-1b8e-4813-a476-5ab8322b29fa close()
2019-08-20 15:02:06,941 [ForkJoinPool.commonPool-worker-1] INFO  impl.RaftServerImpl (RaftServerImpl.java:lambda$shutdown$3(245)) - fa299a0c-a57e-46eb-8783-406416da04aa: shutdown group-9F811BC720EA
2019-08-20 15:02:06,941 [ForkJoinPool.commonPool-worker-1] INFO  util.JmxRegister (JmxRegister.java:unregister(73)) - Successfully un-registered JMX Bean with object name Ratis:service=RaftServer,group=group-9F811BC720EA,id=fa299a0c-a57e-46eb-8783-406416da04aa
2019-08-20 15:02:06,941 [ForkJoinPool.commonPool-worker-1] INFO  impl.RoleInfo (RoleInfo.java:shutdownFollowerState(121)) - fa299a0c-a57e-46eb-8783-406416da04aa: shutdown FollowerState
2019-08-20 15:02:06,941 [ForkJoinPool.commonPool-worker-1] INFO  impl.StateMachineUpdater (StateMachineUpdater.java:stopAndJoin(115)) - StateMachineUpdater:fa299a0c-a57e-46eb-8783-406416da04aa:group-9F811BC720EA: set stopIndex = -1
2019-08-20 15:02:06,942 [ForkJoinPool.commonPool-worker-1] INFO  impl.RaftServerImpl (ServerState.java:close(394)) - fa299a0c-a57e-46eb-8783-406416da04aa:group-9F811BC720EA closes. The last applied log index is -1
2019-08-20 15:02:06,942 [Thread-342] INFO  impl.FollowerState (FollowerState.java:run(114)) - fa299a0c-a57e-46eb-8783-406416da04aa: FollowerState was interrupted: java.lang.InterruptedException: sleep interrupted
2019-08-20 15:02:06,942 [fa299a0c-a57e-46eb-8783-406416da04aa-SegmentedRaftLogWorker:Storage Directory /workdir/hadoop-ozone/integration-test/target/test-dir/MiniOzoneClusterImpl-6c4688aa-211a-4a21-81fa-acbd3405623e/datanode-0/data/ratis/757ef69d-95e8-4b31-92a8-9f811bc720ea] INFO  segmented.SegmentedRaftLogWorker (SegmentedRaftLogWorker.java:run(313)) - fa299a0c-a57e-46eb-8783-406416da04aa-SegmentedRaftLogWorker:Storage Directory /workdir/hadoop-ozone/integration-test/target/test-dir/MiniOzoneClusterImpl-6c4688aa-211a-4a21-81fa-acbd3405623e/datanode-0/data/ratis/757ef69d-95e8-4b31-92a8-9f811bc720ea was interrupted, exiting. There are 0 tasks remaining in the queue.
2019-08-20 15:02:06,943 [ForkJoinPool.commonPool-worker-1] INFO  segmented.SegmentedRaftLogWorker (SegmentedRaftLogWorker.java:close(228)) - fa299a0c-a57e-46eb-8783-406416da04aa-SegmentedRaftLogWorker:Storage Directory /workdir/hadoop-ozone/integration-test/target/test-dir/MiniOzoneClusterImpl-6c4688aa-211a-4a21-81fa-acbd3405623e/datanode-0/data/ratis/757ef69d-95e8-4b31-92a8-9f811bc720ea close()
2019-08-20 15:02:06,944 [ForkJoinPool.commonPool-worker-1] INFO  server.GrpcService (GrpcService.java:closeImpl(155)) - fa299a0c-a57e-46eb-8783-406416da04aa: shutdown server with port 45177 now
2019-08-20 15:02:06,944 [main] INFO  ozoneimpl.OzoneContainer (OzoneContainer.java:stop(199)) - Attempting to stop container services.
2019-08-20 15:02:06,945 [ForkJoinPool.commonPool-worker-1] INFO  server.GrpcService (GrpcService.java:closeImpl(163)) - fa299a0c-a57e-46eb-8783-406416da04aa: shutdown server with port 45177 successfully
2019-08-20 15:02:06,945 [main] INFO  impl.RaftServerProxy (RaftServerProxy.java:lambda$close$4(314)) - aa186f79-d556-4a33-825f-255f36f4ca35: close
2019-08-20 15:02:06,946 [main] INFO  impl.RaftServerImpl (RaftServerImpl.java:lambda$shutdown$3(245)) - aa186f79-d556-4a33-825f-255f36f4ca35: shutdown group-A29C53895826
2019-08-20 15:02:06,946 [main] INFO  util.JmxRegister (JmxRegister.java:unregister(73)) - Successfully un-registered JMX Bean with object name Ratis:service=RaftServer,group=group-A29C53895826,id=aa186f79-d556-4a33-825f-255f36f4ca35
2019-08-20 15:02:06,946 [ForkJoinPool.commonPool-worker-1] INFO  utils.BackgroundService (BackgroundService.java:shutdown(148)) - Shutting down service BlockDeletingService
2019-08-20 15:02:06,947 [main] INFO  impl.RoleInfo (RoleInfo.java:shutdownFollowerState(121)) - aa186f79-d556-4a33-825f-255f36f4ca35: shutdown FollowerState
2019-08-20 15:02:06,947 [main] INFO  impl.StateMachineUpdater (StateMachineUpdater.java:stopAndJoin(115)) - StateMachineUpdater:aa186f79-d556-4a33-825f-255f36f4ca35:group-A29C53895826: set stopIndex = -1
2019-08-20 15:02:06,947 [refreshUsed-/workdir/hadoop-ozone/integration-test/target/test-dir/MiniOzoneClusterImpl-6c4688aa-211a-4a21-81fa-acbd3405623e/datanode-0/data/containers] WARN  fs.CachingGetSpaceUsed (CachingGetSpaceUsed.java:run(183)) - Thread Interrupted waiting to refresh disk information: sleep interrupted
2019-08-20 15:02:06,947 [Thread-343] INFO  impl.FollowerState (FollowerState.java:run(114)) - aa186f79-d556-4a33-825f-255f36f4ca35: FollowerState was interrupted: java.lang.InterruptedException: sleep interrupted
2019-08-20 15:02:06,947 [main] INFO  impl.RaftServerImpl (ServerState.java:close(394)) - aa186f79-d556-4a33-825f-255f36f4ca35:group-A29C53895826 closes. The last applied log index is -1
2019-08-20 15:02:06,949 [aa186f79-d556-4a33-825f-255f36f4ca35-SegmentedRaftLogWorker:Storage Directory /workdir/hadoop-ozone/integration-test/target/test-dir/MiniOzoneClusterImpl-6c4688aa-211a-4a21-81fa-acbd3405623e/datanode-4/data/ratis/334b1b4a-8f40-476a-b4ba-a29c53895826] INFO  segmented.SegmentedRaftLogWorker (SegmentedRaftLogWorker.java:run(313)) - aa186f79-d556-4a33-825f-255f36f4ca35-SegmentedRaftLogWorker:Storage Directory /workdir/hadoop-ozone/integration-test/target/test-dir/MiniOzoneClusterImpl-6c4688aa-211a-4a21-81fa-acbd3405623e/datanode-4/data/ratis/334b1b4a-8f40-476a-b4ba-a29c53895826 was interrupted, exiting. There are 0 tasks remaining in the queue.
2019-08-20 15:02:06,949 [main] INFO  segmented.SegmentedRaftLogWorker (SegmentedRaftLogWorker.java:close(228)) - aa186f79-d556-4a33-825f-255f36f4ca35-SegmentedRaftLogWorker:Storage Directory /workdir/hadoop-ozone/integration-test/target/test-dir/MiniOzoneClusterImpl-6c4688aa-211a-4a21-81fa-acbd3405623e/datanode-4/data/ratis/334b1b4a-8f40-476a-b4ba-a29c53895826 close()
2019-08-20 15:02:06,951 [main] INFO  impl.RaftServerImpl (RaftServerImpl.java:lambda$shutdown$3(245)) - aa186f79-d556-4a33-825f-255f36f4ca35: shutdown group-AD5FBCBA8036
2019-08-20 15:02:06,952 [main] INFO  util.JmxRegister (JmxRegister.java:unregister(73)) - Successfully un-registered JMX Bean with object name Ratis:service=RaftServer,group=group-AD5FBCBA8036,id=aa186f79-d556-4a33-825f-255f36f4ca35
2019-08-20 15:02:06,952 [main] INFO  impl.RoleInfo (RoleInfo.java:shutdownLeaderState(104)) - aa186f79-d556-4a33-825f-255f36f4ca35: shutdown LeaderState
2019-08-20 15:02:06,952 [main] INFO  impl.PendingRequests (PendingRequests.java:sendNotLeaderResponses(202)) - aa186f79-d556-4a33-825f-255f36f4ca35-PendingRequests: sendNotLeaderResponses
2019-08-20 15:02:06,953 [main] INFO  impl.StateMachineUpdater (StateMachineUpdater.java:stopAndJoin(115)) - StateMachineUpdater:aa186f79-d556-4a33-825f-255f36f4ca35:group-AD5FBCBA8036: set stopIndex = 0
2019-08-20 15:02:06,953 [main] INFO  impl.RaftServerImpl (ServerState.java:close(394)) - aa186f79-d556-4a33-825f-255f36f4ca35:group-AD5FBCBA8036 closes. The last applied log index is 0
2019-08-20 15:02:06,954 [aa186f79-d556-4a33-825f-255f36f4ca35-SegmentedRaftLogWorker:Storage Directory /workdir/hadoop-ozone/integration-test/target/test-dir/MiniOzoneClusterImpl-6c4688aa-211a-4a21-81fa-acbd3405623e/datanode-4/data/ratis/fcd266c5-4939-41c1-9097-ad5fbcba8036] INFO  segmented.SegmentedRaftLogWorker (SegmentedRaftLogWorker.java:run(313)) - aa186f79-d556-4a33-825f-255f36f4ca35-SegmentedRaftLogWorker:Storage Directory /workdir/hadoop-ozone/integration-test/target/test-dir/MiniOzoneClusterImpl-6c4688aa-211a-4a21-81fa-acbd3405623e/datanode-4/data/ratis/fcd266c5-4939-41c1-9097-ad5fbcba8036 was interrupted, exiting. There are 0 tasks remaining in the queue.
2019-08-20 15:02:06,956 [main] INFO  segmented.SegmentedRaftLogWorker (SegmentedRaftLogWorker.java:close(228)) - aa186f79-d556-4a33-825f-255f36f4ca35-SegmentedRaftLogWorker:Storage Directory /workdir/hadoop-ozone/integration-test/target/test-dir/MiniOzoneClusterImpl-6c4688aa-211a-4a21-81fa-acbd3405623e/datanode-4/data/ratis/fcd266c5-4939-41c1-9097-ad5fbcba8036 close()
2019-08-20 15:02:06,957 [main] INFO  server.GrpcService (GrpcService.java:closeImpl(155)) - aa186f79-d556-4a33-825f-255f36f4ca35: shutdown server with port 42046 now
2019-08-20 15:02:06,959 [main] INFO  server.GrpcService (GrpcService.java:closeImpl(163)) - aa186f79-d556-4a33-825f-255f36f4ca35: shutdown server with port 42046 successfully
2019-08-20 15:02:06,964 [main] INFO  utils.BackgroundService (BackgroundService.java:shutdown(148)) - Shutting down service BlockDeletingService
2019-08-20 15:02:06,965 [refreshUsed-/workdir/hadoop-ozone/integration-test/target/test-dir/MiniOzoneClusterImpl-6c4688aa-211a-4a21-81fa-acbd3405623e/datanode-4/data/containers] WARN  fs.CachingGetSpaceUsed (CachingGetSpaceUsed.java:run(183)) - Thread Interrupted waiting to refresh disk information: sleep interrupted
2019-08-20 15:02:06,974 [ForkJoinPool.commonPool-worker-1] INFO  statemachine.DatanodeStateMachine (DatanodeStateMachine.java:stopDaemon(395)) - Ozone container server stopped.
2019-08-20 15:02:06,976 [ForkJoinPool.commonPool-worker-1] INFO  handler.ContextHandler (ContextHandler.java:doStop(910)) - Stopped o.e.j.w.WebAppContext@2644bd9d{/,null,UNAVAILABLE}{/hddsDatanode}
2019-08-20 15:02:06,976 [ForkJoinPool.commonPool-worker-1] INFO  server.AbstractConnector (AbstractConnector.java:doStop(318)) - Stopped ServerConnector@3fe7fdf{HTTP/1.1,[http/1.1]}{0.0.0.0:0}
2019-08-20 15:02:06,977 [ForkJoinPool.commonPool-worker-1] INFO  handler.ContextHandler (ContextHandler.java:doStop(910)) - Stopped o.e.j.s.ServletContextHandler@6fcce4d7{/static,jar:file:/home/user/.m2/repository/org/apache/hadoop/hadoop-hdds-container-service/0.5.0-SNAPSHOT/hadoop-hdds-container-service-0.5.0-SNAPSHOT.jar!/webapps/static,UNAVAILABLE}
2019-08-20 15:02:06,978 [ForkJoinPool.commonPool-worker-1] INFO  handler.ContextHandler (ContextHandler.java:doStop(910)) - Stopped o.e.j.s.ServletContextHandler@7870bd58{/logs,file:///workdir/hadoop-ozone/integration-test/target/log,UNAVAILABLE}
2019-08-20 15:02:06,983 [main] INFO  statemachine.DatanodeStateMachine (DatanodeStateMachine.java:stopDaemon(395)) - Ozone container server stopped.
2019-08-20 15:02:06,985 [main] INFO  handler.ContextHandler (ContextHandler.java:doStop(910)) - Stopped o.e.j.w.WebAppContext@46cb3c76{/,null,UNAVAILABLE}{/hddsDatanode}
2019-08-20 15:02:06,986 [main] INFO  server.AbstractConnector (AbstractConnector.java:doStop(318)) - Stopped ServerConnector@185d7a1b{HTTP/1.1,[http/1.1]}{0.0.0.0:0}
2019-08-20 15:02:06,988 [main] INFO  handler.ContextHandler (ContextHandler.java:doStop(910)) - Stopped o.e.j.s.ServletContextHandler@1e2c3195{/static,jar:file:/home/user/.m2/repository/org/apache/hadoop/hadoop-hdds-container-service/0.5.0-SNAPSHOT/hadoop-hdds-container-service-0.5.0-SNAPSHOT.jar!/webapps/static,UNAVAILABLE}
2019-08-20 15:02:06,988 [main] INFO  handler.ContextHandler (ContextHandler.java:doStop(910)) - Stopped o.e.j.s.ServletContextHandler@24f809f3{/logs,file:///workdir/hadoop-ozone/integration-test/target/log,UNAVAILABLE}
2019-08-20 15:02:06,989 [main] INFO  ozone.MiniOzoneClusterImpl (MiniOzoneClusterImpl.java:stop(353)) - Stopping the StorageContainerManager
2019-08-20 15:02:06,989 [main] INFO  server.StorageContainerManager (StorageContainerManager.java:stop(797)) - Stopping Replication Manager Service.
2019-08-20 15:02:06,989 [main] INFO  container.ReplicationManager (ReplicationManager.java:stop(193)) - Stopping Replication Monitor Thread.
2019-08-20 15:02:06,990 [main] INFO  server.StorageContainerManager (StorageContainerManager.java:stop(804)) - Stopping Lease Manager of the command watchers
2019-08-20 15:02:06,990 [main] INFO  server.StorageContainerManager (StorageContainerManager.java:stop(811)) - Stopping datanode service RPC server
2019-08-20 15:02:06,990 [main] INFO  server.SCMDatanodeProtocolServer (SCMDatanodeProtocolServer.java:stop(367)) - Stopping the RPC server for DataNodes
2019-08-20 15:02:06,990 [main] INFO  ipc.Server (Server.java:stop(3082)) - Stopping server on 39938
2019-08-20 15:02:06,991 [IPC Server listener on 39938] INFO  ipc.Server (Server.java:run(1185)) - Stopping IPC Server listener on 39938
2019-08-20 15:02:06,992 [IPC Server Responder] INFO  ipc.Server (Server.java:run(1319)) - Stopping IPC Server Responder
2019-08-20 15:02:07,778 [SCM Heartbeat Processing Thread - 0] WARN  node.NodeStateManager (NodeStateManager.java:scheduleNextHealthCheck(646)) - Current Thread is interrupted, shutting down HB processing thread for Node Manager.
2019-08-20 15:02:07,778 [main] INFO  server.StorageContainerManager (StorageContainerManager.java:stop(819)) - Stopping block service RPC server
2019-08-20 15:02:07,779 [main] INFO  server.SCMBlockProtocolServer (SCMBlockProtocolServer.java:stop(148)) - Stopping the RPC server for Block Protocol
2019-08-20 15:02:07,779 [main] INFO  ipc.Server (Server.java:stop(3082)) - Stopping server on 43103
2019-08-20 15:02:07,780 [main] INFO  server.StorageContainerManager (StorageContainerManager.java:stop(826)) - Stopping the StorageContainerLocationProtocol RPC server
2019-08-20 15:02:07,781 [IPC Server Responder] INFO  ipc.Server (Server.java:run(1319)) - Stopping IPC Server Responder
2019-08-20 15:02:07,781 [main] INFO  server.SCMClientProtocolServer (SCMClientProtocolServer.java:stop(159)) - Stopping the RPC server for Client Protocol
2019-08-20 15:02:07,781 [IPC Server listener on 43103] INFO  ipc.Server (Server.java:run(1185)) - Stopping IPC Server listener on 43103
2019-08-20 15:02:07,781 [main] INFO  ipc.Server (Server.java:stop(3082)) - Stopping server on 37744
2019-08-20 15:02:07,782 [IPC Server listener on 37744] INFO  ipc.Server (Server.java:run(1185)) - Stopping IPC Server listener on 37744
2019-08-20 15:02:07,782 [IPC Server Responder] INFO  ipc.Server (Server.java:run(1319)) - Stopping IPC Server Responder
2019-08-20 15:02:07,782 [main] INFO  server.StorageContainerManager (StorageContainerManager.java:stop(833)) - Stopping Storage Container Manager HTTP server.
2019-08-20 15:02:07,783 [main] INFO  handler.ContextHandler (ContextHandler.java:doStop(910)) - Stopped o.e.j.w.WebAppContext@1e2965c8{/,null,UNAVAILABLE}{/scm}
2019-08-20 15:02:07,784 [main] INFO  server.AbstractConnector (AbstractConnector.java:doStop(318)) - Stopped ServerConnector@2101da7f{HTTP/1.1,[http/1.1]}{0.0.0.0:0}
2019-08-20 15:02:07,784 [main] INFO  handler.ContextHandler (ContextHandler.java:doStop(910)) - Stopped o.e.j.s.ServletContextHandler@56cc5da2{/static,file:///workdir/hadoop-ozone/integration-test/target/test-classes/webapps/static,UNAVAILABLE}
2019-08-20 15:02:07,784 [main] INFO  handler.ContextHandler (ContextHandler.java:doStop(910)) - Stopped o.e.j.s.ServletContextHandler@25fc3b1d{/logs,file:///workdir/hadoop-ozone/integration-test/target/log,UNAVAILABLE}
2019-08-20 15:02:07,785 [main] INFO  server.StorageContainerManager (StorageContainerManager.java:stop(844)) - Stopping Block Manager Service.
2019-08-20 15:02:07,785 [main] INFO  utils.BackgroundService (BackgroundService.java:shutdown(148)) - Shutting down service SCMBlockDeletingService
2019-08-20 15:02:07,785 [main] INFO  utils.BackgroundService (BackgroundService.java:shutdown(148)) - Shutting down service SCMBlockDeletingService
2019-08-20 15:02:07,786 [main] INFO  server.StorageContainerManager (StorageContainerManager.java:stop(866)) - Stopping SCM Event Queue.
2019-08-20 15:02:07,790 [main] INFO  impl.MetricsSystemImpl (MetricsSystemImpl.java:stop(210)) - Stopping HddsDatanode metrics system...
2019-08-20 15:02:07,795 [main] INFO  impl.MetricsSystemImpl (MetricsSystemImpl.java:stop(216)) - HddsDatanode metrics system stopped.
]]></system-out>
    <system-err><![CDATA[Aug 20, 2019 3:01:27 PM com.sun.jersey.server.impl.application.WebApplicationImpl _initiate
INFO: Initiating Jersey application, version 'Jersey: 1.19 02/11/2015 03:25 AM'
Aug 20, 2019 3:01:28 PM com.sun.jersey.server.impl.application.WebApplicationImpl _initiate
INFO: Initiating Jersey application, version 'Jersey: 1.19 02/11/2015 03:25 AM'
Aug 20, 2019 3:01:28 PM com.sun.jersey.server.impl.application.WebApplicationImpl _initiate
INFO: Initiating Jersey application, version 'Jersey: 1.19 02/11/2015 03:25 AM'
Aug 20, 2019 3:01:29 PM com.sun.jersey.server.impl.application.WebApplicationImpl _initiate
INFO: Initiating Jersey application, version 'Jersey: 1.19 02/11/2015 03:25 AM'
Aug 20, 2019 3:01:29 PM com.sun.jersey.server.impl.application.WebApplicationImpl _initiate
INFO: Initiating Jersey application, version 'Jersey: 1.19 02/11/2015 03:25 AM'
Aug 20, 2019 3:01:29 PM com.sun.jersey.server.impl.application.WebApplicationImpl _initiate
INFO: Initiating Jersey application, version 'Jersey: 1.19 02/11/2015 03:25 AM'
]]></system-err>
  </testcase>
  <testcase name="testPipelineCreationOnNodeRestart" classname="org.apache.hadoop.hdds.scm.pipeline.TestRatisPipelineCreateAndDestory" time="40.65">
    <error message="test timed out after 30000 milliseconds" type="java.lang.Exception">java.lang.Exception: test timed out after 30000 milliseconds
	at java.lang.Thread.sleep(Native Method)
	at org.apache.hadoop.test.GenericTestUtils.waitFor(GenericTestUtils.java:382)
	at org.apache.hadoop.hdds.scm.pipeline.TestRatisPipelineCreateAndDestory.waitForPipelines(TestRatisPipelineCreateAndDestory.java:126)
	at org.apache.hadoop.hdds.scm.pipeline.TestRatisPipelineCreateAndDestory.testPipelineCreationOnNodeRestart(TestRatisPipelineCreateAndDestory.java:121)
	at sun.reflect.NativeMethodAccessorImpl.invoke0(Native Method)
	at sun.reflect.NativeMethodAccessorImpl.invoke(NativeMethodAccessorImpl.java:62)
	at sun.reflect.DelegatingMethodAccessorImpl.invoke(DelegatingMethodAccessorImpl.java:43)
	at java.lang.reflect.Method.invoke(Method.java:498)
	at org.junit.runners.model.FrameworkMethod$1.runReflectiveCall(FrameworkMethod.java:47)
	at org.junit.internal.runners.model.ReflectiveCallable.run(ReflectiveCallable.java:12)
	at org.junit.runners.model.FrameworkMethod.invokeExplosively(FrameworkMethod.java:44)
	at org.junit.internal.runners.statements.InvokeMethod.evaluate(InvokeMethod.java:17)
	at org.junit.internal.runners.statements.FailOnTimeout$StatementThread.run(FailOnTimeout.java:74)
</error>
    <system-out><![CDATA[2019-08-20 15:02:07,844 [Thread-345] WARN  server.ServerUtils (ServerUtils.java:getScmDbDir(145)) - ozone.scm.db.dirs is not configured. We recommend adding this setting. Falling back to ozone.metadata.dirs instead.
2019-08-20 15:02:07,994 [Thread-345] WARN  server.ServerUtils (ServerUtils.java:getScmDbDir(145)) - ozone.scm.db.dirs is not configured. We recommend adding this setting. Falling back to ozone.metadata.dirs instead.
2019-08-20 15:02:07,994 [Thread-345] WARN  server.ServerUtils (ServerUtils.java:getScmDbDir(145)) - ozone.scm.db.dirs is not configured. We recommend adding this setting. Falling back to ozone.metadata.dirs instead.
2019-08-20 15:02:07,995 [Thread-345] INFO  db.DBStoreBuilder (DBStoreBuilder.java:addTable(110)) - using custom profile for table: deletedBlocks
2019-08-20 15:02:07,995 [Thread-345] INFO  db.DBStoreBuilder (DBStoreBuilder.java:processTables(161)) - Using default column profile:DBProfile.DISK for Table:deletedBlocks
2019-08-20 15:02:07,996 [Thread-345] INFO  db.DBStoreBuilder (DBStoreBuilder.java:addTable(110)) - using custom profile for table: validCerts
2019-08-20 15:02:07,996 [Thread-345] INFO  db.DBStoreBuilder (DBStoreBuilder.java:processTables(161)) - Using default column profile:DBProfile.DISK for Table:validCerts
2019-08-20 15:02:07,996 [Thread-345] INFO  db.DBStoreBuilder (DBStoreBuilder.java:addTable(110)) - using custom profile for table: revokedCerts
2019-08-20 15:02:07,996 [Thread-345] INFO  db.DBStoreBuilder (DBStoreBuilder.java:processTables(161)) - Using default column profile:DBProfile.DISK for Table:revokedCerts
2019-08-20 15:02:07,997 [Thread-345] INFO  db.DBStoreBuilder (DBStoreBuilder.java:addTable(110)) - using custom profile for table: default
2019-08-20 15:02:07,997 [Thread-345] INFO  db.DBStoreBuilder (DBStoreBuilder.java:processTables(167)) - Using default column profile:DBProfile.DISK for Table:default
2019-08-20 15:02:07,997 [Thread-345] INFO  db.DBStoreBuilder (DBStoreBuilder.java:getDbProfile(198)) - Using default options. DBProfile.DISK
2019-08-20 15:02:08,425 [Thread-345] INFO  net.NodeSchemaLoader (NodeSchemaLoader.java:loadSchemaFromFile(125)) - Loading file from sun.misc.CompoundEnumeration@2f571fc0
2019-08-20 15:02:08,426 [Thread-345] INFO  net.NodeSchemaLoader (NodeSchemaLoader.java:loadSchema(171)) - Loading network topology layer schema file
2019-08-20 15:02:08,429 [Thread-345] INFO  node.SCMNodeManager (SCMNodeManager.java:<init>(121)) - Entering startup safe mode.
2019-08-20 15:02:08,430 [Thread-345] INFO  algorithms.ContainerPlacementPolicyFactory (ContainerPlacementPolicyFactory.java:getPolicy(55)) - Create container placement policy of type org.apache.hadoop.hdds.scm.container.placement.algorithms.SCMContainerPlacementRandom
2019-08-20 15:02:08,430 [Thread-345] WARN  server.ServerUtils (ServerUtils.java:getScmDbDir(145)) - ozone.scm.db.dirs is not configured. We recommend adding this setting. Falling back to ozone.metadata.dirs instead.
2019-08-20 15:02:08,822 [Thread-345] INFO  pipeline.SCMPipelineManager (SCMPipelineManager.java:initializePipelineState(126)) - No pipeline exists in current db
2019-08-20 15:02:08,822 [Thread-345] WARN  server.ServerUtils (ServerUtils.java:getScmDbDir(145)) - ozone.scm.db.dirs is not configured. We recommend adding this setting. Falling back to ozone.metadata.dirs instead.
2019-08-20 15:02:08,942 [Thread-345] WARN  events.EventQueue (EventQueue.java:fireEvent(175)) - No event handler registered for event TypedEvent{payloadType=SafeModeStatus, name='SafeModeStatus'}
2019-08-20 15:02:08,943 [Thread-345] INFO  ipc.CallQueueManager (CallQueueManager.java:<init>(84)) - Using callQueue: class java.util.concurrent.LinkedBlockingQueue, queueCapacity: 2000, scheduler: class org.apache.hadoop.ipc.DefaultRpcScheduler, ipcBackoff: false.
2019-08-20 15:02:08,944 [Socket Reader #1 for port 35622] INFO  ipc.Server (Server.java:run(1074)) - Starting Socket Reader #1 for port 35622
2019-08-20 15:02:08,945 [Thread-345] INFO  ipc.CallQueueManager (CallQueueManager.java:<init>(84)) - Using callQueue: class java.util.concurrent.LinkedBlockingQueue, queueCapacity: 2000, scheduler: class org.apache.hadoop.ipc.DefaultRpcScheduler, ipcBackoff: false.
2019-08-20 15:02:08,946 [Socket Reader #1 for port 36418] INFO  ipc.Server (Server.java:run(1074)) - Starting Socket Reader #1 for port 36418
2019-08-20 15:02:08,948 [Thread-345] INFO  ipc.CallQueueManager (CallQueueManager.java:<init>(84)) - Using callQueue: class java.util.concurrent.LinkedBlockingQueue, queueCapacity: 2000, scheduler: class org.apache.hadoop.ipc.DefaultRpcScheduler, ipcBackoff: false.
2019-08-20 15:02:08,949 [Socket Reader #1 for port 42908] INFO  ipc.Server (Server.java:run(1074)) - Starting Socket Reader #1 for port 42908
2019-08-20 15:02:08,950 [Thread-345] INFO  hdfs.DFSUtil (DFSUtil.java:httpServerTemplateForNNAndJN(1641)) - Starting Web-server for scm at: http://0.0.0.0:0
2019-08-20 15:02:08,952 [Thread-345] INFO  server.AuthenticationFilter (AuthenticationFilter.java:constructSecretProvider(240)) - Unable to initialize FileSignerSecretProvider, falling back to use random secrets.
2019-08-20 15:02:08,953 [Thread-345] WARN  http.HttpRequestLog (HttpRequestLog.java:getRequestLog(97)) - Jetty request log can only be enabled using Log4j
2019-08-20 15:02:08,955 [Thread-345] INFO  http.HttpServer2 (HttpServer2.java:addGlobalFilter(975)) - Added global filter 'safety' (class=org.apache.hadoop.http.HttpServer2$QuotingInputFilter)
2019-08-20 15:02:08,956 [Thread-345] INFO  http.HttpServer2 (HttpServer2.java:addFilter(948)) - Added filter static_user_filter (class=org.apache.hadoop.http.lib.StaticUserWebFilter$StaticUserFilter) to context scm
2019-08-20 15:02:08,956 [Thread-345] INFO  http.HttpServer2 (HttpServer2.java:addFilter(958)) - Added filter static_user_filter (class=org.apache.hadoop.http.lib.StaticUserWebFilter$StaticUserFilter) to context logs
2019-08-20 15:02:08,956 [Thread-345] INFO  http.HttpServer2 (HttpServer2.java:addFilter(958)) - Added filter static_user_filter (class=org.apache.hadoop.http.lib.StaticUserWebFilter$StaticUserFilter) to context static
2019-08-20 15:02:08,959 [Thread-345] INFO  server.StorageContainerManager (StorageContainerManager.java:start(759)) - StorageContainerLocationProtocol RPC server is listening at /0.0.0.0:42908
2019-08-20 15:02:08,961 [Thread-345] WARN  impl.MetricsConfig (MetricsConfig.java:loadFirst(134)) - Cannot locate configuration: tried hadoop-metrics2-storagecontainermanager.properties,hadoop-metrics2.properties
2019-08-20 15:02:08,962 [Thread-345] INFO  impl.MetricsSystemImpl (MetricsSystemImpl.java:startTimer(374)) - Scheduled Metric snapshot period at 10 second(s).
2019-08-20 15:02:08,962 [Thread-345] INFO  impl.MetricsSystemImpl (MetricsSystemImpl.java:start(191)) - StorageContainerManager metrics system started
2019-08-20 15:02:09,007 [Thread-345] INFO  server.SCMClientProtocolServer (SCMClientProtocolServer.java:start(151)) - RPC server for Client  is listening at /0.0.0.0:42908
2019-08-20 15:02:09,007 [IPC Server Responder] INFO  ipc.Server (Server.java:run(1314)) - IPC Server Responder: starting
2019-08-20 15:02:09,007 [IPC Server listener on 42908] INFO  ipc.Server (Server.java:run(1153)) - IPC Server listener on 42908: starting
2019-08-20 15:02:09,009 [Thread-345] INFO  server.StorageContainerManager (StorageContainerManager.java:start(769)) - ScmBlockLocationProtocol RPC server is listening at /0.0.0.0:36418
2019-08-20 15:02:09,009 [Thread-345] INFO  server.SCMBlockProtocolServer (SCMBlockProtocolServer.java:start(140)) - RPC server for Block Protocol is listening at /0.0.0.0:36418
2019-08-20 15:02:09,010 [IPC Server Responder] INFO  ipc.Server (Server.java:run(1314)) - IPC Server Responder: starting
2019-08-20 15:02:09,010 [IPC Server listener on 36418] INFO  ipc.Server (Server.java:run(1153)) - IPC Server listener on 36418: starting
2019-08-20 15:02:09,012 [Thread-345] INFO  server.StorageContainerManager (StorageContainerManager.java:start(773)) - ScmDatanodeProtocl RPC server is listening at /0.0.0.0:35622
2019-08-20 15:02:09,012 [Thread-345] INFO  server.SCMDatanodeProtocolServer (SCMDatanodeProtocolServer.java:start(191)) - RPC server for DataNodes is listening at /0.0.0.0:35622
2019-08-20 15:02:09,012 [IPC Server Responder] INFO  ipc.Server (Server.java:run(1314)) - IPC Server Responder: starting
2019-08-20 15:02:09,012 [IPC Server listener on 35622] INFO  ipc.Server (Server.java:run(1153)) - IPC Server listener on 35622: starting
2019-08-20 15:02:09,015 [Thread-345] INFO  http.HttpServer2 (HttpServer2.java:bindListener(1191)) - Jetty bound to port 38170
2019-08-20 15:02:09,015 [Thread-345] INFO  server.Server (Server.java:doStart(351)) - jetty-9.3.24.v20180605, build timestamp: 2018-06-05T17:11:56Z, git hash: 84205aa28f11a4f31f2a3b86d1bba2cc8ab69827
2019-08-20 15:02:09,017 [Thread-345] INFO  handler.ContextHandler (ContextHandler.java:doStart(781)) - Started o.e.j.s.ServletContextHandler@30a1dff8{/logs,file:///workdir/hadoop-ozone/integration-test/target/log,AVAILABLE}
2019-08-20 15:02:09,018 [Thread-345] INFO  handler.ContextHandler (ContextHandler.java:doStart(781)) - Started o.e.j.s.ServletContextHandler@82cf7a1{/static,file:///workdir/hadoop-ozone/integration-test/target/test-classes/webapps/static,AVAILABLE}
2019-08-20 15:02:09,022 [Thread-345] INFO  handler.ContextHandler (ContextHandler.java:doStart(781)) - Started o.e.j.w.WebAppContext@7988339f{/,file:///workdir/hadoop-ozone/integration-test/target/test-classes/webapps/scm/,AVAILABLE}{/scm}
2019-08-20 15:02:09,023 [Thread-345] INFO  server.AbstractConnector (AbstractConnector.java:doStart(278)) - Started ServerConnector@7c1c37bf{HTTP/1.1,[http/1.1]}{0.0.0.0:38170}
2019-08-20 15:02:09,023 [Thread-345] INFO  server.Server (Server.java:doStart(419)) - Started @47871ms
2019-08-20 15:02:09,023 [Thread-345] INFO  server.BaseHttpServer (BaseHttpServer.java:updateConnectorAddress(213)) - HTTP server of SCM is listening at http://0.0.0.0:38170
2019-08-20 15:02:09,024 [Thread-345] WARN  server.ServerUtils (ServerUtils.java:getDBPath(222)) - ozone.om.db.dirs is not configured. We recommend adding this setting. Falling back to ozone.metadata.dirs instead.
2019-08-20 15:02:09,024 [org.apache.hadoop.util.JvmPauseMonitor$Monitor@144dafc5] INFO  util.JvmPauseMonitor (JvmPauseMonitor.java:run(188)) - Starting JVM pause monitor
2019-08-20 15:02:09,050 [Thread-345] WARN  server.ServerUtils (ServerUtils.java:getDBPath(222)) - ozone.om.db.dirs is not configured. We recommend adding this setting. Falling back to ozone.metadata.dirs instead.
2019-08-20 15:02:09,050 [Thread-345] WARN  server.ServerUtils (ServerUtils.java:getDBPath(222)) - ozone.om.db.dirs is not configured. We recommend adding this setting. Falling back to ozone.metadata.dirs instead.
2019-08-20 15:02:09,051 [Thread-345] INFO  om.OzoneManager (OzoneManager.java:setOMNodeDetails(648)) - OM Service ID is not set. Setting it to the default ID: omServiceIdDefault
2019-08-20 15:02:09,051 [Thread-345] INFO  om.OzoneManager (OzoneManager.java:setOMNodeDetails(654)) - OM Node ID is not set. Setting it to the OmStorage's OmID: 0feb183e-a0f1-4ec3-93dd-66f26c7188f4
2019-08-20 15:02:09,051 [Thread-345] INFO  om.OzoneManager (OzoneManager.java:loadOMHAConfigs(605)) - Found matching OM address with OMServiceId: null, OMNodeId: null, RPC Address: localhost:0 and Ratis port: 9872
2019-08-20 15:02:09,055 | INFO  | SCMAudit | user=jenkins1000 | ip=192.168.36.99 | op=GET_SCM_INFO null | ret=SUCCESS |  
2019-08-20 15:02:09,057 [Thread-345] WARN  server.ServerUtils (ServerUtils.java:getDBPath(222)) - ozone.om.db.dirs is not configured. We recommend adding this setting. Falling back to ozone.metadata.dirs instead.
2019-08-20 15:02:09,058 [Thread-345] INFO  db.DBStoreBuilder (DBStoreBuilder.java:addTable(110)) - using custom profile for table: userTable
2019-08-20 15:02:09,058 [Thread-345] INFO  db.DBStoreBuilder (DBStoreBuilder.java:processTables(161)) - Using default column profile:DBProfile.DISK for Table:userTable
2019-08-20 15:02:09,058 [Thread-345] INFO  db.DBStoreBuilder (DBStoreBuilder.java:addTable(110)) - using custom profile for table: volumeTable
2019-08-20 15:02:09,058 [Thread-345] INFO  db.DBStoreBuilder (DBStoreBuilder.java:processTables(161)) - Using default column profile:DBProfile.DISK for Table:volumeTable
2019-08-20 15:02:09,058 [Thread-345] INFO  db.DBStoreBuilder (DBStoreBuilder.java:addTable(110)) - using custom profile for table: bucketTable
2019-08-20 15:02:09,058 [Thread-345] INFO  db.DBStoreBuilder (DBStoreBuilder.java:processTables(161)) - Using default column profile:DBProfile.DISK for Table:bucketTable
2019-08-20 15:02:09,058 [Thread-345] INFO  db.DBStoreBuilder (DBStoreBuilder.java:addTable(110)) - using custom profile for table: keyTable
2019-08-20 15:02:09,059 [Thread-345] INFO  db.DBStoreBuilder (DBStoreBuilder.java:processTables(161)) - Using default column profile:DBProfile.DISK for Table:keyTable
2019-08-20 15:02:09,059 [Thread-345] INFO  db.DBStoreBuilder (DBStoreBuilder.java:addTable(110)) - using custom profile for table: deletedTable
2019-08-20 15:02:09,059 [Thread-345] INFO  db.DBStoreBuilder (DBStoreBuilder.java:processTables(161)) - Using default column profile:DBProfile.DISK for Table:deletedTable
2019-08-20 15:02:09,059 [Thread-345] INFO  db.DBStoreBuilder (DBStoreBuilder.java:addTable(110)) - using custom profile for table: openKeyTable
2019-08-20 15:02:09,059 [Thread-345] INFO  db.DBStoreBuilder (DBStoreBuilder.java:processTables(161)) - Using default column profile:DBProfile.DISK for Table:openKeyTable
2019-08-20 15:02:09,059 [Thread-345] INFO  db.DBStoreBuilder (DBStoreBuilder.java:addTable(110)) - using custom profile for table: s3Table
2019-08-20 15:02:09,059 [Thread-345] INFO  db.DBStoreBuilder (DBStoreBuilder.java:processTables(161)) - Using default column profile:DBProfile.DISK for Table:s3Table
2019-08-20 15:02:09,060 [Thread-345] INFO  db.DBStoreBuilder (DBStoreBuilder.java:addTable(110)) - using custom profile for table: multipartInfoTable
2019-08-20 15:02:09,060 [Thread-345] INFO  db.DBStoreBuilder (DBStoreBuilder.java:processTables(161)) - Using default column profile:DBProfile.DISK for Table:multipartInfoTable
2019-08-20 15:02:09,060 [Thread-345] INFO  db.DBStoreBuilder (DBStoreBuilder.java:addTable(110)) - using custom profile for table: dTokenTable
2019-08-20 15:02:09,060 [Thread-345] INFO  db.DBStoreBuilder (DBStoreBuilder.java:processTables(161)) - Using default column profile:DBProfile.DISK for Table:dTokenTable
2019-08-20 15:02:09,060 [Thread-345] INFO  db.DBStoreBuilder (DBStoreBuilder.java:addTable(110)) - using custom profile for table: s3SecretTable
2019-08-20 15:02:09,060 [Thread-345] INFO  db.DBStoreBuilder (DBStoreBuilder.java:processTables(161)) - Using default column profile:DBProfile.DISK for Table:s3SecretTable
2019-08-20 15:02:09,060 [Thread-345] INFO  db.DBStoreBuilder (DBStoreBuilder.java:addTable(110)) - using custom profile for table: prefixTable
2019-08-20 15:02:09,060 [Thread-345] INFO  db.DBStoreBuilder (DBStoreBuilder.java:processTables(161)) - Using default column profile:DBProfile.DISK for Table:prefixTable
2019-08-20 15:02:09,061 [Thread-345] INFO  db.DBStoreBuilder (DBStoreBuilder.java:addTable(110)) - using custom profile for table: default
2019-08-20 15:02:09,061 [Thread-345] INFO  db.DBStoreBuilder (DBStoreBuilder.java:processTables(167)) - Using default column profile:DBProfile.DISK for Table:default
2019-08-20 15:02:09,061 [Thread-345] INFO  db.DBStoreBuilder (DBStoreBuilder.java:getDbProfile(198)) - Using default options. DBProfile.DISK
2019-08-20 15:02:09,950 [Thread-345] INFO  ipc.CallQueueManager (CallQueueManager.java:<init>(84)) - Using callQueue: class java.util.concurrent.LinkedBlockingQueue, queueCapacity: 2000, scheduler: class org.apache.hadoop.ipc.DefaultRpcScheduler, ipcBackoff: false.
2019-08-20 15:02:09,951 [Socket Reader #1 for port 41756] INFO  ipc.Server (Server.java:run(1074)) - Starting Socket Reader #1 for port 41756
2019-08-20 15:02:09,966 [Thread-345] INFO  om.OzoneManager (OzoneManager.java:start(1259)) - OzoneManager RPC server is listening at localhost/127.0.0.1:41756
2019-08-20 15:02:09,966 [Thread-345] INFO  impl.MetricsSystemImpl (MetricsSystemImpl.java:init(158)) - OzoneManager metrics system started (again)
2019-08-20 15:02:09,967 [IPC Server Responder] INFO  ipc.Server (Server.java:run(1314)) - IPC Server Responder: starting
2019-08-20 15:02:09,967 [IPC Server listener on 41756] INFO  ipc.Server (Server.java:run(1153)) - IPC Server listener on 41756: starting
2019-08-20 15:02:09,971 [Thread-345] INFO  hdfs.DFSUtil (DFSUtil.java:httpServerTemplateForNNAndJN(1641)) - Starting Web-server for ozoneManager at: http://0.0.0.0:0
2019-08-20 15:02:09,973 [Thread-345] INFO  server.AuthenticationFilter (AuthenticationFilter.java:constructSecretProvider(240)) - Unable to initialize FileSignerSecretProvider, falling back to use random secrets.
2019-08-20 15:02:09,973 [Thread-345] WARN  http.HttpRequestLog (HttpRequestLog.java:getRequestLog(97)) - Jetty request log can only be enabled using Log4j
2019-08-20 15:02:09,974 [Thread-345] INFO  http.HttpServer2 (HttpServer2.java:addGlobalFilter(975)) - Added global filter 'safety' (class=org.apache.hadoop.http.HttpServer2$QuotingInputFilter)
2019-08-20 15:02:09,975 [Thread-345] INFO  http.HttpServer2 (HttpServer2.java:addFilter(948)) - Added filter static_user_filter (class=org.apache.hadoop.http.lib.StaticUserWebFilter$StaticUserFilter) to context ozoneManager
2019-08-20 15:02:09,975 [Thread-345] INFO  http.HttpServer2 (HttpServer2.java:addFilter(958)) - Added filter static_user_filter (class=org.apache.hadoop.http.lib.StaticUserWebFilter$StaticUserFilter) to context logs
2019-08-20 15:02:09,975 [Thread-345] INFO  http.HttpServer2 (HttpServer2.java:addFilter(958)) - Added filter static_user_filter (class=org.apache.hadoop.http.lib.StaticUserWebFilter$StaticUserFilter) to context static
2019-08-20 15:02:09,976 [Thread-345] INFO  http.HttpServer2 (HttpServer2.java:bindListener(1191)) - Jetty bound to port 32902
2019-08-20 15:02:09,976 [Thread-345] INFO  server.Server (Server.java:doStart(351)) - jetty-9.3.24.v20180605, build timestamp: 2018-06-05T17:11:56Z, git hash: 84205aa28f11a4f31f2a3b86d1bba2cc8ab69827
2019-08-20 15:02:09,977 [Thread-345] INFO  handler.ContextHandler (ContextHandler.java:doStart(781)) - Started o.e.j.s.ServletContextHandler@2c28c44d{/logs,file:///workdir/hadoop-ozone/integration-test/target/log,AVAILABLE}
2019-08-20 15:02:09,978 [Thread-345] INFO  handler.ContextHandler (ContextHandler.java:doStart(781)) - Started o.e.j.s.ServletContextHandler@e0585f9{/static,file:///workdir/hadoop-ozone/integration-test/target/test-classes/webapps/static,AVAILABLE}
2019-08-20 15:02:09,982 [Thread-345] INFO  handler.ContextHandler (ContextHandler.java:doStart(781)) - Started o.e.j.w.WebAppContext@4b658e31{/,file:///workdir/hadoop-ozone/integration-test/target/test-classes/webapps/ozoneManager/,AVAILABLE}{/ozoneManager}
2019-08-20 15:02:09,983 [Thread-345] INFO  server.AbstractConnector (AbstractConnector.java:doStart(278)) - Started ServerConnector@7335714b{HTTP/1.1,[http/1.1]}{0.0.0.0:32902}
2019-08-20 15:02:09,983 [Thread-345] INFO  server.Server (Server.java:doStart(419)) - Started @48832ms
2019-08-20 15:02:09,984 [Thread-345] INFO  server.BaseHttpServer (BaseHttpServer.java:updateConnectorAddress(213)) - HTTP server of OZONEMANAGER is listening at http://0.0.0.0:32902
2019-08-20 15:02:09,991 [Thread-345] INFO  impl.MetricsSystemImpl (MetricsSystemImpl.java:init(158)) - HddsDatanode metrics system started (again)
2019-08-20 15:02:09,993 [Thread-345] INFO  ozone.HddsDatanodeService (HddsDatanodeService.java:start(184)) - HddsDatanodeService host:pr-hdds-1950-vsl5z-1698008226 ip:192.168.36.99
2019-08-20 15:02:09,999 [Thread-345] INFO  volume.HddsVolume (HddsVolume.java:<init>(176)) - Creating Volume: /workdir/hadoop-ozone/integration-test/target/test-dir/MiniOzoneClusterImpl-c8129239-5fa4-43d5-9fc3-37839c077eab/datanode-0/data/containers/hdds of  storage type : DISK and capacity : 1482555576320
2019-08-20 15:02:09,999 [Thread-345] INFO  volume.VolumeSet (VolumeSet.java:initializeVolumeSet(170)) - Added Volume : /workdir/hadoop-ozone/integration-test/target/test-dir/MiniOzoneClusterImpl-c8129239-5fa4-43d5-9fc3-37839c077eab/datanode-0/data/containers/hdds to VolumeSet
2019-08-20 15:02:09,999 [Thread-345] INFO  volume.ThrottledAsyncChecker (ThrottledAsyncChecker.java:schedule(140)) - Scheduling a check for org.apache.hadoop.ozone.container.common.volume.HddsVolume@25ec2919
2019-08-20 15:02:10,000 [Thread-345] INFO  volume.HddsVolumeChecker (HddsVolumeChecker.java:checkAllVolumes(203)) - Scheduled health check for volume org.apache.hadoop.ozone.container.common.volume.HddsVolume@25ec2919
2019-08-20 15:02:10,014 [Thread-345] INFO  impl.RaftServerProxy (ConfUtils.java:logGet(43)) - raft.rpc.type = GRPC (default)
2019-08-20 15:02:10,014 [Thread-345] INFO  grpc.GrpcFactory (GrpcFactory.java:checkPooledByteBufAllocatorUseCacheForAllThreads(45)) - PERFORMANCE WARNING: useCacheForAllThreads is true that may cause Netty to create a lot garbage objects and, as a result, trigger GC.
	It is recommended to disable useCacheForAllThreads by setting -Dorg.apache.ratis.thirdparty.io.netty.allocator.useCacheForAllThreads=false in command line.
2019-08-20 15:02:10,014 [Thread-345] INFO  grpc.GrpcConfigKeys$Server (ConfUtils.java:logGet(43)) - raft.grpc.server.port = 0 (default)
2019-08-20 15:02:10,014 [Thread-345] INFO  server.GrpcService (ConfUtils.java:logGet(43)) - raft.grpc.message.size.max = 33570816 (custom)
2019-08-20 15:02:10,015 [Thread-345] INFO  server.RaftServerConfigKeys (ConfUtils.java:logGet(43)) - raft.server.log.appender.buffer.byte-limit = 33554432 (custom)
2019-08-20 15:02:10,015 [Thread-345] INFO  server.GrpcService (ConfUtils.java:logGet(43)) - raft.grpc.flow.control.window = 1MB (=1048576) (default)
2019-08-20 15:02:10,015 [Thread-345] INFO  server.RaftServerConfigKeys (ConfUtils.java:logGet(43)) - raft.server.rpc.request.timeout = 3000ms (default)
2019-08-20 15:02:10,015 [Thread-345] INFO  server.RaftServerConfigKeys (ConfUtils.java:logGet(43)) - raft.server.storage.dir = [/workdir/hadoop-ozone/integration-test/target/test-dir/MiniOzoneClusterImpl-c8129239-5fa4-43d5-9fc3-37839c077eab/datanode-0/data/ratis] (custom)
2019-08-20 15:02:10,016 [Thread-345] INFO  replication.SimpleContainerDownloader (SimpleContainerDownloader.java:<init>(72)) - Starting container downloader service to copy containers to replicate.
2019-08-20 15:02:10,017 [Thread-345] INFO  hdfs.DFSUtil (DFSUtil.java:httpServerTemplateForNNAndJN(1641)) - Starting Web-server for hddsDatanode at: http://0.0.0.0:0
2019-08-20 15:02:10,018 [Thread-345] INFO  server.AuthenticationFilter (AuthenticationFilter.java:constructSecretProvider(240)) - Unable to initialize FileSignerSecretProvider, falling back to use random secrets.
2019-08-20 15:02:10,019 [Thread-345] WARN  http.HttpRequestLog (HttpRequestLog.java:getRequestLog(97)) - Jetty request log can only be enabled using Log4j
2019-08-20 15:02:10,020 [Thread-345] INFO  http.HttpServer2 (HttpServer2.java:addGlobalFilter(975)) - Added global filter 'safety' (class=org.apache.hadoop.http.HttpServer2$QuotingInputFilter)
2019-08-20 15:02:10,021 [Thread-345] INFO  http.HttpServer2 (HttpServer2.java:addFilter(948)) - Added filter static_user_filter (class=org.apache.hadoop.http.lib.StaticUserWebFilter$StaticUserFilter) to context hddsDatanode
2019-08-20 15:02:10,021 [Thread-345] INFO  http.HttpServer2 (HttpServer2.java:addFilter(958)) - Added filter static_user_filter (class=org.apache.hadoop.http.lib.StaticUserWebFilter$StaticUserFilter) to context logs
2019-08-20 15:02:10,021 [Thread-345] INFO  http.HttpServer2 (HttpServer2.java:addFilter(958)) - Added filter static_user_filter (class=org.apache.hadoop.http.lib.StaticUserWebFilter$StaticUserFilter) to context static
2019-08-20 15:02:10,022 [Thread-345] INFO  http.HttpServer2 (HttpServer2.java:bindListener(1191)) - Jetty bound to port 46040
2019-08-20 15:02:10,022 [Thread-345] INFO  server.Server (Server.java:doStart(351)) - jetty-9.3.24.v20180605, build timestamp: 2018-06-05T17:11:56Z, git hash: 84205aa28f11a4f31f2a3b86d1bba2cc8ab69827
2019-08-20 15:02:10,023 [Thread-345] INFO  handler.ContextHandler (ContextHandler.java:doStart(781)) - Started o.e.j.s.ServletContextHandler@79eddace{/logs,file:///workdir/hadoop-ozone/integration-test/target/log,AVAILABLE}
2019-08-20 15:02:10,024 [Thread-345] INFO  handler.ContextHandler (ContextHandler.java:doStart(781)) - Started o.e.j.s.ServletContextHandler@6e2b4a60{/static,jar:file:/home/user/.m2/repository/org/apache/hadoop/hadoop-hdds-container-service/0.5.0-SNAPSHOT/hadoop-hdds-container-service-0.5.0-SNAPSHOT.jar!/webapps/static,AVAILABLE}
2019-08-20 15:02:10,052 [Thread-345] INFO  handler.ContextHandler (ContextHandler.java:doStart(781)) - Started o.e.j.w.WebAppContext@4c308e3b{/,file:///tmp/jetty-0.0.0.0-46040-hddsDatanode-_-any-341578657458881012.dir/webapp/,AVAILABLE}{/hddsDatanode}
2019-08-20 15:02:10,053 [Thread-345] INFO  server.AbstractConnector (AbstractConnector.java:doStart(278)) - Started ServerConnector@706ceb5c{HTTP/1.1,[http/1.1]}{0.0.0.0:46040}
2019-08-20 15:02:10,054 [Thread-345] INFO  server.Server (Server.java:doStart(419)) - Started @48902ms
2019-08-20 15:02:10,054 [Thread-345] INFO  server.BaseHttpServer (BaseHttpServer.java:updateConnectorAddress(213)) - HTTP server of HDDSDATANODE is listening at http://0.0.0.0:46040
2019-08-20 15:02:10,197 | INFO  | ObjectStoreRestHttpServer | Listening HDDS REST traffic on /0.0.0.0:35733 |  
2019-08-20 15:02:10,197 [Thread-345] INFO  ozone.HddsDatanodeService (HddsDatanodeService.java:startPlugins(395)) - Started plug-in org.apache.hadoop.ozone.web.OzoneHddsDatanodeService@6efe4fa6
2019-08-20 15:02:10,198 [Thread-345] INFO  impl.MetricsSystemImpl (MetricsSystemImpl.java:init(158)) - HddsDatanode metrics system started (again)
2019-08-20 15:02:10,201 [org.apache.hadoop.util.JvmPauseMonitor$Monitor@56b2a460] INFO  util.JvmPauseMonitor (JvmPauseMonitor.java:run(188)) - Starting JVM pause monitor
2019-08-20 15:02:10,201 [Thread-345] INFO  ozone.HddsDatanodeService (HddsDatanodeService.java:start(184)) - HddsDatanodeService host:pr-hdds-1950-vsl5z-1698008226 ip:192.168.36.99
2019-08-20 15:02:10,204 [Datanode State Machine Thread - 0] INFO  datanode.InitDatanodeState (InitDatanodeState.java:persistContainerDatanodeDetails(140)) - DatanodeDetails is persisted to /workdir/hadoop-ozone/integration-test/target/test-dir/MiniOzoneClusterImpl-c8129239-5fa4-43d5-9fc3-37839c077eab/datanode-0/meta/datanode.id
2019-08-20 15:02:10,207 [Thread-345] INFO  volume.HddsVolume (HddsVolume.java:<init>(176)) - Creating Volume: /workdir/hadoop-ozone/integration-test/target/test-dir/MiniOzoneClusterImpl-c8129239-5fa4-43d5-9fc3-37839c077eab/datanode-1/data/containers/hdds of  storage type : DISK and capacity : 1482555576320
2019-08-20 15:02:10,213 [Thread-345] INFO  volume.VolumeSet (VolumeSet.java:initializeVolumeSet(170)) - Added Volume : /workdir/hadoop-ozone/integration-test/target/test-dir/MiniOzoneClusterImpl-c8129239-5fa4-43d5-9fc3-37839c077eab/datanode-1/data/containers/hdds to VolumeSet
2019-08-20 15:02:10,213 [Thread-345] INFO  volume.ThrottledAsyncChecker (ThrottledAsyncChecker.java:schedule(140)) - Scheduling a check for org.apache.hadoop.ozone.container.common.volume.HddsVolume@7caf30f4
2019-08-20 15:02:10,214 [Thread-345] INFO  volume.HddsVolumeChecker (HddsVolumeChecker.java:checkAllVolumes(203)) - Scheduled health check for volume org.apache.hadoop.ozone.container.common.volume.HddsVolume@7caf30f4
2019-08-20 15:02:10,234 [Thread-345] INFO  impl.RaftServerProxy (ConfUtils.java:logGet(43)) - raft.rpc.type = GRPC (default)
2019-08-20 15:02:10,235 [Thread-345] INFO  grpc.GrpcFactory (GrpcFactory.java:checkPooledByteBufAllocatorUseCacheForAllThreads(45)) - PERFORMANCE WARNING: useCacheForAllThreads is true that may cause Netty to create a lot garbage objects and, as a result, trigger GC.
	It is recommended to disable useCacheForAllThreads by setting -Dorg.apache.ratis.thirdparty.io.netty.allocator.useCacheForAllThreads=false in command line.
2019-08-20 15:02:10,235 [Thread-345] INFO  grpc.GrpcConfigKeys$Server (ConfUtils.java:logGet(43)) - raft.grpc.server.port = 0 (default)
2019-08-20 15:02:10,235 [Thread-345] INFO  server.GrpcService (ConfUtils.java:logGet(43)) - raft.grpc.message.size.max = 33570816 (custom)
2019-08-20 15:02:10,236 [Thread-345] INFO  server.RaftServerConfigKeys (ConfUtils.java:logGet(43)) - raft.server.log.appender.buffer.byte-limit = 33554432 (custom)
2019-08-20 15:02:10,236 [Thread-345] INFO  server.GrpcService (ConfUtils.java:logGet(43)) - raft.grpc.flow.control.window = 1MB (=1048576) (default)
2019-08-20 15:02:10,236 [Thread-345] INFO  server.RaftServerConfigKeys (ConfUtils.java:logGet(43)) - raft.server.rpc.request.timeout = 3000ms (default)
2019-08-20 15:02:10,237 [Thread-345] INFO  server.RaftServerConfigKeys (ConfUtils.java:logGet(43)) - raft.server.storage.dir = [/workdir/hadoop-ozone/integration-test/target/test-dir/MiniOzoneClusterImpl-c8129239-5fa4-43d5-9fc3-37839c077eab/datanode-1/data/ratis] (custom)
2019-08-20 15:02:10,238 [Thread-345] INFO  replication.SimpleContainerDownloader (SimpleContainerDownloader.java:<init>(72)) - Starting container downloader service to copy containers to replicate.
2019-08-20 15:02:10,239 [Thread-345] INFO  hdfs.DFSUtil (DFSUtil.java:httpServerTemplateForNNAndJN(1641)) - Starting Web-server for hddsDatanode at: http://0.0.0.0:0
2019-08-20 15:02:10,241 [Thread-345] INFO  server.AuthenticationFilter (AuthenticationFilter.java:constructSecretProvider(240)) - Unable to initialize FileSignerSecretProvider, falling back to use random secrets.
2019-08-20 15:02:10,242 [Thread-345] WARN  http.HttpRequestLog (HttpRequestLog.java:getRequestLog(97)) - Jetty request log can only be enabled using Log4j
2019-08-20 15:02:10,244 [Thread-345] INFO  http.HttpServer2 (HttpServer2.java:addGlobalFilter(975)) - Added global filter 'safety' (class=org.apache.hadoop.http.HttpServer2$QuotingInputFilter)
2019-08-20 15:02:10,245 [Thread-345] INFO  http.HttpServer2 (HttpServer2.java:addFilter(948)) - Added filter static_user_filter (class=org.apache.hadoop.http.lib.StaticUserWebFilter$StaticUserFilter) to context hddsDatanode
2019-08-20 15:02:10,245 [Thread-345] INFO  http.HttpServer2 (HttpServer2.java:addFilter(958)) - Added filter static_user_filter (class=org.apache.hadoop.http.lib.StaticUserWebFilter$StaticUserFilter) to context static
2019-08-20 15:02:10,245 [Thread-345] INFO  http.HttpServer2 (HttpServer2.java:addFilter(958)) - Added filter static_user_filter (class=org.apache.hadoop.http.lib.StaticUserWebFilter$StaticUserFilter) to context logs
2019-08-20 15:02:10,246 [Thread-345] INFO  http.HttpServer2 (HttpServer2.java:bindListener(1191)) - Jetty bound to port 40668
2019-08-20 15:02:10,246 [Thread-345] INFO  server.Server (Server.java:doStart(351)) - jetty-9.3.24.v20180605, build timestamp: 2018-06-05T17:11:56Z, git hash: 84205aa28f11a4f31f2a3b86d1bba2cc8ab69827
2019-08-20 15:02:10,248 [Thread-345] INFO  handler.ContextHandler (ContextHandler.java:doStart(781)) - Started o.e.j.s.ServletContextHandler@32043dda{/logs,file:///workdir/hadoop-ozone/integration-test/target/log,AVAILABLE}
2019-08-20 15:02:10,249 [Thread-345] INFO  handler.ContextHandler (ContextHandler.java:doStart(781)) - Started o.e.j.s.ServletContextHandler@308dda8d{/static,jar:file:/home/user/.m2/repository/org/apache/hadoop/hadoop-hdds-container-service/0.5.0-SNAPSHOT/hadoop-hdds-container-service-0.5.0-SNAPSHOT.jar!/webapps/static,AVAILABLE}
2019-08-20 15:02:10,286 [Thread-345] INFO  handler.ContextHandler (ContextHandler.java:doStart(781)) - Started o.e.j.w.WebAppContext@38068287{/,file:///tmp/jetty-0.0.0.0-40668-hddsDatanode-_-any-114389655883198654.dir/webapp/,AVAILABLE}{/hddsDatanode}
2019-08-20 15:02:10,287 [Thread-345] INFO  server.AbstractConnector (AbstractConnector.java:doStart(278)) - Started ServerConnector@75ff6c28{HTTP/1.1,[http/1.1]}{0.0.0.0:40668}
2019-08-20 15:02:10,287 [Thread-345] INFO  server.Server (Server.java:doStart(419)) - Started @49136ms
2019-08-20 15:02:10,288 [Thread-345] INFO  server.BaseHttpServer (BaseHttpServer.java:updateConnectorAddress(213)) - HTTP server of HDDSDATANODE is listening at http://0.0.0.0:40668
2019-08-20 15:02:10,451 | INFO  | ObjectStoreRestHttpServer | Listening HDDS REST traffic on /0.0.0.0:42032 |  
2019-08-20 15:02:10,451 [Thread-345] INFO  ozone.HddsDatanodeService (HddsDatanodeService.java:startPlugins(395)) - Started plug-in org.apache.hadoop.ozone.web.OzoneHddsDatanodeService@5310095e
2019-08-20 15:02:10,452 [Thread-345] INFO  impl.MetricsSystemImpl (MetricsSystemImpl.java:init(158)) - HddsDatanode metrics system started (again)
2019-08-20 15:02:10,455 [org.apache.hadoop.util.JvmPauseMonitor$Monitor@6c09bd83] INFO  util.JvmPauseMonitor (JvmPauseMonitor.java:run(188)) - Starting JVM pause monitor
2019-08-20 15:02:10,456 [Thread-345] INFO  ozone.HddsDatanodeService (HddsDatanodeService.java:start(184)) - HddsDatanodeService host:pr-hdds-1950-vsl5z-1698008226 ip:192.168.36.99
2019-08-20 15:02:10,457 [Datanode State Machine Thread - 0] INFO  datanode.InitDatanodeState (InitDatanodeState.java:persistContainerDatanodeDetails(140)) - DatanodeDetails is persisted to /workdir/hadoop-ozone/integration-test/target/test-dir/MiniOzoneClusterImpl-c8129239-5fa4-43d5-9fc3-37839c077eab/datanode-1/meta/datanode.id
2019-08-20 15:02:10,461 [Thread-345] INFO  volume.HddsVolume (HddsVolume.java:<init>(176)) - Creating Volume: /workdir/hadoop-ozone/integration-test/target/test-dir/MiniOzoneClusterImpl-c8129239-5fa4-43d5-9fc3-37839c077eab/datanode-2/data/containers/hdds of  storage type : DISK and capacity : 1482555576320
2019-08-20 15:02:10,462 [Thread-345] INFO  volume.VolumeSet (VolumeSet.java:initializeVolumeSet(170)) - Added Volume : /workdir/hadoop-ozone/integration-test/target/test-dir/MiniOzoneClusterImpl-c8129239-5fa4-43d5-9fc3-37839c077eab/datanode-2/data/containers/hdds to VolumeSet
2019-08-20 15:02:10,462 [Thread-345] INFO  volume.ThrottledAsyncChecker (ThrottledAsyncChecker.java:schedule(140)) - Scheduling a check for org.apache.hadoop.ozone.container.common.volume.HddsVolume@2d38640b
2019-08-20 15:02:10,462 [Thread-345] INFO  volume.HddsVolumeChecker (HddsVolumeChecker.java:checkAllVolumes(203)) - Scheduled health check for volume org.apache.hadoop.ozone.container.common.volume.HddsVolume@2d38640b
2019-08-20 15:02:10,476 [Thread-345] INFO  impl.RaftServerProxy (ConfUtils.java:logGet(43)) - raft.rpc.type = GRPC (default)
2019-08-20 15:02:10,477 [Thread-345] INFO  grpc.GrpcFactory (GrpcFactory.java:checkPooledByteBufAllocatorUseCacheForAllThreads(45)) - PERFORMANCE WARNING: useCacheForAllThreads is true that may cause Netty to create a lot garbage objects and, as a result, trigger GC.
	It is recommended to disable useCacheForAllThreads by setting -Dorg.apache.ratis.thirdparty.io.netty.allocator.useCacheForAllThreads=false in command line.
2019-08-20 15:02:10,477 [Thread-345] INFO  grpc.GrpcConfigKeys$Server (ConfUtils.java:logGet(43)) - raft.grpc.server.port = 0 (default)
2019-08-20 15:02:10,477 [Thread-345] INFO  server.GrpcService (ConfUtils.java:logGet(43)) - raft.grpc.message.size.max = 33570816 (custom)
2019-08-20 15:02:10,477 [Thread-345] INFO  server.RaftServerConfigKeys (ConfUtils.java:logGet(43)) - raft.server.log.appender.buffer.byte-limit = 33554432 (custom)
2019-08-20 15:02:10,477 [Thread-345] INFO  server.GrpcService (ConfUtils.java:logGet(43)) - raft.grpc.flow.control.window = 1MB (=1048576) (default)
2019-08-20 15:02:10,477 [Thread-345] INFO  server.RaftServerConfigKeys (ConfUtils.java:logGet(43)) - raft.server.rpc.request.timeout = 3000ms (default)
2019-08-20 15:02:10,478 [Thread-345] INFO  server.RaftServerConfigKeys (ConfUtils.java:logGet(43)) - raft.server.storage.dir = [/workdir/hadoop-ozone/integration-test/target/test-dir/MiniOzoneClusterImpl-c8129239-5fa4-43d5-9fc3-37839c077eab/datanode-2/data/ratis] (custom)
2019-08-20 15:02:10,478 [Thread-345] INFO  replication.SimpleContainerDownloader (SimpleContainerDownloader.java:<init>(72)) - Starting container downloader service to copy containers to replicate.
2019-08-20 15:02:10,479 [Thread-345] INFO  hdfs.DFSUtil (DFSUtil.java:httpServerTemplateForNNAndJN(1641)) - Starting Web-server for hddsDatanode at: http://0.0.0.0:0
2019-08-20 15:02:10,480 [Thread-345] INFO  server.AuthenticationFilter (AuthenticationFilter.java:constructSecretProvider(240)) - Unable to initialize FileSignerSecretProvider, falling back to use random secrets.
2019-08-20 15:02:10,481 [Thread-345] WARN  http.HttpRequestLog (HttpRequestLog.java:getRequestLog(97)) - Jetty request log can only be enabled using Log4j
2019-08-20 15:02:10,482 [Thread-345] INFO  http.HttpServer2 (HttpServer2.java:addGlobalFilter(975)) - Added global filter 'safety' (class=org.apache.hadoop.http.HttpServer2$QuotingInputFilter)
2019-08-20 15:02:10,483 [Thread-345] INFO  http.HttpServer2 (HttpServer2.java:addFilter(948)) - Added filter static_user_filter (class=org.apache.hadoop.http.lib.StaticUserWebFilter$StaticUserFilter) to context hddsDatanode
2019-08-20 15:02:10,483 [Thread-345] INFO  http.HttpServer2 (HttpServer2.java:addFilter(958)) - Added filter static_user_filter (class=org.apache.hadoop.http.lib.StaticUserWebFilter$StaticUserFilter) to context static
2019-08-20 15:02:10,483 [Thread-345] INFO  http.HttpServer2 (HttpServer2.java:addFilter(958)) - Added filter static_user_filter (class=org.apache.hadoop.http.lib.StaticUserWebFilter$StaticUserFilter) to context logs
2019-08-20 15:02:10,484 [Thread-345] INFO  http.HttpServer2 (HttpServer2.java:bindListener(1191)) - Jetty bound to port 37463
2019-08-20 15:02:10,484 [Thread-345] INFO  server.Server (Server.java:doStart(351)) - jetty-9.3.24.v20180605, build timestamp: 2018-06-05T17:11:56Z, git hash: 84205aa28f11a4f31f2a3b86d1bba2cc8ab69827
2019-08-20 15:02:10,485 [Thread-345] INFO  handler.ContextHandler (ContextHandler.java:doStart(781)) - Started o.e.j.s.ServletContextHandler@5303d38f{/logs,file:///workdir/hadoop-ozone/integration-test/target/log,AVAILABLE}
2019-08-20 15:02:10,486 [Thread-345] INFO  handler.ContextHandler (ContextHandler.java:doStart(781)) - Started o.e.j.s.ServletContextHandler@ec7b3f2{/static,jar:file:/home/user/.m2/repository/org/apache/hadoop/hadoop-hdds-container-service/0.5.0-SNAPSHOT/hadoop-hdds-container-service-0.5.0-SNAPSHOT.jar!/webapps/static,AVAILABLE}
2019-08-20 15:02:10,698 [Thread-345] INFO  handler.ContextHandler (ContextHandler.java:doStart(781)) - Started o.e.j.w.WebAppContext@74eddbe3{/,file:///tmp/jetty-0.0.0.0-37463-hddsDatanode-_-any-4520892628869362432.dir/webapp/,AVAILABLE}{/hddsDatanode}
2019-08-20 15:02:10,699 [Thread-345] INFO  server.AbstractConnector (AbstractConnector.java:doStart(278)) - Started ServerConnector@440156b3{HTTP/1.1,[http/1.1]}{0.0.0.0:37463}
2019-08-20 15:02:10,699 [Thread-345] INFO  server.Server (Server.java:doStart(419)) - Started @49548ms
2019-08-20 15:02:10,700 [Thread-345] INFO  server.BaseHttpServer (BaseHttpServer.java:updateConnectorAddress(213)) - HTTP server of HDDSDATANODE is listening at http://0.0.0.0:37463
2019-08-20 15:02:10,887 | INFO  | ObjectStoreRestHttpServer | Listening HDDS REST traffic on /0.0.0.0:45163 |  
2019-08-20 15:02:10,887 [Thread-345] INFO  ozone.HddsDatanodeService (HddsDatanodeService.java:startPlugins(395)) - Started plug-in org.apache.hadoop.ozone.web.OzoneHddsDatanodeService@6d921440
2019-08-20 15:02:10,888 [Thread-345] INFO  ozone.MiniOzoneClusterImpl (MiniOzoneClusterImpl.java:lambda$waitForClusterToBeReady$0(142)) - Waiting for cluster to be ready. Got 0 of 3 DN Heartbeats.
2019-08-20 15:02:10,890 [org.apache.hadoop.util.JvmPauseMonitor$Monitor@24127adc] INFO  util.JvmPauseMonitor (JvmPauseMonitor.java:run(188)) - Starting JVM pause monitor
2019-08-20 15:02:10,892 [Datanode State Machine Thread - 0] INFO  datanode.InitDatanodeState (InitDatanodeState.java:persistContainerDatanodeDetails(140)) - DatanodeDetails is persisted to /workdir/hadoop-ozone/integration-test/target/test-dir/MiniOzoneClusterImpl-c8129239-5fa4-43d5-9fc3-37839c077eab/datanode-2/meta/datanode.id
2019-08-20 15:02:11,889 [Thread-345] INFO  ozone.MiniOzoneClusterImpl (MiniOzoneClusterImpl.java:lambda$waitForClusterToBeReady$0(142)) - Waiting for cluster to be ready. Got 0 of 3 DN Heartbeats.
2019-08-20 15:02:12,205 | INFO  | SCMAudit | user=jenkins1000 | ip=192.168.36.99 | op=GET_VERSION null | ret=SUCCESS |  
2019-08-20 15:02:12,222 [Datanode State Machine Thread - 0] INFO  ozoneimpl.OzoneContainer (OzoneContainer.java:start(186)) - Attempting to start container services.
2019-08-20 15:02:12,223 [Datanode State Machine Thread - 0] INFO  ozoneimpl.OzoneContainer (OzoneContainer.java:startContainerScrub(160)) - Background container scrubber has been disabled by hdds.containerscrub.enabled
2019-08-20 15:02:12,223 [Datanode State Machine Thread - 0] INFO  ratis.XceiverServerRatis (XceiverServerRatis.java:start(404)) - Starting XceiverServerRatis 8b1d3c45-464e-411c-9a1c-fa8558034422 at port 0
2019-08-20 15:02:12,227 [Datanode State Machine Thread - 0] INFO  impl.RaftServerProxy (RaftServerProxy.java:lambda$start$3(299)) - 8b1d3c45-464e-411c-9a1c-fa8558034422: start RPC server
2019-08-20 15:02:12,230 [Datanode State Machine Thread - 0] INFO  server.GrpcService (GrpcService.java:startImpl(149)) - 8b1d3c45-464e-411c-9a1c-fa8558034422: GrpcService started, listening on 0.0.0.0/0.0.0.0:44849
2019-08-20 15:02:12,230 [Datanode State Machine Thread - 0] INFO  ratis.XceiverServerRatis (XceiverServerRatis.java:start(414)) - XceiverServerRatis 8b1d3c45-464e-411c-9a1c-fa8558034422 is started using port 44849
2019-08-20 15:02:12,231 [Datanode State Machine Thread - 0] INFO  server.XceiverServerGrpc (XceiverServerGrpc.java:start(161)) - XceiverServerGrpc 8b1d3c45-464e-411c-9a1c-fa8558034422 is started using port 34611
2019-08-20 15:02:12,456 | INFO  | SCMAudit | user=jenkins1000 | ip=192.168.36.99 | op=GET_VERSION null | ret=SUCCESS |  
2019-08-20 15:02:12,473 [Datanode State Machine Thread - 0] INFO  ozoneimpl.OzoneContainer (OzoneContainer.java:start(186)) - Attempting to start container services.
2019-08-20 15:02:12,476 [Datanode State Machine Thread - 0] INFO  ozoneimpl.OzoneContainer (OzoneContainer.java:startContainerScrub(160)) - Background container scrubber has been disabled by hdds.containerscrub.enabled
2019-08-20 15:02:12,476 [Datanode State Machine Thread - 0] INFO  ratis.XceiverServerRatis (XceiverServerRatis.java:start(404)) - Starting XceiverServerRatis 5c23d56f-781b-40f4-b763-dd6ad64f36ec at port 0
2019-08-20 15:02:12,482 [Datanode State Machine Thread - 0] INFO  impl.RaftServerProxy (RaftServerProxy.java:lambda$start$3(299)) - 5c23d56f-781b-40f4-b763-dd6ad64f36ec: start RPC server
2019-08-20 15:02:12,483 [Datanode State Machine Thread - 0] INFO  server.GrpcService (GrpcService.java:startImpl(149)) - 5c23d56f-781b-40f4-b763-dd6ad64f36ec: GrpcService started, listening on 0.0.0.0/0.0.0.0:41272
2019-08-20 15:02:12,484 [Datanode State Machine Thread - 0] INFO  ratis.XceiverServerRatis (XceiverServerRatis.java:start(414)) - XceiverServerRatis 5c23d56f-781b-40f4-b763-dd6ad64f36ec is started using port 41272
2019-08-20 15:02:12,485 [Datanode State Machine Thread - 0] INFO  server.XceiverServerGrpc (XceiverServerGrpc.java:start(161)) - XceiverServerGrpc 5c23d56f-781b-40f4-b763-dd6ad64f36ec is started using port 45178
2019-08-20 15:02:12,890 [Thread-345] INFO  ozone.MiniOzoneClusterImpl (MiniOzoneClusterImpl.java:lambda$waitForClusterToBeReady$0(142)) - Waiting for cluster to be ready. Got 0 of 3 DN Heartbeats.
2019-08-20 15:02:12,892 | INFO  | SCMAudit | user=jenkins1000 | ip=192.168.36.99 | op=GET_VERSION null | ret=SUCCESS |  
2019-08-20 15:02:13,351 [Datanode State Machine Thread - 0] INFO  ozoneimpl.OzoneContainer (OzoneContainer.java:start(186)) - Attempting to start container services.
2019-08-20 15:02:13,354 [Datanode State Machine Thread - 0] INFO  ozoneimpl.OzoneContainer (OzoneContainer.java:startContainerScrub(160)) - Background container scrubber has been disabled by hdds.containerscrub.enabled
2019-08-20 15:02:13,354 [Datanode State Machine Thread - 0] INFO  ratis.XceiverServerRatis (XceiverServerRatis.java:start(404)) - Starting XceiverServerRatis de1a53ad-bbb1-4f1c-a870-9fe3ce57e0b8 at port 0
2019-08-20 15:02:13,359 [Datanode State Machine Thread - 0] INFO  impl.RaftServerProxy (RaftServerProxy.java:lambda$start$3(299)) - de1a53ad-bbb1-4f1c-a870-9fe3ce57e0b8: start RPC server
2019-08-20 15:02:13,360 [Datanode State Machine Thread - 0] INFO  server.GrpcService (GrpcService.java:startImpl(149)) - de1a53ad-bbb1-4f1c-a870-9fe3ce57e0b8: GrpcService started, listening on 0.0.0.0/0.0.0.0:33849
2019-08-20 15:02:13,361 [Datanode State Machine Thread - 0] INFO  ratis.XceiverServerRatis (XceiverServerRatis.java:start(414)) - XceiverServerRatis de1a53ad-bbb1-4f1c-a870-9fe3ce57e0b8 is started using port 33849
2019-08-20 15:02:13,366 [Datanode State Machine Thread - 0] INFO  server.XceiverServerGrpc (XceiverServerGrpc.java:start(161)) - XceiverServerGrpc de1a53ad-bbb1-4f1c-a870-9fe3ce57e0b8 is started using port 39138
2019-08-20 15:02:13,890 [Thread-345] INFO  ozone.MiniOzoneClusterImpl (MiniOzoneClusterImpl.java:lambda$waitForClusterToBeReady$0(142)) - Waiting for cluster to be ready. Got 0 of 3 DN Heartbeats.
2019-08-20 15:02:14,206 [IPC Server handler 2 on 35622] INFO  net.NetworkTopology (NetworkTopologyImpl.java:add(110)) - Added a new node: /default-rack/8b1d3c45-464e-411c-9a1c-fa8558034422
2019-08-20 15:02:14,208 [IPC Server handler 2 on 35622] INFO  node.SCMNodeManager (SCMNodeManager.java:register(273)) - Registered Data node : 8b1d3c45-464e-411c-9a1c-fa8558034422{ip: 192.168.36.99, host: pr-hdds-1950-vsl5z-1698008226, networkLocation: /default-rack, certSerialId: null}
2019-08-20 15:02:14,210 [EventQueue-NodeRegistrationContainerReportForDataNodeSafeModeRule] INFO  safemode.SCMSafeModeManager (DataNodeSafeModeRule.java:process(71)) - SCM in safe mode. 1 DataNodes registered, 1 required.
2019-08-20 15:02:14,212 [EventQueue-NodeRegistrationContainerReportForDataNodeSafeModeRule] INFO  safemode.SCMSafeModeManager (SCMSafeModeManager.java:validateSafeModeExitRules(177)) - ScmSafeModeManager, all rules are successfully validated
2019-08-20 15:02:14,212 | INFO  | SCMAudit | user=jenkins1000 | ip=192.168.36.99 | op=REGISTER {datanodeDetails=8b1d3c45-464e-411c-9a1c-fa8558034422{ip: 192.168.36.99, host: pr-hdds-1950-vsl5z-1698008226, networkLocation: /default-rack, certSerialId: null}} | ret=SUCCESS |  
2019-08-20 15:02:14,212 [EventQueue-NodeRegistrationContainerReportForDataNodeSafeModeRule] INFO  safemode.SCMSafeModeManager (SCMSafeModeManager.java:exitSafeMode(193)) - SCM exiting safe mode.
2019-08-20 15:02:14,233 [grpc-default-executor-0] INFO  impl.RaftServerProxy (RaftServerProxy.java:addNew(89)) - 8b1d3c45-464e-411c-9a1c-fa8558034422: addNew group-E3DF211A7B49:[8b1d3c45-464e-411c-9a1c-fa8558034422:192.168.36.99:44849] returns group-E3DF211A7B49:java.util.concurrent.CompletableFuture@15219df9[Not completed]
2019-08-20 15:02:14,235 [pool-113-thread-1] INFO  impl.RaftServerImpl (RaftServerImpl.java:<init>(93)) - 8b1d3c45-464e-411c-9a1c-fa8558034422: new RaftServerImpl for group-E3DF211A7B49:[8b1d3c45-464e-411c-9a1c-fa8558034422:192.168.36.99:44849] with ContainerStateMachine:uninitialized
2019-08-20 15:02:14,236 [pool-113-thread-1] INFO  server.RaftServerConfigKeys (ConfUtils.java:logGet(43)) - raft.server.rpc.timeout.min = 5s (custom)
2019-08-20 15:02:14,236 [pool-113-thread-1] INFO  server.RaftServerConfigKeys (ConfUtils.java:logGet(43)) - raft.server.rpc.timeout.max = 5200ms (custom)
2019-08-20 15:02:14,236 [pool-113-thread-1] INFO  server.RaftServerConfigKeys (ConfUtils.java:logGet(43)) - raft.server.rpcslowness.timeout = 120s (custom)
2019-08-20 15:02:14,236 [pool-113-thread-1] INFO  server.RaftServerConfigKeys (ConfUtils.java:logGet(43)) - raft.server.sleep.deviation.threshold = 300 (default)
2019-08-20 15:02:14,236 [pool-113-thread-1] INFO  server.RaftServerConfigKeys (ConfUtils.java:logGet(43)) - raft.server.log.appender.install.snapshot.enabled = false (custom)
2019-08-20 15:02:14,237 [pool-113-thread-1] INFO  impl.RaftServerImpl (ServerState.java:<init>(105)) - 8b1d3c45-464e-411c-9a1c-fa8558034422:group-E3DF211A7B49 ConfigurationManager, init=-1: [8b1d3c45-464e-411c-9a1c-fa8558034422:192.168.36.99:44849], old=null, confs=<EMPTY_MAP>
2019-08-20 15:02:14,237 [pool-113-thread-1] INFO  server.RaftServerConfigKeys (ConfUtils.java:logGet(43)) - raft.server.storage.dir = [/workdir/hadoop-ozone/integration-test/target/test-dir/MiniOzoneClusterImpl-c8129239-5fa4-43d5-9fc3-37839c077eab/datanode-0/data/ratis] (custom)
2019-08-20 15:02:14,237 [pool-113-thread-1] INFO  storage.RaftStorageDirectory (RaftStorageDirectory.java:analyzeStorage(246)) - The storage directory /workdir/hadoop-ozone/integration-test/target/test-dir/MiniOzoneClusterImpl-c8129239-5fa4-43d5-9fc3-37839c077eab/datanode-0/data/ratis/615fe691-4d1f-4cfb-b3ca-e3df211a7b49 does not exist. Creating ...
2019-08-20 15:02:14,457 [IPC Server handler 1 on 35622] INFO  net.NetworkTopology (NetworkTopologyImpl.java:add(110)) - Added a new node: /default-rack/5c23d56f-781b-40f4-b763-dd6ad64f36ec
2019-08-20 15:02:14,457 [IPC Server handler 1 on 35622] INFO  node.SCMNodeManager (SCMNodeManager.java:register(273)) - Registered Data node : 5c23d56f-781b-40f4-b763-dd6ad64f36ec{ip: 192.168.36.99, host: pr-hdds-1950-vsl5z-1698008226, networkLocation: /default-rack, certSerialId: null}
2019-08-20 15:02:14,457 | INFO  | SCMAudit | user=jenkins1000 | ip=192.168.36.99 | op=REGISTER {datanodeDetails=5c23d56f-781b-40f4-b763-dd6ad64f36ec{ip: 192.168.36.99, host: pr-hdds-1950-vsl5z-1698008226, networkLocation: /default-rack, certSerialId: null}} | ret=SUCCESS |  
2019-08-20 15:02:14,654 [pool-113-thread-1] INFO  storage.RaftStorageDirectory (RaftStorageDirectory.java:tryLock(328)) - Lock on /workdir/hadoop-ozone/integration-test/target/test-dir/MiniOzoneClusterImpl-c8129239-5fa4-43d5-9fc3-37839c077eab/datanode-0/data/ratis/615fe691-4d1f-4cfb-b3ca-e3df211a7b49/in_use.lock acquired by nodename 4043@pr-hdds-1950-vsl5z-1698008226
2019-08-20 15:02:14,682 [pool-113-thread-1] INFO  storage.RaftStorage (RaftStorage.java:format(72)) - Storage directory /workdir/hadoop-ozone/integration-test/target/test-dir/MiniOzoneClusterImpl-c8129239-5fa4-43d5-9fc3-37839c077eab/datanode-0/data/ratis/615fe691-4d1f-4cfb-b3ca-e3df211a7b49 has been successfully formatted.
2019-08-20 15:02:14,683 [pool-113-thread-1] INFO  ratis.ContainerStateMachine (ContainerStateMachine.java:loadSnapshot(222)) - group-E3DF211A7B49: The snapshot info is null. Setting the last applied indexto:(t:0, i:~)
2019-08-20 15:02:14,683 [pool-113-thread-1] INFO  server.RaftServerConfigKeys (ConfUtils.java:logGet(43)) - raft.server.leader.election.timeout = 120s (custom)
2019-08-20 15:02:14,683 [pool-113-thread-1] INFO  server.RaftServerConfigKeys (ConfUtils.java:logGet(43)) - raft.server.log.use.memory = false (default)
2019-08-20 15:02:14,683 [pool-113-thread-1] INFO  server.RaftServerConfigKeys (ConfUtils.java:logGet(43)) - raft.server.log.purge.gap = 1000000 (custom)
2019-08-20 15:02:14,683 [pool-113-thread-1] INFO  server.RaftServerConfigKeys (ConfUtils.java:logGet(43)) - raft.server.log.appender.buffer.byte-limit = 33554432 (custom)
2019-08-20 15:02:14,684 [pool-113-thread-1] INFO  server.RaftServerConfigKeys (ConfUtils.java:logGet(43)) - raft.server.log.segment.size.max = 1048576 (custom)
2019-08-20 15:02:14,684 [pool-113-thread-1] INFO  server.RaftServerConfigKeys (ConfUtils.java:logGet(43)) - raft.server.log.segment.cache.num.max = 2 (custom)
2019-08-20 15:02:14,684 [pool-113-thread-1] INFO  segmented.SegmentedRaftLogWorker (SegmentedRaftLogWorker.java:<init>(172)) - new 8b1d3c45-464e-411c-9a1c-fa8558034422-SegmentedRaftLogWorker:Storage Directory /workdir/hadoop-ozone/integration-test/target/test-dir/MiniOzoneClusterImpl-c8129239-5fa4-43d5-9fc3-37839c077eab/datanode-0/data/ratis/615fe691-4d1f-4cfb-b3ca-e3df211a7b49 for RaftStorage:Storage Directory /workdir/hadoop-ozone/integration-test/target/test-dir/MiniOzoneClusterImpl-c8129239-5fa4-43d5-9fc3-37839c077eab/datanode-0/data/ratis/615fe691-4d1f-4cfb-b3ca-e3df211a7b49
2019-08-20 15:02:14,684 [pool-113-thread-1] INFO  server.RaftServerConfigKeys (ConfUtils.java:logGet(43)) - raft.server.log.queue.byte-limit = 2147483647 (custom)
2019-08-20 15:02:14,684 [pool-113-thread-1] INFO  server.RaftServerConfigKeys (ConfUtils.java:logGet(43)) - raft.server.log.queue.element-limit = 1024 (custom)
2019-08-20 15:02:14,685 [pool-113-thread-1] INFO  server.RaftServerConfigKeys (ConfUtils.java:logGet(43)) - raft.server.log.segment.size.max = 1048576 (custom)
2019-08-20 15:02:14,685 [pool-113-thread-1] INFO  server.RaftServerConfigKeys (ConfUtils.java:logGet(43)) - raft.server.log.preallocated.size = 16384 (custom)
2019-08-20 15:02:14,685 [pool-113-thread-1] INFO  server.RaftServerConfigKeys (ConfUtils.java:logGet(43)) - raft.server.log.write.buffer.size = 33554432 (custom)
2019-08-20 15:02:14,685 [pool-113-thread-1] INFO  server.RaftServerConfigKeys (ConfUtils.java:logGet(43)) - raft.server.log.force.sync.num = 128 (default)
2019-08-20 15:02:14,685 [pool-113-thread-1] INFO  server.RaftServerConfigKeys (ConfUtils.java:logGet(43)) - raft.server.log.statemachine.data.sync = true (default)
2019-08-20 15:02:14,685 [pool-113-thread-1] INFO  server.RaftServerConfigKeys (ConfUtils.java:logGet(43)) - raft.server.log.statemachine.data.sync.timeout = 10s (default)
2019-08-20 15:02:14,685 [pool-113-thread-1] INFO  server.RaftServerConfigKeys (ConfUtils.java:logGet(43)) - raft.server.log.statemachine.data.sync.timeout.retry = -1 (default)
2019-08-20 15:02:14,686 [pool-113-thread-1] INFO  server.RaftServerConfigKeys (ConfUtils.java:logGet(43)) - raft.server.log.statemachine.data.caching.enabled = true (custom)
2019-08-20 15:02:14,686 [pool-113-thread-1] INFO  segmented.SegmentedRaftLogWorker (SegmentedRaftLogWorker.java:lambda$new$0(132)) - 8b1d3c45-464e-411c-9a1c-fa8558034422-SegmentedRaftLogWorker:Storage Directory /workdir/hadoop-ozone/integration-test/target/test-dir/MiniOzoneClusterImpl-c8129239-5fa4-43d5-9fc3-37839c077eab/datanode-0/data/ratis/615fe691-4d1f-4cfb-b3ca-e3df211a7b49: flushIndex: setUnconditionally 0 -> -1
2019-08-20 15:02:14,686 [pool-113-thread-1] INFO  server.RaftServerConfigKeys (ConfUtils.java:logGet(43)) - raft.server.snapshot.auto.trigger.enabled = true (custom)
2019-08-20 15:02:14,687 [pool-113-thread-1] INFO  server.RaftServerConfigKeys (ConfUtils.java:logGet(43)) - raft.server.snapshot.auto.trigger.threshold = 10000 (custom)
2019-08-20 15:02:14,687 [pool-113-thread-1] INFO  server.RaftServerConfigKeys (ConfUtils.java:logGet(43)) - raft.server.retrycache.expirytime = 600000ms (custom)
2019-08-20 15:02:14,687 [pool-113-thread-1] INFO  impl.RaftServerImpl (RaftServerImpl.java:start(180)) - 8b1d3c45-464e-411c-9a1c-fa8558034422: start group-E3DF211A7B49
2019-08-20 15:02:14,687 [pool-113-thread-1] INFO  impl.RaftServerImpl (RaftServerImpl.java:setRole(171)) - 8b1d3c45-464e-411c-9a1c-fa8558034422:group-E3DF211A7B49 changes role from null to FOLLOWER at term 0 for startAsFollower
2019-08-20 15:02:14,687 [pool-113-thread-1] INFO  impl.RoleInfo (RoleInfo.java:updateAndGet(143)) - 8b1d3c45-464e-411c-9a1c-fa8558034422: start FollowerState
2019-08-20 15:02:14,688 [pool-113-thread-1] INFO  util.JmxRegister (JmxRegister.java:tryRegister(44)) - Successfully registered JMX Bean with object name Ratis:service=RaftServer,group=group-E3DF211A7B49,id=8b1d3c45-464e-411c-9a1c-fa8558034422
2019-08-20 15:02:14,699 [RatisPipelineUtilsThread] INFO  pipeline.PipelineStateManager (PipelineStateManager.java:addPipeline(56)) - Created pipeline Pipeline[ Id: 615fe691-4d1f-4cfb-b3ca-e3df211a7b49, Nodes: 8b1d3c45-464e-411c-9a1c-fa8558034422{ip: 192.168.36.99, host: pr-hdds-1950-vsl5z-1698008226, networkLocation: /default-rack, certSerialId: null}, Type:RATIS, Factor:ONE, State:OPEN]
2019-08-20 15:02:14,711 [grpc-default-executor-0] INFO  impl.RaftServerProxy (RaftServerProxy.java:addNew(89)) - 5c23d56f-781b-40f4-b763-dd6ad64f36ec: addNew group-A21C6EDDB2E2:[5c23d56f-781b-40f4-b763-dd6ad64f36ec:192.168.36.99:41272] returns group-A21C6EDDB2E2:java.util.concurrent.CompletableFuture@6c59e491[Not completed]
2019-08-20 15:02:14,713 [pool-124-thread-1] INFO  impl.RaftServerImpl (RaftServerImpl.java:<init>(93)) - 5c23d56f-781b-40f4-b763-dd6ad64f36ec: new RaftServerImpl for group-A21C6EDDB2E2:[5c23d56f-781b-40f4-b763-dd6ad64f36ec:192.168.36.99:41272] with ContainerStateMachine:uninitialized
2019-08-20 15:02:14,714 [pool-124-thread-1] INFO  server.RaftServerConfigKeys (ConfUtils.java:logGet(43)) - raft.server.rpc.timeout.min = 5s (custom)
2019-08-20 15:02:14,715 [pool-124-thread-1] INFO  server.RaftServerConfigKeys (ConfUtils.java:logGet(43)) - raft.server.rpc.timeout.max = 5200ms (custom)
2019-08-20 15:02:14,715 [pool-124-thread-1] INFO  server.RaftServerConfigKeys (ConfUtils.java:logGet(43)) - raft.server.rpcslowness.timeout = 120s (custom)
2019-08-20 15:02:14,715 [pool-124-thread-1] INFO  server.RaftServerConfigKeys (ConfUtils.java:logGet(43)) - raft.server.sleep.deviation.threshold = 300 (default)
2019-08-20 15:02:14,715 [pool-124-thread-1] INFO  server.RaftServerConfigKeys (ConfUtils.java:logGet(43)) - raft.server.log.appender.install.snapshot.enabled = false (custom)
2019-08-20 15:02:14,715 [pool-124-thread-1] INFO  impl.RaftServerImpl (ServerState.java:<init>(105)) - 5c23d56f-781b-40f4-b763-dd6ad64f36ec:group-A21C6EDDB2E2 ConfigurationManager, init=-1: [5c23d56f-781b-40f4-b763-dd6ad64f36ec:192.168.36.99:41272], old=null, confs=<EMPTY_MAP>
2019-08-20 15:02:14,716 [pool-124-thread-1] INFO  server.RaftServerConfigKeys (ConfUtils.java:logGet(43)) - raft.server.storage.dir = [/workdir/hadoop-ozone/integration-test/target/test-dir/MiniOzoneClusterImpl-c8129239-5fa4-43d5-9fc3-37839c077eab/datanode-1/data/ratis] (custom)
2019-08-20 15:02:14,716 [pool-124-thread-1] INFO  storage.RaftStorageDirectory (RaftStorageDirectory.java:analyzeStorage(246)) - The storage directory /workdir/hadoop-ozone/integration-test/target/test-dir/MiniOzoneClusterImpl-c8129239-5fa4-43d5-9fc3-37839c077eab/datanode-1/data/ratis/7cfdef7b-3c15-4f53-9603-a21c6eddb2e2 does not exist. Creating ...
2019-08-20 15:02:14,757 [pool-124-thread-1] INFO  storage.RaftStorageDirectory (RaftStorageDirectory.java:tryLock(328)) - Lock on /workdir/hadoop-ozone/integration-test/target/test-dir/MiniOzoneClusterImpl-c8129239-5fa4-43d5-9fc3-37839c077eab/datanode-1/data/ratis/7cfdef7b-3c15-4f53-9603-a21c6eddb2e2/in_use.lock acquired by nodename 4043@pr-hdds-1950-vsl5z-1698008226
2019-08-20 15:02:14,785 [pool-124-thread-1] INFO  storage.RaftStorage (RaftStorage.java:format(72)) - Storage directory /workdir/hadoop-ozone/integration-test/target/test-dir/MiniOzoneClusterImpl-c8129239-5fa4-43d5-9fc3-37839c077eab/datanode-1/data/ratis/7cfdef7b-3c15-4f53-9603-a21c6eddb2e2 has been successfully formatted.
2019-08-20 15:02:14,786 [pool-124-thread-1] INFO  ratis.ContainerStateMachine (ContainerStateMachine.java:loadSnapshot(222)) - group-A21C6EDDB2E2: The snapshot info is null. Setting the last applied indexto:(t:0, i:~)
2019-08-20 15:02:14,786 [pool-124-thread-1] INFO  server.RaftServerConfigKeys (ConfUtils.java:logGet(43)) - raft.server.leader.election.timeout = 120s (custom)
2019-08-20 15:02:14,786 [pool-124-thread-1] INFO  server.RaftServerConfigKeys (ConfUtils.java:logGet(43)) - raft.server.log.use.memory = false (default)
2019-08-20 15:02:14,786 [pool-124-thread-1] INFO  server.RaftServerConfigKeys (ConfUtils.java:logGet(43)) - raft.server.log.purge.gap = 1000000 (custom)
2019-08-20 15:02:14,787 [pool-124-thread-1] INFO  server.RaftServerConfigKeys (ConfUtils.java:logGet(43)) - raft.server.log.appender.buffer.byte-limit = 33554432 (custom)
2019-08-20 15:02:14,787 [pool-124-thread-1] INFO  server.RaftServerConfigKeys (ConfUtils.java:logGet(43)) - raft.server.log.segment.size.max = 1048576 (custom)
2019-08-20 15:02:14,787 [pool-124-thread-1] INFO  server.RaftServerConfigKeys (ConfUtils.java:logGet(43)) - raft.server.log.segment.cache.num.max = 2 (custom)
2019-08-20 15:02:14,787 [pool-124-thread-1] INFO  segmented.SegmentedRaftLogWorker (SegmentedRaftLogWorker.java:<init>(172)) - new 5c23d56f-781b-40f4-b763-dd6ad64f36ec-SegmentedRaftLogWorker:Storage Directory /workdir/hadoop-ozone/integration-test/target/test-dir/MiniOzoneClusterImpl-c8129239-5fa4-43d5-9fc3-37839c077eab/datanode-1/data/ratis/7cfdef7b-3c15-4f53-9603-a21c6eddb2e2 for RaftStorage:Storage Directory /workdir/hadoop-ozone/integration-test/target/test-dir/MiniOzoneClusterImpl-c8129239-5fa4-43d5-9fc3-37839c077eab/datanode-1/data/ratis/7cfdef7b-3c15-4f53-9603-a21c6eddb2e2
2019-08-20 15:02:14,787 [pool-124-thread-1] INFO  server.RaftServerConfigKeys (ConfUtils.java:logGet(43)) - raft.server.log.queue.byte-limit = 2147483647 (custom)
2019-08-20 15:02:14,787 [pool-124-thread-1] INFO  server.RaftServerConfigKeys (ConfUtils.java:logGet(43)) - raft.server.log.queue.element-limit = 1024 (custom)
2019-08-20 15:02:14,788 [pool-124-thread-1] INFO  server.RaftServerConfigKeys (ConfUtils.java:logGet(43)) - raft.server.log.segment.size.max = 1048576 (custom)
2019-08-20 15:02:14,788 [pool-124-thread-1] INFO  server.RaftServerConfigKeys (ConfUtils.java:logGet(43)) - raft.server.log.preallocated.size = 16384 (custom)
2019-08-20 15:02:14,788 [pool-124-thread-1] INFO  server.RaftServerConfigKeys (ConfUtils.java:logGet(43)) - raft.server.log.write.buffer.size = 33554432 (custom)
2019-08-20 15:02:14,788 [pool-124-thread-1] INFO  server.RaftServerConfigKeys (ConfUtils.java:logGet(43)) - raft.server.log.force.sync.num = 128 (default)
2019-08-20 15:02:14,788 [pool-124-thread-1] INFO  server.RaftServerConfigKeys (ConfUtils.java:logGet(43)) - raft.server.log.statemachine.data.sync = true (default)
2019-08-20 15:02:14,788 [pool-124-thread-1] INFO  server.RaftServerConfigKeys (ConfUtils.java:logGet(43)) - raft.server.log.statemachine.data.sync.timeout = 10s (default)
2019-08-20 15:02:14,788 [pool-124-thread-1] INFO  server.RaftServerConfigKeys (ConfUtils.java:logGet(43)) - raft.server.log.statemachine.data.sync.timeout.retry = -1 (default)
2019-08-20 15:02:14,789 [pool-124-thread-1] INFO  server.RaftServerConfigKeys (ConfUtils.java:logGet(43)) - raft.server.log.statemachine.data.caching.enabled = true (custom)
2019-08-20 15:02:14,789 [pool-124-thread-1] INFO  segmented.SegmentedRaftLogWorker (SegmentedRaftLogWorker.java:lambda$new$0(132)) - 5c23d56f-781b-40f4-b763-dd6ad64f36ec-SegmentedRaftLogWorker:Storage Directory /workdir/hadoop-ozone/integration-test/target/test-dir/MiniOzoneClusterImpl-c8129239-5fa4-43d5-9fc3-37839c077eab/datanode-1/data/ratis/7cfdef7b-3c15-4f53-9603-a21c6eddb2e2: flushIndex: setUnconditionally 0 -> -1
2019-08-20 15:02:14,789 [pool-124-thread-1] INFO  server.RaftServerConfigKeys (ConfUtils.java:logGet(43)) - raft.server.snapshot.auto.trigger.enabled = true (custom)
2019-08-20 15:02:14,789 [pool-124-thread-1] INFO  server.RaftServerConfigKeys (ConfUtils.java:logGet(43)) - raft.server.snapshot.auto.trigger.threshold = 10000 (custom)
2019-08-20 15:02:14,789 [pool-124-thread-1] INFO  server.RaftServerConfigKeys (ConfUtils.java:logGet(43)) - raft.server.retrycache.expirytime = 600000ms (custom)
2019-08-20 15:02:14,790 [pool-124-thread-1] INFO  impl.RaftServerImpl (RaftServerImpl.java:start(180)) - 5c23d56f-781b-40f4-b763-dd6ad64f36ec: start group-A21C6EDDB2E2
2019-08-20 15:02:14,790 [pool-124-thread-1] INFO  impl.RaftServerImpl (RaftServerImpl.java:setRole(171)) - 5c23d56f-781b-40f4-b763-dd6ad64f36ec:group-A21C6EDDB2E2 changes role from null to FOLLOWER at term 0 for startAsFollower
2019-08-20 15:02:14,790 [pool-124-thread-1] INFO  impl.RoleInfo (RoleInfo.java:updateAndGet(143)) - 5c23d56f-781b-40f4-b763-dd6ad64f36ec: start FollowerState
2019-08-20 15:02:14,790 [pool-124-thread-1] INFO  util.JmxRegister (JmxRegister.java:tryRegister(44)) - Successfully registered JMX Bean with object name Ratis:service=RaftServer,group=group-A21C6EDDB2E2,id=5c23d56f-781b-40f4-b763-dd6ad64f36ec
2019-08-20 15:02:14,796 [RatisPipelineUtilsThread] INFO  pipeline.PipelineStateManager (PipelineStateManager.java:addPipeline(56)) - Created pipeline Pipeline[ Id: 7cfdef7b-3c15-4f53-9603-a21c6eddb2e2, Nodes: 5c23d56f-781b-40f4-b763-dd6ad64f36ec{ip: 192.168.36.99, host: pr-hdds-1950-vsl5z-1698008226, networkLocation: /default-rack, certSerialId: null}, Type:RATIS, Factor:ONE, State:OPEN]
2019-08-20 15:02:14,891 [Thread-345] INFO  ozone.MiniOzoneClusterImpl (MiniOzoneClusterImpl.java:lambda$waitForClusterToBeReady$0(142)) - Waiting for cluster to be ready. Got 2 of 3 DN Heartbeats.
2019-08-20 15:02:14,892 [IPC Server handler 0 on 35622] INFO  net.NetworkTopology (NetworkTopologyImpl.java:add(110)) - Added a new node: /default-rack/de1a53ad-bbb1-4f1c-a870-9fe3ce57e0b8
2019-08-20 15:02:14,893 [IPC Server handler 0 on 35622] INFO  node.SCMNodeManager (SCMNodeManager.java:register(273)) - Registered Data node : de1a53ad-bbb1-4f1c-a870-9fe3ce57e0b8{ip: 192.168.36.99, host: pr-hdds-1950-vsl5z-1698008226, networkLocation: /default-rack, certSerialId: null}
2019-08-20 15:02:14,893 | INFO  | SCMAudit | user=jenkins1000 | ip=192.168.36.99 | op=REGISTER {datanodeDetails=de1a53ad-bbb1-4f1c-a870-9fe3ce57e0b8{ip: 192.168.36.99, host: pr-hdds-1950-vsl5z-1698008226, networkLocation: /default-rack, certSerialId: null}} | ret=SUCCESS |  
2019-08-20 15:02:14,905 [grpc-default-executor-0] INFO  impl.RaftServerProxy (RaftServerProxy.java:addNew(89)) - de1a53ad-bbb1-4f1c-a870-9fe3ce57e0b8: addNew group-2D00B8CBBCCD:[de1a53ad-bbb1-4f1c-a870-9fe3ce57e0b8:192.168.36.99:33849] returns group-2D00B8CBBCCD:java.util.concurrent.CompletableFuture@5403a7f3[Not completed]
2019-08-20 15:02:14,907 [pool-135-thread-1] INFO  impl.RaftServerImpl (RaftServerImpl.java:<init>(93)) - de1a53ad-bbb1-4f1c-a870-9fe3ce57e0b8: new RaftServerImpl for group-2D00B8CBBCCD:[de1a53ad-bbb1-4f1c-a870-9fe3ce57e0b8:192.168.36.99:33849] with ContainerStateMachine:uninitialized
2019-08-20 15:02:14,909 [pool-135-thread-1] INFO  server.RaftServerConfigKeys (ConfUtils.java:logGet(43)) - raft.server.rpc.timeout.min = 5s (custom)
2019-08-20 15:02:14,909 [pool-135-thread-1] INFO  server.RaftServerConfigKeys (ConfUtils.java:logGet(43)) - raft.server.rpc.timeout.max = 5200ms (custom)
2019-08-20 15:02:14,909 [pool-135-thread-1] INFO  server.RaftServerConfigKeys (ConfUtils.java:logGet(43)) - raft.server.rpcslowness.timeout = 120s (custom)
2019-08-20 15:02:14,909 [pool-135-thread-1] INFO  server.RaftServerConfigKeys (ConfUtils.java:logGet(43)) - raft.server.sleep.deviation.threshold = 300 (default)
2019-08-20 15:02:14,910 [pool-135-thread-1] INFO  server.RaftServerConfigKeys (ConfUtils.java:logGet(43)) - raft.server.log.appender.install.snapshot.enabled = false (custom)
2019-08-20 15:02:14,910 [pool-135-thread-1] INFO  impl.RaftServerImpl (ServerState.java:<init>(105)) - de1a53ad-bbb1-4f1c-a870-9fe3ce57e0b8:group-2D00B8CBBCCD ConfigurationManager, init=-1: [de1a53ad-bbb1-4f1c-a870-9fe3ce57e0b8:192.168.36.99:33849], old=null, confs=<EMPTY_MAP>
2019-08-20 15:02:14,910 [pool-135-thread-1] INFO  server.RaftServerConfigKeys (ConfUtils.java:logGet(43)) - raft.server.storage.dir = [/workdir/hadoop-ozone/integration-test/target/test-dir/MiniOzoneClusterImpl-c8129239-5fa4-43d5-9fc3-37839c077eab/datanode-2/data/ratis] (custom)
2019-08-20 15:02:14,910 [pool-135-thread-1] INFO  storage.RaftStorageDirectory (RaftStorageDirectory.java:analyzeStorage(246)) - The storage directory /workdir/hadoop-ozone/integration-test/target/test-dir/MiniOzoneClusterImpl-c8129239-5fa4-43d5-9fc3-37839c077eab/datanode-2/data/ratis/8879b723-97c6-450a-a835-2d00b8cbbccd does not exist. Creating ...
2019-08-20 15:02:14,919 [pool-135-thread-1] INFO  storage.RaftStorageDirectory (RaftStorageDirectory.java:tryLock(328)) - Lock on /workdir/hadoop-ozone/integration-test/target/test-dir/MiniOzoneClusterImpl-c8129239-5fa4-43d5-9fc3-37839c077eab/datanode-2/data/ratis/8879b723-97c6-450a-a835-2d00b8cbbccd/in_use.lock acquired by nodename 4043@pr-hdds-1950-vsl5z-1698008226
2019-08-20 15:02:14,934 [pool-135-thread-1] INFO  storage.RaftStorage (RaftStorage.java:format(72)) - Storage directory /workdir/hadoop-ozone/integration-test/target/test-dir/MiniOzoneClusterImpl-c8129239-5fa4-43d5-9fc3-37839c077eab/datanode-2/data/ratis/8879b723-97c6-450a-a835-2d00b8cbbccd has been successfully formatted.
2019-08-20 15:02:14,935 [pool-135-thread-1] INFO  ratis.ContainerStateMachine (ContainerStateMachine.java:loadSnapshot(222)) - group-2D00B8CBBCCD: The snapshot info is null. Setting the last applied indexto:(t:0, i:~)
2019-08-20 15:02:14,935 [pool-135-thread-1] INFO  server.RaftServerConfigKeys (ConfUtils.java:logGet(43)) - raft.server.leader.election.timeout = 120s (custom)
2019-08-20 15:02:14,935 [pool-135-thread-1] INFO  server.RaftServerConfigKeys (ConfUtils.java:logGet(43)) - raft.server.log.use.memory = false (default)
2019-08-20 15:02:14,935 [pool-135-thread-1] INFO  server.RaftServerConfigKeys (ConfUtils.java:logGet(43)) - raft.server.log.purge.gap = 1000000 (custom)
2019-08-20 15:02:14,935 [pool-135-thread-1] INFO  server.RaftServerConfigKeys (ConfUtils.java:logGet(43)) - raft.server.log.appender.buffer.byte-limit = 33554432 (custom)
2019-08-20 15:02:14,936 [pool-135-thread-1] INFO  server.RaftServerConfigKeys (ConfUtils.java:logGet(43)) - raft.server.log.segment.size.max = 1048576 (custom)
2019-08-20 15:02:14,936 [pool-135-thread-1] INFO  server.RaftServerConfigKeys (ConfUtils.java:logGet(43)) - raft.server.log.segment.cache.num.max = 2 (custom)
2019-08-20 15:02:14,936 [pool-135-thread-1] INFO  segmented.SegmentedRaftLogWorker (SegmentedRaftLogWorker.java:<init>(172)) - new de1a53ad-bbb1-4f1c-a870-9fe3ce57e0b8-SegmentedRaftLogWorker:Storage Directory /workdir/hadoop-ozone/integration-test/target/test-dir/MiniOzoneClusterImpl-c8129239-5fa4-43d5-9fc3-37839c077eab/datanode-2/data/ratis/8879b723-97c6-450a-a835-2d00b8cbbccd for RaftStorage:Storage Directory /workdir/hadoop-ozone/integration-test/target/test-dir/MiniOzoneClusterImpl-c8129239-5fa4-43d5-9fc3-37839c077eab/datanode-2/data/ratis/8879b723-97c6-450a-a835-2d00b8cbbccd
2019-08-20 15:02:14,936 [pool-135-thread-1] INFO  server.RaftServerConfigKeys (ConfUtils.java:logGet(43)) - raft.server.log.queue.byte-limit = 2147483647 (custom)
2019-08-20 15:02:14,936 [pool-135-thread-1] INFO  server.RaftServerConfigKeys (ConfUtils.java:logGet(43)) - raft.server.log.queue.element-limit = 1024 (custom)
2019-08-20 15:02:14,936 [pool-135-thread-1] INFO  server.RaftServerConfigKeys (ConfUtils.java:logGet(43)) - raft.server.log.segment.size.max = 1048576 (custom)
2019-08-20 15:02:14,936 [pool-135-thread-1] INFO  server.RaftServerConfigKeys (ConfUtils.java:logGet(43)) - raft.server.log.preallocated.size = 16384 (custom)
2019-08-20 15:02:14,937 [pool-135-thread-1] INFO  server.RaftServerConfigKeys (ConfUtils.java:logGet(43)) - raft.server.log.write.buffer.size = 33554432 (custom)
2019-08-20 15:02:14,937 [pool-135-thread-1] INFO  server.RaftServerConfigKeys (ConfUtils.java:logGet(43)) - raft.server.log.force.sync.num = 128 (default)
2019-08-20 15:02:14,937 [pool-135-thread-1] INFO  server.RaftServerConfigKeys (ConfUtils.java:logGet(43)) - raft.server.log.statemachine.data.sync = true (default)
2019-08-20 15:02:14,937 [pool-135-thread-1] INFO  server.RaftServerConfigKeys (ConfUtils.java:logGet(43)) - raft.server.log.statemachine.data.sync.timeout = 10s (default)
2019-08-20 15:02:14,937 [pool-135-thread-1] INFO  server.RaftServerConfigKeys (ConfUtils.java:logGet(43)) - raft.server.log.statemachine.data.sync.timeout.retry = -1 (default)
2019-08-20 15:02:14,937 [pool-135-thread-1] INFO  server.RaftServerConfigKeys (ConfUtils.java:logGet(43)) - raft.server.log.statemachine.data.caching.enabled = true (custom)
2019-08-20 15:02:14,938 [pool-135-thread-1] INFO  segmented.SegmentedRaftLogWorker (SegmentedRaftLogWorker.java:lambda$new$0(132)) - de1a53ad-bbb1-4f1c-a870-9fe3ce57e0b8-SegmentedRaftLogWorker:Storage Directory /workdir/hadoop-ozone/integration-test/target/test-dir/MiniOzoneClusterImpl-c8129239-5fa4-43d5-9fc3-37839c077eab/datanode-2/data/ratis/8879b723-97c6-450a-a835-2d00b8cbbccd: flushIndex: setUnconditionally 0 -> -1
2019-08-20 15:02:14,938 [pool-135-thread-1] INFO  server.RaftServerConfigKeys (ConfUtils.java:logGet(43)) - raft.server.snapshot.auto.trigger.enabled = true (custom)
2019-08-20 15:02:14,938 [pool-135-thread-1] INFO  server.RaftServerConfigKeys (ConfUtils.java:logGet(43)) - raft.server.snapshot.auto.trigger.threshold = 10000 (custom)
2019-08-20 15:02:14,938 [pool-135-thread-1] INFO  server.RaftServerConfigKeys (ConfUtils.java:logGet(43)) - raft.server.retrycache.expirytime = 600000ms (custom)
2019-08-20 15:02:14,938 [pool-135-thread-1] INFO  impl.RaftServerImpl (RaftServerImpl.java:start(180)) - de1a53ad-bbb1-4f1c-a870-9fe3ce57e0b8: start group-2D00B8CBBCCD
2019-08-20 15:02:14,939 [pool-135-thread-1] INFO  impl.RaftServerImpl (RaftServerImpl.java:setRole(171)) - de1a53ad-bbb1-4f1c-a870-9fe3ce57e0b8:group-2D00B8CBBCCD changes role from null to FOLLOWER at term 0 for startAsFollower
2019-08-20 15:02:14,939 [pool-135-thread-1] INFO  impl.RoleInfo (RoleInfo.java:updateAndGet(143)) - de1a53ad-bbb1-4f1c-a870-9fe3ce57e0b8: start FollowerState
2019-08-20 15:02:14,939 [pool-135-thread-1] INFO  util.JmxRegister (JmxRegister.java:tryRegister(44)) - Successfully registered JMX Bean with object name Ratis:service=RaftServer,group=group-2D00B8CBBCCD,id=de1a53ad-bbb1-4f1c-a870-9fe3ce57e0b8
2019-08-20 15:02:14,944 [RatisPipelineUtilsThread] INFO  pipeline.PipelineStateManager (PipelineStateManager.java:addPipeline(56)) - Created pipeline Pipeline[ Id: 8879b723-97c6-450a-a835-2d00b8cbbccd, Nodes: de1a53ad-bbb1-4f1c-a870-9fe3ce57e0b8{ip: 192.168.36.99, host: pr-hdds-1950-vsl5z-1698008226, networkLocation: /default-rack, certSerialId: null}, Type:RATIS, Factor:ONE, State:OPEN]
2019-08-20 15:02:14,968 [grpc-default-executor-0] INFO  impl.RaftServerProxy (RaftServerProxy.java:addNew(89)) - 8b1d3c45-464e-411c-9a1c-fa8558034422: addNew group-8B57A3700DAB:[5c23d56f-781b-40f4-b763-dd6ad64f36ec:192.168.36.99:41272, de1a53ad-bbb1-4f1c-a870-9fe3ce57e0b8:192.168.36.99:33849, 8b1d3c45-464e-411c-9a1c-fa8558034422:192.168.36.99:44849] returns group-8B57A3700DAB:java.util.concurrent.CompletableFuture@3d7dc16c[Not completed]
2019-08-20 15:02:14,968 [grpc-default-executor-2] INFO  impl.RaftServerProxy (RaftServerProxy.java:addNew(89)) - de1a53ad-bbb1-4f1c-a870-9fe3ce57e0b8: addNew group-8B57A3700DAB:[5c23d56f-781b-40f4-b763-dd6ad64f36ec:192.168.36.99:41272, de1a53ad-bbb1-4f1c-a870-9fe3ce57e0b8:192.168.36.99:33849, 8b1d3c45-464e-411c-9a1c-fa8558034422:192.168.36.99:44849] returns group-8B57A3700DAB:java.util.concurrent.CompletableFuture@8ef4011[Not completed]
2019-08-20 15:02:14,968 [grpc-default-executor-1] INFO  impl.RaftServerProxy (RaftServerProxy.java:addNew(89)) - 5c23d56f-781b-40f4-b763-dd6ad64f36ec: addNew group-8B57A3700DAB:[5c23d56f-781b-40f4-b763-dd6ad64f36ec:192.168.36.99:41272, de1a53ad-bbb1-4f1c-a870-9fe3ce57e0b8:192.168.36.99:33849, 8b1d3c45-464e-411c-9a1c-fa8558034422:192.168.36.99:44849] returns group-8B57A3700DAB:java.util.concurrent.CompletableFuture@316e15c7[Not completed]
2019-08-20 15:02:14,969 [pool-135-thread-1] INFO  impl.RaftServerImpl (RaftServerImpl.java:<init>(93)) - de1a53ad-bbb1-4f1c-a870-9fe3ce57e0b8: new RaftServerImpl for group-8B57A3700DAB:[5c23d56f-781b-40f4-b763-dd6ad64f36ec:192.168.36.99:41272, de1a53ad-bbb1-4f1c-a870-9fe3ce57e0b8:192.168.36.99:33849, 8b1d3c45-464e-411c-9a1c-fa8558034422:192.168.36.99:44849] with ContainerStateMachine:uninitialized
2019-08-20 15:02:14,969 [pool-135-thread-1] INFO  server.RaftServerConfigKeys (ConfUtils.java:logGet(43)) - raft.server.rpc.timeout.min = 5s (custom)
2019-08-20 15:02:14,970 [pool-135-thread-1] INFO  server.RaftServerConfigKeys (ConfUtils.java:logGet(43)) - raft.server.rpc.timeout.max = 5200ms (custom)
2019-08-20 15:02:14,970 [pool-135-thread-1] INFO  server.RaftServerConfigKeys (ConfUtils.java:logGet(43)) - raft.server.rpcslowness.timeout = 120s (custom)
2019-08-20 15:02:14,970 [pool-135-thread-1] INFO  server.RaftServerConfigKeys (ConfUtils.java:logGet(43)) - raft.server.sleep.deviation.threshold = 300 (default)
2019-08-20 15:02:14,970 [pool-135-thread-1] INFO  server.RaftServerConfigKeys (ConfUtils.java:logGet(43)) - raft.server.log.appender.install.snapshot.enabled = false (custom)
2019-08-20 15:02:14,970 [pool-135-thread-1] INFO  impl.RaftServerImpl (ServerState.java:<init>(105)) - de1a53ad-bbb1-4f1c-a870-9fe3ce57e0b8:group-8B57A3700DAB ConfigurationManager, init=-1: [5c23d56f-781b-40f4-b763-dd6ad64f36ec:192.168.36.99:41272, de1a53ad-bbb1-4f1c-a870-9fe3ce57e0b8:192.168.36.99:33849, 8b1d3c45-464e-411c-9a1c-fa8558034422:192.168.36.99:44849], old=null, confs=<EMPTY_MAP>
2019-08-20 15:02:14,970 [pool-135-thread-1] INFO  server.RaftServerConfigKeys (ConfUtils.java:logGet(43)) - raft.server.storage.dir = [/workdir/hadoop-ozone/integration-test/target/test-dir/MiniOzoneClusterImpl-c8129239-5fa4-43d5-9fc3-37839c077eab/datanode-2/data/ratis] (custom)
2019-08-20 15:02:14,970 [pool-113-thread-1] INFO  impl.RaftServerImpl (RaftServerImpl.java:<init>(93)) - 8b1d3c45-464e-411c-9a1c-fa8558034422: new RaftServerImpl for group-8B57A3700DAB:[5c23d56f-781b-40f4-b763-dd6ad64f36ec:192.168.36.99:41272, de1a53ad-bbb1-4f1c-a870-9fe3ce57e0b8:192.168.36.99:33849, 8b1d3c45-464e-411c-9a1c-fa8558034422:192.168.36.99:44849] with ContainerStateMachine:uninitialized
2019-08-20 15:02:14,971 [pool-135-thread-1] INFO  storage.RaftStorageDirectory (RaftStorageDirectory.java:analyzeStorage(246)) - The storage directory /workdir/hadoop-ozone/integration-test/target/test-dir/MiniOzoneClusterImpl-c8129239-5fa4-43d5-9fc3-37839c077eab/datanode-2/data/ratis/043823e9-9887-4d48-bfdd-8b57a3700dab does not exist. Creating ...
2019-08-20 15:02:14,971 [pool-113-thread-1] INFO  server.RaftServerConfigKeys (ConfUtils.java:logGet(43)) - raft.server.rpc.timeout.min = 5s (custom)
2019-08-20 15:02:14,971 [pool-113-thread-1] INFO  server.RaftServerConfigKeys (ConfUtils.java:logGet(43)) - raft.server.rpc.timeout.max = 5200ms (custom)
2019-08-20 15:02:14,971 [pool-124-thread-1] INFO  impl.RaftServerImpl (RaftServerImpl.java:<init>(93)) - 5c23d56f-781b-40f4-b763-dd6ad64f36ec: new RaftServerImpl for group-8B57A3700DAB:[5c23d56f-781b-40f4-b763-dd6ad64f36ec:192.168.36.99:41272, de1a53ad-bbb1-4f1c-a870-9fe3ce57e0b8:192.168.36.99:33849, 8b1d3c45-464e-411c-9a1c-fa8558034422:192.168.36.99:44849] with ContainerStateMachine:uninitialized
2019-08-20 15:02:14,971 [pool-113-thread-1] INFO  server.RaftServerConfigKeys (ConfUtils.java:logGet(43)) - raft.server.rpcslowness.timeout = 120s (custom)
2019-08-20 15:02:14,971 [pool-124-thread-1] INFO  server.RaftServerConfigKeys (ConfUtils.java:logGet(43)) - raft.server.rpc.timeout.min = 5s (custom)
2019-08-20 15:02:14,971 [pool-113-thread-1] INFO  server.RaftServerConfigKeys (ConfUtils.java:logGet(43)) - raft.server.sleep.deviation.threshold = 300 (default)
2019-08-20 15:02:14,971 [pool-124-thread-1] INFO  server.RaftServerConfigKeys (ConfUtils.java:logGet(43)) - raft.server.rpc.timeout.max = 5200ms (custom)
2019-08-20 15:02:14,972 [pool-113-thread-1] INFO  server.RaftServerConfigKeys (ConfUtils.java:logGet(43)) - raft.server.log.appender.install.snapshot.enabled = false (custom)
2019-08-20 15:02:14,972 [pool-124-thread-1] INFO  server.RaftServerConfigKeys (ConfUtils.java:logGet(43)) - raft.server.rpcslowness.timeout = 120s (custom)
2019-08-20 15:02:14,972 [pool-113-thread-1] INFO  impl.RaftServerImpl (ServerState.java:<init>(105)) - 8b1d3c45-464e-411c-9a1c-fa8558034422:group-8B57A3700DAB ConfigurationManager, init=-1: [5c23d56f-781b-40f4-b763-dd6ad64f36ec:192.168.36.99:41272, de1a53ad-bbb1-4f1c-a870-9fe3ce57e0b8:192.168.36.99:33849, 8b1d3c45-464e-411c-9a1c-fa8558034422:192.168.36.99:44849], old=null, confs=<EMPTY_MAP>
2019-08-20 15:02:14,972 [pool-124-thread-1] INFO  server.RaftServerConfigKeys (ConfUtils.java:logGet(43)) - raft.server.sleep.deviation.threshold = 300 (default)
2019-08-20 15:02:14,972 [pool-124-thread-1] INFO  server.RaftServerConfigKeys (ConfUtils.java:logGet(43)) - raft.server.log.appender.install.snapshot.enabled = false (custom)
2019-08-20 15:02:14,972 [pool-113-thread-1] INFO  server.RaftServerConfigKeys (ConfUtils.java:logGet(43)) - raft.server.storage.dir = [/workdir/hadoop-ozone/integration-test/target/test-dir/MiniOzoneClusterImpl-c8129239-5fa4-43d5-9fc3-37839c077eab/datanode-0/data/ratis] (custom)
2019-08-20 15:02:14,972 [pool-124-thread-1] INFO  impl.RaftServerImpl (ServerState.java:<init>(105)) - 5c23d56f-781b-40f4-b763-dd6ad64f36ec:group-8B57A3700DAB ConfigurationManager, init=-1: [5c23d56f-781b-40f4-b763-dd6ad64f36ec:192.168.36.99:41272, de1a53ad-bbb1-4f1c-a870-9fe3ce57e0b8:192.168.36.99:33849, 8b1d3c45-464e-411c-9a1c-fa8558034422:192.168.36.99:44849], old=null, confs=<EMPTY_MAP>
2019-08-20 15:02:14,973 [pool-124-thread-1] INFO  server.RaftServerConfigKeys (ConfUtils.java:logGet(43)) - raft.server.storage.dir = [/workdir/hadoop-ozone/integration-test/target/test-dir/MiniOzoneClusterImpl-c8129239-5fa4-43d5-9fc3-37839c077eab/datanode-1/data/ratis] (custom)
2019-08-20 15:02:14,973 [pool-113-thread-1] INFO  storage.RaftStorageDirectory (RaftStorageDirectory.java:analyzeStorage(246)) - The storage directory /workdir/hadoop-ozone/integration-test/target/test-dir/MiniOzoneClusterImpl-c8129239-5fa4-43d5-9fc3-37839c077eab/datanode-0/data/ratis/043823e9-9887-4d48-bfdd-8b57a3700dab does not exist. Creating ...
2019-08-20 15:02:14,973 [pool-124-thread-1] INFO  storage.RaftStorageDirectory (RaftStorageDirectory.java:analyzeStorage(246)) - The storage directory /workdir/hadoop-ozone/integration-test/target/test-dir/MiniOzoneClusterImpl-c8129239-5fa4-43d5-9fc3-37839c077eab/datanode-1/data/ratis/043823e9-9887-4d48-bfdd-8b57a3700dab does not exist. Creating ...
2019-08-20 15:02:15,002 [pool-135-thread-1] INFO  storage.RaftStorageDirectory (RaftStorageDirectory.java:tryLock(328)) - Lock on /workdir/hadoop-ozone/integration-test/target/test-dir/MiniOzoneClusterImpl-c8129239-5fa4-43d5-9fc3-37839c077eab/datanode-2/data/ratis/043823e9-9887-4d48-bfdd-8b57a3700dab/in_use.lock acquired by nodename 4043@pr-hdds-1950-vsl5z-1698008226
2019-08-20 15:02:15,002 [pool-124-thread-1] INFO  storage.RaftStorageDirectory (RaftStorageDirectory.java:tryLock(328)) - Lock on /workdir/hadoop-ozone/integration-test/target/test-dir/MiniOzoneClusterImpl-c8129239-5fa4-43d5-9fc3-37839c077eab/datanode-1/data/ratis/043823e9-9887-4d48-bfdd-8b57a3700dab/in_use.lock acquired by nodename 4043@pr-hdds-1950-vsl5z-1698008226
2019-08-20 15:02:15,002 [pool-113-thread-1] INFO  storage.RaftStorageDirectory (RaftStorageDirectory.java:tryLock(328)) - Lock on /workdir/hadoop-ozone/integration-test/target/test-dir/MiniOzoneClusterImpl-c8129239-5fa4-43d5-9fc3-37839c077eab/datanode-0/data/ratis/043823e9-9887-4d48-bfdd-8b57a3700dab/in_use.lock acquired by nodename 4043@pr-hdds-1950-vsl5z-1698008226
2019-08-20 15:02:15,022 [pool-113-thread-1] INFO  storage.RaftStorage (RaftStorage.java:format(72)) - Storage directory /workdir/hadoop-ozone/integration-test/target/test-dir/MiniOzoneClusterImpl-c8129239-5fa4-43d5-9fc3-37839c077eab/datanode-0/data/ratis/043823e9-9887-4d48-bfdd-8b57a3700dab has been successfully formatted.
2019-08-20 15:02:15,022 [pool-124-thread-1] INFO  storage.RaftStorage (RaftStorage.java:format(72)) - Storage directory /workdir/hadoop-ozone/integration-test/target/test-dir/MiniOzoneClusterImpl-c8129239-5fa4-43d5-9fc3-37839c077eab/datanode-1/data/ratis/043823e9-9887-4d48-bfdd-8b57a3700dab has been successfully formatted.
2019-08-20 15:02:15,022 [pool-113-thread-1] INFO  ratis.ContainerStateMachine (ContainerStateMachine.java:loadSnapshot(222)) - group-8B57A3700DAB: The snapshot info is null. Setting the last applied indexto:(t:0, i:~)
2019-08-20 15:02:15,022 [pool-135-thread-1] INFO  storage.RaftStorage (RaftStorage.java:format(72)) - Storage directory /workdir/hadoop-ozone/integration-test/target/test-dir/MiniOzoneClusterImpl-c8129239-5fa4-43d5-9fc3-37839c077eab/datanode-2/data/ratis/043823e9-9887-4d48-bfdd-8b57a3700dab has been successfully formatted.
2019-08-20 15:02:15,022 [pool-124-thread-1] INFO  ratis.ContainerStateMachine (ContainerStateMachine.java:loadSnapshot(222)) - group-8B57A3700DAB: The snapshot info is null. Setting the last applied indexto:(t:0, i:~)
2019-08-20 15:02:15,022 [pool-135-thread-1] INFO  ratis.ContainerStateMachine (ContainerStateMachine.java:loadSnapshot(222)) - group-8B57A3700DAB: The snapshot info is null. Setting the last applied indexto:(t:0, i:~)
2019-08-20 15:02:15,022 [pool-113-thread-1] INFO  server.RaftServerConfigKeys (ConfUtils.java:logGet(43)) - raft.server.leader.election.timeout = 120s (custom)
2019-08-20 15:02:15,023 [pool-135-thread-1] INFO  server.RaftServerConfigKeys (ConfUtils.java:logGet(43)) - raft.server.leader.election.timeout = 120s (custom)
2019-08-20 15:02:15,023 [pool-124-thread-1] INFO  server.RaftServerConfigKeys (ConfUtils.java:logGet(43)) - raft.server.leader.election.timeout = 120s (custom)
2019-08-20 15:02:15,023 [pool-135-thread-1] INFO  server.RaftServerConfigKeys (ConfUtils.java:logGet(43)) - raft.server.log.use.memory = false (default)
2019-08-20 15:02:15,023 [pool-113-thread-1] INFO  server.RaftServerConfigKeys (ConfUtils.java:logGet(43)) - raft.server.log.use.memory = false (default)
2019-08-20 15:02:15,023 [pool-135-thread-1] INFO  server.RaftServerConfigKeys (ConfUtils.java:logGet(43)) - raft.server.log.purge.gap = 1000000 (custom)
2019-08-20 15:02:15,023 [pool-124-thread-1] INFO  server.RaftServerConfigKeys (ConfUtils.java:logGet(43)) - raft.server.log.use.memory = false (default)
2019-08-20 15:02:15,023 [pool-135-thread-1] INFO  server.RaftServerConfigKeys (ConfUtils.java:logGet(43)) - raft.server.log.appender.buffer.byte-limit = 33554432 (custom)
2019-08-20 15:02:15,023 [pool-113-thread-1] INFO  server.RaftServerConfigKeys (ConfUtils.java:logGet(43)) - raft.server.log.purge.gap = 1000000 (custom)
2019-08-20 15:02:15,024 [pool-135-thread-1] INFO  server.RaftServerConfigKeys (ConfUtils.java:logGet(43)) - raft.server.log.segment.size.max = 1048576 (custom)
2019-08-20 15:02:15,023 [pool-124-thread-1] INFO  server.RaftServerConfigKeys (ConfUtils.java:logGet(43)) - raft.server.log.purge.gap = 1000000 (custom)
2019-08-20 15:02:15,024 [pool-135-thread-1] INFO  server.RaftServerConfigKeys (ConfUtils.java:logGet(43)) - raft.server.log.segment.cache.num.max = 2 (custom)
2019-08-20 15:02:15,024 [pool-113-thread-1] INFO  server.RaftServerConfigKeys (ConfUtils.java:logGet(43)) - raft.server.log.appender.buffer.byte-limit = 33554432 (custom)
2019-08-20 15:02:15,024 [pool-135-thread-1] INFO  segmented.SegmentedRaftLogWorker (SegmentedRaftLogWorker.java:<init>(172)) - new de1a53ad-bbb1-4f1c-a870-9fe3ce57e0b8-SegmentedRaftLogWorker:Storage Directory /workdir/hadoop-ozone/integration-test/target/test-dir/MiniOzoneClusterImpl-c8129239-5fa4-43d5-9fc3-37839c077eab/datanode-2/data/ratis/043823e9-9887-4d48-bfdd-8b57a3700dab for RaftStorage:Storage Directory /workdir/hadoop-ozone/integration-test/target/test-dir/MiniOzoneClusterImpl-c8129239-5fa4-43d5-9fc3-37839c077eab/datanode-2/data/ratis/043823e9-9887-4d48-bfdd-8b57a3700dab
2019-08-20 15:02:15,024 [pool-124-thread-1] INFO  server.RaftServerConfigKeys (ConfUtils.java:logGet(43)) - raft.server.log.appender.buffer.byte-limit = 33554432 (custom)
2019-08-20 15:02:15,024 [pool-135-thread-1] INFO  server.RaftServerConfigKeys (ConfUtils.java:logGet(43)) - raft.server.log.queue.byte-limit = 2147483647 (custom)
2019-08-20 15:02:15,024 [pool-113-thread-1] INFO  server.RaftServerConfigKeys (ConfUtils.java:logGet(43)) - raft.server.log.segment.size.max = 1048576 (custom)
2019-08-20 15:02:15,024 [pool-135-thread-1] INFO  server.RaftServerConfigKeys (ConfUtils.java:logGet(43)) - raft.server.log.queue.element-limit = 1024 (custom)
2019-08-20 15:02:15,024 [pool-124-thread-1] INFO  server.RaftServerConfigKeys (ConfUtils.java:logGet(43)) - raft.server.log.segment.size.max = 1048576 (custom)
2019-08-20 15:02:15,025 [pool-135-thread-1] INFO  server.RaftServerConfigKeys (ConfUtils.java:logGet(43)) - raft.server.log.segment.size.max = 1048576 (custom)
2019-08-20 15:02:15,025 [pool-113-thread-1] INFO  server.RaftServerConfigKeys (ConfUtils.java:logGet(43)) - raft.server.log.segment.cache.num.max = 2 (custom)
2019-08-20 15:02:15,025 [pool-135-thread-1] INFO  server.RaftServerConfigKeys (ConfUtils.java:logGet(43)) - raft.server.log.preallocated.size = 16384 (custom)
2019-08-20 15:02:15,025 [pool-124-thread-1] INFO  server.RaftServerConfigKeys (ConfUtils.java:logGet(43)) - raft.server.log.segment.cache.num.max = 2 (custom)
2019-08-20 15:02:15,025 [pool-135-thread-1] INFO  server.RaftServerConfigKeys (ConfUtils.java:logGet(43)) - raft.server.log.write.buffer.size = 33554432 (custom)
2019-08-20 15:02:15,025 [pool-113-thread-1] INFO  segmented.SegmentedRaftLogWorker (SegmentedRaftLogWorker.java:<init>(172)) - new 8b1d3c45-464e-411c-9a1c-fa8558034422-SegmentedRaftLogWorker:Storage Directory /workdir/hadoop-ozone/integration-test/target/test-dir/MiniOzoneClusterImpl-c8129239-5fa4-43d5-9fc3-37839c077eab/datanode-0/data/ratis/043823e9-9887-4d48-bfdd-8b57a3700dab for RaftStorage:Storage Directory /workdir/hadoop-ozone/integration-test/target/test-dir/MiniOzoneClusterImpl-c8129239-5fa4-43d5-9fc3-37839c077eab/datanode-0/data/ratis/043823e9-9887-4d48-bfdd-8b57a3700dab
2019-08-20 15:02:15,025 [pool-135-thread-1] INFO  server.RaftServerConfigKeys (ConfUtils.java:logGet(43)) - raft.server.log.force.sync.num = 128 (default)
2019-08-20 15:02:15,025 [pool-124-thread-1] INFO  segmented.SegmentedRaftLogWorker (SegmentedRaftLogWorker.java:<init>(172)) - new 5c23d56f-781b-40f4-b763-dd6ad64f36ec-SegmentedRaftLogWorker:Storage Directory /workdir/hadoop-ozone/integration-test/target/test-dir/MiniOzoneClusterImpl-c8129239-5fa4-43d5-9fc3-37839c077eab/datanode-1/data/ratis/043823e9-9887-4d48-bfdd-8b57a3700dab for RaftStorage:Storage Directory /workdir/hadoop-ozone/integration-test/target/test-dir/MiniOzoneClusterImpl-c8129239-5fa4-43d5-9fc3-37839c077eab/datanode-1/data/ratis/043823e9-9887-4d48-bfdd-8b57a3700dab
2019-08-20 15:02:15,025 [pool-135-thread-1] INFO  server.RaftServerConfigKeys (ConfUtils.java:logGet(43)) - raft.server.log.statemachine.data.sync = true (default)
2019-08-20 15:02:15,025 [pool-113-thread-1] INFO  server.RaftServerConfigKeys (ConfUtils.java:logGet(43)) - raft.server.log.queue.byte-limit = 2147483647 (custom)
2019-08-20 15:02:15,026 [pool-135-thread-1] INFO  server.RaftServerConfigKeys (ConfUtils.java:logGet(43)) - raft.server.log.statemachine.data.sync.timeout = 10s (default)
2019-08-20 15:02:15,026 [pool-124-thread-1] INFO  server.RaftServerConfigKeys (ConfUtils.java:logGet(43)) - raft.server.log.queue.byte-limit = 2147483647 (custom)
2019-08-20 15:02:15,026 [pool-135-thread-1] INFO  server.RaftServerConfigKeys (ConfUtils.java:logGet(43)) - raft.server.log.statemachine.data.sync.timeout.retry = -1 (default)
2019-08-20 15:02:15,026 [pool-113-thread-1] INFO  server.RaftServerConfigKeys (ConfUtils.java:logGet(43)) - raft.server.log.queue.element-limit = 1024 (custom)
2019-08-20 15:02:15,026 [pool-135-thread-1] INFO  server.RaftServerConfigKeys (ConfUtils.java:logGet(43)) - raft.server.log.statemachine.data.caching.enabled = true (custom)
2019-08-20 15:02:15,026 [pool-113-thread-1] INFO  server.RaftServerConfigKeys (ConfUtils.java:logGet(43)) - raft.server.log.segment.size.max = 1048576 (custom)
2019-08-20 15:02:15,026 [pool-124-thread-1] INFO  server.RaftServerConfigKeys (ConfUtils.java:logGet(43)) - raft.server.log.queue.element-limit = 1024 (custom)
2019-08-20 15:02:15,026 [pool-135-thread-1] INFO  segmented.SegmentedRaftLogWorker (SegmentedRaftLogWorker.java:lambda$new$0(132)) - de1a53ad-bbb1-4f1c-a870-9fe3ce57e0b8-SegmentedRaftLogWorker:Storage Directory /workdir/hadoop-ozone/integration-test/target/test-dir/MiniOzoneClusterImpl-c8129239-5fa4-43d5-9fc3-37839c077eab/datanode-2/data/ratis/043823e9-9887-4d48-bfdd-8b57a3700dab: flushIndex: setUnconditionally 0 -> -1
2019-08-20 15:02:15,026 [pool-113-thread-1] INFO  server.RaftServerConfigKeys (ConfUtils.java:logGet(43)) - raft.server.log.preallocated.size = 16384 (custom)
2019-08-20 15:02:15,027 [pool-124-thread-1] INFO  server.RaftServerConfigKeys (ConfUtils.java:logGet(43)) - raft.server.log.segment.size.max = 1048576 (custom)
2019-08-20 15:02:15,027 [pool-113-thread-1] INFO  server.RaftServerConfigKeys (ConfUtils.java:logGet(43)) - raft.server.log.write.buffer.size = 33554432 (custom)
2019-08-20 15:02:15,027 [pool-135-thread-1] INFO  server.RaftServerConfigKeys (ConfUtils.java:logGet(43)) - raft.server.snapshot.auto.trigger.enabled = true (custom)
2019-08-20 15:02:15,027 [pool-113-thread-1] INFO  server.RaftServerConfigKeys (ConfUtils.java:logGet(43)) - raft.server.log.force.sync.num = 128 (default)
2019-08-20 15:02:15,027 [pool-124-thread-1] INFO  server.RaftServerConfigKeys (ConfUtils.java:logGet(43)) - raft.server.log.preallocated.size = 16384 (custom)
2019-08-20 15:02:15,027 [pool-113-thread-1] INFO  server.RaftServerConfigKeys (ConfUtils.java:logGet(43)) - raft.server.log.statemachine.data.sync = true (default)
2019-08-20 15:02:15,027 [pool-135-thread-1] INFO  server.RaftServerConfigKeys (ConfUtils.java:logGet(43)) - raft.server.snapshot.auto.trigger.threshold = 10000 (custom)
2019-08-20 15:02:15,027 [pool-113-thread-1] INFO  server.RaftServerConfigKeys (ConfUtils.java:logGet(43)) - raft.server.log.statemachine.data.sync.timeout = 10s (default)
2019-08-20 15:02:15,027 [pool-124-thread-1] INFO  server.RaftServerConfigKeys (ConfUtils.java:logGet(43)) - raft.server.log.write.buffer.size = 33554432 (custom)
2019-08-20 15:02:15,027 [pool-113-thread-1] INFO  server.RaftServerConfigKeys (ConfUtils.java:logGet(43)) - raft.server.log.statemachine.data.sync.timeout.retry = -1 (default)
2019-08-20 15:02:15,027 [pool-135-thread-1] INFO  server.RaftServerConfigKeys (ConfUtils.java:logGet(43)) - raft.server.retrycache.expirytime = 600000ms (custom)
2019-08-20 15:02:15,028 [pool-113-thread-1] INFO  server.RaftServerConfigKeys (ConfUtils.java:logGet(43)) - raft.server.log.statemachine.data.caching.enabled = true (custom)
2019-08-20 15:02:15,028 [pool-135-thread-1] INFO  impl.RaftServerImpl (RaftServerImpl.java:start(180)) - de1a53ad-bbb1-4f1c-a870-9fe3ce57e0b8: start group-8B57A3700DAB
2019-08-20 15:02:15,028 [pool-124-thread-1] INFO  server.RaftServerConfigKeys (ConfUtils.java:logGet(43)) - raft.server.log.force.sync.num = 128 (default)
2019-08-20 15:02:15,028 [pool-113-thread-1] INFO  segmented.SegmentedRaftLogWorker (SegmentedRaftLogWorker.java:lambda$new$0(132)) - 8b1d3c45-464e-411c-9a1c-fa8558034422-SegmentedRaftLogWorker:Storage Directory /workdir/hadoop-ozone/integration-test/target/test-dir/MiniOzoneClusterImpl-c8129239-5fa4-43d5-9fc3-37839c077eab/datanode-0/data/ratis/043823e9-9887-4d48-bfdd-8b57a3700dab: flushIndex: setUnconditionally 0 -> -1
2019-08-20 15:02:15,028 [pool-135-thread-1] INFO  impl.RaftServerImpl (RaftServerImpl.java:setRole(171)) - de1a53ad-bbb1-4f1c-a870-9fe3ce57e0b8:group-8B57A3700DAB changes role from null to FOLLOWER at term 0 for startAsFollower
2019-08-20 15:02:15,028 [pool-124-thread-1] INFO  server.RaftServerConfigKeys (ConfUtils.java:logGet(43)) - raft.server.log.statemachine.data.sync = true (default)
2019-08-20 15:02:15,028 [pool-135-thread-1] INFO  impl.RoleInfo (RoleInfo.java:updateAndGet(143)) - de1a53ad-bbb1-4f1c-a870-9fe3ce57e0b8: start FollowerState
2019-08-20 15:02:15,028 [pool-113-thread-1] INFO  server.RaftServerConfigKeys (ConfUtils.java:logGet(43)) - raft.server.snapshot.auto.trigger.enabled = true (custom)
2019-08-20 15:02:15,028 [pool-124-thread-1] INFO  server.RaftServerConfigKeys (ConfUtils.java:logGet(43)) - raft.server.log.statemachine.data.sync.timeout = 10s (default)
2019-08-20 15:02:15,029 [pool-113-thread-1] INFO  server.RaftServerConfigKeys (ConfUtils.java:logGet(43)) - raft.server.snapshot.auto.trigger.threshold = 10000 (custom)
2019-08-20 15:02:15,029 [pool-135-thread-1] INFO  util.JmxRegister (JmxRegister.java:tryRegister(44)) - Successfully registered JMX Bean with object name Ratis:service=RaftServer,group=group-8B57A3700DAB,id=de1a53ad-bbb1-4f1c-a870-9fe3ce57e0b8
2019-08-20 15:02:15,029 [pool-124-thread-1] INFO  server.RaftServerConfigKeys (ConfUtils.java:logGet(43)) - raft.server.log.statemachine.data.sync.timeout.retry = -1 (default)
2019-08-20 15:02:15,029 [pool-113-thread-1] INFO  server.RaftServerConfigKeys (ConfUtils.java:logGet(43)) - raft.server.retrycache.expirytime = 600000ms (custom)
2019-08-20 15:02:15,029 [pool-124-thread-1] INFO  server.RaftServerConfigKeys (ConfUtils.java:logGet(43)) - raft.server.log.statemachine.data.caching.enabled = true (custom)
2019-08-20 15:02:15,029 [pool-113-thread-1] INFO  impl.RaftServerImpl (RaftServerImpl.java:start(180)) - 8b1d3c45-464e-411c-9a1c-fa8558034422: start group-8B57A3700DAB
2019-08-20 15:02:15,029 [pool-113-thread-1] INFO  impl.RaftServerImpl (RaftServerImpl.java:setRole(171)) - 8b1d3c45-464e-411c-9a1c-fa8558034422:group-8B57A3700DAB changes role from null to FOLLOWER at term 0 for startAsFollower
2019-08-20 15:02:15,029 [pool-124-thread-1] INFO  segmented.SegmentedRaftLogWorker (SegmentedRaftLogWorker.java:lambda$new$0(132)) - 5c23d56f-781b-40f4-b763-dd6ad64f36ec-SegmentedRaftLogWorker:Storage Directory /workdir/hadoop-ozone/integration-test/target/test-dir/MiniOzoneClusterImpl-c8129239-5fa4-43d5-9fc3-37839c077eab/datanode-1/data/ratis/043823e9-9887-4d48-bfdd-8b57a3700dab: flushIndex: setUnconditionally 0 -> -1
2019-08-20 15:02:15,029 [pool-113-thread-1] INFO  impl.RoleInfo (RoleInfo.java:updateAndGet(143)) - 8b1d3c45-464e-411c-9a1c-fa8558034422: start FollowerState
2019-08-20 15:02:15,030 [pool-124-thread-1] INFO  server.RaftServerConfigKeys (ConfUtils.java:logGet(43)) - raft.server.snapshot.auto.trigger.enabled = true (custom)
2019-08-20 15:02:15,030 [pool-124-thread-1] INFO  server.RaftServerConfigKeys (ConfUtils.java:logGet(43)) - raft.server.snapshot.auto.trigger.threshold = 10000 (custom)
2019-08-20 15:02:15,036 [pool-113-thread-1] INFO  util.JmxRegister (JmxRegister.java:tryRegister(44)) - Successfully registered JMX Bean with object name Ratis:service=RaftServer,group=group-8B57A3700DAB,id=8b1d3c45-464e-411c-9a1c-fa8558034422
2019-08-20 15:02:15,036 [pool-124-thread-1] INFO  server.RaftServerConfigKeys (ConfUtils.java:logGet(43)) - raft.server.retrycache.expirytime = 600000ms (custom)
2019-08-20 15:02:15,036 [pool-124-thread-1] INFO  impl.RaftServerImpl (RaftServerImpl.java:start(180)) - 5c23d56f-781b-40f4-b763-dd6ad64f36ec: start group-8B57A3700DAB
2019-08-20 15:02:15,043 [pool-124-thread-1] INFO  impl.RaftServerImpl (RaftServerImpl.java:setRole(171)) - 5c23d56f-781b-40f4-b763-dd6ad64f36ec:group-8B57A3700DAB changes role from null to FOLLOWER at term 0 for startAsFollower
2019-08-20 15:02:15,044 [pool-124-thread-1] INFO  impl.RoleInfo (RoleInfo.java:updateAndGet(143)) - 5c23d56f-781b-40f4-b763-dd6ad64f36ec: start FollowerState
2019-08-20 15:02:15,044 [pool-124-thread-1] INFO  util.JmxRegister (JmxRegister.java:tryRegister(44)) - Successfully registered JMX Bean with object name Ratis:service=RaftServer,group=group-8B57A3700DAB,id=5c23d56f-781b-40f4-b763-dd6ad64f36ec
2019-08-20 15:02:15,050 [RatisPipelineUtilsThread] INFO  pipeline.PipelineStateManager (PipelineStateManager.java:addPipeline(56)) - Created pipeline Pipeline[ Id: 043823e9-9887-4d48-bfdd-8b57a3700dab, Nodes: 8b1d3c45-464e-411c-9a1c-fa8558034422{ip: 192.168.36.99, host: pr-hdds-1950-vsl5z-1698008226, networkLocation: /default-rack, certSerialId: null}de1a53ad-bbb1-4f1c-a870-9fe3ce57e0b8{ip: 192.168.36.99, host: pr-hdds-1950-vsl5z-1698008226, networkLocation: /default-rack, certSerialId: null}5c23d56f-781b-40f4-b763-dd6ad64f36ec{ip: 192.168.36.99, host: pr-hdds-1950-vsl5z-1698008226, networkLocation: /default-rack, certSerialId: null}, Type:RATIS, Factor:THREE, State:OPEN]
2019-08-20 15:02:15,891 [Thread-345] INFO  ozone.MiniOzoneClusterImpl (MiniOzoneClusterImpl.java:lambda$waitForClusterToBeReady$0(142)) - Cluster is ready. Got 3 of 3 DN Heartbeats.
2019-08-20 15:02:15,892 [Thread-345] INFO  datanode.ObjectStoreHandler (ObjectStoreHandler.java:close(155)) - Closing ObjectStoreHandler.
2019-08-20 15:02:15,893 [Thread-345] INFO  ozone.HddsDatanodeService (HddsDatanodeService.java:stop(451)) - Stopped plug-in org.apache.hadoop.ozone.web.OzoneHddsDatanodeService@6efe4fa6
2019-08-20 15:02:16,202 [Datanode State Machine Thread - 0] INFO  statemachine.DatanodeStateMachine (DatanodeStateMachine.java:lambda$startDaemon$0(350)) - Ozone container server started.
2019-08-20 15:02:16,457 | INFO  | SCMAudit | user=jenkins1000 | ip=192.168.36.99 | op=SEND_HEARTBEAT {datanodeUUID=5c23d56f-781b-40f4-b763-dd6ad64f36ec, command=[]} | ret=SUCCESS |  
2019-08-20 15:02:16,892 | INFO  | SCMAudit | user=jenkins1000 | ip=192.168.36.99 | op=SEND_HEARTBEAT {datanodeUUID=de1a53ad-bbb1-4f1c-a870-9fe3ce57e0b8, command=[]} | ret=SUCCESS |  
2019-08-20 15:02:17,213 [Thread-517] INFO  container.ReplicationManager (ReplicationManager.java:start(152)) - Starting Replication Monitor Thread.
2019-08-20 15:02:17,215 [ReplicationMonitor] INFO  container.ReplicationManager (ReplicationManager.java:run(215)) - Replication Monitor Thread took 0 milliseconds for processing 0 containers.
2019-08-20 15:02:17,456 | INFO  | SCMAudit | user=jenkins1000 | ip=192.168.36.99 | op=SEND_HEARTBEAT {datanodeUUID=5c23d56f-781b-40f4-b763-dd6ad64f36ec, command=[]} | ret=SUCCESS |  
2019-08-20 15:02:17,892 | INFO  | SCMAudit | user=jenkins1000 | ip=192.168.36.99 | op=SEND_HEARTBEAT {datanodeUUID=de1a53ad-bbb1-4f1c-a870-9fe3ce57e0b8, command=[]} | ret=SUCCESS |  
2019-08-20 15:02:18,457 | INFO  | SCMAudit | user=jenkins1000 | ip=192.168.36.99 | op=SEND_HEARTBEAT {datanodeUUID=5c23d56f-781b-40f4-b763-dd6ad64f36ec, command=[]} | ret=SUCCESS |  
2019-08-20 15:02:18,892 | INFO  | SCMAudit | user=jenkins1000 | ip=192.168.36.99 | op=SEND_HEARTBEAT {datanodeUUID=de1a53ad-bbb1-4f1c-a870-9fe3ce57e0b8, command=[]} | ret=SUCCESS |  
2019-08-20 15:02:19,433 [EventQueue-StaleNodeForStaleNodeHandler] INFO  node.StaleNodeHandler (StaleNodeHandler.java:onMessage(58)) - Datanode 8b1d3c45-464e-411c-9a1c-fa8558034422{ip: 192.168.36.99, host: pr-hdds-1950-vsl5z-1698008226, networkLocation: /default-rack, certSerialId: null} moved to stale state. Finalizing its pipelines [PipelineID=615fe691-4d1f-4cfb-b3ca-e3df211a7b49, PipelineID=043823e9-9887-4d48-bfdd-8b57a3700dab]
2019-08-20 15:02:19,433 [EventQueue-StaleNodeForStaleNodeHandler] INFO  pipeline.SCMPipelineManager (SCMPipelineManager.java:finalizeAndDestroyPipeline(309)) - destroying pipeline:Pipeline[ Id: 615fe691-4d1f-4cfb-b3ca-e3df211a7b49, Nodes: 8b1d3c45-464e-411c-9a1c-fa8558034422{ip: 192.168.36.99, host: pr-hdds-1950-vsl5z-1698008226, networkLocation: /default-rack, certSerialId: null}, Type:RATIS, Factor:ONE, State:OPEN]
2019-08-20 15:02:19,435 [EventQueue-StaleNodeForStaleNodeHandler] INFO  pipeline.PipelineStateManager (PipelineStateManager.java:finalizePipeline(123)) - Pipeline Pipeline[ Id: 615fe691-4d1f-4cfb-b3ca-e3df211a7b49, Nodes: 8b1d3c45-464e-411c-9a1c-fa8558034422{ip: 192.168.36.99, host: pr-hdds-1950-vsl5z-1698008226, networkLocation: /default-rack, certSerialId: null}, Type:RATIS, Factor:ONE, State:CLOSED] moved to CLOSED state
2019-08-20 15:02:19,436 [EventQueue-StaleNodeForStaleNodeHandler] INFO  pipeline.SCMPipelineManager (SCMPipelineManager.java:finalizeAndDestroyPipeline(309)) - destroying pipeline:Pipeline[ Id: 043823e9-9887-4d48-bfdd-8b57a3700dab, Nodes: 8b1d3c45-464e-411c-9a1c-fa8558034422{ip: 192.168.36.99, host: pr-hdds-1950-vsl5z-1698008226, networkLocation: /default-rack, certSerialId: null}de1a53ad-bbb1-4f1c-a870-9fe3ce57e0b8{ip: 192.168.36.99, host: pr-hdds-1950-vsl5z-1698008226, networkLocation: /default-rack, certSerialId: null}5c23d56f-781b-40f4-b763-dd6ad64f36ec{ip: 192.168.36.99, host: pr-hdds-1950-vsl5z-1698008226, networkLocation: /default-rack, certSerialId: null}, Type:RATIS, Factor:THREE, State:OPEN]
2019-08-20 15:02:19,437 [EventQueue-StaleNodeForStaleNodeHandler] INFO  pipeline.PipelineStateManager (PipelineStateManager.java:finalizePipeline(123)) - Pipeline Pipeline[ Id: 043823e9-9887-4d48-bfdd-8b57a3700dab, Nodes: 8b1d3c45-464e-411c-9a1c-fa8558034422{ip: 192.168.36.99, host: pr-hdds-1950-vsl5z-1698008226, networkLocation: /default-rack, certSerialId: null}de1a53ad-bbb1-4f1c-a870-9fe3ce57e0b8{ip: 192.168.36.99, host: pr-hdds-1950-vsl5z-1698008226, networkLocation: /default-rack, certSerialId: null}5c23d56f-781b-40f4-b763-dd6ad64f36ec{ip: 192.168.36.99, host: pr-hdds-1950-vsl5z-1698008226, networkLocation: /default-rack, certSerialId: null}, Type:RATIS, Factor:THREE, State:CLOSED] moved to CLOSED state
2019-08-20 15:02:19,457 | INFO  | SCMAudit | user=jenkins1000 | ip=192.168.36.99 | op=SEND_HEARTBEAT {datanodeUUID=5c23d56f-781b-40f4-b763-dd6ad64f36ec, command=[]} | ret=SUCCESS |  
2019-08-20 15:02:19,871 [Thread-519] INFO  impl.FollowerState (FollowerState.java:run(106)) - 8b1d3c45-464e-411c-9a1c-fa8558034422:group-E3DF211A7B49 changes to CANDIDATE, lastRpcTime:5183, electionTimeout:5183ms
2019-08-20 15:02:19,872 [Thread-519] INFO  impl.RoleInfo (RoleInfo.java:shutdownFollowerState(121)) - 8b1d3c45-464e-411c-9a1c-fa8558034422: shutdown FollowerState
2019-08-20 15:02:19,872 [Thread-519] INFO  impl.RaftServerImpl (RaftServerImpl.java:setRole(171)) - 8b1d3c45-464e-411c-9a1c-fa8558034422:group-E3DF211A7B49 changes role from FOLLOWER to CANDIDATE at term 0 for changeToCandidate
2019-08-20 15:02:19,872 [Thread-519] INFO  impl.RoleInfo (RoleInfo.java:updateAndGet(143)) - 8b1d3c45-464e-411c-9a1c-fa8558034422: start LeaderElection
2019-08-20 15:02:19,893 | INFO  | SCMAudit | user=jenkins1000 | ip=192.168.36.99 | op=SEND_HEARTBEAT {datanodeUUID=de1a53ad-bbb1-4f1c-a870-9fe3ce57e0b8, command=[]} | ret=SUCCESS |  
2019-08-20 15:02:19,898 [Thread-522] INFO  impl.FollowerState (FollowerState.java:run(106)) - 5c23d56f-781b-40f4-b763-dd6ad64f36ec:group-A21C6EDDB2E2 changes to CANDIDATE, lastRpcTime:5108, electionTimeout:5108ms
2019-08-20 15:02:19,899 [Thread-522] INFO  impl.RoleInfo (RoleInfo.java:shutdownFollowerState(121)) - 5c23d56f-781b-40f4-b763-dd6ad64f36ec: shutdown FollowerState
2019-08-20 15:02:19,899 [Thread-522] INFO  impl.RaftServerImpl (RaftServerImpl.java:setRole(171)) - 5c23d56f-781b-40f4-b763-dd6ad64f36ec:group-A21C6EDDB2E2 changes role from FOLLOWER to CANDIDATE at term 0 for changeToCandidate
2019-08-20 15:02:19,899 [Thread-522] INFO  impl.RoleInfo (RoleInfo.java:updateAndGet(143)) - 5c23d56f-781b-40f4-b763-dd6ad64f36ec: start LeaderElection
2019-08-20 15:02:19,947 [Thread-525] INFO  impl.FollowerState (FollowerState.java:run(106)) - de1a53ad-bbb1-4f1c-a870-9fe3ce57e0b8:group-2D00B8CBBCCD changes to CANDIDATE, lastRpcTime:5008, electionTimeout:5008ms
2019-08-20 15:02:19,947 [Thread-525] INFO  impl.RoleInfo (RoleInfo.java:shutdownFollowerState(121)) - de1a53ad-bbb1-4f1c-a870-9fe3ce57e0b8: shutdown FollowerState
2019-08-20 15:02:19,948 [Thread-525] INFO  impl.RaftServerImpl (RaftServerImpl.java:setRole(171)) - de1a53ad-bbb1-4f1c-a870-9fe3ce57e0b8:group-2D00B8CBBCCD changes role from FOLLOWER to CANDIDATE at term 0 for changeToCandidate
2019-08-20 15:02:19,948 [Thread-525] INFO  impl.RoleInfo (RoleInfo.java:updateAndGet(143)) - de1a53ad-bbb1-4f1c-a870-9fe3ce57e0b8: start LeaderElection
2019-08-20 15:02:20,089 [Thread-528] INFO  impl.FollowerState (FollowerState.java:run(106)) - de1a53ad-bbb1-4f1c-a870-9fe3ce57e0b8:group-8B57A3700DAB changes to CANDIDATE, lastRpcTime:5060, electionTimeout:5060ms
2019-08-20 15:02:20,089 [Thread-528] INFO  impl.RoleInfo (RoleInfo.java:shutdownFollowerState(121)) - de1a53ad-bbb1-4f1c-a870-9fe3ce57e0b8: shutdown FollowerState
2019-08-20 15:02:20,089 [Thread-528] INFO  impl.RaftServerImpl (RaftServerImpl.java:setRole(171)) - de1a53ad-bbb1-4f1c-a870-9fe3ce57e0b8:group-8B57A3700DAB changes role from FOLLOWER to CANDIDATE at term 0 for changeToCandidate
2019-08-20 15:02:20,089 [Thread-528] INFO  impl.RoleInfo (RoleInfo.java:updateAndGet(143)) - de1a53ad-bbb1-4f1c-a870-9fe3ce57e0b8: start LeaderElection
2019-08-20 15:02:20,148 [Thread-534] INFO  impl.FollowerState (FollowerState.java:run(106)) - 5c23d56f-781b-40f4-b763-dd6ad64f36ec:group-8B57A3700DAB changes to CANDIDATE, lastRpcTime:5104, electionTimeout:5104ms
2019-08-20 15:02:20,148 [Thread-534] INFO  impl.RoleInfo (RoleInfo.java:shutdownFollowerState(121)) - 5c23d56f-781b-40f4-b763-dd6ad64f36ec: shutdown FollowerState
2019-08-20 15:02:20,148 [Thread-534] INFO  impl.RaftServerImpl (RaftServerImpl.java:setRole(171)) - 5c23d56f-781b-40f4-b763-dd6ad64f36ec:group-8B57A3700DAB changes role from FOLLOWER to CANDIDATE at term 0 for changeToCandidate
2019-08-20 15:02:20,149 [Thread-534] INFO  impl.RoleInfo (RoleInfo.java:updateAndGet(143)) - 5c23d56f-781b-40f4-b763-dd6ad64f36ec: start LeaderElection
2019-08-20 15:02:20,228 [Thread-531] INFO  impl.FollowerState (FollowerState.java:run(106)) - 8b1d3c45-464e-411c-9a1c-fa8558034422:group-8B57A3700DAB changes to CANDIDATE, lastRpcTime:5198, electionTimeout:5198ms
2019-08-20 15:02:20,228 [Thread-531] INFO  impl.RoleInfo (RoleInfo.java:shutdownFollowerState(121)) - 8b1d3c45-464e-411c-9a1c-fa8558034422: shutdown FollowerState
2019-08-20 15:02:20,228 [Thread-531] INFO  impl.RaftServerImpl (RaftServerImpl.java:setRole(171)) - 8b1d3c45-464e-411c-9a1c-fa8558034422:group-8B57A3700DAB changes role from FOLLOWER to CANDIDATE at term 0 for changeToCandidate
2019-08-20 15:02:20,228 [Thread-531] INFO  impl.RoleInfo (RoleInfo.java:updateAndGet(143)) - 8b1d3c45-464e-411c-9a1c-fa8558034422: start LeaderElection
2019-08-20 15:02:20,457 | INFO  | SCMAudit | user=jenkins1000 | ip=192.168.36.99 | op=SEND_HEARTBEAT {datanodeUUID=5c23d56f-781b-40f4-b763-dd6ad64f36ec, command=[]} | ret=SUCCESS |  
2019-08-20 15:02:20,892 | INFO  | SCMAudit | user=jenkins1000 | ip=192.168.36.99 | op=SEND_HEARTBEAT {datanodeUUID=de1a53ad-bbb1-4f1c-a870-9fe3ce57e0b8, command=[]} | ret=SUCCESS |  
2019-08-20 15:02:20,894 [Thread-345] INFO  ozoneimpl.OzoneContainer (OzoneContainer.java:stop(199)) - Attempting to stop container services.
2019-08-20 15:02:20,894 [Thread-345] INFO  impl.RaftServerProxy (RaftServerProxy.java:lambda$close$4(314)) - 8b1d3c45-464e-411c-9a1c-fa8558034422: close
2019-08-20 15:02:20,895 [Thread-345] INFO  impl.RaftServerImpl (RaftServerImpl.java:lambda$shutdown$3(245)) - 8b1d3c45-464e-411c-9a1c-fa8558034422: shutdown group-E3DF211A7B49
2019-08-20 15:02:20,896 [Thread-345] INFO  util.JmxRegister (JmxRegister.java:unregister(73)) - Successfully un-registered JMX Bean with object name Ratis:service=RaftServer,group=group-E3DF211A7B49,id=8b1d3c45-464e-411c-9a1c-fa8558034422
2019-08-20 15:02:20,896 [Thread-345] INFO  impl.RoleInfo (RoleInfo.java:shutdownLeaderElection(134)) - 8b1d3c45-464e-411c-9a1c-fa8558034422: shutdown LeaderElection
2019-08-20 15:02:20,896 [Thread-345] INFO  impl.StateMachineUpdater (StateMachineUpdater.java:stopAndJoin(115)) - StateMachineUpdater:8b1d3c45-464e-411c-9a1c-fa8558034422:group-E3DF211A7B49: set stopIndex = -1
2019-08-20 15:02:20,897 [Thread-345] INFO  impl.RaftServerImpl (ServerState.java:close(394)) - 8b1d3c45-464e-411c-9a1c-fa8558034422:group-E3DF211A7B49 closes. The last applied log index is -1
2019-08-20 15:02:20,897 [8b1d3c45-464e-411c-9a1c-fa8558034422-SegmentedRaftLogWorker:Storage Directory /workdir/hadoop-ozone/integration-test/target/test-dir/MiniOzoneClusterImpl-c8129239-5fa4-43d5-9fc3-37839c077eab/datanode-0/data/ratis/615fe691-4d1f-4cfb-b3ca-e3df211a7b49] INFO  segmented.SegmentedRaftLogWorker (SegmentedRaftLogWorker.java:run(313)) - 8b1d3c45-464e-411c-9a1c-fa8558034422-SegmentedRaftLogWorker:Storage Directory /workdir/hadoop-ozone/integration-test/target/test-dir/MiniOzoneClusterImpl-c8129239-5fa4-43d5-9fc3-37839c077eab/datanode-0/data/ratis/615fe691-4d1f-4cfb-b3ca-e3df211a7b49 was interrupted, exiting. There are 0 tasks remaining in the queue.
2019-08-20 15:02:20,897 [Thread-345] INFO  segmented.SegmentedRaftLogWorker (SegmentedRaftLogWorker.java:close(228)) - 8b1d3c45-464e-411c-9a1c-fa8558034422-SegmentedRaftLogWorker:Storage Directory /workdir/hadoop-ozone/integration-test/target/test-dir/MiniOzoneClusterImpl-c8129239-5fa4-43d5-9fc3-37839c077eab/datanode-0/data/ratis/615fe691-4d1f-4cfb-b3ca-e3df211a7b49 close()
2019-08-20 15:02:20,901 [Thread-345] INFO  impl.RaftServerImpl (RaftServerImpl.java:lambda$shutdown$3(245)) - 8b1d3c45-464e-411c-9a1c-fa8558034422: shutdown group-8B57A3700DAB
2019-08-20 15:02:20,901 [Thread-345] INFO  util.JmxRegister (JmxRegister.java:unregister(73)) - Successfully un-registered JMX Bean with object name Ratis:service=RaftServer,group=group-8B57A3700DAB,id=8b1d3c45-464e-411c-9a1c-fa8558034422
2019-08-20 15:02:20,902 [Thread-345] INFO  impl.RoleInfo (RoleInfo.java:shutdownLeaderElection(134)) - 8b1d3c45-464e-411c-9a1c-fa8558034422: shutdown LeaderElection
2019-08-20 15:02:20,902 [Thread-345] INFO  impl.StateMachineUpdater (StateMachineUpdater.java:stopAndJoin(115)) - StateMachineUpdater:8b1d3c45-464e-411c-9a1c-fa8558034422:group-8B57A3700DAB: set stopIndex = -1
2019-08-20 15:02:20,902 [Thread-345] INFO  impl.RaftServerImpl (ServerState.java:close(394)) - 8b1d3c45-464e-411c-9a1c-fa8558034422:group-8B57A3700DAB closes. The last applied log index is -1
2019-08-20 15:02:20,903 [8b1d3c45-464e-411c-9a1c-fa8558034422-SegmentedRaftLogWorker:Storage Directory /workdir/hadoop-ozone/integration-test/target/test-dir/MiniOzoneClusterImpl-c8129239-5fa4-43d5-9fc3-37839c077eab/datanode-0/data/ratis/043823e9-9887-4d48-bfdd-8b57a3700dab] INFO  segmented.SegmentedRaftLogWorker (SegmentedRaftLogWorker.java:run(313)) - 8b1d3c45-464e-411c-9a1c-fa8558034422-SegmentedRaftLogWorker:Storage Directory /workdir/hadoop-ozone/integration-test/target/test-dir/MiniOzoneClusterImpl-c8129239-5fa4-43d5-9fc3-37839c077eab/datanode-0/data/ratis/043823e9-9887-4d48-bfdd-8b57a3700dab was interrupted, exiting. There are 0 tasks remaining in the queue.
2019-08-20 15:02:20,903 [Thread-345] INFO  segmented.SegmentedRaftLogWorker (SegmentedRaftLogWorker.java:close(228)) - 8b1d3c45-464e-411c-9a1c-fa8558034422-SegmentedRaftLogWorker:Storage Directory /workdir/hadoop-ozone/integration-test/target/test-dir/MiniOzoneClusterImpl-c8129239-5fa4-43d5-9fc3-37839c077eab/datanode-0/data/ratis/043823e9-9887-4d48-bfdd-8b57a3700dab close()
2019-08-20 15:02:20,906 [Thread-345] INFO  server.GrpcService (GrpcService.java:closeImpl(155)) - 8b1d3c45-464e-411c-9a1c-fa8558034422: shutdown server with port 44849 now
2019-08-20 15:02:20,906 [Thread-345] INFO  server.GrpcService (GrpcService.java:closeImpl(163)) - 8b1d3c45-464e-411c-9a1c-fa8558034422: shutdown server with port 44849 successfully
2019-08-20 15:02:20,911 [Thread-345] INFO  utils.BackgroundService (BackgroundService.java:shutdown(148)) - Shutting down service BlockDeletingService
2019-08-20 15:02:20,913 [refreshUsed-/workdir/hadoop-ozone/integration-test/target/test-dir/MiniOzoneClusterImpl-c8129239-5fa4-43d5-9fc3-37839c077eab/datanode-0/data/containers] WARN  fs.CachingGetSpaceUsed (CachingGetSpaceUsed.java:run(183)) - Thread Interrupted waiting to refresh disk information: sleep interrupted
2019-08-20 15:02:20,940 [Thread-345] INFO  statemachine.DatanodeStateMachine (DatanodeStateMachine.java:stopDaemon(395)) - Ozone container server stopped.
2019-08-20 15:02:20,942 [Thread-345] INFO  handler.ContextHandler (ContextHandler.java:doStop(910)) - Stopped o.e.j.w.WebAppContext@4c308e3b{/,null,UNAVAILABLE}{/hddsDatanode}
2019-08-20 15:02:20,943 [Thread-345] INFO  server.AbstractConnector (AbstractConnector.java:doStop(318)) - Stopped ServerConnector@706ceb5c{HTTP/1.1,[http/1.1]}{0.0.0.0:0}
2019-08-20 15:02:20,943 [Thread-345] INFO  handler.ContextHandler (ContextHandler.java:doStop(910)) - Stopped o.e.j.s.ServletContextHandler@6e2b4a60{/static,jar:file:/home/user/.m2/repository/org/apache/hadoop/hadoop-hdds-container-service/0.5.0-SNAPSHOT/hadoop-hdds-container-service-0.5.0-SNAPSHOT.jar!/webapps/static,UNAVAILABLE}
2019-08-20 15:02:20,944 [Thread-345] INFO  handler.ContextHandler (ContextHandler.java:doStop(910)) - Stopped o.e.j.s.ServletContextHandler@79eddace{/logs,file:///workdir/hadoop-ozone/integration-test/target/log,UNAVAILABLE}
2019-08-20 15:02:20,945 [Thread-345] INFO  datanode.ObjectStoreHandler (ObjectStoreHandler.java:close(155)) - Closing ObjectStoreHandler.
2019-08-20 15:02:20,946 [Thread-345] INFO  ozone.HddsDatanodeService (HddsDatanodeService.java:stop(451)) - Stopped plug-in org.apache.hadoop.ozone.web.OzoneHddsDatanodeService@5310095e
2019-08-20 15:02:21,455 [Datanode State Machine Thread - 0] INFO  statemachine.DatanodeStateMachine (DatanodeStateMachine.java:lambda$startDaemon$0(350)) - Ozone container server started.
2019-08-20 15:02:21,892 | INFO  | SCMAudit | user=jenkins1000 | ip=192.168.36.99 | op=SEND_HEARTBEAT {datanodeUUID=de1a53ad-bbb1-4f1c-a870-9fe3ce57e0b8, command=[]} | ret=SUCCESS |  
2019-08-20 15:02:22,892 | INFO  | SCMAudit | user=jenkins1000 | ip=192.168.36.99 | op=SEND_HEARTBEAT {datanodeUUID=de1a53ad-bbb1-4f1c-a870-9fe3ce57e0b8, command=[]} | ret=SUCCESS |  
2019-08-20 15:02:23,893 | INFO  | SCMAudit | user=jenkins1000 | ip=192.168.36.99 | op=SEND_HEARTBEAT {datanodeUUID=de1a53ad-bbb1-4f1c-a870-9fe3ce57e0b8, command=[]} | ret=SUCCESS |  
2019-08-20 15:02:24,021 [de1a53ad-bbb1-4f1c-a870-9fe3ce57e0b8:group-2D00B8CBBCCD:LeaderElection27] INFO  impl.LeaderElection (LeaderElection.java:askForVotes(181)) - de1a53ad-bbb1-4f1c-a870-9fe3ce57e0b8:group-2D00B8CBBCCD:LeaderElection27: begin an election at term 1 for -1: [de1a53ad-bbb1-4f1c-a870-9fe3ce57e0b8:192.168.36.99:33849], old=null
2019-08-20 15:02:24,021 [5c23d56f-781b-40f4-b763-dd6ad64f36ec:group-A21C6EDDB2E2:LeaderElection26] INFO  impl.LeaderElection (LeaderElection.java:askForVotes(181)) - 5c23d56f-781b-40f4-b763-dd6ad64f36ec:group-A21C6EDDB2E2:LeaderElection26: begin an election at term 1 for -1: [5c23d56f-781b-40f4-b763-dd6ad64f36ec:192.168.36.99:41272], old=null
2019-08-20 15:02:24,021 [8b1d3c45-464e-411c-9a1c-fa8558034422:group-E3DF211A7B49:LeaderElection25] INFO  impl.LeaderElection (LeaderElection.java:askForVotes(181)) - 8b1d3c45-464e-411c-9a1c-fa8558034422:group-E3DF211A7B49:LeaderElection25: begin an election at term 1 for -1: [8b1d3c45-464e-411c-9a1c-fa8558034422:192.168.36.99:44849], old=null
2019-08-20 15:02:24,022 [5c23d56f-781b-40f4-b763-dd6ad64f36ec:group-A21C6EDDB2E2:LeaderElection26] INFO  impl.RoleInfo (RoleInfo.java:shutdownLeaderElection(134)) - 5c23d56f-781b-40f4-b763-dd6ad64f36ec: shutdown LeaderElection
2019-08-20 15:02:24,021 [de1a53ad-bbb1-4f1c-a870-9fe3ce57e0b8:group-2D00B8CBBCCD:LeaderElection27] INFO  impl.RoleInfo (RoleInfo.java:shutdownLeaderElection(134)) - de1a53ad-bbb1-4f1c-a870-9fe3ce57e0b8: shutdown LeaderElection
2019-08-20 15:02:24,022 [5c23d56f-781b-40f4-b763-dd6ad64f36ec:group-A21C6EDDB2E2:LeaderElection26] INFO  impl.RaftServerImpl (RaftServerImpl.java:setRole(171)) - 5c23d56f-781b-40f4-b763-dd6ad64f36ec:group-A21C6EDDB2E2 changes role from CANDIDATE to LEADER at term 1 for changeToLeader
2019-08-20 15:02:24,022 [8b1d3c45-464e-411c-9a1c-fa8558034422:group-E3DF211A7B49:LeaderElection25] INFO  impl.LeaderElection (LogUtils.java:infoOrTrace(149)) - Failed 8b1d3c45-464e-411c-9a1c-fa8558034422:group-E3DF211A7B49:LeaderElection25, state=CLOSING: {}
java.lang.IllegalArgumentException: 8b1d3c45-464e-411c-9a1c-fa8558034422-SegmentedRaftLog is expected to be opened but it is CLOSED
	at org.apache.ratis.util.OpenCloseState.assertOpen(OpenCloseState.java:63)
	at org.apache.ratis.server.raftlog.RaftLog.checkLogState(RaftLog.java:101)
	at org.apache.ratis.server.raftlog.segmented.SegmentedRaftLog.getLastEntryTermIndex(SegmentedRaftLog.java:263)
	at org.apache.ratis.server.impl.LeaderElection.askForVotes(LeaderElection.java:183)
	at org.apache.ratis.server.impl.LeaderElection.run(LeaderElection.java:130)
	at java.lang.Thread.run(Thread.java:748)
Caused by: org.apache.ratis.util.OpenCloseState$CloseTrace: Close 8b1d3c45-464e-411c-9a1c-fa8558034422-SegmentedRaftLog
	at org.apache.ratis.util.OpenCloseState.lambda$close$1(OpenCloseState.java:109)
	at java.util.concurrent.atomic.AtomicReference.getAndUpdate(AtomicReference.java:160)
	at org.apache.ratis.util.OpenCloseState.close(OpenCloseState.java:109)
	at org.apache.ratis.server.raftlog.RaftLog.close(RaftLog.java:437)
	at org.apache.ratis.server.raftlog.segmented.SegmentedRaftLog.close(SegmentedRaftLog.java:428)
	at org.apache.ratis.server.impl.ServerState.close(ServerState.java:397)
	at org.apache.ratis.server.impl.RaftServerImpl.lambda$shutdown$3(RaftServerImpl.java:267)
	at org.apache.ratis.util.LifeCycle.lambda$checkStateAndClose$2(LifeCycle.java:231)
	at org.apache.ratis.util.LifeCycle.checkStateAndClose(LifeCycle.java:251)
	at org.apache.ratis.util.LifeCycle.checkStateAndClose(LifeCycle.java:229)
	at org.apache.ratis.server.impl.RaftServerImpl.shutdown(RaftServerImpl.java:244)
	at org.apache.ratis.server.impl.RaftServerProxy$ImplMap.lambda$close$0(RaftServerProxy.java:107)
	at java.util.stream.ForEachOps$ForEachOp$OfRef.accept(ForEachOps.java:184)
	at java.util.stream.ReferencePipeline$3$1.accept(ReferencePipeline.java:193)
	at java.util.concurrent.ConcurrentHashMap$ValueSpliterator.forEachRemaining(ConcurrentHashMap.java:3566)
	at java.util.stream.AbstractPipeline.copyInto(AbstractPipeline.java:482)
	at java.util.stream.ForEachOps$ForEachTask.compute(ForEachOps.java:291)
	at java.util.concurrent.CountedCompleter.exec(CountedCompleter.java:731)
	at java.util.concurrent.ForkJoinTask.doExec(ForkJoinTask.java:289)
	at java.util.concurrent.ForkJoinPool.helpComplete(ForkJoinPool.java:1870)
	at java.util.concurrent.ForkJoinPool.externalHelpComplete(ForkJoinPool.java:2467)
	at java.util.concurrent.ForkJoinTask.externalAwaitDone(ForkJoinTask.java:324)
	at java.util.concurrent.ForkJoinTask.doInvoke(ForkJoinTask.java:405)
	at java.util.concurrent.ForkJoinTask.invoke(ForkJoinTask.java:734)
	at java.util.stream.ForEachOps$ForEachOp.evaluateParallel(ForEachOps.java:160)
	at java.util.stream.ForEachOps$ForEachOp$OfRef.evaluateParallel(ForEachOps.java:174)
	at java.util.stream.AbstractPipeline.evaluate(AbstractPipeline.java:233)
	at java.util.stream.ReferencePipeline.forEach(ReferencePipeline.java:418)
	at org.apache.ratis.server.impl.RaftServerProxy$ImplMap.close(RaftServerProxy.java:107)
	at org.apache.ratis.server.impl.RaftServerProxy.lambda$close$4(RaftServerProxy.java:315)
	at org.apache.ratis.util.LifeCycle.lambda$checkStateAndClose$2(LifeCycle.java:231)
	at org.apache.ratis.util.LifeCycle.checkStateAndClose(LifeCycle.java:251)
	at org.apache.ratis.util.LifeCycle.checkStateAndClose(LifeCycle.java:229)
	at org.apache.ratis.server.impl.RaftServerProxy.close(RaftServerProxy.java:313)
	at org.apache.hadoop.ozone.container.common.transport.server.ratis.XceiverServerRatis.stop(XceiverServerRatis.java:434)
	at org.apache.hadoop.ozone.container.ozoneimpl.OzoneContainer.stop(OzoneContainer.java:201)
	at org.apache.hadoop.ozone.container.common.statemachine.DatanodeStateMachine.close(DatanodeStateMachine.java:270)
	at org.apache.hadoop.ozone.container.common.statemachine.DatanodeStateMachine.stopDaemon(DatanodeStateMachine.java:394)
	at org.apache.hadoop.ozone.HddsDatanodeService.stop(HddsDatanodeService.java:458)
	at org.apache.hadoop.ozone.MiniOzoneClusterImpl.shutdownHddsDatanode(MiniOzoneClusterImpl.java:310)
	at org.apache.hadoop.ozone.MiniOzoneClusterImpl.shutdownHddsDatanode(MiniOzoneClusterImpl.java:315)
	at org.apache.hadoop.hdds.scm.pipeline.TestRatisPipelineCreateAndDestory.testPipelineCreationOnNodeRestart(TestRatisPipelineCreateAndDestory.java:95)
	at sun.reflect.NativeMethodAccessorImpl.invoke0(Native Method)
	at sun.reflect.NativeMethodAccessorImpl.invoke(NativeMethodAccessorImpl.java:62)
	at sun.reflect.DelegatingMethodAccessorImpl.invoke(DelegatingMethodAccessorImpl.java:43)
	at java.lang.reflect.Method.invoke(Method.java:498)
	at org.junit.runners.model.FrameworkMethod$1.runReflectiveCall(FrameworkMethod.java:47)
	at org.junit.internal.runners.model.ReflectiveCallable.run(ReflectiveCallable.java:12)
	at org.junit.runners.model.FrameworkMethod.invokeExplosively(FrameworkMethod.java:44)
	at org.junit.internal.runners.statements.InvokeMethod.evaluate(InvokeMethod.java:17)
	at org.junit.internal.runners.statements.FailOnTimeout$StatementThread.run(FailOnTimeout.java:74)
2019-08-20 15:02:24,025 [8b1d3c45-464e-411c-9a1c-fa8558034422:group-E3DF211A7B49:LeaderElection25] INFO  impl.LeaderElection (LeaderElection.java:run(141)) - 8b1d3c45-464e-411c-9a1c-fa8558034422:group-E3DF211A7B49:LeaderElection25: IllegalArgumentException is safely ignored since this is already CLOSING
2019-08-20 15:02:24,022 [5c23d56f-781b-40f4-b763-dd6ad64f36ec:group-A21C6EDDB2E2:LeaderElection26] INFO  impl.RaftServerImpl (ServerState.java:setLeader(263)) - 5c23d56f-781b-40f4-b763-dd6ad64f36ec:group-A21C6EDDB2E2 change Leader from null to 5c23d56f-781b-40f4-b763-dd6ad64f36ec at term 1 for becomeLeader, leader elected after 9236ms
2019-08-20 15:02:24,022 [de1a53ad-bbb1-4f1c-a870-9fe3ce57e0b8:group-2D00B8CBBCCD:LeaderElection27] INFO  impl.RaftServerImpl (RaftServerImpl.java:setRole(171)) - de1a53ad-bbb1-4f1c-a870-9fe3ce57e0b8:group-2D00B8CBBCCD changes role from CANDIDATE to LEADER at term 1 for changeToLeader
2019-08-20 15:02:24,025 [5c23d56f-781b-40f4-b763-dd6ad64f36ec:group-A21C6EDDB2E2:LeaderElection26] INFO  server.RaftServerConfigKeys (ConfUtils.java:logGet(43)) - raft.server.staging.catchup.gap = 1000 (default)
2019-08-20 15:02:24,025 [de1a53ad-bbb1-4f1c-a870-9fe3ce57e0b8:group-2D00B8CBBCCD:LeaderElection27] INFO  impl.RaftServerImpl (ServerState.java:setLeader(263)) - de1a53ad-bbb1-4f1c-a870-9fe3ce57e0b8:group-2D00B8CBBCCD change Leader from null to de1a53ad-bbb1-4f1c-a870-9fe3ce57e0b8 at term 1 for becomeLeader, leader elected after 9090ms
2019-08-20 15:02:24,025 [5c23d56f-781b-40f4-b763-dd6ad64f36ec:group-A21C6EDDB2E2:LeaderElection26] INFO  server.RaftServerConfigKeys (ConfUtils.java:logGet(43)) - raft.server.rpc.sleep.time = 25ms (default)
2019-08-20 15:02:24,026 [de1a53ad-bbb1-4f1c-a870-9fe3ce57e0b8:group-2D00B8CBBCCD:LeaderElection27] INFO  server.RaftServerConfigKeys (ConfUtils.java:logGet(43)) - raft.server.staging.catchup.gap = 1000 (default)
2019-08-20 15:02:24,026 [5c23d56f-781b-40f4-b763-dd6ad64f36ec:group-A21C6EDDB2E2:LeaderElection26] INFO  server.RaftServerConfigKeys (ConfUtils.java:logGet(43)) - raft.server.write.element-limit = 4096 (default)
2019-08-20 15:02:24,026 [de1a53ad-bbb1-4f1c-a870-9fe3ce57e0b8:group-2D00B8CBBCCD:LeaderElection27] INFO  server.RaftServerConfigKeys (ConfUtils.java:logGet(43)) - raft.server.rpc.sleep.time = 25ms (default)
2019-08-20 15:02:24,026 [5c23d56f-781b-40f4-b763-dd6ad64f36ec:group-A21C6EDDB2E2:LeaderElection26] INFO  server.RaftServerConfigKeys (ConfUtils.java:logGet(43)) - raft.server.watch.timeout = 10s (default)
2019-08-20 15:02:24,026 [de1a53ad-bbb1-4f1c-a870-9fe3ce57e0b8:group-2D00B8CBBCCD:LeaderElection27] INFO  server.RaftServerConfigKeys (ConfUtils.java:logGet(43)) - raft.server.write.element-limit = 4096 (default)
2019-08-20 15:02:24,026 [5c23d56f-781b-40f4-b763-dd6ad64f36ec:group-A21C6EDDB2E2:LeaderElection26] INFO  server.RaftServerConfigKeys (ConfUtils.java:logGet(43)) - raft.server.watch.timeout.denomination = 1s (default)
2019-08-20 15:02:24,027 [de1a53ad-bbb1-4f1c-a870-9fe3ce57e0b8:group-2D00B8CBBCCD:LeaderElection27] INFO  server.RaftServerConfigKeys (ConfUtils.java:logGet(43)) - raft.server.watch.timeout = 10s (default)
2019-08-20 15:02:24,027 [5c23d56f-781b-40f4-b763-dd6ad64f36ec:group-A21C6EDDB2E2:LeaderElection26] INFO  server.RaftServerConfigKeys (ConfUtils.java:logGet(43)) - raft.server.watch.element-limit = 65536 (default)
2019-08-20 15:02:24,027 [de1a53ad-bbb1-4f1c-a870-9fe3ce57e0b8:group-2D00B8CBBCCD:LeaderElection27] INFO  server.RaftServerConfigKeys (ConfUtils.java:logGet(43)) - raft.server.watch.timeout.denomination = 1s (default)
2019-08-20 15:02:24,027 [de1a53ad-bbb1-4f1c-a870-9fe3ce57e0b8:group-2D00B8CBBCCD:LeaderElection27] INFO  server.RaftServerConfigKeys (ConfUtils.java:logGet(43)) - raft.server.watch.element-limit = 65536 (default)
2019-08-20 15:02:24,027 [5c23d56f-781b-40f4-b763-dd6ad64f36ec:group-A21C6EDDB2E2:LeaderElection26] INFO  impl.RoleInfo (RoleInfo.java:updateAndGet(143)) - 5c23d56f-781b-40f4-b763-dd6ad64f36ec: start LeaderState
2019-08-20 15:02:24,028 [de1a53ad-bbb1-4f1c-a870-9fe3ce57e0b8:group-2D00B8CBBCCD:LeaderElection27] INFO  impl.RoleInfo (RoleInfo.java:updateAndGet(143)) - de1a53ad-bbb1-4f1c-a870-9fe3ce57e0b8: start LeaderState
2019-08-20 15:02:24,028 [5c23d56f-781b-40f4-b763-dd6ad64f36ec:group-A21C6EDDB2E2:LeaderElection26] INFO  segmented.SegmentedRaftLogWorker (SegmentedRaftLogWorker.java:startLogSegment(380)) - 5c23d56f-781b-40f4-b763-dd6ad64f36ec-SegmentedRaftLogWorker:Storage Directory /workdir/hadoop-ozone/integration-test/target/test-dir/MiniOzoneClusterImpl-c8129239-5fa4-43d5-9fc3-37839c077eab/datanode-1/data/ratis/7cfdef7b-3c15-4f53-9603-a21c6eddb2e2: Starting segment from index:0
2019-08-20 15:02:24,028 [de1a53ad-bbb1-4f1c-a870-9fe3ce57e0b8:group-2D00B8CBBCCD:LeaderElection27] INFO  segmented.SegmentedRaftLogWorker (SegmentedRaftLogWorker.java:startLogSegment(380)) - de1a53ad-bbb1-4f1c-a870-9fe3ce57e0b8-SegmentedRaftLogWorker:Storage Directory /workdir/hadoop-ozone/integration-test/target/test-dir/MiniOzoneClusterImpl-c8129239-5fa4-43d5-9fc3-37839c077eab/datanode-2/data/ratis/8879b723-97c6-450a-a835-2d00b8cbbccd: Starting segment from index:0
2019-08-20 15:02:24,029 [de1a53ad-bbb1-4f1c-a870-9fe3ce57e0b8:group-2D00B8CBBCCD:LeaderElection27] INFO  impl.RaftServerImpl (ServerState.java:setRaftConf(361)) - de1a53ad-bbb1-4f1c-a870-9fe3ce57e0b8:group-2D00B8CBBCCD set configuration 0: [de1a53ad-bbb1-4f1c-a870-9fe3ce57e0b8:192.168.36.99:33849], old=null at 0
2019-08-20 15:02:24,029 [5c23d56f-781b-40f4-b763-dd6ad64f36ec:group-A21C6EDDB2E2:LeaderElection26] INFO  impl.RaftServerImpl (ServerState.java:setRaftConf(361)) - 5c23d56f-781b-40f4-b763-dd6ad64f36ec:group-A21C6EDDB2E2 set configuration 0: [5c23d56f-781b-40f4-b763-dd6ad64f36ec:192.168.36.99:41272], old=null at 0
2019-08-20 15:02:24,893 | INFO  | SCMAudit | user=jenkins1000 | ip=192.168.36.99 | op=SEND_HEARTBEAT {datanodeUUID=de1a53ad-bbb1-4f1c-a870-9fe3ce57e0b8, command=[]} | ret=SUCCESS |  
2019-08-20 15:02:25,022 [de1a53ad-bbb1-4f1c-a870-9fe3ce57e0b8:group-8B57A3700DAB:LeaderElection28] INFO  impl.LeaderElection (LeaderElection.java:askForVotes(181)) - de1a53ad-bbb1-4f1c-a870-9fe3ce57e0b8:group-8B57A3700DAB:LeaderElection28: begin an election at term 1 for -1: [5c23d56f-781b-40f4-b763-dd6ad64f36ec:192.168.36.99:41272, de1a53ad-bbb1-4f1c-a870-9fe3ce57e0b8:192.168.36.99:33849, 8b1d3c45-464e-411c-9a1c-fa8558034422:192.168.36.99:44849], old=null
2019-08-20 15:02:25,028 [de1a53ad-bbb1-4f1c-a870-9fe3ce57e0b8:group-8B57A3700DAB:LeaderElection28] INFO  impl.LeaderElection (LogUtils.java:infoOrTrace(149)) - de1a53ad-bbb1-4f1c-a870-9fe3ce57e0b8:group-8B57A3700DAB:LeaderElection28 got exception when requesting votes: {}
java.util.concurrent.ExecutionException: org.apache.ratis.thirdparty.io.grpc.StatusRuntimeException: UNAVAILABLE: io exception
	at java.util.concurrent.FutureTask.report(FutureTask.java:122)
	at java.util.concurrent.FutureTask.get(FutureTask.java:192)
	at org.apache.ratis.server.impl.LeaderElection.waitForResults(LeaderElection.java:262)
	at org.apache.ratis.server.impl.LeaderElection.askForVotes(LeaderElection.java:200)
	at org.apache.ratis.server.impl.LeaderElection.run(LeaderElection.java:130)
	at java.lang.Thread.run(Thread.java:748)
Caused by: org.apache.ratis.thirdparty.io.grpc.StatusRuntimeException: UNAVAILABLE: io exception
	at org.apache.ratis.thirdparty.io.grpc.stub.ClientCalls.toStatusRuntimeException(ClientCalls.java:233)
	at org.apache.ratis.thirdparty.io.grpc.stub.ClientCalls.getUnchecked(ClientCalls.java:214)
	at org.apache.ratis.thirdparty.io.grpc.stub.ClientCalls.blockingUnaryCall(ClientCalls.java:139)
	at org.apache.ratis.proto.grpc.RaftServerProtocolServiceGrpc$RaftServerProtocolServiceBlockingStub.requestVote(RaftServerProtocolServiceGrpc.java:265)
	at org.apache.ratis.grpc.server.GrpcServerProtocolClient.requestVote(GrpcServerProtocolClient.java:83)
	at org.apache.ratis.grpc.server.GrpcService.requestVote(GrpcService.java:195)
	at org.apache.ratis.server.impl.LeaderElection.lambda$submitRequests$1(LeaderElection.java:237)
	at java.util.concurrent.FutureTask.run(FutureTask.java:266)
	at java.util.concurrent.Executors$RunnableAdapter.call(Executors.java:511)
	at java.util.concurrent.FutureTask.run(FutureTask.java:266)
	at java.util.concurrent.ThreadPoolExecutor.runWorker(ThreadPoolExecutor.java:1149)
	at java.util.concurrent.ThreadPoolExecutor$Worker.run(ThreadPoolExecutor.java:624)
	... 1 more
Caused by: org.apache.ratis.thirdparty.io.netty.channel.AbstractChannel$AnnotatedConnectException: Connection refused: /192.168.36.99:44849
	at sun.nio.ch.SocketChannelImpl.checkConnect(Native Method)
	at sun.nio.ch.SocketChannelImpl.finishConnect(SocketChannelImpl.java:717)
	at org.apache.ratis.thirdparty.io.netty.channel.socket.nio.NioSocketChannel.doFinishConnect(NioSocketChannel.java:327)
	at org.apache.ratis.thirdparty.io.netty.channel.nio.AbstractNioChannel$AbstractNioUnsafe.finishConnect(AbstractNioChannel.java:340)
	at org.apache.ratis.thirdparty.io.netty.channel.nio.NioEventLoop.processSelectedKey(NioEventLoop.java:632)
	at org.apache.ratis.thirdparty.io.netty.channel.nio.NioEventLoop.processSelectedKeysOptimized(NioEventLoop.java:579)
	at org.apache.ratis.thirdparty.io.netty.channel.nio.NioEventLoop.processSelectedKeys(NioEventLoop.java:496)
	at org.apache.ratis.thirdparty.io.netty.channel.nio.NioEventLoop.run(NioEventLoop.java:458)
	at org.apache.ratis.thirdparty.io.netty.util.concurrent.SingleThreadEventExecutor$5.run(SingleThreadEventExecutor.java:897)
	at org.apache.ratis.thirdparty.io.netty.util.concurrent.FastThreadLocalRunnable.run(FastThreadLocalRunnable.java:30)
	... 1 more
Caused by: java.net.ConnectException: Connection refused
	... 11 more
2019-08-20 15:02:25,064 [5c23d56f-781b-40f4-b763-dd6ad64f36ec:group-8B57A3700DAB:LeaderElection29] INFO  impl.LeaderElection (LeaderElection.java:askForVotes(181)) - 5c23d56f-781b-40f4-b763-dd6ad64f36ec:group-8B57A3700DAB:LeaderElection29: begin an election at term 1 for -1: [5c23d56f-781b-40f4-b763-dd6ad64f36ec:192.168.36.99:41272, de1a53ad-bbb1-4f1c-a870-9fe3ce57e0b8:192.168.36.99:33849, 8b1d3c45-464e-411c-9a1c-fa8558034422:192.168.36.99:44849], old=null
2019-08-20 15:02:25,064 [8b1d3c45-464e-411c-9a1c-fa8558034422:group-8B57A3700DAB:LeaderElection30] INFO  impl.LeaderElection (LeaderElection.java:askForVotes(181)) - 8b1d3c45-464e-411c-9a1c-fa8558034422:group-8B57A3700DAB:LeaderElection30: begin an election at term 1 for -1: [5c23d56f-781b-40f4-b763-dd6ad64f36ec:192.168.36.99:41272, de1a53ad-bbb1-4f1c-a870-9fe3ce57e0b8:192.168.36.99:33849, 8b1d3c45-464e-411c-9a1c-fa8558034422:192.168.36.99:44849], old=null
2019-08-20 15:02:25,066 [8b1d3c45-464e-411c-9a1c-fa8558034422:group-8B57A3700DAB:LeaderElection30] INFO  impl.LeaderElection (LogUtils.java:infoOrTrace(149)) - Failed 8b1d3c45-464e-411c-9a1c-fa8558034422:group-8B57A3700DAB:LeaderElection30, state=CLOSING: {}
java.lang.IllegalArgumentException: 8b1d3c45-464e-411c-9a1c-fa8558034422-SegmentedRaftLog is expected to be opened but it is CLOSED
	at org.apache.ratis.util.OpenCloseState.assertOpen(OpenCloseState.java:63)
	at org.apache.ratis.server.raftlog.RaftLog.checkLogState(RaftLog.java:101)
	at org.apache.ratis.server.raftlog.segmented.SegmentedRaftLog.getLastEntryTermIndex(SegmentedRaftLog.java:263)
	at org.apache.ratis.server.impl.LeaderElection.askForVotes(LeaderElection.java:183)
	at org.apache.ratis.server.impl.LeaderElection.run(LeaderElection.java:130)
	at java.lang.Thread.run(Thread.java:748)
Caused by: org.apache.ratis.util.OpenCloseState$CloseTrace: Close 8b1d3c45-464e-411c-9a1c-fa8558034422-SegmentedRaftLog
	at org.apache.ratis.util.OpenCloseState.lambda$close$1(OpenCloseState.java:109)
	at java.util.concurrent.atomic.AtomicReference.getAndUpdate(AtomicReference.java:160)
	at org.apache.ratis.util.OpenCloseState.close(OpenCloseState.java:109)
	at org.apache.ratis.server.raftlog.RaftLog.close(RaftLog.java:437)
	at org.apache.ratis.server.raftlog.segmented.SegmentedRaftLog.close(SegmentedRaftLog.java:428)
	at org.apache.ratis.server.impl.ServerState.close(ServerState.java:397)
	at org.apache.ratis.server.impl.RaftServerImpl.lambda$shutdown$3(RaftServerImpl.java:267)
	at org.apache.ratis.util.LifeCycle.lambda$checkStateAndClose$2(LifeCycle.java:231)
	at org.apache.ratis.util.LifeCycle.checkStateAndClose(LifeCycle.java:251)
	at org.apache.ratis.util.LifeCycle.checkStateAndClose(LifeCycle.java:229)
	at org.apache.ratis.server.impl.RaftServerImpl.shutdown(RaftServerImpl.java:244)
	at org.apache.ratis.server.impl.RaftServerProxy$ImplMap.lambda$close$0(RaftServerProxy.java:107)
	at java.util.stream.ForEachOps$ForEachOp$OfRef.accept(ForEachOps.java:184)
	at java.util.stream.ReferencePipeline$3$1.accept(ReferencePipeline.java:193)
	at java.util.concurrent.ConcurrentHashMap$ValueSpliterator.forEachRemaining(ConcurrentHashMap.java:3566)
	at java.util.stream.AbstractPipeline.copyInto(AbstractPipeline.java:482)
	at java.util.stream.ForEachOps$ForEachTask.compute(ForEachOps.java:291)
	at java.util.concurrent.CountedCompleter.exec(CountedCompleter.java:731)
	at java.util.concurrent.ForkJoinTask.doExec(ForkJoinTask.java:289)
	at java.util.concurrent.ForkJoinPool.helpComplete(ForkJoinPool.java:1870)
	at java.util.concurrent.ForkJoinPool.externalHelpComplete(ForkJoinPool.java:2467)
	at java.util.concurrent.ForkJoinTask.externalAwaitDone(ForkJoinTask.java:324)
	at java.util.concurrent.ForkJoinTask.doInvoke(ForkJoinTask.java:405)
	at java.util.concurrent.ForkJoinTask.invoke(ForkJoinTask.java:734)
	at java.util.stream.ForEachOps$ForEachOp.evaluateParallel(ForEachOps.java:160)
	at java.util.stream.ForEachOps$ForEachOp$OfRef.evaluateParallel(ForEachOps.java:174)
	at java.util.stream.AbstractPipeline.evaluate(AbstractPipeline.java:233)
	at java.util.stream.ReferencePipeline.forEach(ReferencePipeline.java:418)
	at org.apache.ratis.server.impl.RaftServerProxy$ImplMap.close(RaftServerProxy.java:107)
	at org.apache.ratis.server.impl.RaftServerProxy.lambda$close$4(RaftServerProxy.java:315)
	at org.apache.ratis.util.LifeCycle.lambda$checkStateAndClose$2(LifeCycle.java:231)
	at org.apache.ratis.util.LifeCycle.checkStateAndClose(LifeCycle.java:251)
	at org.apache.ratis.util.LifeCycle.checkStateAndClose(LifeCycle.java:229)
	at org.apache.ratis.server.impl.RaftServerProxy.close(RaftServerProxy.java:313)
	at org.apache.hadoop.ozone.container.common.transport.server.ratis.XceiverServerRatis.stop(XceiverServerRatis.java:434)
	at org.apache.hadoop.ozone.container.ozoneimpl.OzoneContainer.stop(OzoneContainer.java:201)
	at org.apache.hadoop.ozone.container.common.statemachine.DatanodeStateMachine.close(DatanodeStateMachine.java:270)
	at org.apache.hadoop.ozone.container.common.statemachine.DatanodeStateMachine.stopDaemon(DatanodeStateMachine.java:394)
	at org.apache.hadoop.ozone.HddsDatanodeService.stop(HddsDatanodeService.java:458)
	at org.apache.hadoop.ozone.MiniOzoneClusterImpl.shutdownHddsDatanode(MiniOzoneClusterImpl.java:310)
	at org.apache.hadoop.ozone.MiniOzoneClusterImpl.shutdownHddsDatanode(MiniOzoneClusterImpl.java:315)
	at org.apache.hadoop.hdds.scm.pipeline.TestRatisPipelineCreateAndDestory.testPipelineCreationOnNodeRestart(TestRatisPipelineCreateAndDestory.java:95)
	at sun.reflect.NativeMethodAccessorImpl.invoke0(Native Method)
	at sun.reflect.NativeMethodAccessorImpl.invoke(NativeMethodAccessorImpl.java:62)
	at sun.reflect.DelegatingMethodAccessorImpl.invoke(DelegatingMethodAccessorImpl.java:43)
	at java.lang.reflect.Method.invoke(Method.java:498)
	at org.junit.runners.model.FrameworkMethod$1.runReflectiveCall(FrameworkMethod.java:47)
	at org.junit.internal.runners.model.ReflectiveCallable.run(ReflectiveCallable.java:12)
	at org.junit.runners.model.FrameworkMethod.invokeExplosively(FrameworkMethod.java:44)
	at org.junit.internal.runners.statements.InvokeMethod.evaluate(InvokeMethod.java:17)
	at org.junit.internal.runners.statements.FailOnTimeout$StatementThread.run(FailOnTimeout.java:74)
2019-08-20 15:02:25,071 [8b1d3c45-464e-411c-9a1c-fa8558034422:group-8B57A3700DAB:LeaderElection30] INFO  impl.LeaderElection (LeaderElection.java:run(141)) - 8b1d3c45-464e-411c-9a1c-fa8558034422:group-8B57A3700DAB:LeaderElection30: IllegalArgumentException is safely ignored since this is already CLOSING
2019-08-20 15:02:25,072 [de1a53ad-bbb1-4f1c-a870-9fe3ce57e0b8:group-8B57A3700DAB:LeaderElection28] INFO  impl.LeaderElection (LeaderElection.java:logAndReturn(56)) - de1a53ad-bbb1-4f1c-a870-9fe3ce57e0b8:group-8B57A3700DAB:LeaderElection28: Election REJECTED; received 1 response(s) [de1a53ad-bbb1-4f1c-a870-9fe3ce57e0b8<-5c23d56f-781b-40f4-b763-dd6ad64f36ec#0:FAIL-t1] and 1 exception(s); de1a53ad-bbb1-4f1c-a870-9fe3ce57e0b8:t1, leader=null, voted=de1a53ad-bbb1-4f1c-a870-9fe3ce57e0b8, raftlog=de1a53ad-bbb1-4f1c-a870-9fe3ce57e0b8-SegmentedRaftLog:OPENED:c-1,f-1,i0, conf=-1: [5c23d56f-781b-40f4-b763-dd6ad64f36ec:192.168.36.99:41272, de1a53ad-bbb1-4f1c-a870-9fe3ce57e0b8:192.168.36.99:33849, 8b1d3c45-464e-411c-9a1c-fa8558034422:192.168.36.99:44849], old=null
2019-08-20 15:02:25,072 [de1a53ad-bbb1-4f1c-a870-9fe3ce57e0b8:group-8B57A3700DAB:LeaderElection28] INFO  impl.LeaderElection (LogUtils.java:infoOrTrace(149)) -   Exception 0: {}
java.util.concurrent.ExecutionException: org.apache.ratis.thirdparty.io.grpc.StatusRuntimeException: UNAVAILABLE: io exception
	at java.util.concurrent.FutureTask.report(FutureTask.java:122)
	at java.util.concurrent.FutureTask.get(FutureTask.java:192)
	at org.apache.ratis.server.impl.LeaderElection.waitForResults(LeaderElection.java:262)
	at org.apache.ratis.server.impl.LeaderElection.askForVotes(LeaderElection.java:200)
	at org.apache.ratis.server.impl.LeaderElection.run(LeaderElection.java:130)
	at java.lang.Thread.run(Thread.java:748)
Caused by: org.apache.ratis.thirdparty.io.grpc.StatusRuntimeException: UNAVAILABLE: io exception
	at org.apache.ratis.thirdparty.io.grpc.stub.ClientCalls.toStatusRuntimeException(ClientCalls.java:233)
	at org.apache.ratis.thirdparty.io.grpc.stub.ClientCalls.getUnchecked(ClientCalls.java:214)
	at org.apache.ratis.thirdparty.io.grpc.stub.ClientCalls.blockingUnaryCall(ClientCalls.java:139)
	at org.apache.ratis.proto.grpc.RaftServerProtocolServiceGrpc$RaftServerProtocolServiceBlockingStub.requestVote(RaftServerProtocolServiceGrpc.java:265)
	at org.apache.ratis.grpc.server.GrpcServerProtocolClient.requestVote(GrpcServerProtocolClient.java:83)
	at org.apache.ratis.grpc.server.GrpcService.requestVote(GrpcService.java:195)
	at org.apache.ratis.server.impl.LeaderElection.lambda$submitRequests$1(LeaderElection.java:237)
	at java.util.concurrent.FutureTask.run(FutureTask.java:266)
	at java.util.concurrent.Executors$RunnableAdapter.call(Executors.java:511)
	at java.util.concurrent.FutureTask.run(FutureTask.java:266)
	at java.util.concurrent.ThreadPoolExecutor.runWorker(ThreadPoolExecutor.java:1149)
	at java.util.concurrent.ThreadPoolExecutor$Worker.run(ThreadPoolExecutor.java:624)
	... 1 more
Caused by: org.apache.ratis.thirdparty.io.netty.channel.AbstractChannel$AnnotatedConnectException: Connection refused: /192.168.36.99:44849
	at sun.nio.ch.SocketChannelImpl.checkConnect(Native Method)
	at sun.nio.ch.SocketChannelImpl.finishConnect(SocketChannelImpl.java:717)
	at org.apache.ratis.thirdparty.io.netty.channel.socket.nio.NioSocketChannel.doFinishConnect(NioSocketChannel.java:327)
	at org.apache.ratis.thirdparty.io.netty.channel.nio.AbstractNioChannel$AbstractNioUnsafe.finishConnect(AbstractNioChannel.java:340)
	at org.apache.ratis.thirdparty.io.netty.channel.nio.NioEventLoop.processSelectedKey(NioEventLoop.java:632)
	at org.apache.ratis.thirdparty.io.netty.channel.nio.NioEventLoop.processSelectedKeysOptimized(NioEventLoop.java:579)
	at org.apache.ratis.thirdparty.io.netty.channel.nio.NioEventLoop.processSelectedKeys(NioEventLoop.java:496)
	at org.apache.ratis.thirdparty.io.netty.channel.nio.NioEventLoop.run(NioEventLoop.java:458)
	at org.apache.ratis.thirdparty.io.netty.util.concurrent.SingleThreadEventExecutor$5.run(SingleThreadEventExecutor.java:897)
	at org.apache.ratis.thirdparty.io.netty.util.concurrent.FastThreadLocalRunnable.run(FastThreadLocalRunnable.java:30)
	... 1 more
Caused by: java.net.ConnectException: Connection refused
	... 11 more
2019-08-20 15:02:25,073 [de1a53ad-bbb1-4f1c-a870-9fe3ce57e0b8:group-8B57A3700DAB:LeaderElection28] INFO  impl.RaftServerImpl (RaftServerImpl.java:setRole(171)) - de1a53ad-bbb1-4f1c-a870-9fe3ce57e0b8:group-8B57A3700DAB changes role from CANDIDATE to FOLLOWER at term 1 for DISCOVERED_A_NEW_TERM
2019-08-20 15:02:25,074 [de1a53ad-bbb1-4f1c-a870-9fe3ce57e0b8:group-8B57A3700DAB:LeaderElection28] INFO  impl.RoleInfo (RoleInfo.java:shutdownLeaderElection(134)) - de1a53ad-bbb1-4f1c-a870-9fe3ce57e0b8: shutdown LeaderElection
2019-08-20 15:02:25,074 [5c23d56f-781b-40f4-b763-dd6ad64f36ec:group-8B57A3700DAB:LeaderElection29] INFO  impl.LeaderElection (LogUtils.java:infoOrTrace(149)) - 5c23d56f-781b-40f4-b763-dd6ad64f36ec:group-8B57A3700DAB:LeaderElection29 got exception when requesting votes: {}
java.util.concurrent.ExecutionException: org.apache.ratis.thirdparty.io.grpc.StatusRuntimeException: UNAVAILABLE: io exception
	at java.util.concurrent.FutureTask.report(FutureTask.java:122)
	at java.util.concurrent.FutureTask.get(FutureTask.java:192)
	at org.apache.ratis.server.impl.LeaderElection.waitForResults(LeaderElection.java:262)
	at org.apache.ratis.server.impl.LeaderElection.askForVotes(LeaderElection.java:200)
	at org.apache.ratis.server.impl.LeaderElection.run(LeaderElection.java:130)
	at java.lang.Thread.run(Thread.java:748)
Caused by: org.apache.ratis.thirdparty.io.grpc.StatusRuntimeException: UNAVAILABLE: io exception
	at org.apache.ratis.thirdparty.io.grpc.stub.ClientCalls.toStatusRuntimeException(ClientCalls.java:233)
	at org.apache.ratis.thirdparty.io.grpc.stub.ClientCalls.getUnchecked(ClientCalls.java:214)
	at org.apache.ratis.thirdparty.io.grpc.stub.ClientCalls.blockingUnaryCall(ClientCalls.java:139)
	at org.apache.ratis.proto.grpc.RaftServerProtocolServiceGrpc$RaftServerProtocolServiceBlockingStub.requestVote(RaftServerProtocolServiceGrpc.java:265)
	at org.apache.ratis.grpc.server.GrpcServerProtocolClient.requestVote(GrpcServerProtocolClient.java:83)
	at org.apache.ratis.grpc.server.GrpcService.requestVote(GrpcService.java:195)
	at org.apache.ratis.server.impl.LeaderElection.lambda$submitRequests$1(LeaderElection.java:237)
	at java.util.concurrent.FutureTask.run(FutureTask.java:266)
	at java.util.concurrent.Executors$RunnableAdapter.call(Executors.java:511)
	at java.util.concurrent.FutureTask.run(FutureTask.java:266)
	at java.util.concurrent.ThreadPoolExecutor.runWorker(ThreadPoolExecutor.java:1149)
	at java.util.concurrent.ThreadPoolExecutor$Worker.run(ThreadPoolExecutor.java:624)
	... 1 more
Caused by: org.apache.ratis.thirdparty.io.netty.channel.AbstractChannel$AnnotatedConnectException: Connection refused: /192.168.36.99:44849
	at sun.nio.ch.SocketChannelImpl.checkConnect(Native Method)
	at sun.nio.ch.SocketChannelImpl.finishConnect(SocketChannelImpl.java:717)
	at org.apache.ratis.thirdparty.io.netty.channel.socket.nio.NioSocketChannel.doFinishConnect(NioSocketChannel.java:327)
	at org.apache.ratis.thirdparty.io.netty.channel.nio.AbstractNioChannel$AbstractNioUnsafe.finishConnect(AbstractNioChannel.java:340)
	at org.apache.ratis.thirdparty.io.netty.channel.nio.NioEventLoop.processSelectedKey(NioEventLoop.java:632)
	at org.apache.ratis.thirdparty.io.netty.channel.nio.NioEventLoop.processSelectedKeysOptimized(NioEventLoop.java:579)
	at org.apache.ratis.thirdparty.io.netty.channel.nio.NioEventLoop.processSelectedKeys(NioEventLoop.java:496)
	at org.apache.ratis.thirdparty.io.netty.channel.nio.NioEventLoop.run(NioEventLoop.java:458)
	at org.apache.ratis.thirdparty.io.netty.util.concurrent.SingleThreadEventExecutor$5.run(SingleThreadEventExecutor.java:897)
	at org.apache.ratis.thirdparty.io.netty.util.concurrent.FastThreadLocalRunnable.run(FastThreadLocalRunnable.java:30)
	... 1 more
Caused by: java.net.ConnectException: Connection refused
	... 11 more
2019-08-20 15:02:25,074 [de1a53ad-bbb1-4f1c-a870-9fe3ce57e0b8:group-8B57A3700DAB:LeaderElection28] INFO  impl.RoleInfo (RoleInfo.java:updateAndGet(143)) - de1a53ad-bbb1-4f1c-a870-9fe3ce57e0b8: start FollowerState
2019-08-20 15:02:25,086 [5c23d56f-781b-40f4-b763-dd6ad64f36ec:group-8B57A3700DAB:LeaderElection29] INFO  impl.LeaderElection (LeaderElection.java:logAndReturn(56)) - 5c23d56f-781b-40f4-b763-dd6ad64f36ec:group-8B57A3700DAB:LeaderElection29: Election REJECTED; received 1 response(s) [5c23d56f-781b-40f4-b763-dd6ad64f36ec<-de1a53ad-bbb1-4f1c-a870-9fe3ce57e0b8#0:FAIL-t1] and 1 exception(s); 5c23d56f-781b-40f4-b763-dd6ad64f36ec:t1, leader=null, voted=5c23d56f-781b-40f4-b763-dd6ad64f36ec, raftlog=5c23d56f-781b-40f4-b763-dd6ad64f36ec-SegmentedRaftLog:OPENED:c-1,f-1,i0, conf=-1: [5c23d56f-781b-40f4-b763-dd6ad64f36ec:192.168.36.99:41272, de1a53ad-bbb1-4f1c-a870-9fe3ce57e0b8:192.168.36.99:33849, 8b1d3c45-464e-411c-9a1c-fa8558034422:192.168.36.99:44849], old=null
2019-08-20 15:02:25,086 [5c23d56f-781b-40f4-b763-dd6ad64f36ec:group-8B57A3700DAB:LeaderElection29] INFO  impl.LeaderElection (LogUtils.java:infoOrTrace(149)) -   Exception 0: {}
java.util.concurrent.ExecutionException: org.apache.ratis.thirdparty.io.grpc.StatusRuntimeException: UNAVAILABLE: io exception
	at java.util.concurrent.FutureTask.report(FutureTask.java:122)
	at java.util.concurrent.FutureTask.get(FutureTask.java:192)
	at org.apache.ratis.server.impl.LeaderElection.waitForResults(LeaderElection.java:262)
	at org.apache.ratis.server.impl.LeaderElection.askForVotes(LeaderElection.java:200)
	at org.apache.ratis.server.impl.LeaderElection.run(LeaderElection.java:130)
	at java.lang.Thread.run(Thread.java:748)
Caused by: org.apache.ratis.thirdparty.io.grpc.StatusRuntimeException: UNAVAILABLE: io exception
	at org.apache.ratis.thirdparty.io.grpc.stub.ClientCalls.toStatusRuntimeException(ClientCalls.java:233)
	at org.apache.ratis.thirdparty.io.grpc.stub.ClientCalls.getUnchecked(ClientCalls.java:214)
	at org.apache.ratis.thirdparty.io.grpc.stub.ClientCalls.blockingUnaryCall(ClientCalls.java:139)
	at org.apache.ratis.proto.grpc.RaftServerProtocolServiceGrpc$RaftServerProtocolServiceBlockingStub.requestVote(RaftServerProtocolServiceGrpc.java:265)
	at org.apache.ratis.grpc.server.GrpcServerProtocolClient.requestVote(GrpcServerProtocolClient.java:83)
	at org.apache.ratis.grpc.server.GrpcService.requestVote(GrpcService.java:195)
	at org.apache.ratis.server.impl.LeaderElection.lambda$submitRequests$1(LeaderElection.java:237)
	at java.util.concurrent.FutureTask.run(FutureTask.java:266)
	at java.util.concurrent.Executors$RunnableAdapter.call(Executors.java:511)
	at java.util.concurrent.FutureTask.run(FutureTask.java:266)
	at java.util.concurrent.ThreadPoolExecutor.runWorker(ThreadPoolExecutor.java:1149)
	at java.util.concurrent.ThreadPoolExecutor$Worker.run(ThreadPoolExecutor.java:624)
	... 1 more
Caused by: org.apache.ratis.thirdparty.io.netty.channel.AbstractChannel$AnnotatedConnectException: Connection refused: /192.168.36.99:44849
	at sun.nio.ch.SocketChannelImpl.checkConnect(Native Method)
	at sun.nio.ch.SocketChannelImpl.finishConnect(SocketChannelImpl.java:717)
	at org.apache.ratis.thirdparty.io.netty.channel.socket.nio.NioSocketChannel.doFinishConnect(NioSocketChannel.java:327)
	at org.apache.ratis.thirdparty.io.netty.channel.nio.AbstractNioChannel$AbstractNioUnsafe.finishConnect(AbstractNioChannel.java:340)
	at org.apache.ratis.thirdparty.io.netty.channel.nio.NioEventLoop.processSelectedKey(NioEventLoop.java:632)
	at org.apache.ratis.thirdparty.io.netty.channel.nio.NioEventLoop.processSelectedKeysOptimized(NioEventLoop.java:579)
	at org.apache.ratis.thirdparty.io.netty.channel.nio.NioEventLoop.processSelectedKeys(NioEventLoop.java:496)
	at org.apache.ratis.thirdparty.io.netty.channel.nio.NioEventLoop.run(NioEventLoop.java:458)
	at org.apache.ratis.thirdparty.io.netty.util.concurrent.SingleThreadEventExecutor$5.run(SingleThreadEventExecutor.java:897)
	at org.apache.ratis.thirdparty.io.netty.util.concurrent.FastThreadLocalRunnable.run(FastThreadLocalRunnable.java:30)
	... 1 more
Caused by: java.net.ConnectException: Connection refused
	... 11 more
2019-08-20 15:02:25,087 [5c23d56f-781b-40f4-b763-dd6ad64f36ec:group-8B57A3700DAB:LeaderElection29] INFO  impl.RaftServerImpl (RaftServerImpl.java:setRole(171)) - 5c23d56f-781b-40f4-b763-dd6ad64f36ec:group-8B57A3700DAB changes role from CANDIDATE to FOLLOWER at term 1 for DISCOVERED_A_NEW_TERM
2019-08-20 15:02:25,087 [5c23d56f-781b-40f4-b763-dd6ad64f36ec:group-8B57A3700DAB:LeaderElection29] INFO  impl.RoleInfo (RoleInfo.java:shutdownLeaderElection(134)) - 5c23d56f-781b-40f4-b763-dd6ad64f36ec: shutdown LeaderElection
2019-08-20 15:02:25,087 [5c23d56f-781b-40f4-b763-dd6ad64f36ec:group-8B57A3700DAB:LeaderElection29] INFO  impl.RoleInfo (RoleInfo.java:updateAndGet(143)) - 5c23d56f-781b-40f4-b763-dd6ad64f36ec: start FollowerState
2019-08-20 15:02:25,100 [5c23d56f-781b-40f4-b763-dd6ad64f36ec-SegmentedRaftLogWorker:Storage Directory /workdir/hadoop-ozone/integration-test/target/test-dir/MiniOzoneClusterImpl-c8129239-5fa4-43d5-9fc3-37839c077eab/datanode-1/data/ratis/7cfdef7b-3c15-4f53-9603-a21c6eddb2e2] INFO  segmented.SegmentedRaftLogWorker (SegmentedRaftLogWorker.java:execute(569)) - 5c23d56f-781b-40f4-b763-dd6ad64f36ec-SegmentedRaftLogWorker:Storage Directory /workdir/hadoop-ozone/integration-test/target/test-dir/MiniOzoneClusterImpl-c8129239-5fa4-43d5-9fc3-37839c077eab/datanode-1/data/ratis/7cfdef7b-3c15-4f53-9603-a21c6eddb2e2: created new log segment /workdir/hadoop-ozone/integration-test/target/test-dir/MiniOzoneClusterImpl-c8129239-5fa4-43d5-9fc3-37839c077eab/datanode-1/data/ratis/7cfdef7b-3c15-4f53-9603-a21c6eddb2e2/current/log_inprogress_0
2019-08-20 15:02:25,100 [de1a53ad-bbb1-4f1c-a870-9fe3ce57e0b8-SegmentedRaftLogWorker:Storage Directory /workdir/hadoop-ozone/integration-test/target/test-dir/MiniOzoneClusterImpl-c8129239-5fa4-43d5-9fc3-37839c077eab/datanode-2/data/ratis/8879b723-97c6-450a-a835-2d00b8cbbccd] INFO  segmented.SegmentedRaftLogWorker (SegmentedRaftLogWorker.java:execute(569)) - de1a53ad-bbb1-4f1c-a870-9fe3ce57e0b8-SegmentedRaftLogWorker:Storage Directory /workdir/hadoop-ozone/integration-test/target/test-dir/MiniOzoneClusterImpl-c8129239-5fa4-43d5-9fc3-37839c077eab/datanode-2/data/ratis/8879b723-97c6-450a-a835-2d00b8cbbccd: created new log segment /workdir/hadoop-ozone/integration-test/target/test-dir/MiniOzoneClusterImpl-c8129239-5fa4-43d5-9fc3-37839c077eab/datanode-2/data/ratis/8879b723-97c6-450a-a835-2d00b8cbbccd/current/log_inprogress_0
2019-08-20 15:02:25,893 | INFO  | SCMAudit | user=jenkins1000 | ip=192.168.36.99 | op=SEND_HEARTBEAT {datanodeUUID=de1a53ad-bbb1-4f1c-a870-9fe3ce57e0b8, command=[]} | ret=SUCCESS |  
2019-08-20 15:02:25,947 [Thread-345] INFO  ozoneimpl.OzoneContainer (OzoneContainer.java:stop(199)) - Attempting to stop container services.
2019-08-20 15:02:25,948 [Thread-345] INFO  impl.RaftServerProxy (RaftServerProxy.java:lambda$close$4(314)) - 5c23d56f-781b-40f4-b763-dd6ad64f36ec: close
2019-08-20 15:02:25,948 [Thread-345] INFO  impl.RaftServerImpl (RaftServerImpl.java:lambda$shutdown$3(245)) - 5c23d56f-781b-40f4-b763-dd6ad64f36ec: shutdown group-A21C6EDDB2E2
2019-08-20 15:02:25,948 [ForkJoinPool.commonPool-worker-0] INFO  impl.RaftServerImpl (RaftServerImpl.java:lambda$shutdown$3(245)) - 5c23d56f-781b-40f4-b763-dd6ad64f36ec: shutdown group-8B57A3700DAB
2019-08-20 15:02:25,949 [Thread-345] INFO  util.JmxRegister (JmxRegister.java:unregister(73)) - Successfully un-registered JMX Bean with object name Ratis:service=RaftServer,group=group-A21C6EDDB2E2,id=5c23d56f-781b-40f4-b763-dd6ad64f36ec
2019-08-20 15:02:25,949 [ForkJoinPool.commonPool-worker-0] INFO  util.JmxRegister (JmxRegister.java:unregister(73)) - Successfully un-registered JMX Bean with object name Ratis:service=RaftServer,group=group-8B57A3700DAB,id=5c23d56f-781b-40f4-b763-dd6ad64f36ec
2019-08-20 15:02:25,949 [Thread-345] INFO  impl.RoleInfo (RoleInfo.java:shutdownLeaderState(104)) - 5c23d56f-781b-40f4-b763-dd6ad64f36ec: shutdown LeaderState
2019-08-20 15:02:25,949 [ForkJoinPool.commonPool-worker-0] INFO  impl.RoleInfo (RoleInfo.java:shutdownFollowerState(121)) - 5c23d56f-781b-40f4-b763-dd6ad64f36ec: shutdown FollowerState
2019-08-20 15:02:25,950 [Thread-345] INFO  impl.PendingRequests (PendingRequests.java:sendNotLeaderResponses(202)) - 5c23d56f-781b-40f4-b763-dd6ad64f36ec-PendingRequests: sendNotLeaderResponses
2019-08-20 15:02:25,950 [Thread-551] INFO  impl.FollowerState (FollowerState.java:run(114)) - 5c23d56f-781b-40f4-b763-dd6ad64f36ec: FollowerState was interrupted: java.lang.InterruptedException: sleep interrupted
2019-08-20 15:02:25,950 [Thread-345] INFO  impl.StateMachineUpdater (StateMachineUpdater.java:stopAndJoin(115)) - StateMachineUpdater:5c23d56f-781b-40f4-b763-dd6ad64f36ec:group-A21C6EDDB2E2: set stopIndex = 0
2019-08-20 15:02:25,952 [Thread-345] INFO  impl.RaftServerImpl (ServerState.java:close(394)) - 5c23d56f-781b-40f4-b763-dd6ad64f36ec:group-A21C6EDDB2E2 closes. The last applied log index is 0
2019-08-20 15:02:25,950 [ForkJoinPool.commonPool-worker-0] INFO  impl.StateMachineUpdater (StateMachineUpdater.java:stopAndJoin(115)) - StateMachineUpdater:5c23d56f-781b-40f4-b763-dd6ad64f36ec:group-8B57A3700DAB: set stopIndex = -1
2019-08-20 15:02:25,952 [5c23d56f-781b-40f4-b763-dd6ad64f36ec-SegmentedRaftLogWorker:Storage Directory /workdir/hadoop-ozone/integration-test/target/test-dir/MiniOzoneClusterImpl-c8129239-5fa4-43d5-9fc3-37839c077eab/datanode-1/data/ratis/7cfdef7b-3c15-4f53-9603-a21c6eddb2e2] INFO  segmented.SegmentedRaftLogWorker (SegmentedRaftLogWorker.java:run(313)) - 5c23d56f-781b-40f4-b763-dd6ad64f36ec-SegmentedRaftLogWorker:Storage Directory /workdir/hadoop-ozone/integration-test/target/test-dir/MiniOzoneClusterImpl-c8129239-5fa4-43d5-9fc3-37839c077eab/datanode-1/data/ratis/7cfdef7b-3c15-4f53-9603-a21c6eddb2e2 was interrupted, exiting. There are 0 tasks remaining in the queue.
2019-08-20 15:02:25,952 [ForkJoinPool.commonPool-worker-0] INFO  impl.RaftServerImpl (ServerState.java:close(394)) - 5c23d56f-781b-40f4-b763-dd6ad64f36ec:group-8B57A3700DAB closes. The last applied log index is -1
2019-08-20 15:02:25,953 [Thread-345] INFO  segmented.SegmentedRaftLogWorker (SegmentedRaftLogWorker.java:close(228)) - 5c23d56f-781b-40f4-b763-dd6ad64f36ec-SegmentedRaftLogWorker:Storage Directory /workdir/hadoop-ozone/integration-test/target/test-dir/MiniOzoneClusterImpl-c8129239-5fa4-43d5-9fc3-37839c077eab/datanode-1/data/ratis/7cfdef7b-3c15-4f53-9603-a21c6eddb2e2 close()
2019-08-20 15:02:25,953 [5c23d56f-781b-40f4-b763-dd6ad64f36ec-SegmentedRaftLogWorker:Storage Directory /workdir/hadoop-ozone/integration-test/target/test-dir/MiniOzoneClusterImpl-c8129239-5fa4-43d5-9fc3-37839c077eab/datanode-1/data/ratis/043823e9-9887-4d48-bfdd-8b57a3700dab] INFO  segmented.SegmentedRaftLogWorker (SegmentedRaftLogWorker.java:run(313)) - 5c23d56f-781b-40f4-b763-dd6ad64f36ec-SegmentedRaftLogWorker:Storage Directory /workdir/hadoop-ozone/integration-test/target/test-dir/MiniOzoneClusterImpl-c8129239-5fa4-43d5-9fc3-37839c077eab/datanode-1/data/ratis/043823e9-9887-4d48-bfdd-8b57a3700dab was interrupted, exiting. There are 0 tasks remaining in the queue.
2019-08-20 15:02:25,955 [ForkJoinPool.commonPool-worker-0] INFO  segmented.SegmentedRaftLogWorker (SegmentedRaftLogWorker.java:close(228)) - 5c23d56f-781b-40f4-b763-dd6ad64f36ec-SegmentedRaftLogWorker:Storage Directory /workdir/hadoop-ozone/integration-test/target/test-dir/MiniOzoneClusterImpl-c8129239-5fa4-43d5-9fc3-37839c077eab/datanode-1/data/ratis/043823e9-9887-4d48-bfdd-8b57a3700dab close()
2019-08-20 15:02:25,956 [Thread-345] INFO  server.GrpcService (GrpcService.java:closeImpl(155)) - 5c23d56f-781b-40f4-b763-dd6ad64f36ec: shutdown server with port 41272 now
2019-08-20 15:02:25,958 [Thread-345] INFO  server.GrpcService (GrpcService.java:closeImpl(163)) - 5c23d56f-781b-40f4-b763-dd6ad64f36ec: shutdown server with port 41272 successfully
2019-08-20 15:02:25,959 [Thread-345] INFO  utils.BackgroundService (BackgroundService.java:shutdown(148)) - Shutting down service BlockDeletingService
2019-08-20 15:02:25,960 [refreshUsed-/workdir/hadoop-ozone/integration-test/target/test-dir/MiniOzoneClusterImpl-c8129239-5fa4-43d5-9fc3-37839c077eab/datanode-1/data/containers] WARN  fs.CachingGetSpaceUsed (CachingGetSpaceUsed.java:run(183)) - Thread Interrupted waiting to refresh disk information: sleep interrupted
2019-08-20 15:02:25,974 [Thread-345] INFO  statemachine.DatanodeStateMachine (DatanodeStateMachine.java:stopDaemon(395)) - Ozone container server stopped.
2019-08-20 15:02:25,975 [Thread-345] INFO  handler.ContextHandler (ContextHandler.java:doStop(910)) - Stopped o.e.j.w.WebAppContext@38068287{/,null,UNAVAILABLE}{/hddsDatanode}
2019-08-20 15:02:25,975 [Thread-345] INFO  server.AbstractConnector (AbstractConnector.java:doStop(318)) - Stopped ServerConnector@75ff6c28{HTTP/1.1,[http/1.1]}{0.0.0.0:0}
2019-08-20 15:02:25,976 [Thread-345] INFO  handler.ContextHandler (ContextHandler.java:doStop(910)) - Stopped o.e.j.s.ServletContextHandler@308dda8d{/static,jar:file:/home/user/.m2/repository/org/apache/hadoop/hadoop-hdds-container-service/0.5.0-SNAPSHOT/hadoop-hdds-container-service-0.5.0-SNAPSHOT.jar!/webapps/static,UNAVAILABLE}
2019-08-20 15:02:25,976 [Thread-345] INFO  handler.ContextHandler (ContextHandler.java:doStop(910)) - Stopped o.e.j.s.ServletContextHandler@32043dda{/logs,file:///workdir/hadoop-ozone/integration-test/target/log,UNAVAILABLE}
2019-08-20 15:02:25,976 [Thread-345] INFO  datanode.ObjectStoreHandler (ObjectStoreHandler.java:close(155)) - Closing ObjectStoreHandler.
2019-08-20 15:02:25,977 [Thread-345] INFO  ozone.HddsDatanodeService (HddsDatanodeService.java:stop(451)) - Stopped plug-in org.apache.hadoop.ozone.web.OzoneHddsDatanodeService@6d921440
2019-08-20 15:02:26,434 [EventQueue-StaleNodeForStaleNodeHandler] INFO  node.StaleNodeHandler (StaleNodeHandler.java:onMessage(58)) - Datanode 5c23d56f-781b-40f4-b763-dd6ad64f36ec{ip: 192.168.36.99, host: pr-hdds-1950-vsl5z-1698008226, networkLocation: /default-rack, certSerialId: null} moved to stale state. Finalizing its pipelines [PipelineID=7cfdef7b-3c15-4f53-9603-a21c6eddb2e2, PipelineID=043823e9-9887-4d48-bfdd-8b57a3700dab]
2019-08-20 15:02:26,434 [EventQueue-StaleNodeForStaleNodeHandler] INFO  pipeline.SCMPipelineManager (SCMPipelineManager.java:finalizeAndDestroyPipeline(309)) - destroying pipeline:Pipeline[ Id: 7cfdef7b-3c15-4f53-9603-a21c6eddb2e2, Nodes: 5c23d56f-781b-40f4-b763-dd6ad64f36ec{ip: 192.168.36.99, host: pr-hdds-1950-vsl5z-1698008226, networkLocation: /default-rack, certSerialId: null}, Type:RATIS, Factor:ONE, State:OPEN]
2019-08-20 15:02:26,434 [EventQueue-StaleNodeForStaleNodeHandler] INFO  pipeline.PipelineStateManager (PipelineStateManager.java:finalizePipeline(123)) - Pipeline Pipeline[ Id: 7cfdef7b-3c15-4f53-9603-a21c6eddb2e2, Nodes: 5c23d56f-781b-40f4-b763-dd6ad64f36ec{ip: 192.168.36.99, host: pr-hdds-1950-vsl5z-1698008226, networkLocation: /default-rack, certSerialId: null}, Type:RATIS, Factor:ONE, State:CLOSED] moved to CLOSED state
2019-08-20 15:02:26,435 [EventQueue-StaleNodeForStaleNodeHandler] INFO  pipeline.SCMPipelineManager (SCMPipelineManager.java:finalizeAndDestroyPipeline(309)) - destroying pipeline:Pipeline[ Id: 043823e9-9887-4d48-bfdd-8b57a3700dab, Nodes: 8b1d3c45-464e-411c-9a1c-fa8558034422{ip: 192.168.36.99, host: pr-hdds-1950-vsl5z-1698008226, networkLocation: /default-rack, certSerialId: null}de1a53ad-bbb1-4f1c-a870-9fe3ce57e0b8{ip: 192.168.36.99, host: pr-hdds-1950-vsl5z-1698008226, networkLocation: /default-rack, certSerialId: null}5c23d56f-781b-40f4-b763-dd6ad64f36ec{ip: 192.168.36.99, host: pr-hdds-1950-vsl5z-1698008226, networkLocation: /default-rack, certSerialId: null}, Type:RATIS, Factor:THREE, State:CLOSED]
2019-08-20 15:02:26,892 [Datanode State Machine Thread - 0] INFO  statemachine.DatanodeStateMachine (DatanodeStateMachine.java:lambda$startDaemon$0(350)) - Ozone container server started.
2019-08-20 15:02:30,124 [Thread-550] INFO  impl.FollowerState (FollowerState.java:run(106)) - de1a53ad-bbb1-4f1c-a870-9fe3ce57e0b8:group-8B57A3700DAB changes to CANDIDATE, lastRpcTime:5050, electionTimeout:5045ms
2019-08-20 15:02:30,124 [Thread-550] INFO  impl.RoleInfo (RoleInfo.java:shutdownFollowerState(121)) - de1a53ad-bbb1-4f1c-a870-9fe3ce57e0b8: shutdown FollowerState
2019-08-20 15:02:30,124 [Thread-550] INFO  impl.RaftServerImpl (RaftServerImpl.java:setRole(171)) - de1a53ad-bbb1-4f1c-a870-9fe3ce57e0b8:group-8B57A3700DAB changes role from FOLLOWER to CANDIDATE at term 1 for changeToCandidate
2019-08-20 15:02:30,125 [Thread-550] INFO  impl.RoleInfo (RoleInfo.java:updateAndGet(143)) - de1a53ad-bbb1-4f1c-a870-9fe3ce57e0b8: start LeaderElection
2019-08-20 15:02:30,161 [de1a53ad-bbb1-4f1c-a870-9fe3ce57e0b8:group-8B57A3700DAB:LeaderElection31] INFO  impl.LeaderElection (LeaderElection.java:askForVotes(181)) - de1a53ad-bbb1-4f1c-a870-9fe3ce57e0b8:group-8B57A3700DAB:LeaderElection31: begin an election at term 2 for -1: [5c23d56f-781b-40f4-b763-dd6ad64f36ec:192.168.36.99:41272, de1a53ad-bbb1-4f1c-a870-9fe3ce57e0b8:192.168.36.99:33849, 8b1d3c45-464e-411c-9a1c-fa8558034422:192.168.36.99:44849], old=null
2019-08-20 15:02:30,162 [de1a53ad-bbb1-4f1c-a870-9fe3ce57e0b8:group-8B57A3700DAB:LeaderElection31] INFO  impl.LeaderElection (LogUtils.java:infoOrTrace(149)) - de1a53ad-bbb1-4f1c-a870-9fe3ce57e0b8:group-8B57A3700DAB:LeaderElection31 got exception when requesting votes: {}
java.util.concurrent.ExecutionException: org.apache.ratis.thirdparty.io.grpc.StatusRuntimeException: UNAVAILABLE: io exception
	at java.util.concurrent.FutureTask.report(FutureTask.java:122)
	at java.util.concurrent.FutureTask.get(FutureTask.java:192)
	at org.apache.ratis.server.impl.LeaderElection.waitForResults(LeaderElection.java:262)
	at org.apache.ratis.server.impl.LeaderElection.askForVotes(LeaderElection.java:200)
	at org.apache.ratis.server.impl.LeaderElection.run(LeaderElection.java:130)
	at java.lang.Thread.run(Thread.java:748)
Caused by: org.apache.ratis.thirdparty.io.grpc.StatusRuntimeException: UNAVAILABLE: io exception
	at org.apache.ratis.thirdparty.io.grpc.stub.ClientCalls.toStatusRuntimeException(ClientCalls.java:233)
	at org.apache.ratis.thirdparty.io.grpc.stub.ClientCalls.getUnchecked(ClientCalls.java:214)
	at org.apache.ratis.thirdparty.io.grpc.stub.ClientCalls.blockingUnaryCall(ClientCalls.java:139)
	at org.apache.ratis.proto.grpc.RaftServerProtocolServiceGrpc$RaftServerProtocolServiceBlockingStub.requestVote(RaftServerProtocolServiceGrpc.java:265)
	at org.apache.ratis.grpc.server.GrpcServerProtocolClient.requestVote(GrpcServerProtocolClient.java:83)
	at org.apache.ratis.grpc.server.GrpcService.requestVote(GrpcService.java:195)
	at org.apache.ratis.server.impl.LeaderElection.lambda$submitRequests$1(LeaderElection.java:237)
	at java.util.concurrent.FutureTask.run(FutureTask.java:266)
	at java.util.concurrent.Executors$RunnableAdapter.call(Executors.java:511)
	at java.util.concurrent.FutureTask.run(FutureTask.java:266)
	at java.util.concurrent.ThreadPoolExecutor.runWorker(ThreadPoolExecutor.java:1149)
	at java.util.concurrent.ThreadPoolExecutor$Worker.run(ThreadPoolExecutor.java:624)
	... 1 more
Caused by: org.apache.ratis.thirdparty.io.netty.channel.AbstractChannel$AnnotatedConnectException: Connection refused: /192.168.36.99:44849
	at sun.nio.ch.SocketChannelImpl.checkConnect(Native Method)
	at sun.nio.ch.SocketChannelImpl.finishConnect(SocketChannelImpl.java:717)
	at org.apache.ratis.thirdparty.io.netty.channel.socket.nio.NioSocketChannel.doFinishConnect(NioSocketChannel.java:327)
	at org.apache.ratis.thirdparty.io.netty.channel.nio.AbstractNioChannel$AbstractNioUnsafe.finishConnect(AbstractNioChannel.java:340)
	at org.apache.ratis.thirdparty.io.netty.channel.nio.NioEventLoop.processSelectedKey(NioEventLoop.java:632)
	at org.apache.ratis.thirdparty.io.netty.channel.nio.NioEventLoop.processSelectedKeysOptimized(NioEventLoop.java:579)
	at org.apache.ratis.thirdparty.io.netty.channel.nio.NioEventLoop.processSelectedKeys(NioEventLoop.java:496)
	at org.apache.ratis.thirdparty.io.netty.channel.nio.NioEventLoop.run(NioEventLoop.java:458)
	at org.apache.ratis.thirdparty.io.netty.util.concurrent.SingleThreadEventExecutor$5.run(SingleThreadEventExecutor.java:897)
	at org.apache.ratis.thirdparty.io.netty.util.concurrent.FastThreadLocalRunnable.run(FastThreadLocalRunnable.java:30)
	... 1 more
Caused by: java.net.ConnectException: Connection refused
	... 11 more
2019-08-20 15:02:30,166 [de1a53ad-bbb1-4f1c-a870-9fe3ce57e0b8:group-8B57A3700DAB:LeaderElection31] INFO  impl.LeaderElection (LogUtils.java:infoOrTrace(149)) - de1a53ad-bbb1-4f1c-a870-9fe3ce57e0b8:group-8B57A3700DAB:LeaderElection31 got exception when requesting votes: {}
java.util.concurrent.ExecutionException: org.apache.ratis.thirdparty.io.grpc.StatusRuntimeException: UNAVAILABLE: io exception
	at java.util.concurrent.FutureTask.report(FutureTask.java:122)
	at java.util.concurrent.FutureTask.get(FutureTask.java:192)
	at org.apache.ratis.server.impl.LeaderElection.waitForResults(LeaderElection.java:262)
	at org.apache.ratis.server.impl.LeaderElection.askForVotes(LeaderElection.java:200)
	at org.apache.ratis.server.impl.LeaderElection.run(LeaderElection.java:130)
	at java.lang.Thread.run(Thread.java:748)
Caused by: org.apache.ratis.thirdparty.io.grpc.StatusRuntimeException: UNAVAILABLE: io exception
	at org.apache.ratis.thirdparty.io.grpc.stub.ClientCalls.toStatusRuntimeException(ClientCalls.java:233)
	at org.apache.ratis.thirdparty.io.grpc.stub.ClientCalls.getUnchecked(ClientCalls.java:214)
	at org.apache.ratis.thirdparty.io.grpc.stub.ClientCalls.blockingUnaryCall(ClientCalls.java:139)
	at org.apache.ratis.proto.grpc.RaftServerProtocolServiceGrpc$RaftServerProtocolServiceBlockingStub.requestVote(RaftServerProtocolServiceGrpc.java:265)
	at org.apache.ratis.grpc.server.GrpcServerProtocolClient.requestVote(GrpcServerProtocolClient.java:83)
	at org.apache.ratis.grpc.server.GrpcService.requestVote(GrpcService.java:195)
	at org.apache.ratis.server.impl.LeaderElection.lambda$submitRequests$1(LeaderElection.java:237)
	at java.util.concurrent.FutureTask.run(FutureTask.java:266)
	at java.util.concurrent.Executors$RunnableAdapter.call(Executors.java:511)
	at java.util.concurrent.FutureTask.run(FutureTask.java:266)
	at java.util.concurrent.ThreadPoolExecutor.runWorker(ThreadPoolExecutor.java:1149)
	at java.util.concurrent.ThreadPoolExecutor$Worker.run(ThreadPoolExecutor.java:624)
	... 1 more
Caused by: org.apache.ratis.thirdparty.io.netty.channel.AbstractChannel$AnnotatedConnectException: Connection refused: /192.168.36.99:41272
	at sun.nio.ch.SocketChannelImpl.checkConnect(Native Method)
	at sun.nio.ch.SocketChannelImpl.finishConnect(SocketChannelImpl.java:717)
	at org.apache.ratis.thirdparty.io.netty.channel.socket.nio.NioSocketChannel.doFinishConnect(NioSocketChannel.java:327)
	at org.apache.ratis.thirdparty.io.netty.channel.nio.AbstractNioChannel$AbstractNioUnsafe.finishConnect(AbstractNioChannel.java:340)
	at org.apache.ratis.thirdparty.io.netty.channel.nio.NioEventLoop.processSelectedKey(NioEventLoop.java:632)
	at org.apache.ratis.thirdparty.io.netty.channel.nio.NioEventLoop.processSelectedKeysOptimized(NioEventLoop.java:579)
	at org.apache.ratis.thirdparty.io.netty.channel.nio.NioEventLoop.processSelectedKeys(NioEventLoop.java:496)
	at org.apache.ratis.thirdparty.io.netty.channel.nio.NioEventLoop.run(NioEventLoop.java:458)
	at org.apache.ratis.thirdparty.io.netty.util.concurrent.SingleThreadEventExecutor$5.run(SingleThreadEventExecutor.java:897)
	at org.apache.ratis.thirdparty.io.netty.util.concurrent.FastThreadLocalRunnable.run(FastThreadLocalRunnable.java:30)
	... 1 more
Caused by: java.net.ConnectException: Connection refused
	... 11 more
2019-08-20 15:02:30,168 [de1a53ad-bbb1-4f1c-a870-9fe3ce57e0b8:group-8B57A3700DAB:LeaderElection31] INFO  impl.LeaderElection (LeaderElection.java:logAndReturn(56)) - de1a53ad-bbb1-4f1c-a870-9fe3ce57e0b8:group-8B57A3700DAB:LeaderElection31: Election REJECTED; received 0 response(s) [] and 2 exception(s); de1a53ad-bbb1-4f1c-a870-9fe3ce57e0b8:t2, leader=null, voted=de1a53ad-bbb1-4f1c-a870-9fe3ce57e0b8, raftlog=de1a53ad-bbb1-4f1c-a870-9fe3ce57e0b8-SegmentedRaftLog:OPENED:c-1,f-1,i0, conf=-1: [5c23d56f-781b-40f4-b763-dd6ad64f36ec:192.168.36.99:41272, de1a53ad-bbb1-4f1c-a870-9fe3ce57e0b8:192.168.36.99:33849, 8b1d3c45-464e-411c-9a1c-fa8558034422:192.168.36.99:44849], old=null
2019-08-20 15:02:30,168 [de1a53ad-bbb1-4f1c-a870-9fe3ce57e0b8:group-8B57A3700DAB:LeaderElection31] INFO  impl.LeaderElection (LogUtils.java:infoOrTrace(149)) -   Exception 0: {}
java.util.concurrent.ExecutionException: org.apache.ratis.thirdparty.io.grpc.StatusRuntimeException: UNAVAILABLE: io exception
	at java.util.concurrent.FutureTask.report(FutureTask.java:122)
	at java.util.concurrent.FutureTask.get(FutureTask.java:192)
	at org.apache.ratis.server.impl.LeaderElection.waitForResults(LeaderElection.java:262)
	at org.apache.ratis.server.impl.LeaderElection.askForVotes(LeaderElection.java:200)
	at org.apache.ratis.server.impl.LeaderElection.run(LeaderElection.java:130)
	at java.lang.Thread.run(Thread.java:748)
Caused by: org.apache.ratis.thirdparty.io.grpc.StatusRuntimeException: UNAVAILABLE: io exception
	at org.apache.ratis.thirdparty.io.grpc.stub.ClientCalls.toStatusRuntimeException(ClientCalls.java:233)
	at org.apache.ratis.thirdparty.io.grpc.stub.ClientCalls.getUnchecked(ClientCalls.java:214)
	at org.apache.ratis.thirdparty.io.grpc.stub.ClientCalls.blockingUnaryCall(ClientCalls.java:139)
	at org.apache.ratis.proto.grpc.RaftServerProtocolServiceGrpc$RaftServerProtocolServiceBlockingStub.requestVote(RaftServerProtocolServiceGrpc.java:265)
	at org.apache.ratis.grpc.server.GrpcServerProtocolClient.requestVote(GrpcServerProtocolClient.java:83)
	at org.apache.ratis.grpc.server.GrpcService.requestVote(GrpcService.java:195)
	at org.apache.ratis.server.impl.LeaderElection.lambda$submitRequests$1(LeaderElection.java:237)
	at java.util.concurrent.FutureTask.run(FutureTask.java:266)
	at java.util.concurrent.Executors$RunnableAdapter.call(Executors.java:511)
	at java.util.concurrent.FutureTask.run(FutureTask.java:266)
	at java.util.concurrent.ThreadPoolExecutor.runWorker(ThreadPoolExecutor.java:1149)
	at java.util.concurrent.ThreadPoolExecutor$Worker.run(ThreadPoolExecutor.java:624)
	... 1 more
Caused by: org.apache.ratis.thirdparty.io.netty.channel.AbstractChannel$AnnotatedConnectException: Connection refused: /192.168.36.99:44849
	at sun.nio.ch.SocketChannelImpl.checkConnect(Native Method)
	at sun.nio.ch.SocketChannelImpl.finishConnect(SocketChannelImpl.java:717)
	at org.apache.ratis.thirdparty.io.netty.channel.socket.nio.NioSocketChannel.doFinishConnect(NioSocketChannel.java:327)
	at org.apache.ratis.thirdparty.io.netty.channel.nio.AbstractNioChannel$AbstractNioUnsafe.finishConnect(AbstractNioChannel.java:340)
	at org.apache.ratis.thirdparty.io.netty.channel.nio.NioEventLoop.processSelectedKey(NioEventLoop.java:632)
	at org.apache.ratis.thirdparty.io.netty.channel.nio.NioEventLoop.processSelectedKeysOptimized(NioEventLoop.java:579)
	at org.apache.ratis.thirdparty.io.netty.channel.nio.NioEventLoop.processSelectedKeys(NioEventLoop.java:496)
	at org.apache.ratis.thirdparty.io.netty.channel.nio.NioEventLoop.run(NioEventLoop.java:458)
	at org.apache.ratis.thirdparty.io.netty.util.concurrent.SingleThreadEventExecutor$5.run(SingleThreadEventExecutor.java:897)
	at org.apache.ratis.thirdparty.io.netty.util.concurrent.FastThreadLocalRunnable.run(FastThreadLocalRunnable.java:30)
	... 1 more
Caused by: java.net.ConnectException: Connection refused
	... 11 more
2019-08-20 15:02:30,168 [de1a53ad-bbb1-4f1c-a870-9fe3ce57e0b8:group-8B57A3700DAB:LeaderElection31] INFO  impl.LeaderElection (LogUtils.java:infoOrTrace(149)) -   Exception 1: {}
java.util.concurrent.ExecutionException: org.apache.ratis.thirdparty.io.grpc.StatusRuntimeException: UNAVAILABLE: io exception
	at java.util.concurrent.FutureTask.report(FutureTask.java:122)
	at java.util.concurrent.FutureTask.get(FutureTask.java:192)
	at org.apache.ratis.server.impl.LeaderElection.waitForResults(LeaderElection.java:262)
	at org.apache.ratis.server.impl.LeaderElection.askForVotes(LeaderElection.java:200)
	at org.apache.ratis.server.impl.LeaderElection.run(LeaderElection.java:130)
	at java.lang.Thread.run(Thread.java:748)
Caused by: org.apache.ratis.thirdparty.io.grpc.StatusRuntimeException: UNAVAILABLE: io exception
	at org.apache.ratis.thirdparty.io.grpc.stub.ClientCalls.toStatusRuntimeException(ClientCalls.java:233)
	at org.apache.ratis.thirdparty.io.grpc.stub.ClientCalls.getUnchecked(ClientCalls.java:214)
	at org.apache.ratis.thirdparty.io.grpc.stub.ClientCalls.blockingUnaryCall(ClientCalls.java:139)
	at org.apache.ratis.proto.grpc.RaftServerProtocolServiceGrpc$RaftServerProtocolServiceBlockingStub.requestVote(RaftServerProtocolServiceGrpc.java:265)
	at org.apache.ratis.grpc.server.GrpcServerProtocolClient.requestVote(GrpcServerProtocolClient.java:83)
	at org.apache.ratis.grpc.server.GrpcService.requestVote(GrpcService.java:195)
	at org.apache.ratis.server.impl.LeaderElection.lambda$submitRequests$1(LeaderElection.java:237)
	at java.util.concurrent.FutureTask.run(FutureTask.java:266)
	at java.util.concurrent.Executors$RunnableAdapter.call(Executors.java:511)
	at java.util.concurrent.FutureTask.run(FutureTask.java:266)
	at java.util.concurrent.ThreadPoolExecutor.runWorker(ThreadPoolExecutor.java:1149)
	at java.util.concurrent.ThreadPoolExecutor$Worker.run(ThreadPoolExecutor.java:624)
	... 1 more
Caused by: org.apache.ratis.thirdparty.io.netty.channel.AbstractChannel$AnnotatedConnectException: Connection refused: /192.168.36.99:41272
	at sun.nio.ch.SocketChannelImpl.checkConnect(Native Method)
	at sun.nio.ch.SocketChannelImpl.finishConnect(SocketChannelImpl.java:717)
	at org.apache.ratis.thirdparty.io.netty.channel.socket.nio.NioSocketChannel.doFinishConnect(NioSocketChannel.java:327)
	at org.apache.ratis.thirdparty.io.netty.channel.nio.AbstractNioChannel$AbstractNioUnsafe.finishConnect(AbstractNioChannel.java:340)
	at org.apache.ratis.thirdparty.io.netty.channel.nio.NioEventLoop.processSelectedKey(NioEventLoop.java:632)
	at org.apache.ratis.thirdparty.io.netty.channel.nio.NioEventLoop.processSelectedKeysOptimized(NioEventLoop.java:579)
	at org.apache.ratis.thirdparty.io.netty.channel.nio.NioEventLoop.processSelectedKeys(NioEventLoop.java:496)
	at org.apache.ratis.thirdparty.io.netty.channel.nio.NioEventLoop.run(NioEventLoop.java:458)
	at org.apache.ratis.thirdparty.io.netty.util.concurrent.SingleThreadEventExecutor$5.run(SingleThreadEventExecutor.java:897)
	at org.apache.ratis.thirdparty.io.netty.util.concurrent.FastThreadLocalRunnable.run(FastThreadLocalRunnable.java:30)
	... 1 more
Caused by: java.net.ConnectException: Connection refused
	... 11 more
2019-08-20 15:02:30,169 [de1a53ad-bbb1-4f1c-a870-9fe3ce57e0b8:group-8B57A3700DAB:LeaderElection31] INFO  impl.RaftServerImpl (RaftServerImpl.java:setRole(171)) - de1a53ad-bbb1-4f1c-a870-9fe3ce57e0b8:group-8B57A3700DAB changes role from CANDIDATE to FOLLOWER at term 2 for DISCOVERED_A_NEW_TERM
2019-08-20 15:02:30,169 [de1a53ad-bbb1-4f1c-a870-9fe3ce57e0b8:group-8B57A3700DAB:LeaderElection31] INFO  impl.RoleInfo (RoleInfo.java:shutdownLeaderElection(134)) - de1a53ad-bbb1-4f1c-a870-9fe3ce57e0b8: shutdown LeaderElection
2019-08-20 15:02:30,169 [de1a53ad-bbb1-4f1c-a870-9fe3ce57e0b8:group-8B57A3700DAB:LeaderElection31] INFO  impl.RoleInfo (RoleInfo.java:updateAndGet(143)) - de1a53ad-bbb1-4f1c-a870-9fe3ce57e0b8: start FollowerState
2019-08-20 15:02:30,978 [Thread-345] INFO  ozoneimpl.OzoneContainer (OzoneContainer.java:stop(199)) - Attempting to stop container services.
2019-08-20 15:02:30,978 [Thread-345] INFO  impl.RaftServerProxy (RaftServerProxy.java:lambda$close$4(314)) - de1a53ad-bbb1-4f1c-a870-9fe3ce57e0b8: close
2019-08-20 15:02:30,978 [Thread-345] INFO  impl.RaftServerImpl (RaftServerImpl.java:lambda$shutdown$3(245)) - de1a53ad-bbb1-4f1c-a870-9fe3ce57e0b8: shutdown group-2D00B8CBBCCD
2019-08-20 15:02:30,979 [ForkJoinPool.commonPool-worker-1] INFO  impl.RaftServerImpl (RaftServerImpl.java:lambda$shutdown$3(245)) - de1a53ad-bbb1-4f1c-a870-9fe3ce57e0b8: shutdown group-8B57A3700DAB
2019-08-20 15:02:30,979 [Thread-345] INFO  util.JmxRegister (JmxRegister.java:unregister(73)) - Successfully un-registered JMX Bean with object name Ratis:service=RaftServer,group=group-2D00B8CBBCCD,id=de1a53ad-bbb1-4f1c-a870-9fe3ce57e0b8
2019-08-20 15:02:30,979 [ForkJoinPool.commonPool-worker-1] INFO  util.JmxRegister (JmxRegister.java:unregister(73)) - Successfully un-registered JMX Bean with object name Ratis:service=RaftServer,group=group-8B57A3700DAB,id=de1a53ad-bbb1-4f1c-a870-9fe3ce57e0b8
2019-08-20 15:02:30,979 [Thread-345] INFO  impl.RoleInfo (RoleInfo.java:shutdownLeaderState(104)) - de1a53ad-bbb1-4f1c-a870-9fe3ce57e0b8: shutdown LeaderState
2019-08-20 15:02:30,979 [ForkJoinPool.commonPool-worker-1] INFO  impl.RoleInfo (RoleInfo.java:shutdownFollowerState(121)) - de1a53ad-bbb1-4f1c-a870-9fe3ce57e0b8: shutdown FollowerState
2019-08-20 15:02:30,979 [Thread-345] INFO  impl.PendingRequests (PendingRequests.java:sendNotLeaderResponses(202)) - de1a53ad-bbb1-4f1c-a870-9fe3ce57e0b8-PendingRequests: sendNotLeaderResponses
2019-08-20 15:02:30,980 [Thread-555] INFO  impl.FollowerState (FollowerState.java:run(114)) - de1a53ad-bbb1-4f1c-a870-9fe3ce57e0b8: FollowerState was interrupted: java.lang.InterruptedException: sleep interrupted
2019-08-20 15:02:30,979 [ForkJoinPool.commonPool-worker-1] INFO  impl.StateMachineUpdater (StateMachineUpdater.java:stopAndJoin(115)) - StateMachineUpdater:de1a53ad-bbb1-4f1c-a870-9fe3ce57e0b8:group-8B57A3700DAB: set stopIndex = -1
2019-08-20 15:02:30,980 [Thread-345] INFO  impl.StateMachineUpdater (StateMachineUpdater.java:stopAndJoin(115)) - StateMachineUpdater:de1a53ad-bbb1-4f1c-a870-9fe3ce57e0b8:group-2D00B8CBBCCD: set stopIndex = 0
2019-08-20 15:02:30,981 [ForkJoinPool.commonPool-worker-1] INFO  impl.RaftServerImpl (ServerState.java:close(394)) - de1a53ad-bbb1-4f1c-a870-9fe3ce57e0b8:group-8B57A3700DAB closes. The last applied log index is -1
2019-08-20 15:02:30,981 [Thread-345] INFO  impl.RaftServerImpl (ServerState.java:close(394)) - de1a53ad-bbb1-4f1c-a870-9fe3ce57e0b8:group-2D00B8CBBCCD closes. The last applied log index is 0
2019-08-20 15:02:30,982 [de1a53ad-bbb1-4f1c-a870-9fe3ce57e0b8-SegmentedRaftLogWorker:Storage Directory /workdir/hadoop-ozone/integration-test/target/test-dir/MiniOzoneClusterImpl-c8129239-5fa4-43d5-9fc3-37839c077eab/datanode-2/data/ratis/043823e9-9887-4d48-bfdd-8b57a3700dab] INFO  segmented.SegmentedRaftLogWorker (SegmentedRaftLogWorker.java:run(313)) - de1a53ad-bbb1-4f1c-a870-9fe3ce57e0b8-SegmentedRaftLogWorker:Storage Directory /workdir/hadoop-ozone/integration-test/target/test-dir/MiniOzoneClusterImpl-c8129239-5fa4-43d5-9fc3-37839c077eab/datanode-2/data/ratis/043823e9-9887-4d48-bfdd-8b57a3700dab was interrupted, exiting. There are 0 tasks remaining in the queue.
2019-08-20 15:02:30,982 [ForkJoinPool.commonPool-worker-1] INFO  segmented.SegmentedRaftLogWorker (SegmentedRaftLogWorker.java:close(228)) - de1a53ad-bbb1-4f1c-a870-9fe3ce57e0b8-SegmentedRaftLogWorker:Storage Directory /workdir/hadoop-ozone/integration-test/target/test-dir/MiniOzoneClusterImpl-c8129239-5fa4-43d5-9fc3-37839c077eab/datanode-2/data/ratis/043823e9-9887-4d48-bfdd-8b57a3700dab close()
2019-08-20 15:02:30,982 [de1a53ad-bbb1-4f1c-a870-9fe3ce57e0b8-SegmentedRaftLogWorker:Storage Directory /workdir/hadoop-ozone/integration-test/target/test-dir/MiniOzoneClusterImpl-c8129239-5fa4-43d5-9fc3-37839c077eab/datanode-2/data/ratis/8879b723-97c6-450a-a835-2d00b8cbbccd] INFO  segmented.SegmentedRaftLogWorker (SegmentedRaftLogWorker.java:run(313)) - de1a53ad-bbb1-4f1c-a870-9fe3ce57e0b8-SegmentedRaftLogWorker:Storage Directory /workdir/hadoop-ozone/integration-test/target/test-dir/MiniOzoneClusterImpl-c8129239-5fa4-43d5-9fc3-37839c077eab/datanode-2/data/ratis/8879b723-97c6-450a-a835-2d00b8cbbccd was interrupted, exiting. There are 0 tasks remaining in the queue.
2019-08-20 15:02:30,985 [Thread-345] INFO  segmented.SegmentedRaftLogWorker (SegmentedRaftLogWorker.java:close(228)) - de1a53ad-bbb1-4f1c-a870-9fe3ce57e0b8-SegmentedRaftLogWorker:Storage Directory /workdir/hadoop-ozone/integration-test/target/test-dir/MiniOzoneClusterImpl-c8129239-5fa4-43d5-9fc3-37839c077eab/datanode-2/data/ratis/8879b723-97c6-450a-a835-2d00b8cbbccd close()
2019-08-20 15:02:30,986 [Thread-345] INFO  server.GrpcService (GrpcService.java:closeImpl(155)) - de1a53ad-bbb1-4f1c-a870-9fe3ce57e0b8: shutdown server with port 33849 now
2019-08-20 15:02:30,987 [Thread-345] INFO  server.GrpcService (GrpcService.java:closeImpl(163)) - de1a53ad-bbb1-4f1c-a870-9fe3ce57e0b8: shutdown server with port 33849 successfully
2019-08-20 15:02:30,988 [Thread-345] INFO  utils.BackgroundService (BackgroundService.java:shutdown(148)) - Shutting down service BlockDeletingService
2019-08-20 15:02:30,999 [refreshUsed-/workdir/hadoop-ozone/integration-test/target/test-dir/MiniOzoneClusterImpl-c8129239-5fa4-43d5-9fc3-37839c077eab/datanode-2/data/containers] WARN  fs.CachingGetSpaceUsed (CachingGetSpaceUsed.java:run(183)) - Thread Interrupted waiting to refresh disk information: sleep interrupted
2019-08-20 15:02:31,015 [Thread-345] INFO  statemachine.DatanodeStateMachine (DatanodeStateMachine.java:stopDaemon(395)) - Ozone container server stopped.
2019-08-20 15:02:31,016 [Thread-345] INFO  handler.ContextHandler (ContextHandler.java:doStop(910)) - Stopped o.e.j.w.WebAppContext@74eddbe3{/,null,UNAVAILABLE}{/hddsDatanode}
2019-08-20 15:02:31,016 [Thread-345] INFO  server.AbstractConnector (AbstractConnector.java:doStop(318)) - Stopped ServerConnector@440156b3{HTTP/1.1,[http/1.1]}{0.0.0.0:0}
2019-08-20 15:02:31,017 [Thread-345] INFO  handler.ContextHandler (ContextHandler.java:doStop(910)) - Stopped o.e.j.s.ServletContextHandler@ec7b3f2{/static,jar:file:/home/user/.m2/repository/org/apache/hadoop/hadoop-hdds-container-service/0.5.0-SNAPSHOT/hadoop-hdds-container-service-0.5.0-SNAPSHOT.jar!/webapps/static,UNAVAILABLE}
2019-08-20 15:02:31,017 [Thread-345] INFO  handler.ContextHandler (ContextHandler.java:doStop(910)) - Stopped o.e.j.s.ServletContextHandler@5303d38f{/logs,file:///workdir/hadoop-ozone/integration-test/target/log,UNAVAILABLE}
2019-08-20 15:02:31,020 [Thread-345] INFO  impl.MetricsSystemImpl (MetricsSystemImpl.java:init(158)) - HddsDatanode metrics system started (again)
2019-08-20 15:02:31,063 [Thread-345] INFO  ozone.HddsDatanodeService (HddsDatanodeService.java:start(184)) - HddsDatanodeService host:pr-hdds-1950-vsl5z-1698008226 ip:192.168.36.99
2019-08-20 15:02:31,065 [Thread-345] INFO  volume.VolumeUsage (VolumeUsage.java:loadScmUsed(144)) - Cached ScmUsed found for /workdir/hadoop-ozone/integration-test/target/test-dir/MiniOzoneClusterImpl-c8129239-5fa4-43d5-9fc3-37839c077eab/datanode-0/data/containers : 4096 
2019-08-20 15:02:31,066 [Thread-345] INFO  volume.HddsVolume (HddsVolume.java:<init>(176)) - Creating Volume: /workdir/hadoop-ozone/integration-test/target/test-dir/MiniOzoneClusterImpl-c8129239-5fa4-43d5-9fc3-37839c077eab/datanode-0/data/containers/hdds of  storage type : DISK and capacity : 1482555576320
2019-08-20 15:02:31,066 [Thread-345] INFO  volume.VolumeSet (VolumeSet.java:initializeVolumeSet(170)) - Added Volume : /workdir/hadoop-ozone/integration-test/target/test-dir/MiniOzoneClusterImpl-c8129239-5fa4-43d5-9fc3-37839c077eab/datanode-0/data/containers/hdds to VolumeSet
2019-08-20 15:02:31,066 [Thread-345] INFO  volume.ThrottledAsyncChecker (ThrottledAsyncChecker.java:schedule(140)) - Scheduling a check for org.apache.hadoop.ozone.container.common.volume.HddsVolume@7398a018
2019-08-20 15:02:31,067 [Thread-345] INFO  volume.HddsVolumeChecker (HddsVolumeChecker.java:checkAllVolumes(203)) - Scheduled health check for volume org.apache.hadoop.ozone.container.common.volume.HddsVolume@7398a018
2019-08-20 15:02:31,094 [Thread-345] INFO  impl.RaftServerProxy (ConfUtils.java:logGet(43)) - raft.rpc.type = GRPC (default)
2019-08-20 15:02:31,094 [Thread-345] INFO  grpc.GrpcFactory (GrpcFactory.java:checkPooledByteBufAllocatorUseCacheForAllThreads(45)) - PERFORMANCE WARNING: useCacheForAllThreads is true that may cause Netty to create a lot garbage objects and, as a result, trigger GC.
	It is recommended to disable useCacheForAllThreads by setting -Dorg.apache.ratis.thirdparty.io.netty.allocator.useCacheForAllThreads=false in command line.
2019-08-20 15:02:31,094 [Thread-345] INFO  grpc.GrpcConfigKeys$Server (ConfUtils.java:logGet(43)) - raft.grpc.server.port = 44849 (custom)
2019-08-20 15:02:31,095 [Thread-345] INFO  server.GrpcService (ConfUtils.java:logGet(43)) - raft.grpc.message.size.max = 33570816 (custom)
2019-08-20 15:02:31,095 [Thread-345] INFO  server.RaftServerConfigKeys (ConfUtils.java:logGet(43)) - raft.server.log.appender.buffer.byte-limit = 33554432 (custom)
2019-08-20 15:02:31,095 [Thread-345] INFO  server.GrpcService (ConfUtils.java:logGet(43)) - raft.grpc.flow.control.window = 1MB (=1048576) (default)
2019-08-20 15:02:31,095 [Thread-345] INFO  server.RaftServerConfigKeys (ConfUtils.java:logGet(43)) - raft.server.rpc.request.timeout = 3000ms (default)
2019-08-20 15:02:31,096 [Thread-345] INFO  server.RaftServerConfigKeys (ConfUtils.java:logGet(43)) - raft.server.storage.dir = [/workdir/hadoop-ozone/integration-test/target/test-dir/MiniOzoneClusterImpl-c8129239-5fa4-43d5-9fc3-37839c077eab/datanode-0/data/ratis] (custom)
2019-08-20 15:02:31,096 [Thread-345] INFO  impl.RaftServerProxy (RaftServerProxy.java:lambda$null$0(191)) - 8b1d3c45-464e-411c-9a1c-fa8558034422: found a subdirectory /workdir/hadoop-ozone/integration-test/target/test-dir/MiniOzoneClusterImpl-c8129239-5fa4-43d5-9fc3-37839c077eab/datanode-0/data/ratis/043823e9-9887-4d48-bfdd-8b57a3700dab
2019-08-20 15:02:31,098 [Thread-345] INFO  impl.RaftServerProxy (RaftServerProxy.java:addNew(89)) - 8b1d3c45-464e-411c-9a1c-fa8558034422: addNew group-8B57A3700DAB:[] returns group-8B57A3700DAB:java.util.concurrent.CompletableFuture@447904ad[Not completed]
2019-08-20 15:02:31,099 [Thread-345] INFO  impl.RaftServerProxy (RaftServerProxy.java:lambda$null$0(191)) - 8b1d3c45-464e-411c-9a1c-fa8558034422: found a subdirectory /workdir/hadoop-ozone/integration-test/target/test-dir/MiniOzoneClusterImpl-c8129239-5fa4-43d5-9fc3-37839c077eab/datanode-0/data/ratis/615fe691-4d1f-4cfb-b3ca-e3df211a7b49
2019-08-20 15:02:31,099 [Thread-345] INFO  impl.RaftServerProxy (RaftServerProxy.java:addNew(89)) - 8b1d3c45-464e-411c-9a1c-fa8558034422: addNew group-E3DF211A7B49:[] returns group-E3DF211A7B49:java.util.concurrent.CompletableFuture@78573b64[Not completed]
2019-08-20 15:02:31,100 [Thread-345] INFO  replication.SimpleContainerDownloader (SimpleContainerDownloader.java:<init>(72)) - Starting container downloader service to copy containers to replicate.
2019-08-20 15:02:31,103 [Thread-345] INFO  hdfs.DFSUtil (DFSUtil.java:httpServerTemplateForNNAndJN(1641)) - Starting Web-server for hddsDatanode at: http://0.0.0.0:46040
2019-08-20 15:02:31,103 [pool-148-thread-1] INFO  impl.RaftServerImpl (RaftServerImpl.java:<init>(93)) - 8b1d3c45-464e-411c-9a1c-fa8558034422: new RaftServerImpl for group-8B57A3700DAB:[] with ContainerStateMachine:uninitialized
2019-08-20 15:02:31,103 [pool-148-thread-1] INFO  server.RaftServerConfigKeys (ConfUtils.java:logGet(43)) - raft.server.rpc.timeout.min = 5s (custom)
2019-08-20 15:02:31,103 [pool-148-thread-1] INFO  server.RaftServerConfigKeys (ConfUtils.java:logGet(43)) - raft.server.rpc.timeout.max = 5200ms (custom)
2019-08-20 15:02:31,103 [pool-148-thread-1] INFO  server.RaftServerConfigKeys (ConfUtils.java:logGet(43)) - raft.server.rpcslowness.timeout = 120s (custom)
2019-08-20 15:02:31,104 [pool-148-thread-1] INFO  server.RaftServerConfigKeys (ConfUtils.java:logGet(43)) - raft.server.sleep.deviation.threshold = 300 (default)
2019-08-20 15:02:31,104 [pool-148-thread-1] INFO  server.RaftServerConfigKeys (ConfUtils.java:logGet(43)) - raft.server.log.appender.install.snapshot.enabled = false (custom)
2019-08-20 15:02:31,104 [pool-148-thread-1] INFO  impl.RaftServerImpl (ServerState.java:<init>(105)) - 8b1d3c45-464e-411c-9a1c-fa8558034422:group-8B57A3700DAB ConfigurationManager, init=-1: [], old=null, confs=<EMPTY_MAP>
2019-08-20 15:02:31,104 [pool-148-thread-1] INFO  server.RaftServerConfigKeys (ConfUtils.java:logGet(43)) - raft.server.storage.dir = [/workdir/hadoop-ozone/integration-test/target/test-dir/MiniOzoneClusterImpl-c8129239-5fa4-43d5-9fc3-37839c077eab/datanode-0/data/ratis] (custom)
2019-08-20 15:02:31,104 [Thread-345] INFO  server.AuthenticationFilter (AuthenticationFilter.java:constructSecretProvider(240)) - Unable to initialize FileSignerSecretProvider, falling back to use random secrets.
2019-08-20 15:02:31,105 [Thread-345] WARN  http.HttpRequestLog (HttpRequestLog.java:getRequestLog(97)) - Jetty request log can only be enabled using Log4j
2019-08-20 15:02:31,107 [Thread-345] INFO  http.HttpServer2 (HttpServer2.java:addGlobalFilter(975)) - Added global filter 'safety' (class=org.apache.hadoop.http.HttpServer2$QuotingInputFilter)
2019-08-20 15:02:31,108 [Thread-345] INFO  http.HttpServer2 (HttpServer2.java:addFilter(948)) - Added filter static_user_filter (class=org.apache.hadoop.http.lib.StaticUserWebFilter$StaticUserFilter) to context hddsDatanode
2019-08-20 15:02:31,108 [Thread-345] INFO  http.HttpServer2 (HttpServer2.java:addFilter(958)) - Added filter static_user_filter (class=org.apache.hadoop.http.lib.StaticUserWebFilter$StaticUserFilter) to context static
2019-08-20 15:02:31,108 [Thread-345] INFO  http.HttpServer2 (HttpServer2.java:addFilter(958)) - Added filter static_user_filter (class=org.apache.hadoop.http.lib.StaticUserWebFilter$StaticUserFilter) to context logs
2019-08-20 15:02:31,109 [Thread-345] INFO  http.HttpServer2 (HttpServer2.java:bindListener(1191)) - Jetty bound to port 46040
2019-08-20 15:02:31,109 [Thread-345] INFO  server.Server (Server.java:doStart(351)) - jetty-9.3.24.v20180605, build timestamp: 2018-06-05T17:11:56Z, git hash: 84205aa28f11a4f31f2a3b86d1bba2cc8ab69827
2019-08-20 15:02:31,111 [Thread-345] INFO  handler.ContextHandler (ContextHandler.java:doStart(781)) - Started o.e.j.s.ServletContextHandler@5c1e1c9{/logs,file:///workdir/hadoop-ozone/integration-test/target/log,AVAILABLE}
2019-08-20 15:02:31,112 [Thread-345] INFO  handler.ContextHandler (ContextHandler.java:doStart(781)) - Started o.e.j.s.ServletContextHandler@283b3e9f{/static,jar:file:/home/user/.m2/repository/org/apache/hadoop/hadoop-hdds-container-service/0.5.0-SNAPSHOT/hadoop-hdds-container-service-0.5.0-SNAPSHOT.jar!/webapps/static,AVAILABLE}
2019-08-20 15:02:31,150 [Thread-345] INFO  handler.ContextHandler (ContextHandler.java:doStart(781)) - Started o.e.j.w.WebAppContext@2ac36568{/,file:///tmp/jetty-0.0.0.0-46040-hddsDatanode-_-any-4015842432664479623.dir/webapp/,AVAILABLE}{/hddsDatanode}
2019-08-20 15:02:31,152 [Thread-345] INFO  server.AbstractConnector (AbstractConnector.java:doStart(278)) - Started ServerConnector@5d40ab3{HTTP/1.1,[http/1.1]}{0.0.0.0:46040}
2019-08-20 15:02:31,152 [Thread-345] INFO  server.Server (Server.java:doStart(419)) - Started @70000ms
2019-08-20 15:02:31,153 [Thread-345] INFO  server.BaseHttpServer (BaseHttpServer.java:updateConnectorAddress(213)) - HTTP server of HDDSDATANODE is listening at http://0.0.0.0:46040
2019-08-20 15:02:31,272 | INFO  | ObjectStoreRestHttpServer | Listening HDDS REST traffic on /0.0.0.0:36250 |  
2019-08-20 15:02:31,272 [Thread-345] INFO  ozone.HddsDatanodeService (HddsDatanodeService.java:startPlugins(395)) - Started plug-in org.apache.hadoop.ozone.web.OzoneHddsDatanodeService@35d74f92
2019-08-20 15:02:31,273 [Thread-345] INFO  impl.MetricsSystemImpl (MetricsSystemImpl.java:init(158)) - HddsDatanode metrics system started (again)
2019-08-20 15:02:31,274 [org.apache.hadoop.util.JvmPauseMonitor$Monitor@683c41fe] INFO  util.JvmPauseMonitor (JvmPauseMonitor.java:run(188)) - Starting JVM pause monitor
2019-08-20 15:02:31,277 [Thread-345] INFO  ozone.HddsDatanodeService (HddsDatanodeService.java:start(184)) - HddsDatanodeService host:pr-hdds-1950-vsl5z-1698008226 ip:192.168.36.99
2019-08-20 15:02:31,278 [Thread-345] INFO  volume.VolumeUsage (VolumeUsage.java:loadScmUsed(144)) - Cached ScmUsed found for /workdir/hadoop-ozone/integration-test/target/test-dir/MiniOzoneClusterImpl-c8129239-5fa4-43d5-9fc3-37839c077eab/datanode-1/data/containers : 4096 
2019-08-20 15:02:31,279 [Thread-345] INFO  volume.HddsVolume (HddsVolume.java:<init>(176)) - Creating Volume: /workdir/hadoop-ozone/integration-test/target/test-dir/MiniOzoneClusterImpl-c8129239-5fa4-43d5-9fc3-37839c077eab/datanode-1/data/containers/hdds of  storage type : DISK and capacity : 1482555576320
2019-08-20 15:02:31,279 [Thread-345] INFO  volume.VolumeSet (VolumeSet.java:initializeVolumeSet(170)) - Added Volume : /workdir/hadoop-ozone/integration-test/target/test-dir/MiniOzoneClusterImpl-c8129239-5fa4-43d5-9fc3-37839c077eab/datanode-1/data/containers/hdds to VolumeSet
2019-08-20 15:02:31,279 [Thread-345] INFO  volume.ThrottledAsyncChecker (ThrottledAsyncChecker.java:schedule(140)) - Scheduling a check for org.apache.hadoop.ozone.container.common.volume.HddsVolume@32c0fc1d
2019-08-20 15:02:31,279 [Thread-345] INFO  volume.HddsVolumeChecker (HddsVolumeChecker.java:checkAllVolumes(203)) - Scheduled health check for volume org.apache.hadoop.ozone.container.common.volume.HddsVolume@32c0fc1d
2019-08-20 15:02:31,294 [Thread-345] INFO  impl.RaftServerProxy (ConfUtils.java:logGet(43)) - raft.rpc.type = GRPC (default)
2019-08-20 15:02:31,294 [Thread-345] INFO  grpc.GrpcFactory (GrpcFactory.java:checkPooledByteBufAllocatorUseCacheForAllThreads(45)) - PERFORMANCE WARNING: useCacheForAllThreads is true that may cause Netty to create a lot garbage objects and, as a result, trigger GC.
	It is recommended to disable useCacheForAllThreads by setting -Dorg.apache.ratis.thirdparty.io.netty.allocator.useCacheForAllThreads=false in command line.
2019-08-20 15:02:31,294 [Thread-345] INFO  grpc.GrpcConfigKeys$Server (ConfUtils.java:logGet(43)) - raft.grpc.server.port = 41272 (custom)
2019-08-20 15:02:31,295 [Thread-345] INFO  server.GrpcService (ConfUtils.java:logGet(43)) - raft.grpc.message.size.max = 33570816 (custom)
2019-08-20 15:02:31,295 [Thread-345] INFO  server.RaftServerConfigKeys (ConfUtils.java:logGet(43)) - raft.server.log.appender.buffer.byte-limit = 33554432 (custom)
2019-08-20 15:02:31,295 [Thread-345] INFO  server.GrpcService (ConfUtils.java:logGet(43)) - raft.grpc.flow.control.window = 1MB (=1048576) (default)
2019-08-20 15:02:31,295 [Thread-345] INFO  server.RaftServerConfigKeys (ConfUtils.java:logGet(43)) - raft.server.rpc.request.timeout = 3000ms (default)
2019-08-20 15:02:31,296 [Thread-345] INFO  server.RaftServerConfigKeys (ConfUtils.java:logGet(43)) - raft.server.storage.dir = [/workdir/hadoop-ozone/integration-test/target/test-dir/MiniOzoneClusterImpl-c8129239-5fa4-43d5-9fc3-37839c077eab/datanode-1/data/ratis] (custom)
2019-08-20 15:02:31,296 [Thread-345] INFO  impl.RaftServerProxy (RaftServerProxy.java:lambda$null$0(191)) - 5c23d56f-781b-40f4-b763-dd6ad64f36ec: found a subdirectory /workdir/hadoop-ozone/integration-test/target/test-dir/MiniOzoneClusterImpl-c8129239-5fa4-43d5-9fc3-37839c077eab/datanode-1/data/ratis/043823e9-9887-4d48-bfdd-8b57a3700dab
2019-08-20 15:02:31,296 [Thread-345] INFO  impl.RaftServerProxy (RaftServerProxy.java:addNew(89)) - 5c23d56f-781b-40f4-b763-dd6ad64f36ec: addNew group-8B57A3700DAB:[] returns group-8B57A3700DAB:java.util.concurrent.CompletableFuture@132a9419[Not completed]
2019-08-20 15:02:31,297 [Thread-345] INFO  impl.RaftServerProxy (RaftServerProxy.java:lambda$null$0(191)) - 5c23d56f-781b-40f4-b763-dd6ad64f36ec: found a subdirectory /workdir/hadoop-ozone/integration-test/target/test-dir/MiniOzoneClusterImpl-c8129239-5fa4-43d5-9fc3-37839c077eab/datanode-1/data/ratis/7cfdef7b-3c15-4f53-9603-a21c6eddb2e2
2019-08-20 15:02:31,297 [Thread-345] INFO  impl.RaftServerProxy (RaftServerProxy.java:addNew(89)) - 5c23d56f-781b-40f4-b763-dd6ad64f36ec: addNew group-A21C6EDDB2E2:[] returns group-A21C6EDDB2E2:java.util.concurrent.CompletableFuture@75384935[Not completed]
2019-08-20 15:02:31,297 [Thread-345] INFO  replication.SimpleContainerDownloader (SimpleContainerDownloader.java:<init>(72)) - Starting container downloader service to copy containers to replicate.
2019-08-20 15:02:31,299 [pool-159-thread-1] INFO  impl.RaftServerImpl (RaftServerImpl.java:<init>(93)) - 5c23d56f-781b-40f4-b763-dd6ad64f36ec: new RaftServerImpl for group-8B57A3700DAB:[] with ContainerStateMachine:uninitialized
2019-08-20 15:02:31,300 [Thread-345] INFO  hdfs.DFSUtil (DFSUtil.java:httpServerTemplateForNNAndJN(1641)) - Starting Web-server for hddsDatanode at: http://0.0.0.0:40668
2019-08-20 15:02:31,300 [pool-159-thread-1] INFO  server.RaftServerConfigKeys (ConfUtils.java:logGet(43)) - raft.server.rpc.timeout.min = 5s (custom)
2019-08-20 15:02:31,301 [pool-159-thread-1] INFO  server.RaftServerConfigKeys (ConfUtils.java:logGet(43)) - raft.server.rpc.timeout.max = 5200ms (custom)
2019-08-20 15:02:31,301 [pool-159-thread-1] INFO  server.RaftServerConfigKeys (ConfUtils.java:logGet(43)) - raft.server.rpcslowness.timeout = 120s (custom)
2019-08-20 15:02:31,301 [pool-159-thread-1] INFO  server.RaftServerConfigKeys (ConfUtils.java:logGet(43)) - raft.server.sleep.deviation.threshold = 300 (default)
2019-08-20 15:02:31,301 [pool-159-thread-1] INFO  server.RaftServerConfigKeys (ConfUtils.java:logGet(43)) - raft.server.log.appender.install.snapshot.enabled = false (custom)
2019-08-20 15:02:31,301 [pool-159-thread-1] INFO  impl.RaftServerImpl (ServerState.java:<init>(105)) - 5c23d56f-781b-40f4-b763-dd6ad64f36ec:group-8B57A3700DAB ConfigurationManager, init=-1: [], old=null, confs=<EMPTY_MAP>
2019-08-20 15:02:31,301 [pool-159-thread-1] INFO  server.RaftServerConfigKeys (ConfUtils.java:logGet(43)) - raft.server.storage.dir = [/workdir/hadoop-ozone/integration-test/target/test-dir/MiniOzoneClusterImpl-c8129239-5fa4-43d5-9fc3-37839c077eab/datanode-1/data/ratis] (custom)
2019-08-20 15:02:31,301 [Thread-345] INFO  server.AuthenticationFilter (AuthenticationFilter.java:constructSecretProvider(240)) - Unable to initialize FileSignerSecretProvider, falling back to use random secrets.
2019-08-20 15:02:31,302 [Thread-345] WARN  http.HttpRequestLog (HttpRequestLog.java:getRequestLog(97)) - Jetty request log can only be enabled using Log4j
2019-08-20 15:02:31,304 [Thread-345] INFO  http.HttpServer2 (HttpServer2.java:addGlobalFilter(975)) - Added global filter 'safety' (class=org.apache.hadoop.http.HttpServer2$QuotingInputFilter)
2019-08-20 15:02:31,305 [Thread-345] INFO  http.HttpServer2 (HttpServer2.java:addFilter(948)) - Added filter static_user_filter (class=org.apache.hadoop.http.lib.StaticUserWebFilter$StaticUserFilter) to context hddsDatanode
2019-08-20 15:02:31,305 [Thread-345] INFO  http.HttpServer2 (HttpServer2.java:addFilter(958)) - Added filter static_user_filter (class=org.apache.hadoop.http.lib.StaticUserWebFilter$StaticUserFilter) to context logs
2019-08-20 15:02:31,305 [Thread-345] INFO  http.HttpServer2 (HttpServer2.java:addFilter(958)) - Added filter static_user_filter (class=org.apache.hadoop.http.lib.StaticUserWebFilter$StaticUserFilter) to context static
2019-08-20 15:02:31,306 [Thread-345] INFO  http.HttpServer2 (HttpServer2.java:bindListener(1191)) - Jetty bound to port 40668
2019-08-20 15:02:31,306 [Thread-345] INFO  server.Server (Server.java:doStart(351)) - jetty-9.3.24.v20180605, build timestamp: 2018-06-05T17:11:56Z, git hash: 84205aa28f11a4f31f2a3b86d1bba2cc8ab69827
2019-08-20 15:02:31,307 [Thread-345] INFO  handler.ContextHandler (ContextHandler.java:doStart(781)) - Started o.e.j.s.ServletContextHandler@359873ef{/logs,file:///workdir/hadoop-ozone/integration-test/target/log,AVAILABLE}
2019-08-20 15:02:31,308 [Thread-345] INFO  handler.ContextHandler (ContextHandler.java:doStart(781)) - Started o.e.j.s.ServletContextHandler@36413aeb{/static,jar:file:/home/user/.m2/repository/org/apache/hadoop/hadoop-hdds-container-service/0.5.0-SNAPSHOT/hadoop-hdds-container-service-0.5.0-SNAPSHOT.jar!/webapps/static,AVAILABLE}
2019-08-20 15:02:31,337 [Thread-345] INFO  handler.ContextHandler (ContextHandler.java:doStart(781)) - Started o.e.j.w.WebAppContext@3469967f{/,file:///tmp/jetty-0.0.0.0-40668-hddsDatanode-_-any-1754910272245350542.dir/webapp/,AVAILABLE}{/hddsDatanode}
2019-08-20 15:02:31,339 [Thread-345] INFO  server.AbstractConnector (AbstractConnector.java:doStart(278)) - Started ServerConnector@46d2bd2f{HTTP/1.1,[http/1.1]}{0.0.0.0:40668}
2019-08-20 15:02:31,339 [Thread-345] INFO  server.Server (Server.java:doStart(419)) - Started @70188ms
2019-08-20 15:02:31,340 [Thread-345] INFO  server.BaseHttpServer (BaseHttpServer.java:updateConnectorAddress(213)) - HTTP server of HDDSDATANODE is listening at http://0.0.0.0:40668
2019-08-20 15:02:31,436 [EventQueue-StaleNodeForStaleNodeHandler] INFO  node.StaleNodeHandler (StaleNodeHandler.java:onMessage(58)) - Datanode de1a53ad-bbb1-4f1c-a870-9fe3ce57e0b8{ip: 192.168.36.99, host: pr-hdds-1950-vsl5z-1698008226, networkLocation: /default-rack, certSerialId: null} moved to stale state. Finalizing its pipelines [PipelineID=8879b723-97c6-450a-a835-2d00b8cbbccd, PipelineID=043823e9-9887-4d48-bfdd-8b57a3700dab]
2019-08-20 15:02:31,436 [EventQueue-StaleNodeForStaleNodeHandler] INFO  pipeline.SCMPipelineManager (SCMPipelineManager.java:finalizeAndDestroyPipeline(309)) - destroying pipeline:Pipeline[ Id: 8879b723-97c6-450a-a835-2d00b8cbbccd, Nodes: de1a53ad-bbb1-4f1c-a870-9fe3ce57e0b8{ip: 192.168.36.99, host: pr-hdds-1950-vsl5z-1698008226, networkLocation: /default-rack, certSerialId: null}, Type:RATIS, Factor:ONE, State:OPEN]
2019-08-20 15:02:31,436 [EventQueue-StaleNodeForStaleNodeHandler] INFO  pipeline.PipelineStateManager (PipelineStateManager.java:finalizePipeline(123)) - Pipeline Pipeline[ Id: 8879b723-97c6-450a-a835-2d00b8cbbccd, Nodes: de1a53ad-bbb1-4f1c-a870-9fe3ce57e0b8{ip: 192.168.36.99, host: pr-hdds-1950-vsl5z-1698008226, networkLocation: /default-rack, certSerialId: null}, Type:RATIS, Factor:ONE, State:CLOSED] moved to CLOSED state
2019-08-20 15:02:31,436 [EventQueue-StaleNodeForStaleNodeHandler] INFO  pipeline.SCMPipelineManager (SCMPipelineManager.java:finalizeAndDestroyPipeline(309)) - destroying pipeline:Pipeline[ Id: 043823e9-9887-4d48-bfdd-8b57a3700dab, Nodes: 8b1d3c45-464e-411c-9a1c-fa8558034422{ip: 192.168.36.99, host: pr-hdds-1950-vsl5z-1698008226, networkLocation: /default-rack, certSerialId: null}de1a53ad-bbb1-4f1c-a870-9fe3ce57e0b8{ip: 192.168.36.99, host: pr-hdds-1950-vsl5z-1698008226, networkLocation: /default-rack, certSerialId: null}5c23d56f-781b-40f4-b763-dd6ad64f36ec{ip: 192.168.36.99, host: pr-hdds-1950-vsl5z-1698008226, networkLocation: /default-rack, certSerialId: null}, Type:RATIS, Factor:THREE, State:CLOSED]
2019-08-20 15:02:31,463 | INFO  | ObjectStoreRestHttpServer | Listening HDDS REST traffic on /0.0.0.0:44177 |  
2019-08-20 15:02:31,464 [Thread-345] INFO  ozone.HddsDatanodeService (HddsDatanodeService.java:startPlugins(395)) - Started plug-in org.apache.hadoop.ozone.web.OzoneHddsDatanodeService@3f14f252
2019-08-20 15:02:31,465 [Thread-345] INFO  impl.MetricsSystemImpl (MetricsSystemImpl.java:init(158)) - HddsDatanode metrics system started (again)
2019-08-20 15:02:31,468 [org.apache.hadoop.util.JvmPauseMonitor$Monitor@496e44] INFO  util.JvmPauseMonitor (JvmPauseMonitor.java:run(188)) - Starting JVM pause monitor
2019-08-20 15:02:31,470 [Thread-345] INFO  ozone.HddsDatanodeService (HddsDatanodeService.java:start(184)) - HddsDatanodeService host:pr-hdds-1950-vsl5z-1698008226 ip:192.168.36.99
2019-08-20 15:02:31,472 [Thread-345] INFO  volume.VolumeUsage (VolumeUsage.java:loadScmUsed(144)) - Cached ScmUsed found for /workdir/hadoop-ozone/integration-test/target/test-dir/MiniOzoneClusterImpl-c8129239-5fa4-43d5-9fc3-37839c077eab/datanode-2/data/containers : 4096 
2019-08-20 15:02:31,472 [Thread-345] INFO  volume.HddsVolume (HddsVolume.java:<init>(176)) - Creating Volume: /workdir/hadoop-ozone/integration-test/target/test-dir/MiniOzoneClusterImpl-c8129239-5fa4-43d5-9fc3-37839c077eab/datanode-2/data/containers/hdds of  storage type : DISK and capacity : 1482555576320
2019-08-20 15:02:31,473 [Thread-345] INFO  volume.VolumeSet (VolumeSet.java:initializeVolumeSet(170)) - Added Volume : /workdir/hadoop-ozone/integration-test/target/test-dir/MiniOzoneClusterImpl-c8129239-5fa4-43d5-9fc3-37839c077eab/datanode-2/data/containers/hdds to VolumeSet
2019-08-20 15:02:31,473 [Thread-345] INFO  volume.ThrottledAsyncChecker (ThrottledAsyncChecker.java:schedule(140)) - Scheduling a check for org.apache.hadoop.ozone.container.common.volume.HddsVolume@26f20e73
2019-08-20 15:02:31,473 [Thread-345] INFO  volume.HddsVolumeChecker (HddsVolumeChecker.java:checkAllVolumes(203)) - Scheduled health check for volume org.apache.hadoop.ozone.container.common.volume.HddsVolume@26f20e73
2019-08-20 15:02:31,493 [Thread-345] INFO  impl.RaftServerProxy (ConfUtils.java:logGet(43)) - raft.rpc.type = GRPC (default)
2019-08-20 15:02:31,493 [Thread-345] INFO  grpc.GrpcFactory (GrpcFactory.java:checkPooledByteBufAllocatorUseCacheForAllThreads(45)) - PERFORMANCE WARNING: useCacheForAllThreads is true that may cause Netty to create a lot garbage objects and, as a result, trigger GC.
	It is recommended to disable useCacheForAllThreads by setting -Dorg.apache.ratis.thirdparty.io.netty.allocator.useCacheForAllThreads=false in command line.
2019-08-20 15:02:31,494 [Thread-345] INFO  grpc.GrpcConfigKeys$Server (ConfUtils.java:logGet(43)) - raft.grpc.server.port = 33849 (custom)
2019-08-20 15:02:31,494 [Thread-345] INFO  server.GrpcService (ConfUtils.java:logGet(43)) - raft.grpc.message.size.max = 33570816 (custom)
2019-08-20 15:02:31,494 [Thread-345] INFO  server.RaftServerConfigKeys (ConfUtils.java:logGet(43)) - raft.server.log.appender.buffer.byte-limit = 33554432 (custom)
2019-08-20 15:02:31,494 [Thread-345] INFO  server.GrpcService (ConfUtils.java:logGet(43)) - raft.grpc.flow.control.window = 1MB (=1048576) (default)
2019-08-20 15:02:31,495 [Thread-345] INFO  server.RaftServerConfigKeys (ConfUtils.java:logGet(43)) - raft.server.rpc.request.timeout = 3000ms (default)
2019-08-20 15:02:31,495 [Thread-345] INFO  server.RaftServerConfigKeys (ConfUtils.java:logGet(43)) - raft.server.storage.dir = [/workdir/hadoop-ozone/integration-test/target/test-dir/MiniOzoneClusterImpl-c8129239-5fa4-43d5-9fc3-37839c077eab/datanode-2/data/ratis] (custom)
2019-08-20 15:02:31,496 [Thread-345] INFO  impl.RaftServerProxy (RaftServerProxy.java:lambda$null$0(191)) - de1a53ad-bbb1-4f1c-a870-9fe3ce57e0b8: found a subdirectory /workdir/hadoop-ozone/integration-test/target/test-dir/MiniOzoneClusterImpl-c8129239-5fa4-43d5-9fc3-37839c077eab/datanode-2/data/ratis/043823e9-9887-4d48-bfdd-8b57a3700dab
2019-08-20 15:02:31,496 [Thread-345] INFO  impl.RaftServerProxy (RaftServerProxy.java:addNew(89)) - de1a53ad-bbb1-4f1c-a870-9fe3ce57e0b8: addNew group-8B57A3700DAB:[] returns group-8B57A3700DAB:java.util.concurrent.CompletableFuture@104bb846[Not completed]
2019-08-20 15:02:31,496 [Thread-345] INFO  impl.RaftServerProxy (RaftServerProxy.java:lambda$null$0(191)) - de1a53ad-bbb1-4f1c-a870-9fe3ce57e0b8: found a subdirectory /workdir/hadoop-ozone/integration-test/target/test-dir/MiniOzoneClusterImpl-c8129239-5fa4-43d5-9fc3-37839c077eab/datanode-2/data/ratis/8879b723-97c6-450a-a835-2d00b8cbbccd
2019-08-20 15:02:31,497 [Thread-345] INFO  impl.RaftServerProxy (RaftServerProxy.java:addNew(89)) - de1a53ad-bbb1-4f1c-a870-9fe3ce57e0b8: addNew group-2D00B8CBBCCD:[] returns group-2D00B8CBBCCD:java.util.concurrent.CompletableFuture@1439e8a7[Not completed]
2019-08-20 15:02:31,497 [Thread-345] INFO  replication.SimpleContainerDownloader (SimpleContainerDownloader.java:<init>(72)) - Starting container downloader service to copy containers to replicate.
2019-08-20 15:02:31,500 [pool-170-thread-1] INFO  impl.RaftServerImpl (RaftServerImpl.java:<init>(93)) - de1a53ad-bbb1-4f1c-a870-9fe3ce57e0b8: new RaftServerImpl for group-8B57A3700DAB:[] with ContainerStateMachine:uninitialized
2019-08-20 15:02:31,501 [pool-170-thread-1] INFO  server.RaftServerConfigKeys (ConfUtils.java:logGet(43)) - raft.server.rpc.timeout.min = 5s (custom)
2019-08-20 15:02:31,501 [Thread-345] INFO  hdfs.DFSUtil (DFSUtil.java:httpServerTemplateForNNAndJN(1641)) - Starting Web-server for hddsDatanode at: http://0.0.0.0:37463
2019-08-20 15:02:31,501 [pool-170-thread-1] INFO  server.RaftServerConfigKeys (ConfUtils.java:logGet(43)) - raft.server.rpc.timeout.max = 5200ms (custom)
2019-08-20 15:02:31,501 [pool-170-thread-1] INFO  server.RaftServerConfigKeys (ConfUtils.java:logGet(43)) - raft.server.rpcslowness.timeout = 120s (custom)
2019-08-20 15:02:31,501 [pool-170-thread-1] INFO  server.RaftServerConfigKeys (ConfUtils.java:logGet(43)) - raft.server.sleep.deviation.threshold = 300 (default)
2019-08-20 15:02:31,501 [pool-170-thread-1] INFO  server.RaftServerConfigKeys (ConfUtils.java:logGet(43)) - raft.server.log.appender.install.snapshot.enabled = false (custom)
2019-08-20 15:02:31,501 [pool-170-thread-1] INFO  impl.RaftServerImpl (ServerState.java:<init>(105)) - de1a53ad-bbb1-4f1c-a870-9fe3ce57e0b8:group-8B57A3700DAB ConfigurationManager, init=-1: [], old=null, confs=<EMPTY_MAP>
2019-08-20 15:02:31,502 [pool-170-thread-1] INFO  server.RaftServerConfigKeys (ConfUtils.java:logGet(43)) - raft.server.storage.dir = [/workdir/hadoop-ozone/integration-test/target/test-dir/MiniOzoneClusterImpl-c8129239-5fa4-43d5-9fc3-37839c077eab/datanode-2/data/ratis] (custom)
2019-08-20 15:02:31,503 [Thread-345] INFO  server.AuthenticationFilter (AuthenticationFilter.java:constructSecretProvider(240)) - Unable to initialize FileSignerSecretProvider, falling back to use random secrets.
2019-08-20 15:02:31,503 [Thread-345] WARN  http.HttpRequestLog (HttpRequestLog.java:getRequestLog(97)) - Jetty request log can only be enabled using Log4j
2019-08-20 15:02:31,505 [Thread-345] INFO  http.HttpServer2 (HttpServer2.java:addGlobalFilter(975)) - Added global filter 'safety' (class=org.apache.hadoop.http.HttpServer2$QuotingInputFilter)
2019-08-20 15:02:31,506 [Thread-345] INFO  http.HttpServer2 (HttpServer2.java:addFilter(948)) - Added filter static_user_filter (class=org.apache.hadoop.http.lib.StaticUserWebFilter$StaticUserFilter) to context hddsDatanode
2019-08-20 15:02:31,506 [Thread-345] INFO  http.HttpServer2 (HttpServer2.java:addFilter(958)) - Added filter static_user_filter (class=org.apache.hadoop.http.lib.StaticUserWebFilter$StaticUserFilter) to context static
2019-08-20 15:02:31,506 [Thread-345] INFO  http.HttpServer2 (HttpServer2.java:addFilter(958)) - Added filter static_user_filter (class=org.apache.hadoop.http.lib.StaticUserWebFilter$StaticUserFilter) to context logs
2019-08-20 15:02:31,507 [Thread-345] INFO  http.HttpServer2 (HttpServer2.java:bindListener(1191)) - Jetty bound to port 37463
2019-08-20 15:02:31,507 [Thread-345] INFO  server.Server (Server.java:doStart(351)) - jetty-9.3.24.v20180605, build timestamp: 2018-06-05T17:11:56Z, git hash: 84205aa28f11a4f31f2a3b86d1bba2cc8ab69827
2019-08-20 15:02:31,509 [Thread-345] INFO  handler.ContextHandler (ContextHandler.java:doStart(781)) - Started o.e.j.s.ServletContextHandler@18f94c3f{/logs,file:///workdir/hadoop-ozone/integration-test/target/log,AVAILABLE}
2019-08-20 15:02:31,510 [Thread-345] INFO  handler.ContextHandler (ContextHandler.java:doStart(781)) - Started o.e.j.s.ServletContextHandler@6c6298f1{/static,jar:file:/home/user/.m2/repository/org/apache/hadoop/hadoop-hdds-container-service/0.5.0-SNAPSHOT/hadoop-hdds-container-service-0.5.0-SNAPSHOT.jar!/webapps/static,AVAILABLE}
2019-08-20 15:02:31,538 [Thread-345] INFO  handler.ContextHandler (ContextHandler.java:doStart(781)) - Started o.e.j.w.WebAppContext@5c621bd{/,file:///tmp/jetty-0.0.0.0-37463-hddsDatanode-_-any-6396999408751768373.dir/webapp/,AVAILABLE}{/hddsDatanode}
2019-08-20 15:02:31,539 [Thread-345] INFO  server.AbstractConnector (AbstractConnector.java:doStart(278)) - Started ServerConnector@295aeaa6{HTTP/1.1,[http/1.1]}{0.0.0.0:37463}
2019-08-20 15:02:31,540 [Thread-345] INFO  server.Server (Server.java:doStart(419)) - Started @70389ms
2019-08-20 15:02:31,541 [Thread-345] INFO  server.BaseHttpServer (BaseHttpServer.java:updateConnectorAddress(213)) - HTTP server of HDDSDATANODE is listening at http://0.0.0.0:37463
2019-08-20 15:02:31,762 | INFO  | ObjectStoreRestHttpServer | Listening HDDS REST traffic on /0.0.0.0:44482 |  
2019-08-20 15:02:31,762 [Thread-345] INFO  ozone.HddsDatanodeService (HddsDatanodeService.java:startPlugins(395)) - Started plug-in org.apache.hadoop.ozone.web.OzoneHddsDatanodeService@78097cad
2019-08-20 15:02:31,763 [Thread-345] INFO  pipeline.SCMPipelineManager (SCMPipelineManager.java:finalizeAndDestroyPipeline(309)) - destroying pipeline:Pipeline[ Id: 043823e9-9887-4d48-bfdd-8b57a3700dab, Nodes: 8b1d3c45-464e-411c-9a1c-fa8558034422{ip: 192.168.36.99, host: pr-hdds-1950-vsl5z-1698008226, networkLocation: /default-rack, certSerialId: null}de1a53ad-bbb1-4f1c-a870-9fe3ce57e0b8{ip: 192.168.36.99, host: pr-hdds-1950-vsl5z-1698008226, networkLocation: /default-rack, certSerialId: null}5c23d56f-781b-40f4-b763-dd6ad64f36ec{ip: 192.168.36.99, host: pr-hdds-1950-vsl5z-1698008226, networkLocation: /default-rack, certSerialId: null}, Type:RATIS, Factor:THREE, State:OPEN]
2019-08-20 15:02:31,764 [org.apache.hadoop.util.JvmPauseMonitor$Monitor@4c1c917] INFO  util.JvmPauseMonitor (JvmPauseMonitor.java:run(188)) - Starting JVM pause monitor
2019-08-20 15:02:31,771 [Thread-345] WARN  pipeline.RatisPipelineUtils (RatisPipelineUtils.java:destroyPipeline(66)) - Pipeline destroy failed for pipeline=PipelineID=043823e9-9887-4d48-bfdd-8b57a3700dab dn=8b1d3c45-464e-411c-9a1c-fa8558034422{ip: 192.168.36.99, host: pr-hdds-1950-vsl5z-1698008226, networkLocation: /default-rack, certSerialId: null}
2019-08-20 15:02:31,775 [Thread-345] WARN  pipeline.RatisPipelineUtils (RatisPipelineUtils.java:destroyPipeline(66)) - Pipeline destroy failed for pipeline=PipelineID=043823e9-9887-4d48-bfdd-8b57a3700dab dn=de1a53ad-bbb1-4f1c-a870-9fe3ce57e0b8{ip: 192.168.36.99, host: pr-hdds-1950-vsl5z-1698008226, networkLocation: /default-rack, certSerialId: null}
2019-08-20 15:02:31,779 [Thread-345] WARN  pipeline.RatisPipelineUtils (RatisPipelineUtils.java:destroyPipeline(66)) - Pipeline destroy failed for pipeline=PipelineID=043823e9-9887-4d48-bfdd-8b57a3700dab dn=5c23d56f-781b-40f4-b763-dd6ad64f36ec{ip: 192.168.36.99, host: pr-hdds-1950-vsl5z-1698008226, networkLocation: /default-rack, certSerialId: null}
2019-08-20 15:02:31,779 [Thread-345] INFO  pipeline.PipelineStateManager (PipelineStateManager.java:removePipeline(108)) - Pipeline Pipeline[ Id: 043823e9-9887-4d48-bfdd-8b57a3700dab, Nodes: 8b1d3c45-464e-411c-9a1c-fa8558034422{ip: 192.168.36.99, host: pr-hdds-1950-vsl5z-1698008226, networkLocation: /default-rack, certSerialId: null}de1a53ad-bbb1-4f1c-a870-9fe3ce57e0b8{ip: 192.168.36.99, host: pr-hdds-1950-vsl5z-1698008226, networkLocation: /default-rack, certSerialId: null}5c23d56f-781b-40f4-b763-dd6ad64f36ec{ip: 192.168.36.99, host: pr-hdds-1950-vsl5z-1698008226, networkLocation: /default-rack, certSerialId: null}, Type:RATIS, Factor:THREE, State:CLOSED] removed from db
2019-08-20 15:02:31,844 [pool-148-thread-1] INFO  storage.RaftStorageDirectory (RaftStorageDirectory.java:tryLock(328)) - Lock on /workdir/hadoop-ozone/integration-test/target/test-dir/MiniOzoneClusterImpl-c8129239-5fa4-43d5-9fc3-37839c077eab/datanode-0/data/ratis/043823e9-9887-4d48-bfdd-8b57a3700dab/in_use.lock acquired by nodename 4043@pr-hdds-1950-vsl5z-1698008226
2019-08-20 15:02:31,844 [pool-170-thread-1] INFO  storage.RaftStorageDirectory (RaftStorageDirectory.java:tryLock(328)) - Lock on /workdir/hadoop-ozone/integration-test/target/test-dir/MiniOzoneClusterImpl-c8129239-5fa4-43d5-9fc3-37839c077eab/datanode-2/data/ratis/043823e9-9887-4d48-bfdd-8b57a3700dab/in_use.lock acquired by nodename 4043@pr-hdds-1950-vsl5z-1698008226
2019-08-20 15:02:31,844 [pool-159-thread-1] INFO  storage.RaftStorageDirectory (RaftStorageDirectory.java:tryLock(328)) - Lock on /workdir/hadoop-ozone/integration-test/target/test-dir/MiniOzoneClusterImpl-c8129239-5fa4-43d5-9fc3-37839c077eab/datanode-1/data/ratis/043823e9-9887-4d48-bfdd-8b57a3700dab/in_use.lock acquired by nodename 4043@pr-hdds-1950-vsl5z-1698008226
2019-08-20 15:02:31,846 [pool-148-thread-1] INFO  ratis.ContainerStateMachine (ContainerStateMachine.java:loadSnapshot(222)) - group-8B57A3700DAB: The snapshot info is null. Setting the last applied indexto:(t:0, i:~)
2019-08-20 15:02:31,846 [pool-170-thread-1] INFO  ratis.ContainerStateMachine (ContainerStateMachine.java:loadSnapshot(222)) - group-8B57A3700DAB: The snapshot info is null. Setting the last applied indexto:(t:0, i:~)
2019-08-20 15:02:31,846 [pool-159-thread-1] INFO  ratis.ContainerStateMachine (ContainerStateMachine.java:loadSnapshot(222)) - group-8B57A3700DAB: The snapshot info is null. Setting the last applied indexto:(t:0, i:~)
2019-08-20 15:02:31,846 [pool-170-thread-1] INFO  server.RaftServerConfigKeys (ConfUtils.java:logGet(43)) - raft.server.leader.election.timeout = 120s (custom)
2019-08-20 15:02:31,846 [pool-148-thread-1] INFO  server.RaftServerConfigKeys (ConfUtils.java:logGet(43)) - raft.server.leader.election.timeout = 120s (custom)
2019-08-20 15:02:31,846 [pool-170-thread-1] INFO  server.RaftServerConfigKeys (ConfUtils.java:logGet(43)) - raft.server.log.use.memory = false (default)
2019-08-20 15:02:31,846 [pool-159-thread-1] INFO  server.RaftServerConfigKeys (ConfUtils.java:logGet(43)) - raft.server.leader.election.timeout = 120s (custom)
2019-08-20 15:02:31,846 [pool-170-thread-1] INFO  server.RaftServerConfigKeys (ConfUtils.java:logGet(43)) - raft.server.log.purge.gap = 1000000 (custom)
2019-08-20 15:02:31,846 [pool-148-thread-1] INFO  server.RaftServerConfigKeys (ConfUtils.java:logGet(43)) - raft.server.log.use.memory = false (default)
2019-08-20 15:02:31,847 [pool-170-thread-1] INFO  server.RaftServerConfigKeys (ConfUtils.java:logGet(43)) - raft.server.log.appender.buffer.byte-limit = 33554432 (custom)
2019-08-20 15:02:31,847 [pool-159-thread-1] INFO  server.RaftServerConfigKeys (ConfUtils.java:logGet(43)) - raft.server.log.use.memory = false (default)
2019-08-20 15:02:31,847 [pool-170-thread-1] INFO  server.RaftServerConfigKeys (ConfUtils.java:logGet(43)) - raft.server.log.segment.size.max = 1048576 (custom)
2019-08-20 15:02:31,847 [pool-148-thread-1] INFO  server.RaftServerConfigKeys (ConfUtils.java:logGet(43)) - raft.server.log.purge.gap = 1000000 (custom)
2019-08-20 15:02:31,847 [pool-170-thread-1] INFO  server.RaftServerConfigKeys (ConfUtils.java:logGet(43)) - raft.server.log.segment.cache.num.max = 2 (custom)
2019-08-20 15:02:31,847 [pool-159-thread-1] INFO  server.RaftServerConfigKeys (ConfUtils.java:logGet(43)) - raft.server.log.purge.gap = 1000000 (custom)
2019-08-20 15:02:31,847 [pool-170-thread-1] INFO  segmented.SegmentedRaftLogWorker (SegmentedRaftLogWorker.java:<init>(172)) - new de1a53ad-bbb1-4f1c-a870-9fe3ce57e0b8-SegmentedRaftLogWorker:Storage Directory /workdir/hadoop-ozone/integration-test/target/test-dir/MiniOzoneClusterImpl-c8129239-5fa4-43d5-9fc3-37839c077eab/datanode-2/data/ratis/043823e9-9887-4d48-bfdd-8b57a3700dab for RaftStorage:Storage Directory /workdir/hadoop-ozone/integration-test/target/test-dir/MiniOzoneClusterImpl-c8129239-5fa4-43d5-9fc3-37839c077eab/datanode-2/data/ratis/043823e9-9887-4d48-bfdd-8b57a3700dab
2019-08-20 15:02:31,847 [pool-148-thread-1] INFO  server.RaftServerConfigKeys (ConfUtils.java:logGet(43)) - raft.server.log.appender.buffer.byte-limit = 33554432 (custom)
2019-08-20 15:02:31,848 [pool-170-thread-1] INFO  server.RaftServerConfigKeys (ConfUtils.java:logGet(43)) - raft.server.log.queue.byte-limit = 2147483647 (custom)
2019-08-20 15:02:31,848 [pool-159-thread-1] INFO  server.RaftServerConfigKeys (ConfUtils.java:logGet(43)) - raft.server.log.appender.buffer.byte-limit = 33554432 (custom)
2019-08-20 15:02:31,848 [pool-170-thread-1] INFO  server.RaftServerConfigKeys (ConfUtils.java:logGet(43)) - raft.server.log.queue.element-limit = 1024 (custom)
2019-08-20 15:02:31,848 [pool-148-thread-1] INFO  server.RaftServerConfigKeys (ConfUtils.java:logGet(43)) - raft.server.log.segment.size.max = 1048576 (custom)
2019-08-20 15:02:31,848 [pool-170-thread-1] INFO  server.RaftServerConfigKeys (ConfUtils.java:logGet(43)) - raft.server.log.segment.size.max = 1048576 (custom)
2019-08-20 15:02:31,848 [pool-159-thread-1] INFO  server.RaftServerConfigKeys (ConfUtils.java:logGet(43)) - raft.server.log.segment.size.max = 1048576 (custom)
2019-08-20 15:02:31,848 [pool-170-thread-1] INFO  server.RaftServerConfigKeys (ConfUtils.java:logGet(43)) - raft.server.log.preallocated.size = 16384 (custom)
2019-08-20 15:02:31,848 [pool-148-thread-1] INFO  server.RaftServerConfigKeys (ConfUtils.java:logGet(43)) - raft.server.log.segment.cache.num.max = 2 (custom)
2019-08-20 15:02:31,849 [pool-170-thread-1] INFO  server.RaftServerConfigKeys (ConfUtils.java:logGet(43)) - raft.server.log.write.buffer.size = 33554432 (custom)
2019-08-20 15:02:31,849 [pool-159-thread-1] INFO  server.RaftServerConfigKeys (ConfUtils.java:logGet(43)) - raft.server.log.segment.cache.num.max = 2 (custom)
2019-08-20 15:02:31,849 [pool-170-thread-1] INFO  server.RaftServerConfigKeys (ConfUtils.java:logGet(43)) - raft.server.log.force.sync.num = 128 (default)
2019-08-20 15:02:31,849 [pool-148-thread-1] INFO  segmented.SegmentedRaftLogWorker (SegmentedRaftLogWorker.java:<init>(172)) - new 8b1d3c45-464e-411c-9a1c-fa8558034422-SegmentedRaftLogWorker:Storage Directory /workdir/hadoop-ozone/integration-test/target/test-dir/MiniOzoneClusterImpl-c8129239-5fa4-43d5-9fc3-37839c077eab/datanode-0/data/ratis/043823e9-9887-4d48-bfdd-8b57a3700dab for RaftStorage:Storage Directory /workdir/hadoop-ozone/integration-test/target/test-dir/MiniOzoneClusterImpl-c8129239-5fa4-43d5-9fc3-37839c077eab/datanode-0/data/ratis/043823e9-9887-4d48-bfdd-8b57a3700dab
2019-08-20 15:02:31,849 [pool-170-thread-1] INFO  server.RaftServerConfigKeys (ConfUtils.java:logGet(43)) - raft.server.log.statemachine.data.sync = true (default)
2019-08-20 15:02:31,849 [pool-159-thread-1] INFO  segmented.SegmentedRaftLogWorker (SegmentedRaftLogWorker.java:<init>(172)) - new 5c23d56f-781b-40f4-b763-dd6ad64f36ec-SegmentedRaftLogWorker:Storage Directory /workdir/hadoop-ozone/integration-test/target/test-dir/MiniOzoneClusterImpl-c8129239-5fa4-43d5-9fc3-37839c077eab/datanode-1/data/ratis/043823e9-9887-4d48-bfdd-8b57a3700dab for RaftStorage:Storage Directory /workdir/hadoop-ozone/integration-test/target/test-dir/MiniOzoneClusterImpl-c8129239-5fa4-43d5-9fc3-37839c077eab/datanode-1/data/ratis/043823e9-9887-4d48-bfdd-8b57a3700dab
2019-08-20 15:02:31,850 [pool-170-thread-1] INFO  server.RaftServerConfigKeys (ConfUtils.java:logGet(43)) - raft.server.log.statemachine.data.sync.timeout = 10s (default)
2019-08-20 15:02:31,849 [pool-148-thread-1] INFO  server.RaftServerConfigKeys (ConfUtils.java:logGet(43)) - raft.server.log.queue.byte-limit = 2147483647 (custom)
2019-08-20 15:02:31,850 [pool-170-thread-1] INFO  server.RaftServerConfigKeys (ConfUtils.java:logGet(43)) - raft.server.log.statemachine.data.sync.timeout.retry = -1 (default)
2019-08-20 15:02:31,850 [pool-159-thread-1] INFO  server.RaftServerConfigKeys (ConfUtils.java:logGet(43)) - raft.server.log.queue.byte-limit = 2147483647 (custom)
2019-08-20 15:02:31,850 [pool-170-thread-1] INFO  server.RaftServerConfigKeys (ConfUtils.java:logGet(43)) - raft.server.log.statemachine.data.caching.enabled = true (custom)
2019-08-20 15:02:31,850 [pool-148-thread-1] INFO  server.RaftServerConfigKeys (ConfUtils.java:logGet(43)) - raft.server.log.queue.element-limit = 1024 (custom)
2019-08-20 15:02:31,850 [pool-159-thread-1] INFO  server.RaftServerConfigKeys (ConfUtils.java:logGet(43)) - raft.server.log.queue.element-limit = 1024 (custom)
2019-08-20 15:02:31,851 [pool-170-thread-1] INFO  segmented.SegmentedRaftLogWorker (SegmentedRaftLogWorker.java:lambda$new$0(132)) - de1a53ad-bbb1-4f1c-a870-9fe3ce57e0b8-SegmentedRaftLogWorker:Storage Directory /workdir/hadoop-ozone/integration-test/target/test-dir/MiniOzoneClusterImpl-c8129239-5fa4-43d5-9fc3-37839c077eab/datanode-2/data/ratis/043823e9-9887-4d48-bfdd-8b57a3700dab: flushIndex: setUnconditionally 0 -> -1
2019-08-20 15:02:31,850 [pool-148-thread-1] INFO  server.RaftServerConfigKeys (ConfUtils.java:logGet(43)) - raft.server.log.segment.size.max = 1048576 (custom)
2019-08-20 15:02:31,851 [pool-159-thread-1] INFO  server.RaftServerConfigKeys (ConfUtils.java:logGet(43)) - raft.server.log.segment.size.max = 1048576 (custom)
2019-08-20 15:02:31,851 [pool-148-thread-1] INFO  server.RaftServerConfigKeys (ConfUtils.java:logGet(43)) - raft.server.log.preallocated.size = 16384 (custom)
2019-08-20 15:02:31,851 [pool-170-thread-1] INFO  server.RaftServerConfigKeys (ConfUtils.java:logGet(43)) - raft.server.snapshot.auto.trigger.enabled = true (custom)
2019-08-20 15:02:31,851 [pool-159-thread-1] INFO  server.RaftServerConfigKeys (ConfUtils.java:logGet(43)) - raft.server.log.preallocated.size = 16384 (custom)
2019-08-20 15:02:31,851 [pool-170-thread-1] INFO  server.RaftServerConfigKeys (ConfUtils.java:logGet(43)) - raft.server.snapshot.auto.trigger.threshold = 10000 (custom)
2019-08-20 15:02:31,851 [pool-148-thread-1] INFO  server.RaftServerConfigKeys (ConfUtils.java:logGet(43)) - raft.server.log.write.buffer.size = 33554432 (custom)
2019-08-20 15:02:31,852 [pool-170-thread-1] INFO  server.RaftServerConfigKeys (ConfUtils.java:logGet(43)) - raft.server.retrycache.expirytime = 600000ms (custom)
2019-08-20 15:02:31,851 [pool-159-thread-1] INFO  server.RaftServerConfigKeys (ConfUtils.java:logGet(43)) - raft.server.log.write.buffer.size = 33554432 (custom)
2019-08-20 15:02:31,852 [pool-148-thread-1] INFO  server.RaftServerConfigKeys (ConfUtils.java:logGet(43)) - raft.server.log.force.sync.num = 128 (default)
2019-08-20 15:02:31,852 [pool-159-thread-1] INFO  server.RaftServerConfigKeys (ConfUtils.java:logGet(43)) - raft.server.log.force.sync.num = 128 (default)
2019-08-20 15:02:31,852 [pool-148-thread-1] INFO  server.RaftServerConfigKeys (ConfUtils.java:logGet(43)) - raft.server.log.statemachine.data.sync = true (default)
2019-08-20 15:02:31,852 [pool-159-thread-1] INFO  server.RaftServerConfigKeys (ConfUtils.java:logGet(43)) - raft.server.log.statemachine.data.sync = true (default)
2019-08-20 15:02:31,852 [pool-148-thread-1] INFO  server.RaftServerConfigKeys (ConfUtils.java:logGet(43)) - raft.server.log.statemachine.data.sync.timeout = 10s (default)
2019-08-20 15:02:31,852 [pool-159-thread-1] INFO  server.RaftServerConfigKeys (ConfUtils.java:logGet(43)) - raft.server.log.statemachine.data.sync.timeout = 10s (default)
2019-08-20 15:02:31,852 [pool-148-thread-1] INFO  server.RaftServerConfigKeys (ConfUtils.java:logGet(43)) - raft.server.log.statemachine.data.sync.timeout.retry = -1 (default)
2019-08-20 15:02:31,853 [pool-159-thread-1] INFO  server.RaftServerConfigKeys (ConfUtils.java:logGet(43)) - raft.server.log.statemachine.data.sync.timeout.retry = -1 (default)
2019-08-20 15:02:31,853 [pool-148-thread-1] INFO  server.RaftServerConfigKeys (ConfUtils.java:logGet(43)) - raft.server.log.statemachine.data.caching.enabled = true (custom)
2019-08-20 15:02:31,853 [pool-159-thread-1] INFO  server.RaftServerConfigKeys (ConfUtils.java:logGet(43)) - raft.server.log.statemachine.data.caching.enabled = true (custom)
2019-08-20 15:02:31,853 [pool-148-thread-1] INFO  segmented.SegmentedRaftLogWorker (SegmentedRaftLogWorker.java:lambda$new$0(132)) - 8b1d3c45-464e-411c-9a1c-fa8558034422-SegmentedRaftLogWorker:Storage Directory /workdir/hadoop-ozone/integration-test/target/test-dir/MiniOzoneClusterImpl-c8129239-5fa4-43d5-9fc3-37839c077eab/datanode-0/data/ratis/043823e9-9887-4d48-bfdd-8b57a3700dab: flushIndex: setUnconditionally 0 -> -1
2019-08-20 15:02:31,853 [pool-159-thread-1] INFO  segmented.SegmentedRaftLogWorker (SegmentedRaftLogWorker.java:lambda$new$0(132)) - 5c23d56f-781b-40f4-b763-dd6ad64f36ec-SegmentedRaftLogWorker:Storage Directory /workdir/hadoop-ozone/integration-test/target/test-dir/MiniOzoneClusterImpl-c8129239-5fa4-43d5-9fc3-37839c077eab/datanode-1/data/ratis/043823e9-9887-4d48-bfdd-8b57a3700dab: flushIndex: setUnconditionally 0 -> -1
2019-08-20 15:02:31,854 [pool-170-thread-1] INFO  impl.RaftServerImpl (RaftServerImpl.java:<init>(93)) - de1a53ad-bbb1-4f1c-a870-9fe3ce57e0b8: new RaftServerImpl for group-2D00B8CBBCCD:[] with ContainerStateMachine:uninitialized
2019-08-20 15:02:31,854 [pool-148-thread-1] INFO  server.RaftServerConfigKeys (ConfUtils.java:logGet(43)) - raft.server.snapshot.auto.trigger.enabled = true (custom)
2019-08-20 15:02:31,854 [pool-170-thread-1] INFO  server.RaftServerConfigKeys (ConfUtils.java:logGet(43)) - raft.server.rpc.timeout.min = 5s (custom)
2019-08-20 15:02:31,854 [pool-159-thread-1] INFO  server.RaftServerConfigKeys (ConfUtils.java:logGet(43)) - raft.server.snapshot.auto.trigger.enabled = true (custom)
2019-08-20 15:02:31,854 [pool-170-thread-1] INFO  server.RaftServerConfigKeys (ConfUtils.java:logGet(43)) - raft.server.rpc.timeout.max = 5200ms (custom)
2019-08-20 15:02:31,854 [pool-148-thread-1] INFO  server.RaftServerConfigKeys (ConfUtils.java:logGet(43)) - raft.server.snapshot.auto.trigger.threshold = 10000 (custom)
2019-08-20 15:02:31,854 [pool-170-thread-1] INFO  server.RaftServerConfigKeys (ConfUtils.java:logGet(43)) - raft.server.rpcslowness.timeout = 120s (custom)
2019-08-20 15:02:31,854 [pool-148-thread-1] INFO  server.RaftServerConfigKeys (ConfUtils.java:logGet(43)) - raft.server.retrycache.expirytime = 600000ms (custom)
2019-08-20 15:02:31,854 [pool-159-thread-1] INFO  server.RaftServerConfigKeys (ConfUtils.java:logGet(43)) - raft.server.snapshot.auto.trigger.threshold = 10000 (custom)
2019-08-20 15:02:31,854 [pool-170-thread-1] INFO  server.RaftServerConfigKeys (ConfUtils.java:logGet(43)) - raft.server.sleep.deviation.threshold = 300 (default)
2019-08-20 15:02:31,855 [pool-159-thread-1] INFO  server.RaftServerConfigKeys (ConfUtils.java:logGet(43)) - raft.server.retrycache.expirytime = 600000ms (custom)
2019-08-20 15:02:31,855 [pool-170-thread-1] INFO  server.RaftServerConfigKeys (ConfUtils.java:logGet(43)) - raft.server.log.appender.install.snapshot.enabled = false (custom)
2019-08-20 15:02:31,855 [pool-170-thread-1] INFO  impl.RaftServerImpl (ServerState.java:<init>(105)) - de1a53ad-bbb1-4f1c-a870-9fe3ce57e0b8:group-2D00B8CBBCCD ConfigurationManager, init=-1: [], old=null, confs=<EMPTY_MAP>
2019-08-20 15:02:31,855 [pool-170-thread-1] INFO  server.RaftServerConfigKeys (ConfUtils.java:logGet(43)) - raft.server.storage.dir = [/workdir/hadoop-ozone/integration-test/target/test-dir/MiniOzoneClusterImpl-c8129239-5fa4-43d5-9fc3-37839c077eab/datanode-2/data/ratis] (custom)
2019-08-20 15:02:31,856 [pool-148-thread-1] INFO  impl.RaftServerImpl (RaftServerImpl.java:<init>(93)) - 8b1d3c45-464e-411c-9a1c-fa8558034422: new RaftServerImpl for group-E3DF211A7B49:[] with ContainerStateMachine:uninitialized
2019-08-20 15:02:31,857 [pool-148-thread-1] INFO  server.RaftServerConfigKeys (ConfUtils.java:logGet(43)) - raft.server.rpc.timeout.min = 5s (custom)
2019-08-20 15:02:31,857 [pool-148-thread-1] INFO  server.RaftServerConfigKeys (ConfUtils.java:logGet(43)) - raft.server.rpc.timeout.max = 5200ms (custom)
2019-08-20 15:02:31,857 [pool-148-thread-1] INFO  server.RaftServerConfigKeys (ConfUtils.java:logGet(43)) - raft.server.rpcslowness.timeout = 120s (custom)
2019-08-20 15:02:31,857 [pool-159-thread-1] INFO  impl.RaftServerImpl (RaftServerImpl.java:<init>(93)) - 5c23d56f-781b-40f4-b763-dd6ad64f36ec: new RaftServerImpl for group-A21C6EDDB2E2:[] with ContainerStateMachine:uninitialized
2019-08-20 15:02:31,857 [pool-148-thread-1] INFO  server.RaftServerConfigKeys (ConfUtils.java:logGet(43)) - raft.server.sleep.deviation.threshold = 300 (default)
2019-08-20 15:02:31,857 [pool-159-thread-1] INFO  server.RaftServerConfigKeys (ConfUtils.java:logGet(43)) - raft.server.rpc.timeout.min = 5s (custom)
2019-08-20 15:02:31,857 [pool-148-thread-1] INFO  server.RaftServerConfigKeys (ConfUtils.java:logGet(43)) - raft.server.log.appender.install.snapshot.enabled = false (custom)
2019-08-20 15:02:31,857 [pool-159-thread-1] INFO  server.RaftServerConfigKeys (ConfUtils.java:logGet(43)) - raft.server.rpc.timeout.max = 5200ms (custom)
2019-08-20 15:02:31,857 [pool-148-thread-1] INFO  impl.RaftServerImpl (ServerState.java:<init>(105)) - 8b1d3c45-464e-411c-9a1c-fa8558034422:group-E3DF211A7B49 ConfigurationManager, init=-1: [], old=null, confs=<EMPTY_MAP>
2019-08-20 15:02:31,857 [pool-159-thread-1] INFO  server.RaftServerConfigKeys (ConfUtils.java:logGet(43)) - raft.server.rpcslowness.timeout = 120s (custom)
2019-08-20 15:02:31,858 [pool-148-thread-1] INFO  server.RaftServerConfigKeys (ConfUtils.java:logGet(43)) - raft.server.storage.dir = [/workdir/hadoop-ozone/integration-test/target/test-dir/MiniOzoneClusterImpl-c8129239-5fa4-43d5-9fc3-37839c077eab/datanode-0/data/ratis] (custom)
2019-08-20 15:02:31,858 [pool-159-thread-1] INFO  server.RaftServerConfigKeys (ConfUtils.java:logGet(43)) - raft.server.sleep.deviation.threshold = 300 (default)
2019-08-20 15:02:31,858 [pool-159-thread-1] INFO  server.RaftServerConfigKeys (ConfUtils.java:logGet(43)) - raft.server.log.appender.install.snapshot.enabled = false (custom)
2019-08-20 15:02:31,858 [pool-159-thread-1] INFO  impl.RaftServerImpl (ServerState.java:<init>(105)) - 5c23d56f-781b-40f4-b763-dd6ad64f36ec:group-A21C6EDDB2E2 ConfigurationManager, init=-1: [], old=null, confs=<EMPTY_MAP>
2019-08-20 15:02:31,858 [pool-159-thread-1] INFO  server.RaftServerConfigKeys (ConfUtils.java:logGet(43)) - raft.server.storage.dir = [/workdir/hadoop-ozone/integration-test/target/test-dir/MiniOzoneClusterImpl-c8129239-5fa4-43d5-9fc3-37839c077eab/datanode-1/data/ratis] (custom)
2019-08-20 15:02:31,879 [pool-148-thread-1] INFO  storage.RaftStorageDirectory (RaftStorageDirectory.java:tryLock(328)) - Lock on /workdir/hadoop-ozone/integration-test/target/test-dir/MiniOzoneClusterImpl-c8129239-5fa4-43d5-9fc3-37839c077eab/datanode-0/data/ratis/615fe691-4d1f-4cfb-b3ca-e3df211a7b49/in_use.lock acquired by nodename 4043@pr-hdds-1950-vsl5z-1698008226
2019-08-20 15:02:31,879 [pool-159-thread-1] INFO  storage.RaftStorageDirectory (RaftStorageDirectory.java:tryLock(328)) - Lock on /workdir/hadoop-ozone/integration-test/target/test-dir/MiniOzoneClusterImpl-c8129239-5fa4-43d5-9fc3-37839c077eab/datanode-1/data/ratis/7cfdef7b-3c15-4f53-9603-a21c6eddb2e2/in_use.lock acquired by nodename 4043@pr-hdds-1950-vsl5z-1698008226
2019-08-20 15:02:31,879 [pool-170-thread-1] INFO  storage.RaftStorageDirectory (RaftStorageDirectory.java:tryLock(328)) - Lock on /workdir/hadoop-ozone/integration-test/target/test-dir/MiniOzoneClusterImpl-c8129239-5fa4-43d5-9fc3-37839c077eab/datanode-2/data/ratis/8879b723-97c6-450a-a835-2d00b8cbbccd/in_use.lock acquired by nodename 4043@pr-hdds-1950-vsl5z-1698008226
2019-08-20 15:02:31,880 [pool-148-thread-1] INFO  ratis.ContainerStateMachine (ContainerStateMachine.java:loadSnapshot(222)) - group-E3DF211A7B49: The snapshot info is null. Setting the last applied indexto:(t:0, i:~)
2019-08-20 15:02:31,880 [pool-159-thread-1] INFO  ratis.ContainerStateMachine (ContainerStateMachine.java:loadSnapshot(222)) - group-A21C6EDDB2E2: The snapshot info is null. Setting the last applied indexto:(t:0, i:~)
2019-08-20 15:02:31,880 [pool-148-thread-1] INFO  server.RaftServerConfigKeys (ConfUtils.java:logGet(43)) - raft.server.leader.election.timeout = 120s (custom)
2019-08-20 15:02:31,880 [pool-170-thread-1] INFO  ratis.ContainerStateMachine (ContainerStateMachine.java:loadSnapshot(222)) - group-2D00B8CBBCCD: The snapshot info is null. Setting the last applied indexto:(t:0, i:~)
2019-08-20 15:02:31,880 [pool-148-thread-1] INFO  server.RaftServerConfigKeys (ConfUtils.java:logGet(43)) - raft.server.log.use.memory = false (default)
2019-08-20 15:02:31,880 [pool-159-thread-1] INFO  server.RaftServerConfigKeys (ConfUtils.java:logGet(43)) - raft.server.leader.election.timeout = 120s (custom)
2019-08-20 15:02:31,881 [pool-148-thread-1] INFO  server.RaftServerConfigKeys (ConfUtils.java:logGet(43)) - raft.server.log.purge.gap = 1000000 (custom)
2019-08-20 15:02:31,880 [pool-170-thread-1] INFO  server.RaftServerConfigKeys (ConfUtils.java:logGet(43)) - raft.server.leader.election.timeout = 120s (custom)
2019-08-20 15:02:31,881 [pool-148-thread-1] INFO  server.RaftServerConfigKeys (ConfUtils.java:logGet(43)) - raft.server.log.appender.buffer.byte-limit = 33554432 (custom)
2019-08-20 15:02:31,881 [pool-159-thread-1] INFO  server.RaftServerConfigKeys (ConfUtils.java:logGet(43)) - raft.server.log.use.memory = false (default)
2019-08-20 15:02:31,881 [pool-148-thread-1] INFO  server.RaftServerConfigKeys (ConfUtils.java:logGet(43)) - raft.server.log.segment.size.max = 1048576 (custom)
2019-08-20 15:02:31,881 [pool-170-thread-1] INFO  server.RaftServerConfigKeys (ConfUtils.java:logGet(43)) - raft.server.log.use.memory = false (default)
2019-08-20 15:02:31,882 [pool-148-thread-1] INFO  server.RaftServerConfigKeys (ConfUtils.java:logGet(43)) - raft.server.log.segment.cache.num.max = 2 (custom)
2019-08-20 15:02:31,882 [pool-159-thread-1] INFO  server.RaftServerConfigKeys (ConfUtils.java:logGet(43)) - raft.server.log.purge.gap = 1000000 (custom)
2019-08-20 15:02:31,882 [pool-148-thread-1] INFO  segmented.SegmentedRaftLogWorker (SegmentedRaftLogWorker.java:<init>(172)) - new 8b1d3c45-464e-411c-9a1c-fa8558034422-SegmentedRaftLogWorker:Storage Directory /workdir/hadoop-ozone/integration-test/target/test-dir/MiniOzoneClusterImpl-c8129239-5fa4-43d5-9fc3-37839c077eab/datanode-0/data/ratis/615fe691-4d1f-4cfb-b3ca-e3df211a7b49 for RaftStorage:Storage Directory /workdir/hadoop-ozone/integration-test/target/test-dir/MiniOzoneClusterImpl-c8129239-5fa4-43d5-9fc3-37839c077eab/datanode-0/data/ratis/615fe691-4d1f-4cfb-b3ca-e3df211a7b49
2019-08-20 15:02:31,882 [pool-170-thread-1] INFO  server.RaftServerConfigKeys (ConfUtils.java:logGet(43)) - raft.server.log.purge.gap = 1000000 (custom)
2019-08-20 15:02:31,882 [pool-148-thread-1] INFO  server.RaftServerConfigKeys (ConfUtils.java:logGet(43)) - raft.server.log.queue.byte-limit = 2147483647 (custom)
2019-08-20 15:02:31,882 [pool-159-thread-1] INFO  server.RaftServerConfigKeys (ConfUtils.java:logGet(43)) - raft.server.log.appender.buffer.byte-limit = 33554432 (custom)
2019-08-20 15:02:31,883 [pool-148-thread-1] INFO  server.RaftServerConfigKeys (ConfUtils.java:logGet(43)) - raft.server.log.queue.element-limit = 1024 (custom)
2019-08-20 15:02:31,882 [pool-170-thread-1] INFO  server.RaftServerConfigKeys (ConfUtils.java:logGet(43)) - raft.server.log.appender.buffer.byte-limit = 33554432 (custom)
2019-08-20 15:02:31,883 [pool-148-thread-1] INFO  server.RaftServerConfigKeys (ConfUtils.java:logGet(43)) - raft.server.log.segment.size.max = 1048576 (custom)
2019-08-20 15:02:31,883 [pool-159-thread-1] INFO  server.RaftServerConfigKeys (ConfUtils.java:logGet(43)) - raft.server.log.segment.size.max = 1048576 (custom)
2019-08-20 15:02:31,883 [pool-148-thread-1] INFO  server.RaftServerConfigKeys (ConfUtils.java:logGet(43)) - raft.server.log.preallocated.size = 16384 (custom)
2019-08-20 15:02:31,883 [pool-170-thread-1] INFO  server.RaftServerConfigKeys (ConfUtils.java:logGet(43)) - raft.server.log.segment.size.max = 1048576 (custom)
2019-08-20 15:02:31,884 [pool-148-thread-1] INFO  server.RaftServerConfigKeys (ConfUtils.java:logGet(43)) - raft.server.log.write.buffer.size = 33554432 (custom)
2019-08-20 15:02:31,884 [pool-159-thread-1] INFO  server.RaftServerConfigKeys (ConfUtils.java:logGet(43)) - raft.server.log.segment.cache.num.max = 2 (custom)
2019-08-20 15:02:31,884 [pool-148-thread-1] INFO  server.RaftServerConfigKeys (ConfUtils.java:logGet(43)) - raft.server.log.force.sync.num = 128 (default)
2019-08-20 15:02:31,884 [pool-170-thread-1] INFO  server.RaftServerConfigKeys (ConfUtils.java:logGet(43)) - raft.server.log.segment.cache.num.max = 2 (custom)
2019-08-20 15:02:31,884 [pool-148-thread-1] INFO  server.RaftServerConfigKeys (ConfUtils.java:logGet(43)) - raft.server.log.statemachine.data.sync = true (default)
2019-08-20 15:02:31,884 [pool-159-thread-1] INFO  segmented.SegmentedRaftLogWorker (SegmentedRaftLogWorker.java:<init>(172)) - new 5c23d56f-781b-40f4-b763-dd6ad64f36ec-SegmentedRaftLogWorker:Storage Directory /workdir/hadoop-ozone/integration-test/target/test-dir/MiniOzoneClusterImpl-c8129239-5fa4-43d5-9fc3-37839c077eab/datanode-1/data/ratis/7cfdef7b-3c15-4f53-9603-a21c6eddb2e2 for RaftStorage:Storage Directory /workdir/hadoop-ozone/integration-test/target/test-dir/MiniOzoneClusterImpl-c8129239-5fa4-43d5-9fc3-37839c077eab/datanode-1/data/ratis/7cfdef7b-3c15-4f53-9603-a21c6eddb2e2
2019-08-20 15:02:31,884 [pool-148-thread-1] INFO  server.RaftServerConfigKeys (ConfUtils.java:logGet(43)) - raft.server.log.statemachine.data.sync.timeout = 10s (default)
2019-08-20 15:02:31,884 [pool-170-thread-1] INFO  segmented.SegmentedRaftLogWorker (SegmentedRaftLogWorker.java:<init>(172)) - new de1a53ad-bbb1-4f1c-a870-9fe3ce57e0b8-SegmentedRaftLogWorker:Storage Directory /workdir/hadoop-ozone/integration-test/target/test-dir/MiniOzoneClusterImpl-c8129239-5fa4-43d5-9fc3-37839c077eab/datanode-2/data/ratis/8879b723-97c6-450a-a835-2d00b8cbbccd for RaftStorage:Storage Directory /workdir/hadoop-ozone/integration-test/target/test-dir/MiniOzoneClusterImpl-c8129239-5fa4-43d5-9fc3-37839c077eab/datanode-2/data/ratis/8879b723-97c6-450a-a835-2d00b8cbbccd
2019-08-20 15:02:31,885 [pool-170-thread-1] INFO  server.RaftServerConfigKeys (ConfUtils.java:logGet(43)) - raft.server.log.queue.byte-limit = 2147483647 (custom)
2019-08-20 15:02:31,885 [pool-148-thread-1] INFO  server.RaftServerConfigKeys (ConfUtils.java:logGet(43)) - raft.server.log.statemachine.data.sync.timeout.retry = -1 (default)
2019-08-20 15:02:31,885 [pool-159-thread-1] INFO  server.RaftServerConfigKeys (ConfUtils.java:logGet(43)) - raft.server.log.queue.byte-limit = 2147483647 (custom)
2019-08-20 15:02:31,885 [pool-148-thread-1] INFO  server.RaftServerConfigKeys (ConfUtils.java:logGet(43)) - raft.server.log.statemachine.data.caching.enabled = true (custom)
2019-08-20 15:02:31,885 [pool-170-thread-1] INFO  server.RaftServerConfigKeys (ConfUtils.java:logGet(43)) - raft.server.log.queue.element-limit = 1024 (custom)
2019-08-20 15:02:31,885 [pool-159-thread-1] INFO  server.RaftServerConfigKeys (ConfUtils.java:logGet(43)) - raft.server.log.queue.element-limit = 1024 (custom)
2019-08-20 15:02:31,886 [pool-170-thread-1] INFO  server.RaftServerConfigKeys (ConfUtils.java:logGet(43)) - raft.server.log.segment.size.max = 1048576 (custom)
2019-08-20 15:02:31,886 [pool-159-thread-1] INFO  server.RaftServerConfigKeys (ConfUtils.java:logGet(43)) - raft.server.log.segment.size.max = 1048576 (custom)
2019-08-20 15:02:31,886 [pool-148-thread-1] INFO  segmented.SegmentedRaftLogWorker (SegmentedRaftLogWorker.java:lambda$new$0(132)) - 8b1d3c45-464e-411c-9a1c-fa8558034422-SegmentedRaftLogWorker:Storage Directory /workdir/hadoop-ozone/integration-test/target/test-dir/MiniOzoneClusterImpl-c8129239-5fa4-43d5-9fc3-37839c077eab/datanode-0/data/ratis/615fe691-4d1f-4cfb-b3ca-e3df211a7b49: flushIndex: setUnconditionally 0 -> -1
2019-08-20 15:02:31,886 [pool-159-thread-1] INFO  server.RaftServerConfigKeys (ConfUtils.java:logGet(43)) - raft.server.log.preallocated.size = 16384 (custom)
2019-08-20 15:02:31,886 [pool-170-thread-1] INFO  server.RaftServerConfigKeys (ConfUtils.java:logGet(43)) - raft.server.log.preallocated.size = 16384 (custom)
2019-08-20 15:02:31,886 [pool-170-thread-1] INFO  server.RaftServerConfigKeys (ConfUtils.java:logGet(43)) - raft.server.log.write.buffer.size = 33554432 (custom)
2019-08-20 15:02:31,886 [pool-170-thread-1] INFO  server.RaftServerConfigKeys (ConfUtils.java:logGet(43)) - raft.server.log.force.sync.num = 128 (default)
2019-08-20 15:02:31,887 [pool-170-thread-1] INFO  server.RaftServerConfigKeys (ConfUtils.java:logGet(43)) - raft.server.log.statemachine.data.sync = true (default)
2019-08-20 15:02:31,886 [pool-159-thread-1] INFO  server.RaftServerConfigKeys (ConfUtils.java:logGet(43)) - raft.server.log.write.buffer.size = 33554432 (custom)
2019-08-20 15:02:31,887 [pool-170-thread-1] INFO  server.RaftServerConfigKeys (ConfUtils.java:logGet(43)) - raft.server.log.statemachine.data.sync.timeout = 10s (default)
2019-08-20 15:02:31,886 [pool-148-thread-1] INFO  server.RaftServerConfigKeys (ConfUtils.java:logGet(43)) - raft.server.snapshot.auto.trigger.enabled = true (custom)
2019-08-20 15:02:31,887 [pool-170-thread-1] INFO  server.RaftServerConfigKeys (ConfUtils.java:logGet(43)) - raft.server.log.statemachine.data.sync.timeout.retry = -1 (default)
2019-08-20 15:02:31,887 [pool-159-thread-1] INFO  server.RaftServerConfigKeys (ConfUtils.java:logGet(43)) - raft.server.log.force.sync.num = 128 (default)
2019-08-20 15:02:31,887 [pool-170-thread-1] INFO  server.RaftServerConfigKeys (ConfUtils.java:logGet(43)) - raft.server.log.statemachine.data.caching.enabled = true (custom)
2019-08-20 15:02:31,887 [pool-148-thread-1] INFO  server.RaftServerConfigKeys (ConfUtils.java:logGet(43)) - raft.server.snapshot.auto.trigger.threshold = 10000 (custom)
2019-08-20 15:02:31,887 [pool-159-thread-1] INFO  server.RaftServerConfigKeys (ConfUtils.java:logGet(43)) - raft.server.log.statemachine.data.sync = true (default)
2019-08-20 15:02:31,888 [pool-148-thread-1] INFO  server.RaftServerConfigKeys (ConfUtils.java:logGet(43)) - raft.server.retrycache.expirytime = 600000ms (custom)
2019-08-20 15:02:31,888 [pool-159-thread-1] INFO  server.RaftServerConfigKeys (ConfUtils.java:logGet(43)) - raft.server.log.statemachine.data.sync.timeout = 10s (default)
2019-08-20 15:02:31,888 [pool-159-thread-1] INFO  server.RaftServerConfigKeys (ConfUtils.java:logGet(43)) - raft.server.log.statemachine.data.sync.timeout.retry = -1 (default)
2019-08-20 15:02:31,888 [pool-159-thread-1] INFO  server.RaftServerConfigKeys (ConfUtils.java:logGet(43)) - raft.server.log.statemachine.data.caching.enabled = true (custom)
2019-08-20 15:02:31,899 [pool-170-thread-1] INFO  impl.RaftServerImpl (ServerState.java:setRaftConf(361)) - de1a53ad-bbb1-4f1c-a870-9fe3ce57e0b8:group-2D00B8CBBCCD set configuration 0: [de1a53ad-bbb1-4f1c-a870-9fe3ce57e0b8:192.168.36.99:33849], old=null at 0
2019-08-20 15:02:31,899 [pool-159-thread-1] INFO  impl.RaftServerImpl (ServerState.java:setRaftConf(361)) - 5c23d56f-781b-40f4-b763-dd6ad64f36ec:group-A21C6EDDB2E2 set configuration 0: [5c23d56f-781b-40f4-b763-dd6ad64f36ec:192.168.36.99:41272], old=null at 0
2019-08-20 15:02:31,901 [pool-159-thread-1] INFO  segmented.LogSegment (LogSegment.java:loadSegment(145)) - Successfully read 1 entries from segment file /workdir/hadoop-ozone/integration-test/target/test-dir/MiniOzoneClusterImpl-c8129239-5fa4-43d5-9fc3-37839c077eab/datanode-1/data/ratis/7cfdef7b-3c15-4f53-9603-a21c6eddb2e2/current/log_inprogress_0
2019-08-20 15:02:31,901 [pool-170-thread-1] INFO  segmented.LogSegment (LogSegment.java:loadSegment(145)) - Successfully read 1 entries from segment file /workdir/hadoop-ozone/integration-test/target/test-dir/MiniOzoneClusterImpl-c8129239-5fa4-43d5-9fc3-37839c077eab/datanode-2/data/ratis/8879b723-97c6-450a-a835-2d00b8cbbccd/current/log_inprogress_0
2019-08-20 15:02:31,903 [pool-170-thread-1] INFO  segmented.SegmentedRaftLogWorker (SegmentedRaftLogWorker.java:lambda$new$0(132)) - de1a53ad-bbb1-4f1c-a870-9fe3ce57e0b8-SegmentedRaftLogWorker:Storage Directory /workdir/hadoop-ozone/integration-test/target/test-dir/MiniOzoneClusterImpl-c8129239-5fa4-43d5-9fc3-37839c077eab/datanode-2/data/ratis/8879b723-97c6-450a-a835-2d00b8cbbccd: flushIndex: setUnconditionally 0 -> 0
2019-08-20 15:02:31,903 [pool-159-thread-1] INFO  segmented.SegmentedRaftLogWorker (SegmentedRaftLogWorker.java:lambda$new$0(132)) - 5c23d56f-781b-40f4-b763-dd6ad64f36ec-SegmentedRaftLogWorker:Storage Directory /workdir/hadoop-ozone/integration-test/target/test-dir/MiniOzoneClusterImpl-c8129239-5fa4-43d5-9fc3-37839c077eab/datanode-1/data/ratis/7cfdef7b-3c15-4f53-9603-a21c6eddb2e2: flushIndex: setUnconditionally 0 -> 0
2019-08-20 15:02:31,926 [pool-170-thread-1] INFO  server.RaftServerConfigKeys (ConfUtils.java:logGet(43)) - raft.server.snapshot.auto.trigger.enabled = true (custom)
2019-08-20 15:02:31,926 [pool-170-thread-1] INFO  server.RaftServerConfigKeys (ConfUtils.java:logGet(43)) - raft.server.snapshot.auto.trigger.threshold = 10000 (custom)
2019-08-20 15:02:31,926 [pool-170-thread-1] INFO  server.RaftServerConfigKeys (ConfUtils.java:logGet(43)) - raft.server.retrycache.expirytime = 600000ms (custom)
2019-08-20 15:02:31,931 [pool-159-thread-1] INFO  server.RaftServerConfigKeys (ConfUtils.java:logGet(43)) - raft.server.snapshot.auto.trigger.enabled = true (custom)
2019-08-20 15:02:31,931 [pool-159-thread-1] INFO  server.RaftServerConfigKeys (ConfUtils.java:logGet(43)) - raft.server.snapshot.auto.trigger.threshold = 10000 (custom)
2019-08-20 15:02:31,932 [pool-159-thread-1] INFO  server.RaftServerConfigKeys (ConfUtils.java:logGet(43)) - raft.server.retrycache.expirytime = 600000ms (custom)
2019-08-20 15:02:33,275 | INFO  | SCMAudit | user=jenkins1000 | ip=192.168.36.99 | op=GET_VERSION null | ret=SUCCESS |  
2019-08-20 15:02:33,276 [Datanode State Machine Thread - 0] INFO  ozoneimpl.OzoneContainer (OzoneContainer.java:start(186)) - Attempting to start container services.
2019-08-20 15:02:33,277 [Datanode State Machine Thread - 0] INFO  ozoneimpl.OzoneContainer (OzoneContainer.java:startContainerScrub(160)) - Background container scrubber has been disabled by hdds.containerscrub.enabled
2019-08-20 15:02:33,277 [Datanode State Machine Thread - 0] INFO  ratis.XceiverServerRatis (XceiverServerRatis.java:start(404)) - Starting XceiverServerRatis 8b1d3c45-464e-411c-9a1c-fa8558034422 at port 44849
2019-08-20 15:02:33,283 [ForkJoinPool.commonPool-worker-0] INFO  impl.RaftServerImpl (RaftServerImpl.java:start(180)) - 8b1d3c45-464e-411c-9a1c-fa8558034422: start group-E3DF211A7B49
2019-08-20 15:02:33,283 [Datanode State Machine Thread - 0] INFO  impl.RaftServerImpl (RaftServerImpl.java:start(180)) - 8b1d3c45-464e-411c-9a1c-fa8558034422: start group-8B57A3700DAB
2019-08-20 15:02:33,284 [ForkJoinPool.commonPool-worker-0] INFO  impl.RaftServerImpl (RaftServerImpl.java:setRole(171)) - 8b1d3c45-464e-411c-9a1c-fa8558034422:group-E3DF211A7B49 changes role from null to FOLLOWER at term 1 for startInitializing
2019-08-20 15:02:33,285 [Datanode State Machine Thread - 0] INFO  impl.RaftServerImpl (RaftServerImpl.java:setRole(171)) - 8b1d3c45-464e-411c-9a1c-fa8558034422:group-8B57A3700DAB changes role from null to FOLLOWER at term 1 for startInitializing
2019-08-20 15:02:33,286 [ForkJoinPool.commonPool-worker-0] INFO  util.JmxRegister (JmxRegister.java:tryRegister(44)) - Successfully registered JMX Bean with object name Ratis:service=RaftServer,group=group-E3DF211A7B49,id=8b1d3c45-464e-411c-9a1c-fa8558034422
2019-08-20 15:02:33,286 [Datanode State Machine Thread - 0] INFO  util.JmxRegister (JmxRegister.java:tryRegister(44)) - Successfully registered JMX Bean with object name Ratis:service=RaftServer,group=group-8B57A3700DAB,id=8b1d3c45-464e-411c-9a1c-fa8558034422
2019-08-20 15:02:33,286 [Datanode State Machine Thread - 0] INFO  impl.RaftServerProxy (RaftServerProxy.java:lambda$start$3(299)) - 8b1d3c45-464e-411c-9a1c-fa8558034422: start RPC server
2019-08-20 15:02:33,289 [Datanode State Machine Thread - 0] INFO  server.GrpcService (GrpcService.java:startImpl(149)) - 8b1d3c45-464e-411c-9a1c-fa8558034422: GrpcService started, listening on 0.0.0.0/0.0.0.0:44849
2019-08-20 15:02:33,469 | INFO  | SCMAudit | user=jenkins1000 | ip=192.168.36.99 | op=GET_VERSION null | ret=SUCCESS |  
2019-08-20 15:02:33,470 [Datanode State Machine Thread - 0] INFO  ozoneimpl.OzoneContainer (OzoneContainer.java:start(186)) - Attempting to start container services.
2019-08-20 15:02:33,470 [Datanode State Machine Thread - 0] INFO  ozoneimpl.OzoneContainer (OzoneContainer.java:startContainerScrub(160)) - Background container scrubber has been disabled by hdds.containerscrub.enabled
2019-08-20 15:02:33,470 [Datanode State Machine Thread - 0] INFO  ratis.XceiverServerRatis (XceiverServerRatis.java:start(404)) - Starting XceiverServerRatis 5c23d56f-781b-40f4-b763-dd6ad64f36ec at port 41272
2019-08-20 15:02:33,475 [Datanode State Machine Thread - 0] INFO  impl.RaftServerImpl (RaftServerImpl.java:start(180)) - 5c23d56f-781b-40f4-b763-dd6ad64f36ec: start group-8B57A3700DAB
2019-08-20 15:02:33,475 [ForkJoinPool.commonPool-worker-0] INFO  impl.RaftServerImpl (RaftServerImpl.java:start(180)) - 5c23d56f-781b-40f4-b763-dd6ad64f36ec: start group-A21C6EDDB2E2
2019-08-20 15:02:33,477 [Datanode State Machine Thread - 0] INFO  impl.RaftServerImpl (RaftServerImpl.java:setRole(171)) - 5c23d56f-781b-40f4-b763-dd6ad64f36ec:group-8B57A3700DAB changes role from null to FOLLOWER at term 1 for startInitializing
2019-08-20 15:02:33,478 [ForkJoinPool.commonPool-worker-0] INFO  impl.RaftServerImpl (RaftServerImpl.java:setRole(171)) - 5c23d56f-781b-40f4-b763-dd6ad64f36ec:group-A21C6EDDB2E2 changes role from null to FOLLOWER at term 1 for startAsFollower
2019-08-20 15:02:33,478 [Datanode State Machine Thread - 0] INFO  util.JmxRegister (JmxRegister.java:tryRegister(44)) - Successfully registered JMX Bean with object name Ratis:service=RaftServer,group=group-8B57A3700DAB,id=5c23d56f-781b-40f4-b763-dd6ad64f36ec
2019-08-20 15:02:33,478 [ForkJoinPool.commonPool-worker-0] INFO  impl.RoleInfo (RoleInfo.java:updateAndGet(143)) - 5c23d56f-781b-40f4-b763-dd6ad64f36ec: start FollowerState
2019-08-20 15:02:33,479 [ForkJoinPool.commonPool-worker-0] INFO  util.JmxRegister (JmxRegister.java:tryRegister(44)) - Successfully registered JMX Bean with object name Ratis:service=RaftServer,group=group-A21C6EDDB2E2,id=5c23d56f-781b-40f4-b763-dd6ad64f36ec
2019-08-20 15:02:33,479 [Datanode State Machine Thread - 0] INFO  impl.RaftServerProxy (RaftServerProxy.java:lambda$start$3(299)) - 5c23d56f-781b-40f4-b763-dd6ad64f36ec: start RPC server
2019-08-20 15:02:33,480 [Datanode State Machine Thread - 0] INFO  server.GrpcService (GrpcService.java:startImpl(149)) - 5c23d56f-781b-40f4-b763-dd6ad64f36ec: GrpcService started, listening on 0.0.0.0/0.0.0.0:41272
2019-08-20 15:02:33,765 | INFO  | SCMAudit | user=jenkins1000 | ip=192.168.36.99 | op=GET_VERSION null | ret=SUCCESS |  
2019-08-20 15:02:33,766 [Datanode State Machine Thread - 0] INFO  ozoneimpl.OzoneContainer (OzoneContainer.java:start(186)) - Attempting to start container services.
2019-08-20 15:02:33,766 [Datanode State Machine Thread - 0] INFO  ozoneimpl.OzoneContainer (OzoneContainer.java:startContainerScrub(160)) - Background container scrubber has been disabled by hdds.containerscrub.enabled
2019-08-20 15:02:33,766 [Datanode State Machine Thread - 0] INFO  ratis.XceiverServerRatis (XceiverServerRatis.java:start(404)) - Starting XceiverServerRatis de1a53ad-bbb1-4f1c-a870-9fe3ce57e0b8 at port 33849
2019-08-20 15:02:33,772 [Datanode State Machine Thread - 0] INFO  impl.RaftServerImpl (RaftServerImpl.java:start(180)) - de1a53ad-bbb1-4f1c-a870-9fe3ce57e0b8: start group-8B57A3700DAB
2019-08-20 15:02:33,772 [ForkJoinPool.commonPool-worker-0] INFO  impl.RaftServerImpl (RaftServerImpl.java:start(180)) - de1a53ad-bbb1-4f1c-a870-9fe3ce57e0b8: start group-2D00B8CBBCCD
2019-08-20 15:02:33,773 [Datanode State Machine Thread - 0] INFO  impl.RaftServerImpl (RaftServerImpl.java:setRole(171)) - de1a53ad-bbb1-4f1c-a870-9fe3ce57e0b8:group-8B57A3700DAB changes role from null to FOLLOWER at term 2 for startInitializing
2019-08-20 15:02:33,774 [ForkJoinPool.commonPool-worker-0] INFO  impl.RaftServerImpl (RaftServerImpl.java:setRole(171)) - de1a53ad-bbb1-4f1c-a870-9fe3ce57e0b8:group-2D00B8CBBCCD changes role from null to FOLLOWER at term 1 for startAsFollower
2019-08-20 15:02:33,774 [ForkJoinPool.commonPool-worker-0] INFO  impl.RoleInfo (RoleInfo.java:updateAndGet(143)) - de1a53ad-bbb1-4f1c-a870-9fe3ce57e0b8: start FollowerState
2019-08-20 15:02:33,774 [Datanode State Machine Thread - 0] INFO  util.JmxRegister (JmxRegister.java:tryRegister(44)) - Successfully registered JMX Bean with object name Ratis:service=RaftServer,group=group-8B57A3700DAB,id=de1a53ad-bbb1-4f1c-a870-9fe3ce57e0b8
2019-08-20 15:02:33,775 [ForkJoinPool.commonPool-worker-0] INFO  util.JmxRegister (JmxRegister.java:tryRegister(44)) - Successfully registered JMX Bean with object name Ratis:service=RaftServer,group=group-2D00B8CBBCCD,id=de1a53ad-bbb1-4f1c-a870-9fe3ce57e0b8
2019-08-20 15:02:33,775 [Datanode State Machine Thread - 0] INFO  impl.RaftServerProxy (RaftServerProxy.java:lambda$start$3(299)) - de1a53ad-bbb1-4f1c-a870-9fe3ce57e0b8: start RPC server
2019-08-20 15:02:33,776 [Datanode State Machine Thread - 0] INFO  server.GrpcService (GrpcService.java:startImpl(149)) - de1a53ad-bbb1-4f1c-a870-9fe3ce57e0b8: GrpcService started, listening on 0.0.0.0/0.0.0.0:33849
2019-08-20 15:02:35,276 | INFO  | SCMAudit | user=jenkins1000 | ip=192.168.36.99 | op=REGISTER {datanodeDetails=8b1d3c45-464e-411c-9a1c-fa8558034422{ip: 192.168.36.99, host: pr-hdds-1950-vsl5z-1698008226, networkLocation: /default-rack, certSerialId: null}} | ret=SUCCESS |  
2019-08-20 15:02:35,293 [grpc-default-executor-0] INFO  impl.RaftServerProxy (RaftServerProxy.java:remove(95)) - 8b1d3c45-464e-411c-9a1c-fa8558034422: remove FOLLOWER group-8B57A3700DAB 8b1d3c45-464e-411c-9a1c-fa8558034422:t1, leader=null, voted=8b1d3c45-464e-411c-9a1c-fa8558034422, raftlog=8b1d3c45-464e-411c-9a1c-fa8558034422-SegmentedRaftLog:OPENED:c-1,f-1,i0, conf=-1: [], old=null STARTING
2019-08-20 15:02:35,296 [grpc-default-executor-0] INFO  impl.RaftServerImpl (RaftServerImpl.java:lambda$shutdown$3(245)) - 8b1d3c45-464e-411c-9a1c-fa8558034422: shutdown group-8B57A3700DAB
2019-08-20 15:02:35,296 [grpc-default-executor-0] INFO  util.JmxRegister (JmxRegister.java:unregister(73)) - Successfully un-registered JMX Bean with object name Ratis:service=RaftServer,group=group-8B57A3700DAB,id=8b1d3c45-464e-411c-9a1c-fa8558034422
2019-08-20 15:02:35,296 [grpc-default-executor-0] INFO  impl.StateMachineUpdater (StateMachineUpdater.java:stopAndJoin(115)) - StateMachineUpdater:8b1d3c45-464e-411c-9a1c-fa8558034422:group-8B57A3700DAB: set stopIndex = -1
2019-08-20 15:02:35,297 [grpc-default-executor-0] INFO  impl.RaftServerImpl (ServerState.java:close(394)) - 8b1d3c45-464e-411c-9a1c-fa8558034422:group-8B57A3700DAB closes. The last applied log index is -1
2019-08-20 15:02:35,297 [8b1d3c45-464e-411c-9a1c-fa8558034422-SegmentedRaftLogWorker:Storage Directory /workdir/hadoop-ozone/integration-test/target/test-dir/MiniOzoneClusterImpl-c8129239-5fa4-43d5-9fc3-37839c077eab/datanode-0/data/ratis/043823e9-9887-4d48-bfdd-8b57a3700dab] INFO  segmented.SegmentedRaftLogWorker (SegmentedRaftLogWorker.java:run(313)) - 8b1d3c45-464e-411c-9a1c-fa8558034422-SegmentedRaftLogWorker:Storage Directory /workdir/hadoop-ozone/integration-test/target/test-dir/MiniOzoneClusterImpl-c8129239-5fa4-43d5-9fc3-37839c077eab/datanode-0/data/ratis/043823e9-9887-4d48-bfdd-8b57a3700dab was interrupted, exiting. There are 0 tasks remaining in the queue.
2019-08-20 15:02:35,297 [grpc-default-executor-0] INFO  segmented.SegmentedRaftLogWorker (SegmentedRaftLogWorker.java:close(228)) - 8b1d3c45-464e-411c-9a1c-fa8558034422-SegmentedRaftLogWorker:Storage Directory /workdir/hadoop-ozone/integration-test/target/test-dir/MiniOzoneClusterImpl-c8129239-5fa4-43d5-9fc3-37839c077eab/datanode-0/data/ratis/043823e9-9887-4d48-bfdd-8b57a3700dab close()
2019-08-20 15:02:35,470 | INFO  | SCMAudit | user=jenkins1000 | ip=192.168.36.99 | op=REGISTER {datanodeDetails=5c23d56f-781b-40f4-b763-dd6ad64f36ec{ip: 192.168.36.99, host: pr-hdds-1950-vsl5z-1698008226, networkLocation: /default-rack, certSerialId: null}} | ret=SUCCESS |  
2019-08-20 15:02:35,479 [grpc-default-executor-0] INFO  impl.RaftServerProxy (RaftServerProxy.java:remove(95)) - 5c23d56f-781b-40f4-b763-dd6ad64f36ec: remove FOLLOWER group-8B57A3700DAB 5c23d56f-781b-40f4-b763-dd6ad64f36ec:t1, leader=null, voted=5c23d56f-781b-40f4-b763-dd6ad64f36ec, raftlog=5c23d56f-781b-40f4-b763-dd6ad64f36ec-SegmentedRaftLog:OPENED:c-1,f-1,i0, conf=-1: [], old=null STARTING
2019-08-20 15:02:35,479 [grpc-default-executor-0] INFO  impl.RaftServerImpl (RaftServerImpl.java:lambda$shutdown$3(245)) - 5c23d56f-781b-40f4-b763-dd6ad64f36ec: shutdown group-8B57A3700DAB
2019-08-20 15:02:35,479 [grpc-default-executor-0] INFO  util.JmxRegister (JmxRegister.java:unregister(73)) - Successfully un-registered JMX Bean with object name Ratis:service=RaftServer,group=group-8B57A3700DAB,id=5c23d56f-781b-40f4-b763-dd6ad64f36ec
2019-08-20 15:02:35,479 [grpc-default-executor-0] INFO  impl.StateMachineUpdater (StateMachineUpdater.java:stopAndJoin(115)) - StateMachineUpdater:5c23d56f-781b-40f4-b763-dd6ad64f36ec:group-8B57A3700DAB: set stopIndex = -1
2019-08-20 15:02:35,479 [grpc-default-executor-0] INFO  impl.RaftServerImpl (ServerState.java:close(394)) - 5c23d56f-781b-40f4-b763-dd6ad64f36ec:group-8B57A3700DAB closes. The last applied log index is -1
2019-08-20 15:02:35,480 [5c23d56f-781b-40f4-b763-dd6ad64f36ec-SegmentedRaftLogWorker:Storage Directory /workdir/hadoop-ozone/integration-test/target/test-dir/MiniOzoneClusterImpl-c8129239-5fa4-43d5-9fc3-37839c077eab/datanode-1/data/ratis/043823e9-9887-4d48-bfdd-8b57a3700dab] INFO  segmented.SegmentedRaftLogWorker (SegmentedRaftLogWorker.java:run(313)) - 5c23d56f-781b-40f4-b763-dd6ad64f36ec-SegmentedRaftLogWorker:Storage Directory /workdir/hadoop-ozone/integration-test/target/test-dir/MiniOzoneClusterImpl-c8129239-5fa4-43d5-9fc3-37839c077eab/datanode-1/data/ratis/043823e9-9887-4d48-bfdd-8b57a3700dab was interrupted, exiting. There are 0 tasks remaining in the queue.
2019-08-20 15:02:35,480 [grpc-default-executor-0] INFO  segmented.SegmentedRaftLogWorker (SegmentedRaftLogWorker.java:close(228)) - 5c23d56f-781b-40f4-b763-dd6ad64f36ec-SegmentedRaftLogWorker:Storage Directory /workdir/hadoop-ozone/integration-test/target/test-dir/MiniOzoneClusterImpl-c8129239-5fa4-43d5-9fc3-37839c077eab/datanode-1/data/ratis/043823e9-9887-4d48-bfdd-8b57a3700dab close()
2019-08-20 15:02:35,766 | INFO  | SCMAudit | user=jenkins1000 | ip=192.168.36.99 | op=REGISTER {datanodeDetails=de1a53ad-bbb1-4f1c-a870-9fe3ce57e0b8{ip: 192.168.36.99, host: pr-hdds-1950-vsl5z-1698008226, networkLocation: /default-rack, certSerialId: null}} | ret=SUCCESS |  
2019-08-20 15:02:35,774 [grpc-default-executor-0] INFO  impl.RaftServerProxy (RaftServerProxy.java:remove(95)) - de1a53ad-bbb1-4f1c-a870-9fe3ce57e0b8: remove FOLLOWER group-8B57A3700DAB de1a53ad-bbb1-4f1c-a870-9fe3ce57e0b8:t2, leader=null, voted=de1a53ad-bbb1-4f1c-a870-9fe3ce57e0b8, raftlog=de1a53ad-bbb1-4f1c-a870-9fe3ce57e0b8-SegmentedRaftLog:OPENED:c-1,f-1,i0, conf=-1: [], old=null STARTING
2019-08-20 15:02:35,775 [grpc-default-executor-0] INFO  impl.RaftServerImpl (RaftServerImpl.java:lambda$shutdown$3(245)) - de1a53ad-bbb1-4f1c-a870-9fe3ce57e0b8: shutdown group-8B57A3700DAB
2019-08-20 15:02:35,775 [grpc-default-executor-0] INFO  util.JmxRegister (JmxRegister.java:unregister(73)) - Successfully un-registered JMX Bean with object name Ratis:service=RaftServer,group=group-8B57A3700DAB,id=de1a53ad-bbb1-4f1c-a870-9fe3ce57e0b8
2019-08-20 15:02:35,775 [grpc-default-executor-0] INFO  impl.StateMachineUpdater (StateMachineUpdater.java:stopAndJoin(115)) - StateMachineUpdater:de1a53ad-bbb1-4f1c-a870-9fe3ce57e0b8:group-8B57A3700DAB: set stopIndex = -1
2019-08-20 15:02:35,776 [grpc-default-executor-0] INFO  impl.RaftServerImpl (ServerState.java:close(394)) - de1a53ad-bbb1-4f1c-a870-9fe3ce57e0b8:group-8B57A3700DAB closes. The last applied log index is -1
2019-08-20 15:02:35,776 [de1a53ad-bbb1-4f1c-a870-9fe3ce57e0b8-SegmentedRaftLogWorker:Storage Directory /workdir/hadoop-ozone/integration-test/target/test-dir/MiniOzoneClusterImpl-c8129239-5fa4-43d5-9fc3-37839c077eab/datanode-2/data/ratis/043823e9-9887-4d48-bfdd-8b57a3700dab] INFO  segmented.SegmentedRaftLogWorker (SegmentedRaftLogWorker.java:run(313)) - de1a53ad-bbb1-4f1c-a870-9fe3ce57e0b8-SegmentedRaftLogWorker:Storage Directory /workdir/hadoop-ozone/integration-test/target/test-dir/MiniOzoneClusterImpl-c8129239-5fa4-43d5-9fc3-37839c077eab/datanode-2/data/ratis/043823e9-9887-4d48-bfdd-8b57a3700dab was interrupted, exiting. There are 0 tasks remaining in the queue.
2019-08-20 15:02:35,776 [grpc-default-executor-0] INFO  segmented.SegmentedRaftLogWorker (SegmentedRaftLogWorker.java:close(228)) - de1a53ad-bbb1-4f1c-a870-9fe3ce57e0b8-SegmentedRaftLogWorker:Storage Directory /workdir/hadoop-ozone/integration-test/target/test-dir/MiniOzoneClusterImpl-c8129239-5fa4-43d5-9fc3-37839c077eab/datanode-2/data/ratis/043823e9-9887-4d48-bfdd-8b57a3700dab close()
2019-08-20 15:02:37,275 | INFO  | SCMAudit | user=jenkins1000 | ip=192.168.36.99 | op=SEND_HEARTBEAT {datanodeUUID=8b1d3c45-464e-411c-9a1c-fa8558034422, command=[]} | ret=SUCCESS |  
2019-08-20 15:02:37,448 [grpc-default-executor-0] INFO  impl.RaftServerProxy (RaftServerProxy.java:addNew(89)) - 8b1d3c45-464e-411c-9a1c-fa8558034422: addNew group-5FE79902D64C:[8b1d3c45-464e-411c-9a1c-fa8558034422:192.168.36.99:44849] returns group-5FE79902D64C:java.util.concurrent.CompletableFuture@205d475b[Not completed]
2019-08-20 15:02:37,450 [pool-148-thread-1] INFO  impl.RaftServerImpl (RaftServerImpl.java:<init>(93)) - 8b1d3c45-464e-411c-9a1c-fa8558034422: new RaftServerImpl for group-5FE79902D64C:[8b1d3c45-464e-411c-9a1c-fa8558034422:192.168.36.99:44849] with ContainerStateMachine:uninitialized
2019-08-20 15:02:37,450 [pool-148-thread-1] INFO  server.RaftServerConfigKeys (ConfUtils.java:logGet(43)) - raft.server.rpc.timeout.min = 5s (custom)
2019-08-20 15:02:37,451 [pool-148-thread-1] INFO  server.RaftServerConfigKeys (ConfUtils.java:logGet(43)) - raft.server.rpc.timeout.max = 5200ms (custom)
2019-08-20 15:02:37,451 [pool-148-thread-1] INFO  server.RaftServerConfigKeys (ConfUtils.java:logGet(43)) - raft.server.rpcslowness.timeout = 120s (custom)
2019-08-20 15:02:37,451 [pool-148-thread-1] INFO  server.RaftServerConfigKeys (ConfUtils.java:logGet(43)) - raft.server.sleep.deviation.threshold = 300 (default)
2019-08-20 15:02:37,451 [pool-148-thread-1] INFO  server.RaftServerConfigKeys (ConfUtils.java:logGet(43)) - raft.server.log.appender.install.snapshot.enabled = false (custom)
2019-08-20 15:02:37,451 [pool-148-thread-1] INFO  impl.RaftServerImpl (ServerState.java:<init>(105)) - 8b1d3c45-464e-411c-9a1c-fa8558034422:group-5FE79902D64C ConfigurationManager, init=-1: [8b1d3c45-464e-411c-9a1c-fa8558034422:192.168.36.99:44849], old=null, confs=<EMPTY_MAP>
2019-08-20 15:02:37,451 [pool-148-thread-1] INFO  server.RaftServerConfigKeys (ConfUtils.java:logGet(43)) - raft.server.storage.dir = [/workdir/hadoop-ozone/integration-test/target/test-dir/MiniOzoneClusterImpl-c8129239-5fa4-43d5-9fc3-37839c077eab/datanode-0/data/ratis] (custom)
2019-08-20 15:02:37,452 [pool-148-thread-1] INFO  storage.RaftStorageDirectory (RaftStorageDirectory.java:analyzeStorage(246)) - The storage directory /workdir/hadoop-ozone/integration-test/target/test-dir/MiniOzoneClusterImpl-c8129239-5fa4-43d5-9fc3-37839c077eab/datanode-0/data/ratis/b730b902-1d46-415f-8b86-5fe79902d64c does not exist. Creating ...
2019-08-20 15:02:37,469 | INFO  | SCMAudit | user=jenkins1000 | ip=192.168.36.99 | op=SEND_HEARTBEAT {datanodeUUID=5c23d56f-781b-40f4-b763-dd6ad64f36ec, command=[]} | ret=SUCCESS |  
2019-08-20 15:02:37,482 [pool-148-thread-1] INFO  storage.RaftStorageDirectory (RaftStorageDirectory.java:tryLock(328)) - Lock on /workdir/hadoop-ozone/integration-test/target/test-dir/MiniOzoneClusterImpl-c8129239-5fa4-43d5-9fc3-37839c077eab/datanode-0/data/ratis/b730b902-1d46-415f-8b86-5fe79902d64c/in_use.lock acquired by nodename 4043@pr-hdds-1950-vsl5z-1698008226
2019-08-20 15:02:37,499 [pool-148-thread-1] INFO  storage.RaftStorage (RaftStorage.java:format(72)) - Storage directory /workdir/hadoop-ozone/integration-test/target/test-dir/MiniOzoneClusterImpl-c8129239-5fa4-43d5-9fc3-37839c077eab/datanode-0/data/ratis/b730b902-1d46-415f-8b86-5fe79902d64c has been successfully formatted.
2019-08-20 15:02:37,500 [pool-148-thread-1] INFO  ratis.ContainerStateMachine (ContainerStateMachine.java:loadSnapshot(222)) - group-5FE79902D64C: The snapshot info is null. Setting the last applied indexto:(t:0, i:~)
2019-08-20 15:02:37,500 [pool-148-thread-1] INFO  server.RaftServerConfigKeys (ConfUtils.java:logGet(43)) - raft.server.leader.election.timeout = 120s (custom)
2019-08-20 15:02:37,500 [pool-148-thread-1] INFO  server.RaftServerConfigKeys (ConfUtils.java:logGet(43)) - raft.server.log.use.memory = false (default)
2019-08-20 15:02:37,500 [pool-148-thread-1] INFO  server.RaftServerConfigKeys (ConfUtils.java:logGet(43)) - raft.server.log.purge.gap = 1000000 (custom)
2019-08-20 15:02:37,500 [pool-148-thread-1] INFO  server.RaftServerConfigKeys (ConfUtils.java:logGet(43)) - raft.server.log.appender.buffer.byte-limit = 33554432 (custom)
2019-08-20 15:02:37,500 [pool-148-thread-1] INFO  server.RaftServerConfigKeys (ConfUtils.java:logGet(43)) - raft.server.log.segment.size.max = 1048576 (custom)
2019-08-20 15:02:37,500 [pool-148-thread-1] INFO  server.RaftServerConfigKeys (ConfUtils.java:logGet(43)) - raft.server.log.segment.cache.num.max = 2 (custom)
2019-08-20 15:02:37,500 [pool-148-thread-1] INFO  segmented.SegmentedRaftLogWorker (SegmentedRaftLogWorker.java:<init>(172)) - new 8b1d3c45-464e-411c-9a1c-fa8558034422-SegmentedRaftLogWorker:Storage Directory /workdir/hadoop-ozone/integration-test/target/test-dir/MiniOzoneClusterImpl-c8129239-5fa4-43d5-9fc3-37839c077eab/datanode-0/data/ratis/b730b902-1d46-415f-8b86-5fe79902d64c for RaftStorage:Storage Directory /workdir/hadoop-ozone/integration-test/target/test-dir/MiniOzoneClusterImpl-c8129239-5fa4-43d5-9fc3-37839c077eab/datanode-0/data/ratis/b730b902-1d46-415f-8b86-5fe79902d64c
2019-08-20 15:02:37,500 [pool-148-thread-1] INFO  server.RaftServerConfigKeys (ConfUtils.java:logGet(43)) - raft.server.log.queue.byte-limit = 2147483647 (custom)
2019-08-20 15:02:37,501 [pool-148-thread-1] INFO  server.RaftServerConfigKeys (ConfUtils.java:logGet(43)) - raft.server.log.queue.element-limit = 1024 (custom)
2019-08-20 15:02:37,501 [pool-148-thread-1] INFO  server.RaftServerConfigKeys (ConfUtils.java:logGet(43)) - raft.server.log.segment.size.max = 1048576 (custom)
2019-08-20 15:02:37,501 [pool-148-thread-1] INFO  server.RaftServerConfigKeys (ConfUtils.java:logGet(43)) - raft.server.log.preallocated.size = 16384 (custom)
2019-08-20 15:02:37,501 [pool-148-thread-1] INFO  server.RaftServerConfigKeys (ConfUtils.java:logGet(43)) - raft.server.log.write.buffer.size = 33554432 (custom)
2019-08-20 15:02:37,501 [pool-148-thread-1] INFO  server.RaftServerConfigKeys (ConfUtils.java:logGet(43)) - raft.server.log.force.sync.num = 128 (default)
2019-08-20 15:02:37,501 [pool-148-thread-1] INFO  server.RaftServerConfigKeys (ConfUtils.java:logGet(43)) - raft.server.log.statemachine.data.sync = true (default)
2019-08-20 15:02:37,501 [pool-148-thread-1] INFO  server.RaftServerConfigKeys (ConfUtils.java:logGet(43)) - raft.server.log.statemachine.data.sync.timeout = 10s (default)
2019-08-20 15:02:37,501 [pool-148-thread-1] INFO  server.RaftServerConfigKeys (ConfUtils.java:logGet(43)) - raft.server.log.statemachine.data.sync.timeout.retry = -1 (default)
2019-08-20 15:02:37,501 [pool-148-thread-1] INFO  server.RaftServerConfigKeys (ConfUtils.java:logGet(43)) - raft.server.log.statemachine.data.caching.enabled = true (custom)
2019-08-20 15:02:37,502 [pool-148-thread-1] INFO  segmented.SegmentedRaftLogWorker (SegmentedRaftLogWorker.java:lambda$new$0(132)) - 8b1d3c45-464e-411c-9a1c-fa8558034422-SegmentedRaftLogWorker:Storage Directory /workdir/hadoop-ozone/integration-test/target/test-dir/MiniOzoneClusterImpl-c8129239-5fa4-43d5-9fc3-37839c077eab/datanode-0/data/ratis/b730b902-1d46-415f-8b86-5fe79902d64c: flushIndex: setUnconditionally 0 -> -1
2019-08-20 15:02:37,502 [pool-148-thread-1] INFO  server.RaftServerConfigKeys (ConfUtils.java:logGet(43)) - raft.server.snapshot.auto.trigger.enabled = true (custom)
2019-08-20 15:02:37,502 [pool-148-thread-1] INFO  server.RaftServerConfigKeys (ConfUtils.java:logGet(43)) - raft.server.snapshot.auto.trigger.threshold = 10000 (custom)
2019-08-20 15:02:37,502 [pool-148-thread-1] INFO  server.RaftServerConfigKeys (ConfUtils.java:logGet(43)) - raft.server.retrycache.expirytime = 600000ms (custom)
2019-08-20 15:02:37,502 [pool-148-thread-1] INFO  impl.RaftServerImpl (RaftServerImpl.java:start(180)) - 8b1d3c45-464e-411c-9a1c-fa8558034422: start group-5FE79902D64C
2019-08-20 15:02:37,503 [pool-148-thread-1] INFO  impl.RaftServerImpl (RaftServerImpl.java:setRole(171)) - 8b1d3c45-464e-411c-9a1c-fa8558034422:group-5FE79902D64C changes role from null to FOLLOWER at term 0 for startAsFollower
2019-08-20 15:02:37,503 [pool-148-thread-1] INFO  impl.RoleInfo (RoleInfo.java:updateAndGet(143)) - 8b1d3c45-464e-411c-9a1c-fa8558034422: start FollowerState
2019-08-20 15:02:37,503 [pool-148-thread-1] INFO  util.JmxRegister (JmxRegister.java:tryRegister(44)) - Successfully registered JMX Bean with object name Ratis:service=RaftServer,group=group-5FE79902D64C,id=8b1d3c45-464e-411c-9a1c-fa8558034422
2019-08-20 15:02:37,507 [RatisPipelineUtilsThread] INFO  pipeline.PipelineStateManager (PipelineStateManager.java:addPipeline(56)) - Created pipeline Pipeline[ Id: b730b902-1d46-415f-8b86-5fe79902d64c, Nodes: 8b1d3c45-464e-411c-9a1c-fa8558034422{ip: 192.168.36.99, host: pr-hdds-1950-vsl5z-1698008226, networkLocation: /default-rack, certSerialId: null}, Type:RATIS, Factor:ONE, State:OPEN]
2019-08-20 15:02:37,765 | INFO  | SCMAudit | user=jenkins1000 | ip=192.168.36.99 | op=SEND_HEARTBEAT {datanodeUUID=de1a53ad-bbb1-4f1c-a870-9fe3ce57e0b8, command=[]} | ret=SUCCESS |  
2019-08-20 15:02:37,835 [main] INFO  ozone.MiniOzoneClusterImpl (MiniOzoneClusterImpl.java:shutdown(321)) - Shutting down the Mini Ozone Cluster
2019-08-20 15:02:37,835 | INFO  | SCMAudit | user=null | ip=null | op=GET_SCM_INFO null | ret=SUCCESS |  
2019-08-20 15:02:37,836 [main] INFO  ozone.MiniOzoneClusterImpl (MiniOzoneClusterImpl.java:stop(336)) - Stopping the Mini Ozone Cluster
2019-08-20 15:02:37,837 [main] INFO  ozone.MiniOzoneClusterImpl (MiniOzoneClusterImpl.java:stop(338)) - Stopping the OzoneManager
2019-08-20 15:02:37,838 [main] INFO  ipc.Server (Server.java:stop(3082)) - Stopping server on 41756
2019-08-20 15:02:37,847 [main] INFO  ratis.OzoneManagerDoubleBuffer (OzoneManagerDoubleBuffer.java:stop(248)) - Stopping OMDoubleBuffer flush thread
2019-08-20 15:02:37,854 [IPC Server Responder] INFO  ipc.Server (Server.java:run(1319)) - Stopping IPC Server Responder
2019-08-20 15:02:37,847 [IPC Server listener on 41756] INFO  ipc.Server (Server.java:run(1185)) - Stopping IPC Server listener on 41756
2019-08-20 15:02:37,855 [OMDoubleBufferFlushThread] INFO  ratis.OzoneManagerDoubleBuffer (OzoneManagerDoubleBuffer.java:flushTransactions(191)) - OMDoubleBuffer flush thread OMDoubleBufferFlushThread is interrupted and will exit. OMDoubleBufferFlushThread
2019-08-20 15:02:37,857 [main] INFO  utils.BackgroundService (BackgroundService.java:shutdown(148)) - Shutting down service KeyDeletingService
2019-08-20 15:02:37,860 [main] INFO  handler.ContextHandler (ContextHandler.java:doStop(910)) - Stopped o.e.j.w.WebAppContext@4b658e31{/,null,UNAVAILABLE}{/ozoneManager}
2019-08-20 15:02:37,861 [main] INFO  server.AbstractConnector (AbstractConnector.java:doStop(318)) - Stopped ServerConnector@7335714b{HTTP/1.1,[http/1.1]}{0.0.0.0:0}
2019-08-20 15:02:37,863 [main] INFO  handler.ContextHandler (ContextHandler.java:doStop(910)) - Stopped o.e.j.s.ServletContextHandler@e0585f9{/static,file:///workdir/hadoop-ozone/integration-test/target/test-classes/webapps/static,UNAVAILABLE}
2019-08-20 15:02:37,865 [main] INFO  handler.ContextHandler (ContextHandler.java:doStop(910)) - Stopped o.e.j.s.ServletContextHandler@2c28c44d{/logs,file:///workdir/hadoop-ozone/integration-test/target/log,UNAVAILABLE}
2019-08-20 15:02:37,869 [main] INFO  ozone.MiniOzoneClusterImpl (MiniOzoneClusterImpl.java:stop(344)) - Shutting the HddsDatanodes
2019-08-20 15:02:37,870 [main] INFO  datanode.ObjectStoreHandler (ObjectStoreHandler.java:close(155)) - Closing ObjectStoreHandler.
2019-08-20 15:02:37,870 [ForkJoinPool.commonPool-worker-1] INFO  datanode.ObjectStoreHandler (ObjectStoreHandler.java:close(155)) - Closing ObjectStoreHandler.
2019-08-20 15:02:37,871 [ForkJoinPool.commonPool-worker-1] INFO  ozone.HddsDatanodeService (HddsDatanodeService.java:stop(451)) - Stopped plug-in org.apache.hadoop.ozone.web.OzoneHddsDatanodeService@35d74f92
2019-08-20 15:02:37,871 [main] INFO  ozone.HddsDatanodeService (HddsDatanodeService.java:stop(451)) - Stopped plug-in org.apache.hadoop.ozone.web.OzoneHddsDatanodeService@3f14f252
2019-08-20 15:02:38,274 [Datanode State Machine Thread - 0] INFO  statemachine.DatanodeStateMachine (DatanodeStateMachine.java:lambda$startDaemon$0(350)) - Ozone container server started.
2019-08-20 15:02:38,448 [grpc-default-executor-0] INFO  impl.RaftServerProxy (RaftServerProxy.java:addNew(89)) - de1a53ad-bbb1-4f1c-a870-9fe3ce57e0b8: addNew group-F31BCABEDFFB:[de1a53ad-bbb1-4f1c-a870-9fe3ce57e0b8:192.168.36.99:33849] returns group-F31BCABEDFFB:java.util.concurrent.CompletableFuture@13f668dd[Not completed]
2019-08-20 15:02:38,450 [pool-170-thread-1] INFO  impl.RaftServerImpl (RaftServerImpl.java:<init>(93)) - de1a53ad-bbb1-4f1c-a870-9fe3ce57e0b8: new RaftServerImpl for group-F31BCABEDFFB:[de1a53ad-bbb1-4f1c-a870-9fe3ce57e0b8:192.168.36.99:33849] with ContainerStateMachine:uninitialized
2019-08-20 15:02:38,450 [pool-170-thread-1] INFO  server.RaftServerConfigKeys (ConfUtils.java:logGet(43)) - raft.server.rpc.timeout.min = 5s (custom)
2019-08-20 15:02:38,450 [pool-170-thread-1] INFO  server.RaftServerConfigKeys (ConfUtils.java:logGet(43)) - raft.server.rpc.timeout.max = 5200ms (custom)
2019-08-20 15:02:38,450 [pool-170-thread-1] INFO  server.RaftServerConfigKeys (ConfUtils.java:logGet(43)) - raft.server.rpcslowness.timeout = 120s (custom)
2019-08-20 15:02:38,450 [pool-170-thread-1] INFO  server.RaftServerConfigKeys (ConfUtils.java:logGet(43)) - raft.server.sleep.deviation.threshold = 300 (default)
2019-08-20 15:02:38,451 [pool-170-thread-1] INFO  server.RaftServerConfigKeys (ConfUtils.java:logGet(43)) - raft.server.log.appender.install.snapshot.enabled = false (custom)
2019-08-20 15:02:38,451 [pool-170-thread-1] INFO  impl.RaftServerImpl (ServerState.java:<init>(105)) - de1a53ad-bbb1-4f1c-a870-9fe3ce57e0b8:group-F31BCABEDFFB ConfigurationManager, init=-1: [de1a53ad-bbb1-4f1c-a870-9fe3ce57e0b8:192.168.36.99:33849], old=null, confs=<EMPTY_MAP>
2019-08-20 15:02:38,451 [pool-170-thread-1] INFO  server.RaftServerConfigKeys (ConfUtils.java:logGet(43)) - raft.server.storage.dir = [/workdir/hadoop-ozone/integration-test/target/test-dir/MiniOzoneClusterImpl-c8129239-5fa4-43d5-9fc3-37839c077eab/datanode-2/data/ratis] (custom)
2019-08-20 15:02:38,451 [pool-170-thread-1] INFO  storage.RaftStorageDirectory (RaftStorageDirectory.java:analyzeStorage(246)) - The storage directory /workdir/hadoop-ozone/integration-test/target/test-dir/MiniOzoneClusterImpl-c8129239-5fa4-43d5-9fc3-37839c077eab/datanode-2/data/ratis/9e91d51f-9ee7-4090-951e-f31bcabedffb does not exist. Creating ...
2019-08-20 15:02:38,469 [Datanode State Machine Thread - 0] INFO  statemachine.DatanodeStateMachine (DatanodeStateMachine.java:lambda$startDaemon$0(350)) - Ozone container server started.
2019-08-20 15:02:38,489 [pool-170-thread-1] INFO  storage.RaftStorageDirectory (RaftStorageDirectory.java:tryLock(328)) - Lock on /workdir/hadoop-ozone/integration-test/target/test-dir/MiniOzoneClusterImpl-c8129239-5fa4-43d5-9fc3-37839c077eab/datanode-2/data/ratis/9e91d51f-9ee7-4090-951e-f31bcabedffb/in_use.lock acquired by nodename 4043@pr-hdds-1950-vsl5z-1698008226
2019-08-20 15:02:38,506 [pool-170-thread-1] INFO  storage.RaftStorage (RaftStorage.java:format(72)) - Storage directory /workdir/hadoop-ozone/integration-test/target/test-dir/MiniOzoneClusterImpl-c8129239-5fa4-43d5-9fc3-37839c077eab/datanode-2/data/ratis/9e91d51f-9ee7-4090-951e-f31bcabedffb has been successfully formatted.
2019-08-20 15:02:38,507 [pool-170-thread-1] INFO  ratis.ContainerStateMachine (ContainerStateMachine.java:loadSnapshot(222)) - group-F31BCABEDFFB: The snapshot info is null. Setting the last applied indexto:(t:0, i:~)
2019-08-20 15:02:38,507 [pool-170-thread-1] INFO  server.RaftServerConfigKeys (ConfUtils.java:logGet(43)) - raft.server.leader.election.timeout = 120s (custom)
2019-08-20 15:02:38,507 [pool-170-thread-1] INFO  server.RaftServerConfigKeys (ConfUtils.java:logGet(43)) - raft.server.log.use.memory = false (default)
2019-08-20 15:02:38,507 [pool-170-thread-1] INFO  server.RaftServerConfigKeys (ConfUtils.java:logGet(43)) - raft.server.log.purge.gap = 1000000 (custom)
2019-08-20 15:02:38,507 [pool-170-thread-1] INFO  server.RaftServerConfigKeys (ConfUtils.java:logGet(43)) - raft.server.log.appender.buffer.byte-limit = 33554432 (custom)
2019-08-20 15:02:38,507 [pool-170-thread-1] INFO  server.RaftServerConfigKeys (ConfUtils.java:logGet(43)) - raft.server.log.segment.size.max = 1048576 (custom)
2019-08-20 15:02:38,508 [pool-170-thread-1] INFO  server.RaftServerConfigKeys (ConfUtils.java:logGet(43)) - raft.server.log.segment.cache.num.max = 2 (custom)
2019-08-20 15:02:38,508 [pool-170-thread-1] INFO  segmented.SegmentedRaftLogWorker (SegmentedRaftLogWorker.java:<init>(172)) - new de1a53ad-bbb1-4f1c-a870-9fe3ce57e0b8-SegmentedRaftLogWorker:Storage Directory /workdir/hadoop-ozone/integration-test/target/test-dir/MiniOzoneClusterImpl-c8129239-5fa4-43d5-9fc3-37839c077eab/datanode-2/data/ratis/9e91d51f-9ee7-4090-951e-f31bcabedffb for RaftStorage:Storage Directory /workdir/hadoop-ozone/integration-test/target/test-dir/MiniOzoneClusterImpl-c8129239-5fa4-43d5-9fc3-37839c077eab/datanode-2/data/ratis/9e91d51f-9ee7-4090-951e-f31bcabedffb
2019-08-20 15:02:38,508 [pool-170-thread-1] INFO  server.RaftServerConfigKeys (ConfUtils.java:logGet(43)) - raft.server.log.queue.byte-limit = 2147483647 (custom)
2019-08-20 15:02:38,508 [pool-170-thread-1] INFO  server.RaftServerConfigKeys (ConfUtils.java:logGet(43)) - raft.server.log.queue.element-limit = 1024 (custom)
2019-08-20 15:02:38,508 [pool-170-thread-1] INFO  server.RaftServerConfigKeys (ConfUtils.java:logGet(43)) - raft.server.log.segment.size.max = 1048576 (custom)
2019-08-20 15:02:38,508 [pool-170-thread-1] INFO  server.RaftServerConfigKeys (ConfUtils.java:logGet(43)) - raft.server.log.preallocated.size = 16384 (custom)
2019-08-20 15:02:38,508 [pool-170-thread-1] INFO  server.RaftServerConfigKeys (ConfUtils.java:logGet(43)) - raft.server.log.write.buffer.size = 33554432 (custom)
2019-08-20 15:02:38,508 [pool-170-thread-1] INFO  server.RaftServerConfigKeys (ConfUtils.java:logGet(43)) - raft.server.log.force.sync.num = 128 (default)
2019-08-20 15:02:38,508 [pool-170-thread-1] INFO  server.RaftServerConfigKeys (ConfUtils.java:logGet(43)) - raft.server.log.statemachine.data.sync = true (default)
2019-08-20 15:02:38,509 [pool-170-thread-1] INFO  server.RaftServerConfigKeys (ConfUtils.java:logGet(43)) - raft.server.log.statemachine.data.sync.timeout = 10s (default)
2019-08-20 15:02:38,509 [pool-170-thread-1] INFO  server.RaftServerConfigKeys (ConfUtils.java:logGet(43)) - raft.server.log.statemachine.data.sync.timeout.retry = -1 (default)
2019-08-20 15:02:38,509 [pool-170-thread-1] INFO  server.RaftServerConfigKeys (ConfUtils.java:logGet(43)) - raft.server.log.statemachine.data.caching.enabled = true (custom)
2019-08-20 15:02:38,509 [pool-170-thread-1] INFO  segmented.SegmentedRaftLogWorker (SegmentedRaftLogWorker.java:lambda$new$0(132)) - de1a53ad-bbb1-4f1c-a870-9fe3ce57e0b8-SegmentedRaftLogWorker:Storage Directory /workdir/hadoop-ozone/integration-test/target/test-dir/MiniOzoneClusterImpl-c8129239-5fa4-43d5-9fc3-37839c077eab/datanode-2/data/ratis/9e91d51f-9ee7-4090-951e-f31bcabedffb: flushIndex: setUnconditionally 0 -> -1
2019-08-20 15:02:38,509 [pool-170-thread-1] INFO  server.RaftServerConfigKeys (ConfUtils.java:logGet(43)) - raft.server.snapshot.auto.trigger.enabled = true (custom)
2019-08-20 15:02:38,509 [pool-170-thread-1] INFO  server.RaftServerConfigKeys (ConfUtils.java:logGet(43)) - raft.server.snapshot.auto.trigger.threshold = 10000 (custom)
2019-08-20 15:02:38,510 [pool-170-thread-1] INFO  server.RaftServerConfigKeys (ConfUtils.java:logGet(43)) - raft.server.retrycache.expirytime = 600000ms (custom)
2019-08-20 15:02:38,510 [pool-170-thread-1] INFO  impl.RaftServerImpl (RaftServerImpl.java:start(180)) - de1a53ad-bbb1-4f1c-a870-9fe3ce57e0b8: start group-F31BCABEDFFB
2019-08-20 15:02:38,510 [pool-170-thread-1] INFO  impl.RaftServerImpl (RaftServerImpl.java:setRole(171)) - de1a53ad-bbb1-4f1c-a870-9fe3ce57e0b8:group-F31BCABEDFFB changes role from null to FOLLOWER at term 0 for startAsFollower
2019-08-20 15:02:38,510 [pool-170-thread-1] INFO  impl.RoleInfo (RoleInfo.java:updateAndGet(143)) - de1a53ad-bbb1-4f1c-a870-9fe3ce57e0b8: start FollowerState
2019-08-20 15:02:38,510 [pool-170-thread-1] INFO  util.JmxRegister (JmxRegister.java:tryRegister(44)) - Successfully registered JMX Bean with object name Ratis:service=RaftServer,group=group-F31BCABEDFFB,id=de1a53ad-bbb1-4f1c-a870-9fe3ce57e0b8
2019-08-20 15:02:38,514 [RatisPipelineUtilsThread] INFO  pipeline.PipelineStateManager (PipelineStateManager.java:addPipeline(56)) - Created pipeline Pipeline[ Id: 9e91d51f-9ee7-4090-951e-f31bcabedffb, Nodes: de1a53ad-bbb1-4f1c-a870-9fe3ce57e0b8{ip: 192.168.36.99, host: pr-hdds-1950-vsl5z-1698008226, networkLocation: /default-rack, certSerialId: null}, Type:RATIS, Factor:ONE, State:OPEN]
2019-08-20 15:02:38,522 [grpc-default-executor-0] INFO  impl.RaftServerProxy (RaftServerProxy.java:addNew(89)) - 5c23d56f-781b-40f4-b763-dd6ad64f36ec: addNew group-A35D86C80ADC:[5c23d56f-781b-40f4-b763-dd6ad64f36ec:192.168.36.99:41272] returns group-A35D86C80ADC:java.util.concurrent.CompletableFuture@4dcc93f5[Not completed]
2019-08-20 15:02:38,524 [pool-159-thread-1] INFO  impl.RaftServerImpl (RaftServerImpl.java:<init>(93)) - 5c23d56f-781b-40f4-b763-dd6ad64f36ec: new RaftServerImpl for group-A35D86C80ADC:[5c23d56f-781b-40f4-b763-dd6ad64f36ec:192.168.36.99:41272] with ContainerStateMachine:uninitialized
2019-08-20 15:02:38,524 [pool-159-thread-1] INFO  server.RaftServerConfigKeys (ConfUtils.java:logGet(43)) - raft.server.rpc.timeout.min = 5s (custom)
2019-08-20 15:02:38,524 [pool-159-thread-1] INFO  server.RaftServerConfigKeys (ConfUtils.java:logGet(43)) - raft.server.rpc.timeout.max = 5200ms (custom)
2019-08-20 15:02:38,524 [pool-159-thread-1] INFO  server.RaftServerConfigKeys (ConfUtils.java:logGet(43)) - raft.server.rpcslowness.timeout = 120s (custom)
2019-08-20 15:02:38,525 [pool-159-thread-1] INFO  server.RaftServerConfigKeys (ConfUtils.java:logGet(43)) - raft.server.sleep.deviation.threshold = 300 (default)
2019-08-20 15:02:38,525 [pool-159-thread-1] INFO  server.RaftServerConfigKeys (ConfUtils.java:logGet(43)) - raft.server.log.appender.install.snapshot.enabled = false (custom)
2019-08-20 15:02:38,525 [pool-159-thread-1] INFO  impl.RaftServerImpl (ServerState.java:<init>(105)) - 5c23d56f-781b-40f4-b763-dd6ad64f36ec:group-A35D86C80ADC ConfigurationManager, init=-1: [5c23d56f-781b-40f4-b763-dd6ad64f36ec:192.168.36.99:41272], old=null, confs=<EMPTY_MAP>
2019-08-20 15:02:38,525 [pool-159-thread-1] INFO  server.RaftServerConfigKeys (ConfUtils.java:logGet(43)) - raft.server.storage.dir = [/workdir/hadoop-ozone/integration-test/target/test-dir/MiniOzoneClusterImpl-c8129239-5fa4-43d5-9fc3-37839c077eab/datanode-1/data/ratis] (custom)
2019-08-20 15:02:38,525 [pool-159-thread-1] INFO  storage.RaftStorageDirectory (RaftStorageDirectory.java:analyzeStorage(246)) - The storage directory /workdir/hadoop-ozone/integration-test/target/test-dir/MiniOzoneClusterImpl-c8129239-5fa4-43d5-9fc3-37839c077eab/datanode-1/data/ratis/a5d859dd-1512-4ef5-9856-a35d86c80adc does not exist. Creating ...
2019-08-20 15:02:38,543 [Thread-604] INFO  impl.FollowerState (FollowerState.java:run(106)) - 5c23d56f-781b-40f4-b763-dd6ad64f36ec:group-A21C6EDDB2E2 changes to CANDIDATE, lastRpcTime:5064, electionTimeout:5064ms
2019-08-20 15:02:38,543 [Thread-604] INFO  impl.RoleInfo (RoleInfo.java:shutdownFollowerState(121)) - 5c23d56f-781b-40f4-b763-dd6ad64f36ec: shutdown FollowerState
2019-08-20 15:02:38,543 [Thread-604] INFO  impl.RaftServerImpl (RaftServerImpl.java:setRole(171)) - 5c23d56f-781b-40f4-b763-dd6ad64f36ec:group-A21C6EDDB2E2 changes role from FOLLOWER to CANDIDATE at term 1 for changeToCandidate
2019-08-20 15:02:38,543 [Thread-604] INFO  impl.RoleInfo (RoleInfo.java:updateAndGet(143)) - 5c23d56f-781b-40f4-b763-dd6ad64f36ec: start LeaderElection
2019-08-20 15:02:38,548 [pool-159-thread-1] INFO  storage.RaftStorageDirectory (RaftStorageDirectory.java:tryLock(328)) - Lock on /workdir/hadoop-ozone/integration-test/target/test-dir/MiniOzoneClusterImpl-c8129239-5fa4-43d5-9fc3-37839c077eab/datanode-1/data/ratis/a5d859dd-1512-4ef5-9856-a35d86c80adc/in_use.lock acquired by nodename 4043@pr-hdds-1950-vsl5z-1698008226
2019-08-20 15:02:38,562 [pool-159-thread-1] INFO  storage.RaftStorage (RaftStorage.java:format(72)) - Storage directory /workdir/hadoop-ozone/integration-test/target/test-dir/MiniOzoneClusterImpl-c8129239-5fa4-43d5-9fc3-37839c077eab/datanode-1/data/ratis/a5d859dd-1512-4ef5-9856-a35d86c80adc has been successfully formatted.
2019-08-20 15:02:38,562 [5c23d56f-781b-40f4-b763-dd6ad64f36ec:group-A21C6EDDB2E2:LeaderElection32] INFO  impl.LeaderElection (LeaderElection.java:askForVotes(181)) - 5c23d56f-781b-40f4-b763-dd6ad64f36ec:group-A21C6EDDB2E2:LeaderElection32: begin an election at term 2 for 0: [5c23d56f-781b-40f4-b763-dd6ad64f36ec:192.168.36.99:41272], old=null
2019-08-20 15:02:38,563 [pool-159-thread-1] INFO  ratis.ContainerStateMachine (ContainerStateMachine.java:loadSnapshot(222)) - group-A35D86C80ADC: The snapshot info is null. Setting the last applied indexto:(t:0, i:~)
2019-08-20 15:02:38,563 [5c23d56f-781b-40f4-b763-dd6ad64f36ec:group-A21C6EDDB2E2:LeaderElection32] INFO  impl.RoleInfo (RoleInfo.java:shutdownLeaderElection(134)) - 5c23d56f-781b-40f4-b763-dd6ad64f36ec: shutdown LeaderElection
2019-08-20 15:02:38,563 [pool-159-thread-1] INFO  server.RaftServerConfigKeys (ConfUtils.java:logGet(43)) - raft.server.leader.election.timeout = 120s (custom)
2019-08-20 15:02:38,563 [5c23d56f-781b-40f4-b763-dd6ad64f36ec:group-A21C6EDDB2E2:LeaderElection32] INFO  impl.RaftServerImpl (RaftServerImpl.java:setRole(171)) - 5c23d56f-781b-40f4-b763-dd6ad64f36ec:group-A21C6EDDB2E2 changes role from CANDIDATE to LEADER at term 2 for changeToLeader
2019-08-20 15:02:38,563 [pool-159-thread-1] INFO  server.RaftServerConfigKeys (ConfUtils.java:logGet(43)) - raft.server.log.use.memory = false (default)
2019-08-20 15:02:38,563 [5c23d56f-781b-40f4-b763-dd6ad64f36ec:group-A21C6EDDB2E2:LeaderElection32] INFO  impl.RaftServerImpl (ServerState.java:setLeader(263)) - 5c23d56f-781b-40f4-b763-dd6ad64f36ec:group-A21C6EDDB2E2 change Leader from null to 5c23d56f-781b-40f4-b763-dd6ad64f36ec at term 2 for becomeLeader, leader elected after 6682ms
2019-08-20 15:02:38,563 [pool-159-thread-1] INFO  server.RaftServerConfigKeys (ConfUtils.java:logGet(43)) - raft.server.log.purge.gap = 1000000 (custom)
2019-08-20 15:02:38,563 [5c23d56f-781b-40f4-b763-dd6ad64f36ec:group-A21C6EDDB2E2:LeaderElection32] INFO  server.RaftServerConfigKeys (ConfUtils.java:logGet(43)) - raft.server.staging.catchup.gap = 1000 (default)
2019-08-20 15:02:38,563 [pool-159-thread-1] INFO  server.RaftServerConfigKeys (ConfUtils.java:logGet(43)) - raft.server.log.appender.buffer.byte-limit = 33554432 (custom)
2019-08-20 15:02:38,564 [5c23d56f-781b-40f4-b763-dd6ad64f36ec:group-A21C6EDDB2E2:LeaderElection32] INFO  server.RaftServerConfigKeys (ConfUtils.java:logGet(43)) - raft.server.rpc.sleep.time = 25ms (default)
2019-08-20 15:02:38,564 [pool-159-thread-1] INFO  server.RaftServerConfigKeys (ConfUtils.java:logGet(43)) - raft.server.log.segment.size.max = 1048576 (custom)
2019-08-20 15:02:38,564 [5c23d56f-781b-40f4-b763-dd6ad64f36ec:group-A21C6EDDB2E2:LeaderElection32] INFO  server.RaftServerConfigKeys (ConfUtils.java:logGet(43)) - raft.server.write.element-limit = 4096 (default)
2019-08-20 15:02:38,564 [pool-159-thread-1] INFO  server.RaftServerConfigKeys (ConfUtils.java:logGet(43)) - raft.server.log.segment.cache.num.max = 2 (custom)
2019-08-20 15:02:38,564 [5c23d56f-781b-40f4-b763-dd6ad64f36ec:group-A21C6EDDB2E2:LeaderElection32] INFO  server.RaftServerConfigKeys (ConfUtils.java:logGet(43)) - raft.server.watch.timeout = 10s (default)
2019-08-20 15:02:38,564 [pool-159-thread-1] INFO  segmented.SegmentedRaftLogWorker (SegmentedRaftLogWorker.java:<init>(172)) - new 5c23d56f-781b-40f4-b763-dd6ad64f36ec-SegmentedRaftLogWorker:Storage Directory /workdir/hadoop-ozone/integration-test/target/test-dir/MiniOzoneClusterImpl-c8129239-5fa4-43d5-9fc3-37839c077eab/datanode-1/data/ratis/a5d859dd-1512-4ef5-9856-a35d86c80adc for RaftStorage:Storage Directory /workdir/hadoop-ozone/integration-test/target/test-dir/MiniOzoneClusterImpl-c8129239-5fa4-43d5-9fc3-37839c077eab/datanode-1/data/ratis/a5d859dd-1512-4ef5-9856-a35d86c80adc
2019-08-20 15:02:38,564 [5c23d56f-781b-40f4-b763-dd6ad64f36ec:group-A21C6EDDB2E2:LeaderElection32] INFO  server.RaftServerConfigKeys (ConfUtils.java:logGet(43)) - raft.server.watch.timeout.denomination = 1s (default)
2019-08-20 15:02:38,564 [pool-159-thread-1] INFO  server.RaftServerConfigKeys (ConfUtils.java:logGet(43)) - raft.server.log.queue.byte-limit = 2147483647 (custom)
2019-08-20 15:02:38,564 [5c23d56f-781b-40f4-b763-dd6ad64f36ec:group-A21C6EDDB2E2:LeaderElection32] INFO  server.RaftServerConfigKeys (ConfUtils.java:logGet(43)) - raft.server.watch.element-limit = 65536 (default)
2019-08-20 15:02:38,564 [pool-159-thread-1] INFO  server.RaftServerConfigKeys (ConfUtils.java:logGet(43)) - raft.server.log.queue.element-limit = 1024 (custom)
2019-08-20 15:02:38,564 [pool-159-thread-1] INFO  server.RaftServerConfigKeys (ConfUtils.java:logGet(43)) - raft.server.log.segment.size.max = 1048576 (custom)
2019-08-20 15:02:38,564 [5c23d56f-781b-40f4-b763-dd6ad64f36ec:group-A21C6EDDB2E2:LeaderElection32] INFO  impl.RoleInfo (RoleInfo.java:updateAndGet(143)) - 5c23d56f-781b-40f4-b763-dd6ad64f36ec: start LeaderState
2019-08-20 15:02:38,565 [pool-159-thread-1] INFO  server.RaftServerConfigKeys (ConfUtils.java:logGet(43)) - raft.server.log.preallocated.size = 16384 (custom)
2019-08-20 15:02:38,565 [pool-159-thread-1] INFO  server.RaftServerConfigKeys (ConfUtils.java:logGet(43)) - raft.server.log.write.buffer.size = 33554432 (custom)
2019-08-20 15:02:38,565 [pool-159-thread-1] INFO  server.RaftServerConfigKeys (ConfUtils.java:logGet(43)) - raft.server.log.force.sync.num = 128 (default)
2019-08-20 15:02:38,565 [pool-159-thread-1] INFO  server.RaftServerConfigKeys (ConfUtils.java:logGet(43)) - raft.server.log.statemachine.data.sync = true (default)
2019-08-20 15:02:38,565 [5c23d56f-781b-40f4-b763-dd6ad64f36ec:group-A21C6EDDB2E2:LeaderElection32] INFO  segmented.SegmentedRaftLogWorker (SegmentedRaftLogWorker.java:rollLogSegment(385)) - 5c23d56f-781b-40f4-b763-dd6ad64f36ec-SegmentedRaftLogWorker:Storage Directory /workdir/hadoop-ozone/integration-test/target/test-dir/MiniOzoneClusterImpl-c8129239-5fa4-43d5-9fc3-37839c077eab/datanode-1/data/ratis/7cfdef7b-3c15-4f53-9603-a21c6eddb2e2: Rolling segment log-0_0 to index:0
2019-08-20 15:02:38,565 [pool-159-thread-1] INFO  server.RaftServerConfigKeys (ConfUtils.java:logGet(43)) - raft.server.log.statemachine.data.sync.timeout = 10s (default)
2019-08-20 15:02:38,565 [pool-159-thread-1] INFO  server.RaftServerConfigKeys (ConfUtils.java:logGet(43)) - raft.server.log.statemachine.data.sync.timeout.retry = -1 (default)
2019-08-20 15:02:38,565 [pool-159-thread-1] INFO  server.RaftServerConfigKeys (ConfUtils.java:logGet(43)) - raft.server.log.statemachine.data.caching.enabled = true (custom)
2019-08-20 15:02:38,567 [pool-159-thread-1] INFO  segmented.SegmentedRaftLogWorker (SegmentedRaftLogWorker.java:lambda$new$0(132)) - 5c23d56f-781b-40f4-b763-dd6ad64f36ec-SegmentedRaftLogWorker:Storage Directory /workdir/hadoop-ozone/integration-test/target/test-dir/MiniOzoneClusterImpl-c8129239-5fa4-43d5-9fc3-37839c077eab/datanode-1/data/ratis/a5d859dd-1512-4ef5-9856-a35d86c80adc: flushIndex: setUnconditionally 0 -> -1
2019-08-20 15:02:38,567 [pool-159-thread-1] INFO  server.RaftServerConfigKeys (ConfUtils.java:logGet(43)) - raft.server.snapshot.auto.trigger.enabled = true (custom)
2019-08-20 15:02:38,567 [pool-159-thread-1] INFO  server.RaftServerConfigKeys (ConfUtils.java:logGet(43)) - raft.server.snapshot.auto.trigger.threshold = 10000 (custom)
2019-08-20 15:02:38,567 [pool-159-thread-1] INFO  server.RaftServerConfigKeys (ConfUtils.java:logGet(43)) - raft.server.retrycache.expirytime = 600000ms (custom)
2019-08-20 15:02:38,568 [pool-159-thread-1] INFO  impl.RaftServerImpl (RaftServerImpl.java:start(180)) - 5c23d56f-781b-40f4-b763-dd6ad64f36ec: start group-A35D86C80ADC
2019-08-20 15:02:38,568 [pool-159-thread-1] INFO  impl.RaftServerImpl (RaftServerImpl.java:setRole(171)) - 5c23d56f-781b-40f4-b763-dd6ad64f36ec:group-A35D86C80ADC changes role from null to FOLLOWER at term 0 for startAsFollower
2019-08-20 15:02:38,568 [pool-159-thread-1] INFO  impl.RoleInfo (RoleInfo.java:updateAndGet(143)) - 5c23d56f-781b-40f4-b763-dd6ad64f36ec: start FollowerState
2019-08-20 15:02:38,568 [pool-159-thread-1] INFO  util.JmxRegister (JmxRegister.java:tryRegister(44)) - Successfully registered JMX Bean with object name Ratis:service=RaftServer,group=group-A35D86C80ADC,id=5c23d56f-781b-40f4-b763-dd6ad64f36ec
2019-08-20 15:02:38,569 [5c23d56f-781b-40f4-b763-dd6ad64f36ec-SegmentedRaftLogWorker:Storage Directory /workdir/hadoop-ozone/integration-test/target/test-dir/MiniOzoneClusterImpl-c8129239-5fa4-43d5-9fc3-37839c077eab/datanode-1/data/ratis/7cfdef7b-3c15-4f53-9603-a21c6eddb2e2] INFO  segmented.SegmentedRaftLogWorker (SegmentedRaftLogWorker.java:execute(526)) - 5c23d56f-781b-40f4-b763-dd6ad64f36ec-SegmentedRaftLogWorker:Storage Directory /workdir/hadoop-ozone/integration-test/target/test-dir/MiniOzoneClusterImpl-c8129239-5fa4-43d5-9fc3-37839c077eab/datanode-1/data/ratis/7cfdef7b-3c15-4f53-9603-a21c6eddb2e2: Rolled log segment from /workdir/hadoop-ozone/integration-test/target/test-dir/MiniOzoneClusterImpl-c8129239-5fa4-43d5-9fc3-37839c077eab/datanode-1/data/ratis/7cfdef7b-3c15-4f53-9603-a21c6eddb2e2/current/log_inprogress_0 to /workdir/hadoop-ozone/integration-test/target/test-dir/MiniOzoneClusterImpl-c8129239-5fa4-43d5-9fc3-37839c077eab/datanode-1/data/ratis/7cfdef7b-3c15-4f53-9603-a21c6eddb2e2/current/log_0-0
2019-08-20 15:02:38,598 [5c23d56f-781b-40f4-b763-dd6ad64f36ec:group-A21C6EDDB2E2:LeaderElection32] INFO  impl.RaftServerImpl (ServerState.java:setRaftConf(361)) - 5c23d56f-781b-40f4-b763-dd6ad64f36ec:group-A21C6EDDB2E2 set configuration 1: [5c23d56f-781b-40f4-b763-dd6ad64f36ec:192.168.36.99:41272], old=null at 1
2019-08-20 15:02:38,598 [RatisPipelineUtilsThread] INFO  pipeline.PipelineStateManager (PipelineStateManager.java:addPipeline(56)) - Created pipeline Pipeline[ Id: a5d859dd-1512-4ef5-9856-a35d86c80adc, Nodes: 5c23d56f-781b-40f4-b763-dd6ad64f36ec{ip: 192.168.36.99, host: pr-hdds-1950-vsl5z-1698008226, networkLocation: /default-rack, certSerialId: null}, Type:RATIS, Factor:ONE, State:OPEN]
2019-08-20 15:02:38,613 [grpc-default-executor-1] INFO  impl.RaftServerProxy (RaftServerProxy.java:addNew(89)) - 5c23d56f-781b-40f4-b763-dd6ad64f36ec: addNew group-FBB36F06D93F:[5c23d56f-781b-40f4-b763-dd6ad64f36ec:192.168.36.99:41272, de1a53ad-bbb1-4f1c-a870-9fe3ce57e0b8:192.168.36.99:33849, 8b1d3c45-464e-411c-9a1c-fa8558034422:192.168.36.99:44849] returns group-FBB36F06D93F:java.util.concurrent.CompletableFuture@7a163842[Not completed]
2019-08-20 15:02:38,613 [grpc-default-executor-0] INFO  impl.RaftServerProxy (RaftServerProxy.java:addNew(89)) - 8b1d3c45-464e-411c-9a1c-fa8558034422: addNew group-FBB36F06D93F:[5c23d56f-781b-40f4-b763-dd6ad64f36ec:192.168.36.99:41272, de1a53ad-bbb1-4f1c-a870-9fe3ce57e0b8:192.168.36.99:33849, 8b1d3c45-464e-411c-9a1c-fa8558034422:192.168.36.99:44849] returns group-FBB36F06D93F:java.util.concurrent.CompletableFuture@6eec9c37[Not completed]
2019-08-20 15:02:38,615 [grpc-default-executor-1] INFO  impl.RaftServerProxy (RaftServerProxy.java:addNew(89)) - de1a53ad-bbb1-4f1c-a870-9fe3ce57e0b8: addNew group-FBB36F06D93F:[5c23d56f-781b-40f4-b763-dd6ad64f36ec:192.168.36.99:41272, de1a53ad-bbb1-4f1c-a870-9fe3ce57e0b8:192.168.36.99:33849, 8b1d3c45-464e-411c-9a1c-fa8558034422:192.168.36.99:44849] returns group-FBB36F06D93F:java.util.concurrent.CompletableFuture@7e29b3d8[Not completed]
2019-08-20 15:02:38,615 [pool-159-thread-1] INFO  impl.RaftServerImpl (RaftServerImpl.java:<init>(93)) - 5c23d56f-781b-40f4-b763-dd6ad64f36ec: new RaftServerImpl for group-FBB36F06D93F:[5c23d56f-781b-40f4-b763-dd6ad64f36ec:192.168.36.99:41272, de1a53ad-bbb1-4f1c-a870-9fe3ce57e0b8:192.168.36.99:33849, 8b1d3c45-464e-411c-9a1c-fa8558034422:192.168.36.99:44849] with ContainerStateMachine:uninitialized
2019-08-20 15:02:38,615 [pool-159-thread-1] INFO  server.RaftServerConfigKeys (ConfUtils.java:logGet(43)) - raft.server.rpc.timeout.min = 5s (custom)
2019-08-20 15:02:38,615 [pool-159-thread-1] INFO  server.RaftServerConfigKeys (ConfUtils.java:logGet(43)) - raft.server.rpc.timeout.max = 5200ms (custom)
2019-08-20 15:02:38,615 [pool-159-thread-1] INFO  server.RaftServerConfigKeys (ConfUtils.java:logGet(43)) - raft.server.rpcslowness.timeout = 120s (custom)
2019-08-20 15:02:38,616 [pool-159-thread-1] INFO  server.RaftServerConfigKeys (ConfUtils.java:logGet(43)) - raft.server.sleep.deviation.threshold = 300 (default)
2019-08-20 15:02:38,616 [pool-148-thread-1] INFO  impl.RaftServerImpl (RaftServerImpl.java:<init>(93)) - 8b1d3c45-464e-411c-9a1c-fa8558034422: new RaftServerImpl for group-FBB36F06D93F:[5c23d56f-781b-40f4-b763-dd6ad64f36ec:192.168.36.99:41272, de1a53ad-bbb1-4f1c-a870-9fe3ce57e0b8:192.168.36.99:33849, 8b1d3c45-464e-411c-9a1c-fa8558034422:192.168.36.99:44849] with ContainerStateMachine:uninitialized
2019-08-20 15:02:38,616 [pool-159-thread-1] INFO  server.RaftServerConfigKeys (ConfUtils.java:logGet(43)) - raft.server.log.appender.install.snapshot.enabled = false (custom)
2019-08-20 15:02:38,616 [pool-148-thread-1] INFO  server.RaftServerConfigKeys (ConfUtils.java:logGet(43)) - raft.server.rpc.timeout.min = 5s (custom)
2019-08-20 15:02:38,616 [pool-159-thread-1] INFO  impl.RaftServerImpl (ServerState.java:<init>(105)) - 5c23d56f-781b-40f4-b763-dd6ad64f36ec:group-FBB36F06D93F ConfigurationManager, init=-1: [5c23d56f-781b-40f4-b763-dd6ad64f36ec:192.168.36.99:41272, de1a53ad-bbb1-4f1c-a870-9fe3ce57e0b8:192.168.36.99:33849, 8b1d3c45-464e-411c-9a1c-fa8558034422:192.168.36.99:44849], old=null, confs=<EMPTY_MAP>
2019-08-20 15:02:38,616 [pool-170-thread-1] INFO  impl.RaftServerImpl (RaftServerImpl.java:<init>(93)) - de1a53ad-bbb1-4f1c-a870-9fe3ce57e0b8: new RaftServerImpl for group-FBB36F06D93F:[5c23d56f-781b-40f4-b763-dd6ad64f36ec:192.168.36.99:41272, de1a53ad-bbb1-4f1c-a870-9fe3ce57e0b8:192.168.36.99:33849, 8b1d3c45-464e-411c-9a1c-fa8558034422:192.168.36.99:44849] with ContainerStateMachine:uninitialized
2019-08-20 15:02:38,616 [pool-148-thread-1] INFO  server.RaftServerConfigKeys (ConfUtils.java:logGet(43)) - raft.server.rpc.timeout.max = 5200ms (custom)
2019-08-20 15:02:38,616 [pool-170-thread-1] INFO  server.RaftServerConfigKeys (ConfUtils.java:logGet(43)) - raft.server.rpc.timeout.min = 5s (custom)
2019-08-20 15:02:38,616 [pool-159-thread-1] INFO  server.RaftServerConfigKeys (ConfUtils.java:logGet(43)) - raft.server.storage.dir = [/workdir/hadoop-ozone/integration-test/target/test-dir/MiniOzoneClusterImpl-c8129239-5fa4-43d5-9fc3-37839c077eab/datanode-1/data/ratis] (custom)
2019-08-20 15:02:38,616 [pool-170-thread-1] INFO  server.RaftServerConfigKeys (ConfUtils.java:logGet(43)) - raft.server.rpc.timeout.max = 5200ms (custom)
2019-08-20 15:02:38,616 [pool-148-thread-1] INFO  server.RaftServerConfigKeys (ConfUtils.java:logGet(43)) - raft.server.rpcslowness.timeout = 120s (custom)
2019-08-20 15:02:38,616 [pool-170-thread-1] INFO  server.RaftServerConfigKeys (ConfUtils.java:logGet(43)) - raft.server.rpcslowness.timeout = 120s (custom)
2019-08-20 15:02:38,616 [pool-159-thread-1] INFO  storage.RaftStorageDirectory (RaftStorageDirectory.java:analyzeStorage(246)) - The storage directory /workdir/hadoop-ozone/integration-test/target/test-dir/MiniOzoneClusterImpl-c8129239-5fa4-43d5-9fc3-37839c077eab/datanode-1/data/ratis/2cb955bf-d115-4c62-92cb-fbb36f06d93f does not exist. Creating ...
2019-08-20 15:02:38,616 [pool-148-thread-1] INFO  server.RaftServerConfigKeys (ConfUtils.java:logGet(43)) - raft.server.sleep.deviation.threshold = 300 (default)
2019-08-20 15:02:38,616 [pool-170-thread-1] INFO  server.RaftServerConfigKeys (ConfUtils.java:logGet(43)) - raft.server.sleep.deviation.threshold = 300 (default)
2019-08-20 15:02:38,617 [pool-148-thread-1] INFO  server.RaftServerConfigKeys (ConfUtils.java:logGet(43)) - raft.server.log.appender.install.snapshot.enabled = false (custom)
2019-08-20 15:02:38,617 [pool-170-thread-1] INFO  server.RaftServerConfigKeys (ConfUtils.java:logGet(43)) - raft.server.log.appender.install.snapshot.enabled = false (custom)
2019-08-20 15:02:38,617 [pool-148-thread-1] INFO  impl.RaftServerImpl (ServerState.java:<init>(105)) - 8b1d3c45-464e-411c-9a1c-fa8558034422:group-FBB36F06D93F ConfigurationManager, init=-1: [5c23d56f-781b-40f4-b763-dd6ad64f36ec:192.168.36.99:41272, de1a53ad-bbb1-4f1c-a870-9fe3ce57e0b8:192.168.36.99:33849, 8b1d3c45-464e-411c-9a1c-fa8558034422:192.168.36.99:44849], old=null, confs=<EMPTY_MAP>
2019-08-20 15:02:38,617 [pool-170-thread-1] INFO  impl.RaftServerImpl (ServerState.java:<init>(105)) - de1a53ad-bbb1-4f1c-a870-9fe3ce57e0b8:group-FBB36F06D93F ConfigurationManager, init=-1: [5c23d56f-781b-40f4-b763-dd6ad64f36ec:192.168.36.99:41272, de1a53ad-bbb1-4f1c-a870-9fe3ce57e0b8:192.168.36.99:33849, 8b1d3c45-464e-411c-9a1c-fa8558034422:192.168.36.99:44849], old=null, confs=<EMPTY_MAP>
2019-08-20 15:02:38,617 [pool-148-thread-1] INFO  server.RaftServerConfigKeys (ConfUtils.java:logGet(43)) - raft.server.storage.dir = [/workdir/hadoop-ozone/integration-test/target/test-dir/MiniOzoneClusterImpl-c8129239-5fa4-43d5-9fc3-37839c077eab/datanode-0/data/ratis] (custom)
2019-08-20 15:02:38,617 [pool-170-thread-1] INFO  server.RaftServerConfigKeys (ConfUtils.java:logGet(43)) - raft.server.storage.dir = [/workdir/hadoop-ozone/integration-test/target/test-dir/MiniOzoneClusterImpl-c8129239-5fa4-43d5-9fc3-37839c077eab/datanode-2/data/ratis] (custom)
2019-08-20 15:02:38,617 [pool-148-thread-1] INFO  storage.RaftStorageDirectory (RaftStorageDirectory.java:analyzeStorage(246)) - The storage directory /workdir/hadoop-ozone/integration-test/target/test-dir/MiniOzoneClusterImpl-c8129239-5fa4-43d5-9fc3-37839c077eab/datanode-0/data/ratis/2cb955bf-d115-4c62-92cb-fbb36f06d93f does not exist. Creating ...
2019-08-20 15:02:38,617 [pool-170-thread-1] INFO  storage.RaftStorageDirectory (RaftStorageDirectory.java:analyzeStorage(246)) - The storage directory /workdir/hadoop-ozone/integration-test/target/test-dir/MiniOzoneClusterImpl-c8129239-5fa4-43d5-9fc3-37839c077eab/datanode-2/data/ratis/2cb955bf-d115-4c62-92cb-fbb36f06d93f does not exist. Creating ...
2019-08-20 15:02:38,621 [5c23d56f-781b-40f4-b763-dd6ad64f36ec-SegmentedRaftLogWorker:Storage Directory /workdir/hadoop-ozone/integration-test/target/test-dir/MiniOzoneClusterImpl-c8129239-5fa4-43d5-9fc3-37839c077eab/datanode-1/data/ratis/7cfdef7b-3c15-4f53-9603-a21c6eddb2e2] INFO  segmented.SegmentedRaftLogWorker (SegmentedRaftLogWorker.java:execute(569)) - 5c23d56f-781b-40f4-b763-dd6ad64f36ec-SegmentedRaftLogWorker:Storage Directory /workdir/hadoop-ozone/integration-test/target/test-dir/MiniOzoneClusterImpl-c8129239-5fa4-43d5-9fc3-37839c077eab/datanode-1/data/ratis/7cfdef7b-3c15-4f53-9603-a21c6eddb2e2: created new log segment /workdir/hadoop-ozone/integration-test/target/test-dir/MiniOzoneClusterImpl-c8129239-5fa4-43d5-9fc3-37839c077eab/datanode-1/data/ratis/7cfdef7b-3c15-4f53-9603-a21c6eddb2e2/current/log_inprogress_1
2019-08-20 15:02:38,648 [pool-159-thread-1] INFO  storage.RaftStorageDirectory (RaftStorageDirectory.java:tryLock(328)) - Lock on /workdir/hadoop-ozone/integration-test/target/test-dir/MiniOzoneClusterImpl-c8129239-5fa4-43d5-9fc3-37839c077eab/datanode-1/data/ratis/2cb955bf-d115-4c62-92cb-fbb36f06d93f/in_use.lock acquired by nodename 4043@pr-hdds-1950-vsl5z-1698008226
2019-08-20 15:02:38,648 [pool-170-thread-1] INFO  storage.RaftStorageDirectory (RaftStorageDirectory.java:tryLock(328)) - Lock on /workdir/hadoop-ozone/integration-test/target/test-dir/MiniOzoneClusterImpl-c8129239-5fa4-43d5-9fc3-37839c077eab/datanode-2/data/ratis/2cb955bf-d115-4c62-92cb-fbb36f06d93f/in_use.lock acquired by nodename 4043@pr-hdds-1950-vsl5z-1698008226
2019-08-20 15:02:38,648 [pool-148-thread-1] INFO  storage.RaftStorageDirectory (RaftStorageDirectory.java:tryLock(328)) - Lock on /workdir/hadoop-ozone/integration-test/target/test-dir/MiniOzoneClusterImpl-c8129239-5fa4-43d5-9fc3-37839c077eab/datanode-0/data/ratis/2cb955bf-d115-4c62-92cb-fbb36f06d93f/in_use.lock acquired by nodename 4043@pr-hdds-1950-vsl5z-1698008226
2019-08-20 15:02:38,671 [pool-159-thread-1] INFO  storage.RaftStorage (RaftStorage.java:format(72)) - Storage directory /workdir/hadoop-ozone/integration-test/target/test-dir/MiniOzoneClusterImpl-c8129239-5fa4-43d5-9fc3-37839c077eab/datanode-1/data/ratis/2cb955bf-d115-4c62-92cb-fbb36f06d93f has been successfully formatted.
2019-08-20 15:02:38,671 [pool-170-thread-1] INFO  storage.RaftStorage (RaftStorage.java:format(72)) - Storage directory /workdir/hadoop-ozone/integration-test/target/test-dir/MiniOzoneClusterImpl-c8129239-5fa4-43d5-9fc3-37839c077eab/datanode-2/data/ratis/2cb955bf-d115-4c62-92cb-fbb36f06d93f has been successfully formatted.
2019-08-20 15:02:38,671 [pool-148-thread-1] INFO  storage.RaftStorage (RaftStorage.java:format(72)) - Storage directory /workdir/hadoop-ozone/integration-test/target/test-dir/MiniOzoneClusterImpl-c8129239-5fa4-43d5-9fc3-37839c077eab/datanode-0/data/ratis/2cb955bf-d115-4c62-92cb-fbb36f06d93f has been successfully formatted.
2019-08-20 15:02:38,671 [pool-159-thread-1] INFO  ratis.ContainerStateMachine (ContainerStateMachine.java:loadSnapshot(222)) - group-FBB36F06D93F: The snapshot info is null. Setting the last applied indexto:(t:0, i:~)
2019-08-20 15:02:38,671 [pool-170-thread-1] INFO  ratis.ContainerStateMachine (ContainerStateMachine.java:loadSnapshot(222)) - group-FBB36F06D93F: The snapshot info is null. Setting the last applied indexto:(t:0, i:~)
2019-08-20 15:02:38,671 [pool-159-thread-1] INFO  server.RaftServerConfigKeys (ConfUtils.java:logGet(43)) - raft.server.leader.election.timeout = 120s (custom)
2019-08-20 15:02:38,671 [pool-148-thread-1] INFO  ratis.ContainerStateMachine (ContainerStateMachine.java:loadSnapshot(222)) - group-FBB36F06D93F: The snapshot info is null. Setting the last applied indexto:(t:0, i:~)
2019-08-20 15:02:38,672 [pool-159-thread-1] INFO  server.RaftServerConfigKeys (ConfUtils.java:logGet(43)) - raft.server.log.use.memory = false (default)
2019-08-20 15:02:38,671 [pool-170-thread-1] INFO  server.RaftServerConfigKeys (ConfUtils.java:logGet(43)) - raft.server.leader.election.timeout = 120s (custom)
2019-08-20 15:02:38,672 [pool-159-thread-1] INFO  server.RaftServerConfigKeys (ConfUtils.java:logGet(43)) - raft.server.log.purge.gap = 1000000 (custom)
2019-08-20 15:02:38,672 [pool-148-thread-1] INFO  server.RaftServerConfigKeys (ConfUtils.java:logGet(43)) - raft.server.leader.election.timeout = 120s (custom)
2019-08-20 15:02:38,672 [pool-159-thread-1] INFO  server.RaftServerConfigKeys (ConfUtils.java:logGet(43)) - raft.server.log.appender.buffer.byte-limit = 33554432 (custom)
2019-08-20 15:02:38,672 [pool-170-thread-1] INFO  server.RaftServerConfigKeys (ConfUtils.java:logGet(43)) - raft.server.log.use.memory = false (default)
2019-08-20 15:02:38,672 [pool-159-thread-1] INFO  server.RaftServerConfigKeys (ConfUtils.java:logGet(43)) - raft.server.log.segment.size.max = 1048576 (custom)
2019-08-20 15:02:38,672 [pool-148-thread-1] INFO  server.RaftServerConfigKeys (ConfUtils.java:logGet(43)) - raft.server.log.use.memory = false (default)
2019-08-20 15:02:38,672 [pool-159-thread-1] INFO  server.RaftServerConfigKeys (ConfUtils.java:logGet(43)) - raft.server.log.segment.cache.num.max = 2 (custom)
2019-08-20 15:02:38,672 [pool-170-thread-1] INFO  server.RaftServerConfigKeys (ConfUtils.java:logGet(43)) - raft.server.log.purge.gap = 1000000 (custom)
2019-08-20 15:02:38,672 [pool-159-thread-1] INFO  segmented.SegmentedRaftLogWorker (SegmentedRaftLogWorker.java:<init>(172)) - new 5c23d56f-781b-40f4-b763-dd6ad64f36ec-SegmentedRaftLogWorker:Storage Directory /workdir/hadoop-ozone/integration-test/target/test-dir/MiniOzoneClusterImpl-c8129239-5fa4-43d5-9fc3-37839c077eab/datanode-1/data/ratis/2cb955bf-d115-4c62-92cb-fbb36f06d93f for RaftStorage:Storage Directory /workdir/hadoop-ozone/integration-test/target/test-dir/MiniOzoneClusterImpl-c8129239-5fa4-43d5-9fc3-37839c077eab/datanode-1/data/ratis/2cb955bf-d115-4c62-92cb-fbb36f06d93f
2019-08-20 15:02:38,672 [pool-148-thread-1] INFO  server.RaftServerConfigKeys (ConfUtils.java:logGet(43)) - raft.server.log.purge.gap = 1000000 (custom)
2019-08-20 15:02:38,673 [pool-159-thread-1] INFO  server.RaftServerConfigKeys (ConfUtils.java:logGet(43)) - raft.server.log.queue.byte-limit = 2147483647 (custom)
2019-08-20 15:02:38,673 [pool-170-thread-1] INFO  server.RaftServerConfigKeys (ConfUtils.java:logGet(43)) - raft.server.log.appender.buffer.byte-limit = 33554432 (custom)
2019-08-20 15:02:38,673 [pool-159-thread-1] INFO  server.RaftServerConfigKeys (ConfUtils.java:logGet(43)) - raft.server.log.queue.element-limit = 1024 (custom)
2019-08-20 15:02:38,673 [pool-148-thread-1] INFO  server.RaftServerConfigKeys (ConfUtils.java:logGet(43)) - raft.server.log.appender.buffer.byte-limit = 33554432 (custom)
2019-08-20 15:02:38,673 [pool-159-thread-1] INFO  server.RaftServerConfigKeys (ConfUtils.java:logGet(43)) - raft.server.log.segment.size.max = 1048576 (custom)
2019-08-20 15:02:38,673 [pool-170-thread-1] INFO  server.RaftServerConfigKeys (ConfUtils.java:logGet(43)) - raft.server.log.segment.size.max = 1048576 (custom)
2019-08-20 15:02:38,673 [pool-159-thread-1] INFO  server.RaftServerConfigKeys (ConfUtils.java:logGet(43)) - raft.server.log.preallocated.size = 16384 (custom)
2019-08-20 15:02:38,673 [pool-148-thread-1] INFO  server.RaftServerConfigKeys (ConfUtils.java:logGet(43)) - raft.server.log.segment.size.max = 1048576 (custom)
2019-08-20 15:02:38,674 [pool-159-thread-1] INFO  server.RaftServerConfigKeys (ConfUtils.java:logGet(43)) - raft.server.log.write.buffer.size = 33554432 (custom)
2019-08-20 15:02:38,673 [pool-170-thread-1] INFO  server.RaftServerConfigKeys (ConfUtils.java:logGet(43)) - raft.server.log.segment.cache.num.max = 2 (custom)
2019-08-20 15:02:38,674 [pool-159-thread-1] INFO  server.RaftServerConfigKeys (ConfUtils.java:logGet(43)) - raft.server.log.force.sync.num = 128 (default)
2019-08-20 15:02:38,674 [pool-148-thread-1] INFO  server.RaftServerConfigKeys (ConfUtils.java:logGet(43)) - raft.server.log.segment.cache.num.max = 2 (custom)
2019-08-20 15:02:38,674 [pool-159-thread-1] INFO  server.RaftServerConfigKeys (ConfUtils.java:logGet(43)) - raft.server.log.statemachine.data.sync = true (default)
2019-08-20 15:02:38,674 [pool-170-thread-1] INFO  segmented.SegmentedRaftLogWorker (SegmentedRaftLogWorker.java:<init>(172)) - new de1a53ad-bbb1-4f1c-a870-9fe3ce57e0b8-SegmentedRaftLogWorker:Storage Directory /workdir/hadoop-ozone/integration-test/target/test-dir/MiniOzoneClusterImpl-c8129239-5fa4-43d5-9fc3-37839c077eab/datanode-2/data/ratis/2cb955bf-d115-4c62-92cb-fbb36f06d93f for RaftStorage:Storage Directory /workdir/hadoop-ozone/integration-test/target/test-dir/MiniOzoneClusterImpl-c8129239-5fa4-43d5-9fc3-37839c077eab/datanode-2/data/ratis/2cb955bf-d115-4c62-92cb-fbb36f06d93f
2019-08-20 15:02:38,674 [pool-159-thread-1] INFO  server.RaftServerConfigKeys (ConfUtils.java:logGet(43)) - raft.server.log.statemachine.data.sync.timeout = 10s (default)
2019-08-20 15:02:38,674 [pool-148-thread-1] INFO  segmented.SegmentedRaftLogWorker (SegmentedRaftLogWorker.java:<init>(172)) - new 8b1d3c45-464e-411c-9a1c-fa8558034422-SegmentedRaftLogWorker:Storage Directory /workdir/hadoop-ozone/integration-test/target/test-dir/MiniOzoneClusterImpl-c8129239-5fa4-43d5-9fc3-37839c077eab/datanode-0/data/ratis/2cb955bf-d115-4c62-92cb-fbb36f06d93f for RaftStorage:Storage Directory /workdir/hadoop-ozone/integration-test/target/test-dir/MiniOzoneClusterImpl-c8129239-5fa4-43d5-9fc3-37839c077eab/datanode-0/data/ratis/2cb955bf-d115-4c62-92cb-fbb36f06d93f
2019-08-20 15:02:38,674 [pool-159-thread-1] INFO  server.RaftServerConfigKeys (ConfUtils.java:logGet(43)) - raft.server.log.statemachine.data.sync.timeout.retry = -1 (default)
2019-08-20 15:02:38,674 [pool-170-thread-1] INFO  server.RaftServerConfigKeys (ConfUtils.java:logGet(43)) - raft.server.log.queue.byte-limit = 2147483647 (custom)
2019-08-20 15:02:38,675 [pool-159-thread-1] INFO  server.RaftServerConfigKeys (ConfUtils.java:logGet(43)) - raft.server.log.statemachine.data.caching.enabled = true (custom)
2019-08-20 15:02:38,674 [pool-148-thread-1] INFO  server.RaftServerConfigKeys (ConfUtils.java:logGet(43)) - raft.server.log.queue.byte-limit = 2147483647 (custom)
2019-08-20 15:02:38,675 [pool-170-thread-1] INFO  server.RaftServerConfigKeys (ConfUtils.java:logGet(43)) - raft.server.log.queue.element-limit = 1024 (custom)
2019-08-20 15:02:38,675 [pool-159-thread-1] INFO  segmented.SegmentedRaftLogWorker (SegmentedRaftLogWorker.java:lambda$new$0(132)) - 5c23d56f-781b-40f4-b763-dd6ad64f36ec-SegmentedRaftLogWorker:Storage Directory /workdir/hadoop-ozone/integration-test/target/test-dir/MiniOzoneClusterImpl-c8129239-5fa4-43d5-9fc3-37839c077eab/datanode-1/data/ratis/2cb955bf-d115-4c62-92cb-fbb36f06d93f: flushIndex: setUnconditionally 0 -> -1
2019-08-20 15:02:38,675 [pool-148-thread-1] INFO  server.RaftServerConfigKeys (ConfUtils.java:logGet(43)) - raft.server.log.queue.element-limit = 1024 (custom)
2019-08-20 15:02:38,675 [pool-170-thread-1] INFO  server.RaftServerConfigKeys (ConfUtils.java:logGet(43)) - raft.server.log.segment.size.max = 1048576 (custom)
2019-08-20 15:02:38,675 [pool-159-thread-1] INFO  server.RaftServerConfigKeys (ConfUtils.java:logGet(43)) - raft.server.snapshot.auto.trigger.enabled = true (custom)
2019-08-20 15:02:38,675 [pool-148-thread-1] INFO  server.RaftServerConfigKeys (ConfUtils.java:logGet(43)) - raft.server.log.segment.size.max = 1048576 (custom)
2019-08-20 15:02:38,675 [pool-159-thread-1] INFO  server.RaftServerConfigKeys (ConfUtils.java:logGet(43)) - raft.server.snapshot.auto.trigger.threshold = 10000 (custom)
2019-08-20 15:02:38,675 [pool-170-thread-1] INFO  server.RaftServerConfigKeys (ConfUtils.java:logGet(43)) - raft.server.log.preallocated.size = 16384 (custom)
2019-08-20 15:02:38,675 [pool-159-thread-1] INFO  server.RaftServerConfigKeys (ConfUtils.java:logGet(43)) - raft.server.retrycache.expirytime = 600000ms (custom)
2019-08-20 15:02:38,675 [pool-148-thread-1] INFO  server.RaftServerConfigKeys (ConfUtils.java:logGet(43)) - raft.server.log.preallocated.size = 16384 (custom)
2019-08-20 15:02:38,676 [pool-159-thread-1] INFO  impl.RaftServerImpl (RaftServerImpl.java:start(180)) - 5c23d56f-781b-40f4-b763-dd6ad64f36ec: start group-FBB36F06D93F
2019-08-20 15:02:38,676 [pool-170-thread-1] INFO  server.RaftServerConfigKeys (ConfUtils.java:logGet(43)) - raft.server.log.write.buffer.size = 33554432 (custom)
2019-08-20 15:02:38,676 [pool-159-thread-1] INFO  impl.RaftServerImpl (RaftServerImpl.java:setRole(171)) - 5c23d56f-781b-40f4-b763-dd6ad64f36ec:group-FBB36F06D93F changes role from null to FOLLOWER at term 0 for startAsFollower
2019-08-20 15:02:38,676 [pool-148-thread-1] INFO  server.RaftServerConfigKeys (ConfUtils.java:logGet(43)) - raft.server.log.write.buffer.size = 33554432 (custom)
2019-08-20 15:02:38,676 [pool-159-thread-1] INFO  impl.RoleInfo (RoleInfo.java:updateAndGet(143)) - 5c23d56f-781b-40f4-b763-dd6ad64f36ec: start FollowerState
2019-08-20 15:02:38,676 [pool-170-thread-1] INFO  server.RaftServerConfigKeys (ConfUtils.java:logGet(43)) - raft.server.log.force.sync.num = 128 (default)
2019-08-20 15:02:38,676 [pool-148-thread-1] INFO  server.RaftServerConfigKeys (ConfUtils.java:logGet(43)) - raft.server.log.force.sync.num = 128 (default)
2019-08-20 15:02:38,676 [pool-170-thread-1] INFO  server.RaftServerConfigKeys (ConfUtils.java:logGet(43)) - raft.server.log.statemachine.data.sync = true (default)
2019-08-20 15:02:38,676 [pool-159-thread-1] INFO  util.JmxRegister (JmxRegister.java:tryRegister(44)) - Successfully registered JMX Bean with object name Ratis:service=RaftServer,group=group-FBB36F06D93F,id=5c23d56f-781b-40f4-b763-dd6ad64f36ec
2019-08-20 15:02:38,676 [pool-148-thread-1] INFO  server.RaftServerConfigKeys (ConfUtils.java:logGet(43)) - raft.server.log.statemachine.data.sync = true (default)
2019-08-20 15:02:38,677 [pool-170-thread-1] INFO  server.RaftServerConfigKeys (ConfUtils.java:logGet(43)) - raft.server.log.statemachine.data.sync.timeout = 10s (default)
2019-08-20 15:02:38,677 [pool-148-thread-1] INFO  server.RaftServerConfigKeys (ConfUtils.java:logGet(43)) - raft.server.log.statemachine.data.sync.timeout = 10s (default)
2019-08-20 15:02:38,677 [pool-170-thread-1] INFO  server.RaftServerConfigKeys (ConfUtils.java:logGet(43)) - raft.server.log.statemachine.data.sync.timeout.retry = -1 (default)
2019-08-20 15:02:38,677 [pool-148-thread-1] INFO  server.RaftServerConfigKeys (ConfUtils.java:logGet(43)) - raft.server.log.statemachine.data.sync.timeout.retry = -1 (default)
2019-08-20 15:02:38,677 [pool-170-thread-1] INFO  server.RaftServerConfigKeys (ConfUtils.java:logGet(43)) - raft.server.log.statemachine.data.caching.enabled = true (custom)
2019-08-20 15:02:38,677 [pool-148-thread-1] INFO  server.RaftServerConfigKeys (ConfUtils.java:logGet(43)) - raft.server.log.statemachine.data.caching.enabled = true (custom)
2019-08-20 15:02:38,678 [pool-170-thread-1] INFO  segmented.SegmentedRaftLogWorker (SegmentedRaftLogWorker.java:lambda$new$0(132)) - de1a53ad-bbb1-4f1c-a870-9fe3ce57e0b8-SegmentedRaftLogWorker:Storage Directory /workdir/hadoop-ozone/integration-test/target/test-dir/MiniOzoneClusterImpl-c8129239-5fa4-43d5-9fc3-37839c077eab/datanode-2/data/ratis/2cb955bf-d115-4c62-92cb-fbb36f06d93f: flushIndex: setUnconditionally 0 -> -1
2019-08-20 15:02:38,678 [pool-148-thread-1] INFO  segmented.SegmentedRaftLogWorker (SegmentedRaftLogWorker.java:lambda$new$0(132)) - 8b1d3c45-464e-411c-9a1c-fa8558034422-SegmentedRaftLogWorker:Storage Directory /workdir/hadoop-ozone/integration-test/target/test-dir/MiniOzoneClusterImpl-c8129239-5fa4-43d5-9fc3-37839c077eab/datanode-0/data/ratis/2cb955bf-d115-4c62-92cb-fbb36f06d93f: flushIndex: setUnconditionally 0 -> -1
2019-08-20 15:02:38,678 [pool-170-thread-1] INFO  server.RaftServerConfigKeys (ConfUtils.java:logGet(43)) - raft.server.snapshot.auto.trigger.enabled = true (custom)
2019-08-20 15:02:38,678 [pool-148-thread-1] INFO  server.RaftServerConfigKeys (ConfUtils.java:logGet(43)) - raft.server.snapshot.auto.trigger.enabled = true (custom)
2019-08-20 15:02:38,678 [pool-170-thread-1] INFO  server.RaftServerConfigKeys (ConfUtils.java:logGet(43)) - raft.server.snapshot.auto.trigger.threshold = 10000 (custom)
2019-08-20 15:02:38,678 [pool-148-thread-1] INFO  server.RaftServerConfigKeys (ConfUtils.java:logGet(43)) - raft.server.snapshot.auto.trigger.threshold = 10000 (custom)
2019-08-20 15:02:38,681 [pool-170-thread-1] INFO  server.RaftServerConfigKeys (ConfUtils.java:logGet(43)) - raft.server.retrycache.expirytime = 600000ms (custom)
2019-08-20 15:02:38,681 [pool-148-thread-1] INFO  server.RaftServerConfigKeys (ConfUtils.java:logGet(43)) - raft.server.retrycache.expirytime = 600000ms (custom)
2019-08-20 15:02:38,681 [pool-148-thread-1] INFO  impl.RaftServerImpl (RaftServerImpl.java:start(180)) - 8b1d3c45-464e-411c-9a1c-fa8558034422: start group-FBB36F06D93F
2019-08-20 15:02:38,681 [pool-170-thread-1] INFO  impl.RaftServerImpl (RaftServerImpl.java:start(180)) - de1a53ad-bbb1-4f1c-a870-9fe3ce57e0b8: start group-FBB36F06D93F
2019-08-20 15:02:38,681 [pool-148-thread-1] INFO  impl.RaftServerImpl (RaftServerImpl.java:setRole(171)) - 8b1d3c45-464e-411c-9a1c-fa8558034422:group-FBB36F06D93F changes role from null to FOLLOWER at term 0 for startAsFollower
2019-08-20 15:02:38,681 [pool-170-thread-1] INFO  impl.RaftServerImpl (RaftServerImpl.java:setRole(171)) - de1a53ad-bbb1-4f1c-a870-9fe3ce57e0b8:group-FBB36F06D93F changes role from null to FOLLOWER at term 0 for startAsFollower
2019-08-20 15:02:38,681 [pool-148-thread-1] INFO  impl.RoleInfo (RoleInfo.java:updateAndGet(143)) - 8b1d3c45-464e-411c-9a1c-fa8558034422: start FollowerState
2019-08-20 15:02:38,682 [pool-170-thread-1] INFO  impl.RoleInfo (RoleInfo.java:updateAndGet(143)) - de1a53ad-bbb1-4f1c-a870-9fe3ce57e0b8: start FollowerState
2019-08-20 15:02:38,682 [pool-148-thread-1] INFO  util.JmxRegister (JmxRegister.java:tryRegister(44)) - Successfully registered JMX Bean with object name Ratis:service=RaftServer,group=group-FBB36F06D93F,id=8b1d3c45-464e-411c-9a1c-fa8558034422
2019-08-20 15:02:38,682 [pool-170-thread-1] INFO  util.JmxRegister (JmxRegister.java:tryRegister(44)) - Successfully registered JMX Bean with object name Ratis:service=RaftServer,group=group-FBB36F06D93F,id=de1a53ad-bbb1-4f1c-a870-9fe3ce57e0b8
2019-08-20 15:02:38,688 [RatisPipelineUtilsThread] INFO  pipeline.PipelineStateManager (PipelineStateManager.java:addPipeline(56)) - Created pipeline Pipeline[ Id: 2cb955bf-d115-4c62-92cb-fbb36f06d93f, Nodes: 8b1d3c45-464e-411c-9a1c-fa8558034422{ip: 192.168.36.99, host: pr-hdds-1950-vsl5z-1698008226, networkLocation: /default-rack, certSerialId: null}de1a53ad-bbb1-4f1c-a870-9fe3ce57e0b8{ip: 192.168.36.99, host: pr-hdds-1950-vsl5z-1698008226, networkLocation: /default-rack, certSerialId: null}5c23d56f-781b-40f4-b763-dd6ad64f36ec{ip: 192.168.36.99, host: pr-hdds-1950-vsl5z-1698008226, networkLocation: /default-rack, certSerialId: null}, Type:RATIS, Factor:THREE, State:OPEN]
2019-08-20 15:02:38,767 | INFO  | SCMAudit | user=jenkins1000 | ip=192.168.36.99 | op=SEND_HEARTBEAT {datanodeUUID=de1a53ad-bbb1-4f1c-a870-9fe3ce57e0b8, command=[]} | ret=SUCCESS |  
2019-08-20 15:02:38,803 [Thread-605] INFO  impl.FollowerState (FollowerState.java:run(106)) - de1a53ad-bbb1-4f1c-a870-9fe3ce57e0b8:group-2D00B8CBBCCD changes to CANDIDATE, lastRpcTime:5028, electionTimeout:5028ms
2019-08-20 15:02:38,803 [Thread-605] INFO  impl.RoleInfo (RoleInfo.java:shutdownFollowerState(121)) - de1a53ad-bbb1-4f1c-a870-9fe3ce57e0b8: shutdown FollowerState
2019-08-20 15:02:38,803 [Thread-605] INFO  impl.RaftServerImpl (RaftServerImpl.java:setRole(171)) - de1a53ad-bbb1-4f1c-a870-9fe3ce57e0b8:group-2D00B8CBBCCD changes role from FOLLOWER to CANDIDATE at term 1 for changeToCandidate
2019-08-20 15:02:38,803 [Thread-605] INFO  impl.RoleInfo (RoleInfo.java:updateAndGet(143)) - de1a53ad-bbb1-4f1c-a870-9fe3ce57e0b8: start LeaderElection
2019-08-20 15:02:38,830 [de1a53ad-bbb1-4f1c-a870-9fe3ce57e0b8:group-2D00B8CBBCCD:LeaderElection33] INFO  impl.LeaderElection (LeaderElection.java:askForVotes(181)) - de1a53ad-bbb1-4f1c-a870-9fe3ce57e0b8:group-2D00B8CBBCCD:LeaderElection33: begin an election at term 2 for 0: [de1a53ad-bbb1-4f1c-a870-9fe3ce57e0b8:192.168.36.99:33849], old=null
2019-08-20 15:02:38,830 [de1a53ad-bbb1-4f1c-a870-9fe3ce57e0b8:group-2D00B8CBBCCD:LeaderElection33] INFO  impl.RoleInfo (RoleInfo.java:shutdownLeaderElection(134)) - de1a53ad-bbb1-4f1c-a870-9fe3ce57e0b8: shutdown LeaderElection
2019-08-20 15:02:38,830 [de1a53ad-bbb1-4f1c-a870-9fe3ce57e0b8:group-2D00B8CBBCCD:LeaderElection33] INFO  impl.RaftServerImpl (RaftServerImpl.java:setRole(171)) - de1a53ad-bbb1-4f1c-a870-9fe3ce57e0b8:group-2D00B8CBBCCD changes role from CANDIDATE to LEADER at term 2 for changeToLeader
2019-08-20 15:02:38,830 [de1a53ad-bbb1-4f1c-a870-9fe3ce57e0b8:group-2D00B8CBBCCD:LeaderElection33] INFO  impl.RaftServerImpl (ServerState.java:setLeader(263)) - de1a53ad-bbb1-4f1c-a870-9fe3ce57e0b8:group-2D00B8CBBCCD change Leader from null to de1a53ad-bbb1-4f1c-a870-9fe3ce57e0b8 at term 2 for becomeLeader, leader elected after 6950ms
2019-08-20 15:02:38,831 [de1a53ad-bbb1-4f1c-a870-9fe3ce57e0b8:group-2D00B8CBBCCD:LeaderElection33] INFO  server.RaftServerConfigKeys (ConfUtils.java:logGet(43)) - raft.server.staging.catchup.gap = 1000 (default)
2019-08-20 15:02:38,831 [de1a53ad-bbb1-4f1c-a870-9fe3ce57e0b8:group-2D00B8CBBCCD:LeaderElection33] INFO  server.RaftServerConfigKeys (ConfUtils.java:logGet(43)) - raft.server.rpc.sleep.time = 25ms (default)
2019-08-20 15:02:38,831 [de1a53ad-bbb1-4f1c-a870-9fe3ce57e0b8:group-2D00B8CBBCCD:LeaderElection33] INFO  server.RaftServerConfigKeys (ConfUtils.java:logGet(43)) - raft.server.write.element-limit = 4096 (default)
2019-08-20 15:02:38,831 [de1a53ad-bbb1-4f1c-a870-9fe3ce57e0b8:group-2D00B8CBBCCD:LeaderElection33] INFO  server.RaftServerConfigKeys (ConfUtils.java:logGet(43)) - raft.server.watch.timeout = 10s (default)
2019-08-20 15:02:38,831 [de1a53ad-bbb1-4f1c-a870-9fe3ce57e0b8:group-2D00B8CBBCCD:LeaderElection33] INFO  server.RaftServerConfigKeys (ConfUtils.java:logGet(43)) - raft.server.watch.timeout.denomination = 1s (default)
2019-08-20 15:02:38,831 [de1a53ad-bbb1-4f1c-a870-9fe3ce57e0b8:group-2D00B8CBBCCD:LeaderElection33] INFO  server.RaftServerConfigKeys (ConfUtils.java:logGet(43)) - raft.server.watch.element-limit = 65536 (default)
2019-08-20 15:02:38,831 [de1a53ad-bbb1-4f1c-a870-9fe3ce57e0b8:group-2D00B8CBBCCD:LeaderElection33] INFO  impl.RoleInfo (RoleInfo.java:updateAndGet(143)) - de1a53ad-bbb1-4f1c-a870-9fe3ce57e0b8: start LeaderState
2019-08-20 15:02:38,832 [de1a53ad-bbb1-4f1c-a870-9fe3ce57e0b8:group-2D00B8CBBCCD:LeaderElection33] INFO  segmented.SegmentedRaftLogWorker (SegmentedRaftLogWorker.java:rollLogSegment(385)) - de1a53ad-bbb1-4f1c-a870-9fe3ce57e0b8-SegmentedRaftLogWorker:Storage Directory /workdir/hadoop-ozone/integration-test/target/test-dir/MiniOzoneClusterImpl-c8129239-5fa4-43d5-9fc3-37839c077eab/datanode-2/data/ratis/8879b723-97c6-450a-a835-2d00b8cbbccd: Rolling segment log-0_0 to index:0
2019-08-20 15:02:38,833 [de1a53ad-bbb1-4f1c-a870-9fe3ce57e0b8:group-2D00B8CBBCCD:LeaderElection33] INFO  impl.RaftServerImpl (ServerState.java:setRaftConf(361)) - de1a53ad-bbb1-4f1c-a870-9fe3ce57e0b8:group-2D00B8CBBCCD set configuration 1: [de1a53ad-bbb1-4f1c-a870-9fe3ce57e0b8:192.168.36.99:33849], old=null at 1
2019-08-20 15:02:38,834 [de1a53ad-bbb1-4f1c-a870-9fe3ce57e0b8-SegmentedRaftLogWorker:Storage Directory /workdir/hadoop-ozone/integration-test/target/test-dir/MiniOzoneClusterImpl-c8129239-5fa4-43d5-9fc3-37839c077eab/datanode-2/data/ratis/8879b723-97c6-450a-a835-2d00b8cbbccd] INFO  segmented.SegmentedRaftLogWorker (SegmentedRaftLogWorker.java:execute(526)) - de1a53ad-bbb1-4f1c-a870-9fe3ce57e0b8-SegmentedRaftLogWorker:Storage Directory /workdir/hadoop-ozone/integration-test/target/test-dir/MiniOzoneClusterImpl-c8129239-5fa4-43d5-9fc3-37839c077eab/datanode-2/data/ratis/8879b723-97c6-450a-a835-2d00b8cbbccd: Rolled log segment from /workdir/hadoop-ozone/integration-test/target/test-dir/MiniOzoneClusterImpl-c8129239-5fa4-43d5-9fc3-37839c077eab/datanode-2/data/ratis/8879b723-97c6-450a-a835-2d00b8cbbccd/current/log_inprogress_0 to /workdir/hadoop-ozone/integration-test/target/test-dir/MiniOzoneClusterImpl-c8129239-5fa4-43d5-9fc3-37839c077eab/datanode-2/data/ratis/8879b723-97c6-450a-a835-2d00b8cbbccd/current/log_0-0
2019-08-20 15:02:38,870 [de1a53ad-bbb1-4f1c-a870-9fe3ce57e0b8-SegmentedRaftLogWorker:Storage Directory /workdir/hadoop-ozone/integration-test/target/test-dir/MiniOzoneClusterImpl-c8129239-5fa4-43d5-9fc3-37839c077eab/datanode-2/data/ratis/8879b723-97c6-450a-a835-2d00b8cbbccd] INFO  segmented.SegmentedRaftLogWorker (SegmentedRaftLogWorker.java:execute(569)) - de1a53ad-bbb1-4f1c-a870-9fe3ce57e0b8-SegmentedRaftLogWorker:Storage Directory /workdir/hadoop-ozone/integration-test/target/test-dir/MiniOzoneClusterImpl-c8129239-5fa4-43d5-9fc3-37839c077eab/datanode-2/data/ratis/8879b723-97c6-450a-a835-2d00b8cbbccd: created new log segment /workdir/hadoop-ozone/integration-test/target/test-dir/MiniOzoneClusterImpl-c8129239-5fa4-43d5-9fc3-37839c077eab/datanode-2/data/ratis/8879b723-97c6-450a-a835-2d00b8cbbccd/current/log_inprogress_1
2019-08-20 15:02:39,766 | INFO  | SCMAudit | user=jenkins1000 | ip=192.168.36.99 | op=SEND_HEARTBEAT {datanodeUUID=de1a53ad-bbb1-4f1c-a870-9fe3ce57e0b8, command=[]} | ret=SUCCESS |  
2019-08-20 15:02:40,766 | INFO  | SCMAudit | user=jenkins1000 | ip=192.168.36.99 | op=SEND_HEARTBEAT {datanodeUUID=de1a53ad-bbb1-4f1c-a870-9fe3ce57e0b8, command=[]} | ret=SUCCESS |  
2019-08-20 15:02:41,766 | INFO  | SCMAudit | user=jenkins1000 | ip=192.168.36.99 | op=SEND_HEARTBEAT {datanodeUUID=de1a53ad-bbb1-4f1c-a870-9fe3ce57e0b8, command=[]} | ret=SUCCESS |  
2019-08-20 15:02:42,439 [EventQueue-StaleNodeForStaleNodeHandler] INFO  node.StaleNodeHandler (StaleNodeHandler.java:onMessage(58)) - Datanode 8b1d3c45-464e-411c-9a1c-fa8558034422{ip: 192.168.36.99, host: pr-hdds-1950-vsl5z-1698008226, networkLocation: /default-rack, certSerialId: null} moved to stale state. Finalizing its pipelines [PipelineID=2cb955bf-d115-4c62-92cb-fbb36f06d93f, PipelineID=b730b902-1d46-415f-8b86-5fe79902d64c, PipelineID=615fe691-4d1f-4cfb-b3ca-e3df211a7b49]
2019-08-20 15:02:42,439 [EventQueue-StaleNodeForStaleNodeHandler] INFO  pipeline.SCMPipelineManager (SCMPipelineManager.java:finalizeAndDestroyPipeline(309)) - destroying pipeline:Pipeline[ Id: 2cb955bf-d115-4c62-92cb-fbb36f06d93f, Nodes: 8b1d3c45-464e-411c-9a1c-fa8558034422{ip: 192.168.36.99, host: pr-hdds-1950-vsl5z-1698008226, networkLocation: /default-rack, certSerialId: null}de1a53ad-bbb1-4f1c-a870-9fe3ce57e0b8{ip: 192.168.36.99, host: pr-hdds-1950-vsl5z-1698008226, networkLocation: /default-rack, certSerialId: null}5c23d56f-781b-40f4-b763-dd6ad64f36ec{ip: 192.168.36.99, host: pr-hdds-1950-vsl5z-1698008226, networkLocation: /default-rack, certSerialId: null}, Type:RATIS, Factor:THREE, State:OPEN]
2019-08-20 15:02:42,439 [EventQueue-StaleNodeForStaleNodeHandler] INFO  pipeline.PipelineStateManager (PipelineStateManager.java:finalizePipeline(123)) - Pipeline Pipeline[ Id: 2cb955bf-d115-4c62-92cb-fbb36f06d93f, Nodes: 8b1d3c45-464e-411c-9a1c-fa8558034422{ip: 192.168.36.99, host: pr-hdds-1950-vsl5z-1698008226, networkLocation: /default-rack, certSerialId: null}de1a53ad-bbb1-4f1c-a870-9fe3ce57e0b8{ip: 192.168.36.99, host: pr-hdds-1950-vsl5z-1698008226, networkLocation: /default-rack, certSerialId: null}5c23d56f-781b-40f4-b763-dd6ad64f36ec{ip: 192.168.36.99, host: pr-hdds-1950-vsl5z-1698008226, networkLocation: /default-rack, certSerialId: null}, Type:RATIS, Factor:THREE, State:CLOSED] moved to CLOSED state
2019-08-20 15:02:42,440 [EventQueue-StaleNodeForStaleNodeHandler] INFO  pipeline.SCMPipelineManager (SCMPipelineManager.java:finalizeAndDestroyPipeline(309)) - destroying pipeline:Pipeline[ Id: b730b902-1d46-415f-8b86-5fe79902d64c, Nodes: 8b1d3c45-464e-411c-9a1c-fa8558034422{ip: 192.168.36.99, host: pr-hdds-1950-vsl5z-1698008226, networkLocation: /default-rack, certSerialId: null}, Type:RATIS, Factor:ONE, State:OPEN]
2019-08-20 15:02:42,440 [EventQueue-StaleNodeForStaleNodeHandler] INFO  pipeline.PipelineStateManager (PipelineStateManager.java:finalizePipeline(123)) - Pipeline Pipeline[ Id: b730b902-1d46-415f-8b86-5fe79902d64c, Nodes: 8b1d3c45-464e-411c-9a1c-fa8558034422{ip: 192.168.36.99, host: pr-hdds-1950-vsl5z-1698008226, networkLocation: /default-rack, certSerialId: null}, Type:RATIS, Factor:ONE, State:CLOSED] moved to CLOSED state
2019-08-20 15:02:42,440 [EventQueue-StaleNodeForStaleNodeHandler] INFO  pipeline.SCMPipelineManager (SCMPipelineManager.java:finalizeAndDestroyPipeline(309)) - destroying pipeline:Pipeline[ Id: 615fe691-4d1f-4cfb-b3ca-e3df211a7b49, Nodes: 8b1d3c45-464e-411c-9a1c-fa8558034422{ip: 192.168.36.99, host: pr-hdds-1950-vsl5z-1698008226, networkLocation: /default-rack, certSerialId: null}, Type:RATIS, Factor:ONE, State:CLOSED]
2019-08-20 15:02:42,619 [Thread-611] INFO  impl.FollowerState (FollowerState.java:run(106)) - 8b1d3c45-464e-411c-9a1c-fa8558034422:group-5FE79902D64C changes to CANDIDATE, lastRpcTime:5116, electionTimeout:5116ms
2019-08-20 15:02:42,619 [Thread-611] INFO  impl.RoleInfo (RoleInfo.java:shutdownFollowerState(121)) - 8b1d3c45-464e-411c-9a1c-fa8558034422: shutdown FollowerState
2019-08-20 15:02:42,619 [Thread-611] INFO  impl.RaftServerImpl (RaftServerImpl.java:setRole(171)) - 8b1d3c45-464e-411c-9a1c-fa8558034422:group-5FE79902D64C changes role from FOLLOWER to CANDIDATE at term 0 for changeToCandidate
2019-08-20 15:02:42,619 [Thread-611] INFO  impl.RoleInfo (RoleInfo.java:updateAndGet(143)) - 8b1d3c45-464e-411c-9a1c-fa8558034422: start LeaderElection
2019-08-20 15:02:42,680 [8b1d3c45-464e-411c-9a1c-fa8558034422:group-5FE79902D64C:LeaderElection34] INFO  impl.LeaderElection (LeaderElection.java:askForVotes(181)) - 8b1d3c45-464e-411c-9a1c-fa8558034422:group-5FE79902D64C:LeaderElection34: begin an election at term 1 for -1: [8b1d3c45-464e-411c-9a1c-fa8558034422:192.168.36.99:44849], old=null
2019-08-20 15:02:42,680 [8b1d3c45-464e-411c-9a1c-fa8558034422:group-5FE79902D64C:LeaderElection34] INFO  impl.RoleInfo (RoleInfo.java:shutdownLeaderElection(134)) - 8b1d3c45-464e-411c-9a1c-fa8558034422: shutdown LeaderElection
2019-08-20 15:02:42,680 [8b1d3c45-464e-411c-9a1c-fa8558034422:group-5FE79902D64C:LeaderElection34] INFO  impl.RaftServerImpl (RaftServerImpl.java:setRole(171)) - 8b1d3c45-464e-411c-9a1c-fa8558034422:group-5FE79902D64C changes role from CANDIDATE to LEADER at term 1 for changeToLeader
2019-08-20 15:02:42,680 [8b1d3c45-464e-411c-9a1c-fa8558034422:group-5FE79902D64C:LeaderElection34] INFO  impl.RaftServerImpl (ServerState.java:setLeader(263)) - 8b1d3c45-464e-411c-9a1c-fa8558034422:group-5FE79902D64C change Leader from null to 8b1d3c45-464e-411c-9a1c-fa8558034422 at term 1 for becomeLeader, leader elected after 5180ms
2019-08-20 15:02:42,682 [8b1d3c45-464e-411c-9a1c-fa8558034422:group-5FE79902D64C:LeaderElection34] INFO  server.RaftServerConfigKeys (ConfUtils.java:logGet(43)) - raft.server.staging.catchup.gap = 1000 (default)
2019-08-20 15:02:42,682 [8b1d3c45-464e-411c-9a1c-fa8558034422:group-5FE79902D64C:LeaderElection34] INFO  server.RaftServerConfigKeys (ConfUtils.java:logGet(43)) - raft.server.rpc.sleep.time = 25ms (default)
2019-08-20 15:02:42,682 [8b1d3c45-464e-411c-9a1c-fa8558034422:group-5FE79902D64C:LeaderElection34] INFO  server.RaftServerConfigKeys (ConfUtils.java:logGet(43)) - raft.server.write.element-limit = 4096 (default)
2019-08-20 15:02:42,682 [8b1d3c45-464e-411c-9a1c-fa8558034422:group-5FE79902D64C:LeaderElection34] INFO  server.RaftServerConfigKeys (ConfUtils.java:logGet(43)) - raft.server.watch.timeout = 10s (default)
2019-08-20 15:02:42,682 [8b1d3c45-464e-411c-9a1c-fa8558034422:group-5FE79902D64C:LeaderElection34] INFO  server.RaftServerConfigKeys (ConfUtils.java:logGet(43)) - raft.server.watch.timeout.denomination = 1s (default)
2019-08-20 15:02:42,682 [8b1d3c45-464e-411c-9a1c-fa8558034422:group-5FE79902D64C:LeaderElection34] INFO  server.RaftServerConfigKeys (ConfUtils.java:logGet(43)) - raft.server.watch.element-limit = 65536 (default)
2019-08-20 15:02:42,683 [8b1d3c45-464e-411c-9a1c-fa8558034422:group-5FE79902D64C:LeaderElection34] INFO  impl.RoleInfo (RoleInfo.java:updateAndGet(143)) - 8b1d3c45-464e-411c-9a1c-fa8558034422: start LeaderState
2019-08-20 15:02:42,683 [8b1d3c45-464e-411c-9a1c-fa8558034422:group-5FE79902D64C:LeaderElection34] INFO  segmented.SegmentedRaftLogWorker (SegmentedRaftLogWorker.java:startLogSegment(380)) - 8b1d3c45-464e-411c-9a1c-fa8558034422-SegmentedRaftLogWorker:Storage Directory /workdir/hadoop-ozone/integration-test/target/test-dir/MiniOzoneClusterImpl-c8129239-5fa4-43d5-9fc3-37839c077eab/datanode-0/data/ratis/b730b902-1d46-415f-8b86-5fe79902d64c: Starting segment from index:0
2019-08-20 15:02:42,683 [8b1d3c45-464e-411c-9a1c-fa8558034422:group-5FE79902D64C:LeaderElection34] INFO  impl.RaftServerImpl (ServerState.java:setRaftConf(361)) - 8b1d3c45-464e-411c-9a1c-fa8558034422:group-5FE79902D64C set configuration 0: [8b1d3c45-464e-411c-9a1c-fa8558034422:192.168.36.99:44849], old=null at 0
2019-08-20 15:02:42,737 [8b1d3c45-464e-411c-9a1c-fa8558034422-SegmentedRaftLogWorker:Storage Directory /workdir/hadoop-ozone/integration-test/target/test-dir/MiniOzoneClusterImpl-c8129239-5fa4-43d5-9fc3-37839c077eab/datanode-0/data/ratis/b730b902-1d46-415f-8b86-5fe79902d64c] INFO  segmented.SegmentedRaftLogWorker (SegmentedRaftLogWorker.java:execute(569)) - 8b1d3c45-464e-411c-9a1c-fa8558034422-SegmentedRaftLogWorker:Storage Directory /workdir/hadoop-ozone/integration-test/target/test-dir/MiniOzoneClusterImpl-c8129239-5fa4-43d5-9fc3-37839c077eab/datanode-0/data/ratis/b730b902-1d46-415f-8b86-5fe79902d64c: created new log segment /workdir/hadoop-ozone/integration-test/target/test-dir/MiniOzoneClusterImpl-c8129239-5fa4-43d5-9fc3-37839c077eab/datanode-0/data/ratis/b730b902-1d46-415f-8b86-5fe79902d64c/current/log_inprogress_0
2019-08-20 15:02:42,766 | INFO  | SCMAudit | user=jenkins1000 | ip=192.168.36.99 | op=SEND_HEARTBEAT {datanodeUUID=de1a53ad-bbb1-4f1c-a870-9fe3ce57e0b8, command=[]} | ret=SUCCESS |  
2019-08-20 15:02:42,872 [ForkJoinPool.commonPool-worker-1] INFO  ozoneimpl.OzoneContainer (OzoneContainer.java:stop(199)) - Attempting to stop container services.
2019-08-20 15:02:42,872 [main] INFO  ozoneimpl.OzoneContainer (OzoneContainer.java:stop(199)) - Attempting to stop container services.
2019-08-20 15:02:42,873 [ForkJoinPool.commonPool-worker-1] INFO  impl.RaftServerProxy (RaftServerProxy.java:lambda$close$4(314)) - 8b1d3c45-464e-411c-9a1c-fa8558034422: close
2019-08-20 15:02:42,873 [main] INFO  impl.RaftServerProxy (RaftServerProxy.java:lambda$close$4(314)) - 5c23d56f-781b-40f4-b763-dd6ad64f36ec: close
2019-08-20 15:02:42,873 [ForkJoinPool.commonPool-worker-1] INFO  impl.RaftServerImpl (RaftServerImpl.java:lambda$shutdown$3(245)) - 8b1d3c45-464e-411c-9a1c-fa8558034422: shutdown group-FBB36F06D93F
2019-08-20 15:02:42,873 [main] INFO  impl.RaftServerImpl (RaftServerImpl.java:lambda$shutdown$3(245)) - 5c23d56f-781b-40f4-b763-dd6ad64f36ec: shutdown group-A21C6EDDB2E2
2019-08-20 15:02:42,873 [ForkJoinPool.commonPool-worker-1] INFO  util.JmxRegister (JmxRegister.java:unregister(73)) - Successfully un-registered JMX Bean with object name Ratis:service=RaftServer,group=group-FBB36F06D93F,id=8b1d3c45-464e-411c-9a1c-fa8558034422
2019-08-20 15:02:42,874 [main] INFO  util.JmxRegister (JmxRegister.java:unregister(73)) - Successfully un-registered JMX Bean with object name Ratis:service=RaftServer,group=group-A21C6EDDB2E2,id=5c23d56f-781b-40f4-b763-dd6ad64f36ec
2019-08-20 15:02:42,874 [ForkJoinPool.commonPool-worker-1] INFO  impl.RoleInfo (RoleInfo.java:shutdownFollowerState(121)) - 8b1d3c45-464e-411c-9a1c-fa8558034422: shutdown FollowerState
2019-08-20 15:02:42,874 [main] INFO  impl.RoleInfo (RoleInfo.java:shutdownLeaderState(104)) - 5c23d56f-781b-40f4-b763-dd6ad64f36ec: shutdown LeaderState
2019-08-20 15:02:42,874 [Thread-626] INFO  impl.FollowerState (FollowerState.java:run(114)) - 8b1d3c45-464e-411c-9a1c-fa8558034422: FollowerState was interrupted: java.lang.InterruptedException: sleep interrupted
2019-08-20 15:02:42,874 [ForkJoinPool.commonPool-worker-1] INFO  impl.StateMachineUpdater (StateMachineUpdater.java:stopAndJoin(115)) - StateMachineUpdater:8b1d3c45-464e-411c-9a1c-fa8558034422:group-FBB36F06D93F: set stopIndex = -1
2019-08-20 15:02:42,876 [main] INFO  impl.PendingRequests (PendingRequests.java:sendNotLeaderResponses(202)) - 5c23d56f-781b-40f4-b763-dd6ad64f36ec-PendingRequests: sendNotLeaderResponses
2019-08-20 15:02:42,876 [ForkJoinPool.commonPool-worker-1] INFO  impl.RaftServerImpl (ServerState.java:close(394)) - 8b1d3c45-464e-411c-9a1c-fa8558034422:group-FBB36F06D93F closes. The last applied log index is -1
2019-08-20 15:02:42,879 [8b1d3c45-464e-411c-9a1c-fa8558034422-SegmentedRaftLogWorker:Storage Directory /workdir/hadoop-ozone/integration-test/target/test-dir/MiniOzoneClusterImpl-c8129239-5fa4-43d5-9fc3-37839c077eab/datanode-0/data/ratis/2cb955bf-d115-4c62-92cb-fbb36f06d93f] INFO  segmented.SegmentedRaftLogWorker (SegmentedRaftLogWorker.java:run(313)) - 8b1d3c45-464e-411c-9a1c-fa8558034422-SegmentedRaftLogWorker:Storage Directory /workdir/hadoop-ozone/integration-test/target/test-dir/MiniOzoneClusterImpl-c8129239-5fa4-43d5-9fc3-37839c077eab/datanode-0/data/ratis/2cb955bf-d115-4c62-92cb-fbb36f06d93f was interrupted, exiting. There are 0 tasks remaining in the queue.
2019-08-20 15:02:42,879 [main] INFO  impl.StateMachineUpdater (StateMachineUpdater.java:stopAndJoin(115)) - StateMachineUpdater:5c23d56f-781b-40f4-b763-dd6ad64f36ec:group-A21C6EDDB2E2: set stopIndex = 2
2019-08-20 15:02:42,879 [ForkJoinPool.commonPool-worker-1] INFO  segmented.SegmentedRaftLogWorker (SegmentedRaftLogWorker.java:close(228)) - 8b1d3c45-464e-411c-9a1c-fa8558034422-SegmentedRaftLogWorker:Storage Directory /workdir/hadoop-ozone/integration-test/target/test-dir/MiniOzoneClusterImpl-c8129239-5fa4-43d5-9fc3-37839c077eab/datanode-0/data/ratis/2cb955bf-d115-4c62-92cb-fbb36f06d93f close()
2019-08-20 15:02:42,879 [main] INFO  impl.RaftServerImpl (ServerState.java:close(394)) - 5c23d56f-781b-40f4-b763-dd6ad64f36ec:group-A21C6EDDB2E2 closes. The last applied log index is 2
2019-08-20 15:02:42,881 [ForkJoinPool.commonPool-worker-1] INFO  impl.RaftServerImpl (RaftServerImpl.java:lambda$shutdown$3(245)) - 8b1d3c45-464e-411c-9a1c-fa8558034422: shutdown group-5FE79902D64C
2019-08-20 15:02:42,881 [5c23d56f-781b-40f4-b763-dd6ad64f36ec-SegmentedRaftLogWorker:Storage Directory /workdir/hadoop-ozone/integration-test/target/test-dir/MiniOzoneClusterImpl-c8129239-5fa4-43d5-9fc3-37839c077eab/datanode-1/data/ratis/7cfdef7b-3c15-4f53-9603-a21c6eddb2e2] INFO  segmented.SegmentedRaftLogWorker (SegmentedRaftLogWorker.java:run(313)) - 5c23d56f-781b-40f4-b763-dd6ad64f36ec-SegmentedRaftLogWorker:Storage Directory /workdir/hadoop-ozone/integration-test/target/test-dir/MiniOzoneClusterImpl-c8129239-5fa4-43d5-9fc3-37839c077eab/datanode-1/data/ratis/7cfdef7b-3c15-4f53-9603-a21c6eddb2e2 was interrupted, exiting. There are 0 tasks remaining in the queue.
2019-08-20 15:02:42,881 [ForkJoinPool.commonPool-worker-1] INFO  util.JmxRegister (JmxRegister.java:unregister(73)) - Successfully un-registered JMX Bean with object name Ratis:service=RaftServer,group=group-5FE79902D64C,id=8b1d3c45-464e-411c-9a1c-fa8558034422
2019-08-20 15:02:42,882 [main] INFO  segmented.SegmentedRaftLogWorker (SegmentedRaftLogWorker.java:close(228)) - 5c23d56f-781b-40f4-b763-dd6ad64f36ec-SegmentedRaftLogWorker:Storage Directory /workdir/hadoop-ozone/integration-test/target/test-dir/MiniOzoneClusterImpl-c8129239-5fa4-43d5-9fc3-37839c077eab/datanode-1/data/ratis/7cfdef7b-3c15-4f53-9603-a21c6eddb2e2 close()
2019-08-20 15:02:42,882 [ForkJoinPool.commonPool-worker-1] INFO  impl.RoleInfo (RoleInfo.java:shutdownLeaderState(104)) - 8b1d3c45-464e-411c-9a1c-fa8558034422: shutdown LeaderState
2019-08-20 15:02:42,884 [main] INFO  impl.RaftServerImpl (RaftServerImpl.java:lambda$shutdown$3(245)) - 5c23d56f-781b-40f4-b763-dd6ad64f36ec: shutdown group-FBB36F06D93F
2019-08-20 15:02:42,884 [ForkJoinPool.commonPool-worker-1] INFO  impl.PendingRequests (PendingRequests.java:sendNotLeaderResponses(202)) - 8b1d3c45-464e-411c-9a1c-fa8558034422-PendingRequests: sendNotLeaderResponses
2019-08-20 15:02:42,884 [main] INFO  util.JmxRegister (JmxRegister.java:unregister(73)) - Successfully un-registered JMX Bean with object name Ratis:service=RaftServer,group=group-FBB36F06D93F,id=5c23d56f-781b-40f4-b763-dd6ad64f36ec
2019-08-20 15:02:42,884 [ForkJoinPool.commonPool-worker-1] INFO  impl.StateMachineUpdater (StateMachineUpdater.java:stopAndJoin(115)) - StateMachineUpdater:8b1d3c45-464e-411c-9a1c-fa8558034422:group-5FE79902D64C: set stopIndex = 0
2019-08-20 15:02:42,884 [main] INFO  impl.RoleInfo (RoleInfo.java:shutdownFollowerState(121)) - 5c23d56f-781b-40f4-b763-dd6ad64f36ec: shutdown FollowerState
2019-08-20 15:02:42,885 [ForkJoinPool.commonPool-worker-1] INFO  impl.RaftServerImpl (ServerState.java:close(394)) - 8b1d3c45-464e-411c-9a1c-fa8558034422:group-5FE79902D64C closes. The last applied log index is 0
2019-08-20 15:02:42,885 [Thread-622] INFO  impl.FollowerState (FollowerState.java:run(114)) - 5c23d56f-781b-40f4-b763-dd6ad64f36ec: FollowerState was interrupted: java.lang.InterruptedException: sleep interrupted
2019-08-20 15:02:42,885 [main] INFO  impl.StateMachineUpdater (StateMachineUpdater.java:stopAndJoin(115)) - StateMachineUpdater:5c23d56f-781b-40f4-b763-dd6ad64f36ec:group-FBB36F06D93F: set stopIndex = -1
2019-08-20 15:02:42,885 [8b1d3c45-464e-411c-9a1c-fa8558034422-SegmentedRaftLogWorker:Storage Directory /workdir/hadoop-ozone/integration-test/target/test-dir/MiniOzoneClusterImpl-c8129239-5fa4-43d5-9fc3-37839c077eab/datanode-0/data/ratis/b730b902-1d46-415f-8b86-5fe79902d64c] INFO  segmented.SegmentedRaftLogWorker (SegmentedRaftLogWorker.java:run(313)) - 8b1d3c45-464e-411c-9a1c-fa8558034422-SegmentedRaftLogWorker:Storage Directory /workdir/hadoop-ozone/integration-test/target/test-dir/MiniOzoneClusterImpl-c8129239-5fa4-43d5-9fc3-37839c077eab/datanode-0/data/ratis/b730b902-1d46-415f-8b86-5fe79902d64c was interrupted, exiting. There are 0 tasks remaining in the queue.
2019-08-20 15:02:42,886 [main] INFO  impl.RaftServerImpl (ServerState.java:close(394)) - 5c23d56f-781b-40f4-b763-dd6ad64f36ec:group-FBB36F06D93F closes. The last applied log index is -1
2019-08-20 15:02:42,887 [5c23d56f-781b-40f4-b763-dd6ad64f36ec-SegmentedRaftLogWorker:Storage Directory /workdir/hadoop-ozone/integration-test/target/test-dir/MiniOzoneClusterImpl-c8129239-5fa4-43d5-9fc3-37839c077eab/datanode-1/data/ratis/2cb955bf-d115-4c62-92cb-fbb36f06d93f] INFO  segmented.SegmentedRaftLogWorker (SegmentedRaftLogWorker.java:run(313)) - 5c23d56f-781b-40f4-b763-dd6ad64f36ec-SegmentedRaftLogWorker:Storage Directory /workdir/hadoop-ozone/integration-test/target/test-dir/MiniOzoneClusterImpl-c8129239-5fa4-43d5-9fc3-37839c077eab/datanode-1/data/ratis/2cb955bf-d115-4c62-92cb-fbb36f06d93f was interrupted, exiting. There are 0 tasks remaining in the queue.
2019-08-20 15:02:42,887 [main] INFO  segmented.SegmentedRaftLogWorker (SegmentedRaftLogWorker.java:close(228)) - 5c23d56f-781b-40f4-b763-dd6ad64f36ec-SegmentedRaftLogWorker:Storage Directory /workdir/hadoop-ozone/integration-test/target/test-dir/MiniOzoneClusterImpl-c8129239-5fa4-43d5-9fc3-37839c077eab/datanode-1/data/ratis/2cb955bf-d115-4c62-92cb-fbb36f06d93f close()
2019-08-20 15:02:42,889 [main] INFO  impl.RaftServerImpl (RaftServerImpl.java:lambda$shutdown$3(245)) - 5c23d56f-781b-40f4-b763-dd6ad64f36ec: shutdown group-A35D86C80ADC
2019-08-20 15:02:42,889 [main] INFO  util.JmxRegister (JmxRegister.java:unregister(73)) - Successfully un-registered JMX Bean with object name Ratis:service=RaftServer,group=group-A35D86C80ADC,id=5c23d56f-781b-40f4-b763-dd6ad64f36ec
2019-08-20 15:02:42,889 [main] INFO  impl.RoleInfo (RoleInfo.java:shutdownFollowerState(121)) - 5c23d56f-781b-40f4-b763-dd6ad64f36ec: shutdown FollowerState
2019-08-20 15:02:42,889 [main] INFO  impl.StateMachineUpdater (StateMachineUpdater.java:stopAndJoin(115)) - StateMachineUpdater:5c23d56f-781b-40f4-b763-dd6ad64f36ec:group-A35D86C80ADC: set stopIndex = -1
2019-08-20 15:02:42,889 [Thread-619] INFO  impl.FollowerState (FollowerState.java:run(114)) - 5c23d56f-781b-40f4-b763-dd6ad64f36ec: FollowerState was interrupted: java.lang.InterruptedException: sleep interrupted
2019-08-20 15:02:42,890 [main] INFO  impl.RaftServerImpl (ServerState.java:close(394)) - 5c23d56f-781b-40f4-b763-dd6ad64f36ec:group-A35D86C80ADC closes. The last applied log index is -1
2019-08-20 15:02:42,890 [5c23d56f-781b-40f4-b763-dd6ad64f36ec-SegmentedRaftLogWorker:Storage Directory /workdir/hadoop-ozone/integration-test/target/test-dir/MiniOzoneClusterImpl-c8129239-5fa4-43d5-9fc3-37839c077eab/datanode-1/data/ratis/a5d859dd-1512-4ef5-9856-a35d86c80adc] INFO  segmented.SegmentedRaftLogWorker (SegmentedRaftLogWorker.java:run(313)) - 5c23d56f-781b-40f4-b763-dd6ad64f36ec-SegmentedRaftLogWorker:Storage Directory /workdir/hadoop-ozone/integration-test/target/test-dir/MiniOzoneClusterImpl-c8129239-5fa4-43d5-9fc3-37839c077eab/datanode-1/data/ratis/a5d859dd-1512-4ef5-9856-a35d86c80adc was interrupted, exiting. There are 0 tasks remaining in the queue.
2019-08-20 15:02:42,891 [main] INFO  segmented.SegmentedRaftLogWorker (SegmentedRaftLogWorker.java:close(228)) - 5c23d56f-781b-40f4-b763-dd6ad64f36ec-SegmentedRaftLogWorker:Storage Directory /workdir/hadoop-ozone/integration-test/target/test-dir/MiniOzoneClusterImpl-c8129239-5fa4-43d5-9fc3-37839c077eab/datanode-1/data/ratis/a5d859dd-1512-4ef5-9856-a35d86c80adc close()
2019-08-20 15:02:42,892 [main] INFO  server.GrpcService (GrpcService.java:closeImpl(155)) - 5c23d56f-781b-40f4-b763-dd6ad64f36ec: shutdown server with port 41272 now
2019-08-20 15:02:42,893 [main] INFO  server.GrpcService (GrpcService.java:closeImpl(163)) - 5c23d56f-781b-40f4-b763-dd6ad64f36ec: shutdown server with port 41272 successfully
2019-08-20 15:02:42,893 [main] INFO  utils.BackgroundService (BackgroundService.java:shutdown(148)) - Shutting down service BlockDeletingService
2019-08-20 15:02:42,896 [ForkJoinPool.commonPool-worker-1] INFO  segmented.SegmentedRaftLogWorker (SegmentedRaftLogWorker.java:close(228)) - 8b1d3c45-464e-411c-9a1c-fa8558034422-SegmentedRaftLogWorker:Storage Directory /workdir/hadoop-ozone/integration-test/target/test-dir/MiniOzoneClusterImpl-c8129239-5fa4-43d5-9fc3-37839c077eab/datanode-0/data/ratis/b730b902-1d46-415f-8b86-5fe79902d64c close()
2019-08-20 15:02:42,899 [refreshUsed-/workdir/hadoop-ozone/integration-test/target/test-dir/MiniOzoneClusterImpl-c8129239-5fa4-43d5-9fc3-37839c077eab/datanode-1/data/containers] WARN  fs.CachingGetSpaceUsed (CachingGetSpaceUsed.java:run(183)) - Thread Interrupted waiting to refresh disk information: sleep interrupted
2019-08-20 15:02:42,899 [ForkJoinPool.commonPool-worker-1] INFO  impl.RaftServerImpl (RaftServerImpl.java:lambda$shutdown$3(245)) - 8b1d3c45-464e-411c-9a1c-fa8558034422: shutdown group-E3DF211A7B49
2019-08-20 15:02:42,900 [ForkJoinPool.commonPool-worker-1] INFO  util.JmxRegister (JmxRegister.java:unregister(73)) - Successfully un-registered JMX Bean with object name Ratis:service=RaftServer,group=group-E3DF211A7B49,id=8b1d3c45-464e-411c-9a1c-fa8558034422
2019-08-20 15:02:42,900 [ForkJoinPool.commonPool-worker-1] INFO  impl.StateMachineUpdater (StateMachineUpdater.java:stopAndJoin(115)) - StateMachineUpdater:8b1d3c45-464e-411c-9a1c-fa8558034422:group-E3DF211A7B49: set stopIndex = -1
2019-08-20 15:02:42,901 [ForkJoinPool.commonPool-worker-1] INFO  impl.RaftServerImpl (ServerState.java:close(394)) - 8b1d3c45-464e-411c-9a1c-fa8558034422:group-E3DF211A7B49 closes. The last applied log index is -1
2019-08-20 15:02:42,901 [8b1d3c45-464e-411c-9a1c-fa8558034422-SegmentedRaftLogWorker:Storage Directory /workdir/hadoop-ozone/integration-test/target/test-dir/MiniOzoneClusterImpl-c8129239-5fa4-43d5-9fc3-37839c077eab/datanode-0/data/ratis/615fe691-4d1f-4cfb-b3ca-e3df211a7b49] INFO  segmented.SegmentedRaftLogWorker (SegmentedRaftLogWorker.java:run(313)) - 8b1d3c45-464e-411c-9a1c-fa8558034422-SegmentedRaftLogWorker:Storage Directory /workdir/hadoop-ozone/integration-test/target/test-dir/MiniOzoneClusterImpl-c8129239-5fa4-43d5-9fc3-37839c077eab/datanode-0/data/ratis/615fe691-4d1f-4cfb-b3ca-e3df211a7b49 was interrupted, exiting. There are 0 tasks remaining in the queue.
2019-08-20 15:02:42,901 [ForkJoinPool.commonPool-worker-1] INFO  segmented.SegmentedRaftLogWorker (SegmentedRaftLogWorker.java:close(228)) - 8b1d3c45-464e-411c-9a1c-fa8558034422-SegmentedRaftLogWorker:Storage Directory /workdir/hadoop-ozone/integration-test/target/test-dir/MiniOzoneClusterImpl-c8129239-5fa4-43d5-9fc3-37839c077eab/datanode-0/data/ratis/615fe691-4d1f-4cfb-b3ca-e3df211a7b49 close()
2019-08-20 15:02:42,903 [ForkJoinPool.commonPool-worker-1] INFO  server.GrpcService (GrpcService.java:closeImpl(155)) - 8b1d3c45-464e-411c-9a1c-fa8558034422: shutdown server with port 44849 now
2019-08-20 15:02:42,903 [ForkJoinPool.commonPool-worker-1] INFO  server.GrpcService (GrpcService.java:closeImpl(163)) - 8b1d3c45-464e-411c-9a1c-fa8558034422: shutdown server with port 44849 successfully
2019-08-20 15:02:42,904 [ForkJoinPool.commonPool-worker-1] INFO  utils.BackgroundService (BackgroundService.java:shutdown(148)) - Shutting down service BlockDeletingService
2019-08-20 15:02:42,905 [refreshUsed-/workdir/hadoop-ozone/integration-test/target/test-dir/MiniOzoneClusterImpl-c8129239-5fa4-43d5-9fc3-37839c077eab/datanode-0/data/containers] WARN  fs.CachingGetSpaceUsed (CachingGetSpaceUsed.java:run(183)) - Thread Interrupted waiting to refresh disk information: sleep interrupted
2019-08-20 15:02:42,918 [ForkJoinPool.commonPool-worker-1] INFO  statemachine.DatanodeStateMachine (DatanodeStateMachine.java:stopDaemon(395)) - Ozone container server stopped.
2019-08-20 15:02:42,919 [main] INFO  statemachine.DatanodeStateMachine (DatanodeStateMachine.java:stopDaemon(395)) - Ozone container server stopped.
2019-08-20 15:02:42,923 [ForkJoinPool.commonPool-worker-1] INFO  handler.ContextHandler (ContextHandler.java:doStop(910)) - Stopped o.e.j.w.WebAppContext@2ac36568{/,null,UNAVAILABLE}{/hddsDatanode}
2019-08-20 15:02:42,923 [main] INFO  handler.ContextHandler (ContextHandler.java:doStop(910)) - Stopped o.e.j.w.WebAppContext@3469967f{/,null,UNAVAILABLE}{/hddsDatanode}
2019-08-20 15:02:42,924 [main] INFO  server.AbstractConnector (AbstractConnector.java:doStop(318)) - Stopped ServerConnector@46d2bd2f{HTTP/1.1,[http/1.1]}{0.0.0.0:40668}
2019-08-20 15:02:42,924 [ForkJoinPool.commonPool-worker-1] INFO  server.AbstractConnector (AbstractConnector.java:doStop(318)) - Stopped ServerConnector@5d40ab3{HTTP/1.1,[http/1.1]}{0.0.0.0:46040}
2019-08-20 15:02:42,925 [main] INFO  handler.ContextHandler (ContextHandler.java:doStop(910)) - Stopped o.e.j.s.ServletContextHandler@36413aeb{/static,jar:file:/home/user/.m2/repository/org/apache/hadoop/hadoop-hdds-container-service/0.5.0-SNAPSHOT/hadoop-hdds-container-service-0.5.0-SNAPSHOT.jar!/webapps/static,UNAVAILABLE}
2019-08-20 15:02:42,926 [ForkJoinPool.commonPool-worker-1] INFO  handler.ContextHandler (ContextHandler.java:doStop(910)) - Stopped o.e.j.s.ServletContextHandler@283b3e9f{/static,jar:file:/home/user/.m2/repository/org/apache/hadoop/hadoop-hdds-container-service/0.5.0-SNAPSHOT/hadoop-hdds-container-service-0.5.0-SNAPSHOT.jar!/webapps/static,UNAVAILABLE}
2019-08-20 15:02:42,926 [main] INFO  handler.ContextHandler (ContextHandler.java:doStop(910)) - Stopped o.e.j.s.ServletContextHandler@359873ef{/logs,file:///workdir/hadoop-ozone/integration-test/target/log,UNAVAILABLE}
2019-08-20 15:02:42,927 [ForkJoinPool.commonPool-worker-1] INFO  handler.ContextHandler (ContextHandler.java:doStop(910)) - Stopped o.e.j.s.ServletContextHandler@5c1e1c9{/logs,file:///workdir/hadoop-ozone/integration-test/target/log,UNAVAILABLE}
2019-08-20 15:02:42,928 [main] INFO  datanode.ObjectStoreHandler (ObjectStoreHandler.java:close(155)) - Closing ObjectStoreHandler.
2019-08-20 15:02:42,928 [main] INFO  ozone.HddsDatanodeService (HddsDatanodeService.java:stop(451)) - Stopped plug-in org.apache.hadoop.ozone.web.OzoneHddsDatanodeService@78097cad
2019-08-20 15:02:43,439 [EventQueue-StaleNodeForStaleNodeHandler] INFO  node.StaleNodeHandler (StaleNodeHandler.java:onMessage(58)) - Datanode 5c23d56f-781b-40f4-b763-dd6ad64f36ec{ip: 192.168.36.99, host: pr-hdds-1950-vsl5z-1698008226, networkLocation: /default-rack, certSerialId: null} moved to stale state. Finalizing its pipelines [PipelineID=7cfdef7b-3c15-4f53-9603-a21c6eddb2e2, PipelineID=2cb955bf-d115-4c62-92cb-fbb36f06d93f, PipelineID=a5d859dd-1512-4ef5-9856-a35d86c80adc]
2019-08-20 15:02:43,440 [EventQueue-StaleNodeForStaleNodeHandler] INFO  pipeline.SCMPipelineManager (SCMPipelineManager.java:finalizeAndDestroyPipeline(309)) - destroying pipeline:Pipeline[ Id: 7cfdef7b-3c15-4f53-9603-a21c6eddb2e2, Nodes: 5c23d56f-781b-40f4-b763-dd6ad64f36ec{ip: 192.168.36.99, host: pr-hdds-1950-vsl5z-1698008226, networkLocation: /default-rack, certSerialId: null}, Type:RATIS, Factor:ONE, State:CLOSED]
2019-08-20 15:02:43,440 [EventQueue-StaleNodeForStaleNodeHandler] INFO  pipeline.SCMPipelineManager (SCMPipelineManager.java:finalizeAndDestroyPipeline(309)) - destroying pipeline:Pipeline[ Id: 2cb955bf-d115-4c62-92cb-fbb36f06d93f, Nodes: 8b1d3c45-464e-411c-9a1c-fa8558034422{ip: 192.168.36.99, host: pr-hdds-1950-vsl5z-1698008226, networkLocation: /default-rack, certSerialId: null}de1a53ad-bbb1-4f1c-a870-9fe3ce57e0b8{ip: 192.168.36.99, host: pr-hdds-1950-vsl5z-1698008226, networkLocation: /default-rack, certSerialId: null}5c23d56f-781b-40f4-b763-dd6ad64f36ec{ip: 192.168.36.99, host: pr-hdds-1950-vsl5z-1698008226, networkLocation: /default-rack, certSerialId: null}, Type:RATIS, Factor:THREE, State:CLOSED]
2019-08-20 15:02:43,440 [EventQueue-StaleNodeForStaleNodeHandler] INFO  pipeline.SCMPipelineManager (SCMPipelineManager.java:finalizeAndDestroyPipeline(309)) - destroying pipeline:Pipeline[ Id: a5d859dd-1512-4ef5-9856-a35d86c80adc, Nodes: 5c23d56f-781b-40f4-b763-dd6ad64f36ec{ip: 192.168.36.99, host: pr-hdds-1950-vsl5z-1698008226, networkLocation: /default-rack, certSerialId: null}, Type:RATIS, Factor:ONE, State:OPEN]
2019-08-20 15:02:43,442 [EventQueue-StaleNodeForStaleNodeHandler] INFO  pipeline.PipelineStateManager (PipelineStateManager.java:finalizePipeline(123)) - Pipeline Pipeline[ Id: a5d859dd-1512-4ef5-9856-a35d86c80adc, Nodes: 5c23d56f-781b-40f4-b763-dd6ad64f36ec{ip: 192.168.36.99, host: pr-hdds-1950-vsl5z-1698008226, networkLocation: /default-rack, certSerialId: null}, Type:RATIS, Factor:ONE, State:CLOSED] moved to CLOSED state
2019-08-20 15:02:43,652 [Thread-614] INFO  impl.FollowerState (FollowerState.java:run(106)) - de1a53ad-bbb1-4f1c-a870-9fe3ce57e0b8:group-F31BCABEDFFB changes to CANDIDATE, lastRpcTime:5142, electionTimeout:5142ms
2019-08-20 15:02:43,653 [Thread-614] INFO  impl.RoleInfo (RoleInfo.java:shutdownFollowerState(121)) - de1a53ad-bbb1-4f1c-a870-9fe3ce57e0b8: shutdown FollowerState
2019-08-20 15:02:43,653 [Thread-614] INFO  impl.RaftServerImpl (RaftServerImpl.java:setRole(171)) - de1a53ad-bbb1-4f1c-a870-9fe3ce57e0b8:group-F31BCABEDFFB changes role from FOLLOWER to CANDIDATE at term 0 for changeToCandidate
2019-08-20 15:02:43,653 [Thread-614] INFO  impl.RoleInfo (RoleInfo.java:updateAndGet(143)) - de1a53ad-bbb1-4f1c-a870-9fe3ce57e0b8: start LeaderElection
2019-08-20 15:02:43,685 [de1a53ad-bbb1-4f1c-a870-9fe3ce57e0b8:group-F31BCABEDFFB:LeaderElection35] INFO  impl.LeaderElection (LeaderElection.java:askForVotes(181)) - de1a53ad-bbb1-4f1c-a870-9fe3ce57e0b8:group-F31BCABEDFFB:LeaderElection35: begin an election at term 1 for -1: [de1a53ad-bbb1-4f1c-a870-9fe3ce57e0b8:192.168.36.99:33849], old=null
2019-08-20 15:02:43,685 [de1a53ad-bbb1-4f1c-a870-9fe3ce57e0b8:group-F31BCABEDFFB:LeaderElection35] INFO  impl.RoleInfo (RoleInfo.java:shutdownLeaderElection(134)) - de1a53ad-bbb1-4f1c-a870-9fe3ce57e0b8: shutdown LeaderElection
2019-08-20 15:02:43,686 [de1a53ad-bbb1-4f1c-a870-9fe3ce57e0b8:group-F31BCABEDFFB:LeaderElection35] INFO  impl.RaftServerImpl (RaftServerImpl.java:setRole(171)) - de1a53ad-bbb1-4f1c-a870-9fe3ce57e0b8:group-F31BCABEDFFB changes role from CANDIDATE to LEADER at term 1 for changeToLeader
2019-08-20 15:02:43,686 [de1a53ad-bbb1-4f1c-a870-9fe3ce57e0b8:group-F31BCABEDFFB:LeaderElection35] INFO  impl.RaftServerImpl (ServerState.java:setLeader(263)) - de1a53ad-bbb1-4f1c-a870-9fe3ce57e0b8:group-F31BCABEDFFB change Leader from null to de1a53ad-bbb1-4f1c-a870-9fe3ce57e0b8 at term 1 for becomeLeader, leader elected after 5178ms
2019-08-20 15:02:43,686 [de1a53ad-bbb1-4f1c-a870-9fe3ce57e0b8:group-F31BCABEDFFB:LeaderElection35] INFO  server.RaftServerConfigKeys (ConfUtils.java:logGet(43)) - raft.server.staging.catchup.gap = 1000 (default)
2019-08-20 15:02:43,686 [de1a53ad-bbb1-4f1c-a870-9fe3ce57e0b8:group-F31BCABEDFFB:LeaderElection35] INFO  server.RaftServerConfigKeys (ConfUtils.java:logGet(43)) - raft.server.rpc.sleep.time = 25ms (default)
2019-08-20 15:02:43,686 [de1a53ad-bbb1-4f1c-a870-9fe3ce57e0b8:group-F31BCABEDFFB:LeaderElection35] INFO  server.RaftServerConfigKeys (ConfUtils.java:logGet(43)) - raft.server.write.element-limit = 4096 (default)
2019-08-20 15:02:43,686 [de1a53ad-bbb1-4f1c-a870-9fe3ce57e0b8:group-F31BCABEDFFB:LeaderElection35] INFO  server.RaftServerConfigKeys (ConfUtils.java:logGet(43)) - raft.server.watch.timeout = 10s (default)
2019-08-20 15:02:43,686 [de1a53ad-bbb1-4f1c-a870-9fe3ce57e0b8:group-F31BCABEDFFB:LeaderElection35] INFO  server.RaftServerConfigKeys (ConfUtils.java:logGet(43)) - raft.server.watch.timeout.denomination = 1s (default)
2019-08-20 15:02:43,686 [de1a53ad-bbb1-4f1c-a870-9fe3ce57e0b8:group-F31BCABEDFFB:LeaderElection35] INFO  server.RaftServerConfigKeys (ConfUtils.java:logGet(43)) - raft.server.watch.element-limit = 65536 (default)
2019-08-20 15:02:43,687 [de1a53ad-bbb1-4f1c-a870-9fe3ce57e0b8:group-F31BCABEDFFB:LeaderElection35] INFO  impl.RoleInfo (RoleInfo.java:updateAndGet(143)) - de1a53ad-bbb1-4f1c-a870-9fe3ce57e0b8: start LeaderState
2019-08-20 15:02:43,687 [de1a53ad-bbb1-4f1c-a870-9fe3ce57e0b8:group-F31BCABEDFFB:LeaderElection35] INFO  segmented.SegmentedRaftLogWorker (SegmentedRaftLogWorker.java:startLogSegment(380)) - de1a53ad-bbb1-4f1c-a870-9fe3ce57e0b8-SegmentedRaftLogWorker:Storage Directory /workdir/hadoop-ozone/integration-test/target/test-dir/MiniOzoneClusterImpl-c8129239-5fa4-43d5-9fc3-37839c077eab/datanode-2/data/ratis/9e91d51f-9ee7-4090-951e-f31bcabedffb: Starting segment from index:0
2019-08-20 15:02:43,687 [de1a53ad-bbb1-4f1c-a870-9fe3ce57e0b8:group-F31BCABEDFFB:LeaderElection35] INFO  impl.RaftServerImpl (ServerState.java:setRaftConf(361)) - de1a53ad-bbb1-4f1c-a870-9fe3ce57e0b8:group-F31BCABEDFFB set configuration 0: [de1a53ad-bbb1-4f1c-a870-9fe3ce57e0b8:192.168.36.99:33849], old=null at 0
2019-08-20 15:02:43,701 [Thread-627] INFO  impl.FollowerState (FollowerState.java:run(106)) - de1a53ad-bbb1-4f1c-a870-9fe3ce57e0b8:group-FBB36F06D93F changes to CANDIDATE, lastRpcTime:5019, electionTimeout:5019ms
2019-08-20 15:02:43,701 [Thread-627] INFO  impl.RoleInfo (RoleInfo.java:shutdownFollowerState(121)) - de1a53ad-bbb1-4f1c-a870-9fe3ce57e0b8: shutdown FollowerState
2019-08-20 15:02:43,701 [Thread-627] INFO  impl.RaftServerImpl (RaftServerImpl.java:setRole(171)) - de1a53ad-bbb1-4f1c-a870-9fe3ce57e0b8:group-FBB36F06D93F changes role from FOLLOWER to CANDIDATE at term 0 for changeToCandidate
2019-08-20 15:02:43,701 [Thread-627] INFO  impl.RoleInfo (RoleInfo.java:updateAndGet(143)) - de1a53ad-bbb1-4f1c-a870-9fe3ce57e0b8: start LeaderElection
2019-08-20 15:02:43,732 [de1a53ad-bbb1-4f1c-a870-9fe3ce57e0b8-SegmentedRaftLogWorker:Storage Directory /workdir/hadoop-ozone/integration-test/target/test-dir/MiniOzoneClusterImpl-c8129239-5fa4-43d5-9fc3-37839c077eab/datanode-2/data/ratis/9e91d51f-9ee7-4090-951e-f31bcabedffb] INFO  segmented.SegmentedRaftLogWorker (SegmentedRaftLogWorker.java:execute(569)) - de1a53ad-bbb1-4f1c-a870-9fe3ce57e0b8-SegmentedRaftLogWorker:Storage Directory /workdir/hadoop-ozone/integration-test/target/test-dir/MiniOzoneClusterImpl-c8129239-5fa4-43d5-9fc3-37839c077eab/datanode-2/data/ratis/9e91d51f-9ee7-4090-951e-f31bcabedffb: created new log segment /workdir/hadoop-ozone/integration-test/target/test-dir/MiniOzoneClusterImpl-c8129239-5fa4-43d5-9fc3-37839c077eab/datanode-2/data/ratis/9e91d51f-9ee7-4090-951e-f31bcabedffb/current/log_inprogress_0
2019-08-20 15:02:43,733 [de1a53ad-bbb1-4f1c-a870-9fe3ce57e0b8:group-FBB36F06D93F:LeaderElection36] INFO  impl.LeaderElection (LeaderElection.java:askForVotes(181)) - de1a53ad-bbb1-4f1c-a870-9fe3ce57e0b8:group-FBB36F06D93F:LeaderElection36: begin an election at term 1 for -1: [5c23d56f-781b-40f4-b763-dd6ad64f36ec:192.168.36.99:41272, de1a53ad-bbb1-4f1c-a870-9fe3ce57e0b8:192.168.36.99:33849, 8b1d3c45-464e-411c-9a1c-fa8558034422:192.168.36.99:44849], old=null
2019-08-20 15:02:43,737 [de1a53ad-bbb1-4f1c-a870-9fe3ce57e0b8:group-FBB36F06D93F:LeaderElection36] INFO  impl.LeaderElection (LogUtils.java:infoOrTrace(149)) - de1a53ad-bbb1-4f1c-a870-9fe3ce57e0b8:group-FBB36F06D93F:LeaderElection36 got exception when requesting votes: {}
java.util.concurrent.ExecutionException: org.apache.ratis.thirdparty.io.grpc.StatusRuntimeException: UNAVAILABLE: io exception
	at java.util.concurrent.FutureTask.report(FutureTask.java:122)
	at java.util.concurrent.FutureTask.get(FutureTask.java:192)
	at org.apache.ratis.server.impl.LeaderElection.waitForResults(LeaderElection.java:262)
	at org.apache.ratis.server.impl.LeaderElection.askForVotes(LeaderElection.java:200)
	at org.apache.ratis.server.impl.LeaderElection.run(LeaderElection.java:130)
	at java.lang.Thread.run(Thread.java:748)
Caused by: org.apache.ratis.thirdparty.io.grpc.StatusRuntimeException: UNAVAILABLE: io exception
	at org.apache.ratis.thirdparty.io.grpc.stub.ClientCalls.toStatusRuntimeException(ClientCalls.java:233)
	at org.apache.ratis.thirdparty.io.grpc.stub.ClientCalls.getUnchecked(ClientCalls.java:214)
	at org.apache.ratis.thirdparty.io.grpc.stub.ClientCalls.blockingUnaryCall(ClientCalls.java:139)
	at org.apache.ratis.proto.grpc.RaftServerProtocolServiceGrpc$RaftServerProtocolServiceBlockingStub.requestVote(RaftServerProtocolServiceGrpc.java:265)
	at org.apache.ratis.grpc.server.GrpcServerProtocolClient.requestVote(GrpcServerProtocolClient.java:83)
	at org.apache.ratis.grpc.server.GrpcService.requestVote(GrpcService.java:195)
	at org.apache.ratis.server.impl.LeaderElection.lambda$submitRequests$1(LeaderElection.java:237)
	at java.util.concurrent.FutureTask.run(FutureTask.java:266)
	at java.util.concurrent.Executors$RunnableAdapter.call(Executors.java:511)
	at java.util.concurrent.FutureTask.run(FutureTask.java:266)
	at java.util.concurrent.ThreadPoolExecutor.runWorker(ThreadPoolExecutor.java:1149)
	at java.util.concurrent.ThreadPoolExecutor$Worker.run(ThreadPoolExecutor.java:624)
	... 1 more
Caused by: org.apache.ratis.thirdparty.io.netty.channel.AbstractChannel$AnnotatedConnectException: Connection refused: /192.168.36.99:41272
	at sun.nio.ch.SocketChannelImpl.checkConnect(Native Method)
	at sun.nio.ch.SocketChannelImpl.finishConnect(SocketChannelImpl.java:717)
	at org.apache.ratis.thirdparty.io.netty.channel.socket.nio.NioSocketChannel.doFinishConnect(NioSocketChannel.java:327)
	at org.apache.ratis.thirdparty.io.netty.channel.nio.AbstractNioChannel$AbstractNioUnsafe.finishConnect(AbstractNioChannel.java:340)
	at org.apache.ratis.thirdparty.io.netty.channel.nio.NioEventLoop.processSelectedKey(NioEventLoop.java:632)
	at org.apache.ratis.thirdparty.io.netty.channel.nio.NioEventLoop.processSelectedKeysOptimized(NioEventLoop.java:579)
	at org.apache.ratis.thirdparty.io.netty.channel.nio.NioEventLoop.processSelectedKeys(NioEventLoop.java:496)
	at org.apache.ratis.thirdparty.io.netty.channel.nio.NioEventLoop.run(NioEventLoop.java:458)
	at org.apache.ratis.thirdparty.io.netty.util.concurrent.SingleThreadEventExecutor$5.run(SingleThreadEventExecutor.java:897)
	at org.apache.ratis.thirdparty.io.netty.util.concurrent.FastThreadLocalRunnable.run(FastThreadLocalRunnable.java:30)
	... 1 more
Caused by: java.net.ConnectException: Connection refused
	... 11 more
2019-08-20 15:02:43,739 [de1a53ad-bbb1-4f1c-a870-9fe3ce57e0b8:group-FBB36F06D93F:LeaderElection36] INFO  impl.LeaderElection (LogUtils.java:infoOrTrace(149)) - de1a53ad-bbb1-4f1c-a870-9fe3ce57e0b8:group-FBB36F06D93F:LeaderElection36 got exception when requesting votes: {}
java.util.concurrent.ExecutionException: org.apache.ratis.thirdparty.io.grpc.StatusRuntimeException: UNAVAILABLE: io exception
	at java.util.concurrent.FutureTask.report(FutureTask.java:122)
	at java.util.concurrent.FutureTask.get(FutureTask.java:192)
	at org.apache.ratis.server.impl.LeaderElection.waitForResults(LeaderElection.java:262)
	at org.apache.ratis.server.impl.LeaderElection.askForVotes(LeaderElection.java:200)
	at org.apache.ratis.server.impl.LeaderElection.run(LeaderElection.java:130)
	at java.lang.Thread.run(Thread.java:748)
Caused by: org.apache.ratis.thirdparty.io.grpc.StatusRuntimeException: UNAVAILABLE: io exception
	at org.apache.ratis.thirdparty.io.grpc.stub.ClientCalls.toStatusRuntimeException(ClientCalls.java:233)
	at org.apache.ratis.thirdparty.io.grpc.stub.ClientCalls.getUnchecked(ClientCalls.java:214)
	at org.apache.ratis.thirdparty.io.grpc.stub.ClientCalls.blockingUnaryCall(ClientCalls.java:139)
	at org.apache.ratis.proto.grpc.RaftServerProtocolServiceGrpc$RaftServerProtocolServiceBlockingStub.requestVote(RaftServerProtocolServiceGrpc.java:265)
	at org.apache.ratis.grpc.server.GrpcServerProtocolClient.requestVote(GrpcServerProtocolClient.java:83)
	at org.apache.ratis.grpc.server.GrpcService.requestVote(GrpcService.java:195)
	at org.apache.ratis.server.impl.LeaderElection.lambda$submitRequests$1(LeaderElection.java:237)
	at java.util.concurrent.FutureTask.run(FutureTask.java:266)
	at java.util.concurrent.Executors$RunnableAdapter.call(Executors.java:511)
	at java.util.concurrent.FutureTask.run(FutureTask.java:266)
	at java.util.concurrent.ThreadPoolExecutor.runWorker(ThreadPoolExecutor.java:1149)
	at java.util.concurrent.ThreadPoolExecutor$Worker.run(ThreadPoolExecutor.java:624)
	... 1 more
Caused by: org.apache.ratis.thirdparty.io.netty.channel.AbstractChannel$AnnotatedConnectException: Connection refused: /192.168.36.99:44849
	at sun.nio.ch.SocketChannelImpl.checkConnect(Native Method)
	at sun.nio.ch.SocketChannelImpl.finishConnect(SocketChannelImpl.java:717)
	at org.apache.ratis.thirdparty.io.netty.channel.socket.nio.NioSocketChannel.doFinishConnect(NioSocketChannel.java:327)
	at org.apache.ratis.thirdparty.io.netty.channel.nio.AbstractNioChannel$AbstractNioUnsafe.finishConnect(AbstractNioChannel.java:340)
	at org.apache.ratis.thirdparty.io.netty.channel.nio.NioEventLoop.processSelectedKey(NioEventLoop.java:632)
	at org.apache.ratis.thirdparty.io.netty.channel.nio.NioEventLoop.processSelectedKeysOptimized(NioEventLoop.java:579)
	at org.apache.ratis.thirdparty.io.netty.channel.nio.NioEventLoop.processSelectedKeys(NioEventLoop.java:496)
	at org.apache.ratis.thirdparty.io.netty.channel.nio.NioEventLoop.run(NioEventLoop.java:458)
	at org.apache.ratis.thirdparty.io.netty.util.concurrent.SingleThreadEventExecutor$5.run(SingleThreadEventExecutor.java:897)
	at org.apache.ratis.thirdparty.io.netty.util.concurrent.FastThreadLocalRunnable.run(FastThreadLocalRunnable.java:30)
	... 1 more
Caused by: java.net.ConnectException: Connection refused
	... 11 more
2019-08-20 15:02:43,741 [de1a53ad-bbb1-4f1c-a870-9fe3ce57e0b8:group-FBB36F06D93F:LeaderElection36] INFO  impl.LeaderElection (LeaderElection.java:logAndReturn(56)) - de1a53ad-bbb1-4f1c-a870-9fe3ce57e0b8:group-FBB36F06D93F:LeaderElection36: Election REJECTED; received 0 response(s) [] and 2 exception(s); de1a53ad-bbb1-4f1c-a870-9fe3ce57e0b8:t1, leader=null, voted=de1a53ad-bbb1-4f1c-a870-9fe3ce57e0b8, raftlog=de1a53ad-bbb1-4f1c-a870-9fe3ce57e0b8-SegmentedRaftLog:OPENED:c-1,f-1,i0, conf=-1: [5c23d56f-781b-40f4-b763-dd6ad64f36ec:192.168.36.99:41272, de1a53ad-bbb1-4f1c-a870-9fe3ce57e0b8:192.168.36.99:33849, 8b1d3c45-464e-411c-9a1c-fa8558034422:192.168.36.99:44849], old=null
2019-08-20 15:02:43,741 [de1a53ad-bbb1-4f1c-a870-9fe3ce57e0b8:group-FBB36F06D93F:LeaderElection36] INFO  impl.LeaderElection (LogUtils.java:infoOrTrace(149)) -   Exception 0: {}
java.util.concurrent.ExecutionException: org.apache.ratis.thirdparty.io.grpc.StatusRuntimeException: UNAVAILABLE: io exception
	at java.util.concurrent.FutureTask.report(FutureTask.java:122)
	at java.util.concurrent.FutureTask.get(FutureTask.java:192)
	at org.apache.ratis.server.impl.LeaderElection.waitForResults(LeaderElection.java:262)
	at org.apache.ratis.server.impl.LeaderElection.askForVotes(LeaderElection.java:200)
	at org.apache.ratis.server.impl.LeaderElection.run(LeaderElection.java:130)
	at java.lang.Thread.run(Thread.java:748)
Caused by: org.apache.ratis.thirdparty.io.grpc.StatusRuntimeException: UNAVAILABLE: io exception
	at org.apache.ratis.thirdparty.io.grpc.stub.ClientCalls.toStatusRuntimeException(ClientCalls.java:233)
	at org.apache.ratis.thirdparty.io.grpc.stub.ClientCalls.getUnchecked(ClientCalls.java:214)
	at org.apache.ratis.thirdparty.io.grpc.stub.ClientCalls.blockingUnaryCall(ClientCalls.java:139)
	at org.apache.ratis.proto.grpc.RaftServerProtocolServiceGrpc$RaftServerProtocolServiceBlockingStub.requestVote(RaftServerProtocolServiceGrpc.java:265)
	at org.apache.ratis.grpc.server.GrpcServerProtocolClient.requestVote(GrpcServerProtocolClient.java:83)
	at org.apache.ratis.grpc.server.GrpcService.requestVote(GrpcService.java:195)
	at org.apache.ratis.server.impl.LeaderElection.lambda$submitRequests$1(LeaderElection.java:237)
	at java.util.concurrent.FutureTask.run(FutureTask.java:266)
	at java.util.concurrent.Executors$RunnableAdapter.call(Executors.java:511)
	at java.util.concurrent.FutureTask.run(FutureTask.java:266)
	at java.util.concurrent.ThreadPoolExecutor.runWorker(ThreadPoolExecutor.java:1149)
	at java.util.concurrent.ThreadPoolExecutor$Worker.run(ThreadPoolExecutor.java:624)
	... 1 more
Caused by: org.apache.ratis.thirdparty.io.netty.channel.AbstractChannel$AnnotatedConnectException: Connection refused: /192.168.36.99:41272
	at sun.nio.ch.SocketChannelImpl.checkConnect(Native Method)
	at sun.nio.ch.SocketChannelImpl.finishConnect(SocketChannelImpl.java:717)
	at org.apache.ratis.thirdparty.io.netty.channel.socket.nio.NioSocketChannel.doFinishConnect(NioSocketChannel.java:327)
	at org.apache.ratis.thirdparty.io.netty.channel.nio.AbstractNioChannel$AbstractNioUnsafe.finishConnect(AbstractNioChannel.java:340)
	at org.apache.ratis.thirdparty.io.netty.channel.nio.NioEventLoop.processSelectedKey(NioEventLoop.java:632)
	at org.apache.ratis.thirdparty.io.netty.channel.nio.NioEventLoop.processSelectedKeysOptimized(NioEventLoop.java:579)
	at org.apache.ratis.thirdparty.io.netty.channel.nio.NioEventLoop.processSelectedKeys(NioEventLoop.java:496)
	at org.apache.ratis.thirdparty.io.netty.channel.nio.NioEventLoop.run(NioEventLoop.java:458)
	at org.apache.ratis.thirdparty.io.netty.util.concurrent.SingleThreadEventExecutor$5.run(SingleThreadEventExecutor.java:897)
	at org.apache.ratis.thirdparty.io.netty.util.concurrent.FastThreadLocalRunnable.run(FastThreadLocalRunnable.java:30)
	... 1 more
Caused by: java.net.ConnectException: Connection refused
	... 11 more
2019-08-20 15:02:43,742 [de1a53ad-bbb1-4f1c-a870-9fe3ce57e0b8:group-FBB36F06D93F:LeaderElection36] INFO  impl.LeaderElection (LogUtils.java:infoOrTrace(149)) -   Exception 1: {}
java.util.concurrent.ExecutionException: org.apache.ratis.thirdparty.io.grpc.StatusRuntimeException: UNAVAILABLE: io exception
	at java.util.concurrent.FutureTask.report(FutureTask.java:122)
	at java.util.concurrent.FutureTask.get(FutureTask.java:192)
	at org.apache.ratis.server.impl.LeaderElection.waitForResults(LeaderElection.java:262)
	at org.apache.ratis.server.impl.LeaderElection.askForVotes(LeaderElection.java:200)
	at org.apache.ratis.server.impl.LeaderElection.run(LeaderElection.java:130)
	at java.lang.Thread.run(Thread.java:748)
Caused by: org.apache.ratis.thirdparty.io.grpc.StatusRuntimeException: UNAVAILABLE: io exception
	at org.apache.ratis.thirdparty.io.grpc.stub.ClientCalls.toStatusRuntimeException(ClientCalls.java:233)
	at org.apache.ratis.thirdparty.io.grpc.stub.ClientCalls.getUnchecked(ClientCalls.java:214)
	at org.apache.ratis.thirdparty.io.grpc.stub.ClientCalls.blockingUnaryCall(ClientCalls.java:139)
	at org.apache.ratis.proto.grpc.RaftServerProtocolServiceGrpc$RaftServerProtocolServiceBlockingStub.requestVote(RaftServerProtocolServiceGrpc.java:265)
	at org.apache.ratis.grpc.server.GrpcServerProtocolClient.requestVote(GrpcServerProtocolClient.java:83)
	at org.apache.ratis.grpc.server.GrpcService.requestVote(GrpcService.java:195)
	at org.apache.ratis.server.impl.LeaderElection.lambda$submitRequests$1(LeaderElection.java:237)
	at java.util.concurrent.FutureTask.run(FutureTask.java:266)
	at java.util.concurrent.Executors$RunnableAdapter.call(Executors.java:511)
	at java.util.concurrent.FutureTask.run(FutureTask.java:266)
	at java.util.concurrent.ThreadPoolExecutor.runWorker(ThreadPoolExecutor.java:1149)
	at java.util.concurrent.ThreadPoolExecutor$Worker.run(ThreadPoolExecutor.java:624)
	... 1 more
Caused by: org.apache.ratis.thirdparty.io.netty.channel.AbstractChannel$AnnotatedConnectException: Connection refused: /192.168.36.99:44849
	at sun.nio.ch.SocketChannelImpl.checkConnect(Native Method)
	at sun.nio.ch.SocketChannelImpl.finishConnect(SocketChannelImpl.java:717)
	at org.apache.ratis.thirdparty.io.netty.channel.socket.nio.NioSocketChannel.doFinishConnect(NioSocketChannel.java:327)
	at org.apache.ratis.thirdparty.io.netty.channel.nio.AbstractNioChannel$AbstractNioUnsafe.finishConnect(AbstractNioChannel.java:340)
	at org.apache.ratis.thirdparty.io.netty.channel.nio.NioEventLoop.processSelectedKey(NioEventLoop.java:632)
	at org.apache.ratis.thirdparty.io.netty.channel.nio.NioEventLoop.processSelectedKeysOptimized(NioEventLoop.java:579)
	at org.apache.ratis.thirdparty.io.netty.channel.nio.NioEventLoop.processSelectedKeys(NioEventLoop.java:496)
	at org.apache.ratis.thirdparty.io.netty.channel.nio.NioEventLoop.run(NioEventLoop.java:458)
	at org.apache.ratis.thirdparty.io.netty.util.concurrent.SingleThreadEventExecutor$5.run(SingleThreadEventExecutor.java:897)
	at org.apache.ratis.thirdparty.io.netty.util.concurrent.FastThreadLocalRunnable.run(FastThreadLocalRunnable.java:30)
	... 1 more
Caused by: java.net.ConnectException: Connection refused
	... 11 more
2019-08-20 15:02:43,742 [de1a53ad-bbb1-4f1c-a870-9fe3ce57e0b8:group-FBB36F06D93F:LeaderElection36] INFO  impl.RaftServerImpl (RaftServerImpl.java:setRole(171)) - de1a53ad-bbb1-4f1c-a870-9fe3ce57e0b8:group-FBB36F06D93F changes role from CANDIDATE to FOLLOWER at term 1 for DISCOVERED_A_NEW_TERM
2019-08-20 15:02:43,742 [de1a53ad-bbb1-4f1c-a870-9fe3ce57e0b8:group-FBB36F06D93F:LeaderElection36] INFO  impl.RoleInfo (RoleInfo.java:shutdownLeaderElection(134)) - de1a53ad-bbb1-4f1c-a870-9fe3ce57e0b8: shutdown LeaderElection
2019-08-20 15:02:43,743 [de1a53ad-bbb1-4f1c-a870-9fe3ce57e0b8:group-FBB36F06D93F:LeaderElection36] INFO  impl.RoleInfo (RoleInfo.java:updateAndGet(143)) - de1a53ad-bbb1-4f1c-a870-9fe3ce57e0b8: start FollowerState
2019-08-20 15:02:43,764 [Datanode State Machine Thread - 0] INFO  statemachine.DatanodeStateMachine (DatanodeStateMachine.java:lambda$startDaemon$0(350)) - Ozone container server started.
2019-08-20 15:02:47,929 [main] INFO  ozoneimpl.OzoneContainer (OzoneContainer.java:stop(199)) - Attempting to stop container services.
2019-08-20 15:02:47,929 [main] INFO  impl.RaftServerProxy (RaftServerProxy.java:lambda$close$4(314)) - de1a53ad-bbb1-4f1c-a870-9fe3ce57e0b8: close
2019-08-20 15:02:47,930 [main] INFO  impl.RaftServerImpl (RaftServerImpl.java:lambda$shutdown$3(245)) - de1a53ad-bbb1-4f1c-a870-9fe3ce57e0b8: shutdown group-FBB36F06D93F
2019-08-20 15:02:47,930 [ForkJoinPool.commonPool-worker-0] INFO  impl.RaftServerImpl (RaftServerImpl.java:lambda$shutdown$3(245)) - de1a53ad-bbb1-4f1c-a870-9fe3ce57e0b8: shutdown group-F31BCABEDFFB
2019-08-20 15:02:47,930 [main] INFO  util.JmxRegister (JmxRegister.java:unregister(73)) - Successfully un-registered JMX Bean with object name Ratis:service=RaftServer,group=group-FBB36F06D93F,id=de1a53ad-bbb1-4f1c-a870-9fe3ce57e0b8
2019-08-20 15:02:47,931 [ForkJoinPool.commonPool-worker-0] INFO  util.JmxRegister (JmxRegister.java:unregister(73)) - Successfully un-registered JMX Bean with object name Ratis:service=RaftServer,group=group-F31BCABEDFFB,id=de1a53ad-bbb1-4f1c-a870-9fe3ce57e0b8
2019-08-20 15:02:47,931 [main] INFO  impl.RoleInfo (RoleInfo.java:shutdownFollowerState(121)) - de1a53ad-bbb1-4f1c-a870-9fe3ce57e0b8: shutdown FollowerState
2019-08-20 15:02:47,931 [ForkJoinPool.commonPool-worker-0] INFO  impl.RoleInfo (RoleInfo.java:shutdownLeaderState(104)) - de1a53ad-bbb1-4f1c-a870-9fe3ce57e0b8: shutdown LeaderState
2019-08-20 15:02:47,931 [Thread-639] INFO  impl.FollowerState (FollowerState.java:run(114)) - de1a53ad-bbb1-4f1c-a870-9fe3ce57e0b8: FollowerState was interrupted: java.lang.InterruptedException: sleep interrupted
2019-08-20 15:02:47,931 [ForkJoinPool.commonPool-worker-0] INFO  impl.PendingRequests (PendingRequests.java:sendNotLeaderResponses(202)) - de1a53ad-bbb1-4f1c-a870-9fe3ce57e0b8-PendingRequests: sendNotLeaderResponses
2019-08-20 15:02:47,931 [main] INFO  impl.StateMachineUpdater (StateMachineUpdater.java:stopAndJoin(115)) - StateMachineUpdater:de1a53ad-bbb1-4f1c-a870-9fe3ce57e0b8:group-FBB36F06D93F: set stopIndex = -1
2019-08-20 15:02:47,933 [ForkJoinPool.commonPool-worker-0] INFO  impl.StateMachineUpdater (StateMachineUpdater.java:stopAndJoin(115)) - StateMachineUpdater:de1a53ad-bbb1-4f1c-a870-9fe3ce57e0b8:group-F31BCABEDFFB: set stopIndex = 0
2019-08-20 15:02:47,933 [main] INFO  impl.RaftServerImpl (ServerState.java:close(394)) - de1a53ad-bbb1-4f1c-a870-9fe3ce57e0b8:group-FBB36F06D93F closes. The last applied log index is -1
2019-08-20 15:02:47,933 [de1a53ad-bbb1-4f1c-a870-9fe3ce57e0b8-SegmentedRaftLogWorker:Storage Directory /workdir/hadoop-ozone/integration-test/target/test-dir/MiniOzoneClusterImpl-c8129239-5fa4-43d5-9fc3-37839c077eab/datanode-2/data/ratis/2cb955bf-d115-4c62-92cb-fbb36f06d93f] INFO  segmented.SegmentedRaftLogWorker (SegmentedRaftLogWorker.java:run(313)) - de1a53ad-bbb1-4f1c-a870-9fe3ce57e0b8-SegmentedRaftLogWorker:Storage Directory /workdir/hadoop-ozone/integration-test/target/test-dir/MiniOzoneClusterImpl-c8129239-5fa4-43d5-9fc3-37839c077eab/datanode-2/data/ratis/2cb955bf-d115-4c62-92cb-fbb36f06d93f was interrupted, exiting. There are 0 tasks remaining in the queue.
2019-08-20 15:02:47,933 [main] INFO  segmented.SegmentedRaftLogWorker (SegmentedRaftLogWorker.java:close(228)) - de1a53ad-bbb1-4f1c-a870-9fe3ce57e0b8-SegmentedRaftLogWorker:Storage Directory /workdir/hadoop-ozone/integration-test/target/test-dir/MiniOzoneClusterImpl-c8129239-5fa4-43d5-9fc3-37839c077eab/datanode-2/data/ratis/2cb955bf-d115-4c62-92cb-fbb36f06d93f close()
2019-08-20 15:02:47,933 [ForkJoinPool.commonPool-worker-0] INFO  impl.RaftServerImpl (ServerState.java:close(394)) - de1a53ad-bbb1-4f1c-a870-9fe3ce57e0b8:group-F31BCABEDFFB closes. The last applied log index is 0
2019-08-20 15:02:47,935 [main] INFO  impl.RaftServerImpl (RaftServerImpl.java:lambda$shutdown$3(245)) - de1a53ad-bbb1-4f1c-a870-9fe3ce57e0b8: shutdown group-2D00B8CBBCCD
2019-08-20 15:02:47,935 [de1a53ad-bbb1-4f1c-a870-9fe3ce57e0b8-SegmentedRaftLogWorker:Storage Directory /workdir/hadoop-ozone/integration-test/target/test-dir/MiniOzoneClusterImpl-c8129239-5fa4-43d5-9fc3-37839c077eab/datanode-2/data/ratis/9e91d51f-9ee7-4090-951e-f31bcabedffb] INFO  segmented.SegmentedRaftLogWorker (SegmentedRaftLogWorker.java:run(313)) - de1a53ad-bbb1-4f1c-a870-9fe3ce57e0b8-SegmentedRaftLogWorker:Storage Directory /workdir/hadoop-ozone/integration-test/target/test-dir/MiniOzoneClusterImpl-c8129239-5fa4-43d5-9fc3-37839c077eab/datanode-2/data/ratis/9e91d51f-9ee7-4090-951e-f31bcabedffb was interrupted, exiting. There are 0 tasks remaining in the queue.
2019-08-20 15:02:47,936 [main] INFO  util.JmxRegister (JmxRegister.java:unregister(73)) - Successfully un-registered JMX Bean with object name Ratis:service=RaftServer,group=group-2D00B8CBBCCD,id=de1a53ad-bbb1-4f1c-a870-9fe3ce57e0b8
2019-08-20 15:02:47,936 [ForkJoinPool.commonPool-worker-0] INFO  segmented.SegmentedRaftLogWorker (SegmentedRaftLogWorker.java:close(228)) - de1a53ad-bbb1-4f1c-a870-9fe3ce57e0b8-SegmentedRaftLogWorker:Storage Directory /workdir/hadoop-ozone/integration-test/target/test-dir/MiniOzoneClusterImpl-c8129239-5fa4-43d5-9fc3-37839c077eab/datanode-2/data/ratis/9e91d51f-9ee7-4090-951e-f31bcabedffb close()
2019-08-20 15:02:47,936 [main] INFO  impl.RoleInfo (RoleInfo.java:shutdownLeaderState(104)) - de1a53ad-bbb1-4f1c-a870-9fe3ce57e0b8: shutdown LeaderState
2019-08-20 15:02:47,938 [main] INFO  impl.PendingRequests (PendingRequests.java:sendNotLeaderResponses(202)) - de1a53ad-bbb1-4f1c-a870-9fe3ce57e0b8-PendingRequests: sendNotLeaderResponses
2019-08-20 15:02:47,941 [main] INFO  impl.StateMachineUpdater (StateMachineUpdater.java:stopAndJoin(115)) - StateMachineUpdater:de1a53ad-bbb1-4f1c-a870-9fe3ce57e0b8:group-2D00B8CBBCCD: set stopIndex = 2
2019-08-20 15:02:47,941 [main] INFO  impl.RaftServerImpl (ServerState.java:close(394)) - de1a53ad-bbb1-4f1c-a870-9fe3ce57e0b8:group-2D00B8CBBCCD closes. The last applied log index is 2
2019-08-20 15:02:47,941 [de1a53ad-bbb1-4f1c-a870-9fe3ce57e0b8-SegmentedRaftLogWorker:Storage Directory /workdir/hadoop-ozone/integration-test/target/test-dir/MiniOzoneClusterImpl-c8129239-5fa4-43d5-9fc3-37839c077eab/datanode-2/data/ratis/8879b723-97c6-450a-a835-2d00b8cbbccd] INFO  segmented.SegmentedRaftLogWorker (SegmentedRaftLogWorker.java:run(313)) - de1a53ad-bbb1-4f1c-a870-9fe3ce57e0b8-SegmentedRaftLogWorker:Storage Directory /workdir/hadoop-ozone/integration-test/target/test-dir/MiniOzoneClusterImpl-c8129239-5fa4-43d5-9fc3-37839c077eab/datanode-2/data/ratis/8879b723-97c6-450a-a835-2d00b8cbbccd was interrupted, exiting. There are 0 tasks remaining in the queue.
2019-08-20 15:02:47,942 [main] INFO  segmented.SegmentedRaftLogWorker (SegmentedRaftLogWorker.java:close(228)) - de1a53ad-bbb1-4f1c-a870-9fe3ce57e0b8-SegmentedRaftLogWorker:Storage Directory /workdir/hadoop-ozone/integration-test/target/test-dir/MiniOzoneClusterImpl-c8129239-5fa4-43d5-9fc3-37839c077eab/datanode-2/data/ratis/8879b723-97c6-450a-a835-2d00b8cbbccd close()
2019-08-20 15:02:47,944 [main] INFO  server.GrpcService (GrpcService.java:closeImpl(155)) - de1a53ad-bbb1-4f1c-a870-9fe3ce57e0b8: shutdown server with port 33849 now
2019-08-20 15:02:47,946 [main] INFO  server.GrpcService (GrpcService.java:closeImpl(163)) - de1a53ad-bbb1-4f1c-a870-9fe3ce57e0b8: shutdown server with port 33849 successfully
2019-08-20 15:02:47,948 [main] INFO  utils.BackgroundService (BackgroundService.java:shutdown(148)) - Shutting down service BlockDeletingService
2019-08-20 15:02:47,949 [refreshUsed-/workdir/hadoop-ozone/integration-test/target/test-dir/MiniOzoneClusterImpl-c8129239-5fa4-43d5-9fc3-37839c077eab/datanode-2/data/containers] WARN  fs.CachingGetSpaceUsed (CachingGetSpaceUsed.java:run(183)) - Thread Interrupted waiting to refresh disk information: sleep interrupted
2019-08-20 15:02:47,965 [main] INFO  statemachine.DatanodeStateMachine (DatanodeStateMachine.java:stopDaemon(395)) - Ozone container server stopped.
2019-08-20 15:02:47,967 [main] INFO  handler.ContextHandler (ContextHandler.java:doStop(910)) - Stopped o.e.j.w.WebAppContext@5c621bd{/,null,UNAVAILABLE}{/hddsDatanode}
2019-08-20 15:02:47,967 [main] INFO  server.AbstractConnector (AbstractConnector.java:doStop(318)) - Stopped ServerConnector@295aeaa6{HTTP/1.1,[http/1.1]}{0.0.0.0:37463}
2019-08-20 15:02:47,968 [main] INFO  handler.ContextHandler (ContextHandler.java:doStop(910)) - Stopped o.e.j.s.ServletContextHandler@6c6298f1{/static,jar:file:/home/user/.m2/repository/org/apache/hadoop/hadoop-hdds-container-service/0.5.0-SNAPSHOT/hadoop-hdds-container-service-0.5.0-SNAPSHOT.jar!/webapps/static,UNAVAILABLE}
2019-08-20 15:02:47,969 [main] INFO  handler.ContextHandler (ContextHandler.java:doStop(910)) - Stopped o.e.j.s.ServletContextHandler@18f94c3f{/logs,file:///workdir/hadoop-ozone/integration-test/target/log,UNAVAILABLE}
2019-08-20 15:02:47,970 [main] INFO  ozone.MiniOzoneClusterImpl (MiniOzoneClusterImpl.java:stop(353)) - Stopping the StorageContainerManager
2019-08-20 15:02:47,971 [main] INFO  server.StorageContainerManager (StorageContainerManager.java:stop(797)) - Stopping Replication Manager Service.
2019-08-20 15:02:47,971 [main] INFO  container.ReplicationManager (ReplicationManager.java:stop(193)) - Stopping Replication Monitor Thread.
2019-08-20 15:02:47,971 [main] INFO  server.StorageContainerManager (StorageContainerManager.java:stop(804)) - Stopping Lease Manager of the command watchers
2019-08-20 15:02:47,971 [main] INFO  server.StorageContainerManager (StorageContainerManager.java:stop(811)) - Stopping datanode service RPC server
2019-08-20 15:02:47,972 [main] INFO  server.SCMDatanodeProtocolServer (SCMDatanodeProtocolServer.java:stop(367)) - Stopping the RPC server for DataNodes
2019-08-20 15:02:47,972 [main] INFO  ipc.Server (Server.java:stop(3082)) - Stopping server on 35622
2019-08-20 15:02:47,974 [IPC Server listener on 35622] INFO  ipc.Server (Server.java:run(1185)) - Stopping IPC Server listener on 35622
2019-08-20 15:02:47,974 [IPC Server Responder] INFO  ipc.Server (Server.java:run(1319)) - Stopping IPC Server Responder
2019-08-20 15:02:48,440 [SCM Heartbeat Processing Thread - 0] WARN  node.NodeStateManager (NodeStateManager.java:scheduleNextHealthCheck(646)) - Current Thread is interrupted, shutting down HB processing thread for Node Manager.
2019-08-20 15:02:48,441 [EventQueue-StaleNodeForStaleNodeHandler] INFO  node.StaleNodeHandler (StaleNodeHandler.java:onMessage(58)) - Datanode de1a53ad-bbb1-4f1c-a870-9fe3ce57e0b8{ip: 192.168.36.99, host: pr-hdds-1950-vsl5z-1698008226, networkLocation: /default-rack, certSerialId: null} moved to stale state. Finalizing its pipelines [PipelineID=2cb955bf-d115-4c62-92cb-fbb36f06d93f, PipelineID=8879b723-97c6-450a-a835-2d00b8cbbccd, PipelineID=9e91d51f-9ee7-4090-951e-f31bcabedffb]
2019-08-20 15:02:48,441 [main] INFO  server.StorageContainerManager (StorageContainerManager.java:stop(819)) - Stopping block service RPC server
2019-08-20 15:02:48,441 [EventQueue-StaleNodeForStaleNodeHandler] INFO  pipeline.SCMPipelineManager (SCMPipelineManager.java:finalizeAndDestroyPipeline(309)) - destroying pipeline:Pipeline[ Id: 2cb955bf-d115-4c62-92cb-fbb36f06d93f, Nodes: 8b1d3c45-464e-411c-9a1c-fa8558034422{ip: 192.168.36.99, host: pr-hdds-1950-vsl5z-1698008226, networkLocation: /default-rack, certSerialId: null}de1a53ad-bbb1-4f1c-a870-9fe3ce57e0b8{ip: 192.168.36.99, host: pr-hdds-1950-vsl5z-1698008226, networkLocation: /default-rack, certSerialId: null}5c23d56f-781b-40f4-b763-dd6ad64f36ec{ip: 192.168.36.99, host: pr-hdds-1950-vsl5z-1698008226, networkLocation: /default-rack, certSerialId: null}, Type:RATIS, Factor:THREE, State:CLOSED]
2019-08-20 15:02:48,441 [main] INFO  server.SCMBlockProtocolServer (SCMBlockProtocolServer.java:stop(148)) - Stopping the RPC server for Block Protocol
2019-08-20 15:02:48,441 [EventQueue-StaleNodeForStaleNodeHandler] INFO  pipeline.SCMPipelineManager (SCMPipelineManager.java:finalizeAndDestroyPipeline(309)) - destroying pipeline:Pipeline[ Id: 8879b723-97c6-450a-a835-2d00b8cbbccd, Nodes: de1a53ad-bbb1-4f1c-a870-9fe3ce57e0b8{ip: 192.168.36.99, host: pr-hdds-1950-vsl5z-1698008226, networkLocation: /default-rack, certSerialId: null}, Type:RATIS, Factor:ONE, State:CLOSED]
2019-08-20 15:02:48,442 [main] INFO  ipc.Server (Server.java:stop(3082)) - Stopping server on 36418
2019-08-20 15:02:48,442 [EventQueue-StaleNodeForStaleNodeHandler] INFO  pipeline.SCMPipelineManager (SCMPipelineManager.java:finalizeAndDestroyPipeline(309)) - destroying pipeline:Pipeline[ Id: 9e91d51f-9ee7-4090-951e-f31bcabedffb, Nodes: de1a53ad-bbb1-4f1c-a870-9fe3ce57e0b8{ip: 192.168.36.99, host: pr-hdds-1950-vsl5z-1698008226, networkLocation: /default-rack, certSerialId: null}, Type:RATIS, Factor:ONE, State:OPEN]
2019-08-20 15:02:48,442 [EventQueue-StaleNodeForStaleNodeHandler] INFO  pipeline.PipelineStateManager (PipelineStateManager.java:finalizePipeline(123)) - Pipeline Pipeline[ Id: 9e91d51f-9ee7-4090-951e-f31bcabedffb, Nodes: de1a53ad-bbb1-4f1c-a870-9fe3ce57e0b8{ip: 192.168.36.99, host: pr-hdds-1950-vsl5z-1698008226, networkLocation: /default-rack, certSerialId: null}, Type:RATIS, Factor:ONE, State:CLOSED] moved to CLOSED state
2019-08-20 15:02:48,444 [IPC Server listener on 36418] INFO  ipc.Server (Server.java:run(1185)) - Stopping IPC Server listener on 36418
2019-08-20 15:02:48,444 [main] INFO  server.StorageContainerManager (StorageContainerManager.java:stop(826)) - Stopping the StorageContainerLocationProtocol RPC server
2019-08-20 15:02:48,445 [IPC Server Responder] INFO  ipc.Server (Server.java:run(1319)) - Stopping IPC Server Responder
2019-08-20 15:02:48,445 [main] INFO  server.SCMClientProtocolServer (SCMClientProtocolServer.java:stop(159)) - Stopping the RPC server for Client Protocol
2019-08-20 15:02:48,446 [main] INFO  ipc.Server (Server.java:stop(3082)) - Stopping server on 42908
2019-08-20 15:02:48,447 [IPC Server listener on 42908] INFO  ipc.Server (Server.java:run(1185)) - Stopping IPC Server listener on 42908
2019-08-20 15:02:48,447 [main] INFO  server.StorageContainerManager (StorageContainerManager.java:stop(833)) - Stopping Storage Container Manager HTTP server.
2019-08-20 15:02:48,447 [IPC Server Responder] INFO  ipc.Server (Server.java:run(1319)) - Stopping IPC Server Responder
2019-08-20 15:02:48,449 [main] INFO  handler.ContextHandler (ContextHandler.java:doStop(910)) - Stopped o.e.j.w.WebAppContext@7988339f{/,null,UNAVAILABLE}{/scm}
2019-08-20 15:02:48,450 [main] INFO  server.AbstractConnector (AbstractConnector.java:doStop(318)) - Stopped ServerConnector@7c1c37bf{HTTP/1.1,[http/1.1]}{0.0.0.0:0}
2019-08-20 15:02:48,452 [main] INFO  handler.ContextHandler (ContextHandler.java:doStop(910)) - Stopped o.e.j.s.ServletContextHandler@82cf7a1{/static,file:///workdir/hadoop-ozone/integration-test/target/test-classes/webapps/static,UNAVAILABLE}
2019-08-20 15:02:48,453 [main] INFO  handler.ContextHandler (ContextHandler.java:doStop(910)) - Stopped o.e.j.s.ServletContextHandler@30a1dff8{/logs,file:///workdir/hadoop-ozone/integration-test/target/log,UNAVAILABLE}
2019-08-20 15:02:48,454 [main] INFO  server.StorageContainerManager (StorageContainerManager.java:stop(844)) - Stopping Block Manager Service.
2019-08-20 15:02:48,455 [main] INFO  utils.BackgroundService (BackgroundService.java:shutdown(148)) - Shutting down service SCMBlockDeletingService
2019-08-20 15:02:48,455 [main] INFO  utils.BackgroundService (BackgroundService.java:shutdown(148)) - Shutting down service SCMBlockDeletingService
2019-08-20 15:02:48,456 [main] INFO  server.StorageContainerManager (StorageContainerManager.java:stop(866)) - Stopping SCM Event Queue.
2019-08-20 15:02:48,462 [main] INFO  impl.MetricsSystemImpl (MetricsSystemImpl.java:stop(210)) - Stopping HddsDatanode metrics system...
2019-08-20 15:02:48,470 [main] INFO  impl.MetricsSystemImpl (MetricsSystemImpl.java:stop(216)) - HddsDatanode metrics system stopped.
]]></system-out>
    <system-err><![CDATA[Aug 20, 2019 3:02:10 PM com.sun.jersey.server.impl.application.WebApplicationImpl _initiate
INFO: Initiating Jersey application, version 'Jersey: 1.19 02/11/2015 03:25 AM'
Aug 20, 2019 3:02:10 PM com.sun.jersey.server.impl.application.WebApplicationImpl _initiate
INFO: Initiating Jersey application, version 'Jersey: 1.19 02/11/2015 03:25 AM'
Aug 20, 2019 3:02:10 PM com.sun.jersey.server.impl.application.WebApplicationImpl _initiate
INFO: Initiating Jersey application, version 'Jersey: 1.19 02/11/2015 03:25 AM'
Aug 20, 2019 3:02:31 PM com.sun.jersey.server.impl.application.WebApplicationImpl _initiate
INFO: Initiating Jersey application, version 'Jersey: 1.19 02/11/2015 03:25 AM'
Aug 20, 2019 3:02:31 PM com.sun.jersey.server.impl.application.WebApplicationImpl _initiate
INFO: Initiating Jersey application, version 'Jersey: 1.19 02/11/2015 03:25 AM'
Aug 20, 2019 3:02:31 PM com.sun.jersey.server.impl.application.WebApplicationImpl _initiate
INFO: Initiating Jersey application, version 'Jersey: 1.19 02/11/2015 03:25 AM'
]]></system-err>
  </testcase>
</testsuite>