<?xml version="1.0" encoding="UTF-8"?>
<testsuite xmlns:xsi="http://www.w3.org/2001/XMLSchema-instance" xsi:noNamespaceSchemaLocation="https://maven.apache.org/surefire/maven-surefire-plugin/xsd/surefire-test-report.xsd" name="org.apache.hadoop.ozone.client.rpc.TestOzoneClientRetriesOnException" time="141.422" tests="2" errors="1" skipped="0" failures="0">
  <properties>
    <property name="awt.toolkit" value="sun.awt.X11.XToolkit"/>
    <property name="file.encoding.pkg" value="sun.io"/>
    <property name="java.specification.version" value="1.8"/>
    <property name="sun.cpu.isalist" value=""/>
    <property name="sun.jnu.encoding" value="UTF-8"/>
    <property name="java.class.path" value="/workdir/hadoop-ozone/integration-test/target/test-classes:/workdir/hadoop-ozone/integration-test/target/classes:/home/user/.m2/repository/org/apache/hadoop/hadoop-ozone-common/0.5.0-SNAPSHOT/hadoop-ozone-common-0.5.0-SNAPSHOT.jar:/home/user/.m2/repository/org/apache/commons/commons-compress/1.4.1/commons-compress-1.4.1.jar:/home/user/.m2/repository/org/tukaani/xz/1.0/xz-1.0.jar:/home/user/.m2/repository/org/apache/hadoop/hadoop-common/3.2.0/hadoop-common-3.2.0.jar:/home/user/.m2/repository/org/apache/hadoop/hadoop-hdfs/3.2.0/hadoop-hdfs-3.2.0.jar:/home/user/.m2/repository/org/apache/hadoop/hadoop-hdfs-client/3.2.0/hadoop-hdfs-client-3.2.0.jar:/home/user/.m2/repository/com/fasterxml/jackson/core/jackson-annotations/2.9.5/jackson-annotations-2.9.5.jar:/home/user/.m2/repository/org/apache/hadoop/hadoop-hdds-common/0.5.0-SNAPSHOT/hadoop-hdds-common-0.5.0-SNAPSHOT.jar:/home/user/.m2/repository/javax/annotation/javax.annotation-api/1.2/javax.annotation-api-1.2.jar:/home/user/.m2/repository/org/apache/ratis/ratis-server/0.4.0-2337318-SNAPSHOT/ratis-server-0.4.0-2337318-SNAPSHOT.jar:/home/user/.m2/repository/org/apache/ratis/ratis-thirdparty-misc/0.2.0/ratis-thirdparty-misc-0.2.0.jar:/home/user/.m2/repository/org/apache/ratis/ratis-proto/0.4.0-2337318-SNAPSHOT/ratis-proto-0.4.0-2337318-SNAPSHOT.jar:/home/user/.m2/repository/org/apache/ratis/ratis-common/0.4.0-2337318-SNAPSHOT/ratis-common-0.4.0-2337318-SNAPSHOT.jar:/home/user/.m2/repository/org/apache/ratis/ratis-client/0.4.0-2337318-SNAPSHOT/ratis-client-0.4.0-2337318-SNAPSHOT.jar:/home/user/.m2/repository/org/apache/ratis/ratis-metrics/0.4.0-2337318-SNAPSHOT/ratis-metrics-0.4.0-2337318-SNAPSHOT.jar:/home/user/.m2/repository/org/apache/ratis/ratis-netty/0.4.0-2337318-SNAPSHOT/ratis-netty-0.4.0-2337318-SNAPSHOT.jar:/home/user/.m2/repository/org/apache/ratis/ratis-grpc/0.4.0-2337318-SNAPSHOT/ratis-grpc-0.4.0-2337318-SNAPSHOT.jar:/home/user/.m2/repository/org/rocksdb/rocksdbjni/6.0.1/rocksdbjni-6.0.1.jar:/home/user/.m2/repository/org/apache/logging/log4j/log4j-api/2.11.0/log4j-api-2.11.0.jar:/home/user/.m2/repository/org/apache/logging/log4j/log4j-core/2.11.0/log4j-core-2.11.0.jar:/home/user/.m2/repository/com/lmax/disruptor/3.4.2/disruptor-3.4.2.jar:/home/user/.m2/repository/org/apache/commons/commons-pool2/2.6.0/commons-pool2-2.6.0.jar:/home/user/.m2/repository/org/bouncycastle/bcpkix-jdk15on/1.60/bcpkix-jdk15on-1.60.jar:/home/user/.m2/repository/commons-validator/commons-validator/1.6/commons-validator-1.6.jar:/home/user/.m2/repository/commons-digester/commons-digester/1.8.1/commons-digester-1.8.1.jar:/home/user/.m2/repository/io/jaegertracing/jaeger-client/0.33.1/jaeger-client-0.33.1.jar:/home/user/.m2/repository/io/jaegertracing/jaeger-thrift/0.33.1/jaeger-thrift-0.33.1.jar:/home/user/.m2/repository/org/apache/thrift/libthrift/0.11.0/libthrift-0.11.0.jar:/home/user/.m2/repository/com/squareup/okhttp3/okhttp/3.9.0/okhttp-3.9.0.jar:/home/user/.m2/repository/com/squareup/okio/okio/1.13.0/okio-1.13.0.jar:/home/user/.m2/repository/io/jaegertracing/jaeger-core/0.33.1/jaeger-core-0.33.1.jar:/home/user/.m2/repository/io/jaegertracing/jaeger-tracerresolver/0.33.1/jaeger-tracerresolver-0.33.1.jar:/home/user/.m2/repository/io/opentracing/contrib/opentracing-tracerresolver/0.1.5/opentracing-tracerresolver-0.1.5.jar:/home/user/.m2/repository/io/opentracing/opentracing-util/0.31.0/opentracing-util-0.31.0.jar:/home/user/.m2/repository/io/opentracing/opentracing-api/0.31.0/opentracing-api-0.31.0.jar:/home/user/.m2/repository/io/opentracing/opentracing-noop/0.31.0/opentracing-noop-0.31.0.jar:/home/user/.m2/repository/org/apache/hadoop/hadoop-hdds-server-framework/0.5.0-SNAPSHOT/hadoop-hdds-server-framework-0.5.0-SNAPSHOT.jar:/home/user/.m2/repository/org/apache/hadoop/hadoop-hdds-container-service/0.5.0-SNAPSHOT/hadoop-hdds-container-service-0.5.0-SNAPSHOT.jar:/home/user/.m2/repository/org/apache/hadoop/hadoop-hdds-client/0.5.0-SNAPSHOT/hadoop-hdds-client-0.5.0-SNAPSHOT.jar:/home/user/.m2/repository/org/apache/hadoop/hadoop-hdds-tools/0.5.0-SNAPSHOT/hadoop-hdds-tools-0.5.0-SNAPSHOT.jar:/home/user/.m2/repository/org/apache/hadoop/hadoop-hdds-server-scm/0.5.0-SNAPSHOT/hadoop-hdds-server-scm-0.5.0-SNAPSHOT.jar:/home/user/.m2/repository/org/apache/hadoop/hadoop-hdds-docs/0.5.0-SNAPSHOT/hadoop-hdds-docs-0.5.0-SNAPSHOT.jar:/home/user/.m2/repository/io/dropwizard/metrics/metrics-core/3.2.4/metrics-core-3.2.4.jar:/home/user/.m2/repository/org/hamcrest/hamcrest-all/1.3/hamcrest-all-1.3.jar:/home/user/.m2/repository/org/bouncycastle/bcprov-jdk15on/1.60/bcprov-jdk15on-1.60.jar:/home/user/.m2/repository/info/picocli/picocli/3.9.6/picocli-3.9.6.jar:/home/user/.m2/repository/com/google/protobuf/protobuf-java/2.5.0/protobuf-java-2.5.0.jar:/home/user/.m2/repository/com/google/guava/guava/11.0.2/guava-11.0.2.jar:/home/user/.m2/repository/org/apache/hadoop/hadoop-ozone-ozone-manager/0.5.0-SNAPSHOT/hadoop-ozone-ozone-manager-0.5.0-SNAPSHOT.jar:/home/user/.m2/repository/org/apache/hadoop/hadoop-minikdc/3.2.0/hadoop-minikdc-3.2.0.jar:/home/user/.m2/repository/commons-io/commons-io/2.5/commons-io-2.5.jar:/home/user/.m2/repository/org/apache/kerby/kerb-simplekdc/1.0.1/kerb-simplekdc-1.0.1.jar:/home/user/.m2/repository/org/apache/kerby/kerb-client/1.0.1/kerb-client-1.0.1.jar:/home/user/.m2/repository/org/apache/kerby/kerby-config/1.0.1/kerby-config-1.0.1.jar:/home/user/.m2/repository/org/apache/kerby/kerb-core/1.0.1/kerb-core-1.0.1.jar:/home/user/.m2/repository/org/apache/kerby/kerby-pkix/1.0.1/kerby-pkix-1.0.1.jar:/home/user/.m2/repository/org/apache/kerby/kerby-asn1/1.0.1/kerby-asn1-1.0.1.jar:/home/user/.m2/repository/org/apache/kerby/kerby-util/1.0.1/kerby-util-1.0.1.jar:/home/user/.m2/repository/org/apache/kerby/kerb-common/1.0.1/kerb-common-1.0.1.jar:/home/user/.m2/repository/org/apache/kerby/kerb-crypto/1.0.1/kerb-crypto-1.0.1.jar:/home/user/.m2/repository/org/apache/kerby/kerb-util/1.0.1/kerb-util-1.0.1.jar:/home/user/.m2/repository/org/apache/kerby/token-provider/1.0.1/token-provider-1.0.1.jar:/home/user/.m2/repository/org/apache/kerby/kerb-admin/1.0.1/kerb-admin-1.0.1.jar:/home/user/.m2/repository/org/apache/kerby/kerb-server/1.0.1/kerb-server-1.0.1.jar:/home/user/.m2/repository/org/apache/kerby/kerb-identity/1.0.1/kerb-identity-1.0.1.jar:/home/user/.m2/repository/org/apache/kerby/kerby-xdr/1.0.1/kerby-xdr-1.0.1.jar:/home/user/.m2/repository/org/slf4j/slf4j-log4j12/1.7.25/slf4j-log4j12-1.7.25.jar:/home/user/.m2/repository/org/apache/hadoop/hadoop-ozone-objectstore-service/0.5.0-SNAPSHOT/hadoop-ozone-objectstore-service-0.5.0-SNAPSHOT.jar:/home/user/.m2/repository/org/apache/hadoop/hadoop-ozone-s3gateway/0.5.0-SNAPSHOT/hadoop-ozone-s3gateway-0.5.0-SNAPSHOT.jar:/home/user/.m2/repository/org/jboss/weld/servlet/weld-servlet/2.4.7.Final/weld-servlet-2.4.7.Final.jar:/home/user/.m2/repository/org/glassfish/jersey/containers/jersey-container-servlet-core/2.27/jersey-container-servlet-core-2.27.jar:/home/user/.m2/repository/org/glassfish/hk2/external/javax.inject/2.5.0-b42/javax.inject-2.5.0-b42.jar:/home/user/.m2/repository/org/glassfish/jersey/core/jersey-common/2.27/jersey-common-2.27.jar:/home/user/.m2/repository/org/glassfish/hk2/osgi-resource-locator/1.0.1/osgi-resource-locator-1.0.1.jar:/home/user/.m2/repository/javax/ws/rs/javax.ws.rs-api/2.1/javax.ws.rs-api-2.1.jar:/home/user/.m2/repository/org/glassfish/jersey/ext/cdi/jersey-cdi1x/2.27/jersey-cdi1x-2.27.jar:/home/user/.m2/repository/org/glassfish/jersey/inject/jersey-hk2/2.27/jersey-hk2-2.27.jar:/home/user/.m2/repository/org/glassfish/hk2/hk2-locator/2.5.0-b42/hk2-locator-2.5.0-b42.jar:/home/user/.m2/repository/org/javassist/javassist/3.22.0-CR2/javassist-3.22.0-CR2.jar:/home/user/.m2/repository/org/glassfish/hk2/hk2-api/2.5.0/hk2-api-2.5.0.jar:/home/user/.m2/repository/org/glassfish/hk2/external/jakarta.inject/2.5.0/jakarta.inject-2.5.0.jar:/home/user/.m2/repository/org/glassfish/hk2/hk2-utils/2.5.0/hk2-utils-2.5.0.jar:/home/user/.m2/repository/jakarta/annotation/jakarta.annotation-api/1.3.4/jakarta.annotation-api-1.3.4.jar:/home/user/.m2/repository/org/glassfish/hk2/external/aopalliance-repackaged/2.5.0/aopalliance-repackaged-2.5.0.jar:/home/user/.m2/repository/com/fasterxml/jackson/dataformat/jackson-dataformat-xml/2.9.0/jackson-dataformat-xml-2.9.0.jar:/home/user/.m2/repository/com/fasterxml/jackson/core/jackson-core/2.9.5/jackson-core-2.9.5.jar:/home/user/.m2/repository/com/fasterxml/jackson/module/jackson-module-jaxb-annotations/2.9.5/jackson-module-jaxb-annotations-2.9.5.jar:/home/user/.m2/repository/javax/enterprise/cdi-api/1.2/cdi-api-1.2.jar:/home/user/.m2/repository/javax/el/javax.el-api/3.0.0/javax.el-api-3.0.0.jar:/home/user/.m2/repository/javax/interceptor/javax.interceptor-api/1.2/javax.interceptor-api-1.2.jar:/home/user/.m2/repository/javax/inject/javax.inject/1/javax.inject-1.jar:/home/user/.m2/repository/com/sun/xml/bind/jaxb-impl/2.3.0.1/jaxb-impl-2.3.0.1.jar:/home/user/.m2/repository/com/sun/xml/bind/jaxb-core/2.3.0.1/jaxb-core-2.3.0.1.jar:/home/user/.m2/repository/javax/xml/bind/jaxb-api/2.3.0/jaxb-api-2.3.0.jar:/home/user/.m2/repository/javax/activation/activation/1.1.1/activation-1.1.1.jar:/home/user/.m2/repository/org/apache/hadoop/hadoop-ozone-csi/0.5.0-SNAPSHOT/hadoop-ozone-csi-0.5.0-SNAPSHOT.jar:/home/user/.m2/repository/com/google/protobuf/protobuf-java-util/3.5.1/protobuf-java-util-3.5.1.jar:/home/user/.m2/repository/org/apache/hadoop/hadoop-hdds-config/0.5.0-SNAPSHOT/hadoop-hdds-config-0.5.0-SNAPSHOT.jar:/home/user/.m2/repository/io/grpc/grpc-netty/1.17.1/grpc-netty-1.17.1.jar:/home/user/.m2/repository/io/grpc/grpc-core/1.17.1/grpc-core-1.17.1.jar:/home/user/.m2/repository/io/grpc/grpc-context/1.17.1/grpc-context-1.17.1.jar:/home/user/.m2/repository/com/google/errorprone/error_prone_annotations/2.2.0/error_prone_annotations-2.2.0.jar:/home/user/.m2/repository/org/codehaus/mojo/animal-sniffer-annotations/1.17/animal-sniffer-annotations-1.17.jar:/home/user/.m2/repository/io/opencensus/opencensus-api/0.17.0/opencensus-api-0.17.0.jar:/home/user/.m2/repository/io/opencensus/opencensus-contrib-grpc-metrics/0.17.0/opencensus-contrib-grpc-metrics-0.17.0.jar:/home/user/.m2/repository/io/netty/netty-codec-http2/4.1.30.Final/netty-codec-http2-4.1.30.Final.jar:/home/user/.m2/repository/io/netty/netty-codec-http/4.1.30.Final/netty-codec-http-4.1.30.Final.jar:/home/user/.m2/repository/io/netty/netty-codec/4.1.30.Final/netty-codec-4.1.30.Final.jar:/home/user/.m2/repository/io/netty/netty-handler/4.1.30.Final/netty-handler-4.1.30.Final.jar:/home/user/.m2/repository/io/netty/netty-handler-proxy/4.1.30.Final/netty-handler-proxy-4.1.30.Final.jar:/home/user/.m2/repository/io/netty/netty-codec-socks/4.1.30.Final/netty-codec-socks-4.1.30.Final.jar:/home/user/.m2/repository/io/netty/netty-transport-native-epoll/4.1.30.Final/netty-transport-native-epoll-4.1.30.Final.jar:/home/user/.m2/repository/io/netty/netty-common/4.1.30.Final/netty-common-4.1.30.Final.jar:/home/user/.m2/repository/io/netty/netty-buffer/4.1.30.Final/netty-buffer-4.1.30.Final.jar:/home/user/.m2/repository/io/netty/netty-transport/4.1.30.Final/netty-transport-4.1.30.Final.jar:/home/user/.m2/repository/io/netty/netty-resolver/4.1.30.Final/netty-resolver-4.1.30.Final.jar:/home/user/.m2/repository/io/netty/netty-transport-native-unix-common/4.1.30.Final/netty-transport-native-unix-common-4.1.30.Final.jar:/home/user/.m2/repository/io/grpc/grpc-protobuf/1.17.1/grpc-protobuf-1.17.1.jar:/home/user/.m2/repository/com/google/api/grpc/proto-google-common-protos/1.0.0/proto-google-common-protos-1.0.0.jar:/home/user/.m2/repository/io/grpc/grpc-protobuf-lite/1.17.1/grpc-protobuf-lite-1.17.1.jar:/home/user/.m2/repository/io/grpc/grpc-stub/1.17.1/grpc-stub-1.17.1.jar:/home/user/.m2/repository/org/apache/hadoop/hadoop-ozone-recon/0.5.0-SNAPSHOT/hadoop-ozone-recon-0.5.0-SNAPSHOT.jar:/home/user/.m2/repository/org/apache/hadoop/hadoop-ozone-reconcodegen/0.5.0-SNAPSHOT/hadoop-ozone-reconcodegen-0.5.0-SNAPSHOT.jar:/home/user/.m2/repository/com/google/inject/extensions/guice-multibindings/4.0/guice-multibindings-4.0.jar:/home/user/.m2/repository/com/google/inject/guice/4.0/guice-4.0.jar:/home/user/.m2/repository/aopalliance/aopalliance/1.0/aopalliance-1.0.jar:/home/user/.m2/repository/com/google/inject/extensions/guice-servlet/4.0/guice-servlet-4.0.jar:/home/user/.m2/repository/org/glassfish/jersey/containers/jersey-container-servlet/2.27/jersey-container-servlet-2.27.jar:/home/user/.m2/repository/org/glassfish/hk2/guice-bridge/2.5.0/guice-bridge-2.5.0.jar:/home/user/.m2/repository/org/glassfish/jersey/core/jersey-server/2.27/jersey-server-2.27.jar:/home/user/.m2/repository/org/glassfish/jersey/core/jersey-client/2.27/jersey-client-2.27.jar:/home/user/.m2/repository/org/glassfish/jersey/media/jersey-media-jaxb/2.27/jersey-media-jaxb-2.27.jar:/home/user/.m2/repository/javax/validation/validation-api/1.1.0.Final/validation-api-1.1.0.Final.jar:/home/user/.m2/repository/org/glassfish/jersey/media/jersey-media-json-jackson/2.27/jersey-media-json-jackson-2.27.jar:/home/user/.m2/repository/org/glassfish/jersey/ext/jersey-entity-filtering/2.27/jersey-entity-filtering-2.27.jar:/home/user/.m2/repository/com/google/inject/extensions/guice-assistedinject/4.0/guice-assistedinject-4.0.jar:/home/user/.m2/repository/org/jooq/jooq/3.11.10/jooq-3.11.10.jar:/home/user/.m2/repository/org/jooq/jooq-meta/3.11.10/jooq-meta-3.11.10.jar:/home/user/.m2/repository/org/jooq/jooq-codegen/3.11.10/jooq-codegen-3.11.10.jar:/home/user/.m2/repository/com/jolbox/bonecp/0.8.0.RELEASE/bonecp-0.8.0.RELEASE.jar:/home/user/.m2/repository/org/xerial/sqlite-jdbc/3.25.2/sqlite-jdbc-3.25.2.jar:/home/user/.m2/repository/org/springframework/spring-jdbc/5.1.3.RELEASE/spring-jdbc-5.1.3.RELEASE.jar:/home/user/.m2/repository/org/springframework/spring-beans/5.1.3.RELEASE/spring-beans-5.1.3.RELEASE.jar:/home/user/.m2/repository/org/springframework/spring-core/5.1.3.RELEASE/spring-core-5.1.3.RELEASE.jar:/home/user/.m2/repository/org/springframework/spring-jcl/5.1.3.RELEASE/spring-jcl-5.1.3.RELEASE.jar:/home/user/.m2/repository/org/springframework/spring-tx/5.1.3.RELEASE/spring-tx-5.1.3.RELEASE.jar:/home/user/.m2/repository/org/apache/hadoop/hadoop-ozone-client/0.5.0-SNAPSHOT/hadoop-ozone-client-0.5.0-SNAPSHOT.jar:/home/user/.m2/repository/commons-lang/commons-lang/2.6/commons-lang-2.6.jar:/home/user/.m2/repository/org/apache/hadoop/hadoop-ozone-ozone-manager/0.5.0-SNAPSHOT/hadoop-ozone-ozone-manager-0.5.0-SNAPSHOT-tests.jar:/home/user/.m2/repository/junit/junit/4.11/junit-4.11.jar:/home/user/.m2/repository/org/hamcrest/hamcrest-core/1.3/hamcrest-core-1.3.jar:/home/user/.m2/repository/org/openjdk/jmh/jmh-core/1.19/jmh-core-1.19.jar:/home/user/.m2/repository/net/sf/jopt-simple/jopt-simple/4.6/jopt-simple-4.6.jar:/home/user/.m2/repository/org/apache/commons/commons-math3/3.1.1/commons-math3-3.1.1.jar:/home/user/.m2/repository/org/openjdk/jmh/jmh-generator-annprocess/1.19/jmh-generator-annprocess-1.19.jar:/home/user/.m2/repository/org/mockito/mockito-all/1.8.5/mockito-all-1.8.5.jar:/home/user/.m2/repository/org/apache/hadoop/hadoop-kms/3.2.0/hadoop-kms-3.2.0.jar:/home/user/.m2/repository/org/apache/hadoop/hadoop-auth/3.2.0/hadoop-auth-3.2.0.jar:/home/user/.m2/repository/com/nimbusds/nimbus-jose-jwt/4.41.1/nimbus-jose-jwt-4.41.1.jar:/home/user/.m2/repository/com/github/stephenc/jcip/jcip-annotations/1.0-1/jcip-annotations-1.0-1.jar:/home/user/.m2/repository/net/minidev/json-smart/2.3/json-smart-2.3.jar:/home/user/.m2/repository/net/minidev/accessors-smart/1.2/accessors-smart-1.2.jar:/home/user/.m2/repository/org/ow2/asm/asm/5.0.4/asm-5.0.4.jar:/home/user/.m2/repository/org/apache/curator/curator-framework/2.12.0/curator-framework-2.12.0.jar:/home/user/.m2/repository/com/sun/jersey/jersey-core/1.19/jersey-core-1.19.jar:/home/user/.m2/repository/javax/ws/rs/jsr311-api/1.1.1/jsr311-api-1.1.1.jar:/home/user/.m2/repository/com/sun/jersey/jersey-server/1.19/jersey-server-1.19.jar:/home/user/.m2/repository/javax/servlet/javax.servlet-api/3.1.0/javax.servlet-api-3.1.0.jar:/home/user/.m2/repository/org/eclipse/jetty/jetty-server/9.3.24.v20180605/jetty-server-9.3.24.v20180605.jar:/home/user/.m2/repository/org/eclipse/jetty/jetty-http/9.3.24.v20180605/jetty-http-9.3.24.v20180605.jar:/home/user/.m2/repository/org/eclipse/jetty/jetty-io/9.3.24.v20180605/jetty-io-9.3.24.v20180605.jar:/home/user/.m2/repository/org/eclipse/jetty/jetty-webapp/9.3.24.v20180605/jetty-webapp-9.3.24.v20180605.jar:/home/user/.m2/repository/org/eclipse/jetty/jetty-xml/9.3.24.v20180605/jetty-xml-9.3.24.v20180605.jar:/home/user/.m2/repository/log4j/log4j/1.2.17/log4j-1.2.17.jar:/home/user/.m2/repository/org/slf4j/slf4j-api/1.7.25/slf4j-api-1.7.25.jar:/home/user/.m2/repository/org/slf4j/jul-to-slf4j/1.7.25/jul-to-slf4j-1.7.25.jar:/home/user/.m2/repository/org/eclipse/jetty/jetty-util/9.3.24.v20180605/jetty-util-9.3.24.v20180605.jar:/home/user/.m2/repository/com/fasterxml/jackson/core/jackson-databind/2.9.5/jackson-databind-2.9.5.jar:/home/user/.m2/repository/org/apache/hadoop/hadoop-kms/3.2.0/hadoop-kms-3.2.0-tests.jar:/home/user/.m2/repository/org/apache/hadoop/hadoop-hdds-server-scm/0.5.0-SNAPSHOT/hadoop-hdds-server-scm-0.5.0-SNAPSHOT-tests.jar:/home/user/.m2/repository/org/apache/hadoop/hadoop-hdds-container-service/0.5.0-SNAPSHOT/hadoop-hdds-container-service-0.5.0-SNAPSHOT-tests.jar:/home/user/.m2/repository/org/yaml/snakeyaml/1.16/snakeyaml-1.16.jar:/home/user/.m2/repository/org/apache/hadoop/hadoop-common/3.2.0/hadoop-common-3.2.0-tests.jar:/home/user/.m2/repository/org/apache/hadoop/hadoop-annotations/3.2.0/hadoop-annotations-3.2.0.jar:/usr/lib/jvm/java-1.8-openjdk/jre/../lib/tools.jar:/home/user/.m2/repository/commons-cli/commons-cli/1.2/commons-cli-1.2.jar:/home/user/.m2/repository/org/apache/httpcomponents/httpclient/4.5.2/httpclient-4.5.2.jar:/home/user/.m2/repository/org/apache/httpcomponents/httpcore/4.4.4/httpcore-4.4.4.jar:/home/user/.m2/repository/commons-codec/commons-codec/1.11/commons-codec-1.11.jar:/home/user/.m2/repository/commons-net/commons-net/3.6/commons-net-3.6.jar:/home/user/.m2/repository/commons-collections/commons-collections/3.2.2/commons-collections-3.2.2.jar:/home/user/.m2/repository/org/eclipse/jetty/jetty-servlet/9.3.24.v20180605/jetty-servlet-9.3.24.v20180605.jar:/home/user/.m2/repository/org/eclipse/jetty/jetty-security/9.3.24.v20180605/jetty-security-9.3.24.v20180605.jar:/home/user/.m2/repository/javax/servlet/jsp/jsp-api/2.1/jsp-api-2.1.jar:/home/user/.m2/repository/com/sun/jersey/jersey-servlet/1.19/jersey-servlet-1.19.jar:/home/user/.m2/repository/com/sun/jersey/jersey-json/1.19/jersey-json-1.19.jar:/home/user/.m2/repository/org/codehaus/jettison/jettison/1.1/jettison-1.1.jar:/home/user/.m2/repository/org/codehaus/jackson/jackson-core-asl/1.9.13/jackson-core-asl-1.9.13.jar:/home/user/.m2/repository/org/codehaus/jackson/jackson-mapper-asl/1.9.13/jackson-mapper-asl-1.9.13.jar:/home/user/.m2/repository/org/codehaus/jackson/jackson-jaxrs/1.9.13/jackson-jaxrs-1.9.13.jar:/home/user/.m2/repository/org/codehaus/jackson/jackson-xc/1.9.13/jackson-xc-1.9.13.jar:/home/user/.m2/repository/commons-logging/commons-logging/1.1.3/commons-logging-1.1.3.jar:/home/user/.m2/repository/commons-beanutils/commons-beanutils/1.9.3/commons-beanutils-1.9.3.jar:/home/user/.m2/repository/org/apache/commons/commons-configuration2/2.1.1/commons-configuration2-2.1.1.jar:/home/user/.m2/repository/org/apache/commons/commons-lang3/3.7/commons-lang3-3.7.jar:/home/user/.m2/repository/org/apache/commons/commons-text/1.4/commons-text-1.4.jar:/home/user/.m2/repository/org/apache/avro/avro/1.7.7/avro-1.7.7.jar:/home/user/.m2/repository/com/thoughtworks/paranamer/paranamer/2.3/paranamer-2.3.jar:/home/user/.m2/repository/org/xerial/snappy/snappy-java/1.0.5/snappy-java-1.0.5.jar:/home/user/.m2/repository/com/google/re2j/re2j/1.1/re2j-1.1.jar:/home/user/.m2/repository/com/google/code/gson/gson/2.2.4/gson-2.2.4.jar:/home/user/.m2/repository/com/jcraft/jsch/0.1.54/jsch-0.1.54.jar:/home/user/.m2/repository/org/apache/curator/curator-client/2.12.0/curator-client-2.12.0.jar:/home/user/.m2/repository/org/apache/curator/curator-recipes/2.12.0/curator-recipes-2.12.0.jar:/home/user/.m2/repository/com/google/code/findbugs/jsr305/3.0.0/jsr305-3.0.0.jar:/home/user/.m2/repository/org/apache/htrace/htrace-core4/4.1.0-incubating/htrace-core4-4.1.0-incubating.jar:/home/user/.m2/repository/org/apache/zookeeper/zookeeper/3.4.13/zookeeper-3.4.13.jar:/home/user/.m2/repository/org/apache/yetus/audience-annotations/0.5.0/audience-annotations-0.5.0.jar:/home/user/.m2/repository/org/codehaus/woodstox/stax2-api/3.1.4/stax2-api-3.1.4.jar:/home/user/.m2/repository/com/fasterxml/woodstox/woodstox-core/5.0.3/woodstox-core-5.0.3.jar:/home/user/.m2/repository/dnsjava/dnsjava/2.1.7/dnsjava-2.1.7.jar:/home/user/.m2/repository/org/apache/hadoop/hadoop-hdfs/3.2.0/hadoop-hdfs-3.2.0-tests.jar:/home/user/.m2/repository/org/eclipse/jetty/jetty-util-ajax/9.3.24.v20180605/jetty-util-ajax-9.3.24.v20180605.jar:/home/user/.m2/repository/commons-daemon/commons-daemon/1.0.13/commons-daemon-1.0.13.jar:/home/user/.m2/repository/io/netty/netty/3.10.5.Final/netty-3.10.5.Final.jar:/home/user/.m2/repository/io/netty/netty-all/4.0.52.Final/netty-all-4.0.52.Final.jar:/home/user/.m2/repository/org/fusesource/leveldbjni/leveldbjni-all/1.8/leveldbjni-all-1.8.jar:"/>
    <property name="java.vm.vendor" value="IcedTea"/>
    <property name="sun.arch.data.model" value="64"/>
    <property name="test.build.dir" value="/workdir/hadoop-ozone/integration-test/target/test-dir"/>
    <property name="test.cache.data" value=""/>
    <property name="java.vendor.url" value="https://icedtea.classpath.org"/>
    <property name="user.timezone" value=""/>
    <property name="java.vm.specification.version" value="1.8"/>
    <property name="os.name" value="Linux"/>
    <property name="test.build.data" value="/workdir/hadoop-ozone/integration-test/target/test-dir"/>
    <property name="user.country" value="US"/>
    <property name="sun.java.launcher" value="SUN_STANDARD"/>
    <property name="sun.boot.library.path" value="/usr/lib/jvm/java-1.8-openjdk/jre/lib/amd64"/>
    <property name="sun.java.command" value="/workdir/hadoop-ozone/integration-test/target/surefire/surefirebooter5514720442012821172.jar /workdir/hadoop-ozone/integration-test/target/surefire 2019-08-20T14-59-11_840-jvmRun1 surefire7828901105751083369tmp surefire_138209394235174837339tmp"/>
    <property name="test" value="!TestMiniChaosOzoneCluster"/>
    <property name="surefire.test.class.path" value="/workdir/hadoop-ozone/integration-test/target/test-classes:/workdir/hadoop-ozone/integration-test/target/classes:/home/user/.m2/repository/org/apache/hadoop/hadoop-ozone-common/0.5.0-SNAPSHOT/hadoop-ozone-common-0.5.0-SNAPSHOT.jar:/home/user/.m2/repository/org/apache/commons/commons-compress/1.4.1/commons-compress-1.4.1.jar:/home/user/.m2/repository/org/tukaani/xz/1.0/xz-1.0.jar:/home/user/.m2/repository/org/apache/hadoop/hadoop-common/3.2.0/hadoop-common-3.2.0.jar:/home/user/.m2/repository/org/apache/hadoop/hadoop-hdfs/3.2.0/hadoop-hdfs-3.2.0.jar:/home/user/.m2/repository/org/apache/hadoop/hadoop-hdfs-client/3.2.0/hadoop-hdfs-client-3.2.0.jar:/home/user/.m2/repository/com/fasterxml/jackson/core/jackson-annotations/2.9.5/jackson-annotations-2.9.5.jar:/home/user/.m2/repository/org/apache/hadoop/hadoop-hdds-common/0.5.0-SNAPSHOT/hadoop-hdds-common-0.5.0-SNAPSHOT.jar:/home/user/.m2/repository/javax/annotation/javax.annotation-api/1.2/javax.annotation-api-1.2.jar:/home/user/.m2/repository/org/apache/ratis/ratis-server/0.4.0-2337318-SNAPSHOT/ratis-server-0.4.0-2337318-SNAPSHOT.jar:/home/user/.m2/repository/org/apache/ratis/ratis-thirdparty-misc/0.2.0/ratis-thirdparty-misc-0.2.0.jar:/home/user/.m2/repository/org/apache/ratis/ratis-proto/0.4.0-2337318-SNAPSHOT/ratis-proto-0.4.0-2337318-SNAPSHOT.jar:/home/user/.m2/repository/org/apache/ratis/ratis-common/0.4.0-2337318-SNAPSHOT/ratis-common-0.4.0-2337318-SNAPSHOT.jar:/home/user/.m2/repository/org/apache/ratis/ratis-client/0.4.0-2337318-SNAPSHOT/ratis-client-0.4.0-2337318-SNAPSHOT.jar:/home/user/.m2/repository/org/apache/ratis/ratis-metrics/0.4.0-2337318-SNAPSHOT/ratis-metrics-0.4.0-2337318-SNAPSHOT.jar:/home/user/.m2/repository/org/apache/ratis/ratis-netty/0.4.0-2337318-SNAPSHOT/ratis-netty-0.4.0-2337318-SNAPSHOT.jar:/home/user/.m2/repository/org/apache/ratis/ratis-grpc/0.4.0-2337318-SNAPSHOT/ratis-grpc-0.4.0-2337318-SNAPSHOT.jar:/home/user/.m2/repository/org/rocksdb/rocksdbjni/6.0.1/rocksdbjni-6.0.1.jar:/home/user/.m2/repository/org/apache/logging/log4j/log4j-api/2.11.0/log4j-api-2.11.0.jar:/home/user/.m2/repository/org/apache/logging/log4j/log4j-core/2.11.0/log4j-core-2.11.0.jar:/home/user/.m2/repository/com/lmax/disruptor/3.4.2/disruptor-3.4.2.jar:/home/user/.m2/repository/org/apache/commons/commons-pool2/2.6.0/commons-pool2-2.6.0.jar:/home/user/.m2/repository/org/bouncycastle/bcpkix-jdk15on/1.60/bcpkix-jdk15on-1.60.jar:/home/user/.m2/repository/commons-validator/commons-validator/1.6/commons-validator-1.6.jar:/home/user/.m2/repository/commons-digester/commons-digester/1.8.1/commons-digester-1.8.1.jar:/home/user/.m2/repository/io/jaegertracing/jaeger-client/0.33.1/jaeger-client-0.33.1.jar:/home/user/.m2/repository/io/jaegertracing/jaeger-thrift/0.33.1/jaeger-thrift-0.33.1.jar:/home/user/.m2/repository/org/apache/thrift/libthrift/0.11.0/libthrift-0.11.0.jar:/home/user/.m2/repository/com/squareup/okhttp3/okhttp/3.9.0/okhttp-3.9.0.jar:/home/user/.m2/repository/com/squareup/okio/okio/1.13.0/okio-1.13.0.jar:/home/user/.m2/repository/io/jaegertracing/jaeger-core/0.33.1/jaeger-core-0.33.1.jar:/home/user/.m2/repository/io/jaegertracing/jaeger-tracerresolver/0.33.1/jaeger-tracerresolver-0.33.1.jar:/home/user/.m2/repository/io/opentracing/contrib/opentracing-tracerresolver/0.1.5/opentracing-tracerresolver-0.1.5.jar:/home/user/.m2/repository/io/opentracing/opentracing-util/0.31.0/opentracing-util-0.31.0.jar:/home/user/.m2/repository/io/opentracing/opentracing-api/0.31.0/opentracing-api-0.31.0.jar:/home/user/.m2/repository/io/opentracing/opentracing-noop/0.31.0/opentracing-noop-0.31.0.jar:/home/user/.m2/repository/org/apache/hadoop/hadoop-hdds-server-framework/0.5.0-SNAPSHOT/hadoop-hdds-server-framework-0.5.0-SNAPSHOT.jar:/home/user/.m2/repository/org/apache/hadoop/hadoop-hdds-container-service/0.5.0-SNAPSHOT/hadoop-hdds-container-service-0.5.0-SNAPSHOT.jar:/home/user/.m2/repository/org/apache/hadoop/hadoop-hdds-client/0.5.0-SNAPSHOT/hadoop-hdds-client-0.5.0-SNAPSHOT.jar:/home/user/.m2/repository/org/apache/hadoop/hadoop-hdds-tools/0.5.0-SNAPSHOT/hadoop-hdds-tools-0.5.0-SNAPSHOT.jar:/home/user/.m2/repository/org/apache/hadoop/hadoop-hdds-server-scm/0.5.0-SNAPSHOT/hadoop-hdds-server-scm-0.5.0-SNAPSHOT.jar:/home/user/.m2/repository/org/apache/hadoop/hadoop-hdds-docs/0.5.0-SNAPSHOT/hadoop-hdds-docs-0.5.0-SNAPSHOT.jar:/home/user/.m2/repository/io/dropwizard/metrics/metrics-core/3.2.4/metrics-core-3.2.4.jar:/home/user/.m2/repository/org/hamcrest/hamcrest-all/1.3/hamcrest-all-1.3.jar:/home/user/.m2/repository/org/bouncycastle/bcprov-jdk15on/1.60/bcprov-jdk15on-1.60.jar:/home/user/.m2/repository/info/picocli/picocli/3.9.6/picocli-3.9.6.jar:/home/user/.m2/repository/com/google/protobuf/protobuf-java/2.5.0/protobuf-java-2.5.0.jar:/home/user/.m2/repository/com/google/guava/guava/11.0.2/guava-11.0.2.jar:/home/user/.m2/repository/org/apache/hadoop/hadoop-ozone-ozone-manager/0.5.0-SNAPSHOT/hadoop-ozone-ozone-manager-0.5.0-SNAPSHOT.jar:/home/user/.m2/repository/org/apache/hadoop/hadoop-minikdc/3.2.0/hadoop-minikdc-3.2.0.jar:/home/user/.m2/repository/commons-io/commons-io/2.5/commons-io-2.5.jar:/home/user/.m2/repository/org/apache/kerby/kerb-simplekdc/1.0.1/kerb-simplekdc-1.0.1.jar:/home/user/.m2/repository/org/apache/kerby/kerb-client/1.0.1/kerb-client-1.0.1.jar:/home/user/.m2/repository/org/apache/kerby/kerby-config/1.0.1/kerby-config-1.0.1.jar:/home/user/.m2/repository/org/apache/kerby/kerb-core/1.0.1/kerb-core-1.0.1.jar:/home/user/.m2/repository/org/apache/kerby/kerby-pkix/1.0.1/kerby-pkix-1.0.1.jar:/home/user/.m2/repository/org/apache/kerby/kerby-asn1/1.0.1/kerby-asn1-1.0.1.jar:/home/user/.m2/repository/org/apache/kerby/kerby-util/1.0.1/kerby-util-1.0.1.jar:/home/user/.m2/repository/org/apache/kerby/kerb-common/1.0.1/kerb-common-1.0.1.jar:/home/user/.m2/repository/org/apache/kerby/kerb-crypto/1.0.1/kerb-crypto-1.0.1.jar:/home/user/.m2/repository/org/apache/kerby/kerb-util/1.0.1/kerb-util-1.0.1.jar:/home/user/.m2/repository/org/apache/kerby/token-provider/1.0.1/token-provider-1.0.1.jar:/home/user/.m2/repository/org/apache/kerby/kerb-admin/1.0.1/kerb-admin-1.0.1.jar:/home/user/.m2/repository/org/apache/kerby/kerb-server/1.0.1/kerb-server-1.0.1.jar:/home/user/.m2/repository/org/apache/kerby/kerb-identity/1.0.1/kerb-identity-1.0.1.jar:/home/user/.m2/repository/org/apache/kerby/kerby-xdr/1.0.1/kerby-xdr-1.0.1.jar:/home/user/.m2/repository/org/slf4j/slf4j-log4j12/1.7.25/slf4j-log4j12-1.7.25.jar:/home/user/.m2/repository/org/apache/hadoop/hadoop-ozone-objectstore-service/0.5.0-SNAPSHOT/hadoop-ozone-objectstore-service-0.5.0-SNAPSHOT.jar:/home/user/.m2/repository/org/apache/hadoop/hadoop-ozone-s3gateway/0.5.0-SNAPSHOT/hadoop-ozone-s3gateway-0.5.0-SNAPSHOT.jar:/home/user/.m2/repository/org/jboss/weld/servlet/weld-servlet/2.4.7.Final/weld-servlet-2.4.7.Final.jar:/home/user/.m2/repository/org/glassfish/jersey/containers/jersey-container-servlet-core/2.27/jersey-container-servlet-core-2.27.jar:/home/user/.m2/repository/org/glassfish/hk2/external/javax.inject/2.5.0-b42/javax.inject-2.5.0-b42.jar:/home/user/.m2/repository/org/glassfish/jersey/core/jersey-common/2.27/jersey-common-2.27.jar:/home/user/.m2/repository/org/glassfish/hk2/osgi-resource-locator/1.0.1/osgi-resource-locator-1.0.1.jar:/home/user/.m2/repository/javax/ws/rs/javax.ws.rs-api/2.1/javax.ws.rs-api-2.1.jar:/home/user/.m2/repository/org/glassfish/jersey/ext/cdi/jersey-cdi1x/2.27/jersey-cdi1x-2.27.jar:/home/user/.m2/repository/org/glassfish/jersey/inject/jersey-hk2/2.27/jersey-hk2-2.27.jar:/home/user/.m2/repository/org/glassfish/hk2/hk2-locator/2.5.0-b42/hk2-locator-2.5.0-b42.jar:/home/user/.m2/repository/org/javassist/javassist/3.22.0-CR2/javassist-3.22.0-CR2.jar:/home/user/.m2/repository/org/glassfish/hk2/hk2-api/2.5.0/hk2-api-2.5.0.jar:/home/user/.m2/repository/org/glassfish/hk2/external/jakarta.inject/2.5.0/jakarta.inject-2.5.0.jar:/home/user/.m2/repository/org/glassfish/hk2/hk2-utils/2.5.0/hk2-utils-2.5.0.jar:/home/user/.m2/repository/jakarta/annotation/jakarta.annotation-api/1.3.4/jakarta.annotation-api-1.3.4.jar:/home/user/.m2/repository/org/glassfish/hk2/external/aopalliance-repackaged/2.5.0/aopalliance-repackaged-2.5.0.jar:/home/user/.m2/repository/com/fasterxml/jackson/dataformat/jackson-dataformat-xml/2.9.0/jackson-dataformat-xml-2.9.0.jar:/home/user/.m2/repository/com/fasterxml/jackson/core/jackson-core/2.9.5/jackson-core-2.9.5.jar:/home/user/.m2/repository/com/fasterxml/jackson/module/jackson-module-jaxb-annotations/2.9.5/jackson-module-jaxb-annotations-2.9.5.jar:/home/user/.m2/repository/javax/enterprise/cdi-api/1.2/cdi-api-1.2.jar:/home/user/.m2/repository/javax/el/javax.el-api/3.0.0/javax.el-api-3.0.0.jar:/home/user/.m2/repository/javax/interceptor/javax.interceptor-api/1.2/javax.interceptor-api-1.2.jar:/home/user/.m2/repository/javax/inject/javax.inject/1/javax.inject-1.jar:/home/user/.m2/repository/com/sun/xml/bind/jaxb-impl/2.3.0.1/jaxb-impl-2.3.0.1.jar:/home/user/.m2/repository/com/sun/xml/bind/jaxb-core/2.3.0.1/jaxb-core-2.3.0.1.jar:/home/user/.m2/repository/javax/xml/bind/jaxb-api/2.3.0/jaxb-api-2.3.0.jar:/home/user/.m2/repository/javax/activation/activation/1.1.1/activation-1.1.1.jar:/home/user/.m2/repository/org/apache/hadoop/hadoop-ozone-csi/0.5.0-SNAPSHOT/hadoop-ozone-csi-0.5.0-SNAPSHOT.jar:/home/user/.m2/repository/com/google/protobuf/protobuf-java-util/3.5.1/protobuf-java-util-3.5.1.jar:/home/user/.m2/repository/org/apache/hadoop/hadoop-hdds-config/0.5.0-SNAPSHOT/hadoop-hdds-config-0.5.0-SNAPSHOT.jar:/home/user/.m2/repository/io/grpc/grpc-netty/1.17.1/grpc-netty-1.17.1.jar:/home/user/.m2/repository/io/grpc/grpc-core/1.17.1/grpc-core-1.17.1.jar:/home/user/.m2/repository/io/grpc/grpc-context/1.17.1/grpc-context-1.17.1.jar:/home/user/.m2/repository/com/google/errorprone/error_prone_annotations/2.2.0/error_prone_annotations-2.2.0.jar:/home/user/.m2/repository/org/codehaus/mojo/animal-sniffer-annotations/1.17/animal-sniffer-annotations-1.17.jar:/home/user/.m2/repository/io/opencensus/opencensus-api/0.17.0/opencensus-api-0.17.0.jar:/home/user/.m2/repository/io/opencensus/opencensus-contrib-grpc-metrics/0.17.0/opencensus-contrib-grpc-metrics-0.17.0.jar:/home/user/.m2/repository/io/netty/netty-codec-http2/4.1.30.Final/netty-codec-http2-4.1.30.Final.jar:/home/user/.m2/repository/io/netty/netty-codec-http/4.1.30.Final/netty-codec-http-4.1.30.Final.jar:/home/user/.m2/repository/io/netty/netty-codec/4.1.30.Final/netty-codec-4.1.30.Final.jar:/home/user/.m2/repository/io/netty/netty-handler/4.1.30.Final/netty-handler-4.1.30.Final.jar:/home/user/.m2/repository/io/netty/netty-handler-proxy/4.1.30.Final/netty-handler-proxy-4.1.30.Final.jar:/home/user/.m2/repository/io/netty/netty-codec-socks/4.1.30.Final/netty-codec-socks-4.1.30.Final.jar:/home/user/.m2/repository/io/netty/netty-transport-native-epoll/4.1.30.Final/netty-transport-native-epoll-4.1.30.Final.jar:/home/user/.m2/repository/io/netty/netty-common/4.1.30.Final/netty-common-4.1.30.Final.jar:/home/user/.m2/repository/io/netty/netty-buffer/4.1.30.Final/netty-buffer-4.1.30.Final.jar:/home/user/.m2/repository/io/netty/netty-transport/4.1.30.Final/netty-transport-4.1.30.Final.jar:/home/user/.m2/repository/io/netty/netty-resolver/4.1.30.Final/netty-resolver-4.1.30.Final.jar:/home/user/.m2/repository/io/netty/netty-transport-native-unix-common/4.1.30.Final/netty-transport-native-unix-common-4.1.30.Final.jar:/home/user/.m2/repository/io/grpc/grpc-protobuf/1.17.1/grpc-protobuf-1.17.1.jar:/home/user/.m2/repository/com/google/api/grpc/proto-google-common-protos/1.0.0/proto-google-common-protos-1.0.0.jar:/home/user/.m2/repository/io/grpc/grpc-protobuf-lite/1.17.1/grpc-protobuf-lite-1.17.1.jar:/home/user/.m2/repository/io/grpc/grpc-stub/1.17.1/grpc-stub-1.17.1.jar:/home/user/.m2/repository/org/apache/hadoop/hadoop-ozone-recon/0.5.0-SNAPSHOT/hadoop-ozone-recon-0.5.0-SNAPSHOT.jar:/home/user/.m2/repository/org/apache/hadoop/hadoop-ozone-reconcodegen/0.5.0-SNAPSHOT/hadoop-ozone-reconcodegen-0.5.0-SNAPSHOT.jar:/home/user/.m2/repository/com/google/inject/extensions/guice-multibindings/4.0/guice-multibindings-4.0.jar:/home/user/.m2/repository/com/google/inject/guice/4.0/guice-4.0.jar:/home/user/.m2/repository/aopalliance/aopalliance/1.0/aopalliance-1.0.jar:/home/user/.m2/repository/com/google/inject/extensions/guice-servlet/4.0/guice-servlet-4.0.jar:/home/user/.m2/repository/org/glassfish/jersey/containers/jersey-container-servlet/2.27/jersey-container-servlet-2.27.jar:/home/user/.m2/repository/org/glassfish/hk2/guice-bridge/2.5.0/guice-bridge-2.5.0.jar:/home/user/.m2/repository/org/glassfish/jersey/core/jersey-server/2.27/jersey-server-2.27.jar:/home/user/.m2/repository/org/glassfish/jersey/core/jersey-client/2.27/jersey-client-2.27.jar:/home/user/.m2/repository/org/glassfish/jersey/media/jersey-media-jaxb/2.27/jersey-media-jaxb-2.27.jar:/home/user/.m2/repository/javax/validation/validation-api/1.1.0.Final/validation-api-1.1.0.Final.jar:/home/user/.m2/repository/org/glassfish/jersey/media/jersey-media-json-jackson/2.27/jersey-media-json-jackson-2.27.jar:/home/user/.m2/repository/org/glassfish/jersey/ext/jersey-entity-filtering/2.27/jersey-entity-filtering-2.27.jar:/home/user/.m2/repository/com/google/inject/extensions/guice-assistedinject/4.0/guice-assistedinject-4.0.jar:/home/user/.m2/repository/org/jooq/jooq/3.11.10/jooq-3.11.10.jar:/home/user/.m2/repository/org/jooq/jooq-meta/3.11.10/jooq-meta-3.11.10.jar:/home/user/.m2/repository/org/jooq/jooq-codegen/3.11.10/jooq-codegen-3.11.10.jar:/home/user/.m2/repository/com/jolbox/bonecp/0.8.0.RELEASE/bonecp-0.8.0.RELEASE.jar:/home/user/.m2/repository/org/xerial/sqlite-jdbc/3.25.2/sqlite-jdbc-3.25.2.jar:/home/user/.m2/repository/org/springframework/spring-jdbc/5.1.3.RELEASE/spring-jdbc-5.1.3.RELEASE.jar:/home/user/.m2/repository/org/springframework/spring-beans/5.1.3.RELEASE/spring-beans-5.1.3.RELEASE.jar:/home/user/.m2/repository/org/springframework/spring-core/5.1.3.RELEASE/spring-core-5.1.3.RELEASE.jar:/home/user/.m2/repository/org/springframework/spring-jcl/5.1.3.RELEASE/spring-jcl-5.1.3.RELEASE.jar:/home/user/.m2/repository/org/springframework/spring-tx/5.1.3.RELEASE/spring-tx-5.1.3.RELEASE.jar:/home/user/.m2/repository/org/apache/hadoop/hadoop-ozone-client/0.5.0-SNAPSHOT/hadoop-ozone-client-0.5.0-SNAPSHOT.jar:/home/user/.m2/repository/commons-lang/commons-lang/2.6/commons-lang-2.6.jar:/home/user/.m2/repository/org/apache/hadoop/hadoop-ozone-ozone-manager/0.5.0-SNAPSHOT/hadoop-ozone-ozone-manager-0.5.0-SNAPSHOT-tests.jar:/home/user/.m2/repository/junit/junit/4.11/junit-4.11.jar:/home/user/.m2/repository/org/hamcrest/hamcrest-core/1.3/hamcrest-core-1.3.jar:/home/user/.m2/repository/org/openjdk/jmh/jmh-core/1.19/jmh-core-1.19.jar:/home/user/.m2/repository/net/sf/jopt-simple/jopt-simple/4.6/jopt-simple-4.6.jar:/home/user/.m2/repository/org/apache/commons/commons-math3/3.1.1/commons-math3-3.1.1.jar:/home/user/.m2/repository/org/openjdk/jmh/jmh-generator-annprocess/1.19/jmh-generator-annprocess-1.19.jar:/home/user/.m2/repository/org/mockito/mockito-all/1.8.5/mockito-all-1.8.5.jar:/home/user/.m2/repository/org/apache/hadoop/hadoop-kms/3.2.0/hadoop-kms-3.2.0.jar:/home/user/.m2/repository/org/apache/hadoop/hadoop-auth/3.2.0/hadoop-auth-3.2.0.jar:/home/user/.m2/repository/com/nimbusds/nimbus-jose-jwt/4.41.1/nimbus-jose-jwt-4.41.1.jar:/home/user/.m2/repository/com/github/stephenc/jcip/jcip-annotations/1.0-1/jcip-annotations-1.0-1.jar:/home/user/.m2/repository/net/minidev/json-smart/2.3/json-smart-2.3.jar:/home/user/.m2/repository/net/minidev/accessors-smart/1.2/accessors-smart-1.2.jar:/home/user/.m2/repository/org/ow2/asm/asm/5.0.4/asm-5.0.4.jar:/home/user/.m2/repository/org/apache/curator/curator-framework/2.12.0/curator-framework-2.12.0.jar:/home/user/.m2/repository/com/sun/jersey/jersey-core/1.19/jersey-core-1.19.jar:/home/user/.m2/repository/javax/ws/rs/jsr311-api/1.1.1/jsr311-api-1.1.1.jar:/home/user/.m2/repository/com/sun/jersey/jersey-server/1.19/jersey-server-1.19.jar:/home/user/.m2/repository/javax/servlet/javax.servlet-api/3.1.0/javax.servlet-api-3.1.0.jar:/home/user/.m2/repository/org/eclipse/jetty/jetty-server/9.3.24.v20180605/jetty-server-9.3.24.v20180605.jar:/home/user/.m2/repository/org/eclipse/jetty/jetty-http/9.3.24.v20180605/jetty-http-9.3.24.v20180605.jar:/home/user/.m2/repository/org/eclipse/jetty/jetty-io/9.3.24.v20180605/jetty-io-9.3.24.v20180605.jar:/home/user/.m2/repository/org/eclipse/jetty/jetty-webapp/9.3.24.v20180605/jetty-webapp-9.3.24.v20180605.jar:/home/user/.m2/repository/org/eclipse/jetty/jetty-xml/9.3.24.v20180605/jetty-xml-9.3.24.v20180605.jar:/home/user/.m2/repository/log4j/log4j/1.2.17/log4j-1.2.17.jar:/home/user/.m2/repository/org/slf4j/slf4j-api/1.7.25/slf4j-api-1.7.25.jar:/home/user/.m2/repository/org/slf4j/jul-to-slf4j/1.7.25/jul-to-slf4j-1.7.25.jar:/home/user/.m2/repository/org/eclipse/jetty/jetty-util/9.3.24.v20180605/jetty-util-9.3.24.v20180605.jar:/home/user/.m2/repository/com/fasterxml/jackson/core/jackson-databind/2.9.5/jackson-databind-2.9.5.jar:/home/user/.m2/repository/org/apache/hadoop/hadoop-kms/3.2.0/hadoop-kms-3.2.0-tests.jar:/home/user/.m2/repository/org/apache/hadoop/hadoop-hdds-server-scm/0.5.0-SNAPSHOT/hadoop-hdds-server-scm-0.5.0-SNAPSHOT-tests.jar:/home/user/.m2/repository/org/apache/hadoop/hadoop-hdds-container-service/0.5.0-SNAPSHOT/hadoop-hdds-container-service-0.5.0-SNAPSHOT-tests.jar:/home/user/.m2/repository/org/yaml/snakeyaml/1.16/snakeyaml-1.16.jar:/home/user/.m2/repository/org/apache/hadoop/hadoop-common/3.2.0/hadoop-common-3.2.0-tests.jar:/home/user/.m2/repository/org/apache/hadoop/hadoop-annotations/3.2.0/hadoop-annotations-3.2.0.jar:/usr/lib/jvm/java-1.8-openjdk/jre/../lib/tools.jar:/home/user/.m2/repository/commons-cli/commons-cli/1.2/commons-cli-1.2.jar:/home/user/.m2/repository/org/apache/httpcomponents/httpclient/4.5.2/httpclient-4.5.2.jar:/home/user/.m2/repository/org/apache/httpcomponents/httpcore/4.4.4/httpcore-4.4.4.jar:/home/user/.m2/repository/commons-codec/commons-codec/1.11/commons-codec-1.11.jar:/home/user/.m2/repository/commons-net/commons-net/3.6/commons-net-3.6.jar:/home/user/.m2/repository/commons-collections/commons-collections/3.2.2/commons-collections-3.2.2.jar:/home/user/.m2/repository/org/eclipse/jetty/jetty-servlet/9.3.24.v20180605/jetty-servlet-9.3.24.v20180605.jar:/home/user/.m2/repository/org/eclipse/jetty/jetty-security/9.3.24.v20180605/jetty-security-9.3.24.v20180605.jar:/home/user/.m2/repository/javax/servlet/jsp/jsp-api/2.1/jsp-api-2.1.jar:/home/user/.m2/repository/com/sun/jersey/jersey-servlet/1.19/jersey-servlet-1.19.jar:/home/user/.m2/repository/com/sun/jersey/jersey-json/1.19/jersey-json-1.19.jar:/home/user/.m2/repository/org/codehaus/jettison/jettison/1.1/jettison-1.1.jar:/home/user/.m2/repository/org/codehaus/jackson/jackson-core-asl/1.9.13/jackson-core-asl-1.9.13.jar:/home/user/.m2/repository/org/codehaus/jackson/jackson-mapper-asl/1.9.13/jackson-mapper-asl-1.9.13.jar:/home/user/.m2/repository/org/codehaus/jackson/jackson-jaxrs/1.9.13/jackson-jaxrs-1.9.13.jar:/home/user/.m2/repository/org/codehaus/jackson/jackson-xc/1.9.13/jackson-xc-1.9.13.jar:/home/user/.m2/repository/commons-logging/commons-logging/1.1.3/commons-logging-1.1.3.jar:/home/user/.m2/repository/commons-beanutils/commons-beanutils/1.9.3/commons-beanutils-1.9.3.jar:/home/user/.m2/repository/org/apache/commons/commons-configuration2/2.1.1/commons-configuration2-2.1.1.jar:/home/user/.m2/repository/org/apache/commons/commons-lang3/3.7/commons-lang3-3.7.jar:/home/user/.m2/repository/org/apache/commons/commons-text/1.4/commons-text-1.4.jar:/home/user/.m2/repository/org/apache/avro/avro/1.7.7/avro-1.7.7.jar:/home/user/.m2/repository/com/thoughtworks/paranamer/paranamer/2.3/paranamer-2.3.jar:/home/user/.m2/repository/org/xerial/snappy/snappy-java/1.0.5/snappy-java-1.0.5.jar:/home/user/.m2/repository/com/google/re2j/re2j/1.1/re2j-1.1.jar:/home/user/.m2/repository/com/google/code/gson/gson/2.2.4/gson-2.2.4.jar:/home/user/.m2/repository/com/jcraft/jsch/0.1.54/jsch-0.1.54.jar:/home/user/.m2/repository/org/apache/curator/curator-client/2.12.0/curator-client-2.12.0.jar:/home/user/.m2/repository/org/apache/curator/curator-recipes/2.12.0/curator-recipes-2.12.0.jar:/home/user/.m2/repository/com/google/code/findbugs/jsr305/3.0.0/jsr305-3.0.0.jar:/home/user/.m2/repository/org/apache/htrace/htrace-core4/4.1.0-incubating/htrace-core4-4.1.0-incubating.jar:/home/user/.m2/repository/org/apache/zookeeper/zookeeper/3.4.13/zookeeper-3.4.13.jar:/home/user/.m2/repository/org/apache/yetus/audience-annotations/0.5.0/audience-annotations-0.5.0.jar:/home/user/.m2/repository/org/codehaus/woodstox/stax2-api/3.1.4/stax2-api-3.1.4.jar:/home/user/.m2/repository/com/fasterxml/woodstox/woodstox-core/5.0.3/woodstox-core-5.0.3.jar:/home/user/.m2/repository/dnsjava/dnsjava/2.1.7/dnsjava-2.1.7.jar:/home/user/.m2/repository/org/apache/hadoop/hadoop-hdfs/3.2.0/hadoop-hdfs-3.2.0-tests.jar:/home/user/.m2/repository/org/eclipse/jetty/jetty-util-ajax/9.3.24.v20180605/jetty-util-ajax-9.3.24.v20180605.jar:/home/user/.m2/repository/commons-daemon/commons-daemon/1.0.13/commons-daemon-1.0.13.jar:/home/user/.m2/repository/io/netty/netty/3.10.5.Final/netty-3.10.5.Final.jar:/home/user/.m2/repository/io/netty/netty-all/4.0.52.Final/netty-all-4.0.52.Final.jar:/home/user/.m2/repository/org/fusesource/leveldbjni/leveldbjni-all/1.8/leveldbjni-all-1.8.jar:"/>
    <property name="sun.cpu.endian" value="little"/>
    <property name="user.home" value="/home/user"/>
    <property name="user.language" value="en"/>
    <property name="java.specification.vendor" value="Oracle Corporation"/>
    <property name="java.home" value="/usr/lib/jvm/java-1.8-openjdk/jre"/>
    <property name="java.security.krb5.conf" value="/workdir/hadoop-ozone/integration-test/target/test-classes/krb5.conf"/>
    <property name="basedir" value="/workdir/hadoop-ozone/integration-test"/>
    <property name="file.separator" value="/"/>
    <property name="line.separator" value="&#10;"/>
    <property name="java.vm.specification.vendor" value="Oracle Corporation"/>
    <property name="java.specification.name" value="Java Platform API Specification"/>
    <property name="java.awt.graphicsenv" value="sun.awt.X11GraphicsEnvironment"/>
    <property name="surefire.real.class.path" value="/workdir/hadoop-ozone/integration-test/target/surefire/surefirebooter5514720442012821172.jar"/>
    <property name="hadoop.log.dir" value="/workdir/hadoop-ozone/integration-test/target/log"/>
    <property name="sun.boot.class.path" value="/usr/lib/jvm/java-1.8-openjdk/jre/lib/resources.jar:/usr/lib/jvm/java-1.8-openjdk/jre/lib/rt.jar:/usr/lib/jvm/java-1.8-openjdk/jre/lib/sunrsasign.jar:/usr/lib/jvm/java-1.8-openjdk/jre/lib/jsse.jar:/usr/lib/jvm/java-1.8-openjdk/jre/lib/jce.jar:/usr/lib/jvm/java-1.8-openjdk/jre/lib/charsets.jar:/usr/lib/jvm/java-1.8-openjdk/jre/lib/jfr.jar:/usr/lib/jvm/java-1.8-openjdk/jre/classes"/>
    <property name="sun.management.compiler" value="HotSpot 64-Bit Tiered Compilers"/>
    <property name="java.runtime.version" value="1.8.0_212-b04"/>
    <property name="java.net.preferIPv4Stack" value="true"/>
    <property name="user.name" value="jenkins1000"/>
    <property name="path.separator" value=":"/>
    <property name="java.security.egd" value="file:///dev/urandom"/>
    <property name="os.version" value="3.10.0-957.12.2.el7.x86_64"/>
    <property name="java.endorsed.dirs" value="/usr/lib/jvm/java-1.8-openjdk/jre/lib/endorsed"/>
    <property name="java.runtime.name" value="OpenJDK Runtime Environment"/>
    <property name="file.encoding" value="UTF-8"/>
    <property name="java.vm.name" value="OpenJDK 64-Bit Server VM"/>
    <property name="test.build.webapps" value=""/>
    <property name="localRepository" value="/home/user/.m2/repository"/>
    <property name="java.vendor.url.bug" value="https://icedtea.classpath.org/bugzilla"/>
    <property name="java.io.tmpdir" value="/tmp"/>
    <property name="require.test.libhadoop" value=""/>
    <property name="java.version" value="1.8.0_212"/>
    <property name="user.dir" value="/workdir/hadoop-ozone/integration-test"/>
    <property name="os.arch" value="amd64"/>
    <property name="java.vm.specification.name" value="Java Virtual Machine Specification"/>
    <property name="test.build.classes" value="/workdir/hadoop-ozone/integration-test/target/test-classes"/>
    <property name="java.awt.printerjob" value="sun.print.PSPrinterJob"/>
    <property name="sun.os.patch.level" value="unknown"/>
    <property name="hadoop.tmp.dir" value="/workdir/hadoop-ozone/integration-test/target/tmp"/>
    <property name="java.library.path" value="/usr/lib/jvm/java-1.8-openjdk/jre/lib/amd64/server:/usr/lib/jvm/java-1.8-openjdk/jre/lib/amd64:/usr/lib/jvm/java-1.8-openjdk/jre/../lib/amd64:/workdir/hadoop-ozone/integration-test/target/native/target/usr/local/lib:/workdir/hadoop-ozone/integration-test/../../hadoop-common-project/hadoop-common/target/native/target/usr/local/lib:/usr/java/packages/lib/amd64:/usr/lib64:/lib64:/lib:/usr/lib"/>
    <property name="java.vm.info" value="mixed mode"/>
    <property name="java.vendor" value="IcedTea"/>
    <property name="java.vm.version" value="25.212-b04"/>
    <property name="java.ext.dirs" value="/usr/lib/jvm/java-1.8-openjdk/jre/lib/ext:/usr/java/packages/lib/ext"/>
    <property name="sun.io.unicode.encoding" value="UnicodeLittle"/>
    <property name="java.class.version" value="52.0"/>
  </properties>
  <testcase name="testGroupMismatchExceptionHandling" classname="org.apache.hadoop.ozone.client.rpc.TestOzoneClientRetriesOnException" time="89.655"/>
  <testcase name="testMaxRetriesByOzoneClient" classname="org.apache.hadoop.ozone.client.rpc.TestOzoneClientRetriesOnException" time="51.501">
    <error message="Failed to command cmdType: CreateContainer&#10;containerID: 1&#10;datanodeUuid: &quot;03526247-f18f-4f7b-a613-7fcfcc785a52&quot;&#10;createContainer {&#10;}&#10;" type="java.io.IOException">java.io.IOException: 
Failed to command cmdType: CreateContainer
containerID: 1
datanodeUuid: "03526247-f18f-4f7b-a613-7fcfcc785a52"
createContainer {
}

	at org.apache.hadoop.hdds.scm.XceiverClientSpi.sendCommand(XceiverClientSpi.java:113)
	at org.apache.hadoop.ozone.client.rpc.TestOzoneClientRetriesOnException.testMaxRetriesByOzoneClient(TestOzoneClientRetriesOnException.java:190)
	at sun.reflect.NativeMethodAccessorImpl.invoke0(Native Method)
	at sun.reflect.NativeMethodAccessorImpl.invoke(NativeMethodAccessorImpl.java:62)
	at sun.reflect.DelegatingMethodAccessorImpl.invoke(DelegatingMethodAccessorImpl.java:43)
	at java.lang.reflect.Method.invoke(Method.java:498)
	at org.junit.runners.model.FrameworkMethod$1.runReflectiveCall(FrameworkMethod.java:47)
	at org.junit.internal.runners.model.ReflectiveCallable.run(ReflectiveCallable.java:12)
	at org.junit.runners.model.FrameworkMethod.invokeExplosively(FrameworkMethod.java:44)
	at org.junit.internal.runners.statements.InvokeMethod.evaluate(InvokeMethod.java:17)
	at org.junit.internal.runners.statements.RunBefores.evaluate(RunBefores.java:26)
	at org.junit.internal.runners.statements.RunAfters.evaluate(RunAfters.java:27)
	at org.junit.runners.ParentRunner.runLeaf(ParentRunner.java:271)
	at org.junit.runners.BlockJUnit4ClassRunner.runChild(BlockJUnit4ClassRunner.java:70)
	at org.junit.runners.BlockJUnit4ClassRunner.runChild(BlockJUnit4ClassRunner.java:50)
	at org.junit.runners.ParentRunner$3.run(ParentRunner.java:238)
	at org.junit.runners.ParentRunner$1.schedule(ParentRunner.java:63)
	at org.junit.runners.ParentRunner.runChildren(ParentRunner.java:236)
	at org.junit.runners.ParentRunner.access$000(ParentRunner.java:53)
	at org.junit.runners.ParentRunner$2.evaluate(ParentRunner.java:229)
	at org.junit.runners.ParentRunner.run(ParentRunner.java:309)
	at org.apache.maven.surefire.junit4.JUnit4Provider.execute(JUnit4Provider.java:365)
	at org.apache.maven.surefire.junit4.JUnit4Provider.executeWithRerun(JUnit4Provider.java:273)
	at org.apache.maven.surefire.junit4.JUnit4Provider.executeTestSet(JUnit4Provider.java:238)
	at org.apache.maven.surefire.junit4.JUnit4Provider.invoke(JUnit4Provider.java:159)
	at org.apache.maven.surefire.booter.ForkedBooter.invokeProviderInSameClassLoader(ForkedBooter.java:384)
	at org.apache.maven.surefire.booter.ForkedBooter.runSuitesInProcess(ForkedBooter.java:345)
	at org.apache.maven.surefire.booter.ForkedBooter.execute(ForkedBooter.java:126)
	at org.apache.maven.surefire.booter.ForkedBooter.main(ForkedBooter.java:418)
Caused by: java.util.concurrent.ExecutionException: org.apache.ratis.protocol.StateMachineException: java.util.concurrent.CompletionException: java.lang.IllegalArgumentException
	at java.util.concurrent.CompletableFuture.reportGet(CompletableFuture.java:357)
	at java.util.concurrent.CompletableFuture.get(CompletableFuture.java:1895)
	at org.apache.hadoop.hdds.scm.XceiverClientSpi.sendCommand(XceiverClientSpi.java:110)
	... 28 more
Caused by: org.apache.ratis.protocol.StateMachineException: java.util.concurrent.CompletionException: java.lang.IllegalArgumentException
	at java.util.concurrent.CompletableFuture.encodeThrowable(CompletableFuture.java:273)
	at java.util.concurrent.CompletableFuture.completeThrowable(CompletableFuture.java:280)
	at java.util.concurrent.CompletableFuture$AsyncSupply.run(CompletableFuture.java:1592)
	at java.util.concurrent.ThreadPoolExecutor.runWorker(ThreadPoolExecutor.java:1149)
	at java.util.concurrent.ThreadPoolExecutor$Worker.run(ThreadPoolExecutor.java:624)
	at java.lang.Thread.run(Thread.java:748)
</error>
    <system-out><![CDATA[2019-08-20 15:10:33,829 [main] WARN  server.ServerUtils (ServerUtils.java:getScmDbDir(145)) - ozone.scm.db.dirs is not configured. We recommend adding this setting. Falling back to ozone.metadata.dirs instead.
2019-08-20 15:10:33,874 [main] WARN  server.ServerUtils (ServerUtils.java:getScmDbDir(145)) - ozone.scm.db.dirs is not configured. We recommend adding this setting. Falling back to ozone.metadata.dirs instead.
2019-08-20 15:10:33,874 [main] WARN  server.ServerUtils (ServerUtils.java:getScmDbDir(145)) - ozone.scm.db.dirs is not configured. We recommend adding this setting. Falling back to ozone.metadata.dirs instead.
2019-08-20 15:10:33,875 [main] INFO  db.DBStoreBuilder (DBStoreBuilder.java:addTable(110)) - using custom profile for table: deletedBlocks
2019-08-20 15:10:33,876 [main] INFO  db.DBStoreBuilder (DBStoreBuilder.java:processTables(161)) - Using default column profile:DBProfile.DISK for Table:deletedBlocks
2019-08-20 15:10:33,876 [main] INFO  db.DBStoreBuilder (DBStoreBuilder.java:addTable(110)) - using custom profile for table: validCerts
2019-08-20 15:10:33,876 [main] INFO  db.DBStoreBuilder (DBStoreBuilder.java:processTables(161)) - Using default column profile:DBProfile.DISK for Table:validCerts
2019-08-20 15:10:33,877 [main] INFO  db.DBStoreBuilder (DBStoreBuilder.java:addTable(110)) - using custom profile for table: revokedCerts
2019-08-20 15:10:33,877 [main] INFO  db.DBStoreBuilder (DBStoreBuilder.java:processTables(161)) - Using default column profile:DBProfile.DISK for Table:revokedCerts
2019-08-20 15:10:33,877 [main] INFO  db.DBStoreBuilder (DBStoreBuilder.java:addTable(110)) - using custom profile for table: default
2019-08-20 15:10:33,878 [main] INFO  db.DBStoreBuilder (DBStoreBuilder.java:processTables(167)) - Using default column profile:DBProfile.DISK for Table:default
2019-08-20 15:10:33,878 [main] INFO  db.DBStoreBuilder (DBStoreBuilder.java:getDbProfile(198)) - Using default options. DBProfile.DISK
2019-08-20 15:10:34,133 [main] INFO  net.NodeSchemaLoader (NodeSchemaLoader.java:loadSchemaFromFile(125)) - Loading file from sun.misc.CompoundEnumeration@44eb2452
2019-08-20 15:10:34,133 [main] INFO  net.NodeSchemaLoader (NodeSchemaLoader.java:loadSchema(171)) - Loading network topology layer schema file
2019-08-20 15:10:34,138 [main] WARN  server.ServerUtils (ServerUtils.java:sanitizeUserArgs(70)) - ozone.scm.stale.node.interval value = 300000 is larger than max = 100000 based on the key value of ozone.scm.heartbeat.thread.interval, reset to the max value 100000.
2019-08-20 15:10:34,138 [main] WARN  server.ServerUtils (ServerUtils.java:sanitizeUserArgs(70)) - ozone.scm.stale.node.interval value = 300000 is larger than max = 100000 based on the key value of ozone.scm.heartbeat.thread.interval, reset to the max value 100000.
2019-08-20 15:10:34,139 [main] INFO  node.SCMNodeManager (SCMNodeManager.java:<init>(121)) - Entering startup safe mode.
2019-08-20 15:10:34,140 [main] INFO  algorithms.ContainerPlacementPolicyFactory (ContainerPlacementPolicyFactory.java:getPolicy(55)) - Create container placement policy of type org.apache.hadoop.hdds.scm.container.placement.algorithms.SCMContainerPlacementRandom
2019-08-20 15:10:34,140 [main] WARN  server.ServerUtils (ServerUtils.java:getScmDbDir(145)) - ozone.scm.db.dirs is not configured. We recommend adding this setting. Falling back to ozone.metadata.dirs instead.
2019-08-20 15:10:34,269 [main] INFO  pipeline.SCMPipelineManager (SCMPipelineManager.java:initializePipelineState(126)) - No pipeline exists in current db
2019-08-20 15:10:34,270 [main] WARN  server.ServerUtils (ServerUtils.java:getScmDbDir(145)) - ozone.scm.db.dirs is not configured. We recommend adding this setting. Falling back to ozone.metadata.dirs instead.
2019-08-20 15:10:34,403 [main] WARN  events.EventQueue (EventQueue.java:fireEvent(175)) - No event handler registered for event TypedEvent{payloadType=SafeModeStatus, name='SafeModeStatus'}
2019-08-20 15:10:34,404 [main] INFO  ipc.CallQueueManager (CallQueueManager.java:<init>(84)) - Using callQueue: class java.util.concurrent.LinkedBlockingQueue, queueCapacity: 2000, scheduler: class org.apache.hadoop.ipc.DefaultRpcScheduler, ipcBackoff: false.
2019-08-20 15:10:34,404 [Socket Reader #1 for port 41863] INFO  ipc.Server (Server.java:run(1074)) - Starting Socket Reader #1 for port 41863
2019-08-20 15:10:34,407 [main] INFO  ipc.CallQueueManager (CallQueueManager.java:<init>(84)) - Using callQueue: class java.util.concurrent.LinkedBlockingQueue, queueCapacity: 2000, scheduler: class org.apache.hadoop.ipc.DefaultRpcScheduler, ipcBackoff: false.
2019-08-20 15:10:34,407 [Socket Reader #1 for port 33888] INFO  ipc.Server (Server.java:run(1074)) - Starting Socket Reader #1 for port 33888
2019-08-20 15:10:34,409 [main] INFO  ipc.CallQueueManager (CallQueueManager.java:<init>(84)) - Using callQueue: class java.util.concurrent.LinkedBlockingQueue, queueCapacity: 2000, scheduler: class org.apache.hadoop.ipc.DefaultRpcScheduler, ipcBackoff: false.
2019-08-20 15:10:34,410 [Socket Reader #1 for port 39163] INFO  ipc.Server (Server.java:run(1074)) - Starting Socket Reader #1 for port 39163
2019-08-20 15:10:34,412 [main] INFO  hdfs.DFSUtil (DFSUtil.java:httpServerTemplateForNNAndJN(1641)) - Starting Web-server for scm at: http://0.0.0.0:0
2019-08-20 15:10:34,415 [main] INFO  server.AuthenticationFilter (AuthenticationFilter.java:constructSecretProvider(240)) - Unable to initialize FileSignerSecretProvider, falling back to use random secrets.
2019-08-20 15:10:34,415 [main] WARN  http.HttpRequestLog (HttpRequestLog.java:getRequestLog(97)) - Jetty request log can only be enabled using Log4j
2019-08-20 15:10:34,417 [main] INFO  http.HttpServer2 (HttpServer2.java:addGlobalFilter(975)) - Added global filter 'safety' (class=org.apache.hadoop.http.HttpServer2$QuotingInputFilter)
2019-08-20 15:10:34,418 [main] INFO  http.HttpServer2 (HttpServer2.java:addFilter(948)) - Added filter static_user_filter (class=org.apache.hadoop.http.lib.StaticUserWebFilter$StaticUserFilter) to context scm
2019-08-20 15:10:34,418 [main] INFO  http.HttpServer2 (HttpServer2.java:addFilter(958)) - Added filter static_user_filter (class=org.apache.hadoop.http.lib.StaticUserWebFilter$StaticUserFilter) to context static
2019-08-20 15:10:34,418 [main] INFO  http.HttpServer2 (HttpServer2.java:addFilter(958)) - Added filter static_user_filter (class=org.apache.hadoop.http.lib.StaticUserWebFilter$StaticUserFilter) to context logs
2019-08-20 15:10:34,420 [main] INFO  server.StorageContainerManager (StorageContainerManager.java:start(759)) - StorageContainerLocationProtocol RPC server is listening at /0.0.0.0:39163
2019-08-20 15:10:34,423 [main] WARN  impl.MetricsConfig (MetricsConfig.java:loadFirst(134)) - Cannot locate configuration: tried hadoop-metrics2-storagecontainermanager.properties,hadoop-metrics2.properties
2019-08-20 15:10:34,424 [main] INFO  impl.MetricsSystemImpl (MetricsSystemImpl.java:startTimer(374)) - Scheduled Metric snapshot period at 10 second(s).
2019-08-20 15:10:34,424 [main] INFO  impl.MetricsSystemImpl (MetricsSystemImpl.java:start(191)) - StorageContainerManager metrics system started
2019-08-20 15:10:34,473 [main] INFO  server.SCMClientProtocolServer (SCMClientProtocolServer.java:start(151)) - RPC server for Client  is listening at /0.0.0.0:39163
2019-08-20 15:10:34,473 [IPC Server Responder] INFO  ipc.Server (Server.java:run(1314)) - IPC Server Responder: starting
2019-08-20 15:10:34,473 [IPC Server listener on 39163] INFO  ipc.Server (Server.java:run(1153)) - IPC Server listener on 39163: starting
2019-08-20 15:10:34,477 [main] INFO  server.StorageContainerManager (StorageContainerManager.java:start(769)) - ScmBlockLocationProtocol RPC server is listening at /0.0.0.0:33888
2019-08-20 15:10:34,477 [main] INFO  server.SCMBlockProtocolServer (SCMBlockProtocolServer.java:start(140)) - RPC server for Block Protocol is listening at /0.0.0.0:33888
2019-08-20 15:10:34,477 [IPC Server Responder] INFO  ipc.Server (Server.java:run(1314)) - IPC Server Responder: starting
2019-08-20 15:10:34,478 [IPC Server listener on 33888] INFO  ipc.Server (Server.java:run(1153)) - IPC Server listener on 33888: starting
2019-08-20 15:10:34,481 [main] INFO  server.StorageContainerManager (StorageContainerManager.java:start(773)) - ScmDatanodeProtocl RPC server is listening at /0.0.0.0:41863
2019-08-20 15:10:34,481 [main] INFO  server.SCMDatanodeProtocolServer (SCMDatanodeProtocolServer.java:start(191)) - RPC server for DataNodes is listening at /0.0.0.0:41863
2019-08-20 15:10:34,482 [IPC Server Responder] INFO  ipc.Server (Server.java:run(1314)) - IPC Server Responder: starting
2019-08-20 15:10:34,482 [IPC Server listener on 41863] INFO  ipc.Server (Server.java:run(1153)) - IPC Server listener on 41863: starting
2019-08-20 15:10:34,485 [main] INFO  http.HttpServer2 (HttpServer2.java:bindListener(1191)) - Jetty bound to port 43834
2019-08-20 15:10:34,485 [main] INFO  server.Server (Server.java:doStart(351)) - jetty-9.3.24.v20180605, build timestamp: 2018-06-05T17:11:56Z, git hash: 84205aa28f11a4f31f2a3b86d1bba2cc8ab69827
2019-08-20 15:10:34,487 [main] INFO  handler.ContextHandler (ContextHandler.java:doStart(781)) - Started o.e.j.s.ServletContextHandler@4eb63dc8{/logs,file:///workdir/hadoop-ozone/integration-test/target/log,AVAILABLE}
2019-08-20 15:10:34,488 [main] INFO  handler.ContextHandler (ContextHandler.java:doStart(781)) - Started o.e.j.s.ServletContextHandler@395281c2{/static,file:///workdir/hadoop-ozone/integration-test/target/test-classes/webapps/static,AVAILABLE}
2019-08-20 15:10:34,493 [main] INFO  handler.ContextHandler (ContextHandler.java:doStart(781)) - Started o.e.j.w.WebAppContext@4751cd3{/,file:///workdir/hadoop-ozone/integration-test/target/test-classes/webapps/scm/,AVAILABLE}{/scm}
2019-08-20 15:10:34,493 [main] INFO  server.AbstractConnector (AbstractConnector.java:doStart(278)) - Started ServerConnector@64ec1459{HTTP/1.1,[http/1.1]}{0.0.0.0:43834}
2019-08-20 15:10:34,494 [main] INFO  server.Server (Server.java:doStart(419)) - Started @90916ms
2019-08-20 15:10:34,495 [main] INFO  server.BaseHttpServer (BaseHttpServer.java:updateConnectorAddress(213)) - HTTP server of SCM is listening at http://0.0.0.0:43834
2019-08-20 15:10:34,496 [main] WARN  server.ServerUtils (ServerUtils.java:getDBPath(222)) - ozone.om.db.dirs is not configured. We recommend adding this setting. Falling back to ozone.metadata.dirs instead.
2019-08-20 15:10:34,496 [org.apache.hadoop.util.JvmPauseMonitor$Monitor@4b3ad7ca] INFO  util.JvmPauseMonitor (JvmPauseMonitor.java:run(188)) - Starting JVM pause monitor
2019-08-20 15:10:34,518 [main] WARN  server.ServerUtils (ServerUtils.java:getDBPath(222)) - ozone.om.db.dirs is not configured. We recommend adding this setting. Falling back to ozone.metadata.dirs instead.
2019-08-20 15:10:34,518 [main] WARN  server.ServerUtils (ServerUtils.java:getDBPath(222)) - ozone.om.db.dirs is not configured. We recommend adding this setting. Falling back to ozone.metadata.dirs instead.
2019-08-20 15:10:34,519 [main] INFO  om.OzoneManager (OzoneManager.java:setOMNodeDetails(648)) - OM Service ID is not set. Setting it to the default ID: omServiceIdDefault
2019-08-20 15:10:34,519 [main] INFO  om.OzoneManager (OzoneManager.java:setOMNodeDetails(654)) - OM Node ID is not set. Setting it to the OmStorage's OmID: 25c2889f-400d-4613-abea-49ad77d4a96c
2019-08-20 15:10:34,519 [main] INFO  om.OzoneManager (OzoneManager.java:loadOMHAConfigs(605)) - Found matching OM address with OMServiceId: null, OMNodeId: null, RPC Address: localhost:0 and Ratis port: 9872
2019-08-20 15:10:34,524 | INFO  | SCMAudit | user=jenkins1000 | ip=192.168.36.99 | op=GET_SCM_INFO null | ret=SUCCESS |  
2019-08-20 15:10:34,527 [main] WARN  server.ServerUtils (ServerUtils.java:getDBPath(222)) - ozone.om.db.dirs is not configured. We recommend adding this setting. Falling back to ozone.metadata.dirs instead.
2019-08-20 15:10:34,527 [main] INFO  db.DBStoreBuilder (DBStoreBuilder.java:addTable(110)) - using custom profile for table: userTable
2019-08-20 15:10:34,528 [main] INFO  db.DBStoreBuilder (DBStoreBuilder.java:processTables(161)) - Using default column profile:DBProfile.DISK for Table:userTable
2019-08-20 15:10:34,528 [main] INFO  db.DBStoreBuilder (DBStoreBuilder.java:addTable(110)) - using custom profile for table: volumeTable
2019-08-20 15:10:34,528 [main] INFO  db.DBStoreBuilder (DBStoreBuilder.java:processTables(161)) - Using default column profile:DBProfile.DISK for Table:volumeTable
2019-08-20 15:10:34,529 [main] INFO  db.DBStoreBuilder (DBStoreBuilder.java:addTable(110)) - using custom profile for table: bucketTable
2019-08-20 15:10:34,529 [main] INFO  db.DBStoreBuilder (DBStoreBuilder.java:processTables(161)) - Using default column profile:DBProfile.DISK for Table:bucketTable
2019-08-20 15:10:34,529 [main] INFO  db.DBStoreBuilder (DBStoreBuilder.java:addTable(110)) - using custom profile for table: keyTable
2019-08-20 15:10:34,530 [main] INFO  db.DBStoreBuilder (DBStoreBuilder.java:processTables(161)) - Using default column profile:DBProfile.DISK for Table:keyTable
2019-08-20 15:10:34,530 [main] INFO  db.DBStoreBuilder (DBStoreBuilder.java:addTable(110)) - using custom profile for table: deletedTable
2019-08-20 15:10:34,530 [main] INFO  db.DBStoreBuilder (DBStoreBuilder.java:processTables(161)) - Using default column profile:DBProfile.DISK for Table:deletedTable
2019-08-20 15:10:34,531 [main] INFO  db.DBStoreBuilder (DBStoreBuilder.java:addTable(110)) - using custom profile for table: openKeyTable
2019-08-20 15:10:34,531 [main] INFO  db.DBStoreBuilder (DBStoreBuilder.java:processTables(161)) - Using default column profile:DBProfile.DISK for Table:openKeyTable
2019-08-20 15:10:34,531 [main] INFO  db.DBStoreBuilder (DBStoreBuilder.java:addTable(110)) - using custom profile for table: s3Table
2019-08-20 15:10:34,531 [main] INFO  db.DBStoreBuilder (DBStoreBuilder.java:processTables(161)) - Using default column profile:DBProfile.DISK for Table:s3Table
2019-08-20 15:10:34,532 [main] INFO  db.DBStoreBuilder (DBStoreBuilder.java:addTable(110)) - using custom profile for table: multipartInfoTable
2019-08-20 15:10:34,532 [main] INFO  db.DBStoreBuilder (DBStoreBuilder.java:processTables(161)) - Using default column profile:DBProfile.DISK for Table:multipartInfoTable
2019-08-20 15:10:34,532 [main] INFO  db.DBStoreBuilder (DBStoreBuilder.java:addTable(110)) - using custom profile for table: dTokenTable
2019-08-20 15:10:34,533 [main] INFO  db.DBStoreBuilder (DBStoreBuilder.java:processTables(161)) - Using default column profile:DBProfile.DISK for Table:dTokenTable
2019-08-20 15:10:34,533 [main] INFO  db.DBStoreBuilder (DBStoreBuilder.java:addTable(110)) - using custom profile for table: s3SecretTable
2019-08-20 15:10:34,533 [main] INFO  db.DBStoreBuilder (DBStoreBuilder.java:processTables(161)) - Using default column profile:DBProfile.DISK for Table:s3SecretTable
2019-08-20 15:10:34,533 [main] INFO  db.DBStoreBuilder (DBStoreBuilder.java:addTable(110)) - using custom profile for table: prefixTable
2019-08-20 15:10:34,534 [main] INFO  db.DBStoreBuilder (DBStoreBuilder.java:processTables(161)) - Using default column profile:DBProfile.DISK for Table:prefixTable
2019-08-20 15:10:34,534 [main] INFO  db.DBStoreBuilder (DBStoreBuilder.java:addTable(110)) - using custom profile for table: default
2019-08-20 15:10:34,534 [main] INFO  db.DBStoreBuilder (DBStoreBuilder.java:processTables(167)) - Using default column profile:DBProfile.DISK for Table:default
2019-08-20 15:10:34,535 [main] INFO  db.DBStoreBuilder (DBStoreBuilder.java:getDbProfile(198)) - Using default options. DBProfile.DISK
2019-08-20 15:10:35,235 [main] INFO  ipc.CallQueueManager (CallQueueManager.java:<init>(84)) - Using callQueue: class java.util.concurrent.LinkedBlockingQueue, queueCapacity: 2000, scheduler: class org.apache.hadoop.ipc.DefaultRpcScheduler, ipcBackoff: false.
2019-08-20 15:10:35,236 [Socket Reader #1 for port 35625] INFO  ipc.Server (Server.java:run(1074)) - Starting Socket Reader #1 for port 35625
2019-08-20 15:10:35,250 [main] INFO  om.OzoneManager (OzoneManager.java:start(1259)) - OzoneManager RPC server is listening at localhost/127.0.0.1:35625
2019-08-20 15:10:35,251 [main] INFO  impl.MetricsSystemImpl (MetricsSystemImpl.java:init(158)) - OzoneManager metrics system started (again)
2019-08-20 15:10:35,251 [IPC Server Responder] INFO  ipc.Server (Server.java:run(1314)) - IPC Server Responder: starting
2019-08-20 15:10:35,252 [IPC Server listener on 35625] INFO  ipc.Server (Server.java:run(1153)) - IPC Server listener on 35625: starting
2019-08-20 15:10:35,256 [main] INFO  hdfs.DFSUtil (DFSUtil.java:httpServerTemplateForNNAndJN(1641)) - Starting Web-server for ozoneManager at: http://0.0.0.0:0
2019-08-20 15:10:35,257 [main] INFO  server.AuthenticationFilter (AuthenticationFilter.java:constructSecretProvider(240)) - Unable to initialize FileSignerSecretProvider, falling back to use random secrets.
2019-08-20 15:10:35,257 [main] WARN  http.HttpRequestLog (HttpRequestLog.java:getRequestLog(97)) - Jetty request log can only be enabled using Log4j
2019-08-20 15:10:35,259 [main] INFO  http.HttpServer2 (HttpServer2.java:addGlobalFilter(975)) - Added global filter 'safety' (class=org.apache.hadoop.http.HttpServer2$QuotingInputFilter)
2019-08-20 15:10:35,260 [main] INFO  http.HttpServer2 (HttpServer2.java:addFilter(948)) - Added filter static_user_filter (class=org.apache.hadoop.http.lib.StaticUserWebFilter$StaticUserFilter) to context ozoneManager
2019-08-20 15:10:35,260 [main] INFO  http.HttpServer2 (HttpServer2.java:addFilter(958)) - Added filter static_user_filter (class=org.apache.hadoop.http.lib.StaticUserWebFilter$StaticUserFilter) to context static
2019-08-20 15:10:35,260 [main] INFO  http.HttpServer2 (HttpServer2.java:addFilter(958)) - Added filter static_user_filter (class=org.apache.hadoop.http.lib.StaticUserWebFilter$StaticUserFilter) to context logs
2019-08-20 15:10:35,261 [main] INFO  http.HttpServer2 (HttpServer2.java:bindListener(1191)) - Jetty bound to port 34242
2019-08-20 15:10:35,261 [main] INFO  server.Server (Server.java:doStart(351)) - jetty-9.3.24.v20180605, build timestamp: 2018-06-05T17:11:56Z, git hash: 84205aa28f11a4f31f2a3b86d1bba2cc8ab69827
2019-08-20 15:10:35,263 [main] INFO  handler.ContextHandler (ContextHandler.java:doStart(781)) - Started o.e.j.s.ServletContextHandler@24aedcc5{/logs,file:///workdir/hadoop-ozone/integration-test/target/log,AVAILABLE}
2019-08-20 15:10:35,263 [main] INFO  handler.ContextHandler (ContextHandler.java:doStart(781)) - Started o.e.j.s.ServletContextHandler@1850f2da{/static,file:///workdir/hadoop-ozone/integration-test/target/test-classes/webapps/static,AVAILABLE}
2019-08-20 15:10:35,267 [main] INFO  handler.ContextHandler (ContextHandler.java:doStart(781)) - Started o.e.j.w.WebAppContext@7f5e6833{/,file:///workdir/hadoop-ozone/integration-test/target/test-classes/webapps/ozoneManager/,AVAILABLE}{/ozoneManager}
2019-08-20 15:10:35,268 [main] INFO  server.AbstractConnector (AbstractConnector.java:doStart(278)) - Started ServerConnector@2c674d58{HTTP/1.1,[http/1.1]}{0.0.0.0:34242}
2019-08-20 15:10:35,269 [main] INFO  server.Server (Server.java:doStart(419)) - Started @91691ms
2019-08-20 15:10:35,269 [main] INFO  server.BaseHttpServer (BaseHttpServer.java:updateConnectorAddress(213)) - HTTP server of OZONEMANAGER is listening at http://0.0.0.0:34242
2019-08-20 15:10:35,283 [main] INFO  impl.MetricsSystemImpl (MetricsSystemImpl.java:init(158)) - HddsDatanode metrics system started (again)
2019-08-20 15:10:35,285 [main] INFO  ozone.HddsDatanodeService (HddsDatanodeService.java:start(184)) - HddsDatanodeService host:pr-hdds-1950-vsl5z-1698008226 ip:192.168.36.99
2019-08-20 15:10:35,291 [main] INFO  volume.HddsVolume (HddsVolume.java:<init>(176)) - Creating Volume: /workdir/hadoop-ozone/integration-test/target/test-dir/MiniOzoneClusterImpl-0ad89540-22db-434c-8df5-5baffcf642ae/datanode-0/data/containers/hdds of  storage type : DISK and capacity : 1482555576320
2019-08-20 15:10:35,291 [main] INFO  volume.VolumeSet (VolumeSet.java:initializeVolumeSet(170)) - Added Volume : /workdir/hadoop-ozone/integration-test/target/test-dir/MiniOzoneClusterImpl-0ad89540-22db-434c-8df5-5baffcf642ae/datanode-0/data/containers/hdds to VolumeSet
2019-08-20 15:10:35,291 [main] INFO  volume.ThrottledAsyncChecker (ThrottledAsyncChecker.java:schedule(140)) - Scheduling a check for org.apache.hadoop.ozone.container.common.volume.HddsVolume@20dd5870
2019-08-20 15:10:35,292 [main] INFO  volume.HddsVolumeChecker (HddsVolumeChecker.java:checkAllVolumes(203)) - Scheduled health check for volume org.apache.hadoop.ozone.container.common.volume.HddsVolume@20dd5870
2019-08-20 15:10:35,306 [main] INFO  impl.RaftServerProxy (ConfUtils.java:logGet(43)) - raft.rpc.type = GRPC (default)
2019-08-20 15:10:35,306 [main] INFO  grpc.GrpcFactory (GrpcFactory.java:checkPooledByteBufAllocatorUseCacheForAllThreads(45)) - PERFORMANCE WARNING: useCacheForAllThreads is true that may cause Netty to create a lot garbage objects and, as a result, trigger GC.
	It is recommended to disable useCacheForAllThreads by setting -Dorg.apache.ratis.thirdparty.io.netty.allocator.useCacheForAllThreads=false in command line.
2019-08-20 15:10:35,307 [main] INFO  grpc.GrpcConfigKeys$Server (ConfUtils.java:logGet(43)) - raft.grpc.server.port = 0 (default)
2019-08-20 15:10:35,307 [main] INFO  server.GrpcService (ConfUtils.java:logGet(43)) - raft.grpc.message.size.max = 33570816 (custom)
2019-08-20 15:10:35,307 [main] INFO  server.RaftServerConfigKeys (ConfUtils.java:logGet(43)) - raft.server.log.appender.buffer.byte-limit = 33554432 (custom)
2019-08-20 15:10:35,307 [main] INFO  server.GrpcService (ConfUtils.java:logGet(43)) - raft.grpc.flow.control.window = 1MB (=1048576) (default)
2019-08-20 15:10:35,307 [main] INFO  server.RaftServerConfigKeys (ConfUtils.java:logGet(43)) - raft.server.rpc.request.timeout = 3000ms (default)
2019-08-20 15:10:35,308 [main] INFO  server.RaftServerConfigKeys (ConfUtils.java:logGet(43)) - raft.server.storage.dir = [/workdir/hadoop-ozone/integration-test/target/test-dir/MiniOzoneClusterImpl-0ad89540-22db-434c-8df5-5baffcf642ae/datanode-0/data/ratis] (custom)
2019-08-20 15:10:35,309 [main] INFO  replication.SimpleContainerDownloader (SimpleContainerDownloader.java:<init>(72)) - Starting container downloader service to copy containers to replicate.
2019-08-20 15:10:35,310 [main] INFO  hdfs.DFSUtil (DFSUtil.java:httpServerTemplateForNNAndJN(1641)) - Starting Web-server for hddsDatanode at: http://0.0.0.0:0
2019-08-20 15:10:35,311 [main] INFO  server.AuthenticationFilter (AuthenticationFilter.java:constructSecretProvider(240)) - Unable to initialize FileSignerSecretProvider, falling back to use random secrets.
2019-08-20 15:10:35,311 [main] WARN  http.HttpRequestLog (HttpRequestLog.java:getRequestLog(97)) - Jetty request log can only be enabled using Log4j
2019-08-20 15:10:35,313 [main] INFO  http.HttpServer2 (HttpServer2.java:addGlobalFilter(975)) - Added global filter 'safety' (class=org.apache.hadoop.http.HttpServer2$QuotingInputFilter)
2019-08-20 15:10:35,313 [main] INFO  http.HttpServer2 (HttpServer2.java:addFilter(948)) - Added filter static_user_filter (class=org.apache.hadoop.http.lib.StaticUserWebFilter$StaticUserFilter) to context hddsDatanode
2019-08-20 15:10:35,314 [main] INFO  http.HttpServer2 (HttpServer2.java:addFilter(958)) - Added filter static_user_filter (class=org.apache.hadoop.http.lib.StaticUserWebFilter$StaticUserFilter) to context logs
2019-08-20 15:10:35,314 [main] INFO  http.HttpServer2 (HttpServer2.java:addFilter(958)) - Added filter static_user_filter (class=org.apache.hadoop.http.lib.StaticUserWebFilter$StaticUserFilter) to context static
2019-08-20 15:10:35,314 [main] INFO  http.HttpServer2 (HttpServer2.java:bindListener(1191)) - Jetty bound to port 40204
2019-08-20 15:10:35,314 [main] INFO  server.Server (Server.java:doStart(351)) - jetty-9.3.24.v20180605, build timestamp: 2018-06-05T17:11:56Z, git hash: 84205aa28f11a4f31f2a3b86d1bba2cc8ab69827
2019-08-20 15:10:35,316 [main] INFO  handler.ContextHandler (ContextHandler.java:doStart(781)) - Started o.e.j.s.ServletContextHandler@2e349cf2{/logs,file:///workdir/hadoop-ozone/integration-test/target/log,AVAILABLE}
2019-08-20 15:10:35,316 [main] INFO  handler.ContextHandler (ContextHandler.java:doStart(781)) - Started o.e.j.s.ServletContextHandler@68a426c3{/static,jar:file:/home/user/.m2/repository/org/apache/hadoop/hadoop-hdds-container-service/0.5.0-SNAPSHOT/hadoop-hdds-container-service-0.5.0-SNAPSHOT.jar!/webapps/static,AVAILABLE}
2019-08-20 15:10:35,344 [main] INFO  handler.ContextHandler (ContextHandler.java:doStart(781)) - Started o.e.j.w.WebAppContext@352e5a82{/,file:///tmp/jetty-0.0.0.0-40204-hddsDatanode-_-any-6993475466481333195.dir/webapp/,AVAILABLE}{/hddsDatanode}
2019-08-20 15:10:35,344 [main] INFO  server.AbstractConnector (AbstractConnector.java:doStart(278)) - Started ServerConnector@315b5913{HTTP/1.1,[http/1.1]}{0.0.0.0:40204}
2019-08-20 15:10:35,346 [main] INFO  server.Server (Server.java:doStart(419)) - Started @91768ms
2019-08-20 15:10:35,346 [main] INFO  server.BaseHttpServer (BaseHttpServer.java:updateConnectorAddress(213)) - HTTP server of HDDSDATANODE is listening at http://0.0.0.0:40204
2019-08-20 15:10:35,473 | INFO  | ObjectStoreRestHttpServer | Listening HDDS REST traffic on /0.0.0.0:39034 |  
2019-08-20 15:10:35,473 [main] INFO  ozone.HddsDatanodeService (HddsDatanodeService.java:startPlugins(395)) - Started plug-in org.apache.hadoop.ozone.web.OzoneHddsDatanodeService@194224ca
2019-08-20 15:10:35,474 [main] INFO  impl.MetricsSystemImpl (MetricsSystemImpl.java:init(158)) - HddsDatanode metrics system started (again)
2019-08-20 15:10:35,477 [main] INFO  ozone.HddsDatanodeService (HddsDatanodeService.java:start(184)) - HddsDatanodeService host:pr-hdds-1950-vsl5z-1698008226 ip:192.168.36.99
2019-08-20 15:10:35,477 [org.apache.hadoop.util.JvmPauseMonitor$Monitor@1946634a] INFO  util.JvmPauseMonitor (JvmPauseMonitor.java:run(188)) - Starting JVM pause monitor
2019-08-20 15:10:35,479 [Datanode State Machine Thread - 0] INFO  datanode.InitDatanodeState (InitDatanodeState.java:persistContainerDatanodeDetails(140)) - DatanodeDetails is persisted to /workdir/hadoop-ozone/integration-test/target/test-dir/MiniOzoneClusterImpl-0ad89540-22db-434c-8df5-5baffcf642ae/datanode-0/meta/datanode.id
2019-08-20 15:10:35,483 [main] INFO  volume.HddsVolume (HddsVolume.java:<init>(176)) - Creating Volume: /workdir/hadoop-ozone/integration-test/target/test-dir/MiniOzoneClusterImpl-0ad89540-22db-434c-8df5-5baffcf642ae/datanode-1/data/containers/hdds of  storage type : DISK and capacity : 1482555576320
2019-08-20 15:10:35,483 [main] INFO  volume.VolumeSet (VolumeSet.java:initializeVolumeSet(170)) - Added Volume : /workdir/hadoop-ozone/integration-test/target/test-dir/MiniOzoneClusterImpl-0ad89540-22db-434c-8df5-5baffcf642ae/datanode-1/data/containers/hdds to VolumeSet
2019-08-20 15:10:35,483 [main] INFO  volume.ThrottledAsyncChecker (ThrottledAsyncChecker.java:schedule(140)) - Scheduling a check for org.apache.hadoop.ozone.container.common.volume.HddsVolume@7cdfa824
2019-08-20 15:10:35,484 [main] INFO  volume.HddsVolumeChecker (HddsVolumeChecker.java:checkAllVolumes(203)) - Scheduled health check for volume org.apache.hadoop.ozone.container.common.volume.HddsVolume@7cdfa824
2019-08-20 15:10:35,499 [main] INFO  impl.RaftServerProxy (ConfUtils.java:logGet(43)) - raft.rpc.type = GRPC (default)
2019-08-20 15:10:35,499 [main] INFO  grpc.GrpcFactory (GrpcFactory.java:checkPooledByteBufAllocatorUseCacheForAllThreads(45)) - PERFORMANCE WARNING: useCacheForAllThreads is true that may cause Netty to create a lot garbage objects and, as a result, trigger GC.
	It is recommended to disable useCacheForAllThreads by setting -Dorg.apache.ratis.thirdparty.io.netty.allocator.useCacheForAllThreads=false in command line.
2019-08-20 15:10:35,499 [main] INFO  grpc.GrpcConfigKeys$Server (ConfUtils.java:logGet(43)) - raft.grpc.server.port = 0 (default)
2019-08-20 15:10:35,500 [main] INFO  server.GrpcService (ConfUtils.java:logGet(43)) - raft.grpc.message.size.max = 33570816 (custom)
2019-08-20 15:10:35,500 [main] INFO  server.RaftServerConfigKeys (ConfUtils.java:logGet(43)) - raft.server.log.appender.buffer.byte-limit = 33554432 (custom)
2019-08-20 15:10:35,500 [main] INFO  server.GrpcService (ConfUtils.java:logGet(43)) - raft.grpc.flow.control.window = 1MB (=1048576) (default)
2019-08-20 15:10:35,500 [main] INFO  server.RaftServerConfigKeys (ConfUtils.java:logGet(43)) - raft.server.rpc.request.timeout = 3000ms (default)
2019-08-20 15:10:35,500 [main] INFO  server.RaftServerConfigKeys (ConfUtils.java:logGet(43)) - raft.server.storage.dir = [/workdir/hadoop-ozone/integration-test/target/test-dir/MiniOzoneClusterImpl-0ad89540-22db-434c-8df5-5baffcf642ae/datanode-1/data/ratis] (custom)
2019-08-20 15:10:35,501 [main] INFO  replication.SimpleContainerDownloader (SimpleContainerDownloader.java:<init>(72)) - Starting container downloader service to copy containers to replicate.
2019-08-20 15:10:35,502 [main] INFO  hdfs.DFSUtil (DFSUtil.java:httpServerTemplateForNNAndJN(1641)) - Starting Web-server for hddsDatanode at: http://0.0.0.0:0
2019-08-20 15:10:35,504 [main] INFO  server.AuthenticationFilter (AuthenticationFilter.java:constructSecretProvider(240)) - Unable to initialize FileSignerSecretProvider, falling back to use random secrets.
2019-08-20 15:10:35,504 [main] WARN  http.HttpRequestLog (HttpRequestLog.java:getRequestLog(97)) - Jetty request log can only be enabled using Log4j
2019-08-20 15:10:35,506 [main] INFO  http.HttpServer2 (HttpServer2.java:addGlobalFilter(975)) - Added global filter 'safety' (class=org.apache.hadoop.http.HttpServer2$QuotingInputFilter)
2019-08-20 15:10:35,506 [main] INFO  http.HttpServer2 (HttpServer2.java:addFilter(948)) - Added filter static_user_filter (class=org.apache.hadoop.http.lib.StaticUserWebFilter$StaticUserFilter) to context hddsDatanode
2019-08-20 15:10:35,506 [main] INFO  http.HttpServer2 (HttpServer2.java:addFilter(958)) - Added filter static_user_filter (class=org.apache.hadoop.http.lib.StaticUserWebFilter$StaticUserFilter) to context logs
2019-08-20 15:10:35,506 [main] INFO  http.HttpServer2 (HttpServer2.java:addFilter(958)) - Added filter static_user_filter (class=org.apache.hadoop.http.lib.StaticUserWebFilter$StaticUserFilter) to context static
2019-08-20 15:10:35,507 [main] INFO  http.HttpServer2 (HttpServer2.java:bindListener(1191)) - Jetty bound to port 40157
2019-08-20 15:10:35,507 [main] INFO  server.Server (Server.java:doStart(351)) - jetty-9.3.24.v20180605, build timestamp: 2018-06-05T17:11:56Z, git hash: 84205aa28f11a4f31f2a3b86d1bba2cc8ab69827
2019-08-20 15:10:35,509 [main] INFO  handler.ContextHandler (ContextHandler.java:doStart(781)) - Started o.e.j.s.ServletContextHandler@1d8be7b9{/logs,file:///workdir/hadoop-ozone/integration-test/target/log,AVAILABLE}
2019-08-20 15:10:35,509 [main] INFO  handler.ContextHandler (ContextHandler.java:doStart(781)) - Started o.e.j.s.ServletContextHandler@3d53e876{/static,jar:file:/home/user/.m2/repository/org/apache/hadoop/hadoop-hdds-container-service/0.5.0-SNAPSHOT/hadoop-hdds-container-service-0.5.0-SNAPSHOT.jar!/webapps/static,AVAILABLE}
2019-08-20 15:10:35,535 [main] INFO  handler.ContextHandler (ContextHandler.java:doStart(781)) - Started o.e.j.w.WebAppContext@44976b08{/,file:///tmp/jetty-0.0.0.0-40157-hddsDatanode-_-any-1635230041883843434.dir/webapp/,AVAILABLE}{/hddsDatanode}
2019-08-20 15:10:35,536 [main] INFO  server.AbstractConnector (AbstractConnector.java:doStart(278)) - Started ServerConnector@29b8df5{HTTP/1.1,[http/1.1]}{0.0.0.0:40157}
2019-08-20 15:10:35,537 [main] INFO  server.Server (Server.java:doStart(419)) - Started @91959ms
2019-08-20 15:10:35,537 [main] INFO  server.BaseHttpServer (BaseHttpServer.java:updateConnectorAddress(213)) - HTTP server of HDDSDATANODE is listening at http://0.0.0.0:40157
2019-08-20 15:10:35,681 | INFO  | ObjectStoreRestHttpServer | Listening HDDS REST traffic on /0.0.0.0:45913 |  
2019-08-20 15:10:35,681 [main] INFO  ozone.HddsDatanodeService (HddsDatanodeService.java:startPlugins(395)) - Started plug-in org.apache.hadoop.ozone.web.OzoneHddsDatanodeService@1d585fb
2019-08-20 15:10:35,681 [main] INFO  impl.MetricsSystemImpl (MetricsSystemImpl.java:init(158)) - HddsDatanode metrics system started (again)
2019-08-20 15:10:35,685 [org.apache.hadoop.util.JvmPauseMonitor$Monitor@1c58000a] INFO  util.JvmPauseMonitor (JvmPauseMonitor.java:run(188)) - Starting JVM pause monitor
2019-08-20 15:10:35,686 [main] INFO  ozone.HddsDatanodeService (HddsDatanodeService.java:start(184)) - HddsDatanodeService host:pr-hdds-1950-vsl5z-1698008226 ip:192.168.36.99
2019-08-20 15:10:35,687 [Datanode State Machine Thread - 0] INFO  datanode.InitDatanodeState (InitDatanodeState.java:persistContainerDatanodeDetails(140)) - DatanodeDetails is persisted to /workdir/hadoop-ozone/integration-test/target/test-dir/MiniOzoneClusterImpl-0ad89540-22db-434c-8df5-5baffcf642ae/datanode-1/meta/datanode.id
2019-08-20 15:10:35,694 [main] INFO  volume.HddsVolume (HddsVolume.java:<init>(176)) - Creating Volume: /workdir/hadoop-ozone/integration-test/target/test-dir/MiniOzoneClusterImpl-0ad89540-22db-434c-8df5-5baffcf642ae/datanode-2/data/containers/hdds of  storage type : DISK and capacity : 1482555576320
2019-08-20 15:10:35,694 [main] INFO  volume.VolumeSet (VolumeSet.java:initializeVolumeSet(170)) - Added Volume : /workdir/hadoop-ozone/integration-test/target/test-dir/MiniOzoneClusterImpl-0ad89540-22db-434c-8df5-5baffcf642ae/datanode-2/data/containers/hdds to VolumeSet
2019-08-20 15:10:35,694 [main] INFO  volume.ThrottledAsyncChecker (ThrottledAsyncChecker.java:schedule(140)) - Scheduling a check for org.apache.hadoop.ozone.container.common.volume.HddsVolume@30704f85
2019-08-20 15:10:35,695 [main] INFO  volume.HddsVolumeChecker (HddsVolumeChecker.java:checkAllVolumes(203)) - Scheduled health check for volume org.apache.hadoop.ozone.container.common.volume.HddsVolume@30704f85
2019-08-20 15:10:35,710 [main] INFO  impl.RaftServerProxy (ConfUtils.java:logGet(43)) - raft.rpc.type = GRPC (default)
2019-08-20 15:10:35,710 [main] INFO  grpc.GrpcFactory (GrpcFactory.java:checkPooledByteBufAllocatorUseCacheForAllThreads(45)) - PERFORMANCE WARNING: useCacheForAllThreads is true that may cause Netty to create a lot garbage objects and, as a result, trigger GC.
	It is recommended to disable useCacheForAllThreads by setting -Dorg.apache.ratis.thirdparty.io.netty.allocator.useCacheForAllThreads=false in command line.
2019-08-20 15:10:35,710 [main] INFO  grpc.GrpcConfigKeys$Server (ConfUtils.java:logGet(43)) - raft.grpc.server.port = 0 (default)
2019-08-20 15:10:35,711 [main] INFO  server.GrpcService (ConfUtils.java:logGet(43)) - raft.grpc.message.size.max = 33570816 (custom)
2019-08-20 15:10:35,711 [main] INFO  server.RaftServerConfigKeys (ConfUtils.java:logGet(43)) - raft.server.log.appender.buffer.byte-limit = 33554432 (custom)
2019-08-20 15:10:35,711 [main] INFO  server.GrpcService (ConfUtils.java:logGet(43)) - raft.grpc.flow.control.window = 1MB (=1048576) (default)
2019-08-20 15:10:35,712 [main] INFO  server.RaftServerConfigKeys (ConfUtils.java:logGet(43)) - raft.server.rpc.request.timeout = 3000ms (default)
2019-08-20 15:10:35,712 [main] INFO  server.RaftServerConfigKeys (ConfUtils.java:logGet(43)) - raft.server.storage.dir = [/workdir/hadoop-ozone/integration-test/target/test-dir/MiniOzoneClusterImpl-0ad89540-22db-434c-8df5-5baffcf642ae/datanode-2/data/ratis] (custom)
2019-08-20 15:10:35,713 [main] INFO  replication.SimpleContainerDownloader (SimpleContainerDownloader.java:<init>(72)) - Starting container downloader service to copy containers to replicate.
2019-08-20 15:10:35,714 [main] INFO  hdfs.DFSUtil (DFSUtil.java:httpServerTemplateForNNAndJN(1641)) - Starting Web-server for hddsDatanode at: http://0.0.0.0:0
2019-08-20 15:10:35,716 [main] INFO  server.AuthenticationFilter (AuthenticationFilter.java:constructSecretProvider(240)) - Unable to initialize FileSignerSecretProvider, falling back to use random secrets.
2019-08-20 15:10:35,716 [main] WARN  http.HttpRequestLog (HttpRequestLog.java:getRequestLog(97)) - Jetty request log can only be enabled using Log4j
2019-08-20 15:10:35,717 [main] INFO  http.HttpServer2 (HttpServer2.java:addGlobalFilter(975)) - Added global filter 'safety' (class=org.apache.hadoop.http.HttpServer2$QuotingInputFilter)
2019-08-20 15:10:35,718 [main] INFO  http.HttpServer2 (HttpServer2.java:addFilter(948)) - Added filter static_user_filter (class=org.apache.hadoop.http.lib.StaticUserWebFilter$StaticUserFilter) to context hddsDatanode
2019-08-20 15:10:35,718 [main] INFO  http.HttpServer2 (HttpServer2.java:addFilter(958)) - Added filter static_user_filter (class=org.apache.hadoop.http.lib.StaticUserWebFilter$StaticUserFilter) to context static
2019-08-20 15:10:35,718 [main] INFO  http.HttpServer2 (HttpServer2.java:addFilter(958)) - Added filter static_user_filter (class=org.apache.hadoop.http.lib.StaticUserWebFilter$StaticUserFilter) to context logs
2019-08-20 15:10:35,719 [main] INFO  http.HttpServer2 (HttpServer2.java:bindListener(1191)) - Jetty bound to port 42276
2019-08-20 15:10:35,719 [main] INFO  server.Server (Server.java:doStart(351)) - jetty-9.3.24.v20180605, build timestamp: 2018-06-05T17:11:56Z, git hash: 84205aa28f11a4f31f2a3b86d1bba2cc8ab69827
2019-08-20 15:10:35,721 [main] INFO  handler.ContextHandler (ContextHandler.java:doStart(781)) - Started o.e.j.s.ServletContextHandler@41059616{/logs,file:///workdir/hadoop-ozone/integration-test/target/log,AVAILABLE}
2019-08-20 15:10:35,721 [main] INFO  handler.ContextHandler (ContextHandler.java:doStart(781)) - Started o.e.j.s.ServletContextHandler@34e25492{/static,jar:file:/home/user/.m2/repository/org/apache/hadoop/hadoop-hdds-container-service/0.5.0-SNAPSHOT/hadoop-hdds-container-service-0.5.0-SNAPSHOT.jar!/webapps/static,AVAILABLE}
2019-08-20 15:10:35,749 [main] INFO  handler.ContextHandler (ContextHandler.java:doStart(781)) - Started o.e.j.w.WebAppContext@23df7fad{/,file:///tmp/jetty-0.0.0.0-42276-hddsDatanode-_-any-3910774766771703409.dir/webapp/,AVAILABLE}{/hddsDatanode}
2019-08-20 15:10:35,749 [main] INFO  server.AbstractConnector (AbstractConnector.java:doStart(278)) - Started ServerConnector@4ab455e2{HTTP/1.1,[http/1.1]}{0.0.0.0:42276}
2019-08-20 15:10:35,751 [main] INFO  server.Server (Server.java:doStart(419)) - Started @92173ms
2019-08-20 15:10:35,751 [main] INFO  server.BaseHttpServer (BaseHttpServer.java:updateConnectorAddress(213)) - HTTP server of HDDSDATANODE is listening at http://0.0.0.0:42276
2019-08-20 15:10:35,876 | INFO  | ObjectStoreRestHttpServer | Listening HDDS REST traffic on /0.0.0.0:41952 |  
2019-08-20 15:10:35,876 [main] INFO  ozone.HddsDatanodeService (HddsDatanodeService.java:startPlugins(395)) - Started plug-in org.apache.hadoop.ozone.web.OzoneHddsDatanodeService@714c74eb
2019-08-20 15:10:35,877 [main] INFO  impl.MetricsSystemImpl (MetricsSystemImpl.java:init(158)) - HddsDatanode metrics system started (again)
2019-08-20 15:10:35,881 [org.apache.hadoop.util.JvmPauseMonitor$Monitor@4a236ebf] INFO  util.JvmPauseMonitor (JvmPauseMonitor.java:run(188)) - Starting JVM pause monitor
2019-08-20 15:10:35,882 [main] INFO  ozone.HddsDatanodeService (HddsDatanodeService.java:start(184)) - HddsDatanodeService host:pr-hdds-1950-vsl5z-1698008226 ip:192.168.36.99
2019-08-20 15:10:35,883 [Datanode State Machine Thread - 0] INFO  datanode.InitDatanodeState (InitDatanodeState.java:persistContainerDatanodeDetails(140)) - DatanodeDetails is persisted to /workdir/hadoop-ozone/integration-test/target/test-dir/MiniOzoneClusterImpl-0ad89540-22db-434c-8df5-5baffcf642ae/datanode-2/meta/datanode.id
2019-08-20 15:10:35,888 [main] INFO  volume.HddsVolume (HddsVolume.java:<init>(176)) - Creating Volume: /workdir/hadoop-ozone/integration-test/target/test-dir/MiniOzoneClusterImpl-0ad89540-22db-434c-8df5-5baffcf642ae/datanode-3/data/containers/hdds of  storage type : DISK and capacity : 1482555576320
2019-08-20 15:10:35,888 [main] INFO  volume.VolumeSet (VolumeSet.java:initializeVolumeSet(170)) - Added Volume : /workdir/hadoop-ozone/integration-test/target/test-dir/MiniOzoneClusterImpl-0ad89540-22db-434c-8df5-5baffcf642ae/datanode-3/data/containers/hdds to VolumeSet
2019-08-20 15:10:35,888 [main] INFO  volume.ThrottledAsyncChecker (ThrottledAsyncChecker.java:schedule(140)) - Scheduling a check for org.apache.hadoop.ozone.container.common.volume.HddsVolume@7884f722
2019-08-20 15:10:35,889 [main] INFO  volume.HddsVolumeChecker (HddsVolumeChecker.java:checkAllVolumes(203)) - Scheduled health check for volume org.apache.hadoop.ozone.container.common.volume.HddsVolume@7884f722
2019-08-20 15:10:35,902 [main] INFO  impl.RaftServerProxy (ConfUtils.java:logGet(43)) - raft.rpc.type = GRPC (default)
2019-08-20 15:10:35,903 [main] INFO  grpc.GrpcFactory (GrpcFactory.java:checkPooledByteBufAllocatorUseCacheForAllThreads(45)) - PERFORMANCE WARNING: useCacheForAllThreads is true that may cause Netty to create a lot garbage objects and, as a result, trigger GC.
	It is recommended to disable useCacheForAllThreads by setting -Dorg.apache.ratis.thirdparty.io.netty.allocator.useCacheForAllThreads=false in command line.
2019-08-20 15:10:35,903 [main] INFO  grpc.GrpcConfigKeys$Server (ConfUtils.java:logGet(43)) - raft.grpc.server.port = 0 (default)
2019-08-20 15:10:35,903 [main] INFO  server.GrpcService (ConfUtils.java:logGet(43)) - raft.grpc.message.size.max = 33570816 (custom)
2019-08-20 15:10:35,903 [main] INFO  server.RaftServerConfigKeys (ConfUtils.java:logGet(43)) - raft.server.log.appender.buffer.byte-limit = 33554432 (custom)
2019-08-20 15:10:35,903 [main] INFO  server.GrpcService (ConfUtils.java:logGet(43)) - raft.grpc.flow.control.window = 1MB (=1048576) (default)
2019-08-20 15:10:35,904 [main] INFO  server.RaftServerConfigKeys (ConfUtils.java:logGet(43)) - raft.server.rpc.request.timeout = 3000ms (default)
2019-08-20 15:10:35,904 [main] INFO  server.RaftServerConfigKeys (ConfUtils.java:logGet(43)) - raft.server.storage.dir = [/workdir/hadoop-ozone/integration-test/target/test-dir/MiniOzoneClusterImpl-0ad89540-22db-434c-8df5-5baffcf642ae/datanode-3/data/ratis] (custom)
2019-08-20 15:10:35,904 [main] INFO  replication.SimpleContainerDownloader (SimpleContainerDownloader.java:<init>(72)) - Starting container downloader service to copy containers to replicate.
2019-08-20 15:10:35,905 [main] INFO  hdfs.DFSUtil (DFSUtil.java:httpServerTemplateForNNAndJN(1641)) - Starting Web-server for hddsDatanode at: http://0.0.0.0:0
2019-08-20 15:10:35,907 [main] INFO  server.AuthenticationFilter (AuthenticationFilter.java:constructSecretProvider(240)) - Unable to initialize FileSignerSecretProvider, falling back to use random secrets.
2019-08-20 15:10:35,907 [main] WARN  http.HttpRequestLog (HttpRequestLog.java:getRequestLog(97)) - Jetty request log can only be enabled using Log4j
2019-08-20 15:10:35,909 [main] INFO  http.HttpServer2 (HttpServer2.java:addGlobalFilter(975)) - Added global filter 'safety' (class=org.apache.hadoop.http.HttpServer2$QuotingInputFilter)
2019-08-20 15:10:35,909 [main] INFO  http.HttpServer2 (HttpServer2.java:addFilter(948)) - Added filter static_user_filter (class=org.apache.hadoop.http.lib.StaticUserWebFilter$StaticUserFilter) to context hddsDatanode
2019-08-20 15:10:35,909 [main] INFO  http.HttpServer2 (HttpServer2.java:addFilter(958)) - Added filter static_user_filter (class=org.apache.hadoop.http.lib.StaticUserWebFilter$StaticUserFilter) to context logs
2019-08-20 15:10:35,910 [main] INFO  http.HttpServer2 (HttpServer2.java:addFilter(958)) - Added filter static_user_filter (class=org.apache.hadoop.http.lib.StaticUserWebFilter$StaticUserFilter) to context static
2019-08-20 15:10:35,910 [main] INFO  http.HttpServer2 (HttpServer2.java:bindListener(1191)) - Jetty bound to port 45222
2019-08-20 15:10:35,911 [main] INFO  server.Server (Server.java:doStart(351)) - jetty-9.3.24.v20180605, build timestamp: 2018-06-05T17:11:56Z, git hash: 84205aa28f11a4f31f2a3b86d1bba2cc8ab69827
2019-08-20 15:10:35,912 [main] INFO  handler.ContextHandler (ContextHandler.java:doStart(781)) - Started o.e.j.s.ServletContextHandler@fbbd90c{/logs,file:///workdir/hadoop-ozone/integration-test/target/log,AVAILABLE}
2019-08-20 15:10:35,913 [main] INFO  handler.ContextHandler (ContextHandler.java:doStart(781)) - Started o.e.j.s.ServletContextHandler@559e3f67{/static,jar:file:/home/user/.m2/repository/org/apache/hadoop/hadoop-hdds-container-service/0.5.0-SNAPSHOT/hadoop-hdds-container-service-0.5.0-SNAPSHOT.jar!/webapps/static,AVAILABLE}
2019-08-20 15:10:35,940 [main] INFO  handler.ContextHandler (ContextHandler.java:doStart(781)) - Started o.e.j.w.WebAppContext@76dc36e5{/,file:///tmp/jetty-0.0.0.0-45222-hddsDatanode-_-any-7652569653252735959.dir/webapp/,AVAILABLE}{/hddsDatanode}
2019-08-20 15:10:35,941 [main] INFO  server.AbstractConnector (AbstractConnector.java:doStart(278)) - Started ServerConnector@2a54c92e{HTTP/1.1,[http/1.1]}{0.0.0.0:45222}
2019-08-20 15:10:35,943 [main] INFO  server.Server (Server.java:doStart(419)) - Started @92365ms
2019-08-20 15:10:35,944 [main] INFO  server.BaseHttpServer (BaseHttpServer.java:updateConnectorAddress(213)) - HTTP server of HDDSDATANODE is listening at http://0.0.0.0:45222
2019-08-20 15:10:36,322 | INFO  | ObjectStoreRestHttpServer | Listening HDDS REST traffic on /0.0.0.0:44955 |  
2019-08-20 15:10:36,322 [main] INFO  ozone.HddsDatanodeService (HddsDatanodeService.java:startPlugins(395)) - Started plug-in org.apache.hadoop.ozone.web.OzoneHddsDatanodeService@51869ad6
2019-08-20 15:10:36,322 [main] INFO  impl.MetricsSystemImpl (MetricsSystemImpl.java:init(158)) - HddsDatanode metrics system started (again)
2019-08-20 15:10:36,331 [org.apache.hadoop.util.JvmPauseMonitor$Monitor@54295a48] INFO  util.JvmPauseMonitor (JvmPauseMonitor.java:run(188)) - Starting JVM pause monitor
2019-08-20 15:10:36,333 [Datanode State Machine Thread - 0] INFO  datanode.InitDatanodeState (InitDatanodeState.java:persistContainerDatanodeDetails(140)) - DatanodeDetails is persisted to /workdir/hadoop-ozone/integration-test/target/test-dir/MiniOzoneClusterImpl-0ad89540-22db-434c-8df5-5baffcf642ae/datanode-3/meta/datanode.id
2019-08-20 15:10:36,335 [main] INFO  ozone.HddsDatanodeService (HddsDatanodeService.java:start(184)) - HddsDatanodeService host:pr-hdds-1950-vsl5z-1698008226 ip:192.168.36.99
2019-08-20 15:10:36,342 [main] INFO  volume.HddsVolume (HddsVolume.java:<init>(176)) - Creating Volume: /workdir/hadoop-ozone/integration-test/target/test-dir/MiniOzoneClusterImpl-0ad89540-22db-434c-8df5-5baffcf642ae/datanode-4/data/containers/hdds of  storage type : DISK and capacity : 1482555576320
2019-08-20 15:10:36,343 [main] INFO  volume.VolumeSet (VolumeSet.java:initializeVolumeSet(170)) - Added Volume : /workdir/hadoop-ozone/integration-test/target/test-dir/MiniOzoneClusterImpl-0ad89540-22db-434c-8df5-5baffcf642ae/datanode-4/data/containers/hdds to VolumeSet
2019-08-20 15:10:36,343 [main] INFO  volume.ThrottledAsyncChecker (ThrottledAsyncChecker.java:schedule(140)) - Scheduling a check for org.apache.hadoop.ozone.container.common.volume.HddsVolume@5b6cc344
2019-08-20 15:10:36,344 [main] INFO  volume.HddsVolumeChecker (HddsVolumeChecker.java:checkAllVolumes(203)) - Scheduled health check for volume org.apache.hadoop.ozone.container.common.volume.HddsVolume@5b6cc344
2019-08-20 15:10:36,360 [main] INFO  impl.RaftServerProxy (ConfUtils.java:logGet(43)) - raft.rpc.type = GRPC (default)
2019-08-20 15:10:36,360 [main] INFO  grpc.GrpcFactory (GrpcFactory.java:checkPooledByteBufAllocatorUseCacheForAllThreads(45)) - PERFORMANCE WARNING: useCacheForAllThreads is true that may cause Netty to create a lot garbage objects and, as a result, trigger GC.
	It is recommended to disable useCacheForAllThreads by setting -Dorg.apache.ratis.thirdparty.io.netty.allocator.useCacheForAllThreads=false in command line.
2019-08-20 15:10:36,360 [main] INFO  grpc.GrpcConfigKeys$Server (ConfUtils.java:logGet(43)) - raft.grpc.server.port = 0 (default)
2019-08-20 15:10:36,361 [main] INFO  server.GrpcService (ConfUtils.java:logGet(43)) - raft.grpc.message.size.max = 33570816 (custom)
2019-08-20 15:10:36,361 [main] INFO  server.RaftServerConfigKeys (ConfUtils.java:logGet(43)) - raft.server.log.appender.buffer.byte-limit = 33554432 (custom)
2019-08-20 15:10:36,361 [main] INFO  server.GrpcService (ConfUtils.java:logGet(43)) - raft.grpc.flow.control.window = 1MB (=1048576) (default)
2019-08-20 15:10:36,361 [main] INFO  server.RaftServerConfigKeys (ConfUtils.java:logGet(43)) - raft.server.rpc.request.timeout = 3000ms (default)
2019-08-20 15:10:36,362 [main] INFO  server.RaftServerConfigKeys (ConfUtils.java:logGet(43)) - raft.server.storage.dir = [/workdir/hadoop-ozone/integration-test/target/test-dir/MiniOzoneClusterImpl-0ad89540-22db-434c-8df5-5baffcf642ae/datanode-4/data/ratis] (custom)
2019-08-20 15:10:36,362 [main] INFO  replication.SimpleContainerDownloader (SimpleContainerDownloader.java:<init>(72)) - Starting container downloader service to copy containers to replicate.
2019-08-20 15:10:36,363 [main] INFO  hdfs.DFSUtil (DFSUtil.java:httpServerTemplateForNNAndJN(1641)) - Starting Web-server for hddsDatanode at: http://0.0.0.0:0
2019-08-20 15:10:36,367 [main] INFO  server.AuthenticationFilter (AuthenticationFilter.java:constructSecretProvider(240)) - Unable to initialize FileSignerSecretProvider, falling back to use random secrets.
2019-08-20 15:10:36,368 [main] WARN  http.HttpRequestLog (HttpRequestLog.java:getRequestLog(97)) - Jetty request log can only be enabled using Log4j
2019-08-20 15:10:36,369 [main] INFO  http.HttpServer2 (HttpServer2.java:addGlobalFilter(975)) - Added global filter 'safety' (class=org.apache.hadoop.http.HttpServer2$QuotingInputFilter)
2019-08-20 15:10:36,370 [main] INFO  http.HttpServer2 (HttpServer2.java:addFilter(948)) - Added filter static_user_filter (class=org.apache.hadoop.http.lib.StaticUserWebFilter$StaticUserFilter) to context hddsDatanode
2019-08-20 15:10:36,370 [main] INFO  http.HttpServer2 (HttpServer2.java:addFilter(958)) - Added filter static_user_filter (class=org.apache.hadoop.http.lib.StaticUserWebFilter$StaticUserFilter) to context logs
2019-08-20 15:10:36,371 [main] INFO  http.HttpServer2 (HttpServer2.java:addFilter(958)) - Added filter static_user_filter (class=org.apache.hadoop.http.lib.StaticUserWebFilter$StaticUserFilter) to context static
2019-08-20 15:10:36,372 [main] INFO  http.HttpServer2 (HttpServer2.java:bindListener(1191)) - Jetty bound to port 34984
2019-08-20 15:10:36,372 [main] INFO  server.Server (Server.java:doStart(351)) - jetty-9.3.24.v20180605, build timestamp: 2018-06-05T17:11:56Z, git hash: 84205aa28f11a4f31f2a3b86d1bba2cc8ab69827
2019-08-20 15:10:36,374 [main] INFO  handler.ContextHandler (ContextHandler.java:doStart(781)) - Started o.e.j.s.ServletContextHandler@4f552aa2{/logs,file:///workdir/hadoop-ozone/integration-test/target/log,AVAILABLE}
2019-08-20 15:10:36,374 [main] INFO  handler.ContextHandler (ContextHandler.java:doStart(781)) - Started o.e.j.s.ServletContextHandler@43d6262c{/static,jar:file:/home/user/.m2/repository/org/apache/hadoop/hadoop-hdds-container-service/0.5.0-SNAPSHOT/hadoop-hdds-container-service-0.5.0-SNAPSHOT.jar!/webapps/static,AVAILABLE}
2019-08-20 15:10:36,405 [main] INFO  handler.ContextHandler (ContextHandler.java:doStart(781)) - Started o.e.j.w.WebAppContext@2f75a9b1{/,file:///tmp/jetty-0.0.0.0-34984-hddsDatanode-_-any-2617279644788799232.dir/webapp/,AVAILABLE}{/hddsDatanode}
2019-08-20 15:10:36,406 [main] INFO  server.AbstractConnector (AbstractConnector.java:doStart(278)) - Started ServerConnector@556aed22{HTTP/1.1,[http/1.1]}{0.0.0.0:34984}
2019-08-20 15:10:36,407 [main] INFO  server.Server (Server.java:doStart(419)) - Started @92829ms
2019-08-20 15:10:36,408 [main] INFO  server.BaseHttpServer (BaseHttpServer.java:updateConnectorAddress(213)) - HTTP server of HDDSDATANODE is listening at http://0.0.0.0:34984
2019-08-20 15:10:36,562 | INFO  | ObjectStoreRestHttpServer | Listening HDDS REST traffic on /0.0.0.0:36116 |  
2019-08-20 15:10:36,562 [main] INFO  ozone.HddsDatanodeService (HddsDatanodeService.java:startPlugins(395)) - Started plug-in org.apache.hadoop.ozone.web.OzoneHddsDatanodeService@39c5a105
2019-08-20 15:10:36,562 [main] INFO  impl.MetricsSystemImpl (MetricsSystemImpl.java:init(158)) - HddsDatanode metrics system started (again)
2019-08-20 15:10:36,567 [org.apache.hadoop.util.JvmPauseMonitor$Monitor@1a6fa19f] INFO  util.JvmPauseMonitor (JvmPauseMonitor.java:run(188)) - Starting JVM pause monitor
2019-08-20 15:10:36,568 [main] INFO  ozone.HddsDatanodeService (HddsDatanodeService.java:start(184)) - HddsDatanodeService host:pr-hdds-1950-vsl5z-1698008226 ip:192.168.36.99
2019-08-20 15:10:36,637 [main] INFO  volume.HddsVolume (HddsVolume.java:<init>(176)) - Creating Volume: /workdir/hadoop-ozone/integration-test/target/test-dir/MiniOzoneClusterImpl-0ad89540-22db-434c-8df5-5baffcf642ae/datanode-5/data/containers/hdds of  storage type : DISK and capacity : 1482555576320
2019-08-20 15:10:36,638 [Datanode State Machine Thread - 0] INFO  datanode.InitDatanodeState (InitDatanodeState.java:persistContainerDatanodeDetails(140)) - DatanodeDetails is persisted to /workdir/hadoop-ozone/integration-test/target/test-dir/MiniOzoneClusterImpl-0ad89540-22db-434c-8df5-5baffcf642ae/datanode-4/meta/datanode.id
2019-08-20 15:10:36,638 [main] INFO  volume.VolumeSet (VolumeSet.java:initializeVolumeSet(170)) - Added Volume : /workdir/hadoop-ozone/integration-test/target/test-dir/MiniOzoneClusterImpl-0ad89540-22db-434c-8df5-5baffcf642ae/datanode-5/data/containers/hdds to VolumeSet
2019-08-20 15:10:36,638 [main] INFO  volume.ThrottledAsyncChecker (ThrottledAsyncChecker.java:schedule(140)) - Scheduling a check for org.apache.hadoop.ozone.container.common.volume.HddsVolume@9f48198
2019-08-20 15:10:36,639 [main] INFO  volume.HddsVolumeChecker (HddsVolumeChecker.java:checkAllVolumes(203)) - Scheduled health check for volume org.apache.hadoop.ozone.container.common.volume.HddsVolume@9f48198
2019-08-20 15:10:36,660 [main] INFO  impl.RaftServerProxy (ConfUtils.java:logGet(43)) - raft.rpc.type = GRPC (default)
2019-08-20 15:10:36,661 [main] INFO  grpc.GrpcFactory (GrpcFactory.java:checkPooledByteBufAllocatorUseCacheForAllThreads(45)) - PERFORMANCE WARNING: useCacheForAllThreads is true that may cause Netty to create a lot garbage objects and, as a result, trigger GC.
	It is recommended to disable useCacheForAllThreads by setting -Dorg.apache.ratis.thirdparty.io.netty.allocator.useCacheForAllThreads=false in command line.
2019-08-20 15:10:36,661 [main] INFO  grpc.GrpcConfigKeys$Server (ConfUtils.java:logGet(43)) - raft.grpc.server.port = 0 (default)
2019-08-20 15:10:36,661 [main] INFO  server.GrpcService (ConfUtils.java:logGet(43)) - raft.grpc.message.size.max = 33570816 (custom)
2019-08-20 15:10:36,662 [main] INFO  server.RaftServerConfigKeys (ConfUtils.java:logGet(43)) - raft.server.log.appender.buffer.byte-limit = 33554432 (custom)
2019-08-20 15:10:36,662 [main] INFO  server.GrpcService (ConfUtils.java:logGet(43)) - raft.grpc.flow.control.window = 1MB (=1048576) (default)
2019-08-20 15:10:36,662 [main] INFO  server.RaftServerConfigKeys (ConfUtils.java:logGet(43)) - raft.server.rpc.request.timeout = 3000ms (default)
2019-08-20 15:10:36,663 [main] INFO  server.RaftServerConfigKeys (ConfUtils.java:logGet(43)) - raft.server.storage.dir = [/workdir/hadoop-ozone/integration-test/target/test-dir/MiniOzoneClusterImpl-0ad89540-22db-434c-8df5-5baffcf642ae/datanode-5/data/ratis] (custom)
2019-08-20 15:10:36,664 [main] INFO  replication.SimpleContainerDownloader (SimpleContainerDownloader.java:<init>(72)) - Starting container downloader service to copy containers to replicate.
2019-08-20 15:10:36,666 [main] INFO  hdfs.DFSUtil (DFSUtil.java:httpServerTemplateForNNAndJN(1641)) - Starting Web-server for hddsDatanode at: http://0.0.0.0:0
2019-08-20 15:10:36,667 [main] INFO  server.AuthenticationFilter (AuthenticationFilter.java:constructSecretProvider(240)) - Unable to initialize FileSignerSecretProvider, falling back to use random secrets.
2019-08-20 15:10:36,668 [main] WARN  http.HttpRequestLog (HttpRequestLog.java:getRequestLog(97)) - Jetty request log can only be enabled using Log4j
2019-08-20 15:10:36,669 [main] INFO  http.HttpServer2 (HttpServer2.java:addGlobalFilter(975)) - Added global filter 'safety' (class=org.apache.hadoop.http.HttpServer2$QuotingInputFilter)
2019-08-20 15:10:36,670 [main] INFO  http.HttpServer2 (HttpServer2.java:addFilter(948)) - Added filter static_user_filter (class=org.apache.hadoop.http.lib.StaticUserWebFilter$StaticUserFilter) to context hddsDatanode
2019-08-20 15:10:36,670 [main] INFO  http.HttpServer2 (HttpServer2.java:addFilter(958)) - Added filter static_user_filter (class=org.apache.hadoop.http.lib.StaticUserWebFilter$StaticUserFilter) to context static
2019-08-20 15:10:36,670 [main] INFO  http.HttpServer2 (HttpServer2.java:addFilter(958)) - Added filter static_user_filter (class=org.apache.hadoop.http.lib.StaticUserWebFilter$StaticUserFilter) to context logs
2019-08-20 15:10:36,671 [main] INFO  http.HttpServer2 (HttpServer2.java:bindListener(1191)) - Jetty bound to port 39430
2019-08-20 15:10:36,671 [main] INFO  server.Server (Server.java:doStart(351)) - jetty-9.3.24.v20180605, build timestamp: 2018-06-05T17:11:56Z, git hash: 84205aa28f11a4f31f2a3b86d1bba2cc8ab69827
2019-08-20 15:10:36,672 [main] INFO  handler.ContextHandler (ContextHandler.java:doStart(781)) - Started o.e.j.s.ServletContextHandler@683fe7b5{/logs,file:///workdir/hadoop-ozone/integration-test/target/log,AVAILABLE}
2019-08-20 15:10:36,673 [main] INFO  handler.ContextHandler (ContextHandler.java:doStart(781)) - Started o.e.j.s.ServletContextHandler@93fb44{/static,jar:file:/home/user/.m2/repository/org/apache/hadoop/hadoop-hdds-container-service/0.5.0-SNAPSHOT/hadoop-hdds-container-service-0.5.0-SNAPSHOT.jar!/webapps/static,AVAILABLE}
2019-08-20 15:10:36,822 [main] INFO  handler.ContextHandler (ContextHandler.java:doStart(781)) - Started o.e.j.w.WebAppContext@63f3366a{/,file:///tmp/jetty-0.0.0.0-39430-hddsDatanode-_-any-7408526078309118795.dir/webapp/,AVAILABLE}{/hddsDatanode}
2019-08-20 15:10:36,823 [main] INFO  server.AbstractConnector (AbstractConnector.java:doStart(278)) - Started ServerConnector@37e491e2{HTTP/1.1,[http/1.1]}{0.0.0.0:39430}
2019-08-20 15:10:36,826 [main] INFO  server.Server (Server.java:doStart(419)) - Started @93248ms
2019-08-20 15:10:36,827 [main] INFO  server.BaseHttpServer (BaseHttpServer.java:updateConnectorAddress(213)) - HTTP server of HDDSDATANODE is listening at http://0.0.0.0:39430
2019-08-20 15:10:36,988 | INFO  | ObjectStoreRestHttpServer | Listening HDDS REST traffic on /0.0.0.0:44445 |  
2019-08-20 15:10:36,988 [main] INFO  ozone.HddsDatanodeService (HddsDatanodeService.java:startPlugins(395)) - Started plug-in org.apache.hadoop.ozone.web.OzoneHddsDatanodeService@7323c38c
2019-08-20 15:10:36,989 [main] INFO  impl.MetricsSystemImpl (MetricsSystemImpl.java:init(158)) - HddsDatanode metrics system started (again)
2019-08-20 15:10:36,995 [main] INFO  ozone.HddsDatanodeService (HddsDatanodeService.java:start(184)) - HddsDatanodeService host:pr-hdds-1950-vsl5z-1698008226 ip:192.168.36.99
2019-08-20 15:10:37,001 [org.apache.hadoop.util.JvmPauseMonitor$Monitor@3e8eccb5] INFO  util.JvmPauseMonitor (JvmPauseMonitor.java:run(188)) - Starting JVM pause monitor
2019-08-20 15:10:37,004 [main] INFO  volume.HddsVolume (HddsVolume.java:<init>(176)) - Creating Volume: /workdir/hadoop-ozone/integration-test/target/test-dir/MiniOzoneClusterImpl-0ad89540-22db-434c-8df5-5baffcf642ae/datanode-6/data/containers/hdds of  storage type : DISK and capacity : 1482555576320
2019-08-20 15:10:37,004 [main] INFO  volume.VolumeSet (VolumeSet.java:initializeVolumeSet(170)) - Added Volume : /workdir/hadoop-ozone/integration-test/target/test-dir/MiniOzoneClusterImpl-0ad89540-22db-434c-8df5-5baffcf642ae/datanode-6/data/containers/hdds to VolumeSet
2019-08-20 15:10:37,005 [main] INFO  volume.ThrottledAsyncChecker (ThrottledAsyncChecker.java:schedule(140)) - Scheduling a check for org.apache.hadoop.ozone.container.common.volume.HddsVolume@24435620
2019-08-20 15:10:37,005 [main] INFO  volume.HddsVolumeChecker (HddsVolumeChecker.java:checkAllVolumes(203)) - Scheduled health check for volume org.apache.hadoop.ozone.container.common.volume.HddsVolume@24435620
2019-08-20 15:10:37,006 [Datanode State Machine Thread - 0] INFO  datanode.InitDatanodeState (InitDatanodeState.java:persistContainerDatanodeDetails(140)) - DatanodeDetails is persisted to /workdir/hadoop-ozone/integration-test/target/test-dir/MiniOzoneClusterImpl-0ad89540-22db-434c-8df5-5baffcf642ae/datanode-5/meta/datanode.id
2019-08-20 15:10:37,020 [main] INFO  impl.RaftServerProxy (ConfUtils.java:logGet(43)) - raft.rpc.type = GRPC (default)
2019-08-20 15:10:37,020 [main] INFO  grpc.GrpcFactory (GrpcFactory.java:checkPooledByteBufAllocatorUseCacheForAllThreads(45)) - PERFORMANCE WARNING: useCacheForAllThreads is true that may cause Netty to create a lot garbage objects and, as a result, trigger GC.
	It is recommended to disable useCacheForAllThreads by setting -Dorg.apache.ratis.thirdparty.io.netty.allocator.useCacheForAllThreads=false in command line.
2019-08-20 15:10:37,020 [main] INFO  grpc.GrpcConfigKeys$Server (ConfUtils.java:logGet(43)) - raft.grpc.server.port = 0 (default)
2019-08-20 15:10:37,021 [main] INFO  server.GrpcService (ConfUtils.java:logGet(43)) - raft.grpc.message.size.max = 33570816 (custom)
2019-08-20 15:10:37,021 [main] INFO  server.RaftServerConfigKeys (ConfUtils.java:logGet(43)) - raft.server.log.appender.buffer.byte-limit = 33554432 (custom)
2019-08-20 15:10:37,021 [main] INFO  server.GrpcService (ConfUtils.java:logGet(43)) - raft.grpc.flow.control.window = 1MB (=1048576) (default)
2019-08-20 15:10:37,021 [main] INFO  server.RaftServerConfigKeys (ConfUtils.java:logGet(43)) - raft.server.rpc.request.timeout = 3000ms (default)
2019-08-20 15:10:37,022 [main] INFO  server.RaftServerConfigKeys (ConfUtils.java:logGet(43)) - raft.server.storage.dir = [/workdir/hadoop-ozone/integration-test/target/test-dir/MiniOzoneClusterImpl-0ad89540-22db-434c-8df5-5baffcf642ae/datanode-6/data/ratis] (custom)
2019-08-20 15:10:37,022 [main] INFO  replication.SimpleContainerDownloader (SimpleContainerDownloader.java:<init>(72)) - Starting container downloader service to copy containers to replicate.
2019-08-20 15:10:37,023 [main] INFO  hdfs.DFSUtil (DFSUtil.java:httpServerTemplateForNNAndJN(1641)) - Starting Web-server for hddsDatanode at: http://0.0.0.0:0
2019-08-20 15:10:37,025 [main] INFO  server.AuthenticationFilter (AuthenticationFilter.java:constructSecretProvider(240)) - Unable to initialize FileSignerSecretProvider, falling back to use random secrets.
2019-08-20 15:10:37,025 [main] WARN  http.HttpRequestLog (HttpRequestLog.java:getRequestLog(97)) - Jetty request log can only be enabled using Log4j
2019-08-20 15:10:37,027 [main] INFO  http.HttpServer2 (HttpServer2.java:addGlobalFilter(975)) - Added global filter 'safety' (class=org.apache.hadoop.http.HttpServer2$QuotingInputFilter)
2019-08-20 15:10:37,027 [main] INFO  http.HttpServer2 (HttpServer2.java:addFilter(948)) - Added filter static_user_filter (class=org.apache.hadoop.http.lib.StaticUserWebFilter$StaticUserFilter) to context hddsDatanode
2019-08-20 15:10:37,027 [main] INFO  http.HttpServer2 (HttpServer2.java:addFilter(958)) - Added filter static_user_filter (class=org.apache.hadoop.http.lib.StaticUserWebFilter$StaticUserFilter) to context logs
2019-08-20 15:10:37,027 [main] INFO  http.HttpServer2 (HttpServer2.java:addFilter(958)) - Added filter static_user_filter (class=org.apache.hadoop.http.lib.StaticUserWebFilter$StaticUserFilter) to context static
2019-08-20 15:10:37,028 [main] INFO  http.HttpServer2 (HttpServer2.java:bindListener(1191)) - Jetty bound to port 40261
2019-08-20 15:10:37,028 [main] INFO  server.Server (Server.java:doStart(351)) - jetty-9.3.24.v20180605, build timestamp: 2018-06-05T17:11:56Z, git hash: 84205aa28f11a4f31f2a3b86d1bba2cc8ab69827
2019-08-20 15:10:37,030 [main] INFO  handler.ContextHandler (ContextHandler.java:doStart(781)) - Started o.e.j.s.ServletContextHandler@575d48db{/logs,file:///workdir/hadoop-ozone/integration-test/target/log,AVAILABLE}
2019-08-20 15:10:37,030 [main] INFO  handler.ContextHandler (ContextHandler.java:doStart(781)) - Started o.e.j.s.ServletContextHandler@7e94de5f{/static,jar:file:/home/user/.m2/repository/org/apache/hadoop/hadoop-hdds-container-service/0.5.0-SNAPSHOT/hadoop-hdds-container-service-0.5.0-SNAPSHOT.jar!/webapps/static,AVAILABLE}
2019-08-20 15:10:37,058 [main] INFO  handler.ContextHandler (ContextHandler.java:doStart(781)) - Started o.e.j.w.WebAppContext@215a0264{/,file:///tmp/jetty-0.0.0.0-40261-hddsDatanode-_-any-2227449182664290226.dir/webapp/,AVAILABLE}{/hddsDatanode}
2019-08-20 15:10:37,059 [main] INFO  server.AbstractConnector (AbstractConnector.java:doStart(278)) - Started ServerConnector@45832b85{HTTP/1.1,[http/1.1]}{0.0.0.0:40261}
2019-08-20 15:10:37,061 [main] INFO  server.Server (Server.java:doStart(419)) - Started @93483ms
2019-08-20 15:10:37,061 [main] INFO  server.BaseHttpServer (BaseHttpServer.java:updateConnectorAddress(213)) - HTTP server of HDDSDATANODE is listening at http://0.0.0.0:40261
2019-08-20 15:10:37,186 | INFO  | ObjectStoreRestHttpServer | Listening HDDS REST traffic on /0.0.0.0:40098 |  
2019-08-20 15:10:37,186 [main] INFO  ozone.HddsDatanodeService (HddsDatanodeService.java:startPlugins(395)) - Started plug-in org.apache.hadoop.ozone.web.OzoneHddsDatanodeService@121dce2
2019-08-20 15:10:37,187 [main] INFO  ozone.MiniOzoneClusterImpl (MiniOzoneClusterImpl.java:lambda$waitForClusterToBeReady$0(142)) - Waiting for cluster to be ready. Got 0 of 7 DN Heartbeats.
2019-08-20 15:10:37,190 [org.apache.hadoop.util.JvmPauseMonitor$Monitor@3ff67876] INFO  util.JvmPauseMonitor (JvmPauseMonitor.java:run(188)) - Starting JVM pause monitor
2019-08-20 15:10:37,485 | INFO  | SCMAudit | user=jenkins1000 | ip=192.168.36.99 | op=GET_VERSION null | ret=SUCCESS |  
2019-08-20 15:10:37,686 | INFO  | SCMAudit | user=jenkins1000 | ip=192.168.36.99 | op=GET_VERSION null | ret=SUCCESS |  
2019-08-20 15:10:37,813 [Datanode State Machine Thread - 0] INFO  datanode.InitDatanodeState (InitDatanodeState.java:persistContainerDatanodeDetails(140)) - DatanodeDetails is persisted to /workdir/hadoop-ozone/integration-test/target/test-dir/MiniOzoneClusterImpl-0ad89540-22db-434c-8df5-5baffcf642ae/datanode-6/meta/datanode.id
2019-08-20 15:10:37,882 | INFO  | SCMAudit | user=jenkins1000 | ip=192.168.36.99 | op=GET_VERSION null | ret=SUCCESS |  
2019-08-20 15:10:38,188 [main] INFO  ozone.MiniOzoneClusterImpl (MiniOzoneClusterImpl.java:lambda$waitForClusterToBeReady$0(142)) - Waiting for cluster to be ready. Got 0 of 7 DN Heartbeats.
2019-08-20 15:10:38,332 | INFO  | SCMAudit | user=jenkins1000 | ip=192.168.36.99 | op=GET_VERSION null | ret=SUCCESS |  
2019-08-20 15:10:38,568 | INFO  | SCMAudit | user=jenkins1000 | ip=192.168.36.99 | op=GET_VERSION null | ret=SUCCESS |  
2019-08-20 15:10:39,001 | INFO  | SCMAudit | user=jenkins1000 | ip=192.168.36.99 | op=GET_VERSION null | ret=SUCCESS |  
2019-08-20 15:10:39,189 [main] INFO  ozone.MiniOzoneClusterImpl (MiniOzoneClusterImpl.java:lambda$waitForClusterToBeReady$0(142)) - Waiting for cluster to be ready. Got 0 of 7 DN Heartbeats.
2019-08-20 15:10:39,191 | INFO  | SCMAudit | user=jenkins1000 | ip=192.168.36.99 | op=GET_VERSION null | ret=SUCCESS |  
2019-08-20 15:10:40,190 [main] INFO  ozone.MiniOzoneClusterImpl (MiniOzoneClusterImpl.java:lambda$waitForClusterToBeReady$0(142)) - Waiting for cluster to be ready. Got 0 of 7 DN Heartbeats.
2019-08-20 15:10:41,190 [main] INFO  ozone.MiniOzoneClusterImpl (MiniOzoneClusterImpl.java:lambda$waitForClusterToBeReady$0(142)) - Waiting for cluster to be ready. Got 0 of 7 DN Heartbeats.
2019-08-20 15:10:42,191 [main] INFO  ozone.MiniOzoneClusterImpl (MiniOzoneClusterImpl.java:lambda$waitForClusterToBeReady$0(142)) - Waiting for cluster to be ready. Got 0 of 7 DN Heartbeats.
2019-08-20 15:10:43,191 [main] INFO  ozone.MiniOzoneClusterImpl (MiniOzoneClusterImpl.java:lambda$waitForClusterToBeReady$0(142)) - Waiting for cluster to be ready. Got 0 of 7 DN Heartbeats.
2019-08-20 15:10:43,365 [Datanode State Machine Thread - 0] INFO  ozoneimpl.OzoneContainer (OzoneContainer.java:start(186)) - Attempting to start container services.
2019-08-20 15:10:43,365 [Datanode State Machine Thread - 0] INFO  ozoneimpl.OzoneContainer (OzoneContainer.java:start(186)) - Attempting to start container services.
2019-08-20 15:10:43,369 [Datanode State Machine Thread - 0] INFO  ozoneimpl.OzoneContainer (OzoneContainer.java:startContainerScrub(160)) - Background container scrubber has been disabled by hdds.containerscrub.enabled
2019-08-20 15:10:43,375 [Datanode State Machine Thread - 0] INFO  ozoneimpl.OzoneContainer (OzoneContainer.java:start(186)) - Attempting to start container services.
2019-08-20 15:10:43,365 [Datanode State Machine Thread - 0] INFO  ozoneimpl.OzoneContainer (OzoneContainer.java:start(186)) - Attempting to start container services.
2019-08-20 15:10:43,365 [Datanode State Machine Thread - 0] INFO  ozoneimpl.OzoneContainer (OzoneContainer.java:start(186)) - Attempting to start container services.
2019-08-20 15:10:43,365 [Datanode State Machine Thread - 0] INFO  ozoneimpl.OzoneContainer (OzoneContainer.java:start(186)) - Attempting to start container services.
2019-08-20 15:10:43,365 [Datanode State Machine Thread - 0] INFO  ozoneimpl.OzoneContainer (OzoneContainer.java:start(186)) - Attempting to start container services.
2019-08-20 15:10:43,376 [Datanode State Machine Thread - 0] INFO  ozoneimpl.OzoneContainer (OzoneContainer.java:startContainerScrub(160)) - Background container scrubber has been disabled by hdds.containerscrub.enabled
2019-08-20 15:10:43,376 [Datanode State Machine Thread - 0] INFO  ozoneimpl.OzoneContainer (OzoneContainer.java:startContainerScrub(160)) - Background container scrubber has been disabled by hdds.containerscrub.enabled
2019-08-20 15:10:43,376 [Datanode State Machine Thread - 0] INFO  ratis.XceiverServerRatis (XceiverServerRatis.java:start(404)) - Starting XceiverServerRatis fe15c72e-ab20-4743-97a8-8736c2ec4284 at port 0
2019-08-20 15:10:43,375 [Datanode State Machine Thread - 0] INFO  ozoneimpl.OzoneContainer (OzoneContainer.java:startContainerScrub(160)) - Background container scrubber has been disabled by hdds.containerscrub.enabled
2019-08-20 15:10:43,377 [Datanode State Machine Thread - 0] INFO  ratis.XceiverServerRatis (XceiverServerRatis.java:start(404)) - Starting XceiverServerRatis a6df67c4-b90a-4dd0-8d2c-e48bbab8adc7 at port 0
2019-08-20 15:10:43,375 [Datanode State Machine Thread - 0] INFO  ozoneimpl.OzoneContainer (OzoneContainer.java:startContainerScrub(160)) - Background container scrubber has been disabled by hdds.containerscrub.enabled
2019-08-20 15:10:43,375 [Datanode State Machine Thread - 0] INFO  ratis.XceiverServerRatis (XceiverServerRatis.java:start(404)) - Starting XceiverServerRatis 9083b2e0-0d12-4690-bbcc-fa1831cb2877 at port 0
2019-08-20 15:10:43,375 [Datanode State Machine Thread - 0] INFO  ozoneimpl.OzoneContainer (OzoneContainer.java:startContainerScrub(160)) - Background container scrubber has been disabled by hdds.containerscrub.enabled
2019-08-20 15:10:43,377 [Datanode State Machine Thread - 0] INFO  ratis.XceiverServerRatis (XceiverServerRatis.java:start(404)) - Starting XceiverServerRatis 23f64912-5028-4d23-8b69-b921a9dc4821 at port 0
2019-08-20 15:10:43,376 [Datanode State Machine Thread - 0] INFO  ratis.XceiverServerRatis (XceiverServerRatis.java:start(404)) - Starting XceiverServerRatis fd4686f9-7c1a-4a65-a533-eb8353642aca at port 0
2019-08-20 15:10:43,376 [Datanode State Machine Thread - 0] INFO  ozoneimpl.OzoneContainer (OzoneContainer.java:startContainerScrub(160)) - Background container scrubber has been disabled by hdds.containerscrub.enabled
2019-08-20 15:10:43,377 [Datanode State Machine Thread - 0] INFO  ratis.XceiverServerRatis (XceiverServerRatis.java:start(404)) - Starting XceiverServerRatis 03526247-f18f-4f7b-a613-7fcfcc785a52 at port 0
2019-08-20 15:10:43,378 [Datanode State Machine Thread - 0] INFO  ratis.XceiverServerRatis (XceiverServerRatis.java:start(404)) - Starting XceiverServerRatis 4ac23530-a9c5-46e9-ab57-7dff5b9489be at port 0
2019-08-20 15:10:43,424 [Datanode State Machine Thread - 0] INFO  impl.RaftServerProxy (RaftServerProxy.java:lambda$start$3(299)) - 03526247-f18f-4f7b-a613-7fcfcc785a52: start RPC server
2019-08-20 15:10:43,427 [Datanode State Machine Thread - 0] INFO  impl.RaftServerProxy (RaftServerProxy.java:lambda$start$3(299)) - 4ac23530-a9c5-46e9-ab57-7dff5b9489be: start RPC server
2019-08-20 15:10:43,428 [Datanode State Machine Thread - 0] INFO  server.GrpcService (GrpcService.java:startImpl(149)) - 03526247-f18f-4f7b-a613-7fcfcc785a52: GrpcService started, listening on 0.0.0.0/0.0.0.0:40286
2019-08-20 15:10:43,428 [Datanode State Machine Thread - 0] INFO  server.GrpcService (GrpcService.java:startImpl(149)) - 4ac23530-a9c5-46e9-ab57-7dff5b9489be: GrpcService started, listening on 0.0.0.0/0.0.0.0:36822
2019-08-20 15:10:43,428 [Datanode State Machine Thread - 0] INFO  ratis.XceiverServerRatis (XceiverServerRatis.java:start(414)) - XceiverServerRatis 03526247-f18f-4f7b-a613-7fcfcc785a52 is started using port 40286
2019-08-20 15:10:43,428 [Datanode State Machine Thread - 0] INFO  ratis.XceiverServerRatis (XceiverServerRatis.java:start(414)) - XceiverServerRatis 4ac23530-a9c5-46e9-ab57-7dff5b9489be is started using port 36822
2019-08-20 15:10:43,429 [Datanode State Machine Thread - 0] INFO  server.XceiverServerGrpc (XceiverServerGrpc.java:start(161)) - XceiverServerGrpc 03526247-f18f-4f7b-a613-7fcfcc785a52 is started using port 39965
2019-08-20 15:10:43,441 [Datanode State Machine Thread - 0] INFO  server.XceiverServerGrpc (XceiverServerGrpc.java:start(161)) - XceiverServerGrpc 4ac23530-a9c5-46e9-ab57-7dff5b9489be is started using port 45469
2019-08-20 15:10:43,443 [Datanode State Machine Thread - 0] INFO  impl.RaftServerProxy (RaftServerProxy.java:lambda$start$3(299)) - fe15c72e-ab20-4743-97a8-8736c2ec4284: start RPC server
2019-08-20 15:10:43,444 [Datanode State Machine Thread - 0] INFO  server.GrpcService (GrpcService.java:startImpl(149)) - fe15c72e-ab20-4743-97a8-8736c2ec4284: GrpcService started, listening on 0.0.0.0/0.0.0.0:34481
2019-08-20 15:10:43,444 [Datanode State Machine Thread - 0] INFO  ratis.XceiverServerRatis (XceiverServerRatis.java:start(414)) - XceiverServerRatis fe15c72e-ab20-4743-97a8-8736c2ec4284 is started using port 34481
2019-08-20 15:10:43,453 [Datanode State Machine Thread - 0] INFO  impl.RaftServerProxy (RaftServerProxy.java:lambda$start$3(299)) - fd4686f9-7c1a-4a65-a533-eb8353642aca: start RPC server
2019-08-20 15:10:43,453 [Datanode State Machine Thread - 0] INFO  impl.RaftServerProxy (RaftServerProxy.java:lambda$start$3(299)) - a6df67c4-b90a-4dd0-8d2c-e48bbab8adc7: start RPC server
2019-08-20 15:10:43,453 [Datanode State Machine Thread - 0] INFO  impl.RaftServerProxy (RaftServerProxy.java:lambda$start$3(299)) - 9083b2e0-0d12-4690-bbcc-fa1831cb2877: start RPC server
2019-08-20 15:10:43,453 [Datanode State Machine Thread - 0] INFO  server.XceiverServerGrpc (XceiverServerGrpc.java:start(161)) - XceiverServerGrpc fe15c72e-ab20-4743-97a8-8736c2ec4284 is started using port 45623
2019-08-20 15:10:43,454 [Datanode State Machine Thread - 0] INFO  server.GrpcService (GrpcService.java:startImpl(149)) - a6df67c4-b90a-4dd0-8d2c-e48bbab8adc7: GrpcService started, listening on 0.0.0.0/0.0.0.0:39930
2019-08-20 15:10:43,454 [Datanode State Machine Thread - 0] INFO  server.GrpcService (GrpcService.java:startImpl(149)) - fd4686f9-7c1a-4a65-a533-eb8353642aca: GrpcService started, listening on 0.0.0.0/0.0.0.0:42707
2019-08-20 15:10:43,454 [Datanode State Machine Thread - 0] INFO  ratis.XceiverServerRatis (XceiverServerRatis.java:start(414)) - XceiverServerRatis a6df67c4-b90a-4dd0-8d2c-e48bbab8adc7 is started using port 39930
2019-08-20 15:10:43,454 [Datanode State Machine Thread - 0] INFO  server.GrpcService (GrpcService.java:startImpl(149)) - 9083b2e0-0d12-4690-bbcc-fa1831cb2877: GrpcService started, listening on 0.0.0.0/0.0.0.0:43356
2019-08-20 15:10:43,455 [Datanode State Machine Thread - 0] INFO  ratis.XceiverServerRatis (XceiverServerRatis.java:start(414)) - XceiverServerRatis fd4686f9-7c1a-4a65-a533-eb8353642aca is started using port 42707
2019-08-20 15:10:43,455 [Datanode State Machine Thread - 0] INFO  impl.RaftServerProxy (RaftServerProxy.java:lambda$start$3(299)) - 23f64912-5028-4d23-8b69-b921a9dc4821: start RPC server
2019-08-20 15:10:43,455 [Datanode State Machine Thread - 0] INFO  ratis.XceiverServerRatis (XceiverServerRatis.java:start(414)) - XceiverServerRatis 9083b2e0-0d12-4690-bbcc-fa1831cb2877 is started using port 43356
2019-08-20 15:10:43,455 [Datanode State Machine Thread - 0] INFO  server.XceiverServerGrpc (XceiverServerGrpc.java:start(161)) - XceiverServerGrpc a6df67c4-b90a-4dd0-8d2c-e48bbab8adc7 is started using port 33283
2019-08-20 15:10:43,455 [Datanode State Machine Thread - 0] INFO  server.XceiverServerGrpc (XceiverServerGrpc.java:start(161)) - XceiverServerGrpc fd4686f9-7c1a-4a65-a533-eb8353642aca is started using port 45240
2019-08-20 15:10:43,456 [Datanode State Machine Thread - 0] INFO  server.XceiverServerGrpc (XceiverServerGrpc.java:start(161)) - XceiverServerGrpc 9083b2e0-0d12-4690-bbcc-fa1831cb2877 is started using port 33867
2019-08-20 15:10:43,456 [Datanode State Machine Thread - 0] INFO  server.GrpcService (GrpcService.java:startImpl(149)) - 23f64912-5028-4d23-8b69-b921a9dc4821: GrpcService started, listening on 0.0.0.0/0.0.0.0:34519
2019-08-20 15:10:43,456 [Datanode State Machine Thread - 0] INFO  ratis.XceiverServerRatis (XceiverServerRatis.java:start(414)) - XceiverServerRatis 23f64912-5028-4d23-8b69-b921a9dc4821 is started using port 34519
2019-08-20 15:10:43,459 [Datanode State Machine Thread - 0] INFO  server.XceiverServerGrpc (XceiverServerGrpc.java:start(161)) - XceiverServerGrpc 23f64912-5028-4d23-8b69-b921a9dc4821 is started using port 33004
2019-08-20 15:10:43,484 [IPC Server handler 4 on 41863] INFO  net.NetworkTopology (NetworkTopologyImpl.java:add(110)) - Added a new node: /default-rack/fd4686f9-7c1a-4a65-a533-eb8353642aca
2019-08-20 15:10:43,486 [IPC Server handler 4 on 41863] INFO  node.SCMNodeManager (SCMNodeManager.java:register(273)) - Registered Data node : fd4686f9-7c1a-4a65-a533-eb8353642aca{ip: 192.168.36.99, host: pr-hdds-1950-vsl5z-1698008226, networkLocation: /default-rack, certSerialId: null}
2019-08-20 15:10:43,487 [EventQueue-NodeRegistrationContainerReportForDataNodeSafeModeRule] INFO  safemode.SCMSafeModeManager (DataNodeSafeModeRule.java:process(71)) - SCM in safe mode. 1 DataNodes registered, 1 required.
2019-08-20 15:10:43,489 | INFO  | SCMAudit | user=jenkins1000 | ip=192.168.36.99 | op=REGISTER {datanodeDetails=fd4686f9-7c1a-4a65-a533-eb8353642aca{ip: 192.168.36.99, host: pr-hdds-1950-vsl5z-1698008226, networkLocation: /default-rack, certSerialId: null}} | ret=SUCCESS |  
2019-08-20 15:10:43,490 [EventQueue-NodeRegistrationContainerReportForDataNodeSafeModeRule] INFO  safemode.SCMSafeModeManager (SCMSafeModeManager.java:validateSafeModeExitRules(177)) - ScmSafeModeManager, all rules are successfully validated
2019-08-20 15:10:43,490 [EventQueue-NodeRegistrationContainerReportForDataNodeSafeModeRule] INFO  safemode.SCMSafeModeManager (SCMSafeModeManager.java:exitSafeMode(193)) - SCM exiting safe mode.
2019-08-20 15:10:43,503 [grpc-default-executor-3] INFO  impl.RaftServerProxy (RaftServerProxy.java:addNew(89)) - fd4686f9-7c1a-4a65-a533-eb8353642aca: addNew group-AB6BBA3F4490:[fd4686f9-7c1a-4a65-a533-eb8353642aca:192.168.36.99:42707] returns group-AB6BBA3F4490:java.util.concurrent.CompletableFuture@17762889[Not completed]
2019-08-20 15:10:43,507 [pool-126-thread-1] INFO  impl.RaftServerImpl (RaftServerImpl.java:<init>(93)) - fd4686f9-7c1a-4a65-a533-eb8353642aca: new RaftServerImpl for group-AB6BBA3F4490:[fd4686f9-7c1a-4a65-a533-eb8353642aca:192.168.36.99:42707] with ContainerStateMachine:uninitialized
2019-08-20 15:10:43,508 [pool-126-thread-1] INFO  server.RaftServerConfigKeys (ConfUtils.java:logGet(43)) - raft.server.rpc.timeout.min = 5s (custom)
2019-08-20 15:10:43,508 [pool-126-thread-1] INFO  server.RaftServerConfigKeys (ConfUtils.java:logGet(43)) - raft.server.rpc.timeout.max = 5200ms (custom)
2019-08-20 15:10:43,508 [pool-126-thread-1] INFO  server.RaftServerConfigKeys (ConfUtils.java:logGet(43)) - raft.server.rpcslowness.timeout = 120s (custom)
2019-08-20 15:10:43,508 [pool-126-thread-1] INFO  server.RaftServerConfigKeys (ConfUtils.java:logGet(43)) - raft.server.sleep.deviation.threshold = 300 (default)
2019-08-20 15:10:43,508 [pool-126-thread-1] INFO  server.RaftServerConfigKeys (ConfUtils.java:logGet(43)) - raft.server.log.appender.install.snapshot.enabled = false (custom)
2019-08-20 15:10:43,509 [pool-126-thread-1] INFO  impl.RaftServerImpl (ServerState.java:<init>(105)) - fd4686f9-7c1a-4a65-a533-eb8353642aca:group-AB6BBA3F4490 ConfigurationManager, init=-1: [fd4686f9-7c1a-4a65-a533-eb8353642aca:192.168.36.99:42707], old=null, confs=<EMPTY_MAP>
2019-08-20 15:10:43,509 [pool-126-thread-1] INFO  server.RaftServerConfigKeys (ConfUtils.java:logGet(43)) - raft.server.storage.dir = [/workdir/hadoop-ozone/integration-test/target/test-dir/MiniOzoneClusterImpl-0ad89540-22db-434c-8df5-5baffcf642ae/datanode-0/data/ratis] (custom)
2019-08-20 15:10:43,509 [pool-126-thread-1] INFO  storage.RaftStorageDirectory (RaftStorageDirectory.java:analyzeStorage(246)) - The storage directory /workdir/hadoop-ozone/integration-test/target/test-dir/MiniOzoneClusterImpl-0ad89540-22db-434c-8df5-5baffcf642ae/datanode-0/data/ratis/231f1bb1-e668-4eee-bd8c-ab6bba3f4490 does not exist. Creating ...
2019-08-20 15:10:43,691 [IPC Server handler 1 on 41863] INFO  net.NetworkTopology (NetworkTopologyImpl.java:add(110)) - Added a new node: /default-rack/4ac23530-a9c5-46e9-ab57-7dff5b9489be
2019-08-20 15:10:43,691 [IPC Server handler 1 on 41863] INFO  node.SCMNodeManager (SCMNodeManager.java:register(273)) - Registered Data node : 4ac23530-a9c5-46e9-ab57-7dff5b9489be{ip: 192.168.36.99, host: pr-hdds-1950-vsl5z-1698008226, networkLocation: /default-rack, certSerialId: null}
2019-08-20 15:10:43,691 | INFO  | SCMAudit | user=jenkins1000 | ip=192.168.36.99 | op=REGISTER {datanodeDetails=4ac23530-a9c5-46e9-ab57-7dff5b9489be{ip: 192.168.36.99, host: pr-hdds-1950-vsl5z-1698008226, networkLocation: /default-rack, certSerialId: null}} | ret=SUCCESS |  
2019-08-20 15:10:43,887 [IPC Server handler 2 on 41863] INFO  net.NetworkTopology (NetworkTopologyImpl.java:add(110)) - Added a new node: /default-rack/9083b2e0-0d12-4690-bbcc-fa1831cb2877
2019-08-20 15:10:43,887 [IPC Server handler 2 on 41863] INFO  node.SCMNodeManager (SCMNodeManager.java:register(273)) - Registered Data node : 9083b2e0-0d12-4690-bbcc-fa1831cb2877{ip: 192.168.36.99, host: pr-hdds-1950-vsl5z-1698008226, networkLocation: /default-rack, certSerialId: null}
2019-08-20 15:10:43,888 | INFO  | SCMAudit | user=jenkins1000 | ip=192.168.36.99 | op=REGISTER {datanodeDetails=9083b2e0-0d12-4690-bbcc-fa1831cb2877{ip: 192.168.36.99, host: pr-hdds-1950-vsl5z-1698008226, networkLocation: /default-rack, certSerialId: null}} | ret=SUCCESS |  
2019-08-20 15:10:44,192 [main] INFO  ozone.MiniOzoneClusterImpl (MiniOzoneClusterImpl.java:lambda$waitForClusterToBeReady$0(142)) - Waiting for cluster to be ready. Got 3 of 7 DN Heartbeats.
2019-08-20 15:10:44,337 [IPC Server handler 5 on 41863] INFO  net.NetworkTopology (NetworkTopologyImpl.java:add(110)) - Added a new node: /default-rack/23f64912-5028-4d23-8b69-b921a9dc4821
2019-08-20 15:10:44,337 [IPC Server handler 5 on 41863] INFO  node.SCMNodeManager (SCMNodeManager.java:register(273)) - Registered Data node : 23f64912-5028-4d23-8b69-b921a9dc4821{ip: 192.168.36.99, host: pr-hdds-1950-vsl5z-1698008226, networkLocation: /default-rack, certSerialId: null}
2019-08-20 15:10:44,338 | INFO  | SCMAudit | user=jenkins1000 | ip=192.168.36.99 | op=REGISTER {datanodeDetails=23f64912-5028-4d23-8b69-b921a9dc4821{ip: 192.168.36.99, host: pr-hdds-1950-vsl5z-1698008226, networkLocation: /default-rack, certSerialId: null}} | ret=SUCCESS |  
2019-08-20 15:10:44,572 [IPC Server handler 1 on 41863] INFO  net.NetworkTopology (NetworkTopologyImpl.java:add(110)) - Added a new node: /default-rack/fe15c72e-ab20-4743-97a8-8736c2ec4284
2019-08-20 15:10:44,573 [IPC Server handler 1 on 41863] INFO  node.SCMNodeManager (SCMNodeManager.java:register(273)) - Registered Data node : fe15c72e-ab20-4743-97a8-8736c2ec4284{ip: 192.168.36.99, host: pr-hdds-1950-vsl5z-1698008226, networkLocation: /default-rack, certSerialId: null}
2019-08-20 15:10:44,573 | INFO  | SCMAudit | user=jenkins1000 | ip=192.168.36.99 | op=REGISTER {datanodeDetails=fe15c72e-ab20-4743-97a8-8736c2ec4284{ip: 192.168.36.99, host: pr-hdds-1950-vsl5z-1698008226, networkLocation: /default-rack, certSerialId: null}} | ret=SUCCESS |  
2019-08-20 15:10:45,005 [IPC Server handler 3 on 41863] INFO  net.NetworkTopology (NetworkTopologyImpl.java:add(110)) - Added a new node: /default-rack/a6df67c4-b90a-4dd0-8d2c-e48bbab8adc7
2019-08-20 15:10:45,006 [IPC Server handler 3 on 41863] INFO  node.SCMNodeManager (SCMNodeManager.java:register(273)) - Registered Data node : a6df67c4-b90a-4dd0-8d2c-e48bbab8adc7{ip: 192.168.36.99, host: pr-hdds-1950-vsl5z-1698008226, networkLocation: /default-rack, certSerialId: null}
2019-08-20 15:10:45,006 | INFO  | SCMAudit | user=jenkins1000 | ip=192.168.36.99 | op=REGISTER {datanodeDetails=a6df67c4-b90a-4dd0-8d2c-e48bbab8adc7{ip: 192.168.36.99, host: pr-hdds-1950-vsl5z-1698008226, networkLocation: /default-rack, certSerialId: null}} | ret=SUCCESS |  
2019-08-20 15:10:45,194 [main] INFO  ozone.MiniOzoneClusterImpl (MiniOzoneClusterImpl.java:lambda$waitForClusterToBeReady$0(142)) - Waiting for cluster to be ready. Got 6 of 7 DN Heartbeats.
2019-08-20 15:10:45,195 [IPC Server handler 5 on 41863] INFO  net.NetworkTopology (NetworkTopologyImpl.java:add(110)) - Added a new node: /default-rack/03526247-f18f-4f7b-a613-7fcfcc785a52
2019-08-20 15:10:45,195 [IPC Server handler 5 on 41863] INFO  node.SCMNodeManager (SCMNodeManager.java:register(273)) - Registered Data node : 03526247-f18f-4f7b-a613-7fcfcc785a52{ip: 192.168.36.99, host: pr-hdds-1950-vsl5z-1698008226, networkLocation: /default-rack, certSerialId: null}
2019-08-20 15:10:45,195 | INFO  | SCMAudit | user=jenkins1000 | ip=192.168.36.99 | op=REGISTER {datanodeDetails=03526247-f18f-4f7b-a613-7fcfcc785a52{ip: 192.168.36.99, host: pr-hdds-1950-vsl5z-1698008226, networkLocation: /default-rack, certSerialId: null}} | ret=SUCCESS |  
2019-08-20 15:10:45,479 | INFO  | SCMAudit | user=jenkins1000 | ip=192.168.36.99 | op=SEND_HEARTBEAT {datanodeUUID=fd4686f9-7c1a-4a65-a533-eb8353642aca, command=[]} | ret=SUCCESS |  
2019-08-20 15:10:45,687 | INFO  | SCMAudit | user=jenkins1000 | ip=192.168.36.99 | op=SEND_HEARTBEAT {datanodeUUID=4ac23530-a9c5-46e9-ab57-7dff5b9489be, command=[]} | ret=SUCCESS |  
2019-08-20 15:10:45,882 | INFO  | SCMAudit | user=jenkins1000 | ip=192.168.36.99 | op=SEND_HEARTBEAT {datanodeUUID=9083b2e0-0d12-4690-bbcc-fa1831cb2877, command=[]} | ret=SUCCESS |  
2019-08-20 15:10:46,194 [main] INFO  ozone.MiniOzoneClusterImpl (MiniOzoneClusterImpl.java:lambda$waitForClusterToBeReady$0(142)) - Cluster is ready. Got 7 of 7 DN Heartbeats.
2019-08-20 15:10:46,247 [main] INFO  rpc.RpcClient (RpcClient.java:createVolume(292)) - Creating Volume: testblockoutputstreamwithretries, with jenkins1000 as owner.
2019-08-20 15:10:46,251 | INFO  | OMAudit | user=jenkins1000 | ip=127.0.0.1 | op=CREATE_VOLUME {admin=jenkins1000, owner=jenkins1000, volume=testblockoutputstreamwithretries, creationTime=1566313846250, quotaInBytes=1152921504606846976} | ret=SUCCESS |  
2019-08-20 15:10:46,263 | INFO  | OMAudit | user=jenkins1000 | ip=127.0.0.1 | op=READ_VOLUME {volume=testblockoutputstreamwithretries} | ret=SUCCESS |  
2019-08-20 15:10:46,264 [main] INFO  rpc.RpcClient (RpcClient.java:createBucket(431)) - Creating Bucket: testblockoutputstreamwithretries/testblockoutputstreamwithretries, with Versioning false and Storage Type set to DISK and Encryption set to false 
2019-08-20 15:10:46,269 | INFO  | OMAudit | user=jenkins1000 | ip=127.0.0.1 | op=CREATE_BUCKET {volume=testblockoutputstreamwithretries, bucket=testblockoutputstreamwithretries, acls=[user:jenkins1000:a[ACCESS], group:default:a[ACCESS]], isVersionEnabled=false, storageType=DISK, creationTime=0} | ret=SUCCESS |  
2019-08-20 15:10:46,271 | INFO  | OMAudit | user=jenkins1000 | ip=127.0.0.1 | op=READ_VOLUME {volume=testblockoutputstreamwithretries} | ret=SUCCESS |  
2019-08-20 15:10:46,273 | INFO  | OMAudit | user=jenkins1000 | ip=127.0.0.1 | op=READ_BUCKET {volume=testblockoutputstreamwithretries, bucket=testblockoutputstreamwithretries} | ret=SUCCESS |  
2019-08-20 15:10:46,333 | INFO  | SCMAudit | user=jenkins1000 | ip=192.168.36.99 | op=SEND_HEARTBEAT {datanodeUUID=23f64912-5028-4d23-8b69-b921a9dc4821, command=[]} | ret=SUCCESS |  
2019-08-20 15:10:46,479 | INFO  | SCMAudit | user=jenkins1000 | ip=192.168.36.99 | op=SEND_HEARTBEAT {datanodeUUID=fd4686f9-7c1a-4a65-a533-eb8353642aca, command=[]} | ret=SUCCESS |  
2019-08-20 15:10:46,493 [Thread-778] INFO  container.ReplicationManager (ReplicationManager.java:start(152)) - Starting Replication Monitor Thread.
2019-08-20 15:10:46,497 [ReplicationMonitor] INFO  container.ReplicationManager (ReplicationManager.java:run(215)) - Replication Monitor Thread took 0 milliseconds for processing 0 containers.
2019-08-20 15:10:46,500 [RATISCREATEPIPELINE1] ERROR pipeline.RatisPipelineProvider (RatisPipelineProvider.java:lambda$null$5(235)) - Failed invoke Ratis rpc org.apache.hadoop.hdds.scm.pipeline.RatisPipelineProvider$$Lambda$182/1021401643@3227081 for fd4686f9-7c1a-4a65-a533-eb8353642aca
org.apache.ratis.protocol.TimeoutIOException: deadline exceeded after 2998010782ns
	at org.apache.ratis.grpc.GrpcUtil.tryUnwrapException(GrpcUtil.java:82)
	at org.apache.ratis.grpc.GrpcUtil.unwrapException(GrpcUtil.java:75)
	at org.apache.ratis.grpc.client.GrpcClientProtocolClient.blockingCall(GrpcClientProtocolClient.java:169)
	at org.apache.ratis.grpc.client.GrpcClientProtocolClient.groupAdd(GrpcClientProtocolClient.java:138)
	at org.apache.ratis.grpc.client.GrpcClientRpc.sendRequest(GrpcClientRpc.java:94)
	at org.apache.ratis.client.impl.RaftClientImpl.sendRequest(RaftClientImpl.java:279)
	at org.apache.ratis.client.impl.RaftClientImpl.groupAdd(RaftClientImpl.java:206)
	at org.apache.hadoop.hdds.scm.pipeline.RatisPipelineProvider.lambda$initializePipeline$4(RatisPipelineProvider.java:194)
	at org.apache.hadoop.hdds.scm.pipeline.RatisPipelineProvider.lambda$null$5(RatisPipelineProvider.java:231)
	at java.util.stream.ForEachOps$ForEachOp$OfRef.accept(ForEachOps.java:184)
	at java.util.ArrayList$ArrayListSpliterator.forEachRemaining(ArrayList.java:1382)
	at java.util.stream.AbstractPipeline.copyInto(AbstractPipeline.java:482)
	at java.util.stream.ForEachOps$ForEachTask.compute(ForEachOps.java:291)
	at java.util.concurrent.CountedCompleter.exec(CountedCompleter.java:731)
	at java.util.concurrent.ForkJoinTask.doExec(ForkJoinTask.java:289)
	at java.util.concurrent.ForkJoinTask.doInvoke(ForkJoinTask.java:401)
	at java.util.concurrent.ForkJoinTask.invoke(ForkJoinTask.java:734)
	at java.util.stream.ForEachOps$ForEachOp.evaluateParallel(ForEachOps.java:160)
	at java.util.stream.ForEachOps$ForEachOp$OfRef.evaluateParallel(ForEachOps.java:174)
	at java.util.stream.AbstractPipeline.evaluate(AbstractPipeline.java:233)
	at java.util.stream.ReferencePipeline.forEach(ReferencePipeline.java:418)
	at java.util.stream.ReferencePipeline$Head.forEach(ReferencePipeline.java:583)
	at org.apache.hadoop.hdds.scm.pipeline.RatisPipelineProvider.lambda$callRatisRpc$6(RatisPipelineProvider.java:225)
	at java.util.concurrent.ForkJoinTask$AdaptedRunnableAction.exec(ForkJoinTask.java:1386)
	at java.util.concurrent.ForkJoinTask.doExec(ForkJoinTask.java:289)
	at java.util.concurrent.ForkJoinPool$WorkQueue.runTask(ForkJoinPool.java:1056)
	at java.util.concurrent.ForkJoinPool.runWorker(ForkJoinPool.java:1692)
	at java.util.concurrent.ForkJoinWorkerThread.run(ForkJoinWorkerThread.java:157)
Caused by: org.apache.ratis.thirdparty.io.grpc.StatusRuntimeException: DEADLINE_EXCEEDED: deadline exceeded after 2998010782ns
	at org.apache.ratis.thirdparty.io.grpc.stub.ClientCalls.toStatusRuntimeException(ClientCalls.java:233)
	at org.apache.ratis.thirdparty.io.grpc.stub.ClientCalls.getUnchecked(ClientCalls.java:214)
	at org.apache.ratis.thirdparty.io.grpc.stub.ClientCalls.blockingUnaryCall(ClientCalls.java:139)
	at org.apache.ratis.proto.grpc.AdminProtocolServiceGrpc$AdminProtocolServiceBlockingStub.groupManagement(AdminProtocolServiceGrpc.java:274)
	at org.apache.ratis.grpc.client.GrpcClientProtocolClient.lambda$groupAdd$3(GrpcClientProtocolClient.java:140)
	at org.apache.ratis.grpc.client.GrpcClientProtocolClient.blockingCall(GrpcClientProtocolClient.java:167)
	... 25 more
2019-08-20 15:10:46,519 [grpc-default-executor-4] INFO  impl.RaftServerProxy (RaftServerProxy.java:addNew(89)) - 9083b2e0-0d12-4690-bbcc-fa1831cb2877: addNew group-55A78D3868F6:[03526247-f18f-4f7b-a613-7fcfcc785a52:192.168.36.99:40286, a6df67c4-b90a-4dd0-8d2c-e48bbab8adc7:192.168.36.99:39930, 9083b2e0-0d12-4690-bbcc-fa1831cb2877:192.168.36.99:43356] returns group-55A78D3868F6:java.util.concurrent.CompletableFuture@242ff9[Not completed]
2019-08-20 15:10:46,519 [grpc-default-executor-3] INFO  impl.RaftServerProxy (RaftServerProxy.java:addNew(89)) - a6df67c4-b90a-4dd0-8d2c-e48bbab8adc7: addNew group-55A78D3868F6:[03526247-f18f-4f7b-a613-7fcfcc785a52:192.168.36.99:40286, a6df67c4-b90a-4dd0-8d2c-e48bbab8adc7:192.168.36.99:39930, 9083b2e0-0d12-4690-bbcc-fa1831cb2877:192.168.36.99:43356] returns group-55A78D3868F6:java.util.concurrent.CompletableFuture@60b85422[Not completed]
2019-08-20 15:10:46,520 [grpc-default-executor-1] INFO  impl.RaftServerProxy (RaftServerProxy.java:addNew(89)) - 03526247-f18f-4f7b-a613-7fcfcc785a52: addNew group-55A78D3868F6:[03526247-f18f-4f7b-a613-7fcfcc785a52:192.168.36.99:40286, a6df67c4-b90a-4dd0-8d2c-e48bbab8adc7:192.168.36.99:39930, 9083b2e0-0d12-4690-bbcc-fa1831cb2877:192.168.36.99:43356] returns group-55A78D3868F6:java.util.concurrent.CompletableFuture@3f22859a[Not completed]
2019-08-20 15:10:46,521 [pool-148-thread-1] INFO  impl.RaftServerImpl (RaftServerImpl.java:<init>(93)) - 9083b2e0-0d12-4690-bbcc-fa1831cb2877: new RaftServerImpl for group-55A78D3868F6:[03526247-f18f-4f7b-a613-7fcfcc785a52:192.168.36.99:40286, a6df67c4-b90a-4dd0-8d2c-e48bbab8adc7:192.168.36.99:39930, 9083b2e0-0d12-4690-bbcc-fa1831cb2877:192.168.36.99:43356] with ContainerStateMachine:uninitialized
2019-08-20 15:10:46,522 [pool-148-thread-1] INFO  server.RaftServerConfigKeys (ConfUtils.java:logGet(43)) - raft.server.rpc.timeout.min = 5s (custom)
2019-08-20 15:10:46,527 [pool-192-thread-1] INFO  impl.RaftServerImpl (RaftServerImpl.java:<init>(93)) - 03526247-f18f-4f7b-a613-7fcfcc785a52: new RaftServerImpl for group-55A78D3868F6:[03526247-f18f-4f7b-a613-7fcfcc785a52:192.168.36.99:40286, a6df67c4-b90a-4dd0-8d2c-e48bbab8adc7:192.168.36.99:39930, 9083b2e0-0d12-4690-bbcc-fa1831cb2877:192.168.36.99:43356] with ContainerStateMachine:uninitialized
2019-08-20 15:10:46,527 [pool-148-thread-1] INFO  server.RaftServerConfigKeys (ConfUtils.java:logGet(43)) - raft.server.rpc.timeout.max = 5200ms (custom)
2019-08-20 15:10:46,527 [pool-192-thread-1] INFO  server.RaftServerConfigKeys (ConfUtils.java:logGet(43)) - raft.server.rpc.timeout.min = 5s (custom)
2019-08-20 15:10:46,527 [pool-148-thread-1] INFO  server.RaftServerConfigKeys (ConfUtils.java:logGet(43)) - raft.server.rpcslowness.timeout = 120s (custom)
2019-08-20 15:10:46,527 [pool-192-thread-1] INFO  server.RaftServerConfigKeys (ConfUtils.java:logGet(43)) - raft.server.rpc.timeout.max = 5200ms (custom)
2019-08-20 15:10:46,527 [pool-148-thread-1] INFO  server.RaftServerConfigKeys (ConfUtils.java:logGet(43)) - raft.server.sleep.deviation.threshold = 300 (default)
2019-08-20 15:10:46,531 [pool-181-thread-1] INFO  impl.RaftServerImpl (RaftServerImpl.java:<init>(93)) - a6df67c4-b90a-4dd0-8d2c-e48bbab8adc7: new RaftServerImpl for group-55A78D3868F6:[03526247-f18f-4f7b-a613-7fcfcc785a52:192.168.36.99:40286, a6df67c4-b90a-4dd0-8d2c-e48bbab8adc7:192.168.36.99:39930, 9083b2e0-0d12-4690-bbcc-fa1831cb2877:192.168.36.99:43356] with ContainerStateMachine:uninitialized
2019-08-20 15:10:46,532 [pool-148-thread-1] INFO  server.RaftServerConfigKeys (ConfUtils.java:logGet(43)) - raft.server.log.appender.install.snapshot.enabled = false (custom)
2019-08-20 15:10:46,531 [pool-192-thread-1] INFO  server.RaftServerConfigKeys (ConfUtils.java:logGet(43)) - raft.server.rpcslowness.timeout = 120s (custom)
2019-08-20 15:10:46,532 [pool-148-thread-1] INFO  impl.RaftServerImpl (ServerState.java:<init>(105)) - 9083b2e0-0d12-4690-bbcc-fa1831cb2877:group-55A78D3868F6 ConfigurationManager, init=-1: [03526247-f18f-4f7b-a613-7fcfcc785a52:192.168.36.99:40286, a6df67c4-b90a-4dd0-8d2c-e48bbab8adc7:192.168.36.99:39930, 9083b2e0-0d12-4690-bbcc-fa1831cb2877:192.168.36.99:43356], old=null, confs=<EMPTY_MAP>
2019-08-20 15:10:46,532 [pool-181-thread-1] INFO  server.RaftServerConfigKeys (ConfUtils.java:logGet(43)) - raft.server.rpc.timeout.min = 5s (custom)
2019-08-20 15:10:46,532 [pool-148-thread-1] INFO  server.RaftServerConfigKeys (ConfUtils.java:logGet(43)) - raft.server.storage.dir = [/workdir/hadoop-ozone/integration-test/target/test-dir/MiniOzoneClusterImpl-0ad89540-22db-434c-8df5-5baffcf642ae/datanode-2/data/ratis] (custom)
2019-08-20 15:10:46,532 [pool-192-thread-1] INFO  server.RaftServerConfigKeys (ConfUtils.java:logGet(43)) - raft.server.sleep.deviation.threshold = 300 (default)
2019-08-20 15:10:46,532 [pool-181-thread-1] INFO  server.RaftServerConfigKeys (ConfUtils.java:logGet(43)) - raft.server.rpc.timeout.max = 5200ms (custom)
2019-08-20 15:10:46,532 [pool-192-thread-1] INFO  server.RaftServerConfigKeys (ConfUtils.java:logGet(43)) - raft.server.log.appender.install.snapshot.enabled = false (custom)
2019-08-20 15:10:46,532 [pool-181-thread-1] INFO  server.RaftServerConfigKeys (ConfUtils.java:logGet(43)) - raft.server.rpcslowness.timeout = 120s (custom)
2019-08-20 15:10:46,533 [pool-148-thread-1] INFO  storage.RaftStorageDirectory (RaftStorageDirectory.java:analyzeStorage(246)) - The storage directory /workdir/hadoop-ozone/integration-test/target/test-dir/MiniOzoneClusterImpl-0ad89540-22db-434c-8df5-5baffcf642ae/datanode-2/data/ratis/a241723f-b005-4296-81e5-55a78d3868f6 does not exist. Creating ...
2019-08-20 15:10:46,532 [pool-192-thread-1] INFO  impl.RaftServerImpl (ServerState.java:<init>(105)) - 03526247-f18f-4f7b-a613-7fcfcc785a52:group-55A78D3868F6 ConfigurationManager, init=-1: [03526247-f18f-4f7b-a613-7fcfcc785a52:192.168.36.99:40286, a6df67c4-b90a-4dd0-8d2c-e48bbab8adc7:192.168.36.99:39930, 9083b2e0-0d12-4690-bbcc-fa1831cb2877:192.168.36.99:43356], old=null, confs=<EMPTY_MAP>
2019-08-20 15:10:46,533 [pool-181-thread-1] INFO  server.RaftServerConfigKeys (ConfUtils.java:logGet(43)) - raft.server.sleep.deviation.threshold = 300 (default)
2019-08-20 15:10:46,533 [pool-192-thread-1] INFO  server.RaftServerConfigKeys (ConfUtils.java:logGet(43)) - raft.server.storage.dir = [/workdir/hadoop-ozone/integration-test/target/test-dir/MiniOzoneClusterImpl-0ad89540-22db-434c-8df5-5baffcf642ae/datanode-6/data/ratis] (custom)
2019-08-20 15:10:46,533 [pool-181-thread-1] INFO  server.RaftServerConfigKeys (ConfUtils.java:logGet(43)) - raft.server.log.appender.install.snapshot.enabled = false (custom)
2019-08-20 15:10:46,533 [pool-181-thread-1] INFO  impl.RaftServerImpl (ServerState.java:<init>(105)) - a6df67c4-b90a-4dd0-8d2c-e48bbab8adc7:group-55A78D3868F6 ConfigurationManager, init=-1: [03526247-f18f-4f7b-a613-7fcfcc785a52:192.168.36.99:40286, a6df67c4-b90a-4dd0-8d2c-e48bbab8adc7:192.168.36.99:39930, 9083b2e0-0d12-4690-bbcc-fa1831cb2877:192.168.36.99:43356], old=null, confs=<EMPTY_MAP>
2019-08-20 15:10:46,533 [pool-192-thread-1] INFO  storage.RaftStorageDirectory (RaftStorageDirectory.java:analyzeStorage(246)) - The storage directory /workdir/hadoop-ozone/integration-test/target/test-dir/MiniOzoneClusterImpl-0ad89540-22db-434c-8df5-5baffcf642ae/datanode-6/data/ratis/a241723f-b005-4296-81e5-55a78d3868f6 does not exist. Creating ...
2019-08-20 15:10:46,533 [pool-181-thread-1] INFO  server.RaftServerConfigKeys (ConfUtils.java:logGet(43)) - raft.server.storage.dir = [/workdir/hadoop-ozone/integration-test/target/test-dir/MiniOzoneClusterImpl-0ad89540-22db-434c-8df5-5baffcf642ae/datanode-5/data/ratis] (custom)
2019-08-20 15:10:46,534 [pool-181-thread-1] INFO  storage.RaftStorageDirectory (RaftStorageDirectory.java:analyzeStorage(246)) - The storage directory /workdir/hadoop-ozone/integration-test/target/test-dir/MiniOzoneClusterImpl-0ad89540-22db-434c-8df5-5baffcf642ae/datanode-5/data/ratis/a241723f-b005-4296-81e5-55a78d3868f6 does not exist. Creating ...
2019-08-20 15:10:46,569 | INFO  | SCMAudit | user=jenkins1000 | ip=192.168.36.99 | op=SEND_HEARTBEAT {datanodeUUID=fe15c72e-ab20-4743-97a8-8736c2ec4284, command=[]} | ret=SUCCESS |  
2019-08-20 15:10:46,688 | INFO  | SCMAudit | user=jenkins1000 | ip=192.168.36.99 | op=SEND_HEARTBEAT {datanodeUUID=4ac23530-a9c5-46e9-ab57-7dff5b9489be, command=[]} | ret=SUCCESS |  
2019-08-20 15:10:46,884 | INFO  | SCMAudit | user=jenkins1000 | ip=192.168.36.99 | op=SEND_HEARTBEAT {datanodeUUID=9083b2e0-0d12-4690-bbcc-fa1831cb2877, command=[]} | ret=SUCCESS |  
2019-08-20 15:10:47,002 | INFO  | SCMAudit | user=jenkins1000 | ip=192.168.36.99 | op=SEND_HEARTBEAT {datanodeUUID=a6df67c4-b90a-4dd0-8d2c-e48bbab8adc7, command=[]} | ret=SUCCESS |  
2019-08-20 15:10:47,192 | INFO  | SCMAudit | user=jenkins1000 | ip=192.168.36.99 | op=SEND_HEARTBEAT {datanodeUUID=03526247-f18f-4f7b-a613-7fcfcc785a52, command=[]} | ret=SUCCESS |  
2019-08-20 15:10:47,334 | INFO  | SCMAudit | user=jenkins1000 | ip=192.168.36.99 | op=SEND_HEARTBEAT {datanodeUUID=23f64912-5028-4d23-8b69-b921a9dc4821, command=[]} | ret=SUCCESS |  
2019-08-20 15:10:47,478 | INFO  | SCMAudit | user=jenkins1000 | ip=192.168.36.99 | op=SEND_HEARTBEAT {datanodeUUID=fd4686f9-7c1a-4a65-a533-eb8353642aca, command=[]} | ret=SUCCESS |  
2019-08-20 15:10:47,569 | INFO  | SCMAudit | user=jenkins1000 | ip=192.168.36.99 | op=SEND_HEARTBEAT {datanodeUUID=fe15c72e-ab20-4743-97a8-8736c2ec4284, command=[]} | ret=SUCCESS |  
2019-08-20 15:10:47,688 | INFO  | SCMAudit | user=jenkins1000 | ip=192.168.36.99 | op=SEND_HEARTBEAT {datanodeUUID=4ac23530-a9c5-46e9-ab57-7dff5b9489be, command=[]} | ret=SUCCESS |  
2019-08-20 15:10:47,883 | INFO  | SCMAudit | user=jenkins1000 | ip=192.168.36.99 | op=SEND_HEARTBEAT {datanodeUUID=9083b2e0-0d12-4690-bbcc-fa1831cb2877, command=[]} | ret=SUCCESS |  
2019-08-20 15:10:48,002 | INFO  | SCMAudit | user=jenkins1000 | ip=192.168.36.99 | op=SEND_HEARTBEAT {datanodeUUID=a6df67c4-b90a-4dd0-8d2c-e48bbab8adc7, command=[]} | ret=SUCCESS |  
2019-08-20 15:10:48,191 | INFO  | SCMAudit | user=jenkins1000 | ip=192.168.36.99 | op=SEND_HEARTBEAT {datanodeUUID=03526247-f18f-4f7b-a613-7fcfcc785a52, command=[]} | ret=SUCCESS |  
2019-08-20 15:10:48,334 | INFO  | SCMAudit | user=jenkins1000 | ip=192.168.36.99 | op=SEND_HEARTBEAT {datanodeUUID=23f64912-5028-4d23-8b69-b921a9dc4821, command=[]} | ret=SUCCESS |  
2019-08-20 15:10:48,479 | INFO  | SCMAudit | user=jenkins1000 | ip=192.168.36.99 | op=SEND_HEARTBEAT {datanodeUUID=fd4686f9-7c1a-4a65-a533-eb8353642aca, command=[]} | ret=SUCCESS |  
2019-08-20 15:10:48,570 | INFO  | SCMAudit | user=jenkins1000 | ip=192.168.36.99 | op=SEND_HEARTBEAT {datanodeUUID=fe15c72e-ab20-4743-97a8-8736c2ec4284, command=[]} | ret=SUCCESS |  
2019-08-20 15:10:48,688 | INFO  | SCMAudit | user=jenkins1000 | ip=192.168.36.99 | op=SEND_HEARTBEAT {datanodeUUID=4ac23530-a9c5-46e9-ab57-7dff5b9489be, command=[]} | ret=SUCCESS |  
2019-08-20 15:10:48,883 | INFO  | SCMAudit | user=jenkins1000 | ip=192.168.36.99 | op=SEND_HEARTBEAT {datanodeUUID=9083b2e0-0d12-4690-bbcc-fa1831cb2877, command=[]} | ret=SUCCESS |  
2019-08-20 15:10:49,002 | INFO  | SCMAudit | user=jenkins1000 | ip=192.168.36.99 | op=SEND_HEARTBEAT {datanodeUUID=a6df67c4-b90a-4dd0-8d2c-e48bbab8adc7, command=[]} | ret=SUCCESS |  
2019-08-20 15:10:49,191 | INFO  | SCMAudit | user=jenkins1000 | ip=192.168.36.99 | op=SEND_HEARTBEAT {datanodeUUID=03526247-f18f-4f7b-a613-7fcfcc785a52, command=[]} | ret=SUCCESS |  
2019-08-20 15:10:49,334 | INFO  | SCMAudit | user=jenkins1000 | ip=192.168.36.99 | op=SEND_HEARTBEAT {datanodeUUID=23f64912-5028-4d23-8b69-b921a9dc4821, command=[]} | ret=SUCCESS |  
2019-08-20 15:10:49,479 | INFO  | SCMAudit | user=jenkins1000 | ip=192.168.36.99 | op=SEND_HEARTBEAT {datanodeUUID=fd4686f9-7c1a-4a65-a533-eb8353642aca, command=[]} | ret=SUCCESS |  
2019-08-20 15:10:49,519 [RATISCREATEPIPELINE2] ERROR pipeline.RatisPipelineProvider (RatisPipelineProvider.java:lambda$null$5(235)) - Failed invoke Ratis rpc org.apache.hadoop.hdds.scm.pipeline.RatisPipelineProvider$$Lambda$182/1021401643@2af8d10d for 03526247-f18f-4f7b-a613-7fcfcc785a52
org.apache.ratis.protocol.TimeoutIOException: deadline exceeded after 2999742716ns
	at org.apache.ratis.grpc.GrpcUtil.tryUnwrapException(GrpcUtil.java:82)
	at org.apache.ratis.grpc.GrpcUtil.unwrapException(GrpcUtil.java:75)
	at org.apache.ratis.grpc.client.GrpcClientProtocolClient.blockingCall(GrpcClientProtocolClient.java:169)
	at org.apache.ratis.grpc.client.GrpcClientProtocolClient.groupAdd(GrpcClientProtocolClient.java:138)
	at org.apache.ratis.grpc.client.GrpcClientRpc.sendRequest(GrpcClientRpc.java:94)
	at org.apache.ratis.client.impl.RaftClientImpl.sendRequest(RaftClientImpl.java:279)
	at org.apache.ratis.client.impl.RaftClientImpl.groupAdd(RaftClientImpl.java:206)
	at org.apache.hadoop.hdds.scm.pipeline.RatisPipelineProvider.lambda$initializePipeline$4(RatisPipelineProvider.java:194)
	at org.apache.hadoop.hdds.scm.pipeline.RatisPipelineProvider.lambda$null$5(RatisPipelineProvider.java:231)
	at java.util.stream.ForEachOps$ForEachOp$OfRef.accept(ForEachOps.java:184)
	at java.util.ArrayList$ArrayListSpliterator.forEachRemaining(ArrayList.java:1382)
	at java.util.stream.AbstractPipeline.copyInto(AbstractPipeline.java:482)
	at java.util.stream.ForEachOps$ForEachTask.compute(ForEachOps.java:291)
	at java.util.concurrent.CountedCompleter.exec(CountedCompleter.java:731)
	at java.util.concurrent.ForkJoinTask.doExec(ForkJoinTask.java:289)
	at java.util.concurrent.ForkJoinPool$WorkQueue.runTask(ForkJoinPool.java:1056)
	at java.util.concurrent.ForkJoinPool.runWorker(ForkJoinPool.java:1692)
	at java.util.concurrent.ForkJoinWorkerThread.run(ForkJoinWorkerThread.java:157)
Caused by: org.apache.ratis.thirdparty.io.grpc.StatusRuntimeException: DEADLINE_EXCEEDED: deadline exceeded after 2999742716ns
	at org.apache.ratis.thirdparty.io.grpc.stub.ClientCalls.toStatusRuntimeException(ClientCalls.java:233)
	at org.apache.ratis.thirdparty.io.grpc.stub.ClientCalls.getUnchecked(ClientCalls.java:214)
	at org.apache.ratis.thirdparty.io.grpc.stub.ClientCalls.blockingUnaryCall(ClientCalls.java:139)
	at org.apache.ratis.proto.grpc.AdminProtocolServiceGrpc$AdminProtocolServiceBlockingStub.groupManagement(AdminProtocolServiceGrpc.java:274)
	at org.apache.ratis.grpc.client.GrpcClientProtocolClient.lambda$groupAdd$3(GrpcClientProtocolClient.java:140)
	at org.apache.ratis.grpc.client.GrpcClientProtocolClient.blockingCall(GrpcClientProtocolClient.java:167)
	... 15 more
2019-08-20 15:10:49,521 [RATISCREATEPIPELINE3] ERROR pipeline.RatisPipelineProvider (RatisPipelineProvider.java:lambda$null$5(235)) - Failed invoke Ratis rpc org.apache.hadoop.hdds.scm.pipeline.RatisPipelineProvider$$Lambda$182/1021401643@2af8d10d for a6df67c4-b90a-4dd0-8d2c-e48bbab8adc7
org.apache.ratis.protocol.TimeoutIOException: deadline exceeded after 2999690392ns
	at org.apache.ratis.grpc.GrpcUtil.tryUnwrapException(GrpcUtil.java:82)
	at org.apache.ratis.grpc.GrpcUtil.unwrapException(GrpcUtil.java:75)
	at org.apache.ratis.grpc.client.GrpcClientProtocolClient.blockingCall(GrpcClientProtocolClient.java:169)
	at org.apache.ratis.grpc.client.GrpcClientProtocolClient.groupAdd(GrpcClientProtocolClient.java:138)
	at org.apache.ratis.grpc.client.GrpcClientRpc.sendRequest(GrpcClientRpc.java:94)
	at org.apache.ratis.client.impl.RaftClientImpl.sendRequest(RaftClientImpl.java:279)
	at org.apache.ratis.client.impl.RaftClientImpl.groupAdd(RaftClientImpl.java:206)
	at org.apache.hadoop.hdds.scm.pipeline.RatisPipelineProvider.lambda$initializePipeline$4(RatisPipelineProvider.java:194)
	at org.apache.hadoop.hdds.scm.pipeline.RatisPipelineProvider.lambda$null$5(RatisPipelineProvider.java:231)
	at java.util.stream.ForEachOps$ForEachOp$OfRef.accept(ForEachOps.java:184)
	at java.util.ArrayList$ArrayListSpliterator.forEachRemaining(ArrayList.java:1382)
	at java.util.stream.AbstractPipeline.copyInto(AbstractPipeline.java:482)
	at java.util.stream.ForEachOps$ForEachTask.compute(ForEachOps.java:291)
	at java.util.concurrent.CountedCompleter.exec(CountedCompleter.java:731)
	at java.util.concurrent.ForkJoinTask.doExec(ForkJoinTask.java:289)
	at java.util.concurrent.ForkJoinPool$WorkQueue.runTask(ForkJoinPool.java:1056)
	at java.util.concurrent.ForkJoinPool.runWorker(ForkJoinPool.java:1692)
	at java.util.concurrent.ForkJoinWorkerThread.run(ForkJoinWorkerThread.java:157)
Caused by: org.apache.ratis.thirdparty.io.grpc.StatusRuntimeException: DEADLINE_EXCEEDED: deadline exceeded after 2999690392ns
	at org.apache.ratis.thirdparty.io.grpc.stub.ClientCalls.toStatusRuntimeException(ClientCalls.java:233)
	at org.apache.ratis.thirdparty.io.grpc.stub.ClientCalls.getUnchecked(ClientCalls.java:214)
	at org.apache.ratis.thirdparty.io.grpc.stub.ClientCalls.blockingUnaryCall(ClientCalls.java:139)
	at org.apache.ratis.proto.grpc.AdminProtocolServiceGrpc$AdminProtocolServiceBlockingStub.groupManagement(AdminProtocolServiceGrpc.java:274)
	at org.apache.ratis.grpc.client.GrpcClientProtocolClient.lambda$groupAdd$3(GrpcClientProtocolClient.java:140)
	at org.apache.ratis.grpc.client.GrpcClientProtocolClient.blockingCall(GrpcClientProtocolClient.java:167)
	... 15 more
2019-08-20 15:10:49,521 [RATISCREATEPIPELINE1] ERROR pipeline.RatisPipelineProvider (RatisPipelineProvider.java:lambda$null$5(235)) - Failed invoke Ratis rpc org.apache.hadoop.hdds.scm.pipeline.RatisPipelineProvider$$Lambda$182/1021401643@2af8d10d for 9083b2e0-0d12-4690-bbcc-fa1831cb2877
org.apache.ratis.protocol.TimeoutIOException: deadline exceeded after 2999729482ns
	at org.apache.ratis.grpc.GrpcUtil.tryUnwrapException(GrpcUtil.java:82)
	at org.apache.ratis.grpc.GrpcUtil.unwrapException(GrpcUtil.java:75)
	at org.apache.ratis.grpc.client.GrpcClientProtocolClient.blockingCall(GrpcClientProtocolClient.java:169)
	at org.apache.ratis.grpc.client.GrpcClientProtocolClient.groupAdd(GrpcClientProtocolClient.java:138)
	at org.apache.ratis.grpc.client.GrpcClientRpc.sendRequest(GrpcClientRpc.java:94)
	at org.apache.ratis.client.impl.RaftClientImpl.sendRequest(RaftClientImpl.java:279)
	at org.apache.ratis.client.impl.RaftClientImpl.groupAdd(RaftClientImpl.java:206)
	at org.apache.hadoop.hdds.scm.pipeline.RatisPipelineProvider.lambda$initializePipeline$4(RatisPipelineProvider.java:194)
	at org.apache.hadoop.hdds.scm.pipeline.RatisPipelineProvider.lambda$null$5(RatisPipelineProvider.java:231)
	at java.util.stream.ForEachOps$ForEachOp$OfRef.accept(ForEachOps.java:184)
	at java.util.ArrayList$ArrayListSpliterator.forEachRemaining(ArrayList.java:1382)
	at java.util.stream.AbstractPipeline.copyInto(AbstractPipeline.java:482)
	at java.util.stream.ForEachOps$ForEachTask.compute(ForEachOps.java:291)
	at java.util.concurrent.CountedCompleter.exec(CountedCompleter.java:731)
	at java.util.concurrent.ForkJoinTask.doExec(ForkJoinTask.java:289)
	at java.util.concurrent.ForkJoinTask.doInvoke(ForkJoinTask.java:401)
	at java.util.concurrent.ForkJoinTask.invoke(ForkJoinTask.java:734)
	at java.util.stream.ForEachOps$ForEachOp.evaluateParallel(ForEachOps.java:160)
	at java.util.stream.ForEachOps$ForEachOp$OfRef.evaluateParallel(ForEachOps.java:174)
	at java.util.stream.AbstractPipeline.evaluate(AbstractPipeline.java:233)
	at java.util.stream.ReferencePipeline.forEach(ReferencePipeline.java:418)
	at java.util.stream.ReferencePipeline$Head.forEach(ReferencePipeline.java:583)
	at org.apache.hadoop.hdds.scm.pipeline.RatisPipelineProvider.lambda$callRatisRpc$6(RatisPipelineProvider.java:225)
	at java.util.concurrent.ForkJoinTask$AdaptedRunnableAction.exec(ForkJoinTask.java:1386)
	at java.util.concurrent.ForkJoinTask.doExec(ForkJoinTask.java:289)
	at java.util.concurrent.ForkJoinPool$WorkQueue.runTask(ForkJoinPool.java:1056)
	at java.util.concurrent.ForkJoinPool.runWorker(ForkJoinPool.java:1692)
	at java.util.concurrent.ForkJoinWorkerThread.run(ForkJoinWorkerThread.java:157)
Caused by: org.apache.ratis.thirdparty.io.grpc.StatusRuntimeException: DEADLINE_EXCEEDED: deadline exceeded after 2999729482ns
	at org.apache.ratis.thirdparty.io.grpc.stub.ClientCalls.toStatusRuntimeException(ClientCalls.java:233)
	at org.apache.ratis.thirdparty.io.grpc.stub.ClientCalls.getUnchecked(ClientCalls.java:214)
	at org.apache.ratis.thirdparty.io.grpc.stub.ClientCalls.blockingUnaryCall(ClientCalls.java:139)
	at org.apache.ratis.proto.grpc.AdminProtocolServiceGrpc$AdminProtocolServiceBlockingStub.groupManagement(AdminProtocolServiceGrpc.java:274)
	at org.apache.ratis.grpc.client.GrpcClientProtocolClient.lambda$groupAdd$3(GrpcClientProtocolClient.java:140)
	at org.apache.ratis.grpc.client.GrpcClientProtocolClient.blockingCall(GrpcClientProtocolClient.java:167)
	... 25 more
2019-08-20 15:10:49,539 [grpc-default-executor-1] INFO  impl.RaftServerProxy (RaftServerProxy.java:addNew(89)) - 03526247-f18f-4f7b-a613-7fcfcc785a52: addNew group-A775791AA460:[03526247-f18f-4f7b-a613-7fcfcc785a52:192.168.36.99:40286] returns group-A775791AA460:java.util.concurrent.CompletableFuture@7ecfa804[Not completed]
2019-08-20 15:10:49,571 | INFO  | SCMAudit | user=jenkins1000 | ip=192.168.36.99 | op=SEND_HEARTBEAT {datanodeUUID=fe15c72e-ab20-4743-97a8-8736c2ec4284, command=[]} | ret=SUCCESS |  
2019-08-20 15:10:49,689 | INFO  | SCMAudit | user=jenkins1000 | ip=192.168.36.99 | op=SEND_HEARTBEAT {datanodeUUID=4ac23530-a9c5-46e9-ab57-7dff5b9489be, command=[]} | ret=SUCCESS |  
2019-08-20 15:10:49,883 | INFO  | SCMAudit | user=jenkins1000 | ip=192.168.36.99 | op=SEND_HEARTBEAT {datanodeUUID=9083b2e0-0d12-4690-bbcc-fa1831cb2877, command=[]} | ret=SUCCESS |  
2019-08-20 15:10:50,003 | INFO  | SCMAudit | user=jenkins1000 | ip=192.168.36.99 | op=SEND_HEARTBEAT {datanodeUUID=a6df67c4-b90a-4dd0-8d2c-e48bbab8adc7, command=[]} | ret=SUCCESS |  
2019-08-20 15:10:50,191 | INFO  | SCMAudit | user=jenkins1000 | ip=192.168.36.99 | op=SEND_HEARTBEAT {datanodeUUID=03526247-f18f-4f7b-a613-7fcfcc785a52, command=[]} | ret=SUCCESS |  
2019-08-20 15:10:50,334 | INFO  | SCMAudit | user=jenkins1000 | ip=192.168.36.99 | op=SEND_HEARTBEAT {datanodeUUID=23f64912-5028-4d23-8b69-b921a9dc4821, command=[]} | ret=SUCCESS |  
2019-08-20 15:10:50,479 | INFO  | SCMAudit | user=jenkins1000 | ip=192.168.36.99 | op=SEND_HEARTBEAT {datanodeUUID=fd4686f9-7c1a-4a65-a533-eb8353642aca, command=[]} | ret=SUCCESS |  
2019-08-20 15:10:50,571 | INFO  | SCMAudit | user=jenkins1000 | ip=192.168.36.99 | op=SEND_HEARTBEAT {datanodeUUID=fe15c72e-ab20-4743-97a8-8736c2ec4284, command=[]} | ret=SUCCESS |  
2019-08-20 15:10:50,689 | INFO  | SCMAudit | user=jenkins1000 | ip=192.168.36.99 | op=SEND_HEARTBEAT {datanodeUUID=4ac23530-a9c5-46e9-ab57-7dff5b9489be, command=[]} | ret=SUCCESS |  
2019-08-20 15:10:50,883 | INFO  | SCMAudit | user=jenkins1000 | ip=192.168.36.99 | op=SEND_HEARTBEAT {datanodeUUID=9083b2e0-0d12-4690-bbcc-fa1831cb2877, command=[]} | ret=SUCCESS |  
2019-08-20 15:10:51,003 | INFO  | SCMAudit | user=jenkins1000 | ip=192.168.36.99 | op=SEND_HEARTBEAT {datanodeUUID=a6df67c4-b90a-4dd0-8d2c-e48bbab8adc7, command=[]} | ret=SUCCESS |  
2019-08-20 15:10:51,191 | INFO  | SCMAudit | user=jenkins1000 | ip=192.168.36.99 | op=SEND_HEARTBEAT {datanodeUUID=03526247-f18f-4f7b-a613-7fcfcc785a52, command=[]} | ret=SUCCESS |  
2019-08-20 15:10:51,334 | INFO  | SCMAudit | user=jenkins1000 | ip=192.168.36.99 | op=SEND_HEARTBEAT {datanodeUUID=23f64912-5028-4d23-8b69-b921a9dc4821, command=[]} | ret=SUCCESS |  
2019-08-20 15:10:51,444 [pool-192-thread-1] INFO  storage.RaftStorageDirectory (RaftStorageDirectory.java:tryLock(328)) - Lock on /workdir/hadoop-ozone/integration-test/target/test-dir/MiniOzoneClusterImpl-0ad89540-22db-434c-8df5-5baffcf642ae/datanode-6/data/ratis/a241723f-b005-4296-81e5-55a78d3868f6/in_use.lock acquired by nodename 14127@pr-hdds-1950-vsl5z-1698008226
2019-08-20 15:10:51,444 [pool-148-thread-1] INFO  storage.RaftStorageDirectory (RaftStorageDirectory.java:tryLock(328)) - Lock on /workdir/hadoop-ozone/integration-test/target/test-dir/MiniOzoneClusterImpl-0ad89540-22db-434c-8df5-5baffcf642ae/datanode-2/data/ratis/a241723f-b005-4296-81e5-55a78d3868f6/in_use.lock acquired by nodename 14127@pr-hdds-1950-vsl5z-1698008226
2019-08-20 15:10:51,444 [pool-126-thread-1] INFO  storage.RaftStorageDirectory (RaftStorageDirectory.java:tryLock(328)) - Lock on /workdir/hadoop-ozone/integration-test/target/test-dir/MiniOzoneClusterImpl-0ad89540-22db-434c-8df5-5baffcf642ae/datanode-0/data/ratis/231f1bb1-e668-4eee-bd8c-ab6bba3f4490/in_use.lock acquired by nodename 14127@pr-hdds-1950-vsl5z-1698008226
2019-08-20 15:10:51,444 [pool-181-thread-1] INFO  storage.RaftStorageDirectory (RaftStorageDirectory.java:tryLock(328)) - Lock on /workdir/hadoop-ozone/integration-test/target/test-dir/MiniOzoneClusterImpl-0ad89540-22db-434c-8df5-5baffcf642ae/datanode-5/data/ratis/a241723f-b005-4296-81e5-55a78d3868f6/in_use.lock acquired by nodename 14127@pr-hdds-1950-vsl5z-1698008226
2019-08-20 15:10:51,479 | INFO  | SCMAudit | user=jenkins1000 | ip=192.168.36.99 | op=SEND_HEARTBEAT {datanodeUUID=fd4686f9-7c1a-4a65-a533-eb8353642aca, command=[]} | ret=SUCCESS |  
2019-08-20 15:10:51,571 | INFO  | SCMAudit | user=jenkins1000 | ip=192.168.36.99 | op=SEND_HEARTBEAT {datanodeUUID=fe15c72e-ab20-4743-97a8-8736c2ec4284, command=[]} | ret=SUCCESS |  
2019-08-20 15:10:51,689 | INFO  | SCMAudit | user=jenkins1000 | ip=192.168.36.99 | op=SEND_HEARTBEAT {datanodeUUID=4ac23530-a9c5-46e9-ab57-7dff5b9489be, command=[]} | ret=SUCCESS |  
2019-08-20 15:10:51,883 | INFO  | SCMAudit | user=jenkins1000 | ip=192.168.36.99 | op=SEND_HEARTBEAT {datanodeUUID=9083b2e0-0d12-4690-bbcc-fa1831cb2877, command=[]} | ret=SUCCESS |  
2019-08-20 15:10:52,003 | INFO  | SCMAudit | user=jenkins1000 | ip=192.168.36.99 | op=SEND_HEARTBEAT {datanodeUUID=a6df67c4-b90a-4dd0-8d2c-e48bbab8adc7, command=[]} | ret=SUCCESS |  
2019-08-20 15:10:52,191 | INFO  | SCMAudit | user=jenkins1000 | ip=192.168.36.99 | op=SEND_HEARTBEAT {datanodeUUID=03526247-f18f-4f7b-a613-7fcfcc785a52, command=[]} | ret=SUCCESS |  
2019-08-20 15:10:52,334 | INFO  | SCMAudit | user=jenkins1000 | ip=192.168.36.99 | op=SEND_HEARTBEAT {datanodeUUID=23f64912-5028-4d23-8b69-b921a9dc4821, command=[]} | ret=SUCCESS |  
2019-08-20 15:10:52,479 | INFO  | SCMAudit | user=jenkins1000 | ip=192.168.36.99 | op=SEND_HEARTBEAT {datanodeUUID=fd4686f9-7c1a-4a65-a533-eb8353642aca, command=[]} | ret=SUCCESS |  
2019-08-20 15:10:52,545 [RATISCREATEPIPELINE1] ERROR pipeline.RatisPipelineProvider (RatisPipelineProvider.java:lambda$null$5(235)) - Failed invoke Ratis rpc org.apache.hadoop.hdds.scm.pipeline.RatisPipelineProvider$$Lambda$182/1021401643@254db1d8 for 03526247-f18f-4f7b-a613-7fcfcc785a52
org.apache.ratis.protocol.TimeoutIOException: deadline exceeded after 2999782377ns
	at org.apache.ratis.grpc.GrpcUtil.tryUnwrapException(GrpcUtil.java:82)
	at org.apache.ratis.grpc.GrpcUtil.unwrapException(GrpcUtil.java:75)
	at org.apache.ratis.grpc.client.GrpcClientProtocolClient.blockingCall(GrpcClientProtocolClient.java:169)
	at org.apache.ratis.grpc.client.GrpcClientProtocolClient.groupAdd(GrpcClientProtocolClient.java:138)
	at org.apache.ratis.grpc.client.GrpcClientRpc.sendRequest(GrpcClientRpc.java:94)
	at org.apache.ratis.client.impl.RaftClientImpl.sendRequest(RaftClientImpl.java:279)
	at org.apache.ratis.client.impl.RaftClientImpl.groupAdd(RaftClientImpl.java:206)
	at org.apache.hadoop.hdds.scm.pipeline.RatisPipelineProvider.lambda$initializePipeline$4(RatisPipelineProvider.java:194)
	at org.apache.hadoop.hdds.scm.pipeline.RatisPipelineProvider.lambda$null$5(RatisPipelineProvider.java:231)
	at java.util.stream.ForEachOps$ForEachOp$OfRef.accept(ForEachOps.java:184)
	at java.util.ArrayList$ArrayListSpliterator.forEachRemaining(ArrayList.java:1382)
	at java.util.stream.AbstractPipeline.copyInto(AbstractPipeline.java:482)
	at java.util.stream.ForEachOps$ForEachTask.compute(ForEachOps.java:291)
	at java.util.concurrent.CountedCompleter.exec(CountedCompleter.java:731)
	at java.util.concurrent.ForkJoinTask.doExec(ForkJoinTask.java:289)
	at java.util.concurrent.ForkJoinTask.doInvoke(ForkJoinTask.java:401)
	at java.util.concurrent.ForkJoinTask.invoke(ForkJoinTask.java:734)
	at java.util.stream.ForEachOps$ForEachOp.evaluateParallel(ForEachOps.java:160)
	at java.util.stream.ForEachOps$ForEachOp$OfRef.evaluateParallel(ForEachOps.java:174)
	at java.util.stream.AbstractPipeline.evaluate(AbstractPipeline.java:233)
	at java.util.stream.ReferencePipeline.forEach(ReferencePipeline.java:418)
	at java.util.stream.ReferencePipeline$Head.forEach(ReferencePipeline.java:583)
	at org.apache.hadoop.hdds.scm.pipeline.RatisPipelineProvider.lambda$callRatisRpc$6(RatisPipelineProvider.java:225)
	at java.util.concurrent.ForkJoinTask$AdaptedRunnableAction.exec(ForkJoinTask.java:1386)
	at java.util.concurrent.ForkJoinTask.doExec(ForkJoinTask.java:289)
	at java.util.concurrent.ForkJoinPool$WorkQueue.runTask(ForkJoinPool.java:1056)
	at java.util.concurrent.ForkJoinPool.runWorker(ForkJoinPool.java:1692)
	at java.util.concurrent.ForkJoinWorkerThread.run(ForkJoinWorkerThread.java:157)
Caused by: org.apache.ratis.thirdparty.io.grpc.StatusRuntimeException: DEADLINE_EXCEEDED: deadline exceeded after 2999782377ns
	at org.apache.ratis.thirdparty.io.grpc.stub.ClientCalls.toStatusRuntimeException(ClientCalls.java:233)
	at org.apache.ratis.thirdparty.io.grpc.stub.ClientCalls.getUnchecked(ClientCalls.java:214)
	at org.apache.ratis.thirdparty.io.grpc.stub.ClientCalls.blockingUnaryCall(ClientCalls.java:139)
	at org.apache.ratis.proto.grpc.AdminProtocolServiceGrpc$AdminProtocolServiceBlockingStub.groupManagement(AdminProtocolServiceGrpc.java:274)
	at org.apache.ratis.grpc.client.GrpcClientProtocolClient.lambda$groupAdd$3(GrpcClientProtocolClient.java:140)
	at org.apache.ratis.grpc.client.GrpcClientProtocolClient.blockingCall(GrpcClientProtocolClient.java:167)
	... 25 more
2019-08-20 15:10:52,560 [grpc-default-executor-4] INFO  impl.RaftServerProxy (RaftServerProxy.java:addNew(89)) - 9083b2e0-0d12-4690-bbcc-fa1831cb2877: addNew group-4F1559E1E3EB:[03526247-f18f-4f7b-a613-7fcfcc785a52:192.168.36.99:40286, a6df67c4-b90a-4dd0-8d2c-e48bbab8adc7:192.168.36.99:39930, 9083b2e0-0d12-4690-bbcc-fa1831cb2877:192.168.36.99:43356] returns group-4F1559E1E3EB:java.util.concurrent.CompletableFuture@2546d698[Not completed]
2019-08-20 15:10:52,560 [grpc-default-executor-3] INFO  impl.RaftServerProxy (RaftServerProxy.java:addNew(89)) - a6df67c4-b90a-4dd0-8d2c-e48bbab8adc7: addNew group-4F1559E1E3EB:[03526247-f18f-4f7b-a613-7fcfcc785a52:192.168.36.99:40286, a6df67c4-b90a-4dd0-8d2c-e48bbab8adc7:192.168.36.99:39930, 9083b2e0-0d12-4690-bbcc-fa1831cb2877:192.168.36.99:43356] returns group-4F1559E1E3EB:java.util.concurrent.CompletableFuture@1af3e2ee[Not completed]
2019-08-20 15:10:52,560 [grpc-default-executor-1] INFO  impl.RaftServerProxy (RaftServerProxy.java:addNew(89)) - 03526247-f18f-4f7b-a613-7fcfcc785a52: addNew group-4F1559E1E3EB:[03526247-f18f-4f7b-a613-7fcfcc785a52:192.168.36.99:40286, a6df67c4-b90a-4dd0-8d2c-e48bbab8adc7:192.168.36.99:39930, 9083b2e0-0d12-4690-bbcc-fa1831cb2877:192.168.36.99:43356] returns group-4F1559E1E3EB:java.util.concurrent.CompletableFuture@4899dd1a[Not completed]
2019-08-20 15:10:52,572 | INFO  | SCMAudit | user=jenkins1000 | ip=192.168.36.99 | op=SEND_HEARTBEAT {datanodeUUID=fe15c72e-ab20-4743-97a8-8736c2ec4284, command=[]} | ret=SUCCESS |  
2019-08-20 15:10:52,689 | INFO  | SCMAudit | user=jenkins1000 | ip=192.168.36.99 | op=SEND_HEARTBEAT {datanodeUUID=4ac23530-a9c5-46e9-ab57-7dff5b9489be, command=[]} | ret=SUCCESS |  
2019-08-20 15:10:52,883 | INFO  | SCMAudit | user=jenkins1000 | ip=192.168.36.99 | op=SEND_HEARTBEAT {datanodeUUID=9083b2e0-0d12-4690-bbcc-fa1831cb2877, command=[]} | ret=SUCCESS |  
2019-08-20 15:10:53,002 | INFO  | SCMAudit | user=jenkins1000 | ip=192.168.36.99 | op=SEND_HEARTBEAT {datanodeUUID=a6df67c4-b90a-4dd0-8d2c-e48bbab8adc7, command=[]} | ret=SUCCESS |  
2019-08-20 15:10:53,191 | INFO  | SCMAudit | user=jenkins1000 | ip=192.168.36.99 | op=SEND_HEARTBEAT {datanodeUUID=03526247-f18f-4f7b-a613-7fcfcc785a52, command=[]} | ret=SUCCESS |  
2019-08-20 15:10:53,335 | INFO  | SCMAudit | user=jenkins1000 | ip=192.168.36.99 | op=SEND_HEARTBEAT {datanodeUUID=23f64912-5028-4d23-8b69-b921a9dc4821, command=[]} | ret=SUCCESS |  
2019-08-20 15:10:53,480 | INFO  | SCMAudit | user=jenkins1000 | ip=192.168.36.99 | op=SEND_HEARTBEAT {datanodeUUID=fd4686f9-7c1a-4a65-a533-eb8353642aca, command=[]} | ret=SUCCESS |  
2019-08-20 15:10:53,572 | INFO  | SCMAudit | user=jenkins1000 | ip=192.168.36.99 | op=SEND_HEARTBEAT {datanodeUUID=fe15c72e-ab20-4743-97a8-8736c2ec4284, command=[]} | ret=SUCCESS |  
2019-08-20 15:10:53,689 | INFO  | SCMAudit | user=jenkins1000 | ip=192.168.36.99 | op=SEND_HEARTBEAT {datanodeUUID=4ac23530-a9c5-46e9-ab57-7dff5b9489be, command=[]} | ret=SUCCESS |  
2019-08-20 15:10:53,883 | INFO  | SCMAudit | user=jenkins1000 | ip=192.168.36.99 | op=SEND_HEARTBEAT {datanodeUUID=9083b2e0-0d12-4690-bbcc-fa1831cb2877, command=[]} | ret=SUCCESS |  
2019-08-20 15:10:54,003 | INFO  | SCMAudit | user=jenkins1000 | ip=192.168.36.99 | op=SEND_HEARTBEAT {datanodeUUID=a6df67c4-b90a-4dd0-8d2c-e48bbab8adc7, command=[]} | ret=SUCCESS |  
2019-08-20 15:10:54,191 | INFO  | SCMAudit | user=jenkins1000 | ip=192.168.36.99 | op=SEND_HEARTBEAT {datanodeUUID=03526247-f18f-4f7b-a613-7fcfcc785a52, command=[]} | ret=SUCCESS |  
2019-08-20 15:10:54,335 | INFO  | SCMAudit | user=jenkins1000 | ip=192.168.36.99 | op=SEND_HEARTBEAT {datanodeUUID=23f64912-5028-4d23-8b69-b921a9dc4821, command=[]} | ret=SUCCESS |  
2019-08-20 15:10:54,480 | INFO  | SCMAudit | user=jenkins1000 | ip=192.168.36.99 | op=SEND_HEARTBEAT {datanodeUUID=fd4686f9-7c1a-4a65-a533-eb8353642aca, command=[]} | ret=SUCCESS |  
2019-08-20 15:10:54,572 | INFO  | SCMAudit | user=jenkins1000 | ip=192.168.36.99 | op=SEND_HEARTBEAT {datanodeUUID=fe15c72e-ab20-4743-97a8-8736c2ec4284, command=[]} | ret=SUCCESS |  
2019-08-20 15:10:54,689 | INFO  | SCMAudit | user=jenkins1000 | ip=192.168.36.99 | op=SEND_HEARTBEAT {datanodeUUID=4ac23530-a9c5-46e9-ab57-7dff5b9489be, command=[]} | ret=SUCCESS |  
2019-08-20 15:10:54,883 | INFO  | SCMAudit | user=jenkins1000 | ip=192.168.36.99 | op=SEND_HEARTBEAT {datanodeUUID=9083b2e0-0d12-4690-bbcc-fa1831cb2877, command=[]} | ret=SUCCESS |  
2019-08-20 15:10:55,003 | INFO  | SCMAudit | user=jenkins1000 | ip=192.168.36.99 | op=SEND_HEARTBEAT {datanodeUUID=a6df67c4-b90a-4dd0-8d2c-e48bbab8adc7, command=[]} | ret=SUCCESS |  
2019-08-20 15:10:55,191 | INFO  | SCMAudit | user=jenkins1000 | ip=192.168.36.99 | op=SEND_HEARTBEAT {datanodeUUID=03526247-f18f-4f7b-a613-7fcfcc785a52, command=[]} | ret=SUCCESS |  
2019-08-20 15:10:55,335 | INFO  | SCMAudit | user=jenkins1000 | ip=192.168.36.99 | op=SEND_HEARTBEAT {datanodeUUID=23f64912-5028-4d23-8b69-b921a9dc4821, command=[]} | ret=SUCCESS |  
2019-08-20 15:10:55,480 | INFO  | SCMAudit | user=jenkins1000 | ip=192.168.36.99 | op=SEND_HEARTBEAT {datanodeUUID=fd4686f9-7c1a-4a65-a533-eb8353642aca, command=[]} | ret=SUCCESS |  
2019-08-20 15:10:55,558 [RATISCREATEPIPELINE2] ERROR pipeline.RatisPipelineProvider (RatisPipelineProvider.java:lambda$null$5(235)) - Failed invoke Ratis rpc org.apache.hadoop.hdds.scm.pipeline.RatisPipelineProvider$$Lambda$182/1021401643@44b79ba2 for a6df67c4-b90a-4dd0-8d2c-e48bbab8adc7
org.apache.ratis.protocol.TimeoutIOException: deadline exceeded after 2996225486ns
	at org.apache.ratis.grpc.GrpcUtil.tryUnwrapException(GrpcUtil.java:82)
	at org.apache.ratis.grpc.GrpcUtil.unwrapException(GrpcUtil.java:75)
	at org.apache.ratis.grpc.client.GrpcClientProtocolClient.blockingCall(GrpcClientProtocolClient.java:169)
	at org.apache.ratis.grpc.client.GrpcClientProtocolClient.groupAdd(GrpcClientProtocolClient.java:138)
	at org.apache.ratis.grpc.client.GrpcClientRpc.sendRequest(GrpcClientRpc.java:94)
	at org.apache.ratis.client.impl.RaftClientImpl.sendRequest(RaftClientImpl.java:279)
	at org.apache.ratis.client.impl.RaftClientImpl.groupAdd(RaftClientImpl.java:206)
	at org.apache.hadoop.hdds.scm.pipeline.RatisPipelineProvider.lambda$initializePipeline$4(RatisPipelineProvider.java:194)
	at org.apache.hadoop.hdds.scm.pipeline.RatisPipelineProvider.lambda$null$5(RatisPipelineProvider.java:231)
	at java.util.stream.ForEachOps$ForEachOp$OfRef.accept(ForEachOps.java:184)
	at java.util.ArrayList$ArrayListSpliterator.forEachRemaining(ArrayList.java:1382)
	at java.util.stream.AbstractPipeline.copyInto(AbstractPipeline.java:482)
	at java.util.stream.ForEachOps$ForEachTask.compute(ForEachOps.java:291)
	at java.util.concurrent.CountedCompleter.exec(CountedCompleter.java:731)
	at java.util.concurrent.ForkJoinTask.doExec(ForkJoinTask.java:289)
	at java.util.concurrent.ForkJoinPool$WorkQueue.runTask(ForkJoinPool.java:1056)
	at java.util.concurrent.ForkJoinPool.runWorker(ForkJoinPool.java:1692)
	at java.util.concurrent.ForkJoinWorkerThread.run(ForkJoinWorkerThread.java:157)
Caused by: org.apache.ratis.thirdparty.io.grpc.StatusRuntimeException: DEADLINE_EXCEEDED: deadline exceeded after 2996225486ns
	at org.apache.ratis.thirdparty.io.grpc.stub.ClientCalls.toStatusRuntimeException(ClientCalls.java:233)
	at org.apache.ratis.thirdparty.io.grpc.stub.ClientCalls.getUnchecked(ClientCalls.java:214)
	at org.apache.ratis.thirdparty.io.grpc.stub.ClientCalls.blockingUnaryCall(ClientCalls.java:139)
	at org.apache.ratis.proto.grpc.AdminProtocolServiceGrpc$AdminProtocolServiceBlockingStub.groupManagement(AdminProtocolServiceGrpc.java:274)
	at org.apache.ratis.grpc.client.GrpcClientProtocolClient.lambda$groupAdd$3(GrpcClientProtocolClient.java:140)
	at org.apache.ratis.grpc.client.GrpcClientProtocolClient.blockingCall(GrpcClientProtocolClient.java:167)
	... 15 more
2019-08-20 15:10:55,559 [RATISCREATEPIPELINE3] ERROR pipeline.RatisPipelineProvider (RatisPipelineProvider.java:lambda$null$5(235)) - Failed invoke Ratis rpc org.apache.hadoop.hdds.scm.pipeline.RatisPipelineProvider$$Lambda$182/1021401643@44b79ba2 for 03526247-f18f-4f7b-a613-7fcfcc785a52
org.apache.ratis.protocol.TimeoutIOException: deadline exceeded after 2996162994ns
	at org.apache.ratis.grpc.GrpcUtil.tryUnwrapException(GrpcUtil.java:82)
	at org.apache.ratis.grpc.GrpcUtil.unwrapException(GrpcUtil.java:75)
	at org.apache.ratis.grpc.client.GrpcClientProtocolClient.blockingCall(GrpcClientProtocolClient.java:169)
	at org.apache.ratis.grpc.client.GrpcClientProtocolClient.groupAdd(GrpcClientProtocolClient.java:138)
	at org.apache.ratis.grpc.client.GrpcClientRpc.sendRequest(GrpcClientRpc.java:94)
	at org.apache.ratis.client.impl.RaftClientImpl.sendRequest(RaftClientImpl.java:279)
	at org.apache.ratis.client.impl.RaftClientImpl.groupAdd(RaftClientImpl.java:206)
	at org.apache.hadoop.hdds.scm.pipeline.RatisPipelineProvider.lambda$initializePipeline$4(RatisPipelineProvider.java:194)
	at org.apache.hadoop.hdds.scm.pipeline.RatisPipelineProvider.lambda$null$5(RatisPipelineProvider.java:231)
	at java.util.stream.ForEachOps$ForEachOp$OfRef.accept(ForEachOps.java:184)
	at java.util.ArrayList$ArrayListSpliterator.forEachRemaining(ArrayList.java:1382)
	at java.util.stream.AbstractPipeline.copyInto(AbstractPipeline.java:482)
	at java.util.stream.ForEachOps$ForEachTask.compute(ForEachOps.java:291)
	at java.util.concurrent.CountedCompleter.exec(CountedCompleter.java:731)
	at java.util.concurrent.ForkJoinTask.doExec(ForkJoinTask.java:289)
	at java.util.concurrent.ForkJoinPool$WorkQueue.runTask(ForkJoinPool.java:1056)
	at java.util.concurrent.ForkJoinPool.runWorker(ForkJoinPool.java:1692)
	at java.util.concurrent.ForkJoinWorkerThread.run(ForkJoinWorkerThread.java:157)
Caused by: org.apache.ratis.thirdparty.io.grpc.StatusRuntimeException: DEADLINE_EXCEEDED: deadline exceeded after 2996162994ns
	at org.apache.ratis.thirdparty.io.grpc.stub.ClientCalls.toStatusRuntimeException(ClientCalls.java:233)
	at org.apache.ratis.thirdparty.io.grpc.stub.ClientCalls.getUnchecked(ClientCalls.java:214)
	at org.apache.ratis.thirdparty.io.grpc.stub.ClientCalls.blockingUnaryCall(ClientCalls.java:139)
	at org.apache.ratis.proto.grpc.AdminProtocolServiceGrpc$AdminProtocolServiceBlockingStub.groupManagement(AdminProtocolServiceGrpc.java:274)
	at org.apache.ratis.grpc.client.GrpcClientProtocolClient.lambda$groupAdd$3(GrpcClientProtocolClient.java:140)
	at org.apache.ratis.grpc.client.GrpcClientProtocolClient.blockingCall(GrpcClientProtocolClient.java:167)
	... 15 more
2019-08-20 15:10:55,559 [RATISCREATEPIPELINE1] ERROR pipeline.RatisPipelineProvider (RatisPipelineProvider.java:lambda$null$5(235)) - Failed invoke Ratis rpc org.apache.hadoop.hdds.scm.pipeline.RatisPipelineProvider$$Lambda$182/1021401643@44b79ba2 for 9083b2e0-0d12-4690-bbcc-fa1831cb2877
org.apache.ratis.protocol.TimeoutIOException: deadline exceeded after 2999755523ns
	at org.apache.ratis.grpc.GrpcUtil.tryUnwrapException(GrpcUtil.java:82)
	at org.apache.ratis.grpc.GrpcUtil.unwrapException(GrpcUtil.java:75)
	at org.apache.ratis.grpc.client.GrpcClientProtocolClient.blockingCall(GrpcClientProtocolClient.java:169)
	at org.apache.ratis.grpc.client.GrpcClientProtocolClient.groupAdd(GrpcClientProtocolClient.java:138)
	at org.apache.ratis.grpc.client.GrpcClientRpc.sendRequest(GrpcClientRpc.java:94)
	at org.apache.ratis.client.impl.RaftClientImpl.sendRequest(RaftClientImpl.java:279)
	at org.apache.ratis.client.impl.RaftClientImpl.groupAdd(RaftClientImpl.java:206)
	at org.apache.hadoop.hdds.scm.pipeline.RatisPipelineProvider.lambda$initializePipeline$4(RatisPipelineProvider.java:194)
	at org.apache.hadoop.hdds.scm.pipeline.RatisPipelineProvider.lambda$null$5(RatisPipelineProvider.java:231)
	at java.util.stream.ForEachOps$ForEachOp$OfRef.accept(ForEachOps.java:184)
	at java.util.ArrayList$ArrayListSpliterator.forEachRemaining(ArrayList.java:1382)
	at java.util.stream.AbstractPipeline.copyInto(AbstractPipeline.java:482)
	at java.util.stream.ForEachOps$ForEachTask.compute(ForEachOps.java:291)
	at java.util.concurrent.CountedCompleter.exec(CountedCompleter.java:731)
	at java.util.concurrent.ForkJoinTask.doExec(ForkJoinTask.java:289)
	at java.util.concurrent.ForkJoinTask.doInvoke(ForkJoinTask.java:401)
	at java.util.concurrent.ForkJoinTask.invoke(ForkJoinTask.java:734)
	at java.util.stream.ForEachOps$ForEachOp.evaluateParallel(ForEachOps.java:160)
	at java.util.stream.ForEachOps$ForEachOp$OfRef.evaluateParallel(ForEachOps.java:174)
	at java.util.stream.AbstractPipeline.evaluate(AbstractPipeline.java:233)
	at java.util.stream.ReferencePipeline.forEach(ReferencePipeline.java:418)
	at java.util.stream.ReferencePipeline$Head.forEach(ReferencePipeline.java:583)
	at org.apache.hadoop.hdds.scm.pipeline.RatisPipelineProvider.lambda$callRatisRpc$6(RatisPipelineProvider.java:225)
	at java.util.concurrent.ForkJoinTask$AdaptedRunnableAction.exec(ForkJoinTask.java:1386)
	at java.util.concurrent.ForkJoinTask.doExec(ForkJoinTask.java:289)
	at java.util.concurrent.ForkJoinPool$WorkQueue.runTask(ForkJoinPool.java:1056)
	at java.util.concurrent.ForkJoinPool.runWorker(ForkJoinPool.java:1692)
	at java.util.concurrent.ForkJoinWorkerThread.run(ForkJoinWorkerThread.java:157)
Caused by: org.apache.ratis.thirdparty.io.grpc.StatusRuntimeException: DEADLINE_EXCEEDED: deadline exceeded after 2999755523ns
	at org.apache.ratis.thirdparty.io.grpc.stub.ClientCalls.toStatusRuntimeException(ClientCalls.java:233)
	at org.apache.ratis.thirdparty.io.grpc.stub.ClientCalls.getUnchecked(ClientCalls.java:214)
	at org.apache.ratis.thirdparty.io.grpc.stub.ClientCalls.blockingUnaryCall(ClientCalls.java:139)
	at org.apache.ratis.proto.grpc.AdminProtocolServiceGrpc$AdminProtocolServiceBlockingStub.groupManagement(AdminProtocolServiceGrpc.java:274)
	at org.apache.ratis.grpc.client.GrpcClientProtocolClient.lambda$groupAdd$3(GrpcClientProtocolClient.java:140)
	at org.apache.ratis.grpc.client.GrpcClientProtocolClient.blockingCall(GrpcClientProtocolClient.java:167)
	... 25 more
2019-08-20 15:10:55,572 | INFO  | SCMAudit | user=jenkins1000 | ip=192.168.36.99 | op=SEND_HEARTBEAT {datanodeUUID=fe15c72e-ab20-4743-97a8-8736c2ec4284, command=[]} | ret=SUCCESS |  
2019-08-20 15:10:55,577 [grpc-default-executor-6] INFO  impl.RaftServerProxy (RaftServerProxy.java:addNew(89)) - a6df67c4-b90a-4dd0-8d2c-e48bbab8adc7: addNew group-22B12B17425C:[03526247-f18f-4f7b-a613-7fcfcc785a52:192.168.36.99:40286, a6df67c4-b90a-4dd0-8d2c-e48bbab8adc7:192.168.36.99:39930, 9083b2e0-0d12-4690-bbcc-fa1831cb2877:192.168.36.99:43356] returns group-22B12B17425C:java.util.concurrent.CompletableFuture@259b5add[Not completed]
2019-08-20 15:10:55,577 [grpc-default-executor-3] INFO  impl.RaftServerProxy (RaftServerProxy.java:addNew(89)) - 9083b2e0-0d12-4690-bbcc-fa1831cb2877: addNew group-22B12B17425C:[03526247-f18f-4f7b-a613-7fcfcc785a52:192.168.36.99:40286, a6df67c4-b90a-4dd0-8d2c-e48bbab8adc7:192.168.36.99:39930, 9083b2e0-0d12-4690-bbcc-fa1831cb2877:192.168.36.99:43356] returns group-22B12B17425C:java.util.concurrent.CompletableFuture@371bf32e[Not completed]
2019-08-20 15:10:55,577 [grpc-default-executor-3] INFO  impl.RaftServerProxy (RaftServerProxy.java:addNew(89)) - 03526247-f18f-4f7b-a613-7fcfcc785a52: addNew group-22B12B17425C:[03526247-f18f-4f7b-a613-7fcfcc785a52:192.168.36.99:40286, a6df67c4-b90a-4dd0-8d2c-e48bbab8adc7:192.168.36.99:39930, 9083b2e0-0d12-4690-bbcc-fa1831cb2877:192.168.36.99:43356] returns group-22B12B17425C:java.util.concurrent.CompletableFuture@11c7f5fb[Not completed]
2019-08-20 15:10:55,689 | INFO  | SCMAudit | user=jenkins1000 | ip=192.168.36.99 | op=SEND_HEARTBEAT {datanodeUUID=4ac23530-a9c5-46e9-ab57-7dff5b9489be, command=[]} | ret=SUCCESS |  
2019-08-20 15:10:55,883 | INFO  | SCMAudit | user=jenkins1000 | ip=192.168.36.99 | op=SEND_HEARTBEAT {datanodeUUID=9083b2e0-0d12-4690-bbcc-fa1831cb2877, command=[]} | ret=SUCCESS |  
2019-08-20 15:10:56,003 | INFO  | SCMAudit | user=jenkins1000 | ip=192.168.36.99 | op=SEND_HEARTBEAT {datanodeUUID=a6df67c4-b90a-4dd0-8d2c-e48bbab8adc7, command=[]} | ret=SUCCESS |  
2019-08-20 15:10:56,191 | INFO  | SCMAudit | user=jenkins1000 | ip=192.168.36.99 | op=SEND_HEARTBEAT {datanodeUUID=03526247-f18f-4f7b-a613-7fcfcc785a52, command=[]} | ret=SUCCESS |  
2019-08-20 15:10:56,335 | INFO  | SCMAudit | user=jenkins1000 | ip=192.168.36.99 | op=SEND_HEARTBEAT {datanodeUUID=23f64912-5028-4d23-8b69-b921a9dc4821, command=[]} | ret=SUCCESS |  
2019-08-20 15:10:56,365 [pool-181-thread-1] INFO  storage.RaftStorage (RaftStorage.java:format(72)) - Storage directory /workdir/hadoop-ozone/integration-test/target/test-dir/MiniOzoneClusterImpl-0ad89540-22db-434c-8df5-5baffcf642ae/datanode-5/data/ratis/a241723f-b005-4296-81e5-55a78d3868f6 has been successfully formatted.
2019-08-20 15:10:56,365 [pool-148-thread-1] INFO  storage.RaftStorage (RaftStorage.java:format(72)) - Storage directory /workdir/hadoop-ozone/integration-test/target/test-dir/MiniOzoneClusterImpl-0ad89540-22db-434c-8df5-5baffcf642ae/datanode-2/data/ratis/a241723f-b005-4296-81e5-55a78d3868f6 has been successfully formatted.
2019-08-20 15:10:56,365 [pool-126-thread-1] INFO  storage.RaftStorage (RaftStorage.java:format(72)) - Storage directory /workdir/hadoop-ozone/integration-test/target/test-dir/MiniOzoneClusterImpl-0ad89540-22db-434c-8df5-5baffcf642ae/datanode-0/data/ratis/231f1bb1-e668-4eee-bd8c-ab6bba3f4490 has been successfully formatted.
2019-08-20 15:10:56,365 [pool-192-thread-1] INFO  storage.RaftStorage (RaftStorage.java:format(72)) - Storage directory /workdir/hadoop-ozone/integration-test/target/test-dir/MiniOzoneClusterImpl-0ad89540-22db-434c-8df5-5baffcf642ae/datanode-6/data/ratis/a241723f-b005-4296-81e5-55a78d3868f6 has been successfully formatted.
2019-08-20 15:10:56,366 [pool-148-thread-1] INFO  ratis.ContainerStateMachine (ContainerStateMachine.java:loadSnapshot(222)) - group-55A78D3868F6: The snapshot info is null. Setting the last applied indexto:(t:0, i:~)
2019-08-20 15:10:56,366 [pool-181-thread-1] INFO  ratis.ContainerStateMachine (ContainerStateMachine.java:loadSnapshot(222)) - group-55A78D3868F6: The snapshot info is null. Setting the last applied indexto:(t:0, i:~)
2019-08-20 15:10:56,366 [pool-148-thread-1] INFO  server.RaftServerConfigKeys (ConfUtils.java:logGet(43)) - raft.server.leader.election.timeout = 120s (custom)
2019-08-20 15:10:56,366 [pool-192-thread-1] INFO  ratis.ContainerStateMachine (ContainerStateMachine.java:loadSnapshot(222)) - group-55A78D3868F6: The snapshot info is null. Setting the last applied indexto:(t:0, i:~)
2019-08-20 15:10:56,366 [pool-126-thread-1] INFO  ratis.ContainerStateMachine (ContainerStateMachine.java:loadSnapshot(222)) - group-AB6BBA3F4490: The snapshot info is null. Setting the last applied indexto:(t:0, i:~)
2019-08-20 15:10:56,367 [pool-192-thread-1] INFO  server.RaftServerConfigKeys (ConfUtils.java:logGet(43)) - raft.server.leader.election.timeout = 120s (custom)
2019-08-20 15:10:56,367 [pool-148-thread-1] INFO  server.RaftServerConfigKeys (ConfUtils.java:logGet(43)) - raft.server.log.use.memory = false (default)
2019-08-20 15:10:56,367 [pool-181-thread-1] INFO  server.RaftServerConfigKeys (ConfUtils.java:logGet(43)) - raft.server.leader.election.timeout = 120s (custom)
2019-08-20 15:10:56,368 [pool-148-thread-1] INFO  server.RaftServerConfigKeys (ConfUtils.java:logGet(43)) - raft.server.log.purge.gap = 1000000 (custom)
2019-08-20 15:10:56,367 [pool-192-thread-1] INFO  server.RaftServerConfigKeys (ConfUtils.java:logGet(43)) - raft.server.log.use.memory = false (default)
2019-08-20 15:10:56,367 [pool-126-thread-1] INFO  server.RaftServerConfigKeys (ConfUtils.java:logGet(43)) - raft.server.leader.election.timeout = 120s (custom)
2019-08-20 15:10:56,368 [pool-192-thread-1] INFO  server.RaftServerConfigKeys (ConfUtils.java:logGet(43)) - raft.server.log.purge.gap = 1000000 (custom)
2019-08-20 15:10:56,368 [pool-148-thread-1] INFO  server.RaftServerConfigKeys (ConfUtils.java:logGet(43)) - raft.server.log.appender.buffer.byte-limit = 33554432 (custom)
2019-08-20 15:10:56,368 [pool-181-thread-1] INFO  server.RaftServerConfigKeys (ConfUtils.java:logGet(43)) - raft.server.log.use.memory = false (default)
2019-08-20 15:10:56,368 [pool-148-thread-1] INFO  server.RaftServerConfigKeys (ConfUtils.java:logGet(43)) - raft.server.log.segment.size.max = 1048576 (custom)
2019-08-20 15:10:56,368 [pool-192-thread-1] INFO  server.RaftServerConfigKeys (ConfUtils.java:logGet(43)) - raft.server.log.appender.buffer.byte-limit = 33554432 (custom)
2019-08-20 15:10:56,368 [pool-126-thread-1] INFO  server.RaftServerConfigKeys (ConfUtils.java:logGet(43)) - raft.server.log.use.memory = false (default)
2019-08-20 15:10:56,369 [pool-192-thread-1] INFO  server.RaftServerConfigKeys (ConfUtils.java:logGet(43)) - raft.server.log.segment.size.max = 1048576 (custom)
2019-08-20 15:10:56,369 [pool-148-thread-1] INFO  server.RaftServerConfigKeys (ConfUtils.java:logGet(43)) - raft.server.log.segment.cache.num.max = 2 (custom)
2019-08-20 15:10:56,369 [pool-181-thread-1] INFO  server.RaftServerConfigKeys (ConfUtils.java:logGet(43)) - raft.server.log.purge.gap = 1000000 (custom)
2019-08-20 15:10:56,369 [pool-148-thread-1] INFO  segmented.SegmentedRaftLogWorker (SegmentedRaftLogWorker.java:<init>(172)) - new 9083b2e0-0d12-4690-bbcc-fa1831cb2877-SegmentedRaftLogWorker:Storage Directory /workdir/hadoop-ozone/integration-test/target/test-dir/MiniOzoneClusterImpl-0ad89540-22db-434c-8df5-5baffcf642ae/datanode-2/data/ratis/a241723f-b005-4296-81e5-55a78d3868f6 for RaftStorage:Storage Directory /workdir/hadoop-ozone/integration-test/target/test-dir/MiniOzoneClusterImpl-0ad89540-22db-434c-8df5-5baffcf642ae/datanode-2/data/ratis/a241723f-b005-4296-81e5-55a78d3868f6
2019-08-20 15:10:56,369 [pool-192-thread-1] INFO  server.RaftServerConfigKeys (ConfUtils.java:logGet(43)) - raft.server.log.segment.cache.num.max = 2 (custom)
2019-08-20 15:10:56,369 [pool-126-thread-1] INFO  server.RaftServerConfigKeys (ConfUtils.java:logGet(43)) - raft.server.log.purge.gap = 1000000 (custom)
2019-08-20 15:10:56,370 [pool-148-thread-1] INFO  server.RaftServerConfigKeys (ConfUtils.java:logGet(43)) - raft.server.log.queue.byte-limit = 2147483647 (custom)
2019-08-20 15:10:56,370 [pool-192-thread-1] INFO  segmented.SegmentedRaftLogWorker (SegmentedRaftLogWorker.java:<init>(172)) - new 03526247-f18f-4f7b-a613-7fcfcc785a52-SegmentedRaftLogWorker:Storage Directory /workdir/hadoop-ozone/integration-test/target/test-dir/MiniOzoneClusterImpl-0ad89540-22db-434c-8df5-5baffcf642ae/datanode-6/data/ratis/a241723f-b005-4296-81e5-55a78d3868f6 for RaftStorage:Storage Directory /workdir/hadoop-ozone/integration-test/target/test-dir/MiniOzoneClusterImpl-0ad89540-22db-434c-8df5-5baffcf642ae/datanode-6/data/ratis/a241723f-b005-4296-81e5-55a78d3868f6
2019-08-20 15:10:56,369 [pool-181-thread-1] INFO  server.RaftServerConfigKeys (ConfUtils.java:logGet(43)) - raft.server.log.appender.buffer.byte-limit = 33554432 (custom)
2019-08-20 15:10:56,370 [pool-192-thread-1] INFO  server.RaftServerConfigKeys (ConfUtils.java:logGet(43)) - raft.server.log.queue.byte-limit = 2147483647 (custom)
2019-08-20 15:10:56,370 [pool-148-thread-1] INFO  server.RaftServerConfigKeys (ConfUtils.java:logGet(43)) - raft.server.log.queue.element-limit = 1024 (custom)
2019-08-20 15:10:56,370 [pool-126-thread-1] INFO  server.RaftServerConfigKeys (ConfUtils.java:logGet(43)) - raft.server.log.appender.buffer.byte-limit = 33554432 (custom)
2019-08-20 15:10:56,371 [pool-192-thread-1] INFO  server.RaftServerConfigKeys (ConfUtils.java:logGet(43)) - raft.server.log.queue.element-limit = 1024 (custom)
2019-08-20 15:10:56,371 [pool-181-thread-1] INFO  server.RaftServerConfigKeys (ConfUtils.java:logGet(43)) - raft.server.log.segment.size.max = 1048576 (custom)
2019-08-20 15:10:56,371 [pool-148-thread-1] INFO  server.RaftServerConfigKeys (ConfUtils.java:logGet(43)) - raft.server.log.segment.size.max = 1048576 (custom)
2019-08-20 15:10:56,371 [pool-126-thread-1] INFO  server.RaftServerConfigKeys (ConfUtils.java:logGet(43)) - raft.server.log.segment.size.max = 1048576 (custom)
2019-08-20 15:10:56,372 [pool-148-thread-1] INFO  server.RaftServerConfigKeys (ConfUtils.java:logGet(43)) - raft.server.log.preallocated.size = 16384 (custom)
2019-08-20 15:10:56,371 [pool-192-thread-1] INFO  server.RaftServerConfigKeys (ConfUtils.java:logGet(43)) - raft.server.log.segment.size.max = 1048576 (custom)
2019-08-20 15:10:56,371 [pool-181-thread-1] INFO  server.RaftServerConfigKeys (ConfUtils.java:logGet(43)) - raft.server.log.segment.cache.num.max = 2 (custom)
2019-08-20 15:10:56,372 [pool-192-thread-1] INFO  server.RaftServerConfigKeys (ConfUtils.java:logGet(43)) - raft.server.log.preallocated.size = 16384 (custom)
2019-08-20 15:10:56,372 [pool-148-thread-1] INFO  server.RaftServerConfigKeys (ConfUtils.java:logGet(43)) - raft.server.log.write.buffer.size = 33554432 (custom)
2019-08-20 15:10:56,372 [pool-126-thread-1] INFO  server.RaftServerConfigKeys (ConfUtils.java:logGet(43)) - raft.server.log.segment.cache.num.max = 2 (custom)
2019-08-20 15:10:56,373 [pool-148-thread-1] INFO  server.RaftServerConfigKeys (ConfUtils.java:logGet(43)) - raft.server.log.force.sync.num = 128 (default)
2019-08-20 15:10:56,372 [pool-192-thread-1] INFO  server.RaftServerConfigKeys (ConfUtils.java:logGet(43)) - raft.server.log.write.buffer.size = 33554432 (custom)
2019-08-20 15:10:56,372 [pool-181-thread-1] INFO  segmented.SegmentedRaftLogWorker (SegmentedRaftLogWorker.java:<init>(172)) - new a6df67c4-b90a-4dd0-8d2c-e48bbab8adc7-SegmentedRaftLogWorker:Storage Directory /workdir/hadoop-ozone/integration-test/target/test-dir/MiniOzoneClusterImpl-0ad89540-22db-434c-8df5-5baffcf642ae/datanode-5/data/ratis/a241723f-b005-4296-81e5-55a78d3868f6 for RaftStorage:Storage Directory /workdir/hadoop-ozone/integration-test/target/test-dir/MiniOzoneClusterImpl-0ad89540-22db-434c-8df5-5baffcf642ae/datanode-5/data/ratis/a241723f-b005-4296-81e5-55a78d3868f6
2019-08-20 15:10:56,373 [pool-192-thread-1] INFO  server.RaftServerConfigKeys (ConfUtils.java:logGet(43)) - raft.server.log.force.sync.num = 128 (default)
2019-08-20 15:10:56,373 [pool-148-thread-1] INFO  server.RaftServerConfigKeys (ConfUtils.java:logGet(43)) - raft.server.log.statemachine.data.sync = true (default)
2019-08-20 15:10:56,373 [pool-126-thread-1] INFO  segmented.SegmentedRaftLogWorker (SegmentedRaftLogWorker.java:<init>(172)) - new fd4686f9-7c1a-4a65-a533-eb8353642aca-SegmentedRaftLogWorker:Storage Directory /workdir/hadoop-ozone/integration-test/target/test-dir/MiniOzoneClusterImpl-0ad89540-22db-434c-8df5-5baffcf642ae/datanode-0/data/ratis/231f1bb1-e668-4eee-bd8c-ab6bba3f4490 for RaftStorage:Storage Directory /workdir/hadoop-ozone/integration-test/target/test-dir/MiniOzoneClusterImpl-0ad89540-22db-434c-8df5-5baffcf642ae/datanode-0/data/ratis/231f1bb1-e668-4eee-bd8c-ab6bba3f4490
2019-08-20 15:10:56,373 [pool-148-thread-1] INFO  server.RaftServerConfigKeys (ConfUtils.java:logGet(43)) - raft.server.log.statemachine.data.sync.timeout = 10s (default)
2019-08-20 15:10:56,373 [pool-192-thread-1] INFO  server.RaftServerConfigKeys (ConfUtils.java:logGet(43)) - raft.server.log.statemachine.data.sync = true (default)
2019-08-20 15:10:56,373 [pool-181-thread-1] INFO  server.RaftServerConfigKeys (ConfUtils.java:logGet(43)) - raft.server.log.queue.byte-limit = 2147483647 (custom)
2019-08-20 15:10:56,374 [pool-192-thread-1] INFO  server.RaftServerConfigKeys (ConfUtils.java:logGet(43)) - raft.server.log.statemachine.data.sync.timeout = 10s (default)
2019-08-20 15:10:56,374 [pool-148-thread-1] INFO  server.RaftServerConfigKeys (ConfUtils.java:logGet(43)) - raft.server.log.statemachine.data.sync.timeout.retry = -1 (default)
2019-08-20 15:10:56,374 [pool-126-thread-1] INFO  server.RaftServerConfigKeys (ConfUtils.java:logGet(43)) - raft.server.log.queue.byte-limit = 2147483647 (custom)
2019-08-20 15:10:56,374 [pool-192-thread-1] INFO  server.RaftServerConfigKeys (ConfUtils.java:logGet(43)) - raft.server.log.statemachine.data.sync.timeout.retry = -1 (default)
2019-08-20 15:10:56,375 [pool-148-thread-1] INFO  server.RaftServerConfigKeys (ConfUtils.java:logGet(43)) - raft.server.log.statemachine.data.caching.enabled = true (custom)
2019-08-20 15:10:56,374 [pool-181-thread-1] INFO  server.RaftServerConfigKeys (ConfUtils.java:logGet(43)) - raft.server.log.queue.element-limit = 1024 (custom)
2019-08-20 15:10:56,375 [pool-192-thread-1] INFO  server.RaftServerConfigKeys (ConfUtils.java:logGet(43)) - raft.server.log.statemachine.data.caching.enabled = true (custom)
2019-08-20 15:10:56,375 [pool-126-thread-1] INFO  server.RaftServerConfigKeys (ConfUtils.java:logGet(43)) - raft.server.log.queue.element-limit = 1024 (custom)
2019-08-20 15:10:56,375 [pool-181-thread-1] INFO  server.RaftServerConfigKeys (ConfUtils.java:logGet(43)) - raft.server.log.segment.size.max = 1048576 (custom)
2019-08-20 15:10:56,376 [pool-126-thread-1] INFO  server.RaftServerConfigKeys (ConfUtils.java:logGet(43)) - raft.server.log.segment.size.max = 1048576 (custom)
2019-08-20 15:10:56,376 [pool-181-thread-1] INFO  server.RaftServerConfigKeys (ConfUtils.java:logGet(43)) - raft.server.log.preallocated.size = 16384 (custom)
2019-08-20 15:10:56,376 [pool-126-thread-1] INFO  server.RaftServerConfigKeys (ConfUtils.java:logGet(43)) - raft.server.log.preallocated.size = 16384 (custom)
2019-08-20 15:10:56,376 [pool-181-thread-1] INFO  server.RaftServerConfigKeys (ConfUtils.java:logGet(43)) - raft.server.log.write.buffer.size = 33554432 (custom)
2019-08-20 15:10:56,376 [pool-126-thread-1] INFO  server.RaftServerConfigKeys (ConfUtils.java:logGet(43)) - raft.server.log.write.buffer.size = 33554432 (custom)
2019-08-20 15:10:56,376 [pool-181-thread-1] INFO  server.RaftServerConfigKeys (ConfUtils.java:logGet(43)) - raft.server.log.force.sync.num = 128 (default)
2019-08-20 15:10:56,376 [pool-126-thread-1] INFO  server.RaftServerConfigKeys (ConfUtils.java:logGet(43)) - raft.server.log.force.sync.num = 128 (default)
2019-08-20 15:10:56,377 [pool-181-thread-1] INFO  server.RaftServerConfigKeys (ConfUtils.java:logGet(43)) - raft.server.log.statemachine.data.sync = true (default)
2019-08-20 15:10:56,377 [pool-126-thread-1] INFO  server.RaftServerConfigKeys (ConfUtils.java:logGet(43)) - raft.server.log.statemachine.data.sync = true (default)
2019-08-20 15:10:56,377 [pool-181-thread-1] INFO  server.RaftServerConfigKeys (ConfUtils.java:logGet(43)) - raft.server.log.statemachine.data.sync.timeout = 10s (default)
2019-08-20 15:10:56,377 [pool-126-thread-1] INFO  server.RaftServerConfigKeys (ConfUtils.java:logGet(43)) - raft.server.log.statemachine.data.sync.timeout = 10s (default)
2019-08-20 15:10:56,377 [pool-181-thread-1] INFO  server.RaftServerConfigKeys (ConfUtils.java:logGet(43)) - raft.server.log.statemachine.data.sync.timeout.retry = -1 (default)
2019-08-20 15:10:56,377 [pool-126-thread-1] INFO  server.RaftServerConfigKeys (ConfUtils.java:logGet(43)) - raft.server.log.statemachine.data.sync.timeout.retry = -1 (default)
2019-08-20 15:10:56,378 [pool-181-thread-1] INFO  server.RaftServerConfigKeys (ConfUtils.java:logGet(43)) - raft.server.log.statemachine.data.caching.enabled = true (custom)
2019-08-20 15:10:56,378 [pool-126-thread-1] INFO  server.RaftServerConfigKeys (ConfUtils.java:logGet(43)) - raft.server.log.statemachine.data.caching.enabled = true (custom)
2019-08-20 15:10:56,381 [pool-126-thread-1] INFO  segmented.SegmentedRaftLogWorker (SegmentedRaftLogWorker.java:lambda$new$0(132)) - fd4686f9-7c1a-4a65-a533-eb8353642aca-SegmentedRaftLogWorker:Storage Directory /workdir/hadoop-ozone/integration-test/target/test-dir/MiniOzoneClusterImpl-0ad89540-22db-434c-8df5-5baffcf642ae/datanode-0/data/ratis/231f1bb1-e668-4eee-bd8c-ab6bba3f4490: flushIndex: setUnconditionally 0 -> -1
2019-08-20 15:10:56,381 [pool-148-thread-1] INFO  segmented.SegmentedRaftLogWorker (SegmentedRaftLogWorker.java:lambda$new$0(132)) - 9083b2e0-0d12-4690-bbcc-fa1831cb2877-SegmentedRaftLogWorker:Storage Directory /workdir/hadoop-ozone/integration-test/target/test-dir/MiniOzoneClusterImpl-0ad89540-22db-434c-8df5-5baffcf642ae/datanode-2/data/ratis/a241723f-b005-4296-81e5-55a78d3868f6: flushIndex: setUnconditionally 0 -> -1
2019-08-20 15:10:56,381 [pool-181-thread-1] INFO  segmented.SegmentedRaftLogWorker (SegmentedRaftLogWorker.java:lambda$new$0(132)) - a6df67c4-b90a-4dd0-8d2c-e48bbab8adc7-SegmentedRaftLogWorker:Storage Directory /workdir/hadoop-ozone/integration-test/target/test-dir/MiniOzoneClusterImpl-0ad89540-22db-434c-8df5-5baffcf642ae/datanode-5/data/ratis/a241723f-b005-4296-81e5-55a78d3868f6: flushIndex: setUnconditionally 0 -> -1
2019-08-20 15:10:56,381 [pool-192-thread-1] INFO  segmented.SegmentedRaftLogWorker (SegmentedRaftLogWorker.java:lambda$new$0(132)) - 03526247-f18f-4f7b-a613-7fcfcc785a52-SegmentedRaftLogWorker:Storage Directory /workdir/hadoop-ozone/integration-test/target/test-dir/MiniOzoneClusterImpl-0ad89540-22db-434c-8df5-5baffcf642ae/datanode-6/data/ratis/a241723f-b005-4296-81e5-55a78d3868f6: flushIndex: setUnconditionally 0 -> -1
2019-08-20 15:10:56,382 [pool-148-thread-1] INFO  server.RaftServerConfigKeys (ConfUtils.java:logGet(43)) - raft.server.snapshot.auto.trigger.enabled = true (custom)
2019-08-20 15:10:56,382 [pool-126-thread-1] INFO  server.RaftServerConfigKeys (ConfUtils.java:logGet(43)) - raft.server.snapshot.auto.trigger.enabled = true (custom)
2019-08-20 15:10:56,382 [pool-148-thread-1] INFO  server.RaftServerConfigKeys (ConfUtils.java:logGet(43)) - raft.server.snapshot.auto.trigger.threshold = 10000 (custom)
2019-08-20 15:10:56,382 [pool-181-thread-1] INFO  server.RaftServerConfigKeys (ConfUtils.java:logGet(43)) - raft.server.snapshot.auto.trigger.enabled = true (custom)
2019-08-20 15:10:56,383 [pool-148-thread-1] INFO  server.RaftServerConfigKeys (ConfUtils.java:logGet(43)) - raft.server.retrycache.expirytime = 600000ms (custom)
2019-08-20 15:10:56,382 [pool-126-thread-1] INFO  server.RaftServerConfigKeys (ConfUtils.java:logGet(43)) - raft.server.snapshot.auto.trigger.threshold = 10000 (custom)
2019-08-20 15:10:56,382 [pool-192-thread-1] INFO  server.RaftServerConfigKeys (ConfUtils.java:logGet(43)) - raft.server.snapshot.auto.trigger.enabled = true (custom)
2019-08-20 15:10:56,383 [pool-126-thread-1] INFO  server.RaftServerConfigKeys (ConfUtils.java:logGet(43)) - raft.server.retrycache.expirytime = 600000ms (custom)
2019-08-20 15:10:56,383 [pool-181-thread-1] INFO  server.RaftServerConfigKeys (ConfUtils.java:logGet(43)) - raft.server.snapshot.auto.trigger.threshold = 10000 (custom)
2019-08-20 15:10:56,383 [pool-126-thread-1] INFO  impl.RaftServerImpl (RaftServerImpl.java:start(180)) - fd4686f9-7c1a-4a65-a533-eb8353642aca: start group-AB6BBA3F4490
2019-08-20 15:10:56,383 [pool-192-thread-1] INFO  server.RaftServerConfigKeys (ConfUtils.java:logGet(43)) - raft.server.snapshot.auto.trigger.threshold = 10000 (custom)
2019-08-20 15:10:56,384 [pool-126-thread-1] INFO  impl.RaftServerImpl (RaftServerImpl.java:setRole(171)) - fd4686f9-7c1a-4a65-a533-eb8353642aca:group-AB6BBA3F4490 changes role from null to FOLLOWER at term 0 for startAsFollower
2019-08-20 15:10:56,384 [pool-181-thread-1] INFO  server.RaftServerConfigKeys (ConfUtils.java:logGet(43)) - raft.server.retrycache.expirytime = 600000ms (custom)
2019-08-20 15:10:56,384 [pool-126-thread-1] INFO  impl.RoleInfo (RoleInfo.java:updateAndGet(143)) - fd4686f9-7c1a-4a65-a533-eb8353642aca: start FollowerState
2019-08-20 15:10:56,384 [pool-192-thread-1] INFO  server.RaftServerConfigKeys (ConfUtils.java:logGet(43)) - raft.server.retrycache.expirytime = 600000ms (custom)
2019-08-20 15:10:56,385 [pool-148-thread-1] INFO  impl.RaftServerImpl (RaftServerImpl.java:<init>(93)) - 9083b2e0-0d12-4690-bbcc-fa1831cb2877: new RaftServerImpl for group-4F1559E1E3EB:[03526247-f18f-4f7b-a613-7fcfcc785a52:192.168.36.99:40286, a6df67c4-b90a-4dd0-8d2c-e48bbab8adc7:192.168.36.99:39930, 9083b2e0-0d12-4690-bbcc-fa1831cb2877:192.168.36.99:43356] with ContainerStateMachine:uninitialized
2019-08-20 15:10:56,385 [pool-148-thread-1] INFO  server.RaftServerConfigKeys (ConfUtils.java:logGet(43)) - raft.server.rpc.timeout.min = 5s (custom)
2019-08-20 15:10:56,385 [pool-148-thread-1] INFO  server.RaftServerConfigKeys (ConfUtils.java:logGet(43)) - raft.server.rpc.timeout.max = 5200ms (custom)
2019-08-20 15:10:56,386 [pool-148-thread-1] INFO  server.RaftServerConfigKeys (ConfUtils.java:logGet(43)) - raft.server.rpcslowness.timeout = 120s (custom)
2019-08-20 15:10:56,386 [pool-148-thread-1] INFO  server.RaftServerConfigKeys (ConfUtils.java:logGet(43)) - raft.server.sleep.deviation.threshold = 300 (default)
2019-08-20 15:10:56,386 [pool-148-thread-1] INFO  server.RaftServerConfigKeys (ConfUtils.java:logGet(43)) - raft.server.log.appender.install.snapshot.enabled = false (custom)
2019-08-20 15:10:56,386 [pool-148-thread-1] INFO  impl.RaftServerImpl (ServerState.java:<init>(105)) - 9083b2e0-0d12-4690-bbcc-fa1831cb2877:group-4F1559E1E3EB ConfigurationManager, init=-1: [03526247-f18f-4f7b-a613-7fcfcc785a52:192.168.36.99:40286, a6df67c4-b90a-4dd0-8d2c-e48bbab8adc7:192.168.36.99:39930, 9083b2e0-0d12-4690-bbcc-fa1831cb2877:192.168.36.99:43356], old=null, confs=<EMPTY_MAP>
2019-08-20 15:10:56,386 [pool-148-thread-1] INFO  server.RaftServerConfigKeys (ConfUtils.java:logGet(43)) - raft.server.storage.dir = [/workdir/hadoop-ozone/integration-test/target/test-dir/MiniOzoneClusterImpl-0ad89540-22db-434c-8df5-5baffcf642ae/datanode-2/data/ratis] (custom)
2019-08-20 15:10:56,386 [pool-126-thread-1] INFO  util.JmxRegister (JmxRegister.java:tryRegister(44)) - Successfully registered JMX Bean with object name Ratis:service=RaftServer,group=group-AB6BBA3F4490,id=fd4686f9-7c1a-4a65-a533-eb8353642aca
2019-08-20 15:10:56,386 [pool-181-thread-1] INFO  impl.RaftServerImpl (RaftServerImpl.java:<init>(93)) - a6df67c4-b90a-4dd0-8d2c-e48bbab8adc7: new RaftServerImpl for group-4F1559E1E3EB:[03526247-f18f-4f7b-a613-7fcfcc785a52:192.168.36.99:40286, a6df67c4-b90a-4dd0-8d2c-e48bbab8adc7:192.168.36.99:39930, 9083b2e0-0d12-4690-bbcc-fa1831cb2877:192.168.36.99:43356] with ContainerStateMachine:uninitialized
2019-08-20 15:10:56,387 [pool-148-thread-1] INFO  storage.RaftStorageDirectory (RaftStorageDirectory.java:analyzeStorage(246)) - The storage directory /workdir/hadoop-ozone/integration-test/target/test-dir/MiniOzoneClusterImpl-0ad89540-22db-434c-8df5-5baffcf642ae/datanode-2/data/ratis/2563415a-99ad-4403-b246-4f1559e1e3eb does not exist. Creating ...
2019-08-20 15:10:56,387 [pool-181-thread-1] INFO  server.RaftServerConfigKeys (ConfUtils.java:logGet(43)) - raft.server.rpc.timeout.min = 5s (custom)
2019-08-20 15:10:56,387 [pool-181-thread-1] INFO  server.RaftServerConfigKeys (ConfUtils.java:logGet(43)) - raft.server.rpc.timeout.max = 5200ms (custom)
2019-08-20 15:10:56,387 [pool-181-thread-1] INFO  server.RaftServerConfigKeys (ConfUtils.java:logGet(43)) - raft.server.rpcslowness.timeout = 120s (custom)
2019-08-20 15:10:56,387 [pool-181-thread-1] INFO  server.RaftServerConfigKeys (ConfUtils.java:logGet(43)) - raft.server.sleep.deviation.threshold = 300 (default)
2019-08-20 15:10:56,388 [pool-181-thread-1] INFO  server.RaftServerConfigKeys (ConfUtils.java:logGet(43)) - raft.server.log.appender.install.snapshot.enabled = false (custom)
2019-08-20 15:10:56,388 [pool-181-thread-1] INFO  impl.RaftServerImpl (ServerState.java:<init>(105)) - a6df67c4-b90a-4dd0-8d2c-e48bbab8adc7:group-4F1559E1E3EB ConfigurationManager, init=-1: [03526247-f18f-4f7b-a613-7fcfcc785a52:192.168.36.99:40286, a6df67c4-b90a-4dd0-8d2c-e48bbab8adc7:192.168.36.99:39930, 9083b2e0-0d12-4690-bbcc-fa1831cb2877:192.168.36.99:43356], old=null, confs=<EMPTY_MAP>
2019-08-20 15:10:56,388 [pool-192-thread-1] INFO  impl.RaftServerImpl (RaftServerImpl.java:<init>(93)) - 03526247-f18f-4f7b-a613-7fcfcc785a52: new RaftServerImpl for group-A775791AA460:[03526247-f18f-4f7b-a613-7fcfcc785a52:192.168.36.99:40286] with ContainerStateMachine:uninitialized
2019-08-20 15:10:56,388 [pool-181-thread-1] INFO  server.RaftServerConfigKeys (ConfUtils.java:logGet(43)) - raft.server.storage.dir = [/workdir/hadoop-ozone/integration-test/target/test-dir/MiniOzoneClusterImpl-0ad89540-22db-434c-8df5-5baffcf642ae/datanode-5/data/ratis] (custom)
2019-08-20 15:10:56,388 [pool-192-thread-1] INFO  server.RaftServerConfigKeys (ConfUtils.java:logGet(43)) - raft.server.rpc.timeout.min = 5s (custom)
2019-08-20 15:10:56,388 [pool-192-thread-1] INFO  server.RaftServerConfigKeys (ConfUtils.java:logGet(43)) - raft.server.rpc.timeout.max = 5200ms (custom)
2019-08-20 15:10:56,388 [pool-181-thread-1] INFO  storage.RaftStorageDirectory (RaftStorageDirectory.java:analyzeStorage(246)) - The storage directory /workdir/hadoop-ozone/integration-test/target/test-dir/MiniOzoneClusterImpl-0ad89540-22db-434c-8df5-5baffcf642ae/datanode-5/data/ratis/2563415a-99ad-4403-b246-4f1559e1e3eb does not exist. Creating ...
2019-08-20 15:10:56,388 [pool-192-thread-1] INFO  server.RaftServerConfigKeys (ConfUtils.java:logGet(43)) - raft.server.rpcslowness.timeout = 120s (custom)
2019-08-20 15:10:56,389 [pool-192-thread-1] INFO  server.RaftServerConfigKeys (ConfUtils.java:logGet(43)) - raft.server.sleep.deviation.threshold = 300 (default)
2019-08-20 15:10:56,389 [pool-192-thread-1] INFO  server.RaftServerConfigKeys (ConfUtils.java:logGet(43)) - raft.server.log.appender.install.snapshot.enabled = false (custom)
2019-08-20 15:10:56,389 [pool-192-thread-1] INFO  impl.RaftServerImpl (ServerState.java:<init>(105)) - 03526247-f18f-4f7b-a613-7fcfcc785a52:group-A775791AA460 ConfigurationManager, init=-1: [03526247-f18f-4f7b-a613-7fcfcc785a52:192.168.36.99:40286], old=null, confs=<EMPTY_MAP>
2019-08-20 15:10:56,389 [pool-192-thread-1] INFO  server.RaftServerConfigKeys (ConfUtils.java:logGet(43)) - raft.server.storage.dir = [/workdir/hadoop-ozone/integration-test/target/test-dir/MiniOzoneClusterImpl-0ad89540-22db-434c-8df5-5baffcf642ae/datanode-6/data/ratis] (custom)
2019-08-20 15:10:56,389 [pool-192-thread-1] INFO  storage.RaftStorageDirectory (RaftStorageDirectory.java:analyzeStorage(246)) - The storage directory /workdir/hadoop-ozone/integration-test/target/test-dir/MiniOzoneClusterImpl-0ad89540-22db-434c-8df5-5baffcf642ae/datanode-6/data/ratis/f766518d-0344-4827-b0f9-a775791aa460 does not exist. Creating ...
2019-08-20 15:10:56,399 [pool-181-thread-1] INFO  storage.RaftStorageDirectory (RaftStorageDirectory.java:tryLock(328)) - Lock on /workdir/hadoop-ozone/integration-test/target/test-dir/MiniOzoneClusterImpl-0ad89540-22db-434c-8df5-5baffcf642ae/datanode-5/data/ratis/2563415a-99ad-4403-b246-4f1559e1e3eb/in_use.lock acquired by nodename 14127@pr-hdds-1950-vsl5z-1698008226
2019-08-20 15:10:56,399 [pool-148-thread-1] INFO  storage.RaftStorageDirectory (RaftStorageDirectory.java:tryLock(328)) - Lock on /workdir/hadoop-ozone/integration-test/target/test-dir/MiniOzoneClusterImpl-0ad89540-22db-434c-8df5-5baffcf642ae/datanode-2/data/ratis/2563415a-99ad-4403-b246-4f1559e1e3eb/in_use.lock acquired by nodename 14127@pr-hdds-1950-vsl5z-1698008226
2019-08-20 15:10:56,399 [pool-192-thread-1] INFO  storage.RaftStorageDirectory (RaftStorageDirectory.java:tryLock(328)) - Lock on /workdir/hadoop-ozone/integration-test/target/test-dir/MiniOzoneClusterImpl-0ad89540-22db-434c-8df5-5baffcf642ae/datanode-6/data/ratis/f766518d-0344-4827-b0f9-a775791aa460/in_use.lock acquired by nodename 14127@pr-hdds-1950-vsl5z-1698008226
2019-08-20 15:10:56,425 [pool-148-thread-1] INFO  storage.RaftStorage (RaftStorage.java:format(72)) - Storage directory /workdir/hadoop-ozone/integration-test/target/test-dir/MiniOzoneClusterImpl-0ad89540-22db-434c-8df5-5baffcf642ae/datanode-2/data/ratis/2563415a-99ad-4403-b246-4f1559e1e3eb has been successfully formatted.
2019-08-20 15:10:56,425 [pool-181-thread-1] INFO  storage.RaftStorage (RaftStorage.java:format(72)) - Storage directory /workdir/hadoop-ozone/integration-test/target/test-dir/MiniOzoneClusterImpl-0ad89540-22db-434c-8df5-5baffcf642ae/datanode-5/data/ratis/2563415a-99ad-4403-b246-4f1559e1e3eb has been successfully formatted.
2019-08-20 15:10:56,425 [pool-192-thread-1] INFO  storage.RaftStorage (RaftStorage.java:format(72)) - Storage directory /workdir/hadoop-ozone/integration-test/target/test-dir/MiniOzoneClusterImpl-0ad89540-22db-434c-8df5-5baffcf642ae/datanode-6/data/ratis/f766518d-0344-4827-b0f9-a775791aa460 has been successfully formatted.
2019-08-20 15:10:56,426 [pool-181-thread-1] INFO  ratis.ContainerStateMachine (ContainerStateMachine.java:loadSnapshot(222)) - group-4F1559E1E3EB: The snapshot info is null. Setting the last applied indexto:(t:0, i:~)
2019-08-20 15:10:56,425 [pool-148-thread-1] INFO  ratis.ContainerStateMachine (ContainerStateMachine.java:loadSnapshot(222)) - group-4F1559E1E3EB: The snapshot info is null. Setting the last applied indexto:(t:0, i:~)
2019-08-20 15:10:56,426 [pool-181-thread-1] INFO  server.RaftServerConfigKeys (ConfUtils.java:logGet(43)) - raft.server.leader.election.timeout = 120s (custom)
2019-08-20 15:10:56,426 [pool-192-thread-1] INFO  ratis.ContainerStateMachine (ContainerStateMachine.java:loadSnapshot(222)) - group-A775791AA460: The snapshot info is null. Setting the last applied indexto:(t:0, i:~)
2019-08-20 15:10:56,426 [pool-181-thread-1] INFO  server.RaftServerConfigKeys (ConfUtils.java:logGet(43)) - raft.server.log.use.memory = false (default)
2019-08-20 15:10:56,426 [pool-148-thread-1] INFO  server.RaftServerConfigKeys (ConfUtils.java:logGet(43)) - raft.server.leader.election.timeout = 120s (custom)
2019-08-20 15:10:56,426 [pool-181-thread-1] INFO  server.RaftServerConfigKeys (ConfUtils.java:logGet(43)) - raft.server.log.purge.gap = 1000000 (custom)
2019-08-20 15:10:56,426 [pool-192-thread-1] INFO  server.RaftServerConfigKeys (ConfUtils.java:logGet(43)) - raft.server.leader.election.timeout = 120s (custom)
2019-08-20 15:10:56,427 [pool-181-thread-1] INFO  server.RaftServerConfigKeys (ConfUtils.java:logGet(43)) - raft.server.log.appender.buffer.byte-limit = 33554432 (custom)
2019-08-20 15:10:56,426 [pool-148-thread-1] INFO  server.RaftServerConfigKeys (ConfUtils.java:logGet(43)) - raft.server.log.use.memory = false (default)
2019-08-20 15:10:56,427 [pool-181-thread-1] INFO  server.RaftServerConfigKeys (ConfUtils.java:logGet(43)) - raft.server.log.segment.size.max = 1048576 (custom)
2019-08-20 15:10:56,427 [pool-192-thread-1] INFO  server.RaftServerConfigKeys (ConfUtils.java:logGet(43)) - raft.server.log.use.memory = false (default)
2019-08-20 15:10:56,427 [pool-181-thread-1] INFO  server.RaftServerConfigKeys (ConfUtils.java:logGet(43)) - raft.server.log.segment.cache.num.max = 2 (custom)
2019-08-20 15:10:56,427 [pool-148-thread-1] INFO  server.RaftServerConfigKeys (ConfUtils.java:logGet(43)) - raft.server.log.purge.gap = 1000000 (custom)
2019-08-20 15:10:56,427 [pool-181-thread-1] INFO  segmented.SegmentedRaftLogWorker (SegmentedRaftLogWorker.java:<init>(172)) - new a6df67c4-b90a-4dd0-8d2c-e48bbab8adc7-SegmentedRaftLogWorker:Storage Directory /workdir/hadoop-ozone/integration-test/target/test-dir/MiniOzoneClusterImpl-0ad89540-22db-434c-8df5-5baffcf642ae/datanode-5/data/ratis/2563415a-99ad-4403-b246-4f1559e1e3eb for RaftStorage:Storage Directory /workdir/hadoop-ozone/integration-test/target/test-dir/MiniOzoneClusterImpl-0ad89540-22db-434c-8df5-5baffcf642ae/datanode-5/data/ratis/2563415a-99ad-4403-b246-4f1559e1e3eb
2019-08-20 15:10:56,427 [pool-192-thread-1] INFO  server.RaftServerConfigKeys (ConfUtils.java:logGet(43)) - raft.server.log.purge.gap = 1000000 (custom)
2019-08-20 15:10:56,428 [pool-181-thread-1] INFO  server.RaftServerConfigKeys (ConfUtils.java:logGet(43)) - raft.server.log.queue.byte-limit = 2147483647 (custom)
2019-08-20 15:10:56,428 [pool-148-thread-1] INFO  server.RaftServerConfigKeys (ConfUtils.java:logGet(43)) - raft.server.log.appender.buffer.byte-limit = 33554432 (custom)
2019-08-20 15:10:56,428 [pool-181-thread-1] INFO  server.RaftServerConfigKeys (ConfUtils.java:logGet(43)) - raft.server.log.queue.element-limit = 1024 (custom)
2019-08-20 15:10:56,428 [pool-192-thread-1] INFO  server.RaftServerConfigKeys (ConfUtils.java:logGet(43)) - raft.server.log.appender.buffer.byte-limit = 33554432 (custom)
2019-08-20 15:10:56,428 [pool-181-thread-1] INFO  server.RaftServerConfigKeys (ConfUtils.java:logGet(43)) - raft.server.log.segment.size.max = 1048576 (custom)
2019-08-20 15:10:56,428 [pool-148-thread-1] INFO  server.RaftServerConfigKeys (ConfUtils.java:logGet(43)) - raft.server.log.segment.size.max = 1048576 (custom)
2019-08-20 15:10:56,429 [pool-181-thread-1] INFO  server.RaftServerConfigKeys (ConfUtils.java:logGet(43)) - raft.server.log.preallocated.size = 16384 (custom)
2019-08-20 15:10:56,428 [pool-192-thread-1] INFO  server.RaftServerConfigKeys (ConfUtils.java:logGet(43)) - raft.server.log.segment.size.max = 1048576 (custom)
2019-08-20 15:10:56,429 [pool-181-thread-1] INFO  server.RaftServerConfigKeys (ConfUtils.java:logGet(43)) - raft.server.log.write.buffer.size = 33554432 (custom)
2019-08-20 15:10:56,429 [pool-148-thread-1] INFO  server.RaftServerConfigKeys (ConfUtils.java:logGet(43)) - raft.server.log.segment.cache.num.max = 2 (custom)
2019-08-20 15:10:56,429 [pool-181-thread-1] INFO  server.RaftServerConfigKeys (ConfUtils.java:logGet(43)) - raft.server.log.force.sync.num = 128 (default)
2019-08-20 15:10:56,429 [pool-192-thread-1] INFO  server.RaftServerConfigKeys (ConfUtils.java:logGet(43)) - raft.server.log.segment.cache.num.max = 2 (custom)
2019-08-20 15:10:56,429 [pool-181-thread-1] INFO  server.RaftServerConfigKeys (ConfUtils.java:logGet(43)) - raft.server.log.statemachine.data.sync = true (default)
2019-08-20 15:10:56,429 [pool-148-thread-1] INFO  segmented.SegmentedRaftLogWorker (SegmentedRaftLogWorker.java:<init>(172)) - new 9083b2e0-0d12-4690-bbcc-fa1831cb2877-SegmentedRaftLogWorker:Storage Directory /workdir/hadoop-ozone/integration-test/target/test-dir/MiniOzoneClusterImpl-0ad89540-22db-434c-8df5-5baffcf642ae/datanode-2/data/ratis/2563415a-99ad-4403-b246-4f1559e1e3eb for RaftStorage:Storage Directory /workdir/hadoop-ozone/integration-test/target/test-dir/MiniOzoneClusterImpl-0ad89540-22db-434c-8df5-5baffcf642ae/datanode-2/data/ratis/2563415a-99ad-4403-b246-4f1559e1e3eb
2019-08-20 15:10:56,429 [pool-181-thread-1] INFO  server.RaftServerConfigKeys (ConfUtils.java:logGet(43)) - raft.server.log.statemachine.data.sync.timeout = 10s (default)
2019-08-20 15:10:56,429 [pool-192-thread-1] INFO  segmented.SegmentedRaftLogWorker (SegmentedRaftLogWorker.java:<init>(172)) - new 03526247-f18f-4f7b-a613-7fcfcc785a52-SegmentedRaftLogWorker:Storage Directory /workdir/hadoop-ozone/integration-test/target/test-dir/MiniOzoneClusterImpl-0ad89540-22db-434c-8df5-5baffcf642ae/datanode-6/data/ratis/f766518d-0344-4827-b0f9-a775791aa460 for RaftStorage:Storage Directory /workdir/hadoop-ozone/integration-test/target/test-dir/MiniOzoneClusterImpl-0ad89540-22db-434c-8df5-5baffcf642ae/datanode-6/data/ratis/f766518d-0344-4827-b0f9-a775791aa460
2019-08-20 15:10:56,430 [pool-181-thread-1] INFO  server.RaftServerConfigKeys (ConfUtils.java:logGet(43)) - raft.server.log.statemachine.data.sync.timeout.retry = -1 (default)
2019-08-20 15:10:56,430 [pool-148-thread-1] INFO  server.RaftServerConfigKeys (ConfUtils.java:logGet(43)) - raft.server.log.queue.byte-limit = 2147483647 (custom)
2019-08-20 15:10:56,430 [pool-181-thread-1] INFO  server.RaftServerConfigKeys (ConfUtils.java:logGet(43)) - raft.server.log.statemachine.data.caching.enabled = true (custom)
2019-08-20 15:10:56,430 [pool-192-thread-1] INFO  server.RaftServerConfigKeys (ConfUtils.java:logGet(43)) - raft.server.log.queue.byte-limit = 2147483647 (custom)
2019-08-20 15:10:56,430 [pool-148-thread-1] INFO  server.RaftServerConfigKeys (ConfUtils.java:logGet(43)) - raft.server.log.queue.element-limit = 1024 (custom)
2019-08-20 15:10:56,430 [pool-181-thread-1] INFO  segmented.SegmentedRaftLogWorker (SegmentedRaftLogWorker.java:lambda$new$0(132)) - a6df67c4-b90a-4dd0-8d2c-e48bbab8adc7-SegmentedRaftLogWorker:Storage Directory /workdir/hadoop-ozone/integration-test/target/test-dir/MiniOzoneClusterImpl-0ad89540-22db-434c-8df5-5baffcf642ae/datanode-5/data/ratis/2563415a-99ad-4403-b246-4f1559e1e3eb: flushIndex: setUnconditionally 0 -> -1
2019-08-20 15:10:56,430 [pool-192-thread-1] INFO  server.RaftServerConfigKeys (ConfUtils.java:logGet(43)) - raft.server.log.queue.element-limit = 1024 (custom)
2019-08-20 15:10:56,430 [pool-148-thread-1] INFO  server.RaftServerConfigKeys (ConfUtils.java:logGet(43)) - raft.server.log.segment.size.max = 1048576 (custom)
2019-08-20 15:10:56,431 [pool-181-thread-1] INFO  server.RaftServerConfigKeys (ConfUtils.java:logGet(43)) - raft.server.snapshot.auto.trigger.enabled = true (custom)
2019-08-20 15:10:56,431 [pool-192-thread-1] INFO  server.RaftServerConfigKeys (ConfUtils.java:logGet(43)) - raft.server.log.segment.size.max = 1048576 (custom)
2019-08-20 15:10:56,431 [pool-181-thread-1] INFO  server.RaftServerConfigKeys (ConfUtils.java:logGet(43)) - raft.server.snapshot.auto.trigger.threshold = 10000 (custom)
2019-08-20 15:10:56,431 [pool-148-thread-1] INFO  server.RaftServerConfigKeys (ConfUtils.java:logGet(43)) - raft.server.log.preallocated.size = 16384 (custom)
2019-08-20 15:10:56,431 [pool-181-thread-1] INFO  server.RaftServerConfigKeys (ConfUtils.java:logGet(43)) - raft.server.retrycache.expirytime = 600000ms (custom)
2019-08-20 15:10:56,431 [pool-192-thread-1] INFO  server.RaftServerConfigKeys (ConfUtils.java:logGet(43)) - raft.server.log.preallocated.size = 16384 (custom)
2019-08-20 15:10:56,431 [pool-148-thread-1] INFO  server.RaftServerConfigKeys (ConfUtils.java:logGet(43)) - raft.server.log.write.buffer.size = 33554432 (custom)
2019-08-20 15:10:56,431 [pool-192-thread-1] INFO  server.RaftServerConfigKeys (ConfUtils.java:logGet(43)) - raft.server.log.write.buffer.size = 33554432 (custom)
2019-08-20 15:10:56,432 [pool-148-thread-1] INFO  server.RaftServerConfigKeys (ConfUtils.java:logGet(43)) - raft.server.log.force.sync.num = 128 (default)
2019-08-20 15:10:56,432 [pool-192-thread-1] INFO  server.RaftServerConfigKeys (ConfUtils.java:logGet(43)) - raft.server.log.force.sync.num = 128 (default)
2019-08-20 15:10:56,432 [pool-148-thread-1] INFO  server.RaftServerConfigKeys (ConfUtils.java:logGet(43)) - raft.server.log.statemachine.data.sync = true (default)
2019-08-20 15:10:56,432 [pool-192-thread-1] INFO  server.RaftServerConfigKeys (ConfUtils.java:logGet(43)) - raft.server.log.statemachine.data.sync = true (default)
2019-08-20 15:10:56,432 [pool-148-thread-1] INFO  server.RaftServerConfigKeys (ConfUtils.java:logGet(43)) - raft.server.log.statemachine.data.sync.timeout = 10s (default)
2019-08-20 15:10:56,432 [pool-192-thread-1] INFO  server.RaftServerConfigKeys (ConfUtils.java:logGet(43)) - raft.server.log.statemachine.data.sync.timeout = 10s (default)
2019-08-20 15:10:56,432 [pool-148-thread-1] INFO  server.RaftServerConfigKeys (ConfUtils.java:logGet(43)) - raft.server.log.statemachine.data.sync.timeout.retry = -1 (default)
2019-08-20 15:10:56,433 [pool-192-thread-1] INFO  server.RaftServerConfigKeys (ConfUtils.java:logGet(43)) - raft.server.log.statemachine.data.sync.timeout.retry = -1 (default)
2019-08-20 15:10:56,433 [pool-148-thread-1] INFO  server.RaftServerConfigKeys (ConfUtils.java:logGet(43)) - raft.server.log.statemachine.data.caching.enabled = true (custom)
2019-08-20 15:10:56,433 [pool-192-thread-1] INFO  server.RaftServerConfigKeys (ConfUtils.java:logGet(43)) - raft.server.log.statemachine.data.caching.enabled = true (custom)
2019-08-20 15:10:56,433 [pool-181-thread-1] INFO  impl.RaftServerImpl (RaftServerImpl.java:<init>(93)) - a6df67c4-b90a-4dd0-8d2c-e48bbab8adc7: new RaftServerImpl for group-22B12B17425C:[03526247-f18f-4f7b-a613-7fcfcc785a52:192.168.36.99:40286, a6df67c4-b90a-4dd0-8d2c-e48bbab8adc7:192.168.36.99:39930, 9083b2e0-0d12-4690-bbcc-fa1831cb2877:192.168.36.99:43356] with ContainerStateMachine:uninitialized
2019-08-20 15:10:56,433 [pool-148-thread-1] INFO  segmented.SegmentedRaftLogWorker (SegmentedRaftLogWorker.java:lambda$new$0(132)) - 9083b2e0-0d12-4690-bbcc-fa1831cb2877-SegmentedRaftLogWorker:Storage Directory /workdir/hadoop-ozone/integration-test/target/test-dir/MiniOzoneClusterImpl-0ad89540-22db-434c-8df5-5baffcf642ae/datanode-2/data/ratis/2563415a-99ad-4403-b246-4f1559e1e3eb: flushIndex: setUnconditionally 0 -> -1
2019-08-20 15:10:56,433 [pool-181-thread-1] INFO  server.RaftServerConfigKeys (ConfUtils.java:logGet(43)) - raft.server.rpc.timeout.min = 5s (custom)
2019-08-20 15:10:56,433 [pool-192-thread-1] INFO  segmented.SegmentedRaftLogWorker (SegmentedRaftLogWorker.java:lambda$new$0(132)) - 03526247-f18f-4f7b-a613-7fcfcc785a52-SegmentedRaftLogWorker:Storage Directory /workdir/hadoop-ozone/integration-test/target/test-dir/MiniOzoneClusterImpl-0ad89540-22db-434c-8df5-5baffcf642ae/datanode-6/data/ratis/f766518d-0344-4827-b0f9-a775791aa460: flushIndex: setUnconditionally 0 -> -1
2019-08-20 15:10:56,433 [pool-181-thread-1] INFO  server.RaftServerConfigKeys (ConfUtils.java:logGet(43)) - raft.server.rpc.timeout.max = 5200ms (custom)
2019-08-20 15:10:56,433 [pool-148-thread-1] INFO  server.RaftServerConfigKeys (ConfUtils.java:logGet(43)) - raft.server.snapshot.auto.trigger.enabled = true (custom)
2019-08-20 15:10:56,434 [pool-192-thread-1] INFO  server.RaftServerConfigKeys (ConfUtils.java:logGet(43)) - raft.server.snapshot.auto.trigger.enabled = true (custom)
2019-08-20 15:10:56,434 [pool-181-thread-1] INFO  server.RaftServerConfigKeys (ConfUtils.java:logGet(43)) - raft.server.rpcslowness.timeout = 120s (custom)
2019-08-20 15:10:56,434 [pool-192-thread-1] INFO  server.RaftServerConfigKeys (ConfUtils.java:logGet(43)) - raft.server.snapshot.auto.trigger.threshold = 10000 (custom)
2019-08-20 15:10:56,434 [pool-148-thread-1] INFO  server.RaftServerConfigKeys (ConfUtils.java:logGet(43)) - raft.server.snapshot.auto.trigger.threshold = 10000 (custom)
2019-08-20 15:10:56,434 [pool-192-thread-1] INFO  server.RaftServerConfigKeys (ConfUtils.java:logGet(43)) - raft.server.retrycache.expirytime = 600000ms (custom)
2019-08-20 15:10:56,434 [pool-181-thread-1] INFO  server.RaftServerConfigKeys (ConfUtils.java:logGet(43)) - raft.server.sleep.deviation.threshold = 300 (default)
2019-08-20 15:10:56,434 [pool-148-thread-1] INFO  server.RaftServerConfigKeys (ConfUtils.java:logGet(43)) - raft.server.retrycache.expirytime = 600000ms (custom)
2019-08-20 15:10:56,434 [pool-181-thread-1] INFO  server.RaftServerConfigKeys (ConfUtils.java:logGet(43)) - raft.server.log.appender.install.snapshot.enabled = false (custom)
2019-08-20 15:10:56,435 [pool-181-thread-1] INFO  impl.RaftServerImpl (ServerState.java:<init>(105)) - a6df67c4-b90a-4dd0-8d2c-e48bbab8adc7:group-22B12B17425C ConfigurationManager, init=-1: [03526247-f18f-4f7b-a613-7fcfcc785a52:192.168.36.99:40286, a6df67c4-b90a-4dd0-8d2c-e48bbab8adc7:192.168.36.99:39930, 9083b2e0-0d12-4690-bbcc-fa1831cb2877:192.168.36.99:43356], old=null, confs=<EMPTY_MAP>
2019-08-20 15:10:56,435 [pool-181-thread-1] INFO  server.RaftServerConfigKeys (ConfUtils.java:logGet(43)) - raft.server.storage.dir = [/workdir/hadoop-ozone/integration-test/target/test-dir/MiniOzoneClusterImpl-0ad89540-22db-434c-8df5-5baffcf642ae/datanode-5/data/ratis] (custom)
2019-08-20 15:10:56,435 [pool-181-thread-1] INFO  storage.RaftStorageDirectory (RaftStorageDirectory.java:analyzeStorage(246)) - The storage directory /workdir/hadoop-ozone/integration-test/target/test-dir/MiniOzoneClusterImpl-0ad89540-22db-434c-8df5-5baffcf642ae/datanode-5/data/ratis/ac29b5af-f1b5-4d49-9753-22b12b17425c does not exist. Creating ...
2019-08-20 15:10:56,435 [pool-192-thread-1] INFO  impl.RaftServerImpl (RaftServerImpl.java:<init>(93)) - 03526247-f18f-4f7b-a613-7fcfcc785a52: new RaftServerImpl for group-4F1559E1E3EB:[03526247-f18f-4f7b-a613-7fcfcc785a52:192.168.36.99:40286, a6df67c4-b90a-4dd0-8d2c-e48bbab8adc7:192.168.36.99:39930, 9083b2e0-0d12-4690-bbcc-fa1831cb2877:192.168.36.99:43356] with ContainerStateMachine:uninitialized
2019-08-20 15:10:56,435 [pool-192-thread-1] INFO  server.RaftServerConfigKeys (ConfUtils.java:logGet(43)) - raft.server.rpc.timeout.min = 5s (custom)
2019-08-20 15:10:56,436 [pool-192-thread-1] INFO  server.RaftServerConfigKeys (ConfUtils.java:logGet(43)) - raft.server.rpc.timeout.max = 5200ms (custom)
2019-08-20 15:10:56,436 [pool-192-thread-1] INFO  server.RaftServerConfigKeys (ConfUtils.java:logGet(43)) - raft.server.rpcslowness.timeout = 120s (custom)
2019-08-20 15:10:56,436 [pool-148-thread-1] INFO  impl.RaftServerImpl (RaftServerImpl.java:<init>(93)) - 9083b2e0-0d12-4690-bbcc-fa1831cb2877: new RaftServerImpl for group-22B12B17425C:[03526247-f18f-4f7b-a613-7fcfcc785a52:192.168.36.99:40286, a6df67c4-b90a-4dd0-8d2c-e48bbab8adc7:192.168.36.99:39930, 9083b2e0-0d12-4690-bbcc-fa1831cb2877:192.168.36.99:43356] with ContainerStateMachine:uninitialized
2019-08-20 15:10:56,436 [pool-192-thread-1] INFO  server.RaftServerConfigKeys (ConfUtils.java:logGet(43)) - raft.server.sleep.deviation.threshold = 300 (default)
2019-08-20 15:10:56,436 [pool-148-thread-1] INFO  server.RaftServerConfigKeys (ConfUtils.java:logGet(43)) - raft.server.rpc.timeout.min = 5s (custom)
2019-08-20 15:10:56,436 [pool-192-thread-1] INFO  server.RaftServerConfigKeys (ConfUtils.java:logGet(43)) - raft.server.log.appender.install.snapshot.enabled = false (custom)
2019-08-20 15:10:56,436 [pool-148-thread-1] INFO  server.RaftServerConfigKeys (ConfUtils.java:logGet(43)) - raft.server.rpc.timeout.max = 5200ms (custom)
2019-08-20 15:10:56,436 [pool-192-thread-1] INFO  impl.RaftServerImpl (ServerState.java:<init>(105)) - 03526247-f18f-4f7b-a613-7fcfcc785a52:group-4F1559E1E3EB ConfigurationManager, init=-1: [03526247-f18f-4f7b-a613-7fcfcc785a52:192.168.36.99:40286, a6df67c4-b90a-4dd0-8d2c-e48bbab8adc7:192.168.36.99:39930, 9083b2e0-0d12-4690-bbcc-fa1831cb2877:192.168.36.99:43356], old=null, confs=<EMPTY_MAP>
2019-08-20 15:10:56,436 [pool-148-thread-1] INFO  server.RaftServerConfigKeys (ConfUtils.java:logGet(43)) - raft.server.rpcslowness.timeout = 120s (custom)
2019-08-20 15:10:56,436 [pool-192-thread-1] INFO  server.RaftServerConfigKeys (ConfUtils.java:logGet(43)) - raft.server.storage.dir = [/workdir/hadoop-ozone/integration-test/target/test-dir/MiniOzoneClusterImpl-0ad89540-22db-434c-8df5-5baffcf642ae/datanode-6/data/ratis] (custom)
2019-08-20 15:10:56,436 [pool-148-thread-1] INFO  server.RaftServerConfigKeys (ConfUtils.java:logGet(43)) - raft.server.sleep.deviation.threshold = 300 (default)
2019-08-20 15:10:56,437 [pool-148-thread-1] INFO  server.RaftServerConfigKeys (ConfUtils.java:logGet(43)) - raft.server.log.appender.install.snapshot.enabled = false (custom)
2019-08-20 15:10:56,437 [pool-148-thread-1] INFO  impl.RaftServerImpl (ServerState.java:<init>(105)) - 9083b2e0-0d12-4690-bbcc-fa1831cb2877:group-22B12B17425C ConfigurationManager, init=-1: [03526247-f18f-4f7b-a613-7fcfcc785a52:192.168.36.99:40286, a6df67c4-b90a-4dd0-8d2c-e48bbab8adc7:192.168.36.99:39930, 9083b2e0-0d12-4690-bbcc-fa1831cb2877:192.168.36.99:43356], old=null, confs=<EMPTY_MAP>
2019-08-20 15:10:56,437 [pool-192-thread-1] INFO  storage.RaftStorageDirectory (RaftStorageDirectory.java:analyzeStorage(246)) - The storage directory /workdir/hadoop-ozone/integration-test/target/test-dir/MiniOzoneClusterImpl-0ad89540-22db-434c-8df5-5baffcf642ae/datanode-6/data/ratis/2563415a-99ad-4403-b246-4f1559e1e3eb does not exist. Creating ...
2019-08-20 15:10:56,437 [pool-148-thread-1] INFO  server.RaftServerConfigKeys (ConfUtils.java:logGet(43)) - raft.server.storage.dir = [/workdir/hadoop-ozone/integration-test/target/test-dir/MiniOzoneClusterImpl-0ad89540-22db-434c-8df5-5baffcf642ae/datanode-2/data/ratis] (custom)
2019-08-20 15:10:56,437 [pool-148-thread-1] INFO  storage.RaftStorageDirectory (RaftStorageDirectory.java:analyzeStorage(246)) - The storage directory /workdir/hadoop-ozone/integration-test/target/test-dir/MiniOzoneClusterImpl-0ad89540-22db-434c-8df5-5baffcf642ae/datanode-2/data/ratis/ac29b5af-f1b5-4d49-9753-22b12b17425c does not exist. Creating ...
2019-08-20 15:10:56,459 [pool-192-thread-1] INFO  storage.RaftStorageDirectory (RaftStorageDirectory.java:tryLock(328)) - Lock on /workdir/hadoop-ozone/integration-test/target/test-dir/MiniOzoneClusterImpl-0ad89540-22db-434c-8df5-5baffcf642ae/datanode-6/data/ratis/2563415a-99ad-4403-b246-4f1559e1e3eb/in_use.lock acquired by nodename 14127@pr-hdds-1950-vsl5z-1698008226
2019-08-20 15:10:56,459 [pool-148-thread-1] INFO  storage.RaftStorageDirectory (RaftStorageDirectory.java:tryLock(328)) - Lock on /workdir/hadoop-ozone/integration-test/target/test-dir/MiniOzoneClusterImpl-0ad89540-22db-434c-8df5-5baffcf642ae/datanode-2/data/ratis/ac29b5af-f1b5-4d49-9753-22b12b17425c/in_use.lock acquired by nodename 14127@pr-hdds-1950-vsl5z-1698008226
2019-08-20 15:10:56,459 [pool-181-thread-1] INFO  storage.RaftStorageDirectory (RaftStorageDirectory.java:tryLock(328)) - Lock on /workdir/hadoop-ozone/integration-test/target/test-dir/MiniOzoneClusterImpl-0ad89540-22db-434c-8df5-5baffcf642ae/datanode-5/data/ratis/ac29b5af-f1b5-4d49-9753-22b12b17425c/in_use.lock acquired by nodename 14127@pr-hdds-1950-vsl5z-1698008226
2019-08-20 15:10:56,480 | INFO  | SCMAudit | user=jenkins1000 | ip=192.168.36.99 | op=SEND_HEARTBEAT {datanodeUUID=fd4686f9-7c1a-4a65-a533-eb8353642aca, command=[]} | ret=SUCCESS |  
2019-08-20 15:10:56,497 [pool-192-thread-1] INFO  storage.RaftStorage (RaftStorage.java:format(72)) - Storage directory /workdir/hadoop-ozone/integration-test/target/test-dir/MiniOzoneClusterImpl-0ad89540-22db-434c-8df5-5baffcf642ae/datanode-6/data/ratis/2563415a-99ad-4403-b246-4f1559e1e3eb has been successfully formatted.
2019-08-20 15:10:56,497 [pool-181-thread-1] INFO  storage.RaftStorage (RaftStorage.java:format(72)) - Storage directory /workdir/hadoop-ozone/integration-test/target/test-dir/MiniOzoneClusterImpl-0ad89540-22db-434c-8df5-5baffcf642ae/datanode-5/data/ratis/ac29b5af-f1b5-4d49-9753-22b12b17425c has been successfully formatted.
2019-08-20 15:10:56,497 [pool-148-thread-1] INFO  storage.RaftStorage (RaftStorage.java:format(72)) - Storage directory /workdir/hadoop-ozone/integration-test/target/test-dir/MiniOzoneClusterImpl-0ad89540-22db-434c-8df5-5baffcf642ae/datanode-2/data/ratis/ac29b5af-f1b5-4d49-9753-22b12b17425c has been successfully formatted.
2019-08-20 15:10:56,498 [pool-192-thread-1] INFO  ratis.ContainerStateMachine (ContainerStateMachine.java:loadSnapshot(222)) - group-4F1559E1E3EB: The snapshot info is null. Setting the last applied indexto:(t:0, i:~)
2019-08-20 15:10:56,498 [pool-181-thread-1] INFO  ratis.ContainerStateMachine (ContainerStateMachine.java:loadSnapshot(222)) - group-22B12B17425C: The snapshot info is null. Setting the last applied indexto:(t:0, i:~)
2019-08-20 15:10:56,498 [pool-192-thread-1] INFO  server.RaftServerConfigKeys (ConfUtils.java:logGet(43)) - raft.server.leader.election.timeout = 120s (custom)
2019-08-20 15:10:56,498 [pool-148-thread-1] INFO  ratis.ContainerStateMachine (ContainerStateMachine.java:loadSnapshot(222)) - group-22B12B17425C: The snapshot info is null. Setting the last applied indexto:(t:0, i:~)
2019-08-20 15:10:56,498 [pool-192-thread-1] INFO  server.RaftServerConfigKeys (ConfUtils.java:logGet(43)) - raft.server.log.use.memory = false (default)
2019-08-20 15:10:56,498 [pool-181-thread-1] INFO  server.RaftServerConfigKeys (ConfUtils.java:logGet(43)) - raft.server.leader.election.timeout = 120s (custom)
2019-08-20 15:10:56,499 [pool-192-thread-1] INFO  server.RaftServerConfigKeys (ConfUtils.java:logGet(43)) - raft.server.log.purge.gap = 1000000 (custom)
2019-08-20 15:10:56,499 [pool-148-thread-1] INFO  server.RaftServerConfigKeys (ConfUtils.java:logGet(43)) - raft.server.leader.election.timeout = 120s (custom)
2019-08-20 15:10:56,499 [pool-192-thread-1] INFO  server.RaftServerConfigKeys (ConfUtils.java:logGet(43)) - raft.server.log.appender.buffer.byte-limit = 33554432 (custom)
2019-08-20 15:10:56,499 [pool-181-thread-1] INFO  server.RaftServerConfigKeys (ConfUtils.java:logGet(43)) - raft.server.log.use.memory = false (default)
2019-08-20 15:10:56,499 [pool-192-thread-1] INFO  server.RaftServerConfigKeys (ConfUtils.java:logGet(43)) - raft.server.log.segment.size.max = 1048576 (custom)
2019-08-20 15:10:56,499 [pool-148-thread-1] INFO  server.RaftServerConfigKeys (ConfUtils.java:logGet(43)) - raft.server.log.use.memory = false (default)
2019-08-20 15:10:56,499 [pool-192-thread-1] INFO  server.RaftServerConfigKeys (ConfUtils.java:logGet(43)) - raft.server.log.segment.cache.num.max = 2 (custom)
2019-08-20 15:10:56,499 [pool-181-thread-1] INFO  server.RaftServerConfigKeys (ConfUtils.java:logGet(43)) - raft.server.log.purge.gap = 1000000 (custom)
2019-08-20 15:10:56,500 [pool-192-thread-1] INFO  segmented.SegmentedRaftLogWorker (SegmentedRaftLogWorker.java:<init>(172)) - new 03526247-f18f-4f7b-a613-7fcfcc785a52-SegmentedRaftLogWorker:Storage Directory /workdir/hadoop-ozone/integration-test/target/test-dir/MiniOzoneClusterImpl-0ad89540-22db-434c-8df5-5baffcf642ae/datanode-6/data/ratis/2563415a-99ad-4403-b246-4f1559e1e3eb for RaftStorage:Storage Directory /workdir/hadoop-ozone/integration-test/target/test-dir/MiniOzoneClusterImpl-0ad89540-22db-434c-8df5-5baffcf642ae/datanode-6/data/ratis/2563415a-99ad-4403-b246-4f1559e1e3eb
2019-08-20 15:10:56,500 [pool-148-thread-1] INFO  server.RaftServerConfigKeys (ConfUtils.java:logGet(43)) - raft.server.log.purge.gap = 1000000 (custom)
2019-08-20 15:10:56,500 [pool-192-thread-1] INFO  server.RaftServerConfigKeys (ConfUtils.java:logGet(43)) - raft.server.log.queue.byte-limit = 2147483647 (custom)
2019-08-20 15:10:56,500 [pool-181-thread-1] INFO  server.RaftServerConfigKeys (ConfUtils.java:logGet(43)) - raft.server.log.appender.buffer.byte-limit = 33554432 (custom)
2019-08-20 15:10:56,500 [pool-192-thread-1] INFO  server.RaftServerConfigKeys (ConfUtils.java:logGet(43)) - raft.server.log.queue.element-limit = 1024 (custom)
2019-08-20 15:10:56,500 [pool-148-thread-1] INFO  server.RaftServerConfigKeys (ConfUtils.java:logGet(43)) - raft.server.log.appender.buffer.byte-limit = 33554432 (custom)
2019-08-20 15:10:56,501 [pool-192-thread-1] INFO  server.RaftServerConfigKeys (ConfUtils.java:logGet(43)) - raft.server.log.segment.size.max = 1048576 (custom)
2019-08-20 15:10:56,500 [pool-181-thread-1] INFO  server.RaftServerConfigKeys (ConfUtils.java:logGet(43)) - raft.server.log.segment.size.max = 1048576 (custom)
2019-08-20 15:10:56,501 [pool-192-thread-1] INFO  server.RaftServerConfigKeys (ConfUtils.java:logGet(43)) - raft.server.log.preallocated.size = 16384 (custom)
2019-08-20 15:10:56,501 [pool-148-thread-1] INFO  server.RaftServerConfigKeys (ConfUtils.java:logGet(43)) - raft.server.log.segment.size.max = 1048576 (custom)
2019-08-20 15:10:56,501 [pool-192-thread-1] INFO  server.RaftServerConfigKeys (ConfUtils.java:logGet(43)) - raft.server.log.write.buffer.size = 33554432 (custom)
2019-08-20 15:10:56,501 [pool-181-thread-1] INFO  server.RaftServerConfigKeys (ConfUtils.java:logGet(43)) - raft.server.log.segment.cache.num.max = 2 (custom)
2019-08-20 15:10:56,501 [pool-192-thread-1] INFO  server.RaftServerConfigKeys (ConfUtils.java:logGet(43)) - raft.server.log.force.sync.num = 128 (default)
2019-08-20 15:10:56,501 [pool-148-thread-1] INFO  server.RaftServerConfigKeys (ConfUtils.java:logGet(43)) - raft.server.log.segment.cache.num.max = 2 (custom)
2019-08-20 15:10:56,502 [pool-192-thread-1] INFO  server.RaftServerConfigKeys (ConfUtils.java:logGet(43)) - raft.server.log.statemachine.data.sync = true (default)
2019-08-20 15:10:56,502 [pool-181-thread-1] INFO  segmented.SegmentedRaftLogWorker (SegmentedRaftLogWorker.java:<init>(172)) - new a6df67c4-b90a-4dd0-8d2c-e48bbab8adc7-SegmentedRaftLogWorker:Storage Directory /workdir/hadoop-ozone/integration-test/target/test-dir/MiniOzoneClusterImpl-0ad89540-22db-434c-8df5-5baffcf642ae/datanode-5/data/ratis/ac29b5af-f1b5-4d49-9753-22b12b17425c for RaftStorage:Storage Directory /workdir/hadoop-ozone/integration-test/target/test-dir/MiniOzoneClusterImpl-0ad89540-22db-434c-8df5-5baffcf642ae/datanode-5/data/ratis/ac29b5af-f1b5-4d49-9753-22b12b17425c
2019-08-20 15:10:56,502 [pool-192-thread-1] INFO  server.RaftServerConfigKeys (ConfUtils.java:logGet(43)) - raft.server.log.statemachine.data.sync.timeout = 10s (default)
2019-08-20 15:10:56,502 [pool-148-thread-1] INFO  segmented.SegmentedRaftLogWorker (SegmentedRaftLogWorker.java:<init>(172)) - new 9083b2e0-0d12-4690-bbcc-fa1831cb2877-SegmentedRaftLogWorker:Storage Directory /workdir/hadoop-ozone/integration-test/target/test-dir/MiniOzoneClusterImpl-0ad89540-22db-434c-8df5-5baffcf642ae/datanode-2/data/ratis/ac29b5af-f1b5-4d49-9753-22b12b17425c for RaftStorage:Storage Directory /workdir/hadoop-ozone/integration-test/target/test-dir/MiniOzoneClusterImpl-0ad89540-22db-434c-8df5-5baffcf642ae/datanode-2/data/ratis/ac29b5af-f1b5-4d49-9753-22b12b17425c
2019-08-20 15:10:56,502 [pool-192-thread-1] INFO  server.RaftServerConfigKeys (ConfUtils.java:logGet(43)) - raft.server.log.statemachine.data.sync.timeout.retry = -1 (default)
2019-08-20 15:10:56,502 [pool-181-thread-1] INFO  server.RaftServerConfigKeys (ConfUtils.java:logGet(43)) - raft.server.log.queue.byte-limit = 2147483647 (custom)
2019-08-20 15:10:56,502 [pool-192-thread-1] INFO  server.RaftServerConfigKeys (ConfUtils.java:logGet(43)) - raft.server.log.statemachine.data.caching.enabled = true (custom)
2019-08-20 15:10:56,502 [pool-148-thread-1] INFO  server.RaftServerConfigKeys (ConfUtils.java:logGet(43)) - raft.server.log.queue.byte-limit = 2147483647 (custom)
2019-08-20 15:10:56,503 [pool-181-thread-1] INFO  server.RaftServerConfigKeys (ConfUtils.java:logGet(43)) - raft.server.log.queue.element-limit = 1024 (custom)
2019-08-20 15:10:56,503 [pool-148-thread-1] INFO  server.RaftServerConfigKeys (ConfUtils.java:logGet(43)) - raft.server.log.queue.element-limit = 1024 (custom)
2019-08-20 15:10:56,503 [pool-181-thread-1] INFO  server.RaftServerConfigKeys (ConfUtils.java:logGet(43)) - raft.server.log.segment.size.max = 1048576 (custom)
2019-08-20 15:10:56,503 [pool-148-thread-1] INFO  server.RaftServerConfigKeys (ConfUtils.java:logGet(43)) - raft.server.log.segment.size.max = 1048576 (custom)
2019-08-20 15:10:56,503 [pool-181-thread-1] INFO  server.RaftServerConfigKeys (ConfUtils.java:logGet(43)) - raft.server.log.preallocated.size = 16384 (custom)
2019-08-20 15:10:56,503 [pool-148-thread-1] INFO  server.RaftServerConfigKeys (ConfUtils.java:logGet(43)) - raft.server.log.preallocated.size = 16384 (custom)
2019-08-20 15:10:56,504 [pool-181-thread-1] INFO  server.RaftServerConfigKeys (ConfUtils.java:logGet(43)) - raft.server.log.write.buffer.size = 33554432 (custom)
2019-08-20 15:10:56,504 [pool-148-thread-1] INFO  server.RaftServerConfigKeys (ConfUtils.java:logGet(43)) - raft.server.log.write.buffer.size = 33554432 (custom)
2019-08-20 15:10:56,504 [pool-181-thread-1] INFO  server.RaftServerConfigKeys (ConfUtils.java:logGet(43)) - raft.server.log.force.sync.num = 128 (default)
2019-08-20 15:10:56,504 [pool-148-thread-1] INFO  server.RaftServerConfigKeys (ConfUtils.java:logGet(43)) - raft.server.log.force.sync.num = 128 (default)
2019-08-20 15:10:56,504 [pool-181-thread-1] INFO  server.RaftServerConfigKeys (ConfUtils.java:logGet(43)) - raft.server.log.statemachine.data.sync = true (default)
2019-08-20 15:10:56,504 [pool-148-thread-1] INFO  server.RaftServerConfigKeys (ConfUtils.java:logGet(43)) - raft.server.log.statemachine.data.sync = true (default)
2019-08-20 15:10:56,505 [pool-181-thread-1] INFO  server.RaftServerConfigKeys (ConfUtils.java:logGet(43)) - raft.server.log.statemachine.data.sync.timeout = 10s (default)
2019-08-20 15:10:56,505 [pool-148-thread-1] INFO  server.RaftServerConfigKeys (ConfUtils.java:logGet(43)) - raft.server.log.statemachine.data.sync.timeout = 10s (default)
2019-08-20 15:10:56,505 [pool-181-thread-1] INFO  server.RaftServerConfigKeys (ConfUtils.java:logGet(43)) - raft.server.log.statemachine.data.sync.timeout.retry = -1 (default)
2019-08-20 15:10:56,505 [pool-148-thread-1] INFO  server.RaftServerConfigKeys (ConfUtils.java:logGet(43)) - raft.server.log.statemachine.data.sync.timeout.retry = -1 (default)
2019-08-20 15:10:56,505 [pool-181-thread-1] INFO  server.RaftServerConfigKeys (ConfUtils.java:logGet(43)) - raft.server.log.statemachine.data.caching.enabled = true (custom)
2019-08-20 15:10:56,505 [pool-148-thread-1] INFO  server.RaftServerConfigKeys (ConfUtils.java:logGet(43)) - raft.server.log.statemachine.data.caching.enabled = true (custom)
2019-08-20 15:10:56,506 [pool-192-thread-1] INFO  segmented.SegmentedRaftLogWorker (SegmentedRaftLogWorker.java:lambda$new$0(132)) - 03526247-f18f-4f7b-a613-7fcfcc785a52-SegmentedRaftLogWorker:Storage Directory /workdir/hadoop-ozone/integration-test/target/test-dir/MiniOzoneClusterImpl-0ad89540-22db-434c-8df5-5baffcf642ae/datanode-6/data/ratis/2563415a-99ad-4403-b246-4f1559e1e3eb: flushIndex: setUnconditionally 0 -> -1
2019-08-20 15:10:56,506 [pool-181-thread-1] INFO  segmented.SegmentedRaftLogWorker (SegmentedRaftLogWorker.java:lambda$new$0(132)) - a6df67c4-b90a-4dd0-8d2c-e48bbab8adc7-SegmentedRaftLogWorker:Storage Directory /workdir/hadoop-ozone/integration-test/target/test-dir/MiniOzoneClusterImpl-0ad89540-22db-434c-8df5-5baffcf642ae/datanode-5/data/ratis/ac29b5af-f1b5-4d49-9753-22b12b17425c: flushIndex: setUnconditionally 0 -> -1
2019-08-20 15:10:56,506 [pool-148-thread-1] INFO  segmented.SegmentedRaftLogWorker (SegmentedRaftLogWorker.java:lambda$new$0(132)) - 9083b2e0-0d12-4690-bbcc-fa1831cb2877-SegmentedRaftLogWorker:Storage Directory /workdir/hadoop-ozone/integration-test/target/test-dir/MiniOzoneClusterImpl-0ad89540-22db-434c-8df5-5baffcf642ae/datanode-2/data/ratis/ac29b5af-f1b5-4d49-9753-22b12b17425c: flushIndex: setUnconditionally 0 -> -1
2019-08-20 15:10:56,507 [pool-192-thread-1] INFO  server.RaftServerConfigKeys (ConfUtils.java:logGet(43)) - raft.server.snapshot.auto.trigger.enabled = true (custom)
2019-08-20 15:10:56,507 [pool-181-thread-1] INFO  server.RaftServerConfigKeys (ConfUtils.java:logGet(43)) - raft.server.snapshot.auto.trigger.enabled = true (custom)
2019-08-20 15:10:56,507 [pool-148-thread-1] INFO  server.RaftServerConfigKeys (ConfUtils.java:logGet(43)) - raft.server.snapshot.auto.trigger.enabled = true (custom)
2019-08-20 15:10:56,507 [pool-192-thread-1] INFO  server.RaftServerConfigKeys (ConfUtils.java:logGet(43)) - raft.server.snapshot.auto.trigger.threshold = 10000 (custom)
2019-08-20 15:10:56,508 [pool-148-thread-1] INFO  server.RaftServerConfigKeys (ConfUtils.java:logGet(43)) - raft.server.snapshot.auto.trigger.threshold = 10000 (custom)
2019-08-20 15:10:56,507 [pool-181-thread-1] INFO  server.RaftServerConfigKeys (ConfUtils.java:logGet(43)) - raft.server.snapshot.auto.trigger.threshold = 10000 (custom)
2019-08-20 15:10:56,508 [pool-148-thread-1] INFO  server.RaftServerConfigKeys (ConfUtils.java:logGet(43)) - raft.server.retrycache.expirytime = 600000ms (custom)
2019-08-20 15:10:56,508 [pool-192-thread-1] INFO  server.RaftServerConfigKeys (ConfUtils.java:logGet(43)) - raft.server.retrycache.expirytime = 600000ms (custom)
2019-08-20 15:10:56,508 [pool-148-thread-1] INFO  impl.RaftServerImpl (RaftServerImpl.java:start(180)) - 9083b2e0-0d12-4690-bbcc-fa1831cb2877: start group-55A78D3868F6
2019-08-20 15:10:56,508 [pool-181-thread-1] INFO  server.RaftServerConfigKeys (ConfUtils.java:logGet(43)) - raft.server.retrycache.expirytime = 600000ms (custom)
2019-08-20 15:10:56,508 [pool-148-thread-1] INFO  impl.RaftServerImpl (RaftServerImpl.java:setRole(171)) - 9083b2e0-0d12-4690-bbcc-fa1831cb2877:group-55A78D3868F6 changes role from null to FOLLOWER at term 0 for startAsFollower
2019-08-20 15:10:56,509 [pool-181-thread-1] INFO  impl.RaftServerImpl (RaftServerImpl.java:start(180)) - a6df67c4-b90a-4dd0-8d2c-e48bbab8adc7: start group-55A78D3868F6
2019-08-20 15:10:56,509 [pool-148-thread-1] INFO  impl.RoleInfo (RoleInfo.java:updateAndGet(143)) - 9083b2e0-0d12-4690-bbcc-fa1831cb2877: start FollowerState
2019-08-20 15:10:56,509 [pool-181-thread-1] INFO  impl.RaftServerImpl (RaftServerImpl.java:setRole(171)) - a6df67c4-b90a-4dd0-8d2c-e48bbab8adc7:group-55A78D3868F6 changes role from null to FOLLOWER at term 0 for startAsFollower
2019-08-20 15:10:56,509 [pool-181-thread-1] INFO  impl.RoleInfo (RoleInfo.java:updateAndGet(143)) - a6df67c4-b90a-4dd0-8d2c-e48bbab8adc7: start FollowerState
2019-08-20 15:10:56,510 [pool-148-thread-1] INFO  util.JmxRegister (JmxRegister.java:tryRegister(44)) - Successfully registered JMX Bean with object name Ratis:service=RaftServer,group=group-55A78D3868F6,id=9083b2e0-0d12-4690-bbcc-fa1831cb2877
2019-08-20 15:10:56,510 [pool-181-thread-1] INFO  util.JmxRegister (JmxRegister.java:tryRegister(44)) - Successfully registered JMX Bean with object name Ratis:service=RaftServer,group=group-55A78D3868F6,id=a6df67c4-b90a-4dd0-8d2c-e48bbab8adc7
2019-08-20 15:10:56,510 [pool-148-thread-1] INFO  impl.RaftServerImpl (RaftServerImpl.java:start(180)) - 9083b2e0-0d12-4690-bbcc-fa1831cb2877: start group-4F1559E1E3EB
2019-08-20 15:10:56,510 [pool-148-thread-1] INFO  impl.RaftServerImpl (RaftServerImpl.java:setRole(171)) - 9083b2e0-0d12-4690-bbcc-fa1831cb2877:group-4F1559E1E3EB changes role from null to FOLLOWER at term 0 for startAsFollower
2019-08-20 15:10:56,511 [pool-181-thread-1] INFO  impl.RaftServerImpl (RaftServerImpl.java:start(180)) - a6df67c4-b90a-4dd0-8d2c-e48bbab8adc7: start group-4F1559E1E3EB
2019-08-20 15:10:56,511 [pool-148-thread-1] INFO  impl.RoleInfo (RoleInfo.java:updateAndGet(143)) - 9083b2e0-0d12-4690-bbcc-fa1831cb2877: start FollowerState
2019-08-20 15:10:56,511 [pool-181-thread-1] INFO  impl.RaftServerImpl (RaftServerImpl.java:setRole(171)) - a6df67c4-b90a-4dd0-8d2c-e48bbab8adc7:group-4F1559E1E3EB changes role from null to FOLLOWER at term 0 for startAsFollower
2019-08-20 15:10:56,511 [pool-181-thread-1] INFO  impl.RoleInfo (RoleInfo.java:updateAndGet(143)) - a6df67c4-b90a-4dd0-8d2c-e48bbab8adc7: start FollowerState
2019-08-20 15:10:56,522 [pool-148-thread-1] INFO  util.JmxRegister (JmxRegister.java:tryRegister(44)) - Successfully registered JMX Bean with object name Ratis:service=RaftServer,group=group-4F1559E1E3EB,id=9083b2e0-0d12-4690-bbcc-fa1831cb2877
2019-08-20 15:10:56,522 [pool-192-thread-1] INFO  impl.RaftServerImpl (RaftServerImpl.java:<init>(93)) - 03526247-f18f-4f7b-a613-7fcfcc785a52: new RaftServerImpl for group-22B12B17425C:[03526247-f18f-4f7b-a613-7fcfcc785a52:192.168.36.99:40286, a6df67c4-b90a-4dd0-8d2c-e48bbab8adc7:192.168.36.99:39930, 9083b2e0-0d12-4690-bbcc-fa1831cb2877:192.168.36.99:43356] with ContainerStateMachine:uninitialized
2019-08-20 15:10:56,523 [pool-181-thread-1] INFO  util.JmxRegister (JmxRegister.java:tryRegister(44)) - Successfully registered JMX Bean with object name Ratis:service=RaftServer,group=group-4F1559E1E3EB,id=a6df67c4-b90a-4dd0-8d2c-e48bbab8adc7
2019-08-20 15:10:56,523 [pool-192-thread-1] INFO  server.RaftServerConfigKeys (ConfUtils.java:logGet(43)) - raft.server.rpc.timeout.min = 5s (custom)
2019-08-20 15:10:56,529 [pool-148-thread-1] INFO  impl.RaftServerImpl (RaftServerImpl.java:start(180)) - 9083b2e0-0d12-4690-bbcc-fa1831cb2877: start group-22B12B17425C
2019-08-20 15:10:56,529 [pool-181-thread-1] INFO  impl.RaftServerImpl (RaftServerImpl.java:start(180)) - a6df67c4-b90a-4dd0-8d2c-e48bbab8adc7: start group-22B12B17425C
2019-08-20 15:10:56,529 [pool-192-thread-1] INFO  server.RaftServerConfigKeys (ConfUtils.java:logGet(43)) - raft.server.rpc.timeout.max = 5200ms (custom)
2019-08-20 15:10:56,530 [pool-181-thread-1] INFO  impl.RaftServerImpl (RaftServerImpl.java:setRole(171)) - a6df67c4-b90a-4dd0-8d2c-e48bbab8adc7:group-22B12B17425C changes role from null to FOLLOWER at term 0 for startAsFollower
2019-08-20 15:10:56,529 [pool-148-thread-1] INFO  impl.RaftServerImpl (RaftServerImpl.java:setRole(171)) - 9083b2e0-0d12-4690-bbcc-fa1831cb2877:group-22B12B17425C changes role from null to FOLLOWER at term 0 for startAsFollower
2019-08-20 15:10:56,530 [pool-181-thread-1] INFO  impl.RoleInfo (RoleInfo.java:updateAndGet(143)) - a6df67c4-b90a-4dd0-8d2c-e48bbab8adc7: start FollowerState
2019-08-20 15:10:56,530 [pool-192-thread-1] INFO  server.RaftServerConfigKeys (ConfUtils.java:logGet(43)) - raft.server.rpcslowness.timeout = 120s (custom)
2019-08-20 15:10:56,530 [pool-148-thread-1] INFO  impl.RoleInfo (RoleInfo.java:updateAndGet(143)) - 9083b2e0-0d12-4690-bbcc-fa1831cb2877: start FollowerState
2019-08-20 15:10:56,530 [pool-192-thread-1] INFO  server.RaftServerConfigKeys (ConfUtils.java:logGet(43)) - raft.server.sleep.deviation.threshold = 300 (default)
2019-08-20 15:10:56,530 [pool-181-thread-1] INFO  util.JmxRegister (JmxRegister.java:tryRegister(44)) - Successfully registered JMX Bean with object name Ratis:service=RaftServer,group=group-22B12B17425C,id=a6df67c4-b90a-4dd0-8d2c-e48bbab8adc7
2019-08-20 15:10:56,530 [pool-192-thread-1] INFO  server.RaftServerConfigKeys (ConfUtils.java:logGet(43)) - raft.server.log.appender.install.snapshot.enabled = false (custom)
2019-08-20 15:10:56,531 [pool-148-thread-1] INFO  util.JmxRegister (JmxRegister.java:tryRegister(44)) - Successfully registered JMX Bean with object name Ratis:service=RaftServer,group=group-22B12B17425C,id=9083b2e0-0d12-4690-bbcc-fa1831cb2877
2019-08-20 15:10:56,531 [pool-192-thread-1] INFO  impl.RaftServerImpl (ServerState.java:<init>(105)) - 03526247-f18f-4f7b-a613-7fcfcc785a52:group-22B12B17425C ConfigurationManager, init=-1: [03526247-f18f-4f7b-a613-7fcfcc785a52:192.168.36.99:40286, a6df67c4-b90a-4dd0-8d2c-e48bbab8adc7:192.168.36.99:39930, 9083b2e0-0d12-4690-bbcc-fa1831cb2877:192.168.36.99:43356], old=null, confs=<EMPTY_MAP>
2019-08-20 15:10:56,531 [pool-192-thread-1] INFO  server.RaftServerConfigKeys (ConfUtils.java:logGet(43)) - raft.server.storage.dir = [/workdir/hadoop-ozone/integration-test/target/test-dir/MiniOzoneClusterImpl-0ad89540-22db-434c-8df5-5baffcf642ae/datanode-6/data/ratis] (custom)
2019-08-20 15:10:56,532 [pool-192-thread-1] INFO  storage.RaftStorageDirectory (RaftStorageDirectory.java:analyzeStorage(246)) - The storage directory /workdir/hadoop-ozone/integration-test/target/test-dir/MiniOzoneClusterImpl-0ad89540-22db-434c-8df5-5baffcf642ae/datanode-6/data/ratis/ac29b5af-f1b5-4d49-9753-22b12b17425c does not exist. Creating ...
2019-08-20 15:10:56,549 [pool-192-thread-1] INFO  storage.RaftStorageDirectory (RaftStorageDirectory.java:tryLock(328)) - Lock on /workdir/hadoop-ozone/integration-test/target/test-dir/MiniOzoneClusterImpl-0ad89540-22db-434c-8df5-5baffcf642ae/datanode-6/data/ratis/ac29b5af-f1b5-4d49-9753-22b12b17425c/in_use.lock acquired by nodename 14127@pr-hdds-1950-vsl5z-1698008226
2019-08-20 15:10:56,572 | INFO  | SCMAudit | user=jenkins1000 | ip=192.168.36.99 | op=SEND_HEARTBEAT {datanodeUUID=fe15c72e-ab20-4743-97a8-8736c2ec4284, command=[]} | ret=SUCCESS |  
2019-08-20 15:10:56,574 [pool-192-thread-1] INFO  storage.RaftStorage (RaftStorage.java:format(72)) - Storage directory /workdir/hadoop-ozone/integration-test/target/test-dir/MiniOzoneClusterImpl-0ad89540-22db-434c-8df5-5baffcf642ae/datanode-6/data/ratis/ac29b5af-f1b5-4d49-9753-22b12b17425c has been successfully formatted.
2019-08-20 15:10:56,575 [pool-192-thread-1] INFO  ratis.ContainerStateMachine (ContainerStateMachine.java:loadSnapshot(222)) - group-22B12B17425C: The snapshot info is null. Setting the last applied indexto:(t:0, i:~)
2019-08-20 15:10:56,575 [pool-192-thread-1] INFO  server.RaftServerConfigKeys (ConfUtils.java:logGet(43)) - raft.server.leader.election.timeout = 120s (custom)
2019-08-20 15:10:56,575 [pool-192-thread-1] INFO  server.RaftServerConfigKeys (ConfUtils.java:logGet(43)) - raft.server.log.use.memory = false (default)
2019-08-20 15:10:56,575 [pool-192-thread-1] INFO  server.RaftServerConfigKeys (ConfUtils.java:logGet(43)) - raft.server.log.purge.gap = 1000000 (custom)
2019-08-20 15:10:56,575 [pool-192-thread-1] INFO  server.RaftServerConfigKeys (ConfUtils.java:logGet(43)) - raft.server.log.appender.buffer.byte-limit = 33554432 (custom)
2019-08-20 15:10:56,576 [pool-192-thread-1] INFO  server.RaftServerConfigKeys (ConfUtils.java:logGet(43)) - raft.server.log.segment.size.max = 1048576 (custom)
2019-08-20 15:10:56,576 [pool-192-thread-1] INFO  server.RaftServerConfigKeys (ConfUtils.java:logGet(43)) - raft.server.log.segment.cache.num.max = 2 (custom)
2019-08-20 15:10:56,576 [pool-192-thread-1] INFO  segmented.SegmentedRaftLogWorker (SegmentedRaftLogWorker.java:<init>(172)) - new 03526247-f18f-4f7b-a613-7fcfcc785a52-SegmentedRaftLogWorker:Storage Directory /workdir/hadoop-ozone/integration-test/target/test-dir/MiniOzoneClusterImpl-0ad89540-22db-434c-8df5-5baffcf642ae/datanode-6/data/ratis/ac29b5af-f1b5-4d49-9753-22b12b17425c for RaftStorage:Storage Directory /workdir/hadoop-ozone/integration-test/target/test-dir/MiniOzoneClusterImpl-0ad89540-22db-434c-8df5-5baffcf642ae/datanode-6/data/ratis/ac29b5af-f1b5-4d49-9753-22b12b17425c
2019-08-20 15:10:56,576 [pool-192-thread-1] INFO  server.RaftServerConfigKeys (ConfUtils.java:logGet(43)) - raft.server.log.queue.byte-limit = 2147483647 (custom)
2019-08-20 15:10:56,576 [pool-192-thread-1] INFO  server.RaftServerConfigKeys (ConfUtils.java:logGet(43)) - raft.server.log.queue.element-limit = 1024 (custom)
2019-08-20 15:10:56,576 [pool-192-thread-1] INFO  server.RaftServerConfigKeys (ConfUtils.java:logGet(43)) - raft.server.log.segment.size.max = 1048576 (custom)
2019-08-20 15:10:56,576 [pool-192-thread-1] INFO  server.RaftServerConfigKeys (ConfUtils.java:logGet(43)) - raft.server.log.preallocated.size = 16384 (custom)
2019-08-20 15:10:56,576 [pool-192-thread-1] INFO  server.RaftServerConfigKeys (ConfUtils.java:logGet(43)) - raft.server.log.write.buffer.size = 33554432 (custom)
2019-08-20 15:10:56,577 [pool-192-thread-1] INFO  server.RaftServerConfigKeys (ConfUtils.java:logGet(43)) - raft.server.log.force.sync.num = 128 (default)
2019-08-20 15:10:56,577 [pool-192-thread-1] INFO  server.RaftServerConfigKeys (ConfUtils.java:logGet(43)) - raft.server.log.statemachine.data.sync = true (default)
2019-08-20 15:10:56,577 [pool-192-thread-1] INFO  server.RaftServerConfigKeys (ConfUtils.java:logGet(43)) - raft.server.log.statemachine.data.sync.timeout = 10s (default)
2019-08-20 15:10:56,577 [pool-192-thread-1] INFO  server.RaftServerConfigKeys (ConfUtils.java:logGet(43)) - raft.server.log.statemachine.data.sync.timeout.retry = -1 (default)
2019-08-20 15:10:56,577 [pool-192-thread-1] INFO  server.RaftServerConfigKeys (ConfUtils.java:logGet(43)) - raft.server.log.statemachine.data.caching.enabled = true (custom)
2019-08-20 15:10:56,577 [pool-192-thread-1] INFO  segmented.SegmentedRaftLogWorker (SegmentedRaftLogWorker.java:lambda$new$0(132)) - 03526247-f18f-4f7b-a613-7fcfcc785a52-SegmentedRaftLogWorker:Storage Directory /workdir/hadoop-ozone/integration-test/target/test-dir/MiniOzoneClusterImpl-0ad89540-22db-434c-8df5-5baffcf642ae/datanode-6/data/ratis/ac29b5af-f1b5-4d49-9753-22b12b17425c: flushIndex: setUnconditionally 0 -> -1
2019-08-20 15:10:56,578 [pool-192-thread-1] INFO  server.RaftServerConfigKeys (ConfUtils.java:logGet(43)) - raft.server.snapshot.auto.trigger.enabled = true (custom)
2019-08-20 15:10:56,578 [pool-192-thread-1] INFO  server.RaftServerConfigKeys (ConfUtils.java:logGet(43)) - raft.server.snapshot.auto.trigger.threshold = 10000 (custom)
2019-08-20 15:10:56,578 [pool-192-thread-1] INFO  server.RaftServerConfigKeys (ConfUtils.java:logGet(43)) - raft.server.retrycache.expirytime = 600000ms (custom)
2019-08-20 15:10:56,578 [pool-192-thread-1] INFO  impl.RaftServerImpl (RaftServerImpl.java:start(180)) - 03526247-f18f-4f7b-a613-7fcfcc785a52: start group-55A78D3868F6
2019-08-20 15:10:56,578 [pool-192-thread-1] INFO  impl.RaftServerImpl (RaftServerImpl.java:setRole(171)) - 03526247-f18f-4f7b-a613-7fcfcc785a52:group-55A78D3868F6 changes role from null to FOLLOWER at term 0 for startAsFollower
2019-08-20 15:10:56,578 [pool-192-thread-1] INFO  impl.RoleInfo (RoleInfo.java:updateAndGet(143)) - 03526247-f18f-4f7b-a613-7fcfcc785a52: start FollowerState
2019-08-20 15:10:56,579 [pool-192-thread-1] INFO  util.JmxRegister (JmxRegister.java:tryRegister(44)) - Successfully registered JMX Bean with object name Ratis:service=RaftServer,group=group-55A78D3868F6,id=03526247-f18f-4f7b-a613-7fcfcc785a52
2019-08-20 15:10:56,579 [pool-192-thread-1] INFO  impl.RaftServerImpl (RaftServerImpl.java:start(180)) - 03526247-f18f-4f7b-a613-7fcfcc785a52: start group-A775791AA460
2019-08-20 15:10:56,579 [pool-192-thread-1] INFO  impl.RaftServerImpl (RaftServerImpl.java:setRole(171)) - 03526247-f18f-4f7b-a613-7fcfcc785a52:group-A775791AA460 changes role from null to FOLLOWER at term 0 for startAsFollower
2019-08-20 15:10:56,579 [pool-192-thread-1] INFO  impl.RoleInfo (RoleInfo.java:updateAndGet(143)) - 03526247-f18f-4f7b-a613-7fcfcc785a52: start FollowerState
2019-08-20 15:10:56,580 [pool-192-thread-1] INFO  util.JmxRegister (JmxRegister.java:tryRegister(44)) - Successfully registered JMX Bean with object name Ratis:service=RaftServer,group=group-A775791AA460,id=03526247-f18f-4f7b-a613-7fcfcc785a52
2019-08-20 15:10:56,580 [pool-192-thread-1] INFO  impl.RaftServerImpl (RaftServerImpl.java:start(180)) - 03526247-f18f-4f7b-a613-7fcfcc785a52: start group-4F1559E1E3EB
2019-08-20 15:10:56,580 [pool-192-thread-1] INFO  impl.RaftServerImpl (RaftServerImpl.java:setRole(171)) - 03526247-f18f-4f7b-a613-7fcfcc785a52:group-4F1559E1E3EB changes role from null to FOLLOWER at term 0 for startAsFollower
2019-08-20 15:10:56,580 [pool-192-thread-1] INFO  impl.RoleInfo (RoleInfo.java:updateAndGet(143)) - 03526247-f18f-4f7b-a613-7fcfcc785a52: start FollowerState
2019-08-20 15:10:56,581 [pool-192-thread-1] INFO  util.JmxRegister (JmxRegister.java:tryRegister(44)) - Successfully registered JMX Bean with object name Ratis:service=RaftServer,group=group-4F1559E1E3EB,id=03526247-f18f-4f7b-a613-7fcfcc785a52
2019-08-20 15:10:56,581 [pool-192-thread-1] INFO  impl.RaftServerImpl (RaftServerImpl.java:start(180)) - 03526247-f18f-4f7b-a613-7fcfcc785a52: start group-22B12B17425C
2019-08-20 15:10:56,581 [pool-192-thread-1] INFO  impl.RaftServerImpl (RaftServerImpl.java:setRole(171)) - 03526247-f18f-4f7b-a613-7fcfcc785a52:group-22B12B17425C changes role from null to FOLLOWER at term 0 for startAsFollower
2019-08-20 15:10:56,581 [pool-192-thread-1] INFO  impl.RoleInfo (RoleInfo.java:updateAndGet(143)) - 03526247-f18f-4f7b-a613-7fcfcc785a52: start FollowerState
2019-08-20 15:10:56,581 [pool-192-thread-1] INFO  util.JmxRegister (JmxRegister.java:tryRegister(44)) - Successfully registered JMX Bean with object name Ratis:service=RaftServer,group=group-22B12B17425C,id=03526247-f18f-4f7b-a613-7fcfcc785a52
2019-08-20 15:10:56,587 [IPC Server handler 9 on 33888] INFO  pipeline.PipelineStateManager (PipelineStateManager.java:addPipeline(56)) - Created pipeline Pipeline[ Id: ac29b5af-f1b5-4d49-9753-22b12b17425c, Nodes: 03526247-f18f-4f7b-a613-7fcfcc785a52{ip: 192.168.36.99, host: pr-hdds-1950-vsl5z-1698008226, networkLocation: /default-rack, certSerialId: null}9083b2e0-0d12-4690-bbcc-fa1831cb2877{ip: 192.168.36.99, host: pr-hdds-1950-vsl5z-1698008226, networkLocation: /default-rack, certSerialId: null}a6df67c4-b90a-4dd0-8d2c-e48bbab8adc7{ip: 192.168.36.99, host: pr-hdds-1950-vsl5z-1698008226, networkLocation: /default-rack, certSerialId: null}, Type:RATIS, Factor:THREE, State:OPEN]
2019-08-20 15:10:56,592 | INFO  | SCMAudit | user=jenkins1000 | ip=192.168.36.99 | op=ALLOCATE_BLOCK {owner=25c2889f-400d-4613-abea-49ad77d4a96c, size=800, type=RATIS, factor=THREE} | ret=SUCCESS |  
2019-08-20 15:10:56,595 | INFO  | OMAudit | user=jenkins1000 | ip=127.0.0.1 | op=ALLOCATE_KEY {volume=testblockoutputstreamwithretries, bucket=testblockoutputstreamwithretries, key=8dc2b310-ff05-4084-8c1d-3c9d775dd452, dataSize=3200, replicationType=RATIS, replicationFactor=THREE, keyLocationInfo=null} | ret=SUCCESS |  
2019-08-20 15:10:56,611 [grpc-default-executor-3] INFO  client.GrpcClientProtocolClient (GrpcClientProtocolClient.java:onNext(255)) - client-24AF878C73AF->03526247-f18f-4f7b-a613-7fcfcc785a52: receive RaftClientReply:client-24AF878C73AF->03526247-f18f-4f7b-a613-7fcfcc785a52@group-22B12B17425C, cid=40, FAILED org.apache.ratis.protocol.NotLeaderException: Server 03526247-f18f-4f7b-a613-7fcfcc785a52 is not the leader (null). Request must be sent to leader., logIndex=0, commits[03526247-f18f-4f7b-a613-7fcfcc785a52:c-1]
2019-08-20 15:10:56,689 | INFO  | SCMAudit | user=jenkins1000 | ip=192.168.36.99 | op=SEND_HEARTBEAT {datanodeUUID=4ac23530-a9c5-46e9-ab57-7dff5b9489be, command=[]} | ret=SUCCESS |  
2019-08-20 15:10:56,884 | INFO  | SCMAudit | user=jenkins1000 | ip=192.168.36.99 | op=SEND_HEARTBEAT {datanodeUUID=9083b2e0-0d12-4690-bbcc-fa1831cb2877, command=[]} | ret=SUCCESS |  
2019-08-20 15:10:57,003 | INFO  | SCMAudit | user=jenkins1000 | ip=192.168.36.99 | op=SEND_HEARTBEAT {datanodeUUID=a6df67c4-b90a-4dd0-8d2c-e48bbab8adc7, command=[]} | ret=SUCCESS |  
2019-08-20 15:10:57,191 | INFO  | SCMAudit | user=jenkins1000 | ip=192.168.36.99 | op=SEND_HEARTBEAT {datanodeUUID=03526247-f18f-4f7b-a613-7fcfcc785a52, command=[]} | ret=SUCCESS |  
2019-08-20 15:10:57,335 | INFO  | SCMAudit | user=jenkins1000 | ip=192.168.36.99 | op=SEND_HEARTBEAT {datanodeUUID=23f64912-5028-4d23-8b69-b921a9dc4821, command=[]} | ret=SUCCESS |  
2019-08-20 15:10:57,479 | INFO  | SCMAudit | user=jenkins1000 | ip=192.168.36.99 | op=SEND_HEARTBEAT {datanodeUUID=fd4686f9-7c1a-4a65-a533-eb8353642aca, command=[]} | ret=SUCCESS |  
2019-08-20 15:10:57,572 | INFO  | SCMAudit | user=jenkins1000 | ip=192.168.36.99 | op=SEND_HEARTBEAT {datanodeUUID=fe15c72e-ab20-4743-97a8-8736c2ec4284, command=[]} | ret=SUCCESS |  
2019-08-20 15:10:57,648 [grpc-default-executor-6] INFO  client.GrpcClientProtocolClient (GrpcClientProtocolClient.java:onNext(255)) - client-24AF878C73AF->a6df67c4-b90a-4dd0-8d2c-e48bbab8adc7: receive RaftClientReply:client-24AF878C73AF->a6df67c4-b90a-4dd0-8d2c-e48bbab8adc7@group-22B12B17425C, cid=40, FAILED org.apache.ratis.protocol.NotLeaderException: Server a6df67c4-b90a-4dd0-8d2c-e48bbab8adc7 is not the leader (null). Request must be sent to leader., logIndex=0, commits[a6df67c4-b90a-4dd0-8d2c-e48bbab8adc7:c-1]
2019-08-20 15:10:57,690 | INFO  | SCMAudit | user=jenkins1000 | ip=192.168.36.99 | op=SEND_HEARTBEAT {datanodeUUID=4ac23530-a9c5-46e9-ab57-7dff5b9489be, command=[]} | ret=SUCCESS |  
2019-08-20 15:10:57,885 | INFO  | SCMAudit | user=jenkins1000 | ip=192.168.36.99 | op=SEND_HEARTBEAT {datanodeUUID=9083b2e0-0d12-4690-bbcc-fa1831cb2877, command=[]} | ret=SUCCESS |  
2019-08-20 15:10:58,003 | INFO  | SCMAudit | user=jenkins1000 | ip=192.168.36.99 | op=SEND_HEARTBEAT {datanodeUUID=a6df67c4-b90a-4dd0-8d2c-e48bbab8adc7, command=[]} | ret=SUCCESS |  
2019-08-20 15:10:58,191 | INFO  | SCMAudit | user=jenkins1000 | ip=192.168.36.99 | op=SEND_HEARTBEAT {datanodeUUID=03526247-f18f-4f7b-a613-7fcfcc785a52, command=[]} | ret=SUCCESS |  
2019-08-20 15:10:58,335 | INFO  | SCMAudit | user=jenkins1000 | ip=192.168.36.99 | op=SEND_HEARTBEAT {datanodeUUID=23f64912-5028-4d23-8b69-b921a9dc4821, command=[]} | ret=SUCCESS |  
2019-08-20 15:10:58,480 | INFO  | SCMAudit | user=jenkins1000 | ip=192.168.36.99 | op=SEND_HEARTBEAT {datanodeUUID=fd4686f9-7c1a-4a65-a533-eb8353642aca, command=[]} | ret=SUCCESS |  
2019-08-20 15:10:58,572 | INFO  | SCMAudit | user=jenkins1000 | ip=192.168.36.99 | op=SEND_HEARTBEAT {datanodeUUID=fe15c72e-ab20-4743-97a8-8736c2ec4284, command=[]} | ret=SUCCESS |  
2019-08-20 15:10:58,666 [grpc-default-executor-3] INFO  client.GrpcClientProtocolClient (GrpcClientProtocolClient.java:onNext(255)) - client-24AF878C73AF->9083b2e0-0d12-4690-bbcc-fa1831cb2877: receive RaftClientReply:client-24AF878C73AF->9083b2e0-0d12-4690-bbcc-fa1831cb2877@group-22B12B17425C, cid=40, FAILED org.apache.ratis.protocol.NotLeaderException: Server 9083b2e0-0d12-4690-bbcc-fa1831cb2877 is not the leader (null). Request must be sent to leader., logIndex=0, commits[9083b2e0-0d12-4690-bbcc-fa1831cb2877:c-1]
2019-08-20 15:10:58,690 | INFO  | SCMAudit | user=jenkins1000 | ip=192.168.36.99 | op=SEND_HEARTBEAT {datanodeUUID=4ac23530-a9c5-46e9-ab57-7dff5b9489be, command=[]} | ret=SUCCESS |  
2019-08-20 15:10:58,884 | INFO  | SCMAudit | user=jenkins1000 | ip=192.168.36.99 | op=SEND_HEARTBEAT {datanodeUUID=9083b2e0-0d12-4690-bbcc-fa1831cb2877, command=[]} | ret=SUCCESS |  
2019-08-20 15:10:59,002 | INFO  | SCMAudit | user=jenkins1000 | ip=192.168.36.99 | op=SEND_HEARTBEAT {datanodeUUID=a6df67c4-b90a-4dd0-8d2c-e48bbab8adc7, command=[]} | ret=SUCCESS |  
2019-08-20 15:10:59,191 | INFO  | SCMAudit | user=jenkins1000 | ip=192.168.36.99 | op=SEND_HEARTBEAT {datanodeUUID=03526247-f18f-4f7b-a613-7fcfcc785a52, command=[]} | ret=SUCCESS |  
2019-08-20 15:10:59,335 | INFO  | SCMAudit | user=jenkins1000 | ip=192.168.36.99 | op=SEND_HEARTBEAT {datanodeUUID=23f64912-5028-4d23-8b69-b921a9dc4821, command=[]} | ret=SUCCESS |  
2019-08-20 15:10:59,479 | INFO  | SCMAudit | user=jenkins1000 | ip=192.168.36.99 | op=SEND_HEARTBEAT {datanodeUUID=fd4686f9-7c1a-4a65-a533-eb8353642aca, command=[]} | ret=SUCCESS |  
2019-08-20 15:10:59,572 | INFO  | SCMAudit | user=jenkins1000 | ip=192.168.36.99 | op=SEND_HEARTBEAT {datanodeUUID=fe15c72e-ab20-4743-97a8-8736c2ec4284, command=[]} | ret=SUCCESS |  
2019-08-20 15:10:59,684 [grpc-default-executor-3] INFO  client.GrpcClientProtocolClient (GrpcClientProtocolClient.java:onNext(255)) - client-24AF878C73AF->a6df67c4-b90a-4dd0-8d2c-e48bbab8adc7: receive RaftClientReply:client-24AF878C73AF->a6df67c4-b90a-4dd0-8d2c-e48bbab8adc7@group-22B12B17425C, cid=40, FAILED org.apache.ratis.protocol.NotLeaderException: Server a6df67c4-b90a-4dd0-8d2c-e48bbab8adc7 is not the leader (null). Request must be sent to leader., logIndex=0, commits[a6df67c4-b90a-4dd0-8d2c-e48bbab8adc7:c-1]
2019-08-20 15:10:59,691 | INFO  | SCMAudit | user=jenkins1000 | ip=192.168.36.99 | op=SEND_HEARTBEAT {datanodeUUID=4ac23530-a9c5-46e9-ab57-7dff5b9489be, command=[]} | ret=SUCCESS |  
2019-08-20 15:10:59,885 | INFO  | SCMAudit | user=jenkins1000 | ip=192.168.36.99 | op=SEND_HEARTBEAT {datanodeUUID=9083b2e0-0d12-4690-bbcc-fa1831cb2877, command=[]} | ret=SUCCESS |  
2019-08-20 15:11:00,003 | INFO  | SCMAudit | user=jenkins1000 | ip=192.168.36.99 | op=SEND_HEARTBEAT {datanodeUUID=a6df67c4-b90a-4dd0-8d2c-e48bbab8adc7, command=[]} | ret=SUCCESS |  
2019-08-20 15:11:00,191 | INFO  | SCMAudit | user=jenkins1000 | ip=192.168.36.99 | op=SEND_HEARTBEAT {datanodeUUID=03526247-f18f-4f7b-a613-7fcfcc785a52, command=[]} | ret=SUCCESS |  
2019-08-20 15:11:00,335 | INFO  | SCMAudit | user=jenkins1000 | ip=192.168.36.99 | op=SEND_HEARTBEAT {datanodeUUID=23f64912-5028-4d23-8b69-b921a9dc4821, command=[]} | ret=SUCCESS |  
2019-08-20 15:11:00,480 | INFO  | SCMAudit | user=jenkins1000 | ip=192.168.36.99 | op=SEND_HEARTBEAT {datanodeUUID=fd4686f9-7c1a-4a65-a533-eb8353642aca, command=[]} | ret=SUCCESS |  
2019-08-20 15:11:00,572 | INFO  | SCMAudit | user=jenkins1000 | ip=192.168.36.99 | op=SEND_HEARTBEAT {datanodeUUID=fe15c72e-ab20-4743-97a8-8736c2ec4284, command=[]} | ret=SUCCESS |  
2019-08-20 15:11:00,690 | INFO  | SCMAudit | user=jenkins1000 | ip=192.168.36.99 | op=SEND_HEARTBEAT {datanodeUUID=4ac23530-a9c5-46e9-ab57-7dff5b9489be, command=[]} | ret=SUCCESS |  
2019-08-20 15:11:00,703 [grpc-default-executor-3] INFO  client.GrpcClientProtocolClient (GrpcClientProtocolClient.java:onNext(255)) - client-24AF878C73AF->03526247-f18f-4f7b-a613-7fcfcc785a52: receive RaftClientReply:client-24AF878C73AF->03526247-f18f-4f7b-a613-7fcfcc785a52@group-22B12B17425C, cid=40, FAILED org.apache.ratis.protocol.NotLeaderException: Server 03526247-f18f-4f7b-a613-7fcfcc785a52 is not the leader (null). Request must be sent to leader., logIndex=0, commits[03526247-f18f-4f7b-a613-7fcfcc785a52:c-1]
2019-08-20 15:11:00,885 | INFO  | SCMAudit | user=jenkins1000 | ip=192.168.36.99 | op=SEND_HEARTBEAT {datanodeUUID=9083b2e0-0d12-4690-bbcc-fa1831cb2877, command=[]} | ret=SUCCESS |  
2019-08-20 15:11:01,003 | INFO  | SCMAudit | user=jenkins1000 | ip=192.168.36.99 | op=SEND_HEARTBEAT {datanodeUUID=a6df67c4-b90a-4dd0-8d2c-e48bbab8adc7, command=[]} | ret=SUCCESS |  
2019-08-20 15:11:01,191 | INFO  | SCMAudit | user=jenkins1000 | ip=192.168.36.99 | op=SEND_HEARTBEAT {datanodeUUID=03526247-f18f-4f7b-a613-7fcfcc785a52, command=[]} | ret=SUCCESS |  
2019-08-20 15:11:01,335 | INFO  | SCMAudit | user=jenkins1000 | ip=192.168.36.99 | op=SEND_HEARTBEAT {datanodeUUID=23f64912-5028-4d23-8b69-b921a9dc4821, command=[]} | ret=SUCCESS |  
2019-08-20 15:11:01,395 [Thread-787] INFO  impl.FollowerState (FollowerState.java:run(106)) - fd4686f9-7c1a-4a65-a533-eb8353642aca:group-AB6BBA3F4490 changes to CANDIDATE, lastRpcTime:5010, electionTimeout:5010ms
2019-08-20 15:11:01,395 [Thread-787] INFO  impl.RoleInfo (RoleInfo.java:shutdownFollowerState(121)) - fd4686f9-7c1a-4a65-a533-eb8353642aca: shutdown FollowerState
2019-08-20 15:11:01,395 [Thread-787] INFO  impl.RaftServerImpl (RaftServerImpl.java:setRole(171)) - fd4686f9-7c1a-4a65-a533-eb8353642aca:group-AB6BBA3F4490 changes role from FOLLOWER to CANDIDATE at term 0 for changeToCandidate
2019-08-20 15:11:01,395 [Thread-787] INFO  impl.RoleInfo (RoleInfo.java:updateAndGet(143)) - fd4686f9-7c1a-4a65-a533-eb8353642aca: start LeaderElection
2019-08-20 15:11:01,438 [fd4686f9-7c1a-4a65-a533-eb8353642aca:group-AB6BBA3F4490:LeaderElection23] INFO  impl.LeaderElection (LeaderElection.java:askForVotes(181)) - fd4686f9-7c1a-4a65-a533-eb8353642aca:group-AB6BBA3F4490:LeaderElection23: begin an election at term 1 for -1: [fd4686f9-7c1a-4a65-a533-eb8353642aca:192.168.36.99:42707], old=null
2019-08-20 15:11:01,438 [fd4686f9-7c1a-4a65-a533-eb8353642aca:group-AB6BBA3F4490:LeaderElection23] INFO  impl.RoleInfo (RoleInfo.java:shutdownLeaderElection(134)) - fd4686f9-7c1a-4a65-a533-eb8353642aca: shutdown LeaderElection
2019-08-20 15:11:01,438 [fd4686f9-7c1a-4a65-a533-eb8353642aca:group-AB6BBA3F4490:LeaderElection23] INFO  impl.RaftServerImpl (RaftServerImpl.java:setRole(171)) - fd4686f9-7c1a-4a65-a533-eb8353642aca:group-AB6BBA3F4490 changes role from CANDIDATE to LEADER at term 1 for changeToLeader
2019-08-20 15:11:01,438 [fd4686f9-7c1a-4a65-a533-eb8353642aca:group-AB6BBA3F4490:LeaderElection23] INFO  impl.RaftServerImpl (ServerState.java:setLeader(263)) - fd4686f9-7c1a-4a65-a533-eb8353642aca:group-AB6BBA3F4490 change Leader from null to fd4686f9-7c1a-4a65-a533-eb8353642aca at term 1 for becomeLeader, leader elected after 5071ms
2019-08-20 15:11:01,441 [fd4686f9-7c1a-4a65-a533-eb8353642aca:group-AB6BBA3F4490:LeaderElection23] INFO  server.RaftServerConfigKeys (ConfUtils.java:logGet(43)) - raft.server.staging.catchup.gap = 1000 (default)
2019-08-20 15:11:01,441 [fd4686f9-7c1a-4a65-a533-eb8353642aca:group-AB6BBA3F4490:LeaderElection23] INFO  server.RaftServerConfigKeys (ConfUtils.java:logGet(43)) - raft.server.rpc.sleep.time = 25ms (default)
2019-08-20 15:11:01,441 [fd4686f9-7c1a-4a65-a533-eb8353642aca:group-AB6BBA3F4490:LeaderElection23] INFO  server.RaftServerConfigKeys (ConfUtils.java:logGet(43)) - raft.server.write.element-limit = 4096 (default)
2019-08-20 15:11:01,441 [fd4686f9-7c1a-4a65-a533-eb8353642aca:group-AB6BBA3F4490:LeaderElection23] INFO  server.RaftServerConfigKeys (ConfUtils.java:logGet(43)) - raft.server.watch.timeout = 10s (default)
2019-08-20 15:11:01,442 [fd4686f9-7c1a-4a65-a533-eb8353642aca:group-AB6BBA3F4490:LeaderElection23] INFO  server.RaftServerConfigKeys (ConfUtils.java:logGet(43)) - raft.server.watch.timeout.denomination = 1s (default)
2019-08-20 15:11:01,442 [fd4686f9-7c1a-4a65-a533-eb8353642aca:group-AB6BBA3F4490:LeaderElection23] INFO  server.RaftServerConfigKeys (ConfUtils.java:logGet(43)) - raft.server.watch.element-limit = 65536 (default)
2019-08-20 15:11:01,442 [fd4686f9-7c1a-4a65-a533-eb8353642aca:group-AB6BBA3F4490:LeaderElection23] INFO  impl.RoleInfo (RoleInfo.java:updateAndGet(143)) - fd4686f9-7c1a-4a65-a533-eb8353642aca: start LeaderState
2019-08-20 15:11:01,442 [fd4686f9-7c1a-4a65-a533-eb8353642aca:group-AB6BBA3F4490:LeaderElection23] INFO  segmented.SegmentedRaftLogWorker (SegmentedRaftLogWorker.java:startLogSegment(380)) - fd4686f9-7c1a-4a65-a533-eb8353642aca-SegmentedRaftLogWorker:Storage Directory /workdir/hadoop-ozone/integration-test/target/test-dir/MiniOzoneClusterImpl-0ad89540-22db-434c-8df5-5baffcf642ae/datanode-0/data/ratis/231f1bb1-e668-4eee-bd8c-ab6bba3f4490: Starting segment from index:0
2019-08-20 15:11:01,443 [fd4686f9-7c1a-4a65-a533-eb8353642aca:group-AB6BBA3F4490:LeaderElection23] INFO  impl.RaftServerImpl (ServerState.java:setRaftConf(361)) - fd4686f9-7c1a-4a65-a533-eb8353642aca:group-AB6BBA3F4490 set configuration 0: [fd4686f9-7c1a-4a65-a533-eb8353642aca:192.168.36.99:42707], old=null at 0
2019-08-20 15:11:01,480 | INFO  | SCMAudit | user=jenkins1000 | ip=192.168.36.99 | op=SEND_HEARTBEAT {datanodeUUID=fd4686f9-7c1a-4a65-a533-eb8353642aca, command=[]} | ret=SUCCESS |  
2019-08-20 15:11:01,495 [fd4686f9-7c1a-4a65-a533-eb8353642aca-SegmentedRaftLogWorker:Storage Directory /workdir/hadoop-ozone/integration-test/target/test-dir/MiniOzoneClusterImpl-0ad89540-22db-434c-8df5-5baffcf642ae/datanode-0/data/ratis/231f1bb1-e668-4eee-bd8c-ab6bba3f4490] INFO  segmented.SegmentedRaftLogWorker (SegmentedRaftLogWorker.java:execute(569)) - fd4686f9-7c1a-4a65-a533-eb8353642aca-SegmentedRaftLogWorker:Storage Directory /workdir/hadoop-ozone/integration-test/target/test-dir/MiniOzoneClusterImpl-0ad89540-22db-434c-8df5-5baffcf642ae/datanode-0/data/ratis/231f1bb1-e668-4eee-bd8c-ab6bba3f4490: created new log segment /workdir/hadoop-ozone/integration-test/target/test-dir/MiniOzoneClusterImpl-0ad89540-22db-434c-8df5-5baffcf642ae/datanode-0/data/ratis/231f1bb1-e668-4eee-bd8c-ab6bba3f4490/current/log_inprogress_0
2019-08-20 15:11:01,544 [Thread-795] INFO  impl.FollowerState (FollowerState.java:run(106)) - 9083b2e0-0d12-4690-bbcc-fa1831cb2877:group-55A78D3868F6 changes to CANDIDATE, lastRpcTime:5034, electionTimeout:5034ms
2019-08-20 15:11:01,544 [Thread-795] INFO  impl.RoleInfo (RoleInfo.java:shutdownFollowerState(121)) - 9083b2e0-0d12-4690-bbcc-fa1831cb2877: shutdown FollowerState
2019-08-20 15:11:01,544 [Thread-795] INFO  impl.RaftServerImpl (RaftServerImpl.java:setRole(171)) - 9083b2e0-0d12-4690-bbcc-fa1831cb2877:group-55A78D3868F6 changes role from FOLLOWER to CANDIDATE at term 0 for changeToCandidate
2019-08-20 15:11:01,544 [Thread-795] INFO  impl.RoleInfo (RoleInfo.java:updateAndGet(143)) - 9083b2e0-0d12-4690-bbcc-fa1831cb2877: start LeaderElection
2019-08-20 15:11:01,558 [Thread-804] INFO  impl.FollowerState (FollowerState.java:run(106)) - 9083b2e0-0d12-4690-bbcc-fa1831cb2877:group-22B12B17425C changes to CANDIDATE, lastRpcTime:5027, electionTimeout:5027ms
2019-08-20 15:11:01,558 [Thread-804] INFO  impl.RoleInfo (RoleInfo.java:shutdownFollowerState(121)) - 9083b2e0-0d12-4690-bbcc-fa1831cb2877: shutdown FollowerState
2019-08-20 15:11:01,558 [Thread-804] INFO  impl.RaftServerImpl (RaftServerImpl.java:setRole(171)) - 9083b2e0-0d12-4690-bbcc-fa1831cb2877:group-22B12B17425C changes role from FOLLOWER to CANDIDATE at term 0 for changeToCandidate
2019-08-20 15:11:01,558 [Thread-804] INFO  impl.RoleInfo (RoleInfo.java:updateAndGet(143)) - 9083b2e0-0d12-4690-bbcc-fa1831cb2877: start LeaderElection
2019-08-20 15:11:01,571 [9083b2e0-0d12-4690-bbcc-fa1831cb2877:group-55A78D3868F6:LeaderElection24] INFO  impl.LeaderElection (LeaderElection.java:askForVotes(181)) - 9083b2e0-0d12-4690-bbcc-fa1831cb2877:group-55A78D3868F6:LeaderElection24: begin an election at term 1 for -1: [03526247-f18f-4f7b-a613-7fcfcc785a52:192.168.36.99:40286, a6df67c4-b90a-4dd0-8d2c-e48bbab8adc7:192.168.36.99:39930, 9083b2e0-0d12-4690-bbcc-fa1831cb2877:192.168.36.99:43356], old=null
2019-08-20 15:11:01,572 [Thread-803] INFO  impl.FollowerState (FollowerState.java:run(106)) - a6df67c4-b90a-4dd0-8d2c-e48bbab8adc7:group-22B12B17425C changes to CANDIDATE, lastRpcTime:5042, electionTimeout:5042ms
2019-08-20 15:11:01,573 [Thread-803] INFO  impl.RoleInfo (RoleInfo.java:shutdownFollowerState(121)) - a6df67c4-b90a-4dd0-8d2c-e48bbab8adc7: shutdown FollowerState
2019-08-20 15:11:01,576 | INFO  | SCMAudit | user=jenkins1000 | ip=192.168.36.99 | op=SEND_HEARTBEAT {datanodeUUID=fe15c72e-ab20-4743-97a8-8736c2ec4284, command=[]} | ret=SUCCESS |  
2019-08-20 15:11:01,577 [Thread-803] INFO  impl.RaftServerImpl (RaftServerImpl.java:setRole(171)) - a6df67c4-b90a-4dd0-8d2c-e48bbab8adc7:group-22B12B17425C changes role from FOLLOWER to CANDIDATE at term 0 for changeToCandidate
2019-08-20 15:11:01,577 [Thread-803] INFO  impl.RoleInfo (RoleInfo.java:updateAndGet(143)) - a6df67c4-b90a-4dd0-8d2c-e48bbab8adc7: start LeaderElection
2019-08-20 15:11:01,589 [Thread-810] INFO  impl.FollowerState (FollowerState.java:run(106)) - 03526247-f18f-4f7b-a613-7fcfcc785a52:group-A775791AA460 changes to CANDIDATE, lastRpcTime:5009, electionTimeout:5009ms
2019-08-20 15:11:01,589 [Thread-796] INFO  impl.FollowerState (FollowerState.java:run(106)) - a6df67c4-b90a-4dd0-8d2c-e48bbab8adc7:group-55A78D3868F6 changes to CANDIDATE, lastRpcTime:5080, electionTimeout:5078ms
2019-08-20 15:11:01,589 [Thread-810] INFO  impl.RoleInfo (RoleInfo.java:shutdownFollowerState(121)) - 03526247-f18f-4f7b-a613-7fcfcc785a52: shutdown FollowerState
2019-08-20 15:11:01,590 [Thread-796] INFO  impl.RoleInfo (RoleInfo.java:shutdownFollowerState(121)) - a6df67c4-b90a-4dd0-8d2c-e48bbab8adc7: shutdown FollowerState
2019-08-20 15:11:01,590 [Thread-810] INFO  impl.RaftServerImpl (RaftServerImpl.java:setRole(171)) - 03526247-f18f-4f7b-a613-7fcfcc785a52:group-A775791AA460 changes role from FOLLOWER to CANDIDATE at term 0 for changeToCandidate
2019-08-20 15:11:01,590 [Thread-796] INFO  impl.RaftServerImpl (RaftServerImpl.java:setRole(171)) - a6df67c4-b90a-4dd0-8d2c-e48bbab8adc7:group-55A78D3868F6 changes role from FOLLOWER to CANDIDATE at term 0 for changeToCandidate
2019-08-20 15:11:01,590 [Thread-810] INFO  impl.RoleInfo (RoleInfo.java:updateAndGet(143)) - 03526247-f18f-4f7b-a613-7fcfcc785a52: start LeaderElection
2019-08-20 15:11:01,590 [Thread-796] INFO  impl.RoleInfo (RoleInfo.java:updateAndGet(143)) - a6df67c4-b90a-4dd0-8d2c-e48bbab8adc7: start LeaderElection
2019-08-20 15:11:01,600 [9083b2e0-0d12-4690-bbcc-fa1831cb2877:group-22B12B17425C:LeaderElection25] INFO  impl.LeaderElection (LeaderElection.java:askForVotes(181)) - 9083b2e0-0d12-4690-bbcc-fa1831cb2877:group-22B12B17425C:LeaderElection25: begin an election at term 1 for -1: [03526247-f18f-4f7b-a613-7fcfcc785a52:192.168.36.99:40286, a6df67c4-b90a-4dd0-8d2c-e48bbab8adc7:192.168.36.99:39930, 9083b2e0-0d12-4690-bbcc-fa1831cb2877:192.168.36.99:43356], old=null
2019-08-20 15:11:01,600 [Thread-812] INFO  impl.FollowerState (FollowerState.java:run(106)) - 03526247-f18f-4f7b-a613-7fcfcc785a52:group-4F1559E1E3EB changes to CANDIDATE, lastRpcTime:5019, electionTimeout:5015ms
2019-08-20 15:11:01,600 [Thread-812] INFO  impl.RoleInfo (RoleInfo.java:shutdownFollowerState(121)) - 03526247-f18f-4f7b-a613-7fcfcc785a52: shutdown FollowerState
2019-08-20 15:11:01,601 [Thread-812] INFO  impl.RaftServerImpl (RaftServerImpl.java:setRole(171)) - 03526247-f18f-4f7b-a613-7fcfcc785a52:group-4F1559E1E3EB changes role from FOLLOWER to CANDIDATE at term 0 for changeToCandidate
2019-08-20 15:11:01,601 [Thread-812] INFO  impl.RoleInfo (RoleInfo.java:updateAndGet(143)) - 03526247-f18f-4f7b-a613-7fcfcc785a52: start LeaderElection
2019-08-20 15:11:01,605 [Thread-799] INFO  impl.FollowerState (FollowerState.java:run(106)) - 9083b2e0-0d12-4690-bbcc-fa1831cb2877:group-4F1559E1E3EB changes to CANDIDATE, lastRpcTime:5094, electionTimeout:5092ms
2019-08-20 15:11:01,605 [Thread-799] INFO  impl.RoleInfo (RoleInfo.java:shutdownFollowerState(121)) - 9083b2e0-0d12-4690-bbcc-fa1831cb2877: shutdown FollowerState
2019-08-20 15:11:01,609 [Thread-799] INFO  impl.RaftServerImpl (RaftServerImpl.java:setRole(171)) - 9083b2e0-0d12-4690-bbcc-fa1831cb2877:group-4F1559E1E3EB changes role from FOLLOWER to CANDIDATE at term 0 for changeToCandidate
2019-08-20 15:11:01,609 [Thread-799] INFO  impl.RoleInfo (RoleInfo.java:updateAndGet(143)) - 9083b2e0-0d12-4690-bbcc-fa1831cb2877: start LeaderElection
2019-08-20 15:11:01,620 [grpc-default-executor-3] INFO  impl.RaftServerImpl (RaftServerImpl.java:setRole(171)) - 03526247-f18f-4f7b-a613-7fcfcc785a52:group-55A78D3868F6 changes role from FOLLOWER to FOLLOWER at term 1 for recognizeCandidate:9083b2e0-0d12-4690-bbcc-fa1831cb2877
2019-08-20 15:11:01,620 [grpc-default-executor-1] INFO  impl.RaftServerImpl (RaftServerImpl.java:setRole(171)) - 03526247-f18f-4f7b-a613-7fcfcc785a52:group-22B12B17425C changes role from FOLLOWER to FOLLOWER at term 1 for recognizeCandidate:9083b2e0-0d12-4690-bbcc-fa1831cb2877
2019-08-20 15:11:01,621 [grpc-default-executor-3] INFO  impl.RoleInfo (RoleInfo.java:shutdownFollowerState(121)) - 03526247-f18f-4f7b-a613-7fcfcc785a52: shutdown FollowerState
2019-08-20 15:11:01,621 [grpc-default-executor-1] INFO  impl.RoleInfo (RoleInfo.java:shutdownFollowerState(121)) - 03526247-f18f-4f7b-a613-7fcfcc785a52: shutdown FollowerState
2019-08-20 15:11:01,621 [Thread-808] INFO  impl.FollowerState (FollowerState.java:run(114)) - 03526247-f18f-4f7b-a613-7fcfcc785a52: FollowerState was interrupted: java.lang.InterruptedException: sleep interrupted
2019-08-20 15:11:01,621 [Thread-814] INFO  impl.FollowerState (FollowerState.java:run(114)) - 03526247-f18f-4f7b-a613-7fcfcc785a52: FollowerState was interrupted: java.lang.InterruptedException: sleep interrupted
2019-08-20 15:11:01,623 [03526247-f18f-4f7b-a613-7fcfcc785a52:group-A775791AA460:LeaderElection27] INFO  impl.LeaderElection (LeaderElection.java:askForVotes(181)) - 03526247-f18f-4f7b-a613-7fcfcc785a52:group-A775791AA460:LeaderElection27: begin an election at term 1 for -1: [03526247-f18f-4f7b-a613-7fcfcc785a52:192.168.36.99:40286], old=null
2019-08-20 15:11:01,625 [a6df67c4-b90a-4dd0-8d2c-e48bbab8adc7:group-55A78D3868F6:LeaderElection28] INFO  impl.LeaderElection (LeaderElection.java:askForVotes(181)) - a6df67c4-b90a-4dd0-8d2c-e48bbab8adc7:group-55A78D3868F6:LeaderElection28: begin an election at term 1 for -1: [03526247-f18f-4f7b-a613-7fcfcc785a52:192.168.36.99:40286, a6df67c4-b90a-4dd0-8d2c-e48bbab8adc7:192.168.36.99:39930, 9083b2e0-0d12-4690-bbcc-fa1831cb2877:192.168.36.99:43356], old=null
2019-08-20 15:11:01,621 [grpc-default-executor-3] INFO  impl.RoleInfo (RoleInfo.java:updateAndGet(143)) - 03526247-f18f-4f7b-a613-7fcfcc785a52: start FollowerState
2019-08-20 15:11:01,625 [03526247-f18f-4f7b-a613-7fcfcc785a52:group-A775791AA460:LeaderElection27] INFO  impl.RoleInfo (RoleInfo.java:shutdownLeaderElection(134)) - 03526247-f18f-4f7b-a613-7fcfcc785a52: shutdown LeaderElection
2019-08-20 15:11:01,625 [a6df67c4-b90a-4dd0-8d2c-e48bbab8adc7:group-22B12B17425C:LeaderElection26] INFO  impl.LeaderElection (LeaderElection.java:askForVotes(181)) - a6df67c4-b90a-4dd0-8d2c-e48bbab8adc7:group-22B12B17425C:LeaderElection26: begin an election at term 1 for -1: [03526247-f18f-4f7b-a613-7fcfcc785a52:192.168.36.99:40286, a6df67c4-b90a-4dd0-8d2c-e48bbab8adc7:192.168.36.99:39930, 9083b2e0-0d12-4690-bbcc-fa1831cb2877:192.168.36.99:43356], old=null
2019-08-20 15:11:01,621 [grpc-default-executor-1] INFO  impl.RoleInfo (RoleInfo.java:updateAndGet(143)) - 03526247-f18f-4f7b-a613-7fcfcc785a52: start FollowerState
2019-08-20 15:11:01,628 [03526247-f18f-4f7b-a613-7fcfcc785a52:group-A775791AA460:LeaderElection27] INFO  impl.RaftServerImpl (RaftServerImpl.java:setRole(171)) - 03526247-f18f-4f7b-a613-7fcfcc785a52:group-A775791AA460 changes role from CANDIDATE to LEADER at term 1 for changeToLeader
2019-08-20 15:11:01,628 [03526247-f18f-4f7b-a613-7fcfcc785a52:group-A775791AA460:LeaderElection27] INFO  impl.RaftServerImpl (ServerState.java:setLeader(263)) - 03526247-f18f-4f7b-a613-7fcfcc785a52:group-A775791AA460 change Leader from null to 03526247-f18f-4f7b-a613-7fcfcc785a52 at term 1 for becomeLeader, leader elected after 5202ms
2019-08-20 15:11:01,631 [03526247-f18f-4f7b-a613-7fcfcc785a52:group-A775791AA460:LeaderElection27] INFO  server.RaftServerConfigKeys (ConfUtils.java:logGet(43)) - raft.server.staging.catchup.gap = 1000 (default)
2019-08-20 15:11:01,631 [03526247-f18f-4f7b-a613-7fcfcc785a52:group-A775791AA460:LeaderElection27] INFO  server.RaftServerConfigKeys (ConfUtils.java:logGet(43)) - raft.server.rpc.sleep.time = 25ms (default)
2019-08-20 15:11:01,635 [9083b2e0-0d12-4690-bbcc-fa1831cb2877:group-4F1559E1E3EB:LeaderElection30] INFO  impl.LeaderElection (LeaderElection.java:askForVotes(181)) - 9083b2e0-0d12-4690-bbcc-fa1831cb2877:group-4F1559E1E3EB:LeaderElection30: begin an election at term 1 for -1: [03526247-f18f-4f7b-a613-7fcfcc785a52:192.168.36.99:40286, a6df67c4-b90a-4dd0-8d2c-e48bbab8adc7:192.168.36.99:39930, 9083b2e0-0d12-4690-bbcc-fa1831cb2877:192.168.36.99:43356], old=null
2019-08-20 15:11:01,635 [03526247-f18f-4f7b-a613-7fcfcc785a52:group-A775791AA460:LeaderElection27] INFO  server.RaftServerConfigKeys (ConfUtils.java:logGet(43)) - raft.server.write.element-limit = 4096 (default)
2019-08-20 15:11:01,635 [03526247-f18f-4f7b-a613-7fcfcc785a52:group-4F1559E1E3EB:LeaderElection29] INFO  impl.LeaderElection (LeaderElection.java:askForVotes(181)) - 03526247-f18f-4f7b-a613-7fcfcc785a52:group-4F1559E1E3EB:LeaderElection29: begin an election at term 1 for -1: [03526247-f18f-4f7b-a613-7fcfcc785a52:192.168.36.99:40286, a6df67c4-b90a-4dd0-8d2c-e48bbab8adc7:192.168.36.99:39930, 9083b2e0-0d12-4690-bbcc-fa1831cb2877:192.168.36.99:43356], old=null
2019-08-20 15:11:01,636 [03526247-f18f-4f7b-a613-7fcfcc785a52:group-A775791AA460:LeaderElection27] INFO  server.RaftServerConfigKeys (ConfUtils.java:logGet(43)) - raft.server.watch.timeout = 10s (default)
2019-08-20 15:11:01,636 [03526247-f18f-4f7b-a613-7fcfcc785a52:group-A775791AA460:LeaderElection27] INFO  server.RaftServerConfigKeys (ConfUtils.java:logGet(43)) - raft.server.watch.timeout.denomination = 1s (default)
2019-08-20 15:11:01,636 [03526247-f18f-4f7b-a613-7fcfcc785a52:group-A775791AA460:LeaderElection27] INFO  server.RaftServerConfigKeys (ConfUtils.java:logGet(43)) - raft.server.watch.element-limit = 65536 (default)
2019-08-20 15:11:01,639 [03526247-f18f-4f7b-a613-7fcfcc785a52:group-A775791AA460:LeaderElection27] INFO  impl.RoleInfo (RoleInfo.java:updateAndGet(143)) - 03526247-f18f-4f7b-a613-7fcfcc785a52: start LeaderState
2019-08-20 15:11:01,639 [9083b2e0-0d12-4690-bbcc-fa1831cb2877:group-55A78D3868F6:LeaderElection24] INFO  impl.LeaderElection (LeaderElection.java:logAndReturn(56)) - 9083b2e0-0d12-4690-bbcc-fa1831cb2877:group-55A78D3868F6:LeaderElection24: Election PASSED; received 2 response(s) [9083b2e0-0d12-4690-bbcc-fa1831cb2877<-03526247-f18f-4f7b-a613-7fcfcc785a52#0:OK-t1, 9083b2e0-0d12-4690-bbcc-fa1831cb2877<-a6df67c4-b90a-4dd0-8d2c-e48bbab8adc7#0:FAIL-t1] and 0 exception(s); 9083b2e0-0d12-4690-bbcc-fa1831cb2877:t1, leader=null, voted=9083b2e0-0d12-4690-bbcc-fa1831cb2877, raftlog=9083b2e0-0d12-4690-bbcc-fa1831cb2877-SegmentedRaftLog:OPENED:c-1,f-1,i0, conf=-1: [03526247-f18f-4f7b-a613-7fcfcc785a52:192.168.36.99:40286, a6df67c4-b90a-4dd0-8d2c-e48bbab8adc7:192.168.36.99:39930, 9083b2e0-0d12-4690-bbcc-fa1831cb2877:192.168.36.99:43356], old=null
2019-08-20 15:11:01,647 [03526247-f18f-4f7b-a613-7fcfcc785a52:group-A775791AA460:LeaderElection27] INFO  segmented.SegmentedRaftLogWorker (SegmentedRaftLogWorker.java:startLogSegment(380)) - 03526247-f18f-4f7b-a613-7fcfcc785a52-SegmentedRaftLogWorker:Storage Directory /workdir/hadoop-ozone/integration-test/target/test-dir/MiniOzoneClusterImpl-0ad89540-22db-434c-8df5-5baffcf642ae/datanode-6/data/ratis/f766518d-0344-4827-b0f9-a775791aa460: Starting segment from index:0
2019-08-20 15:11:01,647 [9083b2e0-0d12-4690-bbcc-fa1831cb2877:group-55A78D3868F6:LeaderElection24] INFO  impl.RoleInfo (RoleInfo.java:shutdownLeaderElection(134)) - 9083b2e0-0d12-4690-bbcc-fa1831cb2877: shutdown LeaderElection
2019-08-20 15:11:01,650 [9083b2e0-0d12-4690-bbcc-fa1831cb2877:group-55A78D3868F6:LeaderElection24] INFO  impl.RaftServerImpl (RaftServerImpl.java:setRole(171)) - 9083b2e0-0d12-4690-bbcc-fa1831cb2877:group-55A78D3868F6 changes role from CANDIDATE to LEADER at term 1 for changeToLeader
2019-08-20 15:11:01,650 [9083b2e0-0d12-4690-bbcc-fa1831cb2877:group-55A78D3868F6:LeaderElection24] INFO  impl.RaftServerImpl (ServerState.java:setLeader(263)) - 9083b2e0-0d12-4690-bbcc-fa1831cb2877:group-55A78D3868F6 change Leader from null to 9083b2e0-0d12-4690-bbcc-fa1831cb2877 at term 1 for becomeLeader, leader elected after 5283ms
2019-08-20 15:11:01,650 [03526247-f18f-4f7b-a613-7fcfcc785a52:group-A775791AA460:LeaderElection27] INFO  impl.RaftServerImpl (ServerState.java:setRaftConf(361)) - 03526247-f18f-4f7b-a613-7fcfcc785a52:group-A775791AA460 set configuration 0: [03526247-f18f-4f7b-a613-7fcfcc785a52:192.168.36.99:40286], old=null at 0
2019-08-20 15:11:01,652 [9083b2e0-0d12-4690-bbcc-fa1831cb2877:group-55A78D3868F6:LeaderElection24] INFO  server.RaftServerConfigKeys (ConfUtils.java:logGet(43)) - raft.server.staging.catchup.gap = 1000 (default)
2019-08-20 15:11:01,655 [9083b2e0-0d12-4690-bbcc-fa1831cb2877:group-55A78D3868F6:LeaderElection24] INFO  server.RaftServerConfigKeys (ConfUtils.java:logGet(43)) - raft.server.rpc.sleep.time = 25ms (default)
2019-08-20 15:11:01,655 [9083b2e0-0d12-4690-bbcc-fa1831cb2877:group-55A78D3868F6:LeaderElection24] INFO  server.RaftServerConfigKeys (ConfUtils.java:logGet(43)) - raft.server.write.element-limit = 4096 (default)
2019-08-20 15:11:01,655 [9083b2e0-0d12-4690-bbcc-fa1831cb2877:group-55A78D3868F6:LeaderElection24] INFO  server.RaftServerConfigKeys (ConfUtils.java:logGet(43)) - raft.server.watch.timeout = 10s (default)
2019-08-20 15:11:01,655 [9083b2e0-0d12-4690-bbcc-fa1831cb2877:group-55A78D3868F6:LeaderElection24] INFO  server.RaftServerConfigKeys (ConfUtils.java:logGet(43)) - raft.server.watch.timeout.denomination = 1s (default)
2019-08-20 15:11:01,655 [9083b2e0-0d12-4690-bbcc-fa1831cb2877:group-55A78D3868F6:LeaderElection24] INFO  server.RaftServerConfigKeys (ConfUtils.java:logGet(43)) - raft.server.watch.element-limit = 65536 (default)
2019-08-20 15:11:01,656 [grpc-default-executor-1] INFO  impl.RaftServerImpl (RaftServerImpl.java:setRole(171)) - a6df67c4-b90a-4dd0-8d2c-e48bbab8adc7:group-4F1559E1E3EB changes role from FOLLOWER to FOLLOWER at term 1 for recognizeCandidate:9083b2e0-0d12-4690-bbcc-fa1831cb2877
2019-08-20 15:11:01,656 [9083b2e0-0d12-4690-bbcc-fa1831cb2877:group-55A78D3868F6:LeaderElection24] INFO  server.RaftServerConfigKeys (ConfUtils.java:logGet(43)) - raft.server.log.appender.snapshot.chunk.size.max = 16MB (=16777216) (default)
2019-08-20 15:11:01,692 [9083b2e0-0d12-4690-bbcc-fa1831cb2877:group-22B12B17425C:LeaderElection25] INFO  impl.LeaderElection (LeaderElection.java:logAndReturn(56)) - 9083b2e0-0d12-4690-bbcc-fa1831cb2877:group-22B12B17425C:LeaderElection25: Election PASSED; received 2 response(s) [9083b2e0-0d12-4690-bbcc-fa1831cb2877<-03526247-f18f-4f7b-a613-7fcfcc785a52#0:OK-t1, 9083b2e0-0d12-4690-bbcc-fa1831cb2877<-a6df67c4-b90a-4dd0-8d2c-e48bbab8adc7#0:FAIL-t1] and 0 exception(s); 9083b2e0-0d12-4690-bbcc-fa1831cb2877:t1, leader=null, voted=9083b2e0-0d12-4690-bbcc-fa1831cb2877, raftlog=9083b2e0-0d12-4690-bbcc-fa1831cb2877-SegmentedRaftLog:OPENED:c-1,f-1,i0, conf=-1: [03526247-f18f-4f7b-a613-7fcfcc785a52:192.168.36.99:40286, a6df67c4-b90a-4dd0-8d2c-e48bbab8adc7:192.168.36.99:39930, 9083b2e0-0d12-4690-bbcc-fa1831cb2877:192.168.36.99:43356], old=null
2019-08-20 15:11:01,694 | INFO  | SCMAudit | user=jenkins1000 | ip=192.168.36.99 | op=SEND_HEARTBEAT {datanodeUUID=4ac23530-a9c5-46e9-ab57-7dff5b9489be, command=[]} | ret=SUCCESS |  
2019-08-20 15:11:01,692 [grpc-default-executor-1] INFO  impl.RoleInfo (RoleInfo.java:shutdownFollowerState(121)) - a6df67c4-b90a-4dd0-8d2c-e48bbab8adc7: shutdown FollowerState
2019-08-20 15:11:01,694 [9083b2e0-0d12-4690-bbcc-fa1831cb2877:group-55A78D3868F6:LeaderElection24] INFO  server.RaftServerConfigKeys (ConfUtils.java:logGet(43)) - raft.server.log.appender.buffer.byte-limit = 33554432 (custom)
2019-08-20 15:11:01,694 [9083b2e0-0d12-4690-bbcc-fa1831cb2877:group-22B12B17425C:LeaderElection25] INFO  impl.RoleInfo (RoleInfo.java:shutdownLeaderElection(134)) - 9083b2e0-0d12-4690-bbcc-fa1831cb2877: shutdown LeaderElection
2019-08-20 15:11:01,695 [Thread-800] INFO  impl.FollowerState (FollowerState.java:run(114)) - a6df67c4-b90a-4dd0-8d2c-e48bbab8adc7: FollowerState was interrupted: java.lang.InterruptedException: sleep interrupted
2019-08-20 15:11:01,695 [grpc-default-executor-1] INFO  impl.RoleInfo (RoleInfo.java:updateAndGet(143)) - a6df67c4-b90a-4dd0-8d2c-e48bbab8adc7: start FollowerState
2019-08-20 15:11:01,695 [9083b2e0-0d12-4690-bbcc-fa1831cb2877:group-55A78D3868F6:LeaderElection24] INFO  server.RaftServerConfigKeys (ConfUtils.java:logGet(43)) - raft.server.log.appender.buffer.element-limit = 1 (custom)
2019-08-20 15:11:01,695 [9083b2e0-0d12-4690-bbcc-fa1831cb2877:group-22B12B17425C:LeaderElection25] INFO  impl.RaftServerImpl (RaftServerImpl.java:setRole(171)) - 9083b2e0-0d12-4690-bbcc-fa1831cb2877:group-22B12B17425C changes role from CANDIDATE to LEADER at term 1 for changeToLeader
2019-08-20 15:11:01,697 [9083b2e0-0d12-4690-bbcc-fa1831cb2877:group-22B12B17425C:LeaderElection25] INFO  impl.RaftServerImpl (ServerState.java:setLeader(263)) - 9083b2e0-0d12-4690-bbcc-fa1831cb2877:group-22B12B17425C change Leader from null to 9083b2e0-0d12-4690-bbcc-fa1831cb2877 at term 1 for becomeLeader, leader elected after 5198ms
2019-08-20 15:11:01,697 [9083b2e0-0d12-4690-bbcc-fa1831cb2877:group-22B12B17425C:LeaderElection25] INFO  server.RaftServerConfigKeys (ConfUtils.java:logGet(43)) - raft.server.staging.catchup.gap = 1000 (default)
2019-08-20 15:11:01,697 [9083b2e0-0d12-4690-bbcc-fa1831cb2877:group-55A78D3868F6:LeaderElection24] INFO  grpc.GrpcConfigKeys$Server (ConfUtils.java:logGet(43)) - raft.grpc.server.leader.outstanding.appends.max = 128 (default)
2019-08-20 15:11:01,697 [9083b2e0-0d12-4690-bbcc-fa1831cb2877:group-22B12B17425C:LeaderElection25] INFO  server.RaftServerConfigKeys (ConfUtils.java:logGet(43)) - raft.server.rpc.sleep.time = 25ms (default)
2019-08-20 15:11:01,704 [9083b2e0-0d12-4690-bbcc-fa1831cb2877:group-55A78D3868F6:LeaderElection24] INFO  server.RaftServerConfigKeys (ConfUtils.java:logGet(43)) - raft.server.rpc.request.timeout = 3000ms (default)
2019-08-20 15:11:01,704 [9083b2e0-0d12-4690-bbcc-fa1831cb2877:group-22B12B17425C:LeaderElection25] INFO  server.RaftServerConfigKeys (ConfUtils.java:logGet(43)) - raft.server.write.element-limit = 4096 (default)
2019-08-20 15:11:01,704 [9083b2e0-0d12-4690-bbcc-fa1831cb2877:group-55A78D3868F6:LeaderElection24] INFO  server.RaftServerConfigKeys (ConfUtils.java:logGet(43)) - raft.server.log.appender.install.snapshot.enabled = false (custom)
2019-08-20 15:11:01,705 [9083b2e0-0d12-4690-bbcc-fa1831cb2877:group-22B12B17425C:LeaderElection25] INFO  server.RaftServerConfigKeys (ConfUtils.java:logGet(43)) - raft.server.watch.timeout = 10s (default)
2019-08-20 15:11:01,706 [9083b2e0-0d12-4690-bbcc-fa1831cb2877:group-55A78D3868F6:LeaderElection24] INFO  server.RaftServerConfigKeys (ConfUtils.java:logGet(43)) - raft.server.log.appender.snapshot.chunk.size.max = 16MB (=16777216) (default)
2019-08-20 15:11:01,707 [9083b2e0-0d12-4690-bbcc-fa1831cb2877:group-22B12B17425C:LeaderElection25] INFO  server.RaftServerConfigKeys (ConfUtils.java:logGet(43)) - raft.server.watch.timeout.denomination = 1s (default)
2019-08-20 15:11:01,707 [9083b2e0-0d12-4690-bbcc-fa1831cb2877:group-55A78D3868F6:LeaderElection24] INFO  server.RaftServerConfigKeys (ConfUtils.java:logGet(43)) - raft.server.log.appender.buffer.byte-limit = 33554432 (custom)
2019-08-20 15:11:01,707 [9083b2e0-0d12-4690-bbcc-fa1831cb2877:group-22B12B17425C:LeaderElection25] INFO  server.RaftServerConfigKeys (ConfUtils.java:logGet(43)) - raft.server.watch.element-limit = 65536 (default)
2019-08-20 15:11:01,707 [9083b2e0-0d12-4690-bbcc-fa1831cb2877:group-55A78D3868F6:LeaderElection24] INFO  server.RaftServerConfigKeys (ConfUtils.java:logGet(43)) - raft.server.log.appender.buffer.element-limit = 1 (custom)
2019-08-20 15:11:01,710 [9083b2e0-0d12-4690-bbcc-fa1831cb2877:group-22B12B17425C:LeaderElection25] INFO  server.RaftServerConfigKeys (ConfUtils.java:logGet(43)) - raft.server.log.appender.snapshot.chunk.size.max = 16MB (=16777216) (default)
2019-08-20 15:11:01,710 [9083b2e0-0d12-4690-bbcc-fa1831cb2877:group-55A78D3868F6:LeaderElection24] INFO  grpc.GrpcConfigKeys$Server (ConfUtils.java:logGet(43)) - raft.grpc.server.leader.outstanding.appends.max = 128 (default)
2019-08-20 15:11:01,710 [9083b2e0-0d12-4690-bbcc-fa1831cb2877:group-22B12B17425C:LeaderElection25] INFO  server.RaftServerConfigKeys (ConfUtils.java:logGet(43)) - raft.server.log.appender.buffer.byte-limit = 33554432 (custom)
2019-08-20 15:11:01,712 [9083b2e0-0d12-4690-bbcc-fa1831cb2877:group-55A78D3868F6:LeaderElection24] INFO  server.RaftServerConfigKeys (ConfUtils.java:logGet(43)) - raft.server.rpc.request.timeout = 3000ms (default)
2019-08-20 15:11:01,712 [9083b2e0-0d12-4690-bbcc-fa1831cb2877:group-22B12B17425C:LeaderElection25] INFO  server.RaftServerConfigKeys (ConfUtils.java:logGet(43)) - raft.server.log.appender.buffer.element-limit = 1 (custom)
2019-08-20 15:11:01,714 [9083b2e0-0d12-4690-bbcc-fa1831cb2877:group-55A78D3868F6:LeaderElection24] INFO  server.RaftServerConfigKeys (ConfUtils.java:logGet(43)) - raft.server.log.appender.install.snapshot.enabled = false (custom)
2019-08-20 15:11:01,714 [9083b2e0-0d12-4690-bbcc-fa1831cb2877:group-22B12B17425C:LeaderElection25] INFO  grpc.GrpcConfigKeys$Server (ConfUtils.java:logGet(43)) - raft.grpc.server.leader.outstanding.appends.max = 128 (default)
2019-08-20 15:11:01,714 [9083b2e0-0d12-4690-bbcc-fa1831cb2877:group-55A78D3868F6:LeaderElection24] INFO  impl.RoleInfo (RoleInfo.java:updateAndGet(143)) - 9083b2e0-0d12-4690-bbcc-fa1831cb2877: start LeaderState
2019-08-20 15:11:01,714 [9083b2e0-0d12-4690-bbcc-fa1831cb2877:group-22B12B17425C:LeaderElection25] INFO  server.RaftServerConfigKeys (ConfUtils.java:logGet(43)) - raft.server.rpc.request.timeout = 3000ms (default)
2019-08-20 15:11:01,715 [9083b2e0-0d12-4690-bbcc-fa1831cb2877:group-55A78D3868F6:LeaderElection24] INFO  segmented.SegmentedRaftLogWorker (SegmentedRaftLogWorker.java:startLogSegment(380)) - 9083b2e0-0d12-4690-bbcc-fa1831cb2877-SegmentedRaftLogWorker:Storage Directory /workdir/hadoop-ozone/integration-test/target/test-dir/MiniOzoneClusterImpl-0ad89540-22db-434c-8df5-5baffcf642ae/datanode-2/data/ratis/a241723f-b005-4296-81e5-55a78d3868f6: Starting segment from index:0
2019-08-20 15:11:01,715 [9083b2e0-0d12-4690-bbcc-fa1831cb2877:group-22B12B17425C:LeaderElection25] INFO  server.RaftServerConfigKeys (ConfUtils.java:logGet(43)) - raft.server.log.appender.install.snapshot.enabled = false (custom)
2019-08-20 15:11:01,715 [9083b2e0-0d12-4690-bbcc-fa1831cb2877:group-22B12B17425C:LeaderElection25] INFO  server.RaftServerConfigKeys (ConfUtils.java:logGet(43)) - raft.server.log.appender.snapshot.chunk.size.max = 16MB (=16777216) (default)
2019-08-20 15:11:01,715 [9083b2e0-0d12-4690-bbcc-fa1831cb2877:group-22B12B17425C:LeaderElection25] INFO  server.RaftServerConfigKeys (ConfUtils.java:logGet(43)) - raft.server.log.appender.buffer.byte-limit = 33554432 (custom)
2019-08-20 15:11:01,715 [9083b2e0-0d12-4690-bbcc-fa1831cb2877:group-22B12B17425C:LeaderElection25] INFO  server.RaftServerConfigKeys (ConfUtils.java:logGet(43)) - raft.server.log.appender.buffer.element-limit = 1 (custom)
2019-08-20 15:11:01,715 [9083b2e0-0d12-4690-bbcc-fa1831cb2877:group-22B12B17425C:LeaderElection25] INFO  grpc.GrpcConfigKeys$Server (ConfUtils.java:logGet(43)) - raft.grpc.server.leader.outstanding.appends.max = 128 (default)
2019-08-20 15:11:01,716 [9083b2e0-0d12-4690-bbcc-fa1831cb2877:group-55A78D3868F6:LeaderElection24] INFO  impl.RaftServerImpl (ServerState.java:setRaftConf(361)) - 9083b2e0-0d12-4690-bbcc-fa1831cb2877:group-55A78D3868F6 set configuration 0: [03526247-f18f-4f7b-a613-7fcfcc785a52:192.168.36.99:40286, a6df67c4-b90a-4dd0-8d2c-e48bbab8adc7:192.168.36.99:39930, 9083b2e0-0d12-4690-bbcc-fa1831cb2877:192.168.36.99:43356], old=null at 0
2019-08-20 15:11:01,718 [9083b2e0-0d12-4690-bbcc-fa1831cb2877:group-22B12B17425C:LeaderElection25] INFO  server.RaftServerConfigKeys (ConfUtils.java:logGet(43)) - raft.server.rpc.request.timeout = 3000ms (default)
2019-08-20 15:11:01,718 [9083b2e0-0d12-4690-bbcc-fa1831cb2877:group-22B12B17425C:LeaderElection25] INFO  server.RaftServerConfigKeys (ConfUtils.java:logGet(43)) - raft.server.log.appender.install.snapshot.enabled = false (custom)
2019-08-20 15:11:01,720 [grpc-default-executor-6] INFO  impl.RaftServerImpl (RaftServerImpl.java:requestVote(754)) - 9083b2e0-0d12-4690-bbcc-fa1831cb2877-LEADER: Withhold vote from candidate a6df67c4-b90a-4dd0-8d2c-e48bbab8adc7 with term 1. State: leader=9083b2e0-0d12-4690-bbcc-fa1831cb2877, term=1, lastRpcElapsed=null
2019-08-20 15:11:01,720 [03526247-f18f-4f7b-a613-7fcfcc785a52-SegmentedRaftLogWorker:Storage Directory /workdir/hadoop-ozone/integration-test/target/test-dir/MiniOzoneClusterImpl-0ad89540-22db-434c-8df5-5baffcf642ae/datanode-6/data/ratis/f766518d-0344-4827-b0f9-a775791aa460] INFO  segmented.SegmentedRaftLogWorker (SegmentedRaftLogWorker.java:execute(569)) - 03526247-f18f-4f7b-a613-7fcfcc785a52-SegmentedRaftLogWorker:Storage Directory /workdir/hadoop-ozone/integration-test/target/test-dir/MiniOzoneClusterImpl-0ad89540-22db-434c-8df5-5baffcf642ae/datanode-6/data/ratis/f766518d-0344-4827-b0f9-a775791aa460: created new log segment /workdir/hadoop-ozone/integration-test/target/test-dir/MiniOzoneClusterImpl-0ad89540-22db-434c-8df5-5baffcf642ae/datanode-6/data/ratis/f766518d-0344-4827-b0f9-a775791aa460/current/log_inprogress_0
2019-08-20 15:11:01,720 [9083b2e0-0d12-4690-bbcc-fa1831cb2877:group-22B12B17425C:LeaderElection25] INFO  impl.RoleInfo (RoleInfo.java:updateAndGet(143)) - 9083b2e0-0d12-4690-bbcc-fa1831cb2877: start LeaderState
2019-08-20 15:11:01,756 [9083b2e0-0d12-4690-bbcc-fa1831cb2877:group-22B12B17425C:LeaderElection25] INFO  segmented.SegmentedRaftLogWorker (SegmentedRaftLogWorker.java:startLogSegment(380)) - 9083b2e0-0d12-4690-bbcc-fa1831cb2877-SegmentedRaftLogWorker:Storage Directory /workdir/hadoop-ozone/integration-test/target/test-dir/MiniOzoneClusterImpl-0ad89540-22db-434c-8df5-5baffcf642ae/datanode-2/data/ratis/ac29b5af-f1b5-4d49-9753-22b12b17425c: Starting segment from index:0
2019-08-20 15:11:01,760 [9083b2e0-0d12-4690-bbcc-fa1831cb2877:group-22B12B17425C:LeaderElection25] INFO  impl.RaftServerImpl (ServerState.java:setRaftConf(361)) - 9083b2e0-0d12-4690-bbcc-fa1831cb2877:group-22B12B17425C set configuration 0: [03526247-f18f-4f7b-a613-7fcfcc785a52:192.168.36.99:40286, a6df67c4-b90a-4dd0-8d2c-e48bbab8adc7:192.168.36.99:39930, 9083b2e0-0d12-4690-bbcc-fa1831cb2877:192.168.36.99:43356], old=null at 0
2019-08-20 15:11:01,760 [grpc-default-executor-4] INFO  impl.RaftServerImpl (ServerState.java:setLeader(263)) - 03526247-f18f-4f7b-a613-7fcfcc785a52:group-55A78D3868F6 change Leader from null to 9083b2e0-0d12-4690-bbcc-fa1831cb2877 at term 1 for appendEntries, leader elected after 5393ms
2019-08-20 15:11:01,790 [9083b2e0-0d12-4690-bbcc-fa1831cb2877-SegmentedRaftLogWorker:Storage Directory /workdir/hadoop-ozone/integration-test/target/test-dir/MiniOzoneClusterImpl-0ad89540-22db-434c-8df5-5baffcf642ae/datanode-2/data/ratis/a241723f-b005-4296-81e5-55a78d3868f6] INFO  segmented.SegmentedRaftLogWorker (SegmentedRaftLogWorker.java:execute(569)) - 9083b2e0-0d12-4690-bbcc-fa1831cb2877-SegmentedRaftLogWorker:Storage Directory /workdir/hadoop-ozone/integration-test/target/test-dir/MiniOzoneClusterImpl-0ad89540-22db-434c-8df5-5baffcf642ae/datanode-2/data/ratis/a241723f-b005-4296-81e5-55a78d3868f6: created new log segment /workdir/hadoop-ozone/integration-test/target/test-dir/MiniOzoneClusterImpl-0ad89540-22db-434c-8df5-5baffcf642ae/datanode-2/data/ratis/a241723f-b005-4296-81e5-55a78d3868f6/current/log_inprogress_0
2019-08-20 15:11:01,791 [03526247-f18f-4f7b-a613-7fcfcc785a52:group-4F1559E1E3EB:LeaderElection29] INFO  impl.LeaderElection (LeaderElection.java:logAndReturn(56)) - 03526247-f18f-4f7b-a613-7fcfcc785a52:group-4F1559E1E3EB:LeaderElection29: Election REJECTED; received 2 response(s) [03526247-f18f-4f7b-a613-7fcfcc785a52<-a6df67c4-b90a-4dd0-8d2c-e48bbab8adc7#0:FAIL-t1, 03526247-f18f-4f7b-a613-7fcfcc785a52<-9083b2e0-0d12-4690-bbcc-fa1831cb2877#0:FAIL-t1] and 0 exception(s); 03526247-f18f-4f7b-a613-7fcfcc785a52:t1, leader=null, voted=03526247-f18f-4f7b-a613-7fcfcc785a52, raftlog=03526247-f18f-4f7b-a613-7fcfcc785a52-SegmentedRaftLog:OPENED:c-1,f-1,i0, conf=-1: [03526247-f18f-4f7b-a613-7fcfcc785a52:192.168.36.99:40286, a6df67c4-b90a-4dd0-8d2c-e48bbab8adc7:192.168.36.99:39930, 9083b2e0-0d12-4690-bbcc-fa1831cb2877:192.168.36.99:43356], old=null
2019-08-20 15:11:01,791 [9083b2e0-0d12-4690-bbcc-fa1831cb2877:group-4F1559E1E3EB:LeaderElection30] INFO  impl.LeaderElection (LeaderElection.java:logAndReturn(56)) - 9083b2e0-0d12-4690-bbcc-fa1831cb2877:group-4F1559E1E3EB:LeaderElection30: Election PASSED; received 2 response(s) [9083b2e0-0d12-4690-bbcc-fa1831cb2877<-03526247-f18f-4f7b-a613-7fcfcc785a52#0:FAIL-t1, 9083b2e0-0d12-4690-bbcc-fa1831cb2877<-a6df67c4-b90a-4dd0-8d2c-e48bbab8adc7#0:OK-t1] and 0 exception(s); 9083b2e0-0d12-4690-bbcc-fa1831cb2877:t1, leader=null, voted=9083b2e0-0d12-4690-bbcc-fa1831cb2877, raftlog=9083b2e0-0d12-4690-bbcc-fa1831cb2877-SegmentedRaftLog:OPENED:c-1,f-1,i0, conf=-1: [03526247-f18f-4f7b-a613-7fcfcc785a52:192.168.36.99:40286, a6df67c4-b90a-4dd0-8d2c-e48bbab8adc7:192.168.36.99:39930, 9083b2e0-0d12-4690-bbcc-fa1831cb2877:192.168.36.99:43356], old=null
2019-08-20 15:11:01,760 [grpc-default-executor-3] INFO  impl.RaftServerImpl (RaftServerImpl.java:requestVote(754)) - 9083b2e0-0d12-4690-bbcc-fa1831cb2877-LEADER: Withhold vote from candidate a6df67c4-b90a-4dd0-8d2c-e48bbab8adc7 with term 1. State: leader=9083b2e0-0d12-4690-bbcc-fa1831cb2877, term=1, lastRpcElapsed=null
2019-08-20 15:11:01,791 [03526247-f18f-4f7b-a613-7fcfcc785a52:group-4F1559E1E3EB:LeaderElection29] INFO  impl.RaftServerImpl (RaftServerImpl.java:setRole(171)) - 03526247-f18f-4f7b-a613-7fcfcc785a52:group-4F1559E1E3EB changes role from CANDIDATE to FOLLOWER at term 1 for DISCOVERED_A_NEW_TERM
2019-08-20 15:11:01,790 [grpc-default-executor-6] INFO  impl.RaftServerImpl (RaftServerImpl.java:setRole(171)) - a6df67c4-b90a-4dd0-8d2c-e48bbab8adc7:group-55A78D3868F6 changes role from CANDIDATE to FOLLOWER at term 1 for appendEntries
2019-08-20 15:11:01,790 [a6df67c4-b90a-4dd0-8d2c-e48bbab8adc7:group-55A78D3868F6:LeaderElection28] INFO  impl.LeaderElection (LeaderElection.java:logAndReturn(56)) - a6df67c4-b90a-4dd0-8d2c-e48bbab8adc7:group-55A78D3868F6:LeaderElection28: Election REJECTED; received 2 response(s) [a6df67c4-b90a-4dd0-8d2c-e48bbab8adc7<-03526247-f18f-4f7b-a613-7fcfcc785a52#0:FAIL-t1, a6df67c4-b90a-4dd0-8d2c-e48bbab8adc7<-9083b2e0-0d12-4690-bbcc-fa1831cb2877#0:FAIL-t1] and 0 exception(s); a6df67c4-b90a-4dd0-8d2c-e48bbab8adc7:t1, leader=null, voted=a6df67c4-b90a-4dd0-8d2c-e48bbab8adc7, raftlog=a6df67c4-b90a-4dd0-8d2c-e48bbab8adc7-SegmentedRaftLog:OPENED:c-1,f-1,i0, conf=-1: [03526247-f18f-4f7b-a613-7fcfcc785a52:192.168.36.99:40286, a6df67c4-b90a-4dd0-8d2c-e48bbab8adc7:192.168.36.99:39930, 9083b2e0-0d12-4690-bbcc-fa1831cb2877:192.168.36.99:43356], old=null
2019-08-20 15:11:01,792 [grpc-default-executor-6] INFO  impl.RoleInfo (RoleInfo.java:shutdownLeaderElection(134)) - a6df67c4-b90a-4dd0-8d2c-e48bbab8adc7: shutdown LeaderElection
2019-08-20 15:11:01,792 [grpc-default-executor-4] INFO  impl.RaftServerImpl (ServerState.java:setLeader(263)) - 03526247-f18f-4f7b-a613-7fcfcc785a52:group-22B12B17425C change Leader from null to 9083b2e0-0d12-4690-bbcc-fa1831cb2877 at term 1 for appendEntries, leader elected after 5216ms
2019-08-20 15:11:01,791 [03526247-f18f-4f7b-a613-7fcfcc785a52:group-4F1559E1E3EB:LeaderElection29] INFO  impl.RoleInfo (RoleInfo.java:shutdownLeaderElection(134)) - 03526247-f18f-4f7b-a613-7fcfcc785a52: shutdown LeaderElection
2019-08-20 15:11:01,791 [9083b2e0-0d12-4690-bbcc-fa1831cb2877:group-4F1559E1E3EB:LeaderElection30] INFO  impl.RoleInfo (RoleInfo.java:shutdownLeaderElection(134)) - 9083b2e0-0d12-4690-bbcc-fa1831cb2877: shutdown LeaderElection
2019-08-20 15:11:01,794 [grpc-default-executor-6] INFO  impl.RoleInfo (RoleInfo.java:updateAndGet(143)) - a6df67c4-b90a-4dd0-8d2c-e48bbab8adc7: start FollowerState
2019-08-20 15:11:01,801 [9083b2e0-0d12-4690-bbcc-fa1831cb2877:group-4F1559E1E3EB:LeaderElection30] INFO  impl.RaftServerImpl (RaftServerImpl.java:setRole(171)) - 9083b2e0-0d12-4690-bbcc-fa1831cb2877:group-4F1559E1E3EB changes role from CANDIDATE to LEADER at term 1 for changeToLeader
2019-08-20 15:11:01,802 [grpc-default-executor-8] INFO  impl.RaftServerImpl (RaftServerImpl.java:setRole(171)) - a6df67c4-b90a-4dd0-8d2c-e48bbab8adc7:group-22B12B17425C changes role from CANDIDATE to FOLLOWER at term 1 for appendEntries
2019-08-20 15:11:01,801 [03526247-f18f-4f7b-a613-7fcfcc785a52:group-4F1559E1E3EB:LeaderElection29] INFO  impl.RoleInfo (RoleInfo.java:updateAndGet(143)) - 03526247-f18f-4f7b-a613-7fcfcc785a52: start FollowerState
2019-08-20 15:11:01,802 [grpc-default-executor-8] INFO  impl.RoleInfo (RoleInfo.java:shutdownLeaderElection(134)) - a6df67c4-b90a-4dd0-8d2c-e48bbab8adc7: shutdown LeaderElection
2019-08-20 15:11:01,802 [grpc-default-executor-6] INFO  impl.RaftServerImpl (ServerState.java:setLeader(263)) - a6df67c4-b90a-4dd0-8d2c-e48bbab8adc7:group-55A78D3868F6 change Leader from null to 9083b2e0-0d12-4690-bbcc-fa1831cb2877 at term 1 for appendEntries, leader elected after 5435ms
2019-08-20 15:11:01,802 [a6df67c4-b90a-4dd0-8d2c-e48bbab8adc7:group-22B12B17425C:LeaderElection26] INFO  impl.LeaderElection (LeaderElection.java:logAndReturn(56)) - a6df67c4-b90a-4dd0-8d2c-e48bbab8adc7:group-22B12B17425C:LeaderElection26: Election REJECTED; received 2 response(s) [a6df67c4-b90a-4dd0-8d2c-e48bbab8adc7<-03526247-f18f-4f7b-a613-7fcfcc785a52#0:FAIL-t1, a6df67c4-b90a-4dd0-8d2c-e48bbab8adc7<-9083b2e0-0d12-4690-bbcc-fa1831cb2877#0:FAIL-t1] and 0 exception(s); a6df67c4-b90a-4dd0-8d2c-e48bbab8adc7:t1, leader=null, voted=a6df67c4-b90a-4dd0-8d2c-e48bbab8adc7, raftlog=a6df67c4-b90a-4dd0-8d2c-e48bbab8adc7-SegmentedRaftLog:OPENED:c-1,f-1,i0, conf=-1: [03526247-f18f-4f7b-a613-7fcfcc785a52:192.168.36.99:40286, a6df67c4-b90a-4dd0-8d2c-e48bbab8adc7:192.168.36.99:39930, 9083b2e0-0d12-4690-bbcc-fa1831cb2877:192.168.36.99:43356], old=null
2019-08-20 15:11:01,802 [9083b2e0-0d12-4690-bbcc-fa1831cb2877:group-4F1559E1E3EB:LeaderElection30] INFO  impl.RaftServerImpl (ServerState.java:setLeader(263)) - 9083b2e0-0d12-4690-bbcc-fa1831cb2877:group-4F1559E1E3EB change Leader from null to 9083b2e0-0d12-4690-bbcc-fa1831cb2877 at term 1 for becomeLeader, leader elected after 5375ms
2019-08-20 15:11:01,802 [grpc-default-executor-8] INFO  impl.RoleInfo (RoleInfo.java:updateAndGet(143)) - a6df67c4-b90a-4dd0-8d2c-e48bbab8adc7: start FollowerState
2019-08-20 15:11:01,802 [grpc-default-executor-1] INFO  client.GrpcClientProtocolClient (GrpcClientProtocolClient.java:onNext(255)) - client-24AF878C73AF->a6df67c4-b90a-4dd0-8d2c-e48bbab8adc7: receive RaftClientReply:client-24AF878C73AF->a6df67c4-b90a-4dd0-8d2c-e48bbab8adc7@group-22B12B17425C, cid=40, FAILED org.apache.ratis.protocol.NotLeaderException: Server a6df67c4-b90a-4dd0-8d2c-e48bbab8adc7 is not the leader (null). Request must be sent to leader., logIndex=0, commits[a6df67c4-b90a-4dd0-8d2c-e48bbab8adc7:c-1]
2019-08-20 15:11:01,803 [grpc-default-executor-8] INFO  impl.RaftServerImpl (ServerState.java:setLeader(263)) - a6df67c4-b90a-4dd0-8d2c-e48bbab8adc7:group-22B12B17425C change Leader from null to 9083b2e0-0d12-4690-bbcc-fa1831cb2877 at term 1 for appendEntries, leader elected after 5304ms
2019-08-20 15:11:01,803 [9083b2e0-0d12-4690-bbcc-fa1831cb2877:group-4F1559E1E3EB:LeaderElection30] INFO  server.RaftServerConfigKeys (ConfUtils.java:logGet(43)) - raft.server.staging.catchup.gap = 1000 (default)
2019-08-20 15:11:01,805 [grpc-default-executor-3] INFO  impl.RaftServerImpl (ServerState.java:setRaftConf(361)) - 03526247-f18f-4f7b-a613-7fcfcc785a52:group-55A78D3868F6 set configuration 0: [03526247-f18f-4f7b-a613-7fcfcc785a52:192.168.36.99:40286, a6df67c4-b90a-4dd0-8d2c-e48bbab8adc7:192.168.36.99:39930, 9083b2e0-0d12-4690-bbcc-fa1831cb2877:192.168.36.99:43356], old=null at 0
2019-08-20 15:11:01,808 [9083b2e0-0d12-4690-bbcc-fa1831cb2877:group-4F1559E1E3EB:LeaderElection30] INFO  server.RaftServerConfigKeys (ConfUtils.java:logGet(43)) - raft.server.rpc.sleep.time = 25ms (default)
2019-08-20 15:11:01,809 [grpc-default-executor-3] INFO  segmented.SegmentedRaftLogWorker (SegmentedRaftLogWorker.java:startLogSegment(380)) - 03526247-f18f-4f7b-a613-7fcfcc785a52-SegmentedRaftLogWorker:Storage Directory /workdir/hadoop-ozone/integration-test/target/test-dir/MiniOzoneClusterImpl-0ad89540-22db-434c-8df5-5baffcf642ae/datanode-6/data/ratis/a241723f-b005-4296-81e5-55a78d3868f6: Starting segment from index:0
2019-08-20 15:11:01,810 [9083b2e0-0d12-4690-bbcc-fa1831cb2877:group-4F1559E1E3EB:LeaderElection30] INFO  server.RaftServerConfigKeys (ConfUtils.java:logGet(43)) - raft.server.write.element-limit = 4096 (default)
2019-08-20 15:11:01,811 [9083b2e0-0d12-4690-bbcc-fa1831cb2877:group-4F1559E1E3EB:LeaderElection30] INFO  server.RaftServerConfigKeys (ConfUtils.java:logGet(43)) - raft.server.watch.timeout = 10s (default)
2019-08-20 15:11:01,811 [9083b2e0-0d12-4690-bbcc-fa1831cb2877:group-4F1559E1E3EB:LeaderElection30] INFO  server.RaftServerConfigKeys (ConfUtils.java:logGet(43)) - raft.server.watch.timeout.denomination = 1s (default)
2019-08-20 15:11:01,811 [9083b2e0-0d12-4690-bbcc-fa1831cb2877:group-4F1559E1E3EB:LeaderElection30] INFO  server.RaftServerConfigKeys (ConfUtils.java:logGet(43)) - raft.server.watch.element-limit = 65536 (default)
2019-08-20 15:11:01,811 [9083b2e0-0d12-4690-bbcc-fa1831cb2877:group-4F1559E1E3EB:LeaderElection30] INFO  server.RaftServerConfigKeys (ConfUtils.java:logGet(43)) - raft.server.log.appender.snapshot.chunk.size.max = 16MB (=16777216) (default)
2019-08-20 15:11:01,811 [grpc-default-executor-3] INFO  impl.RaftServerImpl (ServerState.java:setRaftConf(361)) - 03526247-f18f-4f7b-a613-7fcfcc785a52:group-22B12B17425C set configuration 0: [03526247-f18f-4f7b-a613-7fcfcc785a52:192.168.36.99:40286, a6df67c4-b90a-4dd0-8d2c-e48bbab8adc7:192.168.36.99:39930, 9083b2e0-0d12-4690-bbcc-fa1831cb2877:192.168.36.99:43356], old=null at 0
2019-08-20 15:11:01,812 [9083b2e0-0d12-4690-bbcc-fa1831cb2877:group-4F1559E1E3EB:LeaderElection30] INFO  server.RaftServerConfigKeys (ConfUtils.java:logGet(43)) - raft.server.log.appender.buffer.byte-limit = 33554432 (custom)
2019-08-20 15:11:01,812 [grpc-default-executor-8] INFO  impl.RaftServerImpl (ServerState.java:setRaftConf(361)) - a6df67c4-b90a-4dd0-8d2c-e48bbab8adc7:group-55A78D3868F6 set configuration 0: [03526247-f18f-4f7b-a613-7fcfcc785a52:192.168.36.99:40286, a6df67c4-b90a-4dd0-8d2c-e48bbab8adc7:192.168.36.99:39930, 9083b2e0-0d12-4690-bbcc-fa1831cb2877:192.168.36.99:43356], old=null at 0
2019-08-20 15:11:01,812 [grpc-default-executor-3] INFO  segmented.SegmentedRaftLogWorker (SegmentedRaftLogWorker.java:startLogSegment(380)) - 03526247-f18f-4f7b-a613-7fcfcc785a52-SegmentedRaftLogWorker:Storage Directory /workdir/hadoop-ozone/integration-test/target/test-dir/MiniOzoneClusterImpl-0ad89540-22db-434c-8df5-5baffcf642ae/datanode-6/data/ratis/ac29b5af-f1b5-4d49-9753-22b12b17425c: Starting segment from index:0
2019-08-20 15:11:01,812 [grpc-default-executor-8] INFO  segmented.SegmentedRaftLogWorker (SegmentedRaftLogWorker.java:startLogSegment(380)) - a6df67c4-b90a-4dd0-8d2c-e48bbab8adc7-SegmentedRaftLogWorker:Storage Directory /workdir/hadoop-ozone/integration-test/target/test-dir/MiniOzoneClusterImpl-0ad89540-22db-434c-8df5-5baffcf642ae/datanode-5/data/ratis/a241723f-b005-4296-81e5-55a78d3868f6: Starting segment from index:0
2019-08-20 15:11:01,812 [9083b2e0-0d12-4690-bbcc-fa1831cb2877:group-4F1559E1E3EB:LeaderElection30] INFO  server.RaftServerConfigKeys (ConfUtils.java:logGet(43)) - raft.server.log.appender.buffer.element-limit = 1 (custom)
2019-08-20 15:11:01,813 [grpc-default-executor-1] INFO  impl.RaftServerImpl (ServerState.java:setRaftConf(361)) - a6df67c4-b90a-4dd0-8d2c-e48bbab8adc7:group-22B12B17425C set configuration 0: [03526247-f18f-4f7b-a613-7fcfcc785a52:192.168.36.99:40286, a6df67c4-b90a-4dd0-8d2c-e48bbab8adc7:192.168.36.99:39930, 9083b2e0-0d12-4690-bbcc-fa1831cb2877:192.168.36.99:43356], old=null at 0
2019-08-20 15:11:01,813 [9083b2e0-0d12-4690-bbcc-fa1831cb2877:group-4F1559E1E3EB:LeaderElection30] INFO  grpc.GrpcConfigKeys$Server (ConfUtils.java:logGet(43)) - raft.grpc.server.leader.outstanding.appends.max = 128 (default)
2019-08-20 15:11:01,813 [grpc-default-executor-1] INFO  segmented.SegmentedRaftLogWorker (SegmentedRaftLogWorker.java:startLogSegment(380)) - a6df67c4-b90a-4dd0-8d2c-e48bbab8adc7-SegmentedRaftLogWorker:Storage Directory /workdir/hadoop-ozone/integration-test/target/test-dir/MiniOzoneClusterImpl-0ad89540-22db-434c-8df5-5baffcf642ae/datanode-5/data/ratis/ac29b5af-f1b5-4d49-9753-22b12b17425c: Starting segment from index:0
2019-08-20 15:11:01,813 [9083b2e0-0d12-4690-bbcc-fa1831cb2877:group-4F1559E1E3EB:LeaderElection30] INFO  server.RaftServerConfigKeys (ConfUtils.java:logGet(43)) - raft.server.rpc.request.timeout = 3000ms (default)
2019-08-20 15:11:01,813 [9083b2e0-0d12-4690-bbcc-fa1831cb2877:group-4F1559E1E3EB:LeaderElection30] INFO  server.RaftServerConfigKeys (ConfUtils.java:logGet(43)) - raft.server.log.appender.install.snapshot.enabled = false (custom)
2019-08-20 15:11:01,813 [9083b2e0-0d12-4690-bbcc-fa1831cb2877:group-4F1559E1E3EB:LeaderElection30] INFO  server.RaftServerConfigKeys (ConfUtils.java:logGet(43)) - raft.server.log.appender.snapshot.chunk.size.max = 16MB (=16777216) (default)
2019-08-20 15:11:01,814 [9083b2e0-0d12-4690-bbcc-fa1831cb2877:group-4F1559E1E3EB:LeaderElection30] INFO  server.RaftServerConfigKeys (ConfUtils.java:logGet(43)) - raft.server.log.appender.buffer.byte-limit = 33554432 (custom)
2019-08-20 15:11:01,814 [9083b2e0-0d12-4690-bbcc-fa1831cb2877:group-4F1559E1E3EB:LeaderElection30] INFO  server.RaftServerConfigKeys (ConfUtils.java:logGet(43)) - raft.server.log.appender.buffer.element-limit = 1 (custom)
2019-08-20 15:11:01,814 [9083b2e0-0d12-4690-bbcc-fa1831cb2877:group-4F1559E1E3EB:LeaderElection30] INFO  grpc.GrpcConfigKeys$Server (ConfUtils.java:logGet(43)) - raft.grpc.server.leader.outstanding.appends.max = 128 (default)
2019-08-20 15:11:01,814 [9083b2e0-0d12-4690-bbcc-fa1831cb2877:group-4F1559E1E3EB:LeaderElection30] INFO  server.RaftServerConfigKeys (ConfUtils.java:logGet(43)) - raft.server.rpc.request.timeout = 3000ms (default)
2019-08-20 15:11:01,814 [9083b2e0-0d12-4690-bbcc-fa1831cb2877:group-4F1559E1E3EB:LeaderElection30] INFO  server.RaftServerConfigKeys (ConfUtils.java:logGet(43)) - raft.server.log.appender.install.snapshot.enabled = false (custom)
2019-08-20 15:11:01,814 [9083b2e0-0d12-4690-bbcc-fa1831cb2877:group-4F1559E1E3EB:LeaderElection30] INFO  impl.RoleInfo (RoleInfo.java:updateAndGet(143)) - 9083b2e0-0d12-4690-bbcc-fa1831cb2877: start LeaderState
2019-08-20 15:11:01,815 [9083b2e0-0d12-4690-bbcc-fa1831cb2877:group-4F1559E1E3EB:LeaderElection30] INFO  segmented.SegmentedRaftLogWorker (SegmentedRaftLogWorker.java:startLogSegment(380)) - 9083b2e0-0d12-4690-bbcc-fa1831cb2877-SegmentedRaftLogWorker:Storage Directory /workdir/hadoop-ozone/integration-test/target/test-dir/MiniOzoneClusterImpl-0ad89540-22db-434c-8df5-5baffcf642ae/datanode-2/data/ratis/2563415a-99ad-4403-b246-4f1559e1e3eb: Starting segment from index:0
2019-08-20 15:11:01,815 [9083b2e0-0d12-4690-bbcc-fa1831cb2877:group-4F1559E1E3EB:LeaderElection30] INFO  impl.RaftServerImpl (ServerState.java:setRaftConf(361)) - 9083b2e0-0d12-4690-bbcc-fa1831cb2877:group-4F1559E1E3EB set configuration 0: [03526247-f18f-4f7b-a613-7fcfcc785a52:192.168.36.99:40286, a6df67c4-b90a-4dd0-8d2c-e48bbab8adc7:192.168.36.99:39930, 9083b2e0-0d12-4690-bbcc-fa1831cb2877:192.168.36.99:43356], old=null at 0
2019-08-20 15:11:01,816 [9083b2e0-0d12-4690-bbcc-fa1831cb2877-SegmentedRaftLogWorker:Storage Directory /workdir/hadoop-ozone/integration-test/target/test-dir/MiniOzoneClusterImpl-0ad89540-22db-434c-8df5-5baffcf642ae/datanode-2/data/ratis/ac29b5af-f1b5-4d49-9753-22b12b17425c] INFO  segmented.SegmentedRaftLogWorker (SegmentedRaftLogWorker.java:execute(569)) - 9083b2e0-0d12-4690-bbcc-fa1831cb2877-SegmentedRaftLogWorker:Storage Directory /workdir/hadoop-ozone/integration-test/target/test-dir/MiniOzoneClusterImpl-0ad89540-22db-434c-8df5-5baffcf642ae/datanode-2/data/ratis/ac29b5af-f1b5-4d49-9753-22b12b17425c: created new log segment /workdir/hadoop-ozone/integration-test/target/test-dir/MiniOzoneClusterImpl-0ad89540-22db-434c-8df5-5baffcf642ae/datanode-2/data/ratis/ac29b5af-f1b5-4d49-9753-22b12b17425c/current/log_inprogress_0
2019-08-20 15:11:01,817 [grpc-default-executor-1] INFO  impl.RaftServerImpl (ServerState.java:setLeader(263)) - a6df67c4-b90a-4dd0-8d2c-e48bbab8adc7:group-4F1559E1E3EB change Leader from null to 9083b2e0-0d12-4690-bbcc-fa1831cb2877 at term 1 for appendEntries, leader elected after 5391ms
2019-08-20 15:11:01,818 [grpc-default-executor-8] INFO  impl.RaftServerImpl (ServerState.java:setLeader(263)) - 03526247-f18f-4f7b-a613-7fcfcc785a52:group-4F1559E1E3EB change Leader from null to 9083b2e0-0d12-4690-bbcc-fa1831cb2877 at term 1 for appendEntries, leader elected after 5320ms
2019-08-20 15:11:01,821 [grpc-default-executor-8] INFO  impl.RaftServerImpl (ServerState.java:setRaftConf(361)) - a6df67c4-b90a-4dd0-8d2c-e48bbab8adc7:group-4F1559E1E3EB set configuration 0: [03526247-f18f-4f7b-a613-7fcfcc785a52:192.168.36.99:40286, a6df67c4-b90a-4dd0-8d2c-e48bbab8adc7:192.168.36.99:39930, 9083b2e0-0d12-4690-bbcc-fa1831cb2877:192.168.36.99:43356], old=null at 0
2019-08-20 15:11:01,822 [grpc-default-executor-8] INFO  segmented.SegmentedRaftLogWorker (SegmentedRaftLogWorker.java:startLogSegment(380)) - a6df67c4-b90a-4dd0-8d2c-e48bbab8adc7-SegmentedRaftLogWorker:Storage Directory /workdir/hadoop-ozone/integration-test/target/test-dir/MiniOzoneClusterImpl-0ad89540-22db-434c-8df5-5baffcf642ae/datanode-5/data/ratis/2563415a-99ad-4403-b246-4f1559e1e3eb: Starting segment from index:0
2019-08-20 15:11:01,822 [grpc-default-executor-1] INFO  impl.RaftServerImpl (ServerState.java:setRaftConf(361)) - 03526247-f18f-4f7b-a613-7fcfcc785a52:group-4F1559E1E3EB set configuration 0: [03526247-f18f-4f7b-a613-7fcfcc785a52:192.168.36.99:40286, a6df67c4-b90a-4dd0-8d2c-e48bbab8adc7:192.168.36.99:39930, 9083b2e0-0d12-4690-bbcc-fa1831cb2877:192.168.36.99:43356], old=null at 0
2019-08-20 15:11:01,822 [grpc-default-executor-1] INFO  segmented.SegmentedRaftLogWorker (SegmentedRaftLogWorker.java:startLogSegment(380)) - 03526247-f18f-4f7b-a613-7fcfcc785a52-SegmentedRaftLogWorker:Storage Directory /workdir/hadoop-ozone/integration-test/target/test-dir/MiniOzoneClusterImpl-0ad89540-22db-434c-8df5-5baffcf642ae/datanode-6/data/ratis/2563415a-99ad-4403-b246-4f1559e1e3eb: Starting segment from index:0
2019-08-20 15:11:01,870 [9083b2e0-0d12-4690-bbcc-fa1831cb2877-SegmentedRaftLogWorker:Storage Directory /workdir/hadoop-ozone/integration-test/target/test-dir/MiniOzoneClusterImpl-0ad89540-22db-434c-8df5-5baffcf642ae/datanode-2/data/ratis/2563415a-99ad-4403-b246-4f1559e1e3eb] INFO  segmented.SegmentedRaftLogWorker (SegmentedRaftLogWorker.java:execute(569)) - 9083b2e0-0d12-4690-bbcc-fa1831cb2877-SegmentedRaftLogWorker:Storage Directory /workdir/hadoop-ozone/integration-test/target/test-dir/MiniOzoneClusterImpl-0ad89540-22db-434c-8df5-5baffcf642ae/datanode-2/data/ratis/2563415a-99ad-4403-b246-4f1559e1e3eb: created new log segment /workdir/hadoop-ozone/integration-test/target/test-dir/MiniOzoneClusterImpl-0ad89540-22db-434c-8df5-5baffcf642ae/datanode-2/data/ratis/2563415a-99ad-4403-b246-4f1559e1e3eb/current/log_inprogress_0
2019-08-20 15:11:01,870 [03526247-f18f-4f7b-a613-7fcfcc785a52-SegmentedRaftLogWorker:Storage Directory /workdir/hadoop-ozone/integration-test/target/test-dir/MiniOzoneClusterImpl-0ad89540-22db-434c-8df5-5baffcf642ae/datanode-6/data/ratis/a241723f-b005-4296-81e5-55a78d3868f6] INFO  segmented.SegmentedRaftLogWorker (SegmentedRaftLogWorker.java:execute(569)) - 03526247-f18f-4f7b-a613-7fcfcc785a52-SegmentedRaftLogWorker:Storage Directory /workdir/hadoop-ozone/integration-test/target/test-dir/MiniOzoneClusterImpl-0ad89540-22db-434c-8df5-5baffcf642ae/datanode-6/data/ratis/a241723f-b005-4296-81e5-55a78d3868f6: created new log segment /workdir/hadoop-ozone/integration-test/target/test-dir/MiniOzoneClusterImpl-0ad89540-22db-434c-8df5-5baffcf642ae/datanode-6/data/ratis/a241723f-b005-4296-81e5-55a78d3868f6/current/log_inprogress_0
2019-08-20 15:11:01,870 [a6df67c4-b90a-4dd0-8d2c-e48bbab8adc7-SegmentedRaftLogWorker:Storage Directory /workdir/hadoop-ozone/integration-test/target/test-dir/MiniOzoneClusterImpl-0ad89540-22db-434c-8df5-5baffcf642ae/datanode-5/data/ratis/a241723f-b005-4296-81e5-55a78d3868f6] INFO  segmented.SegmentedRaftLogWorker (SegmentedRaftLogWorker.java:execute(569)) - a6df67c4-b90a-4dd0-8d2c-e48bbab8adc7-SegmentedRaftLogWorker:Storage Directory /workdir/hadoop-ozone/integration-test/target/test-dir/MiniOzoneClusterImpl-0ad89540-22db-434c-8df5-5baffcf642ae/datanode-5/data/ratis/a241723f-b005-4296-81e5-55a78d3868f6: created new log segment /workdir/hadoop-ozone/integration-test/target/test-dir/MiniOzoneClusterImpl-0ad89540-22db-434c-8df5-5baffcf642ae/datanode-5/data/ratis/a241723f-b005-4296-81e5-55a78d3868f6/current/log_inprogress_0
2019-08-20 15:11:01,870 [a6df67c4-b90a-4dd0-8d2c-e48bbab8adc7-SegmentedRaftLogWorker:Storage Directory /workdir/hadoop-ozone/integration-test/target/test-dir/MiniOzoneClusterImpl-0ad89540-22db-434c-8df5-5baffcf642ae/datanode-5/data/ratis/ac29b5af-f1b5-4d49-9753-22b12b17425c] INFO  segmented.SegmentedRaftLogWorker (SegmentedRaftLogWorker.java:execute(569)) - a6df67c4-b90a-4dd0-8d2c-e48bbab8adc7-SegmentedRaftLogWorker:Storage Directory /workdir/hadoop-ozone/integration-test/target/test-dir/MiniOzoneClusterImpl-0ad89540-22db-434c-8df5-5baffcf642ae/datanode-5/data/ratis/ac29b5af-f1b5-4d49-9753-22b12b17425c: created new log segment /workdir/hadoop-ozone/integration-test/target/test-dir/MiniOzoneClusterImpl-0ad89540-22db-434c-8df5-5baffcf642ae/datanode-5/data/ratis/ac29b5af-f1b5-4d49-9753-22b12b17425c/current/log_inprogress_0
2019-08-20 15:11:01,886 | INFO  | SCMAudit | user=jenkins1000 | ip=192.168.36.99 | op=SEND_HEARTBEAT {datanodeUUID=9083b2e0-0d12-4690-bbcc-fa1831cb2877, command=[]} | ret=SUCCESS |  
2019-08-20 15:11:01,892 [03526247-f18f-4f7b-a613-7fcfcc785a52-SegmentedRaftLogWorker:Storage Directory /workdir/hadoop-ozone/integration-test/target/test-dir/MiniOzoneClusterImpl-0ad89540-22db-434c-8df5-5baffcf642ae/datanode-6/data/ratis/2563415a-99ad-4403-b246-4f1559e1e3eb] INFO  segmented.SegmentedRaftLogWorker (SegmentedRaftLogWorker.java:execute(569)) - 03526247-f18f-4f7b-a613-7fcfcc785a52-SegmentedRaftLogWorker:Storage Directory /workdir/hadoop-ozone/integration-test/target/test-dir/MiniOzoneClusterImpl-0ad89540-22db-434c-8df5-5baffcf642ae/datanode-6/data/ratis/2563415a-99ad-4403-b246-4f1559e1e3eb: created new log segment /workdir/hadoop-ozone/integration-test/target/test-dir/MiniOzoneClusterImpl-0ad89540-22db-434c-8df5-5baffcf642ae/datanode-6/data/ratis/2563415a-99ad-4403-b246-4f1559e1e3eb/current/log_inprogress_0
2019-08-20 15:11:01,892 [a6df67c4-b90a-4dd0-8d2c-e48bbab8adc7-SegmentedRaftLogWorker:Storage Directory /workdir/hadoop-ozone/integration-test/target/test-dir/MiniOzoneClusterImpl-0ad89540-22db-434c-8df5-5baffcf642ae/datanode-5/data/ratis/2563415a-99ad-4403-b246-4f1559e1e3eb] INFO  segmented.SegmentedRaftLogWorker (SegmentedRaftLogWorker.java:execute(569)) - a6df67c4-b90a-4dd0-8d2c-e48bbab8adc7-SegmentedRaftLogWorker:Storage Directory /workdir/hadoop-ozone/integration-test/target/test-dir/MiniOzoneClusterImpl-0ad89540-22db-434c-8df5-5baffcf642ae/datanode-5/data/ratis/2563415a-99ad-4403-b246-4f1559e1e3eb: created new log segment /workdir/hadoop-ozone/integration-test/target/test-dir/MiniOzoneClusterImpl-0ad89540-22db-434c-8df5-5baffcf642ae/datanode-5/data/ratis/2563415a-99ad-4403-b246-4f1559e1e3eb/current/log_inprogress_0
2019-08-20 15:11:01,892 [03526247-f18f-4f7b-a613-7fcfcc785a52-SegmentedRaftLogWorker:Storage Directory /workdir/hadoop-ozone/integration-test/target/test-dir/MiniOzoneClusterImpl-0ad89540-22db-434c-8df5-5baffcf642ae/datanode-6/data/ratis/ac29b5af-f1b5-4d49-9753-22b12b17425c] INFO  segmented.SegmentedRaftLogWorker (SegmentedRaftLogWorker.java:execute(569)) - 03526247-f18f-4f7b-a613-7fcfcc785a52-SegmentedRaftLogWorker:Storage Directory /workdir/hadoop-ozone/integration-test/target/test-dir/MiniOzoneClusterImpl-0ad89540-22db-434c-8df5-5baffcf642ae/datanode-6/data/ratis/ac29b5af-f1b5-4d49-9753-22b12b17425c: created new log segment /workdir/hadoop-ozone/integration-test/target/test-dir/MiniOzoneClusterImpl-0ad89540-22db-434c-8df5-5baffcf642ae/datanode-6/data/ratis/ac29b5af-f1b5-4d49-9753-22b12b17425c/current/log_inprogress_0
2019-08-20 15:11:02,004 | INFO  | SCMAudit | user=jenkins1000 | ip=192.168.36.99 | op=SEND_HEARTBEAT {datanodeUUID=a6df67c4-b90a-4dd0-8d2c-e48bbab8adc7, command=[]} | ret=SUCCESS |  
2019-08-20 15:11:02,191 | INFO  | SCMAudit | user=jenkins1000 | ip=192.168.36.99 | op=SEND_HEARTBEAT {datanodeUUID=03526247-f18f-4f7b-a613-7fcfcc785a52, command=[]} | ret=SUCCESS |  
2019-08-20 15:11:02,335 | INFO  | SCMAudit | user=jenkins1000 | ip=192.168.36.99 | op=SEND_HEARTBEAT {datanodeUUID=23f64912-5028-4d23-8b69-b921a9dc4821, command=[]} | ret=SUCCESS |  
2019-08-20 15:11:02,480 | INFO  | SCMAudit | user=jenkins1000 | ip=192.168.36.99 | op=SEND_HEARTBEAT {datanodeUUID=fd4686f9-7c1a-4a65-a533-eb8353642aca, command=[]} | ret=SUCCESS |  
2019-08-20 15:11:02,573 | INFO  | SCMAudit | user=jenkins1000 | ip=192.168.36.99 | op=SEND_HEARTBEAT {datanodeUUID=fe15c72e-ab20-4743-97a8-8736c2ec4284, command=[]} | ret=SUCCESS |  
2019-08-20 15:11:02,693 | INFO  | SCMAudit | user=jenkins1000 | ip=192.168.36.99 | op=SEND_HEARTBEAT {datanodeUUID=4ac23530-a9c5-46e9-ab57-7dff5b9489be, command=[]} | ret=SUCCESS |  
2019-08-20 15:11:02,886 | INFO  | SCMAudit | user=jenkins1000 | ip=192.168.36.99 | op=SEND_HEARTBEAT {datanodeUUID=9083b2e0-0d12-4690-bbcc-fa1831cb2877, command=[]} | ret=SUCCESS |  
2019-08-20 15:11:03,004 | INFO  | SCMAudit | user=jenkins1000 | ip=192.168.36.99 | op=SEND_HEARTBEAT {datanodeUUID=a6df67c4-b90a-4dd0-8d2c-e48bbab8adc7, command=[]} | ret=SUCCESS |  
2019-08-20 15:11:03,191 | INFO  | SCMAudit | user=jenkins1000 | ip=192.168.36.99 | op=SEND_HEARTBEAT {datanodeUUID=03526247-f18f-4f7b-a613-7fcfcc785a52, command=[]} | ret=SUCCESS |  
2019-08-20 15:11:03,335 | INFO  | SCMAudit | user=jenkins1000 | ip=192.168.36.99 | op=SEND_HEARTBEAT {datanodeUUID=23f64912-5028-4d23-8b69-b921a9dc4821, command=[]} | ret=SUCCESS |  
2019-08-20 15:11:03,401 | INFO  | DNAudit | user=null | ip=null | op=CREATE_CONTAINER {containerID=1, containerType=KeyValueContainer} | ret=SUCCESS |  
2019-08-20 15:11:03,407 | INFO  | SCMAudit | user=jenkins1000 | ip=192.168.36.99 | op=SEND_HEARTBEAT {datanodeUUID=9083b2e0-0d12-4690-bbcc-fa1831cb2877, command=[]} | ret=SUCCESS |  
2019-08-20 15:11:03,408 [grpc-default-executor-3] INFO  client.GrpcClientProtocolClient (GrpcClientProtocolClient.java:onNext(255)) - client-24AF878C73AF->9083b2e0-0d12-4690-bbcc-fa1831cb2877: receive RaftClientReply:client-24AF878C73AF->9083b2e0-0d12-4690-bbcc-fa1831cb2877@group-22B12B17425C, cid=40, SUCCESS, logIndex=1, commits[9083b2e0-0d12-4690-bbcc-fa1831cb2877:c2, 03526247-f18f-4f7b-a613-7fcfcc785a52:c1, a6df67c4-b90a-4dd0-8d2c-e48bbab8adc7:c1]
2019-08-20 15:11:03,420 | INFO  | DNAudit | user=null | ip=null | op=CREATE_CONTAINER {containerID=1, containerType=KeyValueContainer} | ret=SUCCESS |  
2019-08-20 15:11:03,421 | INFO  | SCMAudit | user=jenkins1000 | ip=192.168.36.99 | op=SEND_HEARTBEAT {datanodeUUID=03526247-f18f-4f7b-a613-7fcfcc785a52, command=[]} | ret=SUCCESS |  
2019-08-20 15:11:03,441 | INFO  | DNAudit | user=null | ip=null | op=CREATE_CONTAINER {containerID=1, containerType=KeyValueContainer} | ret=SUCCESS |  
2019-08-20 15:11:03,441 | INFO  | SCMAudit | user=jenkins1000 | ip=192.168.36.99 | op=SEND_HEARTBEAT {datanodeUUID=a6df67c4-b90a-4dd0-8d2c-e48bbab8adc7, command=[]} | ret=SUCCESS |  
2019-08-20 15:11:03,480 | INFO  | SCMAudit | user=jenkins1000 | ip=192.168.36.99 | op=SEND_HEARTBEAT {datanodeUUID=fd4686f9-7c1a-4a65-a533-eb8353642aca, command=[]} | ret=SUCCESS |  
2019-08-20 15:11:03,573 | INFO  | SCMAudit | user=jenkins1000 | ip=192.168.36.99 | op=SEND_HEARTBEAT {datanodeUUID=fe15c72e-ab20-4743-97a8-8736c2ec4284, command=[]} | ret=SUCCESS |  
2019-08-20 15:11:03,620 | INFO  | DNAudit | user=null | ip=null | op=CREATE_CONTAINER {containerID=2, containerType=KeyValueContainer} | ret=SUCCESS |  
2019-08-20 15:11:03,620 | INFO  | DNAudit | user=null | ip=null | op=CREATE_CONTAINER {containerID=2, containerType=KeyValueContainer} | ret=SUCCESS |  
2019-08-20 15:11:03,627 | INFO  | SCMAudit | user=jenkins1000 | ip=192.168.36.99 | op=SEND_HEARTBEAT {datanodeUUID=9083b2e0-0d12-4690-bbcc-fa1831cb2877, command=[]} | ret=SUCCESS |  
2019-08-20 15:11:03,627 | INFO  | SCMAudit | user=jenkins1000 | ip=192.168.36.99 | op=SEND_HEARTBEAT {datanodeUUID=03526247-f18f-4f7b-a613-7fcfcc785a52, command=[]} | ret=SUCCESS |  
2019-08-20 15:11:03,628 [grpc-default-executor-1] INFO  client.GrpcClientProtocolClient (GrpcClientProtocolClient.java:onNext(255)) - client-24AF878C73AF->9083b2e0-0d12-4690-bbcc-fa1831cb2877: receive RaftClientReply:client-24AF878C73AF->9083b2e0-0d12-4690-bbcc-fa1831cb2877@group-22B12B17425C, cid=41, SUCCESS, logIndex=3, commits[9083b2e0-0d12-4690-bbcc-fa1831cb2877:c4, 03526247-f18f-4f7b-a613-7fcfcc785a52:c3, a6df67c4-b90a-4dd0-8d2c-e48bbab8adc7:c3]
2019-08-20 15:11:03,653 | INFO  | DNAudit | user=null | ip=null | op=CREATE_CONTAINER {containerID=2, containerType=KeyValueContainer} | ret=SUCCESS |  
2019-08-20 15:11:03,656 | INFO  | SCMAudit | user=jenkins1000 | ip=192.168.36.99 | op=SEND_HEARTBEAT {datanodeUUID=a6df67c4-b90a-4dd0-8d2c-e48bbab8adc7, command=[]} | ret=SUCCESS |  
2019-08-20 15:11:03,693 | INFO  | SCMAudit | user=jenkins1000 | ip=192.168.36.99 | op=SEND_HEARTBEAT {datanodeUUID=4ac23530-a9c5-46e9-ab57-7dff5b9489be, command=[]} | ret=SUCCESS |  
2019-08-20 15:11:03,813 | INFO  | DNAudit | user=null | ip=null | op=CREATE_CONTAINER {containerID=3, containerType=KeyValueContainer} | ret=SUCCESS |  
2019-08-20 15:11:03,813 | INFO  | DNAudit | user=null | ip=null | op=CREATE_CONTAINER {containerID=3, containerType=KeyValueContainer} | ret=SUCCESS |  
2019-08-20 15:11:03,814 | INFO  | SCMAudit | user=jenkins1000 | ip=192.168.36.99 | op=SEND_HEARTBEAT {datanodeUUID=9083b2e0-0d12-4690-bbcc-fa1831cb2877, command=[]} | ret=SUCCESS |  
2019-08-20 15:11:03,814 | INFO  | SCMAudit | user=jenkins1000 | ip=192.168.36.99 | op=SEND_HEARTBEAT {datanodeUUID=03526247-f18f-4f7b-a613-7fcfcc785a52, command=[]} | ret=SUCCESS |  
2019-08-20 15:11:03,815 [grpc-default-executor-3] INFO  client.GrpcClientProtocolClient (GrpcClientProtocolClient.java:onNext(255)) - client-24AF878C73AF->9083b2e0-0d12-4690-bbcc-fa1831cb2877: receive RaftClientReply:client-24AF878C73AF->9083b2e0-0d12-4690-bbcc-fa1831cb2877@group-22B12B17425C, cid=42, SUCCESS, logIndex=5, commits[9083b2e0-0d12-4690-bbcc-fa1831cb2877:c6, 03526247-f18f-4f7b-a613-7fcfcc785a52:c5, a6df67c4-b90a-4dd0-8d2c-e48bbab8adc7:c5]
2019-08-20 15:11:03,831 | INFO  | DNAudit | user=null | ip=null | op=CREATE_CONTAINER {containerID=3, containerType=KeyValueContainer} | ret=SUCCESS |  
2019-08-20 15:11:03,832 | INFO  | SCMAudit | user=jenkins1000 | ip=192.168.36.99 | op=SEND_HEARTBEAT {datanodeUUID=a6df67c4-b90a-4dd0-8d2c-e48bbab8adc7, command=[]} | ret=SUCCESS |  
2019-08-20 15:11:03,840 [grpc-default-executor-1] INFO  client.GrpcClientProtocolClient (GrpcClientProtocolClient.java:onNext(255)) - client-24AF878C73AF->9083b2e0-0d12-4690-bbcc-fa1831cb2877: receive RaftClientReply:client-24AF878C73AF->9083b2e0-0d12-4690-bbcc-fa1831cb2877@group-22B12B17425C, cid=43, FAILED org.apache.ratis.protocol.StateMachineException: java.util.concurrent.CompletionException: java.lang.IllegalArgumentException, logIndex=7, commits[9083b2e0-0d12-4690-bbcc-fa1831cb2877:c7, 03526247-f18f-4f7b-a613-7fcfcc785a52:c6, a6df67c4-b90a-4dd0-8d2c-e48bbab8adc7:c6]
2019-08-20 15:11:03,843 [main] INFO  ozone.MiniOzoneClusterImpl (MiniOzoneClusterImpl.java:shutdown(321)) - Shutting down the Mini Ozone Cluster
2019-08-20 15:11:03,843 | INFO  | SCMAudit | user=null | ip=null | op=GET_SCM_INFO null | ret=SUCCESS |  
2019-08-20 15:11:03,843 [main] INFO  ozone.MiniOzoneClusterImpl (MiniOzoneClusterImpl.java:stop(336)) - Stopping the Mini Ozone Cluster
2019-08-20 15:11:03,843 [main] INFO  ozone.MiniOzoneClusterImpl (MiniOzoneClusterImpl.java:stop(338)) - Stopping the OzoneManager
2019-08-20 15:11:03,844 [main] INFO  ipc.Server (Server.java:stop(3082)) - Stopping server on 35625
2019-08-20 15:11:03,856 [IPC Server listener on 35625] INFO  ipc.Server (Server.java:run(1185)) - Stopping IPC Server listener on 35625
2019-08-20 15:11:03,858 [IPC Server Responder] INFO  ipc.Server (Server.java:run(1319)) - Stopping IPC Server Responder
2019-08-20 15:11:03,856 [main] INFO  ratis.OzoneManagerDoubleBuffer (OzoneManagerDoubleBuffer.java:stop(248)) - Stopping OMDoubleBuffer flush thread
2019-08-20 15:11:03,876 [OMDoubleBufferFlushThread] INFO  ratis.OzoneManagerDoubleBuffer (OzoneManagerDoubleBuffer.java:flushTransactions(191)) - OMDoubleBuffer flush thread OMDoubleBufferFlushThread is interrupted and will exit. OMDoubleBufferFlushThread
2019-08-20 15:11:03,876 [main] INFO  utils.BackgroundService (BackgroundService.java:shutdown(148)) - Shutting down service KeyDeletingService
2019-08-20 15:11:03,878 [main] INFO  handler.ContextHandler (ContextHandler.java:doStop(910)) - Stopped o.e.j.w.WebAppContext@7f5e6833{/,null,UNAVAILABLE}{/ozoneManager}
2019-08-20 15:11:03,879 [main] INFO  server.AbstractConnector (AbstractConnector.java:doStop(318)) - Stopped ServerConnector@2c674d58{HTTP/1.1,[http/1.1]}{0.0.0.0:0}
2019-08-20 15:11:03,879 [main] INFO  handler.ContextHandler (ContextHandler.java:doStop(910)) - Stopped o.e.j.s.ServletContextHandler@1850f2da{/static,file:///workdir/hadoop-ozone/integration-test/target/test-classes/webapps/static,UNAVAILABLE}
2019-08-20 15:11:03,880 [main] INFO  handler.ContextHandler (ContextHandler.java:doStop(910)) - Stopped o.e.j.s.ServletContextHandler@24aedcc5{/logs,file:///workdir/hadoop-ozone/integration-test/target/log,UNAVAILABLE}
2019-08-20 15:11:03,884 [main] INFO  ozone.MiniOzoneClusterImpl (MiniOzoneClusterImpl.java:stop(344)) - Shutting the HddsDatanodes
2019-08-20 15:11:03,885 [main] INFO  datanode.ObjectStoreHandler (ObjectStoreHandler.java:close(155)) - Closing ObjectStoreHandler.
2019-08-20 15:11:03,885 [ForkJoinPool.commonPool-worker-1] INFO  datanode.ObjectStoreHandler (ObjectStoreHandler.java:close(155)) - Closing ObjectStoreHandler.
2019-08-20 15:11:03,886 [ForkJoinPool.commonPool-worker-1] INFO  ozone.HddsDatanodeService (HddsDatanodeService.java:stop(451)) - Stopped plug-in org.apache.hadoop.ozone.web.OzoneHddsDatanodeService@1d585fb
2019-08-20 15:11:03,888 [main] INFO  ozone.HddsDatanodeService (HddsDatanodeService.java:stop(451)) - Stopped plug-in org.apache.hadoop.ozone.web.OzoneHddsDatanodeService@39c5a105
2019-08-20 15:11:04,334 | INFO  | SCMAudit | user=jenkins1000 | ip=192.168.36.99 | op=SEND_HEARTBEAT {datanodeUUID=23f64912-5028-4d23-8b69-b921a9dc4821, command=[]} | ret=SUCCESS |  
2019-08-20 15:11:04,481 | INFO  | SCMAudit | user=jenkins1000 | ip=192.168.36.99 | op=SEND_HEARTBEAT {datanodeUUID=fd4686f9-7c1a-4a65-a533-eb8353642aca, command=[]} | ret=SUCCESS |  
2019-08-20 15:11:04,572 [Datanode State Machine Thread - 0] INFO  statemachine.DatanodeStateMachine (DatanodeStateMachine.java:lambda$startDaemon$0(350)) - Ozone container server started.
2019-08-20 15:11:04,693 [Datanode State Machine Thread - 0] INFO  statemachine.DatanodeStateMachine (DatanodeStateMachine.java:lambda$startDaemon$0(350)) - Ozone container server started.
2019-08-20 15:11:04,813 | INFO  | SCMAudit | user=jenkins1000 | ip=192.168.36.99 | op=SEND_HEARTBEAT {datanodeUUID=9083b2e0-0d12-4690-bbcc-fa1831cb2877, command=[]} | ret=SUCCESS |  
2019-08-20 15:11:04,813 | INFO  | SCMAudit | user=jenkins1000 | ip=192.168.36.99 | op=SEND_HEARTBEAT {datanodeUUID=03526247-f18f-4f7b-a613-7fcfcc785a52, command=[]} | ret=SUCCESS |  
2019-08-20 15:11:04,832 | INFO  | SCMAudit | user=jenkins1000 | ip=192.168.36.99 | op=SEND_HEARTBEAT {datanodeUUID=a6df67c4-b90a-4dd0-8d2c-e48bbab8adc7, command=[]} | ret=SUCCESS |  
2019-08-20 15:11:05,335 | INFO  | SCMAudit | user=jenkins1000 | ip=192.168.36.99 | op=SEND_HEARTBEAT {datanodeUUID=23f64912-5028-4d23-8b69-b921a9dc4821, command=[]} | ret=SUCCESS |  
2019-08-20 15:11:05,481 | INFO  | SCMAudit | user=jenkins1000 | ip=192.168.36.99 | op=SEND_HEARTBEAT {datanodeUUID=fd4686f9-7c1a-4a65-a533-eb8353642aca, command=[]} | ret=SUCCESS |  
2019-08-20 15:11:05,813 | INFO  | SCMAudit | user=jenkins1000 | ip=192.168.36.99 | op=SEND_HEARTBEAT {datanodeUUID=03526247-f18f-4f7b-a613-7fcfcc785a52, command=[]} | ret=SUCCESS |  
2019-08-20 15:11:05,813 | INFO  | SCMAudit | user=jenkins1000 | ip=192.168.36.99 | op=SEND_HEARTBEAT {datanodeUUID=9083b2e0-0d12-4690-bbcc-fa1831cb2877, command=[]} | ret=SUCCESS |  
2019-08-20 15:11:05,833 | INFO  | SCMAudit | user=jenkins1000 | ip=192.168.36.99 | op=SEND_HEARTBEAT {datanodeUUID=a6df67c4-b90a-4dd0-8d2c-e48bbab8adc7, command=[]} | ret=SUCCESS |  
2019-08-20 15:11:06,334 | INFO  | SCMAudit | user=jenkins1000 | ip=192.168.36.99 | op=SEND_HEARTBEAT {datanodeUUID=23f64912-5028-4d23-8b69-b921a9dc4821, command=[]} | ret=SUCCESS |  
2019-08-20 15:11:06,481 | INFO  | SCMAudit | user=jenkins1000 | ip=192.168.36.99 | op=SEND_HEARTBEAT {datanodeUUID=fd4686f9-7c1a-4a65-a533-eb8353642aca, command=[]} | ret=SUCCESS |  
2019-08-20 15:11:06,814 | INFO  | SCMAudit | user=jenkins1000 | ip=192.168.36.99 | op=SEND_HEARTBEAT {datanodeUUID=9083b2e0-0d12-4690-bbcc-fa1831cb2877, command=[]} | ret=SUCCESS |  
2019-08-20 15:11:06,814 | INFO  | SCMAudit | user=jenkins1000 | ip=192.168.36.99 | op=SEND_HEARTBEAT {datanodeUUID=03526247-f18f-4f7b-a613-7fcfcc785a52, command=[]} | ret=SUCCESS |  
2019-08-20 15:11:06,832 | INFO  | SCMAudit | user=jenkins1000 | ip=192.168.36.99 | op=SEND_HEARTBEAT {datanodeUUID=a6df67c4-b90a-4dd0-8d2c-e48bbab8adc7, command=[]} | ret=SUCCESS |  
2019-08-20 15:11:07,335 | INFO  | SCMAudit | user=jenkins1000 | ip=192.168.36.99 | op=SEND_HEARTBEAT {datanodeUUID=23f64912-5028-4d23-8b69-b921a9dc4821, command=[]} | ret=SUCCESS |  
2019-08-20 15:11:07,481 | INFO  | SCMAudit | user=jenkins1000 | ip=192.168.36.99 | op=SEND_HEARTBEAT {datanodeUUID=fd4686f9-7c1a-4a65-a533-eb8353642aca, command=[]} | ret=SUCCESS |  
2019-08-20 15:11:07,813 | INFO  | SCMAudit | user=jenkins1000 | ip=192.168.36.99 | op=SEND_HEARTBEAT {datanodeUUID=9083b2e0-0d12-4690-bbcc-fa1831cb2877, command=[]} | ret=SUCCESS |  
2019-08-20 15:11:07,814 | INFO  | SCMAudit | user=jenkins1000 | ip=192.168.36.99 | op=SEND_HEARTBEAT {datanodeUUID=03526247-f18f-4f7b-a613-7fcfcc785a52, command=[]} | ret=SUCCESS |  
2019-08-20 15:11:07,833 | INFO  | SCMAudit | user=jenkins1000 | ip=192.168.36.99 | op=SEND_HEARTBEAT {datanodeUUID=a6df67c4-b90a-4dd0-8d2c-e48bbab8adc7, command=[]} | ret=SUCCESS |  
2019-08-20 15:11:08,335 | INFO  | SCMAudit | user=jenkins1000 | ip=192.168.36.99 | op=SEND_HEARTBEAT {datanodeUUID=23f64912-5028-4d23-8b69-b921a9dc4821, command=[]} | ret=SUCCESS |  
2019-08-20 15:11:08,481 | INFO  | SCMAudit | user=jenkins1000 | ip=192.168.36.99 | op=SEND_HEARTBEAT {datanodeUUID=fd4686f9-7c1a-4a65-a533-eb8353642aca, command=[]} | ret=SUCCESS |  
2019-08-20 15:11:08,814 | INFO  | SCMAudit | user=jenkins1000 | ip=192.168.36.99 | op=SEND_HEARTBEAT {datanodeUUID=9083b2e0-0d12-4690-bbcc-fa1831cb2877, command=[]} | ret=SUCCESS |  
2019-08-20 15:11:08,815 | INFO  | SCMAudit | user=jenkins1000 | ip=192.168.36.99 | op=SEND_HEARTBEAT {datanodeUUID=03526247-f18f-4f7b-a613-7fcfcc785a52, command=[]} | ret=SUCCESS |  
2019-08-20 15:11:08,834 | INFO  | SCMAudit | user=jenkins1000 | ip=192.168.36.99 | op=SEND_HEARTBEAT {datanodeUUID=a6df67c4-b90a-4dd0-8d2c-e48bbab8adc7, command=[]} | ret=SUCCESS |  
2019-08-20 15:11:08,887 [ForkJoinPool.commonPool-worker-1] INFO  ozoneimpl.OzoneContainer (OzoneContainer.java:stop(199)) - Attempting to stop container services.
2019-08-20 15:11:08,888 [ForkJoinPool.commonPool-worker-1] INFO  impl.RaftServerProxy (RaftServerProxy.java:lambda$close$4(314)) - 4ac23530-a9c5-46e9-ab57-7dff5b9489be: close
2019-08-20 15:11:08,888 [ForkJoinPool.commonPool-worker-1] INFO  server.GrpcService (GrpcService.java:closeImpl(155)) - 4ac23530-a9c5-46e9-ab57-7dff5b9489be: shutdown server with port 36822 now
2019-08-20 15:11:08,888 [main] INFO  ozoneimpl.OzoneContainer (OzoneContainer.java:stop(199)) - Attempting to stop container services.
2019-08-20 15:11:08,888 [ForkJoinPool.commonPool-worker-1] INFO  server.GrpcService (GrpcService.java:closeImpl(163)) - 4ac23530-a9c5-46e9-ab57-7dff5b9489be: shutdown server with port 36822 successfully
2019-08-20 15:11:08,889 [main] INFO  impl.RaftServerProxy (RaftServerProxy.java:lambda$close$4(314)) - fe15c72e-ab20-4743-97a8-8736c2ec4284: close
2019-08-20 15:11:08,889 [main] INFO  server.GrpcService (GrpcService.java:closeImpl(155)) - fe15c72e-ab20-4743-97a8-8736c2ec4284: shutdown server with port 34481 now
2019-08-20 15:11:08,890 [main] INFO  server.GrpcService (GrpcService.java:closeImpl(163)) - fe15c72e-ab20-4743-97a8-8736c2ec4284: shutdown server with port 34481 successfully
2019-08-20 15:11:08,890 [ForkJoinPool.commonPool-worker-1] INFO  utils.BackgroundService (BackgroundService.java:shutdown(148)) - Shutting down service BlockDeletingService
2019-08-20 15:11:08,892 [refreshUsed-/workdir/hadoop-ozone/integration-test/target/test-dir/MiniOzoneClusterImpl-0ad89540-22db-434c-8df5-5baffcf642ae/datanode-1/data/containers] WARN  fs.CachingGetSpaceUsed (CachingGetSpaceUsed.java:run(183)) - Thread Interrupted waiting to refresh disk information: sleep interrupted
2019-08-20 15:11:08,900 [main] INFO  utils.BackgroundService (BackgroundService.java:shutdown(148)) - Shutting down service BlockDeletingService
2019-08-20 15:11:08,901 [refreshUsed-/workdir/hadoop-ozone/integration-test/target/test-dir/MiniOzoneClusterImpl-0ad89540-22db-434c-8df5-5baffcf642ae/datanode-4/data/containers] WARN  fs.CachingGetSpaceUsed (CachingGetSpaceUsed.java:run(183)) - Thread Interrupted waiting to refresh disk information: sleep interrupted
2019-08-20 15:11:08,921 [main] INFO  statemachine.DatanodeStateMachine (DatanodeStateMachine.java:stopDaemon(395)) - Ozone container server stopped.
2019-08-20 15:11:08,923 [ForkJoinPool.commonPool-worker-1] INFO  statemachine.DatanodeStateMachine (DatanodeStateMachine.java:stopDaemon(395)) - Ozone container server stopped.
2019-08-20 15:11:08,928 [ForkJoinPool.commonPool-worker-1] INFO  handler.ContextHandler (ContextHandler.java:doStop(910)) - Stopped o.e.j.w.WebAppContext@44976b08{/,null,UNAVAILABLE}{/hddsDatanode}
2019-08-20 15:11:08,928 [main] INFO  handler.ContextHandler (ContextHandler.java:doStop(910)) - Stopped o.e.j.w.WebAppContext@2f75a9b1{/,null,UNAVAILABLE}{/hddsDatanode}
2019-08-20 15:11:08,928 [ForkJoinPool.commonPool-worker-1] INFO  server.AbstractConnector (AbstractConnector.java:doStop(318)) - Stopped ServerConnector@29b8df5{HTTP/1.1,[http/1.1]}{0.0.0.0:0}
2019-08-20 15:11:08,928 [main] INFO  server.AbstractConnector (AbstractConnector.java:doStop(318)) - Stopped ServerConnector@556aed22{HTTP/1.1,[http/1.1]}{0.0.0.0:0}
2019-08-20 15:11:08,929 [ForkJoinPool.commonPool-worker-1] INFO  handler.ContextHandler (ContextHandler.java:doStop(910)) - Stopped o.e.j.s.ServletContextHandler@3d53e876{/static,jar:file:/home/user/.m2/repository/org/apache/hadoop/hadoop-hdds-container-service/0.5.0-SNAPSHOT/hadoop-hdds-container-service-0.5.0-SNAPSHOT.jar!/webapps/static,UNAVAILABLE}
2019-08-20 15:11:08,930 [main] INFO  handler.ContextHandler (ContextHandler.java:doStop(910)) - Stopped o.e.j.s.ServletContextHandler@43d6262c{/static,jar:file:/home/user/.m2/repository/org/apache/hadoop/hadoop-hdds-container-service/0.5.0-SNAPSHOT/hadoop-hdds-container-service-0.5.0-SNAPSHOT.jar!/webapps/static,UNAVAILABLE}
2019-08-20 15:11:08,931 [ForkJoinPool.commonPool-worker-1] INFO  handler.ContextHandler (ContextHandler.java:doStop(910)) - Stopped o.e.j.s.ServletContextHandler@1d8be7b9{/logs,file:///workdir/hadoop-ozone/integration-test/target/log,UNAVAILABLE}
2019-08-20 15:11:08,931 [main] INFO  handler.ContextHandler (ContextHandler.java:doStop(910)) - Stopped o.e.j.s.ServletContextHandler@4f552aa2{/logs,file:///workdir/hadoop-ozone/integration-test/target/log,UNAVAILABLE}
2019-08-20 15:11:08,932 [ForkJoinPool.commonPool-worker-1] INFO  datanode.ObjectStoreHandler (ObjectStoreHandler.java:close(155)) - Closing ObjectStoreHandler.
2019-08-20 15:11:08,932 [ForkJoinPool.commonPool-worker-1] INFO  ozone.HddsDatanodeService (HddsDatanodeService.java:stop(451)) - Stopped plug-in org.apache.hadoop.ozone.web.OzoneHddsDatanodeService@714c74eb
2019-08-20 15:11:08,932 [main] INFO  datanode.ObjectStoreHandler (ObjectStoreHandler.java:close(155)) - Closing ObjectStoreHandler.
2019-08-20 15:11:08,933 [main] INFO  ozone.HddsDatanodeService (HddsDatanodeService.java:stop(451)) - Stopped plug-in org.apache.hadoop.ozone.web.OzoneHddsDatanodeService@51869ad6
2019-08-20 15:11:09,334 [Datanode State Machine Thread - 0] INFO  statemachine.DatanodeStateMachine (DatanodeStateMachine.java:lambda$startDaemon$0(350)) - Ozone container server started.
2019-08-20 15:11:09,481 | INFO  | SCMAudit | user=jenkins1000 | ip=192.168.36.99 | op=SEND_HEARTBEAT {datanodeUUID=fd4686f9-7c1a-4a65-a533-eb8353642aca, command=[]} | ret=SUCCESS |  
2019-08-20 15:11:09,813 [Datanode State Machine Thread - 0] INFO  statemachine.DatanodeStateMachine (DatanodeStateMachine.java:lambda$startDaemon$0(350)) - Ozone container server started.
2019-08-20 15:11:09,814 | INFO  | SCMAudit | user=jenkins1000 | ip=192.168.36.99 | op=SEND_HEARTBEAT {datanodeUUID=03526247-f18f-4f7b-a613-7fcfcc785a52, command=[]} | ret=SUCCESS |  
2019-08-20 15:11:09,833 | INFO  | SCMAudit | user=jenkins1000 | ip=192.168.36.99 | op=SEND_HEARTBEAT {datanodeUUID=a6df67c4-b90a-4dd0-8d2c-e48bbab8adc7, command=[]} | ret=SUCCESS |  
2019-08-20 15:11:10,482 | INFO  | SCMAudit | user=jenkins1000 | ip=192.168.36.99 | op=SEND_HEARTBEAT {datanodeUUID=fd4686f9-7c1a-4a65-a533-eb8353642aca, command=[]} | ret=SUCCESS |  
2019-08-20 15:11:10,815 | INFO  | SCMAudit | user=jenkins1000 | ip=192.168.36.99 | op=SEND_HEARTBEAT {datanodeUUID=03526247-f18f-4f7b-a613-7fcfcc785a52, command=[]} | ret=SUCCESS |  
2019-08-20 15:11:10,834 | INFO  | SCMAudit | user=jenkins1000 | ip=192.168.36.99 | op=SEND_HEARTBEAT {datanodeUUID=a6df67c4-b90a-4dd0-8d2c-e48bbab8adc7, command=[]} | ret=SUCCESS |  
2019-08-20 15:11:11,482 | INFO  | SCMAudit | user=jenkins1000 | ip=192.168.36.99 | op=SEND_HEARTBEAT {datanodeUUID=fd4686f9-7c1a-4a65-a533-eb8353642aca, command=[]} | ret=SUCCESS |  
2019-08-20 15:11:11,814 | INFO  | SCMAudit | user=jenkins1000 | ip=192.168.36.99 | op=SEND_HEARTBEAT {datanodeUUID=03526247-f18f-4f7b-a613-7fcfcc785a52, command=[]} | ret=SUCCESS |  
2019-08-20 15:11:11,834 | INFO  | SCMAudit | user=jenkins1000 | ip=192.168.36.99 | op=SEND_HEARTBEAT {datanodeUUID=a6df67c4-b90a-4dd0-8d2c-e48bbab8adc7, command=[]} | ret=SUCCESS |  
2019-08-20 15:11:12,482 | INFO  | SCMAudit | user=jenkins1000 | ip=192.168.36.99 | op=SEND_HEARTBEAT {datanodeUUID=fd4686f9-7c1a-4a65-a533-eb8353642aca, command=[]} | ret=SUCCESS |  
2019-08-20 15:11:12,815 | INFO  | SCMAudit | user=jenkins1000 | ip=192.168.36.99 | op=SEND_HEARTBEAT {datanodeUUID=03526247-f18f-4f7b-a613-7fcfcc785a52, command=[]} | ret=SUCCESS |  
2019-08-20 15:11:12,833 | INFO  | SCMAudit | user=jenkins1000 | ip=192.168.36.99 | op=SEND_HEARTBEAT {datanodeUUID=a6df67c4-b90a-4dd0-8d2c-e48bbab8adc7, command=[]} | ret=SUCCESS |  
2019-08-20 15:11:13,481 | INFO  | SCMAudit | user=jenkins1000 | ip=192.168.36.99 | op=SEND_HEARTBEAT {datanodeUUID=fd4686f9-7c1a-4a65-a533-eb8353642aca, command=[]} | ret=SUCCESS |  
2019-08-20 15:11:13,815 | INFO  | SCMAudit | user=jenkins1000 | ip=192.168.36.99 | op=SEND_HEARTBEAT {datanodeUUID=03526247-f18f-4f7b-a613-7fcfcc785a52, command=[]} | ret=SUCCESS |  
2019-08-20 15:11:13,833 | INFO  | SCMAudit | user=jenkins1000 | ip=192.168.36.99 | op=SEND_HEARTBEAT {datanodeUUID=a6df67c4-b90a-4dd0-8d2c-e48bbab8adc7, command=[]} | ret=SUCCESS |  
2019-08-20 15:11:13,933 [ForkJoinPool.commonPool-worker-1] INFO  ozoneimpl.OzoneContainer (OzoneContainer.java:stop(199)) - Attempting to stop container services.
2019-08-20 15:11:13,933 [main] INFO  ozoneimpl.OzoneContainer (OzoneContainer.java:stop(199)) - Attempting to stop container services.
2019-08-20 15:11:13,933 [ForkJoinPool.commonPool-worker-1] INFO  impl.RaftServerProxy (RaftServerProxy.java:lambda$close$4(314)) - 9083b2e0-0d12-4690-bbcc-fa1831cb2877: close
2019-08-20 15:11:13,933 [main] INFO  impl.RaftServerProxy (RaftServerProxy.java:lambda$close$4(314)) - 23f64912-5028-4d23-8b69-b921a9dc4821: close
2019-08-20 15:11:13,934 [ForkJoinPool.commonPool-worker-1] INFO  impl.RaftServerImpl (RaftServerImpl.java:lambda$shutdown$3(245)) - 9083b2e0-0d12-4690-bbcc-fa1831cb2877: shutdown group-55A78D3868F6
2019-08-20 15:11:13,934 [main] INFO  server.GrpcService (GrpcService.java:closeImpl(155)) - 23f64912-5028-4d23-8b69-b921a9dc4821: shutdown server with port 34519 now
2019-08-20 15:11:13,934 [ForkJoinPool.commonPool-worker-1] INFO  util.JmxRegister (JmxRegister.java:unregister(73)) - Successfully un-registered JMX Bean with object name Ratis:service=RaftServer,group=group-55A78D3868F6,id=9083b2e0-0d12-4690-bbcc-fa1831cb2877
2019-08-20 15:11:13,934 [ForkJoinPool.commonPool-worker-1] INFO  impl.RoleInfo (RoleInfo.java:shutdownLeaderState(104)) - 9083b2e0-0d12-4690-bbcc-fa1831cb2877: shutdown LeaderState
2019-08-20 15:11:13,934 [main] INFO  server.GrpcService (GrpcService.java:closeImpl(163)) - 23f64912-5028-4d23-8b69-b921a9dc4821: shutdown server with port 34519 successfully
2019-08-20 15:11:13,937 [ForkJoinPool.commonPool-worker-1] INFO  impl.PendingRequests (PendingRequests.java:sendNotLeaderResponses(202)) - 9083b2e0-0d12-4690-bbcc-fa1831cb2877-PendingRequests: sendNotLeaderResponses
2019-08-20 15:11:13,937 [org.apache.ratis.server.impl.LogAppender$AppenderDaemon$$Lambda$473/1618299733@56d2af09] WARN  server.GrpcLogAppender (GrpcLogAppender.java:mayWait(143)) - GrpcLogAppender(9083b2e0-0d12-4690-bbcc-fa1831cb2877->a6df67c4-b90a-4dd0-8d2c-e48bbab8adc7): Wait interrupted by java.lang.InterruptedException
2019-08-20 15:11:13,937 [org.apache.ratis.server.impl.LogAppender$AppenderDaemon$$Lambda$473/1618299733@13d03317] WARN  server.GrpcLogAppender (GrpcLogAppender.java:mayWait(143)) - GrpcLogAppender(9083b2e0-0d12-4690-bbcc-fa1831cb2877->03526247-f18f-4f7b-a613-7fcfcc785a52): Wait interrupted by java.lang.InterruptedException
2019-08-20 15:11:13,938 [ForkJoinPool.commonPool-worker-1] INFO  impl.StateMachineUpdater (StateMachineUpdater.java:stopAndJoin(115)) - StateMachineUpdater:9083b2e0-0d12-4690-bbcc-fa1831cb2877:group-55A78D3868F6: set stopIndex = 0
2019-08-20 15:11:13,938 [ForkJoinPool.commonPool-worker-1] INFO  impl.RaftServerImpl (ServerState.java:close(394)) - 9083b2e0-0d12-4690-bbcc-fa1831cb2877:group-55A78D3868F6 closes. The last applied log index is 0
2019-08-20 15:11:13,938 [grpc-default-executor-1] INFO  server.GrpcServerProtocolService (GrpcServerProtocolService.java:onCompleted(104)) - a6df67c4-b90a-4dd0-8d2c-e48bbab8adc7: appendEntries completed
2019-08-20 15:11:13,939 [9083b2e0-0d12-4690-bbcc-fa1831cb2877-SegmentedRaftLogWorker:Storage Directory /workdir/hadoop-ozone/integration-test/target/test-dir/MiniOzoneClusterImpl-0ad89540-22db-434c-8df5-5baffcf642ae/datanode-2/data/ratis/a241723f-b005-4296-81e5-55a78d3868f6] INFO  segmented.SegmentedRaftLogWorker (SegmentedRaftLogWorker.java:run(313)) - 9083b2e0-0d12-4690-bbcc-fa1831cb2877-SegmentedRaftLogWorker:Storage Directory /workdir/hadoop-ozone/integration-test/target/test-dir/MiniOzoneClusterImpl-0ad89540-22db-434c-8df5-5baffcf642ae/datanode-2/data/ratis/a241723f-b005-4296-81e5-55a78d3868f6 was interrupted, exiting. There are 0 tasks remaining in the queue.
2019-08-20 15:11:13,939 [grpc-default-executor-3] INFO  server.GrpcServerProtocolService (GrpcServerProtocolService.java:onCompleted(104)) - 03526247-f18f-4f7b-a613-7fcfcc785a52: appendEntries completed
2019-08-20 15:11:13,940 [main] INFO  utils.BackgroundService (BackgroundService.java:shutdown(148)) - Shutting down service BlockDeletingService
2019-08-20 15:11:13,941 [grpc-default-executor-1] INFO  server.GrpcLogAppender (GrpcLogAppender.java:onCompleted(292)) - 9083b2e0-0d12-4690-bbcc-fa1831cb2877->03526247-f18f-4f7b-a613-7fcfcc785a52: follower responses appendEntries COMPLETED
2019-08-20 15:11:13,941 [grpc-default-executor-3] INFO  server.GrpcLogAppender (GrpcLogAppender.java:onCompleted(292)) - 9083b2e0-0d12-4690-bbcc-fa1831cb2877->a6df67c4-b90a-4dd0-8d2c-e48bbab8adc7: follower responses appendEntries COMPLETED
2019-08-20 15:11:13,943 [grpc-default-executor-1] INFO  impl.FollowerInfo (FollowerInfo.java:lambda$new$0(50)) - 9083b2e0-0d12-4690-bbcc-fa1831cb2877->03526247-f18f-4f7b-a613-7fcfcc785a52: nextIndex: updateUnconditionally 1 -> 0
2019-08-20 15:11:13,944 [grpc-default-executor-4] WARN  server.GrpcLogAppender (LogUtils.java:warn(134)) - 9083b2e0-0d12-4690-bbcc-fa1831cb2877->03526247-f18f-4f7b-a613-7fcfcc785a52: Failed appendEntries: org.apache.ratis.thirdparty.io.grpc.StatusRuntimeException: UNAVAILABLE: Channel shutdownNow invoked
2019-08-20 15:11:13,944 [grpc-default-executor-3] INFO  impl.FollowerInfo (FollowerInfo.java:lambda$new$0(50)) - 9083b2e0-0d12-4690-bbcc-fa1831cb2877->a6df67c4-b90a-4dd0-8d2c-e48bbab8adc7: nextIndex: updateUnconditionally 1 -> 0
2019-08-20 15:11:13,944 [grpc-default-executor-8] WARN  server.GrpcLogAppender (LogUtils.java:warn(134)) - 9083b2e0-0d12-4690-bbcc-fa1831cb2877->03526247-f18f-4f7b-a613-7fcfcc785a52: Failed appendEntries: org.apache.ratis.thirdparty.io.grpc.StatusRuntimeException: UNAVAILABLE: Channel shutdownNow invoked
2019-08-20 15:11:13,944 [grpc-default-executor-4] INFO  impl.FollowerInfo (FollowerInfo.java:lambda$new$0(50)) - 9083b2e0-0d12-4690-bbcc-fa1831cb2877->03526247-f18f-4f7b-a613-7fcfcc785a52: nextIndex: updateUnconditionally 1 -> 0
2019-08-20 15:11:13,944 [grpc-default-executor-6] WARN  server.GrpcLogAppender (LogUtils.java:warn(134)) - 9083b2e0-0d12-4690-bbcc-fa1831cb2877->a6df67c4-b90a-4dd0-8d2c-e48bbab8adc7: Failed appendEntries: org.apache.ratis.thirdparty.io.grpc.StatusRuntimeException: UNAVAILABLE: Channel shutdownNow invoked
2019-08-20 15:11:13,944 [grpc-default-executor-1] WARN  server.GrpcLogAppender (LogUtils.java:warn(134)) - 9083b2e0-0d12-4690-bbcc-fa1831cb2877->a6df67c4-b90a-4dd0-8d2c-e48bbab8adc7: Failed appendEntries: org.apache.ratis.thirdparty.io.grpc.StatusRuntimeException: UNAVAILABLE: Channel shutdownNow invoked
2019-08-20 15:11:13,946 [grpc-default-executor-4] WARN  server.GrpcServerProtocolService (LogUtils.java:warn(134)) - a6df67c4-b90a-4dd0-8d2c-e48bbab8adc7: appendEntries onError: org.apache.ratis.thirdparty.io.grpc.StatusRuntimeException: CANCELLED: cancelled before receiving half close
2019-08-20 15:11:13,946 [grpc-default-executor-6] INFO  impl.FollowerInfo (FollowerInfo.java:lambda$new$0(50)) - 9083b2e0-0d12-4690-bbcc-fa1831cb2877->a6df67c4-b90a-4dd0-8d2c-e48bbab8adc7: nextIndex: updateUnconditionally 1 -> 0
2019-08-20 15:11:13,946 [grpc-default-executor-9] WARN  server.GrpcServerProtocolService (LogUtils.java:warn(134)) - 03526247-f18f-4f7b-a613-7fcfcc785a52: appendEntries onError: org.apache.ratis.thirdparty.io.grpc.StatusRuntimeException: CANCELLED: cancelled before receiving half close
2019-08-20 15:11:13,946 [grpc-default-executor-7] WARN  server.GrpcServerProtocolService (LogUtils.java:warn(134)) - 03526247-f18f-4f7b-a613-7fcfcc785a52: appendEntries onError: org.apache.ratis.thirdparty.io.grpc.StatusRuntimeException: CANCELLED: cancelled before receiving half close
2019-08-20 15:11:13,946 [grpc-default-executor-8] INFO  impl.FollowerInfo (FollowerInfo.java:lambda$new$0(50)) - 9083b2e0-0d12-4690-bbcc-fa1831cb2877->03526247-f18f-4f7b-a613-7fcfcc785a52: nextIndex: updateUnconditionally 9 -> 8
2019-08-20 15:11:13,946 [grpc-default-executor-1] INFO  impl.FollowerInfo (FollowerInfo.java:lambda$new$0(50)) - 9083b2e0-0d12-4690-bbcc-fa1831cb2877->a6df67c4-b90a-4dd0-8d2c-e48bbab8adc7: nextIndex: updateUnconditionally 9 -> 8
2019-08-20 15:11:13,946 [grpc-default-executor-11] WARN  server.GrpcServerProtocolService (LogUtils.java:warn(134)) - a6df67c4-b90a-4dd0-8d2c-e48bbab8adc7: appendEntries onError: org.apache.ratis.thirdparty.io.grpc.StatusRuntimeException: CANCELLED: cancelled before receiving half close
2019-08-20 15:11:14,420 [grpc-default-executor-11] INFO  impl.RaftServerImpl (ServerState.java:setRaftConf(361)) - a6df67c4-b90a-4dd0-8d2c-e48bbab8adc7:group-4F1559E1E3EB set configuration 0: [03526247-f18f-4f7b-a613-7fcfcc785a52:192.168.36.99:40286, a6df67c4-b90a-4dd0-8d2c-e48bbab8adc7:192.168.36.99:39930, 9083b2e0-0d12-4690-bbcc-fa1831cb2877:192.168.36.99:43356], old=null at 0
2019-08-20 15:11:14,420 [grpc-default-executor-1] INFO  impl.RaftServerImpl (ServerState.java:setRaftConf(361)) - 03526247-f18f-4f7b-a613-7fcfcc785a52:group-4F1559E1E3EB set configuration 0: [03526247-f18f-4f7b-a613-7fcfcc785a52:192.168.36.99:40286, a6df67c4-b90a-4dd0-8d2c-e48bbab8adc7:192.168.36.99:39930, 9083b2e0-0d12-4690-bbcc-fa1831cb2877:192.168.36.99:43356], old=null at 0
2019-08-20 15:11:14,482 | INFO  | SCMAudit | user=jenkins1000 | ip=192.168.36.99 | op=SEND_HEARTBEAT {datanodeUUID=fd4686f9-7c1a-4a65-a533-eb8353642aca, command=[]} | ret=SUCCESS |  
2019-08-20 15:11:14,621 [ForkJoinPool.commonPool-worker-1] INFO  segmented.SegmentedRaftLogWorker (SegmentedRaftLogWorker.java:close(228)) - 9083b2e0-0d12-4690-bbcc-fa1831cb2877-SegmentedRaftLogWorker:Storage Directory /workdir/hadoop-ozone/integration-test/target/test-dir/MiniOzoneClusterImpl-0ad89540-22db-434c-8df5-5baffcf642ae/datanode-2/data/ratis/a241723f-b005-4296-81e5-55a78d3868f6 close()
2019-08-20 15:11:14,621 [refreshUsed-/workdir/hadoop-ozone/integration-test/target/test-dir/MiniOzoneClusterImpl-0ad89540-22db-434c-8df5-5baffcf642ae/datanode-3/data/containers] WARN  fs.CachingGetSpaceUsed (CachingGetSpaceUsed.java:run(183)) - Thread Interrupted waiting to refresh disk information: sleep interrupted
2019-08-20 15:11:14,625 [ForkJoinPool.commonPool-worker-1] INFO  impl.RaftServerImpl (RaftServerImpl.java:lambda$shutdown$3(245)) - 9083b2e0-0d12-4690-bbcc-fa1831cb2877: shutdown group-22B12B17425C
2019-08-20 15:11:14,625 [ForkJoinPool.commonPool-worker-1] INFO  util.JmxRegister (JmxRegister.java:unregister(73)) - Successfully un-registered JMX Bean with object name Ratis:service=RaftServer,group=group-22B12B17425C,id=9083b2e0-0d12-4690-bbcc-fa1831cb2877
2019-08-20 15:11:14,625 [ForkJoinPool.commonPool-worker-1] INFO  impl.RoleInfo (RoleInfo.java:shutdownLeaderState(104)) - 9083b2e0-0d12-4690-bbcc-fa1831cb2877: shutdown LeaderState
2019-08-20 15:11:14,628 [org.apache.ratis.server.impl.LogAppender$AppenderDaemon$$Lambda$473/1618299733@310e284] WARN  server.GrpcLogAppender (GrpcLogAppender.java:mayWait(143)) - GrpcLogAppender(9083b2e0-0d12-4690-bbcc-fa1831cb2877->03526247-f18f-4f7b-a613-7fcfcc785a52): Wait interrupted by java.lang.InterruptedException
2019-08-20 15:11:14,628 [ForkJoinPool.commonPool-worker-1] INFO  impl.PendingRequests (PendingRequests.java:sendNotLeaderResponses(202)) - 9083b2e0-0d12-4690-bbcc-fa1831cb2877-PendingRequests: sendNotLeaderResponses
2019-08-20 15:11:14,628 [org.apache.ratis.server.impl.LogAppender$AppenderDaemon$$Lambda$473/1618299733@46126c82] WARN  server.GrpcLogAppender (GrpcLogAppender.java:mayWait(143)) - GrpcLogAppender(9083b2e0-0d12-4690-bbcc-fa1831cb2877->a6df67c4-b90a-4dd0-8d2c-e48bbab8adc7): Wait interrupted by java.lang.InterruptedException
2019-08-20 15:11:14,630 [ForkJoinPool.commonPool-worker-1] INFO  impl.StateMachineUpdater (StateMachineUpdater.java:stopAndJoin(115)) - StateMachineUpdater:9083b2e0-0d12-4690-bbcc-fa1831cb2877:group-22B12B17425C: set stopIndex = 8
2019-08-20 15:11:14,630 [StateMachineUpdater:9083b2e0-0d12-4690-bbcc-fa1831cb2877:group-22B12B17425C] INFO  ratis.ContainerStateMachine (ContainerStateMachine.java:takeSnapshot(271)) - group-22B12B17425C: Taking a snapshot at:(t:1, i:6) file /workdir/hadoop-ozone/integration-test/target/test-dir/MiniOzoneClusterImpl-0ad89540-22db-434c-8df5-5baffcf642ae/datanode-2/data/ratis/ac29b5af-f1b5-4d49-9753-22b12b17425c/sm/snapshot.1_6
2019-08-20 15:11:14,641 [main] INFO  statemachine.DatanodeStateMachine (DatanodeStateMachine.java:stopDaemon(395)) - Ozone container server stopped.
2019-08-20 15:11:14,642 [main] INFO  handler.ContextHandler (ContextHandler.java:doStop(910)) - Stopped o.e.j.w.WebAppContext@76dc36e5{/,null,UNAVAILABLE}{/hddsDatanode}
2019-08-20 15:11:14,642 [main] INFO  server.AbstractConnector (AbstractConnector.java:doStop(318)) - Stopped ServerConnector@2a54c92e{HTTP/1.1,[http/1.1]}{0.0.0.0:0}
2019-08-20 15:11:14,643 [main] INFO  handler.ContextHandler (ContextHandler.java:doStop(910)) - Stopped o.e.j.s.ServletContextHandler@559e3f67{/static,jar:file:/home/user/.m2/repository/org/apache/hadoop/hadoop-hdds-container-service/0.5.0-SNAPSHOT/hadoop-hdds-container-service-0.5.0-SNAPSHOT.jar!/webapps/static,UNAVAILABLE}
2019-08-20 15:11:14,643 [main] INFO  handler.ContextHandler (ContextHandler.java:doStop(910)) - Stopped o.e.j.s.ServletContextHandler@fbbd90c{/logs,file:///workdir/hadoop-ozone/integration-test/target/log,UNAVAILABLE}
2019-08-20 15:11:14,644 [main] INFO  datanode.ObjectStoreHandler (ObjectStoreHandler.java:close(155)) - Closing ObjectStoreHandler.
2019-08-20 15:11:14,644 [main] INFO  ozone.HddsDatanodeService (HddsDatanodeService.java:stop(451)) - Stopped plug-in org.apache.hadoop.ozone.web.OzoneHddsDatanodeService@121dce2
2019-08-20 15:11:14,814 [StateMachineUpdater:9083b2e0-0d12-4690-bbcc-fa1831cb2877:group-22B12B17425C] INFO  ratis.ContainerStateMachine (ContainerStateMachine.java:takeSnapshot(282)) - group-22B12B17425C: Finished taking a snapshot at:(t:1, i:6) file:/workdir/hadoop-ozone/integration-test/target/test-dir/MiniOzoneClusterImpl-0ad89540-22db-434c-8df5-5baffcf642ae/datanode-2/data/ratis/ac29b5af-f1b5-4d49-9753-22b12b17425c/sm/snapshot.1_6 time:184
2019-08-20 15:11:14,814 [StateMachineUpdater:9083b2e0-0d12-4690-bbcc-fa1831cb2877:group-22B12B17425C] INFO  impl.StateMachineUpdater (StateMachineUpdater.java:takeSnapshot(242)) - StateMachineUpdater:9083b2e0-0d12-4690-bbcc-fa1831cb2877:group-22B12B17425C: Took a snapshot at index 6
2019-08-20 15:11:14,814 [Datanode State Machine Thread - 0] INFO  statemachine.DatanodeStateMachine (DatanodeStateMachine.java:lambda$startDaemon$0(350)) - Ozone container server started.
2019-08-20 15:11:14,814 [StateMachineUpdater:9083b2e0-0d12-4690-bbcc-fa1831cb2877:group-22B12B17425C] INFO  impl.StateMachineUpdater (StateMachineUpdater.java:lambda$new$0(80)) - StateMachineUpdater:9083b2e0-0d12-4690-bbcc-fa1831cb2877:group-22B12B17425C: snapshotIndex: updateIncreasingly -1 -> 6
2019-08-20 15:11:14,815 [ForkJoinPool.commonPool-worker-1] INFO  impl.RaftServerImpl (ServerState.java:close(394)) - 9083b2e0-0d12-4690-bbcc-fa1831cb2877:group-22B12B17425C closes. The last applied log index is 8
2019-08-20 15:11:14,815 [9083b2e0-0d12-4690-bbcc-fa1831cb2877-SegmentedRaftLogWorker:Storage Directory /workdir/hadoop-ozone/integration-test/target/test-dir/MiniOzoneClusterImpl-0ad89540-22db-434c-8df5-5baffcf642ae/datanode-2/data/ratis/ac29b5af-f1b5-4d49-9753-22b12b17425c] INFO  segmented.SegmentedRaftLogWorker (SegmentedRaftLogWorker.java:run(313)) - 9083b2e0-0d12-4690-bbcc-fa1831cb2877-SegmentedRaftLogWorker:Storage Directory /workdir/hadoop-ozone/integration-test/target/test-dir/MiniOzoneClusterImpl-0ad89540-22db-434c-8df5-5baffcf642ae/datanode-2/data/ratis/ac29b5af-f1b5-4d49-9753-22b12b17425c was interrupted, exiting. There are 0 tasks remaining in the queue.
2019-08-20 15:11:14,818 [ForkJoinPool.commonPool-worker-1] INFO  segmented.SegmentedRaftLogWorker (SegmentedRaftLogWorker.java:close(228)) - 9083b2e0-0d12-4690-bbcc-fa1831cb2877-SegmentedRaftLogWorker:Storage Directory /workdir/hadoop-ozone/integration-test/target/test-dir/MiniOzoneClusterImpl-0ad89540-22db-434c-8df5-5baffcf642ae/datanode-2/data/ratis/ac29b5af-f1b5-4d49-9753-22b12b17425c close()
2019-08-20 15:11:14,821 [ForkJoinPool.commonPool-worker-1] INFO  impl.RaftServerImpl (RaftServerImpl.java:lambda$shutdown$3(245)) - 9083b2e0-0d12-4690-bbcc-fa1831cb2877: shutdown group-4F1559E1E3EB
2019-08-20 15:11:14,822 [ForkJoinPool.commonPool-worker-1] INFO  util.JmxRegister (JmxRegister.java:unregister(73)) - Successfully un-registered JMX Bean with object name Ratis:service=RaftServer,group=group-4F1559E1E3EB,id=9083b2e0-0d12-4690-bbcc-fa1831cb2877
2019-08-20 15:11:14,822 [ForkJoinPool.commonPool-worker-1] INFO  impl.RoleInfo (RoleInfo.java:shutdownLeaderState(104)) - 9083b2e0-0d12-4690-bbcc-fa1831cb2877: shutdown LeaderState
2019-08-20 15:11:14,825 [org.apache.ratis.server.impl.LogAppender$AppenderDaemon$$Lambda$473/1618299733@3f3f695d] WARN  server.GrpcLogAppender (GrpcLogAppender.java:mayWait(143)) - GrpcLogAppender(9083b2e0-0d12-4690-bbcc-fa1831cb2877->03526247-f18f-4f7b-a613-7fcfcc785a52): Wait interrupted by java.lang.InterruptedException
2019-08-20 15:11:14,825 [ForkJoinPool.commonPool-worker-1] INFO  impl.PendingRequests (PendingRequests.java:sendNotLeaderResponses(202)) - 9083b2e0-0d12-4690-bbcc-fa1831cb2877-PendingRequests: sendNotLeaderResponses
2019-08-20 15:11:14,825 [org.apache.ratis.server.impl.LogAppender$AppenderDaemon$$Lambda$473/1618299733@7a3df0de] WARN  server.GrpcLogAppender (GrpcLogAppender.java:mayWait(143)) - GrpcLogAppender(9083b2e0-0d12-4690-bbcc-fa1831cb2877->a6df67c4-b90a-4dd0-8d2c-e48bbab8adc7): Wait interrupted by java.lang.InterruptedException
2019-08-20 15:11:14,826 [ForkJoinPool.commonPool-worker-1] INFO  impl.StateMachineUpdater (StateMachineUpdater.java:stopAndJoin(115)) - StateMachineUpdater:9083b2e0-0d12-4690-bbcc-fa1831cb2877:group-4F1559E1E3EB: set stopIndex = 0
2019-08-20 15:11:14,826 [grpc-default-executor-1] INFO  server.GrpcServerProtocolService (GrpcServerProtocolService.java:onCompleted(104)) - 03526247-f18f-4f7b-a613-7fcfcc785a52: appendEntries completed
2019-08-20 15:11:14,826 [ForkJoinPool.commonPool-worker-1] INFO  impl.RaftServerImpl (ServerState.java:close(394)) - 9083b2e0-0d12-4690-bbcc-fa1831cb2877:group-4F1559E1E3EB closes. The last applied log index is 0
2019-08-20 15:11:14,826 [9083b2e0-0d12-4690-bbcc-fa1831cb2877-SegmentedRaftLogWorker:Storage Directory /workdir/hadoop-ozone/integration-test/target/test-dir/MiniOzoneClusterImpl-0ad89540-22db-434c-8df5-5baffcf642ae/datanode-2/data/ratis/2563415a-99ad-4403-b246-4f1559e1e3eb] INFO  segmented.SegmentedRaftLogWorker (SegmentedRaftLogWorker.java:run(313)) - 9083b2e0-0d12-4690-bbcc-fa1831cb2877-SegmentedRaftLogWorker:Storage Directory /workdir/hadoop-ozone/integration-test/target/test-dir/MiniOzoneClusterImpl-0ad89540-22db-434c-8df5-5baffcf642ae/datanode-2/data/ratis/2563415a-99ad-4403-b246-4f1559e1e3eb was interrupted, exiting. There are 0 tasks remaining in the queue.
2019-08-20 15:11:14,826 [grpc-default-executor-1] INFO  server.GrpcServerProtocolService (GrpcServerProtocolService.java:onCompleted(104)) - a6df67c4-b90a-4dd0-8d2c-e48bbab8adc7: appendEntries completed
2019-08-20 15:11:14,826 [grpc-default-executor-11] INFO  server.GrpcLogAppender (GrpcLogAppender.java:onCompleted(292)) - 9083b2e0-0d12-4690-bbcc-fa1831cb2877->03526247-f18f-4f7b-a613-7fcfcc785a52: follower responses appendEntries COMPLETED
2019-08-20 15:11:14,828 [ForkJoinPool.commonPool-worker-1] INFO  segmented.SegmentedRaftLogWorker (SegmentedRaftLogWorker.java:close(228)) - 9083b2e0-0d12-4690-bbcc-fa1831cb2877-SegmentedRaftLogWorker:Storage Directory /workdir/hadoop-ozone/integration-test/target/test-dir/MiniOzoneClusterImpl-0ad89540-22db-434c-8df5-5baffcf642ae/datanode-2/data/ratis/2563415a-99ad-4403-b246-4f1559e1e3eb close()
2019-08-20 15:11:14,831 [grpc-default-executor-11] INFO  impl.FollowerInfo (FollowerInfo.java:lambda$new$0(50)) - 9083b2e0-0d12-4690-bbcc-fa1831cb2877->03526247-f18f-4f7b-a613-7fcfcc785a52: nextIndex: updateUnconditionally 1 -> 0
2019-08-20 15:11:14,832 [grpc-default-executor-1] INFO  server.GrpcLogAppender (GrpcLogAppender.java:onCompleted(292)) - 9083b2e0-0d12-4690-bbcc-fa1831cb2877->a6df67c4-b90a-4dd0-8d2c-e48bbab8adc7: follower responses appendEntries COMPLETED
2019-08-20 15:11:14,835 [ForkJoinPool.commonPool-worker-1] INFO  server.GrpcService (GrpcService.java:closeImpl(155)) - 9083b2e0-0d12-4690-bbcc-fa1831cb2877: shutdown server with port 43356 now
2019-08-20 15:11:14,835 [grpc-default-executor-1] INFO  impl.FollowerInfo (FollowerInfo.java:lambda$new$0(50)) - 9083b2e0-0d12-4690-bbcc-fa1831cb2877->a6df67c4-b90a-4dd0-8d2c-e48bbab8adc7: nextIndex: updateUnconditionally 1 -> 0
2019-08-20 15:11:14,836 | INFO  | SCMAudit | user=jenkins1000 | ip=192.168.36.99 | op=SEND_HEARTBEAT {datanodeUUID=a6df67c4-b90a-4dd0-8d2c-e48bbab8adc7, command=[]} | ret=SUCCESS |  
2019-08-20 15:11:14,836 [ForkJoinPool.commonPool-worker-1] INFO  server.GrpcService (GrpcService.java:closeImpl(163)) - 9083b2e0-0d12-4690-bbcc-fa1831cb2877: shutdown server with port 43356 successfully
2019-08-20 15:11:14,837 [ForkJoinPool.commonPool-worker-1] INFO  utils.BackgroundService (BackgroundService.java:shutdown(148)) - Shutting down service BlockDeletingService
2019-08-20 15:11:14,838 [refreshUsed-/workdir/hadoop-ozone/integration-test/target/test-dir/MiniOzoneClusterImpl-0ad89540-22db-434c-8df5-5baffcf642ae/datanode-2/data/containers] WARN  fs.CachingGetSpaceUsed (CachingGetSpaceUsed.java:run(183)) - Thread Interrupted waiting to refresh disk information: sleep interrupted
2019-08-20 15:11:14,851 [ForkJoinPool.commonPool-worker-1] INFO  statemachine.DatanodeStateMachine (DatanodeStateMachine.java:stopDaemon(395)) - Ozone container server stopped.
2019-08-20 15:11:14,855 [ForkJoinPool.commonPool-worker-1] INFO  handler.ContextHandler (ContextHandler.java:doStop(910)) - Stopped o.e.j.w.WebAppContext@23df7fad{/,null,UNAVAILABLE}{/hddsDatanode}
2019-08-20 15:11:14,855 [ForkJoinPool.commonPool-worker-1] INFO  server.AbstractConnector (AbstractConnector.java:doStop(318)) - Stopped ServerConnector@4ab455e2{HTTP/1.1,[http/1.1]}{0.0.0.0:0}
2019-08-20 15:11:14,856 [ForkJoinPool.commonPool-worker-1] INFO  handler.ContextHandler (ContextHandler.java:doStop(910)) - Stopped o.e.j.s.ServletContextHandler@34e25492{/static,jar:file:/home/user/.m2/repository/org/apache/hadoop/hadoop-hdds-container-service/0.5.0-SNAPSHOT/hadoop-hdds-container-service-0.5.0-SNAPSHOT.jar!/webapps/static,UNAVAILABLE}
2019-08-20 15:11:14,857 [ForkJoinPool.commonPool-worker-1] INFO  handler.ContextHandler (ContextHandler.java:doStop(910)) - Stopped o.e.j.s.ServletContextHandler@41059616{/logs,file:///workdir/hadoop-ozone/integration-test/target/log,UNAVAILABLE}
2019-08-20 15:11:14,858 [ForkJoinPool.commonPool-worker-1] INFO  datanode.ObjectStoreHandler (ObjectStoreHandler.java:close(155)) - Closing ObjectStoreHandler.
2019-08-20 15:11:14,859 [ForkJoinPool.commonPool-worker-1] INFO  ozone.HddsDatanodeService (HddsDatanodeService.java:stop(451)) - Stopped plug-in org.apache.hadoop.ozone.web.OzoneHddsDatanodeService@194224ca
2019-08-20 15:11:15,480 [Datanode State Machine Thread - 0] INFO  statemachine.DatanodeStateMachine (DatanodeStateMachine.java:lambda$startDaemon$0(350)) - Ozone container server started.
2019-08-20 15:11:15,834 | INFO  | SCMAudit | user=jenkins1000 | ip=192.168.36.99 | op=SEND_HEARTBEAT {datanodeUUID=a6df67c4-b90a-4dd0-8d2c-e48bbab8adc7, command=[]} | ret=SUCCESS |  
2019-08-20 15:11:16,835 | INFO  | SCMAudit | user=jenkins1000 | ip=192.168.36.99 | op=SEND_HEARTBEAT {datanodeUUID=a6df67c4-b90a-4dd0-8d2c-e48bbab8adc7, command=[]} | ret=SUCCESS |  
2019-08-20 15:11:17,059 [Thread-844] INFO  impl.FollowerState (FollowerState.java:run(106)) - 03526247-f18f-4f7b-a613-7fcfcc785a52:group-55A78D3868F6 changes to CANDIDATE, lastRpcTime:5166, electionTimeout:5137ms
2019-08-20 15:11:17,059 [Thread-844] INFO  impl.RoleInfo (RoleInfo.java:shutdownFollowerState(121)) - 03526247-f18f-4f7b-a613-7fcfcc785a52: shutdown FollowerState
2019-08-20 15:11:17,060 [Thread-844] INFO  impl.RaftServerImpl (RaftServerImpl.java:setRole(171)) - 03526247-f18f-4f7b-a613-7fcfcc785a52:group-55A78D3868F6 changes role from FOLLOWER to CANDIDATE at term 1 for changeToCandidate
2019-08-20 15:11:17,060 [Thread-844] INFO  impl.RoleInfo (RoleInfo.java:updateAndGet(143)) - 03526247-f18f-4f7b-a613-7fcfcc785a52: start LeaderElection
2019-08-20 15:11:17,061 [03526247-f18f-4f7b-a613-7fcfcc785a52:group-55A78D3868F6:LeaderElection31] INFO  impl.RaftServerImpl (ServerState.java:setLeader(263)) - 03526247-f18f-4f7b-a613-7fcfcc785a52:group-55A78D3868F6 change Leader from 9083b2e0-0d12-4690-bbcc-fa1831cb2877 to null at term 1 for initElection
2019-08-20 15:11:17,090 [03526247-f18f-4f7b-a613-7fcfcc785a52:group-55A78D3868F6:LeaderElection31] INFO  impl.LeaderElection (LeaderElection.java:askForVotes(181)) - 03526247-f18f-4f7b-a613-7fcfcc785a52:group-55A78D3868F6:LeaderElection31: begin an election at term 2 for 0: [03526247-f18f-4f7b-a613-7fcfcc785a52:192.168.36.99:40286, a6df67c4-b90a-4dd0-8d2c-e48bbab8adc7:192.168.36.99:39930, 9083b2e0-0d12-4690-bbcc-fa1831cb2877:192.168.36.99:43356], old=null
2019-08-20 15:11:17,093 [03526247-f18f-4f7b-a613-7fcfcc785a52:group-55A78D3868F6:LeaderElection31] INFO  impl.LeaderElection (LogUtils.java:infoOrTrace(149)) - 03526247-f18f-4f7b-a613-7fcfcc785a52:group-55A78D3868F6:LeaderElection31 got exception when requesting votes: {}
java.util.concurrent.ExecutionException: org.apache.ratis.thirdparty.io.grpc.StatusRuntimeException: UNAVAILABLE: io exception
	at java.util.concurrent.FutureTask.report(FutureTask.java:122)
	at java.util.concurrent.FutureTask.get(FutureTask.java:192)
	at org.apache.ratis.server.impl.LeaderElection.waitForResults(LeaderElection.java:262)
	at org.apache.ratis.server.impl.LeaderElection.askForVotes(LeaderElection.java:200)
	at org.apache.ratis.server.impl.LeaderElection.run(LeaderElection.java:130)
	at java.lang.Thread.run(Thread.java:748)
Caused by: org.apache.ratis.thirdparty.io.grpc.StatusRuntimeException: UNAVAILABLE: io exception
	at org.apache.ratis.thirdparty.io.grpc.stub.ClientCalls.toStatusRuntimeException(ClientCalls.java:233)
	at org.apache.ratis.thirdparty.io.grpc.stub.ClientCalls.getUnchecked(ClientCalls.java:214)
	at org.apache.ratis.thirdparty.io.grpc.stub.ClientCalls.blockingUnaryCall(ClientCalls.java:139)
	at org.apache.ratis.proto.grpc.RaftServerProtocolServiceGrpc$RaftServerProtocolServiceBlockingStub.requestVote(RaftServerProtocolServiceGrpc.java:265)
	at org.apache.ratis.grpc.server.GrpcServerProtocolClient.requestVote(GrpcServerProtocolClient.java:83)
	at org.apache.ratis.grpc.server.GrpcService.requestVote(GrpcService.java:195)
	at org.apache.ratis.server.impl.LeaderElection.lambda$submitRequests$1(LeaderElection.java:237)
	at java.util.concurrent.FutureTask.run(FutureTask.java:266)
	at java.util.concurrent.Executors$RunnableAdapter.call(Executors.java:511)
	at java.util.concurrent.FutureTask.run(FutureTask.java:266)
	at java.util.concurrent.ThreadPoolExecutor.runWorker(ThreadPoolExecutor.java:1149)
	at java.util.concurrent.ThreadPoolExecutor$Worker.run(ThreadPoolExecutor.java:624)
	... 1 more
Caused by: org.apache.ratis.thirdparty.io.netty.channel.AbstractChannel$AnnotatedConnectException: Connection refused: /192.168.36.99:43356
	at sun.nio.ch.SocketChannelImpl.checkConnect(Native Method)
	at sun.nio.ch.SocketChannelImpl.finishConnect(SocketChannelImpl.java:717)
	at org.apache.ratis.thirdparty.io.netty.channel.socket.nio.NioSocketChannel.doFinishConnect(NioSocketChannel.java:327)
	at org.apache.ratis.thirdparty.io.netty.channel.nio.AbstractNioChannel$AbstractNioUnsafe.finishConnect(AbstractNioChannel.java:340)
	at org.apache.ratis.thirdparty.io.netty.channel.nio.NioEventLoop.processSelectedKey(NioEventLoop.java:632)
	at org.apache.ratis.thirdparty.io.netty.channel.nio.NioEventLoop.processSelectedKeysOptimized(NioEventLoop.java:579)
	at org.apache.ratis.thirdparty.io.netty.channel.nio.NioEventLoop.processSelectedKeys(NioEventLoop.java:496)
	at org.apache.ratis.thirdparty.io.netty.channel.nio.NioEventLoop.run(NioEventLoop.java:458)
	at org.apache.ratis.thirdparty.io.netty.util.concurrent.SingleThreadEventExecutor$5.run(SingleThreadEventExecutor.java:897)
	at org.apache.ratis.thirdparty.io.netty.util.concurrent.FastThreadLocalRunnable.run(FastThreadLocalRunnable.java:30)
	... 1 more
Caused by: java.net.ConnectException: Connection refused
	... 11 more
2019-08-20 15:11:17,094 [grpc-default-executor-8] INFO  impl.RaftServerImpl (ServerState.java:setLeader(263)) - a6df67c4-b90a-4dd0-8d2c-e48bbab8adc7:group-55A78D3868F6 change Leader from 9083b2e0-0d12-4690-bbcc-fa1831cb2877 to null at term 2 for updateCurrentTerm
2019-08-20 15:11:17,095 [grpc-default-executor-8] INFO  impl.RaftServerImpl (RaftServerImpl.java:setRole(171)) - a6df67c4-b90a-4dd0-8d2c-e48bbab8adc7:group-55A78D3868F6 changes role from FOLLOWER to FOLLOWER at term 2 for recognizeCandidate:03526247-f18f-4f7b-a613-7fcfcc785a52
2019-08-20 15:11:17,095 [grpc-default-executor-8] INFO  impl.RoleInfo (RoleInfo.java:shutdownFollowerState(121)) - a6df67c4-b90a-4dd0-8d2c-e48bbab8adc7: shutdown FollowerState
2019-08-20 15:11:17,095 [grpc-default-executor-8] INFO  impl.RoleInfo (RoleInfo.java:updateAndGet(143)) - a6df67c4-b90a-4dd0-8d2c-e48bbab8adc7: start FollowerState
2019-08-20 15:11:17,095 [Thread-870] INFO  impl.FollowerState (FollowerState.java:run(114)) - a6df67c4-b90a-4dd0-8d2c-e48bbab8adc7: FollowerState was interrupted: java.lang.InterruptedException: sleep interrupted
2019-08-20 15:11:17,132 [03526247-f18f-4f7b-a613-7fcfcc785a52:group-55A78D3868F6:LeaderElection31] INFO  impl.LeaderElection (LeaderElection.java:logAndReturn(56)) - 03526247-f18f-4f7b-a613-7fcfcc785a52:group-55A78D3868F6:LeaderElection31: Election PASSED; received 1 response(s) [03526247-f18f-4f7b-a613-7fcfcc785a52<-a6df67c4-b90a-4dd0-8d2c-e48bbab8adc7#0:OK-t2] and 1 exception(s); 03526247-f18f-4f7b-a613-7fcfcc785a52:t2, leader=null, voted=03526247-f18f-4f7b-a613-7fcfcc785a52, raftlog=03526247-f18f-4f7b-a613-7fcfcc785a52-SegmentedRaftLog:OPENED:c0,f0,i0, conf=0: [03526247-f18f-4f7b-a613-7fcfcc785a52:192.168.36.99:40286, a6df67c4-b90a-4dd0-8d2c-e48bbab8adc7:192.168.36.99:39930, 9083b2e0-0d12-4690-bbcc-fa1831cb2877:192.168.36.99:43356], old=null
2019-08-20 15:11:17,133 [03526247-f18f-4f7b-a613-7fcfcc785a52:group-55A78D3868F6:LeaderElection31] INFO  impl.LeaderElection (LogUtils.java:infoOrTrace(149)) -   Exception 0: {}
java.util.concurrent.ExecutionException: org.apache.ratis.thirdparty.io.grpc.StatusRuntimeException: UNAVAILABLE: io exception
	at java.util.concurrent.FutureTask.report(FutureTask.java:122)
	at java.util.concurrent.FutureTask.get(FutureTask.java:192)
	at org.apache.ratis.server.impl.LeaderElection.waitForResults(LeaderElection.java:262)
	at org.apache.ratis.server.impl.LeaderElection.askForVotes(LeaderElection.java:200)
	at org.apache.ratis.server.impl.LeaderElection.run(LeaderElection.java:130)
	at java.lang.Thread.run(Thread.java:748)
Caused by: org.apache.ratis.thirdparty.io.grpc.StatusRuntimeException: UNAVAILABLE: io exception
	at org.apache.ratis.thirdparty.io.grpc.stub.ClientCalls.toStatusRuntimeException(ClientCalls.java:233)
	at org.apache.ratis.thirdparty.io.grpc.stub.ClientCalls.getUnchecked(ClientCalls.java:214)
	at org.apache.ratis.thirdparty.io.grpc.stub.ClientCalls.blockingUnaryCall(ClientCalls.java:139)
	at org.apache.ratis.proto.grpc.RaftServerProtocolServiceGrpc$RaftServerProtocolServiceBlockingStub.requestVote(RaftServerProtocolServiceGrpc.java:265)
	at org.apache.ratis.grpc.server.GrpcServerProtocolClient.requestVote(GrpcServerProtocolClient.java:83)
	at org.apache.ratis.grpc.server.GrpcService.requestVote(GrpcService.java:195)
	at org.apache.ratis.server.impl.LeaderElection.lambda$submitRequests$1(LeaderElection.java:237)
	at java.util.concurrent.FutureTask.run(FutureTask.java:266)
	at java.util.concurrent.Executors$RunnableAdapter.call(Executors.java:511)
	at java.util.concurrent.FutureTask.run(FutureTask.java:266)
	at java.util.concurrent.ThreadPoolExecutor.runWorker(ThreadPoolExecutor.java:1149)
	at java.util.concurrent.ThreadPoolExecutor$Worker.run(ThreadPoolExecutor.java:624)
	... 1 more
Caused by: org.apache.ratis.thirdparty.io.netty.channel.AbstractChannel$AnnotatedConnectException: Connection refused: /192.168.36.99:43356
	at sun.nio.ch.SocketChannelImpl.checkConnect(Native Method)
	at sun.nio.ch.SocketChannelImpl.finishConnect(SocketChannelImpl.java:717)
	at org.apache.ratis.thirdparty.io.netty.channel.socket.nio.NioSocketChannel.doFinishConnect(NioSocketChannel.java:327)
	at org.apache.ratis.thirdparty.io.netty.channel.nio.AbstractNioChannel$AbstractNioUnsafe.finishConnect(AbstractNioChannel.java:340)
	at org.apache.ratis.thirdparty.io.netty.channel.nio.NioEventLoop.processSelectedKey(NioEventLoop.java:632)
	at org.apache.ratis.thirdparty.io.netty.channel.nio.NioEventLoop.processSelectedKeysOptimized(NioEventLoop.java:579)
	at org.apache.ratis.thirdparty.io.netty.channel.nio.NioEventLoop.processSelectedKeys(NioEventLoop.java:496)
	at org.apache.ratis.thirdparty.io.netty.channel.nio.NioEventLoop.run(NioEventLoop.java:458)
	at org.apache.ratis.thirdparty.io.netty.util.concurrent.SingleThreadEventExecutor$5.run(SingleThreadEventExecutor.java:897)
	at org.apache.ratis.thirdparty.io.netty.util.concurrent.FastThreadLocalRunnable.run(FastThreadLocalRunnable.java:30)
	... 1 more
Caused by: java.net.ConnectException: Connection refused
	... 11 more
2019-08-20 15:11:17,133 [03526247-f18f-4f7b-a613-7fcfcc785a52:group-55A78D3868F6:LeaderElection31] INFO  impl.RoleInfo (RoleInfo.java:shutdownLeaderElection(134)) - 03526247-f18f-4f7b-a613-7fcfcc785a52: shutdown LeaderElection
2019-08-20 15:11:17,133 [03526247-f18f-4f7b-a613-7fcfcc785a52:group-55A78D3868F6:LeaderElection31] INFO  impl.RaftServerImpl (RaftServerImpl.java:setRole(171)) - 03526247-f18f-4f7b-a613-7fcfcc785a52:group-55A78D3868F6 changes role from CANDIDATE to LEADER at term 2 for changeToLeader
2019-08-20 15:11:17,133 [03526247-f18f-4f7b-a613-7fcfcc785a52:group-55A78D3868F6:LeaderElection31] INFO  impl.RaftServerImpl (ServerState.java:setLeader(263)) - 03526247-f18f-4f7b-a613-7fcfcc785a52:group-55A78D3868F6 change Leader from null to 03526247-f18f-4f7b-a613-7fcfcc785a52 at term 2 for becomeLeader, leader elected after 71ms
2019-08-20 15:11:17,133 [03526247-f18f-4f7b-a613-7fcfcc785a52:group-55A78D3868F6:LeaderElection31] INFO  server.RaftServerConfigKeys (ConfUtils.java:logGet(43)) - raft.server.staging.catchup.gap = 1000 (default)
2019-08-20 15:11:17,133 [03526247-f18f-4f7b-a613-7fcfcc785a52:group-55A78D3868F6:LeaderElection31] INFO  server.RaftServerConfigKeys (ConfUtils.java:logGet(43)) - raft.server.rpc.sleep.time = 25ms (default)
2019-08-20 15:11:17,134 [03526247-f18f-4f7b-a613-7fcfcc785a52:group-55A78D3868F6:LeaderElection31] INFO  server.RaftServerConfigKeys (ConfUtils.java:logGet(43)) - raft.server.write.element-limit = 4096 (default)
2019-08-20 15:11:17,134 [03526247-f18f-4f7b-a613-7fcfcc785a52:group-55A78D3868F6:LeaderElection31] INFO  server.RaftServerConfigKeys (ConfUtils.java:logGet(43)) - raft.server.watch.timeout = 10s (default)
2019-08-20 15:11:17,134 [03526247-f18f-4f7b-a613-7fcfcc785a52:group-55A78D3868F6:LeaderElection31] INFO  server.RaftServerConfigKeys (ConfUtils.java:logGet(43)) - raft.server.watch.timeout.denomination = 1s (default)
2019-08-20 15:11:17,134 [03526247-f18f-4f7b-a613-7fcfcc785a52:group-55A78D3868F6:LeaderElection31] INFO  server.RaftServerConfigKeys (ConfUtils.java:logGet(43)) - raft.server.watch.element-limit = 65536 (default)
2019-08-20 15:11:17,134 [03526247-f18f-4f7b-a613-7fcfcc785a52:group-55A78D3868F6:LeaderElection31] INFO  server.RaftServerConfigKeys (ConfUtils.java:logGet(43)) - raft.server.log.appender.snapshot.chunk.size.max = 16MB (=16777216) (default)
2019-08-20 15:11:17,134 [03526247-f18f-4f7b-a613-7fcfcc785a52:group-55A78D3868F6:LeaderElection31] INFO  server.RaftServerConfigKeys (ConfUtils.java:logGet(43)) - raft.server.log.appender.buffer.byte-limit = 33554432 (custom)
2019-08-20 15:11:17,134 [03526247-f18f-4f7b-a613-7fcfcc785a52:group-55A78D3868F6:LeaderElection31] INFO  server.RaftServerConfigKeys (ConfUtils.java:logGet(43)) - raft.server.log.appender.buffer.element-limit = 1 (custom)
2019-08-20 15:11:17,135 [03526247-f18f-4f7b-a613-7fcfcc785a52:group-55A78D3868F6:LeaderElection31] INFO  grpc.GrpcConfigKeys$Server (ConfUtils.java:logGet(43)) - raft.grpc.server.leader.outstanding.appends.max = 128 (default)
2019-08-20 15:11:17,135 [03526247-f18f-4f7b-a613-7fcfcc785a52:group-55A78D3868F6:LeaderElection31] INFO  server.RaftServerConfigKeys (ConfUtils.java:logGet(43)) - raft.server.rpc.request.timeout = 3000ms (default)
2019-08-20 15:11:17,135 [03526247-f18f-4f7b-a613-7fcfcc785a52:group-55A78D3868F6:LeaderElection31] INFO  server.RaftServerConfigKeys (ConfUtils.java:logGet(43)) - raft.server.log.appender.install.snapshot.enabled = false (custom)
2019-08-20 15:11:17,135 [03526247-f18f-4f7b-a613-7fcfcc785a52:group-55A78D3868F6:LeaderElection31] INFO  server.RaftServerConfigKeys (ConfUtils.java:logGet(43)) - raft.server.log.appender.snapshot.chunk.size.max = 16MB (=16777216) (default)
2019-08-20 15:11:17,135 [03526247-f18f-4f7b-a613-7fcfcc785a52:group-55A78D3868F6:LeaderElection31] INFO  server.RaftServerConfigKeys (ConfUtils.java:logGet(43)) - raft.server.log.appender.buffer.byte-limit = 33554432 (custom)
2019-08-20 15:11:17,135 [03526247-f18f-4f7b-a613-7fcfcc785a52:group-55A78D3868F6:LeaderElection31] INFO  server.RaftServerConfigKeys (ConfUtils.java:logGet(43)) - raft.server.log.appender.buffer.element-limit = 1 (custom)
2019-08-20 15:11:17,135 [03526247-f18f-4f7b-a613-7fcfcc785a52:group-55A78D3868F6:LeaderElection31] INFO  grpc.GrpcConfigKeys$Server (ConfUtils.java:logGet(43)) - raft.grpc.server.leader.outstanding.appends.max = 128 (default)
2019-08-20 15:11:17,136 [03526247-f18f-4f7b-a613-7fcfcc785a52:group-55A78D3868F6:LeaderElection31] INFO  server.RaftServerConfigKeys (ConfUtils.java:logGet(43)) - raft.server.rpc.request.timeout = 3000ms (default)
2019-08-20 15:11:17,136 [03526247-f18f-4f7b-a613-7fcfcc785a52:group-55A78D3868F6:LeaderElection31] INFO  server.RaftServerConfigKeys (ConfUtils.java:logGet(43)) - raft.server.log.appender.install.snapshot.enabled = false (custom)
2019-08-20 15:11:17,136 [03526247-f18f-4f7b-a613-7fcfcc785a52:group-55A78D3868F6:LeaderElection31] INFO  impl.RoleInfo (RoleInfo.java:updateAndGet(143)) - 03526247-f18f-4f7b-a613-7fcfcc785a52: start LeaderState
2019-08-20 15:11:17,136 [03526247-f18f-4f7b-a613-7fcfcc785a52:group-55A78D3868F6:LeaderElection31] INFO  segmented.SegmentedRaftLogWorker (SegmentedRaftLogWorker.java:rollLogSegment(385)) - 03526247-f18f-4f7b-a613-7fcfcc785a52-SegmentedRaftLogWorker:Storage Directory /workdir/hadoop-ozone/integration-test/target/test-dir/MiniOzoneClusterImpl-0ad89540-22db-434c-8df5-5baffcf642ae/datanode-6/data/ratis/a241723f-b005-4296-81e5-55a78d3868f6: Rolling segment log-0_0 to index:0
2019-08-20 15:11:17,138 [03526247-f18f-4f7b-a613-7fcfcc785a52:group-55A78D3868F6:LeaderElection31] INFO  impl.RaftServerImpl (ServerState.java:setRaftConf(361)) - 03526247-f18f-4f7b-a613-7fcfcc785a52:group-55A78D3868F6 set configuration 1: [03526247-f18f-4f7b-a613-7fcfcc785a52:192.168.36.99:40286, a6df67c4-b90a-4dd0-8d2c-e48bbab8adc7:192.168.36.99:39930, 9083b2e0-0d12-4690-bbcc-fa1831cb2877:192.168.36.99:43356], old=null at 1
2019-08-20 15:11:17,138 [03526247-f18f-4f7b-a613-7fcfcc785a52-SegmentedRaftLogWorker:Storage Directory /workdir/hadoop-ozone/integration-test/target/test-dir/MiniOzoneClusterImpl-0ad89540-22db-434c-8df5-5baffcf642ae/datanode-6/data/ratis/a241723f-b005-4296-81e5-55a78d3868f6] INFO  segmented.SegmentedRaftLogWorker (SegmentedRaftLogWorker.java:execute(526)) - 03526247-f18f-4f7b-a613-7fcfcc785a52-SegmentedRaftLogWorker:Storage Directory /workdir/hadoop-ozone/integration-test/target/test-dir/MiniOzoneClusterImpl-0ad89540-22db-434c-8df5-5baffcf642ae/datanode-6/data/ratis/a241723f-b005-4296-81e5-55a78d3868f6: Rolled log segment from /workdir/hadoop-ozone/integration-test/target/test-dir/MiniOzoneClusterImpl-0ad89540-22db-434c-8df5-5baffcf642ae/datanode-6/data/ratis/a241723f-b005-4296-81e5-55a78d3868f6/current/log_inprogress_0 to /workdir/hadoop-ozone/integration-test/target/test-dir/MiniOzoneClusterImpl-0ad89540-22db-434c-8df5-5baffcf642ae/datanode-6/data/ratis/a241723f-b005-4296-81e5-55a78d3868f6/current/log_0-0
2019-08-20 15:11:17,138 [grpc-default-executor-8] WARN  server.GrpcLogAppender (LogUtils.java:warn(134)) - 03526247-f18f-4f7b-a613-7fcfcc785a52->9083b2e0-0d12-4690-bbcc-fa1831cb2877: Failed appendEntries: org.apache.ratis.thirdparty.io.grpc.StatusRuntimeException: UNAVAILABLE: io exception
2019-08-20 15:11:17,166 [grpc-default-executor-8] INFO  impl.FollowerInfo (FollowerInfo.java:lambda$new$0(50)) - 03526247-f18f-4f7b-a613-7fcfcc785a52->9083b2e0-0d12-4690-bbcc-fa1831cb2877: nextIndex: updateUnconditionally 1 -> 0
2019-08-20 15:11:17,167 [grpc-default-executor-8] INFO  impl.RaftServerImpl (ServerState.java:setLeader(263)) - a6df67c4-b90a-4dd0-8d2c-e48bbab8adc7:group-55A78D3868F6 change Leader from null to 03526247-f18f-4f7b-a613-7fcfcc785a52 at term 2 for appendEntries, leader elected after 72ms
2019-08-20 15:11:17,170 [grpc-default-executor-8] INFO  impl.RaftServerImpl (ServerState.java:setRaftConf(361)) - a6df67c4-b90a-4dd0-8d2c-e48bbab8adc7:group-55A78D3868F6 set configuration 1: [03526247-f18f-4f7b-a613-7fcfcc785a52:192.168.36.99:40286, a6df67c4-b90a-4dd0-8d2c-e48bbab8adc7:192.168.36.99:39930, 9083b2e0-0d12-4690-bbcc-fa1831cb2877:192.168.36.99:43356], old=null at 1
2019-08-20 15:11:17,170 [grpc-default-executor-8] INFO  segmented.SegmentedRaftLogWorker (SegmentedRaftLogWorker.java:rollLogSegment(385)) - a6df67c4-b90a-4dd0-8d2c-e48bbab8adc7-SegmentedRaftLogWorker:Storage Directory /workdir/hadoop-ozone/integration-test/target/test-dir/MiniOzoneClusterImpl-0ad89540-22db-434c-8df5-5baffcf642ae/datanode-5/data/ratis/a241723f-b005-4296-81e5-55a78d3868f6: Rolling segment log-0_0 to index:0
2019-08-20 15:11:17,171 [a6df67c4-b90a-4dd0-8d2c-e48bbab8adc7-SegmentedRaftLogWorker:Storage Directory /workdir/hadoop-ozone/integration-test/target/test-dir/MiniOzoneClusterImpl-0ad89540-22db-434c-8df5-5baffcf642ae/datanode-5/data/ratis/a241723f-b005-4296-81e5-55a78d3868f6] INFO  segmented.SegmentedRaftLogWorker (SegmentedRaftLogWorker.java:execute(526)) - a6df67c4-b90a-4dd0-8d2c-e48bbab8adc7-SegmentedRaftLogWorker:Storage Directory /workdir/hadoop-ozone/integration-test/target/test-dir/MiniOzoneClusterImpl-0ad89540-22db-434c-8df5-5baffcf642ae/datanode-5/data/ratis/a241723f-b005-4296-81e5-55a78d3868f6: Rolled log segment from /workdir/hadoop-ozone/integration-test/target/test-dir/MiniOzoneClusterImpl-0ad89540-22db-434c-8df5-5baffcf642ae/datanode-5/data/ratis/a241723f-b005-4296-81e5-55a78d3868f6/current/log_inprogress_0 to /workdir/hadoop-ozone/integration-test/target/test-dir/MiniOzoneClusterImpl-0ad89540-22db-434c-8df5-5baffcf642ae/datanode-5/data/ratis/a241723f-b005-4296-81e5-55a78d3868f6/current/log_0-0
2019-08-20 15:11:17,189 [03526247-f18f-4f7b-a613-7fcfcc785a52-SegmentedRaftLogWorker:Storage Directory /workdir/hadoop-ozone/integration-test/target/test-dir/MiniOzoneClusterImpl-0ad89540-22db-434c-8df5-5baffcf642ae/datanode-6/data/ratis/a241723f-b005-4296-81e5-55a78d3868f6] INFO  segmented.SegmentedRaftLogWorker (SegmentedRaftLogWorker.java:execute(569)) - 03526247-f18f-4f7b-a613-7fcfcc785a52-SegmentedRaftLogWorker:Storage Directory /workdir/hadoop-ozone/integration-test/target/test-dir/MiniOzoneClusterImpl-0ad89540-22db-434c-8df5-5baffcf642ae/datanode-6/data/ratis/a241723f-b005-4296-81e5-55a78d3868f6: created new log segment /workdir/hadoop-ozone/integration-test/target/test-dir/MiniOzoneClusterImpl-0ad89540-22db-434c-8df5-5baffcf642ae/datanode-6/data/ratis/a241723f-b005-4296-81e5-55a78d3868f6/current/log_inprogress_1
2019-08-20 15:11:17,227 [a6df67c4-b90a-4dd0-8d2c-e48bbab8adc7-SegmentedRaftLogWorker:Storage Directory /workdir/hadoop-ozone/integration-test/target/test-dir/MiniOzoneClusterImpl-0ad89540-22db-434c-8df5-5baffcf642ae/datanode-5/data/ratis/a241723f-b005-4296-81e5-55a78d3868f6] INFO  segmented.SegmentedRaftLogWorker (SegmentedRaftLogWorker.java:execute(569)) - a6df67c4-b90a-4dd0-8d2c-e48bbab8adc7-SegmentedRaftLogWorker:Storage Directory /workdir/hadoop-ozone/integration-test/target/test-dir/MiniOzoneClusterImpl-0ad89540-22db-434c-8df5-5baffcf642ae/datanode-5/data/ratis/a241723f-b005-4296-81e5-55a78d3868f6: created new log segment /workdir/hadoop-ozone/integration-test/target/test-dir/MiniOzoneClusterImpl-0ad89540-22db-434c-8df5-5baffcf642ae/datanode-5/data/ratis/a241723f-b005-4296-81e5-55a78d3868f6/current/log_inprogress_1
2019-08-20 15:11:17,244 [grpc-default-executor-1] WARN  server.GrpcLogAppender (LogUtils.java:warn(134)) - 03526247-f18f-4f7b-a613-7fcfcc785a52->9083b2e0-0d12-4690-bbcc-fa1831cb2877: Failed appendEntries: org.apache.ratis.thirdparty.io.grpc.StatusRuntimeException: UNAVAILABLE: io exception
2019-08-20 15:11:17,245 [grpc-default-executor-1] INFO  impl.FollowerInfo (FollowerInfo.java:lambda$new$0(50)) - 03526247-f18f-4f7b-a613-7fcfcc785a52->9083b2e0-0d12-4690-bbcc-fa1831cb2877: nextIndex: updateUnconditionally 1 -> 0
2019-08-20 15:11:17,256 [grpc-default-executor-11] WARN  server.GrpcLogAppender (LogUtils.java:warn(134)) - 03526247-f18f-4f7b-a613-7fcfcc785a52->9083b2e0-0d12-4690-bbcc-fa1831cb2877: Failed appendEntries: org.apache.ratis.thirdparty.io.grpc.StatusRuntimeException: UNAVAILABLE: io exception
2019-08-20 15:11:17,257 [grpc-default-executor-11] INFO  impl.FollowerInfo (FollowerInfo.java:lambda$new$0(50)) - 03526247-f18f-4f7b-a613-7fcfcc785a52->9083b2e0-0d12-4690-bbcc-fa1831cb2877: nextIndex: updateUnconditionally 1 -> 0
2019-08-20 15:11:17,834 | INFO  | SCMAudit | user=jenkins1000 | ip=192.168.36.99 | op=SEND_HEARTBEAT {datanodeUUID=a6df67c4-b90a-4dd0-8d2c-e48bbab8adc7, command=[]} | ret=SUCCESS |  
2019-08-20 15:11:18,835 | INFO  | SCMAudit | user=jenkins1000 | ip=192.168.36.99 | op=SEND_HEARTBEAT {datanodeUUID=a6df67c4-b90a-4dd0-8d2c-e48bbab8adc7, command=[]} | ret=SUCCESS |  
2019-08-20 15:11:19,645 [main] INFO  ozoneimpl.OzoneContainer (OzoneContainer.java:stop(199)) - Attempting to stop container services.
2019-08-20 15:11:19,646 [main] INFO  impl.RaftServerProxy (RaftServerProxy.java:lambda$close$4(314)) - 03526247-f18f-4f7b-a613-7fcfcc785a52: close
2019-08-20 15:11:19,646 [main] INFO  impl.RaftServerImpl (RaftServerImpl.java:lambda$shutdown$3(245)) - 03526247-f18f-4f7b-a613-7fcfcc785a52: shutdown group-55A78D3868F6
2019-08-20 15:11:19,647 [main] INFO  util.JmxRegister (JmxRegister.java:unregister(73)) - Successfully un-registered JMX Bean with object name Ratis:service=RaftServer,group=group-55A78D3868F6,id=03526247-f18f-4f7b-a613-7fcfcc785a52
2019-08-20 15:11:19,647 [main] INFO  impl.RoleInfo (RoleInfo.java:shutdownLeaderState(104)) - 03526247-f18f-4f7b-a613-7fcfcc785a52: shutdown LeaderState
2019-08-20 15:11:19,650 [org.apache.ratis.server.impl.LogAppender$AppenderDaemon$$Lambda$473/1618299733@23b1b4fe] WARN  server.GrpcLogAppender (GrpcLogAppender.java:mayWait(143)) - GrpcLogAppender(03526247-f18f-4f7b-a613-7fcfcc785a52->a6df67c4-b90a-4dd0-8d2c-e48bbab8adc7): Wait interrupted by java.lang.InterruptedException
2019-08-20 15:11:19,650 [org.apache.ratis.server.impl.LogAppender$AppenderDaemon$$Lambda$473/1618299733@dc18ceb] WARN  server.GrpcLogAppender (GrpcLogAppender.java:mayWait(143)) - GrpcLogAppender(03526247-f18f-4f7b-a613-7fcfcc785a52->9083b2e0-0d12-4690-bbcc-fa1831cb2877): Wait interrupted by java.lang.InterruptedException
2019-08-20 15:11:19,650 [main] INFO  impl.PendingRequests (PendingRequests.java:sendNotLeaderResponses(202)) - 03526247-f18f-4f7b-a613-7fcfcc785a52-PendingRequests: sendNotLeaderResponses
2019-08-20 15:11:19,652 [main] INFO  impl.StateMachineUpdater (StateMachineUpdater.java:stopAndJoin(115)) - StateMachineUpdater:03526247-f18f-4f7b-a613-7fcfcc785a52:group-55A78D3868F6: set stopIndex = 2
2019-08-20 15:11:19,652 [grpc-default-executor-11] INFO  server.GrpcServerProtocolService (GrpcServerProtocolService.java:onCompleted(104)) - a6df67c4-b90a-4dd0-8d2c-e48bbab8adc7: appendEntries completed
2019-08-20 15:11:19,652 [main] INFO  impl.RaftServerImpl (ServerState.java:close(394)) - 03526247-f18f-4f7b-a613-7fcfcc785a52:group-55A78D3868F6 closes. The last applied log index is 2
2019-08-20 15:11:19,653 [03526247-f18f-4f7b-a613-7fcfcc785a52-SegmentedRaftLogWorker:Storage Directory /workdir/hadoop-ozone/integration-test/target/test-dir/MiniOzoneClusterImpl-0ad89540-22db-434c-8df5-5baffcf642ae/datanode-6/data/ratis/a241723f-b005-4296-81e5-55a78d3868f6] INFO  segmented.SegmentedRaftLogWorker (SegmentedRaftLogWorker.java:run(313)) - 03526247-f18f-4f7b-a613-7fcfcc785a52-SegmentedRaftLogWorker:Storage Directory /workdir/hadoop-ozone/integration-test/target/test-dir/MiniOzoneClusterImpl-0ad89540-22db-434c-8df5-5baffcf642ae/datanode-6/data/ratis/a241723f-b005-4296-81e5-55a78d3868f6 was interrupted, exiting. There are 0 tasks remaining in the queue.
2019-08-20 15:11:19,653 [grpc-default-executor-11] INFO  server.GrpcLogAppender (GrpcLogAppender.java:onCompleted(292)) - 03526247-f18f-4f7b-a613-7fcfcc785a52->a6df67c4-b90a-4dd0-8d2c-e48bbab8adc7: follower responses appendEntries COMPLETED
2019-08-20 15:11:19,654 [main] INFO  segmented.SegmentedRaftLogWorker (SegmentedRaftLogWorker.java:close(228)) - 03526247-f18f-4f7b-a613-7fcfcc785a52-SegmentedRaftLogWorker:Storage Directory /workdir/hadoop-ozone/integration-test/target/test-dir/MiniOzoneClusterImpl-0ad89540-22db-434c-8df5-5baffcf642ae/datanode-6/data/ratis/a241723f-b005-4296-81e5-55a78d3868f6 close()
2019-08-20 15:11:19,657 [grpc-default-executor-11] INFO  impl.FollowerInfo (FollowerInfo.java:lambda$new$0(50)) - 03526247-f18f-4f7b-a613-7fcfcc785a52->a6df67c4-b90a-4dd0-8d2c-e48bbab8adc7: nextIndex: updateUnconditionally 3 -> 2
2019-08-20 15:11:19,662 [main] INFO  impl.RaftServerImpl (RaftServerImpl.java:lambda$shutdown$3(245)) - 03526247-f18f-4f7b-a613-7fcfcc785a52: shutdown group-22B12B17425C
2019-08-20 15:11:19,663 [main] INFO  util.JmxRegister (JmxRegister.java:unregister(73)) - Successfully un-registered JMX Bean with object name Ratis:service=RaftServer,group=group-22B12B17425C,id=03526247-f18f-4f7b-a613-7fcfcc785a52
2019-08-20 15:11:19,663 [main] INFO  impl.RoleInfo (RoleInfo.java:shutdownFollowerState(121)) - 03526247-f18f-4f7b-a613-7fcfcc785a52: shutdown FollowerState
2019-08-20 15:11:19,664 [main] INFO  impl.StateMachineUpdater (StateMachineUpdater.java:stopAndJoin(115)) - StateMachineUpdater:03526247-f18f-4f7b-a613-7fcfcc785a52:group-22B12B17425C: set stopIndex = 8
2019-08-20 15:11:19,664 [StateMachineUpdater:03526247-f18f-4f7b-a613-7fcfcc785a52:group-22B12B17425C] INFO  ratis.ContainerStateMachine (ContainerStateMachine.java:takeSnapshot(271)) - group-22B12B17425C: Taking a snapshot at:(t:1, i:5) file /workdir/hadoop-ozone/integration-test/target/test-dir/MiniOzoneClusterImpl-0ad89540-22db-434c-8df5-5baffcf642ae/datanode-6/data/ratis/ac29b5af-f1b5-4d49-9753-22b12b17425c/sm/snapshot.1_5
2019-08-20 15:11:19,664 [Thread-845] INFO  impl.FollowerState (FollowerState.java:run(114)) - 03526247-f18f-4f7b-a613-7fcfcc785a52: FollowerState was interrupted: java.lang.InterruptedException: sleep interrupted
2019-08-20 15:11:19,687 [StateMachineUpdater:03526247-f18f-4f7b-a613-7fcfcc785a52:group-22B12B17425C] INFO  ratis.ContainerStateMachine (ContainerStateMachine.java:takeSnapshot(282)) - group-22B12B17425C: Finished taking a snapshot at:(t:1, i:5) file:/workdir/hadoop-ozone/integration-test/target/test-dir/MiniOzoneClusterImpl-0ad89540-22db-434c-8df5-5baffcf642ae/datanode-6/data/ratis/ac29b5af-f1b5-4d49-9753-22b12b17425c/sm/snapshot.1_5 time:23
2019-08-20 15:11:19,687 [StateMachineUpdater:03526247-f18f-4f7b-a613-7fcfcc785a52:group-22B12B17425C] INFO  impl.StateMachineUpdater (StateMachineUpdater.java:takeSnapshot(242)) - StateMachineUpdater:03526247-f18f-4f7b-a613-7fcfcc785a52:group-22B12B17425C: Took a snapshot at index 5
2019-08-20 15:11:19,687 [StateMachineUpdater:03526247-f18f-4f7b-a613-7fcfcc785a52:group-22B12B17425C] INFO  impl.StateMachineUpdater (StateMachineUpdater.java:lambda$new$0(80)) - StateMachineUpdater:03526247-f18f-4f7b-a613-7fcfcc785a52:group-22B12B17425C: snapshotIndex: updateIncreasingly -1 -> 5
2019-08-20 15:11:19,688 [main] INFO  impl.RaftServerImpl (ServerState.java:close(394)) - 03526247-f18f-4f7b-a613-7fcfcc785a52:group-22B12B17425C closes. The last applied log index is 8
2019-08-20 15:11:19,688 [03526247-f18f-4f7b-a613-7fcfcc785a52-SegmentedRaftLogWorker:Storage Directory /workdir/hadoop-ozone/integration-test/target/test-dir/MiniOzoneClusterImpl-0ad89540-22db-434c-8df5-5baffcf642ae/datanode-6/data/ratis/ac29b5af-f1b5-4d49-9753-22b12b17425c] INFO  segmented.SegmentedRaftLogWorker (SegmentedRaftLogWorker.java:run(313)) - 03526247-f18f-4f7b-a613-7fcfcc785a52-SegmentedRaftLogWorker:Storage Directory /workdir/hadoop-ozone/integration-test/target/test-dir/MiniOzoneClusterImpl-0ad89540-22db-434c-8df5-5baffcf642ae/datanode-6/data/ratis/ac29b5af-f1b5-4d49-9753-22b12b17425c was interrupted, exiting. There are 0 tasks remaining in the queue.
2019-08-20 15:11:19,690 [main] INFO  segmented.SegmentedRaftLogWorker (SegmentedRaftLogWorker.java:close(228)) - 03526247-f18f-4f7b-a613-7fcfcc785a52-SegmentedRaftLogWorker:Storage Directory /workdir/hadoop-ozone/integration-test/target/test-dir/MiniOzoneClusterImpl-0ad89540-22db-434c-8df5-5baffcf642ae/datanode-6/data/ratis/ac29b5af-f1b5-4d49-9753-22b12b17425c close()
2019-08-20 15:11:19,692 [main] INFO  impl.RaftServerImpl (RaftServerImpl.java:lambda$shutdown$3(245)) - 03526247-f18f-4f7b-a613-7fcfcc785a52: shutdown group-A775791AA460
2019-08-20 15:11:19,692 [main] INFO  util.JmxRegister (JmxRegister.java:unregister(73)) - Successfully un-registered JMX Bean with object name Ratis:service=RaftServer,group=group-A775791AA460,id=03526247-f18f-4f7b-a613-7fcfcc785a52
2019-08-20 15:11:19,693 [main] INFO  impl.RoleInfo (RoleInfo.java:shutdownLeaderState(104)) - 03526247-f18f-4f7b-a613-7fcfcc785a52: shutdown LeaderState
2019-08-20 15:11:19,693 [main] INFO  impl.PendingRequests (PendingRequests.java:sendNotLeaderResponses(202)) - 03526247-f18f-4f7b-a613-7fcfcc785a52-PendingRequests: sendNotLeaderResponses
2019-08-20 15:11:19,693 [main] INFO  impl.StateMachineUpdater (StateMachineUpdater.java:stopAndJoin(115)) - StateMachineUpdater:03526247-f18f-4f7b-a613-7fcfcc785a52:group-A775791AA460: set stopIndex = 0
2019-08-20 15:11:19,693 [main] INFO  impl.RaftServerImpl (ServerState.java:close(394)) - 03526247-f18f-4f7b-a613-7fcfcc785a52:group-A775791AA460 closes. The last applied log index is 0
2019-08-20 15:11:19,694 [03526247-f18f-4f7b-a613-7fcfcc785a52-SegmentedRaftLogWorker:Storage Directory /workdir/hadoop-ozone/integration-test/target/test-dir/MiniOzoneClusterImpl-0ad89540-22db-434c-8df5-5baffcf642ae/datanode-6/data/ratis/f766518d-0344-4827-b0f9-a775791aa460] INFO  segmented.SegmentedRaftLogWorker (SegmentedRaftLogWorker.java:run(313)) - 03526247-f18f-4f7b-a613-7fcfcc785a52-SegmentedRaftLogWorker:Storage Directory /workdir/hadoop-ozone/integration-test/target/test-dir/MiniOzoneClusterImpl-0ad89540-22db-434c-8df5-5baffcf642ae/datanode-6/data/ratis/f766518d-0344-4827-b0f9-a775791aa460 was interrupted, exiting. There are 0 tasks remaining in the queue.
2019-08-20 15:11:19,695 [main] INFO  segmented.SegmentedRaftLogWorker (SegmentedRaftLogWorker.java:close(228)) - 03526247-f18f-4f7b-a613-7fcfcc785a52-SegmentedRaftLogWorker:Storage Directory /workdir/hadoop-ozone/integration-test/target/test-dir/MiniOzoneClusterImpl-0ad89540-22db-434c-8df5-5baffcf642ae/datanode-6/data/ratis/f766518d-0344-4827-b0f9-a775791aa460 close()
2019-08-20 15:11:19,697 [main] INFO  impl.RaftServerImpl (RaftServerImpl.java:lambda$shutdown$3(245)) - 03526247-f18f-4f7b-a613-7fcfcc785a52: shutdown group-4F1559E1E3EB
2019-08-20 15:11:19,697 [main] INFO  util.JmxRegister (JmxRegister.java:unregister(73)) - Successfully un-registered JMX Bean with object name Ratis:service=RaftServer,group=group-4F1559E1E3EB,id=03526247-f18f-4f7b-a613-7fcfcc785a52
2019-08-20 15:11:19,697 [main] INFO  impl.RoleInfo (RoleInfo.java:shutdownFollowerState(121)) - 03526247-f18f-4f7b-a613-7fcfcc785a52: shutdown FollowerState
2019-08-20 15:11:19,698 [main] INFO  impl.StateMachineUpdater (StateMachineUpdater.java:stopAndJoin(115)) - StateMachineUpdater:03526247-f18f-4f7b-a613-7fcfcc785a52:group-4F1559E1E3EB: set stopIndex = 0
2019-08-20 15:11:19,698 [Thread-871] INFO  impl.FollowerState (FollowerState.java:run(114)) - 03526247-f18f-4f7b-a613-7fcfcc785a52: FollowerState was interrupted: java.lang.InterruptedException: sleep interrupted
2019-08-20 15:11:19,698 [main] INFO  impl.RaftServerImpl (ServerState.java:close(394)) - 03526247-f18f-4f7b-a613-7fcfcc785a52:group-4F1559E1E3EB closes. The last applied log index is 0
2019-08-20 15:11:19,700 [03526247-f18f-4f7b-a613-7fcfcc785a52-SegmentedRaftLogWorker:Storage Directory /workdir/hadoop-ozone/integration-test/target/test-dir/MiniOzoneClusterImpl-0ad89540-22db-434c-8df5-5baffcf642ae/datanode-6/data/ratis/2563415a-99ad-4403-b246-4f1559e1e3eb] INFO  segmented.SegmentedRaftLogWorker (SegmentedRaftLogWorker.java:run(313)) - 03526247-f18f-4f7b-a613-7fcfcc785a52-SegmentedRaftLogWorker:Storage Directory /workdir/hadoop-ozone/integration-test/target/test-dir/MiniOzoneClusterImpl-0ad89540-22db-434c-8df5-5baffcf642ae/datanode-6/data/ratis/2563415a-99ad-4403-b246-4f1559e1e3eb was interrupted, exiting. There are 0 tasks remaining in the queue.
2019-08-20 15:11:19,701 [main] INFO  segmented.SegmentedRaftLogWorker (SegmentedRaftLogWorker.java:close(228)) - 03526247-f18f-4f7b-a613-7fcfcc785a52-SegmentedRaftLogWorker:Storage Directory /workdir/hadoop-ozone/integration-test/target/test-dir/MiniOzoneClusterImpl-0ad89540-22db-434c-8df5-5baffcf642ae/datanode-6/data/ratis/2563415a-99ad-4403-b246-4f1559e1e3eb close()
2019-08-20 15:11:19,702 [main] INFO  server.GrpcService (GrpcService.java:closeImpl(155)) - 03526247-f18f-4f7b-a613-7fcfcc785a52: shutdown server with port 40286 now
2019-08-20 15:11:19,703 [main] INFO  server.GrpcService (GrpcService.java:closeImpl(163)) - 03526247-f18f-4f7b-a613-7fcfcc785a52: shutdown server with port 40286 successfully
2019-08-20 15:11:19,704 [main] INFO  utils.BackgroundService (BackgroundService.java:shutdown(148)) - Shutting down service BlockDeletingService
2019-08-20 15:11:19,705 [refreshUsed-/workdir/hadoop-ozone/integration-test/target/test-dir/MiniOzoneClusterImpl-0ad89540-22db-434c-8df5-5baffcf642ae/datanode-6/data/containers] WARN  fs.CachingGetSpaceUsed (CachingGetSpaceUsed.java:run(183)) - Thread Interrupted waiting to refresh disk information: sleep interrupted
2019-08-20 15:11:19,718 [main] INFO  statemachine.DatanodeStateMachine (DatanodeStateMachine.java:stopDaemon(395)) - Ozone container server stopped.
2019-08-20 15:11:19,719 [main] INFO  handler.ContextHandler (ContextHandler.java:doStop(910)) - Stopped o.e.j.w.WebAppContext@215a0264{/,null,UNAVAILABLE}{/hddsDatanode}
2019-08-20 15:11:19,719 [main] INFO  server.AbstractConnector (AbstractConnector.java:doStop(318)) - Stopped ServerConnector@45832b85{HTTP/1.1,[http/1.1]}{0.0.0.0:0}
2019-08-20 15:11:19,720 [main] INFO  handler.ContextHandler (ContextHandler.java:doStop(910)) - Stopped o.e.j.s.ServletContextHandler@7e94de5f{/static,jar:file:/home/user/.m2/repository/org/apache/hadoop/hadoop-hdds-container-service/0.5.0-SNAPSHOT/hadoop-hdds-container-service-0.5.0-SNAPSHOT.jar!/webapps/static,UNAVAILABLE}
2019-08-20 15:11:19,720 [main] INFO  handler.ContextHandler (ContextHandler.java:doStop(910)) - Stopped o.e.j.s.ServletContextHandler@575d48db{/logs,file:///workdir/hadoop-ozone/integration-test/target/log,UNAVAILABLE}
2019-08-20 15:11:19,721 [main] INFO  datanode.ObjectStoreHandler (ObjectStoreHandler.java:close(155)) - Closing ObjectStoreHandler.
2019-08-20 15:11:19,721 [main] INFO  ozone.HddsDatanodeService (HddsDatanodeService.java:stop(451)) - Stopped plug-in org.apache.hadoop.ozone.web.OzoneHddsDatanodeService@7323c38c
2019-08-20 15:11:19,834 [Datanode State Machine Thread - 0] INFO  statemachine.DatanodeStateMachine (DatanodeStateMachine.java:lambda$startDaemon$0(350)) - Ozone container server started.
2019-08-20 15:11:19,859 [ForkJoinPool.commonPool-worker-1] INFO  ozoneimpl.OzoneContainer (OzoneContainer.java:stop(199)) - Attempting to stop container services.
2019-08-20 15:11:19,860 [ForkJoinPool.commonPool-worker-1] INFO  impl.RaftServerProxy (RaftServerProxy.java:lambda$close$4(314)) - fd4686f9-7c1a-4a65-a533-eb8353642aca: close
2019-08-20 15:11:19,860 [ForkJoinPool.commonPool-worker-1] INFO  impl.RaftServerImpl (RaftServerImpl.java:lambda$shutdown$3(245)) - fd4686f9-7c1a-4a65-a533-eb8353642aca: shutdown group-AB6BBA3F4490
2019-08-20 15:11:19,860 [ForkJoinPool.commonPool-worker-1] INFO  util.JmxRegister (JmxRegister.java:unregister(73)) - Successfully un-registered JMX Bean with object name Ratis:service=RaftServer,group=group-AB6BBA3F4490,id=fd4686f9-7c1a-4a65-a533-eb8353642aca
2019-08-20 15:11:19,860 [ForkJoinPool.commonPool-worker-1] INFO  impl.RoleInfo (RoleInfo.java:shutdownLeaderState(104)) - fd4686f9-7c1a-4a65-a533-eb8353642aca: shutdown LeaderState
2019-08-20 15:11:19,861 [ForkJoinPool.commonPool-worker-1] INFO  impl.PendingRequests (PendingRequests.java:sendNotLeaderResponses(202)) - fd4686f9-7c1a-4a65-a533-eb8353642aca-PendingRequests: sendNotLeaderResponses
2019-08-20 15:11:19,861 [ForkJoinPool.commonPool-worker-1] INFO  impl.StateMachineUpdater (StateMachineUpdater.java:stopAndJoin(115)) - StateMachineUpdater:fd4686f9-7c1a-4a65-a533-eb8353642aca:group-AB6BBA3F4490: set stopIndex = 0
2019-08-20 15:11:19,861 [ForkJoinPool.commonPool-worker-1] INFO  impl.RaftServerImpl (ServerState.java:close(394)) - fd4686f9-7c1a-4a65-a533-eb8353642aca:group-AB6BBA3F4490 closes. The last applied log index is 0
2019-08-20 15:11:19,862 [fd4686f9-7c1a-4a65-a533-eb8353642aca-SegmentedRaftLogWorker:Storage Directory /workdir/hadoop-ozone/integration-test/target/test-dir/MiniOzoneClusterImpl-0ad89540-22db-434c-8df5-5baffcf642ae/datanode-0/data/ratis/231f1bb1-e668-4eee-bd8c-ab6bba3f4490] INFO  segmented.SegmentedRaftLogWorker (SegmentedRaftLogWorker.java:run(313)) - fd4686f9-7c1a-4a65-a533-eb8353642aca-SegmentedRaftLogWorker:Storage Directory /workdir/hadoop-ozone/integration-test/target/test-dir/MiniOzoneClusterImpl-0ad89540-22db-434c-8df5-5baffcf642ae/datanode-0/data/ratis/231f1bb1-e668-4eee-bd8c-ab6bba3f4490 was interrupted, exiting. There are 0 tasks remaining in the queue.
2019-08-20 15:11:19,864 [ForkJoinPool.commonPool-worker-1] INFO  segmented.SegmentedRaftLogWorker (SegmentedRaftLogWorker.java:close(228)) - fd4686f9-7c1a-4a65-a533-eb8353642aca-SegmentedRaftLogWorker:Storage Directory /workdir/hadoop-ozone/integration-test/target/test-dir/MiniOzoneClusterImpl-0ad89540-22db-434c-8df5-5baffcf642ae/datanode-0/data/ratis/231f1bb1-e668-4eee-bd8c-ab6bba3f4490 close()
2019-08-20 15:11:19,865 [ForkJoinPool.commonPool-worker-1] INFO  server.GrpcService (GrpcService.java:closeImpl(155)) - fd4686f9-7c1a-4a65-a533-eb8353642aca: shutdown server with port 42707 now
2019-08-20 15:11:19,867 [ForkJoinPool.commonPool-worker-1] INFO  server.GrpcService (GrpcService.java:closeImpl(163)) - fd4686f9-7c1a-4a65-a533-eb8353642aca: shutdown server with port 42707 successfully
2019-08-20 15:11:19,868 [ForkJoinPool.commonPool-worker-1] INFO  utils.BackgroundService (BackgroundService.java:shutdown(148)) - Shutting down service BlockDeletingService
2019-08-20 15:11:19,869 [refreshUsed-/workdir/hadoop-ozone/integration-test/target/test-dir/MiniOzoneClusterImpl-0ad89540-22db-434c-8df5-5baffcf642ae/datanode-0/data/containers] WARN  fs.CachingGetSpaceUsed (CachingGetSpaceUsed.java:run(183)) - Thread Interrupted waiting to refresh disk information: sleep interrupted
2019-08-20 15:11:19,886 [ForkJoinPool.commonPool-worker-1] INFO  statemachine.DatanodeStateMachine (DatanodeStateMachine.java:stopDaemon(395)) - Ozone container server stopped.
2019-08-20 15:11:19,889 [ForkJoinPool.commonPool-worker-1] INFO  handler.ContextHandler (ContextHandler.java:doStop(910)) - Stopped o.e.j.w.WebAppContext@352e5a82{/,null,UNAVAILABLE}{/hddsDatanode}
2019-08-20 15:11:19,890 [ForkJoinPool.commonPool-worker-1] INFO  server.AbstractConnector (AbstractConnector.java:doStop(318)) - Stopped ServerConnector@315b5913{HTTP/1.1,[http/1.1]}{0.0.0.0:0}
2019-08-20 15:11:19,891 [ForkJoinPool.commonPool-worker-1] INFO  handler.ContextHandler (ContextHandler.java:doStop(910)) - Stopped o.e.j.s.ServletContextHandler@68a426c3{/static,jar:file:/home/user/.m2/repository/org/apache/hadoop/hadoop-hdds-container-service/0.5.0-SNAPSHOT/hadoop-hdds-container-service-0.5.0-SNAPSHOT.jar!/webapps/static,UNAVAILABLE}
2019-08-20 15:11:19,892 [ForkJoinPool.commonPool-worker-1] INFO  handler.ContextHandler (ContextHandler.java:doStop(910)) - Stopped o.e.j.s.ServletContextHandler@2e349cf2{/logs,file:///workdir/hadoop-ozone/integration-test/target/log,UNAVAILABLE}
2019-08-20 15:11:22,078 [Thread-857] INFO  impl.FollowerState (FollowerState.java:run(106)) - a6df67c4-b90a-4dd0-8d2c-e48bbab8adc7:group-4F1559E1E3EB changes to CANDIDATE, lastRpcTime:7658, electionTimeout:5177ms
2019-08-20 15:11:22,079 [Thread-857] INFO  impl.RoleInfo (RoleInfo.java:shutdownFollowerState(121)) - a6df67c4-b90a-4dd0-8d2c-e48bbab8adc7: shutdown FollowerState
2019-08-20 15:11:22,079 [Thread-857] INFO  impl.RaftServerImpl (RaftServerImpl.java:setRole(171)) - a6df67c4-b90a-4dd0-8d2c-e48bbab8adc7:group-4F1559E1E3EB changes role from FOLLOWER to CANDIDATE at term 1 for changeToCandidate
2019-08-20 15:11:22,079 [Thread-857] INFO  impl.RoleInfo (RoleInfo.java:updateAndGet(143)) - a6df67c4-b90a-4dd0-8d2c-e48bbab8adc7: start LeaderElection
2019-08-20 15:11:22,081 [a6df67c4-b90a-4dd0-8d2c-e48bbab8adc7:group-4F1559E1E3EB:LeaderElection32] INFO  impl.RaftServerImpl (ServerState.java:setLeader(263)) - a6df67c4-b90a-4dd0-8d2c-e48bbab8adc7:group-4F1559E1E3EB change Leader from 9083b2e0-0d12-4690-bbcc-fa1831cb2877 to null at term 1 for initElection
2019-08-20 15:11:22,104 [a6df67c4-b90a-4dd0-8d2c-e48bbab8adc7:group-4F1559E1E3EB:LeaderElection32] INFO  impl.LeaderElection (LeaderElection.java:askForVotes(181)) - a6df67c4-b90a-4dd0-8d2c-e48bbab8adc7:group-4F1559E1E3EB:LeaderElection32: begin an election at term 2 for 0: [03526247-f18f-4f7b-a613-7fcfcc785a52:192.168.36.99:40286, a6df67c4-b90a-4dd0-8d2c-e48bbab8adc7:192.168.36.99:39930, 9083b2e0-0d12-4690-bbcc-fa1831cb2877:192.168.36.99:43356], old=null
2019-08-20 15:11:22,107 [a6df67c4-b90a-4dd0-8d2c-e48bbab8adc7:group-4F1559E1E3EB:LeaderElection32] INFO  impl.LeaderElection (LogUtils.java:infoOrTrace(149)) - a6df67c4-b90a-4dd0-8d2c-e48bbab8adc7:group-4F1559E1E3EB:LeaderElection32 got exception when requesting votes: {}
java.util.concurrent.ExecutionException: org.apache.ratis.thirdparty.io.grpc.StatusRuntimeException: UNAVAILABLE: io exception
	at java.util.concurrent.FutureTask.report(FutureTask.java:122)
	at java.util.concurrent.FutureTask.get(FutureTask.java:192)
	at org.apache.ratis.server.impl.LeaderElection.waitForResults(LeaderElection.java:262)
	at org.apache.ratis.server.impl.LeaderElection.askForVotes(LeaderElection.java:200)
	at org.apache.ratis.server.impl.LeaderElection.run(LeaderElection.java:130)
	at java.lang.Thread.run(Thread.java:748)
Caused by: org.apache.ratis.thirdparty.io.grpc.StatusRuntimeException: UNAVAILABLE: io exception
	at org.apache.ratis.thirdparty.io.grpc.stub.ClientCalls.toStatusRuntimeException(ClientCalls.java:233)
	at org.apache.ratis.thirdparty.io.grpc.stub.ClientCalls.getUnchecked(ClientCalls.java:214)
	at org.apache.ratis.thirdparty.io.grpc.stub.ClientCalls.blockingUnaryCall(ClientCalls.java:139)
	at org.apache.ratis.proto.grpc.RaftServerProtocolServiceGrpc$RaftServerProtocolServiceBlockingStub.requestVote(RaftServerProtocolServiceGrpc.java:265)
	at org.apache.ratis.grpc.server.GrpcServerProtocolClient.requestVote(GrpcServerProtocolClient.java:83)
	at org.apache.ratis.grpc.server.GrpcService.requestVote(GrpcService.java:195)
	at org.apache.ratis.server.impl.LeaderElection.lambda$submitRequests$1(LeaderElection.java:237)
	at java.util.concurrent.FutureTask.run(FutureTask.java:266)
	at java.util.concurrent.Executors$RunnableAdapter.call(Executors.java:511)
	at java.util.concurrent.FutureTask.run(FutureTask.java:266)
	at java.util.concurrent.ThreadPoolExecutor.runWorker(ThreadPoolExecutor.java:1149)
	at java.util.concurrent.ThreadPoolExecutor$Worker.run(ThreadPoolExecutor.java:624)
	... 1 more
Caused by: org.apache.ratis.thirdparty.io.netty.channel.AbstractChannel$AnnotatedConnectException: Connection refused: /192.168.36.99:43356
	at sun.nio.ch.SocketChannelImpl.checkConnect(Native Method)
	at sun.nio.ch.SocketChannelImpl.finishConnect(SocketChannelImpl.java:717)
	at org.apache.ratis.thirdparty.io.netty.channel.socket.nio.NioSocketChannel.doFinishConnect(NioSocketChannel.java:327)
	at org.apache.ratis.thirdparty.io.netty.channel.nio.AbstractNioChannel$AbstractNioUnsafe.finishConnect(AbstractNioChannel.java:340)
	at org.apache.ratis.thirdparty.io.netty.channel.nio.NioEventLoop.processSelectedKey(NioEventLoop.java:632)
	at org.apache.ratis.thirdparty.io.netty.channel.nio.NioEventLoop.processSelectedKeysOptimized(NioEventLoop.java:579)
	at org.apache.ratis.thirdparty.io.netty.channel.nio.NioEventLoop.processSelectedKeys(NioEventLoop.java:496)
	at org.apache.ratis.thirdparty.io.netty.channel.nio.NioEventLoop.run(NioEventLoop.java:458)
	at org.apache.ratis.thirdparty.io.netty.util.concurrent.SingleThreadEventExecutor$5.run(SingleThreadEventExecutor.java:897)
	at org.apache.ratis.thirdparty.io.netty.util.concurrent.FastThreadLocalRunnable.run(FastThreadLocalRunnable.java:30)
	... 1 more
Caused by: java.net.ConnectException: Connection refused
	... 11 more
2019-08-20 15:11:22,109 [a6df67c4-b90a-4dd0-8d2c-e48bbab8adc7:group-4F1559E1E3EB:LeaderElection32] INFO  impl.LeaderElection (LogUtils.java:infoOrTrace(149)) - a6df67c4-b90a-4dd0-8d2c-e48bbab8adc7:group-4F1559E1E3EB:LeaderElection32 got exception when requesting votes: {}
java.util.concurrent.ExecutionException: org.apache.ratis.thirdparty.io.grpc.StatusRuntimeException: UNAVAILABLE: io exception
	at java.util.concurrent.FutureTask.report(FutureTask.java:122)
	at java.util.concurrent.FutureTask.get(FutureTask.java:192)
	at org.apache.ratis.server.impl.LeaderElection.waitForResults(LeaderElection.java:262)
	at org.apache.ratis.server.impl.LeaderElection.askForVotes(LeaderElection.java:200)
	at org.apache.ratis.server.impl.LeaderElection.run(LeaderElection.java:130)
	at java.lang.Thread.run(Thread.java:748)
Caused by: org.apache.ratis.thirdparty.io.grpc.StatusRuntimeException: UNAVAILABLE: io exception
	at org.apache.ratis.thirdparty.io.grpc.stub.ClientCalls.toStatusRuntimeException(ClientCalls.java:233)
	at org.apache.ratis.thirdparty.io.grpc.stub.ClientCalls.getUnchecked(ClientCalls.java:214)
	at org.apache.ratis.thirdparty.io.grpc.stub.ClientCalls.blockingUnaryCall(ClientCalls.java:139)
	at org.apache.ratis.proto.grpc.RaftServerProtocolServiceGrpc$RaftServerProtocolServiceBlockingStub.requestVote(RaftServerProtocolServiceGrpc.java:265)
	at org.apache.ratis.grpc.server.GrpcServerProtocolClient.requestVote(GrpcServerProtocolClient.java:83)
	at org.apache.ratis.grpc.server.GrpcService.requestVote(GrpcService.java:195)
	at org.apache.ratis.server.impl.LeaderElection.lambda$submitRequests$1(LeaderElection.java:237)
	at java.util.concurrent.FutureTask.run(FutureTask.java:266)
	at java.util.concurrent.Executors$RunnableAdapter.call(Executors.java:511)
	at java.util.concurrent.FutureTask.run(FutureTask.java:266)
	at java.util.concurrent.ThreadPoolExecutor.runWorker(ThreadPoolExecutor.java:1149)
	at java.util.concurrent.ThreadPoolExecutor$Worker.run(ThreadPoolExecutor.java:624)
	... 1 more
Caused by: org.apache.ratis.thirdparty.io.netty.channel.AbstractChannel$AnnotatedConnectException: Connection refused: /192.168.36.99:40286
	at sun.nio.ch.SocketChannelImpl.checkConnect(Native Method)
	at sun.nio.ch.SocketChannelImpl.finishConnect(SocketChannelImpl.java:717)
	at org.apache.ratis.thirdparty.io.netty.channel.socket.nio.NioSocketChannel.doFinishConnect(NioSocketChannel.java:327)
	at org.apache.ratis.thirdparty.io.netty.channel.nio.AbstractNioChannel$AbstractNioUnsafe.finishConnect(AbstractNioChannel.java:340)
	at org.apache.ratis.thirdparty.io.netty.channel.nio.NioEventLoop.processSelectedKey(NioEventLoop.java:632)
	at org.apache.ratis.thirdparty.io.netty.channel.nio.NioEventLoop.processSelectedKeysOptimized(NioEventLoop.java:579)
	at org.apache.ratis.thirdparty.io.netty.channel.nio.NioEventLoop.processSelectedKeys(NioEventLoop.java:496)
	at org.apache.ratis.thirdparty.io.netty.channel.nio.NioEventLoop.run(NioEventLoop.java:458)
	at org.apache.ratis.thirdparty.io.netty.util.concurrent.SingleThreadEventExecutor$5.run(SingleThreadEventExecutor.java:897)
	at org.apache.ratis.thirdparty.io.netty.util.concurrent.FastThreadLocalRunnable.run(FastThreadLocalRunnable.java:30)
	... 1 more
Caused by: java.net.ConnectException: Connection refused
	... 11 more
2019-08-20 15:11:22,111 [a6df67c4-b90a-4dd0-8d2c-e48bbab8adc7:group-4F1559E1E3EB:LeaderElection32] INFO  impl.LeaderElection (LeaderElection.java:logAndReturn(56)) - a6df67c4-b90a-4dd0-8d2c-e48bbab8adc7:group-4F1559E1E3EB:LeaderElection32: Election REJECTED; received 0 response(s) [] and 2 exception(s); a6df67c4-b90a-4dd0-8d2c-e48bbab8adc7:t2, leader=null, voted=a6df67c4-b90a-4dd0-8d2c-e48bbab8adc7, raftlog=a6df67c4-b90a-4dd0-8d2c-e48bbab8adc7-SegmentedRaftLog:OPENED:c0,f0,i0, conf=0: [03526247-f18f-4f7b-a613-7fcfcc785a52:192.168.36.99:40286, a6df67c4-b90a-4dd0-8d2c-e48bbab8adc7:192.168.36.99:39930, 9083b2e0-0d12-4690-bbcc-fa1831cb2877:192.168.36.99:43356], old=null
2019-08-20 15:11:22,111 [a6df67c4-b90a-4dd0-8d2c-e48bbab8adc7:group-4F1559E1E3EB:LeaderElection32] INFO  impl.LeaderElection (LogUtils.java:infoOrTrace(149)) -   Exception 0: {}
java.util.concurrent.ExecutionException: org.apache.ratis.thirdparty.io.grpc.StatusRuntimeException: UNAVAILABLE: io exception
	at java.util.concurrent.FutureTask.report(FutureTask.java:122)
	at java.util.concurrent.FutureTask.get(FutureTask.java:192)
	at org.apache.ratis.server.impl.LeaderElection.waitForResults(LeaderElection.java:262)
	at org.apache.ratis.server.impl.LeaderElection.askForVotes(LeaderElection.java:200)
	at org.apache.ratis.server.impl.LeaderElection.run(LeaderElection.java:130)
	at java.lang.Thread.run(Thread.java:748)
Caused by: org.apache.ratis.thirdparty.io.grpc.StatusRuntimeException: UNAVAILABLE: io exception
	at org.apache.ratis.thirdparty.io.grpc.stub.ClientCalls.toStatusRuntimeException(ClientCalls.java:233)
	at org.apache.ratis.thirdparty.io.grpc.stub.ClientCalls.getUnchecked(ClientCalls.java:214)
	at org.apache.ratis.thirdparty.io.grpc.stub.ClientCalls.blockingUnaryCall(ClientCalls.java:139)
	at org.apache.ratis.proto.grpc.RaftServerProtocolServiceGrpc$RaftServerProtocolServiceBlockingStub.requestVote(RaftServerProtocolServiceGrpc.java:265)
	at org.apache.ratis.grpc.server.GrpcServerProtocolClient.requestVote(GrpcServerProtocolClient.java:83)
	at org.apache.ratis.grpc.server.GrpcService.requestVote(GrpcService.java:195)
	at org.apache.ratis.server.impl.LeaderElection.lambda$submitRequests$1(LeaderElection.java:237)
	at java.util.concurrent.FutureTask.run(FutureTask.java:266)
	at java.util.concurrent.Executors$RunnableAdapter.call(Executors.java:511)
	at java.util.concurrent.FutureTask.run(FutureTask.java:266)
	at java.util.concurrent.ThreadPoolExecutor.runWorker(ThreadPoolExecutor.java:1149)
	at java.util.concurrent.ThreadPoolExecutor$Worker.run(ThreadPoolExecutor.java:624)
	... 1 more
Caused by: org.apache.ratis.thirdparty.io.netty.channel.AbstractChannel$AnnotatedConnectException: Connection refused: /192.168.36.99:43356
	at sun.nio.ch.SocketChannelImpl.checkConnect(Native Method)
	at sun.nio.ch.SocketChannelImpl.finishConnect(SocketChannelImpl.java:717)
	at org.apache.ratis.thirdparty.io.netty.channel.socket.nio.NioSocketChannel.doFinishConnect(NioSocketChannel.java:327)
	at org.apache.ratis.thirdparty.io.netty.channel.nio.AbstractNioChannel$AbstractNioUnsafe.finishConnect(AbstractNioChannel.java:340)
	at org.apache.ratis.thirdparty.io.netty.channel.nio.NioEventLoop.processSelectedKey(NioEventLoop.java:632)
	at org.apache.ratis.thirdparty.io.netty.channel.nio.NioEventLoop.processSelectedKeysOptimized(NioEventLoop.java:579)
	at org.apache.ratis.thirdparty.io.netty.channel.nio.NioEventLoop.processSelectedKeys(NioEventLoop.java:496)
	at org.apache.ratis.thirdparty.io.netty.channel.nio.NioEventLoop.run(NioEventLoop.java:458)
	at org.apache.ratis.thirdparty.io.netty.util.concurrent.SingleThreadEventExecutor$5.run(SingleThreadEventExecutor.java:897)
	at org.apache.ratis.thirdparty.io.netty.util.concurrent.FastThreadLocalRunnable.run(FastThreadLocalRunnable.java:30)
	... 1 more
Caused by: java.net.ConnectException: Connection refused
	... 11 more
2019-08-20 15:11:22,112 [a6df67c4-b90a-4dd0-8d2c-e48bbab8adc7:group-4F1559E1E3EB:LeaderElection32] INFO  impl.LeaderElection (LogUtils.java:infoOrTrace(149)) -   Exception 1: {}
java.util.concurrent.ExecutionException: org.apache.ratis.thirdparty.io.grpc.StatusRuntimeException: UNAVAILABLE: io exception
	at java.util.concurrent.FutureTask.report(FutureTask.java:122)
	at java.util.concurrent.FutureTask.get(FutureTask.java:192)
	at org.apache.ratis.server.impl.LeaderElection.waitForResults(LeaderElection.java:262)
	at org.apache.ratis.server.impl.LeaderElection.askForVotes(LeaderElection.java:200)
	at org.apache.ratis.server.impl.LeaderElection.run(LeaderElection.java:130)
	at java.lang.Thread.run(Thread.java:748)
Caused by: org.apache.ratis.thirdparty.io.grpc.StatusRuntimeException: UNAVAILABLE: io exception
	at org.apache.ratis.thirdparty.io.grpc.stub.ClientCalls.toStatusRuntimeException(ClientCalls.java:233)
	at org.apache.ratis.thirdparty.io.grpc.stub.ClientCalls.getUnchecked(ClientCalls.java:214)
	at org.apache.ratis.thirdparty.io.grpc.stub.ClientCalls.blockingUnaryCall(ClientCalls.java:139)
	at org.apache.ratis.proto.grpc.RaftServerProtocolServiceGrpc$RaftServerProtocolServiceBlockingStub.requestVote(RaftServerProtocolServiceGrpc.java:265)
	at org.apache.ratis.grpc.server.GrpcServerProtocolClient.requestVote(GrpcServerProtocolClient.java:83)
	at org.apache.ratis.grpc.server.GrpcService.requestVote(GrpcService.java:195)
	at org.apache.ratis.server.impl.LeaderElection.lambda$submitRequests$1(LeaderElection.java:237)
	at java.util.concurrent.FutureTask.run(FutureTask.java:266)
	at java.util.concurrent.Executors$RunnableAdapter.call(Executors.java:511)
	at java.util.concurrent.FutureTask.run(FutureTask.java:266)
	at java.util.concurrent.ThreadPoolExecutor.runWorker(ThreadPoolExecutor.java:1149)
	at java.util.concurrent.ThreadPoolExecutor$Worker.run(ThreadPoolExecutor.java:624)
	... 1 more
Caused by: org.apache.ratis.thirdparty.io.netty.channel.AbstractChannel$AnnotatedConnectException: Connection refused: /192.168.36.99:40286
	at sun.nio.ch.SocketChannelImpl.checkConnect(Native Method)
	at sun.nio.ch.SocketChannelImpl.finishConnect(SocketChannelImpl.java:717)
	at org.apache.ratis.thirdparty.io.netty.channel.socket.nio.NioSocketChannel.doFinishConnect(NioSocketChannel.java:327)
	at org.apache.ratis.thirdparty.io.netty.channel.nio.AbstractNioChannel$AbstractNioUnsafe.finishConnect(AbstractNioChannel.java:340)
	at org.apache.ratis.thirdparty.io.netty.channel.nio.NioEventLoop.processSelectedKey(NioEventLoop.java:632)
	at org.apache.ratis.thirdparty.io.netty.channel.nio.NioEventLoop.processSelectedKeysOptimized(NioEventLoop.java:579)
	at org.apache.ratis.thirdparty.io.netty.channel.nio.NioEventLoop.processSelectedKeys(NioEventLoop.java:496)
	at org.apache.ratis.thirdparty.io.netty.channel.nio.NioEventLoop.run(NioEventLoop.java:458)
	at org.apache.ratis.thirdparty.io.netty.util.concurrent.SingleThreadEventExecutor$5.run(SingleThreadEventExecutor.java:897)
	at org.apache.ratis.thirdparty.io.netty.util.concurrent.FastThreadLocalRunnable.run(FastThreadLocalRunnable.java:30)
	... 1 more
Caused by: java.net.ConnectException: Connection refused
	... 11 more
2019-08-20 15:11:22,112 [a6df67c4-b90a-4dd0-8d2c-e48bbab8adc7:group-4F1559E1E3EB:LeaderElection32] INFO  impl.RaftServerImpl (RaftServerImpl.java:setRole(171)) - a6df67c4-b90a-4dd0-8d2c-e48bbab8adc7:group-4F1559E1E3EB changes role from CANDIDATE to FOLLOWER at term 2 for DISCOVERED_A_NEW_TERM
2019-08-20 15:11:22,112 [a6df67c4-b90a-4dd0-8d2c-e48bbab8adc7:group-4F1559E1E3EB:LeaderElection32] INFO  impl.RoleInfo (RoleInfo.java:shutdownLeaderElection(134)) - a6df67c4-b90a-4dd0-8d2c-e48bbab8adc7: shutdown LeaderElection
2019-08-20 15:11:22,112 [a6df67c4-b90a-4dd0-8d2c-e48bbab8adc7:group-4F1559E1E3EB:LeaderElection32] INFO  impl.RoleInfo (RoleInfo.java:updateAndGet(143)) - a6df67c4-b90a-4dd0-8d2c-e48bbab8adc7: start FollowerState
2019-08-20 15:11:22,232 [Thread-873] INFO  impl.FollowerState (FollowerState.java:run(106)) - a6df67c4-b90a-4dd0-8d2c-e48bbab8adc7:group-22B12B17425C changes to CANDIDATE, lastRpcTime:8379, electionTimeout:5165ms
2019-08-20 15:11:22,233 [Thread-873] INFO  impl.RoleInfo (RoleInfo.java:shutdownFollowerState(121)) - a6df67c4-b90a-4dd0-8d2c-e48bbab8adc7: shutdown FollowerState
2019-08-20 15:11:22,233 [Thread-873] INFO  impl.RaftServerImpl (RaftServerImpl.java:setRole(171)) - a6df67c4-b90a-4dd0-8d2c-e48bbab8adc7:group-22B12B17425C changes role from FOLLOWER to CANDIDATE at term 1 for changeToCandidate
2019-08-20 15:11:22,233 [Thread-873] INFO  impl.RoleInfo (RoleInfo.java:updateAndGet(143)) - a6df67c4-b90a-4dd0-8d2c-e48bbab8adc7: start LeaderElection
2019-08-20 15:11:22,235 [a6df67c4-b90a-4dd0-8d2c-e48bbab8adc7:group-22B12B17425C:LeaderElection33] INFO  impl.RaftServerImpl (ServerState.java:setLeader(263)) - a6df67c4-b90a-4dd0-8d2c-e48bbab8adc7:group-22B12B17425C change Leader from 9083b2e0-0d12-4690-bbcc-fa1831cb2877 to null at term 1 for initElection
2019-08-20 15:11:22,280 [a6df67c4-b90a-4dd0-8d2c-e48bbab8adc7:group-22B12B17425C:LeaderElection33] INFO  impl.LeaderElection (LeaderElection.java:askForVotes(181)) - a6df67c4-b90a-4dd0-8d2c-e48bbab8adc7:group-22B12B17425C:LeaderElection33: begin an election at term 2 for 0: [03526247-f18f-4f7b-a613-7fcfcc785a52:192.168.36.99:40286, a6df67c4-b90a-4dd0-8d2c-e48bbab8adc7:192.168.36.99:39930, 9083b2e0-0d12-4690-bbcc-fa1831cb2877:192.168.36.99:43356], old=null
2019-08-20 15:11:22,281 [a6df67c4-b90a-4dd0-8d2c-e48bbab8adc7:group-22B12B17425C:LeaderElection33] INFO  impl.LeaderElection (LogUtils.java:infoOrTrace(149)) - a6df67c4-b90a-4dd0-8d2c-e48bbab8adc7:group-22B12B17425C:LeaderElection33 got exception when requesting votes: {}
java.util.concurrent.ExecutionException: org.apache.ratis.thirdparty.io.grpc.StatusRuntimeException: UNAVAILABLE: io exception
	at java.util.concurrent.FutureTask.report(FutureTask.java:122)
	at java.util.concurrent.FutureTask.get(FutureTask.java:192)
	at org.apache.ratis.server.impl.LeaderElection.waitForResults(LeaderElection.java:262)
	at org.apache.ratis.server.impl.LeaderElection.askForVotes(LeaderElection.java:200)
	at org.apache.ratis.server.impl.LeaderElection.run(LeaderElection.java:130)
	at java.lang.Thread.run(Thread.java:748)
Caused by: org.apache.ratis.thirdparty.io.grpc.StatusRuntimeException: UNAVAILABLE: io exception
	at org.apache.ratis.thirdparty.io.grpc.stub.ClientCalls.toStatusRuntimeException(ClientCalls.java:233)
	at org.apache.ratis.thirdparty.io.grpc.stub.ClientCalls.getUnchecked(ClientCalls.java:214)
	at org.apache.ratis.thirdparty.io.grpc.stub.ClientCalls.blockingUnaryCall(ClientCalls.java:139)
	at org.apache.ratis.proto.grpc.RaftServerProtocolServiceGrpc$RaftServerProtocolServiceBlockingStub.requestVote(RaftServerProtocolServiceGrpc.java:265)
	at org.apache.ratis.grpc.server.GrpcServerProtocolClient.requestVote(GrpcServerProtocolClient.java:83)
	at org.apache.ratis.grpc.server.GrpcService.requestVote(GrpcService.java:195)
	at org.apache.ratis.server.impl.LeaderElection.lambda$submitRequests$1(LeaderElection.java:237)
	at java.util.concurrent.FutureTask.run(FutureTask.java:266)
	at java.util.concurrent.Executors$RunnableAdapter.call(Executors.java:511)
	at java.util.concurrent.FutureTask.run(FutureTask.java:266)
	at java.util.concurrent.ThreadPoolExecutor.runWorker(ThreadPoolExecutor.java:1149)
	at java.util.concurrent.ThreadPoolExecutor$Worker.run(ThreadPoolExecutor.java:624)
	... 1 more
Caused by: org.apache.ratis.thirdparty.io.netty.channel.AbstractChannel$AnnotatedConnectException: Connection refused: /192.168.36.99:40286
	at sun.nio.ch.SocketChannelImpl.checkConnect(Native Method)
	at sun.nio.ch.SocketChannelImpl.finishConnect(SocketChannelImpl.java:717)
	at org.apache.ratis.thirdparty.io.netty.channel.socket.nio.NioSocketChannel.doFinishConnect(NioSocketChannel.java:327)
	at org.apache.ratis.thirdparty.io.netty.channel.nio.AbstractNioChannel$AbstractNioUnsafe.finishConnect(AbstractNioChannel.java:340)
	at org.apache.ratis.thirdparty.io.netty.channel.nio.NioEventLoop.processSelectedKey(NioEventLoop.java:632)
	at org.apache.ratis.thirdparty.io.netty.channel.nio.NioEventLoop.processSelectedKeysOptimized(NioEventLoop.java:579)
	at org.apache.ratis.thirdparty.io.netty.channel.nio.NioEventLoop.processSelectedKeys(NioEventLoop.java:496)
	at org.apache.ratis.thirdparty.io.netty.channel.nio.NioEventLoop.run(NioEventLoop.java:458)
	at org.apache.ratis.thirdparty.io.netty.util.concurrent.SingleThreadEventExecutor$5.run(SingleThreadEventExecutor.java:897)
	at org.apache.ratis.thirdparty.io.netty.util.concurrent.FastThreadLocalRunnable.run(FastThreadLocalRunnable.java:30)
	... 1 more
Caused by: java.net.ConnectException: Connection refused
	... 11 more
2019-08-20 15:11:22,283 [a6df67c4-b90a-4dd0-8d2c-e48bbab8adc7:group-22B12B17425C:LeaderElection33] INFO  impl.LeaderElection (LogUtils.java:infoOrTrace(149)) - a6df67c4-b90a-4dd0-8d2c-e48bbab8adc7:group-22B12B17425C:LeaderElection33 got exception when requesting votes: {}
java.util.concurrent.ExecutionException: org.apache.ratis.thirdparty.io.grpc.StatusRuntimeException: UNAVAILABLE: io exception
	at java.util.concurrent.FutureTask.report(FutureTask.java:122)
	at java.util.concurrent.FutureTask.get(FutureTask.java:192)
	at org.apache.ratis.server.impl.LeaderElection.waitForResults(LeaderElection.java:262)
	at org.apache.ratis.server.impl.LeaderElection.askForVotes(LeaderElection.java:200)
	at org.apache.ratis.server.impl.LeaderElection.run(LeaderElection.java:130)
	at java.lang.Thread.run(Thread.java:748)
Caused by: org.apache.ratis.thirdparty.io.grpc.StatusRuntimeException: UNAVAILABLE: io exception
	at org.apache.ratis.thirdparty.io.grpc.stub.ClientCalls.toStatusRuntimeException(ClientCalls.java:233)
	at org.apache.ratis.thirdparty.io.grpc.stub.ClientCalls.getUnchecked(ClientCalls.java:214)
	at org.apache.ratis.thirdparty.io.grpc.stub.ClientCalls.blockingUnaryCall(ClientCalls.java:139)
	at org.apache.ratis.proto.grpc.RaftServerProtocolServiceGrpc$RaftServerProtocolServiceBlockingStub.requestVote(RaftServerProtocolServiceGrpc.java:265)
	at org.apache.ratis.grpc.server.GrpcServerProtocolClient.requestVote(GrpcServerProtocolClient.java:83)
	at org.apache.ratis.grpc.server.GrpcService.requestVote(GrpcService.java:195)
	at org.apache.ratis.server.impl.LeaderElection.lambda$submitRequests$1(LeaderElection.java:237)
	at java.util.concurrent.FutureTask.run(FutureTask.java:266)
	at java.util.concurrent.Executors$RunnableAdapter.call(Executors.java:511)
	at java.util.concurrent.FutureTask.run(FutureTask.java:266)
	at java.util.concurrent.ThreadPoolExecutor.runWorker(ThreadPoolExecutor.java:1149)
	at java.util.concurrent.ThreadPoolExecutor$Worker.run(ThreadPoolExecutor.java:624)
	... 1 more
Caused by: org.apache.ratis.thirdparty.io.netty.channel.AbstractChannel$AnnotatedConnectException: Connection refused: /192.168.36.99:43356
	at sun.nio.ch.SocketChannelImpl.checkConnect(Native Method)
	at sun.nio.ch.SocketChannelImpl.finishConnect(SocketChannelImpl.java:717)
	at org.apache.ratis.thirdparty.io.netty.channel.socket.nio.NioSocketChannel.doFinishConnect(NioSocketChannel.java:327)
	at org.apache.ratis.thirdparty.io.netty.channel.nio.AbstractNioChannel$AbstractNioUnsafe.finishConnect(AbstractNioChannel.java:340)
	at org.apache.ratis.thirdparty.io.netty.channel.nio.NioEventLoop.processSelectedKey(NioEventLoop.java:632)
	at org.apache.ratis.thirdparty.io.netty.channel.nio.NioEventLoop.processSelectedKeysOptimized(NioEventLoop.java:579)
	at org.apache.ratis.thirdparty.io.netty.channel.nio.NioEventLoop.processSelectedKeys(NioEventLoop.java:496)
	at org.apache.ratis.thirdparty.io.netty.channel.nio.NioEventLoop.run(NioEventLoop.java:458)
	at org.apache.ratis.thirdparty.io.netty.util.concurrent.SingleThreadEventExecutor$5.run(SingleThreadEventExecutor.java:897)
	at org.apache.ratis.thirdparty.io.netty.util.concurrent.FastThreadLocalRunnable.run(FastThreadLocalRunnable.java:30)
	... 1 more
Caused by: java.net.ConnectException: Connection refused
	... 11 more
2019-08-20 15:11:22,285 [a6df67c4-b90a-4dd0-8d2c-e48bbab8adc7:group-22B12B17425C:LeaderElection33] INFO  impl.LeaderElection (LeaderElection.java:logAndReturn(56)) - a6df67c4-b90a-4dd0-8d2c-e48bbab8adc7:group-22B12B17425C:LeaderElection33: Election REJECTED; received 0 response(s) [] and 2 exception(s); a6df67c4-b90a-4dd0-8d2c-e48bbab8adc7:t2, leader=null, voted=a6df67c4-b90a-4dd0-8d2c-e48bbab8adc7, raftlog=a6df67c4-b90a-4dd0-8d2c-e48bbab8adc7-SegmentedRaftLog:OPENED:c8,f8,i8, conf=0: [03526247-f18f-4f7b-a613-7fcfcc785a52:192.168.36.99:40286, a6df67c4-b90a-4dd0-8d2c-e48bbab8adc7:192.168.36.99:39930, 9083b2e0-0d12-4690-bbcc-fa1831cb2877:192.168.36.99:43356], old=null
2019-08-20 15:11:22,285 [a6df67c4-b90a-4dd0-8d2c-e48bbab8adc7:group-22B12B17425C:LeaderElection33] INFO  impl.LeaderElection (LogUtils.java:infoOrTrace(149)) -   Exception 0: {}
java.util.concurrent.ExecutionException: org.apache.ratis.thirdparty.io.grpc.StatusRuntimeException: UNAVAILABLE: io exception
	at java.util.concurrent.FutureTask.report(FutureTask.java:122)
	at java.util.concurrent.FutureTask.get(FutureTask.java:192)
	at org.apache.ratis.server.impl.LeaderElection.waitForResults(LeaderElection.java:262)
	at org.apache.ratis.server.impl.LeaderElection.askForVotes(LeaderElection.java:200)
	at org.apache.ratis.server.impl.LeaderElection.run(LeaderElection.java:130)
	at java.lang.Thread.run(Thread.java:748)
Caused by: org.apache.ratis.thirdparty.io.grpc.StatusRuntimeException: UNAVAILABLE: io exception
	at org.apache.ratis.thirdparty.io.grpc.stub.ClientCalls.toStatusRuntimeException(ClientCalls.java:233)
	at org.apache.ratis.thirdparty.io.grpc.stub.ClientCalls.getUnchecked(ClientCalls.java:214)
	at org.apache.ratis.thirdparty.io.grpc.stub.ClientCalls.blockingUnaryCall(ClientCalls.java:139)
	at org.apache.ratis.proto.grpc.RaftServerProtocolServiceGrpc$RaftServerProtocolServiceBlockingStub.requestVote(RaftServerProtocolServiceGrpc.java:265)
	at org.apache.ratis.grpc.server.GrpcServerProtocolClient.requestVote(GrpcServerProtocolClient.java:83)
	at org.apache.ratis.grpc.server.GrpcService.requestVote(GrpcService.java:195)
	at org.apache.ratis.server.impl.LeaderElection.lambda$submitRequests$1(LeaderElection.java:237)
	at java.util.concurrent.FutureTask.run(FutureTask.java:266)
	at java.util.concurrent.Executors$RunnableAdapter.call(Executors.java:511)
	at java.util.concurrent.FutureTask.run(FutureTask.java:266)
	at java.util.concurrent.ThreadPoolExecutor.runWorker(ThreadPoolExecutor.java:1149)
	at java.util.concurrent.ThreadPoolExecutor$Worker.run(ThreadPoolExecutor.java:624)
	... 1 more
Caused by: org.apache.ratis.thirdparty.io.netty.channel.AbstractChannel$AnnotatedConnectException: Connection refused: /192.168.36.99:40286
	at sun.nio.ch.SocketChannelImpl.checkConnect(Native Method)
	at sun.nio.ch.SocketChannelImpl.finishConnect(SocketChannelImpl.java:717)
	at org.apache.ratis.thirdparty.io.netty.channel.socket.nio.NioSocketChannel.doFinishConnect(NioSocketChannel.java:327)
	at org.apache.ratis.thirdparty.io.netty.channel.nio.AbstractNioChannel$AbstractNioUnsafe.finishConnect(AbstractNioChannel.java:340)
	at org.apache.ratis.thirdparty.io.netty.channel.nio.NioEventLoop.processSelectedKey(NioEventLoop.java:632)
	at org.apache.ratis.thirdparty.io.netty.channel.nio.NioEventLoop.processSelectedKeysOptimized(NioEventLoop.java:579)
	at org.apache.ratis.thirdparty.io.netty.channel.nio.NioEventLoop.processSelectedKeys(NioEventLoop.java:496)
	at org.apache.ratis.thirdparty.io.netty.channel.nio.NioEventLoop.run(NioEventLoop.java:458)
	at org.apache.ratis.thirdparty.io.netty.util.concurrent.SingleThreadEventExecutor$5.run(SingleThreadEventExecutor.java:897)
	at org.apache.ratis.thirdparty.io.netty.util.concurrent.FastThreadLocalRunnable.run(FastThreadLocalRunnable.java:30)
	... 1 more
Caused by: java.net.ConnectException: Connection refused
	... 11 more
2019-08-20 15:11:22,285 [a6df67c4-b90a-4dd0-8d2c-e48bbab8adc7:group-22B12B17425C:LeaderElection33] INFO  impl.LeaderElection (LogUtils.java:infoOrTrace(149)) -   Exception 1: {}
java.util.concurrent.ExecutionException: org.apache.ratis.thirdparty.io.grpc.StatusRuntimeException: UNAVAILABLE: io exception
	at java.util.concurrent.FutureTask.report(FutureTask.java:122)
	at java.util.concurrent.FutureTask.get(FutureTask.java:192)
	at org.apache.ratis.server.impl.LeaderElection.waitForResults(LeaderElection.java:262)
	at org.apache.ratis.server.impl.LeaderElection.askForVotes(LeaderElection.java:200)
	at org.apache.ratis.server.impl.LeaderElection.run(LeaderElection.java:130)
	at java.lang.Thread.run(Thread.java:748)
Caused by: org.apache.ratis.thirdparty.io.grpc.StatusRuntimeException: UNAVAILABLE: io exception
	at org.apache.ratis.thirdparty.io.grpc.stub.ClientCalls.toStatusRuntimeException(ClientCalls.java:233)
	at org.apache.ratis.thirdparty.io.grpc.stub.ClientCalls.getUnchecked(ClientCalls.java:214)
	at org.apache.ratis.thirdparty.io.grpc.stub.ClientCalls.blockingUnaryCall(ClientCalls.java:139)
	at org.apache.ratis.proto.grpc.RaftServerProtocolServiceGrpc$RaftServerProtocolServiceBlockingStub.requestVote(RaftServerProtocolServiceGrpc.java:265)
	at org.apache.ratis.grpc.server.GrpcServerProtocolClient.requestVote(GrpcServerProtocolClient.java:83)
	at org.apache.ratis.grpc.server.GrpcService.requestVote(GrpcService.java:195)
	at org.apache.ratis.server.impl.LeaderElection.lambda$submitRequests$1(LeaderElection.java:237)
	at java.util.concurrent.FutureTask.run(FutureTask.java:266)
	at java.util.concurrent.Executors$RunnableAdapter.call(Executors.java:511)
	at java.util.concurrent.FutureTask.run(FutureTask.java:266)
	at java.util.concurrent.ThreadPoolExecutor.runWorker(ThreadPoolExecutor.java:1149)
	at java.util.concurrent.ThreadPoolExecutor$Worker.run(ThreadPoolExecutor.java:624)
	... 1 more
Caused by: org.apache.ratis.thirdparty.io.netty.channel.AbstractChannel$AnnotatedConnectException: Connection refused: /192.168.36.99:43356
	at sun.nio.ch.SocketChannelImpl.checkConnect(Native Method)
	at sun.nio.ch.SocketChannelImpl.finishConnect(SocketChannelImpl.java:717)
	at org.apache.ratis.thirdparty.io.netty.channel.socket.nio.NioSocketChannel.doFinishConnect(NioSocketChannel.java:327)
	at org.apache.ratis.thirdparty.io.netty.channel.nio.AbstractNioChannel$AbstractNioUnsafe.finishConnect(AbstractNioChannel.java:340)
	at org.apache.ratis.thirdparty.io.netty.channel.nio.NioEventLoop.processSelectedKey(NioEventLoop.java:632)
	at org.apache.ratis.thirdparty.io.netty.channel.nio.NioEventLoop.processSelectedKeysOptimized(NioEventLoop.java:579)
	at org.apache.ratis.thirdparty.io.netty.channel.nio.NioEventLoop.processSelectedKeys(NioEventLoop.java:496)
	at org.apache.ratis.thirdparty.io.netty.channel.nio.NioEventLoop.run(NioEventLoop.java:458)
	at org.apache.ratis.thirdparty.io.netty.util.concurrent.SingleThreadEventExecutor$5.run(SingleThreadEventExecutor.java:897)
	at org.apache.ratis.thirdparty.io.netty.util.concurrent.FastThreadLocalRunnable.run(FastThreadLocalRunnable.java:30)
	... 1 more
Caused by: java.net.ConnectException: Connection refused
	... 11 more
2019-08-20 15:11:22,285 [a6df67c4-b90a-4dd0-8d2c-e48bbab8adc7:group-22B12B17425C:LeaderElection33] INFO  impl.RaftServerImpl (RaftServerImpl.java:setRole(171)) - a6df67c4-b90a-4dd0-8d2c-e48bbab8adc7:group-22B12B17425C changes role from CANDIDATE to FOLLOWER at term 2 for DISCOVERED_A_NEW_TERM
2019-08-20 15:11:22,285 [a6df67c4-b90a-4dd0-8d2c-e48bbab8adc7:group-22B12B17425C:LeaderElection33] INFO  impl.RoleInfo (RoleInfo.java:shutdownLeaderElection(134)) - a6df67c4-b90a-4dd0-8d2c-e48bbab8adc7: shutdown LeaderElection
2019-08-20 15:11:22,285 [a6df67c4-b90a-4dd0-8d2c-e48bbab8adc7:group-22B12B17425C:LeaderElection33] INFO  impl.RoleInfo (RoleInfo.java:updateAndGet(143)) - a6df67c4-b90a-4dd0-8d2c-e48bbab8adc7: start FollowerState
2019-08-20 15:11:24,722 [main] INFO  ozoneimpl.OzoneContainer (OzoneContainer.java:stop(199)) - Attempting to stop container services.
2019-08-20 15:11:24,723 [main] INFO  impl.RaftServerProxy (RaftServerProxy.java:lambda$close$4(314)) - a6df67c4-b90a-4dd0-8d2c-e48bbab8adc7: close
2019-08-20 15:11:24,724 [main] INFO  impl.RaftServerImpl (RaftServerImpl.java:lambda$shutdown$3(245)) - a6df67c4-b90a-4dd0-8d2c-e48bbab8adc7: shutdown group-55A78D3868F6
2019-08-20 15:11:24,724 [ForkJoinPool.commonPool-worker-0] INFO  impl.RaftServerImpl (RaftServerImpl.java:lambda$shutdown$3(245)) - a6df67c4-b90a-4dd0-8d2c-e48bbab8adc7: shutdown group-4F1559E1E3EB
2019-08-20 15:11:24,724 [main] INFO  util.JmxRegister (JmxRegister.java:unregister(73)) - Successfully un-registered JMX Bean with object name Ratis:service=RaftServer,group=group-55A78D3868F6,id=a6df67c4-b90a-4dd0-8d2c-e48bbab8adc7
2019-08-20 15:11:24,724 [ForkJoinPool.commonPool-worker-0] INFO  util.JmxRegister (JmxRegister.java:unregister(73)) - Successfully un-registered JMX Bean with object name Ratis:service=RaftServer,group=group-4F1559E1E3EB,id=a6df67c4-b90a-4dd0-8d2c-e48bbab8adc7
2019-08-20 15:11:24,725 [main] INFO  impl.RoleInfo (RoleInfo.java:shutdownFollowerState(121)) - a6df67c4-b90a-4dd0-8d2c-e48bbab8adc7: shutdown FollowerState
2019-08-20 15:11:24,725 [ForkJoinPool.commonPool-worker-0] INFO  impl.RoleInfo (RoleInfo.java:shutdownFollowerState(121)) - a6df67c4-b90a-4dd0-8d2c-e48bbab8adc7: shutdown FollowerState
2019-08-20 15:11:24,725 [Thread-956] INFO  impl.FollowerState (FollowerState.java:run(114)) - a6df67c4-b90a-4dd0-8d2c-e48bbab8adc7: FollowerState was interrupted: java.lang.InterruptedException: sleep interrupted
2019-08-20 15:11:24,725 [main] INFO  impl.StateMachineUpdater (StateMachineUpdater.java:stopAndJoin(115)) - StateMachineUpdater:a6df67c4-b90a-4dd0-8d2c-e48bbab8adc7:group-55A78D3868F6: set stopIndex = 1
2019-08-20 15:11:24,727 [main] INFO  impl.RaftServerImpl (ServerState.java:close(394)) - a6df67c4-b90a-4dd0-8d2c-e48bbab8adc7:group-55A78D3868F6 closes. The last applied log index is 1
2019-08-20 15:11:24,727 [Thread-968] INFO  impl.FollowerState (FollowerState.java:run(114)) - a6df67c4-b90a-4dd0-8d2c-e48bbab8adc7: FollowerState was interrupted: java.lang.InterruptedException: sleep interrupted
2019-08-20 15:11:24,725 [ForkJoinPool.commonPool-worker-0] INFO  impl.StateMachineUpdater (StateMachineUpdater.java:stopAndJoin(115)) - StateMachineUpdater:a6df67c4-b90a-4dd0-8d2c-e48bbab8adc7:group-4F1559E1E3EB: set stopIndex = 0
2019-08-20 15:11:24,728 [a6df67c4-b90a-4dd0-8d2c-e48bbab8adc7-SegmentedRaftLogWorker:Storage Directory /workdir/hadoop-ozone/integration-test/target/test-dir/MiniOzoneClusterImpl-0ad89540-22db-434c-8df5-5baffcf642ae/datanode-5/data/ratis/a241723f-b005-4296-81e5-55a78d3868f6] INFO  segmented.SegmentedRaftLogWorker (SegmentedRaftLogWorker.java:run(313)) - a6df67c4-b90a-4dd0-8d2c-e48bbab8adc7-SegmentedRaftLogWorker:Storage Directory /workdir/hadoop-ozone/integration-test/target/test-dir/MiniOzoneClusterImpl-0ad89540-22db-434c-8df5-5baffcf642ae/datanode-5/data/ratis/a241723f-b005-4296-81e5-55a78d3868f6 was interrupted, exiting. There are 0 tasks remaining in the queue.
2019-08-20 15:11:24,729 [ForkJoinPool.commonPool-worker-0] INFO  impl.RaftServerImpl (ServerState.java:close(394)) - a6df67c4-b90a-4dd0-8d2c-e48bbab8adc7:group-4F1559E1E3EB closes. The last applied log index is 0
2019-08-20 15:11:24,730 [a6df67c4-b90a-4dd0-8d2c-e48bbab8adc7-SegmentedRaftLogWorker:Storage Directory /workdir/hadoop-ozone/integration-test/target/test-dir/MiniOzoneClusterImpl-0ad89540-22db-434c-8df5-5baffcf642ae/datanode-5/data/ratis/2563415a-99ad-4403-b246-4f1559e1e3eb] INFO  segmented.SegmentedRaftLogWorker (SegmentedRaftLogWorker.java:run(313)) - a6df67c4-b90a-4dd0-8d2c-e48bbab8adc7-SegmentedRaftLogWorker:Storage Directory /workdir/hadoop-ozone/integration-test/target/test-dir/MiniOzoneClusterImpl-0ad89540-22db-434c-8df5-5baffcf642ae/datanode-5/data/ratis/2563415a-99ad-4403-b246-4f1559e1e3eb was interrupted, exiting. There are 0 tasks remaining in the queue.
2019-08-20 15:11:24,730 [main] INFO  segmented.SegmentedRaftLogWorker (SegmentedRaftLogWorker.java:close(228)) - a6df67c4-b90a-4dd0-8d2c-e48bbab8adc7-SegmentedRaftLogWorker:Storage Directory /workdir/hadoop-ozone/integration-test/target/test-dir/MiniOzoneClusterImpl-0ad89540-22db-434c-8df5-5baffcf642ae/datanode-5/data/ratis/a241723f-b005-4296-81e5-55a78d3868f6 close()
2019-08-20 15:11:24,732 [ForkJoinPool.commonPool-worker-0] INFO  segmented.SegmentedRaftLogWorker (SegmentedRaftLogWorker.java:close(228)) - a6df67c4-b90a-4dd0-8d2c-e48bbab8adc7-SegmentedRaftLogWorker:Storage Directory /workdir/hadoop-ozone/integration-test/target/test-dir/MiniOzoneClusterImpl-0ad89540-22db-434c-8df5-5baffcf642ae/datanode-5/data/ratis/2563415a-99ad-4403-b246-4f1559e1e3eb close()
2019-08-20 15:11:24,733 [main] INFO  impl.RaftServerImpl (RaftServerImpl.java:lambda$shutdown$3(245)) - a6df67c4-b90a-4dd0-8d2c-e48bbab8adc7: shutdown group-22B12B17425C
2019-08-20 15:11:24,736 [main] INFO  util.JmxRegister (JmxRegister.java:unregister(73)) - Successfully un-registered JMX Bean with object name Ratis:service=RaftServer,group=group-22B12B17425C,id=a6df67c4-b90a-4dd0-8d2c-e48bbab8adc7
2019-08-20 15:11:24,737 [main] INFO  impl.RoleInfo (RoleInfo.java:shutdownFollowerState(121)) - a6df67c4-b90a-4dd0-8d2c-e48bbab8adc7: shutdown FollowerState
2019-08-20 15:11:24,737 [main] INFO  impl.StateMachineUpdater (StateMachineUpdater.java:stopAndJoin(115)) - StateMachineUpdater:a6df67c4-b90a-4dd0-8d2c-e48bbab8adc7:group-22B12B17425C: set stopIndex = 8
2019-08-20 15:11:24,737 [StateMachineUpdater:a6df67c4-b90a-4dd0-8d2c-e48bbab8adc7:group-22B12B17425C] INFO  ratis.ContainerStateMachine (ContainerStateMachine.java:takeSnapshot(271)) - group-22B12B17425C: Taking a snapshot at:(t:1, i:6) file /workdir/hadoop-ozone/integration-test/target/test-dir/MiniOzoneClusterImpl-0ad89540-22db-434c-8df5-5baffcf642ae/datanode-5/data/ratis/ac29b5af-f1b5-4d49-9753-22b12b17425c/sm/snapshot.1_6
2019-08-20 15:11:24,737 [Thread-972] INFO  impl.FollowerState (FollowerState.java:run(114)) - a6df67c4-b90a-4dd0-8d2c-e48bbab8adc7: FollowerState was interrupted: java.lang.InterruptedException: sleep interrupted
2019-08-20 15:11:25,130 [StateMachineUpdater:a6df67c4-b90a-4dd0-8d2c-e48bbab8adc7:group-22B12B17425C] INFO  ratis.ContainerStateMachine (ContainerStateMachine.java:takeSnapshot(282)) - group-22B12B17425C: Finished taking a snapshot at:(t:1, i:6) file:/workdir/hadoop-ozone/integration-test/target/test-dir/MiniOzoneClusterImpl-0ad89540-22db-434c-8df5-5baffcf642ae/datanode-5/data/ratis/ac29b5af-f1b5-4d49-9753-22b12b17425c/sm/snapshot.1_6 time:393
2019-08-20 15:11:25,131 [StateMachineUpdater:a6df67c4-b90a-4dd0-8d2c-e48bbab8adc7:group-22B12B17425C] INFO  impl.StateMachineUpdater (StateMachineUpdater.java:takeSnapshot(242)) - StateMachineUpdater:a6df67c4-b90a-4dd0-8d2c-e48bbab8adc7:group-22B12B17425C: Took a snapshot at index 6
2019-08-20 15:11:25,131 [StateMachineUpdater:a6df67c4-b90a-4dd0-8d2c-e48bbab8adc7:group-22B12B17425C] INFO  impl.StateMachineUpdater (StateMachineUpdater.java:lambda$new$0(80)) - StateMachineUpdater:a6df67c4-b90a-4dd0-8d2c-e48bbab8adc7:group-22B12B17425C: snapshotIndex: updateIncreasingly -1 -> 6
2019-08-20 15:11:25,132 [main] INFO  impl.RaftServerImpl (ServerState.java:close(394)) - a6df67c4-b90a-4dd0-8d2c-e48bbab8adc7:group-22B12B17425C closes. The last applied log index is 8
2019-08-20 15:11:25,132 [a6df67c4-b90a-4dd0-8d2c-e48bbab8adc7-SegmentedRaftLogWorker:Storage Directory /workdir/hadoop-ozone/integration-test/target/test-dir/MiniOzoneClusterImpl-0ad89540-22db-434c-8df5-5baffcf642ae/datanode-5/data/ratis/ac29b5af-f1b5-4d49-9753-22b12b17425c] INFO  segmented.SegmentedRaftLogWorker (SegmentedRaftLogWorker.java:run(313)) - a6df67c4-b90a-4dd0-8d2c-e48bbab8adc7-SegmentedRaftLogWorker:Storage Directory /workdir/hadoop-ozone/integration-test/target/test-dir/MiniOzoneClusterImpl-0ad89540-22db-434c-8df5-5baffcf642ae/datanode-5/data/ratis/ac29b5af-f1b5-4d49-9753-22b12b17425c was interrupted, exiting. There are 0 tasks remaining in the queue.
2019-08-20 15:11:25,133 [main] INFO  segmented.SegmentedRaftLogWorker (SegmentedRaftLogWorker.java:close(228)) - a6df67c4-b90a-4dd0-8d2c-e48bbab8adc7-SegmentedRaftLogWorker:Storage Directory /workdir/hadoop-ozone/integration-test/target/test-dir/MiniOzoneClusterImpl-0ad89540-22db-434c-8df5-5baffcf642ae/datanode-5/data/ratis/ac29b5af-f1b5-4d49-9753-22b12b17425c close()
2019-08-20 15:11:25,134 [main] INFO  server.GrpcService (GrpcService.java:closeImpl(155)) - a6df67c4-b90a-4dd0-8d2c-e48bbab8adc7: shutdown server with port 39930 now
2019-08-20 15:11:25,136 [main] INFO  server.GrpcService (GrpcService.java:closeImpl(163)) - a6df67c4-b90a-4dd0-8d2c-e48bbab8adc7: shutdown server with port 39930 successfully
2019-08-20 15:11:25,137 [main] INFO  utils.BackgroundService (BackgroundService.java:shutdown(148)) - Shutting down service BlockDeletingService
2019-08-20 15:11:25,139 [refreshUsed-/workdir/hadoop-ozone/integration-test/target/test-dir/MiniOzoneClusterImpl-0ad89540-22db-434c-8df5-5baffcf642ae/datanode-5/data/containers] WARN  fs.CachingGetSpaceUsed (CachingGetSpaceUsed.java:run(183)) - Thread Interrupted waiting to refresh disk information: sleep interrupted
2019-08-20 15:11:25,162 [main] INFO  statemachine.DatanodeStateMachine (DatanodeStateMachine.java:stopDaemon(395)) - Ozone container server stopped.
2019-08-20 15:11:25,163 [main] INFO  handler.ContextHandler (ContextHandler.java:doStop(910)) - Stopped o.e.j.w.WebAppContext@63f3366a{/,null,UNAVAILABLE}{/hddsDatanode}
2019-08-20 15:11:25,164 [main] INFO  server.AbstractConnector (AbstractConnector.java:doStop(318)) - Stopped ServerConnector@37e491e2{HTTP/1.1,[http/1.1]}{0.0.0.0:0}
2019-08-20 15:11:25,164 [main] INFO  handler.ContextHandler (ContextHandler.java:doStop(910)) - Stopped o.e.j.s.ServletContextHandler@93fb44{/static,jar:file:/home/user/.m2/repository/org/apache/hadoop/hadoop-hdds-container-service/0.5.0-SNAPSHOT/hadoop-hdds-container-service-0.5.0-SNAPSHOT.jar!/webapps/static,UNAVAILABLE}
2019-08-20 15:11:25,165 [main] INFO  handler.ContextHandler (ContextHandler.java:doStop(910)) - Stopped o.e.j.s.ServletContextHandler@683fe7b5{/logs,file:///workdir/hadoop-ozone/integration-test/target/log,UNAVAILABLE}
2019-08-20 15:11:25,166 [main] INFO  ozone.MiniOzoneClusterImpl (MiniOzoneClusterImpl.java:stop(353)) - Stopping the StorageContainerManager
2019-08-20 15:11:25,166 [main] INFO  server.StorageContainerManager (StorageContainerManager.java:stop(797)) - Stopping Replication Manager Service.
2019-08-20 15:11:25,166 [main] INFO  container.ReplicationManager (ReplicationManager.java:stop(193)) - Stopping Replication Monitor Thread.
2019-08-20 15:11:25,166 [main] INFO  server.StorageContainerManager (StorageContainerManager.java:stop(804)) - Stopping Lease Manager of the command watchers
2019-08-20 15:11:25,166 [main] INFO  server.StorageContainerManager (StorageContainerManager.java:stop(811)) - Stopping datanode service RPC server
2019-08-20 15:11:25,166 [main] INFO  server.SCMDatanodeProtocolServer (SCMDatanodeProtocolServer.java:stop(367)) - Stopping the RPC server for DataNodes
2019-08-20 15:11:25,167 [main] INFO  ipc.Server (Server.java:stop(3082)) - Stopping server on 41863
2019-08-20 15:11:25,168 [IPC Server listener on 41863] INFO  ipc.Server (Server.java:run(1185)) - Stopping IPC Server listener on 41863
2019-08-20 15:11:25,169 [IPC Server Responder] INFO  ipc.Server (Server.java:run(1319)) - Stopping IPC Server Responder
2019-08-20 15:11:25,228 [SCM Heartbeat Processing Thread - 0] WARN  node.NodeStateManager (NodeStateManager.java:scheduleNextHealthCheck(646)) - Current Thread is interrupted, shutting down HB processing thread for Node Manager.
2019-08-20 15:11:25,229 [main] INFO  server.StorageContainerManager (StorageContainerManager.java:stop(819)) - Stopping block service RPC server
2019-08-20 15:11:25,229 [main] INFO  server.SCMBlockProtocolServer (SCMBlockProtocolServer.java:stop(148)) - Stopping the RPC server for Block Protocol
2019-08-20 15:11:25,230 [main] INFO  ipc.Server (Server.java:stop(3082)) - Stopping server on 33888
2019-08-20 15:11:25,231 [IPC Server listener on 33888] INFO  ipc.Server (Server.java:run(1185)) - Stopping IPC Server listener on 33888
2019-08-20 15:11:25,231 [main] INFO  server.StorageContainerManager (StorageContainerManager.java:stop(826)) - Stopping the StorageContainerLocationProtocol RPC server
2019-08-20 15:11:25,233 [main] INFO  server.SCMClientProtocolServer (SCMClientProtocolServer.java:stop(159)) - Stopping the RPC server for Client Protocol
2019-08-20 15:11:25,233 [main] INFO  ipc.Server (Server.java:stop(3082)) - Stopping server on 39163
2019-08-20 15:11:25,233 [IPC Server Responder] INFO  ipc.Server (Server.java:run(1319)) - Stopping IPC Server Responder
2019-08-20 15:11:25,234 [IPC Server listener on 39163] INFO  ipc.Server (Server.java:run(1185)) - Stopping IPC Server listener on 39163
2019-08-20 15:11:25,234 [main] INFO  server.StorageContainerManager (StorageContainerManager.java:stop(833)) - Stopping Storage Container Manager HTTP server.
2019-08-20 15:11:25,236 [IPC Server Responder] INFO  ipc.Server (Server.java:run(1319)) - Stopping IPC Server Responder
2019-08-20 15:11:25,236 [main] INFO  handler.ContextHandler (ContextHandler.java:doStop(910)) - Stopped o.e.j.w.WebAppContext@4751cd3{/,null,UNAVAILABLE}{/scm}
2019-08-20 15:11:25,237 [main] INFO  server.AbstractConnector (AbstractConnector.java:doStop(318)) - Stopped ServerConnector@64ec1459{HTTP/1.1,[http/1.1]}{0.0.0.0:0}
2019-08-20 15:11:25,238 [main] INFO  handler.ContextHandler (ContextHandler.java:doStop(910)) - Stopped o.e.j.s.ServletContextHandler@395281c2{/static,file:///workdir/hadoop-ozone/integration-test/target/test-classes/webapps/static,UNAVAILABLE}
2019-08-20 15:11:25,238 [main] INFO  handler.ContextHandler (ContextHandler.java:doStop(910)) - Stopped o.e.j.s.ServletContextHandler@4eb63dc8{/logs,file:///workdir/hadoop-ozone/integration-test/target/log,UNAVAILABLE}
2019-08-20 15:11:25,239 [main] INFO  server.StorageContainerManager (StorageContainerManager.java:stop(844)) - Stopping Block Manager Service.
2019-08-20 15:11:25,239 [main] INFO  utils.BackgroundService (BackgroundService.java:shutdown(148)) - Shutting down service SCMBlockDeletingService
2019-08-20 15:11:25,240 [main] INFO  utils.BackgroundService (BackgroundService.java:shutdown(148)) - Shutting down service SCMBlockDeletingService
2019-08-20 15:11:25,240 [main] INFO  server.StorageContainerManager (StorageContainerManager.java:stop(866)) - Stopping SCM Event Queue.
2019-08-20 15:11:25,244 [main] INFO  impl.MetricsSystemImpl (MetricsSystemImpl.java:stop(210)) - Stopping HddsDatanode metrics system...
2019-08-20 15:11:25,249 [main] INFO  impl.MetricsSystemImpl (MetricsSystemImpl.java:stop(216)) - HddsDatanode metrics system stopped.
]]></system-out>
    <system-err><![CDATA[Aug 20, 2019 3:10:35 PM com.sun.jersey.server.impl.application.WebApplicationImpl _initiate
INFO: Initiating Jersey application, version 'Jersey: 1.19 02/11/2015 03:25 AM'
Aug 20, 2019 3:10:35 PM com.sun.jersey.server.impl.application.WebApplicationImpl _initiate
INFO: Initiating Jersey application, version 'Jersey: 1.19 02/11/2015 03:25 AM'
Aug 20, 2019 3:10:35 PM com.sun.jersey.server.impl.application.WebApplicationImpl _initiate
INFO: Initiating Jersey application, version 'Jersey: 1.19 02/11/2015 03:25 AM'
Aug 20, 2019 3:10:35 PM com.sun.jersey.server.impl.application.WebApplicationImpl _initiate
INFO: Initiating Jersey application, version 'Jersey: 1.19 02/11/2015 03:25 AM'
Aug 20, 2019 3:10:36 PM com.sun.jersey.server.impl.application.WebApplicationImpl _initiate
INFO: Initiating Jersey application, version 'Jersey: 1.19 02/11/2015 03:25 AM'
Aug 20, 2019 3:10:36 PM com.sun.jersey.server.impl.application.WebApplicationImpl _initiate
INFO: Initiating Jersey application, version 'Jersey: 1.19 02/11/2015 03:25 AM'
Aug 20, 2019 3:10:37 PM com.sun.jersey.server.impl.application.WebApplicationImpl _initiate
INFO: Initiating Jersey application, version 'Jersey: 1.19 02/11/2015 03:25 AM'
]]></system-err>
  </testcase>
</testsuite>