<?xml version="1.0" encoding="UTF-8"?>
<testsuite xmlns:xsi="http://www.w3.org/2001/XMLSchema-instance" xsi:noNamespaceSchemaLocation="https://maven.apache.org/surefire/maven-surefire-plugin/xsd/surefire-test-report.xsd" name="org.apache.hadoop.ozone.freon.TestFreonWithPipelineDestroy" time="29.514" tests="1" errors="1" skipped="0" failures="0">
  <properties>
    <property name="awt.toolkit" value="sun.awt.X11.XToolkit"/>
    <property name="file.encoding.pkg" value="sun.io"/>
    <property name="java.specification.version" value="1.8"/>
    <property name="sun.cpu.isalist" value=""/>
    <property name="sun.jnu.encoding" value="UTF-8"/>
    <property name="java.class.path" value="/tmp/workdir/hadoop-ozone/tools/target/test-classes:/tmp/workdir/hadoop-ozone/tools/target/classes:/tmp/workdir/hadoop-ozone/ozone-manager/target/classes:/tmp/workdir/hadoop-hdds/docs/target/classes:/home/user/.m2/repository/org/bouncycastle/bcprov-jdk15on/1.60/bcprov-jdk15on-1.60.jar:/tmp/workdir/hadoop-ozone/common/target/classes:/home/user/.m2/repository/org/apache/commons/commons-compress/1.4.1/commons-compress-1.4.1.jar:/home/user/.m2/repository/org/tukaani/xz/1.0/xz-1.0.jar:/home/user/.m2/repository/org/apache/hadoop/hadoop-hdfs-client/3.2.0/hadoop-hdfs-client-3.2.0.jar:/home/user/.m2/repository/com/fasterxml/jackson/core/jackson-annotations/2.9.5/jackson-annotations-2.9.5.jar:/tmp/workdir/hadoop-hdds/common/target/classes:/tmp/workdir/hadoop-hdds/config/target/classes:/home/user/.m2/repository/javax/annotation/javax.annotation-api/1.2/javax.annotation-api-1.2.jar:/home/user/.m2/repository/org/apache/ratis/ratis-server/0.4.0-2337318-SNAPSHOT/ratis-server-0.4.0-2337318-SNAPSHOT.jar:/home/user/.m2/repository/org/apache/ratis/ratis-thirdparty-misc/0.2.0/ratis-thirdparty-misc-0.2.0.jar:/home/user/.m2/repository/org/apache/ratis/ratis-proto/0.4.0-2337318-SNAPSHOT/ratis-proto-0.4.0-2337318-SNAPSHOT.jar:/home/user/.m2/repository/org/apache/ratis/ratis-common/0.4.0-2337318-SNAPSHOT/ratis-common-0.4.0-2337318-SNAPSHOT.jar:/home/user/.m2/repository/org/apache/ratis/ratis-client/0.4.0-2337318-SNAPSHOT/ratis-client-0.4.0-2337318-SNAPSHOT.jar:/home/user/.m2/repository/org/apache/ratis/ratis-metrics/0.4.0-2337318-SNAPSHOT/ratis-metrics-0.4.0-2337318-SNAPSHOT.jar:/home/user/.m2/repository/org/apache/ratis/ratis-netty/0.4.0-2337318-SNAPSHOT/ratis-netty-0.4.0-2337318-SNAPSHOT.jar:/home/user/.m2/repository/org/apache/ratis/ratis-grpc/0.4.0-2337318-SNAPSHOT/ratis-grpc-0.4.0-2337318-SNAPSHOT.jar:/home/user/.m2/repository/org/rocksdb/rocksdbjni/6.0.1/rocksdbjni-6.0.1.jar:/home/user/.m2/repository/org/apache/logging/log4j/log4j-api/2.11.0/log4j-api-2.11.0.jar:/home/user/.m2/repository/org/apache/logging/log4j/log4j-core/2.11.0/log4j-core-2.11.0.jar:/home/user/.m2/repository/com/lmax/disruptor/3.4.2/disruptor-3.4.2.jar:/home/user/.m2/repository/org/apache/commons/commons-pool2/2.6.0/commons-pool2-2.6.0.jar:/home/user/.m2/repository/org/bouncycastle/bcpkix-jdk15on/1.60/bcpkix-jdk15on-1.60.jar:/home/user/.m2/repository/commons-validator/commons-validator/1.6/commons-validator-1.6.jar:/home/user/.m2/repository/commons-digester/commons-digester/1.8.1/commons-digester-1.8.1.jar:/home/user/.m2/repository/io/jaegertracing/jaeger-client/0.33.1/jaeger-client-0.33.1.jar:/home/user/.m2/repository/io/jaegertracing/jaeger-thrift/0.33.1/jaeger-thrift-0.33.1.jar:/home/user/.m2/repository/org/apache/thrift/libthrift/0.11.0/libthrift-0.11.0.jar:/home/user/.m2/repository/com/squareup/okhttp3/okhttp/3.9.0/okhttp-3.9.0.jar:/home/user/.m2/repository/com/squareup/okio/okio/1.13.0/okio-1.13.0.jar:/home/user/.m2/repository/io/jaegertracing/jaeger-core/0.33.1/jaeger-core-0.33.1.jar:/home/user/.m2/repository/io/jaegertracing/jaeger-tracerresolver/0.33.1/jaeger-tracerresolver-0.33.1.jar:/home/user/.m2/repository/io/opentracing/contrib/opentracing-tracerresolver/0.1.5/opentracing-tracerresolver-0.1.5.jar:/home/user/.m2/repository/io/opentracing/opentracing-util/0.31.0/opentracing-util-0.31.0.jar:/home/user/.m2/repository/io/opentracing/opentracing-api/0.31.0/opentracing-api-0.31.0.jar:/home/user/.m2/repository/io/opentracing/opentracing-noop/0.31.0/opentracing-noop-0.31.0.jar:/home/user/.m2/repository/org/yaml/snakeyaml/1.16/snakeyaml-1.16.jar:/tmp/workdir/hadoop-hdds/container-service/target/classes:/tmp/workdir/hadoop-hdds/client/target/classes:/tmp/workdir/hadoop-hdds/tools/target/classes:/home/user/.m2/repository/org/xerial/sqlite-jdbc/3.25.2/sqlite-jdbc-3.25.2.jar:/tmp/workdir/hadoop-hdds/server-scm/target/classes:/home/user/.m2/repository/org/hamcrest/hamcrest-all/1.3/hamcrest-all-1.3.jar:/home/user/.m2/repository/info/picocli/picocli/3.9.6/picocli-3.9.6.jar:/home/user/.m2/repository/com/google/protobuf/protobuf-java/2.5.0/protobuf-java-2.5.0.jar:/home/user/.m2/repository/com/google/guava/guava/11.0.2/guava-11.0.2.jar:/tmp/workdir/hadoop-ozone/client/target/classes:/home/user/.m2/repository/org/apache/hadoop/hadoop-ozone-filesystem/0.5.0-SNAPSHOT/hadoop-ozone-filesystem-0.5.0-SNAPSHOT.jar:/tmp/workdir/hadoop-hdds/framework/target/classes:/home/user/.m2/repository/org/apache/hadoop/hadoop-common/3.2.0/hadoop-common-3.2.0.jar:/home/user/.m2/repository/org/apache/hadoop/hadoop-annotations/3.2.0/hadoop-annotations-3.2.0.jar:/usr/lib/jvm/java-1.8-openjdk/jre/../lib/tools.jar:/home/user/.m2/repository/commons-cli/commons-cli/1.2/commons-cli-1.2.jar:/home/user/.m2/repository/org/apache/commons/commons-math3/3.1.1/commons-math3-3.1.1.jar:/home/user/.m2/repository/org/apache/httpcomponents/httpclient/4.5.2/httpclient-4.5.2.jar:/home/user/.m2/repository/org/apache/httpcomponents/httpcore/4.4.4/httpcore-4.4.4.jar:/home/user/.m2/repository/commons-codec/commons-codec/1.11/commons-codec-1.11.jar:/home/user/.m2/repository/commons-io/commons-io/2.5/commons-io-2.5.jar:/home/user/.m2/repository/commons-net/commons-net/3.6/commons-net-3.6.jar:/home/user/.m2/repository/commons-collections/commons-collections/3.2.2/commons-collections-3.2.2.jar:/home/user/.m2/repository/javax/servlet/javax.servlet-api/3.1.0/javax.servlet-api-3.1.0.jar:/home/user/.m2/repository/org/eclipse/jetty/jetty-server/9.3.24.v20180605/jetty-server-9.3.24.v20180605.jar:/home/user/.m2/repository/org/eclipse/jetty/jetty-http/9.3.24.v20180605/jetty-http-9.3.24.v20180605.jar:/home/user/.m2/repository/org/eclipse/jetty/jetty-io/9.3.24.v20180605/jetty-io-9.3.24.v20180605.jar:/home/user/.m2/repository/org/eclipse/jetty/jetty-util/9.3.24.v20180605/jetty-util-9.3.24.v20180605.jar:/home/user/.m2/repository/org/eclipse/jetty/jetty-servlet/9.3.24.v20180605/jetty-servlet-9.3.24.v20180605.jar:/home/user/.m2/repository/org/eclipse/jetty/jetty-security/9.3.24.v20180605/jetty-security-9.3.24.v20180605.jar:/home/user/.m2/repository/org/eclipse/jetty/jetty-webapp/9.3.24.v20180605/jetty-webapp-9.3.24.v20180605.jar:/home/user/.m2/repository/org/eclipse/jetty/jetty-xml/9.3.24.v20180605/jetty-xml-9.3.24.v20180605.jar:/home/user/.m2/repository/javax/servlet/jsp/jsp-api/2.1/jsp-api-2.1.jar:/home/user/.m2/repository/com/sun/jersey/jersey-core/1.19/jersey-core-1.19.jar:/home/user/.m2/repository/javax/ws/rs/jsr311-api/1.1.1/jsr311-api-1.1.1.jar:/home/user/.m2/repository/com/sun/jersey/jersey-servlet/1.19/jersey-servlet-1.19.jar:/home/user/.m2/repository/com/sun/jersey/jersey-json/1.19/jersey-json-1.19.jar:/home/user/.m2/repository/org/codehaus/jettison/jettison/1.1/jettison-1.1.jar:/home/user/.m2/repository/com/sun/xml/bind/jaxb-impl/2.3.0.1/jaxb-impl-2.3.0.1.jar:/home/user/.m2/repository/org/codehaus/jackson/jackson-core-asl/1.9.13/jackson-core-asl-1.9.13.jar:/home/user/.m2/repository/org/codehaus/jackson/jackson-mapper-asl/1.9.13/jackson-mapper-asl-1.9.13.jar:/home/user/.m2/repository/org/codehaus/jackson/jackson-jaxrs/1.9.13/jackson-jaxrs-1.9.13.jar:/home/user/.m2/repository/org/codehaus/jackson/jackson-xc/1.9.13/jackson-xc-1.9.13.jar:/home/user/.m2/repository/com/sun/jersey/jersey-server/1.19/jersey-server-1.19.jar:/home/user/.m2/repository/commons-logging/commons-logging/1.1.3/commons-logging-1.1.3.jar:/home/user/.m2/repository/log4j/log4j/1.2.17/log4j-1.2.17.jar:/home/user/.m2/repository/commons-beanutils/commons-beanutils/1.9.3/commons-beanutils-1.9.3.jar:/home/user/.m2/repository/org/apache/commons/commons-configuration2/2.1.1/commons-configuration2-2.1.1.jar:/home/user/.m2/repository/org/apache/commons/commons-lang3/3.7/commons-lang3-3.7.jar:/home/user/.m2/repository/org/apache/commons/commons-text/1.4/commons-text-1.4.jar:/home/user/.m2/repository/org/slf4j/slf4j-api/1.7.25/slf4j-api-1.7.25.jar:/home/user/.m2/repository/org/slf4j/slf4j-log4j12/1.7.25/slf4j-log4j12-1.7.25.jar:/home/user/.m2/repository/org/apache/avro/avro/1.7.7/avro-1.7.7.jar:/home/user/.m2/repository/com/thoughtworks/paranamer/paranamer/2.3/paranamer-2.3.jar:/home/user/.m2/repository/org/xerial/snappy/snappy-java/1.0.5/snappy-java-1.0.5.jar:/home/user/.m2/repository/com/google/re2j/re2j/1.1/re2j-1.1.jar:/home/user/.m2/repository/com/google/code/gson/gson/2.2.4/gson-2.2.4.jar:/home/user/.m2/repository/org/apache/hadoop/hadoop-auth/3.2.0/hadoop-auth-3.2.0.jar:/home/user/.m2/repository/com/nimbusds/nimbus-jose-jwt/4.41.1/nimbus-jose-jwt-4.41.1.jar:/home/user/.m2/repository/com/github/stephenc/jcip/jcip-annotations/1.0-1/jcip-annotations-1.0-1.jar:/home/user/.m2/repository/net/minidev/json-smart/2.3/json-smart-2.3.jar:/home/user/.m2/repository/net/minidev/accessors-smart/1.2/accessors-smart-1.2.jar:/home/user/.m2/repository/org/apache/curator/curator-framework/2.12.0/curator-framework-2.12.0.jar:/home/user/.m2/repository/com/jcraft/jsch/0.1.54/jsch-0.1.54.jar:/home/user/.m2/repository/org/apache/curator/curator-client/2.12.0/curator-client-2.12.0.jar:/home/user/.m2/repository/org/apache/curator/curator-recipes/2.12.0/curator-recipes-2.12.0.jar:/home/user/.m2/repository/com/google/code/findbugs/jsr305/3.0.0/jsr305-3.0.0.jar:/home/user/.m2/repository/org/apache/htrace/htrace-core4/4.1.0-incubating/htrace-core4-4.1.0-incubating.jar:/home/user/.m2/repository/org/apache/zookeeper/zookeeper/3.4.13/zookeeper-3.4.13.jar:/home/user/.m2/repository/org/apache/yetus/audience-annotations/0.5.0/audience-annotations-0.5.0.jar:/home/user/.m2/repository/org/apache/kerby/kerb-simplekdc/1.0.1/kerb-simplekdc-1.0.1.jar:/home/user/.m2/repository/org/apache/kerby/kerb-client/1.0.1/kerb-client-1.0.1.jar:/home/user/.m2/repository/org/apache/kerby/kerby-config/1.0.1/kerby-config-1.0.1.jar:/home/user/.m2/repository/org/apache/kerby/kerb-core/1.0.1/kerb-core-1.0.1.jar:/home/user/.m2/repository/org/apache/kerby/kerby-pkix/1.0.1/kerby-pkix-1.0.1.jar:/home/user/.m2/repository/org/apache/kerby/kerby-asn1/1.0.1/kerby-asn1-1.0.1.jar:/home/user/.m2/repository/org/apache/kerby/kerby-util/1.0.1/kerby-util-1.0.1.jar:/home/user/.m2/repository/org/apache/kerby/kerb-common/1.0.1/kerb-common-1.0.1.jar:/home/user/.m2/repository/org/apache/kerby/kerb-crypto/1.0.1/kerb-crypto-1.0.1.jar:/home/user/.m2/repository/org/apache/kerby/kerb-util/1.0.1/kerb-util-1.0.1.jar:/home/user/.m2/repository/org/apache/kerby/token-provider/1.0.1/token-provider-1.0.1.jar:/home/user/.m2/repository/org/apache/kerby/kerb-admin/1.0.1/kerb-admin-1.0.1.jar:/home/user/.m2/repository/org/apache/kerby/kerb-server/1.0.1/kerb-server-1.0.1.jar:/home/user/.m2/repository/org/apache/kerby/kerb-identity/1.0.1/kerb-identity-1.0.1.jar:/home/user/.m2/repository/org/apache/kerby/kerby-xdr/1.0.1/kerby-xdr-1.0.1.jar:/home/user/.m2/repository/com/fasterxml/jackson/core/jackson-databind/2.9.5/jackson-databind-2.9.5.jar:/home/user/.m2/repository/com/fasterxml/jackson/core/jackson-core/2.9.5/jackson-core-2.9.5.jar:/home/user/.m2/repository/org/codehaus/woodstox/stax2-api/3.1.4/stax2-api-3.1.4.jar:/home/user/.m2/repository/com/fasterxml/woodstox/woodstox-core/5.0.3/woodstox-core-5.0.3.jar:/home/user/.m2/repository/dnsjava/dnsjava/2.1.7/dnsjava-2.1.7.jar:/home/user/.m2/repository/org/apache/hadoop/hadoop-hdfs/3.2.0/hadoop-hdfs-3.2.0.jar:/home/user/.m2/repository/org/eclipse/jetty/jetty-util-ajax/9.3.24.v20180605/jetty-util-ajax-9.3.24.v20180605.jar:/home/user/.m2/repository/commons-daemon/commons-daemon/1.0.13/commons-daemon-1.0.13.jar:/home/user/.m2/repository/io/netty/netty/3.10.5.Final/netty-3.10.5.Final.jar:/home/user/.m2/repository/io/netty/netty-all/4.0.52.Final/netty-all-4.0.52.Final.jar:/home/user/.m2/repository/org/fusesource/leveldbjni/leveldbjni-all/1.8/leveldbjni-all-1.8.jar:/home/user/.m2/repository/com/sun/xml/bind/jaxb-core/2.3.0.1/jaxb-core-2.3.0.1.jar:/home/user/.m2/repository/javax/xml/bind/jaxb-api/2.3.0/jaxb-api-2.3.0.jar:/home/user/.m2/repository/javax/activation/activation/1.1.1/activation-1.1.1.jar:/home/user/.m2/repository/io/dropwizard/metrics/metrics-core/3.2.4/metrics-core-3.2.4.jar:/home/user/.m2/repository/org/openjdk/jmh/jmh-core/1.19/jmh-core-1.19.jar:/home/user/.m2/repository/net/sf/jopt-simple/jopt-simple/4.6/jopt-simple-4.6.jar:/home/user/.m2/repository/org/openjdk/jmh/jmh-generator-annprocess/1.19/jmh-generator-annprocess-1.19.jar:/home/user/.m2/repository/com/google/code/findbugs/findbugs/3.0.1/findbugs-3.0.1.jar:/home/user/.m2/repository/net/jcip/jcip-annotations/1.0/jcip-annotations-1.0.jar:/home/user/.m2/repository/com/google/code/findbugs/bcel-findbugs/6.0/bcel-findbugs-6.0.jar:/home/user/.m2/repository/com/google/code/findbugs/jFormatString/2.0.1/jFormatString-2.0.1.jar:/home/user/.m2/repository/dom4j/dom4j/1.6.1/dom4j-1.6.1.jar:/home/user/.m2/repository/xml-apis/xml-apis/1.0.b2/xml-apis-1.0.b2.jar:/home/user/.m2/repository/org/ow2/asm/asm-debug-all/5.0.2/asm-debug-all-5.0.2.jar:/home/user/.m2/repository/org/ow2/asm/asm-commons/5.0.2/asm-commons-5.0.2.jar:/home/user/.m2/repository/org/ow2/asm/asm-tree/5.0.2/asm-tree-5.0.2.jar:/home/user/.m2/repository/org/ow2/asm/asm/5.0.4/asm-5.0.4.jar:/home/user/.m2/repository/commons-lang/commons-lang/2.6/commons-lang-2.6.jar:/home/user/.m2/repository/com/apple/AppleJavaExtensions/1.4/AppleJavaExtensions-1.4.jar:/home/user/.m2/repository/jaxen/jaxen/1.1.6/jaxen-1.1.6.jar:/home/user/.m2/repository/junit/junit/4.11/junit-4.11.jar:/home/user/.m2/repository/org/hamcrest/hamcrest-core/1.3/hamcrest-core-1.3.jar:/home/user/.m2/repository/org/apache/hadoop/hadoop-common/3.2.0/hadoop-common-3.2.0-tests.jar:/home/user/.m2/repository/org/apache/hadoop/hadoop-ozone-integration-test/0.5.0-SNAPSHOT/hadoop-ozone-integration-test-0.5.0-SNAPSHOT-tests.jar:/tmp/workdir/hadoop-ozone/objectstore-service/target/classes:/tmp/workdir/hadoop-ozone/s3gateway/target/classes:/home/user/.m2/repository/org/jboss/weld/servlet/weld-servlet/2.4.7.Final/weld-servlet-2.4.7.Final.jar:/home/user/.m2/repository/org/glassfish/jersey/containers/jersey-container-servlet-core/2.27/jersey-container-servlet-core-2.27.jar:/home/user/.m2/repository/org/glassfish/hk2/external/javax.inject/2.5.0-b42/javax.inject-2.5.0-b42.jar:/home/user/.m2/repository/org/glassfish/jersey/core/jersey-common/2.27/jersey-common-2.27.jar:/home/user/.m2/repository/org/glassfish/hk2/osgi-resource-locator/1.0.1/osgi-resource-locator-1.0.1.jar:/home/user/.m2/repository/javax/ws/rs/javax.ws.rs-api/2.1/javax.ws.rs-api-2.1.jar:/home/user/.m2/repository/org/glassfish/jersey/ext/cdi/jersey-cdi1x/2.27/jersey-cdi1x-2.27.jar:/home/user/.m2/repository/org/glassfish/jersey/inject/jersey-hk2/2.27/jersey-hk2-2.27.jar:/home/user/.m2/repository/org/glassfish/hk2/hk2-locator/2.5.0-b42/hk2-locator-2.5.0-b42.jar:/home/user/.m2/repository/org/javassist/javassist/3.22.0-CR2/javassist-3.22.0-CR2.jar:/home/user/.m2/repository/org/glassfish/hk2/hk2-api/2.5.0/hk2-api-2.5.0.jar:/home/user/.m2/repository/org/glassfish/hk2/external/jakarta.inject/2.5.0/jakarta.inject-2.5.0.jar:/home/user/.m2/repository/org/glassfish/hk2/hk2-utils/2.5.0/hk2-utils-2.5.0.jar:/home/user/.m2/repository/jakarta/annotation/jakarta.annotation-api/1.3.4/jakarta.annotation-api-1.3.4.jar:/home/user/.m2/repository/org/glassfish/hk2/external/aopalliance-repackaged/2.5.0/aopalliance-repackaged-2.5.0.jar:/home/user/.m2/repository/com/fasterxml/jackson/dataformat/jackson-dataformat-xml/2.9.0/jackson-dataformat-xml-2.9.0.jar:/home/user/.m2/repository/com/fasterxml/jackson/module/jackson-module-jaxb-annotations/2.9.5/jackson-module-jaxb-annotations-2.9.5.jar:/home/user/.m2/repository/javax/enterprise/cdi-api/1.2/cdi-api-1.2.jar:/home/user/.m2/repository/javax/el/javax.el-api/3.0.0/javax.el-api-3.0.0.jar:/home/user/.m2/repository/javax/interceptor/javax.interceptor-api/1.2/javax.interceptor-api-1.2.jar:/home/user/.m2/repository/javax/inject/javax.inject/1/javax.inject-1.jar:/tmp/workdir/hadoop-ozone/csi/target/classes:/home/user/.m2/repository/com/google/protobuf/protobuf-java-util/3.5.1/protobuf-java-util-3.5.1.jar:/home/user/.m2/repository/io/grpc/grpc-netty/1.17.1/grpc-netty-1.17.1.jar:/home/user/.m2/repository/io/grpc/grpc-core/1.17.1/grpc-core-1.17.1.jar:/home/user/.m2/repository/io/grpc/grpc-context/1.17.1/grpc-context-1.17.1.jar:/home/user/.m2/repository/com/google/errorprone/error_prone_annotations/2.2.0/error_prone_annotations-2.2.0.jar:/home/user/.m2/repository/org/codehaus/mojo/animal-sniffer-annotations/1.17/animal-sniffer-annotations-1.17.jar:/home/user/.m2/repository/io/opencensus/opencensus-api/0.17.0/opencensus-api-0.17.0.jar:/home/user/.m2/repository/io/opencensus/opencensus-contrib-grpc-metrics/0.17.0/opencensus-contrib-grpc-metrics-0.17.0.jar:/home/user/.m2/repository/io/netty/netty-codec-http2/4.1.30.Final/netty-codec-http2-4.1.30.Final.jar:/home/user/.m2/repository/io/netty/netty-codec-http/4.1.30.Final/netty-codec-http-4.1.30.Final.jar:/home/user/.m2/repository/io/netty/netty-codec/4.1.30.Final/netty-codec-4.1.30.Final.jar:/home/user/.m2/repository/io/netty/netty-handler/4.1.30.Final/netty-handler-4.1.30.Final.jar:/home/user/.m2/repository/io/netty/netty-handler-proxy/4.1.30.Final/netty-handler-proxy-4.1.30.Final.jar:/home/user/.m2/repository/io/netty/netty-codec-socks/4.1.30.Final/netty-codec-socks-4.1.30.Final.jar:/home/user/.m2/repository/io/netty/netty-transport-native-epoll/4.1.30.Final/netty-transport-native-epoll-4.1.30.Final.jar:/home/user/.m2/repository/io/netty/netty-common/4.1.30.Final/netty-common-4.1.30.Final.jar:/home/user/.m2/repository/io/netty/netty-buffer/4.1.30.Final/netty-buffer-4.1.30.Final.jar:/home/user/.m2/repository/io/netty/netty-transport/4.1.30.Final/netty-transport-4.1.30.Final.jar:/home/user/.m2/repository/io/netty/netty-resolver/4.1.30.Final/netty-resolver-4.1.30.Final.jar:/home/user/.m2/repository/io/netty/netty-transport-native-unix-common/4.1.30.Final/netty-transport-native-unix-common-4.1.30.Final.jar:/home/user/.m2/repository/io/grpc/grpc-protobuf/1.17.1/grpc-protobuf-1.17.1.jar:/home/user/.m2/repository/com/google/api/grpc/proto-google-common-protos/1.0.0/proto-google-common-protos-1.0.0.jar:/home/user/.m2/repository/io/grpc/grpc-protobuf-lite/1.17.1/grpc-protobuf-lite-1.17.1.jar:/home/user/.m2/repository/io/grpc/grpc-stub/1.17.1/grpc-stub-1.17.1.jar:/tmp/workdir/hadoop-ozone/ozone-recon/target/classes:/tmp/workdir/hadoop-ozone/ozone-recon-codegen/target/classes:/home/user/.m2/repository/com/google/inject/extensions/guice-multibindings/4.0/guice-multibindings-4.0.jar:/home/user/.m2/repository/com/google/inject/guice/4.0/guice-4.0.jar:/home/user/.m2/repository/aopalliance/aopalliance/1.0/aopalliance-1.0.jar:/home/user/.m2/repository/com/google/inject/extensions/guice-servlet/4.0/guice-servlet-4.0.jar:/home/user/.m2/repository/org/glassfish/jersey/containers/jersey-container-servlet/2.27/jersey-container-servlet-2.27.jar:/home/user/.m2/repository/org/glassfish/hk2/guice-bridge/2.5.0/guice-bridge-2.5.0.jar:/home/user/.m2/repository/org/glassfish/jersey/core/jersey-server/2.27/jersey-server-2.27.jar:/home/user/.m2/repository/org/glassfish/jersey/core/jersey-client/2.27/jersey-client-2.27.jar:/home/user/.m2/repository/org/glassfish/jersey/media/jersey-media-jaxb/2.27/jersey-media-jaxb-2.27.jar:/home/user/.m2/repository/javax/validation/validation-api/1.1.0.Final/validation-api-1.1.0.Final.jar:/home/user/.m2/repository/org/glassfish/jersey/media/jersey-media-json-jackson/2.27/jersey-media-json-jackson-2.27.jar:/home/user/.m2/repository/org/glassfish/jersey/ext/jersey-entity-filtering/2.27/jersey-entity-filtering-2.27.jar:/home/user/.m2/repository/com/google/inject/extensions/guice-assistedinject/4.0/guice-assistedinject-4.0.jar:/home/user/.m2/repository/org/jooq/jooq/3.11.10/jooq-3.11.10.jar:/home/user/.m2/repository/org/jooq/jooq-meta/3.11.10/jooq-meta-3.11.10.jar:/home/user/.m2/repository/org/jooq/jooq-codegen/3.11.10/jooq-codegen-3.11.10.jar:/home/user/.m2/repository/com/jolbox/bonecp/0.8.0.RELEASE/bonecp-0.8.0.RELEASE.jar:/home/user/.m2/repository/org/springframework/spring-jdbc/5.1.3.RELEASE/spring-jdbc-5.1.3.RELEASE.jar:/home/user/.m2/repository/org/springframework/spring-beans/5.1.3.RELEASE/spring-beans-5.1.3.RELEASE.jar:/home/user/.m2/repository/org/springframework/spring-core/5.1.3.RELEASE/spring-core-5.1.3.RELEASE.jar:/home/user/.m2/repository/org/springframework/spring-jcl/5.1.3.RELEASE/spring-jcl-5.1.3.RELEASE.jar:/home/user/.m2/repository/org/springframework/spring-tx/5.1.3.RELEASE/spring-tx-5.1.3.RELEASE.jar:/home/user/.m2/repository/org/mockito/mockito-core/2.15.0/mockito-core-2.15.0.jar:/home/user/.m2/repository/net/bytebuddy/byte-buddy/1.7.9/byte-buddy-1.7.9.jar:/home/user/.m2/repository/net/bytebuddy/byte-buddy-agent/1.7.9/byte-buddy-agent-1.7.9.jar:/home/user/.m2/repository/org/objenesis/objenesis/1.0/objenesis-1.0.jar:"/>
    <property name="java.vm.vendor" value="IcedTea"/>
    <property name="sun.arch.data.model" value="64"/>
    <property name="test.build.dir" value="/tmp/workdir/hadoop-ozone/tools/target/test-dir"/>
    <property name="test.cache.data" value=""/>
    <property name="java.vendor.url" value="https://icedtea.classpath.org"/>
    <property name="user.timezone" value=""/>
    <property name="java.vm.specification.version" value="1.8"/>
    <property name="os.name" value="Linux"/>
    <property name="test.build.data" value="/tmp/workdir/hadoop-ozone/tools/target/test-dir"/>
    <property name="user.country" value="US"/>
    <property name="sun.java.launcher" value="SUN_STANDARD"/>
    <property name="sun.boot.library.path" value="/usr/lib/jvm/java-1.8-openjdk/jre/lib/amd64"/>
    <property name="sun.java.command" value="/tmp/workdir/hadoop-ozone/tools/target/surefire/surefirebooter1732571732227396786.jar /tmp/workdir/hadoop-ozone/tools/target/surefire 2019-07-08T14-04-07_994-jvmRun1 surefire4612556855325279734tmp surefire_1041547823678624997254tmp"/>
    <property name="surefire.test.class.path" value="/tmp/workdir/hadoop-ozone/tools/target/test-classes:/tmp/workdir/hadoop-ozone/tools/target/classes:/tmp/workdir/hadoop-ozone/ozone-manager/target/classes:/tmp/workdir/hadoop-hdds/docs/target/classes:/home/user/.m2/repository/org/bouncycastle/bcprov-jdk15on/1.60/bcprov-jdk15on-1.60.jar:/tmp/workdir/hadoop-ozone/common/target/classes:/home/user/.m2/repository/org/apache/commons/commons-compress/1.4.1/commons-compress-1.4.1.jar:/home/user/.m2/repository/org/tukaani/xz/1.0/xz-1.0.jar:/home/user/.m2/repository/org/apache/hadoop/hadoop-hdfs-client/3.2.0/hadoop-hdfs-client-3.2.0.jar:/home/user/.m2/repository/com/fasterxml/jackson/core/jackson-annotations/2.9.5/jackson-annotations-2.9.5.jar:/tmp/workdir/hadoop-hdds/common/target/classes:/tmp/workdir/hadoop-hdds/config/target/classes:/home/user/.m2/repository/javax/annotation/javax.annotation-api/1.2/javax.annotation-api-1.2.jar:/home/user/.m2/repository/org/apache/ratis/ratis-server/0.4.0-2337318-SNAPSHOT/ratis-server-0.4.0-2337318-SNAPSHOT.jar:/home/user/.m2/repository/org/apache/ratis/ratis-thirdparty-misc/0.2.0/ratis-thirdparty-misc-0.2.0.jar:/home/user/.m2/repository/org/apache/ratis/ratis-proto/0.4.0-2337318-SNAPSHOT/ratis-proto-0.4.0-2337318-SNAPSHOT.jar:/home/user/.m2/repository/org/apache/ratis/ratis-common/0.4.0-2337318-SNAPSHOT/ratis-common-0.4.0-2337318-SNAPSHOT.jar:/home/user/.m2/repository/org/apache/ratis/ratis-client/0.4.0-2337318-SNAPSHOT/ratis-client-0.4.0-2337318-SNAPSHOT.jar:/home/user/.m2/repository/org/apache/ratis/ratis-metrics/0.4.0-2337318-SNAPSHOT/ratis-metrics-0.4.0-2337318-SNAPSHOT.jar:/home/user/.m2/repository/org/apache/ratis/ratis-netty/0.4.0-2337318-SNAPSHOT/ratis-netty-0.4.0-2337318-SNAPSHOT.jar:/home/user/.m2/repository/org/apache/ratis/ratis-grpc/0.4.0-2337318-SNAPSHOT/ratis-grpc-0.4.0-2337318-SNAPSHOT.jar:/home/user/.m2/repository/org/rocksdb/rocksdbjni/6.0.1/rocksdbjni-6.0.1.jar:/home/user/.m2/repository/org/apache/logging/log4j/log4j-api/2.11.0/log4j-api-2.11.0.jar:/home/user/.m2/repository/org/apache/logging/log4j/log4j-core/2.11.0/log4j-core-2.11.0.jar:/home/user/.m2/repository/com/lmax/disruptor/3.4.2/disruptor-3.4.2.jar:/home/user/.m2/repository/org/apache/commons/commons-pool2/2.6.0/commons-pool2-2.6.0.jar:/home/user/.m2/repository/org/bouncycastle/bcpkix-jdk15on/1.60/bcpkix-jdk15on-1.60.jar:/home/user/.m2/repository/commons-validator/commons-validator/1.6/commons-validator-1.6.jar:/home/user/.m2/repository/commons-digester/commons-digester/1.8.1/commons-digester-1.8.1.jar:/home/user/.m2/repository/io/jaegertracing/jaeger-client/0.33.1/jaeger-client-0.33.1.jar:/home/user/.m2/repository/io/jaegertracing/jaeger-thrift/0.33.1/jaeger-thrift-0.33.1.jar:/home/user/.m2/repository/org/apache/thrift/libthrift/0.11.0/libthrift-0.11.0.jar:/home/user/.m2/repository/com/squareup/okhttp3/okhttp/3.9.0/okhttp-3.9.0.jar:/home/user/.m2/repository/com/squareup/okio/okio/1.13.0/okio-1.13.0.jar:/home/user/.m2/repository/io/jaegertracing/jaeger-core/0.33.1/jaeger-core-0.33.1.jar:/home/user/.m2/repository/io/jaegertracing/jaeger-tracerresolver/0.33.1/jaeger-tracerresolver-0.33.1.jar:/home/user/.m2/repository/io/opentracing/contrib/opentracing-tracerresolver/0.1.5/opentracing-tracerresolver-0.1.5.jar:/home/user/.m2/repository/io/opentracing/opentracing-util/0.31.0/opentracing-util-0.31.0.jar:/home/user/.m2/repository/io/opentracing/opentracing-api/0.31.0/opentracing-api-0.31.0.jar:/home/user/.m2/repository/io/opentracing/opentracing-noop/0.31.0/opentracing-noop-0.31.0.jar:/home/user/.m2/repository/org/yaml/snakeyaml/1.16/snakeyaml-1.16.jar:/tmp/workdir/hadoop-hdds/container-service/target/classes:/tmp/workdir/hadoop-hdds/client/target/classes:/tmp/workdir/hadoop-hdds/tools/target/classes:/home/user/.m2/repository/org/xerial/sqlite-jdbc/3.25.2/sqlite-jdbc-3.25.2.jar:/tmp/workdir/hadoop-hdds/server-scm/target/classes:/home/user/.m2/repository/org/hamcrest/hamcrest-all/1.3/hamcrest-all-1.3.jar:/home/user/.m2/repository/info/picocli/picocli/3.9.6/picocli-3.9.6.jar:/home/user/.m2/repository/com/google/protobuf/protobuf-java/2.5.0/protobuf-java-2.5.0.jar:/home/user/.m2/repository/com/google/guava/guava/11.0.2/guava-11.0.2.jar:/tmp/workdir/hadoop-ozone/client/target/classes:/home/user/.m2/repository/org/apache/hadoop/hadoop-ozone-filesystem/0.5.0-SNAPSHOT/hadoop-ozone-filesystem-0.5.0-SNAPSHOT.jar:/tmp/workdir/hadoop-hdds/framework/target/classes:/home/user/.m2/repository/org/apache/hadoop/hadoop-common/3.2.0/hadoop-common-3.2.0.jar:/home/user/.m2/repository/org/apache/hadoop/hadoop-annotations/3.2.0/hadoop-annotations-3.2.0.jar:/usr/lib/jvm/java-1.8-openjdk/jre/../lib/tools.jar:/home/user/.m2/repository/commons-cli/commons-cli/1.2/commons-cli-1.2.jar:/home/user/.m2/repository/org/apache/commons/commons-math3/3.1.1/commons-math3-3.1.1.jar:/home/user/.m2/repository/org/apache/httpcomponents/httpclient/4.5.2/httpclient-4.5.2.jar:/home/user/.m2/repository/org/apache/httpcomponents/httpcore/4.4.4/httpcore-4.4.4.jar:/home/user/.m2/repository/commons-codec/commons-codec/1.11/commons-codec-1.11.jar:/home/user/.m2/repository/commons-io/commons-io/2.5/commons-io-2.5.jar:/home/user/.m2/repository/commons-net/commons-net/3.6/commons-net-3.6.jar:/home/user/.m2/repository/commons-collections/commons-collections/3.2.2/commons-collections-3.2.2.jar:/home/user/.m2/repository/javax/servlet/javax.servlet-api/3.1.0/javax.servlet-api-3.1.0.jar:/home/user/.m2/repository/org/eclipse/jetty/jetty-server/9.3.24.v20180605/jetty-server-9.3.24.v20180605.jar:/home/user/.m2/repository/org/eclipse/jetty/jetty-http/9.3.24.v20180605/jetty-http-9.3.24.v20180605.jar:/home/user/.m2/repository/org/eclipse/jetty/jetty-io/9.3.24.v20180605/jetty-io-9.3.24.v20180605.jar:/home/user/.m2/repository/org/eclipse/jetty/jetty-util/9.3.24.v20180605/jetty-util-9.3.24.v20180605.jar:/home/user/.m2/repository/org/eclipse/jetty/jetty-servlet/9.3.24.v20180605/jetty-servlet-9.3.24.v20180605.jar:/home/user/.m2/repository/org/eclipse/jetty/jetty-security/9.3.24.v20180605/jetty-security-9.3.24.v20180605.jar:/home/user/.m2/repository/org/eclipse/jetty/jetty-webapp/9.3.24.v20180605/jetty-webapp-9.3.24.v20180605.jar:/home/user/.m2/repository/org/eclipse/jetty/jetty-xml/9.3.24.v20180605/jetty-xml-9.3.24.v20180605.jar:/home/user/.m2/repository/javax/servlet/jsp/jsp-api/2.1/jsp-api-2.1.jar:/home/user/.m2/repository/com/sun/jersey/jersey-core/1.19/jersey-core-1.19.jar:/home/user/.m2/repository/javax/ws/rs/jsr311-api/1.1.1/jsr311-api-1.1.1.jar:/home/user/.m2/repository/com/sun/jersey/jersey-servlet/1.19/jersey-servlet-1.19.jar:/home/user/.m2/repository/com/sun/jersey/jersey-json/1.19/jersey-json-1.19.jar:/home/user/.m2/repository/org/codehaus/jettison/jettison/1.1/jettison-1.1.jar:/home/user/.m2/repository/com/sun/xml/bind/jaxb-impl/2.3.0.1/jaxb-impl-2.3.0.1.jar:/home/user/.m2/repository/org/codehaus/jackson/jackson-core-asl/1.9.13/jackson-core-asl-1.9.13.jar:/home/user/.m2/repository/org/codehaus/jackson/jackson-mapper-asl/1.9.13/jackson-mapper-asl-1.9.13.jar:/home/user/.m2/repository/org/codehaus/jackson/jackson-jaxrs/1.9.13/jackson-jaxrs-1.9.13.jar:/home/user/.m2/repository/org/codehaus/jackson/jackson-xc/1.9.13/jackson-xc-1.9.13.jar:/home/user/.m2/repository/com/sun/jersey/jersey-server/1.19/jersey-server-1.19.jar:/home/user/.m2/repository/commons-logging/commons-logging/1.1.3/commons-logging-1.1.3.jar:/home/user/.m2/repository/log4j/log4j/1.2.17/log4j-1.2.17.jar:/home/user/.m2/repository/commons-beanutils/commons-beanutils/1.9.3/commons-beanutils-1.9.3.jar:/home/user/.m2/repository/org/apache/commons/commons-configuration2/2.1.1/commons-configuration2-2.1.1.jar:/home/user/.m2/repository/org/apache/commons/commons-lang3/3.7/commons-lang3-3.7.jar:/home/user/.m2/repository/org/apache/commons/commons-text/1.4/commons-text-1.4.jar:/home/user/.m2/repository/org/slf4j/slf4j-api/1.7.25/slf4j-api-1.7.25.jar:/home/user/.m2/repository/org/slf4j/slf4j-log4j12/1.7.25/slf4j-log4j12-1.7.25.jar:/home/user/.m2/repository/org/apache/avro/avro/1.7.7/avro-1.7.7.jar:/home/user/.m2/repository/com/thoughtworks/paranamer/paranamer/2.3/paranamer-2.3.jar:/home/user/.m2/repository/org/xerial/snappy/snappy-java/1.0.5/snappy-java-1.0.5.jar:/home/user/.m2/repository/com/google/re2j/re2j/1.1/re2j-1.1.jar:/home/user/.m2/repository/com/google/code/gson/gson/2.2.4/gson-2.2.4.jar:/home/user/.m2/repository/org/apache/hadoop/hadoop-auth/3.2.0/hadoop-auth-3.2.0.jar:/home/user/.m2/repository/com/nimbusds/nimbus-jose-jwt/4.41.1/nimbus-jose-jwt-4.41.1.jar:/home/user/.m2/repository/com/github/stephenc/jcip/jcip-annotations/1.0-1/jcip-annotations-1.0-1.jar:/home/user/.m2/repository/net/minidev/json-smart/2.3/json-smart-2.3.jar:/home/user/.m2/repository/net/minidev/accessors-smart/1.2/accessors-smart-1.2.jar:/home/user/.m2/repository/org/apache/curator/curator-framework/2.12.0/curator-framework-2.12.0.jar:/home/user/.m2/repository/com/jcraft/jsch/0.1.54/jsch-0.1.54.jar:/home/user/.m2/repository/org/apache/curator/curator-client/2.12.0/curator-client-2.12.0.jar:/home/user/.m2/repository/org/apache/curator/curator-recipes/2.12.0/curator-recipes-2.12.0.jar:/home/user/.m2/repository/com/google/code/findbugs/jsr305/3.0.0/jsr305-3.0.0.jar:/home/user/.m2/repository/org/apache/htrace/htrace-core4/4.1.0-incubating/htrace-core4-4.1.0-incubating.jar:/home/user/.m2/repository/org/apache/zookeeper/zookeeper/3.4.13/zookeeper-3.4.13.jar:/home/user/.m2/repository/org/apache/yetus/audience-annotations/0.5.0/audience-annotations-0.5.0.jar:/home/user/.m2/repository/org/apache/kerby/kerb-simplekdc/1.0.1/kerb-simplekdc-1.0.1.jar:/home/user/.m2/repository/org/apache/kerby/kerb-client/1.0.1/kerb-client-1.0.1.jar:/home/user/.m2/repository/org/apache/kerby/kerby-config/1.0.1/kerby-config-1.0.1.jar:/home/user/.m2/repository/org/apache/kerby/kerb-core/1.0.1/kerb-core-1.0.1.jar:/home/user/.m2/repository/org/apache/kerby/kerby-pkix/1.0.1/kerby-pkix-1.0.1.jar:/home/user/.m2/repository/org/apache/kerby/kerby-asn1/1.0.1/kerby-asn1-1.0.1.jar:/home/user/.m2/repository/org/apache/kerby/kerby-util/1.0.1/kerby-util-1.0.1.jar:/home/user/.m2/repository/org/apache/kerby/kerb-common/1.0.1/kerb-common-1.0.1.jar:/home/user/.m2/repository/org/apache/kerby/kerb-crypto/1.0.1/kerb-crypto-1.0.1.jar:/home/user/.m2/repository/org/apache/kerby/kerb-util/1.0.1/kerb-util-1.0.1.jar:/home/user/.m2/repository/org/apache/kerby/token-provider/1.0.1/token-provider-1.0.1.jar:/home/user/.m2/repository/org/apache/kerby/kerb-admin/1.0.1/kerb-admin-1.0.1.jar:/home/user/.m2/repository/org/apache/kerby/kerb-server/1.0.1/kerb-server-1.0.1.jar:/home/user/.m2/repository/org/apache/kerby/kerb-identity/1.0.1/kerb-identity-1.0.1.jar:/home/user/.m2/repository/org/apache/kerby/kerby-xdr/1.0.1/kerby-xdr-1.0.1.jar:/home/user/.m2/repository/com/fasterxml/jackson/core/jackson-databind/2.9.5/jackson-databind-2.9.5.jar:/home/user/.m2/repository/com/fasterxml/jackson/core/jackson-core/2.9.5/jackson-core-2.9.5.jar:/home/user/.m2/repository/org/codehaus/woodstox/stax2-api/3.1.4/stax2-api-3.1.4.jar:/home/user/.m2/repository/com/fasterxml/woodstox/woodstox-core/5.0.3/woodstox-core-5.0.3.jar:/home/user/.m2/repository/dnsjava/dnsjava/2.1.7/dnsjava-2.1.7.jar:/home/user/.m2/repository/org/apache/hadoop/hadoop-hdfs/3.2.0/hadoop-hdfs-3.2.0.jar:/home/user/.m2/repository/org/eclipse/jetty/jetty-util-ajax/9.3.24.v20180605/jetty-util-ajax-9.3.24.v20180605.jar:/home/user/.m2/repository/commons-daemon/commons-daemon/1.0.13/commons-daemon-1.0.13.jar:/home/user/.m2/repository/io/netty/netty/3.10.5.Final/netty-3.10.5.Final.jar:/home/user/.m2/repository/io/netty/netty-all/4.0.52.Final/netty-all-4.0.52.Final.jar:/home/user/.m2/repository/org/fusesource/leveldbjni/leveldbjni-all/1.8/leveldbjni-all-1.8.jar:/home/user/.m2/repository/com/sun/xml/bind/jaxb-core/2.3.0.1/jaxb-core-2.3.0.1.jar:/home/user/.m2/repository/javax/xml/bind/jaxb-api/2.3.0/jaxb-api-2.3.0.jar:/home/user/.m2/repository/javax/activation/activation/1.1.1/activation-1.1.1.jar:/home/user/.m2/repository/io/dropwizard/metrics/metrics-core/3.2.4/metrics-core-3.2.4.jar:/home/user/.m2/repository/org/openjdk/jmh/jmh-core/1.19/jmh-core-1.19.jar:/home/user/.m2/repository/net/sf/jopt-simple/jopt-simple/4.6/jopt-simple-4.6.jar:/home/user/.m2/repository/org/openjdk/jmh/jmh-generator-annprocess/1.19/jmh-generator-annprocess-1.19.jar:/home/user/.m2/repository/com/google/code/findbugs/findbugs/3.0.1/findbugs-3.0.1.jar:/home/user/.m2/repository/net/jcip/jcip-annotations/1.0/jcip-annotations-1.0.jar:/home/user/.m2/repository/com/google/code/findbugs/bcel-findbugs/6.0/bcel-findbugs-6.0.jar:/home/user/.m2/repository/com/google/code/findbugs/jFormatString/2.0.1/jFormatString-2.0.1.jar:/home/user/.m2/repository/dom4j/dom4j/1.6.1/dom4j-1.6.1.jar:/home/user/.m2/repository/xml-apis/xml-apis/1.0.b2/xml-apis-1.0.b2.jar:/home/user/.m2/repository/org/ow2/asm/asm-debug-all/5.0.2/asm-debug-all-5.0.2.jar:/home/user/.m2/repository/org/ow2/asm/asm-commons/5.0.2/asm-commons-5.0.2.jar:/home/user/.m2/repository/org/ow2/asm/asm-tree/5.0.2/asm-tree-5.0.2.jar:/home/user/.m2/repository/org/ow2/asm/asm/5.0.4/asm-5.0.4.jar:/home/user/.m2/repository/commons-lang/commons-lang/2.6/commons-lang-2.6.jar:/home/user/.m2/repository/com/apple/AppleJavaExtensions/1.4/AppleJavaExtensions-1.4.jar:/home/user/.m2/repository/jaxen/jaxen/1.1.6/jaxen-1.1.6.jar:/home/user/.m2/repository/junit/junit/4.11/junit-4.11.jar:/home/user/.m2/repository/org/hamcrest/hamcrest-core/1.3/hamcrest-core-1.3.jar:/home/user/.m2/repository/org/apache/hadoop/hadoop-common/3.2.0/hadoop-common-3.2.0-tests.jar:/home/user/.m2/repository/org/apache/hadoop/hadoop-ozone-integration-test/0.5.0-SNAPSHOT/hadoop-ozone-integration-test-0.5.0-SNAPSHOT-tests.jar:/tmp/workdir/hadoop-ozone/objectstore-service/target/classes:/tmp/workdir/hadoop-ozone/s3gateway/target/classes:/home/user/.m2/repository/org/jboss/weld/servlet/weld-servlet/2.4.7.Final/weld-servlet-2.4.7.Final.jar:/home/user/.m2/repository/org/glassfish/jersey/containers/jersey-container-servlet-core/2.27/jersey-container-servlet-core-2.27.jar:/home/user/.m2/repository/org/glassfish/hk2/external/javax.inject/2.5.0-b42/javax.inject-2.5.0-b42.jar:/home/user/.m2/repository/org/glassfish/jersey/core/jersey-common/2.27/jersey-common-2.27.jar:/home/user/.m2/repository/org/glassfish/hk2/osgi-resource-locator/1.0.1/osgi-resource-locator-1.0.1.jar:/home/user/.m2/repository/javax/ws/rs/javax.ws.rs-api/2.1/javax.ws.rs-api-2.1.jar:/home/user/.m2/repository/org/glassfish/jersey/ext/cdi/jersey-cdi1x/2.27/jersey-cdi1x-2.27.jar:/home/user/.m2/repository/org/glassfish/jersey/inject/jersey-hk2/2.27/jersey-hk2-2.27.jar:/home/user/.m2/repository/org/glassfish/hk2/hk2-locator/2.5.0-b42/hk2-locator-2.5.0-b42.jar:/home/user/.m2/repository/org/javassist/javassist/3.22.0-CR2/javassist-3.22.0-CR2.jar:/home/user/.m2/repository/org/glassfish/hk2/hk2-api/2.5.0/hk2-api-2.5.0.jar:/home/user/.m2/repository/org/glassfish/hk2/external/jakarta.inject/2.5.0/jakarta.inject-2.5.0.jar:/home/user/.m2/repository/org/glassfish/hk2/hk2-utils/2.5.0/hk2-utils-2.5.0.jar:/home/user/.m2/repository/jakarta/annotation/jakarta.annotation-api/1.3.4/jakarta.annotation-api-1.3.4.jar:/home/user/.m2/repository/org/glassfish/hk2/external/aopalliance-repackaged/2.5.0/aopalliance-repackaged-2.5.0.jar:/home/user/.m2/repository/com/fasterxml/jackson/dataformat/jackson-dataformat-xml/2.9.0/jackson-dataformat-xml-2.9.0.jar:/home/user/.m2/repository/com/fasterxml/jackson/module/jackson-module-jaxb-annotations/2.9.5/jackson-module-jaxb-annotations-2.9.5.jar:/home/user/.m2/repository/javax/enterprise/cdi-api/1.2/cdi-api-1.2.jar:/home/user/.m2/repository/javax/el/javax.el-api/3.0.0/javax.el-api-3.0.0.jar:/home/user/.m2/repository/javax/interceptor/javax.interceptor-api/1.2/javax.interceptor-api-1.2.jar:/home/user/.m2/repository/javax/inject/javax.inject/1/javax.inject-1.jar:/tmp/workdir/hadoop-ozone/csi/target/classes:/home/user/.m2/repository/com/google/protobuf/protobuf-java-util/3.5.1/protobuf-java-util-3.5.1.jar:/home/user/.m2/repository/io/grpc/grpc-netty/1.17.1/grpc-netty-1.17.1.jar:/home/user/.m2/repository/io/grpc/grpc-core/1.17.1/grpc-core-1.17.1.jar:/home/user/.m2/repository/io/grpc/grpc-context/1.17.1/grpc-context-1.17.1.jar:/home/user/.m2/repository/com/google/errorprone/error_prone_annotations/2.2.0/error_prone_annotations-2.2.0.jar:/home/user/.m2/repository/org/codehaus/mojo/animal-sniffer-annotations/1.17/animal-sniffer-annotations-1.17.jar:/home/user/.m2/repository/io/opencensus/opencensus-api/0.17.0/opencensus-api-0.17.0.jar:/home/user/.m2/repository/io/opencensus/opencensus-contrib-grpc-metrics/0.17.0/opencensus-contrib-grpc-metrics-0.17.0.jar:/home/user/.m2/repository/io/netty/netty-codec-http2/4.1.30.Final/netty-codec-http2-4.1.30.Final.jar:/home/user/.m2/repository/io/netty/netty-codec-http/4.1.30.Final/netty-codec-http-4.1.30.Final.jar:/home/user/.m2/repository/io/netty/netty-codec/4.1.30.Final/netty-codec-4.1.30.Final.jar:/home/user/.m2/repository/io/netty/netty-handler/4.1.30.Final/netty-handler-4.1.30.Final.jar:/home/user/.m2/repository/io/netty/netty-handler-proxy/4.1.30.Final/netty-handler-proxy-4.1.30.Final.jar:/home/user/.m2/repository/io/netty/netty-codec-socks/4.1.30.Final/netty-codec-socks-4.1.30.Final.jar:/home/user/.m2/repository/io/netty/netty-transport-native-epoll/4.1.30.Final/netty-transport-native-epoll-4.1.30.Final.jar:/home/user/.m2/repository/io/netty/netty-common/4.1.30.Final/netty-common-4.1.30.Final.jar:/home/user/.m2/repository/io/netty/netty-buffer/4.1.30.Final/netty-buffer-4.1.30.Final.jar:/home/user/.m2/repository/io/netty/netty-transport/4.1.30.Final/netty-transport-4.1.30.Final.jar:/home/user/.m2/repository/io/netty/netty-resolver/4.1.30.Final/netty-resolver-4.1.30.Final.jar:/home/user/.m2/repository/io/netty/netty-transport-native-unix-common/4.1.30.Final/netty-transport-native-unix-common-4.1.30.Final.jar:/home/user/.m2/repository/io/grpc/grpc-protobuf/1.17.1/grpc-protobuf-1.17.1.jar:/home/user/.m2/repository/com/google/api/grpc/proto-google-common-protos/1.0.0/proto-google-common-protos-1.0.0.jar:/home/user/.m2/repository/io/grpc/grpc-protobuf-lite/1.17.1/grpc-protobuf-lite-1.17.1.jar:/home/user/.m2/repository/io/grpc/grpc-stub/1.17.1/grpc-stub-1.17.1.jar:/tmp/workdir/hadoop-ozone/ozone-recon/target/classes:/tmp/workdir/hadoop-ozone/ozone-recon-codegen/target/classes:/home/user/.m2/repository/com/google/inject/extensions/guice-multibindings/4.0/guice-multibindings-4.0.jar:/home/user/.m2/repository/com/google/inject/guice/4.0/guice-4.0.jar:/home/user/.m2/repository/aopalliance/aopalliance/1.0/aopalliance-1.0.jar:/home/user/.m2/repository/com/google/inject/extensions/guice-servlet/4.0/guice-servlet-4.0.jar:/home/user/.m2/repository/org/glassfish/jersey/containers/jersey-container-servlet/2.27/jersey-container-servlet-2.27.jar:/home/user/.m2/repository/org/glassfish/hk2/guice-bridge/2.5.0/guice-bridge-2.5.0.jar:/home/user/.m2/repository/org/glassfish/jersey/core/jersey-server/2.27/jersey-server-2.27.jar:/home/user/.m2/repository/org/glassfish/jersey/core/jersey-client/2.27/jersey-client-2.27.jar:/home/user/.m2/repository/org/glassfish/jersey/media/jersey-media-jaxb/2.27/jersey-media-jaxb-2.27.jar:/home/user/.m2/repository/javax/validation/validation-api/1.1.0.Final/validation-api-1.1.0.Final.jar:/home/user/.m2/repository/org/glassfish/jersey/media/jersey-media-json-jackson/2.27/jersey-media-json-jackson-2.27.jar:/home/user/.m2/repository/org/glassfish/jersey/ext/jersey-entity-filtering/2.27/jersey-entity-filtering-2.27.jar:/home/user/.m2/repository/com/google/inject/extensions/guice-assistedinject/4.0/guice-assistedinject-4.0.jar:/home/user/.m2/repository/org/jooq/jooq/3.11.10/jooq-3.11.10.jar:/home/user/.m2/repository/org/jooq/jooq-meta/3.11.10/jooq-meta-3.11.10.jar:/home/user/.m2/repository/org/jooq/jooq-codegen/3.11.10/jooq-codegen-3.11.10.jar:/home/user/.m2/repository/com/jolbox/bonecp/0.8.0.RELEASE/bonecp-0.8.0.RELEASE.jar:/home/user/.m2/repository/org/springframework/spring-jdbc/5.1.3.RELEASE/spring-jdbc-5.1.3.RELEASE.jar:/home/user/.m2/repository/org/springframework/spring-beans/5.1.3.RELEASE/spring-beans-5.1.3.RELEASE.jar:/home/user/.m2/repository/org/springframework/spring-core/5.1.3.RELEASE/spring-core-5.1.3.RELEASE.jar:/home/user/.m2/repository/org/springframework/spring-jcl/5.1.3.RELEASE/spring-jcl-5.1.3.RELEASE.jar:/home/user/.m2/repository/org/springframework/spring-tx/5.1.3.RELEASE/spring-tx-5.1.3.RELEASE.jar:/home/user/.m2/repository/org/mockito/mockito-core/2.15.0/mockito-core-2.15.0.jar:/home/user/.m2/repository/net/bytebuddy/byte-buddy/1.7.9/byte-buddy-1.7.9.jar:/home/user/.m2/repository/net/bytebuddy/byte-buddy-agent/1.7.9/byte-buddy-agent-1.7.9.jar:/home/user/.m2/repository/org/objenesis/objenesis/1.0/objenesis-1.0.jar:"/>
    <property name="sun.cpu.endian" value="little"/>
    <property name="user.home" value="/home/user"/>
    <property name="user.language" value="en"/>
    <property name="java.specification.vendor" value="Oracle Corporation"/>
    <property name="java.home" value="/usr/lib/jvm/java-1.8-openjdk/jre"/>
    <property name="java.security.krb5.conf" value="/tmp/workdir/hadoop-ozone/tools/target/test-classes/krb5.conf"/>
    <property name="basedir" value="/tmp/workdir/hadoop-ozone/tools"/>
    <property name="file.separator" value="/"/>
    <property name="line.separator" value="&#10;"/>
    <property name="java.vm.specification.vendor" value="Oracle Corporation"/>
    <property name="java.specification.name" value="Java Platform API Specification"/>
    <property name="java.awt.graphicsenv" value="sun.awt.X11GraphicsEnvironment"/>
    <property name="surefire.real.class.path" value="/tmp/workdir/hadoop-ozone/tools/target/surefire/surefirebooter1732571732227396786.jar"/>
    <property name="hadoop.log.dir" value="/tmp/workdir/hadoop-ozone/tools/target/log"/>
    <property name="sun.boot.class.path" value="/usr/lib/jvm/java-1.8-openjdk/jre/lib/resources.jar:/usr/lib/jvm/java-1.8-openjdk/jre/lib/rt.jar:/usr/lib/jvm/java-1.8-openjdk/jre/lib/sunrsasign.jar:/usr/lib/jvm/java-1.8-openjdk/jre/lib/jsse.jar:/usr/lib/jvm/java-1.8-openjdk/jre/lib/jce.jar:/usr/lib/jvm/java-1.8-openjdk/jre/lib/charsets.jar:/usr/lib/jvm/java-1.8-openjdk/jre/lib/jfr.jar:/usr/lib/jvm/java-1.8-openjdk/jre/classes"/>
    <property name="sun.management.compiler" value="HotSpot 64-Bit Tiered Compilers"/>
    <property name="java.runtime.version" value="1.8.0_212-b04"/>
    <property name="java.net.preferIPv4Stack" value="true"/>
    <property name="user.name" value="jenkins1000"/>
    <property name="path.separator" value=":"/>
    <property name="java.security.egd" value="file:///dev/urandom"/>
    <property name="os.version" value="3.10.0-957.12.2.el7.x86_64"/>
    <property name="java.endorsed.dirs" value="/usr/lib/jvm/java-1.8-openjdk/jre/lib/endorsed"/>
    <property name="java.runtime.name" value="OpenJDK Runtime Environment"/>
    <property name="file.encoding" value="UTF-8"/>
    <property name="java.vm.name" value="OpenJDK 64-Bit Server VM"/>
    <property name="test.build.webapps" value=""/>
    <property name="localRepository" value="/home/user/.m2/repository"/>
    <property name="java.vendor.url.bug" value="https://icedtea.classpath.org/bugzilla"/>
    <property name="java.io.tmpdir" value="/tmp"/>
    <property name="require.test.libhadoop" value=""/>
    <property name="java.version" value="1.8.0_212"/>
    <property name="user.dir" value="/tmp/workdir/hadoop-ozone/tools"/>
    <property name="os.arch" value="amd64"/>
    <property name="java.vm.specification.name" value="Java Virtual Machine Specification"/>
    <property name="test.build.classes" value="/tmp/workdir/hadoop-ozone/tools/target/test-classes"/>
    <property name="java.awt.printerjob" value="sun.print.PSPrinterJob"/>
    <property name="sun.os.patch.level" value="unknown"/>
    <property name="hadoop.tmp.dir" value="/tmp/workdir/hadoop-ozone/tools/target/tmp"/>
    <property name="java.library.path" value="/usr/lib/jvm/java-1.8-openjdk/jre/lib/amd64/server:/usr/lib/jvm/java-1.8-openjdk/jre/lib/amd64:/usr/lib/jvm/java-1.8-openjdk/jre/../lib/amd64:/tmp/workdir/hadoop-ozone/tools/target/native/target/usr/local/lib:/tmp/workdir/hadoop-ozone/tools/../../hadoop-common-project/hadoop-common/target/native/target/usr/local/lib:/usr/java/packages/lib/amd64:/usr/lib64:/lib64:/lib:/usr/lib"/>
    <property name="java.vm.info" value="mixed mode"/>
    <property name="java.vendor" value="IcedTea"/>
    <property name="java.vm.version" value="25.212-b04"/>
    <property name="java.ext.dirs" value="/usr/lib/jvm/java-1.8-openjdk/jre/lib/ext:/usr/java/packages/lib/ext"/>
    <property name="sun.io.unicode.encoding" value="UnicodeLittle"/>
    <property name="java.class.version" value="52.0"/>
  </properties>
  <testcase name="testRestart" classname="org.apache.hadoop.ozone.freon.TestFreonWithPipelineDestroy" time="19.339">
    <error message="Unexpected Storage Container Exception: org.apache.hadoop.hdds.scm.container.common.helpers.StorageContainerException: ContainerID 6 does not exist" type="java.io.IOException">java.io.IOException: Unexpected Storage Container Exception: org.apache.hadoop.hdds.scm.container.common.helpers.StorageContainerException: ContainerID 6 does not exist
	at org.apache.hadoop.hdds.scm.storage.BlockOutputStream.setIoException(BlockOutputStream.java:548)
	at org.apache.hadoop.hdds.scm.storage.BlockOutputStream.validateResponse(BlockOutputStream.java:539)
	at org.apache.hadoop.hdds.scm.storage.BlockOutputStream.lambda$writeChunkToContainer$2(BlockOutputStream.java:614)
	at java.util.concurrent.CompletableFuture.uniApply(CompletableFuture.java:602)
	at java.util.concurrent.CompletableFuture$UniApply.tryFire(CompletableFuture.java:577)
	at java.util.concurrent.CompletableFuture$Completion.run(CompletableFuture.java:442)
	at java.util.concurrent.ThreadPoolExecutor.runWorker(ThreadPoolExecutor.java:1149)
	at java.util.concurrent.ThreadPoolExecutor$Worker.run(ThreadPoolExecutor.java:624)
	at java.lang.Thread.run(Thread.java:748)
Caused by: org.apache.hadoop.hdds.scm.container.common.helpers.StorageContainerException: ContainerID 6 does not exist
	at org.apache.hadoop.hdds.scm.storage.ContainerProtocolCalls.validateContainerResponse(ContainerProtocolCalls.java:536)
	at org.apache.hadoop.hdds.scm.storage.BlockOutputStream.validateResponse(BlockOutputStream.java:536)
	... 7 more
</error>
    <system-out><![CDATA[2019-07-08 14:16:21,406 WARN  server.ServerUtils (ServerUtils.java:getScmDbDir(145)) - ozone.scm.db.dirs is not configured. We recommend adding this setting. Falling back to ozone.metadata.dirs instead.
2019-07-08 14:16:21,522 WARN  server.ServerUtils (ServerUtils.java:getScmDbDir(145)) - ozone.scm.db.dirs is not configured. We recommend adding this setting. Falling back to ozone.metadata.dirs instead.
2019-07-08 14:16:21,526 WARN  server.ServerUtils (ServerUtils.java:getScmDbDir(145)) - ozone.scm.db.dirs is not configured. We recommend adding this setting. Falling back to ozone.metadata.dirs instead.
2019-07-08 14:16:21,546 INFO  util.log (Log.java:initialized(192)) - Logging initialized @889ms
2019-07-08 14:16:21,646 INFO  db.DBStoreBuilder (DBStoreBuilder.java:addTable(110)) - using custom profile for table: deletedBlocks
2019-07-08 14:16:21,646 INFO  db.DBStoreBuilder (DBStoreBuilder.java:processTables(161)) - Using default column profile:DBProfile.DISK for Table:deletedBlocks
2019-07-08 14:16:21,647 INFO  db.DBStoreBuilder (DBStoreBuilder.java:addTable(110)) - using custom profile for table: validCerts
2019-07-08 14:16:21,647 INFO  db.DBStoreBuilder (DBStoreBuilder.java:processTables(161)) - Using default column profile:DBProfile.DISK for Table:validCerts
2019-07-08 14:16:21,647 INFO  db.DBStoreBuilder (DBStoreBuilder.java:addTable(110)) - using custom profile for table: revokedCerts
2019-07-08 14:16:21,647 INFO  db.DBStoreBuilder (DBStoreBuilder.java:processTables(161)) - Using default column profile:DBProfile.DISK for Table:revokedCerts
2019-07-08 14:16:21,660 INFO  db.DBStoreBuilder (DBStoreBuilder.java:addTable(110)) - using custom profile for table: default
2019-07-08 14:16:21,660 INFO  db.DBStoreBuilder (DBStoreBuilder.java:processTables(167)) - Using default column profile:DBProfile.DISK for Table:default
2019-07-08 14:16:21,661 INFO  db.DBStoreBuilder (DBStoreBuilder.java:getDbProfile(198)) - Using default options. DBProfile.DISK
2019-07-08 14:16:21,764 INFO  net.NodeSchemaLoader (NodeSchemaLoader.java:loadSchemaFromFile(125)) - Loading file from sun.misc.CompoundEnumeration@12b0404f
2019-07-08 14:16:21,767 INFO  net.NodeSchemaLoader (NodeSchemaLoader.java:loadSchema(171)) - Loading network topology layer schema file
2019-07-08 14:16:21,840 INFO  node.SCMNodeManager (SCMNodeManager.java:<init>(119)) - Entering startup safe mode.
2019-07-08 14:16:21,925 WARN  server.ServerUtils (ServerUtils.java:getScmDbDir(145)) - ozone.scm.db.dirs is not configured. We recommend adding this setting. Falling back to ozone.metadata.dirs instead.
2019-07-08 14:16:21,955 INFO  pipeline.SCMPipelineManager (SCMPipelineManager.java:initializePipelineState(126)) - No pipeline exists in current db
2019-07-08 14:16:21,957 WARN  server.ServerUtils (ServerUtils.java:getScmDbDir(145)) - ozone.scm.db.dirs is not configured. We recommend adding this setting. Falling back to ozone.metadata.dirs instead.
2019-07-08 14:16:22,032 WARN  events.EventQueue (EventQueue.java:fireEvent(175)) - No event handler registered for event TypedEvent{payloadType=SafeModeStatus, name='SafeModeStatus'}
2019-07-08 14:16:22,389 INFO  ipc.CallQueueManager (CallQueueManager.java:<init>(84)) - Using callQueue: class java.util.concurrent.LinkedBlockingQueue, queueCapacity: 2000, scheduler: class org.apache.hadoop.ipc.DefaultRpcScheduler, ipcBackoff: false.
2019-07-08 14:16:22,418 INFO  ipc.Server (Server.java:run(1074)) - Starting Socket Reader #1 for port 37028
2019-07-08 14:16:22,442 INFO  ipc.CallQueueManager (CallQueueManager.java:<init>(84)) - Using callQueue: class java.util.concurrent.LinkedBlockingQueue, queueCapacity: 2000, scheduler: class org.apache.hadoop.ipc.DefaultRpcScheduler, ipcBackoff: false.
2019-07-08 14:16:22,443 INFO  ipc.Server (Server.java:run(1074)) - Starting Socket Reader #1 for port 42833
2019-07-08 14:16:22,449 INFO  ipc.CallQueueManager (CallQueueManager.java:<init>(84)) - Using callQueue: class java.util.concurrent.LinkedBlockingQueue, queueCapacity: 2000, scheduler: class org.apache.hadoop.ipc.DefaultRpcScheduler, ipcBackoff: false.
2019-07-08 14:16:22,450 INFO  ipc.Server (Server.java:run(1074)) - Starting Socket Reader #1 for port 42150
2019-07-08 14:16:22,566 INFO  hdfs.DFSUtil (DFSUtil.java:httpServerTemplateForNNAndJN(1641)) - Starting Web-server for scm at: http://0.0.0.0:0
2019-07-08 14:16:22,728 INFO  server.AuthenticationFilter (AuthenticationFilter.java:constructSecretProvider(240)) - Unable to initialize FileSignerSecretProvider, falling back to use random secrets.
2019-07-08 14:16:22,745 WARN  http.HttpRequestLog (HttpRequestLog.java:getRequestLog(97)) - Jetty request log can only be enabled using Log4j
2019-07-08 14:16:22,753 INFO  http.HttpServer2 (HttpServer2.java:addGlobalFilter(975)) - Added global filter 'safety' (class=org.apache.hadoop.http.HttpServer2$QuotingInputFilter)
2019-07-08 14:16:22,756 INFO  http.HttpServer2 (HttpServer2.java:addFilter(948)) - Added filter static_user_filter (class=org.apache.hadoop.http.lib.StaticUserWebFilter$StaticUserFilter) to context scm
2019-07-08 14:16:22,756 INFO  http.HttpServer2 (HttpServer2.java:addFilter(958)) - Added filter static_user_filter (class=org.apache.hadoop.http.lib.StaticUserWebFilter$StaticUserFilter) to context logs
2019-07-08 14:16:22,756 INFO  http.HttpServer2 (HttpServer2.java:addFilter(958)) - Added filter static_user_filter (class=org.apache.hadoop.http.lib.StaticUserWebFilter$StaticUserFilter) to context static
2019-07-08 14:16:22,782 INFO  server.StorageContainerManager (StorageContainerManager.java:start(753)) - StorageContainerLocationProtocol RPC server is listening at /0.0.0.0:42150
2019-07-08 14:16:22,838 WARN  impl.MetricsConfig (MetricsConfig.java:loadFirst(134)) - Cannot locate configuration: tried hadoop-metrics2-storagecontainermanager.properties,hadoop-metrics2.properties
2019-07-08 14:16:22,852 INFO  impl.MetricsSystemImpl (MetricsSystemImpl.java:startTimer(374)) - Scheduled Metric snapshot period at 10 second(s).
2019-07-08 14:16:22,852 INFO  impl.MetricsSystemImpl (MetricsSystemImpl.java:start(191)) - StorageContainerManager metrics system started
2019-07-08 14:16:23,069 INFO  server.SCMClientProtocolServer (SCMClientProtocolServer.java:start(149)) - RPC server for Client  is listening at /0.0.0.0:42150
2019-07-08 14:16:23,070 INFO  ipc.Server (Server.java:run(1314)) - IPC Server Responder: starting
2019-07-08 14:16:23,070 INFO  ipc.Server (Server.java:run(1153)) - IPC Server listener on 42150: starting
2019-07-08 14:16:23,076 INFO  server.StorageContainerManager (StorageContainerManager.java:start(762)) - ScmBlockLocationProtocol RPC server is listening at /0.0.0.0:42833
2019-07-08 14:16:23,077 INFO  server.SCMBlockProtocolServer (SCMBlockProtocolServer.java:start(137)) - RPC server for Block Protocol is listening at /0.0.0.0:42833
2019-07-08 14:16:23,079 INFO  ipc.Server (Server.java:run(1314)) - IPC Server Responder: starting
2019-07-08 14:16:23,079 INFO  ipc.Server (Server.java:run(1153)) - IPC Server listener on 42833: starting
2019-07-08 14:16:23,090 INFO  server.StorageContainerManager (StorageContainerManager.java:start(766)) - ScmDatanodeProtocl RPC server is listening at /0.0.0.0:37028
2019-07-08 14:16:23,091 INFO  server.SCMDatanodeProtocolServer (SCMDatanodeProtocolServer.java:start(191)) - RPC server for DataNodes is listening at /0.0.0.0:37028
2019-07-08 14:16:23,093 INFO  ipc.Server (Server.java:run(1314)) - IPC Server Responder: starting
2019-07-08 14:16:23,093 INFO  ipc.Server (Server.java:run(1153)) - IPC Server listener on 37028: starting
2019-07-08 14:16:23,106 INFO  http.HttpServer2 (HttpServer2.java:bindListener(1191)) - Jetty bound to port 42231
2019-07-08 14:16:23,108 INFO  server.Server (Server.java:doStart(351)) - jetty-9.3.24.v20180605, build timestamp: 2018-06-05T17:11:56Z, git hash: 84205aa28f11a4f31f2a3b86d1bba2cc8ab69827
2019-07-08 14:16:23,148 INFO  handler.ContextHandler (ContextHandler.java:doStart(781)) - Started o.e.j.s.ServletContextHandler@413f69cc{/logs,file:///tmp/workdir/hadoop-ozone/tools/target/log,AVAILABLE}
2019-07-08 14:16:23,149 INFO  handler.ContextHandler (ContextHandler.java:doStart(781)) - Started o.e.j.s.ServletContextHandler@1b75c2e3{/static,file:///tmp/workdir/hadoop-hdds/server-scm/target/classes/webapps/static/,AVAILABLE}
2019-07-08 14:16:23,179 INFO  handler.ContextHandler (ContextHandler.java:doStart(781)) - Started o.e.j.w.WebAppContext@3918c187{/,file:///tmp/workdir/hadoop-hdds/server-scm/target/classes/webapps/scm/,AVAILABLE}{/scm}
2019-07-08 14:16:23,183 INFO  server.AbstractConnector (AbstractConnector.java:doStart(278)) - Started ServerConnector@11eadcba{HTTP/1.1,[http/1.1]}{0.0.0.0:42231}
2019-07-08 14:16:23,184 INFO  server.Server (Server.java:doStart(419)) - Started @2527ms
2019-07-08 14:16:23,185 INFO  server.BaseHttpServer (BaseHttpServer.java:updateConnectorAddress(207)) - HTTP server of SCM is listening at http://0.0.0.0:42231
2019-07-08 14:16:23,198 INFO  util.JvmPauseMonitor (JvmPauseMonitor.java:run(188)) - Starting JVM pause monitor
2019-07-08 14:16:23,202 WARN  server.ServerUtils (ServerUtils.java:getDBPath(222)) - ozone.om.db.dirs is not configured. We recommend adding this setting. Falling back to ozone.metadata.dirs instead.
2019-07-08 14:16:23,318 WARN  server.ServerUtils (ServerUtils.java:getDBPath(222)) - ozone.om.db.dirs is not configured. We recommend adding this setting. Falling back to ozone.metadata.dirs instead.
2019-07-08 14:16:23,319 INFO  om.OzoneManager (OzoneManager.java:setOMNodeDetails(621)) - OM Service ID is not set. Setting it to the default ID: omServiceIdDefault
2019-07-08 14:16:23,320 INFO  om.OzoneManager (OzoneManager.java:setOMNodeDetails(627)) - OM Node ID is not set. Setting it to the OmStorage's OmID: 53266e48-4ff6-4b64-a345-8b05fde424ab
2019-07-08 14:16:23,321 INFO  om.OzoneManager (OzoneManager.java:loadOMHAConfigs(578)) - Found matching OM address with OMServiceId: null, OMNodeId: null, RPC Address: localhost:0 and Ratis port: 9872
2019-07-08 14:16:23,586 WARN  server.ServerUtils (ServerUtils.java:getDBPath(222)) - ozone.om.db.dirs is not configured. We recommend adding this setting. Falling back to ozone.metadata.dirs instead.
2019-07-08 14:16:23,597 INFO  db.DBStoreBuilder (DBStoreBuilder.java:addTable(110)) - using custom profile for table: userTable
2019-07-08 14:16:23,598 INFO  db.DBStoreBuilder (DBStoreBuilder.java:processTables(161)) - Using default column profile:DBProfile.DISK for Table:userTable
2019-07-08 14:16:23,598 INFO  db.DBStoreBuilder (DBStoreBuilder.java:addTable(110)) - using custom profile for table: volumeTable
2019-07-08 14:16:23,599 INFO  db.DBStoreBuilder (DBStoreBuilder.java:processTables(161)) - Using default column profile:DBProfile.DISK for Table:volumeTable
2019-07-08 14:16:23,599 INFO  db.DBStoreBuilder (DBStoreBuilder.java:addTable(110)) - using custom profile for table: bucketTable
2019-07-08 14:16:23,599 INFO  db.DBStoreBuilder (DBStoreBuilder.java:processTables(161)) - Using default column profile:DBProfile.DISK for Table:bucketTable
2019-07-08 14:16:23,600 INFO  db.DBStoreBuilder (DBStoreBuilder.java:addTable(110)) - using custom profile for table: keyTable
2019-07-08 14:16:23,600 INFO  db.DBStoreBuilder (DBStoreBuilder.java:processTables(161)) - Using default column profile:DBProfile.DISK for Table:keyTable
2019-07-08 14:16:23,601 INFO  db.DBStoreBuilder (DBStoreBuilder.java:addTable(110)) - using custom profile for table: deletedTable
2019-07-08 14:16:23,601 INFO  db.DBStoreBuilder (DBStoreBuilder.java:processTables(161)) - Using default column profile:DBProfile.DISK for Table:deletedTable
2019-07-08 14:16:23,602 INFO  db.DBStoreBuilder (DBStoreBuilder.java:addTable(110)) - using custom profile for table: openKeyTable
2019-07-08 14:16:23,602 INFO  db.DBStoreBuilder (DBStoreBuilder.java:processTables(161)) - Using default column profile:DBProfile.DISK for Table:openKeyTable
2019-07-08 14:16:23,602 INFO  db.DBStoreBuilder (DBStoreBuilder.java:addTable(110)) - using custom profile for table: s3Table
2019-07-08 14:16:23,603 INFO  db.DBStoreBuilder (DBStoreBuilder.java:processTables(161)) - Using default column profile:DBProfile.DISK for Table:s3Table
2019-07-08 14:16:23,603 INFO  db.DBStoreBuilder (DBStoreBuilder.java:addTable(110)) - using custom profile for table: multipartInfoTable
2019-07-08 14:16:23,603 INFO  db.DBStoreBuilder (DBStoreBuilder.java:processTables(161)) - Using default column profile:DBProfile.DISK for Table:multipartInfoTable
2019-07-08 14:16:23,604 INFO  db.DBStoreBuilder (DBStoreBuilder.java:addTable(110)) - using custom profile for table: dTokenTable
2019-07-08 14:16:23,604 INFO  db.DBStoreBuilder (DBStoreBuilder.java:processTables(161)) - Using default column profile:DBProfile.DISK for Table:dTokenTable
2019-07-08 14:16:23,605 INFO  db.DBStoreBuilder (DBStoreBuilder.java:addTable(110)) - using custom profile for table: s3SecretTable
2019-07-08 14:16:23,605 INFO  db.DBStoreBuilder (DBStoreBuilder.java:processTables(161)) - Using default column profile:DBProfile.DISK for Table:s3SecretTable
2019-07-08 14:16:23,606 INFO  db.DBStoreBuilder (DBStoreBuilder.java:addTable(110)) - using custom profile for table: prefixTable
2019-07-08 14:16:23,607 INFO  db.DBStoreBuilder (DBStoreBuilder.java:processTables(161)) - Using default column profile:DBProfile.DISK for Table:prefixTable
2019-07-08 14:16:23,607 INFO  db.DBStoreBuilder (DBStoreBuilder.java:addTable(110)) - using custom profile for table: default
2019-07-08 14:16:23,607 INFO  db.DBStoreBuilder (DBStoreBuilder.java:processTables(167)) - Using default column profile:DBProfile.DISK for Table:default
2019-07-08 14:16:23,608 INFO  db.DBStoreBuilder (DBStoreBuilder.java:getDbProfile(198)) - Using default options. DBProfile.DISK
2019-07-08 14:16:24,306 INFO  ipc.CallQueueManager (CallQueueManager.java:<init>(84)) - Using callQueue: class java.util.concurrent.LinkedBlockingQueue, queueCapacity: 2000, scheduler: class org.apache.hadoop.ipc.DefaultRpcScheduler, ipcBackoff: false.
2019-07-08 14:16:24,308 INFO  ipc.Server (Server.java:run(1074)) - Starting Socket Reader #1 for port 34720
2019-07-08 14:16:24,338 WARN  server.ServerUtils (ServerUtils.java:getDBPath(222)) - ozone.om.db.dirs is not configured. We recommend adding this setting. Falling back to ozone.metadata.dirs instead.
2019-07-08 14:16:24,338 INFO  om.OzoneManager (OzoneManager.java:start(1219)) - OzoneManager RPC server is listening at localhost/127.0.0.1:34720
2019-07-08 14:16:24,338 INFO  impl.MetricsSystemImpl (MetricsSystemImpl.java:init(158)) - OzoneManager metrics system started (again)
2019-07-08 14:16:24,341 INFO  ipc.Server (Server.java:run(1314)) - IPC Server Responder: starting
2019-07-08 14:16:24,341 INFO  ipc.Server (Server.java:run(1153)) - IPC Server listener on 34720: starting
2019-07-08 14:16:24,357 INFO  hdfs.DFSUtil (DFSUtil.java:httpServerTemplateForNNAndJN(1641)) - Starting Web-server for ozoneManager at: http://0.0.0.0:0
2019-07-08 14:16:24,359 INFO  server.AuthenticationFilter (AuthenticationFilter.java:constructSecretProvider(240)) - Unable to initialize FileSignerSecretProvider, falling back to use random secrets.
2019-07-08 14:16:24,360 WARN  http.HttpRequestLog (HttpRequestLog.java:getRequestLog(97)) - Jetty request log can only be enabled using Log4j
2019-07-08 14:16:24,362 INFO  http.HttpServer2 (HttpServer2.java:addGlobalFilter(975)) - Added global filter 'safety' (class=org.apache.hadoop.http.HttpServer2$QuotingInputFilter)
2019-07-08 14:16:24,363 INFO  http.HttpServer2 (HttpServer2.java:addFilter(948)) - Added filter static_user_filter (class=org.apache.hadoop.http.lib.StaticUserWebFilter$StaticUserFilter) to context ozoneManager
2019-07-08 14:16:24,364 INFO  http.HttpServer2 (HttpServer2.java:addFilter(958)) - Added filter static_user_filter (class=org.apache.hadoop.http.lib.StaticUserWebFilter$StaticUserFilter) to context static
2019-07-08 14:16:24,364 INFO  http.HttpServer2 (HttpServer2.java:addFilter(958)) - Added filter static_user_filter (class=org.apache.hadoop.http.lib.StaticUserWebFilter$StaticUserFilter) to context logs
2019-07-08 14:16:24,366 INFO  http.HttpServer2 (HttpServer2.java:bindListener(1191)) - Jetty bound to port 40878
2019-07-08 14:16:24,366 INFO  server.Server (Server.java:doStart(351)) - jetty-9.3.24.v20180605, build timestamp: 2018-06-05T17:11:56Z, git hash: 84205aa28f11a4f31f2a3b86d1bba2cc8ab69827
2019-07-08 14:16:24,369 INFO  handler.ContextHandler (ContextHandler.java:doStart(781)) - Started o.e.j.s.ServletContextHandler@85ec632{/logs,file:///tmp/workdir/hadoop-ozone/tools/target/log,AVAILABLE}
2019-07-08 14:16:24,369 INFO  handler.ContextHandler (ContextHandler.java:doStart(781)) - Started o.e.j.s.ServletContextHandler@65ef722a{/static,file:///tmp/workdir/hadoop-ozone/ozone-manager/target/classes/webapps/static/,AVAILABLE}
2019-07-08 14:16:24,375 INFO  handler.ContextHandler (ContextHandler.java:doStart(781)) - Started o.e.j.w.WebAppContext@1c65121{/,file:///tmp/workdir/hadoop-ozone/ozone-manager/target/classes/webapps/ozoneManager/,AVAILABLE}{/ozoneManager}
2019-07-08 14:16:24,377 INFO  server.AbstractConnector (AbstractConnector.java:doStart(278)) - Started ServerConnector@159e366{HTTP/1.1,[http/1.1]}{0.0.0.0:40878}
2019-07-08 14:16:24,377 INFO  server.Server (Server.java:doStart(419)) - Started @3720ms
2019-07-08 14:16:24,378 INFO  server.BaseHttpServer (BaseHttpServer.java:updateConnectorAddress(207)) - HTTP server of OZONEMANAGER is listening at http://0.0.0.0:40878
2019-07-08 14:16:24,680 INFO  impl.MetricsSystemImpl (MetricsSystemImpl.java:init(158)) - HddsDatanode metrics system started (again)
2019-07-08 14:16:24,781 INFO  ozone.HddsDatanodeService (HddsDatanodeService.java:start(185)) - HddsDatanodeService host:hdds1735-lppls-1799962220 ip:192.168.5.189
2019-07-08 14:16:24,827 INFO  volume.HddsVolume (HddsVolume.java:<init>(176)) - Creating Volume: /tmp/workdir/hadoop-ozone/tools/target/test-dir/MiniOzoneClusterImpl-95f47a2b-b50b-49ad-8f3a-4fb28fe26398/datanode-0/data/containers/hdds of  storage type : DISK and capacity : 52710309888
2019-07-08 14:16:24,829 INFO  volume.VolumeSet (VolumeSet.java:initializeVolumeSet(170)) - Added Volume : /tmp/workdir/hadoop-ozone/tools/target/test-dir/MiniOzoneClusterImpl-95f47a2b-b50b-49ad-8f3a-4fb28fe26398/datanode-0/data/containers/hdds to VolumeSet
2019-07-08 14:16:24,833 INFO  volume.ThrottledAsyncChecker (ThrottledAsyncChecker.java:schedule(140)) - Scheduling a check for org.apache.hadoop.ozone.container.common.volume.HddsVolume@3122b117
2019-07-08 14:16:24,857 INFO  volume.HddsVolumeChecker (HddsVolumeChecker.java:checkAllVolumes(203)) - Scheduled health check for volume org.apache.hadoop.ozone.container.common.volume.HddsVolume@3122b117
2019-07-08 14:16:24,917 INFO  ratis.XceiverServerRatis (XceiverServerRatis.java:newXceiverServerRatis(411)) - Found a free port for the server : 43531
2019-07-08 14:16:24,988 INFO  impl.RaftServerProxy (ConfUtils.java:logGet(43)) - raft.rpc.type = GRPC (default)
2019-07-08 14:16:25,056 INFO  grpc.GrpcFactory (GrpcFactory.java:checkPooledByteBufAllocatorUseCacheForAllThreads(45)) - PERFORMANCE WARNING: useCacheForAllThreads is true that may cause Netty to create a lot garbage objects and, as a result, trigger GC.
	It is recommended to disable useCacheForAllThreads by setting -Dorg.apache.ratis.thirdparty.io.netty.allocator.useCacheForAllThreads=false in command line.
2019-07-08 14:16:25,060 INFO  grpc.GrpcConfigKeys$Server (ConfUtils.java:logGet(43)) - raft.grpc.server.port = 43531 (custom)
2019-07-08 14:16:25,061 INFO  server.GrpcService (ConfUtils.java:logGet(43)) - raft.grpc.message.size.max = 33570816 (custom)
2019-07-08 14:16:25,063 INFO  server.RaftServerConfigKeys (ConfUtils.java:logGet(43)) - raft.server.log.appender.buffer.byte-limit = 33554432 (custom)
2019-07-08 14:16:25,063 INFO  server.GrpcService (ConfUtils.java:logGet(43)) - raft.grpc.flow.control.window = 1MB (=1048576) (default)
2019-07-08 14:16:25,064 INFO  server.RaftServerConfigKeys (ConfUtils.java:logGet(43)) - raft.server.rpc.request.timeout = 3000ms (default)
2019-07-08 14:16:25,239 INFO  server.RaftServerConfigKeys (ConfUtils.java:logGet(43)) - raft.server.storage.dir = [/tmp/workdir/hadoop-ozone/tools/target/test-dir/MiniOzoneClusterImpl-95f47a2b-b50b-49ad-8f3a-4fb28fe26398/datanode-0/data/ratis] (custom)
2019-07-08 14:16:25,246 INFO  server.XceiverServerGrpc (XceiverServerGrpc.java:<init>(97)) - Found a free port for the server : 36891
2019-07-08 14:16:25,276 INFO  replication.SimpleContainerDownloader (SimpleContainerDownloader.java:<init>(72)) - Starting container downloader service to copy containers to replicate.
2019-07-08 14:16:25,289 INFO  hdfs.DFSUtil (DFSUtil.java:httpServerTemplateForNNAndJN(1641)) - Starting Web-server for hddsDatanode at: http://0.0.0.0:0
2019-07-08 14:16:25,292 INFO  server.AuthenticationFilter (AuthenticationFilter.java:constructSecretProvider(240)) - Unable to initialize FileSignerSecretProvider, falling back to use random secrets.
2019-07-08 14:16:25,293 WARN  http.HttpRequestLog (HttpRequestLog.java:getRequestLog(97)) - Jetty request log can only be enabled using Log4j
2019-07-08 14:16:25,296 INFO  http.HttpServer2 (HttpServer2.java:addGlobalFilter(975)) - Added global filter 'safety' (class=org.apache.hadoop.http.HttpServer2$QuotingInputFilter)
2019-07-08 14:16:25,297 INFO  http.HttpServer2 (HttpServer2.java:addFilter(948)) - Added filter static_user_filter (class=org.apache.hadoop.http.lib.StaticUserWebFilter$StaticUserFilter) to context hddsDatanode
2019-07-08 14:16:25,298 INFO  http.HttpServer2 (HttpServer2.java:addFilter(958)) - Added filter static_user_filter (class=org.apache.hadoop.http.lib.StaticUserWebFilter$StaticUserFilter) to context static
2019-07-08 14:16:25,298 INFO  http.HttpServer2 (HttpServer2.java:addFilter(958)) - Added filter static_user_filter (class=org.apache.hadoop.http.lib.StaticUserWebFilter$StaticUserFilter) to context logs
2019-07-08 14:16:25,299 INFO  http.HttpServer2 (HttpServer2.java:bindListener(1191)) - Jetty bound to port 33438
2019-07-08 14:16:25,300 INFO  server.Server (Server.java:doStart(351)) - jetty-9.3.24.v20180605, build timestamp: 2018-06-05T17:11:56Z, git hash: 84205aa28f11a4f31f2a3b86d1bba2cc8ab69827
2019-07-08 14:16:25,302 INFO  handler.ContextHandler (ContextHandler.java:doStart(781)) - Started o.e.j.s.ServletContextHandler@3f4cd155{/logs,file:///tmp/workdir/hadoop-ozone/tools/target/log,AVAILABLE}
2019-07-08 14:16:25,310 INFO  handler.ContextHandler (ContextHandler.java:doStart(781)) - Started o.e.j.s.ServletContextHandler@506dcf55{/static,file:///tmp/workdir/hadoop-hdds/container-service/target/classes/webapps/static,AVAILABLE}
2019-07-08 14:16:25,334 INFO  handler.ContextHandler (ContextHandler.java:doStart(781)) - Started o.e.j.w.WebAppContext@6145b81e{/,file:///tmp/workdir/hadoop-hdds/container-service/target/classes/webapps/hddsDatanode/,AVAILABLE}{/hddsDatanode}
2019-07-08 14:16:25,335 INFO  server.AbstractConnector (AbstractConnector.java:doStart(278)) - Started ServerConnector@64355120{HTTP/1.1,[http/1.1]}{0.0.0.0:33438}
2019-07-08 14:16:25,340 INFO  server.Server (Server.java:doStart(419)) - Started @4682ms
2019-07-08 14:16:25,341 INFO  server.BaseHttpServer (BaseHttpServer.java:updateConnectorAddress(207)) - HTTP server of HDDSDATANODE is listening at http://0.0.0.0:33438
2019-07-08 14:16:26,500 INFO  ozone.HddsDatanodeService (HddsDatanodeService.java:startPlugins(396)) - Started plug-in org.apache.hadoop.ozone.web.OzoneHddsDatanodeService@36920bd6
2019-07-08 14:16:26,504 INFO  impl.MetricsSystemImpl (MetricsSystemImpl.java:init(158)) - HddsDatanode metrics system started (again)
2019-07-08 14:16:26,504 INFO  ozone.HddsDatanodeService (HddsDatanodeService.java:start(185)) - HddsDatanodeService host:hdds1735-lppls-1799962220 ip:192.168.5.189
2019-07-08 14:16:26,516 INFO  util.JvmPauseMonitor (JvmPauseMonitor.java:run(188)) - Starting JVM pause monitor
2019-07-08 14:16:26,516 INFO  volume.HddsVolume (HddsVolume.java:<init>(176)) - Creating Volume: /tmp/workdir/hadoop-ozone/tools/target/test-dir/MiniOzoneClusterImpl-95f47a2b-b50b-49ad-8f3a-4fb28fe26398/datanode-1/data/containers/hdds of  storage type : DISK and capacity : 52710309888
2019-07-08 14:16:26,516 INFO  volume.VolumeSet (VolumeSet.java:initializeVolumeSet(170)) - Added Volume : /tmp/workdir/hadoop-ozone/tools/target/test-dir/MiniOzoneClusterImpl-95f47a2b-b50b-49ad-8f3a-4fb28fe26398/datanode-1/data/containers/hdds to VolumeSet
2019-07-08 14:16:26,516 INFO  volume.ThrottledAsyncChecker (ThrottledAsyncChecker.java:schedule(140)) - Scheduling a check for org.apache.hadoop.ozone.container.common.volume.HddsVolume@208f0007
2019-07-08 14:16:26,518 INFO  volume.HddsVolumeChecker (HddsVolumeChecker.java:checkAllVolumes(203)) - Scheduled health check for volume org.apache.hadoop.ozone.container.common.volume.HddsVolume@208f0007
2019-07-08 14:16:26,539 INFO  ratis.XceiverServerRatis (XceiverServerRatis.java:newXceiverServerRatis(411)) - Found a free port for the server : 39250
2019-07-08 14:16:26,542 INFO  impl.RaftServerProxy (ConfUtils.java:logGet(43)) - raft.rpc.type = GRPC (default)
2019-07-08 14:16:26,542 INFO  grpc.GrpcFactory (GrpcFactory.java:checkPooledByteBufAllocatorUseCacheForAllThreads(45)) - PERFORMANCE WARNING: useCacheForAllThreads is true that may cause Netty to create a lot garbage objects and, as a result, trigger GC.
	It is recommended to disable useCacheForAllThreads by setting -Dorg.apache.ratis.thirdparty.io.netty.allocator.useCacheForAllThreads=false in command line.
2019-07-08 14:16:26,542 INFO  grpc.GrpcConfigKeys$Server (ConfUtils.java:logGet(43)) - raft.grpc.server.port = 39250 (custom)
2019-07-08 14:16:26,542 INFO  server.GrpcService (ConfUtils.java:logGet(43)) - raft.grpc.message.size.max = 33570816 (custom)
2019-07-08 14:16:26,543 INFO  server.RaftServerConfigKeys (ConfUtils.java:logGet(43)) - raft.server.log.appender.buffer.byte-limit = 33554432 (custom)
2019-07-08 14:16:26,543 INFO  server.GrpcService (ConfUtils.java:logGet(43)) - raft.grpc.flow.control.window = 1MB (=1048576) (default)
2019-07-08 14:16:26,543 INFO  server.RaftServerConfigKeys (ConfUtils.java:logGet(43)) - raft.server.rpc.request.timeout = 3000ms (default)
2019-07-08 14:16:26,544 INFO  server.RaftServerConfigKeys (ConfUtils.java:logGet(43)) - raft.server.storage.dir = [/tmp/workdir/hadoop-ozone/tools/target/test-dir/MiniOzoneClusterImpl-95f47a2b-b50b-49ad-8f3a-4fb28fe26398/datanode-1/data/ratis] (custom)
2019-07-08 14:16:26,544 INFO  server.XceiverServerGrpc (XceiverServerGrpc.java:<init>(97)) - Found a free port for the server : 43790
2019-07-08 14:16:26,545 INFO  replication.SimpleContainerDownloader (SimpleContainerDownloader.java:<init>(72)) - Starting container downloader service to copy containers to replicate.
2019-07-08 14:16:26,546 INFO  hdfs.DFSUtil (DFSUtil.java:httpServerTemplateForNNAndJN(1641)) - Starting Web-server for hddsDatanode at: http://0.0.0.0:0
2019-07-08 14:16:26,551 INFO  server.AuthenticationFilter (AuthenticationFilter.java:constructSecretProvider(240)) - Unable to initialize FileSignerSecretProvider, falling back to use random secrets.
2019-07-08 14:16:26,554 WARN  http.HttpRequestLog (HttpRequestLog.java:getRequestLog(97)) - Jetty request log can only be enabled using Log4j
2019-07-08 14:16:26,558 INFO  http.HttpServer2 (HttpServer2.java:addGlobalFilter(975)) - Added global filter 'safety' (class=org.apache.hadoop.http.HttpServer2$QuotingInputFilter)
2019-07-08 14:16:26,559 INFO  http.HttpServer2 (HttpServer2.java:addFilter(948)) - Added filter static_user_filter (class=org.apache.hadoop.http.lib.StaticUserWebFilter$StaticUserFilter) to context hddsDatanode
2019-07-08 14:16:26,559 INFO  http.HttpServer2 (HttpServer2.java:addFilter(958)) - Added filter static_user_filter (class=org.apache.hadoop.http.lib.StaticUserWebFilter$StaticUserFilter) to context logs
2019-07-08 14:16:26,561 INFO  http.HttpServer2 (HttpServer2.java:addFilter(958)) - Added filter static_user_filter (class=org.apache.hadoop.http.lib.StaticUserWebFilter$StaticUserFilter) to context static
2019-07-08 14:16:26,563 INFO  http.HttpServer2 (HttpServer2.java:bindListener(1191)) - Jetty bound to port 34381
2019-07-08 14:16:26,563 INFO  server.Server (Server.java:doStart(351)) - jetty-9.3.24.v20180605, build timestamp: 2018-06-05T17:11:56Z, git hash: 84205aa28f11a4f31f2a3b86d1bba2cc8ab69827
2019-07-08 14:16:26,566 INFO  handler.ContextHandler (ContextHandler.java:doStart(781)) - Started o.e.j.s.ServletContextHandler@51dae791{/logs,file:///tmp/workdir/hadoop-ozone/tools/target/log,AVAILABLE}
2019-07-08 14:16:26,567 INFO  handler.ContextHandler (ContextHandler.java:doStart(781)) - Started o.e.j.s.ServletContextHandler@5de5e95{/static,file:///tmp/workdir/hadoop-hdds/container-service/target/classes/webapps/static,AVAILABLE}
2019-07-08 14:16:26,574 INFO  handler.ContextHandler (ContextHandler.java:doStart(781)) - Started o.e.j.w.WebAppContext@34c70b5e{/,file:///tmp/workdir/hadoop-hdds/container-service/target/classes/webapps/hddsDatanode/,AVAILABLE}{/hddsDatanode}
2019-07-08 14:16:26,575 INFO  server.AbstractConnector (AbstractConnector.java:doStart(278)) - Started ServerConnector@4f2d995e{HTTP/1.1,[http/1.1]}{0.0.0.0:34381}
2019-07-08 14:16:26,578 INFO  server.Server (Server.java:doStart(419)) - Started @5921ms
2019-07-08 14:16:26,579 INFO  server.BaseHttpServer (BaseHttpServer.java:updateConnectorAddress(207)) - HTTP server of HDDSDATANODE is listening at http://0.0.0.0:34381
2019-07-08 14:16:26,640 INFO  datanode.InitDatanodeState (InitDatanodeState.java:persistContainerDatanodeDetails(140)) - DatanodeDetails is persisted to /tmp/workdir/hadoop-ozone/tools/target/test-dir/MiniOzoneClusterImpl-95f47a2b-b50b-49ad-8f3a-4fb28fe26398/datanode-0/meta/datanode.id
2019-07-08 14:16:26,736 INFO  ozone.HddsDatanodeService (HddsDatanodeService.java:startPlugins(396)) - Started plug-in org.apache.hadoop.ozone.web.OzoneHddsDatanodeService@696db620
2019-07-08 14:16:26,737 INFO  impl.MetricsSystemImpl (MetricsSystemImpl.java:init(158)) - HddsDatanode metrics system started (again)
2019-07-08 14:16:26,737 INFO  ozone.HddsDatanodeService (HddsDatanodeService.java:start(185)) - HddsDatanodeService host:hdds1735-lppls-1799962220 ip:192.168.5.189
2019-07-08 14:16:26,739 INFO  util.JvmPauseMonitor (JvmPauseMonitor.java:run(188)) - Starting JVM pause monitor
2019-07-08 14:16:26,748 INFO  volume.HddsVolume (HddsVolume.java:<init>(176)) - Creating Volume: /tmp/workdir/hadoop-ozone/tools/target/test-dir/MiniOzoneClusterImpl-95f47a2b-b50b-49ad-8f3a-4fb28fe26398/datanode-2/data/containers/hdds of  storage type : DISK and capacity : 52710309888
2019-07-08 14:16:26,748 INFO  volume.VolumeSet (VolumeSet.java:initializeVolumeSet(170)) - Added Volume : /tmp/workdir/hadoop-ozone/tools/target/test-dir/MiniOzoneClusterImpl-95f47a2b-b50b-49ad-8f3a-4fb28fe26398/datanode-2/data/containers/hdds to VolumeSet
2019-07-08 14:16:26,748 INFO  volume.ThrottledAsyncChecker (ThrottledAsyncChecker.java:schedule(140)) - Scheduling a check for org.apache.hadoop.ozone.container.common.volume.HddsVolume@12a470dd
2019-07-08 14:16:26,749 INFO  volume.HddsVolumeChecker (HddsVolumeChecker.java:checkAllVolumes(203)) - Scheduled health check for volume org.apache.hadoop.ozone.container.common.volume.HddsVolume@12a470dd
2019-07-08 14:16:26,750 INFO  datanode.InitDatanodeState (InitDatanodeState.java:persistContainerDatanodeDetails(140)) - DatanodeDetails is persisted to /tmp/workdir/hadoop-ozone/tools/target/test-dir/MiniOzoneClusterImpl-95f47a2b-b50b-49ad-8f3a-4fb28fe26398/datanode-1/meta/datanode.id
2019-07-08 14:16:26,763 INFO  ratis.XceiverServerRatis (XceiverServerRatis.java:newXceiverServerRatis(411)) - Found a free port for the server : 42514
2019-07-08 14:16:26,765 INFO  impl.RaftServerProxy (ConfUtils.java:logGet(43)) - raft.rpc.type = GRPC (default)
2019-07-08 14:16:26,765 INFO  grpc.GrpcFactory (GrpcFactory.java:checkPooledByteBufAllocatorUseCacheForAllThreads(45)) - PERFORMANCE WARNING: useCacheForAllThreads is true that may cause Netty to create a lot garbage objects and, as a result, trigger GC.
	It is recommended to disable useCacheForAllThreads by setting -Dorg.apache.ratis.thirdparty.io.netty.allocator.useCacheForAllThreads=false in command line.
2019-07-08 14:16:26,765 INFO  grpc.GrpcConfigKeys$Server (ConfUtils.java:logGet(43)) - raft.grpc.server.port = 42514 (custom)
2019-07-08 14:16:26,765 INFO  server.GrpcService (ConfUtils.java:logGet(43)) - raft.grpc.message.size.max = 33570816 (custom)
2019-07-08 14:16:26,766 INFO  server.RaftServerConfigKeys (ConfUtils.java:logGet(43)) - raft.server.log.appender.buffer.byte-limit = 33554432 (custom)
2019-07-08 14:16:26,766 INFO  server.GrpcService (ConfUtils.java:logGet(43)) - raft.grpc.flow.control.window = 1MB (=1048576) (default)
2019-07-08 14:16:26,766 INFO  server.RaftServerConfigKeys (ConfUtils.java:logGet(43)) - raft.server.rpc.request.timeout = 3000ms (default)
2019-07-08 14:16:26,767 INFO  server.RaftServerConfigKeys (ConfUtils.java:logGet(43)) - raft.server.storage.dir = [/tmp/workdir/hadoop-ozone/tools/target/test-dir/MiniOzoneClusterImpl-95f47a2b-b50b-49ad-8f3a-4fb28fe26398/datanode-2/data/ratis] (custom)
2019-07-08 14:16:26,767 INFO  server.XceiverServerGrpc (XceiverServerGrpc.java:<init>(97)) - Found a free port for the server : 37382
2019-07-08 14:16:26,768 INFO  replication.SimpleContainerDownloader (SimpleContainerDownloader.java:<init>(72)) - Starting container downloader service to copy containers to replicate.
2019-07-08 14:16:26,769 INFO  hdfs.DFSUtil (DFSUtil.java:httpServerTemplateForNNAndJN(1641)) - Starting Web-server for hddsDatanode at: http://0.0.0.0:0
2019-07-08 14:16:26,770 INFO  server.AuthenticationFilter (AuthenticationFilter.java:constructSecretProvider(240)) - Unable to initialize FileSignerSecretProvider, falling back to use random secrets.
2019-07-08 14:16:26,770 WARN  http.HttpRequestLog (HttpRequestLog.java:getRequestLog(97)) - Jetty request log can only be enabled using Log4j
2019-07-08 14:16:26,772 INFO  http.HttpServer2 (HttpServer2.java:addGlobalFilter(975)) - Added global filter 'safety' (class=org.apache.hadoop.http.HttpServer2$QuotingInputFilter)
2019-07-08 14:16:26,773 INFO  http.HttpServer2 (HttpServer2.java:addFilter(948)) - Added filter static_user_filter (class=org.apache.hadoop.http.lib.StaticUserWebFilter$StaticUserFilter) to context hddsDatanode
2019-07-08 14:16:26,773 INFO  http.HttpServer2 (HttpServer2.java:addFilter(958)) - Added filter static_user_filter (class=org.apache.hadoop.http.lib.StaticUserWebFilter$StaticUserFilter) to context static
2019-07-08 14:16:26,773 INFO  http.HttpServer2 (HttpServer2.java:addFilter(958)) - Added filter static_user_filter (class=org.apache.hadoop.http.lib.StaticUserWebFilter$StaticUserFilter) to context logs
2019-07-08 14:16:26,774 INFO  http.HttpServer2 (HttpServer2.java:bindListener(1191)) - Jetty bound to port 43123
2019-07-08 14:16:26,774 INFO  server.Server (Server.java:doStart(351)) - jetty-9.3.24.v20180605, build timestamp: 2018-06-05T17:11:56Z, git hash: 84205aa28f11a4f31f2a3b86d1bba2cc8ab69827
2019-07-08 14:16:26,778 INFO  handler.ContextHandler (ContextHandler.java:doStart(781)) - Started o.e.j.s.ServletContextHandler@3a3ed300{/logs,file:///tmp/workdir/hadoop-ozone/tools/target/log,AVAILABLE}
2019-07-08 14:16:26,778 INFO  handler.ContextHandler (ContextHandler.java:doStart(781)) - Started o.e.j.s.ServletContextHandler@39f5b723{/static,file:///tmp/workdir/hadoop-hdds/container-service/target/classes/webapps/static,AVAILABLE}
2019-07-08 14:16:26,782 INFO  handler.ContextHandler (ContextHandler.java:doStart(781)) - Started o.e.j.w.WebAppContext@16736040{/,file:///tmp/workdir/hadoop-hdds/container-service/target/classes/webapps/hddsDatanode/,AVAILABLE}{/hddsDatanode}
2019-07-08 14:16:26,782 INFO  server.AbstractConnector (AbstractConnector.java:doStart(278)) - Started ServerConnector@7c5d1d25{HTTP/1.1,[http/1.1]}{0.0.0.0:43123}
2019-07-08 14:16:26,783 INFO  server.Server (Server.java:doStart(419)) - Started @6127ms
2019-07-08 14:16:26,784 INFO  server.BaseHttpServer (BaseHttpServer.java:updateConnectorAddress(207)) - HTTP server of HDDSDATANODE is listening at http://0.0.0.0:43123
2019-07-08 14:16:26,917 INFO  ozone.HddsDatanodeService (HddsDatanodeService.java:startPlugins(396)) - Started plug-in org.apache.hadoop.ozone.web.OzoneHddsDatanodeService@62cba181
2019-07-08 14:16:26,918 INFO  ozone.MiniOzoneClusterImpl (MiniOzoneClusterImpl.java:lambda$waitForClusterToBeReady$0(142)) - Waiting for cluster to be ready. Got 0 of 3 DN Heartbeats.
2019-07-08 14:16:26,919 INFO  util.JvmPauseMonitor (JvmPauseMonitor.java:run(188)) - Starting JVM pause monitor
2019-07-08 14:16:26,923 INFO  datanode.InitDatanodeState (InitDatanodeState.java:persistContainerDatanodeDetails(140)) - DatanodeDetails is persisted to /tmp/workdir/hadoop-ozone/tools/target/test-dir/MiniOzoneClusterImpl-95f47a2b-b50b-49ad-8f3a-4fb28fe26398/datanode-2/meta/datanode.id
2019-07-08 14:16:27,919 INFO  ozone.MiniOzoneClusterImpl (MiniOzoneClusterImpl.java:lambda$waitForClusterToBeReady$0(142)) - Waiting for cluster to be ready. Got 0 of 3 DN Heartbeats.
2019-07-08 14:16:28,576 INFO  ozoneimpl.OzoneContainer (OzoneContainer.java:start(186)) - Attempting to start container services.
2019-07-08 14:16:28,577 INFO  ozoneimpl.OzoneContainer (OzoneContainer.java:startContainerScrub(160)) - Background container scrubber has been disabled by hdds.containerscrub.enabled
2019-07-08 14:16:28,578 INFO  ratis.XceiverServerRatis (XceiverServerRatis.java:start(428)) - Starting XceiverServerRatis dd4f6cf0-514a-4e4a-8201-b5f480d37d1f at port 43531
2019-07-08 14:16:28,608 INFO  impl.RaftServerProxy (RaftServerProxy.java:lambda$start$3(299)) - dd4f6cf0-514a-4e4a-8201-b5f480d37d1f: start RPC server
2019-07-08 14:16:28,737 INFO  server.GrpcService (GrpcService.java:startImpl(149)) - dd4f6cf0-514a-4e4a-8201-b5f480d37d1f: GrpcService started, listening on 0.0.0.0/0.0.0.0:43531
2019-07-08 14:16:28,755 INFO  ozoneimpl.OzoneContainer (OzoneContainer.java:start(186)) - Attempting to start container services.
2019-07-08 14:16:28,757 INFO  ozoneimpl.OzoneContainer (OzoneContainer.java:startContainerScrub(160)) - Background container scrubber has been disabled by hdds.containerscrub.enabled
2019-07-08 14:16:28,757 INFO  ratis.XceiverServerRatis (XceiverServerRatis.java:start(428)) - Starting XceiverServerRatis c970e7a9-f7cc-49ef-90fe-80fb73e1d67c at port 39250
2019-07-08 14:16:28,768 INFO  impl.RaftServerProxy (RaftServerProxy.java:lambda$start$3(299)) - c970e7a9-f7cc-49ef-90fe-80fb73e1d67c: start RPC server
2019-07-08 14:16:28,772 INFO  server.GrpcService (GrpcService.java:startImpl(149)) - c970e7a9-f7cc-49ef-90fe-80fb73e1d67c: GrpcService started, listening on 0.0.0.0/0.0.0.0:39250
2019-07-08 14:16:28,920 INFO  ozone.MiniOzoneClusterImpl (MiniOzoneClusterImpl.java:lambda$waitForClusterToBeReady$0(142)) - Waiting for cluster to be ready. Got 0 of 3 DN Heartbeats.
2019-07-08 14:16:28,928 INFO  ozoneimpl.OzoneContainer (OzoneContainer.java:start(186)) - Attempting to start container services.
2019-07-08 14:16:28,930 INFO  ozoneimpl.OzoneContainer (OzoneContainer.java:startContainerScrub(160)) - Background container scrubber has been disabled by hdds.containerscrub.enabled
2019-07-08 14:16:28,930 INFO  ratis.XceiverServerRatis (XceiverServerRatis.java:start(428)) - Starting XceiverServerRatis 5287de9c-05a3-4266-ba1a-eecd616781d3 at port 42514
2019-07-08 14:16:28,989 INFO  impl.RaftServerProxy (RaftServerProxy.java:lambda$start$3(299)) - 5287de9c-05a3-4266-ba1a-eecd616781d3: start RPC server
2019-07-08 14:16:28,993 INFO  server.GrpcService (GrpcService.java:startImpl(149)) - 5287de9c-05a3-4266-ba1a-eecd616781d3: GrpcService started, listening on 0.0.0.0/0.0.0.0:42514
2019-07-08 14:16:29,923 INFO  ozone.MiniOzoneClusterImpl (MiniOzoneClusterImpl.java:lambda$waitForClusterToBeReady$0(142)) - Waiting for cluster to be ready. Got 0 of 3 DN Heartbeats.
2019-07-08 14:16:30,555 INFO  net.NetworkTopology (NetworkTopologyImpl.java:add(109)) - Added a new node: /default-rack/192.168.5.189
2019-07-08 14:16:30,556 INFO  node.SCMNodeManager (SCMNodeManager.java:register(268)) - Registered Data node : dd4f6cf0-514a-4e4a-8201-b5f480d37d1f{ip: 192.168.5.189, host: hdds1735-lppls-1799962220, networkLocation: /default-rack, certSerialId: null}
2019-07-08 14:16:30,562 INFO  safemode.SCMSafeModeManager (DataNodeSafeModeRule.java:process(71)) - SCM in safe mode. 1 DataNodes registered, 1 required.
2019-07-08 14:16:30,562 INFO  safemode.SCMSafeModeManager (SCMSafeModeManager.java:validateSafeModeExitRules(177)) - ScmSafeModeManager, all rules are successfully validated
2019-07-08 14:16:30,562 INFO  safemode.SCMSafeModeManager (SCMSafeModeManager.java:exitSafeMode(193)) - SCM exiting safe mode.
2019-07-08 14:16:30,741 INFO  node.SCMNodeManager (SCMNodeManager.java:register(268)) - Registered Data node : c970e7a9-f7cc-49ef-90fe-80fb73e1d67c{ip: 192.168.5.189, host: hdds1735-lppls-1799962220, networkLocation: /default-rack, certSerialId: null}
2019-07-08 14:16:30,923 INFO  node.SCMNodeManager (SCMNodeManager.java:register(268)) - Registered Data node : 5287de9c-05a3-4266-ba1a-eecd616781d3{ip: 192.168.5.189, host: hdds1735-lppls-1799962220, networkLocation: /default-rack, certSerialId: null}
2019-07-08 14:16:30,923 INFO  ozone.MiniOzoneClusterImpl (MiniOzoneClusterImpl.java:lambda$waitForClusterToBeReady$0(142)) - Cluster is ready. Got 3 of 3 DN Heartbeats.
2019-07-08 14:16:31,450 INFO  impl.RaftServerProxy (RaftServerProxy.java:addNew(89)) - dd4f6cf0-514a-4e4a-8201-b5f480d37d1f: addNew group-F8E64B0D0905:[dd4f6cf0-514a-4e4a-8201-b5f480d37d1f:192.168.5.189:43531] returns group-F8E64B0D0905:java.util.concurrent.CompletableFuture@4110cf47[Not completed]
2019-07-08 14:16:31,472 INFO  impl.RaftServerImpl (RaftServerImpl.java:<init>(93)) - dd4f6cf0-514a-4e4a-8201-b5f480d37d1f: new RaftServerImpl for group-F8E64B0D0905:[dd4f6cf0-514a-4e4a-8201-b5f480d37d1f:192.168.5.189:43531] with ContainerStateMachine:uninitialized
2019-07-08 14:16:31,476 INFO  server.RaftServerConfigKeys (ConfUtils.java:logGet(43)) - raft.server.rpc.timeout.min = 1s (custom)
2019-07-08 14:16:31,477 INFO  server.RaftServerConfigKeys (ConfUtils.java:logGet(43)) - raft.server.rpc.timeout.max = 1200ms (custom)
2019-07-08 14:16:31,477 INFO  server.RaftServerConfigKeys (ConfUtils.java:logGet(43)) - raft.server.rpcslowness.timeout = 120s (custom)
2019-07-08 14:16:31,478 INFO  server.RaftServerConfigKeys (ConfUtils.java:logGet(43)) - raft.server.sleep.deviation.threshold = 300 (default)
2019-07-08 14:16:31,479 INFO  server.RaftServerConfigKeys (ConfUtils.java:logGet(43)) - raft.server.log.appender.install.snapshot.enabled = false (custom)
2019-07-08 14:16:31,489 INFO  impl.RaftServerImpl (ServerState.java:<init>(105)) - dd4f6cf0-514a-4e4a-8201-b5f480d37d1f:group-F8E64B0D0905 ConfigurationManager, init=-1: [dd4f6cf0-514a-4e4a-8201-b5f480d37d1f:192.168.5.189:43531], old=null, confs=<EMPTY_MAP>
2019-07-08 14:16:31,489 INFO  server.RaftServerConfigKeys (ConfUtils.java:logGet(43)) - raft.server.storage.dir = [/tmp/workdir/hadoop-ozone/tools/target/test-dir/MiniOzoneClusterImpl-95f47a2b-b50b-49ad-8f3a-4fb28fe26398/datanode-0/data/ratis] (custom)
2019-07-08 14:16:31,498 INFO  storage.RaftStorageDirectory (RaftStorageDirectory.java:analyzeStorage(246)) - The storage directory /tmp/workdir/hadoop-ozone/tools/target/test-dir/MiniOzoneClusterImpl-95f47a2b-b50b-49ad-8f3a-4fb28fe26398/datanode-0/data/ratis/1c8a69d5-24f5-4fdf-b2b7-f8e64b0d0905 does not exist. Creating ...
2019-07-08 14:16:31,516 INFO  storage.RaftStorageDirectory (RaftStorageDirectory.java:tryLock(328)) - Lock on /tmp/workdir/hadoop-ozone/tools/target/test-dir/MiniOzoneClusterImpl-95f47a2b-b50b-49ad-8f3a-4fb28fe26398/datanode-0/data/ratis/1c8a69d5-24f5-4fdf-b2b7-f8e64b0d0905/in_use.lock acquired by nodename 20425@hdds1735-lppls-1799962220
2019-07-08 14:16:31,521 INFO  storage.RaftStorage (RaftStorage.java:format(72)) - Storage directory /tmp/workdir/hadoop-ozone/tools/target/test-dir/MiniOzoneClusterImpl-95f47a2b-b50b-49ad-8f3a-4fb28fe26398/datanode-0/data/ratis/1c8a69d5-24f5-4fdf-b2b7-f8e64b0d0905 has been successfully formatted.
2019-07-08 14:16:31,524 INFO  ratis.ContainerStateMachine (ContainerStateMachine.java:loadSnapshot(198)) - The snapshot info is null.Setting the last applied index to:(t:0, i:~)
2019-07-08 14:16:31,525 INFO  server.RaftServerConfigKeys (ConfUtils.java:logGet(43)) - raft.server.leader.election.timeout = 120s (custom)
2019-07-08 14:16:31,528 INFO  server.RaftServerConfigKeys (ConfUtils.java:logGet(43)) - raft.server.log.use.memory = false (default)
2019-07-08 14:16:31,535 INFO  server.RaftServerConfigKeys (ConfUtils.java:logGet(43)) - raft.server.log.purge.gap = 1000000000 (custom)
2019-07-08 14:16:31,535 INFO  server.RaftServerConfigKeys (ConfUtils.java:logGet(43)) - raft.server.log.appender.buffer.byte-limit = 33554432 (custom)
2019-07-08 14:16:31,537 INFO  server.RaftServerConfigKeys (ConfUtils.java:logGet(43)) - raft.server.log.segment.size.max = 1048576 (custom)
2019-07-08 14:16:31,543 INFO  server.RaftServerConfigKeys (ConfUtils.java:logGet(43)) - raft.server.log.segment.cache.num.max = 2 (custom)
2019-07-08 14:16:31,551 INFO  segmented.SegmentedRaftLogWorker (SegmentedRaftLogWorker.java:<init>(172)) - new dd4f6cf0-514a-4e4a-8201-b5f480d37d1f-SegmentedRaftLogWorker:Storage Directory /tmp/workdir/hadoop-ozone/tools/target/test-dir/MiniOzoneClusterImpl-95f47a2b-b50b-49ad-8f3a-4fb28fe26398/datanode-0/data/ratis/1c8a69d5-24f5-4fdf-b2b7-f8e64b0d0905 for RaftStorage:Storage Directory /tmp/workdir/hadoop-ozone/tools/target/test-dir/MiniOzoneClusterImpl-95f47a2b-b50b-49ad-8f3a-4fb28fe26398/datanode-0/data/ratis/1c8a69d5-24f5-4fdf-b2b7-f8e64b0d0905
2019-07-08 14:16:31,567 INFO  server.RaftServerConfigKeys (ConfUtils.java:logGet(43)) - raft.server.log.queue.byte-limit = 2147483647 (custom)
2019-07-08 14:16:31,568 INFO  server.RaftServerConfigKeys (ConfUtils.java:logGet(43)) - raft.server.log.queue.element-limit = 1024 (custom)
2019-07-08 14:16:31,574 INFO  server.RaftServerConfigKeys (ConfUtils.java:logGet(43)) - raft.server.log.segment.size.max = 1048576 (custom)
2019-07-08 14:16:31,574 INFO  server.RaftServerConfigKeys (ConfUtils.java:logGet(43)) - raft.server.log.preallocated.size = 16384 (custom)
2019-07-08 14:16:31,575 INFO  server.RaftServerConfigKeys (ConfUtils.java:logGet(43)) - raft.server.log.write.buffer.size = 33554432 (custom)
2019-07-08 14:16:31,576 INFO  server.RaftServerConfigKeys (ConfUtils.java:logGet(43)) - raft.server.log.force.sync.num = 128 (default)
2019-07-08 14:16:31,577 INFO  server.RaftServerConfigKeys (ConfUtils.java:logGet(43)) - raft.server.log.statemachine.data.sync = true (default)
2019-07-08 14:16:31,577 INFO  server.RaftServerConfigKeys (ConfUtils.java:logGet(43)) - raft.server.log.statemachine.data.sync.timeout = 10s (default)
2019-07-08 14:16:31,577 INFO  server.RaftServerConfigKeys (ConfUtils.java:logGet(43)) - raft.server.log.statemachine.data.sync.timeout.retry = -1 (default)
2019-07-08 14:16:31,587 INFO  server.RaftServerConfigKeys (ConfUtils.java:logGet(43)) - raft.server.log.statemachine.data.caching.enabled = true (custom)
2019-07-08 14:16:31,592 INFO  segmented.SegmentedRaftLogWorker (SegmentedRaftLogWorker.java:lambda$new$0(132)) - dd4f6cf0-514a-4e4a-8201-b5f480d37d1f-SegmentedRaftLogWorker:Storage Directory /tmp/workdir/hadoop-ozone/tools/target/test-dir/MiniOzoneClusterImpl-95f47a2b-b50b-49ad-8f3a-4fb28fe26398/datanode-0/data/ratis/1c8a69d5-24f5-4fdf-b2b7-f8e64b0d0905: flushIndex: setUnconditionally 0 -> -1
2019-07-08 14:16:31,596 INFO  server.RaftServerConfigKeys (ConfUtils.java:logGet(43)) - raft.server.snapshot.auto.trigger.enabled = true (custom)
2019-07-08 14:16:31,597 INFO  server.RaftServerConfigKeys (ConfUtils.java:logGet(43)) - raft.server.snapshot.auto.trigger.threshold = 10000 (custom)
2019-07-08 14:16:31,597 INFO  server.RaftServerConfigKeys (ConfUtils.java:logGet(43)) - raft.server.retrycache.expirytime = 600000ms (custom)
2019-07-08 14:16:31,619 INFO  impl.RaftServerImpl (RaftServerImpl.java:start(180)) - dd4f6cf0-514a-4e4a-8201-b5f480d37d1f: start group-F8E64B0D0905
2019-07-08 14:16:31,620 INFO  impl.RaftServerImpl (RaftServerImpl.java:setRole(171)) - dd4f6cf0-514a-4e4a-8201-b5f480d37d1f:group-F8E64B0D0905 changes role from null to FOLLOWER at term 0 for startAsFollower
2019-07-08 14:16:31,621 INFO  impl.RoleInfo (RoleInfo.java:updateAndGet(143)) - dd4f6cf0-514a-4e4a-8201-b5f480d37d1f: start FollowerState
2019-07-08 14:16:31,623 INFO  util.JmxRegister (JmxRegister.java:tryRegister(44)) - Successfully registered JMX Bean with object name Ratis:service=RaftServer,group=group-F8E64B0D0905,id=dd4f6cf0-514a-4e4a-8201-b5f480d37d1f
2019-07-08 14:16:31,640 INFO  freon.RandomKeyGenerator (RandomKeyGenerator.java:call(262)) - Number of Threads: 10
2019-07-08 14:16:31,643 INFO  freon.RandomKeyGenerator (RandomKeyGenerator.java:call(267)) - Number of Volumes: 1.
2019-07-08 14:16:31,643 INFO  freon.RandomKeyGenerator (RandomKeyGenerator.java:call(268)) - Number of Buckets per Volume: 1.
2019-07-08 14:16:31,643 INFO  freon.RandomKeyGenerator (RandomKeyGenerator.java:call(269)) - Number of Keys per Bucket: 1.
2019-07-08 14:16:31,643 INFO  freon.RandomKeyGenerator (RandomKeyGenerator.java:call(270)) - Key size: 20971520 bytes
2019-07-08 14:16:31,643 INFO  freon.RandomKeyGenerator (RandomKeyGenerator.java:call(271)) - Buffer size: 4096 bytes
2019-07-08 14:16:31,645 INFO  freon.RandomKeyGenerator (RandomKeyGenerator.java:call(286)) - Data validation is enabled.
2019-07-08 14:16:31,646 INFO  freon.RandomKeyGenerator (RandomKeyGenerator.java:call(299)) - Starting progress bar Thread.

 0.00% |█                                                                                                    |  0/1 Time: 0:00:002019-07-08 14:16:31,675 INFO  rpc.RpcClient (RpcClient.java:createVolume(289)) - Creating Volume: vol-0-83462, with jenkins1000 as owner.
2019-07-08 14:16:31,685 INFO  pipeline.PipelineStateManager (PipelineStateManager.java:addPipeline(56)) - Created pipeline Pipeline[ Id: 1c8a69d5-24f5-4fdf-b2b7-f8e64b0d0905, Nodes: dd4f6cf0-514a-4e4a-8201-b5f480d37d1f{ip: 192.168.5.189, host: hdds1735-lppls-1799962220, networkLocation: /default-rack, certSerialId: null}, Type:RATIS, Factor:ONE, State:OPEN]
2019-07-08 14:16:31,703 INFO  impl.RaftServerProxy (RaftServerProxy.java:addNew(89)) - c970e7a9-f7cc-49ef-90fe-80fb73e1d67c: addNew group-8EC1E8449144:[c970e7a9-f7cc-49ef-90fe-80fb73e1d67c:192.168.5.189:39250] returns group-8EC1E8449144:java.util.concurrent.CompletableFuture@61175972[Not completed]
2019-07-08 14:16:31,730 INFO  impl.RaftServerImpl (RaftServerImpl.java:<init>(93)) - c970e7a9-f7cc-49ef-90fe-80fb73e1d67c: new RaftServerImpl for group-8EC1E8449144:[c970e7a9-f7cc-49ef-90fe-80fb73e1d67c:192.168.5.189:39250] with ContainerStateMachine:uninitialized
2019-07-08 14:16:31,732 INFO  server.RaftServerConfigKeys (ConfUtils.java:logGet(43)) - raft.server.rpc.timeout.min = 1s (custom)
2019-07-08 14:16:31,733 INFO  server.RaftServerConfigKeys (ConfUtils.java:logGet(43)) - raft.server.rpc.timeout.max = 1200ms (custom)
2019-07-08 14:16:31,733 INFO  server.RaftServerConfigKeys (ConfUtils.java:logGet(43)) - raft.server.rpcslowness.timeout = 120s (custom)
2019-07-08 14:16:31,733 INFO  server.RaftServerConfigKeys (ConfUtils.java:logGet(43)) - raft.server.sleep.deviation.threshold = 300 (default)
2019-07-08 14:16:31,733 INFO  server.RaftServerConfigKeys (ConfUtils.java:logGet(43)) - raft.server.log.appender.install.snapshot.enabled = false (custom)
2019-07-08 14:16:31,733 INFO  impl.RaftServerImpl (ServerState.java:<init>(105)) - c970e7a9-f7cc-49ef-90fe-80fb73e1d67c:group-8EC1E8449144 ConfigurationManager, init=-1: [c970e7a9-f7cc-49ef-90fe-80fb73e1d67c:192.168.5.189:39250], old=null, confs=<EMPTY_MAP>
2019-07-08 14:16:31,733 INFO  server.RaftServerConfigKeys (ConfUtils.java:logGet(43)) - raft.server.storage.dir = [/tmp/workdir/hadoop-ozone/tools/target/test-dir/MiniOzoneClusterImpl-95f47a2b-b50b-49ad-8f3a-4fb28fe26398/datanode-1/data/ratis] (custom)
2019-07-08 14:16:31,734 INFO  storage.RaftStorageDirectory (RaftStorageDirectory.java:analyzeStorage(246)) - The storage directory /tmp/workdir/hadoop-ozone/tools/target/test-dir/MiniOzoneClusterImpl-95f47a2b-b50b-49ad-8f3a-4fb28fe26398/datanode-1/data/ratis/b53696af-08b4-46cb-b742-8ec1e8449144 does not exist. Creating ...
2019-07-08 14:16:31,739 INFO  storage.RaftStorageDirectory (RaftStorageDirectory.java:tryLock(328)) - Lock on /tmp/workdir/hadoop-ozone/tools/target/test-dir/MiniOzoneClusterImpl-95f47a2b-b50b-49ad-8f3a-4fb28fe26398/datanode-1/data/ratis/b53696af-08b4-46cb-b742-8ec1e8449144/in_use.lock acquired by nodename 20425@hdds1735-lppls-1799962220
2019-07-08 14:16:31,743 INFO  storage.RaftStorage (RaftStorage.java:format(72)) - Storage directory /tmp/workdir/hadoop-ozone/tools/target/test-dir/MiniOzoneClusterImpl-95f47a2b-b50b-49ad-8f3a-4fb28fe26398/datanode-1/data/ratis/b53696af-08b4-46cb-b742-8ec1e8449144 has been successfully formatted.
2019-07-08 14:16:31,744 INFO  ratis.ContainerStateMachine (ContainerStateMachine.java:loadSnapshot(198)) - The snapshot info is null.Setting the last applied index to:(t:0, i:~)
2019-07-08 14:16:31,745 INFO  server.RaftServerConfigKeys (ConfUtils.java:logGet(43)) - raft.server.leader.election.timeout = 120s (custom)
2019-07-08 14:16:31,745 INFO  server.RaftServerConfigKeys (ConfUtils.java:logGet(43)) - raft.server.log.use.memory = false (default)
2019-07-08 14:16:31,745 INFO  server.RaftServerConfigKeys (ConfUtils.java:logGet(43)) - raft.server.log.purge.gap = 1000000000 (custom)
2019-07-08 14:16:31,745 INFO  server.RaftServerConfigKeys (ConfUtils.java:logGet(43)) - raft.server.log.appender.buffer.byte-limit = 33554432 (custom)
2019-07-08 14:16:31,745 INFO  server.RaftServerConfigKeys (ConfUtils.java:logGet(43)) - raft.server.log.segment.size.max = 1048576 (custom)
2019-07-08 14:16:31,745 INFO  server.RaftServerConfigKeys (ConfUtils.java:logGet(43)) - raft.server.log.segment.cache.num.max = 2 (custom)
2019-07-08 14:16:31,746 INFO  segmented.SegmentedRaftLogWorker (SegmentedRaftLogWorker.java:<init>(172)) - new c970e7a9-f7cc-49ef-90fe-80fb73e1d67c-SegmentedRaftLogWorker:Storage Directory /tmp/workdir/hadoop-ozone/tools/target/test-dir/MiniOzoneClusterImpl-95f47a2b-b50b-49ad-8f3a-4fb28fe26398/datanode-1/data/ratis/b53696af-08b4-46cb-b742-8ec1e8449144 for RaftStorage:Storage Directory /tmp/workdir/hadoop-ozone/tools/target/test-dir/MiniOzoneClusterImpl-95f47a2b-b50b-49ad-8f3a-4fb28fe26398/datanode-1/data/ratis/b53696af-08b4-46cb-b742-8ec1e8449144
2019-07-08 14:16:31,748 INFO  server.RaftServerConfigKeys (ConfUtils.java:logGet(43)) - raft.server.log.queue.byte-limit = 2147483647 (custom)
2019-07-08 14:16:31,748 INFO  server.RaftServerConfigKeys (ConfUtils.java:logGet(43)) - raft.server.log.queue.element-limit = 1024 (custom)
2019-07-08 14:16:31,748 INFO  server.RaftServerConfigKeys (ConfUtils.java:logGet(43)) - raft.server.log.segment.size.max = 1048576 (custom)
2019-07-08 14:16:31,748 INFO  server.RaftServerConfigKeys (ConfUtils.java:logGet(43)) - raft.server.log.preallocated.size = 16384 (custom)
2019-07-08 14:16:31,749 INFO  server.RaftServerConfigKeys (ConfUtils.java:logGet(43)) - raft.server.log.write.buffer.size = 33554432 (custom)
2019-07-08 14:16:31,749 INFO  server.RaftServerConfigKeys (ConfUtils.java:logGet(43)) - raft.server.log.force.sync.num = 128 (default)
2019-07-08 14:16:31,749 INFO  server.RaftServerConfigKeys (ConfUtils.java:logGet(43)) - raft.server.log.statemachine.data.sync = true (default)
2019-07-08 14:16:31,749 INFO  server.RaftServerConfigKeys (ConfUtils.java:logGet(43)) - raft.server.log.statemachine.data.sync.timeout = 10s (default)
2019-07-08 14:16:31,749 INFO  server.RaftServerConfigKeys (ConfUtils.java:logGet(43)) - raft.server.log.statemachine.data.sync.timeout.retry = -1 (default)
2019-07-08 14:16:31,750 INFO  server.RaftServerConfigKeys (ConfUtils.java:logGet(43)) - raft.server.log.statemachine.data.caching.enabled = true (custom)
2019-07-08 14:16:31,750 INFO  segmented.SegmentedRaftLogWorker (SegmentedRaftLogWorker.java:lambda$new$0(132)) - c970e7a9-f7cc-49ef-90fe-80fb73e1d67c-SegmentedRaftLogWorker:Storage Directory /tmp/workdir/hadoop-ozone/tools/target/test-dir/MiniOzoneClusterImpl-95f47a2b-b50b-49ad-8f3a-4fb28fe26398/datanode-1/data/ratis/b53696af-08b4-46cb-b742-8ec1e8449144: flushIndex: setUnconditionally 0 -> -1
2019-07-08 14:16:31,750 INFO  server.RaftServerConfigKeys (ConfUtils.java:logGet(43)) - raft.server.snapshot.auto.trigger.enabled = true (custom)
2019-07-08 14:16:31,751 INFO  server.RaftServerConfigKeys (ConfUtils.java:logGet(43)) - raft.server.snapshot.auto.trigger.threshold = 10000 (custom)
2019-07-08 14:16:31,751 INFO  server.RaftServerConfigKeys (ConfUtils.java:logGet(43)) - raft.server.retrycache.expirytime = 600000ms (custom)
2019-07-08 14:16:31,751 INFO  impl.RaftServerImpl (RaftServerImpl.java:start(180)) - c970e7a9-f7cc-49ef-90fe-80fb73e1d67c: start group-8EC1E8449144
2019-07-08 14:16:31,751 INFO  impl.RaftServerImpl (RaftServerImpl.java:setRole(171)) - c970e7a9-f7cc-49ef-90fe-80fb73e1d67c:group-8EC1E8449144 changes role from null to FOLLOWER at term 0 for startAsFollower
2019-07-08 14:16:31,751 INFO  impl.RoleInfo (RoleInfo.java:updateAndGet(143)) - c970e7a9-f7cc-49ef-90fe-80fb73e1d67c: start FollowerState
2019-07-08 14:16:31,752 INFO  rpc.RpcClient (RpcClient.java:createBucket(426)) - Creating Bucket: vol-0-83462/bucket-0-39776, with Versioning false and Storage Type set to DISK and Encryption set to false 
2019-07-08 14:16:31,754 INFO  util.JmxRegister (JmxRegister.java:tryRegister(44)) - Successfully registered JMX Bean with object name Ratis:service=RaftServer,group=group-8EC1E8449144,id=c970e7a9-f7cc-49ef-90fe-80fb73e1d67c
2019-07-08 14:16:31,770 INFO  pipeline.PipelineStateManager (PipelineStateManager.java:addPipeline(56)) - Created pipeline Pipeline[ Id: b53696af-08b4-46cb-b742-8ec1e8449144, Nodes: c970e7a9-f7cc-49ef-90fe-80fb73e1d67c{ip: 192.168.5.189, host: hdds1735-lppls-1799962220, networkLocation: /default-rack, certSerialId: null}, Type:RATIS, Factor:ONE, State:OPEN]
2019-07-08 14:16:31,793 INFO  impl.RaftServerProxy (RaftServerProxy.java:addNew(89)) - 5287de9c-05a3-4266-ba1a-eecd616781d3: addNew group-F14E81D3D6F0:[5287de9c-05a3-4266-ba1a-eecd616781d3:192.168.5.189:42514] returns group-F14E81D3D6F0:java.util.concurrent.CompletableFuture@793a8a68[Not completed]
2019-07-08 14:16:31,797 INFO  impl.RaftServerImpl (RaftServerImpl.java:<init>(93)) - 5287de9c-05a3-4266-ba1a-eecd616781d3: new RaftServerImpl for group-F14E81D3D6F0:[5287de9c-05a3-4266-ba1a-eecd616781d3:192.168.5.189:42514] with ContainerStateMachine:uninitialized
2019-07-08 14:16:31,799 INFO  server.RaftServerConfigKeys (ConfUtils.java:logGet(43)) - raft.server.rpc.timeout.min = 1s (custom)
2019-07-08 14:16:31,799 INFO  server.RaftServerConfigKeys (ConfUtils.java:logGet(43)) - raft.server.rpc.timeout.max = 1200ms (custom)
2019-07-08 14:16:31,799 INFO  server.RaftServerConfigKeys (ConfUtils.java:logGet(43)) - raft.server.rpcslowness.timeout = 120s (custom)
2019-07-08 14:16:31,799 INFO  server.RaftServerConfigKeys (ConfUtils.java:logGet(43)) - raft.server.sleep.deviation.threshold = 300 (default)
2019-07-08 14:16:31,799 INFO  server.RaftServerConfigKeys (ConfUtils.java:logGet(43)) - raft.server.log.appender.install.snapshot.enabled = false (custom)
2019-07-08 14:16:31,799 INFO  impl.RaftServerImpl (ServerState.java:<init>(105)) - 5287de9c-05a3-4266-ba1a-eecd616781d3:group-F14E81D3D6F0 ConfigurationManager, init=-1: [5287de9c-05a3-4266-ba1a-eecd616781d3:192.168.5.189:42514], old=null, confs=<EMPTY_MAP>
2019-07-08 14:16:31,800 INFO  server.RaftServerConfigKeys (ConfUtils.java:logGet(43)) - raft.server.storage.dir = [/tmp/workdir/hadoop-ozone/tools/target/test-dir/MiniOzoneClusterImpl-95f47a2b-b50b-49ad-8f3a-4fb28fe26398/datanode-2/data/ratis] (custom)
2019-07-08 14:16:31,800 INFO  storage.RaftStorageDirectory (RaftStorageDirectory.java:analyzeStorage(246)) - The storage directory /tmp/workdir/hadoop-ozone/tools/target/test-dir/MiniOzoneClusterImpl-95f47a2b-b50b-49ad-8f3a-4fb28fe26398/datanode-2/data/ratis/23df8241-61fb-4a65-ad29-f14e81d3d6f0 does not exist. Creating ...
2019-07-08 14:16:31,812 INFO  storage.RaftStorageDirectory (RaftStorageDirectory.java:tryLock(328)) - Lock on /tmp/workdir/hadoop-ozone/tools/target/test-dir/MiniOzoneClusterImpl-95f47a2b-b50b-49ad-8f3a-4fb28fe26398/datanode-2/data/ratis/23df8241-61fb-4a65-ad29-f14e81d3d6f0/in_use.lock acquired by nodename 20425@hdds1735-lppls-1799962220
2019-07-08 14:16:31,816 INFO  storage.RaftStorage (RaftStorage.java:format(72)) - Storage directory /tmp/workdir/hadoop-ozone/tools/target/test-dir/MiniOzoneClusterImpl-95f47a2b-b50b-49ad-8f3a-4fb28fe26398/datanode-2/data/ratis/23df8241-61fb-4a65-ad29-f14e81d3d6f0 has been successfully formatted.
2019-07-08 14:16:31,816 INFO  ratis.ContainerStateMachine (ContainerStateMachine.java:loadSnapshot(198)) - The snapshot info is null.Setting the last applied index to:(t:0, i:~)
2019-07-08 14:16:31,816 INFO  server.RaftServerConfigKeys (ConfUtils.java:logGet(43)) - raft.server.leader.election.timeout = 120s (custom)
2019-07-08 14:16:31,816 INFO  server.RaftServerConfigKeys (ConfUtils.java:logGet(43)) - raft.server.log.use.memory = false (default)
2019-07-08 14:16:31,817 INFO  server.RaftServerConfigKeys (ConfUtils.java:logGet(43)) - raft.server.log.purge.gap = 1000000000 (custom)
2019-07-08 14:16:31,817 INFO  server.RaftServerConfigKeys (ConfUtils.java:logGet(43)) - raft.server.log.appender.buffer.byte-limit = 33554432 (custom)
2019-07-08 14:16:31,817 INFO  server.RaftServerConfigKeys (ConfUtils.java:logGet(43)) - raft.server.log.segment.size.max = 1048576 (custom)
2019-07-08 14:16:31,817 INFO  server.RaftServerConfigKeys (ConfUtils.java:logGet(43)) - raft.server.log.segment.cache.num.max = 2 (custom)
2019-07-08 14:16:31,817 INFO  segmented.SegmentedRaftLogWorker (SegmentedRaftLogWorker.java:<init>(172)) - new 5287de9c-05a3-4266-ba1a-eecd616781d3-SegmentedRaftLogWorker:Storage Directory /tmp/workdir/hadoop-ozone/tools/target/test-dir/MiniOzoneClusterImpl-95f47a2b-b50b-49ad-8f3a-4fb28fe26398/datanode-2/data/ratis/23df8241-61fb-4a65-ad29-f14e81d3d6f0 for RaftStorage:Storage Directory /tmp/workdir/hadoop-ozone/tools/target/test-dir/MiniOzoneClusterImpl-95f47a2b-b50b-49ad-8f3a-4fb28fe26398/datanode-2/data/ratis/23df8241-61fb-4a65-ad29-f14e81d3d6f0
2019-07-08 14:16:31,818 INFO  server.RaftServerConfigKeys (ConfUtils.java:logGet(43)) - raft.server.log.queue.byte-limit = 2147483647 (custom)
2019-07-08 14:16:31,818 INFO  server.RaftServerConfigKeys (ConfUtils.java:logGet(43)) - raft.server.log.queue.element-limit = 1024 (custom)
2019-07-08 14:16:31,819 INFO  server.RaftServerConfigKeys (ConfUtils.java:logGet(43)) - raft.server.log.segment.size.max = 1048576 (custom)
2019-07-08 14:16:31,819 INFO  server.RaftServerConfigKeys (ConfUtils.java:logGet(43)) - raft.server.log.preallocated.size = 16384 (custom)
2019-07-08 14:16:31,819 INFO  server.RaftServerConfigKeys (ConfUtils.java:logGet(43)) - raft.server.log.write.buffer.size = 33554432 (custom)
2019-07-08 14:16:31,819 INFO  server.RaftServerConfigKeys (ConfUtils.java:logGet(43)) - raft.server.log.force.sync.num = 128 (default)
2019-07-08 14:16:31,819 INFO  server.RaftServerConfigKeys (ConfUtils.java:logGet(43)) - raft.server.log.statemachine.data.sync = true (default)
2019-07-08 14:16:31,819 INFO  server.RaftServerConfigKeys (ConfUtils.java:logGet(43)) - raft.server.log.statemachine.data.sync.timeout = 10s (default)
2019-07-08 14:16:31,820 INFO  server.RaftServerConfigKeys (ConfUtils.java:logGet(43)) - raft.server.log.statemachine.data.sync.timeout.retry = -1 (default)
2019-07-08 14:16:31,820 INFO  server.RaftServerConfigKeys (ConfUtils.java:logGet(43)) - raft.server.log.statemachine.data.caching.enabled = true (custom)
2019-07-08 14:16:31,820 INFO  segmented.SegmentedRaftLogWorker (SegmentedRaftLogWorker.java:lambda$new$0(132)) - 5287de9c-05a3-4266-ba1a-eecd616781d3-SegmentedRaftLogWorker:Storage Directory /tmp/workdir/hadoop-ozone/tools/target/test-dir/MiniOzoneClusterImpl-95f47a2b-b50b-49ad-8f3a-4fb28fe26398/datanode-2/data/ratis/23df8241-61fb-4a65-ad29-f14e81d3d6f0: flushIndex: setUnconditionally 0 -> -1
2019-07-08 14:16:31,821 INFO  server.RaftServerConfigKeys (ConfUtils.java:logGet(43)) - raft.server.snapshot.auto.trigger.enabled = true (custom)
2019-07-08 14:16:31,821 INFO  server.RaftServerConfigKeys (ConfUtils.java:logGet(43)) - raft.server.snapshot.auto.trigger.threshold = 10000 (custom)
2019-07-08 14:16:31,821 INFO  server.RaftServerConfigKeys (ConfUtils.java:logGet(43)) - raft.server.retrycache.expirytime = 600000ms (custom)
2019-07-08 14:16:31,821 INFO  impl.RaftServerImpl (RaftServerImpl.java:start(180)) - 5287de9c-05a3-4266-ba1a-eecd616781d3: start group-F14E81D3D6F0
2019-07-08 14:16:31,821 INFO  impl.RaftServerImpl (RaftServerImpl.java:setRole(171)) - 5287de9c-05a3-4266-ba1a-eecd616781d3:group-F14E81D3D6F0 changes role from null to FOLLOWER at term 0 for startAsFollower
2019-07-08 14:16:31,822 INFO  impl.RoleInfo (RoleInfo.java:updateAndGet(143)) - 5287de9c-05a3-4266-ba1a-eecd616781d3: start FollowerState
2019-07-08 14:16:31,822 INFO  util.JmxRegister (JmxRegister.java:tryRegister(44)) - Successfully registered JMX Bean with object name Ratis:service=RaftServer,group=group-F14E81D3D6F0,id=5287de9c-05a3-4266-ba1a-eecd616781d3
2019-07-08 14:16:31,834 INFO  pipeline.PipelineStateManager (PipelineStateManager.java:addPipeline(56)) - Created pipeline Pipeline[ Id: 23df8241-61fb-4a65-ad29-f14e81d3d6f0, Nodes: 5287de9c-05a3-4266-ba1a-eecd616781d3{ip: 192.168.5.189, host: hdds1735-lppls-1799962220, networkLocation: /default-rack, certSerialId: null}, Type:RATIS, Factor:ONE, State:OPEN]
2019-07-08 14:16:31,865 INFO  impl.RaftServerProxy (RaftServerProxy.java:addNew(89)) - dd4f6cf0-514a-4e4a-8201-b5f480d37d1f: addNew group-5E0F434D2E47:[c970e7a9-f7cc-49ef-90fe-80fb73e1d67c:192.168.5.189:39250, dd4f6cf0-514a-4e4a-8201-b5f480d37d1f:192.168.5.189:43531, 5287de9c-05a3-4266-ba1a-eecd616781d3:192.168.5.189:42514] returns group-5E0F434D2E47:java.util.concurrent.CompletableFuture@4788b77c[Not completed]
2019-07-08 14:16:31,868 INFO  impl.RaftServerProxy (RaftServerProxy.java:addNew(89)) - c970e7a9-f7cc-49ef-90fe-80fb73e1d67c: addNew group-5E0F434D2E47:[c970e7a9-f7cc-49ef-90fe-80fb73e1d67c:192.168.5.189:39250, dd4f6cf0-514a-4e4a-8201-b5f480d37d1f:192.168.5.189:43531, 5287de9c-05a3-4266-ba1a-eecd616781d3:192.168.5.189:42514] returns group-5E0F434D2E47:java.util.concurrent.CompletableFuture@353839a5[Not completed]
2019-07-08 14:16:31,869 INFO  impl.RaftServerProxy (RaftServerProxy.java:addNew(89)) - 5287de9c-05a3-4266-ba1a-eecd616781d3: addNew group-5E0F434D2E47:[c970e7a9-f7cc-49ef-90fe-80fb73e1d67c:192.168.5.189:39250, dd4f6cf0-514a-4e4a-8201-b5f480d37d1f:192.168.5.189:43531, 5287de9c-05a3-4266-ba1a-eecd616781d3:192.168.5.189:42514] returns group-5E0F434D2E47:java.util.concurrent.CompletableFuture@28a21e9[Not completed]
2019-07-08 14:16:31,869 INFO  impl.RaftServerImpl (RaftServerImpl.java:<init>(93)) - dd4f6cf0-514a-4e4a-8201-b5f480d37d1f: new RaftServerImpl for group-5E0F434D2E47:[c970e7a9-f7cc-49ef-90fe-80fb73e1d67c:192.168.5.189:39250, dd4f6cf0-514a-4e4a-8201-b5f480d37d1f:192.168.5.189:43531, 5287de9c-05a3-4266-ba1a-eecd616781d3:192.168.5.189:42514] with ContainerStateMachine:uninitialized
2019-07-08 14:16:31,870 INFO  server.RaftServerConfigKeys (ConfUtils.java:logGet(43)) - raft.server.rpc.timeout.min = 1s (custom)
2019-07-08 14:16:31,870 INFO  impl.RaftServerImpl (RaftServerImpl.java:<init>(93)) - c970e7a9-f7cc-49ef-90fe-80fb73e1d67c: new RaftServerImpl for group-5E0F434D2E47:[c970e7a9-f7cc-49ef-90fe-80fb73e1d67c:192.168.5.189:39250, dd4f6cf0-514a-4e4a-8201-b5f480d37d1f:192.168.5.189:43531, 5287de9c-05a3-4266-ba1a-eecd616781d3:192.168.5.189:42514] with ContainerStateMachine:uninitialized
2019-07-08 14:16:31,870 INFO  server.RaftServerConfigKeys (ConfUtils.java:logGet(43)) - raft.server.rpc.timeout.max = 1200ms (custom)
2019-07-08 14:16:31,870 INFO  server.RaftServerConfigKeys (ConfUtils.java:logGet(43)) - raft.server.rpc.timeout.min = 1s (custom)
2019-07-08 14:16:31,870 INFO  server.RaftServerConfigKeys (ConfUtils.java:logGet(43)) - raft.server.rpcslowness.timeout = 120s (custom)
2019-07-08 14:16:31,870 INFO  impl.RaftServerImpl (RaftServerImpl.java:<init>(93)) - 5287de9c-05a3-4266-ba1a-eecd616781d3: new RaftServerImpl for group-5E0F434D2E47:[c970e7a9-f7cc-49ef-90fe-80fb73e1d67c:192.168.5.189:39250, dd4f6cf0-514a-4e4a-8201-b5f480d37d1f:192.168.5.189:43531, 5287de9c-05a3-4266-ba1a-eecd616781d3:192.168.5.189:42514] with ContainerStateMachine:uninitialized
2019-07-08 14:16:31,870 INFO  server.RaftServerConfigKeys (ConfUtils.java:logGet(43)) - raft.server.rpc.timeout.max = 1200ms (custom)
2019-07-08 14:16:31,871 INFO  server.RaftServerConfigKeys (ConfUtils.java:logGet(43)) - raft.server.rpc.timeout.min = 1s (custom)
2019-07-08 14:16:31,871 INFO  server.RaftServerConfigKeys (ConfUtils.java:logGet(43)) - raft.server.sleep.deviation.threshold = 300 (default)
2019-07-08 14:16:31,871 INFO  server.RaftServerConfigKeys (ConfUtils.java:logGet(43)) - raft.server.rpc.timeout.max = 1200ms (custom)
2019-07-08 14:16:31,871 INFO  server.RaftServerConfigKeys (ConfUtils.java:logGet(43)) - raft.server.rpcslowness.timeout = 120s (custom)
2019-07-08 14:16:31,871 INFO  server.RaftServerConfigKeys (ConfUtils.java:logGet(43)) - raft.server.rpcslowness.timeout = 120s (custom)
2019-07-08 14:16:31,871 INFO  server.RaftServerConfigKeys (ConfUtils.java:logGet(43)) - raft.server.log.appender.install.snapshot.enabled = false (custom)
2019-07-08 14:16:31,871 INFO  server.RaftServerConfigKeys (ConfUtils.java:logGet(43)) - raft.server.sleep.deviation.threshold = 300 (default)
2019-07-08 14:16:31,871 INFO  server.RaftServerConfigKeys (ConfUtils.java:logGet(43)) - raft.server.sleep.deviation.threshold = 300 (default)
2019-07-08 14:16:31,872 INFO  server.RaftServerConfigKeys (ConfUtils.java:logGet(43)) - raft.server.log.appender.install.snapshot.enabled = false (custom)
2019-07-08 14:16:31,872 INFO  impl.RaftServerImpl (ServerState.java:<init>(105)) - dd4f6cf0-514a-4e4a-8201-b5f480d37d1f:group-5E0F434D2E47 ConfigurationManager, init=-1: [c970e7a9-f7cc-49ef-90fe-80fb73e1d67c:192.168.5.189:39250, dd4f6cf0-514a-4e4a-8201-b5f480d37d1f:192.168.5.189:43531, 5287de9c-05a3-4266-ba1a-eecd616781d3:192.168.5.189:42514], old=null, confs=<EMPTY_MAP>
2019-07-08 14:16:31,872 INFO  impl.RaftServerImpl (ServerState.java:<init>(105)) - 5287de9c-05a3-4266-ba1a-eecd616781d3:group-5E0F434D2E47 ConfigurationManager, init=-1: [c970e7a9-f7cc-49ef-90fe-80fb73e1d67c:192.168.5.189:39250, dd4f6cf0-514a-4e4a-8201-b5f480d37d1f:192.168.5.189:43531, 5287de9c-05a3-4266-ba1a-eecd616781d3:192.168.5.189:42514], old=null, confs=<EMPTY_MAP>
2019-07-08 14:16:31,872 INFO  server.RaftServerConfigKeys (ConfUtils.java:logGet(43)) - raft.server.log.appender.install.snapshot.enabled = false (custom)
2019-07-08 14:16:31,872 INFO  server.RaftServerConfigKeys (ConfUtils.java:logGet(43)) - raft.server.storage.dir = [/tmp/workdir/hadoop-ozone/tools/target/test-dir/MiniOzoneClusterImpl-95f47a2b-b50b-49ad-8f3a-4fb28fe26398/datanode-2/data/ratis] (custom)
2019-07-08 14:16:31,872 INFO  impl.RaftServerImpl (ServerState.java:<init>(105)) - c970e7a9-f7cc-49ef-90fe-80fb73e1d67c:group-5E0F434D2E47 ConfigurationManager, init=-1: [c970e7a9-f7cc-49ef-90fe-80fb73e1d67c:192.168.5.189:39250, dd4f6cf0-514a-4e4a-8201-b5f480d37d1f:192.168.5.189:43531, 5287de9c-05a3-4266-ba1a-eecd616781d3:192.168.5.189:42514], old=null, confs=<EMPTY_MAP>
2019-07-08 14:16:31,872 INFO  server.RaftServerConfigKeys (ConfUtils.java:logGet(43)) - raft.server.storage.dir = [/tmp/workdir/hadoop-ozone/tools/target/test-dir/MiniOzoneClusterImpl-95f47a2b-b50b-49ad-8f3a-4fb28fe26398/datanode-0/data/ratis] (custom)
2019-07-08 14:16:31,873 INFO  storage.RaftStorageDirectory (RaftStorageDirectory.java:analyzeStorage(246)) - The storage directory /tmp/workdir/hadoop-ozone/tools/target/test-dir/MiniOzoneClusterImpl-95f47a2b-b50b-49ad-8f3a-4fb28fe26398/datanode-2/data/ratis/29596520-04c5-4e5d-95f3-5e0f434d2e47 does not exist. Creating ...
2019-07-08 14:16:31,873 INFO  server.RaftServerConfigKeys (ConfUtils.java:logGet(43)) - raft.server.storage.dir = [/tmp/workdir/hadoop-ozone/tools/target/test-dir/MiniOzoneClusterImpl-95f47a2b-b50b-49ad-8f3a-4fb28fe26398/datanode-1/data/ratis] (custom)
2019-07-08 14:16:31,873 INFO  storage.RaftStorageDirectory (RaftStorageDirectory.java:analyzeStorage(246)) - The storage directory /tmp/workdir/hadoop-ozone/tools/target/test-dir/MiniOzoneClusterImpl-95f47a2b-b50b-49ad-8f3a-4fb28fe26398/datanode-0/data/ratis/29596520-04c5-4e5d-95f3-5e0f434d2e47 does not exist. Creating ...
2019-07-08 14:16:31,873 INFO  storage.RaftStorageDirectory (RaftStorageDirectory.java:analyzeStorage(246)) - The storage directory /tmp/workdir/hadoop-ozone/tools/target/test-dir/MiniOzoneClusterImpl-95f47a2b-b50b-49ad-8f3a-4fb28fe26398/datanode-1/data/ratis/29596520-04c5-4e5d-95f3-5e0f434d2e47 does not exist. Creating ...
2019-07-08 14:16:31,888 INFO  storage.RaftStorageDirectory (RaftStorageDirectory.java:tryLock(328)) - Lock on /tmp/workdir/hadoop-ozone/tools/target/test-dir/MiniOzoneClusterImpl-95f47a2b-b50b-49ad-8f3a-4fb28fe26398/datanode-1/data/ratis/29596520-04c5-4e5d-95f3-5e0f434d2e47/in_use.lock acquired by nodename 20425@hdds1735-lppls-1799962220
2019-07-08 14:16:31,888 INFO  storage.RaftStorageDirectory (RaftStorageDirectory.java:tryLock(328)) - Lock on /tmp/workdir/hadoop-ozone/tools/target/test-dir/MiniOzoneClusterImpl-95f47a2b-b50b-49ad-8f3a-4fb28fe26398/datanode-0/data/ratis/29596520-04c5-4e5d-95f3-5e0f434d2e47/in_use.lock acquired by nodename 20425@hdds1735-lppls-1799962220
2019-07-08 14:16:31,888 INFO  storage.RaftStorageDirectory (RaftStorageDirectory.java:tryLock(328)) - Lock on /tmp/workdir/hadoop-ozone/tools/target/test-dir/MiniOzoneClusterImpl-95f47a2b-b50b-49ad-8f3a-4fb28fe26398/datanode-2/data/ratis/29596520-04c5-4e5d-95f3-5e0f434d2e47/in_use.lock acquired by nodename 20425@hdds1735-lppls-1799962220
2019-07-08 14:16:31,893 INFO  storage.RaftStorage (RaftStorage.java:format(72)) - Storage directory /tmp/workdir/hadoop-ozone/tools/target/test-dir/MiniOzoneClusterImpl-95f47a2b-b50b-49ad-8f3a-4fb28fe26398/datanode-1/data/ratis/29596520-04c5-4e5d-95f3-5e0f434d2e47 has been successfully formatted.
2019-07-08 14:16:31,893 INFO  storage.RaftStorage (RaftStorage.java:format(72)) - Storage directory /tmp/workdir/hadoop-ozone/tools/target/test-dir/MiniOzoneClusterImpl-95f47a2b-b50b-49ad-8f3a-4fb28fe26398/datanode-0/data/ratis/29596520-04c5-4e5d-95f3-5e0f434d2e47 has been successfully formatted.
2019-07-08 14:16:31,893 INFO  ratis.ContainerStateMachine (ContainerStateMachine.java:loadSnapshot(198)) - The snapshot info is null.Setting the last applied index to:(t:0, i:~)
2019-07-08 14:16:31,893 INFO  storage.RaftStorage (RaftStorage.java:format(72)) - Storage directory /tmp/workdir/hadoop-ozone/tools/target/test-dir/MiniOzoneClusterImpl-95f47a2b-b50b-49ad-8f3a-4fb28fe26398/datanode-2/data/ratis/29596520-04c5-4e5d-95f3-5e0f434d2e47 has been successfully formatted.
2019-07-08 14:16:31,893 INFO  server.RaftServerConfigKeys (ConfUtils.java:logGet(43)) - raft.server.leader.election.timeout = 120s (custom)
2019-07-08 14:16:31,893 INFO  ratis.ContainerStateMachine (ContainerStateMachine.java:loadSnapshot(198)) - The snapshot info is null.Setting the last applied index to:(t:0, i:~)
2019-07-08 14:16:31,893 INFO  ratis.ContainerStateMachine (ContainerStateMachine.java:loadSnapshot(198)) - The snapshot info is null.Setting the last applied index to:(t:0, i:~)
2019-07-08 14:16:31,894 INFO  server.RaftServerConfigKeys (ConfUtils.java:logGet(43)) - raft.server.leader.election.timeout = 120s (custom)
2019-07-08 14:16:31,893 INFO  server.RaftServerConfigKeys (ConfUtils.java:logGet(43)) - raft.server.log.use.memory = false (default)
2019-07-08 14:16:31,894 INFO  server.RaftServerConfigKeys (ConfUtils.java:logGet(43)) - raft.server.log.use.memory = false (default)
2019-07-08 14:16:31,894 INFO  server.RaftServerConfigKeys (ConfUtils.java:logGet(43)) - raft.server.leader.election.timeout = 120s (custom)
2019-07-08 14:16:31,894 INFO  server.RaftServerConfigKeys (ConfUtils.java:logGet(43)) - raft.server.log.purge.gap = 1000000000 (custom)
2019-07-08 14:16:31,894 INFO  server.RaftServerConfigKeys (ConfUtils.java:logGet(43)) - raft.server.log.purge.gap = 1000000000 (custom)
2019-07-08 14:16:31,894 INFO  server.RaftServerConfigKeys (ConfUtils.java:logGet(43)) - raft.server.log.appender.buffer.byte-limit = 33554432 (custom)
2019-07-08 14:16:31,894 INFO  server.RaftServerConfigKeys (ConfUtils.java:logGet(43)) - raft.server.log.use.memory = false (default)
2019-07-08 14:16:31,895 INFO  server.RaftServerConfigKeys (ConfUtils.java:logGet(43)) - raft.server.log.segment.size.max = 1048576 (custom)
2019-07-08 14:16:31,894 INFO  server.RaftServerConfigKeys (ConfUtils.java:logGet(43)) - raft.server.log.appender.buffer.byte-limit = 33554432 (custom)
2019-07-08 14:16:31,895 INFO  server.RaftServerConfigKeys (ConfUtils.java:logGet(43)) - raft.server.log.segment.cache.num.max = 2 (custom)
2019-07-08 14:16:31,895 INFO  server.RaftServerConfigKeys (ConfUtils.java:logGet(43)) - raft.server.log.purge.gap = 1000000000 (custom)
2019-07-08 14:16:31,895 INFO  segmented.SegmentedRaftLogWorker (SegmentedRaftLogWorker.java:<init>(172)) - new 5287de9c-05a3-4266-ba1a-eecd616781d3-SegmentedRaftLogWorker:Storage Directory /tmp/workdir/hadoop-ozone/tools/target/test-dir/MiniOzoneClusterImpl-95f47a2b-b50b-49ad-8f3a-4fb28fe26398/datanode-2/data/ratis/29596520-04c5-4e5d-95f3-5e0f434d2e47 for RaftStorage:Storage Directory /tmp/workdir/hadoop-ozone/tools/target/test-dir/MiniOzoneClusterImpl-95f47a2b-b50b-49ad-8f3a-4fb28fe26398/datanode-2/data/ratis/29596520-04c5-4e5d-95f3-5e0f434d2e47
2019-07-08 14:16:31,895 INFO  server.RaftServerConfigKeys (ConfUtils.java:logGet(43)) - raft.server.log.segment.size.max = 1048576 (custom)
2019-07-08 14:16:31,895 INFO  server.RaftServerConfigKeys (ConfUtils.java:logGet(43)) - raft.server.log.queue.byte-limit = 2147483647 (custom)
2019-07-08 14:16:31,895 INFO  server.RaftServerConfigKeys (ConfUtils.java:logGet(43)) - raft.server.log.appender.buffer.byte-limit = 33554432 (custom)
2019-07-08 14:16:31,897 INFO  server.RaftServerConfigKeys (ConfUtils.java:logGet(43)) - raft.server.log.queue.element-limit = 1024 (custom)
2019-07-08 14:16:31,897 INFO  server.RaftServerConfigKeys (ConfUtils.java:logGet(43)) - raft.server.log.segment.cache.num.max = 2 (custom)
2019-07-08 14:16:31,897 INFO  server.RaftServerConfigKeys (ConfUtils.java:logGet(43)) - raft.server.log.segment.size.max = 1048576 (custom)
2019-07-08 14:16:31,897 INFO  server.RaftServerConfigKeys (ConfUtils.java:logGet(43)) - raft.server.log.segment.size.max = 1048576 (custom)
2019-07-08 14:16:31,897 INFO  server.RaftServerConfigKeys (ConfUtils.java:logGet(43)) - raft.server.log.preallocated.size = 16384 (custom)
2019-07-08 14:16:31,897 INFO  segmented.SegmentedRaftLogWorker (SegmentedRaftLogWorker.java:<init>(172)) - new c970e7a9-f7cc-49ef-90fe-80fb73e1d67c-SegmentedRaftLogWorker:Storage Directory /tmp/workdir/hadoop-ozone/tools/target/test-dir/MiniOzoneClusterImpl-95f47a2b-b50b-49ad-8f3a-4fb28fe26398/datanode-1/data/ratis/29596520-04c5-4e5d-95f3-5e0f434d2e47 for RaftStorage:Storage Directory /tmp/workdir/hadoop-ozone/tools/target/test-dir/MiniOzoneClusterImpl-95f47a2b-b50b-49ad-8f3a-4fb28fe26398/datanode-1/data/ratis/29596520-04c5-4e5d-95f3-5e0f434d2e47
2019-07-08 14:16:31,898 INFO  server.RaftServerConfigKeys (ConfUtils.java:logGet(43)) - raft.server.log.write.buffer.size = 33554432 (custom)
2019-07-08 14:16:31,898 INFO  server.RaftServerConfigKeys (ConfUtils.java:logGet(43)) - raft.server.log.segment.cache.num.max = 2 (custom)
2019-07-08 14:16:31,898 INFO  server.RaftServerConfigKeys (ConfUtils.java:logGet(43)) - raft.server.log.force.sync.num = 128 (default)
2019-07-08 14:16:31,898 INFO  server.RaftServerConfigKeys (ConfUtils.java:logGet(43)) - raft.server.log.queue.byte-limit = 2147483647 (custom)
2019-07-08 14:16:31,899 INFO  server.RaftServerConfigKeys (ConfUtils.java:logGet(43)) - raft.server.log.statemachine.data.sync = true (default)
2019-07-08 14:16:31,899 INFO  segmented.SegmentedRaftLogWorker (SegmentedRaftLogWorker.java:<init>(172)) - new dd4f6cf0-514a-4e4a-8201-b5f480d37d1f-SegmentedRaftLogWorker:Storage Directory /tmp/workdir/hadoop-ozone/tools/target/test-dir/MiniOzoneClusterImpl-95f47a2b-b50b-49ad-8f3a-4fb28fe26398/datanode-0/data/ratis/29596520-04c5-4e5d-95f3-5e0f434d2e47 for RaftStorage:Storage Directory /tmp/workdir/hadoop-ozone/tools/target/test-dir/MiniOzoneClusterImpl-95f47a2b-b50b-49ad-8f3a-4fb28fe26398/datanode-0/data/ratis/29596520-04c5-4e5d-95f3-5e0f434d2e47
2019-07-08 14:16:31,900 INFO  server.RaftServerConfigKeys (ConfUtils.java:logGet(43)) - raft.server.log.statemachine.data.sync.timeout = 10s (default)
2019-07-08 14:16:31,900 INFO  server.RaftServerConfigKeys (ConfUtils.java:logGet(43)) - raft.server.log.queue.element-limit = 1024 (custom)
2019-07-08 14:16:31,900 INFO  server.RaftServerConfigKeys (ConfUtils.java:logGet(43)) - raft.server.log.statemachine.data.sync.timeout.retry = -1 (default)
2019-07-08 14:16:31,900 INFO  server.RaftServerConfigKeys (ConfUtils.java:logGet(43)) - raft.server.log.queue.byte-limit = 2147483647 (custom)
2019-07-08 14:16:31,902 INFO  server.RaftServerConfigKeys (ConfUtils.java:logGet(43)) - raft.server.log.statemachine.data.caching.enabled = true (custom)
2019-07-08 14:16:31,901 INFO  server.RaftServerConfigKeys (ConfUtils.java:logGet(43)) - raft.server.log.segment.size.max = 1048576 (custom)
2019-07-08 14:16:31,902 INFO  server.RaftServerConfigKeys (ConfUtils.java:logGet(43)) - raft.server.log.queue.element-limit = 1024 (custom)
2019-07-08 14:16:31,902 INFO  server.RaftServerConfigKeys (ConfUtils.java:logGet(43)) - raft.server.log.preallocated.size = 16384 (custom)
2019-07-08 14:16:31,902 INFO  segmented.SegmentedRaftLogWorker (SegmentedRaftLogWorker.java:lambda$new$0(132)) - 5287de9c-05a3-4266-ba1a-eecd616781d3-SegmentedRaftLogWorker:Storage Directory /tmp/workdir/hadoop-ozone/tools/target/test-dir/MiniOzoneClusterImpl-95f47a2b-b50b-49ad-8f3a-4fb28fe26398/datanode-2/data/ratis/29596520-04c5-4e5d-95f3-5e0f434d2e47: flushIndex: setUnconditionally 0 -> -1
2019-07-08 14:16:31,902 INFO  server.RaftServerConfigKeys (ConfUtils.java:logGet(43)) - raft.server.log.write.buffer.size = 33554432 (custom)
2019-07-08 14:16:31,902 INFO  server.RaftServerConfigKeys (ConfUtils.java:logGet(43)) - raft.server.log.segment.size.max = 1048576 (custom)
2019-07-08 14:16:31,903 INFO  server.RaftServerConfigKeys (ConfUtils.java:logGet(43)) - raft.server.log.force.sync.num = 128 (default)
2019-07-08 14:16:31,903 INFO  server.RaftServerConfigKeys (ConfUtils.java:logGet(43)) - raft.server.snapshot.auto.trigger.enabled = true (custom)
2019-07-08 14:16:31,903 INFO  server.RaftServerConfigKeys (ConfUtils.java:logGet(43)) - raft.server.log.statemachine.data.sync = true (default)
2019-07-08 14:16:31,903 INFO  server.RaftServerConfigKeys (ConfUtils.java:logGet(43)) - raft.server.log.preallocated.size = 16384 (custom)
2019-07-08 14:16:31,903 INFO  server.RaftServerConfigKeys (ConfUtils.java:logGet(43)) - raft.server.log.statemachine.data.sync.timeout = 10s (default)
2019-07-08 14:16:31,903 INFO  server.RaftServerConfigKeys (ConfUtils.java:logGet(43)) - raft.server.snapshot.auto.trigger.threshold = 10000 (custom)
2019-07-08 14:16:31,903 INFO  server.RaftServerConfigKeys (ConfUtils.java:logGet(43)) - raft.server.log.statemachine.data.sync.timeout.retry = -1 (default)
2019-07-08 14:16:31,903 INFO  server.RaftServerConfigKeys (ConfUtils.java:logGet(43)) - raft.server.log.write.buffer.size = 33554432 (custom)
2019-07-08 14:16:31,904 INFO  server.RaftServerConfigKeys (ConfUtils.java:logGet(43)) - raft.server.log.statemachine.data.caching.enabled = true (custom)
2019-07-08 14:16:31,904 INFO  server.RaftServerConfigKeys (ConfUtils.java:logGet(43)) - raft.server.retrycache.expirytime = 600000ms (custom)
2019-07-08 14:16:31,904 INFO  server.RaftServerConfigKeys (ConfUtils.java:logGet(43)) - raft.server.log.force.sync.num = 128 (default)
2019-07-08 14:16:31,904 INFO  impl.RaftServerImpl (RaftServerImpl.java:start(180)) - 5287de9c-05a3-4266-ba1a-eecd616781d3: start group-5E0F434D2E47
2019-07-08 14:16:31,904 INFO  server.RaftServerConfigKeys (ConfUtils.java:logGet(43)) - raft.server.log.statemachine.data.sync = true (default)
2019-07-08 14:16:31,904 INFO  segmented.SegmentedRaftLogWorker (SegmentedRaftLogWorker.java:lambda$new$0(132)) - c970e7a9-f7cc-49ef-90fe-80fb73e1d67c-SegmentedRaftLogWorker:Storage Directory /tmp/workdir/hadoop-ozone/tools/target/test-dir/MiniOzoneClusterImpl-95f47a2b-b50b-49ad-8f3a-4fb28fe26398/datanode-1/data/ratis/29596520-04c5-4e5d-95f3-5e0f434d2e47: flushIndex: setUnconditionally 0 -> -1
2019-07-08 14:16:31,904 INFO  server.RaftServerConfigKeys (ConfUtils.java:logGet(43)) - raft.server.log.statemachine.data.sync.timeout = 10s (default)
2019-07-08 14:16:31,904 INFO  impl.RaftServerImpl (RaftServerImpl.java:setRole(171)) - 5287de9c-05a3-4266-ba1a-eecd616781d3:group-5E0F434D2E47 changes role from null to FOLLOWER at term 0 for startAsFollower
2019-07-08 14:16:31,905 INFO  server.RaftServerConfigKeys (ConfUtils.java:logGet(43)) - raft.server.log.statemachine.data.sync.timeout.retry = -1 (default)
2019-07-08 14:16:31,905 INFO  server.RaftServerConfigKeys (ConfUtils.java:logGet(43)) - raft.server.snapshot.auto.trigger.enabled = true (custom)
2019-07-08 14:16:31,905 INFO  server.RaftServerConfigKeys (ConfUtils.java:logGet(43)) - raft.server.log.statemachine.data.caching.enabled = true (custom)
2019-07-08 14:16:31,905 INFO  impl.RoleInfo (RoleInfo.java:updateAndGet(143)) - 5287de9c-05a3-4266-ba1a-eecd616781d3: start FollowerState
2019-07-08 14:16:31,905 INFO  server.RaftServerConfigKeys (ConfUtils.java:logGet(43)) - raft.server.snapshot.auto.trigger.threshold = 10000 (custom)
2019-07-08 14:16:31,905 INFO  segmented.SegmentedRaftLogWorker (SegmentedRaftLogWorker.java:lambda$new$0(132)) - dd4f6cf0-514a-4e4a-8201-b5f480d37d1f-SegmentedRaftLogWorker:Storage Directory /tmp/workdir/hadoop-ozone/tools/target/test-dir/MiniOzoneClusterImpl-95f47a2b-b50b-49ad-8f3a-4fb28fe26398/datanode-0/data/ratis/29596520-04c5-4e5d-95f3-5e0f434d2e47: flushIndex: setUnconditionally 0 -> -1
2019-07-08 14:16:31,906 INFO  server.RaftServerConfigKeys (ConfUtils.java:logGet(43)) - raft.server.retrycache.expirytime = 600000ms (custom)
2019-07-08 14:16:31,906 INFO  util.JmxRegister (JmxRegister.java:tryRegister(44)) - Successfully registered JMX Bean with object name Ratis:service=RaftServer,group=group-5E0F434D2E47,id=5287de9c-05a3-4266-ba1a-eecd616781d3
2019-07-08 14:16:31,906 INFO  impl.RaftServerImpl (RaftServerImpl.java:start(180)) - c970e7a9-f7cc-49ef-90fe-80fb73e1d67c: start group-5E0F434D2E47
2019-07-08 14:16:31,906 INFO  server.RaftServerConfigKeys (ConfUtils.java:logGet(43)) - raft.server.snapshot.auto.trigger.enabled = true (custom)
2019-07-08 14:16:31,906 INFO  impl.RaftServerImpl (RaftServerImpl.java:setRole(171)) - c970e7a9-f7cc-49ef-90fe-80fb73e1d67c:group-5E0F434D2E47 changes role from null to FOLLOWER at term 0 for startAsFollower
2019-07-08 14:16:31,906 INFO  server.RaftServerConfigKeys (ConfUtils.java:logGet(43)) - raft.server.snapshot.auto.trigger.threshold = 10000 (custom)
2019-07-08 14:16:31,906 INFO  impl.RoleInfo (RoleInfo.java:updateAndGet(143)) - c970e7a9-f7cc-49ef-90fe-80fb73e1d67c: start FollowerState
2019-07-08 14:16:31,907 INFO  server.RaftServerConfigKeys (ConfUtils.java:logGet(43)) - raft.server.retrycache.expirytime = 600000ms (custom)
2019-07-08 14:16:31,907 INFO  impl.RaftServerImpl (RaftServerImpl.java:start(180)) - dd4f6cf0-514a-4e4a-8201-b5f480d37d1f: start group-5E0F434D2E47
2019-07-08 14:16:31,907 INFO  util.JmxRegister (JmxRegister.java:tryRegister(44)) - Successfully registered JMX Bean with object name Ratis:service=RaftServer,group=group-5E0F434D2E47,id=c970e7a9-f7cc-49ef-90fe-80fb73e1d67c
2019-07-08 14:16:31,908 INFO  impl.RaftServerImpl (RaftServerImpl.java:setRole(171)) - dd4f6cf0-514a-4e4a-8201-b5f480d37d1f:group-5E0F434D2E47 changes role from null to FOLLOWER at term 0 for startAsFollower
2019-07-08 14:16:31,910 INFO  impl.RoleInfo (RoleInfo.java:updateAndGet(143)) - dd4f6cf0-514a-4e4a-8201-b5f480d37d1f: start FollowerState
2019-07-08 14:16:31,912 INFO  util.JmxRegister (JmxRegister.java:tryRegister(44)) - Successfully registered JMX Bean with object name Ratis:service=RaftServer,group=group-5E0F434D2E47,id=dd4f6cf0-514a-4e4a-8201-b5f480d37d1f
2019-07-08 14:16:31,932 INFO  pipeline.PipelineStateManager (PipelineStateManager.java:addPipeline(56)) - Created pipeline Pipeline[ Id: 29596520-04c5-4e5d-95f3-5e0f434d2e47, Nodes: c970e7a9-f7cc-49ef-90fe-80fb73e1d67c{ip: 192.168.5.189, host: hdds1735-lppls-1799962220, networkLocation: /default-rack, certSerialId: null}dd4f6cf0-514a-4e4a-8201-b5f480d37d1f{ip: 192.168.5.189, host: hdds1735-lppls-1799962220, networkLocation: /default-rack, certSerialId: null}5287de9c-05a3-4266-ba1a-eecd616781d3{ip: 192.168.5.189, host: hdds1735-lppls-1799962220, networkLocation: /default-rack, certSerialId: null}, Type:RATIS, Factor:THREE, State:OPEN]
2019-07-08 14:16:32,172 INFO  client.GrpcClientProtocolClient (GrpcClientProtocolClient.java:onNext(255)) - client-061C4C2C4D75->c970e7a9-f7cc-49ef-90fe-80fb73e1d67c: receive RaftClientReply:client-061C4C2C4D75->c970e7a9-f7cc-49ef-90fe-80fb73e1d67c@group-5E0F434D2E47, cid=6, FAILED org.apache.ratis.protocol.NotLeaderException: Server c970e7a9-f7cc-49ef-90fe-80fb73e1d67c is not the leader (null). Request must be sent to leader., logIndex=0, commits[c970e7a9-f7cc-49ef-90fe-80fb73e1d67c:c-1]
2019-07-08 14:16:32,641 INFO  impl.FollowerState (FollowerState.java:run(106)) - dd4f6cf0-514a-4e4a-8201-b5f480d37d1f:group-F8E64B0D0905 changes to CANDIDATE, lastRpcTime:1020, electionTimeout:1019ms
2019-07-08 14:16:32,642 INFO  impl.RoleInfo (RoleInfo.java:shutdownFollowerState(121)) - dd4f6cf0-514a-4e4a-8201-b5f480d37d1f: shutdown FollowerState
2019-07-08 14:16:32,642 INFO  impl.RaftServerImpl (RaftServerImpl.java:setRole(171)) - dd4f6cf0-514a-4e4a-8201-b5f480d37d1f:group-F8E64B0D0905 changes role from FOLLOWER to CANDIDATE at term 0 for changeToCandidate
2019-07-08 14:16:32,647 INFO  impl.RoleInfo (RoleInfo.java:updateAndGet(143)) - dd4f6cf0-514a-4e4a-8201-b5f480d37d1f: start LeaderElection
 0.00% |█                                                                                                    |  0/1 Time: 0:00:012019-07-08 14:16:32,659 INFO  impl.LeaderElection (LeaderElection.java:askForVotes(181)) - dd4f6cf0-514a-4e4a-8201-b5f480d37d1f:group-F8E64B0D0905:LeaderElection1: begin an election at term 1 for -1: [dd4f6cf0-514a-4e4a-8201-b5f480d37d1f:192.168.5.189:43531], old=null
2019-07-08 14:16:32,661 INFO  impl.RoleInfo (RoleInfo.java:shutdownLeaderElection(134)) - dd4f6cf0-514a-4e4a-8201-b5f480d37d1f: shutdown LeaderElection
2019-07-08 14:16:32,662 INFO  impl.RaftServerImpl (RaftServerImpl.java:setRole(171)) - dd4f6cf0-514a-4e4a-8201-b5f480d37d1f:group-F8E64B0D0905 changes role from CANDIDATE to LEADER at term 1 for changeToLeader
2019-07-08 14:16:32,662 INFO  impl.RaftServerImpl (ServerState.java:setLeader(263)) - dd4f6cf0-514a-4e4a-8201-b5f480d37d1f:group-F8E64B0D0905 change Leader from null to dd4f6cf0-514a-4e4a-8201-b5f480d37d1f at term 1 for becomeLeader, leader elected after 1137ms
2019-07-08 14:16:32,670 INFO  server.RaftServerConfigKeys (ConfUtils.java:logGet(43)) - raft.server.staging.catchup.gap = 1000 (default)
2019-07-08 14:16:32,671 INFO  server.RaftServerConfigKeys (ConfUtils.java:logGet(43)) - raft.server.rpc.sleep.time = 25ms (default)
2019-07-08 14:16:32,674 INFO  server.RaftServerConfigKeys (ConfUtils.java:logGet(43)) - raft.server.write.element-limit = 4096 (default)
2019-07-08 14:16:32,678 INFO  server.RaftServerConfigKeys (ConfUtils.java:logGet(43)) - raft.server.watch.timeout = 10s (default)
2019-07-08 14:16:32,678 INFO  server.RaftServerConfigKeys (ConfUtils.java:logGet(43)) - raft.server.watch.timeout.denomination = 1s (default)
2019-07-08 14:16:32,680 INFO  server.RaftServerConfigKeys (ConfUtils.java:logGet(43)) - raft.server.watch.element-limit = 65536 (default)
2019-07-08 14:16:32,690 INFO  impl.RoleInfo (RoleInfo.java:updateAndGet(143)) - dd4f6cf0-514a-4e4a-8201-b5f480d37d1f: start LeaderState
2019-07-08 14:16:32,716 INFO  segmented.SegmentedRaftLogWorker (SegmentedRaftLogWorker.java:startLogSegment(380)) - dd4f6cf0-514a-4e4a-8201-b5f480d37d1f-SegmentedRaftLogWorker:Storage Directory /tmp/workdir/hadoop-ozone/tools/target/test-dir/MiniOzoneClusterImpl-95f47a2b-b50b-49ad-8f3a-4fb28fe26398/datanode-0/data/ratis/1c8a69d5-24f5-4fdf-b2b7-f8e64b0d0905: Starting segment from index:0
2019-07-08 14:16:32,726 INFO  impl.RaftServerImpl (ServerState.java:setRaftConf(361)) - dd4f6cf0-514a-4e4a-8201-b5f480d37d1f:group-F8E64B0D0905 set configuration 0: [dd4f6cf0-514a-4e4a-8201-b5f480d37d1f:192.168.5.189:43531], old=null at 0
2019-07-08 14:16:32,770 INFO  impl.FollowerState (FollowerState.java:run(106)) - c970e7a9-f7cc-49ef-90fe-80fb73e1d67c:group-8EC1E8449144 changes to CANDIDATE, lastRpcTime:1018, electionTimeout:1016ms
2019-07-08 14:16:32,771 INFO  impl.RoleInfo (RoleInfo.java:shutdownFollowerState(121)) - c970e7a9-f7cc-49ef-90fe-80fb73e1d67c: shutdown FollowerState
2019-07-08 14:16:32,771 INFO  impl.RaftServerImpl (RaftServerImpl.java:setRole(171)) - c970e7a9-f7cc-49ef-90fe-80fb73e1d67c:group-8EC1E8449144 changes role from FOLLOWER to CANDIDATE at term 0 for changeToCandidate
2019-07-08 14:16:32,771 INFO  impl.RoleInfo (RoleInfo.java:updateAndGet(143)) - c970e7a9-f7cc-49ef-90fe-80fb73e1d67c: start LeaderElection
2019-07-08 14:16:32,786 INFO  impl.LeaderElection (LeaderElection.java:askForVotes(181)) - c970e7a9-f7cc-49ef-90fe-80fb73e1d67c:group-8EC1E8449144:LeaderElection2: begin an election at term 1 for -1: [c970e7a9-f7cc-49ef-90fe-80fb73e1d67c:192.168.5.189:39250], old=null
2019-07-08 14:16:32,787 INFO  impl.RoleInfo (RoleInfo.java:shutdownLeaderElection(134)) - c970e7a9-f7cc-49ef-90fe-80fb73e1d67c: shutdown LeaderElection
2019-07-08 14:16:32,788 INFO  impl.RaftServerImpl (RaftServerImpl.java:setRole(171)) - c970e7a9-f7cc-49ef-90fe-80fb73e1d67c:group-8EC1E8449144 changes role from CANDIDATE to LEADER at term 1 for changeToLeader
2019-07-08 14:16:32,788 INFO  impl.RaftServerImpl (ServerState.java:setLeader(263)) - c970e7a9-f7cc-49ef-90fe-80fb73e1d67c:group-8EC1E8449144 change Leader from null to c970e7a9-f7cc-49ef-90fe-80fb73e1d67c at term 1 for becomeLeader, leader elected after 1043ms
2019-07-08 14:16:32,788 INFO  server.RaftServerConfigKeys (ConfUtils.java:logGet(43)) - raft.server.staging.catchup.gap = 1000 (default)
2019-07-08 14:16:32,788 INFO  server.RaftServerConfigKeys (ConfUtils.java:logGet(43)) - raft.server.rpc.sleep.time = 25ms (default)
2019-07-08 14:16:32,789 INFO  server.RaftServerConfigKeys (ConfUtils.java:logGet(43)) - raft.server.write.element-limit = 4096 (default)
2019-07-08 14:16:32,789 INFO  server.RaftServerConfigKeys (ConfUtils.java:logGet(43)) - raft.server.watch.timeout = 10s (default)
2019-07-08 14:16:32,789 INFO  server.RaftServerConfigKeys (ConfUtils.java:logGet(43)) - raft.server.watch.timeout.denomination = 1s (default)
2019-07-08 14:16:32,789 INFO  server.RaftServerConfigKeys (ConfUtils.java:logGet(43)) - raft.server.watch.element-limit = 65536 (default)
2019-07-08 14:16:32,790 INFO  impl.RoleInfo (RoleInfo.java:updateAndGet(143)) - c970e7a9-f7cc-49ef-90fe-80fb73e1d67c: start LeaderState
2019-07-08 14:16:32,790 INFO  segmented.SegmentedRaftLogWorker (SegmentedRaftLogWorker.java:startLogSegment(380)) - c970e7a9-f7cc-49ef-90fe-80fb73e1d67c-SegmentedRaftLogWorker:Storage Directory /tmp/workdir/hadoop-ozone/tools/target/test-dir/MiniOzoneClusterImpl-95f47a2b-b50b-49ad-8f3a-4fb28fe26398/datanode-1/data/ratis/b53696af-08b4-46cb-b742-8ec1e8449144: Starting segment from index:0
2019-07-08 14:16:32,791 INFO  impl.RaftServerImpl (ServerState.java:setRaftConf(361)) - c970e7a9-f7cc-49ef-90fe-80fb73e1d67c:group-8EC1E8449144 set configuration 0: [c970e7a9-f7cc-49ef-90fe-80fb73e1d67c:192.168.5.189:39250], old=null at 0
2019-07-08 14:16:32,861 INFO  impl.FollowerState (FollowerState.java:run(106)) - 5287de9c-05a3-4266-ba1a-eecd616781d3:group-F14E81D3D6F0 changes to CANDIDATE, lastRpcTime:1039, electionTimeout:1039ms
2019-07-08 14:16:32,861 INFO  impl.RoleInfo (RoleInfo.java:shutdownFollowerState(121)) - 5287de9c-05a3-4266-ba1a-eecd616781d3: shutdown FollowerState
2019-07-08 14:16:32,861 INFO  impl.RaftServerImpl (RaftServerImpl.java:setRole(171)) - 5287de9c-05a3-4266-ba1a-eecd616781d3:group-F14E81D3D6F0 changes role from FOLLOWER to CANDIDATE at term 0 for changeToCandidate
2019-07-08 14:16:32,862 INFO  impl.RoleInfo (RoleInfo.java:updateAndGet(143)) - 5287de9c-05a3-4266-ba1a-eecd616781d3: start LeaderElection
2019-07-08 14:16:32,868 INFO  impl.LeaderElection (LeaderElection.java:askForVotes(181)) - 5287de9c-05a3-4266-ba1a-eecd616781d3:group-F14E81D3D6F0:LeaderElection3: begin an election at term 1 for -1: [5287de9c-05a3-4266-ba1a-eecd616781d3:192.168.5.189:42514], old=null
2019-07-08 14:16:32,868 INFO  impl.RoleInfo (RoleInfo.java:shutdownLeaderElection(134)) - 5287de9c-05a3-4266-ba1a-eecd616781d3: shutdown LeaderElection
2019-07-08 14:16:32,869 INFO  impl.RaftServerImpl (RaftServerImpl.java:setRole(171)) - 5287de9c-05a3-4266-ba1a-eecd616781d3:group-F14E81D3D6F0 changes role from CANDIDATE to LEADER at term 1 for changeToLeader
2019-07-08 14:16:32,869 INFO  impl.RaftServerImpl (ServerState.java:setLeader(263)) - 5287de9c-05a3-4266-ba1a-eecd616781d3:group-F14E81D3D6F0 change Leader from null to 5287de9c-05a3-4266-ba1a-eecd616781d3 at term 1 for becomeLeader, leader elected after 1052ms
2019-07-08 14:16:32,869 INFO  server.RaftServerConfigKeys (ConfUtils.java:logGet(43)) - raft.server.staging.catchup.gap = 1000 (default)
2019-07-08 14:16:32,869 INFO  server.RaftServerConfigKeys (ConfUtils.java:logGet(43)) - raft.server.rpc.sleep.time = 25ms (default)
2019-07-08 14:16:32,869 INFO  server.RaftServerConfigKeys (ConfUtils.java:logGet(43)) - raft.server.write.element-limit = 4096 (default)
2019-07-08 14:16:32,869 INFO  server.RaftServerConfigKeys (ConfUtils.java:logGet(43)) - raft.server.watch.timeout = 10s (default)
2019-07-08 14:16:32,870 INFO  server.RaftServerConfigKeys (ConfUtils.java:logGet(43)) - raft.server.watch.timeout.denomination = 1s (default)
2019-07-08 14:16:32,870 INFO  server.RaftServerConfigKeys (ConfUtils.java:logGet(43)) - raft.server.watch.element-limit = 65536 (default)
2019-07-08 14:16:32,870 INFO  impl.RoleInfo (RoleInfo.java:updateAndGet(143)) - 5287de9c-05a3-4266-ba1a-eecd616781d3: start LeaderState
2019-07-08 14:16:32,870 INFO  segmented.SegmentedRaftLogWorker (SegmentedRaftLogWorker.java:startLogSegment(380)) - 5287de9c-05a3-4266-ba1a-eecd616781d3-SegmentedRaftLogWorker:Storage Directory /tmp/workdir/hadoop-ozone/tools/target/test-dir/MiniOzoneClusterImpl-95f47a2b-b50b-49ad-8f3a-4fb28fe26398/datanode-2/data/ratis/23df8241-61fb-4a65-ad29-f14e81d3d6f0: Starting segment from index:0
2019-07-08 14:16:32,871 INFO  impl.RaftServerImpl (ServerState.java:setRaftConf(361)) - 5287de9c-05a3-4266-ba1a-eecd616781d3:group-F14E81D3D6F0 set configuration 0: [5287de9c-05a3-4266-ba1a-eecd616781d3:192.168.5.189:42514], old=null at 0
2019-07-08 14:16:32,895 INFO  segmented.SegmentedRaftLogWorker (SegmentedRaftLogWorker.java:execute(569)) - dd4f6cf0-514a-4e4a-8201-b5f480d37d1f-SegmentedRaftLogWorker:Storage Directory /tmp/workdir/hadoop-ozone/tools/target/test-dir/MiniOzoneClusterImpl-95f47a2b-b50b-49ad-8f3a-4fb28fe26398/datanode-0/data/ratis/1c8a69d5-24f5-4fdf-b2b7-f8e64b0d0905: created new log segment /tmp/workdir/hadoop-ozone/tools/target/test-dir/MiniOzoneClusterImpl-95f47a2b-b50b-49ad-8f3a-4fb28fe26398/datanode-0/data/ratis/1c8a69d5-24f5-4fdf-b2b7-f8e64b0d0905/current/log_inprogress_0
2019-07-08 14:16:32,895 INFO  segmented.SegmentedRaftLogWorker (SegmentedRaftLogWorker.java:execute(569)) - c970e7a9-f7cc-49ef-90fe-80fb73e1d67c-SegmentedRaftLogWorker:Storage Directory /tmp/workdir/hadoop-ozone/tools/target/test-dir/MiniOzoneClusterImpl-95f47a2b-b50b-49ad-8f3a-4fb28fe26398/datanode-1/data/ratis/b53696af-08b4-46cb-b742-8ec1e8449144: created new log segment /tmp/workdir/hadoop-ozone/tools/target/test-dir/MiniOzoneClusterImpl-95f47a2b-b50b-49ad-8f3a-4fb28fe26398/datanode-1/data/ratis/b53696af-08b4-46cb-b742-8ec1e8449144/current/log_inprogress_0
2019-07-08 14:16:32,895 INFO  segmented.SegmentedRaftLogWorker (SegmentedRaftLogWorker.java:execute(569)) - 5287de9c-05a3-4266-ba1a-eecd616781d3-SegmentedRaftLogWorker:Storage Directory /tmp/workdir/hadoop-ozone/tools/target/test-dir/MiniOzoneClusterImpl-95f47a2b-b50b-49ad-8f3a-4fb28fe26398/datanode-2/data/ratis/23df8241-61fb-4a65-ad29-f14e81d3d6f0: created new log segment /tmp/workdir/hadoop-ozone/tools/target/test-dir/MiniOzoneClusterImpl-95f47a2b-b50b-49ad-8f3a-4fb28fe26398/datanode-2/data/ratis/23df8241-61fb-4a65-ad29-f14e81d3d6f0/current/log_inprogress_0
2019-07-08 14:16:32,989 INFO  impl.FollowerState (FollowerState.java:run(106)) - 5287de9c-05a3-4266-ba1a-eecd616781d3:group-5E0F434D2E47 changes to CANDIDATE, lastRpcTime:1083, electionTimeout:1083ms
2019-07-08 14:16:32,990 INFO  impl.RoleInfo (RoleInfo.java:shutdownFollowerState(121)) - 5287de9c-05a3-4266-ba1a-eecd616781d3: shutdown FollowerState
2019-07-08 14:16:32,990 INFO  impl.RaftServerImpl (RaftServerImpl.java:setRole(171)) - 5287de9c-05a3-4266-ba1a-eecd616781d3:group-5E0F434D2E47 changes role from FOLLOWER to CANDIDATE at term 0 for changeToCandidate
2019-07-08 14:16:32,990 INFO  impl.RoleInfo (RoleInfo.java:updateAndGet(143)) - 5287de9c-05a3-4266-ba1a-eecd616781d3: start LeaderElection
2019-07-08 14:16:32,999 INFO  impl.LeaderElection (LeaderElection.java:askForVotes(181)) - 5287de9c-05a3-4266-ba1a-eecd616781d3:group-5E0F434D2E47:LeaderElection4: begin an election at term 1 for -1: [c970e7a9-f7cc-49ef-90fe-80fb73e1d67c:192.168.5.189:39250, dd4f6cf0-514a-4e4a-8201-b5f480d37d1f:192.168.5.189:43531, 5287de9c-05a3-4266-ba1a-eecd616781d3:192.168.5.189:42514], old=null
2019-07-08 14:16:33,028 INFO  impl.RaftServerImpl (RaftServerImpl.java:setRole(171)) - c970e7a9-f7cc-49ef-90fe-80fb73e1d67c:group-5E0F434D2E47 changes role from FOLLOWER to FOLLOWER at term 1 for recognizeCandidate:5287de9c-05a3-4266-ba1a-eecd616781d3
2019-07-08 14:16:33,028 INFO  impl.RaftServerImpl (RaftServerImpl.java:setRole(171)) - dd4f6cf0-514a-4e4a-8201-b5f480d37d1f:group-5E0F434D2E47 changes role from FOLLOWER to FOLLOWER at term 1 for recognizeCandidate:5287de9c-05a3-4266-ba1a-eecd616781d3
2019-07-08 14:16:33,029 INFO  impl.RoleInfo (RoleInfo.java:shutdownFollowerState(121)) - c970e7a9-f7cc-49ef-90fe-80fb73e1d67c: shutdown FollowerState
2019-07-08 14:16:33,029 INFO  impl.RoleInfo (RoleInfo.java:shutdownFollowerState(121)) - dd4f6cf0-514a-4e4a-8201-b5f480d37d1f: shutdown FollowerState
2019-07-08 14:16:33,029 INFO  impl.RoleInfo (RoleInfo.java:updateAndGet(143)) - c970e7a9-f7cc-49ef-90fe-80fb73e1d67c: start FollowerState
2019-07-08 14:16:33,029 INFO  impl.FollowerState (FollowerState.java:run(114)) - dd4f6cf0-514a-4e4a-8201-b5f480d37d1f: FollowerState was interrupted: java.lang.InterruptedException: sleep interrupted
2019-07-08 14:16:33,029 INFO  impl.RoleInfo (RoleInfo.java:updateAndGet(143)) - dd4f6cf0-514a-4e4a-8201-b5f480d37d1f: start FollowerState
2019-07-08 14:16:33,029 INFO  impl.FollowerState (FollowerState.java:run(114)) - c970e7a9-f7cc-49ef-90fe-80fb73e1d67c: FollowerState was interrupted: java.lang.InterruptedException: sleep interrupted
2019-07-08 14:16:33,056 INFO  impl.LeaderElection (LeaderElection.java:logAndReturn(56)) - 5287de9c-05a3-4266-ba1a-eecd616781d3:group-5E0F434D2E47:LeaderElection4: Election PASSED; received 1 response(s) [5287de9c-05a3-4266-ba1a-eecd616781d3<-c970e7a9-f7cc-49ef-90fe-80fb73e1d67c#0:OK-t1] and 0 exception(s); 5287de9c-05a3-4266-ba1a-eecd616781d3:t1, leader=null, voted=5287de9c-05a3-4266-ba1a-eecd616781d3, raftlog=5287de9c-05a3-4266-ba1a-eecd616781d3-SegmentedRaftLog:OPENED:c-1,f-1,i0, conf=-1: [c970e7a9-f7cc-49ef-90fe-80fb73e1d67c:192.168.5.189:39250, dd4f6cf0-514a-4e4a-8201-b5f480d37d1f:192.168.5.189:43531, 5287de9c-05a3-4266-ba1a-eecd616781d3:192.168.5.189:42514], old=null
2019-07-08 14:16:33,056 INFO  impl.RoleInfo (RoleInfo.java:shutdownLeaderElection(134)) - 5287de9c-05a3-4266-ba1a-eecd616781d3: shutdown LeaderElection
2019-07-08 14:16:33,056 INFO  impl.RaftServerImpl (RaftServerImpl.java:setRole(171)) - 5287de9c-05a3-4266-ba1a-eecd616781d3:group-5E0F434D2E47 changes role from CANDIDATE to LEADER at term 1 for changeToLeader
2019-07-08 14:16:33,057 INFO  impl.RaftServerImpl (ServerState.java:setLeader(263)) - 5287de9c-05a3-4266-ba1a-eecd616781d3:group-5E0F434D2E47 change Leader from null to 5287de9c-05a3-4266-ba1a-eecd616781d3 at term 1 for becomeLeader, leader elected after 1163ms
2019-07-08 14:16:33,058 INFO  server.RaftServerConfigKeys (ConfUtils.java:logGet(43)) - raft.server.staging.catchup.gap = 1000 (default)
2019-07-08 14:16:33,058 INFO  server.RaftServerConfigKeys (ConfUtils.java:logGet(43)) - raft.server.rpc.sleep.time = 25ms (default)
2019-07-08 14:16:33,058 INFO  server.RaftServerConfigKeys (ConfUtils.java:logGet(43)) - raft.server.write.element-limit = 4096 (default)
2019-07-08 14:16:33,058 INFO  server.RaftServerConfigKeys (ConfUtils.java:logGet(43)) - raft.server.watch.timeout = 10s (default)
2019-07-08 14:16:33,059 INFO  server.RaftServerConfigKeys (ConfUtils.java:logGet(43)) - raft.server.watch.timeout.denomination = 1s (default)
2019-07-08 14:16:33,059 INFO  server.RaftServerConfigKeys (ConfUtils.java:logGet(43)) - raft.server.watch.element-limit = 65536 (default)
2019-07-08 14:16:33,061 INFO  server.RaftServerConfigKeys (ConfUtils.java:logGet(43)) - raft.server.log.appender.snapshot.chunk.size.max = 16MB (=16777216) (default)
2019-07-08 14:16:33,062 INFO  server.RaftServerConfigKeys (ConfUtils.java:logGet(43)) - raft.server.log.appender.buffer.byte-limit = 33554432 (custom)
2019-07-08 14:16:33,062 INFO  server.RaftServerConfigKeys (ConfUtils.java:logGet(43)) - raft.server.log.appender.buffer.element-limit = 1 (custom)
2019-07-08 14:16:33,066 INFO  grpc.GrpcConfigKeys$Server (ConfUtils.java:logGet(43)) - raft.grpc.server.leader.outstanding.appends.max = 128 (default)
2019-07-08 14:16:33,067 INFO  server.RaftServerConfigKeys (ConfUtils.java:logGet(43)) - raft.server.rpc.request.timeout = 3000ms (default)
2019-07-08 14:16:33,067 INFO  server.RaftServerConfigKeys (ConfUtils.java:logGet(43)) - raft.server.log.appender.install.snapshot.enabled = false (custom)
2019-07-08 14:16:33,067 INFO  server.RaftServerConfigKeys (ConfUtils.java:logGet(43)) - raft.server.log.appender.snapshot.chunk.size.max = 16MB (=16777216) (default)
2019-07-08 14:16:33,068 INFO  server.RaftServerConfigKeys (ConfUtils.java:logGet(43)) - raft.server.log.appender.buffer.byte-limit = 33554432 (custom)
2019-07-08 14:16:33,068 INFO  server.RaftServerConfigKeys (ConfUtils.java:logGet(43)) - raft.server.log.appender.buffer.element-limit = 1 (custom)
2019-07-08 14:16:33,068 INFO  grpc.GrpcConfigKeys$Server (ConfUtils.java:logGet(43)) - raft.grpc.server.leader.outstanding.appends.max = 128 (default)
2019-07-08 14:16:33,068 INFO  server.RaftServerConfigKeys (ConfUtils.java:logGet(43)) - raft.server.rpc.request.timeout = 3000ms (default)
2019-07-08 14:16:33,068 INFO  server.RaftServerConfigKeys (ConfUtils.java:logGet(43)) - raft.server.log.appender.install.snapshot.enabled = false (custom)
2019-07-08 14:16:33,070 INFO  impl.RoleInfo (RoleInfo.java:updateAndGet(143)) - 5287de9c-05a3-4266-ba1a-eecd616781d3: start LeaderState
2019-07-08 14:16:33,070 INFO  segmented.SegmentedRaftLogWorker (SegmentedRaftLogWorker.java:startLogSegment(380)) - 5287de9c-05a3-4266-ba1a-eecd616781d3-SegmentedRaftLogWorker:Storage Directory /tmp/workdir/hadoop-ozone/tools/target/test-dir/MiniOzoneClusterImpl-95f47a2b-b50b-49ad-8f3a-4fb28fe26398/datanode-2/data/ratis/29596520-04c5-4e5d-95f3-5e0f434d2e47: Starting segment from index:0
2019-07-08 14:16:33,072 INFO  impl.RaftServerImpl (ServerState.java:setRaftConf(361)) - 5287de9c-05a3-4266-ba1a-eecd616781d3:group-5E0F434D2E47 set configuration 0: [c970e7a9-f7cc-49ef-90fe-80fb73e1d67c:192.168.5.189:39250, dd4f6cf0-514a-4e4a-8201-b5f480d37d1f:192.168.5.189:43531, 5287de9c-05a3-4266-ba1a-eecd616781d3:192.168.5.189:42514], old=null at 0
2019-07-08 14:16:33,093 INFO  segmented.SegmentedRaftLogWorker (SegmentedRaftLogWorker.java:execute(569)) - 5287de9c-05a3-4266-ba1a-eecd616781d3-SegmentedRaftLogWorker:Storage Directory /tmp/workdir/hadoop-ozone/tools/target/test-dir/MiniOzoneClusterImpl-95f47a2b-b50b-49ad-8f3a-4fb28fe26398/datanode-2/data/ratis/29596520-04c5-4e5d-95f3-5e0f434d2e47: created new log segment /tmp/workdir/hadoop-ozone/tools/target/test-dir/MiniOzoneClusterImpl-95f47a2b-b50b-49ad-8f3a-4fb28fe26398/datanode-2/data/ratis/29596520-04c5-4e5d-95f3-5e0f434d2e47/current/log_inprogress_0
2019-07-08 14:16:33,112 INFO  impl.RaftServerImpl (ServerState.java:setLeader(263)) - c970e7a9-f7cc-49ef-90fe-80fb73e1d67c:group-5E0F434D2E47 change Leader from null to 5287de9c-05a3-4266-ba1a-eecd616781d3 at term 1 for appendEntries, leader elected after 1219ms
2019-07-08 14:16:33,112 INFO  impl.RaftServerImpl (ServerState.java:setLeader(263)) - dd4f6cf0-514a-4e4a-8201-b5f480d37d1f:group-5E0F434D2E47 change Leader from null to 5287de9c-05a3-4266-ba1a-eecd616781d3 at term 1 for appendEntries, leader elected after 1218ms
2019-07-08 14:16:33,142 INFO  impl.RaftServerImpl (ServerState.java:setRaftConf(361)) - c970e7a9-f7cc-49ef-90fe-80fb73e1d67c:group-5E0F434D2E47 set configuration 0: [c970e7a9-f7cc-49ef-90fe-80fb73e1d67c:192.168.5.189:39250, dd4f6cf0-514a-4e4a-8201-b5f480d37d1f:192.168.5.189:43531, 5287de9c-05a3-4266-ba1a-eecd616781d3:192.168.5.189:42514], old=null at 0
2019-07-08 14:16:33,142 INFO  impl.RaftServerImpl (ServerState.java:setRaftConf(361)) - dd4f6cf0-514a-4e4a-8201-b5f480d37d1f:group-5E0F434D2E47 set configuration 0: [c970e7a9-f7cc-49ef-90fe-80fb73e1d67c:192.168.5.189:39250, dd4f6cf0-514a-4e4a-8201-b5f480d37d1f:192.168.5.189:43531, 5287de9c-05a3-4266-ba1a-eecd616781d3:192.168.5.189:42514], old=null at 0
2019-07-08 14:16:33,142 INFO  segmented.SegmentedRaftLogWorker (SegmentedRaftLogWorker.java:startLogSegment(380)) - c970e7a9-f7cc-49ef-90fe-80fb73e1d67c-SegmentedRaftLogWorker:Storage Directory /tmp/workdir/hadoop-ozone/tools/target/test-dir/MiniOzoneClusterImpl-95f47a2b-b50b-49ad-8f3a-4fb28fe26398/datanode-1/data/ratis/29596520-04c5-4e5d-95f3-5e0f434d2e47: Starting segment from index:0
2019-07-08 14:16:33,143 INFO  segmented.SegmentedRaftLogWorker (SegmentedRaftLogWorker.java:startLogSegment(380)) - dd4f6cf0-514a-4e4a-8201-b5f480d37d1f-SegmentedRaftLogWorker:Storage Directory /tmp/workdir/hadoop-ozone/tools/target/test-dir/MiniOzoneClusterImpl-95f47a2b-b50b-49ad-8f3a-4fb28fe26398/datanode-0/data/ratis/29596520-04c5-4e5d-95f3-5e0f434d2e47: Starting segment from index:0
2019-07-08 14:16:33,172 INFO  segmented.SegmentedRaftLogWorker (SegmentedRaftLogWorker.java:execute(569)) - c970e7a9-f7cc-49ef-90fe-80fb73e1d67c-SegmentedRaftLogWorker:Storage Directory /tmp/workdir/hadoop-ozone/tools/target/test-dir/MiniOzoneClusterImpl-95f47a2b-b50b-49ad-8f3a-4fb28fe26398/datanode-1/data/ratis/29596520-04c5-4e5d-95f3-5e0f434d2e47: created new log segment /tmp/workdir/hadoop-ozone/tools/target/test-dir/MiniOzoneClusterImpl-95f47a2b-b50b-49ad-8f3a-4fb28fe26398/datanode-1/data/ratis/29596520-04c5-4e5d-95f3-5e0f434d2e47/current/log_inprogress_0
2019-07-08 14:16:33,172 INFO  segmented.SegmentedRaftLogWorker (SegmentedRaftLogWorker.java:execute(569)) - dd4f6cf0-514a-4e4a-8201-b5f480d37d1f-SegmentedRaftLogWorker:Storage Directory /tmp/workdir/hadoop-ozone/tools/target/test-dir/MiniOzoneClusterImpl-95f47a2b-b50b-49ad-8f3a-4fb28fe26398/datanode-0/data/ratis/29596520-04c5-4e5d-95f3-5e0f434d2e47: created new log segment /tmp/workdir/hadoop-ozone/tools/target/test-dir/MiniOzoneClusterImpl-95f47a2b-b50b-49ad-8f3a-4fb28fe26398/datanode-0/data/ratis/29596520-04c5-4e5d-95f3-5e0f434d2e47/current/log_inprogress_0
2019-07-08 14:16:33,218 INFO  client.GrpcClientProtocolClient (GrpcClientProtocolClient.java:onNext(255)) - client-061C4C2C4D75->dd4f6cf0-514a-4e4a-8201-b5f480d37d1f: receive RaftClientReply:client-061C4C2C4D75->dd4f6cf0-514a-4e4a-8201-b5f480d37d1f@group-5E0F434D2E47, cid=6, FAILED org.apache.ratis.protocol.NotLeaderException: Server dd4f6cf0-514a-4e4a-8201-b5f480d37d1f is not the leader (5287de9c-05a3-4266-ba1a-eecd616781d3:192.168.5.189:42514). Request must be sent to leader., logIndex=0, commits[dd4f6cf0-514a-4e4a-8201-b5f480d37d1f:c0, c970e7a9-f7cc-49ef-90fe-80fb73e1d67c:c-1, 5287de9c-05a3-4266-ba1a-eecd616781d3:c0]
2019-07-08 14:16:33,483 INFO  client.GrpcClientProtocolClient (GrpcClientProtocolClient.java:onNext(255)) - client-061C4C2C4D75->5287de9c-05a3-4266-ba1a-eecd616781d3: receive RaftClientReply:client-061C4C2C4D75->5287de9c-05a3-4266-ba1a-eecd616781d3@group-5E0F434D2E47, cid=6, SUCCESS, logIndex=1, commits[5287de9c-05a3-4266-ba1a-eecd616781d3:c1, c970e7a9-f7cc-49ef-90fe-80fb73e1d67c:c0, dd4f6cf0-514a-4e4a-8201-b5f480d37d1f:c0]
2019-07-08 14:16:33,560 INFO  client.GrpcClientProtocolClient (GrpcClientProtocolClient.java:onNext(255)) - client-061C4C2C4D75->5287de9c-05a3-4266-ba1a-eecd616781d3: receive RaftClientReply:client-061C4C2C4D75->5287de9c-05a3-4266-ba1a-eecd616781d3@group-5E0F434D2E47, cid=7, SUCCESS, logIndex=3, commits[5287de9c-05a3-4266-ba1a-eecd616781d3:c8, c970e7a9-f7cc-49ef-90fe-80fb73e1d67c:c6, dd4f6cf0-514a-4e4a-8201-b5f480d37d1f:c6]
2019-07-08 14:16:33,566 INFO  client.GrpcClientProtocolClient (GrpcClientProtocolClient.java:onNext(255)) - client-061C4C2C4D75->5287de9c-05a3-4266-ba1a-eecd616781d3: receive RaftClientReply:client-061C4C2C4D75->5287de9c-05a3-4266-ba1a-eecd616781d3@group-5E0F434D2E47, cid=8, SUCCESS, logIndex=5, commits[5287de9c-05a3-4266-ba1a-eecd616781d3:c8, c970e7a9-f7cc-49ef-90fe-80fb73e1d67c:c6, dd4f6cf0-514a-4e4a-8201-b5f480d37d1f:c6]
2019-07-08 14:16:33,589 INFO  client.GrpcClientProtocolClient (GrpcClientProtocolClient.java:onNext(255)) - client-061C4C2C4D75->5287de9c-05a3-4266-ba1a-eecd616781d3: receive RaftClientReply:client-061C4C2C4D75->5287de9c-05a3-4266-ba1a-eecd616781d3@group-5E0F434D2E47, cid=9, SUCCESS, logIndex=6, commits[5287de9c-05a3-4266-ba1a-eecd616781d3:c8, c970e7a9-f7cc-49ef-90fe-80fb73e1d67c:c6, dd4f6cf0-514a-4e4a-8201-b5f480d37d1f:c6]
2019-07-08 14:16:33,643 INFO  client.GrpcClientProtocolClient (GrpcClientProtocolClient.java:onNext(255)) - client-061C4C2C4D75->5287de9c-05a3-4266-ba1a-eecd616781d3: receive RaftClientReply:client-061C4C2C4D75->5287de9c-05a3-4266-ba1a-eecd616781d3@group-5E0F434D2E47, cid=10, SUCCESS, logIndex=9, commits[5287de9c-05a3-4266-ba1a-eecd616781d3:c10, c970e7a9-f7cc-49ef-90fe-80fb73e1d67c:c8, dd4f6cf0-514a-4e4a-8201-b5f480d37d1f:c8]
2019-07-08 14:16:33,644 INFO  client.GrpcClientProtocolClient (GrpcClientProtocolClient.java:onNext(255)) - client-061C4C2C4D75->5287de9c-05a3-4266-ba1a-eecd616781d3: receive RaftClientReply:client-061C4C2C4D75->5287de9c-05a3-4266-ba1a-eecd616781d3@group-5E0F434D2E47, cid=11, SUCCESS, logIndex=10, commits[5287de9c-05a3-4266-ba1a-eecd616781d3:c10, c970e7a9-f7cc-49ef-90fe-80fb73e1d67c:c8, dd4f6cf0-514a-4e4a-8201-b5f480d37d1f:c8]
 0.00% |█                                                                                                    |  0/1 Time: 0:00:022019-07-08 14:16:33,653 INFO  client.GrpcClientProtocolClient (GrpcClientProtocolClient.java:onNext(255)) - client-061C4C2C4D75->5287de9c-05a3-4266-ba1a-eecd616781d3: receive RaftClientReply:client-061C4C2C4D75->5287de9c-05a3-4266-ba1a-eecd616781d3@group-5E0F434D2E47, cid=12, SUCCESS, logIndex=11, commits[5287de9c-05a3-4266-ba1a-eecd616781d3:c13, c970e7a9-f7cc-49ef-90fe-80fb73e1d67c:c10, dd4f6cf0-514a-4e4a-8201-b5f480d37d1f:c10]
2019-07-08 14:16:33,654 INFO  client.GrpcClientProtocolClient (GrpcClientProtocolClient.java:onNext(255)) - client-061C4C2C4D75->5287de9c-05a3-4266-ba1a-eecd616781d3: receive RaftClientReply:client-061C4C2C4D75->5287de9c-05a3-4266-ba1a-eecd616781d3@group-5E0F434D2E47, cid=13, SUCCESS, logIndex=12, commits[5287de9c-05a3-4266-ba1a-eecd616781d3:c14, c970e7a9-f7cc-49ef-90fe-80fb73e1d67c:c10, dd4f6cf0-514a-4e4a-8201-b5f480d37d1f:c10]
2019-07-08 14:16:33,675 INFO  client.GrpcClientProtocolClient (GrpcClientProtocolClient.java:onNext(255)) - client-061C4C2C4D75->5287de9c-05a3-4266-ba1a-eecd616781d3: receive RaftClientReply:client-061C4C2C4D75->5287de9c-05a3-4266-ba1a-eecd616781d3@group-5E0F434D2E47, cid=14, SUCCESS, logIndex=0, commits[5287de9c-05a3-4266-ba1a-eecd616781d3:c16, c970e7a9-f7cc-49ef-90fe-80fb73e1d67c:c13, dd4f6cf0-514a-4e4a-8201-b5f480d37d1f:c13]
2019-07-08 14:16:33,769 INFO  client.GrpcClientProtocolClient (GrpcClientProtocolClient.java:onNext(255)) - client-061C4C2C4D75->5287de9c-05a3-4266-ba1a-eecd616781d3: receive RaftClientReply:client-061C4C2C4D75->5287de9c-05a3-4266-ba1a-eecd616781d3@group-5E0F434D2E47, cid=15, SUCCESS, logIndex=17, commits[5287de9c-05a3-4266-ba1a-eecd616781d3:c19, c970e7a9-f7cc-49ef-90fe-80fb73e1d67c:c13, dd4f6cf0-514a-4e4a-8201-b5f480d37d1f:c16]
2019-07-08 14:16:33,792 INFO  client.GrpcClientProtocolClient (GrpcClientProtocolClient.java:onNext(255)) - client-061C4C2C4D75->5287de9c-05a3-4266-ba1a-eecd616781d3: receive RaftClientReply:client-061C4C2C4D75->5287de9c-05a3-4266-ba1a-eecd616781d3@group-5E0F434D2E47, cid=16, SUCCESS, logIndex=18, commits[5287de9c-05a3-4266-ba1a-eecd616781d3:c24, c970e7a9-f7cc-49ef-90fe-80fb73e1d67c:c20, dd4f6cf0-514a-4e4a-8201-b5f480d37d1f:c20]
2019-07-08 14:16:33,793 INFO  client.GrpcClientProtocolClient (GrpcClientProtocolClient.java:onNext(255)) - client-061C4C2C4D75->5287de9c-05a3-4266-ba1a-eecd616781d3: receive RaftClientReply:client-061C4C2C4D75->5287de9c-05a3-4266-ba1a-eecd616781d3@group-5E0F434D2E47, cid=17, SUCCESS, logIndex=19, commits[5287de9c-05a3-4266-ba1a-eecd616781d3:c24, c970e7a9-f7cc-49ef-90fe-80fb73e1d67c:c20, dd4f6cf0-514a-4e4a-8201-b5f480d37d1f:c20]
2019-07-08 14:16:33,834 INFO  client.GrpcClientProtocolClient (GrpcClientProtocolClient.java:onNext(255)) - client-061C4C2C4D75->5287de9c-05a3-4266-ba1a-eecd616781d3: receive RaftClientReply:client-061C4C2C4D75->5287de9c-05a3-4266-ba1a-eecd616781d3@group-5E0F434D2E47, cid=18, SUCCESS, logIndex=20, commits[5287de9c-05a3-4266-ba1a-eecd616781d3:c24, c970e7a9-f7cc-49ef-90fe-80fb73e1d67c:c20, dd4f6cf0-514a-4e4a-8201-b5f480d37d1f:c20]
2019-07-08 14:16:33,873 INFO  client.GrpcClientProtocolClient (GrpcClientProtocolClient.java:onNext(255)) - client-061C4C2C4D75->5287de9c-05a3-4266-ba1a-eecd616781d3: receive RaftClientReply:client-061C4C2C4D75->5287de9c-05a3-4266-ba1a-eecd616781d3@group-5E0F434D2E47, cid=19, SUCCESS, logIndex=25, commits[5287de9c-05a3-4266-ba1a-eecd616781d3:c26, c970e7a9-f7cc-49ef-90fe-80fb73e1d67c:c24, dd4f6cf0-514a-4e4a-8201-b5f480d37d1f:c24]
2019-07-08 14:16:33,874 INFO  client.GrpcClientProtocolClient (GrpcClientProtocolClient.java:onNext(255)) - client-061C4C2C4D75->5287de9c-05a3-4266-ba1a-eecd616781d3: receive RaftClientReply:client-061C4C2C4D75->5287de9c-05a3-4266-ba1a-eecd616781d3@group-5E0F434D2E47, cid=20, SUCCESS, logIndex=26, commits[5287de9c-05a3-4266-ba1a-eecd616781d3:c26, c970e7a9-f7cc-49ef-90fe-80fb73e1d67c:c24, dd4f6cf0-514a-4e4a-8201-b5f480d37d1f:c24]
2019-07-08 14:16:33,881 INFO  client.GrpcClientProtocolClient (GrpcClientProtocolClient.java:onNext(255)) - client-061C4C2C4D75->5287de9c-05a3-4266-ba1a-eecd616781d3: receive RaftClientReply:client-061C4C2C4D75->5287de9c-05a3-4266-ba1a-eecd616781d3@group-5E0F434D2E47, cid=21, SUCCESS, logIndex=27, commits[5287de9c-05a3-4266-ba1a-eecd616781d3:c28, c970e7a9-f7cc-49ef-90fe-80fb73e1d67c:c26, dd4f6cf0-514a-4e4a-8201-b5f480d37d1f:c24]
2019-07-08 14:16:33,882 INFO  client.GrpcClientProtocolClient (GrpcClientProtocolClient.java:onNext(255)) - client-061C4C2C4D75->5287de9c-05a3-4266-ba1a-eecd616781d3: receive RaftClientReply:client-061C4C2C4D75->5287de9c-05a3-4266-ba1a-eecd616781d3@group-5E0F434D2E47, cid=22, SUCCESS, logIndex=28, commits[5287de9c-05a3-4266-ba1a-eecd616781d3:c30, c970e7a9-f7cc-49ef-90fe-80fb73e1d67c:c26, dd4f6cf0-514a-4e4a-8201-b5f480d37d1f:c26]
2019-07-08 14:16:33,891 INFO  client.GrpcClientProtocolClient (GrpcClientProtocolClient.java:onNext(255)) - client-061C4C2C4D75->5287de9c-05a3-4266-ba1a-eecd616781d3: receive RaftClientReply:client-061C4C2C4D75->5287de9c-05a3-4266-ba1a-eecd616781d3@group-5E0F434D2E47, cid=23, SUCCESS, logIndex=0, commits[5287de9c-05a3-4266-ba1a-eecd616781d3:c32, c970e7a9-f7cc-49ef-90fe-80fb73e1d67c:c28, dd4f6cf0-514a-4e4a-8201-b5f480d37d1f:c28]
2019-07-08 14:16:33,997 INFO  client.GrpcClientProtocolClient (GrpcClientProtocolClient.java:onNext(255)) - client-061C4C2C4D75->5287de9c-05a3-4266-ba1a-eecd616781d3: receive RaftClientReply:client-061C4C2C4D75->5287de9c-05a3-4266-ba1a-eecd616781d3@group-5E0F434D2E47, cid=24, SUCCESS, logIndex=33, commits[5287de9c-05a3-4266-ba1a-eecd616781d3:c36, c970e7a9-f7cc-49ef-90fe-80fb73e1d67c:c32, dd4f6cf0-514a-4e4a-8201-b5f480d37d1f:c32]
2019-07-08 14:16:34,036 INFO  client.GrpcClientProtocolClient (GrpcClientProtocolClient.java:onNext(255)) - client-061C4C2C4D75->5287de9c-05a3-4266-ba1a-eecd616781d3: receive RaftClientReply:client-061C4C2C4D75->5287de9c-05a3-4266-ba1a-eecd616781d3@group-5E0F434D2E47, cid=25, SUCCESS, logIndex=34, commits[5287de9c-05a3-4266-ba1a-eecd616781d3:c40, c970e7a9-f7cc-49ef-90fe-80fb73e1d67c:c36, dd4f6cf0-514a-4e4a-8201-b5f480d37d1f:c36]
2019-07-08 14:16:34,037 INFO  client.GrpcClientProtocolClient (GrpcClientProtocolClient.java:onNext(255)) - client-061C4C2C4D75->5287de9c-05a3-4266-ba1a-eecd616781d3: receive RaftClientReply:client-061C4C2C4D75->5287de9c-05a3-4266-ba1a-eecd616781d3@group-5E0F434D2E47, cid=26, SUCCESS, logIndex=35, commits[5287de9c-05a3-4266-ba1a-eecd616781d3:c40, c970e7a9-f7cc-49ef-90fe-80fb73e1d67c:c36, dd4f6cf0-514a-4e4a-8201-b5f480d37d1f:c36]
2019-07-08 14:16:34,118 INFO  client.GrpcClientProtocolClient (GrpcClientProtocolClient.java:onNext(255)) - client-061C4C2C4D75->5287de9c-05a3-4266-ba1a-eecd616781d3: receive RaftClientReply:client-061C4C2C4D75->5287de9c-05a3-4266-ba1a-eecd616781d3@group-5E0F434D2E47, cid=27, SUCCESS, logIndex=36, commits[5287de9c-05a3-4266-ba1a-eecd616781d3:c40, c970e7a9-f7cc-49ef-90fe-80fb73e1d67c:c36, dd4f6cf0-514a-4e4a-8201-b5f480d37d1f:c36]
2019-07-08 14:16:34,163 INFO  client.GrpcClientProtocolClient (GrpcClientProtocolClient.java:onNext(255)) - client-061C4C2C4D75->5287de9c-05a3-4266-ba1a-eecd616781d3: receive RaftClientReply:client-061C4C2C4D75->5287de9c-05a3-4266-ba1a-eecd616781d3@group-5E0F434D2E47, cid=28, SUCCESS, logIndex=41, commits[5287de9c-05a3-4266-ba1a-eecd616781d3:c42, c970e7a9-f7cc-49ef-90fe-80fb73e1d67c:c40, dd4f6cf0-514a-4e4a-8201-b5f480d37d1f:c40]
2019-07-08 14:16:34,165 INFO  client.GrpcClientProtocolClient (GrpcClientProtocolClient.java:onNext(255)) - client-061C4C2C4D75->5287de9c-05a3-4266-ba1a-eecd616781d3: receive RaftClientReply:client-061C4C2C4D75->5287de9c-05a3-4266-ba1a-eecd616781d3@group-5E0F434D2E47, cid=29, SUCCESS, logIndex=42, commits[5287de9c-05a3-4266-ba1a-eecd616781d3:c42, c970e7a9-f7cc-49ef-90fe-80fb73e1d67c:c40, dd4f6cf0-514a-4e4a-8201-b5f480d37d1f:c40]
2019-07-08 14:16:34,172 INFO  client.GrpcClientProtocolClient (GrpcClientProtocolClient.java:onNext(255)) - client-061C4C2C4D75->5287de9c-05a3-4266-ba1a-eecd616781d3: receive RaftClientReply:client-061C4C2C4D75->5287de9c-05a3-4266-ba1a-eecd616781d3@group-5E0F434D2E47, cid=30, SUCCESS, logIndex=43, commits[5287de9c-05a3-4266-ba1a-eecd616781d3:c44, c970e7a9-f7cc-49ef-90fe-80fb73e1d67c:c42, dd4f6cf0-514a-4e4a-8201-b5f480d37d1f:c42]
2019-07-08 14:16:34,174 INFO  client.GrpcClientProtocolClient (GrpcClientProtocolClient.java:onNext(255)) - client-061C4C2C4D75->5287de9c-05a3-4266-ba1a-eecd616781d3: receive RaftClientReply:client-061C4C2C4D75->5287de9c-05a3-4266-ba1a-eecd616781d3@group-5E0F434D2E47, cid=31, SUCCESS, logIndex=44, commits[5287de9c-05a3-4266-ba1a-eecd616781d3:c46, c970e7a9-f7cc-49ef-90fe-80fb73e1d67c:c42, dd4f6cf0-514a-4e4a-8201-b5f480d37d1f:c42]
2019-07-08 14:16:34,178 INFO  client.GrpcClientProtocolClient (GrpcClientProtocolClient.java:onNext(255)) - client-061C4C2C4D75->5287de9c-05a3-4266-ba1a-eecd616781d3: receive RaftClientReply:client-061C4C2C4D75->5287de9c-05a3-4266-ba1a-eecd616781d3@group-5E0F434D2E47, cid=32, SUCCESS, logIndex=0, commits[5287de9c-05a3-4266-ba1a-eecd616781d3:c47, c970e7a9-f7cc-49ef-90fe-80fb73e1d67c:c44, dd4f6cf0-514a-4e4a-8201-b5f480d37d1f:c44]
2019-07-08 14:16:34,213 INFO  client.GrpcClientProtocolClient (GrpcClientProtocolClient.java:onNext(255)) - client-061C4C2C4D75->5287de9c-05a3-4266-ba1a-eecd616781d3: receive RaftClientReply:client-061C4C2C4D75->5287de9c-05a3-4266-ba1a-eecd616781d3@group-5E0F434D2E47, cid=33, SUCCESS, logIndex=49, commits[5287de9c-05a3-4266-ba1a-eecd616781d3:c50, c970e7a9-f7cc-49ef-90fe-80fb73e1d67c:c48, dd4f6cf0-514a-4e4a-8201-b5f480d37d1f:c48]
2019-07-08 14:16:34,214 INFO  client.GrpcClientProtocolClient (GrpcClientProtocolClient.java:onNext(255)) - client-061C4C2C4D75->5287de9c-05a3-4266-ba1a-eecd616781d3: receive RaftClientReply:client-061C4C2C4D75->5287de9c-05a3-4266-ba1a-eecd616781d3@group-5E0F434D2E47, cid=34, SUCCESS, logIndex=50, commits[5287de9c-05a3-4266-ba1a-eecd616781d3:c50, c970e7a9-f7cc-49ef-90fe-80fb73e1d67c:c48, dd4f6cf0-514a-4e4a-8201-b5f480d37d1f:c48]
2019-07-08 14:16:34,219 INFO  client.GrpcClientProtocolClient (GrpcClientProtocolClient.java:onNext(255)) - client-061C4C2C4D75->5287de9c-05a3-4266-ba1a-eecd616781d3: receive RaftClientReply:client-061C4C2C4D75->5287de9c-05a3-4266-ba1a-eecd616781d3@group-5E0F434D2E47, cid=35, SUCCESS, logIndex=51, commits[5287de9c-05a3-4266-ba1a-eecd616781d3:c54, c970e7a9-f7cc-49ef-90fe-80fb73e1d67c:c48, dd4f6cf0-514a-4e4a-8201-b5f480d37d1f:c50]
2019-07-08 14:16:34,220 INFO  client.GrpcClientProtocolClient (GrpcClientProtocolClient.java:onNext(255)) - client-061C4C2C4D75->5287de9c-05a3-4266-ba1a-eecd616781d3: receive RaftClientReply:client-061C4C2C4D75->5287de9c-05a3-4266-ba1a-eecd616781d3@group-5E0F434D2E47, cid=36, SUCCESS, logIndex=52, commits[5287de9c-05a3-4266-ba1a-eecd616781d3:c54, c970e7a9-f7cc-49ef-90fe-80fb73e1d67c:c50, dd4f6cf0-514a-4e4a-8201-b5f480d37d1f:c50]
2019-07-08 14:16:34,241 INFO  client.GrpcClientProtocolClient (GrpcClientProtocolClient.java:onNext(255)) - client-061C4C2C4D75->5287de9c-05a3-4266-ba1a-eecd616781d3: receive RaftClientReply:client-061C4C2C4D75->5287de9c-05a3-4266-ba1a-eecd616781d3@group-5E0F434D2E47, cid=37, SUCCESS, logIndex=57, commits[5287de9c-05a3-4266-ba1a-eecd616781d3:c58, c970e7a9-f7cc-49ef-90fe-80fb73e1d67c:c56, dd4f6cf0-514a-4e4a-8201-b5f480d37d1f:c56]
2019-07-08 14:16:34,242 INFO  client.GrpcClientProtocolClient (GrpcClientProtocolClient.java:onNext(255)) - client-061C4C2C4D75->5287de9c-05a3-4266-ba1a-eecd616781d3: receive RaftClientReply:client-061C4C2C4D75->5287de9c-05a3-4266-ba1a-eecd616781d3@group-5E0F434D2E47, cid=38, SUCCESS, logIndex=58, commits[5287de9c-05a3-4266-ba1a-eecd616781d3:c58, c970e7a9-f7cc-49ef-90fe-80fb73e1d67c:c56, dd4f6cf0-514a-4e4a-8201-b5f480d37d1f:c56]
2019-07-08 14:16:34,262 INFO  client.GrpcClientProtocolClient (GrpcClientProtocolClient.java:onNext(255)) - client-061C4C2C4D75->5287de9c-05a3-4266-ba1a-eecd616781d3: receive RaftClientReply:client-061C4C2C4D75->5287de9c-05a3-4266-ba1a-eecd616781d3@group-5E0F434D2E47, cid=39, SUCCESS, logIndex=61, commits[5287de9c-05a3-4266-ba1a-eecd616781d3:c62, c970e7a9-f7cc-49ef-90fe-80fb73e1d67c:c60, dd4f6cf0-514a-4e4a-8201-b5f480d37d1f:c60]
2019-07-08 14:16:34,263 INFO  client.GrpcClientProtocolClient (GrpcClientProtocolClient.java:onNext(255)) - client-061C4C2C4D75->5287de9c-05a3-4266-ba1a-eecd616781d3: receive RaftClientReply:client-061C4C2C4D75->5287de9c-05a3-4266-ba1a-eecd616781d3@group-5E0F434D2E47, cid=40, SUCCESS, logIndex=62, commits[5287de9c-05a3-4266-ba1a-eecd616781d3:c62, c970e7a9-f7cc-49ef-90fe-80fb73e1d67c:c60, dd4f6cf0-514a-4e4a-8201-b5f480d37d1f:c60]
2019-07-08 14:16:34,268 INFO  client.GrpcClientProtocolClient (GrpcClientProtocolClient.java:onNext(255)) - client-061C4C2C4D75->5287de9c-05a3-4266-ba1a-eecd616781d3: receive RaftClientReply:client-061C4C2C4D75->5287de9c-05a3-4266-ba1a-eecd616781d3@group-5E0F434D2E47, cid=41, SUCCESS, logIndex=0, commits[5287de9c-05a3-4266-ba1a-eecd616781d3:c62, c970e7a9-f7cc-49ef-90fe-80fb73e1d67c:c62, dd4f6cf0-514a-4e4a-8201-b5f480d37d1f:c62]
2019-07-08 14:16:34,289 INFO  client.GrpcClientProtocolClient (GrpcClientProtocolClient.java:onNext(255)) - client-061C4C2C4D75->5287de9c-05a3-4266-ba1a-eecd616781d3: receive RaftClientReply:client-061C4C2C4D75->5287de9c-05a3-4266-ba1a-eecd616781d3@group-5E0F434D2E47, cid=42, SUCCESS, logIndex=65, commits[5287de9c-05a3-4266-ba1a-eecd616781d3:c66, c970e7a9-f7cc-49ef-90fe-80fb73e1d67c:c64, dd4f6cf0-514a-4e4a-8201-b5f480d37d1f:c64]
2019-07-08 14:16:34,289 INFO  client.GrpcClientProtocolClient (GrpcClientProtocolClient.java:onNext(255)) - client-061C4C2C4D75->5287de9c-05a3-4266-ba1a-eecd616781d3: receive RaftClientReply:client-061C4C2C4D75->5287de9c-05a3-4266-ba1a-eecd616781d3@group-5E0F434D2E47, cid=43, SUCCESS, logIndex=66, commits[5287de9c-05a3-4266-ba1a-eecd616781d3:c66, c970e7a9-f7cc-49ef-90fe-80fb73e1d67c:c64, dd4f6cf0-514a-4e4a-8201-b5f480d37d1f:c64]
2019-07-08 14:16:34,292 INFO  client.GrpcClientProtocolClient (GrpcClientProtocolClient.java:onNext(255)) - client-061C4C2C4D75->5287de9c-05a3-4266-ba1a-eecd616781d3: receive RaftClientReply:client-061C4C2C4D75->5287de9c-05a3-4266-ba1a-eecd616781d3@group-5E0F434D2E47, cid=44, SUCCESS, logIndex=67, commits[5287de9c-05a3-4266-ba1a-eecd616781d3:c68, c970e7a9-f7cc-49ef-90fe-80fb73e1d67c:c64, dd4f6cf0-514a-4e4a-8201-b5f480d37d1f:c64]
2019-07-08 14:16:34,293 INFO  client.GrpcClientProtocolClient (GrpcClientProtocolClient.java:onNext(255)) - client-061C4C2C4D75->5287de9c-05a3-4266-ba1a-eecd616781d3: receive RaftClientReply:client-061C4C2C4D75->5287de9c-05a3-4266-ba1a-eecd616781d3@group-5E0F434D2E47, cid=45, SUCCESS, logIndex=68, commits[5287de9c-05a3-4266-ba1a-eecd616781d3:c69, c970e7a9-f7cc-49ef-90fe-80fb73e1d67c:c64, dd4f6cf0-514a-4e4a-8201-b5f480d37d1f:c66]
2019-07-08 14:16:34,295 INFO  client.GrpcClientProtocolClient (GrpcClientProtocolClient.java:onNext(255)) - client-061C4C2C4D75->5287de9c-05a3-4266-ba1a-eecd616781d3: receive RaftClientReply:client-061C4C2C4D75->5287de9c-05a3-4266-ba1a-eecd616781d3@group-5E0F434D2E47, cid=46, SUCCESS, logIndex=0, commits[5287de9c-05a3-4266-ba1a-eecd616781d3:c70, c970e7a9-f7cc-49ef-90fe-80fb73e1d67c:c66, dd4f6cf0-514a-4e4a-8201-b5f480d37d1f:c66]
2019-07-08 14:16:34,316 INFO  client.GrpcClientProtocolClient (GrpcClientProtocolClient.java:onNext(255)) - client-061C4C2C4D75->5287de9c-05a3-4266-ba1a-eecd616781d3: receive RaftClientReply:client-061C4C2C4D75->5287de9c-05a3-4266-ba1a-eecd616781d3@group-5E0F434D2E47, cid=47, SUCCESS, logIndex=73, commits[5287de9c-05a3-4266-ba1a-eecd616781d3:c74, c970e7a9-f7cc-49ef-90fe-80fb73e1d67c:c72, dd4f6cf0-514a-4e4a-8201-b5f480d37d1f:c72]
2019-07-08 14:16:34,317 INFO  client.GrpcClientProtocolClient (GrpcClientProtocolClient.java:onNext(255)) - client-061C4C2C4D75->5287de9c-05a3-4266-ba1a-eecd616781d3: receive RaftClientReply:client-061C4C2C4D75->5287de9c-05a3-4266-ba1a-eecd616781d3@group-5E0F434D2E47, cid=48, SUCCESS, logIndex=74, commits[5287de9c-05a3-4266-ba1a-eecd616781d3:c74, c970e7a9-f7cc-49ef-90fe-80fb73e1d67c:c72, dd4f6cf0-514a-4e4a-8201-b5f480d37d1f:c72]
2019-07-08 14:16:34,336 INFO  client.GrpcClientProtocolClient (GrpcClientProtocolClient.java:onNext(255)) - client-061C4C2C4D75->5287de9c-05a3-4266-ba1a-eecd616781d3: receive RaftClientReply:client-061C4C2C4D75->5287de9c-05a3-4266-ba1a-eecd616781d3@group-5E0F434D2E47, cid=49, SUCCESS, logIndex=77, commits[5287de9c-05a3-4266-ba1a-eecd616781d3:c78, c970e7a9-f7cc-49ef-90fe-80fb73e1d67c:c76, dd4f6cf0-514a-4e4a-8201-b5f480d37d1f:c76]
2019-07-08 14:16:34,337 INFO  client.GrpcClientProtocolClient (GrpcClientProtocolClient.java:onNext(255)) - client-061C4C2C4D75->5287de9c-05a3-4266-ba1a-eecd616781d3: receive RaftClientReply:client-061C4C2C4D75->5287de9c-05a3-4266-ba1a-eecd616781d3@group-5E0F434D2E47, cid=50, SUCCESS, logIndex=78, commits[5287de9c-05a3-4266-ba1a-eecd616781d3:c78, c970e7a9-f7cc-49ef-90fe-80fb73e1d67c:c76, dd4f6cf0-514a-4e4a-8201-b5f480d37d1f:c76]
2019-07-08 14:16:34,345 INFO  client.GrpcClientProtocolClient (GrpcClientProtocolClient.java:onNext(255)) - client-061C4C2C4D75->5287de9c-05a3-4266-ba1a-eecd616781d3: receive RaftClientReply:client-061C4C2C4D75->5287de9c-05a3-4266-ba1a-eecd616781d3@group-5E0F434D2E47, cid=51, SUCCESS, logIndex=0, commits[5287de9c-05a3-4266-ba1a-eecd616781d3:c80, c970e7a9-f7cc-49ef-90fe-80fb73e1d67c:c78, dd4f6cf0-514a-4e4a-8201-b5f480d37d1f:c78]
 100.00% |█████████████████████████████████████████████████████████████████████████████████████████████████████|  1/1 Time: 0:00:03
2019-07-08 14:16:39,943 INFO  pipeline.SCMPipelineManager (SCMPipelineManager.java:finalizeAndDestroyPipeline(307)) - destroying pipeline:Pipeline[ Id: 29596520-04c5-4e5d-95f3-5e0f434d2e47, Nodes: c970e7a9-f7cc-49ef-90fe-80fb73e1d67c{ip: 192.168.5.189, host: hdds1735-lppls-1799962220, networkLocation: /default-rack, certSerialId: null}dd4f6cf0-514a-4e4a-8201-b5f480d37d1f{ip: 192.168.5.189, host: hdds1735-lppls-1799962220, networkLocation: /default-rack, certSerialId: null}5287de9c-05a3-4266-ba1a-eecd616781d3{ip: 192.168.5.189, host: hdds1735-lppls-1799962220, networkLocation: /default-rack, certSerialId: null}, Type:RATIS, Factor:THREE, State:OPEN]
2019-07-08 14:16:39,945 INFO  pipeline.PipelineStateManager (PipelineStateManager.java:finalizePipeline(123)) - Pipeline Pipeline[ Id: 29596520-04c5-4e5d-95f3-5e0f434d2e47, Nodes: c970e7a9-f7cc-49ef-90fe-80fb73e1d67c{ip: 192.168.5.189, host: hdds1735-lppls-1799962220, networkLocation: /default-rack, certSerialId: null}dd4f6cf0-514a-4e4a-8201-b5f480d37d1f{ip: 192.168.5.189, host: hdds1735-lppls-1799962220, networkLocation: /default-rack, certSerialId: null}5287de9c-05a3-4266-ba1a-eecd616781d3{ip: 192.168.5.189, host: hdds1735-lppls-1799962220, networkLocation: /default-rack, certSerialId: null}, Type:RATIS, Factor:THREE, State:CLOSED] moved to CLOSED state
2019-07-08 14:16:39,946 INFO  container.CloseContainerEventHandler (CloseContainerEventHandler.java:onMessage(61)) - Close container Event triggered for container : #1
2019-07-08 14:16:39,954 INFO  container.CloseContainerEventHandler (CloseContainerEventHandler.java:onMessage(61)) - Close container Event triggered for container : #2
2019-07-08 14:16:39,954 INFO  container.CloseContainerEventHandler (CloseContainerEventHandler.java:onMessage(61)) - Close container Event triggered for container : #3
2019-07-08 14:16:39,974 INFO  impl.RaftServerProxy (RaftServerProxy.java:remove(95)) - c970e7a9-f7cc-49ef-90fe-80fb73e1d67c: remove FOLLOWER group-5E0F434D2E47 c970e7a9-f7cc-49ef-90fe-80fb73e1d67c:t1, leader=5287de9c-05a3-4266-ba1a-eecd616781d3, voted=5287de9c-05a3-4266-ba1a-eecd616781d3, raftlog=c970e7a9-f7cc-49ef-90fe-80fb73e1d67c-SegmentedRaftLog:OPENED:c80,f80,i80, conf=0: [c970e7a9-f7cc-49ef-90fe-80fb73e1d67c:192.168.5.189:39250, dd4f6cf0-514a-4e4a-8201-b5f480d37d1f:192.168.5.189:43531, 5287de9c-05a3-4266-ba1a-eecd616781d3:192.168.5.189:42514], old=null RUNNING
2019-07-08 14:16:39,978 INFO  impl.RaftServerImpl (RaftServerImpl.java:lambda$shutdown$3(245)) - c970e7a9-f7cc-49ef-90fe-80fb73e1d67c: shutdown group-5E0F434D2E47
2019-07-08 14:16:39,978 INFO  util.JmxRegister (JmxRegister.java:unregister(73)) - Successfully un-registered JMX Bean with object name Ratis:service=RaftServer,group=group-5E0F434D2E47,id=c970e7a9-f7cc-49ef-90fe-80fb73e1d67c
2019-07-08 14:16:39,978 INFO  impl.RoleInfo (RoleInfo.java:shutdownFollowerState(121)) - c970e7a9-f7cc-49ef-90fe-80fb73e1d67c: shutdown FollowerState
2019-07-08 14:16:39,978 INFO  impl.StateMachineUpdater (StateMachineUpdater.java:stopAndJoin(115)) - StateMachineUpdater:c970e7a9-f7cc-49ef-90fe-80fb73e1d67c:group-5E0F434D2E47: set stopIndex = 80
2019-07-08 14:16:39,979 INFO  impl.FollowerState (FollowerState.java:run(114)) - c970e7a9-f7cc-49ef-90fe-80fb73e1d67c: FollowerState was interrupted: java.lang.InterruptedException: sleep interrupted
2019-07-08 14:16:39,979 INFO  ratis.ContainerStateMachine (ContainerStateMachine.java:takeSnapshot(244)) - Taking snapshot at termIndex:(t:1, i:78)
2019-07-08 14:16:39,981 INFO  ratis.ContainerStateMachine (ContainerStateMachine.java:takeSnapshot(248)) - Taking a snapshot to file /tmp/workdir/hadoop-ozone/tools/target/test-dir/MiniOzoneClusterImpl-95f47a2b-b50b-49ad-8f3a-4fb28fe26398/datanode-1/data/ratis/29596520-04c5-4e5d-95f3-5e0f434d2e47/sm/snapshot.1_78
2019-07-08 14:16:39,993 INFO  impl.StateMachineUpdater (StateMachineUpdater.java:takeSnapshot(242)) - StateMachineUpdater:c970e7a9-f7cc-49ef-90fe-80fb73e1d67c:group-5E0F434D2E47: Took a snapshot at index 78
2019-07-08 14:16:39,994 INFO  impl.StateMachineUpdater (StateMachineUpdater.java:lambda$new$0(80)) - StateMachineUpdater:c970e7a9-f7cc-49ef-90fe-80fb73e1d67c:group-5E0F434D2E47: snapshotIndex: updateIncreasingly -1 -> 78
2019-07-08 14:16:39,999 INFO  impl.RaftServerImpl (ServerState.java:close(394)) - c970e7a9-f7cc-49ef-90fe-80fb73e1d67c:group-5E0F434D2E47 closes. The last applied log index is 80
2019-07-08 14:16:40,002 INFO  segmented.SegmentedRaftLogWorker (SegmentedRaftLogWorker.java:run(313)) - c970e7a9-f7cc-49ef-90fe-80fb73e1d67c-SegmentedRaftLogWorker:Storage Directory /tmp/workdir/hadoop-ozone/tools/target/test-dir/MiniOzoneClusterImpl-95f47a2b-b50b-49ad-8f3a-4fb28fe26398/datanode-1/data/ratis/29596520-04c5-4e5d-95f3-5e0f434d2e47 was interrupted, exiting. There are 0 tasks remaining in the queue.
2019-07-08 14:16:40,004 INFO  segmented.SegmentedRaftLogWorker (SegmentedRaftLogWorker.java:close(228)) - c970e7a9-f7cc-49ef-90fe-80fb73e1d67c-SegmentedRaftLogWorker:Storage Directory /tmp/workdir/hadoop-ozone/tools/target/test-dir/MiniOzoneClusterImpl-95f47a2b-b50b-49ad-8f3a-4fb28fe26398/datanode-1/data/ratis/29596520-04c5-4e5d-95f3-5e0f434d2e47 close()
2019-07-08 14:16:40,034 INFO  impl.RaftServerProxy (RaftServerProxy.java:remove(95)) - dd4f6cf0-514a-4e4a-8201-b5f480d37d1f: remove FOLLOWER group-5E0F434D2E47 dd4f6cf0-514a-4e4a-8201-b5f480d37d1f:t1, leader=5287de9c-05a3-4266-ba1a-eecd616781d3, voted=5287de9c-05a3-4266-ba1a-eecd616781d3, raftlog=dd4f6cf0-514a-4e4a-8201-b5f480d37d1f-SegmentedRaftLog:OPENED:c80,f80,i80, conf=0: [c970e7a9-f7cc-49ef-90fe-80fb73e1d67c:192.168.5.189:39250, dd4f6cf0-514a-4e4a-8201-b5f480d37d1f:192.168.5.189:43531, 5287de9c-05a3-4266-ba1a-eecd616781d3:192.168.5.189:42514], old=null RUNNING
2019-07-08 14:16:40,034 INFO  impl.RaftServerImpl (RaftServerImpl.java:lambda$shutdown$3(245)) - dd4f6cf0-514a-4e4a-8201-b5f480d37d1f: shutdown group-5E0F434D2E47
2019-07-08 14:16:40,035 INFO  util.JmxRegister (JmxRegister.java:unregister(73)) - Successfully un-registered JMX Bean with object name Ratis:service=RaftServer,group=group-5E0F434D2E47,id=dd4f6cf0-514a-4e4a-8201-b5f480d37d1f
2019-07-08 14:16:40,035 INFO  impl.RoleInfo (RoleInfo.java:shutdownFollowerState(121)) - dd4f6cf0-514a-4e4a-8201-b5f480d37d1f: shutdown FollowerState
2019-07-08 14:16:40,035 INFO  impl.StateMachineUpdater (StateMachineUpdater.java:stopAndJoin(115)) - StateMachineUpdater:dd4f6cf0-514a-4e4a-8201-b5f480d37d1f:group-5E0F434D2E47: set stopIndex = 80
2019-07-08 14:16:40,035 INFO  ratis.ContainerStateMachine (ContainerStateMachine.java:takeSnapshot(244)) - Taking snapshot at termIndex:(t:1, i:78)
2019-07-08 14:16:40,035 INFO  impl.FollowerState (FollowerState.java:run(114)) - dd4f6cf0-514a-4e4a-8201-b5f480d37d1f: FollowerState was interrupted: java.lang.InterruptedException: sleep interrupted
2019-07-08 14:16:40,037 INFO  ratis.ContainerStateMachine (ContainerStateMachine.java:takeSnapshot(248)) - Taking a snapshot to file /tmp/workdir/hadoop-ozone/tools/target/test-dir/MiniOzoneClusterImpl-95f47a2b-b50b-49ad-8f3a-4fb28fe26398/datanode-0/data/ratis/29596520-04c5-4e5d-95f3-5e0f434d2e47/sm/snapshot.1_78
2019-07-08 14:16:40,039 INFO  impl.StateMachineUpdater (StateMachineUpdater.java:takeSnapshot(242)) - StateMachineUpdater:dd4f6cf0-514a-4e4a-8201-b5f480d37d1f:group-5E0F434D2E47: Took a snapshot at index 78
2019-07-08 14:16:40,039 INFO  impl.StateMachineUpdater (StateMachineUpdater.java:lambda$new$0(80)) - StateMachineUpdater:dd4f6cf0-514a-4e4a-8201-b5f480d37d1f:group-5E0F434D2E47: snapshotIndex: updateIncreasingly -1 -> 78
2019-07-08 14:16:40,039 INFO  impl.RaftServerImpl (ServerState.java:close(394)) - dd4f6cf0-514a-4e4a-8201-b5f480d37d1f:group-5E0F434D2E47 closes. The last applied log index is 80
2019-07-08 14:16:40,040 INFO  segmented.SegmentedRaftLogWorker (SegmentedRaftLogWorker.java:run(313)) - dd4f6cf0-514a-4e4a-8201-b5f480d37d1f-SegmentedRaftLogWorker:Storage Directory /tmp/workdir/hadoop-ozone/tools/target/test-dir/MiniOzoneClusterImpl-95f47a2b-b50b-49ad-8f3a-4fb28fe26398/datanode-0/data/ratis/29596520-04c5-4e5d-95f3-5e0f434d2e47 was interrupted, exiting. There are 0 tasks remaining in the queue.
2019-07-08 14:16:40,045 INFO  segmented.SegmentedRaftLogWorker (SegmentedRaftLogWorker.java:close(228)) - dd4f6cf0-514a-4e4a-8201-b5f480d37d1f-SegmentedRaftLogWorker:Storage Directory /tmp/workdir/hadoop-ozone/tools/target/test-dir/MiniOzoneClusterImpl-95f47a2b-b50b-49ad-8f3a-4fb28fe26398/datanode-0/data/ratis/29596520-04c5-4e5d-95f3-5e0f434d2e47 close()
2019-07-08 14:16:40,063 INFO  impl.RaftServerProxy (RaftServerProxy.java:remove(95)) - 5287de9c-05a3-4266-ba1a-eecd616781d3: remove   LEADER group-5E0F434D2E47 5287de9c-05a3-4266-ba1a-eecd616781d3:t1, leader=5287de9c-05a3-4266-ba1a-eecd616781d3, voted=5287de9c-05a3-4266-ba1a-eecd616781d3, raftlog=5287de9c-05a3-4266-ba1a-eecd616781d3-SegmentedRaftLog:OPENED:c80,f80,i80, conf=0: [c970e7a9-f7cc-49ef-90fe-80fb73e1d67c:192.168.5.189:39250, dd4f6cf0-514a-4e4a-8201-b5f480d37d1f:192.168.5.189:43531, 5287de9c-05a3-4266-ba1a-eecd616781d3:192.168.5.189:42514], old=null RUNNING
2019-07-08 14:16:40,063 INFO  impl.RaftServerImpl (RaftServerImpl.java:lambda$shutdown$3(245)) - 5287de9c-05a3-4266-ba1a-eecd616781d3: shutdown group-5E0F434D2E47
2019-07-08 14:16:40,063 INFO  util.JmxRegister (JmxRegister.java:unregister(73)) - Successfully un-registered JMX Bean with object name Ratis:service=RaftServer,group=group-5E0F434D2E47,id=5287de9c-05a3-4266-ba1a-eecd616781d3
2019-07-08 14:16:40,064 INFO  impl.RoleInfo (RoleInfo.java:shutdownLeaderState(104)) - 5287de9c-05a3-4266-ba1a-eecd616781d3: shutdown LeaderState
2019-07-08 14:16:40,066 INFO  impl.PendingRequests (PendingRequests.java:sendNotLeaderResponses(202)) - 5287de9c-05a3-4266-ba1a-eecd616781d3-PendingRequests: sendNotLeaderResponses
2019-07-08 14:16:40,066 WARN  server.GrpcLogAppender (GrpcLogAppender.java:mayWait(143)) - GrpcLogAppender(5287de9c-05a3-4266-ba1a-eecd616781d3->dd4f6cf0-514a-4e4a-8201-b5f480d37d1f): Wait interrupted by java.lang.InterruptedException
2019-07-08 14:16:40,066 WARN  server.GrpcLogAppender (GrpcLogAppender.java:mayWait(143)) - GrpcLogAppender(5287de9c-05a3-4266-ba1a-eecd616781d3->c970e7a9-f7cc-49ef-90fe-80fb73e1d67c): Wait interrupted by java.lang.InterruptedException
2019-07-08 14:16:40,074 INFO  server.GrpcServerProtocolService (GrpcServerProtocolService.java:onCompleted(104)) - c970e7a9-f7cc-49ef-90fe-80fb73e1d67c: appendEntries completed
2019-07-08 14:16:40,074 INFO  server.GrpcServerProtocolService (GrpcServerProtocolService.java:onCompleted(104)) - dd4f6cf0-514a-4e4a-8201-b5f480d37d1f: appendEntries completed
2019-07-08 14:16:40,077 INFO  impl.StateMachineUpdater (StateMachineUpdater.java:stopAndJoin(115)) - StateMachineUpdater:5287de9c-05a3-4266-ba1a-eecd616781d3:group-5E0F434D2E47: set stopIndex = 80
2019-07-08 14:16:40,077 INFO  ratis.ContainerStateMachine (ContainerStateMachine.java:takeSnapshot(244)) - Taking snapshot at termIndex:(t:1, i:78)
2019-07-08 14:16:40,078 INFO  server.GrpcLogAppender (GrpcLogAppender.java:onCompleted(292)) - 5287de9c-05a3-4266-ba1a-eecd616781d3->c970e7a9-f7cc-49ef-90fe-80fb73e1d67c: follower responses appendEntries COMPLETED
2019-07-08 14:16:40,079 INFO  ratis.ContainerStateMachine (ContainerStateMachine.java:takeSnapshot(248)) - Taking a snapshot to file /tmp/workdir/hadoop-ozone/tools/target/test-dir/MiniOzoneClusterImpl-95f47a2b-b50b-49ad-8f3a-4fb28fe26398/datanode-2/data/ratis/29596520-04c5-4e5d-95f3-5e0f434d2e47/sm/snapshot.1_78
2019-07-08 14:16:40,079 INFO  server.GrpcLogAppender (GrpcLogAppender.java:onCompleted(292)) - 5287de9c-05a3-4266-ba1a-eecd616781d3->dd4f6cf0-514a-4e4a-8201-b5f480d37d1f: follower responses appendEntries COMPLETED
2019-07-08 14:16:40,083 INFO  impl.StateMachineUpdater (StateMachineUpdater.java:takeSnapshot(242)) - StateMachineUpdater:5287de9c-05a3-4266-ba1a-eecd616781d3:group-5E0F434D2E47: Took a snapshot at index 78
2019-07-08 14:16:40,083 INFO  impl.StateMachineUpdater (StateMachineUpdater.java:lambda$new$0(80)) - StateMachineUpdater:5287de9c-05a3-4266-ba1a-eecd616781d3:group-5E0F434D2E47: snapshotIndex: updateIncreasingly -1 -> 78
2019-07-08 14:16:40,085 INFO  impl.FollowerInfo (FollowerInfo.java:lambda$new$0(50)) - 5287de9c-05a3-4266-ba1a-eecd616781d3->c970e7a9-f7cc-49ef-90fe-80fb73e1d67c: nextIndex: updateUnconditionally 81 -> 80
2019-07-08 14:16:40,085 INFO  impl.RaftServerImpl (ServerState.java:close(394)) - 5287de9c-05a3-4266-ba1a-eecd616781d3:group-5E0F434D2E47 closes. The last applied log index is 80
2019-07-08 14:16:40,085 INFO  impl.FollowerInfo (FollowerInfo.java:lambda$new$0(50)) - 5287de9c-05a3-4266-ba1a-eecd616781d3->dd4f6cf0-514a-4e4a-8201-b5f480d37d1f: nextIndex: updateUnconditionally 81 -> 80
2019-07-08 14:16:40,086 INFO  segmented.SegmentedRaftLogWorker (SegmentedRaftLogWorker.java:run(313)) - 5287de9c-05a3-4266-ba1a-eecd616781d3-SegmentedRaftLogWorker:Storage Directory /tmp/workdir/hadoop-ozone/tools/target/test-dir/MiniOzoneClusterImpl-95f47a2b-b50b-49ad-8f3a-4fb28fe26398/datanode-2/data/ratis/29596520-04c5-4e5d-95f3-5e0f434d2e47 was interrupted, exiting. There are 0 tasks remaining in the queue.
2019-07-08 14:16:40,087 INFO  segmented.SegmentedRaftLogWorker (SegmentedRaftLogWorker.java:close(228)) - 5287de9c-05a3-4266-ba1a-eecd616781d3-SegmentedRaftLogWorker:Storage Directory /tmp/workdir/hadoop-ozone/tools/target/test-dir/MiniOzoneClusterImpl-95f47a2b-b50b-49ad-8f3a-4fb28fe26398/datanode-2/data/ratis/29596520-04c5-4e5d-95f3-5e0f434d2e47 close()
2019-07-08 14:16:40,095 INFO  pipeline.PipelineStateManager (PipelineStateManager.java:removePipeline(108)) - Pipeline Pipeline[ Id: 29596520-04c5-4e5d-95f3-5e0f434d2e47, Nodes: c970e7a9-f7cc-49ef-90fe-80fb73e1d67c{ip: 192.168.5.189, host: hdds1735-lppls-1799962220, networkLocation: /default-rack, certSerialId: null}dd4f6cf0-514a-4e4a-8201-b5f480d37d1f{ip: 192.168.5.189, host: hdds1735-lppls-1799962220, networkLocation: /default-rack, certSerialId: null}5287de9c-05a3-4266-ba1a-eecd616781d3{ip: 192.168.5.189, host: hdds1735-lppls-1799962220, networkLocation: /default-rack, certSerialId: null}, Type:RATIS, Factor:THREE, State:CLOSED] removed from db
2019-07-08 14:16:40,112 INFO  impl.RaftServerProxy (RaftServerProxy.java:addNew(89)) - dd4f6cf0-514a-4e4a-8201-b5f480d37d1f: addNew group-2FDFF51BA78E:[c970e7a9-f7cc-49ef-90fe-80fb73e1d67c:192.168.5.189:39250, dd4f6cf0-514a-4e4a-8201-b5f480d37d1f:192.168.5.189:43531, 5287de9c-05a3-4266-ba1a-eecd616781d3:192.168.5.189:42514] returns group-2FDFF51BA78E:java.util.concurrent.CompletableFuture@57da0d2e[Not completed]
2019-07-08 14:16:40,114 INFO  impl.RaftServerProxy (RaftServerProxy.java:addNew(89)) - 5287de9c-05a3-4266-ba1a-eecd616781d3: addNew group-2FDFF51BA78E:[c970e7a9-f7cc-49ef-90fe-80fb73e1d67c:192.168.5.189:39250, dd4f6cf0-514a-4e4a-8201-b5f480d37d1f:192.168.5.189:43531, 5287de9c-05a3-4266-ba1a-eecd616781d3:192.168.5.189:42514] returns group-2FDFF51BA78E:java.util.concurrent.CompletableFuture@5029bd23[Not completed]
2019-07-08 14:16:40,118 INFO  impl.RaftServerProxy (RaftServerProxy.java:addNew(89)) - c970e7a9-f7cc-49ef-90fe-80fb73e1d67c: addNew group-2FDFF51BA78E:[c970e7a9-f7cc-49ef-90fe-80fb73e1d67c:192.168.5.189:39250, dd4f6cf0-514a-4e4a-8201-b5f480d37d1f:192.168.5.189:43531, 5287de9c-05a3-4266-ba1a-eecd616781d3:192.168.5.189:42514] returns group-2FDFF51BA78E:java.util.concurrent.CompletableFuture@244c5358[Not completed]
2019-07-08 14:16:40,120 INFO  impl.RaftServerImpl (RaftServerImpl.java:<init>(93)) - dd4f6cf0-514a-4e4a-8201-b5f480d37d1f: new RaftServerImpl for group-2FDFF51BA78E:[c970e7a9-f7cc-49ef-90fe-80fb73e1d67c:192.168.5.189:39250, dd4f6cf0-514a-4e4a-8201-b5f480d37d1f:192.168.5.189:43531, 5287de9c-05a3-4266-ba1a-eecd616781d3:192.168.5.189:42514] with ContainerStateMachine:uninitialized
2019-07-08 14:16:40,120 INFO  server.RaftServerConfigKeys (ConfUtils.java:logGet(43)) - raft.server.rpc.timeout.min = 1s (custom)
2019-07-08 14:16:40,120 INFO  server.RaftServerConfigKeys (ConfUtils.java:logGet(43)) - raft.server.rpc.timeout.max = 1200ms (custom)
2019-07-08 14:16:40,120 INFO  impl.RaftServerImpl (RaftServerImpl.java:<init>(93)) - c970e7a9-f7cc-49ef-90fe-80fb73e1d67c: new RaftServerImpl for group-2FDFF51BA78E:[c970e7a9-f7cc-49ef-90fe-80fb73e1d67c:192.168.5.189:39250, dd4f6cf0-514a-4e4a-8201-b5f480d37d1f:192.168.5.189:43531, 5287de9c-05a3-4266-ba1a-eecd616781d3:192.168.5.189:42514] with ContainerStateMachine:uninitialized
2019-07-08 14:16:40,120 INFO  server.RaftServerConfigKeys (ConfUtils.java:logGet(43)) - raft.server.rpcslowness.timeout = 120s (custom)
2019-07-08 14:16:40,120 INFO  server.RaftServerConfigKeys (ConfUtils.java:logGet(43)) - raft.server.rpc.timeout.min = 1s (custom)
2019-07-08 14:16:40,120 INFO  server.RaftServerConfigKeys (ConfUtils.java:logGet(43)) - raft.server.sleep.deviation.threshold = 300 (default)
2019-07-08 14:16:40,121 INFO  server.RaftServerConfigKeys (ConfUtils.java:logGet(43)) - raft.server.rpc.timeout.max = 1200ms (custom)
2019-07-08 14:16:40,121 INFO  server.RaftServerConfigKeys (ConfUtils.java:logGet(43)) - raft.server.log.appender.install.snapshot.enabled = false (custom)
2019-07-08 14:16:40,121 INFO  server.RaftServerConfigKeys (ConfUtils.java:logGet(43)) - raft.server.rpcslowness.timeout = 120s (custom)
2019-07-08 14:16:40,121 INFO  impl.RaftServerImpl (ServerState.java:<init>(105)) - dd4f6cf0-514a-4e4a-8201-b5f480d37d1f:group-2FDFF51BA78E ConfigurationManager, init=-1: [c970e7a9-f7cc-49ef-90fe-80fb73e1d67c:192.168.5.189:39250, dd4f6cf0-514a-4e4a-8201-b5f480d37d1f:192.168.5.189:43531, 5287de9c-05a3-4266-ba1a-eecd616781d3:192.168.5.189:42514], old=null, confs=<EMPTY_MAP>
2019-07-08 14:16:40,121 INFO  impl.RaftServerImpl (RaftServerImpl.java:<init>(93)) - 5287de9c-05a3-4266-ba1a-eecd616781d3: new RaftServerImpl for group-2FDFF51BA78E:[c970e7a9-f7cc-49ef-90fe-80fb73e1d67c:192.168.5.189:39250, dd4f6cf0-514a-4e4a-8201-b5f480d37d1f:192.168.5.189:43531, 5287de9c-05a3-4266-ba1a-eecd616781d3:192.168.5.189:42514] with ContainerStateMachine:uninitialized
2019-07-08 14:16:40,121 INFO  server.RaftServerConfigKeys (ConfUtils.java:logGet(43)) - raft.server.storage.dir = [/tmp/workdir/hadoop-ozone/tools/target/test-dir/MiniOzoneClusterImpl-95f47a2b-b50b-49ad-8f3a-4fb28fe26398/datanode-0/data/ratis] (custom)
2019-07-08 14:16:40,121 INFO  server.RaftServerConfigKeys (ConfUtils.java:logGet(43)) - raft.server.sleep.deviation.threshold = 300 (default)
2019-07-08 14:16:40,121 INFO  server.RaftServerConfigKeys (ConfUtils.java:logGet(43)) - raft.server.rpc.timeout.min = 1s (custom)
2019-07-08 14:16:40,122 INFO  server.RaftServerConfigKeys (ConfUtils.java:logGet(43)) - raft.server.log.appender.install.snapshot.enabled = false (custom)
2019-07-08 14:16:40,122 INFO  server.RaftServerConfigKeys (ConfUtils.java:logGet(43)) - raft.server.rpc.timeout.max = 1200ms (custom)
2019-07-08 14:16:40,122 INFO  storage.RaftStorageDirectory (RaftStorageDirectory.java:analyzeStorage(246)) - The storage directory /tmp/workdir/hadoop-ozone/tools/target/test-dir/MiniOzoneClusterImpl-95f47a2b-b50b-49ad-8f3a-4fb28fe26398/datanode-0/data/ratis/af2991f9-6d1a-419f-a7ac-2fdff51ba78e does not exist. Creating ...
2019-07-08 14:16:40,122 INFO  server.RaftServerConfigKeys (ConfUtils.java:logGet(43)) - raft.server.rpcslowness.timeout = 120s (custom)
2019-07-08 14:16:40,122 INFO  impl.RaftServerImpl (ServerState.java:<init>(105)) - c970e7a9-f7cc-49ef-90fe-80fb73e1d67c:group-2FDFF51BA78E ConfigurationManager, init=-1: [c970e7a9-f7cc-49ef-90fe-80fb73e1d67c:192.168.5.189:39250, dd4f6cf0-514a-4e4a-8201-b5f480d37d1f:192.168.5.189:43531, 5287de9c-05a3-4266-ba1a-eecd616781d3:192.168.5.189:42514], old=null, confs=<EMPTY_MAP>
2019-07-08 14:16:40,122 INFO  server.RaftServerConfigKeys (ConfUtils.java:logGet(43)) - raft.server.sleep.deviation.threshold = 300 (default)
2019-07-08 14:16:40,123 INFO  server.RaftServerConfigKeys (ConfUtils.java:logGet(43)) - raft.server.storage.dir = [/tmp/workdir/hadoop-ozone/tools/target/test-dir/MiniOzoneClusterImpl-95f47a2b-b50b-49ad-8f3a-4fb28fe26398/datanode-1/data/ratis] (custom)
2019-07-08 14:16:40,123 INFO  server.RaftServerConfigKeys (ConfUtils.java:logGet(43)) - raft.server.log.appender.install.snapshot.enabled = false (custom)
2019-07-08 14:16:40,123 INFO  impl.RaftServerImpl (ServerState.java:<init>(105)) - 5287de9c-05a3-4266-ba1a-eecd616781d3:group-2FDFF51BA78E ConfigurationManager, init=-1: [c970e7a9-f7cc-49ef-90fe-80fb73e1d67c:192.168.5.189:39250, dd4f6cf0-514a-4e4a-8201-b5f480d37d1f:192.168.5.189:43531, 5287de9c-05a3-4266-ba1a-eecd616781d3:192.168.5.189:42514], old=null, confs=<EMPTY_MAP>
2019-07-08 14:16:40,123 INFO  storage.RaftStorageDirectory (RaftStorageDirectory.java:analyzeStorage(246)) - The storage directory /tmp/workdir/hadoop-ozone/tools/target/test-dir/MiniOzoneClusterImpl-95f47a2b-b50b-49ad-8f3a-4fb28fe26398/datanode-1/data/ratis/af2991f9-6d1a-419f-a7ac-2fdff51ba78e does not exist. Creating ...
2019-07-08 14:16:40,123 INFO  server.RaftServerConfigKeys (ConfUtils.java:logGet(43)) - raft.server.storage.dir = [/tmp/workdir/hadoop-ozone/tools/target/test-dir/MiniOzoneClusterImpl-95f47a2b-b50b-49ad-8f3a-4fb28fe26398/datanode-2/data/ratis] (custom)
2019-07-08 14:16:40,124 INFO  storage.RaftStorageDirectory (RaftStorageDirectory.java:analyzeStorage(246)) - The storage directory /tmp/workdir/hadoop-ozone/tools/target/test-dir/MiniOzoneClusterImpl-95f47a2b-b50b-49ad-8f3a-4fb28fe26398/datanode-2/data/ratis/af2991f9-6d1a-419f-a7ac-2fdff51ba78e does not exist. Creating ...
2019-07-08 14:16:40,130 INFO  storage.RaftStorageDirectory (RaftStorageDirectory.java:tryLock(328)) - Lock on /tmp/workdir/hadoop-ozone/tools/target/test-dir/MiniOzoneClusterImpl-95f47a2b-b50b-49ad-8f3a-4fb28fe26398/datanode-1/data/ratis/af2991f9-6d1a-419f-a7ac-2fdff51ba78e/in_use.lock acquired by nodename 20425@hdds1735-lppls-1799962220
2019-07-08 14:16:40,130 INFO  storage.RaftStorageDirectory (RaftStorageDirectory.java:tryLock(328)) - Lock on /tmp/workdir/hadoop-ozone/tools/target/test-dir/MiniOzoneClusterImpl-95f47a2b-b50b-49ad-8f3a-4fb28fe26398/datanode-2/data/ratis/af2991f9-6d1a-419f-a7ac-2fdff51ba78e/in_use.lock acquired by nodename 20425@hdds1735-lppls-1799962220
2019-07-08 14:16:40,130 INFO  storage.RaftStorageDirectory (RaftStorageDirectory.java:tryLock(328)) - Lock on /tmp/workdir/hadoop-ozone/tools/target/test-dir/MiniOzoneClusterImpl-95f47a2b-b50b-49ad-8f3a-4fb28fe26398/datanode-0/data/ratis/af2991f9-6d1a-419f-a7ac-2fdff51ba78e/in_use.lock acquired by nodename 20425@hdds1735-lppls-1799962220
2019-07-08 14:16:40,137 INFO  storage.RaftStorage (RaftStorage.java:format(72)) - Storage directory /tmp/workdir/hadoop-ozone/tools/target/test-dir/MiniOzoneClusterImpl-95f47a2b-b50b-49ad-8f3a-4fb28fe26398/datanode-0/data/ratis/af2991f9-6d1a-419f-a7ac-2fdff51ba78e has been successfully formatted.
2019-07-08 14:16:40,137 INFO  storage.RaftStorage (RaftStorage.java:format(72)) - Storage directory /tmp/workdir/hadoop-ozone/tools/target/test-dir/MiniOzoneClusterImpl-95f47a2b-b50b-49ad-8f3a-4fb28fe26398/datanode-1/data/ratis/af2991f9-6d1a-419f-a7ac-2fdff51ba78e has been successfully formatted.
2019-07-08 14:16:40,137 INFO  storage.RaftStorage (RaftStorage.java:format(72)) - Storage directory /tmp/workdir/hadoop-ozone/tools/target/test-dir/MiniOzoneClusterImpl-95f47a2b-b50b-49ad-8f3a-4fb28fe26398/datanode-2/data/ratis/af2991f9-6d1a-419f-a7ac-2fdff51ba78e has been successfully formatted.
2019-07-08 14:16:40,138 INFO  ratis.ContainerStateMachine (ContainerStateMachine.java:loadSnapshot(198)) - The snapshot info is null.Setting the last applied index to:(t:0, i:~)
2019-07-08 14:16:40,138 INFO  ratis.ContainerStateMachine (ContainerStateMachine.java:loadSnapshot(198)) - The snapshot info is null.Setting the last applied index to:(t:0, i:~)
2019-07-08 14:16:40,138 INFO  server.RaftServerConfigKeys (ConfUtils.java:logGet(43)) - raft.server.leader.election.timeout = 120s (custom)
2019-07-08 14:16:40,138 INFO  ratis.ContainerStateMachine (ContainerStateMachine.java:loadSnapshot(198)) - The snapshot info is null.Setting the last applied index to:(t:0, i:~)
2019-07-08 14:16:40,138 INFO  server.RaftServerConfigKeys (ConfUtils.java:logGet(43)) - raft.server.log.use.memory = false (default)
2019-07-08 14:16:40,138 INFO  server.RaftServerConfigKeys (ConfUtils.java:logGet(43)) - raft.server.leader.election.timeout = 120s (custom)
2019-07-08 14:16:40,139 INFO  server.RaftServerConfigKeys (ConfUtils.java:logGet(43)) - raft.server.log.purge.gap = 1000000000 (custom)
2019-07-08 14:16:40,139 INFO  server.RaftServerConfigKeys (ConfUtils.java:logGet(43)) - raft.server.leader.election.timeout = 120s (custom)
2019-07-08 14:16:40,139 INFO  server.RaftServerConfigKeys (ConfUtils.java:logGet(43)) - raft.server.log.appender.buffer.byte-limit = 33554432 (custom)
2019-07-08 14:16:40,139 INFO  server.RaftServerConfigKeys (ConfUtils.java:logGet(43)) - raft.server.log.use.memory = false (default)
2019-07-08 14:16:40,139 INFO  server.RaftServerConfigKeys (ConfUtils.java:logGet(43)) - raft.server.log.segment.size.max = 1048576 (custom)
2019-07-08 14:16:40,139 INFO  server.RaftServerConfigKeys (ConfUtils.java:logGet(43)) - raft.server.log.use.memory = false (default)
2019-07-08 14:16:40,139 INFO  server.RaftServerConfigKeys (ConfUtils.java:logGet(43)) - raft.server.log.segment.cache.num.max = 2 (custom)
2019-07-08 14:16:40,139 INFO  server.RaftServerConfigKeys (ConfUtils.java:logGet(43)) - raft.server.log.purge.gap = 1000000000 (custom)
2019-07-08 14:16:40,140 INFO  segmented.SegmentedRaftLogWorker (SegmentedRaftLogWorker.java:<init>(172)) - new dd4f6cf0-514a-4e4a-8201-b5f480d37d1f-SegmentedRaftLogWorker:Storage Directory /tmp/workdir/hadoop-ozone/tools/target/test-dir/MiniOzoneClusterImpl-95f47a2b-b50b-49ad-8f3a-4fb28fe26398/datanode-0/data/ratis/af2991f9-6d1a-419f-a7ac-2fdff51ba78e for RaftStorage:Storage Directory /tmp/workdir/hadoop-ozone/tools/target/test-dir/MiniOzoneClusterImpl-95f47a2b-b50b-49ad-8f3a-4fb28fe26398/datanode-0/data/ratis/af2991f9-6d1a-419f-a7ac-2fdff51ba78e
2019-07-08 14:16:40,140 INFO  server.RaftServerConfigKeys (ConfUtils.java:logGet(43)) - raft.server.log.purge.gap = 1000000000 (custom)
2019-07-08 14:16:40,140 INFO  server.RaftServerConfigKeys (ConfUtils.java:logGet(43)) - raft.server.log.queue.byte-limit = 2147483647 (custom)
2019-07-08 14:16:40,140 INFO  server.RaftServerConfigKeys (ConfUtils.java:logGet(43)) - raft.server.log.appender.buffer.byte-limit = 33554432 (custom)
2019-07-08 14:16:40,142 INFO  server.RaftServerConfigKeys (ConfUtils.java:logGet(43)) - raft.server.log.queue.element-limit = 1024 (custom)
2019-07-08 14:16:40,140 INFO  server.RaftServerConfigKeys (ConfUtils.java:logGet(43)) - raft.server.log.appender.buffer.byte-limit = 33554432 (custom)
2019-07-08 14:16:40,142 INFO  server.RaftServerConfigKeys (ConfUtils.java:logGet(43)) - raft.server.log.segment.size.max = 1048576 (custom)
2019-07-08 14:16:40,142 INFO  server.RaftServerConfigKeys (ConfUtils.java:logGet(43)) - raft.server.log.segment.size.max = 1048576 (custom)
2019-07-08 14:16:40,142 INFO  server.RaftServerConfigKeys (ConfUtils.java:logGet(43)) - raft.server.log.preallocated.size = 16384 (custom)
2019-07-08 14:16:40,142 INFO  server.RaftServerConfigKeys (ConfUtils.java:logGet(43)) - raft.server.log.segment.size.max = 1048576 (custom)
2019-07-08 14:16:40,143 INFO  server.RaftServerConfigKeys (ConfUtils.java:logGet(43)) - raft.server.log.write.buffer.size = 33554432 (custom)
2019-07-08 14:16:40,143 INFO  server.RaftServerConfigKeys (ConfUtils.java:logGet(43)) - raft.server.log.segment.cache.num.max = 2 (custom)
2019-07-08 14:16:40,143 INFO  server.RaftServerConfigKeys (ConfUtils.java:logGet(43)) - raft.server.log.force.sync.num = 128 (default)
2019-07-08 14:16:40,143 INFO  server.RaftServerConfigKeys (ConfUtils.java:logGet(43)) - raft.server.log.segment.cache.num.max = 2 (custom)
2019-07-08 14:16:40,143 INFO  server.RaftServerConfigKeys (ConfUtils.java:logGet(43)) - raft.server.log.statemachine.data.sync = true (default)
2019-07-08 14:16:40,143 INFO  segmented.SegmentedRaftLogWorker (SegmentedRaftLogWorker.java:<init>(172)) - new c970e7a9-f7cc-49ef-90fe-80fb73e1d67c-SegmentedRaftLogWorker:Storage Directory /tmp/workdir/hadoop-ozone/tools/target/test-dir/MiniOzoneClusterImpl-95f47a2b-b50b-49ad-8f3a-4fb28fe26398/datanode-1/data/ratis/af2991f9-6d1a-419f-a7ac-2fdff51ba78e for RaftStorage:Storage Directory /tmp/workdir/hadoop-ozone/tools/target/test-dir/MiniOzoneClusterImpl-95f47a2b-b50b-49ad-8f3a-4fb28fe26398/datanode-1/data/ratis/af2991f9-6d1a-419f-a7ac-2fdff51ba78e
2019-07-08 14:16:40,144 INFO  server.RaftServerConfigKeys (ConfUtils.java:logGet(43)) - raft.server.log.statemachine.data.sync.timeout = 10s (default)
2019-07-08 14:16:40,143 INFO  segmented.SegmentedRaftLogWorker (SegmentedRaftLogWorker.java:<init>(172)) - new 5287de9c-05a3-4266-ba1a-eecd616781d3-SegmentedRaftLogWorker:Storage Directory /tmp/workdir/hadoop-ozone/tools/target/test-dir/MiniOzoneClusterImpl-95f47a2b-b50b-49ad-8f3a-4fb28fe26398/datanode-2/data/ratis/af2991f9-6d1a-419f-a7ac-2fdff51ba78e for RaftStorage:Storage Directory /tmp/workdir/hadoop-ozone/tools/target/test-dir/MiniOzoneClusterImpl-95f47a2b-b50b-49ad-8f3a-4fb28fe26398/datanode-2/data/ratis/af2991f9-6d1a-419f-a7ac-2fdff51ba78e
2019-07-08 14:16:40,144 INFO  server.RaftServerConfigKeys (ConfUtils.java:logGet(43)) - raft.server.log.statemachine.data.sync.timeout.retry = -1 (default)
2019-07-08 14:16:40,144 INFO  server.RaftServerConfigKeys (ConfUtils.java:logGet(43)) - raft.server.log.queue.byte-limit = 2147483647 (custom)
2019-07-08 14:16:40,147 INFO  server.RaftServerConfigKeys (ConfUtils.java:logGet(43)) - raft.server.log.statemachine.data.caching.enabled = true (custom)
2019-07-08 14:16:40,145 INFO  server.RaftServerConfigKeys (ConfUtils.java:logGet(43)) - raft.server.log.queue.byte-limit = 2147483647 (custom)
2019-07-08 14:16:40,147 INFO  server.RaftServerConfigKeys (ConfUtils.java:logGet(43)) - raft.server.log.queue.element-limit = 1024 (custom)
2019-07-08 14:16:40,147 INFO  server.RaftServerConfigKeys (ConfUtils.java:logGet(43)) - raft.server.log.queue.element-limit = 1024 (custom)
2019-07-08 14:16:40,147 INFO  segmented.SegmentedRaftLogWorker (SegmentedRaftLogWorker.java:lambda$new$0(132)) - dd4f6cf0-514a-4e4a-8201-b5f480d37d1f-SegmentedRaftLogWorker:Storage Directory /tmp/workdir/hadoop-ozone/tools/target/test-dir/MiniOzoneClusterImpl-95f47a2b-b50b-49ad-8f3a-4fb28fe26398/datanode-0/data/ratis/af2991f9-6d1a-419f-a7ac-2fdff51ba78e: flushIndex: setUnconditionally 0 -> -1
2019-07-08 14:16:40,148 INFO  server.RaftServerConfigKeys (ConfUtils.java:logGet(43)) - raft.server.log.segment.size.max = 1048576 (custom)
2019-07-08 14:16:40,148 INFO  server.RaftServerConfigKeys (ConfUtils.java:logGet(43)) - raft.server.log.segment.size.max = 1048576 (custom)
2019-07-08 14:16:40,148 INFO  server.RaftServerConfigKeys (ConfUtils.java:logGet(43)) - raft.server.snapshot.auto.trigger.enabled = true (custom)
2019-07-08 14:16:40,148 INFO  server.RaftServerConfigKeys (ConfUtils.java:logGet(43)) - raft.server.log.preallocated.size = 16384 (custom)
2019-07-08 14:16:40,148 INFO  server.RaftServerConfigKeys (ConfUtils.java:logGet(43)) - raft.server.snapshot.auto.trigger.threshold = 10000 (custom)
2019-07-08 14:16:40,148 INFO  server.RaftServerConfigKeys (ConfUtils.java:logGet(43)) - raft.server.log.preallocated.size = 16384 (custom)
2019-07-08 14:16:40,149 INFO  server.RaftServerConfigKeys (ConfUtils.java:logGet(43)) - raft.server.retrycache.expirytime = 600000ms (custom)
2019-07-08 14:16:40,148 INFO  server.RaftServerConfigKeys (ConfUtils.java:logGet(43)) - raft.server.log.write.buffer.size = 33554432 (custom)
2019-07-08 14:16:40,149 INFO  impl.RaftServerImpl (RaftServerImpl.java:start(180)) - dd4f6cf0-514a-4e4a-8201-b5f480d37d1f: start group-2FDFF51BA78E
2019-07-08 14:16:40,149 INFO  server.RaftServerConfigKeys (ConfUtils.java:logGet(43)) - raft.server.log.write.buffer.size = 33554432 (custom)
2019-07-08 14:16:40,149 INFO  impl.RaftServerImpl (RaftServerImpl.java:setRole(171)) - dd4f6cf0-514a-4e4a-8201-b5f480d37d1f:group-2FDFF51BA78E changes role from null to FOLLOWER at term 0 for startAsFollower
2019-07-08 14:16:40,149 INFO  server.RaftServerConfigKeys (ConfUtils.java:logGet(43)) - raft.server.log.force.sync.num = 128 (default)
2019-07-08 14:16:40,150 INFO  impl.RoleInfo (RoleInfo.java:updateAndGet(143)) - dd4f6cf0-514a-4e4a-8201-b5f480d37d1f: start FollowerState
2019-07-08 14:16:40,150 INFO  server.RaftServerConfigKeys (ConfUtils.java:logGet(43)) - raft.server.log.force.sync.num = 128 (default)
2019-07-08 14:16:40,150 INFO  server.RaftServerConfigKeys (ConfUtils.java:logGet(43)) - raft.server.log.statemachine.data.sync = true (default)
2019-07-08 14:16:40,150 INFO  server.RaftServerConfigKeys (ConfUtils.java:logGet(43)) - raft.server.log.statemachine.data.sync = true (default)
2019-07-08 14:16:40,150 INFO  util.JmxRegister (JmxRegister.java:tryRegister(44)) - Successfully registered JMX Bean with object name Ratis:service=RaftServer,group=group-2FDFF51BA78E,id=dd4f6cf0-514a-4e4a-8201-b5f480d37d1f
2019-07-08 14:16:40,150 INFO  server.RaftServerConfigKeys (ConfUtils.java:logGet(43)) - raft.server.log.statemachine.data.sync.timeout = 10s (default)
2019-07-08 14:16:40,151 INFO  server.RaftServerConfigKeys (ConfUtils.java:logGet(43)) - raft.server.log.statemachine.data.sync.timeout = 10s (default)
2019-07-08 14:16:40,151 INFO  server.RaftServerConfigKeys (ConfUtils.java:logGet(43)) - raft.server.log.statemachine.data.sync.timeout.retry = -1 (default)
2019-07-08 14:16:40,151 INFO  server.RaftServerConfigKeys (ConfUtils.java:logGet(43)) - raft.server.log.statemachine.data.sync.timeout.retry = -1 (default)
2019-07-08 14:16:40,151 INFO  server.RaftServerConfigKeys (ConfUtils.java:logGet(43)) - raft.server.log.statemachine.data.caching.enabled = true (custom)
2019-07-08 14:16:40,151 INFO  server.RaftServerConfigKeys (ConfUtils.java:logGet(43)) - raft.server.log.statemachine.data.caching.enabled = true (custom)
2019-07-08 14:16:40,152 INFO  segmented.SegmentedRaftLogWorker (SegmentedRaftLogWorker.java:lambda$new$0(132)) - 5287de9c-05a3-4266-ba1a-eecd616781d3-SegmentedRaftLogWorker:Storage Directory /tmp/workdir/hadoop-ozone/tools/target/test-dir/MiniOzoneClusterImpl-95f47a2b-b50b-49ad-8f3a-4fb28fe26398/datanode-2/data/ratis/af2991f9-6d1a-419f-a7ac-2fdff51ba78e: flushIndex: setUnconditionally 0 -> -1
2019-07-08 14:16:40,152 INFO  segmented.SegmentedRaftLogWorker (SegmentedRaftLogWorker.java:lambda$new$0(132)) - c970e7a9-f7cc-49ef-90fe-80fb73e1d67c-SegmentedRaftLogWorker:Storage Directory /tmp/workdir/hadoop-ozone/tools/target/test-dir/MiniOzoneClusterImpl-95f47a2b-b50b-49ad-8f3a-4fb28fe26398/datanode-1/data/ratis/af2991f9-6d1a-419f-a7ac-2fdff51ba78e: flushIndex: setUnconditionally 0 -> -1
2019-07-08 14:16:40,152 INFO  server.RaftServerConfigKeys (ConfUtils.java:logGet(43)) - raft.server.snapshot.auto.trigger.enabled = true (custom)
2019-07-08 14:16:40,154 INFO  server.RaftServerConfigKeys (ConfUtils.java:logGet(43)) - raft.server.snapshot.auto.trigger.threshold = 10000 (custom)
2019-07-08 14:16:40,154 INFO  server.RaftServerConfigKeys (ConfUtils.java:logGet(43)) - raft.server.snapshot.auto.trigger.enabled = true (custom)
2019-07-08 14:16:40,157 INFO  server.RaftServerConfigKeys (ConfUtils.java:logGet(43)) - raft.server.retrycache.expirytime = 600000ms (custom)
2019-07-08 14:16:40,157 INFO  server.RaftServerConfigKeys (ConfUtils.java:logGet(43)) - raft.server.snapshot.auto.trigger.threshold = 10000 (custom)
2019-07-08 14:16:40,158 INFO  impl.RaftServerImpl (RaftServerImpl.java:start(180)) - 5287de9c-05a3-4266-ba1a-eecd616781d3: start group-2FDFF51BA78E
2019-07-08 14:16:40,159 INFO  server.RaftServerConfigKeys (ConfUtils.java:logGet(43)) - raft.server.retrycache.expirytime = 600000ms (custom)
2019-07-08 14:16:40,159 INFO  impl.RaftServerImpl (RaftServerImpl.java:setRole(171)) - 5287de9c-05a3-4266-ba1a-eecd616781d3:group-2FDFF51BA78E changes role from null to FOLLOWER at term 0 for startAsFollower
2019-07-08 14:16:40,159 INFO  impl.RaftServerImpl (RaftServerImpl.java:start(180)) - c970e7a9-f7cc-49ef-90fe-80fb73e1d67c: start group-2FDFF51BA78E
2019-07-08 14:16:40,159 INFO  impl.RoleInfo (RoleInfo.java:updateAndGet(143)) - 5287de9c-05a3-4266-ba1a-eecd616781d3: start FollowerState
2019-07-08 14:16:40,159 INFO  impl.RaftServerImpl (RaftServerImpl.java:setRole(171)) - c970e7a9-f7cc-49ef-90fe-80fb73e1d67c:group-2FDFF51BA78E changes role from null to FOLLOWER at term 0 for startAsFollower
2019-07-08 14:16:40,159 INFO  impl.RoleInfo (RoleInfo.java:updateAndGet(143)) - c970e7a9-f7cc-49ef-90fe-80fb73e1d67c: start FollowerState
2019-07-08 14:16:40,160 INFO  util.JmxRegister (JmxRegister.java:tryRegister(44)) - Successfully registered JMX Bean with object name Ratis:service=RaftServer,group=group-2FDFF51BA78E,id=5287de9c-05a3-4266-ba1a-eecd616781d3
2019-07-08 14:16:40,160 INFO  util.JmxRegister (JmxRegister.java:tryRegister(44)) - Successfully registered JMX Bean with object name Ratis:service=RaftServer,group=group-2FDFF51BA78E,id=c970e7a9-f7cc-49ef-90fe-80fb73e1d67c
2019-07-08 14:16:40,168 INFO  pipeline.PipelineStateManager (PipelineStateManager.java:addPipeline(56)) - Created pipeline Pipeline[ Id: af2991f9-6d1a-419f-a7ac-2fdff51ba78e, Nodes: c970e7a9-f7cc-49ef-90fe-80fb73e1d67c{ip: 192.168.5.189, host: hdds1735-lppls-1799962220, networkLocation: /default-rack, certSerialId: null}dd4f6cf0-514a-4e4a-8201-b5f480d37d1f{ip: 192.168.5.189, host: hdds1735-lppls-1799962220, networkLocation: /default-rack, certSerialId: null}5287de9c-05a3-4266-ba1a-eecd616781d3{ip: 192.168.5.189, host: hdds1735-lppls-1799962220, networkLocation: /default-rack, certSerialId: null}, Type:RATIS, Factor:THREE, State:OPEN]
2019-07-08 14:16:40,246 INFO  freon.RandomKeyGenerator (RandomKeyGenerator.java:call(262)) - Number of Threads: 10
2019-07-08 14:16:40,246 INFO  freon.RandomKeyGenerator (RandomKeyGenerator.java:call(267)) - Number of Volumes: 1.
2019-07-08 14:16:40,246 INFO  freon.RandomKeyGenerator (RandomKeyGenerator.java:call(268)) - Number of Buckets per Volume: 1.
2019-07-08 14:16:40,246 INFO  freon.RandomKeyGenerator (RandomKeyGenerator.java:call(269)) - Number of Keys per Bucket: 1.
2019-07-08 14:16:40,246 INFO  freon.RandomKeyGenerator (RandomKeyGenerator.java:call(270)) - Key size: 20971520 bytes
2019-07-08 14:16:40,246 INFO  freon.RandomKeyGenerator (RandomKeyGenerator.java:call(271)) - Buffer size: 4096 bytes
2019-07-08 14:16:40,247 INFO  freon.RandomKeyGenerator (RandomKeyGenerator.java:call(286)) - Data validation is enabled.
2019-07-08 14:16:40,247 INFO  freon.RandomKeyGenerator (RandomKeyGenerator.java:call(299)) - Starting progress bar Thread.

 0.00% |█                                                                                                    |  0/1 Time: 0:00:002019-07-08 14:16:40,247 INFO  rpc.RpcClient (RpcClient.java:createVolume(289)) - Creating Volume: vol-0-53713, with jenkins1000 as owner.
2019-07-08 14:16:40,259 INFO  rpc.RpcClient (RpcClient.java:createBucket(426)) - Creating Bucket: vol-0-53713/bucket-0-49192, with Versioning false and Storage Type set to DISK and Encryption set to false 
2019-07-08 14:16:40,295 INFO  client.GrpcClientProtocolClient (GrpcClientProtocolClient.java:onNext(255)) - client-8A22F492B445->c970e7a9-f7cc-49ef-90fe-80fb73e1d67c: receive RaftClientReply:client-8A22F492B445->c970e7a9-f7cc-49ef-90fe-80fb73e1d67c@group-2FDFF51BA78E, cid=58, FAILED org.apache.ratis.protocol.NotLeaderException: Server c970e7a9-f7cc-49ef-90fe-80fb73e1d67c is not the leader (null). Request must be sent to leader., logIndex=0, commits[c970e7a9-f7cc-49ef-90fe-80fb73e1d67c:c-1]
2019-07-08 14:16:41,161 INFO  impl.FollowerState (FollowerState.java:run(106)) - 5287de9c-05a3-4266-ba1a-eecd616781d3:group-2FDFF51BA78E changes to CANDIDATE, lastRpcTime:1000, electionTimeout:1000ms
2019-07-08 14:16:41,161 INFO  impl.RoleInfo (RoleInfo.java:shutdownFollowerState(121)) - 5287de9c-05a3-4266-ba1a-eecd616781d3: shutdown FollowerState
2019-07-08 14:16:41,161 INFO  impl.RaftServerImpl (RaftServerImpl.java:setRole(171)) - 5287de9c-05a3-4266-ba1a-eecd616781d3:group-2FDFF51BA78E changes role from FOLLOWER to CANDIDATE at term 0 for changeToCandidate
2019-07-08 14:16:41,161 INFO  impl.RoleInfo (RoleInfo.java:updateAndGet(143)) - 5287de9c-05a3-4266-ba1a-eecd616781d3: start LeaderElection
2019-07-08 14:16:41,177 INFO  impl.FollowerState (FollowerState.java:run(106)) - c970e7a9-f7cc-49ef-90fe-80fb73e1d67c:group-2FDFF51BA78E changes to CANDIDATE, lastRpcTime:1017, electionTimeout:1017ms
2019-07-08 14:16:41,177 INFO  impl.RoleInfo (RoleInfo.java:shutdownFollowerState(121)) - c970e7a9-f7cc-49ef-90fe-80fb73e1d67c: shutdown FollowerState
2019-07-08 14:16:41,177 INFO  impl.RaftServerImpl (RaftServerImpl.java:setRole(171)) - c970e7a9-f7cc-49ef-90fe-80fb73e1d67c:group-2FDFF51BA78E changes role from FOLLOWER to CANDIDATE at term 0 for changeToCandidate
2019-07-08 14:16:41,177 INFO  impl.RoleInfo (RoleInfo.java:updateAndGet(143)) - c970e7a9-f7cc-49ef-90fe-80fb73e1d67c: start LeaderElection
2019-07-08 14:16:41,180 INFO  impl.LeaderElection (LeaderElection.java:askForVotes(181)) - 5287de9c-05a3-4266-ba1a-eecd616781d3:group-2FDFF51BA78E:LeaderElection5: begin an election at term 1 for -1: [c970e7a9-f7cc-49ef-90fe-80fb73e1d67c:192.168.5.189:39250, dd4f6cf0-514a-4e4a-8201-b5f480d37d1f:192.168.5.189:43531, 5287de9c-05a3-4266-ba1a-eecd616781d3:192.168.5.189:42514], old=null
2019-07-08 14:16:41,189 INFO  impl.LeaderElection (LeaderElection.java:askForVotes(181)) - c970e7a9-f7cc-49ef-90fe-80fb73e1d67c:group-2FDFF51BA78E:LeaderElection6: begin an election at term 1 for -1: [c970e7a9-f7cc-49ef-90fe-80fb73e1d67c:192.168.5.189:39250, dd4f6cf0-514a-4e4a-8201-b5f480d37d1f:192.168.5.189:43531, 5287de9c-05a3-4266-ba1a-eecd616781d3:192.168.5.189:42514], old=null
2019-07-08 14:16:41,202 INFO  impl.RaftServerImpl (RaftServerImpl.java:setRole(171)) - dd4f6cf0-514a-4e4a-8201-b5f480d37d1f:group-2FDFF51BA78E changes role from FOLLOWER to FOLLOWER at term 1 for recognizeCandidate:5287de9c-05a3-4266-ba1a-eecd616781d3
2019-07-08 14:16:41,203 INFO  impl.RoleInfo (RoleInfo.java:shutdownFollowerState(121)) - dd4f6cf0-514a-4e4a-8201-b5f480d37d1f: shutdown FollowerState
2019-07-08 14:16:41,203 INFO  impl.RoleInfo (RoleInfo.java:updateAndGet(143)) - dd4f6cf0-514a-4e4a-8201-b5f480d37d1f: start FollowerState
2019-07-08 14:16:41,203 INFO  impl.FollowerState (FollowerState.java:run(114)) - dd4f6cf0-514a-4e4a-8201-b5f480d37d1f: FollowerState was interrupted: java.lang.InterruptedException: sleep interrupted
2019-07-08 14:16:41,213 INFO  impl.LeaderElection (LeaderElection.java:logAndReturn(56)) - 5287de9c-05a3-4266-ba1a-eecd616781d3:group-2FDFF51BA78E:LeaderElection5: Election PASSED; received 2 response(s) [5287de9c-05a3-4266-ba1a-eecd616781d3<-c970e7a9-f7cc-49ef-90fe-80fb73e1d67c#0:FAIL-t1, 5287de9c-05a3-4266-ba1a-eecd616781d3<-dd4f6cf0-514a-4e4a-8201-b5f480d37d1f#0:OK-t1] and 0 exception(s); 5287de9c-05a3-4266-ba1a-eecd616781d3:t1, leader=null, voted=5287de9c-05a3-4266-ba1a-eecd616781d3, raftlog=5287de9c-05a3-4266-ba1a-eecd616781d3-SegmentedRaftLog:OPENED:c-1,f-1,i0, conf=-1: [c970e7a9-f7cc-49ef-90fe-80fb73e1d67c:192.168.5.189:39250, dd4f6cf0-514a-4e4a-8201-b5f480d37d1f:192.168.5.189:43531, 5287de9c-05a3-4266-ba1a-eecd616781d3:192.168.5.189:42514], old=null
2019-07-08 14:16:41,213 INFO  impl.RoleInfo (RoleInfo.java:shutdownLeaderElection(134)) - 5287de9c-05a3-4266-ba1a-eecd616781d3: shutdown LeaderElection
2019-07-08 14:16:41,213 INFO  impl.LeaderElection (LeaderElection.java:logAndReturn(56)) - c970e7a9-f7cc-49ef-90fe-80fb73e1d67c:group-2FDFF51BA78E:LeaderElection6: Election REJECTED; received 2 response(s) [c970e7a9-f7cc-49ef-90fe-80fb73e1d67c<-dd4f6cf0-514a-4e4a-8201-b5f480d37d1f#0:FAIL-t1, c970e7a9-f7cc-49ef-90fe-80fb73e1d67c<-5287de9c-05a3-4266-ba1a-eecd616781d3#0:FAIL-t1] and 0 exception(s); c970e7a9-f7cc-49ef-90fe-80fb73e1d67c:t1, leader=null, voted=c970e7a9-f7cc-49ef-90fe-80fb73e1d67c, raftlog=c970e7a9-f7cc-49ef-90fe-80fb73e1d67c-SegmentedRaftLog:OPENED:c-1,f-1,i0, conf=-1: [c970e7a9-f7cc-49ef-90fe-80fb73e1d67c:192.168.5.189:39250, dd4f6cf0-514a-4e4a-8201-b5f480d37d1f:192.168.5.189:43531, 5287de9c-05a3-4266-ba1a-eecd616781d3:192.168.5.189:42514], old=null
2019-07-08 14:16:41,215 INFO  impl.RaftServerImpl (RaftServerImpl.java:setRole(171)) - 5287de9c-05a3-4266-ba1a-eecd616781d3:group-2FDFF51BA78E changes role from CANDIDATE to LEADER at term 1 for changeToLeader
2019-07-08 14:16:41,217 INFO  impl.RaftServerImpl (RaftServerImpl.java:setRole(171)) - c970e7a9-f7cc-49ef-90fe-80fb73e1d67c:group-2FDFF51BA78E changes role from CANDIDATE to FOLLOWER at term 1 for DISCOVERED_A_NEW_TERM
2019-07-08 14:16:41,219 INFO  impl.RaftServerImpl (ServerState.java:setLeader(263)) - 5287de9c-05a3-4266-ba1a-eecd616781d3:group-2FDFF51BA78E change Leader from null to 5287de9c-05a3-4266-ba1a-eecd616781d3 at term 1 for becomeLeader, leader elected after 1078ms
2019-07-08 14:16:41,219 INFO  impl.RoleInfo (RoleInfo.java:shutdownLeaderElection(134)) - c970e7a9-f7cc-49ef-90fe-80fb73e1d67c: shutdown LeaderElection
2019-07-08 14:16:41,219 INFO  server.RaftServerConfigKeys (ConfUtils.java:logGet(43)) - raft.server.staging.catchup.gap = 1000 (default)
2019-07-08 14:16:41,220 INFO  impl.RoleInfo (RoleInfo.java:updateAndGet(143)) - c970e7a9-f7cc-49ef-90fe-80fb73e1d67c: start FollowerState
2019-07-08 14:16:41,220 INFO  server.RaftServerConfigKeys (ConfUtils.java:logGet(43)) - raft.server.rpc.sleep.time = 25ms (default)
2019-07-08 14:16:41,221 INFO  server.RaftServerConfigKeys (ConfUtils.java:logGet(43)) - raft.server.write.element-limit = 4096 (default)
2019-07-08 14:16:41,221 INFO  server.RaftServerConfigKeys (ConfUtils.java:logGet(43)) - raft.server.watch.timeout = 10s (default)
2019-07-08 14:16:41,222 INFO  server.RaftServerConfigKeys (ConfUtils.java:logGet(43)) - raft.server.watch.timeout.denomination = 1s (default)
2019-07-08 14:16:41,222 INFO  server.RaftServerConfigKeys (ConfUtils.java:logGet(43)) - raft.server.watch.element-limit = 65536 (default)
2019-07-08 14:16:41,222 INFO  server.RaftServerConfigKeys (ConfUtils.java:logGet(43)) - raft.server.log.appender.snapshot.chunk.size.max = 16MB (=16777216) (default)
2019-07-08 14:16:41,222 INFO  server.RaftServerConfigKeys (ConfUtils.java:logGet(43)) - raft.server.log.appender.buffer.byte-limit = 33554432 (custom)
2019-07-08 14:16:41,223 INFO  server.RaftServerConfigKeys (ConfUtils.java:logGet(43)) - raft.server.log.appender.buffer.element-limit = 1 (custom)
2019-07-08 14:16:41,223 INFO  grpc.GrpcConfigKeys$Server (ConfUtils.java:logGet(43)) - raft.grpc.server.leader.outstanding.appends.max = 128 (default)
2019-07-08 14:16:41,223 INFO  server.RaftServerConfigKeys (ConfUtils.java:logGet(43)) - raft.server.rpc.request.timeout = 3000ms (default)
2019-07-08 14:16:41,223 INFO  server.RaftServerConfigKeys (ConfUtils.java:logGet(43)) - raft.server.log.appender.install.snapshot.enabled = false (custom)
2019-07-08 14:16:41,223 INFO  server.RaftServerConfigKeys (ConfUtils.java:logGet(43)) - raft.server.log.appender.snapshot.chunk.size.max = 16MB (=16777216) (default)
2019-07-08 14:16:41,224 INFO  server.RaftServerConfigKeys (ConfUtils.java:logGet(43)) - raft.server.log.appender.buffer.byte-limit = 33554432 (custom)
2019-07-08 14:16:41,224 INFO  server.RaftServerConfigKeys (ConfUtils.java:logGet(43)) - raft.server.log.appender.buffer.element-limit = 1 (custom)
2019-07-08 14:16:41,224 INFO  grpc.GrpcConfigKeys$Server (ConfUtils.java:logGet(43)) - raft.grpc.server.leader.outstanding.appends.max = 128 (default)
2019-07-08 14:16:41,224 INFO  server.RaftServerConfigKeys (ConfUtils.java:logGet(43)) - raft.server.rpc.request.timeout = 3000ms (default)
2019-07-08 14:16:41,225 INFO  server.RaftServerConfigKeys (ConfUtils.java:logGet(43)) - raft.server.log.appender.install.snapshot.enabled = false (custom)
2019-07-08 14:16:41,225 INFO  impl.RoleInfo (RoleInfo.java:updateAndGet(143)) - 5287de9c-05a3-4266-ba1a-eecd616781d3: start LeaderState
2019-07-08 14:16:41,225 INFO  segmented.SegmentedRaftLogWorker (SegmentedRaftLogWorker.java:startLogSegment(380)) - 5287de9c-05a3-4266-ba1a-eecd616781d3-SegmentedRaftLogWorker:Storage Directory /tmp/workdir/hadoop-ozone/tools/target/test-dir/MiniOzoneClusterImpl-95f47a2b-b50b-49ad-8f3a-4fb28fe26398/datanode-2/data/ratis/af2991f9-6d1a-419f-a7ac-2fdff51ba78e: Starting segment from index:0
2019-07-08 14:16:41,226 INFO  impl.RaftServerImpl (ServerState.java:setRaftConf(361)) - 5287de9c-05a3-4266-ba1a-eecd616781d3:group-2FDFF51BA78E set configuration 0: [c970e7a9-f7cc-49ef-90fe-80fb73e1d67c:192.168.5.189:39250, dd4f6cf0-514a-4e4a-8201-b5f480d37d1f:192.168.5.189:43531, 5287de9c-05a3-4266-ba1a-eecd616781d3:192.168.5.189:42514], old=null at 0
2019-07-08 14:16:41,246 INFO  impl.RaftServerImpl (ServerState.java:setLeader(263)) - dd4f6cf0-514a-4e4a-8201-b5f480d37d1f:group-2FDFF51BA78E change Leader from null to 5287de9c-05a3-4266-ba1a-eecd616781d3 at term 1 for appendEntries, leader elected after 1107ms
2019-07-08 14:16:41,246 INFO  impl.RaftServerImpl (ServerState.java:setLeader(263)) - c970e7a9-f7cc-49ef-90fe-80fb73e1d67c:group-2FDFF51BA78E change Leader from null to 5287de9c-05a3-4266-ba1a-eecd616781d3 at term 1 for appendEntries, leader elected after 1107ms
 0.00% |█                                                                                                    |  0/1 Time: 0:00:012019-07-08 14:16:41,249 INFO  segmented.SegmentedRaftLogWorker (SegmentedRaftLogWorker.java:execute(569)) - 5287de9c-05a3-4266-ba1a-eecd616781d3-SegmentedRaftLogWorker:Storage Directory /tmp/workdir/hadoop-ozone/tools/target/test-dir/MiniOzoneClusterImpl-95f47a2b-b50b-49ad-8f3a-4fb28fe26398/datanode-2/data/ratis/af2991f9-6d1a-419f-a7ac-2fdff51ba78e: created new log segment /tmp/workdir/hadoop-ozone/tools/target/test-dir/MiniOzoneClusterImpl-95f47a2b-b50b-49ad-8f3a-4fb28fe26398/datanode-2/data/ratis/af2991f9-6d1a-419f-a7ac-2fdff51ba78e/current/log_inprogress_0
2019-07-08 14:16:41,250 INFO  impl.RaftServerImpl (ServerState.java:setRaftConf(361)) - dd4f6cf0-514a-4e4a-8201-b5f480d37d1f:group-2FDFF51BA78E set configuration 0: [c970e7a9-f7cc-49ef-90fe-80fb73e1d67c:192.168.5.189:39250, dd4f6cf0-514a-4e4a-8201-b5f480d37d1f:192.168.5.189:43531, 5287de9c-05a3-4266-ba1a-eecd616781d3:192.168.5.189:42514], old=null at 0
2019-07-08 14:16:41,250 INFO  impl.RaftServerImpl (ServerState.java:setRaftConf(361)) - c970e7a9-f7cc-49ef-90fe-80fb73e1d67c:group-2FDFF51BA78E set configuration 0: [c970e7a9-f7cc-49ef-90fe-80fb73e1d67c:192.168.5.189:39250, dd4f6cf0-514a-4e4a-8201-b5f480d37d1f:192.168.5.189:43531, 5287de9c-05a3-4266-ba1a-eecd616781d3:192.168.5.189:42514], old=null at 0
2019-07-08 14:16:41,251 INFO  segmented.SegmentedRaftLogWorker (SegmentedRaftLogWorker.java:startLogSegment(380)) - dd4f6cf0-514a-4e4a-8201-b5f480d37d1f-SegmentedRaftLogWorker:Storage Directory /tmp/workdir/hadoop-ozone/tools/target/test-dir/MiniOzoneClusterImpl-95f47a2b-b50b-49ad-8f3a-4fb28fe26398/datanode-0/data/ratis/af2991f9-6d1a-419f-a7ac-2fdff51ba78e: Starting segment from index:0
2019-07-08 14:16:41,251 INFO  segmented.SegmentedRaftLogWorker (SegmentedRaftLogWorker.java:startLogSegment(380)) - c970e7a9-f7cc-49ef-90fe-80fb73e1d67c-SegmentedRaftLogWorker:Storage Directory /tmp/workdir/hadoop-ozone/tools/target/test-dir/MiniOzoneClusterImpl-95f47a2b-b50b-49ad-8f3a-4fb28fe26398/datanode-1/data/ratis/af2991f9-6d1a-419f-a7ac-2fdff51ba78e: Starting segment from index:0
2019-07-08 14:16:41,273 INFO  segmented.SegmentedRaftLogWorker (SegmentedRaftLogWorker.java:execute(569)) - c970e7a9-f7cc-49ef-90fe-80fb73e1d67c-SegmentedRaftLogWorker:Storage Directory /tmp/workdir/hadoop-ozone/tools/target/test-dir/MiniOzoneClusterImpl-95f47a2b-b50b-49ad-8f3a-4fb28fe26398/datanode-1/data/ratis/af2991f9-6d1a-419f-a7ac-2fdff51ba78e: created new log segment /tmp/workdir/hadoop-ozone/tools/target/test-dir/MiniOzoneClusterImpl-95f47a2b-b50b-49ad-8f3a-4fb28fe26398/datanode-1/data/ratis/af2991f9-6d1a-419f-a7ac-2fdff51ba78e/current/log_inprogress_0
2019-07-08 14:16:41,273 INFO  segmented.SegmentedRaftLogWorker (SegmentedRaftLogWorker.java:execute(569)) - dd4f6cf0-514a-4e4a-8201-b5f480d37d1f-SegmentedRaftLogWorker:Storage Directory /tmp/workdir/hadoop-ozone/tools/target/test-dir/MiniOzoneClusterImpl-95f47a2b-b50b-49ad-8f3a-4fb28fe26398/datanode-0/data/ratis/af2991f9-6d1a-419f-a7ac-2fdff51ba78e: created new log segment /tmp/workdir/hadoop-ozone/tools/target/test-dir/MiniOzoneClusterImpl-95f47a2b-b50b-49ad-8f3a-4fb28fe26398/datanode-0/data/ratis/af2991f9-6d1a-419f-a7ac-2fdff51ba78e/current/log_inprogress_0
2019-07-08 14:16:41,320 INFO  client.GrpcClientProtocolClient (GrpcClientProtocolClient.java:onNext(255)) - client-8A22F492B445->dd4f6cf0-514a-4e4a-8201-b5f480d37d1f: receive RaftClientReply:client-8A22F492B445->dd4f6cf0-514a-4e4a-8201-b5f480d37d1f@group-2FDFF51BA78E, cid=58, FAILED org.apache.ratis.protocol.NotLeaderException: Server dd4f6cf0-514a-4e4a-8201-b5f480d37d1f is not the leader (5287de9c-05a3-4266-ba1a-eecd616781d3:192.168.5.189:42514). Request must be sent to leader., logIndex=0, commits[dd4f6cf0-514a-4e4a-8201-b5f480d37d1f:c-1, c970e7a9-f7cc-49ef-90fe-80fb73e1d67c:c-1, 5287de9c-05a3-4266-ba1a-eecd616781d3:c-1]
2019-07-08 14:16:41,441 INFO  client.GrpcClientProtocolClient (GrpcClientProtocolClient.java:onNext(255)) - client-8A22F492B445->5287de9c-05a3-4266-ba1a-eecd616781d3: receive RaftClientReply:client-8A22F492B445->5287de9c-05a3-4266-ba1a-eecd616781d3@group-2FDFF51BA78E, cid=58, SUCCESS, logIndex=1, commits[5287de9c-05a3-4266-ba1a-eecd616781d3:c1, c970e7a9-f7cc-49ef-90fe-80fb73e1d67c:c0, dd4f6cf0-514a-4e4a-8201-b5f480d37d1f:c0]
2019-07-08 14:16:41,485 INFO  client.GrpcClientProtocolClient (GrpcClientProtocolClient.java:onNext(255)) - client-8A22F492B445->5287de9c-05a3-4266-ba1a-eecd616781d3: receive RaftClientReply:client-8A22F492B445->5287de9c-05a3-4266-ba1a-eecd616781d3@group-2FDFF51BA78E, cid=59, SUCCESS, logIndex=3, commits[5287de9c-05a3-4266-ba1a-eecd616781d3:c8, c970e7a9-f7cc-49ef-90fe-80fb73e1d67c:c6, dd4f6cf0-514a-4e4a-8201-b5f480d37d1f:c6]
2019-07-08 14:16:41,486 INFO  client.GrpcClientProtocolClient (GrpcClientProtocolClient.java:onNext(255)) - client-8A22F492B445->5287de9c-05a3-4266-ba1a-eecd616781d3: receive RaftClientReply:client-8A22F492B445->5287de9c-05a3-4266-ba1a-eecd616781d3@group-2FDFF51BA78E, cid=60, SUCCESS, logIndex=4, commits[5287de9c-05a3-4266-ba1a-eecd616781d3:c8, c970e7a9-f7cc-49ef-90fe-80fb73e1d67c:c6, dd4f6cf0-514a-4e4a-8201-b5f480d37d1f:c6]
2019-07-08 14:16:41,533 INFO  client.GrpcClientProtocolClient (GrpcClientProtocolClient.java:onNext(255)) - client-8A22F492B445->5287de9c-05a3-4266-ba1a-eecd616781d3: receive RaftClientReply:client-8A22F492B445->5287de9c-05a3-4266-ba1a-eecd616781d3@group-2FDFF51BA78E, cid=61, SUCCESS, logIndex=6, commits[5287de9c-05a3-4266-ba1a-eecd616781d3:c8, c970e7a9-f7cc-49ef-90fe-80fb73e1d67c:c6, dd4f6cf0-514a-4e4a-8201-b5f480d37d1f:c6]
2019-07-08 14:16:41,558 INFO  client.GrpcClientProtocolClient (GrpcClientProtocolClient.java:onNext(255)) - client-8A22F492B445->5287de9c-05a3-4266-ba1a-eecd616781d3: receive RaftClientReply:client-8A22F492B445->5287de9c-05a3-4266-ba1a-eecd616781d3@group-2FDFF51BA78E, cid=62, SUCCESS, logIndex=9, commits[5287de9c-05a3-4266-ba1a-eecd616781d3:c10, c970e7a9-f7cc-49ef-90fe-80fb73e1d67c:c8, dd4f6cf0-514a-4e4a-8201-b5f480d37d1f:c6]
2019-07-08 14:16:41,561 INFO  client.GrpcClientProtocolClient (GrpcClientProtocolClient.java:onNext(255)) - client-8A22F492B445->5287de9c-05a3-4266-ba1a-eecd616781d3: receive RaftClientReply:client-8A22F492B445->5287de9c-05a3-4266-ba1a-eecd616781d3@group-2FDFF51BA78E, cid=63, SUCCESS, logIndex=10, commits[5287de9c-05a3-4266-ba1a-eecd616781d3:c12, c970e7a9-f7cc-49ef-90fe-80fb73e1d67c:c8, dd4f6cf0-514a-4e4a-8201-b5f480d37d1f:c8]
2019-07-08 14:16:41,562 INFO  client.GrpcClientProtocolClient (GrpcClientProtocolClient.java:onNext(255)) - client-8A22F492B445->5287de9c-05a3-4266-ba1a-eecd616781d3: receive RaftClientReply:client-8A22F492B445->5287de9c-05a3-4266-ba1a-eecd616781d3@group-2FDFF51BA78E, cid=64, SUCCESS, logIndex=11, commits[5287de9c-05a3-4266-ba1a-eecd616781d3:c13, c970e7a9-f7cc-49ef-90fe-80fb73e1d67c:c9, dd4f6cf0-514a-4e4a-8201-b5f480d37d1f:c8]
2019-07-08 14:16:41,563 INFO  client.GrpcClientProtocolClient (GrpcClientProtocolClient.java:onNext(255)) - client-8A22F492B445->5287de9c-05a3-4266-ba1a-eecd616781d3: receive RaftClientReply:client-8A22F492B445->5287de9c-05a3-4266-ba1a-eecd616781d3@group-2FDFF51BA78E, cid=65, SUCCESS, logIndex=12, commits[5287de9c-05a3-4266-ba1a-eecd616781d3:c13, c970e7a9-f7cc-49ef-90fe-80fb73e1d67c:c9, dd4f6cf0-514a-4e4a-8201-b5f480d37d1f:c10]
2019-07-08 14:16:41,567 INFO  client.GrpcClientProtocolClient (GrpcClientProtocolClient.java:onNext(255)) - client-8A22F492B445->5287de9c-05a3-4266-ba1a-eecd616781d3: receive RaftClientReply:client-8A22F492B445->5287de9c-05a3-4266-ba1a-eecd616781d3@group-2FDFF51BA78E, cid=66, SUCCESS, logIndex=0, commits[5287de9c-05a3-4266-ba1a-eecd616781d3:c14, c970e7a9-f7cc-49ef-90fe-80fb73e1d67c:c10, dd4f6cf0-514a-4e4a-8201-b5f480d37d1f:c10]
2019-07-08 14:16:41,569 INFO  client.GrpcClientProtocolClient (GrpcClientProtocolClient.java:onNext(255)) - client-8A22F492B445->5287de9c-05a3-4266-ba1a-eecd616781d3: receive RaftClientReply:client-8A22F492B445->5287de9c-05a3-4266-ba1a-eecd616781d3@group-2FDFF51BA78E, cid=67, SUCCESS, logIndex=0, commits[5287de9c-05a3-4266-ba1a-eecd616781d3:c16, c970e7a9-f7cc-49ef-90fe-80fb73e1d67c:c12, dd4f6cf0-514a-4e4a-8201-b5f480d37d1f:c12]
2019-07-08 14:16:41,632 INFO  client.GrpcClientProtocolClient (GrpcClientProtocolClient.java:onNext(255)) - client-8A22F492B445->5287de9c-05a3-4266-ba1a-eecd616781d3: receive RaftClientReply:client-8A22F492B445->5287de9c-05a3-4266-ba1a-eecd616781d3@group-2FDFF51BA78E, cid=68, SUCCESS, logIndex=17, commits[5287de9c-05a3-4266-ba1a-eecd616781d3:c20, c970e7a9-f7cc-49ef-90fe-80fb73e1d67c:c16, dd4f6cf0-514a-4e4a-8201-b5f480d37d1f:c12]
2019-07-08 14:16:41,653 INFO  client.GrpcClientProtocolClient (GrpcClientProtocolClient.java:onNext(255)) - client-8A22F492B445->5287de9c-05a3-4266-ba1a-eecd616781d3: receive RaftClientReply:client-8A22F492B445->5287de9c-05a3-4266-ba1a-eecd616781d3@group-2FDFF51BA78E, cid=69, SUCCESS, logIndex=18, commits[5287de9c-05a3-4266-ba1a-eecd616781d3:c24, c970e7a9-f7cc-49ef-90fe-80fb73e1d67c:c20, dd4f6cf0-514a-4e4a-8201-b5f480d37d1f:c20]
2019-07-08 14:16:41,653 INFO  client.GrpcClientProtocolClient (GrpcClientProtocolClient.java:onNext(255)) - client-8A22F492B445->5287de9c-05a3-4266-ba1a-eecd616781d3: receive RaftClientReply:client-8A22F492B445->5287de9c-05a3-4266-ba1a-eecd616781d3@group-2FDFF51BA78E, cid=70, SUCCESS, logIndex=19, commits[5287de9c-05a3-4266-ba1a-eecd616781d3:c24, c970e7a9-f7cc-49ef-90fe-80fb73e1d67c:c20, dd4f6cf0-514a-4e4a-8201-b5f480d37d1f:c20]
2019-07-08 14:16:41,703 INFO  client.GrpcClientProtocolClient (GrpcClientProtocolClient.java:onNext(255)) - client-8A22F492B445->5287de9c-05a3-4266-ba1a-eecd616781d3: receive RaftClientReply:client-8A22F492B445->5287de9c-05a3-4266-ba1a-eecd616781d3@group-2FDFF51BA78E, cid=71, SUCCESS, logIndex=20, commits[5287de9c-05a3-4266-ba1a-eecd616781d3:c24, c970e7a9-f7cc-49ef-90fe-80fb73e1d67c:c20, dd4f6cf0-514a-4e4a-8201-b5f480d37d1f:c20]
2019-07-08 14:16:41,829 INFO  client.GrpcClientProtocolClient (GrpcClientProtocolClient.java:onNext(255)) - client-8A22F492B445->5287de9c-05a3-4266-ba1a-eecd616781d3: receive RaftClientReply:client-8A22F492B445->5287de9c-05a3-4266-ba1a-eecd616781d3@group-2FDFF51BA78E, cid=72, SUCCESS, logIndex=25, commits[5287de9c-05a3-4266-ba1a-eecd616781d3:c26, c970e7a9-f7cc-49ef-90fe-80fb73e1d67c:c20, dd4f6cf0-514a-4e4a-8201-b5f480d37d1f:c24]
2019-07-08 14:16:41,830 INFO  client.GrpcClientProtocolClient (GrpcClientProtocolClient.java:onNext(255)) - client-8A22F492B445->5287de9c-05a3-4266-ba1a-eecd616781d3: receive RaftClientReply:client-8A22F492B445->5287de9c-05a3-4266-ba1a-eecd616781d3@group-2FDFF51BA78E, cid=73, SUCCESS, logIndex=26, commits[5287de9c-05a3-4266-ba1a-eecd616781d3:c26, c970e7a9-f7cc-49ef-90fe-80fb73e1d67c:c24, dd4f6cf0-514a-4e4a-8201-b5f480d37d1f:c24]
2019-07-08 14:16:41,890 INFO  client.GrpcClientProtocolClient (GrpcClientProtocolClient.java:onNext(255)) - client-8A22F492B445->5287de9c-05a3-4266-ba1a-eecd616781d3: receive RaftClientReply:client-8A22F492B445->5287de9c-05a3-4266-ba1a-eecd616781d3@group-2FDFF51BA78E, cid=74, SUCCESS, logIndex=27, commits[5287de9c-05a3-4266-ba1a-eecd616781d3:c29, c970e7a9-f7cc-49ef-90fe-80fb73e1d67c:c26, dd4f6cf0-514a-4e4a-8201-b5f480d37d1f:c24]
2019-07-08 14:16:41,891 INFO  client.GrpcClientProtocolClient (GrpcClientProtocolClient.java:onNext(255)) - client-8A22F492B445->5287de9c-05a3-4266-ba1a-eecd616781d3: receive RaftClientReply:client-8A22F492B445->5287de9c-05a3-4266-ba1a-eecd616781d3@group-2FDFF51BA78E, cid=75, SUCCESS, logIndex=28, commits[5287de9c-05a3-4266-ba1a-eecd616781d3:c30, c970e7a9-f7cc-49ef-90fe-80fb73e1d67c:c26, dd4f6cf0-514a-4e4a-8201-b5f480d37d1f:c26]
2019-07-08 14:16:41,896 INFO  client.GrpcClientProtocolClient (GrpcClientProtocolClient.java:onNext(255)) - client-8A22F492B445->5287de9c-05a3-4266-ba1a-eecd616781d3: receive RaftClientReply:client-8A22F492B445->5287de9c-05a3-4266-ba1a-eecd616781d3@group-2FDFF51BA78E, cid=76, SUCCESS, logIndex=0, commits[5287de9c-05a3-4266-ba1a-eecd616781d3:c31, c970e7a9-f7cc-49ef-90fe-80fb73e1d67c:c28, dd4f6cf0-514a-4e4a-8201-b5f480d37d1f:c28]
2019-07-08 14:16:41,906 INFO  keyvalue.KeyValueHandler (ContainerUtils.java:logAndReturnError(146)) - Operation: CreateContainer : Trace ID: 8127f64b23ee9a96:6ea7309da2ac86ba:ceef68d7ce95b22f:0 : Message: Container creation failed, due to disk out of space : Result: DISK_OUT_OF_SPACE
2019-07-08 14:16:41,912 INFO  keyvalue.KeyValueHandler (ContainerUtils.java:logAndReturnError(146)) - Operation: CreateContainer : Trace ID: 8127f64b23ee9a96:b36d4df1faecc8a6:ceef68d7ce95b22f:0 : Message: Container creation failed, due to disk out of space : Result: DISK_OUT_OF_SPACE
14:16:41.909 [pool-68-thread-26] ERROR DNAudit - user=null | ip=null | op=WRITE_CHUNK {blockData=conID: 6 locID: 102406252151963657 bcsId: 0} | ret=FAILURE
org.apache.hadoop.hdds.scm.container.common.helpers.StorageContainerException: ContainerID 6 creation failed
	at org.apache.hadoop.ozone.container.common.impl.HddsDispatcher.dispatchRequest(HddsDispatcher.java:227) ~[classes/:?]
	at org.apache.hadoop.ozone.container.common.impl.HddsDispatcher.dispatch(HddsDispatcher.java:148) ~[classes/:?]
	at org.apache.hadoop.ozone.container.common.transport.server.ratis.ContainerStateMachine.dispatchCommand(ContainerStateMachine.java:346) ~[classes/:?]
	at org.apache.hadoop.ozone.container.common.transport.server.ratis.ContainerStateMachine.runCommand(ContainerStateMachine.java:353) ~[classes/:?]
	at org.apache.hadoop.ozone.container.common.transport.server.ratis.ContainerStateMachine.lambda$handleWriteChunk$0(ContainerStateMachine.java:384) ~[classes/:?]
	at java.util.concurrent.CompletableFuture$AsyncSupply.run(CompletableFuture.java:1590) [?:1.8.0_212]
	at java.util.concurrent.ThreadPoolExecutor.runWorker(ThreadPoolExecutor.java:1149) [?:1.8.0_212]
	at java.util.concurrent.ThreadPoolExecutor$Worker.run(ThreadPoolExecutor.java:624) [?:1.8.0_212]
	at java.lang.Thread.run(Thread.java:748) [?:1.8.0_212]
14:16:41.915 [pool-68-thread-29] ERROR DNAudit - user=null | ip=null | op=WRITE_CHUNK {blockData=conID: 6 locID: 102406252151963657 bcsId: 0} | ret=FAILURE
org.apache.hadoop.hdds.scm.container.common.helpers.StorageContainerException: ContainerID 6 creation failed
	at org.apache.hadoop.ozone.container.common.impl.HddsDispatcher.dispatchRequest(HddsDispatcher.java:227) ~[classes/:?]
	at org.apache.hadoop.ozone.container.common.impl.HddsDispatcher.dispatch(HddsDispatcher.java:148) ~[classes/:?]
	at org.apache.hadoop.ozone.container.common.transport.server.ratis.ContainerStateMachine.dispatchCommand(ContainerStateMachine.java:346) ~[classes/:?]
	at org.apache.hadoop.ozone.container.common.transport.server.ratis.ContainerStateMachine.runCommand(ContainerStateMachine.java:353) ~[classes/:?]
	at org.apache.hadoop.ozone.container.common.transport.server.ratis.ContainerStateMachine.lambda$handleWriteChunk$0(ContainerStateMachine.java:384) ~[classes/:?]
	at java.util.concurrent.CompletableFuture$AsyncSupply.run(CompletableFuture.java:1590) [?:1.8.0_212]
	at java.util.concurrent.ThreadPoolExecutor.runWorker(ThreadPoolExecutor.java:1149) [?:1.8.0_212]
	at java.util.concurrent.ThreadPoolExecutor$Worker.run(ThreadPoolExecutor.java:624) [?:1.8.0_212]
	at java.lang.Thread.run(Thread.java:748) [?:1.8.0_212]
2019-07-08 14:16:41,926 INFO  impl.HddsDispatcher (ContainerUtils.java:logAndReturnError(146)) - Operation: WriteChunk : Trace ID: 8127f64b23ee9a96:6ea7309da2ac86ba:ceef68d7ce95b22f:0 : Message: ContainerID 6 creation failed : Result: DISK_OUT_OF_SPACE
2019-07-08 14:16:41,926 INFO  impl.HddsDispatcher (ContainerUtils.java:logAndReturnError(146)) - Operation: WriteChunk : Trace ID: 8127f64b23ee9a96:b36d4df1faecc8a6:ceef68d7ce95b22f:0 : Message: ContainerID 6 creation failed : Result: DISK_OUT_OF_SPACE
14:16:41.967 [pool-75-thread-1] ERROR DNAudit - user=null | ip=null | op=WRITE_CHUNK {blockData=conID: 6 locID: 102406252151963657 bcsId: 0} | ret=FAILURE
org.apache.hadoop.hdds.scm.container.common.helpers.StorageContainerException: ContainerID 6 does not exist
	at org.apache.hadoop.ozone.container.common.impl.HddsDispatcher.dispatchRequest(HddsDispatcher.java:242) ~[classes/:?]
	at org.apache.hadoop.ozone.container.common.impl.HddsDispatcher.dispatch(HddsDispatcher.java:148) ~[classes/:?]
	at org.apache.hadoop.ozone.container.common.transport.server.ratis.ContainerStateMachine.dispatchCommand(ContainerStateMachine.java:346) ~[classes/:?]
	at org.apache.hadoop.ozone.container.common.transport.server.ratis.ContainerStateMachine.runCommand(ContainerStateMachine.java:353) ~[classes/:?]
	at org.apache.hadoop.ozone.container.common.transport.server.ratis.ContainerStateMachine.lambda$applyTransaction$5(ContainerStateMachine.java:620) ~[classes/:?]
	at java.util.concurrent.CompletableFuture$AsyncSupply.run(CompletableFuture.java:1590) [?:1.8.0_212]
	at java.util.concurrent.ThreadPoolExecutor.runWorker(ThreadPoolExecutor.java:1149) [?:1.8.0_212]
	at java.util.concurrent.ThreadPoolExecutor$Worker.run(ThreadPoolExecutor.java:624) [?:1.8.0_212]
	at java.lang.Thread.run(Thread.java:748) [?:1.8.0_212]
2019-07-08 14:16:41,968 INFO  impl.HddsDispatcher (ContainerUtils.java:logAndReturnError(146)) - Operation: WriteChunk : Trace ID: 8127f64b23ee9a96:6ea7309da2ac86ba:ceef68d7ce95b22f:0 : Message: ContainerID 6 does not exist : Result: CONTAINER_NOT_FOUND
14:16:41.969 [pool-75-thread-1] ERROR DNAudit - user=null | ip=null | op=PUT_BLOCK {blockData=[blockId=conID: 6 locID: 102406252151963657 bcsId: 0,size=1048576]} | ret=FAILURE
org.apache.hadoop.hdds.scm.container.common.helpers.StorageContainerException: ContainerID 6 does not exist
	at org.apache.hadoop.ozone.container.common.impl.HddsDispatcher.dispatchRequest(HddsDispatcher.java:242) ~[classes/:?]
	at org.apache.hadoop.ozone.container.common.impl.HddsDispatcher.dispatch(HddsDispatcher.java:148) ~[classes/:?]
	at org.apache.hadoop.ozone.container.common.transport.server.ratis.ContainerStateMachine.dispatchCommand(ContainerStateMachine.java:346) ~[classes/:?]
	at org.apache.hadoop.ozone.container.common.transport.server.ratis.ContainerStateMachine.runCommand(ContainerStateMachine.java:353) ~[classes/:?]
	at org.apache.hadoop.ozone.container.common.transport.server.ratis.ContainerStateMachine.lambda$applyTransaction$5(ContainerStateMachine.java:620) ~[classes/:?]
	at java.util.concurrent.CompletableFuture$AsyncSupply.run(CompletableFuture.java:1590) [?:1.8.0_212]
	at java.util.concurrent.ThreadPoolExecutor.runWorker(ThreadPoolExecutor.java:1149) [?:1.8.0_212]
	at java.util.concurrent.ThreadPoolExecutor$Worker.run(ThreadPoolExecutor.java:624) [?:1.8.0_212]
	at java.lang.Thread.run(Thread.java:748) [?:1.8.0_212]
2019-07-08 14:16:41,970 INFO  impl.HddsDispatcher (ContainerUtils.java:logAndReturnError(146)) - Operation: PutBlock : Trace ID: 8127f64b23ee9a96:8f44f279750b5f2b:ceef68d7ce95b22f:0 : Message: ContainerID 6 does not exist : Result: CONTAINER_NOT_FOUND
2019-07-08 14:16:41,970 INFO  client.GrpcClientProtocolClient (GrpcClientProtocolClient.java:onNext(255)) - client-8A22F492B445->5287de9c-05a3-4266-ba1a-eecd616781d3: receive RaftClientReply:client-8A22F492B445->5287de9c-05a3-4266-ba1a-eecd616781d3@group-2FDFF51BA78E, cid=77, SUCCESS, logIndex=33, commits[5287de9c-05a3-4266-ba1a-eecd616781d3:c36, c970e7a9-f7cc-49ef-90fe-80fb73e1d67c:c28, dd4f6cf0-514a-4e4a-8201-b5f480d37d1f:c32]
14:16:41.970 [pool-75-thread-1] ERROR DNAudit - user=null | ip=null | op=WRITE_CHUNK {blockData=conID: 6 locID: 102406252151963657 bcsId: 0} | ret=FAILURE
org.apache.hadoop.hdds.scm.container.common.helpers.StorageContainerException: ContainerID 6 does not exist
	at org.apache.hadoop.ozone.container.common.impl.HddsDispatcher.dispatchRequest(HddsDispatcher.java:242) ~[classes/:?]
	at org.apache.hadoop.ozone.container.common.impl.HddsDispatcher.dispatch(HddsDispatcher.java:148) ~[classes/:?]
	at org.apache.hadoop.ozone.container.common.transport.server.ratis.ContainerStateMachine.dispatchCommand(ContainerStateMachine.java:346) ~[classes/:?]
	at org.apache.hadoop.ozone.container.common.transport.server.ratis.ContainerStateMachine.runCommand(ContainerStateMachine.java:353) ~[classes/:?]
	at org.apache.hadoop.ozone.container.common.transport.server.ratis.ContainerStateMachine.lambda$applyTransaction$5(ContainerStateMachine.java:620) ~[classes/:?]
	at java.util.concurrent.CompletableFuture$AsyncSupply.run(CompletableFuture.java:1590) [?:1.8.0_212]
	at java.util.concurrent.ThreadPoolExecutor.runWorker(ThreadPoolExecutor.java:1149) [?:1.8.0_212]
	at java.util.concurrent.ThreadPoolExecutor$Worker.run(ThreadPoolExecutor.java:624) [?:1.8.0_212]
	at java.lang.Thread.run(Thread.java:748) [?:1.8.0_212]
2019-07-08 14:16:41,971 INFO  impl.HddsDispatcher (ContainerUtils.java:logAndReturnError(146)) - Operation: WriteChunk : Trace ID: 8127f64b23ee9a96:b36d4df1faecc8a6:ceef68d7ce95b22f:0 : Message: ContainerID 6 does not exist : Result: CONTAINER_NOT_FOUND
2019-07-08 14:16:41,971 INFO  client.GrpcClientProtocolClient (GrpcClientProtocolClient.java:onNext(255)) - client-8A22F492B445->5287de9c-05a3-4266-ba1a-eecd616781d3: receive RaftClientReply:client-8A22F492B445->5287de9c-05a3-4266-ba1a-eecd616781d3@group-2FDFF51BA78E, cid=78, SUCCESS, logIndex=34, commits[5287de9c-05a3-4266-ba1a-eecd616781d3:c36, c970e7a9-f7cc-49ef-90fe-80fb73e1d67c:c28, dd4f6cf0-514a-4e4a-8201-b5f480d37d1f:c32]
14:16:41.971 [pool-75-thread-1] ERROR DNAudit - user=null | ip=null | op=PUT_BLOCK {blockData=[blockId=conID: 6 locID: 102406252151963657 bcsId: 0,size=2097152]} | ret=FAILURE
org.apache.hadoop.hdds.scm.container.common.helpers.StorageContainerException: ContainerID 6 does not exist
	at org.apache.hadoop.ozone.container.common.impl.HddsDispatcher.dispatchRequest(HddsDispatcher.java:242) ~[classes/:?]
	at org.apache.hadoop.ozone.container.common.impl.HddsDispatcher.dispatch(HddsDispatcher.java:148) ~[classes/:?]
	at org.apache.hadoop.ozone.container.common.transport.server.ratis.ContainerStateMachine.dispatchCommand(ContainerStateMachine.java:346) ~[classes/:?]
	at org.apache.hadoop.ozone.container.common.transport.server.ratis.ContainerStateMachine.runCommand(ContainerStateMachine.java:353) ~[classes/:?]
	at org.apache.hadoop.ozone.container.common.transport.server.ratis.ContainerStateMachine.lambda$applyTransaction$5(ContainerStateMachine.java:620) ~[classes/:?]
	at java.util.concurrent.CompletableFuture$AsyncSupply.run(CompletableFuture.java:1590) [?:1.8.0_212]
	at java.util.concurrent.ThreadPoolExecutor.runWorker(ThreadPoolExecutor.java:1149) [?:1.8.0_212]
	at java.util.concurrent.ThreadPoolExecutor$Worker.run(ThreadPoolExecutor.java:624) [?:1.8.0_212]
	at java.lang.Thread.run(Thread.java:748) [?:1.8.0_212]
2019-07-08 14:16:41,972 ERROR storage.BlockOutputStream (BlockOutputStream.java:validateResponse(538)) - Unexpected Storage Container Exception: 
org.apache.hadoop.hdds.scm.container.common.helpers.StorageContainerException: ContainerID 6 does not exist
	at org.apache.hadoop.hdds.scm.storage.ContainerProtocolCalls.validateContainerResponse(ContainerProtocolCalls.java:536)
	at org.apache.hadoop.hdds.scm.storage.BlockOutputStream.validateResponse(BlockOutputStream.java:536)
	at org.apache.hadoop.hdds.scm.storage.BlockOutputStream.lambda$writeChunkToContainer$2(BlockOutputStream.java:614)
	at java.util.concurrent.CompletableFuture.uniApply(CompletableFuture.java:602)
	at java.util.concurrent.CompletableFuture$UniApply.tryFire(CompletableFuture.java:577)
	at java.util.concurrent.CompletableFuture$Completion.run(CompletableFuture.java:442)
	at java.util.concurrent.ThreadPoolExecutor.runWorker(ThreadPoolExecutor.java:1149)
	at java.util.concurrent.ThreadPoolExecutor$Worker.run(ThreadPoolExecutor.java:624)
	at java.lang.Thread.run(Thread.java:748)
2019-07-08 14:16:41,972 INFO  client.GrpcClientProtocolClient (GrpcClientProtocolClient.java:onNext(255)) - client-8A22F492B445->5287de9c-05a3-4266-ba1a-eecd616781d3: receive RaftClientReply:client-8A22F492B445->5287de9c-05a3-4266-ba1a-eecd616781d3@group-2FDFF51BA78E, cid=79, SUCCESS, logIndex=35, commits[5287de9c-05a3-4266-ba1a-eecd616781d3:c36, c970e7a9-f7cc-49ef-90fe-80fb73e1d67c:c28, dd4f6cf0-514a-4e4a-8201-b5f480d37d1f:c32]
2019-07-08 14:16:41,972 INFO  impl.HddsDispatcher (ContainerUtils.java:logAndReturnError(146)) - Operation: PutBlock : Trace ID: 8127f64b23ee9a96:b739efb8826bbbcc:ceef68d7ce95b22f:0 : Message: ContainerID 6 does not exist : Result: CONTAINER_NOT_FOUND
2019-07-08 14:16:41,976 INFO  client.GrpcClientProtocolClient (GrpcClientProtocolClient.java:onNext(255)) - client-8A22F492B445->5287de9c-05a3-4266-ba1a-eecd616781d3: receive RaftClientReply:client-8A22F492B445->5287de9c-05a3-4266-ba1a-eecd616781d3@group-2FDFF51BA78E, cid=80, SUCCESS, logIndex=36, commits[5287de9c-05a3-4266-ba1a-eecd616781d3:c37, c970e7a9-f7cc-49ef-90fe-80fb73e1d67c:c32, dd4f6cf0-514a-4e4a-8201-b5f480d37d1f:c34]
2019-07-08 14:16:41,980 ERROR freon.RandomKeyGenerator (RandomKeyGenerator.java:run(718)) - Exception while adding key: key-0-28493 in bucket: bucket-0-49192 of volume: vol-0-53713.
java.io.IOException: Unexpected Storage Container Exception: org.apache.hadoop.hdds.scm.container.common.helpers.StorageContainerException: ContainerID 6 does not exist
	at org.apache.hadoop.hdds.scm.storage.BlockOutputStream.setIoException(BlockOutputStream.java:548)
	at org.apache.hadoop.hdds.scm.storage.BlockOutputStream.validateResponse(BlockOutputStream.java:539)
	at org.apache.hadoop.hdds.scm.storage.BlockOutputStream.lambda$writeChunkToContainer$2(BlockOutputStream.java:614)
	at java.util.concurrent.CompletableFuture.uniApply(CompletableFuture.java:602)
	at java.util.concurrent.CompletableFuture$UniApply.tryFire(CompletableFuture.java:577)
	at java.util.concurrent.CompletableFuture$Completion.run(CompletableFuture.java:442)
	at java.util.concurrent.ThreadPoolExecutor.runWorker(ThreadPoolExecutor.java:1149)
	at java.util.concurrent.ThreadPoolExecutor$Worker.run(ThreadPoolExecutor.java:624)
	at java.lang.Thread.run(Thread.java:748)
Caused by: org.apache.hadoop.hdds.scm.container.common.helpers.StorageContainerException: ContainerID 6 does not exist
	at org.apache.hadoop.hdds.scm.storage.ContainerProtocolCalls.validateContainerResponse(ContainerProtocolCalls.java:536)
	at org.apache.hadoop.hdds.scm.storage.BlockOutputStream.validateResponse(BlockOutputStream.java:536)
	... 7 more
 0.00% |█                                                                                                    |  0/1 Time: 0:00:02 0.00% |█                                                                                                    |  0/1 Time: 0:00:03 0.00% |█                                                                                                    |  0/1 Time: 0:00:04 100.00% |█████████████████████████████████████████████████████████████████████████████████████████████████████|  1/1 Time: 0:00:05
]]></system-out>
    <system-err><![CDATA[ERROR StatusLogger No Log4j 2 configuration file found. Using default configuration (logging only errors to the console), or user programmatically provided configurations. Set system property 'log4j2.debug' to show Log4j 2 internal initialization logging. See https://logging.apache.org/log4j/2.x/manual/configuration.html for instructions on how to configure Log4j 2
Jul 08, 2019 2:16:25 PM com.sun.jersey.server.impl.application.WebApplicationImpl _initiate
INFO: Initiating Jersey application, version 'Jersey: 1.19 02/11/2015 03:25 AM'
Jul 08, 2019 2:16:26 PM com.sun.jersey.server.impl.application.WebApplicationImpl _initiate
INFO: Initiating Jersey application, version 'Jersey: 1.19 02/11/2015 03:25 AM'
Jul 08, 2019 2:16:26 PM com.sun.jersey.server.impl.application.WebApplicationImpl _initiate
INFO: Initiating Jersey application, version 'Jersey: 1.19 02/11/2015 03:25 AM'
]]></system-err>
  </testcase>
</testsuite>