<?xml version="1.0" encoding="UTF-8"?>
<testsuite xmlns:xsi="http://www.w3.org/2001/XMLSchema-instance" xsi:noNamespaceSchemaLocation="https://maven.apache.org/surefire/maven-surefire-plugin/xsd/surefire-test-report.xsd" name="org.apache.hadoop.fs.ozone.contract.ITestOzoneContractCreate" time="190.667" tests="11" errors="4" skipped="1" failures="0">
  <properties>
    <property name="awt.toolkit" value="sun.awt.X11.XToolkit"/>
    <property name="file.encoding.pkg" value="sun.io"/>
    <property name="java.specification.version" value="1.8"/>
    <property name="sun.cpu.isalist" value=""/>
    <property name="sun.jnu.encoding" value="UTF-8"/>
    <property name="java.class.path" value="/workdir/hadoop-ozone/ozonefs/target/test-classes:/workdir/hadoop-ozone/ozonefs/target/classes:/home/user/.m2/repository/org/apache/hadoop/hadoop-common/3.2.0/hadoop-common-3.2.0.jar:/home/user/.m2/repository/org/apache/hadoop/hadoop-annotations/3.2.0/hadoop-annotations-3.2.0.jar:/usr/lib/jvm/java-1.8-openjdk/jre/../lib/tools.jar:/home/user/.m2/repository/com/google/guava/guava/11.0.2/guava-11.0.2.jar:/home/user/.m2/repository/commons-cli/commons-cli/1.2/commons-cli-1.2.jar:/home/user/.m2/repository/org/apache/commons/commons-math3/3.1.1/commons-math3-3.1.1.jar:/home/user/.m2/repository/commons-codec/commons-codec/1.11/commons-codec-1.11.jar:/home/user/.m2/repository/commons-io/commons-io/2.5/commons-io-2.5.jar:/home/user/.m2/repository/commons-net/commons-net/3.6/commons-net-3.6.jar:/home/user/.m2/repository/commons-collections/commons-collections/3.2.2/commons-collections-3.2.2.jar:/home/user/.m2/repository/javax/servlet/javax.servlet-api/3.1.0/javax.servlet-api-3.1.0.jar:/home/user/.m2/repository/org/eclipse/jetty/jetty-server/9.3.25.v20180904/jetty-server-9.3.25.v20180904.jar:/home/user/.m2/repository/org/eclipse/jetty/jetty-http/9.3.25.v20180904/jetty-http-9.3.25.v20180904.jar:/home/user/.m2/repository/org/eclipse/jetty/jetty-io/9.3.25.v20180904/jetty-io-9.3.25.v20180904.jar:/home/user/.m2/repository/org/eclipse/jetty/jetty-util/9.3.25.v20180904/jetty-util-9.3.25.v20180904.jar:/home/user/.m2/repository/org/eclipse/jetty/jetty-servlet/9.3.25.v20180904/jetty-servlet-9.3.25.v20180904.jar:/home/user/.m2/repository/org/eclipse/jetty/jetty-security/9.3.25.v20180904/jetty-security-9.3.25.v20180904.jar:/home/user/.m2/repository/org/eclipse/jetty/jetty-webapp/9.3.25.v20180904/jetty-webapp-9.3.25.v20180904.jar:/home/user/.m2/repository/org/eclipse/jetty/jetty-xml/9.3.25.v20180904/jetty-xml-9.3.25.v20180904.jar:/home/user/.m2/repository/javax/servlet/jsp/jsp-api/2.1/jsp-api-2.1.jar:/home/user/.m2/repository/com/sun/jersey/jersey-core/1.19/jersey-core-1.19.jar:/home/user/.m2/repository/javax/ws/rs/jsr311-api/1.1.1/jsr311-api-1.1.1.jar:/home/user/.m2/repository/com/sun/jersey/jersey-servlet/1.19/jersey-servlet-1.19.jar:/home/user/.m2/repository/com/sun/jersey/jersey-json/1.19/jersey-json-1.19.jar:/home/user/.m2/repository/org/codehaus/jettison/jettison/1.1/jettison-1.1.jar:/home/user/.m2/repository/com/sun/xml/bind/jaxb-impl/2.3.0.1/jaxb-impl-2.3.0.1.jar:/home/user/.m2/repository/org/codehaus/jackson/jackson-core-asl/1.9.13/jackson-core-asl-1.9.13.jar:/home/user/.m2/repository/org/codehaus/jackson/jackson-mapper-asl/1.9.13/jackson-mapper-asl-1.9.13.jar:/home/user/.m2/repository/org/codehaus/jackson/jackson-jaxrs/1.9.13/jackson-jaxrs-1.9.13.jar:/home/user/.m2/repository/org/codehaus/jackson/jackson-xc/1.9.13/jackson-xc-1.9.13.jar:/home/user/.m2/repository/com/sun/jersey/jersey-server/1.19/jersey-server-1.19.jar:/home/user/.m2/repository/commons-logging/commons-logging/1.1.3/commons-logging-1.1.3.jar:/home/user/.m2/repository/log4j/log4j/1.2.17/log4j-1.2.17.jar:/home/user/.m2/repository/commons-beanutils/commons-beanutils/1.9.4/commons-beanutils-1.9.4.jar:/home/user/.m2/repository/org/apache/commons/commons-configuration2/2.1.1/commons-configuration2-2.1.1.jar:/home/user/.m2/repository/org/apache/commons/commons-lang3/3.7/commons-lang3-3.7.jar:/home/user/.m2/repository/org/apache/commons/commons-text/1.4/commons-text-1.4.jar:/home/user/.m2/repository/org/slf4j/slf4j-api/1.7.25/slf4j-api-1.7.25.jar:/home/user/.m2/repository/org/slf4j/slf4j-log4j12/1.7.25/slf4j-log4j12-1.7.25.jar:/home/user/.m2/repository/org/apache/avro/avro/1.7.7/avro-1.7.7.jar:/home/user/.m2/repository/com/thoughtworks/paranamer/paranamer/2.3/paranamer-2.3.jar:/home/user/.m2/repository/org/xerial/snappy/snappy-java/1.0.5/snappy-java-1.0.5.jar:/home/user/.m2/repository/com/google/re2j/re2j/1.1/re2j-1.1.jar:/home/user/.m2/repository/com/google/protobuf/protobuf-java/2.5.0/protobuf-java-2.5.0.jar:/home/user/.m2/repository/com/google/code/gson/gson/2.2.4/gson-2.2.4.jar:/home/user/.m2/repository/org/apache/hadoop/hadoop-auth/3.2.0/hadoop-auth-3.2.0.jar:/home/user/.m2/repository/com/nimbusds/nimbus-jose-jwt/4.41.1/nimbus-jose-jwt-4.41.1.jar:/home/user/.m2/repository/com/github/stephenc/jcip/jcip-annotations/1.0-1/jcip-annotations-1.0-1.jar:/home/user/.m2/repository/net/minidev/json-smart/2.3/json-smart-2.3.jar:/home/user/.m2/repository/net/minidev/accessors-smart/1.2/accessors-smart-1.2.jar:/home/user/.m2/repository/org/apache/curator/curator-framework/2.12.0/curator-framework-2.12.0.jar:/home/user/.m2/repository/com/jcraft/jsch/0.1.54/jsch-0.1.54.jar:/home/user/.m2/repository/org/apache/curator/curator-client/2.12.0/curator-client-2.12.0.jar:/home/user/.m2/repository/org/apache/curator/curator-recipes/2.12.0/curator-recipes-2.12.0.jar:/home/user/.m2/repository/com/google/code/findbugs/jsr305/3.0.0/jsr305-3.0.0.jar:/home/user/.m2/repository/org/apache/htrace/htrace-core4/4.1.0-incubating/htrace-core4-4.1.0-incubating.jar:/home/user/.m2/repository/org/apache/zookeeper/zookeeper/3.4.13/zookeeper-3.4.13.jar:/home/user/.m2/repository/jline/jline/0.9.94/jline-0.9.94.jar:/home/user/.m2/repository/org/apache/yetus/audience-annotations/0.5.0/audience-annotations-0.5.0.jar:/home/user/.m2/repository/org/apache/commons/commons-compress/1.4.1/commons-compress-1.4.1.jar:/home/user/.m2/repository/org/tukaani/xz/1.0/xz-1.0.jar:/home/user/.m2/repository/org/apache/kerby/kerb-simplekdc/1.0.1/kerb-simplekdc-1.0.1.jar:/home/user/.m2/repository/org/apache/kerby/kerb-client/1.0.1/kerb-client-1.0.1.jar:/home/user/.m2/repository/org/apache/kerby/kerby-config/1.0.1/kerby-config-1.0.1.jar:/home/user/.m2/repository/org/apache/kerby/kerb-core/1.0.1/kerb-core-1.0.1.jar:/home/user/.m2/repository/org/apache/kerby/kerby-pkix/1.0.1/kerby-pkix-1.0.1.jar:/home/user/.m2/repository/org/apache/kerby/kerby-asn1/1.0.1/kerby-asn1-1.0.1.jar:/home/user/.m2/repository/org/apache/kerby/kerby-util/1.0.1/kerby-util-1.0.1.jar:/home/user/.m2/repository/org/apache/kerby/kerb-common/1.0.1/kerb-common-1.0.1.jar:/home/user/.m2/repository/org/apache/kerby/kerb-crypto/1.0.1/kerb-crypto-1.0.1.jar:/home/user/.m2/repository/org/apache/kerby/kerb-util/1.0.1/kerb-util-1.0.1.jar:/home/user/.m2/repository/org/apache/kerby/token-provider/1.0.1/token-provider-1.0.1.jar:/home/user/.m2/repository/org/apache/kerby/kerb-admin/1.0.1/kerb-admin-1.0.1.jar:/home/user/.m2/repository/org/apache/kerby/kerb-server/1.0.1/kerb-server-1.0.1.jar:/home/user/.m2/repository/org/apache/kerby/kerb-identity/1.0.1/kerb-identity-1.0.1.jar:/home/user/.m2/repository/org/apache/kerby/kerby-xdr/1.0.1/kerby-xdr-1.0.1.jar:/home/user/.m2/repository/com/fasterxml/jackson/core/jackson-databind/2.9.9/jackson-databind-2.9.9.jar:/home/user/.m2/repository/com/fasterxml/jackson/core/jackson-annotations/2.9.9/jackson-annotations-2.9.9.jar:/home/user/.m2/repository/com/fasterxml/jackson/core/jackson-core/2.9.9/jackson-core-2.9.9.jar:/home/user/.m2/repository/org/codehaus/woodstox/stax2-api/3.1.4/stax2-api-3.1.4.jar:/home/user/.m2/repository/com/fasterxml/woodstox/woodstox-core/5.0.3/woodstox-core-5.0.3.jar:/home/user/.m2/repository/dnsjava/dnsjava/2.1.7/dnsjava-2.1.7.jar:/home/user/.m2/repository/org/apache/hadoop/hadoop-hdfs/3.2.0/hadoop-hdfs-3.2.0.jar:/home/user/.m2/repository/org/eclipse/jetty/jetty-util-ajax/9.3.25.v20180904/jetty-util-ajax-9.3.25.v20180904.jar:/home/user/.m2/repository/commons-daemon/commons-daemon/1.0.13/commons-daemon-1.0.13.jar:/home/user/.m2/repository/io/netty/netty/3.10.5.Final/netty-3.10.5.Final.jar:/home/user/.m2/repository/io/netty/netty-all/4.0.52.Final/netty-all-4.0.52.Final.jar:/home/user/.m2/repository/org/fusesource/leveldbjni/leveldbjni-all/1.8/leveldbjni-all-1.8.jar:/home/user/.m2/repository/org/apache/hadoop/hadoop-hdds-common/0.5.0-SNAPSHOT/hadoop-hdds-common-0.5.0-SNAPSHOT.jar:/home/user/.m2/repository/org/apache/hadoop/hadoop-hdds-config/0.5.0-SNAPSHOT/hadoop-hdds-config-0.5.0-SNAPSHOT.jar:/home/user/.m2/repository/javax/annotation/javax.annotation-api/1.2/javax.annotation-api-1.2.jar:/home/user/.m2/repository/org/apache/ratis/ratis-server/0.4.0/ratis-server-0.4.0.jar:/home/user/.m2/repository/org/apache/ratis/ratis-thirdparty-misc/0.2.0/ratis-thirdparty-misc-0.2.0.jar:/home/user/.m2/repository/org/apache/ratis/ratis-proto/0.4.0/ratis-proto-0.4.0.jar:/home/user/.m2/repository/org/apache/ratis/ratis-common/0.4.0/ratis-common-0.4.0.jar:/home/user/.m2/repository/org/apache/ratis/ratis-client/0.4.0/ratis-client-0.4.0.jar:/home/user/.m2/repository/org/apache/ratis/ratis-metrics/0.4.0/ratis-metrics-0.4.0.jar:/home/user/.m2/repository/com/github/joshelser/dropwizard-metrics-hadoop-metrics2-reporter/0.1.2/dropwizard-metrics-hadoop-metrics2-reporter-0.1.2.jar:/home/user/.m2/repository/io/dropwizard/metrics/metrics-jvm/3.2.5/metrics-jvm-3.2.5.jar:/home/user/.m2/repository/io/dropwizard/metrics/metrics-ganglia/3.2.5/metrics-ganglia-3.2.5.jar:/home/user/.m2/repository/info/ganglia/gmetric4j/gmetric4j/1.0.7/gmetric4j-1.0.7.jar:/home/user/.m2/repository/org/apache/ratis/ratis-netty/0.4.0/ratis-netty-0.4.0.jar:/home/user/.m2/repository/org/apache/ratis/ratis-grpc/0.4.0/ratis-grpc-0.4.0.jar:/home/user/.m2/repository/org/rocksdb/rocksdbjni/6.0.1/rocksdbjni-6.0.1.jar:/home/user/.m2/repository/org/apache/logging/log4j/log4j-api/2.11.0/log4j-api-2.11.0.jar:/home/user/.m2/repository/org/apache/logging/log4j/log4j-core/2.11.0/log4j-core-2.11.0.jar:/home/user/.m2/repository/com/lmax/disruptor/3.4.2/disruptor-3.4.2.jar:/home/user/.m2/repository/org/apache/commons/commons-pool2/2.6.0/commons-pool2-2.6.0.jar:/home/user/.m2/repository/org/bouncycastle/bcpkix-jdk15on/1.60/bcpkix-jdk15on-1.60.jar:/home/user/.m2/repository/commons-validator/commons-validator/1.6/commons-validator-1.6.jar:/home/user/.m2/repository/commons-digester/commons-digester/1.8.1/commons-digester-1.8.1.jar:/home/user/.m2/repository/io/jaegertracing/jaeger-client/0.34.0/jaeger-client-0.34.0.jar:/home/user/.m2/repository/io/jaegertracing/jaeger-thrift/0.34.0/jaeger-thrift-0.34.0.jar:/home/user/.m2/repository/org/apache/thrift/libthrift/0.12.0/libthrift-0.12.0.jar:/home/user/.m2/repository/com/squareup/okhttp3/okhttp/3.9.0/okhttp-3.9.0.jar:/home/user/.m2/repository/com/squareup/okio/okio/1.13.0/okio-1.13.0.jar:/home/user/.m2/repository/io/jaegertracing/jaeger-core/0.34.0/jaeger-core-0.34.0.jar:/home/user/.m2/repository/io/jaegertracing/jaeger-tracerresolver/0.34.0/jaeger-tracerresolver-0.34.0.jar:/home/user/.m2/repository/io/opentracing/contrib/opentracing-tracerresolver/0.1.5/opentracing-tracerresolver-0.1.5.jar:/home/user/.m2/repository/io/opentracing/opentracing-util/0.31.0/opentracing-util-0.31.0.jar:/home/user/.m2/repository/io/opentracing/opentracing-api/0.31.0/opentracing-api-0.31.0.jar:/home/user/.m2/repository/io/opentracing/opentracing-noop/0.31.0/opentracing-noop-0.31.0.jar:/home/user/.m2/repository/org/yaml/snakeyaml/1.16/snakeyaml-1.16.jar:/home/user/.m2/repository/org/apache/hadoop/hadoop-hdfs-client/3.2.0/hadoop-hdfs-client-3.2.0.jar:/home/user/.m2/repository/info/picocli/picocli/3.9.6/picocli-3.9.6.jar:/home/user/.m2/repository/org/apache/hadoop/hadoop-hdds-server-scm/0.5.0-SNAPSHOT/hadoop-hdds-server-scm-0.5.0-SNAPSHOT.jar:/home/user/.m2/repository/org/apache/hadoop/hadoop-hdds-docs/0.5.0-SNAPSHOT/hadoop-hdds-docs-0.5.0-SNAPSHOT.jar:/home/user/.m2/repository/io/dropwizard/metrics/metrics-core/3.2.4/metrics-core-3.2.4.jar:/home/user/.m2/repository/org/hamcrest/hamcrest-all/1.3/hamcrest-all-1.3.jar:/home/user/.m2/repository/org/bouncycastle/bcprov-jdk15on/1.60/bcprov-jdk15on-1.60.jar:/home/user/.m2/repository/org/apache/hadoop/hadoop-hdds-server-framework/0.5.0-SNAPSHOT/hadoop-hdds-server-framework-0.5.0-SNAPSHOT.jar:/home/user/.m2/repository/org/apache/hadoop/hadoop-ozone-ozone-manager/0.5.0-SNAPSHOT/hadoop-ozone-ozone-manager-0.5.0-SNAPSHOT.jar:/home/user/.m2/repository/org/apache/hadoop/hadoop-hdds-container-service/0.5.0-SNAPSHOT/hadoop-hdds-container-service-0.5.0-SNAPSHOT.jar:/home/user/.m2/repository/org/apache/hadoop/hadoop-hdds-client/0.5.0-SNAPSHOT/hadoop-hdds-client-0.5.0-SNAPSHOT.jar:/home/user/.m2/repository/org/apache/hadoop/hadoop-ozone-common/0.5.0-SNAPSHOT/hadoop-ozone-common-0.5.0-SNAPSHOT.jar:/home/user/.m2/repository/org/apache/hadoop/hadoop-hdds-tools/0.5.0-SNAPSHOT/hadoop-hdds-tools-0.5.0-SNAPSHOT.jar:/home/user/.m2/repository/org/xerial/sqlite-jdbc/3.25.2/sqlite-jdbc-3.25.2.jar:/home/user/.m2/repository/org/apache/httpcomponents/httpclient/4.5.2/httpclient-4.5.2.jar:/home/user/.m2/repository/org/apache/httpcomponents/httpcore/4.4.4/httpcore-4.4.4.jar:/home/user/.m2/repository/com/google/code/findbugs/findbugs/3.0.1/findbugs-3.0.1.jar:/home/user/.m2/repository/net/jcip/jcip-annotations/1.0/jcip-annotations-1.0.jar:/home/user/.m2/repository/com/google/code/findbugs/bcel-findbugs/6.0/bcel-findbugs-6.0.jar:/home/user/.m2/repository/com/google/code/findbugs/jFormatString/2.0.1/jFormatString-2.0.1.jar:/home/user/.m2/repository/dom4j/dom4j/1.6.1/dom4j-1.6.1.jar:/home/user/.m2/repository/xml-apis/xml-apis/1.0.b2/xml-apis-1.0.b2.jar:/home/user/.m2/repository/org/ow2/asm/asm-debug-all/5.0.2/asm-debug-all-5.0.2.jar:/home/user/.m2/repository/org/ow2/asm/asm-commons/5.0.2/asm-commons-5.0.2.jar:/home/user/.m2/repository/org/ow2/asm/asm-tree/5.0.2/asm-tree-5.0.2.jar:/home/user/.m2/repository/org/ow2/asm/asm/5.0.4/asm-5.0.4.jar:/home/user/.m2/repository/commons-lang/commons-lang/2.6/commons-lang-2.6.jar:/home/user/.m2/repository/com/apple/AppleJavaExtensions/1.4/AppleJavaExtensions-1.4.jar:/home/user/.m2/repository/jaxen/jaxen/1.1.6/jaxen-1.1.6.jar:/home/user/.m2/repository/org/apache/hadoop/hadoop-common/3.2.0/hadoop-common-3.2.0-tests.jar:/home/user/.m2/repository/org/apache/hadoop/hadoop-ozone-client/0.5.0-SNAPSHOT/hadoop-ozone-client-0.5.0-SNAPSHOT.jar:/home/user/.m2/repository/org/apache/hadoop/hadoop-hdfs/3.2.0/hadoop-hdfs-3.2.0-tests.jar:/workdir/hadoop-ozone/integration-test/target/test-classes:/home/user/.m2/repository/org/apache/hadoop/hadoop-ozone-s3gateway/0.5.0-SNAPSHOT/hadoop-ozone-s3gateway-0.5.0-SNAPSHOT.jar:/home/user/.m2/repository/org/jboss/weld/servlet/weld-servlet/2.4.7.Final/weld-servlet-2.4.7.Final.jar:/home/user/.m2/repository/org/glassfish/jersey/containers/jersey-container-servlet-core/2.27/jersey-container-servlet-core-2.27.jar:/home/user/.m2/repository/org/glassfish/hk2/external/javax.inject/2.5.0-b42/javax.inject-2.5.0-b42.jar:/home/user/.m2/repository/org/glassfish/jersey/core/jersey-common/2.27/jersey-common-2.27.jar:/home/user/.m2/repository/org/glassfish/hk2/osgi-resource-locator/1.0.1/osgi-resource-locator-1.0.1.jar:/home/user/.m2/repository/javax/ws/rs/javax.ws.rs-api/2.1/javax.ws.rs-api-2.1.jar:/home/user/.m2/repository/org/glassfish/jersey/ext/cdi/jersey-cdi1x/2.27/jersey-cdi1x-2.27.jar:/home/user/.m2/repository/org/glassfish/jersey/inject/jersey-hk2/2.27/jersey-hk2-2.27.jar:/home/user/.m2/repository/org/glassfish/hk2/hk2-locator/2.5.0-b42/hk2-locator-2.5.0-b42.jar:/home/user/.m2/repository/org/javassist/javassist/3.22.0-CR2/javassist-3.22.0-CR2.jar:/home/user/.m2/repository/org/glassfish/hk2/hk2-api/2.5.0/hk2-api-2.5.0.jar:/home/user/.m2/repository/org/glassfish/hk2/external/jakarta.inject/2.5.0/jakarta.inject-2.5.0.jar:/home/user/.m2/repository/org/glassfish/hk2/hk2-utils/2.5.0/hk2-utils-2.5.0.jar:/home/user/.m2/repository/jakarta/annotation/jakarta.annotation-api/1.3.4/jakarta.annotation-api-1.3.4.jar:/home/user/.m2/repository/org/glassfish/hk2/external/aopalliance-repackaged/2.5.0/aopalliance-repackaged-2.5.0.jar:/home/user/.m2/repository/com/fasterxml/jackson/dataformat/jackson-dataformat-xml/2.9.0/jackson-dataformat-xml-2.9.0.jar:/home/user/.m2/repository/com/fasterxml/jackson/module/jackson-module-jaxb-annotations/2.9.9/jackson-module-jaxb-annotations-2.9.9.jar:/home/user/.m2/repository/javax/enterprise/cdi-api/1.2/cdi-api-1.2.jar:/home/user/.m2/repository/javax/el/javax.el-api/3.0.0/javax.el-api-3.0.0.jar:/home/user/.m2/repository/javax/interceptor/javax.interceptor-api/1.2/javax.interceptor-api-1.2.jar:/home/user/.m2/repository/javax/inject/javax.inject/1/javax.inject-1.jar:/home/user/.m2/repository/com/sun/xml/bind/jaxb-core/2.3.0.1/jaxb-core-2.3.0.1.jar:/home/user/.m2/repository/javax/xml/bind/jaxb-api/2.3.0/jaxb-api-2.3.0.jar:/home/user/.m2/repository/javax/activation/activation/1.1.1/activation-1.1.1.jar:/home/user/.m2/repository/org/apache/hadoop/hadoop-ozone-csi/0.5.0-SNAPSHOT/hadoop-ozone-csi-0.5.0-SNAPSHOT.jar:/home/user/.m2/repository/com/google/protobuf/protobuf-java-util/3.5.1/protobuf-java-util-3.5.1.jar:/home/user/.m2/repository/io/grpc/grpc-netty/1.17.1/grpc-netty-1.17.1.jar:/home/user/.m2/repository/io/grpc/grpc-core/1.17.1/grpc-core-1.17.1.jar:/home/user/.m2/repository/io/grpc/grpc-context/1.17.1/grpc-context-1.17.1.jar:/home/user/.m2/repository/com/google/errorprone/error_prone_annotations/2.2.0/error_prone_annotations-2.2.0.jar:/home/user/.m2/repository/org/codehaus/mojo/animal-sniffer-annotations/1.17/animal-sniffer-annotations-1.17.jar:/home/user/.m2/repository/io/opencensus/opencensus-api/0.17.0/opencensus-api-0.17.0.jar:/home/user/.m2/repository/io/opencensus/opencensus-contrib-grpc-metrics/0.17.0/opencensus-contrib-grpc-metrics-0.17.0.jar:/home/user/.m2/repository/io/netty/netty-codec-http2/4.1.30.Final/netty-codec-http2-4.1.30.Final.jar:/home/user/.m2/repository/io/netty/netty-codec-http/4.1.30.Final/netty-codec-http-4.1.30.Final.jar:/home/user/.m2/repository/io/netty/netty-codec/4.1.30.Final/netty-codec-4.1.30.Final.jar:/home/user/.m2/repository/io/netty/netty-handler/4.1.30.Final/netty-handler-4.1.30.Final.jar:/home/user/.m2/repository/io/netty/netty-handler-proxy/4.1.30.Final/netty-handler-proxy-4.1.30.Final.jar:/home/user/.m2/repository/io/netty/netty-codec-socks/4.1.30.Final/netty-codec-socks-4.1.30.Final.jar:/home/user/.m2/repository/io/netty/netty-transport-native-epoll/4.1.30.Final/netty-transport-native-epoll-4.1.30.Final.jar:/home/user/.m2/repository/io/netty/netty-common/4.1.30.Final/netty-common-4.1.30.Final.jar:/home/user/.m2/repository/io/netty/netty-buffer/4.1.30.Final/netty-buffer-4.1.30.Final.jar:/home/user/.m2/repository/io/netty/netty-transport/4.1.30.Final/netty-transport-4.1.30.Final.jar:/home/user/.m2/repository/io/netty/netty-resolver/4.1.30.Final/netty-resolver-4.1.30.Final.jar:/home/user/.m2/repository/io/netty/netty-transport-native-unix-common/4.1.30.Final/netty-transport-native-unix-common-4.1.30.Final.jar:/home/user/.m2/repository/io/grpc/grpc-protobuf/1.17.1/grpc-protobuf-1.17.1.jar:/home/user/.m2/repository/com/google/api/grpc/proto-google-common-protos/1.0.0/proto-google-common-protos-1.0.0.jar:/home/user/.m2/repository/io/grpc/grpc-protobuf-lite/1.17.1/grpc-protobuf-lite-1.17.1.jar:/home/user/.m2/repository/io/grpc/grpc-stub/1.17.1/grpc-stub-1.17.1.jar:/home/user/.m2/repository/org/apache/hadoop/hadoop-ozone-recon/0.5.0-SNAPSHOT/hadoop-ozone-recon-0.5.0-SNAPSHOT.jar:/home/user/.m2/repository/org/apache/hadoop/hadoop-ozone-reconcodegen/0.5.0-SNAPSHOT/hadoop-ozone-reconcodegen-0.5.0-SNAPSHOT.jar:/home/user/.m2/repository/com/google/inject/extensions/guice-multibindings/4.0/guice-multibindings-4.0.jar:/home/user/.m2/repository/com/google/inject/guice/4.0/guice-4.0.jar:/home/user/.m2/repository/aopalliance/aopalliance/1.0/aopalliance-1.0.jar:/home/user/.m2/repository/org/glassfish/jersey/containers/jersey-container-servlet/2.27/jersey-container-servlet-2.27.jar:/home/user/.m2/repository/org/glassfish/hk2/guice-bridge/2.5.0/guice-bridge-2.5.0.jar:/home/user/.m2/repository/org/glassfish/jersey/core/jersey-server/2.27/jersey-server-2.27.jar:/home/user/.m2/repository/org/glassfish/jersey/core/jersey-client/2.27/jersey-client-2.27.jar:/home/user/.m2/repository/org/glassfish/jersey/media/jersey-media-jaxb/2.27/jersey-media-jaxb-2.27.jar:/home/user/.m2/repository/javax/validation/validation-api/1.1.0.Final/validation-api-1.1.0.Final.jar:/home/user/.m2/repository/org/glassfish/jersey/media/jersey-media-json-jackson/2.27/jersey-media-json-jackson-2.27.jar:/home/user/.m2/repository/org/glassfish/jersey/ext/jersey-entity-filtering/2.27/jersey-entity-filtering-2.27.jar:/home/user/.m2/repository/com/google/inject/extensions/guice-assistedinject/4.0/guice-assistedinject-4.0.jar:/home/user/.m2/repository/org/jooq/jooq/3.11.10/jooq-3.11.10.jar:/home/user/.m2/repository/org/jooq/jooq-meta/3.11.10/jooq-meta-3.11.10.jar:/home/user/.m2/repository/org/jooq/jooq-codegen/3.11.10/jooq-codegen-3.11.10.jar:/home/user/.m2/repository/com/jolbox/bonecp/0.8.0.RELEASE/bonecp-0.8.0.RELEASE.jar:/home/user/.m2/repository/org/springframework/spring-jdbc/5.1.3.RELEASE/spring-jdbc-5.1.3.RELEASE.jar:/home/user/.m2/repository/org/springframework/spring-beans/5.1.3.RELEASE/spring-beans-5.1.3.RELEASE.jar:/home/user/.m2/repository/org/springframework/spring-core/5.1.3.RELEASE/spring-core-5.1.3.RELEASE.jar:/home/user/.m2/repository/org/springframework/spring-jcl/5.1.3.RELEASE/spring-jcl-5.1.3.RELEASE.jar:/home/user/.m2/repository/org/springframework/spring-tx/5.1.3.RELEASE/spring-tx-5.1.3.RELEASE.jar:/home/user/.m2/repository/org/mockito/mockito-all/1.10.19/mockito-all-1.10.19.jar:/home/user/.m2/repository/junit/junit/4.11/junit-4.11.jar:/home/user/.m2/repository/org/hamcrest/hamcrest-core/1.3/hamcrest-core-1.3.jar:/home/user/.m2/repository/org/apache/hadoop/hadoop-distcp/3.2.0/hadoop-distcp-3.2.0.jar:/home/user/.m2/repository/org/apache/hadoop/hadoop-distcp/3.2.0/hadoop-distcp-3.2.0-tests.jar:/home/user/.m2/repository/org/apache/hadoop/hadoop-mapreduce-client-jobclient/3.2.0/hadoop-mapreduce-client-jobclient-3.2.0.jar:/home/user/.m2/repository/org/apache/hadoop/hadoop-mapreduce-client-common/3.2.0/hadoop-mapreduce-client-common-3.2.0.jar:/home/user/.m2/repository/org/apache/hadoop/hadoop-yarn-common/3.2.0/hadoop-yarn-common-3.2.0.jar:/home/user/.m2/repository/org/apache/hadoop/hadoop-yarn-api/3.2.0/hadoop-yarn-api-3.2.0.jar:/home/user/.m2/repository/com/sun/jersey/jersey-client/1.19/jersey-client-1.19.jar:/home/user/.m2/repository/com/sun/jersey/contribs/jersey-guice/1.19/jersey-guice-1.19.jar:/home/user/.m2/repository/com/fasterxml/jackson/jaxrs/jackson-jaxrs-json-provider/2.9.9/jackson-jaxrs-json-provider-2.9.9.jar:/home/user/.m2/repository/com/fasterxml/jackson/jaxrs/jackson-jaxrs-base/2.9.9/jackson-jaxrs-base-2.9.9.jar:/home/user/.m2/repository/org/apache/hadoop/hadoop-yarn-client/3.2.0/hadoop-yarn-client-3.2.0.jar:/home/user/.m2/repository/org/apache/hadoop/hadoop-mapreduce-client-core/3.2.0/hadoop-mapreduce-client-core-3.2.0.jar:/home/user/.m2/repository/com/google/inject/extensions/guice-servlet/4.0/guice-servlet-4.0.jar:/home/user/.m2/repository/org/powermock/powermock-module-junit4/1.6.5/powermock-module-junit4-1.6.5.jar:/home/user/.m2/repository/org/powermock/powermock-module-junit4-common/1.6.5/powermock-module-junit4-common-1.6.5.jar:/home/user/.m2/repository/org/powermock/powermock-core/1.6.5/powermock-core-1.6.5.jar:/home/user/.m2/repository/org/powermock/powermock-reflect/1.6.5/powermock-reflect-1.6.5.jar:/home/user/.m2/repository/org/powermock/powermock-api-mockito/1.6.5/powermock-api-mockito-1.6.5.jar:/home/user/.m2/repository/org/mockito/mockito-core/1.10.19/mockito-core-1.10.19.jar:/home/user/.m2/repository/org/objenesis/objenesis/1.0/objenesis-1.0.jar:/home/user/.m2/repository/org/powermock/powermock-api-mockito-common/1.6.5/powermock-api-mockito-common-1.6.5.jar:/home/user/.m2/repository/org/powermock/powermock-api-support/1.6.5/powermock-api-support-1.6.5.jar:"/>
    <property name="java.vm.vendor" value="IcedTea"/>
    <property name="sun.arch.data.model" value="64"/>
    <property name="test.build.dir" value="/workdir/hadoop-ozone/ozonefs/target/test-dir"/>
    <property name="test.cache.data" value=""/>
    <property name="java.vendor.url" value="https://icedtea.classpath.org"/>
    <property name="user.timezone" value=""/>
    <property name="java.vm.specification.version" value="1.8"/>
    <property name="os.name" value="Linux"/>
    <property name="test.build.data" value="/workdir/hadoop-ozone/ozonefs/target/test-dir"/>
    <property name="user.country" value="US"/>
    <property name="sun.java.launcher" value="SUN_STANDARD"/>
    <property name="sun.boot.library.path" value="/usr/lib/jvm/java-1.8-openjdk/jre/lib/amd64"/>
    <property name="sun.java.command" value="/workdir/hadoop-ozone/ozonefs/target/surefire/surefirebooter8573330989536603772.jar /workdir/hadoop-ozone/ozonefs/target/surefire 2019-09-24T18-01-07_747-jvmRun1 surefire2440821653937616217tmp surefire_976888408947642460210tmp"/>
    <property name="test" value="!TestMiniChaosOzoneCluster"/>
    <property name="surefire.test.class.path" value="/workdir/hadoop-ozone/ozonefs/target/test-classes:/workdir/hadoop-ozone/ozonefs/target/classes:/home/user/.m2/repository/org/apache/hadoop/hadoop-common/3.2.0/hadoop-common-3.2.0.jar:/home/user/.m2/repository/org/apache/hadoop/hadoop-annotations/3.2.0/hadoop-annotations-3.2.0.jar:/usr/lib/jvm/java-1.8-openjdk/jre/../lib/tools.jar:/home/user/.m2/repository/com/google/guava/guava/11.0.2/guava-11.0.2.jar:/home/user/.m2/repository/commons-cli/commons-cli/1.2/commons-cli-1.2.jar:/home/user/.m2/repository/org/apache/commons/commons-math3/3.1.1/commons-math3-3.1.1.jar:/home/user/.m2/repository/commons-codec/commons-codec/1.11/commons-codec-1.11.jar:/home/user/.m2/repository/commons-io/commons-io/2.5/commons-io-2.5.jar:/home/user/.m2/repository/commons-net/commons-net/3.6/commons-net-3.6.jar:/home/user/.m2/repository/commons-collections/commons-collections/3.2.2/commons-collections-3.2.2.jar:/home/user/.m2/repository/javax/servlet/javax.servlet-api/3.1.0/javax.servlet-api-3.1.0.jar:/home/user/.m2/repository/org/eclipse/jetty/jetty-server/9.3.25.v20180904/jetty-server-9.3.25.v20180904.jar:/home/user/.m2/repository/org/eclipse/jetty/jetty-http/9.3.25.v20180904/jetty-http-9.3.25.v20180904.jar:/home/user/.m2/repository/org/eclipse/jetty/jetty-io/9.3.25.v20180904/jetty-io-9.3.25.v20180904.jar:/home/user/.m2/repository/org/eclipse/jetty/jetty-util/9.3.25.v20180904/jetty-util-9.3.25.v20180904.jar:/home/user/.m2/repository/org/eclipse/jetty/jetty-servlet/9.3.25.v20180904/jetty-servlet-9.3.25.v20180904.jar:/home/user/.m2/repository/org/eclipse/jetty/jetty-security/9.3.25.v20180904/jetty-security-9.3.25.v20180904.jar:/home/user/.m2/repository/org/eclipse/jetty/jetty-webapp/9.3.25.v20180904/jetty-webapp-9.3.25.v20180904.jar:/home/user/.m2/repository/org/eclipse/jetty/jetty-xml/9.3.25.v20180904/jetty-xml-9.3.25.v20180904.jar:/home/user/.m2/repository/javax/servlet/jsp/jsp-api/2.1/jsp-api-2.1.jar:/home/user/.m2/repository/com/sun/jersey/jersey-core/1.19/jersey-core-1.19.jar:/home/user/.m2/repository/javax/ws/rs/jsr311-api/1.1.1/jsr311-api-1.1.1.jar:/home/user/.m2/repository/com/sun/jersey/jersey-servlet/1.19/jersey-servlet-1.19.jar:/home/user/.m2/repository/com/sun/jersey/jersey-json/1.19/jersey-json-1.19.jar:/home/user/.m2/repository/org/codehaus/jettison/jettison/1.1/jettison-1.1.jar:/home/user/.m2/repository/com/sun/xml/bind/jaxb-impl/2.3.0.1/jaxb-impl-2.3.0.1.jar:/home/user/.m2/repository/org/codehaus/jackson/jackson-core-asl/1.9.13/jackson-core-asl-1.9.13.jar:/home/user/.m2/repository/org/codehaus/jackson/jackson-mapper-asl/1.9.13/jackson-mapper-asl-1.9.13.jar:/home/user/.m2/repository/org/codehaus/jackson/jackson-jaxrs/1.9.13/jackson-jaxrs-1.9.13.jar:/home/user/.m2/repository/org/codehaus/jackson/jackson-xc/1.9.13/jackson-xc-1.9.13.jar:/home/user/.m2/repository/com/sun/jersey/jersey-server/1.19/jersey-server-1.19.jar:/home/user/.m2/repository/commons-logging/commons-logging/1.1.3/commons-logging-1.1.3.jar:/home/user/.m2/repository/log4j/log4j/1.2.17/log4j-1.2.17.jar:/home/user/.m2/repository/commons-beanutils/commons-beanutils/1.9.4/commons-beanutils-1.9.4.jar:/home/user/.m2/repository/org/apache/commons/commons-configuration2/2.1.1/commons-configuration2-2.1.1.jar:/home/user/.m2/repository/org/apache/commons/commons-lang3/3.7/commons-lang3-3.7.jar:/home/user/.m2/repository/org/apache/commons/commons-text/1.4/commons-text-1.4.jar:/home/user/.m2/repository/org/slf4j/slf4j-api/1.7.25/slf4j-api-1.7.25.jar:/home/user/.m2/repository/org/slf4j/slf4j-log4j12/1.7.25/slf4j-log4j12-1.7.25.jar:/home/user/.m2/repository/org/apache/avro/avro/1.7.7/avro-1.7.7.jar:/home/user/.m2/repository/com/thoughtworks/paranamer/paranamer/2.3/paranamer-2.3.jar:/home/user/.m2/repository/org/xerial/snappy/snappy-java/1.0.5/snappy-java-1.0.5.jar:/home/user/.m2/repository/com/google/re2j/re2j/1.1/re2j-1.1.jar:/home/user/.m2/repository/com/google/protobuf/protobuf-java/2.5.0/protobuf-java-2.5.0.jar:/home/user/.m2/repository/com/google/code/gson/gson/2.2.4/gson-2.2.4.jar:/home/user/.m2/repository/org/apache/hadoop/hadoop-auth/3.2.0/hadoop-auth-3.2.0.jar:/home/user/.m2/repository/com/nimbusds/nimbus-jose-jwt/4.41.1/nimbus-jose-jwt-4.41.1.jar:/home/user/.m2/repository/com/github/stephenc/jcip/jcip-annotations/1.0-1/jcip-annotations-1.0-1.jar:/home/user/.m2/repository/net/minidev/json-smart/2.3/json-smart-2.3.jar:/home/user/.m2/repository/net/minidev/accessors-smart/1.2/accessors-smart-1.2.jar:/home/user/.m2/repository/org/apache/curator/curator-framework/2.12.0/curator-framework-2.12.0.jar:/home/user/.m2/repository/com/jcraft/jsch/0.1.54/jsch-0.1.54.jar:/home/user/.m2/repository/org/apache/curator/curator-client/2.12.0/curator-client-2.12.0.jar:/home/user/.m2/repository/org/apache/curator/curator-recipes/2.12.0/curator-recipes-2.12.0.jar:/home/user/.m2/repository/com/google/code/findbugs/jsr305/3.0.0/jsr305-3.0.0.jar:/home/user/.m2/repository/org/apache/htrace/htrace-core4/4.1.0-incubating/htrace-core4-4.1.0-incubating.jar:/home/user/.m2/repository/org/apache/zookeeper/zookeeper/3.4.13/zookeeper-3.4.13.jar:/home/user/.m2/repository/jline/jline/0.9.94/jline-0.9.94.jar:/home/user/.m2/repository/org/apache/yetus/audience-annotations/0.5.0/audience-annotations-0.5.0.jar:/home/user/.m2/repository/org/apache/commons/commons-compress/1.4.1/commons-compress-1.4.1.jar:/home/user/.m2/repository/org/tukaani/xz/1.0/xz-1.0.jar:/home/user/.m2/repository/org/apache/kerby/kerb-simplekdc/1.0.1/kerb-simplekdc-1.0.1.jar:/home/user/.m2/repository/org/apache/kerby/kerb-client/1.0.1/kerb-client-1.0.1.jar:/home/user/.m2/repository/org/apache/kerby/kerby-config/1.0.1/kerby-config-1.0.1.jar:/home/user/.m2/repository/org/apache/kerby/kerb-core/1.0.1/kerb-core-1.0.1.jar:/home/user/.m2/repository/org/apache/kerby/kerby-pkix/1.0.1/kerby-pkix-1.0.1.jar:/home/user/.m2/repository/org/apache/kerby/kerby-asn1/1.0.1/kerby-asn1-1.0.1.jar:/home/user/.m2/repository/org/apache/kerby/kerby-util/1.0.1/kerby-util-1.0.1.jar:/home/user/.m2/repository/org/apache/kerby/kerb-common/1.0.1/kerb-common-1.0.1.jar:/home/user/.m2/repository/org/apache/kerby/kerb-crypto/1.0.1/kerb-crypto-1.0.1.jar:/home/user/.m2/repository/org/apache/kerby/kerb-util/1.0.1/kerb-util-1.0.1.jar:/home/user/.m2/repository/org/apache/kerby/token-provider/1.0.1/token-provider-1.0.1.jar:/home/user/.m2/repository/org/apache/kerby/kerb-admin/1.0.1/kerb-admin-1.0.1.jar:/home/user/.m2/repository/org/apache/kerby/kerb-server/1.0.1/kerb-server-1.0.1.jar:/home/user/.m2/repository/org/apache/kerby/kerb-identity/1.0.1/kerb-identity-1.0.1.jar:/home/user/.m2/repository/org/apache/kerby/kerby-xdr/1.0.1/kerby-xdr-1.0.1.jar:/home/user/.m2/repository/com/fasterxml/jackson/core/jackson-databind/2.9.9/jackson-databind-2.9.9.jar:/home/user/.m2/repository/com/fasterxml/jackson/core/jackson-annotations/2.9.9/jackson-annotations-2.9.9.jar:/home/user/.m2/repository/com/fasterxml/jackson/core/jackson-core/2.9.9/jackson-core-2.9.9.jar:/home/user/.m2/repository/org/codehaus/woodstox/stax2-api/3.1.4/stax2-api-3.1.4.jar:/home/user/.m2/repository/com/fasterxml/woodstox/woodstox-core/5.0.3/woodstox-core-5.0.3.jar:/home/user/.m2/repository/dnsjava/dnsjava/2.1.7/dnsjava-2.1.7.jar:/home/user/.m2/repository/org/apache/hadoop/hadoop-hdfs/3.2.0/hadoop-hdfs-3.2.0.jar:/home/user/.m2/repository/org/eclipse/jetty/jetty-util-ajax/9.3.25.v20180904/jetty-util-ajax-9.3.25.v20180904.jar:/home/user/.m2/repository/commons-daemon/commons-daemon/1.0.13/commons-daemon-1.0.13.jar:/home/user/.m2/repository/io/netty/netty/3.10.5.Final/netty-3.10.5.Final.jar:/home/user/.m2/repository/io/netty/netty-all/4.0.52.Final/netty-all-4.0.52.Final.jar:/home/user/.m2/repository/org/fusesource/leveldbjni/leveldbjni-all/1.8/leveldbjni-all-1.8.jar:/home/user/.m2/repository/org/apache/hadoop/hadoop-hdds-common/0.5.0-SNAPSHOT/hadoop-hdds-common-0.5.0-SNAPSHOT.jar:/home/user/.m2/repository/org/apache/hadoop/hadoop-hdds-config/0.5.0-SNAPSHOT/hadoop-hdds-config-0.5.0-SNAPSHOT.jar:/home/user/.m2/repository/javax/annotation/javax.annotation-api/1.2/javax.annotation-api-1.2.jar:/home/user/.m2/repository/org/apache/ratis/ratis-server/0.4.0/ratis-server-0.4.0.jar:/home/user/.m2/repository/org/apache/ratis/ratis-thirdparty-misc/0.2.0/ratis-thirdparty-misc-0.2.0.jar:/home/user/.m2/repository/org/apache/ratis/ratis-proto/0.4.0/ratis-proto-0.4.0.jar:/home/user/.m2/repository/org/apache/ratis/ratis-common/0.4.0/ratis-common-0.4.0.jar:/home/user/.m2/repository/org/apache/ratis/ratis-client/0.4.0/ratis-client-0.4.0.jar:/home/user/.m2/repository/org/apache/ratis/ratis-metrics/0.4.0/ratis-metrics-0.4.0.jar:/home/user/.m2/repository/com/github/joshelser/dropwizard-metrics-hadoop-metrics2-reporter/0.1.2/dropwizard-metrics-hadoop-metrics2-reporter-0.1.2.jar:/home/user/.m2/repository/io/dropwizard/metrics/metrics-jvm/3.2.5/metrics-jvm-3.2.5.jar:/home/user/.m2/repository/io/dropwizard/metrics/metrics-ganglia/3.2.5/metrics-ganglia-3.2.5.jar:/home/user/.m2/repository/info/ganglia/gmetric4j/gmetric4j/1.0.7/gmetric4j-1.0.7.jar:/home/user/.m2/repository/org/apache/ratis/ratis-netty/0.4.0/ratis-netty-0.4.0.jar:/home/user/.m2/repository/org/apache/ratis/ratis-grpc/0.4.0/ratis-grpc-0.4.0.jar:/home/user/.m2/repository/org/rocksdb/rocksdbjni/6.0.1/rocksdbjni-6.0.1.jar:/home/user/.m2/repository/org/apache/logging/log4j/log4j-api/2.11.0/log4j-api-2.11.0.jar:/home/user/.m2/repository/org/apache/logging/log4j/log4j-core/2.11.0/log4j-core-2.11.0.jar:/home/user/.m2/repository/com/lmax/disruptor/3.4.2/disruptor-3.4.2.jar:/home/user/.m2/repository/org/apache/commons/commons-pool2/2.6.0/commons-pool2-2.6.0.jar:/home/user/.m2/repository/org/bouncycastle/bcpkix-jdk15on/1.60/bcpkix-jdk15on-1.60.jar:/home/user/.m2/repository/commons-validator/commons-validator/1.6/commons-validator-1.6.jar:/home/user/.m2/repository/commons-digester/commons-digester/1.8.1/commons-digester-1.8.1.jar:/home/user/.m2/repository/io/jaegertracing/jaeger-client/0.34.0/jaeger-client-0.34.0.jar:/home/user/.m2/repository/io/jaegertracing/jaeger-thrift/0.34.0/jaeger-thrift-0.34.0.jar:/home/user/.m2/repository/org/apache/thrift/libthrift/0.12.0/libthrift-0.12.0.jar:/home/user/.m2/repository/com/squareup/okhttp3/okhttp/3.9.0/okhttp-3.9.0.jar:/home/user/.m2/repository/com/squareup/okio/okio/1.13.0/okio-1.13.0.jar:/home/user/.m2/repository/io/jaegertracing/jaeger-core/0.34.0/jaeger-core-0.34.0.jar:/home/user/.m2/repository/io/jaegertracing/jaeger-tracerresolver/0.34.0/jaeger-tracerresolver-0.34.0.jar:/home/user/.m2/repository/io/opentracing/contrib/opentracing-tracerresolver/0.1.5/opentracing-tracerresolver-0.1.5.jar:/home/user/.m2/repository/io/opentracing/opentracing-util/0.31.0/opentracing-util-0.31.0.jar:/home/user/.m2/repository/io/opentracing/opentracing-api/0.31.0/opentracing-api-0.31.0.jar:/home/user/.m2/repository/io/opentracing/opentracing-noop/0.31.0/opentracing-noop-0.31.0.jar:/home/user/.m2/repository/org/yaml/snakeyaml/1.16/snakeyaml-1.16.jar:/home/user/.m2/repository/org/apache/hadoop/hadoop-hdfs-client/3.2.0/hadoop-hdfs-client-3.2.0.jar:/home/user/.m2/repository/info/picocli/picocli/3.9.6/picocli-3.9.6.jar:/home/user/.m2/repository/org/apache/hadoop/hadoop-hdds-server-scm/0.5.0-SNAPSHOT/hadoop-hdds-server-scm-0.5.0-SNAPSHOT.jar:/home/user/.m2/repository/org/apache/hadoop/hadoop-hdds-docs/0.5.0-SNAPSHOT/hadoop-hdds-docs-0.5.0-SNAPSHOT.jar:/home/user/.m2/repository/io/dropwizard/metrics/metrics-core/3.2.4/metrics-core-3.2.4.jar:/home/user/.m2/repository/org/hamcrest/hamcrest-all/1.3/hamcrest-all-1.3.jar:/home/user/.m2/repository/org/bouncycastle/bcprov-jdk15on/1.60/bcprov-jdk15on-1.60.jar:/home/user/.m2/repository/org/apache/hadoop/hadoop-hdds-server-framework/0.5.0-SNAPSHOT/hadoop-hdds-server-framework-0.5.0-SNAPSHOT.jar:/home/user/.m2/repository/org/apache/hadoop/hadoop-ozone-ozone-manager/0.5.0-SNAPSHOT/hadoop-ozone-ozone-manager-0.5.0-SNAPSHOT.jar:/home/user/.m2/repository/org/apache/hadoop/hadoop-hdds-container-service/0.5.0-SNAPSHOT/hadoop-hdds-container-service-0.5.0-SNAPSHOT.jar:/home/user/.m2/repository/org/apache/hadoop/hadoop-hdds-client/0.5.0-SNAPSHOT/hadoop-hdds-client-0.5.0-SNAPSHOT.jar:/home/user/.m2/repository/org/apache/hadoop/hadoop-ozone-common/0.5.0-SNAPSHOT/hadoop-ozone-common-0.5.0-SNAPSHOT.jar:/home/user/.m2/repository/org/apache/hadoop/hadoop-hdds-tools/0.5.0-SNAPSHOT/hadoop-hdds-tools-0.5.0-SNAPSHOT.jar:/home/user/.m2/repository/org/xerial/sqlite-jdbc/3.25.2/sqlite-jdbc-3.25.2.jar:/home/user/.m2/repository/org/apache/httpcomponents/httpclient/4.5.2/httpclient-4.5.2.jar:/home/user/.m2/repository/org/apache/httpcomponents/httpcore/4.4.4/httpcore-4.4.4.jar:/home/user/.m2/repository/com/google/code/findbugs/findbugs/3.0.1/findbugs-3.0.1.jar:/home/user/.m2/repository/net/jcip/jcip-annotations/1.0/jcip-annotations-1.0.jar:/home/user/.m2/repository/com/google/code/findbugs/bcel-findbugs/6.0/bcel-findbugs-6.0.jar:/home/user/.m2/repository/com/google/code/findbugs/jFormatString/2.0.1/jFormatString-2.0.1.jar:/home/user/.m2/repository/dom4j/dom4j/1.6.1/dom4j-1.6.1.jar:/home/user/.m2/repository/xml-apis/xml-apis/1.0.b2/xml-apis-1.0.b2.jar:/home/user/.m2/repository/org/ow2/asm/asm-debug-all/5.0.2/asm-debug-all-5.0.2.jar:/home/user/.m2/repository/org/ow2/asm/asm-commons/5.0.2/asm-commons-5.0.2.jar:/home/user/.m2/repository/org/ow2/asm/asm-tree/5.0.2/asm-tree-5.0.2.jar:/home/user/.m2/repository/org/ow2/asm/asm/5.0.4/asm-5.0.4.jar:/home/user/.m2/repository/commons-lang/commons-lang/2.6/commons-lang-2.6.jar:/home/user/.m2/repository/com/apple/AppleJavaExtensions/1.4/AppleJavaExtensions-1.4.jar:/home/user/.m2/repository/jaxen/jaxen/1.1.6/jaxen-1.1.6.jar:/home/user/.m2/repository/org/apache/hadoop/hadoop-common/3.2.0/hadoop-common-3.2.0-tests.jar:/home/user/.m2/repository/org/apache/hadoop/hadoop-ozone-client/0.5.0-SNAPSHOT/hadoop-ozone-client-0.5.0-SNAPSHOT.jar:/home/user/.m2/repository/org/apache/hadoop/hadoop-hdfs/3.2.0/hadoop-hdfs-3.2.0-tests.jar:/workdir/hadoop-ozone/integration-test/target/test-classes:/home/user/.m2/repository/org/apache/hadoop/hadoop-ozone-s3gateway/0.5.0-SNAPSHOT/hadoop-ozone-s3gateway-0.5.0-SNAPSHOT.jar:/home/user/.m2/repository/org/jboss/weld/servlet/weld-servlet/2.4.7.Final/weld-servlet-2.4.7.Final.jar:/home/user/.m2/repository/org/glassfish/jersey/containers/jersey-container-servlet-core/2.27/jersey-container-servlet-core-2.27.jar:/home/user/.m2/repository/org/glassfish/hk2/external/javax.inject/2.5.0-b42/javax.inject-2.5.0-b42.jar:/home/user/.m2/repository/org/glassfish/jersey/core/jersey-common/2.27/jersey-common-2.27.jar:/home/user/.m2/repository/org/glassfish/hk2/osgi-resource-locator/1.0.1/osgi-resource-locator-1.0.1.jar:/home/user/.m2/repository/javax/ws/rs/javax.ws.rs-api/2.1/javax.ws.rs-api-2.1.jar:/home/user/.m2/repository/org/glassfish/jersey/ext/cdi/jersey-cdi1x/2.27/jersey-cdi1x-2.27.jar:/home/user/.m2/repository/org/glassfish/jersey/inject/jersey-hk2/2.27/jersey-hk2-2.27.jar:/home/user/.m2/repository/org/glassfish/hk2/hk2-locator/2.5.0-b42/hk2-locator-2.5.0-b42.jar:/home/user/.m2/repository/org/javassist/javassist/3.22.0-CR2/javassist-3.22.0-CR2.jar:/home/user/.m2/repository/org/glassfish/hk2/hk2-api/2.5.0/hk2-api-2.5.0.jar:/home/user/.m2/repository/org/glassfish/hk2/external/jakarta.inject/2.5.0/jakarta.inject-2.5.0.jar:/home/user/.m2/repository/org/glassfish/hk2/hk2-utils/2.5.0/hk2-utils-2.5.0.jar:/home/user/.m2/repository/jakarta/annotation/jakarta.annotation-api/1.3.4/jakarta.annotation-api-1.3.4.jar:/home/user/.m2/repository/org/glassfish/hk2/external/aopalliance-repackaged/2.5.0/aopalliance-repackaged-2.5.0.jar:/home/user/.m2/repository/com/fasterxml/jackson/dataformat/jackson-dataformat-xml/2.9.0/jackson-dataformat-xml-2.9.0.jar:/home/user/.m2/repository/com/fasterxml/jackson/module/jackson-module-jaxb-annotations/2.9.9/jackson-module-jaxb-annotations-2.9.9.jar:/home/user/.m2/repository/javax/enterprise/cdi-api/1.2/cdi-api-1.2.jar:/home/user/.m2/repository/javax/el/javax.el-api/3.0.0/javax.el-api-3.0.0.jar:/home/user/.m2/repository/javax/interceptor/javax.interceptor-api/1.2/javax.interceptor-api-1.2.jar:/home/user/.m2/repository/javax/inject/javax.inject/1/javax.inject-1.jar:/home/user/.m2/repository/com/sun/xml/bind/jaxb-core/2.3.0.1/jaxb-core-2.3.0.1.jar:/home/user/.m2/repository/javax/xml/bind/jaxb-api/2.3.0/jaxb-api-2.3.0.jar:/home/user/.m2/repository/javax/activation/activation/1.1.1/activation-1.1.1.jar:/home/user/.m2/repository/org/apache/hadoop/hadoop-ozone-csi/0.5.0-SNAPSHOT/hadoop-ozone-csi-0.5.0-SNAPSHOT.jar:/home/user/.m2/repository/com/google/protobuf/protobuf-java-util/3.5.1/protobuf-java-util-3.5.1.jar:/home/user/.m2/repository/io/grpc/grpc-netty/1.17.1/grpc-netty-1.17.1.jar:/home/user/.m2/repository/io/grpc/grpc-core/1.17.1/grpc-core-1.17.1.jar:/home/user/.m2/repository/io/grpc/grpc-context/1.17.1/grpc-context-1.17.1.jar:/home/user/.m2/repository/com/google/errorprone/error_prone_annotations/2.2.0/error_prone_annotations-2.2.0.jar:/home/user/.m2/repository/org/codehaus/mojo/animal-sniffer-annotations/1.17/animal-sniffer-annotations-1.17.jar:/home/user/.m2/repository/io/opencensus/opencensus-api/0.17.0/opencensus-api-0.17.0.jar:/home/user/.m2/repository/io/opencensus/opencensus-contrib-grpc-metrics/0.17.0/opencensus-contrib-grpc-metrics-0.17.0.jar:/home/user/.m2/repository/io/netty/netty-codec-http2/4.1.30.Final/netty-codec-http2-4.1.30.Final.jar:/home/user/.m2/repository/io/netty/netty-codec-http/4.1.30.Final/netty-codec-http-4.1.30.Final.jar:/home/user/.m2/repository/io/netty/netty-codec/4.1.30.Final/netty-codec-4.1.30.Final.jar:/home/user/.m2/repository/io/netty/netty-handler/4.1.30.Final/netty-handler-4.1.30.Final.jar:/home/user/.m2/repository/io/netty/netty-handler-proxy/4.1.30.Final/netty-handler-proxy-4.1.30.Final.jar:/home/user/.m2/repository/io/netty/netty-codec-socks/4.1.30.Final/netty-codec-socks-4.1.30.Final.jar:/home/user/.m2/repository/io/netty/netty-transport-native-epoll/4.1.30.Final/netty-transport-native-epoll-4.1.30.Final.jar:/home/user/.m2/repository/io/netty/netty-common/4.1.30.Final/netty-common-4.1.30.Final.jar:/home/user/.m2/repository/io/netty/netty-buffer/4.1.30.Final/netty-buffer-4.1.30.Final.jar:/home/user/.m2/repository/io/netty/netty-transport/4.1.30.Final/netty-transport-4.1.30.Final.jar:/home/user/.m2/repository/io/netty/netty-resolver/4.1.30.Final/netty-resolver-4.1.30.Final.jar:/home/user/.m2/repository/io/netty/netty-transport-native-unix-common/4.1.30.Final/netty-transport-native-unix-common-4.1.30.Final.jar:/home/user/.m2/repository/io/grpc/grpc-protobuf/1.17.1/grpc-protobuf-1.17.1.jar:/home/user/.m2/repository/com/google/api/grpc/proto-google-common-protos/1.0.0/proto-google-common-protos-1.0.0.jar:/home/user/.m2/repository/io/grpc/grpc-protobuf-lite/1.17.1/grpc-protobuf-lite-1.17.1.jar:/home/user/.m2/repository/io/grpc/grpc-stub/1.17.1/grpc-stub-1.17.1.jar:/home/user/.m2/repository/org/apache/hadoop/hadoop-ozone-recon/0.5.0-SNAPSHOT/hadoop-ozone-recon-0.5.0-SNAPSHOT.jar:/home/user/.m2/repository/org/apache/hadoop/hadoop-ozone-reconcodegen/0.5.0-SNAPSHOT/hadoop-ozone-reconcodegen-0.5.0-SNAPSHOT.jar:/home/user/.m2/repository/com/google/inject/extensions/guice-multibindings/4.0/guice-multibindings-4.0.jar:/home/user/.m2/repository/com/google/inject/guice/4.0/guice-4.0.jar:/home/user/.m2/repository/aopalliance/aopalliance/1.0/aopalliance-1.0.jar:/home/user/.m2/repository/org/glassfish/jersey/containers/jersey-container-servlet/2.27/jersey-container-servlet-2.27.jar:/home/user/.m2/repository/org/glassfish/hk2/guice-bridge/2.5.0/guice-bridge-2.5.0.jar:/home/user/.m2/repository/org/glassfish/jersey/core/jersey-server/2.27/jersey-server-2.27.jar:/home/user/.m2/repository/org/glassfish/jersey/core/jersey-client/2.27/jersey-client-2.27.jar:/home/user/.m2/repository/org/glassfish/jersey/media/jersey-media-jaxb/2.27/jersey-media-jaxb-2.27.jar:/home/user/.m2/repository/javax/validation/validation-api/1.1.0.Final/validation-api-1.1.0.Final.jar:/home/user/.m2/repository/org/glassfish/jersey/media/jersey-media-json-jackson/2.27/jersey-media-json-jackson-2.27.jar:/home/user/.m2/repository/org/glassfish/jersey/ext/jersey-entity-filtering/2.27/jersey-entity-filtering-2.27.jar:/home/user/.m2/repository/com/google/inject/extensions/guice-assistedinject/4.0/guice-assistedinject-4.0.jar:/home/user/.m2/repository/org/jooq/jooq/3.11.10/jooq-3.11.10.jar:/home/user/.m2/repository/org/jooq/jooq-meta/3.11.10/jooq-meta-3.11.10.jar:/home/user/.m2/repository/org/jooq/jooq-codegen/3.11.10/jooq-codegen-3.11.10.jar:/home/user/.m2/repository/com/jolbox/bonecp/0.8.0.RELEASE/bonecp-0.8.0.RELEASE.jar:/home/user/.m2/repository/org/springframework/spring-jdbc/5.1.3.RELEASE/spring-jdbc-5.1.3.RELEASE.jar:/home/user/.m2/repository/org/springframework/spring-beans/5.1.3.RELEASE/spring-beans-5.1.3.RELEASE.jar:/home/user/.m2/repository/org/springframework/spring-core/5.1.3.RELEASE/spring-core-5.1.3.RELEASE.jar:/home/user/.m2/repository/org/springframework/spring-jcl/5.1.3.RELEASE/spring-jcl-5.1.3.RELEASE.jar:/home/user/.m2/repository/org/springframework/spring-tx/5.1.3.RELEASE/spring-tx-5.1.3.RELEASE.jar:/home/user/.m2/repository/org/mockito/mockito-all/1.10.19/mockito-all-1.10.19.jar:/home/user/.m2/repository/junit/junit/4.11/junit-4.11.jar:/home/user/.m2/repository/org/hamcrest/hamcrest-core/1.3/hamcrest-core-1.3.jar:/home/user/.m2/repository/org/apache/hadoop/hadoop-distcp/3.2.0/hadoop-distcp-3.2.0.jar:/home/user/.m2/repository/org/apache/hadoop/hadoop-distcp/3.2.0/hadoop-distcp-3.2.0-tests.jar:/home/user/.m2/repository/org/apache/hadoop/hadoop-mapreduce-client-jobclient/3.2.0/hadoop-mapreduce-client-jobclient-3.2.0.jar:/home/user/.m2/repository/org/apache/hadoop/hadoop-mapreduce-client-common/3.2.0/hadoop-mapreduce-client-common-3.2.0.jar:/home/user/.m2/repository/org/apache/hadoop/hadoop-yarn-common/3.2.0/hadoop-yarn-common-3.2.0.jar:/home/user/.m2/repository/org/apache/hadoop/hadoop-yarn-api/3.2.0/hadoop-yarn-api-3.2.0.jar:/home/user/.m2/repository/com/sun/jersey/jersey-client/1.19/jersey-client-1.19.jar:/home/user/.m2/repository/com/sun/jersey/contribs/jersey-guice/1.19/jersey-guice-1.19.jar:/home/user/.m2/repository/com/fasterxml/jackson/jaxrs/jackson-jaxrs-json-provider/2.9.9/jackson-jaxrs-json-provider-2.9.9.jar:/home/user/.m2/repository/com/fasterxml/jackson/jaxrs/jackson-jaxrs-base/2.9.9/jackson-jaxrs-base-2.9.9.jar:/home/user/.m2/repository/org/apache/hadoop/hadoop-yarn-client/3.2.0/hadoop-yarn-client-3.2.0.jar:/home/user/.m2/repository/org/apache/hadoop/hadoop-mapreduce-client-core/3.2.0/hadoop-mapreduce-client-core-3.2.0.jar:/home/user/.m2/repository/com/google/inject/extensions/guice-servlet/4.0/guice-servlet-4.0.jar:/home/user/.m2/repository/org/powermock/powermock-module-junit4/1.6.5/powermock-module-junit4-1.6.5.jar:/home/user/.m2/repository/org/powermock/powermock-module-junit4-common/1.6.5/powermock-module-junit4-common-1.6.5.jar:/home/user/.m2/repository/org/powermock/powermock-core/1.6.5/powermock-core-1.6.5.jar:/home/user/.m2/repository/org/powermock/powermock-reflect/1.6.5/powermock-reflect-1.6.5.jar:/home/user/.m2/repository/org/powermock/powermock-api-mockito/1.6.5/powermock-api-mockito-1.6.5.jar:/home/user/.m2/repository/org/mockito/mockito-core/1.10.19/mockito-core-1.10.19.jar:/home/user/.m2/repository/org/objenesis/objenesis/1.0/objenesis-1.0.jar:/home/user/.m2/repository/org/powermock/powermock-api-mockito-common/1.6.5/powermock-api-mockito-common-1.6.5.jar:/home/user/.m2/repository/org/powermock/powermock-api-support/1.6.5/powermock-api-support-1.6.5.jar:"/>
    <property name="sun.cpu.endian" value="little"/>
    <property name="user.home" value="/home/user"/>
    <property name="user.language" value="en"/>
    <property name="java.specification.vendor" value="Oracle Corporation"/>
    <property name="java.home" value="/usr/lib/jvm/java-1.8-openjdk/jre"/>
    <property name="java.security.krb5.conf" value="/workdir/hadoop-ozone/ozonefs/target/test-classes/krb5.conf"/>
    <property name="basedir" value="/workdir/hadoop-ozone/ozonefs"/>
    <property name="file.separator" value="/"/>
    <property name="line.separator" value="&#10;"/>
    <property name="java.vm.specification.vendor" value="Oracle Corporation"/>
    <property name="java.specification.name" value="Java Platform API Specification"/>
    <property name="java.awt.graphicsenv" value="sun.awt.X11GraphicsEnvironment"/>
    <property name="surefire.real.class.path" value="/workdir/hadoop-ozone/ozonefs/target/surefire/surefirebooter8573330989536603772.jar"/>
    <property name="hadoop.log.dir" value="/workdir/hadoop-ozone/ozonefs/target/log"/>
    <property name="sun.boot.class.path" value="/usr/lib/jvm/java-1.8-openjdk/jre/lib/resources.jar:/usr/lib/jvm/java-1.8-openjdk/jre/lib/rt.jar:/usr/lib/jvm/java-1.8-openjdk/jre/lib/sunrsasign.jar:/usr/lib/jvm/java-1.8-openjdk/jre/lib/jsse.jar:/usr/lib/jvm/java-1.8-openjdk/jre/lib/jce.jar:/usr/lib/jvm/java-1.8-openjdk/jre/lib/charsets.jar:/usr/lib/jvm/java-1.8-openjdk/jre/lib/jfr.jar:/usr/lib/jvm/java-1.8-openjdk/jre/classes"/>
    <property name="sun.management.compiler" value="HotSpot 64-Bit Tiered Compilers"/>
    <property name="java.runtime.version" value="1.8.0_212-b04"/>
    <property name="java.net.preferIPv4Stack" value="true"/>
    <property name="user.name" value="jenkins1000"/>
    <property name="path.separator" value=":"/>
    <property name="java.security.egd" value="file:///dev/urandom"/>
    <property name="os.version" value="3.10.0-957.12.2.el7.x86_64"/>
    <property name="java.endorsed.dirs" value="/usr/lib/jvm/java-1.8-openjdk/jre/lib/endorsed"/>
    <property name="java.runtime.name" value="OpenJDK Runtime Environment"/>
    <property name="file.encoding" value="UTF-8"/>
    <property name="java.vm.name" value="OpenJDK 64-Bit Server VM"/>
    <property name="test.build.webapps" value=""/>
    <property name="localRepository" value="/home/user/.m2/repository"/>
    <property name="java.vendor.url.bug" value="https://icedtea.classpath.org/bugzilla"/>
    <property name="java.io.tmpdir" value="/tmp"/>
    <property name="require.test.libhadoop" value=""/>
    <property name="java.version" value="1.8.0_212"/>
    <property name="user.dir" value="/workdir/hadoop-ozone/ozonefs"/>
    <property name="os.arch" value="amd64"/>
    <property name="java.vm.specification.name" value="Java Virtual Machine Specification"/>
    <property name="test.build.classes" value="/workdir/hadoop-ozone/ozonefs/target/test-classes"/>
    <property name="java.awt.printerjob" value="sun.print.PSPrinterJob"/>
    <property name="sun.os.patch.level" value="unknown"/>
    <property name="hadoop.tmp.dir" value="/workdir/hadoop-ozone/ozonefs/target/tmp"/>
    <property name="java.library.path" value="/usr/lib/jvm/java-1.8-openjdk/jre/lib/amd64/server:/usr/lib/jvm/java-1.8-openjdk/jre/lib/amd64:/usr/lib/jvm/java-1.8-openjdk/jre/../lib/amd64:/workdir/hadoop-ozone/ozonefs/target/native/target/usr/local/lib:/workdir/hadoop-ozone/ozonefs/../../hadoop-common-project/hadoop-common/target/native/target/usr/local/lib:/usr/java/packages/lib/amd64:/usr/lib64:/lib64:/lib:/usr/lib"/>
    <property name="java.vm.info" value="mixed mode"/>
    <property name="java.vendor" value="IcedTea"/>
    <property name="java.vm.version" value="25.212-b04"/>
    <property name="java.ext.dirs" value="/usr/lib/jvm/java-1.8-openjdk/jre/lib/ext:/usr/java/packages/lib/ext"/>
    <property name="sun.io.unicode.encoding" value="UnicodeLittle"/>
    <property name="java.class.version" value="52.0"/>
  </properties>
  <testcase name="testOverwriteNonEmptyDirectory" classname="org.apache.hadoop.fs.ozone.contract.ITestOzoneContractCreate" time="14.166">
    <error message="Allocated 0 blocks. Requested 1 blocks" type="INTERNAL_ERROR org.apache.hadoop.ozone.om.exceptions.OMException">INTERNAL_ERROR org.apache.hadoop.ozone.om.exceptions.OMException: Allocated 0 blocks. Requested 1 blocks
	at org.apache.hadoop.ozone.om.protocolPB.OzoneManagerProtocolClientSideTranslatorPB.handleError(OzoneManagerProtocolClientSideTranslatorPB.java:732)
	at org.apache.hadoop.ozone.om.protocolPB.OzoneManagerProtocolClientSideTranslatorPB.createFile(OzoneManagerProtocolClientSideTranslatorPB.java:1536)
	at sun.reflect.NativeMethodAccessorImpl.invoke0(Native Method)
	at sun.reflect.NativeMethodAccessorImpl.invoke(NativeMethodAccessorImpl.java:62)
	at sun.reflect.DelegatingMethodAccessorImpl.invoke(DelegatingMethodAccessorImpl.java:43)
	at java.lang.reflect.Method.invoke(Method.java:498)
	at org.apache.hadoop.hdds.tracing.TraceAllMethod.invoke(TraceAllMethod.java:66)
	at com.sun.proxy.$Proxy41.createFile(Unknown Source)
	at org.apache.hadoop.ozone.client.rpc.RpcClient.createFile(RpcClient.java:1006)
	at org.apache.hadoop.ozone.client.OzoneBucket.createFile(OzoneBucket.java:537)
	at org.apache.hadoop.fs.ozone.BasicOzoneClientAdapterImpl.createFile(BasicOzoneClientAdapterImpl.java:205)
	at org.apache.hadoop.fs.ozone.BasicOzoneFileSystem.createOutputStream(BasicOzoneFileSystem.java:250)
	at org.apache.hadoop.fs.ozone.BasicOzoneFileSystem.create(BasicOzoneFileSystem.java:231)
	at org.apache.hadoop.fs.FileSystem.create(FileSystem.java:1118)
	at org.apache.hadoop.fs.FileSystem.create(FileSystem.java:1098)
	at org.apache.hadoop.fs.FileSystem.create(FileSystem.java:987)
	at org.apache.hadoop.fs.contract.ContractTestUtils.createFile(ContractTestUtils.java:633)
	at org.apache.hadoop.fs.contract.ContractTestUtils.writeTextFile(ContractTestUtils.java:617)
	at org.apache.hadoop.fs.contract.AbstractContractCreateTest.testOverwriteNonEmptyDirectory(AbstractContractCreateTest.java:175)
	at org.apache.hadoop.fs.contract.AbstractContractCreateTest.testOverwriteNonEmptyDirectory(AbstractContractCreateTest.java:207)
	at sun.reflect.NativeMethodAccessorImpl.invoke0(Native Method)
	at sun.reflect.NativeMethodAccessorImpl.invoke(NativeMethodAccessorImpl.java:62)
	at sun.reflect.DelegatingMethodAccessorImpl.invoke(DelegatingMethodAccessorImpl.java:43)
	at java.lang.reflect.Method.invoke(Method.java:498)
	at org.junit.runners.model.FrameworkMethod$1.runReflectiveCall(FrameworkMethod.java:47)
	at org.junit.internal.runners.model.ReflectiveCallable.run(ReflectiveCallable.java:12)
	at org.junit.runners.model.FrameworkMethod.invokeExplosively(FrameworkMethod.java:44)
	at org.junit.internal.runners.statements.InvokeMethod.evaluate(InvokeMethod.java:17)
	at org.junit.internal.runners.statements.RunBefores.evaluate(RunBefores.java:26)
	at org.junit.internal.runners.statements.RunAfters.evaluate(RunAfters.java:27)
	at org.junit.rules.TestWatcher$1.evaluate(TestWatcher.java:55)
	at org.junit.internal.runners.statements.FailOnTimeout$StatementThread.run(FailOnTimeout.java:74)
</error>
    <system-out><![CDATA[2019-09-24 21:18:31,665 [JUnit] WARN  server.ServerUtils (ServerUtils.java:getScmDbDir(145)) - ozone.scm.db.dirs is not configured. We recommend adding this setting. Falling back to ozone.metadata.dirs instead.
2019-09-24 21:18:32,415 [JUnit] WARN  server.ServerUtils (ServerUtils.java:getScmDbDir(145)) - ozone.scm.db.dirs is not configured. We recommend adding this setting. Falling back to ozone.metadata.dirs instead.
2019-09-24 21:18:32,419 [JUnit] WARN  server.ServerUtils (ServerUtils.java:getScmDbDir(145)) - ozone.scm.db.dirs is not configured. We recommend adding this setting. Falling back to ozone.metadata.dirs instead.
2019-09-24 21:18:32,440 [JUnit] INFO  util.log (Log.java:initialized(192)) - Logging initialized @1605ms
2019-09-24 21:18:32,572 [JUnit] INFO  db.DBStoreBuilder (DBStoreBuilder.java:addTable(110)) - using custom profile for table: deletedBlocks
2019-09-24 21:18:32,573 [JUnit] INFO  db.DBStoreBuilder (DBStoreBuilder.java:processTables(161)) - Using default column profile:DBProfile.DISK for Table:deletedBlocks
2019-09-24 21:18:32,573 [JUnit] INFO  db.DBStoreBuilder (DBStoreBuilder.java:addTable(110)) - using custom profile for table: validCerts
2019-09-24 21:18:32,574 [JUnit] INFO  db.DBStoreBuilder (DBStoreBuilder.java:processTables(161)) - Using default column profile:DBProfile.DISK for Table:validCerts
2019-09-24 21:18:32,574 [JUnit] INFO  db.DBStoreBuilder (DBStoreBuilder.java:addTable(110)) - using custom profile for table: revokedCerts
2019-09-24 21:18:32,574 [JUnit] INFO  db.DBStoreBuilder (DBStoreBuilder.java:processTables(161)) - Using default column profile:DBProfile.DISK for Table:revokedCerts
2019-09-24 21:18:32,588 [JUnit] INFO  db.DBStoreBuilder (DBStoreBuilder.java:addTable(110)) - using custom profile for table: default
2019-09-24 21:18:32,588 [JUnit] INFO  db.DBStoreBuilder (DBStoreBuilder.java:processTables(167)) - Using default column profile:DBProfile.DISK for Table:default
2019-09-24 21:18:32,590 [JUnit] INFO  db.DBStoreBuilder (DBStoreBuilder.java:getDbProfile(198)) - Using default options. DBProfile.DISK
2019-09-24 21:18:43,457 [JUnit] INFO  net.NodeSchemaLoader (NodeSchemaLoader.java:loadSchemaFromFile(125)) - Loading file from sun.misc.CompoundEnumeration@38425407
2019-09-24 21:18:43,461 [JUnit] INFO  net.NodeSchemaLoader (NodeSchemaLoader.java:loadSchema(171)) - Loading network topology layer schema file
2019-09-24 21:18:43,554 [JUnit] WARN  server.ServerUtils (ServerUtils.java:sanitizeUserArgs(70)) - ozone.scm.stale.node.interval value = 300000 is larger than max = 100000 based on the key value of ozone.scm.heartbeat.thread.interval, reset to the max value 100000.
2019-09-24 21:18:43,556 [JUnit] WARN  server.ServerUtils (ServerUtils.java:sanitizeUserArgs(70)) - ozone.scm.stale.node.interval value = 300000 is larger than max = 100000 based on the key value of ozone.scm.heartbeat.thread.interval, reset to the max value 100000.
2019-09-24 21:18:43,559 [JUnit] INFO  node.SCMNodeManager (SCMNodeManager.java:<init>(114)) - Entering startup safe mode.
2019-09-24 21:18:43,699 [JUnit] INFO  algorithms.ContainerPlacementPolicyFactory (ContainerPlacementPolicyFactory.java:getPolicy(57)) - Create container placement policy of type org.apache.hadoop.hdds.scm.container.placement.algorithms.SCMContainerPlacementRandom
2019-09-24 21:18:43,716 [JUnit] WARN  server.ServerUtils (ServerUtils.java:getScmDbDir(145)) - ozone.scm.db.dirs is not configured. We recommend adding this setting. Falling back to ozone.metadata.dirs instead.
2019-09-24 21:18:59,077 [JUnit] INFO  pipeline.SCMPipelineManager (SCMPipelineManager.java:initializePipelineState(132)) - No pipeline exists in current db
2019-09-24 21:18:59,081 [JUnit] WARN  server.ServerUtils (ServerUtils.java:getScmDbDir(145)) - ozone.scm.db.dirs is not configured. We recommend adding this setting. Falling back to ozone.metadata.dirs instead.
2019-09-24 21:19:04,925 [JUnit] WARN  events.EventQueue (EventQueue.java:fireEvent(183)) - No event handler registered for event TypedEvent{payloadType=SafeModeStatus, name='SafeModeStatus'}
2019-09-24 21:19:05,389 [JUnit] INFO  ipc.CallQueueManager (CallQueueManager.java:<init>(84)) - Using callQueue: class java.util.concurrent.LinkedBlockingQueue, queueCapacity: 2000, scheduler: class org.apache.hadoop.ipc.DefaultRpcScheduler, ipcBackoff: false.
2019-09-24 21:19:05,592 [Socket Reader #1 for port 41404] INFO  ipc.Server (Server.java:run(1074)) - Starting Socket Reader #1 for port 41404
2019-09-24 21:19:05,630 [JUnit] INFO  ipc.CallQueueManager (CallQueueManager.java:<init>(84)) - Using callQueue: class java.util.concurrent.LinkedBlockingQueue, queueCapacity: 2000, scheduler: class org.apache.hadoop.ipc.DefaultRpcScheduler, ipcBackoff: false.
2019-09-24 21:19:05,631 [Socket Reader #1 for port 38451] INFO  ipc.Server (Server.java:run(1074)) - Starting Socket Reader #1 for port 38451
2019-09-24 21:19:05,642 [JUnit] INFO  ipc.CallQueueManager (CallQueueManager.java:<init>(84)) - Using callQueue: class java.util.concurrent.LinkedBlockingQueue, queueCapacity: 2000, scheduler: class org.apache.hadoop.ipc.DefaultRpcScheduler, ipcBackoff: false.
2019-09-24 21:19:05,643 [Socket Reader #1 for port 34362] INFO  ipc.Server (Server.java:run(1074)) - Starting Socket Reader #1 for port 34362
2019-09-24 21:19:05,667 [JUnit] INFO  hdfs.DFSUtil (DFSUtil.java:httpServerTemplateForNNAndJN(1641)) - Starting Web-server for scm at: http://0.0.0.0:0
2019-09-24 21:19:05,798 [JUnit] INFO  server.AuthenticationFilter (AuthenticationFilter.java:constructSecretProvider(240)) - Unable to initialize FileSignerSecretProvider, falling back to use random secrets.
2019-09-24 21:19:05,813 [JUnit] WARN  http.HttpRequestLog (HttpRequestLog.java:getRequestLog(97)) - Jetty request log can only be enabled using Log4j
2019-09-24 21:19:05,822 [JUnit] INFO  http.HttpServer2 (HttpServer2.java:addGlobalFilter(975)) - Added global filter 'safety' (class=org.apache.hadoop.http.HttpServer2$QuotingInputFilter)
2019-09-24 21:19:05,825 [JUnit] INFO  http.HttpServer2 (HttpServer2.java:addFilter(948)) - Added filter static_user_filter (class=org.apache.hadoop.http.lib.StaticUserWebFilter$StaticUserFilter) to context scm
2019-09-24 21:19:05,825 [JUnit] INFO  http.HttpServer2 (HttpServer2.java:addFilter(958)) - Added filter static_user_filter (class=org.apache.hadoop.http.lib.StaticUserWebFilter$StaticUserFilter) to context logs
2019-09-24 21:19:05,825 [JUnit] INFO  http.HttpServer2 (HttpServer2.java:addFilter(958)) - Added filter static_user_filter (class=org.apache.hadoop.http.lib.StaticUserWebFilter$StaticUserFilter) to context static
2019-09-24 21:19:05,852 [JUnit] INFO  server.StorageContainerManager (StorageContainerManager.java:start(770)) - StorageContainerLocationProtocol RPC server is listening at /0.0.0.0:34362
2019-09-24 21:19:05,901 [JUnit] WARN  impl.MetricsConfig (MetricsConfig.java:loadFirst(134)) - Cannot locate configuration: tried hadoop-metrics2-storagecontainermanager.properties,hadoop-metrics2.properties
2019-09-24 21:19:05,913 [JUnit] INFO  impl.MetricsSystemImpl (MetricsSystemImpl.java:startTimer(374)) - Scheduled Metric snapshot period at 10 second(s).
2019-09-24 21:19:05,913 [JUnit] INFO  impl.MetricsSystemImpl (MetricsSystemImpl.java:start(191)) - StorageContainerManager metrics system started
2019-09-24 21:19:06,140 [JUnit] INFO  server.SCMClientProtocolServer (SCMClientProtocolServer.java:start(151)) - RPC server for Client  is listening at /0.0.0.0:34362
2019-09-24 21:19:06,140 [IPC Server Responder] INFO  ipc.Server (Server.java:run(1314)) - IPC Server Responder: starting
2019-09-24 21:19:06,141 [IPC Server listener on 34362] INFO  ipc.Server (Server.java:run(1153)) - IPC Server listener on 34362: starting
2019-09-24 21:19:06,144 [JUnit] INFO  server.StorageContainerManager (StorageContainerManager.java:start(780)) - ScmBlockLocationProtocol RPC server is listening at /0.0.0.0:38451
2019-09-24 21:19:06,146 [JUnit] INFO  server.SCMBlockProtocolServer (SCMBlockProtocolServer.java:start(146)) - RPC server for Block Protocol is listening at /0.0.0.0:38451
2019-09-24 21:19:06,146 [IPC Server Responder] INFO  ipc.Server (Server.java:run(1314)) - IPC Server Responder: starting
2019-09-24 21:19:06,146 [IPC Server listener on 38451] INFO  ipc.Server (Server.java:run(1153)) - IPC Server listener on 38451: starting
2019-09-24 21:19:06,149 [JUnit] INFO  server.StorageContainerManager (StorageContainerManager.java:start(784)) - ScmDatanodeProtocl RPC server is listening at /0.0.0.0:41404
2019-09-24 21:19:06,149 [JUnit] INFO  server.SCMDatanodeProtocolServer (SCMDatanodeProtocolServer.java:start(191)) - RPC server for DataNodes is listening at /0.0.0.0:41404
2019-09-24 21:19:06,150 [IPC Server Responder] INFO  ipc.Server (Server.java:run(1314)) - IPC Server Responder: starting
2019-09-24 21:19:06,150 [IPC Server listener on 41404] INFO  ipc.Server (Server.java:run(1153)) - IPC Server listener on 41404: starting
2019-09-24 21:19:06,154 [JUnit] INFO  http.HttpServer2 (HttpServer2.java:bindListener(1191)) - Jetty bound to port 40526
2019-09-24 21:19:06,156 [JUnit] INFO  server.Server (Server.java:doStart(351)) - jetty-9.3.25.v20180904, build timestamp: 2018-09-04T21:11:46Z, git hash: 3ce520221d0240229c862b122d2b06c12a625732
2019-09-24 21:19:06,188 [JUnit] INFO  handler.ContextHandler (ContextHandler.java:doStart(781)) - Started o.e.j.s.ServletContextHandler@2374d36a{/logs,file:///workdir/hadoop-ozone/ozonefs/target/log,AVAILABLE}
2019-09-24 21:19:06,189 [JUnit] INFO  handler.ContextHandler (ContextHandler.java:doStart(781)) - Started o.e.j.s.ServletContextHandler@424fd310{/static,jar:file:/home/user/.m2/repository/org/apache/hadoop/hadoop-hdds-server-scm/0.5.0-SNAPSHOT/hadoop-hdds-server-scm-0.5.0-SNAPSHOT.jar!/webapps/static,AVAILABLE}
2019-09-24 21:19:06,260 [JUnit] INFO  handler.ContextHandler (ContextHandler.java:doStart(781)) - Started o.e.j.w.WebAppContext@35038141{/,file:///tmp/jetty-0.0.0.0-40526-scm-_-any-1810659683941139912.dir/webapp/,AVAILABLE}{/scm}
2019-09-24 21:19:06,265 [JUnit] INFO  server.AbstractConnector (AbstractConnector.java:doStart(278)) - Started ServerConnector@5bd73d1a{HTTP/1.1,[http/1.1]}{0.0.0.0:40526}
2019-09-24 21:19:06,266 [JUnit] INFO  server.Server (Server.java:doStart(419)) - Started @35430ms
2019-09-24 21:19:06,268 [JUnit] INFO  impl.MetricsSinkAdapter (MetricsSinkAdapter.java:start(204)) - Sink prometheus started
2019-09-24 21:19:06,268 [JUnit] INFO  impl.MetricsSystemImpl (MetricsSystemImpl.java:registerSink(301)) - Registered sink prometheus
2019-09-24 21:19:06,269 [JUnit] INFO  server.BaseHttpServer (BaseHttpServer.java:updateConnectorAddress(215)) - HTTP server of SCM is listening at http://0.0.0.0:40526
2019-09-24 21:19:06,277 [org.apache.hadoop.util.JvmPauseMonitor$Monitor@5af9926a] INFO  util.JvmPauseMonitor (JvmPauseMonitor.java:run(188)) - Starting JVM pause monitor
2019-09-24 21:19:06,281 [JUnit] WARN  server.ServerUtils (ServerUtils.java:getDBPath(222)) - ozone.om.db.dirs is not configured. We recommend adding this setting. Falling back to ozone.metadata.dirs instead.
2019-09-24 21:19:06,433 [JUnit] WARN  server.ServerUtils (ServerUtils.java:getDBPath(222)) - ozone.om.db.dirs is not configured. We recommend adding this setting. Falling back to ozone.metadata.dirs instead.
2019-09-24 21:19:06,434 [JUnit] WARN  server.ServerUtils (ServerUtils.java:getDBPath(222)) - ozone.om.db.dirs is not configured. We recommend adding this setting. Falling back to ozone.metadata.dirs instead.
2019-09-24 21:19:06,435 [JUnit] INFO  om.OzoneManager (OzoneManager.java:setOMNodeDetails(652)) - OM Service ID is not set. Setting it to the default ID: omServiceIdDefault
2019-09-24 21:19:06,435 [JUnit] INFO  om.OzoneManager (OzoneManager.java:setOMNodeDetails(658)) - OM Node ID is not set. Setting it to the OmStorage's OmID: cbff7a7c-11f1-4c42-b939-2b3aea9075b6
2019-09-24 21:19:06,436 [JUnit] INFO  om.OzoneManager (OzoneManager.java:loadOMHAConfigs(609)) - Found matching OM address with OMServiceId: null, OMNodeId: null, RPC Address: localhost:0 and Ratis port: 9872
2019-09-24 21:19:07,201 [JUnit] WARN  server.ServerUtils (ServerUtils.java:getDBPath(222)) - ozone.om.db.dirs is not configured. We recommend adding this setting. Falling back to ozone.metadata.dirs instead.
2019-09-24 21:19:07,212 [JUnit] INFO  db.DBStoreBuilder (DBStoreBuilder.java:addTable(110)) - using custom profile for table: userTable
2019-09-24 21:19:07,212 [JUnit] INFO  db.DBStoreBuilder (DBStoreBuilder.java:processTables(161)) - Using default column profile:DBProfile.DISK for Table:userTable
2019-09-24 21:19:07,212 [JUnit] INFO  db.DBStoreBuilder (DBStoreBuilder.java:addTable(110)) - using custom profile for table: volumeTable
2019-09-24 21:19:07,212 [JUnit] INFO  db.DBStoreBuilder (DBStoreBuilder.java:processTables(161)) - Using default column profile:DBProfile.DISK for Table:volumeTable
2019-09-24 21:19:07,213 [JUnit] INFO  db.DBStoreBuilder (DBStoreBuilder.java:addTable(110)) - using custom profile for table: bucketTable
2019-09-24 21:19:07,213 [JUnit] INFO  db.DBStoreBuilder (DBStoreBuilder.java:processTables(161)) - Using default column profile:DBProfile.DISK for Table:bucketTable
2019-09-24 21:19:07,213 [JUnit] INFO  db.DBStoreBuilder (DBStoreBuilder.java:addTable(110)) - using custom profile for table: keyTable
2019-09-24 21:19:07,213 [JUnit] INFO  db.DBStoreBuilder (DBStoreBuilder.java:processTables(161)) - Using default column profile:DBProfile.DISK for Table:keyTable
2019-09-24 21:19:07,214 [JUnit] INFO  db.DBStoreBuilder (DBStoreBuilder.java:addTable(110)) - using custom profile for table: deletedTable
2019-09-24 21:19:07,214 [JUnit] INFO  db.DBStoreBuilder (DBStoreBuilder.java:processTables(161)) - Using default column profile:DBProfile.DISK for Table:deletedTable
2019-09-24 21:19:07,214 [JUnit] INFO  db.DBStoreBuilder (DBStoreBuilder.java:addTable(110)) - using custom profile for table: openKeyTable
2019-09-24 21:19:07,214 [JUnit] INFO  db.DBStoreBuilder (DBStoreBuilder.java:processTables(161)) - Using default column profile:DBProfile.DISK for Table:openKeyTable
2019-09-24 21:19:07,215 [JUnit] INFO  db.DBStoreBuilder (DBStoreBuilder.java:addTable(110)) - using custom profile for table: s3Table
2019-09-24 21:19:07,215 [JUnit] INFO  db.DBStoreBuilder (DBStoreBuilder.java:processTables(161)) - Using default column profile:DBProfile.DISK for Table:s3Table
2019-09-24 21:19:07,215 [JUnit] INFO  db.DBStoreBuilder (DBStoreBuilder.java:addTable(110)) - using custom profile for table: multipartInfoTable
2019-09-24 21:19:07,215 [JUnit] INFO  db.DBStoreBuilder (DBStoreBuilder.java:processTables(161)) - Using default column profile:DBProfile.DISK for Table:multipartInfoTable
2019-09-24 21:19:07,216 [JUnit] INFO  db.DBStoreBuilder (DBStoreBuilder.java:addTable(110)) - using custom profile for table: dTokenTable
2019-09-24 21:19:07,216 [JUnit] INFO  db.DBStoreBuilder (DBStoreBuilder.java:processTables(161)) - Using default column profile:DBProfile.DISK for Table:dTokenTable
2019-09-24 21:19:07,216 [JUnit] INFO  db.DBStoreBuilder (DBStoreBuilder.java:addTable(110)) - using custom profile for table: s3SecretTable
2019-09-24 21:19:07,216 [JUnit] INFO  db.DBStoreBuilder (DBStoreBuilder.java:processTables(161)) - Using default column profile:DBProfile.DISK for Table:s3SecretTable
2019-09-24 21:19:07,217 [JUnit] INFO  db.DBStoreBuilder (DBStoreBuilder.java:addTable(110)) - using custom profile for table: prefixTable
2019-09-24 21:19:07,217 [JUnit] INFO  db.DBStoreBuilder (DBStoreBuilder.java:processTables(161)) - Using default column profile:DBProfile.DISK for Table:prefixTable
2019-09-24 21:19:07,217 [JUnit] INFO  db.DBStoreBuilder (DBStoreBuilder.java:addTable(110)) - using custom profile for table: default
2019-09-24 21:19:07,217 [JUnit] INFO  db.DBStoreBuilder (DBStoreBuilder.java:processTables(167)) - Using default column profile:DBProfile.DISK for Table:default
2019-09-24 21:19:07,217 [JUnit] INFO  db.DBStoreBuilder (DBStoreBuilder.java:getDbProfile(198)) - Using default options. DBProfile.DISK
2019-09-24 21:19:16,199 [JUnit] INFO  ipc.CallQueueManager (CallQueueManager.java:<init>(84)) - Using callQueue: class java.util.concurrent.LinkedBlockingQueue, queueCapacity: 2000, scheduler: class org.apache.hadoop.ipc.DefaultRpcScheduler, ipcBackoff: false.
2019-09-24 21:19:16,201 [Socket Reader #1 for port 42447] INFO  ipc.Server (Server.java:run(1074)) - Starting Socket Reader #1 for port 42447
2019-09-24 21:19:16,233 [JUnit] INFO  om.OzoneManager (OzoneManager.java:start(1243)) - OzoneManager RPC server is listening at localhost/127.0.0.1:42447
2019-09-24 21:19:16,233 [JUnit] INFO  impl.MetricsSystemImpl (MetricsSystemImpl.java:init(158)) - OzoneManager metrics system started (again)
2019-09-24 21:19:16,234 [IPC Server Responder] INFO  ipc.Server (Server.java:run(1314)) - IPC Server Responder: starting
2019-09-24 21:19:16,234 [IPC Server listener on 42447] INFO  ipc.Server (Server.java:run(1153)) - IPC Server listener on 42447: starting
2019-09-24 21:19:16,242 [JUnit] INFO  hdfs.DFSUtil (DFSUtil.java:httpServerTemplateForNNAndJN(1641)) - Starting Web-server for ozoneManager at: http://0.0.0.0:0
2019-09-24 21:19:16,245 [JUnit] INFO  server.AuthenticationFilter (AuthenticationFilter.java:constructSecretProvider(240)) - Unable to initialize FileSignerSecretProvider, falling back to use random secrets.
2019-09-24 21:19:16,247 [JUnit] WARN  http.HttpRequestLog (HttpRequestLog.java:getRequestLog(97)) - Jetty request log can only be enabled using Log4j
2019-09-24 21:19:16,433 [JUnit] INFO  http.HttpServer2 (HttpServer2.java:addGlobalFilter(975)) - Added global filter 'safety' (class=org.apache.hadoop.http.HttpServer2$QuotingInputFilter)
2019-09-24 21:19:16,436 [JUnit] INFO  http.HttpServer2 (HttpServer2.java:addFilter(948)) - Added filter static_user_filter (class=org.apache.hadoop.http.lib.StaticUserWebFilter$StaticUserFilter) to context ozoneManager
2019-09-24 21:19:16,437 [JUnit] INFO  http.HttpServer2 (HttpServer2.java:addFilter(958)) - Added filter static_user_filter (class=org.apache.hadoop.http.lib.StaticUserWebFilter$StaticUserFilter) to context logs
2019-09-24 21:19:16,437 [JUnit] INFO  http.HttpServer2 (HttpServer2.java:addFilter(958)) - Added filter static_user_filter (class=org.apache.hadoop.http.lib.StaticUserWebFilter$StaticUserFilter) to context static
2019-09-24 21:19:16,443 [JUnit] INFO  http.HttpServer2 (HttpServer2.java:bindListener(1191)) - Jetty bound to port 37521
2019-09-24 21:19:16,443 [JUnit] INFO  server.Server (Server.java:doStart(351)) - jetty-9.3.25.v20180904, build timestamp: 2018-09-04T21:11:46Z, git hash: 3ce520221d0240229c862b122d2b06c12a625732
2019-09-24 21:19:16,452 [JUnit] INFO  handler.ContextHandler (ContextHandler.java:doStart(781)) - Started o.e.j.s.ServletContextHandler@3c017078{/logs,file:///workdir/hadoop-ozone/ozonefs/target/log,AVAILABLE}
2019-09-24 21:19:16,453 [JUnit] INFO  handler.ContextHandler (ContextHandler.java:doStart(781)) - Started o.e.j.s.ServletContextHandler@3be4f71{/static,jar:file:/home/user/.m2/repository/org/apache/hadoop/hadoop-ozone-ozone-manager/0.5.0-SNAPSHOT/hadoop-ozone-ozone-manager-0.5.0-SNAPSHOT.jar!/webapps/static,AVAILABLE}
2019-09-24 21:19:16,521 [JUnit] INFO  handler.ContextHandler (ContextHandler.java:doStart(781)) - Started o.e.j.w.WebAppContext@73ab3aac{/,file:///tmp/jetty-0.0.0.0-37521-ozoneManager-_-any-934204891797137861.dir/webapp/,AVAILABLE}{/ozoneManager}
2019-09-24 21:19:16,522 [JUnit] INFO  server.AbstractConnector (AbstractConnector.java:doStart(278)) - Started ServerConnector@54f66455{HTTP/1.1,[http/1.1]}{0.0.0.0:37521}
2019-09-24 21:19:16,523 [JUnit] INFO  server.Server (Server.java:doStart(419)) - Started @45687ms
2019-09-24 21:19:16,523 [JUnit] WARN  impl.MetricsSystemImpl (MetricsSystemImpl.java:register(276)) - Sink prometheus already exists!
2019-09-24 21:19:16,525 [JUnit] INFO  server.BaseHttpServer (BaseHttpServer.java:updateConnectorAddress(215)) - HTTP server of OZONEMANAGER is listening at http://0.0.0.0:37521
2019-09-24 21:19:16,696 [JUnit] INFO  impl.MetricsSystemImpl (MetricsSystemImpl.java:init(158)) - HddsDatanode metrics system started (again)
2019-09-24 21:19:16,773 [JUnit] INFO  ozone.HddsDatanodeService (HddsDatanodeService.java:start(184)) - HddsDatanodeService host:pr-hdds-2171-6l6hb-1841322612 ip:192.168.36.84
2019-09-24 21:19:16,824 [JUnit] INFO  volume.HddsVolume (HddsVolume.java:<init>(176)) - Creating Volume: /workdir/hadoop-ozone/ozonefs/target/test-dir/MiniOzoneClusterImpl-35f2434d-e88f-4dc0-aaff-2450d0368017/datanode-0/data/containers/hdds of  storage type : DISK and capacity : 1482555576320
2019-09-24 21:19:16,828 [JUnit] INFO  volume.VolumeSet (VolumeSet.java:initializeVolumeSet(170)) - Added Volume : /workdir/hadoop-ozone/ozonefs/target/test-dir/MiniOzoneClusterImpl-35f2434d-e88f-4dc0-aaff-2450d0368017/datanode-0/data/containers/hdds to VolumeSet
2019-09-24 21:19:16,833 [JUnit] INFO  volume.ThrottledAsyncChecker (ThrottledAsyncChecker.java:schedule(139)) - Scheduling a check for org.apache.hadoop.ozone.container.common.volume.HddsVolume@5ff2e84b
2019-09-24 21:19:16,859 [JUnit] INFO  volume.HddsVolumeChecker (HddsVolumeChecker.java:checkAllVolumes(202)) - Scheduled health check for volume org.apache.hadoop.ozone.container.common.volume.HddsVolume@5ff2e84b
2019-09-24 21:19:16,989 [JUnit] INFO  impl.RaftServerProxy (ConfUtils.java:logGet(43)) - raft.rpc.type = GRPC (default)
2019-09-24 21:19:17,063 [JUnit] INFO  grpc.GrpcFactory (GrpcFactory.java:checkPooledByteBufAllocatorUseCacheForAllThreads(45)) - PERFORMANCE WARNING: useCacheForAllThreads is true that may cause Netty to create a lot garbage objects and, as a result, trigger GC.
	It is recommended to disable useCacheForAllThreads by setting -Dorg.apache.ratis.thirdparty.io.netty.allocator.useCacheForAllThreads=false in command line.
2019-09-24 21:19:17,068 [JUnit] INFO  grpc.GrpcConfigKeys$Server (ConfUtils.java:logGet(43)) - raft.grpc.server.port = 0 (default)
2019-09-24 21:19:17,070 [JUnit] INFO  server.GrpcService (ConfUtils.java:logGet(43)) - raft.grpc.message.size.max = 33570816 (custom)
2019-09-24 21:19:17,071 [JUnit] INFO  server.RaftServerConfigKeys (ConfUtils.java:logGet(43)) - raft.server.log.appender.buffer.byte-limit = 33554432 (custom)
2019-09-24 21:19:17,072 [JUnit] INFO  server.GrpcService (ConfUtils.java:logGet(43)) - raft.grpc.flow.control.window = 1MB (=1048576) (default)
2019-09-24 21:19:17,073 [JUnit] INFO  server.RaftServerConfigKeys (ConfUtils.java:logGet(43)) - raft.server.rpc.request.timeout = 3000ms (default)
2019-09-24 21:19:17,288 [JUnit] INFO  server.RaftServerConfigKeys (ConfUtils.java:logGet(43)) - raft.server.storage.dir = [/workdir/hadoop-ozone/ozonefs/target/test-dir/MiniOzoneClusterImpl-35f2434d-e88f-4dc0-aaff-2450d0368017/datanode-0/data/ratis] (custom)
2019-09-24 21:19:17,355 [JUnit] INFO  hdfs.DFSUtil (DFSUtil.java:httpServerTemplateForNNAndJN(1641)) - Starting Web-server for hddsDatanode at: http://0.0.0.0:0
2019-09-24 21:19:17,357 [JUnit] INFO  server.AuthenticationFilter (AuthenticationFilter.java:constructSecretProvider(240)) - Unable to initialize FileSignerSecretProvider, falling back to use random secrets.
2019-09-24 21:19:17,358 [JUnit] WARN  http.HttpRequestLog (HttpRequestLog.java:getRequestLog(97)) - Jetty request log can only be enabled using Log4j
2019-09-24 21:19:17,360 [JUnit] INFO  http.HttpServer2 (HttpServer2.java:addGlobalFilter(975)) - Added global filter 'safety' (class=org.apache.hadoop.http.HttpServer2$QuotingInputFilter)
2019-09-24 21:19:17,361 [JUnit] INFO  http.HttpServer2 (HttpServer2.java:addFilter(948)) - Added filter static_user_filter (class=org.apache.hadoop.http.lib.StaticUserWebFilter$StaticUserFilter) to context hddsDatanode
2019-09-24 21:19:17,361 [JUnit] INFO  http.HttpServer2 (HttpServer2.java:addFilter(958)) - Added filter static_user_filter (class=org.apache.hadoop.http.lib.StaticUserWebFilter$StaticUserFilter) to context logs
2019-09-24 21:19:17,361 [JUnit] INFO  http.HttpServer2 (HttpServer2.java:addFilter(958)) - Added filter static_user_filter (class=org.apache.hadoop.http.lib.StaticUserWebFilter$StaticUserFilter) to context static
2019-09-24 21:19:17,362 [JUnit] INFO  http.HttpServer2 (HttpServer2.java:bindListener(1191)) - Jetty bound to port 39453
2019-09-24 21:19:17,363 [JUnit] INFO  server.Server (Server.java:doStart(351)) - jetty-9.3.25.v20180904, build timestamp: 2018-09-04T21:11:46Z, git hash: 3ce520221d0240229c862b122d2b06c12a625732
2019-09-24 21:19:17,366 [JUnit] INFO  handler.ContextHandler (ContextHandler.java:doStart(781)) - Started o.e.j.s.ServletContextHandler@3dfa819{/logs,file:///workdir/hadoop-ozone/ozonefs/target/log,AVAILABLE}
2019-09-24 21:19:17,367 [JUnit] INFO  handler.ContextHandler (ContextHandler.java:doStart(781)) - Started o.e.j.s.ServletContextHandler@68ab0936{/static,jar:file:/home/user/.m2/repository/org/apache/hadoop/hadoop-hdds-container-service/0.5.0-SNAPSHOT/hadoop-hdds-container-service-0.5.0-SNAPSHOT.jar!/webapps/static,AVAILABLE}
2019-09-24 21:19:17,396 [JUnit] INFO  handler.ContextHandler (ContextHandler.java:doStart(781)) - Started o.e.j.w.WebAppContext@20ab3e3a{/,file:///tmp/jetty-0.0.0.0-39453-hddsDatanode-_-any-5372041565049120881.dir/webapp/,AVAILABLE}{/hddsDatanode}
2019-09-24 21:19:17,397 [JUnit] INFO  server.AbstractConnector (AbstractConnector.java:doStart(278)) - Started ServerConnector@6caf7803{HTTP/1.1,[http/1.1]}{0.0.0.0:39453}
2019-09-24 21:19:17,397 [JUnit] INFO  server.Server (Server.java:doStart(419)) - Started @46562ms
2019-09-24 21:19:17,397 [JUnit] WARN  impl.MetricsSystemImpl (MetricsSystemImpl.java:register(276)) - Sink prometheus already exists!
2019-09-24 21:19:17,399 [JUnit] INFO  server.BaseHttpServer (BaseHttpServer.java:updateConnectorAddress(215)) - HTTP server of HDDSDATANODE is listening at http://0.0.0.0:39453
2019-09-24 21:19:17,400 [JUnit] INFO  impl.MetricsSystemImpl (MetricsSystemImpl.java:init(158)) - HddsDatanode metrics system started (again)
2019-09-24 21:19:17,405 [JUnit] INFO  ozone.HddsDatanodeService (HddsDatanodeService.java:start(184)) - HddsDatanodeService host:pr-hdds-2171-6l6hb-1841322612 ip:192.168.36.84
2019-09-24 21:19:17,407 [org.apache.hadoop.util.JvmPauseMonitor$Monitor@50d63a63] INFO  util.JvmPauseMonitor (JvmPauseMonitor.java:run(188)) - Starting JVM pause monitor
2019-09-24 21:19:17,416 [JUnit] INFO  volume.HddsVolume (HddsVolume.java:<init>(176)) - Creating Volume: /workdir/hadoop-ozone/ozonefs/target/test-dir/MiniOzoneClusterImpl-35f2434d-e88f-4dc0-aaff-2450d0368017/datanode-1/data/containers/hdds of  storage type : DISK and capacity : 1482555576320
2019-09-24 21:19:17,416 [JUnit] INFO  volume.VolumeSet (VolumeSet.java:initializeVolumeSet(170)) - Added Volume : /workdir/hadoop-ozone/ozonefs/target/test-dir/MiniOzoneClusterImpl-35f2434d-e88f-4dc0-aaff-2450d0368017/datanode-1/data/containers/hdds to VolumeSet
2019-09-24 21:19:17,417 [JUnit] INFO  volume.ThrottledAsyncChecker (ThrottledAsyncChecker.java:schedule(139)) - Scheduling a check for org.apache.hadoop.ozone.container.common.volume.HddsVolume@18b8d173
2019-09-24 21:19:17,417 [JUnit] INFO  volume.HddsVolumeChecker (HddsVolumeChecker.java:checkAllVolumes(202)) - Scheduled health check for volume org.apache.hadoop.ozone.container.common.volume.HddsVolume@18b8d173
2019-09-24 21:19:17,451 [JUnit] INFO  impl.RaftServerProxy (ConfUtils.java:logGet(43)) - raft.rpc.type = GRPC (default)
2019-09-24 21:19:17,451 [JUnit] INFO  grpc.GrpcFactory (GrpcFactory.java:checkPooledByteBufAllocatorUseCacheForAllThreads(45)) - PERFORMANCE WARNING: useCacheForAllThreads is true that may cause Netty to create a lot garbage objects and, as a result, trigger GC.
	It is recommended to disable useCacheForAllThreads by setting -Dorg.apache.ratis.thirdparty.io.netty.allocator.useCacheForAllThreads=false in command line.
2019-09-24 21:19:17,452 [JUnit] INFO  grpc.GrpcConfigKeys$Server (ConfUtils.java:logGet(43)) - raft.grpc.server.port = 0 (default)
2019-09-24 21:19:17,452 [JUnit] INFO  server.GrpcService (ConfUtils.java:logGet(43)) - raft.grpc.message.size.max = 33570816 (custom)
2019-09-24 21:19:17,452 [JUnit] INFO  server.RaftServerConfigKeys (ConfUtils.java:logGet(43)) - raft.server.log.appender.buffer.byte-limit = 33554432 (custom)
2019-09-24 21:19:17,453 [JUnit] INFO  server.GrpcService (ConfUtils.java:logGet(43)) - raft.grpc.flow.control.window = 1MB (=1048576) (default)
2019-09-24 21:19:17,454 [JUnit] INFO  server.RaftServerConfigKeys (ConfUtils.java:logGet(43)) - raft.server.rpc.request.timeout = 3000ms (default)
2019-09-24 21:19:17,455 [JUnit] INFO  server.RaftServerConfigKeys (ConfUtils.java:logGet(43)) - raft.server.storage.dir = [/workdir/hadoop-ozone/ozonefs/target/test-dir/MiniOzoneClusterImpl-35f2434d-e88f-4dc0-aaff-2450d0368017/datanode-1/data/ratis] (custom)
2019-09-24 21:19:17,457 [JUnit] INFO  hdfs.DFSUtil (DFSUtil.java:httpServerTemplateForNNAndJN(1641)) - Starting Web-server for hddsDatanode at: http://0.0.0.0:0
2019-09-24 21:19:17,460 [JUnit] INFO  server.AuthenticationFilter (AuthenticationFilter.java:constructSecretProvider(240)) - Unable to initialize FileSignerSecretProvider, falling back to use random secrets.
2019-09-24 21:19:17,461 [JUnit] WARN  http.HttpRequestLog (HttpRequestLog.java:getRequestLog(97)) - Jetty request log can only be enabled using Log4j
2019-09-24 21:19:17,465 [JUnit] INFO  http.HttpServer2 (HttpServer2.java:addGlobalFilter(975)) - Added global filter 'safety' (class=org.apache.hadoop.http.HttpServer2$QuotingInputFilter)
2019-09-24 21:19:17,467 [JUnit] INFO  http.HttpServer2 (HttpServer2.java:addFilter(948)) - Added filter static_user_filter (class=org.apache.hadoop.http.lib.StaticUserWebFilter$StaticUserFilter) to context hddsDatanode
2019-09-24 21:19:17,467 [JUnit] INFO  http.HttpServer2 (HttpServer2.java:addFilter(958)) - Added filter static_user_filter (class=org.apache.hadoop.http.lib.StaticUserWebFilter$StaticUserFilter) to context static
2019-09-24 21:19:17,467 [JUnit] INFO  http.HttpServer2 (HttpServer2.java:addFilter(958)) - Added filter static_user_filter (class=org.apache.hadoop.http.lib.StaticUserWebFilter$StaticUserFilter) to context logs
2019-09-24 21:19:17,469 [JUnit] INFO  http.HttpServer2 (HttpServer2.java:bindListener(1191)) - Jetty bound to port 41336
2019-09-24 21:19:17,469 [JUnit] INFO  server.Server (Server.java:doStart(351)) - jetty-9.3.25.v20180904, build timestamp: 2018-09-04T21:11:46Z, git hash: 3ce520221d0240229c862b122d2b06c12a625732
2019-09-24 21:19:17,472 [JUnit] INFO  handler.ContextHandler (ContextHandler.java:doStart(781)) - Started o.e.j.s.ServletContextHandler@1dc3502b{/logs,file:///workdir/hadoop-ozone/ozonefs/target/log,AVAILABLE}
2019-09-24 21:19:17,473 [JUnit] INFO  handler.ContextHandler (ContextHandler.java:doStart(781)) - Started o.e.j.s.ServletContextHandler@67e13bd0{/static,jar:file:/home/user/.m2/repository/org/apache/hadoop/hadoop-hdds-container-service/0.5.0-SNAPSHOT/hadoop-hdds-container-service-0.5.0-SNAPSHOT.jar!/webapps/static,AVAILABLE}
2019-09-24 21:19:17,518 [JUnit] INFO  handler.ContextHandler (ContextHandler.java:doStart(781)) - Started o.e.j.w.WebAppContext@4c58255{/,file:///tmp/jetty-0.0.0.0-41336-hddsDatanode-_-any-4558869371742466232.dir/webapp/,AVAILABLE}{/hddsDatanode}
2019-09-24 21:19:17,518 [JUnit] INFO  server.AbstractConnector (AbstractConnector.java:doStart(278)) - Started ServerConnector@eac3a26{HTTP/1.1,[http/1.1]}{0.0.0.0:41336}
2019-09-24 21:19:17,520 [JUnit] INFO  server.Server (Server.java:doStart(419)) - Started @46684ms
2019-09-24 21:19:17,520 [JUnit] WARN  impl.MetricsSystemImpl (MetricsSystemImpl.java:register(276)) - Sink prometheus already exists!
2019-09-24 21:19:17,521 [JUnit] INFO  server.BaseHttpServer (BaseHttpServer.java:updateConnectorAddress(215)) - HTTP server of HDDSDATANODE is listening at http://0.0.0.0:41336
2019-09-24 21:19:17,521 [JUnit] INFO  impl.MetricsSystemImpl (MetricsSystemImpl.java:init(158)) - HddsDatanode metrics system started (again)
2019-09-24 21:19:17,525 [org.apache.hadoop.util.JvmPauseMonitor$Monitor@73af0ee5] INFO  util.JvmPauseMonitor (JvmPauseMonitor.java:run(188)) - Starting JVM pause monitor
2019-09-24 21:19:17,526 [JUnit] INFO  ozone.HddsDatanodeService (HddsDatanodeService.java:start(184)) - HddsDatanodeService host:pr-hdds-2171-6l6hb-1841322612 ip:192.168.36.84
2019-09-24 21:19:17,533 [JUnit] INFO  volume.HddsVolume (HddsVolume.java:<init>(176)) - Creating Volume: /workdir/hadoop-ozone/ozonefs/target/test-dir/MiniOzoneClusterImpl-35f2434d-e88f-4dc0-aaff-2450d0368017/datanode-2/data/containers/hdds of  storage type : DISK and capacity : 1482555576320
2019-09-24 21:19:17,533 [JUnit] INFO  volume.VolumeSet (VolumeSet.java:initializeVolumeSet(170)) - Added Volume : /workdir/hadoop-ozone/ozonefs/target/test-dir/MiniOzoneClusterImpl-35f2434d-e88f-4dc0-aaff-2450d0368017/datanode-2/data/containers/hdds to VolumeSet
2019-09-24 21:19:17,533 [JUnit] INFO  volume.ThrottledAsyncChecker (ThrottledAsyncChecker.java:schedule(139)) - Scheduling a check for org.apache.hadoop.ozone.container.common.volume.HddsVolume@6ad16c5d
2019-09-24 21:19:17,534 [JUnit] INFO  volume.HddsVolumeChecker (HddsVolumeChecker.java:checkAllVolumes(202)) - Scheduled health check for volume org.apache.hadoop.ozone.container.common.volume.HddsVolume@6ad16c5d
2019-09-24 21:19:17,551 [Datanode State Machine Thread - 0] INFO  datanode.InitDatanodeState (InitDatanodeState.java:persistContainerDatanodeDetails(140)) - DatanodeDetails is persisted to /workdir/hadoop-ozone/ozonefs/target/test-dir/MiniOzoneClusterImpl-35f2434d-e88f-4dc0-aaff-2450d0368017/datanode-0/meta/datanode.id
2019-09-24 21:19:17,556 [Datanode State Machine Thread - 0] INFO  datanode.InitDatanodeState (InitDatanodeState.java:persistContainerDatanodeDetails(140)) - DatanodeDetails is persisted to /workdir/hadoop-ozone/ozonefs/target/test-dir/MiniOzoneClusterImpl-35f2434d-e88f-4dc0-aaff-2450d0368017/datanode-1/meta/datanode.id
2019-09-24 21:19:17,563 [JUnit] INFO  impl.RaftServerProxy (ConfUtils.java:logGet(43)) - raft.rpc.type = GRPC (default)
2019-09-24 21:19:17,564 [JUnit] INFO  grpc.GrpcFactory (GrpcFactory.java:checkPooledByteBufAllocatorUseCacheForAllThreads(45)) - PERFORMANCE WARNING: useCacheForAllThreads is true that may cause Netty to create a lot garbage objects and, as a result, trigger GC.
	It is recommended to disable useCacheForAllThreads by setting -Dorg.apache.ratis.thirdparty.io.netty.allocator.useCacheForAllThreads=false in command line.
2019-09-24 21:19:17,564 [JUnit] INFO  grpc.GrpcConfigKeys$Server (ConfUtils.java:logGet(43)) - raft.grpc.server.port = 0 (default)
2019-09-24 21:19:17,564 [JUnit] INFO  server.GrpcService (ConfUtils.java:logGet(43)) - raft.grpc.message.size.max = 33570816 (custom)
2019-09-24 21:19:17,565 [JUnit] INFO  server.RaftServerConfigKeys (ConfUtils.java:logGet(43)) - raft.server.log.appender.buffer.byte-limit = 33554432 (custom)
2019-09-24 21:19:17,565 [JUnit] INFO  server.GrpcService (ConfUtils.java:logGet(43)) - raft.grpc.flow.control.window = 1MB (=1048576) (default)
2019-09-24 21:19:17,565 [JUnit] INFO  server.RaftServerConfigKeys (ConfUtils.java:logGet(43)) - raft.server.rpc.request.timeout = 3000ms (default)
2019-09-24 21:19:17,566 [JUnit] INFO  server.RaftServerConfigKeys (ConfUtils.java:logGet(43)) - raft.server.storage.dir = [/workdir/hadoop-ozone/ozonefs/target/test-dir/MiniOzoneClusterImpl-35f2434d-e88f-4dc0-aaff-2450d0368017/datanode-2/data/ratis] (custom)
2019-09-24 21:19:17,569 [JUnit] INFO  hdfs.DFSUtil (DFSUtil.java:httpServerTemplateForNNAndJN(1641)) - Starting Web-server for hddsDatanode at: http://0.0.0.0:0
2019-09-24 21:19:17,571 [JUnit] INFO  server.AuthenticationFilter (AuthenticationFilter.java:constructSecretProvider(240)) - Unable to initialize FileSignerSecretProvider, falling back to use random secrets.
2019-09-24 21:19:17,571 [JUnit] WARN  http.HttpRequestLog (HttpRequestLog.java:getRequestLog(97)) - Jetty request log can only be enabled using Log4j
2019-09-24 21:19:17,574 [JUnit] INFO  http.HttpServer2 (HttpServer2.java:addGlobalFilter(975)) - Added global filter 'safety' (class=org.apache.hadoop.http.HttpServer2$QuotingInputFilter)
2019-09-24 21:19:17,575 [JUnit] INFO  http.HttpServer2 (HttpServer2.java:addFilter(948)) - Added filter static_user_filter (class=org.apache.hadoop.http.lib.StaticUserWebFilter$StaticUserFilter) to context hddsDatanode
2019-09-24 21:19:17,575 [JUnit] INFO  http.HttpServer2 (HttpServer2.java:addFilter(958)) - Added filter static_user_filter (class=org.apache.hadoop.http.lib.StaticUserWebFilter$StaticUserFilter) to context logs
2019-09-24 21:19:17,576 [JUnit] INFO  http.HttpServer2 (HttpServer2.java:addFilter(958)) - Added filter static_user_filter (class=org.apache.hadoop.http.lib.StaticUserWebFilter$StaticUserFilter) to context static
2019-09-24 21:19:17,577 [JUnit] INFO  http.HttpServer2 (HttpServer2.java:bindListener(1191)) - Jetty bound to port 37874
2019-09-24 21:19:17,577 [JUnit] INFO  server.Server (Server.java:doStart(351)) - jetty-9.3.25.v20180904, build timestamp: 2018-09-04T21:11:46Z, git hash: 3ce520221d0240229c862b122d2b06c12a625732
2019-09-24 21:19:17,580 [JUnit] INFO  handler.ContextHandler (ContextHandler.java:doStart(781)) - Started o.e.j.s.ServletContextHandler@12eedfee{/logs,file:///workdir/hadoop-ozone/ozonefs/target/log,AVAILABLE}
2019-09-24 21:19:17,581 [JUnit] INFO  handler.ContextHandler (ContextHandler.java:doStart(781)) - Started o.e.j.s.ServletContextHandler@1352434e{/static,jar:file:/home/user/.m2/repository/org/apache/hadoop/hadoop-hdds-container-service/0.5.0-SNAPSHOT/hadoop-hdds-container-service-0.5.0-SNAPSHOT.jar!/webapps/static,AVAILABLE}
2019-09-24 21:19:17,610 [JUnit] INFO  handler.ContextHandler (ContextHandler.java:doStart(781)) - Started o.e.j.w.WebAppContext@10f7918f{/,file:///tmp/jetty-0.0.0.0-37874-hddsDatanode-_-any-7951768193185138099.dir/webapp/,AVAILABLE}{/hddsDatanode}
2019-09-24 21:19:17,611 [JUnit] INFO  server.AbstractConnector (AbstractConnector.java:doStart(278)) - Started ServerConnector@64d4f7c7{HTTP/1.1,[http/1.1]}{0.0.0.0:37874}
2019-09-24 21:19:17,611 [JUnit] INFO  server.Server (Server.java:doStart(419)) - Started @46776ms
2019-09-24 21:19:17,611 [JUnit] WARN  impl.MetricsSystemImpl (MetricsSystemImpl.java:register(276)) - Sink prometheus already exists!
2019-09-24 21:19:17,612 [JUnit] INFO  server.BaseHttpServer (BaseHttpServer.java:updateConnectorAddress(215)) - HTTP server of HDDSDATANODE is listening at http://0.0.0.0:37874
2019-09-24 21:19:17,612 [JUnit] INFO  impl.MetricsSystemImpl (MetricsSystemImpl.java:init(158)) - HddsDatanode metrics system started (again)
2019-09-24 21:19:17,615 [org.apache.hadoop.util.JvmPauseMonitor$Monitor@111e661b] INFO  util.JvmPauseMonitor (JvmPauseMonitor.java:run(188)) - Starting JVM pause monitor
2019-09-24 21:19:17,616 [JUnit] INFO  ozone.HddsDatanodeService (HddsDatanodeService.java:start(184)) - HddsDatanodeService host:pr-hdds-2171-6l6hb-1841322612 ip:192.168.36.84
2019-09-24 21:19:17,617 [Datanode State Machine Thread - 0] INFO  datanode.InitDatanodeState (InitDatanodeState.java:persistContainerDatanodeDetails(140)) - DatanodeDetails is persisted to /workdir/hadoop-ozone/ozonefs/target/test-dir/MiniOzoneClusterImpl-35f2434d-e88f-4dc0-aaff-2450d0368017/datanode-2/meta/datanode.id
2019-09-24 21:19:17,621 [JUnit] INFO  volume.HddsVolume (HddsVolume.java:<init>(176)) - Creating Volume: /workdir/hadoop-ozone/ozonefs/target/test-dir/MiniOzoneClusterImpl-35f2434d-e88f-4dc0-aaff-2450d0368017/datanode-3/data/containers/hdds of  storage type : DISK and capacity : 1482555576320
2019-09-24 21:19:17,621 [JUnit] INFO  volume.VolumeSet (VolumeSet.java:initializeVolumeSet(170)) - Added Volume : /workdir/hadoop-ozone/ozonefs/target/test-dir/MiniOzoneClusterImpl-35f2434d-e88f-4dc0-aaff-2450d0368017/datanode-3/data/containers/hdds to VolumeSet
2019-09-24 21:19:17,621 [JUnit] INFO  volume.ThrottledAsyncChecker (ThrottledAsyncChecker.java:schedule(139)) - Scheduling a check for org.apache.hadoop.ozone.container.common.volume.HddsVolume@524270b8
2019-09-24 21:19:17,622 [JUnit] INFO  volume.HddsVolumeChecker (HddsVolumeChecker.java:checkAllVolumes(202)) - Scheduled health check for volume org.apache.hadoop.ozone.container.common.volume.HddsVolume@524270b8
2019-09-24 21:19:17,642 [JUnit] INFO  impl.RaftServerProxy (ConfUtils.java:logGet(43)) - raft.rpc.type = GRPC (default)
2019-09-24 21:19:17,643 [JUnit] INFO  grpc.GrpcFactory (GrpcFactory.java:checkPooledByteBufAllocatorUseCacheForAllThreads(45)) - PERFORMANCE WARNING: useCacheForAllThreads is true that may cause Netty to create a lot garbage objects and, as a result, trigger GC.
	It is recommended to disable useCacheForAllThreads by setting -Dorg.apache.ratis.thirdparty.io.netty.allocator.useCacheForAllThreads=false in command line.
2019-09-24 21:19:17,643 [JUnit] INFO  grpc.GrpcConfigKeys$Server (ConfUtils.java:logGet(43)) - raft.grpc.server.port = 0 (default)
2019-09-24 21:19:17,643 [JUnit] INFO  server.GrpcService (ConfUtils.java:logGet(43)) - raft.grpc.message.size.max = 33570816 (custom)
2019-09-24 21:19:17,643 [JUnit] INFO  server.RaftServerConfigKeys (ConfUtils.java:logGet(43)) - raft.server.log.appender.buffer.byte-limit = 33554432 (custom)
2019-09-24 21:19:17,643 [JUnit] INFO  server.GrpcService (ConfUtils.java:logGet(43)) - raft.grpc.flow.control.window = 1MB (=1048576) (default)
2019-09-24 21:19:17,644 [JUnit] INFO  server.RaftServerConfigKeys (ConfUtils.java:logGet(43)) - raft.server.rpc.request.timeout = 3000ms (default)
2019-09-24 21:19:17,644 [JUnit] INFO  server.RaftServerConfigKeys (ConfUtils.java:logGet(43)) - raft.server.storage.dir = [/workdir/hadoop-ozone/ozonefs/target/test-dir/MiniOzoneClusterImpl-35f2434d-e88f-4dc0-aaff-2450d0368017/datanode-3/data/ratis] (custom)
2019-09-24 21:19:17,646 [JUnit] INFO  hdfs.DFSUtil (DFSUtil.java:httpServerTemplateForNNAndJN(1641)) - Starting Web-server for hddsDatanode at: http://0.0.0.0:0
2019-09-24 21:19:17,648 [JUnit] INFO  server.AuthenticationFilter (AuthenticationFilter.java:constructSecretProvider(240)) - Unable to initialize FileSignerSecretProvider, falling back to use random secrets.
2019-09-24 21:19:17,648 [JUnit] WARN  http.HttpRequestLog (HttpRequestLog.java:getRequestLog(97)) - Jetty request log can only be enabled using Log4j
2019-09-24 21:19:17,650 [JUnit] INFO  http.HttpServer2 (HttpServer2.java:addGlobalFilter(975)) - Added global filter 'safety' (class=org.apache.hadoop.http.HttpServer2$QuotingInputFilter)
2019-09-24 21:19:17,651 [JUnit] INFO  http.HttpServer2 (HttpServer2.java:addFilter(948)) - Added filter static_user_filter (class=org.apache.hadoop.http.lib.StaticUserWebFilter$StaticUserFilter) to context hddsDatanode
2019-09-24 21:19:17,651 [JUnit] INFO  http.HttpServer2 (HttpServer2.java:addFilter(958)) - Added filter static_user_filter (class=org.apache.hadoop.http.lib.StaticUserWebFilter$StaticUserFilter) to context static
2019-09-24 21:19:17,651 [JUnit] INFO  http.HttpServer2 (HttpServer2.java:addFilter(958)) - Added filter static_user_filter (class=org.apache.hadoop.http.lib.StaticUserWebFilter$StaticUserFilter) to context logs
2019-09-24 21:19:17,652 [JUnit] INFO  http.HttpServer2 (HttpServer2.java:bindListener(1191)) - Jetty bound to port 33667
2019-09-24 21:19:17,652 [JUnit] INFO  server.Server (Server.java:doStart(351)) - jetty-9.3.25.v20180904, build timestamp: 2018-09-04T21:11:46Z, git hash: 3ce520221d0240229c862b122d2b06c12a625732
2019-09-24 21:19:17,654 [JUnit] INFO  handler.ContextHandler (ContextHandler.java:doStart(781)) - Started o.e.j.s.ServletContextHandler@574a89e2{/logs,file:///workdir/hadoop-ozone/ozonefs/target/log,AVAILABLE}
2019-09-24 21:19:17,654 [JUnit] INFO  handler.ContextHandler (ContextHandler.java:doStart(781)) - Started o.e.j.s.ServletContextHandler@3dd31157{/static,jar:file:/home/user/.m2/repository/org/apache/hadoop/hadoop-hdds-container-service/0.5.0-SNAPSHOT/hadoop-hdds-container-service-0.5.0-SNAPSHOT.jar!/webapps/static,AVAILABLE}
2019-09-24 21:19:17,683 [JUnit] INFO  handler.ContextHandler (ContextHandler.java:doStart(781)) - Started o.e.j.w.WebAppContext@6d6bbd35{/,file:///tmp/jetty-0.0.0.0-33667-hddsDatanode-_-any-4930727268911960852.dir/webapp/,AVAILABLE}{/hddsDatanode}
2019-09-24 21:19:17,684 [JUnit] INFO  server.AbstractConnector (AbstractConnector.java:doStart(278)) - Started ServerConnector@5c5d6175{HTTP/1.1,[http/1.1]}{0.0.0.0:33667}
2019-09-24 21:19:17,685 [JUnit] INFO  server.Server (Server.java:doStart(419)) - Started @46849ms
2019-09-24 21:19:17,685 [JUnit] WARN  impl.MetricsSystemImpl (MetricsSystemImpl.java:register(276)) - Sink prometheus already exists!
2019-09-24 21:19:17,686 [JUnit] INFO  server.BaseHttpServer (BaseHttpServer.java:updateConnectorAddress(215)) - HTTP server of HDDSDATANODE is listening at http://0.0.0.0:33667
2019-09-24 21:19:17,686 [JUnit] INFO  impl.MetricsSystemImpl (MetricsSystemImpl.java:init(158)) - HddsDatanode metrics system started (again)
2019-09-24 21:19:17,689 [org.apache.hadoop.util.JvmPauseMonitor$Monitor@7944b6b0] INFO  util.JvmPauseMonitor (JvmPauseMonitor.java:run(188)) - Starting JVM pause monitor
2019-09-24 21:19:17,690 [JUnit] INFO  ozone.HddsDatanodeService (HddsDatanodeService.java:start(184)) - HddsDatanodeService host:pr-hdds-2171-6l6hb-1841322612 ip:192.168.36.84
2019-09-24 21:19:17,692 [Datanode State Machine Thread - 0] INFO  datanode.InitDatanodeState (InitDatanodeState.java:persistContainerDatanodeDetails(140)) - DatanodeDetails is persisted to /workdir/hadoop-ozone/ozonefs/target/test-dir/MiniOzoneClusterImpl-35f2434d-e88f-4dc0-aaff-2450d0368017/datanode-3/meta/datanode.id
2019-09-24 21:19:17,695 [JUnit] INFO  volume.HddsVolume (HddsVolume.java:<init>(176)) - Creating Volume: /workdir/hadoop-ozone/ozonefs/target/test-dir/MiniOzoneClusterImpl-35f2434d-e88f-4dc0-aaff-2450d0368017/datanode-4/data/containers/hdds of  storage type : DISK and capacity : 1482555576320
2019-09-24 21:19:17,695 [JUnit] INFO  volume.VolumeSet (VolumeSet.java:initializeVolumeSet(170)) - Added Volume : /workdir/hadoop-ozone/ozonefs/target/test-dir/MiniOzoneClusterImpl-35f2434d-e88f-4dc0-aaff-2450d0368017/datanode-4/data/containers/hdds to VolumeSet
2019-09-24 21:19:17,696 [JUnit] INFO  volume.ThrottledAsyncChecker (ThrottledAsyncChecker.java:schedule(139)) - Scheduling a check for org.apache.hadoop.ozone.container.common.volume.HddsVolume@2cc75074
2019-09-24 21:19:17,696 [JUnit] INFO  volume.HddsVolumeChecker (HddsVolumeChecker.java:checkAllVolumes(202)) - Scheduled health check for volume org.apache.hadoop.ozone.container.common.volume.HddsVolume@2cc75074
2019-09-24 21:19:17,722 [JUnit] INFO  impl.RaftServerProxy (ConfUtils.java:logGet(43)) - raft.rpc.type = GRPC (default)
2019-09-24 21:19:17,723 [JUnit] INFO  grpc.GrpcFactory (GrpcFactory.java:checkPooledByteBufAllocatorUseCacheForAllThreads(45)) - PERFORMANCE WARNING: useCacheForAllThreads is true that may cause Netty to create a lot garbage objects and, as a result, trigger GC.
	It is recommended to disable useCacheForAllThreads by setting -Dorg.apache.ratis.thirdparty.io.netty.allocator.useCacheForAllThreads=false in command line.
2019-09-24 21:19:17,723 [JUnit] INFO  grpc.GrpcConfigKeys$Server (ConfUtils.java:logGet(43)) - raft.grpc.server.port = 0 (default)
2019-09-24 21:19:17,723 [JUnit] INFO  server.GrpcService (ConfUtils.java:logGet(43)) - raft.grpc.message.size.max = 33570816 (custom)
2019-09-24 21:19:17,724 [JUnit] INFO  server.RaftServerConfigKeys (ConfUtils.java:logGet(43)) - raft.server.log.appender.buffer.byte-limit = 33554432 (custom)
2019-09-24 21:19:17,724 [JUnit] INFO  server.GrpcService (ConfUtils.java:logGet(43)) - raft.grpc.flow.control.window = 1MB (=1048576) (default)
2019-09-24 21:19:17,724 [JUnit] INFO  server.RaftServerConfigKeys (ConfUtils.java:logGet(43)) - raft.server.rpc.request.timeout = 3000ms (default)
2019-09-24 21:19:17,725 [JUnit] INFO  server.RaftServerConfigKeys (ConfUtils.java:logGet(43)) - raft.server.storage.dir = [/workdir/hadoop-ozone/ozonefs/target/test-dir/MiniOzoneClusterImpl-35f2434d-e88f-4dc0-aaff-2450d0368017/datanode-4/data/ratis] (custom)
2019-09-24 21:19:17,727 [JUnit] INFO  hdfs.DFSUtil (DFSUtil.java:httpServerTemplateForNNAndJN(1641)) - Starting Web-server for hddsDatanode at: http://0.0.0.0:0
2019-09-24 21:19:17,730 [JUnit] INFO  server.AuthenticationFilter (AuthenticationFilter.java:constructSecretProvider(240)) - Unable to initialize FileSignerSecretProvider, falling back to use random secrets.
2019-09-24 21:19:17,731 [JUnit] WARN  http.HttpRequestLog (HttpRequestLog.java:getRequestLog(97)) - Jetty request log can only be enabled using Log4j
2019-09-24 21:19:17,735 [JUnit] INFO  http.HttpServer2 (HttpServer2.java:addGlobalFilter(975)) - Added global filter 'safety' (class=org.apache.hadoop.http.HttpServer2$QuotingInputFilter)
2019-09-24 21:19:17,737 [JUnit] INFO  http.HttpServer2 (HttpServer2.java:addFilter(948)) - Added filter static_user_filter (class=org.apache.hadoop.http.lib.StaticUserWebFilter$StaticUserFilter) to context hddsDatanode
2019-09-24 21:19:17,737 [JUnit] INFO  http.HttpServer2 (HttpServer2.java:addFilter(958)) - Added filter static_user_filter (class=org.apache.hadoop.http.lib.StaticUserWebFilter$StaticUserFilter) to context logs
2019-09-24 21:19:17,738 [JUnit] INFO  http.HttpServer2 (HttpServer2.java:addFilter(958)) - Added filter static_user_filter (class=org.apache.hadoop.http.lib.StaticUserWebFilter$StaticUserFilter) to context static
2019-09-24 21:19:17,739 [JUnit] INFO  http.HttpServer2 (HttpServer2.java:bindListener(1191)) - Jetty bound to port 45816
2019-09-24 21:19:17,739 [JUnit] INFO  server.Server (Server.java:doStart(351)) - jetty-9.3.25.v20180904, build timestamp: 2018-09-04T21:11:46Z, git hash: 3ce520221d0240229c862b122d2b06c12a625732
2019-09-24 21:19:17,742 [JUnit] INFO  handler.ContextHandler (ContextHandler.java:doStart(781)) - Started o.e.j.s.ServletContextHandler@7b4a0aef{/logs,file:///workdir/hadoop-ozone/ozonefs/target/log,AVAILABLE}
2019-09-24 21:19:17,743 [JUnit] INFO  handler.ContextHandler (ContextHandler.java:doStart(781)) - Started o.e.j.s.ServletContextHandler@26d41711{/static,jar:file:/home/user/.m2/repository/org/apache/hadoop/hadoop-hdds-container-service/0.5.0-SNAPSHOT/hadoop-hdds-container-service-0.5.0-SNAPSHOT.jar!/webapps/static,AVAILABLE}
2019-09-24 21:19:17,790 [JUnit] INFO  handler.ContextHandler (ContextHandler.java:doStart(781)) - Started o.e.j.w.WebAppContext@7d3c09ec{/,file:///tmp/jetty-0.0.0.0-45816-hddsDatanode-_-any-8174543069139817680.dir/webapp/,AVAILABLE}{/hddsDatanode}
2019-09-24 21:19:17,791 [JUnit] INFO  server.AbstractConnector (AbstractConnector.java:doStart(278)) - Started ServerConnector@71e4b308{HTTP/1.1,[http/1.1]}{0.0.0.0:45816}
2019-09-24 21:19:17,792 [JUnit] INFO  server.Server (Server.java:doStart(419)) - Started @46957ms
2019-09-24 21:19:17,792 [JUnit] WARN  impl.MetricsSystemImpl (MetricsSystemImpl.java:register(276)) - Sink prometheus already exists!
2019-09-24 21:19:17,793 [JUnit] INFO  server.BaseHttpServer (BaseHttpServer.java:updateConnectorAddress(215)) - HTTP server of HDDSDATANODE is listening at http://0.0.0.0:45816
2019-09-24 21:19:17,796 [JUnit] INFO  ozone.MiniOzoneClusterImpl (MiniOzoneClusterImpl.java:lambda$waitForClusterToBeReady$0(147)) - Waiting for cluster to be ready. Got 0 of 5 DN Heartbeats.
2019-09-24 21:19:17,797 [org.apache.hadoop.util.JvmPauseMonitor$Monitor@56592365] INFO  util.JvmPauseMonitor (JvmPauseMonitor.java:run(188)) - Starting JVM pause monitor
2019-09-24 21:19:17,799 [Datanode State Machine Thread - 0] INFO  datanode.InitDatanodeState (InitDatanodeState.java:persistContainerDatanodeDetails(140)) - DatanodeDetails is persisted to /workdir/hadoop-ozone/ozonefs/target/test-dir/MiniOzoneClusterImpl-35f2434d-e88f-4dc0-aaff-2450d0368017/datanode-4/meta/datanode.id
2019-09-24 21:19:18,796 [JUnit] INFO  ozone.MiniOzoneClusterImpl (MiniOzoneClusterImpl.java:lambda$waitForClusterToBeReady$0(147)) - Waiting for cluster to be ready. Got 0 of 5 DN Heartbeats.
2019-09-24 21:19:19,797 [JUnit] INFO  ozone.MiniOzoneClusterImpl (MiniOzoneClusterImpl.java:lambda$waitForClusterToBeReady$0(147)) - Waiting for cluster to be ready. Got 0 of 5 DN Heartbeats.
2019-09-24 21:19:20,800 [JUnit] INFO  ozone.MiniOzoneClusterImpl (MiniOzoneClusterImpl.java:lambda$waitForClusterToBeReady$0(147)) - Waiting for cluster to be ready. Got 0 of 5 DN Heartbeats.
2019-09-24 21:19:21,801 [JUnit] INFO  ozone.MiniOzoneClusterImpl (MiniOzoneClusterImpl.java:lambda$waitForClusterToBeReady$0(147)) - Waiting for cluster to be ready. Got 0 of 5 DN Heartbeats.
2019-09-24 21:19:22,801 [JUnit] INFO  ozone.MiniOzoneClusterImpl (MiniOzoneClusterImpl.java:lambda$waitForClusterToBeReady$0(147)) - Waiting for cluster to be ready. Got 0 of 5 DN Heartbeats.
2019-09-24 21:19:23,802 [JUnit] INFO  ozone.MiniOzoneClusterImpl (MiniOzoneClusterImpl.java:lambda$waitForClusterToBeReady$0(147)) - Waiting for cluster to be ready. Got 0 of 5 DN Heartbeats.
2019-09-24 21:19:24,578 [Datanode State Machine Thread - 0] INFO  ozoneimpl.OzoneContainer (OzoneContainer.java:start(217)) - Attempting to start container services.
2019-09-24 21:19:24,578 [Datanode State Machine Thread - 0] INFO  ozoneimpl.OzoneContainer (OzoneContainer.java:start(217)) - Attempting to start container services.
2019-09-24 21:19:24,578 [Datanode State Machine Thread - 0] INFO  ozoneimpl.OzoneContainer (OzoneContainer.java:start(217)) - Attempting to start container services.
2019-09-24 21:19:24,578 [Datanode State Machine Thread - 0] INFO  ozoneimpl.OzoneContainer (OzoneContainer.java:start(217)) - Attempting to start container services.
2019-09-24 21:19:24,578 [Datanode State Machine Thread - 0] INFO  ozoneimpl.OzoneContainer (OzoneContainer.java:start(217)) - Attempting to start container services.
2019-09-24 21:19:24,588 [Datanode State Machine Thread - 0] INFO  ozoneimpl.OzoneContainer (OzoneContainer.java:startContainerScrub(179)) - Background container scanner has been disabled.
2019-09-24 21:19:24,588 [Datanode State Machine Thread - 0] INFO  ozoneimpl.OzoneContainer (OzoneContainer.java:startContainerScrub(179)) - Background container scanner has been disabled.
2019-09-24 21:19:24,588 [Datanode State Machine Thread - 0] INFO  ratis.XceiverServerRatis (XceiverServerRatis.java:start(411)) - Starting XceiverServerRatis c1e0fc5a-7ae4-45d0-a105-709cc60ce072 at port 0
2019-09-24 21:19:24,588 [Datanode State Machine Thread - 0] INFO  ozoneimpl.OzoneContainer (OzoneContainer.java:startContainerScrub(179)) - Background container scanner has been disabled.
2019-09-24 21:19:24,588 [Datanode State Machine Thread - 0] INFO  ozoneimpl.OzoneContainer (OzoneContainer.java:startContainerScrub(179)) - Background container scanner has been disabled.
2019-09-24 21:19:24,588 [Datanode State Machine Thread - 0] INFO  ozoneimpl.OzoneContainer (OzoneContainer.java:startContainerScrub(179)) - Background container scanner has been disabled.
2019-09-24 21:19:24,590 [Datanode State Machine Thread - 0] INFO  ratis.XceiverServerRatis (XceiverServerRatis.java:start(411)) - Starting XceiverServerRatis 66ab88db-d69f-4f96-9860-b898e5399db4 at port 0
2019-09-24 21:19:24,589 [Datanode State Machine Thread - 0] INFO  ratis.XceiverServerRatis (XceiverServerRatis.java:start(411)) - Starting XceiverServerRatis f3cc68b9-8250-46bd-9f8b-0b9d65688440 at port 0
2019-09-24 21:19:24,588 [Datanode State Machine Thread - 0] INFO  ratis.XceiverServerRatis (XceiverServerRatis.java:start(411)) - Starting XceiverServerRatis 828e46cb-5350-48f6-b162-6ce17f2b14e4 at port 0
2019-09-24 21:19:24,590 [Datanode State Machine Thread - 0] INFO  ratis.XceiverServerRatis (XceiverServerRatis.java:start(411)) - Starting XceiverServerRatis 998acbc6-a361-45f7-954a-22e11e94d2bb at port 0
2019-09-24 21:19:24,645 [Datanode State Machine Thread - 0] INFO  impl.RaftServerProxy (RaftServerProxy.java:lambda$start$3(299)) - c1e0fc5a-7ae4-45d0-a105-709cc60ce072: start RPC server
2019-09-24 21:19:24,645 [Datanode State Machine Thread - 0] INFO  impl.RaftServerProxy (RaftServerProxy.java:lambda$start$3(299)) - 998acbc6-a361-45f7-954a-22e11e94d2bb: start RPC server
2019-09-24 21:19:24,645 [Datanode State Machine Thread - 0] INFO  impl.RaftServerProxy (RaftServerProxy.java:lambda$start$3(299)) - f3cc68b9-8250-46bd-9f8b-0b9d65688440: start RPC server
2019-09-24 21:19:24,645 [Datanode State Machine Thread - 0] INFO  impl.RaftServerProxy (RaftServerProxy.java:lambda$start$3(299)) - 66ab88db-d69f-4f96-9860-b898e5399db4: start RPC server
2019-09-24 21:19:24,645 [Datanode State Machine Thread - 0] INFO  impl.RaftServerProxy (RaftServerProxy.java:lambda$start$3(299)) - 828e46cb-5350-48f6-b162-6ce17f2b14e4: start RPC server
2019-09-24 21:19:24,804 [JUnit] INFO  ozone.MiniOzoneClusterImpl (MiniOzoneClusterImpl.java:lambda$waitForClusterToBeReady$0(147)) - Waiting for cluster to be ready. Got 0 of 5 DN Heartbeats.
2019-09-24 21:19:24,823 [Datanode State Machine Thread - 0] INFO  server.GrpcService (GrpcService.java:startImpl(158)) - 998acbc6-a361-45f7-954a-22e11e94d2bb: GrpcService started, listening on 0.0.0.0/0.0.0.0:41573
2019-09-24 21:19:24,823 [Datanode State Machine Thread - 0] INFO  server.GrpcService (GrpcService.java:startImpl(158)) - c1e0fc5a-7ae4-45d0-a105-709cc60ce072: GrpcService started, listening on 0.0.0.0/0.0.0.0:33769
2019-09-24 21:19:24,823 [Datanode State Machine Thread - 0] INFO  server.GrpcService (GrpcService.java:startImpl(158)) - 828e46cb-5350-48f6-b162-6ce17f2b14e4: GrpcService started, listening on 0.0.0.0/0.0.0.0:34040
2019-09-24 21:19:24,823 [Datanode State Machine Thread - 0] INFO  server.GrpcService (GrpcService.java:startImpl(158)) - f3cc68b9-8250-46bd-9f8b-0b9d65688440: GrpcService started, listening on 0.0.0.0/0.0.0.0:35502
2019-09-24 21:19:24,823 [Datanode State Machine Thread - 0] INFO  server.GrpcService (GrpcService.java:startImpl(158)) - 66ab88db-d69f-4f96-9860-b898e5399db4: GrpcService started, listening on 0.0.0.0/0.0.0.0:42907
2019-09-24 21:19:24,826 [Datanode State Machine Thread - 0] INFO  ratis.XceiverServerRatis (XceiverServerRatis.java:start(421)) - XceiverServerRatis f3cc68b9-8250-46bd-9f8b-0b9d65688440 is started using port 35502
2019-09-24 21:19:24,825 [Datanode State Machine Thread - 0] INFO  ratis.XceiverServerRatis (XceiverServerRatis.java:start(421)) - XceiverServerRatis 828e46cb-5350-48f6-b162-6ce17f2b14e4 is started using port 34040
2019-09-24 21:19:24,825 [Datanode State Machine Thread - 0] INFO  ratis.XceiverServerRatis (XceiverServerRatis.java:start(421)) - XceiverServerRatis c1e0fc5a-7ae4-45d0-a105-709cc60ce072 is started using port 33769
2019-09-24 21:19:24,825 [Datanode State Machine Thread - 0] INFO  ratis.XceiverServerRatis (XceiverServerRatis.java:start(421)) - XceiverServerRatis 998acbc6-a361-45f7-954a-22e11e94d2bb is started using port 41573
2019-09-24 21:19:24,826 [Datanode State Machine Thread - 0] INFO  ratis.XceiverServerRatis (XceiverServerRatis.java:start(421)) - XceiverServerRatis 66ab88db-d69f-4f96-9860-b898e5399db4 is started using port 42907
2019-09-24 21:19:24,842 [Datanode State Machine Thread - 0] INFO  server.XceiverServerGrpc (XceiverServerGrpc.java:start(149)) - XceiverServerGrpc 998acbc6-a361-45f7-954a-22e11e94d2bb is started using port 33672
2019-09-24 21:19:24,844 [Datanode State Machine Thread - 0] INFO  server.XceiverServerGrpc (XceiverServerGrpc.java:start(149)) - XceiverServerGrpc 828e46cb-5350-48f6-b162-6ce17f2b14e4 is started using port 45419
2019-09-24 21:19:24,844 [Datanode State Machine Thread - 0] INFO  server.XceiverServerGrpc (XceiverServerGrpc.java:start(149)) - XceiverServerGrpc c1e0fc5a-7ae4-45d0-a105-709cc60ce072 is started using port 39118
2019-09-24 21:19:24,844 [Datanode State Machine Thread - 0] INFO  server.XceiverServerGrpc (XceiverServerGrpc.java:start(149)) - XceiverServerGrpc 66ab88db-d69f-4f96-9860-b898e5399db4 is started using port 42767
2019-09-24 21:19:24,842 [Datanode State Machine Thread - 0] INFO  server.XceiverServerGrpc (XceiverServerGrpc.java:start(149)) - XceiverServerGrpc f3cc68b9-8250-46bd-9f8b-0b9d65688440 is started using port 37245
2019-09-24 21:19:25,465 [IPC Server handler 0 on 41404] INFO  net.NetworkTopology (NetworkTopologyImpl.java:add(111)) - Added a new node: /default-rack/828e46cb-5350-48f6-b162-6ce17f2b14e4
2019-09-24 21:19:25,466 [IPC Server handler 0 on 41404] INFO  node.SCMNodeManager (SCMNodeManager.java:register(266)) - Registered Data node : 828e46cb-5350-48f6-b162-6ce17f2b14e4{ip: 192.168.36.84, host: pr-hdds-2171-6l6hb-1841322612, networkLocation: /default-rack, certSerialId: null}
2019-09-24 21:19:25,482 [EventQueue-NodeRegistrationContainerReportForDataNodeSafeModeRule] INFO  safemode.SCMSafeModeManager (DataNodeSafeModeRule.java:process(71)) - SCM in safe mode. 1 DataNodes registered, 1 required.
2019-09-24 21:19:25,485 [EventQueue-NodeRegistrationContainerReportForDataNodeSafeModeRule] INFO  safemode.SCMSafeModeManager (SCMSafeModeManager.java:validateSafeModeExitRules(177)) - ScmSafeModeManager, all rules are successfully validated
2019-09-24 21:19:25,485 [EventQueue-NodeRegistrationContainerReportForDataNodeSafeModeRule] INFO  safemode.SCMSafeModeManager (SCMSafeModeManager.java:exitSafeMode(193)) - SCM exiting safe mode.
2019-09-24 21:19:25,532 [IPC Server handler 2 on 41404] INFO  net.NetworkTopology (NetworkTopologyImpl.java:add(111)) - Added a new node: /default-rack/f3cc68b9-8250-46bd-9f8b-0b9d65688440
2019-09-24 21:19:25,532 [IPC Server handler 2 on 41404] INFO  node.SCMNodeManager (SCMNodeManager.java:register(266)) - Registered Data node : f3cc68b9-8250-46bd-9f8b-0b9d65688440{ip: 192.168.36.84, host: pr-hdds-2171-6l6hb-1841322612, networkLocation: /default-rack, certSerialId: null}
2019-09-24 21:19:25,621 [IPC Server handler 3 on 41404] INFO  net.NetworkTopology (NetworkTopologyImpl.java:add(111)) - Added a new node: /default-rack/66ab88db-d69f-4f96-9860-b898e5399db4
2019-09-24 21:19:25,623 [IPC Server handler 3 on 41404] INFO  node.SCMNodeManager (SCMNodeManager.java:register(266)) - Registered Data node : 66ab88db-d69f-4f96-9860-b898e5399db4{ip: 192.168.36.84, host: pr-hdds-2171-6l6hb-1841322612, networkLocation: /default-rack, certSerialId: null}
2019-09-24 21:19:25,695 [IPC Server handler 8 on 41404] INFO  net.NetworkTopology (NetworkTopologyImpl.java:add(111)) - Added a new node: /default-rack/c1e0fc5a-7ae4-45d0-a105-709cc60ce072
2019-09-24 21:19:25,696 [IPC Server handler 8 on 41404] INFO  node.SCMNodeManager (SCMNodeManager.java:register(266)) - Registered Data node : c1e0fc5a-7ae4-45d0-a105-709cc60ce072{ip: 192.168.36.84, host: pr-hdds-2171-6l6hb-1841322612, networkLocation: /default-rack, certSerialId: null}
2019-09-24 21:19:25,805 [JUnit] INFO  ozone.MiniOzoneClusterImpl (MiniOzoneClusterImpl.java:lambda$waitForClusterToBeReady$0(147)) - Waiting for cluster to be ready. Got 4 of 5 DN Heartbeats.
2019-09-24 21:19:25,808 [IPC Server handler 7 on 41404] INFO  net.NetworkTopology (NetworkTopologyImpl.java:add(111)) - Added a new node: /default-rack/998acbc6-a361-45f7-954a-22e11e94d2bb
2019-09-24 21:19:25,808 [IPC Server handler 7 on 41404] INFO  node.SCMNodeManager (SCMNodeManager.java:register(266)) - Registered Data node : 998acbc6-a361-45f7-954a-22e11e94d2bb{ip: 192.168.36.84, host: pr-hdds-2171-6l6hb-1841322612, networkLocation: /default-rack, certSerialId: null}
2019-09-24 21:19:26,276 [grpc-default-executor-0] INFO  impl.RaftServerProxy (RaftServerProxy.java:addNew(89)) - 828e46cb-5350-48f6-b162-6ce17f2b14e4: addNew group-B35DB681A041:[828e46cb-5350-48f6-b162-6ce17f2b14e4:192.168.36.84:34040] returns group-B35DB681A041:java.util.concurrent.CompletableFuture@1685bbc5[Not completed]
2019-09-24 21:19:26,313 [pool-27-thread-1] INFO  impl.RaftServerImpl (RaftServerImpl.java:<init>(95)) - 828e46cb-5350-48f6-b162-6ce17f2b14e4: new RaftServerImpl for group-B35DB681A041:[828e46cb-5350-48f6-b162-6ce17f2b14e4:192.168.36.84:34040] with ContainerStateMachine:uninitialized
2019-09-24 21:19:26,316 [pool-27-thread-1] INFO  server.RaftServerConfigKeys (ConfUtils.java:logGet(43)) - raft.server.rpc.timeout.min = 5s (custom)
2019-09-24 21:19:26,316 [pool-27-thread-1] INFO  server.RaftServerConfigKeys (ConfUtils.java:logGet(43)) - raft.server.rpc.timeout.max = 5200ms (custom)
2019-09-24 21:19:26,317 [pool-27-thread-1] INFO  server.RaftServerConfigKeys (ConfUtils.java:logGet(43)) - raft.server.rpcslowness.timeout = 120s (custom)
2019-09-24 21:19:26,318 [pool-27-thread-1] INFO  server.RaftServerConfigKeys (ConfUtils.java:logGet(43)) - raft.server.sleep.deviation.threshold = 300 (default)
2019-09-24 21:19:26,319 [pool-27-thread-1] INFO  server.RaftServerConfigKeys (ConfUtils.java:logGet(43)) - raft.server.log.appender.install.snapshot.enabled = false (custom)
2019-09-24 21:19:26,331 [pool-27-thread-1] INFO  impl.RaftServerImpl (ServerState.java:<init>(103)) - 828e46cb-5350-48f6-b162-6ce17f2b14e4@group-B35DB681A041: ConfigurationManager, init=-1: [828e46cb-5350-48f6-b162-6ce17f2b14e4:192.168.36.84:34040], old=null, confs=<EMPTY_MAP>
2019-09-24 21:19:26,332 [pool-27-thread-1] INFO  server.RaftServerConfigKeys (ConfUtils.java:logGet(43)) - raft.server.storage.dir = [/workdir/hadoop-ozone/ozonefs/target/test-dir/MiniOzoneClusterImpl-35f2434d-e88f-4dc0-aaff-2450d0368017/datanode-0/data/ratis] (custom)
2019-09-24 21:19:26,342 [pool-27-thread-1] INFO  storage.RaftStorageDirectory (RaftStorageDirectory.java:analyzeStorage(246)) - The storage directory /workdir/hadoop-ozone/ozonefs/target/test-dir/MiniOzoneClusterImpl-35f2434d-e88f-4dc0-aaff-2450d0368017/datanode-0/data/ratis/622ad7fd-1308-4ea3-a935-b35db681a041 does not exist. Creating ...
2019-09-24 21:19:26,805 [JUnit] INFO  ozone.MiniOzoneClusterImpl (MiniOzoneClusterImpl.java:lambda$waitForClusterToBeReady$0(147)) - Cluster is ready. Got 5 of 5 DN Heartbeats.
2019-09-24 21:19:27,539 [Thread-209] INFO  rpc.RpcClient (RpcClient.java:createVolume(276)) - Creating Volume: volume56131, with user72516 as owner.
2019-09-24 21:19:27,657 [IPC Server handler 1 on 42447] INFO  volume.OMVolumeCreateRequest (OMVolumeCreateRequest.java:validateAndUpdateCache(189)) - created volume:volume56131 for user:user72516
2019-09-24 21:19:27,712 [Thread-209] INFO  rpc.RpcClient (RpcClient.java:createBucket(415)) - Creating Bucket: volume56131/bucket06443, with Versioning false and Storage Type set to DISK and Encryption set to false 
2019-09-24 21:19:27,904 [Thread-209] INFO  contract.AbstractFSContractTestBase (AbstractFSContractTestBase.java:setup(184)) - Test filesystem = o3fs://bucket06443.volume56131 implemented by OzoneFileSystem{URI=o3fs://bucket06443.volume56131, workingDir=o3fs://bucket06443.volume56131/user/jenkins1000, userName=jenkins1000, statistics=0 bytes read, 0 bytes written, 0 read ops, 0 large read ops, 0 write ops}
2019-09-24 21:19:27,948 [Thread-209] INFO  contract.AbstractFSContractTestBase (AbstractFSContractTestBase.java:describe(255)) - verify trying to create a file over a non-empty dir fails, use builder API=false
2019-09-24 21:19:28,495 [Thread-208] INFO  container.ReplicationManager (ReplicationManager.java:start(162)) - Starting Replication Monitor Thread.
2019-09-24 21:19:28,500 [ReplicationMonitor] INFO  container.ReplicationManager (ReplicationManager.java:run(225)) - Replication Monitor Thread took 1 milliseconds for processing 0 containers.
2019-09-24 21:19:28,772 [RATISCREATEPIPELINE1] ERROR pipeline.RatisPipelineProvider (RatisPipelineProvider.java:lambda$null$5(235)) - Failed invoke Ratis rpc org.apache.hadoop.hdds.scm.pipeline.RatisPipelineProvider$$Lambda$199/270335190@55182814 for 828e46cb-5350-48f6-b162-6ce17f2b14e4
org.apache.ratis.protocol.TimeoutIOException: deadline exceeded after 2946125712ns
	at org.apache.ratis.grpc.GrpcUtil.tryUnwrapException(GrpcUtil.java:82)
	at org.apache.ratis.grpc.GrpcUtil.unwrapException(GrpcUtil.java:75)
	at org.apache.ratis.grpc.client.GrpcClientProtocolClient.blockingCall(GrpcClientProtocolClient.java:178)
	at org.apache.ratis.grpc.client.GrpcClientProtocolClient.groupAdd(GrpcClientProtocolClient.java:147)
	at org.apache.ratis.grpc.client.GrpcClientRpc.sendRequest(GrpcClientRpc.java:94)
	at org.apache.ratis.client.impl.RaftClientImpl.sendRequest(RaftClientImpl.java:278)
	at org.apache.ratis.client.impl.RaftClientImpl.groupAdd(RaftClientImpl.java:205)
	at org.apache.hadoop.hdds.scm.pipeline.RatisPipelineProvider.lambda$initializePipeline$4(RatisPipelineProvider.java:196)
	at org.apache.hadoop.hdds.scm.pipeline.RatisPipelineProvider.lambda$null$5(RatisPipelineProvider.java:231)
	at java.util.stream.ForEachOps$ForEachOp$OfRef.accept(ForEachOps.java:184)
	at java.util.ArrayList$ArrayListSpliterator.forEachRemaining(ArrayList.java:1382)
	at java.util.stream.AbstractPipeline.copyInto(AbstractPipeline.java:482)
	at java.util.stream.ForEachOps$ForEachTask.compute(ForEachOps.java:291)
	at java.util.concurrent.CountedCompleter.exec(CountedCompleter.java:731)
	at java.util.concurrent.ForkJoinTask.doExec(ForkJoinTask.java:289)
	at java.util.concurrent.ForkJoinTask.doInvoke(ForkJoinTask.java:401)
	at java.util.concurrent.ForkJoinTask.invoke(ForkJoinTask.java:734)
	at java.util.stream.ForEachOps$ForEachOp.evaluateParallel(ForEachOps.java:160)
	at java.util.stream.ForEachOps$ForEachOp$OfRef.evaluateParallel(ForEachOps.java:174)
	at java.util.stream.AbstractPipeline.evaluate(AbstractPipeline.java:233)
	at java.util.stream.ReferencePipeline.forEach(ReferencePipeline.java:418)
	at java.util.stream.ReferencePipeline$Head.forEach(ReferencePipeline.java:583)
	at org.apache.hadoop.hdds.scm.pipeline.RatisPipelineProvider.lambda$callRatisRpc$6(RatisPipelineProvider.java:225)
	at java.util.concurrent.ForkJoinTask$AdaptedRunnableAction.exec(ForkJoinTask.java:1386)
	at java.util.concurrent.ForkJoinTask.doExec(ForkJoinTask.java:289)
	at java.util.concurrent.ForkJoinPool$WorkQueue.runTask(ForkJoinPool.java:1056)
	at java.util.concurrent.ForkJoinPool.runWorker(ForkJoinPool.java:1692)
	at java.util.concurrent.ForkJoinWorkerThread.run(ForkJoinWorkerThread.java:157)
Caused by: org.apache.ratis.thirdparty.io.grpc.StatusRuntimeException: DEADLINE_EXCEEDED: deadline exceeded after 2946125712ns
	at org.apache.ratis.thirdparty.io.grpc.stub.ClientCalls.toStatusRuntimeException(ClientCalls.java:233)
	at org.apache.ratis.thirdparty.io.grpc.stub.ClientCalls.getUnchecked(ClientCalls.java:214)
	at org.apache.ratis.thirdparty.io.grpc.stub.ClientCalls.blockingUnaryCall(ClientCalls.java:139)
	at org.apache.ratis.proto.grpc.AdminProtocolServiceGrpc$AdminProtocolServiceBlockingStub.groupManagement(AdminProtocolServiceGrpc.java:274)
	at org.apache.ratis.grpc.client.GrpcClientProtocolClient.lambda$groupAdd$3(GrpcClientProtocolClient.java:149)
	at org.apache.ratis.grpc.client.GrpcClientProtocolClient.blockingCall(GrpcClientProtocolClient.java:176)
	... 25 more
2019-09-24 21:19:28,852 [grpc-default-executor-2] INFO  impl.RaftServerProxy (RaftServerProxy.java:addNew(89)) - 66ab88db-d69f-4f96-9860-b898e5399db4: addNew group-E596A2B7CC13:[f3cc68b9-8250-46bd-9f8b-0b9d65688440:192.168.36.84:35502, c1e0fc5a-7ae4-45d0-a105-709cc60ce072:192.168.36.84:33769, 66ab88db-d69f-4f96-9860-b898e5399db4:192.168.36.84:42907] returns group-E596A2B7CC13:java.util.concurrent.CompletableFuture@42ae48ba[Not completed]
2019-09-24 21:19:28,853 [grpc-default-executor-1] INFO  impl.RaftServerProxy (RaftServerProxy.java:addNew(89)) - c1e0fc5a-7ae4-45d0-a105-709cc60ce072: addNew group-E596A2B7CC13:[f3cc68b9-8250-46bd-9f8b-0b9d65688440:192.168.36.84:35502, c1e0fc5a-7ae4-45d0-a105-709cc60ce072:192.168.36.84:33769, 66ab88db-d69f-4f96-9860-b898e5399db4:192.168.36.84:42907] returns group-E596A2B7CC13:java.util.concurrent.CompletableFuture@11ba3ede[Not completed]
2019-09-24 21:19:28,854 [grpc-default-executor-0] INFO  impl.RaftServerProxy (RaftServerProxy.java:addNew(89)) - f3cc68b9-8250-46bd-9f8b-0b9d65688440: addNew group-E596A2B7CC13:[f3cc68b9-8250-46bd-9f8b-0b9d65688440:192.168.36.84:35502, c1e0fc5a-7ae4-45d0-a105-709cc60ce072:192.168.36.84:33769, 66ab88db-d69f-4f96-9860-b898e5399db4:192.168.36.84:42907] returns group-E596A2B7CC13:java.util.concurrent.CompletableFuture@2e997949[Not completed]
2019-09-24 21:19:28,903 [pool-47-thread-1] INFO  impl.RaftServerImpl (RaftServerImpl.java:<init>(95)) - 66ab88db-d69f-4f96-9860-b898e5399db4: new RaftServerImpl for group-E596A2B7CC13:[f3cc68b9-8250-46bd-9f8b-0b9d65688440:192.168.36.84:35502, c1e0fc5a-7ae4-45d0-a105-709cc60ce072:192.168.36.84:33769, 66ab88db-d69f-4f96-9860-b898e5399db4:192.168.36.84:42907] with ContainerStateMachine:uninitialized
2019-09-24 21:19:28,907 [pool-47-thread-1] INFO  server.RaftServerConfigKeys (ConfUtils.java:logGet(43)) - raft.server.rpc.timeout.min = 5s (custom)
2019-09-24 21:19:28,909 [pool-47-thread-1] INFO  server.RaftServerConfigKeys (ConfUtils.java:logGet(43)) - raft.server.rpc.timeout.max = 5200ms (custom)
2019-09-24 21:19:28,916 [pool-47-thread-1] INFO  server.RaftServerConfigKeys (ConfUtils.java:logGet(43)) - raft.server.rpcslowness.timeout = 120s (custom)
2019-09-24 21:19:28,929 [pool-47-thread-1] INFO  server.RaftServerConfigKeys (ConfUtils.java:logGet(43)) - raft.server.sleep.deviation.threshold = 300 (default)
2019-09-24 21:19:28,930 [pool-47-thread-1] INFO  server.RaftServerConfigKeys (ConfUtils.java:logGet(43)) - raft.server.log.appender.install.snapshot.enabled = false (custom)
2019-09-24 21:19:28,930 [pool-47-thread-1] INFO  impl.RaftServerImpl (ServerState.java:<init>(103)) - 66ab88db-d69f-4f96-9860-b898e5399db4@group-E596A2B7CC13: ConfigurationManager, init=-1: [f3cc68b9-8250-46bd-9f8b-0b9d65688440:192.168.36.84:35502, c1e0fc5a-7ae4-45d0-a105-709cc60ce072:192.168.36.84:33769, 66ab88db-d69f-4f96-9860-b898e5399db4:192.168.36.84:42907], old=null, confs=<EMPTY_MAP>
2019-09-24 21:19:28,930 [pool-47-thread-1] INFO  server.RaftServerConfigKeys (ConfUtils.java:logGet(43)) - raft.server.storage.dir = [/workdir/hadoop-ozone/ozonefs/target/test-dir/MiniOzoneClusterImpl-35f2434d-e88f-4dc0-aaff-2450d0368017/datanode-2/data/ratis] (custom)
2019-09-24 21:19:28,931 [pool-47-thread-1] INFO  storage.RaftStorageDirectory (RaftStorageDirectory.java:analyzeStorage(246)) - The storage directory /workdir/hadoop-ozone/ozonefs/target/test-dir/MiniOzoneClusterImpl-35f2434d-e88f-4dc0-aaff-2450d0368017/datanode-2/data/ratis/c771ee58-0b4b-474e-bc62-e596a2b7cc13 does not exist. Creating ...
2019-09-24 21:19:28,934 [pool-37-thread-1] INFO  impl.RaftServerImpl (RaftServerImpl.java:<init>(95)) - f3cc68b9-8250-46bd-9f8b-0b9d65688440: new RaftServerImpl for group-E596A2B7CC13:[f3cc68b9-8250-46bd-9f8b-0b9d65688440:192.168.36.84:35502, c1e0fc5a-7ae4-45d0-a105-709cc60ce072:192.168.36.84:33769, 66ab88db-d69f-4f96-9860-b898e5399db4:192.168.36.84:42907] with ContainerStateMachine:uninitialized
2019-09-24 21:19:28,934 [pool-37-thread-1] INFO  server.RaftServerConfigKeys (ConfUtils.java:logGet(43)) - raft.server.rpc.timeout.min = 5s (custom)
2019-09-24 21:19:28,935 [pool-37-thread-1] INFO  server.RaftServerConfigKeys (ConfUtils.java:logGet(43)) - raft.server.rpc.timeout.max = 5200ms (custom)
2019-09-24 21:19:28,935 [pool-37-thread-1] INFO  server.RaftServerConfigKeys (ConfUtils.java:logGet(43)) - raft.server.rpcslowness.timeout = 120s (custom)
2019-09-24 21:19:28,935 [pool-57-thread-1] INFO  impl.RaftServerImpl (RaftServerImpl.java:<init>(95)) - c1e0fc5a-7ae4-45d0-a105-709cc60ce072: new RaftServerImpl for group-E596A2B7CC13:[f3cc68b9-8250-46bd-9f8b-0b9d65688440:192.168.36.84:35502, c1e0fc5a-7ae4-45d0-a105-709cc60ce072:192.168.36.84:33769, 66ab88db-d69f-4f96-9860-b898e5399db4:192.168.36.84:42907] with ContainerStateMachine:uninitialized
2019-09-24 21:19:28,935 [pool-37-thread-1] INFO  server.RaftServerConfigKeys (ConfUtils.java:logGet(43)) - raft.server.sleep.deviation.threshold = 300 (default)
2019-09-24 21:19:28,936 [pool-57-thread-1] INFO  server.RaftServerConfigKeys (ConfUtils.java:logGet(43)) - raft.server.rpc.timeout.min = 5s (custom)
2019-09-24 21:19:28,936 [pool-37-thread-1] INFO  server.RaftServerConfigKeys (ConfUtils.java:logGet(43)) - raft.server.log.appender.install.snapshot.enabled = false (custom)
2019-09-24 21:19:28,936 [pool-57-thread-1] INFO  server.RaftServerConfigKeys (ConfUtils.java:logGet(43)) - raft.server.rpc.timeout.max = 5200ms (custom)
2019-09-24 21:19:28,937 [pool-37-thread-1] INFO  impl.RaftServerImpl (ServerState.java:<init>(103)) - f3cc68b9-8250-46bd-9f8b-0b9d65688440@group-E596A2B7CC13: ConfigurationManager, init=-1: [f3cc68b9-8250-46bd-9f8b-0b9d65688440:192.168.36.84:35502, c1e0fc5a-7ae4-45d0-a105-709cc60ce072:192.168.36.84:33769, 66ab88db-d69f-4f96-9860-b898e5399db4:192.168.36.84:42907], old=null, confs=<EMPTY_MAP>
2019-09-24 21:19:28,937 [pool-57-thread-1] INFO  server.RaftServerConfigKeys (ConfUtils.java:logGet(43)) - raft.server.rpcslowness.timeout = 120s (custom)
2019-09-24 21:19:28,937 [pool-57-thread-1] INFO  server.RaftServerConfigKeys (ConfUtils.java:logGet(43)) - raft.server.sleep.deviation.threshold = 300 (default)
2019-09-24 21:19:28,937 [pool-37-thread-1] INFO  server.RaftServerConfigKeys (ConfUtils.java:logGet(43)) - raft.server.storage.dir = [/workdir/hadoop-ozone/ozonefs/target/test-dir/MiniOzoneClusterImpl-35f2434d-e88f-4dc0-aaff-2450d0368017/datanode-1/data/ratis] (custom)
2019-09-24 21:19:28,937 [pool-57-thread-1] INFO  server.RaftServerConfigKeys (ConfUtils.java:logGet(43)) - raft.server.log.appender.install.snapshot.enabled = false (custom)
2019-09-24 21:19:28,938 [pool-57-thread-1] INFO  impl.RaftServerImpl (ServerState.java:<init>(103)) - c1e0fc5a-7ae4-45d0-a105-709cc60ce072@group-E596A2B7CC13: ConfigurationManager, init=-1: [f3cc68b9-8250-46bd-9f8b-0b9d65688440:192.168.36.84:35502, c1e0fc5a-7ae4-45d0-a105-709cc60ce072:192.168.36.84:33769, 66ab88db-d69f-4f96-9860-b898e5399db4:192.168.36.84:42907], old=null, confs=<EMPTY_MAP>
2019-09-24 21:19:28,938 [pool-37-thread-1] INFO  storage.RaftStorageDirectory (RaftStorageDirectory.java:analyzeStorage(246)) - The storage directory /workdir/hadoop-ozone/ozonefs/target/test-dir/MiniOzoneClusterImpl-35f2434d-e88f-4dc0-aaff-2450d0368017/datanode-1/data/ratis/c771ee58-0b4b-474e-bc62-e596a2b7cc13 does not exist. Creating ...
2019-09-24 21:19:28,938 [pool-57-thread-1] INFO  server.RaftServerConfigKeys (ConfUtils.java:logGet(43)) - raft.server.storage.dir = [/workdir/hadoop-ozone/ozonefs/target/test-dir/MiniOzoneClusterImpl-35f2434d-e88f-4dc0-aaff-2450d0368017/datanode-3/data/ratis] (custom)
2019-09-24 21:19:28,939 [pool-57-thread-1] INFO  storage.RaftStorageDirectory (RaftStorageDirectory.java:analyzeStorage(246)) - The storage directory /workdir/hadoop-ozone/ozonefs/target/test-dir/MiniOzoneClusterImpl-35f2434d-e88f-4dc0-aaff-2450d0368017/datanode-3/data/ratis/c771ee58-0b4b-474e-bc62-e596a2b7cc13 does not exist. Creating ...
2019-09-24 21:19:31,800 [RATISCREATEPIPELINE2] ERROR pipeline.RatisPipelineProvider (RatisPipelineProvider.java:lambda$null$5(235)) - Failed invoke Ratis rpc org.apache.hadoop.hdds.scm.pipeline.RatisPipelineProvider$$Lambda$199/270335190@7547aa16 for f3cc68b9-8250-46bd-9f8b-0b9d65688440
org.apache.ratis.protocol.TimeoutIOException: deadline exceeded after 2999658854ns
	at org.apache.ratis.grpc.GrpcUtil.tryUnwrapException(GrpcUtil.java:82)
	at org.apache.ratis.grpc.GrpcUtil.unwrapException(GrpcUtil.java:75)
	at org.apache.ratis.grpc.client.GrpcClientProtocolClient.blockingCall(GrpcClientProtocolClient.java:178)
	at org.apache.ratis.grpc.client.GrpcClientProtocolClient.groupAdd(GrpcClientProtocolClient.java:147)
	at org.apache.ratis.grpc.client.GrpcClientRpc.sendRequest(GrpcClientRpc.java:94)
	at org.apache.ratis.client.impl.RaftClientImpl.sendRequest(RaftClientImpl.java:278)
	at org.apache.ratis.client.impl.RaftClientImpl.groupAdd(RaftClientImpl.java:205)
	at org.apache.hadoop.hdds.scm.pipeline.RatisPipelineProvider.lambda$initializePipeline$4(RatisPipelineProvider.java:196)
	at org.apache.hadoop.hdds.scm.pipeline.RatisPipelineProvider.lambda$null$5(RatisPipelineProvider.java:231)
	at java.util.stream.ForEachOps$ForEachOp$OfRef.accept(ForEachOps.java:184)
	at java.util.ArrayList$ArrayListSpliterator.forEachRemaining(ArrayList.java:1382)
	at java.util.stream.AbstractPipeline.copyInto(AbstractPipeline.java:482)
	at java.util.stream.ForEachOps$ForEachTask.compute(ForEachOps.java:291)
	at java.util.concurrent.CountedCompleter.exec(CountedCompleter.java:731)
	at java.util.concurrent.ForkJoinTask.doExec(ForkJoinTask.java:289)
	at java.util.concurrent.ForkJoinPool$WorkQueue.runTask(ForkJoinPool.java:1056)
	at java.util.concurrent.ForkJoinPool.runWorker(ForkJoinPool.java:1692)
	at java.util.concurrent.ForkJoinWorkerThread.run(ForkJoinWorkerThread.java:157)
Caused by: org.apache.ratis.thirdparty.io.grpc.StatusRuntimeException: DEADLINE_EXCEEDED: deadline exceeded after 2999658854ns
	at org.apache.ratis.thirdparty.io.grpc.stub.ClientCalls.toStatusRuntimeException(ClientCalls.java:233)
	at org.apache.ratis.thirdparty.io.grpc.stub.ClientCalls.getUnchecked(ClientCalls.java:214)
	at org.apache.ratis.thirdparty.io.grpc.stub.ClientCalls.blockingUnaryCall(ClientCalls.java:139)
	at org.apache.ratis.proto.grpc.AdminProtocolServiceGrpc$AdminProtocolServiceBlockingStub.groupManagement(AdminProtocolServiceGrpc.java:274)
	at org.apache.ratis.grpc.client.GrpcClientProtocolClient.lambda$groupAdd$3(GrpcClientProtocolClient.java:149)
	at org.apache.ratis.grpc.client.GrpcClientProtocolClient.blockingCall(GrpcClientProtocolClient.java:176)
	... 15 more
2019-09-24 21:19:31,808 [RATISCREATEPIPELINE1] ERROR pipeline.RatisPipelineProvider (RatisPipelineProvider.java:lambda$null$5(235)) - Failed invoke Ratis rpc org.apache.hadoop.hdds.scm.pipeline.RatisPipelineProvider$$Lambda$199/270335190@7547aa16 for c1e0fc5a-7ae4-45d0-a105-709cc60ce072
org.apache.ratis.protocol.TimeoutIOException: deadline exceeded after 2994872813ns
	at org.apache.ratis.grpc.GrpcUtil.tryUnwrapException(GrpcUtil.java:82)
	at org.apache.ratis.grpc.GrpcUtil.unwrapException(GrpcUtil.java:75)
	at org.apache.ratis.grpc.client.GrpcClientProtocolClient.blockingCall(GrpcClientProtocolClient.java:178)
	at org.apache.ratis.grpc.client.GrpcClientProtocolClient.groupAdd(GrpcClientProtocolClient.java:147)
	at org.apache.ratis.grpc.client.GrpcClientRpc.sendRequest(GrpcClientRpc.java:94)
	at org.apache.ratis.client.impl.RaftClientImpl.sendRequest(RaftClientImpl.java:278)
	at org.apache.ratis.client.impl.RaftClientImpl.groupAdd(RaftClientImpl.java:205)
	at org.apache.hadoop.hdds.scm.pipeline.RatisPipelineProvider.lambda$initializePipeline$4(RatisPipelineProvider.java:196)
	at org.apache.hadoop.hdds.scm.pipeline.RatisPipelineProvider.lambda$null$5(RatisPipelineProvider.java:231)
	at java.util.stream.ForEachOps$ForEachOp$OfRef.accept(ForEachOps.java:184)
	at java.util.ArrayList$ArrayListSpliterator.forEachRemaining(ArrayList.java:1382)
	at java.util.stream.AbstractPipeline.copyInto(AbstractPipeline.java:482)
	at java.util.stream.ForEachOps$ForEachTask.compute(ForEachOps.java:291)
	at java.util.concurrent.CountedCompleter.exec(CountedCompleter.java:731)
	at java.util.concurrent.ForkJoinTask.doExec(ForkJoinTask.java:289)
	at java.util.concurrent.ForkJoinTask.doInvoke(ForkJoinTask.java:401)
	at java.util.concurrent.ForkJoinTask.invoke(ForkJoinTask.java:734)
	at java.util.stream.ForEachOps$ForEachOp.evaluateParallel(ForEachOps.java:160)
	at java.util.stream.ForEachOps$ForEachOp$OfRef.evaluateParallel(ForEachOps.java:174)
	at java.util.stream.AbstractPipeline.evaluate(AbstractPipeline.java:233)
	at java.util.stream.ReferencePipeline.forEach(ReferencePipeline.java:418)
	at java.util.stream.ReferencePipeline$Head.forEach(ReferencePipeline.java:583)
	at org.apache.hadoop.hdds.scm.pipeline.RatisPipelineProvider.lambda$callRatisRpc$6(RatisPipelineProvider.java:225)
	at java.util.concurrent.ForkJoinTask$AdaptedRunnableAction.exec(ForkJoinTask.java:1386)
	at java.util.concurrent.ForkJoinTask.doExec(ForkJoinTask.java:289)
	at java.util.concurrent.ForkJoinPool$WorkQueue.runTask(ForkJoinPool.java:1056)
	at java.util.concurrent.ForkJoinPool.runWorker(ForkJoinPool.java:1692)
	at java.util.concurrent.ForkJoinWorkerThread.run(ForkJoinWorkerThread.java:157)
Caused by: org.apache.ratis.thirdparty.io.grpc.StatusRuntimeException: DEADLINE_EXCEEDED: deadline exceeded after 2994872813ns
	at org.apache.ratis.thirdparty.io.grpc.stub.ClientCalls.toStatusRuntimeException(ClientCalls.java:233)
	at org.apache.ratis.thirdparty.io.grpc.stub.ClientCalls.getUnchecked(ClientCalls.java:214)
	at org.apache.ratis.thirdparty.io.grpc.stub.ClientCalls.blockingUnaryCall(ClientCalls.java:139)
	at org.apache.ratis.proto.grpc.AdminProtocolServiceGrpc$AdminProtocolServiceBlockingStub.groupManagement(AdminProtocolServiceGrpc.java:274)
	at org.apache.ratis.grpc.client.GrpcClientProtocolClient.lambda$groupAdd$3(GrpcClientProtocolClient.java:149)
	at org.apache.ratis.grpc.client.GrpcClientProtocolClient.blockingCall(GrpcClientProtocolClient.java:176)
	... 25 more
2019-09-24 21:19:31,800 [RATISCREATEPIPELINE3] ERROR pipeline.RatisPipelineProvider (RatisPipelineProvider.java:lambda$null$5(235)) - Failed invoke Ratis rpc org.apache.hadoop.hdds.scm.pipeline.RatisPipelineProvider$$Lambda$199/270335190@7547aa16 for 66ab88db-d69f-4f96-9860-b898e5399db4
org.apache.ratis.protocol.TimeoutIOException: deadline exceeded after 2994321421ns
	at org.apache.ratis.grpc.GrpcUtil.tryUnwrapException(GrpcUtil.java:82)
	at org.apache.ratis.grpc.GrpcUtil.unwrapException(GrpcUtil.java:75)
	at org.apache.ratis.grpc.client.GrpcClientProtocolClient.blockingCall(GrpcClientProtocolClient.java:178)
	at org.apache.ratis.grpc.client.GrpcClientProtocolClient.groupAdd(GrpcClientProtocolClient.java:147)
	at org.apache.ratis.grpc.client.GrpcClientRpc.sendRequest(GrpcClientRpc.java:94)
	at org.apache.ratis.client.impl.RaftClientImpl.sendRequest(RaftClientImpl.java:278)
	at org.apache.ratis.client.impl.RaftClientImpl.groupAdd(RaftClientImpl.java:205)
	at org.apache.hadoop.hdds.scm.pipeline.RatisPipelineProvider.lambda$initializePipeline$4(RatisPipelineProvider.java:196)
	at org.apache.hadoop.hdds.scm.pipeline.RatisPipelineProvider.lambda$null$5(RatisPipelineProvider.java:231)
	at java.util.stream.ForEachOps$ForEachOp$OfRef.accept(ForEachOps.java:184)
	at java.util.ArrayList$ArrayListSpliterator.forEachRemaining(ArrayList.java:1382)
	at java.util.stream.AbstractPipeline.copyInto(AbstractPipeline.java:482)
	at java.util.stream.ForEachOps$ForEachTask.compute(ForEachOps.java:291)
	at java.util.concurrent.CountedCompleter.exec(CountedCompleter.java:731)
	at java.util.concurrent.ForkJoinTask.doExec(ForkJoinTask.java:289)
	at java.util.concurrent.ForkJoinPool$WorkQueue.runTask(ForkJoinPool.java:1056)
	at java.util.concurrent.ForkJoinPool.runWorker(ForkJoinPool.java:1692)
	at java.util.concurrent.ForkJoinWorkerThread.run(ForkJoinWorkerThread.java:157)
Caused by: org.apache.ratis.thirdparty.io.grpc.StatusRuntimeException: DEADLINE_EXCEEDED: deadline exceeded after 2994321421ns
	at org.apache.ratis.thirdparty.io.grpc.stub.ClientCalls.toStatusRuntimeException(ClientCalls.java:233)
	at org.apache.ratis.thirdparty.io.grpc.stub.ClientCalls.getUnchecked(ClientCalls.java:214)
	at org.apache.ratis.thirdparty.io.grpc.stub.ClientCalls.blockingUnaryCall(ClientCalls.java:139)
	at org.apache.ratis.proto.grpc.AdminProtocolServiceGrpc$AdminProtocolServiceBlockingStub.groupManagement(AdminProtocolServiceGrpc.java:274)
	at org.apache.ratis.grpc.client.GrpcClientProtocolClient.lambda$groupAdd$3(GrpcClientProtocolClient.java:149)
	at org.apache.ratis.grpc.client.GrpcClientProtocolClient.blockingCall(GrpcClientProtocolClient.java:176)
	... 15 more
2019-09-24 21:19:31,850 [grpc-default-executor-3] INFO  impl.RaftServerProxy (RaftServerProxy.java:addNew(89)) - f3cc68b9-8250-46bd-9f8b-0b9d65688440: addNew group-B6B27D799C82:[f3cc68b9-8250-46bd-9f8b-0b9d65688440:192.168.36.84:35502] returns group-B6B27D799C82:java.util.concurrent.CompletableFuture@3b08ce91[Not completed]
2019-09-24 21:19:33,618 [pool-57-thread-1] INFO  storage.RaftStorageDirectory (RaftStorageDirectory.java:tryLock(328)) - Lock on /workdir/hadoop-ozone/ozonefs/target/test-dir/MiniOzoneClusterImpl-35f2434d-e88f-4dc0-aaff-2450d0368017/datanode-3/data/ratis/c771ee58-0b4b-474e-bc62-e596a2b7cc13/in_use.lock acquired by nodename 2502@pr-hdds-2171-6l6hb-1841322612
2019-09-24 21:19:33,618 [pool-47-thread-1] INFO  storage.RaftStorageDirectory (RaftStorageDirectory.java:tryLock(328)) - Lock on /workdir/hadoop-ozone/ozonefs/target/test-dir/MiniOzoneClusterImpl-35f2434d-e88f-4dc0-aaff-2450d0368017/datanode-2/data/ratis/c771ee58-0b4b-474e-bc62-e596a2b7cc13/in_use.lock acquired by nodename 2502@pr-hdds-2171-6l6hb-1841322612
2019-09-24 21:19:33,618 [pool-27-thread-1] INFO  storage.RaftStorageDirectory (RaftStorageDirectory.java:tryLock(328)) - Lock on /workdir/hadoop-ozone/ozonefs/target/test-dir/MiniOzoneClusterImpl-35f2434d-e88f-4dc0-aaff-2450d0368017/datanode-0/data/ratis/622ad7fd-1308-4ea3-a935-b35db681a041/in_use.lock acquired by nodename 2502@pr-hdds-2171-6l6hb-1841322612
2019-09-24 21:19:33,618 [pool-37-thread-1] INFO  storage.RaftStorageDirectory (RaftStorageDirectory.java:tryLock(328)) - Lock on /workdir/hadoop-ozone/ozonefs/target/test-dir/MiniOzoneClusterImpl-35f2434d-e88f-4dc0-aaff-2450d0368017/datanode-1/data/ratis/c771ee58-0b4b-474e-bc62-e596a2b7cc13/in_use.lock acquired by nodename 2502@pr-hdds-2171-6l6hb-1841322612
2019-09-24 21:19:33,695 [pool-37-thread-1] INFO  storage.RaftStorage (RaftStorage.java:format(72)) - Storage directory /workdir/hadoop-ozone/ozonefs/target/test-dir/MiniOzoneClusterImpl-35f2434d-e88f-4dc0-aaff-2450d0368017/datanode-1/data/ratis/c771ee58-0b4b-474e-bc62-e596a2b7cc13 has been successfully formatted.
2019-09-24 21:19:33,695 [pool-47-thread-1] INFO  storage.RaftStorage (RaftStorage.java:format(72)) - Storage directory /workdir/hadoop-ozone/ozonefs/target/test-dir/MiniOzoneClusterImpl-35f2434d-e88f-4dc0-aaff-2450d0368017/datanode-2/data/ratis/c771ee58-0b4b-474e-bc62-e596a2b7cc13 has been successfully formatted.
2019-09-24 21:19:33,695 [pool-27-thread-1] INFO  storage.RaftStorage (RaftStorage.java:format(72)) - Storage directory /workdir/hadoop-ozone/ozonefs/target/test-dir/MiniOzoneClusterImpl-35f2434d-e88f-4dc0-aaff-2450d0368017/datanode-0/data/ratis/622ad7fd-1308-4ea3-a935-b35db681a041 has been successfully formatted.
2019-09-24 21:19:33,695 [pool-57-thread-1] INFO  storage.RaftStorage (RaftStorage.java:format(72)) - Storage directory /workdir/hadoop-ozone/ozonefs/target/test-dir/MiniOzoneClusterImpl-35f2434d-e88f-4dc0-aaff-2450d0368017/datanode-3/data/ratis/c771ee58-0b4b-474e-bc62-e596a2b7cc13 has been successfully formatted.
2019-09-24 21:19:33,702 [pool-37-thread-1] INFO  ratis.ContainerStateMachine (ContainerStateMachine.java:loadSnapshot(230)) - group-E596A2B7CC13: The snapshot info is null. Setting the last applied indexto:(t:0, i:~)
2019-09-24 21:19:33,702 [pool-47-thread-1] INFO  ratis.ContainerStateMachine (ContainerStateMachine.java:loadSnapshot(230)) - group-E596A2B7CC13: The snapshot info is null. Setting the last applied indexto:(t:0, i:~)
2019-09-24 21:19:33,702 [pool-57-thread-1] INFO  ratis.ContainerStateMachine (ContainerStateMachine.java:loadSnapshot(230)) - group-E596A2B7CC13: The snapshot info is null. Setting the last applied indexto:(t:0, i:~)
2019-09-24 21:19:33,702 [pool-27-thread-1] INFO  ratis.ContainerStateMachine (ContainerStateMachine.java:loadSnapshot(230)) - group-B35DB681A041: The snapshot info is null. Setting the last applied indexto:(t:0, i:~)
2019-09-24 21:19:33,705 [pool-57-thread-1] INFO  server.RaftServerConfigKeys (ConfUtils.java:logGet(43)) - raft.server.notification.no-leader.timeout = 120s (custom)
2019-09-24 21:19:33,705 [pool-47-thread-1] INFO  server.RaftServerConfigKeys (ConfUtils.java:logGet(43)) - raft.server.notification.no-leader.timeout = 120s (custom)
2019-09-24 21:19:33,705 [pool-37-thread-1] INFO  server.RaftServerConfigKeys (ConfUtils.java:logGet(43)) - raft.server.notification.no-leader.timeout = 120s (custom)
2019-09-24 21:19:33,705 [pool-27-thread-1] INFO  server.RaftServerConfigKeys (ConfUtils.java:logGet(43)) - raft.server.notification.no-leader.timeout = 120s (custom)
2019-09-24 21:19:34,010 [pool-57-thread-1] INFO  server.RaftServerConfigKeys (ConfUtils.java:logGet(43)) - raft.server.log.use.memory = false (default)
2019-09-24 21:19:34,010 [pool-27-thread-1] INFO  server.RaftServerConfigKeys (ConfUtils.java:logGet(43)) - raft.server.log.use.memory = false (default)
2019-09-24 21:19:34,010 [pool-37-thread-1] INFO  server.RaftServerConfigKeys (ConfUtils.java:logGet(43)) - raft.server.log.use.memory = false (default)
2019-09-24 21:19:34,010 [pool-47-thread-1] INFO  server.RaftServerConfigKeys (ConfUtils.java:logGet(43)) - raft.server.log.use.memory = false (default)
2019-09-24 21:19:34,021 [pool-37-thread-1] INFO  server.RaftServerConfigKeys (ConfUtils.java:logGet(43)) - raft.server.log.purge.gap = 1000000 (custom)
2019-09-24 21:19:34,021 [pool-47-thread-1] INFO  server.RaftServerConfigKeys (ConfUtils.java:logGet(43)) - raft.server.log.purge.gap = 1000000 (custom)
2019-09-24 21:19:34,021 [pool-57-thread-1] INFO  server.RaftServerConfigKeys (ConfUtils.java:logGet(43)) - raft.server.log.purge.gap = 1000000 (custom)
2019-09-24 21:19:34,021 [pool-27-thread-1] INFO  server.RaftServerConfigKeys (ConfUtils.java:logGet(43)) - raft.server.log.purge.gap = 1000000 (custom)
2019-09-24 21:19:34,022 [pool-57-thread-1] INFO  server.RaftServerConfigKeys (ConfUtils.java:logGet(43)) - raft.server.log.appender.buffer.byte-limit = 33554432 (custom)
2019-09-24 21:19:34,021 [pool-47-thread-1] INFO  server.RaftServerConfigKeys (ConfUtils.java:logGet(43)) - raft.server.log.appender.buffer.byte-limit = 33554432 (custom)
2019-09-24 21:19:34,021 [pool-37-thread-1] INFO  server.RaftServerConfigKeys (ConfUtils.java:logGet(43)) - raft.server.log.appender.buffer.byte-limit = 33554432 (custom)
2019-09-24 21:19:34,022 [pool-27-thread-1] INFO  server.RaftServerConfigKeys (ConfUtils.java:logGet(43)) - raft.server.log.appender.buffer.byte-limit = 33554432 (custom)
2019-09-24 21:19:34,026 [pool-57-thread-1] INFO  server.RaftServerConfigKeys (ConfUtils.java:logGet(43)) - raft.server.log.segment.size.max = 1048576 (custom)
2019-09-24 21:19:34,026 [pool-27-thread-1] INFO  server.RaftServerConfigKeys (ConfUtils.java:logGet(43)) - raft.server.log.segment.size.max = 1048576 (custom)
2019-09-24 21:19:34,026 [pool-37-thread-1] INFO  server.RaftServerConfigKeys (ConfUtils.java:logGet(43)) - raft.server.log.segment.size.max = 1048576 (custom)
2019-09-24 21:19:34,026 [pool-47-thread-1] INFO  server.RaftServerConfigKeys (ConfUtils.java:logGet(43)) - raft.server.log.segment.size.max = 1048576 (custom)
2019-09-24 21:19:34,033 [pool-57-thread-1] INFO  server.RaftServerConfigKeys (ConfUtils.java:logGet(43)) - raft.server.log.segment.cache.num.max = 2 (custom)
2019-09-24 21:19:34,033 [pool-27-thread-1] INFO  server.RaftServerConfigKeys (ConfUtils.java:logGet(43)) - raft.server.log.segment.cache.num.max = 2 (custom)
2019-09-24 21:19:34,033 [pool-37-thread-1] INFO  server.RaftServerConfigKeys (ConfUtils.java:logGet(43)) - raft.server.log.segment.cache.num.max = 2 (custom)
2019-09-24 21:19:34,033 [pool-47-thread-1] INFO  server.RaftServerConfigKeys (ConfUtils.java:logGet(43)) - raft.server.log.segment.cache.num.max = 2 (custom)
2019-09-24 21:19:34,042 [pool-57-thread-1] INFO  segmented.SegmentedRaftLogWorker (SegmentedRaftLogWorker.java:<init>(172)) - new c1e0fc5a-7ae4-45d0-a105-709cc60ce072@group-E596A2B7CC13-SegmentedRaftLogWorker for RaftStorage:Storage Directory /workdir/hadoop-ozone/ozonefs/target/test-dir/MiniOzoneClusterImpl-35f2434d-e88f-4dc0-aaff-2450d0368017/datanode-3/data/ratis/c771ee58-0b4b-474e-bc62-e596a2b7cc13
2019-09-24 21:19:34,042 [pool-27-thread-1] INFO  segmented.SegmentedRaftLogWorker (SegmentedRaftLogWorker.java:<init>(172)) - new 828e46cb-5350-48f6-b162-6ce17f2b14e4@group-B35DB681A041-SegmentedRaftLogWorker for RaftStorage:Storage Directory /workdir/hadoop-ozone/ozonefs/target/test-dir/MiniOzoneClusterImpl-35f2434d-e88f-4dc0-aaff-2450d0368017/datanode-0/data/ratis/622ad7fd-1308-4ea3-a935-b35db681a041
2019-09-24 21:19:34,042 [pool-37-thread-1] INFO  segmented.SegmentedRaftLogWorker (SegmentedRaftLogWorker.java:<init>(172)) - new f3cc68b9-8250-46bd-9f8b-0b9d65688440@group-E596A2B7CC13-SegmentedRaftLogWorker for RaftStorage:Storage Directory /workdir/hadoop-ozone/ozonefs/target/test-dir/MiniOzoneClusterImpl-35f2434d-e88f-4dc0-aaff-2450d0368017/datanode-1/data/ratis/c771ee58-0b4b-474e-bc62-e596a2b7cc13
2019-09-24 21:19:34,042 [pool-47-thread-1] INFO  segmented.SegmentedRaftLogWorker (SegmentedRaftLogWorker.java:<init>(172)) - new 66ab88db-d69f-4f96-9860-b898e5399db4@group-E596A2B7CC13-SegmentedRaftLogWorker for RaftStorage:Storage Directory /workdir/hadoop-ozone/ozonefs/target/test-dir/MiniOzoneClusterImpl-35f2434d-e88f-4dc0-aaff-2450d0368017/datanode-2/data/ratis/c771ee58-0b4b-474e-bc62-e596a2b7cc13
2019-09-24 21:19:34,046 [pool-57-thread-1] INFO  impl.MetricsSystemImpl (MetricsSystemImpl.java:init(158)) - ratis metrics system started (again)
2019-09-24 21:19:34,058 [pool-37-thread-1] INFO  metrics.MetricRegistries (MetricRegistriesLoader.java:load(64)) - Loaded MetricRegistries class org.apache.ratis.metrics.impl.MetricRegistriesImpl
2019-09-24 21:19:34,139 [pool-27-thread-1] INFO  server.RaftServerConfigKeys (ConfUtils.java:logGet(43)) - raft.server.log.queue.byte-limit = 2147483647 (custom)
2019-09-24 21:19:34,139 [pool-37-thread-1] INFO  server.RaftServerConfigKeys (ConfUtils.java:logGet(43)) - raft.server.log.queue.byte-limit = 2147483647 (custom)
2019-09-24 21:19:34,139 [pool-57-thread-1] INFO  server.RaftServerConfigKeys (ConfUtils.java:logGet(43)) - raft.server.log.queue.byte-limit = 2147483647 (custom)
2019-09-24 21:19:34,139 [pool-47-thread-1] INFO  server.RaftServerConfigKeys (ConfUtils.java:logGet(43)) - raft.server.log.queue.byte-limit = 2147483647 (custom)
2019-09-24 21:19:34,140 [pool-27-thread-1] INFO  server.RaftServerConfigKeys (ConfUtils.java:logGet(43)) - raft.server.log.queue.element-limit = 1024 (custom)
2019-09-24 21:19:34,140 [pool-47-thread-1] INFO  server.RaftServerConfigKeys (ConfUtils.java:logGet(43)) - raft.server.log.queue.element-limit = 1024 (custom)
2019-09-24 21:19:34,140 [pool-37-thread-1] INFO  server.RaftServerConfigKeys (ConfUtils.java:logGet(43)) - raft.server.log.queue.element-limit = 1024 (custom)
2019-09-24 21:19:34,140 [pool-57-thread-1] INFO  server.RaftServerConfigKeys (ConfUtils.java:logGet(43)) - raft.server.log.queue.element-limit = 1024 (custom)
2019-09-24 21:19:34,144 [pool-27-thread-1] INFO  server.RaftServerConfigKeys (ConfUtils.java:logGet(43)) - raft.server.log.segment.size.max = 1048576 (custom)
2019-09-24 21:19:34,144 [pool-47-thread-1] INFO  server.RaftServerConfigKeys (ConfUtils.java:logGet(43)) - raft.server.log.segment.size.max = 1048576 (custom)
2019-09-24 21:19:34,144 [pool-37-thread-1] INFO  server.RaftServerConfigKeys (ConfUtils.java:logGet(43)) - raft.server.log.segment.size.max = 1048576 (custom)
2019-09-24 21:19:34,144 [pool-57-thread-1] INFO  server.RaftServerConfigKeys (ConfUtils.java:logGet(43)) - raft.server.log.segment.size.max = 1048576 (custom)
2019-09-24 21:19:34,144 [pool-37-thread-1] INFO  server.RaftServerConfigKeys (ConfUtils.java:logGet(43)) - raft.server.log.preallocated.size = 16384 (custom)
2019-09-24 21:19:34,145 [pool-47-thread-1] INFO  server.RaftServerConfigKeys (ConfUtils.java:logGet(43)) - raft.server.log.preallocated.size = 16384 (custom)
2019-09-24 21:19:34,144 [pool-27-thread-1] INFO  server.RaftServerConfigKeys (ConfUtils.java:logGet(43)) - raft.server.log.preallocated.size = 16384 (custom)
2019-09-24 21:19:34,145 [pool-57-thread-1] INFO  server.RaftServerConfigKeys (ConfUtils.java:logGet(43)) - raft.server.log.preallocated.size = 16384 (custom)
2019-09-24 21:19:34,145 [pool-37-thread-1] INFO  server.RaftServerConfigKeys (ConfUtils.java:logGet(43)) - raft.server.log.write.buffer.size = 33554432 (custom)
2019-09-24 21:19:34,145 [pool-47-thread-1] INFO  server.RaftServerConfigKeys (ConfUtils.java:logGet(43)) - raft.server.log.write.buffer.size = 33554432 (custom)
2019-09-24 21:19:34,145 [pool-57-thread-1] INFO  server.RaftServerConfigKeys (ConfUtils.java:logGet(43)) - raft.server.log.write.buffer.size = 33554432 (custom)
2019-09-24 21:19:34,145 [pool-27-thread-1] INFO  server.RaftServerConfigKeys (ConfUtils.java:logGet(43)) - raft.server.log.write.buffer.size = 33554432 (custom)
2019-09-24 21:19:34,146 [pool-37-thread-1] INFO  server.RaftServerConfigKeys (ConfUtils.java:logGet(43)) - raft.server.log.force.sync.num = 128 (default)
2019-09-24 21:19:34,146 [pool-57-thread-1] INFO  server.RaftServerConfigKeys (ConfUtils.java:logGet(43)) - raft.server.log.force.sync.num = 128 (default)
2019-09-24 21:19:34,146 [pool-47-thread-1] INFO  server.RaftServerConfigKeys (ConfUtils.java:logGet(43)) - raft.server.log.force.sync.num = 128 (default)
2019-09-24 21:19:34,146 [pool-27-thread-1] INFO  server.RaftServerConfigKeys (ConfUtils.java:logGet(43)) - raft.server.log.force.sync.num = 128 (default)
2019-09-24 21:19:34,147 [pool-27-thread-1] INFO  server.RaftServerConfigKeys (ConfUtils.java:logGet(43)) - raft.server.log.statemachine.data.sync = true (default)
2019-09-24 21:19:34,147 [pool-47-thread-1] INFO  server.RaftServerConfigKeys (ConfUtils.java:logGet(43)) - raft.server.log.statemachine.data.sync = true (default)
2019-09-24 21:19:34,147 [pool-37-thread-1] INFO  server.RaftServerConfigKeys (ConfUtils.java:logGet(43)) - raft.server.log.statemachine.data.sync = true (default)
2019-09-24 21:19:34,147 [pool-57-thread-1] INFO  server.RaftServerConfigKeys (ConfUtils.java:logGet(43)) - raft.server.log.statemachine.data.sync = true (default)
2019-09-24 21:19:34,148 [pool-37-thread-1] INFO  server.RaftServerConfigKeys (ConfUtils.java:logGet(43)) - raft.server.log.statemachine.data.sync.timeout = 10s (default)
2019-09-24 21:19:34,148 [pool-47-thread-1] INFO  server.RaftServerConfigKeys (ConfUtils.java:logGet(43)) - raft.server.log.statemachine.data.sync.timeout = 10s (default)
2019-09-24 21:19:34,148 [pool-27-thread-1] INFO  server.RaftServerConfigKeys (ConfUtils.java:logGet(43)) - raft.server.log.statemachine.data.sync.timeout = 10s (default)
2019-09-24 21:19:34,149 [pool-37-thread-1] INFO  server.RaftServerConfigKeys (ConfUtils.java:logGet(43)) - raft.server.log.statemachine.data.sync.timeout.retry = -1 (default)
2019-09-24 21:19:34,148 [pool-57-thread-1] INFO  server.RaftServerConfigKeys (ConfUtils.java:logGet(43)) - raft.server.log.statemachine.data.sync.timeout = 10s (default)
2019-09-24 21:19:34,149 [pool-27-thread-1] INFO  server.RaftServerConfigKeys (ConfUtils.java:logGet(43)) - raft.server.log.statemachine.data.sync.timeout.retry = -1 (default)
2019-09-24 21:19:34,149 [pool-57-thread-1] INFO  server.RaftServerConfigKeys (ConfUtils.java:logGet(43)) - raft.server.log.statemachine.data.sync.timeout.retry = -1 (default)
2019-09-24 21:19:34,150 [pool-47-thread-1] INFO  server.RaftServerConfigKeys (ConfUtils.java:logGet(43)) - raft.server.log.statemachine.data.sync.timeout.retry = -1 (default)
2019-09-24 21:19:34,165 [pool-37-thread-1] INFO  server.RaftServerConfigKeys (ConfUtils.java:logGet(43)) - raft.server.log.statemachine.data.caching.enabled = true (custom)
2019-09-24 21:19:34,165 [pool-57-thread-1] INFO  server.RaftServerConfigKeys (ConfUtils.java:logGet(43)) - raft.server.log.statemachine.data.caching.enabled = true (custom)
2019-09-24 21:19:34,165 [pool-27-thread-1] INFO  server.RaftServerConfigKeys (ConfUtils.java:logGet(43)) - raft.server.log.statemachine.data.caching.enabled = true (custom)
2019-09-24 21:19:34,165 [pool-47-thread-1] INFO  server.RaftServerConfigKeys (ConfUtils.java:logGet(43)) - raft.server.log.statemachine.data.caching.enabled = true (custom)
2019-09-24 21:19:34,177 [pool-37-thread-1] INFO  segmented.SegmentedRaftLogWorker (SegmentedRaftLogWorker.java:lambda$new$0(132)) - f3cc68b9-8250-46bd-9f8b-0b9d65688440@group-E596A2B7CC13-SegmentedRaftLogWorker: flushIndex: setUnconditionally 0 -> -1
2019-09-24 21:19:34,177 [pool-57-thread-1] INFO  segmented.SegmentedRaftLogWorker (SegmentedRaftLogWorker.java:lambda$new$0(132)) - c1e0fc5a-7ae4-45d0-a105-709cc60ce072@group-E596A2B7CC13-SegmentedRaftLogWorker: flushIndex: setUnconditionally 0 -> -1
2019-09-24 21:19:34,177 [pool-27-thread-1] INFO  segmented.SegmentedRaftLogWorker (SegmentedRaftLogWorker.java:lambda$new$0(132)) - 828e46cb-5350-48f6-b162-6ce17f2b14e4@group-B35DB681A041-SegmentedRaftLogWorker: flushIndex: setUnconditionally 0 -> -1
2019-09-24 21:19:34,177 [pool-47-thread-1] INFO  segmented.SegmentedRaftLogWorker (SegmentedRaftLogWorker.java:lambda$new$0(132)) - 66ab88db-d69f-4f96-9860-b898e5399db4@group-E596A2B7CC13-SegmentedRaftLogWorker: flushIndex: setUnconditionally 0 -> -1
2019-09-24 21:19:34,185 [pool-37-thread-1] INFO  server.RaftServerConfigKeys (ConfUtils.java:logGet(43)) - raft.server.snapshot.auto.trigger.enabled = true (custom)
2019-09-24 21:19:34,185 [pool-27-thread-1] INFO  server.RaftServerConfigKeys (ConfUtils.java:logGet(43)) - raft.server.snapshot.auto.trigger.enabled = true (custom)
2019-09-24 21:19:34,185 [pool-57-thread-1] INFO  server.RaftServerConfigKeys (ConfUtils.java:logGet(43)) - raft.server.snapshot.auto.trigger.enabled = true (custom)
2019-09-24 21:19:34,185 [pool-47-thread-1] INFO  server.RaftServerConfigKeys (ConfUtils.java:logGet(43)) - raft.server.snapshot.auto.trigger.enabled = true (custom)
2019-09-24 21:19:34,187 [pool-37-thread-1] INFO  server.RaftServerConfigKeys (ConfUtils.java:logGet(43)) - raft.server.snapshot.auto.trigger.threshold = 10000 (custom)
2019-09-24 21:19:34,187 [pool-27-thread-1] INFO  server.RaftServerConfigKeys (ConfUtils.java:logGet(43)) - raft.server.snapshot.auto.trigger.threshold = 10000 (custom)
2019-09-24 21:19:34,187 [pool-57-thread-1] INFO  server.RaftServerConfigKeys (ConfUtils.java:logGet(43)) - raft.server.snapshot.auto.trigger.threshold = 10000 (custom)
2019-09-24 21:19:34,187 [pool-47-thread-1] INFO  server.RaftServerConfigKeys (ConfUtils.java:logGet(43)) - raft.server.snapshot.auto.trigger.threshold = 10000 (custom)
2019-09-24 21:19:34,188 [pool-37-thread-1] INFO  server.RaftServerConfigKeys (ConfUtils.java:logGet(43)) - raft.server.snapshot.retention.num.files = 5 (custom)
2019-09-24 21:19:34,188 [pool-57-thread-1] INFO  server.RaftServerConfigKeys (ConfUtils.java:logGet(43)) - raft.server.snapshot.retention.num.files = 5 (custom)
2019-09-24 21:19:34,188 [pool-47-thread-1] INFO  server.RaftServerConfigKeys (ConfUtils.java:logGet(43)) - raft.server.snapshot.retention.num.files = 5 (custom)
2019-09-24 21:19:34,188 [pool-27-thread-1] INFO  server.RaftServerConfigKeys (ConfUtils.java:logGet(43)) - raft.server.snapshot.retention.num.files = 5 (custom)
2019-09-24 21:19:34,189 [pool-37-thread-1] INFO  server.RaftServerConfigKeys (ConfUtils.java:logGet(43)) - raft.server.retrycache.expirytime = 600000ms (custom)
2019-09-24 21:19:34,189 [pool-47-thread-1] INFO  server.RaftServerConfigKeys (ConfUtils.java:logGet(43)) - raft.server.retrycache.expirytime = 600000ms (custom)
2019-09-24 21:19:34,189 [pool-27-thread-1] INFO  server.RaftServerConfigKeys (ConfUtils.java:logGet(43)) - raft.server.retrycache.expirytime = 600000ms (custom)
2019-09-24 21:19:34,189 [pool-57-thread-1] INFO  server.RaftServerConfigKeys (ConfUtils.java:logGet(43)) - raft.server.retrycache.expirytime = 600000ms (custom)
2019-09-24 21:19:34,226 [pool-57-thread-1] INFO  impl.RaftServerImpl (RaftServerImpl.java:start(185)) - c1e0fc5a-7ae4-45d0-a105-709cc60ce072@group-E596A2B7CC13: start as a follower, conf=-1: [f3cc68b9-8250-46bd-9f8b-0b9d65688440:192.168.36.84:35502, c1e0fc5a-7ae4-45d0-a105-709cc60ce072:192.168.36.84:33769, 66ab88db-d69f-4f96-9860-b898e5399db4:192.168.36.84:42907], old=null
2019-09-24 21:19:34,226 [pool-47-thread-1] INFO  impl.RaftServerImpl (RaftServerImpl.java:start(185)) - 66ab88db-d69f-4f96-9860-b898e5399db4@group-E596A2B7CC13: start as a follower, conf=-1: [f3cc68b9-8250-46bd-9f8b-0b9d65688440:192.168.36.84:35502, c1e0fc5a-7ae4-45d0-a105-709cc60ce072:192.168.36.84:33769, 66ab88db-d69f-4f96-9860-b898e5399db4:192.168.36.84:42907], old=null
2019-09-24 21:19:34,227 [pool-27-thread-1] INFO  impl.RaftServerImpl (RaftServerImpl.java:start(185)) - 828e46cb-5350-48f6-b162-6ce17f2b14e4@group-B35DB681A041: start as a follower, conf=-1: [828e46cb-5350-48f6-b162-6ce17f2b14e4:192.168.36.84:34040], old=null
2019-09-24 21:19:34,227 [pool-37-thread-1] INFO  impl.RaftServerImpl (RaftServerImpl.java:<init>(95)) - f3cc68b9-8250-46bd-9f8b-0b9d65688440: new RaftServerImpl for group-B6B27D799C82:[f3cc68b9-8250-46bd-9f8b-0b9d65688440:192.168.36.84:35502] with ContainerStateMachine:uninitialized
2019-09-24 21:19:34,227 [pool-37-thread-1] INFO  server.RaftServerConfigKeys (ConfUtils.java:logGet(43)) - raft.server.rpc.timeout.min = 5s (custom)
2019-09-24 21:19:34,227 [pool-37-thread-1] INFO  server.RaftServerConfigKeys (ConfUtils.java:logGet(43)) - raft.server.rpc.timeout.max = 5200ms (custom)
2019-09-24 21:19:34,228 [pool-37-thread-1] INFO  server.RaftServerConfigKeys (ConfUtils.java:logGet(43)) - raft.server.rpcslowness.timeout = 120s (custom)
2019-09-24 21:19:34,228 [pool-37-thread-1] INFO  server.RaftServerConfigKeys (ConfUtils.java:logGet(43)) - raft.server.sleep.deviation.threshold = 300 (default)
2019-09-24 21:19:34,228 [pool-37-thread-1] INFO  server.RaftServerConfigKeys (ConfUtils.java:logGet(43)) - raft.server.log.appender.install.snapshot.enabled = false (custom)
2019-09-24 21:19:34,228 [pool-27-thread-1] INFO  impl.RaftServerImpl (RaftServerImpl.java:setRole(174)) - 828e46cb-5350-48f6-b162-6ce17f2b14e4@group-B35DB681A041: changes role from      null to FOLLOWER at term 0 for startAsFollower
2019-09-24 21:19:34,228 [pool-57-thread-1] INFO  impl.RaftServerImpl (RaftServerImpl.java:setRole(174)) - c1e0fc5a-7ae4-45d0-a105-709cc60ce072@group-E596A2B7CC13: changes role from      null to FOLLOWER at term 0 for startAsFollower
2019-09-24 21:19:34,228 [pool-47-thread-1] INFO  impl.RaftServerImpl (RaftServerImpl.java:setRole(174)) - 66ab88db-d69f-4f96-9860-b898e5399db4@group-E596A2B7CC13: changes role from      null to FOLLOWER at term 0 for startAsFollower
2019-09-24 21:19:34,228 [pool-37-thread-1] INFO  impl.RaftServerImpl (ServerState.java:<init>(103)) - f3cc68b9-8250-46bd-9f8b-0b9d65688440@group-B6B27D799C82: ConfigurationManager, init=-1: [f3cc68b9-8250-46bd-9f8b-0b9d65688440:192.168.36.84:35502], old=null, confs=<EMPTY_MAP>
2019-09-24 21:19:34,229 [pool-37-thread-1] INFO  server.RaftServerConfigKeys (ConfUtils.java:logGet(43)) - raft.server.storage.dir = [/workdir/hadoop-ozone/ozonefs/target/test-dir/MiniOzoneClusterImpl-35f2434d-e88f-4dc0-aaff-2450d0368017/datanode-1/data/ratis] (custom)
2019-09-24 21:19:34,229 [pool-37-thread-1] INFO  storage.RaftStorageDirectory (RaftStorageDirectory.java:analyzeStorage(246)) - The storage directory /workdir/hadoop-ozone/ozonefs/target/test-dir/MiniOzoneClusterImpl-35f2434d-e88f-4dc0-aaff-2450d0368017/datanode-1/data/ratis/1897695e-2c69-42f3-9c4c-b6b27d799c82 does not exist. Creating ...
2019-09-24 21:19:34,229 [pool-27-thread-1] INFO  impl.RoleInfo (RoleInfo.java:updateAndGet(143)) - 828e46cb-5350-48f6-b162-6ce17f2b14e4: start FollowerState
2019-09-24 21:19:34,230 [pool-47-thread-1] INFO  impl.RoleInfo (RoleInfo.java:updateAndGet(143)) - 66ab88db-d69f-4f96-9860-b898e5399db4: start FollowerState
2019-09-24 21:19:34,229 [pool-57-thread-1] INFO  impl.RoleInfo (RoleInfo.java:updateAndGet(143)) - c1e0fc5a-7ae4-45d0-a105-709cc60ce072: start FollowerState
2019-09-24 21:19:34,242 [pool-27-thread-1] INFO  util.JmxRegister (JmxRegister.java:tryRegister(44)) - Successfully registered JMX Bean with object name Ratis:service=RaftServer,group=group-B35DB681A041,id=828e46cb-5350-48f6-b162-6ce17f2b14e4
2019-09-24 21:19:34,243 [pool-47-thread-1] INFO  util.JmxRegister (JmxRegister.java:tryRegister(44)) - Successfully registered JMX Bean with object name Ratis:service=RaftServer,group=group-E596A2B7CC13,id=66ab88db-d69f-4f96-9860-b898e5399db4
2019-09-24 21:19:34,248 [pool-57-thread-1] INFO  util.JmxRegister (JmxRegister.java:tryRegister(44)) - Successfully registered JMX Bean with object name Ratis:service=RaftServer,group=group-E596A2B7CC13,id=c1e0fc5a-7ae4-45d0-a105-709cc60ce072
2019-09-24 21:19:34,410 [pool-37-thread-1] INFO  storage.RaftStorageDirectory (RaftStorageDirectory.java:tryLock(328)) - Lock on /workdir/hadoop-ozone/ozonefs/target/test-dir/MiniOzoneClusterImpl-35f2434d-e88f-4dc0-aaff-2450d0368017/datanode-1/data/ratis/1897695e-2c69-42f3-9c4c-b6b27d799c82/in_use.lock acquired by nodename 2502@pr-hdds-2171-6l6hb-1841322612
2019-09-24 21:19:34,832 [RATISCREATEPIPELINE1] ERROR pipeline.RatisPipelineProvider (RatisPipelineProvider.java:lambda$null$5(235)) - Failed invoke Ratis rpc org.apache.hadoop.hdds.scm.pipeline.RatisPipelineProvider$$Lambda$199/270335190@55b51627 for f3cc68b9-8250-46bd-9f8b-0b9d65688440
org.apache.ratis.protocol.TimeoutIOException: deadline exceeded after 2999555095ns
	at org.apache.ratis.grpc.GrpcUtil.tryUnwrapException(GrpcUtil.java:82)
	at org.apache.ratis.grpc.GrpcUtil.unwrapException(GrpcUtil.java:75)
	at org.apache.ratis.grpc.client.GrpcClientProtocolClient.blockingCall(GrpcClientProtocolClient.java:178)
	at org.apache.ratis.grpc.client.GrpcClientProtocolClient.groupAdd(GrpcClientProtocolClient.java:147)
	at org.apache.ratis.grpc.client.GrpcClientRpc.sendRequest(GrpcClientRpc.java:94)
	at org.apache.ratis.client.impl.RaftClientImpl.sendRequest(RaftClientImpl.java:278)
	at org.apache.ratis.client.impl.RaftClientImpl.groupAdd(RaftClientImpl.java:205)
	at org.apache.hadoop.hdds.scm.pipeline.RatisPipelineProvider.lambda$initializePipeline$4(RatisPipelineProvider.java:196)
	at org.apache.hadoop.hdds.scm.pipeline.RatisPipelineProvider.lambda$null$5(RatisPipelineProvider.java:231)
	at java.util.stream.ForEachOps$ForEachOp$OfRef.accept(ForEachOps.java:184)
	at java.util.ArrayList$ArrayListSpliterator.forEachRemaining(ArrayList.java:1382)
	at java.util.stream.AbstractPipeline.copyInto(AbstractPipeline.java:482)
	at java.util.stream.ForEachOps$ForEachTask.compute(ForEachOps.java:291)
	at java.util.concurrent.CountedCompleter.exec(CountedCompleter.java:731)
	at java.util.concurrent.ForkJoinTask.doExec(ForkJoinTask.java:289)
	at java.util.concurrent.ForkJoinTask.doInvoke(ForkJoinTask.java:401)
	at java.util.concurrent.ForkJoinTask.invoke(ForkJoinTask.java:734)
	at java.util.stream.ForEachOps$ForEachOp.evaluateParallel(ForEachOps.java:160)
	at java.util.stream.ForEachOps$ForEachOp$OfRef.evaluateParallel(ForEachOps.java:174)
	at java.util.stream.AbstractPipeline.evaluate(AbstractPipeline.java:233)
	at java.util.stream.ReferencePipeline.forEach(ReferencePipeline.java:418)
	at java.util.stream.ReferencePipeline$Head.forEach(ReferencePipeline.java:583)
	at org.apache.hadoop.hdds.scm.pipeline.RatisPipelineProvider.lambda$callRatisRpc$6(RatisPipelineProvider.java:225)
	at java.util.concurrent.ForkJoinTask$AdaptedRunnableAction.exec(ForkJoinTask.java:1386)
	at java.util.concurrent.ForkJoinTask.doExec(ForkJoinTask.java:289)
	at java.util.concurrent.ForkJoinPool$WorkQueue.runTask(ForkJoinPool.java:1056)
	at java.util.concurrent.ForkJoinPool.runWorker(ForkJoinPool.java:1692)
	at java.util.concurrent.ForkJoinWorkerThread.run(ForkJoinWorkerThread.java:157)
Caused by: org.apache.ratis.thirdparty.io.grpc.StatusRuntimeException: DEADLINE_EXCEEDED: deadline exceeded after 2999555095ns
	at org.apache.ratis.thirdparty.io.grpc.stub.ClientCalls.toStatusRuntimeException(ClientCalls.java:233)
	at org.apache.ratis.thirdparty.io.grpc.stub.ClientCalls.getUnchecked(ClientCalls.java:214)
	at org.apache.ratis.thirdparty.io.grpc.stub.ClientCalls.blockingUnaryCall(ClientCalls.java:139)
	at org.apache.ratis.proto.grpc.AdminProtocolServiceGrpc$AdminProtocolServiceBlockingStub.groupManagement(AdminProtocolServiceGrpc.java:274)
	at org.apache.ratis.grpc.client.GrpcClientProtocolClient.lambda$groupAdd$3(GrpcClientProtocolClient.java:149)
	at org.apache.ratis.grpc.client.GrpcClientProtocolClient.blockingCall(GrpcClientProtocolClient.java:176)
	... 25 more
2019-09-24 21:19:34,876 [grpc-default-executor-3] INFO  impl.RaftServerProxy (RaftServerProxy.java:addNew(89)) - f3cc68b9-8250-46bd-9f8b-0b9d65688440: addNew group-C467C04FCD85:[f3cc68b9-8250-46bd-9f8b-0b9d65688440:192.168.36.84:35502, c1e0fc5a-7ae4-45d0-a105-709cc60ce072:192.168.36.84:33769, 66ab88db-d69f-4f96-9860-b898e5399db4:192.168.36.84:42907] returns group-C467C04FCD85:java.util.concurrent.CompletableFuture@7a35c4aa[Not completed]
2019-09-24 21:19:34,893 [grpc-default-executor-0] INFO  impl.RaftServerProxy (RaftServerProxy.java:addNew(89)) - 66ab88db-d69f-4f96-9860-b898e5399db4: addNew group-C467C04FCD85:[f3cc68b9-8250-46bd-9f8b-0b9d65688440:192.168.36.84:35502, c1e0fc5a-7ae4-45d0-a105-709cc60ce072:192.168.36.84:33769, 66ab88db-d69f-4f96-9860-b898e5399db4:192.168.36.84:42907] returns group-C467C04FCD85:java.util.concurrent.CompletableFuture@161dddb1[Not completed]
2019-09-24 21:19:34,893 [grpc-default-executor-3] INFO  impl.RaftServerProxy (RaftServerProxy.java:addNew(89)) - c1e0fc5a-7ae4-45d0-a105-709cc60ce072: addNew group-C467C04FCD85:[f3cc68b9-8250-46bd-9f8b-0b9d65688440:192.168.36.84:35502, c1e0fc5a-7ae4-45d0-a105-709cc60ce072:192.168.36.84:33769, 66ab88db-d69f-4f96-9860-b898e5399db4:192.168.36.84:42907] returns group-C467C04FCD85:java.util.concurrent.CompletableFuture@36045042[Not completed]
2019-09-24 21:19:34,895 [pool-47-thread-1] INFO  impl.RaftServerImpl (RaftServerImpl.java:<init>(95)) - 66ab88db-d69f-4f96-9860-b898e5399db4: new RaftServerImpl for group-C467C04FCD85:[f3cc68b9-8250-46bd-9f8b-0b9d65688440:192.168.36.84:35502, c1e0fc5a-7ae4-45d0-a105-709cc60ce072:192.168.36.84:33769, 66ab88db-d69f-4f96-9860-b898e5399db4:192.168.36.84:42907] with ContainerStateMachine:uninitialized
2019-09-24 21:19:34,895 [pool-47-thread-1] INFO  server.RaftServerConfigKeys (ConfUtils.java:logGet(43)) - raft.server.rpc.timeout.min = 5s (custom)
2019-09-24 21:19:34,896 [pool-47-thread-1] INFO  server.RaftServerConfigKeys (ConfUtils.java:logGet(43)) - raft.server.rpc.timeout.max = 5200ms (custom)
2019-09-24 21:19:34,896 [pool-47-thread-1] INFO  server.RaftServerConfigKeys (ConfUtils.java:logGet(43)) - raft.server.rpcslowness.timeout = 120s (custom)
2019-09-24 21:19:34,896 [pool-47-thread-1] INFO  server.RaftServerConfigKeys (ConfUtils.java:logGet(43)) - raft.server.sleep.deviation.threshold = 300 (default)
2019-09-24 21:19:34,896 [pool-57-thread-1] INFO  impl.RaftServerImpl (RaftServerImpl.java:<init>(95)) - c1e0fc5a-7ae4-45d0-a105-709cc60ce072: new RaftServerImpl for group-C467C04FCD85:[f3cc68b9-8250-46bd-9f8b-0b9d65688440:192.168.36.84:35502, c1e0fc5a-7ae4-45d0-a105-709cc60ce072:192.168.36.84:33769, 66ab88db-d69f-4f96-9860-b898e5399db4:192.168.36.84:42907] with ContainerStateMachine:uninitialized
2019-09-24 21:19:34,896 [pool-47-thread-1] INFO  server.RaftServerConfigKeys (ConfUtils.java:logGet(43)) - raft.server.log.appender.install.snapshot.enabled = false (custom)
2019-09-24 21:19:34,897 [pool-57-thread-1] INFO  server.RaftServerConfigKeys (ConfUtils.java:logGet(43)) - raft.server.rpc.timeout.min = 5s (custom)
2019-09-24 21:19:34,897 [pool-47-thread-1] INFO  impl.RaftServerImpl (ServerState.java:<init>(103)) - 66ab88db-d69f-4f96-9860-b898e5399db4@group-C467C04FCD85: ConfigurationManager, init=-1: [f3cc68b9-8250-46bd-9f8b-0b9d65688440:192.168.36.84:35502, c1e0fc5a-7ae4-45d0-a105-709cc60ce072:192.168.36.84:33769, 66ab88db-d69f-4f96-9860-b898e5399db4:192.168.36.84:42907], old=null, confs=<EMPTY_MAP>
2019-09-24 21:19:34,897 [pool-57-thread-1] INFO  server.RaftServerConfigKeys (ConfUtils.java:logGet(43)) - raft.server.rpc.timeout.max = 5200ms (custom)
2019-09-24 21:19:34,897 [pool-47-thread-1] INFO  server.RaftServerConfigKeys (ConfUtils.java:logGet(43)) - raft.server.storage.dir = [/workdir/hadoop-ozone/ozonefs/target/test-dir/MiniOzoneClusterImpl-35f2434d-e88f-4dc0-aaff-2450d0368017/datanode-2/data/ratis] (custom)
2019-09-24 21:19:34,897 [pool-57-thread-1] INFO  server.RaftServerConfigKeys (ConfUtils.java:logGet(43)) - raft.server.rpcslowness.timeout = 120s (custom)
2019-09-24 21:19:34,897 [pool-57-thread-1] INFO  server.RaftServerConfigKeys (ConfUtils.java:logGet(43)) - raft.server.sleep.deviation.threshold = 300 (default)
2019-09-24 21:19:34,897 [pool-57-thread-1] INFO  server.RaftServerConfigKeys (ConfUtils.java:logGet(43)) - raft.server.log.appender.install.snapshot.enabled = false (custom)
2019-09-24 21:19:34,898 [pool-47-thread-1] INFO  storage.RaftStorageDirectory (RaftStorageDirectory.java:analyzeStorage(246)) - The storage directory /workdir/hadoop-ozone/ozonefs/target/test-dir/MiniOzoneClusterImpl-35f2434d-e88f-4dc0-aaff-2450d0368017/datanode-2/data/ratis/e29b6001-cdae-4683-9868-c467c04fcd85 does not exist. Creating ...
2019-09-24 21:19:34,898 [pool-57-thread-1] INFO  impl.RaftServerImpl (ServerState.java:<init>(103)) - c1e0fc5a-7ae4-45d0-a105-709cc60ce072@group-C467C04FCD85: ConfigurationManager, init=-1: [f3cc68b9-8250-46bd-9f8b-0b9d65688440:192.168.36.84:35502, c1e0fc5a-7ae4-45d0-a105-709cc60ce072:192.168.36.84:33769, 66ab88db-d69f-4f96-9860-b898e5399db4:192.168.36.84:42907], old=null, confs=<EMPTY_MAP>
2019-09-24 21:19:34,898 [pool-57-thread-1] INFO  server.RaftServerConfigKeys (ConfUtils.java:logGet(43)) - raft.server.storage.dir = [/workdir/hadoop-ozone/ozonefs/target/test-dir/MiniOzoneClusterImpl-35f2434d-e88f-4dc0-aaff-2450d0368017/datanode-3/data/ratis] (custom)
2019-09-24 21:19:34,898 [pool-57-thread-1] INFO  storage.RaftStorageDirectory (RaftStorageDirectory.java:analyzeStorage(246)) - The storage directory /workdir/hadoop-ozone/ozonefs/target/test-dir/MiniOzoneClusterImpl-35f2434d-e88f-4dc0-aaff-2450d0368017/datanode-3/data/ratis/e29b6001-cdae-4683-9868-c467c04fcd85 does not exist. Creating ...
2019-09-24 21:19:37,154 [pool-57-thread-1] INFO  storage.RaftStorageDirectory (RaftStorageDirectory.java:tryLock(328)) - Lock on /workdir/hadoop-ozone/ozonefs/target/test-dir/MiniOzoneClusterImpl-35f2434d-e88f-4dc0-aaff-2450d0368017/datanode-3/data/ratis/e29b6001-cdae-4683-9868-c467c04fcd85/in_use.lock acquired by nodename 2502@pr-hdds-2171-6l6hb-1841322612
2019-09-24 21:19:37,154 [pool-37-thread-1] INFO  storage.RaftStorage (RaftStorage.java:format(72)) - Storage directory /workdir/hadoop-ozone/ozonefs/target/test-dir/MiniOzoneClusterImpl-35f2434d-e88f-4dc0-aaff-2450d0368017/datanode-1/data/ratis/1897695e-2c69-42f3-9c4c-b6b27d799c82 has been successfully formatted.
2019-09-24 21:19:37,154 [pool-47-thread-1] INFO  storage.RaftStorageDirectory (RaftStorageDirectory.java:tryLock(328)) - Lock on /workdir/hadoop-ozone/ozonefs/target/test-dir/MiniOzoneClusterImpl-35f2434d-e88f-4dc0-aaff-2450d0368017/datanode-2/data/ratis/e29b6001-cdae-4683-9868-c467c04fcd85/in_use.lock acquired by nodename 2502@pr-hdds-2171-6l6hb-1841322612
2019-09-24 21:19:37,155 [pool-37-thread-1] INFO  ratis.ContainerStateMachine (ContainerStateMachine.java:loadSnapshot(230)) - group-B6B27D799C82: The snapshot info is null. Setting the last applied indexto:(t:0, i:~)
2019-09-24 21:19:37,155 [pool-37-thread-1] INFO  server.RaftServerConfigKeys (ConfUtils.java:logGet(43)) - raft.server.notification.no-leader.timeout = 120s (custom)
2019-09-24 21:19:37,155 [pool-37-thread-1] INFO  server.RaftServerConfigKeys (ConfUtils.java:logGet(43)) - raft.server.log.use.memory = false (default)
2019-09-24 21:19:37,156 [pool-37-thread-1] INFO  server.RaftServerConfigKeys (ConfUtils.java:logGet(43)) - raft.server.log.purge.gap = 1000000 (custom)
2019-09-24 21:19:37,156 [pool-37-thread-1] INFO  server.RaftServerConfigKeys (ConfUtils.java:logGet(43)) - raft.server.log.appender.buffer.byte-limit = 33554432 (custom)
2019-09-24 21:19:37,156 [pool-37-thread-1] INFO  server.RaftServerConfigKeys (ConfUtils.java:logGet(43)) - raft.server.log.segment.size.max = 1048576 (custom)
2019-09-24 21:19:37,156 [pool-37-thread-1] INFO  server.RaftServerConfigKeys (ConfUtils.java:logGet(43)) - raft.server.log.segment.cache.num.max = 2 (custom)
2019-09-24 21:19:37,156 [pool-37-thread-1] INFO  segmented.SegmentedRaftLogWorker (SegmentedRaftLogWorker.java:<init>(172)) - new f3cc68b9-8250-46bd-9f8b-0b9d65688440@group-B6B27D799C82-SegmentedRaftLogWorker for RaftStorage:Storage Directory /workdir/hadoop-ozone/ozonefs/target/test-dir/MiniOzoneClusterImpl-35f2434d-e88f-4dc0-aaff-2450d0368017/datanode-1/data/ratis/1897695e-2c69-42f3-9c4c-b6b27d799c82
2019-09-24 21:19:37,157 [pool-37-thread-1] INFO  server.RaftServerConfigKeys (ConfUtils.java:logGet(43)) - raft.server.log.queue.byte-limit = 2147483647 (custom)
2019-09-24 21:19:37,157 [pool-37-thread-1] INFO  server.RaftServerConfigKeys (ConfUtils.java:logGet(43)) - raft.server.log.queue.element-limit = 1024 (custom)
2019-09-24 21:19:37,157 [pool-37-thread-1] INFO  server.RaftServerConfigKeys (ConfUtils.java:logGet(43)) - raft.server.log.segment.size.max = 1048576 (custom)
2019-09-24 21:19:37,157 [pool-37-thread-1] INFO  server.RaftServerConfigKeys (ConfUtils.java:logGet(43)) - raft.server.log.preallocated.size = 16384 (custom)
2019-09-24 21:19:37,158 [pool-37-thread-1] INFO  server.RaftServerConfigKeys (ConfUtils.java:logGet(43)) - raft.server.log.write.buffer.size = 33554432 (custom)
2019-09-24 21:19:37,158 [pool-37-thread-1] INFO  server.RaftServerConfigKeys (ConfUtils.java:logGet(43)) - raft.server.log.force.sync.num = 128 (default)
2019-09-24 21:19:37,158 [pool-37-thread-1] INFO  server.RaftServerConfigKeys (ConfUtils.java:logGet(43)) - raft.server.log.statemachine.data.sync = true (default)
2019-09-24 21:19:37,158 [pool-37-thread-1] INFO  server.RaftServerConfigKeys (ConfUtils.java:logGet(43)) - raft.server.log.statemachine.data.sync.timeout = 10s (default)
2019-09-24 21:19:37,159 [pool-37-thread-1] INFO  server.RaftServerConfigKeys (ConfUtils.java:logGet(43)) - raft.server.log.statemachine.data.sync.timeout.retry = -1 (default)
2019-09-24 21:19:37,159 [pool-37-thread-1] INFO  server.RaftServerConfigKeys (ConfUtils.java:logGet(43)) - raft.server.log.statemachine.data.caching.enabled = true (custom)
2019-09-24 21:19:37,159 [pool-37-thread-1] INFO  segmented.SegmentedRaftLogWorker (SegmentedRaftLogWorker.java:lambda$new$0(132)) - f3cc68b9-8250-46bd-9f8b-0b9d65688440@group-B6B27D799C82-SegmentedRaftLogWorker: flushIndex: setUnconditionally 0 -> -1
2019-09-24 21:19:37,160 [pool-37-thread-1] INFO  server.RaftServerConfigKeys (ConfUtils.java:logGet(43)) - raft.server.snapshot.auto.trigger.enabled = true (custom)
2019-09-24 21:19:37,160 [pool-37-thread-1] INFO  server.RaftServerConfigKeys (ConfUtils.java:logGet(43)) - raft.server.snapshot.auto.trigger.threshold = 10000 (custom)
2019-09-24 21:19:37,160 [pool-37-thread-1] INFO  server.RaftServerConfigKeys (ConfUtils.java:logGet(43)) - raft.server.snapshot.retention.num.files = 5 (custom)
2019-09-24 21:19:37,161 [pool-37-thread-1] INFO  server.RaftServerConfigKeys (ConfUtils.java:logGet(43)) - raft.server.retrycache.expirytime = 600000ms (custom)
2019-09-24 21:19:37,167 [pool-37-thread-1] INFO  impl.RaftServerImpl (RaftServerImpl.java:start(185)) - f3cc68b9-8250-46bd-9f8b-0b9d65688440@group-E596A2B7CC13: start as a follower, conf=-1: [f3cc68b9-8250-46bd-9f8b-0b9d65688440:192.168.36.84:35502, c1e0fc5a-7ae4-45d0-a105-709cc60ce072:192.168.36.84:33769, 66ab88db-d69f-4f96-9860-b898e5399db4:192.168.36.84:42907], old=null
2019-09-24 21:19:37,167 [pool-37-thread-1] INFO  impl.RaftServerImpl (RaftServerImpl.java:setRole(174)) - f3cc68b9-8250-46bd-9f8b-0b9d65688440@group-E596A2B7CC13: changes role from      null to FOLLOWER at term 0 for startAsFollower
2019-09-24 21:19:37,167 [pool-37-thread-1] INFO  impl.RoleInfo (RoleInfo.java:updateAndGet(143)) - f3cc68b9-8250-46bd-9f8b-0b9d65688440: start FollowerState
2019-09-24 21:19:37,168 [pool-37-thread-1] INFO  util.JmxRegister (JmxRegister.java:tryRegister(44)) - Successfully registered JMX Bean with object name Ratis:service=RaftServer,group=group-E596A2B7CC13,id=f3cc68b9-8250-46bd-9f8b-0b9d65688440
2019-09-24 21:19:37,170 [pool-37-thread-1] INFO  impl.RaftServerImpl (RaftServerImpl.java:<init>(95)) - f3cc68b9-8250-46bd-9f8b-0b9d65688440: new RaftServerImpl for group-C467C04FCD85:[f3cc68b9-8250-46bd-9f8b-0b9d65688440:192.168.36.84:35502, c1e0fc5a-7ae4-45d0-a105-709cc60ce072:192.168.36.84:33769, 66ab88db-d69f-4f96-9860-b898e5399db4:192.168.36.84:42907] with ContainerStateMachine:uninitialized
2019-09-24 21:19:37,171 [pool-37-thread-1] INFO  server.RaftServerConfigKeys (ConfUtils.java:logGet(43)) - raft.server.rpc.timeout.min = 5s (custom)
2019-09-24 21:19:37,171 [pool-37-thread-1] INFO  server.RaftServerConfigKeys (ConfUtils.java:logGet(43)) - raft.server.rpc.timeout.max = 5200ms (custom)
2019-09-24 21:19:37,171 [pool-37-thread-1] INFO  server.RaftServerConfigKeys (ConfUtils.java:logGet(43)) - raft.server.rpcslowness.timeout = 120s (custom)
2019-09-24 21:19:37,171 [pool-37-thread-1] INFO  server.RaftServerConfigKeys (ConfUtils.java:logGet(43)) - raft.server.sleep.deviation.threshold = 300 (default)
2019-09-24 21:19:37,171 [pool-37-thread-1] INFO  server.RaftServerConfigKeys (ConfUtils.java:logGet(43)) - raft.server.log.appender.install.snapshot.enabled = false (custom)
2019-09-24 21:19:37,172 [pool-37-thread-1] INFO  impl.RaftServerImpl (ServerState.java:<init>(103)) - f3cc68b9-8250-46bd-9f8b-0b9d65688440@group-C467C04FCD85: ConfigurationManager, init=-1: [f3cc68b9-8250-46bd-9f8b-0b9d65688440:192.168.36.84:35502, c1e0fc5a-7ae4-45d0-a105-709cc60ce072:192.168.36.84:33769, 66ab88db-d69f-4f96-9860-b898e5399db4:192.168.36.84:42907], old=null, confs=<EMPTY_MAP>
2019-09-24 21:19:37,172 [pool-37-thread-1] INFO  server.RaftServerConfigKeys (ConfUtils.java:logGet(43)) - raft.server.storage.dir = [/workdir/hadoop-ozone/ozonefs/target/test-dir/MiniOzoneClusterImpl-35f2434d-e88f-4dc0-aaff-2450d0368017/datanode-1/data/ratis] (custom)
2019-09-24 21:19:37,172 [pool-37-thread-1] INFO  storage.RaftStorageDirectory (RaftStorageDirectory.java:analyzeStorage(246)) - The storage directory /workdir/hadoop-ozone/ozonefs/target/test-dir/MiniOzoneClusterImpl-35f2434d-e88f-4dc0-aaff-2450d0368017/datanode-1/data/ratis/e29b6001-cdae-4683-9868-c467c04fcd85 does not exist. Creating ...
2019-09-24 21:19:37,853 [RATISCREATEPIPELINE1] ERROR pipeline.RatisPipelineProvider (RatisPipelineProvider.java:lambda$null$5(235)) - Failed invoke Ratis rpc org.apache.hadoop.hdds.scm.pipeline.RatisPipelineProvider$$Lambda$199/270335190@268d2bba for c1e0fc5a-7ae4-45d0-a105-709cc60ce072
org.apache.ratis.protocol.TimeoutIOException: deadline exceeded after 2997705222ns
	at org.apache.ratis.grpc.GrpcUtil.tryUnwrapException(GrpcUtil.java:82)
	at org.apache.ratis.grpc.GrpcUtil.unwrapException(GrpcUtil.java:75)
	at org.apache.ratis.grpc.client.GrpcClientProtocolClient.blockingCall(GrpcClientProtocolClient.java:178)
	at org.apache.ratis.grpc.client.GrpcClientProtocolClient.groupAdd(GrpcClientProtocolClient.java:147)
	at org.apache.ratis.grpc.client.GrpcClientRpc.sendRequest(GrpcClientRpc.java:94)
	at org.apache.ratis.client.impl.RaftClientImpl.sendRequest(RaftClientImpl.java:278)
	at org.apache.ratis.client.impl.RaftClientImpl.groupAdd(RaftClientImpl.java:205)
	at org.apache.hadoop.hdds.scm.pipeline.RatisPipelineProvider.lambda$initializePipeline$4(RatisPipelineProvider.java:196)
	at org.apache.hadoop.hdds.scm.pipeline.RatisPipelineProvider.lambda$null$5(RatisPipelineProvider.java:231)
	at java.util.stream.ForEachOps$ForEachOp$OfRef.accept(ForEachOps.java:184)
	at java.util.ArrayList$ArrayListSpliterator.forEachRemaining(ArrayList.java:1382)
	at java.util.stream.AbstractPipeline.copyInto(AbstractPipeline.java:482)
	at java.util.stream.ForEachOps$ForEachTask.compute(ForEachOps.java:291)
	at java.util.concurrent.CountedCompleter.exec(CountedCompleter.java:731)
	at java.util.concurrent.ForkJoinTask.doExec(ForkJoinTask.java:289)
	at java.util.concurrent.ForkJoinTask.doInvoke(ForkJoinTask.java:401)
	at java.util.concurrent.ForkJoinTask.invoke(ForkJoinTask.java:734)
	at java.util.stream.ForEachOps$ForEachOp.evaluateParallel(ForEachOps.java:160)
	at java.util.stream.ForEachOps$ForEachOp$OfRef.evaluateParallel(ForEachOps.java:174)
	at java.util.stream.AbstractPipeline.evaluate(AbstractPipeline.java:233)
	at java.util.stream.ReferencePipeline.forEach(ReferencePipeline.java:418)
	at java.util.stream.ReferencePipeline$Head.forEach(ReferencePipeline.java:583)
	at org.apache.hadoop.hdds.scm.pipeline.RatisPipelineProvider.lambda$callRatisRpc$6(RatisPipelineProvider.java:225)
	at java.util.concurrent.ForkJoinTask$AdaptedRunnableAction.exec(ForkJoinTask.java:1386)
	at java.util.concurrent.ForkJoinTask.doExec(ForkJoinTask.java:289)
	at java.util.concurrent.ForkJoinPool$WorkQueue.runTask(ForkJoinPool.java:1056)
	at java.util.concurrent.ForkJoinPool.runWorker(ForkJoinPool.java:1692)
	at java.util.concurrent.ForkJoinWorkerThread.run(ForkJoinWorkerThread.java:157)
Caused by: org.apache.ratis.thirdparty.io.grpc.StatusRuntimeException: DEADLINE_EXCEEDED: deadline exceeded after 2997705222ns
	at org.apache.ratis.thirdparty.io.grpc.stub.ClientCalls.toStatusRuntimeException(ClientCalls.java:233)
	at org.apache.ratis.thirdparty.io.grpc.stub.ClientCalls.getUnchecked(ClientCalls.java:214)
	at org.apache.ratis.thirdparty.io.grpc.stub.ClientCalls.blockingUnaryCall(ClientCalls.java:139)
	at org.apache.ratis.proto.grpc.AdminProtocolServiceGrpc$AdminProtocolServiceBlockingStub.groupManagement(AdminProtocolServiceGrpc.java:274)
	at org.apache.ratis.grpc.client.GrpcClientProtocolClient.lambda$groupAdd$3(GrpcClientProtocolClient.java:149)
	at org.apache.ratis.grpc.client.GrpcClientProtocolClient.blockingCall(GrpcClientProtocolClient.java:176)
	... 25 more
2019-09-24 21:19:37,853 [RATISCREATEPIPELINE2] ERROR pipeline.RatisPipelineProvider (RatisPipelineProvider.java:lambda$null$5(235)) - Failed invoke Ratis rpc org.apache.hadoop.hdds.scm.pipeline.RatisPipelineProvider$$Lambda$199/270335190@268d2bba for f3cc68b9-8250-46bd-9f8b-0b9d65688440
org.apache.ratis.protocol.TimeoutIOException: deadline exceeded after 2995366594ns
	at org.apache.ratis.grpc.GrpcUtil.tryUnwrapException(GrpcUtil.java:82)
	at org.apache.ratis.grpc.GrpcUtil.unwrapException(GrpcUtil.java:75)
	at org.apache.ratis.grpc.client.GrpcClientProtocolClient.blockingCall(GrpcClientProtocolClient.java:178)
	at org.apache.ratis.grpc.client.GrpcClientProtocolClient.groupAdd(GrpcClientProtocolClient.java:147)
	at org.apache.ratis.grpc.client.GrpcClientRpc.sendRequest(GrpcClientRpc.java:94)
	at org.apache.ratis.client.impl.RaftClientImpl.sendRequest(RaftClientImpl.java:278)
	at org.apache.ratis.client.impl.RaftClientImpl.groupAdd(RaftClientImpl.java:205)
	at org.apache.hadoop.hdds.scm.pipeline.RatisPipelineProvider.lambda$initializePipeline$4(RatisPipelineProvider.java:196)
	at org.apache.hadoop.hdds.scm.pipeline.RatisPipelineProvider.lambda$null$5(RatisPipelineProvider.java:231)
	at java.util.stream.ForEachOps$ForEachOp$OfRef.accept(ForEachOps.java:184)
	at java.util.ArrayList$ArrayListSpliterator.forEachRemaining(ArrayList.java:1382)
	at java.util.stream.AbstractPipeline.copyInto(AbstractPipeline.java:482)
	at java.util.stream.ForEachOps$ForEachTask.compute(ForEachOps.java:291)
	at java.util.concurrent.CountedCompleter.exec(CountedCompleter.java:731)
	at java.util.concurrent.ForkJoinTask.doExec(ForkJoinTask.java:289)
	at java.util.concurrent.ForkJoinPool$WorkQueue.runTask(ForkJoinPool.java:1056)
	at java.util.concurrent.ForkJoinPool.runWorker(ForkJoinPool.java:1692)
	at java.util.concurrent.ForkJoinWorkerThread.run(ForkJoinWorkerThread.java:157)
Caused by: org.apache.ratis.thirdparty.io.grpc.StatusRuntimeException: DEADLINE_EXCEEDED: deadline exceeded after 2995366594ns
	at org.apache.ratis.thirdparty.io.grpc.stub.ClientCalls.toStatusRuntimeException(ClientCalls.java:233)
	at org.apache.ratis.thirdparty.io.grpc.stub.ClientCalls.getUnchecked(ClientCalls.java:214)
	at org.apache.ratis.thirdparty.io.grpc.stub.ClientCalls.blockingUnaryCall(ClientCalls.java:139)
	at org.apache.ratis.proto.grpc.AdminProtocolServiceGrpc$AdminProtocolServiceBlockingStub.groupManagement(AdminProtocolServiceGrpc.java:274)
	at org.apache.ratis.grpc.client.GrpcClientProtocolClient.lambda$groupAdd$3(GrpcClientProtocolClient.java:149)
	at org.apache.ratis.grpc.client.GrpcClientProtocolClient.blockingCall(GrpcClientProtocolClient.java:176)
	... 15 more
2019-09-24 21:19:37,853 [RATISCREATEPIPELINE3] ERROR pipeline.RatisPipelineProvider (RatisPipelineProvider.java:lambda$null$5(235)) - Failed invoke Ratis rpc org.apache.hadoop.hdds.scm.pipeline.RatisPipelineProvider$$Lambda$199/270335190@268d2bba for 66ab88db-d69f-4f96-9860-b898e5399db4
org.apache.ratis.protocol.TimeoutIOException: deadline exceeded after 2995410160ns
	at org.apache.ratis.grpc.GrpcUtil.tryUnwrapException(GrpcUtil.java:82)
	at org.apache.ratis.grpc.GrpcUtil.unwrapException(GrpcUtil.java:75)
	at org.apache.ratis.grpc.client.GrpcClientProtocolClient.blockingCall(GrpcClientProtocolClient.java:178)
	at org.apache.ratis.grpc.client.GrpcClientProtocolClient.groupAdd(GrpcClientProtocolClient.java:147)
	at org.apache.ratis.grpc.client.GrpcClientRpc.sendRequest(GrpcClientRpc.java:94)
	at org.apache.ratis.client.impl.RaftClientImpl.sendRequest(RaftClientImpl.java:278)
	at org.apache.ratis.client.impl.RaftClientImpl.groupAdd(RaftClientImpl.java:205)
	at org.apache.hadoop.hdds.scm.pipeline.RatisPipelineProvider.lambda$initializePipeline$4(RatisPipelineProvider.java:196)
	at org.apache.hadoop.hdds.scm.pipeline.RatisPipelineProvider.lambda$null$5(RatisPipelineProvider.java:231)
	at java.util.stream.ForEachOps$ForEachOp$OfRef.accept(ForEachOps.java:184)
	at java.util.ArrayList$ArrayListSpliterator.forEachRemaining(ArrayList.java:1382)
	at java.util.stream.AbstractPipeline.copyInto(AbstractPipeline.java:482)
	at java.util.stream.ForEachOps$ForEachTask.compute(ForEachOps.java:291)
	at java.util.concurrent.CountedCompleter.exec(CountedCompleter.java:731)
	at java.util.concurrent.ForkJoinTask.doExec(ForkJoinTask.java:289)
	at java.util.concurrent.ForkJoinPool$WorkQueue.runTask(ForkJoinPool.java:1056)
	at java.util.concurrent.ForkJoinPool.runWorker(ForkJoinPool.java:1692)
	at java.util.concurrent.ForkJoinWorkerThread.run(ForkJoinWorkerThread.java:157)
Caused by: org.apache.ratis.thirdparty.io.grpc.StatusRuntimeException: DEADLINE_EXCEEDED: deadline exceeded after 2995410160ns
	at org.apache.ratis.thirdparty.io.grpc.stub.ClientCalls.toStatusRuntimeException(ClientCalls.java:233)
	at org.apache.ratis.thirdparty.io.grpc.stub.ClientCalls.getUnchecked(ClientCalls.java:214)
	at org.apache.ratis.thirdparty.io.grpc.stub.ClientCalls.blockingUnaryCall(ClientCalls.java:139)
	at org.apache.ratis.proto.grpc.AdminProtocolServiceGrpc$AdminProtocolServiceBlockingStub.groupManagement(AdminProtocolServiceGrpc.java:274)
	at org.apache.ratis.grpc.client.GrpcClientProtocolClient.lambda$groupAdd$3(GrpcClientProtocolClient.java:149)
	at org.apache.ratis.grpc.client.GrpcClientProtocolClient.blockingCall(GrpcClientProtocolClient.java:176)
	... 15 more
2019-09-24 21:19:37,902 [grpc-default-executor-2] INFO  impl.RaftServerProxy (RaftServerProxy.java:addNew(89)) - c1e0fc5a-7ae4-45d0-a105-709cc60ce072: addNew group-307796CD6AEA:[f3cc68b9-8250-46bd-9f8b-0b9d65688440:192.168.36.84:35502, c1e0fc5a-7ae4-45d0-a105-709cc60ce072:192.168.36.84:33769, 66ab88db-d69f-4f96-9860-b898e5399db4:192.168.36.84:42907] returns group-307796CD6AEA:java.util.concurrent.CompletableFuture@36619ae0[Not completed]
2019-09-24 21:19:37,902 [grpc-default-executor-3] INFO  impl.RaftServerProxy (RaftServerProxy.java:addNew(89)) - 66ab88db-d69f-4f96-9860-b898e5399db4: addNew group-307796CD6AEA:[f3cc68b9-8250-46bd-9f8b-0b9d65688440:192.168.36.84:35502, c1e0fc5a-7ae4-45d0-a105-709cc60ce072:192.168.36.84:33769, 66ab88db-d69f-4f96-9860-b898e5399db4:192.168.36.84:42907] returns group-307796CD6AEA:java.util.concurrent.CompletableFuture@4e5eb610[Not completed]
2019-09-24 21:19:37,904 [grpc-default-executor-2] INFO  impl.RaftServerProxy (RaftServerProxy.java:addNew(89)) - f3cc68b9-8250-46bd-9f8b-0b9d65688440: addNew group-307796CD6AEA:[f3cc68b9-8250-46bd-9f8b-0b9d65688440:192.168.36.84:35502, c1e0fc5a-7ae4-45d0-a105-709cc60ce072:192.168.36.84:33769, 66ab88db-d69f-4f96-9860-b898e5399db4:192.168.36.84:42907] returns group-307796CD6AEA:java.util.concurrent.CompletableFuture@63aef0e[Not completed]
2019-09-24 21:19:39,273 [Thread-221] INFO  impl.FollowerState (FollowerState.java:run(106)) - 828e46cb-5350-48f6-b162-6ce17f2b14e4:group-B35DB681A041 changes to CANDIDATE, lastRpcTime:5043, electionTimeout:5041ms
2019-09-24 21:19:39,277 [Thread-221] INFO  impl.RoleInfo (RoleInfo.java:shutdownFollowerState(121)) - 828e46cb-5350-48f6-b162-6ce17f2b14e4: shutdown FollowerState
2019-09-24 21:19:39,277 [Thread-221] INFO  impl.RaftServerImpl (RaftServerImpl.java:setRole(174)) - 828e46cb-5350-48f6-b162-6ce17f2b14e4@group-B35DB681A041: changes role from  FOLLOWER to CANDIDATE at term 0 for changeToCandidate
2019-09-24 21:19:39,282 [Thread-221] INFO  impl.RoleInfo (RoleInfo.java:updateAndGet(143)) - 828e46cb-5350-48f6-b162-6ce17f2b14e4: start LeaderElection
2019-09-24 21:19:39,308 [Thread-222] INFO  impl.FollowerState (FollowerState.java:run(106)) - 66ab88db-d69f-4f96-9860-b898e5399db4:group-E596A2B7CC13 changes to CANDIDATE, lastRpcTime:5078, electionTimeout:5076ms
2019-09-24 21:19:39,308 [Thread-222] INFO  impl.RoleInfo (RoleInfo.java:shutdownFollowerState(121)) - 66ab88db-d69f-4f96-9860-b898e5399db4: shutdown FollowerState
2019-09-24 21:19:39,309 [Thread-222] INFO  impl.RaftServerImpl (RaftServerImpl.java:setRole(174)) - 66ab88db-d69f-4f96-9860-b898e5399db4@group-E596A2B7CC13: changes role from  FOLLOWER to CANDIDATE at term 0 for changeToCandidate
2019-09-24 21:19:39,309 [Thread-222] INFO  impl.RoleInfo (RoleInfo.java:updateAndGet(143)) - 66ab88db-d69f-4f96-9860-b898e5399db4: start LeaderElection
2019-09-24 21:19:39,380 [Thread-223] INFO  impl.FollowerState (FollowerState.java:run(106)) - c1e0fc5a-7ae4-45d0-a105-709cc60ce072:group-E596A2B7CC13 changes to CANDIDATE, lastRpcTime:5151, electionTimeout:5148ms
2019-09-24 21:19:39,381 [Thread-223] INFO  impl.RoleInfo (RoleInfo.java:shutdownFollowerState(121)) - c1e0fc5a-7ae4-45d0-a105-709cc60ce072: shutdown FollowerState
2019-09-24 21:19:39,381 [Thread-223] INFO  impl.RaftServerImpl (RaftServerImpl.java:setRole(174)) - c1e0fc5a-7ae4-45d0-a105-709cc60ce072@group-E596A2B7CC13: changes role from  FOLLOWER to CANDIDATE at term 0 for changeToCandidate
2019-09-24 21:19:39,381 [Thread-223] INFO  impl.RoleInfo (RoleInfo.java:updateAndGet(143)) - c1e0fc5a-7ae4-45d0-a105-709cc60ce072: start LeaderElection
2019-09-24 21:19:40,884 [RATISCREATEPIPELINE2] ERROR pipeline.RatisPipelineProvider (RatisPipelineProvider.java:lambda$null$5(235)) - Failed invoke Ratis rpc org.apache.hadoop.hdds.scm.pipeline.RatisPipelineProvider$$Lambda$199/270335190@5c5c267f for 66ab88db-d69f-4f96-9860-b898e5399db4
org.apache.ratis.protocol.TimeoutIOException: deadline exceeded after 2998057297ns
	at org.apache.ratis.grpc.GrpcUtil.tryUnwrapException(GrpcUtil.java:82)
	at org.apache.ratis.grpc.GrpcUtil.unwrapException(GrpcUtil.java:75)
	at org.apache.ratis.grpc.client.GrpcClientProtocolClient.blockingCall(GrpcClientProtocolClient.java:178)
	at org.apache.ratis.grpc.client.GrpcClientProtocolClient.groupAdd(GrpcClientProtocolClient.java:147)
	at org.apache.ratis.grpc.client.GrpcClientRpc.sendRequest(GrpcClientRpc.java:94)
	at org.apache.ratis.client.impl.RaftClientImpl.sendRequest(RaftClientImpl.java:278)
	at org.apache.ratis.client.impl.RaftClientImpl.groupAdd(RaftClientImpl.java:205)
	at org.apache.hadoop.hdds.scm.pipeline.RatisPipelineProvider.lambda$initializePipeline$4(RatisPipelineProvider.java:196)
	at org.apache.hadoop.hdds.scm.pipeline.RatisPipelineProvider.lambda$null$5(RatisPipelineProvider.java:231)
	at java.util.stream.ForEachOps$ForEachOp$OfRef.accept(ForEachOps.java:184)
	at java.util.ArrayList$ArrayListSpliterator.forEachRemaining(ArrayList.java:1382)
	at java.util.stream.AbstractPipeline.copyInto(AbstractPipeline.java:482)
	at java.util.stream.ForEachOps$ForEachTask.compute(ForEachOps.java:291)
	at java.util.concurrent.CountedCompleter.exec(CountedCompleter.java:731)
	at java.util.concurrent.ForkJoinTask.doExec(ForkJoinTask.java:289)
	at java.util.concurrent.ForkJoinPool$WorkQueue.runTask(ForkJoinPool.java:1056)
	at java.util.concurrent.ForkJoinPool.runWorker(ForkJoinPool.java:1692)
	at java.util.concurrent.ForkJoinWorkerThread.run(ForkJoinWorkerThread.java:157)
Caused by: org.apache.ratis.thirdparty.io.grpc.StatusRuntimeException: DEADLINE_EXCEEDED: deadline exceeded after 2998057297ns
	at org.apache.ratis.thirdparty.io.grpc.stub.ClientCalls.toStatusRuntimeException(ClientCalls.java:233)
	at org.apache.ratis.thirdparty.io.grpc.stub.ClientCalls.getUnchecked(ClientCalls.java:214)
	at org.apache.ratis.thirdparty.io.grpc.stub.ClientCalls.blockingUnaryCall(ClientCalls.java:139)
	at org.apache.ratis.proto.grpc.AdminProtocolServiceGrpc$AdminProtocolServiceBlockingStub.groupManagement(AdminProtocolServiceGrpc.java:274)
	at org.apache.ratis.grpc.client.GrpcClientProtocolClient.lambda$groupAdd$3(GrpcClientProtocolClient.java:149)
	at org.apache.ratis.grpc.client.GrpcClientProtocolClient.blockingCall(GrpcClientProtocolClient.java:176)
	... 15 more
2019-09-24 21:19:40,890 [RATISCREATEPIPELINE3] ERROR pipeline.RatisPipelineProvider (RatisPipelineProvider.java:lambda$null$5(235)) - Failed invoke Ratis rpc org.apache.hadoop.hdds.scm.pipeline.RatisPipelineProvider$$Lambda$199/270335190@5c5c267f for f3cc68b9-8250-46bd-9f8b-0b9d65688440
org.apache.ratis.protocol.TimeoutIOException: deadline exceeded after 2999659032ns
	at org.apache.ratis.grpc.GrpcUtil.tryUnwrapException(GrpcUtil.java:82)
	at org.apache.ratis.grpc.GrpcUtil.unwrapException(GrpcUtil.java:75)
	at org.apache.ratis.grpc.client.GrpcClientProtocolClient.blockingCall(GrpcClientProtocolClient.java:178)
	at org.apache.ratis.grpc.client.GrpcClientProtocolClient.groupAdd(GrpcClientProtocolClient.java:147)
	at org.apache.ratis.grpc.client.GrpcClientRpc.sendRequest(GrpcClientRpc.java:94)
	at org.apache.ratis.client.impl.RaftClientImpl.sendRequest(RaftClientImpl.java:278)
	at org.apache.ratis.client.impl.RaftClientImpl.groupAdd(RaftClientImpl.java:205)
	at org.apache.hadoop.hdds.scm.pipeline.RatisPipelineProvider.lambda$initializePipeline$4(RatisPipelineProvider.java:196)
	at org.apache.hadoop.hdds.scm.pipeline.RatisPipelineProvider.lambda$null$5(RatisPipelineProvider.java:231)
	at java.util.stream.ForEachOps$ForEachOp$OfRef.accept(ForEachOps.java:184)
	at java.util.ArrayList$ArrayListSpliterator.forEachRemaining(ArrayList.java:1382)
	at java.util.stream.AbstractPipeline.copyInto(AbstractPipeline.java:482)
	at java.util.stream.ForEachOps$ForEachTask.compute(ForEachOps.java:291)
	at java.util.concurrent.CountedCompleter.exec(CountedCompleter.java:731)
	at java.util.concurrent.ForkJoinTask.doExec(ForkJoinTask.java:289)
	at java.util.concurrent.ForkJoinPool$WorkQueue.runTask(ForkJoinPool.java:1056)
	at java.util.concurrent.ForkJoinPool.runWorker(ForkJoinPool.java:1692)
	at java.util.concurrent.ForkJoinWorkerThread.run(ForkJoinWorkerThread.java:157)
Caused by: org.apache.ratis.thirdparty.io.grpc.StatusRuntimeException: DEADLINE_EXCEEDED: deadline exceeded after 2999659032ns
	at org.apache.ratis.thirdparty.io.grpc.stub.ClientCalls.toStatusRuntimeException(ClientCalls.java:233)
	at org.apache.ratis.thirdparty.io.grpc.stub.ClientCalls.getUnchecked(ClientCalls.java:214)
	at org.apache.ratis.thirdparty.io.grpc.stub.ClientCalls.blockingUnaryCall(ClientCalls.java:139)
	at org.apache.ratis.proto.grpc.AdminProtocolServiceGrpc$AdminProtocolServiceBlockingStub.groupManagement(AdminProtocolServiceGrpc.java:274)
	at org.apache.ratis.grpc.client.GrpcClientProtocolClient.lambda$groupAdd$3(GrpcClientProtocolClient.java:149)
	at org.apache.ratis.grpc.client.GrpcClientProtocolClient.blockingCall(GrpcClientProtocolClient.java:176)
	... 15 more
2019-09-24 21:19:40,886 [RATISCREATEPIPELINE1] ERROR pipeline.RatisPipelineProvider (RatisPipelineProvider.java:lambda$null$5(235)) - Failed invoke Ratis rpc org.apache.hadoop.hdds.scm.pipeline.RatisPipelineProvider$$Lambda$199/270335190@5c5c267f for c1e0fc5a-7ae4-45d0-a105-709cc60ce072
org.apache.ratis.protocol.TimeoutIOException: deadline exceeded after 2999620901ns
	at org.apache.ratis.grpc.GrpcUtil.tryUnwrapException(GrpcUtil.java:82)
	at org.apache.ratis.grpc.GrpcUtil.unwrapException(GrpcUtil.java:75)
	at org.apache.ratis.grpc.client.GrpcClientProtocolClient.blockingCall(GrpcClientProtocolClient.java:178)
	at org.apache.ratis.grpc.client.GrpcClientProtocolClient.groupAdd(GrpcClientProtocolClient.java:147)
	at org.apache.ratis.grpc.client.GrpcClientRpc.sendRequest(GrpcClientRpc.java:94)
	at org.apache.ratis.client.impl.RaftClientImpl.sendRequest(RaftClientImpl.java:278)
	at org.apache.ratis.client.impl.RaftClientImpl.groupAdd(RaftClientImpl.java:205)
	at org.apache.hadoop.hdds.scm.pipeline.RatisPipelineProvider.lambda$initializePipeline$4(RatisPipelineProvider.java:196)
	at org.apache.hadoop.hdds.scm.pipeline.RatisPipelineProvider.lambda$null$5(RatisPipelineProvider.java:231)
	at java.util.stream.ForEachOps$ForEachOp$OfRef.accept(ForEachOps.java:184)
	at java.util.ArrayList$ArrayListSpliterator.forEachRemaining(ArrayList.java:1382)
	at java.util.stream.AbstractPipeline.copyInto(AbstractPipeline.java:482)
	at java.util.stream.ForEachOps$ForEachTask.compute(ForEachOps.java:291)
	at java.util.concurrent.CountedCompleter.exec(CountedCompleter.java:731)
	at java.util.concurrent.ForkJoinTask.doExec(ForkJoinTask.java:289)
	at java.util.concurrent.ForkJoinTask.doInvoke(ForkJoinTask.java:401)
	at java.util.concurrent.ForkJoinTask.invoke(ForkJoinTask.java:734)
	at java.util.stream.ForEachOps$ForEachOp.evaluateParallel(ForEachOps.java:160)
	at java.util.stream.ForEachOps$ForEachOp$OfRef.evaluateParallel(ForEachOps.java:174)
	at java.util.stream.AbstractPipeline.evaluate(AbstractPipeline.java:233)
	at java.util.stream.ReferencePipeline.forEach(ReferencePipeline.java:418)
	at java.util.stream.ReferencePipeline$Head.forEach(ReferencePipeline.java:583)
	at org.apache.hadoop.hdds.scm.pipeline.RatisPipelineProvider.lambda$callRatisRpc$6(RatisPipelineProvider.java:225)
	at java.util.concurrent.ForkJoinTask$AdaptedRunnableAction.exec(ForkJoinTask.java:1386)
	at java.util.concurrent.ForkJoinTask.doExec(ForkJoinTask.java:289)
	at java.util.concurrent.ForkJoinPool$WorkQueue.runTask(ForkJoinPool.java:1056)
	at java.util.concurrent.ForkJoinPool.runWorker(ForkJoinPool.java:1692)
	at java.util.concurrent.ForkJoinWorkerThread.run(ForkJoinWorkerThread.java:157)
Caused by: org.apache.ratis.thirdparty.io.grpc.StatusRuntimeException: DEADLINE_EXCEEDED: deadline exceeded after 2999620901ns
	at org.apache.ratis.thirdparty.io.grpc.stub.ClientCalls.toStatusRuntimeException(ClientCalls.java:233)
	at org.apache.ratis.thirdparty.io.grpc.stub.ClientCalls.getUnchecked(ClientCalls.java:214)
	at org.apache.ratis.thirdparty.io.grpc.stub.ClientCalls.blockingUnaryCall(ClientCalls.java:139)
	at org.apache.ratis.proto.grpc.AdminProtocolServiceGrpc$AdminProtocolServiceBlockingStub.groupManagement(AdminProtocolServiceGrpc.java:274)
	at org.apache.ratis.grpc.client.GrpcClientProtocolClient.lambda$groupAdd$3(GrpcClientProtocolClient.java:149)
	at org.apache.ratis.grpc.client.GrpcClientProtocolClient.blockingCall(GrpcClientProtocolClient.java:176)
	... 25 more
2019-09-24 21:19:40,897 [IPC Server handler 2 on 38451] WARN  block.BlockManagerImpl (BlockManagerImpl.java:allocateBlock(192)) - Pipeline creation failed for type:RATIS factor:THREE. Retrying get pipelines call once.
org.apache.hadoop.io.MultipleIOException: 3 exceptions [java.io.IOException: Failed invoke Ratis rpc org.apache.hadoop.hdds.scm.pipeline.RatisPipelineProvider$$Lambda$199/270335190@5c5c267f for 66ab88db-d69f-4f96-9860-b898e5399db4, java.io.IOException: Failed invoke Ratis rpc org.apache.hadoop.hdds.scm.pipeline.RatisPipelineProvider$$Lambda$199/270335190@5c5c267f for f3cc68b9-8250-46bd-9f8b-0b9d65688440, java.io.IOException: Failed invoke Ratis rpc org.apache.hadoop.hdds.scm.pipeline.RatisPipelineProvider$$Lambda$199/270335190@5c5c267f for c1e0fc5a-7ae4-45d0-a105-709cc60ce072]
	at org.apache.hadoop.io.MultipleIOException.createIOException(MultipleIOException.java:53)
	at org.apache.hadoop.hdds.scm.pipeline.RatisPipelineProvider.callRatisRpc(RatisPipelineProvider.java:251)
	at org.apache.hadoop.hdds.scm.pipeline.RatisPipelineProvider.initializePipeline(RatisPipelineProvider.java:194)
	at org.apache.hadoop.hdds.scm.pipeline.RatisPipelineProvider.create(RatisPipelineProvider.java:163)
	at org.apache.hadoop.hdds.scm.pipeline.PipelineFactory.create(PipelineFactory.java:58)
	at org.apache.hadoop.hdds.scm.pipeline.SCMPipelineManager.createPipeline(SCMPipelineManager.java:155)
	at org.apache.hadoop.hdds.scm.block.BlockManagerImpl.allocateBlock(BlockManagerImpl.java:190)
	at org.apache.hadoop.hdds.scm.server.SCMBlockProtocolServer.allocateBlock(SCMBlockProtocolServer.java:182)
	at org.apache.hadoop.ozone.protocolPB.ScmBlockLocationProtocolServerSideTranslatorPB.allocateScmBlock(ScmBlockLocationProtocolServerSideTranslatorPB.java:183)
	at org.apache.hadoop.ozone.protocolPB.ScmBlockLocationProtocolServerSideTranslatorPB.processMessage(ScmBlockLocationProtocolServerSideTranslatorPB.java:141)
	at org.apache.hadoop.ozone.protocolPB.ScmBlockLocationProtocolServerSideTranslatorPB.send(ScmBlockLocationProtocolServerSideTranslatorPB.java:116)
	at org.apache.hadoop.hdds.protocol.proto.ScmBlockLocationProtocolProtos$ScmBlockLocationProtocolService$2.callBlockingMethod(ScmBlockLocationProtocolProtos.java:13157)
	at org.apache.hadoop.ipc.ProtobufRpcEngine$Server$ProtoBufRpcInvoker.call(ProtobufRpcEngine.java:524)
	at org.apache.hadoop.ipc.RPC$Server.call(RPC.java:1025)
	at org.apache.hadoop.ipc.Server$RpcCall.run(Server.java:876)
	at org.apache.hadoop.ipc.Server$RpcCall.run(Server.java:822)
	at java.security.AccessController.doPrivileged(Native Method)
	at javax.security.auth.Subject.doAs(Subject.java:422)
	at org.apache.hadoop.security.UserGroupInformation.doAs(UserGroupInformation.java:1730)
	at org.apache.hadoop.ipc.Server$Handler.run(Server.java:2682)
2019-09-24 21:19:40,898 [IPC Server handler 2 on 38451] INFO  block.BlockManagerImpl (BlockManagerImpl.java:allocateBlock(198)) - Could not find available pipeline of type:RATIS and factor:THREE even after retrying
2019-09-24 21:19:40,898 [IPC Server handler 2 on 38451] ERROR block.BlockManagerImpl (BlockManagerImpl.java:allocateBlock(222)) - Unable to allocate a block for the size: 4194304, type: RATIS, factor: THREE
]]></system-out>
    <system-err><![CDATA[ERROR StatusLogger No Log4j 2 configuration file found. Using default configuration (logging only errors to the console), or user programmatically provided configurations. Set system property 'log4j2.debug' to show Log4j 2 internal initialization logging. See https://logging.apache.org/log4j/2.x/manual/configuration.html for instructions on how to configure Log4j 2
]]></system-err>
  </testcase>
  <testcase name="testCreateMakesParentDirs" classname="org.apache.hadoop.fs.ozone.contract.ITestOzoneContractCreate" time="3.204">
    <error message="Allocated 0 blocks. Requested 1 blocks" type="INTERNAL_ERROR org.apache.hadoop.ozone.om.exceptions.OMException">INTERNAL_ERROR org.apache.hadoop.ozone.om.exceptions.OMException: Allocated 0 blocks. Requested 1 blocks
	at org.apache.hadoop.ozone.om.protocolPB.OzoneManagerProtocolClientSideTranslatorPB.handleError(OzoneManagerProtocolClientSideTranslatorPB.java:732)
	at org.apache.hadoop.ozone.om.protocolPB.OzoneManagerProtocolClientSideTranslatorPB.createFile(OzoneManagerProtocolClientSideTranslatorPB.java:1536)
	at sun.reflect.NativeMethodAccessorImpl.invoke0(Native Method)
	at sun.reflect.NativeMethodAccessorImpl.invoke(NativeMethodAccessorImpl.java:62)
	at sun.reflect.DelegatingMethodAccessorImpl.invoke(DelegatingMethodAccessorImpl.java:43)
	at java.lang.reflect.Method.invoke(Method.java:498)
	at org.apache.hadoop.hdds.tracing.TraceAllMethod.invoke(TraceAllMethod.java:66)
	at com.sun.proxy.$Proxy41.createFile(Unknown Source)
	at org.apache.hadoop.ozone.client.rpc.RpcClient.createFile(RpcClient.java:1006)
	at org.apache.hadoop.ozone.client.OzoneBucket.createFile(OzoneBucket.java:537)
	at org.apache.hadoop.fs.ozone.BasicOzoneClientAdapterImpl.createFile(BasicOzoneClientAdapterImpl.java:205)
	at org.apache.hadoop.fs.ozone.BasicOzoneFileSystem.createOutputStream(BasicOzoneFileSystem.java:250)
	at org.apache.hadoop.fs.ozone.BasicOzoneFileSystem.create(BasicOzoneFileSystem.java:231)
	at org.apache.hadoop.fs.FileSystem.create(FileSystem.java:1118)
	at org.apache.hadoop.fs.FileSystem.create(FileSystem.java:1098)
	at org.apache.hadoop.fs.FileSystem.create(FileSystem.java:987)
	at org.apache.hadoop.fs.contract.ContractTestUtils.createFile(ContractTestUtils.java:633)
	at org.apache.hadoop.fs.contract.ContractTestUtils.touch(ContractTestUtils.java:669)
	at org.apache.hadoop.fs.contract.AbstractContractCreateTest.testCreateMakesParentDirs(AbstractContractCreateTest.java:325)
	at sun.reflect.NativeMethodAccessorImpl.invoke0(Native Method)
	at sun.reflect.NativeMethodAccessorImpl.invoke(NativeMethodAccessorImpl.java:62)
	at sun.reflect.DelegatingMethodAccessorImpl.invoke(DelegatingMethodAccessorImpl.java:43)
	at java.lang.reflect.Method.invoke(Method.java:498)
	at org.junit.runners.model.FrameworkMethod$1.runReflectiveCall(FrameworkMethod.java:47)
	at org.junit.internal.runners.model.ReflectiveCallable.run(ReflectiveCallable.java:12)
	at org.junit.runners.model.FrameworkMethod.invokeExplosively(FrameworkMethod.java:44)
	at org.junit.internal.runners.statements.InvokeMethod.evaluate(InvokeMethod.java:17)
	at org.junit.internal.runners.statements.RunBefores.evaluate(RunBefores.java:26)
	at org.junit.internal.runners.statements.RunAfters.evaluate(RunAfters.java:27)
	at org.junit.rules.TestWatcher$1.evaluate(TestWatcher.java:55)
	at org.junit.internal.runners.statements.FailOnTimeout$StatementThread.run(FailOnTimeout.java:74)
</error>
    <system-out><![CDATA[2019-09-24 21:19:41,028 [Thread-234] INFO  rpc.RpcClient (RpcClient.java:createVolume(276)) - Creating Volume: volume94317, with user87396 as owner.
2019-09-24 21:19:41,031 [IPC Server handler 13 on 42447] INFO  volume.OMVolumeCreateRequest (OMVolumeCreateRequest.java:validateAndUpdateCache(189)) - created volume:volume94317 for user:user87396
2019-09-24 21:19:41,035 [Thread-234] INFO  rpc.RpcClient (RpcClient.java:createBucket(415)) - Creating Bucket: volume94317/bucket12100, with Versioning false and Storage Type set to DISK and Encryption set to false 
2019-09-24 21:19:41,115 [Thread-234] INFO  contract.AbstractFSContractTestBase (AbstractFSContractTestBase.java:setup(184)) - Test filesystem = o3fs://bucket12100.volume94317 implemented by OzoneFileSystem{URI=o3fs://bucket12100.volume94317, workingDir=o3fs://bucket12100.volume94317/user/jenkins1000, userName=jenkins1000, statistics=0 bytes read, 0 bytes written, 4 read ops, 0 large read ops, 2 write ops}
2019-09-24 21:19:41,118 [Thread-234] INFO  contract.AbstractFSContractTestBase (AbstractFSContractTestBase.java:describe(255)) - check that after creating a file its parent directories exist
2019-09-24 21:19:41,149 [grpc-default-executor-0] INFO  impl.RaftServerProxy (RaftServerProxy.java:addNew(89)) - 66ab88db-d69f-4f96-9860-b898e5399db4: addNew group-A918B51F1DFD:[f3cc68b9-8250-46bd-9f8b-0b9d65688440:192.168.36.84:35502, c1e0fc5a-7ae4-45d0-a105-709cc60ce072:192.168.36.84:33769, 66ab88db-d69f-4f96-9860-b898e5399db4:192.168.36.84:42907] returns group-A918B51F1DFD:java.util.concurrent.CompletableFuture@6f68de91[Not completed]
2019-09-24 21:19:41,152 [grpc-default-executor-3] INFO  impl.RaftServerProxy (RaftServerProxy.java:addNew(89)) - f3cc68b9-8250-46bd-9f8b-0b9d65688440: addNew group-A918B51F1DFD:[f3cc68b9-8250-46bd-9f8b-0b9d65688440:192.168.36.84:35502, c1e0fc5a-7ae4-45d0-a105-709cc60ce072:192.168.36.84:33769, 66ab88db-d69f-4f96-9860-b898e5399db4:192.168.36.84:42907] returns group-A918B51F1DFD:java.util.concurrent.CompletableFuture@e08fea4[Not completed]
2019-09-24 21:19:41,153 [grpc-default-executor-0] INFO  impl.RaftServerProxy (RaftServerProxy.java:addNew(89)) - c1e0fc5a-7ae4-45d0-a105-709cc60ce072: addNew group-A918B51F1DFD:[f3cc68b9-8250-46bd-9f8b-0b9d65688440:192.168.36.84:35502, c1e0fc5a-7ae4-45d0-a105-709cc60ce072:192.168.36.84:33769, 66ab88db-d69f-4f96-9860-b898e5399db4:192.168.36.84:42907] returns group-A918B51F1DFD:java.util.concurrent.CompletableFuture@17607698[Not completed]
2019-09-24 21:19:42,201 [Thread-228] INFO  impl.FollowerState (FollowerState.java:run(106)) - f3cc68b9-8250-46bd-9f8b-0b9d65688440:group-E596A2B7CC13 changes to CANDIDATE, lastRpcTime:5033, electionTimeout:5033ms
2019-09-24 21:19:42,202 [Thread-228] INFO  impl.RoleInfo (RoleInfo.java:shutdownFollowerState(121)) - f3cc68b9-8250-46bd-9f8b-0b9d65688440: shutdown FollowerState
2019-09-24 21:19:42,202 [Thread-228] INFO  impl.RaftServerImpl (RaftServerImpl.java:setRole(174)) - f3cc68b9-8250-46bd-9f8b-0b9d65688440@group-E596A2B7CC13: changes role from  FOLLOWER to CANDIDATE at term 0 for changeToCandidate
2019-09-24 21:19:42,202 [Thread-228] INFO  impl.RoleInfo (RoleInfo.java:updateAndGet(143)) - f3cc68b9-8250-46bd-9f8b-0b9d65688440: start LeaderElection
2019-09-24 21:19:42,383 [pool-37-thread-1] INFO  storage.RaftStorageDirectory (RaftStorageDirectory.java:tryLock(328)) - Lock on /workdir/hadoop-ozone/ozonefs/target/test-dir/MiniOzoneClusterImpl-35f2434d-e88f-4dc0-aaff-2450d0368017/datanode-1/data/ratis/e29b6001-cdae-4683-9868-c467c04fcd85/in_use.lock acquired by nodename 2502@pr-hdds-2171-6l6hb-1841322612
2019-09-24 21:19:42,383 [pool-57-thread-1] INFO  storage.RaftStorage (RaftStorage.java:format(72)) - Storage directory /workdir/hadoop-ozone/ozonefs/target/test-dir/MiniOzoneClusterImpl-35f2434d-e88f-4dc0-aaff-2450d0368017/datanode-3/data/ratis/e29b6001-cdae-4683-9868-c467c04fcd85 has been successfully formatted.
2019-09-24 21:19:42,383 [828e46cb-5350-48f6-b162-6ce17f2b14e4@group-B35DB681A041:LeaderElection1] INFO  impl.LeaderElection (LeaderElection.java:askForVotes(182)) - 828e46cb-5350-48f6-b162-6ce17f2b14e4@group-B35DB681A041:LeaderElection1: begin an election at term 1 for -1: [828e46cb-5350-48f6-b162-6ce17f2b14e4:192.168.36.84:34040], old=null
2019-09-24 21:19:42,383 [66ab88db-d69f-4f96-9860-b898e5399db4@group-E596A2B7CC13:LeaderElection2] INFO  impl.LeaderElection (LeaderElection.java:askForVotes(182)) - 66ab88db-d69f-4f96-9860-b898e5399db4@group-E596A2B7CC13:LeaderElection2: begin an election at term 1 for -1: [f3cc68b9-8250-46bd-9f8b-0b9d65688440:192.168.36.84:35502, c1e0fc5a-7ae4-45d0-a105-709cc60ce072:192.168.36.84:33769, 66ab88db-d69f-4f96-9860-b898e5399db4:192.168.36.84:42907], old=null
2019-09-24 21:19:42,383 [c1e0fc5a-7ae4-45d0-a105-709cc60ce072@group-E596A2B7CC13:LeaderElection3] INFO  impl.LeaderElection (LeaderElection.java:askForVotes(182)) - c1e0fc5a-7ae4-45d0-a105-709cc60ce072@group-E596A2B7CC13:LeaderElection3: begin an election at term 1 for -1: [f3cc68b9-8250-46bd-9f8b-0b9d65688440:192.168.36.84:35502, c1e0fc5a-7ae4-45d0-a105-709cc60ce072:192.168.36.84:33769, 66ab88db-d69f-4f96-9860-b898e5399db4:192.168.36.84:42907], old=null
2019-09-24 21:19:42,383 [pool-47-thread-1] INFO  storage.RaftStorage (RaftStorage.java:format(72)) - Storage directory /workdir/hadoop-ozone/ozonefs/target/test-dir/MiniOzoneClusterImpl-35f2434d-e88f-4dc0-aaff-2450d0368017/datanode-2/data/ratis/e29b6001-cdae-4683-9868-c467c04fcd85 has been successfully formatted.
2019-09-24 21:19:42,384 [f3cc68b9-8250-46bd-9f8b-0b9d65688440@group-E596A2B7CC13:LeaderElection4] INFO  impl.LeaderElection (LeaderElection.java:askForVotes(182)) - f3cc68b9-8250-46bd-9f8b-0b9d65688440@group-E596A2B7CC13:LeaderElection4: begin an election at term 1 for -1: [f3cc68b9-8250-46bd-9f8b-0b9d65688440:192.168.36.84:35502, c1e0fc5a-7ae4-45d0-a105-709cc60ce072:192.168.36.84:33769, 66ab88db-d69f-4f96-9860-b898e5399db4:192.168.36.84:42907], old=null
2019-09-24 21:19:42,384 [pool-57-thread-1] INFO  ratis.ContainerStateMachine (ContainerStateMachine.java:loadSnapshot(230)) - group-C467C04FCD85: The snapshot info is null. Setting the last applied indexto:(t:0, i:~)
2019-09-24 21:19:42,384 [pool-47-thread-1] INFO  ratis.ContainerStateMachine (ContainerStateMachine.java:loadSnapshot(230)) - group-C467C04FCD85: The snapshot info is null. Setting the last applied indexto:(t:0, i:~)
2019-09-24 21:19:42,385 [pool-57-thread-1] INFO  server.RaftServerConfigKeys (ConfUtils.java:logGet(43)) - raft.server.notification.no-leader.timeout = 120s (custom)
2019-09-24 21:19:42,385 [pool-47-thread-1] INFO  server.RaftServerConfigKeys (ConfUtils.java:logGet(43)) - raft.server.notification.no-leader.timeout = 120s (custom)
2019-09-24 21:19:42,385 [pool-57-thread-1] INFO  server.RaftServerConfigKeys (ConfUtils.java:logGet(43)) - raft.server.log.use.memory = false (default)
2019-09-24 21:19:42,385 [pool-47-thread-1] INFO  server.RaftServerConfigKeys (ConfUtils.java:logGet(43)) - raft.server.log.use.memory = false (default)
2019-09-24 21:19:42,385 [pool-57-thread-1] INFO  server.RaftServerConfigKeys (ConfUtils.java:logGet(43)) - raft.server.log.purge.gap = 1000000 (custom)
2019-09-24 21:19:42,385 [pool-47-thread-1] INFO  server.RaftServerConfigKeys (ConfUtils.java:logGet(43)) - raft.server.log.purge.gap = 1000000 (custom)
2019-09-24 21:19:42,386 [pool-57-thread-1] INFO  server.RaftServerConfigKeys (ConfUtils.java:logGet(43)) - raft.server.log.appender.buffer.byte-limit = 33554432 (custom)
2019-09-24 21:19:42,386 [pool-47-thread-1] INFO  server.RaftServerConfigKeys (ConfUtils.java:logGet(43)) - raft.server.log.appender.buffer.byte-limit = 33554432 (custom)
2019-09-24 21:19:42,386 [pool-57-thread-1] INFO  server.RaftServerConfigKeys (ConfUtils.java:logGet(43)) - raft.server.log.segment.size.max = 1048576 (custom)
2019-09-24 21:19:42,386 [828e46cb-5350-48f6-b162-6ce17f2b14e4@group-B35DB681A041:LeaderElection1] INFO  impl.RoleInfo (RoleInfo.java:shutdownLeaderElection(134)) - 828e46cb-5350-48f6-b162-6ce17f2b14e4: shutdown LeaderElection
2019-09-24 21:19:42,386 [pool-47-thread-1] INFO  server.RaftServerConfigKeys (ConfUtils.java:logGet(43)) - raft.server.log.segment.size.max = 1048576 (custom)
2019-09-24 21:19:42,386 [pool-57-thread-1] INFO  server.RaftServerConfigKeys (ConfUtils.java:logGet(43)) - raft.server.log.segment.cache.num.max = 2 (custom)
2019-09-24 21:19:42,387 [pool-47-thread-1] INFO  server.RaftServerConfigKeys (ConfUtils.java:logGet(43)) - raft.server.log.segment.cache.num.max = 2 (custom)
2019-09-24 21:19:42,387 [pool-57-thread-1] INFO  segmented.SegmentedRaftLogWorker (SegmentedRaftLogWorker.java:<init>(172)) - new c1e0fc5a-7ae4-45d0-a105-709cc60ce072@group-C467C04FCD85-SegmentedRaftLogWorker for RaftStorage:Storage Directory /workdir/hadoop-ozone/ozonefs/target/test-dir/MiniOzoneClusterImpl-35f2434d-e88f-4dc0-aaff-2450d0368017/datanode-3/data/ratis/e29b6001-cdae-4683-9868-c467c04fcd85
2019-09-24 21:19:42,387 [pool-47-thread-1] INFO  segmented.SegmentedRaftLogWorker (SegmentedRaftLogWorker.java:<init>(172)) - new 66ab88db-d69f-4f96-9860-b898e5399db4@group-C467C04FCD85-SegmentedRaftLogWorker for RaftStorage:Storage Directory /workdir/hadoop-ozone/ozonefs/target/test-dir/MiniOzoneClusterImpl-35f2434d-e88f-4dc0-aaff-2450d0368017/datanode-2/data/ratis/e29b6001-cdae-4683-9868-c467c04fcd85
2019-09-24 21:19:42,387 [828e46cb-5350-48f6-b162-6ce17f2b14e4@group-B35DB681A041:LeaderElection1] INFO  impl.RaftServerImpl (RaftServerImpl.java:setRole(174)) - 828e46cb-5350-48f6-b162-6ce17f2b14e4@group-B35DB681A041: changes role from CANDIDATE to LEADER at term 1 for changeToLeader
2019-09-24 21:19:42,387 [pool-57-thread-1] INFO  server.RaftServerConfigKeys (ConfUtils.java:logGet(43)) - raft.server.log.queue.byte-limit = 2147483647 (custom)
2019-09-24 21:19:42,388 [828e46cb-5350-48f6-b162-6ce17f2b14e4@group-B35DB681A041:LeaderElection1] INFO  impl.RaftServerImpl (ServerState.java:setLeader(253)) - 828e46cb-5350-48f6-b162-6ce17f2b14e4@group-B35DB681A041: change Leader from null to 828e46cb-5350-48f6-b162-6ce17f2b14e4 at term 1 for becomeLeader, leader elected after 8682ms
2019-09-24 21:19:42,387 [pool-47-thread-1] INFO  server.RaftServerConfigKeys (ConfUtils.java:logGet(43)) - raft.server.log.queue.byte-limit = 2147483647 (custom)
2019-09-24 21:19:42,388 [pool-57-thread-1] INFO  server.RaftServerConfigKeys (ConfUtils.java:logGet(43)) - raft.server.log.queue.element-limit = 1024 (custom)
2019-09-24 21:19:42,388 [pool-47-thread-1] INFO  server.RaftServerConfigKeys (ConfUtils.java:logGet(43)) - raft.server.log.queue.element-limit = 1024 (custom)
2019-09-24 21:19:42,388 [pool-57-thread-1] INFO  server.RaftServerConfigKeys (ConfUtils.java:logGet(43)) - raft.server.log.segment.size.max = 1048576 (custom)
2019-09-24 21:19:42,388 [pool-47-thread-1] INFO  server.RaftServerConfigKeys (ConfUtils.java:logGet(43)) - raft.server.log.segment.size.max = 1048576 (custom)
2019-09-24 21:19:42,389 [pool-57-thread-1] INFO  server.RaftServerConfigKeys (ConfUtils.java:logGet(43)) - raft.server.log.preallocated.size = 16384 (custom)
2019-09-24 21:19:42,389 [pool-47-thread-1] INFO  server.RaftServerConfigKeys (ConfUtils.java:logGet(43)) - raft.server.log.preallocated.size = 16384 (custom)
2019-09-24 21:19:42,389 [pool-57-thread-1] INFO  server.RaftServerConfigKeys (ConfUtils.java:logGet(43)) - raft.server.log.write.buffer.size = 33554432 (custom)
2019-09-24 21:19:42,389 [pool-47-thread-1] INFO  server.RaftServerConfigKeys (ConfUtils.java:logGet(43)) - raft.server.log.write.buffer.size = 33554432 (custom)
2019-09-24 21:19:42,389 [pool-57-thread-1] INFO  server.RaftServerConfigKeys (ConfUtils.java:logGet(43)) - raft.server.log.force.sync.num = 128 (default)
2019-09-24 21:19:42,390 [pool-47-thread-1] INFO  server.RaftServerConfigKeys (ConfUtils.java:logGet(43)) - raft.server.log.force.sync.num = 128 (default)
2019-09-24 21:19:42,390 [pool-57-thread-1] INFO  server.RaftServerConfigKeys (ConfUtils.java:logGet(43)) - raft.server.log.statemachine.data.sync = true (default)
2019-09-24 21:19:42,390 [pool-47-thread-1] INFO  server.RaftServerConfigKeys (ConfUtils.java:logGet(43)) - raft.server.log.statemachine.data.sync = true (default)
2019-09-24 21:19:42,390 [pool-57-thread-1] INFO  server.RaftServerConfigKeys (ConfUtils.java:logGet(43)) - raft.server.log.statemachine.data.sync.timeout = 10s (default)
2019-09-24 21:19:42,390 [pool-47-thread-1] INFO  server.RaftServerConfigKeys (ConfUtils.java:logGet(43)) - raft.server.log.statemachine.data.sync.timeout = 10s (default)
2019-09-24 21:19:42,391 [pool-57-thread-1] INFO  server.RaftServerConfigKeys (ConfUtils.java:logGet(43)) - raft.server.log.statemachine.data.sync.timeout.retry = -1 (default)
2019-09-24 21:19:42,391 [pool-47-thread-1] INFO  server.RaftServerConfigKeys (ConfUtils.java:logGet(43)) - raft.server.log.statemachine.data.sync.timeout.retry = -1 (default)
2019-09-24 21:19:42,391 [pool-57-thread-1] INFO  server.RaftServerConfigKeys (ConfUtils.java:logGet(43)) - raft.server.log.statemachine.data.caching.enabled = true (custom)
2019-09-24 21:19:42,391 [pool-47-thread-1] INFO  server.RaftServerConfigKeys (ConfUtils.java:logGet(43)) - raft.server.log.statemachine.data.caching.enabled = true (custom)
2019-09-24 21:19:42,392 [pool-57-thread-1] INFO  segmented.SegmentedRaftLogWorker (SegmentedRaftLogWorker.java:lambda$new$0(132)) - c1e0fc5a-7ae4-45d0-a105-709cc60ce072@group-C467C04FCD85-SegmentedRaftLogWorker: flushIndex: setUnconditionally 0 -> -1
2019-09-24 21:19:42,392 [pool-47-thread-1] INFO  segmented.SegmentedRaftLogWorker (SegmentedRaftLogWorker.java:lambda$new$0(132)) - 66ab88db-d69f-4f96-9860-b898e5399db4@group-C467C04FCD85-SegmentedRaftLogWorker: flushIndex: setUnconditionally 0 -> -1
2019-09-24 21:19:42,392 [pool-57-thread-1] INFO  server.RaftServerConfigKeys (ConfUtils.java:logGet(43)) - raft.server.snapshot.auto.trigger.enabled = true (custom)
2019-09-24 21:19:42,392 [pool-47-thread-1] INFO  server.RaftServerConfigKeys (ConfUtils.java:logGet(43)) - raft.server.snapshot.auto.trigger.enabled = true (custom)
2019-09-24 21:19:42,392 [pool-57-thread-1] INFO  server.RaftServerConfigKeys (ConfUtils.java:logGet(43)) - raft.server.snapshot.auto.trigger.threshold = 10000 (custom)
2019-09-24 21:19:42,392 [pool-47-thread-1] INFO  server.RaftServerConfigKeys (ConfUtils.java:logGet(43)) - raft.server.snapshot.auto.trigger.threshold = 10000 (custom)
2019-09-24 21:19:42,393 [pool-57-thread-1] INFO  server.RaftServerConfigKeys (ConfUtils.java:logGet(43)) - raft.server.snapshot.retention.num.files = 5 (custom)
2019-09-24 21:19:42,393 [pool-47-thread-1] INFO  server.RaftServerConfigKeys (ConfUtils.java:logGet(43)) - raft.server.snapshot.retention.num.files = 5 (custom)
2019-09-24 21:19:42,393 [pool-57-thread-1] INFO  server.RaftServerConfigKeys (ConfUtils.java:logGet(43)) - raft.server.retrycache.expirytime = 600000ms (custom)
2019-09-24 21:19:42,393 [pool-47-thread-1] INFO  server.RaftServerConfigKeys (ConfUtils.java:logGet(43)) - raft.server.retrycache.expirytime = 600000ms (custom)
2019-09-24 21:19:42,399 [828e46cb-5350-48f6-b162-6ce17f2b14e4@group-B35DB681A041:LeaderElection1] INFO  server.RaftServerConfigKeys (ConfUtils.java:logGet(43)) - raft.server.staging.catchup.gap = 1000 (default)
2019-09-24 21:19:42,400 [828e46cb-5350-48f6-b162-6ce17f2b14e4@group-B35DB681A041:LeaderElection1] INFO  server.RaftServerConfigKeys (ConfUtils.java:logGet(43)) - raft.server.rpc.sleep.time = 25ms (default)
2019-09-24 21:19:42,407 [828e46cb-5350-48f6-b162-6ce17f2b14e4@group-B35DB681A041:LeaderElection1] INFO  server.RaftServerConfigKeys (ConfUtils.java:logGet(43)) - raft.server.write.element-limit = 4096 (default)
2019-09-24 21:19:42,407 [pool-57-thread-1] INFO  impl.RaftServerImpl (RaftServerImpl.java:<init>(95)) - c1e0fc5a-7ae4-45d0-a105-709cc60ce072: new RaftServerImpl for group-307796CD6AEA:[f3cc68b9-8250-46bd-9f8b-0b9d65688440:192.168.36.84:35502, c1e0fc5a-7ae4-45d0-a105-709cc60ce072:192.168.36.84:33769, 66ab88db-d69f-4f96-9860-b898e5399db4:192.168.36.84:42907] with ContainerStateMachine:uninitialized
2019-09-24 21:19:42,408 [pool-57-thread-1] INFO  server.RaftServerConfigKeys (ConfUtils.java:logGet(43)) - raft.server.rpc.timeout.min = 5s (custom)
2019-09-24 21:19:42,420 [pool-57-thread-1] INFO  server.RaftServerConfigKeys (ConfUtils.java:logGet(43)) - raft.server.rpc.timeout.max = 5200ms (custom)
2019-09-24 21:19:42,421 [pool-57-thread-1] INFO  server.RaftServerConfigKeys (ConfUtils.java:logGet(43)) - raft.server.rpcslowness.timeout = 120s (custom)
2019-09-24 21:19:42,423 [pool-57-thread-1] INFO  server.RaftServerConfigKeys (ConfUtils.java:logGet(43)) - raft.server.sleep.deviation.threshold = 300 (default)
2019-09-24 21:19:42,423 [pool-57-thread-1] INFO  server.RaftServerConfigKeys (ConfUtils.java:logGet(43)) - raft.server.log.appender.install.snapshot.enabled = false (custom)
2019-09-24 21:19:42,423 [pool-47-thread-1] INFO  impl.RaftServerImpl (RaftServerImpl.java:<init>(95)) - 66ab88db-d69f-4f96-9860-b898e5399db4: new RaftServerImpl for group-307796CD6AEA:[f3cc68b9-8250-46bd-9f8b-0b9d65688440:192.168.36.84:35502, c1e0fc5a-7ae4-45d0-a105-709cc60ce072:192.168.36.84:33769, 66ab88db-d69f-4f96-9860-b898e5399db4:192.168.36.84:42907] with ContainerStateMachine:uninitialized
2019-09-24 21:19:42,424 [pool-57-thread-1] INFO  impl.RaftServerImpl (ServerState.java:<init>(103)) - c1e0fc5a-7ae4-45d0-a105-709cc60ce072@group-307796CD6AEA: ConfigurationManager, init=-1: [f3cc68b9-8250-46bd-9f8b-0b9d65688440:192.168.36.84:35502, c1e0fc5a-7ae4-45d0-a105-709cc60ce072:192.168.36.84:33769, 66ab88db-d69f-4f96-9860-b898e5399db4:192.168.36.84:42907], old=null, confs=<EMPTY_MAP>
2019-09-24 21:19:42,424 [pool-47-thread-1] INFO  server.RaftServerConfigKeys (ConfUtils.java:logGet(43)) - raft.server.rpc.timeout.min = 5s (custom)
2019-09-24 21:19:42,431 [pool-57-thread-1] INFO  server.RaftServerConfigKeys (ConfUtils.java:logGet(43)) - raft.server.storage.dir = [/workdir/hadoop-ozone/ozonefs/target/test-dir/MiniOzoneClusterImpl-35f2434d-e88f-4dc0-aaff-2450d0368017/datanode-3/data/ratis] (custom)
2019-09-24 21:19:42,431 [pool-47-thread-1] INFO  server.RaftServerConfigKeys (ConfUtils.java:logGet(43)) - raft.server.rpc.timeout.max = 5200ms (custom)
2019-09-24 21:19:42,431 [pool-47-thread-1] INFO  server.RaftServerConfigKeys (ConfUtils.java:logGet(43)) - raft.server.rpcslowness.timeout = 120s (custom)
2019-09-24 21:19:42,431 [pool-47-thread-1] INFO  server.RaftServerConfigKeys (ConfUtils.java:logGet(43)) - raft.server.sleep.deviation.threshold = 300 (default)
2019-09-24 21:19:42,431 [pool-57-thread-1] INFO  storage.RaftStorageDirectory (RaftStorageDirectory.java:analyzeStorage(246)) - The storage directory /workdir/hadoop-ozone/ozonefs/target/test-dir/MiniOzoneClusterImpl-35f2434d-e88f-4dc0-aaff-2450d0368017/datanode-3/data/ratis/54e358a2-72fc-400d-9c22-307796cd6aea does not exist. Creating ...
2019-09-24 21:19:42,431 [pool-47-thread-1] INFO  server.RaftServerConfigKeys (ConfUtils.java:logGet(43)) - raft.server.log.appender.install.snapshot.enabled = false (custom)
2019-09-24 21:19:42,432 [pool-47-thread-1] INFO  impl.RaftServerImpl (ServerState.java:<init>(103)) - 66ab88db-d69f-4f96-9860-b898e5399db4@group-307796CD6AEA: ConfigurationManager, init=-1: [f3cc68b9-8250-46bd-9f8b-0b9d65688440:192.168.36.84:35502, c1e0fc5a-7ae4-45d0-a105-709cc60ce072:192.168.36.84:33769, 66ab88db-d69f-4f96-9860-b898e5399db4:192.168.36.84:42907], old=null, confs=<EMPTY_MAP>
2019-09-24 21:19:42,432 [pool-47-thread-1] INFO  server.RaftServerConfigKeys (ConfUtils.java:logGet(43)) - raft.server.storage.dir = [/workdir/hadoop-ozone/ozonefs/target/test-dir/MiniOzoneClusterImpl-35f2434d-e88f-4dc0-aaff-2450d0368017/datanode-2/data/ratis] (custom)
2019-09-24 21:19:42,432 [828e46cb-5350-48f6-b162-6ce17f2b14e4@group-B35DB681A041:LeaderElection1] INFO  server.RaftServerConfigKeys (ConfUtils.java:logGet(43)) - raft.server.watch.timeout = 10s (default)
2019-09-24 21:19:42,433 [pool-47-thread-1] INFO  storage.RaftStorageDirectory (RaftStorageDirectory.java:analyzeStorage(246)) - The storage directory /workdir/hadoop-ozone/ozonefs/target/test-dir/MiniOzoneClusterImpl-35f2434d-e88f-4dc0-aaff-2450d0368017/datanode-2/data/ratis/54e358a2-72fc-400d-9c22-307796cd6aea does not exist. Creating ...
2019-09-24 21:19:42,433 [828e46cb-5350-48f6-b162-6ce17f2b14e4@group-B35DB681A041:LeaderElection1] INFO  server.RaftServerConfigKeys (ConfUtils.java:logGet(43)) - raft.server.watch.timeout.denomination = 1s (default)
2019-09-24 21:19:42,436 [828e46cb-5350-48f6-b162-6ce17f2b14e4@group-B35DB681A041:LeaderElection1] INFO  server.RaftServerConfigKeys (ConfUtils.java:logGet(43)) - raft.server.watch.element-limit = 65536 (default)
2019-09-24 21:19:42,478 [828e46cb-5350-48f6-b162-6ce17f2b14e4@group-B35DB681A041:LeaderElection1] INFO  impl.RoleInfo (RoleInfo.java:updateAndGet(143)) - 828e46cb-5350-48f6-b162-6ce17f2b14e4: start LeaderState
2019-09-24 21:19:42,511 [f3cc68b9-8250-46bd-9f8b-0b9d65688440@group-E596A2B7CC13:LeaderElection4] INFO  impl.LeaderElection (LeaderElection.java:logAndReturn(56)) - f3cc68b9-8250-46bd-9f8b-0b9d65688440@group-E596A2B7CC13:LeaderElection4: Election REJECTED; received 2 response(s) [f3cc68b9-8250-46bd-9f8b-0b9d65688440<-c1e0fc5a-7ae4-45d0-a105-709cc60ce072#0:FAIL-t1, f3cc68b9-8250-46bd-9f8b-0b9d65688440<-66ab88db-d69f-4f96-9860-b898e5399db4#0:FAIL-t1] and 0 exception(s); f3cc68b9-8250-46bd-9f8b-0b9d65688440@group-E596A2B7CC13:t1, leader=null, voted=f3cc68b9-8250-46bd-9f8b-0b9d65688440, raftlog=f3cc68b9-8250-46bd-9f8b-0b9d65688440@group-E596A2B7CC13-SegmentedRaftLog:OPENED:c-1,f-1,i0, conf=-1: [f3cc68b9-8250-46bd-9f8b-0b9d65688440:192.168.36.84:35502, c1e0fc5a-7ae4-45d0-a105-709cc60ce072:192.168.36.84:33769, 66ab88db-d69f-4f96-9860-b898e5399db4:192.168.36.84:42907], old=null
2019-09-24 21:19:42,511 [c1e0fc5a-7ae4-45d0-a105-709cc60ce072@group-E596A2B7CC13:LeaderElection3] INFO  impl.LeaderElection (LeaderElection.java:logAndReturn(56)) - c1e0fc5a-7ae4-45d0-a105-709cc60ce072@group-E596A2B7CC13:LeaderElection3: Election REJECTED; received 2 response(s) [c1e0fc5a-7ae4-45d0-a105-709cc60ce072<-f3cc68b9-8250-46bd-9f8b-0b9d65688440#0:FAIL-t1, c1e0fc5a-7ae4-45d0-a105-709cc60ce072<-66ab88db-d69f-4f96-9860-b898e5399db4#0:FAIL-t1] and 0 exception(s); c1e0fc5a-7ae4-45d0-a105-709cc60ce072@group-E596A2B7CC13:t1, leader=null, voted=c1e0fc5a-7ae4-45d0-a105-709cc60ce072, raftlog=c1e0fc5a-7ae4-45d0-a105-709cc60ce072@group-E596A2B7CC13-SegmentedRaftLog:OPENED:c-1,f-1,i0, conf=-1: [f3cc68b9-8250-46bd-9f8b-0b9d65688440:192.168.36.84:35502, c1e0fc5a-7ae4-45d0-a105-709cc60ce072:192.168.36.84:33769, 66ab88db-d69f-4f96-9860-b898e5399db4:192.168.36.84:42907], old=null
2019-09-24 21:19:42,511 [66ab88db-d69f-4f96-9860-b898e5399db4@group-E596A2B7CC13:LeaderElection2] INFO  impl.LeaderElection (LeaderElection.java:logAndReturn(56)) - 66ab88db-d69f-4f96-9860-b898e5399db4@group-E596A2B7CC13:LeaderElection2: Election REJECTED; received 2 response(s) [66ab88db-d69f-4f96-9860-b898e5399db4<-f3cc68b9-8250-46bd-9f8b-0b9d65688440#0:FAIL-t1, 66ab88db-d69f-4f96-9860-b898e5399db4<-c1e0fc5a-7ae4-45d0-a105-709cc60ce072#0:FAIL-t1] and 0 exception(s); 66ab88db-d69f-4f96-9860-b898e5399db4@group-E596A2B7CC13:t1, leader=null, voted=66ab88db-d69f-4f96-9860-b898e5399db4, raftlog=66ab88db-d69f-4f96-9860-b898e5399db4@group-E596A2B7CC13-SegmentedRaftLog:OPENED:c-1,f-1,i0, conf=-1: [f3cc68b9-8250-46bd-9f8b-0b9d65688440:192.168.36.84:35502, c1e0fc5a-7ae4-45d0-a105-709cc60ce072:192.168.36.84:33769, 66ab88db-d69f-4f96-9860-b898e5399db4:192.168.36.84:42907], old=null
2019-09-24 21:19:42,520 [c1e0fc5a-7ae4-45d0-a105-709cc60ce072@group-E596A2B7CC13:LeaderElection3] INFO  impl.RaftServerImpl (RaftServerImpl.java:setRole(174)) - c1e0fc5a-7ae4-45d0-a105-709cc60ce072@group-E596A2B7CC13: changes role from CANDIDATE to FOLLOWER at term 1 for DISCOVERED_A_NEW_TERM
2019-09-24 21:19:42,522 [f3cc68b9-8250-46bd-9f8b-0b9d65688440@group-E596A2B7CC13:LeaderElection4] INFO  impl.RaftServerImpl (RaftServerImpl.java:setRole(174)) - f3cc68b9-8250-46bd-9f8b-0b9d65688440@group-E596A2B7CC13: changes role from CANDIDATE to FOLLOWER at term 1 for DISCOVERED_A_NEW_TERM
2019-09-24 21:19:42,524 [c1e0fc5a-7ae4-45d0-a105-709cc60ce072@group-E596A2B7CC13:LeaderElection3] INFO  impl.RoleInfo (RoleInfo.java:shutdownLeaderElection(134)) - c1e0fc5a-7ae4-45d0-a105-709cc60ce072: shutdown LeaderElection
2019-09-24 21:19:42,522 [66ab88db-d69f-4f96-9860-b898e5399db4@group-E596A2B7CC13:LeaderElection2] INFO  impl.RaftServerImpl (RaftServerImpl.java:setRole(174)) - 66ab88db-d69f-4f96-9860-b898e5399db4@group-E596A2B7CC13: changes role from CANDIDATE to FOLLOWER at term 1 for DISCOVERED_A_NEW_TERM
2019-09-24 21:19:42,524 [c1e0fc5a-7ae4-45d0-a105-709cc60ce072@group-E596A2B7CC13:LeaderElection3] INFO  impl.RoleInfo (RoleInfo.java:updateAndGet(143)) - c1e0fc5a-7ae4-45d0-a105-709cc60ce072: start FollowerState
2019-09-24 21:19:42,524 [f3cc68b9-8250-46bd-9f8b-0b9d65688440@group-E596A2B7CC13:LeaderElection4] INFO  impl.RoleInfo (RoleInfo.java:shutdownLeaderElection(134)) - f3cc68b9-8250-46bd-9f8b-0b9d65688440: shutdown LeaderElection
2019-09-24 21:19:42,524 [66ab88db-d69f-4f96-9860-b898e5399db4@group-E596A2B7CC13:LeaderElection2] INFO  impl.RoleInfo (RoleInfo.java:shutdownLeaderElection(134)) - 66ab88db-d69f-4f96-9860-b898e5399db4: shutdown LeaderElection
2019-09-24 21:19:42,526 [f3cc68b9-8250-46bd-9f8b-0b9d65688440@group-E596A2B7CC13:LeaderElection4] INFO  impl.RoleInfo (RoleInfo.java:updateAndGet(143)) - f3cc68b9-8250-46bd-9f8b-0b9d65688440: start FollowerState
2019-09-24 21:19:42,526 [66ab88db-d69f-4f96-9860-b898e5399db4@group-E596A2B7CC13:LeaderElection2] INFO  impl.RoleInfo (RoleInfo.java:updateAndGet(143)) - 66ab88db-d69f-4f96-9860-b898e5399db4: start FollowerState
2019-09-24 21:19:42,539 [828e46cb-5350-48f6-b162-6ce17f2b14e4@group-B35DB681A041:LeaderElection1] INFO  segmented.SegmentedRaftLogWorker (SegmentedRaftLogWorker.java:startLogSegment(380)) - 828e46cb-5350-48f6-b162-6ce17f2b14e4@group-B35DB681A041-SegmentedRaftLogWorker: Starting segment from index:0
2019-09-24 21:19:42,549 [828e46cb-5350-48f6-b162-6ce17f2b14e4@group-B35DB681A041:LeaderElection1] INFO  impl.RaftServerImpl (ServerState.java:setRaftConf(354)) - 828e46cb-5350-48f6-b162-6ce17f2b14e4@group-B35DB681A041: set configuration 0: [828e46cb-5350-48f6-b162-6ce17f2b14e4:192.168.36.84:34040], old=null at 0
2019-09-24 21:19:44,149 [RATISCREATEPIPELINE1] ERROR pipeline.RatisPipelineProvider (RatisPipelineProvider.java:lambda$null$5(235)) - Failed invoke Ratis rpc org.apache.hadoop.hdds.scm.pipeline.RatisPipelineProvider$$Lambda$199/270335190@260e1aa1 for c1e0fc5a-7ae4-45d0-a105-709cc60ce072
org.apache.ratis.protocol.TimeoutIOException: deadline exceeded after 2997274884ns
	at org.apache.ratis.grpc.GrpcUtil.tryUnwrapException(GrpcUtil.java:82)
	at org.apache.ratis.grpc.GrpcUtil.unwrapException(GrpcUtil.java:75)
	at org.apache.ratis.grpc.client.GrpcClientProtocolClient.blockingCall(GrpcClientProtocolClient.java:178)
	at org.apache.ratis.grpc.client.GrpcClientProtocolClient.groupAdd(GrpcClientProtocolClient.java:147)
	at org.apache.ratis.grpc.client.GrpcClientRpc.sendRequest(GrpcClientRpc.java:94)
	at org.apache.ratis.client.impl.RaftClientImpl.sendRequest(RaftClientImpl.java:278)
	at org.apache.ratis.client.impl.RaftClientImpl.groupAdd(RaftClientImpl.java:205)
	at org.apache.hadoop.hdds.scm.pipeline.RatisPipelineProvider.lambda$initializePipeline$4(RatisPipelineProvider.java:196)
	at org.apache.hadoop.hdds.scm.pipeline.RatisPipelineProvider.lambda$null$5(RatisPipelineProvider.java:231)
	at java.util.stream.ForEachOps$ForEachOp$OfRef.accept(ForEachOps.java:184)
	at java.util.ArrayList$ArrayListSpliterator.forEachRemaining(ArrayList.java:1382)
	at java.util.stream.AbstractPipeline.copyInto(AbstractPipeline.java:482)
	at java.util.stream.ForEachOps$ForEachTask.compute(ForEachOps.java:291)
	at java.util.concurrent.CountedCompleter.exec(CountedCompleter.java:731)
	at java.util.concurrent.ForkJoinTask.doExec(ForkJoinTask.java:289)
	at java.util.concurrent.ForkJoinTask.doInvoke(ForkJoinTask.java:401)
	at java.util.concurrent.ForkJoinTask.invoke(ForkJoinTask.java:734)
	at java.util.stream.ForEachOps$ForEachOp.evaluateParallel(ForEachOps.java:160)
	at java.util.stream.ForEachOps$ForEachOp$OfRef.evaluateParallel(ForEachOps.java:174)
	at java.util.stream.AbstractPipeline.evaluate(AbstractPipeline.java:233)
	at java.util.stream.ReferencePipeline.forEach(ReferencePipeline.java:418)
	at java.util.stream.ReferencePipeline$Head.forEach(ReferencePipeline.java:583)
	at org.apache.hadoop.hdds.scm.pipeline.RatisPipelineProvider.lambda$callRatisRpc$6(RatisPipelineProvider.java:225)
	at java.util.concurrent.ForkJoinTask$AdaptedRunnableAction.exec(ForkJoinTask.java:1386)
	at java.util.concurrent.ForkJoinTask.doExec(ForkJoinTask.java:289)
	at java.util.concurrent.ForkJoinPool$WorkQueue.runTask(ForkJoinPool.java:1056)
	at java.util.concurrent.ForkJoinPool.runWorker(ForkJoinPool.java:1692)
	at java.util.concurrent.ForkJoinWorkerThread.run(ForkJoinWorkerThread.java:157)
Caused by: org.apache.ratis.thirdparty.io.grpc.StatusRuntimeException: DEADLINE_EXCEEDED: deadline exceeded after 2997274884ns
	at org.apache.ratis.thirdparty.io.grpc.stub.ClientCalls.toStatusRuntimeException(ClientCalls.java:233)
	at org.apache.ratis.thirdparty.io.grpc.stub.ClientCalls.getUnchecked(ClientCalls.java:214)
	at org.apache.ratis.thirdparty.io.grpc.stub.ClientCalls.blockingUnaryCall(ClientCalls.java:139)
	at org.apache.ratis.proto.grpc.AdminProtocolServiceGrpc$AdminProtocolServiceBlockingStub.groupManagement(AdminProtocolServiceGrpc.java:274)
	at org.apache.ratis.grpc.client.GrpcClientProtocolClient.lambda$groupAdd$3(GrpcClientProtocolClient.java:149)
	at org.apache.ratis.grpc.client.GrpcClientProtocolClient.blockingCall(GrpcClientProtocolClient.java:176)
	... 25 more
2019-09-24 21:19:44,149 [RATISCREATEPIPELINE3] ERROR pipeline.RatisPipelineProvider (RatisPipelineProvider.java:lambda$null$5(235)) - Failed invoke Ratis rpc org.apache.hadoop.hdds.scm.pipeline.RatisPipelineProvider$$Lambda$199/270335190@260e1aa1 for f3cc68b9-8250-46bd-9f8b-0b9d65688440
org.apache.ratis.protocol.TimeoutIOException: deadline exceeded after 2999741441ns
	at org.apache.ratis.grpc.GrpcUtil.tryUnwrapException(GrpcUtil.java:82)
	at org.apache.ratis.grpc.GrpcUtil.unwrapException(GrpcUtil.java:75)
	at org.apache.ratis.grpc.client.GrpcClientProtocolClient.blockingCall(GrpcClientProtocolClient.java:178)
	at org.apache.ratis.grpc.client.GrpcClientProtocolClient.groupAdd(GrpcClientProtocolClient.java:147)
	at org.apache.ratis.grpc.client.GrpcClientRpc.sendRequest(GrpcClientRpc.java:94)
	at org.apache.ratis.client.impl.RaftClientImpl.sendRequest(RaftClientImpl.java:278)
	at org.apache.ratis.client.impl.RaftClientImpl.groupAdd(RaftClientImpl.java:205)
	at org.apache.hadoop.hdds.scm.pipeline.RatisPipelineProvider.lambda$initializePipeline$4(RatisPipelineProvider.java:196)
	at org.apache.hadoop.hdds.scm.pipeline.RatisPipelineProvider.lambda$null$5(RatisPipelineProvider.java:231)
	at java.util.stream.ForEachOps$ForEachOp$OfRef.accept(ForEachOps.java:184)
	at java.util.ArrayList$ArrayListSpliterator.forEachRemaining(ArrayList.java:1382)
	at java.util.stream.AbstractPipeline.copyInto(AbstractPipeline.java:482)
	at java.util.stream.ForEachOps$ForEachTask.compute(ForEachOps.java:291)
	at java.util.concurrent.CountedCompleter.exec(CountedCompleter.java:731)
	at java.util.concurrent.ForkJoinTask.doExec(ForkJoinTask.java:289)
	at java.util.concurrent.ForkJoinPool$WorkQueue.runTask(ForkJoinPool.java:1056)
	at java.util.concurrent.ForkJoinPool.runWorker(ForkJoinPool.java:1692)
	at java.util.concurrent.ForkJoinWorkerThread.run(ForkJoinWorkerThread.java:157)
Caused by: org.apache.ratis.thirdparty.io.grpc.StatusRuntimeException: DEADLINE_EXCEEDED: deadline exceeded after 2999741441ns
	at org.apache.ratis.thirdparty.io.grpc.stub.ClientCalls.toStatusRuntimeException(ClientCalls.java:233)
	at org.apache.ratis.thirdparty.io.grpc.stub.ClientCalls.getUnchecked(ClientCalls.java:214)
	at org.apache.ratis.thirdparty.io.grpc.stub.ClientCalls.blockingUnaryCall(ClientCalls.java:139)
	at org.apache.ratis.proto.grpc.AdminProtocolServiceGrpc$AdminProtocolServiceBlockingStub.groupManagement(AdminProtocolServiceGrpc.java:274)
	at org.apache.ratis.grpc.client.GrpcClientProtocolClient.lambda$groupAdd$3(GrpcClientProtocolClient.java:149)
	at org.apache.ratis.grpc.client.GrpcClientProtocolClient.blockingCall(GrpcClientProtocolClient.java:176)
	... 15 more
2019-09-24 21:19:44,149 [RATISCREATEPIPELINE2] ERROR pipeline.RatisPipelineProvider (RatisPipelineProvider.java:lambda$null$5(235)) - Failed invoke Ratis rpc org.apache.hadoop.hdds.scm.pipeline.RatisPipelineProvider$$Lambda$199/270335190@260e1aa1 for 66ab88db-d69f-4f96-9860-b898e5399db4
org.apache.ratis.protocol.TimeoutIOException: deadline exceeded after 2997266729ns
	at org.apache.ratis.grpc.GrpcUtil.tryUnwrapException(GrpcUtil.java:82)
	at org.apache.ratis.grpc.GrpcUtil.unwrapException(GrpcUtil.java:75)
	at org.apache.ratis.grpc.client.GrpcClientProtocolClient.blockingCall(GrpcClientProtocolClient.java:178)
	at org.apache.ratis.grpc.client.GrpcClientProtocolClient.groupAdd(GrpcClientProtocolClient.java:147)
	at org.apache.ratis.grpc.client.GrpcClientRpc.sendRequest(GrpcClientRpc.java:94)
	at org.apache.ratis.client.impl.RaftClientImpl.sendRequest(RaftClientImpl.java:278)
	at org.apache.ratis.client.impl.RaftClientImpl.groupAdd(RaftClientImpl.java:205)
	at org.apache.hadoop.hdds.scm.pipeline.RatisPipelineProvider.lambda$initializePipeline$4(RatisPipelineProvider.java:196)
	at org.apache.hadoop.hdds.scm.pipeline.RatisPipelineProvider.lambda$null$5(RatisPipelineProvider.java:231)
	at java.util.stream.ForEachOps$ForEachOp$OfRef.accept(ForEachOps.java:184)
	at java.util.ArrayList$ArrayListSpliterator.forEachRemaining(ArrayList.java:1382)
	at java.util.stream.AbstractPipeline.copyInto(AbstractPipeline.java:482)
	at java.util.stream.ForEachOps$ForEachTask.compute(ForEachOps.java:291)
	at java.util.concurrent.CountedCompleter.exec(CountedCompleter.java:731)
	at java.util.concurrent.ForkJoinTask.doExec(ForkJoinTask.java:289)
	at java.util.concurrent.ForkJoinPool$WorkQueue.runTask(ForkJoinPool.java:1056)
	at java.util.concurrent.ForkJoinPool.runWorker(ForkJoinPool.java:1692)
	at java.util.concurrent.ForkJoinWorkerThread.run(ForkJoinWorkerThread.java:157)
Caused by: org.apache.ratis.thirdparty.io.grpc.StatusRuntimeException: DEADLINE_EXCEEDED: deadline exceeded after 2997266729ns
	at org.apache.ratis.thirdparty.io.grpc.stub.ClientCalls.toStatusRuntimeException(ClientCalls.java:233)
	at org.apache.ratis.thirdparty.io.grpc.stub.ClientCalls.getUnchecked(ClientCalls.java:214)
	at org.apache.ratis.thirdparty.io.grpc.stub.ClientCalls.blockingUnaryCall(ClientCalls.java:139)
	at org.apache.ratis.proto.grpc.AdminProtocolServiceGrpc$AdminProtocolServiceBlockingStub.groupManagement(AdminProtocolServiceGrpc.java:274)
	at org.apache.ratis.grpc.client.GrpcClientProtocolClient.lambda$groupAdd$3(GrpcClientProtocolClient.java:149)
	at org.apache.ratis.grpc.client.GrpcClientProtocolClient.blockingCall(GrpcClientProtocolClient.java:176)
	... 15 more
2019-09-24 21:19:44,160 [IPC Server handler 1 on 38451] WARN  block.BlockManagerImpl (BlockManagerImpl.java:allocateBlock(192)) - Pipeline creation failed for type:RATIS factor:THREE. Retrying get pipelines call once.
org.apache.hadoop.io.MultipleIOException: 3 exceptions [java.io.IOException: Failed invoke Ratis rpc org.apache.hadoop.hdds.scm.pipeline.RatisPipelineProvider$$Lambda$199/270335190@260e1aa1 for c1e0fc5a-7ae4-45d0-a105-709cc60ce072, java.io.IOException: Failed invoke Ratis rpc org.apache.hadoop.hdds.scm.pipeline.RatisPipelineProvider$$Lambda$199/270335190@260e1aa1 for f3cc68b9-8250-46bd-9f8b-0b9d65688440, java.io.IOException: Failed invoke Ratis rpc org.apache.hadoop.hdds.scm.pipeline.RatisPipelineProvider$$Lambda$199/270335190@260e1aa1 for 66ab88db-d69f-4f96-9860-b898e5399db4]
	at org.apache.hadoop.io.MultipleIOException.createIOException(MultipleIOException.java:53)
	at org.apache.hadoop.hdds.scm.pipeline.RatisPipelineProvider.callRatisRpc(RatisPipelineProvider.java:251)
	at org.apache.hadoop.hdds.scm.pipeline.RatisPipelineProvider.initializePipeline(RatisPipelineProvider.java:194)
	at org.apache.hadoop.hdds.scm.pipeline.RatisPipelineProvider.create(RatisPipelineProvider.java:163)
	at org.apache.hadoop.hdds.scm.pipeline.PipelineFactory.create(PipelineFactory.java:58)
	at org.apache.hadoop.hdds.scm.pipeline.SCMPipelineManager.createPipeline(SCMPipelineManager.java:155)
	at org.apache.hadoop.hdds.scm.block.BlockManagerImpl.allocateBlock(BlockManagerImpl.java:190)
	at org.apache.hadoop.hdds.scm.server.SCMBlockProtocolServer.allocateBlock(SCMBlockProtocolServer.java:182)
	at org.apache.hadoop.ozone.protocolPB.ScmBlockLocationProtocolServerSideTranslatorPB.allocateScmBlock(ScmBlockLocationProtocolServerSideTranslatorPB.java:183)
	at org.apache.hadoop.ozone.protocolPB.ScmBlockLocationProtocolServerSideTranslatorPB.processMessage(ScmBlockLocationProtocolServerSideTranslatorPB.java:141)
	at org.apache.hadoop.ozone.protocolPB.ScmBlockLocationProtocolServerSideTranslatorPB.send(ScmBlockLocationProtocolServerSideTranslatorPB.java:116)
	at org.apache.hadoop.hdds.protocol.proto.ScmBlockLocationProtocolProtos$ScmBlockLocationProtocolService$2.callBlockingMethod(ScmBlockLocationProtocolProtos.java:13157)
	at org.apache.hadoop.ipc.ProtobufRpcEngine$Server$ProtoBufRpcInvoker.call(ProtobufRpcEngine.java:524)
	at org.apache.hadoop.ipc.RPC$Server.call(RPC.java:1025)
	at org.apache.hadoop.ipc.Server$RpcCall.run(Server.java:876)
	at org.apache.hadoop.ipc.Server$RpcCall.run(Server.java:822)
	at java.security.AccessController.doPrivileged(Native Method)
	at javax.security.auth.Subject.doAs(Subject.java:422)
	at org.apache.hadoop.security.UserGroupInformation.doAs(UserGroupInformation.java:1730)
	at org.apache.hadoop.ipc.Server$Handler.run(Server.java:2682)
2019-09-24 21:19:44,161 [IPC Server handler 1 on 38451] INFO  block.BlockManagerImpl (BlockManagerImpl.java:allocateBlock(198)) - Could not find available pipeline of type:RATIS and factor:THREE even after retrying
2019-09-24 21:19:44,161 [IPC Server handler 1 on 38451] ERROR block.BlockManagerImpl (BlockManagerImpl.java:allocateBlock(222)) - Unable to allocate a block for the size: 4194304, type: RATIS, factor: THREE
]]></system-out>
  </testcase>
  <testcase name="testFileStatusBlocksizeEmptyFile" classname="org.apache.hadoop.fs.ozone.contract.ITestOzoneContractCreate" time="3.183">
    <error message="Allocated 0 blocks. Requested 1 blocks" type="INTERNAL_ERROR org.apache.hadoop.ozone.om.exceptions.OMException">INTERNAL_ERROR org.apache.hadoop.ozone.om.exceptions.OMException: Allocated 0 blocks. Requested 1 blocks
	at org.apache.hadoop.ozone.om.protocolPB.OzoneManagerProtocolClientSideTranslatorPB.handleError(OzoneManagerProtocolClientSideTranslatorPB.java:732)
	at org.apache.hadoop.ozone.om.protocolPB.OzoneManagerProtocolClientSideTranslatorPB.createFile(OzoneManagerProtocolClientSideTranslatorPB.java:1536)
	at sun.reflect.NativeMethodAccessorImpl.invoke0(Native Method)
	at sun.reflect.NativeMethodAccessorImpl.invoke(NativeMethodAccessorImpl.java:62)
	at sun.reflect.DelegatingMethodAccessorImpl.invoke(DelegatingMethodAccessorImpl.java:43)
	at java.lang.reflect.Method.invoke(Method.java:498)
	at org.apache.hadoop.hdds.tracing.TraceAllMethod.invoke(TraceAllMethod.java:66)
	at com.sun.proxy.$Proxy41.createFile(Unknown Source)
	at org.apache.hadoop.ozone.client.rpc.RpcClient.createFile(RpcClient.java:1006)
	at org.apache.hadoop.ozone.client.OzoneBucket.createFile(OzoneBucket.java:537)
	at org.apache.hadoop.fs.ozone.BasicOzoneClientAdapterImpl.createFile(BasicOzoneClientAdapterImpl.java:205)
	at org.apache.hadoop.fs.ozone.BasicOzoneFileSystem.createOutputStream(BasicOzoneFileSystem.java:250)
	at org.apache.hadoop.fs.ozone.BasicOzoneFileSystem.create(BasicOzoneFileSystem.java:231)
	at org.apache.hadoop.fs.FileSystem.create(FileSystem.java:1118)
	at org.apache.hadoop.fs.FileSystem.create(FileSystem.java:1098)
	at org.apache.hadoop.fs.FileSystem.create(FileSystem.java:987)
	at org.apache.hadoop.fs.contract.ContractTestUtils.createFile(ContractTestUtils.java:633)
	at org.apache.hadoop.fs.contract.ContractTestUtils.touch(ContractTestUtils.java:669)
	at org.apache.hadoop.fs.contract.AbstractContractCreateTest.testFileStatusBlocksizeEmptyFile(AbstractContractCreateTest.java:300)
	at sun.reflect.NativeMethodAccessorImpl.invoke0(Native Method)
	at sun.reflect.NativeMethodAccessorImpl.invoke(NativeMethodAccessorImpl.java:62)
	at sun.reflect.DelegatingMethodAccessorImpl.invoke(DelegatingMethodAccessorImpl.java:43)
	at java.lang.reflect.Method.invoke(Method.java:498)
	at org.junit.runners.model.FrameworkMethod$1.runReflectiveCall(FrameworkMethod.java:47)
	at org.junit.internal.runners.model.ReflectiveCallable.run(ReflectiveCallable.java:12)
	at org.junit.runners.model.FrameworkMethod.invokeExplosively(FrameworkMethod.java:44)
	at org.junit.internal.runners.statements.InvokeMethod.evaluate(InvokeMethod.java:17)
	at org.junit.internal.runners.statements.RunBefores.evaluate(RunBefores.java:26)
	at org.junit.internal.runners.statements.RunAfters.evaluate(RunAfters.java:27)
	at org.junit.rules.TestWatcher$1.evaluate(TestWatcher.java:55)
	at org.junit.internal.runners.statements.FailOnTimeout$StatementThread.run(FailOnTimeout.java:74)
</error>
    <system-out><![CDATA[2019-09-24 21:19:44,215 [Thread-251] INFO  rpc.RpcClient (RpcClient.java:createVolume(276)) - Creating Volume: volume81878, with user42653 as owner.
2019-09-24 21:19:44,218 [IPC Server handler 8 on 42447] INFO  volume.OMVolumeCreateRequest (OMVolumeCreateRequest.java:validateAndUpdateCache(189)) - created volume:volume81878 for user:user42653
2019-09-24 21:19:44,222 [Thread-251] INFO  rpc.RpcClient (RpcClient.java:createBucket(415)) - Creating Bucket: volume81878/bucket73065, with Versioning false and Storage Type set to DISK and Encryption set to false 
2019-09-24 21:19:44,297 [Thread-251] INFO  contract.AbstractFSContractTestBase (AbstractFSContractTestBase.java:setup(184)) - Test filesystem = o3fs://bucket73065.volume81878 implemented by OzoneFileSystem{URI=o3fs://bucket73065.volume81878, workingDir=o3fs://bucket73065.volume81878/user/jenkins1000, userName=jenkins1000, statistics=0 bytes read, 0 bytes written, 7 read ops, 0 large read ops, 4 write ops}
2019-09-24 21:19:44,301 [Thread-251] INFO  contract.AbstractFSContractTestBase (AbstractFSContractTestBase.java:describe(255)) - check that an empty file may return a 0-byte blocksize
2019-09-24 21:19:44,344 [grpc-default-executor-3] INFO  impl.RaftServerProxy (RaftServerProxy.java:addNew(89)) - 66ab88db-d69f-4f96-9860-b898e5399db4: addNew group-A26FF7157983:[f3cc68b9-8250-46bd-9f8b-0b9d65688440:192.168.36.84:35502, c1e0fc5a-7ae4-45d0-a105-709cc60ce072:192.168.36.84:33769, 66ab88db-d69f-4f96-9860-b898e5399db4:192.168.36.84:42907] returns group-A26FF7157983:java.util.concurrent.CompletableFuture@2ad6e6f3[Not completed]
2019-09-24 21:19:44,344 [grpc-default-executor-5] INFO  impl.RaftServerProxy (RaftServerProxy.java:addNew(89)) - f3cc68b9-8250-46bd-9f8b-0b9d65688440: addNew group-A26FF7157983:[f3cc68b9-8250-46bd-9f8b-0b9d65688440:192.168.36.84:35502, c1e0fc5a-7ae4-45d0-a105-709cc60ce072:192.168.36.84:33769, 66ab88db-d69f-4f96-9860-b898e5399db4:192.168.36.84:42907] returns group-A26FF7157983:java.util.concurrent.CompletableFuture@5be8d56c[Not completed]
2019-09-24 21:19:44,345 [grpc-default-executor-1] INFO  impl.RaftServerProxy (RaftServerProxy.java:addNew(89)) - c1e0fc5a-7ae4-45d0-a105-709cc60ce072: addNew group-A26FF7157983:[f3cc68b9-8250-46bd-9f8b-0b9d65688440:192.168.36.84:35502, c1e0fc5a-7ae4-45d0-a105-709cc60ce072:192.168.36.84:33769, 66ab88db-d69f-4f96-9860-b898e5399db4:192.168.36.84:42907] returns group-A26FF7157983:java.util.concurrent.CompletableFuture@56834cbe[Not completed]
2019-09-24 21:19:47,337 [RATISCREATEPIPELINE1] ERROR pipeline.RatisPipelineProvider (RatisPipelineProvider.java:lambda$null$5(235)) - Failed invoke Ratis rpc org.apache.hadoop.hdds.scm.pipeline.RatisPipelineProvider$$Lambda$199/270335190@16f2e27e for c1e0fc5a-7ae4-45d0-a105-709cc60ce072
org.apache.ratis.protocol.TimeoutIOException: deadline exceeded after 2995143514ns
	at org.apache.ratis.grpc.GrpcUtil.tryUnwrapException(GrpcUtil.java:82)
	at org.apache.ratis.grpc.GrpcUtil.unwrapException(GrpcUtil.java:75)
	at org.apache.ratis.grpc.client.GrpcClientProtocolClient.blockingCall(GrpcClientProtocolClient.java:178)
	at org.apache.ratis.grpc.client.GrpcClientProtocolClient.groupAdd(GrpcClientProtocolClient.java:147)
	at org.apache.ratis.grpc.client.GrpcClientRpc.sendRequest(GrpcClientRpc.java:94)
	at org.apache.ratis.client.impl.RaftClientImpl.sendRequest(RaftClientImpl.java:278)
	at org.apache.ratis.client.impl.RaftClientImpl.groupAdd(RaftClientImpl.java:205)
	at org.apache.hadoop.hdds.scm.pipeline.RatisPipelineProvider.lambda$initializePipeline$4(RatisPipelineProvider.java:196)
	at org.apache.hadoop.hdds.scm.pipeline.RatisPipelineProvider.lambda$null$5(RatisPipelineProvider.java:231)
	at java.util.stream.ForEachOps$ForEachOp$OfRef.accept(ForEachOps.java:184)
	at java.util.ArrayList$ArrayListSpliterator.forEachRemaining(ArrayList.java:1382)
	at java.util.stream.AbstractPipeline.copyInto(AbstractPipeline.java:482)
	at java.util.stream.ForEachOps$ForEachTask.compute(ForEachOps.java:291)
	at java.util.concurrent.CountedCompleter.exec(CountedCompleter.java:731)
	at java.util.concurrent.ForkJoinTask.doExec(ForkJoinTask.java:289)
	at java.util.concurrent.ForkJoinTask.doInvoke(ForkJoinTask.java:401)
	at java.util.concurrent.ForkJoinTask.invoke(ForkJoinTask.java:734)
	at java.util.stream.ForEachOps$ForEachOp.evaluateParallel(ForEachOps.java:160)
	at java.util.stream.ForEachOps$ForEachOp$OfRef.evaluateParallel(ForEachOps.java:174)
	at java.util.stream.AbstractPipeline.evaluate(AbstractPipeline.java:233)
	at java.util.stream.ReferencePipeline.forEach(ReferencePipeline.java:418)
	at java.util.stream.ReferencePipeline$Head.forEach(ReferencePipeline.java:583)
	at org.apache.hadoop.hdds.scm.pipeline.RatisPipelineProvider.lambda$callRatisRpc$6(RatisPipelineProvider.java:225)
	at java.util.concurrent.ForkJoinTask$AdaptedRunnableAction.exec(ForkJoinTask.java:1386)
	at java.util.concurrent.ForkJoinTask.doExec(ForkJoinTask.java:289)
	at java.util.concurrent.ForkJoinPool$WorkQueue.runTask(ForkJoinPool.java:1056)
	at java.util.concurrent.ForkJoinPool.runWorker(ForkJoinPool.java:1692)
	at java.util.concurrent.ForkJoinWorkerThread.run(ForkJoinWorkerThread.java:157)
Caused by: org.apache.ratis.thirdparty.io.grpc.StatusRuntimeException: DEADLINE_EXCEEDED: deadline exceeded after 2995143514ns
	at org.apache.ratis.thirdparty.io.grpc.stub.ClientCalls.toStatusRuntimeException(ClientCalls.java:233)
	at org.apache.ratis.thirdparty.io.grpc.stub.ClientCalls.getUnchecked(ClientCalls.java:214)
	at org.apache.ratis.thirdparty.io.grpc.stub.ClientCalls.blockingUnaryCall(ClientCalls.java:139)
	at org.apache.ratis.proto.grpc.AdminProtocolServiceGrpc$AdminProtocolServiceBlockingStub.groupManagement(AdminProtocolServiceGrpc.java:274)
	at org.apache.ratis.grpc.client.GrpcClientProtocolClient.lambda$groupAdd$3(GrpcClientProtocolClient.java:149)
	at org.apache.ratis.grpc.client.GrpcClientProtocolClient.blockingCall(GrpcClientProtocolClient.java:176)
	... 25 more
2019-09-24 21:19:47,337 [RATISCREATEPIPELINE3] ERROR pipeline.RatisPipelineProvider (RatisPipelineProvider.java:lambda$null$5(235)) - Failed invoke Ratis rpc org.apache.hadoop.hdds.scm.pipeline.RatisPipelineProvider$$Lambda$199/270335190@16f2e27e for f3cc68b9-8250-46bd-9f8b-0b9d65688440
org.apache.ratis.protocol.TimeoutIOException: deadline exceeded after 2995187568ns
	at org.apache.ratis.grpc.GrpcUtil.tryUnwrapException(GrpcUtil.java:82)
	at org.apache.ratis.grpc.GrpcUtil.unwrapException(GrpcUtil.java:75)
	at org.apache.ratis.grpc.client.GrpcClientProtocolClient.blockingCall(GrpcClientProtocolClient.java:178)
	at org.apache.ratis.grpc.client.GrpcClientProtocolClient.groupAdd(GrpcClientProtocolClient.java:147)
	at org.apache.ratis.grpc.client.GrpcClientRpc.sendRequest(GrpcClientRpc.java:94)
	at org.apache.ratis.client.impl.RaftClientImpl.sendRequest(RaftClientImpl.java:278)
	at org.apache.ratis.client.impl.RaftClientImpl.groupAdd(RaftClientImpl.java:205)
	at org.apache.hadoop.hdds.scm.pipeline.RatisPipelineProvider.lambda$initializePipeline$4(RatisPipelineProvider.java:196)
	at org.apache.hadoop.hdds.scm.pipeline.RatisPipelineProvider.lambda$null$5(RatisPipelineProvider.java:231)
	at java.util.stream.ForEachOps$ForEachOp$OfRef.accept(ForEachOps.java:184)
	at java.util.ArrayList$ArrayListSpliterator.forEachRemaining(ArrayList.java:1382)
	at java.util.stream.AbstractPipeline.copyInto(AbstractPipeline.java:482)
	at java.util.stream.ForEachOps$ForEachTask.compute(ForEachOps.java:291)
	at java.util.concurrent.CountedCompleter.exec(CountedCompleter.java:731)
	at java.util.concurrent.ForkJoinTask.doExec(ForkJoinTask.java:289)
	at java.util.concurrent.ForkJoinPool$WorkQueue.runTask(ForkJoinPool.java:1056)
	at java.util.concurrent.ForkJoinPool.runWorker(ForkJoinPool.java:1692)
	at java.util.concurrent.ForkJoinWorkerThread.run(ForkJoinWorkerThread.java:157)
Caused by: org.apache.ratis.thirdparty.io.grpc.StatusRuntimeException: DEADLINE_EXCEEDED: deadline exceeded after 2995187568ns
	at org.apache.ratis.thirdparty.io.grpc.stub.ClientCalls.toStatusRuntimeException(ClientCalls.java:233)
	at org.apache.ratis.thirdparty.io.grpc.stub.ClientCalls.getUnchecked(ClientCalls.java:214)
	at org.apache.ratis.thirdparty.io.grpc.stub.ClientCalls.blockingUnaryCall(ClientCalls.java:139)
	at org.apache.ratis.proto.grpc.AdminProtocolServiceGrpc$AdminProtocolServiceBlockingStub.groupManagement(AdminProtocolServiceGrpc.java:274)
	at org.apache.ratis.grpc.client.GrpcClientProtocolClient.lambda$groupAdd$3(GrpcClientProtocolClient.java:149)
	at org.apache.ratis.grpc.client.GrpcClientProtocolClient.blockingCall(GrpcClientProtocolClient.java:176)
	... 15 more
2019-09-24 21:19:47,337 [RATISCREATEPIPELINE2] ERROR pipeline.RatisPipelineProvider (RatisPipelineProvider.java:lambda$null$5(235)) - Failed invoke Ratis rpc org.apache.hadoop.hdds.scm.pipeline.RatisPipelineProvider$$Lambda$199/270335190@16f2e27e for 66ab88db-d69f-4f96-9860-b898e5399db4
org.apache.ratis.protocol.TimeoutIOException: deadline exceeded after 2999672186ns
	at org.apache.ratis.grpc.GrpcUtil.tryUnwrapException(GrpcUtil.java:82)
	at org.apache.ratis.grpc.GrpcUtil.unwrapException(GrpcUtil.java:75)
	at org.apache.ratis.grpc.client.GrpcClientProtocolClient.blockingCall(GrpcClientProtocolClient.java:178)
	at org.apache.ratis.grpc.client.GrpcClientProtocolClient.groupAdd(GrpcClientProtocolClient.java:147)
	at org.apache.ratis.grpc.client.GrpcClientRpc.sendRequest(GrpcClientRpc.java:94)
	at org.apache.ratis.client.impl.RaftClientImpl.sendRequest(RaftClientImpl.java:278)
	at org.apache.ratis.client.impl.RaftClientImpl.groupAdd(RaftClientImpl.java:205)
	at org.apache.hadoop.hdds.scm.pipeline.RatisPipelineProvider.lambda$initializePipeline$4(RatisPipelineProvider.java:196)
	at org.apache.hadoop.hdds.scm.pipeline.RatisPipelineProvider.lambda$null$5(RatisPipelineProvider.java:231)
	at java.util.stream.ForEachOps$ForEachOp$OfRef.accept(ForEachOps.java:184)
	at java.util.ArrayList$ArrayListSpliterator.forEachRemaining(ArrayList.java:1382)
	at java.util.stream.AbstractPipeline.copyInto(AbstractPipeline.java:482)
	at java.util.stream.ForEachOps$ForEachTask.compute(ForEachOps.java:291)
	at java.util.concurrent.CountedCompleter.exec(CountedCompleter.java:731)
	at java.util.concurrent.ForkJoinTask.doExec(ForkJoinTask.java:289)
	at java.util.concurrent.ForkJoinPool$WorkQueue.runTask(ForkJoinPool.java:1056)
	at java.util.concurrent.ForkJoinPool.runWorker(ForkJoinPool.java:1692)
	at java.util.concurrent.ForkJoinWorkerThread.run(ForkJoinWorkerThread.java:157)
Caused by: org.apache.ratis.thirdparty.io.grpc.StatusRuntimeException: DEADLINE_EXCEEDED: deadline exceeded after 2999672186ns
	at org.apache.ratis.thirdparty.io.grpc.stub.ClientCalls.toStatusRuntimeException(ClientCalls.java:233)
	at org.apache.ratis.thirdparty.io.grpc.stub.ClientCalls.getUnchecked(ClientCalls.java:214)
	at org.apache.ratis.thirdparty.io.grpc.stub.ClientCalls.blockingUnaryCall(ClientCalls.java:139)
	at org.apache.ratis.proto.grpc.AdminProtocolServiceGrpc$AdminProtocolServiceBlockingStub.groupManagement(AdminProtocolServiceGrpc.java:274)
	at org.apache.ratis.grpc.client.GrpcClientProtocolClient.lambda$groupAdd$3(GrpcClientProtocolClient.java:149)
	at org.apache.ratis.grpc.client.GrpcClientProtocolClient.blockingCall(GrpcClientProtocolClient.java:176)
	... 15 more
2019-09-24 21:19:47,345 [IPC Server handler 2 on 38451] WARN  block.BlockManagerImpl (BlockManagerImpl.java:allocateBlock(192)) - Pipeline creation failed for type:RATIS factor:THREE. Retrying get pipelines call once.
org.apache.hadoop.io.MultipleIOException: 3 exceptions [java.io.IOException: Failed invoke Ratis rpc org.apache.hadoop.hdds.scm.pipeline.RatisPipelineProvider$$Lambda$199/270335190@16f2e27e for c1e0fc5a-7ae4-45d0-a105-709cc60ce072, java.io.IOException: Failed invoke Ratis rpc org.apache.hadoop.hdds.scm.pipeline.RatisPipelineProvider$$Lambda$199/270335190@16f2e27e for f3cc68b9-8250-46bd-9f8b-0b9d65688440, java.io.IOException: Failed invoke Ratis rpc org.apache.hadoop.hdds.scm.pipeline.RatisPipelineProvider$$Lambda$199/270335190@16f2e27e for 66ab88db-d69f-4f96-9860-b898e5399db4]
	at org.apache.hadoop.io.MultipleIOException.createIOException(MultipleIOException.java:53)
	at org.apache.hadoop.hdds.scm.pipeline.RatisPipelineProvider.callRatisRpc(RatisPipelineProvider.java:251)
	at org.apache.hadoop.hdds.scm.pipeline.RatisPipelineProvider.initializePipeline(RatisPipelineProvider.java:194)
	at org.apache.hadoop.hdds.scm.pipeline.RatisPipelineProvider.create(RatisPipelineProvider.java:163)
	at org.apache.hadoop.hdds.scm.pipeline.PipelineFactory.create(PipelineFactory.java:58)
	at org.apache.hadoop.hdds.scm.pipeline.SCMPipelineManager.createPipeline(SCMPipelineManager.java:155)
	at org.apache.hadoop.hdds.scm.block.BlockManagerImpl.allocateBlock(BlockManagerImpl.java:190)
	at org.apache.hadoop.hdds.scm.server.SCMBlockProtocolServer.allocateBlock(SCMBlockProtocolServer.java:182)
	at org.apache.hadoop.ozone.protocolPB.ScmBlockLocationProtocolServerSideTranslatorPB.allocateScmBlock(ScmBlockLocationProtocolServerSideTranslatorPB.java:183)
	at org.apache.hadoop.ozone.protocolPB.ScmBlockLocationProtocolServerSideTranslatorPB.processMessage(ScmBlockLocationProtocolServerSideTranslatorPB.java:141)
	at org.apache.hadoop.ozone.protocolPB.ScmBlockLocationProtocolServerSideTranslatorPB.send(ScmBlockLocationProtocolServerSideTranslatorPB.java:116)
	at org.apache.hadoop.hdds.protocol.proto.ScmBlockLocationProtocolProtos$ScmBlockLocationProtocolService$2.callBlockingMethod(ScmBlockLocationProtocolProtos.java:13157)
	at org.apache.hadoop.ipc.ProtobufRpcEngine$Server$ProtoBufRpcInvoker.call(ProtobufRpcEngine.java:524)
	at org.apache.hadoop.ipc.RPC$Server.call(RPC.java:1025)
	at org.apache.hadoop.ipc.Server$RpcCall.run(Server.java:876)
	at org.apache.hadoop.ipc.Server$RpcCall.run(Server.java:822)
	at java.security.AccessController.doPrivileged(Native Method)
	at javax.security.auth.Subject.doAs(Subject.java:422)
	at org.apache.hadoop.security.UserGroupInformation.doAs(UserGroupInformation.java:1730)
	at org.apache.hadoop.ipc.Server$Handler.run(Server.java:2682)
2019-09-24 21:19:47,346 [IPC Server handler 2 on 38451] INFO  block.BlockManagerImpl (BlockManagerImpl.java:allocateBlock(198)) - Could not find available pipeline of type:RATIS and factor:THREE even after retrying
2019-09-24 21:19:47,346 [IPC Server handler 2 on 38451] ERROR block.BlockManagerImpl (BlockManagerImpl.java:allocateBlock(222)) - Unable to allocate a block for the size: 4194304, type: RATIS, factor: THREE
]]></system-out>
  </testcase>
  <testcase name="testCreatedFileIsImmediatelyVisible" classname="org.apache.hadoop.fs.ozone.contract.ITestOzoneContractCreate" time="3.138">
    <error message="Allocated 0 blocks. Requested 1 blocks" type="INTERNAL_ERROR org.apache.hadoop.ozone.om.exceptions.OMException">INTERNAL_ERROR org.apache.hadoop.ozone.om.exceptions.OMException: Allocated 0 blocks. Requested 1 blocks
	at org.apache.hadoop.ozone.om.protocolPB.OzoneManagerProtocolClientSideTranslatorPB.handleError(OzoneManagerProtocolClientSideTranslatorPB.java:732)
	at org.apache.hadoop.ozone.om.protocolPB.OzoneManagerProtocolClientSideTranslatorPB.createFile(OzoneManagerProtocolClientSideTranslatorPB.java:1536)
	at sun.reflect.NativeMethodAccessorImpl.invoke0(Native Method)
	at sun.reflect.NativeMethodAccessorImpl.invoke(NativeMethodAccessorImpl.java:62)
	at sun.reflect.DelegatingMethodAccessorImpl.invoke(DelegatingMethodAccessorImpl.java:43)
	at java.lang.reflect.Method.invoke(Method.java:498)
	at org.apache.hadoop.hdds.tracing.TraceAllMethod.invoke(TraceAllMethod.java:66)
	at com.sun.proxy.$Proxy41.createFile(Unknown Source)
	at org.apache.hadoop.ozone.client.rpc.RpcClient.createFile(RpcClient.java:1006)
	at org.apache.hadoop.ozone.client.OzoneBucket.createFile(OzoneBucket.java:537)
	at org.apache.hadoop.fs.ozone.BasicOzoneClientAdapterImpl.createFile(BasicOzoneClientAdapterImpl.java:205)
	at org.apache.hadoop.fs.ozone.BasicOzoneFileSystem.createOutputStream(BasicOzoneFileSystem.java:250)
	at org.apache.hadoop.fs.ozone.BasicOzoneFileSystem.create(BasicOzoneFileSystem.java:231)
	at org.apache.hadoop.fs.FileSystem.create(FileSystem.java:1118)
	at org.apache.hadoop.fs.FileSystem.create(FileSystem.java:1098)
	at org.apache.hadoop.fs.contract.AbstractContractCreateTest.testCreatedFileIsImmediatelyVisible(AbstractContractCreateTest.java:215)
	at sun.reflect.NativeMethodAccessorImpl.invoke0(Native Method)
	at sun.reflect.NativeMethodAccessorImpl.invoke(NativeMethodAccessorImpl.java:62)
	at sun.reflect.DelegatingMethodAccessorImpl.invoke(DelegatingMethodAccessorImpl.java:43)
	at java.lang.reflect.Method.invoke(Method.java:498)
	at org.junit.runners.model.FrameworkMethod$1.runReflectiveCall(FrameworkMethod.java:47)
	at org.junit.internal.runners.model.ReflectiveCallable.run(ReflectiveCallable.java:12)
	at org.junit.runners.model.FrameworkMethod.invokeExplosively(FrameworkMethod.java:44)
	at org.junit.internal.runners.statements.InvokeMethod.evaluate(InvokeMethod.java:17)
	at org.junit.internal.runners.statements.RunBefores.evaluate(RunBefores.java:26)
	at org.junit.internal.runners.statements.RunAfters.evaluate(RunAfters.java:27)
	at org.junit.rules.TestWatcher$1.evaluate(TestWatcher.java:55)
	at org.junit.internal.runners.statements.FailOnTimeout$StatementThread.run(FailOnTimeout.java:74)
</error>
    <system-out><![CDATA[2019-09-24 21:19:47,396 [Thread-253] INFO  rpc.RpcClient (RpcClient.java:createVolume(276)) - Creating Volume: volume55397, with user09794 as owner.
2019-09-24 21:19:47,399 [IPC Server handler 9 on 42447] INFO  volume.OMVolumeCreateRequest (OMVolumeCreateRequest.java:validateAndUpdateCache(189)) - created volume:volume55397 for user:user09794
2019-09-24 21:19:47,402 [Thread-253] INFO  rpc.RpcClient (RpcClient.java:createBucket(415)) - Creating Bucket: volume55397/bucket57641, with Versioning false and Storage Type set to DISK and Encryption set to false 
2019-09-24 21:19:47,465 [Thread-253] INFO  contract.AbstractFSContractTestBase (AbstractFSContractTestBase.java:setup(184)) - Test filesystem = o3fs://bucket57641.volume55397 implemented by OzoneFileSystem{URI=o3fs://bucket57641.volume55397, workingDir=o3fs://bucket57641.volume55397/user/jenkins1000, userName=jenkins1000, statistics=0 bytes read, 0 bytes written, 10 read ops, 0 large read ops, 6 write ops}
2019-09-24 21:19:47,468 [Thread-253] INFO  contract.AbstractFSContractTestBase (AbstractFSContractTestBase.java:describe(255)) - verify that a newly created file exists as soon as open returns
2019-09-24 21:19:47,492 [grpc-default-executor-3] INFO  impl.RaftServerProxy (RaftServerProxy.java:addNew(89)) - f3cc68b9-8250-46bd-9f8b-0b9d65688440: addNew group-A58B6DB2432C:[f3cc68b9-8250-46bd-9f8b-0b9d65688440:192.168.36.84:35502, c1e0fc5a-7ae4-45d0-a105-709cc60ce072:192.168.36.84:33769, 66ab88db-d69f-4f96-9860-b898e5399db4:192.168.36.84:42907] returns group-A58B6DB2432C:java.util.concurrent.CompletableFuture@3383ad9d[Not completed]
2019-09-24 21:19:47,492 [grpc-default-executor-1] INFO  impl.RaftServerProxy (RaftServerProxy.java:addNew(89)) - 66ab88db-d69f-4f96-9860-b898e5399db4: addNew group-A58B6DB2432C:[f3cc68b9-8250-46bd-9f8b-0b9d65688440:192.168.36.84:35502, c1e0fc5a-7ae4-45d0-a105-709cc60ce072:192.168.36.84:33769, 66ab88db-d69f-4f96-9860-b898e5399db4:192.168.36.84:42907] returns group-A58B6DB2432C:java.util.concurrent.CompletableFuture@17ca9f9d[Not completed]
2019-09-24 21:19:47,492 [grpc-default-executor-5] INFO  impl.RaftServerProxy (RaftServerProxy.java:addNew(89)) - c1e0fc5a-7ae4-45d0-a105-709cc60ce072: addNew group-A58B6DB2432C:[f3cc68b9-8250-46bd-9f8b-0b9d65688440:192.168.36.84:35502, c1e0fc5a-7ae4-45d0-a105-709cc60ce072:192.168.36.84:33769, 66ab88db-d69f-4f96-9860-b898e5399db4:192.168.36.84:42907] returns group-A58B6DB2432C:java.util.concurrent.CompletableFuture@6bf3f7c6[Not completed]
2019-09-24 21:19:47,546 [Thread-249] INFO  impl.FollowerState (FollowerState.java:run(106)) - f3cc68b9-8250-46bd-9f8b-0b9d65688440:group-E596A2B7CC13 changes to CANDIDATE, lastRpcTime:5019, electionTimeout:5019ms
2019-09-24 21:19:47,546 [Thread-249] INFO  impl.RoleInfo (RoleInfo.java:shutdownFollowerState(121)) - f3cc68b9-8250-46bd-9f8b-0b9d65688440: shutdown FollowerState
2019-09-24 21:19:47,546 [Thread-249] INFO  impl.RaftServerImpl (RaftServerImpl.java:setRole(174)) - f3cc68b9-8250-46bd-9f8b-0b9d65688440@group-E596A2B7CC13: changes role from  FOLLOWER to CANDIDATE at term 1 for changeToCandidate
2019-09-24 21:19:47,546 [Thread-249] INFO  impl.RoleInfo (RoleInfo.java:updateAndGet(143)) - f3cc68b9-8250-46bd-9f8b-0b9d65688440: start LeaderElection
2019-09-24 21:19:47,591 [pool-47-thread-1] INFO  storage.RaftStorageDirectory (RaftStorageDirectory.java:tryLock(328)) - Lock on /workdir/hadoop-ozone/ozonefs/target/test-dir/MiniOzoneClusterImpl-35f2434d-e88f-4dc0-aaff-2450d0368017/datanode-2/data/ratis/54e358a2-72fc-400d-9c22-307796cd6aea/in_use.lock acquired by nodename 2502@pr-hdds-2171-6l6hb-1841322612
2019-09-24 21:19:47,591 [828e46cb-5350-48f6-b162-6ce17f2b14e4@group-B35DB681A041-SegmentedRaftLogWorker] INFO  segmented.SegmentedRaftLogWorker (SegmentedRaftLogWorker.java:execute(569)) - 828e46cb-5350-48f6-b162-6ce17f2b14e4@group-B35DB681A041-SegmentedRaftLogWorker: created new log segment /workdir/hadoop-ozone/ozonefs/target/test-dir/MiniOzoneClusterImpl-35f2434d-e88f-4dc0-aaff-2450d0368017/datanode-0/data/ratis/622ad7fd-1308-4ea3-a935-b35db681a041/current/log_inprogress_0
2019-09-24 21:19:47,591 [pool-37-thread-1] INFO  storage.RaftStorage (RaftStorage.java:format(72)) - Storage directory /workdir/hadoop-ozone/ozonefs/target/test-dir/MiniOzoneClusterImpl-35f2434d-e88f-4dc0-aaff-2450d0368017/datanode-1/data/ratis/e29b6001-cdae-4683-9868-c467c04fcd85 has been successfully formatted.
2019-09-24 21:19:47,591 [pool-57-thread-1] INFO  storage.RaftStorageDirectory (RaftStorageDirectory.java:tryLock(328)) - Lock on /workdir/hadoop-ozone/ozonefs/target/test-dir/MiniOzoneClusterImpl-35f2434d-e88f-4dc0-aaff-2450d0368017/datanode-3/data/ratis/54e358a2-72fc-400d-9c22-307796cd6aea/in_use.lock acquired by nodename 2502@pr-hdds-2171-6l6hb-1841322612
2019-09-24 21:19:47,592 [pool-37-thread-1] INFO  ratis.ContainerStateMachine (ContainerStateMachine.java:loadSnapshot(230)) - group-C467C04FCD85: The snapshot info is null. Setting the last applied indexto:(t:0, i:~)
2019-09-24 21:19:47,592 [pool-37-thread-1] INFO  server.RaftServerConfigKeys (ConfUtils.java:logGet(43)) - raft.server.notification.no-leader.timeout = 120s (custom)
2019-09-24 21:19:47,592 [pool-37-thread-1] INFO  server.RaftServerConfigKeys (ConfUtils.java:logGet(43)) - raft.server.log.use.memory = false (default)
2019-09-24 21:19:47,592 [pool-37-thread-1] INFO  server.RaftServerConfigKeys (ConfUtils.java:logGet(43)) - raft.server.log.purge.gap = 1000000 (custom)
2019-09-24 21:19:47,592 [pool-37-thread-1] INFO  server.RaftServerConfigKeys (ConfUtils.java:logGet(43)) - raft.server.log.appender.buffer.byte-limit = 33554432 (custom)
2019-09-24 21:19:47,592 [pool-37-thread-1] INFO  server.RaftServerConfigKeys (ConfUtils.java:logGet(43)) - raft.server.log.segment.size.max = 1048576 (custom)
2019-09-24 21:19:47,593 [pool-37-thread-1] INFO  server.RaftServerConfigKeys (ConfUtils.java:logGet(43)) - raft.server.log.segment.cache.num.max = 2 (custom)
2019-09-24 21:19:47,593 [pool-37-thread-1] INFO  segmented.SegmentedRaftLogWorker (SegmentedRaftLogWorker.java:<init>(172)) - new f3cc68b9-8250-46bd-9f8b-0b9d65688440@group-C467C04FCD85-SegmentedRaftLogWorker for RaftStorage:Storage Directory /workdir/hadoop-ozone/ozonefs/target/test-dir/MiniOzoneClusterImpl-35f2434d-e88f-4dc0-aaff-2450d0368017/datanode-1/data/ratis/e29b6001-cdae-4683-9868-c467c04fcd85
2019-09-24 21:19:47,593 [pool-37-thread-1] INFO  server.RaftServerConfigKeys (ConfUtils.java:logGet(43)) - raft.server.log.queue.byte-limit = 2147483647 (custom)
2019-09-24 21:19:47,593 [pool-37-thread-1] INFO  server.RaftServerConfigKeys (ConfUtils.java:logGet(43)) - raft.server.log.queue.element-limit = 1024 (custom)
2019-09-24 21:19:47,593 [pool-37-thread-1] INFO  server.RaftServerConfigKeys (ConfUtils.java:logGet(43)) - raft.server.log.segment.size.max = 1048576 (custom)
2019-09-24 21:19:47,593 [pool-37-thread-1] INFO  server.RaftServerConfigKeys (ConfUtils.java:logGet(43)) - raft.server.log.preallocated.size = 16384 (custom)
2019-09-24 21:19:47,593 [pool-37-thread-1] INFO  server.RaftServerConfigKeys (ConfUtils.java:logGet(43)) - raft.server.log.write.buffer.size = 33554432 (custom)
2019-09-24 21:19:47,593 [pool-37-thread-1] INFO  server.RaftServerConfigKeys (ConfUtils.java:logGet(43)) - raft.server.log.force.sync.num = 128 (default)
2019-09-24 21:19:47,594 [pool-37-thread-1] INFO  server.RaftServerConfigKeys (ConfUtils.java:logGet(43)) - raft.server.log.statemachine.data.sync = true (default)
2019-09-24 21:19:47,594 [pool-37-thread-1] INFO  server.RaftServerConfigKeys (ConfUtils.java:logGet(43)) - raft.server.log.statemachine.data.sync.timeout = 10s (default)
2019-09-24 21:19:47,594 [pool-37-thread-1] INFO  server.RaftServerConfigKeys (ConfUtils.java:logGet(43)) - raft.server.log.statemachine.data.sync.timeout.retry = -1 (default)
2019-09-24 21:19:47,594 [pool-37-thread-1] INFO  server.RaftServerConfigKeys (ConfUtils.java:logGet(43)) - raft.server.log.statemachine.data.caching.enabled = true (custom)
2019-09-24 21:19:47,594 [pool-37-thread-1] INFO  segmented.SegmentedRaftLogWorker (SegmentedRaftLogWorker.java:lambda$new$0(132)) - f3cc68b9-8250-46bd-9f8b-0b9d65688440@group-C467C04FCD85-SegmentedRaftLogWorker: flushIndex: setUnconditionally 0 -> -1
2019-09-24 21:19:47,595 [pool-37-thread-1] INFO  server.RaftServerConfigKeys (ConfUtils.java:logGet(43)) - raft.server.snapshot.auto.trigger.enabled = true (custom)
2019-09-24 21:19:47,595 [pool-37-thread-1] INFO  server.RaftServerConfigKeys (ConfUtils.java:logGet(43)) - raft.server.snapshot.auto.trigger.threshold = 10000 (custom)
2019-09-24 21:19:47,595 [pool-37-thread-1] INFO  server.RaftServerConfigKeys (ConfUtils.java:logGet(43)) - raft.server.snapshot.retention.num.files = 5 (custom)
2019-09-24 21:19:47,595 [pool-37-thread-1] INFO  server.RaftServerConfigKeys (ConfUtils.java:logGet(43)) - raft.server.retrycache.expirytime = 600000ms (custom)
2019-09-24 21:19:47,598 [pool-37-thread-1] INFO  impl.RaftServerImpl (RaftServerImpl.java:start(185)) - f3cc68b9-8250-46bd-9f8b-0b9d65688440@group-B6B27D799C82: start as a follower, conf=-1: [f3cc68b9-8250-46bd-9f8b-0b9d65688440:192.168.36.84:35502], old=null
2019-09-24 21:19:47,599 [pool-37-thread-1] INFO  impl.RaftServerImpl (RaftServerImpl.java:setRole(174)) - f3cc68b9-8250-46bd-9f8b-0b9d65688440@group-B6B27D799C82: changes role from      null to FOLLOWER at term 0 for startAsFollower
2019-09-24 21:19:47,599 [pool-37-thread-1] INFO  impl.RoleInfo (RoleInfo.java:updateAndGet(143)) - f3cc68b9-8250-46bd-9f8b-0b9d65688440: start FollowerState
2019-09-24 21:19:47,599 [pool-37-thread-1] INFO  util.JmxRegister (JmxRegister.java:tryRegister(44)) - Successfully registered JMX Bean with object name Ratis:service=RaftServer,group=group-B6B27D799C82,id=f3cc68b9-8250-46bd-9f8b-0b9d65688440
2019-09-24 21:19:47,601 [pool-37-thread-1] INFO  impl.RaftServerImpl (RaftServerImpl.java:<init>(95)) - f3cc68b9-8250-46bd-9f8b-0b9d65688440: new RaftServerImpl for group-307796CD6AEA:[f3cc68b9-8250-46bd-9f8b-0b9d65688440:192.168.36.84:35502, c1e0fc5a-7ae4-45d0-a105-709cc60ce072:192.168.36.84:33769, 66ab88db-d69f-4f96-9860-b898e5399db4:192.168.36.84:42907] with ContainerStateMachine:uninitialized
2019-09-24 21:19:47,601 [pool-37-thread-1] INFO  server.RaftServerConfigKeys (ConfUtils.java:logGet(43)) - raft.server.rpc.timeout.min = 5s (custom)
2019-09-24 21:19:47,601 [pool-37-thread-1] INFO  server.RaftServerConfigKeys (ConfUtils.java:logGet(43)) - raft.server.rpc.timeout.max = 5200ms (custom)
2019-09-24 21:19:47,601 [pool-37-thread-1] INFO  server.RaftServerConfigKeys (ConfUtils.java:logGet(43)) - raft.server.rpcslowness.timeout = 120s (custom)
2019-09-24 21:19:47,602 [pool-37-thread-1] INFO  server.RaftServerConfigKeys (ConfUtils.java:logGet(43)) - raft.server.sleep.deviation.threshold = 300 (default)
2019-09-24 21:19:47,602 [pool-37-thread-1] INFO  server.RaftServerConfigKeys (ConfUtils.java:logGet(43)) - raft.server.log.appender.install.snapshot.enabled = false (custom)
2019-09-24 21:19:47,602 [pool-37-thread-1] INFO  impl.RaftServerImpl (ServerState.java:<init>(103)) - f3cc68b9-8250-46bd-9f8b-0b9d65688440@group-307796CD6AEA: ConfigurationManager, init=-1: [f3cc68b9-8250-46bd-9f8b-0b9d65688440:192.168.36.84:35502, c1e0fc5a-7ae4-45d0-a105-709cc60ce072:192.168.36.84:33769, 66ab88db-d69f-4f96-9860-b898e5399db4:192.168.36.84:42907], old=null, confs=<EMPTY_MAP>
2019-09-24 21:19:47,602 [pool-37-thread-1] INFO  server.RaftServerConfigKeys (ConfUtils.java:logGet(43)) - raft.server.storage.dir = [/workdir/hadoop-ozone/ozonefs/target/test-dir/MiniOzoneClusterImpl-35f2434d-e88f-4dc0-aaff-2450d0368017/datanode-1/data/ratis] (custom)
2019-09-24 21:19:47,602 [pool-37-thread-1] INFO  storage.RaftStorageDirectory (RaftStorageDirectory.java:analyzeStorage(246)) - The storage directory /workdir/hadoop-ozone/ozonefs/target/test-dir/MiniOzoneClusterImpl-35f2434d-e88f-4dc0-aaff-2450d0368017/datanode-1/data/ratis/54e358a2-72fc-400d-9c22-307796cd6aea does not exist. Creating ...
2019-09-24 21:19:47,617 [Thread-248] INFO  impl.FollowerState (FollowerState.java:run(106)) - c1e0fc5a-7ae4-45d0-a105-709cc60ce072:group-E596A2B7CC13 changes to CANDIDATE, lastRpcTime:5092, electionTimeout:5092ms
2019-09-24 21:19:47,617 [Thread-248] INFO  impl.RoleInfo (RoleInfo.java:shutdownFollowerState(121)) - c1e0fc5a-7ae4-45d0-a105-709cc60ce072: shutdown FollowerState
2019-09-24 21:19:47,617 [Thread-248] INFO  impl.RaftServerImpl (RaftServerImpl.java:setRole(174)) - c1e0fc5a-7ae4-45d0-a105-709cc60ce072@group-E596A2B7CC13: changes role from  FOLLOWER to CANDIDATE at term 1 for changeToCandidate
2019-09-24 21:19:47,617 [Thread-248] INFO  impl.RoleInfo (RoleInfo.java:updateAndGet(143)) - c1e0fc5a-7ae4-45d0-a105-709cc60ce072: start LeaderElection
2019-09-24 21:19:47,635 [Thread-250] INFO  impl.FollowerState (FollowerState.java:run(106)) - 66ab88db-d69f-4f96-9860-b898e5399db4:group-E596A2B7CC13 changes to CANDIDATE, lastRpcTime:5108, electionTimeout:5105ms
2019-09-24 21:19:47,635 [Thread-250] INFO  impl.RoleInfo (RoleInfo.java:shutdownFollowerState(121)) - 66ab88db-d69f-4f96-9860-b898e5399db4: shutdown FollowerState
2019-09-24 21:19:47,635 [Thread-250] INFO  impl.RaftServerImpl (RaftServerImpl.java:setRole(174)) - 66ab88db-d69f-4f96-9860-b898e5399db4@group-E596A2B7CC13: changes role from  FOLLOWER to CANDIDATE at term 1 for changeToCandidate
2019-09-24 21:19:47,635 [Thread-250] INFO  impl.RoleInfo (RoleInfo.java:updateAndGet(143)) - 66ab88db-d69f-4f96-9860-b898e5399db4: start LeaderElection
2019-09-24 21:19:47,789 [pool-37-thread-1] INFO  storage.RaftStorageDirectory (RaftStorageDirectory.java:tryLock(328)) - Lock on /workdir/hadoop-ozone/ozonefs/target/test-dir/MiniOzoneClusterImpl-35f2434d-e88f-4dc0-aaff-2450d0368017/datanode-1/data/ratis/54e358a2-72fc-400d-9c22-307796cd6aea/in_use.lock acquired by nodename 2502@pr-hdds-2171-6l6hb-1841322612
2019-09-24 21:19:47,790 [f3cc68b9-8250-46bd-9f8b-0b9d65688440@group-E596A2B7CC13:LeaderElection5] INFO  impl.LeaderElection (LeaderElection.java:askForVotes(182)) - f3cc68b9-8250-46bd-9f8b-0b9d65688440@group-E596A2B7CC13:LeaderElection5: begin an election at term 2 for -1: [f3cc68b9-8250-46bd-9f8b-0b9d65688440:192.168.36.84:35502, c1e0fc5a-7ae4-45d0-a105-709cc60ce072:192.168.36.84:33769, 66ab88db-d69f-4f96-9860-b898e5399db4:192.168.36.84:42907], old=null
2019-09-24 21:19:47,790 [c1e0fc5a-7ae4-45d0-a105-709cc60ce072@group-E596A2B7CC13:LeaderElection6] INFO  impl.LeaderElection (LeaderElection.java:askForVotes(182)) - c1e0fc5a-7ae4-45d0-a105-709cc60ce072@group-E596A2B7CC13:LeaderElection6: begin an election at term 2 for -1: [f3cc68b9-8250-46bd-9f8b-0b9d65688440:192.168.36.84:35502, c1e0fc5a-7ae4-45d0-a105-709cc60ce072:192.168.36.84:33769, 66ab88db-d69f-4f96-9860-b898e5399db4:192.168.36.84:42907], old=null
2019-09-24 21:19:47,790 [66ab88db-d69f-4f96-9860-b898e5399db4@group-E596A2B7CC13:LeaderElection7] INFO  impl.LeaderElection (LeaderElection.java:askForVotes(182)) - 66ab88db-d69f-4f96-9860-b898e5399db4@group-E596A2B7CC13:LeaderElection7: begin an election at term 2 for -1: [f3cc68b9-8250-46bd-9f8b-0b9d65688440:192.168.36.84:35502, c1e0fc5a-7ae4-45d0-a105-709cc60ce072:192.168.36.84:33769, 66ab88db-d69f-4f96-9860-b898e5399db4:192.168.36.84:42907], old=null
2019-09-24 21:19:47,789 [pool-57-thread-1] INFO  storage.RaftStorage (RaftStorage.java:format(72)) - Storage directory /workdir/hadoop-ozone/ozonefs/target/test-dir/MiniOzoneClusterImpl-35f2434d-e88f-4dc0-aaff-2450d0368017/datanode-3/data/ratis/54e358a2-72fc-400d-9c22-307796cd6aea has been successfully formatted.
2019-09-24 21:19:47,789 [pool-47-thread-1] INFO  storage.RaftStorage (RaftStorage.java:format(72)) - Storage directory /workdir/hadoop-ozone/ozonefs/target/test-dir/MiniOzoneClusterImpl-35f2434d-e88f-4dc0-aaff-2450d0368017/datanode-2/data/ratis/54e358a2-72fc-400d-9c22-307796cd6aea has been successfully formatted.
2019-09-24 21:19:47,791 [pool-57-thread-1] INFO  ratis.ContainerStateMachine (ContainerStateMachine.java:loadSnapshot(230)) - group-307796CD6AEA: The snapshot info is null. Setting the last applied indexto:(t:0, i:~)
2019-09-24 21:19:47,791 [pool-47-thread-1] INFO  ratis.ContainerStateMachine (ContainerStateMachine.java:loadSnapshot(230)) - group-307796CD6AEA: The snapshot info is null. Setting the last applied indexto:(t:0, i:~)
2019-09-24 21:19:47,791 [pool-57-thread-1] INFO  server.RaftServerConfigKeys (ConfUtils.java:logGet(43)) - raft.server.notification.no-leader.timeout = 120s (custom)
2019-09-24 21:19:47,791 [pool-47-thread-1] INFO  server.RaftServerConfigKeys (ConfUtils.java:logGet(43)) - raft.server.notification.no-leader.timeout = 120s (custom)
2019-09-24 21:19:47,791 [pool-57-thread-1] INFO  server.RaftServerConfigKeys (ConfUtils.java:logGet(43)) - raft.server.log.use.memory = false (default)
2019-09-24 21:19:47,792 [pool-47-thread-1] INFO  server.RaftServerConfigKeys (ConfUtils.java:logGet(43)) - raft.server.log.use.memory = false (default)
2019-09-24 21:19:47,792 [pool-57-thread-1] INFO  server.RaftServerConfigKeys (ConfUtils.java:logGet(43)) - raft.server.log.purge.gap = 1000000 (custom)
2019-09-24 21:19:47,792 [pool-47-thread-1] INFO  server.RaftServerConfigKeys (ConfUtils.java:logGet(43)) - raft.server.log.purge.gap = 1000000 (custom)
2019-09-24 21:19:47,792 [pool-57-thread-1] INFO  server.RaftServerConfigKeys (ConfUtils.java:logGet(43)) - raft.server.log.appender.buffer.byte-limit = 33554432 (custom)
2019-09-24 21:19:47,792 [pool-47-thread-1] INFO  server.RaftServerConfigKeys (ConfUtils.java:logGet(43)) - raft.server.log.appender.buffer.byte-limit = 33554432 (custom)
2019-09-24 21:19:47,793 [pool-57-thread-1] INFO  server.RaftServerConfigKeys (ConfUtils.java:logGet(43)) - raft.server.log.segment.size.max = 1048576 (custom)
2019-09-24 21:19:47,793 [pool-47-thread-1] INFO  server.RaftServerConfigKeys (ConfUtils.java:logGet(43)) - raft.server.log.segment.size.max = 1048576 (custom)
2019-09-24 21:19:47,793 [pool-57-thread-1] INFO  server.RaftServerConfigKeys (ConfUtils.java:logGet(43)) - raft.server.log.segment.cache.num.max = 2 (custom)
2019-09-24 21:19:47,793 [pool-47-thread-1] INFO  server.RaftServerConfigKeys (ConfUtils.java:logGet(43)) - raft.server.log.segment.cache.num.max = 2 (custom)
2019-09-24 21:19:47,794 [pool-57-thread-1] INFO  segmented.SegmentedRaftLogWorker (SegmentedRaftLogWorker.java:<init>(172)) - new c1e0fc5a-7ae4-45d0-a105-709cc60ce072@group-307796CD6AEA-SegmentedRaftLogWorker for RaftStorage:Storage Directory /workdir/hadoop-ozone/ozonefs/target/test-dir/MiniOzoneClusterImpl-35f2434d-e88f-4dc0-aaff-2450d0368017/datanode-3/data/ratis/54e358a2-72fc-400d-9c22-307796cd6aea
2019-09-24 21:19:47,794 [pool-47-thread-1] INFO  segmented.SegmentedRaftLogWorker (SegmentedRaftLogWorker.java:<init>(172)) - new 66ab88db-d69f-4f96-9860-b898e5399db4@group-307796CD6AEA-SegmentedRaftLogWorker for RaftStorage:Storage Directory /workdir/hadoop-ozone/ozonefs/target/test-dir/MiniOzoneClusterImpl-35f2434d-e88f-4dc0-aaff-2450d0368017/datanode-2/data/ratis/54e358a2-72fc-400d-9c22-307796cd6aea
2019-09-24 21:19:47,794 [pool-57-thread-1] INFO  server.RaftServerConfigKeys (ConfUtils.java:logGet(43)) - raft.server.log.queue.byte-limit = 2147483647 (custom)
2019-09-24 21:19:47,794 [pool-47-thread-1] INFO  server.RaftServerConfigKeys (ConfUtils.java:logGet(43)) - raft.server.log.queue.byte-limit = 2147483647 (custom)
2019-09-24 21:19:47,794 [pool-57-thread-1] INFO  server.RaftServerConfigKeys (ConfUtils.java:logGet(43)) - raft.server.log.queue.element-limit = 1024 (custom)
2019-09-24 21:19:47,795 [pool-47-thread-1] INFO  server.RaftServerConfigKeys (ConfUtils.java:logGet(43)) - raft.server.log.queue.element-limit = 1024 (custom)
2019-09-24 21:19:47,798 [pool-57-thread-1] INFO  server.RaftServerConfigKeys (ConfUtils.java:logGet(43)) - raft.server.log.segment.size.max = 1048576 (custom)
2019-09-24 21:19:47,798 [pool-47-thread-1] INFO  server.RaftServerConfigKeys (ConfUtils.java:logGet(43)) - raft.server.log.segment.size.max = 1048576 (custom)
2019-09-24 21:19:47,800 [pool-57-thread-1] INFO  server.RaftServerConfigKeys (ConfUtils.java:logGet(43)) - raft.server.log.preallocated.size = 16384 (custom)
2019-09-24 21:19:47,800 [pool-47-thread-1] INFO  server.RaftServerConfigKeys (ConfUtils.java:logGet(43)) - raft.server.log.preallocated.size = 16384 (custom)
2019-09-24 21:19:47,802 [pool-57-thread-1] INFO  server.RaftServerConfigKeys (ConfUtils.java:logGet(43)) - raft.server.log.write.buffer.size = 33554432 (custom)
2019-09-24 21:19:47,803 [pool-47-thread-1] INFO  server.RaftServerConfigKeys (ConfUtils.java:logGet(43)) - raft.server.log.write.buffer.size = 33554432 (custom)
2019-09-24 21:19:47,803 [pool-57-thread-1] INFO  server.RaftServerConfigKeys (ConfUtils.java:logGet(43)) - raft.server.log.force.sync.num = 128 (default)
2019-09-24 21:19:47,803 [pool-47-thread-1] INFO  server.RaftServerConfigKeys (ConfUtils.java:logGet(43)) - raft.server.log.force.sync.num = 128 (default)
2019-09-24 21:19:47,803 [pool-57-thread-1] INFO  server.RaftServerConfigKeys (ConfUtils.java:logGet(43)) - raft.server.log.statemachine.data.sync = true (default)
2019-09-24 21:19:47,805 [pool-47-thread-1] INFO  server.RaftServerConfigKeys (ConfUtils.java:logGet(43)) - raft.server.log.statemachine.data.sync = true (default)
2019-09-24 21:19:47,805 [pool-57-thread-1] INFO  server.RaftServerConfigKeys (ConfUtils.java:logGet(43)) - raft.server.log.statemachine.data.sync.timeout = 10s (default)
2019-09-24 21:19:47,805 [pool-47-thread-1] INFO  server.RaftServerConfigKeys (ConfUtils.java:logGet(43)) - raft.server.log.statemachine.data.sync.timeout = 10s (default)
2019-09-24 21:19:47,806 [pool-57-thread-1] INFO  server.RaftServerConfigKeys (ConfUtils.java:logGet(43)) - raft.server.log.statemachine.data.sync.timeout.retry = -1 (default)
2019-09-24 21:19:47,806 [pool-47-thread-1] INFO  server.RaftServerConfigKeys (ConfUtils.java:logGet(43)) - raft.server.log.statemachine.data.sync.timeout.retry = -1 (default)
2019-09-24 21:19:47,806 [pool-57-thread-1] INFO  server.RaftServerConfigKeys (ConfUtils.java:logGet(43)) - raft.server.log.statemachine.data.caching.enabled = true (custom)
2019-09-24 21:19:47,810 [pool-47-thread-1] INFO  server.RaftServerConfigKeys (ConfUtils.java:logGet(43)) - raft.server.log.statemachine.data.caching.enabled = true (custom)
2019-09-24 21:19:47,810 [pool-57-thread-1] INFO  segmented.SegmentedRaftLogWorker (SegmentedRaftLogWorker.java:lambda$new$0(132)) - c1e0fc5a-7ae4-45d0-a105-709cc60ce072@group-307796CD6AEA-SegmentedRaftLogWorker: flushIndex: setUnconditionally 0 -> -1
2019-09-24 21:19:47,810 [pool-47-thread-1] INFO  segmented.SegmentedRaftLogWorker (SegmentedRaftLogWorker.java:lambda$new$0(132)) - 66ab88db-d69f-4f96-9860-b898e5399db4@group-307796CD6AEA-SegmentedRaftLogWorker: flushIndex: setUnconditionally 0 -> -1
2019-09-24 21:19:47,811 [pool-57-thread-1] INFO  server.RaftServerConfigKeys (ConfUtils.java:logGet(43)) - raft.server.snapshot.auto.trigger.enabled = true (custom)
2019-09-24 21:19:47,811 [pool-57-thread-1] INFO  server.RaftServerConfigKeys (ConfUtils.java:logGet(43)) - raft.server.snapshot.auto.trigger.threshold = 10000 (custom)
2019-09-24 21:19:47,811 [pool-47-thread-1] INFO  server.RaftServerConfigKeys (ConfUtils.java:logGet(43)) - raft.server.snapshot.auto.trigger.enabled = true (custom)
2019-09-24 21:19:47,811 [pool-57-thread-1] INFO  server.RaftServerConfigKeys (ConfUtils.java:logGet(43)) - raft.server.snapshot.retention.num.files = 5 (custom)
2019-09-24 21:19:47,820 [pool-47-thread-1] INFO  server.RaftServerConfigKeys (ConfUtils.java:logGet(43)) - raft.server.snapshot.auto.trigger.threshold = 10000 (custom)
2019-09-24 21:19:47,821 [pool-57-thread-1] INFO  server.RaftServerConfigKeys (ConfUtils.java:logGet(43)) - raft.server.retrycache.expirytime = 600000ms (custom)
2019-09-24 21:19:47,821 [pool-47-thread-1] INFO  server.RaftServerConfigKeys (ConfUtils.java:logGet(43)) - raft.server.snapshot.retention.num.files = 5 (custom)
2019-09-24 21:19:47,821 [pool-47-thread-1] INFO  server.RaftServerConfigKeys (ConfUtils.java:logGet(43)) - raft.server.retrycache.expirytime = 600000ms (custom)
2019-09-24 21:19:47,821 [f3cc68b9-8250-46bd-9f8b-0b9d65688440@group-E596A2B7CC13:LeaderElection5] INFO  impl.LeaderElection (LeaderElection.java:logAndReturn(56)) - f3cc68b9-8250-46bd-9f8b-0b9d65688440@group-E596A2B7CC13:LeaderElection5: Election REJECTED; received 2 response(s) [f3cc68b9-8250-46bd-9f8b-0b9d65688440<-c1e0fc5a-7ae4-45d0-a105-709cc60ce072#0:FAIL-t2, f3cc68b9-8250-46bd-9f8b-0b9d65688440<-66ab88db-d69f-4f96-9860-b898e5399db4#0:FAIL-t2] and 0 exception(s); f3cc68b9-8250-46bd-9f8b-0b9d65688440@group-E596A2B7CC13:t2, leader=null, voted=f3cc68b9-8250-46bd-9f8b-0b9d65688440, raftlog=f3cc68b9-8250-46bd-9f8b-0b9d65688440@group-E596A2B7CC13-SegmentedRaftLog:OPENED:c-1,f-1,i0, conf=-1: [f3cc68b9-8250-46bd-9f8b-0b9d65688440:192.168.36.84:35502, c1e0fc5a-7ae4-45d0-a105-709cc60ce072:192.168.36.84:33769, 66ab88db-d69f-4f96-9860-b898e5399db4:192.168.36.84:42907], old=null
2019-09-24 21:19:47,821 [66ab88db-d69f-4f96-9860-b898e5399db4@group-E596A2B7CC13:LeaderElection7] INFO  impl.LeaderElection (LeaderElection.java:logAndReturn(56)) - 66ab88db-d69f-4f96-9860-b898e5399db4@group-E596A2B7CC13:LeaderElection7: Election REJECTED; received 2 response(s) [66ab88db-d69f-4f96-9860-b898e5399db4<-f3cc68b9-8250-46bd-9f8b-0b9d65688440#0:FAIL-t2, 66ab88db-d69f-4f96-9860-b898e5399db4<-c1e0fc5a-7ae4-45d0-a105-709cc60ce072#0:FAIL-t2] and 0 exception(s); 66ab88db-d69f-4f96-9860-b898e5399db4@group-E596A2B7CC13:t2, leader=null, voted=66ab88db-d69f-4f96-9860-b898e5399db4, raftlog=66ab88db-d69f-4f96-9860-b898e5399db4@group-E596A2B7CC13-SegmentedRaftLog:OPENED:c-1,f-1,i0, conf=-1: [f3cc68b9-8250-46bd-9f8b-0b9d65688440:192.168.36.84:35502, c1e0fc5a-7ae4-45d0-a105-709cc60ce072:192.168.36.84:33769, 66ab88db-d69f-4f96-9860-b898e5399db4:192.168.36.84:42907], old=null
2019-09-24 21:19:47,822 [f3cc68b9-8250-46bd-9f8b-0b9d65688440@group-E596A2B7CC13:LeaderElection5] INFO  impl.RaftServerImpl (RaftServerImpl.java:setRole(174)) - f3cc68b9-8250-46bd-9f8b-0b9d65688440@group-E596A2B7CC13: changes role from CANDIDATE to FOLLOWER at term 2 for DISCOVERED_A_NEW_TERM
2019-09-24 21:19:47,826 [66ab88db-d69f-4f96-9860-b898e5399db4@group-E596A2B7CC13:LeaderElection7] INFO  impl.RaftServerImpl (RaftServerImpl.java:setRole(174)) - 66ab88db-d69f-4f96-9860-b898e5399db4@group-E596A2B7CC13: changes role from CANDIDATE to FOLLOWER at term 2 for DISCOVERED_A_NEW_TERM
2019-09-24 21:19:47,826 [f3cc68b9-8250-46bd-9f8b-0b9d65688440@group-E596A2B7CC13:LeaderElection5] INFO  impl.RoleInfo (RoleInfo.java:shutdownLeaderElection(134)) - f3cc68b9-8250-46bd-9f8b-0b9d65688440: shutdown LeaderElection
2019-09-24 21:19:47,829 [66ab88db-d69f-4f96-9860-b898e5399db4@group-E596A2B7CC13:LeaderElection7] INFO  impl.RoleInfo (RoleInfo.java:shutdownLeaderElection(134)) - 66ab88db-d69f-4f96-9860-b898e5399db4: shutdown LeaderElection
2019-09-24 21:19:47,829 [f3cc68b9-8250-46bd-9f8b-0b9d65688440@group-E596A2B7CC13:LeaderElection5] INFO  impl.RoleInfo (RoleInfo.java:updateAndGet(143)) - f3cc68b9-8250-46bd-9f8b-0b9d65688440: start FollowerState
2019-09-24 21:19:47,829 [66ab88db-d69f-4f96-9860-b898e5399db4@group-E596A2B7CC13:LeaderElection7] INFO  impl.RoleInfo (RoleInfo.java:updateAndGet(143)) - 66ab88db-d69f-4f96-9860-b898e5399db4: start FollowerState
2019-09-24 21:19:47,834 [c1e0fc5a-7ae4-45d0-a105-709cc60ce072@group-E596A2B7CC13:LeaderElection6] INFO  impl.LeaderElection (LeaderElection.java:logAndReturn(56)) - c1e0fc5a-7ae4-45d0-a105-709cc60ce072@group-E596A2B7CC13:LeaderElection6: Election REJECTED; received 2 response(s) [c1e0fc5a-7ae4-45d0-a105-709cc60ce072<-f3cc68b9-8250-46bd-9f8b-0b9d65688440#0:FAIL-t2, c1e0fc5a-7ae4-45d0-a105-709cc60ce072<-66ab88db-d69f-4f96-9860-b898e5399db4#0:FAIL-t2] and 0 exception(s); c1e0fc5a-7ae4-45d0-a105-709cc60ce072@group-E596A2B7CC13:t2, leader=null, voted=c1e0fc5a-7ae4-45d0-a105-709cc60ce072, raftlog=c1e0fc5a-7ae4-45d0-a105-709cc60ce072@group-E596A2B7CC13-SegmentedRaftLog:OPENED:c-1,f-1,i0, conf=-1: [f3cc68b9-8250-46bd-9f8b-0b9d65688440:192.168.36.84:35502, c1e0fc5a-7ae4-45d0-a105-709cc60ce072:192.168.36.84:33769, 66ab88db-d69f-4f96-9860-b898e5399db4:192.168.36.84:42907], old=null
2019-09-24 21:19:47,834 [c1e0fc5a-7ae4-45d0-a105-709cc60ce072@group-E596A2B7CC13:LeaderElection6] INFO  impl.RaftServerImpl (RaftServerImpl.java:setRole(174)) - c1e0fc5a-7ae4-45d0-a105-709cc60ce072@group-E596A2B7CC13: changes role from CANDIDATE to FOLLOWER at term 2 for DISCOVERED_A_NEW_TERM
2019-09-24 21:19:47,835 [c1e0fc5a-7ae4-45d0-a105-709cc60ce072@group-E596A2B7CC13:LeaderElection6] INFO  impl.RoleInfo (RoleInfo.java:shutdownLeaderElection(134)) - c1e0fc5a-7ae4-45d0-a105-709cc60ce072: shutdown LeaderElection
2019-09-24 21:19:47,837 [c1e0fc5a-7ae4-45d0-a105-709cc60ce072@group-E596A2B7CC13:LeaderElection6] INFO  impl.RoleInfo (RoleInfo.java:updateAndGet(143)) - c1e0fc5a-7ae4-45d0-a105-709cc60ce072: start FollowerState
2019-09-24 21:19:47,842 [pool-57-thread-1] INFO  impl.RaftServerImpl (RaftServerImpl.java:<init>(95)) - c1e0fc5a-7ae4-45d0-a105-709cc60ce072: new RaftServerImpl for group-A918B51F1DFD:[f3cc68b9-8250-46bd-9f8b-0b9d65688440:192.168.36.84:35502, c1e0fc5a-7ae4-45d0-a105-709cc60ce072:192.168.36.84:33769, 66ab88db-d69f-4f96-9860-b898e5399db4:192.168.36.84:42907] with ContainerStateMachine:uninitialized
2019-09-24 21:19:47,843 [pool-57-thread-1] INFO  server.RaftServerConfigKeys (ConfUtils.java:logGet(43)) - raft.server.rpc.timeout.min = 5s (custom)
2019-09-24 21:19:47,843 [pool-57-thread-1] INFO  server.RaftServerConfigKeys (ConfUtils.java:logGet(43)) - raft.server.rpc.timeout.max = 5200ms (custom)
2019-09-24 21:19:47,843 [pool-57-thread-1] INFO  server.RaftServerConfigKeys (ConfUtils.java:logGet(43)) - raft.server.rpcslowness.timeout = 120s (custom)
2019-09-24 21:19:47,844 [pool-57-thread-1] INFO  server.RaftServerConfigKeys (ConfUtils.java:logGet(43)) - raft.server.sleep.deviation.threshold = 300 (default)
2019-09-24 21:19:47,844 [pool-47-thread-1] INFO  impl.RaftServerImpl (RaftServerImpl.java:<init>(95)) - 66ab88db-d69f-4f96-9860-b898e5399db4: new RaftServerImpl for group-A918B51F1DFD:[f3cc68b9-8250-46bd-9f8b-0b9d65688440:192.168.36.84:35502, c1e0fc5a-7ae4-45d0-a105-709cc60ce072:192.168.36.84:33769, 66ab88db-d69f-4f96-9860-b898e5399db4:192.168.36.84:42907] with ContainerStateMachine:uninitialized
2019-09-24 21:19:47,844 [pool-57-thread-1] INFO  server.RaftServerConfigKeys (ConfUtils.java:logGet(43)) - raft.server.log.appender.install.snapshot.enabled = false (custom)
2019-09-24 21:19:47,844 [pool-47-thread-1] INFO  server.RaftServerConfigKeys (ConfUtils.java:logGet(43)) - raft.server.rpc.timeout.min = 5s (custom)
2019-09-24 21:19:47,844 [pool-57-thread-1] INFO  impl.RaftServerImpl (ServerState.java:<init>(103)) - c1e0fc5a-7ae4-45d0-a105-709cc60ce072@group-A918B51F1DFD: ConfigurationManager, init=-1: [f3cc68b9-8250-46bd-9f8b-0b9d65688440:192.168.36.84:35502, c1e0fc5a-7ae4-45d0-a105-709cc60ce072:192.168.36.84:33769, 66ab88db-d69f-4f96-9860-b898e5399db4:192.168.36.84:42907], old=null, confs=<EMPTY_MAP>
2019-09-24 21:19:47,844 [pool-47-thread-1] INFO  server.RaftServerConfigKeys (ConfUtils.java:logGet(43)) - raft.server.rpc.timeout.max = 5200ms (custom)
2019-09-24 21:19:47,844 [pool-57-thread-1] INFO  server.RaftServerConfigKeys (ConfUtils.java:logGet(43)) - raft.server.storage.dir = [/workdir/hadoop-ozone/ozonefs/target/test-dir/MiniOzoneClusterImpl-35f2434d-e88f-4dc0-aaff-2450d0368017/datanode-3/data/ratis] (custom)
2019-09-24 21:19:47,844 [pool-47-thread-1] INFO  server.RaftServerConfigKeys (ConfUtils.java:logGet(43)) - raft.server.rpcslowness.timeout = 120s (custom)
2019-09-24 21:19:47,845 [pool-47-thread-1] INFO  server.RaftServerConfigKeys (ConfUtils.java:logGet(43)) - raft.server.sleep.deviation.threshold = 300 (default)
2019-09-24 21:19:47,845 [pool-47-thread-1] INFO  server.RaftServerConfigKeys (ConfUtils.java:logGet(43)) - raft.server.log.appender.install.snapshot.enabled = false (custom)
2019-09-24 21:19:47,845 [pool-57-thread-1] INFO  storage.RaftStorageDirectory (RaftStorageDirectory.java:analyzeStorage(246)) - The storage directory /workdir/hadoop-ozone/ozonefs/target/test-dir/MiniOzoneClusterImpl-35f2434d-e88f-4dc0-aaff-2450d0368017/datanode-3/data/ratis/a89f4513-1763-4af5-833b-a918b51f1dfd does not exist. Creating ...
2019-09-24 21:19:47,845 [pool-47-thread-1] INFO  impl.RaftServerImpl (ServerState.java:<init>(103)) - 66ab88db-d69f-4f96-9860-b898e5399db4@group-A918B51F1DFD: ConfigurationManager, init=-1: [f3cc68b9-8250-46bd-9f8b-0b9d65688440:192.168.36.84:35502, c1e0fc5a-7ae4-45d0-a105-709cc60ce072:192.168.36.84:33769, 66ab88db-d69f-4f96-9860-b898e5399db4:192.168.36.84:42907], old=null, confs=<EMPTY_MAP>
2019-09-24 21:19:47,845 [pool-47-thread-1] INFO  server.RaftServerConfigKeys (ConfUtils.java:logGet(43)) - raft.server.storage.dir = [/workdir/hadoop-ozone/ozonefs/target/test-dir/MiniOzoneClusterImpl-35f2434d-e88f-4dc0-aaff-2450d0368017/datanode-2/data/ratis] (custom)
2019-09-24 21:19:47,846 [pool-47-thread-1] INFO  storage.RaftStorageDirectory (RaftStorageDirectory.java:analyzeStorage(246)) - The storage directory /workdir/hadoop-ozone/ozonefs/target/test-dir/MiniOzoneClusterImpl-35f2434d-e88f-4dc0-aaff-2450d0368017/datanode-2/data/ratis/a89f4513-1763-4af5-833b-a918b51f1dfd does not exist. Creating ...
2019-09-24 21:19:48,352 [pool-47-thread-1] INFO  storage.RaftStorageDirectory (RaftStorageDirectory.java:tryLock(328)) - Lock on /workdir/hadoop-ozone/ozonefs/target/test-dir/MiniOzoneClusterImpl-35f2434d-e88f-4dc0-aaff-2450d0368017/datanode-2/data/ratis/a89f4513-1763-4af5-833b-a918b51f1dfd/in_use.lock acquired by nodename 2502@pr-hdds-2171-6l6hb-1841322612
2019-09-24 21:19:48,352 [pool-37-thread-1] INFO  storage.RaftStorage (RaftStorage.java:format(72)) - Storage directory /workdir/hadoop-ozone/ozonefs/target/test-dir/MiniOzoneClusterImpl-35f2434d-e88f-4dc0-aaff-2450d0368017/datanode-1/data/ratis/54e358a2-72fc-400d-9c22-307796cd6aea has been successfully formatted.
2019-09-24 21:19:48,352 [pool-57-thread-1] INFO  storage.RaftStorageDirectory (RaftStorageDirectory.java:tryLock(328)) - Lock on /workdir/hadoop-ozone/ozonefs/target/test-dir/MiniOzoneClusterImpl-35f2434d-e88f-4dc0-aaff-2450d0368017/datanode-3/data/ratis/a89f4513-1763-4af5-833b-a918b51f1dfd/in_use.lock acquired by nodename 2502@pr-hdds-2171-6l6hb-1841322612
2019-09-24 21:19:48,353 [pool-37-thread-1] INFO  ratis.ContainerStateMachine (ContainerStateMachine.java:loadSnapshot(230)) - group-307796CD6AEA: The snapshot info is null. Setting the last applied indexto:(t:0, i:~)
2019-09-24 21:19:48,353 [pool-37-thread-1] INFO  server.RaftServerConfigKeys (ConfUtils.java:logGet(43)) - raft.server.notification.no-leader.timeout = 120s (custom)
2019-09-24 21:19:48,353 [pool-37-thread-1] INFO  server.RaftServerConfigKeys (ConfUtils.java:logGet(43)) - raft.server.log.use.memory = false (default)
2019-09-24 21:19:48,354 [pool-37-thread-1] INFO  server.RaftServerConfigKeys (ConfUtils.java:logGet(43)) - raft.server.log.purge.gap = 1000000 (custom)
2019-09-24 21:19:48,354 [pool-37-thread-1] INFO  server.RaftServerConfigKeys (ConfUtils.java:logGet(43)) - raft.server.log.appender.buffer.byte-limit = 33554432 (custom)
2019-09-24 21:19:48,354 [pool-37-thread-1] INFO  server.RaftServerConfigKeys (ConfUtils.java:logGet(43)) - raft.server.log.segment.size.max = 1048576 (custom)
2019-09-24 21:19:48,354 [pool-37-thread-1] INFO  server.RaftServerConfigKeys (ConfUtils.java:logGet(43)) - raft.server.log.segment.cache.num.max = 2 (custom)
2019-09-24 21:19:48,354 [pool-37-thread-1] INFO  segmented.SegmentedRaftLogWorker (SegmentedRaftLogWorker.java:<init>(172)) - new f3cc68b9-8250-46bd-9f8b-0b9d65688440@group-307796CD6AEA-SegmentedRaftLogWorker for RaftStorage:Storage Directory /workdir/hadoop-ozone/ozonefs/target/test-dir/MiniOzoneClusterImpl-35f2434d-e88f-4dc0-aaff-2450d0368017/datanode-1/data/ratis/54e358a2-72fc-400d-9c22-307796cd6aea
2019-09-24 21:19:48,354 [pool-37-thread-1] INFO  server.RaftServerConfigKeys (ConfUtils.java:logGet(43)) - raft.server.log.queue.byte-limit = 2147483647 (custom)
2019-09-24 21:19:48,355 [pool-37-thread-1] INFO  server.RaftServerConfigKeys (ConfUtils.java:logGet(43)) - raft.server.log.queue.element-limit = 1024 (custom)
2019-09-24 21:19:48,355 [pool-37-thread-1] INFO  server.RaftServerConfigKeys (ConfUtils.java:logGet(43)) - raft.server.log.segment.size.max = 1048576 (custom)
2019-09-24 21:19:48,355 [pool-37-thread-1] INFO  server.RaftServerConfigKeys (ConfUtils.java:logGet(43)) - raft.server.log.preallocated.size = 16384 (custom)
2019-09-24 21:19:48,355 [pool-37-thread-1] INFO  server.RaftServerConfigKeys (ConfUtils.java:logGet(43)) - raft.server.log.write.buffer.size = 33554432 (custom)
2019-09-24 21:19:48,355 [pool-37-thread-1] INFO  server.RaftServerConfigKeys (ConfUtils.java:logGet(43)) - raft.server.log.force.sync.num = 128 (default)
2019-09-24 21:19:48,355 [pool-37-thread-1] INFO  server.RaftServerConfigKeys (ConfUtils.java:logGet(43)) - raft.server.log.statemachine.data.sync = true (default)
2019-09-24 21:19:48,356 [pool-37-thread-1] INFO  server.RaftServerConfigKeys (ConfUtils.java:logGet(43)) - raft.server.log.statemachine.data.sync.timeout = 10s (default)
2019-09-24 21:19:48,356 [pool-37-thread-1] INFO  server.RaftServerConfigKeys (ConfUtils.java:logGet(43)) - raft.server.log.statemachine.data.sync.timeout.retry = -1 (default)
2019-09-24 21:19:48,356 [pool-37-thread-1] INFO  server.RaftServerConfigKeys (ConfUtils.java:logGet(43)) - raft.server.log.statemachine.data.caching.enabled = true (custom)
2019-09-24 21:19:48,356 [pool-37-thread-1] INFO  segmented.SegmentedRaftLogWorker (SegmentedRaftLogWorker.java:lambda$new$0(132)) - f3cc68b9-8250-46bd-9f8b-0b9d65688440@group-307796CD6AEA-SegmentedRaftLogWorker: flushIndex: setUnconditionally 0 -> -1
2019-09-24 21:19:48,357 [pool-37-thread-1] INFO  server.RaftServerConfigKeys (ConfUtils.java:logGet(43)) - raft.server.snapshot.auto.trigger.enabled = true (custom)
2019-09-24 21:19:48,357 [pool-37-thread-1] INFO  server.RaftServerConfigKeys (ConfUtils.java:logGet(43)) - raft.server.snapshot.auto.trigger.threshold = 10000 (custom)
2019-09-24 21:19:48,357 [pool-37-thread-1] INFO  server.RaftServerConfigKeys (ConfUtils.java:logGet(43)) - raft.server.snapshot.retention.num.files = 5 (custom)
2019-09-24 21:19:48,357 [pool-37-thread-1] INFO  server.RaftServerConfigKeys (ConfUtils.java:logGet(43)) - raft.server.retrycache.expirytime = 600000ms (custom)
2019-09-24 21:19:48,362 [pool-37-thread-1] INFO  impl.RaftServerImpl (RaftServerImpl.java:<init>(95)) - f3cc68b9-8250-46bd-9f8b-0b9d65688440: new RaftServerImpl for group-A918B51F1DFD:[f3cc68b9-8250-46bd-9f8b-0b9d65688440:192.168.36.84:35502, c1e0fc5a-7ae4-45d0-a105-709cc60ce072:192.168.36.84:33769, 66ab88db-d69f-4f96-9860-b898e5399db4:192.168.36.84:42907] with ContainerStateMachine:uninitialized
2019-09-24 21:19:48,363 [pool-37-thread-1] INFO  server.RaftServerConfigKeys (ConfUtils.java:logGet(43)) - raft.server.rpc.timeout.min = 5s (custom)
2019-09-24 21:19:48,363 [pool-37-thread-1] INFO  server.RaftServerConfigKeys (ConfUtils.java:logGet(43)) - raft.server.rpc.timeout.max = 5200ms (custom)
2019-09-24 21:19:48,363 [pool-37-thread-1] INFO  server.RaftServerConfigKeys (ConfUtils.java:logGet(43)) - raft.server.rpcslowness.timeout = 120s (custom)
2019-09-24 21:19:48,363 [pool-37-thread-1] INFO  server.RaftServerConfigKeys (ConfUtils.java:logGet(43)) - raft.server.sleep.deviation.threshold = 300 (default)
2019-09-24 21:19:48,363 [pool-37-thread-1] INFO  server.RaftServerConfigKeys (ConfUtils.java:logGet(43)) - raft.server.log.appender.install.snapshot.enabled = false (custom)
2019-09-24 21:19:48,363 [pool-37-thread-1] INFO  impl.RaftServerImpl (ServerState.java:<init>(103)) - f3cc68b9-8250-46bd-9f8b-0b9d65688440@group-A918B51F1DFD: ConfigurationManager, init=-1: [f3cc68b9-8250-46bd-9f8b-0b9d65688440:192.168.36.84:35502, c1e0fc5a-7ae4-45d0-a105-709cc60ce072:192.168.36.84:33769, 66ab88db-d69f-4f96-9860-b898e5399db4:192.168.36.84:42907], old=null, confs=<EMPTY_MAP>
2019-09-24 21:19:48,364 [pool-37-thread-1] INFO  server.RaftServerConfigKeys (ConfUtils.java:logGet(43)) - raft.server.storage.dir = [/workdir/hadoop-ozone/ozonefs/target/test-dir/MiniOzoneClusterImpl-35f2434d-e88f-4dc0-aaff-2450d0368017/datanode-1/data/ratis] (custom)
2019-09-24 21:19:48,364 [pool-37-thread-1] INFO  storage.RaftStorageDirectory (RaftStorageDirectory.java:analyzeStorage(246)) - The storage directory /workdir/hadoop-ozone/ozonefs/target/test-dir/MiniOzoneClusterImpl-35f2434d-e88f-4dc0-aaff-2450d0368017/datanode-1/data/ratis/a89f4513-1763-4af5-833b-a918b51f1dfd does not exist. Creating ...
2019-09-24 21:19:48,619 [pool-37-thread-1] INFO  storage.RaftStorageDirectory (RaftStorageDirectory.java:tryLock(328)) - Lock on /workdir/hadoop-ozone/ozonefs/target/test-dir/MiniOzoneClusterImpl-35f2434d-e88f-4dc0-aaff-2450d0368017/datanode-1/data/ratis/a89f4513-1763-4af5-833b-a918b51f1dfd/in_use.lock acquired by nodename 2502@pr-hdds-2171-6l6hb-1841322612
2019-09-24 21:19:48,619 [pool-47-thread-1] INFO  storage.RaftStorage (RaftStorage.java:format(72)) - Storage directory /workdir/hadoop-ozone/ozonefs/target/test-dir/MiniOzoneClusterImpl-35f2434d-e88f-4dc0-aaff-2450d0368017/datanode-2/data/ratis/a89f4513-1763-4af5-833b-a918b51f1dfd has been successfully formatted.
2019-09-24 21:19:48,619 [pool-57-thread-1] INFO  storage.RaftStorage (RaftStorage.java:format(72)) - Storage directory /workdir/hadoop-ozone/ozonefs/target/test-dir/MiniOzoneClusterImpl-35f2434d-e88f-4dc0-aaff-2450d0368017/datanode-3/data/ratis/a89f4513-1763-4af5-833b-a918b51f1dfd has been successfully formatted.
2019-09-24 21:19:48,620 [pool-47-thread-1] INFO  ratis.ContainerStateMachine (ContainerStateMachine.java:loadSnapshot(230)) - group-A918B51F1DFD: The snapshot info is null. Setting the last applied indexto:(t:0, i:~)
2019-09-24 21:19:48,620 [pool-57-thread-1] INFO  ratis.ContainerStateMachine (ContainerStateMachine.java:loadSnapshot(230)) - group-A918B51F1DFD: The snapshot info is null. Setting the last applied indexto:(t:0, i:~)
2019-09-24 21:19:48,620 [pool-47-thread-1] INFO  server.RaftServerConfigKeys (ConfUtils.java:logGet(43)) - raft.server.notification.no-leader.timeout = 120s (custom)
2019-09-24 21:19:48,620 [pool-57-thread-1] INFO  server.RaftServerConfigKeys (ConfUtils.java:logGet(43)) - raft.server.notification.no-leader.timeout = 120s (custom)
2019-09-24 21:19:48,620 [pool-47-thread-1] INFO  server.RaftServerConfigKeys (ConfUtils.java:logGet(43)) - raft.server.log.use.memory = false (default)
2019-09-24 21:19:48,620 [pool-57-thread-1] INFO  server.RaftServerConfigKeys (ConfUtils.java:logGet(43)) - raft.server.log.use.memory = false (default)
2019-09-24 21:19:48,621 [pool-47-thread-1] INFO  server.RaftServerConfigKeys (ConfUtils.java:logGet(43)) - raft.server.log.purge.gap = 1000000 (custom)
2019-09-24 21:19:48,621 [pool-57-thread-1] INFO  server.RaftServerConfigKeys (ConfUtils.java:logGet(43)) - raft.server.log.purge.gap = 1000000 (custom)
2019-09-24 21:19:48,621 [pool-47-thread-1] INFO  server.RaftServerConfigKeys (ConfUtils.java:logGet(43)) - raft.server.log.appender.buffer.byte-limit = 33554432 (custom)
2019-09-24 21:19:48,621 [pool-57-thread-1] INFO  server.RaftServerConfigKeys (ConfUtils.java:logGet(43)) - raft.server.log.appender.buffer.byte-limit = 33554432 (custom)
2019-09-24 21:19:48,621 [pool-47-thread-1] INFO  server.RaftServerConfigKeys (ConfUtils.java:logGet(43)) - raft.server.log.segment.size.max = 1048576 (custom)
2019-09-24 21:19:48,621 [pool-57-thread-1] INFO  server.RaftServerConfigKeys (ConfUtils.java:logGet(43)) - raft.server.log.segment.size.max = 1048576 (custom)
2019-09-24 21:19:48,621 [pool-47-thread-1] INFO  server.RaftServerConfigKeys (ConfUtils.java:logGet(43)) - raft.server.log.segment.cache.num.max = 2 (custom)
2019-09-24 21:19:48,621 [pool-57-thread-1] INFO  server.RaftServerConfigKeys (ConfUtils.java:logGet(43)) - raft.server.log.segment.cache.num.max = 2 (custom)
2019-09-24 21:19:48,622 [pool-47-thread-1] INFO  segmented.SegmentedRaftLogWorker (SegmentedRaftLogWorker.java:<init>(172)) - new 66ab88db-d69f-4f96-9860-b898e5399db4@group-A918B51F1DFD-SegmentedRaftLogWorker for RaftStorage:Storage Directory /workdir/hadoop-ozone/ozonefs/target/test-dir/MiniOzoneClusterImpl-35f2434d-e88f-4dc0-aaff-2450d0368017/datanode-2/data/ratis/a89f4513-1763-4af5-833b-a918b51f1dfd
2019-09-24 21:19:48,622 [pool-57-thread-1] INFO  segmented.SegmentedRaftLogWorker (SegmentedRaftLogWorker.java:<init>(172)) - new c1e0fc5a-7ae4-45d0-a105-709cc60ce072@group-A918B51F1DFD-SegmentedRaftLogWorker for RaftStorage:Storage Directory /workdir/hadoop-ozone/ozonefs/target/test-dir/MiniOzoneClusterImpl-35f2434d-e88f-4dc0-aaff-2450d0368017/datanode-3/data/ratis/a89f4513-1763-4af5-833b-a918b51f1dfd
2019-09-24 21:19:48,622 [pool-47-thread-1] INFO  server.RaftServerConfigKeys (ConfUtils.java:logGet(43)) - raft.server.log.queue.byte-limit = 2147483647 (custom)
2019-09-24 21:19:48,622 [pool-57-thread-1] INFO  server.RaftServerConfigKeys (ConfUtils.java:logGet(43)) - raft.server.log.queue.byte-limit = 2147483647 (custom)
2019-09-24 21:19:48,622 [pool-47-thread-1] INFO  server.RaftServerConfigKeys (ConfUtils.java:logGet(43)) - raft.server.log.queue.element-limit = 1024 (custom)
2019-09-24 21:19:48,622 [pool-57-thread-1] INFO  server.RaftServerConfigKeys (ConfUtils.java:logGet(43)) - raft.server.log.queue.element-limit = 1024 (custom)
2019-09-24 21:19:48,622 [pool-47-thread-1] INFO  server.RaftServerConfigKeys (ConfUtils.java:logGet(43)) - raft.server.log.segment.size.max = 1048576 (custom)
2019-09-24 21:19:48,622 [pool-57-thread-1] INFO  server.RaftServerConfigKeys (ConfUtils.java:logGet(43)) - raft.server.log.segment.size.max = 1048576 (custom)
2019-09-24 21:19:48,622 [pool-47-thread-1] INFO  server.RaftServerConfigKeys (ConfUtils.java:logGet(43)) - raft.server.log.preallocated.size = 16384 (custom)
2019-09-24 21:19:48,623 [pool-57-thread-1] INFO  server.RaftServerConfigKeys (ConfUtils.java:logGet(43)) - raft.server.log.preallocated.size = 16384 (custom)
2019-09-24 21:19:48,623 [pool-47-thread-1] INFO  server.RaftServerConfigKeys (ConfUtils.java:logGet(43)) - raft.server.log.write.buffer.size = 33554432 (custom)
2019-09-24 21:19:48,623 [pool-57-thread-1] INFO  server.RaftServerConfigKeys (ConfUtils.java:logGet(43)) - raft.server.log.write.buffer.size = 33554432 (custom)
2019-09-24 21:19:48,623 [pool-47-thread-1] INFO  server.RaftServerConfigKeys (ConfUtils.java:logGet(43)) - raft.server.log.force.sync.num = 128 (default)
2019-09-24 21:19:48,623 [pool-57-thread-1] INFO  server.RaftServerConfigKeys (ConfUtils.java:logGet(43)) - raft.server.log.force.sync.num = 128 (default)
2019-09-24 21:19:48,623 [pool-47-thread-1] INFO  server.RaftServerConfigKeys (ConfUtils.java:logGet(43)) - raft.server.log.statemachine.data.sync = true (default)
2019-09-24 21:19:48,623 [pool-57-thread-1] INFO  server.RaftServerConfigKeys (ConfUtils.java:logGet(43)) - raft.server.log.statemachine.data.sync = true (default)
2019-09-24 21:19:48,623 [pool-47-thread-1] INFO  server.RaftServerConfigKeys (ConfUtils.java:logGet(43)) - raft.server.log.statemachine.data.sync.timeout = 10s (default)
2019-09-24 21:19:48,624 [pool-57-thread-1] INFO  server.RaftServerConfigKeys (ConfUtils.java:logGet(43)) - raft.server.log.statemachine.data.sync.timeout = 10s (default)
2019-09-24 21:19:48,624 [pool-47-thread-1] INFO  server.RaftServerConfigKeys (ConfUtils.java:logGet(43)) - raft.server.log.statemachine.data.sync.timeout.retry = -1 (default)
2019-09-24 21:19:48,624 [pool-57-thread-1] INFO  server.RaftServerConfigKeys (ConfUtils.java:logGet(43)) - raft.server.log.statemachine.data.sync.timeout.retry = -1 (default)
2019-09-24 21:19:48,624 [pool-47-thread-1] INFO  server.RaftServerConfigKeys (ConfUtils.java:logGet(43)) - raft.server.log.statemachine.data.caching.enabled = true (custom)
2019-09-24 21:19:48,624 [pool-57-thread-1] INFO  server.RaftServerConfigKeys (ConfUtils.java:logGet(43)) - raft.server.log.statemachine.data.caching.enabled = true (custom)
2019-09-24 21:19:48,624 [pool-47-thread-1] INFO  segmented.SegmentedRaftLogWorker (SegmentedRaftLogWorker.java:lambda$new$0(132)) - 66ab88db-d69f-4f96-9860-b898e5399db4@group-A918B51F1DFD-SegmentedRaftLogWorker: flushIndex: setUnconditionally 0 -> -1
2019-09-24 21:19:48,625 [pool-57-thread-1] INFO  segmented.SegmentedRaftLogWorker (SegmentedRaftLogWorker.java:lambda$new$0(132)) - c1e0fc5a-7ae4-45d0-a105-709cc60ce072@group-A918B51F1DFD-SegmentedRaftLogWorker: flushIndex: setUnconditionally 0 -> -1
2019-09-24 21:19:48,625 [pool-47-thread-1] INFO  server.RaftServerConfigKeys (ConfUtils.java:logGet(43)) - raft.server.snapshot.auto.trigger.enabled = true (custom)
2019-09-24 21:19:48,625 [pool-57-thread-1] INFO  server.RaftServerConfigKeys (ConfUtils.java:logGet(43)) - raft.server.snapshot.auto.trigger.enabled = true (custom)
2019-09-24 21:19:48,625 [pool-47-thread-1] INFO  server.RaftServerConfigKeys (ConfUtils.java:logGet(43)) - raft.server.snapshot.auto.trigger.threshold = 10000 (custom)
2019-09-24 21:19:48,625 [pool-57-thread-1] INFO  server.RaftServerConfigKeys (ConfUtils.java:logGet(43)) - raft.server.snapshot.auto.trigger.threshold = 10000 (custom)
2019-09-24 21:19:48,625 [pool-47-thread-1] INFO  server.RaftServerConfigKeys (ConfUtils.java:logGet(43)) - raft.server.snapshot.retention.num.files = 5 (custom)
2019-09-24 21:19:48,625 [pool-57-thread-1] INFO  server.RaftServerConfigKeys (ConfUtils.java:logGet(43)) - raft.server.snapshot.retention.num.files = 5 (custom)
2019-09-24 21:19:48,626 [pool-47-thread-1] INFO  server.RaftServerConfigKeys (ConfUtils.java:logGet(43)) - raft.server.retrycache.expirytime = 600000ms (custom)
2019-09-24 21:19:48,626 [pool-57-thread-1] INFO  server.RaftServerConfigKeys (ConfUtils.java:logGet(43)) - raft.server.retrycache.expirytime = 600000ms (custom)
2019-09-24 21:19:48,629 [pool-47-thread-1] INFO  impl.RaftServerImpl (RaftServerImpl.java:start(185)) - 66ab88db-d69f-4f96-9860-b898e5399db4@group-C467C04FCD85: start as a follower, conf=-1: [f3cc68b9-8250-46bd-9f8b-0b9d65688440:192.168.36.84:35502, c1e0fc5a-7ae4-45d0-a105-709cc60ce072:192.168.36.84:33769, 66ab88db-d69f-4f96-9860-b898e5399db4:192.168.36.84:42907], old=null
2019-09-24 21:19:48,630 [pool-57-thread-1] INFO  impl.RaftServerImpl (RaftServerImpl.java:start(185)) - c1e0fc5a-7ae4-45d0-a105-709cc60ce072@group-C467C04FCD85: start as a follower, conf=-1: [f3cc68b9-8250-46bd-9f8b-0b9d65688440:192.168.36.84:35502, c1e0fc5a-7ae4-45d0-a105-709cc60ce072:192.168.36.84:33769, 66ab88db-d69f-4f96-9860-b898e5399db4:192.168.36.84:42907], old=null
2019-09-24 21:19:48,630 [pool-47-thread-1] INFO  impl.RaftServerImpl (RaftServerImpl.java:setRole(174)) - 66ab88db-d69f-4f96-9860-b898e5399db4@group-C467C04FCD85: changes role from      null to FOLLOWER at term 0 for startAsFollower
2019-09-24 21:19:48,630 [pool-57-thread-1] INFO  impl.RaftServerImpl (RaftServerImpl.java:setRole(174)) - c1e0fc5a-7ae4-45d0-a105-709cc60ce072@group-C467C04FCD85: changes role from      null to FOLLOWER at term 0 for startAsFollower
2019-09-24 21:19:48,630 [pool-47-thread-1] INFO  impl.RoleInfo (RoleInfo.java:updateAndGet(143)) - 66ab88db-d69f-4f96-9860-b898e5399db4: start FollowerState
2019-09-24 21:19:48,630 [pool-57-thread-1] INFO  impl.RoleInfo (RoleInfo.java:updateAndGet(143)) - c1e0fc5a-7ae4-45d0-a105-709cc60ce072: start FollowerState
2019-09-24 21:19:48,630 [pool-47-thread-1] INFO  util.JmxRegister (JmxRegister.java:tryRegister(44)) - Successfully registered JMX Bean with object name Ratis:service=RaftServer,group=group-C467C04FCD85,id=66ab88db-d69f-4f96-9860-b898e5399db4
2019-09-24 21:19:48,631 [pool-57-thread-1] INFO  util.JmxRegister (JmxRegister.java:tryRegister(44)) - Successfully registered JMX Bean with object name Ratis:service=RaftServer,group=group-C467C04FCD85,id=c1e0fc5a-7ae4-45d0-a105-709cc60ce072
2019-09-24 21:19:48,633 [pool-47-thread-1] INFO  impl.RaftServerImpl (RaftServerImpl.java:<init>(95)) - 66ab88db-d69f-4f96-9860-b898e5399db4: new RaftServerImpl for group-A26FF7157983:[f3cc68b9-8250-46bd-9f8b-0b9d65688440:192.168.36.84:35502, c1e0fc5a-7ae4-45d0-a105-709cc60ce072:192.168.36.84:33769, 66ab88db-d69f-4f96-9860-b898e5399db4:192.168.36.84:42907] with ContainerStateMachine:uninitialized
2019-09-24 21:19:48,633 [pool-47-thread-1] INFO  server.RaftServerConfigKeys (ConfUtils.java:logGet(43)) - raft.server.rpc.timeout.min = 5s (custom)
2019-09-24 21:19:48,633 [pool-47-thread-1] INFO  server.RaftServerConfigKeys (ConfUtils.java:logGet(43)) - raft.server.rpc.timeout.max = 5200ms (custom)
2019-09-24 21:19:48,633 [pool-47-thread-1] INFO  server.RaftServerConfigKeys (ConfUtils.java:logGet(43)) - raft.server.rpcslowness.timeout = 120s (custom)
2019-09-24 21:19:48,633 [pool-47-thread-1] INFO  server.RaftServerConfigKeys (ConfUtils.java:logGet(43)) - raft.server.sleep.deviation.threshold = 300 (default)
2019-09-24 21:19:48,634 [pool-47-thread-1] INFO  server.RaftServerConfigKeys (ConfUtils.java:logGet(43)) - raft.server.log.appender.install.snapshot.enabled = false (custom)
2019-09-24 21:19:48,634 [pool-57-thread-1] INFO  impl.RaftServerImpl (RaftServerImpl.java:<init>(95)) - c1e0fc5a-7ae4-45d0-a105-709cc60ce072: new RaftServerImpl for group-A26FF7157983:[f3cc68b9-8250-46bd-9f8b-0b9d65688440:192.168.36.84:35502, c1e0fc5a-7ae4-45d0-a105-709cc60ce072:192.168.36.84:33769, 66ab88db-d69f-4f96-9860-b898e5399db4:192.168.36.84:42907] with ContainerStateMachine:uninitialized
2019-09-24 21:19:48,634 [pool-47-thread-1] INFO  impl.RaftServerImpl (ServerState.java:<init>(103)) - 66ab88db-d69f-4f96-9860-b898e5399db4@group-A26FF7157983: ConfigurationManager, init=-1: [f3cc68b9-8250-46bd-9f8b-0b9d65688440:192.168.36.84:35502, c1e0fc5a-7ae4-45d0-a105-709cc60ce072:192.168.36.84:33769, 66ab88db-d69f-4f96-9860-b898e5399db4:192.168.36.84:42907], old=null, confs=<EMPTY_MAP>
2019-09-24 21:19:48,634 [pool-57-thread-1] INFO  server.RaftServerConfigKeys (ConfUtils.java:logGet(43)) - raft.server.rpc.timeout.min = 5s (custom)
2019-09-24 21:19:48,634 [pool-47-thread-1] INFO  server.RaftServerConfigKeys (ConfUtils.java:logGet(43)) - raft.server.storage.dir = [/workdir/hadoop-ozone/ozonefs/target/test-dir/MiniOzoneClusterImpl-35f2434d-e88f-4dc0-aaff-2450d0368017/datanode-2/data/ratis] (custom)
2019-09-24 21:19:48,634 [pool-57-thread-1] INFO  server.RaftServerConfigKeys (ConfUtils.java:logGet(43)) - raft.server.rpc.timeout.max = 5200ms (custom)
2019-09-24 21:19:48,634 [pool-57-thread-1] INFO  server.RaftServerConfigKeys (ConfUtils.java:logGet(43)) - raft.server.rpcslowness.timeout = 120s (custom)
2019-09-24 21:19:48,634 [pool-57-thread-1] INFO  server.RaftServerConfigKeys (ConfUtils.java:logGet(43)) - raft.server.sleep.deviation.threshold = 300 (default)
2019-09-24 21:19:48,634 [pool-47-thread-1] INFO  storage.RaftStorageDirectory (RaftStorageDirectory.java:analyzeStorage(246)) - The storage directory /workdir/hadoop-ozone/ozonefs/target/test-dir/MiniOzoneClusterImpl-35f2434d-e88f-4dc0-aaff-2450d0368017/datanode-2/data/ratis/cbf78e3b-8dee-455c-829b-a26ff7157983 does not exist. Creating ...
2019-09-24 21:19:48,634 [pool-57-thread-1] INFO  server.RaftServerConfigKeys (ConfUtils.java:logGet(43)) - raft.server.log.appender.install.snapshot.enabled = false (custom)
2019-09-24 21:19:48,635 [pool-57-thread-1] INFO  impl.RaftServerImpl (ServerState.java:<init>(103)) - c1e0fc5a-7ae4-45d0-a105-709cc60ce072@group-A26FF7157983: ConfigurationManager, init=-1: [f3cc68b9-8250-46bd-9f8b-0b9d65688440:192.168.36.84:35502, c1e0fc5a-7ae4-45d0-a105-709cc60ce072:192.168.36.84:33769, 66ab88db-d69f-4f96-9860-b898e5399db4:192.168.36.84:42907], old=null, confs=<EMPTY_MAP>
2019-09-24 21:19:48,635 [pool-57-thread-1] INFO  server.RaftServerConfigKeys (ConfUtils.java:logGet(43)) - raft.server.storage.dir = [/workdir/hadoop-ozone/ozonefs/target/test-dir/MiniOzoneClusterImpl-35f2434d-e88f-4dc0-aaff-2450d0368017/datanode-3/data/ratis] (custom)
2019-09-24 21:19:48,635 [pool-57-thread-1] INFO  storage.RaftStorageDirectory (RaftStorageDirectory.java:analyzeStorage(246)) - The storage directory /workdir/hadoop-ozone/ozonefs/target/test-dir/MiniOzoneClusterImpl-35f2434d-e88f-4dc0-aaff-2450d0368017/datanode-3/data/ratis/cbf78e3b-8dee-455c-829b-a26ff7157983 does not exist. Creating ...
2019-09-24 21:19:48,968 [pool-57-thread-1] INFO  storage.RaftStorageDirectory (RaftStorageDirectory.java:tryLock(328)) - Lock on /workdir/hadoop-ozone/ozonefs/target/test-dir/MiniOzoneClusterImpl-35f2434d-e88f-4dc0-aaff-2450d0368017/datanode-3/data/ratis/cbf78e3b-8dee-455c-829b-a26ff7157983/in_use.lock acquired by nodename 2502@pr-hdds-2171-6l6hb-1841322612
2019-09-24 21:19:48,968 [pool-37-thread-1] INFO  storage.RaftStorage (RaftStorage.java:format(72)) - Storage directory /workdir/hadoop-ozone/ozonefs/target/test-dir/MiniOzoneClusterImpl-35f2434d-e88f-4dc0-aaff-2450d0368017/datanode-1/data/ratis/a89f4513-1763-4af5-833b-a918b51f1dfd has been successfully formatted.
2019-09-24 21:19:48,968 [pool-47-thread-1] INFO  storage.RaftStorageDirectory (RaftStorageDirectory.java:tryLock(328)) - Lock on /workdir/hadoop-ozone/ozonefs/target/test-dir/MiniOzoneClusterImpl-35f2434d-e88f-4dc0-aaff-2450d0368017/datanode-2/data/ratis/cbf78e3b-8dee-455c-829b-a26ff7157983/in_use.lock acquired by nodename 2502@pr-hdds-2171-6l6hb-1841322612
2019-09-24 21:19:48,969 [pool-37-thread-1] INFO  ratis.ContainerStateMachine (ContainerStateMachine.java:loadSnapshot(230)) - group-A918B51F1DFD: The snapshot info is null. Setting the last applied indexto:(t:0, i:~)
2019-09-24 21:19:48,970 [pool-37-thread-1] INFO  server.RaftServerConfigKeys (ConfUtils.java:logGet(43)) - raft.server.notification.no-leader.timeout = 120s (custom)
2019-09-24 21:19:48,970 [pool-37-thread-1] INFO  server.RaftServerConfigKeys (ConfUtils.java:logGet(43)) - raft.server.log.use.memory = false (default)
2019-09-24 21:19:48,970 [pool-37-thread-1] INFO  server.RaftServerConfigKeys (ConfUtils.java:logGet(43)) - raft.server.log.purge.gap = 1000000 (custom)
2019-09-24 21:19:48,970 [pool-37-thread-1] INFO  server.RaftServerConfigKeys (ConfUtils.java:logGet(43)) - raft.server.log.appender.buffer.byte-limit = 33554432 (custom)
2019-09-24 21:19:48,970 [pool-37-thread-1] INFO  server.RaftServerConfigKeys (ConfUtils.java:logGet(43)) - raft.server.log.segment.size.max = 1048576 (custom)
2019-09-24 21:19:48,971 [pool-37-thread-1] INFO  server.RaftServerConfigKeys (ConfUtils.java:logGet(43)) - raft.server.log.segment.cache.num.max = 2 (custom)
2019-09-24 21:19:48,971 [pool-37-thread-1] INFO  segmented.SegmentedRaftLogWorker (SegmentedRaftLogWorker.java:<init>(172)) - new f3cc68b9-8250-46bd-9f8b-0b9d65688440@group-A918B51F1DFD-SegmentedRaftLogWorker for RaftStorage:Storage Directory /workdir/hadoop-ozone/ozonefs/target/test-dir/MiniOzoneClusterImpl-35f2434d-e88f-4dc0-aaff-2450d0368017/datanode-1/data/ratis/a89f4513-1763-4af5-833b-a918b51f1dfd
2019-09-24 21:19:48,971 [pool-37-thread-1] INFO  server.RaftServerConfigKeys (ConfUtils.java:logGet(43)) - raft.server.log.queue.byte-limit = 2147483647 (custom)
2019-09-24 21:19:48,971 [pool-37-thread-1] INFO  server.RaftServerConfigKeys (ConfUtils.java:logGet(43)) - raft.server.log.queue.element-limit = 1024 (custom)
2019-09-24 21:19:48,972 [pool-37-thread-1] INFO  server.RaftServerConfigKeys (ConfUtils.java:logGet(43)) - raft.server.log.segment.size.max = 1048576 (custom)
2019-09-24 21:19:48,972 [pool-37-thread-1] INFO  server.RaftServerConfigKeys (ConfUtils.java:logGet(43)) - raft.server.log.preallocated.size = 16384 (custom)
2019-09-24 21:19:48,972 [pool-37-thread-1] INFO  server.RaftServerConfigKeys (ConfUtils.java:logGet(43)) - raft.server.log.write.buffer.size = 33554432 (custom)
2019-09-24 21:19:48,972 [pool-37-thread-1] INFO  server.RaftServerConfigKeys (ConfUtils.java:logGet(43)) - raft.server.log.force.sync.num = 128 (default)
2019-09-24 21:19:48,973 [pool-37-thread-1] INFO  server.RaftServerConfigKeys (ConfUtils.java:logGet(43)) - raft.server.log.statemachine.data.sync = true (default)
2019-09-24 21:19:48,973 [pool-37-thread-1] INFO  server.RaftServerConfigKeys (ConfUtils.java:logGet(43)) - raft.server.log.statemachine.data.sync.timeout = 10s (default)
2019-09-24 21:19:48,973 [pool-37-thread-1] INFO  server.RaftServerConfigKeys (ConfUtils.java:logGet(43)) - raft.server.log.statemachine.data.sync.timeout.retry = -1 (default)
2019-09-24 21:19:48,973 [pool-37-thread-1] INFO  server.RaftServerConfigKeys (ConfUtils.java:logGet(43)) - raft.server.log.statemachine.data.caching.enabled = true (custom)
2019-09-24 21:19:48,974 [pool-37-thread-1] INFO  segmented.SegmentedRaftLogWorker (SegmentedRaftLogWorker.java:lambda$new$0(132)) - f3cc68b9-8250-46bd-9f8b-0b9d65688440@group-A918B51F1DFD-SegmentedRaftLogWorker: flushIndex: setUnconditionally 0 -> -1
2019-09-24 21:19:48,974 [pool-37-thread-1] INFO  server.RaftServerConfigKeys (ConfUtils.java:logGet(43)) - raft.server.snapshot.auto.trigger.enabled = true (custom)
2019-09-24 21:19:48,975 [pool-37-thread-1] INFO  server.RaftServerConfigKeys (ConfUtils.java:logGet(43)) - raft.server.snapshot.auto.trigger.threshold = 10000 (custom)
2019-09-24 21:19:48,975 [pool-37-thread-1] INFO  server.RaftServerConfigKeys (ConfUtils.java:logGet(43)) - raft.server.snapshot.retention.num.files = 5 (custom)
2019-09-24 21:19:48,975 [pool-37-thread-1] INFO  server.RaftServerConfigKeys (ConfUtils.java:logGet(43)) - raft.server.retrycache.expirytime = 600000ms (custom)
2019-09-24 21:19:48,981 [pool-37-thread-1] INFO  impl.RaftServerImpl (RaftServerImpl.java:<init>(95)) - f3cc68b9-8250-46bd-9f8b-0b9d65688440: new RaftServerImpl for group-A26FF7157983:[f3cc68b9-8250-46bd-9f8b-0b9d65688440:192.168.36.84:35502, c1e0fc5a-7ae4-45d0-a105-709cc60ce072:192.168.36.84:33769, 66ab88db-d69f-4f96-9860-b898e5399db4:192.168.36.84:42907] with ContainerStateMachine:uninitialized
2019-09-24 21:19:48,982 [pool-37-thread-1] INFO  server.RaftServerConfigKeys (ConfUtils.java:logGet(43)) - raft.server.rpc.timeout.min = 5s (custom)
2019-09-24 21:19:48,982 [pool-37-thread-1] INFO  server.RaftServerConfigKeys (ConfUtils.java:logGet(43)) - raft.server.rpc.timeout.max = 5200ms (custom)
2019-09-24 21:19:48,982 [pool-37-thread-1] INFO  server.RaftServerConfigKeys (ConfUtils.java:logGet(43)) - raft.server.rpcslowness.timeout = 120s (custom)
2019-09-24 21:19:48,982 [pool-37-thread-1] INFO  server.RaftServerConfigKeys (ConfUtils.java:logGet(43)) - raft.server.sleep.deviation.threshold = 300 (default)
2019-09-24 21:19:48,983 [pool-37-thread-1] INFO  server.RaftServerConfigKeys (ConfUtils.java:logGet(43)) - raft.server.log.appender.install.snapshot.enabled = false (custom)
2019-09-24 21:19:48,983 [pool-37-thread-1] INFO  impl.RaftServerImpl (ServerState.java:<init>(103)) - f3cc68b9-8250-46bd-9f8b-0b9d65688440@group-A26FF7157983: ConfigurationManager, init=-1: [f3cc68b9-8250-46bd-9f8b-0b9d65688440:192.168.36.84:35502, c1e0fc5a-7ae4-45d0-a105-709cc60ce072:192.168.36.84:33769, 66ab88db-d69f-4f96-9860-b898e5399db4:192.168.36.84:42907], old=null, confs=<EMPTY_MAP>
2019-09-24 21:19:48,983 [pool-37-thread-1] INFO  server.RaftServerConfigKeys (ConfUtils.java:logGet(43)) - raft.server.storage.dir = [/workdir/hadoop-ozone/ozonefs/target/test-dir/MiniOzoneClusterImpl-35f2434d-e88f-4dc0-aaff-2450d0368017/datanode-1/data/ratis] (custom)
2019-09-24 21:19:48,984 [pool-37-thread-1] INFO  storage.RaftStorageDirectory (RaftStorageDirectory.java:analyzeStorage(246)) - The storage directory /workdir/hadoop-ozone/ozonefs/target/test-dir/MiniOzoneClusterImpl-35f2434d-e88f-4dc0-aaff-2450d0368017/datanode-1/data/ratis/cbf78e3b-8dee-455c-829b-a26ff7157983 does not exist. Creating ...
2019-09-24 21:19:49,279 [pool-37-thread-1] INFO  storage.RaftStorageDirectory (RaftStorageDirectory.java:tryLock(328)) - Lock on /workdir/hadoop-ozone/ozonefs/target/test-dir/MiniOzoneClusterImpl-35f2434d-e88f-4dc0-aaff-2450d0368017/datanode-1/data/ratis/cbf78e3b-8dee-455c-829b-a26ff7157983/in_use.lock acquired by nodename 2502@pr-hdds-2171-6l6hb-1841322612
2019-09-24 21:19:49,279 [pool-47-thread-1] INFO  storage.RaftStorage (RaftStorage.java:format(72)) - Storage directory /workdir/hadoop-ozone/ozonefs/target/test-dir/MiniOzoneClusterImpl-35f2434d-e88f-4dc0-aaff-2450d0368017/datanode-2/data/ratis/cbf78e3b-8dee-455c-829b-a26ff7157983 has been successfully formatted.
2019-09-24 21:19:49,279 [pool-57-thread-1] INFO  storage.RaftStorage (RaftStorage.java:format(72)) - Storage directory /workdir/hadoop-ozone/ozonefs/target/test-dir/MiniOzoneClusterImpl-35f2434d-e88f-4dc0-aaff-2450d0368017/datanode-3/data/ratis/cbf78e3b-8dee-455c-829b-a26ff7157983 has been successfully formatted.
2019-09-24 21:19:49,280 [pool-47-thread-1] INFO  ratis.ContainerStateMachine (ContainerStateMachine.java:loadSnapshot(230)) - group-A26FF7157983: The snapshot info is null. Setting the last applied indexto:(t:0, i:~)
2019-09-24 21:19:49,280 [pool-57-thread-1] INFO  ratis.ContainerStateMachine (ContainerStateMachine.java:loadSnapshot(230)) - group-A26FF7157983: The snapshot info is null. Setting the last applied indexto:(t:0, i:~)
2019-09-24 21:19:49,280 [pool-47-thread-1] INFO  server.RaftServerConfigKeys (ConfUtils.java:logGet(43)) - raft.server.notification.no-leader.timeout = 120s (custom)
2019-09-24 21:19:49,280 [pool-57-thread-1] INFO  server.RaftServerConfigKeys (ConfUtils.java:logGet(43)) - raft.server.notification.no-leader.timeout = 120s (custom)
2019-09-24 21:19:49,280 [pool-47-thread-1] INFO  server.RaftServerConfigKeys (ConfUtils.java:logGet(43)) - raft.server.log.use.memory = false (default)
2019-09-24 21:19:49,280 [pool-57-thread-1] INFO  server.RaftServerConfigKeys (ConfUtils.java:logGet(43)) - raft.server.log.use.memory = false (default)
2019-09-24 21:19:49,281 [pool-47-thread-1] INFO  server.RaftServerConfigKeys (ConfUtils.java:logGet(43)) - raft.server.log.purge.gap = 1000000 (custom)
2019-09-24 21:19:49,281 [pool-57-thread-1] INFO  server.RaftServerConfigKeys (ConfUtils.java:logGet(43)) - raft.server.log.purge.gap = 1000000 (custom)
2019-09-24 21:19:49,281 [pool-47-thread-1] INFO  server.RaftServerConfigKeys (ConfUtils.java:logGet(43)) - raft.server.log.appender.buffer.byte-limit = 33554432 (custom)
2019-09-24 21:19:49,281 [pool-57-thread-1] INFO  server.RaftServerConfigKeys (ConfUtils.java:logGet(43)) - raft.server.log.appender.buffer.byte-limit = 33554432 (custom)
2019-09-24 21:19:49,281 [pool-47-thread-1] INFO  server.RaftServerConfigKeys (ConfUtils.java:logGet(43)) - raft.server.log.segment.size.max = 1048576 (custom)
2019-09-24 21:19:49,281 [pool-57-thread-1] INFO  server.RaftServerConfigKeys (ConfUtils.java:logGet(43)) - raft.server.log.segment.size.max = 1048576 (custom)
2019-09-24 21:19:49,282 [pool-47-thread-1] INFO  server.RaftServerConfigKeys (ConfUtils.java:logGet(43)) - raft.server.log.segment.cache.num.max = 2 (custom)
2019-09-24 21:19:49,282 [pool-57-thread-1] INFO  server.RaftServerConfigKeys (ConfUtils.java:logGet(43)) - raft.server.log.segment.cache.num.max = 2 (custom)
2019-09-24 21:19:49,282 [pool-47-thread-1] INFO  segmented.SegmentedRaftLogWorker (SegmentedRaftLogWorker.java:<init>(172)) - new 66ab88db-d69f-4f96-9860-b898e5399db4@group-A26FF7157983-SegmentedRaftLogWorker for RaftStorage:Storage Directory /workdir/hadoop-ozone/ozonefs/target/test-dir/MiniOzoneClusterImpl-35f2434d-e88f-4dc0-aaff-2450d0368017/datanode-2/data/ratis/cbf78e3b-8dee-455c-829b-a26ff7157983
2019-09-24 21:19:49,282 [pool-57-thread-1] INFO  segmented.SegmentedRaftLogWorker (SegmentedRaftLogWorker.java:<init>(172)) - new c1e0fc5a-7ae4-45d0-a105-709cc60ce072@group-A26FF7157983-SegmentedRaftLogWorker for RaftStorage:Storage Directory /workdir/hadoop-ozone/ozonefs/target/test-dir/MiniOzoneClusterImpl-35f2434d-e88f-4dc0-aaff-2450d0368017/datanode-3/data/ratis/cbf78e3b-8dee-455c-829b-a26ff7157983
2019-09-24 21:19:49,282 [pool-47-thread-1] INFO  server.RaftServerConfigKeys (ConfUtils.java:logGet(43)) - raft.server.log.queue.byte-limit = 2147483647 (custom)
2019-09-24 21:19:49,282 [pool-57-thread-1] INFO  server.RaftServerConfigKeys (ConfUtils.java:logGet(43)) - raft.server.log.queue.byte-limit = 2147483647 (custom)
2019-09-24 21:19:49,283 [pool-47-thread-1] INFO  server.RaftServerConfigKeys (ConfUtils.java:logGet(43)) - raft.server.log.queue.element-limit = 1024 (custom)
2019-09-24 21:19:49,283 [pool-57-thread-1] INFO  server.RaftServerConfigKeys (ConfUtils.java:logGet(43)) - raft.server.log.queue.element-limit = 1024 (custom)
2019-09-24 21:19:49,283 [pool-47-thread-1] INFO  server.RaftServerConfigKeys (ConfUtils.java:logGet(43)) - raft.server.log.segment.size.max = 1048576 (custom)
2019-09-24 21:19:49,283 [pool-57-thread-1] INFO  server.RaftServerConfigKeys (ConfUtils.java:logGet(43)) - raft.server.log.segment.size.max = 1048576 (custom)
2019-09-24 21:19:49,284 [pool-47-thread-1] INFO  server.RaftServerConfigKeys (ConfUtils.java:logGet(43)) - raft.server.log.preallocated.size = 16384 (custom)
2019-09-24 21:19:49,284 [pool-57-thread-1] INFO  server.RaftServerConfigKeys (ConfUtils.java:logGet(43)) - raft.server.log.preallocated.size = 16384 (custom)
2019-09-24 21:19:49,284 [pool-47-thread-1] INFO  server.RaftServerConfigKeys (ConfUtils.java:logGet(43)) - raft.server.log.write.buffer.size = 33554432 (custom)
2019-09-24 21:19:49,284 [pool-57-thread-1] INFO  server.RaftServerConfigKeys (ConfUtils.java:logGet(43)) - raft.server.log.write.buffer.size = 33554432 (custom)
2019-09-24 21:19:49,284 [pool-47-thread-1] INFO  server.RaftServerConfigKeys (ConfUtils.java:logGet(43)) - raft.server.log.force.sync.num = 128 (default)
2019-09-24 21:19:49,284 [pool-57-thread-1] INFO  server.RaftServerConfigKeys (ConfUtils.java:logGet(43)) - raft.server.log.force.sync.num = 128 (default)
2019-09-24 21:19:49,285 [pool-47-thread-1] INFO  server.RaftServerConfigKeys (ConfUtils.java:logGet(43)) - raft.server.log.statemachine.data.sync = true (default)
2019-09-24 21:19:49,285 [pool-57-thread-1] INFO  server.RaftServerConfigKeys (ConfUtils.java:logGet(43)) - raft.server.log.statemachine.data.sync = true (default)
2019-09-24 21:19:49,285 [pool-47-thread-1] INFO  server.RaftServerConfigKeys (ConfUtils.java:logGet(43)) - raft.server.log.statemachine.data.sync.timeout = 10s (default)
2019-09-24 21:19:49,285 [pool-57-thread-1] INFO  server.RaftServerConfigKeys (ConfUtils.java:logGet(43)) - raft.server.log.statemachine.data.sync.timeout = 10s (default)
2019-09-24 21:19:49,286 [pool-47-thread-1] INFO  server.RaftServerConfigKeys (ConfUtils.java:logGet(43)) - raft.server.log.statemachine.data.sync.timeout.retry = -1 (default)
2019-09-24 21:19:49,286 [pool-57-thread-1] INFO  server.RaftServerConfigKeys (ConfUtils.java:logGet(43)) - raft.server.log.statemachine.data.sync.timeout.retry = -1 (default)
2019-09-24 21:19:49,286 [pool-47-thread-1] INFO  server.RaftServerConfigKeys (ConfUtils.java:logGet(43)) - raft.server.log.statemachine.data.caching.enabled = true (custom)
2019-09-24 21:19:49,286 [pool-57-thread-1] INFO  server.RaftServerConfigKeys (ConfUtils.java:logGet(43)) - raft.server.log.statemachine.data.caching.enabled = true (custom)
2019-09-24 21:19:49,287 [pool-47-thread-1] INFO  segmented.SegmentedRaftLogWorker (SegmentedRaftLogWorker.java:lambda$new$0(132)) - 66ab88db-d69f-4f96-9860-b898e5399db4@group-A26FF7157983-SegmentedRaftLogWorker: flushIndex: setUnconditionally 0 -> -1
2019-09-24 21:19:49,287 [pool-57-thread-1] INFO  segmented.SegmentedRaftLogWorker (SegmentedRaftLogWorker.java:lambda$new$0(132)) - c1e0fc5a-7ae4-45d0-a105-709cc60ce072@group-A26FF7157983-SegmentedRaftLogWorker: flushIndex: setUnconditionally 0 -> -1
2019-09-24 21:19:49,287 [pool-47-thread-1] INFO  server.RaftServerConfigKeys (ConfUtils.java:logGet(43)) - raft.server.snapshot.auto.trigger.enabled = true (custom)
2019-09-24 21:19:49,288 [pool-57-thread-1] INFO  server.RaftServerConfigKeys (ConfUtils.java:logGet(43)) - raft.server.snapshot.auto.trigger.enabled = true (custom)
2019-09-24 21:19:49,288 [pool-47-thread-1] INFO  server.RaftServerConfigKeys (ConfUtils.java:logGet(43)) - raft.server.snapshot.auto.trigger.threshold = 10000 (custom)
2019-09-24 21:19:49,288 [pool-57-thread-1] INFO  server.RaftServerConfigKeys (ConfUtils.java:logGet(43)) - raft.server.snapshot.auto.trigger.threshold = 10000 (custom)
2019-09-24 21:19:49,288 [pool-47-thread-1] INFO  server.RaftServerConfigKeys (ConfUtils.java:logGet(43)) - raft.server.snapshot.retention.num.files = 5 (custom)
2019-09-24 21:19:49,288 [pool-57-thread-1] INFO  server.RaftServerConfigKeys (ConfUtils.java:logGet(43)) - raft.server.snapshot.retention.num.files = 5 (custom)
2019-09-24 21:19:49,289 [pool-47-thread-1] INFO  server.RaftServerConfigKeys (ConfUtils.java:logGet(43)) - raft.server.retrycache.expirytime = 600000ms (custom)
2019-09-24 21:19:49,289 [pool-57-thread-1] INFO  server.RaftServerConfigKeys (ConfUtils.java:logGet(43)) - raft.server.retrycache.expirytime = 600000ms (custom)
2019-09-24 21:19:49,296 [pool-57-thread-1] INFO  impl.RaftServerImpl (RaftServerImpl.java:<init>(95)) - c1e0fc5a-7ae4-45d0-a105-709cc60ce072: new RaftServerImpl for group-A58B6DB2432C:[f3cc68b9-8250-46bd-9f8b-0b9d65688440:192.168.36.84:35502, c1e0fc5a-7ae4-45d0-a105-709cc60ce072:192.168.36.84:33769, 66ab88db-d69f-4f96-9860-b898e5399db4:192.168.36.84:42907] with ContainerStateMachine:uninitialized
2019-09-24 21:19:49,296 [pool-57-thread-1] INFO  server.RaftServerConfigKeys (ConfUtils.java:logGet(43)) - raft.server.rpc.timeout.min = 5s (custom)
2019-09-24 21:19:49,296 [pool-57-thread-1] INFO  server.RaftServerConfigKeys (ConfUtils.java:logGet(43)) - raft.server.rpc.timeout.max = 5200ms (custom)
2019-09-24 21:19:49,297 [pool-57-thread-1] INFO  server.RaftServerConfigKeys (ConfUtils.java:logGet(43)) - raft.server.rpcslowness.timeout = 120s (custom)
2019-09-24 21:19:49,297 [pool-57-thread-1] INFO  server.RaftServerConfigKeys (ConfUtils.java:logGet(43)) - raft.server.sleep.deviation.threshold = 300 (default)
2019-09-24 21:19:49,297 [pool-57-thread-1] INFO  server.RaftServerConfigKeys (ConfUtils.java:logGet(43)) - raft.server.log.appender.install.snapshot.enabled = false (custom)
2019-09-24 21:19:49,297 [pool-57-thread-1] INFO  impl.RaftServerImpl (ServerState.java:<init>(103)) - c1e0fc5a-7ae4-45d0-a105-709cc60ce072@group-A58B6DB2432C: ConfigurationManager, init=-1: [f3cc68b9-8250-46bd-9f8b-0b9d65688440:192.168.36.84:35502, c1e0fc5a-7ae4-45d0-a105-709cc60ce072:192.168.36.84:33769, 66ab88db-d69f-4f96-9860-b898e5399db4:192.168.36.84:42907], old=null, confs=<EMPTY_MAP>
2019-09-24 21:19:49,297 [pool-57-thread-1] INFO  server.RaftServerConfigKeys (ConfUtils.java:logGet(43)) - raft.server.storage.dir = [/workdir/hadoop-ozone/ozonefs/target/test-dir/MiniOzoneClusterImpl-35f2434d-e88f-4dc0-aaff-2450d0368017/datanode-3/data/ratis] (custom)
2019-09-24 21:19:49,298 [pool-57-thread-1] INFO  storage.RaftStorageDirectory (RaftStorageDirectory.java:analyzeStorage(246)) - The storage directory /workdir/hadoop-ozone/ozonefs/target/test-dir/MiniOzoneClusterImpl-35f2434d-e88f-4dc0-aaff-2450d0368017/datanode-3/data/ratis/69e7b679-2caf-4461-aac4-a58b6db2432c does not exist. Creating ...
2019-09-24 21:19:49,298 [pool-47-thread-1] INFO  impl.RaftServerImpl (RaftServerImpl.java:<init>(95)) - 66ab88db-d69f-4f96-9860-b898e5399db4: new RaftServerImpl for group-A58B6DB2432C:[f3cc68b9-8250-46bd-9f8b-0b9d65688440:192.168.36.84:35502, c1e0fc5a-7ae4-45d0-a105-709cc60ce072:192.168.36.84:33769, 66ab88db-d69f-4f96-9860-b898e5399db4:192.168.36.84:42907] with ContainerStateMachine:uninitialized
2019-09-24 21:19:49,298 [pool-47-thread-1] INFO  server.RaftServerConfigKeys (ConfUtils.java:logGet(43)) - raft.server.rpc.timeout.min = 5s (custom)
2019-09-24 21:19:49,299 [pool-47-thread-1] INFO  server.RaftServerConfigKeys (ConfUtils.java:logGet(43)) - raft.server.rpc.timeout.max = 5200ms (custom)
2019-09-24 21:19:49,299 [pool-47-thread-1] INFO  server.RaftServerConfigKeys (ConfUtils.java:logGet(43)) - raft.server.rpcslowness.timeout = 120s (custom)
2019-09-24 21:19:49,299 [pool-47-thread-1] INFO  server.RaftServerConfigKeys (ConfUtils.java:logGet(43)) - raft.server.sleep.deviation.threshold = 300 (default)
2019-09-24 21:19:49,299 [pool-47-thread-1] INFO  server.RaftServerConfigKeys (ConfUtils.java:logGet(43)) - raft.server.log.appender.install.snapshot.enabled = false (custom)
2019-09-24 21:19:49,300 [pool-47-thread-1] INFO  impl.RaftServerImpl (ServerState.java:<init>(103)) - 66ab88db-d69f-4f96-9860-b898e5399db4@group-A58B6DB2432C: ConfigurationManager, init=-1: [f3cc68b9-8250-46bd-9f8b-0b9d65688440:192.168.36.84:35502, c1e0fc5a-7ae4-45d0-a105-709cc60ce072:192.168.36.84:33769, 66ab88db-d69f-4f96-9860-b898e5399db4:192.168.36.84:42907], old=null, confs=<EMPTY_MAP>
2019-09-24 21:19:49,300 [pool-47-thread-1] INFO  server.RaftServerConfigKeys (ConfUtils.java:logGet(43)) - raft.server.storage.dir = [/workdir/hadoop-ozone/ozonefs/target/test-dir/MiniOzoneClusterImpl-35f2434d-e88f-4dc0-aaff-2450d0368017/datanode-2/data/ratis] (custom)
2019-09-24 21:19:49,300 [pool-47-thread-1] INFO  storage.RaftStorageDirectory (RaftStorageDirectory.java:analyzeStorage(246)) - The storage directory /workdir/hadoop-ozone/ozonefs/target/test-dir/MiniOzoneClusterImpl-35f2434d-e88f-4dc0-aaff-2450d0368017/datanode-2/data/ratis/69e7b679-2caf-4461-aac4-a58b6db2432c does not exist. Creating ...
2019-09-24 21:19:49,789 [pool-47-thread-1] INFO  storage.RaftStorageDirectory (RaftStorageDirectory.java:tryLock(328)) - Lock on /workdir/hadoop-ozone/ozonefs/target/test-dir/MiniOzoneClusterImpl-35f2434d-e88f-4dc0-aaff-2450d0368017/datanode-2/data/ratis/69e7b679-2caf-4461-aac4-a58b6db2432c/in_use.lock acquired by nodename 2502@pr-hdds-2171-6l6hb-1841322612
2019-09-24 21:19:49,789 [pool-37-thread-1] INFO  storage.RaftStorage (RaftStorage.java:format(72)) - Storage directory /workdir/hadoop-ozone/ozonefs/target/test-dir/MiniOzoneClusterImpl-35f2434d-e88f-4dc0-aaff-2450d0368017/datanode-1/data/ratis/cbf78e3b-8dee-455c-829b-a26ff7157983 has been successfully formatted.
2019-09-24 21:19:49,789 [pool-57-thread-1] INFO  storage.RaftStorageDirectory (RaftStorageDirectory.java:tryLock(328)) - Lock on /workdir/hadoop-ozone/ozonefs/target/test-dir/MiniOzoneClusterImpl-35f2434d-e88f-4dc0-aaff-2450d0368017/datanode-3/data/ratis/69e7b679-2caf-4461-aac4-a58b6db2432c/in_use.lock acquired by nodename 2502@pr-hdds-2171-6l6hb-1841322612
2019-09-24 21:19:49,790 [pool-37-thread-1] INFO  ratis.ContainerStateMachine (ContainerStateMachine.java:loadSnapshot(230)) - group-A26FF7157983: The snapshot info is null. Setting the last applied indexto:(t:0, i:~)
2019-09-24 21:19:49,790 [pool-37-thread-1] INFO  server.RaftServerConfigKeys (ConfUtils.java:logGet(43)) - raft.server.notification.no-leader.timeout = 120s (custom)
2019-09-24 21:19:49,798 [pool-37-thread-1] INFO  server.RaftServerConfigKeys (ConfUtils.java:logGet(43)) - raft.server.log.use.memory = false (default)
2019-09-24 21:19:49,798 [pool-37-thread-1] INFO  server.RaftServerConfigKeys (ConfUtils.java:logGet(43)) - raft.server.log.purge.gap = 1000000 (custom)
2019-09-24 21:19:49,799 [pool-37-thread-1] INFO  server.RaftServerConfigKeys (ConfUtils.java:logGet(43)) - raft.server.log.appender.buffer.byte-limit = 33554432 (custom)
2019-09-24 21:19:49,799 [pool-37-thread-1] INFO  server.RaftServerConfigKeys (ConfUtils.java:logGet(43)) - raft.server.log.segment.size.max = 1048576 (custom)
2019-09-24 21:19:49,799 [pool-37-thread-1] INFO  server.RaftServerConfigKeys (ConfUtils.java:logGet(43)) - raft.server.log.segment.cache.num.max = 2 (custom)
2019-09-24 21:19:49,799 [pool-37-thread-1] INFO  segmented.SegmentedRaftLogWorker (SegmentedRaftLogWorker.java:<init>(172)) - new f3cc68b9-8250-46bd-9f8b-0b9d65688440@group-A26FF7157983-SegmentedRaftLogWorker for RaftStorage:Storage Directory /workdir/hadoop-ozone/ozonefs/target/test-dir/MiniOzoneClusterImpl-35f2434d-e88f-4dc0-aaff-2450d0368017/datanode-1/data/ratis/cbf78e3b-8dee-455c-829b-a26ff7157983
2019-09-24 21:19:49,800 [pool-37-thread-1] INFO  server.RaftServerConfigKeys (ConfUtils.java:logGet(43)) - raft.server.log.queue.byte-limit = 2147483647 (custom)
2019-09-24 21:19:49,800 [pool-37-thread-1] INFO  server.RaftServerConfigKeys (ConfUtils.java:logGet(43)) - raft.server.log.queue.element-limit = 1024 (custom)
2019-09-24 21:19:49,800 [pool-37-thread-1] INFO  server.RaftServerConfigKeys (ConfUtils.java:logGet(43)) - raft.server.log.segment.size.max = 1048576 (custom)
2019-09-24 21:19:49,800 [pool-37-thread-1] INFO  server.RaftServerConfigKeys (ConfUtils.java:logGet(43)) - raft.server.log.preallocated.size = 16384 (custom)
2019-09-24 21:19:49,800 [pool-37-thread-1] INFO  server.RaftServerConfigKeys (ConfUtils.java:logGet(43)) - raft.server.log.write.buffer.size = 33554432 (custom)
2019-09-24 21:19:49,800 [pool-37-thread-1] INFO  server.RaftServerConfigKeys (ConfUtils.java:logGet(43)) - raft.server.log.force.sync.num = 128 (default)
2019-09-24 21:19:49,801 [pool-37-thread-1] INFO  server.RaftServerConfigKeys (ConfUtils.java:logGet(43)) - raft.server.log.statemachine.data.sync = true (default)
2019-09-24 21:19:49,801 [pool-37-thread-1] INFO  server.RaftServerConfigKeys (ConfUtils.java:logGet(43)) - raft.server.log.statemachine.data.sync.timeout = 10s (default)
2019-09-24 21:19:49,801 [pool-37-thread-1] INFO  server.RaftServerConfigKeys (ConfUtils.java:logGet(43)) - raft.server.log.statemachine.data.sync.timeout.retry = -1 (default)
2019-09-24 21:19:49,801 [pool-37-thread-1] INFO  server.RaftServerConfigKeys (ConfUtils.java:logGet(43)) - raft.server.log.statemachine.data.caching.enabled = true (custom)
2019-09-24 21:19:49,802 [pool-37-thread-1] INFO  segmented.SegmentedRaftLogWorker (SegmentedRaftLogWorker.java:lambda$new$0(132)) - f3cc68b9-8250-46bd-9f8b-0b9d65688440@group-A26FF7157983-SegmentedRaftLogWorker: flushIndex: setUnconditionally 0 -> -1
2019-09-24 21:19:49,802 [pool-37-thread-1] INFO  server.RaftServerConfigKeys (ConfUtils.java:logGet(43)) - raft.server.snapshot.auto.trigger.enabled = true (custom)
2019-09-24 21:19:49,803 [pool-37-thread-1] INFO  server.RaftServerConfigKeys (ConfUtils.java:logGet(43)) - raft.server.snapshot.auto.trigger.threshold = 10000 (custom)
2019-09-24 21:19:49,803 [pool-37-thread-1] INFO  server.RaftServerConfigKeys (ConfUtils.java:logGet(43)) - raft.server.snapshot.retention.num.files = 5 (custom)
2019-09-24 21:19:49,803 [pool-37-thread-1] INFO  server.RaftServerConfigKeys (ConfUtils.java:logGet(43)) - raft.server.retrycache.expirytime = 600000ms (custom)
2019-09-24 21:19:49,810 [pool-37-thread-1] INFO  impl.RaftServerImpl (RaftServerImpl.java:<init>(95)) - f3cc68b9-8250-46bd-9f8b-0b9d65688440: new RaftServerImpl for group-A58B6DB2432C:[f3cc68b9-8250-46bd-9f8b-0b9d65688440:192.168.36.84:35502, c1e0fc5a-7ae4-45d0-a105-709cc60ce072:192.168.36.84:33769, 66ab88db-d69f-4f96-9860-b898e5399db4:192.168.36.84:42907] with ContainerStateMachine:uninitialized
2019-09-24 21:19:49,811 [pool-37-thread-1] INFO  server.RaftServerConfigKeys (ConfUtils.java:logGet(43)) - raft.server.rpc.timeout.min = 5s (custom)
2019-09-24 21:19:49,811 [pool-37-thread-1] INFO  server.RaftServerConfigKeys (ConfUtils.java:logGet(43)) - raft.server.rpc.timeout.max = 5200ms (custom)
2019-09-24 21:19:49,811 [pool-37-thread-1] INFO  server.RaftServerConfigKeys (ConfUtils.java:logGet(43)) - raft.server.rpcslowness.timeout = 120s (custom)
2019-09-24 21:19:49,812 [pool-37-thread-1] INFO  server.RaftServerConfigKeys (ConfUtils.java:logGet(43)) - raft.server.sleep.deviation.threshold = 300 (default)
2019-09-24 21:19:49,812 [pool-37-thread-1] INFO  server.RaftServerConfigKeys (ConfUtils.java:logGet(43)) - raft.server.log.appender.install.snapshot.enabled = false (custom)
2019-09-24 21:19:49,812 [pool-37-thread-1] INFO  impl.RaftServerImpl (ServerState.java:<init>(103)) - f3cc68b9-8250-46bd-9f8b-0b9d65688440@group-A58B6DB2432C: ConfigurationManager, init=-1: [f3cc68b9-8250-46bd-9f8b-0b9d65688440:192.168.36.84:35502, c1e0fc5a-7ae4-45d0-a105-709cc60ce072:192.168.36.84:33769, 66ab88db-d69f-4f96-9860-b898e5399db4:192.168.36.84:42907], old=null, confs=<EMPTY_MAP>
2019-09-24 21:19:49,812 [pool-37-thread-1] INFO  server.RaftServerConfigKeys (ConfUtils.java:logGet(43)) - raft.server.storage.dir = [/workdir/hadoop-ozone/ozonefs/target/test-dir/MiniOzoneClusterImpl-35f2434d-e88f-4dc0-aaff-2450d0368017/datanode-1/data/ratis] (custom)
2019-09-24 21:19:49,813 [pool-37-thread-1] INFO  storage.RaftStorageDirectory (RaftStorageDirectory.java:analyzeStorage(246)) - The storage directory /workdir/hadoop-ozone/ozonefs/target/test-dir/MiniOzoneClusterImpl-35f2434d-e88f-4dc0-aaff-2450d0368017/datanode-1/data/ratis/69e7b679-2caf-4461-aac4-a58b6db2432c does not exist. Creating ...
2019-09-24 21:19:50,164 [pool-37-thread-1] INFO  storage.RaftStorageDirectory (RaftStorageDirectory.java:tryLock(328)) - Lock on /workdir/hadoop-ozone/ozonefs/target/test-dir/MiniOzoneClusterImpl-35f2434d-e88f-4dc0-aaff-2450d0368017/datanode-1/data/ratis/69e7b679-2caf-4461-aac4-a58b6db2432c/in_use.lock acquired by nodename 2502@pr-hdds-2171-6l6hb-1841322612
2019-09-24 21:19:50,164 [pool-47-thread-1] INFO  storage.RaftStorage (RaftStorage.java:format(72)) - Storage directory /workdir/hadoop-ozone/ozonefs/target/test-dir/MiniOzoneClusterImpl-35f2434d-e88f-4dc0-aaff-2450d0368017/datanode-2/data/ratis/69e7b679-2caf-4461-aac4-a58b6db2432c has been successfully formatted.
2019-09-24 21:19:50,164 [pool-57-thread-1] INFO  storage.RaftStorage (RaftStorage.java:format(72)) - Storage directory /workdir/hadoop-ozone/ozonefs/target/test-dir/MiniOzoneClusterImpl-35f2434d-e88f-4dc0-aaff-2450d0368017/datanode-3/data/ratis/69e7b679-2caf-4461-aac4-a58b6db2432c has been successfully formatted.
2019-09-24 21:19:50,165 [pool-47-thread-1] INFO  ratis.ContainerStateMachine (ContainerStateMachine.java:loadSnapshot(230)) - group-A58B6DB2432C: The snapshot info is null. Setting the last applied indexto:(t:0, i:~)
2019-09-24 21:19:50,165 [pool-57-thread-1] INFO  ratis.ContainerStateMachine (ContainerStateMachine.java:loadSnapshot(230)) - group-A58B6DB2432C: The snapshot info is null. Setting the last applied indexto:(t:0, i:~)
2019-09-24 21:19:50,165 [pool-47-thread-1] INFO  server.RaftServerConfigKeys (ConfUtils.java:logGet(43)) - raft.server.notification.no-leader.timeout = 120s (custom)
2019-09-24 21:19:50,166 [pool-57-thread-1] INFO  server.RaftServerConfigKeys (ConfUtils.java:logGet(43)) - raft.server.notification.no-leader.timeout = 120s (custom)
2019-09-24 21:19:50,169 [pool-47-thread-1] INFO  server.RaftServerConfigKeys (ConfUtils.java:logGet(43)) - raft.server.log.use.memory = false (default)
2019-09-24 21:19:50,169 [pool-57-thread-1] INFO  server.RaftServerConfigKeys (ConfUtils.java:logGet(43)) - raft.server.log.use.memory = false (default)
2019-09-24 21:19:50,170 [pool-47-thread-1] INFO  server.RaftServerConfigKeys (ConfUtils.java:logGet(43)) - raft.server.log.purge.gap = 1000000 (custom)
2019-09-24 21:19:50,170 [pool-57-thread-1] INFO  server.RaftServerConfigKeys (ConfUtils.java:logGet(43)) - raft.server.log.purge.gap = 1000000 (custom)
2019-09-24 21:19:50,170 [pool-47-thread-1] INFO  server.RaftServerConfigKeys (ConfUtils.java:logGet(43)) - raft.server.log.appender.buffer.byte-limit = 33554432 (custom)
2019-09-24 21:19:50,170 [pool-57-thread-1] INFO  server.RaftServerConfigKeys (ConfUtils.java:logGet(43)) - raft.server.log.appender.buffer.byte-limit = 33554432 (custom)
2019-09-24 21:19:50,170 [pool-47-thread-1] INFO  server.RaftServerConfigKeys (ConfUtils.java:logGet(43)) - raft.server.log.segment.size.max = 1048576 (custom)
2019-09-24 21:19:50,171 [pool-57-thread-1] INFO  server.RaftServerConfigKeys (ConfUtils.java:logGet(43)) - raft.server.log.segment.size.max = 1048576 (custom)
2019-09-24 21:19:50,171 [pool-47-thread-1] INFO  server.RaftServerConfigKeys (ConfUtils.java:logGet(43)) - raft.server.log.segment.cache.num.max = 2 (custom)
2019-09-24 21:19:50,171 [pool-57-thread-1] INFO  server.RaftServerConfigKeys (ConfUtils.java:logGet(43)) - raft.server.log.segment.cache.num.max = 2 (custom)
2019-09-24 21:19:50,171 [pool-47-thread-1] INFO  segmented.SegmentedRaftLogWorker (SegmentedRaftLogWorker.java:<init>(172)) - new 66ab88db-d69f-4f96-9860-b898e5399db4@group-A58B6DB2432C-SegmentedRaftLogWorker for RaftStorage:Storage Directory /workdir/hadoop-ozone/ozonefs/target/test-dir/MiniOzoneClusterImpl-35f2434d-e88f-4dc0-aaff-2450d0368017/datanode-2/data/ratis/69e7b679-2caf-4461-aac4-a58b6db2432c
2019-09-24 21:19:50,171 [pool-57-thread-1] INFO  segmented.SegmentedRaftLogWorker (SegmentedRaftLogWorker.java:<init>(172)) - new c1e0fc5a-7ae4-45d0-a105-709cc60ce072@group-A58B6DB2432C-SegmentedRaftLogWorker for RaftStorage:Storage Directory /workdir/hadoop-ozone/ozonefs/target/test-dir/MiniOzoneClusterImpl-35f2434d-e88f-4dc0-aaff-2450d0368017/datanode-3/data/ratis/69e7b679-2caf-4461-aac4-a58b6db2432c
2019-09-24 21:19:50,172 [pool-47-thread-1] INFO  server.RaftServerConfigKeys (ConfUtils.java:logGet(43)) - raft.server.log.queue.byte-limit = 2147483647 (custom)
2019-09-24 21:19:50,172 [pool-57-thread-1] INFO  server.RaftServerConfigKeys (ConfUtils.java:logGet(43)) - raft.server.log.queue.byte-limit = 2147483647 (custom)
2019-09-24 21:19:50,172 [pool-47-thread-1] INFO  server.RaftServerConfigKeys (ConfUtils.java:logGet(43)) - raft.server.log.queue.element-limit = 1024 (custom)
2019-09-24 21:19:50,172 [pool-57-thread-1] INFO  server.RaftServerConfigKeys (ConfUtils.java:logGet(43)) - raft.server.log.queue.element-limit = 1024 (custom)
2019-09-24 21:19:50,172 [pool-47-thread-1] INFO  server.RaftServerConfigKeys (ConfUtils.java:logGet(43)) - raft.server.log.segment.size.max = 1048576 (custom)
2019-09-24 21:19:50,173 [pool-57-thread-1] INFO  server.RaftServerConfigKeys (ConfUtils.java:logGet(43)) - raft.server.log.segment.size.max = 1048576 (custom)
2019-09-24 21:19:50,173 [pool-47-thread-1] INFO  server.RaftServerConfigKeys (ConfUtils.java:logGet(43)) - raft.server.log.preallocated.size = 16384 (custom)
2019-09-24 21:19:50,173 [pool-57-thread-1] INFO  server.RaftServerConfigKeys (ConfUtils.java:logGet(43)) - raft.server.log.preallocated.size = 16384 (custom)
2019-09-24 21:19:50,173 [pool-47-thread-1] INFO  server.RaftServerConfigKeys (ConfUtils.java:logGet(43)) - raft.server.log.write.buffer.size = 33554432 (custom)
2019-09-24 21:19:50,173 [pool-57-thread-1] INFO  server.RaftServerConfigKeys (ConfUtils.java:logGet(43)) - raft.server.log.write.buffer.size = 33554432 (custom)
2019-09-24 21:19:50,173 [pool-47-thread-1] INFO  server.RaftServerConfigKeys (ConfUtils.java:logGet(43)) - raft.server.log.force.sync.num = 128 (default)
2019-09-24 21:19:50,174 [pool-57-thread-1] INFO  server.RaftServerConfigKeys (ConfUtils.java:logGet(43)) - raft.server.log.force.sync.num = 128 (default)
2019-09-24 21:19:50,174 [pool-47-thread-1] INFO  server.RaftServerConfigKeys (ConfUtils.java:logGet(43)) - raft.server.log.statemachine.data.sync = true (default)
2019-09-24 21:19:50,174 [pool-57-thread-1] INFO  server.RaftServerConfigKeys (ConfUtils.java:logGet(43)) - raft.server.log.statemachine.data.sync = true (default)
2019-09-24 21:19:50,174 [pool-47-thread-1] INFO  server.RaftServerConfigKeys (ConfUtils.java:logGet(43)) - raft.server.log.statemachine.data.sync.timeout = 10s (default)
2019-09-24 21:19:50,174 [pool-57-thread-1] INFO  server.RaftServerConfigKeys (ConfUtils.java:logGet(43)) - raft.server.log.statemachine.data.sync.timeout = 10s (default)
2019-09-24 21:19:50,174 [pool-47-thread-1] INFO  server.RaftServerConfigKeys (ConfUtils.java:logGet(43)) - raft.server.log.statemachine.data.sync.timeout.retry = -1 (default)
2019-09-24 21:19:50,175 [pool-57-thread-1] INFO  server.RaftServerConfigKeys (ConfUtils.java:logGet(43)) - raft.server.log.statemachine.data.sync.timeout.retry = -1 (default)
2019-09-24 21:19:50,175 [pool-47-thread-1] INFO  server.RaftServerConfigKeys (ConfUtils.java:logGet(43)) - raft.server.log.statemachine.data.caching.enabled = true (custom)
2019-09-24 21:19:50,175 [pool-57-thread-1] INFO  server.RaftServerConfigKeys (ConfUtils.java:logGet(43)) - raft.server.log.statemachine.data.caching.enabled = true (custom)
2019-09-24 21:19:50,176 [pool-47-thread-1] INFO  segmented.SegmentedRaftLogWorker (SegmentedRaftLogWorker.java:lambda$new$0(132)) - 66ab88db-d69f-4f96-9860-b898e5399db4@group-A58B6DB2432C-SegmentedRaftLogWorker: flushIndex: setUnconditionally 0 -> -1
2019-09-24 21:19:50,176 [pool-57-thread-1] INFO  segmented.SegmentedRaftLogWorker (SegmentedRaftLogWorker.java:lambda$new$0(132)) - c1e0fc5a-7ae4-45d0-a105-709cc60ce072@group-A58B6DB2432C-SegmentedRaftLogWorker: flushIndex: setUnconditionally 0 -> -1
2019-09-24 21:19:50,176 [pool-47-thread-1] INFO  server.RaftServerConfigKeys (ConfUtils.java:logGet(43)) - raft.server.snapshot.auto.trigger.enabled = true (custom)
2019-09-24 21:19:50,176 [pool-47-thread-1] INFO  server.RaftServerConfigKeys (ConfUtils.java:logGet(43)) - raft.server.snapshot.auto.trigger.threshold = 10000 (custom)
2019-09-24 21:19:50,176 [pool-57-thread-1] INFO  server.RaftServerConfigKeys (ConfUtils.java:logGet(43)) - raft.server.snapshot.auto.trigger.enabled = true (custom)
2019-09-24 21:19:50,176 [pool-47-thread-1] INFO  server.RaftServerConfigKeys (ConfUtils.java:logGet(43)) - raft.server.snapshot.retention.num.files = 5 (custom)
2019-09-24 21:19:50,177 [pool-57-thread-1] INFO  server.RaftServerConfigKeys (ConfUtils.java:logGet(43)) - raft.server.snapshot.auto.trigger.threshold = 10000 (custom)
2019-09-24 21:19:50,177 [pool-47-thread-1] INFO  server.RaftServerConfigKeys (ConfUtils.java:logGet(43)) - raft.server.retrycache.expirytime = 600000ms (custom)
2019-09-24 21:19:50,177 [pool-57-thread-1] INFO  server.RaftServerConfigKeys (ConfUtils.java:logGet(43)) - raft.server.snapshot.retention.num.files = 5 (custom)
2019-09-24 21:19:50,177 [pool-57-thread-1] INFO  server.RaftServerConfigKeys (ConfUtils.java:logGet(43)) - raft.server.retrycache.expirytime = 600000ms (custom)
2019-09-24 21:19:50,181 [pool-47-thread-1] INFO  impl.RaftServerImpl (RaftServerImpl.java:start(185)) - 66ab88db-d69f-4f96-9860-b898e5399db4@group-307796CD6AEA: start as a follower, conf=-1: [f3cc68b9-8250-46bd-9f8b-0b9d65688440:192.168.36.84:35502, c1e0fc5a-7ae4-45d0-a105-709cc60ce072:192.168.36.84:33769, 66ab88db-d69f-4f96-9860-b898e5399db4:192.168.36.84:42907], old=null
2019-09-24 21:19:50,181 [pool-47-thread-1] INFO  impl.RaftServerImpl (RaftServerImpl.java:setRole(174)) - 66ab88db-d69f-4f96-9860-b898e5399db4@group-307796CD6AEA: changes role from      null to FOLLOWER at term 0 for startAsFollower
2019-09-24 21:19:50,182 [pool-47-thread-1] INFO  impl.RoleInfo (RoleInfo.java:updateAndGet(143)) - 66ab88db-d69f-4f96-9860-b898e5399db4: start FollowerState
2019-09-24 21:19:50,182 [pool-57-thread-1] INFO  impl.RaftServerImpl (RaftServerImpl.java:start(185)) - c1e0fc5a-7ae4-45d0-a105-709cc60ce072@group-307796CD6AEA: start as a follower, conf=-1: [f3cc68b9-8250-46bd-9f8b-0b9d65688440:192.168.36.84:35502, c1e0fc5a-7ae4-45d0-a105-709cc60ce072:192.168.36.84:33769, 66ab88db-d69f-4f96-9860-b898e5399db4:192.168.36.84:42907], old=null
2019-09-24 21:19:50,182 [pool-47-thread-1] INFO  util.JmxRegister (JmxRegister.java:tryRegister(44)) - Successfully registered JMX Bean with object name Ratis:service=RaftServer,group=group-307796CD6AEA,id=66ab88db-d69f-4f96-9860-b898e5399db4
2019-09-24 21:19:50,182 [pool-57-thread-1] INFO  impl.RaftServerImpl (RaftServerImpl.java:setRole(174)) - c1e0fc5a-7ae4-45d0-a105-709cc60ce072@group-307796CD6AEA: changes role from      null to FOLLOWER at term 0 for startAsFollower
2019-09-24 21:19:50,183 [pool-57-thread-1] INFO  impl.RoleInfo (RoleInfo.java:updateAndGet(143)) - c1e0fc5a-7ae4-45d0-a105-709cc60ce072: start FollowerState
2019-09-24 21:19:50,183 [pool-47-thread-1] INFO  impl.RaftServerImpl (RaftServerImpl.java:start(185)) - 66ab88db-d69f-4f96-9860-b898e5399db4@group-A918B51F1DFD: start as a follower, conf=-1: [f3cc68b9-8250-46bd-9f8b-0b9d65688440:192.168.36.84:35502, c1e0fc5a-7ae4-45d0-a105-709cc60ce072:192.168.36.84:33769, 66ab88db-d69f-4f96-9860-b898e5399db4:192.168.36.84:42907], old=null
2019-09-24 21:19:50,183 [pool-47-thread-1] INFO  impl.RaftServerImpl (RaftServerImpl.java:setRole(174)) - 66ab88db-d69f-4f96-9860-b898e5399db4@group-A918B51F1DFD: changes role from      null to FOLLOWER at term 0 for startAsFollower
2019-09-24 21:19:50,183 [pool-57-thread-1] INFO  util.JmxRegister (JmxRegister.java:tryRegister(44)) - Successfully registered JMX Bean with object name Ratis:service=RaftServer,group=group-307796CD6AEA,id=c1e0fc5a-7ae4-45d0-a105-709cc60ce072
2019-09-24 21:19:50,183 [pool-47-thread-1] INFO  impl.RoleInfo (RoleInfo.java:updateAndGet(143)) - 66ab88db-d69f-4f96-9860-b898e5399db4: start FollowerState
2019-09-24 21:19:50,184 [pool-47-thread-1] INFO  util.JmxRegister (JmxRegister.java:tryRegister(44)) - Successfully registered JMX Bean with object name Ratis:service=RaftServer,group=group-A918B51F1DFD,id=66ab88db-d69f-4f96-9860-b898e5399db4
2019-09-24 21:19:50,184 [pool-57-thread-1] INFO  impl.RaftServerImpl (RaftServerImpl.java:start(185)) - c1e0fc5a-7ae4-45d0-a105-709cc60ce072@group-A918B51F1DFD: start as a follower, conf=-1: [f3cc68b9-8250-46bd-9f8b-0b9d65688440:192.168.36.84:35502, c1e0fc5a-7ae4-45d0-a105-709cc60ce072:192.168.36.84:33769, 66ab88db-d69f-4f96-9860-b898e5399db4:192.168.36.84:42907], old=null
2019-09-24 21:19:50,184 [pool-57-thread-1] INFO  impl.RaftServerImpl (RaftServerImpl.java:setRole(174)) - c1e0fc5a-7ae4-45d0-a105-709cc60ce072@group-A918B51F1DFD: changes role from      null to FOLLOWER at term 0 for startAsFollower
2019-09-24 21:19:50,184 [pool-57-thread-1] INFO  impl.RoleInfo (RoleInfo.java:updateAndGet(143)) - c1e0fc5a-7ae4-45d0-a105-709cc60ce072: start FollowerState
2019-09-24 21:19:50,184 [pool-47-thread-1] INFO  impl.RaftServerImpl (RaftServerImpl.java:start(185)) - 66ab88db-d69f-4f96-9860-b898e5399db4@group-A26FF7157983: start as a follower, conf=-1: [f3cc68b9-8250-46bd-9f8b-0b9d65688440:192.168.36.84:35502, c1e0fc5a-7ae4-45d0-a105-709cc60ce072:192.168.36.84:33769, 66ab88db-d69f-4f96-9860-b898e5399db4:192.168.36.84:42907], old=null
2019-09-24 21:19:50,185 [pool-47-thread-1] INFO  impl.RaftServerImpl (RaftServerImpl.java:setRole(174)) - 66ab88db-d69f-4f96-9860-b898e5399db4@group-A26FF7157983: changes role from      null to FOLLOWER at term 0 for startAsFollower
2019-09-24 21:19:50,185 [pool-57-thread-1] INFO  util.JmxRegister (JmxRegister.java:tryRegister(44)) - Successfully registered JMX Bean with object name Ratis:service=RaftServer,group=group-A918B51F1DFD,id=c1e0fc5a-7ae4-45d0-a105-709cc60ce072
2019-09-24 21:19:50,185 [pool-47-thread-1] INFO  impl.RoleInfo (RoleInfo.java:updateAndGet(143)) - 66ab88db-d69f-4f96-9860-b898e5399db4: start FollowerState
2019-09-24 21:19:50,186 [pool-47-thread-1] INFO  util.JmxRegister (JmxRegister.java:tryRegister(44)) - Successfully registered JMX Bean with object name Ratis:service=RaftServer,group=group-A26FF7157983,id=66ab88db-d69f-4f96-9860-b898e5399db4
2019-09-24 21:19:50,186 [pool-57-thread-1] INFO  impl.RaftServerImpl (RaftServerImpl.java:start(185)) - c1e0fc5a-7ae4-45d0-a105-709cc60ce072@group-A26FF7157983: start as a follower, conf=-1: [f3cc68b9-8250-46bd-9f8b-0b9d65688440:192.168.36.84:35502, c1e0fc5a-7ae4-45d0-a105-709cc60ce072:192.168.36.84:33769, 66ab88db-d69f-4f96-9860-b898e5399db4:192.168.36.84:42907], old=null
2019-09-24 21:19:50,186 [pool-57-thread-1] INFO  impl.RaftServerImpl (RaftServerImpl.java:setRole(174)) - c1e0fc5a-7ae4-45d0-a105-709cc60ce072@group-A26FF7157983: changes role from      null to FOLLOWER at term 0 for startAsFollower
2019-09-24 21:19:50,186 [pool-57-thread-1] INFO  impl.RoleInfo (RoleInfo.java:updateAndGet(143)) - c1e0fc5a-7ae4-45d0-a105-709cc60ce072: start FollowerState
2019-09-24 21:19:50,186 [pool-47-thread-1] INFO  impl.RaftServerImpl (RaftServerImpl.java:start(185)) - 66ab88db-d69f-4f96-9860-b898e5399db4@group-A58B6DB2432C: start as a follower, conf=-1: [f3cc68b9-8250-46bd-9f8b-0b9d65688440:192.168.36.84:35502, c1e0fc5a-7ae4-45d0-a105-709cc60ce072:192.168.36.84:33769, 66ab88db-d69f-4f96-9860-b898e5399db4:192.168.36.84:42907], old=null
2019-09-24 21:19:50,186 [pool-47-thread-1] INFO  impl.RaftServerImpl (RaftServerImpl.java:setRole(174)) - 66ab88db-d69f-4f96-9860-b898e5399db4@group-A58B6DB2432C: changes role from      null to FOLLOWER at term 0 for startAsFollower
2019-09-24 21:19:50,187 [pool-57-thread-1] INFO  util.JmxRegister (JmxRegister.java:tryRegister(44)) - Successfully registered JMX Bean with object name Ratis:service=RaftServer,group=group-A26FF7157983,id=c1e0fc5a-7ae4-45d0-a105-709cc60ce072
2019-09-24 21:19:50,187 [pool-47-thread-1] INFO  impl.RoleInfo (RoleInfo.java:updateAndGet(143)) - 66ab88db-d69f-4f96-9860-b898e5399db4: start FollowerState
2019-09-24 21:19:50,187 [pool-57-thread-1] INFO  impl.RaftServerImpl (RaftServerImpl.java:start(185)) - c1e0fc5a-7ae4-45d0-a105-709cc60ce072@group-A58B6DB2432C: start as a follower, conf=-1: [f3cc68b9-8250-46bd-9f8b-0b9d65688440:192.168.36.84:35502, c1e0fc5a-7ae4-45d0-a105-709cc60ce072:192.168.36.84:33769, 66ab88db-d69f-4f96-9860-b898e5399db4:192.168.36.84:42907], old=null
2019-09-24 21:19:50,187 [pool-47-thread-1] INFO  util.JmxRegister (JmxRegister.java:tryRegister(44)) - Successfully registered JMX Bean with object name Ratis:service=RaftServer,group=group-A58B6DB2432C,id=66ab88db-d69f-4f96-9860-b898e5399db4
2019-09-24 21:19:50,187 [pool-57-thread-1] INFO  impl.RaftServerImpl (RaftServerImpl.java:setRole(174)) - c1e0fc5a-7ae4-45d0-a105-709cc60ce072@group-A58B6DB2432C: changes role from      null to FOLLOWER at term 0 for startAsFollower
2019-09-24 21:19:50,188 [pool-57-thread-1] INFO  impl.RoleInfo (RoleInfo.java:updateAndGet(143)) - c1e0fc5a-7ae4-45d0-a105-709cc60ce072: start FollowerState
2019-09-24 21:19:50,188 [pool-57-thread-1] INFO  util.JmxRegister (JmxRegister.java:tryRegister(44)) - Successfully registered JMX Bean with object name Ratis:service=RaftServer,group=group-A58B6DB2432C,id=c1e0fc5a-7ae4-45d0-a105-709cc60ce072
2019-09-24 21:19:50,448 [pool-37-thread-1] INFO  storage.RaftStorage (RaftStorage.java:format(72)) - Storage directory /workdir/hadoop-ozone/ozonefs/target/test-dir/MiniOzoneClusterImpl-35f2434d-e88f-4dc0-aaff-2450d0368017/datanode-1/data/ratis/69e7b679-2caf-4461-aac4-a58b6db2432c has been successfully formatted.
2019-09-24 21:19:50,449 [pool-37-thread-1] INFO  ratis.ContainerStateMachine (ContainerStateMachine.java:loadSnapshot(230)) - group-A58B6DB2432C: The snapshot info is null. Setting the last applied indexto:(t:0, i:~)
2019-09-24 21:19:50,449 [pool-37-thread-1] INFO  server.RaftServerConfigKeys (ConfUtils.java:logGet(43)) - raft.server.notification.no-leader.timeout = 120s (custom)
2019-09-24 21:19:50,449 [pool-37-thread-1] INFO  server.RaftServerConfigKeys (ConfUtils.java:logGet(43)) - raft.server.log.use.memory = false (default)
2019-09-24 21:19:50,450 [pool-37-thread-1] INFO  server.RaftServerConfigKeys (ConfUtils.java:logGet(43)) - raft.server.log.purge.gap = 1000000 (custom)
2019-09-24 21:19:50,450 [pool-37-thread-1] INFO  server.RaftServerConfigKeys (ConfUtils.java:logGet(43)) - raft.server.log.appender.buffer.byte-limit = 33554432 (custom)
2019-09-24 21:19:50,450 [pool-37-thread-1] INFO  server.RaftServerConfigKeys (ConfUtils.java:logGet(43)) - raft.server.log.segment.size.max = 1048576 (custom)
2019-09-24 21:19:50,450 [pool-37-thread-1] INFO  server.RaftServerConfigKeys (ConfUtils.java:logGet(43)) - raft.server.log.segment.cache.num.max = 2 (custom)
2019-09-24 21:19:50,450 [pool-37-thread-1] INFO  segmented.SegmentedRaftLogWorker (SegmentedRaftLogWorker.java:<init>(172)) - new f3cc68b9-8250-46bd-9f8b-0b9d65688440@group-A58B6DB2432C-SegmentedRaftLogWorker for RaftStorage:Storage Directory /workdir/hadoop-ozone/ozonefs/target/test-dir/MiniOzoneClusterImpl-35f2434d-e88f-4dc0-aaff-2450d0368017/datanode-1/data/ratis/69e7b679-2caf-4461-aac4-a58b6db2432c
2019-09-24 21:19:50,451 [pool-37-thread-1] INFO  server.RaftServerConfigKeys (ConfUtils.java:logGet(43)) - raft.server.log.queue.byte-limit = 2147483647 (custom)
2019-09-24 21:19:50,451 [pool-37-thread-1] INFO  server.RaftServerConfigKeys (ConfUtils.java:logGet(43)) - raft.server.log.queue.element-limit = 1024 (custom)
2019-09-24 21:19:50,451 [pool-37-thread-1] INFO  server.RaftServerConfigKeys (ConfUtils.java:logGet(43)) - raft.server.log.segment.size.max = 1048576 (custom)
2019-09-24 21:19:50,451 [pool-37-thread-1] INFO  server.RaftServerConfigKeys (ConfUtils.java:logGet(43)) - raft.server.log.preallocated.size = 16384 (custom)
2019-09-24 21:19:50,451 [pool-37-thread-1] INFO  server.RaftServerConfigKeys (ConfUtils.java:logGet(43)) - raft.server.log.write.buffer.size = 33554432 (custom)
2019-09-24 21:19:50,452 [pool-37-thread-1] INFO  server.RaftServerConfigKeys (ConfUtils.java:logGet(43)) - raft.server.log.force.sync.num = 128 (default)
2019-09-24 21:19:50,452 [pool-37-thread-1] INFO  server.RaftServerConfigKeys (ConfUtils.java:logGet(43)) - raft.server.log.statemachine.data.sync = true (default)
2019-09-24 21:19:50,452 [pool-37-thread-1] INFO  server.RaftServerConfigKeys (ConfUtils.java:logGet(43)) - raft.server.log.statemachine.data.sync.timeout = 10s (default)
2019-09-24 21:19:50,452 [pool-37-thread-1] INFO  server.RaftServerConfigKeys (ConfUtils.java:logGet(43)) - raft.server.log.statemachine.data.sync.timeout.retry = -1 (default)
2019-09-24 21:19:50,452 [pool-37-thread-1] INFO  server.RaftServerConfigKeys (ConfUtils.java:logGet(43)) - raft.server.log.statemachine.data.caching.enabled = true (custom)
2019-09-24 21:19:50,453 [pool-37-thread-1] INFO  segmented.SegmentedRaftLogWorker (SegmentedRaftLogWorker.java:lambda$new$0(132)) - f3cc68b9-8250-46bd-9f8b-0b9d65688440@group-A58B6DB2432C-SegmentedRaftLogWorker: flushIndex: setUnconditionally 0 -> -1
2019-09-24 21:19:50,453 [pool-37-thread-1] INFO  server.RaftServerConfigKeys (ConfUtils.java:logGet(43)) - raft.server.snapshot.auto.trigger.enabled = true (custom)
2019-09-24 21:19:50,454 [pool-37-thread-1] INFO  server.RaftServerConfigKeys (ConfUtils.java:logGet(43)) - raft.server.snapshot.auto.trigger.threshold = 10000 (custom)
2019-09-24 21:19:50,454 [pool-37-thread-1] INFO  server.RaftServerConfigKeys (ConfUtils.java:logGet(43)) - raft.server.snapshot.retention.num.files = 5 (custom)
2019-09-24 21:19:50,454 [pool-37-thread-1] INFO  server.RaftServerConfigKeys (ConfUtils.java:logGet(43)) - raft.server.retrycache.expirytime = 600000ms (custom)
2019-09-24 21:19:50,458 [pool-37-thread-1] INFO  impl.RaftServerImpl (RaftServerImpl.java:start(185)) - f3cc68b9-8250-46bd-9f8b-0b9d65688440@group-C467C04FCD85: start as a follower, conf=-1: [f3cc68b9-8250-46bd-9f8b-0b9d65688440:192.168.36.84:35502, c1e0fc5a-7ae4-45d0-a105-709cc60ce072:192.168.36.84:33769, 66ab88db-d69f-4f96-9860-b898e5399db4:192.168.36.84:42907], old=null
2019-09-24 21:19:50,458 [pool-37-thread-1] INFO  impl.RaftServerImpl (RaftServerImpl.java:setRole(174)) - f3cc68b9-8250-46bd-9f8b-0b9d65688440@group-C467C04FCD85: changes role from      null to FOLLOWER at term 0 for startAsFollower
2019-09-24 21:19:50,459 [pool-37-thread-1] INFO  impl.RoleInfo (RoleInfo.java:updateAndGet(143)) - f3cc68b9-8250-46bd-9f8b-0b9d65688440: start FollowerState
2019-09-24 21:19:50,459 [pool-37-thread-1] INFO  util.JmxRegister (JmxRegister.java:tryRegister(44)) - Successfully registered JMX Bean with object name Ratis:service=RaftServer,group=group-C467C04FCD85,id=f3cc68b9-8250-46bd-9f8b-0b9d65688440
2019-09-24 21:19:50,460 [pool-37-thread-1] INFO  impl.RaftServerImpl (RaftServerImpl.java:start(185)) - f3cc68b9-8250-46bd-9f8b-0b9d65688440@group-307796CD6AEA: start as a follower, conf=-1: [f3cc68b9-8250-46bd-9f8b-0b9d65688440:192.168.36.84:35502, c1e0fc5a-7ae4-45d0-a105-709cc60ce072:192.168.36.84:33769, 66ab88db-d69f-4f96-9860-b898e5399db4:192.168.36.84:42907], old=null
2019-09-24 21:19:50,460 [pool-37-thread-1] INFO  impl.RaftServerImpl (RaftServerImpl.java:setRole(174)) - f3cc68b9-8250-46bd-9f8b-0b9d65688440@group-307796CD6AEA: changes role from      null to FOLLOWER at term 0 for startAsFollower
2019-09-24 21:19:50,460 [pool-37-thread-1] INFO  impl.RoleInfo (RoleInfo.java:updateAndGet(143)) - f3cc68b9-8250-46bd-9f8b-0b9d65688440: start FollowerState
2019-09-24 21:19:50,461 [pool-37-thread-1] INFO  util.JmxRegister (JmxRegister.java:tryRegister(44)) - Successfully registered JMX Bean with object name Ratis:service=RaftServer,group=group-307796CD6AEA,id=f3cc68b9-8250-46bd-9f8b-0b9d65688440
2019-09-24 21:19:50,461 [pool-37-thread-1] INFO  impl.RaftServerImpl (RaftServerImpl.java:start(185)) - f3cc68b9-8250-46bd-9f8b-0b9d65688440@group-A918B51F1DFD: start as a follower, conf=-1: [f3cc68b9-8250-46bd-9f8b-0b9d65688440:192.168.36.84:35502, c1e0fc5a-7ae4-45d0-a105-709cc60ce072:192.168.36.84:33769, 66ab88db-d69f-4f96-9860-b898e5399db4:192.168.36.84:42907], old=null
2019-09-24 21:19:50,462 [pool-37-thread-1] INFO  impl.RaftServerImpl (RaftServerImpl.java:setRole(174)) - f3cc68b9-8250-46bd-9f8b-0b9d65688440@group-A918B51F1DFD: changes role from      null to FOLLOWER at term 0 for startAsFollower
2019-09-24 21:19:50,462 [pool-37-thread-1] INFO  impl.RoleInfo (RoleInfo.java:updateAndGet(143)) - f3cc68b9-8250-46bd-9f8b-0b9d65688440: start FollowerState
2019-09-24 21:19:50,462 [pool-37-thread-1] INFO  util.JmxRegister (JmxRegister.java:tryRegister(44)) - Successfully registered JMX Bean with object name Ratis:service=RaftServer,group=group-A918B51F1DFD,id=f3cc68b9-8250-46bd-9f8b-0b9d65688440
2019-09-24 21:19:50,463 [pool-37-thread-1] INFO  impl.RaftServerImpl (RaftServerImpl.java:start(185)) - f3cc68b9-8250-46bd-9f8b-0b9d65688440@group-A26FF7157983: start as a follower, conf=-1: [f3cc68b9-8250-46bd-9f8b-0b9d65688440:192.168.36.84:35502, c1e0fc5a-7ae4-45d0-a105-709cc60ce072:192.168.36.84:33769, 66ab88db-d69f-4f96-9860-b898e5399db4:192.168.36.84:42907], old=null
2019-09-24 21:19:50,463 [pool-37-thread-1] INFO  impl.RaftServerImpl (RaftServerImpl.java:setRole(174)) - f3cc68b9-8250-46bd-9f8b-0b9d65688440@group-A26FF7157983: changes role from      null to FOLLOWER at term 0 for startAsFollower
2019-09-24 21:19:50,463 [pool-37-thread-1] INFO  impl.RoleInfo (RoleInfo.java:updateAndGet(143)) - f3cc68b9-8250-46bd-9f8b-0b9d65688440: start FollowerState
2019-09-24 21:19:50,464 [pool-37-thread-1] INFO  util.JmxRegister (JmxRegister.java:tryRegister(44)) - Successfully registered JMX Bean with object name Ratis:service=RaftServer,group=group-A26FF7157983,id=f3cc68b9-8250-46bd-9f8b-0b9d65688440
2019-09-24 21:19:50,464 [pool-37-thread-1] INFO  impl.RaftServerImpl (RaftServerImpl.java:start(185)) - f3cc68b9-8250-46bd-9f8b-0b9d65688440@group-A58B6DB2432C: start as a follower, conf=-1: [f3cc68b9-8250-46bd-9f8b-0b9d65688440:192.168.36.84:35502, c1e0fc5a-7ae4-45d0-a105-709cc60ce072:192.168.36.84:33769, 66ab88db-d69f-4f96-9860-b898e5399db4:192.168.36.84:42907], old=null
2019-09-24 21:19:50,464 [pool-37-thread-1] INFO  impl.RaftServerImpl (RaftServerImpl.java:setRole(174)) - f3cc68b9-8250-46bd-9f8b-0b9d65688440@group-A58B6DB2432C: changes role from      null to FOLLOWER at term 0 for startAsFollower
2019-09-24 21:19:50,465 [pool-37-thread-1] INFO  impl.RoleInfo (RoleInfo.java:updateAndGet(143)) - f3cc68b9-8250-46bd-9f8b-0b9d65688440: start FollowerState
2019-09-24 21:19:50,473 [pool-37-thread-1] INFO  util.JmxRegister (JmxRegister.java:tryRegister(44)) - Successfully registered JMX Bean with object name Ratis:service=RaftServer,group=group-A58B6DB2432C,id=f3cc68b9-8250-46bd-9f8b-0b9d65688440
2019-09-24 21:19:50,482 [RATISCREATEPIPELINE2] ERROR pipeline.RatisPipelineProvider (RatisPipelineProvider.java:lambda$null$5(235)) - Failed invoke Ratis rpc org.apache.hadoop.hdds.scm.pipeline.RatisPipelineProvider$$Lambda$199/270335190@707b799 for f3cc68b9-8250-46bd-9f8b-0b9d65688440
org.apache.ratis.protocol.TimeoutIOException: deadline exceeded after 2998474757ns
	at org.apache.ratis.grpc.GrpcUtil.tryUnwrapException(GrpcUtil.java:82)
	at org.apache.ratis.grpc.GrpcUtil.unwrapException(GrpcUtil.java:75)
	at org.apache.ratis.grpc.client.GrpcClientProtocolClient.blockingCall(GrpcClientProtocolClient.java:178)
	at org.apache.ratis.grpc.client.GrpcClientProtocolClient.groupAdd(GrpcClientProtocolClient.java:147)
	at org.apache.ratis.grpc.client.GrpcClientRpc.sendRequest(GrpcClientRpc.java:94)
	at org.apache.ratis.client.impl.RaftClientImpl.sendRequest(RaftClientImpl.java:278)
	at org.apache.ratis.client.impl.RaftClientImpl.groupAdd(RaftClientImpl.java:205)
	at org.apache.hadoop.hdds.scm.pipeline.RatisPipelineProvider.lambda$initializePipeline$4(RatisPipelineProvider.java:196)
	at org.apache.hadoop.hdds.scm.pipeline.RatisPipelineProvider.lambda$null$5(RatisPipelineProvider.java:231)
	at java.util.stream.ForEachOps$ForEachOp$OfRef.accept(ForEachOps.java:184)
	at java.util.ArrayList$ArrayListSpliterator.forEachRemaining(ArrayList.java:1382)
	at java.util.stream.AbstractPipeline.copyInto(AbstractPipeline.java:482)
	at java.util.stream.ForEachOps$ForEachTask.compute(ForEachOps.java:291)
	at java.util.concurrent.CountedCompleter.exec(CountedCompleter.java:731)
	at java.util.concurrent.ForkJoinTask.doExec(ForkJoinTask.java:289)
	at java.util.concurrent.ForkJoinPool$WorkQueue.runTask(ForkJoinPool.java:1056)
	at java.util.concurrent.ForkJoinPool.runWorker(ForkJoinPool.java:1692)
	at java.util.concurrent.ForkJoinWorkerThread.run(ForkJoinWorkerThread.java:157)
Caused by: org.apache.ratis.thirdparty.io.grpc.StatusRuntimeException: DEADLINE_EXCEEDED: deadline exceeded after 2998474757ns
	at org.apache.ratis.thirdparty.io.grpc.stub.ClientCalls.toStatusRuntimeException(ClientCalls.java:233)
	at org.apache.ratis.thirdparty.io.grpc.stub.ClientCalls.getUnchecked(ClientCalls.java:214)
	at org.apache.ratis.thirdparty.io.grpc.stub.ClientCalls.blockingUnaryCall(ClientCalls.java:139)
	at org.apache.ratis.proto.grpc.AdminProtocolServiceGrpc$AdminProtocolServiceBlockingStub.groupManagement(AdminProtocolServiceGrpc.java:274)
	at org.apache.ratis.grpc.client.GrpcClientProtocolClient.lambda$groupAdd$3(GrpcClientProtocolClient.java:149)
	at org.apache.ratis.grpc.client.GrpcClientProtocolClient.blockingCall(GrpcClientProtocolClient.java:176)
	... 15 more
2019-09-24 21:19:50,486 [IPC Server handler 0 on 38451] WARN  block.BlockManagerImpl (BlockManagerImpl.java:allocateBlock(192)) - Pipeline creation failed for type:RATIS factor:THREE. Retrying get pipelines call once.
java.io.IOException: Failed invoke Ratis rpc org.apache.hadoop.hdds.scm.pipeline.RatisPipelineProvider$$Lambda$199/270335190@707b799 for f3cc68b9-8250-46bd-9f8b-0b9d65688440
	at org.apache.hadoop.hdds.scm.pipeline.RatisPipelineProvider.lambda$null$5(RatisPipelineProvider.java:236)
	at java.util.stream.ForEachOps$ForEachOp$OfRef.accept(ForEachOps.java:184)
	at java.util.ArrayList$ArrayListSpliterator.forEachRemaining(ArrayList.java:1382)
	at java.util.stream.AbstractPipeline.copyInto(AbstractPipeline.java:482)
	at java.util.stream.ForEachOps$ForEachTask.compute(ForEachOps.java:291)
	at java.util.concurrent.CountedCompleter.exec(CountedCompleter.java:731)
	at java.util.concurrent.ForkJoinTask.doExec(ForkJoinTask.java:289)
	at java.util.concurrent.ForkJoinPool$WorkQueue.runTask(ForkJoinPool.java:1056)
	at java.util.concurrent.ForkJoinPool.runWorker(ForkJoinPool.java:1692)
	at java.util.concurrent.ForkJoinWorkerThread.run(ForkJoinWorkerThread.java:157)
Caused by: org.apache.ratis.protocol.TimeoutIOException: deadline exceeded after 2998474757ns
	at org.apache.ratis.grpc.GrpcUtil.tryUnwrapException(GrpcUtil.java:82)
	at org.apache.ratis.grpc.GrpcUtil.unwrapException(GrpcUtil.java:75)
	at org.apache.ratis.grpc.client.GrpcClientProtocolClient.blockingCall(GrpcClientProtocolClient.java:178)
	at org.apache.ratis.grpc.client.GrpcClientProtocolClient.groupAdd(GrpcClientProtocolClient.java:147)
	at org.apache.ratis.grpc.client.GrpcClientRpc.sendRequest(GrpcClientRpc.java:94)
	at org.apache.ratis.client.impl.RaftClientImpl.sendRequest(RaftClientImpl.java:278)
	at org.apache.ratis.client.impl.RaftClientImpl.groupAdd(RaftClientImpl.java:205)
	at org.apache.hadoop.hdds.scm.pipeline.RatisPipelineProvider.lambda$initializePipeline$4(RatisPipelineProvider.java:196)
	at org.apache.hadoop.hdds.scm.pipeline.RatisPipelineProvider.lambda$null$5(RatisPipelineProvider.java:231)
	... 9 more
Caused by: org.apache.ratis.thirdparty.io.grpc.StatusRuntimeException: DEADLINE_EXCEEDED: deadline exceeded after 2998474757ns
	at org.apache.ratis.thirdparty.io.grpc.stub.ClientCalls.toStatusRuntimeException(ClientCalls.java:233)
	at org.apache.ratis.thirdparty.io.grpc.stub.ClientCalls.getUnchecked(ClientCalls.java:214)
	at org.apache.ratis.thirdparty.io.grpc.stub.ClientCalls.blockingUnaryCall(ClientCalls.java:139)
	at org.apache.ratis.proto.grpc.AdminProtocolServiceGrpc$AdminProtocolServiceBlockingStub.groupManagement(AdminProtocolServiceGrpc.java:274)
	at org.apache.ratis.grpc.client.GrpcClientProtocolClient.lambda$groupAdd$3(GrpcClientProtocolClient.java:149)
	at org.apache.ratis.grpc.client.GrpcClientProtocolClient.blockingCall(GrpcClientProtocolClient.java:176)
	... 15 more
2019-09-24 21:19:50,488 [IPC Server handler 0 on 38451] INFO  block.BlockManagerImpl (BlockManagerImpl.java:allocateBlock(198)) - Could not find available pipeline of type:RATIS and factor:THREE even after retrying
2019-09-24 21:19:50,489 [IPC Server handler 0 on 38451] ERROR block.BlockManagerImpl (BlockManagerImpl.java:allocateBlock(222)) - Unable to allocate a block for the size: 4194304, type: RATIS, factor: THREE
]]></system-out>
  </testcase>
  <testcase name="testCreatedFileIsVisibleOnFlush" classname="org.apache.hadoop.fs.ozone.contract.ITestOzoneContractCreate" time="0">
    <skipped message="For object store or some file systems, newly created files are not immediately visible"/>
    <system-out><![CDATA[2019-09-24 21:19:50,532 [Thread-312] INFO  rpc.RpcClient (RpcClient.java:createVolume(276)) - Creating Volume: volume49630, with user15622 as owner.
2019-09-24 21:19:50,535 [IPC Server handler 2 on 42447] INFO  volume.OMVolumeCreateRequest (OMVolumeCreateRequest.java:validateAndUpdateCache(189)) - created volume:volume49630 for user:user15622
2019-09-24 21:19:50,537 [Thread-312] INFO  rpc.RpcClient (RpcClient.java:createBucket(415)) - Creating Bucket: volume49630/bucket00418, with Versioning false and Storage Type set to DISK and Encryption set to false 
2019-09-24 21:19:50,596 [Thread-312] INFO  contract.AbstractFSContractTestBase (AbstractFSContractTestBase.java:setup(184)) - Test filesystem = o3fs://bucket00418.volume49630 implemented by OzoneFileSystem{URI=o3fs://bucket00418.volume49630, workingDir=o3fs://bucket00418.volume49630/user/jenkins1000, userName=jenkins1000, statistics=0 bytes read, 0 bytes written, 13 read ops, 0 large read ops, 8 write ops}
2019-09-24 21:19:50,599 [Thread-312] INFO  contract.AbstractFSContractTestBase (AbstractFSContractTestBase.java:describe(255)) - verify that a newly created file exists once a flush has taken place
2019-09-24 21:19:50,637 [grpc-default-executor-1] INFO  impl.RaftServerProxy (RaftServerProxy.java:addNew(89)) - f3cc68b9-8250-46bd-9f8b-0b9d65688440: addNew group-71677AE0A12A:[f3cc68b9-8250-46bd-9f8b-0b9d65688440:192.168.36.84:35502, c1e0fc5a-7ae4-45d0-a105-709cc60ce072:192.168.36.84:33769, 66ab88db-d69f-4f96-9860-b898e5399db4:192.168.36.84:42907] returns group-71677AE0A12A:java.util.concurrent.CompletableFuture@7c8f212a[Not completed]
2019-09-24 21:19:50,637 [grpc-default-executor-4] INFO  impl.RaftServerProxy (RaftServerProxy.java:addNew(89)) - c1e0fc5a-7ae4-45d0-a105-709cc60ce072: addNew group-71677AE0A12A:[f3cc68b9-8250-46bd-9f8b-0b9d65688440:192.168.36.84:35502, c1e0fc5a-7ae4-45d0-a105-709cc60ce072:192.168.36.84:33769, 66ab88db-d69f-4f96-9860-b898e5399db4:192.168.36.84:42907] returns group-71677AE0A12A:java.util.concurrent.CompletableFuture@38644413[Not completed]
2019-09-24 21:19:50,638 [grpc-default-executor-3] INFO  impl.RaftServerProxy (RaftServerProxy.java:addNew(89)) - 66ab88db-d69f-4f96-9860-b898e5399db4: addNew group-71677AE0A12A:[f3cc68b9-8250-46bd-9f8b-0b9d65688440:192.168.36.84:35502, c1e0fc5a-7ae4-45d0-a105-709cc60ce072:192.168.36.84:33769, 66ab88db-d69f-4f96-9860-b898e5399db4:192.168.36.84:42907] returns group-71677AE0A12A:java.util.concurrent.CompletableFuture@39bbc882[Not completed]
2019-09-24 21:19:50,640 [pool-57-thread-1] INFO  impl.RaftServerImpl (RaftServerImpl.java:<init>(95)) - c1e0fc5a-7ae4-45d0-a105-709cc60ce072: new RaftServerImpl for group-71677AE0A12A:[f3cc68b9-8250-46bd-9f8b-0b9d65688440:192.168.36.84:35502, c1e0fc5a-7ae4-45d0-a105-709cc60ce072:192.168.36.84:33769, 66ab88db-d69f-4f96-9860-b898e5399db4:192.168.36.84:42907] with ContainerStateMachine:uninitialized
2019-09-24 21:19:50,640 [pool-57-thread-1] INFO  server.RaftServerConfigKeys (ConfUtils.java:logGet(43)) - raft.server.rpc.timeout.min = 5s (custom)
2019-09-24 21:19:50,640 [pool-57-thread-1] INFO  server.RaftServerConfigKeys (ConfUtils.java:logGet(43)) - raft.server.rpc.timeout.max = 5200ms (custom)
2019-09-24 21:19:50,640 [pool-57-thread-1] INFO  server.RaftServerConfigKeys (ConfUtils.java:logGet(43)) - raft.server.rpcslowness.timeout = 120s (custom)
2019-09-24 21:19:50,640 [pool-57-thread-1] INFO  server.RaftServerConfigKeys (ConfUtils.java:logGet(43)) - raft.server.sleep.deviation.threshold = 300 (default)
2019-09-24 21:19:50,641 [pool-57-thread-1] INFO  server.RaftServerConfigKeys (ConfUtils.java:logGet(43)) - raft.server.log.appender.install.snapshot.enabled = false (custom)
2019-09-24 21:19:50,641 [pool-57-thread-1] INFO  impl.RaftServerImpl (ServerState.java:<init>(103)) - c1e0fc5a-7ae4-45d0-a105-709cc60ce072@group-71677AE0A12A: ConfigurationManager, init=-1: [f3cc68b9-8250-46bd-9f8b-0b9d65688440:192.168.36.84:35502, c1e0fc5a-7ae4-45d0-a105-709cc60ce072:192.168.36.84:33769, 66ab88db-d69f-4f96-9860-b898e5399db4:192.168.36.84:42907], old=null, confs=<EMPTY_MAP>
2019-09-24 21:19:50,641 [pool-47-thread-1] INFO  impl.RaftServerImpl (RaftServerImpl.java:<init>(95)) - 66ab88db-d69f-4f96-9860-b898e5399db4: new RaftServerImpl for group-71677AE0A12A:[f3cc68b9-8250-46bd-9f8b-0b9d65688440:192.168.36.84:35502, c1e0fc5a-7ae4-45d0-a105-709cc60ce072:192.168.36.84:33769, 66ab88db-d69f-4f96-9860-b898e5399db4:192.168.36.84:42907] with ContainerStateMachine:uninitialized
2019-09-24 21:19:50,641 [pool-57-thread-1] INFO  server.RaftServerConfigKeys (ConfUtils.java:logGet(43)) - raft.server.storage.dir = [/workdir/hadoop-ozone/ozonefs/target/test-dir/MiniOzoneClusterImpl-35f2434d-e88f-4dc0-aaff-2450d0368017/datanode-3/data/ratis] (custom)
2019-09-24 21:19:50,641 [pool-47-thread-1] INFO  server.RaftServerConfigKeys (ConfUtils.java:logGet(43)) - raft.server.rpc.timeout.min = 5s (custom)
2019-09-24 21:19:50,641 [pool-47-thread-1] INFO  server.RaftServerConfigKeys (ConfUtils.java:logGet(43)) - raft.server.rpc.timeout.max = 5200ms (custom)
2019-09-24 21:19:50,641 [pool-47-thread-1] INFO  server.RaftServerConfigKeys (ConfUtils.java:logGet(43)) - raft.server.rpcslowness.timeout = 120s (custom)
2019-09-24 21:19:50,642 [pool-57-thread-1] INFO  storage.RaftStorageDirectory (RaftStorageDirectory.java:analyzeStorage(246)) - The storage directory /workdir/hadoop-ozone/ozonefs/target/test-dir/MiniOzoneClusterImpl-35f2434d-e88f-4dc0-aaff-2450d0368017/datanode-3/data/ratis/3120dad7-76f4-46c0-aa5d-71677ae0a12a does not exist. Creating ...
2019-09-24 21:19:50,642 [pool-47-thread-1] INFO  server.RaftServerConfigKeys (ConfUtils.java:logGet(43)) - raft.server.sleep.deviation.threshold = 300 (default)
2019-09-24 21:19:50,642 [pool-37-thread-1] INFO  impl.RaftServerImpl (RaftServerImpl.java:<init>(95)) - f3cc68b9-8250-46bd-9f8b-0b9d65688440: new RaftServerImpl for group-71677AE0A12A:[f3cc68b9-8250-46bd-9f8b-0b9d65688440:192.168.36.84:35502, c1e0fc5a-7ae4-45d0-a105-709cc60ce072:192.168.36.84:33769, 66ab88db-d69f-4f96-9860-b898e5399db4:192.168.36.84:42907] with ContainerStateMachine:uninitialized
2019-09-24 21:19:50,642 [pool-47-thread-1] INFO  server.RaftServerConfigKeys (ConfUtils.java:logGet(43)) - raft.server.log.appender.install.snapshot.enabled = false (custom)
2019-09-24 21:19:50,642 [pool-37-thread-1] INFO  server.RaftServerConfigKeys (ConfUtils.java:logGet(43)) - raft.server.rpc.timeout.min = 5s (custom)
2019-09-24 21:19:50,642 [pool-47-thread-1] INFO  impl.RaftServerImpl (ServerState.java:<init>(103)) - 66ab88db-d69f-4f96-9860-b898e5399db4@group-71677AE0A12A: ConfigurationManager, init=-1: [f3cc68b9-8250-46bd-9f8b-0b9d65688440:192.168.36.84:35502, c1e0fc5a-7ae4-45d0-a105-709cc60ce072:192.168.36.84:33769, 66ab88db-d69f-4f96-9860-b898e5399db4:192.168.36.84:42907], old=null, confs=<EMPTY_MAP>
2019-09-24 21:19:50,642 [pool-37-thread-1] INFO  server.RaftServerConfigKeys (ConfUtils.java:logGet(43)) - raft.server.rpc.timeout.max = 5200ms (custom)
2019-09-24 21:19:50,643 [pool-47-thread-1] INFO  server.RaftServerConfigKeys (ConfUtils.java:logGet(43)) - raft.server.storage.dir = [/workdir/hadoop-ozone/ozonefs/target/test-dir/MiniOzoneClusterImpl-35f2434d-e88f-4dc0-aaff-2450d0368017/datanode-2/data/ratis] (custom)
2019-09-24 21:19:50,643 [pool-37-thread-1] INFO  server.RaftServerConfigKeys (ConfUtils.java:logGet(43)) - raft.server.rpcslowness.timeout = 120s (custom)
2019-09-24 21:19:50,643 [pool-37-thread-1] INFO  server.RaftServerConfigKeys (ConfUtils.java:logGet(43)) - raft.server.sleep.deviation.threshold = 300 (default)
2019-09-24 21:19:50,643 [pool-37-thread-1] INFO  server.RaftServerConfigKeys (ConfUtils.java:logGet(43)) - raft.server.log.appender.install.snapshot.enabled = false (custom)
2019-09-24 21:19:50,643 [pool-47-thread-1] INFO  storage.RaftStorageDirectory (RaftStorageDirectory.java:analyzeStorage(246)) - The storage directory /workdir/hadoop-ozone/ozonefs/target/test-dir/MiniOzoneClusterImpl-35f2434d-e88f-4dc0-aaff-2450d0368017/datanode-2/data/ratis/3120dad7-76f4-46c0-aa5d-71677ae0a12a does not exist. Creating ...
2019-09-24 21:19:50,643 [pool-37-thread-1] INFO  impl.RaftServerImpl (ServerState.java:<init>(103)) - f3cc68b9-8250-46bd-9f8b-0b9d65688440@group-71677AE0A12A: ConfigurationManager, init=-1: [f3cc68b9-8250-46bd-9f8b-0b9d65688440:192.168.36.84:35502, c1e0fc5a-7ae4-45d0-a105-709cc60ce072:192.168.36.84:33769, 66ab88db-d69f-4f96-9860-b898e5399db4:192.168.36.84:42907], old=null, confs=<EMPTY_MAP>
2019-09-24 21:19:50,643 [pool-37-thread-1] INFO  server.RaftServerConfigKeys (ConfUtils.java:logGet(43)) - raft.server.storage.dir = [/workdir/hadoop-ozone/ozonefs/target/test-dir/MiniOzoneClusterImpl-35f2434d-e88f-4dc0-aaff-2450d0368017/datanode-1/data/ratis] (custom)
2019-09-24 21:19:50,644 [pool-37-thread-1] INFO  storage.RaftStorageDirectory (RaftStorageDirectory.java:analyzeStorage(246)) - The storage directory /workdir/hadoop-ozone/ozonefs/target/test-dir/MiniOzoneClusterImpl-35f2434d-e88f-4dc0-aaff-2450d0368017/datanode-1/data/ratis/3120dad7-76f4-46c0-aa5d-71677ae0a12a does not exist. Creating ...
2019-09-24 21:19:51,016 [pool-57-thread-1] INFO  storage.RaftStorageDirectory (RaftStorageDirectory.java:tryLock(328)) - Lock on /workdir/hadoop-ozone/ozonefs/target/test-dir/MiniOzoneClusterImpl-35f2434d-e88f-4dc0-aaff-2450d0368017/datanode-3/data/ratis/3120dad7-76f4-46c0-aa5d-71677ae0a12a/in_use.lock acquired by nodename 2502@pr-hdds-2171-6l6hb-1841322612
2019-09-24 21:19:51,016 [pool-37-thread-1] INFO  storage.RaftStorageDirectory (RaftStorageDirectory.java:tryLock(328)) - Lock on /workdir/hadoop-ozone/ozonefs/target/test-dir/MiniOzoneClusterImpl-35f2434d-e88f-4dc0-aaff-2450d0368017/datanode-1/data/ratis/3120dad7-76f4-46c0-aa5d-71677ae0a12a/in_use.lock acquired by nodename 2502@pr-hdds-2171-6l6hb-1841322612
2019-09-24 21:19:51,018 [pool-47-thread-1] INFO  storage.RaftStorageDirectory (RaftStorageDirectory.java:tryLock(328)) - Lock on /workdir/hadoop-ozone/ozonefs/target/test-dir/MiniOzoneClusterImpl-35f2434d-e88f-4dc0-aaff-2450d0368017/datanode-2/data/ratis/3120dad7-76f4-46c0-aa5d-71677ae0a12a/in_use.lock acquired by nodename 2502@pr-hdds-2171-6l6hb-1841322612
2019-09-24 21:19:51,250 [pool-57-thread-1] INFO  storage.RaftStorage (RaftStorage.java:format(72)) - Storage directory /workdir/hadoop-ozone/ozonefs/target/test-dir/MiniOzoneClusterImpl-35f2434d-e88f-4dc0-aaff-2450d0368017/datanode-3/data/ratis/3120dad7-76f4-46c0-aa5d-71677ae0a12a has been successfully formatted.
2019-09-24 21:19:51,250 [pool-47-thread-1] INFO  storage.RaftStorage (RaftStorage.java:format(72)) - Storage directory /workdir/hadoop-ozone/ozonefs/target/test-dir/MiniOzoneClusterImpl-35f2434d-e88f-4dc0-aaff-2450d0368017/datanode-2/data/ratis/3120dad7-76f4-46c0-aa5d-71677ae0a12a has been successfully formatted.
2019-09-24 21:19:51,250 [pool-37-thread-1] INFO  storage.RaftStorage (RaftStorage.java:format(72)) - Storage directory /workdir/hadoop-ozone/ozonefs/target/test-dir/MiniOzoneClusterImpl-35f2434d-e88f-4dc0-aaff-2450d0368017/datanode-1/data/ratis/3120dad7-76f4-46c0-aa5d-71677ae0a12a has been successfully formatted.
2019-09-24 21:19:51,250 [pool-57-thread-1] INFO  ratis.ContainerStateMachine (ContainerStateMachine.java:loadSnapshot(230)) - group-71677AE0A12A: The snapshot info is null. Setting the last applied indexto:(t:0, i:~)
2019-09-24 21:19:51,251 [pool-37-thread-1] INFO  ratis.ContainerStateMachine (ContainerStateMachine.java:loadSnapshot(230)) - group-71677AE0A12A: The snapshot info is null. Setting the last applied indexto:(t:0, i:~)
2019-09-24 21:19:51,251 [pool-47-thread-1] INFO  ratis.ContainerStateMachine (ContainerStateMachine.java:loadSnapshot(230)) - group-71677AE0A12A: The snapshot info is null. Setting the last applied indexto:(t:0, i:~)
2019-09-24 21:19:51,251 [pool-37-thread-1] INFO  server.RaftServerConfigKeys (ConfUtils.java:logGet(43)) - raft.server.notification.no-leader.timeout = 120s (custom)
2019-09-24 21:19:51,251 [pool-57-thread-1] INFO  server.RaftServerConfigKeys (ConfUtils.java:logGet(43)) - raft.server.notification.no-leader.timeout = 120s (custom)
2019-09-24 21:19:51,251 [pool-37-thread-1] INFO  server.RaftServerConfigKeys (ConfUtils.java:logGet(43)) - raft.server.log.use.memory = false (default)
2019-09-24 21:19:51,251 [pool-47-thread-1] INFO  server.RaftServerConfigKeys (ConfUtils.java:logGet(43)) - raft.server.notification.no-leader.timeout = 120s (custom)
2019-09-24 21:19:51,252 [pool-37-thread-1] INFO  server.RaftServerConfigKeys (ConfUtils.java:logGet(43)) - raft.server.log.purge.gap = 1000000 (custom)
2019-09-24 21:19:51,251 [pool-57-thread-1] INFO  server.RaftServerConfigKeys (ConfUtils.java:logGet(43)) - raft.server.log.use.memory = false (default)
2019-09-24 21:19:51,252 [pool-37-thread-1] INFO  server.RaftServerConfigKeys (ConfUtils.java:logGet(43)) - raft.server.log.appender.buffer.byte-limit = 33554432 (custom)
2019-09-24 21:19:51,252 [pool-47-thread-1] INFO  server.RaftServerConfigKeys (ConfUtils.java:logGet(43)) - raft.server.log.use.memory = false (default)
2019-09-24 21:19:51,252 [pool-37-thread-1] INFO  server.RaftServerConfigKeys (ConfUtils.java:logGet(43)) - raft.server.log.segment.size.max = 1048576 (custom)
2019-09-24 21:19:51,252 [pool-57-thread-1] INFO  server.RaftServerConfigKeys (ConfUtils.java:logGet(43)) - raft.server.log.purge.gap = 1000000 (custom)
2019-09-24 21:19:51,253 [pool-37-thread-1] INFO  server.RaftServerConfigKeys (ConfUtils.java:logGet(43)) - raft.server.log.segment.cache.num.max = 2 (custom)
2019-09-24 21:19:51,253 [pool-47-thread-1] INFO  server.RaftServerConfigKeys (ConfUtils.java:logGet(43)) - raft.server.log.purge.gap = 1000000 (custom)
2019-09-24 21:19:51,253 [pool-37-thread-1] INFO  segmented.SegmentedRaftLogWorker (SegmentedRaftLogWorker.java:<init>(172)) - new f3cc68b9-8250-46bd-9f8b-0b9d65688440@group-71677AE0A12A-SegmentedRaftLogWorker for RaftStorage:Storage Directory /workdir/hadoop-ozone/ozonefs/target/test-dir/MiniOzoneClusterImpl-35f2434d-e88f-4dc0-aaff-2450d0368017/datanode-1/data/ratis/3120dad7-76f4-46c0-aa5d-71677ae0a12a
2019-09-24 21:19:51,253 [pool-57-thread-1] INFO  server.RaftServerConfigKeys (ConfUtils.java:logGet(43)) - raft.server.log.appender.buffer.byte-limit = 33554432 (custom)
2019-09-24 21:19:51,254 [pool-37-thread-1] INFO  server.RaftServerConfigKeys (ConfUtils.java:logGet(43)) - raft.server.log.queue.byte-limit = 2147483647 (custom)
2019-09-24 21:19:51,253 [pool-47-thread-1] INFO  server.RaftServerConfigKeys (ConfUtils.java:logGet(43)) - raft.server.log.appender.buffer.byte-limit = 33554432 (custom)
2019-09-24 21:19:51,254 [pool-37-thread-1] INFO  server.RaftServerConfigKeys (ConfUtils.java:logGet(43)) - raft.server.log.queue.element-limit = 1024 (custom)
2019-09-24 21:19:51,254 [pool-57-thread-1] INFO  server.RaftServerConfigKeys (ConfUtils.java:logGet(43)) - raft.server.log.segment.size.max = 1048576 (custom)
2019-09-24 21:19:51,254 [pool-37-thread-1] INFO  server.RaftServerConfigKeys (ConfUtils.java:logGet(43)) - raft.server.log.segment.size.max = 1048576 (custom)
2019-09-24 21:19:51,254 [pool-47-thread-1] INFO  server.RaftServerConfigKeys (ConfUtils.java:logGet(43)) - raft.server.log.segment.size.max = 1048576 (custom)
2019-09-24 21:19:51,255 [pool-37-thread-1] INFO  server.RaftServerConfigKeys (ConfUtils.java:logGet(43)) - raft.server.log.preallocated.size = 16384 (custom)
2019-09-24 21:19:51,255 [pool-57-thread-1] INFO  server.RaftServerConfigKeys (ConfUtils.java:logGet(43)) - raft.server.log.segment.cache.num.max = 2 (custom)
2019-09-24 21:19:51,255 [pool-37-thread-1] INFO  server.RaftServerConfigKeys (ConfUtils.java:logGet(43)) - raft.server.log.write.buffer.size = 33554432 (custom)
2019-09-24 21:19:51,255 [pool-47-thread-1] INFO  server.RaftServerConfigKeys (ConfUtils.java:logGet(43)) - raft.server.log.segment.cache.num.max = 2 (custom)
2019-09-24 21:19:51,255 [pool-37-thread-1] INFO  server.RaftServerConfigKeys (ConfUtils.java:logGet(43)) - raft.server.log.force.sync.num = 128 (default)
2019-09-24 21:19:51,255 [pool-57-thread-1] INFO  segmented.SegmentedRaftLogWorker (SegmentedRaftLogWorker.java:<init>(172)) - new c1e0fc5a-7ae4-45d0-a105-709cc60ce072@group-71677AE0A12A-SegmentedRaftLogWorker for RaftStorage:Storage Directory /workdir/hadoop-ozone/ozonefs/target/test-dir/MiniOzoneClusterImpl-35f2434d-e88f-4dc0-aaff-2450d0368017/datanode-3/data/ratis/3120dad7-76f4-46c0-aa5d-71677ae0a12a
2019-09-24 21:19:51,256 [pool-37-thread-1] INFO  server.RaftServerConfigKeys (ConfUtils.java:logGet(43)) - raft.server.log.statemachine.data.sync = true (default)
2019-09-24 21:19:51,256 [pool-47-thread-1] INFO  segmented.SegmentedRaftLogWorker (SegmentedRaftLogWorker.java:<init>(172)) - new 66ab88db-d69f-4f96-9860-b898e5399db4@group-71677AE0A12A-SegmentedRaftLogWorker for RaftStorage:Storage Directory /workdir/hadoop-ozone/ozonefs/target/test-dir/MiniOzoneClusterImpl-35f2434d-e88f-4dc0-aaff-2450d0368017/datanode-2/data/ratis/3120dad7-76f4-46c0-aa5d-71677ae0a12a
2019-09-24 21:19:51,256 [pool-37-thread-1] INFO  server.RaftServerConfigKeys (ConfUtils.java:logGet(43)) - raft.server.log.statemachine.data.sync.timeout = 10s (default)
2019-09-24 21:19:51,256 [pool-57-thread-1] INFO  server.RaftServerConfigKeys (ConfUtils.java:logGet(43)) - raft.server.log.queue.byte-limit = 2147483647 (custom)
2019-09-24 21:19:51,257 [pool-37-thread-1] INFO  server.RaftServerConfigKeys (ConfUtils.java:logGet(43)) - raft.server.log.statemachine.data.sync.timeout.retry = -1 (default)
2019-09-24 21:19:51,256 [pool-47-thread-1] INFO  server.RaftServerConfigKeys (ConfUtils.java:logGet(43)) - raft.server.log.queue.byte-limit = 2147483647 (custom)
2019-09-24 21:19:51,257 [pool-37-thread-1] INFO  server.RaftServerConfigKeys (ConfUtils.java:logGet(43)) - raft.server.log.statemachine.data.caching.enabled = true (custom)
2019-09-24 21:19:51,257 [pool-57-thread-1] INFO  server.RaftServerConfigKeys (ConfUtils.java:logGet(43)) - raft.server.log.queue.element-limit = 1024 (custom)
2019-09-24 21:19:51,257 [pool-47-thread-1] INFO  server.RaftServerConfigKeys (ConfUtils.java:logGet(43)) - raft.server.log.queue.element-limit = 1024 (custom)
2019-09-24 21:19:51,258 [pool-37-thread-1] INFO  segmented.SegmentedRaftLogWorker (SegmentedRaftLogWorker.java:lambda$new$0(132)) - f3cc68b9-8250-46bd-9f8b-0b9d65688440@group-71677AE0A12A-SegmentedRaftLogWorker: flushIndex: setUnconditionally 0 -> -1
2019-09-24 21:19:51,258 [pool-57-thread-1] INFO  server.RaftServerConfigKeys (ConfUtils.java:logGet(43)) - raft.server.log.segment.size.max = 1048576 (custom)
2019-09-24 21:19:51,258 [pool-47-thread-1] INFO  server.RaftServerConfigKeys (ConfUtils.java:logGet(43)) - raft.server.log.segment.size.max = 1048576 (custom)
2019-09-24 21:19:51,258 [pool-37-thread-1] INFO  server.RaftServerConfigKeys (ConfUtils.java:logGet(43)) - raft.server.snapshot.auto.trigger.enabled = true (custom)
2019-09-24 21:19:51,258 [pool-57-thread-1] INFO  server.RaftServerConfigKeys (ConfUtils.java:logGet(43)) - raft.server.log.preallocated.size = 16384 (custom)
2019-09-24 21:19:51,259 [pool-37-thread-1] INFO  server.RaftServerConfigKeys (ConfUtils.java:logGet(43)) - raft.server.snapshot.auto.trigger.threshold = 10000 (custom)
2019-09-24 21:19:51,258 [pool-47-thread-1] INFO  server.RaftServerConfigKeys (ConfUtils.java:logGet(43)) - raft.server.log.preallocated.size = 16384 (custom)
2019-09-24 21:19:51,259 [pool-37-thread-1] INFO  server.RaftServerConfigKeys (ConfUtils.java:logGet(43)) - raft.server.snapshot.retention.num.files = 5 (custom)
2019-09-24 21:19:51,259 [pool-57-thread-1] INFO  server.RaftServerConfigKeys (ConfUtils.java:logGet(43)) - raft.server.log.write.buffer.size = 33554432 (custom)
2019-09-24 21:19:51,259 [pool-37-thread-1] INFO  server.RaftServerConfigKeys (ConfUtils.java:logGet(43)) - raft.server.retrycache.expirytime = 600000ms (custom)
2019-09-24 21:19:51,259 [pool-47-thread-1] INFO  server.RaftServerConfigKeys (ConfUtils.java:logGet(43)) - raft.server.log.write.buffer.size = 33554432 (custom)
2019-09-24 21:19:51,260 [pool-57-thread-1] INFO  server.RaftServerConfigKeys (ConfUtils.java:logGet(43)) - raft.server.log.force.sync.num = 128 (default)
2019-09-24 21:19:51,260 [pool-47-thread-1] INFO  server.RaftServerConfigKeys (ConfUtils.java:logGet(43)) - raft.server.log.force.sync.num = 128 (default)
2019-09-24 21:19:51,260 [pool-57-thread-1] INFO  server.RaftServerConfigKeys (ConfUtils.java:logGet(43)) - raft.server.log.statemachine.data.sync = true (default)
2019-09-24 21:19:51,260 [pool-47-thread-1] INFO  server.RaftServerConfigKeys (ConfUtils.java:logGet(43)) - raft.server.log.statemachine.data.sync = true (default)
2019-09-24 21:19:51,261 [pool-57-thread-1] INFO  server.RaftServerConfigKeys (ConfUtils.java:logGet(43)) - raft.server.log.statemachine.data.sync.timeout = 10s (default)
2019-09-24 21:19:51,261 [pool-47-thread-1] INFO  server.RaftServerConfigKeys (ConfUtils.java:logGet(43)) - raft.server.log.statemachine.data.sync.timeout = 10s (default)
2019-09-24 21:19:51,261 [pool-57-thread-1] INFO  server.RaftServerConfigKeys (ConfUtils.java:logGet(43)) - raft.server.log.statemachine.data.sync.timeout.retry = -1 (default)
2019-09-24 21:19:51,261 [pool-47-thread-1] INFO  server.RaftServerConfigKeys (ConfUtils.java:logGet(43)) - raft.server.log.statemachine.data.sync.timeout.retry = -1 (default)
2019-09-24 21:19:51,261 [pool-57-thread-1] INFO  server.RaftServerConfigKeys (ConfUtils.java:logGet(43)) - raft.server.log.statemachine.data.caching.enabled = true (custom)
2019-09-24 21:19:51,262 [pool-47-thread-1] INFO  server.RaftServerConfigKeys (ConfUtils.java:logGet(43)) - raft.server.log.statemachine.data.caching.enabled = true (custom)
2019-09-24 21:19:51,262 [pool-57-thread-1] INFO  segmented.SegmentedRaftLogWorker (SegmentedRaftLogWorker.java:lambda$new$0(132)) - c1e0fc5a-7ae4-45d0-a105-709cc60ce072@group-71677AE0A12A-SegmentedRaftLogWorker: flushIndex: setUnconditionally 0 -> -1
2019-09-24 21:19:51,262 [pool-47-thread-1] INFO  segmented.SegmentedRaftLogWorker (SegmentedRaftLogWorker.java:lambda$new$0(132)) - 66ab88db-d69f-4f96-9860-b898e5399db4@group-71677AE0A12A-SegmentedRaftLogWorker: flushIndex: setUnconditionally 0 -> -1
2019-09-24 21:19:51,262 [pool-57-thread-1] INFO  server.RaftServerConfigKeys (ConfUtils.java:logGet(43)) - raft.server.snapshot.auto.trigger.enabled = true (custom)
2019-09-24 21:19:51,263 [pool-57-thread-1] INFO  server.RaftServerConfigKeys (ConfUtils.java:logGet(43)) - raft.server.snapshot.auto.trigger.threshold = 10000 (custom)
2019-09-24 21:19:51,263 [pool-47-thread-1] INFO  server.RaftServerConfigKeys (ConfUtils.java:logGet(43)) - raft.server.snapshot.auto.trigger.enabled = true (custom)
2019-09-24 21:19:51,263 [pool-57-thread-1] INFO  server.RaftServerConfigKeys (ConfUtils.java:logGet(43)) - raft.server.snapshot.retention.num.files = 5 (custom)
2019-09-24 21:19:51,263 [pool-47-thread-1] INFO  server.RaftServerConfigKeys (ConfUtils.java:logGet(43)) - raft.server.snapshot.auto.trigger.threshold = 10000 (custom)
2019-09-24 21:19:51,263 [pool-57-thread-1] INFO  server.RaftServerConfigKeys (ConfUtils.java:logGet(43)) - raft.server.retrycache.expirytime = 600000ms (custom)
2019-09-24 21:19:51,263 [pool-47-thread-1] INFO  server.RaftServerConfigKeys (ConfUtils.java:logGet(43)) - raft.server.snapshot.retention.num.files = 5 (custom)
2019-09-24 21:19:51,264 [pool-47-thread-1] INFO  server.RaftServerConfigKeys (ConfUtils.java:logGet(43)) - raft.server.retrycache.expirytime = 600000ms (custom)
2019-09-24 21:19:51,264 [pool-37-thread-1] INFO  impl.RaftServerImpl (RaftServerImpl.java:start(185)) - f3cc68b9-8250-46bd-9f8b-0b9d65688440@group-71677AE0A12A: start as a follower, conf=-1: [f3cc68b9-8250-46bd-9f8b-0b9d65688440:192.168.36.84:35502, c1e0fc5a-7ae4-45d0-a105-709cc60ce072:192.168.36.84:33769, 66ab88db-d69f-4f96-9860-b898e5399db4:192.168.36.84:42907], old=null
2019-09-24 21:19:51,264 [pool-37-thread-1] INFO  impl.RaftServerImpl (RaftServerImpl.java:setRole(174)) - f3cc68b9-8250-46bd-9f8b-0b9d65688440@group-71677AE0A12A: changes role from      null to FOLLOWER at term 0 for startAsFollower
2019-09-24 21:19:51,264 [pool-37-thread-1] INFO  impl.RoleInfo (RoleInfo.java:updateAndGet(143)) - f3cc68b9-8250-46bd-9f8b-0b9d65688440: start FollowerState
2019-09-24 21:19:51,265 [pool-37-thread-1] INFO  util.JmxRegister (JmxRegister.java:tryRegister(44)) - Successfully registered JMX Bean with object name Ratis:service=RaftServer,group=group-71677AE0A12A,id=f3cc68b9-8250-46bd-9f8b-0b9d65688440
2019-09-24 21:19:51,268 [pool-57-thread-1] INFO  impl.RaftServerImpl (RaftServerImpl.java:start(185)) - c1e0fc5a-7ae4-45d0-a105-709cc60ce072@group-71677AE0A12A: start as a follower, conf=-1: [f3cc68b9-8250-46bd-9f8b-0b9d65688440:192.168.36.84:35502, c1e0fc5a-7ae4-45d0-a105-709cc60ce072:192.168.36.84:33769, 66ab88db-d69f-4f96-9860-b898e5399db4:192.168.36.84:42907], old=null
2019-09-24 21:19:51,268 [pool-57-thread-1] INFO  impl.RaftServerImpl (RaftServerImpl.java:setRole(174)) - c1e0fc5a-7ae4-45d0-a105-709cc60ce072@group-71677AE0A12A: changes role from      null to FOLLOWER at term 0 for startAsFollower
2019-09-24 21:19:51,268 [pool-57-thread-1] INFO  impl.RoleInfo (RoleInfo.java:updateAndGet(143)) - c1e0fc5a-7ae4-45d0-a105-709cc60ce072: start FollowerState
2019-09-24 21:19:51,268 [pool-47-thread-1] INFO  impl.RaftServerImpl (RaftServerImpl.java:start(185)) - 66ab88db-d69f-4f96-9860-b898e5399db4@group-71677AE0A12A: start as a follower, conf=-1: [f3cc68b9-8250-46bd-9f8b-0b9d65688440:192.168.36.84:35502, c1e0fc5a-7ae4-45d0-a105-709cc60ce072:192.168.36.84:33769, 66ab88db-d69f-4f96-9860-b898e5399db4:192.168.36.84:42907], old=null
2019-09-24 21:19:51,268 [pool-57-thread-1] INFO  util.JmxRegister (JmxRegister.java:tryRegister(44)) - Successfully registered JMX Bean with object name Ratis:service=RaftServer,group=group-71677AE0A12A,id=c1e0fc5a-7ae4-45d0-a105-709cc60ce072
2019-09-24 21:19:51,269 [pool-47-thread-1] INFO  impl.RaftServerImpl (RaftServerImpl.java:setRole(174)) - 66ab88db-d69f-4f96-9860-b898e5399db4@group-71677AE0A12A: changes role from      null to FOLLOWER at term 0 for startAsFollower
2019-09-24 21:19:51,272 [pool-47-thread-1] INFO  impl.RoleInfo (RoleInfo.java:updateAndGet(143)) - 66ab88db-d69f-4f96-9860-b898e5399db4: start FollowerState
2019-09-24 21:19:51,273 [pool-47-thread-1] INFO  util.JmxRegister (JmxRegister.java:tryRegister(44)) - Successfully registered JMX Bean with object name Ratis:service=RaftServer,group=group-71677AE0A12A,id=66ab88db-d69f-4f96-9860-b898e5399db4
2019-09-24 21:19:51,292 [IPC Server handler 6 on 38451] INFO  pipeline.PipelineStateManager (PipelineStateManager.java:addPipeline(56)) - Created pipeline Pipeline[ Id: 3120dad7-76f4-46c0-aa5d-71677ae0a12a, Nodes: f3cc68b9-8250-46bd-9f8b-0b9d65688440{ip: 192.168.36.84, host: pr-hdds-2171-6l6hb-1841322612, networkLocation: /default-rack, certSerialId: null}c1e0fc5a-7ae4-45d0-a105-709cc60ce072{ip: 192.168.36.84, host: pr-hdds-2171-6l6hb-1841322612, networkLocation: /default-rack, certSerialId: null}66ab88db-d69f-4f96-9860-b898e5399db4{ip: 192.168.36.84, host: pr-hdds-2171-6l6hb-1841322612, networkLocation: /default-rack, certSerialId: null}, Type:RATIS, Factor:THREE, State:OPEN]
2019-09-24 21:19:51,388 [Thread-312] INFO  impl.MetricsSystemImpl (MetricsSystemImpl.java:init(158)) - XceiverClientMetrics metrics system started (again)
2019-09-24 21:19:52,688 [Thread-257] INFO  impl.FollowerState (FollowerState.java:run(106)) - f3cc68b9-8250-46bd-9f8b-0b9d65688440:group-B6B27D799C82 changes to CANDIDATE, lastRpcTime:5089, electionTimeout:5089ms
2019-09-24 21:19:52,692 [Thread-257] INFO  impl.RoleInfo (RoleInfo.java:shutdownFollowerState(121)) - f3cc68b9-8250-46bd-9f8b-0b9d65688440: shutdown FollowerState
2019-09-24 21:19:52,692 [Thread-257] INFO  impl.RaftServerImpl (RaftServerImpl.java:setRole(174)) - f3cc68b9-8250-46bd-9f8b-0b9d65688440@group-B6B27D799C82: changes role from  FOLLOWER to CANDIDATE at term 0 for changeToCandidate
2019-09-24 21:19:52,692 [Thread-257] INFO  impl.RoleInfo (RoleInfo.java:updateAndGet(143)) - f3cc68b9-8250-46bd-9f8b-0b9d65688440: start LeaderElection
2019-09-24 21:19:52,916 [Thread-270] INFO  impl.FollowerState (FollowerState.java:run(106)) - 66ab88db-d69f-4f96-9860-b898e5399db4:group-E596A2B7CC13 changes to CANDIDATE, lastRpcTime:5087, electionTimeout:5085ms
2019-09-24 21:19:52,917 [Thread-270] INFO  impl.RoleInfo (RoleInfo.java:shutdownFollowerState(121)) - 66ab88db-d69f-4f96-9860-b898e5399db4: shutdown FollowerState
2019-09-24 21:19:52,917 [Thread-270] INFO  impl.RaftServerImpl (RaftServerImpl.java:setRole(174)) - 66ab88db-d69f-4f96-9860-b898e5399db4@group-E596A2B7CC13: changes role from  FOLLOWER to CANDIDATE at term 2 for changeToCandidate
2019-09-24 21:19:52,917 [Thread-270] INFO  impl.RoleInfo (RoleInfo.java:updateAndGet(143)) - 66ab88db-d69f-4f96-9860-b898e5399db4: start LeaderElection
2019-09-24 21:19:52,939 [Thread-269] INFO  impl.FollowerState (FollowerState.java:run(106)) - f3cc68b9-8250-46bd-9f8b-0b9d65688440:group-E596A2B7CC13 changes to CANDIDATE, lastRpcTime:5110, electionTimeout:5108ms
2019-09-24 21:19:52,939 [Thread-269] INFO  impl.RoleInfo (RoleInfo.java:shutdownFollowerState(121)) - f3cc68b9-8250-46bd-9f8b-0b9d65688440: shutdown FollowerState
2019-09-24 21:19:52,940 [Thread-269] INFO  impl.RaftServerImpl (RaftServerImpl.java:setRole(174)) - f3cc68b9-8250-46bd-9f8b-0b9d65688440@group-E596A2B7CC13: changes role from  FOLLOWER to CANDIDATE at term 2 for changeToCandidate
2019-09-24 21:19:52,940 [Thread-269] INFO  impl.RoleInfo (RoleInfo.java:updateAndGet(143)) - f3cc68b9-8250-46bd-9f8b-0b9d65688440: start LeaderElection
2019-09-24 21:19:52,947 [Thread-271] INFO  impl.FollowerState (FollowerState.java:run(106)) - c1e0fc5a-7ae4-45d0-a105-709cc60ce072:group-E596A2B7CC13 changes to CANDIDATE, lastRpcTime:5110, electionTimeout:5109ms
2019-09-24 21:19:52,948 [Thread-271] INFO  impl.RoleInfo (RoleInfo.java:shutdownFollowerState(121)) - c1e0fc5a-7ae4-45d0-a105-709cc60ce072: shutdown FollowerState
2019-09-24 21:19:52,948 [Thread-271] INFO  impl.RaftServerImpl (RaftServerImpl.java:setRole(174)) - c1e0fc5a-7ae4-45d0-a105-709cc60ce072@group-E596A2B7CC13: changes role from  FOLLOWER to CANDIDATE at term 2 for changeToCandidate
2019-09-24 21:19:52,948 [Thread-271] INFO  impl.RoleInfo (RoleInfo.java:updateAndGet(143)) - c1e0fc5a-7ae4-45d0-a105-709cc60ce072: start LeaderElection
2019-09-24 21:19:53,729 [Thread-276] INFO  impl.FollowerState (FollowerState.java:run(106)) - c1e0fc5a-7ae4-45d0-a105-709cc60ce072:group-C467C04FCD85 changes to CANDIDATE, lastRpcTime:5098, electionTimeout:5098ms
2019-09-24 21:19:53,730 [Thread-276] INFO  impl.RoleInfo (RoleInfo.java:shutdownFollowerState(121)) - c1e0fc5a-7ae4-45d0-a105-709cc60ce072: shutdown FollowerState
2019-09-24 21:19:53,730 [Thread-276] INFO  impl.RaftServerImpl (RaftServerImpl.java:setRole(174)) - c1e0fc5a-7ae4-45d0-a105-709cc60ce072@group-C467C04FCD85: changes role from  FOLLOWER to CANDIDATE at term 0 for changeToCandidate
2019-09-24 21:19:53,730 [Thread-276] INFO  impl.RoleInfo (RoleInfo.java:updateAndGet(143)) - c1e0fc5a-7ae4-45d0-a105-709cc60ce072: start LeaderElection
2019-09-24 21:19:53,767 [Thread-275] INFO  impl.FollowerState (FollowerState.java:run(106)) - 66ab88db-d69f-4f96-9860-b898e5399db4:group-C467C04FCD85 changes to CANDIDATE, lastRpcTime:5136, electionTimeout:5136ms
2019-09-24 21:19:53,767 [Thread-275] INFO  impl.RoleInfo (RoleInfo.java:shutdownFollowerState(121)) - 66ab88db-d69f-4f96-9860-b898e5399db4: shutdown FollowerState
2019-09-24 21:19:53,767 [Thread-275] INFO  impl.RaftServerImpl (RaftServerImpl.java:setRole(174)) - 66ab88db-d69f-4f96-9860-b898e5399db4@group-C467C04FCD85: changes role from  FOLLOWER to CANDIDATE at term 0 for changeToCandidate
2019-09-24 21:19:53,768 [Thread-275] INFO  impl.RoleInfo (RoleInfo.java:updateAndGet(143)) - 66ab88db-d69f-4f96-9860-b898e5399db4: start LeaderElection
2019-09-24 21:19:55,192 [Thread-286] INFO  impl.FollowerState (FollowerState.java:run(106)) - c1e0fc5a-7ae4-45d0-a105-709cc60ce072:group-307796CD6AEA changes to CANDIDATE, lastRpcTime:5008, electionTimeout:5008ms
2019-09-24 21:19:55,194 [Thread-286] INFO  impl.RoleInfo (RoleInfo.java:shutdownFollowerState(121)) - c1e0fc5a-7ae4-45d0-a105-709cc60ce072: shutdown FollowerState
2019-09-24 21:19:55,195 [Thread-286] INFO  impl.RaftServerImpl (RaftServerImpl.java:setRole(174)) - c1e0fc5a-7ae4-45d0-a105-709cc60ce072@group-307796CD6AEA: changes role from  FOLLOWER to CANDIDATE at term 0 for changeToCandidate
2019-09-24 21:19:55,195 [Thread-286] INFO  impl.RoleInfo (RoleInfo.java:updateAndGet(143)) - c1e0fc5a-7ae4-45d0-a105-709cc60ce072: start LeaderElection
2019-09-24 21:19:55,229 [Thread-292] INFO  impl.FollowerState (FollowerState.java:run(106)) - 66ab88db-d69f-4f96-9860-b898e5399db4:group-A26FF7157983 changes to CANDIDATE, lastRpcTime:5043, electionTimeout:5043ms
2019-09-24 21:19:55,229 [Thread-292] INFO  impl.RoleInfo (RoleInfo.java:shutdownFollowerState(121)) - 66ab88db-d69f-4f96-9860-b898e5399db4: shutdown FollowerState
2019-09-24 21:19:55,229 [Thread-292] INFO  impl.RaftServerImpl (RaftServerImpl.java:setRole(174)) - 66ab88db-d69f-4f96-9860-b898e5399db4@group-A26FF7157983: changes role from  FOLLOWER to CANDIDATE at term 0 for changeToCandidate
2019-09-24 21:19:55,230 [Thread-292] INFO  impl.RoleInfo (RoleInfo.java:updateAndGet(143)) - 66ab88db-d69f-4f96-9860-b898e5399db4: start LeaderElection
2019-09-24 21:19:55,248 [Thread-295] INFO  impl.FollowerState (FollowerState.java:run(106)) - c1e0fc5a-7ae4-45d0-a105-709cc60ce072:group-A26FF7157983 changes to CANDIDATE, lastRpcTime:5061, electionTimeout:5061ms
2019-09-24 21:19:55,248 [Thread-295] INFO  impl.RoleInfo (RoleInfo.java:shutdownFollowerState(121)) - c1e0fc5a-7ae4-45d0-a105-709cc60ce072: shutdown FollowerState
2019-09-24 21:19:55,248 [Thread-295] INFO  impl.RaftServerImpl (RaftServerImpl.java:setRole(174)) - c1e0fc5a-7ae4-45d0-a105-709cc60ce072@group-A26FF7157983: changes role from  FOLLOWER to CANDIDATE at term 0 for changeToCandidate
2019-09-24 21:19:55,249 [Thread-295] INFO  impl.RoleInfo (RoleInfo.java:updateAndGet(143)) - c1e0fc5a-7ae4-45d0-a105-709cc60ce072: start LeaderElection
2019-09-24 21:19:55,256 [Thread-296] INFO  impl.FollowerState (FollowerState.java:run(106)) - 66ab88db-d69f-4f96-9860-b898e5399db4:group-A58B6DB2432C changes to CANDIDATE, lastRpcTime:5069, electionTimeout:5069ms
2019-09-24 21:19:55,257 [Thread-296] INFO  impl.RoleInfo (RoleInfo.java:shutdownFollowerState(121)) - 66ab88db-d69f-4f96-9860-b898e5399db4: shutdown FollowerState
2019-09-24 21:19:55,257 [Thread-296] INFO  impl.RaftServerImpl (RaftServerImpl.java:setRole(174)) - 66ab88db-d69f-4f96-9860-b898e5399db4@group-A58B6DB2432C: changes role from  FOLLOWER to CANDIDATE at term 0 for changeToCandidate
2019-09-24 21:19:55,257 [Thread-296] INFO  impl.RoleInfo (RoleInfo.java:updateAndGet(143)) - 66ab88db-d69f-4f96-9860-b898e5399db4: start LeaderElection
2019-09-24 21:19:55,261 [Thread-291] INFO  impl.FollowerState (FollowerState.java:run(106)) - c1e0fc5a-7ae4-45d0-a105-709cc60ce072:group-A918B51F1DFD changes to CANDIDATE, lastRpcTime:5076, electionTimeout:5074ms
2019-09-24 21:19:55,261 [Thread-291] INFO  impl.RoleInfo (RoleInfo.java:shutdownFollowerState(121)) - c1e0fc5a-7ae4-45d0-a105-709cc60ce072: shutdown FollowerState
2019-09-24 21:19:55,261 [Thread-291] INFO  impl.RaftServerImpl (RaftServerImpl.java:setRole(174)) - c1e0fc5a-7ae4-45d0-a105-709cc60ce072@group-A918B51F1DFD: changes role from  FOLLOWER to CANDIDATE at term 0 for changeToCandidate
2019-09-24 21:19:55,262 [Thread-291] INFO  impl.RoleInfo (RoleInfo.java:updateAndGet(143)) - c1e0fc5a-7ae4-45d0-a105-709cc60ce072: start LeaderElection
2019-09-24 21:19:55,292 [Thread-288] INFO  impl.FollowerState (FollowerState.java:run(106)) - 66ab88db-d69f-4f96-9860-b898e5399db4:group-A918B51F1DFD changes to CANDIDATE, lastRpcTime:5108, electionTimeout:5108ms
2019-09-24 21:19:55,293 [Thread-288] INFO  impl.RoleInfo (RoleInfo.java:shutdownFollowerState(121)) - 66ab88db-d69f-4f96-9860-b898e5399db4: shutdown FollowerState
2019-09-24 21:19:55,293 [Thread-288] INFO  impl.RaftServerImpl (RaftServerImpl.java:setRole(174)) - 66ab88db-d69f-4f96-9860-b898e5399db4@group-A918B51F1DFD: changes role from  FOLLOWER to CANDIDATE at term 0 for changeToCandidate
2019-09-24 21:19:55,293 [Thread-288] INFO  impl.RoleInfo (RoleInfo.java:updateAndGet(143)) - 66ab88db-d69f-4f96-9860-b898e5399db4: start LeaderElection
2019-09-24 21:19:55,310 [Thread-285] INFO  impl.FollowerState (FollowerState.java:run(106)) - 66ab88db-d69f-4f96-9860-b898e5399db4:group-307796CD6AEA changes to CANDIDATE, lastRpcTime:5128, electionTimeout:5128ms
2019-09-24 21:19:55,311 [Thread-285] INFO  impl.RoleInfo (RoleInfo.java:shutdownFollowerState(121)) - 66ab88db-d69f-4f96-9860-b898e5399db4: shutdown FollowerState
2019-09-24 21:19:55,311 [Thread-285] INFO  impl.RaftServerImpl (RaftServerImpl.java:setRole(174)) - 66ab88db-d69f-4f96-9860-b898e5399db4@group-307796CD6AEA: changes role from  FOLLOWER to CANDIDATE at term 0 for changeToCandidate
2019-09-24 21:19:55,311 [Thread-285] INFO  impl.RoleInfo (RoleInfo.java:updateAndGet(143)) - 66ab88db-d69f-4f96-9860-b898e5399db4: start LeaderElection
2019-09-24 21:19:55,350 [Thread-298] INFO  impl.FollowerState (FollowerState.java:run(106)) - c1e0fc5a-7ae4-45d0-a105-709cc60ce072:group-A58B6DB2432C changes to CANDIDATE, lastRpcTime:5162, electionTimeout:5162ms
2019-09-24 21:19:55,351 [Thread-298] INFO  impl.RoleInfo (RoleInfo.java:shutdownFollowerState(121)) - c1e0fc5a-7ae4-45d0-a105-709cc60ce072: shutdown FollowerState
2019-09-24 21:19:55,351 [Thread-298] INFO  impl.RaftServerImpl (RaftServerImpl.java:setRole(174)) - c1e0fc5a-7ae4-45d0-a105-709cc60ce072@group-A58B6DB2432C: changes role from  FOLLOWER to CANDIDATE at term 0 for changeToCandidate
2019-09-24 21:19:55,351 [Thread-298] INFO  impl.RoleInfo (RoleInfo.java:updateAndGet(143)) - c1e0fc5a-7ae4-45d0-a105-709cc60ce072: start LeaderElection
2019-09-24 21:19:55,526 [Thread-308] INFO  impl.FollowerState (FollowerState.java:run(106)) - f3cc68b9-8250-46bd-9f8b-0b9d65688440:group-A26FF7157983 changes to CANDIDATE, lastRpcTime:5062, electionTimeout:5062ms
2019-09-24 21:19:55,526 [Thread-308] INFO  impl.RoleInfo (RoleInfo.java:shutdownFollowerState(121)) - f3cc68b9-8250-46bd-9f8b-0b9d65688440: shutdown FollowerState
2019-09-24 21:19:55,526 [Thread-308] INFO  impl.RaftServerImpl (RaftServerImpl.java:setRole(174)) - f3cc68b9-8250-46bd-9f8b-0b9d65688440@group-A26FF7157983: changes role from  FOLLOWER to CANDIDATE at term 0 for changeToCandidate
2019-09-24 21:19:55,526 [Thread-308] INFO  impl.RoleInfo (RoleInfo.java:updateAndGet(143)) - f3cc68b9-8250-46bd-9f8b-0b9d65688440: start LeaderElection
2019-09-24 21:19:55,580 [Thread-310] INFO  impl.FollowerState (FollowerState.java:run(106)) - f3cc68b9-8250-46bd-9f8b-0b9d65688440:group-A58B6DB2432C changes to CANDIDATE, lastRpcTime:5115, electionTimeout:5115ms
2019-09-24 21:19:55,580 [Thread-310] INFO  impl.RoleInfo (RoleInfo.java:shutdownFollowerState(121)) - f3cc68b9-8250-46bd-9f8b-0b9d65688440: shutdown FollowerState
2019-09-24 21:19:55,581 [Thread-310] INFO  impl.RaftServerImpl (RaftServerImpl.java:setRole(174)) - f3cc68b9-8250-46bd-9f8b-0b9d65688440@group-A58B6DB2432C: changes role from  FOLLOWER to CANDIDATE at term 0 for changeToCandidate
2019-09-24 21:19:55,581 [Thread-310] INFO  impl.RoleInfo (RoleInfo.java:updateAndGet(143)) - f3cc68b9-8250-46bd-9f8b-0b9d65688440: start LeaderElection
2019-09-24 21:19:55,593 [Thread-306] INFO  impl.FollowerState (FollowerState.java:run(106)) - f3cc68b9-8250-46bd-9f8b-0b9d65688440:group-A918B51F1DFD changes to CANDIDATE, lastRpcTime:5130, electionTimeout:5130ms
2019-09-24 21:19:55,593 [Thread-306] INFO  impl.RoleInfo (RoleInfo.java:shutdownFollowerState(121)) - f3cc68b9-8250-46bd-9f8b-0b9d65688440: shutdown FollowerState
2019-09-24 21:19:55,593 [Thread-306] INFO  impl.RaftServerImpl (RaftServerImpl.java:setRole(174)) - f3cc68b9-8250-46bd-9f8b-0b9d65688440@group-A918B51F1DFD: changes role from  FOLLOWER to CANDIDATE at term 0 for changeToCandidate
2019-09-24 21:19:55,593 [Thread-306] INFO  impl.RoleInfo (RoleInfo.java:updateAndGet(143)) - f3cc68b9-8250-46bd-9f8b-0b9d65688440: start LeaderElection
2019-09-24 21:19:55,622 [Thread-304] INFO  impl.FollowerState (FollowerState.java:run(106)) - f3cc68b9-8250-46bd-9f8b-0b9d65688440:group-307796CD6AEA changes to CANDIDATE, lastRpcTime:5162, electionTimeout:5161ms
2019-09-24 21:19:55,623 [Thread-304] INFO  impl.RoleInfo (RoleInfo.java:shutdownFollowerState(121)) - f3cc68b9-8250-46bd-9f8b-0b9d65688440: shutdown FollowerState
2019-09-24 21:19:55,623 [Thread-304] INFO  impl.RaftServerImpl (RaftServerImpl.java:setRole(174)) - f3cc68b9-8250-46bd-9f8b-0b9d65688440@group-307796CD6AEA: changes role from  FOLLOWER to CANDIDATE at term 0 for changeToCandidate
2019-09-24 21:19:55,623 [Thread-304] INFO  impl.RoleInfo (RoleInfo.java:updateAndGet(143)) - f3cc68b9-8250-46bd-9f8b-0b9d65688440: start LeaderElection
2019-09-24 21:19:55,645 [Thread-302] INFO  impl.FollowerState (FollowerState.java:run(106)) - f3cc68b9-8250-46bd-9f8b-0b9d65688440:group-C467C04FCD85 changes to CANDIDATE, lastRpcTime:5186, electionTimeout:5186ms
2019-09-24 21:19:55,646 [Thread-302] INFO  impl.RoleInfo (RoleInfo.java:shutdownFollowerState(121)) - f3cc68b9-8250-46bd-9f8b-0b9d65688440: shutdown FollowerState
2019-09-24 21:19:55,646 [Thread-302] INFO  impl.RaftServerImpl (RaftServerImpl.java:setRole(174)) - f3cc68b9-8250-46bd-9f8b-0b9d65688440@group-C467C04FCD85: changes role from  FOLLOWER to CANDIDATE at term 0 for changeToCandidate
2019-09-24 21:19:55,646 [Thread-302] INFO  impl.RoleInfo (RoleInfo.java:updateAndGet(143)) - f3cc68b9-8250-46bd-9f8b-0b9d65688440: start LeaderElection
2019-09-24 21:19:56,364 [Thread-319] INFO  impl.FollowerState (FollowerState.java:run(106)) - c1e0fc5a-7ae4-45d0-a105-709cc60ce072:group-71677AE0A12A changes to CANDIDATE, lastRpcTime:5095, electionTimeout:5095ms
2019-09-24 21:19:56,364 [Thread-319] INFO  impl.RoleInfo (RoleInfo.java:shutdownFollowerState(121)) - c1e0fc5a-7ae4-45d0-a105-709cc60ce072: shutdown FollowerState
2019-09-24 21:19:56,364 [Thread-319] INFO  impl.RaftServerImpl (RaftServerImpl.java:setRole(174)) - c1e0fc5a-7ae4-45d0-a105-709cc60ce072@group-71677AE0A12A: changes role from  FOLLOWER to CANDIDATE at term 0 for changeToCandidate
2019-09-24 21:19:56,364 [Thread-319] INFO  impl.RoleInfo (RoleInfo.java:updateAndGet(143)) - c1e0fc5a-7ae4-45d0-a105-709cc60ce072: start LeaderElection
2019-09-24 21:19:56,375 [Thread-321] INFO  impl.FollowerState (FollowerState.java:run(106)) - 66ab88db-d69f-4f96-9860-b898e5399db4:group-71677AE0A12A changes to CANDIDATE, lastRpcTime:5102, electionTimeout:5102ms
2019-09-24 21:19:56,376 [Thread-321] INFO  impl.RoleInfo (RoleInfo.java:shutdownFollowerState(121)) - 66ab88db-d69f-4f96-9860-b898e5399db4: shutdown FollowerState
2019-09-24 21:19:56,376 [Thread-321] INFO  impl.RaftServerImpl (RaftServerImpl.java:setRole(174)) - 66ab88db-d69f-4f96-9860-b898e5399db4@group-71677AE0A12A: changes role from  FOLLOWER to CANDIDATE at term 0 for changeToCandidate
2019-09-24 21:19:56,376 [Thread-321] INFO  impl.RoleInfo (RoleInfo.java:updateAndGet(143)) - 66ab88db-d69f-4f96-9860-b898e5399db4: start LeaderElection
2019-09-24 21:19:56,404 [Thread-317] INFO  impl.FollowerState (FollowerState.java:run(106)) - f3cc68b9-8250-46bd-9f8b-0b9d65688440:group-71677AE0A12A changes to CANDIDATE, lastRpcTime:5139, electionTimeout:5139ms
2019-09-24 21:19:56,404 [Thread-317] INFO  impl.RoleInfo (RoleInfo.java:shutdownFollowerState(121)) - f3cc68b9-8250-46bd-9f8b-0b9d65688440: shutdown FollowerState
2019-09-24 21:19:56,405 [Thread-317] INFO  impl.RaftServerImpl (RaftServerImpl.java:setRole(174)) - f3cc68b9-8250-46bd-9f8b-0b9d65688440@group-71677AE0A12A: changes role from  FOLLOWER to CANDIDATE at term 0 for changeToCandidate
2019-09-24 21:19:56,405 [Thread-317] INFO  impl.RoleInfo (RoleInfo.java:updateAndGet(143)) - f3cc68b9-8250-46bd-9f8b-0b9d65688440: start LeaderElection
2019-09-24 21:19:57,123 [f3cc68b9-8250-46bd-9f8b-0b9d65688440@group-B6B27D799C82:LeaderElection8] INFO  impl.LeaderElection (LeaderElection.java:askForVotes(182)) - f3cc68b9-8250-46bd-9f8b-0b9d65688440@group-B6B27D799C82:LeaderElection8: begin an election at term 1 for -1: [f3cc68b9-8250-46bd-9f8b-0b9d65688440:192.168.36.84:35502], old=null
2019-09-24 21:19:57,123 [c1e0fc5a-7ae4-45d0-a105-709cc60ce072@group-307796CD6AEA:LeaderElection14] INFO  impl.LeaderElection (LeaderElection.java:askForVotes(182)) - c1e0fc5a-7ae4-45d0-a105-709cc60ce072@group-307796CD6AEA:LeaderElection14: begin an election at term 1 for -1: [f3cc68b9-8250-46bd-9f8b-0b9d65688440:192.168.36.84:35502, c1e0fc5a-7ae4-45d0-a105-709cc60ce072:192.168.36.84:33769, 66ab88db-d69f-4f96-9860-b898e5399db4:192.168.36.84:42907], old=null
2019-09-24 21:19:57,124 [f3cc68b9-8250-46bd-9f8b-0b9d65688440@group-B6B27D799C82:LeaderElection8] INFO  impl.RoleInfo (RoleInfo.java:shutdownLeaderElection(134)) - f3cc68b9-8250-46bd-9f8b-0b9d65688440: shutdown LeaderElection
2019-09-24 21:19:57,123 [66ab88db-d69f-4f96-9860-b898e5399db4@group-C467C04FCD85:LeaderElection13] INFO  impl.LeaderElection (LeaderElection.java:askForVotes(182)) - 66ab88db-d69f-4f96-9860-b898e5399db4@group-C467C04FCD85:LeaderElection13: begin an election at term 1 for -1: [f3cc68b9-8250-46bd-9f8b-0b9d65688440:192.168.36.84:35502, c1e0fc5a-7ae4-45d0-a105-709cc60ce072:192.168.36.84:33769, 66ab88db-d69f-4f96-9860-b898e5399db4:192.168.36.84:42907], old=null
2019-09-24 21:19:57,124 [c1e0fc5a-7ae4-45d0-a105-709cc60ce072@group-A58B6DB2432C:LeaderElection21] INFO  impl.LeaderElection (LeaderElection.java:askForVotes(182)) - c1e0fc5a-7ae4-45d0-a105-709cc60ce072@group-A58B6DB2432C:LeaderElection21: begin an election at term 1 for -1: [f3cc68b9-8250-46bd-9f8b-0b9d65688440:192.168.36.84:35502, c1e0fc5a-7ae4-45d0-a105-709cc60ce072:192.168.36.84:33769, 66ab88db-d69f-4f96-9860-b898e5399db4:192.168.36.84:42907], old=null
2019-09-24 21:19:57,123 [66ab88db-d69f-4f96-9860-b898e5399db4@group-E596A2B7CC13:LeaderElection9] INFO  impl.LeaderElection (LeaderElection.java:askForVotes(182)) - 66ab88db-d69f-4f96-9860-b898e5399db4@group-E596A2B7CC13:LeaderElection9: begin an election at term 3 for -1: [f3cc68b9-8250-46bd-9f8b-0b9d65688440:192.168.36.84:35502, c1e0fc5a-7ae4-45d0-a105-709cc60ce072:192.168.36.84:33769, 66ab88db-d69f-4f96-9860-b898e5399db4:192.168.36.84:42907], old=null
2019-09-24 21:19:57,123 [c1e0fc5a-7ae4-45d0-a105-709cc60ce072@group-C467C04FCD85:LeaderElection12] INFO  impl.LeaderElection (LeaderElection.java:askForVotes(182)) - c1e0fc5a-7ae4-45d0-a105-709cc60ce072@group-C467C04FCD85:LeaderElection12: begin an election at term 1 for -1: [f3cc68b9-8250-46bd-9f8b-0b9d65688440:192.168.36.84:35502, c1e0fc5a-7ae4-45d0-a105-709cc60ce072:192.168.36.84:33769, 66ab88db-d69f-4f96-9860-b898e5399db4:192.168.36.84:42907], old=null
2019-09-24 21:19:57,123 [c1e0fc5a-7ae4-45d0-a105-709cc60ce072@group-E596A2B7CC13:LeaderElection11] INFO  impl.LeaderElection (LeaderElection.java:askForVotes(182)) - c1e0fc5a-7ae4-45d0-a105-709cc60ce072@group-E596A2B7CC13:LeaderElection11: begin an election at term 3 for -1: [f3cc68b9-8250-46bd-9f8b-0b9d65688440:192.168.36.84:35502, c1e0fc5a-7ae4-45d0-a105-709cc60ce072:192.168.36.84:33769, 66ab88db-d69f-4f96-9860-b898e5399db4:192.168.36.84:42907], old=null
2019-09-24 21:19:57,123 [f3cc68b9-8250-46bd-9f8b-0b9d65688440@group-E596A2B7CC13:LeaderElection10] INFO  impl.LeaderElection (LeaderElection.java:askForVotes(182)) - f3cc68b9-8250-46bd-9f8b-0b9d65688440@group-E596A2B7CC13:LeaderElection10: begin an election at term 3 for -1: [f3cc68b9-8250-46bd-9f8b-0b9d65688440:192.168.36.84:35502, c1e0fc5a-7ae4-45d0-a105-709cc60ce072:192.168.36.84:33769, 66ab88db-d69f-4f96-9860-b898e5399db4:192.168.36.84:42907], old=null
2019-09-24 21:19:57,124 [f3cc68b9-8250-46bd-9f8b-0b9d65688440@group-A58B6DB2432C:LeaderElection23] INFO  impl.LeaderElection (LeaderElection.java:askForVotes(182)) - f3cc68b9-8250-46bd-9f8b-0b9d65688440@group-A58B6DB2432C:LeaderElection23: begin an election at term 1 for -1: [f3cc68b9-8250-46bd-9f8b-0b9d65688440:192.168.36.84:35502, c1e0fc5a-7ae4-45d0-a105-709cc60ce072:192.168.36.84:33769, 66ab88db-d69f-4f96-9860-b898e5399db4:192.168.36.84:42907], old=null
2019-09-24 21:19:57,124 [66ab88db-d69f-4f96-9860-b898e5399db4@group-A918B51F1DFD:LeaderElection19] INFO  impl.LeaderElection (LeaderElection.java:askForVotes(182)) - 66ab88db-d69f-4f96-9860-b898e5399db4@group-A918B51F1DFD:LeaderElection19: begin an election at term 1 for -1: [f3cc68b9-8250-46bd-9f8b-0b9d65688440:192.168.36.84:35502, c1e0fc5a-7ae4-45d0-a105-709cc60ce072:192.168.36.84:33769, 66ab88db-d69f-4f96-9860-b898e5399db4:192.168.36.84:42907], old=null
2019-09-24 21:19:57,124 [f3cc68b9-8250-46bd-9f8b-0b9d65688440@group-A918B51F1DFD:LeaderElection24] INFO  impl.LeaderElection (LeaderElection.java:askForVotes(182)) - f3cc68b9-8250-46bd-9f8b-0b9d65688440@group-A918B51F1DFD:LeaderElection24: begin an election at term 1 for -1: [f3cc68b9-8250-46bd-9f8b-0b9d65688440:192.168.36.84:35502, c1e0fc5a-7ae4-45d0-a105-709cc60ce072:192.168.36.84:33769, 66ab88db-d69f-4f96-9860-b898e5399db4:192.168.36.84:42907], old=null
2019-09-24 21:19:57,124 [66ab88db-d69f-4f96-9860-b898e5399db4@group-71677AE0A12A:LeaderElection28] INFO  impl.LeaderElection (LeaderElection.java:askForVotes(182)) - 66ab88db-d69f-4f96-9860-b898e5399db4@group-71677AE0A12A:LeaderElection28: begin an election at term 1 for -1: [f3cc68b9-8250-46bd-9f8b-0b9d65688440:192.168.36.84:35502, c1e0fc5a-7ae4-45d0-a105-709cc60ce072:192.168.36.84:33769, 66ab88db-d69f-4f96-9860-b898e5399db4:192.168.36.84:42907], old=null
2019-09-24 21:19:57,124 [f3cc68b9-8250-46bd-9f8b-0b9d65688440@group-307796CD6AEA:LeaderElection25] INFO  impl.LeaderElection (LeaderElection.java:askForVotes(182)) - f3cc68b9-8250-46bd-9f8b-0b9d65688440@group-307796CD6AEA:LeaderElection25: begin an election at term 1 for -1: [f3cc68b9-8250-46bd-9f8b-0b9d65688440:192.168.36.84:35502, c1e0fc5a-7ae4-45d0-a105-709cc60ce072:192.168.36.84:33769, 66ab88db-d69f-4f96-9860-b898e5399db4:192.168.36.84:42907], old=null
2019-09-24 21:19:57,124 [f3cc68b9-8250-46bd-9f8b-0b9d65688440@group-71677AE0A12A:LeaderElection29] INFO  impl.LeaderElection (LeaderElection.java:askForVotes(182)) - f3cc68b9-8250-46bd-9f8b-0b9d65688440@group-71677AE0A12A:LeaderElection29: begin an election at term 1 for -1: [f3cc68b9-8250-46bd-9f8b-0b9d65688440:192.168.36.84:35502, c1e0fc5a-7ae4-45d0-a105-709cc60ce072:192.168.36.84:33769, 66ab88db-d69f-4f96-9860-b898e5399db4:192.168.36.84:42907], old=null
2019-09-24 21:19:57,124 [f3cc68b9-8250-46bd-9f8b-0b9d65688440@group-C467C04FCD85:LeaderElection26] INFO  impl.LeaderElection (LeaderElection.java:askForVotes(182)) - f3cc68b9-8250-46bd-9f8b-0b9d65688440@group-C467C04FCD85:LeaderElection26: begin an election at term 1 for -1: [f3cc68b9-8250-46bd-9f8b-0b9d65688440:192.168.36.84:35502, c1e0fc5a-7ae4-45d0-a105-709cc60ce072:192.168.36.84:33769, 66ab88db-d69f-4f96-9860-b898e5399db4:192.168.36.84:42907], old=null
2019-09-24 21:19:57,124 [66ab88db-d69f-4f96-9860-b898e5399db4@group-A58B6DB2432C:LeaderElection17] INFO  impl.LeaderElection (LeaderElection.java:askForVotes(182)) - 66ab88db-d69f-4f96-9860-b898e5399db4@group-A58B6DB2432C:LeaderElection17: begin an election at term 1 for -1: [f3cc68b9-8250-46bd-9f8b-0b9d65688440:192.168.36.84:35502, c1e0fc5a-7ae4-45d0-a105-709cc60ce072:192.168.36.84:33769, 66ab88db-d69f-4f96-9860-b898e5399db4:192.168.36.84:42907], old=null
2019-09-24 21:19:57,124 [66ab88db-d69f-4f96-9860-b898e5399db4@group-A26FF7157983:LeaderElection15] INFO  impl.LeaderElection (LeaderElection.java:askForVotes(182)) - 66ab88db-d69f-4f96-9860-b898e5399db4@group-A26FF7157983:LeaderElection15: begin an election at term 1 for -1: [f3cc68b9-8250-46bd-9f8b-0b9d65688440:192.168.36.84:35502, c1e0fc5a-7ae4-45d0-a105-709cc60ce072:192.168.36.84:33769, 66ab88db-d69f-4f96-9860-b898e5399db4:192.168.36.84:42907], old=null
2019-09-24 21:19:57,124 [66ab88db-d69f-4f96-9860-b898e5399db4@group-307796CD6AEA:LeaderElection20] INFO  impl.LeaderElection (LeaderElection.java:askForVotes(182)) - 66ab88db-d69f-4f96-9860-b898e5399db4@group-307796CD6AEA:LeaderElection20: begin an election at term 1 for -1: [f3cc68b9-8250-46bd-9f8b-0b9d65688440:192.168.36.84:35502, c1e0fc5a-7ae4-45d0-a105-709cc60ce072:192.168.36.84:33769, 66ab88db-d69f-4f96-9860-b898e5399db4:192.168.36.84:42907], old=null
2019-09-24 21:19:57,124 [f3cc68b9-8250-46bd-9f8b-0b9d65688440@group-A26FF7157983:LeaderElection22] INFO  impl.LeaderElection (LeaderElection.java:askForVotes(182)) - f3cc68b9-8250-46bd-9f8b-0b9d65688440@group-A26FF7157983:LeaderElection22: begin an election at term 1 for -1: [f3cc68b9-8250-46bd-9f8b-0b9d65688440:192.168.36.84:35502, c1e0fc5a-7ae4-45d0-a105-709cc60ce072:192.168.36.84:33769, 66ab88db-d69f-4f96-9860-b898e5399db4:192.168.36.84:42907], old=null
2019-09-24 21:19:57,124 [c1e0fc5a-7ae4-45d0-a105-709cc60ce072@group-A918B51F1DFD:LeaderElection18] INFO  impl.LeaderElection (LeaderElection.java:askForVotes(182)) - c1e0fc5a-7ae4-45d0-a105-709cc60ce072@group-A918B51F1DFD:LeaderElection18: begin an election at term 1 for -1: [f3cc68b9-8250-46bd-9f8b-0b9d65688440:192.168.36.84:35502, c1e0fc5a-7ae4-45d0-a105-709cc60ce072:192.168.36.84:33769, 66ab88db-d69f-4f96-9860-b898e5399db4:192.168.36.84:42907], old=null
2019-09-24 21:19:57,124 [c1e0fc5a-7ae4-45d0-a105-709cc60ce072@group-A26FF7157983:LeaderElection16] INFO  impl.LeaderElection (LeaderElection.java:askForVotes(182)) - c1e0fc5a-7ae4-45d0-a105-709cc60ce072@group-A26FF7157983:LeaderElection16: begin an election at term 1 for -1: [f3cc68b9-8250-46bd-9f8b-0b9d65688440:192.168.36.84:35502, c1e0fc5a-7ae4-45d0-a105-709cc60ce072:192.168.36.84:33769, 66ab88db-d69f-4f96-9860-b898e5399db4:192.168.36.84:42907], old=null
2019-09-24 21:19:57,124 [c1e0fc5a-7ae4-45d0-a105-709cc60ce072@group-71677AE0A12A:LeaderElection27] INFO  impl.LeaderElection (LeaderElection.java:askForVotes(182)) - c1e0fc5a-7ae4-45d0-a105-709cc60ce072@group-71677AE0A12A:LeaderElection27: begin an election at term 1 for -1: [f3cc68b9-8250-46bd-9f8b-0b9d65688440:192.168.36.84:35502, c1e0fc5a-7ae4-45d0-a105-709cc60ce072:192.168.36.84:33769, 66ab88db-d69f-4f96-9860-b898e5399db4:192.168.36.84:42907], old=null
2019-09-24 21:19:57,124 [f3cc68b9-8250-46bd-9f8b-0b9d65688440@group-B6B27D799C82:LeaderElection8] INFO  impl.RaftServerImpl (RaftServerImpl.java:setRole(174)) - f3cc68b9-8250-46bd-9f8b-0b9d65688440@group-B6B27D799C82: changes role from CANDIDATE to LEADER at term 1 for changeToLeader
2019-09-24 21:19:57,128 [f3cc68b9-8250-46bd-9f8b-0b9d65688440@group-B6B27D799C82:LeaderElection8] INFO  impl.RaftServerImpl (ServerState.java:setLeader(253)) - f3cc68b9-8250-46bd-9f8b-0b9d65688440@group-B6B27D799C82: change Leader from null to f3cc68b9-8250-46bd-9f8b-0b9d65688440 at term 1 for becomeLeader, leader elected after 19972ms
2019-09-24 21:19:57,131 [f3cc68b9-8250-46bd-9f8b-0b9d65688440@group-B6B27D799C82:LeaderElection8] INFO  server.RaftServerConfigKeys (ConfUtils.java:logGet(43)) - raft.server.staging.catchup.gap = 1000 (default)
2019-09-24 21:19:57,132 [f3cc68b9-8250-46bd-9f8b-0b9d65688440@group-B6B27D799C82:LeaderElection8] INFO  server.RaftServerConfigKeys (ConfUtils.java:logGet(43)) - raft.server.rpc.sleep.time = 25ms (default)
2019-09-24 21:19:57,135 [f3cc68b9-8250-46bd-9f8b-0b9d65688440@group-B6B27D799C82:LeaderElection8] INFO  server.RaftServerConfigKeys (ConfUtils.java:logGet(43)) - raft.server.write.element-limit = 4096 (default)
2019-09-24 21:19:57,136 [f3cc68b9-8250-46bd-9f8b-0b9d65688440@group-B6B27D799C82:LeaderElection8] INFO  server.RaftServerConfigKeys (ConfUtils.java:logGet(43)) - raft.server.watch.timeout = 10s (default)
2019-09-24 21:19:57,136 [f3cc68b9-8250-46bd-9f8b-0b9d65688440@group-B6B27D799C82:LeaderElection8] INFO  server.RaftServerConfigKeys (ConfUtils.java:logGet(43)) - raft.server.watch.timeout.denomination = 1s (default)
2019-09-24 21:19:57,148 [f3cc68b9-8250-46bd-9f8b-0b9d65688440@group-B6B27D799C82:LeaderElection8] INFO  server.RaftServerConfigKeys (ConfUtils.java:logGet(43)) - raft.server.watch.element-limit = 65536 (default)
2019-09-24 21:19:57,151 [f3cc68b9-8250-46bd-9f8b-0b9d65688440@group-B6B27D799C82:LeaderElection8] INFO  impl.RoleInfo (RoleInfo.java:updateAndGet(143)) - f3cc68b9-8250-46bd-9f8b-0b9d65688440: start LeaderState
2019-09-24 21:19:57,152 [f3cc68b9-8250-46bd-9f8b-0b9d65688440@group-B6B27D799C82:LeaderElection8] INFO  segmented.SegmentedRaftLogWorker (SegmentedRaftLogWorker.java:startLogSegment(380)) - f3cc68b9-8250-46bd-9f8b-0b9d65688440@group-B6B27D799C82-SegmentedRaftLogWorker: Starting segment from index:0
2019-09-24 21:19:57,152 [f3cc68b9-8250-46bd-9f8b-0b9d65688440@group-B6B27D799C82:LeaderElection8] INFO  impl.RaftServerImpl (ServerState.java:setRaftConf(354)) - f3cc68b9-8250-46bd-9f8b-0b9d65688440@group-B6B27D799C82: set configuration 0: [f3cc68b9-8250-46bd-9f8b-0b9d65688440:192.168.36.84:35502], old=null at 0
2019-09-24 21:19:57,211 [c1e0fc5a-7ae4-45d0-a105-709cc60ce072@group-307796CD6AEA:LeaderElection14] INFO  impl.LeaderElection (LeaderElection.java:logAndReturn(56)) - c1e0fc5a-7ae4-45d0-a105-709cc60ce072@group-307796CD6AEA:LeaderElection14: Election REJECTED; received 2 response(s) [c1e0fc5a-7ae4-45d0-a105-709cc60ce072<-f3cc68b9-8250-46bd-9f8b-0b9d65688440#0:FAIL-t1, c1e0fc5a-7ae4-45d0-a105-709cc60ce072<-66ab88db-d69f-4f96-9860-b898e5399db4#0:FAIL-t1] and 0 exception(s); c1e0fc5a-7ae4-45d0-a105-709cc60ce072@group-307796CD6AEA:t1, leader=null, voted=c1e0fc5a-7ae4-45d0-a105-709cc60ce072, raftlog=c1e0fc5a-7ae4-45d0-a105-709cc60ce072@group-307796CD6AEA-SegmentedRaftLog:OPENED:c-1,f-1,i0, conf=-1: [f3cc68b9-8250-46bd-9f8b-0b9d65688440:192.168.36.84:35502, c1e0fc5a-7ae4-45d0-a105-709cc60ce072:192.168.36.84:33769, 66ab88db-d69f-4f96-9860-b898e5399db4:192.168.36.84:42907], old=null
2019-09-24 21:19:57,211 [c1e0fc5a-7ae4-45d0-a105-709cc60ce072@group-E596A2B7CC13:LeaderElection11] INFO  impl.LeaderElection (LeaderElection.java:logAndReturn(56)) - c1e0fc5a-7ae4-45d0-a105-709cc60ce072@group-E596A2B7CC13:LeaderElection11: Election REJECTED; received 2 response(s) [c1e0fc5a-7ae4-45d0-a105-709cc60ce072<-f3cc68b9-8250-46bd-9f8b-0b9d65688440#0:FAIL-t3, c1e0fc5a-7ae4-45d0-a105-709cc60ce072<-66ab88db-d69f-4f96-9860-b898e5399db4#0:FAIL-t3] and 0 exception(s); c1e0fc5a-7ae4-45d0-a105-709cc60ce072@group-E596A2B7CC13:t3, leader=null, voted=c1e0fc5a-7ae4-45d0-a105-709cc60ce072, raftlog=c1e0fc5a-7ae4-45d0-a105-709cc60ce072@group-E596A2B7CC13-SegmentedRaftLog:OPENED:c-1,f-1,i0, conf=-1: [f3cc68b9-8250-46bd-9f8b-0b9d65688440:192.168.36.84:35502, c1e0fc5a-7ae4-45d0-a105-709cc60ce072:192.168.36.84:33769, 66ab88db-d69f-4f96-9860-b898e5399db4:192.168.36.84:42907], old=null
2019-09-24 21:19:57,211 [c1e0fc5a-7ae4-45d0-a105-709cc60ce072@group-A58B6DB2432C:LeaderElection21] INFO  impl.LeaderElection (LeaderElection.java:logAndReturn(56)) - c1e0fc5a-7ae4-45d0-a105-709cc60ce072@group-A58B6DB2432C:LeaderElection21: Election REJECTED; received 2 response(s) [c1e0fc5a-7ae4-45d0-a105-709cc60ce072<-f3cc68b9-8250-46bd-9f8b-0b9d65688440#0:FAIL-t1, c1e0fc5a-7ae4-45d0-a105-709cc60ce072<-66ab88db-d69f-4f96-9860-b898e5399db4#0:FAIL-t1] and 0 exception(s); c1e0fc5a-7ae4-45d0-a105-709cc60ce072@group-A58B6DB2432C:t1, leader=null, voted=c1e0fc5a-7ae4-45d0-a105-709cc60ce072, raftlog=c1e0fc5a-7ae4-45d0-a105-709cc60ce072@group-A58B6DB2432C-SegmentedRaftLog:OPENED:c-1,f-1,i0, conf=-1: [f3cc68b9-8250-46bd-9f8b-0b9d65688440:192.168.36.84:35502, c1e0fc5a-7ae4-45d0-a105-709cc60ce072:192.168.36.84:33769, 66ab88db-d69f-4f96-9860-b898e5399db4:192.168.36.84:42907], old=null
2019-09-24 21:19:57,211 [c1e0fc5a-7ae4-45d0-a105-709cc60ce072@group-307796CD6AEA:LeaderElection14] INFO  impl.RaftServerImpl (RaftServerImpl.java:setRole(174)) - c1e0fc5a-7ae4-45d0-a105-709cc60ce072@group-307796CD6AEA: changes role from CANDIDATE to FOLLOWER at term 1 for DISCOVERED_A_NEW_TERM
2019-09-24 21:19:57,217 [c1e0fc5a-7ae4-45d0-a105-709cc60ce072@group-E596A2B7CC13:LeaderElection11] INFO  impl.RaftServerImpl (RaftServerImpl.java:setRole(174)) - c1e0fc5a-7ae4-45d0-a105-709cc60ce072@group-E596A2B7CC13: changes role from CANDIDATE to FOLLOWER at term 3 for DISCOVERED_A_NEW_TERM
2019-09-24 21:19:57,217 [c1e0fc5a-7ae4-45d0-a105-709cc60ce072@group-A58B6DB2432C:LeaderElection21] INFO  impl.RaftServerImpl (RaftServerImpl.java:setRole(174)) - c1e0fc5a-7ae4-45d0-a105-709cc60ce072@group-A58B6DB2432C: changes role from CANDIDATE to FOLLOWER at term 1 for DISCOVERED_A_NEW_TERM
2019-09-24 21:19:57,221 [c1e0fc5a-7ae4-45d0-a105-709cc60ce072@group-E596A2B7CC13:LeaderElection11] INFO  impl.RoleInfo (RoleInfo.java:shutdownLeaderElection(134)) - c1e0fc5a-7ae4-45d0-a105-709cc60ce072: shutdown LeaderElection
2019-09-24 21:19:57,221 [f3cc68b9-8250-46bd-9f8b-0b9d65688440@group-307796CD6AEA:LeaderElection25] INFO  impl.LeaderElection (LeaderElection.java:logAndReturn(56)) - f3cc68b9-8250-46bd-9f8b-0b9d65688440@group-307796CD6AEA:LeaderElection25: Election REJECTED; received 2 response(s) [f3cc68b9-8250-46bd-9f8b-0b9d65688440<-c1e0fc5a-7ae4-45d0-a105-709cc60ce072#0:FAIL-t1, f3cc68b9-8250-46bd-9f8b-0b9d65688440<-66ab88db-d69f-4f96-9860-b898e5399db4#0:FAIL-t1] and 0 exception(s); f3cc68b9-8250-46bd-9f8b-0b9d65688440@group-307796CD6AEA:t1, leader=null, voted=f3cc68b9-8250-46bd-9f8b-0b9d65688440, raftlog=f3cc68b9-8250-46bd-9f8b-0b9d65688440@group-307796CD6AEA-SegmentedRaftLog:OPENED:c-1,f-1,i0, conf=-1: [f3cc68b9-8250-46bd-9f8b-0b9d65688440:192.168.36.84:35502, c1e0fc5a-7ae4-45d0-a105-709cc60ce072:192.168.36.84:33769, 66ab88db-d69f-4f96-9860-b898e5399db4:192.168.36.84:42907], old=null
2019-09-24 21:19:57,221 [f3cc68b9-8250-46bd-9f8b-0b9d65688440@group-A58B6DB2432C:LeaderElection23] INFO  impl.LeaderElection (LeaderElection.java:logAndReturn(56)) - f3cc68b9-8250-46bd-9f8b-0b9d65688440@group-A58B6DB2432C:LeaderElection23: Election REJECTED; received 2 response(s) [f3cc68b9-8250-46bd-9f8b-0b9d65688440<-c1e0fc5a-7ae4-45d0-a105-709cc60ce072#0:FAIL-t1, f3cc68b9-8250-46bd-9f8b-0b9d65688440<-66ab88db-d69f-4f96-9860-b898e5399db4#0:FAIL-t1] and 0 exception(s); f3cc68b9-8250-46bd-9f8b-0b9d65688440@group-A58B6DB2432C:t1, leader=null, voted=f3cc68b9-8250-46bd-9f8b-0b9d65688440, raftlog=f3cc68b9-8250-46bd-9f8b-0b9d65688440@group-A58B6DB2432C-SegmentedRaftLog:OPENED:c-1,f-1,i0, conf=-1: [f3cc68b9-8250-46bd-9f8b-0b9d65688440:192.168.36.84:35502, c1e0fc5a-7ae4-45d0-a105-709cc60ce072:192.168.36.84:33769, 66ab88db-d69f-4f96-9860-b898e5399db4:192.168.36.84:42907], old=null
2019-09-24 21:19:57,221 [c1e0fc5a-7ae4-45d0-a105-709cc60ce072@group-C467C04FCD85:LeaderElection12] INFO  impl.LeaderElection (LeaderElection.java:logAndReturn(56)) - c1e0fc5a-7ae4-45d0-a105-709cc60ce072@group-C467C04FCD85:LeaderElection12: Election REJECTED; received 2 response(s) [c1e0fc5a-7ae4-45d0-a105-709cc60ce072<-f3cc68b9-8250-46bd-9f8b-0b9d65688440#0:FAIL-t1, c1e0fc5a-7ae4-45d0-a105-709cc60ce072<-66ab88db-d69f-4f96-9860-b898e5399db4#0:FAIL-t1] and 0 exception(s); c1e0fc5a-7ae4-45d0-a105-709cc60ce072@group-C467C04FCD85:t1, leader=null, voted=c1e0fc5a-7ae4-45d0-a105-709cc60ce072, raftlog=c1e0fc5a-7ae4-45d0-a105-709cc60ce072@group-C467C04FCD85-SegmentedRaftLog:OPENED:c-1,f-1,i0, conf=-1: [f3cc68b9-8250-46bd-9f8b-0b9d65688440:192.168.36.84:35502, c1e0fc5a-7ae4-45d0-a105-709cc60ce072:192.168.36.84:33769, 66ab88db-d69f-4f96-9860-b898e5399db4:192.168.36.84:42907], old=null
2019-09-24 21:19:57,219 [c1e0fc5a-7ae4-45d0-a105-709cc60ce072@group-307796CD6AEA:LeaderElection14] INFO  impl.RoleInfo (RoleInfo.java:shutdownLeaderElection(134)) - c1e0fc5a-7ae4-45d0-a105-709cc60ce072: shutdown LeaderElection
2019-09-24 21:19:57,229 [c1e0fc5a-7ae4-45d0-a105-709cc60ce072@group-C467C04FCD85:LeaderElection12] INFO  impl.RaftServerImpl (RaftServerImpl.java:setRole(174)) - c1e0fc5a-7ae4-45d0-a105-709cc60ce072@group-C467C04FCD85: changes role from CANDIDATE to FOLLOWER at term 1 for DISCOVERED_A_NEW_TERM
2019-09-24 21:19:57,227 [f3cc68b9-8250-46bd-9f8b-0b9d65688440@group-A58B6DB2432C:LeaderElection23] INFO  impl.RaftServerImpl (RaftServerImpl.java:setRole(174)) - f3cc68b9-8250-46bd-9f8b-0b9d65688440@group-A58B6DB2432C: changes role from CANDIDATE to FOLLOWER at term 1 for DISCOVERED_A_NEW_TERM
2019-09-24 21:19:57,221 [f3cc68b9-8250-46bd-9f8b-0b9d65688440@group-307796CD6AEA:LeaderElection25] INFO  impl.RaftServerImpl (RaftServerImpl.java:setRole(174)) - f3cc68b9-8250-46bd-9f8b-0b9d65688440@group-307796CD6AEA: changes role from CANDIDATE to FOLLOWER at term 1 for DISCOVERED_A_NEW_TERM
2019-09-24 21:19:57,235 [f3cc68b9-8250-46bd-9f8b-0b9d65688440@group-307796CD6AEA:LeaderElection25] INFO  impl.RoleInfo (RoleInfo.java:shutdownLeaderElection(134)) - f3cc68b9-8250-46bd-9f8b-0b9d65688440: shutdown LeaderElection
2019-09-24 21:19:57,221 [c1e0fc5a-7ae4-45d0-a105-709cc60ce072@group-E596A2B7CC13:LeaderElection11] INFO  impl.RoleInfo (RoleInfo.java:updateAndGet(143)) - c1e0fc5a-7ae4-45d0-a105-709cc60ce072: start FollowerState
2019-09-24 21:19:57,221 [c1e0fc5a-7ae4-45d0-a105-709cc60ce072@group-A58B6DB2432C:LeaderElection21] INFO  impl.RoleInfo (RoleInfo.java:shutdownLeaderElection(134)) - c1e0fc5a-7ae4-45d0-a105-709cc60ce072: shutdown LeaderElection
2019-09-24 21:19:57,236 [f3cc68b9-8250-46bd-9f8b-0b9d65688440@group-307796CD6AEA:LeaderElection25] INFO  impl.RoleInfo (RoleInfo.java:updateAndGet(143)) - f3cc68b9-8250-46bd-9f8b-0b9d65688440: start FollowerState
2019-09-24 21:19:57,235 [f3cc68b9-8250-46bd-9f8b-0b9d65688440@group-A58B6DB2432C:LeaderElection23] INFO  impl.RoleInfo (RoleInfo.java:shutdownLeaderElection(134)) - f3cc68b9-8250-46bd-9f8b-0b9d65688440: shutdown LeaderElection
2019-09-24 21:19:57,235 [c1e0fc5a-7ae4-45d0-a105-709cc60ce072@group-C467C04FCD85:LeaderElection12] INFO  impl.RoleInfo (RoleInfo.java:shutdownLeaderElection(134)) - c1e0fc5a-7ae4-45d0-a105-709cc60ce072: shutdown LeaderElection
2019-09-24 21:19:57,235 [c1e0fc5a-7ae4-45d0-a105-709cc60ce072@group-307796CD6AEA:LeaderElection14] INFO  impl.RoleInfo (RoleInfo.java:updateAndGet(143)) - c1e0fc5a-7ae4-45d0-a105-709cc60ce072: start FollowerState
2019-09-24 21:19:57,245 [66ab88db-d69f-4f96-9860-b898e5399db4@group-A918B51F1DFD:LeaderElection19] INFO  impl.LeaderElection (LeaderElection.java:logAndReturn(56)) - 66ab88db-d69f-4f96-9860-b898e5399db4@group-A918B51F1DFD:LeaderElection19: Election REJECTED; received 2 response(s) [66ab88db-d69f-4f96-9860-b898e5399db4<-f3cc68b9-8250-46bd-9f8b-0b9d65688440#0:FAIL-t1, 66ab88db-d69f-4f96-9860-b898e5399db4<-c1e0fc5a-7ae4-45d0-a105-709cc60ce072#0:FAIL-t1] and 0 exception(s); 66ab88db-d69f-4f96-9860-b898e5399db4@group-A918B51F1DFD:t1, leader=null, voted=66ab88db-d69f-4f96-9860-b898e5399db4, raftlog=66ab88db-d69f-4f96-9860-b898e5399db4@group-A918B51F1DFD-SegmentedRaftLog:OPENED:c-1,f-1,i0, conf=-1: [f3cc68b9-8250-46bd-9f8b-0b9d65688440:192.168.36.84:35502, c1e0fc5a-7ae4-45d0-a105-709cc60ce072:192.168.36.84:33769, 66ab88db-d69f-4f96-9860-b898e5399db4:192.168.36.84:42907], old=null
2019-09-24 21:19:57,245 [66ab88db-d69f-4f96-9860-b898e5399db4@group-E596A2B7CC13:LeaderElection9] INFO  impl.LeaderElection (LeaderElection.java:logAndReturn(56)) - 66ab88db-d69f-4f96-9860-b898e5399db4@group-E596A2B7CC13:LeaderElection9: Election REJECTED; received 2 response(s) [66ab88db-d69f-4f96-9860-b898e5399db4<-f3cc68b9-8250-46bd-9f8b-0b9d65688440#0:FAIL-t3, 66ab88db-d69f-4f96-9860-b898e5399db4<-c1e0fc5a-7ae4-45d0-a105-709cc60ce072#0:FAIL-t3] and 0 exception(s); 66ab88db-d69f-4f96-9860-b898e5399db4@group-E596A2B7CC13:t3, leader=null, voted=66ab88db-d69f-4f96-9860-b898e5399db4, raftlog=66ab88db-d69f-4f96-9860-b898e5399db4@group-E596A2B7CC13-SegmentedRaftLog:OPENED:c-1,f-1,i0, conf=-1: [f3cc68b9-8250-46bd-9f8b-0b9d65688440:192.168.36.84:35502, c1e0fc5a-7ae4-45d0-a105-709cc60ce072:192.168.36.84:33769, 66ab88db-d69f-4f96-9860-b898e5399db4:192.168.36.84:42907], old=null
2019-09-24 21:19:57,245 [f3cc68b9-8250-46bd-9f8b-0b9d65688440@group-A918B51F1DFD:LeaderElection24] INFO  impl.LeaderElection (LeaderElection.java:logAndReturn(56)) - f3cc68b9-8250-46bd-9f8b-0b9d65688440@group-A918B51F1DFD:LeaderElection24: Election REJECTED; received 2 response(s) [f3cc68b9-8250-46bd-9f8b-0b9d65688440<-c1e0fc5a-7ae4-45d0-a105-709cc60ce072#0:FAIL-t1, f3cc68b9-8250-46bd-9f8b-0b9d65688440<-66ab88db-d69f-4f96-9860-b898e5399db4#0:FAIL-t1] and 0 exception(s); f3cc68b9-8250-46bd-9f8b-0b9d65688440@group-A918B51F1DFD:t1, leader=null, voted=f3cc68b9-8250-46bd-9f8b-0b9d65688440, raftlog=f3cc68b9-8250-46bd-9f8b-0b9d65688440@group-A918B51F1DFD-SegmentedRaftLog:OPENED:c-1,f-1,i0, conf=-1: [f3cc68b9-8250-46bd-9f8b-0b9d65688440:192.168.36.84:35502, c1e0fc5a-7ae4-45d0-a105-709cc60ce072:192.168.36.84:33769, 66ab88db-d69f-4f96-9860-b898e5399db4:192.168.36.84:42907], old=null
2019-09-24 21:19:57,245 [f3cc68b9-8250-46bd-9f8b-0b9d65688440@group-A26FF7157983:LeaderElection22] INFO  impl.LeaderElection (LeaderElection.java:logAndReturn(56)) - f3cc68b9-8250-46bd-9f8b-0b9d65688440@group-A26FF7157983:LeaderElection22: Election REJECTED; received 2 response(s) [f3cc68b9-8250-46bd-9f8b-0b9d65688440<-c1e0fc5a-7ae4-45d0-a105-709cc60ce072#0:FAIL-t1, f3cc68b9-8250-46bd-9f8b-0b9d65688440<-66ab88db-d69f-4f96-9860-b898e5399db4#0:FAIL-t1] and 0 exception(s); f3cc68b9-8250-46bd-9f8b-0b9d65688440@group-A26FF7157983:t1, leader=null, voted=f3cc68b9-8250-46bd-9f8b-0b9d65688440, raftlog=f3cc68b9-8250-46bd-9f8b-0b9d65688440@group-A26FF7157983-SegmentedRaftLog:OPENED:c-1,f-1,i0, conf=-1: [f3cc68b9-8250-46bd-9f8b-0b9d65688440:192.168.36.84:35502, c1e0fc5a-7ae4-45d0-a105-709cc60ce072:192.168.36.84:33769, 66ab88db-d69f-4f96-9860-b898e5399db4:192.168.36.84:42907], old=null
2019-09-24 21:19:57,245 [c1e0fc5a-7ae4-45d0-a105-709cc60ce072@group-C467C04FCD85:LeaderElection12] INFO  impl.RoleInfo (RoleInfo.java:updateAndGet(143)) - c1e0fc5a-7ae4-45d0-a105-709cc60ce072: start FollowerState
2019-09-24 21:19:57,244 [f3cc68b9-8250-46bd-9f8b-0b9d65688440@group-A58B6DB2432C:LeaderElection23] INFO  impl.RoleInfo (RoleInfo.java:updateAndGet(143)) - f3cc68b9-8250-46bd-9f8b-0b9d65688440: start FollowerState
2019-09-24 21:19:57,237 [c1e0fc5a-7ae4-45d0-a105-709cc60ce072@group-A58B6DB2432C:LeaderElection21] INFO  impl.RoleInfo (RoleInfo.java:updateAndGet(143)) - c1e0fc5a-7ae4-45d0-a105-709cc60ce072: start FollowerState
2019-09-24 21:19:57,254 [f3cc68b9-8250-46bd-9f8b-0b9d65688440@group-71677AE0A12A:LeaderElection29] INFO  impl.LeaderElection (LeaderElection.java:logAndReturn(56)) - f3cc68b9-8250-46bd-9f8b-0b9d65688440@group-71677AE0A12A:LeaderElection29: Election REJECTED; received 2 response(s) [f3cc68b9-8250-46bd-9f8b-0b9d65688440<-c1e0fc5a-7ae4-45d0-a105-709cc60ce072#0:FAIL-t1, f3cc68b9-8250-46bd-9f8b-0b9d65688440<-66ab88db-d69f-4f96-9860-b898e5399db4#0:FAIL-t1] and 0 exception(s); f3cc68b9-8250-46bd-9f8b-0b9d65688440@group-71677AE0A12A:t1, leader=null, voted=f3cc68b9-8250-46bd-9f8b-0b9d65688440, raftlog=f3cc68b9-8250-46bd-9f8b-0b9d65688440@group-71677AE0A12A-SegmentedRaftLog:OPENED:c-1,f-1,i0, conf=-1: [f3cc68b9-8250-46bd-9f8b-0b9d65688440:192.168.36.84:35502, c1e0fc5a-7ae4-45d0-a105-709cc60ce072:192.168.36.84:33769, 66ab88db-d69f-4f96-9860-b898e5399db4:192.168.36.84:42907], old=null
2019-09-24 21:19:57,253 [f3cc68b9-8250-46bd-9f8b-0b9d65688440@group-A26FF7157983:LeaderElection22] INFO  impl.RaftServerImpl (RaftServerImpl.java:setRole(174)) - f3cc68b9-8250-46bd-9f8b-0b9d65688440@group-A26FF7157983: changes role from CANDIDATE to FOLLOWER at term 1 for DISCOVERED_A_NEW_TERM
2019-09-24 21:19:57,253 [66ab88db-d69f-4f96-9860-b898e5399db4@group-A58B6DB2432C:LeaderElection17] INFO  impl.LeaderElection (LeaderElection.java:logAndReturn(56)) - 66ab88db-d69f-4f96-9860-b898e5399db4@group-A58B6DB2432C:LeaderElection17: Election REJECTED; received 2 response(s) [66ab88db-d69f-4f96-9860-b898e5399db4<-f3cc68b9-8250-46bd-9f8b-0b9d65688440#0:FAIL-t1, 66ab88db-d69f-4f96-9860-b898e5399db4<-c1e0fc5a-7ae4-45d0-a105-709cc60ce072#0:FAIL-t1] and 0 exception(s); 66ab88db-d69f-4f96-9860-b898e5399db4@group-A58B6DB2432C:t1, leader=null, voted=66ab88db-d69f-4f96-9860-b898e5399db4, raftlog=66ab88db-d69f-4f96-9860-b898e5399db4@group-A58B6DB2432C-SegmentedRaftLog:OPENED:c-1,f-1,i0, conf=-1: [f3cc68b9-8250-46bd-9f8b-0b9d65688440:192.168.36.84:35502, c1e0fc5a-7ae4-45d0-a105-709cc60ce072:192.168.36.84:33769, 66ab88db-d69f-4f96-9860-b898e5399db4:192.168.36.84:42907], old=null
2019-09-24 21:19:57,253 [f3cc68b9-8250-46bd-9f8b-0b9d65688440@group-A918B51F1DFD:LeaderElection24] INFO  impl.RaftServerImpl (RaftServerImpl.java:setRole(174)) - f3cc68b9-8250-46bd-9f8b-0b9d65688440@group-A918B51F1DFD: changes role from CANDIDATE to FOLLOWER at term 1 for DISCOVERED_A_NEW_TERM
2019-09-24 21:19:57,247 [66ab88db-d69f-4f96-9860-b898e5399db4@group-E596A2B7CC13:LeaderElection9] INFO  impl.RaftServerImpl (RaftServerImpl.java:setRole(174)) - 66ab88db-d69f-4f96-9860-b898e5399db4@group-E596A2B7CC13: changes role from CANDIDATE to FOLLOWER at term 3 for DISCOVERED_A_NEW_TERM
2019-09-24 21:19:57,245 [66ab88db-d69f-4f96-9860-b898e5399db4@group-C467C04FCD85:LeaderElection13] INFO  impl.LeaderElection (LeaderElection.java:logAndReturn(56)) - 66ab88db-d69f-4f96-9860-b898e5399db4@group-C467C04FCD85:LeaderElection13: Election REJECTED; received 2 response(s) [66ab88db-d69f-4f96-9860-b898e5399db4<-f3cc68b9-8250-46bd-9f8b-0b9d65688440#0:FAIL-t1, 66ab88db-d69f-4f96-9860-b898e5399db4<-c1e0fc5a-7ae4-45d0-a105-709cc60ce072#0:FAIL-t1] and 0 exception(s); 66ab88db-d69f-4f96-9860-b898e5399db4@group-C467C04FCD85:t1, leader=null, voted=66ab88db-d69f-4f96-9860-b898e5399db4, raftlog=66ab88db-d69f-4f96-9860-b898e5399db4@group-C467C04FCD85-SegmentedRaftLog:OPENED:c-1,f-1,i0, conf=-1: [f3cc68b9-8250-46bd-9f8b-0b9d65688440:192.168.36.84:35502, c1e0fc5a-7ae4-45d0-a105-709cc60ce072:192.168.36.84:33769, 66ab88db-d69f-4f96-9860-b898e5399db4:192.168.36.84:42907], old=null
2019-09-24 21:19:57,245 [f3cc68b9-8250-46bd-9f8b-0b9d65688440@group-C467C04FCD85:LeaderElection26] INFO  impl.LeaderElection (LeaderElection.java:logAndReturn(56)) - f3cc68b9-8250-46bd-9f8b-0b9d65688440@group-C467C04FCD85:LeaderElection26: Election REJECTED; received 2 response(s) [f3cc68b9-8250-46bd-9f8b-0b9d65688440<-c1e0fc5a-7ae4-45d0-a105-709cc60ce072#0:FAIL-t1, f3cc68b9-8250-46bd-9f8b-0b9d65688440<-66ab88db-d69f-4f96-9860-b898e5399db4#0:FAIL-t1] and 0 exception(s); f3cc68b9-8250-46bd-9f8b-0b9d65688440@group-C467C04FCD85:t1, leader=null, voted=f3cc68b9-8250-46bd-9f8b-0b9d65688440, raftlog=f3cc68b9-8250-46bd-9f8b-0b9d65688440@group-C467C04FCD85-SegmentedRaftLog:OPENED:c-1,f-1,i0, conf=-1: [f3cc68b9-8250-46bd-9f8b-0b9d65688440:192.168.36.84:35502, c1e0fc5a-7ae4-45d0-a105-709cc60ce072:192.168.36.84:33769, 66ab88db-d69f-4f96-9860-b898e5399db4:192.168.36.84:42907], old=null
2019-09-24 21:19:57,245 [66ab88db-d69f-4f96-9860-b898e5399db4@group-A918B51F1DFD:LeaderElection19] INFO  impl.RaftServerImpl (RaftServerImpl.java:setRole(174)) - 66ab88db-d69f-4f96-9860-b898e5399db4@group-A918B51F1DFD: changes role from CANDIDATE to FOLLOWER at term 1 for DISCOVERED_A_NEW_TERM
2019-09-24 21:19:57,262 [66ab88db-d69f-4f96-9860-b898e5399db4@group-A918B51F1DFD:LeaderElection19] INFO  impl.RoleInfo (RoleInfo.java:shutdownLeaderElection(134)) - 66ab88db-d69f-4f96-9860-b898e5399db4: shutdown LeaderElection
2019-09-24 21:19:57,245 [66ab88db-d69f-4f96-9860-b898e5399db4@group-71677AE0A12A:LeaderElection28] INFO  impl.LeaderElection (LeaderElection.java:logAndReturn(56)) - 66ab88db-d69f-4f96-9860-b898e5399db4@group-71677AE0A12A:LeaderElection28: Election REJECTED; received 2 response(s) [66ab88db-d69f-4f96-9860-b898e5399db4<-f3cc68b9-8250-46bd-9f8b-0b9d65688440#0:FAIL-t1, 66ab88db-d69f-4f96-9860-b898e5399db4<-c1e0fc5a-7ae4-45d0-a105-709cc60ce072#0:FAIL-t1] and 0 exception(s); 66ab88db-d69f-4f96-9860-b898e5399db4@group-71677AE0A12A:t1, leader=null, voted=66ab88db-d69f-4f96-9860-b898e5399db4, raftlog=66ab88db-d69f-4f96-9860-b898e5399db4@group-71677AE0A12A-SegmentedRaftLog:OPENED:c-1,f-1,i0, conf=-1: [f3cc68b9-8250-46bd-9f8b-0b9d65688440:192.168.36.84:35502, c1e0fc5a-7ae4-45d0-a105-709cc60ce072:192.168.36.84:33769, 66ab88db-d69f-4f96-9860-b898e5399db4:192.168.36.84:42907], old=null
2019-09-24 21:19:57,263 [66ab88db-d69f-4f96-9860-b898e5399db4@group-A918B51F1DFD:LeaderElection19] INFO  impl.RoleInfo (RoleInfo.java:updateAndGet(143)) - 66ab88db-d69f-4f96-9860-b898e5399db4: start FollowerState
2019-09-24 21:19:57,262 [f3cc68b9-8250-46bd-9f8b-0b9d65688440@group-C467C04FCD85:LeaderElection26] INFO  impl.RaftServerImpl (RaftServerImpl.java:setRole(174)) - f3cc68b9-8250-46bd-9f8b-0b9d65688440@group-C467C04FCD85: changes role from CANDIDATE to FOLLOWER at term 1 for DISCOVERED_A_NEW_TERM
2019-09-24 21:19:57,260 [66ab88db-d69f-4f96-9860-b898e5399db4@group-C467C04FCD85:LeaderElection13] INFO  impl.RaftServerImpl (RaftServerImpl.java:setRole(174)) - 66ab88db-d69f-4f96-9860-b898e5399db4@group-C467C04FCD85: changes role from CANDIDATE to FOLLOWER at term 1 for DISCOVERED_A_NEW_TERM
2019-09-24 21:19:57,259 [66ab88db-d69f-4f96-9860-b898e5399db4@group-E596A2B7CC13:LeaderElection9] INFO  impl.RoleInfo (RoleInfo.java:shutdownLeaderElection(134)) - 66ab88db-d69f-4f96-9860-b898e5399db4: shutdown LeaderElection
2019-09-24 21:19:57,259 [f3cc68b9-8250-46bd-9f8b-0b9d65688440@group-A918B51F1DFD:LeaderElection24] INFO  impl.RoleInfo (RoleInfo.java:shutdownLeaderElection(134)) - f3cc68b9-8250-46bd-9f8b-0b9d65688440: shutdown LeaderElection
2019-09-24 21:19:57,258 [66ab88db-d69f-4f96-9860-b898e5399db4@group-A58B6DB2432C:LeaderElection17] INFO  impl.RaftServerImpl (RaftServerImpl.java:setRole(174)) - 66ab88db-d69f-4f96-9860-b898e5399db4@group-A58B6DB2432C: changes role from CANDIDATE to FOLLOWER at term 1 for DISCOVERED_A_NEW_TERM
2019-09-24 21:19:57,266 [66ab88db-d69f-4f96-9860-b898e5399db4@group-A58B6DB2432C:LeaderElection17] INFO  impl.RoleInfo (RoleInfo.java:shutdownLeaderElection(134)) - 66ab88db-d69f-4f96-9860-b898e5399db4: shutdown LeaderElection
2019-09-24 21:19:57,256 [f3cc68b9-8250-46bd-9f8b-0b9d65688440@group-A26FF7157983:LeaderElection22] INFO  impl.RoleInfo (RoleInfo.java:shutdownLeaderElection(134)) - f3cc68b9-8250-46bd-9f8b-0b9d65688440: shutdown LeaderElection
2019-09-24 21:19:57,255 [f3cc68b9-8250-46bd-9f8b-0b9d65688440@group-71677AE0A12A:LeaderElection29] INFO  impl.RaftServerImpl (RaftServerImpl.java:setRole(174)) - f3cc68b9-8250-46bd-9f8b-0b9d65688440@group-71677AE0A12A: changes role from CANDIDATE to FOLLOWER at term 1 for DISCOVERED_A_NEW_TERM
2019-09-24 21:19:57,266 [f3cc68b9-8250-46bd-9f8b-0b9d65688440@group-A26FF7157983:LeaderElection22] INFO  impl.RoleInfo (RoleInfo.java:updateAndGet(143)) - f3cc68b9-8250-46bd-9f8b-0b9d65688440: start FollowerState
2019-09-24 21:19:57,266 [66ab88db-d69f-4f96-9860-b898e5399db4@group-A58B6DB2432C:LeaderElection17] INFO  impl.RoleInfo (RoleInfo.java:updateAndGet(143)) - 66ab88db-d69f-4f96-9860-b898e5399db4: start FollowerState
2019-09-24 21:19:57,266 [f3cc68b9-8250-46bd-9f8b-0b9d65688440@group-A918B51F1DFD:LeaderElection24] INFO  impl.RoleInfo (RoleInfo.java:updateAndGet(143)) - f3cc68b9-8250-46bd-9f8b-0b9d65688440: start FollowerState
2019-09-24 21:19:57,266 [66ab88db-d69f-4f96-9860-b898e5399db4@group-E596A2B7CC13:LeaderElection9] INFO  impl.RoleInfo (RoleInfo.java:updateAndGet(143)) - 66ab88db-d69f-4f96-9860-b898e5399db4: start FollowerState
2019-09-24 21:19:57,266 [66ab88db-d69f-4f96-9860-b898e5399db4@group-C467C04FCD85:LeaderElection13] INFO  impl.RoleInfo (RoleInfo.java:shutdownLeaderElection(134)) - 66ab88db-d69f-4f96-9860-b898e5399db4: shutdown LeaderElection
2019-09-24 21:19:57,266 [f3cc68b9-8250-46bd-9f8b-0b9d65688440@group-C467C04FCD85:LeaderElection26] INFO  impl.RoleInfo (RoleInfo.java:shutdownLeaderElection(134)) - f3cc68b9-8250-46bd-9f8b-0b9d65688440: shutdown LeaderElection
2019-09-24 21:19:57,264 [66ab88db-d69f-4f96-9860-b898e5399db4@group-71677AE0A12A:LeaderElection28] INFO  impl.RaftServerImpl (RaftServerImpl.java:setRole(174)) - 66ab88db-d69f-4f96-9860-b898e5399db4@group-71677AE0A12A: changes role from CANDIDATE to FOLLOWER at term 1 for DISCOVERED_A_NEW_TERM
2019-09-24 21:19:57,268 [f3cc68b9-8250-46bd-9f8b-0b9d65688440@group-C467C04FCD85:LeaderElection26] INFO  impl.RoleInfo (RoleInfo.java:updateAndGet(143)) - f3cc68b9-8250-46bd-9f8b-0b9d65688440: start FollowerState
2019-09-24 21:19:57,268 [66ab88db-d69f-4f96-9860-b898e5399db4@group-A26FF7157983:LeaderElection15] INFO  impl.LeaderElection (LeaderElection.java:logAndReturn(56)) - 66ab88db-d69f-4f96-9860-b898e5399db4@group-A26FF7157983:LeaderElection15: Election REJECTED; received 2 response(s) [66ab88db-d69f-4f96-9860-b898e5399db4<-f3cc68b9-8250-46bd-9f8b-0b9d65688440#0:FAIL-t1, 66ab88db-d69f-4f96-9860-b898e5399db4<-c1e0fc5a-7ae4-45d0-a105-709cc60ce072#0:FAIL-t1] and 0 exception(s); 66ab88db-d69f-4f96-9860-b898e5399db4@group-A26FF7157983:t1, leader=null, voted=66ab88db-d69f-4f96-9860-b898e5399db4, raftlog=66ab88db-d69f-4f96-9860-b898e5399db4@group-A26FF7157983-SegmentedRaftLog:OPENED:c-1,f-1,i0, conf=-1: [f3cc68b9-8250-46bd-9f8b-0b9d65688440:192.168.36.84:35502, c1e0fc5a-7ae4-45d0-a105-709cc60ce072:192.168.36.84:33769, 66ab88db-d69f-4f96-9860-b898e5399db4:192.168.36.84:42907], old=null
2019-09-24 21:19:57,267 [66ab88db-d69f-4f96-9860-b898e5399db4@group-C467C04FCD85:LeaderElection13] INFO  impl.RoleInfo (RoleInfo.java:updateAndGet(143)) - 66ab88db-d69f-4f96-9860-b898e5399db4: start FollowerState
2019-09-24 21:19:57,267 [c1e0fc5a-7ae4-45d0-a105-709cc60ce072@group-71677AE0A12A:LeaderElection27] INFO  impl.LeaderElection (LeaderElection.java:logAndReturn(56)) - c1e0fc5a-7ae4-45d0-a105-709cc60ce072@group-71677AE0A12A:LeaderElection27: Election REJECTED; received 2 response(s) [c1e0fc5a-7ae4-45d0-a105-709cc60ce072<-f3cc68b9-8250-46bd-9f8b-0b9d65688440#0:FAIL-t1, c1e0fc5a-7ae4-45d0-a105-709cc60ce072<-66ab88db-d69f-4f96-9860-b898e5399db4#0:FAIL-t1] and 0 exception(s); c1e0fc5a-7ae4-45d0-a105-709cc60ce072@group-71677AE0A12A:t1, leader=null, voted=c1e0fc5a-7ae4-45d0-a105-709cc60ce072, raftlog=c1e0fc5a-7ae4-45d0-a105-709cc60ce072@group-71677AE0A12A-SegmentedRaftLog:OPENED:c-1,f-1,i0, conf=-1: [f3cc68b9-8250-46bd-9f8b-0b9d65688440:192.168.36.84:35502, c1e0fc5a-7ae4-45d0-a105-709cc60ce072:192.168.36.84:33769, 66ab88db-d69f-4f96-9860-b898e5399db4:192.168.36.84:42907], old=null
2019-09-24 21:19:57,267 [c1e0fc5a-7ae4-45d0-a105-709cc60ce072@group-A918B51F1DFD:LeaderElection18] INFO  impl.LeaderElection (LeaderElection.java:logAndReturn(56)) - c1e0fc5a-7ae4-45d0-a105-709cc60ce072@group-A918B51F1DFD:LeaderElection18: Election REJECTED; received 2 response(s) [c1e0fc5a-7ae4-45d0-a105-709cc60ce072<-f3cc68b9-8250-46bd-9f8b-0b9d65688440#0:FAIL-t1, c1e0fc5a-7ae4-45d0-a105-709cc60ce072<-66ab88db-d69f-4f96-9860-b898e5399db4#0:FAIL-t1] and 0 exception(s); c1e0fc5a-7ae4-45d0-a105-709cc60ce072@group-A918B51F1DFD:t1, leader=null, voted=c1e0fc5a-7ae4-45d0-a105-709cc60ce072, raftlog=c1e0fc5a-7ae4-45d0-a105-709cc60ce072@group-A918B51F1DFD-SegmentedRaftLog:OPENED:c-1,f-1,i0, conf=-1: [f3cc68b9-8250-46bd-9f8b-0b9d65688440:192.168.36.84:35502, c1e0fc5a-7ae4-45d0-a105-709cc60ce072:192.168.36.84:33769, 66ab88db-d69f-4f96-9860-b898e5399db4:192.168.36.84:42907], old=null
2019-09-24 21:19:57,267 [c1e0fc5a-7ae4-45d0-a105-709cc60ce072@group-A26FF7157983:LeaderElection16] INFO  impl.LeaderElection (LeaderElection.java:logAndReturn(56)) - c1e0fc5a-7ae4-45d0-a105-709cc60ce072@group-A26FF7157983:LeaderElection16: Election REJECTED; received 2 response(s) [c1e0fc5a-7ae4-45d0-a105-709cc60ce072<-f3cc68b9-8250-46bd-9f8b-0b9d65688440#0:FAIL-t1, c1e0fc5a-7ae4-45d0-a105-709cc60ce072<-66ab88db-d69f-4f96-9860-b898e5399db4#0:FAIL-t1] and 0 exception(s); c1e0fc5a-7ae4-45d0-a105-709cc60ce072@group-A26FF7157983:t1, leader=null, voted=c1e0fc5a-7ae4-45d0-a105-709cc60ce072, raftlog=c1e0fc5a-7ae4-45d0-a105-709cc60ce072@group-A26FF7157983-SegmentedRaftLog:OPENED:c-1,f-1,i0, conf=-1: [f3cc68b9-8250-46bd-9f8b-0b9d65688440:192.168.36.84:35502, c1e0fc5a-7ae4-45d0-a105-709cc60ce072:192.168.36.84:33769, 66ab88db-d69f-4f96-9860-b898e5399db4:192.168.36.84:42907], old=null
2019-09-24 21:19:57,266 [66ab88db-d69f-4f96-9860-b898e5399db4@group-307796CD6AEA:LeaderElection20] INFO  impl.LeaderElection (LeaderElection.java:logAndReturn(56)) - 66ab88db-d69f-4f96-9860-b898e5399db4@group-307796CD6AEA:LeaderElection20: Election REJECTED; received 2 response(s) [66ab88db-d69f-4f96-9860-b898e5399db4<-f3cc68b9-8250-46bd-9f8b-0b9d65688440#0:FAIL-t1, 66ab88db-d69f-4f96-9860-b898e5399db4<-c1e0fc5a-7ae4-45d0-a105-709cc60ce072#0:FAIL-t1] and 0 exception(s); 66ab88db-d69f-4f96-9860-b898e5399db4@group-307796CD6AEA:t1, leader=null, voted=66ab88db-d69f-4f96-9860-b898e5399db4, raftlog=66ab88db-d69f-4f96-9860-b898e5399db4@group-307796CD6AEA-SegmentedRaftLog:OPENED:c-1,f-1,i0, conf=-1: [f3cc68b9-8250-46bd-9f8b-0b9d65688440:192.168.36.84:35502, c1e0fc5a-7ae4-45d0-a105-709cc60ce072:192.168.36.84:33769, 66ab88db-d69f-4f96-9860-b898e5399db4:192.168.36.84:42907], old=null
2019-09-24 21:19:57,266 [f3cc68b9-8250-46bd-9f8b-0b9d65688440@group-71677AE0A12A:LeaderElection29] INFO  impl.RoleInfo (RoleInfo.java:shutdownLeaderElection(134)) - f3cc68b9-8250-46bd-9f8b-0b9d65688440: shutdown LeaderElection
2019-09-24 21:19:57,275 [66ab88db-d69f-4f96-9860-b898e5399db4@group-307796CD6AEA:LeaderElection20] INFO  impl.RaftServerImpl (RaftServerImpl.java:setRole(174)) - 66ab88db-d69f-4f96-9860-b898e5399db4@group-307796CD6AEA: changes role from CANDIDATE to FOLLOWER at term 1 for DISCOVERED_A_NEW_TERM
2019-09-24 21:19:57,273 [c1e0fc5a-7ae4-45d0-a105-709cc60ce072@group-A26FF7157983:LeaderElection16] INFO  impl.RaftServerImpl (RaftServerImpl.java:setRole(174)) - c1e0fc5a-7ae4-45d0-a105-709cc60ce072@group-A26FF7157983: changes role from CANDIDATE to FOLLOWER at term 1 for DISCOVERED_A_NEW_TERM
2019-09-24 21:19:57,277 [c1e0fc5a-7ae4-45d0-a105-709cc60ce072@group-A26FF7157983:LeaderElection16] INFO  impl.RoleInfo (RoleInfo.java:shutdownLeaderElection(134)) - c1e0fc5a-7ae4-45d0-a105-709cc60ce072: shutdown LeaderElection
2019-09-24 21:19:57,272 [f3cc68b9-8250-46bd-9f8b-0b9d65688440@group-E596A2B7CC13:LeaderElection10] INFO  impl.LeaderElection (LeaderElection.java:logAndReturn(56)) - f3cc68b9-8250-46bd-9f8b-0b9d65688440@group-E596A2B7CC13:LeaderElection10: Election REJECTED; received 2 response(s) [f3cc68b9-8250-46bd-9f8b-0b9d65688440<-c1e0fc5a-7ae4-45d0-a105-709cc60ce072#0:FAIL-t3, f3cc68b9-8250-46bd-9f8b-0b9d65688440<-66ab88db-d69f-4f96-9860-b898e5399db4#0:FAIL-t3] and 0 exception(s); f3cc68b9-8250-46bd-9f8b-0b9d65688440@group-E596A2B7CC13:t3, leader=null, voted=f3cc68b9-8250-46bd-9f8b-0b9d65688440, raftlog=f3cc68b9-8250-46bd-9f8b-0b9d65688440@group-E596A2B7CC13-SegmentedRaftLog:OPENED:c-1,f-1,i0, conf=-1: [f3cc68b9-8250-46bd-9f8b-0b9d65688440:192.168.36.84:35502, c1e0fc5a-7ae4-45d0-a105-709cc60ce072:192.168.36.84:33769, 66ab88db-d69f-4f96-9860-b898e5399db4:192.168.36.84:42907], old=null
2019-09-24 21:19:57,272 [c1e0fc5a-7ae4-45d0-a105-709cc60ce072@group-A918B51F1DFD:LeaderElection18] INFO  impl.RaftServerImpl (RaftServerImpl.java:setRole(174)) - c1e0fc5a-7ae4-45d0-a105-709cc60ce072@group-A918B51F1DFD: changes role from CANDIDATE to FOLLOWER at term 1 for DISCOVERED_A_NEW_TERM
2019-09-24 21:19:57,277 [c1e0fc5a-7ae4-45d0-a105-709cc60ce072@group-A918B51F1DFD:LeaderElection18] INFO  impl.RoleInfo (RoleInfo.java:shutdownLeaderElection(134)) - c1e0fc5a-7ae4-45d0-a105-709cc60ce072: shutdown LeaderElection
2019-09-24 21:19:57,270 [c1e0fc5a-7ae4-45d0-a105-709cc60ce072@group-71677AE0A12A:LeaderElection27] INFO  impl.RaftServerImpl (RaftServerImpl.java:setRole(174)) - c1e0fc5a-7ae4-45d0-a105-709cc60ce072@group-71677AE0A12A: changes role from CANDIDATE to FOLLOWER at term 1 for DISCOVERED_A_NEW_TERM
2019-09-24 21:19:57,279 [c1e0fc5a-7ae4-45d0-a105-709cc60ce072@group-71677AE0A12A:LeaderElection27] INFO  impl.RoleInfo (RoleInfo.java:shutdownLeaderElection(134)) - c1e0fc5a-7ae4-45d0-a105-709cc60ce072: shutdown LeaderElection
2019-09-24 21:19:57,268 [66ab88db-d69f-4f96-9860-b898e5399db4@group-A26FF7157983:LeaderElection15] INFO  impl.RaftServerImpl (RaftServerImpl.java:setRole(174)) - 66ab88db-d69f-4f96-9860-b898e5399db4@group-A26FF7157983: changes role from CANDIDATE to FOLLOWER at term 1 for DISCOVERED_A_NEW_TERM
2019-09-24 21:19:57,279 [66ab88db-d69f-4f96-9860-b898e5399db4@group-A26FF7157983:LeaderElection15] INFO  impl.RoleInfo (RoleInfo.java:shutdownLeaderElection(134)) - 66ab88db-d69f-4f96-9860-b898e5399db4: shutdown LeaderElection
2019-09-24 21:19:57,268 [66ab88db-d69f-4f96-9860-b898e5399db4@group-71677AE0A12A:LeaderElection28] INFO  impl.RoleInfo (RoleInfo.java:shutdownLeaderElection(134)) - 66ab88db-d69f-4f96-9860-b898e5399db4: shutdown LeaderElection
2019-09-24 21:19:57,279 [66ab88db-d69f-4f96-9860-b898e5399db4@group-A26FF7157983:LeaderElection15] INFO  impl.RoleInfo (RoleInfo.java:updateAndGet(143)) - 66ab88db-d69f-4f96-9860-b898e5399db4: start FollowerState
2019-09-24 21:19:57,279 [c1e0fc5a-7ae4-45d0-a105-709cc60ce072@group-71677AE0A12A:LeaderElection27] INFO  impl.RoleInfo (RoleInfo.java:updateAndGet(143)) - c1e0fc5a-7ae4-45d0-a105-709cc60ce072: start FollowerState
2019-09-24 21:19:57,278 [c1e0fc5a-7ae4-45d0-a105-709cc60ce072@group-A918B51F1DFD:LeaderElection18] INFO  impl.RoleInfo (RoleInfo.java:updateAndGet(143)) - c1e0fc5a-7ae4-45d0-a105-709cc60ce072: start FollowerState
2019-09-24 21:19:57,277 [f3cc68b9-8250-46bd-9f8b-0b9d65688440@group-E596A2B7CC13:LeaderElection10] INFO  impl.RaftServerImpl (RaftServerImpl.java:setRole(174)) - f3cc68b9-8250-46bd-9f8b-0b9d65688440@group-E596A2B7CC13: changes role from CANDIDATE to FOLLOWER at term 3 for DISCOVERED_A_NEW_TERM
2019-09-24 21:19:57,277 [c1e0fc5a-7ae4-45d0-a105-709cc60ce072@group-A26FF7157983:LeaderElection16] INFO  impl.RoleInfo (RoleInfo.java:updateAndGet(143)) - c1e0fc5a-7ae4-45d0-a105-709cc60ce072: start FollowerState
2019-09-24 21:19:57,277 [66ab88db-d69f-4f96-9860-b898e5399db4@group-307796CD6AEA:LeaderElection20] INFO  impl.RoleInfo (RoleInfo.java:shutdownLeaderElection(134)) - 66ab88db-d69f-4f96-9860-b898e5399db4: shutdown LeaderElection
2019-09-24 21:19:57,276 [f3cc68b9-8250-46bd-9f8b-0b9d65688440@group-71677AE0A12A:LeaderElection29] INFO  impl.RoleInfo (RoleInfo.java:updateAndGet(143)) - f3cc68b9-8250-46bd-9f8b-0b9d65688440: start FollowerState
2019-09-24 21:19:57,280 [66ab88db-d69f-4f96-9860-b898e5399db4@group-307796CD6AEA:LeaderElection20] INFO  impl.RoleInfo (RoleInfo.java:updateAndGet(143)) - 66ab88db-d69f-4f96-9860-b898e5399db4: start FollowerState
2019-09-24 21:19:57,280 [f3cc68b9-8250-46bd-9f8b-0b9d65688440@group-E596A2B7CC13:LeaderElection10] INFO  impl.RoleInfo (RoleInfo.java:shutdownLeaderElection(134)) - f3cc68b9-8250-46bd-9f8b-0b9d65688440: shutdown LeaderElection
2019-09-24 21:19:57,279 [66ab88db-d69f-4f96-9860-b898e5399db4@group-71677AE0A12A:LeaderElection28] INFO  impl.RoleInfo (RoleInfo.java:updateAndGet(143)) - 66ab88db-d69f-4f96-9860-b898e5399db4: start FollowerState
2019-09-24 21:19:57,281 [f3cc68b9-8250-46bd-9f8b-0b9d65688440@group-E596A2B7CC13:LeaderElection10] INFO  impl.RoleInfo (RoleInfo.java:updateAndGet(143)) - f3cc68b9-8250-46bd-9f8b-0b9d65688440: start FollowerState
2019-09-24 21:19:59,940 [f3cc68b9-8250-46bd-9f8b-0b9d65688440@group-B6B27D799C82-SegmentedRaftLogWorker] INFO  segmented.SegmentedRaftLogWorker (SegmentedRaftLogWorker.java:execute(569)) - f3cc68b9-8250-46bd-9f8b-0b9d65688440@group-B6B27D799C82-SegmentedRaftLogWorker: created new log segment /workdir/hadoop-ozone/ozonefs/target/test-dir/MiniOzoneClusterImpl-35f2434d-e88f-4dc0-aaff-2450d0368017/datanode-1/data/ratis/1897695e-2c69-42f3-9c4c-b6b27d799c82/current/log_inprogress_0
2019-09-24 21:20:02,270 [Thread-407] INFO  impl.FollowerState (FollowerState.java:run(106)) - 66ab88db-d69f-4f96-9860-b898e5399db4:group-A918B51F1DFD changes to CANDIDATE, lastRpcTime:5006, electionTimeout:5004ms
2019-09-24 21:20:02,271 [Thread-407] INFO  impl.RoleInfo (RoleInfo.java:shutdownFollowerState(121)) - 66ab88db-d69f-4f96-9860-b898e5399db4: shutdown FollowerState
2019-09-24 21:20:02,271 [Thread-407] INFO  impl.RaftServerImpl (RaftServerImpl.java:setRole(174)) - 66ab88db-d69f-4f96-9860-b898e5399db4@group-A918B51F1DFD: changes role from  FOLLOWER to CANDIDATE at term 1 for changeToCandidate
2019-09-24 21:20:02,272 [Thread-407] INFO  impl.RoleInfo (RoleInfo.java:updateAndGet(143)) - 66ab88db-d69f-4f96-9860-b898e5399db4: start LeaderElection
2019-09-24 21:20:02,277 [Thread-406] INFO  impl.FollowerState (FollowerState.java:run(106)) - c1e0fc5a-7ae4-45d0-a105-709cc60ce072:group-C467C04FCD85 changes to CANDIDATE, lastRpcTime:5032, electionTimeout:5022ms
2019-09-24 21:20:02,278 [Thread-406] INFO  impl.RoleInfo (RoleInfo.java:shutdownFollowerState(121)) - c1e0fc5a-7ae4-45d0-a105-709cc60ce072: shutdown FollowerState
2019-09-24 21:20:02,278 [Thread-406] INFO  impl.RaftServerImpl (RaftServerImpl.java:setRole(174)) - c1e0fc5a-7ae4-45d0-a105-709cc60ce072@group-C467C04FCD85: changes role from  FOLLOWER to CANDIDATE at term 1 for changeToCandidate
2019-09-24 21:20:02,278 [Thread-406] INFO  impl.RoleInfo (RoleInfo.java:updateAndGet(143)) - c1e0fc5a-7ae4-45d0-a105-709cc60ce072: start LeaderElection
2019-09-24 21:20:02,284 [Thread-410] INFO  impl.FollowerState (FollowerState.java:run(106)) - 66ab88db-d69f-4f96-9860-b898e5399db4:group-A58B6DB2432C changes to CANDIDATE, lastRpcTime:5018, electionTimeout:5017ms
2019-09-24 21:20:02,285 [Thread-410] INFO  impl.RoleInfo (RoleInfo.java:shutdownFollowerState(121)) - 66ab88db-d69f-4f96-9860-b898e5399db4: shutdown FollowerState
2019-09-24 21:20:02,285 [Thread-410] INFO  impl.RaftServerImpl (RaftServerImpl.java:setRole(174)) - 66ab88db-d69f-4f96-9860-b898e5399db4@group-A58B6DB2432C: changes role from  FOLLOWER to CANDIDATE at term 1 for changeToCandidate
2019-09-24 21:20:02,285 [Thread-410] INFO  impl.RoleInfo (RoleInfo.java:updateAndGet(143)) - 66ab88db-d69f-4f96-9860-b898e5399db4: start LeaderElection
2019-09-24 21:20:02,290 [Thread-418] INFO  impl.FollowerState (FollowerState.java:run(106)) - 66ab88db-d69f-4f96-9860-b898e5399db4:group-A26FF7157983 changes to CANDIDATE, lastRpcTime:5010, electionTimeout:5010ms
2019-09-24 21:20:02,290 [Thread-418] INFO  impl.RoleInfo (RoleInfo.java:shutdownFollowerState(121)) - 66ab88db-d69f-4f96-9860-b898e5399db4: shutdown FollowerState
2019-09-24 21:20:02,290 [Thread-418] INFO  impl.RaftServerImpl (RaftServerImpl.java:setRole(174)) - 66ab88db-d69f-4f96-9860-b898e5399db4@group-A26FF7157983: changes role from  FOLLOWER to CANDIDATE at term 1 for changeToCandidate
2019-09-24 21:20:02,290 [Thread-418] INFO  impl.RoleInfo (RoleInfo.java:updateAndGet(143)) - 66ab88db-d69f-4f96-9860-b898e5399db4: start LeaderElection
2019-09-24 21:20:02,317 [Thread-413] INFO  impl.FollowerState (FollowerState.java:run(106)) - f3cc68b9-8250-46bd-9f8b-0b9d65688440:group-C467C04FCD85 changes to CANDIDATE, lastRpcTime:5049, electionTimeout:5049ms
2019-09-24 21:20:02,317 [Thread-415] INFO  impl.FollowerState (FollowerState.java:run(106)) - c1e0fc5a-7ae4-45d0-a105-709cc60ce072:group-A26FF7157983 changes to CANDIDATE, lastRpcTime:5040, electionTimeout:5037ms
2019-09-24 21:20:02,317 [Thread-413] INFO  impl.RoleInfo (RoleInfo.java:shutdownFollowerState(121)) - f3cc68b9-8250-46bd-9f8b-0b9d65688440: shutdown FollowerState
2019-09-24 21:20:02,318 [Thread-415] INFO  impl.RoleInfo (RoleInfo.java:shutdownFollowerState(121)) - c1e0fc5a-7ae4-45d0-a105-709cc60ce072: shutdown FollowerState
2019-09-24 21:20:02,318 [Thread-413] INFO  impl.RaftServerImpl (RaftServerImpl.java:setRole(174)) - f3cc68b9-8250-46bd-9f8b-0b9d65688440@group-C467C04FCD85: changes role from  FOLLOWER to CANDIDATE at term 1 for changeToCandidate
2019-09-24 21:20:02,318 [Thread-415] INFO  impl.RaftServerImpl (RaftServerImpl.java:setRole(174)) - c1e0fc5a-7ae4-45d0-a105-709cc60ce072@group-A26FF7157983: changes role from  FOLLOWER to CANDIDATE at term 1 for changeToCandidate
2019-09-24 21:20:02,318 [Thread-413] INFO  impl.RoleInfo (RoleInfo.java:updateAndGet(143)) - f3cc68b9-8250-46bd-9f8b-0b9d65688440: start LeaderElection
2019-09-24 21:20:02,318 [Thread-415] INFO  impl.RoleInfo (RoleInfo.java:updateAndGet(143)) - c1e0fc5a-7ae4-45d0-a105-709cc60ce072: start LeaderElection
2019-09-24 21:20:02,325 [Thread-408] INFO  impl.FollowerState (FollowerState.java:run(106)) - 66ab88db-d69f-4f96-9860-b898e5399db4:group-E596A2B7CC13 changes to CANDIDATE, lastRpcTime:5059, electionTimeout:5057ms
2019-09-24 21:20:02,325 [Thread-408] INFO  impl.RoleInfo (RoleInfo.java:shutdownFollowerState(121)) - 66ab88db-d69f-4f96-9860-b898e5399db4: shutdown FollowerState
2019-09-24 21:20:02,325 [Thread-408] INFO  impl.RaftServerImpl (RaftServerImpl.java:setRole(174)) - 66ab88db-d69f-4f96-9860-b898e5399db4@group-E596A2B7CC13: changes role from  FOLLOWER to CANDIDATE at term 3 for changeToCandidate
2019-09-24 21:20:02,326 [Thread-408] INFO  impl.RoleInfo (RoleInfo.java:updateAndGet(143)) - 66ab88db-d69f-4f96-9860-b898e5399db4: start LeaderElection
2019-09-24 21:20:02,332 [Thread-417] INFO  impl.FollowerState (FollowerState.java:run(106)) - c1e0fc5a-7ae4-45d0-a105-709cc60ce072:group-71677AE0A12A changes to CANDIDATE, lastRpcTime:5053, electionTimeout:5052ms
2019-09-24 21:20:02,332 [Thread-417] INFO  impl.RoleInfo (RoleInfo.java:shutdownFollowerState(121)) - c1e0fc5a-7ae4-45d0-a105-709cc60ce072: shutdown FollowerState
2019-09-24 21:20:02,332 [Thread-417] INFO  impl.RaftServerImpl (RaftServerImpl.java:setRole(174)) - c1e0fc5a-7ae4-45d0-a105-709cc60ce072@group-71677AE0A12A: changes role from  FOLLOWER to CANDIDATE at term 1 for changeToCandidate
2019-09-24 21:20:02,332 [Thread-417] INFO  impl.RoleInfo (RoleInfo.java:updateAndGet(143)) - c1e0fc5a-7ae4-45d0-a105-709cc60ce072: start LeaderElection
2019-09-24 21:20:02,334 [Thread-404] INFO  impl.FollowerState (FollowerState.java:run(106)) - c1e0fc5a-7ae4-45d0-a105-709cc60ce072:group-A58B6DB2432C changes to CANDIDATE, lastRpcTime:5097, electionTimeout:5075ms
2019-09-24 21:20:02,335 [Thread-404] INFO  impl.RoleInfo (RoleInfo.java:shutdownFollowerState(121)) - c1e0fc5a-7ae4-45d0-a105-709cc60ce072: shutdown FollowerState
2019-09-24 21:20:02,335 [Thread-404] INFO  impl.RaftServerImpl (RaftServerImpl.java:setRole(174)) - c1e0fc5a-7ae4-45d0-a105-709cc60ce072@group-A58B6DB2432C: changes role from  FOLLOWER to CANDIDATE at term 1 for changeToCandidate
2019-09-24 21:20:02,335 [Thread-404] INFO  impl.RoleInfo (RoleInfo.java:updateAndGet(143)) - c1e0fc5a-7ae4-45d0-a105-709cc60ce072: start LeaderElection
2019-09-24 21:20:02,337 [Thread-412] INFO  impl.FollowerState (FollowerState.java:run(106)) - 66ab88db-d69f-4f96-9860-b898e5399db4:group-C467C04FCD85 changes to CANDIDATE, lastRpcTime:5069, electionTimeout:5066ms
2019-09-24 21:20:02,337 [Thread-412] INFO  impl.RoleInfo (RoleInfo.java:shutdownFollowerState(121)) - 66ab88db-d69f-4f96-9860-b898e5399db4: shutdown FollowerState
2019-09-24 21:20:02,337 [Thread-412] INFO  impl.RaftServerImpl (RaftServerImpl.java:setRole(174)) - 66ab88db-d69f-4f96-9860-b898e5399db4@group-C467C04FCD85: changes role from  FOLLOWER to CANDIDATE at term 1 for changeToCandidate
2019-09-24 21:20:02,337 [Thread-420] INFO  impl.FollowerState (FollowerState.java:run(106)) - 66ab88db-d69f-4f96-9860-b898e5399db4:group-307796CD6AEA changes to CANDIDATE, lastRpcTime:5057, electionTimeout:5056ms
2019-09-24 21:20:02,337 [Thread-412] INFO  impl.RoleInfo (RoleInfo.java:updateAndGet(143)) - 66ab88db-d69f-4f96-9860-b898e5399db4: start LeaderElection
2019-09-24 21:20:02,337 [Thread-420] INFO  impl.RoleInfo (RoleInfo.java:shutdownFollowerState(121)) - 66ab88db-d69f-4f96-9860-b898e5399db4: shutdown FollowerState
2019-09-24 21:20:02,339 [Thread-420] INFO  impl.RaftServerImpl (RaftServerImpl.java:setRole(174)) - 66ab88db-d69f-4f96-9860-b898e5399db4@group-307796CD6AEA: changes role from  FOLLOWER to CANDIDATE at term 1 for changeToCandidate
2019-09-24 21:20:02,339 [Thread-420] INFO  impl.RoleInfo (RoleInfo.java:updateAndGet(143)) - 66ab88db-d69f-4f96-9860-b898e5399db4: start LeaderElection
2019-09-24 21:20:02,347 [Thread-405] INFO  impl.FollowerState (FollowerState.java:run(106)) - f3cc68b9-8250-46bd-9f8b-0b9d65688440:group-A58B6DB2432C changes to CANDIDATE, lastRpcTime:5102, electionTimeout:5089ms
2019-09-24 21:20:02,347 [Thread-405] INFO  impl.RoleInfo (RoleInfo.java:shutdownFollowerState(121)) - f3cc68b9-8250-46bd-9f8b-0b9d65688440: shutdown FollowerState
2019-09-24 21:20:02,347 [Thread-405] INFO  impl.RaftServerImpl (RaftServerImpl.java:setRole(174)) - f3cc68b9-8250-46bd-9f8b-0b9d65688440@group-A58B6DB2432C: changes role from  FOLLOWER to CANDIDATE at term 1 for changeToCandidate
2019-09-24 21:20:02,347 [Thread-405] INFO  impl.RoleInfo (RoleInfo.java:updateAndGet(143)) - f3cc68b9-8250-46bd-9f8b-0b9d65688440: start LeaderElection
2019-09-24 21:20:02,349 [Thread-419] INFO  impl.FollowerState (FollowerState.java:run(106)) - 66ab88db-d69f-4f96-9860-b898e5399db4:group-71677AE0A12A changes to CANDIDATE, lastRpcTime:5069, electionTimeout:5067ms
2019-09-24 21:20:02,349 [Thread-419] INFO  impl.RoleInfo (RoleInfo.java:shutdownFollowerState(121)) - 66ab88db-d69f-4f96-9860-b898e5399db4: shutdown FollowerState
2019-09-24 21:20:02,349 [Thread-419] INFO  impl.RaftServerImpl (RaftServerImpl.java:setRole(174)) - 66ab88db-d69f-4f96-9860-b898e5399db4@group-71677AE0A12A: changes role from  FOLLOWER to CANDIDATE at term 1 for changeToCandidate
2019-09-24 21:20:02,350 [Thread-419] INFO  impl.RoleInfo (RoleInfo.java:updateAndGet(143)) - 66ab88db-d69f-4f96-9860-b898e5399db4: start LeaderElection
2019-09-24 21:20:02,358 [Thread-421] INFO  impl.FollowerState (FollowerState.java:run(106)) - f3cc68b9-8250-46bd-9f8b-0b9d65688440:group-E596A2B7CC13 changes to CANDIDATE, lastRpcTime:5077, electionTimeout:5077ms
2019-09-24 21:20:02,358 [Thread-421] INFO  impl.RoleInfo (RoleInfo.java:shutdownFollowerState(121)) - f3cc68b9-8250-46bd-9f8b-0b9d65688440: shutdown FollowerState
2019-09-24 21:20:02,359 [Thread-421] INFO  impl.RaftServerImpl (RaftServerImpl.java:setRole(174)) - f3cc68b9-8250-46bd-9f8b-0b9d65688440@group-E596A2B7CC13: changes role from  FOLLOWER to CANDIDATE at term 3 for changeToCandidate
2019-09-24 21:20:02,359 [Thread-421] INFO  impl.RoleInfo (RoleInfo.java:updateAndGet(143)) - f3cc68b9-8250-46bd-9f8b-0b9d65688440: start LeaderElection
2019-09-24 21:20:02,377 [Thread-409] INFO  impl.FollowerState (FollowerState.java:run(106)) - f3cc68b9-8250-46bd-9f8b-0b9d65688440:group-A918B51F1DFD changes to CANDIDATE, lastRpcTime:5110, electionTimeout:5109ms
2019-09-24 21:20:02,377 [Thread-409] INFO  impl.RoleInfo (RoleInfo.java:shutdownFollowerState(121)) - f3cc68b9-8250-46bd-9f8b-0b9d65688440: shutdown FollowerState
2019-09-24 21:20:02,377 [Thread-409] INFO  impl.RaftServerImpl (RaftServerImpl.java:setRole(174)) - f3cc68b9-8250-46bd-9f8b-0b9d65688440@group-A918B51F1DFD: changes role from  FOLLOWER to CANDIDATE at term 1 for changeToCandidate
2019-09-24 21:20:02,377 [Thread-409] INFO  impl.RoleInfo (RoleInfo.java:updateAndGet(143)) - f3cc68b9-8250-46bd-9f8b-0b9d65688440: start LeaderElection
2019-09-24 21:20:02,391 [Thread-414] INFO  impl.FollowerState (FollowerState.java:run(106)) - f3cc68b9-8250-46bd-9f8b-0b9d65688440:group-71677AE0A12A changes to CANDIDATE, lastRpcTime:5114, electionTimeout:5110ms
2019-09-24 21:20:02,391 [Thread-414] INFO  impl.RoleInfo (RoleInfo.java:shutdownFollowerState(121)) - f3cc68b9-8250-46bd-9f8b-0b9d65688440: shutdown FollowerState
2019-09-24 21:20:02,391 [Thread-414] INFO  impl.RaftServerImpl (RaftServerImpl.java:setRole(174)) - f3cc68b9-8250-46bd-9f8b-0b9d65688440@group-71677AE0A12A: changes role from  FOLLOWER to CANDIDATE at term 1 for changeToCandidate
2019-09-24 21:20:02,391 [Thread-414] INFO  impl.RoleInfo (RoleInfo.java:updateAndGet(143)) - f3cc68b9-8250-46bd-9f8b-0b9d65688440: start LeaderElection
2019-09-24 21:20:02,394 [Thread-402] INFO  impl.FollowerState (FollowerState.java:run(106)) - c1e0fc5a-7ae4-45d0-a105-709cc60ce072:group-307796CD6AEA changes to CANDIDATE, lastRpcTime:5163, electionTimeout:5147ms
2019-09-24 21:20:02,394 [Thread-402] INFO  impl.RoleInfo (RoleInfo.java:shutdownFollowerState(121)) - c1e0fc5a-7ae4-45d0-a105-709cc60ce072: shutdown FollowerState
2019-09-24 21:20:02,394 [Thread-402] INFO  impl.RaftServerImpl (RaftServerImpl.java:setRole(174)) - c1e0fc5a-7ae4-45d0-a105-709cc60ce072@group-307796CD6AEA: changes role from  FOLLOWER to CANDIDATE at term 1 for changeToCandidate
2019-09-24 21:20:02,395 [Thread-402] INFO  impl.RoleInfo (RoleInfo.java:updateAndGet(143)) - c1e0fc5a-7ae4-45d0-a105-709cc60ce072: start LeaderElection
2019-09-24 21:20:02,414 [Thread-403] INFO  impl.FollowerState (FollowerState.java:run(106)) - f3cc68b9-8250-46bd-9f8b-0b9d65688440:group-307796CD6AEA changes to CANDIDATE, lastRpcTime:5178, electionTimeout:5169ms
2019-09-24 21:20:02,414 [Thread-403] INFO  impl.RoleInfo (RoleInfo.java:shutdownFollowerState(121)) - f3cc68b9-8250-46bd-9f8b-0b9d65688440: shutdown FollowerState
2019-09-24 21:20:02,414 [Thread-403] INFO  impl.RaftServerImpl (RaftServerImpl.java:setRole(174)) - f3cc68b9-8250-46bd-9f8b-0b9d65688440@group-307796CD6AEA: changes role from  FOLLOWER to CANDIDATE at term 1 for changeToCandidate
2019-09-24 21:20:02,414 [Thread-403] INFO  impl.RoleInfo (RoleInfo.java:updateAndGet(143)) - f3cc68b9-8250-46bd-9f8b-0b9d65688440: start LeaderElection
2019-09-24 21:20:02,420 [Thread-411] INFO  impl.FollowerState (FollowerState.java:run(106)) - f3cc68b9-8250-46bd-9f8b-0b9d65688440:group-A26FF7157983 changes to CANDIDATE, lastRpcTime:5153, electionTimeout:5153ms
2019-09-24 21:20:02,420 [Thread-411] INFO  impl.RoleInfo (RoleInfo.java:shutdownFollowerState(121)) - f3cc68b9-8250-46bd-9f8b-0b9d65688440: shutdown FollowerState
2019-09-24 21:20:02,420 [Thread-411] INFO  impl.RaftServerImpl (RaftServerImpl.java:setRole(174)) - f3cc68b9-8250-46bd-9f8b-0b9d65688440@group-A26FF7157983: changes role from  FOLLOWER to CANDIDATE at term 1 for changeToCandidate
2019-09-24 21:20:02,421 [Thread-411] INFO  impl.RoleInfo (RoleInfo.java:updateAndGet(143)) - f3cc68b9-8250-46bd-9f8b-0b9d65688440: start LeaderElection
2019-09-24 21:20:02,423 [Thread-401] INFO  impl.FollowerState (FollowerState.java:run(106)) - c1e0fc5a-7ae4-45d0-a105-709cc60ce072:group-E596A2B7CC13 changes to CANDIDATE, lastRpcTime:5202, electionTimeout:5185ms
2019-09-24 21:20:02,423 [Thread-401] INFO  impl.RoleInfo (RoleInfo.java:shutdownFollowerState(121)) - c1e0fc5a-7ae4-45d0-a105-709cc60ce072: shutdown FollowerState
2019-09-24 21:20:02,424 [Thread-401] INFO  impl.RaftServerImpl (RaftServerImpl.java:setRole(174)) - c1e0fc5a-7ae4-45d0-a105-709cc60ce072@group-E596A2B7CC13: changes role from  FOLLOWER to CANDIDATE at term 3 for changeToCandidate
2019-09-24 21:20:02,424 [Thread-401] INFO  impl.RoleInfo (RoleInfo.java:updateAndGet(143)) - c1e0fc5a-7ae4-45d0-a105-709cc60ce072: start LeaderElection
2019-09-24 21:20:02,460 [Thread-416] INFO  impl.FollowerState (FollowerState.java:run(106)) - c1e0fc5a-7ae4-45d0-a105-709cc60ce072:group-A918B51F1DFD changes to CANDIDATE, lastRpcTime:5182, electionTimeout:5180ms
2019-09-24 21:20:02,460 [Thread-416] INFO  impl.RoleInfo (RoleInfo.java:shutdownFollowerState(121)) - c1e0fc5a-7ae4-45d0-a105-709cc60ce072: shutdown FollowerState
2019-09-24 21:20:02,460 [Thread-416] INFO  impl.RaftServerImpl (RaftServerImpl.java:setRole(174)) - c1e0fc5a-7ae4-45d0-a105-709cc60ce072@group-A918B51F1DFD: changes role from  FOLLOWER to CANDIDATE at term 1 for changeToCandidate
2019-09-24 21:20:02,461 [Thread-416] INFO  impl.RoleInfo (RoleInfo.java:updateAndGet(143)) - c1e0fc5a-7ae4-45d0-a105-709cc60ce072: start LeaderElection
2019-09-24 21:20:05,046 [c1e0fc5a-7ae4-45d0-a105-709cc60ce072@group-71677AE0A12A:LeaderElection37] INFO  impl.LeaderElection (LeaderElection.java:askForVotes(182)) - c1e0fc5a-7ae4-45d0-a105-709cc60ce072@group-71677AE0A12A:LeaderElection37: begin an election at term 2 for -1: [f3cc68b9-8250-46bd-9f8b-0b9d65688440:192.168.36.84:35502, c1e0fc5a-7ae4-45d0-a105-709cc60ce072:192.168.36.84:33769, 66ab88db-d69f-4f96-9860-b898e5399db4:192.168.36.84:42907], old=null
2019-09-24 21:20:05,046 [66ab88db-d69f-4f96-9860-b898e5399db4@group-A26FF7157983:LeaderElection33] INFO  impl.LeaderElection (LeaderElection.java:askForVotes(182)) - 66ab88db-d69f-4f96-9860-b898e5399db4@group-A26FF7157983:LeaderElection33: begin an election at term 2 for -1: [f3cc68b9-8250-46bd-9f8b-0b9d65688440:192.168.36.84:35502, c1e0fc5a-7ae4-45d0-a105-709cc60ce072:192.168.36.84:33769, 66ab88db-d69f-4f96-9860-b898e5399db4:192.168.36.84:42907], old=null
2019-09-24 21:20:05,046 [66ab88db-d69f-4f96-9860-b898e5399db4@group-A918B51F1DFD:LeaderElection30] INFO  impl.LeaderElection (LeaderElection.java:askForVotes(182)) - 66ab88db-d69f-4f96-9860-b898e5399db4@group-A918B51F1DFD:LeaderElection30: begin an election at term 2 for -1: [f3cc68b9-8250-46bd-9f8b-0b9d65688440:192.168.36.84:35502, c1e0fc5a-7ae4-45d0-a105-709cc60ce072:192.168.36.84:33769, 66ab88db-d69f-4f96-9860-b898e5399db4:192.168.36.84:42907], old=null
2019-09-24 21:20:05,046 [f3cc68b9-8250-46bd-9f8b-0b9d65688440@group-C467C04FCD85:LeaderElection34] INFO  impl.LeaderElection (LeaderElection.java:askForVotes(182)) - f3cc68b9-8250-46bd-9f8b-0b9d65688440@group-C467C04FCD85:LeaderElection34: begin an election at term 2 for -1: [f3cc68b9-8250-46bd-9f8b-0b9d65688440:192.168.36.84:35502, c1e0fc5a-7ae4-45d0-a105-709cc60ce072:192.168.36.84:33769, 66ab88db-d69f-4f96-9860-b898e5399db4:192.168.36.84:42907], old=null
2019-09-24 21:20:05,046 [66ab88db-d69f-4f96-9860-b898e5399db4@group-A58B6DB2432C:LeaderElection32] INFO  impl.LeaderElection (LeaderElection.java:askForVotes(182)) - 66ab88db-d69f-4f96-9860-b898e5399db4@group-A58B6DB2432C:LeaderElection32: begin an election at term 2 for -1: [f3cc68b9-8250-46bd-9f8b-0b9d65688440:192.168.36.84:35502, c1e0fc5a-7ae4-45d0-a105-709cc60ce072:192.168.36.84:33769, 66ab88db-d69f-4f96-9860-b898e5399db4:192.168.36.84:42907], old=null
2019-09-24 21:20:05,046 [c1e0fc5a-7ae4-45d0-a105-709cc60ce072@group-A58B6DB2432C:LeaderElection38] INFO  impl.LeaderElection (LeaderElection.java:askForVotes(182)) - c1e0fc5a-7ae4-45d0-a105-709cc60ce072@group-A58B6DB2432C:LeaderElection38: begin an election at term 2 for -1: [f3cc68b9-8250-46bd-9f8b-0b9d65688440:192.168.36.84:35502, c1e0fc5a-7ae4-45d0-a105-709cc60ce072:192.168.36.84:33769, 66ab88db-d69f-4f96-9860-b898e5399db4:192.168.36.84:42907], old=null
2019-09-24 21:20:05,046 [66ab88db-d69f-4f96-9860-b898e5399db4@group-E596A2B7CC13:LeaderElection36] INFO  impl.LeaderElection (LeaderElection.java:askForVotes(182)) - 66ab88db-d69f-4f96-9860-b898e5399db4@group-E596A2B7CC13:LeaderElection36: begin an election at term 4 for -1: [f3cc68b9-8250-46bd-9f8b-0b9d65688440:192.168.36.84:35502, c1e0fc5a-7ae4-45d0-a105-709cc60ce072:192.168.36.84:33769, 66ab88db-d69f-4f96-9860-b898e5399db4:192.168.36.84:42907], old=null
2019-09-24 21:20:05,046 [c1e0fc5a-7ae4-45d0-a105-709cc60ce072@group-A26FF7157983:LeaderElection35] INFO  impl.LeaderElection (LeaderElection.java:askForVotes(182)) - c1e0fc5a-7ae4-45d0-a105-709cc60ce072@group-A26FF7157983:LeaderElection35: begin an election at term 2 for -1: [f3cc68b9-8250-46bd-9f8b-0b9d65688440:192.168.36.84:35502, c1e0fc5a-7ae4-45d0-a105-709cc60ce072:192.168.36.84:33769, 66ab88db-d69f-4f96-9860-b898e5399db4:192.168.36.84:42907], old=null
2019-09-24 21:20:05,046 [c1e0fc5a-7ae4-45d0-a105-709cc60ce072@group-C467C04FCD85:LeaderElection31] INFO  impl.LeaderElection (LeaderElection.java:askForVotes(182)) - c1e0fc5a-7ae4-45d0-a105-709cc60ce072@group-C467C04FCD85:LeaderElection31: begin an election at term 2 for -1: [f3cc68b9-8250-46bd-9f8b-0b9d65688440:192.168.36.84:35502, c1e0fc5a-7ae4-45d0-a105-709cc60ce072:192.168.36.84:33769, 66ab88db-d69f-4f96-9860-b898e5399db4:192.168.36.84:42907], old=null
2019-09-24 21:20:05,049 [f3cc68b9-8250-46bd-9f8b-0b9d65688440@group-71677AE0A12A:LeaderElection45] INFO  impl.LeaderElection (LeaderElection.java:askForVotes(182)) - f3cc68b9-8250-46bd-9f8b-0b9d65688440@group-71677AE0A12A:LeaderElection45: begin an election at term 2 for -1: [f3cc68b9-8250-46bd-9f8b-0b9d65688440:192.168.36.84:35502, c1e0fc5a-7ae4-45d0-a105-709cc60ce072:192.168.36.84:33769, 66ab88db-d69f-4f96-9860-b898e5399db4:192.168.36.84:42907], old=null
2019-09-24 21:20:05,049 [c1e0fc5a-7ae4-45d0-a105-709cc60ce072@group-307796CD6AEA:LeaderElection46] INFO  impl.LeaderElection (LeaderElection.java:askForVotes(182)) - c1e0fc5a-7ae4-45d0-a105-709cc60ce072@group-307796CD6AEA:LeaderElection46: begin an election at term 2 for -1: [f3cc68b9-8250-46bd-9f8b-0b9d65688440:192.168.36.84:35502, c1e0fc5a-7ae4-45d0-a105-709cc60ce072:192.168.36.84:33769, 66ab88db-d69f-4f96-9860-b898e5399db4:192.168.36.84:42907], old=null
2019-09-24 21:20:05,049 [f3cc68b9-8250-46bd-9f8b-0b9d65688440@group-A58B6DB2432C:LeaderElection41] INFO  impl.LeaderElection (LeaderElection.java:askForVotes(182)) - f3cc68b9-8250-46bd-9f8b-0b9d65688440@group-A58B6DB2432C:LeaderElection41: begin an election at term 2 for -1: [f3cc68b9-8250-46bd-9f8b-0b9d65688440:192.168.36.84:35502, c1e0fc5a-7ae4-45d0-a105-709cc60ce072:192.168.36.84:33769, 66ab88db-d69f-4f96-9860-b898e5399db4:192.168.36.84:42907], old=null
2019-09-24 21:20:05,049 [f3cc68b9-8250-46bd-9f8b-0b9d65688440@group-307796CD6AEA:LeaderElection47] INFO  impl.LeaderElection (LeaderElection.java:askForVotes(182)) - f3cc68b9-8250-46bd-9f8b-0b9d65688440@group-307796CD6AEA:LeaderElection47: begin an election at term 2 for -1: [f3cc68b9-8250-46bd-9f8b-0b9d65688440:192.168.36.84:35502, c1e0fc5a-7ae4-45d0-a105-709cc60ce072:192.168.36.84:33769, 66ab88db-d69f-4f96-9860-b898e5399db4:192.168.36.84:42907], old=null
2019-09-24 21:20:05,049 [f3cc68b9-8250-46bd-9f8b-0b9d65688440@group-A918B51F1DFD:LeaderElection44] INFO  impl.LeaderElection (LeaderElection.java:askForVotes(182)) - f3cc68b9-8250-46bd-9f8b-0b9d65688440@group-A918B51F1DFD:LeaderElection44: begin an election at term 2 for -1: [f3cc68b9-8250-46bd-9f8b-0b9d65688440:192.168.36.84:35502, c1e0fc5a-7ae4-45d0-a105-709cc60ce072:192.168.36.84:33769, 66ab88db-d69f-4f96-9860-b898e5399db4:192.168.36.84:42907], old=null
2019-09-24 21:20:05,050 [f3cc68b9-8250-46bd-9f8b-0b9d65688440@group-A26FF7157983:LeaderElection48] INFO  impl.LeaderElection (LeaderElection.java:askForVotes(182)) - f3cc68b9-8250-46bd-9f8b-0b9d65688440@group-A26FF7157983:LeaderElection48: begin an election at term 2 for -1: [f3cc68b9-8250-46bd-9f8b-0b9d65688440:192.168.36.84:35502, c1e0fc5a-7ae4-45d0-a105-709cc60ce072:192.168.36.84:33769, 66ab88db-d69f-4f96-9860-b898e5399db4:192.168.36.84:42907], old=null
2019-09-24 21:20:05,050 [c1e0fc5a-7ae4-45d0-a105-709cc60ce072@group-E596A2B7CC13:LeaderElection49] INFO  impl.LeaderElection (LeaderElection.java:askForVotes(182)) - c1e0fc5a-7ae4-45d0-a105-709cc60ce072@group-E596A2B7CC13:LeaderElection49: begin an election at term 4 for -1: [f3cc68b9-8250-46bd-9f8b-0b9d65688440:192.168.36.84:35502, c1e0fc5a-7ae4-45d0-a105-709cc60ce072:192.168.36.84:33769, 66ab88db-d69f-4f96-9860-b898e5399db4:192.168.36.84:42907], old=null
2019-09-24 21:20:05,050 [66ab88db-d69f-4f96-9860-b898e5399db4@group-307796CD6AEA:LeaderElection40] INFO  impl.LeaderElection (LeaderElection.java:askForVotes(182)) - 66ab88db-d69f-4f96-9860-b898e5399db4@group-307796CD6AEA:LeaderElection40: begin an election at term 2 for -1: [f3cc68b9-8250-46bd-9f8b-0b9d65688440:192.168.36.84:35502, c1e0fc5a-7ae4-45d0-a105-709cc60ce072:192.168.36.84:33769, 66ab88db-d69f-4f96-9860-b898e5399db4:192.168.36.84:42907], old=null
2019-09-24 21:20:05,050 [c1e0fc5a-7ae4-45d0-a105-709cc60ce072@group-A918B51F1DFD:LeaderElection50] INFO  impl.LeaderElection (LeaderElection.java:askForVotes(182)) - c1e0fc5a-7ae4-45d0-a105-709cc60ce072@group-A918B51F1DFD:LeaderElection50: begin an election at term 2 for -1: [f3cc68b9-8250-46bd-9f8b-0b9d65688440:192.168.36.84:35502, c1e0fc5a-7ae4-45d0-a105-709cc60ce072:192.168.36.84:33769, 66ab88db-d69f-4f96-9860-b898e5399db4:192.168.36.84:42907], old=null
2019-09-24 21:20:05,050 [66ab88db-d69f-4f96-9860-b898e5399db4@group-C467C04FCD85:LeaderElection39] INFO  impl.LeaderElection (LeaderElection.java:askForVotes(182)) - 66ab88db-d69f-4f96-9860-b898e5399db4@group-C467C04FCD85:LeaderElection39: begin an election at term 2 for -1: [f3cc68b9-8250-46bd-9f8b-0b9d65688440:192.168.36.84:35502, c1e0fc5a-7ae4-45d0-a105-709cc60ce072:192.168.36.84:33769, 66ab88db-d69f-4f96-9860-b898e5399db4:192.168.36.84:42907], old=null
2019-09-24 21:20:05,050 [f3cc68b9-8250-46bd-9f8b-0b9d65688440@group-E596A2B7CC13:LeaderElection43] INFO  impl.LeaderElection (LeaderElection.java:askForVotes(182)) - f3cc68b9-8250-46bd-9f8b-0b9d65688440@group-E596A2B7CC13:LeaderElection43: begin an election at term 4 for -1: [f3cc68b9-8250-46bd-9f8b-0b9d65688440:192.168.36.84:35502, c1e0fc5a-7ae4-45d0-a105-709cc60ce072:192.168.36.84:33769, 66ab88db-d69f-4f96-9860-b898e5399db4:192.168.36.84:42907], old=null
2019-09-24 21:20:05,049 [66ab88db-d69f-4f96-9860-b898e5399db4@group-71677AE0A12A:LeaderElection42] INFO  impl.LeaderElection (LeaderElection.java:askForVotes(182)) - 66ab88db-d69f-4f96-9860-b898e5399db4@group-71677AE0A12A:LeaderElection42: begin an election at term 2 for -1: [f3cc68b9-8250-46bd-9f8b-0b9d65688440:192.168.36.84:35502, c1e0fc5a-7ae4-45d0-a105-709cc60ce072:192.168.36.84:33769, 66ab88db-d69f-4f96-9860-b898e5399db4:192.168.36.84:42907], old=null
2019-09-24 21:20:05,075 [f3cc68b9-8250-46bd-9f8b-0b9d65688440@group-C467C04FCD85:LeaderElection34] INFO  impl.LeaderElection (LeaderElection.java:logAndReturn(56)) - f3cc68b9-8250-46bd-9f8b-0b9d65688440@group-C467C04FCD85:LeaderElection34: Election REJECTED; received 2 response(s) [f3cc68b9-8250-46bd-9f8b-0b9d65688440<-c1e0fc5a-7ae4-45d0-a105-709cc60ce072#0:FAIL-t2, f3cc68b9-8250-46bd-9f8b-0b9d65688440<-66ab88db-d69f-4f96-9860-b898e5399db4#0:FAIL-t2] and 0 exception(s); f3cc68b9-8250-46bd-9f8b-0b9d65688440@group-C467C04FCD85:t2, leader=null, voted=f3cc68b9-8250-46bd-9f8b-0b9d65688440, raftlog=f3cc68b9-8250-46bd-9f8b-0b9d65688440@group-C467C04FCD85-SegmentedRaftLog:OPENED:c-1,f-1,i0, conf=-1: [f3cc68b9-8250-46bd-9f8b-0b9d65688440:192.168.36.84:35502, c1e0fc5a-7ae4-45d0-a105-709cc60ce072:192.168.36.84:33769, 66ab88db-d69f-4f96-9860-b898e5399db4:192.168.36.84:42907], old=null
2019-09-24 21:20:05,076 [c1e0fc5a-7ae4-45d0-a105-709cc60ce072@group-71677AE0A12A:LeaderElection37] INFO  impl.LeaderElection (LeaderElection.java:logAndReturn(56)) - c1e0fc5a-7ae4-45d0-a105-709cc60ce072@group-71677AE0A12A:LeaderElection37: Election REJECTED; received 2 response(s) [c1e0fc5a-7ae4-45d0-a105-709cc60ce072<-f3cc68b9-8250-46bd-9f8b-0b9d65688440#0:FAIL-t2, c1e0fc5a-7ae4-45d0-a105-709cc60ce072<-66ab88db-d69f-4f96-9860-b898e5399db4#0:FAIL-t2] and 0 exception(s); c1e0fc5a-7ae4-45d0-a105-709cc60ce072@group-71677AE0A12A:t2, leader=null, voted=c1e0fc5a-7ae4-45d0-a105-709cc60ce072, raftlog=c1e0fc5a-7ae4-45d0-a105-709cc60ce072@group-71677AE0A12A-SegmentedRaftLog:OPENED:c-1,f-1,i0, conf=-1: [f3cc68b9-8250-46bd-9f8b-0b9d65688440:192.168.36.84:35502, c1e0fc5a-7ae4-45d0-a105-709cc60ce072:192.168.36.84:33769, 66ab88db-d69f-4f96-9860-b898e5399db4:192.168.36.84:42907], old=null
2019-09-24 21:20:05,076 [f3cc68b9-8250-46bd-9f8b-0b9d65688440@group-71677AE0A12A:LeaderElection45] INFO  impl.LeaderElection (LeaderElection.java:logAndReturn(56)) - f3cc68b9-8250-46bd-9f8b-0b9d65688440@group-71677AE0A12A:LeaderElection45: Election REJECTED; received 2 response(s) [f3cc68b9-8250-46bd-9f8b-0b9d65688440<-c1e0fc5a-7ae4-45d0-a105-709cc60ce072#0:FAIL-t2, f3cc68b9-8250-46bd-9f8b-0b9d65688440<-66ab88db-d69f-4f96-9860-b898e5399db4#0:FAIL-t2] and 0 exception(s); f3cc68b9-8250-46bd-9f8b-0b9d65688440@group-71677AE0A12A:t2, leader=null, voted=f3cc68b9-8250-46bd-9f8b-0b9d65688440, raftlog=f3cc68b9-8250-46bd-9f8b-0b9d65688440@group-71677AE0A12A-SegmentedRaftLog:OPENED:c-1,f-1,i0, conf=-1: [f3cc68b9-8250-46bd-9f8b-0b9d65688440:192.168.36.84:35502, c1e0fc5a-7ae4-45d0-a105-709cc60ce072:192.168.36.84:33769, 66ab88db-d69f-4f96-9860-b898e5399db4:192.168.36.84:42907], old=null
2019-09-24 21:20:05,076 [f3cc68b9-8250-46bd-9f8b-0b9d65688440@group-307796CD6AEA:LeaderElection47] INFO  impl.LeaderElection (LeaderElection.java:logAndReturn(56)) - f3cc68b9-8250-46bd-9f8b-0b9d65688440@group-307796CD6AEA:LeaderElection47: Election REJECTED; received 2 response(s) [f3cc68b9-8250-46bd-9f8b-0b9d65688440<-c1e0fc5a-7ae4-45d0-a105-709cc60ce072#0:FAIL-t2, f3cc68b9-8250-46bd-9f8b-0b9d65688440<-66ab88db-d69f-4f96-9860-b898e5399db4#0:FAIL-t2] and 0 exception(s); f3cc68b9-8250-46bd-9f8b-0b9d65688440@group-307796CD6AEA:t2, leader=null, voted=f3cc68b9-8250-46bd-9f8b-0b9d65688440, raftlog=f3cc68b9-8250-46bd-9f8b-0b9d65688440@group-307796CD6AEA-SegmentedRaftLog:OPENED:c-1,f-1,i0, conf=-1: [f3cc68b9-8250-46bd-9f8b-0b9d65688440:192.168.36.84:35502, c1e0fc5a-7ae4-45d0-a105-709cc60ce072:192.168.36.84:33769, 66ab88db-d69f-4f96-9860-b898e5399db4:192.168.36.84:42907], old=null
2019-09-24 21:20:05,081 [66ab88db-d69f-4f96-9860-b898e5399db4@group-A58B6DB2432C:LeaderElection32] INFO  impl.LeaderElection (LeaderElection.java:logAndReturn(56)) - 66ab88db-d69f-4f96-9860-b898e5399db4@group-A58B6DB2432C:LeaderElection32: Election REJECTED; received 2 response(s) [66ab88db-d69f-4f96-9860-b898e5399db4<-f3cc68b9-8250-46bd-9f8b-0b9d65688440#0:FAIL-t2, 66ab88db-d69f-4f96-9860-b898e5399db4<-c1e0fc5a-7ae4-45d0-a105-709cc60ce072#0:FAIL-t2] and 0 exception(s); 66ab88db-d69f-4f96-9860-b898e5399db4@group-A58B6DB2432C:t2, leader=null, voted=66ab88db-d69f-4f96-9860-b898e5399db4, raftlog=66ab88db-d69f-4f96-9860-b898e5399db4@group-A58B6DB2432C-SegmentedRaftLog:OPENED:c-1,f-1,i0, conf=-1: [f3cc68b9-8250-46bd-9f8b-0b9d65688440:192.168.36.84:35502, c1e0fc5a-7ae4-45d0-a105-709cc60ce072:192.168.36.84:33769, 66ab88db-d69f-4f96-9860-b898e5399db4:192.168.36.84:42907], old=null
2019-09-24 21:20:05,083 [66ab88db-d69f-4f96-9860-b898e5399db4@group-A918B51F1DFD:LeaderElection30] INFO  impl.LeaderElection (LeaderElection.java:logAndReturn(56)) - 66ab88db-d69f-4f96-9860-b898e5399db4@group-A918B51F1DFD:LeaderElection30: Election REJECTED; received 2 response(s) [66ab88db-d69f-4f96-9860-b898e5399db4<-f3cc68b9-8250-46bd-9f8b-0b9d65688440#0:FAIL-t2, 66ab88db-d69f-4f96-9860-b898e5399db4<-c1e0fc5a-7ae4-45d0-a105-709cc60ce072#0:FAIL-t2] and 0 exception(s); 66ab88db-d69f-4f96-9860-b898e5399db4@group-A918B51F1DFD:t2, leader=null, voted=66ab88db-d69f-4f96-9860-b898e5399db4, raftlog=66ab88db-d69f-4f96-9860-b898e5399db4@group-A918B51F1DFD-SegmentedRaftLog:OPENED:c-1,f-1,i0, conf=-1: [f3cc68b9-8250-46bd-9f8b-0b9d65688440:192.168.36.84:35502, c1e0fc5a-7ae4-45d0-a105-709cc60ce072:192.168.36.84:33769, 66ab88db-d69f-4f96-9860-b898e5399db4:192.168.36.84:42907], old=null
2019-09-24 21:20:05,081 [f3cc68b9-8250-46bd-9f8b-0b9d65688440@group-A918B51F1DFD:LeaderElection44] INFO  impl.LeaderElection (LeaderElection.java:logAndReturn(56)) - f3cc68b9-8250-46bd-9f8b-0b9d65688440@group-A918B51F1DFD:LeaderElection44: Election REJECTED; received 2 response(s) [f3cc68b9-8250-46bd-9f8b-0b9d65688440<-c1e0fc5a-7ae4-45d0-a105-709cc60ce072#0:FAIL-t2, f3cc68b9-8250-46bd-9f8b-0b9d65688440<-66ab88db-d69f-4f96-9860-b898e5399db4#0:FAIL-t2] and 0 exception(s); f3cc68b9-8250-46bd-9f8b-0b9d65688440@group-A918B51F1DFD:t2, leader=null, voted=f3cc68b9-8250-46bd-9f8b-0b9d65688440, raftlog=f3cc68b9-8250-46bd-9f8b-0b9d65688440@group-A918B51F1DFD-SegmentedRaftLog:OPENED:c-1,f-1,i0, conf=-1: [f3cc68b9-8250-46bd-9f8b-0b9d65688440:192.168.36.84:35502, c1e0fc5a-7ae4-45d0-a105-709cc60ce072:192.168.36.84:33769, 66ab88db-d69f-4f96-9860-b898e5399db4:192.168.36.84:42907], old=null
2019-09-24 21:20:05,076 [f3cc68b9-8250-46bd-9f8b-0b9d65688440@group-C467C04FCD85:LeaderElection34] INFO  impl.RaftServerImpl (RaftServerImpl.java:setRole(174)) - f3cc68b9-8250-46bd-9f8b-0b9d65688440@group-C467C04FCD85: changes role from CANDIDATE to FOLLOWER at term 2 for DISCOVERED_A_NEW_TERM
2019-09-24 21:20:05,088 [f3cc68b9-8250-46bd-9f8b-0b9d65688440@group-C467C04FCD85:LeaderElection34] INFO  impl.RoleInfo (RoleInfo.java:shutdownLeaderElection(134)) - f3cc68b9-8250-46bd-9f8b-0b9d65688440: shutdown LeaderElection
2019-09-24 21:20:05,079 [f3cc68b9-8250-46bd-9f8b-0b9d65688440@group-71677AE0A12A:LeaderElection45] INFO  impl.RaftServerImpl (RaftServerImpl.java:setRole(174)) - f3cc68b9-8250-46bd-9f8b-0b9d65688440@group-71677AE0A12A: changes role from CANDIDATE to FOLLOWER at term 2 for DISCOVERED_A_NEW_TERM
2019-09-24 21:20:05,088 [f3cc68b9-8250-46bd-9f8b-0b9d65688440@group-A26FF7157983:LeaderElection48] INFO  impl.LeaderElection (LeaderElection.java:logAndReturn(56)) - f3cc68b9-8250-46bd-9f8b-0b9d65688440@group-A26FF7157983:LeaderElection48: Election REJECTED; received 2 response(s) [f3cc68b9-8250-46bd-9f8b-0b9d65688440<-c1e0fc5a-7ae4-45d0-a105-709cc60ce072#0:FAIL-t2, f3cc68b9-8250-46bd-9f8b-0b9d65688440<-66ab88db-d69f-4f96-9860-b898e5399db4#0:FAIL-t2] and 0 exception(s); f3cc68b9-8250-46bd-9f8b-0b9d65688440@group-A26FF7157983:t2, leader=null, voted=f3cc68b9-8250-46bd-9f8b-0b9d65688440, raftlog=f3cc68b9-8250-46bd-9f8b-0b9d65688440@group-A26FF7157983-SegmentedRaftLog:OPENED:c-1,f-1,i0, conf=-1: [f3cc68b9-8250-46bd-9f8b-0b9d65688440:192.168.36.84:35502, c1e0fc5a-7ae4-45d0-a105-709cc60ce072:192.168.36.84:33769, 66ab88db-d69f-4f96-9860-b898e5399db4:192.168.36.84:42907], old=null
2019-09-24 21:20:05,088 [66ab88db-d69f-4f96-9860-b898e5399db4@group-A918B51F1DFD:LeaderElection30] INFO  impl.RaftServerImpl (RaftServerImpl.java:setRole(174)) - 66ab88db-d69f-4f96-9860-b898e5399db4@group-A918B51F1DFD: changes role from CANDIDATE to FOLLOWER at term 2 for DISCOVERED_A_NEW_TERM
2019-09-24 21:20:05,088 [f3cc68b9-8250-46bd-9f8b-0b9d65688440@group-A918B51F1DFD:LeaderElection44] INFO  impl.RaftServerImpl (RaftServerImpl.java:setRole(174)) - f3cc68b9-8250-46bd-9f8b-0b9d65688440@group-A918B51F1DFD: changes role from CANDIDATE to FOLLOWER at term 2 for DISCOVERED_A_NEW_TERM
2019-09-24 21:20:05,085 [66ab88db-d69f-4f96-9860-b898e5399db4@group-A58B6DB2432C:LeaderElection32] INFO  impl.RaftServerImpl (RaftServerImpl.java:setRole(174)) - 66ab88db-d69f-4f96-9860-b898e5399db4@group-A58B6DB2432C: changes role from CANDIDATE to FOLLOWER at term 2 for DISCOVERED_A_NEW_TERM
2019-09-24 21:20:05,083 [f3cc68b9-8250-46bd-9f8b-0b9d65688440@group-307796CD6AEA:LeaderElection47] INFO  impl.RaftServerImpl (RaftServerImpl.java:setRole(174)) - f3cc68b9-8250-46bd-9f8b-0b9d65688440@group-307796CD6AEA: changes role from CANDIDATE to FOLLOWER at term 2 for DISCOVERED_A_NEW_TERM
2019-09-24 21:20:05,081 [c1e0fc5a-7ae4-45d0-a105-709cc60ce072@group-71677AE0A12A:LeaderElection37] INFO  impl.RaftServerImpl (RaftServerImpl.java:setRole(174)) - c1e0fc5a-7ae4-45d0-a105-709cc60ce072@group-71677AE0A12A: changes role from CANDIDATE to FOLLOWER at term 2 for DISCOVERED_A_NEW_TERM
2019-09-24 21:20:05,099 [f3cc68b9-8250-46bd-9f8b-0b9d65688440@group-307796CD6AEA:LeaderElection47] INFO  impl.RoleInfo (RoleInfo.java:shutdownLeaderElection(134)) - f3cc68b9-8250-46bd-9f8b-0b9d65688440: shutdown LeaderElection
2019-09-24 21:20:05,099 [66ab88db-d69f-4f96-9860-b898e5399db4@group-A58B6DB2432C:LeaderElection32] INFO  impl.RoleInfo (RoleInfo.java:shutdownLeaderElection(134)) - 66ab88db-d69f-4f96-9860-b898e5399db4: shutdown LeaderElection
2019-09-24 21:20:05,099 [66ab88db-d69f-4f96-9860-b898e5399db4@group-307796CD6AEA:LeaderElection40] INFO  impl.LeaderElection (LeaderElection.java:logAndReturn(56)) - 66ab88db-d69f-4f96-9860-b898e5399db4@group-307796CD6AEA:LeaderElection40: Election REJECTED; received 2 response(s) [66ab88db-d69f-4f96-9860-b898e5399db4<-f3cc68b9-8250-46bd-9f8b-0b9d65688440#0:FAIL-t2, 66ab88db-d69f-4f96-9860-b898e5399db4<-c1e0fc5a-7ae4-45d0-a105-709cc60ce072#0:FAIL-t2] and 0 exception(s); 66ab88db-d69f-4f96-9860-b898e5399db4@group-307796CD6AEA:t2, leader=null, voted=66ab88db-d69f-4f96-9860-b898e5399db4, raftlog=66ab88db-d69f-4f96-9860-b898e5399db4@group-307796CD6AEA-SegmentedRaftLog:OPENED:c-1,f-1,i0, conf=-1: [f3cc68b9-8250-46bd-9f8b-0b9d65688440:192.168.36.84:35502, c1e0fc5a-7ae4-45d0-a105-709cc60ce072:192.168.36.84:33769, 66ab88db-d69f-4f96-9860-b898e5399db4:192.168.36.84:42907], old=null
2019-09-24 21:20:05,099 [66ab88db-d69f-4f96-9860-b898e5399db4@group-71677AE0A12A:LeaderElection42] INFO  impl.LeaderElection (LeaderElection.java:logAndReturn(56)) - 66ab88db-d69f-4f96-9860-b898e5399db4@group-71677AE0A12A:LeaderElection42: Election REJECTED; received 2 response(s) [66ab88db-d69f-4f96-9860-b898e5399db4<-f3cc68b9-8250-46bd-9f8b-0b9d65688440#0:FAIL-t2, 66ab88db-d69f-4f96-9860-b898e5399db4<-c1e0fc5a-7ae4-45d0-a105-709cc60ce072#0:FAIL-t2] and 0 exception(s); 66ab88db-d69f-4f96-9860-b898e5399db4@group-71677AE0A12A:t2, leader=null, voted=66ab88db-d69f-4f96-9860-b898e5399db4, raftlog=66ab88db-d69f-4f96-9860-b898e5399db4@group-71677AE0A12A-SegmentedRaftLog:OPENED:c-1,f-1,i0, conf=-1: [f3cc68b9-8250-46bd-9f8b-0b9d65688440:192.168.36.84:35502, c1e0fc5a-7ae4-45d0-a105-709cc60ce072:192.168.36.84:33769, 66ab88db-d69f-4f96-9860-b898e5399db4:192.168.36.84:42907], old=null
2019-09-24 21:20:05,099 [f3cc68b9-8250-46bd-9f8b-0b9d65688440@group-A918B51F1DFD:LeaderElection44] INFO  impl.RoleInfo (RoleInfo.java:shutdownLeaderElection(134)) - f3cc68b9-8250-46bd-9f8b-0b9d65688440: shutdown LeaderElection
2019-09-24 21:20:05,099 [f3cc68b9-8250-46bd-9f8b-0b9d65688440@group-C467C04FCD85:LeaderElection34] INFO  impl.RoleInfo (RoleInfo.java:updateAndGet(143)) - f3cc68b9-8250-46bd-9f8b-0b9d65688440: start FollowerState
2019-09-24 21:20:05,100 [f3cc68b9-8250-46bd-9f8b-0b9d65688440@group-A918B51F1DFD:LeaderElection44] INFO  impl.RoleInfo (RoleInfo.java:updateAndGet(143)) - f3cc68b9-8250-46bd-9f8b-0b9d65688440: start FollowerState
2019-09-24 21:20:05,099 [66ab88db-d69f-4f96-9860-b898e5399db4@group-A918B51F1DFD:LeaderElection30] INFO  impl.RoleInfo (RoleInfo.java:shutdownLeaderElection(134)) - 66ab88db-d69f-4f96-9860-b898e5399db4: shutdown LeaderElection
2019-09-24 21:20:05,099 [f3cc68b9-8250-46bd-9f8b-0b9d65688440@group-A26FF7157983:LeaderElection48] INFO  impl.RaftServerImpl (RaftServerImpl.java:setRole(174)) - f3cc68b9-8250-46bd-9f8b-0b9d65688440@group-A26FF7157983: changes role from CANDIDATE to FOLLOWER at term 2 for DISCOVERED_A_NEW_TERM
2019-09-24 21:20:05,098 [f3cc68b9-8250-46bd-9f8b-0b9d65688440@group-71677AE0A12A:LeaderElection45] INFO  impl.RoleInfo (RoleInfo.java:shutdownLeaderElection(134)) - f3cc68b9-8250-46bd-9f8b-0b9d65688440: shutdown LeaderElection
2019-09-24 21:20:05,088 [c1e0fc5a-7ae4-45d0-a105-709cc60ce072@group-A58B6DB2432C:LeaderElection38] INFO  impl.LeaderElection (LeaderElection.java:logAndReturn(56)) - c1e0fc5a-7ae4-45d0-a105-709cc60ce072@group-A58B6DB2432C:LeaderElection38: Election REJECTED; received 2 response(s) [c1e0fc5a-7ae4-45d0-a105-709cc60ce072<-f3cc68b9-8250-46bd-9f8b-0b9d65688440#0:FAIL-t2, c1e0fc5a-7ae4-45d0-a105-709cc60ce072<-66ab88db-d69f-4f96-9860-b898e5399db4#0:FAIL-t2] and 0 exception(s); c1e0fc5a-7ae4-45d0-a105-709cc60ce072@group-A58B6DB2432C:t2, leader=null, voted=c1e0fc5a-7ae4-45d0-a105-709cc60ce072, raftlog=c1e0fc5a-7ae4-45d0-a105-709cc60ce072@group-A58B6DB2432C-SegmentedRaftLog:OPENED:c-1,f-1,i0, conf=-1: [f3cc68b9-8250-46bd-9f8b-0b9d65688440:192.168.36.84:35502, c1e0fc5a-7ae4-45d0-a105-709cc60ce072:192.168.36.84:33769, 66ab88db-d69f-4f96-9860-b898e5399db4:192.168.36.84:42907], old=null
2019-09-24 21:20:05,101 [f3cc68b9-8250-46bd-9f8b-0b9d65688440@group-71677AE0A12A:LeaderElection45] INFO  impl.RoleInfo (RoleInfo.java:updateAndGet(143)) - f3cc68b9-8250-46bd-9f8b-0b9d65688440: start FollowerState
2019-09-24 21:20:05,101 [c1e0fc5a-7ae4-45d0-a105-709cc60ce072@group-C467C04FCD85:LeaderElection31] INFO  impl.LeaderElection (LeaderElection.java:logAndReturn(56)) - c1e0fc5a-7ae4-45d0-a105-709cc60ce072@group-C467C04FCD85:LeaderElection31: Election REJECTED; received 2 response(s) [c1e0fc5a-7ae4-45d0-a105-709cc60ce072<-f3cc68b9-8250-46bd-9f8b-0b9d65688440#0:FAIL-t2, c1e0fc5a-7ae4-45d0-a105-709cc60ce072<-66ab88db-d69f-4f96-9860-b898e5399db4#0:FAIL-t2] and 0 exception(s); c1e0fc5a-7ae4-45d0-a105-709cc60ce072@group-C467C04FCD85:t2, leader=null, voted=c1e0fc5a-7ae4-45d0-a105-709cc60ce072, raftlog=c1e0fc5a-7ae4-45d0-a105-709cc60ce072@group-C467C04FCD85-SegmentedRaftLog:OPENED:c-1,f-1,i0, conf=-1: [f3cc68b9-8250-46bd-9f8b-0b9d65688440:192.168.36.84:35502, c1e0fc5a-7ae4-45d0-a105-709cc60ce072:192.168.36.84:33769, 66ab88db-d69f-4f96-9860-b898e5399db4:192.168.36.84:42907], old=null
2019-09-24 21:20:05,101 [66ab88db-d69f-4f96-9860-b898e5399db4@group-E596A2B7CC13:LeaderElection36] INFO  impl.LeaderElection (LeaderElection.java:logAndReturn(56)) - 66ab88db-d69f-4f96-9860-b898e5399db4@group-E596A2B7CC13:LeaderElection36: Election REJECTED; received 2 response(s) [66ab88db-d69f-4f96-9860-b898e5399db4<-f3cc68b9-8250-46bd-9f8b-0b9d65688440#0:FAIL-t4, 66ab88db-d69f-4f96-9860-b898e5399db4<-c1e0fc5a-7ae4-45d0-a105-709cc60ce072#0:FAIL-t4] and 0 exception(s); 66ab88db-d69f-4f96-9860-b898e5399db4@group-E596A2B7CC13:t4, leader=null, voted=66ab88db-d69f-4f96-9860-b898e5399db4, raftlog=66ab88db-d69f-4f96-9860-b898e5399db4@group-E596A2B7CC13-SegmentedRaftLog:OPENED:c-1,f-1,i0, conf=-1: [f3cc68b9-8250-46bd-9f8b-0b9d65688440:192.168.36.84:35502, c1e0fc5a-7ae4-45d0-a105-709cc60ce072:192.168.36.84:33769, 66ab88db-d69f-4f96-9860-b898e5399db4:192.168.36.84:42907], old=null
2019-09-24 21:20:05,101 [f3cc68b9-8250-46bd-9f8b-0b9d65688440@group-A26FF7157983:LeaderElection48] INFO  impl.RoleInfo (RoleInfo.java:shutdownLeaderElection(134)) - f3cc68b9-8250-46bd-9f8b-0b9d65688440: shutdown LeaderElection
2019-09-24 21:20:05,102 [c1e0fc5a-7ae4-45d0-a105-709cc60ce072@group-A918B51F1DFD:LeaderElection50] INFO  impl.LeaderElection (LeaderElection.java:logAndReturn(56)) - c1e0fc5a-7ae4-45d0-a105-709cc60ce072@group-A918B51F1DFD:LeaderElection50: Election REJECTED; received 2 response(s) [c1e0fc5a-7ae4-45d0-a105-709cc60ce072<-f3cc68b9-8250-46bd-9f8b-0b9d65688440#0:FAIL-t2, c1e0fc5a-7ae4-45d0-a105-709cc60ce072<-66ab88db-d69f-4f96-9860-b898e5399db4#0:FAIL-t2] and 0 exception(s); c1e0fc5a-7ae4-45d0-a105-709cc60ce072@group-A918B51F1DFD:t2, leader=null, voted=c1e0fc5a-7ae4-45d0-a105-709cc60ce072, raftlog=c1e0fc5a-7ae4-45d0-a105-709cc60ce072@group-A918B51F1DFD-SegmentedRaftLog:OPENED:c-1,f-1,i0, conf=-1: [f3cc68b9-8250-46bd-9f8b-0b9d65688440:192.168.36.84:35502, c1e0fc5a-7ae4-45d0-a105-709cc60ce072:192.168.36.84:33769, 66ab88db-d69f-4f96-9860-b898e5399db4:192.168.36.84:42907], old=null
2019-09-24 21:20:05,102 [f3cc68b9-8250-46bd-9f8b-0b9d65688440@group-A26FF7157983:LeaderElection48] INFO  impl.RoleInfo (RoleInfo.java:updateAndGet(143)) - f3cc68b9-8250-46bd-9f8b-0b9d65688440: start FollowerState
2019-09-24 21:20:05,101 [66ab88db-d69f-4f96-9860-b898e5399db4@group-A918B51F1DFD:LeaderElection30] INFO  impl.RoleInfo (RoleInfo.java:updateAndGet(143)) - 66ab88db-d69f-4f96-9860-b898e5399db4: start FollowerState
2019-09-24 21:20:05,101 [f3cc68b9-8250-46bd-9f8b-0b9d65688440@group-E596A2B7CC13:LeaderElection43] INFO  impl.LeaderElection (LeaderElection.java:logAndReturn(56)) - f3cc68b9-8250-46bd-9f8b-0b9d65688440@group-E596A2B7CC13:LeaderElection43: Election REJECTED; received 2 response(s) [f3cc68b9-8250-46bd-9f8b-0b9d65688440<-c1e0fc5a-7ae4-45d0-a105-709cc60ce072#0:FAIL-t4, f3cc68b9-8250-46bd-9f8b-0b9d65688440<-66ab88db-d69f-4f96-9860-b898e5399db4#0:FAIL-t4] and 0 exception(s); f3cc68b9-8250-46bd-9f8b-0b9d65688440@group-E596A2B7CC13:t4, leader=null, voted=f3cc68b9-8250-46bd-9f8b-0b9d65688440, raftlog=f3cc68b9-8250-46bd-9f8b-0b9d65688440@group-E596A2B7CC13-SegmentedRaftLog:OPENED:c-1,f-1,i0, conf=-1: [f3cc68b9-8250-46bd-9f8b-0b9d65688440:192.168.36.84:35502, c1e0fc5a-7ae4-45d0-a105-709cc60ce072:192.168.36.84:33769, 66ab88db-d69f-4f96-9860-b898e5399db4:192.168.36.84:42907], old=null
2019-09-24 21:20:05,101 [c1e0fc5a-7ae4-45d0-a105-709cc60ce072@group-E596A2B7CC13:LeaderElection49] INFO  impl.LeaderElection (LeaderElection.java:logAndReturn(56)) - c1e0fc5a-7ae4-45d0-a105-709cc60ce072@group-E596A2B7CC13:LeaderElection49: Election REJECTED; received 2 response(s) [c1e0fc5a-7ae4-45d0-a105-709cc60ce072<-f3cc68b9-8250-46bd-9f8b-0b9d65688440#0:FAIL-t4, c1e0fc5a-7ae4-45d0-a105-709cc60ce072<-66ab88db-d69f-4f96-9860-b898e5399db4#0:FAIL-t4] and 0 exception(s); c1e0fc5a-7ae4-45d0-a105-709cc60ce072@group-E596A2B7CC13:t4, leader=null, voted=c1e0fc5a-7ae4-45d0-a105-709cc60ce072, raftlog=c1e0fc5a-7ae4-45d0-a105-709cc60ce072@group-E596A2B7CC13-SegmentedRaftLog:OPENED:c-1,f-1,i0, conf=-1: [f3cc68b9-8250-46bd-9f8b-0b9d65688440:192.168.36.84:35502, c1e0fc5a-7ae4-45d0-a105-709cc60ce072:192.168.36.84:33769, 66ab88db-d69f-4f96-9860-b898e5399db4:192.168.36.84:42907], old=null
2019-09-24 21:20:05,100 [66ab88db-d69f-4f96-9860-b898e5399db4@group-71677AE0A12A:LeaderElection42] INFO  impl.RaftServerImpl (RaftServerImpl.java:setRole(174)) - 66ab88db-d69f-4f96-9860-b898e5399db4@group-71677AE0A12A: changes role from CANDIDATE to FOLLOWER at term 2 for DISCOVERED_A_NEW_TERM
2019-09-24 21:20:05,100 [66ab88db-d69f-4f96-9860-b898e5399db4@group-A26FF7157983:LeaderElection33] INFO  impl.LeaderElection (LeaderElection.java:logAndReturn(56)) - 66ab88db-d69f-4f96-9860-b898e5399db4@group-A26FF7157983:LeaderElection33: Election REJECTED; received 2 response(s) [66ab88db-d69f-4f96-9860-b898e5399db4<-f3cc68b9-8250-46bd-9f8b-0b9d65688440#0:FAIL-t2, 66ab88db-d69f-4f96-9860-b898e5399db4<-c1e0fc5a-7ae4-45d0-a105-709cc60ce072#0:FAIL-t2] and 0 exception(s); 66ab88db-d69f-4f96-9860-b898e5399db4@group-A26FF7157983:t2, leader=null, voted=66ab88db-d69f-4f96-9860-b898e5399db4, raftlog=66ab88db-d69f-4f96-9860-b898e5399db4@group-A26FF7157983-SegmentedRaftLog:OPENED:c-1,f-1,i0, conf=-1: [f3cc68b9-8250-46bd-9f8b-0b9d65688440:192.168.36.84:35502, c1e0fc5a-7ae4-45d0-a105-709cc60ce072:192.168.36.84:33769, 66ab88db-d69f-4f96-9860-b898e5399db4:192.168.36.84:42907], old=null
2019-09-24 21:20:05,100 [66ab88db-d69f-4f96-9860-b898e5399db4@group-307796CD6AEA:LeaderElection40] INFO  impl.RaftServerImpl (RaftServerImpl.java:setRole(174)) - 66ab88db-d69f-4f96-9860-b898e5399db4@group-307796CD6AEA: changes role from CANDIDATE to FOLLOWER at term 2 for DISCOVERED_A_NEW_TERM
2019-09-24 21:20:05,100 [66ab88db-d69f-4f96-9860-b898e5399db4@group-A58B6DB2432C:LeaderElection32] INFO  impl.RoleInfo (RoleInfo.java:updateAndGet(143)) - 66ab88db-d69f-4f96-9860-b898e5399db4: start FollowerState
2019-09-24 21:20:05,104 [c1e0fc5a-7ae4-45d0-a105-709cc60ce072@group-A26FF7157983:LeaderElection35] INFO  impl.LeaderElection (LeaderElection.java:logAndReturn(56)) - c1e0fc5a-7ae4-45d0-a105-709cc60ce072@group-A26FF7157983:LeaderElection35: Election REJECTED; received 2 response(s) [c1e0fc5a-7ae4-45d0-a105-709cc60ce072<-f3cc68b9-8250-46bd-9f8b-0b9d65688440#0:FAIL-t2, c1e0fc5a-7ae4-45d0-a105-709cc60ce072<-66ab88db-d69f-4f96-9860-b898e5399db4#0:FAIL-t2] and 0 exception(s); c1e0fc5a-7ae4-45d0-a105-709cc60ce072@group-A26FF7157983:t2, leader=null, voted=c1e0fc5a-7ae4-45d0-a105-709cc60ce072, raftlog=c1e0fc5a-7ae4-45d0-a105-709cc60ce072@group-A26FF7157983-SegmentedRaftLog:OPENED:c-1,f-1,i0, conf=-1: [f3cc68b9-8250-46bd-9f8b-0b9d65688440:192.168.36.84:35502, c1e0fc5a-7ae4-45d0-a105-709cc60ce072:192.168.36.84:33769, 66ab88db-d69f-4f96-9860-b898e5399db4:192.168.36.84:42907], old=null
2019-09-24 21:20:05,099 [f3cc68b9-8250-46bd-9f8b-0b9d65688440@group-307796CD6AEA:LeaderElection47] INFO  impl.RoleInfo (RoleInfo.java:updateAndGet(143)) - f3cc68b9-8250-46bd-9f8b-0b9d65688440: start FollowerState
2019-09-24 21:20:05,099 [c1e0fc5a-7ae4-45d0-a105-709cc60ce072@group-71677AE0A12A:LeaderElection37] INFO  impl.RoleInfo (RoleInfo.java:shutdownLeaderElection(134)) - c1e0fc5a-7ae4-45d0-a105-709cc60ce072: shutdown LeaderElection
2019-09-24 21:20:05,104 [c1e0fc5a-7ae4-45d0-a105-709cc60ce072@group-A26FF7157983:LeaderElection35] INFO  impl.RaftServerImpl (RaftServerImpl.java:setRole(174)) - c1e0fc5a-7ae4-45d0-a105-709cc60ce072@group-A26FF7157983: changes role from CANDIDATE to FOLLOWER at term 2 for DISCOVERED_A_NEW_TERM
2019-09-24 21:20:05,104 [c1e0fc5a-7ae4-45d0-a105-709cc60ce072@group-A26FF7157983:LeaderElection35] INFO  impl.RoleInfo (RoleInfo.java:shutdownLeaderElection(134)) - c1e0fc5a-7ae4-45d0-a105-709cc60ce072: shutdown LeaderElection
2019-09-24 21:20:05,104 [66ab88db-d69f-4f96-9860-b898e5399db4@group-307796CD6AEA:LeaderElection40] INFO  impl.RoleInfo (RoleInfo.java:shutdownLeaderElection(134)) - 66ab88db-d69f-4f96-9860-b898e5399db4: shutdown LeaderElection
2019-09-24 21:20:05,103 [66ab88db-d69f-4f96-9860-b898e5399db4@group-A26FF7157983:LeaderElection33] INFO  impl.RaftServerImpl (RaftServerImpl.java:setRole(174)) - 66ab88db-d69f-4f96-9860-b898e5399db4@group-A26FF7157983: changes role from CANDIDATE to FOLLOWER at term 2 for DISCOVERED_A_NEW_TERM
2019-09-24 21:20:05,105 [66ab88db-d69f-4f96-9860-b898e5399db4@group-307796CD6AEA:LeaderElection40] INFO  impl.RoleInfo (RoleInfo.java:updateAndGet(143)) - 66ab88db-d69f-4f96-9860-b898e5399db4: start FollowerState
2019-09-24 21:20:05,103 [66ab88db-d69f-4f96-9860-b898e5399db4@group-71677AE0A12A:LeaderElection42] INFO  impl.RoleInfo (RoleInfo.java:shutdownLeaderElection(134)) - 66ab88db-d69f-4f96-9860-b898e5399db4: shutdown LeaderElection
2019-09-24 21:20:05,103 [c1e0fc5a-7ae4-45d0-a105-709cc60ce072@group-E596A2B7CC13:LeaderElection49] INFO  impl.RaftServerImpl (RaftServerImpl.java:setRole(174)) - c1e0fc5a-7ae4-45d0-a105-709cc60ce072@group-E596A2B7CC13: changes role from CANDIDATE to FOLLOWER at term 4 for DISCOVERED_A_NEW_TERM
2019-09-24 21:20:05,105 [f3cc68b9-8250-46bd-9f8b-0b9d65688440@group-A58B6DB2432C:LeaderElection41] INFO  impl.LeaderElection (LeaderElection.java:logAndReturn(56)) - f3cc68b9-8250-46bd-9f8b-0b9d65688440@group-A58B6DB2432C:LeaderElection41: Election REJECTED; received 2 response(s) [f3cc68b9-8250-46bd-9f8b-0b9d65688440<-c1e0fc5a-7ae4-45d0-a105-709cc60ce072#0:FAIL-t2, f3cc68b9-8250-46bd-9f8b-0b9d65688440<-66ab88db-d69f-4f96-9860-b898e5399db4#0:FAIL-t2] and 0 exception(s); f3cc68b9-8250-46bd-9f8b-0b9d65688440@group-A58B6DB2432C:t2, leader=null, voted=f3cc68b9-8250-46bd-9f8b-0b9d65688440, raftlog=f3cc68b9-8250-46bd-9f8b-0b9d65688440@group-A58B6DB2432C-SegmentedRaftLog:OPENED:c-1,f-1,i0, conf=-1: [f3cc68b9-8250-46bd-9f8b-0b9d65688440:192.168.36.84:35502, c1e0fc5a-7ae4-45d0-a105-709cc60ce072:192.168.36.84:33769, 66ab88db-d69f-4f96-9860-b898e5399db4:192.168.36.84:42907], old=null
2019-09-24 21:20:05,103 [f3cc68b9-8250-46bd-9f8b-0b9d65688440@group-E596A2B7CC13:LeaderElection43] INFO  impl.RaftServerImpl (RaftServerImpl.java:setRole(174)) - f3cc68b9-8250-46bd-9f8b-0b9d65688440@group-E596A2B7CC13: changes role from CANDIDATE to FOLLOWER at term 4 for DISCOVERED_A_NEW_TERM
2019-09-24 21:20:05,105 [f3cc68b9-8250-46bd-9f8b-0b9d65688440@group-E596A2B7CC13:LeaderElection43] INFO  impl.RoleInfo (RoleInfo.java:shutdownLeaderElection(134)) - f3cc68b9-8250-46bd-9f8b-0b9d65688440: shutdown LeaderElection
2019-09-24 21:20:05,102 [c1e0fc5a-7ae4-45d0-a105-709cc60ce072@group-A918B51F1DFD:LeaderElection50] INFO  impl.RaftServerImpl (RaftServerImpl.java:setRole(174)) - c1e0fc5a-7ae4-45d0-a105-709cc60ce072@group-A918B51F1DFD: changes role from CANDIDATE to FOLLOWER at term 2 for DISCOVERED_A_NEW_TERM
2019-09-24 21:20:05,102 [66ab88db-d69f-4f96-9860-b898e5399db4@group-C467C04FCD85:LeaderElection39] INFO  impl.LeaderElection (LeaderElection.java:logAndReturn(56)) - 66ab88db-d69f-4f96-9860-b898e5399db4@group-C467C04FCD85:LeaderElection39: Election REJECTED; received 2 response(s) [66ab88db-d69f-4f96-9860-b898e5399db4<-f3cc68b9-8250-46bd-9f8b-0b9d65688440#0:FAIL-t2, 66ab88db-d69f-4f96-9860-b898e5399db4<-c1e0fc5a-7ae4-45d0-a105-709cc60ce072#0:FAIL-t2] and 0 exception(s); 66ab88db-d69f-4f96-9860-b898e5399db4@group-C467C04FCD85:t2, leader=null, voted=66ab88db-d69f-4f96-9860-b898e5399db4, raftlog=66ab88db-d69f-4f96-9860-b898e5399db4@group-C467C04FCD85-SegmentedRaftLog:OPENED:c-1,f-1,i0, conf=-1: [f3cc68b9-8250-46bd-9f8b-0b9d65688440:192.168.36.84:35502, c1e0fc5a-7ae4-45d0-a105-709cc60ce072:192.168.36.84:33769, 66ab88db-d69f-4f96-9860-b898e5399db4:192.168.36.84:42907], old=null
2019-09-24 21:20:05,102 [66ab88db-d69f-4f96-9860-b898e5399db4@group-E596A2B7CC13:LeaderElection36] INFO  impl.RaftServerImpl (RaftServerImpl.java:setRole(174)) - 66ab88db-d69f-4f96-9860-b898e5399db4@group-E596A2B7CC13: changes role from CANDIDATE to FOLLOWER at term 4 for DISCOVERED_A_NEW_TERM
2019-09-24 21:20:05,102 [c1e0fc5a-7ae4-45d0-a105-709cc60ce072@group-C467C04FCD85:LeaderElection31] INFO  impl.RaftServerImpl (RaftServerImpl.java:setRole(174)) - c1e0fc5a-7ae4-45d0-a105-709cc60ce072@group-C467C04FCD85: changes role from CANDIDATE to FOLLOWER at term 2 for DISCOVERED_A_NEW_TERM
2019-09-24 21:20:05,106 [c1e0fc5a-7ae4-45d0-a105-709cc60ce072@group-C467C04FCD85:LeaderElection31] INFO  impl.RoleInfo (RoleInfo.java:shutdownLeaderElection(134)) - c1e0fc5a-7ae4-45d0-a105-709cc60ce072: shutdown LeaderElection
2019-09-24 21:20:05,101 [c1e0fc5a-7ae4-45d0-a105-709cc60ce072@group-A58B6DB2432C:LeaderElection38] INFO  impl.RaftServerImpl (RaftServerImpl.java:setRole(174)) - c1e0fc5a-7ae4-45d0-a105-709cc60ce072@group-A58B6DB2432C: changes role from CANDIDATE to FOLLOWER at term 2 for DISCOVERED_A_NEW_TERM
2019-09-24 21:20:05,106 [c1e0fc5a-7ae4-45d0-a105-709cc60ce072@group-C467C04FCD85:LeaderElection31] INFO  impl.RoleInfo (RoleInfo.java:updateAndGet(143)) - c1e0fc5a-7ae4-45d0-a105-709cc60ce072: start FollowerState
2019-09-24 21:20:05,106 [66ab88db-d69f-4f96-9860-b898e5399db4@group-E596A2B7CC13:LeaderElection36] INFO  impl.RoleInfo (RoleInfo.java:shutdownLeaderElection(134)) - 66ab88db-d69f-4f96-9860-b898e5399db4: shutdown LeaderElection
2019-09-24 21:20:05,106 [66ab88db-d69f-4f96-9860-b898e5399db4@group-C467C04FCD85:LeaderElection39] INFO  impl.RaftServerImpl (RaftServerImpl.java:setRole(174)) - 66ab88db-d69f-4f96-9860-b898e5399db4@group-C467C04FCD85: changes role from CANDIDATE to FOLLOWER at term 2 for DISCOVERED_A_NEW_TERM
2019-09-24 21:20:05,107 [66ab88db-d69f-4f96-9860-b898e5399db4@group-C467C04FCD85:LeaderElection39] INFO  impl.RoleInfo (RoleInfo.java:shutdownLeaderElection(134)) - 66ab88db-d69f-4f96-9860-b898e5399db4: shutdown LeaderElection
2019-09-24 21:20:05,106 [c1e0fc5a-7ae4-45d0-a105-709cc60ce072@group-A918B51F1DFD:LeaderElection50] INFO  impl.RoleInfo (RoleInfo.java:shutdownLeaderElection(134)) - c1e0fc5a-7ae4-45d0-a105-709cc60ce072: shutdown LeaderElection
2019-09-24 21:20:05,106 [f3cc68b9-8250-46bd-9f8b-0b9d65688440@group-E596A2B7CC13:LeaderElection43] INFO  impl.RoleInfo (RoleInfo.java:updateAndGet(143)) - f3cc68b9-8250-46bd-9f8b-0b9d65688440: start FollowerState
2019-09-24 21:20:05,106 [c1e0fc5a-7ae4-45d0-a105-709cc60ce072@group-307796CD6AEA:LeaderElection46] INFO  impl.LeaderElection (LeaderElection.java:logAndReturn(56)) - c1e0fc5a-7ae4-45d0-a105-709cc60ce072@group-307796CD6AEA:LeaderElection46: Election REJECTED; received 2 response(s) [c1e0fc5a-7ae4-45d0-a105-709cc60ce072<-f3cc68b9-8250-46bd-9f8b-0b9d65688440#0:FAIL-t2, c1e0fc5a-7ae4-45d0-a105-709cc60ce072<-66ab88db-d69f-4f96-9860-b898e5399db4#0:FAIL-t2] and 0 exception(s); c1e0fc5a-7ae4-45d0-a105-709cc60ce072@group-307796CD6AEA:t2, leader=null, voted=c1e0fc5a-7ae4-45d0-a105-709cc60ce072, raftlog=c1e0fc5a-7ae4-45d0-a105-709cc60ce072@group-307796CD6AEA-SegmentedRaftLog:OPENED:c-1,f-1,i0, conf=-1: [f3cc68b9-8250-46bd-9f8b-0b9d65688440:192.168.36.84:35502, c1e0fc5a-7ae4-45d0-a105-709cc60ce072:192.168.36.84:33769, 66ab88db-d69f-4f96-9860-b898e5399db4:192.168.36.84:42907], old=null
2019-09-24 21:20:05,105 [f3cc68b9-8250-46bd-9f8b-0b9d65688440@group-A58B6DB2432C:LeaderElection41] INFO  impl.RaftServerImpl (RaftServerImpl.java:setRole(174)) - f3cc68b9-8250-46bd-9f8b-0b9d65688440@group-A58B6DB2432C: changes role from CANDIDATE to FOLLOWER at term 2 for DISCOVERED_A_NEW_TERM
2019-09-24 21:20:05,105 [c1e0fc5a-7ae4-45d0-a105-709cc60ce072@group-E596A2B7CC13:LeaderElection49] INFO  impl.RoleInfo (RoleInfo.java:shutdownLeaderElection(134)) - c1e0fc5a-7ae4-45d0-a105-709cc60ce072: shutdown LeaderElection
2019-09-24 21:20:05,105 [66ab88db-d69f-4f96-9860-b898e5399db4@group-71677AE0A12A:LeaderElection42] INFO  impl.RoleInfo (RoleInfo.java:updateAndGet(143)) - 66ab88db-d69f-4f96-9860-b898e5399db4: start FollowerState
2019-09-24 21:20:05,105 [66ab88db-d69f-4f96-9860-b898e5399db4@group-A26FF7157983:LeaderElection33] INFO  impl.RoleInfo (RoleInfo.java:shutdownLeaderElection(134)) - 66ab88db-d69f-4f96-9860-b898e5399db4: shutdown LeaderElection
2019-09-24 21:20:05,104 [c1e0fc5a-7ae4-45d0-a105-709cc60ce072@group-A26FF7157983:LeaderElection35] INFO  impl.RoleInfo (RoleInfo.java:updateAndGet(143)) - c1e0fc5a-7ae4-45d0-a105-709cc60ce072: start FollowerState
2019-09-24 21:20:05,108 [66ab88db-d69f-4f96-9860-b898e5399db4@group-A26FF7157983:LeaderElection33] INFO  impl.RoleInfo (RoleInfo.java:updateAndGet(143)) - 66ab88db-d69f-4f96-9860-b898e5399db4: start FollowerState
2019-09-24 21:20:05,104 [c1e0fc5a-7ae4-45d0-a105-709cc60ce072@group-71677AE0A12A:LeaderElection37] INFO  impl.RoleInfo (RoleInfo.java:updateAndGet(143)) - c1e0fc5a-7ae4-45d0-a105-709cc60ce072: start FollowerState
2019-09-24 21:20:05,108 [c1e0fc5a-7ae4-45d0-a105-709cc60ce072@group-E596A2B7CC13:LeaderElection49] INFO  impl.RoleInfo (RoleInfo.java:updateAndGet(143)) - c1e0fc5a-7ae4-45d0-a105-709cc60ce072: start FollowerState
2019-09-24 21:20:05,108 [f3cc68b9-8250-46bd-9f8b-0b9d65688440@group-A58B6DB2432C:LeaderElection41] INFO  impl.RoleInfo (RoleInfo.java:shutdownLeaderElection(134)) - f3cc68b9-8250-46bd-9f8b-0b9d65688440: shutdown LeaderElection
2019-09-24 21:20:05,108 [c1e0fc5a-7ae4-45d0-a105-709cc60ce072@group-307796CD6AEA:LeaderElection46] INFO  impl.RaftServerImpl (RaftServerImpl.java:setRole(174)) - c1e0fc5a-7ae4-45d0-a105-709cc60ce072@group-307796CD6AEA: changes role from CANDIDATE to FOLLOWER at term 2 for DISCOVERED_A_NEW_TERM
2019-09-24 21:20:05,107 [c1e0fc5a-7ae4-45d0-a105-709cc60ce072@group-A918B51F1DFD:LeaderElection50] INFO  impl.RoleInfo (RoleInfo.java:updateAndGet(143)) - c1e0fc5a-7ae4-45d0-a105-709cc60ce072: start FollowerState
2019-09-24 21:20:05,107 [66ab88db-d69f-4f96-9860-b898e5399db4@group-C467C04FCD85:LeaderElection39] INFO  impl.RoleInfo (RoleInfo.java:updateAndGet(143)) - 66ab88db-d69f-4f96-9860-b898e5399db4: start FollowerState
2019-09-24 21:20:05,107 [66ab88db-d69f-4f96-9860-b898e5399db4@group-E596A2B7CC13:LeaderElection36] INFO  impl.RoleInfo (RoleInfo.java:updateAndGet(143)) - 66ab88db-d69f-4f96-9860-b898e5399db4: start FollowerState
2019-09-24 21:20:05,107 [c1e0fc5a-7ae4-45d0-a105-709cc60ce072@group-A58B6DB2432C:LeaderElection38] INFO  impl.RoleInfo (RoleInfo.java:shutdownLeaderElection(134)) - c1e0fc5a-7ae4-45d0-a105-709cc60ce072: shutdown LeaderElection
2019-09-24 21:20:05,109 [c1e0fc5a-7ae4-45d0-a105-709cc60ce072@group-307796CD6AEA:LeaderElection46] INFO  impl.RoleInfo (RoleInfo.java:shutdownLeaderElection(134)) - c1e0fc5a-7ae4-45d0-a105-709cc60ce072: shutdown LeaderElection
2019-09-24 21:20:05,109 [f3cc68b9-8250-46bd-9f8b-0b9d65688440@group-A58B6DB2432C:LeaderElection41] INFO  impl.RoleInfo (RoleInfo.java:updateAndGet(143)) - f3cc68b9-8250-46bd-9f8b-0b9d65688440: start FollowerState
2019-09-24 21:20:05,110 [c1e0fc5a-7ae4-45d0-a105-709cc60ce072@group-307796CD6AEA:LeaderElection46] INFO  impl.RoleInfo (RoleInfo.java:updateAndGet(143)) - c1e0fc5a-7ae4-45d0-a105-709cc60ce072: start FollowerState
2019-09-24 21:20:05,109 [c1e0fc5a-7ae4-45d0-a105-709cc60ce072@group-A58B6DB2432C:LeaderElection38] INFO  impl.RoleInfo (RoleInfo.java:updateAndGet(143)) - c1e0fc5a-7ae4-45d0-a105-709cc60ce072: start FollowerState
2019-09-24 21:20:10,112 [Thread-501] INFO  impl.FollowerState (FollowerState.java:run(106)) - f3cc68b9-8250-46bd-9f8b-0b9d65688440:group-C467C04FCD85 changes to CANDIDATE, lastRpcTime:5013, electionTimeout:5011ms
2019-09-24 21:20:10,115 [Thread-501] INFO  impl.RoleInfo (RoleInfo.java:shutdownFollowerState(121)) - f3cc68b9-8250-46bd-9f8b-0b9d65688440: shutdown FollowerState
2019-09-24 21:20:10,115 [Thread-501] INFO  impl.RaftServerImpl (RaftServerImpl.java:setRole(174)) - f3cc68b9-8250-46bd-9f8b-0b9d65688440@group-C467C04FCD85: changes role from  FOLLOWER to CANDIDATE at term 2 for changeToCandidate
2019-09-24 21:20:10,116 [Thread-501] INFO  impl.RoleInfo (RoleInfo.java:updateAndGet(143)) - f3cc68b9-8250-46bd-9f8b-0b9d65688440: start LeaderElection
2019-09-24 21:20:10,136 [Thread-515] INFO  impl.FollowerState (FollowerState.java:run(106)) - 66ab88db-d69f-4f96-9860-b898e5399db4:group-C467C04FCD85 changes to CANDIDATE, lastRpcTime:5028, electionTimeout:5026ms
2019-09-24 21:20:10,136 [Thread-515] INFO  impl.RoleInfo (RoleInfo.java:shutdownFollowerState(121)) - 66ab88db-d69f-4f96-9860-b898e5399db4: shutdown FollowerState
2019-09-24 21:20:10,136 [Thread-515] INFO  impl.RaftServerImpl (RaftServerImpl.java:setRole(174)) - 66ab88db-d69f-4f96-9860-b898e5399db4@group-C467C04FCD85: changes role from  FOLLOWER to CANDIDATE at term 2 for changeToCandidate
2019-09-24 21:20:10,136 [Thread-515] INFO  impl.RoleInfo (RoleInfo.java:updateAndGet(143)) - 66ab88db-d69f-4f96-9860-b898e5399db4: start LeaderElection
2019-09-24 21:20:10,148 [Thread-507] INFO  impl.FollowerState (FollowerState.java:run(106)) - f3cc68b9-8250-46bd-9f8b-0b9d65688440:group-A26FF7157983 changes to CANDIDATE, lastRpcTime:5045, electionTimeout:5045ms
2019-09-24 21:20:10,148 [Thread-507] INFO  impl.RoleInfo (RoleInfo.java:shutdownFollowerState(121)) - f3cc68b9-8250-46bd-9f8b-0b9d65688440: shutdown FollowerState
2019-09-24 21:20:10,148 [Thread-507] INFO  impl.RaftServerImpl (RaftServerImpl.java:setRole(174)) - f3cc68b9-8250-46bd-9f8b-0b9d65688440@group-A26FF7157983: changes role from  FOLLOWER to CANDIDATE at term 2 for changeToCandidate
2019-09-24 21:20:10,149 [Thread-507] INFO  impl.RoleInfo (RoleInfo.java:updateAndGet(143)) - f3cc68b9-8250-46bd-9f8b-0b9d65688440: start LeaderElection
2019-09-24 21:20:10,152 [Thread-513] INFO  impl.FollowerState (FollowerState.java:run(106)) - c1e0fc5a-7ae4-45d0-a105-709cc60ce072:group-C467C04FCD85 changes to CANDIDATE, lastRpcTime:5045, electionTimeout:5045ms
2019-09-24 21:20:10,152 [Thread-513] INFO  impl.RoleInfo (RoleInfo.java:shutdownFollowerState(121)) - c1e0fc5a-7ae4-45d0-a105-709cc60ce072: shutdown FollowerState
2019-09-24 21:20:10,153 [Thread-513] INFO  impl.RaftServerImpl (RaftServerImpl.java:setRole(174)) - c1e0fc5a-7ae4-45d0-a105-709cc60ce072@group-C467C04FCD85: changes role from  FOLLOWER to CANDIDATE at term 2 for changeToCandidate
2019-09-24 21:20:10,153 [Thread-513] INFO  impl.RoleInfo (RoleInfo.java:updateAndGet(143)) - c1e0fc5a-7ae4-45d0-a105-709cc60ce072: start LeaderElection
2019-09-24 21:20:10,153 [Thread-514] INFO  impl.FollowerState (FollowerState.java:run(106)) - 66ab88db-d69f-4f96-9860-b898e5399db4:group-E596A2B7CC13 changes to CANDIDATE, lastRpcTime:5045, electionTimeout:5043ms
2019-09-24 21:20:10,153 [Thread-514] INFO  impl.RoleInfo (RoleInfo.java:shutdownFollowerState(121)) - 66ab88db-d69f-4f96-9860-b898e5399db4: shutdown FollowerState
2019-09-24 21:20:10,153 [Thread-514] INFO  impl.RaftServerImpl (RaftServerImpl.java:setRole(174)) - 66ab88db-d69f-4f96-9860-b898e5399db4@group-E596A2B7CC13: changes role from  FOLLOWER to CANDIDATE at term 4 for changeToCandidate
2019-09-24 21:20:10,153 [Thread-502] INFO  impl.FollowerState (FollowerState.java:run(106)) - f3cc68b9-8250-46bd-9f8b-0b9d65688440:group-307796CD6AEA changes to CANDIDATE, lastRpcTime:5053, electionTimeout:5049ms
2019-09-24 21:20:10,154 [Thread-514] INFO  impl.RoleInfo (RoleInfo.java:updateAndGet(143)) - 66ab88db-d69f-4f96-9860-b898e5399db4: start LeaderElection
2019-09-24 21:20:10,154 [Thread-502] INFO  impl.RoleInfo (RoleInfo.java:shutdownFollowerState(121)) - f3cc68b9-8250-46bd-9f8b-0b9d65688440: shutdown FollowerState
2019-09-24 21:20:10,154 [Thread-502] INFO  impl.RaftServerImpl (RaftServerImpl.java:setRole(174)) - f3cc68b9-8250-46bd-9f8b-0b9d65688440@group-307796CD6AEA: changes role from  FOLLOWER to CANDIDATE at term 2 for changeToCandidate
2019-09-24 21:20:10,154 [Thread-502] INFO  impl.RoleInfo (RoleInfo.java:updateAndGet(143)) - f3cc68b9-8250-46bd-9f8b-0b9d65688440: start LeaderElection
2019-09-24 21:20:10,159 [Thread-510] INFO  impl.FollowerState (FollowerState.java:run(106)) - 66ab88db-d69f-4f96-9860-b898e5399db4:group-307796CD6AEA changes to CANDIDATE, lastRpcTime:5054, electionTimeout:5054ms
2019-09-24 21:20:10,160 [Thread-510] INFO  impl.RoleInfo (RoleInfo.java:shutdownFollowerState(121)) - 66ab88db-d69f-4f96-9860-b898e5399db4: shutdown FollowerState
2019-09-24 21:20:10,160 [Thread-510] INFO  impl.RaftServerImpl (RaftServerImpl.java:setRole(174)) - 66ab88db-d69f-4f96-9860-b898e5399db4@group-307796CD6AEA: changes role from  FOLLOWER to CANDIDATE at term 2 for changeToCandidate
2019-09-24 21:20:10,160 [Thread-510] INFO  impl.RoleInfo (RoleInfo.java:updateAndGet(143)) - 66ab88db-d69f-4f96-9860-b898e5399db4: start LeaderElection
2019-09-24 21:20:10,169 [Thread-512] INFO  impl.FollowerState (FollowerState.java:run(106)) - f3cc68b9-8250-46bd-9f8b-0b9d65688440:group-E596A2B7CC13 changes to CANDIDATE, lastRpcTime:5062, electionTimeout:5061ms
2019-09-24 21:20:10,169 [Thread-512] INFO  impl.RoleInfo (RoleInfo.java:shutdownFollowerState(121)) - f3cc68b9-8250-46bd-9f8b-0b9d65688440: shutdown FollowerState
2019-09-24 21:20:10,169 [Thread-512] INFO  impl.RaftServerImpl (RaftServerImpl.java:setRole(174)) - f3cc68b9-8250-46bd-9f8b-0b9d65688440@group-E596A2B7CC13: changes role from  FOLLOWER to CANDIDATE at term 4 for changeToCandidate
2019-09-24 21:20:10,169 [Thread-512] INFO  impl.RoleInfo (RoleInfo.java:updateAndGet(143)) - f3cc68b9-8250-46bd-9f8b-0b9d65688440: start LeaderElection
2019-09-24 21:20:10,204 [Thread-520] INFO  impl.FollowerState (FollowerState.java:run(106)) - c1e0fc5a-7ae4-45d0-a105-709cc60ce072:group-A58B6DB2432C changes to CANDIDATE, lastRpcTime:5094, electionTimeout:5094ms
2019-09-24 21:20:10,205 [Thread-520] INFO  impl.RoleInfo (RoleInfo.java:shutdownFollowerState(121)) - c1e0fc5a-7ae4-45d0-a105-709cc60ce072: shutdown FollowerState
2019-09-24 21:20:10,205 [Thread-520] INFO  impl.RaftServerImpl (RaftServerImpl.java:setRole(174)) - c1e0fc5a-7ae4-45d0-a105-709cc60ce072@group-A58B6DB2432C: changes role from  FOLLOWER to CANDIDATE at term 2 for changeToCandidate
2019-09-24 21:20:10,205 [Thread-520] INFO  impl.RoleInfo (RoleInfo.java:updateAndGet(143)) - c1e0fc5a-7ae4-45d0-a105-709cc60ce072: start LeaderElection
2019-09-24 21:20:10,208 [Thread-504] INFO  impl.FollowerState (FollowerState.java:run(106)) - f3cc68b9-8250-46bd-9f8b-0b9d65688440:group-A918B51F1DFD changes to CANDIDATE, lastRpcTime:5107, electionTimeout:5107ms
2019-09-24 21:20:10,209 [Thread-504] INFO  impl.RoleInfo (RoleInfo.java:shutdownFollowerState(121)) - f3cc68b9-8250-46bd-9f8b-0b9d65688440: shutdown FollowerState
2019-09-24 21:20:10,209 [Thread-504] INFO  impl.RaftServerImpl (RaftServerImpl.java:setRole(174)) - f3cc68b9-8250-46bd-9f8b-0b9d65688440@group-A918B51F1DFD: changes role from  FOLLOWER to CANDIDATE at term 2 for changeToCandidate
2019-09-24 21:20:10,209 [Thread-504] INFO  impl.RoleInfo (RoleInfo.java:updateAndGet(143)) - f3cc68b9-8250-46bd-9f8b-0b9d65688440: start LeaderElection
2019-09-24 21:20:10,219 [Thread-508] INFO  impl.FollowerState (FollowerState.java:run(106)) - c1e0fc5a-7ae4-45d0-a105-709cc60ce072:group-71677AE0A12A changes to CANDIDATE, lastRpcTime:5114, electionTimeout:5110ms
2019-09-24 21:20:10,219 [Thread-508] INFO  impl.RoleInfo (RoleInfo.java:shutdownFollowerState(121)) - c1e0fc5a-7ae4-45d0-a105-709cc60ce072: shutdown FollowerState
2019-09-24 21:20:10,220 [Thread-508] INFO  impl.RaftServerImpl (RaftServerImpl.java:setRole(174)) - c1e0fc5a-7ae4-45d0-a105-709cc60ce072@group-71677AE0A12A: changes role from  FOLLOWER to CANDIDATE at term 2 for changeToCandidate
2019-09-24 21:20:10,220 [Thread-508] INFO  impl.RoleInfo (RoleInfo.java:updateAndGet(143)) - c1e0fc5a-7ae4-45d0-a105-709cc60ce072: start LeaderElection
2019-09-24 21:20:10,252 [Thread-518] INFO  impl.FollowerState (FollowerState.java:run(106)) - 66ab88db-d69f-4f96-9860-b898e5399db4:group-A26FF7157983 changes to CANDIDATE, lastRpcTime:5143, electionTimeout:5143ms
2019-09-24 21:20:10,252 [Thread-518] INFO  impl.RoleInfo (RoleInfo.java:shutdownFollowerState(121)) - 66ab88db-d69f-4f96-9860-b898e5399db4: shutdown FollowerState
2019-09-24 21:20:10,252 [Thread-518] INFO  impl.RaftServerImpl (RaftServerImpl.java:setRole(174)) - 66ab88db-d69f-4f96-9860-b898e5399db4@group-A26FF7157983: changes role from  FOLLOWER to CANDIDATE at term 2 for changeToCandidate
2019-09-24 21:20:10,252 [Thread-518] INFO  impl.RoleInfo (RoleInfo.java:updateAndGet(143)) - 66ab88db-d69f-4f96-9860-b898e5399db4: start LeaderElection
2019-09-24 21:20:10,261 [Thread-511] INFO  impl.FollowerState (FollowerState.java:run(106)) - 66ab88db-d69f-4f96-9860-b898e5399db4:group-71677AE0A12A changes to CANDIDATE, lastRpcTime:5156, electionTimeout:5153ms
2019-09-24 21:20:10,262 [Thread-511] INFO  impl.RoleInfo (RoleInfo.java:shutdownFollowerState(121)) - 66ab88db-d69f-4f96-9860-b898e5399db4: shutdown FollowerState
2019-09-24 21:20:10,262 [Thread-511] INFO  impl.RaftServerImpl (RaftServerImpl.java:setRole(174)) - 66ab88db-d69f-4f96-9860-b898e5399db4@group-71677AE0A12A: changes role from  FOLLOWER to CANDIDATE at term 2 for changeToCandidate
2019-09-24 21:20:10,262 [Thread-511] INFO  impl.RoleInfo (RoleInfo.java:updateAndGet(143)) - 66ab88db-d69f-4f96-9860-b898e5399db4: start LeaderElection
2019-09-24 21:20:10,262 [Thread-503] INFO  impl.FollowerState (FollowerState.java:run(106)) - 66ab88db-d69f-4f96-9860-b898e5399db4:group-A58B6DB2432C changes to CANDIDATE, lastRpcTime:5162, electionTimeout:5158ms
2019-09-24 21:20:10,262 [Thread-503] INFO  impl.RoleInfo (RoleInfo.java:shutdownFollowerState(121)) - 66ab88db-d69f-4f96-9860-b898e5399db4: shutdown FollowerState
2019-09-24 21:20:10,263 [Thread-503] INFO  impl.RaftServerImpl (RaftServerImpl.java:setRole(174)) - 66ab88db-d69f-4f96-9860-b898e5399db4@group-A58B6DB2432C: changes role from  FOLLOWER to CANDIDATE at term 2 for changeToCandidate
2019-09-24 21:20:10,263 [Thread-503] INFO  impl.RoleInfo (RoleInfo.java:updateAndGet(143)) - 66ab88db-d69f-4f96-9860-b898e5399db4: start LeaderElection
2019-09-24 21:20:10,263 [Thread-521] INFO  impl.FollowerState (FollowerState.java:run(106)) - c1e0fc5a-7ae4-45d0-a105-709cc60ce072:group-307796CD6AEA changes to CANDIDATE, lastRpcTime:5153, electionTimeout:5153ms
2019-09-24 21:20:10,263 [Thread-521] INFO  impl.RoleInfo (RoleInfo.java:shutdownFollowerState(121)) - c1e0fc5a-7ae4-45d0-a105-709cc60ce072: shutdown FollowerState
2019-09-24 21:20:10,264 [Thread-521] INFO  impl.RaftServerImpl (RaftServerImpl.java:setRole(174)) - c1e0fc5a-7ae4-45d0-a105-709cc60ce072@group-307796CD6AEA: changes role from  FOLLOWER to CANDIDATE at term 2 for changeToCandidate
2019-09-24 21:20:10,264 [Thread-521] INFO  impl.RoleInfo (RoleInfo.java:updateAndGet(143)) - c1e0fc5a-7ae4-45d0-a105-709cc60ce072: start LeaderElection
2019-09-24 21:20:10,267 [Thread-509] INFO  impl.FollowerState (FollowerState.java:run(106)) - c1e0fc5a-7ae4-45d0-a105-709cc60ce072:group-A26FF7157983 changes to CANDIDATE, lastRpcTime:5162, electionTimeout:5158ms
2019-09-24 21:20:10,267 [Thread-509] INFO  impl.RoleInfo (RoleInfo.java:shutdownFollowerState(121)) - c1e0fc5a-7ae4-45d0-a105-709cc60ce072: shutdown FollowerState
2019-09-24 21:20:10,267 [Thread-509] INFO  impl.RaftServerImpl (RaftServerImpl.java:setRole(174)) - c1e0fc5a-7ae4-45d0-a105-709cc60ce072@group-A26FF7157983: changes role from  FOLLOWER to CANDIDATE at term 2 for changeToCandidate
2019-09-24 21:20:10,267 [Thread-509] INFO  impl.RoleInfo (RoleInfo.java:updateAndGet(143)) - c1e0fc5a-7ae4-45d0-a105-709cc60ce072: start LeaderElection
2019-09-24 21:20:10,272 [Thread-519] INFO  impl.FollowerState (FollowerState.java:run(106)) - f3cc68b9-8250-46bd-9f8b-0b9d65688440:group-A58B6DB2432C changes to CANDIDATE, lastRpcTime:5163, electionTimeout:5162ms
2019-09-24 21:20:10,272 [Thread-519] INFO  impl.RoleInfo (RoleInfo.java:shutdownFollowerState(121)) - f3cc68b9-8250-46bd-9f8b-0b9d65688440: shutdown FollowerState
2019-09-24 21:20:10,273 [Thread-519] INFO  impl.RaftServerImpl (RaftServerImpl.java:setRole(174)) - f3cc68b9-8250-46bd-9f8b-0b9d65688440@group-A58B6DB2432C: changes role from  FOLLOWER to CANDIDATE at term 2 for changeToCandidate
2019-09-24 21:20:10,273 [Thread-519] INFO  impl.RoleInfo (RoleInfo.java:updateAndGet(143)) - f3cc68b9-8250-46bd-9f8b-0b9d65688440: start LeaderElection
2019-09-24 21:20:10,280 [Thread-505] INFO  impl.FollowerState (FollowerState.java:run(106)) - 66ab88db-d69f-4f96-9860-b898e5399db4:group-A918B51F1DFD changes to CANDIDATE, lastRpcTime:5179, electionTimeout:5177ms
2019-09-24 21:20:10,280 [Thread-505] INFO  impl.RoleInfo (RoleInfo.java:shutdownFollowerState(121)) - 66ab88db-d69f-4f96-9860-b898e5399db4: shutdown FollowerState
2019-09-24 21:20:10,280 [Thread-505] INFO  impl.RaftServerImpl (RaftServerImpl.java:setRole(174)) - 66ab88db-d69f-4f96-9860-b898e5399db4@group-A918B51F1DFD: changes role from  FOLLOWER to CANDIDATE at term 2 for changeToCandidate
2019-09-24 21:20:10,281 [Thread-505] INFO  impl.RoleInfo (RoleInfo.java:updateAndGet(143)) - 66ab88db-d69f-4f96-9860-b898e5399db4: start LeaderElection
2019-09-24 21:20:10,281 [Thread-516] INFO  impl.FollowerState (FollowerState.java:run(106)) - c1e0fc5a-7ae4-45d0-a105-709cc60ce072:group-A918B51F1DFD changes to CANDIDATE, lastRpcTime:5174, electionTimeout:5172ms
2019-09-24 21:20:10,282 [Thread-516] INFO  impl.RoleInfo (RoleInfo.java:shutdownFollowerState(121)) - c1e0fc5a-7ae4-45d0-a105-709cc60ce072: shutdown FollowerState
2019-09-24 21:20:10,282 [Thread-516] INFO  impl.RaftServerImpl (RaftServerImpl.java:setRole(174)) - c1e0fc5a-7ae4-45d0-a105-709cc60ce072@group-A918B51F1DFD: changes role from  FOLLOWER to CANDIDATE at term 2 for changeToCandidate
2019-09-24 21:20:10,282 [Thread-516] INFO  impl.RoleInfo (RoleInfo.java:updateAndGet(143)) - c1e0fc5a-7ae4-45d0-a105-709cc60ce072: start LeaderElection
2019-09-24 21:20:10,288 [Thread-506] INFO  impl.FollowerState (FollowerState.java:run(106)) - f3cc68b9-8250-46bd-9f8b-0b9d65688440:group-71677AE0A12A changes to CANDIDATE, lastRpcTime:5186, electionTimeout:5186ms
2019-09-24 21:20:10,288 [Thread-506] INFO  impl.RoleInfo (RoleInfo.java:shutdownFollowerState(121)) - f3cc68b9-8250-46bd-9f8b-0b9d65688440: shutdown FollowerState
2019-09-24 21:20:10,288 [Thread-506] INFO  impl.RaftServerImpl (RaftServerImpl.java:setRole(174)) - f3cc68b9-8250-46bd-9f8b-0b9d65688440@group-71677AE0A12A: changes role from  FOLLOWER to CANDIDATE at term 2 for changeToCandidate
2019-09-24 21:20:10,289 [Thread-506] INFO  impl.RoleInfo (RoleInfo.java:updateAndGet(143)) - f3cc68b9-8250-46bd-9f8b-0b9d65688440: start LeaderElection
2019-09-24 21:20:10,300 [Thread-517] INFO  impl.FollowerState (FollowerState.java:run(106)) - c1e0fc5a-7ae4-45d0-a105-709cc60ce072:group-E596A2B7CC13 changes to CANDIDATE, lastRpcTime:5192, electionTimeout:5191ms
2019-09-24 21:20:10,300 [Thread-517] INFO  impl.RoleInfo (RoleInfo.java:shutdownFollowerState(121)) - c1e0fc5a-7ae4-45d0-a105-709cc60ce072: shutdown FollowerState
2019-09-24 21:20:10,300 [Thread-517] INFO  impl.RaftServerImpl (RaftServerImpl.java:setRole(174)) - c1e0fc5a-7ae4-45d0-a105-709cc60ce072@group-E596A2B7CC13: changes role from  FOLLOWER to CANDIDATE at term 4 for changeToCandidate
2019-09-24 21:20:10,301 [Thread-517] INFO  impl.RoleInfo (RoleInfo.java:updateAndGet(143)) - c1e0fc5a-7ae4-45d0-a105-709cc60ce072: start LeaderElection
2019-09-24 21:20:11,675 [f3cc68b9-8250-46bd-9f8b-0b9d65688440@group-C467C04FCD85:LeaderElection51] INFO  impl.LeaderElection (LeaderElection.java:askForVotes(182)) - f3cc68b9-8250-46bd-9f8b-0b9d65688440@group-C467C04FCD85:LeaderElection51: begin an election at term 3 for -1: [f3cc68b9-8250-46bd-9f8b-0b9d65688440:192.168.36.84:35502, c1e0fc5a-7ae4-45d0-a105-709cc60ce072:192.168.36.84:33769, 66ab88db-d69f-4f96-9860-b898e5399db4:192.168.36.84:42907], old=null
2019-09-24 21:20:11,675 [66ab88db-d69f-4f96-9860-b898e5399db4@group-C467C04FCD85:LeaderElection52] INFO  impl.LeaderElection (LeaderElection.java:askForVotes(182)) - 66ab88db-d69f-4f96-9860-b898e5399db4@group-C467C04FCD85:LeaderElection52: begin an election at term 3 for -1: [f3cc68b9-8250-46bd-9f8b-0b9d65688440:192.168.36.84:35502, c1e0fc5a-7ae4-45d0-a105-709cc60ce072:192.168.36.84:33769, 66ab88db-d69f-4f96-9860-b898e5399db4:192.168.36.84:42907], old=null
2019-09-24 21:20:11,676 [66ab88db-d69f-4f96-9860-b898e5399db4@group-71677AE0A12A:LeaderElection63] INFO  impl.LeaderElection (LeaderElection.java:askForVotes(182)) - 66ab88db-d69f-4f96-9860-b898e5399db4@group-71677AE0A12A:LeaderElection63: begin an election at term 3 for -1: [f3cc68b9-8250-46bd-9f8b-0b9d65688440:192.168.36.84:35502, c1e0fc5a-7ae4-45d0-a105-709cc60ce072:192.168.36.84:33769, 66ab88db-d69f-4f96-9860-b898e5399db4:192.168.36.84:42907], old=null
2019-09-24 21:20:11,676 [c1e0fc5a-7ae4-45d0-a105-709cc60ce072@group-71677AE0A12A:LeaderElection61] INFO  impl.LeaderElection (LeaderElection.java:askForVotes(182)) - c1e0fc5a-7ae4-45d0-a105-709cc60ce072@group-71677AE0A12A:LeaderElection61: begin an election at term 3 for -1: [f3cc68b9-8250-46bd-9f8b-0b9d65688440:192.168.36.84:35502, c1e0fc5a-7ae4-45d0-a105-709cc60ce072:192.168.36.84:33769, 66ab88db-d69f-4f96-9860-b898e5399db4:192.168.36.84:42907], old=null
2019-09-24 21:20:11,676 [66ab88db-d69f-4f96-9860-b898e5399db4@group-E596A2B7CC13:LeaderElection55] INFO  impl.LeaderElection (LeaderElection.java:askForVotes(182)) - 66ab88db-d69f-4f96-9860-b898e5399db4@group-E596A2B7CC13:LeaderElection55: begin an election at term 5 for -1: [f3cc68b9-8250-46bd-9f8b-0b9d65688440:192.168.36.84:35502, c1e0fc5a-7ae4-45d0-a105-709cc60ce072:192.168.36.84:33769, 66ab88db-d69f-4f96-9860-b898e5399db4:192.168.36.84:42907], old=null
2019-09-24 21:20:11,676 [f3cc68b9-8250-46bd-9f8b-0b9d65688440@group-307796CD6AEA:LeaderElection56] INFO  impl.LeaderElection (LeaderElection.java:askForVotes(182)) - f3cc68b9-8250-46bd-9f8b-0b9d65688440@group-307796CD6AEA:LeaderElection56: begin an election at term 3 for -1: [f3cc68b9-8250-46bd-9f8b-0b9d65688440:192.168.36.84:35502, c1e0fc5a-7ae4-45d0-a105-709cc60ce072:192.168.36.84:33769, 66ab88db-d69f-4f96-9860-b898e5399db4:192.168.36.84:42907], old=null
2019-09-24 21:20:11,676 [f3cc68b9-8250-46bd-9f8b-0b9d65688440@group-A26FF7157983:LeaderElection53] INFO  impl.LeaderElection (LeaderElection.java:askForVotes(182)) - f3cc68b9-8250-46bd-9f8b-0b9d65688440@group-A26FF7157983:LeaderElection53: begin an election at term 3 for -1: [f3cc68b9-8250-46bd-9f8b-0b9d65688440:192.168.36.84:35502, c1e0fc5a-7ae4-45d0-a105-709cc60ce072:192.168.36.84:33769, 66ab88db-d69f-4f96-9860-b898e5399db4:192.168.36.84:42907], old=null
2019-09-24 21:20:11,676 [f3cc68b9-8250-46bd-9f8b-0b9d65688440@group-A918B51F1DFD:LeaderElection60] INFO  impl.LeaderElection (LeaderElection.java:askForVotes(182)) - f3cc68b9-8250-46bd-9f8b-0b9d65688440@group-A918B51F1DFD:LeaderElection60: begin an election at term 3 for -1: [f3cc68b9-8250-46bd-9f8b-0b9d65688440:192.168.36.84:35502, c1e0fc5a-7ae4-45d0-a105-709cc60ce072:192.168.36.84:33769, 66ab88db-d69f-4f96-9860-b898e5399db4:192.168.36.84:42907], old=null
2019-09-24 21:20:11,676 [f3cc68b9-8250-46bd-9f8b-0b9d65688440@group-A58B6DB2432C:LeaderElection67] INFO  impl.LeaderElection (LeaderElection.java:askForVotes(182)) - f3cc68b9-8250-46bd-9f8b-0b9d65688440@group-A58B6DB2432C:LeaderElection67: begin an election at term 3 for -1: [f3cc68b9-8250-46bd-9f8b-0b9d65688440:192.168.36.84:35502, c1e0fc5a-7ae4-45d0-a105-709cc60ce072:192.168.36.84:33769, 66ab88db-d69f-4f96-9860-b898e5399db4:192.168.36.84:42907], old=null
2019-09-24 21:20:11,676 [f3cc68b9-8250-46bd-9f8b-0b9d65688440@group-E596A2B7CC13:LeaderElection58] INFO  impl.LeaderElection (LeaderElection.java:askForVotes(182)) - f3cc68b9-8250-46bd-9f8b-0b9d65688440@group-E596A2B7CC13:LeaderElection58: begin an election at term 5 for -1: [f3cc68b9-8250-46bd-9f8b-0b9d65688440:192.168.36.84:35502, c1e0fc5a-7ae4-45d0-a105-709cc60ce072:192.168.36.84:33769, 66ab88db-d69f-4f96-9860-b898e5399db4:192.168.36.84:42907], old=null
2019-09-24 21:20:11,676 [66ab88db-d69f-4f96-9860-b898e5399db4@group-A26FF7157983:LeaderElection62] INFO  impl.LeaderElection (LeaderElection.java:askForVotes(182)) - 66ab88db-d69f-4f96-9860-b898e5399db4@group-A26FF7157983:LeaderElection62: begin an election at term 3 for -1: [f3cc68b9-8250-46bd-9f8b-0b9d65688440:192.168.36.84:35502, c1e0fc5a-7ae4-45d0-a105-709cc60ce072:192.168.36.84:33769, 66ab88db-d69f-4f96-9860-b898e5399db4:192.168.36.84:42907], old=null
2019-09-24 21:20:11,676 [c1e0fc5a-7ae4-45d0-a105-709cc60ce072@group-A58B6DB2432C:LeaderElection59] INFO  impl.LeaderElection (LeaderElection.java:askForVotes(182)) - c1e0fc5a-7ae4-45d0-a105-709cc60ce072@group-A58B6DB2432C:LeaderElection59: begin an election at term 3 for -1: [f3cc68b9-8250-46bd-9f8b-0b9d65688440:192.168.36.84:35502, c1e0fc5a-7ae4-45d0-a105-709cc60ce072:192.168.36.84:33769, 66ab88db-d69f-4f96-9860-b898e5399db4:192.168.36.84:42907], old=null
2019-09-24 21:20:11,676 [c1e0fc5a-7ae4-45d0-a105-709cc60ce072@group-E596A2B7CC13:LeaderElection71] INFO  impl.LeaderElection (LeaderElection.java:askForVotes(182)) - c1e0fc5a-7ae4-45d0-a105-709cc60ce072@group-E596A2B7CC13:LeaderElection71: begin an election at term 5 for -1: [f3cc68b9-8250-46bd-9f8b-0b9d65688440:192.168.36.84:35502, c1e0fc5a-7ae4-45d0-a105-709cc60ce072:192.168.36.84:33769, 66ab88db-d69f-4f96-9860-b898e5399db4:192.168.36.84:42907], old=null
2019-09-24 21:20:11,676 [c1e0fc5a-7ae4-45d0-a105-709cc60ce072@group-307796CD6AEA:LeaderElection65] INFO  impl.LeaderElection (LeaderElection.java:askForVotes(182)) - c1e0fc5a-7ae4-45d0-a105-709cc60ce072@group-307796CD6AEA:LeaderElection65: begin an election at term 3 for -1: [f3cc68b9-8250-46bd-9f8b-0b9d65688440:192.168.36.84:35502, c1e0fc5a-7ae4-45d0-a105-709cc60ce072:192.168.36.84:33769, 66ab88db-d69f-4f96-9860-b898e5399db4:192.168.36.84:42907], old=null
2019-09-24 21:20:11,676 [c1e0fc5a-7ae4-45d0-a105-709cc60ce072@group-C467C04FCD85:LeaderElection54] INFO  impl.LeaderElection (LeaderElection.java:askForVotes(182)) - c1e0fc5a-7ae4-45d0-a105-709cc60ce072@group-C467C04FCD85:LeaderElection54: begin an election at term 3 for -1: [f3cc68b9-8250-46bd-9f8b-0b9d65688440:192.168.36.84:35502, c1e0fc5a-7ae4-45d0-a105-709cc60ce072:192.168.36.84:33769, 66ab88db-d69f-4f96-9860-b898e5399db4:192.168.36.84:42907], old=null
2019-09-24 21:20:11,676 [66ab88db-d69f-4f96-9860-b898e5399db4@group-A58B6DB2432C:LeaderElection64] INFO  impl.LeaderElection (LeaderElection.java:askForVotes(182)) - 66ab88db-d69f-4f96-9860-b898e5399db4@group-A58B6DB2432C:LeaderElection64: begin an election at term 3 for -1: [f3cc68b9-8250-46bd-9f8b-0b9d65688440:192.168.36.84:35502, c1e0fc5a-7ae4-45d0-a105-709cc60ce072:192.168.36.84:33769, 66ab88db-d69f-4f96-9860-b898e5399db4:192.168.36.84:42907], old=null
2019-09-24 21:20:11,676 [c1e0fc5a-7ae4-45d0-a105-709cc60ce072@group-A26FF7157983:LeaderElection66] INFO  impl.LeaderElection (LeaderElection.java:askForVotes(182)) - c1e0fc5a-7ae4-45d0-a105-709cc60ce072@group-A26FF7157983:LeaderElection66: begin an election at term 3 for -1: [f3cc68b9-8250-46bd-9f8b-0b9d65688440:192.168.36.84:35502, c1e0fc5a-7ae4-45d0-a105-709cc60ce072:192.168.36.84:33769, 66ab88db-d69f-4f96-9860-b898e5399db4:192.168.36.84:42907], old=null
2019-09-24 21:20:11,676 [f3cc68b9-8250-46bd-9f8b-0b9d65688440@group-71677AE0A12A:LeaderElection70] INFO  impl.LeaderElection (LeaderElection.java:askForVotes(182)) - f3cc68b9-8250-46bd-9f8b-0b9d65688440@group-71677AE0A12A:LeaderElection70: begin an election at term 3 for -1: [f3cc68b9-8250-46bd-9f8b-0b9d65688440:192.168.36.84:35502, c1e0fc5a-7ae4-45d0-a105-709cc60ce072:192.168.36.84:33769, 66ab88db-d69f-4f96-9860-b898e5399db4:192.168.36.84:42907], old=null
2019-09-24 21:20:11,676 [66ab88db-d69f-4f96-9860-b898e5399db4@group-A918B51F1DFD:LeaderElection68] INFO  impl.LeaderElection (LeaderElection.java:askForVotes(182)) - 66ab88db-d69f-4f96-9860-b898e5399db4@group-A918B51F1DFD:LeaderElection68: begin an election at term 3 for -1: [f3cc68b9-8250-46bd-9f8b-0b9d65688440:192.168.36.84:35502, c1e0fc5a-7ae4-45d0-a105-709cc60ce072:192.168.36.84:33769, 66ab88db-d69f-4f96-9860-b898e5399db4:192.168.36.84:42907], old=null
2019-09-24 21:20:11,676 [c1e0fc5a-7ae4-45d0-a105-709cc60ce072@group-A918B51F1DFD:LeaderElection69] INFO  impl.LeaderElection (LeaderElection.java:askForVotes(182)) - c1e0fc5a-7ae4-45d0-a105-709cc60ce072@group-A918B51F1DFD:LeaderElection69: begin an election at term 3 for -1: [f3cc68b9-8250-46bd-9f8b-0b9d65688440:192.168.36.84:35502, c1e0fc5a-7ae4-45d0-a105-709cc60ce072:192.168.36.84:33769, 66ab88db-d69f-4f96-9860-b898e5399db4:192.168.36.84:42907], old=null
2019-09-24 21:20:11,677 [66ab88db-d69f-4f96-9860-b898e5399db4@group-307796CD6AEA:LeaderElection57] INFO  impl.LeaderElection (LeaderElection.java:askForVotes(182)) - 66ab88db-d69f-4f96-9860-b898e5399db4@group-307796CD6AEA:LeaderElection57: begin an election at term 3 for -1: [f3cc68b9-8250-46bd-9f8b-0b9d65688440:192.168.36.84:35502, c1e0fc5a-7ae4-45d0-a105-709cc60ce072:192.168.36.84:33769, 66ab88db-d69f-4f96-9860-b898e5399db4:192.168.36.84:42907], old=null
2019-09-24 21:20:11,691 [f3cc68b9-8250-46bd-9f8b-0b9d65688440@group-C467C04FCD85:LeaderElection51] INFO  impl.LeaderElection (LeaderElection.java:logAndReturn(56)) - f3cc68b9-8250-46bd-9f8b-0b9d65688440@group-C467C04FCD85:LeaderElection51: Election REJECTED; received 2 response(s) [f3cc68b9-8250-46bd-9f8b-0b9d65688440<-c1e0fc5a-7ae4-45d0-a105-709cc60ce072#0:FAIL-t3, f3cc68b9-8250-46bd-9f8b-0b9d65688440<-66ab88db-d69f-4f96-9860-b898e5399db4#0:FAIL-t3] and 0 exception(s); f3cc68b9-8250-46bd-9f8b-0b9d65688440@group-C467C04FCD85:t3, leader=null, voted=f3cc68b9-8250-46bd-9f8b-0b9d65688440, raftlog=f3cc68b9-8250-46bd-9f8b-0b9d65688440@group-C467C04FCD85-SegmentedRaftLog:OPENED:c-1,f-1,i0, conf=-1: [f3cc68b9-8250-46bd-9f8b-0b9d65688440:192.168.36.84:35502, c1e0fc5a-7ae4-45d0-a105-709cc60ce072:192.168.36.84:33769, 66ab88db-d69f-4f96-9860-b898e5399db4:192.168.36.84:42907], old=null
2019-09-24 21:20:11,692 [f3cc68b9-8250-46bd-9f8b-0b9d65688440@group-C467C04FCD85:LeaderElection51] INFO  impl.RaftServerImpl (RaftServerImpl.java:setRole(174)) - f3cc68b9-8250-46bd-9f8b-0b9d65688440@group-C467C04FCD85: changes role from CANDIDATE to FOLLOWER at term 3 for DISCOVERED_A_NEW_TERM
2019-09-24 21:20:11,692 [f3cc68b9-8250-46bd-9f8b-0b9d65688440@group-C467C04FCD85:LeaderElection51] INFO  impl.RoleInfo (RoleInfo.java:shutdownLeaderElection(134)) - f3cc68b9-8250-46bd-9f8b-0b9d65688440: shutdown LeaderElection
2019-09-24 21:20:11,692 [f3cc68b9-8250-46bd-9f8b-0b9d65688440@group-C467C04FCD85:LeaderElection51] INFO  impl.RoleInfo (RoleInfo.java:updateAndGet(143)) - f3cc68b9-8250-46bd-9f8b-0b9d65688440: start FollowerState
2019-09-24 21:20:11,698 [66ab88db-d69f-4f96-9860-b898e5399db4@group-71677AE0A12A:LeaderElection63] INFO  impl.LeaderElection (LeaderElection.java:logAndReturn(56)) - 66ab88db-d69f-4f96-9860-b898e5399db4@group-71677AE0A12A:LeaderElection63: Election REJECTED; received 2 response(s) [66ab88db-d69f-4f96-9860-b898e5399db4<-f3cc68b9-8250-46bd-9f8b-0b9d65688440#0:FAIL-t3, 66ab88db-d69f-4f96-9860-b898e5399db4<-c1e0fc5a-7ae4-45d0-a105-709cc60ce072#0:FAIL-t3] and 0 exception(s); 66ab88db-d69f-4f96-9860-b898e5399db4@group-71677AE0A12A:t3, leader=null, voted=66ab88db-d69f-4f96-9860-b898e5399db4, raftlog=66ab88db-d69f-4f96-9860-b898e5399db4@group-71677AE0A12A-SegmentedRaftLog:OPENED:c-1,f-1,i0, conf=-1: [f3cc68b9-8250-46bd-9f8b-0b9d65688440:192.168.36.84:35502, c1e0fc5a-7ae4-45d0-a105-709cc60ce072:192.168.36.84:33769, 66ab88db-d69f-4f96-9860-b898e5399db4:192.168.36.84:42907], old=null
2019-09-24 21:20:11,699 [66ab88db-d69f-4f96-9860-b898e5399db4@group-71677AE0A12A:LeaderElection63] INFO  impl.RaftServerImpl (RaftServerImpl.java:setRole(174)) - 66ab88db-d69f-4f96-9860-b898e5399db4@group-71677AE0A12A: changes role from CANDIDATE to FOLLOWER at term 3 for DISCOVERED_A_NEW_TERM
2019-09-24 21:20:11,699 [66ab88db-d69f-4f96-9860-b898e5399db4@group-71677AE0A12A:LeaderElection63] INFO  impl.RoleInfo (RoleInfo.java:shutdownLeaderElection(134)) - 66ab88db-d69f-4f96-9860-b898e5399db4: shutdown LeaderElection
2019-09-24 21:20:11,699 [66ab88db-d69f-4f96-9860-b898e5399db4@group-C467C04FCD85:LeaderElection52] INFO  impl.LeaderElection (LeaderElection.java:logAndReturn(56)) - 66ab88db-d69f-4f96-9860-b898e5399db4@group-C467C04FCD85:LeaderElection52: Election REJECTED; received 2 response(s) [66ab88db-d69f-4f96-9860-b898e5399db4<-f3cc68b9-8250-46bd-9f8b-0b9d65688440#0:FAIL-t3, 66ab88db-d69f-4f96-9860-b898e5399db4<-c1e0fc5a-7ae4-45d0-a105-709cc60ce072#0:FAIL-t3] and 0 exception(s); 66ab88db-d69f-4f96-9860-b898e5399db4@group-C467C04FCD85:t3, leader=null, voted=66ab88db-d69f-4f96-9860-b898e5399db4, raftlog=66ab88db-d69f-4f96-9860-b898e5399db4@group-C467C04FCD85-SegmentedRaftLog:OPENED:c-1,f-1,i0, conf=-1: [f3cc68b9-8250-46bd-9f8b-0b9d65688440:192.168.36.84:35502, c1e0fc5a-7ae4-45d0-a105-709cc60ce072:192.168.36.84:33769, 66ab88db-d69f-4f96-9860-b898e5399db4:192.168.36.84:42907], old=null
2019-09-24 21:20:11,699 [66ab88db-d69f-4f96-9860-b898e5399db4@group-71677AE0A12A:LeaderElection63] INFO  impl.RoleInfo (RoleInfo.java:updateAndGet(143)) - 66ab88db-d69f-4f96-9860-b898e5399db4: start FollowerState
2019-09-24 21:20:11,699 [66ab88db-d69f-4f96-9860-b898e5399db4@group-C467C04FCD85:LeaderElection52] INFO  impl.RaftServerImpl (RaftServerImpl.java:setRole(174)) - 66ab88db-d69f-4f96-9860-b898e5399db4@group-C467C04FCD85: changes role from CANDIDATE to FOLLOWER at term 3 for DISCOVERED_A_NEW_TERM
2019-09-24 21:20:11,699 [f3cc68b9-8250-46bd-9f8b-0b9d65688440@group-71677AE0A12A:LeaderElection70] INFO  impl.LeaderElection (LeaderElection.java:logAndReturn(56)) - f3cc68b9-8250-46bd-9f8b-0b9d65688440@group-71677AE0A12A:LeaderElection70: Election REJECTED; received 2 response(s) [f3cc68b9-8250-46bd-9f8b-0b9d65688440<-c1e0fc5a-7ae4-45d0-a105-709cc60ce072#0:FAIL-t3, f3cc68b9-8250-46bd-9f8b-0b9d65688440<-66ab88db-d69f-4f96-9860-b898e5399db4#0:FAIL-t3] and 0 exception(s); f3cc68b9-8250-46bd-9f8b-0b9d65688440@group-71677AE0A12A:t3, leader=null, voted=f3cc68b9-8250-46bd-9f8b-0b9d65688440, raftlog=f3cc68b9-8250-46bd-9f8b-0b9d65688440@group-71677AE0A12A-SegmentedRaftLog:OPENED:c-1,f-1,i0, conf=-1: [f3cc68b9-8250-46bd-9f8b-0b9d65688440:192.168.36.84:35502, c1e0fc5a-7ae4-45d0-a105-709cc60ce072:192.168.36.84:33769, 66ab88db-d69f-4f96-9860-b898e5399db4:192.168.36.84:42907], old=null
2019-09-24 21:20:11,700 [66ab88db-d69f-4f96-9860-b898e5399db4@group-C467C04FCD85:LeaderElection52] INFO  impl.RoleInfo (RoleInfo.java:shutdownLeaderElection(134)) - 66ab88db-d69f-4f96-9860-b898e5399db4: shutdown LeaderElection
2019-09-24 21:20:11,700 [f3cc68b9-8250-46bd-9f8b-0b9d65688440@group-71677AE0A12A:LeaderElection70] INFO  impl.RaftServerImpl (RaftServerImpl.java:setRole(174)) - f3cc68b9-8250-46bd-9f8b-0b9d65688440@group-71677AE0A12A: changes role from CANDIDATE to FOLLOWER at term 3 for DISCOVERED_A_NEW_TERM
2019-09-24 21:20:11,700 [66ab88db-d69f-4f96-9860-b898e5399db4@group-C467C04FCD85:LeaderElection52] INFO  impl.RoleInfo (RoleInfo.java:updateAndGet(143)) - 66ab88db-d69f-4f96-9860-b898e5399db4: start FollowerState
2019-09-24 21:20:11,700 [f3cc68b9-8250-46bd-9f8b-0b9d65688440@group-71677AE0A12A:LeaderElection70] INFO  impl.RoleInfo (RoleInfo.java:shutdownLeaderElection(134)) - f3cc68b9-8250-46bd-9f8b-0b9d65688440: shutdown LeaderElection
2019-09-24 21:20:11,701 [f3cc68b9-8250-46bd-9f8b-0b9d65688440@group-71677AE0A12A:LeaderElection70] INFO  impl.RoleInfo (RoleInfo.java:updateAndGet(143)) - f3cc68b9-8250-46bd-9f8b-0b9d65688440: start FollowerState
2019-09-24 21:20:11,702 [66ab88db-d69f-4f96-9860-b898e5399db4@group-307796CD6AEA:LeaderElection57] INFO  impl.LeaderElection (LeaderElection.java:logAndReturn(56)) - 66ab88db-d69f-4f96-9860-b898e5399db4@group-307796CD6AEA:LeaderElection57: Election REJECTED; received 2 response(s) [66ab88db-d69f-4f96-9860-b898e5399db4<-f3cc68b9-8250-46bd-9f8b-0b9d65688440#0:FAIL-t3, 66ab88db-d69f-4f96-9860-b898e5399db4<-c1e0fc5a-7ae4-45d0-a105-709cc60ce072#0:FAIL-t3] and 0 exception(s); 66ab88db-d69f-4f96-9860-b898e5399db4@group-307796CD6AEA:t3, leader=null, voted=66ab88db-d69f-4f96-9860-b898e5399db4, raftlog=66ab88db-d69f-4f96-9860-b898e5399db4@group-307796CD6AEA-SegmentedRaftLog:OPENED:c-1,f-1,i0, conf=-1: [f3cc68b9-8250-46bd-9f8b-0b9d65688440:192.168.36.84:35502, c1e0fc5a-7ae4-45d0-a105-709cc60ce072:192.168.36.84:33769, 66ab88db-d69f-4f96-9860-b898e5399db4:192.168.36.84:42907], old=null
2019-09-24 21:20:11,702 [66ab88db-d69f-4f96-9860-b898e5399db4@group-307796CD6AEA:LeaderElection57] INFO  impl.RaftServerImpl (RaftServerImpl.java:setRole(174)) - 66ab88db-d69f-4f96-9860-b898e5399db4@group-307796CD6AEA: changes role from CANDIDATE to FOLLOWER at term 3 for DISCOVERED_A_NEW_TERM
2019-09-24 21:20:11,702 [66ab88db-d69f-4f96-9860-b898e5399db4@group-307796CD6AEA:LeaderElection57] INFO  impl.RoleInfo (RoleInfo.java:shutdownLeaderElection(134)) - 66ab88db-d69f-4f96-9860-b898e5399db4: shutdown LeaderElection
2019-09-24 21:20:11,703 [66ab88db-d69f-4f96-9860-b898e5399db4@group-307796CD6AEA:LeaderElection57] INFO  impl.RoleInfo (RoleInfo.java:updateAndGet(143)) - 66ab88db-d69f-4f96-9860-b898e5399db4: start FollowerState
2019-09-24 21:20:11,703 [c1e0fc5a-7ae4-45d0-a105-709cc60ce072@group-A26FF7157983:LeaderElection66] INFO  impl.LeaderElection (LeaderElection.java:logAndReturn(56)) - c1e0fc5a-7ae4-45d0-a105-709cc60ce072@group-A26FF7157983:LeaderElection66: Election REJECTED; received 2 response(s) [c1e0fc5a-7ae4-45d0-a105-709cc60ce072<-f3cc68b9-8250-46bd-9f8b-0b9d65688440#0:FAIL-t3, c1e0fc5a-7ae4-45d0-a105-709cc60ce072<-66ab88db-d69f-4f96-9860-b898e5399db4#0:FAIL-t3] and 0 exception(s); c1e0fc5a-7ae4-45d0-a105-709cc60ce072@group-A26FF7157983:t3, leader=null, voted=c1e0fc5a-7ae4-45d0-a105-709cc60ce072, raftlog=c1e0fc5a-7ae4-45d0-a105-709cc60ce072@group-A26FF7157983-SegmentedRaftLog:OPENED:c-1,f-1,i0, conf=-1: [f3cc68b9-8250-46bd-9f8b-0b9d65688440:192.168.36.84:35502, c1e0fc5a-7ae4-45d0-a105-709cc60ce072:192.168.36.84:33769, 66ab88db-d69f-4f96-9860-b898e5399db4:192.168.36.84:42907], old=null
2019-09-24 21:20:11,704 [c1e0fc5a-7ae4-45d0-a105-709cc60ce072@group-A918B51F1DFD:LeaderElection69] INFO  impl.LeaderElection (LeaderElection.java:logAndReturn(56)) - c1e0fc5a-7ae4-45d0-a105-709cc60ce072@group-A918B51F1DFD:LeaderElection69: Election REJECTED; received 2 response(s) [c1e0fc5a-7ae4-45d0-a105-709cc60ce072<-f3cc68b9-8250-46bd-9f8b-0b9d65688440#0:FAIL-t3, c1e0fc5a-7ae4-45d0-a105-709cc60ce072<-66ab88db-d69f-4f96-9860-b898e5399db4#0:FAIL-t3] and 0 exception(s); c1e0fc5a-7ae4-45d0-a105-709cc60ce072@group-A918B51F1DFD:t3, leader=null, voted=c1e0fc5a-7ae4-45d0-a105-709cc60ce072, raftlog=c1e0fc5a-7ae4-45d0-a105-709cc60ce072@group-A918B51F1DFD-SegmentedRaftLog:OPENED:c-1,f-1,i0, conf=-1: [f3cc68b9-8250-46bd-9f8b-0b9d65688440:192.168.36.84:35502, c1e0fc5a-7ae4-45d0-a105-709cc60ce072:192.168.36.84:33769, 66ab88db-d69f-4f96-9860-b898e5399db4:192.168.36.84:42907], old=null
2019-09-24 21:20:11,704 [c1e0fc5a-7ae4-45d0-a105-709cc60ce072@group-A26FF7157983:LeaderElection66] INFO  impl.RaftServerImpl (RaftServerImpl.java:setRole(174)) - c1e0fc5a-7ae4-45d0-a105-709cc60ce072@group-A26FF7157983: changes role from CANDIDATE to FOLLOWER at term 3 for DISCOVERED_A_NEW_TERM
2019-09-24 21:20:11,704 [c1e0fc5a-7ae4-45d0-a105-709cc60ce072@group-A918B51F1DFD:LeaderElection69] INFO  impl.RaftServerImpl (RaftServerImpl.java:setRole(174)) - c1e0fc5a-7ae4-45d0-a105-709cc60ce072@group-A918B51F1DFD: changes role from CANDIDATE to FOLLOWER at term 3 for DISCOVERED_A_NEW_TERM
2019-09-24 21:20:11,704 [c1e0fc5a-7ae4-45d0-a105-709cc60ce072@group-A26FF7157983:LeaderElection66] INFO  impl.RoleInfo (RoleInfo.java:shutdownLeaderElection(134)) - c1e0fc5a-7ae4-45d0-a105-709cc60ce072: shutdown LeaderElection
2019-09-24 21:20:11,704 [c1e0fc5a-7ae4-45d0-a105-709cc60ce072@group-307796CD6AEA:LeaderElection65] INFO  impl.LeaderElection (LeaderElection.java:logAndReturn(56)) - c1e0fc5a-7ae4-45d0-a105-709cc60ce072@group-307796CD6AEA:LeaderElection65: Election REJECTED; received 2 response(s) [c1e0fc5a-7ae4-45d0-a105-709cc60ce072<-f3cc68b9-8250-46bd-9f8b-0b9d65688440#0:FAIL-t3, c1e0fc5a-7ae4-45d0-a105-709cc60ce072<-66ab88db-d69f-4f96-9860-b898e5399db4#0:FAIL-t3] and 0 exception(s); c1e0fc5a-7ae4-45d0-a105-709cc60ce072@group-307796CD6AEA:t3, leader=null, voted=c1e0fc5a-7ae4-45d0-a105-709cc60ce072, raftlog=c1e0fc5a-7ae4-45d0-a105-709cc60ce072@group-307796CD6AEA-SegmentedRaftLog:OPENED:c-1,f-1,i0, conf=-1: [f3cc68b9-8250-46bd-9f8b-0b9d65688440:192.168.36.84:35502, c1e0fc5a-7ae4-45d0-a105-709cc60ce072:192.168.36.84:33769, 66ab88db-d69f-4f96-9860-b898e5399db4:192.168.36.84:42907], old=null
2019-09-24 21:20:11,704 [c1e0fc5a-7ae4-45d0-a105-709cc60ce072@group-A918B51F1DFD:LeaderElection69] INFO  impl.RoleInfo (RoleInfo.java:shutdownLeaderElection(134)) - c1e0fc5a-7ae4-45d0-a105-709cc60ce072: shutdown LeaderElection
2019-09-24 21:20:11,705 [c1e0fc5a-7ae4-45d0-a105-709cc60ce072@group-307796CD6AEA:LeaderElection65] INFO  impl.RaftServerImpl (RaftServerImpl.java:setRole(174)) - c1e0fc5a-7ae4-45d0-a105-709cc60ce072@group-307796CD6AEA: changes role from CANDIDATE to FOLLOWER at term 3 for DISCOVERED_A_NEW_TERM
2019-09-24 21:20:11,705 [c1e0fc5a-7ae4-45d0-a105-709cc60ce072@group-A26FF7157983:LeaderElection66] INFO  impl.RoleInfo (RoleInfo.java:updateAndGet(143)) - c1e0fc5a-7ae4-45d0-a105-709cc60ce072: start FollowerState
2019-09-24 21:20:11,705 [c1e0fc5a-7ae4-45d0-a105-709cc60ce072@group-C467C04FCD85:LeaderElection54] INFO  impl.LeaderElection (LeaderElection.java:logAndReturn(56)) - c1e0fc5a-7ae4-45d0-a105-709cc60ce072@group-C467C04FCD85:LeaderElection54: Election REJECTED; received 2 response(s) [c1e0fc5a-7ae4-45d0-a105-709cc60ce072<-f3cc68b9-8250-46bd-9f8b-0b9d65688440#0:FAIL-t3, c1e0fc5a-7ae4-45d0-a105-709cc60ce072<-66ab88db-d69f-4f96-9860-b898e5399db4#0:FAIL-t3] and 0 exception(s); c1e0fc5a-7ae4-45d0-a105-709cc60ce072@group-C467C04FCD85:t3, leader=null, voted=c1e0fc5a-7ae4-45d0-a105-709cc60ce072, raftlog=c1e0fc5a-7ae4-45d0-a105-709cc60ce072@group-C467C04FCD85-SegmentedRaftLog:OPENED:c-1,f-1,i0, conf=-1: [f3cc68b9-8250-46bd-9f8b-0b9d65688440:192.168.36.84:35502, c1e0fc5a-7ae4-45d0-a105-709cc60ce072:192.168.36.84:33769, 66ab88db-d69f-4f96-9860-b898e5399db4:192.168.36.84:42907], old=null
2019-09-24 21:20:11,705 [66ab88db-d69f-4f96-9860-b898e5399db4@group-A58B6DB2432C:LeaderElection64] INFO  impl.LeaderElection (LeaderElection.java:logAndReturn(56)) - 66ab88db-d69f-4f96-9860-b898e5399db4@group-A58B6DB2432C:LeaderElection64: Election REJECTED; received 2 response(s) [66ab88db-d69f-4f96-9860-b898e5399db4<-f3cc68b9-8250-46bd-9f8b-0b9d65688440#0:FAIL-t3, 66ab88db-d69f-4f96-9860-b898e5399db4<-c1e0fc5a-7ae4-45d0-a105-709cc60ce072#0:FAIL-t3] and 0 exception(s); 66ab88db-d69f-4f96-9860-b898e5399db4@group-A58B6DB2432C:t3, leader=null, voted=66ab88db-d69f-4f96-9860-b898e5399db4, raftlog=66ab88db-d69f-4f96-9860-b898e5399db4@group-A58B6DB2432C-SegmentedRaftLog:OPENED:c-1,f-1,i0, conf=-1: [f3cc68b9-8250-46bd-9f8b-0b9d65688440:192.168.36.84:35502, c1e0fc5a-7ae4-45d0-a105-709cc60ce072:192.168.36.84:33769, 66ab88db-d69f-4f96-9860-b898e5399db4:192.168.36.84:42907], old=null
2019-09-24 21:20:11,705 [f3cc68b9-8250-46bd-9f8b-0b9d65688440@group-E596A2B7CC13:LeaderElection58] INFO  impl.LeaderElection (LeaderElection.java:logAndReturn(56)) - f3cc68b9-8250-46bd-9f8b-0b9d65688440@group-E596A2B7CC13:LeaderElection58: Election REJECTED; received 2 response(s) [f3cc68b9-8250-46bd-9f8b-0b9d65688440<-c1e0fc5a-7ae4-45d0-a105-709cc60ce072#0:FAIL-t5, f3cc68b9-8250-46bd-9f8b-0b9d65688440<-66ab88db-d69f-4f96-9860-b898e5399db4#0:FAIL-t5] and 0 exception(s); f3cc68b9-8250-46bd-9f8b-0b9d65688440@group-E596A2B7CC13:t5, leader=null, voted=f3cc68b9-8250-46bd-9f8b-0b9d65688440, raftlog=f3cc68b9-8250-46bd-9f8b-0b9d65688440@group-E596A2B7CC13-SegmentedRaftLog:OPENED:c-1,f-1,i0, conf=-1: [f3cc68b9-8250-46bd-9f8b-0b9d65688440:192.168.36.84:35502, c1e0fc5a-7ae4-45d0-a105-709cc60ce072:192.168.36.84:33769, 66ab88db-d69f-4f96-9860-b898e5399db4:192.168.36.84:42907], old=null
2019-09-24 21:20:11,705 [c1e0fc5a-7ae4-45d0-a105-709cc60ce072@group-307796CD6AEA:LeaderElection65] INFO  impl.RoleInfo (RoleInfo.java:shutdownLeaderElection(134)) - c1e0fc5a-7ae4-45d0-a105-709cc60ce072: shutdown LeaderElection
2019-09-24 21:20:11,705 [c1e0fc5a-7ae4-45d0-a105-709cc60ce072@group-A918B51F1DFD:LeaderElection69] INFO  impl.RoleInfo (RoleInfo.java:updateAndGet(143)) - c1e0fc5a-7ae4-45d0-a105-709cc60ce072: start FollowerState
2019-09-24 21:20:11,706 [c1e0fc5a-7ae4-45d0-a105-709cc60ce072@group-307796CD6AEA:LeaderElection65] INFO  impl.RoleInfo (RoleInfo.java:updateAndGet(143)) - c1e0fc5a-7ae4-45d0-a105-709cc60ce072: start FollowerState
2019-09-24 21:20:11,706 [f3cc68b9-8250-46bd-9f8b-0b9d65688440@group-E596A2B7CC13:LeaderElection58] INFO  impl.RaftServerImpl (RaftServerImpl.java:setRole(174)) - f3cc68b9-8250-46bd-9f8b-0b9d65688440@group-E596A2B7CC13: changes role from CANDIDATE to FOLLOWER at term 5 for DISCOVERED_A_NEW_TERM
2019-09-24 21:20:11,706 [66ab88db-d69f-4f96-9860-b898e5399db4@group-A58B6DB2432C:LeaderElection64] INFO  impl.RaftServerImpl (RaftServerImpl.java:setRole(174)) - 66ab88db-d69f-4f96-9860-b898e5399db4@group-A58B6DB2432C: changes role from CANDIDATE to FOLLOWER at term 3 for DISCOVERED_A_NEW_TERM
2019-09-24 21:20:11,706 [c1e0fc5a-7ae4-45d0-a105-709cc60ce072@group-C467C04FCD85:LeaderElection54] INFO  impl.RaftServerImpl (RaftServerImpl.java:setRole(174)) - c1e0fc5a-7ae4-45d0-a105-709cc60ce072@group-C467C04FCD85: changes role from CANDIDATE to FOLLOWER at term 3 for DISCOVERED_A_NEW_TERM
2019-09-24 21:20:11,707 [66ab88db-d69f-4f96-9860-b898e5399db4@group-A58B6DB2432C:LeaderElection64] INFO  impl.RoleInfo (RoleInfo.java:shutdownLeaderElection(134)) - 66ab88db-d69f-4f96-9860-b898e5399db4: shutdown LeaderElection
2019-09-24 21:20:11,707 [f3cc68b9-8250-46bd-9f8b-0b9d65688440@group-E596A2B7CC13:LeaderElection58] INFO  impl.RoleInfo (RoleInfo.java:shutdownLeaderElection(134)) - f3cc68b9-8250-46bd-9f8b-0b9d65688440: shutdown LeaderElection
2019-09-24 21:20:11,707 [66ab88db-d69f-4f96-9860-b898e5399db4@group-A58B6DB2432C:LeaderElection64] INFO  impl.RoleInfo (RoleInfo.java:updateAndGet(143)) - 66ab88db-d69f-4f96-9860-b898e5399db4: start FollowerState
2019-09-24 21:20:11,707 [c1e0fc5a-7ae4-45d0-a105-709cc60ce072@group-C467C04FCD85:LeaderElection54] INFO  impl.RoleInfo (RoleInfo.java:shutdownLeaderElection(134)) - c1e0fc5a-7ae4-45d0-a105-709cc60ce072: shutdown LeaderElection
2019-09-24 21:20:11,708 [f3cc68b9-8250-46bd-9f8b-0b9d65688440@group-E596A2B7CC13:LeaderElection58] INFO  impl.RoleInfo (RoleInfo.java:updateAndGet(143)) - f3cc68b9-8250-46bd-9f8b-0b9d65688440: start FollowerState
2019-09-24 21:20:11,708 [c1e0fc5a-7ae4-45d0-a105-709cc60ce072@group-E596A2B7CC13:LeaderElection71] INFO  impl.LeaderElection (LeaderElection.java:logAndReturn(56)) - c1e0fc5a-7ae4-45d0-a105-709cc60ce072@group-E596A2B7CC13:LeaderElection71: Election REJECTED; received 2 response(s) [c1e0fc5a-7ae4-45d0-a105-709cc60ce072<-f3cc68b9-8250-46bd-9f8b-0b9d65688440#0:FAIL-t5, c1e0fc5a-7ae4-45d0-a105-709cc60ce072<-66ab88db-d69f-4f96-9860-b898e5399db4#0:FAIL-t5] and 0 exception(s); c1e0fc5a-7ae4-45d0-a105-709cc60ce072@group-E596A2B7CC13:t5, leader=null, voted=c1e0fc5a-7ae4-45d0-a105-709cc60ce072, raftlog=c1e0fc5a-7ae4-45d0-a105-709cc60ce072@group-E596A2B7CC13-SegmentedRaftLog:OPENED:c-1,f-1,i0, conf=-1: [f3cc68b9-8250-46bd-9f8b-0b9d65688440:192.168.36.84:35502, c1e0fc5a-7ae4-45d0-a105-709cc60ce072:192.168.36.84:33769, 66ab88db-d69f-4f96-9860-b898e5399db4:192.168.36.84:42907], old=null
2019-09-24 21:20:11,708 [66ab88db-d69f-4f96-9860-b898e5399db4@group-A918B51F1DFD:LeaderElection68] INFO  impl.LeaderElection (LeaderElection.java:logAndReturn(56)) - 66ab88db-d69f-4f96-9860-b898e5399db4@group-A918B51F1DFD:LeaderElection68: Election REJECTED; received 2 response(s) [66ab88db-d69f-4f96-9860-b898e5399db4<-f3cc68b9-8250-46bd-9f8b-0b9d65688440#0:FAIL-t3, 66ab88db-d69f-4f96-9860-b898e5399db4<-c1e0fc5a-7ae4-45d0-a105-709cc60ce072#0:FAIL-t3] and 0 exception(s); 66ab88db-d69f-4f96-9860-b898e5399db4@group-A918B51F1DFD:t3, leader=null, voted=66ab88db-d69f-4f96-9860-b898e5399db4, raftlog=66ab88db-d69f-4f96-9860-b898e5399db4@group-A918B51F1DFD-SegmentedRaftLog:OPENED:c-1,f-1,i0, conf=-1: [f3cc68b9-8250-46bd-9f8b-0b9d65688440:192.168.36.84:35502, c1e0fc5a-7ae4-45d0-a105-709cc60ce072:192.168.36.84:33769, 66ab88db-d69f-4f96-9860-b898e5399db4:192.168.36.84:42907], old=null
2019-09-24 21:20:11,708 [c1e0fc5a-7ae4-45d0-a105-709cc60ce072@group-C467C04FCD85:LeaderElection54] INFO  impl.RoleInfo (RoleInfo.java:updateAndGet(143)) - c1e0fc5a-7ae4-45d0-a105-709cc60ce072: start FollowerState
2019-09-24 21:20:11,709 [66ab88db-d69f-4f96-9860-b898e5399db4@group-A918B51F1DFD:LeaderElection68] INFO  impl.RaftServerImpl (RaftServerImpl.java:setRole(174)) - 66ab88db-d69f-4f96-9860-b898e5399db4@group-A918B51F1DFD: changes role from CANDIDATE to FOLLOWER at term 3 for DISCOVERED_A_NEW_TERM
2019-09-24 21:20:11,708 [66ab88db-d69f-4f96-9860-b898e5399db4@group-A26FF7157983:LeaderElection62] INFO  impl.LeaderElection (LeaderElection.java:logAndReturn(56)) - 66ab88db-d69f-4f96-9860-b898e5399db4@group-A26FF7157983:LeaderElection62: Election REJECTED; received 2 response(s) [66ab88db-d69f-4f96-9860-b898e5399db4<-f3cc68b9-8250-46bd-9f8b-0b9d65688440#0:FAIL-t3, 66ab88db-d69f-4f96-9860-b898e5399db4<-c1e0fc5a-7ae4-45d0-a105-709cc60ce072#0:FAIL-t3] and 0 exception(s); 66ab88db-d69f-4f96-9860-b898e5399db4@group-A26FF7157983:t3, leader=null, voted=66ab88db-d69f-4f96-9860-b898e5399db4, raftlog=66ab88db-d69f-4f96-9860-b898e5399db4@group-A26FF7157983-SegmentedRaftLog:OPENED:c-1,f-1,i0, conf=-1: [f3cc68b9-8250-46bd-9f8b-0b9d65688440:192.168.36.84:35502, c1e0fc5a-7ae4-45d0-a105-709cc60ce072:192.168.36.84:33769, 66ab88db-d69f-4f96-9860-b898e5399db4:192.168.36.84:42907], old=null
2019-09-24 21:20:11,708 [c1e0fc5a-7ae4-45d0-a105-709cc60ce072@group-E596A2B7CC13:LeaderElection71] INFO  impl.RaftServerImpl (RaftServerImpl.java:setRole(174)) - c1e0fc5a-7ae4-45d0-a105-709cc60ce072@group-E596A2B7CC13: changes role from CANDIDATE to FOLLOWER at term 5 for DISCOVERED_A_NEW_TERM
2019-09-24 21:20:11,709 [66ab88db-d69f-4f96-9860-b898e5399db4@group-A26FF7157983:LeaderElection62] INFO  impl.RaftServerImpl (RaftServerImpl.java:setRole(174)) - 66ab88db-d69f-4f96-9860-b898e5399db4@group-A26FF7157983: changes role from CANDIDATE to FOLLOWER at term 3 for DISCOVERED_A_NEW_TERM
2019-09-24 21:20:11,709 [66ab88db-d69f-4f96-9860-b898e5399db4@group-A918B51F1DFD:LeaderElection68] INFO  impl.RoleInfo (RoleInfo.java:shutdownLeaderElection(134)) - 66ab88db-d69f-4f96-9860-b898e5399db4: shutdown LeaderElection
2019-09-24 21:20:11,709 [66ab88db-d69f-4f96-9860-b898e5399db4@group-A918B51F1DFD:LeaderElection68] INFO  impl.RoleInfo (RoleInfo.java:updateAndGet(143)) - 66ab88db-d69f-4f96-9860-b898e5399db4: start FollowerState
2019-09-24 21:20:11,709 [66ab88db-d69f-4f96-9860-b898e5399db4@group-A26FF7157983:LeaderElection62] INFO  impl.RoleInfo (RoleInfo.java:shutdownLeaderElection(134)) - 66ab88db-d69f-4f96-9860-b898e5399db4: shutdown LeaderElection
2019-09-24 21:20:11,709 [c1e0fc5a-7ae4-45d0-a105-709cc60ce072@group-E596A2B7CC13:LeaderElection71] INFO  impl.RoleInfo (RoleInfo.java:shutdownLeaderElection(134)) - c1e0fc5a-7ae4-45d0-a105-709cc60ce072: shutdown LeaderElection
2019-09-24 21:20:11,710 [66ab88db-d69f-4f96-9860-b898e5399db4@group-A26FF7157983:LeaderElection62] INFO  impl.RoleInfo (RoleInfo.java:updateAndGet(143)) - 66ab88db-d69f-4f96-9860-b898e5399db4: start FollowerState
2019-09-24 21:20:11,710 [f3cc68b9-8250-46bd-9f8b-0b9d65688440@group-A918B51F1DFD:LeaderElection60] INFO  impl.LeaderElection (LeaderElection.java:logAndReturn(56)) - f3cc68b9-8250-46bd-9f8b-0b9d65688440@group-A918B51F1DFD:LeaderElection60: Election REJECTED; received 2 response(s) [f3cc68b9-8250-46bd-9f8b-0b9d65688440<-c1e0fc5a-7ae4-45d0-a105-709cc60ce072#0:FAIL-t3, f3cc68b9-8250-46bd-9f8b-0b9d65688440<-66ab88db-d69f-4f96-9860-b898e5399db4#0:FAIL-t3] and 0 exception(s); f3cc68b9-8250-46bd-9f8b-0b9d65688440@group-A918B51F1DFD:t3, leader=null, voted=f3cc68b9-8250-46bd-9f8b-0b9d65688440, raftlog=f3cc68b9-8250-46bd-9f8b-0b9d65688440@group-A918B51F1DFD-SegmentedRaftLog:OPENED:c-1,f-1,i0, conf=-1: [f3cc68b9-8250-46bd-9f8b-0b9d65688440:192.168.36.84:35502, c1e0fc5a-7ae4-45d0-a105-709cc60ce072:192.168.36.84:33769, 66ab88db-d69f-4f96-9860-b898e5399db4:192.168.36.84:42907], old=null
2019-09-24 21:20:11,710 [c1e0fc5a-7ae4-45d0-a105-709cc60ce072@group-A58B6DB2432C:LeaderElection59] INFO  impl.LeaderElection (LeaderElection.java:logAndReturn(56)) - c1e0fc5a-7ae4-45d0-a105-709cc60ce072@group-A58B6DB2432C:LeaderElection59: Election REJECTED; received 2 response(s) [c1e0fc5a-7ae4-45d0-a105-709cc60ce072<-f3cc68b9-8250-46bd-9f8b-0b9d65688440#0:FAIL-t3, c1e0fc5a-7ae4-45d0-a105-709cc60ce072<-66ab88db-d69f-4f96-9860-b898e5399db4#0:FAIL-t3] and 0 exception(s); c1e0fc5a-7ae4-45d0-a105-709cc60ce072@group-A58B6DB2432C:t3, leader=null, voted=c1e0fc5a-7ae4-45d0-a105-709cc60ce072, raftlog=c1e0fc5a-7ae4-45d0-a105-709cc60ce072@group-A58B6DB2432C-SegmentedRaftLog:OPENED:c-1,f-1,i0, conf=-1: [f3cc68b9-8250-46bd-9f8b-0b9d65688440:192.168.36.84:35502, c1e0fc5a-7ae4-45d0-a105-709cc60ce072:192.168.36.84:33769, 66ab88db-d69f-4f96-9860-b898e5399db4:192.168.36.84:42907], old=null
2019-09-24 21:20:11,711 [f3cc68b9-8250-46bd-9f8b-0b9d65688440@group-A918B51F1DFD:LeaderElection60] INFO  impl.RaftServerImpl (RaftServerImpl.java:setRole(174)) - f3cc68b9-8250-46bd-9f8b-0b9d65688440@group-A918B51F1DFD: changes role from CANDIDATE to FOLLOWER at term 3 for DISCOVERED_A_NEW_TERM
2019-09-24 21:20:11,710 [c1e0fc5a-7ae4-45d0-a105-709cc60ce072@group-E596A2B7CC13:LeaderElection71] INFO  impl.RoleInfo (RoleInfo.java:updateAndGet(143)) - c1e0fc5a-7ae4-45d0-a105-709cc60ce072: start FollowerState
2019-09-24 21:20:11,711 [f3cc68b9-8250-46bd-9f8b-0b9d65688440@group-A918B51F1DFD:LeaderElection60] INFO  impl.RoleInfo (RoleInfo.java:shutdownLeaderElection(134)) - f3cc68b9-8250-46bd-9f8b-0b9d65688440: shutdown LeaderElection
2019-09-24 21:20:11,711 [c1e0fc5a-7ae4-45d0-a105-709cc60ce072@group-A58B6DB2432C:LeaderElection59] INFO  impl.RaftServerImpl (RaftServerImpl.java:setRole(174)) - c1e0fc5a-7ae4-45d0-a105-709cc60ce072@group-A58B6DB2432C: changes role from CANDIDATE to FOLLOWER at term 3 for DISCOVERED_A_NEW_TERM
2019-09-24 21:20:11,711 [f3cc68b9-8250-46bd-9f8b-0b9d65688440@group-A918B51F1DFD:LeaderElection60] INFO  impl.RoleInfo (RoleInfo.java:updateAndGet(143)) - f3cc68b9-8250-46bd-9f8b-0b9d65688440: start FollowerState
2019-09-24 21:20:11,711 [c1e0fc5a-7ae4-45d0-a105-709cc60ce072@group-A58B6DB2432C:LeaderElection59] INFO  impl.RoleInfo (RoleInfo.java:shutdownLeaderElection(134)) - c1e0fc5a-7ae4-45d0-a105-709cc60ce072: shutdown LeaderElection
2019-09-24 21:20:11,712 [c1e0fc5a-7ae4-45d0-a105-709cc60ce072@group-A58B6DB2432C:LeaderElection59] INFO  impl.RoleInfo (RoleInfo.java:updateAndGet(143)) - c1e0fc5a-7ae4-45d0-a105-709cc60ce072: start FollowerState
2019-09-24 21:20:11,712 [f3cc68b9-8250-46bd-9f8b-0b9d65688440@group-A58B6DB2432C:LeaderElection67] INFO  impl.LeaderElection (LeaderElection.java:logAndReturn(56)) - f3cc68b9-8250-46bd-9f8b-0b9d65688440@group-A58B6DB2432C:LeaderElection67: Election REJECTED; received 2 response(s) [f3cc68b9-8250-46bd-9f8b-0b9d65688440<-c1e0fc5a-7ae4-45d0-a105-709cc60ce072#0:FAIL-t3, f3cc68b9-8250-46bd-9f8b-0b9d65688440<-66ab88db-d69f-4f96-9860-b898e5399db4#0:FAIL-t3] and 0 exception(s); f3cc68b9-8250-46bd-9f8b-0b9d65688440@group-A58B6DB2432C:t3, leader=null, voted=f3cc68b9-8250-46bd-9f8b-0b9d65688440, raftlog=f3cc68b9-8250-46bd-9f8b-0b9d65688440@group-A58B6DB2432C-SegmentedRaftLog:OPENED:c-1,f-1,i0, conf=-1: [f3cc68b9-8250-46bd-9f8b-0b9d65688440:192.168.36.84:35502, c1e0fc5a-7ae4-45d0-a105-709cc60ce072:192.168.36.84:33769, 66ab88db-d69f-4f96-9860-b898e5399db4:192.168.36.84:42907], old=null
2019-09-24 21:20:11,712 [f3cc68b9-8250-46bd-9f8b-0b9d65688440@group-A26FF7157983:LeaderElection53] INFO  impl.LeaderElection (LeaderElection.java:logAndReturn(56)) - f3cc68b9-8250-46bd-9f8b-0b9d65688440@group-A26FF7157983:LeaderElection53: Election REJECTED; received 2 response(s) [f3cc68b9-8250-46bd-9f8b-0b9d65688440<-c1e0fc5a-7ae4-45d0-a105-709cc60ce072#0:FAIL-t3, f3cc68b9-8250-46bd-9f8b-0b9d65688440<-66ab88db-d69f-4f96-9860-b898e5399db4#0:FAIL-t3] and 0 exception(s); f3cc68b9-8250-46bd-9f8b-0b9d65688440@group-A26FF7157983:t3, leader=null, voted=f3cc68b9-8250-46bd-9f8b-0b9d65688440, raftlog=f3cc68b9-8250-46bd-9f8b-0b9d65688440@group-A26FF7157983-SegmentedRaftLog:OPENED:c-1,f-1,i0, conf=-1: [f3cc68b9-8250-46bd-9f8b-0b9d65688440:192.168.36.84:35502, c1e0fc5a-7ae4-45d0-a105-709cc60ce072:192.168.36.84:33769, 66ab88db-d69f-4f96-9860-b898e5399db4:192.168.36.84:42907], old=null
2019-09-24 21:20:11,712 [f3cc68b9-8250-46bd-9f8b-0b9d65688440@group-A58B6DB2432C:LeaderElection67] INFO  impl.RaftServerImpl (RaftServerImpl.java:setRole(174)) - f3cc68b9-8250-46bd-9f8b-0b9d65688440@group-A58B6DB2432C: changes role from CANDIDATE to FOLLOWER at term 3 for DISCOVERED_A_NEW_TERM
2019-09-24 21:20:11,713 [f3cc68b9-8250-46bd-9f8b-0b9d65688440@group-A26FF7157983:LeaderElection53] INFO  impl.RaftServerImpl (RaftServerImpl.java:setRole(174)) - f3cc68b9-8250-46bd-9f8b-0b9d65688440@group-A26FF7157983: changes role from CANDIDATE to FOLLOWER at term 3 for DISCOVERED_A_NEW_TERM
2019-09-24 21:20:11,713 [f3cc68b9-8250-46bd-9f8b-0b9d65688440@group-A58B6DB2432C:LeaderElection67] INFO  impl.RoleInfo (RoleInfo.java:shutdownLeaderElection(134)) - f3cc68b9-8250-46bd-9f8b-0b9d65688440: shutdown LeaderElection
2019-09-24 21:20:11,715 [f3cc68b9-8250-46bd-9f8b-0b9d65688440@group-A26FF7157983:LeaderElection53] INFO  impl.RoleInfo (RoleInfo.java:shutdownLeaderElection(134)) - f3cc68b9-8250-46bd-9f8b-0b9d65688440: shutdown LeaderElection
2019-09-24 21:20:11,716 [f3cc68b9-8250-46bd-9f8b-0b9d65688440@group-A58B6DB2432C:LeaderElection67] INFO  impl.RoleInfo (RoleInfo.java:updateAndGet(143)) - f3cc68b9-8250-46bd-9f8b-0b9d65688440: start FollowerState
2019-09-24 21:20:11,716 [f3cc68b9-8250-46bd-9f8b-0b9d65688440@group-A26FF7157983:LeaderElection53] INFO  impl.RoleInfo (RoleInfo.java:updateAndGet(143)) - f3cc68b9-8250-46bd-9f8b-0b9d65688440: start FollowerState
2019-09-24 21:20:11,716 [66ab88db-d69f-4f96-9860-b898e5399db4@group-E596A2B7CC13:LeaderElection55] INFO  impl.LeaderElection (LeaderElection.java:logAndReturn(56)) - 66ab88db-d69f-4f96-9860-b898e5399db4@group-E596A2B7CC13:LeaderElection55: Election REJECTED; received 2 response(s) [66ab88db-d69f-4f96-9860-b898e5399db4<-f3cc68b9-8250-46bd-9f8b-0b9d65688440#0:FAIL-t5, 66ab88db-d69f-4f96-9860-b898e5399db4<-c1e0fc5a-7ae4-45d0-a105-709cc60ce072#0:FAIL-t5] and 0 exception(s); 66ab88db-d69f-4f96-9860-b898e5399db4@group-E596A2B7CC13:t5, leader=null, voted=66ab88db-d69f-4f96-9860-b898e5399db4, raftlog=66ab88db-d69f-4f96-9860-b898e5399db4@group-E596A2B7CC13-SegmentedRaftLog:OPENED:c-1,f-1,i0, conf=-1: [f3cc68b9-8250-46bd-9f8b-0b9d65688440:192.168.36.84:35502, c1e0fc5a-7ae4-45d0-a105-709cc60ce072:192.168.36.84:33769, 66ab88db-d69f-4f96-9860-b898e5399db4:192.168.36.84:42907], old=null
2019-09-24 21:20:11,717 [66ab88db-d69f-4f96-9860-b898e5399db4@group-E596A2B7CC13:LeaderElection55] INFO  impl.RaftServerImpl (RaftServerImpl.java:setRole(174)) - 66ab88db-d69f-4f96-9860-b898e5399db4@group-E596A2B7CC13: changes role from CANDIDATE to FOLLOWER at term 5 for DISCOVERED_A_NEW_TERM
2019-09-24 21:20:11,717 [66ab88db-d69f-4f96-9860-b898e5399db4@group-E596A2B7CC13:LeaderElection55] INFO  impl.RoleInfo (RoleInfo.java:shutdownLeaderElection(134)) - 66ab88db-d69f-4f96-9860-b898e5399db4: shutdown LeaderElection
2019-09-24 21:20:11,717 [f3cc68b9-8250-46bd-9f8b-0b9d65688440@group-307796CD6AEA:LeaderElection56] INFO  impl.LeaderElection (LeaderElection.java:logAndReturn(56)) - f3cc68b9-8250-46bd-9f8b-0b9d65688440@group-307796CD6AEA:LeaderElection56: Election REJECTED; received 2 response(s) [f3cc68b9-8250-46bd-9f8b-0b9d65688440<-c1e0fc5a-7ae4-45d0-a105-709cc60ce072#0:FAIL-t3, f3cc68b9-8250-46bd-9f8b-0b9d65688440<-66ab88db-d69f-4f96-9860-b898e5399db4#0:FAIL-t3] and 0 exception(s); f3cc68b9-8250-46bd-9f8b-0b9d65688440@group-307796CD6AEA:t3, leader=null, voted=f3cc68b9-8250-46bd-9f8b-0b9d65688440, raftlog=f3cc68b9-8250-46bd-9f8b-0b9d65688440@group-307796CD6AEA-SegmentedRaftLog:OPENED:c-1,f-1,i0, conf=-1: [f3cc68b9-8250-46bd-9f8b-0b9d65688440:192.168.36.84:35502, c1e0fc5a-7ae4-45d0-a105-709cc60ce072:192.168.36.84:33769, 66ab88db-d69f-4f96-9860-b898e5399db4:192.168.36.84:42907], old=null
2019-09-24 21:20:11,717 [66ab88db-d69f-4f96-9860-b898e5399db4@group-E596A2B7CC13:LeaderElection55] INFO  impl.RoleInfo (RoleInfo.java:updateAndGet(143)) - 66ab88db-d69f-4f96-9860-b898e5399db4: start FollowerState
2019-09-24 21:20:11,717 [f3cc68b9-8250-46bd-9f8b-0b9d65688440@group-307796CD6AEA:LeaderElection56] INFO  impl.RaftServerImpl (RaftServerImpl.java:setRole(174)) - f3cc68b9-8250-46bd-9f8b-0b9d65688440@group-307796CD6AEA: changes role from CANDIDATE to FOLLOWER at term 3 for DISCOVERED_A_NEW_TERM
2019-09-24 21:20:11,717 [f3cc68b9-8250-46bd-9f8b-0b9d65688440@group-307796CD6AEA:LeaderElection56] INFO  impl.RoleInfo (RoleInfo.java:shutdownLeaderElection(134)) - f3cc68b9-8250-46bd-9f8b-0b9d65688440: shutdown LeaderElection
2019-09-24 21:20:11,718 [f3cc68b9-8250-46bd-9f8b-0b9d65688440@group-307796CD6AEA:LeaderElection56] INFO  impl.RoleInfo (RoleInfo.java:updateAndGet(143)) - f3cc68b9-8250-46bd-9f8b-0b9d65688440: start FollowerState
2019-09-24 21:20:11,718 [c1e0fc5a-7ae4-45d0-a105-709cc60ce072@group-71677AE0A12A:LeaderElection61] INFO  impl.LeaderElection (LeaderElection.java:logAndReturn(56)) - c1e0fc5a-7ae4-45d0-a105-709cc60ce072@group-71677AE0A12A:LeaderElection61: Election REJECTED; received 2 response(s) [c1e0fc5a-7ae4-45d0-a105-709cc60ce072<-f3cc68b9-8250-46bd-9f8b-0b9d65688440#0:FAIL-t3, c1e0fc5a-7ae4-45d0-a105-709cc60ce072<-66ab88db-d69f-4f96-9860-b898e5399db4#0:FAIL-t3] and 0 exception(s); c1e0fc5a-7ae4-45d0-a105-709cc60ce072@group-71677AE0A12A:t3, leader=null, voted=c1e0fc5a-7ae4-45d0-a105-709cc60ce072, raftlog=c1e0fc5a-7ae4-45d0-a105-709cc60ce072@group-71677AE0A12A-SegmentedRaftLog:OPENED:c-1,f-1,i0, conf=-1: [f3cc68b9-8250-46bd-9f8b-0b9d65688440:192.168.36.84:35502, c1e0fc5a-7ae4-45d0-a105-709cc60ce072:192.168.36.84:33769, 66ab88db-d69f-4f96-9860-b898e5399db4:192.168.36.84:42907], old=null
2019-09-24 21:20:11,718 [c1e0fc5a-7ae4-45d0-a105-709cc60ce072@group-71677AE0A12A:LeaderElection61] INFO  impl.RaftServerImpl (RaftServerImpl.java:setRole(174)) - c1e0fc5a-7ae4-45d0-a105-709cc60ce072@group-71677AE0A12A: changes role from CANDIDATE to FOLLOWER at term 3 for DISCOVERED_A_NEW_TERM
2019-09-24 21:20:11,718 [c1e0fc5a-7ae4-45d0-a105-709cc60ce072@group-71677AE0A12A:LeaderElection61] INFO  impl.RoleInfo (RoleInfo.java:shutdownLeaderElection(134)) - c1e0fc5a-7ae4-45d0-a105-709cc60ce072: shutdown LeaderElection
2019-09-24 21:20:11,718 [c1e0fc5a-7ae4-45d0-a105-709cc60ce072@group-71677AE0A12A:LeaderElection61] INFO  impl.RoleInfo (RoleInfo.java:updateAndGet(143)) - c1e0fc5a-7ae4-45d0-a105-709cc60ce072: start FollowerState
2019-09-24 21:20:16,720 [Thread-609] INFO  impl.FollowerState (FollowerState.java:run(106)) - 66ab88db-d69f-4f96-9860-b898e5399db4:group-A26FF7157983 changes to CANDIDATE, lastRpcTime:5010, electionTimeout:5009ms
2019-09-24 21:20:16,721 [Thread-609] INFO  impl.RoleInfo (RoleInfo.java:shutdownFollowerState(121)) - 66ab88db-d69f-4f96-9860-b898e5399db4: shutdown FollowerState
2019-09-24 21:20:16,721 [Thread-609] INFO  impl.RaftServerImpl (RaftServerImpl.java:setRole(174)) - 66ab88db-d69f-4f96-9860-b898e5399db4@group-A26FF7157983: changes role from  FOLLOWER to CANDIDATE at term 3 for changeToCandidate
2019-09-24 21:20:16,721 [Thread-609] INFO  impl.RoleInfo (RoleInfo.java:updateAndGet(143)) - 66ab88db-d69f-4f96-9860-b898e5399db4: start LeaderElection
2019-09-24 21:20:16,728 [Thread-612] INFO  impl.FollowerState (FollowerState.java:run(106)) - c1e0fc5a-7ae4-45d0-a105-709cc60ce072:group-A58B6DB2432C changes to CANDIDATE, lastRpcTime:5015, electionTimeout:5015ms
2019-09-24 21:20:16,728 [Thread-612] INFO  impl.RoleInfo (RoleInfo.java:shutdownFollowerState(121)) - c1e0fc5a-7ae4-45d0-a105-709cc60ce072: shutdown FollowerState
2019-09-24 21:20:16,728 [Thread-612] INFO  impl.RaftServerImpl (RaftServerImpl.java:setRole(174)) - c1e0fc5a-7ae4-45d0-a105-709cc60ce072@group-A58B6DB2432C: changes role from  FOLLOWER to CANDIDATE at term 3 for changeToCandidate
2019-09-24 21:20:16,728 [Thread-612] INFO  impl.RoleInfo (RoleInfo.java:updateAndGet(143)) - c1e0fc5a-7ae4-45d0-a105-709cc60ce072: start LeaderElection
2019-09-24 21:20:16,737 [Thread-606] INFO  impl.FollowerState (FollowerState.java:run(106)) - f3cc68b9-8250-46bd-9f8b-0b9d65688440:group-E596A2B7CC13 changes to CANDIDATE, lastRpcTime:5029, electionTimeout:5028ms
2019-09-24 21:20:16,737 [Thread-606] INFO  impl.RoleInfo (RoleInfo.java:shutdownFollowerState(121)) - f3cc68b9-8250-46bd-9f8b-0b9d65688440: shutdown FollowerState
2019-09-24 21:20:16,737 [Thread-606] INFO  impl.RaftServerImpl (RaftServerImpl.java:setRole(174)) - f3cc68b9-8250-46bd-9f8b-0b9d65688440@group-E596A2B7CC13: changes role from  FOLLOWER to CANDIDATE at term 5 for changeToCandidate
2019-09-24 21:20:16,737 [Thread-598] INFO  impl.FollowerState (FollowerState.java:run(106)) - 66ab88db-d69f-4f96-9860-b898e5399db4:group-71677AE0A12A changes to CANDIDATE, lastRpcTime:5038, electionTimeout:5037ms
2019-09-24 21:20:16,737 [Thread-606] INFO  impl.RoleInfo (RoleInfo.java:updateAndGet(143)) - f3cc68b9-8250-46bd-9f8b-0b9d65688440: start LeaderElection
2019-09-24 21:20:16,737 [Thread-598] INFO  impl.RoleInfo (RoleInfo.java:shutdownFollowerState(121)) - 66ab88db-d69f-4f96-9860-b898e5399db4: shutdown FollowerState
2019-09-24 21:20:16,738 [Thread-598] INFO  impl.RaftServerImpl (RaftServerImpl.java:setRole(174)) - 66ab88db-d69f-4f96-9860-b898e5399db4@group-71677AE0A12A: changes role from  FOLLOWER to CANDIDATE at term 3 for changeToCandidate
2019-09-24 21:20:16,738 [Thread-598] INFO  impl.RoleInfo (RoleInfo.java:updateAndGet(143)) - 66ab88db-d69f-4f96-9860-b898e5399db4: start LeaderElection
2019-09-24 21:20:16,742 [Thread-617] INFO  impl.FollowerState (FollowerState.java:run(106)) - c1e0fc5a-7ae4-45d0-a105-709cc60ce072:group-71677AE0A12A changes to CANDIDATE, lastRpcTime:5023, electionTimeout:5023ms
2019-09-24 21:20:16,742 [Thread-617] INFO  impl.RoleInfo (RoleInfo.java:shutdownFollowerState(121)) - c1e0fc5a-7ae4-45d0-a105-709cc60ce072: shutdown FollowerState
2019-09-24 21:20:16,742 [Thread-617] INFO  impl.RaftServerImpl (RaftServerImpl.java:setRole(174)) - c1e0fc5a-7ae4-45d0-a105-709cc60ce072@group-71677AE0A12A: changes role from  FOLLOWER to CANDIDATE at term 3 for changeToCandidate
2019-09-24 21:20:16,742 [Thread-617] INFO  impl.RoleInfo (RoleInfo.java:updateAndGet(143)) - c1e0fc5a-7ae4-45d0-a105-709cc60ce072: start LeaderElection
2019-09-24 21:20:16,757 [66ab88db-d69f-4f96-9860-b898e5399db4@group-A26FF7157983:LeaderElection72] INFO  impl.LeaderElection (LeaderElection.java:askForVotes(182)) - 66ab88db-d69f-4f96-9860-b898e5399db4@group-A26FF7157983:LeaderElection72: begin an election at term 4 for -1: [f3cc68b9-8250-46bd-9f8b-0b9d65688440:192.168.36.84:35502, c1e0fc5a-7ae4-45d0-a105-709cc60ce072:192.168.36.84:33769, 66ab88db-d69f-4f96-9860-b898e5399db4:192.168.36.84:42907], old=null
2019-09-24 21:20:16,757 [c1e0fc5a-7ae4-45d0-a105-709cc60ce072@group-A58B6DB2432C:LeaderElection73] INFO  impl.LeaderElection (LeaderElection.java:askForVotes(182)) - c1e0fc5a-7ae4-45d0-a105-709cc60ce072@group-A58B6DB2432C:LeaderElection73: begin an election at term 4 for -1: [f3cc68b9-8250-46bd-9f8b-0b9d65688440:192.168.36.84:35502, c1e0fc5a-7ae4-45d0-a105-709cc60ce072:192.168.36.84:33769, 66ab88db-d69f-4f96-9860-b898e5399db4:192.168.36.84:42907], old=null
2019-09-24 21:20:16,757 [c1e0fc5a-7ae4-45d0-a105-709cc60ce072@group-71677AE0A12A:LeaderElection76] INFO  impl.LeaderElection (LeaderElection.java:askForVotes(182)) - c1e0fc5a-7ae4-45d0-a105-709cc60ce072@group-71677AE0A12A:LeaderElection76: begin an election at term 4 for -1: [f3cc68b9-8250-46bd-9f8b-0b9d65688440:192.168.36.84:35502, c1e0fc5a-7ae4-45d0-a105-709cc60ce072:192.168.36.84:33769, 66ab88db-d69f-4f96-9860-b898e5399db4:192.168.36.84:42907], old=null
2019-09-24 21:20:16,757 [66ab88db-d69f-4f96-9860-b898e5399db4@group-71677AE0A12A:LeaderElection75] INFO  impl.LeaderElection (LeaderElection.java:askForVotes(182)) - 66ab88db-d69f-4f96-9860-b898e5399db4@group-71677AE0A12A:LeaderElection75: begin an election at term 4 for -1: [f3cc68b9-8250-46bd-9f8b-0b9d65688440:192.168.36.84:35502, c1e0fc5a-7ae4-45d0-a105-709cc60ce072:192.168.36.84:33769, 66ab88db-d69f-4f96-9860-b898e5399db4:192.168.36.84:42907], old=null
2019-09-24 21:20:16,757 [f3cc68b9-8250-46bd-9f8b-0b9d65688440@group-E596A2B7CC13:LeaderElection74] INFO  impl.LeaderElection (LeaderElection.java:askForVotes(182)) - f3cc68b9-8250-46bd-9f8b-0b9d65688440@group-E596A2B7CC13:LeaderElection74: begin an election at term 6 for -1: [f3cc68b9-8250-46bd-9f8b-0b9d65688440:192.168.36.84:35502, c1e0fc5a-7ae4-45d0-a105-709cc60ce072:192.168.36.84:33769, 66ab88db-d69f-4f96-9860-b898e5399db4:192.168.36.84:42907], old=null
2019-09-24 21:20:16,759 [Thread-610] INFO  impl.FollowerState (FollowerState.java:run(106)) - c1e0fc5a-7ae4-45d0-a105-709cc60ce072:group-E596A2B7CC13 changes to CANDIDATE, lastRpcTime:5048, electionTimeout:5047ms
2019-09-24 21:20:16,759 [Thread-610] INFO  impl.RoleInfo (RoleInfo.java:shutdownFollowerState(121)) - c1e0fc5a-7ae4-45d0-a105-709cc60ce072: shutdown FollowerState
2019-09-24 21:20:16,759 [Thread-610] INFO  impl.RaftServerImpl (RaftServerImpl.java:setRole(174)) - c1e0fc5a-7ae4-45d0-a105-709cc60ce072@group-E596A2B7CC13: changes role from  FOLLOWER to CANDIDATE at term 5 for changeToCandidate
2019-09-24 21:20:16,760 [Thread-610] INFO  impl.RoleInfo (RoleInfo.java:updateAndGet(143)) - c1e0fc5a-7ae4-45d0-a105-709cc60ce072: start LeaderElection
2019-09-24 21:20:16,760 [Thread-600] INFO  impl.FollowerState (FollowerState.java:run(106)) - f3cc68b9-8250-46bd-9f8b-0b9d65688440:group-71677AE0A12A changes to CANDIDATE, lastRpcTime:5059, electionTimeout:5059ms
2019-09-24 21:20:16,761 [Thread-600] INFO  impl.RoleInfo (RoleInfo.java:shutdownFollowerState(121)) - f3cc68b9-8250-46bd-9f8b-0b9d65688440: shutdown FollowerState
2019-09-24 21:20:16,761 [Thread-600] INFO  impl.RaftServerImpl (RaftServerImpl.java:setRole(174)) - f3cc68b9-8250-46bd-9f8b-0b9d65688440@group-71677AE0A12A: changes role from  FOLLOWER to CANDIDATE at term 3 for changeToCandidate
2019-09-24 21:20:16,761 [Thread-600] INFO  impl.RoleInfo (RoleInfo.java:updateAndGet(143)) - f3cc68b9-8250-46bd-9f8b-0b9d65688440: start LeaderElection
2019-09-24 21:20:16,761 [Thread-601] INFO  impl.FollowerState (FollowerState.java:run(106)) - 66ab88db-d69f-4f96-9860-b898e5399db4:group-307796CD6AEA changes to CANDIDATE, lastRpcTime:5058, electionTimeout:5058ms
2019-09-24 21:20:16,762 [Thread-601] INFO  impl.RoleInfo (RoleInfo.java:shutdownFollowerState(121)) - 66ab88db-d69f-4f96-9860-b898e5399db4: shutdown FollowerState
2019-09-24 21:20:16,762 [Thread-601] INFO  impl.RaftServerImpl (RaftServerImpl.java:setRole(174)) - 66ab88db-d69f-4f96-9860-b898e5399db4@group-307796CD6AEA: changes role from  FOLLOWER to CANDIDATE at term 3 for changeToCandidate
2019-09-24 21:20:16,762 [Thread-601] INFO  impl.RoleInfo (RoleInfo.java:updateAndGet(143)) - 66ab88db-d69f-4f96-9860-b898e5399db4: start LeaderElection
2019-09-24 21:20:16,764 [grpc-default-executor-5] INFO  impl.RaftServerImpl (RaftServerImpl.java:setRole(174)) - f3cc68b9-8250-46bd-9f8b-0b9d65688440@group-A58B6DB2432C: changes role from  FOLLOWER to FOLLOWER at term 4 for recognizeCandidate:c1e0fc5a-7ae4-45d0-a105-709cc60ce072
2019-09-24 21:20:16,764 [Thread-616] INFO  impl.FollowerState (FollowerState.java:run(106)) - f3cc68b9-8250-46bd-9f8b-0b9d65688440:group-307796CD6AEA changes to CANDIDATE, lastRpcTime:5046, electionTimeout:5046ms
2019-09-24 21:20:16,764 [grpc-default-executor-2] INFO  impl.RaftServerImpl (RaftServerImpl.java:setRole(174)) - c1e0fc5a-7ae4-45d0-a105-709cc60ce072@group-A26FF7157983: changes role from  FOLLOWER to FOLLOWER at term 4 for recognizeCandidate:66ab88db-d69f-4f96-9860-b898e5399db4
2019-09-24 21:20:16,764 [grpc-default-executor-5] INFO  impl.RoleInfo (RoleInfo.java:shutdownFollowerState(121)) - f3cc68b9-8250-46bd-9f8b-0b9d65688440: shutdown FollowerState
2019-09-24 21:20:16,765 [grpc-default-executor-2] INFO  impl.RoleInfo (RoleInfo.java:shutdownFollowerState(121)) - c1e0fc5a-7ae4-45d0-a105-709cc60ce072: shutdown FollowerState
2019-09-24 21:20:16,765 [Thread-616] INFO  impl.RoleInfo (RoleInfo.java:shutdownFollowerState(121)) - f3cc68b9-8250-46bd-9f8b-0b9d65688440: shutdown FollowerState
2019-09-24 21:20:16,765 [grpc-default-executor-4] INFO  impl.RaftServerImpl (RaftServerImpl.java:setRole(174)) - 66ab88db-d69f-4f96-9860-b898e5399db4@group-E596A2B7CC13: changes role from  FOLLOWER to FOLLOWER at term 6 for recognizeCandidate:f3cc68b9-8250-46bd-9f8b-0b9d65688440
2019-09-24 21:20:16,765 [grpc-default-executor-5] INFO  impl.RoleInfo (RoleInfo.java:updateAndGet(143)) - f3cc68b9-8250-46bd-9f8b-0b9d65688440: start FollowerState
2019-09-24 21:20:16,766 [grpc-default-executor-4] INFO  impl.RoleInfo (RoleInfo.java:shutdownFollowerState(121)) - 66ab88db-d69f-4f96-9860-b898e5399db4: shutdown FollowerState
2019-09-24 21:20:16,766 [Thread-613] INFO  impl.FollowerState (FollowerState.java:run(115)) - f3cc68b9-8250-46bd-9f8b-0b9d65688440: FollowerState was interrupted: java.lang.InterruptedException: sleep interrupted
2019-09-24 21:20:16,766 [Thread-602] INFO  impl.FollowerState (FollowerState.java:run(115)) - c1e0fc5a-7ae4-45d0-a105-709cc60ce072: FollowerState was interrupted: java.lang.InterruptedException: sleep interrupted
2019-09-24 21:20:16,765 [grpc-default-executor-2] INFO  impl.RoleInfo (RoleInfo.java:updateAndGet(143)) - c1e0fc5a-7ae4-45d0-a105-709cc60ce072: start FollowerState
2019-09-24 21:20:16,765 [Thread-616] INFO  impl.RaftServerImpl (RaftServerImpl.java:setRole(174)) - f3cc68b9-8250-46bd-9f8b-0b9d65688440@group-307796CD6AEA: changes role from  FOLLOWER to CANDIDATE at term 3 for changeToCandidate
2019-09-24 21:20:16,766 [Thread-615] INFO  impl.FollowerState (FollowerState.java:run(115)) - 66ab88db-d69f-4f96-9860-b898e5399db4: FollowerState was interrupted: java.lang.InterruptedException: sleep interrupted
2019-09-24 21:20:16,766 [grpc-default-executor-4] INFO  impl.RoleInfo (RoleInfo.java:updateAndGet(143)) - 66ab88db-d69f-4f96-9860-b898e5399db4: start FollowerState
2019-09-24 21:20:16,767 [Thread-616] INFO  impl.RoleInfo (RoleInfo.java:updateAndGet(143)) - f3cc68b9-8250-46bd-9f8b-0b9d65688440: start LeaderElection
2019-09-24 21:20:16,768 [grpc-default-executor-1] INFO  impl.RaftServerImpl (RaftServerImpl.java:setRole(174)) - f3cc68b9-8250-46bd-9f8b-0b9d65688440@group-A26FF7157983: changes role from  FOLLOWER to FOLLOWER at term 4 for recognizeCandidate:66ab88db-d69f-4f96-9860-b898e5399db4
2019-09-24 21:20:16,768 [grpc-default-executor-1] INFO  impl.RoleInfo (RoleInfo.java:shutdownFollowerState(121)) - f3cc68b9-8250-46bd-9f8b-0b9d65688440: shutdown FollowerState
2019-09-24 21:20:16,768 [grpc-default-executor-1] INFO  impl.RoleInfo (RoleInfo.java:updateAndGet(143)) - f3cc68b9-8250-46bd-9f8b-0b9d65688440: start FollowerState
2019-09-24 21:20:16,768 [Thread-614] INFO  impl.FollowerState (FollowerState.java:run(115)) - f3cc68b9-8250-46bd-9f8b-0b9d65688440: FollowerState was interrupted: java.lang.InterruptedException: sleep interrupted
2019-09-24 21:20:16,769 [grpc-default-executor-7] INFO  impl.RaftServerImpl (RaftServerImpl.java:setRole(174)) - 66ab88db-d69f-4f96-9860-b898e5399db4@group-A58B6DB2432C: changes role from  FOLLOWER to FOLLOWER at term 4 for recognizeCandidate:c1e0fc5a-7ae4-45d0-a105-709cc60ce072
2019-09-24 21:20:16,769 [grpc-default-executor-7] INFO  impl.RoleInfo (RoleInfo.java:shutdownFollowerState(121)) - 66ab88db-d69f-4f96-9860-b898e5399db4: shutdown FollowerState
2019-09-24 21:20:16,769 [grpc-default-executor-7] INFO  impl.RoleInfo (RoleInfo.java:updateAndGet(143)) - 66ab88db-d69f-4f96-9860-b898e5399db4: start FollowerState
2019-09-24 21:20:16,769 [Thread-605] INFO  impl.FollowerState (FollowerState.java:run(115)) - 66ab88db-d69f-4f96-9860-b898e5399db4: FollowerState was interrupted: java.lang.InterruptedException: sleep interrupted
2019-09-24 21:20:16,769 [Thread-599] INFO  impl.FollowerState (FollowerState.java:run(106)) - 66ab88db-d69f-4f96-9860-b898e5399db4:group-C467C04FCD85 changes to CANDIDATE, lastRpcTime:5068, electionTimeout:5068ms
2019-09-24 21:20:16,770 [Thread-599] INFO  impl.RoleInfo (RoleInfo.java:shutdownFollowerState(121)) - 66ab88db-d69f-4f96-9860-b898e5399db4: shutdown FollowerState
2019-09-24 21:20:16,770 [Thread-599] INFO  impl.RaftServerImpl (RaftServerImpl.java:setRole(174)) - 66ab88db-d69f-4f96-9860-b898e5399db4@group-C467C04FCD85: changes role from  FOLLOWER to CANDIDATE at term 3 for changeToCandidate
2019-09-24 21:20:16,770 [Thread-599] INFO  impl.RoleInfo (RoleInfo.java:updateAndGet(143)) - 66ab88db-d69f-4f96-9860-b898e5399db4: start LeaderElection
2019-09-24 21:20:16,775 [Thread-611] INFO  impl.FollowerState (FollowerState.java:run(106)) - f3cc68b9-8250-46bd-9f8b-0b9d65688440:group-A918B51F1DFD changes to CANDIDATE, lastRpcTime:5063, electionTimeout:5063ms
2019-09-24 21:20:16,775 [Thread-611] INFO  impl.RoleInfo (RoleInfo.java:shutdownFollowerState(121)) - f3cc68b9-8250-46bd-9f8b-0b9d65688440: shutdown FollowerState
2019-09-24 21:20:16,775 [Thread-611] INFO  impl.RaftServerImpl (RaftServerImpl.java:setRole(174)) - f3cc68b9-8250-46bd-9f8b-0b9d65688440@group-A918B51F1DFD: changes role from  FOLLOWER to CANDIDATE at term 3 for changeToCandidate
2019-09-24 21:20:16,775 [Thread-611] INFO  impl.RoleInfo (RoleInfo.java:updateAndGet(143)) - f3cc68b9-8250-46bd-9f8b-0b9d65688440: start LeaderElection
2019-09-24 21:20:16,776 [66ab88db-d69f-4f96-9860-b898e5399db4@group-307796CD6AEA:LeaderElection79] INFO  impl.LeaderElection (LeaderElection.java:askForVotes(182)) - 66ab88db-d69f-4f96-9860-b898e5399db4@group-307796CD6AEA:LeaderElection79: begin an election at term 4 for -1: [f3cc68b9-8250-46bd-9f8b-0b9d65688440:192.168.36.84:35502, c1e0fc5a-7ae4-45d0-a105-709cc60ce072:192.168.36.84:33769, 66ab88db-d69f-4f96-9860-b898e5399db4:192.168.36.84:42907], old=null
2019-09-24 21:20:16,776 [f3cc68b9-8250-46bd-9f8b-0b9d65688440@group-307796CD6AEA:LeaderElection80] INFO  impl.LeaderElection (LeaderElection.java:askForVotes(182)) - f3cc68b9-8250-46bd-9f8b-0b9d65688440@group-307796CD6AEA:LeaderElection80: begin an election at term 4 for -1: [f3cc68b9-8250-46bd-9f8b-0b9d65688440:192.168.36.84:35502, c1e0fc5a-7ae4-45d0-a105-709cc60ce072:192.168.36.84:33769, 66ab88db-d69f-4f96-9860-b898e5399db4:192.168.36.84:42907], old=null
2019-09-24 21:20:16,776 [c1e0fc5a-7ae4-45d0-a105-709cc60ce072@group-E596A2B7CC13:LeaderElection77] INFO  impl.LeaderElection (LeaderElection.java:askForVotes(182)) - c1e0fc5a-7ae4-45d0-a105-709cc60ce072@group-E596A2B7CC13:LeaderElection77: begin an election at term 6 for -1: [f3cc68b9-8250-46bd-9f8b-0b9d65688440:192.168.36.84:35502, c1e0fc5a-7ae4-45d0-a105-709cc60ce072:192.168.36.84:33769, 66ab88db-d69f-4f96-9860-b898e5399db4:192.168.36.84:42907], old=null
2019-09-24 21:20:16,776 [66ab88db-d69f-4f96-9860-b898e5399db4@group-C467C04FCD85:LeaderElection81] INFO  impl.LeaderElection (LeaderElection.java:askForVotes(182)) - 66ab88db-d69f-4f96-9860-b898e5399db4@group-C467C04FCD85:LeaderElection81: begin an election at term 4 for -1: [f3cc68b9-8250-46bd-9f8b-0b9d65688440:192.168.36.84:35502, c1e0fc5a-7ae4-45d0-a105-709cc60ce072:192.168.36.84:33769, 66ab88db-d69f-4f96-9860-b898e5399db4:192.168.36.84:42907], old=null
2019-09-24 21:20:16,776 [f3cc68b9-8250-46bd-9f8b-0b9d65688440@group-71677AE0A12A:LeaderElection78] INFO  impl.LeaderElection (LeaderElection.java:askForVotes(182)) - f3cc68b9-8250-46bd-9f8b-0b9d65688440@group-71677AE0A12A:LeaderElection78: begin an election at term 4 for -1: [f3cc68b9-8250-46bd-9f8b-0b9d65688440:192.168.36.84:35502, c1e0fc5a-7ae4-45d0-a105-709cc60ce072:192.168.36.84:33769, 66ab88db-d69f-4f96-9860-b898e5399db4:192.168.36.84:42907], old=null
2019-09-24 21:20:16,777 [Thread-608] INFO  impl.FollowerState (FollowerState.java:run(106)) - 66ab88db-d69f-4f96-9860-b898e5399db4:group-A918B51F1DFD changes to CANDIDATE, lastRpcTime:5067, electionTimeout:5067ms
2019-09-24 21:20:16,777 [Thread-608] INFO  impl.RoleInfo (RoleInfo.java:shutdownFollowerState(121)) - 66ab88db-d69f-4f96-9860-b898e5399db4: shutdown FollowerState
2019-09-24 21:20:16,778 [Thread-608] INFO  impl.RaftServerImpl (RaftServerImpl.java:setRole(174)) - 66ab88db-d69f-4f96-9860-b898e5399db4@group-A918B51F1DFD: changes role from  FOLLOWER to CANDIDATE at term 3 for changeToCandidate
2019-09-24 21:20:16,778 [Thread-603] INFO  impl.FollowerState (FollowerState.java:run(106)) - c1e0fc5a-7ae4-45d0-a105-709cc60ce072:group-A918B51F1DFD changes to CANDIDATE, lastRpcTime:5073, electionTimeout:5071ms
2019-09-24 21:20:16,778 [Thread-608] INFO  impl.RoleInfo (RoleInfo.java:updateAndGet(143)) - 66ab88db-d69f-4f96-9860-b898e5399db4: start LeaderElection
2019-09-24 21:20:16,778 [Thread-603] INFO  impl.RoleInfo (RoleInfo.java:shutdownFollowerState(121)) - c1e0fc5a-7ae4-45d0-a105-709cc60ce072: shutdown FollowerState
2019-09-24 21:20:16,779 [Thread-603] INFO  impl.RaftServerImpl (RaftServerImpl.java:setRole(174)) - c1e0fc5a-7ae4-45d0-a105-709cc60ce072@group-A918B51F1DFD: changes role from  FOLLOWER to CANDIDATE at term 3 for changeToCandidate
2019-09-24 21:20:16,779 [c1e0fc5a-7ae4-45d0-a105-709cc60ce072@group-71677AE0A12A:LeaderElection76] INFO  impl.LeaderElection (LeaderElection.java:logAndReturn(56)) - c1e0fc5a-7ae4-45d0-a105-709cc60ce072@group-71677AE0A12A:LeaderElection76: Election REJECTED; received 2 response(s) [c1e0fc5a-7ae4-45d0-a105-709cc60ce072<-f3cc68b9-8250-46bd-9f8b-0b9d65688440#0:FAIL-t4, c1e0fc5a-7ae4-45d0-a105-709cc60ce072<-66ab88db-d69f-4f96-9860-b898e5399db4#0:FAIL-t4] and 0 exception(s); c1e0fc5a-7ae4-45d0-a105-709cc60ce072@group-71677AE0A12A:t4, leader=null, voted=c1e0fc5a-7ae4-45d0-a105-709cc60ce072, raftlog=c1e0fc5a-7ae4-45d0-a105-709cc60ce072@group-71677AE0A12A-SegmentedRaftLog:OPENED:c-1,f-1,i0, conf=-1: [f3cc68b9-8250-46bd-9f8b-0b9d65688440:192.168.36.84:35502, c1e0fc5a-7ae4-45d0-a105-709cc60ce072:192.168.36.84:33769, 66ab88db-d69f-4f96-9860-b898e5399db4:192.168.36.84:42907], old=null
2019-09-24 21:20:16,779 [66ab88db-d69f-4f96-9860-b898e5399db4@group-71677AE0A12A:LeaderElection75] INFO  impl.LeaderElection (LeaderElection.java:logAndReturn(56)) - 66ab88db-d69f-4f96-9860-b898e5399db4@group-71677AE0A12A:LeaderElection75: Election REJECTED; received 2 response(s) [66ab88db-d69f-4f96-9860-b898e5399db4<-f3cc68b9-8250-46bd-9f8b-0b9d65688440#0:FAIL-t4, 66ab88db-d69f-4f96-9860-b898e5399db4<-c1e0fc5a-7ae4-45d0-a105-709cc60ce072#0:FAIL-t4] and 0 exception(s); 66ab88db-d69f-4f96-9860-b898e5399db4@group-71677AE0A12A:t4, leader=null, voted=66ab88db-d69f-4f96-9860-b898e5399db4, raftlog=66ab88db-d69f-4f96-9860-b898e5399db4@group-71677AE0A12A-SegmentedRaftLog:OPENED:c-1,f-1,i0, conf=-1: [f3cc68b9-8250-46bd-9f8b-0b9d65688440:192.168.36.84:35502, c1e0fc5a-7ae4-45d0-a105-709cc60ce072:192.168.36.84:33769, 66ab88db-d69f-4f96-9860-b898e5399db4:192.168.36.84:42907], old=null
2019-09-24 21:20:16,779 [Thread-603] INFO  impl.RoleInfo (RoleInfo.java:updateAndGet(143)) - c1e0fc5a-7ae4-45d0-a105-709cc60ce072: start LeaderElection
2019-09-24 21:20:16,779 [66ab88db-d69f-4f96-9860-b898e5399db4@group-71677AE0A12A:LeaderElection75] INFO  impl.RaftServerImpl (RaftServerImpl.java:setRole(174)) - 66ab88db-d69f-4f96-9860-b898e5399db4@group-71677AE0A12A: changes role from CANDIDATE to FOLLOWER at term 4 for DISCOVERED_A_NEW_TERM
2019-09-24 21:20:16,779 [c1e0fc5a-7ae4-45d0-a105-709cc60ce072@group-71677AE0A12A:LeaderElection76] INFO  impl.RaftServerImpl (RaftServerImpl.java:setRole(174)) - c1e0fc5a-7ae4-45d0-a105-709cc60ce072@group-71677AE0A12A: changes role from CANDIDATE to FOLLOWER at term 4 for DISCOVERED_A_NEW_TERM
2019-09-24 21:20:16,780 [66ab88db-d69f-4f96-9860-b898e5399db4@group-71677AE0A12A:LeaderElection75] INFO  impl.RoleInfo (RoleInfo.java:shutdownLeaderElection(134)) - 66ab88db-d69f-4f96-9860-b898e5399db4: shutdown LeaderElection
2019-09-24 21:20:16,780 [c1e0fc5a-7ae4-45d0-a105-709cc60ce072@group-71677AE0A12A:LeaderElection76] INFO  impl.RoleInfo (RoleInfo.java:shutdownLeaderElection(134)) - c1e0fc5a-7ae4-45d0-a105-709cc60ce072: shutdown LeaderElection
2019-09-24 21:20:16,780 [66ab88db-d69f-4f96-9860-b898e5399db4@group-71677AE0A12A:LeaderElection75] INFO  impl.RoleInfo (RoleInfo.java:updateAndGet(143)) - 66ab88db-d69f-4f96-9860-b898e5399db4: start FollowerState
2019-09-24 21:20:16,780 [c1e0fc5a-7ae4-45d0-a105-709cc60ce072@group-71677AE0A12A:LeaderElection76] INFO  impl.RoleInfo (RoleInfo.java:updateAndGet(143)) - c1e0fc5a-7ae4-45d0-a105-709cc60ce072: start FollowerState
2019-09-24 21:20:16,780 [grpc-default-executor-0] INFO  impl.RaftServerImpl (RaftServerImpl.java:setRole(174)) - c1e0fc5a-7ae4-45d0-a105-709cc60ce072@group-307796CD6AEA: changes role from  FOLLOWER to FOLLOWER at term 4 for recognizeCandidate:f3cc68b9-8250-46bd-9f8b-0b9d65688440
2019-09-24 21:20:16,781 [grpc-default-executor-0] INFO  impl.RoleInfo (RoleInfo.java:shutdownFollowerState(121)) - c1e0fc5a-7ae4-45d0-a105-709cc60ce072: shutdown FollowerState
2019-09-24 21:20:16,781 [grpc-default-executor-0] INFO  impl.RoleInfo (RoleInfo.java:updateAndGet(143)) - c1e0fc5a-7ae4-45d0-a105-709cc60ce072: start FollowerState
2019-09-24 21:20:16,781 [Thread-604] INFO  impl.FollowerState (FollowerState.java:run(115)) - c1e0fc5a-7ae4-45d0-a105-709cc60ce072: FollowerState was interrupted: java.lang.InterruptedException: sleep interrupted
2019-09-24 21:20:16,786 [grpc-default-executor-9] INFO  impl.RaftServerImpl (RaftServerImpl.java:setRole(174)) - c1e0fc5a-7ae4-45d0-a105-709cc60ce072@group-C467C04FCD85: changes role from  FOLLOWER to FOLLOWER at term 4 for recognizeCandidate:66ab88db-d69f-4f96-9860-b898e5399db4
2019-09-24 21:20:16,786 [grpc-default-executor-9] INFO  impl.RoleInfo (RoleInfo.java:shutdownFollowerState(121)) - c1e0fc5a-7ae4-45d0-a105-709cc60ce072: shutdown FollowerState
2019-09-24 21:20:16,787 [grpc-default-executor-9] INFO  impl.RoleInfo (RoleInfo.java:updateAndGet(143)) - c1e0fc5a-7ae4-45d0-a105-709cc60ce072: start FollowerState
2019-09-24 21:20:16,787 [Thread-607] INFO  impl.FollowerState (FollowerState.java:run(115)) - c1e0fc5a-7ae4-45d0-a105-709cc60ce072: FollowerState was interrupted: java.lang.InterruptedException: sleep interrupted
2019-09-24 21:20:16,787 [grpc-default-executor-8] INFO  impl.RaftServerImpl (RaftServerImpl.java:setRole(174)) - f3cc68b9-8250-46bd-9f8b-0b9d65688440@group-C467C04FCD85: changes role from  FOLLOWER to FOLLOWER at term 4 for recognizeCandidate:66ab88db-d69f-4f96-9860-b898e5399db4
2019-09-24 21:20:16,787 [grpc-default-executor-8] INFO  impl.RoleInfo (RoleInfo.java:shutdownFollowerState(121)) - f3cc68b9-8250-46bd-9f8b-0b9d65688440: shutdown FollowerState
2019-09-24 21:20:16,788 [grpc-default-executor-8] INFO  impl.RoleInfo (RoleInfo.java:updateAndGet(143)) - f3cc68b9-8250-46bd-9f8b-0b9d65688440: start FollowerState
2019-09-24 21:20:16,788 [Thread-597] INFO  impl.FollowerState (FollowerState.java:run(115)) - f3cc68b9-8250-46bd-9f8b-0b9d65688440: FollowerState was interrupted: java.lang.InterruptedException: sleep interrupted
2019-09-24 21:20:16,789 [f3cc68b9-8250-46bd-9f8b-0b9d65688440@group-71677AE0A12A:LeaderElection78] INFO  impl.LeaderElection (LeaderElection.java:logAndReturn(56)) - f3cc68b9-8250-46bd-9f8b-0b9d65688440@group-71677AE0A12A:LeaderElection78: Election REJECTED; received 2 response(s) [f3cc68b9-8250-46bd-9f8b-0b9d65688440<-c1e0fc5a-7ae4-45d0-a105-709cc60ce072#0:FAIL-t4, f3cc68b9-8250-46bd-9f8b-0b9d65688440<-66ab88db-d69f-4f96-9860-b898e5399db4#0:FAIL-t4] and 0 exception(s); f3cc68b9-8250-46bd-9f8b-0b9d65688440@group-71677AE0A12A:t4, leader=null, voted=f3cc68b9-8250-46bd-9f8b-0b9d65688440, raftlog=f3cc68b9-8250-46bd-9f8b-0b9d65688440@group-71677AE0A12A-SegmentedRaftLog:OPENED:c-1,f-1,i0, conf=-1: [f3cc68b9-8250-46bd-9f8b-0b9d65688440:192.168.36.84:35502, c1e0fc5a-7ae4-45d0-a105-709cc60ce072:192.168.36.84:33769, 66ab88db-d69f-4f96-9860-b898e5399db4:192.168.36.84:42907], old=null
2019-09-24 21:20:16,789 [c1e0fc5a-7ae4-45d0-a105-709cc60ce072@group-A918B51F1DFD:LeaderElection84] INFO  impl.LeaderElection (LeaderElection.java:askForVotes(182)) - c1e0fc5a-7ae4-45d0-a105-709cc60ce072@group-A918B51F1DFD:LeaderElection84: begin an election at term 4 for -1: [f3cc68b9-8250-46bd-9f8b-0b9d65688440:192.168.36.84:35502, c1e0fc5a-7ae4-45d0-a105-709cc60ce072:192.168.36.84:33769, 66ab88db-d69f-4f96-9860-b898e5399db4:192.168.36.84:42907], old=null
2019-09-24 21:20:16,789 [f3cc68b9-8250-46bd-9f8b-0b9d65688440@group-71677AE0A12A:LeaderElection78] INFO  impl.RaftServerImpl (RaftServerImpl.java:setRole(174)) - f3cc68b9-8250-46bd-9f8b-0b9d65688440@group-71677AE0A12A: changes role from CANDIDATE to FOLLOWER at term 4 for DISCOVERED_A_NEW_TERM
2019-09-24 21:20:16,789 [f3cc68b9-8250-46bd-9f8b-0b9d65688440@group-A918B51F1DFD:LeaderElection82] INFO  impl.LeaderElection (LeaderElection.java:askForVotes(182)) - f3cc68b9-8250-46bd-9f8b-0b9d65688440@group-A918B51F1DFD:LeaderElection82: begin an election at term 4 for -1: [f3cc68b9-8250-46bd-9f8b-0b9d65688440:192.168.36.84:35502, c1e0fc5a-7ae4-45d0-a105-709cc60ce072:192.168.36.84:33769, 66ab88db-d69f-4f96-9860-b898e5399db4:192.168.36.84:42907], old=null
2019-09-24 21:20:16,789 [66ab88db-d69f-4f96-9860-b898e5399db4@group-A918B51F1DFD:LeaderElection83] INFO  impl.LeaderElection (LeaderElection.java:askForVotes(182)) - 66ab88db-d69f-4f96-9860-b898e5399db4@group-A918B51F1DFD:LeaderElection83: begin an election at term 4 for -1: [f3cc68b9-8250-46bd-9f8b-0b9d65688440:192.168.36.84:35502, c1e0fc5a-7ae4-45d0-a105-709cc60ce072:192.168.36.84:33769, 66ab88db-d69f-4f96-9860-b898e5399db4:192.168.36.84:42907], old=null
2019-09-24 21:20:16,789 [f3cc68b9-8250-46bd-9f8b-0b9d65688440@group-71677AE0A12A:LeaderElection78] INFO  impl.RoleInfo (RoleInfo.java:shutdownLeaderElection(134)) - f3cc68b9-8250-46bd-9f8b-0b9d65688440: shutdown LeaderElection
2019-09-24 21:20:16,790 [f3cc68b9-8250-46bd-9f8b-0b9d65688440@group-71677AE0A12A:LeaderElection78] INFO  impl.RoleInfo (RoleInfo.java:updateAndGet(143)) - f3cc68b9-8250-46bd-9f8b-0b9d65688440: start FollowerState
2019-09-24 21:20:16,791 [c1e0fc5a-7ae4-45d0-a105-709cc60ce072@group-A58B6DB2432C:LeaderElection73] INFO  impl.LeaderElection (LeaderElection.java:logAndReturn(56)) - c1e0fc5a-7ae4-45d0-a105-709cc60ce072@group-A58B6DB2432C:LeaderElection73: Election PASSED; received 1 response(s) [c1e0fc5a-7ae4-45d0-a105-709cc60ce072<-f3cc68b9-8250-46bd-9f8b-0b9d65688440#0:OK-t4] and 0 exception(s); c1e0fc5a-7ae4-45d0-a105-709cc60ce072@group-A58B6DB2432C:t4, leader=null, voted=c1e0fc5a-7ae4-45d0-a105-709cc60ce072, raftlog=c1e0fc5a-7ae4-45d0-a105-709cc60ce072@group-A58B6DB2432C-SegmentedRaftLog:OPENED:c-1,f-1,i0, conf=-1: [f3cc68b9-8250-46bd-9f8b-0b9d65688440:192.168.36.84:35502, c1e0fc5a-7ae4-45d0-a105-709cc60ce072:192.168.36.84:33769, 66ab88db-d69f-4f96-9860-b898e5399db4:192.168.36.84:42907], old=null
2019-09-24 21:20:16,791 [f3cc68b9-8250-46bd-9f8b-0b9d65688440@group-E596A2B7CC13:LeaderElection74] INFO  impl.LeaderElection (LeaderElection.java:logAndReturn(56)) - f3cc68b9-8250-46bd-9f8b-0b9d65688440@group-E596A2B7CC13:LeaderElection74: Election PASSED; received 2 response(s) [f3cc68b9-8250-46bd-9f8b-0b9d65688440<-c1e0fc5a-7ae4-45d0-a105-709cc60ce072#0:FAIL-t6, f3cc68b9-8250-46bd-9f8b-0b9d65688440<-66ab88db-d69f-4f96-9860-b898e5399db4#0:OK-t6] and 0 exception(s); f3cc68b9-8250-46bd-9f8b-0b9d65688440@group-E596A2B7CC13:t6, leader=null, voted=f3cc68b9-8250-46bd-9f8b-0b9d65688440, raftlog=f3cc68b9-8250-46bd-9f8b-0b9d65688440@group-E596A2B7CC13-SegmentedRaftLog:OPENED:c-1,f-1,i0, conf=-1: [f3cc68b9-8250-46bd-9f8b-0b9d65688440:192.168.36.84:35502, c1e0fc5a-7ae4-45d0-a105-709cc60ce072:192.168.36.84:33769, 66ab88db-d69f-4f96-9860-b898e5399db4:192.168.36.84:42907], old=null
2019-09-24 21:20:16,791 [c1e0fc5a-7ae4-45d0-a105-709cc60ce072@group-A58B6DB2432C:LeaderElection73] INFO  impl.RoleInfo (RoleInfo.java:shutdownLeaderElection(134)) - c1e0fc5a-7ae4-45d0-a105-709cc60ce072: shutdown LeaderElection
2019-09-24 21:20:16,791 [f3cc68b9-8250-46bd-9f8b-0b9d65688440@group-307796CD6AEA:LeaderElection80] INFO  impl.LeaderElection (LeaderElection.java:logAndReturn(56)) - f3cc68b9-8250-46bd-9f8b-0b9d65688440@group-307796CD6AEA:LeaderElection80: Election PASSED; received 2 response(s) [f3cc68b9-8250-46bd-9f8b-0b9d65688440<-c1e0fc5a-7ae4-45d0-a105-709cc60ce072#0:OK-t4, f3cc68b9-8250-46bd-9f8b-0b9d65688440<-66ab88db-d69f-4f96-9860-b898e5399db4#0:FAIL-t4] and 0 exception(s); f3cc68b9-8250-46bd-9f8b-0b9d65688440@group-307796CD6AEA:t4, leader=null, voted=f3cc68b9-8250-46bd-9f8b-0b9d65688440, raftlog=f3cc68b9-8250-46bd-9f8b-0b9d65688440@group-307796CD6AEA-SegmentedRaftLog:OPENED:c-1,f-1,i0, conf=-1: [f3cc68b9-8250-46bd-9f8b-0b9d65688440:192.168.36.84:35502, c1e0fc5a-7ae4-45d0-a105-709cc60ce072:192.168.36.84:33769, 66ab88db-d69f-4f96-9860-b898e5399db4:192.168.36.84:42907], old=null
2019-09-24 21:20:16,792 [66ab88db-d69f-4f96-9860-b898e5399db4@group-A26FF7157983:LeaderElection72] INFO  impl.LeaderElection (LeaderElection.java:logAndReturn(56)) - 66ab88db-d69f-4f96-9860-b898e5399db4@group-A26FF7157983:LeaderElection72: Election PASSED; received 1 response(s) [66ab88db-d69f-4f96-9860-b898e5399db4<-c1e0fc5a-7ae4-45d0-a105-709cc60ce072#0:OK-t4] and 0 exception(s); 66ab88db-d69f-4f96-9860-b898e5399db4@group-A26FF7157983:t4, leader=null, voted=66ab88db-d69f-4f96-9860-b898e5399db4, raftlog=66ab88db-d69f-4f96-9860-b898e5399db4@group-A26FF7157983-SegmentedRaftLog:OPENED:c-1,f-1,i0, conf=-1: [f3cc68b9-8250-46bd-9f8b-0b9d65688440:192.168.36.84:35502, c1e0fc5a-7ae4-45d0-a105-709cc60ce072:192.168.36.84:33769, 66ab88db-d69f-4f96-9860-b898e5399db4:192.168.36.84:42907], old=null
2019-09-24 21:20:16,792 [66ab88db-d69f-4f96-9860-b898e5399db4@group-307796CD6AEA:LeaderElection79] INFO  impl.LeaderElection (LeaderElection.java:logAndReturn(56)) - 66ab88db-d69f-4f96-9860-b898e5399db4@group-307796CD6AEA:LeaderElection79: Election REJECTED; received 2 response(s) [66ab88db-d69f-4f96-9860-b898e5399db4<-f3cc68b9-8250-46bd-9f8b-0b9d65688440#0:FAIL-t4, 66ab88db-d69f-4f96-9860-b898e5399db4<-c1e0fc5a-7ae4-45d0-a105-709cc60ce072#0:FAIL-t4] and 0 exception(s); 66ab88db-d69f-4f96-9860-b898e5399db4@group-307796CD6AEA:t4, leader=null, voted=66ab88db-d69f-4f96-9860-b898e5399db4, raftlog=66ab88db-d69f-4f96-9860-b898e5399db4@group-307796CD6AEA-SegmentedRaftLog:OPENED:c-1,f-1,i0, conf=-1: [f3cc68b9-8250-46bd-9f8b-0b9d65688440:192.168.36.84:35502, c1e0fc5a-7ae4-45d0-a105-709cc60ce072:192.168.36.84:33769, 66ab88db-d69f-4f96-9860-b898e5399db4:192.168.36.84:42907], old=null
2019-09-24 21:20:16,792 [c1e0fc5a-7ae4-45d0-a105-709cc60ce072@group-A58B6DB2432C:LeaderElection73] INFO  impl.RaftServerImpl (RaftServerImpl.java:setRole(174)) - c1e0fc5a-7ae4-45d0-a105-709cc60ce072@group-A58B6DB2432C: changes role from CANDIDATE to LEADER at term 4 for changeToLeader
2019-09-24 21:20:16,791 [f3cc68b9-8250-46bd-9f8b-0b9d65688440@group-E596A2B7CC13:LeaderElection74] INFO  impl.RoleInfo (RoleInfo.java:shutdownLeaderElection(134)) - f3cc68b9-8250-46bd-9f8b-0b9d65688440: shutdown LeaderElection
2019-09-24 21:20:16,793 [c1e0fc5a-7ae4-45d0-a105-709cc60ce072@group-A58B6DB2432C:LeaderElection73] INFO  impl.RaftServerImpl (ServerState.java:setLeader(253)) - c1e0fc5a-7ae4-45d0-a105-709cc60ce072@group-A58B6DB2432C: change Leader from null to c1e0fc5a-7ae4-45d0-a105-709cc60ce072 at term 4 for becomeLeader, leader elected after 26627ms
2019-09-24 21:20:16,792 [66ab88db-d69f-4f96-9860-b898e5399db4@group-307796CD6AEA:LeaderElection79] INFO  impl.RaftServerImpl (RaftServerImpl.java:setRole(174)) - 66ab88db-d69f-4f96-9860-b898e5399db4@group-307796CD6AEA: changes role from CANDIDATE to FOLLOWER at term 4 for DISCOVERED_A_NEW_TERM
2019-09-24 21:20:16,795 [66ab88db-d69f-4f96-9860-b898e5399db4@group-307796CD6AEA:LeaderElection79] INFO  impl.RoleInfo (RoleInfo.java:shutdownLeaderElection(134)) - 66ab88db-d69f-4f96-9860-b898e5399db4: shutdown LeaderElection
2019-09-24 21:20:16,792 [66ab88db-d69f-4f96-9860-b898e5399db4@group-A26FF7157983:LeaderElection72] INFO  impl.RoleInfo (RoleInfo.java:shutdownLeaderElection(134)) - 66ab88db-d69f-4f96-9860-b898e5399db4: shutdown LeaderElection
2019-09-24 21:20:16,795 [66ab88db-d69f-4f96-9860-b898e5399db4@group-307796CD6AEA:LeaderElection79] INFO  impl.RoleInfo (RoleInfo.java:updateAndGet(143)) - 66ab88db-d69f-4f96-9860-b898e5399db4: start FollowerState
2019-09-24 21:20:16,792 [f3cc68b9-8250-46bd-9f8b-0b9d65688440@group-307796CD6AEA:LeaderElection80] INFO  impl.RoleInfo (RoleInfo.java:shutdownLeaderElection(134)) - f3cc68b9-8250-46bd-9f8b-0b9d65688440: shutdown LeaderElection
2019-09-24 21:20:16,795 [66ab88db-d69f-4f96-9860-b898e5399db4@group-A26FF7157983:LeaderElection72] INFO  impl.RaftServerImpl (RaftServerImpl.java:setRole(174)) - 66ab88db-d69f-4f96-9860-b898e5399db4@group-A26FF7157983: changes role from CANDIDATE to LEADER at term 4 for changeToLeader
2019-09-24 21:20:16,795 [c1e0fc5a-7ae4-45d0-a105-709cc60ce072@group-A58B6DB2432C:LeaderElection73] INFO  server.RaftServerConfigKeys (ConfUtils.java:logGet(43)) - raft.server.staging.catchup.gap = 1000 (default)
2019-09-24 21:20:16,793 [c1e0fc5a-7ae4-45d0-a105-709cc60ce072@group-E596A2B7CC13:LeaderElection77] INFO  impl.LeaderElection (LeaderElection.java:logAndReturn(56)) - c1e0fc5a-7ae4-45d0-a105-709cc60ce072@group-E596A2B7CC13:LeaderElection77: Election REJECTED; received 2 response(s) [c1e0fc5a-7ae4-45d0-a105-709cc60ce072<-f3cc68b9-8250-46bd-9f8b-0b9d65688440#0:FAIL-t6, c1e0fc5a-7ae4-45d0-a105-709cc60ce072<-66ab88db-d69f-4f96-9860-b898e5399db4#0:FAIL-t6] and 0 exception(s); c1e0fc5a-7ae4-45d0-a105-709cc60ce072@group-E596A2B7CC13:t6, leader=null, voted=c1e0fc5a-7ae4-45d0-a105-709cc60ce072, raftlog=c1e0fc5a-7ae4-45d0-a105-709cc60ce072@group-E596A2B7CC13-SegmentedRaftLog:OPENED:c-1,f-1,i0, conf=-1: [f3cc68b9-8250-46bd-9f8b-0b9d65688440:192.168.36.84:35502, c1e0fc5a-7ae4-45d0-a105-709cc60ce072:192.168.36.84:33769, 66ab88db-d69f-4f96-9860-b898e5399db4:192.168.36.84:42907], old=null
2019-09-24 21:20:16,797 [c1e0fc5a-7ae4-45d0-a105-709cc60ce072@group-A58B6DB2432C:LeaderElection73] INFO  server.RaftServerConfigKeys (ConfUtils.java:logGet(43)) - raft.server.rpc.sleep.time = 25ms (default)
2019-09-24 21:20:16,793 [f3cc68b9-8250-46bd-9f8b-0b9d65688440@group-E596A2B7CC13:LeaderElection74] INFO  impl.RaftServerImpl (RaftServerImpl.java:setRole(174)) - f3cc68b9-8250-46bd-9f8b-0b9d65688440@group-E596A2B7CC13: changes role from CANDIDATE to LEADER at term 6 for changeToLeader
2019-09-24 21:20:16,798 [c1e0fc5a-7ae4-45d0-a105-709cc60ce072@group-A58B6DB2432C:LeaderElection73] INFO  server.RaftServerConfigKeys (ConfUtils.java:logGet(43)) - raft.server.write.element-limit = 4096 (default)
2019-09-24 21:20:16,797 [c1e0fc5a-7ae4-45d0-a105-709cc60ce072@group-E596A2B7CC13:LeaderElection77] INFO  impl.RaftServerImpl (RaftServerImpl.java:setRole(174)) - c1e0fc5a-7ae4-45d0-a105-709cc60ce072@group-E596A2B7CC13: changes role from CANDIDATE to FOLLOWER at term 6 for DISCOVERED_A_NEW_TERM
2019-09-24 21:20:16,797 [66ab88db-d69f-4f96-9860-b898e5399db4@group-A26FF7157983:LeaderElection72] INFO  impl.RaftServerImpl (ServerState.java:setLeader(253)) - 66ab88db-d69f-4f96-9860-b898e5399db4@group-A26FF7157983: change Leader from null to 66ab88db-d69f-4f96-9860-b898e5399db4 at term 4 for becomeLeader, leader elected after 27517ms
2019-09-24 21:20:16,797 [f3cc68b9-8250-46bd-9f8b-0b9d65688440@group-307796CD6AEA:LeaderElection80] INFO  impl.RaftServerImpl (RaftServerImpl.java:setRole(174)) - f3cc68b9-8250-46bd-9f8b-0b9d65688440@group-307796CD6AEA: changes role from CANDIDATE to LEADER at term 4 for changeToLeader
2019-09-24 21:20:16,800 [66ab88db-d69f-4f96-9860-b898e5399db4@group-A26FF7157983:LeaderElection72] INFO  server.RaftServerConfigKeys (ConfUtils.java:logGet(43)) - raft.server.staging.catchup.gap = 1000 (default)
2019-09-24 21:20:16,798 [c1e0fc5a-7ae4-45d0-a105-709cc60ce072@group-E596A2B7CC13:LeaderElection77] INFO  impl.RoleInfo (RoleInfo.java:shutdownLeaderElection(134)) - c1e0fc5a-7ae4-45d0-a105-709cc60ce072: shutdown LeaderElection
2019-09-24 21:20:16,798 [c1e0fc5a-7ae4-45d0-a105-709cc60ce072@group-A58B6DB2432C:LeaderElection73] INFO  server.RaftServerConfigKeys (ConfUtils.java:logGet(43)) - raft.server.watch.timeout = 10s (default)
2019-09-24 21:20:16,798 [f3cc68b9-8250-46bd-9f8b-0b9d65688440@group-E596A2B7CC13:LeaderElection74] INFO  impl.RaftServerImpl (ServerState.java:setLeader(253)) - f3cc68b9-8250-46bd-9f8b-0b9d65688440@group-E596A2B7CC13: change Leader from null to f3cc68b9-8250-46bd-9f8b-0b9d65688440 at term 6 for becomeLeader, leader elected after 43093ms
2019-09-24 21:20:16,800 [c1e0fc5a-7ae4-45d0-a105-709cc60ce072@group-A58B6DB2432C:LeaderElection73] INFO  server.RaftServerConfigKeys (ConfUtils.java:logGet(43)) - raft.server.watch.timeout.denomination = 1s (default)
2019-09-24 21:20:16,800 [66ab88db-d69f-4f96-9860-b898e5399db4@group-A918B51F1DFD:LeaderElection83] INFO  impl.LeaderElection (LeaderElection.java:logAndReturn(56)) - 66ab88db-d69f-4f96-9860-b898e5399db4@group-A918B51F1DFD:LeaderElection83: Election REJECTED; received 2 response(s) [66ab88db-d69f-4f96-9860-b898e5399db4<-f3cc68b9-8250-46bd-9f8b-0b9d65688440#0:FAIL-t4, 66ab88db-d69f-4f96-9860-b898e5399db4<-c1e0fc5a-7ae4-45d0-a105-709cc60ce072#0:FAIL-t4] and 0 exception(s); 66ab88db-d69f-4f96-9860-b898e5399db4@group-A918B51F1DFD:t4, leader=null, voted=66ab88db-d69f-4f96-9860-b898e5399db4, raftlog=66ab88db-d69f-4f96-9860-b898e5399db4@group-A918B51F1DFD-SegmentedRaftLog:OPENED:c-1,f-1,i0, conf=-1: [f3cc68b9-8250-46bd-9f8b-0b9d65688440:192.168.36.84:35502, c1e0fc5a-7ae4-45d0-a105-709cc60ce072:192.168.36.84:33769, 66ab88db-d69f-4f96-9860-b898e5399db4:192.168.36.84:42907], old=null
2019-09-24 21:20:16,800 [c1e0fc5a-7ae4-45d0-a105-709cc60ce072@group-E596A2B7CC13:LeaderElection77] INFO  impl.RoleInfo (RoleInfo.java:updateAndGet(143)) - c1e0fc5a-7ae4-45d0-a105-709cc60ce072: start FollowerState
2019-09-24 21:20:16,800 [66ab88db-d69f-4f96-9860-b898e5399db4@group-A26FF7157983:LeaderElection72] INFO  server.RaftServerConfigKeys (ConfUtils.java:logGet(43)) - raft.server.rpc.sleep.time = 25ms (default)
2019-09-24 21:20:16,800 [f3cc68b9-8250-46bd-9f8b-0b9d65688440@group-307796CD6AEA:LeaderElection80] INFO  impl.RaftServerImpl (ServerState.java:setLeader(253)) - f3cc68b9-8250-46bd-9f8b-0b9d65688440@group-307796CD6AEA: change Leader from null to f3cc68b9-8250-46bd-9f8b-0b9d65688440 at term 4 for becomeLeader, leader elected after 28446ms
2019-09-24 21:20:16,801 [66ab88db-d69f-4f96-9860-b898e5399db4@group-A26FF7157983:LeaderElection72] INFO  server.RaftServerConfigKeys (ConfUtils.java:logGet(43)) - raft.server.write.element-limit = 4096 (default)
2019-09-24 21:20:16,801 [66ab88db-d69f-4f96-9860-b898e5399db4@group-A918B51F1DFD:LeaderElection83] INFO  impl.RaftServerImpl (RaftServerImpl.java:setRole(174)) - 66ab88db-d69f-4f96-9860-b898e5399db4@group-A918B51F1DFD: changes role from CANDIDATE to FOLLOWER at term 4 for DISCOVERED_A_NEW_TERM
2019-09-24 21:20:16,800 [c1e0fc5a-7ae4-45d0-a105-709cc60ce072@group-A58B6DB2432C:LeaderElection73] INFO  server.RaftServerConfigKeys (ConfUtils.java:logGet(43)) - raft.server.watch.element-limit = 65536 (default)
2019-09-24 21:20:16,800 [f3cc68b9-8250-46bd-9f8b-0b9d65688440@group-E596A2B7CC13:LeaderElection74] INFO  server.RaftServerConfigKeys (ConfUtils.java:logGet(43)) - raft.server.staging.catchup.gap = 1000 (default)
2019-09-24 21:20:16,800 [f3cc68b9-8250-46bd-9f8b-0b9d65688440@group-A918B51F1DFD:LeaderElection82] INFO  impl.LeaderElection (LeaderElection.java:logAndReturn(56)) - f3cc68b9-8250-46bd-9f8b-0b9d65688440@group-A918B51F1DFD:LeaderElection82: Election REJECTED; received 2 response(s) [f3cc68b9-8250-46bd-9f8b-0b9d65688440<-c1e0fc5a-7ae4-45d0-a105-709cc60ce072#0:FAIL-t4, f3cc68b9-8250-46bd-9f8b-0b9d65688440<-66ab88db-d69f-4f96-9860-b898e5399db4#0:FAIL-t4] and 0 exception(s); f3cc68b9-8250-46bd-9f8b-0b9d65688440@group-A918B51F1DFD:t4, leader=null, voted=f3cc68b9-8250-46bd-9f8b-0b9d65688440, raftlog=f3cc68b9-8250-46bd-9f8b-0b9d65688440@group-A918B51F1DFD-SegmentedRaftLog:OPENED:c-1,f-1,i0, conf=-1: [f3cc68b9-8250-46bd-9f8b-0b9d65688440:192.168.36.84:35502, c1e0fc5a-7ae4-45d0-a105-709cc60ce072:192.168.36.84:33769, 66ab88db-d69f-4f96-9860-b898e5399db4:192.168.36.84:42907], old=null
2019-09-24 21:20:16,802 [f3cc68b9-8250-46bd-9f8b-0b9d65688440@group-E596A2B7CC13:LeaderElection74] INFO  server.RaftServerConfigKeys (ConfUtils.java:logGet(43)) - raft.server.rpc.sleep.time = 25ms (default)
2019-09-24 21:20:16,801 [66ab88db-d69f-4f96-9860-b898e5399db4@group-A918B51F1DFD:LeaderElection83] INFO  impl.RoleInfo (RoleInfo.java:shutdownLeaderElection(134)) - 66ab88db-d69f-4f96-9860-b898e5399db4: shutdown LeaderElection
2019-09-24 21:20:16,801 [66ab88db-d69f-4f96-9860-b898e5399db4@group-A26FF7157983:LeaderElection72] INFO  server.RaftServerConfigKeys (ConfUtils.java:logGet(43)) - raft.server.watch.timeout = 10s (default)
2019-09-24 21:20:16,801 [c1e0fc5a-7ae4-45d0-a105-709cc60ce072@group-A918B51F1DFD:LeaderElection84] INFO  impl.LeaderElection (LeaderElection.java:logAndReturn(56)) - c1e0fc5a-7ae4-45d0-a105-709cc60ce072@group-A918B51F1DFD:LeaderElection84: Election REJECTED; received 2 response(s) [c1e0fc5a-7ae4-45d0-a105-709cc60ce072<-f3cc68b9-8250-46bd-9f8b-0b9d65688440#0:FAIL-t4, c1e0fc5a-7ae4-45d0-a105-709cc60ce072<-66ab88db-d69f-4f96-9860-b898e5399db4#0:FAIL-t4] and 0 exception(s); c1e0fc5a-7ae4-45d0-a105-709cc60ce072@group-A918B51F1DFD:t4, leader=null, voted=c1e0fc5a-7ae4-45d0-a105-709cc60ce072, raftlog=c1e0fc5a-7ae4-45d0-a105-709cc60ce072@group-A918B51F1DFD-SegmentedRaftLog:OPENED:c-1,f-1,i0, conf=-1: [f3cc68b9-8250-46bd-9f8b-0b9d65688440:192.168.36.84:35502, c1e0fc5a-7ae4-45d0-a105-709cc60ce072:192.168.36.84:33769, 66ab88db-d69f-4f96-9860-b898e5399db4:192.168.36.84:42907], old=null
2019-09-24 21:20:16,801 [f3cc68b9-8250-46bd-9f8b-0b9d65688440@group-307796CD6AEA:LeaderElection80] INFO  server.RaftServerConfigKeys (ConfUtils.java:logGet(43)) - raft.server.staging.catchup.gap = 1000 (default)
2019-09-24 21:20:16,802 [c1e0fc5a-7ae4-45d0-a105-709cc60ce072@group-A918B51F1DFD:LeaderElection84] INFO  impl.RaftServerImpl (RaftServerImpl.java:setRole(174)) - c1e0fc5a-7ae4-45d0-a105-709cc60ce072@group-A918B51F1DFD: changes role from CANDIDATE to FOLLOWER at term 4 for DISCOVERED_A_NEW_TERM
2019-09-24 21:20:16,802 [66ab88db-d69f-4f96-9860-b898e5399db4@group-A26FF7157983:LeaderElection72] INFO  server.RaftServerConfigKeys (ConfUtils.java:logGet(43)) - raft.server.watch.timeout.denomination = 1s (default)
2019-09-24 21:20:16,802 [66ab88db-d69f-4f96-9860-b898e5399db4@group-A918B51F1DFD:LeaderElection83] INFO  impl.RoleInfo (RoleInfo.java:updateAndGet(143)) - 66ab88db-d69f-4f96-9860-b898e5399db4: start FollowerState
2019-09-24 21:20:16,802 [f3cc68b9-8250-46bd-9f8b-0b9d65688440@group-E596A2B7CC13:LeaderElection74] INFO  server.RaftServerConfigKeys (ConfUtils.java:logGet(43)) - raft.server.write.element-limit = 4096 (default)
2019-09-24 21:20:16,802 [f3cc68b9-8250-46bd-9f8b-0b9d65688440@group-A918B51F1DFD:LeaderElection82] INFO  impl.RaftServerImpl (RaftServerImpl.java:setRole(174)) - f3cc68b9-8250-46bd-9f8b-0b9d65688440@group-A918B51F1DFD: changes role from CANDIDATE to FOLLOWER at term 4 for DISCOVERED_A_NEW_TERM
2019-09-24 21:20:16,803 [f3cc68b9-8250-46bd-9f8b-0b9d65688440@group-E596A2B7CC13:LeaderElection74] INFO  server.RaftServerConfigKeys (ConfUtils.java:logGet(43)) - raft.server.watch.timeout = 10s (default)
2019-09-24 21:20:16,803 [66ab88db-d69f-4f96-9860-b898e5399db4@group-A26FF7157983:LeaderElection72] INFO  server.RaftServerConfigKeys (ConfUtils.java:logGet(43)) - raft.server.watch.element-limit = 65536 (default)
2019-09-24 21:20:16,803 [c1e0fc5a-7ae4-45d0-a105-709cc60ce072@group-A918B51F1DFD:LeaderElection84] INFO  impl.RoleInfo (RoleInfo.java:shutdownLeaderElection(134)) - c1e0fc5a-7ae4-45d0-a105-709cc60ce072: shutdown LeaderElection
2019-09-24 21:20:16,803 [f3cc68b9-8250-46bd-9f8b-0b9d65688440@group-307796CD6AEA:LeaderElection80] INFO  server.RaftServerConfigKeys (ConfUtils.java:logGet(43)) - raft.server.rpc.sleep.time = 25ms (default)
2019-09-24 21:20:16,804 [c1e0fc5a-7ae4-45d0-a105-709cc60ce072@group-A918B51F1DFD:LeaderElection84] INFO  impl.RoleInfo (RoleInfo.java:updateAndGet(143)) - c1e0fc5a-7ae4-45d0-a105-709cc60ce072: start FollowerState
2019-09-24 21:20:16,804 [f3cc68b9-8250-46bd-9f8b-0b9d65688440@group-307796CD6AEA:LeaderElection80] INFO  server.RaftServerConfigKeys (ConfUtils.java:logGet(43)) - raft.server.write.element-limit = 4096 (default)
2019-09-24 21:20:16,803 [f3cc68b9-8250-46bd-9f8b-0b9d65688440@group-E596A2B7CC13:LeaderElection74] INFO  server.RaftServerConfigKeys (ConfUtils.java:logGet(43)) - raft.server.watch.timeout.denomination = 1s (default)
2019-09-24 21:20:16,803 [f3cc68b9-8250-46bd-9f8b-0b9d65688440@group-A918B51F1DFD:LeaderElection82] INFO  impl.RoleInfo (RoleInfo.java:shutdownLeaderElection(134)) - f3cc68b9-8250-46bd-9f8b-0b9d65688440: shutdown LeaderElection
2019-09-24 21:20:16,804 [f3cc68b9-8250-46bd-9f8b-0b9d65688440@group-E596A2B7CC13:LeaderElection74] INFO  server.RaftServerConfigKeys (ConfUtils.java:logGet(43)) - raft.server.watch.element-limit = 65536 (default)
2019-09-24 21:20:16,804 [f3cc68b9-8250-46bd-9f8b-0b9d65688440@group-307796CD6AEA:LeaderElection80] INFO  server.RaftServerConfigKeys (ConfUtils.java:logGet(43)) - raft.server.watch.timeout = 10s (default)
2019-09-24 21:20:16,804 [f3cc68b9-8250-46bd-9f8b-0b9d65688440@group-A918B51F1DFD:LeaderElection82] INFO  impl.RoleInfo (RoleInfo.java:updateAndGet(143)) - f3cc68b9-8250-46bd-9f8b-0b9d65688440: start FollowerState
2019-09-24 21:20:16,805 [f3cc68b9-8250-46bd-9f8b-0b9d65688440@group-307796CD6AEA:LeaderElection80] INFO  server.RaftServerConfigKeys (ConfUtils.java:logGet(43)) - raft.server.watch.timeout.denomination = 1s (default)
2019-09-24 21:20:16,805 [f3cc68b9-8250-46bd-9f8b-0b9d65688440@group-307796CD6AEA:LeaderElection80] INFO  server.RaftServerConfigKeys (ConfUtils.java:logGet(43)) - raft.server.watch.element-limit = 65536 (default)
2019-09-24 21:20:16,805 [66ab88db-d69f-4f96-9860-b898e5399db4@group-C467C04FCD85:LeaderElection81] INFO  impl.LeaderElection (LeaderElection.java:logAndReturn(56)) - 66ab88db-d69f-4f96-9860-b898e5399db4@group-C467C04FCD85:LeaderElection81: Election PASSED; received 1 response(s) [66ab88db-d69f-4f96-9860-b898e5399db4<-c1e0fc5a-7ae4-45d0-a105-709cc60ce072#0:OK-t4] and 0 exception(s); 66ab88db-d69f-4f96-9860-b898e5399db4@group-C467C04FCD85:t4, leader=null, voted=66ab88db-d69f-4f96-9860-b898e5399db4, raftlog=66ab88db-d69f-4f96-9860-b898e5399db4@group-C467C04FCD85-SegmentedRaftLog:OPENED:c-1,f-1,i0, conf=-1: [f3cc68b9-8250-46bd-9f8b-0b9d65688440:192.168.36.84:35502, c1e0fc5a-7ae4-45d0-a105-709cc60ce072:192.168.36.84:33769, 66ab88db-d69f-4f96-9860-b898e5399db4:192.168.36.84:42907], old=null
2019-09-24 21:20:16,806 [66ab88db-d69f-4f96-9860-b898e5399db4@group-C467C04FCD85:LeaderElection81] INFO  impl.RoleInfo (RoleInfo.java:shutdownLeaderElection(134)) - 66ab88db-d69f-4f96-9860-b898e5399db4: shutdown LeaderElection
2019-09-24 21:20:16,806 [66ab88db-d69f-4f96-9860-b898e5399db4@group-C467C04FCD85:LeaderElection81] INFO  impl.RaftServerImpl (RaftServerImpl.java:setRole(174)) - 66ab88db-d69f-4f96-9860-b898e5399db4@group-C467C04FCD85: changes role from CANDIDATE to LEADER at term 4 for changeToLeader
2019-09-24 21:20:16,806 [66ab88db-d69f-4f96-9860-b898e5399db4@group-C467C04FCD85:LeaderElection81] INFO  impl.RaftServerImpl (ServerState.java:setLeader(253)) - 66ab88db-d69f-4f96-9860-b898e5399db4@group-C467C04FCD85: change Leader from null to 66ab88db-d69f-4f96-9860-b898e5399db4 at term 4 for becomeLeader, leader elected after 34421ms
2019-09-24 21:20:16,806 [66ab88db-d69f-4f96-9860-b898e5399db4@group-C467C04FCD85:LeaderElection81] INFO  server.RaftServerConfigKeys (ConfUtils.java:logGet(43)) - raft.server.staging.catchup.gap = 1000 (default)
2019-09-24 21:20:16,806 [66ab88db-d69f-4f96-9860-b898e5399db4@group-C467C04FCD85:LeaderElection81] INFO  server.RaftServerConfigKeys (ConfUtils.java:logGet(43)) - raft.server.rpc.sleep.time = 25ms (default)
2019-09-24 21:20:16,806 [66ab88db-d69f-4f96-9860-b898e5399db4@group-C467C04FCD85:LeaderElection81] INFO  server.RaftServerConfigKeys (ConfUtils.java:logGet(43)) - raft.server.write.element-limit = 4096 (default)
2019-09-24 21:20:16,806 [66ab88db-d69f-4f96-9860-b898e5399db4@group-C467C04FCD85:LeaderElection81] INFO  server.RaftServerConfigKeys (ConfUtils.java:logGet(43)) - raft.server.watch.timeout = 10s (default)
2019-09-24 21:20:16,807 [66ab88db-d69f-4f96-9860-b898e5399db4@group-C467C04FCD85:LeaderElection81] INFO  server.RaftServerConfigKeys (ConfUtils.java:logGet(43)) - raft.server.watch.timeout.denomination = 1s (default)
2019-09-24 21:20:16,807 [66ab88db-d69f-4f96-9860-b898e5399db4@group-C467C04FCD85:LeaderElection81] INFO  server.RaftServerConfigKeys (ConfUtils.java:logGet(43)) - raft.server.watch.element-limit = 65536 (default)
2019-09-24 21:20:16,811 [66ab88db-d69f-4f96-9860-b898e5399db4@group-A26FF7157983:LeaderElection72] INFO  server.RaftServerConfigKeys (ConfUtils.java:logGet(43)) - raft.server.log.appender.snapshot.chunk.size.max = 16MB (=16777216) (default)
2019-09-24 21:20:16,811 [c1e0fc5a-7ae4-45d0-a105-709cc60ce072@group-A58B6DB2432C:LeaderElection73] INFO  server.RaftServerConfigKeys (ConfUtils.java:logGet(43)) - raft.server.log.appender.snapshot.chunk.size.max = 16MB (=16777216) (default)
2019-09-24 21:20:16,811 [66ab88db-d69f-4f96-9860-b898e5399db4@group-A26FF7157983:LeaderElection72] INFO  server.RaftServerConfigKeys (ConfUtils.java:logGet(43)) - raft.server.log.appender.buffer.byte-limit = 33554432 (custom)
2019-09-24 21:20:16,811 [f3cc68b9-8250-46bd-9f8b-0b9d65688440@group-E596A2B7CC13:LeaderElection74] INFO  server.RaftServerConfigKeys (ConfUtils.java:logGet(43)) - raft.server.log.appender.snapshot.chunk.size.max = 16MB (=16777216) (default)
2019-09-24 21:20:16,811 [c1e0fc5a-7ae4-45d0-a105-709cc60ce072@group-A58B6DB2432C:LeaderElection73] INFO  server.RaftServerConfigKeys (ConfUtils.java:logGet(43)) - raft.server.log.appender.buffer.byte-limit = 33554432 (custom)
2019-09-24 21:20:16,812 [f3cc68b9-8250-46bd-9f8b-0b9d65688440@group-E596A2B7CC13:LeaderElection74] INFO  server.RaftServerConfigKeys (ConfUtils.java:logGet(43)) - raft.server.log.appender.buffer.byte-limit = 33554432 (custom)
2019-09-24 21:20:16,812 [66ab88db-d69f-4f96-9860-b898e5399db4@group-A26FF7157983:LeaderElection72] INFO  server.RaftServerConfigKeys (ConfUtils.java:logGet(43)) - raft.server.log.appender.buffer.element-limit = 1 (custom)
2019-09-24 21:20:16,812 [66ab88db-d69f-4f96-9860-b898e5399db4@group-C467C04FCD85:LeaderElection81] INFO  server.RaftServerConfigKeys (ConfUtils.java:logGet(43)) - raft.server.log.appender.snapshot.chunk.size.max = 16MB (=16777216) (default)
2019-09-24 21:20:16,812 [f3cc68b9-8250-46bd-9f8b-0b9d65688440@group-E596A2B7CC13:LeaderElection74] INFO  server.RaftServerConfigKeys (ConfUtils.java:logGet(43)) - raft.server.log.appender.buffer.element-limit = 1 (custom)
2019-09-24 21:20:16,812 [f3cc68b9-8250-46bd-9f8b-0b9d65688440@group-307796CD6AEA:LeaderElection80] INFO  server.RaftServerConfigKeys (ConfUtils.java:logGet(43)) - raft.server.log.appender.snapshot.chunk.size.max = 16MB (=16777216) (default)
2019-09-24 21:20:16,812 [66ab88db-d69f-4f96-9860-b898e5399db4@group-C467C04FCD85:LeaderElection81] INFO  server.RaftServerConfigKeys (ConfUtils.java:logGet(43)) - raft.server.log.appender.buffer.byte-limit = 33554432 (custom)
2019-09-24 21:20:16,812 [c1e0fc5a-7ae4-45d0-a105-709cc60ce072@group-A58B6DB2432C:LeaderElection73] INFO  server.RaftServerConfigKeys (ConfUtils.java:logGet(43)) - raft.server.log.appender.buffer.element-limit = 1 (custom)
2019-09-24 21:20:16,813 [66ab88db-d69f-4f96-9860-b898e5399db4@group-C467C04FCD85:LeaderElection81] INFO  server.RaftServerConfigKeys (ConfUtils.java:logGet(43)) - raft.server.log.appender.buffer.element-limit = 1 (custom)
2019-09-24 21:20:16,813 [f3cc68b9-8250-46bd-9f8b-0b9d65688440@group-307796CD6AEA:LeaderElection80] INFO  server.RaftServerConfigKeys (ConfUtils.java:logGet(43)) - raft.server.log.appender.buffer.byte-limit = 33554432 (custom)
2019-09-24 21:20:16,813 [f3cc68b9-8250-46bd-9f8b-0b9d65688440@group-307796CD6AEA:LeaderElection80] INFO  server.RaftServerConfigKeys (ConfUtils.java:logGet(43)) - raft.server.log.appender.buffer.element-limit = 1 (custom)
2019-09-24 21:20:16,817 [66ab88db-d69f-4f96-9860-b898e5399db4@group-A26FF7157983:LeaderElection72] INFO  grpc.GrpcConfigKeys$Server (ConfUtils.java:logGet(43)) - raft.grpc.server.leader.outstanding.appends.max = 128 (default)
2019-09-24 21:20:16,817 [f3cc68b9-8250-46bd-9f8b-0b9d65688440@group-307796CD6AEA:LeaderElection80] INFO  grpc.GrpcConfigKeys$Server (ConfUtils.java:logGet(43)) - raft.grpc.server.leader.outstanding.appends.max = 128 (default)
2019-09-24 21:20:16,817 [f3cc68b9-8250-46bd-9f8b-0b9d65688440@group-E596A2B7CC13:LeaderElection74] INFO  grpc.GrpcConfigKeys$Server (ConfUtils.java:logGet(43)) - raft.grpc.server.leader.outstanding.appends.max = 128 (default)
2019-09-24 21:20:16,817 [c1e0fc5a-7ae4-45d0-a105-709cc60ce072@group-A58B6DB2432C:LeaderElection73] INFO  grpc.GrpcConfigKeys$Server (ConfUtils.java:logGet(43)) - raft.grpc.server.leader.outstanding.appends.max = 128 (default)
2019-09-24 21:20:16,817 [66ab88db-d69f-4f96-9860-b898e5399db4@group-C467C04FCD85:LeaderElection81] INFO  grpc.GrpcConfigKeys$Server (ConfUtils.java:logGet(43)) - raft.grpc.server.leader.outstanding.appends.max = 128 (default)
2019-09-24 21:20:16,818 [c1e0fc5a-7ae4-45d0-a105-709cc60ce072@group-A58B6DB2432C:LeaderElection73] INFO  server.RaftServerConfigKeys (ConfUtils.java:logGet(43)) - raft.server.rpc.request.timeout = 3000ms (default)
2019-09-24 21:20:16,818 [f3cc68b9-8250-46bd-9f8b-0b9d65688440@group-E596A2B7CC13:LeaderElection74] INFO  server.RaftServerConfigKeys (ConfUtils.java:logGet(43)) - raft.server.rpc.request.timeout = 3000ms (default)
2019-09-24 21:20:16,818 [f3cc68b9-8250-46bd-9f8b-0b9d65688440@group-307796CD6AEA:LeaderElection80] INFO  server.RaftServerConfigKeys (ConfUtils.java:logGet(43)) - raft.server.rpc.request.timeout = 3000ms (default)
2019-09-24 21:20:16,817 [66ab88db-d69f-4f96-9860-b898e5399db4@group-A26FF7157983:LeaderElection72] INFO  server.RaftServerConfigKeys (ConfUtils.java:logGet(43)) - raft.server.rpc.request.timeout = 3000ms (default)
2019-09-24 21:20:16,819 [f3cc68b9-8250-46bd-9f8b-0b9d65688440@group-307796CD6AEA:LeaderElection80] INFO  server.RaftServerConfigKeys (ConfUtils.java:logGet(43)) - raft.server.log.appender.install.snapshot.enabled = false (custom)
2019-09-24 21:20:16,818 [f3cc68b9-8250-46bd-9f8b-0b9d65688440@group-E596A2B7CC13:LeaderElection74] INFO  server.RaftServerConfigKeys (ConfUtils.java:logGet(43)) - raft.server.log.appender.install.snapshot.enabled = false (custom)
2019-09-24 21:20:16,818 [c1e0fc5a-7ae4-45d0-a105-709cc60ce072@group-A58B6DB2432C:LeaderElection73] INFO  server.RaftServerConfigKeys (ConfUtils.java:logGet(43)) - raft.server.log.appender.install.snapshot.enabled = false (custom)
2019-09-24 21:20:16,818 [66ab88db-d69f-4f96-9860-b898e5399db4@group-C467C04FCD85:LeaderElection81] INFO  server.RaftServerConfigKeys (ConfUtils.java:logGet(43)) - raft.server.rpc.request.timeout = 3000ms (default)
2019-09-24 21:20:16,819 [66ab88db-d69f-4f96-9860-b898e5399db4@group-A26FF7157983:LeaderElection72] INFO  server.RaftServerConfigKeys (ConfUtils.java:logGet(43)) - raft.server.log.appender.install.snapshot.enabled = false (custom)
2019-09-24 21:20:16,820 [66ab88db-d69f-4f96-9860-b898e5399db4@group-C467C04FCD85:LeaderElection81] INFO  server.RaftServerConfigKeys (ConfUtils.java:logGet(43)) - raft.server.log.appender.install.snapshot.enabled = false (custom)
2019-09-24 21:20:16,820 [66ab88db-d69f-4f96-9860-b898e5399db4@group-A26FF7157983:LeaderElection72] INFO  server.RaftServerConfigKeys (ConfUtils.java:logGet(43)) - raft.server.log.appender.snapshot.chunk.size.max = 16MB (=16777216) (default)
2019-09-24 21:20:16,820 [f3cc68b9-8250-46bd-9f8b-0b9d65688440@group-307796CD6AEA:LeaderElection80] INFO  server.RaftServerConfigKeys (ConfUtils.java:logGet(43)) - raft.server.log.appender.snapshot.chunk.size.max = 16MB (=16777216) (default)
2019-09-24 21:20:16,820 [c1e0fc5a-7ae4-45d0-a105-709cc60ce072@group-A58B6DB2432C:LeaderElection73] INFO  server.RaftServerConfigKeys (ConfUtils.java:logGet(43)) - raft.server.log.appender.snapshot.chunk.size.max = 16MB (=16777216) (default)
2019-09-24 21:20:16,820 [66ab88db-d69f-4f96-9860-b898e5399db4@group-C467C04FCD85:LeaderElection81] INFO  server.RaftServerConfigKeys (ConfUtils.java:logGet(43)) - raft.server.log.appender.snapshot.chunk.size.max = 16MB (=16777216) (default)
2019-09-24 21:20:16,820 [f3cc68b9-8250-46bd-9f8b-0b9d65688440@group-E596A2B7CC13:LeaderElection74] INFO  server.RaftServerConfigKeys (ConfUtils.java:logGet(43)) - raft.server.log.appender.snapshot.chunk.size.max = 16MB (=16777216) (default)
2019-09-24 21:20:16,821 [66ab88db-d69f-4f96-9860-b898e5399db4@group-C467C04FCD85:LeaderElection81] INFO  server.RaftServerConfigKeys (ConfUtils.java:logGet(43)) - raft.server.log.appender.buffer.byte-limit = 33554432 (custom)
2019-09-24 21:20:16,821 [c1e0fc5a-7ae4-45d0-a105-709cc60ce072@group-A58B6DB2432C:LeaderElection73] INFO  server.RaftServerConfigKeys (ConfUtils.java:logGet(43)) - raft.server.log.appender.buffer.byte-limit = 33554432 (custom)
2019-09-24 21:20:16,821 [f3cc68b9-8250-46bd-9f8b-0b9d65688440@group-307796CD6AEA:LeaderElection80] INFO  server.RaftServerConfigKeys (ConfUtils.java:logGet(43)) - raft.server.log.appender.buffer.byte-limit = 33554432 (custom)
2019-09-24 21:20:16,820 [66ab88db-d69f-4f96-9860-b898e5399db4@group-A26FF7157983:LeaderElection72] INFO  server.RaftServerConfigKeys (ConfUtils.java:logGet(43)) - raft.server.log.appender.buffer.byte-limit = 33554432 (custom)
2019-09-24 21:20:16,822 [f3cc68b9-8250-46bd-9f8b-0b9d65688440@group-307796CD6AEA:LeaderElection80] INFO  server.RaftServerConfigKeys (ConfUtils.java:logGet(43)) - raft.server.log.appender.buffer.element-limit = 1 (custom)
2019-09-24 21:20:16,821 [c1e0fc5a-7ae4-45d0-a105-709cc60ce072@group-A58B6DB2432C:LeaderElection73] INFO  server.RaftServerConfigKeys (ConfUtils.java:logGet(43)) - raft.server.log.appender.buffer.element-limit = 1 (custom)
2019-09-24 21:20:16,821 [66ab88db-d69f-4f96-9860-b898e5399db4@group-C467C04FCD85:LeaderElection81] INFO  server.RaftServerConfigKeys (ConfUtils.java:logGet(43)) - raft.server.log.appender.buffer.element-limit = 1 (custom)
2019-09-24 21:20:16,821 [f3cc68b9-8250-46bd-9f8b-0b9d65688440@group-E596A2B7CC13:LeaderElection74] INFO  server.RaftServerConfigKeys (ConfUtils.java:logGet(43)) - raft.server.log.appender.buffer.byte-limit = 33554432 (custom)
2019-09-24 21:20:16,822 [66ab88db-d69f-4f96-9860-b898e5399db4@group-C467C04FCD85:LeaderElection81] INFO  grpc.GrpcConfigKeys$Server (ConfUtils.java:logGet(43)) - raft.grpc.server.leader.outstanding.appends.max = 128 (default)
2019-09-24 21:20:16,822 [c1e0fc5a-7ae4-45d0-a105-709cc60ce072@group-A58B6DB2432C:LeaderElection73] INFO  grpc.GrpcConfigKeys$Server (ConfUtils.java:logGet(43)) - raft.grpc.server.leader.outstanding.appends.max = 128 (default)
2019-09-24 21:20:16,822 [f3cc68b9-8250-46bd-9f8b-0b9d65688440@group-307796CD6AEA:LeaderElection80] INFO  grpc.GrpcConfigKeys$Server (ConfUtils.java:logGet(43)) - raft.grpc.server.leader.outstanding.appends.max = 128 (default)
2019-09-24 21:20:16,822 [66ab88db-d69f-4f96-9860-b898e5399db4@group-A26FF7157983:LeaderElection72] INFO  server.RaftServerConfigKeys (ConfUtils.java:logGet(43)) - raft.server.log.appender.buffer.element-limit = 1 (custom)
2019-09-24 21:20:16,823 [f3cc68b9-8250-46bd-9f8b-0b9d65688440@group-307796CD6AEA:LeaderElection80] INFO  server.RaftServerConfigKeys (ConfUtils.java:logGet(43)) - raft.server.rpc.request.timeout = 3000ms (default)
2019-09-24 21:20:16,823 [c1e0fc5a-7ae4-45d0-a105-709cc60ce072@group-A58B6DB2432C:LeaderElection73] INFO  server.RaftServerConfigKeys (ConfUtils.java:logGet(43)) - raft.server.rpc.request.timeout = 3000ms (default)
2019-09-24 21:20:16,823 [66ab88db-d69f-4f96-9860-b898e5399db4@group-C467C04FCD85:LeaderElection81] INFO  server.RaftServerConfigKeys (ConfUtils.java:logGet(43)) - raft.server.rpc.request.timeout = 3000ms (default)
2019-09-24 21:20:16,824 [66ab88db-d69f-4f96-9860-b898e5399db4@group-C467C04FCD85:LeaderElection81] INFO  server.RaftServerConfigKeys (ConfUtils.java:logGet(43)) - raft.server.log.appender.install.snapshot.enabled = false (custom)
2019-09-24 21:20:16,822 [f3cc68b9-8250-46bd-9f8b-0b9d65688440@group-E596A2B7CC13:LeaderElection74] INFO  server.RaftServerConfigKeys (ConfUtils.java:logGet(43)) - raft.server.log.appender.buffer.element-limit = 1 (custom)
2019-09-24 21:20:16,823 [c1e0fc5a-7ae4-45d0-a105-709cc60ce072@group-A58B6DB2432C:LeaderElection73] INFO  server.RaftServerConfigKeys (ConfUtils.java:logGet(43)) - raft.server.log.appender.install.snapshot.enabled = false (custom)
2019-09-24 21:20:16,823 [f3cc68b9-8250-46bd-9f8b-0b9d65688440@group-307796CD6AEA:LeaderElection80] INFO  server.RaftServerConfigKeys (ConfUtils.java:logGet(43)) - raft.server.log.appender.install.snapshot.enabled = false (custom)
2019-09-24 21:20:16,823 [66ab88db-d69f-4f96-9860-b898e5399db4@group-A26FF7157983:LeaderElection72] INFO  grpc.GrpcConfigKeys$Server (ConfUtils.java:logGet(43)) - raft.grpc.server.leader.outstanding.appends.max = 128 (default)
2019-09-24 21:20:16,824 [f3cc68b9-8250-46bd-9f8b-0b9d65688440@group-E596A2B7CC13:LeaderElection74] INFO  grpc.GrpcConfigKeys$Server (ConfUtils.java:logGet(43)) - raft.grpc.server.leader.outstanding.appends.max = 128 (default)
2019-09-24 21:20:16,824 [66ab88db-d69f-4f96-9860-b898e5399db4@group-A26FF7157983:LeaderElection72] INFO  server.RaftServerConfigKeys (ConfUtils.java:logGet(43)) - raft.server.rpc.request.timeout = 3000ms (default)
2019-09-24 21:20:16,825 [f3cc68b9-8250-46bd-9f8b-0b9d65688440@group-E596A2B7CC13:LeaderElection74] INFO  server.RaftServerConfigKeys (ConfUtils.java:logGet(43)) - raft.server.rpc.request.timeout = 3000ms (default)
2019-09-24 21:20:16,825 [66ab88db-d69f-4f96-9860-b898e5399db4@group-A26FF7157983:LeaderElection72] INFO  server.RaftServerConfigKeys (ConfUtils.java:logGet(43)) - raft.server.log.appender.install.snapshot.enabled = false (custom)
2019-09-24 21:20:16,825 [f3cc68b9-8250-46bd-9f8b-0b9d65688440@group-E596A2B7CC13:LeaderElection74] INFO  server.RaftServerConfigKeys (ConfUtils.java:logGet(43)) - raft.server.log.appender.install.snapshot.enabled = false (custom)
2019-09-24 21:20:16,825 [66ab88db-d69f-4f96-9860-b898e5399db4@group-A26FF7157983:LeaderElection72] INFO  impl.RoleInfo (RoleInfo.java:updateAndGet(143)) - 66ab88db-d69f-4f96-9860-b898e5399db4: start LeaderState
2019-09-24 21:20:16,825 [66ab88db-d69f-4f96-9860-b898e5399db4@group-C467C04FCD85:LeaderElection81] INFO  impl.RoleInfo (RoleInfo.java:updateAndGet(143)) - 66ab88db-d69f-4f96-9860-b898e5399db4: start LeaderState
2019-09-24 21:20:16,825 [c1e0fc5a-7ae4-45d0-a105-709cc60ce072@group-A58B6DB2432C:LeaderElection73] INFO  impl.RoleInfo (RoleInfo.java:updateAndGet(143)) - c1e0fc5a-7ae4-45d0-a105-709cc60ce072: start LeaderState
2019-09-24 21:20:16,825 [f3cc68b9-8250-46bd-9f8b-0b9d65688440@group-307796CD6AEA:LeaderElection80] INFO  impl.RoleInfo (RoleInfo.java:updateAndGet(143)) - f3cc68b9-8250-46bd-9f8b-0b9d65688440: start LeaderState
2019-09-24 21:20:16,826 [c1e0fc5a-7ae4-45d0-a105-709cc60ce072@group-A58B6DB2432C:LeaderElection73] INFO  segmented.SegmentedRaftLogWorker (SegmentedRaftLogWorker.java:startLogSegment(380)) - c1e0fc5a-7ae4-45d0-a105-709cc60ce072@group-A58B6DB2432C-SegmentedRaftLogWorker: Starting segment from index:0
2019-09-24 21:20:16,826 [66ab88db-d69f-4f96-9860-b898e5399db4@group-C467C04FCD85:LeaderElection81] INFO  segmented.SegmentedRaftLogWorker (SegmentedRaftLogWorker.java:startLogSegment(380)) - 66ab88db-d69f-4f96-9860-b898e5399db4@group-C467C04FCD85-SegmentedRaftLogWorker: Starting segment from index:0
2019-09-24 21:20:16,826 [66ab88db-d69f-4f96-9860-b898e5399db4@group-A26FF7157983:LeaderElection72] INFO  segmented.SegmentedRaftLogWorker (SegmentedRaftLogWorker.java:startLogSegment(380)) - 66ab88db-d69f-4f96-9860-b898e5399db4@group-A26FF7157983-SegmentedRaftLogWorker: Starting segment from index:0
2019-09-24 21:20:16,825 [f3cc68b9-8250-46bd-9f8b-0b9d65688440@group-E596A2B7CC13:LeaderElection74] INFO  impl.RoleInfo (RoleInfo.java:updateAndGet(143)) - f3cc68b9-8250-46bd-9f8b-0b9d65688440: start LeaderState
2019-09-24 21:20:16,826 [f3cc68b9-8250-46bd-9f8b-0b9d65688440@group-307796CD6AEA:LeaderElection80] INFO  segmented.SegmentedRaftLogWorker (SegmentedRaftLogWorker.java:startLogSegment(380)) - f3cc68b9-8250-46bd-9f8b-0b9d65688440@group-307796CD6AEA-SegmentedRaftLogWorker: Starting segment from index:0
2019-09-24 21:20:16,826 [f3cc68b9-8250-46bd-9f8b-0b9d65688440@group-E596A2B7CC13:LeaderElection74] INFO  segmented.SegmentedRaftLogWorker (SegmentedRaftLogWorker.java:startLogSegment(380)) - f3cc68b9-8250-46bd-9f8b-0b9d65688440@group-E596A2B7CC13-SegmentedRaftLogWorker: Starting segment from index:0
2019-09-24 21:20:16,827 [c1e0fc5a-7ae4-45d0-a105-709cc60ce072@group-A58B6DB2432C:LeaderElection73] INFO  impl.RaftServerImpl (ServerState.java:setRaftConf(354)) - c1e0fc5a-7ae4-45d0-a105-709cc60ce072@group-A58B6DB2432C: set configuration 0: [f3cc68b9-8250-46bd-9f8b-0b9d65688440:192.168.36.84:35502, c1e0fc5a-7ae4-45d0-a105-709cc60ce072:192.168.36.84:33769, 66ab88db-d69f-4f96-9860-b898e5399db4:192.168.36.84:42907], old=null at 0
2019-09-24 21:20:16,827 [66ab88db-d69f-4f96-9860-b898e5399db4@group-A26FF7157983:LeaderElection72] INFO  impl.RaftServerImpl (ServerState.java:setRaftConf(354)) - 66ab88db-d69f-4f96-9860-b898e5399db4@group-A26FF7157983: set configuration 0: [f3cc68b9-8250-46bd-9f8b-0b9d65688440:192.168.36.84:35502, c1e0fc5a-7ae4-45d0-a105-709cc60ce072:192.168.36.84:33769, 66ab88db-d69f-4f96-9860-b898e5399db4:192.168.36.84:42907], old=null at 0
2019-09-24 21:20:16,828 [66ab88db-d69f-4f96-9860-b898e5399db4@group-C467C04FCD85:LeaderElection81] INFO  impl.RaftServerImpl (ServerState.java:setRaftConf(354)) - 66ab88db-d69f-4f96-9860-b898e5399db4@group-C467C04FCD85: set configuration 0: [f3cc68b9-8250-46bd-9f8b-0b9d65688440:192.168.36.84:35502, c1e0fc5a-7ae4-45d0-a105-709cc60ce072:192.168.36.84:33769, 66ab88db-d69f-4f96-9860-b898e5399db4:192.168.36.84:42907], old=null at 0
2019-09-24 21:20:16,828 [f3cc68b9-8250-46bd-9f8b-0b9d65688440@group-307796CD6AEA:LeaderElection80] INFO  impl.RaftServerImpl (ServerState.java:setRaftConf(354)) - f3cc68b9-8250-46bd-9f8b-0b9d65688440@group-307796CD6AEA: set configuration 0: [f3cc68b9-8250-46bd-9f8b-0b9d65688440:192.168.36.84:35502, c1e0fc5a-7ae4-45d0-a105-709cc60ce072:192.168.36.84:33769, 66ab88db-d69f-4f96-9860-b898e5399db4:192.168.36.84:42907], old=null at 0
2019-09-24 21:20:16,829 [f3cc68b9-8250-46bd-9f8b-0b9d65688440@group-E596A2B7CC13:LeaderElection74] INFO  impl.RaftServerImpl (ServerState.java:setRaftConf(354)) - f3cc68b9-8250-46bd-9f8b-0b9d65688440@group-E596A2B7CC13: set configuration 0: [f3cc68b9-8250-46bd-9f8b-0b9d65688440:192.168.36.84:35502, c1e0fc5a-7ae4-45d0-a105-709cc60ce072:192.168.36.84:33769, 66ab88db-d69f-4f96-9860-b898e5399db4:192.168.36.84:42907], old=null at 0
2019-09-24 21:20:16,881 [66ab88db-d69f-4f96-9860-b898e5399db4@group-A26FF7157983-SegmentedRaftLogWorker] INFO  segmented.SegmentedRaftLogWorker (SegmentedRaftLogWorker.java:execute(569)) - 66ab88db-d69f-4f96-9860-b898e5399db4@group-A26FF7157983-SegmentedRaftLogWorker: created new log segment /workdir/hadoop-ozone/ozonefs/target/test-dir/MiniOzoneClusterImpl-35f2434d-e88f-4dc0-aaff-2450d0368017/datanode-2/data/ratis/cbf78e3b-8dee-455c-829b-a26ff7157983/current/log_inprogress_0
2019-09-24 21:20:16,881 [f3cc68b9-8250-46bd-9f8b-0b9d65688440@group-307796CD6AEA-SegmentedRaftLogWorker] INFO  segmented.SegmentedRaftLogWorker (SegmentedRaftLogWorker.java:execute(569)) - f3cc68b9-8250-46bd-9f8b-0b9d65688440@group-307796CD6AEA-SegmentedRaftLogWorker: created new log segment /workdir/hadoop-ozone/ozonefs/target/test-dir/MiniOzoneClusterImpl-35f2434d-e88f-4dc0-aaff-2450d0368017/datanode-1/data/ratis/54e358a2-72fc-400d-9c22-307796cd6aea/current/log_inprogress_0
2019-09-24 21:20:16,881 [f3cc68b9-8250-46bd-9f8b-0b9d65688440@group-E596A2B7CC13-SegmentedRaftLogWorker] INFO  segmented.SegmentedRaftLogWorker (SegmentedRaftLogWorker.java:execute(569)) - f3cc68b9-8250-46bd-9f8b-0b9d65688440@group-E596A2B7CC13-SegmentedRaftLogWorker: created new log segment /workdir/hadoop-ozone/ozonefs/target/test-dir/MiniOzoneClusterImpl-35f2434d-e88f-4dc0-aaff-2450d0368017/datanode-1/data/ratis/c771ee58-0b4b-474e-bc62-e596a2b7cc13/current/log_inprogress_0
2019-09-24 21:20:16,881 [c1e0fc5a-7ae4-45d0-a105-709cc60ce072@group-A58B6DB2432C-SegmentedRaftLogWorker] INFO  segmented.SegmentedRaftLogWorker (SegmentedRaftLogWorker.java:execute(569)) - c1e0fc5a-7ae4-45d0-a105-709cc60ce072@group-A58B6DB2432C-SegmentedRaftLogWorker: created new log segment /workdir/hadoop-ozone/ozonefs/target/test-dir/MiniOzoneClusterImpl-35f2434d-e88f-4dc0-aaff-2450d0368017/datanode-3/data/ratis/69e7b679-2caf-4461-aac4-a58b6db2432c/current/log_inprogress_0
2019-09-24 21:20:16,881 [66ab88db-d69f-4f96-9860-b898e5399db4@group-C467C04FCD85-SegmentedRaftLogWorker] INFO  segmented.SegmentedRaftLogWorker (SegmentedRaftLogWorker.java:execute(569)) - 66ab88db-d69f-4f96-9860-b898e5399db4@group-C467C04FCD85-SegmentedRaftLogWorker: created new log segment /workdir/hadoop-ozone/ozonefs/target/test-dir/MiniOzoneClusterImpl-35f2434d-e88f-4dc0-aaff-2450d0368017/datanode-2/data/ratis/e29b6001-cdae-4683-9868-c467c04fcd85/current/log_inprogress_0
2019-09-24 21:20:16,904 [grpc-default-executor-9] INFO  impl.RaftServerImpl (ServerState.java:setLeader(253)) - 66ab88db-d69f-4f96-9860-b898e5399db4@group-A58B6DB2432C: change Leader from null to c1e0fc5a-7ae4-45d0-a105-709cc60ce072 at term 4 for appendEntries, leader elected after 26739ms
2019-09-24 21:20:16,905 [grpc-default-executor-7] INFO  impl.RaftServerImpl (ServerState.java:setLeader(253)) - 66ab88db-d69f-4f96-9860-b898e5399db4@group-E596A2B7CC13: change Leader from null to f3cc68b9-8250-46bd-9f8b-0b9d65688440 at term 6 for appendEntries, leader elected after 43200ms
2019-09-24 21:20:16,904 [grpc-default-executor-3] INFO  impl.RaftServerImpl (ServerState.java:setLeader(253)) - c1e0fc5a-7ae4-45d0-a105-709cc60ce072@group-C467C04FCD85: change Leader from null to 66ab88db-d69f-4f96-9860-b898e5399db4 at term 4 for appendEntries, leader elected after 34519ms
2019-09-24 21:20:16,904 [grpc-default-executor-1] INFO  impl.RaftServerImpl (ServerState.java:setLeader(253)) - f3cc68b9-8250-46bd-9f8b-0b9d65688440@group-C467C04FCD85: change Leader from null to 66ab88db-d69f-4f96-9860-b898e5399db4 at term 4 for appendEntries, leader elected after 29312ms
2019-09-24 21:20:16,904 [grpc-default-executor-4] INFO  impl.RaftServerImpl (ServerState.java:setLeader(253)) - f3cc68b9-8250-46bd-9f8b-0b9d65688440@group-A58B6DB2432C: change Leader from null to c1e0fc5a-7ae4-45d0-a105-709cc60ce072 at term 4 for appendEntries, leader elected after 26455ms
2019-09-24 21:20:16,904 [grpc-default-executor-0] INFO  impl.RaftServerImpl (ServerState.java:setLeader(253)) - c1e0fc5a-7ae4-45d0-a105-709cc60ce072@group-307796CD6AEA: change Leader from null to f3cc68b9-8250-46bd-9f8b-0b9d65688440 at term 4 for appendEntries, leader elected after 29113ms
2019-09-24 21:20:16,904 [grpc-default-executor-5] INFO  impl.RaftServerImpl (ServerState.java:setLeader(253)) - f3cc68b9-8250-46bd-9f8b-0b9d65688440@group-A26FF7157983: change Leader from null to 66ab88db-d69f-4f96-9860-b898e5399db4 at term 4 for appendEntries, leader elected after 27114ms
2019-09-24 21:20:16,905 [grpc-default-executor-6] INFO  impl.RaftServerImpl (ServerState.java:setLeader(253)) - c1e0fc5a-7ae4-45d0-a105-709cc60ce072@group-A26FF7157983: change Leader from null to 66ab88db-d69f-4f96-9860-b898e5399db4 at term 4 for appendEntries, leader elected after 27624ms
2019-09-24 21:20:16,905 [grpc-default-executor-8] INFO  impl.RaftServerImpl (ServerState.java:setLeader(253)) - 66ab88db-d69f-4f96-9860-b898e5399db4@group-307796CD6AEA: change Leader from null to f3cc68b9-8250-46bd-9f8b-0b9d65688440 at term 4 for appendEntries, leader elected after 29113ms
2019-09-24 21:20:16,905 [grpc-default-executor-2] INFO  impl.RaftServerImpl (ServerState.java:setLeader(253)) - c1e0fc5a-7ae4-45d0-a105-709cc60ce072@group-E596A2B7CC13: change Leader from null to f3cc68b9-8250-46bd-9f8b-0b9d65688440 at term 6 for appendEntries, leader elected after 43199ms
2019-09-24 21:20:16,943 [grpc-default-executor-1] INFO  impl.RaftServerImpl (ServerState.java:setRaftConf(354)) - f3cc68b9-8250-46bd-9f8b-0b9d65688440@group-C467C04FCD85: set configuration 0: [f3cc68b9-8250-46bd-9f8b-0b9d65688440:192.168.36.84:35502, c1e0fc5a-7ae4-45d0-a105-709cc60ce072:192.168.36.84:33769, 66ab88db-d69f-4f96-9860-b898e5399db4:192.168.36.84:42907], old=null at 0
2019-09-24 21:20:16,943 [grpc-default-executor-8] INFO  impl.RaftServerImpl (ServerState.java:setRaftConf(354)) - 66ab88db-d69f-4f96-9860-b898e5399db4@group-E596A2B7CC13: set configuration 0: [f3cc68b9-8250-46bd-9f8b-0b9d65688440:192.168.36.84:35502, c1e0fc5a-7ae4-45d0-a105-709cc60ce072:192.168.36.84:33769, 66ab88db-d69f-4f96-9860-b898e5399db4:192.168.36.84:42907], old=null at 0
2019-09-24 21:20:16,944 [grpc-default-executor-1] INFO  segmented.SegmentedRaftLogWorker (SegmentedRaftLogWorker.java:startLogSegment(380)) - f3cc68b9-8250-46bd-9f8b-0b9d65688440@group-C467C04FCD85-SegmentedRaftLogWorker: Starting segment from index:0
2019-09-24 21:20:16,943 [grpc-default-executor-6] INFO  impl.RaftServerImpl (ServerState.java:setRaftConf(354)) - c1e0fc5a-7ae4-45d0-a105-709cc60ce072@group-C467C04FCD85: set configuration 0: [f3cc68b9-8250-46bd-9f8b-0b9d65688440:192.168.36.84:35502, c1e0fc5a-7ae4-45d0-a105-709cc60ce072:192.168.36.84:33769, 66ab88db-d69f-4f96-9860-b898e5399db4:192.168.36.84:42907], old=null at 0
2019-09-24 21:20:16,943 [grpc-default-executor-5] INFO  impl.RaftServerImpl (ServerState.java:setRaftConf(354)) - c1e0fc5a-7ae4-45d0-a105-709cc60ce072@group-A26FF7157983: set configuration 0: [f3cc68b9-8250-46bd-9f8b-0b9d65688440:192.168.36.84:35502, c1e0fc5a-7ae4-45d0-a105-709cc60ce072:192.168.36.84:33769, 66ab88db-d69f-4f96-9860-b898e5399db4:192.168.36.84:42907], old=null at 0
2019-09-24 21:20:16,943 [grpc-default-executor-0] INFO  impl.RaftServerImpl (ServerState.java:setRaftConf(354)) - f3cc68b9-8250-46bd-9f8b-0b9d65688440@group-A58B6DB2432C: set configuration 0: [f3cc68b9-8250-46bd-9f8b-0b9d65688440:192.168.36.84:35502, c1e0fc5a-7ae4-45d0-a105-709cc60ce072:192.168.36.84:33769, 66ab88db-d69f-4f96-9860-b898e5399db4:192.168.36.84:42907], old=null at 0
2019-09-24 21:20:16,943 [grpc-default-executor-7] INFO  impl.RaftServerImpl (ServerState.java:setRaftConf(354)) - 66ab88db-d69f-4f96-9860-b898e5399db4@group-A58B6DB2432C: set configuration 0: [f3cc68b9-8250-46bd-9f8b-0b9d65688440:192.168.36.84:35502, c1e0fc5a-7ae4-45d0-a105-709cc60ce072:192.168.36.84:33769, 66ab88db-d69f-4f96-9860-b898e5399db4:192.168.36.84:42907], old=null at 0
2019-09-24 21:20:16,943 [grpc-default-executor-3] INFO  impl.RaftServerImpl (ServerState.java:setRaftConf(354)) - c1e0fc5a-7ae4-45d0-a105-709cc60ce072@group-307796CD6AEA: set configuration 0: [f3cc68b9-8250-46bd-9f8b-0b9d65688440:192.168.36.84:35502, c1e0fc5a-7ae4-45d0-a105-709cc60ce072:192.168.36.84:33769, 66ab88db-d69f-4f96-9860-b898e5399db4:192.168.36.84:42907], old=null at 0
2019-09-24 21:20:16,943 [grpc-default-executor-2] INFO  impl.RaftServerImpl (ServerState.java:setRaftConf(354)) - f3cc68b9-8250-46bd-9f8b-0b9d65688440@group-A26FF7157983: set configuration 0: [f3cc68b9-8250-46bd-9f8b-0b9d65688440:192.168.36.84:35502, c1e0fc5a-7ae4-45d0-a105-709cc60ce072:192.168.36.84:33769, 66ab88db-d69f-4f96-9860-b898e5399db4:192.168.36.84:42907], old=null at 0
2019-09-24 21:20:16,943 [grpc-default-executor-4] INFO  impl.RaftServerImpl (ServerState.java:setRaftConf(354)) - 66ab88db-d69f-4f96-9860-b898e5399db4@group-307796CD6AEA: set configuration 0: [f3cc68b9-8250-46bd-9f8b-0b9d65688440:192.168.36.84:35502, c1e0fc5a-7ae4-45d0-a105-709cc60ce072:192.168.36.84:33769, 66ab88db-d69f-4f96-9860-b898e5399db4:192.168.36.84:42907], old=null at 0
2019-09-24 21:20:16,943 [grpc-default-executor-9] INFO  impl.RaftServerImpl (ServerState.java:setRaftConf(354)) - c1e0fc5a-7ae4-45d0-a105-709cc60ce072@group-E596A2B7CC13: set configuration 0: [f3cc68b9-8250-46bd-9f8b-0b9d65688440:192.168.36.84:35502, c1e0fc5a-7ae4-45d0-a105-709cc60ce072:192.168.36.84:33769, 66ab88db-d69f-4f96-9860-b898e5399db4:192.168.36.84:42907], old=null at 0
2019-09-24 21:20:16,945 [grpc-default-executor-4] INFO  segmented.SegmentedRaftLogWorker (SegmentedRaftLogWorker.java:startLogSegment(380)) - 66ab88db-d69f-4f96-9860-b898e5399db4@group-307796CD6AEA-SegmentedRaftLogWorker: Starting segment from index:0
2019-09-24 21:20:16,945 [grpc-default-executor-2] INFO  segmented.SegmentedRaftLogWorker (SegmentedRaftLogWorker.java:startLogSegment(380)) - f3cc68b9-8250-46bd-9f8b-0b9d65688440@group-A26FF7157983-SegmentedRaftLogWorker: Starting segment from index:0
2019-09-24 21:20:16,945 [grpc-default-executor-3] INFO  segmented.SegmentedRaftLogWorker (SegmentedRaftLogWorker.java:startLogSegment(380)) - c1e0fc5a-7ae4-45d0-a105-709cc60ce072@group-307796CD6AEA-SegmentedRaftLogWorker: Starting segment from index:0
2019-09-24 21:20:16,945 [grpc-default-executor-7] INFO  segmented.SegmentedRaftLogWorker (SegmentedRaftLogWorker.java:startLogSegment(380)) - 66ab88db-d69f-4f96-9860-b898e5399db4@group-A58B6DB2432C-SegmentedRaftLogWorker: Starting segment from index:0
2019-09-24 21:20:16,944 [grpc-default-executor-0] INFO  segmented.SegmentedRaftLogWorker (SegmentedRaftLogWorker.java:startLogSegment(380)) - f3cc68b9-8250-46bd-9f8b-0b9d65688440@group-A58B6DB2432C-SegmentedRaftLogWorker: Starting segment from index:0
2019-09-24 21:20:16,944 [grpc-default-executor-5] INFO  segmented.SegmentedRaftLogWorker (SegmentedRaftLogWorker.java:startLogSegment(380)) - c1e0fc5a-7ae4-45d0-a105-709cc60ce072@group-A26FF7157983-SegmentedRaftLogWorker: Starting segment from index:0
2019-09-24 21:20:16,944 [grpc-default-executor-6] INFO  segmented.SegmentedRaftLogWorker (SegmentedRaftLogWorker.java:startLogSegment(380)) - c1e0fc5a-7ae4-45d0-a105-709cc60ce072@group-C467C04FCD85-SegmentedRaftLogWorker: Starting segment from index:0
2019-09-24 21:20:16,944 [grpc-default-executor-8] INFO  segmented.SegmentedRaftLogWorker (SegmentedRaftLogWorker.java:startLogSegment(380)) - 66ab88db-d69f-4f96-9860-b898e5399db4@group-E596A2B7CC13-SegmentedRaftLogWorker: Starting segment from index:0
2019-09-24 21:20:16,946 [grpc-default-executor-9] INFO  segmented.SegmentedRaftLogWorker (SegmentedRaftLogWorker.java:startLogSegment(380)) - c1e0fc5a-7ae4-45d0-a105-709cc60ce072@group-E596A2B7CC13-SegmentedRaftLogWorker: Starting segment from index:0
2019-09-24 21:20:17,004 [c1e0fc5a-7ae4-45d0-a105-709cc60ce072@group-C467C04FCD85-SegmentedRaftLogWorker] INFO  segmented.SegmentedRaftLogWorker (SegmentedRaftLogWorker.java:execute(569)) - c1e0fc5a-7ae4-45d0-a105-709cc60ce072@group-C467C04FCD85-SegmentedRaftLogWorker: created new log segment /workdir/hadoop-ozone/ozonefs/target/test-dir/MiniOzoneClusterImpl-35f2434d-e88f-4dc0-aaff-2450d0368017/datanode-3/data/ratis/e29b6001-cdae-4683-9868-c467c04fcd85/current/log_inprogress_0
2019-09-24 21:20:17,004 [66ab88db-d69f-4f96-9860-b898e5399db4@group-E596A2B7CC13-SegmentedRaftLogWorker] INFO  segmented.SegmentedRaftLogWorker (SegmentedRaftLogWorker.java:execute(569)) - 66ab88db-d69f-4f96-9860-b898e5399db4@group-E596A2B7CC13-SegmentedRaftLogWorker: created new log segment /workdir/hadoop-ozone/ozonefs/target/test-dir/MiniOzoneClusterImpl-35f2434d-e88f-4dc0-aaff-2450d0368017/datanode-2/data/ratis/c771ee58-0b4b-474e-bc62-e596a2b7cc13/current/log_inprogress_0
2019-09-24 21:20:17,004 [66ab88db-d69f-4f96-9860-b898e5399db4@group-A58B6DB2432C-SegmentedRaftLogWorker] INFO  segmented.SegmentedRaftLogWorker (SegmentedRaftLogWorker.java:execute(569)) - 66ab88db-d69f-4f96-9860-b898e5399db4@group-A58B6DB2432C-SegmentedRaftLogWorker: created new log segment /workdir/hadoop-ozone/ozonefs/target/test-dir/MiniOzoneClusterImpl-35f2434d-e88f-4dc0-aaff-2450d0368017/datanode-2/data/ratis/69e7b679-2caf-4461-aac4-a58b6db2432c/current/log_inprogress_0
2019-09-24 21:20:17,004 [f3cc68b9-8250-46bd-9f8b-0b9d65688440@group-A26FF7157983-SegmentedRaftLogWorker] INFO  segmented.SegmentedRaftLogWorker (SegmentedRaftLogWorker.java:execute(569)) - f3cc68b9-8250-46bd-9f8b-0b9d65688440@group-A26FF7157983-SegmentedRaftLogWorker: created new log segment /workdir/hadoop-ozone/ozonefs/target/test-dir/MiniOzoneClusterImpl-35f2434d-e88f-4dc0-aaff-2450d0368017/datanode-1/data/ratis/cbf78e3b-8dee-455c-829b-a26ff7157983/current/log_inprogress_0
2019-09-24 21:20:17,021 [f3cc68b9-8250-46bd-9f8b-0b9d65688440@group-C467C04FCD85-SegmentedRaftLogWorker] INFO  segmented.SegmentedRaftLogWorker (SegmentedRaftLogWorker.java:execute(569)) - f3cc68b9-8250-46bd-9f8b-0b9d65688440@group-C467C04FCD85-SegmentedRaftLogWorker: created new log segment /workdir/hadoop-ozone/ozonefs/target/test-dir/MiniOzoneClusterImpl-35f2434d-e88f-4dc0-aaff-2450d0368017/datanode-1/data/ratis/e29b6001-cdae-4683-9868-c467c04fcd85/current/log_inprogress_0
2019-09-24 21:20:17,021 [c1e0fc5a-7ae4-45d0-a105-709cc60ce072@group-E596A2B7CC13-SegmentedRaftLogWorker] INFO  segmented.SegmentedRaftLogWorker (SegmentedRaftLogWorker.java:execute(569)) - c1e0fc5a-7ae4-45d0-a105-709cc60ce072@group-E596A2B7CC13-SegmentedRaftLogWorker: created new log segment /workdir/hadoop-ozone/ozonefs/target/test-dir/MiniOzoneClusterImpl-35f2434d-e88f-4dc0-aaff-2450d0368017/datanode-3/data/ratis/c771ee58-0b4b-474e-bc62-e596a2b7cc13/current/log_inprogress_0
2019-09-24 21:20:17,021 [66ab88db-d69f-4f96-9860-b898e5399db4@group-307796CD6AEA-SegmentedRaftLogWorker] INFO  segmented.SegmentedRaftLogWorker (SegmentedRaftLogWorker.java:execute(569)) - 66ab88db-d69f-4f96-9860-b898e5399db4@group-307796CD6AEA-SegmentedRaftLogWorker: created new log segment /workdir/hadoop-ozone/ozonefs/target/test-dir/MiniOzoneClusterImpl-35f2434d-e88f-4dc0-aaff-2450d0368017/datanode-2/data/ratis/54e358a2-72fc-400d-9c22-307796cd6aea/current/log_inprogress_0
2019-09-24 21:20:17,021 [f3cc68b9-8250-46bd-9f8b-0b9d65688440@group-A58B6DB2432C-SegmentedRaftLogWorker] INFO  segmented.SegmentedRaftLogWorker (SegmentedRaftLogWorker.java:execute(569)) - f3cc68b9-8250-46bd-9f8b-0b9d65688440@group-A58B6DB2432C-SegmentedRaftLogWorker: created new log segment /workdir/hadoop-ozone/ozonefs/target/test-dir/MiniOzoneClusterImpl-35f2434d-e88f-4dc0-aaff-2450d0368017/datanode-1/data/ratis/69e7b679-2caf-4461-aac4-a58b6db2432c/current/log_inprogress_0
2019-09-24 21:20:17,021 [c1e0fc5a-7ae4-45d0-a105-709cc60ce072@group-307796CD6AEA-SegmentedRaftLogWorker] INFO  segmented.SegmentedRaftLogWorker (SegmentedRaftLogWorker.java:execute(569)) - c1e0fc5a-7ae4-45d0-a105-709cc60ce072@group-307796CD6AEA-SegmentedRaftLogWorker: created new log segment /workdir/hadoop-ozone/ozonefs/target/test-dir/MiniOzoneClusterImpl-35f2434d-e88f-4dc0-aaff-2450d0368017/datanode-3/data/ratis/54e358a2-72fc-400d-9c22-307796cd6aea/current/log_inprogress_0
2019-09-24 21:20:17,021 [c1e0fc5a-7ae4-45d0-a105-709cc60ce072@group-A26FF7157983-SegmentedRaftLogWorker] INFO  segmented.SegmentedRaftLogWorker (SegmentedRaftLogWorker.java:execute(569)) - c1e0fc5a-7ae4-45d0-a105-709cc60ce072@group-A26FF7157983-SegmentedRaftLogWorker: created new log segment /workdir/hadoop-ozone/ozonefs/target/test-dir/MiniOzoneClusterImpl-35f2434d-e88f-4dc0-aaff-2450d0368017/datanode-3/data/ratis/cbf78e3b-8dee-455c-829b-a26ff7157983/current/log_inprogress_0
2019-09-24 21:20:19,713 [grpc-default-executor-9] INFO  impl.RaftServerProxy (RaftServerProxy.java:remove(95)) - c1e0fc5a-7ae4-45d0-a105-709cc60ce072: remove    LEADER c1e0fc5a-7ae4-45d0-a105-709cc60ce072@group-A58B6DB2432C:t4, leader=c1e0fc5a-7ae4-45d0-a105-709cc60ce072, voted=c1e0fc5a-7ae4-45d0-a105-709cc60ce072, raftlog=c1e0fc5a-7ae4-45d0-a105-709cc60ce072@group-A58B6DB2432C-SegmentedRaftLog:OPENED:c0,f0,i0, conf=0: [f3cc68b9-8250-46bd-9f8b-0b9d65688440:192.168.36.84:35502, c1e0fc5a-7ae4-45d0-a105-709cc60ce072:192.168.36.84:33769, 66ab88db-d69f-4f96-9860-b898e5399db4:192.168.36.84:42907], old=null RUNNING
2019-09-24 21:20:19,715 [grpc-default-executor-9] INFO  impl.RaftServerImpl (RaftServerImpl.java:lambda$shutdown$3(251)) - c1e0fc5a-7ae4-45d0-a105-709cc60ce072@group-A58B6DB2432C: shutdown
2019-09-24 21:20:19,716 [grpc-default-executor-9] INFO  util.JmxRegister (JmxRegister.java:unregister(73)) - Successfully un-registered JMX Bean with object name Ratis:service=RaftServer,group=group-A58B6DB2432C,id=c1e0fc5a-7ae4-45d0-a105-709cc60ce072
2019-09-24 21:20:19,716 [grpc-default-executor-9] INFO  impl.RoleInfo (RoleInfo.java:shutdownLeaderState(104)) - c1e0fc5a-7ae4-45d0-a105-709cc60ce072: shutdown LeaderState
2019-09-24 21:20:19,722 [grpc-default-executor-9] INFO  impl.PendingRequests (PendingRequests.java:sendNotLeaderResponses(202)) - c1e0fc5a-7ae4-45d0-a105-709cc60ce072-PendingRequests: sendNotLeaderResponses
2019-09-24 21:20:19,722 [org.apache.ratis.server.impl.LogAppender$AppenderDaemon$$Lambda$641/1927444256@763ae867] WARN  server.GrpcLogAppender (GrpcLogAppender.java:mayWait(143)) - c1e0fc5a-7ae4-45d0-a105-709cc60ce072@group-A58B6DB2432C->f3cc68b9-8250-46bd-9f8b-0b9d65688440-GrpcLogAppender: Wait interrupted by java.lang.InterruptedException
2019-09-24 21:20:19,722 [org.apache.ratis.server.impl.LogAppender$AppenderDaemon$$Lambda$641/1927444256@6d9b227] WARN  server.GrpcLogAppender (GrpcLogAppender.java:mayWait(143)) - c1e0fc5a-7ae4-45d0-a105-709cc60ce072@group-A58B6DB2432C->66ab88db-d69f-4f96-9860-b898e5399db4-GrpcLogAppender: Wait interrupted by java.lang.InterruptedException
2019-09-24 21:20:19,724 [grpc-default-executor-9] INFO  impl.StateMachineUpdater (StateMachineUpdater.java:stopAndJoin(125)) - c1e0fc5a-7ae4-45d0-a105-709cc60ce072@group-A58B6DB2432C-StateMachineUpdater: set stopIndex = 0
2019-09-24 21:20:19,724 [grpc-default-executor-9] INFO  impl.RaftServerImpl (ServerState.java:close(385)) - c1e0fc5a-7ae4-45d0-a105-709cc60ce072@group-A58B6DB2432C: closes. applyIndex: 0
2019-09-24 21:20:19,724 [grpc-default-executor-4] INFO  server.GrpcServerProtocolService (GrpcServerProtocolService.java:onCompleted(113)) - 66ab88db-d69f-4f96-9860-b898e5399db4: Completed APPEND_ENTRIES, lastRequest: c1e0fc5a-7ae4-45d0-a105-709cc60ce072->66ab88db-d69f-4f96-9860-b898e5399db4#2-t4, previous=(t:4, i:0), leaderCommit=0, initializing? false, entries: <empty>
2019-09-24 21:20:19,724 [grpc-default-executor-6] INFO  server.GrpcServerProtocolService (GrpcServerProtocolService.java:onCompleted(113)) - f3cc68b9-8250-46bd-9f8b-0b9d65688440: Completed APPEND_ENTRIES, lastRequest: c1e0fc5a-7ae4-45d0-a105-709cc60ce072->f3cc68b9-8250-46bd-9f8b-0b9d65688440#2-t4, previous=(t:4, i:0), leaderCommit=0, initializing? false, entries: <empty>
2019-09-24 21:20:19,725 [grpc-default-executor-4] INFO  server.GrpcLogAppender (GrpcLogAppender.java:onCompleted(293)) - c1e0fc5a-7ae4-45d0-a105-709cc60ce072@group-A58B6DB2432C->f3cc68b9-8250-46bd-9f8b-0b9d65688440-AppendLogResponseHandler: follower responses appendEntries COMPLETED
2019-09-24 21:20:19,726 [grpc-default-executor-6] INFO  server.GrpcLogAppender (GrpcLogAppender.java:onCompleted(293)) - c1e0fc5a-7ae4-45d0-a105-709cc60ce072@group-A58B6DB2432C->66ab88db-d69f-4f96-9860-b898e5399db4-AppendLogResponseHandler: follower responses appendEntries COMPLETED
2019-09-24 21:20:19,726 [c1e0fc5a-7ae4-45d0-a105-709cc60ce072@group-A58B6DB2432C-SegmentedRaftLogWorker] INFO  segmented.SegmentedRaftLogWorker (SegmentedRaftLogWorker.java:run(313)) - c1e0fc5a-7ae4-45d0-a105-709cc60ce072@group-A58B6DB2432C-SegmentedRaftLogWorker was interrupted, exiting. There are 0 tasks remaining in the queue.
2019-09-24 21:20:19,726 [grpc-default-executor-4] INFO  impl.FollowerInfo (FollowerInfo.java:lambda$new$0(51)) - c1e0fc5a-7ae4-45d0-a105-709cc60ce072@group-A58B6DB2432C->f3cc68b9-8250-46bd-9f8b-0b9d65688440: nextIndex: updateUnconditionally 1 -> 0
2019-09-24 21:20:19,729 [grpc-default-executor-9] INFO  segmented.SegmentedRaftLogWorker (SegmentedRaftLogWorker.java:close(228)) - c1e0fc5a-7ae4-45d0-a105-709cc60ce072@group-A58B6DB2432C-SegmentedRaftLogWorker close()
2019-09-24 21:20:19,729 [grpc-default-executor-6] INFO  impl.FollowerInfo (FollowerInfo.java:lambda$new$0(51)) - c1e0fc5a-7ae4-45d0-a105-709cc60ce072@group-A58B6DB2432C->66ab88db-d69f-4f96-9860-b898e5399db4: nextIndex: updateUnconditionally 1 -> 0
2019-09-24 21:20:19,744 [grpc-default-executor-9] INFO  impl.RaftServerProxy (RaftServerProxy.java:remove(95)) - c1e0fc5a-7ae4-45d0-a105-709cc60ce072: remove  FOLLOWER c1e0fc5a-7ae4-45d0-a105-709cc60ce072@group-C467C04FCD85:t4, leader=66ab88db-d69f-4f96-9860-b898e5399db4, voted=66ab88db-d69f-4f96-9860-b898e5399db4, raftlog=c1e0fc5a-7ae4-45d0-a105-709cc60ce072@group-C467C04FCD85-SegmentedRaftLog:OPENED:c0,f0,i0, conf=0: [f3cc68b9-8250-46bd-9f8b-0b9d65688440:192.168.36.84:35502, c1e0fc5a-7ae4-45d0-a105-709cc60ce072:192.168.36.84:33769, 66ab88db-d69f-4f96-9860-b898e5399db4:192.168.36.84:42907], old=null RUNNING
2019-09-24 21:20:19,744 [grpc-default-executor-9] INFO  impl.RaftServerImpl (RaftServerImpl.java:lambda$shutdown$3(251)) - c1e0fc5a-7ae4-45d0-a105-709cc60ce072@group-C467C04FCD85: shutdown
2019-09-24 21:20:19,744 [grpc-default-executor-9] INFO  util.JmxRegister (JmxRegister.java:unregister(73)) - Successfully un-registered JMX Bean with object name Ratis:service=RaftServer,group=group-C467C04FCD85,id=c1e0fc5a-7ae4-45d0-a105-709cc60ce072
2019-09-24 21:20:19,745 [grpc-default-executor-9] INFO  impl.RoleInfo (RoleInfo.java:shutdownFollowerState(121)) - c1e0fc5a-7ae4-45d0-a105-709cc60ce072: shutdown FollowerState
2019-09-24 21:20:19,745 [grpc-default-executor-9] INFO  impl.StateMachineUpdater (StateMachineUpdater.java:stopAndJoin(125)) - c1e0fc5a-7ae4-45d0-a105-709cc60ce072@group-C467C04FCD85-StateMachineUpdater: set stopIndex = 0
2019-09-24 21:20:19,745 [Thread-669] INFO  impl.FollowerState (FollowerState.java:run(115)) - c1e0fc5a-7ae4-45d0-a105-709cc60ce072: FollowerState was interrupted: java.lang.InterruptedException: sleep interrupted
2019-09-24 21:20:19,745 [grpc-default-executor-9] INFO  impl.RaftServerImpl (ServerState.java:close(385)) - c1e0fc5a-7ae4-45d0-a105-709cc60ce072@group-C467C04FCD85: closes. applyIndex: 0
2019-09-24 21:20:19,745 [c1e0fc5a-7ae4-45d0-a105-709cc60ce072@group-C467C04FCD85-SegmentedRaftLogWorker] INFO  segmented.SegmentedRaftLogWorker (SegmentedRaftLogWorker.java:run(313)) - c1e0fc5a-7ae4-45d0-a105-709cc60ce072@group-C467C04FCD85-SegmentedRaftLogWorker was interrupted, exiting. There are 0 tasks remaining in the queue.
2019-09-24 21:20:19,747 [grpc-default-executor-9] INFO  segmented.SegmentedRaftLogWorker (SegmentedRaftLogWorker.java:close(228)) - c1e0fc5a-7ae4-45d0-a105-709cc60ce072@group-C467C04FCD85-SegmentedRaftLogWorker close()
2019-09-24 21:20:19,756 [grpc-default-executor-9] INFO  impl.RaftServerProxy (RaftServerProxy.java:remove(95)) - c1e0fc5a-7ae4-45d0-a105-709cc60ce072: remove  FOLLOWER c1e0fc5a-7ae4-45d0-a105-709cc60ce072@group-307796CD6AEA:t4, leader=f3cc68b9-8250-46bd-9f8b-0b9d65688440, voted=f3cc68b9-8250-46bd-9f8b-0b9d65688440, raftlog=c1e0fc5a-7ae4-45d0-a105-709cc60ce072@group-307796CD6AEA-SegmentedRaftLog:OPENED:c0,f0,i0, conf=0: [f3cc68b9-8250-46bd-9f8b-0b9d65688440:192.168.36.84:35502, c1e0fc5a-7ae4-45d0-a105-709cc60ce072:192.168.36.84:33769, 66ab88db-d69f-4f96-9860-b898e5399db4:192.168.36.84:42907], old=null RUNNING
2019-09-24 21:20:19,757 [grpc-default-executor-9] INFO  impl.RaftServerImpl (RaftServerImpl.java:lambda$shutdown$3(251)) - c1e0fc5a-7ae4-45d0-a105-709cc60ce072@group-307796CD6AEA: shutdown
2019-09-24 21:20:19,757 [grpc-default-executor-9] INFO  util.JmxRegister (JmxRegister.java:unregister(73)) - Successfully un-registered JMX Bean with object name Ratis:service=RaftServer,group=group-307796CD6AEA,id=c1e0fc5a-7ae4-45d0-a105-709cc60ce072
2019-09-24 21:20:19,757 [grpc-default-executor-9] INFO  impl.RoleInfo (RoleInfo.java:shutdownFollowerState(121)) - c1e0fc5a-7ae4-45d0-a105-709cc60ce072: shutdown FollowerState
2019-09-24 21:20:19,757 [grpc-default-executor-9] INFO  impl.StateMachineUpdater (StateMachineUpdater.java:stopAndJoin(125)) - c1e0fc5a-7ae4-45d0-a105-709cc60ce072@group-307796CD6AEA-StateMachineUpdater: set stopIndex = 0
2019-09-24 21:20:19,757 [Thread-668] INFO  impl.FollowerState (FollowerState.java:run(115)) - c1e0fc5a-7ae4-45d0-a105-709cc60ce072: FollowerState was interrupted: java.lang.InterruptedException: sleep interrupted
2019-09-24 21:20:19,758 [grpc-default-executor-9] INFO  impl.RaftServerImpl (ServerState.java:close(385)) - c1e0fc5a-7ae4-45d0-a105-709cc60ce072@group-307796CD6AEA: closes. applyIndex: 0
2019-09-24 21:20:19,758 [c1e0fc5a-7ae4-45d0-a105-709cc60ce072@group-307796CD6AEA-SegmentedRaftLogWorker] INFO  segmented.SegmentedRaftLogWorker (SegmentedRaftLogWorker.java:run(313)) - c1e0fc5a-7ae4-45d0-a105-709cc60ce072@group-307796CD6AEA-SegmentedRaftLogWorker was interrupted, exiting. There are 0 tasks remaining in the queue.
2019-09-24 21:20:19,760 [grpc-default-executor-9] INFO  segmented.SegmentedRaftLogWorker (SegmentedRaftLogWorker.java:close(228)) - c1e0fc5a-7ae4-45d0-a105-709cc60ce072@group-307796CD6AEA-SegmentedRaftLogWorker close()
2019-09-24 21:20:19,770 [grpc-default-executor-9] INFO  impl.RaftServerProxy (RaftServerProxy.java:remove(95)) - c1e0fc5a-7ae4-45d0-a105-709cc60ce072: remove  FOLLOWER c1e0fc5a-7ae4-45d0-a105-709cc60ce072@group-A918B51F1DFD:t4, leader=null, voted=c1e0fc5a-7ae4-45d0-a105-709cc60ce072, raftlog=c1e0fc5a-7ae4-45d0-a105-709cc60ce072@group-A918B51F1DFD-SegmentedRaftLog:OPENED:c-1,f-1,i0, conf=-1: [f3cc68b9-8250-46bd-9f8b-0b9d65688440:192.168.36.84:35502, c1e0fc5a-7ae4-45d0-a105-709cc60ce072:192.168.36.84:33769, 66ab88db-d69f-4f96-9860-b898e5399db4:192.168.36.84:42907], old=null RUNNING
2019-09-24 21:20:19,770 [grpc-default-executor-9] INFO  impl.RaftServerImpl (RaftServerImpl.java:lambda$shutdown$3(251)) - c1e0fc5a-7ae4-45d0-a105-709cc60ce072@group-A918B51F1DFD: shutdown
2019-09-24 21:20:19,770 [grpc-default-executor-9] INFO  util.JmxRegister (JmxRegister.java:unregister(73)) - Successfully un-registered JMX Bean with object name Ratis:service=RaftServer,group=group-A918B51F1DFD,id=c1e0fc5a-7ae4-45d0-a105-709cc60ce072
2019-09-24 21:20:19,770 [grpc-default-executor-9] INFO  impl.RoleInfo (RoleInfo.java:shutdownFollowerState(121)) - c1e0fc5a-7ae4-45d0-a105-709cc60ce072: shutdown FollowerState
2019-09-24 21:20:19,770 [grpc-default-executor-9] INFO  impl.StateMachineUpdater (StateMachineUpdater.java:stopAndJoin(125)) - c1e0fc5a-7ae4-45d0-a105-709cc60ce072@group-A918B51F1DFD-StateMachineUpdater: set stopIndex = -1
2019-09-24 21:20:19,770 [Thread-684] INFO  impl.FollowerState (FollowerState.java:run(115)) - c1e0fc5a-7ae4-45d0-a105-709cc60ce072: FollowerState was interrupted: java.lang.InterruptedException: sleep interrupted
2019-09-24 21:20:19,770 [grpc-default-executor-9] INFO  impl.RaftServerImpl (ServerState.java:close(385)) - c1e0fc5a-7ae4-45d0-a105-709cc60ce072@group-A918B51F1DFD: closes. applyIndex: -1
2019-09-24 21:20:19,771 [c1e0fc5a-7ae4-45d0-a105-709cc60ce072@group-A918B51F1DFD-SegmentedRaftLogWorker] INFO  segmented.SegmentedRaftLogWorker (SegmentedRaftLogWorker.java:run(313)) - c1e0fc5a-7ae4-45d0-a105-709cc60ce072@group-A918B51F1DFD-SegmentedRaftLogWorker was interrupted, exiting. There are 0 tasks remaining in the queue.
2019-09-24 21:20:19,771 [grpc-default-executor-9] INFO  segmented.SegmentedRaftLogWorker (SegmentedRaftLogWorker.java:close(228)) - c1e0fc5a-7ae4-45d0-a105-709cc60ce072@group-A918B51F1DFD-SegmentedRaftLogWorker close()
2019-09-24 21:20:19,780 [grpc-default-executor-9] INFO  impl.RaftServerProxy (RaftServerProxy.java:remove(95)) - c1e0fc5a-7ae4-45d0-a105-709cc60ce072: remove  FOLLOWER c1e0fc5a-7ae4-45d0-a105-709cc60ce072@group-E596A2B7CC13:t6, leader=f3cc68b9-8250-46bd-9f8b-0b9d65688440, voted=c1e0fc5a-7ae4-45d0-a105-709cc60ce072, raftlog=c1e0fc5a-7ae4-45d0-a105-709cc60ce072@group-E596A2B7CC13-SegmentedRaftLog:OPENED:c0,f0,i0, conf=0: [f3cc68b9-8250-46bd-9f8b-0b9d65688440:192.168.36.84:35502, c1e0fc5a-7ae4-45d0-a105-709cc60ce072:192.168.36.84:33769, 66ab88db-d69f-4f96-9860-b898e5399db4:192.168.36.84:42907], old=null RUNNING
2019-09-24 21:20:19,780 [grpc-default-executor-9] INFO  impl.RaftServerImpl (RaftServerImpl.java:lambda$shutdown$3(251)) - c1e0fc5a-7ae4-45d0-a105-709cc60ce072@group-E596A2B7CC13: shutdown
2019-09-24 21:20:19,780 [grpc-default-executor-9] INFO  util.JmxRegister (JmxRegister.java:unregister(73)) - Successfully un-registered JMX Bean with object name Ratis:service=RaftServer,group=group-E596A2B7CC13,id=c1e0fc5a-7ae4-45d0-a105-709cc60ce072
2019-09-24 21:20:19,781 [grpc-default-executor-9] INFO  impl.RoleInfo (RoleInfo.java:shutdownFollowerState(121)) - c1e0fc5a-7ae4-45d0-a105-709cc60ce072: shutdown FollowerState
2019-09-24 21:20:19,781 [grpc-default-executor-9] INFO  impl.StateMachineUpdater (StateMachineUpdater.java:stopAndJoin(125)) - c1e0fc5a-7ae4-45d0-a105-709cc60ce072@group-E596A2B7CC13-StateMachineUpdater: set stopIndex = 0
2019-09-24 21:20:19,781 [Thread-680] INFO  impl.FollowerState (FollowerState.java:run(115)) - c1e0fc5a-7ae4-45d0-a105-709cc60ce072: FollowerState was interrupted: java.lang.InterruptedException: sleep interrupted
2019-09-24 21:20:19,781 [grpc-default-executor-9] INFO  impl.RaftServerImpl (ServerState.java:close(385)) - c1e0fc5a-7ae4-45d0-a105-709cc60ce072@group-E596A2B7CC13: closes. applyIndex: 0
2019-09-24 21:20:19,781 [c1e0fc5a-7ae4-45d0-a105-709cc60ce072@group-E596A2B7CC13-SegmentedRaftLogWorker] INFO  segmented.SegmentedRaftLogWorker (SegmentedRaftLogWorker.java:run(313)) - c1e0fc5a-7ae4-45d0-a105-709cc60ce072@group-E596A2B7CC13-SegmentedRaftLogWorker was interrupted, exiting. There are 0 tasks remaining in the queue.
2019-09-24 21:20:19,783 [grpc-default-executor-9] INFO  segmented.SegmentedRaftLogWorker (SegmentedRaftLogWorker.java:close(228)) - c1e0fc5a-7ae4-45d0-a105-709cc60ce072@group-E596A2B7CC13-SegmentedRaftLogWorker close()
2019-09-24 21:20:19,792 [grpc-default-executor-9] INFO  impl.RaftServerProxy (RaftServerProxy.java:remove(95)) - c1e0fc5a-7ae4-45d0-a105-709cc60ce072: remove  FOLLOWER c1e0fc5a-7ae4-45d0-a105-709cc60ce072@group-A26FF7157983:t4, leader=66ab88db-d69f-4f96-9860-b898e5399db4, voted=66ab88db-d69f-4f96-9860-b898e5399db4, raftlog=c1e0fc5a-7ae4-45d0-a105-709cc60ce072@group-A26FF7157983-SegmentedRaftLog:OPENED:c0,f0,i0, conf=0: [f3cc68b9-8250-46bd-9f8b-0b9d65688440:192.168.36.84:35502, c1e0fc5a-7ae4-45d0-a105-709cc60ce072:192.168.36.84:33769, 66ab88db-d69f-4f96-9860-b898e5399db4:192.168.36.84:42907], old=null RUNNING
2019-09-24 21:20:19,792 [grpc-default-executor-9] INFO  impl.RaftServerImpl (RaftServerImpl.java:lambda$shutdown$3(251)) - c1e0fc5a-7ae4-45d0-a105-709cc60ce072@group-A26FF7157983: shutdown
2019-09-24 21:20:19,792 [grpc-default-executor-9] INFO  util.JmxRegister (JmxRegister.java:unregister(73)) - Successfully un-registered JMX Bean with object name Ratis:service=RaftServer,group=group-A26FF7157983,id=c1e0fc5a-7ae4-45d0-a105-709cc60ce072
2019-09-24 21:20:19,793 [grpc-default-executor-9] INFO  impl.RoleInfo (RoleInfo.java:shutdownFollowerState(121)) - c1e0fc5a-7ae4-45d0-a105-709cc60ce072: shutdown FollowerState
2019-09-24 21:20:19,793 [grpc-default-executor-9] INFO  impl.StateMachineUpdater (StateMachineUpdater.java:stopAndJoin(125)) - c1e0fc5a-7ae4-45d0-a105-709cc60ce072@group-A26FF7157983-StateMachineUpdater: set stopIndex = 0
2019-09-24 21:20:19,793 [Thread-647] INFO  impl.FollowerState (FollowerState.java:run(115)) - c1e0fc5a-7ae4-45d0-a105-709cc60ce072: FollowerState was interrupted: java.lang.InterruptedException: sleep interrupted
2019-09-24 21:20:19,793 [grpc-default-executor-9] INFO  impl.RaftServerImpl (ServerState.java:close(385)) - c1e0fc5a-7ae4-45d0-a105-709cc60ce072@group-A26FF7157983: closes. applyIndex: 0
2019-09-24 21:20:19,793 [c1e0fc5a-7ae4-45d0-a105-709cc60ce072@group-A26FF7157983-SegmentedRaftLogWorker] INFO  segmented.SegmentedRaftLogWorker (SegmentedRaftLogWorker.java:run(313)) - c1e0fc5a-7ae4-45d0-a105-709cc60ce072@group-A26FF7157983-SegmentedRaftLogWorker was interrupted, exiting. There are 0 tasks remaining in the queue.
2019-09-24 21:20:19,795 [grpc-default-executor-9] INFO  segmented.SegmentedRaftLogWorker (SegmentedRaftLogWorker.java:close(228)) - c1e0fc5a-7ae4-45d0-a105-709cc60ce072@group-A26FF7157983-SegmentedRaftLogWorker close()
2019-09-24 21:20:21,863 [Thread-683] INFO  impl.FollowerState (FollowerState.java:run(106)) - 66ab88db-d69f-4f96-9860-b898e5399db4:group-A918B51F1DFD changes to CANDIDATE, lastRpcTime:5061, electionTimeout:5060ms
2019-09-24 21:20:21,864 [Thread-683] INFO  impl.RoleInfo (RoleInfo.java:shutdownFollowerState(121)) - 66ab88db-d69f-4f96-9860-b898e5399db4: shutdown FollowerState
2019-09-24 21:20:21,864 [Thread-683] INFO  impl.RaftServerImpl (RaftServerImpl.java:setRole(174)) - 66ab88db-d69f-4f96-9860-b898e5399db4@group-A918B51F1DFD: changes role from  FOLLOWER to CANDIDATE at term 4 for changeToCandidate
2019-09-24 21:20:21,864 [Thread-683] INFO  impl.RoleInfo (RoleInfo.java:updateAndGet(143)) - 66ab88db-d69f-4f96-9860-b898e5399db4: start LeaderElection
2019-09-24 21:20:21,877 [Thread-667] INFO  impl.FollowerState (FollowerState.java:run(106)) - c1e0fc5a-7ae4-45d0-a105-709cc60ce072:group-71677AE0A12A changes to CANDIDATE, lastRpcTime:5096, electionTimeout:5096ms
2019-09-24 21:20:21,877 [Thread-667] INFO  impl.RoleInfo (RoleInfo.java:shutdownFollowerState(121)) - c1e0fc5a-7ae4-45d0-a105-709cc60ce072: shutdown FollowerState
2019-09-24 21:20:21,878 [Thread-667] INFO  impl.RaftServerImpl (RaftServerImpl.java:setRole(174)) - c1e0fc5a-7ae4-45d0-a105-709cc60ce072@group-71677AE0A12A: changes role from  FOLLOWER to CANDIDATE at term 4 for changeToCandidate
2019-09-24 21:20:21,878 [Thread-667] INFO  impl.RoleInfo (RoleInfo.java:updateAndGet(143)) - c1e0fc5a-7ae4-45d0-a105-709cc60ce072: start LeaderElection
2019-09-24 21:20:21,889 [66ab88db-d69f-4f96-9860-b898e5399db4@group-A918B51F1DFD:LeaderElection85] INFO  impl.LeaderElection (LeaderElection.java:askForVotes(182)) - 66ab88db-d69f-4f96-9860-b898e5399db4@group-A918B51F1DFD:LeaderElection85: begin an election at term 5 for -1: [f3cc68b9-8250-46bd-9f8b-0b9d65688440:192.168.36.84:35502, c1e0fc5a-7ae4-45d0-a105-709cc60ce072:192.168.36.84:33769, 66ab88db-d69f-4f96-9860-b898e5399db4:192.168.36.84:42907], old=null
2019-09-24 21:20:21,893 [grpc-default-executor-9] INFO  impl.RaftServerImpl (RaftServerImpl.java:setRole(174)) - f3cc68b9-8250-46bd-9f8b-0b9d65688440@group-A918B51F1DFD: changes role from  FOLLOWER to FOLLOWER at term 5 for recognizeCandidate:66ab88db-d69f-4f96-9860-b898e5399db4
2019-09-24 21:20:21,894 [grpc-default-executor-9] INFO  impl.RoleInfo (RoleInfo.java:shutdownFollowerState(121)) - f3cc68b9-8250-46bd-9f8b-0b9d65688440: shutdown FollowerState
2019-09-24 21:20:21,894 [grpc-default-executor-9] INFO  impl.RoleInfo (RoleInfo.java:updateAndGet(143)) - f3cc68b9-8250-46bd-9f8b-0b9d65688440: start FollowerState
2019-09-24 21:20:21,894 [Thread-686] INFO  impl.FollowerState (FollowerState.java:run(115)) - f3cc68b9-8250-46bd-9f8b-0b9d65688440: FollowerState was interrupted: java.lang.InterruptedException: sleep interrupted
2019-09-24 21:20:21,895 [grpc-default-executor-6] WARN  server.GrpcServerProtocolService (LogUtils.java:warn(136)) - c1e0fc5a-7ae4-45d0-a105-709cc60ce072: Failed requestVote 66ab88db-d69f-4f96-9860-b898e5399db4->c1e0fc5a-7ae4-45d0-a105-709cc60ce072#0
org.apache.ratis.protocol.GroupMismatchException: c1e0fc5a-7ae4-45d0-a105-709cc60ce072: group-A918B51F1DFD not found.
	at org.apache.ratis.server.impl.RaftServerProxy$ImplMap.get(RaftServerProxy.java:122)
	at org.apache.ratis.server.impl.RaftServerProxy.getImplFuture(RaftServerProxy.java:269)
	at org.apache.ratis.server.impl.RaftServerProxy.getImpl(RaftServerProxy.java:278)
	at org.apache.ratis.server.impl.RaftServerProxy.getImpl(RaftServerProxy.java:273)
	at org.apache.ratis.server.impl.RaftServerProxy.requestVote(RaftServerProxy.java:443)
	at org.apache.ratis.grpc.server.GrpcServerProtocolService.requestVote(GrpcServerProtocolService.java:142)
	at org.apache.ratis.proto.grpc.RaftServerProtocolServiceGrpc$MethodHandlers.invoke(RaftServerProtocolServiceGrpc.java:319)
	at org.apache.ratis.thirdparty.io.grpc.stub.ServerCalls$UnaryServerCallHandler$UnaryServerCallListener.onHalfClose(ServerCalls.java:171)
	at org.apache.ratis.thirdparty.io.grpc.internal.ServerCallImpl$ServerStreamListenerImpl.halfClosed(ServerCallImpl.java:283)
	at org.apache.ratis.thirdparty.io.grpc.internal.ServerImpl$JumpToApplicationThreadServerStreamListener$1HalfClosed.runInContext(ServerImpl.java:710)
	at org.apache.ratis.thirdparty.io.grpc.internal.ContextRunnable.run(ContextRunnable.java:37)
	at org.apache.ratis.thirdparty.io.grpc.internal.SerializingExecutor.run(SerializingExecutor.java:123)
	at java.util.concurrent.ThreadPoolExecutor.runWorker(ThreadPoolExecutor.java:1149)
	at java.util.concurrent.ThreadPoolExecutor$Worker.run(ThreadPoolExecutor.java:624)
	at java.lang.Thread.run(Thread.java:748)
2019-09-24 21:20:21,918 [c1e0fc5a-7ae4-45d0-a105-709cc60ce072@group-71677AE0A12A:LeaderElection86] INFO  impl.LeaderElection (LeaderElection.java:askForVotes(182)) - c1e0fc5a-7ae4-45d0-a105-709cc60ce072@group-71677AE0A12A:LeaderElection86: begin an election at term 5 for -1: [f3cc68b9-8250-46bd-9f8b-0b9d65688440:192.168.36.84:35502, c1e0fc5a-7ae4-45d0-a105-709cc60ce072:192.168.36.84:33769, 66ab88db-d69f-4f96-9860-b898e5399db4:192.168.36.84:42907], old=null
2019-09-24 21:20:21,920 [66ab88db-d69f-4f96-9860-b898e5399db4@group-A918B51F1DFD:LeaderElection85] INFO  impl.LeaderElection (LeaderElection.java:logAndReturn(56)) - 66ab88db-d69f-4f96-9860-b898e5399db4@group-A918B51F1DFD:LeaderElection85: Election PASSED; received 1 response(s) [66ab88db-d69f-4f96-9860-b898e5399db4<-f3cc68b9-8250-46bd-9f8b-0b9d65688440#0:OK-t5] and 0 exception(s); 66ab88db-d69f-4f96-9860-b898e5399db4@group-A918B51F1DFD:t5, leader=null, voted=66ab88db-d69f-4f96-9860-b898e5399db4, raftlog=66ab88db-d69f-4f96-9860-b898e5399db4@group-A918B51F1DFD-SegmentedRaftLog:OPENED:c-1,f-1,i0, conf=-1: [f3cc68b9-8250-46bd-9f8b-0b9d65688440:192.168.36.84:35502, c1e0fc5a-7ae4-45d0-a105-709cc60ce072:192.168.36.84:33769, 66ab88db-d69f-4f96-9860-b898e5399db4:192.168.36.84:42907], old=null
2019-09-24 21:20:21,920 [66ab88db-d69f-4f96-9860-b898e5399db4@group-A918B51F1DFD:LeaderElection85] INFO  impl.RoleInfo (RoleInfo.java:shutdownLeaderElection(134)) - 66ab88db-d69f-4f96-9860-b898e5399db4: shutdown LeaderElection
2019-09-24 21:20:21,920 [66ab88db-d69f-4f96-9860-b898e5399db4@group-A918B51F1DFD:LeaderElection85] INFO  impl.RaftServerImpl (RaftServerImpl.java:setRole(174)) - 66ab88db-d69f-4f96-9860-b898e5399db4@group-A918B51F1DFD: changes role from CANDIDATE to LEADER at term 5 for changeToLeader
2019-09-24 21:20:21,920 [66ab88db-d69f-4f96-9860-b898e5399db4@group-A918B51F1DFD:LeaderElection85] INFO  impl.RaftServerImpl (ServerState.java:setLeader(253)) - 66ab88db-d69f-4f96-9860-b898e5399db4@group-A918B51F1DFD: change Leader from null to 66ab88db-d69f-4f96-9860-b898e5399db4 at term 5 for becomeLeader, leader elected after 33300ms
2019-09-24 21:20:21,920 [66ab88db-d69f-4f96-9860-b898e5399db4@group-A918B51F1DFD:LeaderElection85] INFO  server.RaftServerConfigKeys (ConfUtils.java:logGet(43)) - raft.server.staging.catchup.gap = 1000 (default)
2019-09-24 21:20:21,920 [66ab88db-d69f-4f96-9860-b898e5399db4@group-A918B51F1DFD:LeaderElection85] INFO  server.RaftServerConfigKeys (ConfUtils.java:logGet(43)) - raft.server.rpc.sleep.time = 25ms (default)
2019-09-24 21:20:21,921 [66ab88db-d69f-4f96-9860-b898e5399db4@group-A918B51F1DFD:LeaderElection85] INFO  server.RaftServerConfigKeys (ConfUtils.java:logGet(43)) - raft.server.write.element-limit = 4096 (default)
2019-09-24 21:20:21,921 [66ab88db-d69f-4f96-9860-b898e5399db4@group-A918B51F1DFD:LeaderElection85] INFO  server.RaftServerConfigKeys (ConfUtils.java:logGet(43)) - raft.server.watch.timeout = 10s (default)
2019-09-24 21:20:21,921 [66ab88db-d69f-4f96-9860-b898e5399db4@group-A918B51F1DFD:LeaderElection85] INFO  server.RaftServerConfigKeys (ConfUtils.java:logGet(43)) - raft.server.watch.timeout.denomination = 1s (default)
2019-09-24 21:20:21,921 [66ab88db-d69f-4f96-9860-b898e5399db4@group-A918B51F1DFD:LeaderElection85] INFO  server.RaftServerConfigKeys (ConfUtils.java:logGet(43)) - raft.server.watch.element-limit = 65536 (default)
2019-09-24 21:20:21,927 [grpc-default-executor-4] INFO  impl.RaftServerImpl (RaftServerImpl.java:setRole(174)) - f3cc68b9-8250-46bd-9f8b-0b9d65688440@group-71677AE0A12A: changes role from  FOLLOWER to FOLLOWER at term 5 for recognizeCandidate:c1e0fc5a-7ae4-45d0-a105-709cc60ce072
2019-09-24 21:20:21,928 [grpc-default-executor-4] INFO  impl.RoleInfo (RoleInfo.java:shutdownFollowerState(121)) - f3cc68b9-8250-46bd-9f8b-0b9d65688440: shutdown FollowerState
2019-09-24 21:20:21,928 [grpc-default-executor-9] INFO  impl.RaftServerImpl (RaftServerImpl.java:setRole(174)) - 66ab88db-d69f-4f96-9860-b898e5399db4@group-71677AE0A12A: changes role from  FOLLOWER to FOLLOWER at term 5 for recognizeCandidate:c1e0fc5a-7ae4-45d0-a105-709cc60ce072
2019-09-24 21:20:21,928 [grpc-default-executor-4] INFO  impl.RoleInfo (RoleInfo.java:updateAndGet(143)) - f3cc68b9-8250-46bd-9f8b-0b9d65688440: start FollowerState
2019-09-24 21:20:21,928 [66ab88db-d69f-4f96-9860-b898e5399db4@group-A918B51F1DFD:LeaderElection85] INFO  server.RaftServerConfigKeys (ConfUtils.java:logGet(43)) - raft.server.log.appender.snapshot.chunk.size.max = 16MB (=16777216) (default)
2019-09-24 21:20:21,928 [Thread-675] INFO  impl.FollowerState (FollowerState.java:run(115)) - f3cc68b9-8250-46bd-9f8b-0b9d65688440: FollowerState was interrupted: java.lang.InterruptedException: sleep interrupted
2019-09-24 21:20:21,928 [grpc-default-executor-9] INFO  impl.RoleInfo (RoleInfo.java:shutdownFollowerState(121)) - 66ab88db-d69f-4f96-9860-b898e5399db4: shutdown FollowerState
2019-09-24 21:20:21,929 [66ab88db-d69f-4f96-9860-b898e5399db4@group-A918B51F1DFD:LeaderElection85] INFO  server.RaftServerConfigKeys (ConfUtils.java:logGet(43)) - raft.server.log.appender.buffer.byte-limit = 33554432 (custom)
2019-09-24 21:20:21,929 [Thread-666] INFO  impl.FollowerState (FollowerState.java:run(115)) - 66ab88db-d69f-4f96-9860-b898e5399db4: FollowerState was interrupted: java.lang.InterruptedException: sleep interrupted
2019-09-24 21:20:21,929 [grpc-default-executor-9] INFO  impl.RoleInfo (RoleInfo.java:updateAndGet(143)) - 66ab88db-d69f-4f96-9860-b898e5399db4: start FollowerState
2019-09-24 21:20:21,929 [66ab88db-d69f-4f96-9860-b898e5399db4@group-A918B51F1DFD:LeaderElection85] INFO  server.RaftServerConfigKeys (ConfUtils.java:logGet(43)) - raft.server.log.appender.buffer.element-limit = 1 (custom)
2019-09-24 21:20:21,930 [66ab88db-d69f-4f96-9860-b898e5399db4@group-A918B51F1DFD:LeaderElection85] INFO  grpc.GrpcConfigKeys$Server (ConfUtils.java:logGet(43)) - raft.grpc.server.leader.outstanding.appends.max = 128 (default)
2019-09-24 21:20:21,930 [66ab88db-d69f-4f96-9860-b898e5399db4@group-A918B51F1DFD:LeaderElection85] INFO  server.RaftServerConfigKeys (ConfUtils.java:logGet(43)) - raft.server.rpc.request.timeout = 3000ms (default)
2019-09-24 21:20:21,930 [66ab88db-d69f-4f96-9860-b898e5399db4@group-A918B51F1DFD:LeaderElection85] INFO  server.RaftServerConfigKeys (ConfUtils.java:logGet(43)) - raft.server.log.appender.install.snapshot.enabled = false (custom)
2019-09-24 21:20:21,930 [66ab88db-d69f-4f96-9860-b898e5399db4@group-A918B51F1DFD:LeaderElection85] INFO  server.RaftServerConfigKeys (ConfUtils.java:logGet(43)) - raft.server.log.appender.snapshot.chunk.size.max = 16MB (=16777216) (default)
2019-09-24 21:20:21,931 [66ab88db-d69f-4f96-9860-b898e5399db4@group-A918B51F1DFD:LeaderElection85] INFO  server.RaftServerConfigKeys (ConfUtils.java:logGet(43)) - raft.server.log.appender.buffer.byte-limit = 33554432 (custom)
2019-09-24 21:20:21,931 [66ab88db-d69f-4f96-9860-b898e5399db4@group-A918B51F1DFD:LeaderElection85] INFO  server.RaftServerConfigKeys (ConfUtils.java:logGet(43)) - raft.server.log.appender.buffer.element-limit = 1 (custom)
2019-09-24 21:20:21,931 [66ab88db-d69f-4f96-9860-b898e5399db4@group-A918B51F1DFD:LeaderElection85] INFO  grpc.GrpcConfigKeys$Server (ConfUtils.java:logGet(43)) - raft.grpc.server.leader.outstanding.appends.max = 128 (default)
2019-09-24 21:20:21,931 [66ab88db-d69f-4f96-9860-b898e5399db4@group-A918B51F1DFD:LeaderElection85] INFO  server.RaftServerConfigKeys (ConfUtils.java:logGet(43)) - raft.server.rpc.request.timeout = 3000ms (default)
2019-09-24 21:20:21,931 [66ab88db-d69f-4f96-9860-b898e5399db4@group-A918B51F1DFD:LeaderElection85] INFO  server.RaftServerConfigKeys (ConfUtils.java:logGet(43)) - raft.server.log.appender.install.snapshot.enabled = false (custom)
2019-09-24 21:20:21,932 [66ab88db-d69f-4f96-9860-b898e5399db4@group-A918B51F1DFD:LeaderElection85] INFO  impl.RoleInfo (RoleInfo.java:updateAndGet(143)) - 66ab88db-d69f-4f96-9860-b898e5399db4: start LeaderState
2019-09-24 21:20:21,932 [66ab88db-d69f-4f96-9860-b898e5399db4@group-A918B51F1DFD:LeaderElection85] INFO  segmented.SegmentedRaftLogWorker (SegmentedRaftLogWorker.java:startLogSegment(380)) - 66ab88db-d69f-4f96-9860-b898e5399db4@group-A918B51F1DFD-SegmentedRaftLogWorker: Starting segment from index:0
2019-09-24 21:20:21,933 [66ab88db-d69f-4f96-9860-b898e5399db4@group-A918B51F1DFD:LeaderElection85] INFO  impl.RaftServerImpl (ServerState.java:setRaftConf(354)) - 66ab88db-d69f-4f96-9860-b898e5399db4@group-A918B51F1DFD: set configuration 0: [f3cc68b9-8250-46bd-9f8b-0b9d65688440:192.168.36.84:35502, c1e0fc5a-7ae4-45d0-a105-709cc60ce072:192.168.36.84:33769, 66ab88db-d69f-4f96-9860-b898e5399db4:192.168.36.84:42907], old=null at 0
2019-09-24 21:20:21,969 [c1e0fc5a-7ae4-45d0-a105-709cc60ce072@group-71677AE0A12A:LeaderElection86] INFO  impl.LeaderElection (LeaderElection.java:logAndReturn(56)) - c1e0fc5a-7ae4-45d0-a105-709cc60ce072@group-71677AE0A12A:LeaderElection86: Election PASSED; received 1 response(s) [c1e0fc5a-7ae4-45d0-a105-709cc60ce072<-f3cc68b9-8250-46bd-9f8b-0b9d65688440#0:OK-t5] and 0 exception(s); c1e0fc5a-7ae4-45d0-a105-709cc60ce072@group-71677AE0A12A:t5, leader=null, voted=c1e0fc5a-7ae4-45d0-a105-709cc60ce072, raftlog=c1e0fc5a-7ae4-45d0-a105-709cc60ce072@group-71677AE0A12A-SegmentedRaftLog:OPENED:c-1,f-1,i0, conf=-1: [f3cc68b9-8250-46bd-9f8b-0b9d65688440:192.168.36.84:35502, c1e0fc5a-7ae4-45d0-a105-709cc60ce072:192.168.36.84:33769, 66ab88db-d69f-4f96-9860-b898e5399db4:192.168.36.84:42907], old=null
2019-09-24 21:20:21,969 [c1e0fc5a-7ae4-45d0-a105-709cc60ce072@group-71677AE0A12A:LeaderElection86] INFO  impl.RoleInfo (RoleInfo.java:shutdownLeaderElection(134)) - c1e0fc5a-7ae4-45d0-a105-709cc60ce072: shutdown LeaderElection
2019-09-24 21:20:21,969 [c1e0fc5a-7ae4-45d0-a105-709cc60ce072@group-71677AE0A12A:LeaderElection86] INFO  impl.RaftServerImpl (RaftServerImpl.java:setRole(174)) - c1e0fc5a-7ae4-45d0-a105-709cc60ce072@group-71677AE0A12A: changes role from CANDIDATE to LEADER at term 5 for changeToLeader
2019-09-24 21:20:21,970 [c1e0fc5a-7ae4-45d0-a105-709cc60ce072@group-71677AE0A12A:LeaderElection86] INFO  impl.RaftServerImpl (ServerState.java:setLeader(253)) - c1e0fc5a-7ae4-45d0-a105-709cc60ce072@group-71677AE0A12A: change Leader from null to c1e0fc5a-7ae4-45d0-a105-709cc60ce072 at term 5 for becomeLeader, leader elected after 30718ms
2019-09-24 21:20:21,970 [c1e0fc5a-7ae4-45d0-a105-709cc60ce072@group-71677AE0A12A:LeaderElection86] INFO  server.RaftServerConfigKeys (ConfUtils.java:logGet(43)) - raft.server.staging.catchup.gap = 1000 (default)
2019-09-24 21:20:21,970 [c1e0fc5a-7ae4-45d0-a105-709cc60ce072@group-71677AE0A12A:LeaderElection86] INFO  server.RaftServerConfigKeys (ConfUtils.java:logGet(43)) - raft.server.rpc.sleep.time = 25ms (default)
2019-09-24 21:20:21,970 [c1e0fc5a-7ae4-45d0-a105-709cc60ce072@group-71677AE0A12A:LeaderElection86] INFO  server.RaftServerConfigKeys (ConfUtils.java:logGet(43)) - raft.server.write.element-limit = 4096 (default)
2019-09-24 21:20:21,970 [c1e0fc5a-7ae4-45d0-a105-709cc60ce072@group-71677AE0A12A:LeaderElection86] INFO  server.RaftServerConfigKeys (ConfUtils.java:logGet(43)) - raft.server.watch.timeout = 10s (default)
2019-09-24 21:20:21,970 [c1e0fc5a-7ae4-45d0-a105-709cc60ce072@group-71677AE0A12A:LeaderElection86] INFO  server.RaftServerConfigKeys (ConfUtils.java:logGet(43)) - raft.server.watch.timeout.denomination = 1s (default)
2019-09-24 21:20:21,971 [c1e0fc5a-7ae4-45d0-a105-709cc60ce072@group-71677AE0A12A:LeaderElection86] INFO  server.RaftServerConfigKeys (ConfUtils.java:logGet(43)) - raft.server.watch.element-limit = 65536 (default)
2019-09-24 21:20:21,972 [grpc-default-executor-6] INFO  impl.RaftServerImpl (ServerState.java:setLeader(253)) - f3cc68b9-8250-46bd-9f8b-0b9d65688440@group-A918B51F1DFD: change Leader from null to 66ab88db-d69f-4f96-9860-b898e5399db4 at term 5 for appendEntries, leader elected after 33002ms
2019-09-24 21:20:21,986 [c1e0fc5a-7ae4-45d0-a105-709cc60ce072@group-71677AE0A12A:LeaderElection86] INFO  server.RaftServerConfigKeys (ConfUtils.java:logGet(43)) - raft.server.log.appender.snapshot.chunk.size.max = 16MB (=16777216) (default)
2019-09-24 21:20:21,986 [c1e0fc5a-7ae4-45d0-a105-709cc60ce072@group-71677AE0A12A:LeaderElection86] INFO  server.RaftServerConfigKeys (ConfUtils.java:logGet(43)) - raft.server.log.appender.buffer.byte-limit = 33554432 (custom)
2019-09-24 21:20:21,986 [c1e0fc5a-7ae4-45d0-a105-709cc60ce072@group-71677AE0A12A:LeaderElection86] INFO  server.RaftServerConfigKeys (ConfUtils.java:logGet(43)) - raft.server.log.appender.buffer.element-limit = 1 (custom)
2019-09-24 21:20:21,987 [grpc-default-executor-6] INFO  impl.RaftServerImpl (ServerState.java:setRaftConf(354)) - f3cc68b9-8250-46bd-9f8b-0b9d65688440@group-A918B51F1DFD: set configuration 0: [f3cc68b9-8250-46bd-9f8b-0b9d65688440:192.168.36.84:35502, c1e0fc5a-7ae4-45d0-a105-709cc60ce072:192.168.36.84:33769, 66ab88db-d69f-4f96-9860-b898e5399db4:192.168.36.84:42907], old=null at 0
2019-09-24 21:20:21,987 [c1e0fc5a-7ae4-45d0-a105-709cc60ce072@group-71677AE0A12A:LeaderElection86] INFO  grpc.GrpcConfigKeys$Server (ConfUtils.java:logGet(43)) - raft.grpc.server.leader.outstanding.appends.max = 128 (default)
2019-09-24 21:20:21,987 [grpc-default-executor-6] INFO  segmented.SegmentedRaftLogWorker (SegmentedRaftLogWorker.java:startLogSegment(380)) - f3cc68b9-8250-46bd-9f8b-0b9d65688440@group-A918B51F1DFD-SegmentedRaftLogWorker: Starting segment from index:0
2019-09-24 21:20:21,987 [c1e0fc5a-7ae4-45d0-a105-709cc60ce072@group-71677AE0A12A:LeaderElection86] INFO  server.RaftServerConfigKeys (ConfUtils.java:logGet(43)) - raft.server.rpc.request.timeout = 3000ms (default)
2019-09-24 21:20:21,987 [c1e0fc5a-7ae4-45d0-a105-709cc60ce072@group-71677AE0A12A:LeaderElection86] INFO  server.RaftServerConfigKeys (ConfUtils.java:logGet(43)) - raft.server.log.appender.install.snapshot.enabled = false (custom)
2019-09-24 21:20:21,987 [c1e0fc5a-7ae4-45d0-a105-709cc60ce072@group-71677AE0A12A:LeaderElection86] INFO  server.RaftServerConfigKeys (ConfUtils.java:logGet(43)) - raft.server.log.appender.snapshot.chunk.size.max = 16MB (=16777216) (default)
2019-09-24 21:20:21,988 [c1e0fc5a-7ae4-45d0-a105-709cc60ce072@group-71677AE0A12A:LeaderElection86] INFO  server.RaftServerConfigKeys (ConfUtils.java:logGet(43)) - raft.server.log.appender.buffer.byte-limit = 33554432 (custom)
2019-09-24 21:20:21,988 [c1e0fc5a-7ae4-45d0-a105-709cc60ce072@group-71677AE0A12A:LeaderElection86] INFO  server.RaftServerConfigKeys (ConfUtils.java:logGet(43)) - raft.server.log.appender.buffer.element-limit = 1 (custom)
2019-09-24 21:20:21,988 [c1e0fc5a-7ae4-45d0-a105-709cc60ce072@group-71677AE0A12A:LeaderElection86] INFO  grpc.GrpcConfigKeys$Server (ConfUtils.java:logGet(43)) - raft.grpc.server.leader.outstanding.appends.max = 128 (default)
2019-09-24 21:20:21,988 [c1e0fc5a-7ae4-45d0-a105-709cc60ce072@group-71677AE0A12A:LeaderElection86] INFO  server.RaftServerConfigKeys (ConfUtils.java:logGet(43)) - raft.server.rpc.request.timeout = 3000ms (default)
2019-09-24 21:20:21,988 [c1e0fc5a-7ae4-45d0-a105-709cc60ce072@group-71677AE0A12A:LeaderElection86] INFO  server.RaftServerConfigKeys (ConfUtils.java:logGet(43)) - raft.server.log.appender.install.snapshot.enabled = false (custom)
2019-09-24 21:20:21,989 [c1e0fc5a-7ae4-45d0-a105-709cc60ce072@group-71677AE0A12A:LeaderElection86] INFO  impl.RoleInfo (RoleInfo.java:updateAndGet(143)) - c1e0fc5a-7ae4-45d0-a105-709cc60ce072: start LeaderState
2019-09-24 21:20:21,989 [c1e0fc5a-7ae4-45d0-a105-709cc60ce072@group-71677AE0A12A:LeaderElection86] INFO  segmented.SegmentedRaftLogWorker (SegmentedRaftLogWorker.java:startLogSegment(380)) - c1e0fc5a-7ae4-45d0-a105-709cc60ce072@group-71677AE0A12A-SegmentedRaftLogWorker: Starting segment from index:0
2019-09-24 21:20:21,990 [c1e0fc5a-7ae4-45d0-a105-709cc60ce072@group-71677AE0A12A:LeaderElection86] INFO  impl.RaftServerImpl (ServerState.java:setRaftConf(354)) - c1e0fc5a-7ae4-45d0-a105-709cc60ce072@group-71677AE0A12A: set configuration 0: [f3cc68b9-8250-46bd-9f8b-0b9d65688440:192.168.36.84:35502, c1e0fc5a-7ae4-45d0-a105-709cc60ce072:192.168.36.84:33769, 66ab88db-d69f-4f96-9860-b898e5399db4:192.168.36.84:42907], old=null at 0
2019-09-24 21:20:21,991 [grpc-default-executor-9] INFO  impl.RaftServerImpl (ServerState.java:setLeader(253)) - f3cc68b9-8250-46bd-9f8b-0b9d65688440@group-71677AE0A12A: change Leader from null to c1e0fc5a-7ae4-45d0-a105-709cc60ce072 at term 5 for appendEntries, leader elected after 30740ms
2019-09-24 21:20:21,992 [66ab88db-d69f-4f96-9860-b898e5399db4@group-A918B51F1DFD-SegmentedRaftLogWorker] INFO  segmented.SegmentedRaftLogWorker (SegmentedRaftLogWorker.java:execute(569)) - 66ab88db-d69f-4f96-9860-b898e5399db4@group-A918B51F1DFD-SegmentedRaftLogWorker: created new log segment /workdir/hadoop-ozone/ozonefs/target/test-dir/MiniOzoneClusterImpl-35f2434d-e88f-4dc0-aaff-2450d0368017/datanode-2/data/ratis/a89f4513-1763-4af5-833b-a918b51f1dfd/current/log_inprogress_0
2019-09-24 21:20:21,992 [grpc-default-executor-6] INFO  impl.RaftServerImpl (ServerState.java:setLeader(253)) - 66ab88db-d69f-4f96-9860-b898e5399db4@group-71677AE0A12A: change Leader from null to c1e0fc5a-7ae4-45d0-a105-709cc60ce072 at term 5 for appendEntries, leader elected after 30740ms
2019-09-24 21:20:21,994 [grpc-default-executor-9] INFO  impl.RaftServerImpl (ServerState.java:setRaftConf(354)) - f3cc68b9-8250-46bd-9f8b-0b9d65688440@group-71677AE0A12A: set configuration 0: [f3cc68b9-8250-46bd-9f8b-0b9d65688440:192.168.36.84:35502, c1e0fc5a-7ae4-45d0-a105-709cc60ce072:192.168.36.84:33769, 66ab88db-d69f-4f96-9860-b898e5399db4:192.168.36.84:42907], old=null at 0
2019-09-24 21:20:21,994 [grpc-default-executor-6] INFO  impl.RaftServerImpl (ServerState.java:setRaftConf(354)) - 66ab88db-d69f-4f96-9860-b898e5399db4@group-71677AE0A12A: set configuration 0: [f3cc68b9-8250-46bd-9f8b-0b9d65688440:192.168.36.84:35502, c1e0fc5a-7ae4-45d0-a105-709cc60ce072:192.168.36.84:33769, 66ab88db-d69f-4f96-9860-b898e5399db4:192.168.36.84:42907], old=null at 0
2019-09-24 21:20:21,995 [grpc-default-executor-9] INFO  segmented.SegmentedRaftLogWorker (SegmentedRaftLogWorker.java:startLogSegment(380)) - f3cc68b9-8250-46bd-9f8b-0b9d65688440@group-71677AE0A12A-SegmentedRaftLogWorker: Starting segment from index:0
2019-09-24 21:20:21,995 [grpc-default-executor-6] INFO  segmented.SegmentedRaftLogWorker (SegmentedRaftLogWorker.java:startLogSegment(380)) - 66ab88db-d69f-4f96-9860-b898e5399db4@group-71677AE0A12A-SegmentedRaftLogWorker: Starting segment from index:0
2019-09-24 21:20:22,053 [f3cc68b9-8250-46bd-9f8b-0b9d65688440@group-71677AE0A12A-SegmentedRaftLogWorker] INFO  segmented.SegmentedRaftLogWorker (SegmentedRaftLogWorker.java:execute(569)) - f3cc68b9-8250-46bd-9f8b-0b9d65688440@group-71677AE0A12A-SegmentedRaftLogWorker: created new log segment /workdir/hadoop-ozone/ozonefs/target/test-dir/MiniOzoneClusterImpl-35f2434d-e88f-4dc0-aaff-2450d0368017/datanode-1/data/ratis/3120dad7-76f4-46c0-aa5d-71677ae0a12a/current/log_inprogress_0
2019-09-24 21:20:22,053 [c1e0fc5a-7ae4-45d0-a105-709cc60ce072@group-71677AE0A12A-SegmentedRaftLogWorker] INFO  segmented.SegmentedRaftLogWorker (SegmentedRaftLogWorker.java:execute(569)) - c1e0fc5a-7ae4-45d0-a105-709cc60ce072@group-71677AE0A12A-SegmentedRaftLogWorker: created new log segment /workdir/hadoop-ozone/ozonefs/target/test-dir/MiniOzoneClusterImpl-35f2434d-e88f-4dc0-aaff-2450d0368017/datanode-3/data/ratis/3120dad7-76f4-46c0-aa5d-71677ae0a12a/current/log_inprogress_0
2019-09-24 21:20:22,053 [f3cc68b9-8250-46bd-9f8b-0b9d65688440@group-A918B51F1DFD-SegmentedRaftLogWorker] INFO  segmented.SegmentedRaftLogWorker (SegmentedRaftLogWorker.java:execute(569)) - f3cc68b9-8250-46bd-9f8b-0b9d65688440@group-A918B51F1DFD-SegmentedRaftLogWorker: created new log segment /workdir/hadoop-ozone/ozonefs/target/test-dir/MiniOzoneClusterImpl-35f2434d-e88f-4dc0-aaff-2450d0368017/datanode-1/data/ratis/a89f4513-1763-4af5-833b-a918b51f1dfd/current/log_inprogress_0
2019-09-24 21:20:22,053 [66ab88db-d69f-4f96-9860-b898e5399db4@group-71677AE0A12A-SegmentedRaftLogWorker] INFO  segmented.SegmentedRaftLogWorker (SegmentedRaftLogWorker.java:execute(569)) - 66ab88db-d69f-4f96-9860-b898e5399db4@group-71677AE0A12A-SegmentedRaftLogWorker: created new log segment /workdir/hadoop-ozone/ozonefs/target/test-dir/MiniOzoneClusterImpl-35f2434d-e88f-4dc0-aaff-2450d0368017/datanode-2/data/ratis/3120dad7-76f4-46c0-aa5d-71677ae0a12a/current/log_inprogress_0
2019-09-24 21:20:24,969 [java.util.concurrent.ThreadPoolExecutor$Worker@1964cb6e[State = -1, empty queue]] WARN  server.GrpcLogAppender (GrpcLogAppender.java:timeoutAppendRequest(200)) - 66ab88db-d69f-4f96-9860-b898e5399db4@group-A918B51F1DFD->c1e0fc5a-7ae4-45d0-a105-709cc60ce072-GrpcLogAppender: appendEntries Timeout, request=66ab88db-d69f-4f96-9860-b898e5399db4->c1e0fc5a-7ae4-45d0-a105-709cc60ce072#0-t5, previous=(t:0, i:0), leaderCommit=-1, initializing? false, entries: <empty>
2019-09-24 21:20:25,059 [java.util.concurrent.ThreadPoolExecutor$Worker@5df1f1dd[State = -1, empty queue]] WARN  server.GrpcLogAppender (GrpcLogAppender.java:timeoutAppendRequest(200)) - f3cc68b9-8250-46bd-9f8b-0b9d65688440@group-E596A2B7CC13->c1e0fc5a-7ae4-45d0-a105-709cc60ce072-GrpcLogAppender: appendEntries Timeout, request=f3cc68b9-8250-46bd-9f8b-0b9d65688440->c1e0fc5a-7ae4-45d0-a105-709cc60ce072#3-t6, previous=(t:6, i:0), leaderCommit=0, initializing? false, entries: <empty>
2019-09-24 21:20:25,059 [java.util.concurrent.ThreadPoolExecutor$Worker@2563be65[State = -1, empty queue]] WARN  server.GrpcLogAppender (GrpcLogAppender.java:timeoutAppendRequest(200)) - 66ab88db-d69f-4f96-9860-b898e5399db4@group-C467C04FCD85->c1e0fc5a-7ae4-45d0-a105-709cc60ce072-GrpcLogAppender: appendEntries Timeout, request=66ab88db-d69f-4f96-9860-b898e5399db4->c1e0fc5a-7ae4-45d0-a105-709cc60ce072#3-t4, previous=(t:4, i:0), leaderCommit=0, initializing? false, entries: <empty>
2019-09-24 21:20:25,059 [java.util.concurrent.ThreadPoolExecutor$Worker@5f214e4f[State = -1, empty queue]] WARN  server.GrpcLogAppender (GrpcLogAppender.java:timeoutAppendRequest(200)) - 66ab88db-d69f-4f96-9860-b898e5399db4@group-A26FF7157983->c1e0fc5a-7ae4-45d0-a105-709cc60ce072-GrpcLogAppender: appendEntries Timeout, request=66ab88db-d69f-4f96-9860-b898e5399db4->c1e0fc5a-7ae4-45d0-a105-709cc60ce072#3-t4, previous=(t:4, i:0), leaderCommit=0, initializing? false, entries: <empty>
2019-09-24 21:20:25,060 [java.util.concurrent.ThreadPoolExecutor$Worker@1421ea9b[State = -1, empty queue]] WARN  server.GrpcLogAppender (GrpcLogAppender.java:timeoutAppendRequest(200)) - f3cc68b9-8250-46bd-9f8b-0b9d65688440@group-307796CD6AEA->c1e0fc5a-7ae4-45d0-a105-709cc60ce072-GrpcLogAppender: appendEntries Timeout, request=f3cc68b9-8250-46bd-9f8b-0b9d65688440->c1e0fc5a-7ae4-45d0-a105-709cc60ce072#3-t4, previous=(t:4, i:0), leaderCommit=0, initializing? false, entries: <empty>
2019-09-24 21:20:25,380 [java.util.concurrent.ThreadPoolExecutor$Worker@4d6851c3[State = -1, empty queue]] WARN  server.GrpcLogAppender (GrpcLogAppender.java:timeoutAppendRequest(200)) - c1e0fc5a-7ae4-45d0-a105-709cc60ce072@group-71677AE0A12A->66ab88db-d69f-4f96-9860-b898e5399db4-GrpcLogAppender: appendEntries Timeout, request=c1e0fc5a-7ae4-45d0-a105-709cc60ce072->66ab88db-d69f-4f96-9860-b898e5399db4#2-t5, previous=(t:5, i:0), leaderCommit=0, initializing? false, entries: size=1, first=(t:5, i:1), STATEMACHINELOGENTRY, client-8ECC42F83A3E, cid=23
2019-09-24 21:20:25,380 [java.util.concurrent.ThreadPoolExecutor$Worker@68c0ef83[State = -1, empty queue]] WARN  server.GrpcLogAppender (GrpcLogAppender.java:timeoutAppendRequest(200)) - c1e0fc5a-7ae4-45d0-a105-709cc60ce072@group-71677AE0A12A->f3cc68b9-8250-46bd-9f8b-0b9d65688440-GrpcLogAppender: appendEntries Timeout, request=c1e0fc5a-7ae4-45d0-a105-709cc60ce072->f3cc68b9-8250-46bd-9f8b-0b9d65688440#2-t5, previous=(t:5, i:0), leaderCommit=0, initializing? false, entries: size=1, first=(t:5, i:1), STATEMACHINELOGENTRY, client-8ECC42F83A3E, cid=23
2019-09-24 21:20:26,975 [Thread-646] INFO  impl.FollowerState (FollowerState.java:run(106)) - f3cc68b9-8250-46bd-9f8b-0b9d65688440:group-A58B6DB2432C changes to CANDIDATE, lastRpcTime:7417, electionTimeout:5052ms
2019-09-24 21:20:26,975 [Thread-646] INFO  impl.RoleInfo (RoleInfo.java:shutdownFollowerState(121)) - f3cc68b9-8250-46bd-9f8b-0b9d65688440: shutdown FollowerState
2019-09-24 21:20:26,975 [Thread-646] INFO  impl.RaftServerImpl (RaftServerImpl.java:setRole(174)) - f3cc68b9-8250-46bd-9f8b-0b9d65688440@group-A58B6DB2432C: changes role from  FOLLOWER to CANDIDATE at term 4 for changeToCandidate
2019-09-24 21:20:26,976 [Thread-646] INFO  impl.RoleInfo (RoleInfo.java:updateAndGet(143)) - f3cc68b9-8250-46bd-9f8b-0b9d65688440: start LeaderElection
2019-09-24 21:20:26,976 [f3cc68b9-8250-46bd-9f8b-0b9d65688440@group-A58B6DB2432C:LeaderElection87] INFO  impl.RaftServerImpl (ServerState.java:setLeader(253)) - f3cc68b9-8250-46bd-9f8b-0b9d65688440@group-A58B6DB2432C: change Leader from c1e0fc5a-7ae4-45d0-a105-709cc60ce072 to null at term 4 for initElection
2019-09-24 21:20:27,093 [Thread-651] INFO  impl.FollowerState (FollowerState.java:run(106)) - 66ab88db-d69f-4f96-9860-b898e5399db4:group-A58B6DB2432C changes to CANDIDATE, lastRpcTime:7536, electionTimeout:5126ms
2019-09-24 21:20:27,093 [Thread-651] INFO  impl.RoleInfo (RoleInfo.java:shutdownFollowerState(121)) - 66ab88db-d69f-4f96-9860-b898e5399db4: shutdown FollowerState
2019-09-24 21:20:27,094 [Thread-651] INFO  impl.RaftServerImpl (RaftServerImpl.java:setRole(174)) - 66ab88db-d69f-4f96-9860-b898e5399db4@group-A58B6DB2432C: changes role from  FOLLOWER to CANDIDATE at term 4 for changeToCandidate
2019-09-24 21:20:27,094 [Thread-651] INFO  impl.RoleInfo (RoleInfo.java:updateAndGet(143)) - 66ab88db-d69f-4f96-9860-b898e5399db4: start LeaderElection
2019-09-24 21:20:27,094 [66ab88db-d69f-4f96-9860-b898e5399db4@group-A58B6DB2432C:LeaderElection88] INFO  impl.RaftServerImpl (ServerState.java:setLeader(253)) - 66ab88db-d69f-4f96-9860-b898e5399db4@group-A58B6DB2432C: change Leader from c1e0fc5a-7ae4-45d0-a105-709cc60ce072 to null at term 4 for initElection
2019-09-24 21:20:27,547 [66ab88db-d69f-4f96-9860-b898e5399db4@group-A58B6DB2432C:LeaderElection88] INFO  impl.LeaderElection (LeaderElection.java:askForVotes(182)) - 66ab88db-d69f-4f96-9860-b898e5399db4@group-A58B6DB2432C:LeaderElection88: begin an election at term 5 for 0: [f3cc68b9-8250-46bd-9f8b-0b9d65688440:192.168.36.84:35502, c1e0fc5a-7ae4-45d0-a105-709cc60ce072:192.168.36.84:33769, 66ab88db-d69f-4f96-9860-b898e5399db4:192.168.36.84:42907], old=null
2019-09-24 21:20:27,547 [f3cc68b9-8250-46bd-9f8b-0b9d65688440@group-A58B6DB2432C:LeaderElection87] INFO  impl.LeaderElection (LeaderElection.java:askForVotes(182)) - f3cc68b9-8250-46bd-9f8b-0b9d65688440@group-A58B6DB2432C:LeaderElection87: begin an election at term 5 for 0: [f3cc68b9-8250-46bd-9f8b-0b9d65688440:192.168.36.84:35502, c1e0fc5a-7ae4-45d0-a105-709cc60ce072:192.168.36.84:33769, 66ab88db-d69f-4f96-9860-b898e5399db4:192.168.36.84:42907], old=null
2019-09-24 21:20:27,550 [grpc-default-executor-6] WARN  server.GrpcServerProtocolService (LogUtils.java:warn(136)) - c1e0fc5a-7ae4-45d0-a105-709cc60ce072: Failed requestVote 66ab88db-d69f-4f96-9860-b898e5399db4->c1e0fc5a-7ae4-45d0-a105-709cc60ce072#0
org.apache.ratis.protocol.GroupMismatchException: c1e0fc5a-7ae4-45d0-a105-709cc60ce072: group-A58B6DB2432C not found.
	at org.apache.ratis.server.impl.RaftServerProxy$ImplMap.get(RaftServerProxy.java:122)
	at org.apache.ratis.server.impl.RaftServerProxy.getImplFuture(RaftServerProxy.java:269)
	at org.apache.ratis.server.impl.RaftServerProxy.getImpl(RaftServerProxy.java:278)
	at org.apache.ratis.server.impl.RaftServerProxy.getImpl(RaftServerProxy.java:273)
	at org.apache.ratis.server.impl.RaftServerProxy.requestVote(RaftServerProxy.java:443)
	at org.apache.ratis.grpc.server.GrpcServerProtocolService.requestVote(GrpcServerProtocolService.java:142)
	at org.apache.ratis.proto.grpc.RaftServerProtocolServiceGrpc$MethodHandlers.invoke(RaftServerProtocolServiceGrpc.java:319)
	at org.apache.ratis.thirdparty.io.grpc.stub.ServerCalls$UnaryServerCallHandler$UnaryServerCallListener.onHalfClose(ServerCalls.java:171)
	at org.apache.ratis.thirdparty.io.grpc.internal.ServerCallImpl$ServerStreamListenerImpl.halfClosed(ServerCallImpl.java:283)
	at org.apache.ratis.thirdparty.io.grpc.internal.ServerImpl$JumpToApplicationThreadServerStreamListener$1HalfClosed.runInContext(ServerImpl.java:710)
	at org.apache.ratis.thirdparty.io.grpc.internal.ContextRunnable.run(ContextRunnable.java:37)
	at org.apache.ratis.thirdparty.io.grpc.internal.SerializingExecutor.run(SerializingExecutor.java:123)
	at java.util.concurrent.ThreadPoolExecutor.runWorker(ThreadPoolExecutor.java:1149)
	at java.util.concurrent.ThreadPoolExecutor$Worker.run(ThreadPoolExecutor.java:624)
	at java.lang.Thread.run(Thread.java:748)
2019-09-24 21:20:27,550 [grpc-default-executor-9] WARN  server.GrpcServerProtocolService (LogUtils.java:warn(136)) - c1e0fc5a-7ae4-45d0-a105-709cc60ce072: Failed requestVote f3cc68b9-8250-46bd-9f8b-0b9d65688440->c1e0fc5a-7ae4-45d0-a105-709cc60ce072#0
org.apache.ratis.protocol.GroupMismatchException: c1e0fc5a-7ae4-45d0-a105-709cc60ce072: group-A58B6DB2432C not found.
	at org.apache.ratis.server.impl.RaftServerProxy$ImplMap.get(RaftServerProxy.java:122)
	at org.apache.ratis.server.impl.RaftServerProxy.getImplFuture(RaftServerProxy.java:269)
	at org.apache.ratis.server.impl.RaftServerProxy.getImpl(RaftServerProxy.java:278)
	at org.apache.ratis.server.impl.RaftServerProxy.getImpl(RaftServerProxy.java:273)
	at org.apache.ratis.server.impl.RaftServerProxy.requestVote(RaftServerProxy.java:443)
	at org.apache.ratis.grpc.server.GrpcServerProtocolService.requestVote(GrpcServerProtocolService.java:142)
	at org.apache.ratis.proto.grpc.RaftServerProtocolServiceGrpc$MethodHandlers.invoke(RaftServerProtocolServiceGrpc.java:319)
	at org.apache.ratis.thirdparty.io.grpc.stub.ServerCalls$UnaryServerCallHandler$UnaryServerCallListener.onHalfClose(ServerCalls.java:171)
	at org.apache.ratis.thirdparty.io.grpc.internal.ServerCallImpl$ServerStreamListenerImpl.halfClosed(ServerCallImpl.java:283)
	at org.apache.ratis.thirdparty.io.grpc.internal.ServerImpl$JumpToApplicationThreadServerStreamListener$1HalfClosed.runInContext(ServerImpl.java:710)
	at org.apache.ratis.thirdparty.io.grpc.internal.ContextRunnable.run(ContextRunnable.java:37)
	at org.apache.ratis.thirdparty.io.grpc.internal.SerializingExecutor.run(SerializingExecutor.java:123)
	at java.util.concurrent.ThreadPoolExecutor.runWorker(ThreadPoolExecutor.java:1149)
	at java.util.concurrent.ThreadPoolExecutor$Worker.run(ThreadPoolExecutor.java:624)
	at java.lang.Thread.run(Thread.java:748)
2019-09-24 21:20:27,557 [66ab88db-d69f-4f96-9860-b898e5399db4@group-A58B6DB2432C:LeaderElection88] INFO  impl.LeaderElection (LogUtils.java:infoOrTrace(149)) - 66ab88db-d69f-4f96-9860-b898e5399db4@group-A58B6DB2432C:LeaderElection88 got exception when requesting votes: {}
java.util.concurrent.ExecutionException: org.apache.ratis.thirdparty.io.grpc.StatusRuntimeException: INTERNAL: c1e0fc5a-7ae4-45d0-a105-709cc60ce072: group-A58B6DB2432C not found.
	at java.util.concurrent.FutureTask.report(FutureTask.java:122)
	at java.util.concurrent.FutureTask.get(FutureTask.java:192)
	at org.apache.ratis.server.impl.LeaderElection.waitForResults(LeaderElection.java:263)
	at org.apache.ratis.server.impl.LeaderElection.askForVotes(LeaderElection.java:201)
	at org.apache.ratis.server.impl.LeaderElection.run(LeaderElection.java:133)
	at java.lang.Thread.run(Thread.java:748)
Caused by: org.apache.ratis.thirdparty.io.grpc.StatusRuntimeException: INTERNAL: c1e0fc5a-7ae4-45d0-a105-709cc60ce072: group-A58B6DB2432C not found.
	at org.apache.ratis.thirdparty.io.grpc.stub.ClientCalls.toStatusRuntimeException(ClientCalls.java:233)
	at org.apache.ratis.thirdparty.io.grpc.stub.ClientCalls.getUnchecked(ClientCalls.java:214)
	at org.apache.ratis.thirdparty.io.grpc.stub.ClientCalls.blockingUnaryCall(ClientCalls.java:139)
	at org.apache.ratis.proto.grpc.RaftServerProtocolServiceGrpc$RaftServerProtocolServiceBlockingStub.requestVote(RaftServerProtocolServiceGrpc.java:265)
	at org.apache.ratis.grpc.server.GrpcServerProtocolClient.requestVote(GrpcServerProtocolClient.java:90)
	at org.apache.ratis.grpc.server.GrpcService.requestVote(GrpcService.java:204)
	at org.apache.ratis.server.impl.LeaderElection.lambda$submitRequests$1(LeaderElection.java:238)
	at java.util.concurrent.FutureTask.run(FutureTask.java:266)
	at java.util.concurrent.Executors$RunnableAdapter.call(Executors.java:511)
	at java.util.concurrent.FutureTask.run(FutureTask.java:266)
	at java.util.concurrent.ThreadPoolExecutor.runWorker(ThreadPoolExecutor.java:1149)
	at java.util.concurrent.ThreadPoolExecutor$Worker.run(ThreadPoolExecutor.java:624)
	... 1 more
2019-09-24 21:20:27,560 [java.util.concurrent.ThreadPoolExecutor$Worker@5f214e4f[State = -1, empty queue]] WARN  server.GrpcLogAppender (GrpcLogAppender.java:timeoutAppendRequest(200)) - 66ab88db-d69f-4f96-9860-b898e5399db4@group-A26FF7157983->c1e0fc5a-7ae4-45d0-a105-709cc60ce072-GrpcLogAppender: appendEntries Timeout, request=66ab88db-d69f-4f96-9860-b898e5399db4->c1e0fc5a-7ae4-45d0-a105-709cc60ce072#4-t4, previous=(t:4, i:0), leaderCommit=0, initializing? false, entries: <empty>
2019-09-24 21:20:27,561 [66ab88db-d69f-4f96-9860-b898e5399db4@group-A58B6DB2432C:LeaderElection88] INFO  impl.LeaderElection (LeaderElection.java:logAndReturn(56)) - 66ab88db-d69f-4f96-9860-b898e5399db4@group-A58B6DB2432C:LeaderElection88: Election REJECTED; received 1 response(s) [66ab88db-d69f-4f96-9860-b898e5399db4<-f3cc68b9-8250-46bd-9f8b-0b9d65688440#0:FAIL-t5] and 1 exception(s); 66ab88db-d69f-4f96-9860-b898e5399db4@group-A58B6DB2432C:t5, leader=null, voted=66ab88db-d69f-4f96-9860-b898e5399db4, raftlog=66ab88db-d69f-4f96-9860-b898e5399db4@group-A58B6DB2432C-SegmentedRaftLog:OPENED:c0,f0,i0, conf=0: [f3cc68b9-8250-46bd-9f8b-0b9d65688440:192.168.36.84:35502, c1e0fc5a-7ae4-45d0-a105-709cc60ce072:192.168.36.84:33769, 66ab88db-d69f-4f96-9860-b898e5399db4:192.168.36.84:42907], old=null
2019-09-24 21:20:27,560 [java.util.concurrent.ThreadPoolExecutor$Worker@5df1f1dd[State = -1, empty queue]] WARN  server.GrpcLogAppender (GrpcLogAppender.java:timeoutAppendRequest(200)) - f3cc68b9-8250-46bd-9f8b-0b9d65688440@group-E596A2B7CC13->c1e0fc5a-7ae4-45d0-a105-709cc60ce072-GrpcLogAppender: appendEntries Timeout, request=f3cc68b9-8250-46bd-9f8b-0b9d65688440->c1e0fc5a-7ae4-45d0-a105-709cc60ce072#4-t6, previous=(t:6, i:0), leaderCommit=0, initializing? false, entries: <empty>
2019-09-24 21:20:27,560 [java.util.concurrent.ThreadPoolExecutor$Worker@2563be65[State = -1, empty queue]] WARN  server.GrpcLogAppender (GrpcLogAppender.java:timeoutAppendRequest(200)) - 66ab88db-d69f-4f96-9860-b898e5399db4@group-C467C04FCD85->c1e0fc5a-7ae4-45d0-a105-709cc60ce072-GrpcLogAppender: appendEntries Timeout, request=66ab88db-d69f-4f96-9860-b898e5399db4->c1e0fc5a-7ae4-45d0-a105-709cc60ce072#4-t4, previous=(t:4, i:0), leaderCommit=0, initializing? false, entries: <empty>
2019-09-24 21:20:27,561 [66ab88db-d69f-4f96-9860-b898e5399db4@group-A58B6DB2432C:LeaderElection88] INFO  impl.LeaderElection (LogUtils.java:infoOrTrace(149)) -   Exception 0: {}
java.util.concurrent.ExecutionException: org.apache.ratis.thirdparty.io.grpc.StatusRuntimeException: INTERNAL: c1e0fc5a-7ae4-45d0-a105-709cc60ce072: group-A58B6DB2432C not found.
	at java.util.concurrent.FutureTask.report(FutureTask.java:122)
	at java.util.concurrent.FutureTask.get(FutureTask.java:192)
	at org.apache.ratis.server.impl.LeaderElection.waitForResults(LeaderElection.java:263)
	at org.apache.ratis.server.impl.LeaderElection.askForVotes(LeaderElection.java:201)
	at org.apache.ratis.server.impl.LeaderElection.run(LeaderElection.java:133)
	at java.lang.Thread.run(Thread.java:748)
Caused by: org.apache.ratis.thirdparty.io.grpc.StatusRuntimeException: INTERNAL: c1e0fc5a-7ae4-45d0-a105-709cc60ce072: group-A58B6DB2432C not found.
	at org.apache.ratis.thirdparty.io.grpc.stub.ClientCalls.toStatusRuntimeException(ClientCalls.java:233)
	at org.apache.ratis.thirdparty.io.grpc.stub.ClientCalls.getUnchecked(ClientCalls.java:214)
	at org.apache.ratis.thirdparty.io.grpc.stub.ClientCalls.blockingUnaryCall(ClientCalls.java:139)
	at org.apache.ratis.proto.grpc.RaftServerProtocolServiceGrpc$RaftServerProtocolServiceBlockingStub.requestVote(RaftServerProtocolServiceGrpc.java:265)
	at org.apache.ratis.grpc.server.GrpcServerProtocolClient.requestVote(GrpcServerProtocolClient.java:90)
	at org.apache.ratis.grpc.server.GrpcService.requestVote(GrpcService.java:204)
	at org.apache.ratis.server.impl.LeaderElection.lambda$submitRequests$1(LeaderElection.java:238)
	at java.util.concurrent.FutureTask.run(FutureTask.java:266)
	at java.util.concurrent.Executors$RunnableAdapter.call(Executors.java:511)
	at java.util.concurrent.FutureTask.run(FutureTask.java:266)
	at java.util.concurrent.ThreadPoolExecutor.runWorker(ThreadPoolExecutor.java:1149)
	at java.util.concurrent.ThreadPoolExecutor$Worker.run(ThreadPoolExecutor.java:624)
	... 1 more
2019-09-24 21:20:27,560 [f3cc68b9-8250-46bd-9f8b-0b9d65688440@group-A58B6DB2432C:LeaderElection87] INFO  impl.LeaderElection (LogUtils.java:infoOrTrace(149)) - f3cc68b9-8250-46bd-9f8b-0b9d65688440@group-A58B6DB2432C:LeaderElection87 got exception when requesting votes: {}
java.util.concurrent.ExecutionException: org.apache.ratis.thirdparty.io.grpc.StatusRuntimeException: INTERNAL: c1e0fc5a-7ae4-45d0-a105-709cc60ce072: group-A58B6DB2432C not found.
	at java.util.concurrent.FutureTask.report(FutureTask.java:122)
	at java.util.concurrent.FutureTask.get(FutureTask.java:192)
	at org.apache.ratis.server.impl.LeaderElection.waitForResults(LeaderElection.java:263)
	at org.apache.ratis.server.impl.LeaderElection.askForVotes(LeaderElection.java:201)
	at org.apache.ratis.server.impl.LeaderElection.run(LeaderElection.java:133)
	at java.lang.Thread.run(Thread.java:748)
Caused by: org.apache.ratis.thirdparty.io.grpc.StatusRuntimeException: INTERNAL: c1e0fc5a-7ae4-45d0-a105-709cc60ce072: group-A58B6DB2432C not found.
	at org.apache.ratis.thirdparty.io.grpc.stub.ClientCalls.toStatusRuntimeException(ClientCalls.java:233)
	at org.apache.ratis.thirdparty.io.grpc.stub.ClientCalls.getUnchecked(ClientCalls.java:214)
	at org.apache.ratis.thirdparty.io.grpc.stub.ClientCalls.blockingUnaryCall(ClientCalls.java:139)
	at org.apache.ratis.proto.grpc.RaftServerProtocolServiceGrpc$RaftServerProtocolServiceBlockingStub.requestVote(RaftServerProtocolServiceGrpc.java:265)
	at org.apache.ratis.grpc.server.GrpcServerProtocolClient.requestVote(GrpcServerProtocolClient.java:90)
	at org.apache.ratis.grpc.server.GrpcService.requestVote(GrpcService.java:204)
	at org.apache.ratis.server.impl.LeaderElection.lambda$submitRequests$1(LeaderElection.java:238)
	at java.util.concurrent.FutureTask.run(FutureTask.java:266)
	at java.util.concurrent.Executors$RunnableAdapter.call(Executors.java:511)
	at java.util.concurrent.FutureTask.run(FutureTask.java:266)
	at java.util.concurrent.ThreadPoolExecutor.runWorker(ThreadPoolExecutor.java:1149)
	at java.util.concurrent.ThreadPoolExecutor$Worker.run(ThreadPoolExecutor.java:624)
	... 1 more
2019-09-24 21:20:27,561 [66ab88db-d69f-4f96-9860-b898e5399db4@group-A58B6DB2432C:LeaderElection88] INFO  impl.RaftServerImpl (RaftServerImpl.java:setRole(174)) - 66ab88db-d69f-4f96-9860-b898e5399db4@group-A58B6DB2432C: changes role from CANDIDATE to FOLLOWER at term 5 for DISCOVERED_A_NEW_TERM
2019-09-24 21:20:27,566 [f3cc68b9-8250-46bd-9f8b-0b9d65688440@group-A58B6DB2432C:LeaderElection87] INFO  impl.LeaderElection (LeaderElection.java:logAndReturn(56)) - f3cc68b9-8250-46bd-9f8b-0b9d65688440@group-A58B6DB2432C:LeaderElection87: Election REJECTED; received 1 response(s) [f3cc68b9-8250-46bd-9f8b-0b9d65688440<-66ab88db-d69f-4f96-9860-b898e5399db4#0:FAIL-t5] and 1 exception(s); f3cc68b9-8250-46bd-9f8b-0b9d65688440@group-A58B6DB2432C:t5, leader=null, voted=f3cc68b9-8250-46bd-9f8b-0b9d65688440, raftlog=f3cc68b9-8250-46bd-9f8b-0b9d65688440@group-A58B6DB2432C-SegmentedRaftLog:OPENED:c0,f0,i0, conf=0: [f3cc68b9-8250-46bd-9f8b-0b9d65688440:192.168.36.84:35502, c1e0fc5a-7ae4-45d0-a105-709cc60ce072:192.168.36.84:33769, 66ab88db-d69f-4f96-9860-b898e5399db4:192.168.36.84:42907], old=null
2019-09-24 21:20:27,561 [java.util.concurrent.ThreadPoolExecutor$Worker@1421ea9b[State = -1, empty queue]] WARN  server.GrpcLogAppender (GrpcLogAppender.java:timeoutAppendRequest(200)) - f3cc68b9-8250-46bd-9f8b-0b9d65688440@group-307796CD6AEA->c1e0fc5a-7ae4-45d0-a105-709cc60ce072-GrpcLogAppender: appendEntries Timeout, request=f3cc68b9-8250-46bd-9f8b-0b9d65688440->c1e0fc5a-7ae4-45d0-a105-709cc60ce072#4-t4, previous=(t:4, i:0), leaderCommit=0, initializing? false, entries: <empty>
2019-09-24 21:20:27,567 [f3cc68b9-8250-46bd-9f8b-0b9d65688440@group-A58B6DB2432C:LeaderElection87] INFO  impl.LeaderElection (LogUtils.java:infoOrTrace(149)) -   Exception 0: {}
java.util.concurrent.ExecutionException: org.apache.ratis.thirdparty.io.grpc.StatusRuntimeException: INTERNAL: c1e0fc5a-7ae4-45d0-a105-709cc60ce072: group-A58B6DB2432C not found.
	at java.util.concurrent.FutureTask.report(FutureTask.java:122)
	at java.util.concurrent.FutureTask.get(FutureTask.java:192)
	at org.apache.ratis.server.impl.LeaderElection.waitForResults(LeaderElection.java:263)
	at org.apache.ratis.server.impl.LeaderElection.askForVotes(LeaderElection.java:201)
	at org.apache.ratis.server.impl.LeaderElection.run(LeaderElection.java:133)
	at java.lang.Thread.run(Thread.java:748)
Caused by: org.apache.ratis.thirdparty.io.grpc.StatusRuntimeException: INTERNAL: c1e0fc5a-7ae4-45d0-a105-709cc60ce072: group-A58B6DB2432C not found.
	at org.apache.ratis.thirdparty.io.grpc.stub.ClientCalls.toStatusRuntimeException(ClientCalls.java:233)
	at org.apache.ratis.thirdparty.io.grpc.stub.ClientCalls.getUnchecked(ClientCalls.java:214)
	at org.apache.ratis.thirdparty.io.grpc.stub.ClientCalls.blockingUnaryCall(ClientCalls.java:139)
	at org.apache.ratis.proto.grpc.RaftServerProtocolServiceGrpc$RaftServerProtocolServiceBlockingStub.requestVote(RaftServerProtocolServiceGrpc.java:265)
	at org.apache.ratis.grpc.server.GrpcServerProtocolClient.requestVote(GrpcServerProtocolClient.java:90)
	at org.apache.ratis.grpc.server.GrpcService.requestVote(GrpcService.java:204)
	at org.apache.ratis.server.impl.LeaderElection.lambda$submitRequests$1(LeaderElection.java:238)
	at java.util.concurrent.FutureTask.run(FutureTask.java:266)
	at java.util.concurrent.Executors$RunnableAdapter.call(Executors.java:511)
	at java.util.concurrent.FutureTask.run(FutureTask.java:266)
	at java.util.concurrent.ThreadPoolExecutor.runWorker(ThreadPoolExecutor.java:1149)
	at java.util.concurrent.ThreadPoolExecutor$Worker.run(ThreadPoolExecutor.java:624)
	... 1 more
2019-09-24 21:20:27,566 [66ab88db-d69f-4f96-9860-b898e5399db4@group-A58B6DB2432C:LeaderElection88] INFO  impl.RoleInfo (RoleInfo.java:shutdownLeaderElection(134)) - 66ab88db-d69f-4f96-9860-b898e5399db4: shutdown LeaderElection
2019-09-24 21:20:27,567 [f3cc68b9-8250-46bd-9f8b-0b9d65688440@group-A58B6DB2432C:LeaderElection87] INFO  impl.RaftServerImpl (RaftServerImpl.java:setRole(174)) - f3cc68b9-8250-46bd-9f8b-0b9d65688440@group-A58B6DB2432C: changes role from CANDIDATE to FOLLOWER at term 5 for DISCOVERED_A_NEW_TERM
2019-09-24 21:20:27,567 [f3cc68b9-8250-46bd-9f8b-0b9d65688440@group-A58B6DB2432C:LeaderElection87] INFO  impl.RoleInfo (RoleInfo.java:shutdownLeaderElection(134)) - f3cc68b9-8250-46bd-9f8b-0b9d65688440: shutdown LeaderElection
2019-09-24 21:20:27,567 [f3cc68b9-8250-46bd-9f8b-0b9d65688440@group-A58B6DB2432C:LeaderElection87] INFO  impl.RoleInfo (RoleInfo.java:updateAndGet(143)) - f3cc68b9-8250-46bd-9f8b-0b9d65688440: start FollowerState
2019-09-24 21:20:27,567 [66ab88db-d69f-4f96-9860-b898e5399db4@group-A58B6DB2432C:LeaderElection88] INFO  impl.RoleInfo (RoleInfo.java:updateAndGet(143)) - 66ab88db-d69f-4f96-9860-b898e5399db4: start FollowerState
2019-09-24 21:20:27,880 [java.util.concurrent.ThreadPoolExecutor$Worker@4d6851c3[State = -1, empty queue]] WARN  server.GrpcLogAppender (GrpcLogAppender.java:timeoutAppendRequest(200)) - c1e0fc5a-7ae4-45d0-a105-709cc60ce072@group-71677AE0A12A->66ab88db-d69f-4f96-9860-b898e5399db4-GrpcLogAppender: appendEntries Timeout, request=c1e0fc5a-7ae4-45d0-a105-709cc60ce072->66ab88db-d69f-4f96-9860-b898e5399db4#3-t5, previous=(t:5, i:1), leaderCommit=0, initializing? false, entries: <empty>
2019-09-24 21:20:27,880 [java.util.concurrent.ThreadPoolExecutor$Worker@68c0ef83[State = -1, empty queue]] WARN  server.GrpcLogAppender (GrpcLogAppender.java:timeoutAppendRequest(200)) - c1e0fc5a-7ae4-45d0-a105-709cc60ce072@group-71677AE0A12A->f3cc68b9-8250-46bd-9f8b-0b9d65688440-GrpcLogAppender: appendEntries Timeout, request=c1e0fc5a-7ae4-45d0-a105-709cc60ce072->f3cc68b9-8250-46bd-9f8b-0b9d65688440#3-t5, previous=(t:5, i:1), leaderCommit=0, initializing? false, entries: <empty>
2019-09-24 21:20:28,631 [grpc-default-executor-9] INFO  impl.RaftServerProxy (RaftServerProxy.java:remove(95)) - 66ab88db-d69f-4f96-9860-b898e5399db4: remove  FOLLOWER 66ab88db-d69f-4f96-9860-b898e5399db4@group-A58B6DB2432C:t5, leader=null, voted=66ab88db-d69f-4f96-9860-b898e5399db4, raftlog=66ab88db-d69f-4f96-9860-b898e5399db4@group-A58B6DB2432C-SegmentedRaftLog:OPENED:c0,f0,i0, conf=0: [f3cc68b9-8250-46bd-9f8b-0b9d65688440:192.168.36.84:35502, c1e0fc5a-7ae4-45d0-a105-709cc60ce072:192.168.36.84:33769, 66ab88db-d69f-4f96-9860-b898e5399db4:192.168.36.84:42907], old=null RUNNING
2019-09-24 21:20:28,632 [grpc-default-executor-9] INFO  impl.RaftServerImpl (RaftServerImpl.java:lambda$shutdown$3(251)) - 66ab88db-d69f-4f96-9860-b898e5399db4@group-A58B6DB2432C: shutdown
2019-09-24 21:20:28,632 [grpc-default-executor-9] INFO  util.JmxRegister (JmxRegister.java:unregister(73)) - Successfully un-registered JMX Bean with object name Ratis:service=RaftServer,group=group-A58B6DB2432C,id=66ab88db-d69f-4f96-9860-b898e5399db4
2019-09-24 21:20:28,633 [grpc-default-executor-9] INFO  impl.RoleInfo (RoleInfo.java:shutdownFollowerState(121)) - 66ab88db-d69f-4f96-9860-b898e5399db4: shutdown FollowerState
2019-09-24 21:20:28,633 [grpc-default-executor-9] INFO  impl.StateMachineUpdater (StateMachineUpdater.java:stopAndJoin(125)) - 66ab88db-d69f-4f96-9860-b898e5399db4@group-A58B6DB2432C-StateMachineUpdater: set stopIndex = 0
2019-09-24 21:20:28,633 [Thread-813] INFO  impl.FollowerState (FollowerState.java:run(115)) - 66ab88db-d69f-4f96-9860-b898e5399db4: FollowerState was interrupted: java.lang.InterruptedException: sleep interrupted
2019-09-24 21:20:28,633 [grpc-default-executor-9] INFO  impl.RaftServerImpl (ServerState.java:close(385)) - 66ab88db-d69f-4f96-9860-b898e5399db4@group-A58B6DB2432C: closes. applyIndex: 0
2019-09-24 21:20:28,634 [66ab88db-d69f-4f96-9860-b898e5399db4@group-A58B6DB2432C-SegmentedRaftLogWorker] INFO  segmented.SegmentedRaftLogWorker (SegmentedRaftLogWorker.java:run(313)) - 66ab88db-d69f-4f96-9860-b898e5399db4@group-A58B6DB2432C-SegmentedRaftLogWorker was interrupted, exiting. There are 0 tasks remaining in the queue.
2019-09-24 21:20:28,636 [grpc-default-executor-9] INFO  segmented.SegmentedRaftLogWorker (SegmentedRaftLogWorker.java:close(228)) - 66ab88db-d69f-4f96-9860-b898e5399db4@group-A58B6DB2432C-SegmentedRaftLogWorker close()
2019-09-24 21:20:28,645 [grpc-default-executor-9] INFO  impl.RaftServerProxy (RaftServerProxy.java:remove(95)) - 66ab88db-d69f-4f96-9860-b898e5399db4: remove    LEADER 66ab88db-d69f-4f96-9860-b898e5399db4@group-C467C04FCD85:t4, leader=66ab88db-d69f-4f96-9860-b898e5399db4, voted=66ab88db-d69f-4f96-9860-b898e5399db4, raftlog=66ab88db-d69f-4f96-9860-b898e5399db4@group-C467C04FCD85-SegmentedRaftLog:OPENED:c0,f0,i0, conf=0: [f3cc68b9-8250-46bd-9f8b-0b9d65688440:192.168.36.84:35502, c1e0fc5a-7ae4-45d0-a105-709cc60ce072:192.168.36.84:33769, 66ab88db-d69f-4f96-9860-b898e5399db4:192.168.36.84:42907], old=null RUNNING
2019-09-24 21:20:28,645 [grpc-default-executor-9] INFO  impl.RaftServerImpl (RaftServerImpl.java:lambda$shutdown$3(251)) - 66ab88db-d69f-4f96-9860-b898e5399db4@group-C467C04FCD85: shutdown
2019-09-24 21:20:28,645 [grpc-default-executor-9] INFO  util.JmxRegister (JmxRegister.java:unregister(73)) - Successfully un-registered JMX Bean with object name Ratis:service=RaftServer,group=group-C467C04FCD85,id=66ab88db-d69f-4f96-9860-b898e5399db4
2019-09-24 21:20:28,645 [grpc-default-executor-9] INFO  impl.RoleInfo (RoleInfo.java:shutdownLeaderState(104)) - 66ab88db-d69f-4f96-9860-b898e5399db4: shutdown LeaderState
2019-09-24 21:20:28,648 [grpc-default-executor-9] INFO  impl.PendingRequests (PendingRequests.java:sendNotLeaderResponses(202)) - 66ab88db-d69f-4f96-9860-b898e5399db4-PendingRequests: sendNotLeaderResponses
2019-09-24 21:20:28,648 [org.apache.ratis.server.impl.LogAppender$AppenderDaemon$$Lambda$641/1927444256@3ed7e042] WARN  server.GrpcLogAppender (GrpcLogAppender.java:mayWait(143)) - 66ab88db-d69f-4f96-9860-b898e5399db4@group-C467C04FCD85->c1e0fc5a-7ae4-45d0-a105-709cc60ce072-GrpcLogAppender: Wait interrupted by java.lang.InterruptedException
2019-09-24 21:20:28,648 [grpc-default-executor-9] INFO  impl.StateMachineUpdater (StateMachineUpdater.java:stopAndJoin(125)) - 66ab88db-d69f-4f96-9860-b898e5399db4@group-C467C04FCD85-StateMachineUpdater: set stopIndex = 0
2019-09-24 21:20:28,648 [org.apache.ratis.server.impl.LogAppender$AppenderDaemon$$Lambda$641/1927444256@6ac9a644] WARN  server.GrpcLogAppender (GrpcLogAppender.java:mayWait(143)) - 66ab88db-d69f-4f96-9860-b898e5399db4@group-C467C04FCD85->f3cc68b9-8250-46bd-9f8b-0b9d65688440-GrpcLogAppender: Wait interrupted by java.lang.InterruptedException
2019-09-24 21:20:28,649 [grpc-default-executor-9] INFO  impl.RaftServerImpl (ServerState.java:close(385)) - 66ab88db-d69f-4f96-9860-b898e5399db4@group-C467C04FCD85: closes. applyIndex: 0
2019-09-24 21:20:28,649 [grpc-default-executor-6] INFO  server.GrpcServerProtocolService (GrpcServerProtocolService.java:onCompleted(113)) - c1e0fc5a-7ae4-45d0-a105-709cc60ce072: Completed APPEND_ENTRIES, lastRequest: 66ab88db-d69f-4f96-9860-b898e5399db4->c1e0fc5a-7ae4-45d0-a105-709cc60ce072#5-t4, previous=(t:4, i:0), leaderCommit=0, initializing? false, entries: <empty>
2019-09-24 21:20:28,649 [66ab88db-d69f-4f96-9860-b898e5399db4@group-C467C04FCD85-SegmentedRaftLogWorker] INFO  segmented.SegmentedRaftLogWorker (SegmentedRaftLogWorker.java:run(313)) - 66ab88db-d69f-4f96-9860-b898e5399db4@group-C467C04FCD85-SegmentedRaftLogWorker was interrupted, exiting. There are 0 tasks remaining in the queue.
2019-09-24 21:20:28,649 [grpc-default-executor-4] INFO  server.GrpcServerProtocolService (GrpcServerProtocolService.java:onCompleted(113)) - f3cc68b9-8250-46bd-9f8b-0b9d65688440: Completed APPEND_ENTRIES, lastRequest: 66ab88db-d69f-4f96-9860-b898e5399db4->f3cc68b9-8250-46bd-9f8b-0b9d65688440#5-t4, previous=(t:4, i:0), leaderCommit=0, initializing? false, entries: <empty>
2019-09-24 21:20:28,650 [grpc-default-executor-9] INFO  segmented.SegmentedRaftLogWorker (SegmentedRaftLogWorker.java:close(228)) - 66ab88db-d69f-4f96-9860-b898e5399db4@group-C467C04FCD85-SegmentedRaftLogWorker close()
2019-09-24 21:20:28,650 [grpc-default-executor-4] INFO  server.GrpcLogAppender (GrpcLogAppender.java:onCompleted(293)) - 66ab88db-d69f-4f96-9860-b898e5399db4@group-C467C04FCD85->c1e0fc5a-7ae4-45d0-a105-709cc60ce072-AppendLogResponseHandler: follower responses appendEntries COMPLETED
2019-09-24 21:20:28,653 [grpc-default-executor-6] INFO  server.GrpcLogAppender (GrpcLogAppender.java:onCompleted(293)) - 66ab88db-d69f-4f96-9860-b898e5399db4@group-C467C04FCD85->f3cc68b9-8250-46bd-9f8b-0b9d65688440-AppendLogResponseHandler: follower responses appendEntries COMPLETED
2019-09-24 21:20:28,654 [grpc-default-executor-4] INFO  impl.FollowerInfo (FollowerInfo.java:lambda$new$0(51)) - 66ab88db-d69f-4f96-9860-b898e5399db4@group-C467C04FCD85->c1e0fc5a-7ae4-45d0-a105-709cc60ce072: nextIndex: updateUnconditionally 1 -> 0
2019-09-24 21:20:28,654 [grpc-default-executor-6] INFO  impl.FollowerInfo (FollowerInfo.java:lambda$new$0(51)) - 66ab88db-d69f-4f96-9860-b898e5399db4@group-C467C04FCD85->f3cc68b9-8250-46bd-9f8b-0b9d65688440: nextIndex: updateUnconditionally 1 -> 0
2019-09-24 21:20:28,656 [grpc-default-executor-5] WARN  server.GrpcLogAppender (LogUtils.java:warn(134)) - 66ab88db-d69f-4f96-9860-b898e5399db4@group-A918B51F1DFD->c1e0fc5a-7ae4-45d0-a105-709cc60ce072-AppendLogResponseHandler: Failed appendEntries: org.apache.ratis.thirdparty.io.grpc.StatusRuntimeException: UNAVAILABLE: Channel shutdownNow invoked
2019-09-24 21:20:28,656 [grpc-default-executor-2] WARN  server.GrpcLogAppender (LogUtils.java:warn(134)) - 66ab88db-d69f-4f96-9860-b898e5399db4@group-A26FF7157983->c1e0fc5a-7ae4-45d0-a105-709cc60ce072-AppendLogResponseHandler: Failed appendEntries: org.apache.ratis.thirdparty.io.grpc.StatusRuntimeException: UNAVAILABLE: Channel shutdownNow invoked
2019-09-24 21:20:28,656 [grpc-default-executor-7] WARN  server.GrpcLogAppender (LogUtils.java:warn(134)) - 66ab88db-d69f-4f96-9860-b898e5399db4@group-A26FF7157983->f3cc68b9-8250-46bd-9f8b-0b9d65688440-AppendLogResponseHandler: Failed appendEntries: org.apache.ratis.thirdparty.io.grpc.StatusRuntimeException: UNAVAILABLE: Channel shutdownNow invoked
2019-09-24 21:20:28,656 [grpc-default-executor-1] WARN  server.GrpcLogAppender (LogUtils.java:warn(134)) - 66ab88db-d69f-4f96-9860-b898e5399db4@group-A918B51F1DFD->f3cc68b9-8250-46bd-9f8b-0b9d65688440-AppendLogResponseHandler: Failed appendEntries: org.apache.ratis.thirdparty.io.grpc.StatusRuntimeException: UNAVAILABLE: Channel shutdownNow invoked
2019-09-24 21:20:28,657 [grpc-default-executor-7] INFO  impl.FollowerInfo (FollowerInfo.java:lambda$new$0(51)) - 66ab88db-d69f-4f96-9860-b898e5399db4@group-A26FF7157983->f3cc68b9-8250-46bd-9f8b-0b9d65688440: nextIndex: updateUnconditionally 1 -> 0
2019-09-24 21:20:28,656 [grpc-default-executor-2] INFO  impl.FollowerInfo (FollowerInfo.java:lambda$new$0(51)) - 66ab88db-d69f-4f96-9860-b898e5399db4@group-A26FF7157983->c1e0fc5a-7ae4-45d0-a105-709cc60ce072: nextIndex: updateUnconditionally 1 -> 0
2019-09-24 21:20:28,656 [grpc-default-executor-5] INFO  impl.FollowerInfo (FollowerInfo.java:lambda$new$0(51)) - 66ab88db-d69f-4f96-9860-b898e5399db4@group-A918B51F1DFD->c1e0fc5a-7ae4-45d0-a105-709cc60ce072: nextIndex: updateUnconditionally 0 -> 0
2019-09-24 21:20:28,657 [grpc-default-executor-1] INFO  impl.FollowerInfo (FollowerInfo.java:lambda$new$0(51)) - 66ab88db-d69f-4f96-9860-b898e5399db4@group-A918B51F1DFD->f3cc68b9-8250-46bd-9f8b-0b9d65688440: nextIndex: updateUnconditionally 1 -> 0
2019-09-24 21:20:28,658 [grpc-default-executor-9] WARN  server.GrpcServerProtocolService (LogUtils.java:warn(134)) - c1e0fc5a-7ae4-45d0-a105-709cc60ce072: installSnapshot onError, lastRequest: 66ab88db-d69f-4f96-9860-b898e5399db4->c1e0fc5a-7ae4-45d0-a105-709cc60ce072#5-t4, previous=(t:4, i:0), leaderCommit=0, initializing? false, entries: <empty>: org.apache.ratis.thirdparty.io.grpc.StatusRuntimeException: CANCELLED: cancelled before receiving half close
2019-09-24 21:20:28,658 [grpc-default-executor-6] WARN  server.GrpcServerProtocolService (LogUtils.java:warn(134)) - f3cc68b9-8250-46bd-9f8b-0b9d65688440: installSnapshot onError, lastRequest: 66ab88db-d69f-4f96-9860-b898e5399db4->f3cc68b9-8250-46bd-9f8b-0b9d65688440#3-t5, previous=(t:5, i:0), leaderCommit=0, initializing? false, entries: <empty>: org.apache.ratis.thirdparty.io.grpc.StatusRuntimeException: CANCELLED: cancelled before receiving half close
2019-09-24 21:20:28,658 [grpc-default-executor-7] WARN  server.GrpcServerProtocolService (LogUtils.java:warn(134)) - f3cc68b9-8250-46bd-9f8b-0b9d65688440: installSnapshot onError, lastRequest: 66ab88db-d69f-4f96-9860-b898e5399db4->f3cc68b9-8250-46bd-9f8b-0b9d65688440#5-t4, previous=(t:4, i:0), leaderCommit=0, initializing? false, entries: <empty>: org.apache.ratis.thirdparty.io.grpc.StatusRuntimeException: CANCELLED: cancelled before receiving half close
2019-09-24 21:20:28,658 [grpc-default-executor-1] WARN  server.GrpcServerProtocolService (LogUtils.java:warn(134)) - c1e0fc5a-7ae4-45d0-a105-709cc60ce072: installSnapshot onError, lastRequest: 66ab88db-d69f-4f96-9860-b898e5399db4->c1e0fc5a-7ae4-45d0-a105-709cc60ce072#1-t5, previous=(t:0, i:0), leaderCommit=0, initializing? false, entries: <empty>: org.apache.ratis.thirdparty.io.grpc.StatusRuntimeException: CANCELLED: cancelled before receiving half close
2019-09-24 21:20:28,664 [grpc-default-executor-2] INFO  impl.RaftServerProxy (RaftServerProxy.java:remove(95)) - 66ab88db-d69f-4f96-9860-b898e5399db4: remove  FOLLOWER 66ab88db-d69f-4f96-9860-b898e5399db4@group-307796CD6AEA:t4, leader=f3cc68b9-8250-46bd-9f8b-0b9d65688440, voted=66ab88db-d69f-4f96-9860-b898e5399db4, raftlog=66ab88db-d69f-4f96-9860-b898e5399db4@group-307796CD6AEA-SegmentedRaftLog:OPENED:c0,f0,i0, conf=0: [f3cc68b9-8250-46bd-9f8b-0b9d65688440:192.168.36.84:35502, c1e0fc5a-7ae4-45d0-a105-709cc60ce072:192.168.36.84:33769, 66ab88db-d69f-4f96-9860-b898e5399db4:192.168.36.84:42907], old=null RUNNING
2019-09-24 21:20:28,665 [grpc-default-executor-2] INFO  impl.RaftServerImpl (RaftServerImpl.java:lambda$shutdown$3(251)) - 66ab88db-d69f-4f96-9860-b898e5399db4@group-307796CD6AEA: shutdown
2019-09-24 21:20:28,665 [grpc-default-executor-2] INFO  util.JmxRegister (JmxRegister.java:unregister(73)) - Successfully un-registered JMX Bean with object name Ratis:service=RaftServer,group=group-307796CD6AEA,id=66ab88db-d69f-4f96-9860-b898e5399db4
2019-09-24 21:20:28,666 [grpc-default-executor-2] INFO  impl.RoleInfo (RoleInfo.java:shutdownFollowerState(121)) - 66ab88db-d69f-4f96-9860-b898e5399db4: shutdown FollowerState
2019-09-24 21:20:28,666 [grpc-default-executor-2] INFO  impl.StateMachineUpdater (StateMachineUpdater.java:stopAndJoin(125)) - 66ab88db-d69f-4f96-9860-b898e5399db4@group-307796CD6AEA-StateMachineUpdater: set stopIndex = 0
2019-09-24 21:20:28,667 [Thread-678] INFO  impl.FollowerState (FollowerState.java:run(115)) - 66ab88db-d69f-4f96-9860-b898e5399db4: FollowerState was interrupted: java.lang.InterruptedException: sleep interrupted
2019-09-24 21:20:28,667 [grpc-default-executor-2] INFO  impl.RaftServerImpl (ServerState.java:close(385)) - 66ab88db-d69f-4f96-9860-b898e5399db4@group-307796CD6AEA: closes. applyIndex: 0
2019-09-24 21:20:28,669 [66ab88db-d69f-4f96-9860-b898e5399db4@group-307796CD6AEA-SegmentedRaftLogWorker] INFO  segmented.SegmentedRaftLogWorker (SegmentedRaftLogWorker.java:run(313)) - 66ab88db-d69f-4f96-9860-b898e5399db4@group-307796CD6AEA-SegmentedRaftLogWorker was interrupted, exiting. There are 0 tasks remaining in the queue.
2019-09-24 21:20:28,670 [grpc-default-executor-2] INFO  segmented.SegmentedRaftLogWorker (SegmentedRaftLogWorker.java:close(228)) - 66ab88db-d69f-4f96-9860-b898e5399db4@group-307796CD6AEA-SegmentedRaftLogWorker close()
2019-09-24 21:20:28,679 [grpc-default-executor-2] INFO  impl.RaftServerProxy (RaftServerProxy.java:remove(95)) - 66ab88db-d69f-4f96-9860-b898e5399db4: remove    LEADER 66ab88db-d69f-4f96-9860-b898e5399db4@group-A918B51F1DFD:t5, leader=66ab88db-d69f-4f96-9860-b898e5399db4, voted=66ab88db-d69f-4f96-9860-b898e5399db4, raftlog=66ab88db-d69f-4f96-9860-b898e5399db4@group-A918B51F1DFD-SegmentedRaftLog:OPENED:c0,f0,i0, conf=0: [f3cc68b9-8250-46bd-9f8b-0b9d65688440:192.168.36.84:35502, c1e0fc5a-7ae4-45d0-a105-709cc60ce072:192.168.36.84:33769, 66ab88db-d69f-4f96-9860-b898e5399db4:192.168.36.84:42907], old=null RUNNING
2019-09-24 21:20:28,679 [grpc-default-executor-2] INFO  impl.RaftServerImpl (RaftServerImpl.java:lambda$shutdown$3(251)) - 66ab88db-d69f-4f96-9860-b898e5399db4@group-A918B51F1DFD: shutdown
2019-09-24 21:20:28,680 [grpc-default-executor-2] INFO  util.JmxRegister (JmxRegister.java:unregister(73)) - Successfully un-registered JMX Bean with object name Ratis:service=RaftServer,group=group-A918B51F1DFD,id=66ab88db-d69f-4f96-9860-b898e5399db4
2019-09-24 21:20:28,680 [grpc-default-executor-2] INFO  impl.RoleInfo (RoleInfo.java:shutdownLeaderState(104)) - 66ab88db-d69f-4f96-9860-b898e5399db4: shutdown LeaderState
2019-09-24 21:20:28,683 [org.apache.ratis.server.impl.LogAppender$AppenderDaemon$$Lambda$641/1927444256@19569f6a] WARN  server.GrpcLogAppender (GrpcLogAppender.java:mayWait(143)) - 66ab88db-d69f-4f96-9860-b898e5399db4@group-A918B51F1DFD->f3cc68b9-8250-46bd-9f8b-0b9d65688440-GrpcLogAppender: Wait interrupted by java.lang.InterruptedException
2019-09-24 21:20:28,683 [grpc-default-executor-2] INFO  impl.PendingRequests (PendingRequests.java:sendNotLeaderResponses(202)) - 66ab88db-d69f-4f96-9860-b898e5399db4-PendingRequests: sendNotLeaderResponses
2019-09-24 21:20:28,683 [org.apache.ratis.server.impl.LogAppender$AppenderDaemon$$Lambda$641/1927444256@2cc06e65] WARN  server.GrpcLogAppender (GrpcLogAppender.java:mayWait(143)) - 66ab88db-d69f-4f96-9860-b898e5399db4@group-A918B51F1DFD->c1e0fc5a-7ae4-45d0-a105-709cc60ce072-GrpcLogAppender: Wait interrupted by java.lang.InterruptedException
2019-09-24 21:20:28,683 [grpc-default-executor-2] INFO  impl.StateMachineUpdater (StateMachineUpdater.java:stopAndJoin(125)) - 66ab88db-d69f-4f96-9860-b898e5399db4@group-A918B51F1DFD-StateMachineUpdater: set stopIndex = 0
2019-09-24 21:20:28,683 [grpc-default-executor-2] INFO  impl.RaftServerImpl (ServerState.java:close(385)) - 66ab88db-d69f-4f96-9860-b898e5399db4@group-A918B51F1DFD: closes. applyIndex: 0
2019-09-24 21:20:28,683 [66ab88db-d69f-4f96-9860-b898e5399db4@group-A918B51F1DFD-SegmentedRaftLogWorker] INFO  segmented.SegmentedRaftLogWorker (SegmentedRaftLogWorker.java:run(313)) - 66ab88db-d69f-4f96-9860-b898e5399db4@group-A918B51F1DFD-SegmentedRaftLogWorker was interrupted, exiting. There are 0 tasks remaining in the queue.
2019-09-24 21:20:28,685 [grpc-default-executor-2] INFO  segmented.SegmentedRaftLogWorker (SegmentedRaftLogWorker.java:close(228)) - 66ab88db-d69f-4f96-9860-b898e5399db4@group-A918B51F1DFD-SegmentedRaftLogWorker close()
2019-09-24 21:20:28,692 [grpc-default-executor-2] INFO  impl.RaftServerProxy (RaftServerProxy.java:remove(95)) - 66ab88db-d69f-4f96-9860-b898e5399db4: remove  FOLLOWER 66ab88db-d69f-4f96-9860-b898e5399db4@group-E596A2B7CC13:t6, leader=f3cc68b9-8250-46bd-9f8b-0b9d65688440, voted=f3cc68b9-8250-46bd-9f8b-0b9d65688440, raftlog=66ab88db-d69f-4f96-9860-b898e5399db4@group-E596A2B7CC13-SegmentedRaftLog:OPENED:c0,f0,i0, conf=0: [f3cc68b9-8250-46bd-9f8b-0b9d65688440:192.168.36.84:35502, c1e0fc5a-7ae4-45d0-a105-709cc60ce072:192.168.36.84:33769, 66ab88db-d69f-4f96-9860-b898e5399db4:192.168.36.84:42907], old=null RUNNING
2019-09-24 21:20:28,692 [grpc-default-executor-2] INFO  impl.RaftServerImpl (RaftServerImpl.java:lambda$shutdown$3(251)) - 66ab88db-d69f-4f96-9860-b898e5399db4@group-E596A2B7CC13: shutdown
2019-09-24 21:20:28,692 [grpc-default-executor-2] INFO  util.JmxRegister (JmxRegister.java:unregister(73)) - Successfully un-registered JMX Bean with object name Ratis:service=RaftServer,group=group-E596A2B7CC13,id=66ab88db-d69f-4f96-9860-b898e5399db4
2019-09-24 21:20:28,692 [grpc-default-executor-2] INFO  impl.RoleInfo (RoleInfo.java:shutdownFollowerState(121)) - 66ab88db-d69f-4f96-9860-b898e5399db4: shutdown FollowerState
2019-09-24 21:20:28,692 [grpc-default-executor-2] INFO  impl.StateMachineUpdater (StateMachineUpdater.java:stopAndJoin(125)) - 66ab88db-d69f-4f96-9860-b898e5399db4@group-E596A2B7CC13-StateMachineUpdater: set stopIndex = 0
2019-09-24 21:20:28,692 [Thread-648] INFO  impl.FollowerState (FollowerState.java:run(115)) - 66ab88db-d69f-4f96-9860-b898e5399db4: FollowerState was interrupted: java.lang.InterruptedException: sleep interrupted
2019-09-24 21:20:28,693 [grpc-default-executor-2] INFO  impl.RaftServerImpl (ServerState.java:close(385)) - 66ab88db-d69f-4f96-9860-b898e5399db4@group-E596A2B7CC13: closes. applyIndex: 0
2019-09-24 21:20:28,693 [66ab88db-d69f-4f96-9860-b898e5399db4@group-E596A2B7CC13-SegmentedRaftLogWorker] INFO  segmented.SegmentedRaftLogWorker (SegmentedRaftLogWorker.java:run(313)) - 66ab88db-d69f-4f96-9860-b898e5399db4@group-E596A2B7CC13-SegmentedRaftLogWorker was interrupted, exiting. There are 0 tasks remaining in the queue.
2019-09-24 21:20:28,698 [grpc-default-executor-2] INFO  segmented.SegmentedRaftLogWorker (SegmentedRaftLogWorker.java:close(228)) - 66ab88db-d69f-4f96-9860-b898e5399db4@group-E596A2B7CC13-SegmentedRaftLogWorker close()
2019-09-24 21:20:28,704 [grpc-default-executor-2] INFO  impl.RaftServerProxy (RaftServerProxy.java:remove(95)) - 66ab88db-d69f-4f96-9860-b898e5399db4: remove    LEADER 66ab88db-d69f-4f96-9860-b898e5399db4@group-A26FF7157983:t4, leader=66ab88db-d69f-4f96-9860-b898e5399db4, voted=66ab88db-d69f-4f96-9860-b898e5399db4, raftlog=66ab88db-d69f-4f96-9860-b898e5399db4@group-A26FF7157983-SegmentedRaftLog:OPENED:c0,f0,i0, conf=0: [f3cc68b9-8250-46bd-9f8b-0b9d65688440:192.168.36.84:35502, c1e0fc5a-7ae4-45d0-a105-709cc60ce072:192.168.36.84:33769, 66ab88db-d69f-4f96-9860-b898e5399db4:192.168.36.84:42907], old=null RUNNING
2019-09-24 21:20:28,704 [grpc-default-executor-2] INFO  impl.RaftServerImpl (RaftServerImpl.java:lambda$shutdown$3(251)) - 66ab88db-d69f-4f96-9860-b898e5399db4@group-A26FF7157983: shutdown
2019-09-24 21:20:28,704 [grpc-default-executor-2] INFO  util.JmxRegister (JmxRegister.java:unregister(73)) - Successfully un-registered JMX Bean with object name Ratis:service=RaftServer,group=group-A26FF7157983,id=66ab88db-d69f-4f96-9860-b898e5399db4
2019-09-24 21:20:28,704 [grpc-default-executor-2] INFO  impl.RoleInfo (RoleInfo.java:shutdownLeaderState(104)) - 66ab88db-d69f-4f96-9860-b898e5399db4: shutdown LeaderState
2019-09-24 21:20:28,707 [grpc-default-executor-2] INFO  impl.PendingRequests (PendingRequests.java:sendNotLeaderResponses(202)) - 66ab88db-d69f-4f96-9860-b898e5399db4-PendingRequests: sendNotLeaderResponses
2019-09-24 21:20:28,707 [org.apache.ratis.server.impl.LogAppender$AppenderDaemon$$Lambda$641/1927444256@1d59e54a] WARN  server.GrpcLogAppender (GrpcLogAppender.java:mayWait(143)) - 66ab88db-d69f-4f96-9860-b898e5399db4@group-A26FF7157983->f3cc68b9-8250-46bd-9f8b-0b9d65688440-GrpcLogAppender: Wait interrupted by java.lang.InterruptedException
2019-09-24 21:20:28,707 [grpc-default-executor-2] INFO  impl.StateMachineUpdater (StateMachineUpdater.java:stopAndJoin(125)) - 66ab88db-d69f-4f96-9860-b898e5399db4@group-A26FF7157983-StateMachineUpdater: set stopIndex = 0
2019-09-24 21:20:28,707 [org.apache.ratis.server.impl.LogAppender$AppenderDaemon$$Lambda$641/1927444256@3907de75] WARN  server.GrpcLogAppender (GrpcLogAppender.java:mayWait(143)) - 66ab88db-d69f-4f96-9860-b898e5399db4@group-A26FF7157983->c1e0fc5a-7ae4-45d0-a105-709cc60ce072-GrpcLogAppender: Wait interrupted by java.lang.InterruptedException
2019-09-24 21:20:28,707 [grpc-default-executor-2] INFO  impl.RaftServerImpl (ServerState.java:close(385)) - 66ab88db-d69f-4f96-9860-b898e5399db4@group-A26FF7157983: closes. applyIndex: 0
2019-09-24 21:20:28,707 [66ab88db-d69f-4f96-9860-b898e5399db4@group-A26FF7157983-SegmentedRaftLogWorker] INFO  segmented.SegmentedRaftLogWorker (SegmentedRaftLogWorker.java:run(313)) - 66ab88db-d69f-4f96-9860-b898e5399db4@group-A26FF7157983-SegmentedRaftLogWorker was interrupted, exiting. There are 0 tasks remaining in the queue.
2019-09-24 21:20:28,708 [grpc-default-executor-2] INFO  segmented.SegmentedRaftLogWorker (SegmentedRaftLogWorker.java:close(228)) - 66ab88db-d69f-4f96-9860-b898e5399db4@group-A26FF7157983-SegmentedRaftLogWorker close()
2019-09-24 21:20:30,060 [java.util.concurrent.ThreadPoolExecutor$Worker@5df1f1dd[State = -1, empty queue]] WARN  server.GrpcLogAppender (GrpcLogAppender.java:timeoutAppendRequest(200)) - f3cc68b9-8250-46bd-9f8b-0b9d65688440@group-E596A2B7CC13->c1e0fc5a-7ae4-45d0-a105-709cc60ce072-GrpcLogAppender: appendEntries Timeout, request=f3cc68b9-8250-46bd-9f8b-0b9d65688440->c1e0fc5a-7ae4-45d0-a105-709cc60ce072#5-t6, previous=(t:6, i:0), leaderCommit=0, initializing? false, entries: <empty>
2019-09-24 21:20:30,061 [java.util.concurrent.ThreadPoolExecutor$Worker@1421ea9b[State = -1, empty queue]] WARN  server.GrpcLogAppender (GrpcLogAppender.java:timeoutAppendRequest(200)) - f3cc68b9-8250-46bd-9f8b-0b9d65688440@group-307796CD6AEA->c1e0fc5a-7ae4-45d0-a105-709cc60ce072-GrpcLogAppender: appendEntries Timeout, request=f3cc68b9-8250-46bd-9f8b-0b9d65688440->c1e0fc5a-7ae4-45d0-a105-709cc60ce072#5-t4, previous=(t:4, i:0), leaderCommit=0, initializing? false, entries: <empty>
2019-09-24 21:20:30,381 [java.util.concurrent.ThreadPoolExecutor$Worker@4d6851c3[State = -1, empty queue]] WARN  server.GrpcLogAppender (GrpcLogAppender.java:timeoutAppendRequest(200)) - c1e0fc5a-7ae4-45d0-a105-709cc60ce072@group-71677AE0A12A->66ab88db-d69f-4f96-9860-b898e5399db4-GrpcLogAppender: appendEntries Timeout, request=c1e0fc5a-7ae4-45d0-a105-709cc60ce072->66ab88db-d69f-4f96-9860-b898e5399db4#4-t5, previous=(t:5, i:1), leaderCommit=0, initializing? false, entries: <empty>
2019-09-24 21:20:30,381 [java.util.concurrent.ThreadPoolExecutor$Worker@68c0ef83[State = -1, empty queue]] WARN  server.GrpcLogAppender (GrpcLogAppender.java:timeoutAppendRequest(200)) - c1e0fc5a-7ae4-45d0-a105-709cc60ce072@group-71677AE0A12A->f3cc68b9-8250-46bd-9f8b-0b9d65688440-GrpcLogAppender: appendEntries Timeout, request=c1e0fc5a-7ae4-45d0-a105-709cc60ce072->f3cc68b9-8250-46bd-9f8b-0b9d65688440#4-t5, previous=(t:5, i:1), leaderCommit=0, initializing? false, entries: <empty>
2019-09-24 21:20:31,971 [grpc-default-executor-2] WARN  server.GrpcLogAppender (GrpcLogAppender.java:onNextImpl(251)) - c1e0fc5a-7ae4-45d0-a105-709cc60ce072@group-71677AE0A12A->66ab88db-d69f-4f96-9860-b898e5399db4-AppendLogResponseHandler: Request not found, ignoring reply: c1e0fc5a-7ae4-45d0-a105-709cc60ce072<-66ab88db-d69f-4f96-9860-b898e5399db4#2:OK,SUCCESS,nextIndex:2,term:5,followerCommit:0
2019-09-24 21:20:31,976 [grpc-default-executor-2] WARN  server.GrpcLogAppender (GrpcLogAppender.java:onNextImpl(251)) - c1e0fc5a-7ae4-45d0-a105-709cc60ce072@group-71677AE0A12A->66ab88db-d69f-4f96-9860-b898e5399db4-AppendLogResponseHandler: Request not found, ignoring reply: c1e0fc5a-7ae4-45d0-a105-709cc60ce072<-66ab88db-d69f-4f96-9860-b898e5399db4#3:OK,SUCCESS,nextIndex:2,term:5,followerCommit:0
2019-09-24 21:20:31,976 [grpc-default-executor-2] WARN  server.GrpcLogAppender (GrpcLogAppender.java:onNextImpl(251)) - c1e0fc5a-7ae4-45d0-a105-709cc60ce072@group-71677AE0A12A->66ab88db-d69f-4f96-9860-b898e5399db4-AppendLogResponseHandler: Request not found, ignoring reply: c1e0fc5a-7ae4-45d0-a105-709cc60ce072<-66ab88db-d69f-4f96-9860-b898e5399db4#4:OK,SUCCESS,nextIndex:2,term:5,followerCommit:0
2019-09-24 21:20:31,979 [grpc-default-executor-2] WARN  server.GrpcLogAppender (GrpcLogAppender.java:onNextImpl(251)) - c1e0fc5a-7ae4-45d0-a105-709cc60ce072@group-71677AE0A12A->f3cc68b9-8250-46bd-9f8b-0b9d65688440-AppendLogResponseHandler: Request not found, ignoring reply: c1e0fc5a-7ae4-45d0-a105-709cc60ce072<-f3cc68b9-8250-46bd-9f8b-0b9d65688440#2:OK,SUCCESS,nextIndex:2,term:5,followerCommit:0
2019-09-24 21:20:31,980 [grpc-default-executor-2] WARN  server.GrpcLogAppender (GrpcLogAppender.java:onNextImpl(251)) - c1e0fc5a-7ae4-45d0-a105-709cc60ce072@group-71677AE0A12A->f3cc68b9-8250-46bd-9f8b-0b9d65688440-AppendLogResponseHandler: Request not found, ignoring reply: c1e0fc5a-7ae4-45d0-a105-709cc60ce072<-f3cc68b9-8250-46bd-9f8b-0b9d65688440#3:OK,SUCCESS,nextIndex:2,term:5,followerCommit:0
2019-09-24 21:20:31,980 [grpc-default-executor-2] WARN  server.GrpcLogAppender (GrpcLogAppender.java:onNextImpl(251)) - c1e0fc5a-7ae4-45d0-a105-709cc60ce072@group-71677AE0A12A->f3cc68b9-8250-46bd-9f8b-0b9d65688440-AppendLogResponseHandler: Request not found, ignoring reply: c1e0fc5a-7ae4-45d0-a105-709cc60ce072<-f3cc68b9-8250-46bd-9f8b-0b9d65688440#4:OK,SUCCESS,nextIndex:2,term:5,followerCommit:0
2019-09-24 21:20:32,561 [java.util.concurrent.ThreadPoolExecutor$Worker@5df1f1dd[State = -1, empty queue]] WARN  server.GrpcLogAppender (GrpcLogAppender.java:timeoutAppendRequest(200)) - f3cc68b9-8250-46bd-9f8b-0b9d65688440@group-E596A2B7CC13->c1e0fc5a-7ae4-45d0-a105-709cc60ce072-GrpcLogAppender: appendEntries Timeout, request=f3cc68b9-8250-46bd-9f8b-0b9d65688440->c1e0fc5a-7ae4-45d0-a105-709cc60ce072#6-t6, previous=(t:6, i:0), leaderCommit=0, initializing? false, entries: <empty>
2019-09-24 21:20:32,562 [java.util.concurrent.ThreadPoolExecutor$Worker@1421ea9b[State = -1, empty queue]] WARN  server.GrpcLogAppender (GrpcLogAppender.java:timeoutAppendRequest(200)) - f3cc68b9-8250-46bd-9f8b-0b9d65688440@group-307796CD6AEA->c1e0fc5a-7ae4-45d0-a105-709cc60ce072-GrpcLogAppender: appendEntries Timeout, request=f3cc68b9-8250-46bd-9f8b-0b9d65688440->c1e0fc5a-7ae4-45d0-a105-709cc60ce072#6-t4, previous=(t:4, i:0), leaderCommit=0, initializing? false, entries: <empty>
2019-09-24 21:20:32,574 [java.util.concurrent.ThreadPoolExecutor$Worker@64ef77ba[State = -1, empty queue]] WARN  server.GrpcLogAppender (GrpcLogAppender.java:timeoutAppendRequest(200)) - f3cc68b9-8250-46bd-9f8b-0b9d65688440@group-E596A2B7CC13->66ab88db-d69f-4f96-9860-b898e5399db4-GrpcLogAppender: appendEntries Timeout, request=f3cc68b9-8250-46bd-9f8b-0b9d65688440->66ab88db-d69f-4f96-9860-b898e5399db4#6-t6, previous=(t:6, i:0), leaderCommit=0, initializing? false, entries: <empty>
2019-09-24 21:20:32,574 [java.util.concurrent.ThreadPoolExecutor$Worker@375a237e[State = -1, empty queue]] WARN  server.GrpcLogAppender (GrpcLogAppender.java:timeoutAppendRequest(200)) - f3cc68b9-8250-46bd-9f8b-0b9d65688440@group-307796CD6AEA->66ab88db-d69f-4f96-9860-b898e5399db4-GrpcLogAppender: appendEntries Timeout, request=f3cc68b9-8250-46bd-9f8b-0b9d65688440->66ab88db-d69f-4f96-9860-b898e5399db4#6-t4, previous=(t:4, i:0), leaderCommit=0, initializing? false, entries: <empty>
2019-09-24 21:20:32,604 [Thread-814] INFO  impl.FollowerState (FollowerState.java:run(106)) - f3cc68b9-8250-46bd-9f8b-0b9d65688440:group-A58B6DB2432C changes to CANDIDATE, lastRpcTime:5036, electionTimeout:5036ms
2019-09-24 21:20:32,604 [Thread-814] INFO  impl.RoleInfo (RoleInfo.java:shutdownFollowerState(121)) - f3cc68b9-8250-46bd-9f8b-0b9d65688440: shutdown FollowerState
2019-09-24 21:20:32,604 [Thread-814] INFO  impl.RaftServerImpl (RaftServerImpl.java:setRole(174)) - f3cc68b9-8250-46bd-9f8b-0b9d65688440@group-A58B6DB2432C: changes role from  FOLLOWER to CANDIDATE at term 5 for changeToCandidate
2019-09-24 21:20:32,605 [Thread-814] INFO  impl.RoleInfo (RoleInfo.java:updateAndGet(143)) - f3cc68b9-8250-46bd-9f8b-0b9d65688440: start LeaderElection
2019-09-24 21:20:32,800 [f3cc68b9-8250-46bd-9f8b-0b9d65688440@group-A58B6DB2432C:LeaderElection89] INFO  impl.LeaderElection (LeaderElection.java:askForVotes(182)) - f3cc68b9-8250-46bd-9f8b-0b9d65688440@group-A58B6DB2432C:LeaderElection89: begin an election at term 6 for 0: [f3cc68b9-8250-46bd-9f8b-0b9d65688440:192.168.36.84:35502, c1e0fc5a-7ae4-45d0-a105-709cc60ce072:192.168.36.84:33769, 66ab88db-d69f-4f96-9860-b898e5399db4:192.168.36.84:42907], old=null
2019-09-24 21:20:32,805 [grpc-default-executor-9] WARN  server.GrpcServerProtocolService (LogUtils.java:warn(136)) - c1e0fc5a-7ae4-45d0-a105-709cc60ce072: Failed requestVote f3cc68b9-8250-46bd-9f8b-0b9d65688440->c1e0fc5a-7ae4-45d0-a105-709cc60ce072#0
org.apache.ratis.protocol.GroupMismatchException: c1e0fc5a-7ae4-45d0-a105-709cc60ce072: group-A58B6DB2432C not found.
	at org.apache.ratis.server.impl.RaftServerProxy$ImplMap.get(RaftServerProxy.java:122)
	at org.apache.ratis.server.impl.RaftServerProxy.getImplFuture(RaftServerProxy.java:269)
	at org.apache.ratis.server.impl.RaftServerProxy.getImpl(RaftServerProxy.java:278)
	at org.apache.ratis.server.impl.RaftServerProxy.getImpl(RaftServerProxy.java:273)
	at org.apache.ratis.server.impl.RaftServerProxy.requestVote(RaftServerProxy.java:443)
	at org.apache.ratis.grpc.server.GrpcServerProtocolService.requestVote(GrpcServerProtocolService.java:142)
	at org.apache.ratis.proto.grpc.RaftServerProtocolServiceGrpc$MethodHandlers.invoke(RaftServerProtocolServiceGrpc.java:319)
	at org.apache.ratis.thirdparty.io.grpc.stub.ServerCalls$UnaryServerCallHandler$UnaryServerCallListener.onHalfClose(ServerCalls.java:171)
	at org.apache.ratis.thirdparty.io.grpc.internal.ServerCallImpl$ServerStreamListenerImpl.halfClosed(ServerCallImpl.java:283)
	at org.apache.ratis.thirdparty.io.grpc.internal.ServerImpl$JumpToApplicationThreadServerStreamListener$1HalfClosed.runInContext(ServerImpl.java:710)
	at org.apache.ratis.thirdparty.io.grpc.internal.ContextRunnable.run(ContextRunnable.java:37)
	at org.apache.ratis.thirdparty.io.grpc.internal.SerializingExecutor.run(SerializingExecutor.java:123)
	at java.util.concurrent.ThreadPoolExecutor.runWorker(ThreadPoolExecutor.java:1149)
	at java.util.concurrent.ThreadPoolExecutor$Worker.run(ThreadPoolExecutor.java:624)
	at java.lang.Thread.run(Thread.java:748)
2019-09-24 21:20:32,805 [grpc-default-executor-2] WARN  server.GrpcServerProtocolService (LogUtils.java:warn(136)) - 66ab88db-d69f-4f96-9860-b898e5399db4: Failed requestVote f3cc68b9-8250-46bd-9f8b-0b9d65688440->66ab88db-d69f-4f96-9860-b898e5399db4#0
org.apache.ratis.protocol.GroupMismatchException: 66ab88db-d69f-4f96-9860-b898e5399db4: group-A58B6DB2432C not found.
	at org.apache.ratis.server.impl.RaftServerProxy$ImplMap.get(RaftServerProxy.java:122)
	at org.apache.ratis.server.impl.RaftServerProxy.getImplFuture(RaftServerProxy.java:269)
	at org.apache.ratis.server.impl.RaftServerProxy.getImpl(RaftServerProxy.java:278)
	at org.apache.ratis.server.impl.RaftServerProxy.getImpl(RaftServerProxy.java:273)
	at org.apache.ratis.server.impl.RaftServerProxy.requestVote(RaftServerProxy.java:443)
	at org.apache.ratis.grpc.server.GrpcServerProtocolService.requestVote(GrpcServerProtocolService.java:142)
	at org.apache.ratis.proto.grpc.RaftServerProtocolServiceGrpc$MethodHandlers.invoke(RaftServerProtocolServiceGrpc.java:319)
	at org.apache.ratis.thirdparty.io.grpc.stub.ServerCalls$UnaryServerCallHandler$UnaryServerCallListener.onHalfClose(ServerCalls.java:171)
	at org.apache.ratis.thirdparty.io.grpc.internal.ServerCallImpl$ServerStreamListenerImpl.halfClosed(ServerCallImpl.java:283)
	at org.apache.ratis.thirdparty.io.grpc.internal.ServerImpl$JumpToApplicationThreadServerStreamListener$1HalfClosed.runInContext(ServerImpl.java:710)
	at org.apache.ratis.thirdparty.io.grpc.internal.ContextRunnable.run(ContextRunnable.java:37)
	at org.apache.ratis.thirdparty.io.grpc.internal.SerializingExecutor.run(SerializingExecutor.java:123)
	at java.util.concurrent.ThreadPoolExecutor.runWorker(ThreadPoolExecutor.java:1149)
	at java.util.concurrent.ThreadPoolExecutor$Worker.run(ThreadPoolExecutor.java:624)
	at java.lang.Thread.run(Thread.java:748)
2019-09-24 21:20:32,809 [f3cc68b9-8250-46bd-9f8b-0b9d65688440@group-A58B6DB2432C:LeaderElection89] INFO  impl.LeaderElection (LogUtils.java:infoOrTrace(149)) - f3cc68b9-8250-46bd-9f8b-0b9d65688440@group-A58B6DB2432C:LeaderElection89 got exception when requesting votes: {}
java.util.concurrent.ExecutionException: org.apache.ratis.thirdparty.io.grpc.StatusRuntimeException: INTERNAL: c1e0fc5a-7ae4-45d0-a105-709cc60ce072: group-A58B6DB2432C not found.
	at java.util.concurrent.FutureTask.report(FutureTask.java:122)
	at java.util.concurrent.FutureTask.get(FutureTask.java:192)
	at org.apache.ratis.server.impl.LeaderElection.waitForResults(LeaderElection.java:263)
	at org.apache.ratis.server.impl.LeaderElection.askForVotes(LeaderElection.java:201)
	at org.apache.ratis.server.impl.LeaderElection.run(LeaderElection.java:133)
	at java.lang.Thread.run(Thread.java:748)
Caused by: org.apache.ratis.thirdparty.io.grpc.StatusRuntimeException: INTERNAL: c1e0fc5a-7ae4-45d0-a105-709cc60ce072: group-A58B6DB2432C not found.
	at org.apache.ratis.thirdparty.io.grpc.stub.ClientCalls.toStatusRuntimeException(ClientCalls.java:233)
	at org.apache.ratis.thirdparty.io.grpc.stub.ClientCalls.getUnchecked(ClientCalls.java:214)
	at org.apache.ratis.thirdparty.io.grpc.stub.ClientCalls.blockingUnaryCall(ClientCalls.java:139)
	at org.apache.ratis.proto.grpc.RaftServerProtocolServiceGrpc$RaftServerProtocolServiceBlockingStub.requestVote(RaftServerProtocolServiceGrpc.java:265)
	at org.apache.ratis.grpc.server.GrpcServerProtocolClient.requestVote(GrpcServerProtocolClient.java:90)
	at org.apache.ratis.grpc.server.GrpcService.requestVote(GrpcService.java:204)
	at org.apache.ratis.server.impl.LeaderElection.lambda$submitRequests$1(LeaderElection.java:238)
	at java.util.concurrent.FutureTask.run(FutureTask.java:266)
	at java.util.concurrent.Executors$RunnableAdapter.call(Executors.java:511)
	at java.util.concurrent.FutureTask.run(FutureTask.java:266)
	at java.util.concurrent.ThreadPoolExecutor.runWorker(ThreadPoolExecutor.java:1149)
	at java.util.concurrent.ThreadPoolExecutor$Worker.run(ThreadPoolExecutor.java:624)
	... 1 more
2019-09-24 21:20:32,813 [f3cc68b9-8250-46bd-9f8b-0b9d65688440@group-A58B6DB2432C:LeaderElection89] INFO  impl.LeaderElection (LogUtils.java:infoOrTrace(149)) - f3cc68b9-8250-46bd-9f8b-0b9d65688440@group-A58B6DB2432C:LeaderElection89 got exception when requesting votes: {}
java.util.concurrent.ExecutionException: org.apache.ratis.thirdparty.io.grpc.StatusRuntimeException: INTERNAL: 66ab88db-d69f-4f96-9860-b898e5399db4: group-A58B6DB2432C not found.
	at java.util.concurrent.FutureTask.report(FutureTask.java:122)
	at java.util.concurrent.FutureTask.get(FutureTask.java:192)
	at org.apache.ratis.server.impl.LeaderElection.waitForResults(LeaderElection.java:263)
	at org.apache.ratis.server.impl.LeaderElection.askForVotes(LeaderElection.java:201)
	at org.apache.ratis.server.impl.LeaderElection.run(LeaderElection.java:133)
	at java.lang.Thread.run(Thread.java:748)
Caused by: org.apache.ratis.thirdparty.io.grpc.StatusRuntimeException: INTERNAL: 66ab88db-d69f-4f96-9860-b898e5399db4: group-A58B6DB2432C not found.
	at org.apache.ratis.thirdparty.io.grpc.stub.ClientCalls.toStatusRuntimeException(ClientCalls.java:233)
	at org.apache.ratis.thirdparty.io.grpc.stub.ClientCalls.getUnchecked(ClientCalls.java:214)
	at org.apache.ratis.thirdparty.io.grpc.stub.ClientCalls.blockingUnaryCall(ClientCalls.java:139)
	at org.apache.ratis.proto.grpc.RaftServerProtocolServiceGrpc$RaftServerProtocolServiceBlockingStub.requestVote(RaftServerProtocolServiceGrpc.java:265)
	at org.apache.ratis.grpc.server.GrpcServerProtocolClient.requestVote(GrpcServerProtocolClient.java:90)
	at org.apache.ratis.grpc.server.GrpcService.requestVote(GrpcService.java:204)
	at org.apache.ratis.server.impl.LeaderElection.lambda$submitRequests$1(LeaderElection.java:238)
	at java.util.concurrent.FutureTask.run(FutureTask.java:266)
	at java.util.concurrent.Executors$RunnableAdapter.call(Executors.java:511)
	at java.util.concurrent.FutureTask.run(FutureTask.java:266)
	at java.util.concurrent.ThreadPoolExecutor.runWorker(ThreadPoolExecutor.java:1149)
	at java.util.concurrent.ThreadPoolExecutor$Worker.run(ThreadPoolExecutor.java:624)
	... 1 more
2019-09-24 21:20:32,816 [f3cc68b9-8250-46bd-9f8b-0b9d65688440@group-A58B6DB2432C:LeaderElection89] INFO  impl.LeaderElection (LeaderElection.java:logAndReturn(56)) - f3cc68b9-8250-46bd-9f8b-0b9d65688440@group-A58B6DB2432C:LeaderElection89: Election REJECTED; received 0 response(s) [] and 2 exception(s); f3cc68b9-8250-46bd-9f8b-0b9d65688440@group-A58B6DB2432C:t6, leader=null, voted=f3cc68b9-8250-46bd-9f8b-0b9d65688440, raftlog=f3cc68b9-8250-46bd-9f8b-0b9d65688440@group-A58B6DB2432C-SegmentedRaftLog:OPENED:c0,f0,i0, conf=0: [f3cc68b9-8250-46bd-9f8b-0b9d65688440:192.168.36.84:35502, c1e0fc5a-7ae4-45d0-a105-709cc60ce072:192.168.36.84:33769, 66ab88db-d69f-4f96-9860-b898e5399db4:192.168.36.84:42907], old=null
2019-09-24 21:20:32,816 [f3cc68b9-8250-46bd-9f8b-0b9d65688440@group-A58B6DB2432C:LeaderElection89] INFO  impl.LeaderElection (LogUtils.java:infoOrTrace(149)) -   Exception 0: {}
java.util.concurrent.ExecutionException: org.apache.ratis.thirdparty.io.grpc.StatusRuntimeException: INTERNAL: c1e0fc5a-7ae4-45d0-a105-709cc60ce072: group-A58B6DB2432C not found.
	at java.util.concurrent.FutureTask.report(FutureTask.java:122)
	at java.util.concurrent.FutureTask.get(FutureTask.java:192)
	at org.apache.ratis.server.impl.LeaderElection.waitForResults(LeaderElection.java:263)
	at org.apache.ratis.server.impl.LeaderElection.askForVotes(LeaderElection.java:201)
	at org.apache.ratis.server.impl.LeaderElection.run(LeaderElection.java:133)
	at java.lang.Thread.run(Thread.java:748)
Caused by: org.apache.ratis.thirdparty.io.grpc.StatusRuntimeException: INTERNAL: c1e0fc5a-7ae4-45d0-a105-709cc60ce072: group-A58B6DB2432C not found.
	at org.apache.ratis.thirdparty.io.grpc.stub.ClientCalls.toStatusRuntimeException(ClientCalls.java:233)
	at org.apache.ratis.thirdparty.io.grpc.stub.ClientCalls.getUnchecked(ClientCalls.java:214)
	at org.apache.ratis.thirdparty.io.grpc.stub.ClientCalls.blockingUnaryCall(ClientCalls.java:139)
	at org.apache.ratis.proto.grpc.RaftServerProtocolServiceGrpc$RaftServerProtocolServiceBlockingStub.requestVote(RaftServerProtocolServiceGrpc.java:265)
	at org.apache.ratis.grpc.server.GrpcServerProtocolClient.requestVote(GrpcServerProtocolClient.java:90)
	at org.apache.ratis.grpc.server.GrpcService.requestVote(GrpcService.java:204)
	at org.apache.ratis.server.impl.LeaderElection.lambda$submitRequests$1(LeaderElection.java:238)
	at java.util.concurrent.FutureTask.run(FutureTask.java:266)
	at java.util.concurrent.Executors$RunnableAdapter.call(Executors.java:511)
	at java.util.concurrent.FutureTask.run(FutureTask.java:266)
	at java.util.concurrent.ThreadPoolExecutor.runWorker(ThreadPoolExecutor.java:1149)
	at java.util.concurrent.ThreadPoolExecutor$Worker.run(ThreadPoolExecutor.java:624)
	... 1 more
2019-09-24 21:20:32,816 [f3cc68b9-8250-46bd-9f8b-0b9d65688440@group-A58B6DB2432C:LeaderElection89] INFO  impl.LeaderElection (LogUtils.java:infoOrTrace(149)) -   Exception 1: {}
java.util.concurrent.ExecutionException: org.apache.ratis.thirdparty.io.grpc.StatusRuntimeException: INTERNAL: 66ab88db-d69f-4f96-9860-b898e5399db4: group-A58B6DB2432C not found.
	at java.util.concurrent.FutureTask.report(FutureTask.java:122)
	at java.util.concurrent.FutureTask.get(FutureTask.java:192)
	at org.apache.ratis.server.impl.LeaderElection.waitForResults(LeaderElection.java:263)
	at org.apache.ratis.server.impl.LeaderElection.askForVotes(LeaderElection.java:201)
	at org.apache.ratis.server.impl.LeaderElection.run(LeaderElection.java:133)
	at java.lang.Thread.run(Thread.java:748)
Caused by: org.apache.ratis.thirdparty.io.grpc.StatusRuntimeException: INTERNAL: 66ab88db-d69f-4f96-9860-b898e5399db4: group-A58B6DB2432C not found.
	at org.apache.ratis.thirdparty.io.grpc.stub.ClientCalls.toStatusRuntimeException(ClientCalls.java:233)
	at org.apache.ratis.thirdparty.io.grpc.stub.ClientCalls.getUnchecked(ClientCalls.java:214)
	at org.apache.ratis.thirdparty.io.grpc.stub.ClientCalls.blockingUnaryCall(ClientCalls.java:139)
	at org.apache.ratis.proto.grpc.RaftServerProtocolServiceGrpc$RaftServerProtocolServiceBlockingStub.requestVote(RaftServerProtocolServiceGrpc.java:265)
	at org.apache.ratis.grpc.server.GrpcServerProtocolClient.requestVote(GrpcServerProtocolClient.java:90)
	at org.apache.ratis.grpc.server.GrpcService.requestVote(GrpcService.java:204)
	at org.apache.ratis.server.impl.LeaderElection.lambda$submitRequests$1(LeaderElection.java:238)
	at java.util.concurrent.FutureTask.run(FutureTask.java:266)
	at java.util.concurrent.Executors$RunnableAdapter.call(Executors.java:511)
	at java.util.concurrent.FutureTask.run(FutureTask.java:266)
	at java.util.concurrent.ThreadPoolExecutor.runWorker(ThreadPoolExecutor.java:1149)
	at java.util.concurrent.ThreadPoolExecutor$Worker.run(ThreadPoolExecutor.java:624)
	... 1 more
2019-09-24 21:20:32,817 [f3cc68b9-8250-46bd-9f8b-0b9d65688440@group-A58B6DB2432C:LeaderElection89] INFO  impl.RaftServerImpl (RaftServerImpl.java:setRole(174)) - f3cc68b9-8250-46bd-9f8b-0b9d65688440@group-A58B6DB2432C: changes role from CANDIDATE to FOLLOWER at term 6 for DISCOVERED_A_NEW_TERM
2019-09-24 21:20:32,817 [f3cc68b9-8250-46bd-9f8b-0b9d65688440@group-A58B6DB2432C:LeaderElection89] INFO  impl.RoleInfo (RoleInfo.java:shutdownLeaderElection(134)) - f3cc68b9-8250-46bd-9f8b-0b9d65688440: shutdown LeaderElection
2019-09-24 21:20:32,818 [f3cc68b9-8250-46bd-9f8b-0b9d65688440@group-A58B6DB2432C:LeaderElection89] INFO  impl.RoleInfo (RoleInfo.java:updateAndGet(143)) - f3cc68b9-8250-46bd-9f8b-0b9d65688440: start FollowerState
2019-09-24 21:20:35,062 [java.util.concurrent.ThreadPoolExecutor$Worker@5df1f1dd[State = -1, empty queue]] WARN  server.GrpcLogAppender (GrpcLogAppender.java:timeoutAppendRequest(200)) - f3cc68b9-8250-46bd-9f8b-0b9d65688440@group-E596A2B7CC13->c1e0fc5a-7ae4-45d0-a105-709cc60ce072-GrpcLogAppender: appendEntries Timeout, request=f3cc68b9-8250-46bd-9f8b-0b9d65688440->c1e0fc5a-7ae4-45d0-a105-709cc60ce072#7-t6, previous=(t:6, i:0), leaderCommit=0, initializing? false, entries: <empty>
2019-09-24 21:20:35,062 [java.util.concurrent.ThreadPoolExecutor$Worker@1421ea9b[State = -1, empty queue]] WARN  server.GrpcLogAppender (GrpcLogAppender.java:timeoutAppendRequest(200)) - f3cc68b9-8250-46bd-9f8b-0b9d65688440@group-307796CD6AEA->c1e0fc5a-7ae4-45d0-a105-709cc60ce072-GrpcLogAppender: appendEntries Timeout, request=f3cc68b9-8250-46bd-9f8b-0b9d65688440->c1e0fc5a-7ae4-45d0-a105-709cc60ce072#7-t4, previous=(t:4, i:0), leaderCommit=0, initializing? false, entries: <empty>
2019-09-24 21:20:35,074 [java.util.concurrent.ThreadPoolExecutor$Worker@64ef77ba[State = -1, empty queue]] WARN  server.GrpcLogAppender (GrpcLogAppender.java:timeoutAppendRequest(200)) - f3cc68b9-8250-46bd-9f8b-0b9d65688440@group-E596A2B7CC13->66ab88db-d69f-4f96-9860-b898e5399db4-GrpcLogAppender: appendEntries Timeout, request=f3cc68b9-8250-46bd-9f8b-0b9d65688440->66ab88db-d69f-4f96-9860-b898e5399db4#7-t6, previous=(t:6, i:0), leaderCommit=0, initializing? false, entries: <empty>
2019-09-24 21:20:35,074 [java.util.concurrent.ThreadPoolExecutor$Worker@375a237e[State = -1, empty queue]] WARN  server.GrpcLogAppender (GrpcLogAppender.java:timeoutAppendRequest(200)) - f3cc68b9-8250-46bd-9f8b-0b9d65688440@group-307796CD6AEA->66ab88db-d69f-4f96-9860-b898e5399db4-GrpcLogAppender: appendEntries Timeout, request=f3cc68b9-8250-46bd-9f8b-0b9d65688440->66ab88db-d69f-4f96-9860-b898e5399db4#7-t4, previous=(t:4, i:0), leaderCommit=0, initializing? false, entries: <empty>
21:20:35.131 [IPC Server handler 8 on 42447] ERROR OMAudit - user=jenkins1000 | ip=127.0.0.1 | op=GET_FILE_STATUS {volume=volume49630, bucket=bucket00418, key=test/testCreatedFileIsVisibleOnFlush, dataSize=0, replicationType=null, replicationFactor=null, keyLocationInfo=null} | ret=FAILURE
org.apache.hadoop.ozone.om.exceptions.OMException: Unable to get file status: volume: volume49630 bucket: bucket00418 key: test/testCreatedFileIsVisibleOnFlush
	at org.apache.hadoop.ozone.om.KeyManagerImpl.getFileStatus(KeyManagerImpl.java:1777) ~[hadoop-ozone-ozone-manager-0.5.0-SNAPSHOT.jar:?]
	at org.apache.hadoop.ozone.om.OzoneManager.getFileStatus(OzoneManager.java:2892) [hadoop-ozone-ozone-manager-0.5.0-SNAPSHOT.jar:?]
	at org.apache.hadoop.ozone.protocolPB.OzoneManagerRequestHandler.getOzoneFileStatus(OzoneManagerRequestHandler.java:1051) [hadoop-ozone-ozone-manager-0.5.0-SNAPSHOT.jar:?]
	at org.apache.hadoop.ozone.protocolPB.OzoneManagerRequestHandler.handle(OzoneManagerRequestHandler.java:338) [hadoop-ozone-ozone-manager-0.5.0-SNAPSHOT.jar:?]
	at org.apache.hadoop.ozone.protocolPB.OzoneManagerProtocolServerSideTranslatorPB.submitRequestDirectlyToOM(OzoneManagerProtocolServerSideTranslatorPB.java:233) [hadoop-ozone-ozone-manager-0.5.0-SNAPSHOT.jar:?]
	at org.apache.hadoop.ozone.protocolPB.OzoneManagerProtocolServerSideTranslatorPB.processRequest(OzoneManagerProtocolServerSideTranslatorPB.java:157) [hadoop-ozone-ozone-manager-0.5.0-SNAPSHOT.jar:?]
	at org.apache.hadoop.ozone.protocolPB.OzoneManagerProtocolServerSideTranslatorPB.submitRequest(OzoneManagerProtocolServerSideTranslatorPB.java:111) [hadoop-ozone-ozone-manager-0.5.0-SNAPSHOT.jar:?]
	at org.apache.hadoop.ozone.protocol.proto.OzoneManagerProtocolProtos$OzoneManagerService$2.callBlockingMethod(OzoneManagerProtocolProtos.java) [hadoop-ozone-common-0.5.0-SNAPSHOT.jar:?]
	at org.apache.hadoop.ipc.ProtobufRpcEngine$Server$ProtoBufRpcInvoker.call(ProtobufRpcEngine.java:524) [hadoop-common-3.2.0.jar:?]
	at org.apache.hadoop.ipc.RPC$Server.call(RPC.java:1025) [hadoop-common-3.2.0.jar:?]
	at org.apache.hadoop.ipc.Server$RpcCall.run(Server.java:876) [hadoop-common-3.2.0.jar:?]
	at org.apache.hadoop.ipc.Server$RpcCall.run(Server.java:822) [hadoop-common-3.2.0.jar:?]
	at java.security.AccessController.doPrivileged(Native Method) [?:1.8.0_212]
	at javax.security.auth.Subject.doAs(Subject.java:422) [?:1.8.0_212]
	at org.apache.hadoop.security.UserGroupInformation.doAs(UserGroupInformation.java:1730) [hadoop-common-3.2.0.jar:?]
	at org.apache.hadoop.ipc.Server$Handler.run(Server.java:2682) [hadoop-common-3.2.0.jar:?]
2019-09-24 21:20:35,151 [Thread-312] INFO  contract.ContractTestUtils (ContractTestUtils.java:skip(521)) - Skipping: For object store or some file systems, newly created files are not immediately visible
]]></system-out>
    <system-err><![CDATA[Sep 24, 2019 9:20:28 PM org.apache.ratis.thirdparty.io.grpc.internal.SerializingExecutor run
SEVERE: Exception while executing runnable org.apache.ratis.thirdparty.io.grpc.internal.ServerImpl$JumpToApplicationThreadServerStreamListener$1Closed@6474fbd9
org.apache.ratis.thirdparty.io.grpc.StatusRuntimeException: CANCELLED: call already cancelled
	at org.apache.ratis.thirdparty.io.grpc.Status.asRuntimeException(Status.java:517)
	at org.apache.ratis.thirdparty.io.grpc.stub.ServerCalls$ServerCallStreamObserverImpl.onCompleted(ServerCalls.java:356)
	at org.apache.ratis.grpc.server.GrpcServerProtocolService$ServerRequestStreamObserver.onError(GrpcServerProtocolService.java:121)
	at org.apache.ratis.thirdparty.io.grpc.stub.ServerCalls$StreamingServerCallHandler$StreamingServerCallListener.onCancel(ServerCalls.java:269)
	at org.apache.ratis.thirdparty.io.grpc.internal.ServerCallImpl$ServerStreamListenerImpl.closed(ServerCallImpl.java:293)
	at org.apache.ratis.thirdparty.io.grpc.internal.ServerImpl$JumpToApplicationThreadServerStreamListener$1Closed.runInContext(ServerImpl.java:741)
	at org.apache.ratis.thirdparty.io.grpc.internal.ContextRunnable.run(ContextRunnable.java:37)
	at org.apache.ratis.thirdparty.io.grpc.internal.SerializingExecutor.run(SerializingExecutor.java:123)
	at java.util.concurrent.ThreadPoolExecutor.runWorker(ThreadPoolExecutor.java:1149)
	at java.util.concurrent.ThreadPoolExecutor$Worker.run(ThreadPoolExecutor.java:624)
	at java.lang.Thread.run(Thread.java:748)

Sep 24, 2019 9:20:28 PM org.apache.ratis.thirdparty.io.grpc.internal.SerializingExecutor run
SEVERE: Exception while executing runnable org.apache.ratis.thirdparty.io.grpc.internal.ServerImpl$JumpToApplicationThreadServerStreamListener$1Closed@66b0b4fe
org.apache.ratis.thirdparty.io.grpc.StatusRuntimeException: CANCELLED: call already cancelled
	at org.apache.ratis.thirdparty.io.grpc.Status.asRuntimeException(Status.java:517)
	at org.apache.ratis.thirdparty.io.grpc.stub.ServerCalls$ServerCallStreamObserverImpl.onCompleted(ServerCalls.java:356)
	at org.apache.ratis.grpc.server.GrpcServerProtocolService$ServerRequestStreamObserver.onError(GrpcServerProtocolService.java:121)
	at org.apache.ratis.thirdparty.io.grpc.stub.ServerCalls$StreamingServerCallHandler$StreamingServerCallListener.onCancel(ServerCalls.java:269)
	at org.apache.ratis.thirdparty.io.grpc.internal.ServerCallImpl$ServerStreamListenerImpl.closed(ServerCallImpl.java:293)
	at org.apache.ratis.thirdparty.io.grpc.internal.ServerImpl$JumpToApplicationThreadServerStreamListener$1Closed.runInContext(ServerImpl.java:741)
	at org.apache.ratis.thirdparty.io.grpc.internal.ContextRunnable.run(ContextRunnable.java:37)
	at org.apache.ratis.thirdparty.io.grpc.internal.SerializingExecutor.run(SerializingExecutor.java:123)
	at java.util.concurrent.ThreadPoolExecutor.runWorker(ThreadPoolExecutor.java:1149)
	at java.util.concurrent.ThreadPoolExecutor$Worker.run(ThreadPoolExecutor.java:624)
	at java.lang.Thread.run(Thread.java:748)

Sep 24, 2019 9:20:28 PM org.apache.ratis.thirdparty.io.grpc.internal.SerializingExecutor run
SEVERE: Exception while executing runnable org.apache.ratis.thirdparty.io.grpc.internal.ServerImpl$JumpToApplicationThreadServerStreamListener$1Closed@5713b04b
org.apache.ratis.thirdparty.io.grpc.StatusRuntimeException: CANCELLED: call already cancelled
	at org.apache.ratis.thirdparty.io.grpc.Status.asRuntimeException(Status.java:517)
	at org.apache.ratis.thirdparty.io.grpc.stub.ServerCalls$ServerCallStreamObserverImpl.onCompleted(ServerCalls.java:356)
	at org.apache.ratis.grpc.server.GrpcServerProtocolService$ServerRequestStreamObserver.onError(GrpcServerProtocolService.java:121)
	at org.apache.ratis.thirdparty.io.grpc.stub.ServerCalls$StreamingServerCallHandler$StreamingServerCallListener.onCancel(ServerCalls.java:269)
	at org.apache.ratis.thirdparty.io.grpc.internal.ServerCallImpl$ServerStreamListenerImpl.closed(ServerCallImpl.java:293)
	at org.apache.ratis.thirdparty.io.grpc.internal.ServerImpl$JumpToApplicationThreadServerStreamListener$1Closed.runInContext(ServerImpl.java:741)
	at org.apache.ratis.thirdparty.io.grpc.internal.ContextRunnable.run(ContextRunnable.java:37)
	at org.apache.ratis.thirdparty.io.grpc.internal.SerializingExecutor.run(SerializingExecutor.java:123)
	at java.util.concurrent.ThreadPoolExecutor.runWorker(ThreadPoolExecutor.java:1149)
	at java.util.concurrent.ThreadPoolExecutor$Worker.run(ThreadPoolExecutor.java:624)
	at java.lang.Thread.run(Thread.java:748)

Sep 24, 2019 9:20:28 PM org.apache.ratis.thirdparty.io.grpc.internal.SerializingExecutor run
SEVERE: Exception while executing runnable org.apache.ratis.thirdparty.io.grpc.internal.ServerImpl$JumpToApplicationThreadServerStreamListener$1Closed@238a237d
org.apache.ratis.thirdparty.io.grpc.StatusRuntimeException: CANCELLED: call already cancelled
	at org.apache.ratis.thirdparty.io.grpc.Status.asRuntimeException(Status.java:517)
	at org.apache.ratis.thirdparty.io.grpc.stub.ServerCalls$ServerCallStreamObserverImpl.onCompleted(ServerCalls.java:356)
	at org.apache.ratis.grpc.server.GrpcServerProtocolService$ServerRequestStreamObserver.onError(GrpcServerProtocolService.java:121)
	at org.apache.ratis.thirdparty.io.grpc.stub.ServerCalls$StreamingServerCallHandler$StreamingServerCallListener.onCancel(ServerCalls.java:269)
	at org.apache.ratis.thirdparty.io.grpc.internal.ServerCallImpl$ServerStreamListenerImpl.closed(ServerCallImpl.java:293)
	at org.apache.ratis.thirdparty.io.grpc.internal.ServerImpl$JumpToApplicationThreadServerStreamListener$1Closed.runInContext(ServerImpl.java:741)
	at org.apache.ratis.thirdparty.io.grpc.internal.ContextRunnable.run(ContextRunnable.java:37)
	at org.apache.ratis.thirdparty.io.grpc.internal.SerializingExecutor.run(SerializingExecutor.java:123)
	at java.util.concurrent.ThreadPoolExecutor.runWorker(ThreadPoolExecutor.java:1149)
	at java.util.concurrent.ThreadPoolExecutor$Worker.run(ThreadPoolExecutor.java:624)
	at java.lang.Thread.run(Thread.java:748)

]]></system-err>
  </testcase>
  <testcase name="testOverwriteEmptyDirectory" classname="org.apache.hadoop.fs.ozone.contract.ITestOzoneContractCreate" time="0.182"/>
  <testcase name="testCreateFileOverExistingFileNoOverwrite" classname="org.apache.hadoop.fs.ozone.contract.ITestOzoneContractCreate" time="21.279"/>
  <testcase name="testFileStatusBlocksizeNonEmptyFile" classname="org.apache.hadoop.fs.ozone.contract.ITestOzoneContractCreate" time="22.854"/>
  <testcase name="testCreatedFileIsEventuallyVisible" classname="org.apache.hadoop.fs.ozone.contract.ITestOzoneContractCreate" time="0.206"/>
  <testcase name="testOverwriteExistingFile" classname="org.apache.hadoop.fs.ozone.contract.ITestOzoneContractCreate" time="0.645"/>
  <testcase name="testCreateNewFile" classname="org.apache.hadoop.fs.ozone.contract.ITestOzoneContractCreate" time="0.344"/>
</testsuite>